TRXV5
3
4
4
9
string Extension=J
integer IsArchMeasurement=1
integer IsSpherical=1
string Generator=SPM
string GeneratorVersion=1.3.1 Dev
double ArchRadius=0.449999988079071
integer FrequencyAxisIndex=0
integer AzimuthAxisIndex=1
integer ElevationAxisIndex=2
Frequency
5 136 690000000 960000000 LIN
Azimuth
7 8 0 2.74889357189107 LIN
Elevation
7 15 -2.74889357189107 2.74889357189107 LIN
Polar H Real Part
13
Polar H Imaginary Part
14
Polar V Real Part
13
Polar V Imaginary Part
14
Polar H Magnitude (dB)
12 0xC0000002 0 1
Polar H Phase
7 0xC0000003 0 1
Polar V Magnitude (dB)
12 0xC0000002 2 3
Polar V Phase
7 0xC0000003 2 3
-0.00687789916992188 -0.00127458572387695 -0.0202445983886719 -0.0438308715820313
-0.007904052734375 -0.00184440612792969 -0.00928115844726562 -0.0173377990722656
-0.0101356506347656 0.00448894500732422 0.00909328460693359 0.00272369384765625
-0.00432682037353516 0.0102739334106445 0.0290622711181641 -0.00299453735351562
0.0020747184753418 0.00779485702514648 0.0326957702636719 -0.0160980224609375
0.00332069396972656 0.00539207458496094 0.0294017791748047 -0.0301704406738281
0.00342988967895508 0.000920534133911133 0.0198974609375 -0.0362701416015625
0.00163781642913818 0.00113976001739502 0.0106639862060547 -0.0323104858398438
0.00093621015548706 0.000801742076873779 0.00584030151367188 -0.024932861328125
0.00220012664794922 0.00138044357299805 0.00215530395507813 -0.0195140838623047
0.000714778900146484 0.00320553779602051 -0.00787925720214844 -0.0180912017822266
-0.00464200973510742 0.00373220443725586 -0.0105056762695312 -0.0193061828613281
-0.00870275497436523 -0.00380229949951172 -0.0108776092529297 -0.0228958129882813
-0.00299358367919922 -0.00913143157958984 -0.0219497680664063 -0.0230617523193359
-0.00385904312133789 -0.00775432586669922 -0.0238056182861328 -0.0177803039550781
0.00279903411865234 0.0123977661132813 -0.0175285339355469 -0.0417671203613281
0.00302886962890625 0.00847148895263672 -0.00563716888427734 -0.014622688293457
0.00115394592285156 0.01043701171875 0.0115194320678711 0.000937461853027344
0.00747013092041016 0.0123834609985352 0.029449462890625 -0.00553131103515625
0.012542724609375 0.00644111633300781 0.0313777923583984 -0.0175361633300781
0.0131349563598633 -0.00216007232666016 0.0268287658691406 -0.0305290222167969
0.0112180709838867 -0.00903606414794922 0.0167007446289062 -0.0345497131347656
0.00941371917724609 -0.00787830352783203 0.00774574279785156 -0.0296173095703125
0.0101404190063477 -0.00945377349853516 0.00274658203125 -0.0227069854736328
0.0139970779418945 -0.00716018676757813 -0.000810623168945312 -0.0189113616943359
0.0147933959960937 -0.000123977661132812 -0.0108718872070312 -0.0184879302978516
0.0106258392333984 0.00500392913818359 -0.0118503570556641 -0.0212993621826172
0.00476551055908203 0.00547218322753906 -0.010833740234375 -0.0254287719726563
0.00801515579223633 0.0039515495300293 -0.0189876556396484 -0.0238590240478516
0.00621366500854492 0.00644540786743164 -0.0214405059814453 -0.0162277221679687
0.0120792388916016 0.0253219604492188 -0.0121536254882812 -0.0355072021484375
0.0150203704833984 0.0194911956787109 -0.000362396240234375 -0.00921058654785156
0.0133819580078125 0.0150136947631836 0.0145368576049805 0.00184345245361328
0.0191574096679688 0.0129051208496094 0.0295009613037109 -0.00571823120117188
0.0224647521972656 0.00296211242675781 0.0288505554199219 -0.0168190002441406
0.0224037170410156 -0.00976753234863281 0.0230827331542969 -0.0289382934570313
0.0176200866699219 -0.0180015563964844 0.0124435424804688 -0.0291099548339844
0.0158348083496094 -0.015899658203125 0.00290489196777344 -0.0226783752441406
0.0173664093017578 -0.0183753967285156 -0.00172042846679688 -0.0157041549682617
0.0233707427978516 -0.0146160125732422 -0.00612163543701172 -0.0140542984008789
0.0263862609863281 -0.00351905822753906 -0.0159397125244141 -0.0154590606689453
0.0244102478027344 0.00520515441894531 -0.0149478912353516 -0.0208683013916016
0.0170679092407227 0.0124998092651367 -0.0113849639892578 -0.0264644622802734
0.0179519653320313 0.01605224609375 -0.0144901275634766 -0.0209140777587891
0.0149822235107422 0.0189247131347656 -0.0162944793701172 -0.0101175308227539
0.0193233489990234 0.0338630676269531 -0.00384140014648437 -0.0259170532226563
0.0254573822021484 0.0273361206054688 0.00684261322021485 -0.00160074234008789
0.0247077941894531 0.0180778503417969 0.0172033309936523 0.00428867340087891
0.0295238494873047 0.0113639831542969 0.0287284851074219 -0.0035858154296875
0.0301036834716797 -0.0008392333984375 0.0256748199462891 -0.0133628845214844
0.0281162261962891 -0.0169582366943359 0.0179519653320313 -0.02374267578125
0.0205478668212891 -0.0247039794921875 0.00699996948242187 -0.0198040008544922
0.0193920135498047 -0.0215530395507812 -0.00207996368408203 -0.0126247406005859
0.0215950012207031 -0.0246829986572266 -0.00733900070190429 -0.005706787109375
0.0284023284912109 -0.0205707550048828 -0.0127191543579102 -0.00635242462158203
0.0329456329345703 -0.00676918029785156 -0.0223522186279297 -0.00953292846679688
0.0335750579833984 0.00380134582519531 -0.0187835693359375 -0.0175971984863281
0.02642822265625 0.0169811248779297 -0.0121994018554687 -0.0250415802001953
0.0252017974853516 0.0248165130615234 -0.00832271575927734 -0.0152454376220703
0.0206718444824219 0.028594970703125 -0.00875473022460937 -0.000126361846923826
0.02227783203125 0.0389518737792969 0.00539875030517578 -0.0150547027587891
0.0317287445068359 0.0331363677978516 0.0132465362548828 0.00626277923583985
0.0326786041259766 0.0197010040283203 0.0182514190673828 0.00774383544921875
0.0365676879882813 0.00963211059570312 0.0255203247070313 0.000740051269531251
0.0344715118408203 -0.00482368469238281 0.0208988189697266 -0.007232666015625
0.0300407409667969 -0.0215816497802734 0.0123453140258789 -0.0149545669555664
0.0205020904541016 -0.0277652740478516 0.00122737884521485 -0.0080251693725586
0.0199050903320313 -0.0238666534423828 -0.00693559646606445 -0.000283718109130861
0.0219459533691406 -0.0268878936767578 -0.0125875473022461 0.00566291809082031
0.0286827087402344 -0.0225372314453125 -0.0192222595214844 0.00271415710449219
0.0344371795654297 -0.00853157043457031 -0.0270233154296875 -0.00166702270507812
0.0360794067382813 0.002105712890625 -0.0215969085693359 -0.0129470825195313
0.0308876037597656 0.0187358856201172 -0.0124053955078125 -0.0212306976318359
0.0289497375488281 0.0295219421386719 -0.00166940689086914 -0.00713109970092773
0.0228233337402344 0.0341472625732422 -0.000967025756835936 0.0126476287841797
0.0213699340820313 0.0388221740722656 0.0136804580688477 -0.00329303741455078
0.0326499938964844 0.0341053009033203 0.01898193359375 0.0134735107421875
0.0343494415283203 0.0198211669921875 0.0178585052490234 0.0110702514648438
0.0370521545410156 0.00706100463867188 0.0202846527099609 0.00574684143066406
0.0334014892578125 -0.00720024108886719 0.0141963958740234 -0.000476837158203125
0.0269908905029297 -0.0227756500244141 0.00543880462646485 -0.00473833084106445
0.0172863006591797 -0.0261116027832031 -0.00391864776611328 0.00478982925415039
0.0162506103515625 -0.0220985412597656 -0.0109386444091797 0.0123357772827148
0.0184612274169922 -0.0253276824951172 -0.0171117782592773 0.016932487487793
0.0241775512695313 -0.0219821929931641 -0.0247726440429688 0.0124111175537109
0.0303764343261719 -0.00928497314453125 -0.0304489135742187 0.00541114807128906
0.0336761474609375 0.000738143920898437 -0.0234546661376953 -0.00756263732910157
0.0304126739501953 0.0166606903076172 -0.0110025405883789 -0.015711784362793
0.0280284881591797 0.0290699005126953 0.0051722526550293 0.00257158279418945
0.0207061767578125 0.0347232818603516 0.00609588623046875 0.0262584686279297
0.0163040161132812 0.0319442749023438 0.0212574005126953 0.00672340393066406
0.0278205871582031 0.0298442840576172 0.023590087890625 0.0192832946777344
0.0293235778808594 0.0160541534423828 0.0165567398071289 0.0135049819946289
0.0305328369140625 0.00463104248046875 0.0141305923461914 0.010533332824707
0.0262851715087891 -0.00740814208984375 0.0081171989440918 0.00689077377319336
0.0196342468261719 -0.0197105407714844 0.00017070770263672 0.00575542449951172
0.0109462738037109 -0.0202789306640625 -0.00724029541015625 0.0161609649658203
0.0109624862670898 -0.0171594619750977 -0.013427734375 0.0223464965820312
0.0120868682861328 -0.0201129913330078 -0.0201053619384766 0.0260334014892578
0.0166015625 -0.0183048248291016 -0.0285224914550781 0.0193367004394531
0.0222740173339844 -0.00940132141113281 -0.0316238403320313 0.0108509063720703
0.0264225006103516 -0.00145149230957031 -0.0238227844238281 -0.00211334228515625
0.0257072448730469 0.0124454498291016 -0.0100498199462891 -0.00933074951171875
0.023651123046875 0.0243816375732422 0.00969123840332031 0.0108795166015625
0.0157012939453125 0.0298862457275391 0.0113258361816406 0.0382118225097656
0.00778388977050781 0.0203914642333984 0.0254421234130859 0.0133686065673828
0.0186958312988281 0.0206031799316406 0.0244483947753906 0.0227279663085937
0.0195388793945312 0.00949287414550781 0.0145845413208008 0.0162258148193359
0.0188617706298828 0.000875473022460938 0.00925254821777344 0.0150508880615234
0.0143098831176758 -0.00680923461914063 0.00424861907958984 0.012059211730957
0.00807285308837891 -0.0133199691772461 -0.00279903411865234 0.0138092041015625
0.00360584259033203 -0.0113239288330078 -0.00896835327148438 0.0240039825439453
0.00312137603759766 -0.00947380065917969 -0.0137844085693359 0.0290794372558594
0.0033407211303711 -0.0122575759887695 -0.0210094451904297 0.0316944122314453
0.0065155029296875 -0.0134572982788086 -0.0302066802978516 0.0244350433349609
0.0119733810424805 -0.00909328460693359 -0.0316791534423828 0.0148639678955078
0.0163230895996094 -0.00491714477539063 -0.0236988067626953 0.00204658508300781
0.0185565948486328 0.00622749328613281 -0.00927448272705078 -0.00408172607421875
0.016779899597168 0.01568603515625 0.0112733840942383 0.0174131393432617
0.00828933715820313 0.0203571319580078 0.01397705078125 0.0466766357421875
-0.0061192512512207 -0.000971317291259765 -0.0228538513183594 -0.0434722900390625
-0.00815296173095703 -0.00186061859130859 -0.010528564453125 -0.0170726776123047
-0.00948619842529297 0.00518226623535156 0.00988578796386719 0.00188064575195313
-0.00348281860351562 0.0103921890258789 0.0298442840576172 -0.00503349304199219
0.00249814987182617 0.00764846801757813 0.0323562622070313 -0.0188941955566406
0.0035099983215332 0.00496101379394531 0.0278511047363281 -0.0325832366943359
0.00394248962402344 0.000860214233398438 0.0173225402832031 -0.0380859375
0.00136899948120117 0.00105023384094238 0.00866127014160156 -0.0334224700927734
0.00098121166229248 0.00128185749053955 0.00416946411132813 -0.0264186859130859
0.0024104118347168 0.000852584838867188 0.00108909606933594 -0.0206432342529297
0.00092315673828125 0.00286030769348145 -0.00889968872070313 -0.0179729461669922
-0.00457048416137695 0.00404262542724609 -0.0117263793945312 -0.0192890167236328
-0.00864934921264648 -0.0036311149597168 -0.0120220184326172 -0.023284912109375
-0.00360298156738281 -0.00962448120117187 -0.0237407684326172 -0.0227947235107422
-0.00403451919555664 -0.00755548477172852 -0.0260028839111328 -0.0169639587402344
0.0046844482421875 0.0128335952758789 -0.0201416015625 -0.0413818359375
0.00422000885009766 0.00885868072509766 -0.00644493103027344 -0.0149040222167969
0.00211238861083984 0.0103845596313477 0.0115795135498047 6.19888305664069E-05
0.00860404968261719 0.011932373046875 0.0292510986328125 -0.00772476196289062
0.0133829116821289 0.00541782379150391 0.0307159423828125 -0.0195674896240234
0.0139646530151367 -0.0030975341796875 0.0254573822021484 -0.0331783294677734
0.0105371475219727 -0.0104207992553711 0.0146408081054688 -0.0367164611816406
0.00907325744628906 -0.00905609130859375 0.00570869445800781 -0.0306053161621094
0.00970077514648438 -0.0103931427001953 0.00114822387695313 -0.0239410400390625
0.013885498046875 -0.00830554962158203 -0.00206375122070313 -0.0198020935058594
0.0151891708374023 -0.00131893157958984 -0.0122356414794922 -0.0182418823242188
0.0116376876831055 0.00417232513427734 -0.0131092071533203 -0.0211849212646484
0.00530290603637695 0.00485801696777344 -0.0124931335449219 -0.0259208679199219
0.00836706161499024 0.00359153747558594 -0.0211086273193359 -0.0237617492675781
0.00712442398071289 0.0059661865234375 -0.0233078002929688 -0.0159530639648437
0.0144805908203125 0.0251598358154297 -0.0139598846435547 -0.0348949432373047
0.0167770385742188 0.0185070037841797 -0.000713348388671874 -0.0092630386352539
0.0145406723022461 0.0145940780639648 0.0147762298583984 0.00108528137207031
0.0203323364257813 0.0115032196044922 0.0294723510742188 -0.00756072998046875
0.0230121612548828 0.00191307067871094 0.02862548828125 -0.0191917419433594
0.0221786499023437 -0.0118789672851562 0.0215282440185547 -0.0307197570800781
0.0165634155273437 -0.0193729400634766 0.0103950500488281 -0.0303535461425781
0.0151796340942383 -0.0174465179443359 0.00168037414550782 -0.0231666564941406
0.0160923004150391 -0.0199604034423828 -0.00278663635253906 -0.0162296295166016
0.0229434967041016 -0.0167121887207031 -0.00720882415771484 -0.0145130157470703
0.0267848968505859 -0.0053558349609375 -0.0175075531005859 -0.0147066116333008
0.0253086090087891 0.00366973876953125 -0.0162525177001953 -0.0204124450683594
0.0183925628662109 0.0113277435302734 -0.0133762359619141 -0.0264453887939453
0.0193195343017578 0.0154514312744141 -0.0162944793701172 -0.0211467742919922
0.0171260833740234 0.0185737609863281 -0.0169439315795898 -0.0098876953125
0.0228099822998047 0.0340995788574219 -0.00523948669433594 -0.0261421203613281
0.0281143188476562 0.0262355804443359 0.00657892227172852 -0.00181055068969726
0.027069091796875 0.0165767669677734 0.0177192687988281 0.00358009338378906
0.0311241149902344 0.00908088684082031 0.0290946960449219 -0.00551414489746094
0.0308055877685547 -0.00312995910644531 0.0254840850830078 -0.0154132843017578
0.0273399353027344 -0.0194225311279297 0.0166721343994141 -0.0252780914306641
0.0190029144287109 -0.0267715454101563 0.00566864013671875 -0.0207958221435547
0.0182704925537109 -0.0234584808349609 -0.00306129455566406 -0.0124359130859375
0.0199871063232422 -0.0265674591064453 -0.00805187225341797 -0.00532674789428711
0.0276165008544922 -0.0227413177490234 -0.0132417678833008 -0.00614547729492188
0.0332832336425781 -0.00963401794433594 -0.0227413177490234 -0.00821685791015625
0.0345554351806641 0.00158500671386719 -0.0198841094970703 -0.0169754028320313
0.0277137756347656 0.0159072875976563 -0.0144138336181641 -0.025146484375
0.0275135040283203 0.0239696502685547 -0.00947284698486328 -0.0155391693115234
0.0234622955322266 0.0281925201416016 -0.00929546356201172 -0.000209808349609374
0.0260696411132812 0.03887939453125 0.00502204895019532 -0.0155668258666992
0.0347099304199219 0.0315742492675781 0.0138435363769531 0.00593852996826172
0.0345687866210938 0.0184326171875 0.0188770294189453 0.00675582885742188
0.0378684997558594 0.00709915161132813 0.0259513854980469 -0.0008087158203125
0.0350780487060547 -0.0071563720703125 0.0202808380126953 -0.00901222229003906
0.0285415649414063 -0.0240802764892578 0.0111351013183594 -0.0159759521484375
0.0189056396484375 -0.0297718048095703 0.00132942199707031 -0.00823211669921875
0.0186119079589844 -0.0259609222412109 -0.00700521469116211 0.000295639038085935
0.0205020904541016 -0.0288562774658203 -0.0126733779907227 0.00656032562255859
0.0281143188476563 -0.0252799987792969 -0.0193710327148438 0.00410652160644531
0.0347347259521484 -0.0113544464111328 -0.0276813507080078 -0.000740051269531255
0.0373992919921875 -0.00029754638671875 -0.0224838256835937 -0.0117282867431641
0.0326328277587891 0.0171241760253906 -0.0142707824707031 -0.0204181671142578
0.03131103515625 0.0285053253173828 -0.00221776962280273 -0.0074615478515625
0.0258426666259766 0.0333480834960937 -0.000349998474121093 0.0125722885131836
0.0245246887207031 0.0380821228027344 0.0141525268554688 -0.00408458709716797
0.0358352661132813 0.032867431640625 0.0207290649414063 0.0135746002197266
0.0363616943359375 0.0184288024902344 0.0193252563476563 0.0105037689208984
0.0386161804199219 0.00526809692382812 0.0210990905761719 0.00469017028808594
0.0335273742675781 -0.00934028625488281 0.0144405364990234 -0.0012664794921875
0.0255088806152344 -0.0246601104736328 0.00501585006713867 -0.00519514083862305
0.0156917572021484 -0.0277290344238281 -0.00391721725463867 0.00519180297851562
0.0153255462646484 -0.0239067077636719 -0.0106678009033203 0.0128278732299805
0.0171699523925781 -0.0270652770996094 -0.0164337158203125 0.0184459686279297
0.0234012603759766 -0.0239982604980469 -0.0246639251708984 0.0134181976318359
0.0308952331542969 -0.0121307373046875 -0.0303993225097656 0.00734519958496094
0.0347099304199219 -0.00185775756835938 -0.0241851806640625 -0.00621986389160156
0.0319404602050781 0.0152816772460938 -0.012476921081543 -0.0153436660766602
0.030487060546875 0.0286903381347656 0.00535392761230469 0.00159883499145508
0.0235595703125 0.0343647003173828 0.00763702392578125 0.0260791778564453
0.0188655853271484 0.0313682556152344 0.0229530334472656 0.00542068481445313
0.0305614471435547 0.0288257598876953 0.0255012512207031 0.0185813903808594
0.0312404632568359 0.0148410797119141 0.0177555084228516 0.0130710601806641
0.0320320129394531 0.00286102294921875 0.0150842666625977 0.0100517272949219
0.0262680053710937 -0.009063720703125 0.00878334045410156 0.0066986083984375
0.0178737640380859 -0.0210514068603516 0.000521183013916017 0.0059199333190918
0.0101394653320313 -0.0218391418457031 -0.00628852844238281 0.0165805816650391
0.0102405548095703 -0.0183849334716797 -0.0121192932128906 0.0240497589111328
0.0110855102539062 -0.0211906433105469 -0.0186042785644531 0.0277996063232422
0.0159664154052734 -0.0197830200195313 -0.0275974273681641 0.0213775634765625
0.0224266052246094 -0.0110397338867188 -0.0314369201660156 0.0132274627685547
0.0268154144287109 -0.00364303588867188 -0.0243606567382813 -0.000556945800781255
0.0270652770996094 0.0112419128417969 -0.0111780166625977 -0.00871086120605469
0.0256786346435547 0.0236167907714844 0.0104827880859375 0.00984096527099609
0.0180549621582031 0.0296840667724609 0.01361083984375 0.0377006530761719
0.00959205627441406 0.0202808380126953 0.0274600982666016 0.0123672485351563
0.0203952789306641 0.0199508666992188 0.0267562866210938 0.0218124389648438
0.0203609466552734 0.00872039794921875 0.0157241821289063 0.015864372253418
0.0195102691650391 -0.000226974487304688 0.0100421905517578 0.0149831771850586
0.0142145156860352 -0.00781631469726563 0.00535774230957031 0.0125865936279297
0.00727176666259765 -0.0138492584228516 -0.00235652923583984 0.0143575668334961
0.00275802612304688 -0.0113735198974609 -0.0075225830078125 0.0249881744384766
0.00307846069335937 -0.00980854034423828 -0.0119476318359375 0.0308361053466797
0.00297927856445312 -0.0126476287841797 -0.0193309783935547 0.0339832305908203
0.00554943084716797 -0.0142498016357422 -0.0292320251464844 0.0269031524658203
0.0118627548217773 -0.0100440979003906 -0.0315723419189453 0.0172157287597656
0.0163898468017578 -0.005889892578125 -0.0242118835449219 0.00349998474121094
0.0192718505859375 0.00537109375 -0.0102243423461914 -0.00342369079589844
0.0179557800292969 0.0150947570800781 0.0127162933349609 0.0168867111206055
0.00951385498046875 0.0205802917480469 0.0166206359863281 0.0468177795410156
-0.00580358505249023 -0.00112199783325195 -0.0247764587402344 -0.041107177734375
-0.00802087783813477 -0.00165748596191406 -0.010859489440918 -0.0159969329833984
-0.00905609130859375 0.00527667999267578 0.00935935974121094 0.0012664794921875
-0.00262355804443359 0.00980377197265625 0.0288066864013672 -0.00686836242675781
0.0022125244140625 0.00765848159790039 0.0312271118164063 -0.0199604034423828
0.0038905143737793 0.00478363037109375 0.0262336730957031 -0.0337371826171875
0.0038297176361084 0.000226259231567383 0.0148582458496094 -0.038665771484375
0.00209057331085205 0.00099647045135498 0.00635910034179688 -0.0335006713867188
0.00130796432495117 0.00117683410644531 0.00261878967285156 -0.0267906188964844
0.00229072570800781 0.000717401504516602 0.000314712524414065 -0.0206565856933594
0.000930547714233399 0.00283503532409668 -0.00954341888427734 -0.0172557830810547
-0.00413250923156738 0.00371050834655762 -0.012176513671875 -0.0186290740966797
-0.00841522216796875 -0.00328445434570313 -0.0135593414306641 -0.0223560333251953
-0.00368499755859375 -0.00948715209960938 -0.0253543853759766 -0.0215187072753906
-0.00398492813110351 -0.00748538970947266 -0.0274829864501953 -0.0159797668457031
0.00606250762939453 0.0125408172607422 -0.0213203430175781 -0.0397186279296875
0.00464153289794922 0.00839519500732422 -0.00691890716552735 -0.0142745971679687
0.00281047821044922 0.0098867416381836 0.0115184783935547 -0.000776290893554687
0.00939178466796875 0.0112371444702148 0.0285358428955078 -0.00909996032714844
0.0131082534790039 0.00448131561279297 0.0295524597167969 -0.0209808349609375
0.0134429931640625 -0.00389862060546875 0.0234603881835938 -0.0343208312988281
0.0103883743286133 -0.010894775390625 0.0124015808105469 -0.0367393493652344
0.00871562957763672 -0.00913715362548828 0.00336074829101562 -0.0306072235107422
0.00906753540039063 -0.0108575820922852 -0.000118255615234375 -0.0237293243408203
0.0136823654174805 -0.009124755859375 -0.00260543823242187 -0.0199451446533203
0.0148591995239258 -0.00221633911132813 -0.0123758316040039 -0.0171346664428711
0.0114479064941406 0.003173828125 -0.0134963989257813 -0.0203113555908203
0.00549888610839844 0.00462245941162109 -0.0137729644775391 -0.0249443054199219
0.00872182846069336 0.00299596786499023 -0.0224399566650391 -0.0222797393798828
0.00797176361083984 0.00567197799682617 -0.0238285064697266 -0.0149726867675781
0.0165634155273438 0.0235252380371094 -0.0148067474365234 -0.0339679718017578
0.0175075531005859 0.0171365737915039 -0.000802040100097655 -0.00956630706787109
0.0154075622558594 0.0137186050415039 0.0145397186279297 0.000157356262207032
0.0210533142089844 0.0102672576904297 0.0288009643554687 -0.00920677185058594
0.0225811004638672 1.71661376953125E-05 0.0271720886230469 -0.0201339721679688
0.0209426879882813 -0.0124893188476563 0.0197868347167969 -0.0320091247558594
0.0147342681884766 -0.0203762054443359 0.00861549377441406 -0.0306568145751953
0.0138607025146484 -0.0181102752685547 0.000101089477539062 -0.0228347778320313
0.01531982421875 -0.0208244323730469 -0.00400924682617187 -0.0162448883056641
0.0216026306152344 -0.0183486938476563 -0.00786018371582031 -0.0142297744750977
0.0262165069580078 -0.00716781616210938 -0.0178165435791016 -0.0134906768798828
0.0253372192382812 0.001800537109375 -0.0168037414550781 -0.0191822052001953
0.018951416015625 0.0110034942626953 -0.0149097442626953 -0.0257930755615234
0.0198707580566406 0.0144500732421875 -0.0176353454589844 -0.0196781158447266
0.0179901123046875 0.0176734924316406 -0.0181064605712891 -0.00922012329101563
0.0249156951904297 0.0325908660888672 -0.00556564331054687 -0.0256099700927734
0.0289821624755859 0.0242557525634766 0.00676107406616211 -0.00211811065673828
0.0274982452392578 0.0151138305664063 0.0176429748535156 0.00272369384765625
0.0317173004150391 0.00740432739257813 0.0285663604736328 -0.00687789916992187
0.0302772521972656 -0.00484466552734375 0.0237464904785156 -0.0164432525634766
0.0254917144775391 -0.0199718475341797 0.0150833129882813 -0.025970458984375
0.0174961090087891 -0.0272464752197266 0.004608154296875 -0.0206928253173828
0.0172348022460938 -0.0245990753173828 -0.00379657745361328 -0.0119476318359375
0.0185642242431641 -0.0276279449462891 -0.00795221328735351 -0.00499916076660156
0.0262432098388672 -0.0242214202880859 -0.0134611129760742 -0.00596046447753907
0.0328483581542969 -0.0114536285400391 -0.0229873657226563 -0.00707054138183593
0.034271240234375 -0.0006561279296875 -0.0204429626464844 -0.0154037475585938
0.0287990570068359 0.0141525268554688 -0.0156421661376953 -0.023681640625
0.0281410217285156 0.0223350524902344 -0.0106391906738281 -0.0148429870605469
0.0249271392822266 0.0270042419433594 -0.00889396667480469 -6.00814819335919E-05
0.0284576416015625 0.0367355346679687 0.00474071502685547 -0.0150814056396484
0.0359916687011719 0.0294647216796875 0.0145587921142578 0.00545215606689453
0.035430908203125 0.0166244506835938 0.0193195343017578 0.00633621215820313
0.038543701171875 0.00507736206054687 0.0257110595703125 -0.00164985656738281
0.0341300964355469 -0.008636474609375 0.0194530487060547 -0.00947761535644531
0.0268764495849609 -0.0250587463378906 0.00996208190917969 -0.0165042877197266
0.0171127319335938 -0.0303478240966797 0.00040435791015625 -0.00802803039550781
0.0169754028320313 -0.0264072418212891 -0.00699758529663086 0.00121641159057617
0.0186100006103516 -0.0300312042236328 -0.0122308731079102 0.00715446472167968
0.0258941650390625 -0.0266189575195313 -0.0190200805664062 0.00441741943359375
0.0340728759765625 -0.0136260986328125 -0.0267963409423828 0.001007080078125
0.0370941162109375 -0.0023651123046875 -0.0229454040527344 -0.0104103088378906
0.0334186553955078 0.0150909423828125 -0.0151615142822266 -0.0189304351806641
0.0321311950683594 0.0269966125488281 -0.00288152694702148 -0.00790119171142578
0.0279998779296875 0.0321540832519531 0.000113487243652344 0.0121793746948242
0.0273323059082031 0.0360946655273437 0.014613151550293 -0.00446319580078125
0.0369110107421875 0.0306892395019531 0.02197265625 0.0121726989746094
0.0368690490722656 0.0160064697265625 0.0192375183105469 0.00965499877929688
0.0390777587890625 0.00318527221679688 0.0212650299072266 0.00417137145996094
0.0322647094726562 -0.0107097625732422 0.0144844055175781 -0.00180625915527344
0.0239219665527344 -0.025970458984375 0.00443792343139649 -0.00498580932617188
0.0140876770019531 -0.0280857086181641 -0.00289249420166016 0.00502443313598633
0.0139732360839844 -0.0244541168212891 -0.00910186767578125 0.0137405395507812
0.0153312683105469 -0.0279560089111328 -0.0150165557861328 0.0189533233642578
0.0217914581298828 -0.0253181457519531 -0.0236701965332031 0.0149326324462891
0.0300807952880859 -0.0135860443115234 -0.0295543670654297 0.00889015197753906
0.0341911315917969 -0.00391387939453125 -0.02398681640625 -0.00466156005859375
0.0323715209960938 0.0137825012207031 -0.0134763717651367 -0.0138568878173828
0.031158447265625 0.0270900726318359 0.00520944595336914 0.000971317291259767
0.0259914398193359 0.0328216552734375 0.0087432861328125 0.0249500274658203
0.0206699371337891 0.0299911499023438 0.0234127044677734 0.00492668151855469
0.0311832427978516 0.0266685485839844 0.0265693664550781 0.0169849395751953
0.0316543579101563 0.0135002136230469 0.0182132720947266 0.0123195648193359
0.0316524505615234 0.000944137573242188 0.015380859375 0.00962257385253906
0.0251731872558594 -0.0105133056640625 0.00833654403686524 0.00652027130126953
0.0166339874267578 -0.0217838287353516 0.000450134277343752 0.00591087341308594
0.00878143310546875 -0.0212669372558594 -0.00514507293701172 0.0171318054199219
0.00914955139160156 -0.0188198089599609 -0.0101337432861328 0.0247516632080078
0.00961875915527344 -0.0217094421386719 -0.0168113708496094 0.0286026000976563
0.0141315460205078 -0.0204219818115234 -0.0261936187744141 0.0225906372070313
0.0219631195068359 -0.0121917724609375 -0.0302600860595703 0.0143890380859375
0.0265541076660156 -0.00514984130859375 -0.0241641998291016 0.000595092773437498
0.0271549224853516 0.00983619689941406 -0.0116214752197266 -0.00795269012451172
0.0261611938476563 0.0226211547851563 0.0107564926147461 0.00907230377197266
0.0200099945068359 0.028778076171875 0.0153465270996094 0.0363044738769531
0.0104637145996094 0.0195064544677734 0.0282135009765625 0.0107898712158203
0.0209579467773438 0.0185298919677734 0.0284194946289062 0.0205478668212891
0.0204257965087891 0.00787734985351563 0.0165328979492188 0.0148353576660156
0.0193386077880859 -0.00107955932617188 0.0110015869140625 0.0145664215087891
0.0135021209716797 -0.00819492340087891 0.00557804107666016 0.0123281478881836
0.00672245025634766 -0.0133886337280273 -0.00171470642089844 0.0143594741821289
0.00191307067871094 -0.0113945007324219 -0.00564384460449219 0.0252056121826172
0.00218105316162109 -0.00970554351806641 -0.00987625122070313 0.0314102172851563
0.00268936157226562 -0.0124969482421875 -0.0168228149414062 0.0343036651611328
0.00482082366943359 -0.0139608383178711 -0.02728271484375 0.0279369354248047
0.0110712051391602 -0.0106058120727539 -0.0300750732421875 0.0187282562255859
0.0159111022949219 -0.00696086883544922 -0.0237998962402344 0.00516510009765625
0.0195446014404297 0.00411224365234375 -0.0101470947265625 -0.00269699096679688
0.0183200836181641 0.0144309997558594 0.0134963989257813 0.0158357620239258
0.0109691619873047 0.0200595855712891 0.0186691284179688 0.0449638366699219
-0.00469684600830078 -0.00129222869873047 -0.0239028930664063 -0.0398445129394531
-0.00744485855102539 -0.00127744674682617 -0.0108299255371094 -0.0156679153442383
-0.00849628448486328 0.00502777099609375 0.00947475433349609 0.000565528869628907
-0.00244235992431641 0.00937938690185547 0.0273036956787109 -0.00767326354980469
0.00228738784790039 0.00721025466918945 0.0299053192138672 -0.0205116271972656
0.00365924835205078 0.00408363342285156 0.0248641967773438 -0.0337200164794922
0.0041511058807373 -9.29832458496094E-06 0.013214111328125 -0.0376472473144531
0.00244617462158203 0.00123453140258789 0.0054168701171875 -0.0325412750244141
0.00138509273529053 0.00101709365844727 0.00177383422851563 -0.0259857177734375
0.00226926803588867 0.000972509384155273 -0.000169754028320314 -0.020660400390625
0.00107824802398682 0.0020977258682251 -0.00920200347900391 -0.017308235168457
-0.00378012657165527 0.00377249717712402 -0.0119609832763672 -0.017730712890625
-0.00808811187744141 -0.00327014923095703 -0.0137138366699219 -0.0224819183349609
-0.0041351318359375 -0.0095367431640625 -0.0250244140625 -0.0209369659423828
-0.00381946563720703 -0.00710582733154297 -0.0268173217773438 -0.0154609680175781
0.00677967071533203 0.0112600326538086 -0.0205230712890625 -0.0382461547851562
0.00492095947265625 0.00718927383422851 -0.00678253173828125 -0.0133943557739258
0.00279045104980469 0.00955677032470703 0.0114822387695313 -0.00091552734375
0.00911617279052734 0.0102682113647461 0.0275650024414062 -0.00946235656738281
0.012852668762207 0.00389862060546875 0.0282382965087891 -0.0211372375488281
0.0129308700561523 -0.00447750091552734 0.0222969055175781 -0.0340156555175781
0.00962257385253906 -0.0105066299438477 0.0107307434082031 -0.0360679626464844
0.00860977172851563 -0.00929069519042969 0.00260353088378907 -0.0290050506591797
0.00870895385742188 -0.0104255676269531 -0.000789642333984375 -0.0229835510253906
0.0123920440673828 -0.00932502746582031 -0.00319480895996094 -0.0195827484130859
0.0146427154541016 -0.00288009643554688 -0.0119504928588867 -0.0167016983032227
0.0116262435913086 0.00281715393066406 -0.0135993957519531 -0.0197525024414062
0.00572395324707031 0.00400495529174805 -0.0138587951660156 -0.0242652893066406
0.00872468948364258 0.00268983840942383 -0.0226879119873047 -0.0215282440185547
0.00843000411987305 0.00487852096557617 -0.0241489410400391 -0.0146846771240234
0.0174388885498047 0.0231952667236328 -0.014404296875 -0.0328884124755859
0.0176753997802734 0.0160179138183594 -0.00087451934814453 -0.00881195068359375
0.0152463912963867 0.0125265121459961 0.0141963958740234 3.62396240234383E-05
0.0208702087402344 0.00912666320800781 0.0280246734619141 -0.00906181335449219
0.0222282409667969 -9.72747802734375E-05 0.0261917114257812 -0.0201015472412109
0.0198307037353516 -0.0129241943359375 0.0185642242431641 -0.0315780639648438
0.0140018463134766 -0.0206623077392578 0.00777816772460937 -0.0299415588378906
0.0135211944580078 -0.0184097290039063 -0.000446319580078123 -0.0222263336181641
0.0142288208007813 -0.0207958221435547 -0.00407218933105469 -0.0157470703125
0.0204067230224609 -0.0183238983154297 -0.00821208953857422 -0.0140523910522461
0.0259037017822266 -0.0079193115234375 -0.0170803070068359 -0.0130128860473633
0.0251293182373047 0.00115394592285156 -0.0168190002441406 -0.0185699462890625
0.0186653137207031 0.01043701171875 -0.0150146484375 -0.024871826171875
0.019622802734375 0.013702392578125 -0.0176296234130859 -0.0193119049072266
0.0183029174804688 0.0165271759033203 -0.0177097320556641 -0.00950431823730468
0.0254898071289063 0.0310573577880859 -0.00539779663085937 -0.0248146057128906
0.0291576385498047 0.0225563049316406 0.00668096542358399 -0.00218677520751953
0.0270195007324219 0.0141696929931641 0.0175685882568359 0.00248146057128906
0.031402587890625 0.00637435913085938 0.0277614593505859 -0.00673484802246094
0.0292015075683594 -0.00547027587890625 0.0230636596679688 -0.0167522430419922
0.024169921875 -0.0200386047363281 0.0139904022216797 -0.0253753662109375
0.0162105560302734 -0.0268592834472656 0.00395011901855469 -0.0200519561767578
0.0161418914794922 -0.0243778228759766 -0.00380420684814453 -0.011042594909668
0.0174789428710938 -0.0273094177246094 -0.00792407989501953 -0.00473785400390625
0.0247592926025391 -0.0240669250488281 -0.0132961273193359 -0.00560474395751953
0.0317325592041016 -0.0117435455322266 -0.0218830108642578 -0.00634384155273437
0.0335502624511719 -0.0018310546875 -0.0199146270751953 -0.0152664184570312
0.0282115936279297 0.0132827758789062 -0.0159683227539062 -0.0224418640136719
0.0280342102050781 0.0216712951660156 -0.0110635757446289 -0.0148649215698242
0.0253124237060547 0.0255317687988281 -0.00876760482788086 -0.000419616699218748
0.0289688110351562 0.0355110168457031 0.00529289245605469 -0.0152702331542969
0.0361480712890625 0.0277976989746094 0.0144977569580078 0.00485992431640625
0.0349178314208984 0.015625 0.0190658569335938 0.00564765930175781
0.0378570556640625 0.00436019897460938 0.0255203247070313 -0.00205612182617188
0.033355712890625 -0.00945091247558594 0.0189628601074219 -0.00959587097167969
0.0254039764404297 -0.0249156951904297 0.00928592681884766 -0.0162277221679688
0.0158729553222656 -0.0297985076904297 0.000516414642333986 -0.00779390335083008
0.0158977508544922 -0.0261859893798828 -0.0063786506652832 0.00139760971069336
0.0173778533935547 -0.0300178527832031 -0.0113306045532227 0.00731754302978515
0.0248870849609375 -0.0267524719238281 -0.0185585021972656 0.0043487548828125
0.0331439971923828 -0.0140933990478516 -0.0260829925537109 0.00127601623535156
0.0367393493652344 -0.00341415405273438 -0.0226287841796875 -0.00986099243164062
0.0328102111816406 0.0141372680664063 -0.0154075622558594 -0.0182952880859375
0.0323085784912109 0.0263385772705078 -0.00288915634155273 -0.00777101516723633
0.0282554626464844 0.031005859375 0.000435829162597657 0.0109796524047852
0.0275821685791016 0.0349159240722656 0.0149326324462891 -0.00480079650878906
0.0366325378417969 0.0292816162109375 0.0217227935791016 0.0114669799804688
0.0367164611816406 0.01544189453125 0.0192527770996094 0.00944900512695313
0.0381431579589844 0.00188446044921875 0.0209865570068359 0.00374412536621094
0.0315704345703125 -0.011383056640625 0.013453483581543 -0.00200462341308594
0.0225467681884766 -0.0253562927246094 0.00405645370483399 -0.00521564483642578
0.0131320953369141 -0.0275726318359375 -0.00268936157226562 0.0049595832824707
0.0132713317871094 -0.0240802764892578 -0.00829887390136719 0.0137729644775391
0.0143604278564453 -0.0274143218994141 -0.0136566162109375 0.0189552307128906
0.0208110809326172 -0.0248298645019531 -0.0224933624267578 0.0146503448486328
0.0292987823486328 -0.0139846801757813 -0.0287189483642578 0.00928878784179688
0.0339183807373047 -0.00471305847167969 -0.0232429504394531 -0.00433731079101563
0.0320587158203125 0.0132064819335938 -0.0141210556030273 -0.0129280090332031
0.0312252044677734 0.0259437561035156 0.00480508804321289 0.000450134277343752
0.0262336730957031 0.0318279266357422 0.00906753540039063 0.0232143402099609
0.0209636688232422 0.0287952423095703 0.0238113403320312 0.00424003601074219
0.0310459136962891 0.0253353118896484 0.0266952514648438 0.0162181854248047
0.0312309265136719 0.0130691528320313 0.01812744140625 0.0123214721679688
0.0312519073486328 0.000324249267578125 0.0151920318603516 0.00969696044921875
0.0246257781982422 -0.0106105804443359 0.00818014144897461 0.00597953796386719
0.0161113739013672 -0.0210990905761719 0.000385761260986329 0.00619983673095703
0.00819587707519531 -0.0207424163818359 -0.00453662872314453 0.016632080078125
0.00876426696777344 -0.0187492370605469 -0.00931549072265625 0.0240898132324219
0.00921440124511719 -0.02154541015625 -0.0149116516113281 0.0278854370117188
0.0134162902832031 -0.0207118988037109 -0.0251083374023438 0.02252197265625
0.0216064453125 -0.0125751495361328 -0.0290756225585937 0.0147171020507812
0.0261058807373047 -0.00606918334960937 -0.0231704711914063 0.000946044921875003
0.0267524719238281 0.0094757080078125 -0.011627197265625 -0.00718593597412109
0.0262393951416016 0.0218887329101563 0.0106267929077148 0.00823020935058594
0.0203533172607422 0.0276813507080078 0.0156784057617188 0.0351486206054688
0.0110931396484375 0.0184249877929688 0.0285739898681641 0.010589599609375
0.0206317901611328 0.0173168182373047 0.0285415649414063 0.0191612243652344
0.0202236175537109 0.00730705261230469 0.0162935256958008 0.0143232345581055
0.0190486907958984 -0.00121498107910156 0.0108070373535156 0.0142126083374023
0.0132713317871094 -0.00823497772216797 0.0052328109741211 0.0121631622314453
0.00620269775390625 -0.0129194259643555 -0.00156402587890625 0.0145854949951172
0.00185489654541016 -0.0107612609863281 -0.00466728210449219 0.0244998931884766
0.00254154205322266 -0.00970268249511719 -0.00859642028808594 0.0304527282714844
0.00212574005126953 -0.0120983123779297 -0.0155296325683594 0.0337142944335938
0.00468254089355469 -0.0137615203857422 -0.0257148742675781 0.0277729034423828
0.0111618041992188 -0.0107212066650391 -0.0289020538330078 0.018890380859375
0.0157985687255859 -0.00675201416015625 -0.0230560302734375 0.00544166564941407
0.0186576843261719 0.00399398803710938 -0.00997543334960937 -0.00226306915283203
0.0182609558105469 0.0139942169189453 0.0137805938720703 0.0148496627807617
0.0116615295410156 0.0193023681640625 0.0192718505859375 0.0432548522949219
-0.00449085235595703 -0.00141572952270508 -0.0227508544921875 -0.0392951965332031
-0.00746822357177734 -0.00231409072875977 -0.0107936859130859 -0.0161266326904297
-0.00902557373046875 0.00477027893066406 0.00918102264404297 0.000372886657714844
-0.00265264511108398 0.00878286361694336 0.0267581939697266 -0.00719833374023438
0.00173377990722656 0.00704050064086914 0.0295448303222656 -0.0196437835693359
0.00332021713256836 0.00438523292541504 0.0248661041259766 -0.0331859588623047
0.00334906578063965 0.000192403793334961 0.0137214660644531 -0.0372467041015625
0.00247383117675781 0.00143885612487793 0.00518798828125 -0.0317153930664063
0.00114107131958008 0.0013282299041748 0.00158882141113281 -0.0261001586914062
0.00208163261413574 0.00069129467010498 -0.000284194946289062 -0.0209770202636719
0.000602960586547851 0.00253057479858398 -0.00794410705566406 -0.0172281265258789
-0.00427865982055664 0.00367307662963867 -0.0112800598144531 -0.0174446105957031
-0.0077052116394043 -0.00325250625610352 -0.0130100250244141 -0.0224609375
-0.00359725952148437 -0.00934791564941406 -0.0252304077148437 -0.0210227966308594
-0.00312089920043945 -0.0073704719543457 -0.0266265869140625 -0.0157127380371094
0.00718402862548828 0.0114231109619141 -0.019439697265625 -0.0375633239746094
0.0048065185546875 0.00707054138183594 -0.00686836242675781 -0.0137033462524414
0.00299167633056641 0.00962638854980469 0.0109920501708984 -0.000788688659667968
0.00912666320800781 0.00999355316162109 0.0272750854492188 -0.00906753540039063
0.0127544403076172 0.00421524047851563 0.0279407501220703 -0.0209274291992188
0.0126705169677734 -0.00386619567871094 0.0222148895263672 -0.0334987640380859
0.00967979431152344 -0.0105867385864258 0.0113182067871094 -0.0353889465332031
0.00857639312744141 -0.00925731658935547 0.00284957885742188 -0.0285053253173828
0.00852394104003906 -0.0103054046630859 -0.00101852416992187 -0.0233211517333984
0.0122041702270508 -0.00884342193603516 -0.0032501220703125 -0.0197830200195312
0.0146932601928711 -0.00283718109130859 -0.0113954544067383 -0.0165948867797852
0.0114336013793945 0.00319576263427734 -0.0128631591796875 -0.01953125
0.00579404830932617 0.00441122055053711 -0.0130519866943359 -0.0240726470947266
0.00842523574829101 0.00295734405517578 -0.0223178863525391 -0.0216178894042969
0.00856351852416992 0.00519514083862305 -0.0236682891845703 -0.0153045654296875
0.0173568725585938 0.0224189758300781 -0.0135269165039062 -0.0328464508056641
0.0173635482788086 0.0151987075805664 -0.000791549682617187 -0.00922298431396484
0.0149221420288086 0.0128679275512695 0.0139503479003906 0.000553131103515626
0.0207424163818359 0.00873565673828125 0.0276679992675781 -0.00880622863769531
0.0216178894042969 -0.000158309936523438 0.0262622833251953 -0.0198440551757813
0.0198249816894531 -0.0122413635253906 0.0186309814453125 -0.0308666229248047
0.0141086578369141 -0.0203132629394531 0.00761032104492188 -0.0293140411376953
0.0135517120361328 -0.0179481506347656 -0.000684738159179685 -0.0216712951660156
0.0141372680664063 -0.0198898315429688 -0.00444889068603515 -0.015589714050293
0.0203094482421875 -0.0180873870849609 -0.00763130187988282 -0.0143852233886719
0.0256423950195313 -0.00797271728515625 -0.016265869140625 -0.0134449005126953
0.0250129699707031 0.00129508972167969 -0.0159149169921875 -0.0185070037841797
0.0182228088378906 0.0105609893798828 -0.0147953033447266 -0.0242710113525391
0.0196533203125 0.0138034820556641 -0.0176544189453125 -0.0193405151367188
0.0182952880859375 0.0168113708496094 -0.0175676345825195 -0.009307861328125
0.0254020690917969 0.0309619903564453 -0.00433921813964843 -0.0246105194091797
0.0284767150878906 0.0224666595458984 0.0071558952331543 -0.00223398208618164
0.0266208648681641 0.0147190093994141 0.0169162750244141 0.00316905975341797
0.0312557220458984 0.00663375854492187 0.0271339416503906 -0.00587081909179688
0.0290050506591797 -0.00529098510742188 0.0227146148681641 -0.0161781311035156
0.024169921875 -0.0195770263671875 0.0139999389648438 -0.0248641967773438
0.0160770416259766 -0.0264434814453125 0.00399208068847656 -0.0197029113769531
0.0162162780761719 -0.0237560272216797 -0.00382328033447265 -0.0109186172485352
0.0167636871337891 -0.0269947052001953 -0.00777006149291992 -0.00490331649780273
0.0245132446289063 -0.0241622924804688 -0.0134563446044922 -0.00600528717041016
0.0319805145263672 -0.0116100311279297 -0.0215282440185547 -0.00712966918945312
0.0335788726806641 -0.0011444091796875 -0.0190391540527344 -0.0150966644287109
0.0277805328369141 0.0139636993408203 -0.0158596038818359 -0.0219001770019531
0.0280075073242188 0.0221519470214844 -0.0104179382324219 -0.0146198272705078
0.0252895355224609 0.0259380340576172 -0.00902557373046875 -0.000868797302246091
0.0289115905761719 0.0351791381835938 0.00584983825683594 -0.0146465301513672
0.0351524353027344 0.0272750854492188 0.0147895812988281 0.00460243225097656
0.0346794128417969 0.0158367156982422 0.0187397003173828 0.00640487670898438
0.0377197265625 0.00426483154296875 0.0251541137695313 -0.00119972229003906
0.0328483581542969 -0.00915336608886719 0.0186233520507813 -0.00875663757324219
0.0252532958984375 -0.0240287780761719 0.00899982452392578 -0.0155353546142578
0.0161209106445313 -0.0289745330810547 0.000836372375488282 -0.00795507431030274
0.016326904296875 -0.0264167785644531 -0.0059666633605957 0.0016636848449707
0.0176448822021484 -0.0291099548339844 -0.0110635757446289 0.0068359375
0.0246143341064453 -0.0263042449951172 -0.0184288024902344 0.00403022766113282
0.0330028533935547 -0.0137901306152344 -0.0255222320556641 0.000673294067382811
0.0364952087402344 -0.00296783447265625 -0.02178955078125 -0.00987815856933594
0.0324611663818359 0.0153045654296875 -0.0151233673095703 -0.018035888671875
0.0317897796630859 0.0264968872070312 -0.0029597282409668 -0.00776147842407226
0.0278205871582031 0.0307865142822266 1.90734863281274E-05 0.0104808807373047
0.0274143218994141 0.0346622467041016 0.0155124664306641 -0.00405216217041016
0.0359992980957031 0.0291976928710938 0.0213279724121094 0.0114097595214844
0.0359764099121094 0.0160903930664063 0.0189228057861328 0.00983619689941407
0.0381660461425781 0.00247955322265625 0.0204429626464844 0.00423431396484375
0.0317020416259766 -0.0105762481689453 0.0130128860473633 -0.00154304504394531
0.0226116180419922 -0.0245933532714844 0.00348854064941406 -0.00454473495483399
0.013336181640625 -0.0270042419433594 -0.0023503303527832 0.00540399551391601
0.0138893127441406 -0.0240612030029297 -0.00827407836914063 0.0138835906982422
0.0144329071044922 -0.0269870758056641 -0.0133094787597656 0.0185813903808594
0.0202922821044922 -0.0246601104736328 -0.0229301452636719 0.0143051147460937
0.0293979644775391 -0.0137596130371094 -0.0277824401855469 0.00852203369140625
0.0335254669189453 -0.00394439697265625 -0.0224456787109375 -0.00467491149902343
0.0313816070556641 0.0135231018066406 -0.013026237487793 -0.0125904083251953
0.0306015014648438 0.026519775390625 0.00479269027709961 0.000489234924316408
0.0259971618652344 0.0313758850097656 0.00880050659179688 0.0230350494384766
0.0204925537109375 0.0287990570068359 0.02410888671875 0.00482368469238281
0.0301685333251953 0.0253353118896484 0.0263919830322266 0.0164337158203125
0.0302181243896484 0.0134544372558594 0.0180511474609375 0.0119476318359375
0.0316200256347656 0.00112342834472656 0.0151920318603516 0.00982475280761719
0.0248908996582031 -0.0103015899658203 0.00832700729370117 0.00639057159423828
0.015716552734375 -0.0203838348388672 -0.000113964080810546 0.0064706802368164
0.00855636596679688 -0.0205059051513672 -0.00440406799316406 0.0167608261108398
0.00895118713378906 -0.0188274383544922 -0.00841522216796875 0.0240650177001953
0.00936508178710938 -0.0214977264404297 -0.0149097442626953 0.0272731781005859
0.0134315490722656 -0.0198650360107422 -0.0246467590332031 0.0219001770019531
0.0213394165039063 -0.0125560760498047 -0.0285167694091797 0.0139904022216797
0.0258121490478516 -0.00508499145507813 -0.0227317810058594 0.000547409057617186
0.0261783599853516 0.0101089477539063 -0.0112810134887695 -0.00704193115234375
0.0253410339355469 0.0221405029296875 0.0105257034301758 0.00781822204589844
0.0204849243164062 0.0281276702880859 0.0146923065185547 0.0341758728027344
0.0102367401123047 0.0183753967285156 0.0286445617675781 0.0108528137207031
0.0201358795166016 0.0175437927246094 0.0280647277832031 0.0192947387695313
0.0201168060302734 0.00781059265136719 0.0159482955932617 0.0143899917602539
0.0190849304199219 -0.00103187561035156 0.0105056762695313 0.0148897171020508
0.0132074356079102 -0.00784492492675781 0.00510883331298828 0.0127239227294922
0.0064697265625 -0.0126819610595703 -0.00201797485351563 0.0148391723632813
0.00253772735595703 -0.0106382369995117 -0.00460243225097656 0.0244178771972656
0.00328636169433594 -0.00958061218261719 -0.00823402404785156 0.0301609039306641
0.00260066986083984 -0.0118188858032227 -0.0152606964111328 0.0332584381103516
0.00458812713623047 -0.0134611129760742 -0.0255718231201172 0.0273189544677734
0.0108823776245117 -0.0102367401123047 -0.0284461975097656 0.0180034637451172
0.0158672332763672 -0.00672245025634766 -0.0222911834716797 0.00503921508789062
0.0184898376464844 0.0044708251953125 -0.00949382781982422 -0.00215721130371094
0.0178108215332031 0.0145683288574219 0.013340950012207 0.0146293640136719
0.0114173889160156 0.0191497802734375 0.0183219909667969 0.042755126953125
-0.00461196899414063 -0.00155019760131836 -0.0216140747070312 -0.0404548645019531
-0.00768375396728516 -0.00243616104125977 -0.0107583999633789 -0.0154581069946289
-0.00882434844970703 0.00399875640869141 0.00928688049316406 0.000566482543945313
-0.00315380096435547 0.00883865356445313 0.0270042419433594 -0.00639152526855469
0.00144767761230469 0.00734376907348633 0.0304069519042969 -0.0193080902099609
0.00373220443725586 0.00521945953369141 0.0258350372314453 -0.0336818695068359
0.00340938568115234 -0.000152111053466797 0.0143318176269531 -0.0374679565429688
0.0027167797088623 0.00111293792724609 0.00587844848632812 -0.0320625305175781
0.0014418363571167 0.00139164924621582 0.00198173522949218 -0.0262279510498047
0.00166225433349609 0.000780224800109863 0.000392913818359376 -0.0220565795898437
0.000649690628051758 0.0024864673614502 -0.00756645202636718 -0.0180625915527344
-0.00390124320983887 0.00366687774658203 -0.0104274749755859 -0.0186195373535156
-0.00811147689819336 -0.00364398956298828 -0.0126667022705078 -0.0231838226318359
-0.00335979461669922 -0.00985240936279297 -0.0254955291748047 -0.0220985412597656
-0.0033416748046875 -0.00739765167236328 -0.0273456573486328 -0.0170707702636719
0.00708770751953125 0.0114536285400391 -0.01837158203125 -0.0396156311035156
0.00456142425537109 0.00731849670410156 -0.006744384765625 -0.013453483581543
0.00262641906738281 0.00944709777832031 0.0113248825073242 -0.000196456909179687
0.00908184051513672 0.0100107192993164 0.0276241302490234 -0.00848960876464844
0.0122213363647461 0.00466537475585938 0.0289630889892578 -0.0202579498291016
0.0126352310180664 -0.00350189208984375 0.0234107971191406 -0.0334758758544922
0.00970554351806641 -0.0108880996704102 0.012054443359375 -0.0358085632324219
0.00900459289550781 -0.00932502746582031 0.00329399108886719 -0.0290336608886719
0.00908565521240234 -0.0100002288818359 -0.000745773315429688 -0.0234870910644531
0.0128402709960938 -0.00866317749023438 -0.0028076171875 -0.0204524993896484
0.0146570205688477 -0.00276851654052734 -0.0110912322998047 -0.0177860260009766
0.0117921829223633 0.00353145599365234 -0.0121631622314453 -0.0204143524169922
0.00590801239013672 0.00451469421386719 -0.0136375427246094 -0.0249671936035156
0.00874519348144531 0.00299644470214844 -0.0227069854736328 -0.0229034423828125
0.00875139236450195 0.00544834136962891 -0.0237388610839844 -0.0163497924804687
0.0173110961914063 0.0230312347412109 -0.0123500823974609 -0.0334320068359375
0.0175609588623047 0.0162487030029297 -0.000541687011718749 -0.00877237319946289
0.0152196884155273 0.0136289596557617 0.0143823623657227 0.00100517272949219
0.0213680267333984 0.00950050354003906 0.0284500122070313 -0.00839805603027344
0.0223331451416016 0.00030517578125 0.0267181396484375 -0.0193691253662109
0.0201663970947266 -0.0121974945068359 0.0193500518798828 -0.0310764312744141
0.0142478942871094 -0.0202960968017578 0.00864601135253906 -0.0293827056884766
0.0142402648925781 -0.0180301666259766 0.000429153442382815 -0.0215606689453125
0.0148448944091797 -0.0205307006835937 -0.00394535064697266 -0.0157270431518555
0.0215473175048828 -0.0180778503417969 -0.0078897476196289 -0.0153579711914063
0.0257625579833984 -0.00722312927246094 -0.0159139633178711 -0.0138797760009766
0.0253391265869141 0.0016326904296875 -0.0153255462646484 -0.0195465087890625
0.0187149047851563 0.0116157531738281 -0.0145072937011719 -0.0249366760253906
0.0195198059082031 0.0147342681884766 -0.0175094604492187 -0.0206012725830078
0.0184211730957031 0.0177040100097656 -0.0175199508666992 -0.0106782913208008
0.0256843566894531 0.0315475463867188 -0.00322914123535156 -0.0247707366943359
0.0288524627685547 0.0235881805419922 0.00708341598510742 -0.00154972076416015
0.0270195007324219 0.015777587890625 0.0175247192382812 0.00360298156738281
0.0316581726074219 0.00709152221679688 0.0276908874511719 -0.00525474548339844
0.0300312042236328 -0.00484085083007813 0.0232696533203125 -0.0152816772460938
0.0250301361083984 -0.0190505981445313 0.0146350860595703 -0.0249423980712891
0.0168685913085938 -0.0264873504638672 0.00461006164550782 -0.0202465057373047
0.0169334411621094 -0.0244541168212891 -0.00300216674804688 -0.0104427337646484
0.0180225372314453 -0.027191162109375 -0.00781154632568359 -0.00549173355102539
0.0253372192382813 -0.0237216949462891 -0.013249397277832 -0.00680923461914063
0.0327472686767578 -0.0115489959716797 -0.0214290618896484 -0.0074005126953125
0.0343608856201172 -0.000314712524414063 -0.0191726684570313 -0.0160884857177734
0.0279541015625 0.0154342651367187 -0.0154495239257813 -0.0225620269775391
0.0282058715820312 0.0236129760742187 -0.0107517242431641 -0.0154123306274414
0.0259418487548828 0.0269184112548828 -0.00902271270751953 -0.00131511688232422
0.0283164978027344 0.0362319946289063 0.00668430328369141 -0.0147027969360352
0.0349502563476563 0.0286941528320313 0.0153961181640625 0.00542068481445313
0.0349826812744141 0.0177211761474609 0.0187931060791016 0.00689315795898438
0.0385360717773438 0.00508880615234375 0.0251636505126953 -0.000308990478515625
0.0338401794433594 -0.00836563110351563 0.0187301635742188 -0.00863075256347656
0.0265140533447266 -0.0236415863037109 0.00912952423095703 -0.0152263641357422
0.0170574188232422 -0.0292148590087891 0.000997543334960939 -0.0075840950012207
0.0173473358154297 -0.0259838104248047 -0.00582170486450195 0.00182962417602539
0.0180683135986328 -0.0296268463134766 -0.0114316940307617 0.00681304931640625
0.0255985260009766 -0.0265674591064453 -0.0188236236572266 0.0037994384765625
0.0342025756835938 -0.0136089324951172 -0.0261936187744141 0.000226974487304685
0.0377159118652344 -0.00250244140625 -0.0217971801757812 -0.0107707977294922
0.03277587890625 0.0169639587402344 -0.0150032043457031 -0.0184822082519531
0.0318279266357422 0.0281848907470703 -0.00305747985839844 -0.00808906555175781
0.0281715393066406 0.0322151184082031 -3.81469726562483E-05 0.0102462768554688
0.0269126892089844 0.0361709594726563 0.0167398452758789 -0.00424957275390625
0.0361137390136719 0.0307846069335938 0.0218982696533203 0.0121936798095703
0.0359725952148438 0.0178947448730469 0.0193557739257813 0.0103073120117188
0.0390396118164063 0.00339508056640625 0.0206985473632813 0.00522994995117188
0.0323085784912109 -0.0100193023681641 0.0130386352539063 -0.000620841979980469
0.0239028930664063 -0.0245456695556641 0.00342631340026856 -0.00428628921508789
0.0141716003417969 -0.0271759033203125 -0.00263881683349609 0.00537776947021484
0.0144329071044922 -0.0246925354003906 -0.00843238830566406 0.0140504837036133
0.0155601501464844 -0.0271282196044922 -0.0138416290283203 0.0187816619873047
0.0215282440185547 -0.0245819091796875 -0.0228919982910156 0.0144023895263672
0.0297641754150391 -0.0138416290283203 -0.0291500091552734 0.0081024169921875
0.0344867706298828 -0.00373077392578125 -0.0230007171630859 -0.00510215759277344
0.0316619873046875 0.0154190063476563 -0.0131464004516602 -0.0128355026245117
0.0312023162841797 0.02825927734375 0.00484228134155274 0.000336170196533205
0.0262432098388672 0.0331535339355469 0.0080413818359375 0.0230922698974609
0.0201435089111328 0.0299892425537109 0.0248966217041016 0.00519943237304688
0.030242919921875 0.0266208648681641 0.0268173217773438 0.0174560546875
0.0312595367431641 0.0149879455566406 0.0176944732666016 0.0129985809326172
0.0319614410400391 0.00174331665039063 0.0147905349731445 0.010899543762207
0.0257225036621094 -0.00966644287109375 0.00750732421875 0.00708389282226562
0.0170097351074219 -0.0206089019775391 -0.000620365142822265 0.00703763961791992
0.00947189331054688 -0.0208015441894531 -0.00440406799316406 0.0172548294067383
0.00972747802734375 -0.0185737609863281 -0.00925827026367187 0.0245170593261719
0.0100860595703125 -0.0213851928710937 -0.0155830383300781 0.0274600982666016
0.0144004821777344 -0.0201072692871094 -0.0256862640380859 0.02178955078125
0.0221824645996094 -0.0123481750488281 -0.0299873352050781 0.0141620635986328
0.0269432067871094 -0.00537109375 -0.0231132507324219 0.000219345092773432
0.0267696380615234 0.0116081237792969 -0.0114326477050781 -0.00716114044189453
0.02593994140625 0.0236377716064453 0.0105323791503906 0.00837135314941406
0.0205154418945313 0.0285282135009766 0.0144462585449219 0.0353889465332031
0.0101642608642578 0.0190887451171875 0.0294456481933594 0.0122737884521484
0.0193939208984375 0.0186500549316406 0.0282058715820313 0.020660400390625
0.0201950073242188 0.00902557373046875 0.016082763671875 0.0156354904174805
0.0192127227783203 -0.000486373901367188 0.0103979110717773 0.0157051086425781
0.0139093399047852 -0.00763225555419922 0.00496387481689453 0.0133152008056641
0.0072174072265625 -0.0125532150268555 -0.00229454040527344 0.0151338577270508
0.00290203094482422 -0.0104837417602539 -0.00473976135253906 0.0250167846679688
0.00352287292480469 -0.0098419189453125 -0.00837516784667969 0.0306034088134766
0.00316905975341797 -0.0119266510009766 -0.0154838562011719 0.0333499908447266
0.00518703460693359 -0.0134096145629883 -0.0270252227783203 0.0272941589355469
0.0114030838012695 -0.0101737976074219 -0.0294075012207031 0.0181713104248047
0.0168294906616211 -0.00648975372314453 -0.0231075286865234 0.0047760009765625
0.0190067291259766 0.0055084228515625 -0.00998306274414062 -0.00211715698242187
0.0180587768554688 0.0154743194580078 0.0130739212036133 0.0147953033447266
0.0114250183105469 0.0197772979736328 0.0174751281738281 0.0432090759277344
-0.00470685958862305 -0.00216102600097656 -0.0223197937011719 -0.0428009033203125
-0.00879669189453125 -0.00313282012939453 -0.0113973617553711 -0.0164327621459961
-0.00971603393554688 0.0045614242553711 0.009674072265625 0.000941276550292969
-0.00333690643310547 0.00957393646240234 0.0280475616455078 -0.0062255859375
0.00161170959472656 0.00766229629516601 0.0319366455078125 -0.0194988250732422
0.00348329544067383 0.00525856018066406 0.0272254943847656 -0.0349502563476563
0.00381302833557129 -6.46114349365234E-05 0.0153923034667969 -0.0394973754882813
0.00237965583801269 0.00125217437744141 0.006378173828125 -0.0329399108886719
0.00225663185119629 0.00159764289855957 0.00219535827636719 -0.0279216766357422
0.00202846527099609 0.000792026519775391 0.000324249267578127 -0.023284912109375
0.000669240951538086 0.00248861312866211 -0.00764846801757812 -0.0193347930908203
-0.00403904914855957 0.00377893447875976 -0.0108489990234375 -0.0192165374755859
-0.00772762298583984 -0.00431489944458008 -0.0129184722900391 -0.0247421264648437
-0.00378894805908203 -0.0109167098999023 -0.02679443359375 -0.0236263275146484
-0.00311470031738281 -0.00850105285644531 -0.0286540985107422 -0.0185298919677734
0.00769233703613281 0.0122280120849609 -0.0186042785644531 -0.0412139892578125
0.00436830520629883 0.00717735290527344 -0.00717639923095703 -0.0144538879394531
0.00273036956787109 0.00967502593994141 0.0117826461791992 -0.000355720520019531
0.00924301147460938 0.0106430053710938 0.0290546417236328 -0.00858116149902344
0.0129756927490234 0.0045928955078125 0.0304431915283203 -0.02130126953125
0.0131597518920898 -0.00380992889404297 0.0250701904296875 -0.0353622436523438
0.0103616714477539 -0.0110960006713867 0.0131034851074219 -0.0372772216796875
0.00951862335205078 -0.00989341735839844 0.00369453430175781 -0.0299358367919922
0.00928115844726563 -0.0106897354125977 -0.000335693359375001 -0.0249729156494141
0.0134649276733398 -0.00943946838378906 -0.00314903259277344 -0.0223484039306641
0.0155744552612305 -0.00291156768798828 -0.0111808776855469 -0.0187721252441406
0.0124845504760742 0.00315666198730469 -0.0125942230224609 -0.0217323303222656
0.00633668899536133 0.00496244430541992 -0.0134201049804687 -0.0262699127197266
0.00911331176757813 0.00298881530761719 -0.0237140655517578 -0.0241184234619141
0.00928306579589844 0.00557613372802734 -0.0252017974853516 -0.0178985595703125
0.018463134765625 0.0242176055908203 -0.0121536254882812 -0.0355758666992188
0.0180091857910156 0.0172405242919922 -0.000542640686035154 -0.0094614028930664
0.0157871246337891 0.0145654678344727 0.0145139694213867 0.000839233398437501
0.0223007202148438 0.0097808837890625 0.0298023223876953 -0.00857925415039063
0.0232524871826172 0.000200271606445313 0.0279159545898438 -0.0199871063232422
0.0211582183837891 -0.0126399993896484 0.0203971862792969 -0.0322895050048828
0.0156021118164063 -0.0207958221435547 0.00939178466796875 -0.0314559936523438
0.0148563385009766 -0.0189609527587891 0.000745773315429688 -0.0221405029296875
0.0155811309814453 -0.0210628509521484 -0.00395393371582031 -0.0168819427490234
0.0219745635986328 -0.0188713073730469 -0.00812625885009765 -0.0166358947753906
0.0273418426513672 -0.00793075561523438 -0.0171318054199219 -0.0149936676025391
0.02679443359375 0.00188064575195313 -0.0164222717285156 -0.0208148956298828
0.020111083984375 0.0122509002685547 -0.0151920318603516 -0.0261154174804687
0.0209674835205078 0.0156269073486328 -0.0184707641601563 -0.0215721130371094
0.0197200775146484 0.0187397003173828 -0.0184650421142578 -0.0118026733398438
0.0263481140136719 0.0333271026611328 -0.0027618408203125 -0.0264625549316406
0.0295047760009766 0.0249443054199219 0.00753164291381836 -0.00194120407104492
0.0279541015625 0.0173835754394531 0.0182609558105469 0.00407791137695313
0.0334415435791016 0.00778388977050781 0.0293922424316406 -0.00531768798828125
0.0315113067626953 -0.00460052490234375 0.0244255065917969 -0.0155601501464844
0.0265712738037109 -0.0198326110839844 0.0153331756591797 -0.0257110595703125
0.0181293487548828 -0.0275001525878906 0.00504875183105469 -0.0211105346679688
0.0181236267089844 -0.0255012512207031 -0.0029754638671875 -0.0113554000854492
0.019195556640625 -0.0283622741699219 -0.00790166854858398 -0.00568294525146485
0.0267982482910156 -0.0250778198242187 -0.0140552520751953 -0.00725269317626954
0.0350246429443359 -0.0119895935058594 -0.0223941802978516 -0.00814628601074218
0.0364990234375 -0.000782012939453125 -0.0199241638183594 -0.0170745849609375
0.0298118591308594 0.0167999267578125 -0.0162925720214844 -0.0238571166992187
0.0292797088623047 0.0256080627441406 -0.0115680694580078 -0.016474723815918
0.0269393920898438 0.0288410186767578 -0.00989341735839843 -0.00177383422851562
0.0299720764160156 0.0384712219238281 0.0078277587890625 -0.0156717300415039
0.0366058349609375 0.0309410095214844 0.0163059234619141 0.00585746765136719
0.0365333557128906 0.0192642211914063 0.0194873809814453 0.00776863098144531
0.0405464172363281 0.005645751953125 0.0269050598144531 -0.000288009643554687
0.0358200073242188 -0.0084991455078125 0.0198192596435547 -0.00847816467285156
0.0275497436523438 -0.0249500274658203 0.00949382781982422 -0.0156927108764648
0.0180034637451172 -0.0305652618408203 0.00128078460693359 -0.00830173492431641
0.0183582305908203 -0.0277385711669922 -0.00622987747192383 0.00183534622192383
0.0192718505859375 -0.03082275390625 -0.0116891860961914 0.00715065002441406
0.0269317626953125 -0.0274085998535156 -0.02032470703125 0.00364494323730469
0.0360450744628906 -0.0141754150390625 -0.0272045135498047 -6.86645507812567E-05
0.039581298828125 -0.00283050537109375 -0.0225467681884766 -0.0115470886230469
0.0347785949707031 0.0184135437011719 -0.0154914855957031 -0.0190658569335938
0.0333423614501953 0.0303554534912109 -0.00332307815551758 -0.00865507125854492
0.0293731689453125 0.0343818664550781 -0.000736236572265623 0.0104551315307617
0.027923583984375 0.0381622314453125 0.0177707672119141 -0.00402641296386718
0.0373001098632813 0.0320281982421875 0.0232048034667969 0.0129795074462891
0.0379409790039063 0.01971435546875 0.0197124481201172 0.0114936828613281
0.0411453247070313 0.00386428833007813 0.0218677520751953 0.00604248046875
0.0343837738037109 -0.0103340148925781 0.0132789611816406 -0.000113487243652344
0.0249309539794922 -0.0256233215332031 0.00354886054992676 -0.0038595199584961
0.0158710479736328 -0.0284519195556641 -0.00235557556152344 0.00577878952026367
0.0158519744873047 -0.025665283203125 -0.00834941864013672 0.0147161483764648
0.0163974761962891 -0.0287837982177734 -0.0143909454345703 0.0192451477050781
0.0227241516113281 -0.0257091522216797 -0.0241546630859375 0.0143318176269531
0.0319614410400391 -0.0144691467285156 -0.0302162170410156 0.00801467895507812
0.0366287231445313 -0.00429153442382813 -0.02410888671875 -0.00572395324707032
0.0334987640380859 0.0170497894287109 -0.0139255523681641 -0.0129766464233398
0.0329132080078125 0.0303707122802734 0.00470876693725586 0.000267028808593752
0.0276641845703125 0.0349216461181641 0.00828361511230469 0.0241508483886719
0.02099609375 0.0317153930664063 0.0264263153076172 0.00603485107421875
0.031494140625 0.0287075042724609 0.0282878875732422 0.0186405181884766
0.0319271087646484 0.0164604187011719 0.0187873840332031 0.01397705078125
0.0338058471679687 0.00229072570800781 0.0156135559082031 0.0118370056152344
0.0270481109619141 -0.0097808837890625 0.00793027877807617 0.00760841369628906
0.0177879333496094 -0.0211925506591797 -0.000945091247558593 0.00752162933349609
0.0103187561035156 -0.0218162536621094 -0.00453758239746094 0.0179595947265625
0.0105514526367188 -0.01971435546875 -0.0091552734375 0.0254344940185547
0.0107841491699219 -0.0222053527832031 -0.016021728515625 0.0289211273193359
0.0156097412109375 -0.0210170745849609 -0.0271759033203125 0.0226268768310547
0.0236988067626953 -0.013031005859375 -0.0311241149902344 0.0142650604248047
0.0286712646484375 -0.00529861450195313 -0.0242061614990234 -0.00025558471679688
0.0281448364257813 0.0124092102050781 -0.0118265151977539 -0.00724697113037109
0.0272617340087891 0.0253143310546875 0.0110998153686523 0.00890254974365235
0.0211830139160156 0.0305881500244141 0.0145683288574219 0.0366630554199219
0.0102348327636719 0.0205593109130859 0.0312652587890625 0.0129776000976563
0.0203704833984375 0.0195350646972656 0.029144287109375 0.0218276977539063
0.0214786529541016 0.0103302001953125 0.0162296295166016 0.0161895751953125
0.0209121704101563 1.9073486328125E-06 0.0107660293579102 0.0165977478027344
0.0145626068115234 -0.00804710388183594 0.00448322296142578 0.0141143798828125
0.00759124755859375 -0.0131006240844727 -0.00284385681152344 0.0167064666748047
0.00348377227783203 -0.0111083984375 -0.00506210327148437 0.0263023376464844
0.00418376922607422 -0.0102033615112305 -0.0086822509765625 0.0318470001220703
0.00334453582763672 -0.0127248764038086 -0.0163707733154297 0.0346775054931641
0.0055694580078125 -0.0137577056884766 -0.0283203125 0.0282249450683594
0.0124235153198242 -0.0111751556396484 -0.0311145782470703 0.0186328887939453
0.0175743103027344 -0.00661277770996094 -0.0240764617919922 0.00470161437988281
0.0198459625244141 0.00608444213867188 -0.0103607177734375 -0.00196361541748047
0.0189666748046875 0.0166664123535156 0.0133991241455078 0.0155572891235352
0.0119876861572266 0.0211067199707031 0.0182876586914063 0.0459327697753906
-0.00525760650634766 -0.00202798843383789 -0.0242271423339844 -0.0451545715332031
-0.0101404190063477 -0.00301933288574219 -0.0129671096801758 -0.0170631408691406
-0.00972175598144531 0.00415515899658203 0.00938606262207031 0.000969886779785156
-0.0035552978515625 0.0102157592773438 0.029266357421875 -0.00693130493164063
0.00205087661743164 0.00767612457275391 0.0334415435791016 -0.0220909118652344
0.00423192977905273 0.00509500503540039 0.0272636413574219 -0.0375442504882813
0.00326752662658691 0.000119447708129883 0.0157508850097656 -0.0421562194824219
0.00258064270019531 0.000774145126342773 0.00556564331054688 -0.0353584289550781
0.00240683555603027 0.0019371509552002 0.00162124633789062 -0.0292167663574219
0.00237536430358887 0.00112247467041016 -0.000637054443359374 -0.0248088836669922
0.000139236450195312 0.0023958683013916 -0.00830841064453125 -0.0204792022705078
-0.00453710556030273 0.00338935852050781 -0.0114402770996094 -0.0210914611816406
-0.00874137878417969 -0.00407314300537109 -0.0144443511962891 -0.0258998870849609
-0.00501441955566406 -0.0116033554077148 -0.0286331176757813 -0.0240936279296875
-0.00407123565673828 -0.00867700576782227 -0.0309658050537109 -0.0196781158447266
0.00854396820068359 0.012211799621582 -0.0199699401855469 -0.0432548522949219
0.00421047210693359 0.00750398635864258 -0.00766944885253906 -0.0149412155151367
0.00319576263427734 0.0104188919067383 0.011652946472168 -0.000381469726562499
0.00990962982177735 0.0104589462280273 0.0300273895263672 -0.0101566314697266
0.0131778717041016 0.00461769104003906 0.03167724609375 -0.0231285095214844
0.0138120651245117 -0.00411510467529297 0.0252227783203125 -0.0378074645996094
0.0109701156616211 -0.0125150680541992 0.01202392578125 -0.0401268005371094
0.00908756256103516 -0.0109357833862305 0.00328826904296875 -0.0318279266357422
0.00974750518798828 -0.0118350982666016 -0.00129318237304687 -0.026458740234375
0.0134096145629883 -0.0100069046020508 -0.00378608703613281 -0.0236530303955078
0.0161027908325195 -0.00313568115234375 -0.0122489929199219 -0.0202713012695313
0.0132322311401367 0.003082275390625 -0.0134162902832031 -0.0229377746582031
0.00697898864746094 0.00478839874267578 -0.0149345397949219 -0.0278434753417969
0.00959968566894531 0.00289535522460938 -0.0257415771484375 -0.025787353515625
0.0101556777954102 0.00583362579345703 -0.0277023315429688 -0.0190582275390625
0.0200729370117188 0.0250110626220703 -0.013092041015625 -0.0374984741210937
0.019073486328125 0.0174407958984375 -0.000349044799804687 -0.0095834732055664
0.0175619125366211 0.0150737762451172 0.0153207778930664 0.00157737731933594
0.0242633819580078 0.00951576232910156 0.0308799743652344 -0.00979232788085938
0.0243892669677734 -0.00042724609375 0.0292720794677734 -0.0219020843505859
0.0225391387939453 -0.0130157470703125 0.0204010009765625 -0.0350418090820313
0.0159816741943359 -0.0226058959960938 0.00890922546386719 -0.0331172943115234
0.0153312683105469 -0.0210132598876953 -0.000120162963867186 -0.0233573913574219
0.0165081024169922 -0.0230560302734375 -0.00529861450195312 -0.0179576873779297
0.0228672027587891 -0.0205535888671875 -0.0101108551025391 -0.0170745849609375
0.0289115905761719 -0.00906562805175781 -0.0183773040771484 -0.0160179138183594
0.0286731719970703 0.000957489013671875 -0.01739501953125 -0.0214462280273438
0.0213851928710937 0.0125446319580078 -0.0164337158203125 -0.0273418426513672
0.0228176116943359 0.0164546966552734 -0.0204353332519531 -0.0228805541992188
0.0214824676513672 0.0197944641113281 -0.0207328796386719 -0.0125579833984375
0.0284347534179687 0.0352058410644531 -0.00302314758300781 -0.0280990600585938
0.0318641662597656 0.0261192321777344 0.00769567489624024 -0.00177288055419922
0.0302314758300781 0.0180511474609375 0.0192298889160156 0.00422286987304688
0.035919189453125 0.00660324096679687 0.0310153961181641 -0.00666427612304688
0.0332660675048828 -0.00552177429199219 0.0254783630371094 -0.0168666839599609
0.0270423889160156 -0.0220432281494141 0.0152969360351563 -0.0273933410644531
0.0190925598144531 -0.0295829772949219 0.00454902648925781 -0.0227184295654297
0.0180397033691406 -0.0282840728759766 -0.00316047668457031 -0.0122165679931641
0.019287109375 -0.0307159423828125 -0.00841951370239258 -0.00617599487304688
0.0273494720458984 -0.0275688171386719 -0.0150461196899414 -0.00767135620117188
0.0364799499511719 -0.0140266418457031 -0.0238437652587891 -0.00867843627929687
0.0384902954101562 -0.00152206420898437 -0.0212841033935547 -0.0181083679199219
0.0325279235839844 0.0175247192382813 -0.0174942016601563 -0.0246944427490234
0.0323371887207031 0.0261020660400391 -0.0125150680541992 -0.017207145690918
0.0292930603027344 0.0299358367919922 -0.0111675262451172 -0.0023508071899414
0.0328254699707031 0.0404777526855469 0.00878524780273438 -0.0167045593261719
0.0394821166992187 0.0312957763671875 0.0173511505126953 0.00589275360107422
0.0395393371582031 0.0206260681152344 0.0206546783447266 0.00802993774414063
0.0436019897460938 0.0046539306640625 0.0279827117919922 -0.000574111938476562
0.0378456115722656 -0.00991439819335938 0.0204944610595703 -0.0085601806640625
0.0293750762939453 -0.0270423889160156 0.00870704650878906 -0.0162849426269531
0.0186882019042969 -0.03289794921875 0.000947475433349611 -0.00818490982055664
0.0185623168945313 -0.0302944183349609 -0.00565910339355469 0.00205373764038086
0.0195388793945312 -0.0332660675048828 -0.0121326446533203 0.00710296630859375
0.0277614593505859 -0.0301799774169922 -0.0213584899902344 0.00415992736816406
0.0381126403808594 -0.0163383483886719 -0.0282764434814453 0.000314712524414057
0.0423622131347656 -0.00411605834960938 -0.0239963531494141 -0.0120639801025391
0.0371971130371094 0.0185394287109375 -0.0171432495117188 -0.0198020935058594
0.0360069274902344 0.0321693420410156 -0.00395774841308593 -0.00955104827880859
0.03253173828125 0.0359611511230469 -0.000235557556152341 0.0107660293579102
0.0298423767089844 0.04083251953125 0.0191020965576172 -0.00510597229003906
0.0407905578613281 0.0331764221191406 0.0248165130615234 0.0136547088623047
0.0406379699707031 0.0202522277832031 0.0211982727050781 0.0128631591796875
0.0437583923339844 0.00335693359375 0.0233573913574219 0.00680351257324219
0.0370368957519531 -0.01153564453125 0.013885498046875 -5.34057617187507E-05
0.0263118743896484 -0.0271205902099609 0.00318551063537598 -0.00361847877502442
0.0159339904785156 -0.0307960510253906 -0.00283622741699219 0.00642538070678711
0.0164508819580078 -0.0280437469482422 -0.00857353210449219 0.0154857635498047
0.0167064666748047 -0.0309467315673828 -0.0150642395019531 0.0196208953857422
0.0233097076416016 -0.0279216766357422 -0.0261497497558594 0.0156517028808594
0.0339984893798828 -0.0161209106445313 -0.0318145751953125 0.00909042358398437
0.0385055541992188 -0.00537490844726563 -0.0254859924316406 -0.00530815124511719
0.0367202758789063 0.0174407958984375 -0.0143890380859375 -0.0127763748168945
0.0353431701660156 0.0317726135253906 0.00491189956665039 -5.72204589843555E-06
0.0300712585449219 0.0365943908691406 0.00933265686035156 0.0256214141845703
0.0225982666015625 0.0332317352294922 0.0290699005126953 0.00586509704589844
0.0339832305908203 0.0293159484863281 0.0301666259765625 0.0192241668701172
0.0343875885009766 0.0173435211181641 0.0194892883300781 0.0149879455566406
0.0363121032714844 0.00164794921875 0.0166740417480469 0.0118370056152344
0.0283870697021484 -0.0116939544677734 0.00796985626220703 0.00833654403686523
0.0185050964355469 -0.0228614807128906 -0.00118160247802734 0.00901508331298828
0.0104942321777344 -0.02362060546875 -0.00406455993652344 0.0187702178955078
0.0107593536376953 -0.0210285186767578 -0.00865936279296875 0.0267105102539063
0.0109119415283203 -0.0232982635498047 -0.0163383483886719 0.0299930572509766
0.0152721405029297 -0.0227851867675781 -0.0282249450683594 0.0248184204101562
0.0245037078857422 -0.0143508911132812 -0.0326366424560547 0.0159759521484375
0.0308971405029297 -0.0064544677734375 -0.0258750915527344 0.000318527221679688
0.0301437377929688 0.0132827758789062 -0.0126781463623047 -0.00701618194580078
0.0297183990478516 0.0267124176025391 0.0115785598754883 0.00788974761962891
0.0238170623779297 0.0322132110595703 0.0161628723144531 0.0381584167480469
0.0114326477050781 0.0219745635986328 0.0343914031982422 0.0128326416015625
0.0219898223876953 0.0202751159667969 0.0322761535644531 0.0227565765380859
0.022308349609375 0.0107574462890625 0.0176620483398438 0.0173797607421875
0.0218715667724609 -0.000400543212890625 0.0117778778076172 0.0178661346435547
0.0156040191650391 -0.00844478607177734 0.00452518463134766 0.0153779983520508
0.00802993774414062 -0.0141639709472656 -0.00281715393066406 0.0183315277099609
0.00380420684814453 -0.0117521286010742 -0.00416374206542969 0.0278949737548828
0.00439643859863281 -0.0112237930297852 -0.00848960876464844 0.0344467163085938
0.00366878509521484 -0.0136632919311523 -0.0165138244628906 0.0370292663574219
0.00540637969970703 -0.0149660110473633 -0.0294914245605469 0.0307788848876953
0.0128822326660156 -0.0120153427124023 -0.0324172973632813 0.0206508636474609
0.0182685852050781 -0.00726509094238281 -0.0255088806152344 0.00557136535644532
0.0210819244384766 0.00635528564453125 -0.0108489990234375 -0.00171375274658203
0.0206012725830078 0.0172691345214844 0.0150537490844727 0.0156431198120117
0.0131168365478516 0.0221462249755859 0.0197296142578125 0.0476875305175781
-0.00365114212036133 -0.00238156318664551 -0.0279769897460938 -0.0453376770019531
-0.00983142852783203 -0.00220870971679688 -0.0139837265014648 -0.0165719985961914
-0.0102663040161133 0.00660228729248047 0.0115118026733398 0.00107574462890625
-0.00428199768066406 0.0101404190063477 0.0298423767089844 -0.00941848754882813
0.00101852416992187 0.00823259353637695 0.0326309204101563 -0.0247840881347656
0.00411510467529297 0.00614023208618164 0.0273818969726563 -0.0421409606933594
0.00336217880249023 -0.000449419021606445 0.0139503479003906 -0.045501708984375
0.0036158561706543 -4.29153442382812E-05 0.00447463989257812 -0.0365791320800781
0.00254940986633301 0.00177454948425293 -0.0001983642578125 -0.0311679840087891
0.00202333927154541 0.00205492973327637 -0.00205802917480469 -0.0259532928466797
-0.000222086906433106 0.0016930103302002 -0.0101966857910156 -0.0205268859863281
-0.00557184219360351 0.00338554382324219 -0.0133190155029297 -0.0214347839355469
-0.00883579254150391 -0.00544166564941406 -0.0168495178222656 -0.0263023376464844
-0.00528240203857422 -0.0117015838623047 -0.0318450927734375 -0.0239009857177734
-0.00231838226318359 -0.0100069046020508 -0.0340785980224609 -0.0185928344726562
0.00921058654785156 0.0113334655761719 -0.0233230590820312 -0.0438270568847656
0.00600719451904297 0.0067901611328125 -0.00922584533691406 -0.0160675048828125
0.00333595275878906 0.0115222930908203 0.0126008987426758 -0.00127601623535156
0.0115556716918945 0.00984954833984375 0.0303859710693359 -0.0115451812744141
0.0131502151489258 0.0042572021484375 0.0311832427978516 -0.0254287719726563
0.015772819519043 -0.005401611328125 0.0230216979980469 -0.0406112670898438
0.0095367431640625 -0.0138883590698242 0.0113639831542969 -0.0423622131347656
0.00892257690429688 -0.0123958587646484 0.00192832946777344 -0.0338001251220703
0.0102872848510742 -0.0122747421264648 -0.00238609313964844 -0.0268688201904297
0.0145139694213867 -0.0120096206665039 -0.00523185729980469 -0.0247688293457031
0.0173368453979492 -0.00420570373535156 -0.0131473541259766 -0.0213470458984375
0.0141258239746094 0.00190639495849609 -0.0144023895263672 -0.0242786407470703
0.00846004486083984 0.00454854965209961 -0.0166969299316406 -0.0271320343017578
0.0110864639282227 0.00181007385253906 -0.0286884307861328 -0.0256900787353516
0.0114765167236328 0.00626564025878906 -0.0302467346191406 -0.0184993743896484
0.0228843688964844 0.0258865356445313 -0.0149002075195312 -0.0381965637207031
0.0206737518310547 0.0171699523925781 -0.000135421752929686 -0.00985527038574219
0.0196075439453125 0.0145778656005859 0.0160579681396484 0.00041484832763672
0.0260372161865234 0.00778388977050781 0.0326328277587891 -0.0111122131347656
0.0260505676269531 -0.00155258178710938 0.0286350250244141 -0.0229701995849609
0.0222206115722656 -0.0157890319824219 0.0193977355957031 -0.0375137329101563
0.0149822235107422 -0.0249881744384766 0.0068817138671875 -0.0344257354736328
0.0143756866455078 -0.0222816467285156 -0.00181770324707031 -0.0231781005859375
0.0158672332763672 -0.0258388519287109 -0.00658226013183594 -0.0191192626953125
0.0229110717773438 -0.0223598480224609 -0.0113906860351562 -0.0173921585083008
0.0295295715332031 -0.0112552642822266 -0.0189971923828125 -0.0160980224609375
0.0309047698974609 -0.000375747680664062 -0.0187721252441406 -0.0215225219726562
0.0226650238037109 0.0130043029785156 -0.0177860260009766 -0.0277805328369141
0.0242633819580078 0.0159206390380859 -0.0223789215087891 -0.0226631164550781
0.0245494842529297 0.0177669525146484 -0.0215854644775391 -0.0115604400634766
0.0327281951904297 0.0349922180175781 -0.0045928955078125 -0.02880859375
0.0349369049072266 0.0253963470458984 0.00766468048095703 -0.00257587432861328
0.0334072113037109 0.0171108245849609 0.0195846557617188 0.00305938720703125
0.0372161865234375 0.0052642822265625 0.0310611724853516 -0.00830650329589844
0.0338840484619141 -0.00757598876953125 0.0248870849609375 -0.0191364288330078
0.0268478393554688 -0.0235691070556641 0.0135746002197266 -0.0297813415527344
0.01708984375 -0.0323448181152344 0.00383758544921875 -0.0234031677246094
0.0180263519287109 -0.0300960540771484 -0.00404930114746094 -0.0122604370117188
0.0186557769775391 -0.0333328247070312 -0.00981521606445313 -0.00552654266357422
0.0264492034912109 -0.0302963256835937 -0.0151166915893555 -0.00687122344970703
0.0369606018066406 -0.0162124633789063 -0.0258407592773437 -0.00783729553222657
0.0403213500976563 -0.00365447998046875 -0.0238914489746094 -0.0171394348144531
0.0342731475830078 0.0166015625 -0.0200099945068359 -0.0250682830810547
0.0345077514648438 0.0263271331787109 -0.0140209197998047 -0.0174388885498047
0.0320262908935547 0.0296173095703125 -0.0119390487670898 -0.00258827209472656
0.0358085632324219 0.0405540466308594 0.0091094970703125 -0.0187110900878906
0.0429801940917969 0.0299491882324219 0.0191688537597656 0.00478935241699219
0.0423965454101563 0.0186653137207031 0.022186279296875 0.00806427001953125
0.0457572937011719 0.00261306762695312 0.0297412872314453 -0.00164031982421875
0.0387649536132813 -0.0117683410644531 0.0205421447753906 -0.0100631713867188
0.0285625457763672 -0.0295677185058594 0.00884246826171875 -0.0176525115966797
0.0180168151855469 -0.0358734130859375 -8.01086425781235E-05 -0.00836563110351563
0.0183677673339844 -0.0325431823730469 -0.00562238693237305 0.00170850753784179
0.0185089111328125 -0.0364456176757813 -0.0122871398925781 0.00795173645019531
0.0269927978515625 -0.0338325500488281 -0.0222511291503906 0.00543212890625
0.0384025573730469 -0.0188331604003906 -0.0303001403808594 0.00213623046875
0.0446510314941406 -0.0065155029296875 -0.0264759063720703 -0.0115184783935547
0.0400733947753906 0.0175094604492188 -0.0184974670410156 -0.0183544158935547
0.0402297973632812 0.0312614440917969 -0.00421142578125 -0.00936412811279297
0.0359039306640625 0.0355377197265625 0.000452995300292971 0.0114727020263672
0.0336685180664063 0.0407524108886719 0.0208206176757813 -0.00560951232910156
0.04278564453125 0.0334243774414063 0.02667236328125 0.0121898651123047
0.0442085266113281 0.0194358825683594 0.0220737457275391 0.0126781463623047
0.046478271484375 0.001983642578125 0.0240268707275391 0.005615234375
0.0376319885253906 -0.0146942138671875 0.0148744583129883 -0.000954627990722657
0.0248279571533203 -0.0304183959960938 0.00316715240478516 -0.00360870361328125
0.0148124694824219 -0.0326900482177734 -0.00258922576904297 0.00740909576416015
0.0158367156982422 -0.0312633514404297 -0.0061349868774414 0.016484260559082
0.0150814056396484 -0.0325660705566406 -0.0150241851806641 0.0217876434326172
0.0220661163330078 -0.030975341796875 -0.0250873565673828 0.0184516906738281
0.0339260101318359 -0.0184535980224609 -0.0330944061279297 0.0105457305908203
0.0406455993652344 -0.00738525390625 -0.0274524688720703 -0.00413131713867188
0.0382728576660156 0.0172538757324219 -0.0154905319213867 -0.0135011672973633
0.0382957458496094 0.0318756103515625 0.00402712821960449 -0.000538349151611326
0.0330886840820312 0.0365753173828125 0.0100765228271484 0.0256862640380859
0.0254421234130859 0.0328273773193359 0.0319442749023438 0.00374221801757813
0.03619384765625 0.0282630920410156 0.0324020385742188 0.0181980133056641
0.03680419921875 0.0158233642578125 0.0201797485351563 0.0147018432617188
0.0379066467285156 0.000247955322265625 0.0183925628662109 0.0118980407714844
0.0286960601806641 -0.0136909484863281 0.00798797607421875 0.00903415679931641
0.0188236236572266 -0.0243663787841797 -0.00121974945068359 0.00988483428955078
0.00989151000976563 -0.0252685546875 -0.00394439697265625 0.0200977325439453
0.0101165771484375 -0.0225257873535156 -0.00774192810058594 0.0269527435302734
0.0101737976074219 -0.0253429412841797 -0.0143623352050781 0.0321254730224609
0.0152606964111328 -0.0249423980712891 -0.02789306640625 0.0274562835693359
0.0254592895507813 -0.0174999237060547 -0.0325965881347656 0.0173606872558594
0.0318527221679688 -0.00793266296386719 -0.0267677307128906 0.00211334228515625
0.0327625274658203 0.0118198394775391 -0.0128564834594727 -0.00698471069335937
0.0320472717285156 0.0274467468261719 0.0122041702270508 0.00799083709716797
0.0259971618652344 0.031402587890625 0.0191230773925781 0.0376625061035156
0.0127086639404297 0.0220603942871094 0.03582763671875 0.0115470886230469
0.0232620239257813 0.0199680328369141 0.0356025695800781 0.0211296081542969
0.0235652923583984 0.0102405548095703 0.0197734832763672 0.0175437927246094
0.0228404998779297 -0.00125503540039063 0.0134639739990234 0.0181159973144531
0.0161495208740234 -0.00916290283203125 0.00593948364257813 0.0169944763183594
0.00723743438720703 -0.0153579711914062 -0.00180435180664062 0.0199222564697266
0.00346755981445312 -0.0124950408935547 -0.00272369384765625 0.0288906097412109
0.00387287139892578 -0.0124034881591797 -0.00645065307617187 0.0352592468261719
0.00332832336425781 -0.0144729614257813 -0.0149192810058594 0.0392036437988281
0.00502204895019531 -0.0153055191040039 -0.0284481048583984 0.0329093933105469
0.0130453109741211 -0.0135030746459961 -0.0324840545654297 0.0228233337402344
0.0193443298339844 -0.00841140747070313 -0.0260658264160156 0.00765419006347656
0.0226955413818359 0.00637054443359375 -0.0117759704589844 -0.00120830535888672
0.0220966339111328 0.017242431640625 0.0159549713134766 0.0152692794799805
0.0151538848876953 0.022247314453125 0.02215576171875 0.0488204956054688
-0.00578594207763672 -0.00168323516845703 -0.0290908813476563 -0.0450477600097656
-0.010711669921875 -0.0021514892578125 -0.0148143768310547 -0.0163345336914063
-0.0103769302368164 0.00620460510253906 0.0103130340576172 -0.00048828125
-0.00325679779052734 0.00958061218261719 0.02880859375 -0.0113143920898438
0.0014042854309082 0.00811004638671875 0.0320091247558594 -0.0268821716308594
0.00502157211303711 0.004730224609375 0.0249748229980469 -0.0424041748046875
0.00409746170043945 -0.00089573860168457 0.0109481811523437 -0.0460052490234375
0.00314545631408691 0.000260114669799805 0.0028076171875 -0.0368690490722656
0.00195622444152832 0.00131058692932129 -0.00203132629394531 -0.0313663482666016
0.00165081024169922 0.00127148628234863 -0.00325584411621094 -0.0270023345947266
-0.000127553939819336 0.00276637077331543 -0.0107841491699219 -0.0219993591308594
-0.00469970703125 0.00408458709716797 -0.0134544372558594 -0.0216827392578125
-0.00856733322143555 -0.00435590744018555 -0.0183372497558594 -0.0266208648681641
-0.00600051879882813 -0.0117654800415039 -0.0340423583984375 -0.023223876953125
-0.00390434265136719 -0.00879287719726563 -0.0356941223144531 -0.0187835693359375
0.0102624893188477 0.0120248794555664 -0.0256118774414062 -0.0439529418945312
0.00528955459594727 0.00710105895996094 -0.0100030899047852 -0.0143795013427734
0.00448131561279297 0.0109643936157227 0.0133447647094727 -0.001495361328125
0.0112791061401367 0.00945854187011719 0.0299701690673828 -0.0137767791748047
0.014124870300293 0.00316810607910156 0.0306434631347656 -0.0271282196044922
0.0137653350830078 -0.00540447235107422 0.0215072631835938 -0.0418014526367188
0.0101232528686523 -0.0145320892333984 0.00864791870117187 -0.0435409545898438
0.00884342193603516 -0.0133485794067383 0.00018119812011719 -0.0338001251220703
0.00949478149414063 -0.013798713684082 -0.00473594665527343 -0.0272808074951172
0.0124444961547852 -0.013035774230957 -0.00735282897949219 -0.0254116058349609
0.0164241790771484 -0.00595188140869141 -0.0147743225097656 -0.0210800170898438
0.0145626068115234 0.00172328948974609 -0.017059326171875 -0.0232601165771484
0.00799751281738281 0.00390195846557617 -0.01898193359375 -0.0276889801025391
0.0105209350585937 0.00209808349609375 -0.0303840637207031 -0.0237922668457031
0.012059211730957 0.00464725494384766 -0.0316581726074219 -0.0181255340576172
0.0242328643798828 0.0247211456298828 -0.0167350769042969 -0.0388221740722656
0.0219459533691406 0.01611328125 -0.00244808197021484 -0.00950145721435547
0.02020263671875 0.0146884918212891 0.0167436599731445 -5.91278076171866E-05
0.0261402130126953 0.00746536254882812 0.0314064025878906 -0.0130271911621094
0.0264472961425781 -0.00301551818847656 0.0275993347167969 -0.0256118774414063
0.0218772888183594 -0.0162734985351563 0.0175132751464844 -0.0384445190429688
0.0148048400878906 -0.0256996154785156 0.00537490844726563 -0.0359840393066406
0.0134220123291016 -0.0244941711425781 -0.00240135192871094 -0.0248451232910156
0.0146617889404297 -0.0269737243652344 -0.00703620910644531 -0.0185394287109375
0.0212936401367188 -0.0239677429199219 -0.0122146606445312 -0.0184669494628906
0.0289325714111328 -0.0132923126220703 -0.0198478698730469 -0.0155353546142578
0.0296688079833984 -0.00241661071777344 -0.0202426910400391 -0.0214691162109375
0.0233078002929688 0.0113353729248047 -0.0207176208496094 -0.0271968841552734
0.0254764556884766 0.0153312683105469 -0.0248222351074219 -0.022705078125
0.0255355834960938 0.0183620452880859 -0.0229606628417969 -0.0127143859863281
0.0345287322998047 0.03399658203125 -0.00537681579589844 -0.0299568176269531
0.0362167358398438 0.0228996276855469 0.00787734985351563 -0.00301599502563476
0.0343723297119141 0.0171298980712891 0.020751953125 0.00270843505859375
0.0383834838867188 0.002838134765625 0.0320053100585938 -0.00971412658691406
0.0350227355957031 -0.0101966857910156 0.0244655609130859 -0.0197696685791016
0.0272483825683594 -0.0265102386474609 0.0125675201416016 -0.0300407409667969
0.0162906646728516 -0.0339622497558594 0.00214958190917969 -0.0245399475097656
0.0158920288085938 -0.0327568054199219 -0.00441169738769531 -0.0122184753417969
0.0168380737304688 -0.0350189208984375 -0.00921821594238281 -0.00591754913330078
0.0254650115966797 -0.0326099395751953 -0.0174436569213867 -0.00670719146728515
0.0366477966308594 -0.019439697265625 -0.0264415740966797 -0.00698471069335938
0.0409622192382813 -0.00641632080078125 -0.0242786407470703 -0.0172939300537109
0.0367012023925781 0.015106201171875 -0.0206317901611328 -0.0235099792480469
0.0364341735839844 0.0244522094726563 -0.0158891677856445 -0.0171546936035156
0.0348968505859375 0.028778076171875 -0.0119237899780273 -0.00256252288818359
0.0384597778320313 0.0392875671386719 0.00820732116699219 -0.0191860198974609
0.04461669921875 0.0284881591796875 0.0190677642822266 0.00412559509277344
0.0442695617675781 0.017486572265625 0.0227165222167969 0.00698089599609375
0.0474433898925781 -6.103515625E-05 0.029754638671875 -0.00389480590820313
0.0384941101074219 -0.0153274536132813 0.0196971893310547 -0.0108070373535156
0.0278053283691406 -0.0314159393310547 0.00785064697265625 -0.0168313980102539
0.0164794921875 -0.0368995666503906 0.00037813186645508 -0.00843000411987305
0.0160083770751953 -0.0349292755126953 -0.00557947158813476 0.00181198120117187
0.0168304443359375 -0.0376510620117188 -0.012721061706543 0.00858974456787109
0.0253200531005859 -0.0351104736328125 -0.0221786499023438 0.00644683837890625
0.0387001037597656 -0.0217170715332031 -0.0293312072753906 0.00278854370117187
0.0440559387207031 -0.0091094970703125 -0.0267181396484375 -0.0104446411132813
0.0420074462890625 0.016754150390625 -0.0191860198974609 -0.0177803039550781
0.0422439575195313 0.0296745300292969 -0.00543498992919921 -0.00971126556396484
0.0386924743652344 0.0349617004394531 0.000913619995117189 0.0105018615722656
0.0362586975097656 0.0389328002929688 0.0202617645263672 -0.00724983215332031
0.0450859069824219 0.0308837890625 0.0275974273681641 0.0106620788574219
0.0454330444335938 0.018341064453125 0.0233821868896484 0.0101509094238281
0.047210693359375 -0.00109481811523438 0.0247840881347656 0.00458335876464844
0.0378456115722656 -0.0169143676757813 0.014434814453125 -0.000400543212890626
0.0250263214111328 -0.0321941375732422 0.00251078605651856 -0.00281548500061035
0.0132675170898437 -0.0343284606933594 -0.00165843963623047 0.00641393661499023
0.0141429901123047 -0.0323810577392578 -0.00606155395507812 0.0166797637939453
0.0141830444335938 -0.0350875854492188 -0.01336669921875 0.022369384765625
0.0209808349609375 -0.0328350067138672 -0.0254497528076172 0.0189437866210938
0.0338459014892578 -0.0220603942871094 -0.0319423675537109 0.0126266479492187
0.0415878295898438 -0.0102348327636719 -0.0275421142578125 -0.00331306457519532
0.040191650390625 0.0152206420898438 -0.0164356231689453 -0.0119905471801758
0.0408935546875 0.0302085876464844 0.00507116317749024 -0.00130844116210937
0.035614013671875 0.0356101989746094 0.0118007659912109 0.0241069793701172
0.02764892578125 0.0330028533935547 0.0317916870117188 0.00232505798339844
0.0378074645996094 0.0273933410644531 0.0345211029052734 0.0162086486816406
0.0391502380371094 0.0160102844238281 0.0218696594238281 0.0137119293212891
0.038970947265625 -0.0018463134765625 0.0186252593994141 0.0115146636962891
0.0294036865234375 -0.0149040222167969 0.00893115997314453 0.009918212890625
0.0175609588623047 -0.0262813568115234 -0.000245094299316406 0.0110015869140625
0.00906753540039062 -0.0262279510498047 -0.00238990783691406 0.020751953125
0.00897598266601563 -0.0245819091796875 -0.00549697875976562 0.0283851623535156
0.00906753540039063 -0.0265522003173828 -0.0141086578369141 0.0328350067138672
0.0136871337890625 -0.0256919860839844 -0.0269222259521484 0.0284900665283203
0.0244083404541016 -0.018585205078125 -0.0320720672607422 0.0200061798095703
0.0315341949462891 -0.0105323791503906 -0.02691650390625 0.00307464599609375
0.0337810516357422 0.0118389129638672 -0.0137748718261719 -0.00603675842285156
0.0341873168945313 0.0256595611572266 0.0126399993896484 0.00682258605957031
0.0278816223144531 0.0309581756591797 0.02069091796875 0.0376853942871094
0.0140533447265625 0.0218391418457031 0.0375137329101563 0.0102195739746094
0.0240917205810547 0.0190849304199219 0.0366020202636719 0.0201148986816406
0.0250053405761719 0.00938987731933594 0.0201835632324219 0.0162429809570313
0.0231723785400391 -0.00259971618652344 0.0137500762939453 0.0178470611572266
0.0160236358642578 -0.0104122161865234 0.00663852691650391 0.0161857604980469
0.00626564025878906 -0.0157022476196289 -0.000400543212890623 0.0213375091552734
0.00255584716796875 -0.0131635665893555 -0.0013885498046875 0.0299205780029297
0.00326347351074219 -0.0125102996826172 -0.00478363037109375 0.0358200073242188
0.00261020660400391 -0.0150127410888672 -0.014068603515625 0.0401077270507813
0.00422382354736328 -0.0162086486816406 -0.0273056030273438 0.034881591796875
0.0125484466552734 -0.0139942169189453 -0.0315437316894531 0.0248374938964844
0.0189990997314453 -0.00977706909179688 -0.0260753631591797 0.00922012329101562
0.0229167938232422 0.00526618957519531 -0.0113239288330078 -0.000902175903320311
0.0234012603759766 0.0159416198730469 0.0171298980712891 0.0141229629516602
0.0161876678466797 0.0211715698242187 0.0251655578613281 0.0478744506835937
-0.00464963912963867 -0.00215864181518555 -0.0303077697753906 -0.0442543029785156
-0.0109090805053711 -0.00193405151367188 -0.0157394409179687 -0.01483154296875
-0.0102243423461914 0.00558757781982422 0.0105323791503906 -0.000148773193359375
-0.00341987609863281 0.0103330612182617 0.0292243957519531 -0.0113182067871094
0.00180768966674805 0.00808334350585938 0.0311164855957031 -0.0271797180175781
0.00466775894165039 0.00481939315795899 0.0233383178710937 -0.0435104370117188
0.00317931175231934 -0.00110507011413574 0.00964355468750001 -0.0464134216308594
0.00287055969238281 -0.000320672988891602 0.00126266479492188 -0.03717041015625
0.0025026798248291 0.00110983848571777 -0.003143310546875 -0.0312728881835938
0.0023951530456543 0.00104546546936035 -0.00467872619628906 -0.0268421173095703
-5.09023666381835E-05 0.00200402736663818 -0.0118274688720703 -0.0216217041015625
-0.00385475158691406 0.00362348556518555 -0.0143699645996094 -0.0214080810546875
-0.00945854187011719 -0.00465583801269531 -0.0190486907958984 -0.0259113311767578
-0.00666904449462891 -0.0118303298950195 -0.0342807769775391 -0.0225486755371094
-0.00354862213134766 -0.00908946990966797 -0.0360107421875 -0.0182533264160156
0.0108652114868164 0.0117063522338867 -0.0262794494628906 -0.0430030822753906
0.0056614875793457 0.0069880485534668 -0.0103778839111328 -0.0142345428466797
0.00487136840820312 0.0108060836791992 0.0124320983886719 -0.00128173828125
0.011505126953125 0.00895881652832031 0.029388427734375 -0.0141468048095703
0.0144815444946289 0.00242900848388672 0.0290317535400391 -0.0279159545898437
0.013972282409668 -0.00635242462158203 0.0200233459472656 -0.042938232421875
0.00896072387695312 -0.0149030685424805 0.00714492797851563 -0.0434379577636719
0.00809860229492188 -0.0137157440185547 -0.000631332397460937 -0.0338172912597656
0.00871181488037109 -0.0145015716552734 -0.00573348999023437 -0.0277595520019531
0.0126876831054688 -0.0129842758178711 -0.00814437866210938 -0.0255069732666016
0.0160541534423828 -0.00635910034179687 -0.0150337219238281 -0.0208415985107422
0.0149679183959961 0.000514030456542969 -0.0168190002441406 -0.0229930877685547
0.00873088836669922 0.00413751602172852 -0.0189838409423828 -0.0271472930908203
0.0103511810302734 0.00174331665039063 -0.0309925079345703 -0.0231571197509766
0.0121011734008789 0.00453090667724609 -0.0322284698486328 -0.0177249908447266
0.0251731872558594 0.0243644714355469 -0.0176162719726563 -0.0380668640136719
0.0223522186279297 0.0152969360351563 -0.00253582000732422 -0.00989437103271484
0.0208377838134766 0.0138053894042969 0.0163536071777344 9.53674316406335E-06
0.0257759094238281 0.00664138793945313 0.0308380126953125 -0.0132808685302734
0.0255985260009766 -0.00423240661621094 0.0266990661621094 -0.0259590148925781
0.0216121673583984 -0.0180110931396484 0.0159873962402344 -0.0381660461425781
0.0128307342529297 -0.0269031524658203 0.004547119140625 -0.0359230041503906
0.0126419067382813 -0.0254383087158203 -0.00257110595703125 -0.0246696472167969
0.0137882232666016 -0.0270442962646484 -0.00768852233886718 -0.0185127258300781
0.02081298828125 -0.0255088806152344 -0.0124683380126953 -0.0179481506347656
0.0286178588867188 -0.0141086578369141 -0.021240234375 -0.015411376953125
0.0306243896484375 -0.00384521484375 -0.0207748413085937 -0.0214004516601563
0.0248069763183594 0.0105457305908203 -0.020294189453125 -0.0262069702148437
0.0257396697998047 0.0146255493164063 -0.0250778198242188 -0.0212631225585938
0.0258979797363281 0.0173282623291016 -0.0234870910644531 -0.0122337341308594
0.0356788635253906 0.0336036682128906 -0.00599288940429687 -0.0301437377929687
0.0371284484863281 0.022125244140625 0.00771379470825196 -0.00376081466674805
0.0356903076171875 0.0162239074707031 0.0204238891601563 0.00299263000488281
0.0390205383300781 0.00213623046875 0.0308170318603516 -0.0102405548095703
0.0345344543457031 -0.0113410949707031 0.02349853515625 -0.0201816558837891
0.0262584686279297 -0.0271701812744141 0.0116539001464844 -0.0290775299072266
0.0152702331542969 -0.0351390838623047 0.00201988220214844 -0.0237579345703125
0.0151844024658203 -0.0325489044189453 -0.00403118133544922 -0.0121631622314453
0.01593017578125 -0.0357437133789063 -0.0104398727416992 -0.00549793243408203
0.0243453979492187 -0.0332889556884766 -0.0176563262939453 -0.00625228881835938
0.0362281799316406 -0.0204658508300781 -0.0262031555175781 -0.00691986083984376
0.0407371520996094 -0.00772476196289062 -0.0247478485107422 -0.0167179107666016
0.0371170043945313 0.0144920349121094 -0.0207881927490234 -0.0229625701904297
0.0374221801757813 0.0238456726074219 -0.0162153244018555 -0.0169029235839844
0.0354804992675781 0.0276451110839844 -0.0122079849243164 -0.0030364990234375
0.0401382446289063 0.0383987426757813 0.00781440734863281 -0.0194950103759766
0.0454483032226563 0.0271682739257813 0.0187473297119141 0.00337791442871094
0.0450325012207031 0.0174636840820313 0.0228996276855469 0.00681686401367188
0.0471878051757813 -0.00119400024414063 0.0286731719970703 -0.00404167175292969
0.0387992858886719 -0.0167808532714844 0.0197429656982422 -0.0108699798583984
0.0270938873291016 -0.0325241088867188 0.00727367401123047 -0.0165910720825195
0.0152702331542969 -0.0380668640136719 -0.000392913818359374 -0.00899219512939453
0.014739990234375 -0.0356941223144531 -0.00537776947021484 0.00213193893432617
0.0158233642578125 -0.0388107299804687 -0.0116338729858398 0.00877857208251953
0.0242996215820313 -0.0358047485351562 -0.0216522216796875 0.00704956054687499
0.03759765625 -0.0231781005859375 -0.0298099517822266 0.00364112854003905
0.0444984436035156 -0.0107612609863281 -0.0271587371826172 -0.0101051330566406
0.0429039001464844 0.0156173706054687 -0.0195598602294922 -0.0178642272949219
0.0431098937988281 0.0290336608886719 -0.00574779510498047 -0.00977134704589844
0.0392875671386719 0.0331077575683594 0.000481605529785159 0.00956249237060547
0.0375556945800781 0.0383529663085938 0.0207939147949219 -0.00865936279296875
0.0461311340332031 0.0290412902832031 0.0277214050292969 0.00954627990722656
0.0470161437988281 0.0175285339355469 0.0227317810058594 0.0106201171875
0.047576904296875 -0.00252532958984375 0.0245475769042969 0.00397872924804688
0.0371475219726563 -0.0181045532226563 0.014404296875 -0.000320434570312501
0.0240459442138672 -0.0324668884277344 0.00274181365966797 -0.00223875045776367
0.0126838684082031 -0.0355224609375 -0.00152873992919922 0.00683212280273437
0.0131034851074219 -0.032867431640625 -0.00537300109863281 0.0165596008300781
0.0131759643554688 -0.0355606079101563 -0.0130882263183594 0.022552490234375
0.0202407836914063 -0.033233642578125 -0.0248737335205078 0.0195369720458984
0.0333480834960938 -0.0221614837646484 -0.0317344665527344 0.0134429931640625
0.0408401489257812 -0.0114097595214844 -0.0275115966796875 -0.00257492065429688
0.0411491394042969 0.0142936706542969 -0.0165481567382812 -0.0115785598754883
0.0419921875 0.0288543701171875 0.00476264953613281 -0.00141096115112305
0.0368728637695313 0.0340690612792969 0.0122566223144531 0.0237293243408203
0.0286483764648438 0.0323448181152344 0.0320243835449219 0.00162315368652344
0.0382537841796875 0.0260505676269531 0.0343208312988281 0.0154018402099609
0.0399131774902344 0.0148811340332031 0.0224285125732422 0.0133686065673828
0.0387916564941406 -0.00295639038085937 0.0186824798583984 0.0112819671630859
0.0287818908691406 -0.0162467956542969 0.00972461700439453 0.00970935821533203
0.0165443420410156 -0.0265674591064453 0.000428199768066407 0.0117101669311523
0.00813865661621094 -0.0268955230712891 -0.00143814086914062 0.0209293365478516
0.00835418701171875 -0.0252208709716797 -0.00452804565429688 0.0280666351318359
0.00818443298339844 -0.0273647308349609 -0.0130825042724609 0.0333118438720703
0.0126304626464844 -0.0265254974365234 -0.0261001586914062 0.0287284851074219
0.0241050720214844 -0.0193214416503906 -0.0319042205810547 0.0205936431884766
0.0318737030029297 -0.0113544464111328 -0.02630615234375 0.0036468505859375
0.0341415405273437 0.0102367401123047 -0.0138540267944336 -0.00520038604736328
0.0352058410644531 0.0244331359863281 0.0125617980957031 0.00625896453857422
0.0291767120361328 0.0299606323242188 0.021484375 0.0361518859863281
0.0141716003417969 0.0215187072753906 0.0378913879394531 0.0089263916015625
0.0245380401611328 0.0184345245361328 0.0369834899902344 0.0187644958496094
0.0255527496337891 0.00927925109863281 0.0201778411865234 0.0160369873046875
0.0235042572021484 -0.00333786010742188 0.0139961242675781 0.0178718566894531
0.0149955749511719 -0.0116958618164062 0.00704383850097656 0.0169620513916016
0.00626277923583984 -0.0158853530883789 0.00022697448730469 0.0216217041015625
0.00250244140625 -0.0138664245605469 5.14984130859398E-05 0.0297870635986328
0.00277805328369141 -0.013300895690918 -0.00322341918945313 0.0351905822753906
0.00172710418701172 -0.0153608322143555 -0.0127830505371094 0.0403900146484375
0.00361156463623047 -0.0164785385131836 -0.0260467529296875 0.0356178283691406
0.0119314193725586 -0.0144729614257813 -0.0306224822998047 0.0254859924316406
0.0187053680419922 -0.0107021331787109 -0.0256786346435547 0.00866127014160157
0.0236797332763672 0.00462913513183594 -0.0116128921508789 -0.0004730224609375
0.0236282348632813 0.0156822204589844 0.0172767639160156 0.0132331848144531
0.0169239044189453 0.0211925506591797 0.0262069702148437 0.0459136962890625
-0.00469589233398438 -0.00217008590698242 -0.0304069519042969 -0.0441856384277344
-0.0107593536376953 -0.00201225280761719 -0.0153398513793945 -0.0150594711303711
-0.00990486145019531 0.00559425354003906 0.0101423263549805 0.000113487243652344
-0.00328826904296875 0.00996303558349609 0.0289859771728516 -0.0111598968505859
0.00149440765380859 0.00823545455932617 0.0310459136962891 -0.0272388458251953
0.0047454833984375 0.00480413436889648 0.0228462219238281 -0.0441741943359375
0.00316810607910156 -0.000587224960327148 0.00923919677734375 -0.0465316772460938
0.00287151336669922 -0.000286102294921875 0.00119781494140625 -0.0377655029296875
0.00260448455810547 0.00110912322998047 -0.00374984741210937 -0.0315170288085938
0.0023500919342041 0.00122356414794922 -0.00524711608886719 -0.0273704528808594
-5.98430633544922E-05 0.00178039073944092 -0.0112476348876953 -0.0220146179199219
-0.00427985191345215 0.0036015510559082 -0.0141677856445312 -0.0220260620117188
-0.00930881500244141 -0.00465965270996094 -0.0190887451171875 -0.0263576507568359
-0.00721931457519531 -0.0119075775146484 -0.0349617004394531 -0.0228843688964844
-0.00320339202880859 -0.00944232940673828 -0.0366706848144531 -0.0185890197753906
0.0115013122558594 0.0120716094970703 -0.0261497497558594 -0.0434608459472656
0.00592136383056641 0.0069737434387207 -0.0102605819702148 -0.0143918991088867
0.00510120391845703 0.0109653472900391 0.0125904083251953 -0.000870704650878905
0.0115861892700195 0.00908088684082031 0.0291938781738281 -0.0137996673583984
0.0147762298583984 0.00262260437011719 0.0288906097412109 -0.0279369354248047
0.0140047073364258 -0.00666332244873047 0.0199851989746094 -0.0434646606445313
0.00880718231201172 -0.0148944854736328 0.0072174072265625 -0.0438880920410156
0.00821399688720703 -0.0139951705932617 -0.000694274902343752 -0.0342044830322266
0.00886344909667969 -0.0148553848266602 -0.00560188293457031 -0.0276222229003906
0.0124578475952148 -0.0134792327880859 -0.00814628601074219 -0.02532958984375
0.0159082412719727 -0.00663948059082031 -0.0151863098144531 -0.0213127136230469
0.0150051116943359 0.000296592712402344 -0.0165538787841797 -0.023681640625
0.00861263275146484 0.00425529479980469 -0.0192966461181641 -0.0274295806884766
0.0106048583984375 0.00238227844238281 -0.0314083099365234 -0.0235157012939453
0.0128355026245117 0.00424385070800781 -0.0329151153564453 -0.0184535980224609
0.0257396697998047 0.0244464874267578 -0.0176353454589844 -0.0384712219238281
0.02239990234375 0.0152091979980469 -0.00244808197021484 -0.00991058349609375
0.021575927734375 0.0144863128662109 0.0166149139404297 0.000123023986816407
0.0264472961425781 0.00609397888183594 0.0309047698974609 -0.0134811401367188
0.0261878967285156 -0.00477027893066406 0.0266685485839844 -0.0255775451660156
0.0221157073974609 -0.0182628631591797 0.0159187316894531 -0.038787841796875
0.0128631591796875 -0.0272598266601563 0.00427627563476563 -0.0361328125
0.0123825073242188 -0.0257472991943359 -0.00285911560058594 -0.0251255035400391
0.0135383605957031 -0.0278854370117188 -0.00807952880859375 -0.0185337066650391
0.0208091735839844 -0.0258464813232422 -0.0127811431884766 -0.0182838439941406
0.0292835235595703 -0.0150299072265625 -0.0209846496582031 -0.0156745910644531
0.0311374664306641 -0.004119873046875 -0.0208549499511719 -0.0221195220947266
0.0255546569824219 0.0108222961425781 -0.0201911926269531 -0.0263824462890625
0.0264244079589844 0.0151882171630859 -0.024993896484375 -0.0212669372558594
0.0263862609863281 0.0175762176513672 -0.0240821838378906 -0.0128574371337891
0.0365562438964844 0.0337295532226563 -0.00596809387207031 -0.0301418304443359
0.0371780395507813 0.0221176147460937 0.00791215896606445 -0.00365495681762695
0.0360565185546875 0.0162734985351563 0.0206203460693359 0.00359153747558594
0.0397796630859375 0.00139617919921875 0.0311222076416016 -0.0102901458740234
0.0349082946777344 -0.01177978515625 0.0238780975341797 -0.0201263427734375
0.0265350341796875 -0.0277652740478516 0.0118656158447266 -0.0290813446044922
0.0151519775390625 -0.0355339050292969 0.0015411376953125 -0.0239181518554688
0.0145721435546875 -0.0334548950195313 -0.00439929962158203 -0.0125837326049805
0.0157089233398438 -0.036407470703125 -0.010350227355957 -0.00581073760986328
0.0244102478027344 -0.0338878631591797 -0.0174760818481445 -0.00660896301269532
0.03643798828125 -0.0212440490722656 -0.0262184143066406 -0.00678062438964844
0.0415916442871094 -0.0084381103515625 -0.0248146057128906 -0.0168628692626953
0.0377616882324219 0.0144882202148438 -0.0205574035644531 -0.02294921875
0.0385246276855469 0.0240478515625 -0.0165348052978516 -0.017033576965332
0.0361518859863281 0.0273857116699219 -0.0123958587646484 -0.00335502624511719
0.0409889221191406 0.0386886596679688 0.00794029235839844 -0.0199031829833984
0.0458221435546875 0.0272254943847656 0.0188922882080078 0.00336837768554688
0.046356201171875 0.0178947448730469 0.0229206085205078 0.0073699951171875
0.0475921630859375 -0.00173568725585938 0.0292205810546875 -0.00400733947753906
0.0393447875976563 -0.0173149108886719 0.0195636749267578 -0.0106449127197266
0.0273494720458984 -0.0334110260009766 0.00735092163085938 -0.0159378051757813
0.0150260925292969 -0.0390052795410156 1.90734863281428E-06 -0.00874090194702149
0.0147590637207031 -0.0364303588867188 -0.00521945953369141 0.0019688606262207
0.0156326293945313 -0.0391159057617188 -0.0120077133178711 0.00872516632080078
0.0241241455078125 -0.0368080139160156 -0.0218086242675781 0.006439208984375
0.03790283203125 -0.0241737365722656 -0.0302009582519531 0.00360870361328125
0.0450592041015625 -0.0113983154296875 -0.0273475646972656 -0.00995254516601563
0.04400634765625 0.0155715942382813 -0.0193576812744141 -0.0174713134765625
0.0438041687011719 0.0291404724121094 -0.0058135986328125 -0.00986957550048828
0.0400123596191406 0.0337371826171875 0.000121116638183595 0.00946044921875
0.0385627746582031 0.0389900207519531 0.0207595825195313 -0.00901603698730469
0.0461502075195313 0.0292739868164062 0.02801513671875 0.00990676879882813
0.048126220703125 0.0177345275878906 0.0234489440917969 0.0109138488769531
0.0485267639160156 -0.00265884399414063 0.0247898101806641 0.00378799438476562
0.0378532409667969 -0.0190544128417969 0.0141544342041016 -0.000111579895019532
0.0242595672607422 -0.0329437255859375 0.00299167633056641 -0.00116038322448731
0.0123825073242187 -0.03619384765625 -0.00104665756225586 0.00707530975341797
0.0124053955078125 -0.0335884094238281 -0.00546741485595703 0.0162172317504883
0.0128936767578125 -0.0361824035644531 -0.0129184722900391 0.0226364135742188
0.0199050903320313 -0.0340042114257813 -0.0245571136474609 0.0196056365966797
0.0336704254150391 -0.0230484008789062 -0.0316677093505859 0.0135974884033203
0.0413169860839844 -0.0124855041503906 -0.0275363922119141 -0.00284194946289062
0.0424575805664063 0.0146942138671875 -0.0160980224609375 -0.011143684387207
0.0426177978515625 0.0295066833496094 0.00473499298095703 -0.00167226791381836
0.0375099182128906 0.0347785949707031 0.0125617980957031 0.0231189727783203
0.0287456512451172 0.0330905914306641 0.0318050384521484 0.00132179260253906
0.0382575988769531 0.0258293151855469 0.0348739624023437 0.0148754119873047
0.0405502319335938 0.0154228210449219 0.0223846435546875 0.0139389038085938
0.0400390625 -0.0032958984375 0.0190944671630859 0.0113754272460938
0.029144287109375 -0.0166053771972656 0.00969409942626953 0.0102558135986328
0.0163993835449219 -0.0268878936767578 0.000855445861816406 0.0125494003295898
0.00788307189941406 -0.0273551940917969 -0.000621795654296876 0.0207996368408203
0.00852775573730469 -0.0256938934326172 -0.00461769104003906 0.027862548828125
0.00809860229492188 -0.0279312133789063 -0.0134048461914063 0.033966064453125
0.0127830505371094 -0.0269794464111328 -0.0260734558105469 0.0290279388427734
0.0243644714355469 -0.0196723937988281 -0.03167724609375 0.0207786560058594
0.0321102142333984 -0.0119304656982422 -0.0267066955566406 0.0036468505859375
0.0352516174316406 0.0104484558105469 -0.0137186050415039 -0.00533390045166016
0.0354080200195313 0.0248794555664063 0.0128498077392578 0.00643157958984375
0.0297737121582031 0.0300483703613281 0.0209312438964844 0.0363311767578125
0.01495361328125 0.0219821929931641 0.0383148193359375 0.00891494750976563
0.0247020721435547 0.0183982849121094 0.0372886657714844 0.0193557739257813
0.0259685516357422 0.00985908508300781 0.0204010009765625 0.0164318084716797
0.0241146087646484 -0.00365447998046875 0.0145053863525391 0.0179405212402344
0.0156259536743164 -0.0116243362426758 0.00720500946044922 0.0175304412841797
0.00613021850585937 -0.0152730941772461 0.00107955932617188 0.0221786499023437
0.00225353240966797 -0.0139589309692383 0.00044441223144531 0.030059814453125
0.00296688079833984 -0.0137853622436523 -0.00278282165527344 0.0349349975585937
0.00224685668945313 -0.0154085159301758 -0.0124130249023438 0.0406303405761719
0.00414085388183594 -0.0166606903076172 -0.0263137817382813 0.0361251831054688
0.0118694305419922 -0.0147209167480469 -0.0309791564941406 0.0254287719726562
0.0193119049072266 -0.0111732482910156 -0.0256481170654297 0.00888442993164062
0.0244350433349609 0.00461196899414063 -0.0115509033203125 -0.000105857849121094
0.0242443084716797 0.0156764984130859 0.0171623229980469 0.0128622055053711
0.0172939300537109 0.0211544036865234 0.0263328552246094 0.0464057922363281
-0.00459003448486328 -0.00244045257568359 -0.0309982299804688 -0.0461883544921875
-0.0109310150146484 -0.00240707397460938 -0.0155410766601562 -0.0150871276855469
-0.0104198455810547 0.00532054901123047 0.0111026763916016 0.000529289245605469
-0.00390529632568359 0.0107021331787109 0.0295162200927734 -0.0109539031982422
0.00193071365356445 0.00821352005004883 0.0316829681396484 -0.0277442932128906
0.00491523742675781 0.00491476058959961 0.0235786437988281 -0.0452194213867188
0.00319170951843262 -0.000643730163574219 0.00976943969726563 -0.0479965209960938
0.00259709358215332 -0.000576496124267578 0.00118255615234375 -0.0394287109375
0.00261235237121582 0.000476837158203125 -0.00361442565917969 -0.0326747894287109
0.00223255157470703 0.000870704650878906 -0.00515174865722656 -0.0289077758789062
-0.000274896621704102 0.00220370292663574 -0.0114650726318359 -0.0234317779541016
-0.00399875640869141 0.00331854820251465 -0.0143699645996094 -0.0232219696044922
-0.00938987731933594 -0.00487422943115234 -0.0196247100830078 -0.0276145935058594
-0.00690841674804688 -0.0121345520019531 -0.0360374450683594 -0.0233802795410156
-0.00318622589111328 -0.0100517272949219 -0.0382232666015625 -0.0196113586425781
0.0123529434204102 0.0124225616455078 -0.0264434814453125 -0.0450363159179688
0.0060114860534668 0.00696849822998047 -0.0110559463500977 -0.0142498016357422
0.00533390045166016 0.0108976364135742 0.0134134292602539 -0.000715255737304687
0.0118465423583984 0.00921535491943359 0.0304374694824219 -0.0136985778808594
0.0146617889404297 0.00287723541259766 0.0296554565429688 -0.0284614562988281
0.0148534774780273 -0.00732898712158203 0.0204315185546875 -0.0443572998046875
0.00911045074462891 -0.0153160095214844 0.00716400146484375 -0.0453987121582031
0.00836181640625 -0.0147542953491211 -0.0010223388671875 -0.0351829528808594
0.00917434692382813 -0.0157566070556641 -0.00617218017578125 -0.0288963317871094
0.0131692886352539 -0.0142459869384766 -0.0090484619140625 -0.0267333984375
0.0167312622070313 -0.00712203979492188 -0.0160789489746094 -0.0227165222167969
0.0155181884765625 -7.15255737304688E-05 -0.0172538757324219 -0.0245990753173828
0.00939273834228515 0.00455284118652344 -0.0193939208984375 -0.0284671783447266
0.0111570358276367 0.00237083435058594 -0.0324535369873047 -0.0244636535644531
0.0135507583618164 0.00448131561279297 -0.0344486236572266 -0.0194606781005859
0.0272121429443359 0.0258407592773438 -0.0180778503417969 -0.0400733947753906
0.0235729217529297 0.0155372619628906 -0.00239086151123047 -0.0100412368774414
0.0230484008789063 0.0148277282714844 0.0174703598022461 0.00086498260498047
0.0276641845703125 0.00649833679199219 0.0316562652587891 -0.0134201049804687
0.0270347595214844 -0.00502777099609375 0.0277805328369141 -0.0262336730957031
0.0226287841796875 -0.0188484191894531 0.0166549682617188 -0.0395965576171875
0.0131282806396484 -0.0282192230224609 0.00455856323242188 -0.037200927734375
0.0124664306640625 -0.0267410278320313 -0.00304985046386719 -0.0260257720947266
0.0142192840576172 -0.0292415618896484 -0.00805282592773438 -0.0194149017333984
0.0210800170898437 -0.0270786285400391 -0.0136299133300781 -0.0190162658691406
0.0298709869384766 -0.0155620574951172 -0.0216236114501953 -0.0164108276367188
0.0323963165283203 -0.00461196899414063 -0.0215682983398438 -0.0233001708984375
0.0267086029052734 0.0110931396484375 -0.0206813812255859 -0.0275669097900391
0.0278263092041016 0.0158100128173828 -0.0262203216552734 -0.0221881866455078
0.02789306640625 0.0181808471679688 -0.0256061553955078 -0.0138950347900391
0.0385894775390625 0.0353240966796875 -0.00577735900878906 -0.0311164855957031
0.0381965637207031 0.0227432250976563 0.00783014297485352 -0.00363636016845703
0.0382652282714844 0.0168876647949219 0.0213260650634766 0.00475883483886719
0.0414695739746094 0.00152206420898438 0.031707763671875 -0.0102157592773438
0.0358848571777344 -0.0122871398925781 0.0246047973632813 -0.0200576782226563
0.0275096893310547 -0.0289020538330078 0.0117053985595703 -0.0298061370849609
0.0152168273925781 -0.0370864868164063 0.00209808349609375 -0.0246047973632813
0.0147380828857422 -0.0349197387695313 -0.00468063354492187 -0.0127744674682617
0.0163078308105469 -0.0380859375 -0.0106401443481445 -0.00568866729736328
0.0252761840820312 -0.0351905822753906 -0.0183792114257813 -0.00719261169433594
0.0379219055175781 -0.0221900939941406 -0.0273838043212891 -0.00718498229980469
0.0431900024414062 -0.00928115844726562 -0.0258388519287109 -0.0175704956054687
0.0399894714355469 0.0155067443847656 -0.0205421447753906 -0.0238685607910156
0.0400962829589844 0.0253372192382813 -0.0169715881347656 -0.0175743103027344
0.0375709533691406 0.0288810729980469 -0.013336181640625 -0.00400352478027344
0.0426864624023437 0.0407943725585937 0.00865554809570313 -0.0209808349609375
0.0471343994140625 0.0281143188476563 0.0193119049072266 0.00348281860351563
0.0484848022460938 0.0188446044921875 0.0242080688476563 0.00835418701171875
0.0502281188964844 -0.00223541259765625 0.029693603515625 -0.0033721923828125
0.0407295227050781 -0.0183181762695312 0.0207862854003906 -0.0105819702148438
0.0284671783447266 -0.0346927642822266 0.00788021087646485 -0.0160102844238281
0.0151329040527344 -0.0405540466308594 0.000400543212890626 -0.00884437561035156
0.0146751403808594 -0.0379371643066406 -0.00526762008666992 0.00188112258911132
0.0164375305175781 -0.0411567687988281 -0.0124702453613281 0.00914287567138672
0.0247039794921875 -0.0378265380859375 -0.0228443145751953 0.00678443908691406
0.0394706726074219 -0.0250244140625 -0.0308456420898437 0.00339126586914062
0.0466232299804688 -0.0123558044433594 -0.0280666351318359 -0.0104408264160156
0.0461654663085938 0.0162506103515625 -0.0192642211914062 -0.0182838439941406
0.046112060546875 0.03045654296875 -0.00588607788085938 -0.0104532241821289
0.0414199829101563 0.0353546142578125 4.00543212890645E-05 0.00927448272705078
0.0401420593261719 0.0401496887207031 0.0211677551269531 -0.00888442993164062
0.0474357604980469 0.0300178527832031 0.029052734375 0.0103530883789063
0.0506782531738281 0.0191917419433594 0.0240268707275391 0.0122280120849609
0.0502662658691406 -0.003173828125 0.0255661010742188 0.00449943542480469
0.0389060974121094 -0.0200309753417969 0.0151004791259766 0.000238418579101561
0.0249423980712891 -0.034454345703125 0.00376558303833008 -0.000795841217041018
0.0123672485351563 -0.0376701354980469 -0.000735282897949219 0.00752925872802734
0.0126285552978516 -0.0348072052001953 -0.00551509857177734 0.016667366027832
0.0133514404296875 -0.0376167297363281 -0.0135936737060547 0.0239677429199219
0.0206146240234375 -0.03533935546875 -0.0254096984863281 0.0199451446533203
0.0350856781005859 -0.0241794586181641 -0.0329780578613281 0.0138034820556641
0.0430870056152344 -0.01336669921875 -0.0286140441894531 -0.00316429138183594
0.0446510314941406 0.0151519775390625 -0.0166158676147461 -0.0118579864501953
0.0447120666503906 0.0304908752441406 0.0051412582397461 -0.00227165222167969
0.0390586853027344 0.0359611511230469 0.0124149322509766 0.023468017578125
0.0301055908203125 0.03424072265625 0.0335254669189453 0.00182914733886719
0.0396041870117188 0.0269241333007813 0.0362472534179688 0.015533447265625
0.0427169799804688 0.0163002014160156 0.0234088897705078 0.0148391723632813
0.0414619445800781 -0.00380325317382813 0.0195064544677734 0.0121536254882812
0.0302944183349609 -0.0176181793212891 0.0100107192993164 0.0108118057250977
0.0171985626220703 -0.0278568267822266 0.00168895721435547 0.013763427734375
0.00800704956054687 -0.0282974243164063 -0.000385284423828124 0.0216522216796875
0.00836753845214844 -0.0273170471191406 -0.00434112548828125 0.0291080474853516
0.008697509765625 -0.02923583984375 -0.013458251953125 0.0349750518798828
0.0132026672363281 -0.0280399322509766 -0.0271549224853516 0.0301265716552734
0.0254096984863281 -0.0205535888671875 -0.0328121185302734 0.0209541320800781
0.0329799652099609 -0.012664794921875 -0.0278396606445313 0.00379753112792968
0.0369796752929687 0.011505126953125 -0.0137882232666016 -0.00521659851074219
0.0374603271484375 0.0256576538085938 0.0132036209106445 0.00623512268066406
0.0310840606689453 0.0311489105224609 0.021484375 0.0373611450195313
0.0152950286865234 0.0225639343261719 0.0396499633789063 0.00965118408203125
0.0247173309326172 0.0193061828613281 0.0387687683105469 0.0199317932128906
0.0273475646972656 0.0105628967285156 0.0211448669433594 0.0175266265869141
0.0250358581542969 -0.00382041931152344 0.0149688720703125 0.0187625885009766
0.0160980224609375 -0.0125188827514648 0.00785255432128906 0.0182685852050781
0.00654697418212891 -0.0159225463867188 0.00174903869628906 0.0232162475585938
0.00241374969482422 -0.0145368576049805 0.000986099243164061 0.0311679840087891
0.00295829772949219 -0.0147867202758789 -0.00269699096679687 0.03631591796875
0.00242328643798828 -0.0162076950073242 -0.0128288269042969 0.0419654846191406
0.00402641296386719 -0.0172014236450195 -0.0271568298339844 0.0370216369628906
0.012660026550293 -0.015650749206543 -0.0316143035888672 0.0264186859130859
0.0203952789306641 -0.0118141174316406 -0.0262718200683594 0.00908088684082031
0.0252571105957031 0.00509071350097656 -0.0119485855102539 -0.000169754028320312
0.0247020721435547 0.016571044921875 0.0174446105957031 0.0127620697021484
0.0180377960205078 0.0219593048095703 0.0270042419433594 0.0475654602050781
-0.00468254089355469 -0.00214242935180664 -0.03302001953125 -0.0480308532714844
-0.0114145278930664 -0.00246906280517578 -0.0166988372802734 -0.0152206420898438
-0.0107631683349609 0.0057516098022461 0.0120525360107422 0.000353813171386719
-0.00366020202636719 0.0111227035522461 0.0311565399169922 -0.0121841430664063
0.00217819213867187 0.00934410095214844 0.0328388214111328 -0.0294990539550781
0.00562953948974609 0.00515174865722656 0.0236167907714844 -0.0477523803710938
0.00367045402526855 -0.000763654708862305 0.00886154174804688 -0.05059814453125
0.00286650657653809 -0.000294208526611328 0.000404357910156252 -0.0412979125976563
0.00268936157226563 0.000354766845703125 -0.0045928955078125 -0.0340156555175781
0.00278449058532715 0.000511407852172852 -0.00647544860839844 -0.0305728912353516
-2.9325485229492E-05 0.00200009346008301 -0.0125465393066406 -0.0250148773193359
-0.00408387184143066 0.00349164009094238 -0.0153827667236328 -0.0243492126464844
-0.0100288391113281 -0.00498676300048828 -0.0207672119140625 -0.0283756256103516
-0.00759410858154297 -0.0125541687011719 -0.0380744934082031 -0.0243453979492188
-0.00306987762451172 -0.0105867385864258 -0.0407600402832031 -0.0205612182617188
0.0135841369628906 0.0130243301391602 -0.02838134765625 -0.0472755432128906
0.00679111480712891 0.00685024261474609 -0.011871337890625 -0.0144977569580078
0.006439208984375 0.0111618041992188 0.0144863128662109 -0.000484466552734374
0.0128107070922852 0.00914955139160156 0.0315685272216797 -0.0148582458496094
0.0160560607910156 0.00249862670898438 0.0306549072265625 -0.0302276611328125
0.0154838562011719 -0.00772285461425781 0.02032470703125 -0.0467796325683594
0.0091552734375 -0.0163669586181641 0.00658416748046876 -0.0475997924804688
0.00834178924560547 -0.0158710479736328 -0.00183868408203125 -0.0373039245605469
0.00960159301757813 -0.0168399810791016 -0.00698661804199219 -0.030242919921875
0.0132780075073242 -0.0155582427978516 -0.00991630554199219 -0.0287799835205078
0.0173234939575195 -0.00792312622070313 -0.0171527862548828 -0.0238285064697266
0.0166358947753906 -0.000271797180175781 -0.0176296234130859 -0.0262947082519531
0.0106954574584961 0.00402355194091797 -0.0209445953369141 -0.0295791625976563
0.0119104385375977 0.00281906127929688 -0.0349292755126953 -0.025360107421875
0.014805793762207 0.00487995147705078 -0.0367393493652344 -0.0202522277832031
0.0299396514892578 0.0264644622802734 -0.0192794799804687 -0.0423698425292969
0.0255107879638672 0.0161838531494141 -0.00268268585205078 -0.010340690612793
0.0248661041259766 0.0151405334472656 0.0186061859130859 0.000692367553710938
0.0295886993408203 0.00569534301757813 0.0329303741455078 -0.0151920318603516
0.0282974243164063 -0.00607490539550781 0.0284900665283203 -0.0278091430664063
0.023773193359375 -0.0207996368408203 0.0162887573242188 -0.0412025451660156
0.013275146484375 -0.0300178527832031 0.00399017333984375 -0.0388717651367188
0.012115478515625 -0.0288124084472656 -0.00337600708007813 -0.0269794464111328
0.0139255523681641 -0.0316905975341797 -0.00909042358398438 -0.0200328826904297
0.0216484069824219 -0.0287532806396484 -0.0146389007568359 -0.0203151702880859
0.0312156677246094 -0.0177536010742188 -0.0231513977050781 -0.0170688629150391
0.0342350006103516 -0.00557899475097656 -0.0227012634277344 -0.0241470336914063
0.0291767120361328 0.0113086700439453 -0.0217876434326172 -0.0285911560058594
0.0300235748291016 0.0164222717285156 -0.0276813507080078 -0.0228519439697266
0.0299510955810547 0.0192394256591797 -0.0271053314208984 -0.0146083831787109
0.0418167114257813 0.0367851257324219 -0.00659942626953125 -0.0325889587402344
0.0413627624511719 0.0231170654296875 0.0084986686706543 -0.00360584259033203
0.0416526794433594 0.0172805786132813 0.022552490234375 0.00452613830566406
0.0437698364257813 0.00041961669921875 0.0336494445800781 -0.0108280181884766
0.0379180908203125 -0.0142669677734375 0.0255355834960938 -0.0211448669433594
0.0283107757568359 -0.0313720703125 0.0119915008544922 -0.0307598114013672
0.0153541564941406 -0.0395545959472656 0.0018463134765625 -0.0259189605712891
0.0146293640136719 -0.03759765625 -0.00479316711425781 -0.0136947631835938
0.0161056518554687 -0.0409927368164063 -0.0110998153686523 -0.00554084777832031
0.0257377624511719 -0.0382957458496094 -0.0196647644042969 -0.00715637207031251
0.0394020080566406 -0.0246162414550781 -0.0288658142089844 -0.00740432739257812
0.0455894470214844 -0.0110282897949219 -0.0272808074951172 -0.0184574127197266
0.0432319641113281 0.0152397155761719 -0.0218009948730469 -0.0247669219970703
0.0432243347167969 0.0263099670410156 -0.0180110931396484 -0.0182685852050781
0.0402641296386719 0.0299301147460937 -0.0141229629516602 -0.00426006317138672
0.0463905334472656 0.0424613952636719 0.00843620300292969 -0.0219745635986328
0.0501174926757813 0.0286712646484375 0.0204582214355469 0.00328445434570313
0.0527267456054687 0.0190391540527344 0.0257415771484375 0.00876045227050781
0.0529289245605469 -0.00326156616210938 0.0313682556152344 -0.00381851196289063
0.0427474975585938 -0.0205497741699219 0.0213298797607422 -0.0109310150146484
0.0295257568359375 -0.0373344421386719 0.00838184356689453 -0.0161619186401367
0.01483154296875 -0.0432472229003906 0.000360488891601563 -0.00924110412597657
0.0144691467285156 -0.0403480529785156 -0.00558996200561523 0.00195169448852539
0.0162544250488281 -0.0438690185546875 -0.013031005859375 0.0106325149536133
0.0253868103027344 -0.0409393310546875 -0.0236759185791016 0.00737762451171874
0.0411949157714844 -0.027801513671875 -0.0325908660888672 0.00416755676269532
0.0495262145996094 -0.0144882202148437 -0.0293865203857422 -0.010894775390625
0.0495376586914063 0.016632080078125 -0.0202541351318359 -0.0188484191894531
0.0495185852050781 0.0313873291015625 -0.0064096450805664 -0.0111150741577148
0.0444107055664063 0.0362548828125 0.000107765197753908 0.00951385498046875
0.0432701110839844 0.0422592163085938 0.0228099822998047 -0.0101184844970703
0.0506248474121094 0.0311737060546875 0.0302677154541016 0.0102634429931641
0.0549659729003906 0.0196609497070313 0.0261516571044922 0.0125064849853516
0.0535392761230469 -0.00463485717773438 0.0265178680419922 0.0045013427734375
0.0405197143554687 -0.0216102600097656 0.0161581039428711 0.000819206237792967
0.0257682800292969 -0.0369415283203125 0.00452804565429688 -2.47955322265648E-05
0.0122566223144531 -0.0401268005371094 -0.000623226165771483 0.00791120529174805
0.0124359130859375 -0.037628173828125 -0.00503253936767578 0.0175409317016601
0.0131950378417969 -0.0403213500976563 -0.0134201049804688 0.0255355834960937
0.020965576171875 -0.0378952026367188 -0.0264644622802734 0.0217323303222656
0.03643798828125 -0.026763916015625 -0.0345878601074219 0.015045166015625
0.0453224182128906 -0.0153579711914063 -0.030059814453125 -0.00276565551757812
0.0475730895996094 0.01544189453125 -0.0169553756713867 -0.0120849609375
0.0478744506835938 0.0315589904785156 0.00535154342651367 -0.00218629837036133
0.0418243408203125 0.0377006530761719 0.0133647918701172 0.0242404937744141
0.0326194763183594 0.0356788635253906 0.0350608825683594 0.00144004821777344
0.0419502258300781 0.0279808044433594 0.0381851196289062 0.015960693359375
0.0460739135742188 0.0169219970703125 0.0246639251708984 0.0154056549072266
0.0443229675292969 -0.00501251220703125 0.0209980010986328 0.0128955841064453
0.0315494537353516 -0.0192127227783203 0.0110540390014648 0.0119028091430664
0.0178775787353516 -0.0294971466064453 0.00255584716796875 0.0150279998779297
0.00787353515625 -0.0301456451416016 0.0001678466796875 0.0228385925292969
0.00754928588867187 -0.0284957885742188 -0.00423049926757813 0.0302333831787109
0.00838851928710938 -0.0312232971191406 -0.0133323669433594 0.0374298095703125
0.0133914947509766 -0.0297012329101562 -0.0279636383056641 0.0324020385742188
0.0262889862060547 -0.0226211547851563 -0.0343856811523437 0.0228900909423828
0.0353584289550781 -0.0142784118652344 -0.0293407440185547 0.00443267822265624
0.0394477844238281 0.0113792419433594 -0.0142488479614258 -0.00541782379150391
0.0402107238769531 0.0266494750976563 0.0142536163330078 0.00577354431152344
0.0335044860839844 0.0324764251708984 0.0233497619628906 0.0386276245117188
0.0165901184082031 0.0239772796630859 0.0422630310058594 0.00988006591796875
0.0259914398193359 0.0202159881591797 0.041015625 0.0203323364257812
0.029693603515625 0.0104827880859375 0.0230884552001953 0.0179100036621094
0.0267753601074219 -0.00461578369140625 0.0159454345703125 0.0199871063232422
0.0167121887207031 -0.0134191513061523 0.00889396667480469 0.0196647644042969
0.00664901733398438 -0.0166501998901367 0.00289726257324219 0.0251789093017578
0.00244522094726562 -0.0152740478515625 0.00216865539550781 0.0326290130615234
0.00272655487060547 -0.0155925750732422 -0.001983642578125 0.0379409790039062
0.00214862823486328 -0.0172929763793945 -0.0125656127929687 0.0446281433105469
0.00413322448730469 -0.0180931091308594 -0.0279922485351562 0.0394439697265625
0.0131120681762695 -0.0167436599731445 -0.0328636169433594 0.0282573699951172
0.0213890075683594 -0.0128307342529297 -0.0276126861572266 0.0102939605712891
0.0271797180175781 0.00500297546386719 -0.0118675231933594 1.43051147460939E-05
0.0266456604003906 0.0172138214111328 0.0190620422363281 0.0129318237304688
0.0196952819824219 0.0225410461425781 0.0289077758789063 0.0495033264160156
-0.00413131713867188 -0.00207924842834473 -0.0365676879882812 -0.0489845275878906
-0.0120334625244141 -0.00165367126464844 -0.0182781219482422 -0.0153579711914063
-0.01104736328125 0.00676155090332031 0.0125436782836914 -2.47955322265621E-05
-0.0037384033203125 0.0119237899780273 0.0322456359863281 -0.0137138366699219
0.00270938873291016 0.0102167129516602 0.03265380859375 -0.0325222015380859
0.00615787506103516 0.00570344924926758 0.0222549438476562 -0.0511550903320313
0.00387334823608398 -0.00102043151855469 0.00699996948242187 -0.0535469055175781
0.00290346145629883 -0.000575065612792969 -0.0018310546875 -0.0430374145507813
0.00317883491516113 0.000260353088378906 -0.006805419921875 -0.0359992980957031
0.00245952606201172 0.000229597091674805 -0.00853919982910157 -0.0320892333984375
-0.000322103500366211 0.00269651412963867 -0.0146770477294922 -0.0259780883789063
-0.00418829917907715 0.00401449203491211 -0.0173702239990234 -0.0253429412841797
-0.0107345581054688 -0.00459575653076172 -0.0232086181640625 -0.0289516448974609
-0.00864696502685547 -0.0124149322509766 -0.0420570373535156 -0.0239601135253906
-0.00346946716308594 -0.0109367370605469 -0.0447044372558594 -0.0199699401855469
0.0155792236328125 0.0129594802856445 -0.0316543579101562 -0.0482215881347656
0.00806808471679688 0.00692939758300781 -0.0125265121459961 -0.0146074295043945
0.00782394409179688 0.0115337371826172 0.0153474807739258 -0.00116443634033203
0.013615608215332 0.00910186767578125 0.0326099395751953 -0.0166854858398438
0.0167627334594727 0.00171279907226563 0.0307655334472656 -0.032501220703125
0.0159921646118164 -0.009002685546875 0.01922607421875 -0.0496139526367187
0.00861549377441406 -0.0179309844970703 0.0045928955078125 -0.0504608154296875
0.00751113891601563 -0.0167655944824219 -0.0032501220703125 -0.0387191772460938
0.00885009765625 -0.0183792114257813 -0.00916481018066406 -0.0315151214599609
0.0133438110351563 -0.0169744491577148 -0.0122394561767578 -0.0295467376708984
0.0176658630371094 -0.00942802429199219 -0.0190868377685547 -0.0245151519775391
0.0178718566894531 -0.00141525268554688 -0.0201606750488281 -0.0270538330078125
0.0113124847412109 0.00391960144042969 -0.0234470367431641 -0.0297985076904297
0.0134477615356445 0.00225067138671875 -0.0378837585449219 -0.0245361328125
0.0160865783691406 0.00441551208496094 -0.0396308898925781 -0.020050048828125
0.0331134796142578 0.0266056060791016 -0.0218009948730469 -0.043060302734375
0.0276718139648438 0.0154361724853516 -0.00331974029541015 -0.0105628967285156
0.0276756286621094 0.0146999359130859 0.0200767517089844 0.000305175781250001
0.0315532684326172 0.00418281555175781 0.0341701507568359 -0.0167999267578125
0.0295581817626953 -0.00774002075195312 0.02850341796875 -0.0296630859375
0.0237007141113281 -0.0228424072265625 0.0151405334472656 -0.0432052612304688
0.0121078491210938 -0.0323467254638672 0.00203704833984375 -0.0410957336425781
0.0113143920898437 -0.0310020446777344 -0.00503158569335938 -0.0285663604736328
0.0128765106201172 -0.0340919494628906 -0.0110664367675781 -0.0203781127929688
0.0213127136230469 -0.03173828125 -0.0169239044189453 -0.0207252502441406
0.0319747924804688 -0.0202751159667969 -0.0257110595703125 -0.0175685882568359
0.0359420776367188 -0.00782012939453125 -0.0249595642089844 -0.0242424011230469
0.03167724609375 0.0108146667480469 -0.0238304138183594 -0.0288372039794922
0.0327377319335938 0.0159091949462891 -0.0301227569580078 -0.0229701995849609
0.03271484375 0.0187835693359375 -0.0293064117431641 -0.0147895812988281
0.0464820861816406 0.0366439819335938 -0.00807952880859374 -0.0341243743896484
0.0445365905761719 0.0226516723632812 0.00868272781372071 -0.0041966438293457
0.0454330444335938 0.0163536071777344 0.0248031616210938 0.00400352478027344
0.046478271484375 -0.00241851806640625 0.0345726013183594 -0.01275634765625
0.0391883850097656 -0.0174293518066406 0.0256729125976563 -0.0228233337402344
0.0281238555908203 -0.0347919464111328 0.0115375518798828 -0.0320110321044922
0.013519287109375 -0.0425643920898438 0.00048637390136719 -0.0269699096679688
0.0128936767578125 -0.0404167175292969 -0.00563430786132813 -0.0138530731201172
0.0147132873535156 -0.0441703796386719 -0.0122385025024414 -0.005096435546875
0.0246849060058594 -0.0416183471679687 -0.0212593078613281 -0.00682640075683594
0.0404548645019531 -0.0280265808105469 -0.0308666229248047 -0.00597572326660157
0.0476493835449219 -0.014312744140625 -0.0294742584228516 -0.0180759429931641
0.046661376953125 0.01422119140625 -0.0238323211669922 -0.0250053405761719
0.0473670959472656 0.0256729125976563 -0.0195999145507812 -0.0183086395263672
0.0444488525390625 0.0296096801757813 -0.0150337219238281 -0.00407886505126953
0.0513801574707031 0.0425224304199219 0.00807571411132813 -0.0232334136962891
0.0541343688964844 0.0278167724609375 0.0213565826416016 0.00243949890136719
0.0573577880859375 0.0174827575683594 0.0274715423583984 0.00824356079101563
0.0558891296386719 -0.0067596435546875 0.0326766967773438 -0.00529861450195313
0.0437507629394531 -0.0236434936523437 0.0220794677734375 -0.0115394592285156
0.0291290283203125 -0.0408439636230469 0.00841903686523438 -0.016697883605957
0.0131607055664063 -0.0462532043457031 -7.91549682617182E-05 -0.00982189178466797
0.0127983093261719 -0.0432167053222656 -0.0059967041015625 0.00263547897338867
0.0141830444335937 -0.0471115112304687 -0.0127830505371094 0.0116138458251953
0.0243034362792969 -0.0445404052734375 -0.0248641967773438 0.00879478454589843
0.0421333312988281 -0.0320205688476563 -0.0341529846191406 0.00601959228515624
0.0513458251953125 -0.0180816650390625 -0.031494140625 -0.0101146697998047
0.0537872314453125 0.0151405334472656 -0.0218715667724609 -0.0187625885009766
0.0544242858886719 0.0311698913574219 -0.00687789916992187 -0.0114240646362305
0.0491104125976563 0.0364799499511719 0.000337600708007815 0.00963878631591797
0.0481071472167969 0.0427894592285156 0.0234928131103516 -0.0111293792724609
0.0551414489746094 0.0303459167480469 0.0327110290527344 0.00949668884277344
0.0595054626464844 0.0180892944335937 0.0281162261962891 0.0122432708740234
0.0562210083007813 -0.0080108642578125 0.0282974243164063 0.00410842895507812
0.0416831970214844 -0.0255470275878906 0.016901969909668 0.000506401062011717
0.025299072265625 -0.0400161743164063 0.00533771514892578 0.000441551208496091
0.0106964111328125 -0.0429649353027344 0.000174999237060547 0.008636474609375
0.0100898742675781 -0.04010009765625 -0.0046844482421875 0.0188560485839844
0.01141357421875 -0.0433578491210938 -0.0126724243164062 0.0279445648193359
0.0199508666992188 -0.0410537719726562 -0.0269317626953125 0.0239639282226562
0.0368385314941406 -0.0305747985839844 -0.0353851318359375 0.0174789428710937
0.0473670959472656 -0.0183944702148438 -0.0321025848388672 -0.00103569030761719
0.0512428283691406 0.0142898559570313 -0.0184040069580078 -0.0117206573486328
0.0526657104492188 0.0312385559082031 0.00585556030273438 -0.00309562683105469
0.0462913513183594 0.0376358032226562 0.014984130859375 0.0243568420410156
0.0364875793457031 0.0363197326660156 0.0369796752929688 0.000251770019531252
0.0456199645996094 0.0275993347167969 0.0406990051269531 0.0148200988769531
0.0502395629882812 0.0157241821289062 0.0271377563476563 0.0153713226318359
0.0464096069335938 -0.00735855102539063 0.0221366882324219 0.0129013061523438
0.0324192047119141 -0.0218620300292969 0.0121431350708008 0.0128650665283203
0.0171737670898437 -0.0318565368652344 0.00429916381835937 0.015925407409668
0.006439208984375 -0.0321865081787109 0.00184059143066406 0.0238494873046875
0.00673675537109375 -0.0306835174560547 -0.00257301330566406 0.0318260192871094
0.006927490234375 -0.0331344604492188 -0.0115852355957031 0.040130615234375
0.0125408172607422 -0.0320663452148438 -0.0276260375976562 0.0355606079101563
0.0263099670410156 -0.0252571105957031 -0.0346488952636719 0.0260372161865234
0.0362701416015625 -0.0170440673828125 -0.0303821563720703 0.00596046447753907
0.0429153442382813 0.0102767944335938 -0.0142574310302734 -0.00481891632080078
0.0435638427734375 0.0261726379394531 0.0152664184570313 0.0049428939819336
0.0368843078613281 0.032745361328125 0.0263328552246094 0.0391845703125
0.0187187194824219 0.0248622894287109 0.0451469421386719 0.00857925415039063
0.0284328460693359 0.0201778411865234 0.0440597534179687 0.0194854736328125
0.0325660705566406 0.0100345611572266 0.0248985290527344 0.0178909301757813
0.0280532836914063 -0.00609970092773438 0.0177345275878906 0.0205612182617188
0.0167465209960938 -0.0147914886474609 0.0103034973144531 0.0206336975097656
0.00675773620605469 -0.0180149078369141 0.00472640991210937 0.0266704559326172
0.00197792053222656 -0.0160932540893555 0.00376129150390625 0.0336971282958984
0.00190448760986328 -0.0165939331054688 -3.81469726562791E-06 0.0403099060058594
0.00123977661132812 -0.0183868408203125 -0.0107345581054688 0.0475845336914063
0.00319480895996094 -0.0197963714599609 -0.0275764465332031 0.0433082580566406
0.0128936767578125 -0.0184421539306641 -0.0329627990722656 0.0316619873046875
0.0216007232666016 -0.0147247314453125 -0.0284309387207031 0.0119533538818359
0.0290756225585938 0.00433731079101563 -0.0124502182006836 0.000522613525390625
0.0291690826416016 0.0166015625 0.0203647613525391 0.0123195648193359
0.0220394134521484 0.0226840972900391 0.0325546264648437 0.0506935119628906
-0.00420665740966797 -0.00187087059020996 -0.040191650390625 -0.0482559204101563
-0.0126819610595703 -0.00101470947265625 -0.0194435119628906 -0.0136680603027344
-0.0115070343017578 0.00713825225830078 0.0131893157958984 -0.000679969787597656
-0.00306129455566406 0.0125350952148438 0.0321941375732422 -0.0163097381591797
0.00385379791259766 0.0102519989013672 0.0315589904785156 -0.0350131988525391
0.006439208984375 0.00506973266601563 0.0188980102539062 -0.0534744262695313
0.00423526763916016 -0.000858306884765625 0.00309753417968749 -0.0554618835449219
0.00267696380615234 -0.0011131763458252 -0.00513839721679687 -0.0440025329589844
0.00327706336975098 -0.00046539306640625 -0.0101661682128906 -0.0366783142089844
0.00277853012084961 0.000498294830322266 -0.0116043090820312 -0.0319633483886719
-4.76837158202965E-07 0.00269699096679688 -0.0170040130615234 -0.0258750915527344
-0.00417637825012207 0.00438356399536133 -0.0193920135498047 -0.0250511169433594
-0.0112934112548828 -0.00409603118896484 -0.0260276794433594 -0.0278129577636719
-0.00959968566894531 -0.0122594833374023 -0.0445022583007813 -0.0218391418457031
-0.00416755676269531 -0.0108585357666016 -0.0472526550292969 -0.0174942016601563
0.0174455642700195 0.0122718811035156 -0.0353622436523438 -0.0472602844238281
0.00858163833618164 0.00675487518310547 -0.0139389038085938 -0.0137691497802734
0.00885391235351563 0.0108652114868164 0.0157899856567383 -0.00200462341308594
0.0148582458496094 0.00818824768066406 0.0321693420410156 -0.0188999176025391
0.0172891616821289 0.000596046447753906 0.0292282104492187 -0.0352058410644531
0.0157098770141602 -0.0107450485229492 0.0159950256347656 -0.0516700744628906
0.00750350952148438 -0.0188026428222656 0.00121688842773437 -0.0514717102050781
0.00630378723144531 -0.0176830291748047 -0.00650405883789063 -0.0391349792480469
0.00737571716308594 -0.0200710296630859 -0.0119476318359375 -0.0316734313964844
0.0124530792236328 -0.0185260772705078 -0.0154323577880859 -0.0290927886962891
0.0173730850219727 -0.0112113952636719 -0.0212802886962891 -0.0241298675537109
0.0179481506347656 -0.00310516357421875 -0.0227985382080078 -0.0266990661621094
0.0125350952148437 0.00358772277832031 -0.0256118774414063 -0.0289211273193359
0.0142154693603516 0.00186443328857422 -0.0404396057128906 -0.0225448608398437
0.016993522644043 0.00334072113037109 -0.0429496765136719 -0.0183868408203125
0.0363502502441406 0.0251045227050781 -0.0250816345214844 -0.0429649353027344
0.0293788909912109 0.0138645172119141 -0.00411701202392578 -0.0103130340576172
0.0299015045166016 0.0128898620605469 0.0209388732910156 -0.000789642333984374
0.0323486328125 0.00173377990722656 0.0338459014892578 -0.0191383361816406
0.0295543670654297 -0.009796142578125 0.0271778106689453 -0.0321826934814453
0.0226039886474609 -0.025360107421875 0.0124626159667969 -0.0451278686523437
0.00963973999023438 -0.0340709686279297 -0.000587463378906248 -0.0419654846191406
0.00917434692382812 -0.0324211120605469 -0.00754356384277343 -0.0284748077392578
0.0104751586914062 -0.03594970703125 -0.0127029418945312 -0.0203266143798828
0.0188732147216797 -0.0344219207763672 -0.0188503265380859 -0.0197811126708984
0.0311565399169922 -0.0233612060546875 -0.0273685455322266 -0.0161399841308594
0.0363731384277344 -0.0109710693359375 -0.0272617340087891 -0.0233364105224609
0.0339717864990234 0.00868034362792969 -0.0262508392333984 -0.027801513671875
0.0354461669921875 0.0144157409667969 -0.0326824188232422 -0.0214195251464844
0.0354766845703125 0.0173912048339844 -0.0314922332763672 -0.0136203765869141
0.0503005981445313 0.0350303649902344 -0.00996971130371094 -0.0343608856201172
0.0471038818359375 0.0199508666992188 0.00849246978759766 -0.00464248657226562
0.0486831665039063 0.0132942199707031 0.0259647369384766 0.00272369384765625
0.0477981567382813 -0.00583267211914062 0.0341567993164063 -0.0147953033447266
0.0388717651367188 -0.0204200744628906 0.0248966217041016 -0.0242919921875
0.0266342163085938 -0.0375595092773438 0.00994682312011719 -0.0332317352294922
0.0106048583984375 -0.0447235107421875 -0.00132179260253906 -0.0273666381835938
0.0100021362304687 -0.0418663024902344 -0.00695991516113281 -0.0135498046875
0.0114402770996094 -0.0465850830078125 -0.0125198364257813 -0.00408458709716797
0.0222396850585938 -0.0444831848144531 -0.0228672027587891 -0.00554084777832032
0.0395927429199219 -0.0326423645019531 -0.0321197509765625 -0.00437736511230469
0.0478401184082031 -0.0185928344726562 -0.0314693450927734 -0.0162448883056641
0.0495185852050781 0.0113906860351562 -0.0258140563964844 -0.0240306854248047
0.0506629943847656 0.023284912109375 -0.0214252471923828 -0.0176448822021484
0.0483856201171875 0.0279197692871094 -0.0163545608520508 -0.00360012054443359
0.0560417175292969 0.0405158996582031 0.00752449035644531 -0.0244102478027344
0.05743408203125 0.0250892639160156 0.0221233367919922 0.00131988525390625
0.0607528686523438 0.0139923095703125 0.0290393829345703 0.00675010681152344
0.05694580078125 -0.0108604431152344 0.0329208374023438 -0.0070343017578125
0.0431137084960938 -0.0274543762207031 0.0216560363769531 -0.0126361846923828
0.026702880859375 -0.0441513061523438 0.00803565979003907 -0.0171012878417969
0.00996017456054688 -0.0480613708496094 -0.000864028930664062 -0.0095062255859375
0.00963973999023437 -0.0453147888183594 -0.00572824478149414 0.00293779373168945
0.0108680725097656 -0.0496940612792969 -0.0120744705200195 0.0128364562988281
0.0211029052734375 -0.0475273132324219 -0.0252132415771484 0.0112991333007812
0.0407295227050781 -0.0357170104980469 -0.0346794128417969 0.00824546813964843
0.0514717102050781 -0.0222434997558594 -0.0332164764404297 -0.00774383544921875
0.0567626953125 0.0120773315429688 -0.0233592987060547 -0.017578125
0.0584678649902344 0.0283203125 -0.00800991058349609 -0.0114803314208984
0.053375244140625 0.0340690612792969 0.000498771667480472 0.00925350189208985
0.0527877807617188 0.0407028198242188 0.0236911773681641 -0.0124130249023438
0.0583343505859375 0.0272865295410156 0.0338516235351563 0.00746345520019532
0.0631484985351563 0.0143928527832031 0.0301151275634766 0.0109462738037109
0.057464599609375 -0.012176513671875 0.0291709899902344 0.00269889831542969
0.0410690307617188 -0.029541015625 0.017822265625 0.000486373901367186
0.02301025390625 -0.0433807373046875 0.00597620010375977 0.000783443450927732
0.00745773315429687 -0.0445365905761719 0.000808238983154297 0.00838661193847656
0.00739288330078125 -0.0416717529296875 -0.00337982177734375 0.0197486877441406
0.00821304321289063 -0.0453987121582031 -0.0108928680419922 0.0294208526611328
0.0170249938964844 -0.0433273315429688 -0.0259914398193359 0.0266819000244141
0.0356216430664063 -0.0341262817382813 -0.0350112915039063 0.0208320617675781
0.0469970703125 -0.0227737426757813 -0.0326309204101563 0.00085639953613281
0.0543556213378906 0.0104827880859375 -0.0191135406494141 -0.0109806060791016
0.0565414428710937 0.028411865234375 0.00569915771484375 -0.00389242172241211
0.0504035949707031 0.0354232788085938 0.0165729522705078 0.0236949920654297
0.0401763916015625 0.035369873046875 0.0382499694824219 -0.001556396484375
0.0485649108886719 0.0252189636230469 0.0425872802734375 0.0127220153808594
0.0531539916992188 0.0125274658203125 0.0285797119140625 0.013580322265625
0.0475082397460938 -0.0109214782714844 0.0234146118164063 0.01190185546875
0.0310344696044922 -0.0249271392822266 0.014129638671875 0.0126857757568359
0.0155868530273437 -0.0342216491699219 0.00612926483154297 0.0162525177001953
0.00432395935058594 -0.0334644317626953 0.00350570678710937 0.0243988037109375
0.00451087951660156 -0.0316925048828125 -0.000455856323242184 0.0327262878417969
0.00455474853515625 -0.0346221923828125 -0.008819580078125 0.0420074462890625
0.0102787017822266 -0.0339908599853516 -0.0257759094238281 0.0383567810058594
0.0254898071289063 -0.0279026031494141 -0.0336074829101563 0.0292892456054687
0.0360527038574219 -0.0202178955078125 -0.0303668975830078 0.00873374938964844
0.0445480346679687 0.00772857666015625 -0.0151987075805664 -0.00393486022949219
0.046783447265625 0.0239944458007813 0.0159587860107422 0.00378799438476563
0.0401649475097656 0.0310249328613281 0.0291671752929688 0.0380210876464844
0.0210762023925781 0.0242824554443359 0.0467033386230469 0.00635147094726563
0.0303115844726563 0.0187721252441406 0.0465812683105469 0.0166549682617188
0.0343074798583984 0.00822067260742188 0.0265331268310547 0.01690673828125
0.0284175872802734 -0.00801467895507813 0.0194225311279297 0.0202484130859375
0.0160045623779297 -0.0161333084106445 0.0122547149658203 0.0209770202636719
0.00611686706542969 -0.0190773010253906 0.00719833374023437 0.0267925262451172
0.00102615356445313 -0.0166616439819336 0.00652885437011719 0.0345134735107422
0.000331878662109377 -0.0170822143554688 0.002593994140625 0.0409011840820312
-3.0517578124999E-05 -0.0187931060791016 -0.00679397583007813 0.0496253967285156
0.00214576721191406 -0.0202083587646484 -0.0249710083007813 0.0462989807128906
0.0121059417724609 -0.0199470520019531 -0.0315208435058594 0.0344467163085938
0.0213394165039063 -0.0164852142333984 -0.0280055999755859 0.0141887664794922
0.0304946899414063 0.00304222106933594 -0.0126962661743164 0.0012216567993164
0.0311222076416016 0.0152759552001953 0.0214653015136719 0.0106658935546875
0.0238437652587891 0.0217208862304688 0.0365982055664063 0.0496635437011719
-0.0039362907409668 -0.00177788734436035 -0.0424880981445313 -0.0452499389648438
-0.0125608444213867 -0.000151634216308595 -0.0198154449462891 -0.0126571655273438
-0.0109004974365234 0.00776290893554688 0.0129795074462891 -0.00134372711181641
-0.00228404998779297 0.0124921798706055 0.0306453704833984 -0.0175132751464844
0.00443744659423828 0.0101613998413086 0.0289077758789063 -0.0361557006835938
0.0069737434387207 0.00441265106201172 0.0153999328613281 -0.0539169311523438
0.00401902198791504 -0.00147032737731934 -0.000247955322265622 -0.054656982421875
0.00242185592651367 -0.000741720199584961 -0.0077667236328125 -0.0434608459472656
0.00276970863342285 -0.000725984573364258 -0.0128040313720703 -0.0351085662841797
0.00269389152526855 0.000162601470947266 -0.0142498016357422 -0.0304164886474609
-0.000105857849121093 0.00244736671447754 -0.0191440582275391 -0.0253009796142578
-0.00384235382080078 0.00467443466186523 -0.0205612182617187 -0.0245380401611328
-0.0113916397094727 -0.00343894958496094 -0.0272808074951172 -0.0261955261230469
-0.0102128982543945 -0.0113086700439453 -0.045989990234375 -0.0188102722167969
-0.00480937957763672 -0.010528564453125 -0.0486335754394531 -0.0151176452636719
0.0183334350585938 0.0112762451171875 -0.0374870300292969 -0.0455055236816406
0.00896072387695312 0.00582313537597656 -0.0145511627197266 -0.0127744674682617
0.00960731506347656 0.0102252960205078 0.0157938003540039 -0.0027313232421875
0.0152206420898438 0.00751399993896484 0.0305633544921875 -0.0203838348388672
0.0174150466918945 -0.000147819519042969 0.0269775390625 -0.0359992980957031
0.0150690078735352 -0.0115966796875 0.012542724609375 -0.0512847900390625
0.00567626953125 -0.0189952850341797 -0.00220489501953125 -0.0509262084960938
0.00483322143554687 -0.0179843902587891 -0.00878524780273437 -0.0382804870605469
0.00578689575195313 -0.0202980041503906 -0.0140151977539062 -0.0303440093994141
0.010772705078125 -0.0191745758056641 -0.0170936584472656 -0.0280361175537109
0.0164890289306641 -0.0119524002075195 -0.0231590270996094 -0.0227432250976563
0.0181846618652344 -0.00411605834960938 -0.023773193359375 -0.0250797271728516
0.0125513076782227 0.00266456604003906 -0.0270290374755859 -0.0274200439453125
0.0145835876464844 0.00104999542236328 -0.0411911010742188 -0.0197601318359375
0.0179386138916016 0.00279045104980469 -0.0444717407226563 -0.0157470703125
0.0382347106933594 0.0224380493164063 -0.0272331237792969 -0.0409202575683594
0.0302143096923828 0.0122718811035156 -0.00456047058105469 -0.00968074798583984
0.0306663513183594 0.0104770660400391 0.0205459594726563 -0.00180625915527344
0.0327434539794922 -0.000354766845703125 0.0318927764892578 -0.0200538635253906
0.0286083221435547 -0.0117721557617188 0.024993896484375 -0.0328178405761719
0.0206375122070312 -0.0273361206054688 0.01019287109375 -0.0444374084472656
0.00716781616210937 -0.0342617034912109 -0.00322341918945312 -0.0411491394042969
0.00646591186523437 -0.0329036712646484 -0.00894546508789063 -0.0276374816894531
0.00778579711914063 -0.0365676879882812 -0.0136127471923828 -0.0188922882080078
0.0165328979492188 -0.0355148315429688 -0.0210189819335938 -0.0184555053710938
0.0296440124511719 -0.0252151489257813 -0.0282115936279297 -0.0145473480224609
0.0351486206054688 -0.0138168334960938 -0.0285816192626953 -0.0216045379638672
0.034271240234375 0.006744384765625 -0.0271663665771484 -0.0260677337646484
0.0364112854003906 0.0120964050292969 -0.0338306427001953 -0.0191612243652344
0.0370063781738281 0.0152397155761719 -0.0329666137695313 -0.0119075775146484
0.0524406433105469 0.0312461853027344 -0.0116691589355469 -0.0338077545166016
0.0483016967773438 0.0168037414550781 0.00812625885009766 -0.00502824783325195
0.0499687194824219 0.00962448120117188 0.0258655548095703 0.001190185546875
0.0472602844238281 -0.00881195068359375 0.0331287384033203 -0.0163612365722656
0.0372886657714844 -0.0228958129882813 0.0236606597900391 -0.0253028869628906
0.0238151550292969 -0.0392723083496094 0.00840377807617188 -0.0328426361083984
0.00736236572265625 -0.0447235107421875 -0.00259208679199218 -0.0269412994384766
0.00719833374023438 -0.0419921875 -0.00769233703613281 -0.0129384994506836
0.00771331787109374 -0.0470809936523437 -0.012812614440918 -0.00379467010498047
0.0188789367675781 -0.0454521179199219 -0.0235347747802734 -0.00381851196289062
0.0368080139160156 -0.0350799560546875 -0.0326461791992188 -0.00250625610351562
0.0462570190429688 -0.0217552185058594 -0.0321464538574219 -0.0148944854736328
0.0504112243652344 0.00797271728515625 -0.0264530181884766 -0.0222873687744141
0.0525627136230469 0.0200767517089844 -0.0223026275634766 -0.0162181854248047
0.0500335693359375 0.0252952575683594 -0.0170841217041016 -0.00295925140380859
0.0585975646972656 0.0366897583007813 0.00620460510253907 -0.0243549346923828
0.058319091796875 0.0214691162109375 0.0216331481933594 9.53674316406381E-06
0.0621109008789063 0.00975799560546875 0.0294761657714844 0.00545120239257813
0.0562324523925781 -0.0145721435546875 0.0321331024169922 -0.00857162475585938
0.0411605834960937 -0.0298919677734375 0.0213661193847656 -0.0138320922851563
0.0239486694335938 -0.0454635620117188 0.00754451751708985 -0.017303466796875
0.00640106201171875 -0.0483932495117188 -0.00110340118408203 -0.00917911529541016
0.00634384155273438 -0.0453605651855469 -0.00538873672485352 0.00393819808959961
0.00729751586914063 -0.0501327514648438 -0.0110836029052734 0.0136938095092773
0.0175971984863281 -0.0489387512207031 -0.0245208740234375 0.0125026702880859
0.0377426147460938 -0.0384788513183594 -0.0336036682128906 0.0106449127197266
0.0496597290039063 -0.0256195068359375 -0.0329666137695313 -0.00583839416503906
0.0576286315917969 0.008392333984375 -0.0235023498535156 -0.0162296295166016
0.0600090026855469 0.0243034362792969 -0.00845146179199218 -0.0111398696899414
0.0551490783691406 0.030914306640625 0.00055646896362305 0.00875425338745117
0.054962158203125 0.0372734069824219 0.0229682922363281 -0.0135231018066406
0.0591850280761719 0.0240287780761719 0.0335922241210938 0.00537872314453125
0.0643959045410156 0.0100784301757812 0.0300712585449219 0.00920486450195313
0.0564727783203125 -0.0160179138183594 0.0288677215576172 0.00134849548339844
0.0387306213378906 -0.0313453674316406 0.0181465148925781 -0.000408172607421877
0.0203361511230469 -0.0443840026855469 0.00683975219726563 0.00070381164550781
0.00440216064453125 -0.0448188781738281 0.00185537338256836 0.00848197937011718
0.00457763671875 -0.0417213439941406 -0.00233268737792969 0.0198497772216797
0.0047607421875 -0.0458259582519531 -0.00816917419433594 0.0299129486083984
0.0137252807617188 -0.0443840026855469 -0.0243721008300781 0.0281028747558594
0.0330886840820313 -0.0359153747558594 -0.0337104797363281 0.0224895477294922
0.0452384948730469 -0.0255889892578125 -0.0319080352783203 0.00292205810546875
0.0555152893066406 0.00748825073242188 -0.019439697265625 -0.00966835021972656
0.0583839416503906 0.0248832702636719 0.00532817840576172 -0.00411701202392578
0.0522232055664062 0.0321693420410156 0.0176639556884766 0.02276611328125
0.0422210693359375 0.0327262878417969 0.037994384765625 -0.00349044799804687
0.0488700866699219 0.0226287841796875 0.0427665710449219 0.00994491577148438
0.0540809631347656 0.00918197631835938 0.0291328430175781 0.0123443603515625
0.0462074279785156 -0.0135421752929688 0.0240097045898438 0.0114002227783203
0.0290679931640625 -0.026397705078125 0.0148029327392578 0.0123605728149414
0.0137176513671875 -0.0350456237792969 0.00778388977050781 0.0162220001220703
0.00223731994628906 -0.0332927703857422 0.0052490234375 0.0239086151123047
0.00184249877929688 -0.0316009521484375 0.00142478942871094 0.0327873229980469
0.00207328796386719 -0.0347309112548828 -0.00568771362304688 0.0421180725097656
0.00771141052246094 -0.0342540740966797 -0.0232810974121094 0.0397491455078125
0.0229091644287109 -0.0292797088623047 -0.0311908721923828 0.0311775207519531
0.0344924926757813 -0.0223140716552734 -0.0296344757080078 0.0105419158935547
0.0456390380859375 0.00500106811523437 -0.0152978897094727 -0.00312232971191406
0.0481834411621094 0.0213813781738281 0.0160551071166992 0.0027914047241211
0.0416755676269531 0.0285377502441406 0.0307884216308594 0.0361213684082031
0.0221061706542969 0.0235557556152344 0.0470619201660156 0.00455474853515625
0.0310096740722656 0.0174961090087891 0.0467300415039063 0.0142707824707031
0.0347709655761719 0.00620841979980469 0.0269622802734375 0.0154914855957031
0.0280208587646484 -0.00963211059570313 0.0202846527099609 0.0193996429443359
0.014887809753418 -0.0168790817260742 0.013763427734375 0.0207710266113281
0.00477981567382812 -0.0191154479980469 0.00936508178710938 0.0263004302978516
-0.000305175781250001 -0.0164213180541992 0.00893592834472656 0.0336074829101562
-0.000962257385253908 -0.0164661407470703 0.00500869750976562 0.0404853820800781
-0.00133895874023438 -0.0188312530517578 -0.00355529785156249 0.04986572265625
0.000602722167968751 -0.0201263427734375 -0.0219230651855469 0.0472755432128906
0.0107784271240234 -0.0201301574707031 -0.0291671752929688 0.0362129211425781
0.0199775695800781 -0.0180091857910156 -0.0269966125488281 0.0161170959472656
0.0307445526123047 0.0010528564453125 -0.0123968124389648 0.00261402130126953
0.032073974609375 0.0136528015136719 0.0217151641845703 0.00934410095214844
0.0249519348144531 0.0201835632324219 0.0387496948242188 0.0468711853027344
-0.00378799438476563 -0.00141596794128418 -0.0431289672851563 -0.0434532165527344
-0.0122747421264648 4.57763671875013E-05 -0.0202484130859375 -0.0117015838623047
-0.0108013153076172 0.00771713256835938 0.0128164291381836 -0.00151157379150391
-0.00241756439208984 0.0121707916259766 0.0297508239746094 -0.0173511505126953
0.00466251373291016 0.00934219360351563 0.0272865295410156 -0.0356597900390625
0.00725221633911133 0.00371837615966797 0.0134124755859375 -0.0519485473632813
0.00403237342834473 -0.00170516967773438 -0.0020904541015625 -0.0536041259765625
0.00222563743591309 -0.000922441482543945 -0.00907516479492188 -0.0421981811523438
0.00265002250671387 -0.00114083290100098 -0.0134048461914063 -0.0338153839111328
0.00273227691650391 7.93933868408203E-05 -0.0148220062255859 -0.0294265747070313
0.000369071960449219 0.00262594223022461 -0.0194530487060547 -0.0243854522705078
-0.00358247756958008 0.00430917739868164 -0.0209484100341797 -0.0235080718994141
-0.0113964080810547 -0.00361347198486328 -0.0271720886230469 -0.0252914428710937
-0.00994110107421875 -0.0107030868530273 -0.0452919006347656 -0.0170707702636719
-0.00483417510986328 -0.0100116729736328 -0.0486526489257813 -0.0141334533691406
0.0187015533447266 0.0104045867919922 -0.0381050109863281 -0.0439300537109375
0.00852203369140625 0.00557518005371094 -0.0149850845336914 -0.0121097564697266
0.00962638854980469 0.00980377197265625 0.0158061981201172 -0.00267601013183594
0.0149860382080078 0.00641155242919922 0.0290660858154297 -0.0207080841064453
0.016993522644043 -0.000501632690429688 0.0251541137695312 -0.0355606079101562
0.0141773223876953 -0.0123224258422852 0.0109176635742188 -0.0498046875
0.00496864318847656 -0.0187797546386719 -0.00381851196289063 -0.0495262145996094
0.00417518615722656 -0.0181465148925781 -0.0100555419921875 -0.0371284484863281
0.00460052490234375 -0.0204696655273438 -0.0147056579589844 -0.0291614532470703
0.00983047485351563 -0.0193729400634766 -0.0183277130126953 -0.0268268585205078
0.0153379440307617 -0.0122470855712891 -0.0235366821289063 -0.0219268798828125
0.0170249938964844 -0.005157470703125 -0.02392578125 -0.0242385864257813
0.0128250122070313 0.00165271759033203 -0.0269756317138672 -0.0262413024902344
0.0148773193359375 0.000575065612792969 -0.0414009094238281 -0.018646240234375
0.0179367065429688 0.00225448608398438 -0.0438232421875 -0.0148506164550781
0.0384750366210938 0.0208854675292969 -0.027191162109375 -0.039886474609375
0.0298957824707031 0.0108795166015625 -0.00493240356445312 -0.00911426544189453
0.0310516357421875 0.00908470153808594 0.0206451416015625 -0.00212287902832031
0.0319976806640625 -0.00151824951171875 0.0304851531982422 -0.0203342437744141
0.0278453826904297 -0.0123729705810547 0.023773193359375 -0.0323047637939453
0.0192775726318359 -0.0275516510009766 0.00866699218750001 -0.0435981750488281
0.00547981262207032 -0.0335750579833984 -0.00449752807617187 -0.0395431518554688
0.00534629821777344 -0.0321865081787109 -0.0096435546875 -0.0266265869140625
0.00588226318359375 -0.0361099243164063 -0.0140380859375 -0.0177040100097656
0.0146026611328125 -0.0353775024414063 -0.0213241577148438 -0.0172252655029297
0.0278301239013672 -0.0260505676269531 -0.0281028747558594 -0.0132122039794922
0.0341529846191406 -0.0146694183349609 -0.0279655456542969 -0.0206394195556641
0.0342292785644531 0.00520896911621094 -0.0271205902099609 -0.0247688293457031
0.0365333557128906 0.0108299255371094 -0.0331687927246094 -0.0180816650390625
0.0365829467773437 0.0139198303222656 -0.0331649780273437 -0.0107212066650391
0.0528221130371094 0.02911376953125 -0.0122966766357422 -0.0326652526855469
0.0471115112304688 0.0152015686035156 0.00779867172241211 -0.00527477264404297
0.049560546875 0.0075531005859375 0.0255203247070313 0.000843048095703125
0.0460662841796875 -0.0105323791503906 0.0318431854248047 -0.0165309906005859
0.0353279113769531 -0.0235939025878906 0.0224018096923828 -0.024627685546875
0.0220680236816406 -0.0393486022949219 0.00741386413574219 -0.0319385528564453
0.00528717041015625 -0.0439796447753906 -0.00341606140136719 -0.0259170532226563
0.00500106811523438 -0.0412330627441406 -0.00793170928955078 -0.0122222900390625
0.005767822265625 -0.0462760925292969 -0.0127544403076172 -0.00278949737548828
0.0163421630859375 -0.0457534790039063 -0.0235805511474609 -0.00300216674804687
0.0345611572265625 -0.03570556640625 -0.0317573547363281 -0.0015869140625
0.0445671081542969 -0.0231285095214844 -0.0313739776611328 -0.0133762359619141
0.0502662658691406 0.00622177124023438 -0.0262603759765625 -0.0209560394287109
0.0527725219726563 0.0180931091308594 -0.0219650268554687 -0.0154552459716797
0.04962158203125 0.0232620239257813 -0.0174751281738281 -0.0025787353515625
0.0588493347167969 0.0345344543457031 0.00515937805175782 -0.0237674713134766
0.0578536987304687 0.0192527770996094 0.0208606719970703 3.24249267578137E-05
0.0618858337402344 0.00720596313476563 0.0287799835205078 0.00457000732421875
0.05499267578125 -0.0161170959472656 0.0310382843017578 -0.00886726379394532
0.0389404296875 -0.0308074951171875 0.0206470489501953 -0.0133419036865234
0.0217094421386719 -0.0459136962890625 0.00705909729003906 -0.0164957046508789
0.0043792724609375 -0.0475540161132813 -0.00139808654785156 -0.00899314880371094
0.004425048828125 -0.0443344116210938 -0.00515651702880859 0.00412225723266601
0.00492477416992187 -0.0493011474609375 -0.0101089477539063 0.0139017105102539
0.0154609680175781 -0.0485153198242188 -0.0240745544433594 0.0127468109130859
0.0357475280761719 -0.0390434265136719 -0.0329017639160156 0.0114345550537109
0.0476036071777344 -0.0272254943847656 -0.0325794219970703 -0.00459289550781251
0.0575027465820313 0.00638580322265625 -0.0230865478515625 -0.0157814025878906
0.0604171752929687 0.0222816467285156 -0.00866889953613281 -0.0109100341796875
0.0551567077636719 0.0292129516601563 0.000385284423828127 0.0083770751953125
0.0554428100585938 0.0351829528808594 0.0224151611328125 -0.0133590698242187
0.058685302734375 0.0215530395507813 0.0330753326416016 0.00454139709472656
0.0639457702636719 0.00794219970703125 0.0298271179199219 0.00833320617675781
0.0549507141113281 -0.0173797607421875 0.0282268524169922 0.000995635986328124
0.0364875793457031 -0.0319557189941406 0.0181388854980469 -0.000246047973632814
0.0184555053710938 -0.0445213317871094 0.00700712203979492 0.00072526931762695
0.00267410278320312 -0.0438957214355469 0.00174999237060547 0.00869178771972656
0.00286865234375 -0.0403366088867188 -0.0015411376953125 0.0198173522949219
0.00286865234375 -0.0449867248535156 -0.00718116760253906 0.0295848846435547
0.0117301940917969 -0.0445289611816406 -0.0231361389160156 0.0279064178466797
0.0307579040527344 -0.0366058349609375 -0.0322990417480469 0.0230484008789063
0.0432815551757813 -0.0269393920898437 -0.0310268402099609 0.00418090820312499
0.0545196533203125 0.00551605224609375 -0.0189170837402344 -0.00909423828125
0.0585250854492188 0.0225563049316406 0.00507879257202149 -0.00496196746826172
0.0521430969238281 0.02996826171875 0.0168552398681641 0.0210781097412109
0.0425033569335938 0.0311698913574219 0.0374679565429688 -0.00374221801757812
0.048492431640625 0.0209083557128906 0.0420455932617187 0.0087432861328125
0.0540351867675781 0.00703811645507813 0.0286045074462891 0.0116806030273438
0.0453453063964844 -0.0151214599609375 0.0235233306884766 0.0104351043701172
0.0275325775146484 -0.0268402099609375 0.0150604248046875 0.0116701126098633
0.0124187469482422 -0.0348186492919922 0.00853919982910156 0.0159091949462891
0.000751495361328123 -0.0325565338134766 0.00600814819335937 0.0233650207519531
0.000604629516601563 -0.0306816101074219 0.00285720825195313 0.0320911407470703
0.000581741333007813 -0.0343685150146484 -0.00446701049804688 0.0415496826171875
0.00650215148925781 -0.0336055755615234 -0.0216636657714844 0.0392723083496094
0.0217781066894531 -0.0298786163330078 -0.0298995971679688 0.0313949584960938
0.0331192016601563 -0.0230960845947266 -0.0283603668212891 0.0114173889160156
0.04486083984375 0.00336074829101563 -0.0143699645996094 -0.00281333923339844
0.0480384826660156 0.0192756652832031 0.0150156021118164 0.00201225280761719
0.0413665771484375 0.0266838073730469 0.0305595397949219 0.034393310546875
0.0230770111083984 0.0226516723632813 0.0461006164550781 0.00351715087890625
0.0307064056396484 0.0165348052978516 0.0460624694824219 0.0127487182617188
0.0344486236572266 0.00511550903320313 0.0258674621582031 0.0142459869384766
0.0270843505859375 -0.0102863311767578 0.0209217071533203 0.0188465118408203
0.0137271881103516 -0.0169181823730469 0.0139217376708984 0.0199241638183594
0.00403785705566406 -0.0187892913818359 0.0103073120117188 0.0257358551025391
-0.000952720642089845 -0.016057014465332 0.00967788696289063 0.0325183868408203
-0.00124168395996094 -0.0162639617919922 0.00604629516601562 0.0392837524414063
-0.00226593017578125 -0.0184574127197266 -0.00144577026367187 0.0487480163574219
-0.000202178955078123 -0.0196590423583984 -0.0202217102050781 0.0469627380371094
0.00980377197265625 -0.0199794769287109 -0.0268363952636719 0.0366363525390625
0.0185222625732422 -0.0180187225341797 -0.0258274078369141 0.0163459777832031
0.0300483703613281 7.62939453125E-05 -0.0120754241943359 0.00199031829833984
0.0319499969482422 0.0120658874511719 0.0215301513671875 0.00778961181640625
0.0246372222900391 0.0185127258300781 0.038818359375 0.0445404052734375
-0.00304937362670898 -0.00168633460998535 -0.0425453186035156 -0.0430564880371094
-0.0120620727539063 8.48770141601536E-05 -0.0197257995605469 -0.01153564453125
-0.0108680725097656 0.00801944732666016 0.0127592086791992 -0.00155544281005859
-0.00229644775390625 0.0121660232543945 0.0291061401367187 -0.0171737670898437
0.00480461120605469 0.009368896484375 0.0265979766845703 -0.0348606109619141
0.00666952133178711 0.00395059585571289 0.0131797790527344 -0.0515022277832031
0.00388884544372559 -0.00162959098815918 -0.00287246704101562 -0.0529899597167969
0.00198686122894287 -0.000755786895751953 -0.0091552734375 -0.0417060852050781
0.00226855278015137 -0.000988483428955078 -0.0139865875244141 -0.0334949493408203
0.00282645225524902 -0.000106096267700195 -0.015045166015625 -0.0288257598876953
-7.15255737304687E-05 0.00261402130126953 -0.0196628570556641 -0.02392578125
-0.00388836860656738 0.00366687774658203 -0.0209255218505859 -0.0242233276367188
-0.0110816955566406 -0.00358963012695312 -0.0267753601074219 -0.0246543884277344
-0.0096750259399414 -0.0106134414672852 -0.0452880859375 -0.01678466796875
-0.00416088104248047 -0.00975894927978515 -0.0484657287597656 -0.0139923095703125
0.0190162658691406 0.00979042053222656 -0.03778076171875 -0.0434799194335938
0.00877666473388672 0.00546598434448242 -0.0142097473144531 -0.0116825103759766
0.00943851470947266 0.00862884521484375 0.0153322219848633 -0.00316810607910156
0.0148534774780273 0.00615978240966797 0.0289955139160156 -0.0205440521240234
0.0170097351074219 -0.000860214233398438 0.0248584747314453 -0.0347843170166016
0.0137138366699219 -0.0126152038574219 0.0107498168945313 -0.0494308471679687
0.00457382202148438 -0.0188884735107422 -0.00387191772460938 -0.0489768981933594
0.00322532653808594 -0.0175533294677734 -0.0101470947265625 -0.036773681640625
0.00414848327636719 -0.0203380584716797 -0.0149116516113281 -0.0288562774658203
0.00926589965820312 -0.0192909240722656 -0.0187435150146484 -0.02606201171875
0.0151815414428711 -0.012415885925293 -0.0237827301025391 -0.0217418670654297
0.0168952941894531 -0.00569725036621094 -0.0242137908935547 -0.0241832733154297
0.0126609802246094 0.00172328948974609 -0.0265483856201172 -0.0260601043701172
0.0148448944091797 0.000676155090332031 -0.0411376953125 -0.018524169921875
0.0183048248291016 0.00258255004882813 -0.0442314147949219 -0.0146255493164062
0.0386619567871094 0.0207176208496094 -0.0268669128417969 -0.0395660400390625
0.0294837951660156 0.0103759765625 -0.00483798980712891 -0.00928878784179688
0.0307273864746094 0.00861167907714844 0.0204524993896484 -0.00186347961425781
0.0318183898925781 -0.00218772888183594 0.0300502777099609 -0.0201644897460938
0.0275497436523438 -0.0123424530029297 0.0231494903564453 -0.0316200256347656
0.0187053680419922 -0.0277137756347656 0.00852203369140625 -0.0432472229003906
0.0052032470703125 -0.0338573455810547 -0.0043792724609375 -0.0394554138183594
0.00437736511230468 -0.0318031311035156 -0.00967788696289063 -0.0266189575195313
0.00506973266601562 -0.0357589721679688 -0.0140647888183594 -0.0174875259399414
0.0137100219726562 -0.0353622436523438 -0.021728515625 -0.0167522430419922
0.0270767211914063 -0.0262870788574219 -0.0286121368408203 -0.0130577087402344
0.0338172912597656 -0.0154438018798828 -0.0279693603515625 -0.0206317901611328
0.0348930358886719 0.00486564636230469 -0.0266456604003906 -0.0250282287597656
0.036895751953125 0.0102996826171875 -0.0329799652099609 -0.0178890228271484
0.0368003845214844 0.0138626098632813 -0.0331707000732422 -0.0110530853271484
0.0531158447265625 0.0286483764648438 -0.0118236541748047 -0.0327682495117187
0.047027587890625 0.0145606994628906 0.00740146636962891 -0.00483560562133789
0.0500602722167969 0.00702667236328125 0.0252342224121094 0.000579833984375
0.0458488464355469 -0.0111198425292969 0.0310306549072266 -0.0161552429199219
0.0349063873291016 -0.0237979888916016 0.0223846435546875 -0.0239429473876953
0.0214309692382813 -0.0398826599121094 0.00757598876953125 -0.0312118530273438
0.00475692749023438 -0.0439262390136719 -0.00377273559570313 -0.0257472991943359
0.00421905517578125 -0.0407333374023438 -0.0077524185180664 -0.0120182037353516
0.00495147705078125 -0.0462532043457031 -0.0122690200805664 -0.00294113159179688
0.015380859375 -0.0456161499023437 -0.0232143402099609 -0.00244903564453126
0.0336837768554687 -0.0360679626464844 -0.0315704345703125 -0.0013885498046875
0.0443305969238281 -0.0237045288085938 -0.0312614440917969 -0.0133209228515625
0.0503349304199219 0.00576019287109375 -0.0256614685058594 -0.0213718414306641
0.053253173828125 0.0176277160644531 -0.0220241546630859 -0.0154590606689453
0.0500907897949219 0.0232048034667969 -0.017791748046875 -0.00303268432617188
0.058685302734375 0.0338859558105469 0.0057830810546875 -0.0238418579101562
0.0570755004882813 0.0185508728027344 0.0208358764648438 -0.000503540039062499
0.0616493225097656 0.0064239501953125 0.0285911560058594 0.0045318603515625
0.0543899536132813 -0.0170326232910156 0.0305347442626953 -0.00866127014160157
0.0385055541992188 -0.0307502746582031 0.0205440521240234 -0.0128192901611328
0.0212478637695313 -0.046142578125 0.00745773315429688 -0.016118049621582
0.00363922119140625 -0.0474777221679687 -0.00131368637084961 -0.0087575912475586
0.00360870361328125 -0.0439567565917969 -0.00493860244750977 0.00422811508178711
0.0042572021484375 -0.0491828918457031 -0.0101947784423828 0.0136165618896484
0.0140228271484375 -0.0482025146484375 -0.0241031646728516 0.0130786895751953
0.0348930358886719 -0.0393753051757813 -0.0327835083007813 0.0116195678710937
0.0469436645507813 -0.0275955200195312 -0.0320529937744141 -0.00458335876464844
0.0572853088378906 0.00612258911132813 -0.0228862762451172 -0.0158042907714844
0.0605850219726563 0.0217399597167969 -0.00861358642578124 -0.0113162994384766
0.0551681518554688 0.0288581848144531 -0.000377655029296872 0.00804424285888672
0.0553169250488281 0.0344696044921875 0.0224361419677734 -0.0132732391357422
0.0581283569335938 0.0214004516601563 0.0325469970703125 0.00438308715820313
0.0641059875488281 0.0064544677734375 0.0293903350830078 0.00900459289550781
0.0546798706054687 -0.0181388854980469 0.02783203125 0.00115394592285156
0.0357017517089844 -0.0319328308105469 0.0180740356445313 5.3405761718748E-05
0.0177879333496094 -0.0443534851074219 0.00761795043945313 0.00056648254394531
0.00254058837890625 -0.04351806640625 0.00155735015869141 0.00877857208251953
0.00268173217773437 -0.0400848388671875 -0.00140571594238281 0.0193424224853516
0.00209426879882813 -0.0447158813476563 -0.00669288635253906 0.0290317535400391
0.010711669921875 -0.0438919067382812 -0.0229530334472656 0.0279312133789062
0.0302314758300781 -0.0366630554199219 -0.0318183898925781 0.0233516693115234
0.0427513122558594 -0.0271224975585937 -0.0307941436767578 0.00380897521972656
0.0549964904785156 0.00492477416992188 -0.0183773040771484 -0.00956535339355468
0.0584907531738281 0.0222549438476563 0.00478506088256836 -0.00525760650634766
0.0521125793457031 0.0295867919921875 0.0166988372802734 0.0210056304931641
0.042816162109375 0.0309715270996094 0.0372467041015625 -0.00329208374023437
0.0479202270507813 0.0206489562988281 0.0412750244140625 0.00896835327148438
0.053985595703125 0.00642776489257812 0.0280036926269531 0.0114383697509766
0.0448417663574219 -0.0157585144042969 0.0233116149902344 0.0111083984375
0.0269889831542969 -0.0266799926757813 0.0147905349731445 0.011871337890625
0.0117263793945313 -0.0348262786865234 0.00880908966064453 0.0154819488525391
0.000688552856445314 -0.0321178436279297 0.00634193420410156 0.0233516693115234
0.000295639038085934 -0.0305099487304688 0.00265121459960938 0.0316085815429688
-0.000158309936523435 -0.0338859558105469 -0.00356292724609375 0.0408401489257813
0.00578689575195313 -0.0336074829101563 -0.0215988159179687 0.0393257141113281
0.0210819244384766 -0.0296955108642578 -0.0294818878173828 0.0310859680175781
0.0323543548583984 -0.0236225128173828 -0.0280475616455078 0.0108814239501953
0.0450859069824219 0.00310897827148438 -0.0141792297363281 -0.00297260284423828
0.0481033325195313 0.0188522338867188 0.0148820877075195 0.00151634216308594
0.041015625 0.0263748168945313 0.0298252105712891 0.0339488983154297
0.0228462219238281 0.0223503112792969 0.0461540222167969 0.00389480590820313
0.0300960540771484 0.0160713195800781 0.0454444885253906 0.0125656127929688
0.0345382690429688 0.00431251525878906 0.0257778167724609 0.0148143768310547
0.0269927978515625 -0.0106887817382813 0.0203037261962891 0.0187816619873047
0.0133943557739258 -0.0167312622070313 0.0140380859375 0.0200443267822266
0.00408935546875 -0.0188083648681641 0.0108909606933594 0.025146484375
-0.000787734985351564 -0.0157670974731445 0.00967788696289063 0.0321807861328125
-0.00125789642333984 -0.0159273147583008 0.00658798217773438 0.0391349792480469
-0.0019989013671875 -0.0182456970214844 -0.00133132934570312 0.048004150390625
-0.000108718872070312 -0.0196762084960938 -0.0195999145507812 0.0467033386230469
0.00954437255859375 -0.0201511383056641 -0.0263595581054687 0.0361289978027344
0.0185832977294922 -0.0179729461669922 -0.0254592895507812 0.0160694122314453
0.0305690765380859 0.000255584716796875 -0.0116596221923828 0.00191211700439453
0.0314426422119141 0.0121726989746094 0.0207157135009766 0.007354736328125
0.0246295928955078 0.0183734893798828 0.038116455078125 0.0441932678222656
-0.00230693817138672 -0.00180435180664063 -0.0433311462402344 -0.04461669921875
-0.0124597549438477 -0.000441551208496095 -0.0200271606445313 -0.0115165710449219
-0.0110616683959961 0.00767040252685547 0.0133237838745117 -0.00145626068115234
-0.00274467468261719 0.0124521255493164 0.0293216705322266 -0.0170536041259766
0.00472259521484375 0.00952529907226563 0.0280132293701172 -0.0350627899169922
0.00659704208374023 0.00357770919799805 0.0134963989257813 -0.0518836975097656
0.00349926948547363 -0.001678466796875 -0.00266265869140625 -0.0538063049316406
0.00135815143585205 -0.00062870979309082 -0.0088348388671875 -0.0424118041992188
0.00205934047698975 -0.00127053260803223 -0.0139102935791016 -0.0338077545166016
0.00251865386962891 -0.000370979309082031 -0.0155525207519531 -0.0294513702392578
-0.000259876251220703 0.00270175933837891 -0.0201930999755859 -0.0251178741455078
-0.00417113304138184 0.0039215087890625 -0.0212612152099609 -0.0248661041259766
-0.0115747451782227 -0.00380325317382812 -0.0272388458251953 -0.0257186889648438
-0.00981426239013672 -0.0109491348266602 -0.0463066101074219 -0.0174827575683594
-0.00402164459228516 -0.00999164581298828 -0.0501327514648437 -0.0149040222167969
0.019683837890625 0.00992012023925781 -0.0381202697753906 -0.0449333190917969
0.00861215591430664 0.00539779663085938 -0.0150918960571289 -0.0122165679931641
0.00958728790283203 0.00921535491943359 0.0161552429199219 -0.00263309478759766
0.0149974822998047 0.00601673126220703 0.0292854309082031 -0.0199985504150391
0.0172786712646484 -0.00107002258300781 0.02581787109375 -0.0349884033203125
0.0141181945800781 -0.0126724243164063 0.0110397338867188 -0.0498390197753906
0.00474739074707031 -0.0192756652832031 -0.00389862060546875 -0.0497283935546875
0.00324058532714844 -0.0177783966064453 -0.00986862182617188 -0.0377006530761719
0.00351333618164063 -0.0205535888671875 -0.0150375366210938 -0.0289745330810547
0.00918388366699219 -0.0198440551757813 -0.0191001892089844 -0.0264663696289062
0.0150442123413086 -0.012669563293457 -0.0243015289306641 -0.0223579406738281
0.0169429779052734 -0.00603771209716797 -0.0239639282226562 -0.0252609252929688
0.0131940841674805 0.00134563446044922 -0.0262508392333984 -0.0267524719238281
0.0156402587890625 0.000420570373535156 -0.0413703918457031 -0.0189476013183594
0.0189895629882813 0.00265121459960937 -0.0452613830566406 -0.0159683227539062
0.0398178100585938 0.0210075378417969 -0.0270805358886719 -0.0406494140625
0.0297756195068359 0.0110645294189453 -0.00478458404541015 -0.00944900512695313
0.0316886901855469 0.00820732116699219 0.0202655792236328 -0.00181770324707031
0.0324516296386719 -0.00281143188476563 0.0306243896484375 -0.0198154449462891
0.0277538299560547 -0.0131206512451172 0.0243244171142578 -0.0315589904785156
0.0189857482910156 -0.0287704467773437 0.0093994140625 -0.0433464050292969
0.00531387329101562 -0.0344657897949219 -0.00464630126953125 -0.0401153564453125
0.00423240661621094 -0.0324153900146484 -0.00965690612792969 -0.0265331268310547
0.0050506591796875 -0.0368576049804688 -0.0142631530761719 -0.0175857543945313
0.0133247375488281 -0.0357513427734375 -0.0219650268554688 -0.0166378021240234
0.0275611877441406 -0.0266475677490234 -0.0291728973388672 -0.013824462890625
0.0343837738037109 -0.0159225463867187 -0.0280437469482422 -0.0211200714111328
0.0354728698730469 0.00522232055664062 -0.0263652801513672 -0.0258064270019531
0.0383033752441406 0.0108528137207031 -0.0336265563964844 -0.0179977416992188
0.0378570556640625 0.0150871276855469 -0.0341606140136719 -0.0117626190185547
0.0542411804199219 0.0296669006347656 -0.0116844177246094 -0.0334663391113281
0.0479850769042969 0.0150833129882813 0.00763225555419922 -0.00517511367797851
0.0508270263671875 0.00635910034179688 0.0255718231201172 0.00108909606933594
0.046783447265625 -0.0115280151367187 0.03167724609375 -0.0156440734863281
0.0355110168457031 -0.0242691040039062 0.0229530334472656 -0.0239906311035156
0.0213546752929688 -0.0410270690917969 0.00833320617675781 -0.0316810607910156
0.00498580932617188 -0.0448341369628906 -0.00331306457519531 -0.0258445739746094
0.00484848022460938 -0.0419502258300781 -0.00776481628417969 -0.0121564865112305
0.00449371337890625 -0.0468673706054687 -0.0124959945678711 -0.00285053253173828
0.0152511596679687 -0.0464134216308594 -0.0239124298095703 -0.00254440307617188
0.0344581604003906 -0.0368232727050781 -0.0322113037109375 -0.00113105773925781
0.0450057983398438 -0.0243377685546875 -0.0316352844238281 -0.0138320922851563
0.0517692565917969 0.0060272216796875 -0.0253009796142578 -0.0224723815917969
0.0548248291015625 0.01806640625 -0.0218696594238281 -0.016082763671875
0.0510711669921875 0.0240592956542969 -0.0184898376464844 -0.00317955017089844
0.0597953796386719 0.0345573425292969 0.00612831115722656 -0.0239925384521484
0.0578842163085938 0.0195960998535156 0.0207786560058594 4.00543212890637E-05
0.0637397766113281 0.00574111938476563 0.0284595489501953 0.005157470703125
0.0557441711425781 -0.0175323486328125 0.0307235717773438 -0.00792312622070313
0.0391654968261719 -0.0314216613769531 0.0212440490722656 -0.0125713348388672
0.0212669372558594 -0.0474777221679688 0.00780963897705078 -0.0158815383911133
0.00397109985351562 -0.0483322143554687 -0.00102043151855469 -0.00861263275146485
0.00388717651367188 -0.0446624755859375 -0.00490331649780274 0.00421476364135742
0.00365066528320312 -0.050201416015625 -0.00990772247314453 0.0138750076293945
0.0139694213867187 -0.04913330078125 -0.0245361328125 0.0133438110351562
0.0350303649902344 -0.0404167175292969 -0.03326416015625 0.0115146636962891
0.0482826232910156 -0.0282821655273438 -0.0324039459228516 -0.00530433654785157
0.0589408874511719 0.006103515625 -0.0225963592529297 -0.0166015625
0.0623931884765625 0.0218505859375 -0.00841140747070312 -0.0117568969726562
0.0560569763183594 0.0296058654785156 -0.000800132751464841 0.00801849365234375
0.0563850402832031 0.0356712341308594 0.0230674743652344 -0.0128955841064453
0.0584259033203125 0.0221900939941406 0.0325794219970703 0.0051422119140625
0.065185546875 0.00647354125976562 0.0293045043945313 0.00950241088867188
0.0557403564453125 -0.0191192626953125 0.0281333923339844 0.00210762023925781
0.0366897583007813 -0.0327301025390625 0.0185585021972656 0.000778198242187498
0.0181236267089844 -0.0455055236816406 0.00817441940307617 0.000912666320800778
0.00202560424804687 -0.0442848205566406 0.00176811218261719 0.00905990600585937
0.0023345947265625 -0.0410614013671875 -0.00121879577636719 0.01953125
0.00174331665039063 -0.0456161499023437 -0.00635910034179688 0.0292491912841797
0.0107841491699219 -0.0446395874023437 -0.0238170623779297 0.0285835266113281
0.0307579040527344 -0.0380172729492188 -0.0321674346923828 0.0234375
0.0436363220214844 -0.0280189514160156 -0.0311851501464844 0.003509521484375
0.0563430786132813 0.00543212890625 -0.0182380676269531 -0.0100421905517578
0.059661865234375 0.0221748352050781 0.00504493713378907 -0.00523233413696289
0.0529136657714844 0.031005859375 0.0159664154052734 0.0212688446044922
0.0437583923339844 0.0313758850097656 0.0381965637207031 -0.003173828125
0.0487480163574219 0.0213737487792969 0.0418281555175781 0.00939559936523438
0.0553016662597656 0.00607681274414063 0.0281658172607422 0.0121479034423828
0.0457839965820313 -0.0163116455078125 0.0229377746582031 0.0115375518798828
0.0273494720458984 -0.0268955230712891 0.0155229568481445 0.0126066207885742
0.0119895935058594 -0.0355377197265625 0.00966453552246094 0.0159015655517578
0.000314712524414063 -0.0331001281738281 0.00640296936035156 0.0229778289794922
0.000392913818359373 -0.0311946868896484 0.00291633605957032 0.0320224761962891
-0.000169754028320312 -0.0344944000244141 -0.00360870361328125 0.0409164428710937
0.00555229187011719 -0.0342178344726563 -0.0218315124511719 0.0401268005371094
0.0216636657714844 -0.0304203033447266 -0.0296478271484375 0.0314712524414062
0.0332508087158203 -0.0244121551513672 -0.028167724609375 0.0106048583984375
0.0460281372070312 0.00302886962890625 -0.0142450332641602 -0.00378990173339844
0.0488548278808594 0.0191307067871094 0.0151386260986328 0.000921249389648439
0.0415534973144531 0.0270309448242188 0.0297756195068359 0.0343379974365234
0.0231685638427734 0.0227222442626953 0.047454833984375 0.00456619262695313
0.0303535461425781 0.0168724060058594 0.0455970764160156 0.0134353637695313
0.0351524353027344 0.00437164306640625 0.0258045196533203 0.0156459808349609
0.0273094177246094 -0.0110683441162109 0.0203838348388672 0.0198421478271484
0.0134811401367188 -0.0167436599731445 0.0144309997558594 0.0204334259033203
0.00437355041503906 -0.0192298889160156 0.0116519927978516 0.02581787109375
-0.000728607177734375 -0.0163068771362305 0.009857177734375 0.0332050323486328
-0.00134372711181641 -0.0160312652587891 0.00625991821289063 0.0393257141113281
-0.0027618408203125 -0.0190410614013672 -0.00143051147460937 0.0483207702636719
-0.000110626220703126 -0.0199527740478516 -0.0197296142578125 0.0471992492675781
0.00954437255859375 -0.0205707550048828 -0.0270881652832031 0.0362167358398438
0.0189113616943359 -0.0186424255371094 -0.0254459381103516 0.0162067413330078
0.0313072204589844 -1.52587890625E-05 -0.0117225646972656 0.00146007537841797
0.0317726135253906 0.01251220703125 0.0208892822265625 0.00681304931640625
0.0242881774902344 0.0190887451171875 0.0379600524902344 0.0452537536621094
-0.00232219696044922 -0.00217390060424805 -0.0451889038085937 -0.04656982421875
-0.0125951766967773 0.000611305236816408 -0.0209865570068359 -0.0121345520019531
-0.0117053985595703 0.00820732116699219 0.0135946273803711 -0.00158309936523437
-0.00266170501708984 0.0128488540649414 0.030853271484375 -0.0174598693847656
0.00491046905517578 0.00959014892578125 0.0282630920410156 -0.0363121032714844
0.00692462921142578 0.00343942642211914 0.0136222839355469 -0.0541229248046875
0.00346779823303223 -0.00204205513000488 -0.00320816040039062 -0.055511474609375
0.00173473358154297 -0.000529170036315918 -0.00994491577148438 -0.0441017150878906
0.00147712230682373 -0.00149416923522949 -0.0149211883544922 -0.0348339080810547
0.00242137908935547 -0.000379562377929688 -0.0165767669677734 -0.030426025390625
-0.00024271011352539 0.00328874588012695 -0.0217494964599609 -0.0258865356445312
-0.00447225570678711 0.00367116928100586 -0.0221290588378906 -0.0260543823242188
-0.0122795104980469 -0.00398635864257813 -0.0285377502441406 -0.0266380310058594
-0.00990009307861328 -0.0108509063720703 -0.0477371215820313 -0.0177230834960938
-0.00361251831054688 -0.0102100372314453 -0.0523796081542969 -0.0160369873046875
0.0211334228515625 0.00983047485351563 -0.0396842956542969 -0.0467262268066406
0.00913524627685547 0.00556659698486328 -0.0155677795410156 -0.012639045715332
0.0104103088378906 0.00881481170654297 0.016270637512207 -0.00312232971191406
0.0153398513793945 0.00564479827880859 0.0305099487304688 -0.0208911895751953
0.0180492401123047 -0.00128936767578125 0.0263404846191406 -0.0359764099121094
0.0134849548339844 -0.0135698318481445 0.0113945007324219 -0.05181884765625
0.00436210632324219 -0.020294189453125 -0.00432586669921875 -0.0513534545898438
0.00307464599609375 -0.0188922882080078 -0.0108985900878906 -0.0384979248046875
0.00326919555664062 -0.0216217041015625 -0.0159072875976563 -0.029876708984375
0.00884437561035156 -0.0208244323730469 -0.0198249816894531 -0.0268268585205078
0.0158052444458008 -0.0136318206787109 -0.0256843566894531 -0.0229778289794922
0.0173730850219727 -0.00656986236572266 -0.0254650115966797 -0.0270557403564453
0.0141448974609375 0.0006866455078125 -0.0278186798095703 -0.0282726287841797
0.0165519714355469 -0.000173568725585938 -0.043365478515625 -0.0194015502929688
0.0203475952148438 0.002838134765625 -0.0477066040039062 -0.0166091918945313
0.0423431396484375 0.021514892578125 -0.0282516479492187 -0.0426063537597656
0.0312385559082031 0.0106658935546875 -0.00531387329101563 -0.00968551635742188
0.0330276489257813 0.00786399841308594 0.0214824676513672 -0.00202751159667969
0.0335445404052734 -0.003173828125 0.0318336486816406 -0.0202732086181641
0.0291156768798828 -0.014190673828125 0.0248012542724609 -0.0323734283447266
0.0191688537597656 -0.0306472778320313 0.009490966796875 -0.0445632934570313
0.00461578369140625 -0.0360145568847656 -0.00485610961914063 -0.0411338806152344
0.00387954711914063 -0.0336723327636719 -0.0102691650390625 -0.0278549194335938
0.00406265258789063 -0.0382728576660156 -0.0148830413818359 -0.0185508728027344
0.0129013061523438 -0.0375862121582031 -0.0233802795410156 -0.0171127319335938
0.0274868011474609 -0.028350830078125 -0.0303821563720703 -0.0142421722412109
0.0349884033203125 -0.01763916015625 -0.0294628143310547 -0.0225658416748047
0.0375022888183594 0.00435638427734375 -0.0272312164306641 -0.0270423889160156
0.0402679443359375 0.0102653503417969 -0.0345191955566406 -0.0192241668701172
0.0403861999511719 0.014984130859375 -0.0356864929199219 -0.012237548828125
0.0569610595703125 0.0302696228027344 -0.0122699737548828 -0.0351276397705078
0.0496673583984375 0.0152778625488281 0.00765848159790039 -0.00507068634033203
0.0532569885253906 0.00563812255859375 0.0265712738037109 0.00110626220703125
0.0484542846679688 -0.0130424499511719 0.0329685211181641 -0.0165557861328125
0.0366897583007813 -0.0255813598632813 0.0236968994140625 -0.0246067047119141
0.0213394165039063 -0.0433273315429688 0.00898933410644531 -0.0326709747314453
0.00399017333984375 -0.0466117858886719 -0.00348281860351563 -0.0268745422363281
0.00415802001953125 -0.0436744689941406 -0.00775051116943359 -0.0127449035644531
0.00376510620117187 -0.0488777160644531 -0.0129976272583008 -0.00302410125732422
0.0147743225097656 -0.0483627319335938 -0.0251235961914063 -0.00201606750488282
0.0351676940917969 -0.0387306213378906 -0.0335178375244141 -0.0010833740234375
0.0465240478515625 -0.0265579223632813 -0.0326347351074219 -0.0150165557861328
0.0541229248046875 0.0056610107421875 -0.0261955261230469 -0.0234050750732422
0.0577316284179688 0.017547607421875 -0.0228099822998047 -0.0169906616210938
0.0539741516113281 0.0245819091796875 -0.0199756622314453 -0.00385475158691406
0.06280517578125 0.0354042053222656 0.00634384155273438 -0.0252437591552734
0.0600967407226563 0.0193290710449219 0.0211029052734375 -0.000387191772460936
0.066558837890625 0.00482940673828125 0.0300750732421875 0.00523567199707031
0.0575218200683594 -0.0198211669921875 0.0322971343994141 -0.0084075927734375
0.0402297973632813 -0.0332794189453125 0.0222930908203125 -0.0128078460693359
0.0210685729980469 -0.0496482849121094 0.00887775421142578 -0.0168962478637695
0.00313568115234375 -0.0505294799804688 -0.000649452209472656 -0.00898742675781251
0.0035552978515625 -0.0464744567871094 -0.00453472137451172 0.00431299209594726
0.0026702880859375 -0.0521621704101562 -0.0101652145385742 0.013951301574707
0.0134124755859375 -0.051116943359375 -0.0253124237060547 0.0142478942871094
0.0357322692871094 -0.0426445007324219 -0.0342826843261719 0.0125961303710938
0.0493698120117188 -0.0307693481445312 -0.0335426330566406 -0.0056610107421875
0.0618133544921875 0.0052032470703125 -0.0230255126953125 -0.0179367065429688
0.0655364990234375 0.0217742919921875 -0.0092020034790039 -0.0124578475952148
0.0590248107910156 0.0307693481445313 -0.0016632080078125 0.00826787948608399
0.0595626831054688 0.0365982055664063 0.0243148803710938 -0.0134086608886719
0.0610122680664062 0.0224723815917969 0.0336399078369141 0.00511741638183594
0.0681571960449219 0.00525665283203125 0.0305690765380859 0.00976753234863281
0.0578079223632813 -0.0211563110351563 0.0287895202636719 0.00230026245117187
0.0377197265625 -0.0340080261230469 0.0195980072021484 0.000612258911132811
0.0181007385253906 -0.0480690002441406 0.0088653564453125 0.000899314880371091
0.00143051147460938 -0.0463218688964844 0.00275230407714844 0.00926208496093749
0.00230026245117188 -0.0426101684570313 -0.000883102416992187 0.0202121734619141
0.00115585327148437 -0.04742431640625 -0.00605201721191406 0.0303783416748047
0.010009765625 -0.0464897155761719 -0.0242729187011719 0.0298194885253906
0.0304794311523438 -0.0398674011230469 -0.0329360961914062 0.0244731903076172
0.0447769165039063 -0.0301246643066406 -0.0318756103515625 0.00354003906249999
0.0590934753417969 0.00437164306640625 -0.0189685821533203 -0.0108890533447266
0.0630073547363281 0.0221710205078125 0.0052947998046875 -0.00622749328613281
0.0552444458007813 0.0316848754882813 0.0164356231689453 0.0219249725341797
0.0457878112792969 0.0321006774902344 0.0408248901367188 -0.00316619873046875
0.0507011413574219 0.0214920043945313 0.0430183410644531 0.00949478149414063
0.0570106506347656 0.00561141967773438 0.0295276641845703 0.0132160186767578
0.0473556518554688 -0.0177993774414063 0.0241985321044922 0.0122222900390625
0.0280990600585937 -0.0285854339599609 0.0164718627929688 0.0127801895141602
0.0117301940917969 -0.0377044677734375 0.0103292465209961 0.0162477493286133
0.000181198120117187 -0.0343589782714844 0.007049560546875 0.0243244171142578
-0.000160217285156249 -0.0322341918945313 0.00342178344726562 0.032745361328125
-0.00123214721679687 -0.035552978515625 -0.00328445434570313 0.0425987243652344
0.005157470703125 -0.0358428955078125 -0.0220985412597656 0.0417556762695313
0.0221271514892578 -0.0322685241699219 -0.0305042266845703 0.0329856872558594
0.0340938568115234 -0.0259532928466797 -0.0287742614746094 0.0110969543457031
0.0484695434570313 0.00265884399414063 -0.0146570205688477 -0.00461101531982422
0.0513687133789063 0.0188331604003906 0.0151443481445313 0.000241279602050782
0.0435447692871094 0.0278892517089844 0.0308418273925781 0.0353355407714844
0.0247726440429688 0.0237636566162109 0.0500946044921875 0.00518417358398438
0.0314788818359375 0.0169048309326172 0.0475044250488281 0.013671875
0.0362396240234375 0.00387954711914063 0.0265178680419922 0.0167198181152344
0.0284004211425781 -0.0121593475341797 0.0210189819335938 0.0208568572998047
0.0140237808227539 -0.0175027847290039 0.0155448913574219 0.0211391448974609
0.00384902954101563 -0.0202693939208984 0.0124645233154297 0.0263710021972656
-0.000977516174316405 -0.016845703125 0.0107822418212891 0.0339317321777344
-0.00189208984375 -0.0167865753173828 0.00710296630859375 0.0404586791992188
-0.00298118591308594 -0.0194168090820313 -0.000919342041015626 0.0499496459960938
-0.000917434692382812 -0.0210018157958984 -0.0197486877441406 0.0492515563964844
0.00977706909179688 -0.021728515625 -0.0274429321289063 0.0377273559570313
0.0194091796875 -0.0195846557617188 -0.0259685516357422 0.0162677764892578
0.0326194763183594 -0.000553131103515625 -0.0122003555297852 0.0013875961303711
0.0333766937255859 0.0122699737548828 0.0211753845214844 0.00684738159179688
0.0254764556884766 0.0195102691650391 0.0397682189941406 0.0467376708984375
-0.00234365463256836 -0.00262856483459473 -0.0488128662109375 -0.0468826293945313
-0.0131072998046875 5.2452087402343E-05 -0.0229263305664063 -0.0118751525878906
-0.0121841430664062 0.00872230529785156 0.0139198303222656 -0.00189495086669922
-0.00236892700195313 0.0130729675292969 0.0311813354492188 -0.0193653106689453
0.00540924072265625 0.00972747802734375 0.0282783508300781 -0.0378761291503906
0.00699138641357422 0.00322628021240234 0.0128097534179688 -0.0563697814941406
0.00366044044494629 -0.00259923934936523 -0.00503158569335938 -0.0578041076660156
0.00172972679138184 -0.00116145610809326 -0.0121955871582031 -0.0448074340820313
0.00179243087768555 -0.00141823291778564 -0.0164413452148438 -0.0356063842773438
0.0025324821472168 -0.000585079193115234 -0.0180587768554688 -0.0310420989990234
0.000285863876342773 0.00273656845092773 -0.0231246948242187 -0.0263671875
-0.00429344177246094 0.0037693977355957 -0.0242443084716797 -0.0268459320068359
-0.0122470855712891 -0.0038442611694336 -0.0298881530761719 -0.0272445678710938
-0.0106983184814453 -0.0111303329467773 -0.0502128601074219 -0.0170135498046875
-0.00336456298828125 -0.0110130310058594 -0.0554084777832031 -0.0151176452636719
0.022979736328125 0.00951385498046875 -0.0427360534667969 -0.0477409362792969
0.010009765625 0.00528621673583984 -0.0165615081787109 -0.0129680633544922
0.0111064910888672 0.0086212158203125 0.0170669555664063 -0.00394535064697266
0.0158586502075195 0.00514888763427734 0.0310344696044922 -0.0226898193359375
0.0183143615722656 -0.00222396850585938 0.0263748168945313 -0.0379219055175781
0.0134992599487305 -0.0148649215698242 0.0107879638671875 -0.053741455078125
0.00337409973144531 -0.0213489532470703 -0.00648498535156249 -0.0533981323242187
0.00232887268066406 -0.0196151733398438 -0.0123443603515625 -0.0397720336914063
0.00175094604492188 -0.0228424072265625 -0.0173091888427734 -0.0303249359130859
0.00789260864257813 -0.0217571258544922 -0.0214519500732422 -0.0269851684570313
0.0160627365112305 -0.0150308609008789 -0.0275249481201172 -0.0229721069335938
0.0179119110107422 -0.00799369812011719 -0.0268993377685547 -0.0271816253662109
0.0145797729492187 0.000444412231445312 -0.0291500091552734 -0.0285987854003906
0.0174884796142578 -0.000673294067382813 -0.0450553894042969 -0.0189285278320313
0.0223159790039063 0.00189018249511719 -0.0506744384765625 -0.0161895751953125
0.0446929931640625 0.0206298828125 -0.0309295654296875 -0.0437393188476563
0.032745361328125 0.0101070404052734 -0.00600051879882813 -0.00978851318359375
0.0347785949707031 0.00641632080078125 0.0220928192138672 -0.00286674499511719
0.0346488952636719 -0.00568962097167969 0.0323486328125 -0.0221462249755859
0.0296669006347656 -0.0155258178710938 0.0250263214111328 -0.0341548919677734
0.0177593231201172 -0.0327548980712891 0.00878524780273438 -0.04644775390625
0.00332260131835937 -0.0376052856445312 -0.00638580322265625 -0.0430908203125
0.00263214111328125 -0.0354652404785156 -0.0112152099609375 -0.0286731719970703
0.00243759155273438 -0.0402374267578125 -0.0158195495605469 -0.0188407897949219
0.0118141174316406 -0.0398101806640625 -0.0247039794921875 -0.0170555114746094
0.0279254913330078 -0.0308380126953125 -0.0319309234619141 -0.0135421752929688
0.0360221862792969 -0.019744873046875 -0.0310211181640625 -0.0229740142822266
0.0393600463867188 0.00300979614257813 -0.0287265777587891 -0.0278110504150391
0.042694091796875 0.00857925415039062 -0.0365257263183594 -0.01910400390625
0.0433082580566406 0.0142974853515625 -0.038726806640625 -0.0114974975585937
0.0607337951660156 0.02899169921875 -0.0138587951660156 -0.0362625122070313
0.0524711608886719 0.0140571594238281 0.00762176513671875 -0.00534963607788086
0.0559272766113281 0.00325393676757813 0.0274085998535156 0.000661849975585938
0.0499496459960938 -0.01641845703125 0.0335330963134766 -0.017303466796875
0.0372734069824219 -0.0282058715820313 0.0245113372802734 -0.0263652801513672
0.0200538635253906 -0.0461235046386719 0.0083770751953125 -0.0341739654541016
0.00234985351562501 -0.0489425659179688 -0.00456619262695313 -0.0279159545898438
0.00260543823242188 -0.0453147888183594 -0.00831699371337891 -0.0128765106201172
0.001678466796875 -0.0509605407714844 -0.0130767822265625 -0.00296497344970704
0.0128059387207031 -0.0509033203125 -0.0259323120117188 -0.00125312805175781
0.0346870422363281 -0.0418701171875 -0.0346927642822266 -0.000164031982421882
0.0471229553222656 -0.0297088623046875 -0.0344619750976563 -0.0149307250976562
0.0568428039550781 0.00278091430664062 -0.0275020599365234 -0.0238533020019531
0.0611000061035156 0.0157012939453125 -0.0241527557373047 -0.0173225402832031
0.0575370788574219 0.0240364074707031 -0.0213508605957031 -0.00327301025390625
0.0672721862792969 0.0347709655761719 0.00625991821289063 -0.0261993408203125
0.0634269714355469 0.0184783935546875 0.0221271514892578 -0.000600814819335937
0.069091796875 0.00233840942382813 0.0313892364501953 0.00535202026367188
0.0589675903320312 -0.0230827331542969 0.0328845977783203 -0.00876426696777344
0.0405197143554688 -0.0364112854003906 0.0228729248046875 -0.0138740539550781
0.0192604064941406 -0.0531196594238281 0.0091705322265625 -0.0177764892578125
0.0011138916015625 -0.05255126953125 -0.00102901458740234 -0.00967979431152344
0.0015716552734375 -0.048583984375 -0.00458765029907227 0.00411224365234375
0.000820159912109376 -0.0540199279785156 -0.00955104827880859 0.014704704284668
0.0114288330078125 -0.0538978576660156 -0.0258026123046875 0.0156574249267578
0.0355873107910156 -0.0458908081054688 -0.0347003936767578 0.0143165588378906
0.0503807067871094 -0.0340118408203125 -0.0346603393554688 -0.00479888916015625
0.0645637512207031 0.00241470336914063 -0.0242862701416016 -0.0181217193603516
0.0691070556640625 0.0193634033203125 -0.00955104827880859 -0.0131139755249023
0.0626754760742188 0.0301551818847656 -0.00160980224609375 0.00873422622680664
0.0634689331054688 0.0360145568847656 0.0255813598632813 -0.0146675109863281
0.06451416015625 0.0208854675292969 0.0351448059082031 0.00432968139648438
0.0711669921875 0.00274658203125 0.0323829650878906 0.00923728942871094
0.0586624145507813 -0.0247306823730469 0.0300521850585938 0.00205039978027344
0.03826904296875 -0.0372772216796875 0.0200710296630859 0.00027656555175781
0.0162849426269531 -0.0511894226074219 0.00972652435302735 0.000506401062011716
-0.000232696533203121 -0.0485610961914062 0.00317192077636719 0.00936031341552734
0.000617980957031246 -0.0444526672363281 0.000301361083984375 0.0205726623535156
-0.00064849853515625 -0.0491485595703125 -0.00525093078613281 0.03082275390625
0.00821304321289063 -0.0485916137695313 -0.0235748291015625 0.0314712524414062
0.0301856994628906 -0.0429725646972656 -0.0329513549804687 0.0263023376464844
0.0454139709472656 -0.0332832336425781 -0.0327434539794922 0.00417900085449218
0.0616950988769531 0.00200653076171875 -0.0194129943847656 -0.0116806030273437
0.0664100646972656 0.0204238891601563 0.00479984283447266 -0.00768089294433594
0.0591278076171875 0.0311203002929688 0.0174636840820313 0.0221385955810547
0.0490570068359375 0.0316047668457031 0.0424003601074219 -0.00397491455078125
0.0535507202148438 0.0207977294921875 0.0453529357910156 0.00896453857421875
0.0593833923339844 0.00339889526367188 0.0305309295654297 0.0134239196777344
0.0483589172363281 -0.0209617614746094 0.0261344909667969 0.0124149322509766
0.0281963348388672 -0.0305309295654297 0.0177211761474609 0.0132827758789062
0.010406494140625 -0.0393829345703125 0.0114765167236328 0.0163345336914062
-0.0012359619140625 -0.0357704162597656 0.0081634521484375 0.0249309539794922
-0.000993728637695314 -0.0338668823242188 0.00490760803222656 0.0338611602783203
-0.00244140625 -0.0368614196777344 -0.00189971923828125 0.0435600280761719
0.0033416748046875 -0.037200927734375 -0.0211105346679688 0.043853759765625
0.0213718414306641 -0.0344924926757813 -0.0297794342041016 0.0350837707519531
0.0343284606933594 -0.0282859802246094 -0.0294723510742187 0.0118560791015625
0.0511741638183594 0.00058746337890625 -0.0151081085205078 -0.00456047058105468
0.0540847778320312 0.0173530578613281 0.0156841278076172 -0.000793457031249999
0.0462226867675781 0.0278701782226563 0.032684326171875 0.0359992980957031
0.0272712707519531 0.0234107971191406 0.0527153015136719 0.0045318603515625
0.0331821441650391 0.0167808532714844 0.0498580932617188 0.0131759643554688
0.0378532409667969 0.00258636474609375 0.0281848907470703 0.0167942047119141
0.0289192199707031 -0.0138683319091797 0.0227870941162109 0.0215625762939453
0.0135459899902344 -0.018890380859375 0.0166912078857422 0.0219554901123047
0.00314140319824219 -0.0213527679443359 0.0140361785888672 0.0269603729248047
-0.001861572265625 -0.0179100036621094 0.0126857757568359 0.0349521636962891
-0.00262832641601563 -0.0175876617431641 0.00875091552734375 0.0417022705078125
-0.00371742248535156 -0.0203132629394531 0.00135040283203125 0.0515861511230469
-0.00173759460449219 -0.0217552185058594 -0.0189399719238281 0.051727294921875
0.00974845886230469 -0.0226535797119141 -0.0271797180175781 0.0398979187011719
0.0195217132568359 -0.021148681640625 -0.0262870788574219 0.0174884796142578
0.0341930389404297 -0.00197792053222656 -0.0125551223754883 0.00110435485839844
0.0348300933837891 0.0116386413574219 0.0221843719482422 0.00574493408203125
0.0267658233642578 0.0193901062011719 0.0429534912109375 0.0476341247558594
-0.00189924240112305 -0.00275516510009766 -0.05218505859375 -0.0457725524902344
-0.0128517150878906 0.000586509704589842 -0.0235385894775391 -0.0107650756835937
-0.0112895965576172 0.00974750518798828 0.0135860443115234 -0.00289821624755859
-0.00178050994873047 0.0138683319091797 0.0311107635498047 -0.0202808380126953
0.00651931762695313 0.00995826721191406 0.0275421142578125 -0.0397377014160156
0.00710821151733398 0.00275564193725586 0.0107307434082031 -0.0569229125976562
0.00319457054138184 -0.00240802764892578 -0.0080413818359375 -0.0583152770996094
0.00132668018341064 -0.00096428394317627 -0.0139312744140625 -0.0452117919921875
0.0010521411895752 -0.00202250480651855 -0.0188369750976562 -0.0358085632324219
0.00215482711791992 -0.00102603435516357 -0.0195808410644531 -0.0306358337402344
0.000113725662231445 0.00292730331420898 -0.0248012542724609 -0.0256061553955078
-0.00417757034301758 0.00406622886657715 -0.0254859924316406 -0.0269336700439453
-0.0128564834594727 -0.00379467010498047 -0.0314750671386719 -0.0263938903808594
-0.0110225677490234 -0.01116943359375 -0.0515556335449219 -0.0149345397949219
-0.00334739685058594 -0.0116853713989258 -0.0573616027832031 -0.0131912231445313
0.02435302734375 0.00775527954101563 -0.0462455749511719 -0.0469398498535156
0.0105180740356445 0.00484275817871094 -0.0179367065429688 -0.0122871398925781
0.0114412307739258 0.00808429718017578 0.0171108245849609 -0.00522518157958984
0.0171012878417969 0.00421333312988281 0.030975341796875 -0.0237903594970703
0.0189857482910156 -0.00350189208984375 0.0253753662109375 -0.0393104553222656
0.0125255584716797 -0.0166292190551758 0.00878143310546874 -0.0546875
0.00229263305664062 -0.0220832824707031 -0.00913238525390625 -0.0533981323242188
0.00172996520996094 -0.0199794769287109 -0.0144157409667969 -0.0401611328125
0.00108909606933594 -0.0230674743652344 -0.0188102722167969 -0.0301952362060547
0.00711631774902344 -0.0224208831787109 -0.0236587524414062 -0.0268917083740234
0.0153007507324219 -0.0155973434448242 -0.0289287567138672 -0.0223197937011719
0.0182723999023438 -0.00931358337402344 -0.0289955139160156 -0.0271148681640625
0.0153093338012695 -0.000651359558105469 -0.030670166015625 -0.0279998779296875
0.0184783935546875 -0.00193023681640625 -0.0468215942382813 -0.0174446105957031
0.0234165191650391 0.00141143798828125 -0.0529708862304688 -0.0145301818847656
0.0472221374511719 0.0184593200683594 -0.0335350036621094 -0.0433769226074219
0.0348033905029297 0.008575439453125 -0.00665760040283203 -0.0106115341186523
0.0364875793457031 0.00439453125 0.0226421356201172 -0.00390815734863281
0.0353202819824219 -0.00695419311523437 0.0319175720214844 -0.0229225158691406
0.0293388366699219 -0.0180740356445313 0.0248680114746094 -0.0358695983886719
0.0162754058837891 -0.0342330932617188 0.00712966918945313 -0.0476264953613281
0.00145721435546875 -0.0386886596679688 -0.00846481323242187 -0.0434303283691406
0.00149154663085938 -0.0357513427734375 -0.0130119323730469 -0.0287208557128906
-0.000514984130859377 -0.0410728454589844 -0.0170860290527344 -0.0187740325927734
0.01019287109375 -0.0410995483398438 -0.0259857177734375 -0.0158767700195313
0.02716064453125 -0.0322437286376953 -0.0332202911376953 -0.012115478515625
0.0353584289550781 -0.0221519470214844 -0.0330257415771484 -0.0222263336181641
0.0404281616210938 0.000270843505859375 -0.0299034118652344 -0.0274238586425781
0.0443038940429688 0.00654220581054688 -0.0377845764160156 -0.0180931091308594
0.0451545715332031 0.0122604370117187 -0.0402030944824219 -0.0108184814453125
0.0640029907226563 0.0266609191894531 -0.0154190063476562 -0.0365791320800781
0.0545005798339844 0.0118484497070313 0.00700759887695313 -0.00637722015380859
0.0570449829101563 8.392333984375E-05 0.0283069610595703 -7.62939453124999E-06
0.0499610900878906 -0.0196075439453125 0.0332317352294922 -0.0182819366455078
0.0369911193847656 -0.0309638977050781 0.0240955352783203 -0.0269145965576172
0.0178642272949219 -0.0483970642089844 0.0077362060546875 -0.035064697265625
-0.000183105468750003 -0.0494918823242187 -0.00592803955078125 -0.0281600952148438
-0.000171661376953129 -0.0461616516113281 -0.00900554656982422 -0.0131959915161133
-0.00127029418945313 -0.0519943237304688 -0.0131378173828125 -0.00260257720947266
0.00968551635742188 -0.0521736145019531 -0.0266933441162109 5.53131103515574E-05
0.0328750610351563 -0.0447883605957031 -0.0349082946777344 0.00174140930175781
0.0469551086425781 -0.0328140258789062 -0.0355644226074219 -0.0138473510742188
0.0591888427734375 4.1961669921875E-05 -0.0289802551269531 -0.0237102508544922
0.0627517700195313 0.0123558044433594 -0.0253219604492187 -0.0173110961914062
0.0605354309082031 0.0216293334960938 -0.0219249725341797 -0.00280570983886719
0.0708389282226563 0.0326919555664063 0.00517463684082031 -0.0270442962646484
0.0652084350585938 0.0156478881835938 0.0225811004638672 -0.00198745727539062
0.0704498291015625 -0.00157928466796875 0.0324325561523438 0.003753662109375
0.0590438842773438 -0.0270156860351563 0.0336418151855469 -0.0100326538085938
0.0395469665527344 -0.0392341613769531 0.0231437683105469 -0.0143203735351563
0.0163116455078125 -0.0555381774902344 0.00876808166503907 -0.0190944671630859
-0.000854492187500001 -0.0542411804199219 -0.00167655944824219 -0.00924777984619141
-0.000301361083984379 -0.0495986938476562 -0.00477313995361328 0.00420379638671875
-0.00232315063476562 -0.0549812316894531 -0.00840663909912109 0.0154886245727539
0.00893402099609375 -0.0549850463867188 -0.0257625579833984 0.0175151824951172
0.0330619812011719 -0.0489540100097656 -0.0341129302978516 0.0157146453857422
0.0492210388183594 -0.0377159118652344 -0.0354766845703125 -0.00393295288085937
0.0663070678710938 -0.0009765625 -0.0253887176513672 -0.0182476043701172
0.0717544555664062 0.0163116455078125 -0.0101957321166992 -0.0135049819946289
0.0660285949707031 0.0277633666992188 -0.00163650512695312 0.0089263916015625
0.0667839050292969 0.0337028503417969 0.0258312225341797 -0.0162525177001953
0.0666122436523438 0.0188064575195313 0.0360488891601563 0.00323867797851563
0.072174072265625 -0.0010833740234375 0.033416748046875 0.00858688354492188
0.0586814880371094 -0.028717041015625 0.0302848815917969 0.00117874145507812
0.03662109375 -0.0398063659667969 0.0211868286132813 -0.000129699707031252
0.0136222839355469 -0.0530891418457031 0.010920524597168 -0.000105857849121097
-0.00242233276367188 -0.0496788024902344 0.00374507904052734 0.00939464569091797
-0.00199508666992187 -0.0456924438476563 0.00109291076660156 0.0207386016845703
-0.00328826904296875 -0.050048828125 -0.00354385375976563 0.0312385559082031
0.00566101074218751 -0.0492210388183594 -0.0217971801757812 0.0339241027832031
0.0282020568847656 -0.0456161499023438 -0.0315093994140625 0.0284767150878906
0.0445671081542969 -0.0368919372558594 -0.033172607421875 0.00528526306152344
0.0634002685546875 -0.0014190673828125 -0.0205307006835937 -0.0112113952636719
0.0684738159179688 0.0169486999511719 0.00426816940307618 -0.00830411911010742
0.0616226196289063 0.0298423767089844 0.0183067321777344 0.0223159790039063
0.0520668029785156 0.0301971435546875 0.0446205139160156 -0.00567245483398437
0.0549850463867188 0.0191764831542969 0.0463066101074219 0.00696945190429688
0.0609855651855469 0.000156402587890625 0.0322456359863281 0.0127544403076172
0.0482101440429688 -0.0237388610839844 0.0267105102539063 0.0120258331298828
0.0270862579345703 -0.032379150390625 0.0189876556396484 0.0127887725830078
0.00823593139648437 -0.0411453247070313 0.01324462890625 0.0158777236938476
-0.00322723388671875 -0.0366630554199219 0.0098876953125 0.0249958038330078
-0.00332832336425782 -0.0345306396484375 0.0062713623046875 0.0341949462890625
-0.00417709350585938 -0.0381698608398438 0.000499725341796876 0.0442085266113281
0.00159072875976562 -0.0373420715332031 -0.0192489624023438 0.0455856323242188
0.0197792053222656 -0.0361595153808594 -0.0286827087402344 0.0365486145019531
0.0330467224121094 -0.0311679840087891 -0.0288715362548828 0.0131988525390625
0.0523757934570313 -0.00206375122070313 -0.0154561996459961 -0.00466251373291016
0.0558700561523438 0.0150260925292969 0.0158529281616211 -0.00211429595947266
0.0484123229980469 0.02630615234375 0.0346527099609375 0.0352210998535156
0.0289936065673828 0.0231895446777344 0.0550804138183594 0.00200653076171875
0.0347900390625 0.0152740478515625 0.051300048828125 0.0112113952636719
0.0387344360351563 0.0012969970703125 0.0295982360839844 0.0160694122314453
0.0284500122070312 -0.0155601501464844 0.0244388580322266 0.0211105346679688
0.012939453125 -0.0201740264892578 0.0185260772705078 0.0214653015136719
0.00195884704589844 -0.0218257904052734 0.0155754089355469 0.0267467498779297
-0.00279617309570313 -0.0185260772705078 0.0149097442626953 0.034881591796875
-0.00323104858398437 -0.0179424285888672 0.0107154846191406 0.0423202514648438
-0.00494194030761719 -0.0206336975097656 0.00386810302734375 0.0519523620605469
-0.00331687927246094 -0.0215816497802734 -0.0161857604980469 0.0532417297363281
0.00849723815917969 -0.0240802764892578 -0.0253639221191406 0.0412254333496094
0.0190238952636719 -0.0224113464355469 -0.0263710021972656 0.0191879272460938
0.035125732421875 -0.00363540649414063 -0.0129785537719727 0.00154495239257812
0.035980224609375 0.0101661682128906 0.0222434997558594 0.0050811767578125
0.0284614562988281 0.0191535949707031 0.0458259582519531 0.0462646484375
-0.000540971755981445 -0.00432968139648438 -0.0538673400878906 -0.0438652038574219
-0.0127182006835938 0.000716209411621091 -0.02490234375 -0.00989341735839844
-0.0106449127197266 0.00867080688476562 0.0148906707763672 -0.00270843505859375
-0.00076770782470703 0.0138463973999023 0.0317173004150391 -0.0220451354980469
0.00690364837646484 0.00881004333496094 0.0274391174316406 -0.0399055480957031
0.00751972198486328 0.00185680389404297 0.00878524780273438 -0.0567131042480469
0.00239419937133789 -0.00188636779785156 -0.00957489013671875 -0.0578727722167969
0.00240063667297363 -0.0015568733215332 -0.0159797668457031 -0.0450782775878906
0.000290513038635254 -0.000931382179260254 -0.0197677612304688 -0.0352058410644531
0.00262951850891113 -0.00158190727233887 -0.0207767486572266 -0.0308971405029297
0.0016326904296875 0.00264406204223633 -0.0262203216552734 -0.0252227783203125
-0.00434970855712891 0.00466012954711914 -0.0266017913818359 -0.0255374908447266
-0.012115478515625 -0.003570556640625 -0.0323295593261719 -0.0246086120605469
-0.0107202529907227 -0.0102853775024414 -0.0532608032226562 -0.0134391784667969
-0.00201511383056641 -0.0134525299072266 -0.0587921142578125 -0.0125045776367187
0.0255680084228516 0.006988525390625 -0.0485191345214844 -0.0449867248535156
0.0122861862182617 0.00364017486572266 -0.0168962478637695 -0.0116329193115234
0.012364387512207 0.00700473785400391 0.0173873901367188 -0.00454902648925781
0.0183906555175781 0.00241851806640625 0.0294570922851563 -0.0246448516845703
0.0184364318847656 -0.00345039367675781 0.0240898132324219 -0.0394363403320313
0.0118627548217773 -0.0172977447509766 0.00586318969726563 -0.0542793273925781
0.000797271728515623 -0.0213603973388672 -0.01055908203125 -0.0545578002929688
-0.000167846679687499 -0.0194778442382813 -0.0151443481445312 -0.0394363403320313
7.82012939453145E-05 -0.0236110687255859 -0.0201301574707031 -0.0299282073974609
0.00609397888183594 -0.0228290557861328 -0.024383544921875 -0.0266246795654297
0.0139608383178711 -0.0166378021240234 -0.0297317504882813 -0.0210971832275391
0.0171098709106445 -0.00948238372802734 -0.0297355651855469 -0.0264091491699219
0.0157070159912109 -0.00130748748779297 -0.0320720672607422 -0.0283412933349609
0.0194358825683594 -0.00234413146972656 -0.0468940734863281 -0.0155029296875
0.0237216949462891 0.000858306884765625 -0.0544052124023438 -0.0131416320800781
0.0477104187011719 0.0154838562011719 -0.0352592468261719 -0.0430068969726563
0.0339603424072266 0.00752639770507813 -0.00766372680664062 -0.00972938537597656
0.0370063781738281 0.00200653076171875 0.0220413208007813 -0.00303459167480469
0.0347480773925781 -0.00876235961914062 0.0313644409179688 -0.0246257781982422
0.0282325744628906 -0.0196247100830078 0.0227813720703125 -0.0362586975097656
0.0140762329101562 -0.0346946716308594 0.00587844848632813 -0.0478286743164063
-0.000392913818359371 -0.0378799438476563 -0.0100135803222656 -0.0428123474121094
-0.000606536865234374 -0.0351524353027344 -0.0143394470214844 -0.0277652740478516
-0.00135421752929687 -0.0406761169433594 -0.0174732208251953 -0.0174579620361328
0.00741195678710938 -0.0414161682128906 -0.0269565582275391 -0.0140857696533203
0.0249652862548828 -0.0344715118408203 -0.0329113006591797 -0.0115566253662109
0.0347614288330078 -0.0237827301025391 -0.0334339141845703 -0.022003173828125
0.040313720703125 -0.000858306884765625 -0.0306034088134766 -0.0278110504150391
0.0446281433105469 0.00442123413085938 -0.0372428894042969 -0.0176353454589844
0.0465126037597656 0.0117149353027344 -0.04083251953125 -0.0097808837890625
0.0659828186035156 0.023681640625 -0.0174293518066406 -0.0361175537109375
0.0541610717773438 0.00935745239257813 0.00672245025634766 -0.00606203079223633
0.0573387145996094 -0.00293350219726563 0.028717041015625 -0.000547409057617188
0.0486488342285156 -0.0215950012207031 0.0334434509277344 -0.0195846557617188
0.0351524353027344 -0.0330734252929688 0.0224723815917969 -0.0271720886230469
0.0150375366210938 -0.0484237670898438 0.00658035278320312 -0.0346412658691406
-0.00155258178710937 -0.0499343872070313 -0.00738906860351562 -0.0278987884521484
-0.00125503540039062 -0.0465126037597656 -0.00944328308105469 -0.0131120681762695
-0.00309371948242187 -0.0508651733398438 -0.0133848190307617 -0.00161266326904297
0.00811386108398438 -0.052032470703125 -0.0262603759765625 0.00080490112304687
0.0303993225097656 -0.0462379455566406 -0.0351524353027344 0.00294876098632813
0.0442543029785156 -0.0353164672851563 -0.0363807678222656 -0.0133132934570312
0.0586776733398438 -0.00272750854492188 -0.0292549133300781 -0.0226631164550781
0.0638961791992187 0.00957489013671875 -0.025146484375 -0.01617431640625
0.0620155334472656 0.0200576782226563 -0.0228195190429687 -0.00151824951171874
0.0729293823242188 0.0294876098632813 0.00494956970214844 -0.0283870697021484
0.0667190551757812 0.0124015808105469 0.0213680267333984 -0.003570556640625
0.0717544555664063 -0.00433349609375 0.0323944091796875 0.003082275390625
0.0579605102539063 -0.0304489135742188 0.0335426330566406 -0.0110626220703125
0.0369606018066406 -0.0411376953125 0.0222320556640625 -0.0158653259277344
0.0141716003417969 -0.0552177429199219 0.00941848754882813 -0.0185775756835938
-0.00326919555664062 -0.0537872314453125 -0.00138092041015625 -0.00942230224609375
-0.00372695922851563 -0.0496940612792969 -0.00392365455627441 0.00379896163940429
-0.00457000732421875 -0.0552215576171875 -0.00707530975341797 0.0151224136352539
0.00636672973632812 -0.0546150207519531 -0.0251693725585938 0.0183200836181641
0.0306892395019531 -0.0506324768066406 -0.0337314605712891 0.017852783203125
0.0477790832519531 -0.0406112670898437 -0.0353736877441406 -0.00274276733398437
0.0672035217285156 -0.00298309326171875 -0.0259952545166016 -0.0178298950195313
0.0726547241210937 0.0129852294921875 -0.0099039077758789 -0.0143632888793945
0.0667228698730469 0.0252876281738281 -0.0015268325805664 0.00835609436035156
0.0680809020996094 0.0291481018066406 0.0260238647460938 -0.0181903839111328
0.06695556640625 0.0160446166992187 0.0365447998046875 0.00196456909179688
0.0723724365234375 -0.0036468505859375 0.0334873199462891 0.00755119323730469
0.0581283569335938 -0.031219482421875 0.0295391082763672 0.00147056579589844
0.0350456237792969 -0.041290283203125 0.0224285125732422 -0.00038719177246094
0.0117034912109375 -0.0526275634765625 0.0111513137817383 0.000947952270507809
-0.00461196899414063 -0.0489578247070313 0.00440692901611328 0.00934600830078125
-0.00286865234375 -0.0448875427246094 0.00218963623046875 0.0203952789306641
-0.0065765380859375 -0.0493431091308594 -0.00250244140625 0.0312709808349609
0.00280380249023437 -0.0494155883789063 -0.0218143463134766 0.0342235565185547
0.0266571044921875 -0.0458793640136719 -0.0320415496826172 0.0299587249755859
0.0426712036132813 -0.0391616821289063 -0.0327739715576172 0.00584030151367187
0.0642738342285156 -0.00351715087890625 -0.0201740264892578 -0.0109825134277344
0.0687599182128906 0.0140800476074219 0.0032334327697754 -0.00868129730224609
0.0630378723144531 0.0274200439453125 0.0187835693359375 0.0211658477783203
0.054168701171875 0.027557373046875 0.0450325012207031 -0.00744247436523437
0.0559349060058594 0.0160369873046875 0.0464057922363281 0.00527572631835938
0.06109619140625 -0.0015869140625 0.0315399169921875 0.0118522644042969
0.047027587890625 -0.0256576538085938 0.0276813507080078 0.0110397338867188
0.0255527496337891 -0.0328273773193359 0.0193042755126953 0.0127830505371094
0.00694656372070312 -0.0407142639160156 0.0140962600708008 0.0156955718994141
-0.004852294921875 -0.0363960266113281 0.0106315612792969 0.0253238677978516
-0.0049285888671875 -0.0342864990234375 0.00816917419433594 0.0344924926757812
-0.00694656372070312 -0.0378074645996094 0.0026092529296875 0.0434303283691406
-0.00046539306640625 -0.0380287170410156 -0.0181808471679687 0.0458030700683594
0.0190086364746094 -0.0370292663574219 -0.0255317687988281 0.0371170043945313
0.0323524475097656 -0.0322151184082031 -0.0287017822265625 0.0128383636474609
0.0524978637695313 -0.00388336181640625 -0.0148181915283203 -0.00387001037597656
0.0562248229980469 0.0120391845703125 0.0154829025268555 -0.00285816192626953
0.0496940612792969 0.0247344970703125 0.0368690490722656 0.0338516235351563
0.0297756195068359 0.0215950012207031 0.0555953979492188 0.00115203857421875
0.0350418090820313 0.0143470764160156 0.0523490905761719 0.00907516479492188
0.0393791198730469 0.0002288818359375 0.030303955078125 0.0157089233398438
0.0280284881591797 -0.0161647796630859 0.0261363983154297 0.0198574066162109
0.0117340087890625 -0.020294189453125 0.0195446014404297 0.0202503204345703
0.00182151794433594 -0.0226573944091797 0.0168380737304688 0.025238037109375
-0.0030975341796875 -0.0188331604003906 0.0158615112304687 0.0349082946777344
-0.00342941284179688 -0.0177440643310547 0.0130653381347656 0.0414695739746094
-0.00591468811035156 -0.0205364227294922 0.005889892578125 0.0514602661132813
-0.00453948974609375 -0.0218791961669922 -0.0140037536621094 0.0531539916992188
0.00711250305175781 -0.0241165161132813 -0.0232582092285156 0.0413856506347656
0.0177249908447266 -0.0232143402099609 -0.0253009796142578 0.0193576812744141
0.0345020294189453 -0.00522613525390625 -0.0128870010375977 0.00209426879882813
0.0361442565917969 0.00881195068359375 0.0222568511962891 0.002593994140625
0.0285625457763672 0.0173873901367188 0.0467414855957031 0.0448417663574219
-0.00217223167419434 -0.00366759300231934 -0.0542144775390625 -0.0431556701660156
-0.0125980377197266 0.000629425048828123 -0.0246715545654297 -0.00846481323242188
-0.0104751586914063 0.010676383972168 0.0139827728271484 -0.00286388397216797
-0.00056171417236328 0.0131130218505859 0.0296058654785156 -0.0217437744140625
0.00759506225585938 0.00967502593994141 0.0257530212402344 -0.0406951904296875
0.00691652297973633 0.00275039672851563 0.00769805908203124 -0.0570297241210938
0.00328254699707031 -0.00346732139587402 -0.0112762451171875 -0.0580062866210937
0.00150167942047119 -0.00110924243927002 -0.017242431640625 -0.0438003540039063
0.000780582427978516 -0.00166082382202148 -0.0201702117919922 -0.0349349975585938
0.00226902961730957 -0.000638008117675781 -0.0210857391357422 -0.0293502807617187
0.000988960266113281 0.00272107124328613 -0.0262355804443359 -0.0243930816650391
-0.00400447845458984 0.00443553924560547 -0.0278167724609375 -0.0255908966064453
-0.0130748748779297 -0.00252532958984375 -0.0324020385742188 -0.0249137878417969
-0.00972747802734375 -0.0107059478759766 -0.0511741638183594 -0.012664794921875
-0.00208568572998047 -0.0120105743408203 -0.0586967468261719 -0.0114212036132812
0.0250701904296875 0.00634384155273438 -0.0490608215332031 -0.0442390441894531
0.0114164352416992 0.00346469879150391 -0.0192546844482422 -0.0107250213623047
0.0128440856933594 0.00690269470214844 0.0168704986572266 -0.00498294830322266
0.0173873901367188 0.0026702880859375 0.0290145874023437 -0.0248394012451172
0.018341064453125 -0.00524520874023438 0.0236663818359375 -0.0398216247558594
0.0106477737426758 -0.0164432525634766 0.00658416748046875 -0.0543365478515625
9.72747802734371E-05 -0.0221061706542969 -0.0112190246582031 -0.0530166625976563
0.000883102416992189 -0.0199851989746094 -0.0169792175292969 -0.0383453369140625
-0.00107383728027344 -0.0226860046386719 -0.0205097198486328 -0.0295677185058594
0.00532150268554688 -0.0224819183349609 -0.0239658355712891 -0.0250644683837891
0.0147476196289063 -0.0172710418701172 -0.0304031372070313 -0.02044677734375
0.016657829284668 -0.0102653503417969 -0.0302543640136719 -0.0260105133056641
0.0153713226318359 -0.00182723999023438 -0.0304126739501953 -0.0267696380615234
0.0191802978515625 -0.00296783447265625 -0.0463829040527344 -0.0160179138183594
0.0248451232910156 -0.00019073486328125 -0.0539131164550781 -0.0127296447753906
0.0484199523925781 0.0162086486816406 -0.0356483459472656 -0.0414886474609375
0.0343532562255859 0.00610733032226563 -0.00734615325927734 -0.00903987884521484
0.0359687805175781 0.001953125 0.0220832824707031 -0.00392723083496094
0.0342388153076172 -0.0104236602783203 0.0311393737792969 -0.0240211486816406
0.0280895233154297 -0.0203399658203125 0.0230979919433594 -0.0357742309570313
0.0131874084472656 -0.0347309112548828 0.00620651245117188 -0.0472030639648438
-0.00144195556640625 -0.0387687683105469 -0.0101242065429687 -0.0425529479980469
-0.00121307373046875 -0.0356063842773438 -0.0138645172119141 -0.0278873443603516
-0.00278854370117187 -0.0401229858398438 -0.0169315338134766 -0.0184249877929688
0.00670242309570312 -0.0409927368164062 -0.0260105133056641 -0.0137767791748047
0.0245437622070313 -0.0342884063720703 -0.0335254669189453 -0.0105266571044922
0.0343685150146484 -0.0247993469238281 -0.0340156555175781 -0.0217323303222656
0.0409278869628906 -0.00229644775390625 -0.0311431884765625 -0.0263290405273438
0.0445137023925781 0.00310134887695313 -0.0376052856445313 -0.0172538757324219
0.0476455688476563 0.0100631713867187 -0.0415496826171875 -0.0086669921875
0.0661659240722656 0.0231704711914063 -0.0166702270507812 -0.0356216430664063
0.05401611328125 0.00907135009765625 0.00612211227416993 -0.00634956359863281
0.0573844909667969 -0.00348281860351563 0.0280170440673828 -0.00107383728027344
0.0481986999511719 -0.0231857299804688 0.0325450897216797 -0.0195064544677734
0.0344657897949219 -0.0335597991943359 0.0226554870605469 -0.0278167724609375
0.0134620666503906 -0.0488662719726563 0.00625228881835937 -0.0348682403564453
-0.00319671630859375 -0.0498237609863281 -0.00701141357421875 -0.0276279449462891
-0.001678466796875 -0.0457344055175781 -0.00966835021972656 -0.0124731063842774
-0.00424957275390625 -0.0516510009765625 -0.0132045745849609 -0.00230026245117188
0.00648117065429688 -0.0513153076171875 -0.0258922576904297 0.00214385986328125
0.0299415588378906 -0.0466346740722656 -0.0342578887939453 0.00320053100585937
0.0436744689941406 -0.0361175537109375 -0.0353240966796875 -0.0135383605957031
0.0583114624023438 -0.0039520263671875 -0.0293064117431641 -0.0237197875976562
0.064239501953125 0.0081787109375 -0.0254974365234375 -0.0167884826660156
0.0619163513183594 0.0188980102539063 -0.0227031707763672 -0.001556396484375
0.072998046875 0.0282363891601563 0.00459861755371094 -0.0277633666992188
0.0658073425292969 0.011810302734375 0.0217494964599609 -0.00274085998535156
0.0697479248046875 -0.00577163696289063 0.0322837829589844 0.00325393676757812
0.0570716857910156 -0.0311470031738281 0.0326728820800781 -0.0103397369384766
0.0367279052734375 -0.0418128967285156 0.0233535766601563 -0.0150623321533203
0.0120697021484375 -0.0553092956542969 0.00885200500488281 -0.0183925628662109
-0.00478363037109375 -0.0532722473144531 -0.000961303710937501 -0.00878047943115235
-0.00400924682617187 -0.0489730834960938 -0.00434017181396484 0.00451231002807617
-0.00580215454101563 -0.0546607971191406 -0.00793647766113282 0.0148534774780273
0.00469207763671876 -0.0543937683105469 -0.0242137908935547 0.0188007354736328
0.0304641723632813 -0.0502738952636719 -0.0325794219970703 0.0177040100097656
0.0465278625488281 -0.0410995483398438 -0.0348491668701172 -0.00351333618164062
0.0664443969726563 -0.00472640991210938 -0.02606201171875 -0.0182971954345703
0.0724029541015625 0.0116729736328125 -0.0100030899047852 -0.0139636993408203
0.067596435546875 0.0247001647949219 -0.00116157531738281 0.00889301300048828
0.0690231323242188 0.0293312072753906 0.0260581970214844 -0.0175571441650391
0.0671234130859375 0.0148658752441406 0.0358352661132813 0.000846862792968751
0.0724945068359375 -0.00560760498046875 0.0339889526367188 0.00771331787109375
0.056365966796875 -0.032501220703125 0.031158447265625 0.000568389892578123
0.0345458984375 -0.0417556762695313 0.0214977264404297 -0.000307083129882815
0.00882339477539062 -0.0526466369628906 0.010411262512207 -0.000334739685058597
-0.00600814819335937 -0.0489387512207031 0.00553607940673828 0.00971508026123047
-0.00500869750976563 -0.0442771911621094 0.00251007080078125 0.0205039978027344
-0.006439208984375 -0.0496597290039063 -0.00226402282714844 0.0306644439697266
0.00220489501953125 -0.0481452941894531 -0.0206527709960938 0.0344619750976562
0.0249443054199219 -0.0469093322753906 -0.0294742584228516 0.0287876129150391
0.0416946411132813 -0.0395927429199219 -0.0328121185302734 0.0059356689453125
0.0632286071777344 -0.00482559204101563 -0.0207633972167969 -0.0113887786865234
0.0694732666015625 0.0133743286132813 0.0036458969116211 -0.00923442840576172
0.0632095336914063 0.02618408203125 0.0194931030273438 0.0212154388427734
0.0536689758300781 0.027374267578125 0.04461669921875 -0.0081939697265625
0.0547218322753906 0.0152359008789062 0.0460929870605469 0.00489425659179688
0.0605888366699219 -0.0034027099609375 0.0324516296386719 0.0120315551757813
0.045867919921875 -0.0268020629882813 0.0275840759277344 0.0109920501708984
0.0249977111816406 -0.0335350036621094 0.0203495025634766 0.0122241973876953
0.00511932373046875 -0.0413742065429688 0.0143394470214844 0.0149030685424805
-0.004913330078125 -0.0364761352539063 0.0114307403564453 0.0239391326904297
-0.00514602661132813 -0.0337734222412109 0.00887680053710938 0.0337352752685547
-0.0071563720703125 -0.0373115539550781 0.00229263305664063 0.0425224304199219
-0.000991821289062499 -0.0370941162109375 -0.01629638671875 0.0454902648925781
0.0179519653320313 -0.0375099182128906 -0.0259780883789063 0.03668212890625
0.0309810638427734 -0.0323944091796875 -0.0282478332519531 0.0131092071533203
0.0521202087402344 -0.00537872314453125 -0.0153598785400391 -0.00449943542480468
0.0565948486328125 0.01141357421875 0.0150260925292969 -0.00343036651611328
0.0496826171875 0.0241851806640625 0.0361709594726563 0.0337905883789063
0.0301456451416016 0.0202522277832031 0.0569572448730469 0.000305175781250001
0.0353469848632813 0.0136489868164063 0.0517044067382813 0.00880050659179688
0.038818359375 -0.000827789306640625 0.0297756195068359 0.0153999328613281
0.0273113250732422 -0.0171585083007813 0.0256099700927734 0.0201549530029297
0.0120735168457031 -0.0198955535888672 0.0193824768066406 0.0208568572998047
0.000207901000976562 -0.0219230651855469 0.0170478820800781 0.0248394012451172
-0.00344657897949219 -0.0184040069580078 0.0174179077148438 0.0338611602783203
-0.00415134429931641 -0.0174331665039063 0.0132713317871094 0.0411605834960938
-0.006072998046875 -0.0200042724609375 0.00648880004882813 0.0507240295410156
-0.00428009033203125 -0.0211944580078125 -0.0135040283203125 0.053070068359375
0.00714111328125 -0.0248146057128906 -0.0223731994628906 0.0412139892578125
0.0172863006591797 -0.0240535736083984 -0.0244903564453125 0.0191917419433594
0.0345306396484375 -0.00588226318359375 -0.0131206512451172 0.00110721588134766
0.036041259765625 0.00769805908203125 0.0215435028076172 0.00274276733398438
0.0289649963378906 0.0182266235351563 0.0475044250488281 0.0443572998046875
-0.00147032737731934 -0.00385737419128418 -0.0545806884765625 -0.0437278747558594
-0.0126743316650391 0.000242233276367185 -0.0248947143554688 -0.0086212158203125
-0.0108184814453125 0.0103139877319336 0.0136737823486328 -0.00198650360107422
-0.00144577026367188 0.0139169692993164 0.0307044982910156 -0.0218276977539062
0.00739192962646484 0.00882339477539063 0.0264549255371094 -0.0404624938964844
0.00717353820800781 0.00283575057983398 0.00855255126953125 -0.0570182800292969
0.00303530693054199 -0.00303316116333008 -0.0106430053710938 -0.0578384399414063
0.00199806690216064 -0.000752449035644531 -0.01690673828125 -0.0445442199707031
0.001015305519104 -0.00118958950042725 -0.0200347900390625 -0.0350627899169922
0.00213038921356201 -0.0014948844909668 -0.0206928253173828 -0.0299835205078125
0.00106906890869141 0.00295400619506836 -0.0262260437011719 -0.0249843597412109
-0.00462961196899414 0.00405454635620117 -0.0278987884521484 -0.0261669158935547
-0.0124177932739258 -0.00362491607666015 -0.0318527221679688 -0.0262336730957031
-0.0100879669189453 -0.0103549957275391 -0.0519790649414063 -0.0137252807617188
-0.00188255310058594 -0.012476921081543 -0.0605392456054688 -0.0124855041503906
0.0254650115966797 0.00673294067382812 -0.0491561889648438 -0.0457878112792969
0.0114650726318359 0.00354290008544922 -0.0188350677490234 -0.0105304718017578
0.012568473815918 0.00692272186279297 0.0167102813720703 -0.00451755523681641
0.0163679122924805 0.00246620178222656 0.0298480987548828 -0.0245285034179688
0.0187835693359375 -0.00493812561035156 0.0245628356933594 -0.0397109985351563
0.0109891891479492 -0.0167360305786133 0.00672531127929687 -0.0548439025878906
0.000551223754882813 -0.0222320556640625 -0.0113487243652344 -0.0532264709472656
0.00074195861816406 -0.0198249816894531 -0.0170364379882813 -0.0393943786621094
-0.00101470947265625 -0.0230350494384766 -0.0202884674072266 -0.0299091339111328
0.00485420227050781 -0.0226669311523438 -0.0244197845458984 -0.0258064270019531
0.014556884765625 -0.0172119140625 -0.0301055908203125 -0.0207939147949219
0.017333984375 -0.0113706588745117 -0.0309066772460938 -0.0265064239501953
0.0159425735473633 -0.00218963623046875 -0.0311832427978516 -0.0281620025634766
0.0198764801025391 -0.00319099426269531 -0.0473747253417969 -0.016876220703125
0.0251998901367188 -0.00091552734375 -0.0557861328125 -0.0132675170898437
0.0497169494628906 0.0159072875976563 -0.0360870361328125 -0.0427131652832031
0.0355682373046875 0.00649261474609375 -0.00810813903808594 -0.00909805297851563
0.0364837646484375 0.001861572265625 0.0225715637207031 -0.00394630432128906
0.0347232818603516 -0.0103302001953125 0.0315532684326172 -0.0240249633789063
0.028106689453125 -0.0202903747558594 0.0232696533203125 -0.0361595153808594
0.0132560729980469 -0.0352401733398438 0.00612258911132812 -0.0476493835449219
-0.00191879272460937 -0.0390205383300781 -0.00973129272460938 -0.0431365966796875
-0.00103378295898438 -0.0359458923339844 -0.0142784118652344 -0.0281810760498047
-0.00301742553710937 -0.0412635803222656 -0.0174655914306641 -0.0184192657470703
0.0066375732421875 -0.0406227111816406 -0.0257778167724609 -0.0136871337890625
0.0242862701416016 -0.0351181030273438 -0.0332202911376953 -0.0107688903808594
0.0340499877929688 -0.0258235931396484 -0.0343894958496094 -0.0224800109863281
0.0413360595703125 -0.00257110595703125 -0.0309848785400391 -0.0280380249023437
0.0464286804199219 0.00369644165039063 -0.0381507873535156 -0.018463134765625
0.0485191345214844 0.0101089477539063 -0.0423431396484375 -0.00982284545898437
0.0671272277832031 0.0233154296875 -0.0173225402832031 -0.0365753173828125
0.0548171997070313 0.0089874267578125 0.00639724731445313 -0.00623846054077148
0.0577278137207031 -0.00323867797851563 0.0285892486572266 -0.000553131103515625
0.0485076904296875 -0.023712158203125 0.0330123901367188 -0.0193309783935547
0.0348129272460938 -0.0335636138916016 0.0237541198730469 -0.0272579193115234
0.0131340026855469 -0.0494842529296875 0.00677108764648437 -0.0353927612304688
-0.00373458862304688 -0.0504035949707031 -0.00634193420410156 -0.0278205871582031
-0.00259780883789062 -0.046295166015625 -0.0102033615112305 -0.0128707885742188
-0.00477218627929688 -0.0519485473632813 -0.0130643844604492 -0.00284481048583985
0.00626754760742188 -0.0516014099121094 -0.0260524749755859 0.00140953063964843
0.0296211242675781 -0.0471382141113281 -0.0342044830322266 0.00284194946289062
0.04425048828125 -0.03704833984375 -0.0365486145019531 -0.0144233703613281
0.0597114562988281 -0.0039825439453125 -0.0295066833496094 -0.0247306823730469
0.0651626586914063 0.00852584838867188 -0.0256519317626953 -0.0173606872558594
0.063751220703125 0.0193367004394531 -0.0236072540283203 -0.00216293334960937
0.0741348266601563 0.0283889770507813 0.00453948974609375 -0.0278377532958984
0.0666542053222656 0.0122451782226562 0.0219669342041016 -0.00252723693847656
0.0710601806640625 -0.00623321533203125 0.0325183868408203 0.0036773681640625
0.0570030212402344 -0.0315437316894531 0.0333995819091797 -0.00970840454101563
0.0372085571289063 -0.0418701171875 0.0234546661376953 -0.0144767761230469
0.0121879577636719 -0.0558662414550781 0.00927543640136719 -0.0186252593994141
-0.00528335571289062 -0.0541763305664063 -0.00126361846923828 -0.0094442367553711
-0.00397491455078125 -0.0498924255371094 -0.0045924186706543 0.00475597381591797
-0.00605010986328125 -0.0550498962402344 -0.007415771484375 0.0150308609008789
0.00457763671874999 -0.0543861389160156 -0.0241985321044922 0.0188350677490234
0.0295028686523438 -0.0508995056152344 -0.0329380035400391 0.0169143676757812
0.046539306640625 -0.041717529296875 -0.0361099243164063 -0.00434112548828126
0.0669746398925781 -0.00537872314453125 -0.0260829925537109 -0.0190773010253906
0.0734405517578125 0.011688232421875 -0.0107259750366211 -0.0149173736572266
0.0689315795898438 0.025543212890625 -0.00196170806884765 0.00926971435546875
0.0698966979980469 0.0297164916992187 0.0262565612792969 -0.0168285369873047
0.0668869018554688 0.014984130859375 0.0360450744628906 0.00148391723632813
0.0726394653320313 -0.005645751953125 0.0338363647460938 0.00837135314941406
0.056884765625 -0.0323905944824219 0.0311546325683594 0.00152397155761719
0.0342750549316406 -0.0421409606933594 0.0221424102783203 -9.15527343750025E-05
0.00948333740234376 -0.0537223815917969 0.0114202499389648 -0.000570297241210941
-0.00560379028320313 -0.0494537353515625 0.00479221343994141 0.00966453552246093
-0.00502395629882812 -0.0453567504882813 0.0019378662109375 0.0212001800537109
-0.00734710693359375 -0.0497970581054688 -0.00200271606445312 0.0310020446777344
0.001800537109375 -0.0486679077148437 -0.0204544067382812 0.0347003936767578
0.0254669189453125 -0.0477943420410156 -0.0297698974609375 0.0289535522460937
0.0422439575195313 -0.0396003723144531 -0.0331974029541016 0.00472831726074219
0.0647163391113281 -0.00471115112304688 -0.0210552215576172 -0.0125141143798828
0.0704269409179688 0.012908935546875 0.00369358062744141 -0.00973320007324219
0.0643119812011719 0.0276069641113281 0.0192642211914063 0.0216617584228516
0.0542259216308594 0.0270881652832031 0.0459938049316406 -0.007598876953125
0.0552330017089844 0.0158500671386719 0.0470085144042969 0.00512313842773438
0.0613059997558594 -0.00304412841796875 0.0329742431640625 0.01300048828125
0.0464859008789063 -0.0266761779785156 0.0276126861572266 0.0127639770507812
0.0255203247070313 -0.0335426330566406 0.0203189849853516 0.012939453125
0.00524520874023437 -0.0411415100097656 0.0145902633666992 0.0160465240478516
-0.00568389892578125 -0.0366897583007813 0.0116729736328125 0.0250091552734375
-0.00485992431640625 -0.0343952178955078 0.00860786437988281 0.0340442657470703
-0.00717926025390625 -0.0373115539550781 0.00236129760742188 0.0433311462402344
-0.00119781494140625 -0.0367240905761719 -0.0168380737304688 0.0459213256835938
0.0171775817871094 -0.0379981994628906 -0.0259819030761719 0.0370635986328125
0.0311870574951172 -0.0331954956054688 -0.0286331176757813 0.0131683349609375
0.0521583557128906 -0.004913330078125 -0.0157346725463867 -0.00553417205810547
0.0567741394042969 0.0118026733398437 0.015477180480957 -0.00349903106689453
0.0502166748046875 0.0248756408691406 0.0365524291992188 0.0347518920898438
0.0308036804199219 0.0208721160888672 0.0577964782714844 0.000652313232421876
0.0346965789794922 0.0144672393798828 0.052215576171875 0.00983428955078125
0.0391349792480469 -0.000667572021484375 0.0305881500244141 0.0165157318115234
0.0277843475341797 -0.0173816680908203 0.0261611938476563 0.0210933685302734
0.0119571685791016 -0.0201072692871094 0.0197257995605469 0.021209716796875
0.000499725341796875 -0.0220222473144531 0.0170021057128906 0.0256805419921875
-0.00385475158691406 -0.0183525085449219 0.0170307159423828 0.0345439910888672
-0.00420951843261719 -0.0178909301757813 0.0130653381347656 0.0417060852050781
-0.0064239501953125 -0.0203990936279297 0.0061187744140625 0.05108642578125
-0.00433731079101563 -0.0210685729980469 -0.0138511657714844 0.0535240173339844
0.00695610046386719 -0.0248928070068359 -0.0227279663085938 0.0410079956054687
0.0173110961914063 -0.0237808227539063 -0.0252952575683594 0.0184764862060547
0.0348873138427734 -0.00539207458496094 -0.0130796432495117 0.00111293792724609
0.0361289978027344 0.00818634033203125 0.0216464996337891 0.00292396545410156
0.0291309356689453 0.0181007385253906 0.0483894348144531 0.0451164245605469
-0.0016939640045166 -0.00420475006103516 -0.0566139221191406 -0.0452461242675781
-0.0131130218505859 0.000329971313476565 -0.0256748199462891 -0.00915145874023437
-0.0116033554077148 0.00979804992675781 0.0142526626586914 -0.00139331817626953
-0.00110054016113281 0.0141124725341797 0.0315093994140625 -0.0222320556640625
0.00796699523925781 0.00954246520996094 0.02783203125 -0.0416908264160156
0.00742244720458984 0.0029749870300293 0.00902938842773437 -0.0586662292480469
0.00257635116577148 -0.00291275978088379 -0.011474609375 -0.0597381591796875
0.00221085548400879 -0.00150966644287109 -0.0176582336425781 -0.0464096069335938
0.000695228576660156 -0.00122833251953125 -0.020843505859375 -0.0362892150878906
0.00242352485656738 -0.00143933296203613 -0.0215244293212891 -0.0316925048828125
0.000980138778686524 0.00248408317565918 -0.0274028778076172 -0.0256919860839844
-0.00473165512084961 0.00419092178344727 -0.0291805267333984 -0.0268020629882812
-0.0129842758178711 -0.00389766693115234 -0.0326690673828125 -0.0273551940917969
-0.0102243423461914 -0.01129150390625 -0.0539207458496094 -0.0149612426757813
-0.00172042846679687 -0.0131473541259766 -0.0632133483886719 -0.0133018493652344
0.0271511077880859 0.0063629150390625 -0.0511093139648438 -0.0471839904785156
0.0118045806884766 0.00344085693359375 -0.0202140808105469 -0.0111560821533203
0.0131750106811523 0.00723743438720703 0.0179119110107422 -0.00405502319335938
0.0175437927246094 0.00261783599853516 0.0314788818359375 -0.0251750946044922
0.0192432403564453 -0.00542259216308594 0.0255966186523438 -0.0408859252929687
0.0110301971435547 -0.0175466537475586 0.007080078125 -0.0564994812011719
0.000366210937500001 -0.0234050750732422 -0.0120124816894531 -0.05560302734375
0.000555038452148439 -0.0208415985107422 -0.0174903869628906 -0.0406684875488281
-0.000856399536132813 -0.0239181518554688 -0.0208988189697266 -0.0313053131103516
0.00521469116210938 -0.0235099792480469 -0.0248737335205078 -0.0266571044921875
0.0146865844726562 -0.0176067352294922 -0.0309104919433594 -0.0219383239746094
0.0173063278198242 -0.0115728378295898 -0.0320091247558594 -0.0280170440673828
0.0166921615600586 -0.00232601165771484 -0.03216552734375 -0.0298385620117188
0.0208225250244141 -0.0035400390625 -0.0492820739746094 -0.0185356140136719
0.026702880859375 -0.00168418884277344 -0.0585060119628906 -0.0145454406738281
0.0518684387207031 0.0161819458007813 -0.0375099182128906 -0.0444374084472656
0.03631591796875 0.00650405883789063 -0.00902748107910156 -0.00979232788085937
0.037689208984375 0.00190353393554688 0.0235939025878906 -0.00320053100585938
0.0351791381835938 -0.01116943359375 0.0325183868408203 -0.0243797302246094
0.0289249420166016 -0.0211315155029297 0.0248794555664063 -0.036285400390625
0.0128211975097656 -0.0365486145019531 0.00659942626953125 -0.0489730834960938
-0.002105712890625 -0.0406303405761719 -0.0104789733886719 -0.0444374084472656
-0.00178909301757812 -0.0371932983398437 -0.0150928497314453 -0.0288867950439453
-0.00336456298828125 -0.04248046875 -0.0181789398193359 -0.0195713043212891
0.00632858276367188 -0.0415878295898438 -0.0270195007324219 -0.0143947601318359
0.0250701904296875 -0.0363655090332031 -0.0344924926757813 -0.011505126953125
0.0349674224853516 -0.0266838073730469 -0.0363540649414062 -0.0234527587890625
0.0430831909179687 -0.00238037109375 -0.0316925048828125 -0.0292491912841797
0.048675537109375 0.00333404541015625 -0.039154052734375 -0.0196533203125
0.0509452819824219 0.0103988647460938 -0.0446128845214844 -0.0105628967285156
0.0696601867675781 0.0243263244628906 -0.0180511474609375 -0.0379638671875
0.0570297241210938 0.00947189331054688 0.00592041015625 -0.00658416748046875
0.0594406127929688 -0.00368881225585938 0.0295238494873047 3.62396240234373E-05
0.0500602722167969 -0.0247421264648437 0.0343990325927734 -0.018798828125
0.0357666015625 -0.0354270935058594 0.0250015258789063 -0.0278224945068359
0.0133819580078125 -0.0509529113769531 0.00752639770507813 -0.0361518859863281
-0.00444793701171875 -0.0523147583007813 -0.00684165954589844 -0.0286693572998047
-0.00329971313476563 -0.0479354858398438 -0.0103473663330078 -0.0127449035644531
-0.00551986694335938 -0.0539627075195313 -0.0136213302612305 -0.0031728744506836
0.00604248046875 -0.0529060363769531 -0.0267868041992188 0.00195121765136718
0.0304336547851563 -0.048980712890625 -0.0357589721679688 0.00262069702148436
0.0451316833496094 -0.0383567810058594 -0.0385513305664063 -0.0149993896484375
0.0618972778320312 -0.0042724609375 -0.0307559967041016 -0.026153564453125
0.0679206848144531 0.0081634521484375 -0.0265979766845703 -0.0192623138427734
0.066802978515625 0.0200653076171875 -0.0247745513916016 -0.00248336791992188
0.0771026611328125 0.0295028686523437 0.00509834289550781 -0.0289974212646484
0.0683403015136719 0.0130462646484375 0.0214748382568359 -0.00246620178222656
0.0739898681640625 -0.00600433349609375 0.0335578918457031 0.00459098815917969
0.0589599609375 -0.0330886840820313 0.0344657897949219 -0.009674072265625
0.0381736755371094 -0.0433349609375 0.0246562957763672 -0.0143909454345703
0.0118446350097656 -0.0578880310058594 0.00980186462402344 -0.0187911987304688
-0.00595474243164062 -0.0561294555664063 -0.00115680694580078 -0.00933933258056641
-0.00446701049804688 -0.0513343811035156 -0.00465726852416992 0.00523662567138672
-0.00675201416015625 -0.0569610595703125 -0.00805854797363281 0.0149192810058594
0.004119873046875 -0.0556526184082031 -0.0249977111816406 0.0195732116699219
0.0302238464355469 -0.0532646179199219 -0.0337791442871094 0.0173225402832031
0.0479850769042969 -0.0434799194335938 -0.0375595092773438 -0.00537490844726563
0.0698204040527344 -0.00542831420898438 -0.0271530151367187 -0.0204315185546875
0.0759124755859375 0.0118865966796875 -0.0114021301269531 -0.016148567199707
0.0718841552734375 0.0269622802734375 -0.00224494934082031 0.00969123840332032
0.0727081298828125 0.0309219360351563 0.0279788970947266 -0.0177040100097656
0.0689430236816406 0.0158958435058594 0.0364570617675781 0.001983642578125
0.0754241943359375 -0.0051422119140625 0.0351448059082031 0.00980377197265625
0.0584754943847656 -0.0339508056640625 0.0326766967773438 0.00221443176269531
0.0355491638183594 -0.0434417724609375 0.0228862762451172 0.000282287597656247
0.00892639160156249 -0.0552558898925781 0.0125141143798828 -0.000333786010742191
-0.00681304931640625 -0.0509834289550781 0.00533294677734375 0.00995922088623047
-0.00521087646484376 -0.0467910766601563 0.00198554992675781 0.0223331451416016
-0.00771713256835938 -0.0521736145019531 -0.00210762023925781 0.0319442749023438
0.001800537109375 -0.0500068664550781 -0.0216407775878906 0.0356369018554688
0.025726318359375 -0.0493392944335938 -0.0308074951171875 0.0296287536621094
0.0427131652832031 -0.0413742065429688 -0.0347766876220703 0.00476455688476562
0.0663337707519531 -0.00531768798828125 -0.0221843719482422 -0.0131435394287109
0.0723648071289063 0.0133285522460937 0.0038900375366211 -0.0110683441162109
0.0666351318359375 0.0287704467773437 0.0198841094970703 0.0225105285644531
0.0563011169433594 0.0279617309570312 0.0482711791992188 -0.00775146484375
0.0566940307617187 0.0166969299316406 0.0476264953613281 0.00575637817382813
0.0631141662597656 -0.0025634765625 0.0339794158935547 0.0138912200927734
0.0476455688476563 -0.0281982421875 0.0289955139160156 0.0134086608886719
0.0259475708007812 -0.0345287322998047 0.0213279724121094 0.0139846801757812
0.00499343872070312 -0.0423851013183594 0.0147199630737305 0.0161590576171875
-0.00626373291015625 -0.0381622314453125 0.0122928619384766 0.0261440277099609
-0.00545501708984375 -0.0356063842773438 0.00844192504882812 0.03515625
-0.00770187377929688 -0.0390281677246094 0.0026397705078125 0.0447235107421875
-0.00132369995117187 -0.0379486083984375 -0.0179939270019531 0.0476188659667969
0.0173606872558594 -0.0394210815429687 -0.0269660949707031 0.037750244140625
0.0321559906005859 -0.0343837738037109 -0.0304584503173828 0.0128021240234375
0.054534912109375 -0.00506591796875 -0.0168333053588867 -0.0058746337890625
0.0586662292480469 0.011871337890625 0.0154495239257813 -0.00419235229492187
0.051910400390625 0.0264129638671875 0.0381088256835938 0.0361099243164063
0.0311698913574219 0.0216941833496094 0.0603599548339844 0.00108718872070313
0.0353889465332031 0.0149650573730469 0.0541801452636719 0.0106086730957031
0.0405044555664063 -0.00075531005859375 0.0315513610839844 0.0179328918457031
0.0281581878662109 -0.0179481506347656 0.0268821716308594 0.0222053527832031
0.0120048522949219 -0.0203342437744141 0.0205020904541016 0.0224647521972656
0.000431060791015624 -0.0223541259765625 0.0176048278808594 0.0267162322998047
-0.0041046142578125 -0.0188274383544922 0.0178184509277344 0.0362205505371094
-0.00487709045410156 -0.018402099609375 0.0135917663574219 0.043487548828125
-0.00650215148925781 -0.0213565826416016 0.00624847412109375 0.0526580810546875
-0.00420761108398438 -0.0215988159179688 -0.0144882202148438 0.0551261901855469
0.00716400146484375 -0.0256805419921875 -0.023651123046875 0.0422935485839844
0.0179805755615234 -0.0246963500976563 -0.0264797210693359 0.0186328887939453
0.0362815856933594 -0.00554656982421875 -0.0137395858764648 0.000628471374511718
0.0373153686523438 0.00841903686523438 0.022308349609375 0.00305366516113281
0.0296115875244141 0.0196552276611328 0.0500602722167969 0.0469245910644531
-0.00129842758178711 -0.00460147857666016 -0.0612030029296875 -0.0465888977050781
-0.0137882232666016 1.33514404296881E-05 -0.0274162292480469 -0.00837326049804688
-0.0115747451782227 0.0104866027832031 0.0155363082885742 -0.0015869140625
-0.000924110412597658 0.0148630142211914 0.0328826904296875 -0.0238800048828125
0.00764083862304688 0.00933551788330078 0.0279541015625 -0.0440711975097656
0.00793647766113281 0.00250244140625 0.00898361206054687 -0.0620536804199219
0.0027313232421875 -0.00333499908447266 -0.0135154724121094 -0.0629043579101562
0.00213229656219482 -0.00114619731903076 -0.0195579528808594 -0.048431396484375
0.00126445293426514 -0.00135624408721924 -0.0227279663085937 -0.0380592346191406
0.00218820571899414 -0.00176918506622314 -0.0230140686035156 -0.0329113006591797
0.0012814998626709 0.00279116630554199 -0.0296440124511719 -0.0268974304199219
-0.00489187240600586 0.00422573089599609 -0.0315456390380859 -0.0279750823974609
-0.0136260986328125 -0.00358963012695313 -0.0349617004394531 -0.0285415649414062
-0.0106468200683594 -0.011744499206543 -0.0573081970214844 -0.01507568359375
-0.0015420913696289 -0.0142965316772461 -0.0682830810546875 -0.0133171081542969
0.0288429260253906 0.00591659545898437 -0.0549774169921875 -0.0488815307617187
0.0124416351318359 0.00284481048583984 -0.0216407775878906 -0.0106277465820313
0.0139884948730469 0.00698280334472656 0.0186424255371094 -0.00412178039550781
0.0180721282958984 0.00217437744140625 0.0322322845458984 -0.0267581939697266
0.0198307037353516 -0.00574874877929688 0.0261955261230469 -0.0429458618164063
0.0109977722167969 -0.0187568664550781 0.00716018676757812 -0.0596122741699219
-0.00047111511230469 -0.0242595672607422 -0.0135917663574219 -0.0582199096679688
-0.000280380249023439 -0.0216464996337891 -0.0195846557617188 -0.0426445007324219
-0.00188446044921875 -0.0248584747314453 -0.0229911804199219 -0.0330924987792969
0.00446701049804688 -0.0242557525634766 -0.0265026092529297 -0.0277767181396484
0.0151824951171875 -0.0193824768066406 -0.0332908630371094 -0.0222225189208984
0.0175256729125977 -0.0126991271972656 -0.0344390869140625 -0.0287303924560547
0.0177898406982422 -0.00268936157226563 -0.0341091156005859 -0.0309352874755859
0.0229015350341797 -0.00494384765625 -0.0520401000976563 -0.0186767578125
0.0286426544189453 -0.00210380554199219 -0.0628128051757813 -0.0145378112792969
0.0555686950683594 0.0159797668457031 -0.0406646728515625 -0.04583740234375
0.0383186340332031 0.00568771362304687 -0.00991249084472656 -0.00994300842285156
0.0401229858398438 0.001129150390625 0.0246295928955078 -0.00328636169433594
0.0364837646484375 -0.0128440856933594 0.0338916778564453 -0.0257663726806641
0.0299949645996094 -0.0229206085205078 0.0256576538085938 -0.03826904296875
0.0122489929199219 -0.0386619567871094 0.00672531127929687 -0.0518074035644531
-0.00334930419921875 -0.0429000854492188 -0.0118598937988281 -0.0467605590820313
-0.0025482177734375 -0.0387496948242188 -0.0166511535644531 -0.0304546356201172
-0.00477981567382813 -0.0440826416015625 -0.0197620391845703 -0.0204753875732422
0.0055999755859375 -0.0435066223144531 -0.0286579132080078 -0.0148715972900391
0.0251846313476563 -0.0388908386230469 -0.0362701416015625 -0.0117645263671875
0.0358047485351563 -0.0288810729980469 -0.0386848449707031 -0.02423095703125
0.0456924438476563 -0.00354385375976563 -0.0338592529296875 -0.0314083099365234
0.0513458251953125 0.00220870971679688 -0.0420074462890625 -0.0205955505371094
0.0544776916503906 0.00946807861328125 -0.0480003356933594 -0.0108833312988281
0.0743865966796875 0.023712158203125 -0.0200538635253906 -0.0396537780761719
0.0598640441894531 0.00855636596679688 0.00542163848876954 -0.00685596466064453
0.062774658203125 -0.00545501708984375 0.0312213897705078 0.000156402587890625
0.0514907836914063 -0.0275650024414063 0.0355911254882813 -0.0201950073242188
0.0369377136230469 -0.0374412536621094 0.0258674621582031 -0.0287380218505859
0.0122261047363281 -0.053436279296875 0.0078277587890625 -0.03802490234375
-0.00619125366210937 -0.0549468994140625 -0.00752067565917968 -0.0301494598388672
-0.00453567504882813 -0.0503883361816406 -0.0114336013793945 -0.0133161544799805
-0.00766754150390626 -0.0565414428710938 -0.0147838592529297 -0.00326728820800782
0.00487518310546875 -0.05548095703125 -0.0282745361328125 0.00238037109374999
0.0306129455566406 -0.052215576171875 -0.03704833984375 0.00358963012695312
0.0464897155761719 -0.041595458984375 -0.0411415100097656 -0.0157546997070312
0.0654563903808594 -0.005462646484375 -0.0329399108886719 -0.0276527404785156
0.0719146728515625 0.00724029541015625 -0.028167724609375 -0.0205097198486328
0.0707244873046875 0.0199966430664063 -0.0266628265380859 -0.0021514892578125
0.08160400390625 0.0294342041015625 0.00483894348144532 -0.0305004119873047
0.07232666015625 0.0121994018554688 0.0222740173339844 -0.00247573852539062
0.077423095703125 -0.00815582275390625 0.0356864929199219 0.0048065185546875
0.0606765747070313 -0.036407470703125 0.0361518859863281 -0.0101165771484375
0.0391273498535156 -0.0461196899414062 0.0262012481689453 -0.0149955749511719
0.01043701171875 -0.0606880187988281 0.0102119445800781 -0.0203342437744141
-0.00836944580078124 -0.05877685546875 -0.00157356262207031 -0.0100021362304688
-0.00583648681640626 -0.0538597106933594 -0.00479650497436523 0.00567340850830078
-0.00868988037109375 -0.0600090026855469 -0.00831699371337891 0.0156755447387695
0.00343704223632813 -0.0580368041992188 -0.0258579254150391 0.0212688446044922
0.0303955078125 -0.0567741394042969 -0.0356712341308594 0.0184440612792969
0.0490608215332031 -0.0469703674316406 -0.0403251647949219 -0.00482177734375001
0.0733795166015625 -0.00655364990234375 -0.0292758941650391 -0.0218448638916016
0.08038330078125 0.0109329223632813 -0.0123672485351562 -0.0176029205322266
0.0765457153320313 0.0275726318359375 -0.002410888671875 0.00984382629394531
0.0769195556640625 0.031097412109375 0.0291709899902344 -0.0191669464111328
0.0726394653320312 0.0157470703125 0.0381660461425781 0.00171279907226563
0.0791778564453125 -0.007293701171875 0.0370597839355469 0.0103492736816406
0.06060791015625 -0.0370826721191406 0.034759521484375 0.00258827209472656
0.0365791320800781 -0.0457725524902344 0.0245838165283203 0.000606536865234372
0.00789642333984375 -0.057647705078125 0.0129899978637695 -0.00053501129150391
-0.00870132446289063 -0.0539321899414063 0.00589561462402344 0.0105075836181641
-0.00698089599609375 -0.0490989685058594 0.00247383117675781 0.0236740112304687
-0.00995254516601563 -0.053985595703125 -0.0015716552734375 0.03314208984375
0.000709533691406253 -0.0520439147949219 -0.0222015380859375 0.0383834838867188
0.0255165100097656 -0.0523757934570313 -0.0320320129394531 0.0314559936523438
0.0435600280761719 -0.0445556640625 -0.0368270874023437 0.00545120239257812
0.0700225830078125 -0.00683212280273438 -0.0237045288085938 -0.0140914916992188
0.0770263671875 0.0126113891601562 0.00326824188232422 -0.0119571685791016
0.071258544921875 0.0297775268554688 0.0213031768798828 0.0232925415039063
0.0594482421875 0.0285186767578125 0.0508880615234375 -0.00849533081054687
0.0593452453613281 0.01678466796875 0.0504989624023438 0.00629043579101563
0.0662193298339844 -0.00405120849609375 0.035888671875 0.01470947265625
0.0492782592773438 -0.0308647155761719 0.0311965942382813 0.0138015747070313
0.0267906188964844 -0.0367889404296875 0.0227394104003906 0.0148239135742188
0.00388336181640625 -0.0442924499511719 0.0163145065307617 0.0171527862548828
-0.00744247436523437 -0.0399894714355469 0.0133495330810547 0.0273761749267578
-0.00674057006835938 -0.0368804931640625 0.00966644287109375 0.0373725891113281
-0.00904083251953125 -0.0406723022460937 0.00337982177734375 0.04693603515625
-0.002044677734375 -0.0391082763671875 -0.0179328918457031 0.0503997802734375
0.0169258117675781 -0.0415191650390625 -0.02777099609375 0.0397377014160156
0.0331192016601563 -0.0366554260253906 -0.0320167541503906 0.0137462615966797
0.0569610595703125 -0.00684356689453125 -0.0181884765625 -0.00627708435058594
0.0615272521972656 0.0113945007324219 0.0156660079956055 -0.00469684600830078
0.0554046630859375 0.0272483825683594 0.0408973693847656 0.0371360778808594
0.0328655242919922 0.021484375 0.0643157958984375 -3.05175781249987E-05
0.0368919372558594 0.0154457092285156 0.0569801330566406 0.0105209350585938
0.0422782897949219 -0.00136947631835938 0.0337371826171875 0.0190963745117188
0.02899169921875 -0.0193214416503906 0.0285835266113281 0.0235996246337891
0.0122623443603516 -0.0213489532470703 0.0220813751220703 0.0233650207519531
-0.000528335571289064 -0.0231227874755859 0.0192642211914063 0.0279388427734375
-0.00471878051757813 -0.0195293426513672 0.0196990966796875 0.0376510620117188
-0.00563430786132813 -0.0191860198974609 0.015380859375 0.0452194213867188
-0.00762557983398438 -0.0222396850585938 0.00751495361328125 0.0551185607910156
-0.00488662719726562 -0.0223770141601563 -0.0142555236816406 0.0579910278320312
0.006561279296875 -0.02703857421875 -0.0246009826660156 0.0443687438964844
0.0179691314697266 -0.0266571044921875 -0.0279541015625 0.01983642578125
0.038116455078125 -0.00656509399414063 -0.0148391723632812 0.000787734985351563
0.0389442443847656 0.00835037231445313 0.0232772827148438 0.00245475769042969
0.0315704345703125 0.0201854705810547 0.0537796020507813 0.048492431640625
-0.0010838508605957 -0.00494098663330078 -0.0657310485839844 -0.0457382202148438
-0.0144414901733398 0.000497817993164063 -0.0294284820556641 -0.00748062133789062
-0.0117225646972656 0.0112705230712891 0.0159540176391602 -0.002349853515625
-0.00036334991455078 0.0156917572021484 0.0334529876708984 -0.0261631011962891
0.00880908966064453 0.00892543792724609 0.0277366638183594 -0.0468597412109375
0.00814676284790039 0.00211715698242188 0.00632095336914063 -0.0648384094238281
0.00264954566955566 -0.00374364852905273 -0.0170021057128906 -0.0648574829101562
0.00218725204467773 -0.00181722640991211 -0.0229606628417969 -0.0497093200683594
0.000924944877624512 -0.00172615051269531 -0.0260734558105469 -0.0389823913574219
0.00210416316986084 -0.00187253952026367 -0.0254230499267578 -0.0336208343505859
0.00141596794128418 0.00290012359619141 -0.0318984985351563 -0.0266494750976562
-0.00469541549682617 0.00422239303588867 -0.0335655212402344 -0.0282649993896484
-0.0138721466064453 -0.00348949432373047 -0.0377426147460937 -0.0286483764648438
-0.0108871459960937 -0.0122213363647461 -0.0605201721191406 -0.0135040283203125
-0.00218009948730469 -0.0153789520263672 -0.073028564453125 -0.010711669921875
0.0307178497314453 0.00448036193847656 -0.0604209899902344 -0.0481338500976563
0.0127115249633789 0.00246620178222656 -0.0232772827148438 -0.00978660583496093
0.0146903991699219 0.00632381439208984 0.0193138122558594 -0.00509071350097656
0.0188751220703125 0.00140380859375 0.0325889587402344 -0.0290870666503906
0.0202980041503906 -0.00790214538574219 0.0257492065429688 -0.0457344055175781
0.0103034973144531 -0.0200519561767578 0.00475692749023438 -0.0618438720703125
-0.00202751159667969 -0.0255661010742188 -0.0173988342285156 -0.0602378845214844
-0.00159645080566406 -0.0222339630126953 -0.0222625732421875 -0.0434646606445313
-0.00349235534667969 -0.0255718231201172 -0.0255126953125 -0.0337352752685547
0.00323104858398438 -0.0257129669189453 -0.0288982391357422 -0.0280418395996094
0.0143661499023437 -0.0209445953369141 -0.0356826782226563 -0.0217552185058594
0.0176296234130859 -0.0141868591308594 -0.0376358032226563 -0.0291366577148438
0.0184173583984375 -0.00386238098144531 -0.0369148254394531 -0.0318145751953125
0.0238304138183594 -0.00635337829589844 -0.0552101135253906 -0.0177421569824219
0.0302772521972656 -0.00391197204589844 -0.0674095153808594 -0.0120429992675781
0.0586318969726563 0.0143051147460938 -0.044769287109375 -0.0462265014648437
0.0401535034179688 0.00423812866210938 -0.0116586685180664 -0.00942039489746094
0.0420417785644531 -0.00102996826171875 0.0253524780273438 -0.00402641296386719
0.0372047424316406 -0.0158576965332031 0.0340747833251953 -0.0276565551757813
0.0298862457275391 -0.0256938934326172 0.0255012512207031 -0.040863037109375
0.0105857849121094 -0.0406341552734375 0.00484466552734376 -0.0539169311523438
-0.00653457641601563 -0.044189453125 -0.0145339965820313 -0.0485610961914062
-0.00447845458984375 -0.040496826171875 -0.0184555053710938 -0.0306491851806641
-0.0076751708984375 -0.0460548400878906 -0.0215339660644531 -0.0209693908691406
0.0034942626953125 -0.0455780029296875 -0.0305976867675781 -0.0143413543701172
0.0242118835449219 -0.0416793823242188 -0.0382575988769531 -0.0102195739746094
0.0358810424804688 -0.0322456359863281 -0.0419883728027344 -0.0237083435058594
0.0472908020019531 -0.0060882568359375 -0.0370025634765625 -0.0316238403320313
0.0541801452636719 -0.000453948974609375 -0.0449943542480469 -0.0204391479492188
0.0576972961425781 0.007537841796875 -0.0514335632324219 -0.00908279418945313
0.0788726806640625 0.0214996337890625 -0.0228118896484375 -0.0407180786132813
0.0626907348632813 0.00635528564453125 0.00464153289794922 -0.00700616836547852
0.0654335021972656 -0.0084381103515625 0.0323295593261719 -0.00041961669921875
0.0520515441894531 -0.0316085815429687 0.0363082885742188 -0.0217704772949219
0.0367546081542969 -0.0411262512207031 0.0260086059570313 -0.0307235717773438
0.00948715209960937 -0.0561294555664062 0.00648880004882812 -0.0401268005371094
-0.0101127624511719 -0.0569953918457031 -0.00943374633789062 -0.0310764312744141
-0.00710678100585938 -0.0520439147949219 -0.0121965408325195 -0.012913703918457
-0.0110435485839844 -0.0584564208984375 -0.0153064727783203 -0.0033254623413086
0.00217437744140625 -0.0576629638671875 -0.0292129516601562 0.00405693054199219
0.0284996032714844 -0.0558242797851563 -0.0384712219238281 0.00490570068359375
0.0458221435546875 -0.0456962585449219 -0.0442657470703125 -0.0143547058105469
0.0682334899902344 -0.00896453857421875 -0.0360221862792969 -0.0281906127929687
0.075592041015625 0.003631591796875 -0.0308647155761719 -0.0209121704101563
0.0756607055664063 0.0180511474609375 -0.0287017822265625 -0.00127220153808594
0.086700439453125 0.02728271484375 0.00344085693359375 -0.0321121215820313
0.0754318237304688 0.009490966796875 0.0230369567871094 -0.00342941284179688
0.080474853515625 -0.011993408203125 0.0373153686523438 0.0039520263671875
0.0610198974609375 -0.0409660339355469 0.0374221801757813 -0.0114784240722656
0.0387420654296875 -0.0499305725097656 0.0268650054931641 -0.0161476135253906
0.0078277587890625 -0.0636634826660156 0.0099334716796875 -0.0211048126220703
-0.011871337890625 -0.0609054565429688 -0.00193405151367188 -0.0102043151855469
-0.00873184204101563 -0.0560874938964844 -0.00454950332641602 0.00661706924438476
-0.012939453125 -0.0619659423828125 -0.00802421569824219 0.0162878036499023
0.000671386718750002 -0.0600509643554688 -0.0264492034912109 0.0236129760742188
0.0283889770507813 -0.0607986450195313 -0.0360565185546875 0.0205116271972656
0.0482292175292969 -0.0513229370117188 -0.0426788330078125 -0.00299835205078126
0.076507568359375 -0.0104141235351563 -0.0313911437988281 -0.0216770172119141
0.0845260620117188 0.00749969482421875 -0.0141677856445312 -0.0186290740966797
0.0818710327148437 0.0252838134765625 -0.00269508361816406 0.0100107192993164
0.0815277099609375 0.0287933349609375 0.0301094055175781 -0.0210285186767578
0.0759963989257813 0.0135498046875 0.0396652221679688 0.000865936279296876
0.0821380615234375 -0.0107879638671875 0.0395736694335938 0.0097198486328125
0.060455322265625 -0.0415077209472656 0.0360069274902344 0.0013885498046875
0.0357627868652344 -0.0492057800292969 0.0263996124267578 0.00037574768066406
0.00527191162109375 -0.0602264404296875 0.0139799118041992 -0.000690460205078129
-0.0118064880371094 -0.0556755065917969 0.00665760040283203 0.0112009048461914
-0.00973892211914062 -0.0507316589355469 0.00375747680664062 0.0248584747314453
-0.0133514404296875 -0.0560417175292969 -0.000381469726562503 0.0346336364746094
-0.00162887573242187 -0.0538597106933594 -0.0211715698242188 0.0408287048339844
0.0236854553222656 -0.0559005737304687 -0.0317840576171875 0.0338039398193359
0.043212890625 -0.0484428405761719 -0.0386886596679687 0.00716018676757812
0.0730667114257813 -0.0106353759765625 -0.0255451202392578 -0.0140705108642578
0.0803451538085938 0.00942230224609375 0.00294780731201172 -0.0131416320800781
0.076202392578125 0.027862548828125 0.0232067108154297 0.0235576629638672
0.0632781982421875 0.0269889831542969 0.0534286499023438 -0.0114250183105469
0.0624504089355469 0.0150527954101563 0.0531044006347656 0.004669189453125
0.0689048767089844 -0.00703048706054688 0.0384025573730469 0.0142898559570312
0.0495796203613281 -0.0340499877929688 0.0331974029541016 0.0139484405517578
0.0259857177734375 -0.0389366149902344 0.0245380401611328 0.0146389007568359
0.00203704833984375 -0.0458717346191406 0.0177879333496094 0.0171413421630859
-0.0100440979003906 -0.0410423278808594 0.0153980255126953 0.0279922485351562
-0.00902175903320312 -0.0381927490234375 0.0122833251953125 0.038848876953125
-0.0119705200195313 -0.0418624877929688 0.00551605224609375 0.0489578247070313
-0.00443267822265625 -0.0409202575683594 -0.0167045593261719 0.0532379150390625
0.0153465270996094 -0.0439605712890625 -0.027679443359375 0.0424156188964844
0.0320549011230469 -0.0397491455078125 -0.0334300994873047 0.0154399871826172
0.0594673156738281 -0.00957489013671875 -0.0194568634033203 -0.00611305236816406
0.0643768310546875 0.009368896484375 0.0159282684326172 -0.00614547729492187
0.059417724609375 0.0260086059570312 0.0443038940429688 0.0368728637695313
0.0354194641113281 0.021087646484375 0.0677642822265625 -0.00304794311523437
0.0389251708984375 0.0150604248046875 0.0598831176757813 0.00894927978515625
0.0440521240234375 -0.00272750854492188 0.0364303588867187 0.0187492370605469
0.0291118621826172 -0.0213375091552734 0.0312957763671875 0.0233688354492188
0.0118808746337891 -0.0223026275634766 0.0240039825439453 0.0237941741943359
-0.00167655944824219 -0.0238113403320313 0.0213603973388672 0.0285205841064453
-0.00601387023925781 -0.0202789306640625 0.0227088928222656 0.0389442443847656
-0.00669670104980469 -0.0199375152587891 0.0181236267089844 0.0470085144042969
-0.00922584533691406 -0.0226173400878906 0.0102806091308594 0.0575942993164062
-0.00645256042480469 -0.0232448577880859 -0.0119667053222656 0.0610160827636719
0.0053558349609375 -0.0284957885742188 -0.0239219665527344 0.0467262268066406
0.0177078247070313 -0.0285186767578125 -0.0288486480712891 0.0216789245605469
0.0391044616699219 -0.00848388671875 -0.0155801773071289 0.00135135650634765
0.0405540466308594 0.00719833374023438 0.0240478515625 0.00184822082519531
0.0340366363525391 0.0200405120849609 0.0583381652832031 0.0476493835449219
-0.00103044509887695 -0.00545263290405274 -0.0701065063476562 -0.0430984497070313
-0.0150241851806641 0.000885009765624998 -0.0306339263916016 -0.00559806823730468
-0.0112886428833008 0.0114173889160156 0.0167303085327148 -0.0028839111328125
0.000622749328613281 0.0158090591430664 0.0323867797851563 -0.0279903411865234
0.0090789794921875 0.00788688659667969 0.0255889892578125 -0.0487403869628906
0.00826883316040039 0.00126504898071289 0.00360488891601563 -0.06622314453125
0.00220108032226562 -0.00420737266540527 -0.0212860107421875 -0.0652351379394531
0.0020601749420166 -0.00165605545043945 -0.0264968872070313 -0.0497207641601563
0.00115334987640381 -0.0018610954284668 -0.0289115905761719 -0.0383567810058594
0.00175261497497559 -0.00183820724487305 -0.0280532836914063 -0.033050537109375
0.00165677070617676 0.00267243385314941 -0.0338954925537109 -0.0255565643310547
-0.00476455688476563 0.00441360473632813 -0.0359077453613281 -0.02716064453125
-0.0143814086914063 -0.00292301177978516 -0.0401992797851563 -0.0276832580566406
-0.0115394592285156 -0.0120792388916016 -0.0626182556152344 -0.0112457275390625
-0.00282001495361328 -0.0159826278686523 -0.0760650634765625 -0.0070037841796875
0.0319919586181641 0.00285530090332031 -0.064453125 -0.0458412170410156
0.0129289627075195 0.00124073028564453 -0.0250835418701172 -0.00837898254394531
0.0155019760131836 0.00494289398193359 0.0197162628173828 -0.00563430786132813
0.0188426971435547 -0.000200271606445313 0.0313758850097656 -0.0307178497314453
0.02008056640625 -0.00956344604492188 0.0240859985351563 -0.0476264953613281
0.0089111328125 -0.0214710235595703 0.00178527832031249 -0.0637397766113281
-0.00397872924804688 -0.0259532928466797 -0.0209579467773438 -0.0603485107421875
-0.00275039672851563 -0.0231666564941406 -0.0257759094238281 -0.0426673889160156
-0.00519371032714844 -0.0262508392333984 -0.0283851623535156 -0.0330123901367188
0.00201797485351563 -0.0261726379394531 -0.0314788818359375 -0.0269794464111328
0.0135040283203125 -0.0223140716552734 -0.0371513366699219 -0.0207366943359375
0.0168161392211914 -0.0158824920654297 -0.0398941040039063 -0.0274200439453125
0.0190238952636719 -0.00536346435546875 -0.0394248962402344 -0.030975341796875
0.0242176055908203 -0.00823402404785156 -0.057525634765625 -0.0157623291015625
0.0311794281005859 -0.00590896606445313 -0.0699958801269531 -0.00856018066406251
0.0610618591308594 0.0111160278320313 -0.0491905212402344 -0.0444488525390625
0.0409622192382812 0.00228500366210937 -0.0131139755249023 -0.00856590270996094
0.042816162109375 -0.00352859497070313 0.0258407592773438 -0.00489044189453125
0.0362892150878906 -0.0183486938476563 0.0333919525146484 -0.0296401977539062
0.0290355682373047 -0.027923583984375 0.0239105224609375 -0.0426597595214844
0.00835418701171874 -0.041839599609375 0.00228118896484375 -0.0552330017089844
-0.0093841552734375 -0.0445823669433594 -0.0180244445800781 -0.0482635498046875
-0.00739288330078125 -0.0413627624511719 -0.0210704803466797 -0.0298233032226563
-0.01104736328125 -0.0465431213378906 -0.0238857269287109 -0.0202064514160156
0.000785827636718752 -0.0461540222167969 -0.0318393707275391 -0.0131111145019531
0.0216903686523437 -0.043914794921875 -0.0396804809570313 -0.00860977172851563
0.0343189239501953 -0.0347537994384766 -0.0443305969238281 -0.0222244262695313
0.0491447448730469 -0.0086669921875 -0.0396690368652344 -0.0311317443847656
0.0555801391601563 -0.00403594970703125 -0.0474586486816406 -0.0191535949707031
0.0600013732910156 0.004638671875 -0.0536956787109375 -0.00613784790039063
0.0816421508789063 0.0177078247070313 -0.0260696411132813 -0.0397224426269531
0.0638198852539063 0.0033721923828125 0.00371408462524414 -0.00687837600708008
0.0665969848632813 -0.0124244689941406 0.0331153869628906 -0.00179862976074219
0.0509796142578125 -0.0351600646972656 0.0359458923339844 -0.0237464904785156
0.0346565246582031 -0.0437278747558594 0.0252704620361328 -0.032379150390625
0.00635147094726562 -0.0575599670410156 0.0047454833984375 -0.0413360595703125
-0.0141563415527344 -0.0574989318847656 -0.0113353729248047 -0.0310611724853516
-0.010650634765625 -0.0527915954589844 -0.0135183334350586 -0.0121879577636719
-0.0153656005859375 -0.0591506958007813 -0.0159950256347656 -0.00259876251220704
-0.000747680664062497 -0.0582771301269531 -0.0294933319091797 0.00554466247558593
0.0255775451660156 -0.0585708618164063 -0.0396270751953125 0.00691986083984375
0.044189453125 -0.04913330078125 -0.0462608337402344 -0.0120124816894531
0.06927490234375 -0.0133209228515625 -0.0380973815917969 -0.0273056030273438
0.07757568359375 -0.00080108642578125 -0.0330238342285156 -0.0205154418945313
0.07879638671875 0.0140228271484375 -0.02984619140625 0.000194549560546878
0.09051513671875 0.0227203369140625 0.00179672241210938 -0.0327835083007813
0.0769195556640625 0.00609588623046875 0.0225982666015625 -0.00430488586425781
0.0819091796875 -0.0165939331054688 0.0385360717773438 0.00292205810546875
0.0595054626464844 -0.0456428527832031 0.0378761291503906 -0.0127830505371094
0.0369148254394531 -0.0532493591308594 0.0272083282470703 -0.0175876617431641
0.00402069091796874 -0.0644760131835938 0.00952339172363281 -0.0224590301513672
-0.0161590576171875 -0.0615196228027344 -0.00256156921386719 -0.0100440979003906
-0.0123519897460938 -0.0563125610351563 -0.00447654724121094 0.00700330734252929
-0.0173225402832031 -0.0621185302734375 -0.00732898712158203 0.0167484283447266
-0.00296783447265625 -0.0612602233886719 -0.0249252319335938 0.0250968933105469
0.0246505737304688 -0.0635032653808594 -0.0359230041503906 0.0228652954101562
0.0458869934082031 -0.0549468994140625 -0.0443916320800781 -0.000934600830078126
0.0782470703125 -0.0152816772460938 -0.033782958984375 -0.0211982727050781
0.0865707397460938 0.00237274169921875 -0.0159473419189453 -0.0186386108398438
0.0855941772460937 0.0215835571289062 -0.00218868255615234 0.0106039047241211
0.085174560546875 0.0250473022460938 0.0297946929931641 -0.0231075286865234
0.0777130126953125 0.0097808837890625 0.0400314331054688 -0.00104522705078125
0.0837478637695313 -0.0157928466796875 0.0406875610351563 0.00841140747070313
0.0595359802246094 -0.0457611083984375 0.0367546081542969 0.000419616699218747
0.0332450866699219 -0.0518875122070313 0.0270328521728516 -0.00125312805175782
0.00152206420898437 -0.06103515625 0.0140228271484375 -0.00140571594238282
-0.0157623291015625 -0.0559616088867188 0.00755500793457031 0.0108642578125
-0.0125236511230469 -0.0510940551757813 0.00563240051269531 0.0254383087158203
-0.0174064636230469 -0.0563621520996094 0.00155067443847656 0.0349960327148438
-0.00471115112304687 -0.0543212890625 -0.0191841125488281 0.0425071716308594
0.0205764770507813 -0.0582542419433594 -0.0310592651367188 0.0361976623535156
0.0409202575683594 -0.0519828796386719 -0.0394554138183594 0.00941848754882812
0.0744247436523437 -0.0147933959960937 -0.0272445678710937 -0.0134162902832031
0.082672119140625 0.0048980712890625 0.00165653228759766 -0.0141363143920898
0.079803466796875 0.0242843627929688 0.0249290466308594 0.0226612091064453
0.0662155151367188 0.0239028930664063 0.0539970397949219 -0.0146408081054688
0.0638580322265625 0.0125808715820313 0.0543785095214844 0.00266647338867188
0.0698318481445312 -0.0107383728027344 0.0402107238769531 0.0130538940429688
0.0478897094726562 -0.0374259948730469 0.0346813201904297 0.0126667022705078
0.0246391296386719 -0.0409622192382812 0.0260276794433594 0.0137367248535156
-0.000926971435546877 -0.0460777282714844 0.0193004608154297 0.0165081024169922
-0.0128326416015625 -0.0411949157714844 0.0181980133056641 0.0278453826904297
-0.0113067626953125 -0.0384712219238281 0.0147705078125 0.0389900207519531
-0.0153312683105469 -0.0418891906738281 0.00853347778320312 0.0493545532226563
-0.00648117065429688 -0.0407943725585938 -0.0141220092773438 0.0553054809570313
0.0134086608886719 -0.045623779296875 -0.0258827209472656 0.044525146484375
0.0297813415527344 -0.0422134399414063 -0.0335426330566406 0.0175018310546875
0.0599746704101563 -0.0129470825195313 -0.0204353332519531 -0.00564765930175781
0.06634521484375 0.00593948364257812 0.0156803131103516 -0.00724506378173828
0.0623283386230469 0.0235671997070313 0.0471115112304688 0.0350379943847656
0.0368232727050781 0.019561767578125 0.0698699951171875 -0.00660324096679687
0.0401420593261719 0.0132904052734375 0.0622291564941406 0.006561279296875
0.0446395874023438 -0.00496292114257813 0.0383682250976563 0.0173416137695313
0.0283470153808594 -0.0233688354492188 0.0334358215332031 0.0228977203369141
0.0109214782714844 -0.0229396820068359 0.0257244110107422 0.0230941772460938
-0.00279426574707031 -0.0237026214599609 0.0233211517333984 0.0281543731689453
-0.00726699829101563 -0.0203323364257813 0.0252876281738281 0.0384788513183594
-0.00792884826660156 -0.0200099945068359 0.0216484069824219 0.0465774536132813
-0.0108451843261719 -0.0218582153320313 0.0136528015136719 0.0580253601074219
-0.0079345703125 -0.0228691101074219 -0.00947570800781249 0.0629386901855469
0.00354766845703125 -0.0291576385498047 -0.0222091674804688 0.0485458374023438
0.0160694122314453 -0.0298480987548828 -0.0283145904541016 0.0236072540283203
0.0396652221679688 -0.0107269287109375 -0.0159454345703125 0.00177288055419922
0.0413665771484375 0.0053558349609375 0.0246849060058594 0.000179290771484375
0.0359687805175781 0.0189437866210938 0.0622291564941406 0.0454940795898437
-0.00135278701782227 -0.00580930709838867 -0.0716018676757813 -0.0396728515625
-0.0152349472045898 0.00116634368896484 -0.0310554504394531 -0.00374794006347657
-0.0109395980834961 0.0120534896850586 0.0167398452758789 -0.00383186340332031
0.00107383728027344 0.0153999328613281 0.0314464569091797 -0.0287818908691406
0.00905609130859375 0.00778675079345703 0.0236587524414063 -0.0492973327636719
0.00788736343383789 0.000427722930908203 0.00136947631835938 -0.0665168762207031
0.000995635986328125 -0.0042877197265625 -0.0241203308105469 -0.0643501281738281
0.0023045539855957 -0.00194954872131348 -0.0288200378417969 -0.0487442016601563
0.000515937805175781 -0.00191926956176758 -0.0310554504394531 -0.0378532409667969
0.00185322761535645 -0.0022435188293457 -0.0290794372558594 -0.0327033996582031
0.00174045562744141 0.00259113311767578 -0.0343379974365234 -0.0242118835449219
-0.00413036346435547 0.0046391487121582 -0.0372200012207031 -0.0263023376464844
-0.0145244598388672 -0.00272750854492187 -0.0412483215332031 -0.0269088745117188
-0.011775016784668 -0.0122184753417969 -0.0632476806640625 -0.00923156738281251
-0.00332832336425781 -0.0164108276367188 -0.0772933959960938 -0.00379943847656249
0.0325698852539063 0.00113296508789063 -0.0664100646972656 -0.0432319641113281
0.0126199722290039 0.00075531005859375 -0.0259628295898438 -0.00685691833496093
0.0156011581420898 0.00392627716064453 0.0195636749267578 -0.00590133666992188
0.0185508728027344 -0.00153160095214844 0.0305042266845703 -0.0321044921875
0.0195465087890625 -0.0105247497558594 0.0224266052246094 -0.048187255859375
0.00746917724609375 -0.0212879180908203 1.9073486328121E-05 -0.0636253356933594
-0.00570869445800781 -0.0257854461669922 -0.0236358642578125 -0.0593719482421875
-0.00371932983398438 -0.0229015350341797 -0.0278663635253906 -0.0419502258300781
-0.00684356689453125 -0.0260276794433594 -0.0297203063964844 -0.0321006774902344
0.000976562499999999 -0.0264568328857422 -0.0322933197021484 -0.0260982513427734
0.012542724609375 -0.0227317810058594 -0.0374794006347656 -0.0192832946777344
0.0160627365112305 -0.01666259765625 -0.0408821105957031 -0.0263404846191406
0.0192909240722656 -0.00621986389160156 -0.0406875610351563 -0.0298118591308594
0.02392578125 -0.00993728637695313 -0.0589065551757813 -0.0141372680664062
0.0314903259277344 -0.00756263732910156 -0.0716934204101563 -0.00566101074218751
0.0620841979980469 0.008148193359375 -0.0510444641113281 -0.0425224304199219
0.0406570434570313 0.00045013427734375 -0.0138339996337891 -0.00798702239990234
0.0430870056152344 -0.0061492919921875 0.0258350372314453 -0.00530624389648437
0.0354728698730469 -0.0197830200195313 0.0322589874267578 -0.0305976867675781
0.0275726318359375 -0.0293998718261719 0.0230178833007813 -0.04302978515625
0.00591659545898438 -0.0422897338867188 0.000160217285156249 -0.0555458068847656
-0.0125808715820313 -0.0443000793457031 -0.0197677612304687 -0.047607421875
-0.00894927978515625 -0.0408515930175781 -0.0218887329101563 -0.0289173126220703
-0.0134658813476563 -0.0456047058105469 -0.0247917175292969 -0.0194740295410156
-0.00106048583984375 -0.0461959838867187 -0.0321044921875 -0.0120315551757813
0.0196952819824219 -0.0448532104492188 -0.039825439453125 -0.00723266601562501
0.0324974060058594 -0.0364570617675781 -0.0456161499023438 -0.0204505920410156
0.0488739013671875 -0.0114212036132813 -0.0410652160644531 -0.0299606323242188
0.0559349060058594 -0.00701522827148438 -0.0489540100097656 -0.0180816650390625
0.0604400634765625 0.00195693969726563 -0.0548133850097656 -0.00419616699218749
0.0833358764648437 0.014373779296875 -0.0279464721679687 -0.0388908386230469
0.06390380859375 0.00096893310546875 0.00299739837646485 -0.00674104690551758
0.06671142578125 -0.0154876708984375 0.0332794189453125 -0.00260543823242188
0.0489311218261719 -0.03729248046875 0.0356216430664063 -0.0243949890136719
0.0331840515136719 -0.0458145141601563 0.0249481201171875 -0.0334415435791016
0.00350189208984375 -0.0574111938476563 0.003326416015625 -0.0415229797363281
-0.0168914794921875 -0.0566444396972656 -0.0127677917480469 -0.0304679870605469
-0.0128402709960938 -0.0523109436035156 -0.0140676498413086 -0.0112285614013672
-0.0186271667480469 -0.0581436157226563 -0.0162887573242188 -0.00219631195068359
-0.00336837768554687 -0.0582160949707031 -0.0291080474853516 0.00634384155273438
0.0230751037597656 -0.0599250793457031 -0.038665771484375 0.00843429565429686
0.04180908203125 -0.0509376525878906 -0.0472068786621094 -0.0105552673339844
0.0695686340332031 -0.0162277221679688 -0.0396461486816406 -0.0262451171875
0.0777511596679688 -0.00458526611328125 -0.0347824096679687 -0.0196437835693359
0.0803909301757813 0.010894775390625 -0.0308456420898437 0.00137138366699218
0.0921401977539063 0.0193023681640625 0.000421524047851567 -0.0325660705566406
0.0774993896484375 0.00341033935546875 0.0217933654785156 -0.00456428527832031
0.0818099975585938 -0.0202865600585938 0.0386390686035156 0.00182723999023437
0.057281494140625 -0.0478935241699219 0.0372962951660156 -0.013519287109375
0.0350341796875 -0.0547943115234375 0.0268020629882813 -0.0181255340576172
0.000762939453125005 -0.0646438598632813 0.00871658325195313 -0.0225753784179688
-0.0191802978515625 -0.0608482360839844 -0.00284385681152344 -0.00992488861083985
-0.01470947265625 -0.0559616088867188 -0.00369834899902344 0.00766992568969726
-0.0205574035644531 -0.0614089965820312 -0.00695133209228516 0.0168571472167969
-0.00563430786132813 -0.0607872009277344 -0.0236682891845703 0.0263175964355469
0.0221633911132813 -0.0643539428710938 -0.0348873138427734 0.0238838195800781
0.0433731079101563 -0.0569686889648438 -0.044708251953125 0.000541687011718749
0.0779647827148438 -0.0186843872070313 -0.0349540710449219 -0.0200366973876953
0.0871658325195313 -0.00141143798828125 -0.0173492431640625 -0.0188941955566406
0.087432861328125 0.0180740356445313 -0.00245571136474609 0.0106601715087891
0.0863113403320313 0.0217437744140625 0.0291175842285156 -0.0243930816650391
0.0784149169921875 0.0070343017578125 0.039947509765625 -0.0019989013671875
0.0832595825195313 -0.0190582275390625 0.041534423828125 0.00729751586914062
0.0571632385253906 -0.0483283996582031 0.0375823974609375 -0.000617980957031253
0.0320320129394531 -0.0533065795898438 0.0274925231933594 -0.00180625915527344
-0.00104141235351563 -0.0608978271484375 0.0144166946411133 -0.00199317932128907
-0.0187835693359375 -0.0551033020019531 0.00829792022705078 0.0107660293579102
-0.0147781372070313 -0.0505294799804688 0.007293701171875 0.0257053375244141
-0.02020263671875 -0.0550346374511719 0.00270462036132813 0.034637451171875
-0.00762939453125 -0.0539512634277344 -0.0170402526855469 0.0433769226074219
0.0175323486328125 -0.0587882995605469 -0.0295791625976562 0.0369606018066406
0.0386314392089844 -0.053558349609375 -0.0395469665527344 0.0111122131347656
0.0738067626953125 -0.0180892944335938 -0.0281772613525391 -0.0128078460693359
0.0830230712890625 0.00125885009765625 0.000684738159179693 -0.0145769119262695
0.0810546875 0.0218963623046875 0.0256271362304688 0.0214824676513672
0.06719970703125 0.021636962890625 0.0542182922363281 -0.0167579650878906
0.0647201538085937 0.0105476379394531 0.0544815063476563 0.000713348388671876
0.0701103210449219 -0.0136947631835938 0.0410575866699219 0.0119972229003906
0.0466651916503906 -0.0394515991210938 0.0353889465332031 0.0118522644042969
0.0233154296875 -0.0418510437011719 0.0271015167236328 0.0131111145019531
-0.00239181518554687 -0.0461883544921875 0.0201168060302734 0.01611328125
-0.0145645141601563 -0.0406227111816406 0.0196933746337891 0.0271816253662109
-0.0129547119140625 -0.0377998352050781 0.0171089172363281 0.0389366149902344
-0.01715087890625 -0.0408554077148438 0.0105400085449219 0.0484695434570313
-0.00809097290039063 -0.0403099060058594 -0.0116157531738281 0.0557899475097656
0.0107765197753906 -0.0461158752441406 -0.02423095703125 0.0451850891113281
0.0281982421875 -0.0435752868652344 -0.0329437255859375 0.0186367034912109
0.0598831176757812 -0.0153465270996094 -0.0209865570068359 -0.00471878051757813
0.0665397644042969 0.00328826904296875 0.0155401229858398 -0.00850486755371094
0.0636405944824219 0.0212211608886719 0.0486412048339844 0.0331268310546875
0.03759765625 0.0183029174804688 0.070159912109375 -0.00955963134765625
0.0405731201171875 0.0122718811035156 0.0629615783691406 0.0042266845703125
0.0446586608886719 -0.00654983520507813 0.0396575927734375 0.0163002014160156
0.0271968841552734 -0.0245456695556641 0.0343570709228516 0.0215587615966797
0.0106391906738281 -0.0233001708984375 0.0265121459960937 0.0223197937011719
-0.00348281860351562 -0.0234832763671875 0.024810791015625 0.0275039672851563
-0.00800132751464844 -0.0198917388916016 0.0275344848632813 0.0373954772949219
-0.00840568542480469 -0.0196170806884766 0.0241470336914063 0.04608154296875
-0.0116119384765625 -0.0218296051025391 0.0159568786621094 0.0571975708007812
-0.00885391235351562 -0.0227298736572266 -0.00676345825195313 0.0628509521484375
0.00248146057128906 -0.0292015075683594 -0.0202980041503906 0.04901123046875
0.0146522521972656 -0.0303459167480469 -0.0274562835693359 0.0244579315185547
0.0393486022949219 -0.0121612548828125 -0.0160894393920898 0.00227642059326172
0.0415229797363281 0.00397872924804688 0.0242748260498047 -0.00146484375
0.03656005859375 0.0174522399902344 0.0643081665039063 0.0424652099609375
-0.00120353698730469 -0.00632572174072266 -0.0728225708007813 -0.0384368896484375
-0.0152082443237305 0.00133323669433594 -0.0314388275146484 -0.00293350219726563
-0.01104736328125 0.0120210647583008 0.0168905258178711 -0.0033111572265625
0.00111103057861328 0.015070915222168 0.0311393737792969 -0.0295619964599609
0.00895977020263672 0.00718021392822266 0.023345947265625 -0.0498237609863281
0.00779581069946289 0.000462055206298828 0.000320434570312507 -0.0663871765136719
0.00100588798522949 -0.00383567810058594 -0.025482177734375 -0.0637321472167969
0.00207376480102539 -0.00221538543701172 -0.030181884765625 -0.0480117797851563
0.00103437900543213 -0.00202620029449463 -0.0318603515625 -0.0372161865234375
0.00174546241760254 -0.0022275447845459 -0.0299701690673828 -0.0325393676757812
0.00208258628845215 0.00185966491699219 -0.0349102020263672 -0.0240726470947266
-0.00409984588623047 0.00428390502929688 -0.0373191833496094 -0.0256843566894531
-0.0145959854125977 -0.00248050689697266 -0.0419464111328125 -0.0266647338867187
-0.0115795135498047 -0.0122880935668945 -0.06378173828125 -0.00851440429687501
-0.00301837921142578 -0.0166854858398438 -0.0784835815429688 -0.00250244140625001
0.032806396484375 4.57763671875E-05 -0.0676460266113281 -0.0414543151855469
0.0123453140258789 0.000456809997558594 -0.0265483856201172 -0.00621795654296875
0.0154972076416016 0.00328159332275391 0.0199470520019531 -0.00612449645996094
0.0183944702148438 -0.00205230712890625 0.0302581787109375 -0.0319118499755859
0.0186653137207031 -0.0115852355957031 0.0219917297363281 -0.0483131408691406
0.00642204284667968 -0.0214195251464844 -0.00149917602539063 -0.0635948181152344
-0.00693321228027344 -0.0252037048339844 -0.0254325866699219 -0.058929443359375
-0.00432014465332032 -0.0236682891845703 -0.0286445617675781 -0.0413932800292969
-0.0074462890625 -0.0260047912597656 -0.0311527252197266 -0.0316143035888672
0.000339508056640623 -0.0259952545166016 -0.0328960418701172 -0.0258636474609375
0.0120620727539063 -0.0227928161621094 -0.0377006530761719 -0.0186614990234375
0.0159406661987305 -0.0170812606811523 -0.0417633056640625 -0.0256156921386719
0.0194320678710938 -0.00731658935546875 -0.0416107177734375 -0.0299453735351562
0.0243072509765625 -0.0106334686279297 -0.05950927734375 -0.0137252807617188
0.0318126678466797 -0.00873947143554687 -0.072540283203125 -0.00443267822265624
0.0627288818359375 0.0067138671875 -0.0527000427246094 -0.0411796569824219
0.0405502319335938 -0.0002899169921875 -0.0145244598388672 -0.00678730010986328
0.0429611206054688 -0.00713729858398438 0.0267562866210938 -0.00564765930175781
0.0345363616943359 -0.0211868286132813 0.0321216583251953 -0.0305519104003906
0.0268115997314453 -0.0301551818847656 0.0229644775390625 -0.0436630249023437
0.00478363037109375 -0.0417251586914063 -0.000675201416015624 -0.0557136535644531
-0.0138168334960937 -0.0441093444824219 -0.0209846496582031 -0.0472488403320313
-0.00986862182617187 -0.0411376953125 -0.0226974487304687 -0.0280838012695313
-0.0144538879394531 -0.0456199645996094 -0.02520751953125 -0.0194950103759766
-0.00174713134765625 -0.0459861755371094 -0.0321235656738281 -0.0117301940917969
0.0185508728027344 -0.0450820922851563 -0.0395317077636719 -0.00682830810546875
0.0315322875976563 -0.0372238159179688 -0.0459747314453125 -0.0199050903320312
0.049224853515625 -0.0128746032714844 -0.0418777465820313 -0.0297737121582031
0.0557785034179688 -0.00882339477539063 -0.0497322082519531 -0.0180511474609375
0.0613555908203125 0.00051116943359375 -0.0559120178222656 -0.00291442871093751
0.08416748046875 0.01275634765625 -0.0287017822265625 -0.0381126403808594
0.0636711120605469 -0.0001678466796875 0.00194883346557618 -0.00596952438354492
0.0670433044433594 -0.0174140930175781 0.033660888671875 -0.003021240234375
0.0480880737304688 -0.0383949279785156 0.0353813171386719 -0.0245552062988281
0.0323066711425781 -0.046478271484375 0.025177001953125 -0.0333023071289063
0.0018463134765625 -0.0577468872070313 0.00284957885742188 -0.0416297912597656
-0.0189132690429687 -0.0564041137695313 -0.0134353637695313 -0.0300140380859375
-0.0140876770019531 -0.0523033142089844 -0.0135259628295898 -0.0108404159545898
-0.0199508666992187 -0.0576705932617187 -0.0168724060058594 -0.00222396850585937
-0.00475311279296875 -0.0578956604003906 -0.028961181640625 0.00673294067382812
0.0211601257324219 -0.0602073669433594 -0.0384902954101563 0.00894165039062499
0.0403404235839844 -0.0519905090332031 -0.0475234985351562 -0.00994491577148437
0.0697669982910156 -0.0182991027832031 -0.0399894714355469 -0.026153564453125
0.0784683227539063 -0.00682830810546875 -0.0354690551757812 -0.0199432373046875
0.0812606811523438 0.00908660888671875 -0.0307769775390625 0.00191307067871094
0.0928421020507813 0.01739501953125 -0.00041580200195312 -0.0325489044189453
0.077728271484375 0.0021514892578125 0.0216159820556641 -0.00479316711425781
0.0819015502929688 -0.0224838256835937 0.0391616821289063 0.00187301635742187
0.0562553405761719 -0.0491104125976563 0.0376472473144531 -0.0135536193847656
0.0341567993164063 -0.0555534362792969 0.0271568298339844 -0.0184440612792969
-0.000385284423828128 -0.0645256042480469 0.00852394104003906 -0.0225868225097656
-0.0210647583007813 -0.0603866577148438 -0.002899169921875 -0.00946903228759766
-0.0159263610839844 -0.0557975769042969 -0.00293970108032227 0.00795793533325195
-0.02239990234375 -0.0609054565429688 -0.0068197250366211 0.0171060562133789
-0.00688934326171874 -0.0601806640625 -0.0230941772460937 0.026397705078125
0.0205459594726563 -0.0648078918457031 -0.034332275390625 0.0245189666748047
0.0421409606933594 -0.0580062866210938 -0.04473876953125 0.00171661376953124
0.0780715942382813 -0.0208053588867188 -0.035614013671875 -0.0201835632324219
0.0878753662109375 -0.00362396240234375 -0.0183429718017578 -0.0189647674560547
0.0886077880859375 0.0164947509765625 -0.00243091583251953 0.0110712051391602
0.0875396728515625 0.01983642578125 0.0288295745849609 -0.0248794555664063
0.0786666870117188 0.006317138671875 0.0397911071777344 -0.0023040771484375
0.0837326049804688 -0.0208969116210938 0.0419769287109375 0.00714492797851562
0.0561599731445313 -0.0494880676269531 0.0380020141601563 -0.000484466552734378
0.0314674377441406 -0.0536079406738281 0.0280570983886719 -0.00181007385253907
-0.00219345092773437 -0.0603752136230469 0.0143251419067383 -0.001953125
-0.0200042724609375 -0.0547065734863281 0.00916099548339844 0.0107135772705078
-0.015777587890625 -0.0505714416503906 0.00835609436035156 0.0256557464599609
-0.0217323303222656 -0.0545196533203125 0.00341606140136719 0.0347118377685547
-0.00812911987304687 -0.0536575317382813 -0.0166664123535156 0.0437774658203125
0.0166015625 -0.0592613220214844 -0.0287895202636719 0.0372314453125
0.0371360778808594 -0.0544624328613281 -0.0392112731933594 0.01141357421875
0.0744094848632812 -0.0200576782226562 -0.0283279418945312 -0.0125083923339844
0.0833511352539063 -0.00054168701171875 -2.28881835937433E-05 -0.0152339935302734
0.08251953125 0.0202255249023438 0.0256290435791016 0.0212993621826172
0.0681419372558594 0.0201454162597656 0.0544090270996094 -0.0175361633300781
0.0644912719726563 0.00954055786132813 0.0547409057617188 -8.01086425781244E-05
0.0701370239257813 -0.0148429870605469 0.0417594909667969 0.0120086669921875
0.0455093383789062 -0.0398674011230469 0.0361442565917969 0.0120048522949219
0.0230598449707031 -0.0423545837402344 0.0274257659912109 0.0131130218505859
-0.003143310546875 -0.0459442138671875 0.0205726623535156 0.0158481597900391
-0.0156898498535156 -0.0403404235839844 0.0206737518310547 0.0272712707519531
-0.0135231018066406 -0.0380477905273438 0.0185317993164063 0.03875732421875
-0.0182762145996094 -0.0404586791992188 0.0115890502929687 0.0485763549804687
-0.00927734375 -0.0401840209960938 -0.0106468200683594 0.05584716796875
0.0097198486328125 -0.0458641052246094 -0.0234336853027344 0.0452461242675781
0.0271148681640625 -0.044158935546875 -0.0327777862548828 0.0191764831542969
0.0599746704101563 -0.0166473388671875 -0.0206432342529297 -0.00470733642578125
0.06671142578125 0.00191879272460938 0.0149374008178711 -0.00936794281005859
0.0643081665039063 0.0204391479492188 0.0491676330566406 0.0319061279296875
0.0382347106933594 0.0175628662109375 0.0711746215820313 -0.0109710693359375
0.040557861328125 0.0117607116699219 0.0635871887207031 0.00361251831054688
0.0446662902832031 -0.0074920654296875 0.0403518676757813 0.0154953002929688
0.0266952514648437 -0.0248031616210938 0.03515625 0.0215072631835938
0.0102825164794922 -0.0234889984130859 0.0272769927978516 0.0220222473144531
-0.00370025634765625 -0.0234088897705078 0.0253639221191406 0.0275917053222656
-0.00838279724121094 -0.0199604034423828 0.0291671752929688 0.03717041015625
-0.00942420959472657 -0.0194988250732422 0.0256576538085938 0.04547119140625
-0.0120506286621094 -0.0212154388427734 0.0174713134765625 0.0569610595703125
-0.00924110412597656 -0.0220565795898438 -0.005859375 0.0629234313964844
0.00194168090820313 -0.0288791656494141 -0.01971435546875 0.0491409301757813
0.0142612457275391 -0.0308265686035156 -0.0272331237792969 0.0245361328125
0.0390090942382813 -0.0131874084472656 -0.0157079696655273 0.00258636474609375
0.0417442321777344 0.0032958984375 0.0243892669677734 -0.0020904541015625
0.0375137329101563 0.0171394348144531 0.0649299621582031 0.0411300659179687
-0.000973224639892578 -0.00682973861694336 -0.0742568969726563 -0.038360595703125
-0.0156259536743164 0.00141716003417968 -0.0322151184082031 -0.00223922729492188
-0.0113410949707031 0.0123472213745117 0.0175895690917969 -0.00331878662109375
0.00101757049560547 0.0154085159301758 0.0317459106445313 -0.0297775268554688
0.00879859924316406 0.00729560852050781 0.0239372253417969 -0.0505638122558594
0.00760793685913086 0.000820159912109375 0.000385284423828128 -0.0678863525390625
0.000855445861816406 -0.00413680076599121 -0.0267562866210938 -0.0647125244140625
0.00217723846435547 -0.00240254402160645 -0.0313453674316406 -0.0485954284667969
0.000661134719848633 -0.00235438346862793 -0.0333099365234375 -0.0381736755371094
0.00162386894226074 -0.00220513343811035 -0.0310325622558594 -0.0335502624511719
0.00175118446350098 0.00220465660095215 -0.0355720520019531 -0.0245704650878906
-0.00475835800170899 0.0037531852722168 -0.0385017395019531 -0.0265312194824219
-0.015045166015625 -0.00317668914794922 -0.0430679321289062 -0.0272331237792969
-0.0117588043212891 -0.0130119323730469 -0.0657081604003906 -0.00866317749023438
-0.00288486480712891 -0.0173740386962891 -0.081085205078125 -0.00211334228515623
0.0340042114257813 -0.000354766845703125 -0.0695571899414063 -0.0416069030761719
0.0129899978637695 0.000721931457519531 -0.027496337890625 -0.00536727905273438
0.0159511566162109 0.00317668914794922 0.0205440521240234 -0.00591659545898438
0.0182685852050781 -0.00213623046875 0.0306053161621094 -0.0324172973632813
0.0186481475830078 -0.0114517211914063 0.0228271484375 -0.049224853515625
0.00628662109375 -0.0216140747070312 -0.0011138916015625 -0.0649681091308594
-0.00787544250488281 -0.0255661010742187 -0.0266914367675781 -0.0595512390136719
-0.00491523742675781 -0.0237636566162109 -0.0296134948730469 -0.0417823791503906
-0.00809478759765625 -0.0264778137207031 -0.0323162078857422 -0.0323390960693359
1.5258789062499E-05 -0.0263271331787109 -0.0335540771484375 -0.026336669921875
0.0119285583496094 -0.0235862731933594 -0.0384025573730469 -0.0190315246582031
0.0154838562011719 -0.0179061889648438 -0.0424842834472656 -0.0265274047851562
0.0197944641113281 -0.00812339782714844 -0.0429039001464844 -0.0308036804199219
0.0250873565673828 -0.0120372772216797 -0.0614051818847656 -0.0135955810546875
0.032623291015625 -0.00943946838378906 -0.0746841430664062 -0.00405120849609376
0.0644340515136719 0.00599288940429688 -0.0539741516113281 -0.0415229797363281
0.04168701171875 -0.0004425048828125 -0.0158109664916992 -0.00620079040527343
0.0439071655273437 -0.00815963745117187 0.0272541046142578 -0.00515365600585938
0.0348243713378906 -0.0216693878173828 0.0327987670898438 -0.0309295654296875
0.0271968841552734 -0.0311813354492188 0.0233078002929687 -0.0443763732910156
0.00402069091796875 -0.0426826477050781 -0.000804901123046873 -0.05682373046875
-0.014892578125 -0.0445556640625 -0.0219573974609375 -0.0477828979492188
-0.0104293823242188 -0.0419502258300781 -0.0230083465576172 -0.02862548828125
-0.0161323547363281 -0.0459556579589844 -0.0260639190673828 -0.0193920135498047
-0.00228500366210938 -0.0464820861816406 -0.0329704284667969 -0.0119991302490234
0.01861572265625 -0.0461502075195313 -0.0401992797851563 -0.00666809082031251
0.0315628051757813 -0.0386428833007813 -0.0467529296875 -0.0198326110839844
0.0507392883300781 -0.0136909484863281 -0.0430221557617188 -0.0311851501464844
0.0572242736816406 -0.0101547241210938 -0.0518150329589844 -0.0181045532226562
0.0635147094726563 -3.4332275390625E-05 -0.0576171875 -0.00233459472656251
0.0862960815429688 0.012298583984375 -0.0298118591308594 -0.0382041931152344
0.0656280517578125 -0.000171661376953125 0.00152206420898438 -0.00535488128662109
0.0681419372558594 -0.0184707641601563 0.0347652435302734 -0.00209426879882813
0.0482101440429688 -0.0399551391601563 0.0362472534179688 -0.0246849060058594
0.0326766967773438 -0.0478401184082031 0.0261974334716797 -0.0339031219482422
0.0012054443359375 -0.0584220886230469 0.00297164916992187 -0.0422515869140625
-0.0203475952148438 -0.0573616027832031 -0.0141983032226562 -0.0301017761230469
-0.0148544311523438 -0.0536613464355469 -0.0136594772338867 -0.0111246109008789
-0.0211982727050781 -0.0584373474121094 -0.0175399780273438 -0.00204753875732422
-0.00521469116210937 -0.0586891174316406 -0.0292911529541016 0.0071563720703125
0.0210762023925781 -0.061553955078125 -0.0388031005859375 0.00904846191406249
0.0404548645019531 -0.0537567138671875 -0.0482101440429688 -0.00979995727539063
0.0716934204101563 -0.0197067260742188 -0.0411567687988281 -0.0275611877441406
0.0799636840820312 -0.00832366943359375 -0.0372161865234375 -0.0204963684082031
0.0842514038085938 0.0094146728515625 -0.0322666168212891 0.00249862670898438
0.0952911376953125 0.01702880859375 -0.000276565551757807 -0.0329074859619141
0.079132080078125 0.0015411376953125 0.0212287902832031 -0.00463104248046875
0.0835113525390625 -0.0236358642578125 0.040313720703125 0.0022125244140625
0.0568809509277344 -0.0503463745117188 0.0389213562011719 -0.0136032104492188
0.0348701477050781 -0.0574302673339844 0.0284709930419922 -0.0189456939697266
-0.00113296508789062 -0.0654945373535156 0.00883865356445312 -0.0228862762451172
-0.0223350524902344 -0.0609397888183594 -0.00268650054931641 -0.00956916809082032
-0.0168724060058594 -0.0572471618652344 -0.00216770172119141 0.00843429565429687
-0.0236663818359375 -0.0614852905273438 -0.00692939758300781 0.0172357559204102
-0.00765609741210938 -0.0609779357910156 -0.023345947265625 0.0270156860351562
0.0200653076171875 -0.0655250549316406 -0.0349655151367188 0.0249843597412109
0.0423431396484375 -0.0595283508300781 -0.0455894470214844 0.00167846679687499
0.0806045532226563 -0.0221481323242188 -0.0367355346679687 -0.0208396911621094
0.0896530151367188 -0.0048980712890625 -0.0190277099609375 -0.0199947357177734
0.0910186767578125 0.0165023803710938 -0.00253009796142578 0.011082649230957
0.0890884399414063 0.0201416015625 0.0296745300292969 -0.0250740051269531
0.0800399780273438 0.0059661865234375 0.0409812927246094 -0.00233840942382812
0.0853195190429687 -0.0222702026367187 0.0431022644042969 0.00760650634765625
0.0564804077148438 -0.0508308410644531 0.0390396118164063 -1.52587890625031E-05
0.0319290161132813 -0.0555000305175781 0.0291252136230469 -0.001739501953125
-0.00281143188476563 -0.0615348815917969 0.0148906707763672 -0.00189971923828125
-0.0212631225585937 -0.0553054809570313 0.00967693328857422 0.0113697052001953
-0.016357421875 -0.0518608093261719 0.00961685180664063 0.0259075164794922
-0.0229301452636719 -0.0552597045898438 0.00333023071289062 0.0354537963867188
-0.00887298583984374 -0.0544853210449219 -0.0163154602050781 0.0447235107421875
0.0161361694335938 -0.06036376953125 -0.0295753479003906 0.0378379821777344
0.0375480651855469 -0.0558395385742187 -0.0400657653808594 0.0120391845703125
0.07586669921875 -0.0211944580078125 -0.0290050506591797 -0.0132522583007813
0.0848312377929688 -0.0014495849609375 -0.000272750854492184 -0.0162887573242188
0.0849685668945313 0.0202560424804688 0.02630615234375 0.0213470458984375
0.0696372985839844 0.0197639465332031 0.0557174682617188 -0.0181236267089844
0.065643310546875 0.00983428955078125 0.0559577941894531 -0.000205993652343749
0.071746826171875 -0.01556396484375 0.0430488586425781 0.0119895935058594
0.0457725524902344 -0.040985107421875 0.03741455078125 0.0124664306640625
0.0234642028808594 -0.0430908203125 0.0286312103271484 0.0134906768798828
-0.00366592407226562 -0.0464134216308594 0.0212268829345703 0.0161514282226562
-0.0165443420410156 -0.0410537719726562 0.0216808319091797 0.0280265808105469
-0.0140419006347656 -0.0386314392089844 0.01934814453125 0.0390167236328125
-0.0190658569335937 -0.0407485961914063 0.0123634338378906 0.0494918823242188
-0.00960540771484375 -0.0403480529785156 -0.0103416442871094 0.0571136474609375
0.00946044921875 -0.0466957092285156 -0.0239715576171875 0.0460319519042969
0.0274772644042969 -0.0449676513671875 -0.0331783294677734 0.019744873046875
0.0614166259765625 -0.0177421569824219 -0.021331787109375 -0.00517082214355469
0.0677032470703125 0.00158309936523438 0.0149030685424805 -0.00976943969726563
0.0662994384765625 0.0208320617675781 0.0503082275390625 0.0322074890136719
0.0388870239257813 0.0173149108886719 0.0731124877929688 -0.0117950439453125
0.0414390563964844 0.0121345520019531 0.0654830932617188 0.00337600708007813
0.0458221435546875 -0.00780868530273438 0.0414199829101563 0.0163497924804688
0.0269317626953125 -0.0250968933105469 0.0363502502441406 0.0221710205078125
0.0114383697509766 -0.0237140655517578 0.0280704498291016 0.0228939056396484
-0.00378227233886719 -0.0236587524414063 0.026458740234375 0.0282268524169922
-0.00893211364746094 -0.0203762054443359 0.0303001403808594 0.0374870300292969
-0.00901412963867188 -0.0199871063232422 0.0266990661621094 0.0459823608398438
-0.0124053955078125 -0.0215721130371094 0.0184249877929687 0.0577011108398438
-0.00962638854980469 -0.0224056243896484 -0.00550079345703126 0.0641403198242188
0.00142860412597656 -0.0294570922851563 -0.0196609497070313 0.0497512817382813
0.0141086578369141 -0.0313873291015625 -0.0274982452392578 0.0248622894287109
0.0402755737304688 -0.01373291015625 -0.015965461730957 0.00189495086669922
0.0425987243652344 0.00342941284179688 0.0248737335205078 -0.00275039672851562
0.0384025573730469 0.0177192687988281 0.0665664672851563 0.0412483215332031
-0.000736713409423829 -0.00761699676513672 -0.0785064697265625 -0.0385665893554687
-0.0162019729614258 0.0015716552734375 -0.0338535308837891 -0.00116157531738281
-0.0119962692260742 0.0125865936279297 0.0184459686279297 -0.00358009338378906
0.00136566162109375 0.0157270431518555 0.0326366424560547 -0.0313892364501953
0.00897502899169922 0.00739002227783203 0.0242118835449219 -0.0528488159179688
0.00764226913452148 0.000527858734130859 -0.000236511230468749 -0.0704116821289063
0.000824451446533203 -0.00385785102844238 -0.0289421081542969 -0.0667724609375
0.00208282470703125 -0.00279045104980469 -0.0340576171875 -0.0498275756835937
0.000403404235839844 -0.00252938270568848 -0.0354957580566406 -0.0389823913574219
0.00190639495849609 -0.00243592262268066 -0.0331077575683594 -0.0348262786865234
0.00201165676116943 0.0017319917678833 -0.036956787109375 -0.0255165100097656
-0.00493621826171875 0.00411462783813477 -0.0405044555664063 -0.0272712707519531
-0.015620231628418 -0.00343513488769531 -0.045654296875 -0.0285987854003906
-0.0122575759887695 -0.0140829086303711 -0.0692253112792969 -0.00830459594726563
-0.00326347351074218 -0.0191230773925781 -0.0854263305664063 -0.000511169433593768
0.0355377197265625 -0.00183486938476563 -0.0732803344726563 -0.0414352416992187
0.0135784149169922 0.000321388244628906 -0.0292816162109375 -0.00438880920410156
0.0162286758422852 0.00258731842041016 0.0212879180908203 -0.00594139099121094
0.0185699462890625 -0.00275039672851562 0.0314216613769531 -0.0337104797363281
0.0191745758056641 -0.0125713348388672 0.0230979919433594 -0.0516128540039063
0.00610542297363281 -0.0223903656005859 -0.00174331665039062 -0.0675277709960938
-0.00849533081054688 -0.0262050628662109 -0.0285263061523438 -0.0613327026367187
-0.00523567199707031 -0.0251312255859375 -0.0314826965332031 -0.0425529479980469
-0.00914573669433593 -0.0274982452392578 -0.0344123840332031 -0.0331897735595703
-0.000522613525390622 -0.0276546478271484 -0.0350532531738281 -0.0276603698730469
0.0118618011474609 -0.0250186920166016 -0.0399208068847656 -0.0197906494140625
0.0157127380371094 -0.0187091827392578 -0.0447502136230469 -0.0268440246582031
0.0207405090332031 -0.00891494750976563 -0.0451850891113281 -0.0320930480957031
0.0259666442871094 -0.0133934020996094 -0.0650520324707031 -0.0138282775878906
0.0345821380615234 -0.0105972290039062 -0.0789642333984375 -0.00278472900390625
0.0676116943359375 0.00556564331054688 -0.0570793151855469 -0.0417137145996094
0.0434379577636719 -0.000789642333984375 -0.0170803070068359 -0.0052032470703125
0.0457382202148438 -0.0099029541015625 0.0282096862792969 -0.00560569763183594
0.03558349609375 -0.023406982421875 0.0341587066650391 -0.0321025848388672
0.0277481079101563 -0.0330142974853516 0.0247344970703125 -0.0463066101074219
0.00290298461914063 -0.0440177917480469 -0.00139999389648437 -0.0587577819824219
-0.0172080993652344 -0.0452995300292969 -0.0239906311035156 -0.0491485595703125
-0.0123100280761719 -0.0438117980957031 -0.0245800018310547 -0.029083251953125
-0.0178298950195313 -0.0476799011230469 -0.0279769897460937 -0.0200023651123047
-0.00320053100585937 -0.0481719970703125 -0.0342998504638672 -0.0122909545898438
0.0180549621582031 -0.0486717224121094 -0.0416107177734375 -0.00701904296875
0.0322799682617188 -0.0406455993652344 -0.0492324829101563 -0.0207939147949219
0.0531692504882812 -0.0159797668457031 -0.0457305908203125 -0.0325088500976562
0.0595855712890625 -0.0124549865722656 -0.0546913146972656 -0.0188369750976562
0.0668258666992188 -0.00134658813476563 -0.0607185363769531 -0.00174331665039064
0.09063720703125 0.01116943359375 -0.0316581726074219 -0.0388603210449219
0.0685691833496094 -0.00116348266601562 0.000989913940429691 -0.0047907829284668
0.07122802734375 -0.0208206176757813 0.0363578796386719 -0.00220870971679688
0.0496559143066406 -0.0426406860351563 0.0380783081054688 -0.0254135131835938
0.0337982177734375 -0.0508880615234375 0.0271110534667969 -0.0352745056152344
-5.72204589843797E-05 -0.0605506896972656 0.00250625610351563 -0.0440826416015625
-0.0227890014648437 -0.0585823059082031 -0.0147438049316406 -0.0308284759521484
-0.0165214538574219 -0.0559959411621094 -0.0141830444335938 -0.0112323760986328
-0.0236549377441406 -0.0604095458984375 -0.0184001922607422 -0.00201606750488281
-0.00643157958984375 -0.0608482360839844 -0.0300483703613281 0.00739669799804687
0.0206985473632813 -0.0641860961914063 -0.0400466918945313 0.00928115844726563
0.0410575866699219 -0.0567207336425781 -0.0503349304199219 -0.00946044921875
0.0754470825195313 -0.0225982666015625 -0.044189453125 -0.02838134765625
0.0838241577148438 -0.0104217529296875 -0.0399093627929687 -0.021270751953125
0.0883026123046875 0.00799560546875 -0.03387451171875 0.00312614440917969
0.100028991699219 0.0162582397460938 -0.000562667846679682 -0.0338630676269531
0.0826492309570313 0.00159454345703125 0.0215435028076172 -0.00426292419433594
0.0871658325195313 -0.0266799926757812 0.0423316955566406 0.00248336791992187
0.0578193664550781 -0.0538101196289062 0.0409202575683594 -0.0140037536621094
0.0356178283691406 -0.0605964660644531 0.0303115844726563 -0.0199127197265625
-0.00234222412109374 -0.0680389404296875 0.0086822509765625 -0.0240631103515625
-0.0250930786132812 -0.0629959106445313 -0.00266742706298828 -0.00929355621337891
-0.0190391540527344 -0.0594291687011719 -0.00184059143066406 0.00883293151855468
-0.0260467529296875 -0.0630111694335938 -0.00687408447265625 0.0182971954345703
-0.0089111328125 -0.0632400512695312 -0.0237922668457031 0.0282554626464844
0.0195732116699219 -0.0684738159179687 -0.0358009338378906 0.0261001586914062
0.0429344177246094 -0.0626640319824219 -0.0472831726074219 0.00213241577148436
0.0841064453125 -0.0250015258789063 -0.0383453369140625 -0.0220260620117187
0.0934371948242187 -0.0072784423828125 -0.0206966400146484 -0.0209102630615234
0.0965194702148438 0.0158843994140625 -0.0029754638671875 0.0118780136108398
0.0935592651367187 0.01947021484375 0.03106689453125 -0.0265369415283203
0.0831375122070313 0.00567626953125 0.0421524047851563 -0.00284957885742188
0.089202880859375 -0.0243301391601563 0.0452728271484375 0.00819778442382812
0.0574874877929688 -0.0538177490234375 0.0417060852050781 -6.86645507812533E-05
0.0329818725585938 -0.0587921142578125 0.0311870574951172 -0.00226974487304688
-0.0040740966796875 -0.0637321472167969 0.0157794952392578 -0.00216197967529297
-0.0233116149902344 -0.0571365356445312 0.0109348297119141 0.0118799209594727
-0.0181961059570313 -0.0538291931152344 0.0107135772705078 0.0267982482910156
-0.025299072265625 -0.0566482543945312 0.00421905517578125 0.0368881225585938
-0.0100593566894531 -0.0558280944824219 -0.0160636901855469 0.0468254089355469
0.0153465270996094 -0.062530517578125 -0.029937744140625 0.0394210815429688
0.0375137329101563 -0.058563232421875 -0.0415229797363281 0.0127296447753906
0.0793228149414063 -0.0235671997070313 -0.0303974151611328 -0.0138797760009766
0.0882568359375 -0.00347137451171875 -0.00105571746826171 -0.017247200012207
0.0894393920898438 0.0200576782226563 0.0280055999755859 0.0220069885253906
0.0726318359375 0.0198898315429688 0.0590705871582031 -0.0198326110839844
0.0686302185058594 0.00957489013671875 0.0588188171386719 -0.00102996826171875
0.0745391845703125 -0.0174179077148438 0.045562744140625 0.012420654296875
0.047393798828125 -0.0434989929199219 0.0399818420410156 0.0129165649414062
0.0244903564453125 -0.0455551147460938 0.0305461883544922 0.0137195587158203
-0.00418090820312499 -0.04833984375 0.0227718353271484 0.0165863037109375
-0.0179252624511719 -0.0424575805664063 0.0239620208740234 0.0286521911621094
-0.0154647827148438 -0.0401573181152344 0.0217475891113281 0.0402297973632813
-0.0202140808105469 -0.0420074462890625 0.0136375427246094 0.0511703491210938
-0.0103263854980469 -0.0417633056640625 -0.0099029541015625 0.0599403381347656
0.00899124145507812 -0.0483665466308594 -0.0242462158203125 0.0477752685546875
0.0274276733398438 -0.0474128723144531 -0.0343284606933594 0.0202198028564453
0.0640869140625 -0.0196495056152344 -0.0222682952880859 -0.00553703308105469
0.0705032348632813 0.0001983642578125 0.0150585174560547 -0.011408805847168
0.0700492858886719 0.0208244323730469 0.0533599853515625 0.0326042175292969
0.0405235290527344 0.0178070068359375 0.0768051147460938 -0.01324462890625
0.0430946350097656 0.0128288269042969 0.068695068359375 0.00203704833984375
0.0478363037109375 -0.008819580078125 0.043701171875 0.0167121887207031
0.0277976989746094 -0.0265026092529297 0.0386695861816406 0.0228729248046875
0.0116748809814453 -0.0252437591552734 0.0302276611328125 0.0235671997070313
-0.00400543212890625 -0.0245761871337891 0.0285606384277344 0.0289878845214844
-0.00967788696289063 -0.0209789276123047 0.0331954956054688 0.0385208129882813
-0.00986099243164063 -0.020538330078125 0.0294036865234375 0.0473213195800781
-0.0134983062744141 -0.0218429565429688 0.0198860168457031 0.0601272583007812
-0.009979248046875 -0.0229587554931641 -0.0046539306640625 0.0669441223144531
0.00118255615234375 -0.0304279327392578 -0.0202674865722656 0.0521697998046875
0.0140304565429687 -0.0329055786132813 -0.0284194946289063 0.0259914398193359
0.0418014526367188 -0.0148048400878906 -0.0165643692016602 0.00221729278564453
0.0443382263183594 0.0031890869140625 0.0257778167724609 -0.00399017333984375
0.0405731201171875 0.0177116394042969 0.0700225830078125 0.0419273376464844
-0.000758647918701172 -0.00831127166748047 -0.0833740234375 -0.0368423461914063
-0.0171613693237305 0.00270652770996094 -0.0356063842773438 0.000904083251953122
-0.0127248764038086 0.0138463973999023 0.0194187164306641 -0.00430870056152344
0.00160980224609375 0.0163669586181641 0.0327014923095703 -0.0337371826171875
0.00942802429199219 0.007354736328125 0.0239372253417969 -0.0553703308105469
0.00800848007202149 0.00075531005859375 -0.00273132324218749 -0.0735549926757813
0.000230550765991211 -0.00369763374328613 -0.0332984924316406 -0.0683059692382813
0.0021665096282959 -0.00321698188781738 -0.0376319885253906 -0.0506401062011719
0.000787734985351563 -0.00276088714599609 -0.0391464233398437 -0.0394020080566406
0.00183629989624023 -0.00246357917785645 -0.0361061096191406 -0.0355033874511719
0.00190210342407227 0.00178539752960205 -0.0395774841308594 -0.0256423950195312
-0.0056767463684082 0.00412940979003906 -0.0437660217285156 -0.0270843505859375
-0.0162124633789063 -0.00340843200683593 -0.0489768981933594 -0.028076171875
-0.0134983062744141 -0.0143451690673828 -0.0733261108398437 -0.00598144531250002
-0.00434494018554687 -0.0199832916259766 -0.0903167724609375 0.00318145751953124
0.0376930236816406 -0.003387451171875 -0.0786819458007813 -0.0403060913085938
0.0140933990478516 -0.000273704528808594 -0.0310955047607422 -0.00229263305664062
0.0171384811401367 0.00159740447998047 0.02264404296875 -0.00696182250976562
0.0188388824462891 -0.00384140014648438 0.0319557189941406 -0.0360908508300781
0.0195083618164063 -0.0138778686523438 0.0232315063476563 -0.0542373657226563
0.00501251220703125 -0.0230236053466797 -0.0045013427734375 -0.0704879760742187
-0.0102558135986328 -0.0264091491699219 -0.0328254699707031 -0.0629463195800781
-0.00708770751953125 -0.0263843536376953 -0.0349540710449219 -0.0429801940917969
-0.0111656188964844 -0.0279808044433594 -0.0378494262695313 -0.0332794189453125
-0.00121116638183594 -0.0284824371337891 -0.0380935668945313 -0.0281715393066406
0.0111293792724609 -0.0264244079589844 -0.0421066284179688 -0.0195770263671875
0.0154323577880859 -0.020599365234375 -0.0475692749023438 -0.0267066955566406
0.0215053558349609 -0.0111656188964844 -0.0496406555175781 -0.0323410034179687
0.02642822265625 -0.0159721374511719 -0.0690193176269531 -0.0118408203125
0.0363197326660156 -0.0131111145019531 -0.0838851928710937 0.000663757324218761
0.0715866088867188 0.002410888671875 -0.0619354248046875 -0.0405235290527344
0.0457878112792969 -0.0024566650390625 -0.0185356140136719 -0.00381088256835938
0.0476760864257813 -0.0122909545898438 0.0298652648925781 -0.00631904602050781
0.0355949401855469 -0.0263137817382812 0.0349216461181641 -0.0342750549316406
0.0275650024414063 -0.0361366271972656 0.0245780944824219 -0.0491676330566406
0.000995635986328124 -0.045379638671875 -0.00403213500976563 -0.0617103576660156
-0.0200767517089844 -0.0463027954101563 -0.0270500183105469 -0.04986572265625
-0.0150413513183594 -0.0454292297363281 -0.0267848968505859 -0.0293560028076172
-0.020721435546875 -0.0488052368164063 -0.0309352874755859 -0.0201129913330078
-0.00538635253906249 -0.0502510070800781 -0.0360870361328125 -0.0117683410644531
0.0167884826660156 -0.0513343811035156 -0.0434494018554687 -0.00625610351562501
0.0318107604980469 -0.0439186096191406 -0.0520858764648438 -0.0197334289550781
0.0550193786621094 -0.0201644897460937 -0.0498542785644531 -0.0323371887207031
0.0620002746582031 -0.0163116455078125 -0.0590248107910156 -0.0176124572753906
0.0703659057617188 -0.0044097900390625 -0.064178466796875 0.000873565673828116
0.0959701538085937 0.00792694091796875 -0.0347099304199219 -0.0392303466796875
0.0716094970703125 -0.00342559814453125 6.89029693603561E-05 -0.00416135787963867
0.0738754272460938 -0.025146484375 0.0380897521972656 -0.00311279296875
0.0496139526367187 -0.0465011596679687 0.0391845703125 -0.0274085998535156
0.0327987670898438 -0.0553321838378906 0.0279922485351563 -0.0380973815917969
-0.00295639038085937 -0.0630302429199219 0.0011138916015625 -0.0461273193359375
-0.0267143249511719 -0.059661865234375 -0.0163669586181641 -0.0312633514404297
-0.0201759338378906 -0.0580940246582031 -0.0148563385009766 -0.0108423233032227
-0.0278968811035156 -0.0615577697753906 -0.0193252563476563 -0.00117874145507812
-0.00941085815429687 -0.0629196166992188 -0.0313282012939453 0.00892448425292968
0.0189437866210938 -0.0679893493652344 -0.0412063598632813 0.0113296508789063
0.0403099060058594 -0.0610809326171875 -0.0530319213867188 -0.00852966308593751
0.078094482421875 -0.0273284912109375 -0.0474166870117187 -0.0286865234375
0.0868072509765625 -0.0155181884765625 -0.0431404113769531 -0.0209197998046875
0.0939102172851563 0.0043487548828125 -0.0360870361328125 0.00489044189453124
0.106063842773438 0.0129852294921875 -0.00198554992675781 -0.0347480773925781
0.087005615234375 -0.00139617919921875 0.0219287872314453 -0.00419044494628906
0.0905990600585938 -0.0317611694335938 0.0450668334960938 0.00176239013671875
0.0580024719238281 -0.0586662292480469 0.0430908203125 -0.0154876708984375
0.0351829528808594 -0.0656471252441406 0.0312824249267578 -0.0216274261474609
-0.00582885742187501 -0.070770263671875 0.00833702087402344 -0.0253276824951172
-0.0296897888183594 -0.0645904541015625 -0.00274753570556641 -0.00970935821533203
-0.0226707458496094 -0.0613517761230469 -0.000752449035644532 0.00924301147460937
-0.030517578125 -0.0649337768554687 -0.00659751892089844 0.0194377899169922
-0.0118217468261719 -0.06561279296875 -0.023529052734375 0.0309352874755859
0.0175552368164062 -0.072998046875 -0.0362815856933594 0.0286788940429688
0.0421409606933594 -0.0673446655273438 -0.0494613647460938 0.003570556640625
0.0872650146484375 -0.0306320190429688 -0.0417594909667969 -0.0220756530761719
0.0971145629882812 -0.012481689453125 -0.0234966278076172 -0.0212516784667969
0.103034973144531 0.0125350952148438 -0.00251579284667968 0.0122861862182617
0.0992965698242188 0.0166702270507813 0.0317153930664063 -0.0287208557128906
0.0878448486328125 0.00276947021484375 0.0437240600585938 -0.00386810302734375
0.092742919921875 -0.029754638671875 0.048583984375 0.00723648071289062
0.0583381652832031 -0.0589714050292969 0.04412841796875 -0.00112533569335938
0.0322990417480469 -0.063446044921875 0.0331268310546875 -0.00298500061035157
-0.00683975219726563 -0.0664482116699219 0.0167856216430664 -0.00266838073730469
-0.0277252197265625 -0.058258056640625 0.0128278732299805 0.0119647979736328
-0.0220375061035156 -0.0559577941894531 0.0131340026855469 0.0277004241943359
-0.0288162231445312 -0.0578079223632812 0.00590515136718749 0.0382919311523437
-0.0129013061523437 -0.0580825805664063 -0.0153045654296875 0.0495681762695312
0.0136260986328125 -0.0660400390625 -0.0293235778808594 0.042755126953125
0.0372352600097656 -0.06292724609375 -0.0429649353027344 0.0147171020507813
0.0826568603515625 -0.0286712646484375 -0.0325393676757812 -0.0139045715332031
0.0923309326171875 -0.0078125 -0.00226783752441406 -0.0186634063720703
0.0956878662109375 0.0175704956054688 0.0301933288574219 0.0218486785888672
0.0770111083984375 0.0179290771484375 0.0614547729492188 -0.0230331420898438
0.0725326538085938 0.00800323486328125 0.0614509582519531 -0.0035400390625
0.0778427124023438 -0.0210800170898438 0.048553466796875 0.0119552612304687
0.0477523803710938 -0.0474624633789063 0.043212890625 0.0124588012695312
0.0240287780761719 -0.0494575500488281 0.0333938598632813 0.0134563446044922
-0.00651168823242187 -0.0498237609863281 0.0250873565673828 0.0168972015380859
-0.0211753845214844 -0.0429801940917969 0.0268096923828125 0.0289726257324219
-0.0179672241210937 -0.0414657592773438 0.0253410339355469 0.0410575866699219
-0.0233573913574219 -0.0424652099609375 0.0165328979492187 0.0531234741210938
-0.0125885009765625 -0.042572021484375 -0.00788116455078125 0.0627555847167969
0.00743865966796875 -0.0507125854492188 -0.0236015319824219 0.0510673522949219
0.0267677307128906 -0.0505294799804687 -0.0354499816894531 0.022796630859375
0.0665054321289063 -0.0231781005859375 -0.0235252380371094 -0.00552368164062501
0.0738601684570313 -0.00252532958984375 0.0153341293334961 -0.0129632949829102
0.0747222900390625 0.0190277099609375 0.0575714111328125 0.0320014953613281
0.0430679321289062 0.0173377990722656 0.0806198120117188 -0.01751708984375
0.0456161499023438 0.0120429992675781 0.0721359252929688 -0.000762939453124999
0.0499191284179688 -0.0106620788574219 0.0470161437988281 0.0161018371582031
0.0279369354248047 -0.0289268493652344 0.0422515869140625 0.0226898193359375
0.0114479064941406 -0.0271568298339844 0.0327472686767578 0.0238990783691406
-0.0049285888671875 -0.0257091522216797 0.0312919616699219 0.0293025970458984
-0.0111732482910156 -0.0214138031005859 0.0369987487792969 0.0386810302734375
-0.0109386444091797 -0.0210819244384766 0.0332565307617188 0.0482254028320313
-0.0146846771240234 -0.0221538543701172 0.023406982421875 0.061798095703125
-0.0113067626953125 -0.023712158203125 -0.00235748291015625 0.0704116821289063
-4.57763671875028E-05 -0.0315055847167969 -0.0191459655761719 0.055145263671875
0.0136013031005859 -0.0347576141357422 -0.0289630889892578 0.0281658172607422
0.0432395935058594 -0.0172042846679688 -0.0172967910766602 0.00245475769042969
0.0458526611328125 0.002105712890625 0.0269050598144531 -0.00548553466796875
0.0434303283691406 0.0172386169433594 0.075286865234375 0.0406036376953125
-0.00111865997314453 -0.00927066802978516 -0.0887527465820313 -0.0320892333984375
-0.0172605514526367 0.0039377212524414 -0.0366096496582031 0.00434112548828125
-0.0124111175537109 0.0152034759521484 0.01995849609375 -0.00568199157714844
0.00211429595947265 0.0168828964233398 0.0316047668457031 -0.035980224609375
0.00964927673339844 0.00734519958496094 0.0217514038085937 -0.0582160949707031
0.00818967819213867 0.000416278839111328 -0.00749969482421875 -0.07562255859375
0.000412940979003906 -0.00365400314331055 -0.0392494201660156 -0.0682601928710938
0.00189685821533203 -0.0038754940032959 -0.0425643920898437 -0.0491867065429688
0.00048065185546875 -0.00315213203430176 -0.0437393188476563 -0.0385932922363281
0.00196242332458496 -0.00274801254272461 -0.0397186279296875 -0.0349998474121094
0.00181210041046143 0.00155413150787353 -0.0425186157226562 -0.0246696472167969
-0.00538778305053711 0.004852294921875 -0.0470695495605469 -0.0253257751464844
-0.017247200012207 -0.00265216827392578 -0.0527992248535156 -0.0258941650390625
-0.0144481658935547 -0.0146894454956055 -0.0763473510742188 -0.00119018554687499
-0.00558090209960938 -0.0210552215576172 -0.0936126708984375 0.00940704345703125
0.0384063720703125 -0.00673675537109375 -0.083770751953125 -0.0354995727539063
0.0146923065185547 -0.000875473022460938 -0.0323715209960937 0.000373840332031243
0.0177478790283203 0.00064849853515625 0.0231704711914063 -0.00835800170898438
0.0189037322998047 -0.00507545471191406 0.0306930541992188 -0.0382194519042969
0.0188255310058594 -0.0155792236328125 0.0207901000976563 -0.0568618774414063
0.00365638732910156 -0.0239830017089844 -0.00856781005859375 -0.0723800659179688
-0.0126857757568359 -0.0258598327636719 -0.037841796875 -0.061920166015625
-0.00938606262207031 -0.0265636444091797 -0.0387229919433594 -0.0419120788574219
-0.0133800506591797 -0.0280055999755859 -0.0417976379394531 -0.0319671630859375
-0.00332260131835937 -0.0294437408447266 -0.0410614013671875 -0.0272712707519531
0.00968360900878906 -0.0283031463623047 -0.0443534851074219 -0.0180091857910156
0.0143489837646484 -0.0222702026367188 -0.0511322021484375 -0.0246849060058594
0.0213356018066406 -0.0135536193847656 -0.0532989501953125 -0.0301666259765625
0.0261917114257813 -0.0187587738037109 -0.07275390625 -0.00783538818359375
0.0365180969238281 -0.0161361694335938 -0.0867996215820313 0.00621795654296875
0.0743255615234375 -0.00278472900390625 -0.0661201477050781 -0.037109375
0.0471534729003906 -0.00537490844726563 -0.0197963714599609 -0.00119590759277344
0.0483551025390625 -0.0162696838378906 0.0310592651367188 -0.00798797607421875
0.0346412658691406 -0.02923583984375 0.034088134765625 -0.037200927734375
0.0260238647460938 -0.0394515991210938 0.0228805541992188 -0.0520782470703125
-0.00241851806640625 -0.0471305847167969 -0.0078887939453125 -0.063140869140625
-0.0238456726074219 -0.0456924438476562 -0.0309028625488281 -0.0493888854980469
-0.0184440612792969 -0.0458984375 -0.0294475555419922 -0.0285587310791016
-0.0251388549804688 -0.0488090515136719 -0.0327606201171875 -0.0186119079589844
-0.00909423828125 -0.0510711669921875 -0.0384941101074219 -0.0106048583984375
0.0134506225585938 -0.0536880493164062 -0.0453453063964844 -0.00436782836914063
0.0296669006347656 -0.0474128723144531 -0.0554580688476563 -0.0174369812011719
0.0552825927734375 -0.0250053405761719 -0.0537605285644531 -0.0304641723632812
0.0623626708984375 -0.0218048095703125 -0.0624046325683594 -0.0140533447265625
0.0731201171875 -0.0094757080078125 -0.0671844482421875 0.00551605224609375
0.100082397460938 0.00205230712890625 -0.0383186340332031 -0.0377006530761719
0.0743484497070313 -0.00799560546875 -0.000593185424804683 -0.00319194793701172
0.0746841430664063 -0.0313186645507813 0.0399208068847656 -0.0046539306640625
0.0475921630859375 -0.0512008666992187 0.0393791198730469 -0.0303115844726563
0.0301780700683594 -0.0596466064453125 0.026885986328125 -0.0409584045410156
-0.00718307495117188 -0.0642585754394531 -0.00167465209960938 -0.0472183227539063
-0.0320205688476563 -0.0589714050292969 -0.0190315246582031 -0.0307426452636719
-0.0249900817871094 -0.0583381652832031 -0.0152072906494141 -0.0104598999023438
-0.0331230163574219 -0.0614891052246094 -0.0206184387207031 -0.000539779663085939
-0.0139274597167969 -0.0639419555664063 -0.0312519073486328 0.0107593536376953
0.0142059326171875 -0.0710220336914063 -0.0413665771484375 0.0139045715332031
0.0375747680664063 -0.065582275390625 -0.0556678771972656 -0.00553512573242188
0.0786209106445313 -0.0345382690429688 -0.05133056640625 -0.0269851684570312
0.0877532958984375 -0.02252197265625 -0.0467948913574219 -0.0187911987304687
0.09832763671875 -0.00186920166015625 -0.0372314453125 0.00747680664062501
0.110298156738281 0.00664520263671875 -0.00369644165039062 -0.0355377197265625
0.089996337890625 -0.00647735595703125 0.0220909118652344 -0.00489997863769531
0.0918807983398438 -0.0392074584960938 0.0473213195800781 -0.000186920166015627
0.055755615234375 -0.0642433166503906 0.0440635681152344 -0.0187034606933594
0.0313796997070313 -0.0704498291015625 0.0317058563232422 -0.0241832733154297
-0.0107040405273437 -0.0720062255859375 0.00719070434570312 -0.0264892578125
-0.0352363586425781 -0.0635223388671875 -0.00297641754150391 -0.00995635986328125
-0.0277252197265625 -0.0618133544921875 0.000353813171386717 0.00928688049316406
-0.0360679626464844 -0.0642204284667969 -0.00579452514648438 0.0200767517089844
-0.0161666870117188 -0.0662765502929688 -0.0220508575439453 0.0329685211181641
0.013031005859375 -0.0757293701171875 -0.0353965759277344 0.0312957763671875
0.038787841796875 -0.071929931640625 -0.0514183044433594 0.00653839111328126
0.088104248046875 -0.0379180908203125 -0.0444297790527344 -0.0202445983886719
0.0989761352539063 -0.0197067260742188 -0.0262527465820312 -0.0206470489501953
0.107368469238281 0.0062103271484375 -0.00197219848632812 0.0127878189086914
0.103401184082031 0.0109405517578125 0.0314102172851563 -0.0317401885986328
0.0906829833984375 -0.00226593017578125 0.0444564819335938 -0.00643157958984375
0.0939788818359375 -0.0366897583007813 0.0514297485351563 0.00506210327148437
0.0560264587402344 -0.0637969970703125 0.0466156005859375 -0.003997802734375
0.0295333862304687 -0.0681648254394531 0.0343990325927734 -0.00522613525390625
-0.0115699768066406 -0.0676498413085938 0.0171823501586914 -0.00361156463623047
-0.032562255859375 -0.0578804016113281 0.0141134262084961 0.0116291046142578
-0.0263786315917969 -0.0560264587402344 0.0164051055908203 0.0274581909179687
-0.0334625244140625 -0.0570945739746094 0.00879669189453125 0.0392303466796875
-0.0167083740234375 -0.0584182739257813 -0.0123634338378906 0.0518035888671875
0.00951766967773438 -0.0683822631835938 -0.0276031494140625 0.0454444885253906
0.0340042114257813 -0.0664291381835938 -0.0432853698730469 0.0175628662109375
0.0832138061523438 -0.0354385375976563 -0.0347709655761719 -0.0126972198486328
0.0942535400390625 -0.014190673828125 -0.00396156311035156 -0.0193080902099609
0.100242614746094 0.0118942260742188 0.0325775146484375 0.0198116302490234
0.0806808471679688 0.0137786865234375 0.0621147155761719 -0.0276832580566406
0.0751876831054688 0.00438690185546875 0.0632743835449219 -0.00714492797851563
0.0791854858398438 -0.0269241333007813 0.0518455505371094 0.00972366333007812
0.0454521179199219 -0.0518302917480469 0.0458106994628906 0.0102195739746094
0.0220680236816406 -0.0529022216796875 0.0352096557617188 0.0118522644042969
-0.0101585388183594 -0.0508842468261719 0.0267677307128906 0.016265869140625
-0.02520751953125 -0.0430450439453125 0.0301666259765625 0.0282039642333984
-0.0214576721191406 -0.0417861938476563 0.0295181274414063 0.0403366088867188
-0.0268287658691406 -0.0422897338867188 0.0203666687011719 0.0537567138671875
-0.0152587890625 -0.0425949096679688 -0.00375747680664063 0.0654258728027344
0.00471878051757812 -0.0524330139160156 -0.0214195251464844 0.0541000366210938
0.0239524841308594 -0.0540847778320313 -0.0350399017333984 0.0248565673828125
0.067047119140625 -0.028717041015625 -0.0247039794921875 -0.00459098815917969
0.0754623413085938 -0.00714874267578125 0.0144386291503906 -0.0145416259765625
0.0788497924804687 0.015106201171875 0.0615501403808594 0.0286521911621094
0.0457687377929687 0.0151634216308594 0.0825729370117188 -0.0233688354492187
0.0477943420410156 0.0100288391113281 0.074920654296875 -0.00567626953125
0.0508842468261719 -0.0141029357910156 0.0499954223632813 0.0141487121582031
0.0269680023193359 -0.0312004089355469 0.0456123352050781 0.0208206176757812
0.0101070404052734 -0.0291423797607422 0.03558349609375 0.0225067138671875
-0.00641822814941406 -0.0260734558105469 0.0342617034912109 0.0284805297851562
-0.0132637023925781 -0.0211982727050781 0.0410499572753906 0.0374794006347656
-0.0129108428955078 -0.0212726593017578 0.0381240844726563 0.0472335815429688
-0.0164012908935547 -0.021820068359375 0.028839111328125 0.0624008178710938
-0.0131263732910156 -0.0228614807128906 0.00205230712890625 0.073028564453125
-0.00154304504394531 -0.0328006744384766 -0.0164718627929687 0.0581169128417969
0.0115432739257812 -0.0364418029785156 -0.028411865234375 0.030242919921875
0.0433082580566406 -0.0202140808105469 -0.01751708984375 0.00341796875
0.0474319458007813 -0.00057220458984375 0.027252197265625 -0.00774955749511719
0.0463409423828125 0.0152435302734375 0.0801925659179688 0.036712646484375
-0.00198554992675781 -0.00994491577148438 -0.0903396606445313 -0.0257415771484375
-0.0172243118286133 0.00456809997558593 -0.0357704162597656 0.00772857666015626
-0.0111980438232422 0.0154695510864258 0.0192050933837891 -0.00655364990234375
0.00316333770751953 0.0166921615600586 0.0293998718261719 -0.0371818542480469
0.0101919174194336 0.00652980804443359 0.0183219909667969 -0.0592155456542969
0.0082087516784668 0.00011444091796875 -0.0117874145507813 -0.075531005859375
0.000615119934082031 -0.00342035293579102 -0.0437431335449219 -0.0649833679199219
0.00127243995666504 -0.00359320640563965 -0.0461692810058594 -0.0457267761230469
-1.4543533325195E-05 -0.00312972068786621 -0.0468292236328125 -0.0352745056152344
0.00186538696289063 -0.00283908843994141 -0.0426483154296875 -0.033172607421875
0.00171089172363281 0.00133323669433594 -0.0436286926269531 -0.0225296020507813
-0.00508213043212891 0.00495433807373047 -0.0487022399902344 -0.0220298767089844
-0.0174407958984375 -0.00195503234863282 -0.0546875 -0.0225982666015625
-0.0155868530273437 -0.0142631530761719 -0.0766372680664063 0.00415039062500001
-0.00708770751953125 -0.0209197998046875 -0.093475341796875 0.0163040161132812
0.0384559631347656 -0.00960922241210938 -0.0858306884765625 -0.0296630859375
0.0145034790039063 -0.00193023681640625 -0.0320491790771484 0.00376319885253906
0.0177707672119141 -0.000875473022460937 0.0229625701904297 -0.00952911376953125
0.0182476043701172 -0.00604057312011719 0.0286941528320313 -0.039764404296875
0.0176925659179688 -0.0169506072998047 0.017730712890625 -0.0578346252441406
0.00168418884277344 -0.0238208770751953 -0.0135040283203125 -0.0718536376953125
-0.0142536163330078 -0.0247097015380859 -0.0422515869140625 -0.0592269897460938
-0.0111618041992188 -0.0259532928466797 -0.0418968200683594 -0.039093017578125
-0.0155735015869141 -0.0270462036132812 -0.0442390441894531 -0.0293807983398437
-0.00539970397949218 -0.0288124084472656 -0.0431098937988281 -0.0249862670898438
0.00774002075195312 -0.0289840698242188 -0.0457420349121094 -0.0156402587890625
0.0128498077392578 -0.0234184265136719 -0.0528755187988281 -0.02154541015625
0.0200176239013672 -0.0151500701904297 -0.0551490783691406 -0.0267448425292969
0.0244331359863281 -0.0209751129150391 -0.0731735229492188 -0.00254821777343749
0.0359878540039063 -0.0190696716308594 -0.087158203125 0.0125045776367187
0.0741348266601563 -0.00786590576171875 -0.0687217712402344 -0.0326347351074219
0.0467529296875 -0.00786209106445313 -0.0202732086181641 0.00124931335449218
0.0472221374511719 -0.0198707580566406 0.0311145782470703 -0.00936508178710938
0.0320186614990234 -0.0312690734863281 0.0320777893066406 -0.0384635925292969
0.0226974487304687 -0.0415077209472656 0.0199737548828125 -0.0535850524902344
-0.00504684448242188 -0.0460700988769531 -0.0112762451171875 -0.0623512268066406
-0.0274124145507813 -0.0428352355957031 -0.0345230102539063 -0.0468368530273437
-0.022216796875 -0.04443359375 -0.0311508178710938 -0.0261802673339844
-0.028839111328125 -0.0466499328613281 -0.0345687866210938 -0.0163478851318359
-0.0123481750488281 -0.0503997802734375 -0.0391273498535156 -0.00835800170898439
0.0096893310546875 -0.0546607971191406 -0.0454483032226563 -0.00150299072265625
0.0260772705078125 -0.0493125915527344 -0.0565567016601563 -0.0140953063964844
0.0531654357910156 -0.0291519165039063 -0.0563278198242188 -0.0273628234863281
0.060455322265625 -0.0264320373535156 -0.0637893676757813 -0.00985336303710939
0.0729217529296875 -0.01513671875 -0.0671157836914063 0.0102386474609375
0.100685119628906 -0.00482940673828125 -0.040924072265625 -0.0344467163085938
0.0739212036132813 -0.0124359130859375 -0.00111091136932373 -0.0018843412399292
0.0730743408203125 -0.0371551513671875 0.0404014587402344 -0.00735855102539063
0.0438575744628906 -0.0544090270996094 0.0377769470214844 -0.0325393676757813
0.0256805419921875 -0.0623283386230469 0.0249176025390625 -0.0427474975585938
-0.0118751525878906 -0.0633125305175781 -0.00475692749023438 -0.0470848083496094
-0.0365447998046875 -0.0559959411621094 -0.0207405090332031 -0.0291328430175781
-0.0294570922851562 -0.0564346313476562 -0.0158300399780273 -0.00919628143310547
-0.0378646850585937 -0.0583381652832031 -0.0206546783447266 0.00130462646484375
-0.0182952880859375 -0.0628700256347656 -0.0307083129882812 0.01263427734375
0.00939941406249999 -0.0715560913085938 -0.0404014587402344 0.0162162780761719
0.0326881408691406 -0.0679359436035156 -0.0558929443359375 -0.00218963623046874
0.075927734375 -0.0402679443359375 -0.0537071228027344 -0.0240249633789063
0.0856475830078125 -0.0290145874023438 -0.0485916137695312 -0.015625
0.0983200073242188 -0.008636474609375 -0.037200927734375 0.0102310180664062
0.11126708984375 -0.000640869140625 -0.00632476806640624 -0.0349006652832031
0.0894927978515625 -0.0120773315429688 0.0214405059814453 -0.00563430786132813
0.0892181396484375 -0.0454254150390625 0.0479011535644531 -0.00310134887695313
0.0509605407714844 -0.0680198669433594 0.0437812805175781 -0.0211257934570313
0.02685546875 -0.0732192993164063 0.0303497314453125 -0.0263042449951172
-0.0157928466796875 -0.07098388671875 0.00556755065917969 -0.0266532897949219
-0.0398750305175781 -0.0605659484863281 -0.00306129455566407 -0.00934123992919922
-0.0326309204101563 -0.059844970703125 0.00140953063964844 0.00944328308105468
-0.04058837890625 -0.0611152648925781 -0.00464820861816407 0.0204963684082031
-0.0207328796386719 -0.0646095275878906 -0.0196762084960937 0.0339984893798828
0.00759887695312501 -0.076324462890625 -0.0328807830810547 0.0332889556884765
0.0338668823242187 -0.0745849609375 -0.0504837036132813 0.00982284545898438
0.0853500366210937 -0.0449142456054687 -0.04681396484375 -0.0180320739746094
0.0969772338867188 -0.0265045166015625 -0.0281333923339844 -0.0194129943847656
0.108360290527344 -0.0012969970703125 -0.00166130065917968 0.0130128860473633
0.10467529296875 0.0041351318359375 0.0294704437255859 -0.0336437225341797
0.0909271240234375 -0.00746917724609375 0.043975830078125 -0.0086669921875
0.0918655395507813 -0.0433120727539063 0.0521087646484375 0.00171279907226562
0.0514488220214844 -0.0671501159667969 0.0464706420898438 -0.00678634643554688
0.0247726440429688 -0.0706405639648438 0.0342197418212891 -0.00743293762207032
-0.0162010192871094 -0.06622314453125 0.0173683166503906 -0.00427818298339844
-0.0371475219726563 -0.0548591613769531 0.0155134201049805 0.0108823776245117
-0.0304679870605469 -0.0541267395019531 0.0183181762695312 0.0259323120117187
-0.0377693176269531 -0.0545501708984375 0.0115776062011719 0.0381317138671875
-0.0206642150878906 -0.0561599731445313 -0.00843811035156251 0.0527572631835938
0.00486373901367187 -0.0687675476074219 -0.0252609252929688 0.04705810546875
0.0295257568359375 -0.0688056945800781 -0.0422439575195312 0.0196914672851563
0.0805130004882813 -0.0411529541015625 -0.0360336303710937 -0.0108299255371094
0.0923919677734375 -0.0204696655273438 -0.00599288940429687 -0.0193195343017578
0.102020263671875 0.005157470703125 0.0336246490478516 0.0175342559814453
0.0817413330078125 0.0086517333984375 0.0604171752929688 -0.0321922302246094
0.0757522583007813 0.00022125244140625 0.0627059936523438 -0.0109024047851563
0.0777816772460938 -0.0322647094726563 0.0529289245605469 0.00629425048828125
0.0422630310058594 -0.0543403625488281 0.046844482421875 0.00682830810546875
0.0181655883789062 -0.0547561645507813 0.0360107421875 0.00976181030273437
-0.013427734375 -0.0500259399414063 0.0278053283691406 0.0145072937011719
-0.0281105041503906 -0.0402755737304688 0.0323410034179688 0.0258445739746094
-0.0243453979492188 -0.0395736694335938 0.0329132080078125 0.0379524230957031
-0.0299110412597656 -0.0400772094726563 0.0243072509765625 0.0523109436035156
-0.0183639526367188 -0.0412063598632813 0.000457763671875003 0.0658226013183594
0.000885009765625002 -0.0525627136230469 -0.0179328918457031 0.0548782348632812
0.0207786560058594 -0.0549087524414063 -0.0337429046630859 0.0272312164306641
0.0650978088378906 -0.0334587097167969 -0.0250930786132812 -0.00358200073242188
0.0746383666992188 -0.0122604370117188 0.0130834579467773 -0.0159511566162109
0.0805130004882813 0.00959014892578125 0.063323974609375 0.0241317749023438
0.0464134216308594 0.0121726989746094 0.08148193359375 -0.0290679931640625
0.048980712890625 0.00725173950195313 0.0740432739257813 -0.0105819702148438
0.0504722595214844 -0.0173416137695313 0.0514297485351562 0.0110549926757812
0.0245628356933594 -0.0329246520996094 0.0472373962402344 0.0173301696777344
0.00856399536132813 -0.0296669006347656 0.0369644165039062 0.0204849243164062
-0.00843238830566407 -0.0252971649169922 0.0360755920410156 0.0265960693359375
-0.0147571563720703 -0.0198154449462891 0.0441627502441406 0.0344161987304688
-0.014404296875 -0.0203170776367188 0.0418243408203125 0.0442619323730469
-0.0178489685058594 -0.0208015441894531 0.0326881408691406 0.0601654052734375
-0.0147705078125 -0.0218524932861328 0.00736236572265624 0.072998046875
-0.00357437133789063 -0.0318775177001953 -0.0132865905761719 0.0586471557617188
0.00928878784179688 -0.0369834899902344 -0.0266246795654297 0.0318393707275391
0.0423774719238281 -0.0227699279785156 -0.0173311233520508 0.00363636016845703
0.0472412109375 -0.0033111572265625 0.0263156890869141 -0.0105743408203125
0.04779052734375 0.0121345520019531 0.0824203491210938 0.0309295654296875
-0.00277233123779297 -0.00996685028076172 -0.0893173217773438 -0.0208969116210937
-0.0168857574462891 0.00487995147705078 -0.0350284576416016 0.00968551635742187
-0.0107965469360352 0.0162153244018555 0.0188884735107422 -0.00703620910644531
0.00340557098388672 0.0161533355712891 0.0277252197265625 -0.0371742248535156
0.0101432800292969 0.00630569458007813 0.01568603515625 -0.0588493347167969
0.00791597366333008 -0.0002899169921875 -0.0146636962890625 -0.074066162109375
0.000364065170288086 -0.00346755981445313 -0.0461311340332031 -0.0615081787109375
0.000825166702270508 -0.00379395484924316 -0.0473785400390625 -0.0431022644042969
-0.000241756439208985 -0.00356459617614746 -0.0477561950683594 -0.0325241088867188
0.00130414962768555 -0.00302672386169434 -0.0437240600585938 -0.0312004089355469
0.00202441215515137 0.00104773044586182 -0.0441207885742188 -0.020965576171875
-0.00533819198608398 0.00513029098510742 -0.0485000610351562 -0.0199699401855469
-0.0177249908447266 -0.00103378295898438 -0.054351806640625 -0.0197525024414062
-0.0158185958862305 -0.0132589340209961 -0.0748672485351563 0.00704193115234374
-0.00758934020996094 -0.0207023620605469 -0.0913543701171875 0.020416259765625
0.0371513366699219 -0.0111198425292969 -0.0856399536132813 -0.0247573852539063
0.0142993927001953 -0.00241279602050781 -0.0310478210449219 0.00669670104980469
0.0173492431640625 -0.00153064727783203 0.0221195220947266 -0.00989723205566406
0.0170621871948242 -0.00646018981933594 0.0268020629882813 -0.0397529602050781
0.0159187316894531 -0.0177650451660156 0.0156326293945313 -0.0578079223632813
0.000759124755859373 -0.0230274200439453 -0.0161285400390625 -0.0699005126953125
-0.0151386260986328 -0.0227680206298828 -0.0438461303710937 -0.0558280944824219
-0.01251220703125 -0.0247421264648438 -0.0427322387695313 -0.0365371704101563
-0.0167522430419922 -0.0255489349365234 -0.0446434020996094 -0.0268516540527344
-0.00616836547851562 -0.028106689453125 -0.044219970703125 -0.0228843688964844
0.00620460510253906 -0.0282173156738281 -0.045501708984375 -0.0140953063964844
0.0112190246582031 -0.0234889984130859 -0.0528144836425781 -0.0190620422363281
0.0188159942626953 -0.0161075592041016 -0.0555686950683594 -0.0233650207519531
0.0227298736572266 -0.0220928192138672 -0.0726547241210938 0.000732421875000009
0.03448486328125 -0.0207290649414063 -0.0855178833007813 0.0163040161132813
0.0728607177734375 -0.011199951171875 -0.0686264038085938 -0.0284538269042969
0.0454978942871094 -0.0098876953125 -0.019317626953125 0.00358772277832032
0.0453681945800781 -0.0219841003417969 0.0302753448486328 -0.00985145568847656
0.0298175811767578 -0.0320281982421875 0.0304756164550781 -0.0388069152832031
0.0196800231933594 -0.0418701171875 0.0178604125976562 -0.0530319213867188
-0.00728607177734375 -0.0443763732910156 -0.0134162902832031 -0.0604019165039063
-0.0284767150878906 -0.0404396057128906 -0.0354499816894531 -0.0442161560058594
-0.0240592956542969 -0.0426902770996094 -0.0313816070556641 -0.0246067047119141
-0.0303459167480469 -0.0439796447753906 -0.0349864959716797 -0.0146713256835938
-0.0142402648925781 -0.0482368469238281 -0.0394363403320313 -0.00718307495117187
0.00714492797851563 -0.0537185668945313 -0.0443611145019531 -0.000316619873046881
0.0229339599609375 -0.049407958984375 -0.0561408996582031 -0.0121383666992188
0.0508079528808594 -0.0311012268066406 -0.0564498901367188 -0.0246849060058594
0.0573196411132813 -0.028839111328125 -0.0634918212890625 -0.00653076171875001
0.0712051391601563 -0.0176849365234375 -0.065948486328125 0.0129508972167969
0.0990371704101563 -0.009552001953125 -0.041351318359375 -0.031158447265625
0.0723037719726563 -0.0153350830078125 -0.00128459930419921 -0.000336647033691407
0.0697174072265625 -0.0397567749023438 0.03997802734375 -0.00831985473632813
0.0402374267578125 -0.0548286437988281 0.0363082885742188 -0.0328216552734375
0.0218620300292969 -0.0624198913574219 0.0230979919433594 -0.0430107116699219
-0.0145492553710938 -0.0605545043945312 -0.00651931762695313 -0.0452537536621094
-0.0380172729492188 -0.0524520874023438 -0.0211601257324219 -0.0277442932128906
-0.031494140625 -0.0541534423828125 -0.0155239105224609 -0.00864601135253907
-0.0394248962402344 -0.0551338195800781 -0.020721435546875 0.00186347961425781
-0.0204010009765625 -0.0599784851074219 -0.0297355651855469 0.0134639739990234
0.00584030151367187 -0.0701942443847656 -0.0387687683105469 0.0167121887207031
0.0286865234375 -0.0680084228515625 -0.0552024841308594 -0.000312805175781255
0.0724029541015625 -0.0433425903320313 -0.0542030334472656 -0.0214614868164063
0.0818328857421875 -0.0320663452148438 -0.0488090515136719 -0.0131568908691406
0.0969390869140625 -0.0128021240234375 -0.0365180969238281 0.0112648010253906
0.109794616699219 -0.005706787109375 -0.00722694396972655 -0.0339088439941406
0.0877761840820313 -0.0153961181640625 0.0207405090332031 -0.00523185729980469
0.0861282348632813 -0.0488433837890625 0.0477981567382813 -0.00461196899414063
0.0468940734863281 -0.0684890747070312 0.0423583984375 -0.0220985412597656
0.02276611328125 -0.0733642578125 0.0290012359619141 -0.0271129608154297
-0.0183982849121094 -0.0681495666503906 0.00458717346191406 -0.0259876251220703
-0.0417976379394531 -0.0566024780273438 -0.00322055816650391 -0.008819580078125
-0.0343856811523438 -0.0574722290039063 0.00236797332763672 0.00850772857666015
-0.0425949096679688 -0.0575294494628906 -0.00360870361328125 0.0201854705810547
-0.0230331420898437 -0.0622062683105469 -0.0176906585693359 0.0340671539306641
0.00390625000000001 -0.0748519897460938 -0.0308189392089844 0.0334510803222656
0.0296096801757812 -0.0743026733398438 -0.0493392944335938 0.0108795166015625
0.081268310546875 -0.0476226806640625 -0.0468559265136719 -0.0161781311035156
0.093170166015625 -0.030548095703125 -0.0292415618896484 -0.0172176361083984
0.107475280761719 -0.00618743896484375 -0.00151062011718749 0.0127973556518555
0.103401184082031 -0.000457763671875 0.0277137756347656 -0.0335979461669922
0.0887374877929688 -0.0108871459960938 0.0421943664550781 -0.00972366333007813
0.088104248046875 -0.0462265014648438 0.0524520874023438 -0.000217437744140628
0.0469131469726563 -0.0679054260253906 0.0461311340332031 -0.00848770141601563
0.0213623046875 -0.0707626342773438 0.0339469909667969 -0.00859832763671875
-0.0185432434082031 -0.0640640258789063 0.0169839859008789 -0.0043172836303711
-0.0386924743652344 -0.0516395568847656 0.0161762237548828 0.00992393493652343
-0.0325088500976563 -0.0517044067382812 0.0199203491210937 0.0240001678466797
-0.0396232604980469 -0.051483154296875 0.0130996704101562 0.0371055603027344
-0.0220184326171875 -0.0542259216308594 -0.00567245483398438 0.0521278381347656
0.00172805786132812 -0.0675277709960938 -0.0217666625976563 0.0465354919433594
0.0258255004882812 -0.0684738159179688 -0.04119873046875 0.0208473205566406
0.0773468017578125 -0.0437469482421875 -0.0363807678222656 -0.00987625122070313
0.0893020629882813 -0.023712158203125 -0.00732994079589843 -0.0190639495849609
0.100608825683594 0.00058746337890625 0.0332546234130859 0.0155467987060547
0.0804519653320313 0.00511932373046875 0.0582618713378906 -0.033233642578125
0.0740127563476563 -0.0023956298828125 0.0606002807617188 -0.0131759643554688
0.0751113891601563 -0.0346755981445313 0.05303955078125 0.00417709350585937
0.0386924743652344 -0.0549087524414063 0.0464591979980469 0.00518417358398437
0.015380859375 -0.0543975830078125 0.035888671875 0.00836944580078125
-0.0155410766601562 -0.0481109619140625 0.0277957916259766 0.0136528015136719
-0.0294456481933594 -0.0379066467285156 0.0331497192382813 0.0240230560302734
-0.0260086059570313 -0.0379905700683594 0.0343360900878906 0.0352859497070313
-0.0309410095214844 -0.0373802185058594 0.0257949829101562 0.0496330261230469
-0.01904296875 -0.0390090942382813 0.00389480590820313 0.0645790100097656
-0.000946044921875002 -0.0513687133789063 -0.0155029296875 0.054595947265625
0.017608642578125 -0.05419921875 -0.0323390960693359 0.0273704528808594
0.06219482421875 -0.0353240966796875 -0.0253524780273437 -0.002899169921875
0.071990966796875 -0.014923095703125 0.0116233825683594 -0.016758918762207
0.0795974731445313 0.0062103271484375 0.062103271484375 0.0208206176757812
0.0460586547851563 0.0101089477539062 0.0788497924804688 -0.0314865112304688
0.04833984375 0.00560760498046875 0.0717010498046875 -0.0137405395507813
0.0488395690917969 -0.0186119079589844 0.0510063171386719 0.00844573974609375
0.0229396820068359 -0.0330829620361328 0.047698974609375 0.0149765014648437
0.00721168518066406 -0.0295810699462891 0.0372505187988281 0.0189590454101562
-0.0092620849609375 -0.0244197845458984 0.036956787109375 0.0248260498046875
-0.015655517578125 -0.0186710357666016 0.0450248718261719 0.0318641662597656
-0.0150585174560547 -0.0195064544677734 0.0431480407714844 0.0411186218261719
-0.0183467864990234 -0.0192012786865234 0.0349578857421875 0.0574188232421875
-0.0146808624267578 -0.0204353332519531 0.0106124877929688 0.0709686279296875
-0.00508880615234375 -0.0313739776611328 -0.0107460021972656 0.05828857421875
0.00756454467773438 -0.0362815856933594 -0.024993896484375 0.0321884155273438
0.0403213500976563 -0.0242118835449219 -0.0174236297607422 0.0037841796875
0.0463027954101562 -0.00455856323242188 0.0245876312255859 -0.0119647979736328
0.047576904296875 0.0100860595703125 0.0816802978515625 0.026123046875
-0.00327682495117188 -0.00998210906982422 -0.0884552001953125 -0.0188522338867187
-0.0163822174072266 0.00488662719726563 -0.0331535339355469 0.0107879638671875
-0.0100955963134766 0.0164337158203125 0.0180854797363281 -0.00666427612304687
0.00328826904296875 0.0166349411010742 0.0270347595214844 -0.036529541015625
0.00949668884277344 0.00625133514404297 0.0156593322753906 -0.0578117370605469
0.00785923004150391 -0.000293731689453125 -0.0151901245117188 -0.072021484375
0.000627756118774414 -0.00322628021240234 -0.0463027954101562 -0.0597152709960938
0.000335216522216797 -0.00362324714660645 -0.0472602844238281 -0.041290283203125
-0.000815868377685547 -0.00345587730407715 -0.0478248596191406 -0.0315055847167969
0.00150942802429199 -0.00370001792907715 -0.0440940856933594 -0.0305023193359375
0.00158751010894775 0.00122368335723877 -0.0438385009765625 -0.0204582214355469
-0.00576972961425781 0.00453329086303711 -0.0481910705566406 -0.0194320678710937
-0.0171918869018555 -0.000982284545898435 -0.053802490234375 -0.0182991027832031
-0.0157575607299805 -0.0134830474853516 -0.0732955932617188 0.00857543945312499
-0.00763893127441406 -0.020233154296875 -0.0904617309570313 0.0212783813476563
0.0362281799316406 -0.0124015808105469 -0.084228515625 -0.0226669311523438
0.0139846801757813 -0.002716064453125 -0.0303554534912109 0.00771522521972657
0.0171308517456055 -0.00197315216064453 0.0225811004638672 -0.00947380065917969
0.0161199569702148 -0.00627899169921875 0.0263099670410156 -0.0387992858886719
0.0152769088745117 -0.0171785354614258 0.0153732299804687 -0.0567359924316406
0.000308990478515627 -0.0225048065185547 -0.016510009765625 -0.0682487487792969
-0.0149517059326172 -0.0222034454345703 -0.0441932678222656 -0.0538673400878906
-0.0128669738769531 -0.0244464874267578 -0.0427474975585938 -0.0350227355957031
-0.0171527862548828 -0.0250434875488281 -0.0448989868164063 -0.0256004333496094
-0.00632858276367187 -0.0278034210205078 -0.0437660217285156 -0.0225677490234375
0.00545120239257812 -0.0276031494140625 -0.0450668334960937 -0.014068603515625
0.0104827880859375 -0.0231170654296875 -0.0524978637695313 -0.0183906555175781
0.0183200836181641 -0.0163211822509766 -0.0550422668457031 -0.0223541259765625
0.0215282440185547 -0.022216796875 -0.0708084106445312 0.00189208984374999
0.0336704254150391 -0.0210456848144531 -0.0841598510742187 0.0175552368164062
0.0719375610351563 -0.012786865234375 -0.0679779052734375 -0.0262527465820313
0.0452537536621094 -0.0105743408203125 -0.0188922882080078 0.00466346740722657
0.04443359375 -0.0223045349121094 0.0299663543701172 -0.0099945068359375
0.0282535552978516 -0.0315170288085937 0.0300559997558594 -0.0379295349121094
0.0184440612792969 -0.0416641235351562 0.0172615051269531 -0.0524520874023438
-0.00824356079101562 -0.0434646606445312 -0.0139732360839844 -0.0591354370117188
-0.0286521911621094 -0.0390663146972656 -0.0357284545898438 -0.0425872802734375
-0.0245590209960938 -0.0414352416992187 -0.0314826965332031 -0.023590087890625
-0.0312538146972656 -0.0426559448242188 -0.034881591796875 -0.0141792297363281
-0.0145187377929688 -0.047271728515625 -0.0386505126953125 -0.00670623779296875
0.00616455078125 -0.0526809692382813 -0.0437164306640625 -0.000576019287109376
0.0216941833496094 -0.0491867065429688 -0.0553054809570313 -0.0114593505859375
0.0492057800292969 -0.0317535400390625 -0.0562286376953125 -0.0229339599609375
0.0555000305175781 -0.0291404724121094 -0.0630455017089844 -0.00534820556640625
0.0703048706054688 -0.0188369750976563 -0.0653305053710938 0.0137252807617188
0.0974273681640625 -0.0111846923828125 -0.0415267944335937 -0.0297470092773438
0.070953369140625 -0.0155487060546875 -0.000926136970520015 0.000822365283966064
0.0687484741210938 -0.0408706665039062 0.0396919250488281 -0.00870132446289063
0.0386085510253906 -0.0544319152832031 0.0357894897460938 -0.0326042175292969
0.020538330078125 -0.0622749328613281 0.0225486755371094 -0.0424003601074219
-0.014984130859375 -0.0591049194335938 -0.00691986083984375 -0.0443077087402344
-0.038543701171875 -0.0507469177246094 -0.0210323333740234 -0.0265789031982422
-0.0323028564453125 -0.0528488159179688 -0.0149078369140625 -0.00841999053955078
-0.0403861999511719 -0.0534324645996094 -0.0206356048583984 0.00194168090820312
-0.020233154296875 -0.05853271484375 -0.0287513732910156 0.0131778717041016
0.00465774536132813 -0.0692100524902344 -0.0380439758300781 0.0162696838378906
0.0275459289550781 -0.0671806335449219 -0.0546455383300781 -3.05175781250114E-05
0.0708541870117188 -0.0438385009765625 -0.0539436340332031 -0.0204048156738281
0.0793075561523438 -0.0327911376953125 -0.0489120483398437 -0.0120887756347656
0.0955276489257813 -0.014495849609375 -0.0366249084472656 0.0122222900390625
0.108123779296875 -0.0070037841796875 -0.00744056701660156 -0.0326042175292969
0.0867767333984375 -0.0161819458007813 0.0199565887451172 -0.0042724609375
0.084197998046875 -0.0501632690429688 0.0474739074707031 -0.00515365600585938
0.0451164245605469 -0.0681877136230469 0.0417556762695313 -0.0223731994628906
0.02081298828125 -0.0729446411132813 0.0288066864013672 -0.027069091796875
-0.019134521484375 -0.0664939880371094 0.00439834594726563 -0.0248222351074219
-0.0418319702148438 -0.0543403625488281 -0.00284051895141602 -0.00870847702026368
-0.0352935791015625 -0.0560874938964844 0.00293779373168945 0.00793027877807617
-0.0427665710449219 -0.056121826171875 -0.00341987609863282 0.0197715759277344
-0.0229377746582031 -0.0603065490722656 -0.0170269012451172 0.0333003997802734
0.00295257568359374 -0.0733718872070312 -0.0295486450195312 0.0324172973632813
0.027801513671875 -0.0735015869140625 -0.0488319396972656 0.0110588073730469
0.0793609619140625 -0.0483245849609375 -0.0468063354492187 -0.0155982971191406
0.0907058715820313 -0.0310592651367188 -0.0293350219726562 -0.0169620513916016
0.106094360351562 -0.00788116455078125 -0.00167369842529296 0.0122337341308594
0.101882934570313 -0.00209808349609375 0.0270366668701172 -0.0333175659179688
0.0877609252929688 -0.0110321044921875 0.041412353515625 -0.00925827026367188
0.087005615234375 -0.0472564697265625 0.0521774291992188 -0.000823974609375003
0.045501708984375 -0.0674819946289063 0.0454864501953125 -0.00885391235351563
0.0195693969726563 -0.0701637268066406 0.0330924987792969 -0.00879096984863282
-0.019012451171875 -0.0620918273925781 0.0167551040649414 -0.00389862060546875
-0.038818359375 -0.0493011474609375 0.0165433883666992 0.00981807708740234
-0.0329360961914063 -0.05023193359375 0.020843505859375 0.0231876373291016
-0.0397262573242188 -0.0494804382324219 0.0136222839355469 0.0361785888671875
-0.02215576171875 -0.05242919921875 -0.0047607421875 0.0511322021484375
0.000812530517578126 -0.0661354064941406 -0.0212249755859375 0.0452842712402344
0.0242500305175781 -0.0678253173828125 -0.0403099060058594 0.02056884765625
0.0751571655273438 -0.04443359375 -0.0363235473632812 -0.00925064086914063
0.0867156982421875 -0.0244827270507813 -0.0081024169921875 -0.0187168121337891
0.0995941162109375 -0.00106048583984375 0.0325374603271484 0.0148639678955078
0.0792007446289063 0.004241943359375 0.0568695068359375 -0.0336761474609375
0.0732421875 -0.00301361083984375 0.0589752197265625 -0.013397216796875
0.0737533569335938 -0.0353164672851562 0.0525016784667969 0.00328826904296875
0.0374984741210938 -0.0541610717773437 0.0460433959960937 0.00429153442382812
0.0147438049316406 -0.0540313720703125 0.0357894897460937 0.00783538818359374
-0.015655517578125 -0.0467872619628906 0.0283164978027344 0.0136852264404297
-0.0298080444335938 -0.0360107421875 0.0336093902587891 0.0231494903564453
-0.0263786315917969 -0.0367927551269531 0.034820556640625 0.0334033966064453
-0.0310287475585937 -0.0360374450683594 0.0263328552246094 0.0487060546875
-0.0189361572265625 -0.0378837585449219 0.00482940673828124 0.0632972717285156
-0.00195693969726562 -0.0504570007324219 -0.0141448974609375 0.0531082153320313
0.0169181823730469 -0.0536537170410156 -0.0318698883056641 0.0271053314208984
0.061065673828125 -0.0355377197265625 -0.0253067016601562 -0.00315666198730469
0.0703506469726563 -0.0148391723632813 0.0107278823852539 -0.0169134140014648
0.0785446166992188 0.004913330078125 0.0613250732421875 0.0195884704589844
0.0452651977539063 0.00910568237304688 0.0773468017578125 -0.0317001342773438
0.0475387573242188 0.00523757934570312 0.070220947265625 -0.0139999389648438
0.0483512878417969 -0.0194549560546875 0.0508346557617188 0.00740814208984375
0.0222492218017578 -0.0328903198242188 0.0468559265136719 0.0139617919921875
0.00631141662597656 -0.0293502807617188 0.036834716796875 0.0184974670410156
-0.00951194763183594 -0.0235271453857422 0.0367240905761719 0.0246620178222656
-0.0157108306884766 -0.0176296234130859 0.0449676513671875 0.0304374694824219
-0.0153408050537109 -0.0188503265380859 0.0433387756347656 0.0387153625488281
-0.0184669494628906 -0.0188102722167969 0.0356063842773437 0.0556716918945313
-0.0141773223876953 -0.0194950103759766 0.0111846923828125 0.06976318359375
-0.00536346435546875 -0.0303153991699219 -0.0099945068359375 0.0566253662109375
0.00688552856445313 -0.0359649658203125 -0.0244007110595703 0.0314712524414063
0.0398750305175781 -0.023956298828125 -0.0170621871948242 0.00375747680664062
0.0453414916992188 -0.0049285888671875 0.0230960845947266 -0.0124893188476563
0.0466537475585938 0.00930023193359375 0.080047607421875 0.0245132446289063
-0.00335311889648438 -0.0103969573974609 -0.0885543823242188 -0.0187225341796875
-0.0162792205810547 0.00497722625732422 -0.0338001251220703 0.0116062164306641
-0.0103635787963867 0.0160112380981445 0.0188694000244141 -0.006195068359375
0.00285148620605469 0.0163669586181641 0.0277214050292969 -0.0362167358398438
0.00926017761230469 0.00632667541503906 0.0163536071777344 -0.05816650390625
0.00786304473876953 -0.000597476959228516 -0.0150909423828125 -0.0732421875
0.000533580780029297 -0.00344276428222656 -0.0467529296875 -0.0596847534179687
0.000229835510253907 -0.00389599800109863 -0.0481224060058594 -0.0412521362304687
-0.00130867958068848 -0.00380373001098633 -0.0485649108886719 -0.0321273803710938
0.00134038925170898 -0.0037841796875 -0.0449180603027344 -0.0313034057617188
0.00204634666442871 0.00120711326599121 -0.0446548461914062 -0.0214157104492188
-0.00607967376708984 0.0053410530090332 -0.0485763549804688 -0.0197563171386719
-0.0174636840820312 -0.00144386291503906 -0.053070068359375 -0.0188407897949219
-0.016148567199707 -0.0138416290283203 -0.0739364624023438 0.0079803466796875
-0.00796699523925782 -0.0209770202636719 -0.0915069580078125 0.0213775634765625
0.0363922119140625 -0.0120277404785156 -0.0842361450195313 -0.0224990844726563
0.0139741897583008 -0.00253391265869141 -0.0301265716552734 0.00884056091308593
0.0167331695556641 -0.00218677520751953 0.0226936340332031 -0.00919342041015625
0.0160818099975586 -0.00607490539550781 0.0266990661621094 -0.0387687683105469
0.0147781372070313 -0.0171976089477539 0.0156936645507813 -0.0571250915527344
0.000225067138671875 -0.0227241516113281 -0.0162429809570313 -0.0692329406738281
-0.0150604248046875 -0.0220775604248047 -0.0440025329589844 -0.0539169311523438
-0.0132865905761719 -0.0245742797851563 -0.042816162109375 -0.0350685119628906
-0.017486572265625 -0.0247859954833984 -0.0461196899414063 -0.0258140563964844
-0.00623321533203125 -0.027801513671875 -0.044677734375 -0.0230445861816406
0.00576210021972656 -0.0276298522949219 -0.0454521179199219 -0.0149803161621094
0.0104961395263672 -0.023162841796875 -0.0526657104492188 -0.01885986328125
0.0180912017822266 -0.0165348052978516 -0.0549468994140625 -0.022705078125
0.0213165283203125 -0.0222091674804688 -0.0717315673828125 0.00194549560546876
0.0343189239501953 -0.0211811065673828 -0.0854568481445313 0.017303466796875
0.0722122192382813 -0.0127029418945312 -0.0679817199707031 -0.0258979797363281
0.0456085205078125 -0.0103645324707031 -0.0183811187744141 0.00619697570800782
0.0448799133300781 -0.0228385925292969 0.0308513641357422 -0.00954627990722656
0.0285758972167969 -0.0313663482666016 0.0305252075195313 -0.0380401611328125
0.0182304382324219 -0.0417404174804688 0.0182304382324219 -0.0530433654785156
-0.00795364379882813 -0.0433311462402344 -0.0136184692382813 -0.0595664978027344
-0.0288772583007812 -0.0387496948242188 -0.0352325439453125 -0.0426063537597656
-0.0251541137695312 -0.0418548583984375 -0.0314464569091797 -0.0238609313964844
-0.0316581726074219 -0.0424919128417969 -0.035919189453125 -0.0139236450195312
-0.01409912109375 -0.0473709106445313 -0.0390586853027344 -0.00730514526367188
0.00633621215820313 -0.0533943176269531 -0.0440444946289063 -0.0013885498046875
0.021759033203125 -0.0493888854980469 -0.0559959411621094 -0.0118827819824219
0.049591064453125 -0.0320625305175781 -0.0562515258789062 -0.0237884521484375
0.0552825927734375 -0.0291290283203125 -0.0637397766113281 -0.00543594360351561
0.0709915161132813 -0.019287109375 -0.0664443969726562 0.0138168334960938
0.0985183715820312 -0.0115280151367187 -0.0409088134765625 -0.0295143127441406
0.0720672607421875 -0.0156097412109375 -0.00102961063385009 0.00208818912506103
0.0693130493164063 -0.0415611267089844 0.040740966796875 -0.00836181640625
0.0385513305664063 -0.0549087524414063 0.0366630554199219 -0.0325241088867188
0.0203323364257812 -0.0628814697265625 0.0230255126953125 -0.0424728393554688
-0.015411376953125 -0.0591812133789063 -0.00641250610351563 -0.0441360473632813
-0.0382308959960938 -0.0503005981445313 -0.0205116271972656 -0.0267276763916016
-0.0330276489257812 -0.0534172058105469 -0.0152187347412109 -0.00864887237548828
-0.0408134460449219 -0.0530281066894531 -0.0210285186767578 0.00163459777832031
-0.0202178955078125 -0.0591773986816406 -0.0293178558349609 0.0125617980957031
0.00502777099609375 -0.0692634582519531 -0.0379104614257813 0.0153007507324219
0.0276603698730469 -0.0675849914550781 -0.0549850463867188 -0.000972747802734369
0.0712432861328125 -0.0443191528320313 -0.0544166564941406 -0.0206260681152344
0.07989501953125 -0.03302001953125 -0.0490150451660156 -0.0119171142578125
0.0972747802734375 -0.0145416259765625 -0.0374107360839844 0.0120582580566406
0.109397888183594 -0.00724029541015625 -0.00740814208984374 -0.0322608947753906
0.0874786376953125 -0.0155715942382813 0.0202846527099609 -0.00324440002441406
0.0849990844726563 -0.05096435546875 0.0489120483398438 -0.00510025024414063
0.0452041625976563 -0.0682487487792969 0.0424461364746094 -0.0216445922851563
0.0209274291992187 -0.073699951171875 0.0293197631835938 -0.0268802642822266
-0.0191726684570312 -0.0665092468261719 0.00484657287597656 -0.0249576568603516
-0.0419921875 -0.054168701171875 -0.00238513946533203 -0.00836420059204102
-0.0359649658203125 -0.05621337890625 0.00353384017944336 0.00757408142089843
-0.0432929992675781 -0.0557670593261719 -0.00382041931152344 0.019805908203125
-0.0225868225097656 -0.0605278015136719 -0.0170459747314453 0.0332412719726562
0.0031280517578125 -0.0735092163085938 -0.0300216674804688 0.0318222045898437
0.028564453125 -0.0738677978515625 -0.0494956970214844 0.0101318359375
0.0800018310546875 -0.0483779907226563 -0.0472412109375 -0.0158233642578125
0.09063720703125 -0.0307464599609375 -0.0300178527832031 -0.01708984375
0.107032775878906 -0.0076141357421875 -0.00220870971679687 0.0124797821044922
0.103004455566406 -0.0015411376953125 0.0275859832763672 -0.0330028533935547
0.0884628295898438 -0.0106887817382813 0.0414314270019531 -0.0082550048828125
0.0877456665039062 -0.0480117797851562 0.0529708862304688 -0.00127792358398438
0.0458030700683594 -0.0674972534179688 0.0459938049316406 -0.008636474609375
0.019317626953125 -0.0709686279296875 0.0337924957275391 -0.00819396972656251
-0.0190849304199219 -0.0623054504394531 0.0172414779663086 -0.00296211242675782
-0.0389137268066406 -0.0486984252929687 0.0172309875488281 0.00942420959472656
-0.0338706970214844 -0.0503387451171875 0.0213356018066406 0.0224933624267578
-0.0400428771972656 -0.0496330261230469 0.0129280090332031 0.0364418029785156
-0.0217399597167969 -0.0524406433105469 -0.00482559204101562 0.0508460998535156
0.000881195068359381 -0.0658607482910156 -0.0211181640625 0.04449462890625
0.0245208740234375 -0.0678329467773438 -0.0412178039550781 0.0200004577636719
0.0758743286132813 -0.044891357421875 -0.0370674133300781 -0.00970458984375
0.0866928100585938 -0.0236663818359375 -0.00853538513183593 -0.0188789367675781
0.100784301757813 -0.0010833740234375 0.0318584442138672 0.0148563385009766
0.0796966552734375 0.00411224365234375 0.0579109191894531 -0.0335693359375
0.0736541748046875 -0.00240325927734375 0.0590362548828125 -0.0122261047363281
0.0744476318359375 -0.0354080200195313 0.0533409118652344 0.0029144287109375
0.0380516052246094 -0.0539512634277344 0.0461044311523438 0.00410842895507812
0.0144691467285156 -0.0546913146972656 0.0360183715820313 0.008453369140625
-0.0152397155761719 -0.046783447265625 0.0283222198486328 0.0147247314453125
-0.0294914245605469 -0.0358238220214844 0.0344219207763672 0.0230941772460937
-0.026458740234375 -0.0371437072753906 0.0352058410644531 0.0333213806152344
-0.0313339233398437 -0.0358467102050781 0.0266532897949219 0.0487518310546875
-0.0183868408203125 -0.0379104614257813 0.00512313842773437 0.0633659362792969
-0.00183486938476562 -0.0505332946777344 -0.0145034790039062 0.0525436401367188
0.0173606872558594 -0.0535049438476563 -0.0324382781982422 0.0266494750976563
0.0614204406738281 -0.0352745056152344 -0.0262355804443359 -0.00349235534667969
0.0707168579101563 -0.0143508911132813 0.0101995468139648 -0.0172691345214844
0.0793228149414063 0.00482177734375 0.0609054565429688 0.019775390625
0.0453872680664063 0.00989532470703125 0.0780181884765625 -0.031402587890625
0.0476646423339844 0.005615234375 0.0705490112304688 -0.0132064819335938
0.048919677734375 -0.0190849304199219 0.0516242980957031 0.0071563720703125
0.0222568511962891 -0.0322132110595703 0.0466461181640625 0.0141410827636719
0.00644874572753906 -0.0296249389648438 0.0371780395507813 0.019317626953125
-0.00915145874023438 -0.0233440399169922 0.0369338989257812 0.0255355834960938
-0.015650749206543 -0.0172939300537109 0.0458259582519531 0.0302009582519531
-0.0155868530273437 -0.0188846588134766 0.0439949035644531 0.03851318359375
-0.0183963775634766 -0.0187053680419922 0.0356788635253906 0.0565299987792969
-0.0139999389648438 -0.0196113586425781 0.0112228393554687 0.0696754455566406
-0.00551033020019532 -0.0307788848876953 -0.01043701171875 0.0564079284667969
0.00748443603515625 -0.0355987548828125 -0.0255641937255859 0.0312767028808594
0.0402069091796875 -0.0238685607910156 -0.0180759429931641 0.00284576416015625
0.0453147888183594 -0.00413894653320313 0.0232505798339844 -0.0125808715820313
0.0470809936523437 0.00962066650390625 0.08026123046875 0.0246200561523438
-0.00369834899902344 -0.0108957290649414 -0.091064453125 -0.018768310546875
-0.0169830322265625 0.00477218627929687 -0.0339088439941406 0.0127105712890625
-0.0104036331176758 0.0166006088256836 0.0197715759277344 -0.00600051879882812
0.00310325622558594 0.0170907974243164 0.0288352966308594 -0.0370368957519531
0.00949859619140625 0.00675392150878906 0.0169868469238281 -0.0597991943359375
0.00784969329833984 -0.000353336334228516 -0.0151901245117187 -0.0755081176757813
0.000695228576660156 -0.00393509864807129 -0.0487022399902344 -0.0609207153320312
-0.000196218490600586 -0.00437617301940918 -0.04974365234375 -0.0421066284179688
-0.0014796257019043 -0.00354719161987305 -0.0511970520019531 -0.0330886840820312
0.00141644477844238 -0.00388312339782715 -0.0470771789550781 -0.0326461791992188
0.00219404697418213 0.000844717025756836 -0.0464401245117187 -0.0220756530761719
-0.00614070892333984 0.00546932220458984 -0.0495948791503906 -0.0203666687011719
-0.0181484222412109 -0.00135421752929688 -0.0547409057617188 -0.0196609497070313
-0.0167083740234375 -0.0147943496704102 -0.0756759643554688 0.00801086425781251
-0.00862503051757813 -0.0220699310302734 -0.095184326171875 0.0222396850585937
0.0374832153320313 -0.0132942199707031 -0.0867996215820313 -0.022186279296875
0.0149707794189453 -0.00278759002685547 -0.030487060546875 0.00977134704589844
0.0174484252929688 -0.00227546691894531 0.0239219665527344 -0.00922775268554688
0.0164127349853516 -0.00592231750488281 0.0282363891601562 -0.0394859313964844
0.0150146484375 -0.0178604125976563 0.0166816711425781 -0.0590362548828125
5.14984130859377E-05 -0.0230255126953125 -0.0164794921875 -0.0711441040039062
-0.0152149200439453 -0.022796630859375 -0.0460319519042969 -0.0552520751953125
-0.0140457153320313 -0.0254497528076172 -0.0447883605957031 -0.0363807678222656
-0.0186405181884766 -0.0254135131835938 -0.0476036071777344 -0.0267066955566406
-0.00642776489257813 -0.0291118621826172 -0.0465087890625 -0.0243797302246094
0.00582313537597656 -0.0287628173828125 -0.0471839904785156 -0.0158805847167969
0.0103187561035156 -0.0240421295166016 -0.0541725158691406 -0.019744873046875
0.0189628601074219 -0.0170421600341797 -0.0563316345214844 -0.0236091613769531
0.0214881896972656 -0.0232143402099609 -0.0737152099609375 0.00198364257812498
0.0358390808105469 -0.0221748352050781 -0.0887298583984375 0.0180892944335937
0.0746383666992188 -0.0136871337890625 -0.0697708129882813 -0.0258560180664063
0.0475234985351563 -0.0108718872070312 -0.0192642211914062 0.00751686096191406
0.0461349487304688 -0.0243644714355469 0.032470703125 -0.00982666015625
0.0294303894042969 -0.0328464508056641 0.0324287414550781 -0.0387039184570313
0.0183944702148437 -0.0435066223144531 0.0190658569335938 -0.054290771484375
-0.00854110717773437 -0.0447273254394531 -0.0141067504882812 -0.0612030029296875
-0.0300216674804687 -0.0394706726074219 -0.0361442565917969 -0.0435829162597656
-0.0261344909667969 -0.0429801940917969 -0.0326213836669922 -0.0247688293457031
-0.03302001953125 -0.0434913635253906 -0.0376548767089844 -0.01458740234375
-0.0145721435546875 -0.04864501953125 -0.0410575866699219 -0.00820159912109375
0.00633621215820313 -0.0547103881835938 -0.0451164245605469 -0.00231170654296875
0.02215576171875 -0.0508232116699219 -0.0581779479980469 -0.0126075744628906
0.0512428283691406 -0.0336151123046875 -0.0584526062011719 -0.0245590209960938
0.0562629699707031 -0.0302162170410156 -0.0656700134277344 -0.00474166870117187
0.0739669799804688 -0.020599365234375 -0.0687904357910156 0.014617919921875
0.1019287109375 -0.01202392578125 -0.0424537658691406 -0.0294532775878906
0.0747528076171875 -0.016143798828125 -0.00107169151306152 0.00336050987243652
0.07147216796875 -0.043914794921875 0.0423240661621094 -0.00872421264648438
0.0395698547363281 -0.0565261840820312 0.0385093688964844 -0.0330886840820313
0.0201797485351563 -0.0650634765625 0.0242347717285156 -0.0438461303710938
-0.0160293579101563 -0.0606040954589844 -0.00593948364257812 -0.0454559326171875
-0.0396957397460937 -0.0514144897460938 -0.0210609436035156 -0.0272254943847656
-0.0343513488769531 -0.0550384521484375 -0.0157508850097656 -0.00946140289306641
-0.0425376892089844 -0.0543670654296875 -0.0219402313232422 0.00181961059570312
-0.0205612182617187 -0.06085205078125 -0.0303325653076172 0.0126724243164063
0.00505828857421874 -0.0717010498046875 -0.0396461486816406 0.0149612426757813
0.0283546447753906 -0.0696487426757813 -0.0571556091308594 -0.00125503540039063
0.07305908203125 -0.0461196899414063 -0.05584716796875 -0.0213775634765625
0.081512451171875 -0.0336380004882813 -0.0508193969726562 -0.0124588012695313
0.100692749023438 -0.015777587890625 -0.0389366149902344 0.0131645202636719
0.11309814453125 -0.0078125 -0.00742340087890624 -0.0325565338134766
0.0910720825195312 -0.01580810546875 0.0209827423095703 -0.00223350524902344
0.0880050659179688 -0.0535202026367188 0.0510711669921875 -0.00585556030273438
0.0462265014648438 -0.0703811645507813 0.0441474914550781 -0.022613525390625
0.0207748413085938 -0.076995849609375 0.0309352874755859 -0.0277633666992188
-0.019775390625 -0.0682029724121094 0.00522422790527344 -0.0246486663818359
-0.0431327819824219 -0.0550727844238281 -0.00166463851928711 -0.00843143463134766
-0.0371246337890625 -0.0582237243652344 0.00380754470825195 0.00711822509765625
-0.0451545715332031 -0.0569648742675781 -0.00395584106445313 0.0201892852783203
-0.0230369567871094 -0.062347412109375 -0.0171394348144531 0.0337028503417969
0.00273132324218751 -0.0760269165039063 -0.0309944152832031 0.03192138671875
0.029205322265625 -0.0765762329101563 -0.0516738891601563 0.0105247497558594
0.0827789306640625 -0.05059814453125 -0.0490264892578125 -0.0160903930664063
0.09326171875 -0.0315399169921875 -0.0312576293945313 -0.0172805786132813
0.111518859863281 -0.00844573974609375 -0.00277519226074218 0.0129232406616211
0.106735229492187 -0.00191497802734375 0.0287914276123047 -0.0340957641601563
0.0914306640625 -0.0108718872070313 0.0426559448242188 -0.00762939453125
0.0904769897460937 -0.05010986328125 0.05499267578125 -0.00151443481445313
0.0469551086425781 -0.0697479248046875 0.04766845703125 -0.00887680053710938
0.0195388793945313 -0.0734786987304687 0.0351676940917969 -0.00836181640625001
-0.0193862915039062 -0.0635147094726562 0.0183048248291016 -0.00268173217773438
-0.0400886535644531 -0.0496673583984375 0.0185222625732422 0.00991630554199218
-0.0351905822753906 -0.0521697998046875 0.0222873687744141 0.0221824645996094
-0.0414009094238281 -0.0503005981445313 0.0144119262695313 0.0370979309082031
-0.021942138671875 -0.0539817810058594 -0.00462341308593751 0.0520248413085938
0.000698089599609371 -0.0681838989257813 -0.02215576171875 0.0453910827636719
0.025054931640625 -0.0703353881835938 -0.0427513122558594 0.020172119140625
0.0783920288085937 -0.0465316772460937 -0.0383110046386719 -0.01031494140625
0.08953857421875 -0.0244903564453125 -0.00882339477539062 -0.0192394256591797
0.104530334472656 -0.0012664794921875 0.0331363677978516 0.0155181884765625
0.0823440551757813 0.004302978515625 0.0604400634765625 -0.0344123840332031
0.07623291015625 -0.0021820068359375 0.0610618591308594 -0.0119705200195312
0.076904296875 -0.037567138671875 0.0552558898925781 0.0026092529296875
0.0385093688964844 -0.0554275512695313 0.0481109619140625 0.004364013671875
0.0144233703613281 -0.0565299987792969 0.0377349853515625 0.00890731811523437
-0.0162239074707031 -0.0476837158203125 0.0298938751220703 0.0154972076416016
-0.0302848815917969 -0.0360183715820313 0.0360183715820313 0.0234603881835937
-0.0280189514160156 -0.0378952026367188 0.0371017456054688 0.0333595275878906
-0.0320243835449219 -0.0371742248535156 0.02801513671875 0.0501785278320313
-0.018463134765625 -0.0390090942382813 0.0052032470703125 0.0650100708007812
-0.00185012817382813 -0.0521774291992187 -0.0153274536132813 0.0536308288574219
0.0177688598632813 -0.0553245544433594 -0.0336074829101563 0.0269889831542969
0.0637779235839844 -0.03680419921875 -0.0272502899169922 -0.00360298156738282
0.072601318359375 -0.0142974853515625 0.00986671447753907 -0.0180225372314453
0.0820388793945313 0.005035400390625 0.0630302429199219 0.0200309753417969
0.0465850830078125 0.0103912353515625 0.0818328857421875 -0.0325546264648438
0.0496749877929688 0.00613021850585938 0.0724334716796875 -0.0135726928710938
0.0507659912109375 -0.0204963684082031 0.0528450012207031 0.00751495361328125
0.0227851867675781 -0.0333957672119141 0.0477523803710938 0.0142745971679688
0.00645637512207031 -0.0307598114013672 0.0387191772460938 0.0202827453613281
-0.00896453857421875 -0.0240116119384766 0.0391349792480469 0.0266342163085938
-0.0161056518554688 -0.0172710418701172 0.0478973388671875 0.0308418273925781
-0.0161037445068359 -0.0189704895019531 0.0460166931152344 0.0387153625488281
-0.0192966461181641 -0.0188198089599609 0.0374336242675781 0.0578041076660156
-0.0142822265625 -0.0200576782226563 0.0118408203125 0.0719451904296875
-0.00537300109863281 -0.0313625335693359 -0.0111236572265625 0.0578117370605469
0.0073089599609375 -0.0367774963378906 -0.0268325805664063 0.0317420959472656
0.0418281555175781 -0.0245742797851562 -0.0188007354736328 0.00296211242675781
0.0471954345703125 -0.00382614135742188 0.0230369567871094 -0.0137615203857422
0.0486831665039063 0.00980758666992188 0.0826950073242187 0.0252532958984375
-0.00401115417480469 -0.0117740631103516 -0.0950851440429687 -0.0163497924804688
-0.0173263549804688 0.00565910339355469 -0.0341224670410156 0.0148830413818359
-0.0105924606323242 0.0173568725585937 0.0208835601806641 -0.00660324096679688
0.00351905822753906 0.0181369781494141 0.0295257568359375 -0.0387458801269531
0.0101051330566406 0.00727272033691406 0.0165901184082031 -0.0627288818359375
0.00849533081054687 -0.000802516937255859 -0.0181045532226562 -0.0780792236328125
0.000159502029418945 -0.00420951843261719 -0.0522384643554688 -0.0617446899414062
-0.000283002853393554 -0.00439286231994629 -0.0534172058105469 -0.0418701171875
-0.00226807594299316 -0.00387001037597656 -0.0546035766601563 -0.0323524475097656
0.00115966796875 -0.00461673736572266 -0.0507125854492188 -0.0328407287597656
0.00231289863586426 0.000740766525268555 -0.048858642578125 -0.022613525390625
-0.00641298294067383 0.00567150115966797 -0.0522308349609375 -0.0206642150878906
-0.0188503265380859 -0.0011444091796875 -0.0572624206542969 -0.01971435546875
-0.0176200866699219 -0.0150032043457031 -0.07891845703125 0.0100936889648437
-0.00921440124511719 -0.0227642059326172 -0.099029541015625 0.0258636474609375
0.0391159057617188 -0.0147323608398438 -0.0909576416015625 -0.0200119018554687
0.0157270431518555 -0.00356864929199219 -0.0307178497314453 0.0124645233154297
0.0182971954345703 -0.00352096557617188 0.0250129699707031 -0.0101604461669922
0.0170774459838867 -0.00665664672851562 0.0287513732910156 -0.0413627624511719
0.0148468017578125 -0.0190868377685547 0.0163726806640625 -0.0619621276855469
-0.000408172607421875 -0.0240764617919922 -0.0188674926757813 -0.0738525390625
-0.0166797637939453 -0.0234489440917969 -0.0493888854980469 -0.0557746887207031
-0.0156230926513672 -0.0261039733886719 -0.0474319458007812 -0.0361289978027344
-0.0199851989746094 -0.0256786346435547 -0.0514945983886719 -0.0263481140136719
-0.00753402709960938 -0.0301456451416016 -0.0499076843261719 -0.0245742797851563
0.00524520874023437 -0.0305995941162109 -0.0494499206542969 -0.0162544250488281
0.0100021362304688 -0.0252265930175781 -0.0573463439941406 -0.0191764831542969
0.0191745758056641 -0.0189208984375 -0.0591697692871094 -0.0238113403320312
0.0218734741210938 -0.0248889923095703 -0.0768890380859375 0.00406646728515625
0.0370216369628906 -0.0247116088867187 -0.092864990234375 0.02191162109375
0.0779342651367188 -0.0169906616210937 -0.0733718872070313 -0.02435302734375
0.0496139526367188 -0.0123100280761719 -0.0190029144287109 0.00937271118164062
0.047882080078125 -0.0275344848632812 0.0341758728027344 -0.0112552642822266
0.0295581817626953 -0.0345497131347656 0.0331153869628906 -0.0407485961914063
0.0178031921386719 -0.0458831787109375 0.0189437866210938 -0.0571975708007813
-0.00950622558593749 -0.04583740234375 -0.015838623046875 -0.0630340576171875
-0.0315704345703125 -0.0401611328125 -0.0389823913574219 -0.0444412231445313
-0.0285415649414063 -0.0441093444824219 -0.0341835021972656 -0.0248928070068359
-0.0354652404785156 -0.04400634765625 -0.0399589538574219 -0.0140342712402344
-0.01629638671875 -0.0506439208984375 -0.0433349609375 -0.00804138183593751
0.00535202026367187 -0.0574722290039063 -0.0473480224609375 -0.00224685668945313
0.0216789245605469 -0.0536575317382813 -0.0609016418457031 -0.0120925903320313
0.0519180297851562 -0.0367164611816406 -0.0608406066894531 -0.0237312316894531
0.05804443359375 -0.0328178405761719 -0.0684471130371094 -0.0035858154296875
0.07733154296875 -0.0235595703125 -0.0723419189453125 0.017333984375
0.106552124023438 -0.0158538818359375 -0.0450935363769531 -0.0287857055664062
0.0779800415039063 -0.0189208984375 -0.000627040863037104 0.00483560562133789
0.0732574462890625 -0.0486602783203125 0.0447578430175781 -0.01043701171875
0.039215087890625 -0.0599861145019531 0.039642333984375 -0.0352783203125
0.0189704895019531 -0.0690345764160156 0.0245628356933594 -0.0465011596679688
-0.0175971984863281 -0.0626449584960938 -0.00723648071289063 -0.0463027954101563
-0.0427589416503906 -0.0518455505371094 -0.0228195190429688 -0.0279197692871094
-0.0378913879394531 -0.0561676025390625 -0.0161895751953125 -0.00984764099121094
-0.0460433959960938 -0.0550537109375 -0.0231437683105469 0.00250244140624999
-0.0229606628417969 -0.0624351501464844 -0.0314464569091797 0.0132961273193359
0.00333404541015626 -0.0744857788085938 -0.0409393310546875 0.0155181884765625
0.0274658203125 -0.0741195678710938 -0.0601577758789063 -0.000129699707031242
0.0753707885742188 -0.0502548217773438 -0.0589447021484375 -0.0205726623535156
0.0840072631835938 -0.036865234375 -0.0535736083984375 -0.01104736328125
0.105598449707031 -0.0195465087890625 -0.0405540466308594 0.0145797729492187
0.118522644042969 -0.0116806030273438 -0.00808715820312499 -0.0330181121826172
0.0947189331054688 -0.0192031860351563 0.0219135284423828 -0.00162887573242188
0.09014892578125 -0.0588836669921875 0.0531158447265625 -0.00792694091796875
0.04644775390625 -0.0746688842773438 0.0460281372070313 -0.0245437622070313
0.0189895629882812 -0.0812530517578125 0.0318508148193359 -0.0293388366699219
-0.0222129821777344 -0.0702781677246094 0.00579833984375 -0.0255222320556641
-0.0465507507324219 -0.0553741455078125 -0.00196933746337891 -0.00899410247802735
-0.0411796569824219 -0.0593910217285156 0.00421333312988281 0.00661897659301757
-0.0486793518066406 -0.0575637817382813 -0.00347709655761719 0.0212593078613281
-0.0253105163574219 -0.0641098022460938 -0.0168914794921875 0.0351486206054687
0.000839233398437492 -0.0791473388671875 -0.0317478179931641 0.0331840515136719
0.02801513671875 -0.0806732177734375 -0.053985595703125 0.01165771484375
0.0851287841796875 -0.05560302734375 -0.0517578125 -0.0159225463867188
0.0964126586914063 -0.0346908569335938 -0.0332126617431641 -0.0172309875488281
0.117202758789063 -0.0123291015625 -0.00280475616455077 0.013946533203125
0.111541748046875 -0.00518798828125 0.0297927856445313 -0.0352592468261719
0.0958175659179688 -0.0132827758789063 0.0445671081542969 -0.00821685791015625
0.0934829711914062 -0.05609130859375 0.0574760437011719 -0.00357818603515625
0.046905517578125 -0.0736160278320313 0.0496063232421875 -0.0100212097167969
0.0180130004882813 -0.07763671875 0.0369644165039063 -0.00947952270507813
-0.022369384765625 -0.06536865234375 0.0194931030273438 -0.00247383117675782
-0.0426368713378906 -0.0500106811523438 0.0199241638183594 0.00942039489746093
-0.0384254455566406 -0.0533676147460938 0.0241565704345703 0.0220184326171875
-0.0450515747070313 -0.0512046813964844 0.0155715942382812 0.0386581420898438
-0.0244941711425781 -0.0556869506835937 -0.00296020507812501 0.0541572570800781
-0.0012969970703125 -0.0710678100585938 -0.022430419921875 0.0472755432128906
0.0242843627929688 -0.073822021484375 -0.0447769165039063 0.021881103515625
0.0810699462890625 -0.0508499145507812 -0.0402336120605469 -0.00968933105468751
0.0922164916992188 -0.027252197265625 -0.0102691650390625 -0.0203323364257813
0.109916687011719 -0.00435638427734375 0.0349216461181641 0.0152149200439453
0.0864715576171875 0.0023193359375 0.062652587890625 -0.0370559692382813
0.0797119140625 -0.0043792724609375 0.0634651184082031 -0.0136070251464844
0.079620361328125 -0.041351318359375 0.0571441650390625 0.000629425048828123
0.039215087890625 -0.0587120056152344 0.0501136779785156 0.00335693359375
0.013763427734375 -0.0595817565917969 0.039276123046875 0.0088348388671875
-0.0175018310546875 -0.0490913391113281 0.0323944091796875 0.0165042877197266
-0.0321006774902344 -0.0362358093261719 0.0387001037597656 0.0229606628417969
-0.0300750732421875 -0.0389900207519531 0.0395774841308594 0.0329971313476562
-0.0348243713378906 -0.0376358032226562 0.0308990478515625 0.0512886047363281
-0.0201683044433594 -0.039794921875 0.00733184814453125 0.0672721862792969
-0.003692626953125 -0.0535354614257813 -0.0151100158691406 0.0554351806640625
0.0172309875488281 -0.0580253601074219 -0.0350265502929688 0.0287380218505859
0.0656356811523438 -0.0398368835449219 -0.0283565521240234 -0.00329399108886719
0.0753631591796875 -0.0161209106445313 0.00962638854980469 -0.0190620422363281
0.0862808227539063 0.00302886962890625 0.0657196044921875 0.0190162658691406
0.0487022399902344 0.0095062255859375 0.0843353271484375 -0.035308837890625
0.0521316528320313 0.00518035888671875 0.07476806640625 -0.0158538818359375
0.0521659851074219 -0.0228729248046875 0.0550422668457031 0.00585556030273437
0.0227108001708984 -0.0350837707519531 0.0502471923828125 0.0137062072753906
0.00590896606445313 -0.0320034027099609 0.0410232543945313 0.0206146240234375
-0.0101413726806641 -0.0246181488037109 0.0416717529296875 0.0274391174316406
-0.0167655944824219 -0.0171375274658203 0.0510673522949219 0.0305213928222656
-0.0175304412841797 -0.0195598602294922 0.0490646362304687 0.0385475158691406
-0.0206508636474609 -0.0192279815673828 0.04107666015625 0.0588150024414063
-0.0148048400878906 -0.0204334259033203 0.014404296875 0.0743637084960938
-0.00648117065429688 -0.0325965881347656 -0.0108757019042969 0.0601882934570313
0.00676345825195312 -0.0383720397949219 -0.027557373046875 0.0337619781494141
0.0430335998535156 -0.0268402099609375 -0.0198268890380859 0.00303077697753906
0.0494194030761719 -0.00511550903320312 0.0231666564941406 -0.0150222778320313
0.0510711669921875 0.00933837890625 0.0867767333984375 0.02392578125
-0.00499916076660156 -0.0121526718139648 -0.0984649658203125 -0.0118179321289062
-0.0176239013671875 0.00644874572753906 -0.0336284637451172 0.0174465179443359
-0.0100498199462891 0.0182933807373047 0.0216178894042969 -0.00730133056640625
0.00474739074707031 0.0187435150146484 0.0289878845214844 -0.0411109924316406
0.0108070373535156 0.00697517395019531 0.0146217346191406 -0.0655097961425781
0.0084691047668457 -0.00159263610839844 -0.0220947265625 -0.0797805786132813
0.000127315521240234 -0.00447750091552734 -0.0573539733886719 -0.0606651306152344
-0.000933170318603516 -0.00439262390136719 -0.0571327209472656 -0.0398712158203125
-0.00224637985229492 -0.00378704071044922 -0.0592803955078125 -0.0303726196289062
0.00057363510131836 -0.00482034683227539 -0.0547752380371094 -0.0320243835449219
0.00250124931335449 0.000159978866577148 -0.0519218444824219 -0.021270751953125
-0.00649166107177734 0.00612545013427734 -0.0550880432128906 -0.0190010070800781
-0.0194492340087891 -0.000347137451171873 -0.0594940185546875 -0.0182685852050781
-0.0190143585205078 -0.015106201171875 -0.081024169921875 0.0146102905273438
-0.0105056762695313 -0.0234317779541016 -0.101951599121094 0.0319595336914063
0.0399551391601563 -0.0176887512207031 -0.09423828125 -0.01568603515625
0.0166711807250977 -0.00457859039306641 -0.0299758911132813 0.0149555206298828
0.0183048248291016 -0.00484848022460937 0.0258407592773438 -0.0113506317138672
0.0175142288208008 -0.00754451751708984 0.0283355712890625 -0.0438499450683594
0.01434326171875 -0.0204887390136719 0.0143890380859375 -0.0646858215332031
-0.00150871276855469 -0.0246486663818359 -0.0230178833007813 -0.0751190185546875
-0.0181903839111328 -0.0232295989990234 -0.0536003112792969 -0.0549888610839844
-0.0179328918457031 -0.0263671875 -0.0506820678710938 -0.03460693359375
-0.0222263336181641 -0.0253944396972656 -0.0549392700195313 -0.0242652893066406
-0.00949478149414063 -0.0309219360351563 -0.0530242919921875 -0.0231704711914063
0.00409126281738281 -0.0319805145263672 -0.0521697998046875 -0.0152091979980469
0.00912666320800781 -0.0264263153076172 -0.0599212646484375 -0.0175209045410156
0.0190391540527344 -0.0202693939208984 -0.0618705749511719 -0.02154541015625
0.0215358734130859 -0.0265483856201172 -0.0788650512695313 0.00832366943359373
0.0373611450195313 -0.0278549194335937 -0.0950241088867188 0.0276565551757813
0.080108642578125 -0.0212249755859375 -0.076416015625 -0.02044677734375
0.0509796142578125 -0.0150489807128906 -0.0182476043701172 0.0119876861572266
0.0477981567382813 -0.0313911437988281 0.0348052978515625 -0.0130748748779297
0.0284614562988281 -0.0368118286132812 0.0326042175292969 -0.0435523986816406
0.0153350830078125 -0.04840087890625 0.0170440673828125 -0.059600830078125
-0.0118064880371094 -0.0467643737792969 -0.0191268920898438 -0.0639419555664063
-0.0347099304199219 -0.0395584106445313 -0.0423812866210937 -0.0433807373046875
-0.0323829650878906 -0.0442886352539063 -0.0369453430175781 -0.0238494873046875
-0.0391693115234375 -0.0428123474121094 -0.0427970886230469 -0.0118827819824219
-0.0194320678710937 -0.0517997741699219 -0.045745849609375 -0.00669479370117188
0.00264358520507812 -0.059814453125 -0.0492744445800781 -0.000278472900390621
0.0197868347167969 -0.0565528869628906 -0.0634994506835937 -0.00985717773437501
0.0524330139160156 -0.0404891967773437 -0.0634498596191406 -0.0221061706542969
0.0582427978515625 -0.0366668701171875 -0.0707626342773438 0.000114440917968755
0.0791397094726563 -0.0287933349609375 -0.074249267578125 0.0220718383789063
0.109611511230469 -0.0219955444335938 -0.0469398498535156 -0.0269050598144531
0.0802230834960937 -0.023590087890625 0.000459194183349615 0.00662994384765625
0.07318115234375 -0.0547714233398437 0.0455856323242188 -0.0133552551269531
0.03778076171875 -0.0638542175292969 0.0393142700195313 -0.0382308959960938
0.0150146484375 -0.0724334716796875 0.0234794616699219 -0.0488777160644531
-0.0212593078613281 -0.0634803771972656 -0.00953292846679688 -0.047271728515625
-0.0461769104003906 -0.0511360168457031 -0.0241813659667969 -0.0274677276611328
-0.0424766540527344 -0.05615234375 -0.0174245834350586 -0.00970077514648438
-0.0506629943847656 -0.0537986755371094 -0.0244178771972656 0.00421524047851563
-0.0264854431152344 -0.063934326171875 -0.0321235656738281 0.0147457122802734
-0.000633239746093753 -0.0775070190429687 -0.0418319702148438 0.0176429748535156
0.0242996215820313 -0.077850341796875 -0.0624465942382812 0.00273132324218748
0.0755767822265625 -0.0562667846679688 -0.0614013671875 -0.0189170837402344
0.0847549438476563 -0.0418853759765625 -0.0554771423339844 -0.00864410400390624
0.10888671875 -0.0259017944335937 -0.0416908264160156 0.0175743103027344
0.122367858886719 -0.018524169921875 -0.00955009460449218 -0.0328884124755859
0.097747802734375 -0.0247650146484375 0.0231266021728516 -0.00144004821777344
0.090240478515625 -0.06658935546875 0.0541152954101563 -0.0106925964355469
0.0440521240234375 -0.0794677734375 0.0467453002929688 -0.0269317626953125
0.0151214599609375 -0.0849227905273437 0.0320091247558594 -0.0316143035888672
-0.0264511108398437 -0.07122802734375 0.00511550903320313 -0.0258884429931641
-0.0504264831542969 -0.0548477172851563 -0.00170612335205078 -0.00926971435546875
-0.04608154296875 -0.0592002868652344 0.00484275817871093 0.00592613220214843
-0.0533561706542969 -0.0565223693847656 -0.00231933593750001 0.0224647521972656
-0.0295181274414063 -0.0652923583984375 -0.0163116455078125 0.0368156433105469
-0.003082275390625 -0.0817642211914063 -0.0317707061767578 0.0349407196044922
0.0245513916015625 -0.0848312377929688 -0.0554237365722656 0.0145683288574219
0.0856857299804688 -0.0620498657226562 -0.0534439086914062 -0.0141105651855469
0.0976333618164063 -0.0406646728515625 -0.0350799560546875 -0.0160388946533203
0.121589660644531 -0.0189590454101563 -0.00241756439208984 0.0146770477294922
0.115371704101562 -0.0111846923828125 0.029815673828125 -0.0372428894042969
0.0985260009765625 -0.0184860229492188 0.0457649230957031 -0.00961685180664063
0.09307861328125 -0.0628585815429688 0.058837890625 -0.00725936889648438
0.0448074340820313 -0.0782089233398438 0.0506782531738281 -0.0127716064453125
0.0141677856445312 -0.0807571411132813 0.0384674072265625 -0.0109329223632813
-0.0258140563964844 -0.0663375854492188 0.0210933685302734 -0.00267410278320313
-0.0460891723632813 -0.0492019653320313 0.0217666625976563 0.00845718383789062
-0.0425224304199219 -0.0527839660644531 0.0259342193603516 0.0203399658203125
-0.0489768981933594 -0.0502586364746094 0.0185623168945312 0.0387229919433594
-0.0270309448242188 -0.0565605163574219 -0.000614166259765626 0.0556907653808594
-0.00439453125 -0.0724716186523438 -0.021575927734375 0.0488128662109375
0.0212173461914063 -0.0777435302734375 -0.0452728271484375 0.0245628356933594
0.0815658569335938 -0.0566558837890625 -0.0418663024902344 -0.00830078124999999
0.0943374633789062 -0.0321731567382812 -0.0116291046142578 -0.0205707550048828
0.114212036132813 -0.0102386474609375 0.0363922119140625 0.0141792297363281
0.08978271484375 -0.001922607421875 0.0635108947753906 -0.0404777526855469
0.08270263671875 -0.00792694091796875 0.0648155212402344 -0.0162925720214844
0.0801544189453125 -0.046966552734375 0.0583381652832031 -0.00252532958984375
0.0370864868164062 -0.0623893737792969 0.0514602661132813 0.00124359130859375
0.0104942321777344 -0.0624160766601563 0.0416450500488281 0.0074005126953125
-0.0201530456542969 -0.0496139526367188 0.0349559783935547 0.0158348083496094
-0.0345535278320313 -0.0355148315429688 0.0415878295898438 0.0214157104492187
-0.0332489013671875 -0.0381698608398438 0.0424995422363281 0.031036376953125
-0.0380020141601563 -0.0368919372558594 0.0352516174316406 0.0513687133789062
-0.0223731994628906 -0.040374755859375 0.0112838745117187 0.0690689086914063
-0.00614929199218749 -0.0548248291015625 -0.0135536193847656 0.0576133728027344
0.0144119262695312 -0.0608901977539062 -0.0351524353027344 0.0314674377441406
0.0663948059082031 -0.0444412231445313 -0.0293636322021484 -0.00263786315917968
0.0773696899414063 -0.0201797485351563 0.00854110717773438 -0.0206699371337891
0.0895919799804688 -0.00127410888671875 0.0687522888183594 0.015899658203125
0.0507965087890625 0.00762557983398437 0.0861129760742188 -0.0408782958984375
0.0534934997558594 0.00319671630859375 0.0763626098632813 -0.01934814453125
0.052734375 -0.0263023376464844 0.0566291809082031 0.00340652465820312
0.0217132568359375 -0.0370597839355469 0.0523147583007813 0.0121269226074219
0.00425529479980469 -0.0332584381103516 0.043701171875 0.0195045471191406
-0.0114631652832031 -0.0246944427490234 0.0450019836425781 0.0268936157226563
-0.0178508758544922 -0.0164680480957031 0.0543174743652344 0.0290679931640625
-0.0191326141357422 -0.0189113616943359 0.052703857421875 0.0365829467773438
-0.0221500396728516 -0.0190200805664063 0.0459022521972656 0.058380126953125
-0.0159969329833984 -0.0202617645263672 0.0185394287109375 0.0760955810546875
-0.00834274291992188 -0.0331821441650391 -0.0088653564453125 0.0620231628417969
0.00522613525390625 -0.0400428771972656 -0.0267219543457031 0.0360145568847656
0.043914794921875 -0.0295906066894531 -0.0202465057373047 0.00397872924804687
0.0508270263671875 -0.00702667236328125 0.0228137969970703 -0.0171031951904297
0.0532798767089844 0.00715255737304688 0.0899276733398438 0.0196533203125
-0.00591564178466797 -0.0119838714599609 -0.0990753173828125 -0.00676727294921876
-0.0172557830810547 0.00714874267578125 -0.032196044921875 0.019378662109375
-0.00915145874023437 0.0190658569335938 0.0213966369628906 -0.00798225402832031
0.00562477111816406 0.0184440612792969 0.0272750854492187 -0.0422248840332031
0.0108661651611328 0.00688648223876953 0.0114212036132813 -0.0664634704589844
0.00872087478637695 -0.00176906585693359 -0.0260467529296875 -0.0793914794921875
-8.05854797363279E-05 -0.00492095947265625 -0.0605506896972656 -0.0575065612792969
-0.0015110969543457 -0.00413918495178223 -0.0595321655273438 -0.0368232727050781
-0.00288319587707519 -0.00344967842102051 -0.0613288879394531 -0.0266036987304687
0.000247955322265625 -0.00538873672485352 -0.0574455261230469 -0.029083251953125
0.00240302085876465 -0.000210046768188477 -0.0532798767089844 -0.019317626953125
-0.00588369369506836 0.00671100616455078 -0.0561637878417969 -0.0164642333984375
-0.0192985534667969 0.000699996948242184 -0.0605583190917969 -0.0155372619628906
-0.0197124481201172 -0.0144119262695313 -0.0808181762695313 0.018707275390625
-0.011749267578125 -0.0231895446777344 -0.101333618164062 0.03814697265625
0.0385284423828125 -0.020477294921875 -0.0944290161132813 -0.010101318359375
0.0168981552124023 -0.00572776794433594 -0.0286483764648438 0.0173149108886719
0.0185337066650391 -0.00638008117675781 0.0256538391113281 -0.0130157470703125
0.0168037414550781 -0.00853633880615234 0.0268211364746094 -0.0448989868164063
0.0128860473632813 -0.0208091735839844 0.0113677978515625 -0.0654754638671875
-0.00247573852539063 -0.0246677398681641 -0.0270156860351563 -0.0742416381835937
-0.0195388793945313 -0.0225868225097656 -0.0563430786132813 -0.0518722534179687
-0.0197219848632813 -0.0253486633300781 -0.0528945922851562 -0.0311660766601563
-0.0238056182861328 -0.0239448547363281 -0.0569992065429688 -0.0209617614746094
-0.0112819671630859 -0.0307807922363281 -0.0553627014160156 -0.020782470703125
0.00215339660644531 -0.0327091217041016 -0.0535812377929688 -0.012847900390625
0.00720596313476563 -0.0272502899169922 -0.0611152648925781 -0.0150871276855469
0.0182323455810547 -0.0213279724121094 -0.0628318786621094 -0.0191802978515625
0.0200996398925781 -0.0277900695800781 -0.0784683227539063 0.0126724243164062
0.0366325378417969 -0.0301895141601562 -0.094451904296875 0.0334243774414063
0.0796279907226563 -0.0263671875 -0.0770492553710938 -0.0160140991210938
0.0508689880371094 -0.0182342529296875 -0.0169334411621094 0.013946533203125
0.046112060546875 -0.0345268249511719 0.0344905853271484 -0.0152740478515625
0.0264930725097656 -0.038665771484375 0.03131103515625 -0.0446815490722656
0.0123367309570312 -0.0494461059570312 0.0148811340332031 -0.06060791015625
-0.0144081115722656 -0.0461387634277344 -0.0218658447265625 -0.0635833740234375
-0.0367851257324219 -0.0377082824707031 -0.0446929931640625 -0.0411796569824219
-0.0355491638183594 -0.0426445007324219 -0.0384559631347656 -0.0215721130371094
-0.0418243408203125 -0.0407485961914063 -0.0437393188476562 -0.00928878784179689
-0.0220222473144531 -0.0510520935058594 -0.0464630126953125 -0.00432205200195312
-0.000656127929687507 -0.060028076171875 -0.050048828125 0.00133132934570313
0.0165290832519531 -0.0579299926757812 -0.0644493103027344 -0.00659179687500001
0.0508460998535156 -0.044036865234375 -0.0640792846679687 -0.0193710327148438
0.0565261840820313 -0.0392036437988281 -0.0704879760742188 0.00410461425781248
0.0788650512695313 -0.0337600708007813 -0.0735549926757813 0.0268020629882813
0.109580993652344 -0.0287628173828125 -0.0478553771972656 -0.0233955383300781
0.0802078247070313 -0.02801513671875 0.00162935256958008 0.00779008865356445
0.0702590942382813 -0.0595283508300781 0.0445365905761719 -0.0156974792480469
0.0344886779785156 -0.06597900390625 0.0383529663085938 -0.0399398803710938
0.0108184814453125 -0.073455810546875 0.0219841003417969 -0.0504989624023438
-0.0250396728515625 -0.0627212524414063 -0.0110244750976563 -0.0463485717773438
-0.0490570068359375 -0.0485763549804688 -0.0257358551025391 -0.0261974334716797
-0.0464591979980469 -0.0538864135742188 -0.0177249908447266 -0.00898551940917969
-0.0538406372070312 -0.0508384704589844 -0.0241279602050781 0.00569725036621093
-0.0297088623046875 -0.0628242492675781 -0.0319538116455078 0.0162506103515625
-0.00479888916015624 -0.0777740478515625 -0.0418319702148438 0.0195083618164062
0.0200119018554688 -0.07965087890625 -0.0625 0.00532150268554688
0.0732650756835938 -0.0610504150390625 -0.0620994567871094 -0.0164451599121094
0.0827102661132813 -0.0465011596679688 -0.0560150146484375 -0.00555038452148438
0.108871459960938 -0.0323867797851563 -0.0410041809082031 0.0203285217285156
0.122314453125 -0.0253677368164063 -0.0102825164794922 -0.0317840576171875
0.0972671508789062 -0.0301284790039062 0.0234298706054688 -0.00126457214355469
0.0867538452148438 -0.0723342895507813 0.0533485412597656 -0.0141525268554688
0.0397567749023438 -0.0820159912109375 0.0457992553710937 -0.029449462890625
0.00970458984375001 -0.0861892700195313 0.0307712554931641 -0.0331649780273438
-0.0302886962890625 -0.069732666015625 0.00483322143554687 -0.0254802703857422
-0.0532150268554687 -0.0518455505371094 -0.00176239013671875 -0.00920772552490235
-0.049957275390625 -0.0568580627441406 0.00515508651733398 0.00512599945068359
-0.0571861267089844 -0.0532493591308594 -0.000816345214843754 0.0221786499023437
-0.0326271057128906 -0.0642471313476563 -0.0139694213867188 0.0372047424316406
-0.00739288330078125 -0.0818099975585938 -0.0303573608398438 0.0363311767578125
0.0199661254882812 -0.0864181518554688 -0.0555000305175781 0.016876220703125
0.0830764770507813 -0.0673904418945313 -0.0541114807128906 -0.011871337890625
0.09600830078125 -0.0455322265625 -0.0360488891601563 -0.0141868591308594
0.121406555175781 -0.0261154174804688 -0.00171375274658202 0.0149450302124023
0.115707397460938 -0.0176162719726563 0.0285758972167969 -0.0388641357421875
0.0984344482421875 -0.023651123046875 0.0460014343261719 -0.0109138488769531
0.0902328491210938 -0.068359375 0.0579414367675781 -0.0102386474609375
0.0406417846679687 -0.0804901123046875 0.0504188537597656 -0.0153045654296875
0.00955963134765626 -0.0823593139648438 0.0383529663085937 -0.0128631591796875
-0.0292167663574219 -0.0651626586914063 0.0217723846435547 -0.00343894958496094
-0.0489425659179687 -0.0464515686035156 0.0227127075195312 0.00748443603515625
-0.0460319519042969 -0.0507049560546875 0.0268630981445312 0.0184402465820312
-0.052154541015625 -0.0470428466796875 0.0208702087402344 0.0374412536621094
-0.0299530029296875 -0.0552635192871094 0.00265121459960937 0.0554733276367187
-0.00865173339843749 -0.0726089477539063 -0.0194587707519531 0.0495414733886719
0.0175018310546875 -0.0788421630859375 -0.044677734375 0.026702880859375
0.0789871215820313 -0.0617523193359375 -0.0422096252441406 -0.00674057006835939
0.0930938720703125 -0.0369338989257812 -0.0131568908691406 -0.02008056640625
0.114448547363281 -0.0169525146484375 0.0373153686523438 0.0118026733398437
0.0901947021484375 -0.0066070556640625 0.0624771118164063 -0.0435371398925781
0.0827255249023438 -0.0117340087890625 0.0644340515136719 -0.0191001892089844
0.07769775390625 -0.051788330078125 0.057769775390625 -0.00569915771484375
0.0342330932617188 -0.064178466796875 0.0518760681152344 -0.00133895874023438
0.00723648071289062 -0.0629920959472656 0.0427513122558594 0.00582122802734375
-0.0226860046386719 -0.0488853454589844 0.0364112854003906 0.0147972106933594
-0.0362625122070313 -0.0338325500488281 0.0431175231933594 0.0191841125488281
-0.0356521606445312 -0.036773681640625 0.0444297790527344 0.0280609130859375
-0.0400962829589844 -0.0344696044921875 0.038604736328125 0.048614501953125
-0.0240974426269531 -0.0397567749023438 0.0151405334472656 0.068267822265625
-0.00909423828124999 -0.0543403625488281 -0.0111236572265625 0.0584182739257813
0.0113792419433594 -0.0617790222167969 -0.0340442657470703 0.0326557159423828
0.0650062561035156 -0.0484886169433594 -0.0296363830566406 -0.00136947631835938
0.0766754150390625 -0.023773193359375 0.00722885131835938 -0.0213546752929688
0.0905685424804688 -0.0058135986328125 0.0693130493164063 0.012237548828125
0.051361083984375 0.005035400390625 0.0849075317382813 -0.0452499389648438
0.0544281005859375 0.00081634521484375 0.0756454467773438 -0.0228958129882813
0.0513381958007813 -0.029388427734375 0.0556259155273438 0.000396728515624998
0.0191459655761719 -0.0380134582519531 0.0526084899902344 0.00954818725585937
0.00242996215820313 -0.0336017608642578 0.0449371337890625 0.0177116394042969
-0.0125846862792969 -0.0247592926025391 0.0471611022949219 0.0251312255859375
-0.0184383392333984 -0.0157260894775391 0.0566215515136719 0.0256576538085938
-0.0201511383056641 -0.0179481506347656 0.0546684265136719 0.0333404541015625
-0.0234031677246094 -0.017547607421875 0.0494308471679688 0.0554618835449219
-0.0169906616210938 -0.0195293426513672 0.0231170654296875 0.0752639770507813
-0.00997161865234375 -0.0318756103515625 -0.00632095336914063 0.0629119873046875
0.00327682495117188 -0.0403022766113281 -0.025634765625 0.037017822265625
0.0426521301269531 -0.0323944091796875 -0.0201015472412109 0.00453758239746094
0.0510597229003906 -0.00909805297851562 0.0212039947509766 -0.01898193359375
0.0541915893554688 0.0045623779296875 0.091156005859375 0.01495361328125
-0.00684833526611328 -0.011810302734375 -0.09783935546875 -0.00325775146484376
-0.0166769027709961 0.00723361968994141 -0.0306243896484375 0.0206260681152344
-0.00822639465332031 0.0187015533447266 0.0215091705322266 -0.00875473022460938
0.00605583190917969 0.0184726715087891 0.0258369445800781 -0.0426445007324219
0.0115213394165039 0.00622463226318359 0.00992584228515624 -0.0655555725097656
0.00819826126098633 -0.00243091583251953 -0.0286407470703125 -0.0777816772460938
-0.00117158889770508 -0.00469160079956055 -0.0624542236328125 -0.0541419982910156
-0.0020294189453125 -0.00460481643676758 -0.0599632263183594 -0.0340690612792969
-0.00325274467468262 -0.00324082374572754 -0.0620079040527344 -0.0238761901855469
-0.000149726867675781 -0.00564098358154297 -0.0584869384765625 -0.0273818969726563
0.00225329399108887 -0.000804662704467774 -0.0532989501953125 -0.0176124572753906
-0.00562095642089844 0.00664234161376953 -0.0561065673828125 -0.0148773193359375
-0.0192470550537109 0.00131988525390625 -0.0603065490722656 -0.0136260986328125
-0.0199127197265625 -0.0136165618896484 -0.0789108276367188 0.0211715698242188
-0.0120754241943359 -0.0230388641357422 -0.0996322631835938 0.0412216186523438
0.0377616882324219 -0.0217475891113281 -0.0936431884765625 -0.00676727294921874
0.016876220703125 -0.0062255859375 -0.0270156860351563 0.0187969207763672
0.0182876586914063 -0.007293701171875 0.0246028900146484 -0.0133724212646484
0.0165576934814453 -0.00882244110107422 0.025390625 -0.0450477600097656
0.0119762420654297 -0.0210151672363281 0.00969696044921875 -0.0649681091308594
-0.00352668762207031 -0.0242652893066406 -0.028533935546875 -0.072479248046875
-0.0203418731689453 -0.0216159820556641 -0.0578498840332031 -0.0490837097167969
-0.0208263397216797 -0.0244884490966797 -0.0538139343261719 -0.0292854309082031
-0.0245819091796875 -0.0227870941162109 -0.0576095581054687 -0.0181159973144531
-0.0118618011474609 -0.0303401947021484 -0.0564002990722656 -0.0187301635742187
0.0014190673828125 -0.0325450897216797 -0.0535316467285156 -0.0116424560546875
0.00649261474609375 -0.0272598266601563 -0.06121826171875 -0.01348876953125
0.0174942016601563 -0.0220623016357422 -0.0621795654296875 -0.0171432495117187
0.0194015502929688 -0.0281620025634766 -0.0771331787109375 0.0146713256835937
0.0352859497070313 -0.0313301086425781 -0.093109130859375 0.0365829467773438
0.0778350830078125 -0.0291290283203125 -0.0762100219726563 -0.0123748779296875
0.0503654479980469 -0.0201644897460938 -0.0153379440307617 0.0153846740722656
0.0444908142089844 -0.0363998413085938 0.0334701538085938 -0.0161228179931641
0.0249786376953125 -0.0389900207519531 0.0299758911132813 -0.0448074340820313
0.010284423828125 -0.049224853515625 0.0134391784667969 -0.0603103637695313
-0.0159988403320313 -0.0448989868164062 -0.0234642028808594 -0.0615577697753906
-0.0375099182128906 -0.0359420776367187 -0.0453872680664062 -0.0389900207519531
-0.0369758605957031 -0.0406150817871094 -0.0388031005859375 -0.0201568603515625
-0.0431251525878906 -0.0381698608398438 -0.0439567565917969 -0.0075836181640625
-0.0234336853027344 -0.0498237609863281 -0.0470619201660156 -0.00320053100585937
-0.00217437744140625 -0.0595893859863281 -0.0496673583984375 0.00221252441406251
0.0143928527832031 -0.0578079223632813 -0.0641517639160156 -0.00506973266601562
0.0489921569824219 -0.0452156066894531 -0.0637588500976563 -0.0176277160644531
0.054901123046875 -0.0402793884277344 -0.0696029663085938 0.00624847412109374
0.0770492553710938 -0.0367279052734375 -0.07244873046875 0.0293197631835937
0.107475280761719 -0.0327987670898438 -0.0472984313964844 -0.0208015441894531
0.0787277221679688 -0.030487060546875 0.00269889831542969 0.0088958740234375
0.0674362182617188 -0.0618934631347656 0.043365478515625 -0.01678466796875
0.0318069458007813 -0.0666732788085938 0.0374946594238281 -0.0399971008300781
0.00780487060546876 -0.0730438232421875 0.0207138061523438 -0.0500907897949219
-0.0264091491699219 -0.060638427734375 -0.0117454528808594 -0.0453224182128906
-0.0500907897949219 -0.0462265014648438 -0.0257740020751953 -0.0250072479248047
-0.0479202270507813 -0.0514907836914062 -0.0185127258300781 -0.00828170776367188
-0.0550689697265625 -0.0479469299316406 -0.0238742828369141 0.00655937194824218
-0.0315399169921875 -0.0615158081054688 -0.0314731597900391 0.0169315338134766
-0.00729370117187501 -0.0767135620117188 -0.0408706665039063 0.01959228515625
0.0166854858398438 -0.079498291015625 -0.0622673034667969 0.0071258544921875
0.0709609985351563 -0.0637664794921875 -0.061737060546875 -0.0147285461425781
0.0808334350585938 -0.0485305786132813 -0.0556869506835938 -0.00363540649414064
0.107315063476562 -0.0362930297851562 -0.0401840209960937 0.0215873718261719
0.121009826660156 -0.029998779296875 -0.0105781555175781 -0.0303115844726563
0.0959014892578125 -0.0324249267578125 0.0242214202880859 -0.00124359130859375
0.0833587646484375 -0.0752029418945312 0.0516014099121094 -0.0153923034667969
0.0363388061523438 -0.0822601318359375 0.0447616577148438 -0.0299873352050781
0.006256103515625 -0.0855484008789063 0.0302028656005859 -0.0335597991943359
-0.0322494506835938 -0.0677680969238281 0.00503158569335938 -0.0249462127685547
-0.0540237426757812 -0.0491600036621094 -0.00152111053466797 -0.00896644592285157
-0.0522346496582031 -0.0545234680175781 0.00509452819824218 0.00432300567626953
-0.0584640502929688 -0.0504188537597656 -0.000415802001953129 0.0219001770019531
-0.0342369079589844 -0.0622787475585938 -0.0134735107421875 0.0370292663574219
-0.00972747802734374 -0.0806503295898437 -0.0297126770019531 0.036224365234375
0.0166473388671875 -0.0862808227539062 -0.0546607971191406 0.0187835693359375
0.0805206298828125 -0.070159912109375 -0.0534439086914063 -0.0110321044921875
0.0935287475585938 -0.0476455688476562 -0.0360298156738281 -0.0132102966308594
0.120147705078125 -0.0303878784179687 -0.00159549713134765 0.0151424407958984
0.114151000976562 -0.02166748046875 0.0279960632324219 -0.0387649536132812
0.0971221923828125 -0.0260696411132813 0.0458564758300781 -0.0115432739257813
0.08709716796875 -0.07147216796875 0.0560340881347656 -0.0117874145507813
0.0375900268554687 -0.0805740356445313 0.049468994140625 -0.0159568786621094
0.00637054443359375 -0.0816192626953125 0.0378150939941406 -0.0137100219726563
-0.0306053161621094 -0.0634956359863281 0.0222454071044922 -0.00342369079589844
-0.0496482849121094 -0.0440292358398438 0.0229663848876953 0.00634956359863281
-0.0477180480957031 -0.0485916137695313 0.0271396636962891 0.0169582366943359
-0.0534095764160156 -0.0445632934570313 0.0223350524902344 0.0360488891601563
-0.0313529968261719 -0.0541572570800781 0.0042572021484375 0.0545616149902344
-0.0108566284179687 -0.0715408325195313 -0.0180473327636719 0.0493965148925781
0.0140914916992188 -0.0785064697265625 -0.0441131591796875 0.0272140502929687
0.07666015625 -0.06439208984375 -0.0415573120117187 -0.00635147094726562
0.0913009643554688 -0.0393295288085938 -0.0141029357910156 -0.0194377899169922
0.113685607910156 -0.02044677734375 0.0369377136230469 0.0103073120117187
0.0890350341796875 -0.00970458984375 0.0610313415527344 -0.0450820922851562
0.0818023681640625 -0.0139999389648437 0.0632057189941406 -0.0201988220214844
0.0751495361328125 -0.0541915893554688 0.0560340881347656 -0.00698089599609375
0.0313949584960938 -0.0643348693847656 0.0509681701660156 -0.00240707397460938
0.00496673583984374 -0.0624504089355469 0.0425148010253906 0.00490570068359375
-0.0233802795410156 -0.0478553771972656 0.03790283203125 0.0141372680664062
-0.0364761352539063 -0.0321884155273438 0.0439300537109375 0.0178871154785156
-0.0369338989257813 -0.0352210998535156 0.0446128845214844 0.0258941650390625
-0.0410575866699219 -0.0324821472167969 0.0398063659667969 0.0462722778320312
-0.0248069763183594 -0.03851318359375 0.0171241760253906 0.0667228698730469
-0.0107498168945313 -0.0533790588378906 -0.00983810424804687 0.0579414367675781
0.00934982299804688 -0.061553955078125 -0.0331687927246094 0.0329513549804687
0.0630836486816406 -0.0506782531738281 -0.029510498046875 -0.00118446350097657
0.0753326416015625 -0.0257568359375 0.00601768493652344 -0.0218753814697266
0.0902252197265625 -0.00875091552734375 0.0687370300292969 0.00948715209960938
0.0505409240722656 0.00355148315429687 0.0834426879882812 -0.0469589233398437
0.0537109375 -0.00049591064453125 0.0744247436523438 -0.024383544921875
0.0500450134277344 -0.0304222106933594 0.054595947265625 -0.000701904296875002
0.0181884765625 -0.0377349853515625 0.0520515441894531 0.0085601806640625
0.00152778625488282 -0.0327625274658203 0.0452651977539063 0.0167083740234375
-0.0126018524169922 -0.0236721038818359 0.0481147766113281 0.0241050720214844
-0.0183448791503906 -0.0147876739501953 0.0574989318847656 0.023193359375
-0.0207004547119141 -0.0167026519775391 0.054931640625 0.0301399230957031
-0.0241165161132813 -0.0162448883056641 0.0509757995605469 0.05230712890625
-0.0172157287597656 -0.019012451171875 0.0254440307617188 0.073577880859375
-0.0107078552246094 -0.0314998626708984 -0.00489425659179687 0.0622978210449219
0.001708984375 -0.0398941040039063 -0.0247917175292969 0.0369071960449219
0.0414161682128906 -0.0336151123046875 -0.0203819274902344 0.00428009033203125
0.0502204895019531 -0.0103797912597656 0.0198841094970703 -0.0196170806884766
0.0542793273925781 0.00275421142578125 0.089752197265625 0.011505126953125
-0.00695037841796875 -0.0116996765136719 -0.096954345703125 -0.00234985351562502
-0.0163984298706055 0.00679683685302735 -0.0300941467285156 0.0205879211425781
-0.008270263671875 0.0182018280029297 0.0212554931640625 -0.00808906555175781
0.0067138671875 0.0182952880859375 0.0260810852050781 -0.0418357849121094
0.0111398696899414 0.0064849853515625 0.0103187561035156 -0.0651054382324219
0.00817632675170898 -0.00248527526855469 -0.0290298461914062 -0.0772018432617187
-0.00128173828125 -0.00493669509887695 -0.0624313354492187 -0.0527915954589844
-0.00230956077575684 -0.00415635108947754 -0.0603599548339844 -0.0329322814941406
-0.00351357460021973 -0.00303721427917481 -0.0624465942382812 -0.0221977233886719
-0.000445842742919923 -0.00546932220458984 -0.0593986511230469 -0.0267829895019531
0.00224781036376953 -0.000689268112182617 -0.0539703369140625 -0.0176811218261719
-0.00550937652587891 0.00666618347167969 -0.0562400817871094 -0.0153274536132812
-0.01885986328125 0.00129508972167968 -0.0601234436035156 -0.01336669921875
-0.0199069976806641 -0.0136890411376953 -0.0780487060546875 0.0214614868164062
-0.0124645233154297 -0.0227928161621094 -0.099090576171875 0.042724609375
0.0373573303222656 -0.0219802856445312 -0.09234619140625 -0.00536346435546876
0.0173139572143555 -0.00643634796142578 -0.0259914398193359 0.0191478729248047
0.017913818359375 -0.00754356384277344 0.0248050689697266 -0.0133094787597656
0.0164203643798828 -0.00876998901367188 0.025634765625 -0.0446586608886719
0.0114669799804688 -0.0207901000976563 0.0101890563964844 -0.0643768310546875
-0.00335693359375 -0.0244846343994141 -0.0287628173828125 -0.0717926025390625
-0.0209846496582031 -0.021392822265625 -0.0579566955566406 -0.047576904296875
-0.0214958190917969 -0.0240516662597656 -0.0536918640136719 -0.0281982421875
-0.0249042510986328 -0.0219402313232422 -0.0576896667480469 -0.0168800354003906
-0.0121364593505859 -0.0301227569580078 -0.057220458984375 -0.0184402465820313
0.00100135803222656 -0.0325851440429688 -0.0536422729492188 -0.0117950439453125
0.00650787353515625 -0.0269336700439453 -0.0609321594238281 -0.0130348205566406
0.0177154541015625 -0.0222930908203125 -0.0623893737792969 -0.0174636840820312
0.0193405151367188 -0.0281333923339844 -0.0764541625976563 0.0152206420898437
0.0356712341308594 -0.0321197509765625 -0.0925827026367188 0.037445068359375
0.0771255493164063 -0.029510498046875 -0.0747756958007813 -0.0113067626953125
0.0509567260742188 -0.0204505920410156 -0.0143060684204102 0.0157060623168945
0.0436477661132813 -0.036773681640625 0.0329208374023438 -0.0161819458007813
0.0246162414550781 -0.0388679504394531 0.0300064086914063 -0.0441741943359375
0.00919723510742188 -0.0485954284667969 0.0138206481933594 -0.059783935546875
-0.0160903930664062 -0.0445327758789062 -0.0229148864746094 -0.0610618591308594
-0.0380973815917969 -0.0356712341308594 -0.0459671020507813 -0.0377540588378906
-0.0378646850585938 -0.0401992797851563 -0.0390853881835938 -0.0195770263671875
-0.0434646606445313 -0.0376205444335937 -0.0442314147949219 -0.00658798217773438
-0.0236892700195312 -0.0498619079589844 -0.0476570129394531 -0.00302505493164063
-0.00304031372070313 -0.0597648620605469 -0.050262451171875 0.00191116333007813
0.01348876953125 -0.057708740234375 -0.063995361328125 -0.00495147705078127
0.0488052368164062 -0.0461997985839844 -0.0635108947753906 -0.0179023742675781
0.054534912109375 -0.04107666015625 -0.0689544677734375 0.00681686401367188
0.0775070190429688 -0.0375823974609375 -0.0716094970703125 0.0302963256835938
0.106864929199219 -0.0336074829101563 -0.0459709167480469 -0.0194816589355469
0.0788497924804688 -0.0308914184570313 0.00382423400878907 0.0094156265258789
0.0665855407714844 -0.0629653930664063 0.0425491333007813 -0.016632080078125
0.0308113098144531 -0.0665931701660156 0.0371437072753906 -0.03973388671875
0.00634765625 -0.072418212890625 0.02105712890625 -0.0498771667480469
-0.026458740234375 -0.0600471496582031 -0.011077880859375 -0.0448570251464844
-0.0501632690429688 -0.0452232360839844 -0.02618408203125 -0.0244541168212891
-0.0493049621582031 -0.0511589050292969 -0.0182590484619141 -0.00833702087402344
-0.055145263671875 -0.046478271484375 -0.0238113403320313 0.00663185119628906
-0.0321197509765625 -0.0608482360839844 -0.0314979553222656 0.0165348052978516
-0.00775909423828125 -0.0760879516601563 -0.0416069030761719 0.0190925598144531
0.0159454345703125 -0.0789642333984375 -0.0622329711914063 0.00680923461914062
0.0699462890625 -0.0647087097167969 -0.0611495971679688 -0.0153312683105469
0.0803070068359375 -0.0486984252929688 -0.0552215576171875 -0.00313949584960938
0.107254028320313 -0.037994384765625 -0.0400047302246094 0.0224647521972656
0.120010375976563 -0.0314788818359375 -0.00966262817382812 -0.0296478271484375
0.0960617065429688 -0.0332717895507813 0.0247173309326172 -0.000373840332031252
0.0820846557617188 -0.0759124755859375 0.0505294799804688 -0.0152320861816406
0.0358123779296875 -0.0824966430664063 0.0443000793457031 -0.0296783447265625
0.0047454833984375 -0.0848464965820313 0.0306377410888672 -0.0335159301757813
-0.0322227478027344 -0.0671882629394531 0.00598526000976562 -0.0243034362792969
-0.0541915893554687 -0.0484542846679688 -0.00136852264404297 -0.0088348388671875
-0.0530204772949219 -0.0533256530761719 0.00468873977661132 0.00469875335693359
-0.0593910217285156 -0.0492057800292969 -0.000490188598632815 0.0213699340820312
-0.0345611572265625 -0.0618629455566406 -0.0131378173828125 0.0365219116210938
-0.0110397338867187 -0.0799560546875 -0.0296821594238281 0.0355987548828125
0.0158233642578125 -0.0859527587890625 -0.0548553466796875 0.01800537109375
0.0794296264648438 -0.0715560913085938 -0.0536918640136719 -0.0117340087890625
0.09295654296875 -0.0479812622070313 -0.0362930297851562 -0.0129051208496094
0.119895935058594 -0.0321807861328125 -0.00168800354003905 0.0150108337402344
0.113433837890625 -0.0225982666015625 0.0287246704101563 -0.0385398864746094
0.0971221923828125 -0.0270767211914062 0.0462188720703125 -0.0112724304199219
0.085693359375 -0.0720596313476563 0.0546417236328125 -0.01177978515625
0.0363006591796875 -0.0808868408203125 0.0494041442871094 -0.0158805847167969
0.00495147705078125 -0.0816268920898438 0.0382843017578125 -0.0135841369628906
-0.0308303833007813 -0.0625801086425781 0.0237026214599609 -0.00319480895996094
-0.0494842529296875 -0.0435676574707031 0.0239028930664062 0.0058441162109375
-0.0487899780273437 -0.0478401184082031 0.0272674560546875 0.01641845703125
-0.0535049438476563 -0.0433082580566406 0.0220584869384766 0.0347461700439453
-0.0314598083496094 -0.0535240173339844 0.00457763671875 0.0539665222167969
-0.0109939575195313 -0.070648193359375 -0.0183067321777344 0.0487022399902344
0.0132598876953125 -0.0781478881835938 -0.0442886352539063 0.0269927978515625
0.0760498046875 -0.06561279296875 -0.0417289733886719 -0.00703048706054688
0.0904998779296875 -0.03961181640625 -0.0142307281494141 -0.0198249816894531
0.113410949707031 -0.0222702026367188 0.0364875793457031 0.0096435546875
0.0885391235351563 -0.0104598999023438 0.0611457824707031 -0.0451736450195312
0.0818557739257813 -0.0140609741210938 0.0631561279296875 -0.0199432373046875
0.0740280151367187 -0.0542144775390625 0.0551376342773438 -0.00685882568359375
0.0306282043457031 -0.0635643005371094 0.0504035949707031 -0.00270843505859375
0.00426483154296875 -0.0624465942382812 0.0426025390625 0.0048065185546875
-0.0237388610839844 -0.0471305847167969 0.0386924743652344 0.0143623352050781
-0.0366897583007812 -0.0314674377441406 0.044921875 0.0168342590332031
-0.0373992919921875 -0.0344200134277344 0.0444755554199219 0.0250205993652344
-0.0410537719726563 -0.0318717956542969 0.040069580078125 0.045440673828125
-0.0250816345214844 -0.0380439758300781 0.0177116394042969 0.0662765502929688
-0.0109367370605469 -0.0527381896972656 -0.0105781555175781 0.0576438903808594
0.00858306884765625 -0.0610466003417969 -0.0334835052490234 0.0329437255859375
0.0623588562011719 -0.0517044067382813 -0.0296115875244141 -0.00208091735839843
0.0751876831054688 -0.0258636474609375 0.00535392761230469 -0.0218467712402344
0.0901336669921875 -0.00986480712890625 0.0679702758789063 0.00858688354492187
0.0499420166015625 0.00341415405273438 0.0839996337890625 -0.0474472045898438
0.0534896850585938 -0.00049591064453125 0.0740203857421875 -0.0243988037109375
0.0490989685058594 -0.0301742553710938 0.0534400939941406 -0.000213623046875002
0.0174484252929688 -0.0370330810546875 0.0514564514160156 0.00848770141601562
0.00136566162109375 -0.0328292846679688 0.0452651977539063 0.0171127319335937
-0.0123844146728516 -0.0236968994140625 0.0492820739746094 0.0242538452148438
-0.0181808471679688 -0.0147819519042969 0.0581283569335938 0.0223731994628906
-0.0207614898681641 -0.0165805816650391 0.0547332763671875 0.0296249389648438
-0.0241279602050781 -0.0157318115234375 0.0510177612304687 0.0510025024414063
-0.0169963836669922 -0.0186977386474609 0.0258255004882813 0.0728607177734375
-0.0108318328857422 -0.0308666229248047 -0.00496673583984374 0.0620994567871094
0.00167465209960938 -0.0391616821289063 -0.0249824523925781 0.0368309020996094
0.0410575866699219 -0.0342788696289063 -0.0202045440673828 0.00386619567871094
0.0505561828613281 -0.0107269287109375 0.0189323425292969 -0.0200061798095703
0.0543708801269531 0.00259780883789063 0.0888214111328125 0.0102767944335937
-0.00722980499267578 -0.0115785598754883 -0.0981369018554688 -0.00240325927734376
-0.0167331695556641 0.00652694702148438 -0.0307769775390625 0.0214862823486328
-0.00848388671875 0.0181884765625 0.0217685699462891 -0.00781631469726562
0.00639152526855468 0.0185184478759766 0.027587890625 -0.0419883728027344
0.011688232421875 0.00628089904785156 0.0114021301269531 -0.0661354064941406
0.00809288024902344 -0.00286340713500977 -0.0292892456054688 -0.07867431640625
-0.00151157379150391 -0.00501537322998047 -0.0636405944824219 -0.0533523559570312
-0.00268793106079102 -0.00453376770019531 -0.0615501403808594 -0.032958984375
-0.00361990928649902 -0.00282049179077148 -0.0642127990722656 -0.0226097106933594
-0.000736713409423828 -0.00563192367553711 -0.0612068176269531 -0.0274238586425781
0.00183379650115967 -0.00102424621582031 -0.0552139282226563 -0.0192298889160156
-0.00588035583496094 0.00645017623901367 -0.0569381713867188 -0.0153236389160156
-0.0192737579345703 0.00131034851074219 -0.0612754821777344 -0.0144805908203125
-0.0200290679931641 -0.0141716003417969 -0.079620361328125 0.021331787109375
-0.0123348236083984 -0.0236988067626953 -0.101966857910156 0.0436859130859375
0.0380897521972656 -0.0224685668945313 -0.0931472778320313 -0.00538635253906251
0.0177421569824219 -0.00705146789550781 -0.0263824462890625 0.01959228515625
0.0180854797363281 -0.00855064392089844 0.0247592926025391 -0.0127353668212891
0.0165367126464844 -0.00905132293701172 0.026641845703125 -0.0445137023925781
0.0118789672851563 -0.0208892822265625 0.0113296508789063 -0.0654335021972656
-0.00334548950195312 -0.0249061584472656 -0.02880859375 -0.07305908203125
-0.0213661193847656 -0.0216484069824219 -0.0590438842773437 -0.0481758117675781
-0.0222568511962891 -0.0243759155273437 -0.0549888610839844 -0.0283393859863281
-0.0251674652099609 -0.022308349609375 -0.0592422485351563 -0.0172195434570313
-0.0126743316650391 -0.0310001373291016 -0.058685302734375 -0.0194129943847656
0.000944137573242188 -0.03375244140625 -0.0552597045898437 -0.0127182006835938
0.00630378723144531 -0.0274276733398437 -0.0623397827148438 -0.0140647888183594
0.0182914733886719 -0.0231590270996094 -0.0629844665527344 -0.0183677673339844
0.0200061798095703 -0.0288963317871094 -0.0779876708984375 0.01513671875
0.036376953125 -0.0332145690917969 -0.0952072143554688 0.03826904296875
0.0788650512695313 -0.0306549072265625 -0.0755081176757812 -0.0105972290039063
0.0521316528320313 -0.0208549499511719 -0.0140523910522461 0.0165643692016602
0.0445327758789063 -0.0379638671875 0.0332202911376953 -0.0155563354492188
0.0248069763183594 -0.0396385192871094 0.0312423706054687 -0.0450172424316406
0.00907897949218749 -0.0493202209472656 0.0153121948242187 -0.0610885620117188
-0.0161247253417969 -0.0450019836425781 -0.0227088928222656 -0.0621109008789063
-0.0389595031738281 -0.0362701416015625 -0.0464134216308594 -0.0381813049316406
-0.0394783020019531 -0.0412712097167969 -0.0396575927734375 -0.0195083618164063
-0.0440330505371094 -0.0378570556640625 -0.0454673767089844 -0.00652694702148438
-0.0246925354003906 -0.05108642578125 -0.0490074157714844 -0.00329208374023437
-0.00313186645507813 -0.0608863830566406 -0.0512428283691406 0.000713348388671876
0.0139961242675781 -0.059051513671875 -0.0658149719238281 -0.00578308105468751
0.0498390197753906 -0.0476341247558594 -0.0647850036621094 -0.0192604064941406
0.055999755859375 -0.0409584045410156 -0.0702438354492188 0.00672149658203124
0.07928466796875 -0.0388565063476563 -0.0738143920898437 0.0310516357421875
0.109130859375 -0.0348281860351563 -0.0460700988769531 -0.0196876525878906
0.0812149047851563 -0.03143310546875 0.00423240661621094 0.0101804733276367
0.0674514770507813 -0.0643043518066406 0.042816162109375 -0.0157089233398438
0.03143310546875 -0.0675888061523438 0.0384635925292969 -0.0400428771972656
0.00602722167968751 -0.073638916015625 0.0225296020507813 -0.0507049560546875
-0.0269546508789063 -0.061004638671875 -0.0102043151855469 -0.0456199645996094
-0.0511093139648437 -0.0462608337402344 -0.0265045166015625 -0.0243663787841797
-0.0511245727539062 -0.051605224609375 -0.019134521484375 -0.00827598571777344
-0.0566864013671875 -0.0470542907714844 -0.0244388580322266 0.00658988952636719
-0.0325393676757813 -0.0618820190429688 -0.0329208374023438 0.0164623260498047
-0.0079345703125 -0.078155517578125 -0.0428657531738281 0.0184783935546875
0.016143798828125 -0.0803604125976563 -0.0641250610351562 0.00652313232421876
0.07147216796875 -0.0666961669921875 -0.0625038146972656 -0.0169563293457031
0.08203125 -0.0495986938476563 -0.0561065673828125 -0.00337982177734377
0.110107421875 -0.0393905639648438 -0.0415191650390625 0.0232200622558594
0.122154235839844 -0.031982421875 -0.00899124145507812 -0.0298671722412109
0.0980911254882813 -0.0341644287109375 0.0260581970214844 0.000379562377929685
0.083343505859375 -0.0777053833007812 0.0507049560546875 -0.0141448974609375
0.0361862182617188 -0.0833358764648438 0.0457534790039063 -0.0297508239746094
0.00479125976562501 -0.0867385864257813 0.0318336486816406 -0.0335464477539063
-0.0325736999511719 -0.0684547424316406 0.00702857971191406 -0.0248126983642578
-0.05548095703125 -0.0492515563964844 -0.000784873962402348 -0.00913333892822266
-0.0546188354492188 -0.0540695190429688 0.00457620620727539 0.00441884994506836
-0.06048583984375 -0.0496788024902344 -0.000772476196289067 0.0213489532470703
-0.0350151062011719 -0.0633926391601562 -0.0136756896972656 0.0370330810546875
-0.0107879638671875 -0.0812835693359375 -0.0313301086425781 0.0357589721679687
0.015869140625 -0.0876693725585938 -0.0567436218261719 0.0181808471679687
0.0811386108398438 -0.0733871459960938 -0.0546226501464844 -0.0130615234375
0.0951309204101563 -0.0489654541015625 -0.0369644165039063 -0.0133514404296875
0.1226806640625 -0.033477783203125 -0.00180530548095702 0.0155792236328125
0.11553955078125 -0.022857666015625 0.0303611755371094 -0.0389442443847656
0.099884033203125 -0.0269012451171875 0.0478057861328125 -0.0101127624511719
0.0869140625 -0.0736236572265625 0.0551376342773438 -0.0103988647460938
0.0372543334960938 -0.0816116333007812 0.050201416015625 -0.0155868530273438
0.00476837158203125 -0.0830154418945313 0.0392417907714844 -0.013275146484375
-0.031158447265625 -0.0636100769042969 0.0253009796142578 -0.00304603576660157
-0.0503273010253906 -0.0441322326660156 0.0245723724365234 0.00595283508300781
-0.0501136779785156 -0.0487174987792969 0.0273075103759766 0.0164470672607422
-0.0547599792480469 -0.0439453125 0.0223731994628906 0.0350418090820313
-0.0315971374511719 -0.0547103881835938 0.00483322143554687 0.0545578002929688
-0.01123046875 -0.0723114013671875 -0.0199928283691406 0.0493507385253906
0.0136947631835938 -0.0796737670898438 -0.0458106994628906 0.0269546508789063
0.0776290893554688 -0.0671310424804687 -0.0429306030273438 -0.00887680053710938
0.0924453735351563 -0.0398406982421875 -0.0148906707763672 -0.0204792022705078
0.116142272949219 -0.0229339599609375 0.0367507934570313 0.0104408264160156
0.0900344848632813 -0.0102386474609375 0.0635032653808594 -0.0455322265625
0.083526611328125 -0.0145187377929687 0.0643539428710938 -0.0196304321289063
0.0756454467773438 -0.0552444458007813 0.0551910400390625 -0.00576400756835938
0.0313034057617188 -0.0647392272949219 0.05133056640625 -0.00179290771484375
0.0041351318359375 -0.0634346008300781 0.0436592102050781 0.00535964965820312
-0.0235023498535156 -0.048187255859375 0.040771484375 0.0155258178710937
-0.0373802185058594 -0.0320701599121094 0.0461311340332031 0.0169105529785156
-0.0386466979980469 -0.0349693298339844 0.04510498046875 0.0248794555664063
-0.0422477722167969 -0.0320625305175781 0.0403213500976562 0.0450286865234375
-0.0253524780273438 -0.0388107299804687 0.018218994140625 0.0671234130859375
-0.0105972290039063 -0.05377197265625 -0.01165771484375 0.0580368041992187
0.00905609130859375 -0.0617790222167969 -0.0349960327148438 0.0328388214111328
0.0634689331054688 -0.0523681640625 -0.0303936004638672 -0.00272750854492188
0.0767974853515625 -0.0257720947265625 0.00451469421386719 -0.0224399566650391
0.0923233032226562 -0.0106124877929687 0.0687408447265625 0.00852584838867187
0.0506439208984375 0.0032501220703125 0.0861129760742188 -0.0482025146484375
0.0545654296875 -5.7220458984375E-05 0.075927734375 -0.0242767333984375
0.050140380859375 -0.0304107666015625 0.0535125732421875 0.00107955932617187
0.01788330078125 -0.0371780395507813 0.051971435546875 0.00931167602539062
0.00151824951171875 -0.0338249206542969 0.0462837219238281 0.017852783203125
-0.0126876831054687 -0.0244503021240234 0.0509376525878906 0.025146484375
-0.0183601379394531 -0.0148639678955078 0.0597419738769531 0.0225563049316406
-0.0216159820556641 -0.0169048309326172 0.0554962158203125 0.0293846130371094
-0.0245532989501953 -0.0161342620849609 0.0516510009765625 0.0514602661132813
-0.0169506072998047 -0.0188560485839844 0.0263900756835937 0.0737380981445312
-0.0107097625732422 -0.0310783386230469 -0.0061798095703125 0.0633468627929688
0.00146484375 -0.0397186279296875 -0.0266799926757812 0.037078857421875
0.0420188903808594 -0.0347976684570313 -0.0215892791748047 0.00294303894042968
0.0516395568847656 -0.0103111267089844 0.0187129974365234 -0.0206699371337891
0.0555496215820313 0.00247955322265625 0.0899658203125 0.010406494140625
-0.0078277587890625 -0.012150764465332 -0.102226257324219 -0.000907897949218749
-0.0177574157714844 0.00666046142578125 -0.0316791534423828 0.0231513977050781
-0.009307861328125 0.0187492370605469 0.0228347778320313 -0.00762939453125
0.00706863403320312 0.0197124481201172 0.0285453796386719 -0.04315185546875
0.0118465423583984 0.00704574584960938 0.012420654296875 -0.0691947937011719
0.0083017349243164 -0.00310420989990234 -0.0310287475585937 -0.0822296142578125
-0.00217056274414062 -0.00503444671630859 -0.0667724609375 -0.0540504455566406
-0.00304698944091797 -0.00440025329589844 -0.06463623046875 -0.0331878662109375
-0.00400733947753906 -0.00301790237426758 -0.0674476623535156 -0.0225753784179687
-0.00117301940917969 -0.00589418411254883 -0.0649642944335938 -0.028472900390625
0.00134539604187012 -0.00102651119232178 -0.0582008361816406 -0.0202445983886719
-0.00616216659545899 0.00723791122436523 -0.0595932006835938 -0.0160751342773437
-0.0197658538818359 0.00110816955566406 -0.06378173828125 -0.0148353576660156
-0.0210456848144531 -0.0153217315673828 -0.082794189453125 0.0225677490234375
-0.0136451721191406 -0.0249462127685547 -0.107002258300781 0.0465469360351563
0.0395774841308594 -0.0235862731933594 -0.0970306396484375 -0.00486755371093751
0.0185661315917969 -0.0081634521484375 -0.02691650390625 0.0211048126220703
0.0186061859130859 -0.00914955139160156 0.0262432098388672 -0.0130615234375
0.0177116394042969 -0.00951194763183594 0.028076171875 -0.0462303161621094
0.0120105743408203 -0.0217781066894531 0.0123863220214844 -0.0686225891113281
-0.00403594970703125 -0.0259494781494141 -0.0299758911132813 -0.07647705078125
-0.0225849151611328 -0.0224246978759766 -0.0620536804199219 -0.0489540100097656
-0.0239429473876953 -0.0249385833740234 -0.0574798583984375 -0.0285911560058594
-0.0269508361816406 -0.0227718353271484 -0.0625076293945313 -0.0167579650878906
-0.0137863159179688 -0.0322780609130859 -0.0624923706054688 -0.0198440551757813
0.000415802001953124 -0.0351905822753906 -0.0582695007324219 -0.0140724182128906
0.00665473937988281 -0.0289955139160156 -0.0649604797363281 -0.0144538879394531
0.0193004608154297 -0.0249156951904297 -0.0658454895019531 -0.0195465087890625
0.0210418701171875 -0.0301303863525391 -0.0809249877929688 0.0164108276367188
0.0377693176269531 -0.0356636047363281 -0.0994415283203125 0.0410842895507813
0.0822906494140625 -0.0327911376953125 -0.0780105590820313 -0.010528564453125
0.0545616149902344 -0.0230331420898438 -0.0135269165039062 0.0179901123046875
0.0458717346191406 -0.0408401489257813 0.0344486236572266 -0.0156459808349609
0.0256462097167969 -0.0414237976074219 0.0328292846679688 -0.0464134216308594
0.00928497314453125 -0.0515174865722656 0.0163650512695313 -0.0638923645019531
-0.0174827575683594 -0.0471916198730469 -0.0233840942382813 -0.0649490356445313
-0.0409355163574219 -0.0370101928710938 -0.04864501953125 -0.0386962890625
-0.0421218872070313 -0.0421981811523437 -0.0420989990234375 -0.019683837890625
-0.0464591979980469 -0.0389633178710938 -0.0479774475097656 -0.00609970092773437
-0.0259857177734375 -0.0531883239746094 -0.0522384643554688 -0.00296783447265626
-0.00424575805664063 -0.0635871887207031 -0.0542984008789063 0.000526428222656243
0.0138206481933594 -0.0617866516113281 -0.0690574645996094 -0.00592041015624999
0.0517196655273438 -0.0507659912109375 -0.0677528381347656 -0.0207481384277344
0.0584144592285156 -0.0431900024414062 -0.072509765625 0.0074462890625
0.082794189453125 -0.042205810546875 -0.076904296875 0.0335235595703125
0.113471984863281 -0.0371551513671875 -0.0469131469726562 -0.0194625854492188
0.0851821899414063 -0.034332275390625 0.00529956817626954 0.0115575790405273
0.0692100524902344 -0.0686073303222656 0.0447463989257813 -0.0158195495605469
0.0318069458007813 -0.07073974609375 0.0402336120605469 -0.0414314270019531
0.00511169433593749 -0.0768814086914063 0.0234107971191406 -0.0533447265625
-0.0284690856933594 -0.0635185241699219 -0.0101470947265625 -0.0476264953613281
-0.0539207458496094 -0.04730224609375 -0.0272369384765625 -0.0245265960693359
-0.0543098449707031 -0.0527915954589844 -0.0202465057373047 -0.00839614868164063
-0.0594482421875 -0.0484580993652344 -0.0262374877929688 0.00756645202636718
-0.0344924926757812 -0.0647735595703125 -0.0348739624023438 0.0171947479248047
-0.00896453857421875 -0.0815277099609375 -0.04541015625 0.01873779296875
0.0163421630859375 -0.0841293334960938 -0.0673789978027344 0.00694274902343749
0.0739212036132813 -0.0714569091796875 -0.0654449462890625 -0.0181198120117188
0.0851974487304688 -0.0521621704101563 -0.0583343505859375 -0.00331878662109375
0.114730834960938 -0.0432586669921875 -0.0428619384765625 0.0245361328125
0.127586364746094 -0.0347747802734375 -0.00825500488281249 -0.0310993194580078
0.103385925292969 -0.03643798828125 0.0279350280761719 0.000610351562499998
0.0863418579101563 -0.0824356079101563 0.0524559020996094 -0.0138053894042969
0.0368881225585937 -0.0870285034179688 0.0479202270507813 -0.0305137634277344
0.003021240234375 -0.0904541015625 0.0339508056640625 -0.035186767578125
-0.03399658203125 -0.070831298828125 0.00820159912109375 -0.0261173248291016
-0.0581283569335938 -0.0505828857421875 -0.0011587142944336 -0.00949287414550782
-0.0589714050292969 -0.0553207397460937 0.00488948822021484 0.00460720062255859
-0.0634307861328125 -0.0507469177246094 -0.000991821289062506 0.0223655700683594
-0.037078857421875 -0.0662345886230469 -0.0144500732421875 0.0380363464355469
-0.0123214721679688 -0.0848236083984375 -0.0331840515136719 0.0361480712890625
0.01580810546875 -0.091583251953125 -0.0597038269042969 0.0186729431152344
0.0835800170898438 -0.0782394409179688 -0.0575981140136719 -0.0145111083984375
0.0989227294921875 -0.051513671875 -0.0384254455566406 -0.0140571594238281
0.128700256347656 -0.0367965698242188 -0.00198554992675781 0.0159978866577148
0.120552062988281 -0.02508544921875 0.0320701599121094 -0.0410728454589844
0.104522705078125 -0.0291671752929687 0.0503730773925781 -0.0107994079589844
0.0904464721679688 -0.0777587890625 0.0568161010742188 -0.0100021362304688
0.0381088256835938 -0.0855331420898438 0.0521774291992188 -0.0159416198730469
0.00404357910156251 -0.0865249633789063 0.0414390563964844 -0.0142326354980469
-0.0325851440429687 -0.0667915344238281 0.0277290344238281 -0.00325584411621094
-0.0529899597167969 -0.045379638671875 0.0261306762695313 0.00591468811035156
-0.0534820556640625 -0.0496406555175781 0.0285396575927734 0.0162906646728516
-0.0575752258300781 -0.044677734375 0.0227622985839844 0.0359649658203125
-0.03326416015625 -0.0569267272949219 0.00505065917968749 0.0564727783203125
-0.0123214721679688 -0.0751419067382813 -0.0210304260253906 0.0510139465332031
0.013641357421875 -0.0826797485351563 -0.0484771728515625 0.0280914306640625
0.0802841186523438 -0.0720672607421875 -0.04522705078125 -0.00984954833984376
0.0966873168945313 -0.0421295166015625 -0.0163898468017578 -0.0213737487792969
0.121574401855469 -0.0257568359375 0.0379066467285156 0.00998306274414063
0.0936126708984375 -0.0114212036132813 0.06689453125 -0.0484428405761719
0.0875091552734375 -0.0153045654296875 0.0679244995117188 -0.0205268859863281
0.0788116455078125 -0.0581283569335937 0.0569076538085938 -0.004852294921875
0.0321502685546875 -0.0667839050292969 0.0529975891113281 -0.00156402587890625
0.00355529785156251 -0.0662040710449219 0.0463752746582031 0.00579833984375
-0.0249671936035156 -0.0503311157226563 0.0438575744628906 0.0156707763671875
-0.0388755798339844 -0.0331687927246094 0.048614501953125 0.0168228149414062
-0.0412025451660156 -0.03607177734375 0.0468559265136719 0.0251274108886719
-0.0444297790527344 -0.0330696105957031 0.0420150756835938 0.0460319519042969
-0.0263519287109375 -0.0402259826660156 0.019256591796875 0.0695114135742188
-0.0114212036132813 -0.0558013916015625 -0.0123558044433594 0.0607185363769531
0.00867462158203125 -0.0640945434570313 -0.0375404357910156 0.034454345703125
0.0659370422363281 -0.0563812255859375 -0.0323638916015625 -0.00420570373535156
0.0804061889648438 -0.0271530151367188 0.00418853759765625 -0.0240345001220703
0.0964813232421875 -0.011871337890625 0.0713348388671875 0.0083465576171875
0.0526123046875 0.00408554077148438 0.0902481079101563 -0.0513076782226563
0.0569686889648438 -0.00042724609375 0.0790481567382813 -0.0259780883789062
0.0524673461914063 -0.03179931640625 0.0560493469238281 0.00104904174804687
0.0186119079589844 -0.0388565063476562 0.0541152954101563 0.00983428955078125
0.00165748596191406 -0.0350017547607422 0.0484542846679688 0.0192337036132813
-0.0135307312011719 -0.0254917144775391 0.0538177490234375 0.0263099670410156
-0.0193195343017578 -0.0155010223388672 0.062957763671875 0.0226020812988281
-0.0229988098144531 -0.0171909332275391 0.0580215454101563 0.0298194885253906
-0.02593994140625 -0.0165691375732422 0.0541458129882813 0.0520896911621094
-0.0177001953125 -0.0199375152587891 0.028350830078125 0.0765762329101563
-0.0109786987304688 -0.0323371887207031 -0.00667572021484375 0.0660400390625
0.00135421752929688 -0.0414352416992188 -0.0282363891601563 0.0384140014648437
0.0433998107910156 -0.0370025634765625 -0.0231666564941406 0.00252723693847656
0.0540084838867188 -0.0107879638671875 0.0183258056640625 -0.0221118927001953
0.0580368041992188 0.0019989013671875 0.0932388305664062 0.0097503662109375
-0.00843238830566406 -0.0131711959838867 -0.106948852539063 0.00290679931640624
-0.0183544158935547 0.00716209411621094 -0.0327682495117188 0.0261898040771484
-0.00914382934570312 0.0198192596435547 0.0239372253417969 -0.00787544250488281
0.00848007202148438 0.0199737548828125 0.02947998046875 -0.0460205078125
0.0132303237915039 0.00659942626953125 0.0116195678710938 -0.0735702514648438
0.00797367095947266 -0.00337600708007813 -0.0354080200195313 -0.0854339599609375
-0.00284767150878906 -0.00509071350097656 -0.0717544555664062 -0.0536880493164062
-0.00324559211730957 -0.00409173965454101 -0.0693016052246094 -0.0320243835449219
-0.00428199768066406 -0.00325369834899902 -0.071746826171875 -0.0208358764648437
-0.00154304504394531 -0.00626659393310547 -0.0706863403320313 -0.0279083251953125
0.00136089324951172 -0.00187873840332031 -0.0627059936523438 -0.0200576782226562
-0.00644016265869141 0.0075221061706543 -0.0631370544433594 -0.0154991149902344
-0.0205974578857422 0.00170516967773438 -0.0673789978027344 -0.0139122009277344
-0.0222339630126953 -0.0154609680175781 -0.0862884521484375 0.0271148681640625
-0.0150642395019531 -0.0264854431152344 -0.111297607421875 0.0532608032226563
0.0410346984863281 -0.026641845703125 -0.101181030273438 -0.00109100341796875
0.0193576812744141 -0.00928878784179688 -0.0271263122558594 0.0237770080566406
0.01849365234375 -0.0112953186035156 0.0273303985595703 -0.0135326385498047
0.0183601379394531 -0.0106563568115234 0.028656005859375 -0.0492706298828125
0.01202392578125 -0.0234889984130859 0.0112533569335937 -0.0732421875
-0.00550460815429687 -0.0274124145507812 -0.0341567993164063 -0.0795974731445313
-0.0249099731445313 -0.0225925445556641 -0.0666694641113281 -0.0484352111816406
-0.0265655517578125 -0.0252704620361328 -0.0614852905273438 -0.027252197265625
-0.029144287109375 -0.0231895446777344 -0.0665740966796875 -0.0148658752441406
-0.0160350799560547 -0.0339279174804688 -0.067291259765625 -0.0188026428222656
-0.000976562500000003 -0.0374336242675781 -0.0625190734863281 -0.0133094787597656
0.00605964660644531 -0.0308952331542969 -0.0689430236816406 -0.0133209228515625
0.0189342498779297 -0.0274505615234375 -0.0697784423828125 -0.0189781188964844
0.0211391448974609 -0.0328578948974609 -0.0839614868164063 0.0199203491210938
0.0387725830078125 -0.0391807556152344 -0.103050231933594 0.0471954345703125
0.0856552124023437 -0.0376129150390625 -0.0811614990234375 -0.00829315185546876
0.05657958984375 -0.0265541076660156 -0.0127067565917969 0.0202007293701172
0.0463371276855469 -0.0454139709472656 0.0363578796386719 -0.0162277221679688
0.0252838134765625 -0.0445671081542969 0.03375244140625 -0.049041748046875
0.00774765014648437 -0.0544776916503906 0.0150184631347656 -0.0681800842285156
-0.0197677612304688 -0.0490531921386719 -0.0263442993164062 -0.0679969787597656
-0.044525146484375 -0.0374069213867188 -0.0520553588867188 -0.0384445190429687
-0.0465011596679688 -0.0420799255371094 -0.0449905395507813 -0.0190620422363281
-0.0505294799804688 -0.0391693115234375 -0.0511589050292969 -0.00426483154296875
-0.0291824340820312 -0.0548858642578125 -0.0556182861328125 -0.00162506103515626
-0.006195068359375 -0.0673179626464844 -0.0578956604003906 0.00151062011718748
0.0122146606445313 -0.0652236938476563 -0.0732345581054688 -0.00412750244140626
0.0526580810546875 -0.0561294555664063 -0.0719680786132813 -0.020050048828125
0.0601043701171875 -0.0478324890136719 -0.0759124755859375 0.00994873046875
0.0858917236328125 -0.0481109619140625 -0.0796432495117188 0.0384063720703125
0.118324279785156 -0.0434036254882813 -0.0494155883789063 -0.0189094543457031
0.0885162353515625 -0.0394973754882812 0.00666332244873048 0.0124549865722656
0.0702133178710938 -0.0753936767578125 0.0462570190429688 -0.016571044921875
0.0307693481445312 -0.0756454467773438 0.041473388671875 -0.0442085266113281
0.002410888671875 -0.0806732177734375 0.0238265991210938 -0.0567588806152344
-0.0320549011230469 -0.0659217834472656 -0.0114021301269531 -0.0500564575195313
-0.0583038330078125 -0.0478591918945312 -0.0290622711181641 -0.0247230529785156
-0.0597953796386719 -0.05303955078125 -0.0216293334960938 -0.00762176513671875
-0.0645370483398438 -0.0484886169433594 -0.0277061462402344 0.00886535644531249
-0.0387306213378906 -0.0673065185546875 -0.0369606018066406 0.0192337036132812
-0.0128936767578125 -0.0856475830078125 -0.0479545593261719 0.0203895568847656
0.0135116577148437 -0.08917236328125 -0.0713272094726563 0.00920104980468751
0.0751953125 -0.0789642333984375 -0.0698356628417969 -0.0181503295898438
0.0880661010742188 -0.0579376220703125 -0.0612144470214844 -0.00166320800781249
0.119216918945313 -0.0503997802734375 -0.0446701049804687 0.0276679992675781
0.133247375488281 -0.0410003662109375 -0.00862503051757812 -0.0316715240478516
0.107597351074219 -0.042724609375 0.0301628112792969 0.000494003295898435
0.0875930786132813 -0.090423583984375 0.0545845031738281 -0.0149574279785156
0.0358810424804688 -0.0927810668945313 0.0493583679199219 -0.0333747863769531
6.10351562499937E-05 -0.09515380859375 0.0349655151367188 -0.0387229919433594
-0.0383377075195313 -0.0740814208984375 0.00910568237304687 -0.027862548828125
-0.0631179809570313 -0.0508651733398437 -0.000668525695800785 -0.00991535186767579
-0.064697265625 -0.0557708740234375 0.00510263442993164 0.00468015670776367
-0.0688209533691406 -0.0503997802734375 -0.000823974609375003 0.0233783721923828
-0.0415191650390625 -0.0681610107421875 -0.0144844055175781 0.0402603149414062
-0.0162734985351563 -0.0894851684570313 -0.0346260070800781 0.0389633178710937
0.013153076171875 -0.0966339111328125 -0.0632209777832031 0.0216331481933594
0.0853118896484375 -0.0868606567382813 -0.0616874694824219 -0.014251708984375
0.102439880371094 -0.057861328125 -0.0410652160644531 -0.0139350891113281
0.134391784667969 -0.0447235107421875 -0.00218486785888671 0.01715087890625
0.125823974609375 -0.030487060546875 0.033355712890625 -0.0441703796386719
0.109405517578125 -0.0348358154296875 0.0527496337890625 -0.0124626159667969
0.0922164916992188 -0.0853958129882813 0.0589981079101563 -0.0115470886230469
0.0369033813476563 -0.0907974243164063 0.0545997619628906 -0.0179786682128906
0.000747680664062498 -0.0913009643554688 0.0438613891601562 -0.0162277221679688
-0.0364952087402344 -0.0688018798828125 0.0303058624267578 -0.00440025329589844
-0.0569496154785156 -0.0458030700683594 0.0281963348388672 0.00493240356445312
-0.0592155456542969 -0.0493087768554687 0.0304069519042969 0.0156993865966797
-0.0625534057617188 -0.0444869995117188 0.0251350402832031 0.0363922119140625
-0.036956787109375 -0.0588531494140625 0.00724029541015625 0.0582504272460938
-0.0151748657226562 -0.0789260864257812 -0.0215110778808594 0.0538482666015625
0.011199951171875 -0.0875320434570312 -0.0511322021484375 0.0307426452636719
0.08160400390625 -0.0791854858398438 -0.0488357543945312 -0.00979232788085938
0.100662231445313 -0.0473861694335938 -0.0178031921386719 -0.0225963592529297
0.12738037109375 -0.032958984375 0.0397148132324219 0.00928497314453125
0.0981292724609375 -0.015106201171875 0.0696029663085937 -0.0531501770019531
0.0918731689453125 -0.0189895629882813 0.0715103149414063 -0.0239181518554688
0.0809783935546875 -0.0643844604492188 0.0594139099121094 -0.00640106201171875
0.0316085815429687 -0.0711822509765625 0.0554962158203125 -0.00291824340820313
0.00141143798828126 -0.069915771484375 0.0488510131835938 0.00457382202148437
-0.0281219482421875 -0.051971435546875 0.047576904296875 0.0149269104003906
-0.042144775390625 -0.0336112976074219 0.0522956848144531 0.0154495239257812
-0.0449981689453125 -0.0355682373046875 0.0500526428222656 0.0239448547363281
-0.0481643676757813 -0.0323371887207031 0.0455284118652344 0.0464439392089844
-0.0286941528320312 -0.0417709350585938 0.022979736328125 0.0718765258789063
-0.0135269165039063 -0.0582656860351563 -0.0121040344238281 0.0643043518066406
0.00716781616210938 -0.06793212890625 -0.0390815734863281 0.0370712280273437
0.0669021606445313 -0.0620613098144531 -0.0349330902099609 -0.00441932678222657
0.0839614868164063 -0.0309982299804687 0.00327110290527344 -0.0258255004882813
0.100997924804687 -0.0168838500976562 0.0745315551757813 0.005462646484375
0.0553207397460938 0.002593994140625 0.0935440063476563 -0.05706787109375
0.0600013732910156 -0.00234603881835938 0.0826492309570313 -0.0300750732421875
0.0538253784179688 -0.0353126525878906 0.0586166381835938 0.000244140624999998
0.0187873840332031 -0.0406303405761719 0.0570449829101562 0.009246826171875
0.000396728515624996 -0.0371284484863281 0.0516738891601562 0.0187263488769531
-0.0148715972900391 -0.0265254974365234 0.0595054626464844 0.0258445739746094
-0.0203762054443359 -0.0156688690185547 0.0677261352539063 0.0209465026855469
-0.0252399444580078 -0.0169601440429687 0.0616912841796875 0.0282402038574219
-0.0282936096191406 -0.0160770416259766 0.0585365295410156 0.0522422790527344
-0.0186729431152344 -0.0203113555908203 0.03253173828125 0.0787353515625
-0.0127468109130859 -0.0334835052490234 -0.00609207153320312 0.06964111328125
0.000415802001953128 -0.0431098937988281 -0.0294570922851562 0.0413894653320313
0.0443458557128906 -0.040679931640625 -0.0244274139404297 0.00266075134277344
0.0569534301757812 -0.0138130187988281 0.0182609558105469 -0.0241832733154297
0.0610275268554687 -1.1444091796875E-05 0.097381591796875 0.00669097900390625
-0.00936603546142578 -0.0127048492431641 -0.110061645507813 0.00947570800781251
-0.0188808441162109 0.00811386108398437 -0.0318241119384766 0.0290412902832031
-0.00866127014160156 0.0204238891601563 0.0245494842529297 -0.00940132141113281
0.00981521606445313 0.019866943359375 0.0286102294921875 -0.0487747192382813
0.0143451690673828 0.00593090057373047 0.0082855224609375 -0.0774002075195313
0.00759983062744141 -0.00436544418334961 -0.0415573120117187 -0.0864639282226563
-0.00373220443725586 -0.00496912002563476 -0.077484130859375 -0.0510406494140625
-0.00379538536071777 -0.0041816234588623 -0.0732192993164062 -0.027984619140625
-0.00482177734375 -0.00252962112426758 -0.07574462890625 -0.016693115234375
-0.00222206115722656 -0.00677824020385742 -0.07568359375 -0.0241851806640625
0.000923395156860351 -0.00212264060974121 -0.0663871765136719 -0.0180130004882813
-0.00640678405761719 0.00751733779907226 -0.0658912658691406 -0.0130996704101563
-0.0207767486572266 0.002593994140625 -0.0699577331542969 -0.0110855102539063
-0.0237140655517578 -0.0152359008789062 -0.0872421264648438 0.0324859619140625
-0.0177135467529297 -0.0263824462890625 -0.112480163574219 0.062255859375
0.0411720275878906 -0.0297813415527344 -0.103889465332031 0.00524902343750001
0.0195560455322266 -0.0116767883300781 -0.0261936187744141 0.0269145965576172
0.0183334350585938 -0.0133018493652344 0.0281028747558594 -0.0149688720703125
0.0179977416992188 -0.0123519897460938 0.0280113220214844 -0.05194091796875
0.0108489990234375 -0.0251884460449219 0.00800323486328124 -0.07684326171875
-0.00726890563964843 -0.0279655456542969 -0.0397720336914063 -0.08056640625
-0.0273590087890625 -0.0218639373779297 -0.071502685546875 -0.0454559326171875
-0.0294971466064453 -0.0244636535644531 -0.0647811889648438 -0.0237655639648438
-0.0320758819580078 -0.0220794677734375 -0.0699577331542969 -0.0105819702148437
-0.0186824798583984 -0.0345211029052734 -0.0719757080078125 -0.01519775390625
-0.00338363647460937 -0.0389060974121094 -0.0663375854492187 -0.0113296508789063
0.00417518615722656 -0.0323600769042969 -0.072265625 -0.0105514526367188
0.0184364318847656 -0.0300827026367187 -0.0728836059570313 -0.0164794921875
0.0205230712890625 -0.03546142578125 -0.08544921875 0.0255813598632813
0.0375404357910156 -0.0437202453613281 -0.10455322265625 0.0559921264648438
0.0868759155273438 -0.044281005859375 -0.0837936401367187 -0.00352478027343749
0.0579299926757813 -0.0314979553222656 -0.0119419097900391 0.0223979949951172
0.0447044372558594 -0.0502967834472656 0.0366592407226563 -0.0178070068359375
0.0235710144042969 -0.0479698181152344 0.0325927734375 -0.0520744323730469
0.0045013427734375 -0.0565834045410156 0.01263427734375 -0.0720901489257813
-0.0236930847167969 -0.0499954223632813 -0.03118896484375 -0.0690994262695313
-0.0486984252929687 -0.0360145568847656 -0.0553665161132813 -0.0361557006835938
-0.0509147644042969 -0.0404052734375 -0.0474662780761719 -0.0163116455078125
-0.0547294616699219 -0.0372352600097656 -0.053466796875 -0.000782012939453117
-0.0336875915527344 -0.0558738708496094 -0.0586662292480469 0.00133895874023436
-0.0108909606933594 -0.069183349609375 -0.0614662170410156 0.00398635864257812
0.00899505615234374 -0.0688591003417969 -0.0763015747070312 -0.000480651855468748
0.0509719848632813 -0.0625343322753906 -0.075469970703125 -0.0178070068359375
0.0598487854003906 -0.0535163879394531 -0.0776748657226563 0.0147552490234375
0.0858535766601563 -0.0556411743164063 -0.0807342529296875 0.04461669921875
0.120521545410156 -0.0528106689453125 -0.0513687133789063 -0.0160179138183594
0.0899505615234375 -0.0470809936523437 0.00858879089355469 0.0131149291992187
0.0682296752929688 -0.0832290649414063 0.04736328125 -0.0185317993164063
0.0274429321289062 -0.0799331665039063 0.0410842895507813 -0.0475616455078125
-0.0028076171875 -0.0837478637695313 0.0221748352050781 -0.060546875
-0.0370750427246094 -0.0663986206054688 -0.0140953063964844 -0.0515899658203125
-0.0636253356933594 -0.0457534790039063 -0.0307254791259766 -0.0235443115234375
-0.0657234191894531 -0.0504226684570312 -0.0229301452636719 -0.00672340393066406
-0.0701141357421875 -0.045684814453125 -0.0290412902832031 0.0113258361816406
-0.0443458557128906 -0.0675468444824219 -0.0377273559570312 0.0216026306152344
-0.0185928344726562 -0.0875625610351562 -0.0496406555175781 0.0229339599609375
0.00844573974609375 -0.0931167602539063 -0.07415771484375 0.013153076171875
0.0727310180664063 -0.0871810913085938 -0.0740203857421875 -0.01580810546875
0.0886001586914063 -0.0649795532226563 -0.0635833740234375 0.00129699707031251
0.121223449707031 -0.0603866577148438 -0.0447196960449219 0.0312309265136719
0.135261535644531 -0.0508193969726562 -0.0099506378173828 -0.0324783325195313
0.109649658203125 -0.0510406494140625 0.0317630767822266 -0.000556945800781253
0.0849533081054688 -0.100051879882813 0.0556526184082031 -0.0172843933105469
0.0310287475585937 -0.0983428955078125 0.0498199462890625 -0.0363121032714844
-0.005950927734375 -0.0987396240234375 0.0340995788574219 -0.04217529296875
-0.0438003540039063 -0.0742874145507813 0.00841140747070312 -0.029632568359375
-0.0682182312011719 -0.0489921569824219 -0.000236511230468755 -0.0102529525756836
-0.0705490112304688 -0.052886962890625 0.004974365234375 0.00420188903808593
-0.0746536254882813 -0.0476837158203125 -5.14984130859415E-05 0.0240287780761719
-0.0467300415039062 -0.0683174133300781 -0.0130882263183594 0.0417594909667969
-0.0218887329101562 -0.0915374755859375 -0.0345344543457031 0.041900634765625
0.00762176513671876 -0.100814819335937 -0.0648574829101563 0.0258522033691406
0.082183837890625 -0.0957489013671875 -0.065704345703125 -0.0127410888671875
0.103004455566406 -0.0656051635742188 -0.0431709289550781 -0.0121040344238281
0.136344909667969 -0.05535888671875 -0.00172805786132812 0.0179271697998047
0.129142761230469 -0.03948974609375 0.0328445434570313 -0.0476799011230469
0.111328125 -0.0425949096679688 0.05438232421875 -0.0159530639648438
0.0904083251953125 -0.0946731567382813 0.0607147216796875 -0.0137062072753906
0.033050537109375 -0.0956192016601562 0.0556793212890625 -0.0209388732910156
-0.00496673583984375 -0.0944671630859375 0.0447731018066406 -0.0188751220703125
-0.0417976379394531 -0.0693206787109375 0.0320816040039062 -0.006805419921875
-0.0619010925292969 -0.0442314147949219 0.0303974151611328 0.00265121459960937
-0.0644950866699219 -0.0469970703125 0.0317020416259766 0.0140380859375
-0.0679931640625 -0.0419578552246094 0.0275192260742187 0.0357017517089844
-0.0417289733886719 -0.0587844848632813 0.0102195739746094 0.0593910217285156
-0.020599365234375 -0.0805130004882813 -0.0200080871582031 0.05694580078125
0.00672912597656251 -0.091339111328125 -0.0523834228515625 0.0352058410644531
0.0792007446289063 -0.0876922607421875 -0.0521316528320313 -0.0082855224609375
0.101791381835937 -0.054931640625 -0.0199337005615234 -0.0221977233886719
0.129859924316406 -0.04217529296875 0.0408935546875 0.00683212280273437
0.100914001464844 -0.0210647583007813 0.0698127746582031 -0.0593605041503906
0.0942611694335938 -0.0255966186523437 0.0723648071289063 -0.0287628173828125
0.0800018310546875 -0.0718307495117188 0.0612716674804688 -0.00872802734375
0.02886962890625 -0.0751190185546875 0.057647705078125 -0.00513458251953125
-0.00278472900390625 -0.0728607177734375 0.0514488220214844 0.00277328491210937
-0.0319290161132813 -0.052825927734375 0.0514030456542969 0.0123176574707031
-0.0456047058105469 -0.0320854187011719 0.055633544921875 0.0123634338378906
-0.0492706298828125 -0.0339469909667969 0.0527305603027344 0.0213661193847656
-0.0520095825195313 -0.0300407409667969 0.0495109558105469 0.0447883605957031
-0.0321044921875 -0.0422401428222656 0.0277175903320313 0.0720901489257813
-0.0174140930175781 -0.0594863891601563 -0.00931167602539063 0.0666465759277344
0.00353240966796875 -0.0702362060546875 -0.0393943786621094 0.0403251647949219
0.0656089782714844 -0.0688247680664063 -0.0374946594238281 -0.00329589843750001
0.0854568481445313 -0.0370941162109375 0.00114250183105469 -0.0270023345947266
0.103759765625 -0.0237503051757813 0.0767593383789063 0.00146484375
0.057525634765625 -0.0001678466796875 0.0943679809570313 -0.0650711059570313
0.0624504089355469 -0.00553131103515625 0.083984375 -0.035552978515625
0.0539436340332031 -0.0403594970703125 0.0608901977539063 -0.00188064575195313
0.0171394348144531 -0.04278564453125 0.0591316223144531 0.00701522827148437
-0.001617431640625 -0.0387115478515625 0.0549430847167969 0.0171089172363281
-0.0170574188232422 -0.0269393920898438 0.0643043518066406 0.0233497619628906
-0.0219020843505859 -0.0149898529052734 0.0717849731445313 0.016326904296875
-0.0269126892089844 -0.0157070159912109 0.0651969909667969 0.024688720703125
-0.0301132202148438 -0.0147476196289063 0.0631904602050781 0.0496368408203125
-0.0202808380126953 -0.0204238891601563 0.0386123657226563 0.0785751342773437
-0.0146007537841797 -0.03387451171875 -0.0029754638671875 0.0725021362304688
-0.002044677734375 -0.0443496704101563 -0.0290756225585937 0.044219970703125
0.043548583984375 -0.0448875427246094 -0.0262660980224609 0.00316810607910157
0.0579414367675781 -0.0176239013671875 0.0166740417480469 -0.0265331268310547
0.063079833984375 -0.00396347045898437 0.100135803222656 0.0008697509765625
-0.0101318359375 -0.0120344161987305 -0.109825134277344 0.0162734985351563
-0.0185832977294922 0.00902938842773438 -0.0297031402587891 0.0315628051757813
-0.00826454162597656 0.0212268829345703 0.0249881744384766 -0.0102787017822266
0.0113868713378906 0.0189952850341797 0.0269622802734375 -0.0504684448242188
0.0149831771850586 0.00509262084960938 0.00466156005859375 -0.0792922973632813
0.00724601745605469 -0.00458621978759766 -0.0467910766601563 -0.0848312377929687
-0.00420999526977539 -0.00446176528930664 -0.08062744140625 -0.0459976196289062
-0.00453901290893555 -0.00366306304931641 -0.0753631591796875 -0.0233001708984375
-0.00534486770629883 -0.00310277938842773 -0.0776443481445313 -0.0115280151367188
-0.00304365158081055 -0.00705194473266602 -0.0787734985351563 -0.019378662109375
0.000623464584350586 -0.00234103202819824 -0.0688323974609375 -0.0145378112792969
-0.00579309463500977 0.00838279724121094 -0.0674247741699219 -0.00982666015625
-0.0207710266113281 0.00345420837402344 -0.0708847045898438 -0.00782775878906251
-0.024932861328125 -0.0145244598388672 -0.0859222412109375 0.0380783081054688
-0.0194187164306641 -0.0259647369384766 -0.109542846679688 0.0701904296875
0.0399360656738281 -0.0331649780273438 -0.103431701660156 0.01190185546875
0.0187664031982422 -0.0133037567138672 -0.0239772796630859 0.0296058654785156
0.0170421600341797 -0.0141448974609375 0.0281105041503906 -0.0159568786621094
0.0172586441040039 -0.0136661529541016 0.0263786315917969 -0.0536727905273438
0.00917625427246094 -0.0262107849121094 0.00455474853515624 -0.0784683227539063
-0.00945091247558594 -0.0281219482421875 -0.0451889038085937 -0.0794219970703125
-0.0292148590087891 -0.0204391479492187 -0.074005126953125 -0.040924072265625
-0.0319118499755859 -0.0224628448486328 -0.0668716430664063 -0.0192413330078125
-0.0336551666259766 -0.0204505920410156 -0.0717620849609375 -0.00547790527343749
-0.0213718414306641 -0.0342273712158203 -0.0745773315429688 -0.0111618041992188
-0.006378173828125 -0.0394096374511719 -0.0684890747070313 -0.00806808471679686
0.00218391418457031 -0.0331001281738281 -0.0733566284179687 -0.00684356689453125
0.0166759490966797 -0.0322647094726563 -0.0741729736328125 -0.0128707885742188
0.0185661315917969 -0.0376548767089844 -0.084075927734375 0.0304946899414062
0.0356559753417969 -0.0465202331542969 -0.102317810058594 0.0630111694335937
0.084930419921875 -0.0505752563476562 -0.0835342407226563 0.002593994140625
0.0569572448730469 -0.0357856750488281 -0.00983238220214844 0.0240421295166016
0.041656494140625 -0.054107666015625 0.0367469787597656 -0.0192604064941406
0.0206108093261719 -0.0501899719238281 0.0309867858886719 -0.0541000366210938
0.000946044921874997 -0.0574722290039063 0.009002685546875 -0.0737152099609375
-0.0269432067871094 -0.0496749877929688 -0.0354804992675781 -0.0680656433105469
-0.0516510009765625 -0.0333595275878906 -0.05792236328125 -0.0325469970703125
-0.0547447204589844 -0.0371475219726563 -0.048614501953125 -0.0130844116210938
-0.0578536987304688 -0.0337486267089844 -0.054473876953125 0.00328063964843751
-0.0379409790039063 -0.0540313720703125 -0.0601615905761719 0.00510406494140624
-0.0159759521484375 -0.06988525390625 -0.0625 0.00703048706054686
0.00427246093750001 -0.0697174072265625 -0.0770187377929688 0.00391387939453123
0.0471611022949219 -0.0670166015625 -0.077423095703125 -0.0143585205078125
0.0573539733886719 -0.0579643249511719 -0.0768356323242188 0.0191192626953125
0.0834503173828125 -0.0627059936523438 -0.0791168212890625 0.0504989624023437
0.118743896484375 -0.0608749389648438 -0.0511817932128906 -0.012786865234375
0.0883865356445313 -0.0537261962890625 0.0102472305297852 0.0135326385498047
0.0630645751953125 -0.0889358520507813 0.0471878051757813 -0.0203781127929688
0.0226974487304687 -0.0819473266601563 0.0394401550292969 -0.0498085021972656
-0.00807189941406249 -0.0839385986328125 0.0194320678710938 -0.062744140625
-0.0412940979003906 -0.0653152465820313 -0.0172042846679688 -0.0516815185546875
-0.0671195983886719 -0.0422592163085937 -0.0318641662597656 -0.0220870971679688
-0.0700111389160156 -0.0460433959960937 -0.0233612060546875 -0.00491142272949219
-0.0737533569335938 -0.0411224365234375 -0.0288429260253906 0.0137786865234375
-0.04876708984375 -0.0655479431152344 -0.0375251770019531 0.0241928100585938
-0.0242919921875 -0.0879669189453125 -0.0502700805664063 0.0257835388183594
0.00308227539062499 -0.09442138671875 -0.074615478515625 0.0177154541015625
0.067413330078125 -0.0928497314453125 -0.0764007568359375 -0.0128326416015625
0.0860519409179687 -0.0709228515625 -0.0635032653808594 0.00469970703125001
0.118400573730469 -0.0697860717773438 -0.0432853698730469 0.0343894958496094
0.134529113769531 -0.0600433349609375 -0.0111923217773437 -0.0319232940673828
0.108047485351562 -0.0593490600585937 0.0326423645019531 -0.00216865539550782
0.0790481567382813 -0.106971740722656 0.0557327270507813 -0.0193710327148438
0.0254745483398437 -0.100875854492188 0.0485076904296875 -0.0389556884765625
-0.0124893188476563 -0.0990066528320313 0.0326004028320313 -0.04437255859375
-0.0492401123046875 -0.072845458984375 0.00765800476074219 -0.0311107635498047
-0.072235107421875 -0.0452499389648438 -0.000614166259765629 -0.0104227066040039
-0.0749359130859375 -0.0484848022460938 0.00526952743530273 0.00387048721313476
-0.0784454345703125 -0.0427780151367188 0.000591278076171868 0.0247840881347656
-0.0516128540039062 -0.0663261413574219 -0.0110626220703125 0.0427055358886719
-0.0277023315429688 -0.0912322998046875 -0.0337791442871094 0.0438117980957031
0.00179290771484375 -0.102493286132813 -0.0648155212402344 0.0299911499023437
0.076385498046875 -0.102714538574219 -0.0679130554199219 -0.00967025756835938
0.100570678710938 -0.0726699829101562 -0.044189453125 -0.0101356506347656
0.134017944335938 -0.0656280517578125 -0.00133323669433593 0.0179901123046875
0.128059387207031 -0.0476913452148438 0.0312347412109375 -0.0499000549316406
0.110870361328125 -0.0503158569335938 0.0541801452636719 -0.0188255310058594
0.085052490234375 -0.101676940917969 0.0604629516601563 -0.0161285400390625
0.0277175903320313 -0.0987014770507813 0.0554618835449219 -0.0233993530273438
-0.0110855102539062 -0.0950164794921875 0.0447273254394531 -0.0216903686523438
-0.0464363098144531 -0.0684127807617188 0.0330104827880859 -0.00888442993164063
-0.065216064453125 -0.0411605834960937 0.0315876007080078 0.000331878662109373
-0.068145751953125 -0.0426445007324219 0.0324211120605469 0.0117740631103516
-0.0709991455078125 -0.037139892578125 0.0291042327880859 0.0346088409423828
-0.0457229614257813 -0.0574073791503906 0.0136833190917969 0.0585899353027344
-0.0260848999023437 -0.0802688598632813 -0.0185165405273437 0.0584602355957031
0.00124359130859375 -0.0925140380859375 -0.0516128540039062 0.038604736328125
0.0738525390625 -0.0943374633789063 -0.0542716979980469 -0.00613784790039062
0.0992431640625 -0.0618057250976563 -0.0219821929931641 -0.022064208984375
0.12841796875 -0.0516357421875 0.0410385131835938 0.00449371337890625
0.100776672363281 -0.0270309448242188 0.0677757263183594 -0.0643196105957031
0.0943069458007813 -0.0317001342773438 0.0717544555664063 -0.0332107543945313
0.0765304565429688 -0.0777053833007813 0.0615882873535156 -0.011199951171875
0.0252609252929688 -0.0771942138671875 0.05804443359375 -0.00779724121093751
-0.00711822509765626 -0.07330322265625 0.0527420043945313 5.72204589843705E-05
-0.0355377197265625 -0.0519142150878906 0.0541572570800781 0.00902938842773437
-0.0475502014160156 -0.0298042297363281 0.0571060180664062 0.0081634521484375
-0.0519638061523438 -0.0305595397949219 0.0541305541992188 0.0178642272949219
-0.0546951293945313 -0.0268630981445312 0.051849365234375 0.0418548583984375
-0.0348320007324219 -0.0408897399902344 0.0319099426269531 0.0699348449707031
-0.0208015441894531 -0.0593948364257812 -0.00666046142578125 0.0680427551269531
-0.000450134277343758 -0.0709075927734375 -0.0384292602539063 0.0433349609375
0.061492919921875 -0.073883056640625 -0.038848876953125 -0.00190734863281251
0.0843124389648438 -0.0424423217773438 -0.000921249389648432 -0.0283145904541016
0.102806091308594 -0.0308609008789062 0.0765380859375 -0.003509521484375
0.0580635070800781 -0.00301742553710937 0.0919265747070313 -0.071685791015625
0.0629653930664063 -0.00937652587890625 0.0825958251953125 -0.0408859252929688
0.0522613525390625 -0.0442466735839844 0.061004638671875 -0.00477218627929688
0.0151481628417969 -0.0440635681152344 0.0601387023925781 0.0042266845703125
-0.00444793701171875 -0.0389060974121094 0.0569076538085937 0.0144805908203125
-0.0190219879150391 -0.0267257690429687 0.0670967102050781 0.0195884704589844
-0.0229778289794922 -0.0139141082763672 0.0737152099609375 0.0115814208984375
-0.0283355712890625 -0.0136814117431641 0.0667343139648438 0.0203933715820313
-0.0313739776611328 -0.0125789642333984 0.0663604736328125 0.0458755493164063
-0.0214405059814453 -0.0196075439453125 0.043487548828125 0.076568603515625
-0.0162582397460938 -0.0334091186523438 0.000343322753906245 0.0734405517578125
-0.00431060791015625 -0.0445823669433594 -0.02764892578125 0.0464057922363281
0.0406227111816406 -0.0479316711425781 -0.0272502899169922 0.00409507751464844
0.057891845703125 -0.0207862854003906 0.0143051147460938 -0.0283946990966797
0.0632057189941406 -0.00797271728515625 0.100196838378906 -0.00498199462890625
-0.0103845596313477 -0.0119419097900391 -0.10760498046875 0.0211715698242187
-0.0185356140136719 0.00966835021972656 -0.0275554656982422 0.0334415435791016
-0.00742721557617188 0.0213623046875 0.0252780914306641 -0.0107917785644531
0.0117340087890625 0.0179252624511719 0.0261459350585937 -0.0511131286621094
0.0147714614868164 0.00430107116699219 0.00182342529296876 -0.07952880859375
0.00678348541259766 -0.00492286682128906 -0.0504913330078125 -0.0828094482421875
-0.00469732284545899 -0.0039210319519043 -0.0816879272460937 -0.0412521362304688
-0.00505304336547852 -0.00352048873901367 -0.0752639770507813 -0.0190048217773437
-0.00547933578491211 -0.00281095504760742 -0.077667236328125 -0.00727081298828124
-0.00384521484375 -0.00694513320922851 -0.0801162719726563 -0.0155029296875
-7.1287155151367E-05 -0.00231242179870605 -0.0698814392089844 -0.0124053955078125
-0.00531816482543945 0.00825738906860352 -0.0670433044433594 -0.00782012939453125
-0.0202484130859375 0.00337028503417969 -0.0701065063476562 -0.00609207153320311
-0.0255451202392578 -0.0137157440185547 -0.083251953125 0.0408935546875
-0.0204238891601562 -0.025360107421875 -0.106552124023438 0.0744552612304687
0.0386505126953125 -0.0350723266601563 -0.101661682128906 0.0167388916015625
0.0187225341796875 -0.0146579742431641 -0.0217380523681641 0.0306587219238281
0.0160255432128906 -0.0156574249267578 0.0281314849853516 -0.0166511535644531
0.0166006088256836 -0.0146198272705078 0.0249099731445312 -0.0543556213378906
0.00795555114746094 -0.0262851715087891 0.001953125 -0.0790557861328125
-0.0105838775634766 -0.0275688171386719 -0.0482330322265625 -0.077423095703125
-0.0302791595458984 -0.0185146331787109 -0.0752105712890625 -0.0369491577148437
-0.0327129364013672 -0.0206832885742188 -0.0668296813964844 -0.0156021118164063
-0.0347385406494141 -0.0186367034912109 -0.071502685546875 -0.00192260742187502
-0.0227813720703125 -0.0328121185302734 -0.0751571655273438 -0.00708770751953126
-0.00847625732421875 -0.0392494201660156 -0.0697212219238281 -0.00576400756835939
0.000310897827148435 -0.0331535339355469 -0.0733566284179688 -0.00436401367187501
0.0153274536132813 -0.0338153839111328 -0.0742034912109375 -0.0107574462890625
0.0175247192382813 -0.0383987426757813 -0.0818328857421875 0.0341339111328125
0.0331535339355469 -0.0484886169433594 -0.0990142822265625 0.0673980712890625
0.0831527709960938 -0.0545730590820313 -0.082061767578125 0.00621795654296874
0.0552253723144531 -0.0388565063476562 -0.00768089294433594 0.0247459411621094
0.0387077331542969 -0.0562171936035156 0.0367927551269531 -0.0199813842773438
0.0182723999023438 -0.0503044128417969 0.0293159484863281 -0.0547599792480469
-0.0018463134765625 -0.0570869445800781 0.00629425048828125 -0.0740585327148438
-0.0288314819335938 -0.0481719970703125 -0.0378341674804688 -0.0665855407714844
-0.0530891418457031 -0.0305023193359375 -0.0580787658691406 -0.0295028686523437
-0.0562248229980469 -0.0339736938476562 -0.0488815307617188 -0.0101737976074219
-0.059295654296875 -0.0307083129882813 -0.0540046691894531 0.00625228881835938
-0.039764404296875 -0.0526924133300781 -0.0605506896972656 0.00815200805664062
-0.0187225341796875 -0.0687103271484375 -0.0633163452148438 0.00938796997070313
0.00146865844726562 -0.0697555541992188 -0.0770645141601563 0.00646209716796874
0.0434761047363281 -0.0689964294433594 -0.0782699584960938 -0.0115890502929688
0.0548286437988281 -0.0600204467773437 -0.0750808715820313 0.0218658447265625
0.0800552368164062 -0.0663604736328125 -0.0764312744140625 0.053436279296875
0.115776062011719 -0.0666046142578125 -0.0503158569335937 -0.0104522705078125
0.0858383178710938 -0.0579071044921875 0.0112190246582031 0.0136585235595703
0.0579681396484375 -0.0916748046875 0.0471611022949219 -0.0210075378417969
0.0190887451171875 -0.0822601318359375 0.0380401611328125 -0.0503463745117188
-0.011871337890625 -0.0833511352539063 0.0172348022460937 -0.0635223388671875
-0.044342041015625 -0.0635147094726563 -0.0190391540527344 -0.0507354736328125
-0.0688629150390625 -0.0388069152832031 -0.0323390960693359 -0.0203742980957031
-0.0718841552734375 -0.0421066284179688 -0.0233440399169922 -0.00343894958496094
-0.0754470825195313 -0.037200927734375 -0.0283603668212891 0.0159988403320313
-0.0514717102050781 -0.0634422302246094 -0.0373115539550781 0.0254859924316406
-0.0282440185546875 -0.0867996215820312 -0.0503387451171875 0.0274887084960937
-0.00116729736328125 -0.0939254760742188 -0.0737457275390625 0.0206680297851562
0.0622940063476563 -0.09625244140625 -0.0771865844726563 -0.0103073120117188
0.082550048828125 -0.07470703125 -0.0625228881835938 0.00721740722656249
0.114143371582031 -0.0752639770507813 -0.0420036315917969 0.0364875793457031
0.131767272949219 -0.0660858154296875 -0.0111007690429687 -0.0313510894775391
0.105110168457031 -0.064239501953125 0.0328388214111328 -0.00299835205078125
0.0733642578125 -0.110572814941406 0.0552940368652344 -0.0204124450683594
0.0211715698242187 -0.101242065429688 0.0475807189941406 -0.0397682189941406
-0.017120361328125 -0.0978469848632813 0.0315895080566406 -0.0457572937011719
-0.0517120361328125 -0.0707626342773438 0.00714683532714843 -0.0314140319824219
-0.074127197265625 -0.04156494140625 -0.000371932983398443 -0.0106163024902344
-0.0769577026367188 -0.0438690185546875 0.00539398193359375 0.00373268127441406
-0.079803466796875 -0.0384063720703125 0.00150299072265625 0.0248889923095703
-0.0542564392089844 -0.0635948181152344 -0.0101661682128906 0.0425643920898437
-0.0320663452148438 -0.0897293090820313 -0.033233642578125 0.044891357421875
-0.00281524658203125 -0.101547241210938 -0.0637779235839844 0.0324821472167969
0.0706329345703125 -0.105926513671875 -0.0692024230957031 -0.00799560546875001
0.0973663330078125 -0.07684326171875 -0.0449867248535156 -0.00859832763671874
0.130088806152344 -0.07159423828125 -0.000837326049804681 0.0180683135986328
0.125717163085938 -0.05340576171875 0.0299530029296875 -0.0511550903320313
0.108238220214844 -0.0552978515625 0.0535507202148438 -0.0208511352539063
0.0797958374023437 -0.105697631835937 0.0597801208496094 -0.0171623229980469
0.0239715576171875 -0.0990447998046875 0.054443359375 -0.0243988037109375
-0.016021728515625 -0.0944976806640625 0.044586181640625 -0.0229301452636719
-0.0489463806152344 -0.0663528442382813 0.03363037109375 -0.0104656219482422
-0.0669288635253906 -0.0383262634277344 0.0314559936523438 -0.00176239013671875
-0.0701332092285156 -0.03912353515625 0.0326709747314453 0.0102405548095703
-0.0726242065429688 -0.0335769653320313 0.0302257537841797 0.0333232879638672
-0.047821044921875 -0.0552291870117187 0.0154609680175781 0.0571174621582031
-0.0291519165039063 -0.0787811279296875 -0.0168724060058594 0.0586738586425781
-0.00262451171875 -0.0919647216796875 -0.0505790710449219 0.0407028198242187
0.0691680908203125 -0.09722900390625 -0.0555000305175781 -0.004852294921875
0.0967483520507813 -0.0658111572265625 -0.0232734680175781 -0.021697998046875
0.124984741210937 -0.057464599609375 0.040313720703125 0.002655029296875
0.0995559692382813 -0.031280517578125 0.0657844543457031 -0.0669631958007813
0.0924606323242187 -0.03570556640625 0.0704345703125 -0.0359573364257813
0.072540283203125 -0.0810775756835938 0.0605583190917969 -0.0126686096191406
0.022125244140625 -0.0776290893554688 0.0572242736816406 -0.00900650024414063
-0.0108566284179688 -0.0726547241210938 0.0528793334960937 -0.00146865844726563
-0.0373802185058594 -0.0506401062011719 0.0553703308105469 0.00689697265625
-0.0481338500976563 -0.0281143188476563 0.057708740234375 0.00461959838867187
-0.0530738830566406 -0.0275955200195313 0.0540962219238281 0.0147857666015625
-0.0552215576171875 -0.0236358642578125 0.0529136657714844 0.0392494201660156
-0.0363883972167969 -0.0391197204589844 0.0342445373535156 0.0676078796386719
-0.0231857299804688 -0.0583686828613281 -0.00481033325195312 0.0685882568359375
-0.0032196044921875 -0.0705337524414062 -0.0371780395507813 0.0446815490722656
0.0574188232421875 -0.0761489868164063 -0.0401229858398438 -0.00117492675781251
0.0822906494140625 -0.0460052490234375 -0.00293350219726562 -0.0284042358398438
0.101112365722656 -0.0355987548828125 0.07513427734375 -0.00658416748046875
0.0579338073730469 -0.00526046752929688 0.0893096923828125 -0.0752639770507813
0.0619697570800781 -0.0119857788085938 0.0803604125976563 -0.0442428588867188
0.0498847961425781 -0.0466880798339844 0.0604667663574219 -0.00645065307617188
0.0140647888183594 -0.0442276000976562 0.0600318908691406 0.00281524658203125
-0.0059967041015625 -0.0389060974121094 0.0577850341796875 0.0131149291992187
-0.0204753875732422 -0.02587890625 0.0691032409667969 0.0163154602050781
-0.0235176086425781 -0.0130100250244141 0.0741806030273438 0.0074615478515625
-0.0284748077392578 -0.0120697021484375 0.0665779113769531 0.0170669555664063
-0.0312175750732422 -0.0104904174804688 0.0675201416015625 0.042449951171875
-0.0216636657714844 -0.0191898345947266 0.0457992553710938 0.0732192993164063
-0.0172443389892578 -0.0330772399902344 0.00284576416015625 0.0738525390625
-0.00576019287109375 -0.0438232421875 -0.0267715454101562 0.0471687316894531
0.0383949279785156 -0.0492706298828125 -0.0277080535888672 0.00485610961914062
0.0573387145996094 -0.02325439453125 0.0124301910400391 -0.0291690826416016
0.0624656677246094 -0.0106010437011719 0.0987014770507813 -0.00927734375
-0.0100307464599609 -0.0116615295410156 -0.105743408203125 0.0243377685546875
-0.0185298919677734 0.00996780395507813 -0.0264778137207031 0.03497314453125
-0.00716209411621094 0.0218715667724609 0.0256443023681641 -0.0109615325927734
0.0123605728149414 0.0175046920776367 0.0257949829101562 -0.0516738891601563
0.0153894424438477 0.00400829315185547 0.000823974609375007 -0.0797653198242188
0.0066375732421875 -0.00496673583984375 -0.053009033203125 -0.0820846557617188
-0.00494575500488281 -0.00350046157836914 -0.0817642211914063 -0.0383987426757812
-0.00522947311401367 -0.00333547592163086 -0.075164794921875 -0.0159530639648437
-0.00604438781738281 -0.00257205963134766 -0.0777511596679687 -0.0046539306640625
-0.0041666030883789 -0.007110595703125 -0.0813140869140625 -0.0129241943359375
-0.000179290771484375 -0.00235319137573242 -0.0711441040039063 -0.0106582641601563
-0.00507354736328125 0.00848007202148437 -0.0675773620605469 -0.00719833374023438
-0.0199069976806641 0.00319290161132812 -0.0699577331542969 -0.00515365600585938
-0.0256252288818359 -0.0137672424316406 -0.0816116333007813 0.042755126953125
-0.0210685729980469 -0.0245208740234375 -0.104621887207031 0.07781982421875
0.0382766723632813 -0.0362930297851562 -0.09991455078125 0.0189437866210938
0.0180034637451172 -0.0155410766601562 -0.020416259765625 0.0318508148193359
0.0153484344482422 -0.0162487030029297 0.02850341796875 -0.0163364410400391
0.016026496887207 -0.0149135589599609 0.0245552062988281 -0.0546798706054687
0.0074005126953125 -0.0267410278320313 0.000541687011718745 -0.079345703125
-0.0112895965576172 -0.0275993347167969 -0.049835205078125 -0.0761947631835938
-0.0313339233398438 -0.0172348022460938 -0.07537841796875 -0.034271240234375
-0.0338554382324219 -0.0194225311279297 -0.066680908203125 -0.0132713317871094
-0.0354270935058594 -0.0173835754394531 -0.071624755859375 0.000617980957031254
-0.0239810943603516 -0.0324840545654297 -0.0763015747070313 -0.00492095947265627
-0.00983428955078125 -0.0389633178710938 -0.0707321166992188 -0.00466156005859375
-7.43865966796897E-05 -0.0331592559814453 -0.0740585327148438 -0.00322723388671875
0.014190673828125 -0.0349674224853516 -0.0744705200195313 -0.0099639892578125
0.0164375305175781 -0.0392913818359375 -0.0804519653320313 0.035430908203125
0.0316886901855469 -0.0498046875 -0.0970687866210937 0.069854736328125
0.0817642211914062 -0.0570144653320312 -0.080352783203125 0.00823974609375001
0.05389404296875 -0.0409774780273438 -0.00627708435058593 0.0256595611572266
0.0362739562988281 -0.0574150085449219 0.0368499755859375 -0.0197486877441406
0.0173492431640625 -0.0507011413574219 0.0294723510742188 -0.0553932189941406
-0.0033111572265625 -0.0570831298828125 0.005523681640625 -0.07440185546875
-0.030059814453125 -0.0472564697265625 -0.0391426086425781 -0.0653800964355469
-0.05413818359375 -0.0287399291992188 -0.0583229064941406 -0.0279388427734375
-0.0575332641601563 -0.03179931640625 -0.0484657287597656 -0.00825119018554687
-0.0604476928710937 -0.0285301208496094 -0.0535926818847656 0.00848770141601562
-0.0415229797363281 -0.0515594482421875 -0.06103515625 0.00949859619140626
-0.0211830139160156 -0.0685501098632813 -0.0645866394042969 0.0102920532226563
9.5367431640631E-05 -0.0700035095214844 -0.0770797729492188 0.00779724121093749
0.0415802001953125 -0.0710678100585938 -0.0789718627929688 -0.0108184814453125
0.0541000366210938 -0.0617637634277344 -0.0741043090820313 0.0233535766601563
0.078460693359375 -0.068817138671875 -0.0751190185546875 0.0556488037109375
0.114822387695313 -0.0700225830078125 -0.0491943359375 -0.00926971435546875
0.0847930908203125 -0.0609054565429688 0.0127391815185547 0.0140771865844727
0.0552139282226563 -0.0942153930664062 0.0470657348632812 -0.0212287902832031
0.0174407958984375 -0.08306884765625 0.0379447937011719 -0.0506935119628906
-0.0142898559570312 -0.0832748413085938 0.0163383483886719 -0.0643768310546875
-0.0463294982910156 -0.0623207092285156 -0.0196304321289062 -0.0503501892089844
-0.0703125 -0.0368270874023438 -0.0321178436279297 -0.0196971893310547
-0.0735931396484375 -0.0394363403320312 -0.0231685638427734 -0.00238990783691407
-0.0762939453125 -0.0348587036132812 -0.0280742645263672 0.0175819396972656
-0.0534477233886719 -0.0618019104003906 -0.0372505187988281 0.026275634765625
-0.0307998657226562 -0.085662841796875 -0.0508842468261719 0.0285911560058594
-0.00344085693359375 -0.0940628051757813 -0.07373046875 0.0222396850585937
0.0589523315429688 -0.0978622436523437 -0.0783920288085938 -0.00920867919921876
0.0812911987304688 -0.076904296875 -0.0622634887695312 0.008148193359375
0.111946105957031 -0.0786514282226563 -0.0410041809082031 0.0375862121582031
0.130058288574219 -0.07037353515625 -0.0109157562255859 -0.0310821533203125
0.103935241699219 -0.0680694580078125 0.033447265625 -0.00342559814453125
0.070159912109375 -0.112991333007812 0.0553970336914063 -0.0207405090332031
0.0185470581054688 -0.101333618164063 0.0471458435058594 -0.0399131774902344
-0.0198745727539063 -0.097137451171875 0.0310401916503906 -0.0463447570800781
-0.0538673400878906 -0.0692977905273438 0.00709152221679687 -0.0315780639648438
-0.075439453125 -0.0398178100585938 -0.000153541564941412 -0.0109920501708984
-0.0785064697265625 -0.041290283203125 0.00561189651489257 0.00403261184692383
-0.080902099609375 -0.0354385375976562 0.00198173522949218 0.0260505676269531
-0.0554580688476562 -0.062896728515625 -0.0097198486328125 0.0427665710449219
-0.0343399047851562 -0.0887832641601563 -0.0334663391113281 0.0455513000488281
-0.00508880615234374 -0.101318359375 -0.0638427734375 0.0344619750976562
0.0674209594726562 -0.108085632324219 -0.0704879760742187 -0.00665283203125002
0.09576416015625 -0.0794754028320313 -0.0449943542480469 -0.00792694091796876
0.127983093261719 -0.0755081176757813 -0.000450134277343743 0.0181331634521484
0.124954223632813 -0.0568084716796875 0.0299224853515625 -0.0521469116210938
0.106658935546875 -0.058258056640625 0.0533180236816406 -0.0215225219726563
0.0765304565429688 -0.108078002929687 0.0597457885742188 -0.0175895690917969
0.0221328735351563 -0.0990829467773438 0.053985595703125 -0.025054931640625
-0.0182342529296875 -0.0940170288085937 0.0446510314941406 -0.0238265991210938
-0.0511589050292969 -0.0653572082519531 0.0341434478759766 -0.0113983154296875
-0.0678443908691406 -0.0363273620605469 0.03173828125 -0.00319480895996094
-0.0712356567382813 -0.036224365234375 0.0327491760253906 0.00933456420898437
-0.072967529296875 -0.030975341796875 0.0306320190429688 0.0328483581542969
-0.0492973327636719 -0.0542869567871094 0.0162582397460937 0.0560569763183594
-0.0307083129882812 -0.0781936645507813 -0.0171051025390625 0.059356689453125
-0.00511932373046875 -0.0920181274414063 -0.0501289367675781 0.0418624877929688
0.0659332275390625 -0.098876953125 -0.0570793151855469 -0.00410079956054689
0.0952835083007813 -0.067901611328125 -0.0244388580322266 -0.0211429595947266
0.123252868652344 -0.0607986450195312 0.0397300720214844 0.00211715698242187
0.0990676879882813 -0.0338668823242188 0.0650672912597656 -0.0687789916992188
0.0912704467773438 -0.0385360717773438 0.069488525390625 -0.0369148254394531
0.0697097778320313 -0.0834884643554688 0.060760498046875 -0.0127105712890625
0.0206680297851563 -0.0778961181640625 0.0575294494628906 -0.00938415527343751
-0.0131454467773438 -0.0726394653320313 0.0540885925292969 -0.0023193359375
-0.0393791198730469 -0.0498008728027344 0.0566520690917969 0.0052337646484375
-0.0497093200683594 -0.0272369384765625 0.0583724975585937 0.00236129760742187
-0.0539016723632813 -0.0256195068359375 0.0538597106933594 0.0134201049804687
-0.0552711486816406 -0.0218315124511719 0.0535812377929688 0.0378227233886719
-0.0367050170898437 -0.0388755798339844 0.0358047485351563 0.0660743713378906
-0.0243949890136719 -0.0578765869140625 -0.00422668457031251 0.0685539245605469
-0.00445556640625001 -0.0706024169921875 -0.0369110107421875 0.045745849609375
0.0552444458007812 -0.0773544311523437 -0.0414237976074219 -0.000743865966796884
0.0817184448242188 -0.0480117797851562 -0.00455284118652343 -0.0285167694091797
0.0998687744140625 -0.037811279296875 0.07391357421875 -0.0077056884765625
0.057891845703125 -0.00682830810546875 0.0886383056640625 -0.07794189453125
0.0612907409667969 -0.0131950378417969 0.07891845703125 -0.0459060668945313
0.0485572814941406 -0.0479049682617188 0.0604400634765625 -0.00677871704101563
0.0129432678222656 -0.0442657470703125 0.0599822998046875 0.00225067138671875
-0.0074310302734375 -0.0387802124023438 0.0589485168457031 0.012359619140625
-0.0211925506591797 -0.0254077911376953 0.0711517333984375 0.0147018432617187
-0.0235099792480469 -0.0126895904541016 0.074615478515625 0.00487518310546875
-0.0289115905761719 -0.0108699798583984 0.0665435791015625 0.01483154296875
-0.0315608978271484 -0.00953483581542968 0.0676155090332031 0.040435791015625
-0.0220813751220703 -0.0189170837402344 0.047027587890625 0.0715713500976563
-0.0179595947265625 -0.0325088500976563 0.00373077392578125 0.0738067626953125
-0.00606536865234375 -0.0435562133789062 -0.0261268615722656 0.0480270385742188
0.0371589660644531 -0.050079345703125 -0.0284271240234375 0.00474166870117187
0.0566978454589844 -0.0248260498046875 0.0105476379394531 -0.0295486450195313
0.0618247985839844 -0.0120849609375 0.09747314453125 -0.01116943359375
-0.0103302001953125 -0.0119047164916992 -0.106208801269531 0.0263671875
-0.0185966491699219 0.0104522705078125 -0.0255661010742188 0.0363235473632813
-0.00711631774902344 0.0221214294433594 0.0267486572265625 -0.0106201171875
0.0122737884521484 0.0174779891967773 0.0268478393554688 -0.0526008605957031
0.0157718658447266 0.00372028350830078 -2.28881835937546E-05 -0.0822067260742188
0.00628042221069336 -0.00478124618530273 -0.0550689697265625 -0.0823135375976562
-0.00516223907470703 -0.00323057174682617 -0.0830154418945313 -0.0367202758789063
-0.00557565689086914 -0.00265979766845703 -0.0758209228515625 -0.0145034790039063
-0.00671720504760742 -0.00207233428955078 -0.0793380737304688 -0.00330352783203125
-0.0047917366027832 -0.00715541839599609 -0.08380126953125 -0.011749267578125
-0.000336170196533203 -0.00248575210571289 -0.0731658935546875 -0.00972747802734376
-0.00509500503540039 0.00865745544433594 -0.0691757202148438 -0.00736618041992188
-0.0204391479492187 0.003509521484375 -0.0704803466796875 -0.00473785400390624
-0.0266132354736328 -0.0140609741210938 -0.081878662109375 0.0449295043945313
-0.0218467712402344 -0.0246009826660156 -0.10504150390625 0.08111572265625
0.03839111328125 -0.037994384765625 -0.100166320800781 0.020782470703125
0.01824951171875 -0.0166912078857422 -0.0197601318359375 0.033294677734375
0.0146512985229492 -0.0175256729125977 0.0294265747070313 -0.0165233612060547
0.0161256790161133 -0.0156145095825195 0.0250968933105469 -0.05572509765625
0.00718307495117188 -0.0268917083740234 -0.000434875488281252 -0.0813140869140625
-0.0123939514160156 -0.0275897979736328 -0.0520706176757813 -0.076416015625
-0.0318527221679688 -0.0167045593261719 -0.076507568359375 -0.032958984375
-0.0349826812744141 -0.0184097290039062 -0.0668525695800781 -0.011505126953125
-0.0370674133300781 -0.0169334411621094 -0.07257080078125 0.0023956298828125
-0.02545166015625 -0.0330963134765625 -0.0788116455078125 -0.00308990478515626
-0.0111579895019531 -0.0395469665527344 -0.0731735229492187 -0.00353240966796875
-0.000572204589843754 -0.0337295532226562 -0.0749359130859375 -0.00283813476562501
0.0136070251464844 -0.0363998413085937 -0.075775146484375 -0.00971221923828127
0.0163345336914063 -0.0405387878417969 -0.08056640625 0.0367965698242188
0.0315399169921875 -0.0513191223144531 -0.0979232788085938 0.0725631713867187
0.0829086303710938 -0.060028076171875 -0.0801239013671875 0.00968170166015625
0.0544357299804687 -0.0432167053222656 -0.00505638122558594 0.0267314910888672
0.0356216430664063 -0.059600830078125 0.0382843017578125 -0.0198783874511719
0.0166168212890625 -0.0517692565917969 0.0299301147460937 -0.0562400817871094
-0.00460433959960938 -0.0577507019042969 0.0052032470703125 -0.0767440795898437
-0.0314750671386719 -0.0476799011230469 -0.0408058166503906 -0.0656547546386719
-0.0555572509765625 -0.0281562805175781 -0.0593185424804688 -0.0271148681640625
-0.0593795776367188 -0.0305061340332031 -0.0484695434570313 -0.00698471069335939
-0.0620155334472656 -0.0278892517089844 -0.0542564392089844 0.0105323791503906
-0.0431480407714844 -0.0518569946289062 -0.0625076293945313 0.0108489990234375
-0.0232582092285156 -0.0695114135742188 -0.0665130615234375 0.011810302734375
-0.00128936767578125 -0.0708541870117188 -0.0784835815429687 0.00902557373046875
0.0406875610351563 -0.0735092163085938 -0.080352783203125 -0.0103607177734375
0.0544204711914063 -0.064208984375 -0.074188232421875 0.0246658325195312
0.0786590576171875 -0.071868896484375 -0.07513427734375 0.057830810546875
0.115325927734375 -0.0738525390625 -0.0489540100097656 -0.00890731811523438
0.0847015380859375 -0.0638656616210938 0.0141544342041016 0.0145397186279297
0.0534133911132813 -0.0970687866210938 0.0483207702636719 -0.0211753845214844
0.01641845703125 -0.0843124389648437 0.0387001037597656 -0.05108642578125
-0.0163497924804688 -0.083984375 0.0165214538574219 -0.0658607482910156
-0.04791259765625 -0.0630874633789063 -0.0201187133789063 -0.05120849609375
-0.0724105834960938 -0.0354385375976563 -0.0324897766113281 -0.0192508697509766
-0.0757522583007812 -0.0381622314453125 -0.0231227874755859 -0.00116920471191406
-0.0781021118164063 -0.03302001953125 -0.0279159545898437 0.0187549591064453
-0.0552291870117188 -0.0620231628417969 -0.038330078125 0.0277175903320313
-0.0333480834960937 -0.08685302734375 -0.0528984069824219 0.0297355651855469
-0.0051422119140625 -0.0955810546875 -0.0751571655273437 0.02313232421875
0.05755615234375 -0.101226806640625 -0.0803680419921875 -0.00865936279296876
0.08123779296875 -0.0799942016601563 -0.0628662109375 0.00920104980468749
0.112510681152344 -0.0823822021484375 -0.0412712097167969 0.0390777587890625
0.131332397460938 -0.07440185546875 -0.0102310180664062 -0.0314159393310547
0.104248046875 -0.0719451904296875 0.0344429016113281 -0.0027923583984375
0.0682144165039063 -0.116943359375 0.0568199157714844 -0.0203132629394531
0.0177078247070312 -0.103080749511719 0.0481796264648438 -0.0404739379882813
-0.0227813720703125 -0.0983505249023438 0.032073974609375 -0.0477371215820313
-0.0562705993652344 -0.0697593688964844 0.00741958618164062 -0.0321998596191406
-0.07757568359375 -0.0385589599609375 -8.48770141601597E-05 -0.0115642547607422
-0.080810546875 -0.0389328002929687 0.00558090209960937 0.00402688980102539
-0.0825653076171875 -0.0338897705078125 0.00255775451660156 0.0264987945556641
-0.0576019287109375 -0.0629501342773437 -0.0100059509277344 0.0431900024414062
-0.0369338989257813 -0.09002685546875 -0.0343856811523437 0.0470046997070312
-0.00666046142578124 -0.10321044921875 -0.0649948120117188 0.0358543395996094
0.06536865234375 -0.111129760742188 -0.0726547241210938 -0.00619506835937502
0.0962982177734375 -0.08233642578125 -0.0461502075195313 -0.00765609741210938
0.128273010253906 -0.0793380737304687 -0.000663757324218742 0.01885986328125
0.126396179199219 -0.0604324340820312 0.0307350158691406 -0.053558349609375
0.107749938964844 -0.0618362426757813 0.0544662475585938 -0.0223503112792969
0.0753936767578125 -0.111595153808594 0.0607185363769531 -0.017120361328125
0.02081298828125 -0.100883483886719 0.0552482604980469 -0.0246162414550781
-0.0208206176757812 -0.0950698852539062 0.0457267761230469 -0.0247039794921875
-0.0533256530761719 -0.0656776428222656 0.0355606079101563 -0.0122451782226563
-0.0701560974121094 -0.0353736877441406 0.0326290130615234 -0.00423049926757813
-0.0735092163085938 -0.0346603393554687 0.0332012176513672 0.00895118713378906
-0.074615478515625 -0.0294723510742187 0.0315341949462891 0.0329246520996094
-0.0508918762207031 -0.0546226501464844 0.0163116455078125 0.0569305419921875
-0.0329055786132813 -0.0792388916015625 -0.0170249938964844 0.0609321594238281
-0.00576782226562499 -0.0932693481445313 -0.0511627197265625 0.0435447692871094
0.06427001953125 -0.102195739746094 -0.0590591430664062 -0.00359344482421877
0.0961761474609375 -0.0708999633789063 -0.0257663726806641 -0.0210037231445313
0.123931884765625 -0.0641860961914062 0.0397415161132813 0.00165557861328125
0.100021362304687 -0.0367965698242188 0.0654067993164063 -0.0715560913085938
0.0922012329101562 -0.040679931640625 0.0701560974121094 -0.0385246276855469
0.0688400268554688 -0.0859603881835937 0.0615921020507813 -0.0124931335449219
0.020172119140625 -0.0791549682617188 0.0587158203125 -0.00928115844726563
-0.0144882202148438 -0.0734100341796875 0.0554389953613281 -0.00229644775390625
-0.0411338806152344 -0.0501785278320313 0.0591773986816406 0.00462722778320312
-0.0512428283691406 -0.026519775390625 0.0592498779296875 0.000587463378906248
-0.0554008483886719 -0.0246658325195313 0.0545921325683594 0.01251220703125
-0.0564804077148438 -0.020660400390625 0.0548210144042969 0.03753662109375
-0.0379791259765625 -0.0392189025878906 0.0364265441894531 0.0659561157226563
-0.0256309509277344 -0.0585289001464844 -0.00388336181640626 0.070404052734375
-0.00548553466796876 -0.0711593627929688 -0.0368309020996094 0.0474662780761719
0.0543670654296875 -0.0796051025390625 -0.04339599609375 -0.000442504882812503
0.08251953125 -0.0502243041992188 -0.00566482543945312 -0.0284061431884766
0.100685119628906 -0.0408554077148438 0.0742416381835937 -0.0087890625
0.0588226318359375 -0.00724411010742188 0.0892105102539062 -0.0811614990234375
0.0620956420898438 -0.0145606994628906 0.0793609619140625 -0.0473403930664063
0.0480613708496094 -0.0497207641601563 0.0616264343261719 -0.0066680908203125
0.0130348205566406 -0.0452003479003906 0.0617828369140625 0.00258255004882812
-0.0086822509765625 -0.0388374328613281 0.06103515625 0.0125389099121094
-0.0220947265625 -0.0252609252929687 0.0734710693359375 0.013916015625
-0.0241241455078125 -0.0127201080322266 0.0761871337890625 0.0027923583984375
-0.0293712615966797 -0.0103912353515625 0.0672798156738281 0.013763427734375
-0.031982421875 -0.00834083557128907 0.0693740844726563 0.0395164489746094
-0.0224723815917969 -0.0193405151367188 0.0484390258789062 0.071685791015625
-0.0188026428222656 -0.0329914093017578 0.00479888916015625 0.0757217407226563
-0.00649261474609375 -0.0440788269042969 -0.02642822265625 0.0495681762695312
0.0368003845214844 -0.0514373779296875 -0.0302257537841797 0.00464439392089843
0.0576629638671875 -0.0261001586914063 0.00896644592285157 -0.0302295684814453
0.0630149841308594 -0.012969970703125 0.0979156494140625 -0.0125274658203125
-0.0108070373535156 -0.0121746063232422 -0.108131408691406 0.030364990234375
-0.0188217163085938 0.0112094879150391 -0.0247726440429688 0.03900146484375
-0.00698280334472656 0.0230598449707031 0.0279884338378906 -0.0117053985595703
0.0127582550048828 0.0178451538085938 0.0267066955566406 -0.0549354553222656
0.0166187286376953 0.00279903411865234 -0.00273895263671875 -0.0850982666015625
0.00650596618652344 -0.00546073913574219 -0.0594024658203125 -0.0828170776367187
-0.00539016723632813 -0.00305747985839844 -0.085723876953125 -0.0348434448242188
-0.00630903244018555 -0.00261545181274414 -0.0775070190429688 -0.0121688842773437
-0.0073394775390625 -0.00161647796630859 -0.0816116333007813 -0.000373840332031238
-0.00574111938476563 -0.00684738159179687 -0.0875473022460938 -0.00889587402343749
-0.000642061233520508 -0.0027308464050293 -0.0767364501953125 -0.00868988037109374
-0.00525999069213867 0.00874662399291992 -0.0720367431640625 -0.00625610351562499
-0.0210819244384766 0.00328254699707031 -0.0725860595703125 -0.00452423095703125
-0.0281925201416016 -0.0138397216796875 -0.0822677612304688 0.0472869873046875
-0.0227851867675781 -0.0246181488037109 -0.1063232421875 0.0863723754882812
0.0384750366210938 -0.0409736633300781 -0.101669311523438 0.0243453979492188
0.0182552337646484 -0.0181121826171875 -0.0182647705078125 0.0355339050292969
0.0142459869384766 -0.0182571411132813 0.0308628082275391 -0.0170764923095703
0.0158262252807617 -0.0167398452758789 0.0252876281738281 -0.0577201843261719
0.00657272338867187 -0.0280284881591797 -0.00209808349609375 -0.08416748046875
-0.013580322265625 -0.0283050537109375 -0.056182861328125 -0.0771713256835938
-0.0336265563964844 -0.0160293579101563 -0.0785446166992188 -0.03131103515625
-0.0372695922851563 -0.0173759460449219 -0.0685844421386719 -0.00891876220703125
-0.0386199951171875 -0.0159835815429687 -0.0743789672851563 0.0053863525390625
-0.0275077819824219 -0.0330581665039063 -0.0819320678710938 -0.000549316406249989
-0.0130195617675781 -0.040008544921875 -0.0766220092773438 -0.00157928466796877
-0.00182914733886719 -0.0350570678710938 -0.0780410766601563 -0.00205230712890625
0.0120353698730469 -0.0381355285644531 -0.078125 -0.00900268554687502
0.0157966613769531 -0.0428276062011719 -0.081268310546875 0.0396652221679687
0.0313262939453125 -0.0541038513183594 -0.0990066528320313 0.0777740478515625
0.0839614868164063 -0.0649642944335938 -0.081298828125 0.0120010375976562
0.0545806884765625 -0.0470466613769531 -0.00374984741210937 0.0285186767578125
0.0342445373535156 -0.0629615783691406 0.039276123046875 -0.02093505859375
0.0157318115234375 -0.0539741516113281 0.0304718017578125 -0.0585441589355469
-0.00661468505859375 -0.0592384338378906 0.00347137451171875 -0.0795440673828125
-0.0341606140136719 -0.0484046936035156 -0.0434722900390625 -0.0666961669921875
-0.0589790344238281 -0.0265998840332031 -0.0610389709472656 -0.0257072448730469
-0.0622673034667969 -0.028900146484375 -0.0496711730957031 -0.00471115112304687
-0.0652313232421875 -0.025604248046875 -0.0555534362792969 0.0131416320800781
-0.0464401245117188 -0.0525093078613281 -0.0653533935546875 0.0137901306152344
-0.0264358520507813 -0.0706863403320313 -0.0695419311523438 0.0139999389648437
-0.0035400390625 -0.0732269287109375 -0.0808334350585938 0.0106201171875
0.0387344360351563 -0.0775222778320313 -0.0835037231445313 -0.00922393798828124
0.0540580749511719 -0.0676994323730469 -0.0751419067382813 0.026824951171875
0.07916259765625 -0.0765151977539063 -0.0758514404296875 0.0620269775390625
0.11688232421875 -0.0799713134765625 -0.049285888671875 -0.0076141357421875
0.0852127075195313 -0.0694046020507813 0.015528678894043 0.0154571533203125
0.0514984130859375 -0.101844787597656 0.0502891540527344 -0.0219802856445313
0.0144271850585938 -0.0874252319335938 0.0397682189941406 -0.0532760620117187
-0.0198745727539063 -0.085968017578125 0.0155448913574219 -0.0686874389648438
-0.05145263671875 -0.0638771057128906 -0.0213584899902344 -0.0517845153808594
-0.0755691528320312 -0.0338516235351563 -0.0336112976074219 -0.0188255310058594
-0.0796356201171875 -0.0358123779296875 -0.0232810974121094 -0.000307083129882819
-0.0821304321289063 -0.0309982299804687 -0.0280323028564453 0.0210914611816406
-0.0591812133789062 -0.0627098083496094 -0.0397682189941406 0.0299224853515625
-0.0373916625976563 -0.0883865356445313 -0.0548057556152344 0.0325736999511719
-0.00804901123046874 -0.0985946655273438 -0.077056884765625 0.0257568359375
0.055267333984375 -0.106582641601562 -0.083251953125 -0.00730895996093751
0.0820846557617188 -0.0848617553710938 -0.0640335083007813 0.0105857849121094
0.113433837890625 -0.0883636474609375 -0.0418014526367187 0.0414085388183594
0.132804870605469 -0.08062744140625 -0.0103740692138672 -0.0323867797851563
0.104705810546875 -0.0774002075195312 0.0362815856933594 -0.00331497192382813
0.0657958984375 -0.1224365234375 0.0582351684570313 -0.0207862854003906
0.0153274536132813 -0.106613159179687 0.0495262145996094 -0.0418205261230469
-0.0270309448242187 -0.100700378417969 0.0324897766113281 -0.0503425598144531
-0.0598526000976562 -0.070587158203125 0.00793838500976562 -0.033447265625
-0.0813369750976563 -0.0366973876953125 -0.000221252441406254 -0.0117874145507813
-0.084808349609375 -0.036773681640625 0.00613164901733398 0.00461244583129883
-0.0863189697265625 -0.031646728515625 0.00337219238281249 0.0277252197265625
-0.0613327026367188 -0.0635719299316406 -0.0101699829101563 0.0450897216796875
-0.04119873046875 -0.0910263061523438 -0.03558349609375 0.0501708984375
-0.0102462768554687 -0.106269836425781 -0.0663528442382813 0.0387344360351563
0.0634994506835937 -0.116615295410156 -0.0761489868164063 -0.00492858886718752
0.0971527099609375 -0.0879974365234375 -0.0475921630859375 -0.0068206787109375
0.130271911621094 -0.0860366821289063 -0.000198364257812492 0.0193595886230469
0.128067016601563 -0.066436767578125 0.0309562683105469 -0.0565338134765625
0.108543395996094 -0.0671844482421875 0.0557022094726563 -0.0237159729003906
0.0735549926757813 -0.117446899414063 0.0627708435058594 -0.0181007385253906
0.0195770263671875 -0.104400634765625 0.0569610595703125 -0.0260887145996094
-0.0246047973632813 -0.09661865234375 0.0477943420410156 -0.0265998840332031
-0.0576286315917969 -0.066192626953125 0.0377235412597656 -0.0139541625976563
-0.0736770629882813 -0.0344619750976562 0.0333251953125 -0.00602912902832031
-0.0768585205078125 -0.0326690673828125 0.0345134735107422 0.00844001770019531
-0.0774688720703125 -0.0271224975585937 0.0335407257080078 0.0333938598632813
-0.0540809631347656 -0.0553779602050781 0.0174636840820313 0.0582618713378906
-0.0366744995117188 -0.0806121826171875 -0.0168304443359375 0.0638389587402344
-0.00853729248046874 -0.0957183837890625 -0.051605224609375 0.0461959838867187
0.0628738403320313 -0.106925964355469 -0.0620498657226562 -0.00273513793945312
0.0972824096679688 -0.0761566162109375 -0.0276279449462891 -0.0215511322021484
0.125778198242188 -0.070037841796875 0.0408363342285156 0.000904083251953121
0.102264404296875 -0.0406265258789063 0.0661697387695313 -0.0757904052734375
0.093536376953125 -0.044189453125 0.0712966918945312 -0.0407791137695312
0.0680694580078125 -0.0909042358398438 0.0636367797851563 -0.0134124755859375
0.0190811157226562 -0.082000732421875 0.0606727600097656 -0.00984191894531251
-0.0179061889648438 -0.0742340087890625 0.0582962036132813 -0.0036468505859375
-0.0442161560058594 -0.0499610900878906 0.0619659423828125 0.00261688232421875
-0.0537757873535156 -0.0254096984863281 0.0611457824707031 -0.00151443481445313
-0.0577316284179687 -0.0225868225097656 0.0565643310546875 0.0109901428222656
-0.0583686828613281 -0.0192718505859375 0.0568733215332031 0.0370750427246094
-0.0399360656738281 -0.0398445129394531 0.0389251708984375 0.066650390625
-0.028289794921875 -0.0596351623535156 -0.0027618408203125 0.07330322265625
-0.00701904296874999 -0.0733108520507812 -0.0376548767089844 0.0502204895019531
0.05352783203125 -0.0834426879882813 -0.0459403991699219 0.000125885009765616
0.0837860107421875 -0.0540313720703125 -0.00742149353027343 -0.0293636322021484
0.102569580078125 -0.0448074340820312 0.0756149291992187 -0.0110244750976563
0.0605239868164063 -0.00913238525390625 0.090362548828125 -0.0858840942382812
0.0632781982421875 -0.0164375305175781 0.080780029296875 -0.0505752563476562
0.0478744506835938 -0.0523300170898437 0.0635871887207031 -0.00748062133789063
0.0125083923339844 -0.0465507507324219 0.0637016296386719 0.00232696533203125
-0.010284423828125 -0.0396537780761719 0.0644454956054688 0.0117340087890625
-0.0240345001220703 -0.0252532958984375 0.0777740478515625 0.011627197265625
-0.0256576538085938 -0.0127067565917969 0.0783004760742188 -0.000297546386718751
-0.0305213928222656 -0.00913429260253907 0.0693626403808594 0.0119667053222656
-0.0324478149414063 -0.00751304626464844 0.0724258422851563 0.03802490234375
-0.0240135192871094 -0.0192050933837891 0.0514450073242188 0.071990966796875
-0.0200576782226563 -0.0331974029541016 0.00646972656249999 0.0785675048828125
-0.00741195678710938 -0.0450973510742188 -0.0263710021972656 0.0520286560058594
0.0362014770507813 -0.0541801452636719 -0.0320415496826172 0.00516891479492188
0.0587005615234375 -0.0282211303710938 0.00729179382324219 -0.0309562683105469
0.0643844604492188 -0.0150413513183594 0.100090026855469 -0.01507568359375
0.00735110809451425 0.0101731108660439 -0.0857892808887575 -0.0754174704060369
0.0223589948953281 0.00341672552388956 -0.0493483148731725 -0.00673577659976807
0.0208336614606461 -0.00589686823884046 0.0219646856138419 0.0168919839349399
0.00461628825037869 -0.0182108183482567 0.0586109874153933 -0.00208541665206522
-0.00888612641644406 -0.00557201326113568 0.0778733691533598 -0.0491503999299403
-0.00312110652553801 0.00823555072972012 0.0480681768745416 -0.0914044810522775
0.00569052073132215 0.00852544231683382 0.00318670136870861 -0.0944929658718471
0.00767361428096393 0.00625352773914632 -0.0257056093722275 -0.08138240091247
0.00858048341756371 0.00891541592063124 -0.0342810611631598 -0.0776817268206686
0.00381820578740375 0.00799852342772639 -0.0343822303600554 -0.0800551909407867
0.00271094939622772 0.00358243607403234 -0.0303738465617108 -0.0774898053992334
0.0150291722587332 -0.000541297039416705 -0.0305440948355784 -0.0724062635235419
0.0224500530826689 0.0144992106790449 -0.0351986446545698 -0.0655375549989478
0.0110368610759523 0.0276603935565747 -0.0790032235788846 -0.0476552317271531
-0.00338910984130678 0.0252301739586781 -0.129263578972971 -0.0267127842904705
-0.0439505795416104 -0.0135714855065316 -0.077064842428894 -0.0639641952702625
-0.0261997604722617 -0.00689579600677864 -0.0423611153705264 0.00711218256983931
-0.0264661600055303 0.00221150921252391 0.0360062783370552 0.0261171232812987
-0.0272747482066445 0.00388472286128716 0.0691114377905691 0.000365749058968579
-0.0243313058341249 0.0247944731671519 0.0822836527751551 -0.0492258178197961
-0.00829420494421881 0.0376606407241022 0.048998031697293 -0.0867121234527393
0.00945541311514954 0.0409770476452197 0.00701402469467521 -0.0875617842575145
0.0169193890447977 0.0380120577294094 -0.0216388654065253 -0.0728685127647898
0.015065907870877 0.0443514291602457 -0.0327356974907351 -0.0697073546094719
-0.0028642405387096 0.0426794982324077 -0.0343801744833667 -0.0703448830110182
-0.016848054120631 0.0384881256741459 -0.0321085413381079 -0.0709381073726617
-0.0248079882054814 0.0239605931122143 -0.0335124073569254 -0.0697277480295694
-0.0296395046495288 0.0227216245950523 -0.0341765718424131 -0.0673327059326722
-0.0380332954298727 0.0118201412718873 -0.0749926086645041 -0.0452463974115075
-0.0544544666981561 -0.0018608030513452 -0.123005666585918 -0.0235031671105688
-0.0901551088885111 -0.0350571905975022 -0.0556789149050582 -0.0460030268233196
-0.0752486919135197 -0.0170051562061528 -0.0285234100420856 0.0269694001597913
-0.0766480744316076 0.0134646621890979 0.052419953242755 0.0423724369769769
-0.0598984232798238 0.0312108665169306 0.0820410852227867 0.00956847918139961
-0.0375979226476153 0.0574881882670331 0.0862592295244725 -0.0421203570835909
-0.011902187468951 0.0656547026212229 0.0496782184806775 -0.0720090600825053
0.0120813298534878 0.0688450542687044 0.012531677801962 -0.0698558264714784
0.0245216721043107 0.0638836982233854 -0.0143086753282326 -0.0539729198322692
0.0209892158951685 0.0721622969472594 -0.0285179224348761 -0.0496836577183721
-0.00697411178172095 0.0700896285869726 -0.034632230476353 -0.0483687871247574
-0.0298779488052846 0.0688413220257014 -0.0392626277032425 -0.0548996955243231
-0.0566126080221558 0.0487864098256258 -0.042579901165371 -0.0620559981197215
-0.0750641128418902 0.034015375791658 -0.0355591606016307 -0.0670177157709921
-0.0805599417090021 -0.0010619391497638 -0.0632424539292084 -0.0418888779974917
-0.0968688403527491 -0.026409601180366 -0.102183413013209 -0.0131494260868122
-0.124095442495391 -0.0516103083525561 -0.0206699481926593 -0.023951576313413
-0.11522207049644 -0.025068906555967 -0.00648432718295387 0.0467398966089659
-0.121331062820029 0.0231661126987353 0.0664608974356481 0.060232557187559
-0.0892635970100932 0.0561336354557459 0.0911114308513916 0.0248979074389457
-0.0479125601835414 0.0862988030325296 0.0877745185608515 -0.0256659879815606
-0.0143486224143953 0.0868699209111672 0.0501303541347065 -0.0462007875743492
0.0134380997313656 0.0880994489379571 0.0191139263790347 -0.0419722811846239
0.028635463271648 0.0809361649829834 -0.00467020334265771 -0.02797052278402
0.0251997505210935 0.0886475624610286 -0.0222701868823302 -0.0215212800367412
-0.00858613104391768 0.0865124882932923 -0.0334273920622382 -0.0183413458174798
-0.0364323443707472 0.0883615646168828 -0.0469296294856546 -0.0304416562711082
-0.0762092050664764 0.068165534779225 -0.051782142712217 -0.0476199191233315
-0.106437397567907 0.0438514057625907 -0.0370420079978585 -0.063336527060032
-0.111038082632295 -0.010834196487156 -0.0453361077833746 -0.0377736578770852
-0.125168407887841 -0.0457840916264279 -0.069361416072249 0.0025552224010671
-0.137011349882194 -0.0605911977390442 0.0219178329583406 -0.00224253717421417
-0.136192492455292 -0.0335955437211652 0.0203526019738002 0.0610885139278792
-0.148289498983427 0.0235736977855224 0.0730095534818753 0.0749793156545175
-0.107806603560166 0.0686627674161103 0.0907405104306231 0.0424383688704328
-0.0561742074840059 0.100542733600319 0.0824582088766516 0.000596975193967652
-0.0165856368353632 0.0956698804298252 0.0490671878578278 -0.0120237567969549
0.0119642067784714 0.0942051010400914 0.0257222725612914 -0.00790583788045943
0.0289068376864491 0.0851864156187163 0.00560150990686598 0.00279452988446581
0.0247463835127879 0.0912128643973834 -0.0145193716954974 0.0111936942274808
-0.0101086910746556 0.0885643136512218 -0.0314189012887189 0.0146339956037085
-0.0368673134521288 0.091921503472456 -0.052553471058127 -0.00341787077457329
-0.0821246120462755 0.0738848081393749 -0.0571901386594772 -0.0309033937780522
-0.119475123074516 0.0455447710136375 -0.034786704729736 -0.0543259784303841
-0.123477248176903 -0.019590076571628 -0.0234982652670706 -0.0314073140154399
-0.133345030740681 -0.0585081447880047 -0.0292100355620765 0.0206787815255853
-0.126960165419828 -0.0615653457679501 0.0647662084264264 0.017296511041133
-0.131165430099118 -0.0410614522881952 0.0475893277320021 0.0680493062079527
-0.148979771972943 0.0135537791141589 0.0704296923521923 0.0816841962420018
-0.109648883186153 0.0616204631142314 0.0781191840225303 0.0584346812408817
-0.0565590720857977 0.0941751148233852 0.0687161160005016 0.0291988608666837
-0.0180479828217035 0.0884043522897143 0.04469152810759 0.0246635010810214
0.0076566713463461 0.0852294211718373 0.0310302488835614 0.0269346674003198
0.0248119222970656 0.0768887144066644 0.0149505495640326 0.032363101190018
0.0216472364255769 0.0804260996451127 -0.00824285236618941 0.0417086394445127
-0.0102031912901477 0.0771751971615313 -0.0301587167884802 0.0441181283508202
-0.0326373401967787 0.0800404620604012 -0.0579734181237422 0.0206794632117983
-0.0749090481310228 0.0653874446951895 -0.058134482786456 -0.0144066085301632
-0.113292420389616 0.0382128318514772 -0.0299987026121151 -0.0421508249062396
-0.115805222448911 -0.026860657939616 -0.00168518327278088 -0.0222905735764474
-0.12040776186642 -0.0623320959049872 0.0109454820514587 0.0394964727639988
-0.0952787269249003 -0.0515575397346912 0.100998658904705 0.031016850219159
-0.104142771197762 -0.0422944332743546 0.0695023179372929 0.0688889954478668
-0.123206237455122 0.00145392730062369 0.0602259551915055 0.0805088554663186
-0.0909074289886314 0.0435070108494812 0.0593170849150633 0.0670808968357163
-0.0471436801515729 0.0707516017114763 0.0498619498289422 0.0530505164550737
-0.0161449996868666 0.0652833118190044 0.0378108336507989 0.0555136242621959
0.00303233467603199 0.0626089554552286 0.0339874347711548 0.0559279436458812
0.017766346826682 0.0565823068860412 0.0215681491981656 0.0561859675438707
0.015322660848892 0.0582183062129831 -0.00356789930149759 0.066305992675953
-0.00856838789764362 0.0555267373650658 -0.0307857725799119 0.066249210246891
-0.023889244337691 0.0588845131652919 -0.0621891597205895 0.0377198899164666
-0.0574592992372913 0.0494975736954057 -0.0572358390913329 -0.00206267390994196
-0.0922153970264496 0.026654260275461 -0.0238521145434721 -0.0287914905985239
-0.0918744501508701 -0.0294414881634959 0.0158285634296484 -0.0127586053531438
-0.0907821590495573 -0.0562724112621668 0.043143921906985 0.0564567378821111
-0.0492730552466934 -0.0332295161764987 0.123518463033856 0.0370686185429591
-0.0610613474026381 -0.0345739893528383 0.0831294090790909 0.0635546412056295
-0.0786105445433938 -0.00585828147699213 0.0481930607661573 0.0743949696189506
-0.0557191117321486 0.0228415418402394 0.0412058594255962 0.0696967196943804
-0.0277797211499284 0.0370719020890766 0.0329803443246022 0.0676094352119491
-0.0114012054179679 0.0325630253955342 0.0316215930622529 0.0748970769782831
-0.00176314356957097 0.030048673455365 0.0343202943043046 0.0736369746731468
0.00851424287508915 0.0277783194537328 0.0248696648046619 0.0709850287919568
0.00869305258797652 0.0286346483782324 -0.00168401743374221 0.0820159550447375
-0.0042103231370462 0.0291184696302483 -0.0321157229257734 0.0790445471486062
-0.0111729617792639 0.0343750638797538 -0.0666828836316069 0.0469847461751272
-0.0333961178197658 0.0317597114465498 -0.0568913165493628 0.00595802483134759
-0.0605885408376017 0.0153883773779139 -0.0216011999215019 -0.0186436373284465
-0.0577170095875666 -0.0257889983348213 0.0258021487898873 -0.00409116844447599
-0.0490017933573067 -0.041283469842256 0.0650505896680865 0.0690244232717175
0.00757749414455056 0.0102703400950115 -0.0909163420873959 -0.0703505198225265
0.0228029513513697 0.00253074565613159 -0.0506029832867407 -0.00283091819052203
0.0209240241746454 -0.00728353949431163 0.0231750850733526 0.0170226047315903
0.00368488253854905 -0.0184530801206314 0.0592586099460684 -0.00424800566211578
-0.00964526371197897 -0.00505195229375586 0.0759348143142731 -0.0545720829660891
-0.00289064895568821 0.00860533588053833 0.0424979799252339 -0.0951605381735492
0.00682589716709666 0.00784941925650802 -0.002406373238029 -0.0948072472979352
0.00848936618376758 0.00552935913809735 -0.0307460081522527 -0.0795901138408568
0.00970777691020235 0.00838869777770536 -0.0396727827966803 -0.0764532124011257
0.00500602744706732 0.00826925052038701 -0.0404387276870531 -0.0796153799723721
0.00350301101164851 0.00358771187814488 -0.0355418495733433 -0.0772772533596293
0.0154889236513588 -0.00120977644434804 -0.0347889735754228 -0.0724257275441377
0.0235300135170068 0.0140667368966095 -0.0385113828589329 -0.0652931557279506
0.0121730626311567 0.0274498504344135 -0.0815430521059707 -0.0434453107315174
-0.00221852880235358 0.0256818024560738 -0.13270811525708 -0.0197150702886953
-0.0457552157014648 -0.0108965121005793 -0.0813275113546208 -0.0595105339910573
-0.0272459860259009 -0.00471654741000223 -0.0428843736338982 0.0109306331055216
-0.0268088432120495 0.00438765102564941 0.0381251647436229 0.0256021861287618
-0.0271715648320932 0.00576816127642154 0.0702547789821037 -0.00258884060144499
-0.0231572615500627 0.026569174933122 0.0808823924643396 -0.055017741871434
-0.00580765264594154 0.0390602301884653 0.0440174094800879 -0.0908808114852177
0.012471979550484 0.0406911158679861 0.00177522376407464 -0.0879604241817949
0.0196190843755347 0.0370707836191446 -0.0258085901775117 -0.0712737561382351
0.0188462217371437 0.0437906372036017 -0.0377229484541108 -0.0683266750618839
-2.5009739115101E-05 0.043589855337306 -0.0398506727243112 -0.0694420930350464
-0.0142523931562917 0.0401305292905279 -0.037001867937517 -0.0713329021839241
-0.0234740656745667 0.0262778026214693 -0.0378423556669116 -0.069641869911804
-0.0286449894692694 0.0255263092197322 -0.0376914480904343 -0.0668404140211482
-0.0379205110788003 0.0146732940654342 -0.0770278900868482 -0.0412564815371988
-0.0552331122787399 0.00158013617412497 -0.126694751884296 -0.0164592887892376
-0.094060985170554 -0.0296212787617961 -0.0577478393990244 -0.0421176034019802
-0.0773957019112446 -0.0121777858235298 -0.0272951201667129 0.0305352180858253
-0.076962971828439 0.0188988483773003 0.055838784821467 0.041154700294977
-0.0594143340524147 0.0354267014894771 0.0842195708490176 0.00633075074777115
-0.0343228059322752 0.0607721527609841 0.0856127136242393 -0.0479484262302872
-0.00815627896596337 0.0677830571590645 0.0463106625720639 -0.0755926262905637
0.0174827313284893 0.0688497036813419 0.00842220415092689 -0.071049756965651
0.0292468994410782 0.0628514919791879 -0.0177340524774897 -0.0530386110682455
0.0264752872972685 0.0717758488102558 -0.032208931915997 -0.0478182392781131
-0.00244215464665815 0.0720291390845552 -0.0391362319387302 -0.0471241633169014
-0.0260451935051637 0.0718018138488861 -0.0431981463754444 -0.054171326047586
-0.0548378868444386 0.0533096172107966 -0.0462414134993289 -0.0605164897203022
-0.073474155503374 0.039596946055438 -0.0398303645201781 -0.0671535943621129
-0.082327317702691 0.00337414798981334 -0.0652734765772914 -0.0384796289784988
-0.100412355607437 -0.0207094041501496 -0.104597994414719 -0.00731166355911595
-0.129326142287451 -0.0440497462458852 -0.0216201316579593 -0.0219823812808907
-0.118174611933056 -0.0182109901776834 -0.00376645611753687 0.0488713316448563
-0.120913067741857 0.0316179254154481 0.0705653553158948 0.0587281541785033
-0.087526783945933 0.0628409873661733 0.0942044175039561 0.0211854645885377
-0.043160026255473 0.0901305979073821 0.0878703602442016 -0.0312846759168811
-0.00925489106337685 0.0895419036680704 0.0486754826606625 -0.0494640501727125
0.0195431036227947 0.0881184464868367 0.0165105011221138 -0.0436230232283429
0.0347236402492338 0.0793601307283389 -0.00656720749364937 -0.0270949019429877
0.0315333223774574 0.0875198507136106 -0.0244173320193129 -0.0196454406231917
-0.00323272596111712 0.088462788080104 -0.0358724268651916 -0.0171988566249284
-0.0308048456986565 0.0919501277661102 -0.0504830759630543 -0.0291692260413268
-0.0732387969778249 0.0745321766485733 -0.0546479653029271 -0.0460890102128026
-0.104648290419005 0.0512889095739752 -0.0410436420498708 -0.0628852293769271
-0.113705911952433 -0.00441025460475613 -0.0477170560617831 -0.035643835245457
-0.130074103247154 -0.038702258455055 -0.0704202687906611 0.00632653935283221
-0.143479513713341 -0.0522952121056591 0.0232601079167033 -0.00311342897474982
-0.139755778550436 -0.0256758262525327 0.0243661019028122 0.0612794652819428
-0.147905410664382 0.0339008275038661 0.0775263445533169 0.0727122168931217
-0.105797450794633 0.0751309199054803 0.093972674405604 0.0394122274412063
-0.0496988091529603 0.105414395526571 0.0840621336576324 -0.00429776411867962
-0.0110467398841065 0.0986867939424443 0.0499875877754712 -0.0141548229213277
0.0186518379088545 0.0946938197191892 0.0256348853399958 -0.0096961388517852
0.0355824958973606 0.0835767268828824 0.00575278863152387 0.00271055014086251
0.0318327896127212 0.0903681561919361 -0.0147040352187582 0.0120834238385461
-0.00468556453400763 0.0904564384751886 -0.0317431946749056 0.0161280912454625
-0.0312655421367811 0.0957405133112676 -0.0548958914944629 -0.00119888903508608
-0.0789536722458132 0.0799128990643962 -0.0598074131060503 -0.0282061823450583
-0.117990041798523 0.0538615530068605 -0.0387650819346945 -0.0536603299991236
-0.126542287777085 -0.0124757310630438 -0.0252192443327422 -0.0304586793610883
-0.138982152892662 -0.0509096326392971 -0.0284104091049143 0.0225931794891866
-0.132573593561485 -0.0539805413237909 0.0676460762004602 0.0139054434711842
-0.135241694714705 -0.0335255299010847 0.0519410228309272 0.0667874605684696
-0.149505831348481 0.0236208189390128 0.0751681722195529 0.080143721571915
-0.108386981559554 0.0686608049477039 0.0822655614643107 0.05629647818817
-0.0511814757659328 0.0989941099714205 0.071846889438959 0.0253787535482077
-0.0128927864070078 0.0911796973972464 0.0476084375085556 0.0230990363675182
0.0137575494808377 0.0858823392881453 0.0331543258195355 0.0249438258819404
0.0304548296469079 0.0754109807886924 0.0166497540418481 0.0320140013993157
0.0273464956709827 0.0797836989271344 -0.00594955140664616 0.0427711914003451
-0.00568818093173594 0.0790189525955246 -0.0286361174805496 0.0461168142501418
-0.028070368267055 0.0834253699359335 -0.0584115622393839 0.0239736254380636
-0.0723630159392779 0.0710347716841291 -0.0601760178370985 -0.0115727626603565
-0.112193513736388 0.0458543144549684 -0.0332884909696389 -0.0416394410421283
-0.118833472279968 -0.0202795117626543 -0.00287731221060103 -0.0233427997799547
-0.125796359281659 -0.055559280785149 0.0128627585589622 0.0388551627398019
-0.0998462614475753 -0.0465235417331882 0.104770442632725 0.0258502795578932
-0.107352788818034 -0.0365114698147615 0.0743023137682814 0.0656030530462356
-0.124144541119635 0.00863111552441759 0.0652162158253093 0.0788478178329516
-0.0899485103453545 0.0495075995435076 0.0633068400926539 0.0656834704588176
-0.0427867320826054 0.0741470175474236 0.0536930631217917 0.0513953966189548
-0.012553792005475 0.0670087661794934 0.042922488342502 0.0546349256868492
0.00719152587658059 0.0634802205638873 0.0383940297374213 0.0541103756015662
0.0217076058513609 0.0553940315528224 0.024926024665248 0.0552961635173064
0.0199705627376855 0.0575157888085916 0.00026288681978832 0.0668838956747008
-0.00517488798563799 0.0571706326121768 -0.0269356118737892 0.0683130664618282
-0.0207881395075091 0.0609006441548922 -0.0618115744357071 0.0420656301146358
-0.0561383958001297 0.0531923818375788 -0.0586917194316449 0.00104902415069934
-0.0913792134085743 0.0323710995683537 -0.0268537549261997 -0.0289386919746443
-0.0946091626243885 -0.0240454649990174 0.0146553420986587 -0.0142475794230819
-0.0950379218339503 -0.0517155395498972 0.0465642230055042 0.0540294439662267
-0.0515542277824274 -0.0306667737221012 0.127581438897267 0.0306316783618511
-0.0631854625816949 -0.0314277523085483 0.0874975727503316 0.0594275520375351
-0.0794685285905035 -0.00115114881678541 0.052243973991749 0.0733906744614753
-0.0552363942655049 0.0261060842228504 0.044850097777436 0.0691896509453267
-0.0256832374346353 0.0392967739348117 0.0378003445417713 0.0675636942157482
-0.00939099952251913 0.0340365542252783 0.0378289906270536 0.0744316897631115
5.91609689416031E-05 0.030004623500928 0.0396751160867878 0.0722207800828678
0.0104108046635696 0.0272339011250915 0.0292049054945957 0.0698513060098156
0.0107591750199912 0.0278012867225476 0.00327271610286397 0.0824207419698432
-0.00253137281718417 0.0297666098738056 -0.0276995529425086 0.0812101774314766
-0.0095116667206309 0.035326699201136 -0.0648479325029863 0.0519883018761797
-0.0328657178086629 0.0336871584079848 -0.057086682695443 0.00852708624179029
-0.0604151161974391 0.0190499108450707 -0.0233828107051599 -0.0183693245054117
-0.0597747696804572 -0.0225523723605514 0.0253195752909409 -0.00653179978376265
-0.0516678714225774 -0.03891983974299 0.0691762301044798 0.0659070545020438
0.00763471800034996 0.0101708830848757 -0.09252145982964 -0.0643885145872664
0.0222876412747925 0.00161954036569921 -0.0499068736269495 0.0011544351900018
0.0205490095495053 -0.00779814058338994 0.0242709571569208 0.0167108503063017
0.00277113503993247 -0.0184611771816211 0.0592738359903632 -0.00639271111506359
-0.0103378285433825 -0.00394579349926428 0.0724808020046315 -0.058218891011318
-0.00147718467615649 0.00908469221916293 0.0366486335900747 -0.0967601943815266
0.00730009328457903 0.00757593546701579 -0.00720831030160601 -0.092544531283405
0.00853212138850104 0.00480923544137806 -0.0338013390566445 -0.0762038284272377
0.0102830502370019 0.00774168476310411 -0.0441510428953436 -0.0737928937208347
0.00537010874374309 0.00791067279532646 -0.0453619668729622 -0.0771217602819875
0.00388002996262074 0.00373026772464264 -0.0397212495389458 -0.0759790922161176
0.0152082269894054 -0.00195502120300186 -0.0379249943485835 -0.0703309153331592
0.0242467787977083 0.0134253227247115 -0.04035731147093 -0.0636028748432308
0.0132457276613594 0.026555941911837 -0.0816048362587138 -0.0391175513235102
-0.000951413727515652 0.0258050700938433 -0.132680892837533 -0.0136559286314236
-0.0465580477746219 -0.00787159164520345 -0.0826975526875007 -0.0539456505834538
-0.0276498095284226 -0.00328541698192775 -0.0414175714383067 0.0142523821140155
-0.0259600914097689 0.00635732063175216 0.0390958751925579 0.0241398885167271
-0.0267896791475421 0.00736781948551813 0.0699092423410073 -0.00512473794322055
-0.0217025790339351 0.0283947537366212 0.077468344633945 -0.059413802135342
-0.00376412790722673 0.0394860434756869 0.0388584297020706 -0.0921897934953613
0.0150575742747245 0.0394170985502901 -0.00284758758647562 -0.0865401664258249
0.0218537417401268 0.0354051901623102 -0.0289121025397998 -0.0683163873331389
0.0215371851828467 0.0418624182736339 -0.0414720186794124 -0.0653352772109894
0.0028161144270459 0.0438060725278561 -0.0440154223875194 -0.067373848129367
-0.0117628833095305 0.0409170154032032 -0.0410059452226476 -0.0695527044093478
-0.0222582459783281 0.0271287531684213 -0.0406186807124101 -0.0677282589141392
-0.0266733042518252 0.027780910736205 -0.0398037066780289 -0.0651828220814429
-0.0375262855760043 0.0165267006879956 -0.076990678322903 -0.0368863100386616
-0.0553696884908282 0.00479827645414466 -0.126571484941806 -0.0105812473915313
-0.0955629905096434 -0.0236663426129301 -0.0582876056177449 -0.0378180305841748
-0.0778629817560167 -0.00778967212114337 -0.0249902522557166 0.0327711964733364
-0.0746578301689067 0.0236859456897921 0.0572384230974641 0.0384585232511717
-0.0570295681564897 0.0384633053848966 0.0840794725197896 0.00309746215020467
-0.031001183253274 0.0619251291503964 0.0824197265718167 -0.0523571661248253
-0.00424081807596856 0.0681664410892579 0.0424296057136356 -0.0768857225763727
0.0212196488743763 0.0673101590194722 0.00454960436617641 -0.0693550199389847
0.0327715894513461 0.0601767672999489 -0.0201652261536937 -0.0507532489392405
0.030344116532883 0.0689225045076007 -0.0351354679517593 -0.0454343383447636
0.00176930994129266 0.0717098497236177 -0.0416787098792138 -0.0453206000971571
-0.0213179626807459 0.0725431100403433 -0.0468863411786867 -0.0524280403153664
-0.0514109043064216 0.0560236841727364 -0.0483611683485872 -0.0590180863295222
-0.07037015231244 0.0437272541837053 -0.0421101553211379 -0.0651875079406085
-0.0819957519987352 0.0078475075726533 -0.0658278932178788 -0.0350796028865274
-0.101266988709991 -0.0151298340885003 -0.104048977313119 -0.00202966377934315
-0.131225510164886 -0.0360460579840143 -0.0211279572332131 -0.0204937866547944
-0.118454621437508 -0.0113656185572736 -0.0010364264533016 0.0494611949680839
-0.117893331564727 0.038187538756838 0.0727098396322266 0.0562981849871325
-0.0836591978968019 0.0665538350473695 0.0944051174395104 0.0178831694423126
-0.0380060716183054 0.0916643300330046 0.0857972379811281 -0.035256226918302
-0.00450534971282764 0.089348676619702 0.0461585583124039 -0.0508992366376521
0.0248184864159861 0.0859652646329902 0.0139997997380876 -0.0432655268331369
0.0391388936222931 0.0759383367470703 -0.00759190027388504 -0.0255388888066711
0.0366698673041484 0.0846806459998633 -0.0251079604855375 -0.0177723448104133
0.00124082828417159 0.0882976477785765 -0.0370565924564028 -0.0154490474729132
-0.0250864262465563 0.0924540187908101 -0.052403264552304 -0.0270095244256181
-0.0688540163530117 0.077398244916045 -0.0566804695407463 -0.0438264903116663
-0.0999758520100292 0.0569081477800413 -0.0439219682989946 -0.0613055080796134
-0.113355478272241 0.00157931081294482 -0.0477665373599236 -0.0327843033080979
-0.131151242364177 -0.0311168824751991 -0.0696442009195894 0.00974037830947446
-0.145719276773506 -0.0434714375783748 0.0238965255996169 -0.00375859338911282
-0.139729186054866 -0.017621348045541 0.0270548101889439 0.0604285173313178
-0.14434117651966 0.0420600825425213 0.0803581738129782 0.0692489622420309
-0.101504858630352 0.080270972976789 0.0952289739862612 0.0361084157498685
-0.0436741514179034 0.10662279904941 0.0830125486933006 -0.00851339568525362
-0.00548663854409472 0.0986279623452903 0.0497183327606501 -0.0166073333428668
0.0245024089621796 0.0927802215351048 0.0248064710760635 -0.0107843348706075
0.0402613765954589 0.0800257584441727 0.00568112130365189 0.00323617801582191
0.037066342751347 0.0871704916383163 -0.0139613058834861 0.0131342273917638
0.000271570527850907 0.0905085325277772 -0.0313181389048468 0.0168974993810651
-0.025495940292858 0.0962252538186373 -0.055627402999122 0.000993203929713383
-0.0742594873011043 0.0838524827838298 -0.0603544021610655 -0.02601652067899
-0.113242621816927 0.060142917108043 -0.0414914937163812 -0.0524743798432127
-0.12664921113109 -0.0059362316253276 -0.0261689716915711 -0.0292183223778408
-0.140868095577354 -0.0430090326298532 -0.0273713135810938 0.023530944931881
-0.134657614862353 -0.0460672571019452 0.0686165180022499 0.0108856525182919
-0.135613388060191 -0.0259739602462663 0.0547377393882787 0.0638366311052181
-0.146213903268283 0.0315185589171071 0.0778782749681868 0.076879625132344
-0.103740443076053 0.0738085959765729 0.084107672364453 0.0530331902073865
-0.0451545585849207 0.100151847948016 0.0724808530643727 0.0219067321737131
-0.00771879428873465 0.0907781263714194 0.0497382347833294 0.0206393897332922
0.0188739356154664 0.0842192886329656 0.0341982100661289 0.0230731792789392
0.0349141507996309 0.0722374968141124 0.0184156418528311 0.0309494990713997
0.0320275133068869 0.076828485656828 -0.00332112254044407 0.0426078434515731
-0.00174377573915745 0.0790972322245472 -0.0260605757029815 0.0469091692868236
-0.0232040058827046 0.0837391451815081 -0.0577915642277121 0.0264367618008293
-0.0682934226940215 0.0743161477787868 -0.0601734166596413 -0.00938688294533417
-0.108624246596943 0.0514974083837707 -0.0356248963848726 -0.0411064031893294
-0.119047362253126 -0.0138424616253141 -0.00427305441681344 -0.0230757071129296
-0.127931472104012 -0.0487334240657641 0.0144068900077518 0.037690510858823
-0.101993754201912 -0.0405757579470701 0.105863501081855 0.0206718903346295
-0.107670540090623 -0.0313029128238476 0.0765608075166815 0.0613535912673995
-0.121608642608489 0.0155903326736542 0.0678842843278163 0.0758820850095136
-0.0869440255392476 0.0540099378252082 0.066034291280699 0.0635351195910693
-0.0383519778598574 0.0753591647020955 0.0561672747122469 0.0484583482539839
-0.00853763789870867 0.0677001805343083 0.0465955593639561 0.0523567877041667
0.0111611043053819 0.0620510331430323 0.0405669234030537 0.0508936468135674
0.0250340558225061 0.0532193965675034 0.0274559701908208 0.0530397836159592
0.0231978355706694 0.0554337478753613 0.00396523381475146 0.0659766587866096
-0.00239682633293482 0.057500058164035 -0.0234565066457023 0.0685510703385572
-0.0171104165587479 0.061771266694607 -0.0598234350694509 0.0447520192975945
-0.0530322132231245 0.0554773424032589 -0.0583875951763421 0.00303205047515622
-0.0886677190505593 0.0370784391688788 -0.0288010406807179 -0.0284838874850691
-0.0952673919757022 -0.0191316108301663 0.0136783368323029 -0.0151486412004472
-0.096771300942511 -0.0460971862551252 0.0483244826323555 0.0514471124897803
-0.0534470801424854 -0.027765122933131 0.128627972139528 0.0242523019866783
-0.0636354022975735 -0.02862230942136 0.0890803846451296 0.0543651765512677
-0.0785867708364485 0.00244960317548197 0.0550891446856525 0.0710356257394054
-0.0538770457577586 0.0286280392343144 0.0476355670144159 0.0675949200709445
-0.0234227445823899 0.0397461185430699 0.0411135842621577 0.0659318333324695
-0.00746648741819279 0.0335839846967314 0.04240850069871 0.0720003143022107
0.00200242371786422 0.0299819212455715 0.0436263129979754 0.0689137830257931
0.0119966325357254 0.0262748018286391 0.0324992825297402 0.0666006700300592
0.0125790338967801 0.0269774341794141 0.00757851963513943 0.0806074368708051
-0.00102540587656753 0.0305029054843288 -0.0233999548995448 0.0813513274973958
-0.00762755927436264 0.0354617719177392 -0.0617290992257714 0.054829247563767
-0.0312006403858618 0.035243804646968 -0.0565763725376349 0.0104087322772441
-0.058680445470249 0.0221693907950291 -0.0247198949253884 -0.0183714003122215
-0.0604240983697465 -0.0195592359071429 0.023998873896909 -0.00840275224991156
-0.0533491163843785 -0.0358719493700871 0.0713570320886279 0.0614682177601567
0.0101270826859803 0.00825955586214937 -0.107321805169054 -0.0294651763720076
0.0206603865652017 -0.00529465380123209 -0.0464596544330303 0.0192500677554389
0.0163487505416842 -0.0142153075997182 0.0283040312577516 0.00995754918301776
-0.00396228633862495 -0.0176521155291808 0.0552503323111845 -0.0245288547890898
-0.0102154570232036 -0.000134954787509951 0.0496826254495324 -0.078310097681763
0.00195702978545622 0.00754130001444621 0.00124165262258608 -0.101490130964852
0.0097071764315364 0.00431903254502479 -0.0382418038341229 -0.0833004973151434
0.00915006122674156 0.00114856173273263 -0.0563420772536401 -0.0581575903577797
0.0119404113992863 0.0037366128613346 -0.065417199859606 -0.0534278464991241
0.00815053691515559 0.00584526309566054 -0.0674972359196262 -0.0567569513373913
0.00514802309232415 0.00179822486268089 -0.0618104935054523 -0.0571956182727229
0.0135920606036303 -0.00621377408105894 -0.0571844979037838 -0.05408350062634
0.0267140609255551 0.00526931234912117 -0.0579908045489555 -0.047767378204364
0.0215065419008955 0.0211458341272902 -0.087220620397776 -0.0113922268116265
0.00766736117546459 0.0244942878028079 -0.126185656247083 0.0275824602495374
-0.0479617249464158 0.0102756150903146 -0.0924963030390018 -0.0244354660155037
-0.0275247209906608 0.00768825530429364 -0.0323211243930849 0.0268965351968942
-0.0212267801741597 0.0152864232204484 0.045150157577896 0.00891136358370747
-0.0217803575656872 0.016824865871414 0.0648711614866542 -0.0285999678692487
-0.00990065292577431 0.0327942180521163 0.0523210438800983 -0.0816383351262485
0.0104578217499858 0.0366220036594513 0.00360377071726822 -0.0985810404562846
0.0276417481668262 0.0311382674131015 -0.0327419270467686 -0.0794569635843911
0.0312751301408261 0.0242711009304006 -0.0496624274803942 -0.0521301455405563
0.0336512338657932 0.030852452894988 -0.0604416266257067 -0.046093575027268
0.0169502612166913 0.0397271111687937 -0.0636859006790273 -0.0487521716186036
0.00307925478385713 0.0412508039665575 -0.0616181233328008 -0.0517733449619274
-0.0116847541165593 0.0331701408749328 -0.0583631463168275 -0.051304705484412
-0.0154167109275162 0.0346284700294882 -0.0570801050490661 -0.0493248182860559
-0.0291469091330935 0.0284541670026326 -0.0813636731465428 -0.0100665121134139
-0.0501755117515853 0.0217993318040734 -0.118971598626159 0.030127004825912
-0.0998301689737326 0.0124286131972716 -0.0625825581451657 -0.0186605072508443
-0.0755978645068115 0.0214540299260593 -0.0092390028746304 0.03655316376321
-0.0604182933648773 0.0486079562201247 0.066844776128953 0.0140179510047465
-0.0386061740183121 0.0560107736988953 0.0793243251909435 -0.0274606023032445
-0.00718344501037473 0.0672778992967433 0.0581003306360441 -0.0777849788574921
0.0194867138736297 0.0634499695489821 0.0110427515963323 -0.0865144577026275
0.0429086422630147 0.0549035852533917 -0.021012228424509 -0.0672506587123578
0.0492502889674985 0.0433615701796794 -0.0359702588947426 -0.0386426674305734
0.0510785037815753 0.0528862293164081 -0.048348456892688 -0.0296521317478185
0.0249437065773409 0.0669119876946304 -0.0551110398616306 -0.0294726832012355
0.00457375589038321 0.073582816062132 -0.0619831223781178 -0.0348646721259863
-0.0293176490510458 0.0692374067659798 -0.0628205412247691 -0.0414547274651026
-0.0505761641310422 0.0637930289149575 -0.0581970331926189 -0.0484554445360787
-0.0735645288241579 0.0351633786506589 -0.0699348527412348 -0.0111605110106267
-0.0994647134038548 0.017888607494969 -0.0955517788329083 0.032324563790459
-0.137877015774966 0.0134301158155664 -0.0208018645361763 -0.0149714567107732
-0.115255054698779 0.0321271854203655 0.0196082456768943 0.0433361393972774
-0.0951260077728639 0.077822473903465 0.0868097604179965 0.0224238482998983
-0.0530171054126901 0.0919244057898233 0.0928214387008238 -0.0191362671871239
-0.00324948441154911 0.0969689355148602 0.0655881471824368 -0.0639124540648706
0.0264593371044238 0.0836554784539514 0.0227340692050806 -0.0640482449337882
0.0527572378601219 0.0714808155779733 -0.003646166765286 -0.04638631463626
0.0605005221865899 0.0556250289583294 -0.0166589205377492 -0.0200668104454975
0.0617415378224315 0.0646776929997175 -0.0304624405370142 -0.00765435697957552
0.0304545905498049 0.0820022775605573 -0.0415155860473606 -0.00379254156793439
0.00785220125577537 0.093178572467845 -0.0593396005704439 -0.010341587550963
-0.0380777402930616 0.0950474553570521 -0.0655731110574132 -0.0257762603278166
-0.0738353745886928 0.0857251960317132 -0.0582473757504563 -0.0438613398851893
-0.104843428891071 0.0396569761569556 -0.0526179842290721 -0.014209620556847
-0.133545786670433 0.0125510022629839 -0.0595019109135985 0.0340527909776511
-0.153177659248598 0.0103890410331418 0.0270794595716953 -0.0145717505098633
-0.136803426346373 0.0332692536240671 0.0501805970986464 0.0430490499017126
-0.118194284609998 0.0898491449912624 0.0984454523752768 0.0312363432552416
-0.0645318031978132 0.110783581025555 0.0993259903843151 -0.00276367698821291
-0.00304804813206207 0.112807727900253 0.0713660360469708 -0.0380792433065961
0.0285465682943696 0.0924578554719664 0.0377213792108543 -0.033245027234487
0.0547172333567192 0.0785780967650211 0.0177177366614051 -0.0206528603669379
0.0629958898412007 0.0595638315157373 0.00505843008385535 0.00137474816527838
0.0628027608611468 0.0671623782526442 -0.00992264948075499 0.0172371565009741
0.0305882336326055 0.0841924783123724 -0.0253101499846227 0.0240767053275571
0.00913235417584832 0.0965459608835193 -0.0532664976669367 0.0165136486080104
-0.0409706887357889 0.102383958567828 -0.0635038848332357 -0.00805076824014498
-0.0846018314995553 0.0925372067961504 -0.0532012528967885 -0.0366672230985255
-0.119454654353688 0.0370716727994802 -0.0313018927269638 -0.0174906484463998
-0.145862499727863 0.00451455520680587 -0.016513911364492 0.0344455040551477
-0.144503033576468 0.00381169403916394 0.0734372811460798 -0.0154322245623191
-0.135244911043455 0.0233617330042703 0.0768927909132358 0.0374313465126524
-0.123809290752359 0.080607839552071 0.0988658465625993 0.0387416590201576
-0.0692315211543394 0.105828246442215 0.0948966380021416 0.0166507219401485
-0.00654428919506004 0.107694428431984 0.0714293817120353 -0.00587974294543972
0.0239698615647423 0.0869566851915594 0.0509192842626364 0.00113323704017082
0.0470121161764319 0.0727118498430513 0.0379613314688201 0.00734492983415193
0.0557672314514725 0.0540924399311168 0.0259527484052939 0.0223544366737424
0.055072040704093 0.0594638062573456 0.00963623279656927 0.0403111959965656
0.0249634771841317 0.0740055025395979 -0.010692291830409 0.0498490967387498
0.00618892060022726 0.084829215012876 -0.046241901945435 0.0413788638798446
-0.0392624928136836 0.0915329689021138 -0.058654789542985 0.00760819330792938
-0.082863865566144 0.0825789448270273 -0.0443866632566413 -0.0273707569235087
-0.115354414554524 0.0269609180455088 -0.00966883058278383 -0.0186094878508863
-0.135958095920413 -0.0047389110810912 0.0257319910771989 0.0345968028927178
-0.110305158527997 -0.00256598786806059 0.110297127689808 -0.0178385710829499
-0.110812279195421 0.00868045661091417 0.095513307376696 0.029260282548148
-0.106445569129693 0.0572318022621568 0.0898597661051661 0.042573376054823
-0.0609644734036075 0.0806175049709969 0.0812901146732812 0.0339258014776191
-0.00894360247189602 0.0825017099439272 0.0661273286643493 0.0248723055747735
0.0153645318208366 0.0658952315812873 0.0592898482886515 0.0316497784636969
0.0322810479034129 0.0549187035437061 0.0545352397038358 0.0311248609884168
0.0405998010488564 0.0399456916743985 0.0418282492361116 0.0393075158847313
0.03962583225638 0.0431650020764488 0.0243632447314588 0.0594055914631023
0.0172157751185907 0.0541217295014207 -0.000869121207095034 0.069637071850353
0.00427806479364553 0.0623506613905953 -0.0419842020394636 0.0592880520557062
-0.0313801254204672 0.0693864148112626 -0.0528912949136864 0.0190159423880044
-0.0697000062502108 0.0633262145737438 -0.0346621886099698 -0.018018020982944
-0.0951578011361418 0.014025879437068 0.00830289171683444 -0.0167644257776196
-0.106220834315438 -0.0126833725972126 0.0601007833364413 0.0356785412805688
-0.0591389274079476 -0.00846407712975672 0.130532920475949 -0.0205548960965619
-0.0686796172624414 -0.00490797752386161 0.103514674101661 0.020016079936857
-0.0706435435175666 0.0295586070579148 0.0760335084556616 0.0450124320436187
-0.0392972445302362 0.0458077020398633 0.0663958695499164 0.045827988712767
-0.0075611595921807 0.04478409185506 0.0586005545963362 0.0474839463922797
0.00494968120165172 0.0344081719512237 0.0637444790868686 0.0519936393940716
0.0123829210516456 0.0279908781179466 0.0642398851409133 0.0472794820197614
0.0196352384397099 0.0197782512027859 0.0515076490268938 0.0502315694390799
0.0199761193343708 0.0202076349063968 0.0330151993110246 0.0715205724949688
0.00974735422568021 0.0284229967892384 0.0037089712549596 0.0817725154141657
0.00418956032723797 0.0349877303193771 -0.0396389201533972 0.0702326512389054
-0.0179352262048395 0.0427229116697579 -0.0493357496081365 0.0260988775528994
-0.0472689271078905 0.0393457274445117 -0.0282555498732604 -0.0096501511632752
-0.0627641516231547 0.00204566804698909 0.0196253432455254 -0.0145497197187851
-0.0620756822031311 -0.017318267266589 0.0837389202230076 0.0366360704281472
0.00952695614075636 0.00787772257453047 -0.106071127178909 -0.026999462592707
0.020148677176403 -0.005143366956546 -0.0450057780550013 0.0211906140702783
0.0159810854595275 -0.0143946536261326 0.0289998745673784 0.0104180946869285
-0.00371435620263637 -0.0169983543040019 0.0553928100283921 -0.0246549689428934
-0.0101399642693931 0.000587071735289148 0.0483833239947725 -0.0785262915034471
0.00205605219268642 0.00801472948125682 -0.000805575866400578 -0.100703421520089
0.0098807615553551 0.00362418406239801 -0.0385778918493662 -0.081276670745999
0.00891317607322747 0.00124091536738744 -0.0559589275080853 -0.0565348959412918
0.0122477672985509 0.00309805555635878 -0.066391733270857 -0.0516503854089838
0.00819387020153517 0.00548185261848643 -0.069263259523581 -0.055145149266383
0.00521352075915465 0.00195834162153163 -0.0628240314899309 -0.0568694448053791
0.0129573265450985 -0.0063625577174847 -0.0572397677110295 -0.0535269027859381
0.0270242665325211 0.00579114047919546 -0.0579287292129897 -0.0478190940467641
0.0211322973142207 0.0211573506852093 -0.0856154969287078 -0.0108103421595656
0.00771516061350671 0.0247646544253742 -0.125755107830757 0.0292317931503926
-0.0479422225185093 0.0118129861106527 -0.0907831216666846 -0.0224936296725567
-0.0278846442448917 0.00850660782716956 -0.0313219320447916 0.0284598729567933
-0.0207353763013081 0.0159889877981019 0.0456243365535737 0.0095712582804629
-0.0214234394328353 0.0173230833094681 0.0650944563503814 -0.028606490343786
-0.00947394705358872 0.0336332483168659 0.0513393576988699 -0.0819933757179729
0.0112331404980023 0.0364623369354872 0.00211325701259028 -0.0979894556419037
0.0284511891342275 0.0301329663590263 -0.0332696339305913 -0.0778784449798539
0.0315903935463097 0.0233717693202952 -0.0494536129557678 -0.0505654168254454
0.0340277952699551 0.0298761092401662 -0.0615384763110488 -0.0445002757308406
0.0181137164049103 0.0392472850895792 -0.0654121427332605 -0.0471843638414633
0.0041788609866833 0.0409973637304207 -0.0629552386491933 -0.0512768525879139
-0.0110928952402817 0.0334278654247014 -0.0586673116987912 -0.051149948529011
-0.0144531421189893 0.0357080351700975 -0.0572360722021884 -0.0492017104505579
-0.0292711556008594 0.0293875607338504 -0.0800964404514796 -0.00946139323834381
-0.0500946847788238 0.0232862488714935 -0.118496561631963 0.0316766483238756
-0.0991480437253318 0.0149104915442889 -0.0613047627573599 -0.0174705521417594
-0.0753851495171657 0.0231096285378184 -0.00807164639295044 0.0375224665763915
-0.0585815893599884 0.0495621101116397 0.0674025859219905 0.0142936361097917
-0.0376937114137366 0.0565540511113856 0.0795361498771892 -0.027272607156609
-0.00580584304569243 0.0674088785075551 0.0566757158149531 -0.0780765427655772
0.0207116105261957 0.0629080881304432 0.00972904584067792 -0.0859251765387739
0.0440616044644558 0.0536116889576204 -0.0212984031654996 -0.0652196126069679
0.0495339602050942 0.0419742554070103 -0.0352900477503171 -0.0374694953021535
0.0520519770097973 0.0505594109302303 -0.0486602930850113 -0.0285616048086766
0.0264015029452114 0.0661343563730206 -0.0563249386625043 -0.028181482798075
0.00625563845375955 0.0727348187933241 -0.0633735339352636 -0.0342316184413218
-0.0282745443190323 0.0698076571655245 -0.0631799718240177 -0.0413159020012809
-0.0488288654731301 0.0646755659200653 -0.058808982372269 -0.0477972530546938
-0.0732210284401822 0.0365857015281518 -0.0691157709367494 -0.0106176381960026
-0.0994114204994621 0.0200952454870311 -0.0946350546981734 0.0338601234367452
-0.137135023338048 0.0164068523040802 -0.0196561745723757 -0.0145107939682516
-0.114069494191454 0.0341093379790039 0.0205568693864361 0.0433272654783218
-0.0923968096293463 0.0790944344373585 0.0872952566954765 0.0223295466865695
-0.0514006032831534 0.0926680292056168 0.0931450169525663 -0.0190177101459752
-0.00179675795728154 0.0964908933324921 0.0640046422692828 -0.0642557209780509
0.0281365002164059 0.0832012507193946 0.0223979576961981 -0.0639886461261834
0.0538826010629392 0.0699741671183583 -0.00373498215833724 -0.0449285592916275
0.0613341628108963 0.0533645623083893 -0.0160620050768865 -0.0189375488867755
0.0628872512447456 0.062199943235915 -0.0304771840637993 -0.00671552626922313
0.0322737370328802 0.0814852271798495 -0.0421940981373368 -0.0028718603612094
0.00980803056467382 0.0923799826194039 -0.0597378809062766 -0.00941608115290069
-0.0366068767724051 0.0955875451687438 -0.0653572733663682 -0.0257071029353658
-0.0716798848794228 0.0868345329523921 -0.0585685811206522 -0.0435603732007615
-0.104223765078513 0.0415233892847227 -0.0517056585937997 -0.0136169872423949
-0.133032159886584 0.0152044781438801 -0.0588210764112659 0.0350524730156234
-0.153280569424916 0.0139002109186491 0.0284480578648425 -0.0146435277746147
-0.135889986430845 0.0353560113426763 0.0505878703509701 0.0425285828339763
-0.115405221784617 0.0919218266826283 0.0990100079373881 0.0313239030427819
-0.0626986777319339 0.11153879758195 0.0998043020834138 -0.00255560966882337
-0.00101606470647717 0.111912039147714 0.0702648662728505 -0.0387511689868774
0.0304255925219592 0.0925659275234466 0.0382767492951993 -0.0338448522999379
0.0560440594593744 0.076364635989053 0.0175294672787676 -0.0200554430498252
0.0634866360601514 0.0567609459027432 0.00561348965506972 0.00154145433112756
0.0639499796907977 0.064623081779502 -0.00950589356438565 0.0172637976990041
0.0319563084158955 0.0835954123073493 -0.0256735607494105 0.0243917915802589
0.0102635085014584 0.0956601540650839 -0.0531860620565494 0.0174624957243351
-0.0393866213880537 0.103369323420838 -0.0638176020505632 -0.00813441323941192
-0.0822936970922309 0.0936217810714997 -0.0537809435329556 -0.0362595900590645
-0.118841179802439 0.0386762870756963 -0.0314400662521257 -0.0168961732282857
-0.145710054822544 0.00705188051076732 -0.0164574706171982 0.0345688582157436
-0.143447563156053 0.00747544157655864 0.074019761161583 -0.0167567920842344
-0.134217505416393 0.0254036478550207 0.0770379109459133 0.0368176099465223
-0.120582282752895 0.0823357250937263 0.09934855877449 0.0384178979198475
-0.067599232387631 0.106119815237337 0.0951609114119673 0.0170209896082119
-0.00483881277933069 0.106934682121486 0.0714981671836452 -0.00657796624976911
0.0254496387543679 0.0859371271289972 0.0516001748043712 0.000369130530966367
0.0484269398952787 0.0710266844278851 0.0382199335631867 0.00688887010991934
0.0559804530083932 0.0518271467370826 0.0264112059705833 0.0222217026807168
0.0554875956055896 0.0571634505891344 0.0100691002374639 0.0401304245912342
0.0265073957859998 0.0734543263041134 -0.0102627148285805 0.0492327137824284
0.00777951223677062 0.0840271395394822 -0.045856989238264 0.0416413846817613
-0.0375882050027615 0.0920939636882069 -0.0588401144177315 0.00737016807177463
-0.0808927906400435 0.0837576481909237 -0.0453177331488529 -0.0277175904051211
-0.114554620678767 0.0287560913635868 -0.00993061465135034 -0.0183443607829665
-0.135270703475978 -0.00221940563960142 0.0254525448360469 0.0341195619038485
-0.109837550873444 -0.000170507596731474 0.11008262215128 -0.0189315866268421
-0.109861866367222 0.00996893056212576 0.0955263506173895 0.0279372083910133
-0.104331535432625 0.0580799673864736 0.0900704187640516 0.0422597079657053
-0.0596693691722666 0.081461975733109 0.0821965558061308 0.0337915925399072
-0.00770411712866499 0.0817943180060835 0.0664592488432782 0.0244209519121235
0.0168372874768883 0.0651790193218291 0.0607461189349817 0.0307197469060882
0.0333781044668482 0.0537983407109512 0.0550773641447379 0.0299297486452572
0.040874483302881 0.0386031282284557 0.0425845107587737 0.0386948784834801
0.0399170682404616 0.041137138138042 0.0250660348495972 0.0584655673429781
0.0184660576225609 0.0539242425373551 -5.48322417811082E-05 0.0690105745994472
0.00502660818949861 0.0622087438873156 -0.0406550570979932 0.0594514772004189
-0.0305759256023404 0.0696626631846885 -0.0533420937052657 0.0185842310325105
-0.0677581974348167 0.0635540430556676 -0.0354842426715211 -0.0181155202228324
-0.094526722655675 0.0153626863719898 0.00769704435515092 -0.0171667730247627
-0.106031536269966 -0.0111426529109137 0.0602268098164857 0.0346394277722634
-0.0592926076517029 -0.00696358590654173 0.130211460115404 -0.0223458473684239
-0.0683870886596644 -0.00444918190942959 0.102903722318056 0.019211952217836
-0.0692011912868235 0.0299881322704092 0.0760347094390382 0.0441282800549727
-0.0386401903120032 0.0459894047731382 0.0667876476634627 0.0458010860230384
-0.0065299369192926 0.0444178901840934 0.0597322196854463 0.0468242586259553
0.00558694470666466 0.0338369596847965 0.0652048770964195 0.0510211871329964
0.0130686674747077 0.0278984901183855 0.0646759612292766 0.0455487028673095
0.0196498413473565 0.0188385705993816 0.0516442701063086 0.0484433916843217
0.0201704873108773 0.0190172011732527 0.0336452614522748 0.0697959652549142
0.0102233038756057 0.0284010258563045 0.0049623785599715 0.0808887911573764
0.00456108341282859 0.0351171061496282 -0.0388851927703455 0.0703417564843161
-0.0175410997366902 0.0430098565156165 -0.0497335265835466 0.0259974876972486
-0.045853616894361 0.0395158421376374 -0.0292823282894183 -0.00974371551631742
-0.0624362558874984 0.00287932553673845 0.0184876628110959 -0.0149024465930825
-0.0619916708850887 -0.0160039736339499 0.0836689876297904 0.0353661977363149
0.00977046877035006 0.00805576379815521 -0.107065378605701 -0.0259792229972035
0.0202531486201668 -0.00539130057576211 -0.0444817327508967 0.0231821983500154
0.0160942397984598 -0.0141461164431691 0.0302937711411687 0.0111690081980747
-0.00442068032179584 -0.017010212222881 0.0563776621624491 -0.0249785583293256
-0.0100823062374137 0.00197775126002732 0.0481939806754464 -0.0797091807849094
0.00254364627645282 0.00815629433895243 -0.00209255989379411 -0.101396851448513
0.010002514698895 0.00323934623318824 -0.039494916431667 -0.081085569876904
0.00911083032819315 0.00113682348657288 -0.0564347645951171 -0.0565188149905365
0.0122998848022724 0.00328331478465888 -0.0681349630148553 -0.0507512925524617
0.00879517101660353 0.00524834529902897 -0.0714920051076978 -0.0548319628805109
0.00554157281857813 0.00195464431378452 -0.0647601964456967 -0.0571743324679704
0.0133031574475301 -0.00599953441064486 -0.0588429501536278 -0.0544685594737186
0.0281528909262937 0.00545623851710967 -0.0592282154252245 -0.0487087528465895
0.0212782616360435 0.0217407313729597 -0.0859180568116806 -0.0109943179101855
0.00796562712396188 0.0249059114145416 -0.12827901122452 0.0308730081154535
-0.0486242200729068 0.013356352002289 -0.0910272010201507 -0.021584970958274
-0.0282997779187771 0.00976630960362656 -0.030132238584873 0.0301667986006893
-0.020983527474718 0.0166365049146243 0.0471501016537467 0.0100757486880095
-0.0218389887253765 0.0181265042153453 0.0665233816425969 -0.0288144785106476
-0.00927369943407667 0.0348584679482931 0.0509050358017999 -0.0835653645701459
0.0123637185541299 0.0374692562522272 0.00114599888464097 -0.0988250002909826
0.0291013987843575 0.0296439437499105 -0.0340212856976531 -0.0774577204277432
0.0320903737327082 0.0229345648804092 -0.049366423472661 -0.0504280522135029
0.0351337896313225 0.0294812488643656 -0.0627981846697196 -0.0438747816529844
0.0188949208679904 0.0397860780983303 -0.067476618487593 -0.0464632938467342
0.00482630134954471 0.0413480181858045 -0.065125645761756 -0.0514902939763761
-0.0108945221544807 0.0343131693312346 -0.0596845173572196 -0.0521305428029364
-0.0137766159576992 0.0367032160338767 -0.0576151848878247 -0.0500970409421952
-0.0301146223442437 0.0304864174059938 -0.0805801467106318 -0.00887119545070204
-0.0508911505371377 0.0247190629551164 -0.120561877518401 0.0337676094375512
-0.100866746703659 0.0171335991708349 -0.061206463261046 -0.0168782456268282
-0.0763955910556358 0.024425390026247 -0.00717692954146103 0.0389761052874429
-0.0584019871127331 0.0514838172082732 0.0689679538479252 0.0152949034065585
-0.0375252349525496 0.0586662695169474 0.0818006756055325 -0.0275413820945381
-0.0049778697249208 0.0689397560914768 0.0568305443405624 -0.0795954139241929
0.0221193177498535 0.0640404250189658 0.00940396918702281 -0.0866664992194652
0.0456738949918198 0.0530254493412441 -0.0223420399087003 -0.0651394094844783
0.0509486848300982 0.0410828509715921 -0.0352125039459804 -0.0369477087002955
0.0532622657504511 0.0498661647887179 -0.0500618107429374 -0.0274450460842201
0.0280938889385924 0.0667139453800209 -0.0581185600793811 -0.0275525177659003
0.00766797110349426 0.0736805275619122 -0.0652612535022837 -0.0337284919495141
-0.0271437184268409 0.0720510215098132 -0.0644241014453057 -0.0422358328674775
-0.0479073624386092 0.0665377192143142 -0.0599523992732207 -0.0487750363923831
-0.0746775097324308 0.038577565913771 -0.0682570917757879 -0.0103245953875177
-0.100746705074918 0.0221072553815015 -0.0959035438486283 0.035839020612147
-0.138443581319173 0.0194029927738762 -0.0186399528291888 -0.0145862652688472
-0.115645739659353 0.036531575971794 0.0223101795468609 0.044813073573438
-0.0918505576562545 0.0813430153088783 0.0892770797003642 0.0233985509962415
-0.0509754752867553 0.0949403553421916 0.095782806965238 -0.018793497535143
0.000161588874426711 0.0981515286670755 0.0645289023282421 -0.0654781255481742
0.0304161118270835 0.0838981996994857 0.0224657135328553 -0.0643443923224907
0.0563446096201828 0.0700036372147848 -0.00391194327383414 -0.0446672693768431
0.0625584440745656 0.0520447646019708 -0.0156228694291341 -0.0185432610067328
0.064451874945535 0.0614526013059419 -0.0312103312930693 -0.00588115086477324
0.0343627303470427 0.0823036096193451 -0.0435031715927553 -0.00172252814147146
0.011003646265093 0.0931311330930305 -0.0616276371860775 -0.00907481461035242
-0.0356316158936274 0.0976345126494996 -0.0673810509364421 -0.0261524998579393
-0.0708015855932798 0.0891666850850208 -0.0598153506550381 -0.0439667999680299
-0.10607443145856 0.043561252590366 -0.051975879182363 -0.0134757295084884
-0.135251186730843 0.0181397463010597 -0.0595389300601741 0.0360549708976455
-0.154789198878944 0.0173797767032303 0.029486553081757 -0.0152559912530989
-0.137271943744555 0.0383776630206096 0.0523498163130601 0.0430648853008056
-0.11463655361838 0.0941586342508474 0.101099815828921 0.0319541642143763
-0.0624953121695638 0.114166209848235 0.102514722193612 -0.00233381764348215
0.000553973677916221 0.1133128635521 0.0716048861944588 -0.0392739774830456
0.0323428256738392 0.0929175844472374 0.0390215813590775 -0.0345279293231859
0.0583959528604894 0.0762046881222909 0.0181382651564665 -0.0195188019257448
0.0653633492383542 0.0555349237697974 0.00666671580893832 0.00205815244187207
0.0657069406498523 0.0631287491560261 -0.00955110668267868 0.0177339716185804
0.0340368986756858 0.0847001359282062 -0.0259603939779432 0.0253680109819401
0.0116115349583073 0.0968682924534716 -0.0547935847923436 0.0189298133523086
-0.0383514244213009 0.105411570033613 -0.0650446710815662 -0.00842003454177016
-0.0815154861989148 0.0961054021783821 -0.0553837288296261 -0.0369006075787725
-0.12031270874146 0.0413513900188961 -0.0310849690526175 -0.0170807135598348
-0.147735961092831 0.00989104611838858 -0.0163499764339807 0.0350405662582354
-0.145382395865224 0.0102120845054327 0.0758781003015652 -0.017363789708315
-0.136136036166312 0.0272153955010655 0.0788195785959706 0.0369874406197593
-0.120210991211628 0.0847018336156171 0.101422515799011 0.0390311380777861
-0.0674451490974232 0.108828275038712 0.0981811499590635 0.0177340682160406
-0.00334418269335049 0.108043298067933 0.072598325844353 -0.00661515420450897
0.027586039730714 0.0869667348406728 0.0532989687021194 -0.000191754009910906
0.0505145778191461 0.0708577774582554 0.0391969948312218 0.00690349761889985
0.0575854171025655 0.050767809204041 0.027382090646696 0.022453694042708
0.0573099927864699 0.0556466237383878 0.0105114869663618 0.0401911468959025
0.0281719678633942 0.0746028082054246 -0.00994750097321426 0.0504701466259774
0.00901300378791169 0.0848323850355912 -0.0468549055387117 0.0428381379620728
-0.0372256156002108 0.0941898412579028 -0.0601205197159854 0.00727485267874304
-0.0804342361295707 0.0861930672367398 -0.0468235640582034 -0.0279436863916987
-0.116189627120548 0.0305892244778377 -0.0103545405086629 -0.018660857952807
-0.137750637751093 0.000124498327506978 0.0261022400837244 0.0341631196754303
-0.111233079677331 0.00225571259884445 0.112379725522126 -0.0206484428847109
-0.111022848958534 0.0110543411861755 0.0971574296301968 0.0276804072848052
-0.104368582312973 0.0595302459606262 0.091739837459775 0.043027954228654
-0.0598689181584962 0.0826796270974244 0.0846547254393149 0.0348585589932412
-0.00673173332549095 0.0825372847789722 0.0680892066533269 0.0248348830622313
0.0180908828197079 0.0658735818440513 0.0634922093786311 0.0304536021801264
0.0352014936454312 0.0539090903334512 0.0564790536130278 0.0296171255091019
0.0417786475334208 0.0377169350698927 0.043173460817411 0.0384492738583206
0.0411370208917907 0.0405381350284993 0.0264049285323725 0.058446511110777
0.0200175322360767 0.0549744361584495 0.000784589630186526 0.0693992048650341
0.00572837732242385 0.063010922760677 -0.040772612057842 0.0610537310651101
-0.0302152077325453 0.0712860689523512 -0.0549029112949562 0.0188434146071946
-0.0677303820014006 0.0656169397357676 -0.0370777086337102 -0.0187654138869084
-0.0956833678500073 0.0165935710871183 0.0073442538260415 -0.0177383374432809
-0.107876781579195 -0.00933898326305819 0.061196969616517 0.0343894618686549
-0.0595390482053119 -0.00605888064157844 0.132332502886873 -0.0242490982595314
-0.0691653954616181 -0.0044478900989017 0.104572288845859 0.018224952773899
-0.0693981011576914 0.0311251260304936 0.0771506108200928 0.0447791005883205
-0.0388294157597219 0.0463730834400311 0.0685598187580285 0.046689010172628
-0.00631846151345684 0.0444217247248852 0.0616717254605088 0.0474556224283914
0.00613492889375697 0.0340825053176797 0.0681283163677651 0.0510529359665229
0.0138824536776768 0.0276386912484427 0.0662946327768048 0.0446013489443226
0.0202225580150857 0.0187523996139299 0.0528810966190455 0.0483736441906513
0.0209408251898875 0.0189142690733892 0.0347929684447437 0.0699138657750207
0.0111088090656675 0.0287692760808151 0.00608920145633619 0.0808841593173412
0.00505234032724266 0.0355405367347798 -0.0384251159137936 0.0717535321351311
-0.0178859788057418 0.0438298000848698 -0.0513288012282388 0.0265073768888219
-0.0459649510529626 0.0406082724216521 -0.0303553077384797 -0.0101337014246181
-0.0635631388437191 0.00363989644625291 0.0179970102799482 -0.0153851847233957
-0.0634522470279647 -0.0155169680062458 0.0848872937982112 0.0346590413400979
0.00995114962951374 0.00836404939093842 -0.109198025850902 -0.0228143335090686
0.0195211850843467 -0.0055044822497723 -0.0436806610607561 0.0260296084994342
0.0159016082002501 -0.0146803352437535 0.0319378941937037 0.0115514045961135
-0.00443182711001972 -0.0168777155986369 0.0575186248452081 -0.0259458995209685
-0.0100522267191759 0.00292738630336422 0.0476564664447171 -0.0830099171385412
0.00274005806522613 0.00834770177619554 -0.00506387932160669 -0.103081875379664
0.010454266362616 0.00235527524568394 -0.0423033978513893 -0.0816311321440654
0.0088930208154169 0.000850585532438397 -0.0586884609243675 -0.0559343851250919
0.0128348379338676 0.00286141322864913 -0.0718959823833041 -0.0497056767485685
0.00878601961518259 0.00497940946991976 -0.0756235668927125 -0.0533113692190631
0.00601584772183462 0.00232095525969059 -0.0684749803147128 -0.0572760662073159
0.0134979714025442 -0.00667641970196447 -0.0611623280460481 -0.054965299507703
0.0285696858672557 0.00507464548864342 -0.0612156767115644 -0.0492591290924143
0.0217332659565401 0.0225884243622878 -0.0873982859736641 -0.0091750238147984
0.00888535791076354 0.0255671471209647 -0.131238383524871 0.03575298304921
-0.049422952934896 0.0155402811089779 -0.0926914353572152 -0.0192833587979132
-0.0294116453051977 0.011540025071432 -0.0287126966086334 0.0328502069478165
-0.0204224371524474 0.0183257918277453 0.0493592252943632 0.0102221638410132
-0.0215835682564187 0.0195885294420447 0.0678725956594994 -0.0304675925871378
-0.00772737391350962 0.0363537348742893 0.0499347247820845 -0.0867023336298877
0.013920783114512 0.037638584243167 -0.0015657544614234 -0.100243269260101
0.0309939885500088 0.0294642185637669 -0.0364048717544992 -0.0778675301108396
0.0337913849483136 0.0221029802313268 -0.0509286413736655 -0.0495961033903227
0.0367291741968038 0.0285025123549709 -0.0659803491636195 -0.0419577935475973
0.0209566389957561 0.040320543314956 -0.0713859765982218 -0.0447694895219981
0.00634916928212057 0.0423678054767533 -0.0686917238208196 -0.0512592856526144
-0.0101212561093874 0.0359033194791843 -0.0623967207548993 -0.0524008641615475
-0.0122586078903362 0.038275107884479 -0.0601380846416002 -0.0508125469504742
-0.0301979789296893 0.0326811247026535 -0.0813501210462103 -0.0078012519363453
-0.0516900524831221 0.0273817216433944 -0.12275716639004 0.0382191867144393
-0.103032254365718 0.0221772365240259 -0.061100881390853 -0.0151188080045756
-0.0778042750715633 0.0281280245312444 -0.00521613868344669 0.0413783126263818
-0.0578668509788834 0.0547944085865409 0.07200683922527 0.014443009542779
-0.0367047253927915 0.0609201290889334 0.0839135405145321 -0.0288109931982145
-0.00283030141130985 0.0707305474492184 0.0557228574877883 -0.0826481837622322
0.0250085336300146 0.0652745457204536 0.00723058653317255 -0.0888802115168259
0.0486591423125357 0.0523474277874049 -0.0235465229940943 -0.0651524145618453
0.0529701656431133 0.0396645318285309 -0.0355548280137699 -0.0365153847609555
0.0563819098197423 0.0482236261917409 -0.0521923982095761 -0.0264166442098318
0.0313800467058714 0.0675637514687604 -0.0610096372490546 -0.0258617443502607
0.00975938492253316 0.0748220083788299 -0.0685252463685187 -0.0332046292078282
-0.0260199781818334 0.0749313079567588 -0.0674021751703813 -0.0420859892359822
-0.0465612761891535 0.0700807105467824 -0.0623282340188058 -0.0488611436177351
-0.0758568143616696 0.0421847467813088 -0.0692210270552613 -0.00909391817983511
-0.10282581687369 0.0267655253769763 -0.0974073443382471 0.0394131512745312
-0.141478824606649 0.0251753433802671 -0.0177202992794122 -0.0139494840691147
-0.117698467150897 0.040811780616826 0.0244780864108578 0.0464783471653396
-0.0910906228438594 0.0865803115832272 0.0928657398540258 0.0228897789599818
-0.0497884023936644 0.0988809724694973 0.0986539802019374 -0.0202275811699174
0.00287121542831553 0.0998870811340294 0.0643537118295614 -0.0679330351024677
0.0338008292608876 0.085878199285371 0.0223741205925553 -0.066624584926481
0.0600803165020645 0.0691900327525961 -0.00451018910512841 -0.044975733631879
0.0657685612564275 0.050318111150644 -0.0155853199827467 -0.0182520676350836
0.0677126094772445 0.0591151328040976 -0.0320276698276632 -0.00434006376981142
0.0377494946679603 0.0835304822768371 -0.0453640019149708 -1.67298363722286E-05
0.0144409930558002 0.0948268427985369 -0.0645273053246804 -0.00752757263342293
-0.0334782312833079 0.101591015768433 -0.0705687525628424 -0.0256884945140741
-0.0690969521384632 0.0936036778678317 -0.062473294359612 -0.0445173576366645
-0.108062129327472 0.0483966837200175 -0.052000081880634 -0.0131168108985715
-0.138026863164598 0.0232496887492095 -0.0600789971850598 0.038754696298064
-0.157963390688778 0.023549956550107 0.0313587851335217 -0.0166576831525779
-0.139442839636629 0.0426843143337138 0.055033000081247 0.0436270603273559
-0.113897055349586 0.100047847819744 0.104968600468656 0.0313614044118371
-0.0609733600317554 0.118144050509706 0.105980130174459 -0.00348951011754115
0.00377460902657526 0.115694433891859 0.0725057859385199 -0.0419257666555924
0.0366992447625517 0.0945700057929895 0.0401018640764337 -0.0362669909407528
0.0624911428976853 0.0751588447792908 0.0181615199484155 -0.0198771714922471
0.0683304565945146 0.053889118986003 0.00767831391429906 0.00207310960861925
0.0687013197850093 0.0614449864714848 -0.00899883806489369 0.0191955509361478
0.0381141435843324 0.0860650135677982 -0.0262993608169348 0.0270210062222475
0.0149443829181616 0.0984451023358883 -0.0559084027327035 0.0199696930242427
-0.0360579443083398 0.1094425072241 -0.068288394212456 -0.00722696234431124
-0.0796575947456923 0.100823178754823 -0.058202296259321 -0.036624687738469
-0.122529047366429 0.0462177882562462 -0.0312807444837832 -0.0173061175676168
-0.151565591131187 0.0156312018123435 -0.0158684900471403 0.0365679501093684
-0.148300510946539 0.0157725902972864 0.0787191357040996 -0.0202870515988873
-0.138334671406964 0.0315923211984581 0.0816838095557141 0.0359057212501728
-0.120406610285389 0.0896660390612591 0.105151868416568 0.0389080162591171
-0.0667481827653719 0.112986239870592 0.101711827597739 0.0170698206434596
-0.00056764353818588 0.109921491413469 0.0744140324843401 -0.00793971873877814
0.0312477142871156 0.0881436297790778 0.0554798841401856 -0.00182417058836376
0.0543970268032601 0.0706812468980024 0.0407705016488773 0.00592600827133382
0.0603266470543797 0.0493057643491332 0.029075324882639 0.021858427347268
0.0598397105611903 0.0539408290416141 0.0120803261128889 0.0410512819553007
0.0321677637630243 0.0756592585683771 -0.00925796716985841 0.0519716069574432
0.0115178792242435 0.0863497489983812 -0.0470551964306685 0.0451734828225155
-0.0357482254664563 0.0979704853685869 -0.0628260925903372 0.00878508234264963
-0.0788662370571656 0.0902316800774438 -0.0494267726689817 -0.027853981009599
-0.118736184690151 0.0350016877770602 -0.0106494604649869 -0.0193341829824596
-0.141649311934119 0.00493770878123259 0.0273224078848471 0.0341804509947791
-0.113901675980879 0.00575902176020231 0.11561296064254 -0.0245022825347829
-0.113574420960557 0.0140599788498859 0.10054320600625 0.0259621606772361
-0.10470228484629 0.0638180951931512 0.0952968293490029 0.0425379833387839
-0.0596728228630871 0.0860015679641197 0.0876440225586438 0.0347949527444054
-0.00456145656484788 0.0841028153654735 0.0702785905720662 0.0243744924734881
0.020747997618693 0.0666208962609705 0.0668367103900131 0.0293254492362632
0.0378806268166299 0.0531526554275518 0.0589747551106521 0.0284935186214204
0.0439767950197659 0.0361905802652033 0.0455734805504123 0.0381433196376266
0.0429290496457463 0.0386721949762224 0.0279984362745087 0.0588319745038705
0.0221928421702498 0.0556452018161816 0.00230142328244604 0.0706496386263656
0.00774853510969525 0.0637658034262125 -0.0408303660454209 0.0630031327838325
-0.0294638749425153 0.0740019855604046 -0.0567527997591139 0.0205439146488125
-0.0671165940972238 0.0686761590461943 -0.0396033430231374 -0.0184743943341864
-0.0980422728979489 0.0201412468942975 0.00701883288698349 -0.018481153920534
-0.110989746290078 -0.00570888265854238 0.0631848905031257 0.0334101968709709
-0.0606338605467295 -0.00377056407595199 0.136091569623153 -0.0285466023771963
-0.0711186208840435 -0.003163667673616 0.107377482753743 0.0162125532539111
-0.0700635041451145 0.0329479907296416 0.080156168276998 0.0443735473277505
-0.0395092578580537 0.0482565365863268 0.0718674716156333 0.0471021295449884
-0.0054564695000807 0.0454723115659387 0.0649408663342012 0.0476084312810807
0.00766990972030083 0.0340287740321501 0.0723055985402802 0.0503641766364844
0.0154870973329133 0.0275594975544281 0.0694548251095956 0.0437317493044206
0.0210619101985784 0.0178391052951062 0.0551538455050196 0.0479290724822993
0.021555099302248 0.0180931344932746 0.0373603215864292 0.0698657188145857
0.0124692161674526 0.029765486126783 0.00835903115879524 0.0820299732638648
0.00593229199804596 0.0365033994052025 -0.0376624478522188 0.0738617573603929
-0.0174963474669021 0.0459715897058448 -0.0527881406521823 0.0283251403917066
-0.0457331313392118 0.0426099221637559 -0.0327651543240316 -0.00991783212653267
-0.0644851574688188 0.00548852996049314 0.017613683286594 -0.0164745641316625
-0.0650090433360068 -0.013765151636306 0.0870289341587195 0.0327824209375486
0.0103204838137313 0.00859314531895697 -0.11080065999994 -0.0182047997195312
0.0191361634195607 -0.00591086251524468 -0.0420309721584386 0.029142808707305
0.0156265867858468 -0.0151053746329804 0.0335345244123134 0.0107816398912072
-0.00549379735646428 -0.0171791567452828 0.0584089740488611 -0.0278715253427979
-0.00925614778315351 0.00370686155024755 0.0448258534941717 -0.0855746304110248
0.00350741045442846 0.00833218762414271 -0.00973859201836022 -0.103547355625297
0.0102808375914896 0.00207835472303981 -0.0458331677719048 -0.0808549060301336
0.00923268265902828 0.000640682051392424 -0.0614115928280254 -0.0542278097320503
0.013068432419667 0.00120194458435954 -0.0753919921821896 -0.0463117721683831
0.00933967094924317 0.00421116079779073 -0.0796335633350065 -0.0502955870914015
0.00643288165699139 0.00187858687852637 -0.0728198963815613 -0.0552585987310593
0.0132301633237415 -0.00718921880216261 -0.0642536211851745 -0.0537451362021524
0.0295755522524279 0.00413193183437122 -0.0636590555975114 -0.0484499036707688
0.0231348426381067 0.0223021177163457 -0.0885043077567683 -0.00674125491007505
0.0103765455464672 0.0253962864078347 -0.131833962800041 0.0426533592838732
-0.0498111414601893 0.0189591675231289 -0.0937953317089584 -0.0153571566484185
-0.02965269025744 0.0132220465897265 -0.0268348034563178 0.0356073897345486
-0.0199290917801082 0.0197255908054437 0.0510802595661872 0.00940059496629037
-0.0209308579264895 0.0213156227542087 0.0695475242347199 -0.0325785978692066
-0.00591223114790656 0.0376878660455043 0.0472202568028509 -0.0896781312908576
0.016136328700538 0.0378595072529371 -0.00598038385938193 -0.101314453199676
0.0331660714391033 0.0276344605107656 -0.0397959112994626 -0.0767225432380347
0.0349610764944118 0.0203941238398974 -0.052836621741072 -0.048609141531206
0.0386660606153738 0.0264964228804276 -0.0689563408814195 -0.0389357621988833
0.0233290983925388 0.0395420442360789 -0.0749100342517802 -0.0417622961705573
0.00838118778987353 0.0429964846122846 -0.072317887828254 -0.0491960716637796
-0.00846233241976702 0.0370809577713936 -0.0655137294898753 -0.0514430123543993
-0.0104977494096643 0.0398480725411428 -0.0630715085555853 -0.0494780676494777
-0.0298068310971104 0.035560566438261 -0.0817661963175204 -0.00497642546356354
-0.0510696954093745 0.0303864124086414 -0.123572756728739 0.0446905297312949
-0.103467701108919 0.027397239108211 -0.0612226507958233 -0.0131144044260643
-0.0784478148412447 0.0329200520914879 -0.00224316620986243 0.0433254636551447
-0.0560891594868299 0.0584624021015423 0.0743997490829027 0.012992925586536
-0.0350197766080269 0.0637848877263306 0.0856748791764946 -0.0316599999991797
0.000787680619472019 0.0721645920107381 0.0535556651417586 -0.085455440318162
0.0287402650548856 0.0655526557916248 0.00384218480920408 -0.0898565688277601
0.0521792853036996 0.0504201422779975 -0.0261867410628239 -0.0645912611741381
0.0553954154216529 0.0366937534101489 -0.0367321395152076 -0.0357263202969696
0.0590708188171424 0.0452793882141056 -0.0536742352524311 -0.0230993381284948
0.0359990007253996 0.0673532665055847 -0.0636279730344963 -0.0226795132467037
0.0138206546987425 0.0756594534573773 -0.0719108801654628 -0.0308353181214804
-0.0227422699005097 0.077148943247043 -0.0706660815149465 -0.04066518764802
-0.0433733817327089 0.0733260434376904 -0.0650687762378284 -0.0480531072614896
-0.0753814281451102 0.0471662027648228 -0.0694028054057734 -0.00698196631698765
-0.103716452697313 0.0328835796378137 -0.0974100122489123 0.0448962246140298
-0.142615790690513 0.0332059509279782 -0.0171166945283005 -0.0136093359836865
-0.118315983099759 0.0471087257132028 0.0276872342922584 0.0470164564536259
-0.0879622833725905 0.0918343772624311 0.0959230279524632 0.0206890998965022
-0.0466748696942877 0.10295572450766 0.101354368825091 -0.0232912660467373
0.00798371286986867 0.101366760784649 0.0626215925960028 -0.0709951792477592
0.0393183561036489 0.0854949954039319 0.0197246792485141 -0.0683657289332244
0.0646735964327799 0.0665500276339784 -0.00642812873989751 -0.0445538539574175
0.0684529877569952 0.0472421061879809 -0.0151241914850725 -0.0178097416850234
0.0713289581700158 0.0557889950145797 -0.0326817858714921 -0.00222509001614353
0.0434831090286321 0.0831502606882555 -0.0461095738906488 0.00194086036960745
0.0191431735132112 0.0953291996579142 -0.0666583458490408 -0.00500753819383139
-0.0293367175115753 0.105415742740709 -0.0734121020911023 -0.0235604733957848
-0.0647323680572538 0.0985277672245157 -0.0655800768482793 -0.0430124214300003
-0.107987195316578 0.0548236205266251 -0.0523895518295162 -0.0119930688153497
-0.13934885160378 0.0309725884026757 -0.0593742617670482 0.0425089671752999
-0.15891400389401 0.032154595327109 0.0324506741311629 -0.0180238231878561
-0.140045201946436 0.0497273277174861 0.0580203133651127 0.0429840578536625
-0.110726346119021 0.106011710231134 0.10840200048215 0.0286915039388665
-0.0569236556350079 0.123567421651173 0.1094572700059 -0.00666056985869343
0.00937203678392412 0.116329113667476 0.0720625587623489 -0.0441540825694157
0.0420936999914758 0.0946162314874876 0.0394190521182922 -0.0383469519142484
0.0674639776882654 0.0724797728101463 0.017953329509181 -0.0200716199164089
0.0713366324062374 0.0504596450359107 0.00876558859895868 0.00195838744560847
0.0725739672205415 0.0579657968896631 -0.00824689579711528 0.0202275254569924
0.0431820130904675 0.0854777834324855 -0.0258199301118879 0.0288440753608866
0.0196185051728495 0.0987916502332885 -0.0567433046173327 0.023217845043474
-0.0317089580396485 0.1130404180948 -0.0705437984788504 -0.00524282522946215
-0.075565098209602 0.106154273060163 -0.0609948347557542 -0.0356602826159449
-0.122776594431667 0.0526808038528815 -0.031679514399469 -0.0167593202762686
-0.152910377098689 0.0237069991522522 -0.0145380916766104 0.0378427726407957
-0.149170702848526 0.0240812058531462 0.0802360160383572 -0.0241540858132292
-0.139406599264834 0.0382733043861349 0.0846904678293628 0.0336360495162425
-0.117427685490859 0.0956097816244797 0.108628106370933 0.0362857262635702
-0.0635497548007767 0.117579482659308 0.10541239764326 0.0144450104318074
0.00453220241875254 0.110950307681927 0.0755535029013214 -0.0103602233623228
0.0364769199054683 0.0877886822112447 0.0575501017594262 -0.00414327086108026
0.0592649810878636 0.0681111652171442 0.04208957934843 0.00525620775886401
0.0631298953617419 0.045856517310472 0.0311410853370326 0.0211185344742947
0.0630561641179403 0.051063947827042 0.0142813319358357 0.0411847199806793
0.0363317114575861 0.0759676183307682 -0.00716379630557978 0.0532287175511406
0.0153365753970705 0.0869666770618367 -0.0466738576685722 0.0478427705623528
-0.0313310638342256 0.10124975216079 -0.0643938079919618 0.0109355572239443
-0.0756979207148395 0.0954556787241024 -0.0518741865499621 -0.026425345069012
-0.119268971445097 0.041401714785158 -0.0110215936155883 -0.0199016851760047
-0.143666517322614 0.0126809432869904 0.0293543960674896 0.0338169573891075
-0.114515878735848 0.0119979054380526 0.117611463781586 -0.0297518426448274
-0.114629745137278 0.0186794326598462 0.102883025822515 0.0223794149322545
-0.102798326601155 0.0684652871297244 0.0982363712201525 0.0404388621130871
-0.0578970685511438 0.0904102813552206 0.0919966475876328 0.0325124248519861
-0.00107771468930166 0.0850688131548727 0.0728777200246505 0.0226248536225312
0.0240012880578874 0.0658744415414079 0.0702077697070054 0.0267783966468167
0.0413000612520082 0.0517237947478438 0.0614888851837599 0.0266207639366884
0.0455720644431538 0.0339542014330824 0.0482657135806877 0.0366068881081897
0.0449877275814217 0.0367751497129268 0.0309038405803851 0.0581027203804358
0.0254758024194824 0.0557482849568988 0.00565643815760771 0.0713107890949327
0.0103341941001878 0.0646128467397841 -0.0392674897481675 0.0659342671751817
-0.0267949218902688 0.0770256565516487 -0.0582556790353931 0.0229240162984805
-0.0644798014992635 0.0727266945103361 -0.041708249943271 -0.0172138962719924
-0.0985204762944112 0.0248161463301007 0.00627745545611599 -0.0192922022688439
-0.112641395692207 -0.000304878755945741 0.0652560830660146 0.0309382308453374
-0.061399739611074 -0.00114845821228333 0.137599766689826 -0.034733302997899
-0.0719566607083703 -0.000857870438263955 0.109263764867018 0.0122460400962494
-0.0693707841262593 0.0354107112056216 0.0827483340767816 0.0427685789721362
-0.0385523786193932 0.0504787032862543 0.0756248046700162 0.0457945740682581
-0.00385748306493661 0.0458031670204915 0.0683618871403585 0.0464207362840306
0.00931872637988948 0.0336833347874135 0.0764009556704681 0.0480830666913985
0.0171386290564661 0.0266589837801075 0.0724735578963394 0.0409697718870471
0.0220647203025545 0.0161522772148543 0.0575220359214143 0.046071609080942
0.0218548573087388 0.0168990101295068 0.0405659522202461 0.0687524011720354
0.014058378593502 0.0294871795728358 0.0119444242077031 0.0825327381298024
0.00777719642138877 0.0368907198914247 -0.0354418280763949 0.0764063456853326
-0.016296482891575 0.048053020253112 -0.0534748649766496 0.0303096062502789
-0.0443447001629209 0.0448411671057597 -0.0347244826998538 -0.00890473859413685
-0.065438753579504 0.00816533079574785 0.0167443264927081 -0.0181695081352311
-0.066841375351575 -0.0106908373460674 0.0893333840475284 0.0294848658077433
0.00917601691143713 0.00797943793163727 -0.110023025892637 -0.00107730112615358
0.0172138010535269 -0.00705349235305948 -0.0357239291977491 0.0367647973399681
0.0134600844038761 -0.0173231194502273 0.0360815387031188 0.00820414211270801
-0.0068854733613385 -0.017023839552546 0.055578726688021 -0.0349470696643468
-0.00784577446570173 0.00332232674709829 0.0313297317549991 -0.0915131681530899
0.00317906400217014 0.0053730382039631 -0.0254154562159678 -0.0988905430509277
0.00939665170631857 -0.000635822173880791 -0.0569613715644728 -0.0721450917562642
0.00779892509616356 -0.000495814191478923 -0.0667820679206441 -0.0445956002778772
0.0121259955687874 0.000120514442891689 -0.0806516657784871 -0.0350657487327758
0.00959118378021479 0.00386270613222085 -0.0859922080928315 -0.0395681206718753
0.00632573744086369 0.00139464186683207 -0.0792375422797244 -0.0461157081476405
0.0117621343865809 -0.00779822243989522 -0.0705597181089896 -0.0461536797863876
0.02994364163016 0.00157371379167269 -0.0693084194160772 -0.0419621305915138
0.026855955500143 0.0201965710377598 -0.0879290244833433 0.00294532293750446
0.0142095819488511 0.025101256364019 -0.124871276820633 0.0571427032395751
-0.0472937507081474 0.0288498902183731 -0.091820888845371 -0.00371122102346158
-0.0267556866556356 0.0200696923591619 -0.0196707232111868 0.0377562583917419
-0.0148551696837251 0.0228902542239943 0.0520606419028513 0.00112894522701987
-0.0157299380243768 0.0234440700544789 0.0643151302387073 -0.0433994734325831
0.00066503476379779 0.0356491708497075 0.0320942016407647 -0.0956275263063529
0.0204429969927632 0.0325066141576475 -0.0225300200595713 -0.0973654619521806
0.0364494623027437 0.0208180565360212 -0.0516055346431353 -0.0696125676604596
0.0358045997989749 0.0149812182830467 -0.0580542862070552 -0.0395748456567485
0.0415923065626542 0.020201288261815 -0.073279628732367 -0.0282837963196681
0.0292930517082056 0.0365115097532524 -0.0803342704395509 -0.031936742377209
0.0146492105693815 0.0407983454653307 -0.0791244766483889 -0.0407433399624334
-0.00321401396364657 0.0396317893292153 -0.0708163171980383 -0.0446327207772132
-0.00469977203492259 0.041682769881707 -0.0675555705526654 -0.0432630550314784
-0.0237181626161592 0.0407728043899511 -0.0798299962432653 0.00442976491305802
-0.0458772474737277 0.0389351749971008 -0.11500858809965 0.0597162577192702
-0.097843077656899 0.0468630513754775 -0.0587576942219513 -0.00836547020730139
-0.0707070900067135 0.0470812175490445 0.00540323933266462 0.039583993873107
-0.0435585094713569 0.0669595137418111 0.0740457481706654 -0.00158890825581959
-0.0215414007452275 0.0681141545137476 0.0795047020524405 -0.0468808606754053
0.0125713717197678 0.0683238382661458 0.0373851865561753 -0.0927775050275747
0.0374753765336925 0.0572474279153316 -0.0116906959312005 -0.087446692218631
0.0599676032142009 0.0397117598881393 -0.0375001464678242 -0.0598008473894601
0.0579539137150447 0.0277249416222722 -0.0405159921733906 -0.0293308809760979
0.0650359032227728 0.0354717532462184 -0.0561972629400128 -0.0147976086020451
0.0459273281530077 0.061910544541104 -0.067392663099498 -0.0148438091541737
0.0245405928335602 0.0729782190485727 -0.076212546549741 -0.0221691092710475
-0.0107614161294667 0.0821453583043709 -0.0748748615501508 -0.0346853784141184
-0.0321160603235854 0.0797506365543032 -0.0682245959400375 -0.041644457798945
-0.0673815565782103 0.0590610539119034 -0.0669481071708186 0.00219695026811078
-0.0975876514382203 0.0482066092723507 -0.088964928807578 0.0579801781067489
-0.134070495809877 0.0583869762410094 -0.0151923025372089 -0.0174982818292452
-0.10662861105791 0.0680814048035872 0.0354719216509383 0.0362594482781341
-0.0691963403534961 0.104655726592592 0.0958465801762576 0.00034910386419845
-0.026315441323274 0.1088062893456 0.094467023272471 -0.0427611117519563
0.0244831515828094 0.0958328775296268 0.047567452835162 -0.0799806640322808
0.0509719991191778 0.0757655846303909 0.00655467801536934 -0.0688726550855111
0.0753641234999775 0.0538264250630348 -0.0153102503955047 -0.0441200447997001
0.072669428005861 0.0355520209656506 -0.0172826986021659 -0.0146415127021898
0.078826020752524 0.0440448863008305 -0.0326017491473744 0.00288481948438646
0.0562406058523433 0.0761427420863479 -0.0470973267073333 0.00765568545157422
0.0330488132916345 0.0913523009965491 -0.0681138922060229 0.00253733362698099
-0.0121354828269143 0.110734608624088 -0.0755447226194095 -0.017883889786587
-0.0491619345620397 0.107529525385547 -0.0678470747563334 -0.0373236906295136
-0.0979626785985755 0.0711326112732064 -0.0500881159941276 -0.00414784463207334
-0.133611334420641 0.0513606211482512 -0.0511571837870188 0.0518930787820828
-0.149705565334267 0.0598740366393847 0.0328242289478369 -0.0301062287852665
-0.127301979925955 0.0734174802897615 0.0648547286759558 0.0269932075591604
-0.0881975793867475 0.122293753863376 0.108739768030172 0.00526605649383801
-0.0333148522792836 0.130825110220309 0.104575334361178 -0.0280771551673343
0.0283255405952326 0.110830957604241 0.0601771919271008 -0.0545550924980457
0.0562108422404568 0.0840985218686684 0.0300408954538311 -0.042693255439951
0.0799692585862915 0.0596890686320397 0.011795143114594 -0.0239986012933359
0.0757020602999357 0.0383613123190031 0.00879644285343448 0.00142032607921344
0.0801972239712876 0.0453252534522378 -0.00557943345282555 0.0219328352904176
0.0574737171308403 0.0784133042279503 -0.0236362028467597 0.0308803787666381
0.0345470898745579 0.0944820263027469 -0.0548222333610554 0.0288918535415716
-0.0130859840386336 0.119047160376459 -0.0708727565307093 -0.0002393316158603
-0.0583738854511144 0.116646815446267 -0.0620743213123797 -0.0302079012949664
-0.113844394212187 0.0705821136118108 -0.0308723525079492 -0.0109889617992885
-0.148384059135376 0.0453538960634002 -0.00755078759495314 0.042486295529512
-0.141417573279798 0.0490921581631252 0.0787123788898038 -0.0421626077346861
-0.127731201932412 0.0607634886303615 0.0899865764225921 0.0144156424326164
-0.096704285507225 0.112763582854067 0.110000649195909 0.0122418860218558
-0.0405458816353279 0.126687886250618 0.103429873203929 -0.00700814500293463
0.0231757626411413 0.106823600800109 0.0689693034487378 -0.0219155441623574
0.0501424532130227 0.0790801569433271 0.0536096857157099 -0.0125599692201888
0.0715139462597277 0.0563309650651031 0.0392347306937285 -0.00301440516762921
0.0675433795299779 0.0350436003120722 0.0333275879971309 0.0171581452230751
0.0703151770188157 0.0401427531689819 0.018909264726543 0.0395496286055334
0.0492455691996829 0.0695366970165443 -0.00169559992101177 0.0523895052658683
0.0285545707690218 0.0832784489354545 -0.0419267112144994 0.0520664130336142
-0.0147283255053973 0.107301863642635 -0.0630216783313474 0.0155516247226993
-0.0596459045830451 0.10562353862679 -0.0528050191326159 -0.0219745481583896
-0.112128182969531 0.0585205807114438 -0.0108773886299884 -0.0159975082955724
-0.140517313212277 0.0325993995891376 0.0346671580030302 0.0332830632844507
-0.10837056498959 0.0303386282859463 0.113393612970482 -0.0516358394843634
-0.106554922004494 0.0363667582461794 0.105732433335567 0.00126497536219409
-0.0875624760190137 0.0831092511221534 0.101600674668756 0.0191972017619054
-0.0399534118857775 0.0986766474829802 0.0933266272676088 0.0144134380208296
0.0140895336121964 0.0828286798679254 0.0727527610921736 0.0112158751764326
0.0358304306398131 0.0599848113622286 0.0710298506208911 0.0156114395914591
0.0513780370497422 0.0433555318342193 0.0624065091246587 0.0157577738883008
0.0500876405445524 0.0255015639613009 0.0519996709064957 0.0296979336375944
0.051099904045395 0.0286272584611555 0.0372897784106775 0.0533231878595311
0.0351989783653162 0.0512711443115636 0.0135540027321371 0.068950473626729
0.0209119874410682 0.0619543358974224 -0.0319564254044157 0.0691388126021626
-0.0137641440271949 0.0822923949673381 -0.0553748476216669 0.0272584598944232
-0.0524722979762225 0.0811230017229583 -0.0415699238480335 -0.0135520567378405
-0.0941161098914075 0.0390590081497154 0.0054385419517303 -0.0179603192504311
-0.112120961659299 0.0151157141337035 0.0687458305813807 0.0258765229996159
-0.058143818470893 0.00744689379312821 0.130614707417061 -0.0565937268164758
-0.06821934606647 0.00981373582940874 0.110336022533123 -0.00756560784452159
-0.0605011773088042 0.0452719382360804 0.0868481847023484 0.0260156840914288
-0.0278814470477301 0.056596221680093 0.0799872709804538 0.031533290807733
0.00526413286180558 0.0455657077501952 0.0736638684119222 0.035788205320104
0.0161511153570457 0.0307405383507852 0.0820223795776109 0.0354835867071764
0.022838613264311 0.0229223698754286 0.0763269381294984 0.0282666403024839
0.0241943712122439 0.0124599347831975 0.0622525363191068 0.0372978538798906
0.0252147350989568 0.0128973479267155 0.0481388342948025 0.0623527774281048
0.0197458353447399 0.0269577906075989 0.0211975080782639 0.0793425885539487
0.0138748703389938 0.0356639547266345 -0.0267218534731175 0.0798023409334693
-0.0080264702508093 0.0514870431070098 -0.0503801481089635 0.0354685399139611
-0.0370796038022313 0.0510285124548243 -0.0344941622261325 -0.00563976336429777
-0.0637592599337585 0.0174866030373545 0.0148933266977804 -0.0181870073114954
-0.0675992124234654 -0.0021107154949709 0.0914076849042158 0.0205393690023798
0.00964311944653011 0.00812218302555521 -0.107124962374914 0.00178079987295809
0.0165769157962117 -0.00671162781233012 -0.0329744997184696 0.0366481890294166
0.0131571157777006 -0.0169208009864126 0.0366744090983875 0.00739411088379872
-0.00693900949651045 -0.0168437601059288 0.0552147440015498 -0.0348674100104788
-0.00733319381264425 0.00375158717275644 0.0291367973035627 -0.0902190322433058
0.00371072583719953 0.00540318371280492 -0.0276726560523503 -0.0952263686949187
0.0087766502633211 -0.00139214579284971 -0.0577383361197341 -0.0682826852598096
0.00774643910465071 -0.000316958131049007 -0.0664664457499526 -0.0418267468143694
0.0118005432036322 0.000100450372833745 -0.0799494850757936 -0.0313900395413709
0.0096391516112412 0.00318246571466134 -0.086236632423703 -0.0358576685212018
0.00619400386115998 0.00121440058312758 -0.0791672889090067 -0.043128904836525
0.0112351840871342 -0.00789801563813675 -0.0697578447276729 -0.043878869160968
0.0295120997475792 0.000909019178353634 -0.0696030830301445 -0.0403322550534516
0.0267197761160462 0.0194137788469975 -0.0854138231471516 0.00454100210720756
0.0150075600927071 0.0240004952459114 -0.121291153168943 0.0600693861407797
-0.0451120706913547 0.0304640931359377 -0.0888811279858183 -0.00132115303837211
-0.0259273394292486 0.021404079171737 -0.0168798388481196 0.0379299752862785
-0.0137468947070514 0.0233273987277734 0.0525833779371441 0.000449154812738411
-0.0145484271297209 0.0235656985671291 0.0638381643982692 -0.0436031016748747
0.00230400924398569 0.0350757203543015 0.029192341108374 -0.0941350457439057
0.0213617280531763 0.0315652964788254 -0.0245846388326039 -0.0939883783971092
0.0358222909631383 0.0187408149663198 -0.052051970528341 -0.065840327592965
0.0353983075844732 0.0135759611798224 -0.0573323438874576 -0.0378636106665066
0.0413752428938258 0.0183957800300601 -0.0722763324363236 -0.025328023659204
0.030039190279106 0.0346580000662998 -0.0798439808673665 -0.0284604611974065
0.0154902352324319 0.0397917135668262 -0.0791235116661595 -0.0372633836968354
-0.0015390855500477 0.0394118660284938 -0.070703960384605 -0.0427804407880024
-0.00320645999853616 0.0414224880715261 -0.0674063987931365 -0.0416851020007136
-0.0218362562738092 0.0412783120232214 -0.0775907544634706 0.00588177201023673
-0.0434791594797174 0.0398594564121974 -0.111613446874031 0.0626034279674797
-0.0938186908244202 0.049630083985375 -0.0566744169248392 -0.00708067904436979
-0.0681071069544626 0.0492479979612075 0.00718682806388153 0.038704261703804
-0.0402244292316565 0.0670952903638572 0.0743013750369571 -0.00250407467613411
-0.0192290874680137 0.0679141699915217 0.0784060669322642 -0.0474744718751444
0.0148353086649716 0.0666245287368735 0.0345789705605413 -0.091347003591471
0.0393179576523995 0.0550684100054814 -0.0138678872891105 -0.0849080732916203
0.0599792844257497 0.0360272072265792 -0.0379210064517276 -0.0564132911251744
0.0579037676073598 0.025187256506669 -0.0396437537693658 -0.0279143460024627
0.0643523837468202 0.0323140221043785 -0.0548544131957437 -0.0122313684560519
0.0471991762588468 0.0591130955360143 -0.0667323520382282 -0.0120901688569195
0.0262834654675536 0.0702233599603703 -0.0766941547670179 -0.0199461907020969
-0.00770273057034949 0.0809518511346569 -0.0747439886762606 -0.0325129067987566
-0.0284440663142914 0.0792887774904735 -0.0680678930615667 -0.0404992517559814
-0.0646538178295107 0.0607998948046004 -0.0648473231775791 0.00279164069996732
-0.0938708811994047 0.0509076756843195 -0.0855478496024988 0.0596894889638363
-0.1288066586 0.0625861100017343 -0.0140876361281125 -0.0177420469798274
-0.102619725153019 0.0704141471784428 0.0362790770520916 0.0349183122108005
-0.0642522897776785 0.104527889070644 0.0947718154865752 -0.000894079046681528
-0.0234220957004073 0.108547426594503 0.0940315514817512 -0.0433877264281913
0.026490085365173 0.0933490031414459 0.045586998727763 -0.078587430759477
0.0532511704708104 0.073091019748001 0.00487546847917429 -0.06768585149959
0.0758272792636957 0.0491484614475404 -0.0159777944651015 -0.0415382534506578
0.0718028395409233 0.0324404621481994 -0.0162812697816837 -0.0144853325177877
0.0781366166377081 0.0397170089982457 -0.0313597119999642 0.00400987466760406
0.0585788008793919 0.0729752464833858 -0.0457742895387202 0.00876207115846183
0.0347695639936642 0.0888080171182161 -0.0674258182397884 0.00436048032909316
-0.00795554942128704 0.109530784905892 -0.0753405259553841 -0.0161017951031916
-0.0445354694151536 0.106786790035868 -0.0674253249396356 -0.03545903307828
-0.0944409273766534 0.0731367234559212 -0.0485910039958554 -0.00363611205198408
-0.129088998086746 0.0550466731503706 -0.0489657999925395 0.0527691349312435
-0.143913020247124 0.0639820881690051 0.0328935974779497 -0.0310179482455314
-0.123153313381552 0.0762228912644216 0.0651165197739426 0.0253792991572243
-0.0830642128023717 0.121618778303066 0.107554401702416 0.00375678865600509
-0.028921707114127 0.130074707025715 0.103561382441751 -0.0295712333936229
0.0306968603163281 0.107892267154233 0.05821426106445 -0.0542504928672556
0.0584447598485988 0.0808770788884578 0.029635810544781 -0.0430135683459169
0.0805640201898473 0.0549104775542952 0.0112169430785062 -0.0228332521591625
0.0751181392917325 0.0346462618846704 0.0097004515415994 0.00061688226935375
0.0797140982270667 0.0407158225651091 -0.00483773781274502 0.0218804128778243
0.0595593439173327 0.0750116878882782 -0.0220682101546102 0.0311320246441937
0.0367669084858429 0.0913554321368667 -0.0540136193034394 0.0301369348383851
-0.00895218758908973 0.117760170080562 -0.0706014036903902 0.00162523956195956
-0.0536210845732741 0.115529771387637 -0.0623099125269949 -0.0283882690936564
-0.109296212953522 0.0736114609326129 -0.0295854588976407 -0.0113936178654807
-0.143724243001459 0.050255367446801 -0.00647626196918902 0.0422388149422907
-0.136070474295993 0.0527770454937558 0.0773819649769214 -0.0441290381558288
-0.124283188564633 0.0629016909908181 0.0884894907460456 0.0120507256331038
-0.0917249780853533 0.112693743644509 0.108978089124253 0.010927094865541
-0.0365529933055307 0.126446102580689 0.103441479064673 -0.00868681530077165
0.0252622269441781 0.103652380634723 0.0680738591004856 -0.0222991442476847
0.0521644524739561 0.0755397738378287 0.0530807429779132 -0.0140087440147731
0.0717888772706923 0.0521829028221362 0.0390518291613507 -0.0036346746248967
0.0667964442616337 0.031458458343796 0.0337844076522911 0.0156586343653914
0.0694732137381835 0.0360025364290332 0.0196690973534922 0.0382340125224975
0.0510725693447589 0.0662995280850219 -0.000592095682656877 0.0511178323689314
0.0303969746157412 0.080762565315176 -0.040383970246209 0.0525948787180696
-0.0112565691542061 0.106162658318085 -0.0625525818832956 0.0168957946364633
-0.0553867828798505 0.104883182310012 -0.0527779982705052 -0.0203956138166838
-0.107698418471682 0.0610161589741551 -0.0107840973158837 -0.0164672118651717
-0.136199034083651 0.0365135225448248 0.0344313978641657 0.0317474583809471
-0.10447034060025 0.0331767437192786 0.11057200360183 -0.0545049666901905
-0.104613103001683 0.0383179687778549 0.103940840111723 -0.000521175670266377
-0.0838563990685638 0.0834619800301345 0.100480330441812 0.0176506168083722
-0.0369364093599917 0.0987973393240923 0.092884780696966 0.0124632548105931
0.0150841700981538 0.0808100005794618 0.0725482357296571 0.00992572268062847
0.0365803824285994 0.0570877196366012 0.071149697055091 0.0132030549601002
0.0516577076464933 0.0405001574683437 0.0617224520037572 0.0140680976153552
0.0487230276079794 0.0233323554641224 0.0523900066922164 0.027190894187175
0.0498797349188611 0.0256781874490972 0.0379670529646413 0.0510792856365179
0.0369227040724385 0.048750272241512 0.0150604764477107 0.0670821557227559
0.021739289392274 0.0601622598041632 -0.0297518544495762 0.0688350300045186
-0.0113034830883867 0.0813783530464983 -0.0547930644133056 0.0287448994699813
-0.0492399127463437 0.0805857794314375 -0.0417821470147158 -0.0120998654947955
-0.091383397978725 0.0409666182827236 0.0046516417538529 -0.0183157087649644
-0.108649688217774 0.0187846626133596 0.0679452624244668 0.0236717558558651
-0.0559889988557662 0.00854242987347986 0.127579442406763 -0.0598640081952694
-0.067336612146288 0.0104112045178544 0.107811903695295 -0.0101705629636357
-0.0585980396178957 0.0452028418896303 0.0859385271471775 0.0250186470164375
-0.0264936297615174 0.0565424838940667 0.0802597990489479 0.0294579942084271
0.0059770914873654 0.044540152080377 0.0741075638786201 0.0339664326027585
0.0163971529584743 0.0291488381448288 0.0823907185067921 0.0315590075083951
0.0233096085689863 0.0214033140719932 0.0760660584068658 0.0249406640752521
0.0238348784955691 0.0111614115394987 0.0624556151041353 0.0349312232915638
0.0247736219597043 0.0115090858944513 0.0490346059606707 0.0598383323765955
0.0204510964559299 0.0252568856856278 0.0226813401905782 0.0764248240231119
0.0146213657796663 0.0343026903375177 -0.0242586358646916 0.0791397013102485
-0.00634509244758869 0.0512139289351874 -0.0494042617670183 0.0363088132549564
-0.0348140359264926 0.0504589256175628 -0.0346995180887724 -0.004697854297054
-0.0618608943957349 0.0189532628594372 0.0136261012857132 -0.0186646711552093
-0.0659827074009383 -0.000116930057364448 0.0900697461152069 0.0175701608386423
0.00956405865126489 0.00791960032464856 -0.104918569695308 0.00220671314125448
0.0166457879194986 -0.00585259688943586 -0.0318307390908635 0.0367309460146623
0.0133762035983014 -0.0162780653527612 0.0372353879588712 0.00809853575706303
-0.00677555098405477 -0.0161231587096247 0.0564141086559916 -0.0342453817267907
-0.00614140772670576 0.00359797129511038 0.0289714626931057 -0.0891086126102205
0.00427104008626846 0.00542088284317054 -0.0279547514151598 -0.09324492956749
0.00836970068838964 -0.000745676505845122 -0.0570429627765557 -0.0670072638002419
0.0076385411005197 -0.000683950554000504 -0.0657077071385723 -0.0416926199247927
0.011338957531824 -9.28606992044003E-05 -0.0787250586253054 -0.0302427267363822
0.00945880427957043 0.00323331235763868 -0.0858954664999555 -0.034574018665542
0.00656114882182328 0.000738616311873022 -0.079350526879815 -0.0429423051187203
0.0114020051538659 -0.00762082914131648 -0.068954961538205 -0.0446111931844219
0.0294694673727434 0.00123775346317285 -0.0692471152958981 -0.0409314495713644
0.0269059026626925 0.0194486786304322 -0.0845719828623767 0.00396054507240853
0.0148759201283905 0.0234383841024826 -0.120256617539357 0.0602384762621566
-0.0438773142464816 0.0309142856303854 -0.0870183986194556 -0.00109290089414113
-0.0248845476343994 0.0224705470564896 -0.0160914552666391 0.037890819994884
-0.0131157687298262 0.0234819850140795 0.0529189248380553 0.0012602150397551
-0.0144832918599734 0.0238538396997661 0.0651815058254177 -0.0425445874901316
0.00268689000561345 0.0350082966044885 0.0292319789152703 -0.0931949948965857
0.0222325459895072 0.0310334387112268 -0.0248112647276014 -0.0918213238870394
0.035734819310219 0.0176479984980481 -0.0513236721102237 -0.0639742458458799
0.0349247584786114 0.0129681671806992 -0.0563846033416752 -0.0373365549696423
0.0406371715826491 0.0176739919211613 -0.0711737138827804 -0.0244634944860698
0.0303740066796218 0.0343434499555029 -0.0796738319766001 -0.0276774621417229
0.0156512388024287 0.0391521417743302 -0.0791864750692408 -0.0371237745894906
-0.00105043308654325 0.0392013506145804 -0.0701164259217591 -0.0434381323201713
-0.00194318085674835 0.0407821499784273 -0.0670628821775721 -0.0426746238697348
-0.0213166109395042 0.0415403046260669 -0.0762952403538121 0.00521226212795245
-0.0425732249102006 0.0395334603792774 -0.110479400687993 0.0627218106544969
-0.0915459733674722 0.0504617998589479 -0.0548614686755076 -0.00761604616050075
-0.0669943047896989 0.0501593712146721 0.0081626742030743 0.0386270428393869
-0.0393917796887844 0.0669430253864446 0.0747665887203184 -0.00121633247943542
-0.0185870818717658 0.0680182185405337 0.0799724808032186 -0.0468418868929211
0.0150235191675997 0.0658704366348165 0.0346806351906973 -0.0901378052699511
0.040168214456911 0.0545555639510779 -0.01374334257683 -0.0837330479964042
0.0591105407210391 0.0345665369030132 -0.0371537358952858 -0.0545489461343416
0.056938836444796 0.0240844136964687 -0.0384994994321344 -0.028220970199805
0.0633896188778176 0.0310454720050731 -0.0544589882616185 -0.0116017548674364
0.0480347966859853 0.0582162452661941 -0.0660743570503937 -0.0113544893823924
0.0265142732393488 0.0693550121565389 -0.0765450976176028 -0.0194951328396459
-0.00667524350426794 0.0807871947566162 -0.0741804021500072 -0.0330804717760114
-0.0271974439237548 0.0785773606861801 -0.06755757331306 -0.0410805351765158
-0.0632717622699484 0.0609162256542833 -0.0635208993894878 0.00163669989110607
-0.092599422064205 0.0515484336220082 -0.084439840358529 0.0600293384615873
-0.125918189513049 0.0637970215147358 -0.0128584207767548 -0.0180176826390997
-0.10115799269769 0.0713817089717653 0.0366116964243977 0.0347815519594476
-0.0627891413477008 0.104090729860841 0.0951319267794285 0.000423183462731038
-0.0222469794552421 0.108406152336204 0.095142324901199 -0.0430847032012595
0.0269256762092162 0.0927789633421131 0.0460562936756458 -0.0773903259213359
0.0537898840670589 0.0717574979536287 0.00518729107029044 -0.0668622825415969
0.0750761341513209 0.0470205785555798 -0.0147241636805914 -0.0400733509238184
0.0711102838744978 0.0310406130030398 -0.0151401493857425 -0.0149001168256645
0.0766865262950489 0.0377692361935881 -0.0305885210368955 0.00467411071092067
0.0591258083958913 0.0715322718940639 -0.0456510243386641 0.00918818236929
0.0352135992075056 0.0872905554380104 -0.0673184553777043 0.00478901249815438
-0.00681919543611924 0.108278477562357 -0.0752543740097908 -0.0167149733983904
-0.0431688782286836 0.105538814833256 -0.0669694767825779 -0.0360013094517082
-0.0927979033598185 0.0735747046774876 -0.0475825894348465 -0.00466607359954016
-0.127096048849618 0.0555124300353019 -0.0479186944608233 0.052544710038943
-0.140650978309204 0.0647744368461777 0.0335147851036735 -0.032025573614276
-0.121380783857271 0.0762609622403068 0.0645959611084367 0.024941097334393
-0.0819174883153136 0.120759360295612 0.107822748919694 0.00537201212788403
-0.0281708465565073 0.130223322479404 0.104992444846855 -0.0289052435489727
0.030969470450661 0.106747214983416 0.0588698312864517 -0.0531970071083533
0.0586275374825124 0.0792912166099909 0.0296068143597077 -0.042918121876192
0.0796049988242052 0.0521772295849351 0.0115747962625917 -0.0219542279505137
0.0740820772805061 0.0332909775100847 0.0102651272335776 -5.05435306006032E-05
0.0781521886871587 0.0391279426549613 -0.00423075689386107 0.0216767855848588
0.0598149880528801 0.0735066231790102 -0.0221920804260456 0.0306715736684971
0.0368316670104153 0.0903194377381138 -0.0540947031273099 0.0302244709455426
-0.00766068757583308 0.116842833216415 -0.0706117395894968 0.00151194261067726
-0.0520419291796231 0.114594654985219 -0.0617466914014913 -0.0291742928226429
-0.107757458550647 0.0740201808224578 -0.0291021378586368 -0.0122412726317905
-0.141067763244743 0.050611022516542 -0.00609118772030423 0.0423286759027346
-0.132461615521798 0.0539412545104651 0.07718870204181 -0.0450589777820653
-0.122731236597444 0.0632653337258243 0.0879875727006058 0.0119300396250808
-0.0907172889151291 0.111462928441586 0.108662907892231 0.0122118050509122
-0.0361878929980374 0.126313727775718 0.104187574633551 -0.00838618831141395
0.0257406070925995 0.10279145756992 0.0687785580629822 -0.0214514348389496
0.0516074849905789 0.0740840731858674 0.0535985154450288 -0.0141672524721745
0.0710474495086098 0.0494597706921322 0.039156463070281 -0.00304681864389453
0.0657604190822915 0.0302713795504028 0.0339775174159747 0.0147953021955779
0.0680772909401469 0.0339197144150048 0.0193307159249311 0.0379911867664398
0.0512746996995269 0.0651310482767703 -0.000430340738840626 0.0503053205582806
0.0306639941360406 0.0800609536674236 -0.0404009672722864 0.0526704163226313
-0.00995710373379579 0.105558342242292 -0.0626243041023992 0.0167754389476183
-0.0537997959233151 0.103382795026023 -0.0519795130325053 -0.0209808384297512
-0.106130113427683 0.061568320912338 -0.0109261839809123 -0.0168411677057606
-0.133566633328629 0.0370475339982016 0.0344396937718565 0.0315859702410148
-0.101704418618753 0.0334558500128412 0.109687588674052 -0.0551043056849038
-0.103471618736951 0.0379990306505991 0.102710651590142 -0.000764591536703515
-0.0832256124348676 0.0819486401939443 0.099907182204647 0.0188706072142959
-0.0367726254423877 0.0982334376000681 0.0938263967701942 0.0128380287798626
0.0151592723283048 0.0799670725281007 0.0727876510308101 0.0103253364320467
0.0363220196695821 0.0561183715909165 0.0716866916658589 0.0125281979611353
0.0514504354558278 0.0385437355121464 0.0614223215437487 0.0137142060416141
0.0480825866024603 0.0222841905189304 0.0520608353003347 0.0264520858105075
0.0490166357064432 0.0246603360624922 0.037761975242102 0.0505812583070117
0.0368947302319279 0.0477429535276133 0.0141333692011681 0.0656715578764918
0.0217545645805648 0.0600043526060083 -0.0300521877806421 0.068473807861968
-0.0101533638609786 0.0809389015139413 -0.0551331250763008 0.0284323936273069
-0.0481390755509545 0.0795492230889257 -0.0418299919352255 -0.0126278617634692
-0.0896105879223659 0.0414201904564078 0.00431495839396565 -0.0187072693985638
-0.10662403407127 0.0191632101594276 0.0668470688229611 0.0229727919766933
-0.0544342542398891 0.00884448430972989 0.12646373034871 -0.0603223379624043
-0.0666034895037692 0.0103214319444108 0.10597704627333 -0.0102953352575893
-0.0581127570313643 0.0444776279538189 0.0851967381231928 0.0258732482642014
-0.0262650308187602 0.0568332398362055 0.0805121612460817 0.0297981880482327
0.0057578854252642 0.0438048617231952 0.073747672702714 0.034233821214736
0.0159496493512186 0.0283795792783422 0.0828194985577707 0.0307180346590093
0.0232812023066022 0.0203404066749146 0.075410405316562 0.0241610579000553
0.0230231957395451 0.0104727780746057 0.0614159878925092 0.0340236302693481
0.0239568659090923 0.010834875412828 0.0480929665475176 0.0583214688121604
0.0209332304373494 0.0251829635355165 0.0222190434506875 0.0747774927114113
0.0149529420266715 0.0341174010083693 -0.0246570523655581 0.0781425427394385
-0.00615740468414862 0.0507109565655633 -0.0501113033534648 0.0362900099147557
-0.0347662331516479 0.0496783809456519 -0.0350429847310669 -0.00439644167171994
-0.060806936122094 0.019031986890444 0.0128871352993796 -0.0187908681174597
-0.064720780977496 1.28667387737178E-05 0.0887123091256376 0.0171616426219055
0.00972582239987953 0.00822850437324808 -0.105426888070995 0.00186450480408814
0.0174850549298676 -0.00497479949454587 -0.0322117742708129 0.0373043784499512
0.0143376485441395 -0.0161561208400985 0.038071781239695 0.00931024105040539
-0.00631824655696229 -0.016074759059021 0.0591719157675574 -0.0346787959762484
-0.00583165792894898 0.00392886918459063 0.0304370457989579 -0.0899416283958136
0.00460052259009145 0.00546379605471534 -0.0273136381772154 -0.0936457659264134
0.00830564513949803 -0.00103615430471838 -0.0568702258846063 -0.0679056332327352
0.00835049329680177 -0.000411234013425071 -0.0665140703847404 -0.0432439143673168
0.0119266114238029 1.13833035560061E-05 -0.0797452626292314 -0.0310152526503
0.00960780262653453 0.00305301258206352 -0.0869871469078211 -0.035202844471266
0.00692518453380387 0.000950534274556821 -0.0801765787064405 -0.0445936171717756
0.0113744790149276 -0.00702614039518871 -0.0689746842954401 -0.0471265955685447
0.0305126304950473 0.00144516177500915 -0.0700268752420626 -0.0430957077634573
0.0274195962523759 0.0200992799044687 -0.0848418151056234 0.00277600485111687
0.0146317679999701 0.0238352253827998 -0.12172981632539 0.060322507043383
-0.0439910085489594 0.0312176052390429 -0.0870528087485526 -0.00231185632955842
-0.0251438929396907 0.0233444418378467 -0.0162908156154497 0.0385602554111472
-0.0123447088291352 0.0241072511464213 0.0549987023258524 0.00232016658871933
-0.0145898544638636 0.0247038362078607 0.0680674202314007 -0.0427975848907882
0.00335889410068431 0.0354447013234538 0.0311842007119202 -0.0931823238572718
0.0229483854557799 0.0317369766417418 -0.0238214021245683 -0.0923523205489094
0.035350935237526 0.0179253532981108 -0.0504799110371791 -0.0637427651560586
0.0352425293858882 0.0130036867211379 -0.0564937277201403 -0.0391548184911996
0.0408874660762671 0.0180727982014768 -0.0718803380399198 -0.0248303914088313
0.0307340607908548 0.0343910196384982 -0.0805765542493701 -0.0277009291806291
0.0157479226926593 0.0397471918758514 -0.0799777716069471 -0.0383897132033132
-0.00102963741064823 0.0397315790845636 -0.0704917316039754 -0.0456164705199085
-0.00178300017967441 0.0417570263567701 -0.0674292625940945 -0.0447159948503074
-0.0215657315799464 0.0424201543368786 -0.0763290174701539 0.00379285536517915
-0.0435497397451507 0.0399383987474867 -0.112002099692687 0.0628567561501976
-0.0917317813031277 0.0511194478577897 -0.0550032420636967 -0.00909970689513933
-0.0675220202742291 0.0513688334128494 0.00818651084227257 0.0396733018653559
-0.0400683390414841 0.0677340675172974 0.0770700120794484 0.000434633495855292
-0.0193274809537555 0.070011321777289 0.0832367854199364 -0.0469693042086221
0.015311299039131 0.0674333479834447 0.0369922800171704 -0.0903346510844908
0.0409740522465582 0.0550718947370685 -0.0127000306860925 -0.0838937549478216
0.059221088351827 0.0345834228838527 -0.0359684233840068 -0.054208886411128
0.0574722473673982 0.0245859044669144 -0.0385693700600123 -0.029653880347785
0.0636525856380385 0.0314731307252464 -0.0541289240495323 -0.0117567312746529
0.0485919406285224 0.0588194260314517 -0.0668631702086013 -0.0120037164493884
0.0264734582593407 0.0703367794194939 -0.0777161048698714 -0.0206232122458213
-0.00659044011610203 0.0817404470667587 -0.0749423427712071 -0.0349834310514481
-0.0276280143842697 0.0791539128625085 -0.0682503816199743 -0.0431885802667751
-0.0644685706921314 0.0617661083782557 -0.0639546421807491 0.000744848524415948
-0.0932504029539754 0.0513898919711406 -0.0857249494393892 0.0601188756831295
-0.125946164614873 0.0643627065469205 -0.0121674150061302 -0.0195013170367279
-0.102582704353764 0.0724496409748912 0.0372769181626413 0.0362616766164955
-0.0642308353842752 0.104647750570791 0.0981450082463601 0.00292535074084898
-0.0228225305388833 0.111044932386024 0.0995193861449605 -0.0431204505957455
0.0270611160529497 0.0942943052788967 0.048176677258714 -0.0774884023359756
0.0549419056226101 0.0727181336839052 0.00658146488148627 -0.0673150705897078
0.0750660726135457 0.0469792962914678 -0.0138442421671396 -0.038993312335851
0.0714664731055321 0.0312671359728814 -0.0151683134446642 -0.0160823060502112
0.0768611644400027 0.0382833720781001 -0.0304579371115432 0.00455273615283436
0.0603874859231174 0.0723685081403709 -0.0463853930610291 0.00894342831424595
0.0353512442456937 0.0886642383146887 -0.069273656528213 0.00436806365555062
-0.00687583987395817 0.109832653611007 -0.0766930699626083 -0.0177860726893289
-0.0437436011178178 0.10636293877836 -0.0676556490995811 -0.0384354896298945
-0.0941309321477819 0.0748726257325972 -0.0471976898787488 -0.00652075326941482
-0.127819181969523 0.0563405273717058 -0.0484868402602063 0.0529874245138676
-0.140962095577645 0.0653331397520878 0.0348229262595519 -0.0332135345714702
-0.123144404829509 0.0775141710152447 0.0653711346174104 0.0257803551674835
-0.0835198616375165 0.12161747415023 0.110399881480665 0.00782304228791039
-0.0293299639192703 0.133243118911909 0.10890819737184 -0.0284166270854141
0.0309333230844417 0.108485223607921 0.0614276892477391 -0.0529826329071664
0.0594084020107713 0.0803920012646158 0.0311467672403124 -0.0432888997432807
0.08016245473463 0.0519009419917323 0.0131976950919455 -0.0208997208909312
0.0745212062060474 0.0332406997726893 0.0105081635078715 -0.000485918881207153
0.0779242647478798 0.0394605077188376 -0.00380450593490736 0.0219480581566883
0.0612579723345038 0.0741358238926401 -0.0231754916927629 0.0304330948011912
0.0364934197159867 0.0919431738946027 -0.0557564207399654 0.0301777101492031
-0.00786404975284043 0.118427141238198 -0.0724630818513833 0.000939602035513719
-0.0528742991510874 0.114715700649908 -0.0624227494739216 -0.0307899256116249
-0.108632694920294 0.0747855096348598 -0.0291739246282285 -0.0139949318507994
-0.14194086455831 0.0508228552751802 -0.00612392697478326 0.0424778276181331
-0.132782319679309 0.0535787106241455 0.0787429178207879 -0.0465269254324448
-0.124675627282355 0.0629990592293637 0.0881927023600741 0.0128964142267495
-0.093088637944699 0.111732689935743 0.110606190514826 0.0151161527861963
-0.0369841740548187 0.128497792584062 0.10745084574296 -0.00734400837950421
0.0251861161692371 0.104369119992661 0.0712170926051295 -0.020415337710942
0.0524390141654128 0.0749793769654393 0.055211091061144 -0.0145535015497698
0.0716112817481007 0.0494668657979637 0.0400394687151234 -0.00157328447983121
0.0663736586689616 0.0304674808198456 0.0346416324680776 0.0145053494739255
0.0679504189959525 0.0343888343832438 0.0194937386629436 0.0381945532016142
0.052414950603428 0.0655493439814969 -0.0014119631228044 0.0501127564018729
0.0307244532931353 0.0813457570154977 -0.0419425622661163 0.0529534646403084
-0.0101674396936183 0.106867370497657 -0.0645054239401768 0.0168000705868375
-0.055138690720973 0.103907972344691 -0.0531898211167706 -0.022417096582721
-0.107284298262587 0.0618627724457687 -0.0107984241170282 -0.0184241032205032
-0.134672604339207 0.0371927889788735 0.0338134683274911 0.0318233115678859
-0.101902915713988 0.0331513879854991 0.111923006967544 -0.0560570110778878
-0.105253056372274 0.0375831769366681 0.10351279436316 -5.07419227712633E-05
-0.0850545617375035 0.0820607531101064 0.101380404028149 0.0212829714663303
-0.0376233915221062 0.0999582943354276 0.0957842778156162 0.0145131422382798
0.0149852991495939 0.0808442442160322 0.0749833040208827 0.0115673581041413
0.0364198460195159 0.0569470807631575 0.0734118866237102 0.0124628455334364
0.0511212410613886 0.0379257086884137 0.0623662991747167 0.014433735737836
0.0480997789577972 0.0218640091573419 0.0524317722017903 0.027134226992904
0.0488112561206535 0.0246039658773743 0.0375168163244116 0.0513002344367461
0.0374934998852808 0.0481696079108217 0.0132945102481216 0.0656416396646048
0.0218119183607364 0.0606113087229626 -0.0315299383619931 0.0690937714029767
-0.0107724950569415 0.0824735290758608 -0.0568728781813862 0.0286127861804681
-0.0495621212792089 0.0796732247797356 -0.0425172298976378 -0.0134600878143151
-0.0899645782781294 0.0413338989424203 0.00464391337118024 -0.0197573836541994
-0.107825025984517 0.018769227330186 0.0673594830018855 0.0235981918184665
-0.0540320904787388 0.00787508313797696 0.12860855912137 -0.0607322850585186
-0.0675470825130646 0.00947194883664534 0.106543219248773 -0.00952942993935489
-0.0598094549452202 0.0439333563669262 0.0860391050515937 0.0281794302350332
-0.0273292851383764 0.0569965380925595 0.0815485433882783 0.0312913732257907
0.00563472202707378 0.044180060589387 0.0758124347587925 0.0358826231586322
0.015228583607779 0.0286540609210589 0.0845211065964903 0.0309600990812599
0.0231261693371543 0.0198692265555977 0.076027673676086 0.0251273156460286
0.0230861438592715 0.0105721336926723 0.061900998727322 0.0343061058508528
0.0236901434199766 0.0105692958762028 0.0474799543679005 0.0594141750829482
0.0213765399229286 0.0253491233815737 0.0209816093262935 0.0748750967432932
0.0146476106294209 0.0344072055960854 -0.0259227739800209 0.0789503157856249
-0.00625145754253302 0.051602628958856 -0.0517647644613979 0.0362797728389921
-0.035652454440535 0.0494649857616226 -0.0360427968283705 -0.0055348653499611
-0.0606979037561601 0.018837043597588 0.0129397369019882 -0.0197451948127958
-0.0649400842266973 -0.000640049511851443 0.0889814992912788 0.0175435654076523
0.00986774049914493 0.00877219355468691 -0.108428739791833 0.0019367416397575
0.0179455021894299 -0.00500421244356496 -0.0328823099233881 0.0392463954440949
0.0149635912389422 -0.0159054151635245 0.0415521836746017 0.0100317243176291
-0.00639552060513231 -0.0162053553658039 0.0628490739862032 -0.0358275587344304
-0.00516360567047959 0.00420792575268602 0.0323428770572516 -0.0930486285960137
0.00536457193643965 0.00576803400918927 -0.0276300488646889 -0.0959459153065528
0.00812893522519225 -0.0009703084335083 -0.0582337379118745 -0.0689823535728512
0.00835739871050764 -0.000361643484193328 -0.0690379275859821 -0.0448547742449473
0.0125361105876207 -0.000208627075954894 -0.0830776717576071 -0.0320985841832785
0.010367047504928 0.00332454614551908 -0.090562528744063 -0.035885310643417
0.0070781289873689 0.000902089435475365 -0.0839557954841853 -0.0465691518152096
0.0122416142487947 -0.00705639420182171 -0.0717492214806046 -0.0501259921962687
0.0322359952617958 0.00188792770685262 -0.0734089446892124 -0.0455906361738881
0.028292268134186 0.0211079156953357 -0.0874201062053369 0.00237119159687956
0.014898664487202 0.025000369334983 -0.126548124447185 0.0633104778494045
-0.0448338779263136 0.0330213344649518 -0.0890009111014133 -0.00247632124625971
-0.0256628080836639 0.025094473203315 -0.0163290285280101 0.0407019747359881
-0.0125135758050044 0.0257467520543479 0.0586696328995446 0.00289233123403804
-0.0141376494856168 0.0263402110253297 0.0724215542120686 -0.0445837195726089
0.00395694399021101 0.0370066769114414 0.0326772463277758 -0.0969953636563065
0.0246734536328864 0.0325744726980052 -0.0244638658269636 -0.0951405097193496
0.036420333162417 0.0182004880383167 -0.051537610643848 -0.0652552456351769
0.0369729306481139 0.0132117848186837 -0.0581892776571437 -0.0411302840695099
0.0424920967519638 0.0184295081429073 -0.0743407662759951 -0.025678037874477
0.032465070500862 0.0354060620121371 -0.0841919807583877 -0.0287110377944279
0.0164582896752321 0.0412289474152615 -0.0839866336605694 -0.0401110340698694
-0.000762126123974396 0.0417126397774179 -0.0731994833315189 -0.0484490781820337
-0.00127425691208548 0.0435109509970228 -0.0705868572772104 -0.0474850061416703
-0.0228203737969511 0.0442058157024602 -0.0784908773156072 0.00310834840761583
-0.044722622535673 0.0418674441968545 -0.116087395052214 0.0658102885773622
-0.0938612786306409 0.0538438628974696 -0.0560500232211376 -0.00975706091453564
-0.0691823112913755 0.0542522546825167 0.00918368790132941 0.0417674984565579
-0.0407501127733835 0.0710818537733879 0.0820830482472723 0.000975145385674749
-0.0193173453732758 0.0736104498380079 0.0888003925082357 -0.04910556558536
0.0165508185079212 0.0706465563237526 0.0393783772172242 -0.0936388866732069
0.0435517864509483 0.05703641249004 -0.0122979097744972 -0.0864829346357931
0.0611151757371884 0.0347390313938139 -0.0361655077728125 -0.0553473862061826
0.0598090877659686 0.0243311307584282 -0.0399328096093051 -0.031467813842639
0.0659577366505579 0.0321922344320617 -0.0558842626025233 -0.0123276885398985
0.0515381479107388 0.0603850993999121 -0.0701356034611645 -0.0119859931019669
0.0278423387442757 0.0727470810280885 -0.0815559417947312 -0.0212139987895119
-0.00662582259471087 0.0854711374467296 -0.0779367125426085 -0.0375414051615214
-0.0279217224836583 0.081993855487018 -0.0711398158178304 -0.0461479786488168
-0.066681798972475 0.0651655367226574 -0.0652390578713293 -0.000768492512219037
-0.096698177808237 0.0543332684210798 -0.0888715508252846 0.0627500403826113
-0.128876555184781 0.0673437678396625 -0.0123995326116765 -0.0214450458391097
-0.105582123792627 0.0762545633142641 0.0385736607019375 0.0379711355484837
-0.0660125835189213 0.109448481419332 0.103658724778053 0.00396856692045583
-0.0229095425097704 0.116421947899516 0.10519885630902 -0.0449546941074124
0.0288398393450433 0.0982507620712057 0.0509894180262704 -0.0803706826070491
0.0584554768523657 0.0753168028317055 0.00736790597857481 -0.0694140334687843
0.0783240203218288 0.0470286322348298 -0.0127670714298557 -0.0396197916592718
0.0738803644605485 0.0316597599955188 -0.0151644796893356 -0.0176011318860915
0.0792714983034571 0.0393089582428739 -0.0309292742648315 0.00496875673194189
0.0630970821898091 0.0740685479118904 -0.0488177850562426 0.00964229123821272
0.0370303651859776 0.0919213568275352 -0.0724711471202268 0.00454527665434599
-0.00650684341660644 0.114443538638639 -0.0799028026138564 -0.0193842201509532
-0.0445779095318487 0.110356535105711 -0.070951869768358 -0.0411381893842356
-0.0973204458863241 0.0780817708656669 -0.0487414728397704 -0.00789745435510798
-0.132199611893789 0.059007576921849 -0.0500593159994827 0.0549114852781052
-0.1447367610576 0.0682798985497401 0.0360868033329717 -0.0359234908154124
-0.127292011040202 0.0809503553957906 0.0677278667686041 0.0272248409174217
-0.0866505755865957 0.127073912086523 0.116733252058303 0.00961843115695484
-0.0293954330458214 0.139500434874686 0.115083893114381 -0.0298991256138483
0.0330253083547478 0.11310425888684 0.0652164889977477 -0.0545698651748723
0.0627433349370197 0.0831568842492808 0.0334172172788525 -0.0450717650697466
0.0828486041071516 0.0525827314041763 0.0153114831357726 -0.0204653224007283
0.0770949925714841 0.0335267375604329 0.0115930470539363 -0.00167515393644768
0.0802801563706382 0.0403321088381756 -0.00402991120762366 0.0226202072681621
0.0643760260570766 0.0763135037331209 -0.0241160858685071 0.0316008455550674
0.0381879619397884 0.0951861684218969 -0.0584630122938841 0.0320225427751815
-0.00747642572122707 0.123123851557199 -0.075952718493966 -6.2190373965471E-05
-0.0544313088500502 0.119457498357227 -0.0652193011701609 -0.0332935263694312
-0.112363848841386 0.0784083441896435 -0.0300876446260209 -0.0159148038505351
-0.146726502351809 0.0538183151522414 -0.00628119915678754 0.0441047085567528
-0.136372076894591 0.0562216522315765 0.0814486460869816 -0.049255682848052
-0.129246575175718 0.0663971670139478 0.0914728113954902 0.0133985032699637
-0.0967216700950373 0.1162082365838 0.116610866811731 0.0164998810187105
-0.0380621405752385 0.134629052140251 0.113464179215947 -0.00721522226831058
0.0267859135979701 0.108474680070509 0.0754585580216323 -0.020753664293399
0.0551951377558795 0.0776319436225849 0.0579843968695255 -0.0157067527939979
0.0746961067402313 0.0498248730230027 0.0430143742433634 -0.00135525046047256
0.0687083430338508 0.0309514410151225 0.0361339707648679 0.014049573348144
0.0698096751444103 0.0353825543362358 0.0207318266607891 0.0394528129660437
0.055160358052871 0.0671820621433318 -0.00222457831173363 0.0516017229638809
0.0320260514069385 0.0843860957762325 -0.0439721685879043 0.0553247989280134
-0.00978169799698745 0.111095415442906 -0.0683837217675516 0.0172444587386005
-0.0568527133042285 0.108046475793333 -0.0559769131447273 -0.0243838920610291
-0.110688635930842 0.0646372219592074 -0.01119800314428 -0.0203835215699024
-0.139192018855555 0.0394811095126191 0.0359214018698993 0.0329946024477396
-0.104704532816694 0.0342153273358699 0.116213029467362 -0.0595210937237331
-0.108506286620265 0.0392568984748271 0.106678993870911 0.000153470820557641
-0.0890397664561515 0.0852261253191463 0.106235746589264 0.0234219947585133
-0.0388371719964463 0.104750240084943 0.100937542044924 0.0145835053446503
0.0158387945303878 0.0841399404999821 0.0787996127481695 0.0124369060361142
0.0378725840088711 0.0588522779498602 0.0774051040342245 0.0122689043250689
0.0533091580011981 0.0382847382717453 0.0654159316962406 0.0154073722516432
0.0497979569953149 0.0226681760742294 0.0548276982286265 0.02762388453032
0.0499069216927102 0.024982204601079 0.0389877596944202 0.0529951630894587
0.0394459724518985 0.0494593201997479 0.0130228031268861 0.067266125110039
0.0229889262259795 0.063169752339752 -0.03348494237306 0.0719713043139632
-0.0108203694557418 0.0859974897341473 -0.0600401563599695 0.02942582657572
-0.0511117642921888 0.0826992502398079 -0.0451515091243705 -0.0151822072357504
-0.0931911954396974 0.0427906865383852 0.00421084484814207 -0.0216529014838826
-0.110993955542658 0.0196114749427822 0.069104201279458 0.0243194463877777
-0.055228990624825 0.00802396588034211 0.133054966925413 -0.0637402390269862
-0.0698384625934129 0.00903509705624788 0.109790045813831 -0.00969506336954869
-0.0624801957967358 0.045483356437686 0.0895102295718398 0.0300420655289736
-0.0281941741871266 0.0599120966731679 0.0856600437278466 0.0333842738421542
0.00596777788665923 0.0457206932979739 0.0794510276638111 0.0380374245771816
0.0157632806214419 0.0295847277269758 0.0887030817215162 0.031253451344426
0.0243171403448781 0.0201754617990517 0.0789608605290152 0.0252027347845598
0.0236840234757183 0.0106166752613568 0.0649288558965876 0.035758510357671
0.0239508504098621 0.0108539070173976 0.049241528241979 0.0616198430388232
0.0220173358663924 0.0256387565720364 0.0209202933021187 0.0769253402458691
0.0155261786356935 0.0362030247953746 -0.0277667870871062 0.0822579328164061
-0.00646367930923888 0.0539096935554826 -0.0548751406407946 0.0378691290625865
-0.0371720689389281 0.0517246081750552 -0.0378822110100496 -0.00651890210528599
-0.062722013607563 0.0188862214900557 0.0126833804314065 -0.0206221763109545
-0.0669132457330329 -0.000435284779777162 0.0916335626953417 0.0180006752626656
0.0104414906666586 0.00944983851927379 -0.112009966117795 0.00931447751631355
0.0189798133586882 -0.00534654130134003 -0.0307012525170487 0.0455411946190364
0.014566762739929 -0.0184373447713662 0.0462719433301191 0.00913737513724177
-0.00797596027006656 -0.016637196042555 0.0654794387227869 -0.0429156419653328
-0.00475394519178047 0.00352792123428342 0.0261877757964574 -0.100019651899592
0.00477888515374891 0.00478044381449555 -0.0359796560538153 -0.0964895534920307
0.00772137502391356 -0.00240372259118961 -0.0669124813315876 -0.0660415754023677
0.0082104219504478 -0.000593171310619642 -0.0761973961924503 -0.0407446460006636
0.0129313866525041 -0.00114640886064148 -0.0914124173867163 -0.0269925357033392
0.0120452529836347 0.00189138221381038 -0.101169136117453 -0.0307879267520212
0.00856342822779547 -0.000892976329312415 -0.0942294187952126 -0.043886131119597
0.013463983729224 -0.00888031902767445 -0.0817825115931325 -0.049095465308642
0.0351391021343837 -0.00217369841052969 -0.0840733048537362 -0.0432794631728896
0.0325312959115393 0.0184864737665207 -0.0938528608959797 0.0073470586875541
0.016919233193039 0.0234018806759481 -0.130532923238057 0.0745540532222486
-0.0419747331045739 0.040811321516675 -0.0945771049519362 -0.000878495787753137
-0.022094891303312 0.0300104789936726 -0.0144358226407419 0.0426176313832066
-0.00872458773924308 0.0276011212272124 0.0602860810926266 -0.00263052051012062
-0.00956873433414047 0.0280858272211401 0.0719357577397002 -0.0548264452414907
0.00857731159995861 0.0363742136214132 0.0243057886392455 -0.103671267169405
0.0279023821707288 0.0304441030758734 -0.034011958281713 -0.0953336646362173
0.039593486304141 0.013752659852187 -0.0614169828676969 -0.0617554067207803
0.0384963886689884 0.0103359521900862 -0.0648828245133377 -0.0369137710865684
0.0462003368555329 0.0137549719669669 -0.0818926850319214 -0.0205721212665899
0.038410211304617 0.0327351832701842 -0.0941333503822831 -0.0232691288519345
0.0228215708590543 0.039283629501903 -0.0950430894386865 -0.0370723805331513
0.00616306915834827 0.0428882349473974 -0.0838401316345817 -0.0490144616272647
0.00460598810018619 0.0446097206876408 -0.0801386023341266 -0.0483750849345158
-0.0192501575674461 0.0484959196752188 -0.0806792747874977 0.00771506245573324
-0.045063671644802 0.0471230615935961 -0.114687337332203 0.0776244640637398
-0.0881743334363227 0.0673182564491419 -0.0618261377451447 -0.0145433610911422
-0.0632757363126857 0.0648694922698411 0.0101435092961187 0.0393385898179846
-0.0316786579603504 0.0779235077822948 0.0813465005895217 -0.00952976888319087
-0.00871901838470871 0.0780086189995007 0.0848109515735737 -0.0616969350708271
0.0251271442432593 0.0688017520658656 0.0296831135302513 -0.100121912744232
0.0504962284456886 0.05409556760064 -0.0225291485898663 -0.0864212667455226
0.0671526482097829 0.0282063662082276 -0.0461497695710722 -0.051976620047374
0.0632797916110185 0.0199648392351385 -0.0441305818974709 -0.0283911911310982
0.0713567954158796 0.0253287686560343 -0.0606231936033839 -0.00778403400712085
0.0609500043916955 0.0564227240013189 -0.0778996958785491 -0.00751887862769026
0.0375395474239154 0.0712334803947662 -0.0913292235513098 -0.0171348939495926
0.00533489674668284 0.0889555206007009 -0.0891416288004607 -0.0378088954840726
-0.0185810780072067 0.0876507396167979 -0.0807215768644287 -0.0492855979921803
-0.0635232132030497 0.0748430094254793 -0.0639916673773337 0.00184718985405977
-0.0993462365112526 0.0656446558532625 -0.0826352480751125 0.0736333168157354
-0.122691313385398 0.0846434539942815 -0.0179996877014991 -0.0321574956393101
-0.0975195983651932 0.0905071719450077 0.0392798526845849 0.0306732183601385
-0.0536485982946538 0.120418873138303 0.101486067142256 -0.0103555414508957
-0.00628531347408204 0.121592710597233 0.0985068355644038 -0.0594294361534615
0.0408473979931158 0.0958203259880694 0.0415322753391252 -0.0857444134596589
0.06747307599725 0.0707414636653793 -0.00127394723693391 -0.0700885970731304
0.0864081620881234 0.0381290408426903 -0.0218770139599635 -0.0372937959183528
0.0785540487957072 0.0257042930731939 -0.0176427572369084 -0.0160883949352499
0.0861273316136179 0.0308656467596288 -0.0325012050912568 0.00756918446447689
0.0746727342811393 0.0691536114243362 -0.0543670495423462 0.0135716470847267
0.0485504694245411 0.0896535927222273 -0.0798146036609792 0.0103384388684932
0.00834617162193365 0.118673998379864 -0.0900198353421623 -0.019374117693948
-0.0336803161256281 0.118783943228227 -0.0790701828549259 -0.0455292173459469
-0.0943884188351401 0.0926431606521652 -0.0446777432322145 -0.00727331100673289
-0.136630031954255 0.0741628083412038 -0.0396226437270893 0.0638619484027667
-0.137837950346686 0.0868102823598734 0.0315496298508467 -0.0516888776155077
-0.119226159436605 0.0977462379882873 0.0683795034300345 0.0158793480791771
-0.0722174157706361 0.140211562722907 0.113253288934661 -0.00728538223202467
-0.00992326323773896 0.146486873175035 0.108526339606432 -0.0458901230280692
0.0465951927571905 0.111006157499709 0.0569852981493009 -0.0597981873744052
0.0731923846734745 0.0786279278155154 0.0271687260762252 -0.0467537426143747
0.0925988085951015 0.0429813931475954 0.00898925657185863 -0.0204484033991069
0.0818936977901554 0.0271249039965503 0.012270561578417 -0.00187327183262482
0.0871514953124427 0.0320562519608778 -0.00199845560915083 0.0243070971676038
0.0756141446986909 0.0718231725417163 -0.0261571701263206 0.0350135572342563
0.050038419892914 0.0930131879408716 -0.062731878194519 0.0381330250893093
0.00782184351308934 0.127970959644669 -0.0846752380483421 0.00189332817241143
-0.0431380459924512 0.129204525931213 -0.0726753764524437 -0.0379641283810163
-0.110549532678399 0.0943825480259253 -0.0243672615148838 -0.0163427953805501
-0.152168265472244 0.0702740943873758 0.00632400622279044 0.0497901136884587
-0.130668215505808 0.0721452774426181 0.0782169038262266 -0.0679592855343349
-0.12308944430939 0.081705768167013 0.0927629782501623 -0.000682322784732206
-0.084008494629099 0.130948052918484 0.114459888287965 -0.000569308424061095
-0.0196744113090279 0.143055538187739 0.108434868469031 -0.0226912708020404
0.0400946753584168 0.107422933679332 0.0708480319243919 -0.0261534887573723
0.0652937511201609 0.0735566891114927 0.0562890348316477 -0.0188535709879162
0.0835809046418391 0.0413691319588505 0.0395782160217327 -0.00360562139067556
0.0729676665205566 0.0250815249784265 0.0398796700593272 0.012312048415365
0.0754596919972734 0.028277765630066 0.0255679001199396 0.0396942873737636
0.0650588338891794 0.0629708592735391 -0.000516092994839895 0.0543837740897268
0.0416271597563223 0.0824387392577416 -0.0454014371284086 0.0620698911898601
0.00333430137255894 0.115591849549473 -0.0747368384676485 0.0204469857953867
-0.0473157151482859 0.117959627367556 -0.0612672890303053 -0.0282028446615643
-0.110232552246757 0.0794364595269167 -0.00558053167799261 -0.0221267197184612
-0.145668488228687 0.0548331096399837 0.0495517829007601 0.0356372793924342
-0.101559322948518 0.0453270485084044 0.115083700003116 -0.0781938302227671
-0.106101518075173 0.050862296208757 0.108646047838843 -0.0145215322128286
-0.0799570838746465 0.097857739744321 0.10614032629071 0.0082511247120653
-0.0244750021875834 0.112671487850247 0.0989891560583088 0.00195261710861085
0.0264604441387622 0.0834572715204632 0.0787645545598156 0.00792568014293658
0.0455352311153476 0.0556556353324981 0.0791287889819954 0.00748914581231279
0.0608039018988991 0.0319514732011419 0.0658811314184938 0.0109702700696114
0.0532951159426841 0.018112717872466 0.0603604560431442 0.024305758284918
0.0538016097354648 0.0201006709380056 0.0458190060604642 0.0526383549120714
0.0466456076151522 0.0465927602005436 0.0172400221559126 0.0700902759363512
0.0297966682340436 0.0615990767259749 -0.0314677767211235 0.0792419566248454
-0.00107224070145066 0.0895066661870131 -0.0644500220089487 0.0341488733821817
-0.044570595180069 0.0909209962763472 -0.049068161136787 -0.0177214631759778
-0.0938298809554172 0.0545749977477254 0.00893006957300358 -0.0235490177991227
-0.117130007011257 0.031362013767879 0.0822183707267215 0.0239800700776356
-0.0550999382255818 0.0119336973899238 0.134194161894448 -0.0798276480031926
-0.0700016096246006 0.0149970916496237 0.112782975910513 -0.0224375907436608
-0.0583653673523933 0.0535695938529484 0.0924979085872934 0.0197073244247646
-0.0195138640521238 0.064907422721237 0.087650913356687 0.0242268774897342
0.012426806010546 0.0457397249971886 0.0836203645257371 0.0332199016342143
0.0197870588504065 0.0277767860211133 0.0942247672909786 0.0256795313734786
0.0283005639361103 0.0173667757529768 0.082589224265339 0.0196792664375267
0.0255192108834147 0.00835872204883961 0.0709335450839625 0.0315188980132577
0.0257343812005544 0.00870962191890178 0.057280698539226 0.0610673687127356
0.0257191713502877 0.0236350898840431 0.0264526150225508 0.0801775418415239
0.0193579777776219 0.0346802188891721 -0.0241638732556307 0.0899269177045336
-0.000851854838551642 0.0558365619011197 -0.0576296846952331 0.0435535325984878
-0.0332747376107094 0.0568116515499373 -0.0410254263857363 -0.00753635784723114
-0.0642743876946252 0.0261530357052281 0.0153189550645191 -0.0229829689936048
-0.0717495082534839 0.00624123132697918 0.102008056450583 0.015288227086926
0.0106520084647455 0.00979684163148873 -0.113835300724722 0.0154020127205854
0.0195077969154679 -0.00610970635654473 -0.027751941481215 0.0493677989510488
0.0145987534168498 -0.0200276574689135 0.0495429265582842 0.00689949223820974
-0.00906052722245793 -0.0167875159107664 0.0671550512927805 -0.0487398271720247
-0.00353997705505685 0.00420445030583494 0.0215167357003118 -0.105203163171557
0.00638018471859207 0.00435577763178799 -0.0420512213292604 -0.0970385244887481
0.00804344957427337 -0.0022637634098487 -0.0720703025369041 -0.0640326121478866
0.00858372647391133 -0.000904896062036156 -0.0816659476339251 -0.0378782767071625
0.0136564745120571 -0.00245887419715969 -0.0962457565055536 -0.0213621366194125
0.0123865861303606 0.00120284278353142 -0.106659516724569 -0.0254546688502798
0.00893910921620417 -0.00161179438614331 -0.101633784063082 -0.0404292611652626
0.0137180902888725 -0.00989812499805708 -0.0886814501306042 -0.0477137318877516
0.0368227556246871 -0.0041760634855223 -0.0901907965723477 -0.040871655959819
0.0338787751533279 0.0176441426819612 -0.0958376811820326 0.0124026654652923
0.0194986205727039 0.0231411447015696 -0.13076925227927 0.0852453187799066
-0.0404494271738215 0.0446983819284318 -0.0964342439538902 0.00401602992772758
-0.0208427970579233 0.0330952689500927 -0.0113031960089356 0.0455086316032219
-0.00692202494638021 0.0298639276115231 0.0639797298660045 -0.0062454451479487
-0.0077215568551648 0.0305547778581615 0.0729626808579836 -0.0617848784930322
0.0116636155788068 0.0373577358355368 0.0200715371837433 -0.108574442601828
0.0315101492484959 0.029357489031931 -0.039809737288222 -0.0954653745649164
0.0417547071031492 0.0122506939013931 -0.0653960507751273 -0.0606282158720599
0.0403692501747402 0.00825227758505182 -0.0697574045708571 -0.0348907931202239
0.048269579598526 0.0112285335535447 -0.08574794649618 -0.0155170893972875
0.0420422258068255 0.0313037085167453 -0.0991548416046909 -0.0184517253590411
0.0256981013021996 0.0392999900763524 -0.101355130189861 -0.0332747865559485
0.00917749378429034 0.0445698666214235 -0.0913274066547385 -0.0472484966148075
0.00809146982094754 0.045656809750406 -0.0863885152749757 -0.0459060864679933
-0.0169652041842847 0.0520923509985957 -0.0820994651889542 0.0112553650886046
-0.0442076924273274 0.0521109885020624 -0.113917806746803 0.087331008353459
-0.0869330135628382 0.0751473699402324 -0.0638172977362905 -0.0117050405116919
-0.0610385197951645 0.0713893713546483 0.013388462270289 0.0409271232889378
-0.0279721402217777 0.0830853172291704 0.0857158770470972 -0.01372898301854
-0.0027535080235464 0.0815667288777489 0.0856654573652503 -0.0698393054650687
0.0311551541528516 0.0701041333401191 0.0259390467174913 -0.10529514131021
0.05645146096579 0.0518892302355298 -0.0276772108195548 -0.0877983289668193
0.0713685961862449 0.0244891562401132 -0.0481172606272332 -0.0504581629392306
0.0662428000357896 0.0161329206429903 -0.0474228505101827 -0.0273359989487966
0.0754448037462721 0.0211643198292118 -0.063270027822135 -0.00439944364968904
0.0670946972710607 0.0543642408316096 -0.0817605975499392 -0.00265140318417335
0.0435287880727522 0.0712958640037223 -0.0964974098584336 -0.0123873847159035
0.0110896821966052 0.0919809924752455 -0.0954929271352552 -0.0353181740688937
-0.0137137645934162 0.0920712221181761 -0.0866770881640777 -0.0468879703751527
-0.0609544911194172 0.0823986697134326 -0.0654326919383716 0.00418736578838132
-0.098339329326338 0.0744522044520425 -0.0807695629035426 0.0815588038219885
-0.12059303112096 0.0951963802157448 -0.0200666712389042 -0.033035986867704
-0.0949479764409903 0.100360209170965 0.0430474655116322 0.0304830473037227
-0.0476270893720747 0.128672394484766 0.10588606598447 -0.0170622820729523
0.00239890014679981 0.127413451547776 0.100887682440735 -0.0687586735892027
0.0487852774920946 0.0971982994617749 0.0395009645172612 -0.0914629059004555
0.0753162257242797 0.068504982074229 -0.00447680359093434 -0.0725999575051952
0.0911120236357865 0.0331909927458053 -0.021970189772074 -0.0371537308971755
0.0824167625732187 0.0207232718692938 -0.0186762448205437 -0.0160823718337658
0.0908907954994675 0.0266104421101698 -0.0330411958723206 0.0100664979994907
0.0822405858863968 0.0665276262001799 -0.0558502677840869 0.017486241978956
0.0561492524084108 0.0899665890773022 -0.0829457029802939 0.0150390969526976
0.016652226824054 0.122933485588153 -0.0958562111230496 -0.0152168923954143
-0.0269812704300404 0.125206685390245 -0.0855440608191228 -0.0434579093325213
-0.0918097863123288 0.101882166462727 -0.0464904507168653 -0.0061926919945206
-0.136784720943629 0.0860609805965112 -0.0368592687414931 0.0683460114514662
-0.135754229514438 0.0979163899323796 0.0290993984970132 -0.0564923936797133
-0.117147987738163 0.10830295048094 0.0712050983642567 0.0136692437230162
-0.0658076147856846 0.150472939124542 0.118639639382155 -0.0137458743256521
-0.000521927364149167 0.153724348449649 0.111464625775728 -0.0546171015958139
0.0561858309550509 0.112112598597792 0.057923784874753 -0.0656541442276689
0.0813259493889801 0.0760518475387095 0.0261877792590147 -0.050305565087079
0.0979029063528274 0.0379687602650378 0.0103589486627498 -0.0213255524216996
0.0859720660667644 0.022255697021288 0.012708585451631 -0.00342357903936917
0.0917123664474654 0.0274978324420724 -0.0003581769752376 0.0247240522309967
0.0830940144968946 0.0684840315200003 -0.0259652853701686 0.0380995021493131
0.0577255796146894 0.0932860478552478 -0.063306643676603 0.0436258538398005
0.0168991697519327 0.132652667966133 -0.0885696011609976 0.0062410282424429
-0.0362345551049436 0.136582403039141 -0.0788233003598488 -0.0363722766517992
-0.108572496805392 0.104427481572151 -0.0264591985209635 -0.0171065369823196
-0.153240071803118 0.0825129542607382 0.00978994984621796 0.0509031650293312
-0.129572447046728 0.0820934203296067 0.0766976641978542 -0.0760090242632582
-0.122892238129168 0.0916599629214317 0.0951137824407272 -0.00518544884933566
-0.0792589159185049 0.141148567552941 0.120355372936026 -0.00654935922294365
-0.0106790961131794 0.1495448160049 0.112468317960965 -0.0303950159700049
0.0481227434914376 0.108958028875745 0.0734587689166308 -0.0311935675526485
0.0720092834490799 0.0717574097229337 0.0580815159413127 -0.0233180865887982
0.0880209915819969 0.0361630151261846 0.0429877586924408 -0.00530813805787516
0.0768182609515119 0.0201784114112571 0.0415612096602103 0.00973635908628228
0.079407215425638 0.0244819140336927 0.0286461026453597 0.0393939014143886
0.0715435362801074 0.0607336500781001 0.00184490982511887 0.0565495158912073
0.0486967794667447 0.0833433655352446 -0.0430965644003598 0.0674037464124025
0.0107463876192501 0.119945146681614 -0.0773093125974931 0.0251605783968396
-0.0414120335120571 0.124727307028452 -0.0664487459387772 -0.0270599182879884
-0.10901160063691 0.0887709623745421 -0.00766276396967824 -0.0241566313601899
-0.146891238563322 0.0662084524183207 0.0531112792217587 0.0331173625384198
-0.101083624908834 0.0522453785462852 0.114138786059727 -0.0877931084023136
-0.106994291043436 0.0586373308815793 0.110486241008277 -0.0207945082381361
-0.0775338798011407 0.106470962843449 0.111730680826141 0.0035009949391945
-0.0181539177265239 0.118351392112984 0.104035106050715 -0.00385988824519395
0.0324023927736231 0.0851197040281325 0.0839315473932703 0.00355319133911701
0.0505924232194578 0.0548478186087255 0.0831261730586552 0.00192945018748608
0.0646078554489511 0.0281657809913334 0.0700392712218229 0.00785687269563469
0.0559140720483128 0.0145326083730202 0.0631307277875929 0.0207138273909549
0.0564676594631582 0.0171661515452226 0.0505336341068443 0.0513202286520464
0.0510954275716279 0.0448816042928388 0.0211552295432073 0.0715994269707809
0.0348903343090736 0.0619333351022769 -0.028775033380988 0.0843940340236173
0.0049395205945099 0.0928852343333086 -0.065763946246737 0.0387384390833892
-0.0405877915203672 0.0970390209320152 -0.0533655691519525 -0.0164412387200462
-0.093390023030573 0.0617871410761016 0.00732650369621384 -0.0257316865971278
-0.118779612123783 0.0401141050287047 0.0863039458938201 0.0192928059468468
-0.0558117903001462 0.0142181599343484 0.133923610039721 -0.0908951208313379
-0.0721335381545123 0.0188715486133293 0.114313083475207 -0.0298040539765193
-0.0576811789268789 0.0589015125500443 0.0974434452574065 0.016312067000556
-0.0162837372609108 0.0687095457248424 0.0926118770037271 0.019878369972979
0.0151920693495897 0.0460274494180911 0.0901135986661755 0.0297933640131339
0.0221368064874199 0.0277256295433853 0.0996696854066373 0.0199123936639765
0.0293972351305012 0.0153998601608436 0.0872194595918166 0.015494741192917
0.0269729290895752 0.00675363265570793 0.0756220592089824 0.0279858387337821
0.0270065352724514 0.00718008951566824 0.0629497315606101 0.0592420958022194
0.0280087486342682 0.0225238493321166 0.0311855257092112 0.0812327414910657
0.0218797547176272 0.0345881017947116 -0.019944914443597 0.0948871214952179
0.00293046137156435 0.0584964894987763 -0.0580455418305298 0.0489244850862304
-0.0309933317729334 0.0612177825695959 -0.0443370416521476 -0.00618620088312209
-0.0646063804667552 0.0303120062688183 0.0138081159034724 -0.0250956264215561
-0.0735105135018271 0.0109330450732608 0.105830559311826 0.00927726556568848
0.0111264963485529 0.00906966572240031 -0.11220719063805 0.0229891868907006
0.01967773357218 -0.0066782638985627 -0.0230887939973318 0.0521174771048165
0.0137691119647992 -0.0207159904306822 0.0514802965473231 0.00380898315461639
-0.00930645556575345 -0.016158885242958 0.0653688107193276 -0.0540510478343951
-0.00232392883176905 0.00397561700944854 0.0161617541145992 -0.106919631033236
0.00688482043372252 0.00390088953688742 -0.0476360524817964 -0.0939490313249418
0.00804659360419256 -0.00224622543698663 -0.076052151062918 -0.0602031075460587
0.00876711926521937 -0.00120572485309312 -0.0844080727577529 -0.0320145612297928
0.0137363792487178 -0.00328000013300562 -0.0988474900702895 -0.0143709702694927
0.0124600475257998 0.000770554915751722 -0.108951823825496 -0.0183101512322609
0.00869017603006251 -0.00251414217973349 -0.106504777087423 -0.034328208062654
0.0137797924408632 -0.0105411538529231 -0.0932309125160437 -0.0435406508252584
0.0368988161556964 -0.00672066312968779 -0.0937697493445352 -0.0353836869776153
0.0351159678152707 0.0165500335362586 -0.0940860230683947 0.0177776671148448
0.0203727726646566 0.0219124940819993 -0.125278614283689 0.0950220558041762
-0.0374204485564435 0.0476775827697937 -0.0955362006235683 0.00976243232438901
-0.0184643247157176 0.0351864815589848 -0.00706015860376257 0.0475678063175951
-0.00388398855108488 0.0306831220244816 0.0654791427350795 -0.0105625927738689
-0.00470207539213088 0.0314373890960735 0.0704449727134689 -0.0678719787873688
0.0151729174706132 0.0363749460955855 0.0142167752872668 -0.110465254057208
0.0344783156791338 0.0270090007476633 -0.0448485553215109 -0.092975262237288
0.0423177109061046 0.00887453944773405 -0.068059796673592 -0.0565471545139723
0.0408495470693778 0.00551740616037596 -0.072026535758441 -0.0307721084797116
0.0495645993740694 0.00754552747044578 -0.0871296393040042 -0.00933918854338222
0.0450674380609727 0.0282369173399865 -0.101170761845529 -0.0114840626646834
0.0286702709500314 0.0376478434490683 -0.105342616853117 -0.0274766083563178
0.012879514936998 0.0443615843654306 -0.0951609139784024 -0.0428520999802138
0.011237924663756 0.0451665593793424 -0.0899874256595107 -0.0409858004738059
-0.0139878077400935 0.0542903721377239 -0.0807492632374117 0.0155105601722783
-0.0407680271834539 0.0555922256634462 -0.107897168880802 0.0955860315760299
-0.0810024239036775 0.0816842143626574 -0.0640619196436867 -0.00882239185265739
-0.0563988906048929 0.0762131251520762 0.0179824480599566 0.0412691565211627
-0.0211716778545025 0.0862400016700496 0.0868903274267457 -0.0198493868865538
0.00394511810204728 0.083062661685597 0.0835264106624956 -0.0765891195801594
0.0371132373112921 0.0684796663992493 0.0206917133311706 -0.107587641468632
0.060814101573731 0.0475366042369386 -0.0324309115159589 -0.0858205255363194
0.0720380549356093 0.0191038002794792 -0.0500274775971155 -0.0478849358741969
0.0669703571923608 0.0111200057634183 -0.0493385034424064 -0.0245417690318173
0.0770793885420883 0.0155077913477695 -0.0634411806097429 -1.28177752887802E-05
0.0715871340201072 0.0491536918720038 -0.0826496520646474 0.00355575174698585
0.0486875864987041 0.0690116070073152 -0.0982887839657598 -0.00673578443478238
0.0181325446907281 0.0920303270258064 -0.0991278115344687 -0.0300003271850307
-0.00687020613051481 0.0926493149128955 -0.0906052472604256 -0.0421314733090097
-0.0558908120360262 0.0874931883952249 -0.0645146592709113 0.00776136269389693
-0.0937062010751511 0.0816791441239674 -0.0749614068879162 0.0872960456072404
-0.113185877894348 0.103402809330904 -0.0219460731122458 -0.0323302599390634
-0.088071158030036 0.107588762669672 0.0458380215132854 0.0286461148355649
-0.0379128885035185 0.133071337673182 0.107663786755362 -0.0239653954108777
0.0127516303036527 0.128328422998031 0.0983685168843779 -0.0765358482437338
0.0566677614645529 0.0942764362715418 0.0352601627710214 -0.0950801649422924
0.0810983021086408 0.0628604263881812 -0.00819070681258429 -0.0725233544988672
0.0926932025533763 0.0265774680088185 -0.0216630398982238 -0.0360455560441071
0.0837537138358129 0.0142892035861161 -0.0197728753422937 -0.0156093533767404
0.0927061870090593 0.0196035439340723 -0.0321877366722075 0.0122285424136176
0.0877818499152675 0.0600533392822306 -0.0554004758400177 0.021635851988193
0.0628514925459516 0.0862736836043949 -0.0829164393445128 0.0210579936750717
0.0262143735176671 0.12318624482622 -0.0984486610442099 -0.00981930744207538
-0.0177402995563518 0.127300848131222 -0.0899988322930372 -0.0387598711650445
-0.0853008171339142 0.109153621985117 -0.0467999540866686 -0.00460522418028987
-0.130812100026702 0.0962306356983446 -0.0320479598162184 0.0707952619996288
-0.128041620341279 0.106722908983205 0.0258209196414435 -0.0591103063156086
-0.110272294172639 0.116748648041386 0.0727367145663799 0.0103933247611813
-0.0552063318240399 0.156253128208204 0.120352907589493 -0.0214530109402845
0.0117369103504995 0.154642331714818 0.109702855800308 -0.0629546414576071
0.0642136373735718 0.10898595256434 0.0554210666230025 -0.0701931008446887
0.0879206319341608 0.0700457295960867 0.0239171586394593 -0.0531608775062847
0.0998829772903654 0.0303381004347371 0.011727873092099 -0.0225766019397794
0.0869299300932758 0.0156193113844219 0.0125757232493701 -0.00513821636612237
0.0937313388095559 0.0209501014449859 0.00135528756963466 0.0246885394101952
0.0887644614468195 0.0620982157894548 -0.0238127970609795 0.040116112634679
0.0644328487209104 0.0899957617910851 -0.0615457817240033 0.047783863160609
0.0270043164058259 0.131798950566636 -0.0903869737392955 0.0115993954094149
-0.0262307507857144 0.139282532159918 -0.0829510755758091 -0.0317570775927047
-0.101069469208624 0.112436677060555 -0.0280048800591565 -0.0168402073138162
-0.147018250284025 0.0943364861884256 0.0137344312846381 0.0500749878822335
-0.123604217914336 0.0902831916644223 0.07163599957973 -0.0815789677031806
-0.117050501834734 0.0999040492057943 0.0951772158633632 -0.0105905863480871
-0.0691984686201334 0.147418077219794 0.12180892068632 -0.0134250226671994
0.000315391212625716 0.151787612661266 0.112255916227252 -0.0384945244002445
0.0558775109999522 0.105922478137486 0.0736750776033588 -0.0360699420662797
0.0778548615403794 0.0668989198086551 0.0570476468861893 -0.0280860924806043
0.0899609764259552 0.0291954552822075 0.0450164748262788 -0.0083496249203474
0.0780622823594081 0.0140659512866482 0.0426173906086577 0.00610292838416782
0.0808975101171326 0.0181349836830028 0.0317832205367233 0.0371363713637191
0.0763007171403509 0.0549199159408155 0.00484468906243174 0.0571174312963013
0.0548840504282724 0.0797812857682095 -0.0399933766331996 0.0704349200995887
0.0201413492209604 0.120177735230876 -0.077115508042569 0.0297470740216605
-0.0326364016822629 0.12813446500314 -0.0706854062305059 -0.0233640342239398
-0.102991062181124 0.0964681689906685 -0.00964604160705348 -0.0246887658526212
-0.142121032506118 0.07668280765962 0.0555111314856722 0.0295374204342255
-0.0971084996466543 0.0582166184889929 0.108510924639028 -0.0957982351010085
-0.103548836872987 0.0650751425899982 0.109411045873166 -0.0272037315878429
-0.0707327566671838 0.111902845159835 0.113253394669739 -0.00266746572654805
-0.00968566462856306 0.120246331409757 0.105152857155283 -0.0102485878983993
0.0382900223434567 0.0828043279640719 0.0856323606517128 -0.00203232965922839
0.0546760057855379 0.051329018041752 0.0842889977145813 -0.00385619102291431
0.0650597927795561 0.0231076785893215 0.0725398506114619 0.00272909891956203
0.0562993950122003 0.00991703970789973 0.0655203693800325 0.016052299197192
0.0575566569643616 0.0130308554092549 0.0543600232414889 0.0475477097915881
0.0545997707172876 0.0403632716007788 0.0248268169002647 0.0704763852684728
0.0393986093187843 0.0598903041270239 -0.023380819245463 0.0870448999283263
0.0118441382886652 0.0939160478345855 -0.0642906551345031 0.0434004205007776
-0.0338737847444824 0.0999997323659067 -0.0561220258064735 -0.0135017262052329
-0.0897573327173115 0.068118097701392 0.00479991788724716 -0.0274410905404265
-0.115939789725096 0.0485975774759601 0.0875073874749074 0.0132174783758771
-0.0547620956721719 0.0172512635903185 0.12815716270965 -0.0998545554630188
-0.0715780933816283 0.02278271050598 0.111784587444562 -0.0362739594020246
-0.0538288485475233 0.0627092193956292 0.0996392449400995 0.0111604026478212
-0.0117405904121339 0.0705569355592972 0.0946550113537646 0.0146039467131165
0.0180690841406532 0.0452364247340366 0.0935534513993448 0.0240696354871533
0.0235660678806883 0.0263666212166714 0.102065800299134 0.0126302067353899
0.0299200916664796 0.012594730564013 0.0894048798008296 0.00966638406202399
0.0268146552064947 0.00415199273179552 0.077513416917666 0.0227710502438072
0.0272090352003025 0.00529196324257707 0.0664259974859287 0.0549790134809533
0.0297509292202278 0.0201587118458986 0.0357210988157637 0.0795760616437435
0.024333914073513 0.0332926706097486 -0.0143468563167213 0.09699741182266
0.0071835007092415 0.0590302033723341 -0.0559129307569931 0.0527860134442614
-0.0274615312349102 0.0635614664682961 -0.0463518191568578 -0.00356343158714409
-0.0627644737684847 0.0340893409732668 0.0113990341950405 -0.0267931755753833
-0.0728251869013764 0.0159828447895722 0.10571376518999 0.0015746591782426
0.0108225814179076 0.00914841852680489 -0.108064138844615 0.0266699416677005
0.0192047581217707 -0.00685528296570273 -0.0186546263626185 0.0523706121951506
0.0132741233075004 -0.0209757287651829 0.0519732993157363 0.00151002804283936
-0.00922919403549968 -0.0156972356357416 0.063528377659391 -0.0567434837841484
-0.00082979814936215 0.00323330235899768 0.0115532818675343 -0.105973177318525
0.0075900816597355 0.00332744780185467 -0.0497716557384548 -0.089739027130541
0.00735844928104215 -0.00243087290881124 -0.076768198332082 -0.0553785102539307
0.00878214017622387 -0.00114669296190934 -0.0842916320214991 -0.0279735710462654
0.0133805734948978 -0.00383877431456573 -0.0973231078656481 -0.009074416809585
0.012552891532936 0.000100054699488286 -0.108114603499556 -0.0123481112784824
0.00861127153525095 -0.00292104834653141 -0.106954906274235 -0.0290509292081622
0.013489988225666 -0.0109140052189627 -0.0942574625087328 -0.0394309316031372
0.0361523777099119 -0.0087772999038326 -0.0935007620814632 -0.03103434483733
0.0352522875219137 0.0154824115316176 -0.0903764463712976 0.0204762842310766
0.0208254417158594 0.0207292187072279 -0.118169833692648 0.0996094659002138
-0.0344195583469012 0.0495827185420973 -0.0921012355808008 0.0128826298613557
-0.015784425002203 0.0360775045472765 -0.00306965508870809 0.0473210032459776
-0.00175397433732074 0.030717272050349 0.0653158531755364 -0.0132371372780934
-0.00225105724139209 0.0307938259979145 0.0672227750135934 -0.0706639547207036
0.0176037161910315 0.0341757604732702 0.0103859171350192 -0.109404202213386
0.0358105494072799 0.0239286705727653 -0.047785353103043 -0.0887856692316589
0.0415314209318488 0.00654417632585039 -0.0682180919176879 -0.0528150447844003
0.040269600820695 0.00303440662061939 -0.0721702312398782 -0.0267519500250847
0.0487899420144547 0.00474664034906134 -0.0854921277489448 -0.00441055763528191
0.0456194972164536 0.0252973417184312 -0.0997921457829775 -0.00589539109044476
0.0302875899308322 0.0354299133253856 -0.105575194559832 -0.0220740064797671
0.0154865398832162 0.0434029685399473 -0.0962888215912747 -0.0385335323196396
0.0136186652100538 0.0433442736218738 -0.0908437033731037 -0.0367559321503038
-0.0108872411004193 0.0550991623060556 -0.0775155329624653 0.0179448420993513
-0.0373253390936945 0.0568728478381145 -0.100874916313882 0.0991334313460965
-0.0751936540750129 0.0843785658196047 -0.0623078694016969 -0.0061498354683061
-0.050645111984883 0.0778754694850539 0.0208447039485558 0.0402816681137454
-0.0152826292740459 0.0858424074840181 0.0855710392689166 -0.0236917717053421
0.00939093043395238 0.0810815162585885 0.080062298137903 -0.0804648117055721
0.0402882773227586 0.0650517710703181 0.0165262825050467 -0.107562041425105
0.0629525381157196 0.0427118762444045 -0.0348957595462762 -0.0829185462505694
0.0713303848478676 0.0147640216075919 -0.0492705583443847 -0.0456362050036176
0.0658023121835815 0.00702056032782641 -0.0497621636770412 -0.0218838094708804
0.0763004592663993 0.0110381489367606 -0.0622542724188114 0.00337067440804542
0.0726427027945925 0.0437829583416378 -0.0809042779077498 0.0078462076344381
0.0519038044238809 0.0648127724257374 -0.0979222137057305 -0.00202161107416103
0.023728297882907 0.0890372529873577 -0.100097235056893 -0.0258000262173184
-0.00201518073098586 0.0915137460346354 -0.0918853976280509 -0.0380411067857152
-0.0501588794770417 0.0892659263335056 -0.0621950984391833 0.00898290683084911
-0.0874797888216683 0.0854596058043677 -0.0687925275866216 0.0889691234946278
-0.104612327894719 0.105990587651208 -0.0230375685566559 -0.031318761886186
-0.0813881181806062 0.11024831546523 0.0476160047177919 0.0275704767832389
-0.0296163806247833 0.133102527139655 0.106479556197925 -0.028056535398988
0.0201047055339154 0.12565745091696 0.0947190183962879 -0.0810281307234721
0.0609024689044267 0.0897219788369641 0.0317670137993919 -0.0960148531421314
0.083414888074301 0.0559002296064281 -0.0111191617647818 -0.0710679941536974
0.0914443327104245 0.021341409416232 -0.0206834043549426 -0.0357314796351344
0.0815455833041332 0.00954608031568224 -0.0202284746188263 -0.0147171003215116
0.0914244175375546 0.0136841307256854 -0.0308910990023612 0.0132900403456661
0.0895196734998418 0.0538824315029083 -0.0534841524890732 0.0246699737600493
0.0667974410784451 0.0818021617801751 -0.0816554654262564 0.0241721255191326
0.0325556544365464 0.118929390929733 -0.0989967805568656 -0.0057577794951408
-0.0110617092242348 0.125419839790892 -0.0910675626750548 -0.0342305939149761
-0.0778141020695949 0.112221948530003 -0.0459759609983108 -0.00378936615168923
-0.122388999682676 0.101297428837224 -0.0275047916572974 0.0706463568022413
-0.11905986577216 0.109819923141768 0.0223390363230308 -0.0590230300979251
-0.102331827147775 0.119833246168934 0.0725624247227151 0.00785868999143002
-0.045849620089632 0.157039905389033 0.119182272670578 -0.0267014845606497
0.0202241728210949 0.151171872694118 0.106624930024624 -0.0682159186476921
0.0686433534164782 0.103595273903884 0.0527773103292901 -0.0726833043716911
0.0900331278667825 0.0632420052256197 0.0212421699057263 -0.053624222591284
0.0980888202601856 0.0240330381621256 0.0127367732246297 -0.0237305961873783
0.0849505516174467 0.0102167151868538 0.0119776266860773 -0.00578399082369895
0.0924738519819635 0.0146947270956866 0.00266287535662297 0.0239962740198975
0.0902687395516298 0.0554328151129404 -0.0219584338952995 0.0407828048388494
0.0684703516967895 0.0848810895443545 -0.0588557796547766 0.0498714725472653
0.034405923504999 0.128047599582163 -0.0892681700781194 0.0148415768036121
-0.0187817905850528 0.137663183238339 -0.0842147714153533 -0.0278032314548161
-0.0934089083344721 0.115570555349138 -0.0287807850586991 -0.0160267551588237
-0.139241548960976 0.100006708947582 0.0157565089530413 0.047810184436142
-0.115598840164613 0.0935951475050517 0.0663483714108069 -0.0838577143951569
-0.109974083416365 0.103500669291609 0.0929830175874826 -0.0131523943800874
-0.0608512181664674 0.148682615403741 0.120853952204251 -0.0187313476713838
0.00865389481029283 0.148824532705498 0.109729998794992 -0.0436369412258347
0.0601357757282641 0.101325049527645 0.0719553514664909 -0.0400034237089988
0.0801655891031697 0.0608758471398407 0.0554697135839561 -0.0311301414306161
0.088474755876424 0.0232967041329533 0.0455674013961663 -0.0115835927297148
0.075961936079785 0.00933983101121907 0.0418639467750105 0.00374043692172457
0.0799723464231763 0.0131189257030733 0.0330896366604982 0.0345345155229991
0.077706111060221 0.0490890230927244 0.00640723714268267 0.0559972209895614
0.0575443170638617 0.0757284225917374 -0.0361803510889288 0.0710738721313336
0.0270306260782572 0.116709841560138 -0.0756050983641105 0.0328296476671181
-0.025191702696428 0.127114133088849 -0.0716034468539239 -0.020199889275355
-0.0962446054024417 0.0998136247436871 -0.0112433376425374 -0.0245978475852023
-0.134829527751178 0.0827373920295791 0.0554146349309852 0.0259751461860739
-0.0921149223221578 0.0605389219840731 0.101562248885468 -0.0994967319759101
-0.0992267622074349 0.0687386436348449 0.105535596654898 -0.0309494985441644
-0.063933786535518 0.113389013606571 0.112654651751879 -0.00757231770440803
-0.0036029771009595 0.118666357793997 0.103267013037009 -0.0152899878324914
0.0412290713017927 0.0798607938486442 0.0856831317820277 -0.00645759319857525
0.0562823691677235 0.0471340176645847 0.0831258934634692 -0.00866326966195441
0.0638843178058662 0.0187669127625228 0.0727513469186843 -0.00124644689321708
0.0550569648077079 0.00652273777003906 0.0646679160382349 0.0118985519270018
0.0567439206449701 0.009532004373232 0.0552523300434215 0.043800521918902
0.0556529219846041 0.0361592885599409 0.0270864861505007 0.0683579612205471
0.0416304335615731 0.0569421538856531 -0.0191362807495768 0.0867452186780576
0.016741320938752 0.0918774000184368 -0.0625971499520041 0.0455310185949577
-0.0280692872115114 0.0999232384264112 -0.0572155945626863 -0.0114305422800914
-0.0846891447406067 0.0706379934563516 0.00286060545271361 -0.0278516655987714
-0.110722432219425 0.0535018500595652 0.0854762061659249 0.00879115907262231
-0.0525747714583939 0.0183503917498209 0.121441133515315 -0.1032565613241
-0.0698620074351885 0.0254362903423777 0.107400836864983 -0.0397081530820532
-0.0504667422174426 0.063925325148144 0.0990775477751946 0.00734315107259995
-0.00820361962490105 0.0696685429072284 0.0942763365508526 0.010267413938228
0.0197308807178822 0.0432875036525762 0.0941209467047394 0.0192965047642614
0.0246874551129757 0.0247701113322418 0.101456785883297 0.00708382486402606
0.029407156498357 0.0103618655162379 0.0888555288098397 0.00511608895971858
0.0259922400170498 0.00248583820115134 0.0768537558999078 0.0178416080218422
0.0265218746171901 0.00361885523413222 0.0677433729910948 0.0498681190117842
0.0301920163579056 0.0179165242432444 0.0374482128316618 0.0766962176097609
0.0256190071706492 0.0313190878820604 -0.00992012104229511 0.0958609238214231
0.0103313951428983 0.0577982401183975 -0.0535527438954064 0.054613702179421
-0.0237553403136314 0.0637255353203014 -0.0472936838813404 -0.00179656107722528
-0.0600763490426071 0.0358812028911196 0.00891421969845642 -0.0269836482607286
-0.0704640155274544 0.018932299388194 0.102802853453295 -0.00370159452292073
0.0106477384930353 0.00990681979418055 -0.104172219477347 0.0269885827745508
0.0195923632564086 -0.00635821504818649 -0.0155524028974722 0.0517607199291242
0.0135554177404886 -0.0208215980906528 0.0520034060293773 0.000251112539483501
-0.00888497940765727 -0.0152814624971905 0.0615722511919581 -0.0579272368682396
-0.000278890184102955 0.00243664928998389 0.0103738227489157 -0.104700201521736
0.00800713694308175 0.00263183407466144 -0.0498560425274933 -0.0865631334350231
0.00730860490631887 -0.0020338192057821 -0.076396517555094 -0.0526592358556397
0.00868724021764989 -0.00185495360773262 -0.0841811541516101 -0.0257907646005116
0.0134500379315573 -0.00398681032829672 -0.095707742462021 -0.00594469344911532
0.0124676775036795 -0.000367447692257369 -0.107117806035834 -0.00979646738463477
0.00872376286665169 -0.00308750223620225 -0.107179586196025 -0.0266022266924684
0.0133930365373407 -0.0109577673809833 -0.0944337448680237 -0.0375137994200589
0.0353721495240387 -0.00943980029654886 -0.0925062156566807 -0.0287171213682385
0.0342629609971622 0.0151861339706772 -0.0873106532382669 0.020841989568443
0.0205278674040221 0.0197609954503 -0.113784018341473 0.100001080667155
-0.0323785258231337 0.0496058127535122 -0.0897595082333133 0.0137400233027629
-0.0139175962271851 0.0362495473122294 -0.000392174881894979 0.0468249857968892
0.000295072983102598 0.0306856381990132 0.0649814411170904 -0.0143329645532534
-0.000629817960672873 0.0304447222020158 0.0661160510435226 -0.071850285520331
0.019227112091558 0.0332599445047598 0.00848617512398008 -0.108480460989913
0.0362612080427232 0.0221782912409335 -0.047986950335512 -0.0860671246952931
0.0410612923987375 0.00542187306282722 -0.0675747771406498 -0.0507875057182894
0.0393888731934098 0.00206473073338116 -0.0716607047584373 -0.0248832789119394
0.0479054443144629 0.00299128366266377 -0.0837874563468267 -0.0018309017075364
0.0453587300863177 0.0237872430886091 -0.0986623769285301 -0.00298628621238539
0.030456547181025 0.0339391733390026 -0.105492122623691 -0.0193786982447824
0.0169182214970946 0.0419500219385018 -0.0968904896997929 -0.0370501976676263
0.0145023574235542 0.0424650938003206 -0.090010279487394 -0.0349630833302603
-0.00941071666526677 0.0549656155536385 -0.0748728770745197 0.0175355655655352
-0.035414064115093 0.0568550065777191 -0.0963959226057318 0.099221630254468
-0.0710728084594746 0.0842898797863291 -0.061225791442188 -0.00582753084335151
-0.0476886010291337 0.078327820356995 0.0226729715944889 0.0398555405288638
-0.0118169650070926 0.0856178573296292 0.0853876840399851 -0.0254449086785653
0.0123799439852014 0.0794485393571245 0.0784410009534549 -0.0825377011791485
0.0422400400532624 0.0625763085940371 0.0149636593306971 -0.106838318878187
0.0632410675747161 0.0393310098268496 -0.0353484916943866 -0.0806557738647618
0.0700470520474071 0.0127870064399644 -0.0479628568010817 -0.0446981262410297
0.0645024656769613 0.00506074289224531 -0.0494424519327879 -0.0205195235604472
0.0748574848310765 0.00832641544631443 -0.0606915836644425 0.00482055364762498
0.0727486366578242 0.0409731462219545 -0.0796375655426011 0.00989249038291549
0.0525205024807521 0.0625576896123815 -0.0977311454213682 0.000361500195017245
0.026516637807608 0.0869386305321544 -0.100935730470546 -0.0247258567862038
7.65921809520714E-05 0.0897240242279066 -0.09130514440452 -0.0360285674172083
-0.0469875205753388 0.0894989897754753 -0.0605948370574353 0.00844926277947051
-0.0833836609599187 0.0863239844982613 -0.064439724949764 0.088310847268757
-0.0997974019231395 0.106088524256872 -0.022758343614008 -0.0310864599911041
-0.0768390062807206 0.110320152260645 0.0488272454497024 0.0269104278467943
-0.0248155646186167 0.132389984284576 0.10582851687372 -0.0302201667772904
0.0240558001673025 0.122752295862656 0.0932305716283097 -0.0833659059008241
0.0625953500010786 0.0870008132088881 0.0301464252043721 -0.0963185990098693
0.0835877831754192 0.0521288317376729 -0.0119047614081048 -0.0700426541257814
0.0896906037907152 0.0174876078152707 -0.0196479315129809 -0.0356265760327802
0.0794320402343373 0.00666498729556478 -0.0202188438263147 -0.0141338392206585
0.0896111679863447 0.0101217663029532 -0.0299135870390375 0.0137274557174515
0.0892361029217144 0.049570632963437 -0.0524735510112141 0.0256468026872367
0.0673106425497 0.0785850682659266 -0.0804913759663118 0.0254172679404037
0.0364067742279562 0.116097946307477 -0.0987222110659272 -0.00468548741671611
-0.00761750982658239 0.123484374886437 -0.0912237229994361 -0.0328976139489953
-0.0733369146024387 0.112375746684762 -0.0450870774111491 -0.00449742419768096
-0.117424530090939 0.102820428557046 -0.0254054325620535 0.069498729050599
-0.11377293101564 0.109820253670795 0.0210217714507097 -0.0591393586788755
-0.0978501292207961 0.120538763264946 0.0727462792620407 0.00722962761806663
-0.0402020910336895 0.155282337045753 0.118461497545182 -0.0287947676006803
0.024709213767678 0.148154600331372 0.10499191282052 -0.0705127845094035
0.0706370806778187 0.100617027467446 0.0512859872421243 -0.0737763769739508
0.0901427203398088 0.0589401066814596 0.0203906516314978 -0.0538907486021743
0.0957085097557352 0.0205096887691721 0.0135710011945883 -0.0255348939908798
0.0828329973772152 0.00719619444047759 0.0113359063791459 -0.00600985080903128
0.0902971112501319 0.010759509037856 0.0031358464131271 0.0234849380937156
0.0904248138837845 0.0514477957108646 -0.0212075997847263 0.041133206053724
0.0699773135251395 0.081530676877917 -0.0575634556093649 0.0505334759874375
0.0379284511942919 0.124762982928624 -0.089449594051336 0.016204009668858
-0.015000846962238 0.13606315431838 -0.08419647845943 -0.0265200799346176
-0.0886308318926844 0.116055291950048 -0.0287276341969651 -0.0172561016359827
-0.13330677658905 0.101975045475807 0.0164299715970241 0.04611530621712
-0.110641327358794 0.0934975957349545 0.0635826278649903 -0.0837191023689215
-0.106411052377261 0.104522311831627 0.0920053324297662 -0.0137606493838783
-0.0559381399122569 0.147476126974468 0.119949811428439 -0.0206916336430899
0.0132789430708842 0.146138892229477 0.108136422751611 -0.0462418523216847
0.0619238257668057 0.0983484330905983 0.0710461437649457 -0.041674820906431
0.0804844552782662 0.0571783449041604 0.0541091877621094 -0.0324183631672269
0.0861956924694996 0.0202242933904681 0.0467987853956873 -0.0135962113294887
0.0735352492915651 0.00645671781193161 0.041239265355744 0.00264202139439748
0.0780667664093122 0.0102421637007678 0.0329986084805355 0.0328351370796154
0.0775477099162771 0.0454394755206023 0.00743296664537984 0.0550260993050997
0.0592897632378402 0.072980489058228 -0.0346943408754021 0.0707332635452293
0.0301837171915639 0.114208512461291 -0.0753137792735602 0.0335322529463499
-0.0216569408075292 0.125328318381306 -0.0727963564297493 -0.0185067412292961
-0.0918951137686499 0.100304861730588 -0.0120971948662744 -0.0257688654182522
-0.129583955774575 0.0846627477159467 0.0545139588512531 0.0237003060773378
-0.0887818105224725 0.0605268251848165 0.0980081379560495 -0.0997398551268664
-0.0968387416460393 0.0695184108697017 0.103529202287365 -0.0314388598932329
-0.0604885542499046 0.113034393603893 0.1120470128739 -0.00938480179653926
-0.000257011264134698 0.116674690813391 0.101845668577689 -0.0174803194955407
0.0425530313150238 0.0778511261663922 0.0845313676432866 -0.0085922772189966
0.0562226520915045 0.0444209034967286 0.0818028054837253 -0.0112128007201763
0.0623513606990641 0.0158101411172585 0.0728738648689876 -0.00380801728297984
0.0535624279433851 0.00431720957104481 0.0638231839377238 0.0102942350038111
0.0554576004484578 0.00703437824297979 0.0548181200750821 0.0416650693569203
0.0558327155633584 0.0334791675591057 0.0270647691142461 0.0666567295697705
0.0423786526429283 0.054710735497191 -0.0175295775593147 0.0857636418106941
0.0195048348974005 0.0895593499352818 -0.0623297223778632 0.0463007119356506
-0.0252861029844419 0.0986918978630277 -0.0580778610630628 -0.0101723497760995
-0.0815735209749749 0.0714093260764141 0.00133744580427034 -0.0282645865510147
-0.106505998978675 0.0551890190663104 0.083661022966117 0.00608547502661228
-0.051357717481406 0.0180131088377015 0.11738843882718 -0.104290172289961
-0.0691526555474505 0.0261857609001006 0.105289596284739 -0.0403886409692356
-0.048524370021506 0.0635588068486232 0.0985324392892142 0.00572684468903158
-0.00714447694939473 0.0687702799877686 0.0932609703024758 0.00846057894777471
0.0198144235538136 0.0423942910175633 0.0935290077932355 0.0169398398268863
0.0241847949355788 0.0237600325952472 0.100423468875704 0.00392369290877344
0.0278133603363806 0.00916552358148389 0.0885435086094031 0.00258988117592909
0.0251857319323089 0.00124338976446928 0.0760102321146293 0.015855073400442
0.0253822594480622 0.00232144121450358 0.0673801823901986 0.0473268404363434
0.0300602186298693 0.0162941133191946 0.0378588009906272 0.0748384248928084
0.0260435542007349 0.0302615046862539 -0.00832269889982967 0.0946906051660442
0.0120449956985189 0.0571185994789987 -0.0527896508614907 0.0548196303074472
-0.0218647762134715 0.0628333514059754 -0.0480705641518286 -0.000615204367757851
-0.0582048446158035 0.0358184801147694 0.00715775941143384 -0.0274488964767529
-0.0681748500733051 0.0199567857430856 0.0995138432168129 -0.00588238757865703
0.0122247686263644 0.00797510816127407 -0.101121978099652 0.0486632316007281
0.018191291874333 -0.00951426653328629 -0.00395400325383887 0.0562509930245601
0.0100131675120083 -0.0228094481985085 0.0553565621065234 -0.0100189087896452
-0.0114692604203346 -0.01434702788039 0.0526136966923726 -0.0720349055491519
-0.000562124008465144 0.000722376393821235 -0.00972154956759299 -0.107127644690282
0.00714362660516805 0.00108236062540979 -0.0650489849799505 -0.0772434234656761
0.00589577169645695 -0.00331841420319428 -0.0843448482302501 -0.0372496672150745
0.00821129361484698 -0.00286292927434059 -0.0880573766457456 -0.00893198649146017
0.011398366392652 -0.00690199931841622 -0.0976379485633835 0.0132576454323478
0.0113149363645781 -0.00296459042960243 -0.111230572090707 0.0131043570292939
0.00624773403632439 -0.00562618809220166 -0.114572984283705 -0.00390114384334851
0.0107795665717252 -0.0151470338116682 -0.103963011249732 -0.0181482984836968
0.0313871122725453 -0.0170594848842386 -0.0994024408033103 -0.00898716321664931
0.036209129841135 0.0077930022045982 -0.0850762914573022 0.0383147365876721
0.021207564666881 0.0164129234925114 -0.0957326728340892 0.123048215233303
-0.0210088100356383 0.0535742898937532 -0.0923486627322072 0.0317918848396668
-0.00500139217061292 0.0379569230900636 0.00796008799799596 0.0485325476397281
0.00804030438433804 0.0283722062924078 0.0614611774773948 -0.0265947962554286
0.00655098962630857 0.0268212039688905 0.0511749751751613 -0.0847825459466609
0.0246268315713776 0.0262429672921771 -0.0127417398693147 -0.108486612124178
0.0381244527329234 0.014047603952353 -0.0629112361549648 -0.0744266559435982
0.0392870642427045 -0.00314693146066931 -0.0751500354755218 -0.0345574879443002
0.0380542449363086 -0.00484588080065089 -0.0759192605114789 -0.0103381476043835
0.0454652826139478 -0.0062426364344681 -0.0853269441804101 0.0143763687547717
0.0479791142125052 0.0135418445449312 -0.102281402167746 0.0177800112006204
0.0343378856858925 0.0258659385818749 -0.112285901745601 0.00352475459263788
0.0239732682181179 0.0351081688546909 -0.108155231179763 -0.0177725464967832
0.021539112667252 0.0365616630458245 -0.100257614768078 -0.0169772639532784
0.00127850795669809 0.0554585646918227 -0.0721326426809593 0.0300340513622041
-0.0252026130720121 0.064231230040534 -0.0773070623572907 0.11476605354112
-0.0508375457855056 0.0927862467213265 -0.0700431173070209 0.00596685067101748
-0.0286139425410474 0.0847995600799798 0.0277380482795232 0.0368095711635835
0.00781314749182275 0.0828817166981154 0.0758549630286539 -0.0395672187423413
0.0299183625448171 0.070488321761816 0.0579148761593089 -0.0953780739403148
0.0525408448520626 0.0497906638510507 -0.00673715031639746 -0.105692499946509
0.0676104646792457 0.024886877792239 -0.0494791794554332 -0.0694964137187931
0.0680252168707679 -0.0027003678327095 -0.0545656998672065 -0.0307411589460482
0.0621799781840726 -0.00653547952565525 -0.0529145036367021 -0.0105416033709644
0.0724927086262519 -0.00641103140866892 -0.0606599053385179 0.0172938444139806
0.0777047608921637 0.0249536765129848 -0.0812303568088985 0.0277512807585032
0.0601123775021918 0.0493119810676241 -0.100536831764564 0.0213429885378869
0.0419766946170865 0.0766079229971338 -0.110140960079933 -0.00421283270188055
0.0169901754390975 0.0842776299660677 -0.103942514635507 -0.0192039939759884
-0.0273395800796859 0.0969015984662776 -0.0598257369235615 0.0141358409652288
-0.0657563121409503 0.102897811350115 -0.046538755192516 0.0946336325764429
-0.073697079497764 0.118327434206163 -0.038383279938462 -0.027562848643969
-0.0499954383260517 0.121055832678549 0.049462451486957 0.0184180264443572
0.00485076006235716 0.129858447944524 0.092084714282119 -0.0464581627769385
0.050361170602314 0.109361966212843 0.069936021824945 -0.0971519814897268
0.0771474596505664 0.0692300372776212 0.0102636358057069 -0.0957496642084359
0.0903317370745677 0.0330274932719231 -0.0238097337501962 -0.0620630032712036
0.0883395664723709 -0.00233555272445731 -0.0246520144713462 -0.0256034310493343
0.0773341828053541 -0.00801668623534578 -0.0230198942010096 -0.00987471187859429
0.0868817942358239 -0.00719593343756135 -0.0289401724367161 0.0196951328950179
0.0950930154090355 0.0306087514104506 -0.050465738844589 0.0380403628883562
0.0780138456540273 0.0618459937748398 -0.0787287537884253 0.0436477363055981
0.0569924114524039 0.10289577795641 -0.105083978840003 0.0157510992985327
0.0161597045451926 0.118389638963012 -0.104727264701457 -0.0162458900045107
-0.0484054050462749 0.124162570256647 -0.0473519417476718 -0.00392452132931202
-0.0948066302608548 0.125779168400301 -0.00954144910848363 0.0657737655381906
-0.0864292370573446 0.123779031060392 -0.000459032574247561 -0.0650303508168252
-0.0687974373234992 0.134402946049054 0.0685801724321447 -0.00637063085702841
-0.00530115176473199 0.155123028638312 0.102232449347862 -0.0474123579714237
0.0569109497884592 0.133489052108499 0.0824124396854153 -0.085392140843389
0.0876176229897446 0.081139294306611 0.0354648630072579 -0.0767411799634395
0.0976207564342163 0.0380991072728004 0.0110072328464823 -0.0515163466821535
0.0946985805278713 -0.00141874044435147 0.010769147337965 -0.0212322649245477
0.0801171859639983 -0.00787351072479238 0.0101392306388873 -0.00788178687866101
0.0882074410235339 -0.00625705658061951 0.00646208383440235 0.0223801107528375
0.0967496860028125 0.0318128530337434 -0.0162601423203842 0.0470225764893103
0.0805735565511603 0.0648803864135587 -0.0498350437702128 0.0635988741564907
0.0599055139595575 0.111499288998141 -0.0915223684025615 0.0350060420714542
0.0115338454961886 0.131313865221568 -0.0981084797766466 -0.0112778126290566
-0.0620499967055413 0.130859947480883 -0.0329720243415718 -0.0209251148341438
-0.109636618583947 0.127959034403827 0.0284958244259764 0.0334298867513626
-0.0873867660938835 0.107764024609426 0.039177633688157 -0.0994259600617043
-0.080916251931341 0.12056732967221 0.0839692648074364 -0.0321593308222465
-0.0223173536292221 0.150981688771443 0.105437102437115 -0.0411024396337538
0.0454422187968358 0.134130832842841 0.0897486642619381 -0.0616133184138357
0.0793092820455997 0.0808652520101758 0.0616483662968099 -0.0491393853119801
0.0877819872438459 0.0381481322667026 0.0484177136617076 -0.0372288697032078
0.0857634507105173 0.000183210614292589 0.04496662619578 -0.0164230139014538
0.0715932276987102 -0.00699600663877013 0.0412433243096275 -0.00540816240491618
0.0763905945874372 -0.00515978523667101 0.0380126185162038 0.0261597655329431
0.083292015130819 0.0289778291506048 0.0156349699168738 0.0554492608728189
0.0691046191135833 0.0592652255200437 -0.0218537229518946 0.0793743098028847
0.0504536357692552 0.103001199014635 -0.0735938970896962 0.0496449972839889
0.00278517832741301 0.12263617027803 -0.0835817775542826 -0.0059456415214329
-0.0680439979568866 0.115948514045087 -0.0182075853722149 -0.0318035654494947
-0.108874665075841 0.109626138524816 0.0625088027886513 0.00415710798032825
-0.0727905302132988 0.0724891251676321 0.073459240400877 -0.122555746789912
-0.0791834375282477 0.0852629579851411 0.0937649307137806 -0.0536109420214557
-0.0341414221040027 0.11910746012827 0.101106689339451 -0.0294933224123516
0.0257948355431137 0.109873909090413 0.0907337186152913 -0.0335895565301987
0.0568868256815902 0.0649137451832522 0.0820175666450165 -0.0196837025420456
0.0623847781575887 0.0304701255095658 0.0799819916051902 -0.0225557512561033
0.0621000835399955 0.00160881007266255 0.0724796341841741 -0.0128630429458768
0.0517677332965219 -0.00549223966720324 0.0649991706674839 -0.00276632090765786
0.0541032861890349 -0.00358152759758208 0.0619204535625158 0.030372638622683
0.059883798907565 0.0218385419952083 0.0388611657010083 0.0626865908107855
0.049664067373492 0.0452379328291251 -0.0011002331065724 0.0905084316572552
0.0353415622745434 0.0821303042476611 -0.0565289206509269 0.059316814269379
-0.0049997484839582 0.0982240221344011 -0.0662278017362761 -0.000142550915815745
-0.0640040930598706 0.0857638254352345 -0.00498878192682819 -0.0351618021384314
-0.091753986974403 0.0758320028371077 0.0872027203503419 -0.0163132009402299
-0.0453809892993158 0.0259775878961644 0.0961276770039206 -0.131315671722225
-0.0619403634660039 0.038036622212769 0.0959104247671997 -0.0630951987447516
-0.0333277536210271 0.0696058077519436 0.0942101185599794 -0.01314599745271
0.00864664104007633 0.0654435595745741 0.0901646833002922 -0.00627368479173303
0.0280659622621747 0.0356105298235049 0.0970314343185828 0.0019581838939301
0.0278154035292908 0.0170339131261547 0.100867439038516 -0.0134760368481567
0.0283461625514406 0.00226366190496302 0.0883994244367877 -0.012480748605728
0.0237675735892324 -0.00342398086217079 0.0780178367701776 0.000576840905970903
0.0252688270809106 -0.00231471881128224 0.0756361832325943 0.0341222539321399
0.0320445556576999 0.0101425604028784 0.0516604797552283 0.0683419901789168
0.0293893677515044 0.0248101323409164 0.0100556521572111 0.0975791792007133
0.0217664875617603 0.0523351811027209 -0.0445961883007871 0.066752228862892
-0.00912155173624199 0.0637715365516906 -0.0526396496823957 0.00794269727722343
-0.0494020991085059 0.0463234451285809 0.00166526347969342 -0.032923947847091
-0.0608968441210297 0.0330875255367557 0.100397027287089 -0.0280387271049327
0.0129642667400173 0.00863829122623925 -0.101747048450299 0.0510640265259756
0.0191991921594669 -0.00973622678366814 -0.00175632337064208 0.057294068243088
0.0108270877821652 -0.0237379331241811 0.0571895009463249 -0.0113642697532764
-0.0115405954852751 -0.0150593522576998 0.0534719381294093 -0.0747887739711399
-0.000655431558572225 -0.000464371839643035 -0.0107211285895525 -0.11001665932338
0.00751306744255458 -0.000146344380472845 -0.0668392925223281 -0.0776441212600845
0.00611843701150362 -0.00342267454401063 -0.0867302919934853 -0.0361255893335742
0.00874623074350069 -0.00282831007544539 -0.0907646767644571 -0.00702121247887713
0.0116699655212431 -0.00739318841857621 -0.0996169509322856 0.0161485743370085
0.0120104218554269 -0.00325282593223246 -0.113686342999291 0.0158883089930911
0.00602882600154341 -0.00544515741387688 -0.117950992309417 -0.00144542149013794
0.0111646682130961 -0.016057966434773 -0.108298066758729 -0.0176046582048165
0.0319411532243217 -0.0177714721101978 -0.102016418801139 -0.00830817182149083
0.0373779340176439 0.00794264283739302 -0.0861815338896882 0.0392616547558658
0.0219835202734662 0.016550660618206 -0.096033905834265 0.126938279957855
-0.0197588366758355 0.0547670158376086 -0.0935600241626211 0.033162327874019
-0.00349521878560882 0.0391340364793745 0.0107136666189625 0.0490737088236981
0.010386738185721 0.0284539149259357 0.0628656898762549 -0.0283593352720954
0.00797756390898012 0.0265628542796308 0.0513262279771524 -0.088805440200428
0.0262164728684262 0.0254223962503666 -0.0143628812950614 -0.111558722636874
0.0397551522611102 0.0124883560496454 -0.0649983830241846 -0.0751744307200829
0.0402253003001079 -0.0039371272120384 -0.0772835066103544 -0.0347562097983408
0.0387155615135355 -0.00550268003858923 -0.0779968926440999 -0.00918335141449196
0.0463579852143809 -0.00806433125120196 -0.08725114484029 0.0166575371328488
0.049598068944061 0.0122840712150521 -0.104353930405917 0.0207263943381005
0.0355026597388045 0.0261346316060964 -0.116014617070572 0.0051686286935052
0.0259544096368199 0.034697376157775 -0.112335210041313 -0.0166419727660615
0.0228014415306283 0.0368263539702658 -0.102624010456478 -0.0167911093721327
0.00306137725480506 0.0574274763065115 -0.0733183104659842 0.0298615956007607
-0.024513868630705 0.0664357706834994 -0.0771865427834651 0.118356844478601
-0.0496126409194833 0.0952190242494861 -0.071797477277788 0.0066145011196874
-0.0266422358006303 0.0873664588523293 0.0309831391837294 0.0370733450255715
0.0110360585728549 0.084234020059455 0.0782324004718959 -0.0422364719322878
0.033313300081143 0.0709214489675272 0.0582764231632664 -0.10007024734048
0.0557557749650282 0.0492961261730578 -0.00849031018566696 -0.108934718883673
0.0696574771627114 0.0233205844315885 -0.0510167629931807 -0.0706047950915416
0.0694724115354182 -0.00418803077867432 -0.0558200202484856 -0.0317650795441117
0.0630586101061837 -0.00836911328989682 -0.0549916353898343 -0.0101592840036276
0.0734777265226558 -0.00896858766580751 -0.061877786513913 0.0184775500477752
0.0805155014945061 0.0231463696299542 -0.0827837485813105 0.0300773774898622
0.0631138339818539 0.0487084590858641 -0.103837179838689 0.0242231746694413
0.0452000280790523 0.0766871944590709 -0.114951616052974 -0.0026653218232152
0.0195316990929655 0.0855739179369051 -0.107628874639754 -0.0191204341302354
-0.0253929261664033 0.100443450659948 -0.0609696427716283 0.0138747030211208
-0.0644859428412968 0.106518077973153 -0.045981350723068 0.0969126129219867
-0.0722866464749708 0.12147092175565 -0.0398842353002168 -0.0280744036787613
-0.0482615521498902 0.124701904604807 0.0524929934373453 0.0184020792591825
0.00915516990143756 0.132450612224462 0.0941267953364962 -0.0500992482708427
0.0552227145931242 0.110090367505904 0.0701722533014077 -0.101615776185699
0.0815512973340426 0.0686524111818901 0.00924164279362541 -0.0996968283611962
0.0927490736201091 0.0306446557525643 -0.0251090463493124 -0.0631708368024704
0.0894679654077033 -0.00436323555537487 -0.0248795514858058 -0.0280315666081069
0.077892000419357 -0.00988213228919458 -0.0234375481613328 -0.0101944201165472
0.0880981374443327 -0.00981051823235647 -0.0291830802888177 0.0203134646472141
0.0979713905525908 0.028036997326704 -0.0512111988888723 0.0401501381548179
0.081310940789319 0.0611990296568832 -0.0812933591163208 0.0464560233273867
0.0610308241248443 0.102652569949254 -0.109778025106381 0.018725817505479
0.019401882064842 0.120116453380464 -0.108636536407873 -0.015535896119322
-0.0464036546684083 0.128335574070268 -0.0489743622820504 -0.00472310732753429
-0.0931296111921501 0.130459278002676 -0.00838506610942973 0.0663942622077953
-0.0855352927783782 0.127434187641713 -0.001502545473439 -0.0672331454027115
-0.0674314234248812 0.138680155601239 0.0709630144111033 -0.00744438383339724
-0.0015974571155156 0.158509812804916 0.105055251325436 -0.0507962974606436
0.061751333113339 0.134753765401955 0.0828531157323021 -0.0895523807883144
0.0924352839319061 0.0807286870037187 0.0350291356662007 -0.079898597589946
0.100434633103902 0.035547162089377 0.0107928761338342 -0.0528828011705691
0.095520523317887 -0.00339393963737215 0.0111872256013608 -0.023944234985175
0.0808711506824547 -0.0100062499184614 0.0103568916911494 -0.00910167284863781
0.0891943516599189 -0.00910504763554285 0.00671832855876292 0.0222947149831455
0.0998811494664174 0.0297922226381709 -0.0161641230119733 0.048578431306414
0.0843562365907797 0.0641511218428838 -0.0514379412615035 0.0664171313452362
0.0645732508137548 0.111535870871235 -0.0959105459650015 0.03789009303967
0.0152716020433016 0.133478972945441 -0.101723587294941 -0.0104806231523413
-0.0598861874551311 0.134854320255762 -0.0354832290799009 -0.021901889187642
-0.108219765548343 0.132900959603229 0.0293418237597786 0.0329450424555186
-0.0867440269944262 0.110469630661475 0.0385660143725253 -0.102545036048741
-0.0803738934457174 0.125321921470858 0.0863911011724285 -0.0342188957433383
-0.0190602617492424 0.155035931592717 0.107691291457194 -0.0440976064953027
0.0490216719458888 0.135853374592517 0.0912779196133799 -0.0653519586308458
0.083463496565687 0.0810312202745896 0.0621730762485709 -0.0517002622498694
0.0904384197538131 0.0363050429745011 0.0487252750193776 -0.0393324619704318
0.0867006928973712 -0.00161547859088012 0.0464235858124435 -0.0194790883337519
0.0717082257646867 -0.00914044338173274 0.0415700884481464 -0.00645981742844141
0.0767560334308915 -0.0073735645506939 0.0388379531763702 0.0255128883136465
0.0856546656220311 0.0271197195305233 0.0163897764354132 0.0564300816940301
0.0722686381079516 0.0586333233018038 -0.0226262910886376 0.0820822014602084
0.0545550793744627 0.103440380658108 -0.0766921496379104 0.0527333038335623
0.00650081596420906 0.124951958979914 -0.0871469162056272 -0.0045348776765773
-0.0666289842537867 0.119714623371317 -0.0202925900360804 -0.0328729722023695
-0.107636720744171 0.114268801083565 0.0633708485240946 0.00300304792030499
-0.0730234685885421 0.0746156029090403 0.073098083863685 -0.127168859494867
-0.0800492097891829 0.0883554874819667 0.0951569288676757 -0.0559789784849618
-0.0321840444637408 0.122186986350432 0.103506113610322 -0.0320924221354205
0.0287022458049637 0.111437690696712 0.092297319095216 -0.0353122133044966
0.0597094925575073 0.065359340950802 0.0843147826674035 -0.0215466566977036
0.0639857002825252 0.0297751982449051 0.081400747998981 -0.0251211894222272
0.0624998215947405 0.000505758817464495 0.0745545248415558 -0.0163337546577071
0.0516502965982958 -0.00661286904653214 0.0665919011463628 -0.00407473405607556
0.0543251143040339 -0.00488054768891299 0.063482154348949 0.0295538361108948
0.0618043021399239 0.0202769877551595 0.040143268412656 0.0635206524199065
0.0523052172867008 0.0447304842598883 -0.00116450190022452 0.0931973359696295
0.0381732088458301 0.0822814461518823 -0.0589669215476427 0.0625931351084325
-0.00324614516828891 0.100138890893059 -0.0693757702510543 0.00132092244347962
-0.0639605744620914 0.0882704411999383 -0.00711855878624964 -0.0365760791542726
-0.0915042523948993 0.0787445555034512 0.0879779522633222 -0.0181512670690998
-0.0460040732095204 0.0263431767246974 0.0961709812592607 -0.135868912218508
-0.0633911422200078 0.0403971690523688 0.0966478147562196 -0.065842800951374
-0.033372349009147 0.0719432400160337 0.0964854119666354 -0.014690868663684
0.010207398673905 0.0671750944872436 0.0923367714383111 -0.0075538478893635
0.0295329086904031 0.0361795235332142 0.100268645163805 0.000908510348012544
0.0284144765353834 0.0169813925221254 0.103805758570175 -0.0162737140898272
0.0284890721255239 0.00200743384861818 0.0907951441875846 -0.015182193757854
0.0237359528533498 -0.0041012102047809 0.0798350008320843 -0.000817841743346357
0.0249465846792071 -0.00323885288464194 0.0777568478138356 0.0334227462930094
0.0324046814368793 0.00921921548366951 0.0536895026980713 0.069653389479563
0.0307390021968566 0.0247597964669564 0.0113350918709379 0.100138682776481
0.0237479250895107 0.0524419542402231 -0.0460782521860706 0.069688455530187
-0.00807815310103737 0.0649142995723646 -0.0553829498265984 0.00916435847544364
-0.0497151785850682 0.047936177184004 -0.000572830249839484 -0.0336146646835644
-0.0615988203034659 0.0349316299029819 0.101533839678604 -0.0295582195611725
0.0142938197098533 0.00889136812596649 -0.1022508660169 0.0557375160877534
0.0201505404003321 -0.0104670986449494 0.00171019745836319 0.0583289958196186
0.0108469005204751 -0.0255916980398873 0.0589728972846455 -0.0139773164153924
-0.0124803502793816 -0.0155555618498326 0.0517617047069119 -0.0799851348270054
-0.000476137901562613 -0.00146742842985974 -0.0151089204452315 -0.112852961772224
0.00844016936082213 -0.000901358993746585 -0.0709003950507974 -0.07683519122956
0.0068878186211549 -0.00365076380423351 -0.0903400430994153 -0.0329998229966973
0.0092799803516452 -0.00371569085301687 -0.0937057882824083 -0.00256688004931431
0.0116475832710162 -0.00826677877328029 -0.101589427646981 0.0209576569295896
0.0126453650250582 -0.00414140891711679 -0.116131838714019 0.0220911878679311
0.00594163031368502 -0.00645985822170802 -0.122470194565521 0.00461563385359277
0.0105734279335448 -0.0170424131618001 -0.11293262219171 -0.0130416548037651
0.0320196550556585 -0.0199068274784625 -0.105431327846985 -0.00500898458884601
0.0390928275415497 0.0071732753113013 -0.0861899613248514 0.0416849516196755
0.0230844172404847 0.0163468173279766 -0.0926782707387259 0.134604877431523
-0.0166363687301334 0.0573604875515445 -0.0943013983290615 0.0369215754333626
-0.00084646353973192 0.0403595319973956 0.0144333432729077 0.0491499307524402
0.0133533464489597 0.0281130745518969 0.0643807517803759 -0.0323760612067542
0.0104495328878827 0.0267022945965234 0.049433716160416 -0.093981886969437
0.0281910025563725 0.0238465637166842 -0.0195014630451699 -0.114564589822818
0.0414177363137184 0.00999793593913885 -0.0685315216820626 -0.0742093805133171
0.0408542265756126 -0.00577146826567052 -0.0802000145862397 -0.032600422082086
0.0395010117244578 -0.00769563245804101 -0.0808094462593133 -0.00596784523499196
0.0468898816177303 -0.0104914341014445 -0.0885686239377585 0.0213414699650921
0.0514833206202449 0.00979472943048484 -0.106673190958962 0.026046444693806
0.0379785580715449 0.0244495850161462 -0.119730178698623 0.0109648185663896
0.0285957854175583 0.03417154891441 -0.117580458520751 -0.0118387628220741
0.0252814442833133 0.0367479032935072 -0.107038200202801 -0.0135567005448395
0.00665785123751419 0.0595305551039727 -0.0738128315527687 0.0313322285418586
-0.0215952734568778 0.0698627108616693 -0.0738309891812656 0.124372763892909
-0.0454500876799736 0.0989328249246228 -0.0739680373190885 0.00871621684239488
-0.0220288733706157 0.0906801467058544 0.0344841477068773 0.0362223111136929
0.0173253772540813 0.0852949126503124 0.0787009750121248 -0.0468801929275425
0.0379919905582991 0.0700214289228162 0.0554681657552127 -0.105954038408388
0.0603020093729179 0.0469897197071447 -0.0135965269331376 -0.112375780615591
0.0726705860365635 0.0192174009363287 -0.0549984460334673 -0.0700535202262178
0.0703272944208343 -0.00771184776302049 -0.0582603532155165 -0.0306753281788323
0.0637735365664314 -0.0112598850520399 -0.0568992741560426 -0.0078740124999203
0.0739878255518141 -0.0130621864415101 -0.0629914522548433 0.0218084849817286
0.0833323298150071 0.0187135369979941 -0.0836933832665113 0.0346146315445899
0.0672966446086802 0.0466605019543801 -0.106802252137614 0.030129813687345
0.0504476212083981 0.0754668156145495 -0.119858591758471 0.00319965015163982
0.0243831920230951 0.0870670317731385 -0.111731885525832 -0.0154340964747075
-0.0207216780072681 0.104605553346507 -0.0623098888572194 0.0149740935949134
-0.0602251232517009 0.112884138601761 -0.0428484241797105 0.100659080383207
-0.068142967816953 0.126629904051273 -0.0423448591170818 -0.02780644788179
-0.0426060213033256 0.129954957665968 0.0559757379818622 0.0159317635555084
0.0173933415121091 0.134940876197002 0.0957174654736618 -0.0557889490407921
0.0629454426413824 0.109065900560991 0.0676950813938754 -0.10829232981577
0.0877146511283374 0.0653071971130529 0.00479965480635764 -0.103115136347304
0.0963040065616632 0.0259806580908726 -0.0283331048993838 -0.0633204041740915
0.0905037741475636 -0.00857260172850063 -0.0263610495831997 -0.0289614354734637
0.0788771320585844 -0.0136419252457699 -0.0247212235156194 -0.00966132755796491
0.0885058208224334 -0.0145192197767312 -0.0291004403948652 0.0223286807680792
0.101717552751142 0.0230040101865447 -0.0513286361156869 0.0439299599980951
0.0866066163964675 0.0585082698454806 -0.0822855508080312 0.0518387809376921
0.0687361158778954 0.101341412641046 -0.114081939022508 0.0240514728926001
0.0263929838872821 0.122109895793364 -0.113475702321188 -0.0124671198936651
-0.0405505417684032 0.133929787339285 -0.0516531631097508 -0.00451900437505175
-0.0877840860903359 0.138666434604137 -0.00632122621543489 0.0675685141329361
-0.081710773885379 0.132825220812373 -0.00504241163841265 -0.0691190750317691
-0.0620409560581707 0.145657904950496 0.0736692691161317 -0.0109349326248825
0.00756397224411017 0.162615659741835 0.106167094427331 -0.0569840668964771
0.071010670221489 0.133922398473743 0.0812388267877413 -0.0962816980758043
0.0997469526237982 0.0772962953373562 0.0322647083057613 -0.0838717333916563
0.104770088628175 0.0309221955658229 0.00887290377125509 -0.0547928407222854
0.0971339429130059 -0.00812372914637034 0.0107279787596375 -0.0268524280137852
0.0815780804774107 -0.0141023162661515 0.010043968356495 -0.0101120184711308
0.089505972704906 -0.0141162699370332 0.00753777142841729 0.0226507233264303
0.103151872328944 0.0246884306129286 -0.0146258544099318 0.0506696544682192
0.0897676016391126 0.061299888713004 -0.0510872922859002 0.070895428133136
0.0723845156434296 0.109963120344817 -0.0983647225233593 0.0445706231807852
0.0226316274809531 0.13604541949369 -0.106288089499111 -0.00689952950906087
-0.0541967403104124 0.141082263896167 -0.0385319232462826 -0.0223633894551848
-0.103146604197621 0.141441615921642 0.030703878420896 0.0320111712966659
-0.0847475825477556 0.115994136813106 0.0348204623121446 -0.107411264747765
-0.0765505759548824 0.13183870508884 0.0870825090665454 -0.0392056056913792
-0.0113579520776778 0.15926654343781 0.109274858279976 -0.0499722780232231
0.0578850853025633 0.136694597027307 0.0910372884282134 -0.0710943337738757
0.0902841882396529 0.0786824743593506 0.062159275743154 -0.0556436642546542
0.094290859088203 0.0322274654122925 0.0486138506710555 -0.0425211865534849
0.0876026185984587 -0.00555895398154184 0.0470205838360799 -0.024338733503406
0.0721017720554662 -0.0123867701354721 0.0425278309230145 -0.0093862408628008
0.0774251895927559 -0.0115700460894499 0.040777276396031 0.0242619754782346
0.0887922639309773 0.0225271986211358 0.018799451508351 0.0574650317820173
0.0773723324951733 0.0566136306836016 -0.0208206656605128 0.0852396792297834
0.061638618518639 0.102000287951674 -0.0786038339544931 0.0590529058635339
0.0126792393088865 0.128123218642635 -0.0912281451312873 -0.00124791722848814
-0.062481883373764 0.125584873286094 -0.0240487793970946 -0.0335166619988474
-0.103923222414502 0.121691238781619 0.0641701272427383 7.5333274067922E-05
-0.0718284611510874 0.0788140092554842 0.0694325573312999 -0.134313968926543
-0.0778817882424432 0.0945291793523529 0.094727333396499 -0.0618280317983144
-0.0272012846533368 0.12729817952565 0.104772845223453 -0.0372850298776904
0.0350500722393241 0.113245191710006 0.0934838742006612 -0.0400764107861033
0.0644673948518121 0.0641182290522375 0.086231109481134 -0.0256641006661807
0.0671152311181063 0.0273534234786395 0.0826881079932225 -0.029952155562937
0.0631866574285989 -0.00230572651627925 0.0758866413281808 -0.0219807722600853
0.0517206953644557 -0.0094815757567239 0.0674436400514047 -0.00799945540473537
0.0540719472244261 -0.00785589182522644 0.0659260244559691 0.0273316996030475
0.063578468693268 0.0171270226028945 0.0435351820526803 0.0637812208802441
0.0558955751101771 0.043223073377278 0.00183163984493127 0.0954361863767632
0.044105891600847 0.0820141883972519 -0.0590251327738209 0.0679695422280218
0.00120406297013423 0.10310154431834 -0.0722955456714016 0.00454987083972445
-0.0613136610608366 0.0928802823001277 -0.0100671440272374 -0.0371401714812236
-0.0890544890199795 0.0847218993815678 0.0887462350515653 -0.0218532349829623
-0.0467224233241004 0.0286860743310322 0.0931562904452823 -0.144366828859785
-0.0637251950696522 0.0445559412029255 0.0953906926602172 -0.0714692011665451
-0.0308223992030818 0.0761407335343419 0.0988911481478243 -0.0191348840695808
0.0128434218693716 0.0683177297216357 0.0947266038937616 -0.0111081243434138
0.0317984392224434 0.0354844571201068 0.103629486860526 -0.00367910121398366
0.0296603781311461 0.0161880136384082 0.105808247581356 -0.021715312119617
0.0282751041438353 0.00102308094457811 0.0930422024514763 -0.0205425442901623
0.0232487822735351 -0.00526192302226865 0.0817777146347387 -0.00527471066633668
0.0242941566050752 -0.00431891942773638 0.0804081848977407 0.0302833797055802
0.0335348468857492 0.00740648346138443 0.0568168501126149 0.0697909138041723
0.0325033010247105 0.0240790180351644 0.0153905234108026 0.102507750772572
0.0273905399106488 0.0523041345151734 -0.0455623873785284 0.0749364778332134
-0.00509433021687085 0.0671864495855531 -0.0579565509406116 0.0124251843377441
-0.0491849620342699 0.0510186121763183 -0.00352777196891039 -0.0341587431251587
-0.0611110383634799 0.0380244279298438 0.102043420827158 -0.0346068793534197
0.0154024761531607 0.00846032138118504 -0.0985619617433999 0.0617802154690213
0.0199122202467275 -0.0119383528643833 0.00662537120027611 0.057920329553011
0.0101522135120044 -0.0272141036072536 0.0590872227002853 -0.0173751669208847
-0.0129831764714998 -0.0152152865526671 0.0477424411512136 -0.0834191515921386
-0.000769466926262586 -0.00231096840467822 -0.022140940542236 -0.112836563291127
0.00844202774594184 -0.00230246842381677 -0.0748928757022439 -0.0730884607215126
0.00759707482862736 -0.00400841307584435 -0.0920000825070317 -0.0268995840945916
0.00973028201966796 -0.00451735648688198 -0.094422033329712 0.00380484971252278
0.0110210225423676 -0.00918825063614234 -0.100370255101909 0.0281509517780573
0.0122456220615863 -0.00519815455466956 -0.115148616111586 0.0299455106981442
0.00594148518610842 -0.00653228707034597 -0.122844062498081 0.0124861650614033
0.00955166409991055 -0.0179899576988066 -0.114141684361234 -0.00600828430843884
0.0310342243279191 -0.0218419317882264 -0.10588457427738 0.000958372837961842
0.0406581096882924 0.0056900865202494 -0.0840962261804676 0.0449821291583819
0.0241180345010058 0.0152538650601992 -0.08438143211545 0.140178325553857
-0.0125512730382125 0.0579230529844824 -0.0921643654302761 0.0423804823463438
0.00304946949659517 0.0402014948798017 0.0184846474878811 0.0475300360106976
0.016585072069804 0.0257659461858427 0.0627073552770945 -0.0360391623977559
0.0125589593511463 0.0246348134809176 0.0437400110265553 -0.0976655580748548
0.0301730954617711 0.0210535253793733 -0.0263613295310651 -0.113924758652424
0.0419214082209979 0.00609693074721707 -0.0727621954656374 -0.0700850199328658
0.0410438881516018 -0.00837708849677941 -0.0818783146149139 -0.0275138096997866
0.0391044124846167 -0.0105831702199815 -0.0818271526756683 5.80730249973385E-06
0.0453752333674851 -0.014101729509433 -0.0872973158222071 0.0274284241987725
0.0521692387419812 0.00624131677726253 -0.104966523204056 0.0333893057013867
0.0397094994976902 0.0215834916995727 -0.120711484082999 0.0193982095960136
0.0312220884562655 0.0313550272998365 -0.119672765255838 -0.0042705017222501
0.0280352012192362 0.0350737326136608 -0.107965996830541 -0.00783950782736501
0.01150474070113 0.0594764196560971 -0.0722176765123676 0.0340151353550986
-0.0156123947323363 0.0715609736110895 -0.0656020946880202 0.128395952967123
-0.0387576596583175 0.101363332821643 -0.0727880866566385 0.0132177323912267
-0.0156451112907671 0.0919430010047904 0.038345757349673 0.0330660972410947
0.0243389649310836 0.0830873750036938 0.07640349525648 -0.0521729948370794
0.04353917461529 0.0664463071992216 0.0488702675215743 -0.110138497548972
0.0637474897678232 0.0419543067163166 -0.0208288675925132 -0.111858624484418
0.0741936525206662 0.0133092723013895 -0.0587870798312402 -0.0663782702032347
0.0697395486179497 -0.0123691642878063 -0.0597204207596396 -0.0279311222229897
0.0624781471570978 -0.0152435392310499 -0.0576627152959293 -0.00434210818192021
0.0720143669522139 -0.0179753026418081 -0.0615215965020377 0.0260360070884382
0.0846760171969108 0.0125775562168785 -0.0816962837597784 0.0406778192520668
0.0710043528962764 0.0418405587691664 -0.106399684542792 0.0370969626658836
0.0557451546423251 0.0712104888114656 -0.121637416130359 0.0114010678186823
0.0311014266150326 0.0852202294695556 -0.113832576351078 -0.00975103130768144
-0.0124806910664325 0.106097313071142 -0.0622249794952996 0.016713222414207
-0.0510335785486541 0.11675365045693 -0.0368605481055675 0.102681230544709
-0.0594781411166918 0.129807441460096 -0.044551064870086 -0.0258648539085733
-0.0336642902197326 0.132533363360146 0.0580247551688574 0.0119607295281014
0.0280629152508577 0.132799275239741 0.0920374244498741 -0.0620311031346522
0.0710539536131363 0.103692348253855 0.0610160929676796 -0.113496083348046
0.0927284557845795 0.0586656255269412 -0.00206567963487724 -0.103851730003631
0.0976863804209112 0.0183961192044835 -0.0314766685589091 -0.0615007740499596
0.0893772803450433 -0.0142700129669131 -0.0281141320281557 -0.028932756109491
0.0769350837432133 -0.0182667417364499 -0.0259815274496193 -0.00843501421101522
0.0860521835181419 -0.0212106884110397 -0.0280698748023885 0.0240227412183536
0.102972509732041 0.0153524023262524 -0.048882221766964 0.0472944903284265
0.0905745866755269 0.0521842711275119 -0.0804400581152503 0.0577184908005279
0.0757228447069009 0.0953683517629629 -0.114487274564745 0.0329303871304249
0.0352073180782187 0.120185818774318 -0.115055870593108 -0.00579840000242885
-0.0301953558985262 0.136175110090209 -0.0529679211332048 -0.00285817931461788
-0.0767536348604386 0.143930608313717 -0.00230716680808264 0.067573032209786
-0.0732194067341196 0.137071370240539 -0.0100586353975144 -0.0698244451454026
-0.0516663995685492 0.149502149267018 0.073436240255376 -0.0159976953711748
0.0200008205164873 0.161020180647671 0.102591125808566 -0.0639292683328391
0.080667242779954 0.128545960325366 0.0753790613195018 -0.102215634419815
0.105329708673498 0.0695592972573262 0.0276059569040807 -0.0862517546997704
0.106374085824442 0.0230137441341796 0.0059364091571334 -0.0552450694334354
0.0953571977696094 -0.0144435789724005 0.00927995759593898 -0.0289657514264716
0.0793826919464325 -0.0189198168331731 0.00900928737505391 -0.0116036350718252
0.0868868651566277 -0.0202214637930415 0.00833752825345645 0.0219548447065901
0.10424655609337 0.0167628235744064 -0.0121488926540772 0.0522655552735467
0.0942713040771979 0.0545924625977768 -0.0481637497282625 0.0745120129903585
0.0802484515630122 0.103807988610923 -0.0975171186555262 0.0519328488982379
0.0327837255082966 0.133630158785248 -0.108310875285554 -0.000559467823771631
-0.0438379827458652 0.144404735998403 -0.0414867370140978 -0.0211892480920632
-0.0915592675915869 0.147120555308792 0.0321380463825135 0.0291547036721622
-0.0768816049212679 0.120186831568117 0.0271870139944764 -0.110264762490795
-0.0671344191365274 0.136627245826016 0.0844005846182503 -0.0448709727137898
0.000174653183131766 0.159827824297428 0.106441923574252 -0.057064704432167
0.0672235049884042 0.132587582218888 0.0865168258659906 -0.0771167905072151
0.0962646197453538 0.0723391054973451 0.0587894362640085 -0.0602027573229333
0.095544763548225 0.0254532273380863 0.0464275119049311 -0.0455984292395689
0.0860313797903232 -0.0108400027145282 0.0455845980064349 -0.0287706374021691
0.0703916073260102 -0.016763368870164 0.0418191213689584 -0.0128927717715075
0.0747954917499914 -0.0172268979081105 0.0415437410962721 0.0215677565778475
0.0895603646229641 0.0159869166578816 0.0217615041024437 0.0565952725816497
0.0811503060092535 0.0505401528548231 -0.0165044458563828 0.0869861329168977
0.0690761767513947 0.0968618090051589 -0.0762074767406057 0.0656123422204716
0.0219956557809084 0.126272695524688 -0.092896196842098 0.00442243364015851
-0.0535740728180156 0.129052165160816 -0.0274725924025726 -0.0329261982153851
-0.0942445330221189 0.127920125723802 0.0631718701756593 -0.00407696014318024
-0.0667851785863173 0.0827417919848628 0.060615179473211 -0.138948009281612
-0.0714622137541848 0.0997884081799262 0.0905421973222724 -0.0674060105560018
-0.0177981961820754 0.128842363128599 0.102182468940662 -0.0438013585295993
0.042195015086109 0.110633411497502 0.0911454650997122 -0.0457703976087626
0.0692479495688924 0.0598761861837371 0.0851259535561815 -0.0315616636765794
0.0683775661772063 0.0228703775563324 0.0814222517678142 -0.0353311767021978
0.0620177411212456 -0.00605065572092814 0.0748467868726584 -0.0284230164168695
0.050289651968859 -0.012307163279093 0.0671123466637969 -0.0128200340368279
0.0526602705242087 -0.0113849066063099 0.0668436146934553 0.0225348654696348
0.0644693302085892 0.0119745988524695 0.0464988110313001 0.0610461828734802
0.0585950622292849 0.0393866858796875 0.00700159961223316 0.0959764349153709
0.0499167819713684 0.0780941971659018 -0.0561441108444344 0.073529331868498
0.00853933913081695 0.10166212297478 -0.0737464717247589 0.00927504467004266
-0.0548819420334089 0.09613127736288 -0.014306892429711 -0.0364234789516366
-0.082403500136865 0.0899938835131722 0.0864933128902771 -0.027768328027751
-0.0456929573710553 0.0316848026910626 0.0836963472452265 -0.150445429856582
-0.0608513234338479 0.0486584950130489 0.0902079013243183 -0.0770345231401327
-0.0258757664323143 0.0780360885475978 0.0973256929294863 -0.024676771693524
0.0177854325188782 0.0682039876653226 0.0946445856300655 -0.0163427113564149
0.0339696346582105 0.0339442110293813 0.104683553430958 -0.0103218593965776
0.030681849489541 0.0145022975531085 0.104904830675441 -0.0288844874972475
0.0279762994948333 -0.000476518154035016 0.091802433524454 -0.0280069642851886
0.0222177907583126 -0.00628456207346867 0.0812371497923793 -0.0107043267910061
0.0231654882149235 -0.00577292464363107 0.0816893176997293 0.0253260908400188
0.0333300268078699 0.004758382288347 0.0608398906398713 0.0658475691939291
0.0340438221364139 0.0213846500128566 0.0211219596550927 0.102000993787518
0.0310323593198416 0.0503213997921667 -0.0416202561474416 0.07902958452828
-0.000975728663698766 0.0670465127355708 -0.0582466667498043 0.0162347221766697
-0.0458854182258501 0.0533737335489488 -0.00721582873133318 -0.0335624803709974
-0.0580928920486057 0.0417169030001329 0.0992162313914035 -0.0407532860263638
0.0162384613447319 0.00772369850859509 -0.0914638389018404 0.063527637213588
0.019449773470357 -0.0126192779324604 0.00998156811248161 0.0547954494636989
0.00868858844251963 -0.0277134553012336 0.0568290461104763 -0.0196494605462141
-0.0131856459329653 -0.0145929373692982 0.0425316019817491 -0.0833100108977125
-0.00139675045407132 -0.00270131321961959 -0.0266804400789462 -0.108021182582324
0.00793555908461048 -0.0033520405423308 -0.075341873333621 -0.0667666075614977
0.00768595157985026 -0.00398535823882473 -0.0896037185763317 -0.020776965339203
0.009150144410541 -0.00458691441168689 -0.0906199729489903 0.00913521801953668
0.00998779916026837 -0.00909035132421513 -0.0950734224880479 0.0325031054991891
0.0117720302932596 -0.00580056768115685 -0.11061122927922 0.0354174169766356
0.00508256376798011 -0.00666486051689011 -0.118743078419111 0.0192323071279338
0.00850050095049524 -0.0180791417128828 -0.111048077820693 -0.000287659293730064
0.0281366884836197 -0.0221800926663594 -0.102073178415865 0.00551634164275324
0.0401741102999661 0.00359093861427056 -0.0789491125005679 0.045784022251248
0.0242673479929527 0.0137874023895989 -0.0737769363678219 0.139202865661058
-0.00812974475904469 0.0567085813042863 -0.0867401019069508 0.0447138375838993
0.00533268873944251 0.0384797853562877 0.0214109470929629 0.0438589723583849
0.0180306299600537 0.0230594744207396 0.059843126443936 -0.0379968373227201
0.0136027758688708 0.0221957128892917 0.0377449142725162 -0.097591892626137
0.0301219816249453 0.0177884026512806 -0.0313213711899728 -0.108852941464399
0.0409059478302817 0.00280053503422363 -0.0725395410105206 -0.0640156421649788
0.0391007441964424 -0.0105594554064621 -0.0800201498116395 -0.0222708841111929
0.0369510663981863 -0.0119968936029201 -0.0786904555911025 0.0043181492792803
0.0427004226703391 -0.0156484032626534 -0.0827529996712511 0.0309244231303827
0.0503453463497004 0.00241035493095203 -0.100306242547433 0.0380377445585379
0.0395633215223426 0.0182585260053578 -0.116521924687777 0.0252799193132284
0.0321571782546184 0.0279521377561254 -0.116309942957754 0.002007882637643
0.0293434238556776 0.0325088736884492 -0.104925985148002 -0.00322786685384171
0.0154021136293623 0.0571676612063475 -0.0682132857618032 0.0342083327110962
-0.0109455805010295 0.0695044035270952 -0.0569855086063217 0.12707755330975
-0.0314047324042642 0.0991247820382697 -0.0700437262354036 0.0149808596302459
-0.0097965284014293 0.089050516522414 0.0392660895402164 0.0291823789219922
0.0287978784041901 0.0774541223596134 0.0719646718710272 -0.0544801291547736
0.0463405666027732 0.0603987362970253 0.0418961698813616 -0.1096620669875
0.0639802723889242 0.0354222081324872 -0.0257250093664908 -0.107297039351863
0.0716387248710853 0.00771286980768103 -0.0591395135698611 -0.0603440052602605
0.0665383274380138 -0.0156618583183631 -0.059209943139865 -0.0247775037226504
0.0593908949873282 -0.0179396555796963 -0.0562385468223547 -0.00123012080557663
0.0670799660154554 -0.0214289167754265 -0.0580277233329174 0.02881827287407
0.0816853272486514 0.00679790466910686 -0.0772699916336975 0.0437760809625079
0.0704856819875816 0.036117379804586 -0.101937163428876 0.0423330615993944
0.0576552427263269 0.0642513866085003 -0.117578664618523 0.0179377600439544
0.0349389306937129 0.0802384646051782 -0.110912711819997 -0.00465636610401365
-0.00535274497825013 0.102641635571584 -0.0600169060762639 0.0175213365163136
-0.0414757264013568 0.114525086610729 -0.0302738243783545 0.0999920378176217
-0.0507124905814752 0.127692688354313 -0.0444899843645887 -0.023354602021262
-0.0244227562095932 0.129052987863629 0.0570539191892389 0.00768884704449186
0.0355862751923798 0.124957271279229 0.086393403328669 -0.0648616910674095
0.0751047327785258 0.0948537875605069 0.0530213231404681 -0.112997047750538
0.0929650550885836 0.0503100632799973 -0.00677397438080757 -0.100339896625267
0.0949998935871138 0.011636449262269 -0.0325543793082393 -0.0573921779475696
0.08467263472265 -0.0187397153178583 -0.0283359269403529 -0.0273152574283595
0.0722663927286893 -0.0212278059242792 -0.0254589697652438 -0.00670435688550482
0.0803900656781833 -0.0251841121046989 -0.0256657309543725 0.0247053878631563
0.0994377404011575 0.00820589856812028 -0.0453040881517076 0.048164248436909
0.0908946615252478 0.0445190502546975 -0.0760510398765024 0.0605282432462741
0.0780241360715349 0.0863870894437139 -0.10927105674269 0.0386888924520925
0.0411177442253831 0.113247501471589 -0.112619808575269 -0.000595702044447338
-0.0204186925048213 0.132335743566318 -0.0523885380833237 -0.00162479427509387
-0.0642283537192962 0.142249566252691 0.000860353188123889 0.0646053560101898
-0.0634066812606359 0.135430746434197 -0.0136986890576951 -0.0673945016259331
-0.041653670957364 0.146193362517814 0.0700729903081326 -0.0196220268316693
0.0291359855756366 0.153359700467563 0.0960876428283722 -0.0666421717038522
0.0852268929733957 0.118005343960338 0.0679488381808274 -0.102767160340391
0.105990000663439 0.0609982767089611 0.0220202569233989 -0.0852055512002489
0.103334239689299 0.0157876764412546 0.00362004920044247 -0.0536697143230172
0.0902992998608128 -0.0188103622786066 0.0071938695708454 -0.0303121291211006
0.0744956375214832 -0.0220854585577002 0.00775789080583989 -0.0120047098813103
0.0811634771197266 -0.0244079106730611 0.00876181970494993 0.0208803765258196
0.10093892541694 0.00956565109148058 -0.00953947440462231 0.0511086518419397
0.0938966174894671 0.0467817768654485 -0.0439092333390707 0.0753855049531004
0.0831909742186262 0.093597597075727 -0.0927033158914161 0.0567267579323722
0.0395599876486693 0.126240443191805 -0.106420649735962 0.00483063045663035
-0.0333839567798308 0.140560750270892 -0.0427901303687804 -0.0194894478146354
-0.07862011014852 0.14601395950603 0.0321413040469352 0.0261700729679756
-0.0678291790521441 0.119546584762231 0.020304753114949 -0.107929088784246
-0.0573672286788331 0.135131290560608 0.0786790457394377 -0.0478396462692348
0.0100879520421899 0.153251422897963 0.0995764245731471 -0.0604734964533811
0.0722437095835436 0.123258973982629 0.0799046398214254 -0.0788569570680444
0.0966469191084709 0.0639759517188279 0.0542045604312136 -0.0607452625213094
0.0934177214731612 0.0190762061983869 0.043200022862857 -0.0463602017598255
0.0814899591057893 -0.015358662869405 0.042238844310062 -0.0317582837896037
0.0657834088783327 -0.0193389717030159 0.0394134816722573 -0.0156129377510975
0.0700509319324993 -0.0201747183222676 0.0406423135538878 0.0183533699072822
0.086731059305473 0.00965761849305919 0.0231129504204827 0.0534464127576345
0.0809455157771154 0.0437304321786849 -0.012591726176101 0.0854380980275704
0.0717119822016444 0.088595789984007 -0.0709228816135481 0.0687538445574357
0.0286006503280803 0.119688697547198 -0.0912495701450747 0.00878921330475056
-0.0438735169427374 0.126641780492704 -0.0298726327549353 -0.0302752947951435
-0.0822154845875139 0.127296317436548 0.0600493535708442 -0.00780134300843368
-0.0607010101333929 0.0829098341663502 0.050951133620708 -0.137531300539913
-0.0638577711325877 0.0999239951876801 0.0824965478367573 -0.0693099608603654
-0.0101882606340039 0.124844629033495 0.0966693215888644 -0.0464694182478139
0.0469752678228561 0.104105686262001 0.085959385735904 -0.0486176769202982
0.0702702492718494 0.0535268723545672 0.0812541805971246 -0.0350426071426655
0.0668428227845395 0.0184537120371888 0.0777210176651327 -0.0386523550939971
0.0585495904032403 -0.0088546193512925 0.07049501095375 -0.0329053604361005
0.0469913050886994 -0.0143533887651223 0.0634960920001642 -0.0164267065671264
0.0490497857912398 -0.0137505282210548 0.065122412076997 0.0181399949349537
0.062002202232254 0.00760514960701639 0.0471302504460996 0.0569283475559156
0.0588163652684032 0.0343475593768453 0.0107813927659897 0.0927971764202351
0.0523735863136182 0.0711735959486168 -0.0515096150127469 0.0752327382321904
0.0140728857452509 0.0976872874191998 -0.0723302907459662 0.012710411231391
-0.047850416144817 0.0948925294650827 -0.0170469210016189 -0.0342491126931821
-0.0735828231719283 0.0904685226984004 0.0812615389519054 -0.031172750084617
-0.0426991661569885 0.0330208842444326 0.0724905770940948 -0.149834724241015
-0.0562302446863965 0.050105559423342 0.0810332898784673 -0.0779686151599468
-0.0201410520897637 0.0766618837021834 0.0926296190673908 -0.0281710921613115
0.0206265945934829 0.0652637558111594 0.0909233311414173 -0.0203326978870977
0.0351499362937285 0.0308998880229506 0.101153922388926 -0.0158354210527142
0.0303822646246799 0.0125672915698098 0.100115765283916 -0.034412221329993
0.0263569861627813 -0.00189412729632585 0.0871983296352616 -0.0331292489117917
0.0204891729024909 -0.00687852677719978 0.0776452747499571 -0.0153611238957202
0.0216892080562323 -0.00641343840770409 0.0792843434293756 0.0199171582317493
0.0315274692677727 0.00239564208424389 0.0612304320033629 0.0610175925286285
0.0342753819914808 0.0191702927806562 0.0251528183504173 0.0971576052930828
0.0324182774417401 0.0464744558762567 -0.0368248631885349 0.0798934137992073
0.00260873382870737 0.0644548375171185 -0.0569628736584712 0.0190291649923328
-0.0422347506063374 0.0537822498513525 -0.00924184747791108 -0.0311893578804692
-0.0534669336507556 0.0425629962056378 0.0923110242661362 -0.0438627304409186
0.0164033896898381 0.00810018921909097 -0.0746730994586765 0.0737429091356908
0.0178445341087995 -0.0136190075469995 0.0193601634896029 0.0495203890752517
0.00471298243957248 -0.0283132090819553 0.0532891124099715 -0.0287116143213588
-0.015944764553927 -0.0133366933875915 0.0288495790602793 -0.0878297161319943
-0.00419495773132586 -0.00281450366868297 -0.0414234659922859 -0.0997219511223154
0.0060108359117504 -0.0036085689340655 -0.0800226790359682 -0.05380106408417
0.00687613143896396 -0.00428312923621288 -0.0878301242791243 -0.00779357319301547
0.00848853164744714 -0.00493178360213996 -0.0847301863347434 0.0217644402544074
0.00857321927535538 -0.0091185976546651 -0.0857904474117077 0.0461501605840575
0.00989230265393226 -0.00656279622821909 -0.0995101018037967 0.0514541286000107
0.0031811956009112 -0.00604305662355391 -0.110257513009851 0.0370533787553279
0.00451398436159305 -0.018325547970601 -0.105510625421324 0.0165387781710499
0.023319309036241 -0.0235452372061105 -0.0953648183825738 0.0201564563965466
0.0369453815839505 -0.000805649493701155 -0.0676955677195212 0.0540705061112897
0.0238954838867938 0.0128754138694079 -0.051120856951661 0.140688931807313
-0.00133699340638662 0.0552758621524235 -0.0752498310987017 0.0571814490060456
0.0110849663708377 0.0347818699797669 0.0281658325368767 0.0389083008536828
0.0197376999214705 0.0165646156508085 0.0521741698031701 -0.0428495520785873
0.0138930494789292 0.0159799513848443 0.0219275014315331 -0.0970713389177945
0.0275946929186335 0.0119906993497926 -0.0438744009890455 -0.0977138330646221
0.0372748840932004 -0.00222451940048167 -0.0758123112582471 -0.0511434175259405
0.0352961535660517 -0.0141352530029049 -0.0779804934952092 -0.0101515861797536
0.0331686315570726 -0.0150479328047734 -0.0742929512967904 0.015559857662359
0.0375535763214641 -0.0193605850301964 -0.0744467026006528 0.043544284435288
0.0473678479117152 -0.00392956803864254 -0.0903194003814227 0.0535094741672399
0.0382971996946321 0.0139057538569889 -0.107377158272986 0.042804108253875
0.03201994914508 0.0217816278601183 -0.1107882318708 0.0191778359202461
0.0303365926019957 0.0267750195870767 -0.100468425064375 0.0128032271771002
0.021574799188211 0.0516385741697452 -0.0605795835690834 0.0400708517702622
-0.00196094185153245 0.0687867092759193 -0.0371068152038297 0.126248584517763
-0.0184757919250385 0.0963731651679798 -0.0655160295957206 0.0291381021103925
0.00377526242660602 0.0828844489534118 0.0413173829133593 0.024216326258934
0.0366346578803697 0.0646200104119325 0.0610493236277743 -0.0566719465808351
0.0491936955932736 0.0468744373536055 0.0250951851918101 -0.105961905966807
0.0614485520700918 0.0238482843688791 -0.0362110300935489 -0.0955235897397015
0.0671173123120191 -0.00127014052813231 -0.0606796415419716 -0.0493886649537855
0.0593680553336197 -0.0228512791123699 -0.056906293994913 -0.0150545881890438
0.0532147271382828 -0.0227426955007126 -0.0530926984029695 0.00708207126462947
0.0598413470977566 -0.0277360496914562 -0.052011245364674 0.0370838796074215
0.0773573755714456 -0.00353110893002587 -0.0679104470841129 0.0558989706751711
0.0692895225569047 0.0269414614436962 -0.0915470268605434 0.0565495579304882
0.0609517268272781 0.0528889279773463 -0.110466180089712 0.0341418904792283
0.0407886521582607 0.0702060576373 -0.107300106771287 0.0132665781104786
0.00876596223978975 0.0963473437741447 -0.056196454416501 0.0227080673564345
-0.0254055384091563 0.11418253225441 -0.0163416478756685 0.0972093472517443
-0.033340232439253 0.123737576801344 -0.0490947508316237 -0.00964200568824015
-0.00527909695908177 0.120809793222403 0.0537791861897855 0.00299335515460944
0.0486612828951646 0.107125367347751 0.0728420025760566 -0.0653022292169685
0.080359521560792 0.0732835645085789 0.0351584302077544 -0.107697869492097
0.0901726342641565 0.0331852321713686 -0.015909632374479 -0.0906718613119292
0.0888076972818152 -0.00103010458651144 -0.0341113671059953 -0.0498590370910626
0.0756125059207483 -0.028474570016019 -0.0270026841557443 -0.0221045904183271
0.0651685609231946 -0.0278117276599651 -0.0250928133094707 -0.00270579082965355
0.0715827975478511 -0.0324833640917608 -0.0222972844097564 0.0289148109924121
0.0944831584016869 -0.00503928677204702 -0.0371720791399067 0.0556743419717863
0.0892804688943511 0.0322566952724682 -0.0645951977667456 0.0699253291559963
0.0832231579158042 0.0709870616667325 -0.10074957347231 0.0528643762681881
0.0501129940022488 0.0998079901458605 -0.109318918854893 0.0181714955095882
-0.00191148584921492 0.125267898321988 -0.0526115547781692 0.00356847360601419
-0.0430863973726501 0.14160495302941 0.00764337088045027 0.0586922042237161
-0.0446548988258754 0.13151500213274 -0.0279670329681057 -0.0552765029590696
-0.0191177766020574 0.138779949157321 0.0605270013554004 -0.0239864297347183
0.0463086340490948 0.133440023703175 0.0804097274134257 -0.0664254209397178
0.0933580958834278 0.0931606557948628 0.0505063946249089 -0.0976605445285418
0.103794637655296 0.0405408781655173 0.0148000850175887 -0.0796627775521798
0.0973825832356785 0.00128371164476293 0.00136330062834115 -0.0508631526296627
0.0807571782014303 -0.0289508698620386 0.00683059428723642 -0.0298349363251405
0.0671008361666147 -0.0287151815508008 0.00595216698064274 -0.0126913395673954
0.072367995434721 -0.0328250182676275 0.0101230980065918 0.0197732992987802
0.0955369005076176 -0.00386046278860942 -0.00314276080519086 0.0528326670389428
0.0926196093443172 0.0341459580720482 -0.0315503761596774 0.0794315998761521
0.0888691528651239 0.07808759320087 -0.0814314038495159 0.0671284779131328
0.0501204417211385 0.112123047757878 -0.102599560470518 0.0224181549811435
-0.0131430988764363 0.134757498205944 -0.0464078602356084 -0.0142284600839246
-0.0556978686627639 0.145859672277091 0.031864112647512 0.0184189167164703
-0.050886283903333 0.116386634498789 -0.00289162849317466 -0.099571512816942
-0.0356555394698965 0.130354851783268 0.0631928611452426 -0.0523318228525067
0.0286752124164128 0.136772155030405 0.0829064456729612 -0.061034125994552
0.0823866896106462 0.0999695316784887 0.0642090791679677 -0.0766412006504202
0.0966187333328934 0.0443038132916923 0.0486708510458256 -0.0618718877558085
0.0887921621620248 0.00570071715344419 0.0394133570813604 -0.0500474366670324
0.072605219942878 -0.0245095267145231 0.0399834635770291 -0.0363725790700276
0.058727471843213 -0.0251638603792745 0.0353689616656832 -0.0202078323831452
0.0622183790382566 -0.0274702146486536 0.0402053215605066 0.0124734664946963
0.0826671144407646 -0.00211862807966193 0.0282940476640787 0.0495393161221252
0.080746050764094 0.0331439223219588 -0.000462026287549021 0.0838399984351518
0.0775488930355947 0.0743380562672954 -0.0593053472352432 0.0757818953383085
0.0389524578532152 0.107721725413727 -0.087862764706561 0.0240330344127666
-0.0246202577003184 0.122577816058442 -0.0360996324108435 -0.026183941912394
-0.0612258050616609 0.128511401832959 0.0534956540548651 -0.01639029248365
-0.0485346518679982 0.0808762816813588 0.0215819582029037 -0.133216316495589
-0.0466325429474857 0.0988432083150897 0.0633785940374875 -0.0746813337813066
0.00724144734249533 0.113367584927156 0.081100861325758 -0.0500811732794611
0.0571947868222832 0.0868552115453609 0.07420906674133 -0.050604139760151
0.0715409921728533 0.0384092800814521 0.0766086911511284 -0.0419488936318407
0.0645596131256454 0.00813492630992101 0.0721733015058496 -0.0479181114893406
0.0526189116744776 -0.0163028852991312 0.065874598590418 -0.0413390939713881
0.0417417661657259 -0.0187263568028337 0.0580824514836569 -0.024424010544245
0.0436951821758518 -0.0192270427604442 0.0638077223489008 0.00824305559563876
0.0592327228865047 -0.000796044632038824 0.0521688888781427 0.0485911817379285
0.0589895856501115 0.0267912594147379 0.0232716035454358 0.0871511732154229
0.0572072509535862 0.061699908004964 -0.0389844959549049 0.0787684143674781
0.0232677194918364 0.0888491149224324 -0.0692186818159233 0.0246986081625173
-0.0324522055119 0.0937857723681985 -0.0236181747635454 -0.0309156977817347
-0.0578613926022661 0.0925270826964258 0.0707778652555528 -0.0412072232179578
-0.0371385727781713 0.0324461093240271 0.0417388589042427 -0.150686401219536
-0.0467210250313925 0.0522310403133969 0.0613836464807448 -0.0840729510855863
-0.00874141289000213 0.0714349788444749 0.0806512726805644 -0.0348901904844328
0.0280449486943075 0.0555822622567696 0.0830536307891628 -0.0273749957910937
0.0364368753034723 0.0220706287826246 0.0966970070167812 -0.0285009025194819
0.0294987472526656 0.00706210034042754 0.0924500884471449 -0.0472067692581717
0.02381039761328 -0.00551768592799317 0.0806786500989477 -0.0446413848481385
0.0181428826745955 -0.00899807347524098 0.0716969544489991 -0.025530542899558
0.0192685924768896 -0.00902617056922389 0.0778957287572696 0.00771196697228128
0.0303428647466501 -0.00178668346610495 0.0665994345524532 0.0497286941885705
0.0346109668472135 0.014960863848522 0.0378273136964061 0.0893988835275366
0.0359845358849962 0.0404088845727796 -0.0238701212950798 0.0807313084560914
0.00886482371499528 0.0594906194084806 -0.0531039931358104 0.0276814549574775
-0.0330261154192195 0.0546648600381304 -0.0150077981476323 -0.0288110614484
-0.0445785688381463 0.0453175613545274 0.0802427477647612 -0.0538407503358793
0.0163543074459913 0.00822068715277684 -0.0743596289456154 0.0683129225160918
0.0183943265642724 -0.0125730218692085 0.017794478349622 0.0479282076031107
0.00544247518948769 -0.0277531871931487 0.0534682662486482 -0.0262156879830948
-0.0148266965271716 -0.0135040153984678 0.0307748298535132 -0.0845832231009056
-0.0042172747333235 -0.00288858400615714 -0.0368769922853861 -0.0979026501832404
0.00558969515142236 -0.00368701421665877 -0.0751149439959075 -0.0543828491887256
0.00719682090596447 -0.00438007167333902 -0.0835893920770207 -0.00963590369991173
0.00856833401407735 -0.00471299763611207 -0.0824987106668622 0.0197171889052561
0.0088502772659443 -0.00809800686371294 -0.0841018545722099 0.0428969977846029
0.00982885309424292 -0.00563427788569241 -0.0976276164742225 0.0480467694543151
0.00359012572041152 -0.00605107052292162 -0.107544500694001 0.0336607443393607
0.00489115712900426 -0.0177155285878867 -0.102963563605806 0.0123536504679326
0.02356122740702 -0.0215121622929679 -0.0928778859539122 0.0155320397829599
0.0365422621240363 -0.000148012652482052 -0.067648863975587 0.0487410122714478
0.0225679887378155 0.0133762470280914 -0.0528259283965108 0.134600403204752
-0.00207433962722641 0.0533930362840262 -0.0741472517401249 0.0527562248205064
0.0105551302414898 0.033774811276292 0.0262440457531972 0.0376255499399351
0.0189415022314159 0.0155115966463434 0.0529402017403523 -0.0405402629965129
0.0133117796611945 0.0154303179559891 0.0245167081196118 -0.0941756815537537
0.026376423558724 0.0115456833360741 -0.0395478839052231 -0.0963289956202316
0.0357948753984968 -0.00144451055810422 -0.0707264100401647 -0.0514385632645937
0.034383621020788 -0.0132134831070593 -0.0740048020038253 -0.0121883932367363
0.0328114905407977 -0.0133068492315054 -0.0718236651304397 0.0137698453447279
0.0364866102388479 -0.0174221362561075 -0.0732758580495848 0.040218062467122
0.0458090288007072 -0.00261880674977236 -0.0890019584069311 0.0499316221350445
0.0363652809714261 0.0139610229901346 -0.104973455795422 0.0393640198233126
0.0301219111139571 0.0218334745197843 -0.10823050916581 0.0153850066944274
0.0287359637835418 0.0266141767289665 -0.097474139391197 0.00858136470559324
0.0204888463138598 0.0501830183650665 -0.060399638243501 0.0361694182308262
-0.00366119487719795 0.0663118562170038 -0.03923178911479 0.120410449457758
-0.0196991132972272 0.0923349131532298 -0.0647582822864901 0.0258117158537825
0.00183111739255371 0.0800681948050256 0.0402079025028062 0.0239144148367624
0.0344020267104009 0.0622073929640346 0.0616930840057155 -0.0536695824391547
0.0466391757916171 0.0448661489511876 0.0267382552898085 -0.102437521773966
0.0591419067581066 0.0234371312875616 -0.0321978218685573 -0.0937958248483296
0.064463931541167 -0.000836086794236031 -0.0565069513601053 -0.0499240740898348
0.0577962107071132 -0.0203445741992899 -0.0539844788927785 -0.0170880724483998
0.0519082570320871 -0.0206717619082133 -0.0513960372854274 0.00575396513669189
0.0577261768674125 -0.0243730961466721 -0.0509575576216215 0.0346867093111333
0.0739906330529852 -0.00229820680927889 -0.0676681583436332 0.0530554968021361
0.0657799183884537 0.0268143165702855 -0.0904873216760953 0.0535955790354106
0.0576846297496113 0.0518490547445589 -0.108504135852257 0.0302072786099385
0.038247842526345 0.0681408780772712 -0.10507901189747 0.00875556651386561
0.00636276857120839 0.0921465639696062 -0.0558613411679806 0.0194003964106648
-0.0267208635097222 0.108903625507864 -0.0181926996379934 0.0925620308644757
-0.0347154697997803 0.118480962203549 -0.0482087502608195 -0.0110690275525475
-0.00769941399214904 0.116514365635277 0.0519151456765677 0.00401333017413035
0.0451433360268206 0.10303071874355 0.0729115906538637 -0.0615320048781991
0.0760807542261868 0.0717328614962513 0.0372530340243111 -0.104222255932414
0.0865542531260838 0.0331290056746789 -0.0123251719459496 -0.088832155481966
0.0854544113947029 7.93036159826505E-05 -0.0302747138274698 -0.0495745064729724
0.0732747750594332 -0.0255187650698148 -0.0258680197536651 -0.0233139306120336
0.0632484874462089 -0.024950033215181 -0.0241488294813368 -0.0036288478488853
0.0688774895266173 -0.0292019270323711 -0.0225326548162009 0.0270323939683129
0.0907824838032512 -0.00337714003880084 -0.037958375084766 0.0532888663795281
0.0849822955568318 0.0329810013793212 -0.0647076807156023 0.067366105796613
0.0782074833880842 0.0693589582664966 -0.0985364481946904 0.0488659187099964
0.0468415779662133 0.0967467448041404 -0.107766074241996 0.0137343446354829
-0.00402786941976916 0.11981028967462 -0.0520845085617601 0.00104481795024702
-0.0439362215334139 0.134229753336773 0.0053668872710101 0.0563752858820686
-0.0461279928908915 0.125263993393136 -0.0265762467074144 -0.0544436097639489
-0.0216652654903612 0.133162060773363 0.0586368977094251 -0.0212105417356672
0.042527373005569 0.129027547527759 0.0801962784567223 -0.0623106138662437
0.0883285052796294 0.0913098956842217 0.0512719100012485 -0.0934687983228659
0.100089325788649 0.0410864113484833 0.0172935415019286 -0.0769447821971509
0.0937493969506735 0.00291901053263328 0.00381335885777671 -0.049761455100583
0.0779090417071303 -0.0258152337038978 0.007196826071186 -0.0302103061515586
0.0647925343256902 -0.0255514064508454 0.00593356534168577 -0.0120654949329399
0.0691991319779363 -0.0289777709773877 0.00906197826968238 0.0190634441157942
0.0916056911759078 -0.00248325265448472 -0.00522173414417811 0.0509095906490801
0.0890456324241464 0.0346807986155439 -0.0335540767633486 0.0766048592599344
0.0835050770301537 0.076185467623829 -0.0809381807234072 0.0639151144842224
0.0462425544620161 0.108981649423647 -0.101402679036459 0.018576608027351
-0.0155352079045228 0.128290511489299 -0.0458030813187923 -0.0150659655367505
-0.0563650616981693 0.138220064750292 0.0293619362295271 0.0180252839829218
-0.0517669179807407 0.110948180544332 -0.00126597652691228 -0.0958613878649164
-0.0376066914406348 0.125646286533717 0.0616467278871449 -0.0476813216211402
0.0253402116660185 0.131199731219499 0.0819733265322264 -0.0562758819784842
0.0778053108030989 0.0978010833936473 0.0643123879989593 -0.0725655763105153
0.0924973234877823 0.0446753135607285 0.0489451219564722 -0.0588301759695482
0.0857115699955496 0.00655859377266814 0.0401682931356364 -0.0483188710672085
0.0701316439712217 -0.0220213554603938 0.0390805761753767 -0.0357121237874148
0.0571163956266913 -0.0226900851209726 0.0343386735996047 -0.0188019862267293
0.059631156793519 -0.0243512586283643 0.0383598987323633 0.0125509075332616
0.0790077100110523 -0.000580664161758325 0.025313786800299 0.0489825470645365
0.0771856702914004 0.0333432240335193 -0.00301120634584105 0.0819696640882736
0.0727087980266085 0.0729852582151183 -0.0593791113588685 0.0726022076803597
0.0352697697176174 0.103803959597334 -0.0874319728800664 0.0213869358910101
-0.0268045895100468 0.116567020055542 -0.0355243584205495 -0.0266378943967788
-0.0612970497740688 0.121015209375701 0.0512589823795975 -0.0151096494295398
-0.0488549091036934 0.0770785033544488 0.0233835904919101 -0.128430362701186
-0.0476405942409156 0.0942401603730623 0.062123387295845 -0.0692231332653745
0.00448600283132095 0.108838009883607 0.0802619357124288 -0.0456136495683558
0.0536581403134008 0.0853151993357166 0.0730739743880962 -0.0472549027588338
0.0681396403080369 0.0386402919810134 0.076077864066091 -0.0384938042528331
0.0621471056942873 0.00890613008439196 0.0720669940861001 -0.0451999828671203
0.0501331153147916 -0.0138673027717213 0.0645594655903485 -0.0400241689743445
0.0401067357848655 -0.0164670048884603 0.0566422159082379 -0.0233596232513571
0.0417020398415003 -0.0167362051362234 0.0608888820166413 0.00939325005537359
0.0565087726244551 0.000752033259833724 0.0485264613531906 0.0487255919386745
0.0568243455128083 0.0267557046163425 0.0195991205706048 0.0850162968046681
0.0535639273284365 0.0604442361043046 -0.0401395641913975 0.0759932147427711
0.0201758934103492 0.0857035278932667 -0.0692154335325391 0.0228217515356213
-0.0340697056271553 0.0893954645309003 -0.0226814112340446 -0.0304205321791201
-0.0572813407267431 0.086631226843104 0.0687816194848242 -0.0377672789455903
-0.0367583385942842 0.0305261731382774 0.0435506952738108 -0.144206182471614
-0.046331609771364 0.0495050519377772 0.0603682142671792 -0.0782109405293172
-0.0096874791516316 0.0682209554974078 0.0791713146432344 -0.0309539022092564
0.0264372590421158 0.0542958871914876 0.0809528557677498 -0.0238820582013152
0.0346703955599027 0.022178733687216 0.0949770690824334 -0.0251254697008616
0.0284063701859974 0.00756541286904402 0.090947862928551 -0.0441422551168291
0.0224977450136617 -0.00415023591542399 0.0787120033907788 -0.0418030022740296
0.0171018175108754 -0.00782002429888927 0.0699363295652478 -0.0238954596245304
0.0181168795137513 -0.00776639262779815 0.074519944802165 0.00885864645341958
0.0285517834923006 -0.000846722757970421 0.0624597712237108 0.0502126822861128
0.0334137738944976 0.015274475005058 0.0338233204211875 0.0876151430664028
0.0336979253021999 0.0400405707488028 -0.025894949677761 0.0784035599357713
0.00703278050715013 0.057089446489183 -0.0534834112014234 0.0262733238034538
-0.0333329325440718 0.0519213617886934 -0.0143966957247542 -0.0279983990969439
-0.0438941260668903 0.0419890865404712 0.0781822118750385 -0.0495906573488399
0.0169227148464372 0.00898475785797438 -0.0781424041942557 0.0645071493934062
0.0196326565668942 -0.0115194027890544 0.0166412485302796 0.0480708307797227
0.00656183162152302 -0.0281831133346777 0.0559808068780229 -0.0242538461852331
-0.0148541166060008 -0.0144187241432195 0.0355556283031307 -0.0842714958840417
-0.00442706372279116 -0.00317141080103554 -0.0321073341013749 -0.100767728701797
0.00546115487181549 -0.00367631826303784 -0.0724465126810784 -0.0586714969562557
0.00775374731747658 -0.0041757250804361 -0.0826482019738908 -0.0129042399247372
0.00922315794766362 -0.00447757887901087 -0.0831631419723291 0.0167308118390596
0.00951108383095699 -0.00771398220056075 -0.0869813856666336 0.0400776502911521
0.010401875621102 -0.00554906466614495 -0.100616546459258 0.0443652336687744
0.00343426557230601 -0.00589512010539497 -0.1098648928138 0.0287786639492271
0.0058524442463503 -0.0174664684557802 -0.104688693674572 0.00692857950625094
0.0252449282042328 -0.0205777458633202 -0.0943070220708815 0.0103629739141004
0.0370206567214013 0.00203897849924685 -0.0702600501407362 0.0443911617483507
0.0221120835072992 0.0150345099392791 -0.0588942208327797 0.132088878034625
-0.00359911318204116 0.0532089111813024 -0.0776530629909603 0.0489872820807973
0.00979907290853904 0.0343813073290846 0.0253462689244188 0.0381350096486475
0.0187914559076826 0.0154598362553998 0.0561723748485351 -0.0384005731213672
0.0126270464853772 0.0152922707004942 0.029106431565812 -0.0940056268558164
0.0257959304609547 0.0121770301089883 -0.0352637488874214 -0.0989943681511728
0.0354290475554808 -0.000646443928161918 -0.0679736488172331 -0.0554242378043679
0.035297004142715 -0.0119605968848503 -0.0733085934262797 -0.0162427919446076
0.0335328091041021 -0.0117568707521008 -0.0725860229455494 0.0109177133385851
0.0376418959891465 -0.0153696769338471 -0.0752971702088571 0.0370226440836271
0.0458175132021893 -0.00121857025727817 -0.0921984146322419 0.0467293033438414
0.0356641971837702 0.0154277969322663 -0.107912340900544 0.0351919817130821
0.0294463244257301 0.0227189243582069 -0.110031036262527 0.00970651408043497
0.028679409819054 0.0276828102362517 -0.0995578815178252 0.00305566830237501
0.0184312222132298 0.0507142031209853 -0.0625100844217058 0.0319426973519432
-0.00622015402766914 0.0660051790051305 -0.0450151540013559 0.118683553337931
-0.0233888018130084 0.0914954059427114 -0.0668083065248158 0.0228599266214602
-0.00125902053095143 0.0802044136462682 0.0392272441277464 0.025079900607611
0.0324922670507711 0.0625715299307616 0.0651427854492301 -0.0508169479499864
0.0453183063156174 0.0459506733462434 0.031792119775394 -0.102253587547729
0.0580587275386291 0.0251727208448005 -0.0279365831465094 -0.0961584672029192
0.063741283776857 0.00162406626715248 -0.05282803298239 -0.0532847067992495
0.0583626492157869 -0.0181892691189178 -0.0534793475443144 -0.0199484896571104
0.0528847437691016 -0.0181279819606401 -0.0520001105768914 0.00351716912918024
0.0584170276929636 -0.0215331653709123 -0.052937889263486 0.0324931628103001
0.0745191936324029 0.000424001414790403 -0.0711841781338019 0.0504790443944953
0.0648948879124945 0.0296415883615764 -0.0938695752613518 0.0501524577134549
0.0552980227472922 0.0540512281123327 -0.111376430100362 0.025025853035101
0.0359802141524947 0.0695295578324588 -0.107015418271986 0.00375623064257036
0.0033413547366915 0.092179476055805 -0.0578405107469268 0.0155059357280771
-0.0312504879653388 0.107085678011612 -0.0224885469383283 0.0915517281409897
-0.0394045724492339 0.117212217858203 -0.0486242832862046 -0.013177477655432
-0.0121684018411381 0.116543581965231 0.0523222590052175 0.00638609985901848
0.0415637088285279 0.10462339395348 0.076616758889038 -0.0581322122639405
0.0733427545346801 0.0740111631027059 0.0420959510272671 -0.103463834131731
0.0856771020624742 0.0358598686582835 -0.00811163703736262 -0.0903735647349445
0.0850932723590639 0.00297580972067221 -0.0271862755846998 -0.0518161477997889
0.0736907436900695 -0.0224908802403658 -0.0249332212486539 -0.0254986479693046
0.0641617366364206 -0.0221221466939607 -0.0243642218103025 -0.00480411289515469
0.0694592395512724 -0.0257617472290324 -0.0238044752741769 0.0260185028361111
0.0901547552597339 0.000530690522571104 -0.0414579268311426 0.0523305860208048
0.0839802391657862 0.0358580902574207 -0.0691813920538621 0.0654683308356361
0.0751163436505821 0.0720305181192716 -0.102160096180105 0.0452845654428858
0.04339883464047 0.0986585602864972 -0.110460405642225 0.00870409673012994
-0.00896058354684537 0.119489873118145 -0.0534477784040659 -0.00218747074759226
-0.0494939966891549 0.131766984706583 0.00252442979397972 0.0563604755064775
-0.0515121542201227 0.12342177027007 -0.0248499282786059 -0.0552752704417641
-0.0274779784496591 0.132880449650252 0.0599681384444987 -0.0181122697269777
0.0378207153988481 0.130009706107164 0.0845820783945743 -0.058248023182199
0.0847528359809433 0.0946451782160603 0.0562226771552391 -0.0925174773482471
0.098378406173632 0.0443195853537837 0.0215947813743018 -0.0776211050553765
0.093440106931752 0.00647431991066696 0.00714763921560297 -0.0502462560385624
0.0784005594574332 -0.0223067604706649 0.00826016083573603 -0.031592405932221
0.0656065174409645 -0.0225613551577038 0.00604222625540984 -0.0124837815716227
0.0696842751719077 -0.0252439267554188 0.00822597134526701 0.0194079398785436
0.0912290813039689 0.00113525644124181 -0.0084084529315925 0.0515998698336144
0.087681653667452 0.0377200878459581 -0.037603363378199 0.0762466113278011
0.0798945097385135 0.0790656283727685 -0.084813790420936 0.0614549662318004
0.042221267102116 0.109844034654818 -0.105004855598176 0.014491382403652
-0.0208865915432885 0.127590719748829 -0.0467812777172339 -0.0179185446825528
-0.0617748292755515 0.134453783500503 0.0279466297258405 0.0188602209282942
-0.0567812509111675 0.108661834468231 0.00219271651251607 -0.0958456019403577
-0.042648382857729 0.123806631287837 0.0634439206784535 -0.0440909555337557
0.0204808337013297 0.131885560480171 0.0859326245843712 -0.0525717267641454
0.0741375457740222 0.100830535316532 0.0684217376817966 -0.0703837710338876
0.0910584258077524 0.047966604175567 0.0525658227475995 -0.0576602407575969
0.085138682861825 0.0103050929027113 0.0436595142488122 -0.0472422511539322
0.0703653088007867 -0.0181707763100803 0.0406469999289362 -0.0360022697862616
0.057113722540117 -0.019673583096853 0.0352157745791135 -0.0185990888484849
0.0597147737903112 -0.0205043433167444 0.0373240360948127 0.0141316528730284
0.078665022420385 0.00279884736217474 0.0224331787010488 0.0508172739190867
0.0760959951718744 0.0361942943731437 -0.00754804380247811 0.0829009819090154
0.0693955436340794 0.075744493263545 -0.0632902266411398 0.0711509627629614
0.0315409311472616 0.10541006534392 -0.0906443826733967 0.0178139799615027
-0.0318245076087821 0.11508913732876 -0.0355369405796572 -0.0282647004191858
-0.0662957876611525 0.117206783390726 0.0515845313343455 -0.0126442604221052
-0.0521557719137618 0.075555298843172 0.0292838394269724 -0.127095801518868
-0.0518224692751838 0.0925976922396314 0.0645693753030245 -0.0648462411097901
0.000278902528503896 0.109195867045288 0.083055666386547 -0.0410310384611545
0.0505374967805179 0.0873847723955787 0.0759501105121568 -0.0436422733802769
0.0667474119698369 0.0412450652734474 0.0795013002638952 -0.0359671472203293
0.0616236018145555 0.0114416429152615 0.0749579953200491 -0.0427273646835485
0.0504891683095727 -0.0113516542182891 0.066344055138903 -0.0386341689276014
0.0403938911358521 -0.0143802443438067 0.0578698386722568 -0.021664170840157
0.0418894289401278 -0.0139644778401217 0.0604542606024334 0.0118563807204495
0.0559665833694514 0.00277357997993515 0.0453405879016417 0.0517533452531922
0.0557228932265029 0.028856962242261 0.0152079198741626 0.0871942560463026
0.0515252566512359 0.0628112873729068 -0.0443647250886006 0.0754363124382712
0.0169772543918207 0.0863804189527065 -0.0723426514381288 0.0200799943451011
-0.0381674262839224 0.0875746958779198 -0.022637042735764 -0.031234818053486
-0.0609965380798017 0.0838062073755766 0.0700077538636379 -0.0349096748329116
-0.0378208769926108 0.0290868074508999 0.0498660297919254 -0.142559059416586
-0.0486833309860814 0.0478343987796945 0.0629716130467944 -0.0737004034127657
-0.0123456124769854 0.0675597377013243 0.0812044332900479 -0.0265573561918275
0.0243869774219717 0.0557517304228155 0.0835630794304875 -0.0197340802956137
0.0340440271433538 0.0238383503477842 0.0978981952051329 -0.0211872184695078
0.0285939225768988 0.00905872710882441 0.0943968805122193 -0.0413286993657323
0.0220651175095749 -0.00297769040087822 0.0806725140850128 -0.0398894267907723
0.0168033907171985 -0.00704947247224165 0.0707855824213863 -0.0218140245949589
0.0181970590941296 -0.00660202693020342 0.073811975627484 0.0122021246274736
0.0288319841165643 0.000342781423885492 0.0598541536614817 0.0538273724388004
0.0328436263948833 0.0163611445706468 0.0294390149918114 0.0898773693734638
0.0321465792777973 0.0414440421876254 -0.0295615872682997 0.0781343004124989
0.0043787872758599 0.0577715186068179 -0.0564410838304717 0.0248331583468634
-0.0367939463152572 0.0502511914989101 -0.0141405526877533 -0.0280600859269685
-0.045560756892267 0.0401260042595541 0.0803513617782092 -0.0461217568449455
0.0186321509537765 0.00982427512374758 -0.0847594497624097 0.0645676260883899
0.0215812573090756 -0.0111335546112661 0.0161201203116729 0.0504642758759334
0.00807207824844247 -0.0296679009531442 0.0615888065760784 -0.0236773058154053
-0.0149375473999179 -0.0158057646720083 0.0415904872039433 -0.088046791611129
-0.00437983211471852 -0.00371244502303354 -0.0297440308676827 -0.107299021756014
0.00544069634334442 -0.00430122443532972 -0.0724061068321136 -0.0648467108583791
0.00874546538486389 -0.00472984696202957 -0.0849513641212826 -0.0166163056960755
0.0102672651815188 -0.00432125853075082 -0.0872188336566575 0.0154242544953944
0.0101973601438373 -0.00742756772680186 -0.0925158508800028 0.0394810294751868
0.0113586930803161 -0.00543760815572863 -0.107334336046125 0.0436940238275942
0.00351247089034368 -0.00584756405016246 -0.116655055070185 0.0268044823747275
0.0067744640295473 -0.0182000050729192 -0.11098021178259 0.00280720397319615
0.0272709930911492 -0.0203661796675975 -0.0993994695669036 0.00663160315132042
0.0388101089316547 0.00384271722947961 -0.0754784334971258 0.0421870871718034
0.0220118510797808 0.017145991026289 -0.0660209219261069 0.135771301844659
-0.00483017642142576 0.0552126659716304 -0.083812306776149 0.0484506250054946
0.00978127351809033 0.0368977701728214 0.0253375597711211 0.0401564659177393
0.0192186298488082 0.0163732932558202 0.0615307662904478 -0.0382273347654037
0.0128528720738056 0.0160313264776155 0.0346196863360071 -0.0981244741367261
0.0262600811764511 0.0130621127957995 -0.0328817929572444 -0.105557790603176
0.0368642001265782 -0.000291101547440852 -0.0676593347726018 -0.0610446497839008
0.0368810956556007 -0.0116254034501476 -0.07528044935937 -0.0196172051336423
0.0358174323533654 -0.0112174857275852 -0.0762218542180165 0.00922789785192571
0.0395332770872061 -0.0142360353008184 -0.0801590569895457 0.0367449689927252
0.0479888479508779 0.000460424573608365 -0.0984782084367598 0.0461068955580958
0.0370311593729059 0.0174434669496478 -0.114896279575172 0.0333180382376471
0.0298448123951847 0.0239621122044592 -0.116484534022298 0.00588436530055936
0.0293661390502354 0.0301617759409862 -0.105090746254583 -0.00162171060089051
0.0182969521802689 0.0538271384541787 -0.0673695513846338 0.0296890032224196
-0.00921574333823738 0.0692912287957252 -0.0509363420637292 0.121620700301712
-0.0264034850985786 0.0948945848343466 -0.071652918714006 0.0214814229693999
-0.00336197968096108 0.084405853796248 0.0407195284396562 0.0272713860126831
0.0322770570399246 0.0656640225394319 0.0714734981928473 -0.0514814770312647
0.0459911941413784 0.0488024678017001 0.0375271903886788 -0.106875853620324
0.0599739645900425 0.0277699249928604 -0.0250394059098586 -0.102847577527494
0.0662307291134274 0.00254441298569657 -0.052023835059402 -0.0584377058060885
0.0611924617645955 -0.0174110565179326 -0.0543788032822333 -0.023480459335384
0.0556695081225675 -0.0172147404810538 -0.0549517075469271 0.0021619424659885
0.0614987114700576 -0.020466822153831 -0.0572472398471034 0.0322651498718881
0.0772115531414898 0.00301484438122162 -0.0766095998725458 0.0509889005653471
0.0668953219180341 0.0325930903947828 -0.101060067005732 0.0495730362969042
0.0555013761183015 0.0579139731000294 -0.117654501424615 0.0224796268799201
0.0360649204225122 0.0738803743562209 -0.113572650967321 -0.00152090454491634
0.000634167621320389 0.0960121490982887 -0.0620239282318501 0.012909173697874
-0.0360720897784681 0.110582067361548 -0.0273819270620955 0.0944022821407235
-0.0447605291011897 0.12109849742695 -0.0509886667916733 -0.0150778802336208
-0.0161918091346917 0.122034006970148 0.0548084601060539 0.00874651409320185
0.0411687793578664 0.109319544655011 0.0838438528657977 -0.0581219205283602
0.0749957971367977 0.0787277264868823 0.0485332832106151 -0.107360474063522
0.0887137415102153 0.0393463329312913 -0.00432708090541777 -0.0952296399183058
0.0882207721157178 0.00510499532345296 -0.0247696559948923 -0.0556659140183061
0.0774568260557343 -0.0205302446007922 -0.0249168570733041 -0.0286412428241568
0.0672778802618705 -0.0206402653199687 -0.0255953684316357 -0.00618207390209091
0.0729176752475191 -0.0235592872109427 -0.0261700968440217 0.0256777488281954
0.0938388382636257 0.00294771532500297 -0.0460959332107946 0.0544864052641455
0.0864362155577429 0.0395053470749083 -0.0753712113382094 0.0671358890234603
0.0757306941637089 0.077041384331809 -0.109082478550908 0.0436918015831097
0.0426576847803033 0.103846810749951 -0.117728880674425 0.0046038436072954
-0.0133980163589978 0.123685475368103 -0.0571635419581724 -0.00523698771304679
-0.0559139929546739 0.135179188809443 0.000259750226137334 0.0581681330771318
-0.0576938344893699 0.127065020545825 -0.0249972019558324 -0.0576986964591565
-0.0325093953728181 0.138268464693778 0.0631533805791787 -0.0162367031086604
0.0359983929470078 0.136392704867514 0.0914368250421432 -0.0577627653644755
0.0861327600855031 0.10072643283003 0.0628956196168699 -0.0949738955844514
0.101776093042587 0.0487570304488921 0.0260311054192158 -0.0811701937813695
0.0966396483828977 0.00894218007777785 0.0109053509655527 -0.0536518275320686
0.0816944929396425 -0.0207609711232764 0.0100223940514544 -0.0340611161966474
0.0689513254731577 -0.0212437832330974 0.00628960799522521 -0.0135759649927335
0.0727770791278174 -0.0230558524683049 0.00715446333549917 0.0199334884594088
0.0947018003807993 0.00358744507104002 -0.0114602833321148 0.0548137833591963
0.0900879537101776 0.041706136140668 -0.0432576194635011 0.0796495350875357
0.0806207334273707 0.0850185635340233 -0.0912534184095093 0.0619960074651655
0.0412095092936795 0.115938505122319 -0.112248797260643 0.0113673829633331
-0.026027651586862 0.131381798402266 -0.0493384915222531 -0.0209522396464306
-0.0689055809060904 0.137762385832735 0.0276684557883123 0.020382904152933
-0.0628162803243335 0.111814317083899 0.00517040601925229 -0.0997744913519586
-0.0489288736806429 0.129007663411675 0.0677140410639251 -0.0421194222099599
0.0175861020174151 0.137755391299566 0.092674513179572 -0.0508167450848332
0.074862270225733 0.107007046358647 0.0746709138863565 -0.0711411279340299
0.0938427494360104 0.0526851107130914 0.0584303460077025 -0.0591378674369771
0.0885385663158854 0.0127617920655943 0.0487049965930422 -0.0490802699298962
0.0733246288512036 -0.0162184939462502 0.0435897303983361 -0.0375318440898406
0.0601802316398264 -0.018878801806223 0.0367964422050218 -0.0193029351485478
0.0620573844873024 -0.0187807111772839 0.038199904983378 0.0153393582659778
0.0812391372161483 0.00487952844312592 0.0204665651400147 0.0544695866389659
0.0782674148713303 0.0394542510933641 -0.0118097158669404 0.0880622723650183
0.0697091782352024 0.0811562817510234 -0.0693366827953177 0.0723463979735053
0.0296375451334447 0.110357136553514 -0.0972047225386633 0.0163546142986134
-0.0374639625874999 0.118233179391949 -0.0376169928186341 -0.0308756224138068
-0.0732986629052395 0.119349922200259 0.0539239403918369 -0.0116531321633842
-0.056956383818688 0.0769585492302888 0.0345529450271864 -0.131263901923998
-0.0568265679501605 0.0952301270666124 0.0693230419802547 -0.0631753710132367
-0.00303293132285216 0.113078669008742 0.088996958965368 -0.0387942716618817
0.050198159790078 0.0928736271929775 0.0819964887902576 -0.0428554814313844
0.0685915790683477 0.0450744286726288 0.0853109857178609 -0.0348161651741394
0.0639687988615068 0.013433171161566 0.0812010993247329 -0.043151436884124
0.0525058853753038 -0.00949421446179057 0.0700935723744749 -0.0395763128594831
0.042005517130608 -0.0134855904244168 0.0609380035585835 -0.0217789445719083
0.0435635393403212 -0.0124283480948543 0.0621262753966784 0.0136632530684538
0.0576815286896945 0.00455887016844043 0.045101535533907 0.0564679153569093
0.0572458178704335 0.0318091252636404 0.0118361321265092 0.0925767165324533
0.0514801323294314 0.067341274365694 -0.0493139332700019 0.0779919379983714
0.0146887739837471 0.0904060675252455 -0.078051433424704 0.0195629014216158
-0.0433034310555987 0.0896855335107285 -0.0235559978592148 -0.0330241918836726
-0.066517653173731 0.0847122049067192 0.0741020856343829 -0.033964285902723
-0.0405160250901901 0.0289346272822038 0.0571548979102086 -0.146713746122687
-0.0520870536418392 0.0482978440485895 0.0680315194437381 -0.0724850948254193
-0.0151607340744081 0.0701141408223835 0.0859684797368915 -0.0232483223484648
0.0243934239095 0.0592751088450129 0.0887319928894647 -0.017336986447693
0.035190582731341 0.0260731831310852 0.104426211702623 -0.0192635142935932
0.029262671418419 0.00990382427654871 0.10135929263239 -0.0407838101557152
0.0229271943219998 -0.00173725460683568 0.085811602918685 -0.04041341486752
0.0170214417453133 -0.00643487240976134 0.0745951581769337 -0.0216673162178366
0.0185926743653292 -0.00528427157750319 0.0759447919098792 0.0148235238553015
0.0290685121920754 0.00136670254833038 0.0599017486324841 0.0588868768867808
0.0337406683597485 0.0181858518754168 0.0267119085393195 0.0956432420557461
0.0322867784635478 0.0447005810400392 -0.0342941103511451 0.0813410160049665
0.00202040377226147 0.0602303410276722 -0.0614629694276608 0.0248649888929019
-0.0404142661349796 0.0510418174130476 -0.0145154019675549 -0.0296166970207738
-0.0489080124400868 0.0399733702220857 0.08519227368724 -0.0451180320408886
0.02079440766882 0.00999061233657527 -0.0911470213353249 0.0692405482863848
0.0237078218026331 -0.0122572641833479 0.0180728814125814 0.0537820913272428
0.00841187369267111 -0.0324392079131104 0.0675756886759402 -0.0256677226657311
-0.0164164312680825 -0.016636421953408 0.0460376134888216 -0.0952981324190343
-0.00483922621085333 -0.00434078306890112 -0.0312714109015138 -0.116258446844596
0.00611240232466755 -0.00501157107082181 -0.0770955759708513 -0.070555730877992
0.00963428202240254 -0.00534076775220298 -0.089632064486051 -0.0175648260032225
0.0115345280033853 -0.0049760658200509 -0.0931657573375445 0.0176093960329831
0.0114069297043897 -0.00777611498390285 -0.099000657364704 0.0430202648851587
0.0120365998482278 -0.0060452914017357 -0.115614260022861 0.0482354239046599
0.0038699634177566 -0.00587701159499966 -0.125310753946743 0.0284841631270817
0.00783032530087371 -0.0195352339288911 -0.119981339636414 0.00209569934310801
0.0305079501143924 -0.0214971857535002 -0.107314222715278 0.00567112909272087
0.042071692946034 0.00486270533217067 -0.0810397579364584 0.0434565767920028
0.0235493814978612 0.019226930897445 -0.0704950347297477 0.14583283980907
-0.00370049281965623 0.0588548631686979 -0.0903423496585472 0.0516298908717882
0.0111609780528432 0.0393781021335876 0.0282358611484852 0.043087458043
0.0212758237389408 0.0164959451134086 0.0678477482214243 -0.0418426182703134
0.0137111207297336 0.0162040398898786 0.0378914849961818 -0.106418930817131
0.0288307320919452 0.0134782556406888 -0.0349945009157816 -0.114487695121446
0.0393081793279961 -0.00102898790503799 -0.0717670132091836 -0.06683576412617
0.0395487531523762 -0.0125326295680779 -0.0801080969599817 -0.0210542878267949
0.0386159785289567 -0.0125820392180432 -0.0816767910594226 0.010941276414996
0.0427512268730728 -0.0155587952184723 -0.0861991553014243 0.0401292725797611
0.0514876179976984 4.10085933358079E-06 -0.106149597504224 0.0508625763234147
0.0395459479428473 0.0183592023313817 -0.123876458575767 0.0361405808902681
0.0322375845326472 0.0253886610367689 -0.126132784883503 0.00549531057266402
0.0329069628262322 0.0318273902059494 -0.113310555622173 -0.00296895752724054
0.0195506670120601 0.0574469835391137 -0.0722684540752202 0.0301028821401744
-0.00922903741529854 0.0745493200731581 -0.0546432064801963 0.13081500820492
-0.0272820493075717 0.101090994735465 -0.0771086345133036 0.0233052325346618
-0.00204665604335694 0.0906492550680797 0.0449558061559202 0.0290086790746384
0.0355874199203245 0.0690590224908792 0.0780187813222484 -0.0552577433001497
0.0496303691218896 0.0509821392605939 0.0410355902561115 -0.115855960327706
0.0648140488832207 0.0281360667368199 -0.0270168707313842 -0.11093803148016
0.0702740717123616 0.00214447809748358 -0.0546508156958265 -0.0633773587562708
0.0648687513291341 -0.0185764818243482 -0.0582015915757016 -0.0260984170394448
0.0597948206478931 -0.0183371663358155 -0.0584911763477497 0.00238940482980883
0.06559616105603 -0.0213896037831784 -0.0614568148609038 0.0350727319733934
0.0824826672640707 0.00230852231424643 -0.0829287938556708 0.0563674894074049
0.0713880551161434 0.034214399591264 -0.1095052728665 0.0541857825439538
0.0596725213035656 0.0612098879824556 -0.127140563476535 0.0237994992594173
0.0400642528101425 0.078671922838825 -0.123284394779918 -0.00179373553757301
0.000973876655693561 0.10243837264868 -0.0670319079398038 0.0125725330380156
-0.037558678532854 0.118357364639274 -0.0294329702491356 0.100570688877302
-0.0470610442490063 0.12904170289086 -0.0553321643673927 -0.0154739894998006
-0.0162918897574344 0.131191335240251 0.0591614634365805 0.00940969057311252
0.0448779854133827 0.11611291740275 0.0910856176835914 -0.0626657294024081
0.0807243096303989 0.0828007748879159 0.0523740201782607 -0.116519224741078
0.0954414624724096 0.0405410779995931 -0.00432352759344031 -0.103766723187992
0.0938738947510752 0.00468302953533869 -0.0258348185877053 -0.0610897250873401
0.0818407691619945 -0.0223421032687757 -0.0267228527130473 -0.0317244360877198
0.0720615724698392 -0.0222908169246888 -0.027614707893546 -0.00695631629023451
0.0773591034859824 -0.0248595370092716 -0.0287088209393688 0.0280431121063266
0.0999235846136771 0.00204109133125082 -0.0498348262486716 0.0596172808529488
0.0928404760790792 0.0413692585543981 -0.0822496737242194 0.0734322532939689
0.0814962961172325 0.0820465047405697 -0.118123734649823 0.0472686988716461
0.0471419694247267 0.110122308804822 -0.128083554678316 0.00536651377564557
-0.0135776241309092 0.131819951654567 -0.0621165255541661 -0.00566223917635301
-0.0588406249947532 0.14440379962248 0.000114249956308487 0.0617011649875681
-0.060901939318229 0.136275334463302 -0.0273605329555597 -0.0616862383688935
-0.0333484792079665 0.148668665521333 0.0680684957298628 -0.0162043598685617
0.039821419304373 0.144492004631764 0.0991630023176743 -0.0622096528125884
0.0930580644958183 0.106367011735788 0.0679182997712808 -0.103158229774067
0.109506963719647 0.0506387527747248 0.0287808848490845 -0.0882034375625462
0.103084854168921 0.00845838526997234 0.0130539347873912 -0.0589741811047944
0.086804399616904 -0.0216930691724957 0.00973306754713211 -0.0381035726416667
0.0728468596609137 -0.022434982175675 0.00607489939568958 -0.0152936913326733
0.0768635157691962 -0.0240603612500832 0.00659925869201773 0.0209886187931075
0.10075736120882 0.00327004528368062 -0.0131277722554922 0.0598870966469148
0.0963147161424231 0.0432449540406652 -0.0468577950449714 0.0871073212823486
0.0868248785330984 0.0905658746519099 -0.098762153693953 0.0666800984751299
0.0450637153191895 0.122846710976327 -0.122324729048963 0.0131153300419888
-0.0275859380993319 0.140050721104712 -0.0543279489336934 -0.022825556361563
-0.0731354198845079 0.146812003968641 0.0293797190925522 0.0215166536184698
-0.0662342084654152 0.120327777983094 0.00494114091262087 -0.106416019292489
-0.0511907596798459 0.137660002964893 0.0725199353763203 -0.0436657215919862
0.0197913189318319 0.146201867995517 0.100635205338556 -0.0539166593246768
0.0807172898439503 0.113747489438439 0.0808488004787934 -0.076842755335164
0.101405672741029 0.0545955522981198 0.0635378445666866 -0.0643478514704078
0.0946748850409415 0.0128565230753321 0.0536188266388297 -0.0540927949589193
0.0777422457478648 -0.0171260317024252 0.0455422389129703 -0.0420607519191662
0.0633358991761104 -0.0198321226584867 0.0386681509142302 -0.0220174151611665
0.066124575433563 -0.0194974776289605 0.0399539321158244 0.0160386073686978
0.0863239752881089 0.004918726983684 0.0211821990960325 0.059865850669814
0.0839945364566321 0.0411859777254484 -0.0135230890578533 0.0954534933771265
0.0754759327958282 0.0864086687306878 -0.0746642907313987 0.0785348985606564
0.0327315707486089 0.116960487787571 -0.10600531361768 0.0189410389631667
-0.0399972598020456 0.126569787463217 -0.0414405508210786 -0.032951083348778
-0.077005430237182 0.127590330488561 0.0568291489865334 -0.012992926236399
-0.0603181880556359 0.0826168240222762 0.0364331236950918 -0.140407708029435
-0.0604082224228114 0.102184759457528 0.0743468343566414 -0.0657380877512816
-0.00258563560053291 0.120447760580436 0.0964480890556712 -0.0409607045175017
0.0546364563702211 0.0994914991358546 0.0883349286921306 -0.0461482705446319
0.0741954585461446 0.0472674724393026 0.0928956957810189 -0.0390876425446953
0.0684671506768852 0.0136413997030973 0.087741536716785 -0.0478494470950209
0.0556609876990568 -0.0099661041138058 0.0749195052701539 -0.0445203679692196
0.0441212398455881 -0.0140058299540472 0.0642592284553301 -0.0254274660745811
0.0455832357455935 -0.013071789440262 0.0656437743056195 0.0141543408928536
0.0613793768450653 0.00482791770023781 0.0477368316469187 0.0615689301216459
0.0615912011562309 0.0333615518673339 0.0126506589353348 0.0998948231485078
0.055624435162963 0.072026218623475 -0.0530825705297456 0.0842925022169195
0.016375923439901 0.0960947666096114 -0.0852192659692235 0.0222048002682146
-0.0468960342251635 0.0958668246250247 -0.0266468599161365 -0.0354296514912241
-0.0704610380450387 0.0906801250365971 0.0783775197285514 -0.0365453907834784
-0.0428722035303045 0.0314294456020216 0.0612558741050256 -0.157286562049054
-0.0557127737567863 0.0517686171387566 0.0727046759108764 -0.0751510731413706
-0.0161787820723771 0.074538668635067 0.0932145424019537 -0.0237811283001008
0.0268729793421371 0.0639961043034409 0.0959158239395144 -0.0186271669615148
0.0376500817884772 0.027391173449053 0.113614575736853 -0.021923707459365
0.0311815027391978 0.0105846131617296 0.109075614378445 -0.0454303890135216
0.0243632902516359 -0.00162059490628257 0.0915782089042175 -0.0451750829362399
0.0177449860175445 -0.00621358968532955 0.0797244022547526 -0.0250063170547841
0.0194863093117864 -0.00512050766443498 0.0808860247257138 0.0150339441340287
0.0306681011274572 0.00139472409386452 0.0639702933756476 0.0639038259535961
0.03588215148304 0.0193686319234972 0.0288649855431269 0.103361988275674
0.0349066060705914 0.0479383670254873 -0.037603361261818 0.0883704521713114
0.00260386015775357 0.0642557388641291 -0.067085264628419 0.0278887468225016
-0.0436926487061752 0.0549355595097175 -0.016554549526207 -0.0310301245160661
-0.0518358170026957 0.0427697639295602 0.0907159224826296 -0.048745573506778
0.0203481202023615 0.0163666703134722 -0.106039758528478 0.0555346417953086
0.0282420826694066 -0.00729981019026167 0.0113785972531156 0.0588135600878402
0.0148907457653489 -0.0330948876824443 0.0779001011042661 -0.0171699903097942
-0.015035803300149 -0.0215578106979199 0.0663184575492366 -0.0949190711926977
-0.00714684419414584 -0.005645404986687 -0.0128898035751695 -0.128974724693723
0.00543029145636695 -0.00390649471399089 -0.068218019539513 -0.088655137692209
0.0109086003251603 -0.00413783945932682 -0.0907997638503865 -0.0348159742086493
0.0127917555926421 -0.00186943074871619 -0.101126635098204 0.00240884270996252
0.0145507288235049 -0.0063333952368276 -0.113297708016296 0.0301099729790869
0.0135551656676128 -0.0034314709429248 -0.131127511139598 0.0324945896120361
0.00364292524753914 -0.00515415911844389 -0.137609408056796 0.00910886831288226
0.0102284066679263 -0.0202004098590534 -0.128058047375157 -0.0195072893502748
0.0363945439990104 -0.0165127523626866 -0.114462566719776 -0.0138188429739465
0.0422791586639323 0.0147397756628927 -0.0938610184123631 0.0283311161278784
0.0211529905447967 0.028335273684911 -0.103223928763956 0.137824220406356
-0.0150042776057492 0.0614164674962038 -0.103483802197196 0.0401327803310061
0.00586433700150124 0.0428109509859387 0.0229209203371476 0.050804408803892
0.0187617153807322 0.0191909949025493 0.0821105506522098 -0.0312097456815737
0.00949947743125415 0.0171386597243581 0.0607721444376431 -0.105233283387006
0.0244189696782577 0.0183680431155357 -0.014733155921372 -0.127125651770391
0.0391950390866699 0.00612665622946225 -0.0620210049808515 -0.0838959807830135
0.0429522442768236 -0.0057988602154726 -0.078984277396863 -0.0363298793073437
0.0429721214486869 -0.00430893130140362 -0.0879629725520031 -0.00262751998759997
0.0480240365342955 -0.00731482534178349 -0.0996012803077843 0.0292468233639955
0.0532716655727947 0.0102569139030151 -0.122584458978614 0.0374397968889877
0.0361943684636949 0.0281257565554921 -0.139296185957035 0.016758523046376
0.0270490361209755 0.0322603677304027 -0.136906283561905 -0.0181068478864682
0.0273673695032113 0.0399271695864927 -0.120131937646276 -0.0245880564900641
0.00774484120692633 0.0654347638922775 -0.0814685595314886 0.0135759533552984
-0.0261033387253107 0.0809388729835523 -0.0806449857518095 0.122019807329175
-0.0477362079522965 0.0996531850991057 -0.0865375900028569 0.0144332746028831
-0.0173262549303816 0.0925054606052243 0.0421837408023523 0.0408888375221239
0.0237424415702383 0.0749396977624864 0.0960754785532357 -0.0399125703151077
0.0399493843766841 0.0588275008282978 0.0672487710758139 -0.111780306973221
0.0588045748593949 0.0404185636126073 -0.0046882212038033 -0.121565625350159
0.0714399846514272 0.0150171359171591 -0.0436588479819928 -0.0776909456987099
0.0703426066449317 -0.00719737453789568 -0.0545130310375867 -0.0375722912571263
0.0660892431771635 -0.00599110532865719 -0.0626842970930421 -0.00764854728413016
0.0725047959719082 -0.00868069645383266 -0.0727349199534824 0.0280178911025985
0.0856427796821338 0.0189330298285965 -0.0996016789780905 0.0478037247074781
0.0665230581486143 0.0518942758720549 -0.127955193746493 0.038018892824358
0.0488619539868854 0.0748559352432647 -0.143852319320721 -0.000426935430111327
0.0239257453853893 0.0893137881955175 -0.131218645694983 -0.0264613941885391
-0.0209955712419249 0.108386781213437 -0.0721481549927817 -0.00549269919152776
-0.0662831546611757 0.121444216732258 -0.0457023997779384 0.094157534199255
-0.0738751332077987 0.123676425060473 -0.0576923548031747 -0.0210399923475916
-0.0394421748039654 0.130713980036368 0.0606254944251835 0.0247871137697326
0.0243899571705034 0.124327997137902 0.11138737356958 -0.0415858088273149
0.0660682874120404 0.0963763102437928 0.0803296086990386 -0.107383514331038
0.0884229910034857 0.0582071309950063 0.0192973077025311 -0.109523703887827
0.0954238938158371 0.0216128506674932 -0.012489063980019 -0.0697177388703914
0.0883481429883428 -0.00772164706335467 -0.0201736914569583 -0.0384208228028299
0.0791953230337684 -0.00728287026516059 -0.0284753213116163 -0.0126242300590232
0.0850496267824278 -0.0101575658102478 -0.0372436327838437 0.0263078011007642
0.103463301094686 0.0222363500942807 -0.0652710638187863 0.057300101453401
0.0875215369455695 0.0641027181522201 -0.103194093292524 0.0624607084115987
0.0682710954566608 0.101382341141469 -0.140454748500565 0.0251531203870544
0.0248543933277205 0.123834757672538 -0.138237764543393 -0.020070277069327
-0.0424092273432366 0.135006988674444 -0.0633750809185387 -0.0246460906262412
-0.0942261475705777 0.14386800098419 -0.00595537872405179 0.0583021840799052
-0.0900188077511248 0.127051322167988 -0.0207752838951543 -0.062430204907607
-0.0609435049899739 0.145316356563075 0.073375279713174 0.000953087826658098
0.0134038457863574 0.152563849915848 0.118687590090113 -0.0370907286637561
0.0748851354161184 0.122228004824002 0.0944115464269305 -0.0878783131148559
0.101806507312735 0.070540704379077 0.0528325116027096 -0.0871966670266242
0.104811415651853 0.0272124227180985 0.0284360170574614 -0.0603840641353726
0.0929269049219781 -0.00631325776969506 0.0199765741943129 -0.0381963261422395
0.0803307442848998 -0.00782615844711413 0.00897961733316935 -0.0159442742958412
0.0847667625331777 -0.00879996695626869 0.00181344179157023 0.024738166600192
0.10434814150636 0.0229611940186417 -0.0271219927605567 0.0642130907120317
0.0911510861727229 0.0670916196020706 -0.0686173061179669 0.0829952819639987
0.07257576484959 0.111183140770798 -0.123746501094121 0.0492483396411841
0.019623715144514 0.13703297228016 -0.133595016828445 -0.0104005221757889
-0.0580961894321921 0.140098937820761 -0.0519922474147838 -0.0401102906527409
-0.109434740971845 0.142783231458136 0.0336991557037867 0.0222732791768597
-0.0931614059714511 0.10844914827704 0.020784626150056 -0.104480740340258
-0.0775906847822037 0.130319300702991 0.0823908975583338 -0.0272699579368665
-0.00768702653931872 0.150913112569104 0.116950018443612 -0.028569590150839
0.0617111289091919 0.12789456198018 0.102629492083723 -0.0575181765557259
0.0925343091043937 0.0732882009042673 0.0859677336247574 -0.0561038308155401
0.0957865270514959 0.0295139236687338 0.0699635978692481 -0.0481374158553725
0.0832595527081598 -0.00310808440441063 0.0580761839593933 -0.0363280486116669
0.0701470242821863 -0.00672843417757972 0.0439914735812109 -0.0168516809429105
0.071989731248164 -0.00674099016162202 0.0378843261587689 0.0246987019240619
0.0892200311346713 0.0215379966548505 0.00997140689167709 0.0698433056783539
0.0787514907217693 0.0621784188487108 -0.0341947714920773 0.0971825408047724
0.0618480525452441 0.105688268137599 -0.0995188239279651 0.066378544709522
0.0077612961557374 0.128679387420635 -0.116844649263418 -0.000583569491323175
-0.0691060177584461 0.123705060492183 -0.0359871559302137 -0.0469157215279741
-0.10971830921035 0.120114453378325 0.0683354921111101 -0.00754432266580791
-0.0790487958811133 0.0701402266299589 0.0606634894100234 -0.134923661743095
-0.0811459144162437 0.0917009377516161 0.0876224044875559 -0.0504121730119014
-0.0254991042687072 0.120233676643462 0.108885669300146 -0.017156922569118
0.0382578224467914 0.108854387344841 0.103608420327905 -0.0248045755772772
0.0669470847783066 0.0600562632472703 0.110987773748382 -0.0240305936863105
0.0683858131929188 0.0256452125349201 0.104362584648759 -0.036451290787444
0.0594573607226713 0.000356105606098831 0.0885212732275022 -0.0338752557588921
0.0485143103651526 -0.0048903087451052 0.0714183768987269 -0.0160318399897002
0.0497536346927051 -0.0034307884509428 0.0655580861297033 0.0262615397618616
0.0631643161841836 0.0167056715077445 0.0379975913503512 0.0752788884394643
0.057206340747343 0.0491965335279364 -0.00679091591323737 0.106567256173505
0.0436634933492729 0.0866119735245245 -0.0769362363880508 0.076905723253659
-0.00495825545481533 0.103786568527138 -0.0949675082272783 0.00712056513407546
-0.0702713816682259 0.0901780125224966 -0.0197138384768754 -0.0452161631341992
-0.0943043045144359 0.0818187702534598 0.0949189061977891 -0.0261534730303282
-0.0513174537245806 0.0199361492639492 0.0901265286285494 -0.150657678497017
-0.0671967934792579 0.040835752916899 0.0876943666995847 -0.0613729230765254
-0.031066087528768 0.0710988211937871 0.1016252279067 -0.00228711375891393
0.0166233843874945 0.068152132486639 0.105814192695207 0.00325802347496826
0.0335717995431611 0.0325770589844807 0.127363273287738 -0.00266284513394717
0.0306185368846543 0.0153894115120225 0.125640892539588 -0.0301291968104549
0.0256421796281346 0.00332707246875857 0.105532236506332 -0.0322137946535887
0.019432392636912 -0.00322041331344954 0.0876454327874058 -0.0132425875293312
0.0210562586508454 -0.00121589969337077 0.0817146166552471 0.0298033377283939
0.0315875192716946 0.0076710845709335 0.0558688593224329 0.0798398134056417
0.0333448194239449 0.0291916059556078 0.0105109532328002 0.113293069397455
0.0271091982854906 0.0580319482146497 -0.0593037005472308 0.0840133204116513
-0.0130556224353186 0.0674538810643648 -0.0763367410987292 0.0173287494830944
-0.0582292340330786 0.047851859547769 -0.0100557465932741 -0.0368769868686838
-0.0640284565643722 0.0342134093037588 0.107974272905806 -0.034014676312195
0.0219549445167651 0.0143989599272477 -0.104580707099604 0.0644708045036203
0.0296076824328169 -0.00927713807904831 0.0164155306948502 0.0585391441367432
0.0131865765427025 -0.0353394475742053 0.0809876577735145 -0.0239900113724295
-0.0168123823148869 -0.0212919267478134 0.0627581223139093 -0.102335804869238
-0.00756225697493248 -0.00531581498449142 -0.0222737179306666 -0.131273798688081
0.00497828750601651 -0.00483492499123743 -0.0753129401111245 -0.0871298830725173
0.0110472557579506 -0.00570270826648806 -0.0945002827797922 -0.0290507606952468
0.0138299969789348 -0.00306823268787244 -0.102842144397368 0.0110101972328688
0.0151301706407606 -0.00757227122026224 -0.113705402366113 0.0403676533935254
0.0138746065054739 -0.00498235448844774 -0.132248550669443 0.04387612291705
0.00361141229089177 -0.00516175705988155 -0.140980011668038 0.0192213275721884
0.0090937976057617 -0.0217386772176608 -0.133975576300338 -0.0111498289873042
0.0368554556470045 -0.0195896593776597 -0.118332715639999 -0.00717636903501472
0.0443789466481627 0.0128094086364103 -0.0944032503541032 0.0333195138742958
0.0238257239541441 0.0285299788622937 -0.0958474397771654 0.1474761815173
-0.0105098491617739 0.0634499243630538 -0.103153852679086 0.0485795824790114
0.00998531630073045 0.0435168998398624 0.0281879028023782 0.0497010989126586
0.0208408589985776 0.0173619765033476 0.0833499011053876 -0.0384630582223814
0.0113875526578336 0.0161438207714756 0.055926021509485 -0.113522586099756
0.0260210971123981 0.016307388078261 -0.0237782674573641 -0.12985240879169
0.0398542292541054 0.00297347860025596 -0.0684591207923448 -0.0824917223747222
0.0434915137145401 -0.0095263233372284 -0.0827658649431339 -0.0319465071248987
0.0437752831975725 -0.00761006076480624 -0.0898890129391479 0.00446025166272015
0.0488362207586856 -0.0106452627735715 -0.100206481128891 0.0380635520636005
0.0554141285015873 0.00655993998149493 -0.123409566381732 0.0482920126032877
0.0387963679673706 0.0261406010780089 -0.142630833592425 0.0273048039218855
0.0298937086553922 0.0305212775149553 -0.142953869817383 -0.0095614078539894
0.031397491786579 0.0377421784043904 -0.125360336904032 -0.0180186438448019
0.0128276297891207 0.0664158527242302 -0.0821513823439283 0.0175290093041877
-0.0203605124675158 0.0846778833080371 -0.0736288432995866 0.130304742429358
-0.0409488059406206 0.104239397826275 -0.0870846654093102 0.0213437816393417
-0.0102874245297351 0.0951310497247071 0.0469507267534302 0.0384436326540137
0.0299417697406355 0.0739432621018261 0.0969970273825725 -0.0482207890680348
0.0451959279513636 0.0558186375894775 0.0615771617386453 -0.120005841648622
0.06303331634799 0.0353095962539354 -0.0128165298707801 -0.125234892530582
0.0730714609691745 0.00907311318054603 -0.0492657064554247 -0.0772848392451639
0.0713981817685641 -0.0127909350880204 -0.0583600869725751 -0.0353136730258062
0.06666646894973 -0.0111084879422894 -0.0644381201648656 -0.00336304644585442
0.0736440960235391 -0.0144858851014433 -0.0731006117417983 0.0352249943380472
0.0879719651434147 0.0123715228695696 -0.0991826477141361 0.0577219295429807
0.0714605989501522 0.0478562506834775 -0.129883403692053 0.0489524501270141
0.0559012190822101 0.072030078583235 -0.148983116069532 0.00909113177639731
0.0323099111877296 0.0886349166691237 -0.137147403745016 -0.0183791773701774
-0.0134965510109124 0.111190904861984 -0.0742603711684412 -0.00215067806632074
-0.0580377338122145 0.128480967411569 -0.0402278030171989 0.0986222849408533
-0.0659337233799282 0.130785834445757 -0.0603794213315227 -0.0168039236453176
-0.0303109730222056 0.135680838448827 0.0642827952815119 0.0214261435514134
0.0344426478581139 0.123526828126872 0.112758452255917 -0.0506078724397485
0.0750120407817606 0.0919801843955244 0.0756395918163723 -0.116381507142516
0.0947088032273824 0.0513719804903512 0.0129217416402003 -0.114780694019454
0.0984479604427859 0.0139930992261888 -0.0162415343721302 -0.0719480631229086
0.0888450693118008 -0.0141188842015662 -0.0235973729792106 -0.0387840885672304
0.0797270792428221 -0.0128666223297847 -0.0303718449707168 -0.0104664208973681
0.085834984860893 -0.0162961167836158 -0.036901733951282 0.0304380225203084
0.10679302663252 0.0142474598564095 -0.0636967194517525 0.0649608081675701
0.0934655263970655 0.0587261642015974 -0.102318826623414 0.0723117875443989
0.0769211817866749 0.0973557898817097 -0.142714934202455 0.0364193037707598
0.0349566414483681 0.122938992161016 -0.144142857784748 -0.0103312084571423
-0.0333802657104365 0.140656430207742 -0.0669944310055963 -0.0221490300682867
-0.0849730018362624 0.153220580508963 -0.00214247340340837 0.0590582107461019
-0.0821457373660468 0.13563189544124 -0.025570658515658 -0.0619743243007625
-0.0511794026367769 0.152062379669276 0.0759575662942344 -0.00292515377402157
0.025691274596486 0.153209849890708 0.120634455032813 -0.0461159624209595
0.0854626158133441 0.118070916686879 0.0908145986645972 -0.0971642626946905
0.108861684829589 0.0631617797442447 0.0485774830100913 -0.0943219466179578
0.108028092816006 0.0189643940463949 0.0258878449424055 -0.0656991404932887
0.0941498538598024 -0.0129628246364038 0.0168291478350758 -0.0416828390841718
0.0806455019073539 -0.0132583996457418 0.00694423388254524 -0.0168991836406324
0.0852455905736732 -0.0147421800216067 0.00211099305167032 0.0253689204621607
0.107612479565293 0.0152582084454558 -0.0236746052676323 0.0689562699001647
0.0978852313702426 0.0614425043086083 -0.0659335512107782 0.0912358342637165
0.0818406295727383 0.107127360032037 -0.124416185597937 0.0601821296320241
0.0307760358290788 0.13676986150734 -0.139347038836695 -0.000371241133137369
-0.0496423882785226 0.147101608494146 -0.0568298705473671 -0.0378681928503282
-0.100322608343916 0.152791541700943 0.0349762106194979 0.0195010401311673
-0.0868787910002865 0.116475757740565 0.0140779926624089 -0.106632611364041
-0.0692904639682546 0.137888938822892 0.0829929262611659 -0.0315192817219496
0.00341847943062141 0.153168216278184 0.118666718486664 -0.0364312492082
0.0725881868717962 0.125213025246058 0.10100656815851 -0.0662845555250709
0.0998634989751756 0.0660738129845589 0.0848358599189994 -0.0647566832639682
0.0986167238431436 0.0225225973124083 0.0693684491856035 -0.0564781807827287
0.0845344461320042 -0.00869805912082796 0.0562293028511585 -0.042604913149058
0.0701400570138618 -0.0117668870455954 0.0422979412853097 -0.0208547105630522
0.0725210229929043 -0.0115009185397669 0.0386482371018077 0.0225946614464118
0.0918854769359647 0.0150273687352106 0.014192388695546 0.0717798943859507
0.0845102273029131 0.0573287022776667 -0.0296915390320519 0.103287634434597
0.0712212857934393 0.102913033528509 -0.0985919275194506 0.0753753481996431
0.0178904202206221 0.129253307228068 -0.121465101092085 0.00844327473911575
-0.0621947683351485 0.130651553325477 -0.0409310757261611 -0.0459003140950467
-0.102359958815843 0.130111925872164 0.069043580143129 -0.013241068507604
-0.0755929723973201 0.0767999546974382 0.0521315366945964 -0.142365098497044
-0.0762787708697076 0.0992251457509286 0.0861827818138301 -0.0555557469280088
-0.0175055127250189 0.123294531993093 0.111207909916589 -0.0238392725508838
0.0475574729780531 0.107571737492791 0.104619227739182 -0.0326912777697703
0.0724161695512878 0.0554898660856043 0.113026857884209 -0.0340649714595435
0.0711292362839281 0.0204806141629926 0.105157050074921 -0.0465480660701305
0.0601862703031025 -0.00355485739398811 0.0874596592793426 -0.0427517714653903
0.048545521479602 -0.00836546036462222 0.0706482135736677 -0.0225338693435558
0.0500814426711525 -0.00681684161799927 0.0670931733040392 0.022484922791833
0.0646899139200429 0.0120544927043388 0.0435268959017668 0.0752016107482855
0.0615192089752643 0.0458858010485087 -0.000568615680573341 0.110565071339635
0.0514147162018535 0.0852962690265429 -0.0738055930984663 0.0846289043085297
0.00229852858390461 0.105007620926633 -0.0982557593105008 0.0155686567603647
-0.0658035271786805 0.0967839004240321 -0.0242375011051652 -0.0447527520636388
-0.0895029370046105 0.0899763130551894 0.0942662450659892 -0.0337425439686861
-0.0508963946783195 0.0234308582795545 0.081636185265524 -0.159939125627963
-0.0661885815311777 0.0462505657071193 0.0860606891468671 -0.0665954471567397
-0.0266758275573541 0.0744055975548487 0.104633911211432 -0.00789055704490462
0.0226031614720539 0.0681819140217754 0.108915551283117 -0.00362000138927071
0.0362133018367018 0.0306828377847211 0.131747659721391 -0.013042066010537
0.0323205242614236 0.0133684787218657 0.126303829551731 -0.041801527697414
0.025716750379561 0.00148319444079754 0.104800224103638 -0.042435827814148
0.0188635107692174 -0.00400386471768987 0.0870376245772779 -0.0211455249753878
0.0212280877895914 -0.00235911376413598 0.0843517676148025 0.0242317030990037
0.0319964741627779 0.00554174214171206 0.0618371509568529 0.0784612639823244
0.0363846474548222 0.0269763937211437 0.0181767306758828 0.115888876107639
0.0320681585618345 0.0570828236563611 -0.0555992554267737 0.0913567799735211
-0.00875037224827022 0.0694405805344916 -0.0779278437632222 0.0244678968253859
-0.0568872678632429 0.0532169142486416 -0.0134646406331866 -0.0362550293053228
-0.0621353628316993 0.0388564063819546 0.106832890975149 -0.0423124591904614
0.0226622610467383 0.0129652739820708 -0.0991612272244102 0.0692057466510103
0.0291486926028295 -0.0107170284491504 0.0206001946246962 0.0567644528266109
0.0109379782380973 -0.0357165614152908 0.0804955060170899 -0.0289384069527825
-0.0177125421965912 -0.0203726211085539 0.0578214948433384 -0.105586035763171
-0.00797919871883955 -0.0050642194191483 -0.0280096479688421 -0.129555131523816
0.00386329611205182 -0.00507723361997753 -0.0782663391923991 -0.0831795161546436
0.0109638814890224 -0.00648947788353474 -0.093595385912301 -0.0238855866958876
0.014242047348099 -0.00431554553493941 -0.0995166250870394 0.0167133904334427
0.0147905121163177 -0.00824218693042895 -0.109977432314028 0.0475370384143554
0.0134345681291966 -0.00563823072956212 -0.128513283832308 0.051248763427197
0.00336071449754766 -0.00485558863587594 -0.139478219054913 0.0264176392295378
0.00764621056233353 -0.0221079923878365 -0.134197701604966 -0.00426114135367606
0.0361602471992011 -0.0217411813134536 -0.117884280003573 -0.0018881339120377
0.0452884750887886 0.0115933983939879 -0.0915304800431308 0.0353504473450793
0.0254974882525718 0.0271560274785286 -0.086968099868 0.149701902212894
-0.00647052302385752 0.0621889811351406 -0.098383781344745 0.0533269478254893
0.0134081043478306 0.0425809596279671 0.0309433335025692 0.0471784734949709
0.0220639464623644 0.0153483091258919 0.0818569215738725 -0.0433738088762536
0.0123462637188496 0.0146385435994784 0.0505276068010529 -0.115518927102591
0.0265368767382125 0.0138604529978849 -0.0300281789248492 -0.127078326217733
0.0389599221728683 0.000480173100745773 -0.0712032548188505 -0.0786846414691471
0.0426624979738227 -0.01168453255565 -0.0827270845053446 -0.0275032723739255
0.0431536582745517 -0.0096379040704621 -0.0880405256344854 0.00989319153140678
0.0475176607132884 -0.0136999167686371 -0.0968585047698313 0.0442863484595061
0.0546329701309439 0.00315618267903718 -0.119247114267022 0.0558639819710256
0.0394418388310356 0.0237657774187147 -0.140227695672128 0.0352396181374704
0.0316673873344043 0.0277305515414147 -0.143749504869459 -0.00248180912074564
0.0336821302198685 0.034292588417253 -0.12580137425349 -0.0122500988955155
0.0166272599457433 0.0652404213408077 -0.0805933794993394 0.019425122653526
-0.014890613425297 0.0845891195930781 -0.0659945941464624 0.131116542756294
-0.0345964039367361 0.104466214254762 -0.0845843665393963 0.0260758231137181
-0.00401685208416047 0.0944646285087514 0.0489099475879911 0.0354055207319344
0.0344456758003823 0.06971152636211 0.0953798489103864 -0.0537849606869781
0.0480092454887597 0.0514664560195527 0.0550033955758526 -0.122497172014631
0.0633293553531382 0.0306403600714047 -0.0191720804695042 -0.123533375691696
0.0714746366816347 0.00449078633973143 -0.0515173705109919 -0.0753064662800443
0.0690501532619215 -0.0165871454339758 -0.0589779572977789 -0.0316305640614575
0.065113700255231 -0.0143586824975607 -0.0640023821947625 0.00097614406848114
0.071532350158629 -0.0178895298713576 -0.0703238106094991 0.0397169590527821
0.0872013933082054 0.00713440187633495 -0.0947944272939481 0.063609488590005
0.0726149917449939 0.0434217503188624 -0.127062806753973 0.0564260742451805
0.0584308532420989 0.0672157041834614 -0.147935999527674 0.0170110065602156
0.0368553485642554 0.0838264321064997 -0.137604184542756 -0.0113362809434249
-0.00721797159369426 0.110420433320377 -0.0738862555004373 -0.000184538522013278
-0.0489392915621886 0.129390835585565 -0.0347388204738332 0.0982583787727477
-0.0578749640376236 0.131139105306707 -0.0600357261441654 -0.0125777406167408
-0.0215967622415648 0.134946877898119 0.0654276818004531 0.0183154482663275
0.0411563801012 0.118257435921279 0.110362823514799 -0.0562246462349248
0.0792763089660063 0.0851716530451132 0.0687468603478713 -0.119591204346723
0.0955456601791126 0.043993770091318 0.00689279371385274 -0.115116159642153
0.0963173108567395 0.00788483553529929 -0.0186226801665259 -0.0720532249956705
0.0867451215340159 -0.0185369700285242 -0.0252588689665439 -0.037390875562931
0.0776910704281457 -0.0168933783624489 -0.0308993467737808 -0.00806450085770423
0.0834328549813118 -0.0200894180866656 -0.0356307975982759 0.0329006860124778
0.105372853987121 0.00803394930670436 -0.059608663594742 0.0688330504486941
0.0945818138807923 0.0523177261279518 -0.0988738871749859 0.0791406576967502
0.0809901844185056 0.0911708863899571 -0.141256445065238 0.0431203878373758
0.0417228813682387 0.117309606337299 -0.144883552137731 -0.00246825687087996
-0.0256059280953171 0.139626850386079 -0.067896147595882 -0.0197190238665047
-0.0744761899685975 0.153993480330836 -2.24722812367216E-05 0.0573881717122305
-0.0735899284946927 0.137246542394072 -0.027917003453232 -0.0590858343121785
-0.0415392333064511 0.152239236664983 0.0758669577922378 -0.00588267115417736
0.0340793278774144 0.147572159291103 0.118622011910854 -0.0511972200462804
0.0908318297656593 0.110539032914194 0.0852182737704582 -0.101021033609041
0.110135450133964 0.0546767892571103 0.0432149439431006 -0.0970387239323639
0.106491681739739 0.012511779780977 0.0229520981459223 -0.0677258957911916
0.0916818502097749 -0.0174596396244373 0.0135822808900755 -0.0427105525306215
0.0783590145110113 -0.0169081902634318 0.0051056425451013 -0.0169454854460849
0.0826043504092461 -0.0189648369205176 0.00229756021594756 0.025710054448524
0.105762787727796 0.00896222189452061 -0.0203126371050748 0.0710690543251836
0.0989495948558095 0.0544897309263977 -0.061833900094524 0.0952062751042946
0.0868829760135033 0.100443905277951 -0.121048514966946 0.0662083840506251
0.0382174550803402 0.131433721360703 -0.138819510572217 0.00776631752968829
-0.0417097522729017 0.146495082546968 -0.0586695932153915 -0.034633707307132
-0.0893450920140411 0.154186930197181 0.0346243072235248 0.0166007481122355
-0.0785283525207548 0.118611023666969 0.00835784966257951 -0.105431012217465
-0.0605064229441493 0.138924775432153 0.0814375927382967 -0.0333358844151792
0.0119439169333722 0.14910133412015 0.117645537301859 -0.0414690270597752
0.0787797570363299 0.118415793912408 0.0973659245638161 -0.0699578353954736
0.10150259849481 0.059107494602065 0.0806316021894863 -0.070158556514262
0.0974053334352988 0.0164467415008784 0.0664140359112807 -0.0610670715494716
0.0822802984699573 -0.0128539292796954 0.05257582115805 -0.0462162289346563
0.0676590097734716 -0.0149007337989763 0.0396249609258104 -0.0232686244881218
0.0701898653582968 -0.0150126615174493 0.0376152249225562 0.0207093861322749
0.0900943391355628 0.0096764328588517 0.0174993619338783 0.0714887525142239
0.0863668239888829 0.051701824218726 -0.0247371824477324 0.10512495437518
0.0759651151701205 0.0962216393644982 -0.0947750240901384 0.080503184028773
0.0242524111498429 0.125045626074276 -0.120877401699967 0.0158887620200628
-0.0542904672865006 0.131270700576236 -0.0435461639011567 -0.0429636427157425
-0.0925304982681076 0.13242725604243 0.0665743873455089 -0.0170944269319921
-0.0700827250508511 0.078949554253347 0.0442529229161084 -0.142424392337208
-0.0696762291712934 0.100970388353121 0.083468890597421 -0.0566898153630387
-0.0106704626992158 0.121197439682349 0.10979047793834 -0.0280966263018138
0.053222898390397 0.102534069771749 0.102393584669671 -0.0368608972250496
0.0743822770242983 0.0497186088279104 0.109870538570153 -0.0408674329946492
0.0708227655731845 0.0159416742325301 0.101954436862349 -0.0540452457454651
0.0588895845127255 -0.00672872096695751 0.0834949263002878 -0.0478935910859454
0.0464623072738116 -0.0105342172060205 0.0669862911933067 -0.0262313301920735
0.0485878137060488 -0.00944524733221622 0.0656180120333234 0.0188550580655729
0.0634955781021332 0.00850924216672976 0.0467913554114987 0.0728064599888282
0.0632333920421599 0.0412092806984658 0.00439254887930954 0.110481690765375
0.0556088505075284 0.0803060029103838 -0.0698784286000857 0.0881154861402907
0.00749111684601656 0.102395515739828 -0.0974127090875411 0.0217009241418868
-0.0599468428402514 0.0986134306255467 -0.0264598363141715 -0.0424393107482623
-0.0821659103575886 0.0921610239915996 0.0903509557682225 -0.0382866141651554
-0.048860128731231 0.0252743651403534 0.0721636106939529 -0.161909967220786
-0.0631164293694296 0.0482493115348681 0.0820258995654369 -0.0675616022790655
-0.0226757620824916 0.0739944983202862 0.104029143974093 -0.0119494810533502
0.0263149426138268 0.0653755679252989 0.107568783888366 -0.00846193816925087
0.0375182705203541 0.0278626043695285 0.130271168990935 -0.0211906137802038
0.0320551382647941 0.0112839142587802 0.123076945114594 -0.0498589707075869
0.0258998536653691 0.000134211705365339 0.101101426371309 -0.0483949730075075
0.0176159433530105 -0.00451378244491928 0.0831960443399304 -0.0261384322371026
0.0203106187521536 -0.00329179422649922 0.0827222006562117 0.0200799169329435
0.0311583950200438 0.00371402677841784 0.0649694644535313 0.0750916155742207
0.0375363297081385 0.0242073660388707 0.0230073535156032 0.114112729072532
0.0355080230995181 0.0543596384608665 -0.0513187129819734 0.0935221731863301
-0.00546110329521007 0.0684194026996241 -0.0767941664530278 0.0295511854267476
-0.0537748804925475 0.0555910642458362 -0.0158599332068057 -0.0344687774986352
-0.058421176599843 0.0411693530218198 0.102454105328204 -0.047029975060187
0.0229443004453946 0.0118066986713794 -0.0955208433126293 0.0696632463517439
0.0294882912265231 -0.0108261307721919 0.0216629361129772 0.0548181341816577
0.0103205508307333 -0.0355650643030898 0.0801202143137381 -0.0311643194461945
-0.0176719242615651 -0.0201863201908799 0.0560168958483582 -0.10604204898432
-0.00818304847592824 -0.00526283320762948 -0.0293939044027961 -0.127196118283178
0.0032649408429061 -0.00474817733422833 -0.0781025452375545 -0.0812050391686215
0.0109844995714829 -0.0068567543675262 -0.0907574806489121 -0.0222133118753542
0.0145403537898442 -0.00483516718457338 -0.0964816345652309 0.018746010849619
0.0146218763478424 -0.00864821495885741 -0.106813263129773 0.0499407597661703
0.0133822743987839 -0.00595714620590768 -0.125375586411644 0.0539613990122586
0.00311714000547194 -0.00491145390976919 -0.137457016450708 0.0287875811872399
0.00721118278139058 -0.0221426287010231 -0.133251302543161 -0.00174334472011092
0.0359062092411764 -0.0223989661525038 -0.116171183508415 -0.000778455620150304
0.0455776153361694 0.0110629009741909 -0.089745379313786 0.0339100468787376
0.0259546769668402 0.0267475531733802 -0.0827837000661337 0.148162325118481
-0.00525926047450701 0.0607094940433209 -0.0953140724329056 0.0541423202024698
0.0145331187327517 0.0412969690367893 0.0321143896333121 0.045192094268899
0.0220872528944625 0.0134988097004488 0.0818872927624793 -0.0449554025121672
0.0124439936931328 0.0131382919145331 0.0481300326541673 -0.114921864708552
0.0258668704678196 0.0125323241291295 -0.0316034367715321 -0.124902454955701
0.0372822107874144 -0.000621673904891199 -0.070640717657887 -0.077264783107838
0.0413563356002177 -0.0129791383078347 -0.081082594864609 -0.0258504319156584
0.0422258691064134 -0.0110217555180619 -0.0855170202561677 0.012003327379535
0.0463943423143059 -0.0146973350056099 -0.0939562524546077 0.0467196534363921
0.054054373240912 0.0021868784891211 -0.115773305799877 0.0582783935410011
0.0388012418915493 0.0229767999483482 -0.13845085466558 0.038060576727737
0.0311308849236737 0.0262406170117047 -0.142873260331259 -0.000154653325204023
0.0343711696049449 0.0323333439561829 -0.124140563996719 -0.010711284897527
0.0180395119848337 0.0642338555908309 -0.0789782496457807 0.0181901324694171
-0.0122876910302971 0.0829283281566786 -0.0624940540818355 0.128888490657027
-0.0318243392960576 0.102022902929727 -0.0823347697234316 0.0272881584869491
-0.00150252907731273 0.0927145673314436 0.0493973833288342 0.0341256590315337
0.0352534318774162 0.066659143379115 0.0942305282174223 -0.0554275624798242
0.0479021913990434 0.0481435815290483 0.0527594967594667 -0.12184494399268
0.0627990108428127 0.0272842098843267 -0.0207709639394338 -0.121775720178582
0.0692674470319466 0.00287777690224095 -0.0506511546091889 -0.07400328169184
0.0670584317551923 -0.0178421170844138 -0.057715415273011 -0.0308514153538563
0.0638986186162205 -0.0151914305746612 -0.062397556387112 0.00285673744055357
0.0695759363048323 -0.0189206326447983 -0.0680761238518888 0.0415994064270144
0.0851970267076883 0.00504008483272605 -0.0916536105413014 0.0658397785253572
0.0719577051886948 0.0406037551505619 -0.124567767133501 0.0593629492406182
0.0582812591106612 0.0643977776273727 -0.146858351483025 0.0193783854881359
0.0383365416993491 0.0799768923977444 -0.13646618957986 -0.00932844840021519
-0.00515989875818321 0.108774944209653 -0.072853489496443 -0.000798535498577419
-0.0451698863506332 0.127043824281182 -0.0329621295253939 0.0963054472419724
-0.0539440100584752 0.12909620001042 -0.0586011417194791 -0.0109287016772461
-0.0178555467855281 0.132460379941956 0.0659003892690738 0.0174640910182612
0.0430531551963252 0.113913630308718 0.109435135531444 -0.0577172052508116
0.0789946995950361 0.08052419902631 0.0663993462938327 -0.119026474695917
0.0935607144191144 0.0397118873604567 0.00450190605713456 -0.113978391599695
0.0936367843899331 0.00519320354626899 -0.0184785349550346 -0.0716611640012523
0.0840909732579417 -0.0204690699293149 -0.0258898904010567 -0.0367084400211575
0.0753658900783828 -0.0178899214241985 -0.0307832981172019 -0.00721780501013836
0.08083901216552 -0.0211798276698837 -0.0343426545818486 0.0343972730861665
0.102910733471667 0.0058215172917034 -0.0571175465637651 0.0706695017025184
0.0934595269809463 0.0492946883196964 -0.0962561111218206 0.0810410193013993
0.0808600033421919 0.0867000833080431 -0.139467111827885 0.0461286342659917
0.043012473522509 0.112563979641262 -0.14357365549256 0.000123148524289175
-0.0225832081455757 0.137136194774709 -0.0672937326828668 -0.0196566513193765
-0.0692153487728314 0.15123040281609 0.000421480218515675 0.0552158235292751
-0.0694699334825371 0.134878217926642 -0.0278151652761719 -0.0569703328398842
-0.0376150514117281 0.149030242343725 0.0754768276410285 -0.00582491165683103
0.0360174247540554 0.142517264787472 0.117822621778493 -0.0528425772045971
0.0914262594788125 0.104801083519532 0.0826557436139051 -0.100866864090481
0.107910101047056 0.0501448026613779 0.0409640825123157 -0.0974134081287964
0.103641378280524 0.00952011317984009 0.022169918865538 -0.0690922448916332
0.0886688914512721 -0.0189201664593396 0.0123859977447594 -0.0427182197808454
0.0758262079796299 -0.0178294996674773 0.00402027347296337 -0.0162588422305637
0.0800264417720194 -0.020016946577016 0.00202453755659455 0.0268466221806075
0.102990152510533 0.00654547952506927 -0.0180076070001795 0.0716069238330162
0.0980155917503311 0.0511422265371241 -0.0596414748751116 0.0966579825447179
0.0870587281331143 0.0954931733182645 -0.119400431237195 0.0680547421734716
0.0393866989744517 0.126109723710813 -0.137485386350505 0.0109387943894474
-0.0385638487413852 0.144310929513454 -0.0588479376630837 -0.0342745715687139
-0.0835465634761893 0.151748717080313 0.033612515549235 0.0146905704423725
-0.0747431293367731 0.116879074464257 0.00650265911059608 -0.103245440344279
-0.0564789619800938 0.136803184807317 0.080366093037521 -0.0329181002122074
0.0146756295404168 0.143637999915604 0.116659996231967 -0.0421091872890729
0.0794582706846904 0.113378024771836 0.0948736140348931 -0.0706331324379328
0.0998081921414276 0.0547306420254341 0.0779014452197394 -0.0712898902159697
0.0946373197179154 0.0134317899585983 0.0648612143728687 -0.0635478462359106
0.0799976845108007 -0.0143600659197255 0.0500668150123352 -0.0471206630480195
0.0651269503293262 -0.0152907335065776 0.0373458950954156 -0.0235469858571215
0.0680168688734969 -0.0157989899004273 0.0359927763336128 0.0206197765026181
0.0878289593222531 0.00785686320192175 0.0185280557962425 0.0710849477118615
0.0853862454439353 0.0483911193159147 -0.0232652917932153 0.105295318169344
0.0764090667971921 0.0922799192672996 -0.0930702553711396 0.0815956925840709
0.0255347643342613 0.120641222868118 -0.120012294977241 0.0191787264024467
-0.0514106684867877 0.129644136373219 -0.0441107540854019 -0.0414470546263926
-0.0873931883436072 0.130408945728213 0.06418367682365 -0.0180515297643449
-0.0667350712558655 0.0778280751334786 0.0412386618785898 -0.140256668079072
-0.0666691660683173 0.0996740837965384 0.082081261045777 -0.055798145096729
-0.00842862473158297 0.118166838922507 0.109277293512081 -0.0284595948570519
0.0540525072828969 0.0987846460738797 0.100475558923097 -0.0370215605784291
0.0731819216833321 0.0468357535704494 0.107663913028324 -0.0434439847804149
0.0686509167899862 0.0141302966991549 0.0994012057659323 -0.0564782417062552
0.0577299431809035 -0.00763020112487599 0.0804590258416964 -0.04914194427171
0.044286395169919 -0.0110351083348933 0.0637387672078217 -0.0272465367788683
0.0468358504971073 -0.0101093121304479 0.0635650142114134 0.018141983108458
0.0616084526543281 0.00740492652858382 0.0468412237084267 0.0715673355349239
0.0628531108255719 0.0390227941131063 0.00503595752541492 0.109749122216784
0.0564149605495195 0.0775449491132089 -0.0682248209854525 0.0884148288436909
0.00898474954989637 0.0998038433733407 -0.0961743013055776 0.024227288113964
-0.0576290953620217 0.0975803996181473 -0.0274624145646908 -0.0406851076859434
-0.0775907023752018 0.0904870405808511 0.0872885457165429 -0.0393040974032422
-0.0473394712169522 0.0254222387238606 0.0679408433319101 -0.159908187395917
-0.0609665949904374 0.0481599806784269 0.0805219526924724 -0.0658665592846816
-0.0213785894552117 0.0723745126553636 0.102834334254708 -0.0122999172264264
0.0276256190455208 0.0629755666215318 0.106510542376633 -0.00968141266157905
0.0371466644834051 0.0264142854853679 0.12778516347247 -0.0242354395875773
0.0315517061340574 0.0101941746743587 0.119883387062204 -0.0530524415750503
0.025227336158677 -0.000281300313704828 0.0979176338456667 -0.0504872746694123
0.0168201590565871 -0.00438320283909301 0.0795482445048002 -0.0275558002502903
0.0192141164023194 -0.00386566129320803 0.0802942497804396 0.0182937089729701
0.0295375988825668 0.00348223418591954 0.0646986488790677 0.0731543347009561
0.0375219810649186 0.0230533761970147 0.0234887043985434 0.112458890835464
0.0361540051597833 0.0517378420574731 -0.0495327725009321 0.094143355591075
-0.00483630367543935 0.0670036933655473 -0.0757172820521896 0.0316927221469991
-0.0518187059933798 0.0556021428399845 -0.0164439968411252 -0.0332537552391465
-0.0553540927226087 0.0402200863195984 0.0989365441205592 -0.0480564165295604
0.0227628371379922 0.0119883613246649 -0.0957628280978615 0.069786596897325
0.0306495471902449 -0.0104768767798593 0.0219717856881075 0.054628218930697
0.0106783491651197 -0.0356725652117545 0.0820904806169184 -0.0319993830961455
-0.0180359627487572 -0.0203182976471107 0.0581392776517165 -0.107496444231506
-0.00847618387818338 -0.00538957933486696 -0.0284222561871739 -0.1288654008851
0.00334947533195448 -0.00456558916333277 -0.077637120164116 -0.0826248733182829
0.0110762345099547 -0.00727827259391165 -0.0898364516501108 -0.0232184054983337
0.0151521787951272 -0.00535997840710693 -0.0958451041667504 0.0194309538151808
0.0150524177699138 -0.0089727059740771 -0.106686654218329 0.0513888645303664
0.0135988230128341 -0.00566423811491939 -0.126100986774652 0.0549671476880808
0.00322599200109457 -0.00447770686721966 -0.138431387064368 0.02895041080144
0.00730281373710339 -0.0226069799610413 -0.134964673970422 -0.00195453830798948
0.0360203949331966 -0.023000466522978 -0.116482394077249 -0.00307225755628638
0.046785308627419 0.0120601155253479 -0.0905881381379963 0.0311192741501815
0.0263039450169249 0.0276265165413019 -0.0837390472727553 0.147597353883322
-0.00567633778826528 0.0604686418435831 -0.0955336517369589 0.0545053650312553
0.0153565944159509 0.0413674221530653 0.0322503861112114 0.0450919047871696
0.0225842352153552 0.0131738985876806 0.0835899356427438 -0.0464603896111029
0.011882861883908 0.0122832838763687 0.0501397877742879 -0.116487989403625
0.0253764674458679 0.0121246942658337 -0.0304667458005423 -0.126366780192781
0.036595569192911 -7.18677127107361E-05 -0.0698129137843784 -0.0788013245340702
0.041183609256945 -0.0129874755451129 -0.0801643210445708 -0.0265503380253386
0.0426345071176917 -0.0111249894900559 -0.0847528677899591 0.0125293013246027
0.0465870968482082 -0.0149119490105068 -0.0938966623732867 0.0483107854033118
0.0536923149373098 0.00197370842352539 -0.116210603131602 0.05940392512068
0.0388329653906971 0.0228732409136954 -0.139872547588179 0.0389438498559704
0.0306012618879922 0.0258926710484246 -0.144379224020047 -0.000448713761871516
0.0344203889081018 0.0311856005584861 -0.124994804226776 -0.0128070689332
0.0185257245924999 0.0646161469404388 -0.079802435729968 0.0154541169511114
-0.0118868601170344 0.0829352823100472 -0.0638097022576012 0.127823685162122
-0.0320995319113865 0.101607539421171 -0.0820977228276985 0.027062440998029
-0.000835849127559469 0.0928646612063764 0.0503176400546579 0.0345107607404078
0.0351383990919476 0.0657540505435891 0.096597686131958 -0.0563101899696029
0.0476990097066494 0.0473016358387133 0.0544193217283535 -0.123274029028473
0.0616274819094431 0.0268782001318428 -0.0199811685785029 -0.123196277587555
0.0685688125868902 0.00253742187379465 -0.0501808128479326 -0.0757616716332779
0.066780494067096 -0.0177007124146157 -0.057946619787806 -0.0315193514019935
0.0638588560827305 -0.014936391887402 -0.0614865913130809 0.00319967286458682
0.0694950996832391 -0.0187318830891622 -0.0685465196509047 0.0430866314338776
0.0852496588800527 0.00537778761613976 -0.0916630242040081 0.0667827121925179
0.0716185825081395 0.0408987216171061 -0.126383501851032 0.0601424107071233
0.0580055892322162 0.063714648014946 -0.149010302418218 0.0194004154851736
0.0378339560484588 0.0787477996340086 -0.137730140976551 -0.0103800851159422
-0.00494029458837217 0.108644696630699 -0.0736919410390828 -0.00348579963819117
-0.0451241630201662 0.126098427465915 -0.0340133227289951 0.0950928922218049
-0.0541768410407781 0.128516093426086 -0.0584285130857145 -0.0108484600767236
-0.0175156453156537 0.132208924090598 0.0670853857517172 0.0179105796200486
0.0431773760930943 0.11285934487374 0.11167545371339 -0.0579461566971367
0.0789735998415227 0.0793055060477752 0.0681424976576086 -0.119708550471959
0.0927066807676948 0.039247892937596 0.00519548079563695 -0.115222687428325
0.0924894355029994 0.005400458500655 -0.0180001138664288 -0.0735951126654114
0.0837502076563641 -0.0200204211148982 -0.02517224072182 -0.0376157963257511
0.0751619428950776 -0.0174960653069851 -0.0305295404506437 -0.00668485336310793
0.0804378765883083 -0.0211472503100015 -0.0351239333847672 0.0359056775138737
0.102268404947973 0.00583001355832909 -0.057469300924646 0.0722192865302062
0.0934363037705379 0.0489757409213529 -0.0976859752521467 0.0828359497046194
0.0803819663175827 0.0865668504469899 -0.141392950664866 0.0460536415006373
0.0427547250059986 0.111012797097616 -0.145249280597925 0.000183021919322214
-0.0230471829609118 0.137209772416526 -0.0682876281154167 -0.0212370736579058
-0.0686610807727567 0.150029562138612 -0.000785791083036638 0.0543047264508411
-0.0701101415672538 0.134225638447884 -0.0275318788046755 -0.0570061941352392
-0.037615138812112 0.149042817728781 0.0769203805495688 -0.0048044958269454
0.035656251116098 0.141188346878444 0.120180051502907 -0.0526227189989942
0.0907900979117013 0.103778950778048 0.0845854374394562 -0.101080626344907
0.107158795352959 0.0488516708788736 0.0414131357255685 -0.0988752642164699
0.102706481544413 0.00909895982981901 0.0230117291880602 -0.0709404341919553
0.0888354485381977 -0.0185866226840389 0.012406292006066 -0.0435310013046034
0.0754798927136923 -0.0173630605459965 0.00403583812597718 -0.0160199773724521
0.0795415619968762 -0.0197940258215566 0.00095149749592013 0.0280344678963497
0.102362534190591 0.00685099032902152 -0.0183936244477177 0.0732920585809979
0.0975894062685307 0.0507916047373744 -0.0610717434124697 0.098932153405263
0.0870270193563621 0.095384542273681 -0.120928714214442 0.0685977027707853
0.0383580606570286 0.124601695486458 -0.139036667449631 0.0115730517451431
-0.0393091856872973 0.144123403982888 -0.0597308355754986 -0.0352545750382478
-0.0830239572088094 0.149680576988219 0.032643100234974 0.0142819311644934
-0.0752184985833687 0.116320304794498 0.00719719432233455 -0.103205252603883
-0.0572731168171541 0.13676974773235 0.0821065623198726 -0.0313747364370824
0.0142385305598241 0.143132597287844 0.11911021685606 -0.0416925438669625
0.0788088979309019 0.112488296090296 0.0963408910297817 -0.0703715557029003
0.0993056453360718 0.053929159127908 0.0786357728684931 -0.0722167293168653
0.094106914292795 0.0134365369377969 0.065102048104284 -0.0651039525486029
0.0796445999724909 -0.0141137358944569 0.0501954735054656 -0.047607214873793
0.0646033282311588 -0.014380225577046 0.0368166987555165 -0.0231372386333453
0.067197114361367 -0.0155318323980484 0.0354695487004344 0.0221968956134446
0.0870058705364923 0.00795809496831744 0.0180734924392635 0.072946585228266
0.0851240425147016 0.04795117309508 -0.0247133754824078 0.107724003693104
0.0765178825940264 0.0916200107446085 -0.0949050974702912 0.0824763392405782
0.0249609283982123 0.119318313207696 -0.121463193903207 0.0197214396400714
-0.05222432066204 0.129041888018864 -0.0449516337556341 -0.0421273556641713
-0.0870539523667398 0.128199832695636 0.0631855972087992 -0.0186362279245302
-0.0674416648406997 0.0773804098556141 0.0417699780699987 -0.140212236124053
-0.0674942371300818 0.0990162185170355 0.0834605620943975 -0.0540591081294643
-0.00959021869509587 0.11717721076103 0.111225948457987 -0.0278420118372346
0.0540911489758386 0.0980203598652919 0.101648572191881 -0.0362716142713241
0.0721999617202935 0.0468021152651092 0.108221443274059 -0.043885505365808
0.06864289282801 0.0142145477177111 0.0999500154666322 -0.0586271240793993
0.0571925671401943 -0.00773909095278383 0.0804050040411337 -0.0504177198185978
0.0436201420443951 -0.0104141137653108 0.0630801086352651 -0.0274388063186555
0.0460911170469701 -0.00973318013490606 0.0624476802193056 0.0195063788567166
0.0609380588921111 0.00769743569554556 0.0470020800961742 0.0728569892222801
0.0626706925322945 0.0385940037494419 0.00360981501188202 0.111800968095214
0.0570832225314487 0.0763062777700067 -0.0702150308344643 0.0903887239709675
0.00795473251157718 0.0991349325742037 -0.0975114374922775 0.0253041123715249
-0.0580669522308979 0.0977017897817125 -0.0274253644142502 -0.0410447744813338
-0.0769761169632068 0.0886890383557927 0.0863747149056015 -0.0394995408879632
-0.0475578699460986 0.0249473193633859 0.0682078358480576 -0.159599715972204
-0.0619724397403648 0.0479615156617487 0.0823163315114594 -0.0642400499459953
-0.0222839167099309 0.0721766729519188 0.104432436995148 -0.0112399656092208
0.0279831452787527 0.0631689620209497 0.107851543364561 -0.00820582302399745
0.0366209168757149 0.0262733720046914 0.12882767135549 -0.0244551628418053
0.0312023455194418 0.0101935059443411 0.120160370147482 -0.0546670219386764
0.0251188654368401 -0.000298750118056238 0.0976479120326875 -0.0514103155834726
0.0160613442735429 -0.00398577723206668 0.0784663763135745 -0.0275968812636123
0.0188314393569094 -0.00373609520505314 0.0788799400694161 0.019584395177638
0.0291929599629995 0.00390758198542802 0.0642298683179019 0.0741249517290016
0.03753524906712 0.0227200073500238 0.0218914071334063 0.114375873938619
0.0365285742995229 0.0519161763811887 -0.0512419355100913 0.0951161255149382
-0.00581320326002825 0.0673260297896024 -0.0771133772387775 0.0323826540763668
-0.0526435294784834 0.0555293608629012 -0.0170623626917488 -0.0331094863407748
-0.0548796325811447 0.0387137357021641 0.0984727728753072 -0.0479610099652072
0.0281128694165302 0.00216630583643861 -0.058790219933252 0.105194189520304
0.0251085955473776 -0.0234827323640741 0.0452466337391605 0.0401037362574627
-0.00570884761744863 -0.0385120054583746 0.0617800026643504 -0.0684267615923751
-0.0271840496643933 -0.010940446228087 0.00644830711843476 -0.128407365435668
-0.0111220186977815 0.000545143845828836 -0.0841233689172605 -0.107900950026795
0.00104329092420489 -0.00435332713002154 -0.109036524325821 -0.0435684395427021
0.00687666998057159 -0.0121492242538158 -0.0933931385315249 0.0164640520948516
0.0129972959581999 -0.012026626119773 -0.0795812366890348 0.0608960196810658
0.0100648115939068 -0.0154011834967835 -0.0746451875017841 0.0964885897544971
0.0105117071933729 -0.0109032846182889 -0.0917039926214273 0.108461871944084
0.000929459649788791 -0.00493307707292884 -0.116398052805495 0.0887282683315908
-0.00534073290031379 -0.023719862367203 -0.126300308968947 0.0565236087492807
0.0236438936559162 -0.0386370020772272 -0.109149762788864 0.0476223922753965
0.0494987855255608 -0.00875896632821904 -0.0738661078544483 0.0678820911996195
0.0381872999316583 0.0156444241346141 -0.017391862893166 0.175524721025675
0.0214204176345968 0.0589107304075774 -0.064196907682244 0.0928892074485608
0.0320990727144495 0.0307949171050244 0.0521967501002729 0.0271181022005038
0.0246723819203745 0.0016713868695219 0.0590871910398542 -0.0819245952319997
0.0139316730238044 0.00662422220851855 -0.00364285388570555 -0.132851491183686
0.026576857905361 0.00196701336813186 -0.0839296645071037 -0.105538802432952
0.0337594722655892 -0.014796032528473 -0.0994293260905058 -0.0445948347907319
0.0325334373442041 -0.0299509407303179 -0.0850648020334587 0.00873498733961127
0.0369848683961245 -0.0287105928983832 -0.0720092637814443 0.049701903534397
0.0372971606970763 -0.0332625084244632 -0.063782547516589 0.0883805867071097
0.0515832693488413 -0.0209530001048236 -0.0803416001928278 0.109791301731114
0.0464685170781761 0.00612794643448964 -0.113796571362276 0.100921474542314
0.0369860764529796 0.0108502609494869 -0.136069773522234 0.0660732629811794
0.0443044889905939 0.0134304240380615 -0.12307846752051 0.0438665013055495
0.0456557704774133 0.0533647718215008 -0.0731222976973985 0.0476053643195262
0.0271464407975602 0.0860999099531585 -0.00999292636240398 0.146069707308734
0.0122879107772941 0.108678911706786 -0.0621238406129986 0.0636192822418512
0.0377426147399908 0.0840578590398743 0.0653968214775807 0.00967766810093357
0.0575789490350691 0.0449210308287808 0.069842177633075 -0.0966732793736431
0.0603662871768979 0.0234335454965587 0.000539855145820627 -0.140619542575316
0.066208547308079 0.000168294986186942 -0.0719191273390596 -0.108513052264139
0.0640157496941256 -0.025817991606961 -0.0788616552644547 -0.051508345035938
0.053915723871276 -0.0442737320355239 -0.0652779528828582 -0.00651572540790031
0.0550550230629902 -0.0408731902853734 -0.0547859111405688 0.0307451537442271
0.0568134917420039 -0.0468061265158555 -0.0426632876754597 0.0726071827850258
0.0823218513122916 -0.0310449883030247 -0.0538037296227574 0.106609896105014
0.0855686867758216 0.00898883898180512 -0.0917792691656996 0.117301143980672
0.0790126319175225 0.0341830992959884 -0.133637150192165 0.0900831507659357
0.0674397502713392 0.0567319185529696 -0.135734582374993 0.0526392145029165
0.0424560828383543 0.104787432456162 -0.0775150749180999 0.0263669114951867
0.0160441007510983 0.141263025852583 0.00122186720494404 0.09923237052308
0.00088513198721447 0.142666418917318 -0.0556815942655131 0.0191677729129705
0.0373353914818007 0.128138329442277 0.0752596749775356 -0.0112834441341934
0.0834415285341948 0.0852015547296403 0.0857867481576457 -0.104850209005937
0.101748441893066 0.0394833566161069 0.0168877325006301 -0.143908030808749
0.099335857171227 -0.00204738852491776 -0.043929911798691 -0.113573238092824
0.0873470873510402 -0.0334467413868013 -0.0475827789649824 -0.0644112189654534
0.0687618084010412 -0.0537593380998169 -0.0375224874580366 -0.0267754478697204
0.0647010003621512 -0.0476799637080905 -0.0304641982074823 0.00803496599896453
0.0665523889713095 -0.0536138762076819 -0.0151240611332176 0.0514135311718506
0.0987017360370371 -0.0382571057749801 -0.0185266139005387 0.0966022393988908
0.109752942746794 0.00718840813732475 -0.0553844107986564 0.126633237752642
0.109699508583518 0.0455436623437219 -0.115018350502637 0.114376484673822
0.0851719182417569 0.0858868529130771 -0.139206610451997 0.0667761417625016
0.0372778334540246 0.138910757915249 -0.081452369770821 0.00741757698290271
0.00417576981983544 0.174141045055704 0.0136035096000266 0.0454938241990931
-0.0123425184805201 0.154446728043829 -0.04601720481756 -0.0365030324223074
0.0252005187555659 0.151611922261508 0.0752572478555943 -0.0366197323129998
0.0885033672218023 0.114658082464449 0.0978019454909334 -0.102166784210547
0.122788424182374 0.0562135828806649 0.042099388310026 -0.132805596033409
0.116687347545507 0.00114399726534187 -0.0019687690167308 -0.113970128257638
0.0978203585613079 -0.0341012954925059 -0.00833694176293672 -0.0800300646382123
0.0738554062087818 -0.0543138830681526 -0.0046732282855872 -0.0491572328994141
0.0643559709943863 -0.0470945307527188 -0.00267969325190294 -0.0163436067236633
0.0663201908557083 -0.0512148772217039 0.0147624478137145 0.0285330966343989
0.0992766436649715 -0.0370170446825949 0.0178949403315742 0.0800535861370403
0.114635174225149 0.0068395288594959 -0.0144417337973833 0.125064150320521
0.120299344901859 0.0507543306279336 -0.0868733029749604 0.127176233626157
0.087360808376841 0.100890177298633 -0.129421304061235 0.0753975987056723
0.0252950812196382 0.151987976673794 -0.0793076741673042 -0.00990040985259452
-0.00913749657109196 0.180584837007625 0.0281780953735371 -0.00746636343815083
-0.0255288195361574 0.140041201876548 -0.0339456898080413 -0.094974790633746
0.00106000299214042 0.148999425032718 0.0684358274492034 -0.0627127545568851
0.0687100807976121 0.125302519052661 0.101312997921164 -0.0899654150777841
0.115882031689313 0.0687240457948676 0.0674454084360442 -0.108430863096872
0.111368835855268 0.00832300031266164 0.0441985493290109 -0.106228689904662
0.0915922494799821 -0.027283174002504 0.0330392433513284 -0.0930656975734689
0.0672224629323292 -0.046592463798006 0.0277387522441652 -0.0696579087459776
0.0551772068470481 -0.0402604391687045 0.0241696013128986 -0.0372805983227769
0.0564032143148202 -0.0422198833761086 0.0435924468084872 0.00726488764281093
0.0855231806928445 -0.0293765507821058 0.0513686910053453 0.0629481597909904
0.101819969763286 0.00907271075136351 0.023157582448437 0.117314340559858
0.108941355538133 0.0519484772331674 -0.056513045805456 0.128733287482016
0.0726911423952121 0.101997065207456 -0.108916597763324 0.0747981483641985
0.00633688537935169 0.144047317859787 -0.0677143790771977 -0.0228715374174648
-0.0230668957548827 0.160547851523391 0.0441920390083777 -0.0507452894326775
-0.0346724522430462 0.100291526980762 -0.0185646331063137 -0.145138950963158
-0.0240613167059024 0.118665288640709 0.0587469325152418 -0.084266470048796
0.0365602506731773 0.111334208175653 0.0981897778970246 -0.0721051357659047
0.0878316740172342 0.0656635954889668 0.0859443963416 -0.0780907540073802
0.0836454345655334 0.0118856826399475 0.083762531616237 -0.0923838146196587
0.068271626996857 -0.0160760900868773 0.0673200705535864 -0.100925584636573
0.0497306336126643 -0.0308694257954026 0.05452394733316 -0.0847938439289649
0.0368960133367861 -0.0269238529798977 0.0460976182104602 -0.0529388501329253
0.0389880891096944 -0.0278656827881269 0.0670316608718927 -0.00835157257078747
0.0607499582790269 -0.0187066662298558 0.0771602109529577 0.0494000390880174
0.0767382301584413 0.00973780493189622 0.0512112887535258 0.107306388016382
0.0848397809908422 0.0468141408273027 -0.0297780434902629 0.123243008416758
0.0482790722079246 0.090565351605969 -0.0837417836635541 0.068861761169146
-0.0127289054794937 0.117254120674274 -0.0496788370105915 -0.0290068682826197
-0.0323650579057113 0.119051656766507 0.0597289432866137 -0.0793040033948123
-0.0377568880198899 0.0428947812939407 -0.00344311963834729 -0.17712875267206
-0.0397811493046375 0.0694910872453525 0.0511419990776173 -0.0932989556562705
0.00709310844475906 0.0748415859552937 0.096537231659309 -0.0532026786318623
0.050161831096713 0.0436889921908308 0.101964486416214 -0.0544796536542251
0.0429145496954349 0.00762377419002875 0.110381561656816 -0.0824789955830485
0.0321770955294741 -0.00455265100833343 0.0872688729404065 -0.105807277272378
0.0233038874085209 -0.0112558716334302 0.068320247206948 -0.0928448729371414
0.0128472226480596 -0.00919451336238467 0.0599347186263206 -0.0605987757491557
0.0162106711933521 -0.0107487895750001 0.0821351429053348 -0.0156032722514937
0.0294433876869588 -0.00860713041842994 0.0930443100600535 0.0420291027073054
0.0458502653169705 0.00522562603648758 0.0698744227043759 0.100053717544795
0.0559652178342507 0.0333423072783976 -0.00885631216138165 0.117032262568802
0.0221243413805368 0.0673904457318499 -0.0604493278803936 0.0650937070102703
-0.0259225496917227 0.0751524094039024 -0.0336435097657949 -0.0258303749933606
-0.0342972226196788 0.0609869491082656 0.0700855162428411 -0.0898693470126333
0.0296863894496909 0.00133110407418336 -0.0583396685584464 0.111237878304625
0.026778422088496 -0.0259566648363673 0.0486866071398616 0.0397651667929665
-0.0070271439476659 -0.0405235407523724 0.0630546614480128 -0.0749076058903362
-0.0291252391766643 -0.0109260982324469 0.00353793162717496 -0.136622558791462
-0.0119957151233175 0.000364909118312591 -0.090844051658921 -0.111800398728558
0.00117802674695412 -0.00488831011129726 -0.115018638796696 -0.0440236986665239
0.00651769242581446 -0.0127686235099315 -0.0963983487338614 0.0188398856399228
0.0132399867853123 -0.0137452997803699 -0.0801934997414827 0.0657576841667984
0.00989297670991661 -0.0168550474878553 -0.0739172583812195 0.103838946316237
0.0107165095895565 -0.0115644007114465 -0.092572412067328 0.116610295307362
0.00108218014319873 -0.00453736573736587 -0.120036615123949 0.0970531223502025
-0.00690276609650299 -0.0246658848445858 -0.131177525116667 0.0627604419974373
0.0231037294257723 -0.041606697011724 -0.113945012374577 0.0516385785664581
0.0529348349891076 -0.0103284249655666 -0.0769204545473652 0.0712162275043015
0.0406691964373925 0.0154204244167078 -0.0141490383829963 0.183426239122834
0.0241201951073587 0.0608087955354299 -0.0638494255712136 0.0983775091620871
0.0353837509225321 0.0305188773845139 0.0554262630982232 0.0259901084132521
0.0260672383294319 0.000239098420432924 0.0603072794575516 -0.0890602196629924
0.0134238267313041 0.00632227669591051 -0.00679558111590081 -0.140574174087021
0.0274773309920637 0.000987812783234795 -0.0901319581236467 -0.10907234098905
0.034479458582418 -0.0160805967797446 -0.105141705927503 -0.0450124474816511
0.0326711539699903 -0.0322451287622372 -0.0879838333087385 0.010567551304944
0.0376531128812318 -0.0311384918268075 -0.0725378059292584 0.0536289035840741
0.0375715197555221 -0.0359566127675706 -0.0630253371395423 0.0952174623917054
0.0530716142158534 -0.0233960755917711 -0.0801996142283307 0.117666844077993
0.0485225040606187 0.00527098847983115 -0.116369340528352 0.109874668558948
0.0382193781815939 0.0102390669583929 -0.14147879285285 0.0734226071677017
0.0458761976566969 0.0118389971020493 -0.128916730082424 0.0482383061441917
0.0498218356922975 0.054268846021171 -0.0769692838398996 0.0497561155145079
0.0310243012952341 0.0881217454607375 -0.00761423687732825 0.152331527414405
0.0156133004069968 0.112477666241175 -0.0629389139456639 0.0680777174572849
0.0422270229799032 0.0865678271781749 0.0694938645801345 0.00769638460600537
0.0616694031751051 0.0441860650363385 0.0718418864109213 -0.104731200748491
0.0626957014344017 0.0220112673993377 -0.00273472199013719 -0.148953628576033
0.0679128740076342 -0.00205746844962712 -0.0778153373616798 -0.112471847784323
0.0656293974485576 -0.0282732809479721 -0.0841714109598533 -0.0533778216642465
0.0547674981665843 -0.0481036361704562 -0.0680188729004157 -0.00580789410072594
0.0563815442319784 -0.0442419179412728 -0.0552880727489457 0.0338474855680831
0.05803683474168 -0.0503749780879224 -0.0413120253463238 0.0780092921506445
0.085199716089264 -0.0347913616028533 -0.0517300841707241 0.11375175644927
0.0889747928424056 0.00694526784374092 -0.092777119257069 0.127385547350317
0.0825086843135617 0.0333188344879926 -0.137868313485906 0.0990074288831636
0.0705839595852483 0.0562644473107988 -0.142022573447583 0.0583049600196965
0.0475932221757679 0.107818486280921 -0.0820427205388875 0.0282913227547961
0.0205027399494188 0.145873035623839 0.00269542125588052 0.103326317196027
0.00520589080196982 0.1483231972488 -0.057048158462159 0.0216319089557672
0.0427533449419218 0.131912189106479 0.0798642121953152 -0.0139501666107823
0.0895532001170728 0.0853077527417047 0.0884185269357433 -0.113941506929229
0.10613405765819 0.0374449246343126 0.0150594553507278 -0.15177748998187
0.102426083055053 -0.00497127814399533 -0.0493587743022385 -0.118442798249403
0.0891008880095657 -0.0373324848586726 -0.0515962957108242 -0.0674385868735925
0.0694070093842411 -0.0573291746200782 -0.0398449488775191 -0.0274905810756559
0.0661493128675348 -0.0512709931916973 -0.0306165743535463 0.00894202649567593
0.0675316389367654 -0.0571169886869041 -0.0130931018664111 0.0558251637193056
0.101662894039596 -0.0426313974925711 -0.0158764701261771 0.102333606511341
0.114067518017744 0.00441900075783813 -0.0539023503547129 0.136766850531695
0.114567572157434 0.0438551856441711 -0.118451923529964 0.123927794834228
0.0898762388410826 0.0859912616705432 -0.144591500776308 0.0738240391664927
0.0422858856816099 0.143719301017475 -0.0864928797375238 0.00869600233300784
0.00874162543211238 0.180926268715027 0.014379204261228 0.0465306206561244
-0.00846556524790416 0.160881822924708 -0.0490324705873236 -0.036612676404158
0.030094640151942 0.156849852629721 0.0789771600770089 -0.0401581353171317
0.0946627736155777 0.115292940047418 0.100702082368329 -0.11112289762305
0.129050379780688 0.0541800131536802 0.0416658102162888 -0.141462061008166
0.120914995492024 -0.00210983483164896 -0.0057776561349633 -0.120256091679372
0.100199278922906 -0.0384668639076187 -0.0114430615339393 -0.0851155988480558
0.0749301203581956 -0.0586225176945676 -0.00649985576109427 -0.0516225214941137
0.0661750523189511 -0.0505074051969615 -0.0031988324204416 -0.0166175571728465
0.066980954770955 -0.0546321275559231 0.0173025644520385 0.0307170380860889
0.101687965403757 -0.0416197704781937 0.0218360493246474 0.084492535223038
0.118953662940078 0.00336099503485178 -0.0108060869681304 0.134410508287614
0.12559942130061 0.0489686941364259 -0.0882072234532387 0.137282007561361
0.09250354637089 0.101590449013163 -0.133623928545693 0.0834125791516134
0.030245190727188 0.157848644557179 -0.0847712396786486 -0.00846078253617743
-0.00580754015600818 0.186744799767563 0.0278387649250103 -0.00861874875401507
-0.022524040557568 0.146066274545701 -0.0377550405953361 -0.0976640797894967
0.0045897375983154 0.154126740972769 0.0709977687269586 -0.0671056401653283
0.0744349349960005 0.127651392456201 0.104938808795704 -0.0972253344626707
0.122259443592321 0.0672730816562928 0.0683117053957892 -0.115781685456281
0.115547992026843 0.0052291512114908 0.0426969437580198 -0.113458954056469
0.0941667429108157 -0.0309567921298436 0.0307932910713034 -0.0993606848868769
0.0684802893655808 -0.050024883280134 0.0270258595244903 -0.0736793370033203
0.0563507890284541 -0.0426804491259067 0.0239284221874388 -0.0393333028941891
0.0570247305049403 -0.0453062241751351 0.045906802452654 0.0079493372869275
0.0879753537325367 -0.0331011264791083 0.0556620243831446 0.0653253757034993
0.105373653081049 0.00629254291201885 0.0282815445851122 0.124173471022017
0.114921868947242 0.0505368011026426 -0.056266832693437 0.137847869758389
0.0775297218903245 0.104009713146365 -0.112118349154104 0.082940851110044
0.0101423037653862 0.149890360775238 -0.0725073955486433 -0.0219244644082993
-0.0203015824422992 0.166616475463089 0.04341609004619 -0.0539432233567064
-0.0332871414105077 0.104615788016409 -0.0230454196905684 -0.150819065282404
-0.0223467874833509 0.124264523878683 0.0603738464455663 -0.0890655850401044
0.0404849907450336 0.113970956145713 0.102072942679918 -0.0784593334047936
0.0929373235569688 0.0651664002649285 0.0893348648772925 -0.0841734667608638
0.0874800698992053 0.0100318212613515 0.0847348775568611 -0.0996996509681384
0.0702878112901746 -0.0181917351247008 0.0668515552511963 -0.108767335479895
0.0504110464427114 -0.0338149309488491 0.0533633890206632 -0.0906570595290896
0.0377441898132204 -0.0281728777462841 0.0457510068573176 -0.0558269991483207
0.0393642519389353 -0.0296803253807187 0.0699405203385915 -0.00873538136001165
0.0625714952446968 -0.0209196697329474 0.0817795787762839 0.0507625237441849
0.0796077433595475 0.00755395587179421 0.0572482176110256 0.113034706888951
0.0898226129088416 0.0458885978593884 -0.0281714302389459 0.131114998309123
0.0521328601093854 0.0931354073597768 -0.0861614898713449 0.0756233148531287
-0.0106080125415883 0.122243008125869 -0.0531410650310517 -0.0287057965621216
-0.0309684262003621 0.12303207113945 0.0590982144629991 -0.0842527294727382
-0.037830949575446 0.0452154899376178 -0.00868390263312879 -0.184705201165498
-0.0404024666363728 0.0739082637428668 0.0522304349023467 -0.0982543426631744
0.00886464657228815 0.0776534563772523 0.10132601046232 -0.0577174687149268
0.0533939354129481 0.0435645552627954 0.106464807360805 -0.0593852065445006
0.0449669541347721 0.00651619941668717 0.113005027602799 -0.0905765486327816
0.0330667190231075 -0.00576257427085698 0.0873912124927271 -0.114080281089127
0.0230446581596747 -0.011906542903906 0.0682849168809575 -0.0995014528440325
0.013096901279579 -0.00938112875217166 0.0595434795416288 -0.0642732171598588
0.0159447588781613 -0.0108106246789725 0.0850912328943017 -0.0175314620098962
0.0305431230587877 -0.00932275920467842 0.0978746485131414 0.0421409816360021
0.0471023040376775 0.00391718102965712 0.0754574902405693 0.10465903334903
0.0592681727150142 0.0323664682092232 -0.00689197333634629 0.124559014103849
0.0247481045868685 0.0701871336698921 -0.0616703545194984 0.0714370695072417
-0.0252512453461096 0.0790279636794903 -0.0362302727931694 -0.0254684689457122
-0.0343867195352494 0.0630816279720213 0.0696022373060092 -0.0954940233803897
0.0307208980571944 -0.000573048498270758 -0.0526799037707535 0.11693513973733
0.0269422245132011 -0.0289980826108991 0.0526595554774849 0.0371705751446924
-0.00908639635006044 -0.0415283430130965 0.0616049186062576 -0.0821079926876039
-0.031058493353591 -0.00973945266235422 -0.00383027421965294 -0.143274876320755
-0.0125690681327428 0.00127126658135631 -0.0997910997194603 -0.110907386204217
0.00072190466214505 -0.00484843745297013 -0.121571224874448 -0.0399484074885878
0.00595379163056935 -0.0138574385527344 -0.0981043698889452 0.0229688803494228
0.0129049220712483 -0.0155789696269318 -0.0778543948442372 0.0716420046074183
0.00958152455486289 -0.0181099435581634 -0.0690393668532863 0.111220974696897
0.0105059725127263 -0.0132677676911659 -0.0881058868861009 0.126189884268571
0.00105239223965059 -0.00453553002224698 -0.118834423965394 0.107189913702979
-0.00880174163597388 -0.0249084597402381 -0.132402381871497 0.0721722886827616
0.0212208144046465 -0.0444867791045039 -0.115603909478599 0.0579220037879282
0.0553334572025381 -0.0137020322008333 -0.0777050787806646 0.075766119028053
0.0426733284303391 0.0134716794566106 -0.00475206869070735 0.190166171849176
0.0281324549745414 0.0606969461281147 -0.0594137380574347 0.104494223889177
0.0389005758204548 0.0285366239348204 0.0594239420955039 0.0229420833988584
0.026823366071996 -0.00229745126634334 0.0578430157719464 -0.0967179702262173
0.0132631526795177 0.00501773498449599 -0.014125399006272 -0.146510870464022
0.0273129511573101 -0.000566324216181156 -0.0991796756602592 -0.108178828140742
0.0340854697601436 -0.018419087130677 -0.111168903178663 -0.0422038583386388
0.0312783856395232 -0.0351431431619425 -0.089273065873436 0.0144638036447326
0.0368552319864393 -0.0348226567418116 -0.0705410402300708 0.0589327076739841
0.0365118580904072 -0.0393524684055184 -0.0576585103631543 0.102128316117455
0.05308296919017 -0.0272400983122162 -0.0749653605603185 0.126766704402442
0.0503798773816456 0.00293120372511244 -0.113933872494383 0.121119856213259
0.0391448616371554 0.00855303883931188 -0.142608781523541 0.0839029087887132
0.0466678965461932 0.00888293122934705 -0.131280875480365 0.055264458894067
0.0555515925543088 0.0526424043902119 -0.0785975673665433 0.0534027903428206
0.0366792113660336 0.0883677403585234 7.85743832030949E-05 0.157048461931556
0.0227937519888963 0.114402618978281 -0.0599139479489521 0.0735110811354447
0.0487705421538216 0.0856479986564779 0.0730298459060018 0.00324658457277847
0.0657264560900417 0.0404368207577117 0.0685274698669071 -0.113795456676496
0.0645713473004016 0.0182618316876857 -0.0106794264992541 -0.155001703046446
0.0686312709571646 -0.00633996417050482 -0.0866274056995619 -0.111965802302679
0.0654434810757354 -0.0328713578486318 -0.0893943085762244 -0.0518137076299486
0.0526842082980077 -0.052638455378283 -0.0700491135274057 -0.00301817790155554
0.0552310783802392 -0.0489972227298873 -0.0540289231179113 0.0372652289693257
0.0564044924375615 -0.0549279054771173 -0.0361554232870391 0.08346765833723
0.0851951348141701 -0.0409680039047648 -0.045921914789016 0.121178166540374
0.0919969899629764 0.0023696686740329 -0.0879740304940476 0.137769534479107
0.0859063483454121 0.0294442432879718 -0.137580643711463 0.110696348290511
0.0746298411129067 0.053168288134841 -0.143539172454389 0.0677265720679065
0.0552208158181756 0.107955605800033 -0.0849270365568504 0.0319439264818629
0.0284902900771788 0.147840680254496 0.00758525414252886 0.106465725044722
0.0139190829693213 0.151754818293246 -0.0571117516097246 0.0251523391234093
0.0518271600248764 0.132385509275462 0.0825352217359199 -0.0197655185180602
0.0961785618389101 0.0807056050460745 0.0858419601460479 -0.123731631873684
0.110112724693771 0.0317581129563448 0.00785503649196464 -0.15876207707264
0.103575635822397 -0.0116189319318504 -0.0577218731784701 -0.119781464882381
0.0893580545881194 -0.0432674411527958 -0.0575289809151071 -0.0682531879251551
0.0677530777710118 -0.0627793867842073 -0.0421643141984782 -0.0271873455491415
0.0651398203158454 -0.0562245658983211 -0.0309677612322807 0.0103666389150984
0.0657148390337609 -0.0621017696356306 -0.008609526435899 0.0586246329892093
0.10138253225459 -0.0495607163640621 -0.00942410317615887 0.107407398045682
0.116890324248867 -0.00197575262518553 -0.0470234675689148 0.14624128414876
0.119350177927886 0.0382569690414668 -0.115712908158926 0.136223372707142
0.0956247326290671 0.0826852480610291 -0.145150692927069 0.0842656807602022
0.0517928789518537 0.14497059060149 -0.0906513451917847 0.012581813837398
0.018274268592778 0.183289166747911 0.0159546269420419 0.0471003638195726
0.000626852300262727 0.165136936545237 -0.051670610278892 -0.0348292304304219
0.0396712595437089 0.159049590224932 0.0807707703933463 -0.0459099361609638
0.10290824756352 0.111897694166452 0.0994863608259383 -0.121968806152961
0.134165145394451 0.0478959791043543 0.0362059454158682 -0.14901359612412
0.122744502317491 -0.00940359965932814 -0.0132112837892589 -0.124351966858383
0.10049472795211 -0.0445966202768805 -0.0171214752990557 -0.0886340965754778
0.0727959538287795 -0.0644778086140425 -0.00994347596465925 -0.0539628022497995
0.0651919699034225 -0.0552579435857243 -0.00403910682638053 -0.0169619852421866
0.0650763451812906 -0.0595574257117845 0.0204059266285541 0.0316223950697154
0.101719799283081 -0.0487705123677667 0.0279642489003739 0.0870037811558758
0.121831060524377 -0.003038993245243 -0.00275581458192056 0.141267351753991
0.130883574566061 0.0420747691497138 -0.0839869571324992 0.148592330672646
0.0992457749740221 0.0986780887317294 -0.13343175925558 0.0941825212251069
0.0396550914062816 0.160351049488812 -0.0894123720881439 -0.00418989530991574
0.00334908267188529 0.190424929034009 0.0266314886127758 -0.0100853279353611
-0.0147653330794083 0.150303887270261 -0.0438032165210434 -0.0981691899607604
0.0130010584471728 0.158300465909116 0.0707772987951 -0.0725992705303457
0.0823728636950058 0.12551214875512 0.104483144423329 -0.107351879741951
0.128125590028329 0.061502128320787 0.0658574018235193 -0.123491884683479
0.117907238515343 -0.00105399640306181 0.0372723945226435 -0.119200534323546
0.0942264660069912 -0.0368130662523405 0.0257964487614723 -0.105354603211705
0.0669684274191198 -0.0554092056476152 0.0231237630325088 -0.0782810524385836
0.0553040766300554 -0.0460429858188412 0.0219853157378448 -0.0411108260324356
0.0552694411464586 -0.0488393069249364 0.0488207430390262 0.00695271664347681
0.087928456992434 -0.0387449254282988 0.061658710150807 0.0656097784149432
0.108178252124788 0.000479775980982054 0.0368344054920879 0.128942385124277
0.120183998945528 0.0442706425167098 -0.050550317204484 0.14728825322782
0.0842013754526752 0.10252510663247 -0.110785062918018 0.0930432025154334
0.0181980261046107 0.15356616798157 -0.0769557849164804 -0.0184111191976326
-0.012367199619327 0.169945961686009 0.0402260013174623 -0.057827449230068
-0.0282020241247362 0.109042065338554 -0.0314851621435371 -0.15312435545559
-0.0165956912226564 0.128898834342663 0.0585246628382315 -0.0948915583499602
0.0466629228610291 0.114129918699206 0.102205602919816 -0.086533008747216
0.0984909288322802 0.0608775157415063 0.0884122474042203 -0.0923235721290848
0.0899642126946751 0.00527579516786323 0.0813439962763292 -0.108047158341889
0.0707141450943468 -0.0231693180676617 0.0622916167681653 -0.116358503771074
0.0492289973333538 -0.0372709288657756 0.0491220255790964 -0.0970521962914309
0.0371871823843958 -0.0299729425326985 0.0434432222885528 -0.0595127861325217
0.0381067133280858 -0.0321529927787062 0.0715086299766443 -0.011521995536979
0.0626558157701549 -0.0250624329116108 0.087231485498775 0.0490913315433572
0.0813479691628739 0.00312097412507579 0.0658101354756581 0.115774357370545
0.0946539296843935 0.0413109738974805 -0.0222748109096606 0.138497519538202
0.0584022632946195 0.093263924526188 -0.0843819703429641 0.0846298625798535
-0.00492621493868588 0.126908879939633 -0.0573832941769055 -0.0259388343503691
-0.0257143499240434 0.126584949908556 0.0546677867445813 -0.0896428115924177
-0.0365081874015111 0.0480466927821643 -0.0186190206095999 -0.188770315348743
-0.0379848299076782 0.0783604521710447 0.0497340163117677 -0.103185782715621
0.0123751896661173 0.0793799211450196 0.102503333698872 -0.0651098888948484
0.0568650963298264 0.0411209244194007 0.107704845982978 -0.0670721411838219
0.0464942924472972 0.00449757190785813 0.111553632076336 -0.100087436190521
0.0334924681239223 -0.0075152891494001 0.0829562221261106 -0.122779237210259
0.0226282057803523 -0.0136197715347852 0.0641031307621762 -0.107354543872533
0.0129011689772543 -0.00945277817304607 0.056547661019478 -0.0685737837206586
0.0152459441914324 -0.0112954596925334 0.0865793637090462 -0.0216215793317446
0.0306525452846607 -0.0110720259611831 0.103196483485003 0.0392923314430314
0.0482375437076976 0.00104490903670282 0.0840082187763792 0.10554165421093
0.0624504994239654 0.0297269775548345 -0.000555100321465065 0.130718568353255
0.0289618384359758 0.071479918583096 -0.0598663028822572 0.078509215670471
-0.0221312566904465 0.0830547365579486 -0.0390779769080628 -0.0235795281300205
-0.0328115459267523 0.065353207987945 0.0656910828667052 -0.101673660638066
0.0305669798692927 -0.00288844892367935 -0.0445474421984789 0.118615138161813
0.0258242709141055 -0.0316434120073492 0.0555369582840072 0.0333541148715677
-0.011780287344064 -0.0421205407809381 0.0569299879624369 -0.0871009512973805
-0.0322795706657785 -0.00777473564516751 -0.0119872234235976 -0.145193862152339
-0.0132735931488379 0.00216869162165974 -0.10600077285185 -0.106158516253557
0.00037643862657127 -0.00519399998045626 -0.123619065754412 -0.0335404472233419
0.0046946290065883 -0.0142087178903529 -0.0955382059769167 0.0280318159052091
0.0116182704924266 -0.017067352290267 -0.0721672187815952 0.0757506662990809
0.00820655509094958 -0.0193168097101965 -0.0600751878979151 0.115459436129696
0.00951512028555715 -0.0138295672846682 -0.0793785049302875 0.132102606580425
0.00037998449552032 -0.00431296173022199 -0.112639869945182 0.115570655966357
-0.0106763179977985 -0.0245579662855504 -0.128836888948579 0.0804075042782064
0.0183383666522206 -0.0461135038140227 -0.113627504250317 0.0634429418309535
0.0556869827195792 -0.0173046333247333 -0.0754657215290454 0.0786892211482772
0.0436598780827904 0.0107208515699414 0.00697483186638776 0.189761348057381
0.0319705056860819 0.0580660999852784 -0.0521215848768128 0.107085065910775
0.0411901645567279 0.0246585907758674 0.0612811614301786 0.0184954250201004
0.0265427949214802 -0.00542110933584491 0.0522562512332719 -0.10164611513163
0.0127579312883273 0.00398976483921457 -0.0221916630204892 -0.147901970211101
0.0260810892920435 -0.0022840090632253 -0.105266470011487 -0.103161829566569
0.0327199723648311 -0.0209679871471523 -0.113551993213524 -0.0366457367312649
0.028588759332929 -0.0366969806801711 -0.0876020374097245 0.0183943357176634
0.034488178323155 -0.0376094366009486 -0.0661292985236506 0.0626674234778861
0.0338700942974675 -0.0412988337853318 -0.0494479625172297 0.105724128844477
0.0507946198174818 -0.0302917967885965 -0.0661649770031418 0.132275097385326
0.0505335616916453 0.000540295996872575 -0.106196013723101 0.12897976516627
0.0389237127823721 0.00652723028852395 -0.138484191420333 0.0927742662568938
0.0465827320697339 0.00546638149467122 -0.12872639440937 0.0619009099610755
0.0590957253078685 0.0490778074978787 -0.0772238856390806 0.0567291617085554
0.0417403876993363 0.0852089048000696 0.00909617681536475 0.156903509443913
0.0296698944039528 0.111794360880278 -0.0545721394761606 0.0763348483574935
0.0544283654093734 0.0812632816911523 0.0736677677401325 -0.00145891863439521
0.0675375749350708 0.0346343213588954 0.0620392336079654 -0.119386286749829
0.0641693261006529 0.013719159730416 -0.019447965715854 -0.156313356688956
0.0660301724800174 -0.0107737358185336 -0.0930829593499972 -0.107180055075082
0.0624218862704947 -0.0367389280682056 -0.0930865770447847 -0.047301493899626
0.0491383203833646 -0.0553002922004687 -0.0697900771069052 0.000231731384913437
0.0521668080569667 -0.0519888188104988 -0.0509004171836854 0.040220810903881
0.0523274131623779 -0.0576777106756214 -0.0290440607217199 0.085931202464113
0.0818632351765833 -0.0462087337105831 -0.0377947294137827 0.124766838447815
0.0914654505365561 -0.00288299408850763 -0.0783706784967872 0.144495068447406
0.0861350255895808 0.0240906593092279 -0.13203624702562 0.119205032270202
0.0758076518861731 0.0480617606516557 -0.140584135902927 0.0752485317391989
0.0616946794246658 0.103991706484878 -0.0848360547394835 0.0358835702365441
0.0366855367205241 0.144304750546181 0.0128458903316382 0.105291313627854
0.0232373400406276 0.149387086573607 -0.0544270281287547 0.0287906408666507
0.0596320167131571 0.127907635725511 0.0822946278338687 -0.0253396663031601
0.0999669180364714 0.0727691947702542 0.0789671008769763 -0.130405484049808
0.110415515911005 0.0242436922676572 -0.00155834606249159 -0.160876823543749
0.101454848378122 -0.0178534122871984 -0.0649681198027882 -0.11599662598032
0.0859840505039376 -0.0483804416762124 -0.0620346433851728 -0.0660669470582246
0.0630618357298215 -0.0663212595374181 -0.0438002770240521 -0.0253894063273787
0.0614686919438255 -0.0597272211207831 -0.0296173702432776 0.0123289611763266
0.0613131544092931 -0.0649953887359125 -0.00352833889467195 0.0598083231732979
0.0970876638727523 -0.0560998619068794 -0.00152464890801091 0.109058024077219
0.115910658032422 -0.00918739827962205 -0.0370010906893948 0.15041783029001
0.12017090027156 0.0301382030302169 -0.10843742566362 0.144328830655154
0.0981397922371836 0.0761287285894602 -0.140584510333133 0.0932868085103038
0.0600814944214309 0.14117560135116 -0.0910706704494102 0.0174870048766159
0.0285204821676017 0.179877645542738 0.0173313185855836 0.0464679992125224
0.0107163049634891 0.163272212770391 -0.053022006628225 -0.0312723866433079
0.0487395205454847 0.155737044029574 0.079536500292562 -0.05097829106622
0.108149399443441 0.10372962879513 0.0930328588488108 -0.129063538969923
0.13483773435627 0.0391139854502869 0.0279252076093665 -0.152412556155805
0.120288048004556 -0.0167790304456622 -0.0212681641395686 -0.123853670134651
0.0965812623435619 -0.0507726775154316 -0.0230895911694424 -0.088459650948923
0.0679091995122034 -0.0679182390083164 -0.0129816504855673 -0.0535734052996151
0.0615233211031997 -0.0585680662426498 -0.00514969218682014 -0.0164904488751278
0.0608738428872989 -0.0623035747759458 0.0241134868409317 0.0315612152290081
0.0976805606178585 -0.054517821528069 0.0340038598413856 0.0866081308522439
0.120469814925535 -0.0106177239784348 0.00760288941899301 0.143398730041203
0.13188604967157 0.0337960826090782 -0.0755659866545392 0.155085954472301
0.103235230014698 0.0919309701736262 -0.127468139749272 0.103027428323128
0.0485802010554183 0.156979250062462 -0.0908619120763101 0.000825530283216937
0.0136387259343039 0.187296243789299 0.024439323210171 -0.0109235518445825
-0.00551119953805945 0.149735817410475 -0.0487066477499518 -0.095156685205136
0.0217289654831886 0.156342569712568 0.0680321888647991 -0.0767595638828566
0.0880222693069293 0.11890716163784 0.0989972633381413 -0.114302963795349
0.129814219181097 0.0530037241555446 0.0590221509457109 -0.128971658045322
0.116572858467465 -0.00825721484958989 0.0296222327744533 -0.121601139108708
0.0915183626287114 -0.04243112219967 0.0190813555174961 -0.108007679701703
0.0627527413226635 -0.0585942203345023 0.0180995662534863 -0.080374094493711
0.0525714165266232 -0.0485481219230874 0.0190101446472693 -0.0424064651795822
0.0511360899470269 -0.0512075535429748 0.0502922115203822 0.00488983865457384
0.0841747978447271 -0.0440802706346762 0.0660206519063326 0.0632411099920708
0.10696917068547 -0.00647872542235909 0.0456854168554728 0.128567943283629
0.121600666106394 0.0362560447414431 -0.0422884272043032 0.151806302329219
0.0886902552454421 0.0964707408437117 -0.105316035035603 0.100600710124219
0.0266665565171166 0.151771137293309 -0.0790304289616242 -0.0131192036457067
-0.00332704512604092 0.168218943420262 0.0353411662982998 -0.059344211661261
-0.0215164074671012 0.109185323083733 -0.0404920108300901 -0.15113244368016
-0.00971827059660447 0.128975966881772 0.0544530097352445 -0.0980185673796163
0.0521676364371783 0.110771676403553 0.0982305960786579 -0.0928091337158864
0.100572235514545 0.0545882749422997 0.0835454993867342 -0.0977404960690662
0.0891210727366257 2.29981177754983E-05 0.0745692667749475 -0.113425461599316
0.0686123037673082 -0.0272333465850434 0.0546192919929502 -0.12097928946491
0.0459968091703698 -0.039956640916705 0.0427308824704858 -0.100557635000709
0.0350080935478859 -0.0315026731514952 0.0389488211703822 -0.0617169016167033
0.0351572994933258 -0.0332121071683343 0.0710826184881828 -0.0147921872619222
0.0601454779414668 -0.0284739343495497 0.0905209571205792 0.0453762203761409
0.0804696944793051 -0.0017496549239258 0.0734318149590084 0.113479821077853
0.0963119520929938 0.0345648983307579 -0.0145698820053898 0.141374632969527
0.0631782904677541 0.0891342407060625 -0.0793968585747136 0.0908025662917174
0.0022106750784783 0.126450070066356 -0.0590498479077776 -0.0219354474797813
-0.0189473356480574 0.125694635374955 0.0479571458435463 -0.0915203373660249
-0.0339572592624693 0.0490005803812202 -0.0292869161658455 -0.187077926023561
-0.0333984543816573 0.0799779406048756 0.0443515187559077 -0.105377210252934
0.0163501983693868 0.0782175759925855 0.0999107359788743 -0.0707397195838989
0.0588178522344642 0.0372942298207409 0.104600244856092 -0.0736557765639249
0.0462232727477139 0.00149155334431047 0.104838702139134 -0.107581926239121
0.0325904622385794 -0.00984486954272892 0.0750798790994389 -0.128548511651386
0.0209491278437461 -0.014773370810906 0.0558705281196009 -0.111865580041513
0.0124874462351182 -0.00932556241428647 0.0512225854116902 -0.0711815810359473
0.014254927288319 -0.0116812853138813 0.0847179672057798 -0.0254022508195062
0.0294736354155429 -0.0126869264193702 0.105120135766289 0.0343327463922529
0.0475738437997728 -0.00219298722505132 0.0909955921112299 0.102352253069458
0.0638579459532023 0.0252704022226716 0.00663755999897519 0.132253427910117
0.0331820786238858 0.0695604166206199 -0.054983108421757 0.0836740592268601
-0.0177660609313831 0.0845383822156368 -0.0409725476767548 -0.0206393064006061
-0.0299763934154173 0.0660181956192 0.058466564796279 -0.104384267572302
0.0295730332339471 -0.0040639150717259 -0.0385616836635803 0.116253571813527
0.0243288178630944 -0.0326954841334345 0.0553839274964039 0.029844267651387
-0.0129279124338217 -0.041401323560677 0.0530035418676723 -0.0885538029761021
-0.0321576010774786 -0.0064151362578898 -0.0168873183883047 -0.143518467179252
-0.0137658792066735 0.00258633378694632 -0.106835932721415 -0.100279201623022
0.000166135540923188 -0.00504728697282363 -0.122273615862503 -0.0289234886786424
0.00383605306574224 -0.0142705460301704 -0.0920983539583833 0.0293067907797585
0.0103166406042838 -0.0174628636880762 -0.0662460412259145 0.0754638276782188
0.00732255739265202 -0.0192096241409314 -0.0522310046789397 0.115298332203275
0.00894579332925491 -0.0143647887517707 -0.0719386943231289 0.132516820895632
0.000571288657273504 -0.0039985437119191 -0.105348642354792 0.118190840904872
-0.0119205389832728 -0.023123527252148 -0.123152642240573 0.0830337444987274
0.0157255852762208 -0.0457776580381793 -0.109868233556979 0.0647470015054279
0.0549302398158999 -0.019608686471007 -0.0728876222004075 0.0778321956663725
0.0424981656875817 0.00899148208155838 0.0137481460367402 0.184181701405798
0.0330918013326699 0.0546557996441702 -0.046150525901821 0.105541997407726
0.0416755076816413 0.0216136459471328 0.0605527239322373 0.0148136228265186
0.0251581794196916 -0.00780600141173656 0.0479098744061725 -0.102795606670817
0.0117443352104207 0.00313894096817069 -0.0271434806990482 -0.144736558636415
0.0241146863471365 -0.00338774027824262 -0.106263089341935 -0.0974972680517842
0.0305894856071248 -0.0217642809735011 -0.112271088785248 -0.0325247098669338
0.0258169821707095 -0.0369682358336322 -0.0842511454208786 0.0201229519908497
0.0317856236447603 -0.0381335622247094 -0.0608252813976441 0.0628110455439317
0.0309772729798924 -0.0417272172448749 -0.0421766759740945 0.104881098220597
0.0480515464456411 -0.0323534252669466 -0.0584818387306911 0.13177606510468
0.0490441290095482 -0.00134696895370234 -0.0984762401369473 0.131775517011253
0.037351516497515 0.00483505028044473 -0.132453893767922 0.0963354245327552
0.0443792684973508 0.00315670233090664 -0.12458281273513 0.0641398161198533
0.0602134690171337 0.0444257679801177 -0.0759376099843218 0.0568162313823928
0.0430700997427568 0.0811035402101323 0.0143015852274621 0.152353186251584
0.0332120832459569 0.106517419116803 -0.0496638090365132 0.0756743484607784
0.0562647761887881 0.076215849721252 0.0724942889910974 -0.00519062352582493
0.0663912486789687 0.0294167777738702 0.0565607710088808 -0.120787904695892
0.0617839959363861 0.010337232250781 -0.0242761403473067 -0.153252776185616
0.063213556139744 -0.0127177333213558 -0.0947259639758445 -0.101743557141428
0.0588051021996043 -0.0381995587633149 -0.0925415656513431 -0.0441825998193612
0.0448557645239877 -0.0553820073271016 -0.0676869184494189 0.00173203559684012
0.0482213687500949 -0.0533825802319901 -0.0476977758933572 0.040687156624956
0.0481577544445767 -0.0577217969482649 -0.0232268333640387 0.0849566326046713
0.0769680012272 -0.0479477067166454 -0.0310754730447441 0.123982323193474
0.0884709392791634 -0.00593586418513434 -0.0699126589855557 0.145903376880003
0.0837619060582516 0.0204381056913296 -0.124921205419855 0.122249074712995
0.0742169734541238 0.043689291724379 -0.135093492327946 0.0786383514248426
0.0645499249683223 0.0980785200908281 -0.0836405221519421 0.0371131570990674
0.0406227922034499 0.138138358327798 0.0155581197298568 0.102523421806146
0.0281773873121758 0.14300045297941 -0.0510849398433639 0.0295229884741486
0.062610261927169 0.121310489658063 0.0798455031917828 -0.0280703817526227
0.0985583025090776 0.065319786200588 0.0727898094038954 -0.132303521620731
0.106785475387688 0.0192627687439627 -0.00713452988748844 -0.158588685264706
0.0964090866437419 -0.0210016191051732 -0.0676048032368617 -0.111583721812599
0.0806036496816148 -0.0503478456234764 -0.0631902170774788 -0.063991967487279
0.0585237452232817 -0.0668707540539772 -0.0434842271651274 -0.0245115184800067
0.0573909455486057 -0.0605527875117274 -0.0284387387740074 0.0133667649600801
0.0567137433373919 -0.0652711506043632 0.000487793984037666 0.0588863417755513
0.0915549041517229 -0.0584515243380555 0.00347519264270303 0.107416739849876
0.111886449130934 -0.0129313421816058 -0.0287867587778862 0.1502422348421
0.11691620640844 0.0248146110525223 -0.101056207613527 0.145874266124417
0.0970026116565149 0.0703077567157738 -0.134095126112623 0.0964223983040539
0.0637851748292035 0.134358397725598 -0.0907717310289244 0.0200853057500943
0.0328438206253424 0.172454258917796 0.0178015892569998 0.0451659929247635
0.0168873695545568 0.156833167077148 -0.0520573567861747 -0.0284653865089638
0.0528799996319557 0.148324285700662 0.0761695506631081 -0.0529822090273459
0.10763312578525 0.0950000829936266 0.0866219148693367 -0.130949422772872
0.131236513070934 0.032177616447102 0.0218496061395872 -0.151537904569018
0.115079388069048 -0.0211071541394063 -0.025241669472536 -0.119841482009574
0.0913696884145734 -0.0532305042530837 -0.0266493524671155 -0.0872198607214057
0.0629330029029449 -0.0685715407585292 -0.0145959030104679 -0.0526787410251055
0.0575829959630941 -0.0589137479641844 -0.0059958794518898 -0.0159804817652033
0.056395279372246 -0.0618919311689238 0.0258500166917802 0.0300124724883092
0.0918462408964973 -0.0572603871140543 0.037550818276309 0.0843445710030591
0.116013538982176 -0.0148283890626254 0.0144329829428899 0.14145395923191
0.128681294600492 0.0269836592744345 -0.0684588414284668 0.155777675128298
0.102642230070358 0.0852457087753869 -0.120661677364553 0.10560783899643
0.052355353928992 0.150615656326603 -0.0902323716971443 0.0041516903902271
0.0189876763891329 0.180284889783688 0.0223088514964624 -0.0108466204851639
0.000365923695889074 0.144729868039892 -0.0505602300791839 -0.0906866698245737
0.0267737684133034 0.150666463037941 0.0645439225462493 -0.0775962276624699
0.0889516196235047 0.111444845208908 0.0933880458137397 -0.116602984916169
0.126846920156367 0.0464115260979599 0.0531519329644354 -0.128659567519228
0.112112630202097 -0.0124393402314345 0.0240091975302425 -0.120267336778711
0.0865316169946952 -0.04475897634568 0.014047669667013 -0.107094438185869
0.0581736143036537 -0.0590787518415507 0.0136800498012479 -0.0797778692397997
0.0493004641105099 -0.0489828507848909 0.0160983031890245 -0.0413831370256972
0.0475269098084014 -0.0505712210179377 0.0499659100976438 0.00349599596523394
0.0794154176194737 -0.0463795560937288 0.0672434183588104 0.060172145373474
0.103023382414865 -0.00988754168783786 0.0512845449106766 0.125869938136239
0.118906330685421 0.0299221553290653 -0.0361936223891182 0.151815547531473
0.0888151624137559 0.0906448644442576 -0.0984440941596755 0.102922956777241
0.0311420675828985 0.146555666568142 -0.0786557921872354 -0.0101198129510717
0.00145202659644709 0.16257619677862 0.0312832479100381 -0.0579452351764922
-0.0162041496992155 0.105508996236672 -0.0449180011102904 -0.145416236500128
-0.00506560427095132 0.126112655633225 0.0500344307159849 -0.0972071710214707
0.0535428182172 0.105265276413104 0.0934194125884096 -0.0942811086308822
0.0987794463255088 0.0491716960905742 0.0790608694492052 -0.0990558653067673
0.0864213816698709 -0.0037495552839596 0.0680123566272396 -0.113344782354395
0.0650681579612469 -0.0295874552555175 0.0478663941088006 -0.121360118583647
0.0425962364650763 -0.0402945632587484 0.0368643016589545 -0.100919961088548
0.0330210488299543 -0.0314282192163279 0.0347494207576547 -0.0608663274454845
0.0325098133760608 -0.0330376151093681 0.069016421375077 -0.016579389581476
0.0567784879109135 -0.030003462742592 0.0901293834672052 0.0419734511188755
0.0771516168835997 -0.00500473374288331 0.0776025088005421 0.110277233089846
0.0941282019701281 0.0295167659329051 -0.00878753536842352 0.14091826304821
0.0636708734828171 0.0844474355630157 -0.0737921269737832 0.0927647212029745
0.00647414082106045 0.123118210742618 -0.0590424108860458 -0.0187855444134087
-0.0153685657591276 0.121979149534889 0.0425893604600931 -0.0902414182267237
-0.0310998874491072 0.0484327617697126 -0.0354842777972467 -0.181193737480123
-0.0304891877280267 0.0793285782720258 0.0404953680186905 -0.103775228786639
0.0179822174846165 0.075669171171442 0.0961075360908115 -0.0728371388584096
0.057774385598607 0.033917970758283 0.0999598136000479 -0.0755048409069399
0.0448482093379775 -0.00105488425448409 0.0981202190316053 -0.109674826369645
0.0312345915894113 -0.0111268840092471 0.0678945335501906 -0.129266151795767
0.019342590543161 -0.0147811062164762 0.0487285701883245 -0.111879145571195
0.0116572034574136 -0.00875133466479169 0.0458347846358975 -0.0703532969390869
0.0128894050950487 -0.0111333399398018 0.0811805884888921 -0.0272602064598824
0.0278790020428433 -0.013693052439328 0.104089883972379 0.0306454889067168
0.045903115417535 -0.00361469446278458 0.0937528865120847 0.0977639134185847
0.0627929684648246 0.0215414386415856 0.0113309274843111 0.130874910624768
0.0349493305233432 0.0670328619845992 -0.0504758303755429 0.0848266450563805
-0.0148526671075197 0.0830603766772509 -0.0410477352830056 -0.0175745098836628
-0.0281275757594412 0.0646967150594211 0.0526402995485193 -0.102604743099097
0.0306656184893162 -0.00270915109889596 -0.0432112726288096 0.109174693069964
0.0262320224806976 -0.0326706429992006 0.0517003185978558 0.0299288832547511
-0.011853023834535 -0.0429467485112169 0.0544889080272073 -0.0841336795346811
-0.0321185607883628 -0.00684366848088143 -0.0107902559335283 -0.141986893118249
-0.014090186425907 0.0038985912363615 -0.0991575383629653 -0.102093252473042
-0.000326803051856201 -0.00433464520884874 -0.116891367269544 -0.0333792821718154
0.00339790660291815 -0.0135527666925125 -0.0906147906625007 0.0240946204414069
0.0104479909624434 -0.0169314170410307 -0.0650972594624198 0.070876309663686
0.00693777605739132 -0.0183017008489457 -0.0520068684727047 0.110710637043777
0.00903327194336109 -0.0127741042914046 -0.0726128909921802 0.128226627918628
0.000527015322235795 -0.00258849984255001 -0.106189655243861 0.111556089416283
-0.0130953735926209 -0.0206092436603506 -0.123490241853604 0.0744417276542819
0.0151161993921336 -0.0439333003034603 -0.108960614509527 0.0558333912041634
0.0535600381645233 -0.0171096748695605 -0.075874359836925 0.0726950073930902
0.0425878906488545 0.0115088312539232 0.00311623059265982 0.179483201067667
0.0305268007998176 0.0557892232813593 -0.0473713892639942 0.0989982948980126
0.0392886810704727 0.0216248635058507 0.0588490918241551 0.0153352306021767
0.0231531751740251 -0.00776836642155328 0.0509793490979536 -0.0991761483788009
0.00885480386089866 0.00453578770459292 -0.0195277757683742 -0.145119494172137
0.0220889585012007 0.000341890474174198 -0.0985163327539184 -0.100393929801543
0.0299719416045458 -0.0187544431456351 -0.107175736562286 -0.0377420547177361
0.0262994768772023 -0.0347013606895856 -0.0827289067078666 0.0143052830263644
0.0332791562457687 -0.03650310922835 -0.0594434795474603 0.0584880438331075
0.0316447366075264 -0.0387417050108424 -0.0418167630879324 0.101468294905101
0.0481726804778892 -0.0293494639589219 -0.0587282630526651 0.128461511458897
0.0482138039786429 0.00198083747636559 -0.0991712479602826 0.127069436799805
0.033600204141732 0.00849558996107021 -0.132347916162231 0.0899263287699896
0.0406392232418698 0.00563988007432025 -0.124449964282557 0.0565337443238994
0.0566051183188448 0.0458242902884787 -0.0793151316337009 0.0518419777196322
0.0414152202574632 0.0811702836318902 0.0028591979620948 0.149168458446449
0.0270356188695126 0.107114811954008 -0.0470586691545456 0.0706688670123281
0.0497242384517637 0.0764047093636851 0.0732270888405215 -0.00440064229712626
0.0611526473301049 0.0301874075116853 0.0620977600655383 -0.118214070326768
0.0569827831223661 0.0137271418678794 -0.0149409481416712 -0.153686884916531
0.0599713259363149 -0.00697262533705255 -0.0858421447133786 -0.10542995014418
0.0578060642517216 -0.0338353862339048 -0.0879087966226817 -0.0496852333119157
0.0459497144910916 -0.0518224025172219 -0.0654711643895601 -0.00394038204064485
0.0502989920925326 -0.050783760883559 -0.0462446145680645 0.0373498703417186
0.0491810415038764 -0.0543473857064043 -0.0226748090066087 0.0827058172920583
0.0771630382058213 -0.0446974879665787 -0.0309506650341867 0.122157308499459
0.0876823829881882 -0.00139340939853559 -0.0707608710208044 0.143535258135291
0.0778667653756906 0.0255738640476208 -0.124781028808687 0.118302139637158
0.0674708688962206 0.0462934282666152 -0.135261352113628 0.0720336319651624
0.0580719883769598 0.0980319003850207 -0.0875630627490087 0.0330786320471985
0.0363941646686082 0.136093651198836 0.00501011208221301 0.101705943356389
0.0192650126642689 0.14289904559473 -0.0447815705287928 0.0266836544365312
0.0531546273623703 0.12094926060056 0.0831045748732708 -0.0265841738563935
0.0901240972460669 0.0678633867687096 0.0804557926931389 -0.129964060395764
0.0996263808613793 0.0240948764492837 0.00402536330571902 -0.15891528255599
0.0923138112659602 -0.0135930330539496 -0.059185951566529 -0.115585298087254
0.0794929080761688 -0.0448084296950449 -0.0589085230610265 -0.0681253566946298
0.0595698628675782 -0.0624760333766236 -0.0413891868732663 -0.0286961572484162
0.0596332262601131 -0.0570953811897403 -0.026912671365789 0.0110514052609066
0.0580321102984534 -0.0608069663375863 0.00138350421609635 0.0583452258142128
0.0919395512225824 -0.0538707309466252 0.00320615774211711 0.106907956427008
0.111361391699109 -0.00735542452949003 -0.0303172437737571 0.150082606834581
0.110466184207069 0.0313502815885545 -0.101848204138995 0.14370178236731
0.0887065891967289 0.073702530293669 -0.135446071547606 0.090825018658609
0.055933605575485 0.133425328946619 -0.094306674154356 0.016627624718141
0.0278837401323502 0.168679950654141 0.00890079973199692 0.0469946076112908
0.00625874427407256 0.156270698631705 -0.0426912230905009 -0.0295261422390319
0.04138839484084 0.147865561989007 0.0821535980223437 -0.0502697743926381
0.0968640144115757 0.0978490227546597 0.0952654624933674 -0.127563939340452
0.122246885464956 0.0382815590165652 0.03310690092522 -0.150917652770572
0.110154456111066 -0.0129966514283635 -0.0177394127379796 -0.121908534424477
0.0898465428629802 -0.0473606873227872 -0.0223351280979826 -0.0892649976503199
0.0642861331394184 -0.0638115977807365 -0.0125269178117544 -0.0557259380950724
0.0603581000876493 -0.0551433832745253 -0.00471504923980784 -0.0158863387863367
0.0579237360501694 -0.0580943303428193 0.0262473868548838 0.030756062411667
0.0924894379668695 -0.0529078338830209 0.037299367797129 0.0851809767358565
0.115543359279364 -0.0092674395543556 0.0125088974690998 0.14317853129893
0.122740837775918 0.0335264506312479 -0.0695866935565765 0.155510081139295
0.0936948100685332 0.0890431897695996 -0.122863503921097 0.101136445053297
0.0442705261378782 0.148663729268517 -0.0932547379703057 0.00162318698406328
0.0135742199113008 0.175578080907151 0.016443593815551 -0.00682944968025973
-0.0102143491573227 0.142637370780407 -0.0388276251099126 -0.0891611366570261
0.0147881725852969 0.148494638670438 0.0713809336458918 -0.0737774081184611
0.0767737257416721 0.113177099830582 0.101318091513989 -0.11175802833211
0.117509921540651 0.0512403917522534 0.062780901438844 -0.12652184445824
0.106466824925391 -0.0048874607288617 0.0296472137437769 -0.12009533769328
0.0849524257600556 -0.0395834206907419 0.0170665255259344 -0.106840381146185
0.0590559858770812 -0.0548893256581291 0.0155743120602046 -0.080801109947636
0.0513024701446707 -0.0454339713338177 0.0168189097840268 -0.0397108556471942
0.049089443710196 -0.0469794063314299 0.0499298873248157 0.00625140513033373
0.0796476097711763 -0.0430324145573124 0.0668429358458337 0.0630970303085609
0.102498260450369 -0.0058634775264284 0.0485793308408265 0.128926938072692
0.113518876708993 0.0352497716269446 -0.0381733962467268 0.153413043571482
0.0812508142399064 0.0938901243177631 -0.101150178230648 0.09967111358688
0.0236706874218385 0.144133027268685 -0.0807089713095825 -0.0113593906635994
-0.00298000542496993 0.157062122293738 0.0279605370169762 -0.0520749663865172
-0.0250138287064319 0.103593381209593 -0.0319924778745082 -0.141926060245961
-0.0149249686508843 0.122990109388854 0.0580102401295999 -0.0922413300691112
0.043244365538181 0.105154860150325 0.100097025686787 -0.0887942908864252
0.0905747051154768 0.0520703724042018 0.0858279461854725 -0.0949105881249036
0.0815521599363582 0.00119933242740875 0.0716161082946357 -0.110872679567718
0.0630794268234153 -0.0258695451760799 0.0506166729298416 -0.1183436964355
0.0434197835709018 -0.0376126279597216 0.0383710624781112 -0.0995320031619096
0.034631798607523 -0.0290234873051416 0.0349336191744229 -0.0574726782295004
0.0338408349893215 -0.0303375966063754 0.0686430435399955 -0.0127195856777365
0.0575595777729372 -0.027680827043475 0.0882833089061972 0.0452986067172809
0.0773620639806718 -0.00161985458521695 0.0736975671657775 0.113125843409476
0.0903095555501928 0.0335580421065499 -0.0122930063866466 0.1424665804748
0.0574179572435879 0.0868624282255833 -0.0768703014540757 0.0905484026328649
0.000480163353491735 0.120866267710907 -0.0608402441100064 -0.0199139742487687
-0.0188190124265249 0.117288612739934 0.0415439896611813 -0.0833492005383941
-0.0362235139458942 0.0461655003670675 -0.0237049816074345 -0.176167727288791
-0.0365000984646612 0.0761424993269506 0.0471233243293032 -0.0976412801197497
0.0108670706884907 0.0746944933932669 0.100693320907818 -0.0652778975163544
0.0523000445036157 0.0347852744149705 0.103896954429975 -0.0703129718766283
0.0417793147403649 0.00105846285448128 0.0995081261546824 -0.103946121836925
0.0292655120886708 -0.00988619807867969 0.0700491660282115 -0.124305679187506
0.0196371298504135 -0.0139088516468642 0.0502546144743652 -0.108790130529257
0.0125239387456749 -0.007559671284941 0.045838536319138 -0.0658475859875965
0.0134574183694213 -0.00964358208750537 0.0801682526808708 -0.0229050654410324
0.0285220185738287 -0.0121236285556437 0.100881352222658 0.0346266149324102
0.0458487276381276 -0.00165893486523429 0.0884469469389686 0.101503537036691
0.0609309719062976 0.0249475121609709 0.00720960845753625 0.132404421981694
0.0305946797067096 0.0689148401212964 -0.0541306388725387 0.0829745445981807
-0.0186146595383359 0.0809166907823315 -0.041466891375197 -0.0186021885263128
-0.0294999050103569 0.0607362040659368 0.0535373582238547 -0.0955239161569901
0.0306078046207028 -0.00218899636966024 -0.0442016549652032 0.107019672327492
0.0265468787676999 -0.0329164516780743 0.050982894213673 0.0299071472128221
-0.0120328816958046 -0.04437196039933 0.0562527762802383 -0.0845938714015519
-0.0327560401197066 -0.00722382313878148 -0.0096980517583008 -0.144212704084348
-0.0147213405774306 0.00431573361782227 -0.0976077742312922 -0.104858424682509
-0.00054895679714946 -0.00394382846286572 -0.116405491990346 -0.0360489507424457
0.00309024927827335 -0.0136154797286514 -0.0905290967223884 0.021922566502972
0.0107490269963764 -0.017132667453595 -0.064865279179595 0.0695061579520686
0.00701059084965795 -0.0180209648926783 -0.0524793914818583 0.109873981283589
0.00848575503467606 -0.0129186405194002 -0.0734358005912703 0.127786925562452
0.00059870775223934 -0.00219318569712777 -0.107585064415391 0.111155141694688
-0.0127660642913284 -0.0207009870550797 -0.125496400083386 0.0731964886623768
0.0153941954017442 -0.044061483417065 -0.111467967747945 0.0532352859981004
0.054853727718286 -0.016697543543575 -0.0786082481369021 0.0699230734982983
0.0424248545396032 0.0127617877978065 0.00113123132520602 0.179219300600311
0.02950602613172 0.0551932221310932 -0.0487298546453974 0.0972668144208176
0.0391975467771547 0.0215304015619394 0.0586702027289876 0.0151017044820424
0.0223921837971636 -0.00926978443227185 0.0526789845963613 -0.100136511731613
0.00805322423146092 0.00441508802671524 -0.0179221736804794 -0.147087952335093
0.021024606018382 0.00129526116579123 -0.0962808148017376 -0.102343335396738
0.0292570089787991 -0.0185061144929446 -0.106918159723116 -0.0401433649610399
0.0264991640031743 -0.0340962706166288 -0.0823829001534604 0.0121174947585229
0.0333423912104289 -0.0361315280967523 -0.0593818582371112 0.0574707168027527
0.0315303087929101 -0.0382587995979256 -0.0415958530305802 0.100975018909045
0.0480496944955646 -0.0288297023727084 -0.0592411556277789 0.128221341882296
0.0481432494819224 0.00275559355170188 -0.100094822161107 0.126546569115607
0.032652295308181 0.00937786408360848 -0.13469648950336 0.0884724793138832
0.0394640524072324 0.00560166206814706 -0.126367108725968 0.0533066457771121
0.0564325000303654 0.0458072757941578 -0.0825087858289829 0.0496516469786501
0.039830938669265 0.0818638238701063 0.000844002325772525 0.148570138469583
0.025447439454677 0.105698050806814 -0.0477834428851204 0.0686620671274183
0.0490434097013759 0.0759252313759214 0.073351445088729 -0.00407697427788212
0.0591229126453404 0.0292201018785921 0.0644839011072285 -0.118463637724386
0.0553892045365393 0.0141847751979155 -0.0128639006756418 -0.155829837444498
0.058784170833345 -0.00581059231726955 -0.0843346530666628 -0.107429037930497
0.0575462676729739 -0.0329140630395805 -0.087458403819391 -0.052080595459137
0.0456820156675889 -0.0507829054612801 -0.0653792216512257 -0.00613858087385894
0.0507608881051086 -0.0497104042473052 -0.0460715629951502 0.0364803418452158
0.0495060821573096 -0.0529293215262055 -0.0225639055474973 0.0826404404353423
0.077227453079016 -0.0436287292879674 -0.0312851041354213 0.122749937566914
0.0873008132745315 0.000166304034479968 -0.0718708888621928 0.143751859680492
0.0766283751929974 0.0269905797751468 -0.128006521222968 0.117717314501145
0.0657992290313553 0.0470457081828413 -0.138107040200741 0.0691579437128664
0.056773095142306 0.0981650195557191 -0.090498809002615 0.0305922655245499
0.0340700449345265 0.135594328713887 0.00299527272990473 0.101605031944176
0.0175145401607809 0.141101232948985 -0.0449195490430093 0.0253402603986559
0.0510552327187788 0.121076493115522 0.0839364408730321 -0.0263069934504416
0.0876392881723818 0.0669283829121848 0.0824209058623375 -0.130084533812445
0.0978228317875012 0.0248650315820879 0.00642654885398296 -0.160723148089448
0.0912930717445014 -0.0119084562518733 -0.0578838211128491 -0.116737491869079
0.0789133494132533 -0.04406990060098 -0.0587000271373544 -0.0701652037866133
0.05933059017831 -0.0609252488274799 -0.0411664740247583 -0.0306367396619759
0.0604399294891862 -0.0560668564588103 -0.0272846940611724 0.0108754253431043
0.0584787043813394 -0.0594564882545743 0.00169010120304652 0.0583376863981621
0.0919400989612021 -0.0528670750501084 0.00322466600078533 0.107822874962848
0.110597527418079 -0.00580055401851646 -0.0310028027150167 0.150510364834843
0.108993040203293 0.0328938592650471 -0.104695102810851 0.144400927836047
0.0866112682868928 0.0745899405752574 -0.137815573454548 0.0887342790481244
0.0533742607088079 0.133003579575991 -0.0964376743852174 0.0149325296031921
0.0241796581673505 0.168012693771113 0.00760673519053461 0.0476220988546995
0.00409026947010788 0.153896773081185 -0.0418753871497576 -0.0303070287854624
0.0386049207094717 0.147441056724923 0.0829469676089912 -0.0493666067478348
0.0931173905033079 0.0974491487829133 0.0972214206491963 -0.126991318936351
0.120762634549448 0.0395487043544735 0.0353387358869835 -0.1516818704671
0.108778193244944 -0.0109009708951376 -0.0164966220521799 -0.122694584531215
0.0893740371343804 -0.0458538462865099 -0.0219922190311318 -0.0911981337697891
0.0643121135448333 -0.0621631038087928 -0.0124295001938206 -0.0573333826470619
0.0607223747567946 -0.0542208727008382 -0.0049581016053122 -0.0153765288987667
0.0581346857001572 -0.0559977396887917 0.0271950550548915 0.0316231762742791
0.0917932874886861 -0.0515581430600007 0.0372126914511423 0.086862687091176
0.115294470210161 -0.00776084680506691 0.0119187301033412 0.145309918863716
0.120400178950608 0.0348068185802448 -0.0725666126350724 0.157173357153366
0.0909527914489355 0.0901055638564727 -0.124708524036021 0.100114270217164
0.0416743030337466 0.149083441860147 -0.0945138376847587 0.000214305486926524
0.00982135458544376 0.174103479201958 0.0156631871312823 -0.00612311777364733
-0.0119469414772797 0.140689325682581 -0.0368990343859514 -0.0893702073263025
0.0120942982800697 0.14835202353363 0.0731443258707619 -0.0723333119834345
0.0734974954160626 0.11311251505489 0.10335548987643 -0.111301196715032
0.115659663024716 0.0528849022987237 0.0653511608332247 -0.126367076644501
0.105751699478257 -0.00347023144911343 0.0309081252079923 -0.119347672979547
0.0841914735887793 -0.0385100736923459 0.0176393950502787 -0.107851382571143
0.0591832368649921 -0.0539081189688987 0.0158635747898657 -0.08196404098685
0.0516650410294753 -0.0445126365378927 0.0168924441107366 -0.038743061496674
0.0493515126541658 -0.0452778447836062 0.0505815636485083 0.00714125213708882
0.0795388675345616 -0.0414506777251032 0.0663679833050531 0.0650468252478398
0.101658069091369 -0.00416580783075213 0.0480719244979232 0.130761470479126
0.111915340720837 0.0361757231635369 -0.0411355297817877 0.155334445642153
0.0785975790295541 0.0943252406579545 -0.103223185222396 0.0991141523874928
0.0210511922546322 0.144155620776527 -0.0816173406837588 -0.0124334145293979
-0.00666411630517402 0.15550760580539 0.0278301016489891 -0.0512091368195175
-0.02676927290728 0.101582571962239 -0.0302601227410592 -0.141632042757242
-0.0173948602299321 0.122631877134831 0.0594485246805516 -0.0904234191707596
0.040230600253168 0.105312591354783 0.102114697362459 -0.0871108018966439
0.0887300541811197 0.0531052290923099 0.0877025444480966 -0.0936616909299874
0.0805733793531125 0.00232393925461405 0.072568879308301 -0.109618692723979
0.0622931340006026 -0.0250136631414676 0.0508391372543609 -0.119104824455318
0.043012509080267 -0.0364707133405258 0.0383953577807574 -0.0998521228719754
0.0348729116201782 -0.0278646789096735 0.0345701764107065 -0.0559804795951833
0.0339872610516066 -0.0285470627158019 0.0688824954630257 -0.010874002252798
0.0566977578815844 -0.0269749141154625 0.0882646193153288 0.0479821480051489
0.0769585435706346 -0.000450206375617675 0.0730063992397441 0.115841683961399
0.0893655959993814 0.034151957767891 -0.0147441992357687 0.145428638154848
0.0562313088985384 0.0874208699784213 -0.0788041713452937 0.0901730114251653
-0.00131148970812156 0.120619372325497 -0.0611912164190225 -0.0202229937493967
-0.0219084829848992 0.115561851266216 0.0422902846204686 -0.0816540599777066
-0.0370524103101961 0.0443133105611334 -0.0216757222398957 -0.175650278632557
-0.0383358346367943 0.0759570947562886 0.0493249721561234 -0.0957804413652211
0.00889717164601631 0.0747431533980213 0.102903139175328 -0.0633156061976523
0.0514795948700631 0.0354463090092424 0.105899891555389 -0.0682856392212038
0.0413628413184063 0.00138243405691329 0.100788534250993 -0.102652736674207
0.0284989598433571 -0.00968304494264262 0.0704984745800904 -0.123898713466682
0.0194000937289786 -0.0133137385091286 0.0502554301333175 -0.108966415512365
0.0127228679508988 -0.00680729170737026 0.0453667574012413 -0.0644390763017329
0.0134939901939242 -0.00863285659681294 0.0799261432581052 -0.0209703025123722
0.0280455439437775 -0.0117095230552587 0.100783013007182 0.0372977679718617
0.0456583957460767 -0.000950534364250324 0.0883591699046503 0.103992366477092
0.0602689191177754 0.0255277137589411 0.00511636176105633 0.134884364414408
0.0294392723310642 0.0690386356531363 -0.0553659616389246 0.083359707223456
-0.020040247714452 0.0811658005591396 -0.0418457959440725 -0.0186388164007348
-0.0312293626296928 0.0600097555211413 0.0546620990346557 -0.0937791074948267
0.0307529220632373 -0.00182224263394501 -0.0470846325858714 0.108375340192986
0.0280804485449379 -0.0341135705085806 0.0521491390268146 0.0307467069177797
-0.0125919273159055 -0.0467041105204766 0.0592842717769369 -0.0884712951678398
-0.0339947333763922 -0.00749662577015774 -0.00835041240879336 -0.150761794302439
-0.0156789335168305 0.00486385157873262 -0.0985527085029832 -0.111010865734494
-0.000711503178594864 -0.00360844236905561 -0.119215925815957 -0.0392747749333534
0.00369711516727949 -0.0142306657008946 -0.0932807988630486 0.0205794161807572
0.0112034602451286 -0.0177847940693976 -0.0663612757395979 0.0698235481451098
0.00700588804248795 -0.0183606723941755 -0.0535239302510599 0.112185930325965
0.00807403678090957 -0.0135058544372265 -0.0762977732746598 0.131343075667886
0.00103849450536578 -0.0022098133234487 -0.112381687573923 0.113490562664839
-0.0135024824495887 -0.0210756141973523 -0.130866898261048 0.073578789569745
0.0161154984658007 -0.0455245224590333 -0.117043715726118 0.0518038970650743
0.0577577518754636 -0.0171910315757861 -0.0842379095365589 0.0694660226360869
0.043826458475727 0.0142734643562496 -0.00130514215166331 0.183104734785809
0.0294259089080256 0.0566930115783722 -0.0504334323165731 0.0978469616575055
0.0401900747591429 0.021524739689635 0.0600120135469067 0.0160238111761347
0.0222066151740336 -0.0109013668718349 0.0556013635396379 -0.104061058458215
0.00767244664539774 0.00458428931776424 -0.016791112668199 -0.154038399158196
0.0212097618564289 0.00209784315059866 -0.0974651000079269 -0.108314488602551
0.0297571804559298 -0.0180036772856963 -0.109762911378001 -0.0439587047731786
0.0273072316403523 -0.0349716847550794 -0.0850221439305588 0.00982983165482923
0.0348609131187331 -0.0369875479277238 -0.0604675371704354 0.0574312667636113
0.0329672565489543 -0.0386675982205772 -0.0425982966870929 0.102572756576869
0.0486484606044492 -0.0289818345080175 -0.0619827086408804 0.132123983866055
0.0495952709673641 0.00427090839741917 -0.104255124275985 0.129804253349377
0.0326352475777647 0.0104134795913327 -0.141040268330255 0.0899076382540466
0.0396205261315942 0.00621696731813297 -0.132433240449733 0.0517650335559917
0.0575527328777333 0.0471680149971116 -0.0875532492335069 0.0479308759551454
0.0394778677607462 0.0849464013143869 -0.00114721949391029 0.152539901675153
0.0247889397815462 0.107574579763895 -0.0498095407108704 0.0693948406466507
0.0493174722392688 0.0774978098114692 0.0749677574672712 -0.00412752568005976
0.0591235863432007 0.0289926457026742 0.0676124849535547 -0.123042880450508
0.0560643291574743 0.0150011389432967 -0.0113913801622797 -0.162567641412368
0.0595945964207263 -0.00445432454958681 -0.0854233236561801 -0.112334110500128
0.0582046035983955 -0.0326252398371436 -0.0899418847675531 -0.0557380113141071
0.0472330118365948 -0.0511782730213392 -0.0672877491752472 -0.0085931725230311
0.0525966768357354 -0.0505125807026889 -0.0468572298398091 0.0365296901857434
0.0515010349117881 -0.0527555681304681 -0.0224716230389368 0.084416974494935
0.0784851709188502 -0.0438486057896705 -0.0328716385619716 0.126184461129854
0.0896189818345732 0.00194430359769031 -0.07512636389735 0.148224754723066
0.0778268539536426 0.0286842777948182 -0.134950015287988 0.120172362238226
0.0654809608832248 0.0486552505210065 -0.144335924320099 0.0680665906802364
0.0570706101326019 0.100979208536073 -0.0950321563911507 0.0291306582271802
0.0320729772296002 0.139945771427822 0.00148446089816069 0.104726097621973
0.015469650629484 0.143056413326909 -0.0460975707715404 0.0249797710394648
0.0509001486846761 0.123782637364378 0.0865154620916903 -0.0258092636174019
0.0871955870262941 0.0683793234532181 0.086688803989397 -0.134225243121789
0.0988991479427414 0.0266413930666596 0.00814212319025581 -0.167170114251692
0.0923984629581525 -0.0102836093467458 -0.0577027891940475 -0.121171375746427
0.0808911497255834 -0.043783268954491 -0.0604634515611977 -0.0745104013871683
0.0612894836708835 -0.0614742528138913 -0.0423023584334069 -0.033610097340901
0.0625147974272783 -0.0566912748817862 -0.0274585595244584 0.011129889727477
0.0608274627995837 -0.0592089765399334 0.00242800814050791 0.0600163549517146
0.0937849344570696 -0.0529874775637254 0.0030517143215799 0.112197017199091
0.113623451986915 -0.00433996710032164 -0.0326074966705463 0.156179262066461
0.110468852071986 0.0352012751021611 -0.110889709741191 0.148991966149675
0.0864295868996166 0.0778500502587251 -0.144299367927304 0.0888665580186094
0.0529003723744112 0.137188212004697 -0.101204913921178 0.0132322581711114
0.0217199625054219 0.17170451253475 0.00634571188810238 0.0494168068589885
0.00159197887894343 0.155942705737409 -0.0422065934834179 -0.0317711469878725
0.0371641399984805 0.151433387312209 0.0861896050949429 -0.0493919064423292
0.092393065065993 0.100323433908824 0.102390276839217 -0.130692277910571
0.121884998816928 0.0423056773357123 0.0388478505633142 -0.157456597502837
0.111022992702823 -0.00933987186168842 -0.0155652923647641 -0.126446964803102
0.0913205408256936 -0.0456687175430943 -0.022687462255045 -0.0948942679427287
0.0662763779268113 -0.0631229049933028 -0.0127849986500256 -0.0605760511637793
0.0626934524864374 -0.0546106282673787 -0.00497817782893836 -0.0153007524705473
0.0607352913781743 -0.0558075668460422 0.0287597402761008 0.0334272756317271
0.0940688154448552 -0.0519630274580827 0.0381185594649887 0.0912597862670588
0.117535800660348 -0.006240004013519 0.011910370082655 0.151104400303067
0.122285252867591 0.036811437624574 -0.0775927640329514 0.163077567006275
0.0911926175171241 0.0933781388438277 -0.130983995102738 0.101245201221835
0.0398584492502278 0.153337604701516 -0.0987151079049519 -0.00146443685959401
0.00638332451772093 0.177870015997267 0.0152408878224492 -0.0054648862593177
-0.014896818117198 0.142179037598399 -0.0364552967699694 -0.0919889671360001
0.00978407801049042 0.152563903120428 0.0761160246061153 -0.0728281164867865
0.0716986582799644 0.115960564445058 0.108764599876344 -0.113330472027919
0.11707116041207 0.0562276416471772 0.0692168178072199 -0.129906308790182
0.107905189669939 -0.00147529236866706 0.0333363098181837 -0.122127286411433
0.085828336144878 -0.0382461317354946 0.0182510476079107 -0.112286048702297
0.06081498970638 -0.0539116501880735 0.0165300793407577 -0.0851191988174284
0.0537403721062354 -0.0445002285857129 0.0177581699568425 -0.0387261272229977
0.0510706177170332 -0.0448900742742478 0.0523620359057292 0.00885595804912021
0.0808929427950931 -0.0414199904836422 0.0684894592620567 0.0690008528399194
0.10436547847462 -0.00267109772375496 0.0491802700790307 0.136941517136433
0.112972930040171 0.0379219992807822 -0.0447281822146272 0.161702715223506
0.0781832141358736 0.0977260659640311 -0.107941118272493 0.101046996372896
0.0191049203522262 0.148499967023741 -0.0849143104236774 -0.0138957096397186
-0.00998566575988831 0.158520578785833 0.0285032080688577 -0.0514611733687321
-0.0293999939741171 0.102334690944424 -0.0284924807438049 -0.145233805303299
-0.0201430808691146 0.125952247333303 0.0626272404053084 -0.0910868379595305
0.0386665539773703 0.108546790191193 0.106943772120427 -0.0886783080510442
0.0897878194286915 0.0558540724515286 0.0920887049423 -0.0952549127897431
0.0825400337233769 0.00342990448828405 0.0759397251460821 -0.111136021539697
0.0633898013884525 -0.0250206509423097 0.0526696895766088 -0.122259304387283
0.0442034909660503 -0.0363374936292469 0.0391660247048985 -0.103778043289647
0.036134536282675 -0.0278444657861758 0.0362357257622201 -0.0560877553787207
0.0348887734928932 -0.0278971496420118 0.0711281455030449 -0.00925587654178232
0.0577658445635648 -0.0266495583426977 0.0907244890697041 0.0519003191613875
0.0784999403608242 3.2768785733361E-05 0.0745384239312804 0.121840133007149
0.0904754571057902 0.035704615815521 -0.0177505441332039 0.151821555609148
0.0555794438093258 0.0901956813988016 -0.0822345252646431 0.092650990856386
-0.00378939024148283 0.123851650791666 -0.0634657080860423 -0.021353859733138
-0.0245119028509978 0.11713699363221 0.0433047973732833 -0.082760362920929
-0.0392254790504912 0.0436639243746148 -0.0194344514478863 -0.179874334404429
-0.0413241686685964 0.0773755180287638 0.0520558958297939 -0.0961823431021869
0.00739170550784113 0.0772309425491122 0.107893087667204 -0.0629997107295667
0.0519206957933821 0.0365865020955672 0.110752193045196 -0.0687544597861831
0.0419605643068286 0.00158993129064768 0.104502876868524 -0.103757480830383
0.0285836675219345 -0.00953826744832547 0.0728142578048807 -0.128193651268544
0.0193512575416095 -0.0130629437021156 0.0506663377026169 -0.112302524616839
0.0131435195078994 -0.0061908779186358 0.0470845751188778 -0.0645289777532215
0.0137496213479274 -0.00772648435183927 0.0825668258328414 -0.0191097445315654
0.0282106412268376 -0.0113981335239477 0.103390808001556 0.0412905279491813
0.0465449608312502 -0.000479902764220806 0.0899029655546069 0.109887855242057
0.0613489657332059 0.0264854804466973 0.00392848278018499 0.141715521021879
0.0294754199175391 0.0717795887347539 -0.0582285057123743 0.0862599982777408
-0.0221711237625497 0.0833636677707478 -0.0431052155201631 -0.0194453768985548
-0.033557690737365 0.0602082642887051 0.0566145142844141 -0.0950255142272054
0.0322742596878631 -0.00211644530627557 -0.0486161608410406 0.111769168448471
0.0298424453663844 -0.0367096586386456 0.0546815938543796 0.0311841149154558
-0.0145870056704229 -0.0494434452447555 0.0617456480833862 -0.0949025628084468
-0.0361429384844964 -0.00724761136113749 -0.010498257707567 -0.160715918776252
-0.0162950700360856 0.00580841746622537 -0.104210831495953 -0.117195014380695
-0.00119933556438951 -0.0036936732448207 -0.125625424241039 -0.041173084973635
0.00369161449813965 -0.0146324577544571 -0.0972978630657227 0.020774790530949
0.0117016996250045 -0.0192281915857148 -0.0679553233771025 0.072180000186089
0.00770975845743812 -0.0194374536207275 -0.0532175511953767 0.117587109995708
0.00893819176775914 -0.0137107513063071 -0.0780488664819553 0.138787172924641
0.001326063393031 -0.0020778858982126 -0.117102592303558 0.120415570315493
-0.0149058121471163 -0.0213621885433356 -0.13759679425388 0.0776871188801102
0.0166940218772936 -0.0482494303150134 -0.124806248914659 0.05301384233236
0.0613766402480933 -0.0191046294585906 -0.0901695525787141 0.072351993988792
0.0462992370686762 0.0155177628580424 0.000563277048063385 0.191527075026898
0.0308303806462343 0.0582637613834594 -0.0522848086837861 0.101272131668357
0.0422093461251919 0.0218381053366571 0.0623794209406531 0.0152890730503934
0.021430147990873 -0.0129170430643036 0.0575994620830965 -0.111926670853715
0.00741335328724841 0.00469016064375054 -0.0191578288955171 -0.16343053822338
0.0217602134331719 0.0028251013359877 -0.102904919090444 -0.114285627593148
0.0306390974977008 -0.0186811897563685 -0.115772139193953 -0.0465306111973259
0.0275979115732677 -0.0365055646547507 -0.0887748480288254 0.00954204692653241
0.0361314599931464 -0.0390653086240757 -0.062159301001371 0.0596825290259688
0.0339839122225397 -0.0402532582198338 -0.0420030476736087 0.108198793426879
0.0502299390870312 -0.0303224566496882 -0.0625743199316023 0.139693840391127
0.0519204232109893 0.00419280188246896 -0.108164977253671 0.138103898170816
0.0336104108747059 0.0109249525068278 -0.148661481359992 0.0957284020189303
0.0407747152546722 0.00598280888222594 -0.140789237264234 0.0535692418115619
0.0612910194675324 0.0484443530144682 -0.0940576031557647 0.0496184657168961
0.0423561992704257 0.0889432358973342 -0.000582256859659657 0.159291428437574
0.0259244877225378 0.111221500538834 -0.051468241557856 0.0721210307866873
0.0522708414069681 0.0803889656513297 0.0790210375611956 -0.00535784849753031
0.0600424939617433 0.0283837963543361 0.0700977092600897 -0.131321797956762
0.0576981552940233 0.0152364007488068 -0.0139170513909484 -0.172848089238351
0.061800463609965 -0.00448202627784241 -0.0902681501388695 -0.118766019996248
0.060020707188252 -0.0342278865144044 -0.0957103410417272 -0.059163229171438
0.0488548233634408 -0.0540335676115208 -0.0707633646116897 -0.00997141713758317
0.0547958869626098 -0.053547644894687 -0.0478608550986767 0.0383056587824829
0.053555283135359 -0.0549417000450502 -0.0213091910005405 0.088402340415517
0.081060101488327 -0.0460086368270039 -0.0320105966991882 0.133469945706882
0.09381267578311 0.00141388973339611 -0.0768072388346214 0.156840630265788
0.0803871856357909 0.0297856510615454 -0.141400334619694 0.128851733704865
0.0676209936547738 0.0507568890280038 -0.152953828920192 0.0712582571839235
0.0600889380085689 0.104865667697132 -0.102117000422437 0.0297621349197219
0.034308484283712 0.145456304969639 0.00184303892879334 0.10945605507702
0.0164370940282113 0.147896015448765 -0.0479815610558026 0.025964894989823
0.0537663511368728 0.128837793068469 0.0907493707243707 -0.0280588906046749
0.0895807512225714 0.0688650674328146 0.0897645539077877 -0.143004623571516
0.102945416902783 0.0269146342870286 0.00752940914969126 -0.177554165218032
0.0961375218681685 -0.0105325745198665 -0.0617733723817399 -0.127237131758764
0.0831457536746078 -0.0458019628618359 -0.0650808383201047 -0.0783699970072604
0.0632915958808714 -0.0646381985634864 -0.0450229586966954 -0.0364146662182233
0.0653348581504665 -0.0598099811054592 -0.028396004320894 0.0119930045943591
0.063211895862263 -0.0615675983173253 0.00431034060101819 0.0629928053944429
0.0969338743343035 -0.0558448907809786 0.00565539966921105 0.11887301935522
0.118597803679148 -0.00494040554710422 -0.0317682016801029 0.16529576241517
0.114621799157133 0.035836861343859 -0.116453662173674 0.15961964782587
0.0894025482738114 0.0802976145850318 -0.152439510359069 0.093664010768123
0.0559892201992671 0.142762769178492 -0.108311629486861 0.0137080358439014
0.0234084260518693 0.178560003407859 0.00628220758116362 0.0512950450741483
0.00187846130226166 0.161665456237292 -0.0439980759529705 -0.0330100535320969
0.0393698903119705 0.157697090442138 0.0902039076751313 -0.0521599193076529
0.0953759130626736 0.102624577047291 0.106215360536849 -0.139086212777213
0.126724323837072 0.0429303765692384 0.0397481764727314 -0.166683223619133
0.115293346812105 -0.00968017676870949 -0.0174857534513596 -0.132538354391826
0.0940947540934921 -0.0482339065279009 -0.025772311186294 -0.100557665303303
0.0681810666715905 -0.0660515017802179 -0.0153504470951442 -0.0651720990814346
0.0653007077476093 -0.0575232817391241 -0.00516331436213652 -0.0155173773559758
0.0630129267558329 -0.0576225108406965 0.0311847827111259 0.0346191410097549
0.0968882574000101 -0.0546577426045665 0.0419366918787293 0.0966514791108854
0.122852897552456 -0.00669581232854474 0.0146482841985671 0.159345361376718
0.127030311752224 0.0374334433818807 -0.0811500790874165 0.174520990974722
0.0945099107705883 0.0971266036781458 -0.137408034738665 0.107131664697305
0.0425962442092215 0.159993104055413 -0.105249820080131 -0.000691678300718639
0.00673452126996464 0.185090827224774 0.0150862144754427 -0.00547076424936044
-0.0153842921314252 0.146876314312192 -0.0382422977333623 -0.0956130737057277
0.0105356560293929 0.159168054488535 0.0793900462741581 -0.0757466409769828
0.0736335981274472 0.120368933186577 0.113133066000172 -0.120070738618854
0.121750483407308 0.0576132068240878 0.0722200806296595 -0.137606724978655
0.112272773320862 -0.00228983381893658 0.0337810227463318 -0.127812539274177
0.0880899804621765 -0.0401281361756489 0.0170608107608764 -0.118364580321906
0.0622874381892131 -0.0566303232818433 0.015030190614976 -0.0909581490829808
0.0558257119406146 -0.0468283592044221 0.0179210277881471 -0.0399159469442287
0.0533399791818422 -0.0462452121036803 0.0558099296594491 0.009479693035977
0.0831018322045921 -0.0435641843223541 0.0730952685440828 0.0732277133027687
0.109086981725167 -0.00383059205868737 0.0534294048547705 0.14494068998473
0.117469645165732 0.0386171070696825 -0.0462228552507499 0.173049618504063
0.0816041105228709 0.101611223791427 -0.113578610166851 0.107701333440329
0.0205945810045428 0.155767314600216 -0.0901606966394362 -0.0138556863057036
-0.0103780093637878 0.16498512963924 0.0283764928816348 -0.0536293250740999
-0.0308508754946775 0.105032690066565 -0.0305422474706634 -0.151400927421797
-0.0212486988346555 0.131944388921626 0.0655271394650184 -0.0943827068025679
0.0388687313048342 0.113437065330044 0.112544875785761 -0.0931120620984798
0.0938486268879137 0.0578017895215409 0.0969195813877087 -0.100894818073649
0.0858259631041297 0.00317009528624751 0.0790191239033767 -0.115837027591293
0.0651437773022094 -0.0264666904494966 0.0529384886875137 -0.129288439948326
0.0452306611038364 -0.0382913035145347 0.0380772466235641 -0.109902011127771
0.0376638025824588 -0.0285817701971107 0.0366898051554906 -0.0578334992269913
0.036097861266339 -0.0282100866219284 0.0750831236124352 -0.00959827919433271
0.0594430807924913 -0.0279259483273363 0.0956942151856319 0.0550910383767218
0.0817435995423788 -0.000180905194941558 0.0804994684566484 0.129010579730942
0.0941516356639038 0.03599802988165 -0.0172110291416836 0.162444319678394
0.0582213272942312 0.0948663294089687 -0.0862463469483148 0.0988763985834445
-0.00389236804578915 0.130504890829012 -0.0669074575446989 -0.0216011425738168
-0.0260753954579255 0.122446144167796 0.0443856016191756 -0.085911845765659
-0.041190626227241 0.0447535082940076 -0.0216647552746519 -0.186927534478075
-0.043092466059274 0.0821798270842213 0.0545549655104406 -0.0990269481612125
0.00713354287475085 0.0814045598429942 0.114101243588181 -0.0662149748187453
0.054355341298659 0.037608463456157 0.11703391718262 -0.0727817415697484
0.043493730349818 0.00106415605707767 0.109061620603558 -0.108794637404029
0.0290573037648493 -0.0102770528662874 0.0737045261112551 -0.135507971955629
0.0195360252486883 -0.0137097869776696 0.0499828890419063 -0.118996460750209
0.0140969066249146 -0.00602967192106196 0.047916582350168 -0.0664546221335565
0.0143897261439412 -0.007618998158263 0.0861904157208022 -0.0191499528997514
0.0293744403833793 -0.011924878054531 0.108914771451424 0.0438535810513853
0.0487984320672276 -0.000832992919161198 0.0957984593976698 0.11550440883961
0.064427595519003 0.0263155677948111 0.00522090438195537 0.15154914913433
0.0309983743140908 0.0751816877518538 -0.0609493349311323 0.0923337934186852
-0.0232413245548039 0.0877431757561597 -0.045513495499898 -0.0195563675559372
-0.0351115171795814 0.0629072903602314 0.0578659029961725 -0.0996027279044131
0.033453631411806 -0.0033348739956822 -0.0469993837902087 0.117250261272749
0.029945761820089 -0.0401113059124369 0.0577403028039213 0.030429466120562
-0.0184035832896735 -0.0512637008676351 0.060641959454764 -0.10450958981552
-0.0379866414284082 -0.00629064682023115 -0.0184933115972427 -0.170130485823108
-0.0167724936286446 0.00781152294056231 -0.113662330525666 -0.121239294680399
-0.00145747984862903 -0.00319757587414313 -0.133128774705661 -0.0398333474578573
0.0033289829495561 -0.0155199472108953 -0.10111391983948 0.0240315643084289
0.0111657238172956 -0.0210009619465175 -0.0673012991915952 0.0767635863428404
0.00710725789602532 -0.0203984849987365 -0.0496016327878171 0.124479789069076
0.00841836955706195 -0.0148099716780519 -0.0752493061622067 0.149072041200613
0.00138302560618563 -0.00151164547355913 -0.118082658217147 0.13075710914631
-0.0167843028639953 -0.021324058834228 -0.142457141895038 0.0865937860032026
0.015000723966941 -0.050841886043805 -0.131111068391107 0.0593054165940306
0.0646710883083995 -0.0228636617845372 -0.0942284765590687 0.0772428426335984
0.0498842820678005 0.0147510649938782 0.00806092377615439 0.198501979274156
0.0339845455404837 0.0592664609165498 -0.0515696486054536 0.106362930463361
0.0456476681869636 0.0201709869153363 0.0657425362593955 0.0132889402762018
0.0201174443978676 -0.0151569111094168 0.055405449620929 -0.120852394805154
0.00722097672886666 0.00426498624869541 -0.0277982183302886 -0.172533095872479
0.0225392711137537 0.00286420627839031 -0.112238222168098 -0.117169672506342
0.0309218828945696 -0.0201898310290266 -0.122983432194234 -0.0453190022059589
0.0272868910427039 -0.039021441687028 -0.0924354271354739 0.0119804081369702
0.0358605473638908 -0.0424503231999532 -0.0616825079037576 0.0637492392491841
0.0340160248835913 -0.0430122106944664 -0.0382969571026292 0.114137995211125
0.0510988661617895 -0.0335912624350798 -0.0593812337352791 0.148816104741721
0.0549695989055863 0.00331075071513581 -0.108015992969092 0.149337584464399
0.0344911938616768 0.0108967880485583 -0.152984769032564 0.106573566027304
0.0414405366389477 0.00491560915269827 -0.147820928752683 0.0600079236818835
0.0662824157360784 0.047430671757103 -0.0994310863054347 0.0538429806119573
0.0476374335709136 0.0910959479800732 0.00578739058682692 0.165381255811449
0.0306166504406322 0.114261723478525 -0.0512439604175687 0.0758924757170845
0.0576649932821135 0.0809466530063897 0.082154643991095 -0.00866306640659459
0.0612971672994115 0.02621813303021 0.0679970179176475 -0.14188230102976
0.0601220509836548 0.0130554803239178 -0.021842006871515 -0.182231071122187
0.0635359998195063 -0.00608821249396842 -0.0985354236979431 -0.122007383865869
0.0607158725557005 -0.0373445995338205 -0.102972412100847 -0.0599634409487753
0.0486421961061986 -0.0578707735074273 -0.0747593162271131 -0.0095412247392024
0.0548144289160964 -0.0576177962953627 -0.047959771300877 0.0407094183855109
0.0537356977924637 -0.0588262842608596 -0.0169457645624458 0.0923478879403328
0.082315150276585 -0.0509307540876003 -0.0265843141614694 0.141766511695015
0.0980768614012584 -0.00132127481931431 -0.0736227311335473 0.168197873084336
0.0840904363109354 0.0289114947917525 -0.14490452805383 0.141416820431758
0.0710411180092654 0.0505131411360793 -0.15991221888997 0.0791955787878209
0.0668171155055121 0.106558176419103 -0.108585492235088 0.0341100389626306
0.0407975338602244 0.150634829279918 0.00571575634526632 0.113464821819862
0.0222814985525376 0.152048855752895 -0.0490873041615038 0.0278243094911479
0.0607818353339269 0.132100667682751 0.093923550676363 -0.0322157859873847
0.0933042932844691 0.0675917099808258 0.0884430537167743 -0.154774192277218
0.107723482761437 0.0241331115590732 0.000420802037256901 -0.187615328486558
0.0995116689598433 -0.0143016170258094 -0.0693829655260168 -0.131345144110642
0.0840728936666748 -0.0502905567343422 -0.0722219377553087 -0.0810719473614077
0.062583453482508 -0.0694546610909151 -0.0492752483930728 -0.0382840500245642
0.0656529436429495 -0.064866338979526 -0.0283791169455402 0.0130883853854814
0.0642090898146206 -0.0658602571688015 0.00882780502301383 0.065393165327074
0.0978526603764692 -0.0616118497163887 0.011685655896541 0.124760250764401
0.123696908501896 -0.00934101498391364 -0.0260885669754346 0.175538838734493
0.119724080283049 0.0333797794883646 -0.116329815463043 0.17377692540588
0.094536894699758 0.0810081818104325 -0.157688514698939 0.10348487967535
0.0631708767315351 0.146817062951746 -0.114725920411422 0.0180547933228521
0.0297116664279468 0.185576408573127 0.00765219063182015 0.0536654725587791
0.0070676475786703 0.166323812989023 -0.0466442395983826 -0.0333043631638315
0.0464598129216602 0.162914333617822 0.0930656245403138 -0.0573037179253199
0.10080381495107 0.103227671424532 0.106868214871253 -0.150427488007949
0.133121003244993 0.0400489886783409 0.0348728171321129 -0.177129421731063
0.119429061588135 -0.0140006419266896 -0.0228931029303644 -0.13780578481076
0.0949379709539874 -0.0530245587106944 -0.0318135421573264 -0.105275121274577
0.0680846736099767 -0.0707450258000835 -0.0199135775342801 -0.069408909763967
0.0658933997206683 -0.0620461545417801 -0.00548158277643491 -0.0157367168363716
0.063802308126403 -0.061660952117784 0.035071656070698 0.035251279789976
0.0978466483352681 -0.0598728523585738 0.0490593138124359 0.100616034130187
0.127810761433435 -0.012166610766466 0.0224473991235025 0.167927795123351
0.132376066923578 0.0344756871265582 -0.0787792069104635 0.188690800571413
0.100709378847727 0.0977836695708019 -0.141363024729105 0.117973449692814
0.0494831070897379 0.165296221357464 -0.111834132041141 0.00284239696685044
0.0130934435182152 0.192180690939947 0.0148384262780353 -0.00578000625643468
-0.0117879043417838 0.151585404915372 -0.0428365044629179 -0.0984462987756425
0.0162920490305008 0.166405954798482 0.0809096750783836 -0.0813247566964769
0.0788979675001211 0.122925159313735 0.114912612014238 -0.13047778217763
0.128370258764058 0.0556986725785303 0.0708467651445075 -0.147160096043838
0.116258424797966 -0.00605635474461087 0.0308540777861553 -0.13487152600599
0.0894731332332841 -0.0447058988794128 0.0118982262938809 -0.124899578579369
0.0617960758000358 -0.061038250230565 0.00995156358208056 -0.0967142992476021
0.0564306335456584 -0.0503782091339335 0.017496006787088 -0.0414198511783521
0.0543204661283094 -0.0492892858580927 0.0592549668929837 0.00805286401982958
0.0839929898516056 -0.0478524404848366 0.080469666790806 0.0753266767245881
0.113144684250582 -0.00785655448903619 0.0626695555063149 0.150872707462113
0.123177170939552 0.0354496917456029 -0.0421637014360051 0.186031176776248
0.0881542308217279 0.103320894948914 -0.115823805499557 0.117924102211495
0.0265228093109046 0.161021670941416 -0.0961627667522542 -0.0108213372160374
-0.00611196967507911 0.171835353423472 0.0267017541799241 -0.0563581494514143
-0.0295836258287929 0.109060072037632 -0.0372399365647549 -0.156489944904657
-0.017903262597302 0.139055772138381 0.0654402470502197 -0.0994036883247832
0.0428769707580372 0.117238270811824 0.115299595037043 -0.10142945260932
0.0989720925767139 0.0569506413244757 0.0987439235723502 -0.108838762710178
0.0892147299896846 0.000166470285785388 0.078609141085617 -0.124040367945924
0.0656904499094044 -0.0294556730130018 0.0495371502175186 -0.138040740439635
0.0446575039332467 -0.0410019416652196 0.0328853878248859 -0.117081756586063
0.0384239638374308 -0.0308684639404062 0.0357241513845213 -0.0609215104226218
0.0370598727437938 -0.029930842433857 0.0788278025244503 -0.0120035997809889
0.0599874294302028 -0.0307971721087548 0.103239428826802 0.055732334896935
0.0853245783566976 -0.0031919049656492 0.0903750686320142 0.133486563581415
0.0984791242468669 0.0335960248224906 -0.0115880573965297 0.174177324706803
0.0635456320720605 0.0970614391781433 -0.0868281353237327 0.107790150654946
0.000649128483161328 0.136612187336987 -0.0718422891459344 -0.0201574858041933
-0.023356963900869 0.127927603357469 0.0416568422962475 -0.0909665091944656
-0.0426803571508912 0.0470932703963316 -0.0285307590447957 -0.193713331372231
-0.0423420121208545 0.0879169793967099 0.0539507416316526 -0.103772745811684
0.00958001789811648 0.0854156686477819 0.11812257777538 -0.0723270599535429
0.0576313637952419 0.0371857362388375 0.120962081701383 -0.0801534615085552
0.0455037938800587 -0.00102275791104801 0.110690966917428 -0.117616381629306
0.0287432882170556 -0.0115280681777628 0.071074800222289 -0.14489347021922
0.0191610577525589 -0.0144877254354255 0.0449696545653856 -0.126265287342
0.0145850320976609 -0.00638965210123815 0.0467491637690993 -0.0700120889860452
0.014782163137275 -0.00741074915506112 0.0890882615192771 -0.0221410755072775
0.0291814517900454 -0.0129091939501112 0.116177949930955 0.0440127707773035
0.0501190192948296 -0.00303023225770941 0.105699304910202 0.119346612570489
0.0678105284458535 0.0249103995918889 0.0107861621706108 0.160918273493578
0.0350095354590709 0.0774114158194433 -0.0601660405849155 0.100485935951848
-0.0213863620853159 0.0932193622687897 -0.048672000209853 -0.0186539009033734
-0.035384246232611 0.0665841691561207 0.0556601693471881 -0.105265556656711
0.0341926687142066 0.0127411107000638 -0.0981261790988315 0.0838723417533285
0.0465898292062333 -0.0244858709232997 0.0373369341562682 0.0546514035308351
0.00408572338751776 -0.056330945000616 0.102147498107189 -0.0676598865437821
-0.0335988968581272 -0.0213727925643565 0.0599968650636662 -0.16646187267002
-0.0198707758101632 0.0021976729317403 -0.0490200757129089 -0.16450607687245
0.000348594112865838 -0.00184371231899893 -0.103311344189587 -0.0993671386212429
0.00965613027410776 -0.0122162494201974 -0.102943561201945 -0.0258066730666589
0.0202881515569847 -0.0137405000841787 -0.0944223344752419 0.0384595649925545
0.0162636315555885 -0.0145918333804228 -0.0994897739051182 0.0916480729672273
0.0145164464505094 -0.00849692959590267 -0.133121112257072 0.103017280290359
0.00181640226790133 0.000917020681937853 -0.167121531606826 0.067548889917631
-0.00802043749085676 -0.0243162263798685 -0.17069813664402 0.012153897582728
0.0353887407833063 -0.0395589801673716 -0.148310633036242 -0.00899503732478472
0.0696987550726935 0.0088373283720245 -0.126105534988301 0.0256929037518995
0.0400880341764656 0.0372452583731889 -0.0906172795178356 0.185147826708754
0.00552262872116213 0.0694614129952969 -0.0947572336845706 0.0727630479237381
0.0331638853465045 0.0381501160717187 0.0532592576432655 0.0405456526052093
0.0223719859 -0.00535444663907031 0.10561215257869 -0.0876700987661773
0.00257086692761316 0.00860604492225798 0.0527665981410549 -0.174716120760857
0.0182071483920885 0.015962734173641 -0.0489748194175619 -0.162001095224
0.0363271985232212 -0.00298109795314437 -0.0920214278057246 -0.100702093223848
0.041865043894871 -0.023298017147967 -0.0899923752236723 -0.0334794040978944
0.0532941842994267 -0.0226506912126511 -0.0827977571450598 0.0287753401468692
0.0507063867367526 -0.0230215744387467 -0.0829945823087113 0.0876265279872336
0.0618287402364487 -0.00681729872339886 -0.118218966610828 0.110821967846424
0.0494913285052352 0.0290390456238302 -0.16568760246577 0.0906510823852849
0.0237628594345989 0.0286800278157601 -0.189639676120164 0.027659490288665
0.0331428337378325 0.0233853371142013 -0.165803255214093 -0.0153564360132198
0.0385382694136753 0.0736653205146853 -0.121293639940511 0.00128153286443889
0.00370677306382617 0.105321407932607 -0.0777449748209538 0.152653014372797
-0.0231095572748254 0.117907825914796 -0.0794709274523424 0.0447463549291139
0.0157303838534579 0.0998879850729004 0.0793398903665692 0.0263915779616839
0.0408017090195877 0.0512250115359322 0.12673141934799 -0.103010585996265
0.0462345621400174 0.0402387319661707 0.06278298937346 -0.182040536380866
0.0594046129305834 0.0264985295924814 -0.0349329028412439 -0.162266232436375
0.0710112023905229 -0.00515226288615414 -0.0681000637914392 -0.105070052833836
0.0695316970065781 -0.0310771359189455 -0.0639517106006633 -0.045612341607995
0.0778847559921989 -0.0281320928721016 -0.0608385041427865 0.0143631230851461
0.0763669049138179 -0.0287598418004714 -0.0548467975062376 0.0779696216765221
0.0984386655891723 -0.0092580753808539 -0.0853492136102721 0.119146933968003
0.0918166449760659 0.0444351767582326 -0.141911212083245 0.124526093101478
0.0609063812960801 0.0669795148360293 -0.197396971535897 0.0666982385545968
0.0389292450713719 0.0790281946375031 -0.187091602743974 -0.00164442574188188
0.0120528139234927 0.128084633762389 -0.121553399142205 -0.021933801689758
-0.0298111792374686 0.156577675630258 -0.0534900016837263 0.104996540163609
-0.0489035018056149 0.148602183594057 -0.0537650210890903 0.00227289428769207
-0.00507452462628035 0.148911377064565 0.102574589960286 0.00873254189769081
0.050899050507749 0.104874221045202 0.152921334673532 -0.106233646214867
0.0841466728813138 0.0709350538809626 0.0869274171240629 -0.178326644884208
0.095149362051187 0.0348424641994926 -0.00344063480356666 -0.15818141736107
0.0977997179959525 -0.00725771964637683 -0.0307075617965854 -0.110536064145927
0.0877852824916828 -0.0352243152060106 -0.0287985610356233 -0.0603160780983978
0.0904327657271524 -0.0293563160720573 -0.0308731625621461 -0.0019126859317987
0.0884744807285876 -0.0307987139128466 -0.0197536411927153 0.0640655967636772
0.117180809315912 -0.0123204198600004 -0.0423681746681386 0.121569227882895
0.11851160430933 0.0483210483149348 -0.100535015605836 0.154052065076343
0.0913019499957114 0.0866824200751658 -0.186007366464105 0.110522973271933
0.0460712117610028 0.117654288875635 -0.196443712862561 0.0230389270616141
-0.0102917985355985 0.162830864192774 -0.120519377591333 -0.0397289014697793
-0.0561242011422664 0.182714073670272 -0.0224955341514851 0.0505956551018225
-0.0707613217239546 0.155131873115483 -0.0230225275781862 -0.0523493113011161
-0.0327961239571086 0.171555570210929 0.113491053645204 -0.0149200037021121
0.0406982433637144 0.141103762704009 0.168533311934446 -0.0947307907568213
0.0999307248413974 0.0964383205011985 0.115169267551085 -0.15299167157613
0.112933574172184 0.0434086790269416 0.0427142886328468 -0.143397561788778
0.10904980537025 -0.00500611022091286 0.0167618799726485 -0.114696840219
0.0933399723863542 -0.0345698595423126 0.0119682764667633 -0.0750733914266562
0.0893373120205256 -0.0271222917304418 0.00219566829679262 -0.0173355109313479
0.0863088477099135 -0.0275805897204057 0.0177500418200532 0.0486078931354792
0.116491749694712 -0.0112801188382529 0.00249562320801682 0.115711367931796
0.12402366244663 0.0472745307631319 -0.0521501186467829 0.168860750954837
0.103443474144539 0.0933749527907429 -0.157662859613259 0.142526294688732
0.0443004850010109 0.137025331296794 -0.188290895375246 0.0451888392487737
-0.0312861805928234 0.173630689832296 -0.110825989721812 -0.0524235480755752
-0.0746615203280437 0.181571395243027 0.0133929584825267 -0.000104924463842335
-0.0820229581584935 0.133378187827253 0.0100612335628776 -0.110418170610346
-0.0627105338046752 0.160831193421784 0.114186748878021 -0.0411593124952843
0.0119293273455787 0.149669813427012 0.167388788833437 -0.0714838870888977
0.0886883310292199 0.108416227770901 0.135251381383846 -0.108765119677687
0.106264662574382 0.0482767529069848 0.0908391940904075 -0.115069794435767
0.099776577316658 -0.000468734607799495 0.0664930521953218 -0.111638454940024
0.0830318959915825 -0.028686741113547 0.0511917772544342 -0.0866747748591462
0.0750592475161308 -0.0206016074456151 0.0340101113195372 -0.0304517185931873
0.0712918251236152 -0.0206553698408425 0.0516527859076589 0.0350752742948673
0.098336356773718 -0.00667682862739846 0.0415408942703617 0.106939413329017
0.108650442604177 0.0437444823527054 -0.00796357178799625 0.171297426035046
0.0951852732685026 0.0893437260576488 -0.12306947805409 0.157552601015415
0.0306296267612146 0.135957226896014 -0.164321236949274 0.0576573675284572
-0.0506588312858625 0.159815907715768 -0.0893515296659389 -0.0578251417790765
-0.0838677389903189 0.154102096757657 0.0493543600077291 -0.0401611496744571
-0.0800808967061857 0.0867852274151663 0.0410236593672803 -0.160187244423165
-0.0818346350078822 0.120993574579257 0.108728672393281 -0.0630403753766062
-0.0184762094367319 0.128176160332937 0.155532107402803 -0.0426802639480887
0.0618740767943922 0.0961163246184413 0.143891787556122 -0.058689451785033
0.0787627802484107 0.0409724731172633 0.130314069812049 -0.0818314568589663
0.0715156303481032 0.00214675791707237 0.107089175961927 -0.105863010705848
0.0583443309171675 -0.0184013629120232 0.081131168763024 -0.0930564492108329
0.0494367359616565 -0.0108430908519294 0.0591483139198444 -0.0393937342110816
0.0470546799681452 -0.0110973500426479 0.0766405454892617 0.0251658151570998
0.0685689230141226 -0.00138925684544911 0.0703249069868882 0.0982616917280679
0.0808302487707964 0.0346133593944441 0.0246624896393106 0.166959421521324
0.0751485698533688 0.0763968209287681 -0.089604668604299 0.159678651334787
0.0121064971192817 0.11888682712426 -0.133239370595135 0.0623065014256498
-0.0629590613513394 0.125720525644445 -0.0610063475368442 -0.0549582217280914
-0.0799514062504496 0.105712702900396 0.0802733432277945 -0.0641434164349215
-0.0642834047354268 0.0243995761488589 0.0635718923720841 -0.190462315902936
-0.0814055140116219 0.0629216106629426 0.0997986996006128 -0.0699385400603654
-0.0335529523176318 0.0833579760130325 0.144917552814137 -0.0129733973645179
0.0331917983054797 0.0588175470134083 0.1505761712659 -0.0201366175480861
0.0386300589425373 0.0185472726029861 0.157026380483785 -0.0595492537556232
0.0288981979772703 0.00175535007309133 0.13069538226176 -0.101032733370323
0.0230434036989207 -0.00601883481256557 0.0963741016410796 -0.0957778593490621
0.0164401517648951 0.00102374081744066 0.0725933431680954 -0.0422514405518649
0.0165192333891428 -3.96311055587575E-05 0.0907779382804543 0.0210284898197417
0.0328588952378432 0.000807772402375407 0.086429867969795 0.0933961277865329
0.0485384187568781 0.0194118778366308 0.0438131861980797 0.159777418412191
0.0516333091548329 0.0545789049838583 -0.0628050394797816 0.156928010266655
-0.0047938404578873 0.0887940225343158 -0.104196588091129 0.0670732994040178
-0.0631430959181284 0.0763788541104713 -0.0383939879900195 -0.0419045778696798
-0.062956364461782 0.0437904421371118 0.100672922250676 -0.069406987359759
0.0343487739639373 0.0115071262974277 -0.0947290541068141 0.0878003161759118
0.04646859268109 -0.0274124518717466 0.0395782967555248 0.0538279167103083
0.000580389726199447 -0.0569646655719462 0.0993461553636613 -0.0739098600312202
-0.0357628683909727 -0.0198517918789297 0.0525260740556345 -0.172490690573325
-0.0196590499147269 0.00386253934392035 -0.0560361502484394 -0.165695155868437
6.02618241792041E-05 -0.00119635728163265 -0.108342289618818 -0.0961899846662928
0.00908744493108707 -0.0123751005545512 -0.104243609981449 -0.0227282544103679
0.0197923808171099 -0.0149742913179202 -0.0915844596363515 0.0410501749988902
0.0158251692608503 -0.0145870685022059 -0.0938281131250183 0.0961675892890513
0.0139883906903323 -0.00884052860381356 -0.128914889940626 0.111054792872913
0.00206157298758927 0.000816412226521211 -0.165432058523853 0.0759505576165936
-0.00970215912849799 -0.0235766171578272 -0.172240209292481 0.0191014067703301
0.0338482482990506 -0.0415406118170067 -0.151567599249024 -0.00468200483776026
0.0713861151888579 0.00505753867322349 -0.127303939568286 0.0290893169066473
0.0426419434052513 0.0364220798918368 -0.0822892578800012 0.188266198150606
0.00868231239854615 0.0687008616062585 -0.0925644342105587 0.0759657599401248
0.0357630308275934 0.0362684663399964 0.0546944635727871 0.0384274337955155
0.0204768813157768 -0.00764564992171647 0.101503545990343 -0.0936298176503351
0.00239892911085546 0.00791560699339707 0.0446646370994671 -0.179873433499082
0.0188433286981043 0.0156204490817495 -0.0562714332493475 -0.16232788226615
0.0366474090208304 -0.00405633192836739 -0.0969862592306647 -0.0978828016753567
0.0403713784296434 -0.0244006819217071 -0.0915231737558234 -0.0312021522852317
0.0523857335161769 -0.0254861771150851 -0.0806540718222942 0.0313871639404093
0.0504985115027319 -0.0249638607691655 -0.0779798614119842 0.0910810221814075
0.0613038931830665 -0.00913821636173587 -0.112776696771669 0.117700495634247
0.0510676497695743 0.0274977283159689 -0.162051034645429 0.100062494996949
0.0241473794913399 0.0283828985924994 -0.190845367694413 0.0368689182264881
0.0336810974579426 0.0217960532515925 -0.169291787722971 -0.0106859073962835
0.0426831955118015 0.0714814848591498 -0.12423724877249 0.00462054764016236
0.00893410163914258 0.105944778887032 -0.0712322269530647 0.155482406716114
-0.0185769067663447 0.117846010620539 -0.0773834697908328 0.0473720216501261
0.0215313590188456 0.0984695479621246 0.0804452182556955 0.0227934092489362
0.0417217216152759 0.0483068112541682 0.121914781456353 -0.110683226521168
0.0473874055220164 0.0377323068279352 0.0549798306906987 -0.187728152990167
0.0601118035448996 0.024324895218968 -0.0423221914373844 -0.161699448404823
0.070442697063273 -0.00800286153716508 -0.0731099878359615 -0.10389582924656
0.0672265319964779 -0.0339207307878636 -0.0669203862737214 -0.0443198910723221
0.0760782569387178 -0.0316282654437417 -0.0594291153656739 0.0168194811688865
0.0753175501499198 -0.031340366607722 -0.0499413358726917 0.0801672304318616
0.0967831536740439 -0.0132592325897834 -0.0791232222895605 0.125181193087247
0.0939627158036117 0.0405426590226867 -0.135957702200211 0.133867912815311
0.062871665489923 0.0651847654807242 -0.196863635634912 0.0778711817421648
0.0409419868071478 0.0772762452455328 -0.18975795644684 0.00458601303539184
0.0173634315312427 0.126981873962505 -0.125238932425085 -0.0188707914608526
-0.022460043827513 0.157542137503701 -0.0489391640067803 0.106370176193578
-0.0437910502869436 0.149545855663096 -0.0536624931452325 0.00361921754267596
0.00189708303663914 0.148930452331356 0.102913907138557 0.00451409064210258
0.0533769855720924 0.101361373997574 0.148249686594092 -0.114840943265383
0.0863346209749148 0.0663332204972 0.0791971357358203 -0.185168177506868
0.0960720087015129 0.0313017376762576 -0.0100753448382966 -0.159521836969437
0.0966737289225581 -0.0108374964987605 -0.0359640032870334 -0.111213230354932
0.0852813477651856 -0.0389535151195104 -0.0324833504096149 -0.0609335077328591
0.089019518911462 -0.0337357084669141 -0.0304233383018721 -0.000504300270866913
0.087101753037715 -0.0338443002385016 -0.0152519570959795 0.0652181706549603
0.115828377605884 -0.017198520497593 -0.0356245820954665 0.125550316559327
0.121296857660862 0.0430016630636765 -0.0930716848685633 0.161111209532537
0.0944187475322765 0.0833587437564367 -0.182721390285054 0.121954458952596
0.0497436195425036 0.115686893087031 -0.198378762236357 0.0311622213114463
-0.00349838261773391 0.163489724594761 -0.124807793827679 -0.0363655629274505
-0.048064613022419 0.18534846165301 -0.0206606832879704 0.0508462291297563
-0.0642963810313475 0.156135786189966 -0.0250367909855057 -0.0517914841567542
-0.0255989707135224 0.172618636913444 0.113384062956627 -0.0185865203522431
0.0447198219961653 0.138533046202079 0.164596853042044 -0.103550503673803
0.103379035452544 0.0920461868528158 0.108792781422733 -0.160500902612505
0.114991352939656 0.0388852726735602 0.0366640304367217 -0.14596075603242
0.107706103562411 -0.00976979162420104 0.0112806753511623 -0.116677027724888
0.0905483169842444 -0.0382622021160161 0.00753501080594178 -0.0772314177499184
0.0879504909250934 -0.0303202691748006 0.00219480840431669 -0.0174843747183999
0.0850795901190631 -0.0303615057056081 0.0208250668064671 0.0483498131172118
0.114482011084223 -0.0162413203474243 0.00900222448136081 0.118356612949109
0.126045555192669 0.0416981086349919 -0.0433606843779057 0.174841926172864
0.106730617961063 0.0885609097903146 -0.153349390763391 0.153713154137981
0.0490358303263675 0.135092848144292 -0.188176207123346 0.053129508955879
-0.024293875813506 0.175360112692854 -0.115383599994265 -0.0486137254743001
-0.0674178645072013 0.183971867975928 0.0118555926435011 -0.000973951666743757
-0.0774933436712369 0.134618561760502 0.00554958523969305 -0.111021376169792
-0.0562958986158969 0.163276812407578 0.113275217861602 -0.0449510174964246
0.0163690695103795 0.148742431952473 0.165501660816901 -0.0793068481480216
0.0925521499594115 0.104509998893653 0.131707124891576 -0.115841122888947
0.107867163152747 0.0442332155408502 0.0870664442524029 -0.11894319360491
0.0984264209372422 -0.00478609856974558 0.0609874317382201 -0.116193284959993
0.0807271502862236 -0.0317125883536564 0.0457372655560113 -0.0900157868584648
0.0738250236179034 -0.0232912615494262 0.0327544924415449 -0.0317980406408073
0.0698296077465288 -0.0227705340439434 0.054014738226593 0.0332493166251406
0.0972159517144722 -0.0109599804412607 0.0477063403448189 0.107253301044004
0.110354557408449 0.0385114207500677 0.000739911420648153 0.174515388729322
0.09836036729931 0.0849516139667919 -0.117165824340322 0.167421884757823
0.0358843799011058 0.134915655459122 -0.163579041743722 0.0654502302162661
-0.0440077005805094 0.1627125431094 -0.0935295934661742 -0.0548575826370202
-0.0775090557423986 0.156440048951396 0.0460103400250009 -0.0424167491298102
-0.077483575194949 0.0887664119671636 0.0341568535433701 -0.161352454117077
-0.0774302987379576 0.124886885131332 0.105993756819344 -0.0655673404751876
-0.0143353869011906 0.129471554426694 0.155184340896399 -0.0494608308487138
0.0654029975119269 0.0936749722549919 0.142577832939466 -0.0657961160339704
0.0801411413558242 0.0371245632659211 0.128247182599222 -0.0870284098235411
0.0698385319602394 -0.000322943438936444 0.102407070982072 -0.111556837283641
0.0561837365807432 -0.020265527206446 0.0755469524075745 -0.0984574024187804
0.0481560129086547 -0.0125804533135655 0.0567264406880185 -0.0408550679074542
0.0460267104758872 -0.0122908920332793 0.0779728920798666 0.0227236871262839
0.0675243140805042 -0.004380567939667 0.0756393582774235 0.0977493131948765
0.0819227623720165 0.0310319371329112 0.0331091394936406 0.168820485708526
0.0780340015736342 0.0729444019223865 -0.0833394690441747 0.167694926251001
0.0166836841044773 0.118667687199536 -0.131110275297729 0.0696485234489207
-0.0577490953698605 0.128646030228918 -0.0646053778800244 -0.0524260875657813
-0.0753199806464736 0.108010195242433 0.0759617959237034 -0.0669177370550343
-0.064235053772728 0.0259056737472092 0.0557497799806419 -0.192768512142322
-0.079342951741081 0.0671016895883228 0.0969145498191029 -0.0715148439627969
-0.0311014429816684 0.0856034705249413 0.146248312133135 -0.0180811881386827
0.0356716394165089 0.0572574383686028 0.151711364876082 -0.0268584157813153
0.0394897314741738 0.0165598426259783 0.155713470245902 -0.0666542334185429
0.0279018358686112 0.000917994051454278 0.125963328486959 -0.108431464617795
0.0213121889138217 -0.00613704541978408 0.0900623321738523 -0.100532720806525
0.0159405424028811 0.000719196934735861 0.0702000290934135 -0.0440718182483686
0.0162338813643915 -0.000483002492191376 0.0916380909060947 0.0179365589316641
0.0320463594273332 -5.70702323854887E-06 0.0910381342976594 0.0916827865070987
0.0491106154172848 0.0170905137772358 0.0521570803222431 0.160731902091268
0.0541730948697031 0.0516916509946607 -0.0564022497481324 0.163951615536869
-0.00125929509867038 0.089981439771537 -0.10181483667197 0.0733989173278171
-0.0602459888858359 0.079753336843243 -0.0413241125366353 -0.0406302694651815
-0.0612465303153147 0.0460260368063959 0.0962340726911596 -0.0728644492072965
0.0346740846758887 0.0111031243136466 -0.0921293612569158 0.0885857112860921
0.0465493915238151 -0.0292717327874927 0.0406156763970483 0.0532134695472564
-0.00187881455810933 -0.057099731490181 0.0970201971089538 -0.077088279220361
-0.0363608192390275 -0.018695929168997 0.0464795155251715 -0.175763723990392
-0.0188335609962291 0.00493306989178871 -0.0603005461110801 -0.166076015197866
0.000465013743214488 -0.00065063373870898 -0.110974177776238 -0.0938715531552577
0.00908557779821129 -0.0127264358643119 -0.104625335636912 -0.0207861142968048
0.0197128106817709 -0.0159450883918504 -0.0897797712025984 0.0424195755797514
0.01559476431161 -0.0148037423405713 -0.0890780813845819 0.098029739391291
0.0139070304155821 -0.00862464578635541 -0.124272379637881 0.114746692259235
0.00293533112101063 0.00142259363879012 -0.163287866200646 0.0812156100000597
-0.0107942169962516 -0.022278161064725 -0.172254542394707 0.0242015425714246
0.0321440721245195 -0.043113717330993 -0.153460599531238 -0.00309117392359971
0.0723923563907542 0.00283858817242907 -0.128060786430221 0.0303873877994069
0.0446109960422663 0.0356152080178747 -0.0758204995830305 0.188159227019896
0.0107282759760488 0.0677178907843402 -0.0903304573174558 0.0762508345881261
0.0375684517728654 0.034069966731044 0.055373281210583 0.0374249415252451
0.0189110507487587 -0.00881747633200349 0.0980387795831881 -0.09760433434188
0.00166883183391756 0.00783567873538556 0.0383721796105753 -0.182379934537196
0.0187830284830688 0.0159368545020593 -0.0601183711810434 -0.161882415508931
0.0359192099034206 -0.00436270644245975 -0.100082589392481 -0.0960967548781216
0.0397452466912002 -0.0253495496437972 -0.0925475997370618 -0.0297251747397039
0.0513230545417697 -0.0268556607615713 -0.0788150441047356 0.0321545128937416
0.049397162161073 -0.0257508183777875 -0.0729454980509881 0.0925301610208626
0.0603961344213639 -0.0105053413683026 -0.107753990282829 0.122437707529952
0.0521796161076182 0.0261851859036924 -0.158756199849002 0.105048609751441
0.0241737462102393 0.028355022703852 -0.190406160478309 0.042788285168489
0.0332238186567093 0.0204244822586964 -0.171428773049769 -0.00799688840404684
0.0452651810039667 0.0693662409896482 -0.125617298427568 0.0054246034383004
0.0124994968365099 0.105015444548072 -0.0663816268293179 0.155657328172861
-0.0153810342234032 0.116551361051892 -0.0753678412787124 0.0483075669091269
0.0249135611102166 0.0972615303617164 0.0808383723091917 0.020976632592208
0.0412945633954752 0.0458540738880479 0.117732540592991 -0.115002157026826
0.0472128241944421 0.0351249803341939 0.0483685059908046 -0.191201867186887
0.0603711427587454 0.0227518297613037 -0.0459259028789927 -0.161481895295726
0.0693085773178357 -0.00942317941148731 -0.0763230862004951 -0.102142627995312
0.0655747118806628 -0.035382310430964 -0.0684680071281169 -0.0438106775898403
0.0752839316440275 -0.0333650674990205 -0.0580155220445695 0.0169494274204977
0.0740930897005604 -0.0331076786130947 -0.0458916786578075 0.0811568881475303
0.0956860580867711 -0.015176664424298 -0.0737678771160775 0.128360808479773
0.0948704336969968 0.0383531103866356 -0.131920579645436 0.138804058221051
0.0632546463032579 0.0639304303283449 -0.19540509643638 0.0843310380504961
0.0415290890884786 0.0754666772041833 -0.191503208755189 0.00896111057593279
0.0208116896713309 0.12547787278734 -0.127298527126429 -0.0168830653842278
-0.0179803601408174 0.157010596040564 -0.0464558486291067 0.106271251732477
-0.040064322876528 0.148300436542437 -0.0530112030615754 0.00448217370552722
0.00630032153092426 0.14731639203251 0.102843327609811 0.00260247803640372
0.0536090990670112 0.0981981687253861 0.143827433825291 -0.119997369306623
0.0865898802084823 0.0629090477279575 0.0733629208446092 -0.18847172768528
0.0961914511602742 0.0286083046367537 -0.014105550285252 -0.159344301335078
0.0948110402581122 -0.0129016360071505 -0.0393222182951743 -0.110505228949216
0.0829555554329108 -0.0403732536387834 -0.0351430636495061 -0.0613652535883219
0.0872971262654232 -0.0353632393885277 -0.0297353923915426 -0.0005253010427485
0.0855438366783361 -0.0355915221996781 -0.0116971591280115 0.0654833048074426
0.11390397239992 -0.0199335920714859 -0.0302017750292856 0.127764900113791
0.122199075338298 0.0394020493493866 -0.0871029689973651 0.165877430276278
0.0952375893157797 0.0808517720457529 -0.180207827201695 0.129557704411168
0.0519606006349763 0.113824732927546 -0.199177323126971 0.0356923556436143
0.000626300863412998 0.162540223894255 -0.12743939824557 -0.0339858018355515
-0.0430929480657497 0.184341797862513 -0.020400468232344 0.0509543932055489
-0.0611665587122555 0.155420672066203 -0.026112004165346 -0.0513744463360029
-0.02076112185645 0.17254937076179 0.112778732096755 -0.0204756401189204
0.0459489636316165 0.135844423861913 0.161132421550287 -0.108284344582465
0.104254016519741 0.0883140541361999 0.10457799096739 -0.164852215333659
0.114445498325456 0.0356982185008903 0.0333100178438161 -0.146552637192454
0.105515454270216 -0.0117596860716563 0.00774108737878925 -0.117115177335812
0.0878291647466115 -0.0399358279262118 0.00317794771329732 -0.078699925892362
0.0859421431455472 -0.0323279475596035 0.00182748990366893 -0.0177373721773942
0.0830666771663459 -0.0319342931844755 0.0232885770953283 0.0477286361067806
0.112964404281882 -0.0189219056399338 0.0137950288805523 0.11897048835686
0.126802803234843 0.0379166995424121 -0.0371117034862545 0.17784968428232
0.107654048390759 0.0854868149224458 -0.14871802884469 0.160847366135464
0.0518005740027558 0.132894932329629 -0.188031783022818 0.0587162423533068
-0.0198485248984626 0.175403596368651 -0.118154763909875 -0.0460871994646099
-0.0626186094435484 0.183561614097417 0.0106529848102523 -0.00126076957500261
-0.0744450855156214 0.133827400621928 0.00316322987189793 -0.110695995830605
-0.0522780434042211 0.164227612291282 0.111661538231683 -0.0452161775977075
0.0180294981887586 0.147506363548054 0.162954495245759 -0.0837771092666102
0.0937485687309624 0.101700945536495 0.128752898242319 -0.120765082357288
0.108215975719509 0.0411267093289286 0.0842581434329318 -0.120572402614371
0.0962509905320677 -0.00634013617011797 0.0571485952125471 -0.11806030083456
0.0778035895679559 -0.0330715134250402 0.0409921110584386 -0.0919870997529712
0.0722760494550362 -0.0245373837391651 0.0316100381519123 -0.0315504592988278
0.0684914800118667 -0.0239344555723842 0.0550241037332286 0.0323524956914622
0.0950962665810934 -0.0134271334098621 0.051853082578946 0.107580735527964
0.110853650428052 0.035243268439691 0.0070830581761766 0.176660193027462
0.0991206191622332 0.0815430826762403 -0.111575439809874 0.173922890020912
0.0384659471384635 0.132939802394095 -0.162108575983802 0.0707719383369724
-0.0396558668509308 0.163453755611717 -0.0959071301494928 -0.0526419745832997
-0.0732258129913747 0.157231534486399 0.043230654266081 -0.0424635543870764
-0.0759375281755243 0.0883814154312257 0.030028859719025 -0.161178436018242
-0.0742805136353662 0.126624502937654 0.104085156408034 -0.0655597866886687
-0.0129779017583867 0.129457040914707 0.153877117590637 -0.0527522295238171
0.0667244929240695 0.0917144942443029 0.141332549983831 -0.0701196424575877
0.0801194500737096 0.0349654814538976 0.126568228816063 -0.0900353690749717
0.0680172255385633 -0.00147839123021261 0.0983586917265012 -0.114620992838036
0.0539903083970046 -0.0211595403331058 0.0698151794712687 -0.100698424745162
0.0473770737159022 -0.0130219413083683 0.05487780213835 -0.041186601371993
0.0445415861887967 -0.0129405218531449 0.0789131663322988 0.0216856898836937
0.0662527943491043 -0.00582450691522704 0.0791969168903908 0.0974128488145161
0.0823584241633558 0.0278963215095827 0.0387586787951856 0.16939372437952
0.0794219957212089 0.0694982983044996 -0.077964437734906 0.173599948815442
0.0197255705651724 0.118036471427268 -0.129278201257656 0.073857570212104
-0.0538230640854693 0.130425862484941 -0.0668746888021535 -0.0507204894880433
-0.0725694901518068 0.108822197518906 0.0724824829072662 -0.0675831544717795
-0.0642067624198484 0.0263813050862341 0.0505578130792798 -0.193094918321805
-0.0773833172767482 0.0690761483748932 0.0954484792112309 -0.0705148898806773
-0.0294147810321 0.0870870624383902 0.147401751659631 -0.0207977726910278
0.0364763018510447 0.0561203046776632 0.151769983523656 -0.0312557578957288
0.0390282615807174 0.0149076284866743 0.15446799424394 -0.0703214610187891
0.0264674408512528 0.000433657327385095 0.122269577880599 -0.112012156583547
0.0200651778683977 -0.00594219388796448 0.0846623577690189 -0.10321886402769
0.0154547399392155 0.00135009018285846 0.0676272723132129 -0.0442538715871949
0.0152514062849317 -0.000103626449330002 0.0916908862177362 0.0172264417828739
0.0313293533220111 -0.000641218497557517 0.0942449870123907 0.0907875986775117
0.0489988451874622 0.0149776648918033 0.0577425010629837 0.160598349212677
0.0554676133226025 0.0488654644978615 -0.0508885512203326 0.168674875708162
0.0019869678782499 0.0899014195988344 -0.0997639779768223 0.0773180566995419
-0.0577833368182682 0.0820800315356063 -0.0432480433109685 -0.0391652658955777
-0.0605180949493777 0.0466128843492484 0.0929871609227318 -0.0736920194570767
0.0355899637343653 0.0108910095506789 -0.0916097175232255 0.0888143580624199
0.0477083443316282 -0.0309248031969807 0.0420397029585761 0.053729422009783
-0.00303228290893877 -0.0571284810719842 0.0962141515113834 -0.0792278868977513
-0.0378762138100907 -0.0181729016751054 0.0427852502078381 -0.179360623276358
-0.0186272629755713 0.00610732187972747 -0.0641595646586477 -0.168222512969346
0.00132954788708553 -7.37613306164549E-05 -0.113128380523624 -0.0935866432879398
0.00925232843008205 -0.0129716864421328 -0.105721630857947 -0.0199426715583142
0.0201763451327723 -0.0165819029996907 -0.088674604698553 0.0423953743161484
0.0157883842144261 -0.0149651255471724 -0.0862135114509344 0.100309685927072
0.0138603886450268 -0.00883833382338417 -0.121642144038299 0.118951980827058
0.00316230404863115 0.00146946575343757 -0.163083429660831 0.0852340338620362
-0.0117890928198399 -0.0215230215772339 -0.174165383044746 0.0267667049371807
0.0311085791596428 -0.0443354017859074 -0.15665010094098 -0.00186061478776632
0.0742073505015605 0.000943295588427113 -0.130385307728795 0.0301314446645152
0.0467281995455636 0.0351942967202913 -0.0732472167725004 0.188347934536101
0.0116553625708527 0.0678146613141055 -0.0895048369050809 0.0768367920581132
0.0393936262012741 0.0326996751228878 0.0561269742162906 0.0374714320346038
0.0181435450073277 -0.00993681106628911 0.0959282971127544 -0.100239654224718
0.000620359804569428 0.00763050541881773 0.0344348364889572 -0.186059686270691
0.0191706837933654 0.0162563926298207 -0.0633957221581204 -0.163500565684992
0.0359704290900673 -0.00399452547122566 -0.101896804472793 -0.0955521511648259
0.0391789528323464 -0.0254111771005956 -0.0932281574699886 -0.0293253576746421
0.0513107431631259 -0.0278348607388478 -0.0782245948398084 0.0321117943334886
0.0495744830821374 -0.0259938138467307 -0.0704809648207337 0.0940906560450168
0.0599801900647982 -0.0108396046307259 -0.104577292219261 0.125712168725466
0.0531628124966663 0.0257608683340077 -0.157655051441233 0.109937247419937
0.0237656558826667 0.0291504087297966 -0.192186268764338 0.046709987754057
0.0326064196366509 0.0197253247247606 -0.175591227052763 -0.00678336965559284
0.0470410449532998 0.0685440870626426 -0.127669392515978 0.00548283151344368
0.0153560640327658 0.10491127716203 -0.0648181433332115 0.155419389499168
-0.0141176703276286 0.115919423235961 -0.0751844416645569 0.0485091084370477
0.0269757203217614 0.0959334567761994 0.081527632650392 0.0211338181344227
0.0401827620869862 0.0446799460351669 0.115780322132187 -0.118041119437297
0.0465330252475732 0.0338977119214016 0.0447548456746621 -0.194805665581161
0.0607661557221594 0.0222905258791634 -0.0490775896425697 -0.162978588116027
0.0689213998911756 -0.00944496774219332 -0.078313698258412 -0.102265628177249
0.0644838247136648 -0.0351657037710173 -0.0701096665256159 -0.0442929688941495
0.0745410250710552 -0.0349574307240639 -0.0577486801029507 0.0172044084607467
0.0734342787622898 -0.0337112907713641 -0.0432637332788556 0.0822602820704151
0.0952146015230083 -0.0164182758797293 -0.0702604164308703 0.131767800529396
0.0965323536722424 0.0370081718058608 -0.129444267059413 0.143470363399982
0.0635966846345457 0.0639215819946735 -0.196541595597874 0.0897476955017347
0.0415145151016306 0.0752551896254196 -0.195288332895914 0.0103345577913615
0.0228207293552289 0.124830452109069 -0.130661203209547 -0.0170814265255435
-0.0147137107380372 0.157271029092137 -0.0457839941170436 0.106641992789255
-0.038504477096357 0.147521547955489 -0.053088419532129 0.00428860108593724
0.00892921500995129 0.146900658997324 0.103316605802652 0.00234697180707253
0.0533988388742451 0.0971995317882434 0.142404378026526 -0.123432001372819
0.086432472224639 0.0612811254387346 0.0699803202194424 -0.19235562058241
0.0967488257208982 0.0273800965243468 -0.0163772687880361 -0.160675723489156
0.0939736640513305 -0.0135974909680384 -0.0414389854736129 -0.110846340486885
0.0814816341087756 -0.0410730930289248 -0.0371473508472464 -0.0622331553124226
0.0871366743282 -0.0368455747221154 -0.0294099284862956 -0.000215416862573507
0.0851919450391702 -0.0361735258952615 -0.00956976647461223 0.0659354116213827
0.112971263572229 -0.0214677173907368 -0.0261586689743335 0.130514487652411
0.123149072997295 0.0379794111284517 -0.083691099529838 0.169932035848432
0.0958746882118284 0.0801887225676609 -0.17912447279173 0.135700770738583
0.0522970455749161 0.113430902461016 -0.202170719473258 0.0380768839191025
0.00275549374166448 0.162943967259581 -0.131112666368123 -0.0334361525454367
-0.0401599801029158 0.184791496768473 -0.0206125002498805 0.0515278991246625
-0.0605427494311306 0.154740790597199 -0.0268374744675819 -0.0515156373454757
-0.0182938449025258 0.173063060170164 0.113583953096464 -0.0201238844119231
0.0459787790023158 0.135256904296529 0.160027660251756 -0.112079552869308
0.104403312616292 0.0865534009599191 0.102053179353168 -0.1688707274601
0.114798164602744 0.0344629506339132 0.031970506823968 -0.147683733864936
0.104509023873262 -0.0126499083086094 0.00566455885930244 -0.118649363362932
0.0862078517129692 -0.0403689085733651 0.000735730996000333 -0.0799622609104135
0.0855801495419403 -0.0332772761403407 0.00185175949048698 -0.0174673517802457
0.0827002462229013 -0.0324073450128994 0.0251624837476982 0.0480203807962009
0.112205050805145 -0.0201605159327502 0.0176930893719699 0.121247789754393
0.127495466189021 0.0354722391127442 -0.0323683359445595 0.180802439917783
0.107933870658517 0.0841725776069207 -0.146323489208373 0.167527702712906
0.0525563612665178 0.131891811834471 -0.190184839067939 0.0617412175645085
-0.0172173845093768 0.17620817648553 -0.121296564682911 -0.0452694589978907
-0.0597909873161507 0.184565630481078 0.00963284122449647 -0.00100691943604805
-0.0746036157011657 0.134021528800984 0.000854396470758461 -0.110764554758785
-0.0503875223073957 0.1660285827922 0.112109252312861 -0.0449446188969029
0.0178654194360523 0.147975633789911 0.162752170728172 -0.0866954210030601
0.0941688530693726 0.100505273781848 0.12697732680479 -0.123913749562708
0.108620204897227 0.0396885591502443 0.0842395118455811 -0.122466237036857
0.095355852814422 -0.00716953260523962 0.0556126147160176 -0.120039118542354
0.0760731996006639 -0.0329420451473285 0.0380520658454799 -0.0935844931985674
0.0713383264980371 -0.0250579329242042 0.0314863734020943 -0.0312858204447916
0.0676461313412061 -0.0240664981010968 0.0563341368597246 0.032157596993768
0.0942219125775041 -0.0139359730481695 0.0556063075190392 0.108766130911913
0.111238879325442 0.0331583400184832 0.0116247564399978 0.179237573993879
0.100123489164807 0.0797611042341757 -0.108959380908673 0.180037613939295
0.0401369980527246 0.133193269985882 -0.163079257114283 0.0742357113300077
-0.0371966406176222 0.164544414953835 -0.0986518323178832 -0.0512593907661179
-0.0706827856923805 0.157249191864288 0.0416471484784148 -0.0426199231493736
-0.0768658274097685 0.0886065498420707 0.0276865699191756 -0.161689787711896
-0.0736558342214363 0.128317685432971 0.104570253487597 -0.0644178837748623
-0.012891283126497 0.131230330264967 0.154465848077995 -0.0543919151485989
0.0678568747756394 0.0911121283070176 0.141252447251772 -0.073119156061071
0.0803634211255663 0.0337035398942004 0.127200020497341 -0.0921021611554865
0.0670793812012796 -0.00182188684310019 0.0970638425787786 -0.11758260256088
0.052444005319473 -0.020694628933108 0.0667676747383306 -0.102200122067469
0.0468063069735451 -0.0129135823138539 0.0540369935097274 -0.0407910335580365
0.0439042963403204 -0.0122094260963699 0.0796962339549733 0.0216363257745159
0.0651301277398944 -0.00637612496619356 0.0822415715764603 0.0977480024450406
0.0826784611333072 0.0262586350343897 0.0438800912312635 0.171607131255492
0.0802515509260819 0.0676256490022085 -0.0745702769167791 0.179268661026008
0.021268131692622 0.118465268229267 -0.129672138532238 0.0768627909433657
-0.0525750687388146 0.132335021555879 -0.0695951412827576 -0.049741599605071
-0.0715492705187356 0.108767983556307 0.0705607262316282 -0.0675949331577144
-0.0656712675525014 0.0264242946942904 0.04712556488611 -0.192911666661007
-0.0767956707147809 0.0710503575764684 0.0954992026402718 -0.0689945256690606
-0.029280004663994 0.0885361488025415 0.149088190537783 -0.022292782046309
0.0371349895310664 0.0556362265978212 0.152328699164994 -0.0335172971024091
0.0389276809727886 0.0143120082325073 0.156086954386799 -0.07289908657895
0.0255707523464251 0.000922400032580271 0.120454549641948 -0.115214914372095
0.018987877063791 -0.0053513354456774 0.0812667262865408 -0.104075250804759
0.0154052289437752 0.00179884573410376 0.0666197678809182 -0.0439479078336281
0.0148447580116452 0.000600113232412505 0.0923391509590639 0.0174228426165958
0.0303772727931237 -0.000887857760733731 0.0967042587647853 0.0914903376096422
0.0486671706034411 0.0137277810432074 0.0615194142495275 0.16237880196101
0.0562072215815267 0.0471644052392917 -0.0474871688092897 0.173454333249131
0.0030079209659429 0.0908242259460932 -0.0988323455637065 0.0805544533085037
-0.0567354998078772 0.0839527131887822 -0.0449143650010924 -0.0387219826496942
-0.0600524534312999 0.0463880337469668 0.09112357198623 -0.0740027823072534
0.036717104465875 0.0106154547635806 -0.0924106288719781 0.0901214485244134
0.048834112619407 -0.0334569533436528 0.0440699635828114 0.0546217821316054
-0.00441179089703768 -0.0584286663393998 0.0965480150718415 -0.0829996716440588
-0.0388109676062859 -0.0171056009292281 0.0390233955662667 -0.184750189640008
-0.0188746028474237 0.00697824592724896 -0.0681247069591888 -0.172167287242183
0.00193212912485411 0.000126140167560657 -0.116283900636751 -0.0942852981830948
0.00949742958995894 -0.0136224331035953 -0.107532826870606 -0.0198251570761664
0.0210726512200371 -0.0175251782420991 -0.0893952380858405 0.0433666238546284
0.0167913146620205 -0.0149498475083734 -0.0842333883069875 0.10267217870453
0.013839518169006 -0.00843058663923534 -0.120022552702385 0.123476300617385
0.00316871516463952 0.00196723791639883 -0.16392959602573 0.0897889079477689
-0.0120130188951235 -0.0211312922437963 -0.177442385045269 0.0296493482610001
0.0300954054068245 -0.0455237854621023 -0.16155852872116 -0.00106844260390333
0.0766325975723763 -0.00151383560882336 -0.134311393644629 0.0303047157714067
0.0495245478444919 0.0346816863430507 -0.0707444752051776 0.190621070112455
0.0129642655923656 0.0679183389237293 -0.0903261569464193 0.077760473894988
0.0418311570332345 0.0308450079695248 0.057673517251834 0.0380822674890942
0.0169441635545954 -0.0110649246307733 0.095938283673157 -0.10344724145416
-0.000273802394726121 0.00742038008951233 0.0313014344407794 -0.191230819233967
0.0198263296567777 0.0168322360597839 -0.0680137870139865 -0.166701188147278
0.0365030626985315 -0.00412166261957371 -0.105217098298603 -0.0965309671743146
0.0393679814807817 -0.0257673484934716 -0.0956426641364441 -0.0290137730999957
0.0514313398368372 -0.0294065068360698 -0.0790878447320365 0.0331591735000276
0.0500048703158405 -0.0266060192072308 -0.0682790942706411 0.0960846591666679
0.0607903060824573 -0.0117560052576991 -0.102709964896414 0.131076491070791
0.0545009966718763 0.0258423207031926 -0.15830900609681 0.1151237772651
0.0240702421086155 0.0302865844833291 -0.195243244565914 0.0512291392979892
0.0326115488914475 0.0190751657178374 -0.181378476722311 -0.00522801093327262
0.0495340850295153 0.0672587206827063 -0.13281035022103 0.00500781672021939
0.0186292212878691 0.105672111789995 -0.0629726747544493 0.157268410124617
-0.0131756935029199 0.11662983473039 -0.0758384048322119 0.0494180708166345
0.0299442339592231 0.0953976007957088 0.0831934252991376 0.021379908790122
0.0400008174270579 0.0439137810052666 0.115138880009436 -0.121792734620263
0.0460905556897084 0.0333011627248355 0.0408070802375094 -0.200020501952088
0.0619966926614988 0.022052893556238 -0.0520951970415309 -0.165866398648312
0.0694969478158398 -0.00980389997739463 -0.0810433749124849 -0.103072449627821
0.0645651822163561 -0.0364991816046837 -0.0724647900701381 -0.0444641534956138
0.075204768518051 -0.0364552620945355 -0.0578139027944429 0.0174342426021906
0.0743537977622613 -0.0348436097081756 -0.0411380952863194 0.083882153878384
0.0958650814795543 -0.0178384948451336 -0.0673266126753351 0.135799702183968
0.0985001559347853 0.0357873983743251 -0.127911803851924 0.149629652073281
0.0647164478178547 0.0649676137977456 -0.198242294164666 0.0955961180230148
0.0422162736091391 0.0751038992812994 -0.201155284902614 0.012818381064513
0.025233781162018 0.126007385844834 -0.135040773302793 -0.0168184660747669
-0.0116109851900956 0.158959715793563 -0.0453263409239703 0.10826034971943
-0.0384671473694411 0.148495223142493 -0.0545086683375575 0.00484052948386509
0.0118177786159786 0.14784457698069 0.105921422223143 0.0024480945468226
0.0536783312236386 0.0969537729864707 0.142141285280252 -0.127832966866187
0.0867433469158794 0.0606801068134581 0.0670670006323529 -0.198488562359223
0.0979764597379151 0.026416258612874 -0.018682564404096 -0.16328636477008
0.0946053821024638 -0.0140204381470282 -0.0437160211963209 -0.11286621056516
0.0814154611623557 -0.0417284546571507 -0.0399598467288958 -0.063016068808293
0.0871808735036151 -0.0378468315962944 -0.0300462111628792 7.39453020021687E-05
0.0859465613463478 -0.0372142028914872 -0.00756254954446084 0.0674604372960585
0.113473029762639 -0.0227565522122643 -0.0228491795161673 0.133793392285415
0.125301655726068 0.0363443597311149 -0.080508232536222 0.175088514772958
0.0972066581713786 0.0805172061459669 -0.180325692697841 0.143622459646081
0.0539480749371047 0.113940109382351 -0.207143504775362 0.0420217554664717
0.00496826532317031 0.164852777910204 -0.13531211035612 -0.0333845538547203
-0.0377843249650766 0.186698379152164 -0.0206110285344345 0.0520542572048915
-0.0605347522340371 0.156254426496458 -0.0279312684586033 -0.0523784244852782
-0.0155258659362457 0.17524902521641 0.116076886518754 -0.0205710313438717
0.0467566090047283 0.13632467622483 0.16096789014193 -0.11639435729381
0.105601414508142 0.0860487440824519 0.100137095462343 -0.174015821032906
0.116527881442272 0.0338003828646008 0.0313323785963052 -0.151607833379595
0.105037350680167 -0.012880463681139 0.00458990362173192 -0.120877414469356
0.0854028508957754 -0.0410894501953268 -0.00223935715521831 -0.0813219496107341
0.0863200180446805 -0.0342013668817936 0.00152279482818026 -0.0171416297042239
0.0827278219312151 -0.0336634198396407 0.0271963429221061 0.048937081330978
0.111866117398069 -0.0218739531340234 0.0226522428970004 0.123939407851944
0.129528767881046 0.0338562358985148 -0.0284648551045345 0.186416226939626
0.109836049389249 0.0837210041404278 -0.145100506292522 0.175686429318005
0.0542128096827442 0.133155655954141 -0.194369706702098 0.0663763796560231
-0.0154487091180402 0.178903092851844 -0.125217607543337 -0.0446444687692985
-0.0575659820026627 0.186542241860416 0.00886716242956283 -0.000606507455835444
-0.0753456133214728 0.136260806761895 -0.000647145746473877 -0.112225656828448
-0.0490945923175193 0.168634194630091 0.113983664869602 -0.0443499511905486
0.0186744194575559 0.15056556110383 0.164199652134152 -0.0899680661903946
0.0962019200724334 0.100547198099055 0.126888000926215 -0.128809531435012
0.110439707449405 0.0385795665503491 0.0850093124647589 -0.12586396022542
0.0954520540671769 -0.00732428076223344 0.0547461638803577 -0.123692730287478
0.0756347185814234 -0.0331985557594448 0.0350190703341963 -0.0963239582606187
0.0718369140202107 -0.0255316018034791 0.031797975486987 -0.0315039479440847
0.0675593805424171 -0.0243286536609414 0.0583017141478464 0.0326742877678491
0.0941825187902328 -0.0151638596168752 0.0601459504580164 0.111281599468686
0.112637828409578 0.0312256089912031 0.0167869815970344 0.183786187010151
0.10192795098122 0.0786076754282088 -0.106437912706699 0.18826756073258
0.0417602866496048 0.134319945599569 -0.166203367349474 0.0790355434283826
-0.0355681691946291 0.167806498427744 -0.10234185379444 -0.0502883551660427
-0.0689622710285554 0.159605105158425 0.0406666175685994 -0.0430296445027579
-0.0778779761995974 0.0901884178699724 0.0257897494910823 -0.164081380768889
-0.0733230595253031 0.131504523067111 0.106187338235234 -0.0637280820092388
-0.0125477309866045 0.134067802161325 0.156633564198987 -0.0569357446099625
0.0688805070261898 0.0913330623219129 0.142108517720648 -0.0766977988223453
0.0813700073824371 0.0329320347984223 0.12959639756114 -0.0958584379124728
0.0666929922607931 -0.00141645015565493 0.0969258663413002 -0.121729443273564
0.0519448552901581 -0.0203897754649836 0.0641836311546062 -0.104780474141606
0.0472974635357308 -0.012842871940777 0.0541679148520601 -0.0409828336495136
0.043540980652561 -0.0120184454824523 0.0817623026858192 0.0216619350919338
0.0652131761282496 -0.00681100798462917 0.0864958854747864 0.0999087216095888
0.0831876544463789 0.024902945904674 0.0477426341496426 0.175043531027797
0.0815896017261891 0.0668728672922786 -0.0714899986366631 0.186391062432152
0.0231327882469331 0.119611126780917 -0.130893841422224 0.081493640594658
-0.0508209071838752 0.135190734185435 -0.072788911829554 -0.0490553354058036
-0.0705401428392021 0.109396043028874 0.0701259524092034 -0.0682587769705423
-0.0675910823358026 0.0273038267515479 0.0451635039661894 -0.195167181809295
-0.0771325794176294 0.0737997513396574 0.0970286311527533 -0.0682285770332617
-0.0287816934163257 0.0916159524666068 0.153109892128027 -0.0239307957910604
0.0380418161256712 0.0558721115060163 0.154603824609439 -0.0364721886451283
0.0389365545162621 0.0135166258978099 0.158099007101521 -0.0770223435050863
0.024798335379868 0.00149158450697152 0.120431716104811 -0.120449298465651
0.0182864408446367 -0.00459362178896367 0.0792342780474977 -0.106558622588148
0.015551411699917 0.00246600197493919 0.0668313853600208 -0.0438762134332173
0.0146769977917539 0.00117895346809934 0.0942083846619431 0.0178700463422007
0.030278985566232 -0.00114947957364317 0.100272211238626 0.0928282910795399
0.0491033320633812 0.0124589369227339 0.0660374215719777 0.165476443085168
0.057721941527334 0.0465379223547841 -0.043988607885042 0.179552658766483
0.00471155803139147 0.0920662370563423 -0.0994886823354358 0.0840907918934961
-0.0564581822258936 0.0864105554612286 -0.0476340044944358 -0.0381043920961598
-0.0605470195968555 0.0468425861173347 0.091094795904154 -0.0747344419066362
0.033952472496002 0.0160618741583364 -0.110141235413268 0.0720723360878447
0.0544111992690119 -0.0256552299027652 0.035241738549908 0.0664507469008792
0.00668311224649852 -0.056827866455712 0.114802640036816 -0.0629380780017776
-0.0340965692743631 -0.0212735325603708 0.0743777782124053 -0.178622220031537
-0.0169203482069286 0.00576010061234632 -0.0356954234253682 -0.186854942829193
0.00352966167126829 0.00183081856442793 -0.0968153293827416 -0.118868417137172
0.0122565490471467 -0.0105870913799555 -0.103377220792369 -0.0427026088037817
0.0251252666654437 -0.0137993894908691 -0.0977028382341186 0.0233881129839189
0.0208373869860382 -0.0118180136621166 -0.103025258668565 0.0853594836798907
0.0159626023311792 -0.00513991876294058 -0.143147928932581 0.0981162215796967
0.0033642508857564 0.00322912891713524 -0.181934597699859 0.0565943609066364
-0.00778078125884882 -0.02118826681355 -0.185671298997462 -0.0094517679392661
0.0393571854807272 -0.0382304566194953 -0.164559464143831 -0.0373617707022636
0.0774356613162383 0.0156283046943411 -0.144235610353156 0.00170623191267813
0.043190384513139 0.0455880012697374 -0.114061649796352 0.177874847226054
-0.00062404828117868 0.066905892880084 -0.105652316133352 0.0610044357829957
0.0353110000214234 0.0367847790817247 0.0496908066112467 0.0518009423247682
0.0184342004412066 -0.00626141073212755 0.115523994329086 -0.0823459819373815
-0.00168292585973234 0.00952511790557007 0.0671907633538318 -0.18564511624804
0.0181736665254895 0.0226027538467895 -0.0359475857164378 -0.18092655888326
0.0382149211573999 0.00466997509314012 -0.0859675144425007 -0.117966489748796
0.04395624921652 -0.0172245992168072 -0.0896335958963384 -0.0496969797460805
0.0585311919098176 -0.0191204867336522 -0.0845840377688616 0.0155623672001257
0.056180797785108 -0.0155321615598171 -0.0854855233935852 0.0821553783135761
0.0623281914043388 0.00166501466498182 -0.126008223076587 0.109316853785993
0.0490858730250019 0.0370266052669926 -0.178262331726595 0.0851962662972862
0.0165571561774285 0.0374153447136169 -0.207123518793176 0.0114723910561759
0.0261936811242592 0.0267444116230429 -0.183679387673925 -0.0436500836716296
0.0350883881690718 0.0783063810285539 -0.138610122445537 -0.0235967642274845
-0.00308050038568559 0.108350767620088 -0.0990376264404335 0.146703192331143
-0.0365276549487593 0.109005086491457 -0.0869961431446406 0.0354713533739134
0.0117603270207985 0.0986846472589147 0.0764413284317413 0.0385432854433547
0.0302527583366634 0.0520649070875525 0.136019572677152 -0.0974984832612897
0.0379657763082307 0.04286631839987 0.0782493829807418 -0.191969746444434
0.0575610189616922 0.0358439630466532 -0.02117792244711 -0.176866968495382
0.0705444743835453 0.00566756712019516 -0.0609788241296273 -0.119159534973515
0.0700853982553979 -0.0224239301910302 -0.0633988042588282 -0.0601617870015522
0.0835816093465529 -0.0210063668646389 -0.0613153126957691 0.00499029855880409
0.0814127943951395 -0.0181359161139388 -0.0560314678622976 0.0759088031122847
0.0985655433117655 0.00291733661994744 -0.09124886786158 0.12244035738297
0.0898875630340809 0.0565515834011878 -0.153928080072765 0.125703684560846
0.0487271745742207 0.0803628516207736 -0.217566767368277 0.0578840685461461
0.0223222886782734 0.0852259369464126 -0.207275118134987 -0.0269610035339251
-0.00214126352217579 0.130821109750817 -0.138009347700345 -0.0457364445063279
-0.0452181155824904 0.15482862455292 -0.070361605974743 0.10034987742714
-0.0676667541832489 0.136191060448772 -0.0569167383315428 -0.00492671069137395
-0.0154620113132131 0.147054317935565 0.100670444263238 0.0231032844746782
0.0328830026978453 0.107381727735385 0.162963108359868 -0.0978007457378852
0.0718032459660444 0.0772184825838639 0.10301870613039 -0.183765247869912
0.0914099187864527 0.047812871457267 0.0115216523728712 -0.167723090691743
0.0955953559704783 0.00671866196931727 -0.0214976227888062 -0.121423012971349
0.0870019684873525 -0.024508400623738 -0.0272056719620049 -0.0716517072410653
0.0952705700913051 -0.0198478099132789 -0.0298946823667107 -0.00631690132627341
0.0923315028429901 -0.0182858885222236 -0.018841293609496 0.0667297742119399
0.116472973673584 0.000909088507766525 -0.0461803605711072 0.129531309242955
0.116818912060043 0.0622365959141278 -0.110494316514133 0.161747139516298
0.0776540428014986 0.10209335127324 -0.207617706862715 0.110688504540189
0.0252133392146077 0.127288309641319 -0.218930060025907 0.00356364053784719
-0.0311663251990247 0.16582855409992 -0.135884887602637 -0.0618112091174817
-0.0770147089583411 0.17673530679489 -0.0330243286578932 0.0498615563277974
-0.0906094017783427 0.139422337328969 -0.0205354365241603 -0.0564148921424124
-0.0477346192658396 0.169173432924299 0.114366456675838 0.00186951046474727
0.0177634504904685 0.145199678915427 0.178205672789594 -0.0821964970693371
0.0845646808907934 0.105642034037583 0.131116409380144 -0.153499626112111
0.10736635236326 0.0584134136208801 0.0590611313727359 -0.146351174865488
0.104692127158639 0.00984473316750382 0.0278442348377617 -0.119855483423661
0.0909524621683638 -0.0228355404080585 0.014254386593147 -0.082581459735172
0.0935131006559971 -0.0161355359971987 0.00561044478810525 -0.0164886004726257
0.0881045143252501 -0.0144992114574214 0.0188090706427537 0.0557338647658211
0.114809086970301 0.00128676881153741 0.000926386842806782 0.129143030524599
0.120683217551705 0.0604719976197534 -0.0600459870951869 0.182686231904197
0.0892931908078674 0.107350061212345 -0.179219523596551 0.150805261126426
0.022238501750372 0.146457489327146 -0.210188345238209 0.0319840756444131
-0.0544142026753155 0.175122399236433 -0.123435314901905 -0.0708704934213218
-0.0969882188008046 0.171710037851965 0.00864320966561271 0.00249882105407037
-0.10055163608577 0.117584121050304 0.0188068630912753 -0.11118973822044
-0.0792485715542474 0.157659824436555 0.117130675597841 -0.0234746531475666
-0.0127604288327604 0.154162866728564 0.176079097572688 -0.0564375617602225
0.071844915115188 0.117929485978948 0.14900739172635 -0.102469584999846
0.0994941036755938 0.0617044729855465 0.108315843049143 -0.110762957367469
0.0942512464968985 0.0138993320861125 0.0788860448229053 -0.112800481427567
0.0791742958933853 -0.0172280045910265 0.0545823423938379 -0.0887790526383824
0.0774455791207551 -0.0102902506069877 0.0378641648157091 -0.0240408082043223
0.0711804296329058 -0.00880142087429505 0.052481677569447 0.0461514553793623
0.0948424075735179 0.00425262214007215 0.0394826739585436 0.124316245782881
0.104828335806905 0.0542787842053048 -0.0153940398360784 0.189294455040783
0.082698381144296 0.0999766921449688 -0.142226384327952 0.171961317251472
0.00999004388118799 0.144848305428752 -0.183002492083442 0.0509027064477339
-0.072381046528899 0.159658229894251 -0.0985560121699689 -0.0717792311937418
-0.103625052603743 0.141659974644617 0.0508000298238675 -0.0334974223136141
-0.0939825585974143 0.0734242226267699 0.0541987775392294 -0.157813072031886
-0.0955257520186709 0.116852820861986 0.11513550300769 -0.0437855852772546
-0.0395653470512229 0.132533808948391 0.164014039499583 -0.0256661726485763
0.0476554158503886 0.103342067617497 0.153931856823137 -0.0476480426457095
0.0717632393570442 0.0503766521135757 0.147349288043968 -0.0718727134892317
0.06451923513715 0.0137509673720454 0.120990407257035 -0.103092154250435
0.0533587657580752 -0.00933534616872435 0.0849421663228131 -0.0916964105192604
0.0496044690057004 -0.00275549225595846 0.0619629071099828 -0.0281018301490711
0.0447632990260756 -0.00128280850716553 0.0774882415643595 0.0397962693842462
0.0649124818353371 0.00638809172758038 0.0674858374490627 0.118506465569798
0.076825147817468 0.0415499107655775 0.0162069767341925 0.186424696106299
0.0662700489575586 0.083127988305571 -0.107611208889954 0.177081713045975
-0.00533768475242481 0.126058520031179 -0.148735895939415 0.0605244210089151
-0.0809143021560482 0.124161573414737 -0.0675184690879454 -0.0643008200072799
-0.0945870652556782 0.0923360116389987 0.0861094806591896 -0.0527533179099222
-0.0707861404464788 0.0152042254707851 0.0806356557026889 -0.185733616797981
-0.0889654470249125 0.059549692075295 0.108992800482283 -0.0491752108819934
-0.0468858594544787 0.0872048999332055 0.154479153636903 0.00650476998654844
0.0248026270235887 0.0630069064675589 0.159895996033249 -0.00491553724918038
0.0332857298548578 0.022163836003335 0.173120761867107 -0.0471845856957479
0.02225116498052 0.00806905731241742 0.14390419247834 -0.0976696159472076
0.0174020192064615 -0.000450617355700482 0.100427011720828 -0.0905275831785943
0.014965016580302 0.0065260115075002 0.0740829100974398 -0.0283378419739498
0.013107504171154 0.00564252064734869 0.0900614815752816 0.038326237552675
0.0294963044170187 0.00492049164962191 0.0813785010059297 0.114639900647876
0.0455265212013328 0.0215370401978265 0.034445237369669 0.180322402094906
0.0476271432330682 0.0578897909259683 -0.0791836584792266 0.174986576518688
-0.016720851980448 0.0946591656058886 -0.1168802278696 0.0687360052140764
-0.0751875551395431 0.0743281448970725 -0.0433240826640738 -0.0485703191348027
-0.0709618941632852 0.032446203618133 0.109219885415126 -0.0550817142945134
0.0352086538009984 0.0159914272935069 -0.110175873327326 0.0741530183668908
0.0554053705809376 -0.028593688354772 0.0382690444449808 0.0668877279717411
0.00465328327675565 -0.0583290723030774 0.115859596628914 -0.0668908916975457
-0.0354356149100689 -0.0201183509398528 0.0705807072010121 -0.183728552495615
-0.0163748326223759 0.00654808206280307 -0.040888019334749 -0.190618641447368
0.00474604314355035 0.00187565201509916 -0.100371743531344 -0.119380270759655
0.0125973264498847 -0.0104450316998998 -0.104898921517233 -0.0412979419548837
0.025811610589289 -0.0150024185027086 -0.0983786305285079 0.0248745052549012
0.021814758170021 -0.0117438592177159 -0.100336838049547 0.0881521472442036
0.0159632548502757 -0.004862319269731 -0.140580220005548 0.102772865754933
0.00324185885457174 0.00356659368277792 -0.18298316273416 0.0615453779176932
-0.00844603873110514 -0.020578845449781 -0.189764659346299 -0.00565390000088946
0.0385470170454178 -0.0401212442796541 -0.169026937580952 -0.0363019606726241
0.0803807519001523 0.0131924996820528 -0.147933789675922 0.00169267218152557
0.0462989820853688 0.0439874589315256 -0.110964413031073 0.17998808683735
0.000578690704760514 0.0668703664782058 -0.106492924768932 0.0622332510066512
0.0376912822786183 0.0344706753223357 0.0526008247656367 0.0519462786388656
0.0173202698730533 -0.0077587395385422 0.115279746918293 -0.0865580203505623
-0.00282044054147473 0.0099480549931344 0.0630783032639161 -0.190410778623908
0.0192220772994494 0.0226347943869732 -0.0407071619517267 -0.184012782644509
0.0394455115529625 0.00468561507524026 -0.0884586630609883 -0.119176602451242
0.0438893664414342 -0.017596922656447 -0.0912523027079852 -0.0491076134828162
0.0591815230923481 -0.0207552549837953 -0.0851513276071606 0.0168642947710696
0.0570772667556815 -0.0165912883491323 -0.0822227763853663 0.0846098365921982
0.0633540064658438 0.000667007420169272 -0.122968293698534 0.114049251418716
0.0501834430959855 0.037050530358674 -0.178248406958915 0.0905905095796606
0.0166549723541135 0.0380275133126023 -0.210029242731149 0.0165277692944858
0.0254501308593318 0.0258004582983225 -0.18937177748372 -0.0415339066247829
0.0376576120099208 0.0772345610367057 -0.143135154320864 -0.0241374982754354
0.000467214305920814 0.108328811465829 -0.096844509665838 0.148631753592591
-0.0349105586172949 0.110176082770541 -0.0878703269005708 0.0363159699207474
0.0147069724046528 0.0974797826198585 0.0789290178484196 0.038587828512023
0.0300997578715094 0.051079547898504 0.135713198482842 -0.10095419097314
0.0376746236745189 0.0422502354608482 0.0737107836046515 -0.197026696875879
0.0587845068235413 0.0351059505955676 -0.025274422873951 -0.179273673554849
0.0715699827297665 0.00498756244732837 -0.0629711514790501 -0.120326362463134
0.0701035734859863 -0.0230000695867562 -0.0652614642325154 -0.0599800755864008
0.0840458978150655 -0.0230607192893649 -0.0609443729161758 0.00576636816212297
0.0821455974619751 -0.019566821570064 -0.0528732971149008 0.0779802951564064
0.0990463231031185 0.00134542139071904 -0.0874319497419571 0.126835849949245
0.0917714404749104 0.0556258956161997 -0.151612351532438 0.131692206294833
0.0503404261491695 0.0806564671045783 -0.219621021632913 0.0648248011179902
0.0230457928325293 0.0852559363519368 -0.212378746415031 -0.0232471510924032
0.00091653633511694 0.131375777747028 -0.142300857933151 -0.0457261235441374
-0.0412088329126018 0.15435096653812 -0.0699599854562873 0.102236169233332
-0.0660986743481977 0.136655512856179 -0.0579773008556751 -0.00450777328651089
-0.0119538114043351 0.147787848060731 0.103573117722492 0.0229133780151489
0.0339419138303067 0.1069486599813 0.162107921083288 -0.102088887242245
0.0727740735854003 0.0756541840034984 0.0992568116895645 -0.188967022926137
0.092558491838555 0.0459773907318928 0.0093512601934487 -0.170910541526374
0.0961511126132476 0.00576940691097035 -0.0239056201001641 -0.123364375092222
0.0868502215544845 -0.0251802700691316 -0.0297127255869414 -0.0719300482654706
0.0960575638714315 -0.0222551620060233 -0.0292209521407763 -0.00580422584066888
0.0927446704037996 -0.0190960554690071 -0.016587762341247 0.0684278144371955
0.116832389549014 -0.000817859300144107 -0.0415401587490169 0.133753014580069
0.119115956488802 0.0602696762505 -0.106569932721335 0.167790473020816
0.0798675728846265 0.101496016591483 -0.207401079117448 0.119768518212994
0.0265998664270275 0.126945712927952 -0.223458194990216 0.00867077207431612
-0.0285785668262387 0.167218515456299 -0.140490079533772 -0.0610348783476236
-0.0732048792358062 0.177841366031751 -0.0330591010934158 0.0505683264108189
-0.0898431170188366 0.141176947011461 -0.0216681306452491 -0.0564221946480367
-0.044671866254682 0.171144016545288 0.116947462276737 0.00151992927871905
0.0192822084782842 0.145590232767289 0.178290898853112 -0.0867299299027301
0.0859820132810768 0.104907146767456 0.12860146481243 -0.157776227389543
0.109068119148612 0.0562695517756004 0.0578129572451001 -0.150123858723096
0.105071918895567 0.00889841160013191 0.0261297325357052 -0.122814347392431
0.0897898439392215 -0.0239840256930675 0.0117630179558931 -0.0836977306928691
0.0937810660849324 -0.0179101974125693 0.00536710197516719 -0.0161594291992464
0.0883320542333637 -0.0153024817606572 0.0213220831410379 0.0564448030983957
0.114284672872849 -0.000751229959285983 0.00569921266033772 0.13187237322028
0.12299174214287 0.0581312252897762 -0.0552017527964622 0.188334145929105
0.0915029147971881 0.106280525065537 -0.177273243251965 0.159830176884648
0.0242366018823527 0.146938281824756 -0.213026106177121 0.0378104461553377
-0.0516125043667685 0.177735675811531 -0.127287448549114 -0.0702977597062134
-0.0944158879215581 0.172375063832506 0.00817350426194739 0.0023626126163001
-0.100422227763602 0.119324052634674 0.0158982229081866 -0.11224095967517
-0.0769872611872536 0.160014083634585 0.119384463194794 -0.0237604143051498
-0.0116258588215623 0.156217763180829 0.177465160241612 -0.0597511324620528
0.0738600584856672 0.11783496111528 0.147702650092053 -0.106722096905145
0.100781604655297 0.0604919489161935 0.108318688900049 -0.11421768793757
0.0941688525155923 0.0127867951477216 0.0778849981678541 -0.117215892955043
0.0783801876959097 -0.0180119810545058 0.0518349000490052 -0.091440809235613
0.0778060587279527 -0.0114002338169955 0.037774687578646 -0.0241009568980346
0.0714301651219632 -0.00918692779940134 0.0548534394812497 0.0466637591279389
0.0947891420083994 0.00267233071241659 0.044816800371154 0.126199165519135
0.106195873674298 0.0516992811586254 -0.00961059795821896 0.193615312279552
0.0846100110403553 0.0984071589879586 -0.138877863888257 0.180495196020329
0.0121678829988987 0.145360763050327 -0.185092552863584 0.0557672874732452
-0.069882513762942 0.162299780018511 -0.102537976852508 -0.0715471475117198
-0.101334522395666 0.142887819298391 0.0492700709907854 -0.0343039810590106
-0.0947334977105069 0.0748518691804843 0.0512782756263981 -0.159441342318542
-0.0946566111715786 0.120085035250822 0.116920153763541 -0.0432840350718454
-0.0387769652030629 0.135402063705568 0.165670395963806 -0.0286554969087439
0.0495595606157419 0.104233854846351 0.15525287462403 -0.0504671247148079
0.0725899625837521 0.049057964546975 0.14851675137937 -0.0765253104753728
0.0644801780429698 0.0136528230824004 0.119760254841893 -0.108518508817647
0.0522722419960655 -0.00958495280163234 0.0823122790301888 -0.094333688351002
0.0502489199027629 -0.00306102455315755 0.0617770921686502 -0.0284149257159012
0.044289085207702 -0.000807005039043037 0.0794082136699335 0.0402693571278576
0.0638149428220307 0.00595541454768625 0.0720948548251848 0.120183188111114
0.0776932075949705 0.039357580442899 0.0220576167501059 0.190059049706687
0.0678442170999894 0.0813561771954231 -0.103290150973938 0.185241283120793
-0.0028706768575105 0.126648359293898 -0.150019728725319 0.0652859183826572
-0.0784305123818116 0.126936564787085 -0.0707284476119267 -0.0637086067548991
-0.0940335762289129 0.0926856069125078 0.0853244847706397 -0.0539928517406854
-0.072271407223277 0.0161831297636161 0.0768980930570248 -0.18769525893231
-0.0891321992677034 0.0623929689645975 0.110856236606883 -0.0483450737130873
-0.0459946634375578 0.0904495156029241 0.157455546653827 0.00421897488610851
0.0260545505134645 0.0631200635358623 0.161771389469554 -0.00710895450696713
0.0336791814746022 0.0217607452754618 0.17548827071441 -0.0523038684002875
0.0222808863159726 0.00881899793355493 0.143132121993673 -0.103885171233662
0.0165344370233545 0.000588044820446676 0.097922596323253 -0.0934135681823576
0.0158703620689511 0.00659944469355843 0.0748053701665506 -0.0283194472533108
0.0129575778173437 0.0064594950984839 0.0916507501343444 0.0390237600855317
0.0289167552588694 0.00491663928885834 0.0856136094996273 0.115571957401433
0.0456082276993461 0.0202558234262387 0.0400222662933869 0.182656465528148
0.0491789673643625 0.0562357730821536 -0.0748150829960193 0.181595608427812
-0.0143127710705488 0.0962149121086802 -0.116792238409989 0.0730664664649468
-0.0744150823241369 0.0773093600552906 -0.0458708975777221 -0.048093262422908
-0.0720516441545047 0.0328283237043445 0.108941314739897 -0.0562710645268449
0.0361881028716219 0.015805143228235 -0.111661334339509 0.0749207565006877
0.055887894074203 -0.0317506217240303 0.0409480759111249 0.0682547512087308
0.00295017011701442 -0.0590740562738093 0.117438025124864 -0.0693588897025611
-0.0365405406501118 -0.019427088996817 0.0688748947606174 -0.187448540643251
-0.0162944341600846 0.00662670012112101 -0.0445291466874175 -0.193971118815247
0.00606421214210258 0.00205147826287302 -0.102456178544348 -0.12083496004609
0.0136572544503083 -0.0104217220473379 -0.105239382095095 -0.0412477034241867
0.0269196540456615 -0.0157908101587934 -0.0983422179165102 0.0253180567596116
0.0225451146552608 -0.0122992639674529 -0.0981066408369657 0.0896460908626674
0.0165148489621876 -0.00462501622432547 -0.139172920572379 0.106356311329104
0.00352400991175533 0.00406047986098964 -0.184261944964671 0.0654799708500556
-0.00931945017195755 -0.0200525345735503 -0.192512027097135 -0.00359237793600254
0.0376032260032446 -0.0411154734482181 -0.173513983307956 -0.0359722378774063
0.0823909907419074 0.0107881631875719 -0.15225049199664 0.000548201579362151
0.0484106286021892 0.0430056614936194 -0.109584548869104 0.180923086550815
0.00173089960364518 0.0668781794876963 -0.107975852446074 0.063032510726935
0.0390256359209333 0.0320271242432782 0.0545461934743299 0.052785656209883
0.0160157201561993 -0.00911340491808141 0.116295749961806 -0.0889909341015035
-0.00386237080114337 0.0100034547536124 0.0606510466164578 -0.194118807627007
0.0193256202875096 0.0229579627778609 -0.0436704523138182 -0.187452349650032
0.0403049477744259 0.0043884580536542 -0.0903674872999527 -0.120446488305249
0.0446584391048503 -0.0176146364452748 -0.0922810798292177 -0.0491823661802882
0.0599376411665389 -0.0219814518177443 -0.0850470900549025 0.0176292048850441
0.0580965507168799 -0.0170715672356774 -0.0803878015601376 0.0859396305256849
0.0637798959028506 0.000823673171196166 -0.120979920472128 0.117124386411456
0.0514332506967937 0.0370776393733712 -0.178480446917058 0.0947673055702777
0.0166351077308603 0.0386831832064865 -0.212409894543182 0.0199492915085459
0.0248061145145832 0.0253357194034503 -0.194454239609437 -0.0409166565486802
0.0401224253631893 0.076409189442963 -0.147520030056858 -0.0251150888634335
0.00259131546002334 0.106965921979625 -0.095868245995254 0.149336738227567
-0.0346837058094869 0.110293092858498 -0.0889445021053504 0.0365073383456446
0.0168131725207893 0.0964887658991301 0.0816478919672932 0.0387523306642793
0.0295606032099671 0.0499836605805703 0.135922964304506 -0.103986432542366
0.0368240219916626 0.0418798013373403 0.0714087987390629 -0.200331079261445
0.0591119554301498 0.0349455733815125 -0.0269513088199904 -0.182746456347514
0.0726236759502641 0.00471521048105356 -0.0652750482099521 -0.122836936724295
0.069799770647246 -0.022524909301262 -0.0670027749541368 -0.0603534304853601
0.0844904657207861 -0.0239582538208009 -0.0608910707191105 0.00653225838348889
0.0827670731629008 -0.019794958025807 -0.0499407878803828 0.0793310553173856
0.0991647462903957 0.00089687859297902 -0.0840953430348786 0.129473854805709
0.0934055063511987 0.0551213966122214 -0.150558870056544 0.136341717977585
0.0510937197805916 0.0812230241305321 -0.220869362433448 0.0704296917252871
0.0226932187153721 0.0851679513950428 -0.217838170450225 -0.0213627718453875
0.00265221658990758 0.131713120188788 -0.147384458626754 -0.0468981755009496
-0.0392269649444009 0.154232084897161 -0.0688892186666613 0.103136873005001
-0.0657800170208208 0.137440724380556 -0.0597121364365389 -0.00443232291639827
-0.00994059141470836 0.14781186032387 0.106070967435108 0.0230107377296258
0.0337326916427445 0.106541303882228 0.162797863192047 -0.104769557488585
0.0724526952245452 0.0754030251734329 0.0974500164952721 -0.193639263999191
0.093470665662598 0.0455203449753145 0.00777815651211223 -0.174352473178428
0.0966934501832535 0.00553628762129851 -0.0250657019755163 -0.12629653903509
0.0865497136660684 -0.0249385321615522 -0.0309765044195196 -0.0732553380143749
0.096660523702338 -0.0232724860367958 -0.0288153336245723 -0.0053187093779794
0.0932336700096188 -0.019394050516339 -0.0133113633657206 0.0692593810915266
0.11712977557243 -0.00163473141022998 -0.0372914195547308 0.135977778866903
0.120377619471023 0.0590497626118176 -0.103756751074394 0.172261103393541
0.0808935249789267 0.101721451366135 -0.207611389072076 0.126169042892348
0.0266738573657292 0.127393017357801 -0.227644692235877 0.0111643246785861
-0.0261358377910107 0.167978673509124 -0.144962856023255 -0.0621603196084191
-0.0714170138901672 0.177475540820319 -0.0328823642135494 0.050712207319144
-0.0897117117112612 0.14136780052483 -0.0237189982419195 -0.0570360556699285
-0.0432364903980821 0.172431145501657 0.119088594758247 0.00211885923735913
0.0191405332945046 0.146715033575453 0.179470173660415 -0.0886946199242145
0.086595571012521 0.104650392886144 0.127474654201803 -0.162284105955623
0.109649064369484 0.0556742792285541 0.0577717598207437 -0.153203415654542
0.106026546399507 0.00902047933808434 0.025204131960367 -0.126729351461452
0.0894572694004996 -0.0229300964023967 0.00976798325381662 -0.0848201831952438
0.0946456028399344 -0.018920724821255 0.00591436759973244 -0.0161554478243887
0.0887876560993768 -0.0156044042346689 0.0242408529240012 0.0580244364158759
0.114192975091816 -0.000876929766746309 0.0103434777074824 0.133920792044803
0.124044177900786 0.0564290917872538 -0.0513169731566729 0.191852828433605
0.0930569756227158 0.105517240446144 -0.175699021328731 0.167183815098997
0.024532705931745 0.147378077910361 -0.216407418924553 0.0407198239977603
-0.049776340924335 0.179550597492002 -0.131856589514577 -0.0703851242530647
-0.0932272041734976 0.172298457875502 0.0079073104087018 0.0024615104906869
-0.101179218922548 0.119730403886467 0.0141841846453522 -0.112863083998982
-0.0760579713395028 0.162246249062518 0.122635369118726 -0.0223857029196485
-0.0115041951775471 0.157816277603661 0.179243067839738 -0.0612882572880344
0.0747231917594609 0.118440518597983 0.147879151389157 -0.109205825127898
0.102072868130433 0.0598390560050857 0.109455551727771 -0.117856049845234
0.0947249594915698 0.0133434811453341 0.0774758816987486 -0.121432952843057
0.0779361692828855 -0.0173605015833105 0.0499238828798636 -0.0928874133886773
0.0779630975950322 -0.0120322569574677 0.0385366414079456 -0.0241553871058475
0.0715640419889271 -0.008121748909268 0.0576669357703071 0.0474475817416581
0.0941932716568564 0.0025452974681819 0.0491694456864459 0.127831841090509
0.106839162067694 0.0501037466732185 -0.00521717768505444 0.197333810589166
0.0859209732427776 0.0973348789965956 -0.136943784895812 0.187717329390626
0.0130049444101269 0.146261811313529 -0.186947796276909 0.0590166345523757
-0.0687147649164014 0.164603137919918 -0.105560628522537 -0.0710986159486321
-0.100832932305889 0.142432973486033 0.0493522339016945 -0.0341629015724551
-0.0957089585687674 0.0751283809675361 0.0490530840613573 -0.159985473185762
-0.094595389957759 0.122089519569933 0.119038996379528 -0.0420078880651255
-0.0387801966550258 0.138025206755521 0.16830658570391 -0.0296333606934195
0.0509795503630451 0.104374050055926 0.156097008739164 -0.0521067352033809
0.0735650225031276 0.0486864680711413 0.150565074363414 -0.0799358150233579
0.0648366218094057 0.0144862295947316 0.118922019307575 -0.112656947443716
0.0518975264982852 -0.00843367242333013 0.0804128322842417 -0.0958426067563423
0.0502974988218157 -0.00328640314810592 0.0625530980576668 -0.0286831291031437
0.0443733075193351 0.000262842200676921 0.0816797063746277 0.0410199840699401
0.0634184031950692 0.00545212744560166 0.0759549970296601 0.121074730140271
0.0775043399158624 0.0381816762337846 0.0269285098412756 0.192992771952552
0.0686237244504643 0.0798672475787483 -0.0998265660449265 0.191075680981563
-0.0014654948351418 0.128570239096503 -0.150306496034443 0.0683896269060441
-0.0778639607816499 0.12909983681298 -0.0737587832553668 -0.0635997642015653
-0.0943372943661936 0.0930242511542947 0.0845994725789296 -0.0546313227627581
-0.0735617340676367 0.0163360907442074 0.0747753835092601 -0.188036519123737
-0.089463859049549 0.0644669432070672 0.113005242547878 -0.0460469805172537
-0.0458197905805362 0.0930019009957198 0.160658494602149 0.00334598320863699
0.0273373887732 0.0633948509255416 0.163801803991485 -0.00849479996505382
0.0336369324068619 0.0213559708757439 0.177114662295153 -0.0557778394686936
0.0220807631433961 0.00944330946796884 0.141771299144884 -0.108348493789341
0.015819275916297 0.00162571732940817 0.0959666959516378 -0.0950977547784309
0.0153607998742875 0.0066960906240881 0.0752860977660696 -0.028406198918752
0.0128393677798677 0.00803960396885136 0.0936906996991481 0.0398881818917428
0.0283746180460156 0.00521188169244332 0.0888402062213234 0.117131290203358
0.0454392497110174 0.0191873746030567 0.0444116690548701 0.185692230373854
0.049894351563226 0.0547590986692527 -0.0716793620371113 0.186691062385931
-0.0133857097041754 0.0979640709202568 -0.117400808314044 0.0757872104418545
-0.0741454277101976 0.0789527684968611 -0.0477858458278336 -0.0476961096739076
-0.0728681595553296 0.0326082675878385 0.108636577564106 -0.0568971030834662
0.0374408152044297 0.0158389703178622 -0.114843411664137 0.0755652623153742
0.0572308801018654 -0.0342926030928787 0.0430646500757823 0.0698562961905649
0.00195307608395322 -0.0612746796720626 0.120326365139016 -0.0720390871306561
-0.0381329808119954 -0.0186166091045449 0.0689339317557563 -0.192825886715023
-0.0159902177444628 0.00725643410203804 -0.0467587785407067 -0.199419713238695
0.00701048078354124 0.00164946874249715 -0.105180767091194 -0.125133318115293
0.014967145386299 -0.0102405558107383 -0.105872190486197 -0.0427490452199846
0.0276090967097612 -0.0169436436504958 -0.099790091288719 0.0257513732982312
0.0241452915321208 -0.0130427162867755 -0.0979889392958529 0.0908170163402556
0.0169306255426712 -0.00362379441041628 -0.139656766124261 0.108077327923482
0.00360102072113701 0.00474001983985799 -0.186970690482375 0.0672101515831244
-0.0104263195297134 -0.0201709478709027 -0.196897927380924 -0.0031587985535155
0.0372520868038335 -0.0418011563849376 -0.179082755611428 -0.0379664403823418
0.0856492874890262 0.0101470116593861 -0.158536156587607 -0.00181192733622812
0.0498455224066297 0.0421253446605359 -0.110289844862452 0.181946986415844
0.00180238592331042 0.067415760128592 -0.11088947799088 0.0630733440260248
0.0406203990372017 0.0305618776830425 0.0575160217259019 0.0541443505337403
0.0151817939570327 -0.0101261339579476 0.118557983923367 -0.0908661685281287
-0.00492941828201235 0.0104212504852835 0.0606004257019316 -0.19862102998408
0.0200231563026332 0.023505717387711 -0.0454230686827129 -0.192351712133785
0.0420838533073584 0.00407583364444275 -0.0919302538871454 -0.124675572870957
0.0462292599298142 -0.0171511617126252 -0.0929759339774632 -0.0507363361262784
0.0618620670200551 -0.0230610098233696 -0.0864215094407274 0.0173786525195331
0.060047903406649 -0.0175013441574939 -0.0790765925146764 0.0870397573235523
0.064429068561727 0.00174750375541156 -0.120854591803872 0.119855855004496
0.0523376970078363 0.0383849421972333 -0.180943622562996 0.0983400698351269
0.0165348190934393 0.0401399657911642 -0.217650201774261 0.0217433838045596
0.0237562663045242 0.0258982649244527 -0.20052384934126 -0.0429476418140133
0.0414561760531456 0.0761903868678709 -0.153127334941847 -0.0274827472328138
0.00353699072546978 0.106864062620671 -0.0973387812884384 0.150054908948483
-0.0354251892083399 0.110686604611445 -0.0916805966486017 0.0364127351562964
0.0177505344885368 0.0963017036473791 0.0841969992494166 0.0401418764289313
0.0284114543772365 0.0495812037720057 0.138884692164233 -0.106188149032486
0.0359769529723479 0.0425632821058342 0.0716620691278166 -0.205419151568367
0.0597538511530203 0.0358296108354299 -0.0280176554340537 -0.187989032478314
0.0738505317096509 0.00529973493002973 -0.0662042260005657 -0.127258546826887
0.0712361274296126 -0.0218479749769173 -0.0679450456302763 -0.0621497372544722
0.0861694236740314 -0.0250897001818995 -0.0613870733505121 0.00615541155440406
0.0851294265319987 -0.0198278762003415 -0.0489390460981165 0.0811803143741027
0.100522830607148 0.00148302880096514 -0.083347461035841 0.133021304969081
0.0948044454387382 0.0561306607235492 -0.151857720965275 0.140261635025241
0.051402040860045 0.0829099160477444 -0.22485089515322 0.0737238970063368
0.021569025089173 0.0865289897060094 -0.223799831560772 -0.0225901580387754
0.00314143080808094 0.133157356761569 -0.152772790927011 -0.0498273696911139
-0.0396052497839036 0.154089321254416 -0.070178181161278 0.103891484324262
-0.067658397833949 0.138314311759323 -0.0615939631553387 -0.00487996648917502
-0.00956743129025858 0.148829266132346 0.109656851361144 0.0247494526921709
0.0325549957167523 0.107636547329536 0.165115446526973 -0.106200858264088
0.0722064683703846 0.0766024964108914 0.0986857997314641 -0.197213172814424
0.0944574590124342 0.0466668727638903 0.00846667113143164 -0.178878972641612
0.0985776231833145 0.00612994104921361 -0.0257339559151102 -0.130659508073871
0.087528592239877 -0.0240145445249824 -0.032350441070627 -0.0752533362252086
0.0984632769022703 -0.0236495157782392 -0.0289192476833378 -0.0055202996166546
0.0953578675838162 -0.0191270502721854 -0.0111577249957253 0.0706627862962986
0.118070502953239 -0.00111114433557353 -0.0353083444127211 0.139012355429232
0.122260135976031 0.0593982862681565 -0.103873835196604 0.176996127877447
0.0816643467886288 0.103266816471957 -0.210694416544254 0.131225041622442
0.0259104031318514 0.129341710941133 -0.233941676063803 0.0117153032040738
-0.0267991210882218 0.170923746832303 -0.15011088940818 -0.0644505657068694
-0.0728607888499776 0.177295937480876 -0.0337863668032496 0.0512560689147963
-0.09228840943209 0.142696140592632 -0.0248637090511712 -0.0582623358910597
-0.0432436352203377 0.174252909412579 0.123530410772899 0.00399336385503651
0.01782353760988 0.148926401295901 0.182802287871742 -0.0904935820806712
0.08665695360003 0.106498589890511 0.12927139296151 -0.165335549395292
0.111043682186201 0.0563884269316849 0.0593899131105933 -0.157894316521125
0.107546568918881 0.00999491328890502 0.0253188481977079 -0.131775662988088
0.090580418514337 -0.0216728923559971 0.00898133569681369 -0.087040519794895
0.0957544354519354 -0.0191166676126305 0.00717145026914931 -0.0164701787100832
0.0900229420932334 -0.0146526592005269 0.0265873378323176 0.0591647749792432
0.114752610867605 -0.000522125920885711 0.0132792807398633 0.137625983545283
0.125322280725624 0.0568450298005033 -0.0494883335388075 0.197559148779486
0.0935144353007387 0.106827764000342 -0.177207349610557 0.173451669525837
0.0246003238781866 0.149901121027083 -0.221725041864337 0.0424477180751002
-0.050437530549679 0.18196024847577 -0.136188074926695 -0.0723299513825497
-0.0945555515379032 0.172022049169044 0.00792071052272565 0.0028725240897561
-0.10381933634909 0.120306905902052 0.0139169861209807 -0.114072770762946
-0.0777067803818812 0.164772497218454 0.126681539935608 -0.0206916659887765
-0.0131234073369546 0.1615936969863 0.182998804323557 -0.0618731592375517
0.0752039545214194 0.120281159172014 0.15015156554183 -0.111400473605736
0.102923366046897 0.0610572593944838 0.111890713692425 -0.121956506059434
0.0966063629720633 0.0149011674600345 0.0776775528645636 -0.126148382479269
0.0780929271987511 -0.0155631479669989 0.048971289438803 -0.0948709624531958
0.0790403395192645 -0.0119417929806824 0.0400850112762197 -0.0244398103841918
0.072207933380672 -0.00704149289989337 0.060166743492774 0.0495821197680626
0.0945594660797114 0.00337869478341682 0.0524176913824251 0.130950891589452
0.107372636460672 0.0501439588271672 -0.00261730910521418 0.202274565250902
0.0860671863418224 0.0984436479982308 -0.136934969867392 0.19441289434794
0.0128259638924139 0.148378439207293 -0.191321476689151 0.0611514233559266
-0.0689120563076512 0.166959265131166 -0.109470183622933 -0.0725321893227504
-0.103296184507041 0.142524294744268 0.0496834128887512 -0.0344057739509857
-0.0984379532082671 0.0753547191923543 0.0497296278687216 -0.161096404050797
-0.0959392457776904 0.124446553555006 0.123647087951345 -0.0397312675861551
-0.039779125176956 0.14174858896699 0.171677213559112 -0.0293820759197621
0.0507903237044386 0.106620478840198 0.159127413961912 -0.0522758868034494
0.0739636364292742 0.0497511420555674 0.153542686063875 -0.0826167434377278
0.065848136215312 0.0155821468177873 0.12004706308885 -0.117426502784148
0.0517389654436561 -0.00656324885962476 0.0796232517214653 -0.0976913870761288
0.0505905936751667 -0.00291208351238405 0.0642980439754904 -0.0281006854977791
0.0446561165306254 0.00140846037355739 0.0841518489088691 0.0428647809348851
0.0635189308735427 0.00662330484284743 0.0788266965600017 0.124315906459563
0.0777456478946524 0.0378531504575478 0.0291959246773034 0.197565932338856
0.0686841968831496 0.0800174644119643 -0.0998599642943125 0.197250994257267
-0.00163648059389246 0.130671135294432 -0.153533778161874 0.0699377010611685
-0.0789507079847195 0.131538841453795 -0.0764240468625865 -0.0648100826257739
-0.0966869206584654 0.0921637449647123 0.0858568111621231 -0.054549915310451
-0.0755717915740031 0.0160892630162682 0.0760762973383076 -0.189114284450526
-0.0911918195179045 0.0658816111727406 0.118040747449229 -0.0438378484213125
-0.0465052779399795 0.0962254870375432 0.165000677901661 0.00455918102153181
0.027768925987173 0.0644830871174305 0.167426475834914 -0.00755808129938665
0.0338558342558601 0.0214507372851877 0.180559322008506 -0.058047131679755
0.0224375221812411 0.011017271384228 0.142632554665973 -0.112593571106578
0.0160295657679252 0.00295466963282394 0.0954537227401276 -0.0968588602141871
0.0156260998126701 0.00739405472191124 0.0773692052461205 -0.0280917315427952
0.0131367681716306 0.00904331222546251 0.0967175126751044 0.0425172234955457
0.0278423142071835 0.00569835080144041 0.09149651994732 0.120353111418365
0.0447197579986489 0.0187742360714686 0.0464565428456798 0.189674185278944
0.0502332320002106 0.0541699242841642 -0.0702975419200162 0.192337537289987
-0.0127320848132308 0.100210330485331 -0.119443042137272 0.0773113751713443
-0.0750748304651845 0.0811850758144204 -0.0499636385162259 -0.0479678564556093
-0.0750786853951645 0.0320736958822506 0.110332658491345 -0.0574005112674476
0.0394429648607099 0.0164449546563202 -0.120772632634435 0.0777524936178585
0.0586565870989411 -0.0376503216472859 0.04604862499953 0.0729855809549509
0.00111717042363193 -0.0631885680398049 0.125986139514821 -0.0764368862189228
-0.0398168353336029 -0.018132213071841 0.0706863903264974 -0.201410793776235
-0.016116023754406 0.00789629374223342 -0.0503536947459598 -0.208951901952037
0.00844913500558962 0.00121860470108977 -0.10922973352208 -0.131881083678031
0.0169558819825062 -0.0107785550896798 -0.109315089260668 -0.0453195642223219
0.0294208070359636 -0.0187281544341842 -0.10270517691594 0.0255878256877773
0.0260032009445292 -0.014045154369916 -0.0988285722831558 0.092939853404037
0.0176238144831278 -0.00371363154460622 -0.143332986212496 0.112485953096083
0.00399074344911816 0.00617685213338612 -0.194383479786495 0.0709982220615155
-0.0107553122348241 -0.0198611142544488 -0.204747090750193 -0.00374935578977783
0.0384167027530309 -0.043500194713173 -0.187817893269382 -0.0408277486290034
0.0898252388999492 0.00860566523747569 -0.167274109531415 -0.00440316402243859
0.0522278287649702 0.0423564986585517 -0.114101527026756 0.185408827016004
0.00203928777532481 0.0692753808330028 -0.116040073315065 0.0650316576827593
0.0418060096262958 0.029284869721685 0.060902414842008 0.0566786310851581
0.0140946870355951 -0.0114718716905208 0.123783552857134 -0.0952493190690471
-0.00621653734552659 0.0115906240966904 0.0626517730131258 -0.207753387054615
0.0210222531692543 0.0244275315276663 -0.0479999167686432 -0.201571951101435
0.0435936773703249 0.00451651128005895 -0.0956469807757342 -0.131097511375937
0.0485577921450074 -0.017178547849976 -0.0958291261739973 -0.0540624098380698
0.0643414515998017 -0.0243926983827462 -0.0886192216824477 0.0174417417338892
0.0628953039487487 -0.018125221225258 -0.079405687464895 0.0893545488366156
0.067272284990324 0.00199466192548947 -0.122718198447385 0.124956748574944
0.054057634082184 0.0405351391946657 -0.187222212944428 0.102860347839329
0.0161664602007681 0.0425142697413009 -0.22575365200839 0.022963459179866
0.0235113040793394 0.0271896085743388 -0.210445381299738 -0.0458085582372855
0.0439034948878702 0.0771842802823449 -0.161917860488713 -0.0311458615160935
0.00369066468309312 0.108500641725574 -0.099921567941706 0.154150048752632
-0.0365646534094065 0.113501348280277 -0.0958072356191883 0.0371050818458989
0.0190329817093106 0.0973579378031932 0.0891262594476679 0.0419013142987877
0.0276379645124286 0.050402533572264 0.144482574008519 -0.109510624416087
0.0356792418373421 0.0442682962630686 0.0735393102662571 -0.214403661091782
0.0621502229740819 0.0374229672422392 -0.0295679555841848 -0.196339019669395
0.0768105883742604 0.00561882777621698 -0.0687565953662807 -0.133913802633794
0.0746003779487305 -0.021745371215969 -0.0703203566386638 -0.0654627274542925
0.0894211072305801 -0.0262214209251561 -0.0624415362459257 0.00594076801014612
0.0884897412274474 -0.0202394943521485 -0.0477351214713319 0.0829074212580193
0.103735286380389 0.00259109962417507 -0.0833232677276363 0.137971984162282
0.0979433645883247 0.0583013586546289 -0.155674774428138 0.146860628383068
0.0521492832961124 0.0862208489912859 -0.233049019476157 0.0787988174000369
0.0207226325170481 0.0899801688767142 -0.234685275284753 -0.0239048930634526
0.00386256408168596 0.136638085345582 -0.161408457656834 -0.0537209050363687
-0.0406042546995464 0.156706501296592 -0.0726134565858354 0.105956464741628
-0.0712094446607856 0.141005428455862 -0.0649199423477091 -0.00515399979579457
-0.00980816111688631 0.152323901517216 0.1159881997974 0.0259577514371112
0.03163278347536 0.110787323290738 0.171934832710087 -0.110121311320521
0.0727200903905429 0.0791954312167904 0.101183333733521 -0.205504183026152
0.0972935765549873 0.0483299063468453 0.00847309258248157 -0.187826347345355
0.102319580425884 0.00696084681211177 -0.0267533362402049 -0.137864253316413
0.0906777544988932 -0.0227220318369157 -0.034050427882784 -0.0785220081017757
0.101850291337176 -0.0246778461539558 -0.0287315657620281 -0.00609328167751384
0.0988913318613654 -0.0189220682123721 -0.00889316831211203 0.0726937252593106
0.121350959884429 -6.6758803135595E-05 -0.0331690544031319 0.144653622422248
0.125489699092037 0.0613311054482213 -0.105300143370217 0.185529624361775
0.0830071465648599 0.106878520982097 -0.217276210288112 0.138668325010223
0.0251662162480275 0.134186734382199 -0.244569706698623 0.0119252742493339
-0.0274075163955366 0.176088938414985 -0.158128417884653 -0.0685853657789831
-0.0757552440153966 0.180060102561972 -0.0351275970977614 0.0527952148445468
-0.0969624481426574 0.146038312924037 -0.0267350392804424 -0.0596407023362385
-0.0450313498819554 0.179569248182308 0.130526497427866 0.00526699948470421
0.0166507118436636 0.154076893249851 0.189788382448304 -0.093035063498726
0.0881409369850674 0.110552690402241 0.133786432499734 -0.171980576585298
0.114700562774143 0.0589690603987494 0.061460584289395 -0.165155196517949
0.111177048445867 0.0113061494889371 0.0252254779765884 -0.138621549116919
0.0935178830287182 -0.0206781638044026 0.00810777087699997 -0.0906745367557731
0.0988809615539273 -0.0191439715675704 0.00820995696808239 -0.0173329604028363
0.0932302780344966 -0.0141118249783374 0.0298545610817537 0.0621360363297773
0.117491970055586 0.000631792445812531 0.0167903885091043 0.142371561696489
0.128881982622241 0.0581369740350218 -0.0490547823928672 0.205816047516711
0.095586368680088 0.109792910345338 -0.181583311549182 0.183056229631872
0.0235926142924091 0.155043535102096 -0.23116304741304 0.0441789412883241
-0.0517435363107037 0.187649144607072 -0.143556563218062 -0.0758869580255386
-0.0985705275170716 0.175497768853159 0.00778107070592947 0.00270627483645076
-0.108967411820136 0.123436098072966 0.013932817055974 -0.116585854484897
-0.0801678958755456 0.170025848470552 0.134538887867048 -0.0188346010643118
-0.014696298841205 0.16830417736597 0.190568297264393 -0.0633114648902006
0.077206174127946 0.12542232166093 0.155893678524221 -0.115369609894747
0.106121582446228 0.0633307644289762 0.116626197799056 -0.127154392719774
0.0992524246637189 0.0165171828183712 0.0797169515846351 -0.132740752788116
0.0808747856488559 -0.0139988016830818 0.0493469460897118 -0.0987241858733916
0.081240710551985 -0.0119483226318405 0.0423143185258569 -0.0247171000304246
0.0747204083062488 -0.00595614245293617 0.0638789205111802 0.0516252830412766
0.0965743027499519 0.0047703528501548 0.0573214795907586 0.136102889778617
0.110025349493626 0.0515240459597966 -0.000601624028053789 0.210572671494768
0.0883582957152361 0.10096637777777 -0.139123436997834 0.203828297407956
0.0127441304340867 0.153461529673608 -0.199232615282538 0.0641018211903138
-0.0715972007089124 0.172494387664244 -0.114919395201787 -0.076321867970595
-0.10812046426027 0.145032226701443 0.0512580843787276 -0.0352639076807899
-0.1031578613255 0.0765274952676736 0.0510723992103509 -0.164769777690435
-0.0999844636885459 0.129060688306151 0.131587884958794 -0.0381926124817095
-0.0423713573388207 0.147892502043832 0.179333820256849 -0.0288521133644743
0.0526552216859323 0.110699368937143 0.16553051392109 -0.0532354068908971
0.0761909638872953 0.0512947172488322 0.159891975203994 -0.0867770078349763
0.0684426127474089 0.0170858976481259 0.122638880847485 -0.123824772406037
0.0530702419424716 -0.00545089099205546 0.0808759093450297 -0.101363413275085
0.0520610328532424 -0.00251405352381351 0.067143439418228 -0.0285316116817623
0.0458598128037013 0.00268927725683736 0.0886484224731823 0.0456634445597137
0.0643636731515232 0.00785645462144407 0.0840015967562793 0.129630347424711
0.0790691789460402 0.0384319674736689 0.0321749601515588 0.205998226213997
0.0701864998121426 0.0815114838609576 -0.100444361273311 0.207370243641801
-0.00178055333276953 0.135370773299638 -0.159171895337494 0.0731120697843781
-0.0818054825433099 0.13588854789976 -0.0797792555624959 -0.067140642878042
-0.101645963650148 0.0935938000928502 0.0883788381514426 -0.0557013774018593
-0.079670572362182 0.0157404337349993 0.0784668285197309 -0.192560779601075
-0.0944107291775217 0.0687844569109116 0.12526226555673 -0.0423931938266012
-0.0478096378844026 0.10080628040585 0.172555617865604 0.00566215474965333
0.0289397267541316 0.0666776440298089 0.174297680102401 -0.00692313386604946
0.0341068059712686 0.0220370732204594 0.188160093572979 -0.0608674968733243
0.023198273561102 0.0116550949205191 0.145640819212202 -0.118134110328039
0.0161697360780048 0.00432533727860333 0.0969230695239905 -0.100181922928311
0.0157917935084524 0.00805835984841754 0.0800207783714564 -0.0277158671637774
0.0131437937633881 0.0101927499308187 0.100841254725313 0.0450623370053571
0.0276215305786226 0.00680990177848187 0.0961228094137389 0.125733039415392
0.0448920566375566 0.0190099151840657 0.04951881876867 0.198336599726065
0.0513393397844813 0.0547899478303003 -0.0707239045710012 0.201833575662251
-0.0124644472683288 0.104384890423839 -0.123900314545434 0.080655265983495
-0.0776508722453491 0.0840179751080372 -0.0521571183194462 -0.0501112372542609
-0.0794625740618819 0.0315267342841987 0.113914042922031 -0.0580908282200199
0.0432084126565517 -0.00868315750329569 -0.0501498184952185 0.138409846821261
0.0251562633265294 -0.067272132556863 0.0864071192206119 0.0276278623268216
-0.038787731393692 -0.0536684632281439 0.0548922017508095 -0.146389331816599
-0.0444962031932075 0.00871637016143117 -0.0727133158459172 -0.214236953477746
-0.0082558887495335 0.017691669605483 -0.176046722985382 -0.140997020700795
0.00761949599344644 -0.0038494319743472 -0.175689272803181 -0.0409829231095533
0.00833689381425326 -0.0200657938575413 -0.121085046030852 0.0299722916809176
0.0123500396078982 -0.0352259046209013 -0.0696401136551407 0.0859154176885718
0.0135795127449669 -0.0282334515982638 -0.0224074656487806 0.138831980238541
0.0142613920949092 -0.0136655189447082 -0.047083694181089 0.186111037888526
0.00752009421883973 0.00492975926507542 -0.114748255720582 0.184018374395777
-0.0228452461060747 -0.00672305611711708 -0.174649653217233 0.129842365563006
0.00117565157105496 -0.0608620362878638 -0.185665132637574 0.0898776713517218
0.0799067553556262 -0.0532521558444638 -0.145483799131428 0.111382412958621
0.0706593808479822 0.00325116550613845 0.0231664403153952 0.23077677616609
0.0415323382164611 0.0580008342959338 -0.0516334722159108 0.127243156166607
0.050619358918648 -0.00255105232289739 0.0901270755796257 0.00733410781808059
0.00294832435042653 -0.0180737016930205 0.043986502752729 -0.159143659082618
-0.000208740609794978 0.0138324275816638 -0.0811924218622489 -0.213918093183386
0.0318450305020402 0.00865530282023984 -0.168502736446899 -0.137594792495727
0.039019440930977 -0.023234544774824 -0.163096391770498 -0.0497961432385667
0.0303389004553539 -0.0441645283555996 -0.115126605184897 0.0150515219783526
0.0377834047289517 -0.0616523832097399 -0.0624319260984749 0.0696382981210104
0.0419533162842541 -0.0552304719106884 -0.00749330356830048 0.123812603766549
0.0592188849166964 -0.0403292765953043 -0.0216982567442593 0.182962431578618
0.0722319509306808 0.00214542071765779 -0.0872114143916366 0.205036161776412
0.0410018419448136 0.0296028823432939 -0.173574105750328 0.165815214829773
0.0343932772235366 0.0111843130425458 -0.207066911642749 0.100324952951659
0.0863589347254211 0.0363212268687752 -0.161792856611585 0.0848537382609
0.0731438153737417 0.0916030635963493 0.0122887061396563 0.191692499604548
0.033715142776062 0.118504093375405 -0.048965935306962 0.0941703587463081
0.0725298066765767 0.0670485432549164 0.106240965295255 -0.0199327948013355
0.0514401972468491 0.0246429889964701 0.0550399787779584 -0.183125958169417
0.0534336904941739 0.0159887038431287 -0.072959220716958 -0.227095858823597
0.0729809904325388 -0.00529818562483088 -0.149480720079949 -0.145999402003766
0.0671577243632427 -0.0419568412161331 -0.141629216794246 -0.0696751114804519
0.0492015726365906 -0.0635478752170532 -0.100940265184596 -0.0122057230855582
0.0584475966143835 -0.0787776078589665 -0.0480143186183478 0.0440797266626926
0.0624072326060088 -0.0733207332859075 0.0152974155193898 0.0985659923158379
0.0903826983226981 -0.0637621132321369 0.0200318212239795 0.168504939810749
0.121823602752368 -0.0116756116472735 -0.0327892603867825 0.221349476324215
0.0999637155205335 0.044110555091084 -0.143518438930171 0.216156965500195
0.0733402478509487 0.0685314634742742 -0.21343144380855 0.13403767666982
0.090857194922619 0.113562017725765 -0.178463851592796 0.0650522716498442
0.066525185916199 0.161447580027723 0.00349918201332462 0.131124570387446
0.0207618058298192 0.162232397123025 -0.0468713432903394 0.0408260860498388
0.0820523028376517 0.129023613474226 0.119599823081105 -0.0479566086165765
0.091706727034789 0.0723125675399562 0.0812126935509531 -0.199219121229374
0.104971052299144 0.0226652083949475 -0.0419415093227957 -0.238390689138579
0.108972389725426 -0.0178640700575756 -0.111194372325685 -0.163428608072448
0.0889378812575104 -0.0562541274731726 -0.109169857938032 -0.0996907827712406
0.0612133492892982 -0.0742601475968978 -0.0791703788686976 -0.0465276291822474
0.0696291682389435 -0.0850381187858786 -0.0272465240052594 0.0125471611167069
0.0719407534095012 -0.0784070049804041 0.0415994871861112 0.0657479391352818
0.103213691978904 -0.0770277383865752 0.0668766722060762 0.141552848994319
0.147188039549777 -0.0267637718398596 0.0333146274810495 0.21955406102253
0.139610096741717 0.0422315147942304 -0.0902079201928377 0.256395606889807
0.107243528447667 0.10430113094342 -0.19678262134002 0.169770698594322
0.0902897291144895 0.168254215733965 -0.186045097459557 0.0490885723019145
0.0528867104588936 0.204771039234199 -0.000786829105272995 0.0593530764832229
0.000917577786181927 0.180881540163695 -0.0488693128271016 -0.0260622478406349
0.0686232473794288 0.172702139990294 0.119150919278572 -0.0722407591372333
0.10594169007705 0.117938236535096 0.108936245942818 -0.194426273163825
0.136434140890975 0.0386964040393923 0.00833294322530701 -0.230896097785115
0.129626776809097 -0.019352395330852 -0.052639501942183 -0.178639718484491
0.0987135749680081 -0.058529276684936 -0.0662721070009976 -0.13307526308147
0.0645579264921151 -0.073066783796208 -0.052309143985038 -0.0826110940248981
0.0706407152031198 -0.0785896980053394 -0.00329669978626848 -0.0200018533241808
0.0708216770280314 -0.0703916984862616 0.0662970806165626 0.0315708706379028
0.100663542209451 -0.0742732175415793 0.107137158673693 0.10859723842215
0.147966103828323 -0.0315436654358841 0.093644152570124 0.200363084852982
0.151361803581404 0.0363104302675181 -0.0317372192345743 0.269975280690178
0.120470050773589 0.122759638352034 -0.164580082578751 0.187867706900023
0.0772517807196679 0.194687163450586 -0.178621640787566 0.0323357660983407
0.0298178070854306 0.215299423569937 0.00270154495134648 -0.0116615693629675
-0.0231720292844651 0.168845459085768 -0.0514236328114005 -0.097649805126644
0.0344600583073082 0.186053961593969 0.105890306125501 -0.0940226777851231
0.0887426824179105 0.148551837418537 0.127963239202365 -0.167668668304137
0.136881272449953 0.0575477038061483 0.0643418959956502 -0.19593666714473
0.125583471723595 -0.0112216546468419 0.0173801181111735 -0.181802704981091
0.092639169751351 -0.0474946615492817 -0.0177623564760718 -0.162525792211814
0.0577845459920841 -0.0601933732539527 -0.0231729171243465 -0.115090627107339
0.0608366043418778 -0.0608286452606999 0.0197583807811386 -0.0472995068511203
0.0600607413703924 -0.0512951791149265 0.0888338513400881 0.00165835890885378
0.0848095887669702 -0.0569626149645651 0.136672695885863 0.0770516784061605
0.127249725558081 -0.0258114537759607 0.137099904245359 0.173004605586836
0.139716414847382 0.0328113133720824 0.0179916406720322 0.259859847695822
0.11091592246526 0.128826043689295 -0.12423108189963 0.183126479430899
0.0511864746681619 0.194592341214826 -0.153635361250395 0.0130063608114443
0.00210827365912867 0.194492959426007 0.0162160237683562 -0.0717846767051498
-0.0455517362884498 0.125470205814233 -0.0540497486040575 -0.160960794651973
-0.00642773656172899 0.164661956906214 0.0899852527332717 -0.108738716853237
0.0557807371627016 0.148961862771123 0.139293378987235 -0.131997898392256
0.108878738900307 0.0592162484151102 0.110895166917825 -0.149097745313535
0.0930346098034291 -0.00361539926112908 0.0790837832023128 -0.174571999205772
0.0666255419681152 -0.0273245436314399 0.0230177526154998 -0.181031030418086
0.0402796607303711 -0.0363207690719223 0.00125742975692005 -0.136426627653014
0.0420057699912494 -0.0341466745030843 0.0386795941684745 -0.0662676720846778
0.0419917187416865 -0.0259284491396364 0.105398181743664 -0.0185701664687496
0.060050708642942 -0.0338833681900255 0.155269569927042 0.054631481936698
0.0928922259302024 -0.0164686478548285 0.160442801132554 0.14905430132639
0.112426664063797 0.026730401404966 0.0522578825047601 0.237726729819338
0.0885974760273705 0.120586365905636 -0.0848721817236702 0.164258813670217
0.019010182376369 0.169575390964981 -0.11735165750301 -0.00387739577000302
-0.0258563227972876 0.146809024894029 0.0365840702734966 -0.112023788957242
-0.0606099523927204 0.0596382301881261 -0.0533362097490506 -0.202180808240009
-0.0370938441989721 0.112087510054611 0.0805734153764548 -0.109233093975923
0.023188452060683 0.112645690838564 0.153667743966643 -0.098911782740955
0.0642901151617642 0.0366182483532941 0.147106337552362 -0.116189030748313
0.0408514614324723 -0.00308595181582332 0.117587642565873 -0.170511809207926
0.0257763957862571 -0.00432115114089143 0.0433169507306714 -0.19017777464023
0.0156699754177521 -0.00492705851322765 0.0152672937447697 -0.145922561154419
0.0181387320165017 -0.00262158238104394 0.049748360666351 -0.0735291529133429
0.0191846311297199 0.000808108747917866 0.11526843493916 -0.0266689104351071
0.028326707606853 -0.0116837937696935 0.16315719067043 0.0439261143257863
0.0506954976818659 -0.0114952625015603 0.170056052033769 0.131903875835962
0.079428426067562 0.0151497925097026 0.0737121645898855 0.213625262689994
0.059600621381394 0.100962260654018 -0.0496766106894178 0.147351076910152
-0.0111667390705759 0.123068052291943 -0.0805437843062893 -0.00814200759154984
-0.0475828797587381 0.0791906649359228 0.0581471392330834 -0.128700284265015
0.045872180551985 -0.0114606962737199 -0.0485063446749821 0.149420398479876
0.022484614058217 -0.0730535361861863 0.0946749497846896 0.0242317094038482
-0.0437896130475404 -0.0534808870879635 0.0519081372714771 -0.158295411907313
-0.0460697540447713 0.0123881030538644 -0.0868312255897079 -0.223561650801914
-0.00804954809036127 0.0189585442919457 -0.194200677153496 -0.14239310994881
0.00805470158849599 -0.0055049080050957 -0.189048003435832 -0.0367702606051785
0.00836551894939271 -0.0229118141251366 -0.127331446310727 0.0346013604684015
0.0111818331056367 -0.0388862334501169 -0.0700218268261151 0.0924822968320737
0.0136857548635254 -0.0313114879487739 -0.0171587971674311 0.145167902540073
0.0153571245970421 -0.0144426170900644 -0.0401095089196748 0.197318192614297
0.00928523329217099 0.00613522248928008 -0.113098235009777 0.199426981541793
-0.024164230289894 -0.00488235005769392 -0.180207323887503 0.144685495720352
-0.00213073555476836 -0.0637430096819085 -0.196180382364891 0.103891545149756
0.0813380972869757 -0.0621338623245671 -0.152537786893004 0.125403614864743
0.0743559959390819 -0.000151762497580091 0.0328122346284602 0.239415883897166
0.0459355755053516 0.0588103134996647 -0.0500882778606667 0.137160715003329
0.0515255740250047 -0.0061305116819371 0.0973524825161916 0.00238086666510957
0.000156635591981111 -0.0185682222845888 0.0402599873020169 -0.171170069885435
0.00044042935240228 0.0162085953942057 -0.0966119213714929 -0.223318011574139
0.0341941026874301 0.008892572837689 -0.186294217541435 -0.13896709076132
0.0397562009967218 -0.0264969655137655 -0.176457213305689 -0.047080866595927
0.0311524524161422 -0.0493303688317729 -0.121311511595558 0.0183970529206283
0.0373752900177005 -0.0673632329463252 -0.0633903287496306 0.0751853408961801
0.0425201116793228 -0.0602082487168476 -0.00280878031749956 0.128020872151157
0.0616551180118263 -0.0439712727362158 -0.0130892431799008 0.192371413228512
0.0772682030740019 4.05947910141102E-05 -0.0828227319365111 0.220547915729939
0.044257892206368 0.0307571899758944 -0.176749505914197 0.182088652691019
0.0353128447222397 0.011229202639354 -0.2184215826866 0.115583475561542
0.0914698630132391 0.0323760305934623 -0.170920939552357 0.0977718462746081
0.078584210091575 0.0924034119700645 0.0192631591404062 0.199346432738344
0.0392017216847506 0.123277777580031 -0.0481991837885688 0.102394274158454
0.0777293906430931 0.0658407122849 0.112421771116445 -0.0264025555736036
0.0531605244346759 0.0248185863978097 0.0509743323799208 -0.196324942833712
0.056374225835824 0.0163891468927937 -0.0887828092330722 -0.23687781335246
0.07677293868976 -0.00776439122790062 -0.166589040952245 -0.148863811989465
0.0691189313830355 -0.0470962098705612 -0.154526990054331 -0.0693344757206429
0.0500542112239763 -0.0689989374914142 -0.108323286077612 -0.00907853920693465
0.0584047249016341 -0.0861972465758098 -0.0486098942240927 0.0469064365805834
0.0635915711787615 -0.0795763863808183 0.0213531980504726 0.100255843508819
0.0928826263573069 -0.0700315156911445 0.0304632635492466 0.175343493301857
0.128431860739159 -0.0162151380086576 -0.0232921016227631 0.235151215156514
0.106699743942847 0.0440813408455145 -0.141532734010426 0.23484726899539
0.0793200577749031 0.0705251759667291 -0.222552859525645 0.151764811856834
0.0995615830804267 0.114542430583359 -0.189377091310189 0.0771057746187749
0.0743389449423481 0.166118000117487 0.007942525763175 0.136733105007078
0.0258293521616851 0.170490589162507 -0.0481610900961948 0.0460858344922335
0.0905274938891121 0.131611932817583 0.126588371881432 -0.0563632121659871
0.0976572445773167 0.0739971049180912 0.0784600401798045 -0.213867537241832
0.110822959152109 0.0211517291247274 -0.0558718711748409 -0.251063475573413
0.114134568973065 -0.0227436615438355 -0.12631377520073 -0.168516351435153
0.0914454173123883 -0.0625982063012096 -0.121324299178635 -0.102135856150448
0.0626042509887805 -0.0802404584908376 -0.0868468256774696 -0.0455707287345441
0.0702535913426901 -0.0926205215564156 -0.0283764097301088 0.013214413489713
0.0733335743893632 -0.0852649497503686 0.0482035597192858 0.0651868470019954
0.10650456896561 -0.0849328718911957 0.0785979148317997 0.144384587225751
0.153821721925982 -0.0335415418702431 0.0477206893409605 0.230219078823471
0.148068905931571 0.0398812843145238 -0.0820962489848534 0.275124901199089
0.115968675426675 0.107151050011106 -0.20366492509965 0.189219560071968
0.101543244693093 0.172788523088584 -0.198017880750556 0.0609069103948198
0.0610884886052867 0.212275846711229 0.00156461389743089 0.0619702260277633
0.00502672725205606 0.191030648270283 -0.0518500270549296 -0.0246485289557704
0.0786779997423903 0.178930293506414 0.12549715564213 -0.0826302778983749
0.11571833119884 0.122133244665677 0.10849792694252 -0.209679071720908
0.145292824437183 0.0368115155763058 -0.00172572345251908 -0.244035351259086
0.136243165556276 -0.0257489498689771 -0.0641104167730148 -0.187791758370171
0.102532721373255 -0.0649699327617947 -0.0776765314118698 -0.139021132684042
0.066584291974392 -0.0786676298529776 -0.060011539482303 -0.0847252029953165
0.0720481826759076 -0.085292102666692 -0.00411240733439928 -0.0218738769345553
0.0725229220891301 -0.0761947633272798 0.0739842369227015 0.0288420559573586
0.102918248653116 -0.0811430194958999 0.119703144920701 0.107978441818656
0.153940874432316 -0.0384958838447163 0.110191968338065 0.206861452081524
0.160276176212256 0.0327486777891554 -0.0185187271445693 0.286912415769984
0.131560782225584 0.125577421183802 -0.167590649188371 0.20692061448078
0.089377330730958 0.201929097026923 -0.190236340797655 0.0425645255591865
0.0367850959737868 0.224606165179031 0.00246772829342914 -0.012394617781968
-0.0201586396201642 0.178867838165236 -0.0579351424239489 -0.0996449559135604
0.0434217624602719 0.195284431228319 0.111641036410264 -0.104842625901015
0.0996402676419846 0.155087341777495 0.129759897515463 -0.182461221501387
0.146993031107627 0.0557746809483303 0.0596134045882443 -0.209115640979342
0.131753383380835 -0.0166784278181368 0.00951070191217431 -0.193098845336784
0.0961150943389658 -0.0532280890038221 -0.028086287473471 -0.171117691741385
0.0600312662143567 -0.0640284177237663 -0.0303954854971531 -0.11969166699887
0.0615642044953627 -0.0656919947002672 0.0200688364562681 -0.0519086530066607
0.06201785493899 -0.0553911268002746 0.096217379163797 -0.00265310628340463
0.0875226522325125 -0.0622479437374636 0.15006010340343 0.0739652140408182
0.131929317743115 -0.0311228253899772 0.154101690130201 0.177220846047269
0.146818657284776 0.0289396350117388 0.0336203383158193 0.274689466418316
0.122115770703216 0.131891795887795 -0.12465109146625 0.199642937488485
0.0620451094837906 0.20272268783115 -0.164201814715705 0.0210150158726648
0.00670952510159675 0.204379124881811 0.0142994549724139 -0.0755381574924385
-0.0451772830375997 0.134470774803286 -0.0617427273850425 -0.165610482632728
-4.81593961014592E-05 0.17453210918407 0.0944042977348234 -0.11947928059716
0.0654761283808857 0.155690073821229 0.143212128717633 -0.144218651418215
0.117864298937526 0.0583575205652731 0.111688582250426 -0.161298667589594
0.098283661267136 -0.00755296189627023 0.0762280100739554 -0.188106366869516
0.0697064552496238 -0.0309393235522659 0.014098157201666 -0.192002560935489
0.0422392153742291 -0.0380485317848963 -0.00512697898426663 -0.142680149010986
0.0432891837228727 -0.0371623101298161 0.0389130444676269 -0.0719893494294062
0.0437789070915164 -0.0275972280717894 0.113191522961547 -0.024492536751339
0.0618380804865937 -0.0367529216038794 0.168030636203537 0.0505103902283394
0.0956223543312923 -0.0202980782192519 0.178057186492512 0.151168562707323
0.118088424191034 0.0237711179803426 0.0687563509840661 0.249163760990476
0.0979294202072767 0.124380264343286 -0.0834370227239065 0.178229784787671
0.0272130516684026 0.177868225892386 -0.125300693276638 0.00159908241693597
-0.0237388621328367 0.155710359247053 0.0346945195516169 -0.119245183708236
-0.0632930732075915 0.0661180710696177 -0.0618407031256364 -0.208481846952068
-0.0344480117533094 0.120415013154503 0.0849730985450684 -0.119778821512451
0.0306200256343943 0.118713675995796 0.160110826856454 -0.111779248279318
0.0694198079342099 0.0353028725550323 0.151572597200824 -0.128072948856741
0.0421993071270814 -0.00522898282747274 0.116788365365672 -0.185377261197488
0.0274560850363561 -0.00497517982549334 0.0359930343297968 -0.202139392165638
0.0169158228985534 -0.00498456812138882 0.00920755009595698 -0.152868338381373
0.0193491746181888 -0.00297948307141284 0.0506208661506306 -0.0789188978846779
0.0209433877717366 0.00156514175039679 0.12292510893735 -0.0329463248409015
0.0291710631749082 -0.0123555295325285 0.175478725359159 0.0391458864747491
0.0524036028292791 -0.0129819503952924 0.186487132040766 0.132528597153554
0.0831605510828233 0.0124930760436657 0.0895690365133108 0.222614165600482
0.0675715349887236 0.103726497521283 -0.0470477108409914 0.158028196609439
-0.00600861781312731 0.129963738947629 -0.086347104694425 -0.00368581452206813
-0.0487713488720445 0.085882722539175 0.0569330682091604 -0.138057538996644
0.046801402053872 -0.0156397456109679 -0.0412661045987763 0.159219343818878
0.016794108773317 -0.0781051269485888 0.101817651495648 0.0174764006630534
-0.0492611614650566 -0.0515773764849196 0.0420410415145237 -0.169324237657603
-0.0464367977269137 0.0167801214651593 -0.107141215045243 -0.226611672065379
-0.00622802514847642 0.02002555481904 -0.213375381722335 -0.134593565577428
0.00786367285070558 -0.00685307663139449 -0.201134427919267 -0.026911087930828
0.00723614079328368 -0.0259948204505794 -0.131393119636328 0.0421368123028341
0.0085850938804585 -0.0427640044887322 -0.0675927500173025 0.0993347144927944
0.0118770243608143 -0.0346070322831698 -0.00872950368588258 0.149821373438423
0.0157212185112753 -0.0160701412282577 -0.0285414928760479 0.206354538615428
0.011536297629855 0.00594369821578774 -0.104086656046522 0.214257677390087
-0.0252611170482344 -0.00250861202947492 -0.17928550692201 0.16159063614657
-0.00653239192187715 -0.0656723682551544 -0.200187200331095 0.121993530547678
0.0787928959947541 -0.0719225165500298 -0.153446939764906 0.14097023935397
0.0755069659269734 -0.00486535633331857 0.0463686164829843 0.242647243504654
0.0499116942376107 0.0570151031993985 -0.0441480589340567 0.146851676626963
0.0515239218758298 -0.0106062849563685 0.103300275215331 -0.00489415466645424
-0.00223717586639569 -0.0178843552742723 0.0303354870347335 -0.180794418245717
0.0016155680660565 0.0183419955380186 -0.115971972118687 -0.224706383014881
0.0362137491103431 0.00716965429030235 -0.204514411720199 -0.131738278213442
0.0396988513304597 -0.0301468724236749 -0.188110691611801 -0.03930698802121
0.0294620397137994 -0.0537747571481973 -0.126225437611428 0.0251979317614679
0.0344364799256088 -0.073245228823168 -0.061566507590375 0.0804032654071595
0.0402669465969603 -0.0660935274152048 0.00576139758268004 0.130467874348102
0.062368995347101 -0.0494698059251835 4.12620075531549E-05 0.198647829889488
0.0808456501897728 -0.00419483396875464 -0.0699433652541308 0.23404904207369
0.0475851282306476 0.0310897696435167 -0.171677468011738 0.200677143831913
0.0361781881487391 0.0106518332511399 -0.222429167204004 0.135770149497615
0.0950148390251587 0.0257864089144388 -0.174554034633751 0.113714958332002
0.0852014731453107 0.0900933799120221 0.0315142729456401 0.20243889187426
0.0462859088888169 0.124463189713632 -0.0448254804458931 0.109606282066695
0.082991653538715 0.0618455301961065 0.11761867931647 -0.0362753883612492
0.054772315783906 0.0237769955397208 0.0407765400010387 -0.20727042777829
0.0589526797747245 0.0147970395913965 -0.109377636134116 -0.240279867106109
0.0792609202896998 -0.0125556968473681 -0.184043319825599 -0.144239886495553
0.0689194240682851 -0.0530491144869551 -0.167356165575924 -0.0633516449549423
0.0486291900233453 -0.0745675287225783 -0.113479916828485 -0.00445330562153957
0.0552028597313167 -0.0936328962802763 -0.0474314742521422 0.0503646814371122
0.0612301243545221 -0.0861392232565454 0.0290747143799254 0.0995732872854003
0.0928790796572033 -0.0780777059788608 0.0448195156603758 0.177938274267282
0.132623109620611 -0.0240530975859323 -0.00760986913377317 0.244503131425415
0.113321533897179 0.0409773763463045 -0.130402980237955 0.253188464175894
0.0851519928450102 0.0695574080838318 -0.224627391775105 0.174011901514369
0.10900377785381 0.110970624408556 -0.194742650134505 0.0939077612761633
0.0841792123662103 0.166744108904706 0.0158463720331292 0.138935023141629
0.0349947309902657 0.174928068743492 -0.0477168236503441 0.0518464472257383
0.100269466889643 0.12977047971682 0.129961450212788 -0.0682001078971584
0.1043106821608 0.0722041377804521 0.0687414963742328 -0.227345332369548
0.115499547546081 0.0162685637063138 -0.0756069461404276 -0.255838446254992
0.116639469788258 -0.0298828575843132 -0.14348491984648 -0.167119232972424
0.091160721336797 -0.0705043149375453 -0.13476110695215 -0.099218004101344
0.0614497888411229 -0.0865322432170317 -0.0937462513887051 -0.042398635877201
0.0673730473475865 -0.100354573260053 -0.028163772683774 0.0136662559500863
0.0715184993631859 -0.0919513847595033 0.055047097955362 0.061562194601986
0.105135308295524 -0.0935208696662606 0.0927386852953773 0.14279991577661
0.157730600758365 -0.0437249490447697 0.066033871454935 0.235317767868647
0.155812111407274 0.0331812275109947 -0.0659691123829657 0.289773961739236
0.126203893859952 0.104734286566407 -0.201810095655582 0.210895652187945
0.114902359284772 0.170890994967353 -0.204541721641009 0.0766626449915628
0.0727361493554073 0.214877420435212 0.00469907450652964 0.0626292615158613
0.0145028494533967 0.197931077433472 -0.0553901362385665 -0.0210370688997725
0.0921192495840443 0.179399437025385 0.127000206528818 -0.0955461112259912
0.126445461664071 0.120983982760593 0.100955625269906 -0.224450238987101
0.152465564053417 0.0299016375050822 -0.0183481801639522 -0.252386735859007
0.13902839346833 -0.034181328800722 -0.0801660350765149 -0.190103965234317
0.102441195236978 -0.0736345303531571 -0.0917799723258689 -0.139516283771435
0.0654111507784665 -0.0851919655855079 -0.0686021807413209 -0.0835867631868874
0.0697421100361253 -0.0924679123720249 -0.00519310838504029 -0.0234849138318413
0.0715587339458893 -0.081958996173448 0.0805186708383656 0.0225335849876648
0.102224029654783 -0.0890320862396994 0.132551779941995 0.101950047356775
0.15623496093485 -0.0487594324339927 0.129843319092886 0.207191720745004
0.1673117425528 0.0252767492451493 0.00207974945974321 0.298382032521624
0.143354432023003 0.123358066308399 -0.162093915177101 0.226758018070348
0.103997239299011 0.202076607076324 -0.196747772211764 0.0576926660043231
0.0480541909568876 0.229036718394167 0.00143802691641678 -0.0136774105885956
-0.012347579739692 0.186923802152465 -0.0644667945774212 -0.0984925906044696
0.0564595915009732 0.200000932567752 0.112038999452864 -0.117472473253561
0.112307644453748 0.156201826182189 0.125188778088553 -0.197313045019594
0.155330718021643 0.0495565392821832 0.0482741753387129 -0.220112342506757
0.135160785649714 -0.0256728572411521 -0.00314109629744588 -0.200918519374406
0.0968499019059085 -0.0606149582394304 -0.0428466960766857 -0.175737765342318
0.059049642335367 -0.0686818604736343 -0.0401311121015125 -0.119747225773909
0.0606339781871351 -0.0715742410614719 0.0178635085124707 -0.0551865767865161
0.0622969034204229 -0.0591525686371241 0.101449471140155 -0.010945661688064
0.0866069480931908 -0.0685285133099786 0.161868450452275 0.0660601032749738
0.134390198971215 -0.0395684874218002 0.173300857566202 0.173403956868921
0.152082120163723 0.0217278488503818 0.0561114044858538 0.281935866396123
0.134202659511988 0.128871384533016 -0.117867376523923 0.2165049055432
0.0765004878814625 0.205495961767526 -0.170707263198674 0.0334055692288758
0.0164315222511069 0.210333269404581 0.0104754648906159 -0.0793509477296202
-0.0407657996661431 0.142838777564789 -0.0720117774961812 -0.167085225383965
0.0109443285103567 0.181178110857584 0.0935369442487904 -0.131320187512772
0.0781723011357425 0.158269010536252 0.141835791782888 -0.158608298694323
0.125707166901908 0.0527477658084586 0.106475758120592 -0.172903730127071
0.100678069586237 -0.0143583870575186 0.066423382271186 -0.199542791080617
0.0705603220571409 -0.0365918691339235 0.000630784632641604 -0.199381869441627
0.0424885856451423 -0.040779956863471 -0.0156582691409868 -0.145389298905557
0.0433337191173143 -0.0403206370968537 0.0372946972826401 -0.0765306191330998
0.045106301602618 -0.0299977192009067 0.11807126703688 -0.0337364190246996
0.062061909009364 -0.0400758889522959 0.179074871640914 0.0406650538508736
0.0973164014849219 -0.0254484241669441 0.196141569559502 0.145162996498351
0.121798441647509 0.0170791846432353 0.0902281066966596 0.2529217521212
0.109776999778155 0.12191092010067 -0.0757675072066567 0.190663863714663
0.0394143277376746 0.181475611928621 -0.131766035507487 0.0110564768641147
-0.0175508941706199 0.162735889118773 0.0287636579022475 -0.124855346378379
-0.0627804673425733 0.0734418453602213 -0.0743047270498598 -0.211587325507553
-0.027277910444646 0.127070863080594 0.0842371271213318 -0.130919699164489
0.0410611618039111 0.120919816892041 0.161153878995837 -0.12553784928501
0.0740850292427667 0.0311144692601248 0.15049806694799 -0.141382769127536
0.0424045852956354 -0.00847294373683218 0.10919912833043 -0.200051580686748
0.028551855168519 -0.00667125358894211 0.0225650822234627 -0.210029631123567
0.0180178511842366 -0.00477171407448274 -0.000511173022825704 -0.156089569451168
0.0206830840964807 -0.00327038355052261 0.0481748414166663 -0.0850549758818785
0.0228803866093037 0.00168613513219397 0.127415525699149 -0.0425170433884214
0.0295683705520317 -0.0133831620636848 0.186181299095989 0.0290406895838224
0.0522010906674381 -0.015765245463202 0.203952318986539 0.12630931568037
0.0846321149800007 0.00753766124892486 0.110054313298394 0.224586183247288
0.077552230585879 0.102605319986973 -0.0388980161304607 0.167494609074284
0.00170840059269539 0.134790001696715 -0.0911165646527822 0.00202970482936349
-0.0466707814186027 0.0928045736114861 0.0509498558405075 -0.145845874895482
0.0458129754244342 -0.0194942807966797 -0.0317099488645301 0.164311815145151
0.0100702308979175 -0.0801703998729994 0.105041838151664 0.00848581155163881
-0.0535088863576987 -0.0475880850492923 0.031545187772887 -0.17482504163786
-0.0446257138707624 0.0210246659067916 -0.123587200244258 -0.221344673173435
-0.00408174086398441 0.0209391879383574 -0.226827917155819 -0.122195014307607
0.0071165738490896 -0.00828050152281222 -0.207567522111126 -0.014915533347593
0.00519712188938859 -0.0283647851597702 -0.131487934647264 0.0485833705373163
0.00513008296111011 -0.0447356573816919 -0.0628466626125613 0.103805012132833
0.00998776909905013 -0.0365702543692542 0.00044290548123878 0.14966214673523
0.0163649600105582 -0.0175038106920906 -0.0147886889808026 0.208444078450769
0.0132954634980845 0.00543714266675271 -0.0914012535104481 0.223343875077155
-0.0250416691198291 0.000726828073360977 -0.171668151696874 0.175514127958942
-0.0113537734220957 -0.0646520793814363 -0.198419168886194 0.138534291657786
0.0726310937715903 -0.0798291967461086 -0.149253100429473 0.153729896800202
0.0751899377973355 -0.0101562996763196 0.0597037147950902 0.238645538924973
0.0530848947603989 0.054252947977957 -0.0355234025459146 0.151918813336657
0.0491037580401168 -0.0148120825137274 0.105073357791941 -0.0139522869727214
-0.00380133442172173 -0.0163429604619076 0.0189622931657741 -0.18580698178112
0.00313562932361597 0.019700250392864 -0.132784117211593 -0.219139334645795
0.0377829486937847 0.00548757058045028 -0.216777815352858 -0.120248085323008
0.0384607447975844 -0.0328312498048316 -0.195264883057872 -0.0282498211818984
0.0269359353497372 -0.0575714473957 -0.126704270702418 0.0308802035740955
0.0295699537925864 -0.0767010178305661 -0.0576885741321821 0.0840567107745148
0.0366736833539321 -0.0693404763116263 0.0138801590995685 0.128732754705856
0.0608300177012832 -0.0534743239741563 0.013725882411857 0.199109319018573
0.0833548489282157 -0.00861994616845586 -0.0551259658936676 0.240919021981664
0.0508645948249303 0.0299257697159816 -0.161752047060683 0.213601414220926
0.0365826951883088 0.0102154007337712 -0.219755683882242 0.15408699976364
0.095355005066632 0.0183285652822397 -0.171504094497655 0.127656848378083
0.0890161241969163 0.0849548355176559 0.0423313062126678 0.199957772032497
0.0523843109176167 0.123347838648015 -0.038726423914001 0.115022947907385
0.085836736619163 0.0565663830919491 0.117701403461293 -0.0463752527694594
0.0555594069401222 0.0226631908584053 0.0283559777467502 -0.212538713112811
0.0602200775234656 0.0125795645393395 -0.126883281981762 -0.234571919861374
0.0793195559103639 -0.0171076202770678 -0.196660945295661 -0.133154980863683
0.0662875970610162 -0.0578847194462938 -0.175878324908676 -0.0543940983011403
0.045770268154162 -0.0792298400039098 -0.116333799326419 0.00194792042482633
0.049421355354007 -0.0986184670586985 -0.0458603352709384 0.0524355619318381
0.0572429633524599 -0.0909008124949197 0.0358472275168728 0.0955738551411194
0.0897430129253321 -0.0839882454665337 0.0577076003182242 0.174671685786289
0.133917472825689 -0.0319909305042108 0.00980686487208496 0.247526625645286
0.117378208537788 0.0358590279597038 -0.115541352713202 0.263743597041417
0.0890078318657509 0.0666524191230366 -0.218365845410758 0.192454579440333
0.114931225794817 0.103595562002824 -0.193178583770844 0.108105919569334
0.0923066977242648 0.162824375135261 0.0233434136883636 0.136808209801013
0.0441428152716465 0.174651886794257 -0.044825761605582 0.0570084567461791
0.108178903542821 0.123444286669859 0.128038866572924 -0.0794187239137931
0.108588301403367 0.0683462372528556 0.0559568972354452 -0.234512522987021
0.117126226783299 0.0107633230774995 -0.0941694737447385 -0.252544693751067
0.1161942848765 -0.0363929172242134 -0.157580477496111 -0.158976016369335
0.0879353366161591 -0.076283124436621 -0.145599623486095 -0.0920818087381686
0.0577245691289712 -0.090966258625511 -0.0986374366376053 -0.0368114966585367
0.0622536826003747 -0.105572050073883 -0.0279218240954759 0.0144781259935771
0.0673790107069562 -0.0965724333436732 0.0602771551766776 0.0556721656471843
0.100970350644072 -0.0996383835423859 0.104361654151195 0.135846996471022
0.15709529947143 -0.0531468117262574 0.0836786461222219 0.232762864565132
0.158680011925018 0.0258920958901867 -0.0455269293426542 0.296505268144457
0.13275738528078 0.0989613470878163 -0.19252519229168 0.228854072591042
0.125423958842555 0.164012117211606 -0.204064489396602 0.0928704549446699
0.0830055836661659 0.211323800284662 0.00737522166898938 0.0617220973399233
0.0245509674885882 0.199925156989637 -0.0569120382298586 -0.0168515871950295
0.104038735289891 0.174915785655499 0.124475665942251 -0.106298105234109
0.134191425630753 0.115733334215737 0.0894273046098612 -0.233522754493164
0.155351307104636 0.0219488008769861 -0.0350773626264017 -0.252314446459004
0.13848782844586 -0.0427193172259806 -0.0943442317505094 -0.186248150268465
0.0992655130900991 -0.0804758092697759 -0.104449918607456 -0.135358194620159
0.062769066675452 -0.0884407164992383 -0.0752023142364946 -0.0788628501549825
0.064843793304789 -0.097612104996018 -0.00702431626700564 -0.0245346994570075
0.068493947032755 -0.0860502140140693 0.0833965542529977 0.0145360967430445
0.0980901352715308 -0.0948153575131251 0.142271235403157 0.0922411388709034
0.154509162824648 -0.057942714966761 0.147032614440922 0.200627920190241
0.168811073547471 0.0165105658117848 0.0235982319970148 0.300938587699712
0.151062889944387 0.11640405996374 -0.151348930580352 0.241797505819683
0.116624527774965 0.196307143091622 -0.197131537295079 0.0729162347775004
0.0597856502475892 0.227679043202224 0.000175839656932577 -0.0144811661667485
-0.00385684619307265 0.191332442845932 -0.0708997936354088 -0.0940813838175281
0.0692560064650091 0.197331159349846 0.107393765008367 -0.127709752033333
0.123447964634297 0.152028825519106 0.116229305962061 -0.207647129469437
0.159481229103849 0.0406536976825531 0.0352082942766436 -0.224076028770428
0.13474790305351 -0.0339660644926684 -0.0165145364941984 -0.202793527726083
0.0941424811213001 -0.0672378373520363 -0.055991417332776 -0.17441048079496
0.0571601713832624 -0.0720388116704409 -0.0487263005734343 -0.117155173250069
0.0573072845077314 -0.0753336047570446 0.0149996319985237 -0.0574463284621466
0.0606887091777965 -0.0626974118344773 0.103630551493355 -0.0202863971641548
0.0840682055420033 -0.0729434993248119 0.168730165623314 0.0544197297651269
0.132704726684131 -0.0472756561509164 0.188816183709514 0.163987160537988
0.153345926179932 0.0134245596683439 0.0768014540689541 0.280367407059546
0.143194999369322 0.122317776301385 -0.105970659569653 0.227582292260955
0.0895458572588121 0.201674482756754 -0.172866595921363 0.0460089056095337
0.0262694878764303 0.210897338409969 0.00523812298674113 -0.0804293053827634
-0.0343392817536087 0.148405268143015 -0.0814855979630875 -0.163262195100398
0.0222275358211568 0.181998792638382 0.0885954728003239 -0.140753516034673
0.089576571994787 0.155567344395892 0.135833130123622 -0.169345860957978
0.130648261329677 0.0450290670322724 0.0988886587530402 -0.18070197420947
0.100006859112536 -0.0205850070597736 0.0549513567362559 -0.205517755096085
0.0693742129267535 -0.0411286113274595 -0.0141091646573678 -0.200267410395169
0.0417597083227141 -0.0427955957275147 -0.0245320299852563 -0.143919140865142
0.0416602383740665 -0.0426100904502815 0.0332172224651537 -0.0798091468543727
0.0449086044439055 -0.031420789165126 0.118612968482177 -0.0434459075197859
0.0603187249704975 -0.0431933046756465 0.184585942581133 0.028547738020377
0.0961452346596039 -0.0309945327910051 0.209789557447072 0.134848512832607
0.122418246595889 0.0108262235151683 0.110333363431926 0.248487615019347
0.117863720037176 0.116239250621749 -0.0653957708829399 0.199371701399609
0.0508559854958701 0.180282045816375 -0.13332836023307 0.0205786591287595
-0.0110697664445591 0.165514975647449 0.0216513555519856 -0.127809629714762
-0.0601966563317669 0.0790515980909378 -0.0851731762103123 -0.20773042407638
-0.0190613899830522 0.130097844728823 0.0796901201084912 -0.13880743954267
0.0504647762841761 0.119302249882396 0.15697487585588 -0.137560528060275
0.076408687615894 0.025680500564164 0.145776098862853 -0.151371646514822
0.041374060601023 -0.0114675488230196 0.098179830935204 -0.20887463553881
0.0283610786618012 -0.00844914600335204 0.00889441425474015 -0.21217328647281
0.0189176431722775 -0.00483660906028922 -0.0103668185424283 -0.155306958204377
0.0202121139357913 -0.00416756712715324 0.0452392583954014 -0.0887296762113863
0.0242718467033832 0.00106319065347235 0.128093777304018 -0.0524863149622273
0.0290186664264206 -0.0143798017649562 0.191342049873536 0.0177089408271546
0.0514500988687374 -0.0182194677336974 0.216606086690642 0.115514574769923
0.0845883299366589 0.002367132684497 0.12701021331325 0.218697115520355
0.0856927898080798 0.0979881304062913 -0.0292291147639077 0.172471730800803
0.00995540057750879 0.135361836706555 -0.0926893647118135 0.00903406799004806
-0.0427085911858191 0.0974776088029486 0.0427563522748869 -0.150052718239749
0.0445415599140167 -0.0215806612622995 -0.024128707643451 0.165416110797932
0.00476620146259114 -0.0802758340650994 0.105381512600664 0.000645579820133176
-0.0550838596047568 -0.0443203630960398 0.0228824795084426 -0.176536171700382
-0.0424579724858137 0.0236222803658638 -0.133571376760116 -0.214007857247639
-0.00256734391107419 0.0210505590046474 -0.233100512261568 -0.110135406608299
0.00713498540424079 -0.00902240181767403 -0.21011116922479 -0.0056076799780648
0.00355075958653644 -0.0301402535887179 -0.130551910512669 0.0525095936901137
0.00196269969931589 -0.0455340793852174 -0.05850159972985 0.104881610759642
0.00792312856129252 -0.0380357880788013 0.00613296883199465 0.146367551595122
0.0168629272625242 -0.0181776535097558 -0.00426755861001261 0.206683943912866
0.0155060090889211 0.00500299636542037 -0.0802643892468784 0.226050442844125
-0.023920958491988 0.00338284903873408 -0.164729808634182 0.182272053078587
-0.0150308288478331 -0.0634904740458548 -0.193526917910208 0.148856918154247
0.0660918673288143 -0.0843209110730416 -0.143763180978882 0.161044470146662
0.072944608074675 -0.0133200510860205 0.0656580444128925 0.231596522463277
0.0541571097324687 0.051696034029706 -0.0284315247879707 0.153242572534241
0.0461000034199185 -0.0175677702676705 0.104166339071157 -0.0210654719912963
-0.0057708174268289 -0.0144171885216949 0.0103202114623876 -0.18607761516858
0.00434364562261887 0.0206108021273792 -0.142393898309094 -0.210921905592511
0.0385831005544343 0.00391381692383627 -0.222789108561645 -0.108305063545037
0.0369814987271823 -0.0346679984532798 -0.198293818442281 -0.0198087502640055
0.0246069579729837 -0.0590179183331534 -0.126417714101216 0.0352927868901913
0.0253237095345127 -0.078548388081045 -0.0543831057670624 0.0842751755746548
0.0341032161728124 -0.070836757458001 0.0187940593597711 0.12469389495838
0.0598830316616598 -0.0555158718243067 0.0233472591707624 0.195495245977497
0.0843359710565872 -0.0126411376257997 -0.0429123878823396 0.241850746845392
0.0524294496094126 0.0293879332362484 -0.152120298933907 0.219798676577523
0.0358830438979784 0.00951907489862294 -0.213837667852972 0.166170701105457
0.0925833028329538 0.0126413999063995 -0.167646945546165 0.135768572340083
0.0896538526143623 0.0802161247039275 0.0473280137627765 0.193814744792812
0.0560253867448883 0.120237005049227 -0.0333226299530092 0.116989694676006
0.0854468956699254 0.0511063983776266 0.115436304747348 -0.053946987046398
0.055450395637628 0.0217999292261129 0.0198594525275912 -0.213545634230504
0.0602185859261372 0.0114429922207389 -0.137152749688072 -0.227003521659633
0.0787271626216134 -0.0195880782541113 -0.202870060715389 -0.122576622536087
0.063955192582093 -0.060418263910743 -0.180218372497969 -0.045986158229664
0.0425044469711914 -0.0815546919840753 -0.116026657417295 0.00612173314482138
0.0450769154770841 -0.100282844417151 -0.0436438541491613 0.052363326983938
0.0537243054664969 -0.0928875307516173 0.0391534334775433 0.0903902876922104
0.0868192070898977 -0.0866774497537335 0.0661569276751053 0.168183397369444
0.132815538057133 -0.0374890560269624 0.022291718990882 0.244878897449753
0.118454717850542 0.032969643177604 -0.103010565746116 0.266489825224533
0.0909250508828822 0.064449347803232 -0.210798789446754 0.204116515574191
0.11614598108676 0.0966803919794634 -0.190419756180084 0.11783216187817
0.09514755833403 0.157038444329048 0.0267128108834155 0.133136886836419
0.0492745947822285 0.172772569371638 -0.0422555225944809 0.0599145699577288
0.111402752636754 0.117067543785515 0.124389736537832 -0.0867683716095398
0.110292121032965 0.0650088585104655 0.0465537447055525 -0.236311660867738
0.116820087877691 0.00680881554988932 -0.105086632354612 -0.245383677206292
0.114184344117086 -0.0411093919117817 -0.164475660739252 -0.150613603025596
0.0845594850783961 -0.0789809387942542 -0.151926997251014 -0.0849903010649531
0.0548552884118281 -0.0926081969366457 -0.100638120512009 -0.0323926261771702
0.0575103022308144 -0.108065690060103 -0.027369910587419 0.0142492357893583
0.0647565696395017 -0.0984009262928574 0.0620540637487868 0.0491122791880439
0.096400942558544 -0.102790216634489 0.110310486124049 0.128179264106084
0.154965521754351 -0.0590343267829363 0.0965096660049114 0.226557115703484
0.158261879786415 0.0207498902498552 -0.0308001065504322 0.296692300645077
0.135185675634999 0.0946083264977837 -0.182860051875198 0.238757561355468
0.129841991825036 0.15641457629246 -0.201430214794886 0.102822760885207
0.0876839854261401 0.206163553612918 0.00848166422928561 0.0598487150202514
0.0309371211122921 0.198504069874003 -0.0566930110367473 -0.0127608155816957
0.109104899292431 0.168381664682041 0.119282819458426 -0.113404707534554
0.138019684955095 0.111437651342759 0.0798346740374218 -0.236365864817903
0.15512126117504 0.016442982572304 -0.0454675826395667 -0.247962963643425
0.135287059563664 -0.0479403076538106 -0.101852075879285 -0.180895364373225
0.095870911679301 -0.0840671188080781 -0.112194963647124 -0.129650948112763
0.0602065926359403 -0.0907389964170089 -0.078629762524552 -0.0743069862144104
0.0602654759866274 -0.099445692979067 -0.00768734831016131 -0.0250250067265484
0.0665354271250917 -0.0874632538770537 0.0840467317323519 0.00726296229918229
0.0943632792724636 -0.0972049494681415 0.146651721459979 0.0835070944785066
0.151911202801481 -0.0641195367985446 0.157748847624247 0.192061042193415
0.168213063039554 0.0109967583067203 0.0394255409667325 0.296386890775627
0.154610167654235 0.109968563249504 -0.140174830096036 0.249369532967653
0.12270452945176 0.189115641222467 -0.195480947957074 0.0824193894366731
0.0656701144075931 0.223204181943575 -0.0017595437419498 -0.0150709581502755
0.00247498357948566 0.19142077647408 -0.0727819731390622 -0.0897331664707893
0.0767703622961349 0.192791677699986 0.102534280082745 -0.133725986493322
0.130007702990421 0.147028195637862 0.108471900947394 -0.211454877720704
0.160116164318925 0.0341540655865148 0.0260819446914353 -0.222718269768213
0.13207945369919 -0.0390872231183756 -0.0247299522085478 -0.199832148799863
0.0913765547949836 -0.0702780158924935 -0.0652631988169345 -0.169919435499745
0.0559240767304632 -0.0732827839262443 -0.0535146783902109 -0.112843059497633
0.0543924127019876 -0.0770355836080885 0.0125540387163461 -0.0586467898325227
0.059443861210147 -0.0638800085667784 0.102948723639372 -0.0276833719955875
0.0806538245062584 -0.0745961873729163 0.171592459272269 0.0446389067852979
0.12988039466529 -0.0521083296819632 0.197451862094201 0.153525422187368
0.151604061857897 0.00865257416031767 0.0916743989462798 0.274364104319568
0.147251796882215 0.115082038212531 -0.0959072687718207 0.233611772180433
0.0962831150337848 0.195081200141394 -0.171441369118041 0.0554091019020356
0.0323161923743173 0.208051856221669 0.00138798395796958 -0.0806281806880471
-0.0293017695563676 0.150079967959026 -0.0856263153034517 -0.157604158785228
0.0296314701434303 0.179646151861832 0.0838412245328216 -0.145508528405525
0.0969749809686275 0.151538427710215 0.129905890595529 -0.17517930170705
0.131278604804814 0.039123543371797 0.0916381423511289 -0.182896195717845
0.0973920038730396 -0.025045534467711 0.0465063571859184 -0.206567551144745
0.0674504965843106 -0.0434801989136498 -0.0238294928591749 -0.197453172219246
0.0415248427807866 -0.0436391825285267 -0.0305593236174876 -0.140404878076852
0.0397705643574618 -0.0438122269462271 0.0301512171000983 -0.0808582322402849
0.0450226513206643 -0.032615153498437 0.117723557061386 -0.0511176241114103
0.0589576390600437 -0.0444204630825677 0.18571517499977 0.0190960938267141
0.0937614259302751 -0.0336442523536977 0.217749011444785 0.123945904605863
0.120117356787505 0.00592628333193598 0.122915530872436 0.241311232894465
0.122078533792656 0.109371514884691 -0.0560105850306022 0.202208818819866
0.056935462873207 0.175914194084067 -0.133148044111077 0.0280595704038416
-0.00600661416302209 0.165326597498399 0.0159966390772251 -0.127683292099322
-0.0572808658809886 0.0828121829341614 -0.0907415948954306 -0.202229978159813
-0.0136611021874254 0.129607030970193 0.0752024798088484 -0.142561897972616
0.0570044302950916 0.11512229873708 0.152305361370926 -0.144612696031717
0.0766741733189248 0.0212076614792058 0.140873366484145 -0.156814230325487
0.039131693778823 -0.0129219481221612 0.0891154331425698 -0.212302968915248
0.0279474676331847 -0.00931786369562797 -0.00175129269574722 -0.209931861397003
0.020224370198569 -0.00502990091094424 -0.016793171895477 -0.151707427345868
0.0202484675898052 -0.0044404855629876 0.0420627363724512 -0.0902673682016609
0.0254883302560072 0.000615156987632928 0.12683037382102 -0.0598894324378321
0.0289488181039631 -0.0143648746780059 0.191991245001484 0.00931591205568866
0.0497514456362212 -0.0195632296517447 0.223301900436995 0.104777541206292
0.082249801266896 -0.000544463541557978 0.138123101326442 0.210263517033881
0.0901393038828255 0.0913981293911688 -0.0220792094840088 0.174681880339567
0.0153202495148192 0.133752963733415 -0.092629354357627 0.014069184148947
-0.040235132958994 0.099310753566922 0.0358768245775902 -0.150779617962662
0.0509430147437351 -0.000310243808742519 -0.0933033444943464 0.137385173861862
0.0375157052346699 -0.0712166113793744 0.0926585631774982 0.0414251457170564
-0.0318969046882833 -0.0633535306959524 0.090261912430514 -0.150825454427293
-0.0472179363300429 0.00453683343359487 -0.0362694824065519 -0.250587681842578
-0.00845191835143198 0.0198725690745895 -0.168094333229234 -0.19704211162792
0.01092098762822 -0.00531083720921792 -0.191413573980041 -0.0921744756383387
0.015877280876758 -0.0273089017603791 -0.142795097340743 -0.00888751491195864
0.0196639005611112 -0.0423566645717737 -0.0971037453058055 0.0709736547597862
0.0234462164003584 -0.0320901956531454 -0.0534868902843058 0.133467427065093
0.025887430178923 -0.00934980082695117 -0.0874745804960246 0.187084290553957
0.0158173491659016 0.0127493423760858 -0.164601889944981 0.172179313625977
-0.0217662851500624 -0.00159241774199575 -0.227603351189068 0.0970185252241126
0.00907384851385781 -0.0603239209295105 -0.237512904774088 0.0568648215374764
0.090259214782745 -0.0519368421582788 -0.193670912057307 0.0918814282067792
0.0740759021620007 0.0164975539554334 -0.0378597669679733 0.238942432551607
0.0256945549863999 0.0725060611134444 -0.0847936130466535 0.121924808402283
0.0472195143947295 0.00327024320509273 0.104863737529411 0.018555993163278
-0.000136299789290356 -0.0145679420978262 0.0865427839610259 -0.167668341199824
-0.00513209533604843 0.0224279665420746 -0.0456566932052931 -0.253728079218726
0.0351767922777196 0.0222012503400107 -0.159393777108858 -0.193519390436507
0.048700417662698 -0.0157455825305075 -0.174941272566511 -0.102556077092037
0.0470050199599197 -0.044541361128534 -0.131815546077438 -0.0230700047429635
0.0547128964476146 -0.0626942782289727 -0.0846308241455374 0.053303694656143
0.0610458203708109 -0.0516179592892194 -0.0326007341400115 0.118752106052048
0.0792613659260229 -0.0270482732741636 -0.0558380243852224 0.188031832947829
0.0860239831040068 0.0235067077181085 -0.135756174841411 0.200923315920206
0.0384229831236032 0.0528771789649046 -0.230826430067651 0.138642104368973
0.0282871444387515 0.0281693874933386 -0.264460440366502 0.0655969830328823
0.077493037888892 0.0479092158084241 -0.20985469150797 0.0621111030624573
0.0536809337534603 0.109539819950627 -0.0434447025637562 0.196804678550923
-0.0041015178701143 0.13731813790916 -0.0667112679082071 0.085593277422843
0.0527623602043626 0.0817095259260684 0.132698301702243 -0.00840566817894945
0.0394765735355551 0.0440752313828082 0.109169770149878 -0.192096037747562
0.048512796656835 0.0385254535476659 -0.0336128985634107 -0.268734753754729
0.080584397716973 0.0184221831112665 -0.135902841305099 -0.200335832899032
0.0833958141726476 -0.0267123713214357 -0.147350071489075 -0.120903298737321
0.072746813169469 -0.0562481124482876 -0.110557501023087 -0.045813948096994
0.0818536860468166 -0.0742277568810983 -0.0616138041922375 0.0290761542760395
0.0880907598859729 -0.0631716766736157 0.000758384602175188 0.0957246793383026
0.115964979653521 -0.0448945212570724 -0.0045677420879656 0.180551199557974
0.140644415014365 0.018841783120782 -0.0769336725330193 0.231077511828761
0.098421996236931 0.080987511995731 -0.203220230976683 0.202676587512325
0.0596032610884454 0.100634248946533 -0.277276456625618 0.102577084830222
0.0679626110306268 0.133856674388412 -0.226921470021678 0.0391231079546554
0.0294045040566927 0.182343545986617 -0.0405357972117528 0.131739574282123
-0.0346085528994693 0.182832935355244 -0.0453003603695383 0.0292834960516081
0.0472191213442048 0.151685068405612 0.158410010831462 -0.0358420501445339
0.071086159269437 0.106531815702882 0.147861020947315 -0.205421303468586
0.0999693148439618 0.0588477412169321 0.00486141375707249 -0.27678987340388
0.120896670211746 0.013988601936131 -0.089097025864287 -0.211821748747495
0.109601809678243 -0.035288732145291 -0.106134260378981 -0.146154563931254
0.0892985191025871 -0.0603745649463378 -0.0790667324517564 -0.0736020579669241
0.0961474042294167 -0.0754450322539454 -0.0311664673702764 0.000315800743550414
0.100460528284955 -0.064042749750823 0.039365035414756 0.0679282749585989
0.130231808041317 -0.0551379935653481 0.0531746338670283 0.162250455635224
0.169083777156012 0.00665771392512853 -0.00178700108563599 0.244182393871407
0.140257397498726 0.0852141821193712 -0.148720863049575 0.259729099072366
0.0904571825192748 0.145739063263172 -0.26603377673242 0.147104253606475
0.0577201383932676 0.194946720197724 -0.233759081126214 0.0223524288172037
0.00285186808131117 0.224514066783406 -0.0294231401462542 0.0565957034765413
-0.0639625421785771 0.199302219525343 -0.024560932533947 -0.040975750170121
0.0232219366084852 0.19779203489339 0.168515512050623 -0.0608180174684068
0.0775342052282274 0.160920756532376 0.182726798493822 -0.193774384631547
0.130027413921871 0.0833290135179312 0.0627876215792098 -0.256470465452905
0.142309439021082 0.01692453984523 -0.0195275608271 -0.214588756984386
0.121619889234072 -0.0344728609885968 -0.0510810884398752 -0.170111416487157
0.0927013316861001 -0.0559130126552842 -0.0417427490487686 -0.102444097426307
0.0964025133308461 -0.0666504716655211 0.00309158465157807 -0.0266420913613689
0.0981639909630904 -0.0529832529273173 0.0758835389177535 0.0387862906262321
0.125196149650105 -0.0516061695368232 0.104276135945334 0.136198068523582
0.16750745667419 0.000367087354184304 0.0680475345265423 0.238056518963208
0.152614283738045 0.0790755053029839 -0.0829357085152258 0.289254408372592
0.103752856013823 0.166259799065573 -0.231779611779293 0.174439607323241
0.0397002675362572 0.222121125437702 -0.221812714417081 0.00686985186572526
-0.0247501007922001 0.230955592989188 -0.00805957513888092 -0.0164556372812236
-0.0868023349940378 0.179585921631829 -0.00726647639888173 -0.114583419522209
-0.0162357995027288 0.205970895820541 0.162170506962745 -0.0842231227143466
0.0552686460441875 0.189407134526717 0.201138280146729 -0.157384534168541
0.127150002001536 0.100272566160692 0.121891065861378 -0.203385298694721
0.134343714988948 0.0228632809088222 0.0611102713771041 -0.200637453814031
0.111514799076057 -0.0242169216901585 0.00915382181662057 -0.186237558578935
0.0820522012335255 -0.0421713971457453 -0.00223257880020671 -0.125724050269955
0.080990222051461 -0.0480033947851197 0.0356373543879877 -0.0483029538564142
0.0822448832536026 -0.0337578574070444 0.107207681683107 0.0151870823796291
0.104379174513531 -0.0362755659682762 0.141635788221306 0.111856984227857
0.141708644897943 0.00243572751086012 0.119775872826072 0.220560383059119
0.137950557944432 0.0690420938645059 -0.0261386700860095 0.289669483759727
0.0954033329250782 0.167026790117901 -0.184638591319024 0.177257860860348
0.0138080174716366 0.216658744059136 -0.189120142272882 -0.00955267548987571
-0.0503835509526896 0.204240991374313 0.0231427989599691 -0.0760151163355313
-0.0973112642611174 0.127190920438789 0.00594558852660883 -0.177448221614456
-0.0522625272138192 0.17401708255716 0.148910697256105 -0.0998759872440798
0.0246248523272616 0.177931920711424 0.205113471871183 -0.112070583804423
0.0987620357617016 0.0911471384883564 0.167354461188004 -0.137380521830636
0.0960237082824032 0.0207234631075508 0.129772258056146 -0.175308910673351
0.0785848556653019 -0.0100824541876483 0.0587636746368811 -0.192555579141452
0.0568025815826189 -0.0207265192692596 0.0297499259762222 -0.139950732859047
0.0543354434055211 -0.0232242770352354 0.0614302351178193 -0.0618923741688153
0.056330935173281 -0.0109598205055244 0.129817606905659 0.000436502520054059
0.0718880495792125 -0.0175120204559539 0.164873183163613 0.0954438923989017
0.101720505337062 0.00429594861752784 0.150171530631602 0.201824561912169
0.10966109713534 0.0534683914971312 0.0159023097679021 0.272248517657628
0.0753535975795157 0.150911356365151 -0.135649423404796 0.164636905035084
-0.0147166030859965 0.184052860914168 -0.143137963185535 -0.0214327842627965
-0.0686503709409916 0.149352423468179 0.0587986554440911 -0.113609602627418
-0.0923862037945786 0.0520596795658047 0.0137586720368774 -0.215931304495925
-0.0690568360981415 0.110259745182745 0.13788720156392 -0.0984301467982134
0.00464537798918896 0.127873727975893 0.211307222999749 -0.0721609785268128
0.0576835017914244 0.0507652892796488 0.200322629668954 -0.0907150574276284
0.0382016382343523 0.00610264055928151 0.170678002359466 -0.159772677610545
0.0290432145562207 0.00399748935982259 0.0841082565873039 -0.192557332252743
0.0216862682318434 0.00442572616501596 0.0479768079246994 -0.144091029080274
0.019974903873928 0.00465395038013993 0.0757172244654014 -0.0646810963324465
0.0240593923053149 0.0112673434163191 0.140946113026508 -0.00332558080683551
0.0326548006632695 -0.00228860032779028 0.174373586993121 0.0885379516094728
0.0548094693184685 0.000202341441501666 0.161698428823823 0.186837545932599
0.0775662517727889 0.0311772206771775 0.0413812025165082 0.248986261269007
0.0522957669728499 0.12157301501345 -0.0927295579664972 0.152777216688043
-0.0365749591410635 0.130200713563267 -0.0979420194404229 -0.0206575218372038
-0.0758968116307476 0.0759542618631406 0.0907637091746002 -0.126708664311416
0.051695232888766 -0.00144186517712981 -0.0929883402551233 0.141248641668472
0.0351331608052041 -0.0731125827777784 0.095171033157589 0.0375325498899734
-0.0338332850939178 -0.0632692856699201 0.0888625206587586 -0.156403328303854
-0.0472286125869143 0.00638674118679297 -0.0414199391095015 -0.254214210430761
-0.00681385700998182 0.0207615627433922 -0.176591396232891 -0.196750324517231
0.011502634416783 -0.00644780045559164 -0.199002150449563 -0.0905100396263425
0.0153902840756078 -0.0300045148859022 -0.147753929696876 -0.00888931616981235
0.018378026769982 -0.0446387873982166 -0.0979162673423636 0.0727327307873178
0.0234058919551435 -0.0342360961154817 -0.0521070283880752 0.135150319176847
0.0275694803609417 -0.0108905725320237 -0.0843519765507471 0.191643017922949
0.0178760455184894 0.013208454196761 -0.163921373255622 0.178742907421518
-0.0214716614359241 0.000347963503998986 -0.232165015244275 0.103944322319496
0.00738749761093796 -0.0616981273197455 -0.243632458685184 0.0635313656554627
0.088091135492963 -0.0560560352866256 -0.198138248170023 0.0968497190088596
0.0738233112771126 0.015480405116425 -0.0370322687030526 0.240179367911309
0.0269051403819474 0.0727254317695422 -0.0848673452045737 0.125840918556712
0.0467518914767968 0.00143409730020746 0.106857555690237 0.0142625078494658
-0.000860807805102156 -0.0140463067599331 0.0852319093559457 -0.17331828759669
-0.00425662749028736 0.0238446638478869 -0.051515188993583 -0.257750870253063
0.0369960716334803 0.022468946557989 -0.16741571171302 -0.193753673659968
0.0494199295736706 -0.0171225400103317 -0.182840588869041 -0.101444939789655
0.0471644097586071 -0.0472163430639694 -0.135918520138715 -0.0233866903523305
0.0539818352850676 -0.0653424553607688 -0.0860746357029114 0.0546388604248327
0.0621714744800619 -0.0542010277015566 -0.0310604652915643 0.11895783580195
0.0816490116360246 -0.0287247994669421 -0.0514935905619066 0.19124119859308
0.0893683065116942 0.0223841417920846 -0.133485428740037 0.207164013526197
0.0410659149292957 0.0555950794441283 -0.233208129379851 0.145637175657222
0.0285135248797128 0.0296376532079377 -0.270720685210689 0.0732304322854778
0.076876146402118 0.0453722022359778 -0.215366041404059 0.0668371905787316
0.0538116329335431 0.110177823329685 -0.0430743924289052 0.196808874175404
-0.00325631331586443 0.140033329241534 -0.0666496696352226 0.0886181692146898
0.0535619508829606 0.0811291319472438 0.135317667652874 -0.0134112286138218
0.0401508624343515 0.0450459670989454 0.108938848468839 -0.199241439112129
0.0497380799174413 0.0395539721383417 -0.0398048131961681 -0.271873483151064
0.0831471030490978 0.0173871248001329 -0.142612010077516 -0.201243358418362
0.084803960300264 -0.0289391553156676 -0.155504351779358 -0.120440890899492
0.0739378001564885 -0.0596583058746069 -0.114367124114927 -0.0459965229602857
0.0820751706094161 -0.077781929059543 -0.0629319785839763 0.0290066083344121
0.0900002607416335 -0.0656354170781802 0.00218251326459445 0.0943070444253702
0.118210360426694 -0.0470408836015538 0.000474808151381784 0.182257059174809
0.144966386756406 0.0164710318393051 -0.0721994560632405 0.236071073234074
0.101688691116754 0.0836129230011192 -0.203109061547255 0.210105440441494
0.0611606748685184 0.103330139510045 -0.283581145576691 0.111508316117913
0.0682162960998109 0.134340856359889 -0.233221173616894 0.0438499408820929
0.0293629061361689 0.18419094405468 -0.041303414437944 0.131481695369858
-0.0337403500433046 0.187454919616108 -0.0453607488464809 0.031596548183185
0.0492499359345586 0.152645650121582 0.161145299489362 -0.0410741135980771
0.0738436108854767 0.108547621289734 0.14781415545339 -0.212530586719505
0.102547925887955 0.0590425835988981 0.000537604265136076 -0.280616697095902
0.123019913261965 0.0127934694634411 -0.094829690619574 -0.213985850107468
0.111494021319653 -0.0375950247203101 -0.113240683098835 -0.146180471571545
0.0908979079561162 -0.063708444206926 -0.0824000090361863 -0.0746085808313397
0.0965418537328347 -0.0788291141584739 -0.0320644489283304 -0.00025349405811544
0.102777535783348 -0.0660783630744926 0.0418608728842202 0.0649253379332339
0.132986384142351 -0.0576397321826501 0.0589892049622333 0.162000855860651
0.172959965459963 0.00373734417529727 0.00531524568910618 0.247975071915832
0.144059181666597 0.0862603586260939 -0.145223218575811 0.267296338408422
0.0938930298154731 0.147835044216191 -0.270422134925263 0.156367225900833
0.059571988804098 0.195863273363467 -0.24060827796502 0.0277185904353142
0.003131786920161 0.227066226358502 -0.0304561130092395 0.0554850169905908
-0.0635181244643525 0.204192646425455 -0.0253867159031657 -0.0403061749464461
0.0259888339702048 0.199646077499214 0.171237224511819 -0.0670525129358857
0.0808374796835979 0.1635795485948 0.184245399466451 -0.200655744847575
0.133088111179859 0.0834074453848427 0.0595185945328067 -0.26104967400937
0.14498921059044 0.015268144332637 -0.0235223263602038 -0.218755939964993
0.123430569714027 -0.0369531262011496 -0.0570967756266891 -0.172041433606593
0.095533514652643 -0.058088554296225 -0.04475579765756 -0.103653848462437
0.0976039778826115 -0.0689912354323515 0.00284112901214372 -0.0285212768806705
0.100824489080684 -0.0546622633278861 0.0786915364503498 0.035070072561444
0.127910143092733 -0.0537982168791877 0.11034451215632 0.134705603106905
0.171029365575843 -0.00231799788665598 0.0765110660617755 0.241012246374919
0.155602542008566 0.0789064610183868 -0.0770062548043537 0.295632285440494
0.107454309052532 0.1681880144783 -0.234671182316673 0.184425312940723
0.0426747134482804 0.223542141249126 -0.22912811448555 0.011595569318734
-0.025516897013964 0.234870999225661 -0.00922387852971233 -0.0179218027603257
-0.0872413882937539 0.18507204548787 -0.0082644309566158 -0.115245462817549
-0.0141985002989227 0.208773374716495 0.164686256184241 -0.0903050186837911
0.0602136125162889 0.192480191217712 0.2040824244004 -0.164235816222444
0.131030311940251 0.100323554050724 0.121923983117478 -0.207407275506335
0.136675163428588 0.0211269926635628 0.0593361855587375 -0.204931256863426
0.113100422651832 -0.0262041688049586 0.00388111368195973 -0.190077946704861
0.0849741522489872 -0.0437891105778771 -0.00435777067663349 -0.127376778077491
0.0820628671177946 -0.0495457902505804 0.0361305372515009 -0.0509297763784335
0.0851034260649769 -0.0349274222026652 0.110385908194469 0.0107356510023005
0.106235877631606 -0.0373779983791485 0.148047840624035 0.110431127867726
0.144278995451471 0.000310258230952789 0.129993040129591 0.222862803323449
0.140469266544816 0.0692183378911353 -0.0182420709263195 0.295042785090292
0.0998510029616625 0.168529037372789 -0.186407860696061 0.185946437860672
0.0160626469632843 0.219368392694083 -0.195456948599234 -0.00554581678313947
-0.0515185198351692 0.207821500641464 0.0218090029096705 -0.0781244401963061
-0.0985020981666566 0.132382713024545 0.00497814181520291 -0.179450379766152
-0.0504248236947503 0.177181825321958 0.151671929630634 -0.104885455824392
0.028888389095541 0.180963401746441 0.209242641372389 -0.118004402205778
0.102066924930778 0.0906284248285582 0.169417182348954 -0.14111727540859
0.097210009348378 0.0197841323887607 0.129858507685206 -0.181059550187367
0.0797502647266029 -0.0112318659722126 0.0545890351316104 -0.196699272696049
0.0594521934754853 -0.0215627925769163 0.0283086732531395 -0.142492810750978
0.054948352178014 -0.0234972181182373 0.062337382360551 -0.0642179563978591
0.0589709502288263 -0.0111093911062276 0.133054703175778 -0.0042685173533416
0.0733200021244365 -0.0179027107708268 0.171584728160779 0.0934012675837645
0.102525144663286 0.00302158525591339 0.159812016632671 0.202666802627103
0.110818574733032 0.0535714705090728 0.0235538754594356 0.276528365724983
0.0794186942463225 0.151496202035499 -0.136072526783466 0.171904086994108
-0.0124559902003404 0.187183712354006 -0.148327824333213 -0.0180223142357217
-0.0708011232778407 0.153647860059139 0.0581228138857703 -0.116806686201095
-0.0941075730269303 0.0555958790070966 0.0122245493921671 -0.21786980343206
-0.0678732891732382 0.113204315012976 0.140571294099875 -0.102144687237825
0.00806376831973152 0.128922143162968 0.21582974857145 -0.0776204677263116
0.0588184307199064 0.0487840073899481 0.205157680997467 -0.0942339306502312
0.0376908643479072 0.00560883800467606 0.172050929776263 -0.166156299318422
0.0296341788513444 0.00403516935601904 0.0809948155914255 -0.196774064614983
0.0234863222529572 0.00457212636495127 0.0465220687392257 -0.146035560309384
0.0205877100059288 0.00555061728315473 0.0775969340719658 -0.0664665368046047
0.0259369459133822 0.011532881596538 0.144657718421937 -0.00773418410310692
0.032890934542197 -0.00172417304958376 0.181015351242112 0.0871971751665009
0.0547510000556987 -9.67223021351698E-05 0.170997208516642 0.188118464855478
0.0783173839122831 0.0302906235433282 0.0484144095029107 0.252216540657509
0.0557412623002631 0.120728379249404 -0.092315973673994 0.158348610017026
-0.0358223203566619 0.132770521821723 -0.102213828784217 -0.0176140348844346
-0.077695386966978 0.0795637262670673 0.0900720514587991 -0.130002814563788
0.0524331770691826 -0.00350375207307833 -0.0916477901411542 0.148456805117547
0.0327340974304413 -0.0768121766119854 0.0985377330821893 0.0336767579881122
-0.0366864566992943 -0.0636371844177351 0.0861978025973627 -0.164829236347468
-0.0478993587467493 0.00914069398750846 -0.0518299684508095 -0.26175547790914
-0.00517153783734475 0.0215010462792074 -0.190432871517538 -0.197630017066054
0.0121577434465452 -0.00720596283284839 -0.210529216238152 -0.085845679520538
0.0143730448198295 -0.0329470249329526 -0.155534016345768 -0.00590343662666706
0.0164458918275426 -0.0475769693580198 -0.0998554901710468 0.0766064419177519
0.0232646047895058 -0.037308075411013 -0.0501534663207128 0.139320940906496
0.0295386048049123 -0.0119464057537633 -0.0796929303949828 0.198795420457775
0.0199120985436351 0.0122416490140687 -0.163372353622284 0.189502134674423
-0.0216326994197442 0.00254281904216347 -0.2377302438427 0.114575659530273
0.00478108225637906 -0.0630926816686234 -0.251006060905368 0.0753053642781986
0.0858760323122075 -0.0614919181193987 -0.203604992425811 0.106042834577925
0.0747214032621268 0.0142782121297024 -0.0350119909599854 0.245167793887014
0.0286977348866731 0.0740891269465317 -0.0834261890302209 0.132427863728035
0.0464822638892379 -0.000964535818251675 0.10962974233771 0.00890892535100517
-0.0017472600147101 -0.0137391780510374 0.0828101242633849 -0.182107605211355
-0.00383114490734576 0.0262553633902241 -0.0610028141998405 -0.263479218678716
0.039927863555721 0.0221159258137938 -0.179886041218549 -0.194006697855595
0.051374405156267 -0.0196425014794632 -0.19392146102117 -0.0984721108712174
0.0472855830219707 -0.0517411359532515 -0.142814316704928 -0.0217048904433803
0.0526462365418728 -0.0699925912978153 -0.0878221858345388 0.0577811436702979
0.0630755846721366 -0.0586874932579739 -0.0289216185863704 0.121402371406246
0.0849726180124992 -0.0323990712506553 -0.0466773890249716 0.196761288820128
0.0946365868735384 0.0204748701736588 -0.130480845723447 0.217655804385555
0.0445924570248658 0.0577201486286222 -0.237234490056462 0.158021238480088
0.0290343244894043 0.0311861808014732 -0.279962334801003 0.086681401864861
0.0773742565732198 0.0435411222063796 -0.223445911914317 0.0754552764867859
0.0560393821756707 0.111550574517044 -0.042222484759196 0.201354629319201
-0.000315715553177043 0.144432383652465 -0.0662832752266991 0.0940268372090544
0.0559469001869236 0.0808600766217234 0.138504374027611 -0.0205794893065828
0.0424295608100794 0.0459536428434257 0.106178755796112 -0.209243526454489
0.0520112699367887 0.0403944718486051 -0.0491395883945478 -0.278530024633443
0.0864253856521051 0.0159426310470925 -0.154461447899006 -0.203137045004803
0.0866924445413205 -0.032471061381734 -0.165728088816091 -0.118867528057636
0.0749911010171548 -0.0645111243675988 -0.120898976723286 -0.0456532624602131
0.0820043682149376 -0.0830542563281192 -0.0646478322195439 0.0305386992188964
0.0920208376937565 -0.0709591062868729 0.00529605174886468 0.0944387115508365
0.121984829821899 -0.0522176642224313 0.00762526500557337 0.18616723742317
0.150775998003769 0.0126287133046318 -0.0653712336567639 0.245633372364676
0.108576635621725 0.0845741394021111 -0.203312751832295 0.223350612406743
0.0649977743210361 0.105837879328362 -0.291160487720672 0.126609622665752
0.071805435633518 0.135082416991391 -0.242279574212902 0.0530439964473413
0.0319001090794835 0.188745453346127 -0.0406577849144883 0.13387700337378
-0.0304657135431988 0.194212883821316 -0.0458512347926138 0.0344522604721845
0.0538880218445737 0.154399784992913 0.1650052946929 -0.0494616862071124
0.0786422465856381 0.110545032684624 0.146738254745342 -0.225060274470242
0.106802481131753 0.0589346665721981 -0.00841135230670671 -0.287500027235275
0.127845284771388 0.0096523518350013 -0.105103176616322 -0.217776783612006
0.114249022327441 -0.0421738245687462 -0.123128553910607 -0.147094218854394
0.0926765435300021 -0.0692592975432806 -0.0887914701129003 -0.0750903213999974
0.0977307639647995 -0.0845526681134777 -0.0336706910920182 -0.000668134299291025
0.105940380636159 -0.0712843597146801 0.0447866684043815 0.0626789323547122
0.136609252597366 -0.0633338001348162 0.0674261843379022 0.163134406177237
0.179053740431319 -0.00170270304339812 0.0153677069998087 0.255162610048679
0.150996295567412 0.0867274363962308 -0.140520523258811 0.280313270541767
0.0999287104092098 0.150494801581648 -0.276291189932083 0.172213248049997
0.0648073208930954 0.198650519335595 -0.25047057114015 0.036544077580971
0.00550526406136972 0.23394919905002 -0.0316257512840307 0.0559950580049722
-0.0605790900153101 0.21366461181693 -0.0266731651042367 -0.0398390087476029
0.0315352620137061 0.204200243299289 0.174679140047524 -0.0756652257617145
0.0893369941361711 0.167403773966887 0.185330611898417 -0.214217811276056
0.139489595373877 0.0825396141281861 0.0546780082742716 -0.26891962266853
0.149419721713014 0.011498239408413 -0.0308174808122277 -0.224421595415862
0.126274184458473 -0.0416376591527781 -0.0669699706369885 -0.175310573289353
0.0982972862345225 -0.0634789706623493 -0.0497931302680072 -0.105532612325551
0.0983428441162224 -0.0737826952123981 0.0017033649294461 -0.0306443052373053
0.104818560878335 -0.0590636597896266 0.0825345832027057 0.0306902354229142
0.130893077427723 -0.0586175116139872 0.119900638518186 0.134010147798272
0.175853257901393 -0.00729694390166518 0.089469076679156 0.245412203655531
0.16279321139558 0.0787412746615358 -0.0694219502667595 0.306676868459235
0.115413010845248 0.170564607956984 -0.237730511469506 0.198753052301749
0.0484969985818159 0.22841779869947 -0.238215459021733 0.0204602655398708
-0.0236121609813234 0.241885475547146 -0.0110371046975037 -0.0193489295958897
-0.0856947985595113 0.19487431507435 -0.0105103419695323 -0.117451833118661
-0.00852406374312624 0.214923454893654 0.167799556811253 -0.0990563321253663
0.0680760646820483 0.197335760679116 0.206782933558144 -0.176215045124275
0.137811349206853 0.0999226775778372 0.120331544953208 -0.216547441450794
0.140737306014387 0.018079709984541 0.0554679120431667 -0.213103047240292
0.116351335784334 -0.0304080577858799 -0.00396991964634975 -0.195415818761683
0.0882115576290843 -0.0479648067750319 -0.00894871097181168 -0.131152746116251
0.0833635404376852 -0.0527516491967097 0.0359914071803683 -0.054406115606033
0.0892291012981178 -0.0379078054475905 0.114196596273217 0.00515709788528884
0.109509265360825 -0.0410237305622732 0.158240689531329 0.107552614591244
0.148262638585981 -0.0037280226685508 0.14316296581581 0.224496259862669
0.146156726590459 0.068110193785862 -0.00816111493695498 0.304024597419891
0.107395964924783 0.169827894887712 -0.187019797480277 0.199764135145151
0.0216275672782365 0.224762139473868 -0.204372556383086 0.00210463406727618
-0.0507107915223331 0.216154649715236 0.0194026378438209 -0.0815470917142138
-0.0984719212615663 0.140543174896206 0.00207115102472127 -0.183455662139938
-0.0472452802399798 0.184058090281354 0.154634277604669 -0.113849743997522
0.0357740768142705 0.185559012054808 0.214358740982827 -0.12857865255425
0.107359981220662 0.0900373629133804 0.173265423871985 -0.149797000026942
0.10037560159874 0.0177276120334104 0.12919462491322 -0.190632117402668
0.0824042742516115 -0.0133542843694784 0.0484033441440319 -0.204041304428796
0.062001375721614 -0.0242321616229172 0.024436822304719 -0.147076516449499
0.0557827588646446 -0.0249913943402039 0.0631755055727862 -0.0683407412037204
0.0622147761964396 -0.0121370427317842 0.137699196983326 -0.0107407567798762
0.0753350208503277 -0.0197761361721871 0.181692784584687 0.0909240599923588
0.105264119957338 0.00106017515310013 0.174156356538949 0.203178993648612
0.114816864745254 0.0526537413826298 0.0344551851082433 0.282961123554883
0.0873729843945085 0.15197375014127 -0.136154508962834 0.183649003703707
-0.00827429853550032 0.192903706515332 -0.15489307238998 -0.0119787261694982
-0.0713061794715019 0.160839685560577 0.0561344479719866 -0.122610150375261
-0.0954550120396336 0.06157469495895 0.00872989341698818 -0.223952268061033
-0.0666242251889823 0.118640518495147 0.144245971310268 -0.110006265886941
0.0133623381743855 0.131307555912823 0.221895697472183 -0.087185010012793
0.0617531882817092 0.0477601136680728 0.211264151317891 -0.102691482492022
0.0375117556092109 0.00516692013737446 0.172801067574559 -0.177597613020431
0.0305949936952288 0.00318847312978935 0.0756824198947541 -0.203946092123945
0.0255521402887126 0.00370832826462544 0.0435190519035805 -0.151109257747844
0.0209782904242474 0.00615441410540739 0.0789319008819728 -0.0714431770331671
0.0280454527087413 0.0118583400195089 0.150049355375184 -0.0136498471163874
0.0340765584382439 -0.00262650109944953 0.190962122623776 0.0849313817694593
0.0553223652062199 -0.00117127799889673 0.185719869727935 0.188335765684897
0.0806568279150851 0.0290906020072038 0.0594494693817273 0.258759751768368
0.0620523573932502 0.121051912733084 -0.0907457328483396 0.167723519089502
-0.0332828992423003 0.138378855906484 -0.107411185701167 -0.0133404960331686
-0.0801130614351441 0.0850899905323558 0.0892589439404121 -0.136598317018083
0.0529177347041457 -0.00623406425040684 -0.0862186742726887 0.157348852448368
0.0277515613129179 -0.080425020508743 0.101011812587118 0.0281092409833215
-0.0413636202877995 -0.0626181909558012 0.0789632429961967 -0.173513057980635
-0.0475854140425681 0.0126511334069332 -0.0663927795960681 -0.265420217166634
-0.00267445473978874 0.0220477031546405 -0.207732736182427 -0.191773850300092
0.0122359934166961 -0.00879214688590287 -0.221516372083721 -0.0759135960812932
0.0120366450692683 -0.0359174773514092 -0.161602979698995 0.000965460585892154
0.0135986745954484 -0.0503066189856663 -0.0992645116037919 0.0830926987901983
0.0220025205011074 -0.0407432490289999 -0.0446638744021342 0.143287404938173
0.0310348368250198 -0.0153300720846747 -0.0695299548935727 0.206203367983875
0.0224390403070117 0.0115728343080478 -0.157129064053412 0.202922185360976
-0.0209835683299102 0.00543310095741773 -0.23951849132597 0.130575663690118
0.000456466051172581 -0.0639112499789082 -0.254827720315005 0.0929040989878489
0.0816197570902783 -0.0677453108846193 -0.205482126527618 0.119058930756377
0.0764151521634103 0.0118894640013389 -0.0274258465454927 0.248915960216871
0.0321911822321041 0.0742763975039002 -0.079701061601531 0.140171664978808
0.0455000781269095 -0.00403144555635114 0.111428192206847 0.00175661134779582
-0.00321509781599438 -0.0132310422553042 0.0742596641540155 -0.191628498455433
-0.00246829393467295 0.0279115151790115 -0.0769559947013048 -0.266385857167729
0.043348854376548 0.0206805923073752 -0.195825763005058 -0.189206198333829
0.0515718902469113 -0.0224962113210277 -0.20548864203005 -0.0900450391380688
0.0450164412052725 -0.0568524356622861 -0.150014475590984 -0.0159366019776281
0.0501570652275808 -0.0753943805740668 -0.0878065346101991 0.0627995405638202
0.0621326031126538 -0.064151747395891 -0.0239931203829755 0.123686296453524
0.0869712841530968 -0.0383690972538418 -0.0356795430552915 0.201863080442433
0.0989051713059439 0.0155850436363898 -0.121014680217783 0.229378773943135
0.0502174706428265 0.0587546376729796 -0.236026482440754 0.17505004511951
0.0298971342875777 0.0309384949771624 -0.283843289311705 0.10578378823038
0.0779440946845837 0.040017609448595 -0.226984075382178 0.0888352860577363
0.060499621431808 0.112026797918041 -0.0363126958657369 0.204501345174561
0.00604777143408234 0.147876019015191 -0.0635281788558545 0.0997695395912292
0.0596326193488251 0.0784080772140267 0.139189254807312 -0.0302447572192905
0.0453311270605822 0.0455954738107597 0.0976289797909237 -0.220800032165892
0.0552319578402608 0.040071120650971 -0.0646059083950538 -0.281731931111264
0.0902701229473139 0.0121255616474685 -0.169789365162996 -0.199076072314859
0.0876355431827235 -0.0377333840246659 -0.178583118557977 -0.112184888686583
0.0734217377585127 -0.0712885710434983 -0.128403595324605 -0.0419148028617107
0.0793144173870105 -0.0895979227222881 -0.0655619271931743 0.0337334617194232
0.0913656584259721 -0.0781539897226866 0.00959889921393724 0.0943340840841648
0.123655772224013 -0.0595307885155448 0.0193933309766635 0.187288662719746
0.155555647921618 0.0044757746419129 -0.0520387294330807 0.254481307062698
0.115854769441624 0.083227094757727 -0.196200522406374 0.240109176014044
0.0712092261290132 0.106395498254696 -0.293557830404681 0.147528398448107
0.0768506529353998 0.133997932435549 -0.248011597583962 0.0679955162457909
0.0387511326258003 0.19122572458305 -0.0380667236694986 0.136131847794733
-0.0230013643253423 0.200724583419047 -0.0453751735901337 0.0385755905371629
0.0619291673039457 0.153981467177784 0.164900909034618 -0.0610113443757106
0.0862880594412939 0.109353300645251 0.139171761252675 -0.238839404107808
0.111746734983407 0.0557201420617199 -0.0231253078792287 -0.293059327864502
0.131437779568735 0.00341606271841032 -0.119383350413608 -0.216515586873469
0.115233253551931 -0.0488226067696767 -0.136143701217357 -0.143570986892638
0.091993211826197 -0.076717176668798 -0.0958740149928442 -0.073072155584116
0.0954518333749308 -0.0916147501733792 -0.0350592213931578 0.000419528789103305
0.106239172010014 -0.0786924214595648 0.0488596770337141 0.0588946968016946
0.1371373632339 -0.0714901938603242 0.0791479459808283 0.160869799556521
0.182957470746283 -0.0111488093306563 0.031754359947479 0.259638310789981
0.16029223316019 0.0823901861368769 -0.128681862272543 0.293734084770167
0.109496100932414 0.150163227825689 -0.274912059185365 0.194020151040927
0.0739811660710215 0.199568366565822 -0.257219125379346 0.0516283124779728
0.013141027835612 0.23906523201636 -0.0316147932561338 0.0569232770121614
-0.0522527451575681 0.221996361010643 -0.0291903771713188 -0.0387602996828794
0.0420417159126786 0.205804337601179 0.173855742086213 -0.0885149083891356
0.0999835761518347 0.166760868843968 0.179099336550971 -0.229217797668404
0.14658342681673 0.078339470616089 0.0432527696990458 -0.277282206423634
0.15332229448996 0.00451428288208564 -0.0430396460479787 -0.227720861954483
0.12748599375769 -0.0492484000604368 -0.0797364158035644 -0.175503649166126
0.0986228073841417 -0.0704047527922066 -0.057618365974211 -0.105847142099375
0.0970519107260937 -0.0801816655248998 6.47418038946479E-05 -0.0328262216012388
0.105503499909813 -0.066063375073781 0.0855092691159594 0.0244774102948674
0.132119461900488 -0.0659972728451689 0.130962236424611 0.128842704532937
0.17936319916639 -0.0169659915604769 0.107158756506478 0.245111426671388
0.170335827246128 0.0733068550872535 -0.052992701389144 0.316793662480765
0.125572021280687 0.168332236326095 -0.2337333379564 0.218472773139693
0.0591442526970685 0.230570704869775 -0.245602699195154 0.0347699520767887
-0.0160426409086371 0.249346521321695 -0.0139101764146861 -0.0203712109623722
-0.0783979179101984 0.204555537388388 -0.0164117473480297 -0.118506239929393
0.00114678945143399 0.219650820262649 0.166873394322012 -0.111128567499415
0.0802993982027945 0.19888148813984 0.203461160314063 -0.192727602905566
0.145270814844431 0.0953761634029077 0.113776774203235 -0.225969246465571
0.144572378566289 0.0121824982404767 0.0463361950698048 -0.221378673626711
0.117560489769848 -0.0369796910467778 -0.0161148101328251 -0.198760258480656
0.0887713134199188 -0.0540281390458145 -0.0168672998231675 -0.13377128000008
0.0826662705949084 -0.0577471735859917 0.033686537305403 -0.0585054083491027
0.0909975679935531 -0.0430649062967943 0.117042098255745 -0.00368068723299809
0.110116249882951 -0.0467546000271605 0.169166484137758 0.100472641929391
0.151291092349777 -0.010718996931996 0.16154740077193 0.220969142706366
0.152908800020402 0.063248581511888 0.00934535452109536 0.310658942710819
0.118605485748688 0.167757135711236 -0.18211690824978 0.216372283238334
0.0326456937231895 0.228897557524262 -0.210866965501009 0.0146773169701851
-0.0444829519800308 0.224429205117126 0.0152639309747375 -0.0851372625736117
-0.094246315591949 0.149482824879606 -0.00566397603300592 -0.186774534028522
-0.0389105397439229 0.190075203046154 0.153071848096602 -0.124626698438731
0.0473042216470951 0.187750862691156 0.213698399835418 -0.143936749842448
0.11421181726871 0.0859155733892969 0.171921618730398 -0.160820700837963
0.102600663332019 0.0134010574046175 0.12344784967426 -0.20270976901337
0.0837108713595613 -0.0180465665498522 0.037626334697272 -0.209669153046946
0.0639354506073544 -0.0280689295100714 0.0174316170472869 -0.151375642682188
0.0563081014653947 -0.0270707357221558 0.0617680943137557 -0.0738657378055236
0.0646567593339513 -0.0157978238240855 0.140223396484379 -0.0201128269678378
0.0767224861607598 -0.023243461988095 0.19287093715279 0.0825013226575163
0.106767779747659 -0.00361512410998607 0.191587171047916 0.198000073918469
0.119144945336283 0.0484653213787275 0.0513290529094557 0.287125992140176
0.0963192588432305 0.150087265408534 -0.129440991786639 0.196730216539046
-7.95668861534767E-05 0.197800631931756 -0.161041770577243 -0.00224315912897059
-0.0670450590700305 0.169394075079192 0.0507157652786195 -0.128037048566955
-0.0948915657970006 0.0687943986919379 0.000561412614182448 -0.227704287128646
-0.0616956595520559 0.124558925297554 0.14281917473254 -0.119851596505758
0.0215015248339434 0.132193801390965 0.224474189215677 -0.102066447505306
0.064275604552075 0.0444305728586099 0.213864895822512 -0.115475459751301
0.0375379104370097 0.00381371235464095 0.168844105784482 -0.192063853401607
0.0317570699140621 0.00229685274433575 0.0654875799506673 -0.210788406794016
0.0270105541639005 0.00235001079439014 0.0365878784886872 -0.155983721522364
0.0218038526846315 0.00657320031389528 0.0778022679545405 -0.0770878470917733
0.0305225776101953 0.0107012340250419 0.153330109849635 -0.0232326767554082
0.0347112558091621 -0.00310049438249627 0.202784065543218 0.0761490622264814
0.0558624507400316 -0.00279191965240556 0.202365722767536 0.182060984998548
0.0825053683356328 0.0261550856531189 0.0749339283491134 0.259966988540562
0.0700541314925906 0.118953412482075 -0.0841531578293093 0.177541724950005
-0.0268939474678635 0.143945128788 -0.111688968728638 -0.0061708566045206
-0.0786191983149713 0.0932012772704409 0.0837213980834346 -0.144344638082014
0.052237556353545 -0.00920945774422408 -0.0781149852935657 0.161673135923412
0.0216911620618537 -0.0821789783604397 0.100674936936123 0.0219264686821063
-0.0444329494209737 -0.0591665200056397 0.0682904133797347 -0.178388900240179
-0.045946007258962 0.0163650485016771 -0.0817509805983472 -0.261399457476401
-0.000394962736724654 0.0218182064634604 -0.219521614053607 -0.179009810708307
0.0119803216856042 -0.0104527238475549 -0.226081615697816 -0.0625376829099945
0.00860617507124086 -0.0379594728483977 -0.164408233142288 0.00978591225681731
0.00963411056955306 -0.052336468752671 -0.095916604589953 0.0880084598259882
0.0191497656796756 -0.0428944604205287 -0.0371504645616446 0.143082246033863
0.0314200949009025 -0.0171471503329298 -0.0570986147645512 0.207625823946429
0.0240126198989766 0.00986382018648773 -0.144740781804396 0.211413004525447
-0.0195620797783044 0.0075869346028311 -0.232906385935084 0.144337275025191
-0.00419317219714117 -0.0630367153431041 -0.250145676468223 0.108515921629603
0.0745335560037539 -0.0718096832470824 -0.201574040038964 0.129545054338938
0.0759523214039811 0.00802942467283702 -0.0181080361098602 0.247003357786054
0.0353557924274986 0.0725127294989282 -0.0723483974639844 0.144443363111017
0.0435453370758905 -0.00727831457158913 0.109313337814605 -0.00524017566821353
-0.00407634955901024 -0.0124136815061219 0.0635049871103218 -0.19557859064522
-0.000222334808602738 0.0294942055657288 -0.0910715749427633 -0.260896181865373
0.0450425974785006 0.0181859393755964 -0.206872740199886 -0.176690992997419
0.0505502731814055 -0.0263131195463864 -0.211132373385601 -0.0777631303466418
0.0408288027002899 -0.0604316398776006 -0.153150792376675 -0.00842764409666348
0.0452088081615338 -0.0784824065444045 -0.0853212754950268 0.0662464081294685
0.0590237420584345 -0.0687459852484496 -0.0175824800332814 0.121713534264134
0.0856966849709262 -0.043355096953183 -0.0229751524982421 0.201440758563936
0.100617960047931 0.00945213634809573 -0.106528747788864 0.235460923484149
0.0540798518164044 0.0570719729584262 -0.226932360571073 0.187712228528751
0.0303063749785098 0.0312732074880888 -0.278410176434865 0.123353184537742
0.0763889046065058 0.0358345269922949 -0.223946584052671 0.101243367286795
0.0639757556800748 0.109039554464251 -0.0290178335416309 0.202876772213499
0.0124725036300199 0.146730833096551 -0.0590262908326538 0.104082368295219
0.0619895775887874 0.0734386952906585 0.135261530237506 -0.0383513227712052
0.0471074547964191 0.0437430952719299 0.084972140579744 -0.226200446030156
0.0573303228662665 0.0382542162900909 -0.0797333338873191 -0.277259246663559
0.0915558922958628 0.00719411657089911 -0.181045834519759 -0.188932270096211
0.0856728978535439 -0.0427614633673743 -0.185443722443065 -0.10181698227309
0.0688581119472505 -0.0757030243147468 -0.132087639182304 -0.0347650195744779
0.073450347896108 -0.0945076412431845 -0.0643215204476828 0.0354503878224853
0.0878586105871458 -0.0834388837116331 0.0142665607401076 0.0902788403092334
0.121290670740963 -0.0666053048130559 0.0307062392386555 0.183665373966666
0.156722970918286 -0.00452850866530589 -0.0357176445791285 0.255675781078876
0.121634414335414 0.0778959921833869 -0.182392383526425 0.249365468963791
0.0753776368242253 0.103268327815206 -0.285580584301324 0.166404243312789
0.0802290152054207 0.128926202828988 -0.246578831459787 0.0815990197291828
0.0454760694658623 0.189358053145639 -0.0343640345202026 0.135765808847901
-0.0134040509439959 0.201245264798278 -0.04353882003841 0.0416704267886699
0.0681229553579235 0.148449376552569 0.159143500250069 -0.0705203767183289
0.0918803809881846 0.104847092044563 0.125629406340327 -0.246408330495298
0.114338857419359 0.0504562832344573 -0.0386114363146951 -0.289818109162125
0.131201275313298 -0.00320251154456946 -0.131570878027332 -0.209198261395721
0.112407691208278 -0.0550629880391431 -0.145082570793931 -0.135156158869997
0.0883997634809992 -0.0817533577088749 -0.10183796230673 -0.0677778664809795
0.0904262724268704 -0.097073661686133 -0.0356230823503992 0.000677235668299334
0.103605114099989 -0.0847739386445961 0.050431886663366 0.0530766840234364
0.134731625124421 -0.0786686722764039 0.0886767286066275 0.153469228714584
0.182070899099038 -0.0211169457024427 0.0480820676480112 0.255625378618152
0.164394014894516 0.0746215204062916 -0.111125070136609 0.299511684906044
0.116191523378046 0.144629192939204 -0.265239120659743 0.210828301843877
0.0810582974123304 0.194618037238967 -0.256061633690033 0.0664646407560977
0.0223461803858885 0.238394202117734 -0.0311976691832682 0.0572354294863763
-0.041134262655507 0.224657085041185 -0.0310717647164372 -0.0356633882182968
0.0508703534391863 0.201636784175717 0.167001233413904 -0.0983926824974688
0.108649686777944 0.160555029370153 0.166116809247978 -0.239602001620565
0.150347415247462 0.0712216970797739 0.0290737164273345 -0.277575290359263
0.153104627627641 -0.0031640328902386 -0.0550715756050183 -0.225160239649504
0.124772002516397 -0.0556266657637167 -0.0909399271634816 -0.169361947766562
0.0950307918733859 -0.0765656184508175 -0.0640389554780978 -0.102692248755892
0.0923933508628394 -0.0849858509957529 -0.00208596953621467 -0.0335125149734415
0.103905570151725 -0.0723754809680193 0.0855910252033496 0.0165828757607903
0.128771633228659 -0.0719254044278829 0.139275258900249 0.118966448349873
0.177974021787014 -0.0260174546692444 0.123584035740664 0.237427307817559
0.174186832796438 0.0654774313605132 -0.0348789870444655 0.318379799614768
0.133187724646694 0.161176031739592 -0.222487303946434 0.233408842641275
0.0693097131852367 0.225992140041503 -0.245192543536415 0.0497790654799196
-0.00674687572984181 0.250129936814198 -0.0167662534187488 -0.0204139966391397
-0.067715516520027 0.208858880935219 -0.0212631309544167 -0.116281732991284
0.0115917163478623 0.218092190200313 0.159522415334129 -0.120438120579814
0.0910492922894356 0.193409496369578 0.19370952147812 -0.203422487106901
0.149996558447118 0.0878226367358192 0.104020749129166 -0.230635866055447
0.144325388989488 0.00463383111264352 0.035266437290425 -0.22400461241855
0.115797283777263 -0.0428282481946142 -0.0282884092804646 -0.19623280265061
0.0866175449934847 -0.0591990664183397 -0.0246073383263811 -0.132054682128312
0.0798433864222771 -0.0610090511990276 0.0311978942386153 -0.0606742525309525
0.0901868096884466 -0.0480426237394354 0.11544493066315 -0.0123513644074238
0.108455852215163 -0.0514499936613666 0.17616772262408 0.0897276757976914
0.149814673162817 -0.0190105376487862 0.176377553538228 0.210038945388598
0.155100689736358 0.056022676732877 0.0282395876976425 0.308207700758615
0.12596899726371 0.159685574455547 -0.170462165295037 0.227947408886439
0.0422335627417671 0.226112958001236 -0.211087531709893 0.0282861162498065
-0.035472882168136 0.227672618876869 0.00940511091359642 -0.0861690216739673
-0.0866661144461199 0.155157149470197 -0.0138119534997659 -0.184166356555521
-0.0295035298240495 0.191156495521494 0.145742276944735 -0.132473740295365
0.0576995183832576 0.184217871295378 0.206451704596574 -0.155009297372545
0.117689677903971 0.0796183996209389 0.165791648293761 -0.169054168634377
0.101935998790532 0.00849509607037752 0.113515119649826 -0.209623098782427
0.082390173973438 -0.0222057602664011 0.024783019523211 -0.209706512380756
0.0624754783741761 -0.0324006054099075 0.00858481469133723 -0.150899254191596
0.0551410755770317 -0.0286617241881641 0.0582824616744753 -0.0778798760877126
0.0649733641479932 -0.0191345856425761 0.138729602945794 -0.0296516843022355
0.0758771853338976 -0.0259190410110235 0.199021670292546 0.0707480880376276
0.105956156462788 -0.00824972935682226 0.205129689712554 0.186223637557078
0.120238439777787 0.0428711595394694 0.0684568351869338 0.282463976959813
0.103364317878163 0.142315076179332 -0.118949351432796 0.205266884707172
0.0106899980247326 0.197427944309093 -0.161821598546048 0.00851203844028897
-0.0595492720126198 0.174615356061453 0.0429650669345062 -0.130437064715158
-0.0908667676226311 0.0749381907916502 -0.00916978718194449 -0.225706750712475
-0.055182499618926 0.12739580938928 0.137390735948161 -0.126840156154558
0.0293109740556057 0.129403734134346 0.220199892219331 -0.114070926924169
0.0655197501558583 0.0396694556200548 0.210394996214357 -0.126638999188412
0.0364642381936219 0.00223619766842518 0.158761844973154 -0.202050379020443
0.0314320697786793 0.000461098384302313 0.0525545456558537 -0.212354694422
0.0271425631138974 0.000620407511159345 0.0281677913033782 -0.15711026206684
0.0221950547367958 0.00759701245343275 0.0744603388010202 -0.0813493312094924
0.0323652131659791 0.00937668109712044 0.151226593420347 -0.0332555225871639
0.0345149476533151 -0.00417913458387509 0.208928535859595 0.0645622923771401
0.0547951445919363 -0.00462891299110951 0.214262268110316 0.169223127801644
0.0825017875035528 0.0213856455638026 0.0904199225135716 0.255167823697892
0.0762986293442074 0.112166072649101 -0.074439877001913 0.183253266316656
-0.0189522274253616 0.14536322986587 -0.112193970120551 0.00230552353541823
-0.0739215871619923 0.099442171730054 0.0753187448401845 -0.147660457726702
0.0502049867603089 -0.0151173859366992 -0.0607110128263961 0.169945516324737
0.0106040875271473 -0.0826424384578644 0.099357080252327 0.011433769243
-0.0517226752638029 -0.0526439899397321 0.0446343606641039 -0.180201130869203
-0.0412644445694783 0.0209371183568078 -0.115978166856967 -0.242695615935377
0.00314614455340397 0.0192981106629329 -0.238757002078557 -0.143723808462365
0.0100817709664271 -0.0118172174042635 -0.230693411968013 -0.0319865047951609
0.00185074241349128 -0.0374181011222026 -0.164768584640884 0.0301778267040717
0.00174377065222526 -0.051788258466089 -0.0825661830596684 0.0967845743074359
0.0131822292231747 -0.0452842559937374 -0.0198101034938989 0.141396100065269
0.0292804442319516 -0.0225221774747719 -0.0272434001784036 0.205979264055873
0.0276003887341576 0.00510595453210519 -0.114203936033332 0.222123294228959
-0.0136606724515916 0.0120315351055923 -0.212645881068787 0.172181361866698
-0.0115041149928856 -0.0570799574719124 -0.233361290110033 0.13751679445161
0.0621397824321705 -0.0749727421661973 -0.179736445575042 0.147700969176777
0.0752478874821879 -0.00146318009025185 0.0110987217062858 0.243032141689466
0.0447080466138579 0.0687683315699489 -0.0574118085643326 0.145111459495059
0.0395533149200202 -0.0130772544941705 0.103070736430993 -0.0188322609638855
-0.00673346520060894 -0.0121099147802452 0.0353658685171678 -0.199539884194441
0.00354081850585959 0.0287502064521316 -0.126052181646577 -0.241321923723148
0.0471889035473586 0.0105055434815867 -0.228148012642959 -0.144898990504479
0.0459352855656966 -0.0311555131466618 -0.219312200698356 -0.0492356853274842
0.0307094834011694 -0.0632918190639865 -0.156522168479332 0.00927705745660969
0.0333406255258801 -0.0821985544435786 -0.0757393849461984 0.0740833795233218
0.0485079746297852 -0.0748891914356625 -0.00346260712105553 0.116674773924961
0.0781091021313392 -0.0543403437301163 0.00557718468221175 0.193572804350646
0.100858184591446 -0.00544036839166248 -0.0735026008068978 0.239528194130127
0.0638835928207812 0.0502737282607537 -0.196821903197738 0.212654238525781
0.0349187216925379 0.0293328073397862 -0.255019110608642 0.157357128377661
0.0767644241609579 0.0278570213193177 -0.203476672875432 0.127851258507231
0.0764059495250375 0.0958963894080124 -0.00510321292636255 0.204234147248294
0.0315726658565664 0.146028764069786 -0.0480210202896617 0.0972227771857273
0.0670574572618533 0.0631293643356189 0.122209212670017 -0.0572407729456415
0.0495630721337165 0.0355574995220554 0.0513252381123812 -0.234814068722242
0.0595162152476062 0.0310522137511625 -0.118840127306118 -0.2599079887244
0.0898124718199309 -0.00470364314952557 -0.205650956075768 -0.161440947760695
0.0779553735261273 -0.0511277054331009 -0.19840291084999 -0.0771301674921182
0.0565393999995942 -0.0816756013613249 -0.139131426848903 -0.0205164011216955
0.0594707811081043 -0.100880006184159 -0.0590981562681879 0.0412995052273668
0.0760694734740896 -0.0932266585392766 0.0233857468461098 0.0813454157842531
0.109087501806344 -0.0802970930945406 0.0551310366879824 0.168035832490961
0.151952290480747 -0.0263926864103962 -0.00174395382062044 0.248217134766028
0.130921163841352 0.0605833965637456 -0.144225058258272 0.266178374818938
0.0885968396858034 0.0923384353680184 -0.254524850790804 0.200555669213739
0.0917959072461467 0.116453317219925 -0.224274457305343 0.116052681867686
0.0675997899998832 0.175651190989868 -0.0192927006784314 0.141446934526371
0.0139488668682845 0.203722501690703 -0.0395898169340676 0.0296124008701847
0.0818146457570717 0.135157935753869 0.141575702241909 -0.0938858820199424
0.0999771972334651 0.0892788468805532 0.0865182637632831 -0.263550224267532
0.115983126023219 0.0371603175596522 -0.0813395416224886 -0.279961168167906
0.12759185061678 -0.0187241656776098 -0.161303186843153 -0.188923765250937
0.102631817383913 -0.0662965789478587 -0.164457734050127 -0.114793497493785
0.0743532278018741 -0.0898680540371638 -0.112369247697261 -0.05738576975965
0.0757027163585566 -0.105119232980935 -0.034870353976079 0.00392163376314684
0.090680009990387 -0.0963765162212079 0.0547294640456105 0.0407023529646411
0.120377954130087 -0.0932858095859421 0.107700861035766 0.130872810303823
0.173679195641922 -0.0466181867602781 0.0810724344990458 0.237147553227898
0.171265617792218 0.0523025929624991 -0.0669382354930735 0.304345620189648
0.133261294734119 0.125081676458552 -0.226241317423783 0.241498360542662
0.101247466079649 0.178256316447034 -0.233966550967824 0.106577593385061
0.05078101919577 0.225011027450714 -0.0264446084021873 0.0665485751200248
-0.0116965006093145 0.229748150354973 -0.034757924712029 -0.0498331716884693
0.0717703853754514 0.1888794375395 0.146661277791606 -0.12385786601734
0.124081286587695 0.141397893249564 0.127860006742456 -0.264268027403743
0.153005899770822 0.0527249757581734 -0.0136098119581601 -0.279271712679004
0.148752326219869 -0.0212510959469664 -0.0891707367216318 -0.216117664887834
0.113926526552745 -0.0681199225784836 -0.115743306809301 -0.155798070778965
0.0822900592321616 -0.0857868125300942 -0.0795880098225007 -0.0960123646013832
0.079801537196547 -0.0933889481447899 -0.00692021184509754 -0.0333937450778084
0.0928941236082496 -0.084305430840908 0.0845250040764521 0.00125988064509435
0.115192530065381 -0.0857888207676875 0.152921685539114 0.0907873158714721
0.167852698105585 -0.0503451865611432 0.15200631512747 0.209924963230191
0.178220840876165 0.0408420602632453 0.0112631232411846 0.311752868741523
0.152103019086772 0.138047198429105 -0.180735888193885 0.258034998067617
0.093540155996465 0.209802219439961 -0.22459441560208 0.0902016037848321
0.0245629337325919 0.240103388505547 -0.0220352860992219 -0.0108192511568244
-0.0405829437806633 0.217501904534827 -0.032292253641705 -0.128278004465758
0.035248094504578 0.209192325339545 0.138098334273669 -0.14522985141368
0.111724917191404 0.17516582354476 0.160201762087982 -0.23379173291003
0.155029019196155 0.0683382140760842 0.0668289822461116 -0.245290209488739
0.140948219178652 -0.0122623447668221 -0.000906503089334495 -0.227373730216006
0.107026544399338 -0.0548218248488388 -0.0579250568874191 -0.189409352153042
0.0765658289883852 -0.0675993056809127 -0.0431944659643662 -0.129301176628393
0.0709744918205628 -0.0681871923264707 0.0227416970444814 -0.0642743192490204
0.0825739448132342 -0.0592822917665781 0.110766923854862 -0.0298007744178494
0.0979353045662463 -0.0634247504105478 0.185143505008044 0.0583571032336076
0.141057268090674 -0.0386218063271821 0.200668599549134 0.177337504234886
0.156988956565954 0.0338479247774795 0.0714039342543879 0.295202382511043
0.143927833984664 0.136182969335774 -0.130528131417075 0.246000524513787
0.068897266209476 0.212109878500559 -0.194851909080344 0.0657748879468931
-0.00629704801134913 0.222340075748228 -0.00467241623963037 -0.0785685267936267
-0.066143800254671 0.166807403081804 -0.0298031222489835 -0.19176960358576
-0.00730519671360322 0.18862574087147 0.126013974589902 -0.153906634442795
0.0790521588672575 0.169596636626824 0.181815083844329 -0.18783723933135
0.122364444868878 0.063861206021291 0.138486423365776 -0.193905352498241
0.100645260256021 -0.00282169974937844 0.0788529255023973 -0.224166027936848
0.0770971085775255 -0.0310592708631482 -0.00553461007421157 -0.208548938142252
0.0560650987561472 -0.0396571716078125 -0.0115456702345701 -0.151531242781471
0.0507853243019028 -0.0333346799876106 0.0469836597574334 -0.0836400023182445
0.0616023101967664 -0.0274689227472118 0.130982421626013 -0.0489576407708969
0.0692905319101716 -0.034160071544633 0.205066454552215 0.0390132883060684
0.099533413486073 -0.022949907767996 0.225266140025356 0.151684176614892
0.12179721597592 0.0244393367808158 0.106319234216739 0.26524673232159
0.120098316850828 0.121960860946164 -0.0839921187237351 0.217531721053203
0.0350707416796658 0.187858461046877 -0.151112517527633 0.0401628660070961
-0.03617405709687 0.174666232431693 0.0225069792509319 -0.127926396162994
-0.0805968937749048 0.0868723936000623 -0.0276665864705975 -0.226010666620475
-0.0389549280443827 0.129232561527963 0.120613169499204 -0.144860308065989
0.0445671397577239 0.119382613244979 0.200870314411651 -0.14726319184032
0.0669950196281087 0.0304924138598317 0.188310392742048 -0.157507019007561
0.0355816078941299 -0.000760317129442945 0.126092887603776 -0.220734851967675
0.0299905319439251 -0.00292425258677835 0.0235873826346559 -0.213802645839577
0.0259520128496471 -0.00330949294450462 0.0083122309253098 -0.158189372974473
0.023444216911952 0.00560356381652883 0.0627165640370426 -0.0891920301202928
0.0326780871321684 0.00456159105781909 0.143572635413852 -0.0526619930030443
0.0319602556333493 -0.00815549814673367 0.214175406046273 0.0332955123446548
0.0507503633179415 -0.0129144395116222 0.231631589463744 0.136193346031024
0.081937310551503 0.00846540517943811 0.12333948812407 0.236438272580344
0.0901043987485536 0.0950760795685131 -0.0445322797872697 0.189663068417545
0.00151641235825773 0.141711141665398 -0.106222422097224 0.024967040621117
-0.0582098599300002 0.105143344965179 0.0523127934834541 -0.151456929810159
0.0492089647716392 -0.0140252256863147 -0.0596420144928197 0.168007441345783
0.00874165220403077 -0.0804735274337821 0.0976399682930322 0.0122417149556722
-0.0504821246889952 -0.050740155899658 0.0438154494771899 -0.177595633386636
-0.039341564353178 0.0208604509535817 -0.113837242580002 -0.238932809441751
0.00400035574612279 0.0184334909017765 -0.235361704092799 -0.140016110046262
0.0100670195688741 -0.0119487960234423 -0.228297331420602 -0.030784726599375
0.000846182242767468 -0.0371499587348141 -0.164177727545519 0.0301183731156056
0.000378857458178812 -0.0515887991698276 -0.0826458189683563 0.0951856304186529
0.0121845173963414 -0.0457523596222921 -0.021034172174949 0.137614229087174
0.0299641950539268 -0.0237009564613903 -0.0264549837656219 0.200622600299279
0.0282549119768763 0.00493825219295267 -0.112407216833806 0.218401815155128
-0.0118958649291721 0.0130155378690155 -0.209895522688037 0.171257276637588
-0.0119651970051521 -0.0549091780492988 -0.229688351582307 0.136104404091292
0.0590236826805078 -0.0727324592670011 -0.179668907321097 0.145350630120167
0.0735214326306542 -0.000193312282846332 0.00548349534551542 0.2370749684756
0.0426912667012916 0.0679860546914392 -0.0569962243879095 0.143776596890711
0.0366189836135617 -0.013056329867856 0.100089670409396 -0.0173661326392072
-0.0071931824447352 -0.0113716060435954 0.0350726870202512 -0.195590758013834
0.00426548782145942 0.0293357095607386 -0.123025536524357 -0.237507787296471
0.0469106663121039 0.0103713568914813 -0.22457882297504 -0.141934060887732
0.0452704684050849 -0.0316339412422254 -0.217502991149422 -0.0485513682580127
0.0295515657215051 -0.0622383497893327 -0.155968412844848 0.009560843410295
0.0323240997184594 -0.081584484363389 -0.0757363716121551 0.0721810452971399
0.0485923165716517 -0.074770367909928 -0.00557518852157601 0.11347532006778
0.078338710730261 -0.0543426187156562 0.00560824787506085 0.188096589498063
0.100087482708071 -0.00602188034755828 -0.0712342577628765 0.23465611850412
0.0641867964037958 0.0505433344122337 -0.194903109955263 0.210092732840517
0.0337230998308807 0.0302379734469656 -0.251723252291985 0.156032420540178
0.0727325901104349 0.0288264847550863 -0.203012997456026 0.125948072714505
0.0727446557053738 0.0958815707531986 -0.0103593433038581 0.199055333282025
0.0300906376718691 0.143694270066537 -0.0480498993191123 0.0973462700869459
0.062855621788667 0.0615666498293206 0.119143010699981 -0.0548925089495667
0.0478754590823856 0.0354401107449733 0.0506333323121455 -0.231250308805538
0.0587998766437092 0.0318206019289153 -0.115316826940672 -0.25463563473635
0.0888921050740811 -0.00428108957811494 -0.202522651967407 -0.158429535830289
0.0768087425208752 -0.0506206071828642 -0.196834896865887 -0.0755761508871392
0.0548084688790696 -0.0806762137397597 -0.138717104858835 -0.0200174526375679
0.05836501575311 -0.0999458686510359 -0.0589308762607049 0.0399465137836959
0.0756035100126191 -0.0924537511515889 0.0210530864738619 0.0780066495660366
0.108699620733698 -0.0798762820472228 0.054604405466543 0.162511173411874
0.150219581556805 -0.0264712182848367 0.000413307556640207 0.242570420574139
0.129786655063316 0.061229025381338 -0.142569656151561 0.261995223469798
0.0861985932471982 0.0923468423115008 -0.250950634318919 0.199292138165755
0.0869437868634774 0.115475257865035 -0.223192910546299 0.11518995048529
0.0634671652722281 0.17389466831521 -0.023155961456857 0.138133876768082
0.0118072490889539 0.200640717552304 -0.0389420141827183 0.0307519116374261
0.0775352910228116 0.131972508798803 0.137575030335979 -0.0914605670271667
0.0976371656927687 0.0880434154872154 0.0857962817289684 -0.259084364340143
0.113850964303698 0.0377156626580303 -0.0775445811405644 -0.274129344361094
0.125660644541371 -0.0179405271191287 -0.158796856514829 -0.185620193191424
0.101220015495685 -0.0650676053709859 -0.163703326901409 -0.112522073072163
0.0738127470224089 -0.0887480790353434 -0.112164562012344 -0.0562345153459086
0.0746540783843709 -0.103628399991631 -0.0349846202537762 0.00305195503099437
0.0902295927911657 -0.0956641946451159 0.0519401807428755 0.0377317264225541
0.11914251839527 -0.0918682064092004 0.107119656413178 0.12623035011937
0.170801271269744 -0.0451810542733993 0.0813990124294148 0.232014006826073
0.168998732261635 0.0521950580548391 -0.0657568863340651 0.298572332369041
0.129861426921872 0.124423625815415 -0.223348173179821 0.239593037709533
0.0965516167917947 0.176642117659876 -0.232885360229836 0.105779547594596
0.0463644900759213 0.222944524165074 -0.0289976686669082 0.0648898133231996
-0.0131601076378216 0.226357772604579 -0.033430591835015 -0.047488893242379
0.0672311351663919 0.185116988538048 0.142913775510824 -0.12042393783835
0.120911719694201 0.139437661940669 0.12633683487269 -0.260032999105338
0.150168465831543 0.0529706786694197 -0.0106528748575155 -0.273855817101712
0.146099690616736 -0.0200980430622343 -0.0874878470842139 -0.213107229123477
0.113101469905486 -0.0664160359326337 -0.115203065790321 -0.152155473975504
0.0811570555743566 -0.0845837412349551 -0.0796182657831598 -0.0941850984609308
0.078851094717155 -0.0916436673835901 -0.00607607085264182 -0.0336882479366445
0.092670088080534 -0.0834974637198819 0.0818414798468022 -0.000297661273309207
0.114546161914988 -0.0839209418219774 0.15116481261216 0.0870201955888768
0.165255431352295 -0.048971324704564 0.151544771478834 0.204384322727497
0.175552547721184 0.0414319949367797 0.011971504308215 0.306915241052837
0.148379513412804 0.13642053421268 -0.178186855864923 0.255619293720275
0.0895808043232026 0.206603128791212 -0.222736702266711 0.0908096765899061
0.0211858274109368 0.238197819359337 -0.0240012843697284 -0.0110461148393755
-0.0412428129303687 0.214216755351053 -0.0297493251140073 -0.124662285796221
0.0329552690604996 0.205689600457352 0.135056516620335 -0.141399397390656
0.109362682902487 0.172117670581519 0.159106822732293 -0.230466941250221
0.15215421784863 0.068164549658371 0.0695437381194971 -0.240929570316901
0.138468872545418 -0.0111525873899492 -0.000106543521725454 -0.224361196799995
0.105557160100243 -0.0537278819381646 -0.0579956794768744 -0.185527242907387
0.0756370938005779 -0.066957840561918 -0.0425426719180503 -0.126403504386827
0.0707077912203351 -0.0666440897239223 0.0224865022369296 -0.0641319271804079
0.0830917648047012 -0.0585829222188885 0.107857582322349 -0.0308674168375266
0.0973311575346699 -0.061200200257992 0.183252414026083 0.0549103101472766
0.138864989480519 -0.0376326693679593 0.199726755331348 0.17253257213447
0.154438649078693 0.0339587492457673 0.0705277695595439 0.28901926410429
0.14008580254178 0.133766928892088 -0.128754704881695 0.244021324381231
0.0660912202176642 0.209146471182836 -0.192418795573078 0.0671155068780611
-0.00864473513544351 0.220206068821685 -0.00561315721057467 -0.0773830656006745
-0.0656520055549795 0.164188979192557 -0.0268313839454434 -0.187427398837304
-0.00839358841064622 0.185107728503098 0.124293330358789 -0.150211617136847
0.0772793050363235 0.166073228609813 0.179706267520394 -0.185032569622439
0.119153005755738 0.0622692182645094 0.139332775442037 -0.190905231082698
0.0982073117448592 -0.00174497750638122 0.0776567231032582 -0.222026439634502
0.0757958135428994 -0.0304705719571059 -0.00644223511535856 -0.203822996883777
0.0555155834377462 -0.0388321749023595 -0.0109408756349668 -0.148478149132591
0.0509916467666489 -0.0320373639994869 0.0470732951323195 -0.0832652879449781
0.0617039311393219 -0.0272919137018541 0.128409183833526 -0.0489848039909596
0.0689326889505745 -0.0328314758511678 0.203213842177064 0.0360796852497237
0.0982688511271757 -0.0214902782088144 0.223723195187628 0.146875393706834
0.118663885013242 0.0246391060502996 0.105827780432907 0.260306472031244
0.116560278842379 0.118232360130751 -0.0833960036889705 0.214920237478334
0.0341808841810457 0.185118038331855 -0.149623921698713 0.0410260159806779
-0.0368545454887352 0.173633705015085 0.0222425167662829 -0.125217397033343
-0.0793857715015319 0.0860846474788021 -0.0235608741300108 -0.22113212519281
-0.038669812969892 0.126871520884641 0.12125305151519 -0.142140471497274
0.0443203838468632 0.116033526261082 0.199422773729575 -0.145137132962142
0.0648009969839799 0.0294406915692057 0.189289961625222 -0.155903694335625
0.03406299129237 0.000146683608335203 0.123695774367004 -0.218150840088252
0.0298047203057211 -0.00289014164717746 0.022859615979622 -0.208615665965591
0.0256431682106283 -0.0034909846686152 0.00805554874343653 -0.154718394276121
0.0240894725617157 0.00702492923698495 0.0624310862474637 -0.088235133538989
0.0328622284163875 0.0051311448317641 0.141426225560116 -0.0527600054947557
0.0316655147096583 -0.00702650688874286 0.212452725595294 0.031171858811426
0.0500344463657497 -0.0112423450733415 0.229845152270799 0.132467607876381
0.0794877855806684 0.00871037364570769 0.121767984792822 0.23198693999589
0.0874500224103533 0.0922511576120932 -0.0445709081438273 0.187475081513594
0.00219869518570377 0.13931837997791 -0.104629985414316 0.0264071023716202
-0.0573013290686649 0.104723298318051 0.0518914013258502 -0.148506689846079
0.0498888052438051 -0.0126981450314045 -0.0648003527917938 0.169346445532499
0.00876049507522398 -0.0804872716427283 0.0982955063076894 0.0150981095053942
-0.0503646094613858 -0.0523978197304507 0.0482787191216516 -0.17839580361932
-0.0387786064100491 0.0203873262166618 -0.109723409911673 -0.246152395983916
0.00491572300140082 0.0184460009193917 -0.235861309498092 -0.146298859290402
0.0106922717071872 -0.0131588356898182 -0.232349833555197 -0.0357248670643991
0.000614263061446772 -0.038339021493499 -0.169560272502044 0.0273330037402841
0.000501992160274646 -0.0519824340281159 -0.0875049668321991 0.0940766686090912
0.0136658752554295 -0.0469698432779776 -0.0263537136907605 0.137457681284478
0.0319734710034758 -0.0247958205866513 -0.0315886609134264 0.200685465098193
0.0298601340780998 0.00486720292370404 -0.118271287779625 0.218134625972887
-0.0114017901472364 0.0134590496213662 -0.217593906906196 0.169613067767367
-0.0111965383159113 -0.0544011739990463 -0.23570986519713 0.133996315450076
0.059557437896739 -0.0711510439372639 -0.18850087453145 0.143725508074448
0.0743319337927622 0.00243879914898588 -0.00508377461666853 0.239682705822977
0.0411068790483047 0.0705864904798992 -0.0613632527662055 0.145094277498858
0.0351836703170491 -0.0117389664769118 0.101139831988532 -0.0140843577938103
-0.0076909101292821 -0.0111230479607152 0.0401644018320111 -0.197607920452292
0.00493240635248341 0.0303548677005408 -0.118326967436421 -0.244250747923187
0.0482948467945889 0.0114041467455889 -0.224431015719007 -0.148112851280384
0.047218721614698 -0.0311499667598384 -0.220329280081031 -0.0531234943868265
0.0305301456225321 -0.0627874845597921 -0.160563050142303 0.00655382711835938
0.0334401429663565 -0.0822642333105591 -0.0796180873729586 0.0711921465462701
0.0511791097959738 -0.0756673336371421 -0.00981635380754393 0.11277856553775
0.0817555278898976 -0.054356554666392 0.000959699440541075 0.188166111445512
0.102383486584691 -0.00381004015051948 -0.0763671152284914 0.235158945100817
0.0647421793546994 0.0535468737190067 -0.202555518770144 0.209535368381582
0.0321642924752797 0.0333032525788627 -0.258824561982555 0.1540690744815
0.0706613467229106 0.0320902233296187 -0.211847978734553 0.123368576863036
0.0695780214239162 0.100278072480928 -0.0199135392884982 0.20029106268191
0.0260619445203083 0.147148064336421 -0.0512260488095849 0.0984983672816486
0.059562585220609 0.0634146048962954 0.120785456936502 -0.0516404324554994
0.0465701524458918 0.0368683898464017 0.0565343905294601 -0.232640868612163
0.0589101870021549 0.0343911808633917 -0.110046796993517 -0.260751117250956
0.0910437547690225 -0.00184514785341931 -0.201020157600498 -0.163387272075582
0.0796678401985372 -0.0494224111307344 -0.199501516492516 -0.0804398461465202
0.0569778523816117 -0.0802614280619516 -0.141736949673299 -0.0228976440128086
0.0609872413906708 -0.0999721113575831 -0.0617603228405765 0.0382856030421595
0.0795957549769094 -0.093482404564391 0.0180044833841767 0.0780202254663525
0.113009948796747 -0.0790332547454432 0.0517281398485361 0.163518521578654
0.152865360032972 -0.0236460624337589 -0.00313449643514318 0.244593031558199
0.131444119918913 0.0657739217348021 -0.149684533696405 0.263105379384777
0.084162909552673 0.0977489936814703 -0.259131445867658 0.197974683373141
0.0832581091394624 0.121067305980997 -0.232238690292609 0.112476538560561
0.0575067513952698 0.179566604558409 -0.0306980266486549 0.138529216201343
0.0055119685035618 0.203810030738381 -0.0397300555944767 0.032084097536771
0.0724435166840066 0.135454758934573 0.139711660439515 -0.0875486272888255
0.0954640870299353 0.091264552015775 0.0925965510356445 -0.260822761959768
0.114475920181417 0.0416206618485404 -0.0706589052586955 -0.279706046592245
0.127729975828829 -0.0149341524606436 -0.155880396333633 -0.191214448987199
0.10420975424425 -0.0631558484351077 -0.164921020897368 -0.116101380840734
0.0763125610163536 -0.0885658039116037 -0.113667508048393 -0.0591223707235393
0.0783156533376809 -0.103473121124219 -0.0360404411721315 0.00120708355488113
0.094805331162154 -0.0961348700278515 0.0502684632950414 0.037729753296645
0.124228368659365 -0.0905370226947912 0.105750937162734 0.127823539398299
0.174220483150797 -0.0423567467439166 0.0800994268130844 0.234695393387325
0.17085137907279 0.0572560248093464 -0.0726457589192266 0.301508183736325
0.127626491442312 0.130622044335759 -0.231849249052045 0.239395799995612
0.0914010045628214 0.182609324541524 -0.240361938938099 0.103720801923234
0.038739100251286 0.228635636542354 -0.0344249972417483 0.0644287653868964
-0.0201769264395048 0.229453682796531 -0.0316666748298449 -0.0462311743301232
0.0616453516238187 0.188665193734255 0.14641951637327 -0.117104351970209
0.118787356007729 0.143565476718457 0.134142183251588 -0.260452456936354
0.151007934370854 0.0573642706230679 -0.00200779321842694 -0.277780625518547
0.148255135038449 -0.0159300967988059 -0.0840019798392181 -0.217764380097237
0.116023936819127 -0.0646876759744416 -0.114780812165387 -0.155604654365736
0.0846614805639871 -0.0840074019991712 -0.0788839385915091 -0.0962477222944783
0.0825461665803759 -0.0914775438003997 -0.0060301661563232 -0.0351503915990656
0.0971435437310843 -0.0835323101886414 0.0818413224456952 -0.000537549743120771
0.118764210706835 -0.0824991337715197 0.152170534688692 0.0888523898006641
0.167944813835782 -0.0458377859694369 0.151658061088131 0.208149240288203
0.176815110383136 0.0463931094922296 0.00601082743847966 0.31032833990802
0.145582350948991 0.141898582652294 -0.186698122291902 0.257230834060215
0.0843039328874804 0.212645546376988 -0.228870733395258 0.0891683329463889
0.0120820163504471 0.243125923453376 -0.0260711159302783 -0.0116847399167374
-0.0480071294849108 0.216694475799922 -0.0257964172272819 -0.125173817506276
0.0267121319661097 0.208978673339124 0.139590885399894 -0.137985326798891
0.10631291898913 0.175972230010077 0.166878009831457 -0.229685449329412
0.152013824757889 0.0724796891400497 0.0792820384286645 -0.24280599438926
0.140091795779518 -0.0067965150231261 0.00556866672680172 -0.228411188428425
0.108272357780157 -0.0513058840311207 -0.0553479396523087 -0.187016790294132
0.0784561915248366 -0.0666510342937518 -0.0408060193416723 -0.129001031428653
0.07408867731057 -0.0652317199347819 0.0242279341858598 -0.0655550588698525
0.0862623554807158 -0.0583552026928687 0.109268334816903 -0.0302792739570244
0.100605008395451 -0.0596183318351969 0.185212972192369 0.0580103792772351
0.140937619549832 -0.0345038217484504 0.2009068338188 0.176573268993251
0.155396523189488 0.0385749210209113 0.0661969353388964 0.293712992947881
0.137515951771083 0.138210411326628 -0.136122069368545 0.245450836065032
0.0604660323766073 0.213646098362954 -0.197716980838765 0.0657839876644873
-0.0164379749837296 0.224841093878723 -0.0047981080377769 -0.07843693109656
-0.071226533794894 0.165634460451835 -0.0203126800690184 -0.189224039391634
-0.0140513295777366 0.187565075069668 0.129601027808524 -0.148044327854547
0.0745345182366929 0.168897918822738 0.188118568673252 -0.183719346329978
0.118557234410431 0.0658524118529842 0.14960454930637 -0.191635510537433
0.0988387759377152 0.00163335466318922 0.084937130579142 -0.224043975990086
0.0781101114375531 -0.0287128602308622 -0.00236047899059885 -0.204740100281726
0.0574479018608356 -0.0378437126824445 -0.00777098524153204 -0.149707492651692
0.0537626813688108 -0.0303621865892053 0.0497081284897202 -0.0840791390990995
0.0638938011246085 -0.0266613263087398 0.130686966928349 -0.0478960934675563
0.0708293007673614 -0.0312612973722649 0.205983385030639 0.0389996819046158
0.0994411330099283 -0.0192476679651614 0.225298494800645 0.151885503319203
0.119147922469669 0.0282065639423622 0.102412923192301 0.265244659973193
0.113883096588334 0.121504853666849 -0.089334948839525 0.217397996839789
0.0297810065186349 0.188149674736147 -0.152757958470558 0.0404368939481565
-0.042117800488067 0.176398349834218 0.0249135236744628 -0.126364298709878
-0.0819207832231077 0.0860447806573909 -0.015400491023539 -0.223745896635912
-0.0425062003021416 0.127616875916439 0.12717919273572 -0.140139288335098
0.0422913525038657 0.11669730691323 0.206637878684244 -0.143143867957223
0.0631944771690177 0.0307249281593277 0.198371430332714 -0.155568335402019
0.0339797312946274 0.00175540896627817 0.129663707543209 -0.219470715248403
0.0307309914918213 -0.00185998510325038 0.0273832141779942 -0.208699176569461
0.0259211333211344 -0.00268084634493086 0.011757680373925 -0.155912797104551
0.025111305258041 0.00911413309076188 0.0658796914368666 -0.0891654460650871
0.0337164541992975 0.00554408242729227 0.144020881425542 -0.0508246631336898
0.0322509086054491 -0.00575213159716272 0.215655090831779 0.0341853667316363
0.0505839695704375 -0.00956461799897362 0.231758670144988 0.136595686496927
0.0790038145515663 0.0113199692135583 0.119041481340314 0.236899376953089
0.0851591357903189 0.0936412061330152 -0.0494311031809219 0.189735655443579
-0.000351401805015883 0.14135350137135 -0.106860844921447 0.0263769563571645
-0.0597965658243937 0.106165445569197 0.0556599886151806 -0.148935473414102
0.0528481267866596 -0.0117523347665371 -0.0721094525596867 0.177361584378718
0.00942307237413483 -0.083202850100353 0.103822931311528 0.0191127812010089
-0.052400996328636 -0.0550407477446236 0.0545098788646096 -0.186630986348445
-0.0397027182630314 0.0207808207048598 -0.110205294732445 -0.262217598626086
0.00603094278572476 0.0189386117114044 -0.245365548653651 -0.156669380684014
0.0115228612409316 -0.0145165895495319 -0.245494795550133 -0.0401988349052842
5.00123488077564E-05 -0.0403178966723502 -0.181073630259525 0.0261666389901482
0.000465494364186148 -0.0550288899889896 -0.0953407744098995 0.0973729991154343
0.014373028809549 -0.0506561806356631 -0.0323136058029284 0.143472035142775
0.0350338586484333 -0.0269669601793082 -0.0374187411218845 0.20835190172899
0.0324997921782808 0.00571123229207245 -0.127704967764319 0.226738069869194
-0.0106005627135762 0.0157189704276561 -0.233618110508913 0.175055694621269
-0.011800065600517 -0.0556307365521188 -0.251081031882556 0.137299662711189
0.0624003855718468 -0.0727494583618711 -0.204897064003937 0.148134056975204
0.0777972011411424 0.00529510508774599 -0.0155480724929301 0.251149826685719
0.0406369444515777 0.0756767866873663 -0.0683221742178232 0.152492163706571
0.0346040416646316 -0.0112885562748821 0.106293932637679 -0.011608981788185
-0.00861868596616487 -0.0112409351895394 0.0462392768168473 -0.206715538083839
0.00542740800024079 0.0327823767909106 -0.118868861526652 -0.259563772687219
0.0516218904794939 0.0130578491426518 -0.232841157439375 -0.158840958041236
0.0505195557146317 -0.0328355237428029 -0.233505752373164 -0.059278419296235
0.0323794127874729 -0.0657207001396466 -0.171576869581197 0.0041974366593728
0.0362535098834798 -0.0860385780064203 -0.0869462946289133 0.072992710793829
0.0553334866890545 -0.0798677248256821 -0.015074604188084 0.117173092693361
0.088278059747784 -0.0565482199456539 -0.00294850223339615 0.195423797302339
0.108655569432347 -0.00276642473744288 -0.0832344346414403 0.244497348442325
0.0691178091601283 0.0590260682456212 -0.217278452600972 0.217650182659651
0.0324433160336572 0.0377581917142949 -0.276268312556457 0.158176304526327
0.0711381876388495 0.0366442761673997 -0.229119916573802 0.126769379139321
0.070151136311882 0.108361450805082 -0.0307487321075146 0.209705828785487
0.0232968232985918 0.155910518301533 -0.0559862210596091 0.104223511139428
0.05876296754631 0.0684742054545228 0.127149264961626 -0.0497072675406873
0.0469306055412505 0.0402825662349835 0.0643793072649666 -0.243429067885321
0.0617977542241932 0.0384519463398378 -0.108529690189006 -0.277205366193471
0.0964755697403134 -0.000203640547292053 -0.208482310509223 -0.176285923845353
0.0853605618301759 -0.0509490518835615 -0.210145165258171 -0.0867962431278027
0.0614029124547494 -0.0840757115027286 -0.150911060398536 -0.0269339490951247
0.0655235600580066 -0.10473062835921 -0.066567258423768 0.0382386178318972
0.0864090758763999 -0.097746177947926 0.015726313731468 0.0807023346332307
0.121588207799747 -0.0821076803892744 0.0511834851605078 0.169913204830616
0.162118537727272 -0.0221574420398036 -0.00665286463561368 0.255355396659991
0.137832944265058 0.0730247394228457 -0.162628272679838 0.275021409523345
0.0858797865610578 0.106566250210295 -0.27716037296154 0.204644750583739
0.0830553881453116 0.130540112294144 -0.250124909420885 0.114786253222319
0.0544098330255707 0.192017430737282 -0.0397398914535197 0.144763115037586
0.000797939594882598 0.215522884231726 -0.0422791262552493 0.0349742627570086
0.0707111195166382 0.143906803631743 0.148390152217513 -0.0867073460438082
0.0977273050560478 0.0979938562015362 0.102992556399822 -0.271722847038482
0.119870438313609 0.0470854587768513 -0.0665139738427954 -0.296425603259995
0.135374789482863 -0.0125503329541138 -0.160370308501594 -0.20398426062102
0.111923324321676 -0.0644073404089636 -0.172715878114837 -0.124098720692732
0.0819866340570646 -0.0921018742214154 -0.119939636446466 -0.0634087634017694
0.0844058747766397 -0.107747360823102 -0.0391848405830532 -0.000425107918873695
0.103126629967979 -0.10077165523701 0.0506656133589177 0.0389986644586881
0.133717684413557 -0.0937255654967505 0.108903492400741 0.132763470293417
0.184678933229784 -0.0415753750216104 0.0817926855903934 0.245990517813844
0.178943437481869 0.0647422158476936 -0.081800111961337 0.315833368522528
0.130608610449642 0.141718693278707 -0.250251588487472 0.250132363465514
0.0907336640852891 0.195181983882701 -0.257678149278602 0.106846193589168
0.0335160756955703 0.24368566244796 -0.0403908637968908 0.067064788083774
-0.0273329779895728 0.241877722489556 -0.0312536231212305 -0.0477764202062543
0.0585305651355962 0.199451804727582 0.154818778173083 -0.117250226493674
0.120305250229072 0.15276505329677 0.147443238521244 -0.271707831017452
0.157147093355361 0.0645684822580455 0.00694833372276152 -0.293411317282717
0.156917442455642 -0.012584288213247 -0.0833986801498928 -0.230873789779367
0.124174319114973 -0.0654515083400082 -0.119006419849698 -0.163929784127952
0.0908530155257114 -0.0864320013414478 -0.0820037369814983 -0.102038312229404
0.0896613576333156 -0.0939753181480776 -0.00635377978166832 -0.0386742733775327
0.104869956810158 -0.0875696681702407 0.0848539410861058 -0.000938435592036289
0.127930094355895 -0.0849026663017433 0.158478148472196 0.093354378234487
0.17763718791963 -0.044746516050518 0.158035924287244 0.219419079412144
0.184771223771975 0.0527299809456124 0.00143337123971967 0.326572271055031
0.149107669862863 0.153329580322805 -0.201552024120065 0.269121648074419
0.0823691995584049 0.226082535983714 -0.24489823885811 0.0910853267777614
0.00571753577275385 0.258037956105193 -0.0296927608091873 -0.0124481156182507
-0.056350174659239 0.227559354827302 -0.0225708451158851 -0.130802531140961
0.0217302365488838 0.220416398789518 0.149003799183432 -0.140132558778856
0.10740241484995 0.186695392100786 0.181153757074267 -0.238848556491952
0.157569116635917 0.0802142137650275 0.091524358384738 -0.25503921569463
0.147898674756746 -0.00351529528493664 0.0106929763612504 -0.240630772792074
0.11605562793965 -0.0518288538770565 -0.0550330313771961 -0.196216683933844
0.0839107653712466 -0.0684785872973931 -0.0406983441699703 -0.135080585372112
0.0802311606158742 -0.0666303985213011 0.0268220754215647 -0.0696324768725713
0.0930010427043765 -0.0605087279971761 0.114785165851141 -0.0314103945001586
0.108544011250334 -0.060833492457545 0.194047564973797 0.0612444979163223
0.148806134754385 -0.0330327870034834 0.21042492669917 0.187548714467327
0.161850152767632 0.0439136559581508 0.0653608449457537 0.309771868557269
0.13968672513183 0.148428775095456 -0.148891836813723 0.258763492897983
0.0587887808537038 0.226153473790003 -0.210558912882351 0.067258977910948
-0.0229894747186095 0.238175123134514 -0.00515287632244601 -0.0823993359194349
-0.0790941071049184 0.173231590006789 -0.0142971409414315 -0.198009193337465
-0.0199703677698911 0.197123087244567 0.14070647057482 -0.150798918366119
0.0742768988321115 0.177976087104365 0.202569156017222 -0.190542543698206
0.12228857485401 0.0719632617190702 0.164155999087171 -0.200266262556927
0.103708238132312 0.00464587152210545 0.0931512358628501 -0.23523130102293
0.0831712241796029 -0.0282015714284219 0.0013716698774814 -0.214123031926057
0.0613940507762729 -0.0387098504773956 -0.00574024672126529 -0.156747230940699
0.0581145466177407 -0.0294359313689144 0.0545521535333085 -0.0890505784262637
0.0692473844960636 -0.0271675891001023 0.137742030409846 -0.0493264701674213
0.0762048031129536 -0.0308425952619862 0.217361623567437 0.0425237138245054
0.10508519930041 -0.017521635051119 0.236549057903922 0.161673423902465
0.123667896726398 0.0328055008988103 0.103354182358209 0.28011072125972
0.115426904950352 0.129273874254794 -0.0987767675627088 0.228772967299826
0.026894348549873 0.198385102042194 -0.162200653497943 0.042012984206243
-0.0480346927104693 0.18647905476885 0.0277378365528079 -0.132094082834058
-0.0881016734657525 0.0894866447812019 -0.00763641982212021 -0.235266870538513
-0.0467767653622258 0.134122024164426 0.138835642014558 -0.143889603727066
0.0420054207910663 0.121942568576906 0.221493641760152 -0.147341377386702
0.0647141908800192 0.0336613594415217 0.215433926764227 -0.162235671681915
0.0349762627287221 0.00339025874039969 0.140759447233765 -0.229135456649465
0.0325339770188952 -0.00127744140375547 0.0331750910774184 -0.216768253500972
0.0272388410140158 -0.00144355714344693 0.0164017518843541 -0.162710909332841
0.0274409220532204 0.0113684932624406 0.071725239676884 -0.0933205166431215
0.0360387745747597 0.00665827911916824 0.152057972613327 -0.0514360562305204
0.0344525504921274 -0.00487248363011229 0.227564366381839 0.0382519002678927
0.0530904469369323 -0.00781085525654469 0.242972250921053 0.146235310493104
0.0817927058545141 0.0137769268353761 0.120981595633689 0.25092499971207
0.0868908611611778 0.0983956463908189 -0.056136663428396 0.200125316787716
-0.00280103382398789 0.14808653563363 -0.113121262215353 0.0277761601492138
-0.063849821771264 0.111514852682051 0.0611027211739004 -0.155486734400547
0.0572269427349706 -0.0128099853433912 -0.0774400629958207 0.194119838578808
0.0077318373179591 -0.0888226260480351 0.114034028779098 0.0200590398456071
-0.0575256139073629 -0.0582802373440899 0.0571035736561304 -0.204107129236511
-0.0413199093966057 0.0231426977354918 -0.123053407075505 -0.28563472692189
0.00877219198930871 0.0198730549064377 -0.267780673486496 -0.166932662190725
0.0120522086506754 -0.0171317059544861 -0.267550142961732 -0.0387840206865382
-0.0013568076150546 -0.0438966217374238 -0.198921442975652 0.031977357391181
-0.00145265503366755 -0.0598214541911666 -0.103993485784296 0.10709209537782
0.014233819528927 -0.0558395761556918 -0.0354851793501563 0.155240275344941
0.0385367243916424 -0.0315053690498606 -0.0393975619067656 0.22405704182018
0.0366042016851326 0.00517016334598228 -0.135750925520487 0.246575739665491
-0.00944855748924654 0.0177191046489048 -0.251735683262758 0.193984427805219
-0.0140195007726145 -0.0582140462055864 -0.271718319397537 0.152520068822115
0.064960220418401 -0.0784944065986105 -0.223855006180715 0.163480730317365
0.0851763650034935 0.00612336023204685 -0.0199319158940269 0.271937188113649
0.0446515206699738 0.0824762384212697 -0.0727103627204599 0.16827357636628
0.0353232833128224 -0.0111376830697941 0.115706135843973 -0.012285099419447
-0.010701672551576 -0.0112684137032429 0.0480422884665071 -0.224663847234796
0.00731886288139119 0.0358106972658544 -0.131458420147244 -0.281711239419643
0.0580378416620373 0.0133880138045605 -0.254732512839639 -0.169325436628342
0.0546191456252363 -0.0366950907457856 -0.25494554237944 -0.0598790322853257
0.0340126168665372 -0.0720646996518547 -0.188749710475772 0.00719536902187098
0.0376180182294139 -0.093926985121833 -0.0950312077755251 0.0801606419464276
0.0592425166462027 -0.0889369167355029 -0.0172360256068868 0.126418768344374
0.0958829705331205 -0.0644991020317734 -0.00183156470050001 0.210021850090722
0.119515736787844 -0.0045421402455597 -0.0871526601382293 0.265425856775589
0.0771999360803068 0.0643755719695816 -0.234171256577259 0.239339720241707
0.0350344780589991 0.0432532907095447 -0.299103155860638 0.176676081152378
0.0754265036505271 0.0404065599410516 -0.250429824102452 0.141569587547719
0.0760594252878832 0.118426425125782 -0.0371160723519138 0.22737652045873
0.0254137647776438 0.169918152381765 -0.0599277741446703 0.115412434625153
0.0616628106479617 0.0745123708416408 0.137512777422304 -0.0533466021213332
0.0496361934588105 0.0435595845263674 0.068000884971323 -0.2640178773723
0.0681792980317821 0.0420834032050425 -0.119234680428664 -0.299998131091058
0.105973293104632 -0.00102639767928103 -0.227423897485025 -0.188374632862573
0.0926986363429924 -0.056701722077457 -0.230585729769827 -0.090876859533649
0.0652970453819707 -0.0918710768598663 -0.165730280607789 -0.0265216010811891
0.0694155065708687 -0.114660317597907 -0.0741295275651117 0.0415142758970712
0.0927589272844384 -0.109361961539236 0.0154383377084828 0.0858860908518407
0.132479851596631 -0.0915045785041548 0.056728006745098 0.180333325625491
0.176519967576638 -0.0260354466386918 -0.00328746831375794 0.274986820128513
0.151486265215866 0.0783755932785843 -0.173980480716489 0.299920876605126
0.0933454748261322 0.117464602467501 -0.299246012895331 0.227743001269395
0.0891523775721064 0.142653223736166 -0.272993598951343 0.129292627143512
0.0589997936399217 0.209385214028604 -0.0463588059178951 0.157322441382834
0.00131717011457179 0.234362930335787 -0.0454315513190097 0.0398429793099941
0.075677026219379 0.155416822935008 0.159715263874978 -0.0929008985797042
0.105237312530841 0.105595039204838 0.10985434011335 -0.296044335738199
0.130037344621614 0.0508386265049928 -0.0728854196230211 -0.321550888710228
0.147699123266147 -0.0139750733232164 -0.175651607472781 -0.219974054574114
0.121252100334944 -0.0712994411898727 -0.189126408613843 -0.130975442197094
0.0882696481117812 -0.100429836854249 -0.132007561646205 -0.0670773195408954
0.0904852573413815 -0.117594603282586 -0.0437717382290368 -0.00118622204006138
0.111685063928125 -0.112340033553823 0.0534929813022065 0.0398222355706884
0.145191308726584 -0.103505963953853 0.119372974233844 0.139555579221766
0.199952004861939 -0.0467423773681831 0.0938694422801696 0.26298904331822
0.195555236992589 0.0691140525582965 -0.0847090155891339 0.343253248468078
0.142337514588159 0.154105129175339 -0.26893449835201 0.276680197754011
0.0980362652441125 0.212786024282878 -0.280446808663295 0.120545604903709
0.0365466456692577 0.265759986794477 -0.0471019960672097 0.0734879218844672
-0.0290882989821044 0.263482191902212 -0.0332367208506858 -0.0495419540462052
0.0635342413134819 0.216724487153991 0.167017545625899 -0.125905174068629
0.13082443771423 0.165143180866805 0.157791508987322 -0.296160587026992
0.171021788371922 0.0692000009938392 0.00727854927017575 -0.319781516357994
0.170862787104236 -0.0149174408792479 -0.0921230835700637 -0.249931187578019
0.134866955615683 -0.0724738917133781 -0.131322368839102 -0.174340706968654
0.0978483203574023 -0.0947884573508748 -0.0902235263160697 -0.108943129669252
0.0969409845296629 -0.102988988930248 -0.00848563020166268 -0.0432637915009271
0.113798542637312 -0.0970255026639187 0.090551136856799 -0.00371808164482459
0.13915122863752 -0.0932002438332255 0.172111299505487 0.0962774762952496
0.192187243129355 -0.0506528684993766 0.175750041364992 0.233277265564398
0.200979183319916 0.0567843296696131 0.00572942250007753 0.353049551600228
0.161468462939352 0.16625951171052 -0.216637570070436 0.297452881862585
0.0908094655261136 0.24532368255348 -0.267013408633743 0.104837397352921
0.00725525486795571 0.282156779387438 -0.0347672351075041 -0.0127807334520196
-0.060076443803076 0.248301861671245 -0.0237609126606509 -0.139573903488692
0.0242817905068009 0.239668988618604 0.161214985046737 -0.150059019266543
0.1172449487696 0.201147824376191 0.195294791511567 -0.261587948230132
0.171305974606412 0.0852908604862557 0.100024493316123 -0.279920188401082
0.159895071873234 -0.00449546674536045 0.00937925704893837 -0.262463665697836
0.1259042233025 -0.0576317352910007 -0.0619560557662742 -0.209746214790849
0.0906554957969779 -0.0744660940131826 -0.0458531093322241 -0.145492585294686
0.0875995866349676 -0.0726880434058816 0.0278971469584253 -0.0777285936664153
0.101052932424111 -0.0677969376924313 0.123161939812254 -0.0373611033908176
0.118324445525886 -0.0670366768017091 0.21171979340402 0.0614728505649809
0.160928655468858 -0.0375025415837089 0.232194618132141 0.197281955858725
0.17529049390045 0.0471963623716772 0.0747297312954422 0.334589736728122
0.151898962760625 0.160220198660868 -0.158919602143887 0.284806865743731
0.0651473628029087 0.245599106812591 -0.228808021399787 0.0781582909771508
-0.0236214705612891 0.260215823271646 -0.00819145298190361 -0.0887145492856175
-0.0844688281415496 0.189583109167366 -0.014426308915517 -0.21386894855884
-0.0198541841559404 0.214899679343762 0.152762966119348 -0.162058178854689
0.0817306531736752 0.191187633000162 0.218934679122683 -0.209313785280798
0.132709144644418 0.0769703973001377 0.179080329978739 -0.22195019456731
0.11241343931997 0.00519439251681041 0.098901260093428 -0.257832843690206
0.0907204386113718 -0.0321187512344481 -0.000353688758837934 -0.229590423301456
0.0666845939764122 -0.0414806569409311 -0.00752370690001051 -0.168655171368933
0.0648311015112293 -0.0317461216436822 0.0577969957766509 -0.0986110799399534
0.0752891627041935 -0.0303528477607583 0.148606206969352 -0.0566888312580606
0.0835907947318763 -0.0337189977034124 0.236873124434621 0.0412986016273561
0.113376757204927 -0.0195451680842274 0.260470871160733 0.16945617801808
0.133004111249085 0.0353303780571083 0.116201114051377 0.302042372139101
0.125207963336811 0.138999723347727 -0.10412990451323 0.251501631280433
0.031648606479815 0.215389850927167 -0.17598483936635 0.0494194354416669
-0.0506730355995874 0.204552932574216 0.0282084247366728 -0.14312465382214
-0.0946200212829162 0.0989753478430808 -0.00697440995647287 -0.254565719474845
-0.0491851260945918 0.146160205260411 0.151459277862243 -0.155461987924545
0.0464206208696728 0.129684334302198 0.239458558390699 -0.16327107869569
0.0688450778913163 0.0358086739478179 0.234297659131537 -0.180922803024548
0.0371047845844638 0.0046644530082041 0.149697358296004 -0.251863337085772
0.0355681575664255 -0.0024308797952683 0.0349116066232933 -0.233508393270777
0.0296453002721947 -0.0013051004391275 0.0157615138247524 -0.175794462170509
0.0319527274687063 0.0131900894550917 0.0764785574624401 -0.103038099598008
0.0397469737215318 0.00706928249158464 0.164579168592313 -0.0587373537622667
0.0375587515312487 -0.0039952490746475 0.248071693309598 0.0372270137636503
0.0573984471540694 -0.0082006268177247 0.266477825709312 0.153790378523343
0.0871500310384377 0.0150678613078807 0.134549166632755 0.269952602579833
0.0938234677389791 0.104976337684137 -0.0584834197291186 0.21899960945164
-0.000900202494710615 0.160583595519217 -0.122190047141171 0.0328284398268412
-0.0670264006715339 0.122054463600187 0.0640893549881868 -0.169240983630623
0.0593612810216176 -0.0265087651132042 -0.0487892961756552 0.232489855956828
-0.00830686298004967 -0.0950324948373495 0.130528885476219 0.00341361166670702
-0.0716874963632255 -0.0497451204000298 0.0272061097420918 -0.231787980212502
-0.0352510924804072 0.0316892277445763 -0.190345565099534 -0.283220330232768
0.0171839600168667 0.0142992619565787 -0.323437407487755 -0.127474078969615
0.0117222768931574 -0.0224860992869004 -0.298008262181094 0.0109406072095643
-0.00888770025944042 -0.0475639113216152 -0.214192612139823 0.078196480226559
-0.0137450297184899 -0.0648077725889852 -0.0938728473091811 0.135164466386371
0.00254151991407949 -0.0635266472565311 -0.0134292784734638 0.174615188394654
0.0336312852754924 -0.0428747757057353 -0.00294766090444707 0.24627782148918
0.0391869563043572 -0.00399141429983324 -0.103707612134723 0.289409125436391
-0.00281223587415125 0.0200408066704286 -0.237639625285078 0.256821887610678
-0.0249273857180592 -0.0577724361032579 -0.266521091650206 0.216477736469786
0.0549721707718239 -0.0942910157746095 -0.2169015297304 0.216050563709113
0.0918777500663886 -0.00984919579246393 0.0196417459214872 0.298422611521261
0.0637964378323137 0.0801539121129213 -0.0542224294815494 0.196842097294992
0.0341574867362705 -0.0158239432282972 0.122517836979128 -0.0328671052218938
-0.0128430895315976 -0.00641316260826489 0.0101475852247567 -0.25363072729992
0.0186822803147837 0.0378099327163595 -0.200038701224667 -0.278445927024157
0.0687462809013446 -0.000405219842299941 -0.31122880372991 -0.131556020373391
0.0544846947160435 -0.051115453826683 -0.290267105321092 -0.0124752115998942
0.0247263453900772 -0.0828382194260366 -0.209081247888972 0.0485393284954589
0.022720607320146 -0.108526520473183 -0.0898863386491018 0.103660609026331
0.0455256517309607 -0.106911308958011 0.00132339918900864 0.139318708972765
0.0895726015815803 -0.0876275990168186 0.0341465113756336 0.222692034579705
0.125205165169054 -0.0292770095387124 -0.0487931370906706 0.299606174454749
0.0972499506990747 0.0546519639646737 -0.211473049307864 0.30086960377847
0.0459731419613208 0.0417439724577796 -0.290035391417576 0.24565379664391
0.0874364204152392 0.0306566164021724 -0.24604431139444 0.197480280248107
0.101440106440989 0.111931366414295 -0.00505719773121643 0.253235096016117
0.0603185864327701 0.1804285255082 -0.0549421977184746 0.129867599390003
0.0775506106442498 0.0726715707545017 0.134734084651201 -0.0831869630980198
0.0613004670113666 0.0426249957064851 0.0188718207737909 -0.301218585431609
0.0849087010247111 0.0353426271373486 -0.192025402763453 -0.300843080294332
0.118173100258435 -0.022197570640856 -0.287531000613139 -0.156830825292904
0.0921886252007394 -0.0786375597762949 -0.270914123889437 -0.0486416174083432
0.0551302138527736 -0.110179518504648 -0.19187261622099 0.00666105457362462
0.0547968760360507 -0.136314566411053 -0.0742935208883699 0.0591222725783522
0.0786075297296459 -0.134997304277416 0.0285124597316033 0.0891434504850386
0.123572350585609 -0.121950956293564 0.0915214843280402 0.180205983787197
0.180812297436048 -0.0608637845147951 0.0438073939618322 0.294690975316728
0.177921129253194 0.0568547622825824 -0.135637075341666 0.353914184723281
0.121045814725491 0.109164184463583 -0.280204258215107 0.300071936444355
0.119216119757127 0.137035493489662 -0.269445955449526 0.188771818151273
0.0990001931665132 0.212365370529173 -0.0275016098728105 0.180630908967887
0.0468954755580286 0.25750424483409 -0.0559015168181427 0.0389563358383309
0.106216299863357 0.15959365409659 0.148563794138374 -0.132811314937346
0.131859624632462 0.100026044565463 0.0540471593757546 -0.345070787915577
0.152567245108697 0.0351728985745458 -0.149300187107208 -0.333606383970984
0.160354414346017 -0.0419679559161027 -0.239619970722802 -0.200139087649297
0.12079051374752 -0.0988225815032604 -0.234998490686475 -0.0994294990200521
0.0789006398995171 -0.122905230692685 -0.162671110112805 -0.0447069281387901
0.0771475260915713 -0.142925645187249 -0.0490809233357786 0.00715778214748552
0.0986398488641244 -0.141219897460836 0.0617667716888878 0.0319118634787579
0.135263892265859 -0.135785409401277 0.15105026046116 0.124790007882663
0.201289267102881 -0.0857919534233267 0.14567370382467 0.263742896119151
0.221428094791725 0.0393859789728997 -0.031936375519197 0.384359847059295
0.179075754477781 0.139849625792865 -0.238619783198441 0.346178896898506
0.141978833837044 0.209327899364381 -0.277390049904592 0.180699657020329
0.0844067394144172 0.276818904567789 -0.0410787928327304 0.0896357941700687
0.0209956142020528 0.295759137070828 -0.0601113838203815 -0.0648891835474185
0.103788054465861 0.228443153284393 0.150126056236728 -0.172340841083184
0.170087959105598 0.159861144166924 0.102638815512881 -0.356632874587168
0.198727878153574 0.0490751505345623 -0.0658212576888984 -0.349198015084824
0.184477708031115 -0.0447978344489052 -0.157683881104538 -0.249845385230662
0.13519764536779 -0.102239273317526 -0.180498964720761 -0.157864762802318
0.0909164389254935 -0.118101033827042 -0.124909386864456 -0.0984207761239941
0.0873357258671107 -0.127574031132134 -0.0189040762868357 -0.0451383498643738
0.104578275444789 -0.125508771983211 0.0940480169575533 -0.0223187037545417
0.13150674261526 -0.123575362401291 0.201603616679362 0.0679269312883443
0.191995479515086 -0.0875015006870394 0.22956235970471 0.215791331555314
0.224176136675365 0.0253118700811599 0.0681883674203305 0.378108587958997
0.201956353027118 0.147236976670879 -0.17833013070814 0.358429118656096
0.139743601292396 0.24601864575484 -0.262188637746516 0.160984481417065
0.0556305225744318 0.299988961748641 -0.0417925841380132 -0.00580211373358072
-0.0158903903047647 0.285540931043647 -0.0629707475004383 -0.166112182433003
0.0663523745458665 0.259875680055824 0.140344130588732 -0.19976581072971
0.161354282404721 0.200971907020218 0.150110852137927 -0.328852307739258
0.201075506944689 0.0681959577604584 0.0420091512399745 -0.327588499589914
0.175140152705257 -0.0300196627194841 -0.0503735647743917 -0.284280676932736
0.12736932730379 -0.0838096549718762 -0.111964584469753 -0.210219915784039
0.0864391431187564 -0.0946707543106207 -0.0828811120738504 -0.147972492083949
0.0833327904830333 -0.0929696568132833 0.013750223963206 -0.0886750446466903
0.0971096405314437 -0.0909768924451506 0.123917563730573 -0.0646041254816413
0.114235423055602 -0.0903750492794242 0.238332710216127 0.0235337577341244
0.160563803820254 -0.066554972483998 0.284944854793248 0.16767458065675
0.193722048602808 0.0196808234562508 0.139887406117593 0.345195899136496
0.189163585615652 0.142072646601152 -0.117997824469177 0.334538179156639
0.112355856119096 0.249268866319195 -0.226361112067239 0.126537380775122
0.0202005062209371 0.281564633287083 -0.0252413122536171 -0.0926876464973339
-0.0529867317064411 0.226872672689115 -0.061559789229456 -0.246330231889529
0.0149928129792718 0.240008694383345 0.132296628204126 -0.212053053340771
0.120701054825901 0.19536280584869 0.188554105113788 -0.277688655606339
0.156077674747285 0.0653035895127207 0.140919856522179 -0.281292605522619
0.124723947200015 -0.0100304407838594 0.0485470686746287 -0.297813338130815
0.0930520802753027 -0.0493389845413957 -0.0473157569572629 -0.245019950058813
0.0656044058483395 -0.0551706549014526 -0.0442954679625631 -0.182273926557983
0.0660046930176169 -0.0446328376498893 0.0427573129888512 -0.116699586828502
0.0761843928296896 -0.0455745758071459 0.149015833565069 -0.0896318086957255
0.0829292132128514 -0.0481493015001106 0.261876505290307 -0.00241202167734657
0.113702696990864 -0.0384013746952817 0.311101636912908 0.132789226070322
0.14614754820883 0.0146505425327586 0.179686442859938 0.302514302160568
0.156438798092359 0.123317736479307 -0.0653021523474062 0.288423392001831
0.0714343181577954 0.221857669420278 -0.174474043997573 0.0867317701509184
-0.0174914397129305 0.226494049491068 0.00486915059139794 -0.158600924227607
-0.0802401162815903 0.129306616363394 -0.053501209601966 -0.287875501546785
-0.0281118307025189 0.169901727395008 0.13621536049278 -0.203694444418832
0.0711008259463206 0.134129424795053 0.222346896278122 -0.230116010096047
0.079452213650319 0.0313117027881271 0.210979326697056 -0.246575301445762
0.0435744577437857 0.00295607537561463 0.107714247358728 -0.301321491281171
0.0384907266501166 -0.00789327913168543 -0.00727801540339605 -0.257761550956429
0.0329906453055094 -0.00491129472122473 -0.0183555584648657 -0.194596958780864
0.0391019854639312 0.0101355171008466 0.0629526436026534 -0.12514136538621
0.0445397016457634 0.00206324564897115 0.166122549677975 -0.0948625225077929
0.0393883858399491 -0.00800695818151169 0.275148712687705 -0.00788017226715886
0.0564947133453888 -0.016361873925706 0.315696329883126 0.115235202359749
0.0935388463870756 0.00107240178506917 0.193577370685591 0.266669648374348
0.117045301786556 0.092391755781159 -0.0223070346421516 0.245928591186089
0.0280219431244776 0.169083110770602 -0.121086578359315 0.0591018735934266
-0.0488151039571299 0.142186766819834 0.0398042083230012 -0.193559798587669
0.0599833945886206 -0.0335661641505219 -0.0256729804294831 0.250712262503524
-0.0195841682897777 -0.0965477566877765 0.138357989890511 -0.010758125529648
-0.0797309930737033 -0.0423954552234913 0.00383695650661705 -0.245362750891246
-0.0316453228874059 0.0365944694143475 -0.231784783601469 -0.277227823953289
0.0203836168402048 0.0109580358620624 -0.351793673181185 -0.0966115589127446
0.00937045986435073 -0.0253816592495618 -0.310749006633592 0.0460226904554854
-0.0152488206654184 -0.0482125774930034 -0.21690571844631 0.107170305839813
-0.0223412042618358 -0.0656027712031229 -0.0849199067722466 0.152610384780924
-0.00558764885020604 -0.0671930598834493 0.00277756388889137 0.18442790955465
0.0300380825971593 -0.0506687131431919 0.0218426533439281 0.255566912257375
0.0419903872151698 -0.00965679366100105 -0.0781491521253131 0.31240330736322
0.00165542492894633 0.0214193700621874 -0.221393529813476 0.294993717984073
-0.0312564767814541 -0.0547614357859356 -0.255951152943095 0.254513958700733
0.045768476458239 -0.102607285014608 -0.205907760414046 0.251291657556011
0.095457552052653 -0.0191697349387876 0.0467469458620611 0.310617816684947
0.0756566440751987 0.0780974990031136 -0.0353035693660337 0.213474558179111
0.0327417423659324 -0.0176397170271991 0.126161631838629 -0.0466561618062428
-0.0151331107986896 -0.00414006221169165 -0.0160797799906055 -0.26647868779823
0.025334701856339 0.0379481900365504 -0.240072706260934 -0.270779414827802
0.0732054483289446 -0.0092664598309845 -0.339371075282387 -0.104132525317003
0.0516199556537057 -0.0599309007552972 -0.305666628767295 0.0205847750455763
0.0163726415449661 -0.0894580614690318 -0.215543055292725 0.0753683451874576
0.0116270745272136 -0.115593313556082 -0.0846154547383601 0.118985390447407
0.0351137680547703 -0.118299436658058 0.0136826566322967 0.145771160223545
0.0842610438047393 -0.103672946855314 0.057280028728625 0.225964462490605
0.128552208875929 -0.0440161530793344 -0.0188704351454507 0.316528602249336
0.109737564715924 0.0469878788907935 -0.189834909503592 0.337402474977654
0.0534518451690037 0.0413568803415087 -0.276527259028646 0.289520583866644
0.0926056173612398 0.025177969045211 -0.239330165125023 0.235044686557529
0.116556623003164 0.107809379190385 0.0156598013885995 0.267455137174178
0.0829220221626416 0.183497119099167 -0.0428564856298585 0.144428591494802
0.0864305489431322 0.0697260150964665 0.133401612587088 -0.0994822039778733
0.0673307519000516 0.0395028430015674 -0.012066113711976 -0.316405148878958
0.0932977598289139 0.0289034941344834 -0.233860313216528 -0.295680520856806
0.122292939576236 -0.0368994434811852 -0.31763677202669 -0.133389710596099
0.0882636149728822 -0.0927393271005869 -0.288653532632486 -0.0199002027023507
0.0459793380147589 -0.120677408144665 -0.201485693853247 0.0294004928183675
0.0423430901829452 -0.148610415497358 -0.0732362074702242 0.0700089772528348
0.067234149571444 -0.151437221330353 0.0365311473969446 0.0894623993158581
0.116324438192297 -0.143022367470061 0.112454268995855 0.175811213687831
0.183053970862207 -0.0837356745149238 0.0770737335136029 0.299517479548648
0.194056599964596 0.0415333560044239 -0.103755033510862 0.384477531254576
0.138888760026102 0.103704981913385 -0.261065528969431 0.345878608061236
0.13807285895275 0.13221799670263 -0.263709840602722 0.229402976725918
0.124396596003778 0.213558524957913 -0.0141854360058925 0.192494340120721
0.0763413049031429 0.265427385555075 -0.0523421620767487 0.0497637962398879
0.125617043504545 0.156971595567815 0.143208065729133 -0.151397683386457
0.146662533091786 0.0915452359987984 0.0200515892044111 -0.365963927582075
0.164014638504948 0.0220814015240554 -0.19193259593241 -0.334828340710973
0.164230639240307 -0.0613618720088811 -0.27204555099218 -0.184599150940355
0.115942992828285 -0.117018030857675 -0.256506384181045 -0.0773374746809655
0.0699473223547443 -0.137117711960482 -0.176563093979942 -0.0284849492639657
0.0657521302349683 -0.158115866744755 -0.0530643984040168 0.0125236418829722
0.0874679894811537 -0.160306681786792 0.0648336348588577 0.0258936655650798
0.127841663932402 -0.158072657383987 0.169204987990837 0.110516136683332
0.20058029846506 -0.111412216407113 0.180933406524455 0.255772525964009
0.237079324843451 0.0183246885886046 0.00805057365996912 0.404679668368117
0.201752733469524 0.12849926888726 -0.211575534982459 0.390341999490519
0.168864508694936 0.204868739979077 -0.271052858261818 0.222505674633327
0.115497086126492 0.281992083774244 -0.0370531198752412 0.0999887952968261
0.0529021643235459 0.307760670669701 -0.066900273140607 -0.0589143059939524
0.131146708141871 0.228871783059962 0.140774854739499 -0.193206424405649
0.192479744449353 0.149786507115549 0.0692496522153241 -0.384128788407363
0.213520633635955 0.0312794021212249 -0.105114378733118 -0.360615326413055
0.189084338863302 -0.0662577964361559 -0.191662519456629 -0.245071752238128
0.130014229850665 -0.121772666096208 -0.205282610364301 -0.144296250251339
0.0827561242155716 -0.133155338279733 -0.142149439739892 -0.0889267482963266
0.0786919606646033 -0.142679400326369 -0.0259541271387515 -0.0453543285975785
0.0959323558699458 -0.14358491891404 0.0932456218717533 -0.0349430251513948
0.124622577130773 -0.144323788701086 0.21606700331829 0.0465359807951953
0.191162345384372 -0.111617193001102 0.263658567915053 0.196133823324381
0.237466788288505 0.00328429687083779 0.111980321767317 0.386476903631102
0.225815420901516 0.134192014340219 -0.146810606784073 0.39656524804772
0.171123191355993 0.242889706677134 -0.257909194846072 0.200809383112441
0.0894401605689191 0.309854476232649 -0.046373714494968 -8.69930028233064E-05
0.0137795432083643 0.301734826638107 -0.0805267205224952 -0.165636466260253
0.0958600929858244 0.266089350174663 0.128634712148542 -0.221066353859573
0.188449886795664 0.192952769734322 0.122881867283625 -0.360017919342026
0.216892697721258 0.0506314944549443 0.0098070692160424 -0.350249110416483
0.180602612422488 -0.0489999477655309 -0.0842213095830712 -0.293031358707577
0.123757368874128 -0.101778265588175 -0.138737100752411 -0.206272242363712
0.081096417256311 -0.108078786186604 -0.102029446909625 -0.145204923256035
0.0785967346488334 -0.1060995962195 0.00345259222217385 -0.0948448383775628
0.0918547241080965 -0.106454242387637 0.120004689941623 -0.0825805692122436
0.110186534076726 -0.107282652917893 0.24979319492703 -0.00416434681756566
0.160908534370909 -0.0862375627059673 0.315936775176405 0.139538469023421
0.203967392853935 0.00172170322236311 0.183726645979172 0.34380207108691
0.21132489097191 0.129043323337131 -0.0852416658353156 0.364425100112879
0.143059060280604 0.248230698558224 -0.222766905754609 0.160130858101579
0.049946042099885 0.293402765746171 -0.0377511284012625 -0.0931962273784176
-0.0303665329415385 0.24393009242553 -0.086348144006333 -0.250713653859626
0.0414832726851854 0.250386583002012 0.118621020207377 -0.233429606441472
0.145265455946319 0.190745787308538 0.16743552029032 -0.310902062812487
0.169204534443621 0.0523700014995606 0.117460676813998 -0.312742848035392
0.129765261336806 -0.0230918914540593 0.0173620828157537 -0.317724905676985
0.0917937892525928 -0.0621512865292812 -0.0743322410493657 -0.25021936678539
0.0639559585567423 -0.0645039765091256 -0.0651075171129916 -0.185644254949422
0.0665577224061334 -0.052799823979937 0.0315476231786137 -0.127164191489766
0.0753512643583294 -0.0561677015111365 0.143691575132206 -0.111675580452377
0.0822471357356118 -0.0596664676307042 0.272419989076954 -0.0328075212777428
0.114550337090182 -0.0513344774699009 0.340342374525754 0.100907940164628
0.153305297318227 0.00166450960317385 0.220352574452046 0.296093689562683
0.174605739897725 0.111991828518919 -0.0364450024435908 0.310142890821979
0.0984048948635648 0.223613003404578 -0.172060075874878 0.111675251756811
0.00607242382147943 0.239190861898925 -0.0121841959145972 -0.165716814397102
-0.0691996738644676 0.144652511547873 -0.0825641073991765 -0.295629906675162
-0.00947629053820899 0.180618642288333 0.124627105726872 -0.226685226773741
0.0869917290264458 0.131316153140147 0.208385563419198 -0.265423898507814
0.0847579895893669 0.0248642590023809 0.19347782618762 -0.284247778668269
0.0462809703615616 -0.000376591068125142 0.0777181667896159 -0.327773462297297
0.0387250066495297 -0.0123905248278615 -0.0338437924246644 -0.267532129302451
0.0348577531433761 -0.00835950988887412 -0.039306434741367 -0.200842535983082
0.0443640734992081 0.0071586072863996 0.0529341245976441 -0.138336381072686
0.0475709505411563 -0.0020116985656013 0.162264818597764 -0.118468397020301
0.0413363078196008 -0.0117851014192923 0.285103702089345 -0.0407238470379692
0.0575423655322043 -0.0222815996006913 0.343400336547208 0.0830890721119361
0.0971012280042402 -0.00768269960536461 0.23135123784909 0.256577000889119
0.129973498540082 0.0836005599559747 0.00367746477211103 0.260665235687135
0.0482250571564892 0.172620788911225 -0.119053512444506 0.0767889099543511
-0.0350700330110308 0.15324078374348 0.0206572376160195 -0.205782370292818
0.0572169985872431 -0.039282677934312 0.000510623016653396 0.253047355705758
-0.0288974096279604 -0.0917691263052078 0.137159853559756 -0.0255606913157582
-0.0824840927461156 -0.0325687778226044 -0.0211532068342518 -0.244522051462237
-0.0257955831365828 0.0386797049563139 -0.259220049947912 -0.252151715348011
0.0215911153922464 0.00673562068264151 -0.358503278671981 -0.0604028858875905
0.00658064312814296 -0.0268247224308684 -0.303528191860573 0.0787694056615179
-0.02028177727558 -0.0457930696315869 -0.206015378618315 0.130836049722344
-0.0290847707038875 -0.0621495785289629 -0.0706132193493688 0.161113061558595
-0.0135015803545003 -0.0661516776077804 0.0189940324375575 0.183053662288349
0.0240684911708928 -0.0550954972351621 0.0442554124850283 0.249242448518293
0.0422570153763541 -0.0145500859932325 -0.0479490217157627 0.316426093836499
0.00645492713445721 0.0208887886580237 -0.190904268023302 0.314524691213424
-0.0354717207585569 -0.0494278738907266 -0.2276528052558 0.277129178514362
0.0334491112085943 -0.103650541494149 -0.181363083870001 0.271607513128911
0.0923814351054786 -0.0282929220313866 0.0718793932382122 0.304987442190288
0.08383984189733 0.0701119125342328 -0.0127025143098088 0.21751887523367
0.0296154827473916 -0.0191824945664324 0.1215518352288 -0.0581941433182199
-0.0152419295564505 -0.000453756182795184 -0.0421321869638873 -0.2623123454208
0.0303364737234919 0.0354637049909968 -0.265438918173401 -0.245410550503822
0.0723520313414463 -0.0184765297400739 -0.34706774035419 -0.069177080181421
0.0447175656090574 -0.0653329000330972 -0.30107114404872 0.0525039579636869
0.00742941795494541 -0.0897411737412707 -0.207280587106008 0.0995036867323864
-0.000441782769307971 -0.115538555836062 -0.0741828299250951 0.127640347014528
0.0216091558988581 -0.121441765244871 0.0253228568219374 0.143797691532405
0.0725469967930858 -0.112542284169329 0.0768814434903479 0.216307249572584
0.124067157060047 -0.057474419437993 0.0122104082010246 0.312972914421925
0.115762684512553 0.0356246737377039 -0.153563176813952 0.353392528668708
0.0583188752254851 0.0384483992451743 -0.245083849732424 0.315431570262053
0.0924575253248758 0.0183782371419767 -0.215448804719859 0.25935634324691
0.125026401604072 0.0969292441603141 0.0375839575748509 0.265377817735163
0.100129607586925 0.174070510237156 -0.0270479581840469 0.14984830085932
0.0906398165100814 0.062527660914303 0.124008070141771 -0.109845711151273
0.0697912565339022 0.0344704059530549 -0.0423894227712151 -0.312486375414936
0.0967479032786911 0.0202173900168462 -0.261348094816493 -0.270749619640428
0.118566354432464 -0.0499915445588073 -0.328507219783323 -0.100485599434519
0.0777925565448737 -0.101631914875403 -0.287581452929031 0.0106737606532381
0.03412745058433 -0.123848471747895 -0.198308496278497 0.0512125467383391
0.0269294648737734 -0.151294221917979 -0.0677801135098723 0.0773579600310502
0.0504812902498075 -0.158182203320162 0.0424745636841935 0.0852397199571327
0.101440508304999 -0.154294428288103 0.126076366708579 0.160307505797187
0.173773557766556 -0.101464477856792 0.105839710388787 0.285787816312031
0.197696290644185 0.0221322160631414 -0.0644750288987157 0.391836477974814
0.149038485578174 0.0917498616230519 -0.22267552805037 0.370130100291595
0.147879983611717 0.119663675214185 -0.239777049116871 0.256843408112304
0.142153014032532 0.201825834678182 0.00154504486805976 0.194690408379529
0.101756236153331 0.255626567071867 -0.0451731691320878 0.0573441647869892
0.13821480431937 0.144564008644595 0.129376271778848 -0.162118869853495
0.153113580177497 0.0788287776308373 -0.0155345312091164 -0.365000941122768
0.165188103119684 0.00708590498928676 -0.223176239110593 -0.313998696292295
0.158158361974534 -0.0777389109282348 -0.287738026164402 -0.156066102113387
0.103213172941046 -0.128645779966884 -0.261952024436282 -0.0502230187224937
0.0564042927489539 -0.143297559984483 -0.178721136828494 -0.00865500370661524
0.0494881669638429 -0.163420320051007 -0.0533846957426878 0.0183081721236969
0.0702279657288951 -0.169550943693591 0.0632072365014154 0.0187492886867293
0.111536196383705 -0.170873501267377 0.175944714564797 0.0902593308874096
0.188822916723823 -0.130156416150223 0.203345857248602 0.231097946757347
0.23779666817408 -0.00472905827129086 0.0482766455863539 0.398857472181197
0.213518589202134 0.10960078078493 -0.169739151037327 0.409115825095893
0.186171141235623 0.18796473302547 -0.247454437634754 0.25039405162732
0.140949431875699 0.27113269778497 -0.02937644867816 0.104806747578117
0.0823272596475844 0.300938561907532 -0.0690288704245918 -0.0497091623773573
0.150818056159332 0.214772052935571 0.12372978632636 -0.201937944440815
0.204114893650269 0.13133292564684 0.0322087834229763 -0.387827335128833
0.214514881101419 0.0118319340151153 -0.140560359754115 -0.348628530313265
0.182098960020487 -0.08393201984105 -0.214835627679439 -0.224090271656315
0.116791467317755 -0.133760410937777 -0.216876914553959 -0.121674990059945
0.0699369323730308 -0.140616893474152 -0.149911299067099 -0.0734346177958923
0.0646186088428317 -0.149741234854966 -0.0320798986260455 -0.042257975032224
0.0808184811745089 -0.153467770578692 0.0857292499543348 -0.0439900111276867
0.11028867685501 -0.156724417578419 0.215627812016639 0.0213276050190214
0.1780437080972 -0.128913064548997 0.280311807328623 0.162938990450945
0.235980331067226 -0.0182175770136686 0.149549126572078 0.370658830730112
0.235940921625948 0.112038496309291 -0.104289745978675 0.409062490294975
0.192361942160123 0.224711961653915 -0.235181475330143 0.226863903590614
0.117158300463319 0.299539184222506 -0.0474605536738241 0.00610477255432272
0.0434311501978715 0.298864275393262 -0.0927331056480931 -0.155025047903816
0.120404080918826 0.254985687354396 0.109498061192035 -0.22918918440059
0.203752801659813 0.173567776025511 0.0858681926555714 -0.368937019731739
0.219935979647203 0.0293634466901481 -0.025709620189738 -0.350185717376472
0.17530565413978 -0.0657221065734848 -0.113805927044309 -0.282703661695097
0.112254474664005 -0.113778146096021 -0.157532531697043 -0.190593632211038
0.0706513717058931 -0.115753558607012 -0.116239836521929 -0.133347601329421
0.0690303290700317 -0.112842485107897 -0.00672007271899798 -0.0949154025426399
0.0807850537198586 -0.115515157789835 0.108473393802141 -0.0941288464225536
0.0996874920425228 -0.117819906222253 0.245287738702596 -0.0310441001226546
0.150689161615047 -0.100395499815388 0.32624986100906 0.102440001229328
0.202735336657278 -0.0170264172692561 0.217004610882842 0.321214417317173
0.220193936992974 0.107714893029163 -0.047657482601829 0.370247271468351
0.166004453717804 0.231846699990551 -0.203666922741021 0.183729123127964
0.0780735896410218 0.286765793006479 -0.0472432541755555 -0.0872694015216634
-0.00583503502842206 0.245316779049316 -0.106494871983882 -0.239590309795853
0.0658055685474633 0.244287620218855 0.0991955865765378 -0.241989139141148
0.161575028045265 0.174713675331706 0.135705332294319 -0.325624306008846
0.17262011861215 0.0361084221075898 0.0848758131468865 -0.324311626212128
0.126797119387335 -0.0345148780031273 -0.0157135472681364 -0.316354899717578
0.0838001676165504 -0.0709123718563502 -0.0973986314921503 -0.239435129744514
0.0575083841647179 -0.0706141714895016 -0.0824969517875148 -0.176763846179205
0.0629661862168024 -0.0594231118781164 0.0177847980782594 -0.12975636334727
0.069355736643172 -0.0629949296029341 0.129400282544558 -0.125141180907832
0.0767724499356429 -0.0668511818059234 0.264966591911781 -0.0622631181297121
0.108448906916878 -0.0613260458658712 0.345879533295535 0.0617387558705519
0.151780928660131 -0.0123259918598116 0.247776644232549 0.270644771499725
0.181406231578667 0.0942601354319556 -0.00350041637481026 0.311557217929828
0.118484525287987 0.211306767568439 -0.158348345467229 0.130313203553827
0.0293795914635648 0.236115810810116 -0.0288746210322734 -0.162605615384172
-0.0528525787566116 0.150308872901884 -0.106202163268595 -0.285441882247719
0.00854390118752951 0.179448734622331 0.105896396782766 -0.238239015557875
0.0973863497381627 0.1206301954161 0.180479358018713 -0.284536943801407
0.0856233179509843 0.017707331759649 0.162760909937005 -0.303686436535609
0.0458445444657721 -0.00350148223584402 0.0431555701427959 -0.331050407952723
0.0360259849922853 -0.015941655050312 -0.0585824568339823 -0.261174389200289
0.0347710471771472 -0.0119555956816769 -0.0581261702518538 -0.194868268477232
0.0469574376067242 0.00297064469773173 0.0385580219306298 -0.143193953839166
0.0474576214339185 -0.00589127623206823 0.14793491109237 -0.133908251165006
0.0408217326452536 -0.0149908511793475 0.277943518396579 -0.0711931890776706
0.0551882034897595 -0.0263408847067989 0.347398983534207 0.044289502461045
0.0952967449376254 -0.0159142717136532 0.254513856845326 0.230691464171391
0.134436833578012 0.0691157713050108 0.0301331849720264 0.257621713309847
0.06464718502173 0.165071730178759 -0.109228603898122 0.089528037825824
-0.0183502023860155 0.153489265228772 3.80152791701255E-07 -0.206278388023929
0.0541062008895119 -0.0411719791105564 0.0165652091195377 0.245779058795062
-0.0327748025389037 -0.0849594195059242 0.131720340849761 -0.0335801214092289
-0.0802180545061575 -0.0254810016615778 -0.0348925488747139 -0.234546138741637
-0.0211592900083375 0.0373462839822406 -0.267079874410911 -0.227400967625837
0.0215980180558911 0.00313446829169649 -0.349573496974062 -0.0362771675166062
0.00404448687625216 -0.0269559916053795 -0.287357158812601 0.0969547182802401
-0.022619939571334 -0.0431461453597687 -0.190991465925005 0.142036615578209
-0.0319430096602668 -0.0576682597911174 -0.0596442803435639 0.161256200958912
-0.0184461770203842 -0.0629119699378767 0.0270863543600588 0.176822427204603
0.0192295540856417 -0.0555635108973578 0.0546940535836788 0.237138233270823
0.0412875534907562 -0.0180118118801893 -0.0286706307897043 0.306928714400176
0.00966439779221585 0.019376309636234 -0.166303817951398 0.315875270889237
-0.035208554187767 -0.0440302717318479 -0.203394937657601 0.27961847786302
0.0255816497759123 -0.0994205191724102 -0.16179566083182 0.274559969959513
0.0877980900386066 -0.0310160680183107 0.0816664797805528 0.292016006959655
0.0849016276351624 0.0624944715404215 0.00221368483774868 0.213403215028086
0.0265543363552978 -0.0177634404853533 0.115093546109827 -0.0630430487978505
-0.0143024381533709 0.00249547762091608 -0.0560475772075917 -0.251321640665647
0.0328504078104313 0.0320098928762307 -0.271344359655127 -0.222066751104306
0.0690391375799829 -0.0237783773259968 -0.339042370453717 -0.0461529061440646
0.0390633961368557 -0.0666778088610762 -0.287616850176005 0.0705916265416087
0.00178864658510942 -0.0868941760943046 -0.195017973183499 0.110460016837776
-0.00765578013776336 -0.111452552554386 -0.0655137109831156 0.12951228149721
0.0128242383682557 -0.118911812727326 0.0306330092959995 0.137821211507423
0.0629837643844041 -0.114311602288014 0.0837087463436157 0.203232566469817
0.117601776112714 -0.0634550512286668 0.0285829562086455 0.299298743330192
0.116186162507551 0.0273844066276538 -0.127634483212395 0.351097144463445
0.0596904624642205 0.035930248498033 -0.217851865666195 0.318433032900705
0.0890863696635128 0.0152883915766934 -0.194936702129352 0.26515585333802
0.125601996293763 0.0882563143875587 0.0464287233663321 0.256499057256597
0.106606513656096 0.162529007583637 -0.0142798183918424 0.14803770117968
0.0897650399463856 0.056928097703066 0.115289019934951 -0.111587444267999
0.0685203163188788 0.0318147879523461 -0.0583069930315401 -0.29916654259608
0.0955348867949137 0.0143322448924984 -0.268603678870426 -0.247027635259341
0.111951223904574 -0.0563555212471652 -0.321750803663166 -0.078622469305663
0.069249140158938 -0.10331911935835 -0.278462211540575 0.0282810278926603
0.0262998541925214 -0.121641065081431 -0.189166715178976 0.0630947776638733
0.0170991730935019 -0.14795101526635 -0.0624248770045467 0.0800755111144193
0.0383126794898948 -0.156540732595807 0.0432473617238916 0.0805179961195591
0.0886168745374034 -0.156471310814977 0.127833800840446 0.145592748772122
0.162582718835161 -0.108055981640558 0.116254437840179 0.266603763589867
0.194571921530886 0.0106768933317601 -0.0394598236557566 0.38138643375709
0.149669163712783 0.0823374472869406 -0.192849388429452 0.370225073720485
0.148216067631264 0.109224144316992 -0.217697588787233 0.263765519960769
0.147562064999303 0.188327459964633 0.00883162790691916 0.190067347933462
0.112741848646024 0.241182506846532 -0.0376024966512886 0.0598550885052794
0.139136360534568 0.133054248393589 0.118224690344163 -0.161139357542039
0.150771539858502 0.0694016099011883 -0.034774481283136 -0.351250565622004
0.161112115648408 -0.00161884064133038 -0.234451347374928 -0.291623928233765
0.148976186992553 -0.0847990837758955 -0.287273197933922 -0.134245125452588
0.0918230195555682 -0.130585071314497 -0.255734373065246 -0.031649044365986
0.0467904141539496 -0.140960162183713 -0.173289479284357 0.00351015480536184
0.0382470085817094 -0.160460913536432 -0.0524588871833236 0.0213648903313408
0.0570705122742282 -0.168496923549668 0.0593303187435423 0.0147549727627267
0.0978112469515291 -0.172591472901246 0.171603569232789 0.0755394394279143
0.174833445691195 -0.137050696296112 0.208376761415424 0.20724530541465
0.230536560272884 -0.0169911018066939 0.0691558690923494 0.381870060938242
0.212083740282354 0.0960824894274316 -0.13847487656103 0.405241756275359
0.188649800515886 0.172979914368599 -0.224556903080085 0.258535799368476
0.150364712513967 0.25649220615822 -0.0246653938423926 0.104704289713724
0.0962477066567507 0.286125434528843 -0.065994667405035 -0.0424115052028388
0.15565529934321 0.200845405676378 0.111913452720924 -0.200046974846526
0.202733620459348 0.116386820250756 0.0100970564505251 -0.375574438871067
0.208196324422685 0.000457732875222903 -0.156343140120498 -0.330460851818546
0.171566266300739 -0.0919392889099328 -0.220460828428745 -0.204134914158216
0.104307948624837 -0.136610489657586 -0.217043179399362 -0.103481165947036
0.0600093520994431 -0.140224783035732 -0.149657248184883 -0.0612102998325481
0.0547161713611726 -0.148881573597512 -0.0347877588925191 -0.0384116019206369
0.0681873180838846 -0.153589245816785 0.0777655123608202 -0.0474898233131923
0.0974269923631337 -0.158498846897753 0.206821179189556 0.00660898949040107
0.165072843184361 -0.134206298766242 0.277787897399601 0.136894170376829
0.226985045295207 -0.0302949102990969 0.165508223608409 0.349242884819541
0.232637224447592 0.0960752082668598 -0.0753224079243233 0.401895552313521
0.19649756407576 0.207108702383205 -0.21257201610264 0.235963766494973
0.128831593988332 0.284720922125687 -0.0465824732325759 0.00985616048520726
0.0587936231433784 0.285985424826437 -0.0938485894666033 -0.143219485138326
0.129574113966983 0.240154043008227 0.096997547579482 -0.225344341119964
0.204786520529821 0.157207911775756 0.0630804303535564 -0.360971298680378
0.214537524730439 0.0176260546036722 -0.0452587456231784 -0.338379884154706
0.166650731969807 -0.0736772678249587 -0.126530095523024 -0.26573539477683
0.10095186919326 -0.116368650946119 -0.16240512721928 -0.173334548669709
0.0622701410995954 -0.116753316849815 -0.119567054451288 -0.121488447175363
0.0620175671281369 -0.113254123760568 -0.0131050180763637 -0.0907302192521128
0.0710028259006049 -0.11603790331207 0.0960951792937829 -0.0971571717110302
0.089738445731383 -0.120529109985685 0.232135437084693 -0.0464474312616188
0.139602885356095 -0.105205218709802 0.318483139773997 0.0749204871211906
0.195099226679093 -0.0269504807732851 0.227537439517861 0.296393144347363
0.216835838297214 0.0924779366295674 -0.0235217270073585 0.360931050169464
0.171468287047144 0.214644703895769 -0.183985412458389 0.191100382272072
0.0904323272752292 0.273390418269672 -0.0508790289521467 -0.0806339414197379
0.00853898220941309 0.236791096673543 -0.111465902068794 -0.22532097813016
0.076666461994905 0.231381241706443 0.0859132511222628 -0.239224423355256
0.163481055101998 0.159471169899076 0.113400082444857 -0.321906144623835
0.168304861817449 0.0261707169330562 0.0631039613153508 -0.319102652428817
0.122016522660311 -0.0399913923851551 -0.034462170027006 -0.303565361885606
0.0760257899135119 -0.0730107372697151 -0.107084179262079 -0.224891670927278
0.0523193320814124 -0.0718607531532356 -0.0896626819652506 -0.164747179323753
0.0595245403159445 -0.0609003979207071 0.00920006136361169 -0.127364165103239
0.0639456605570329 -0.0645378053474244 0.115759020607923 -0.128693618909555
0.0707559006801686 -0.0692751842369747 0.250475686210588 -0.0774445090078464
0.10128416165559 -0.0640648392861572 0.335718987911895 0.0355833036108466
0.145698885994877 -0.0190978083465266 0.254807445191957 0.245580717006214
0.178111660032322 0.081213130001918 0.0150786822284728 0.302247788068896
0.125761012936246 0.196614560959863 -0.143584296760435 0.136969197436299
0.041545776422008 0.22542651308258 -0.0379191802108664 -0.154257718915348
-0.0411602192368548 0.147637344173349 -0.114435894627618 -0.270116471199447
0.0184660877909596 0.172126322494642 0.0932479014933661 -0.237334013958071
0.0991344756238362 0.110136568261847 0.158434984123095 -0.284721703013565
0.0828096113291815 0.0127728118716644 0.138935111950783 -0.303796978216264
0.0449034040940005 -0.00471641869562147 0.021188676024732 -0.320632181333585
0.0328845540200287 -0.0170069995470407 -0.0709600937333848 -0.248045684992565
0.0332945957796461 -0.013635363460198 -0.0669822218038085 -0.184318835423511
0.0479356951569273 -0.000108020200810218 0.0287218801496287 -0.141365143789503
0.0459865906469679 -0.00757448167540727 0.133607153932897 -0.138152259211395
0.038928004390177 -0.016087294748503 0.262252866003036 -0.0870417832132863
0.0519511282708785 -0.027166227966914 0.336017575083479 0.0195392501152502
0.090530218272164 -0.0195300908845432 0.258931451274659 0.207092893850538
0.131648296751845 0.0594860276281681 0.0442564586856304 0.247004811010466
0.0708471356677648 0.154332396710687 -0.0991164684458011 0.0937605437489423
-0.00850952094449747 0.148402803438882 -0.0124482818283543 -0.19892256590171
0.0523090757132052 -0.0413387853181456 0.0227719352872255 0.241219432550666
-0.0328878956166573 -0.0806638339214475 0.128363273240764 -0.0355672698533571
-0.0771475800137303 -0.022340622896447 -0.0378901797659487 -0.229328661860247
-0.0185951535222759 0.0355864152567524 -0.265992730453472 -0.217859098466719
0.0210876963711515 0.000984972757643305 -0.342131777885726 -0.0295768976018811
0.00343212727038838 -0.0267802899511841 -0.278451453240256 0.101547129101345
-0.022889511232711 -0.0413684943675163 -0.183908894136401 0.145840682278465
-0.0323117379020197 -0.0550830906575923 -0.0568148344489205 0.161039317748498
-0.0201255981611438 -0.0612624951645608 0.0275124569720105 0.173566147322532
0.0167038506735666 -0.0555138463196315 0.0546156308296492 0.230457435806337
0.041178046787221 -0.0198924363750978 -0.0242264912530248 0.299955002197727
0.0115512433965478 0.0184251387671028 -0.156784126379364 0.312294269013436
-0.0338892503761246 -0.0407514834158666 -0.195871209324464 0.277404363792574
0.022739978198739 -0.0947161117131829 -0.1557962530629 0.272186035049121
0.0855772330106858 -0.0307371120435419 0.0793503047533529 0.28634642491078
0.0841885620068224 0.0600051580023509 0.00792255082398077 0.20992980800616
0.0254970427894592 -0.0159138423563741 0.113003767914008 -0.0626043069355541
-0.0131439750063833 0.00432134510602133 -0.058048900929191 -0.244992624305258
0.0340011720868493 0.030471551558957 -0.26979812430958 -0.212587220317869
0.0673318823829929 -0.0260811100035086 -0.331833631699011 -0.0392829765930447
0.0368813964254929 -0.0661017834891094 -0.279286405872879 0.0757254065136341
0.000298763733327089 -0.0849846588560116 -0.188653164668284 0.114410559560536
-0.00952283544999053 -0.10871964519786 -0.0634233995820933 0.128951024149452
0.00947963523916481 -0.116923878540592 0.0304718272416757 0.13545499992196
0.0594038530587687 -0.114084246733808 0.0821425201351779 0.196838628477099
0.115337679755377 -0.0653538170565017 0.0318729666214507 0.290203542882582
0.115732999457645 0.025089232313098 -0.118727096135124 0.345752243869034
0.0597521559633278 0.0360624530894046 -0.20852987989795 0.315044153669747
0.0864676612928841 0.0165308691458027 -0.187982604269547 0.263997281741184
0.123493448623655 0.0864687556721647 0.0458142346238759 0.252851719836594
0.106908083610459 0.156967804499873 -0.00912535553921881 0.147547511164552
0.0878469103912985 0.0564370636800774 0.113464533999855 -0.110141068885457
0.0673069204175035 0.0314574692784257 -0.061002197565813 -0.292101949669022
0.0954104511086847 0.0129578497967908 -0.267200670337452 -0.237596915038323
0.109387811866525 -0.0585798160539684 -0.316585402504308 -0.0713324346887905
0.0657068876856478 -0.102961029829256 -0.270556969107093 0.0341876950839153
0.0239391425498673 -0.119797259686682 -0.185113263128983 0.0671363172706935
0.0145083810820268 -0.145049391619232 -0.0617587750726892 0.0806802272839482
0.0343502977066918 -0.154540240776754 0.0407357353386706 0.0790384479285112
0.0837201194729146 -0.155857028864226 0.124266753688213 0.139396906730063
0.158391001655799 -0.109463892768126 0.1169496514251 0.256682398921328
0.192182658496264 0.00717979442092029 -0.0323034160963158 0.373306266607824
0.148641051872409 0.0803156869346607 -0.182811342984421 0.366122704301503
0.145572060565684 0.107492909425803 -0.209306854327409 0.264295850771927
0.146276475260612 0.185186414295621 0.00857954541128215 0.189241336809848
0.113294979038612 0.234211014835211 -0.0326505310749009 0.0610416306615991
0.137267541094669 0.130515230255803 0.116092289369457 -0.158070642850407
0.147783494797492 0.0676583416258496 -0.0390718451513298 -0.343149743925646
0.158659113878453 -0.00330435563200245 -0.233968731280086 -0.283059841295718
0.145037751760275 -0.0859036661353984 -0.283090959325085 -0.126762457343249
0.0873257110504307 -0.129626914632989 -0.250747236170381 -0.0258088843008264
0.0435689214601517 -0.139599776278193 -0.17062721161277 0.00786142233772227
0.0357232244049872 -0.158668843009087 -0.0517887185767258 0.0226514072998673
0.0525838132460774 -0.16652625119671 0.0559309417586112 0.0144856189924007
0.0927059403467655 -0.17174967879447 0.166649318732287 0.0698284126090552
0.170030358685026 -0.137196950437992 0.204566193897202 0.196499574251859
0.226316896908389 -0.0191910581246284 0.0737207339105947 0.371929431996899
0.209054772944698 0.0925690125183128 -0.128111177512148 0.399584745936186
0.18602817710666 0.168224594504034 -0.214943169754223 0.259375189253896
0.149316619378373 0.251084722734445 -0.0244842319992209 0.105041970443228
0.0978386378222005 0.278352917881691 -0.061453400841026 -0.0396108261933256
0.15381565951419 0.195217749108827 0.109958998641539 -0.195889542502933
0.198868830819776 0.113107363131661 0.00506577856679079 -0.368482260437749
0.204985770605346 -0.00186029024520311 -0.158374162793062 -0.321752738046242
0.167568413269868 -0.0933026169768483 -0.219314181590877 -0.196693887227231
0.100064888968806 -0.135323469848899 -0.213640329499463 -0.0969864912830591
0.0561569269047564 -0.139171344742168 -0.147895218362048 -0.0560192768638671
0.0524176107314985 -0.147055496178223 -0.0360173992021528 -0.0372267530951453
0.0643029906320268 -0.151804189885413 0.0729813370934029 -0.0470312627876562
0.0930387280993536 -0.157811985269961 0.199748898533009 0.00212979724657756
0.159154778533153 -0.133881617594108 0.271646293542486 0.126165571457103
0.222611013976377 -0.032320245171919 0.167329692180011 0.337639014029795
0.228906472065337 0.0926775909730485 -0.0666671747618025 0.395572519749996
0.193556050321117 0.200219985714515 -0.202446777960079 0.237331272726457
0.128466058829386 0.278142774947765 -0.0463525296802018 0.0118187637918345
0.0619511057406707 0.278699428263431 -0.0895856933642106 -0.138287829447064
0.129711045625987 0.234204093936562 0.0954064965387328 -0.221483278054888
0.201648162363384 0.152219009893341 0.0573931375745226 -0.354735344797547
0.210778081968405 0.0145617660084448 -0.0507897827644142 -0.331016902245468
0.162556907669751 -0.0747757384253862 -0.128135555399164 -0.257319793087953
0.0963388314170091 -0.115223611172186 -0.160870938149945 -0.166616495133567
0.0597161396226078 -0.115549363179105 -0.119038914061794 -0.116076697388399
0.0601931823019281 -0.11325433601874 -0.015366865807814 -0.0889002770623576
0.0680544125540104 -0.115043823861629 0.0905740642676828 -0.0965195557543436
0.0858609518951123 -0.119763221472725 0.224647028609045 -0.050029513583436
0.135006871615785 -0.104416062296748 0.311539716393017 0.065011919754436
0.190170972108218 -0.0285530590985042 0.227566004520013 0.285678020810336
0.211989562622743 0.088888860800112 -0.0162164631655304 0.35479194806859
0.169721748336213 0.207943988263742 -0.175425628740328 0.191968472064148
0.0913217480269459 0.267549744258751 -0.0517820593637462 -0.0779655775764951
0.012710709064207 0.231818565892824 -0.107856613119629 -0.218694510597104
0.0778700713498456 0.225928316380298 0.085096690665615 -0.235850414419671
0.161180213007746 0.154506888020515 0.106313734351174 -0.317314266808441
0.165403571890976 0.0237518585138499 0.0553723683499031 -0.314721984800442
0.119241805933276 -0.0410584185846909 -0.0399416584023857 -0.295038210374416
0.0719752399872124 -0.0722868649281145 -0.107520111763136 -0.217319136588686
0.0504340160071944 -0.0717148818404765 -0.0900125530237699 -0.160063697165472
0.0594911785886309 -0.0616653474037049 0.00660664535837024 -0.125517477139362
0.0623221222103563 -0.0639845805772821 0.109271016202408 -0.127360628894609
0.0685821366623432 -0.0690362046654163 0.243006959782422 -0.081397294510045
0.098549938387815 -0.0638346555557274 0.326877254343386 0.0262376693724097
0.142340184017206 -0.019961864962568 0.252984940771279 0.235470018691618
0.173621078817115 0.0774887324813877 0.0192477353349748 0.295860404295696
0.124537289068562 0.189909671968201 -0.136037165730651 0.137740864203677
0.0430958708987783 0.21986353803068 -0.0394516033022681 -0.150637080016148
-0.036937516013983 0.144462872061067 -0.111031407675144 -0.264832209562074
0.0213525887762687 0.167446295904304 0.0907224561151785 -0.235614212336404
0.0969970474016477 0.105871088394248 0.15076971699858 -0.282263037586686
0.0810595245760031 0.0121624187899119 0.129900813530743 -0.300966254055858
0.0447767209978563 -0.00449683277952608 0.0157896004082614 -0.312622980112025
0.0307052186232602 -0.0169007446259052 -0.0718013988105734 -0.240567927879419
0.0319801508483959 -0.0145672165639339 -0.0679357389554678 -0.178867648385185
0.0495769621166113 -0.00128867632691532 0.0259221635844504 -0.140097051116293
0.0461054885093397 -0.0074965864539651 0.126879017116671 -0.138150364908115
0.038823453145023 -0.0160779937471945 0.255154048484509 -0.0909508721499581
0.0509111661960315 -0.0265768812242226 0.327613686322333 0.0113663625044209
0.0877364807734164 -0.0197863807447004 0.256308506608142 0.197525562260767
0.127278420923729 0.0560935566140492 0.0468425492920736 0.24217704960265
0.0713462668736884 0.148921817726474 -0.0934185016398963 0.0943533575463949
-0.00613767032813191 0.144697922107293 -0.015909583607637 -0.194916571202514
0.0574202060513407 -0.0359595237735521 -0.00352526917377623 0.252398416667808
-0.0211293284433846 -0.0833221578172668 0.140063655685546 -0.0187722503941238
-0.0714561458089205 -0.0310423880966631 -0.00568873341254272 -0.239230103727971
-0.0217880047137688 0.0304188198862792 -0.240363888351731 -0.251067396637359
0.0201736629982157 0.000386327589829311 -0.338588444086946 -0.0716835206774397
0.00892125510356112 -0.0262529483567809 -0.291878451485639 0.0680835305210293
-0.0175118499645255 -0.0438092146131014 -0.202399890036961 0.128173202036293
-0.0246689218748103 -0.0592066133128227 -0.080374124127299 0.154845068143198
-0.0103084077519311 -0.062049369446231 0.00105261062428934 0.179493750587145
0.025654206334221 -0.0530469755055304 0.0177564915974056 0.238641554050806
0.0475985104978501 -0.0125194595194641 -0.0714713616027695 0.297083686827024
0.0148098250894522 0.023157765925782 -0.205260655934284 0.29234903955218
-0.023702145107191 -0.0375585574458819 -0.239577423084409 0.24859800197358
0.039310430918855 -0.0850427550133363 -0.202301775153541 0.251671434317685
0.0938330029904904 -0.0164150886155116 0.0290143314798677 0.30583485290144
0.0770343215255493 0.0695092340240958 -0.0225447147804943 0.217826958966061
0.0267350276332182 -0.00990196201652196 0.124230101311798 -0.0469171609821065
-0.0127288169387857 0.00450019797357286 -0.0262947893699308 -0.25574529501566
0.0314968013953713 0.0340030118478506 -0.246483740403359 -0.244970451457602
0.0704224964702067 -0.0187419603503293 -0.328533744962083 -0.0789984078661426
0.0480387926090541 -0.0608452950791256 -0.289969847553682 0.0444565847241606
0.013110228645731 -0.0849732327663584 -0.205086033300468 0.0969599970137685
0.00665258802370759 -0.109346373848976 -0.0825842675004595 0.122227746436056
0.0272450606778267 -0.114176025736964 0.00741581203749279 0.141341913098952
0.0765306264661119 -0.105437904768781 0.0487083745601386 0.20720342935914
0.127697258395058 -0.0466832804778245 -0.0149609250511929 0.294362590239637
0.11837596718529 0.0462160290140889 -0.172885979503496 0.329927186644575
0.0588848796487351 0.0537914497107004 -0.255749452357271 0.284006539764768
0.0849002019395985 0.0357738866786266 -0.230495889320521 0.236716886310989
0.112232949563951 0.107372646683179 0.00172941122220957 0.264027418111089
0.0864228485896779 0.169904091803588 -0.0385260794673708 0.150525092013706
0.0782228119728201 0.0712168361181901 0.126909631231325 -0.0937650799122714
0.0634479895429436 0.0437185067129709 -0.0276564420874968 -0.300200174546179
0.0948141808893378 0.0268684099647186 -0.242169046945313 -0.268110106638185
0.1167545556885 -0.0442235874513788 -0.311361648378264 -0.106900154193402
0.0814085978708606 -0.0926612562176458 -0.276479782660211 0.0055030350775643
0.0421759090989889 -0.116080557378119 -0.196195072471023 0.0502370558442882
0.0358927884348568 -0.142823260116247 -0.0742054665559661 0.0728813702577957
0.0571770159220657 -0.148081718329432 0.0260972437518664 0.0855690562593861
0.107380328850651 -0.143694820087093 0.0984694623151904 0.155583699303788
0.176878844108824 -0.0847050829450978 0.0747647843330498 0.270890276053572
0.197169360168737 0.03851974828829 -0.0906774174266508 0.37158956573417
0.140882630261114 0.111008001483693 -0.236822947765202 0.338145604774285
0.129079152021864 0.13545480808734 -0.248995741814109 0.231605855375873
0.117760147998316 0.210298169391516 -0.0237019483402618 0.192182874829839
0.0843971387024369 0.24879532779858 -0.0561063864193057 0.0572237986950125
0.11749022712871 0.151758237172565 0.131819197105939 -0.141764388838665
0.137718804769848 0.0910243166721492 -0.00248220087408704 -0.345898883957085
0.160348113051437 0.0211674536516339 -0.20564765696932 -0.306238797654581
0.157129294218926 -0.0647750512448068 -0.272238009475298 -0.156463657958236
0.106592683594029 -0.115543476578824 -0.247941954065486 -0.0502913799597124
0.0644821355100254 -0.133467730652458 -0.174927854660756 -0.00827044872512185
0.0596292675389334 -0.154026906338223 -0.0561488264611297 0.0159622948428659
0.0766865302623829 -0.15793038427235 0.0508334713423362 0.0223922616739985
0.117438853057367 -0.158397938445033 0.150889618342995 0.0918538749200785
0.192163020559103 -0.110545240636591 0.171909333742729 0.22228111381477
0.235607713377479 0.0163404771755825 0.0164135887488185 0.38460722233592
0.199478088770627 0.131035150756754 -0.187537764919143 0.378635866813873
0.15982517494296 0.201122525755118 -0.252293506989375 0.224660342828431
0.108938551574763 0.277454544481628 -0.0423428026008894 0.100893359532565
0.0628835976004688 0.291106034796178 -0.0745637368433771 -0.0508175743260523
0.125119076038317 0.218713424093968 0.127799112884196 -0.182335317448643
0.182072795749349 0.143235564956369 0.0402255970770216 -0.364372758079321
0.20548820889179 0.0299685730532415 -0.12768921179281 -0.335768894329038
0.181371540295324 -0.0672741265263094 -0.200457131115429 -0.216937561292408
0.118626472495217 -0.119523933281464 -0.200833037575332 -0.117399827946284
0.0776155959961077 -0.131287757920899 -0.144751594682605 -0.0709849093608844
0.0754897229523775 -0.140693924364792 -0.0311944684256149 -0.0423223941470232
0.0862705667504637 -0.14239888040199 0.076641362158451 -0.0371440828706303
0.116560652204812 -0.144638621893728 0.194722519173467 0.0277930177628644
0.180715565671197 -0.109728249152146 0.248949567545066 0.16140109720204
0.232986679435754 0.00160730937733302 0.115210978636164 0.36409996553265
0.219593125111298 0.132460864314038 -0.125784994477633 0.383289551689014
0.163292776996113 0.233596410564343 -0.235164666592142 0.202557344078399
0.0828958385368513 0.301222387092879 -0.0488794329670354 0.00232017730778339
0.0272230158430859 0.287286082955959 -0.0895165999210952 -0.157399772882107
0.0952276827600382 0.253750217613791 0.115769651512308 -0.212905235858923
0.179325087671893 0.18285592027692 0.0888489081639895 -0.346307522619116
0.208122496045688 0.0476804636502799 -0.0196869609020381 -0.332463464801871
0.17364737033757 -0.0491531858676958 -0.101802168973795 -0.266714789317591
0.112146585811811 -0.0989246523545162 -0.139390792851013 -0.181167293525894
0.0757078801633801 -0.107792373404668 -0.108000605819972 -0.128871327818132
0.0788310366154503 -0.105525156855307 -0.00276955761600578 -0.0918713577549386
0.0846938118001423 -0.105542737119688 0.102339746442128 -0.0846926497344419
0.103462320885971 -0.1087087546898 0.228356724004303 -0.0210184710250658
0.151973430444539 -0.0851072348331122 0.298633922138678 0.106690584102235
0.199015939721611 2.06440038996777E-05 0.184929134406419 0.319867006631934
0.201884901135098 0.124372239969569 -0.0683572440456188 0.350523849613321
0.136469372047826 0.23556808699908 -0.19962615024045 0.162263693370265
0.0470694737291002 0.282402461929127 -0.0395358174417427 -0.0901761867275405
-0.0154574873819248 0.23416739144602 -0.0926441611857358 -0.243200052099112
0.0463410989035586 0.237834100715525 0.108589407275063 -0.23191645647165
0.138147755291007 0.177989012918149 0.135835489547817 -0.304103750758222
0.161112799289709 0.0499745680678836 0.0852525869793493 -0.304241412137173
0.126437221591723 -0.0217349149207495 -0.00695533331956925 -0.295337558543412
0.0810259019530788 -0.0596131898267463 -0.078307655842657 -0.228931669919397
0.060035237282575 -0.0653478073678074 -0.0725586606267217 -0.17015381615231
0.0708158243396767 -0.0544030497504701 0.0245340816356813 -0.125413573739579
0.0716892542983334 -0.0555831216906094 0.127044969171894 -0.112753887675205
0.078792568505831 -0.0606096560864339 0.252187426568954 -0.0495368587596591
0.109676225160861 -0.0507455519464994 0.321154492774715 0.070535653879407
0.149053690322648 -6.10263708573141E-05 0.219191737378761 0.274183968104206
0.164188032659442 0.106248476657535 -0.0243609313497629 0.297813149353849
0.0946418245166581 0.209520027187725 -0.151910013837679 0.114202056645523
0.00538086818465112 0.226040978156939 -0.0159066016652786 -0.161843321679541
-0.0532398175475926 0.14031115983209 -0.0822776007297579 -0.290525947270312
-0.00146279014024944 0.17050444350045 0.117874947733295 -0.232889669722101
0.080493569555145 0.119967534244595 0.180122996270453 -0.264724164928403
0.0782546233240176 0.0255910974727913 0.162110722179353 -0.282955649737772
0.0469542009507778 0.00214349211187005 0.0522024105888285 -0.30764743179202
0.031013386192968 -0.0100401214082197 -0.0386750359091555 -0.250301680456946
0.0328350857837644 -0.00982176942145416 -0.0462899775362336 -0.188308402127453
0.0520876226978712 0.00442383696116877 0.046623186203382 -0.137290326533959
0.048029190464126 -0.00173672329426131 0.146985755581621 -0.120668495221406
0.0420730734873747 -0.0118277402267202 0.267730342118484 -0.0559304777219144
0.0569717057113948 -0.0209810288895242 0.325773284020738 0.0566379059333862
0.0936091712906116 -0.00842573091409127 0.229101536188731 0.237539641452273
0.120546861697416 0.0767435876846851 0.0101831214497381 0.248020644562145
0.0482741216813644 0.158995867278796 -0.103544170992297 0.0787798877375054
-0.032120758281234 0.141743080269048 0.0153050797681502 -0.201756805090052
0.0598245327527782 -0.0383740580106502 0.00363272528142537 0.263539877061265
-0.0225356658901371 -0.0849352843085503 0.147222242991807 -0.0219209190394994
-0.0734350106880214 -0.0308804059351903 -0.00904584771733524 -0.248672177439652
-0.0217970435527852 0.0308937806423224 -0.255794302843991 -0.257154515672938
0.0206601480105005 -0.00228397848924818 -0.354068232719518 -0.0691989771890584
0.00863657368362937 -0.0285764297813647 -0.300311288988111 0.0765501143439179
-0.0196346565226793 -0.0452744391914626 -0.207196195305538 0.139579694691555
-0.0265993854676837 -0.0609577798150064 -0.0815810973922407 0.165426241842001
-0.0127291359369392 -0.063537729073754 0.00265356297931674 0.188938349127572
0.0247310410916585 -0.0562530086136665 0.0204428912289918 0.248157302169641
0.0502236413445258 -0.0154037540355767 -0.0700742865868079 0.310634911460917
0.0176639088488906 0.0228329480770576 -0.210132571305491 0.30849620006659
-0.0240531995669176 -0.0372023262925076 -0.246365020748607 0.262101339002758
0.0390117650464287 -0.0866026332625967 -0.208902978835531 0.266824885716713
0.0974612427058902 -0.0179871204326443 0.0297926965450718 0.320274833512125
0.0804457418238396 0.0716209318703902 -0.0160106068969308 0.228003284496902
0.028126236488837 -0.00890602741989528 0.130167666389865 -0.0507438393392659
-0.0120881578588079 0.00641449500147669 -0.0307314786330099 -0.266144609896069
0.0342300015855408 0.0345001063251531 -0.261797202247503 -0.25137882455705
0.0728181799767261 -0.0229467854761117 -0.343512408420047 -0.0774702864654408
0.0487220124128789 -0.0651820253581478 -0.299414389553947 0.0522112834511914
0.0121615285964481 -0.0886969383559086 -0.211253817185386 0.107436243387214
0.00469113788838274 -0.11465832852927 -0.0848637819506987 0.130998393344515
0.02577578789836 -0.119791465697709 0.00900342003182869 0.149151373139199
0.0772542012261273 -0.112157493778279 0.0519320271380769 0.215904670497201
0.133159733042411 -0.0524712750912432 -0.0129912050481198 0.305644873018531
0.126800683294104 0.0456604646858479 -0.175676642896595 0.347219658477333
0.0639330112528767 0.0577989494951167 -0.262659495253489 0.300582789860333
0.0874509437392328 0.0391533641030083 -0.238385583321151 0.251944652953383
0.117742388095666 0.112294300742796 0.00170581617821392 0.277865049234512
0.0921950298911684 0.175424235036845 -0.0337112603014381 0.158119415128893
0.0816581483665842 0.0744915844390762 0.133376168881941 -0.0984980744434876
0.0666003707833081 0.0465199638752163 -0.0326998935728267 -0.312870556840604
0.100067336322709 0.026762380887708 -0.256403926184578 -0.27613935006107
0.121362340782398 -0.0488295950705615 -0.325313970375063 -0.10700766300623
0.0831197444469955 -0.0988649048080544 -0.286397438682682 0.0117898264327339
0.0422914003360928 -0.122569029883926 -0.203476186934845 0.0576837392932396
0.0352312713347479 -0.150416364488378 -0.0767156034242701 0.0793654764340152
0.0566431470226449 -0.156483052141478 0.0270666117774413 0.0905297155720425
0.108751190030898 -0.152564939438027 0.102751962850323 0.16090118045048
0.184534920266494 -0.0923960754244878 0.0804604289728787 0.278901999178189
0.208381868187778 0.0377082766816796 -0.0893492958442681 0.388066664691989
0.149856870996988 0.116059866107219 -0.24215294644113 0.357029217546937
0.135596367248318 0.142582393734549 -0.257126108394582 0.24713353256973
0.125008281091679 0.220908462370775 -0.0251386271110377 0.203278108018818
0.0899973390334334 0.258090069347261 -0.053147424559174 0.0610523520902392
0.123116358621283 0.158394921684027 0.139460395125517 -0.149119446896527
0.143888041186932 0.0951332404050292 -0.00631923006151511 -0.361477553233876
0.168186899735958 0.0205429248872994 -0.21907212199729 -0.317664735173327
0.163318629914776 -0.0712256862717689 -0.285166923124782 -0.159303707695046
0.108845765608019 -0.122636846464314 -0.257450671761336 -0.0478448678374344
0.065451754533587 -0.141264474743433 -0.182432463916839 -0.0042451733473237
0.0601217339467314 -0.162359216793044 -0.0597466021207462 0.0187318024012338
0.0773928992070166 -0.166476970214788 0.0509479267350982 0.0236131496068706
0.12048100186308 -0.168702726260741 0.15642710985131 0.0925841978719003
0.198980009751275 -0.1191273962251 0.180257887439881 0.225717479236162
0.247722515449966 0.0135841386462955 0.023688693117437 0.401478500709505
0.210074402077671 0.136120483176472 -0.188995022327419 0.399698715702658
0.168639754600648 0.210219685946173 -0.259381446904845 0.240364795618873
0.116334423683807 0.290216838951593 -0.0441217960390619 0.107264237234352
0.0694772566574894 0.302148048842475 -0.0743918915829421 -0.0517229658614286
0.13231323656681 0.228572080652547 0.134968403441767 -0.19119162539091
0.191434530334233 0.149106290553508 0.0378281941672553 -0.381188420433024
0.216167716778255 0.0290258369081718 -0.138290926357674 -0.347962698658779
0.18908544112025 -0.0739582856844597 -0.212084946091298 -0.222595937344915
0.121608888349048 -0.126172395690886 -0.209959393495976 -0.118023535490805
0.0782902978613972 -0.138996238619197 -0.151636315015301 -0.0699039747541702
0.0770412028089285 -0.148845850197401 -0.0346270014951103 -0.042855467422783
0.0873937916865771 -0.150133327918538 0.0769814656780203 -0.0397138142474303
0.118523869565834 -0.153838719542743 0.201502807511603 0.0255432894974726
0.187113113841717 -0.117509491683247 0.259245934741024 0.161868376632771
0.243817802589188 -0.000958924588906169 0.126554736602805 0.37716287873714
0.230379457289023 0.137575175493315 -0.123825476119152 0.404752304560769
0.1719883646767 0.242669542411874 -0.240255727980971 0.217015703132407
0.0892930595491606 0.314727573448837 -0.0518733719648632 0.00379172382372837
0.0322563373348868 0.299412768332687 -0.0908409539323011 -0.163886704010608
0.102692031632629 0.264507860798339 0.121700527771888 -0.223597009247391
0.188321799920515 0.189690308072448 0.0893382823633495 -0.362008337174808
0.218120280322786 0.0469324792888796 -0.0253342798144218 -0.345870247683541
0.181563863688204 -0.0546838755613391 -0.110281387324306 -0.275230711562286
0.114283254995187 -0.104498239526712 -0.146577921762129 -0.185904971541859
0.077012068851655 -0.113945476990202 -0.113725965413474 -0.130806388029839
0.0818074018111072 -0.112723874922432 -0.00514042412560579 -0.0959381594702846
0.0872909440826467 -0.111068437934585 0.103854921910571 -0.0892515449478507
0.106170475244478 -0.115535437910801 0.235951524466182 -0.0264005435635683
0.15699349532807 -0.0912311839200563 0.309983069307863 0.103052417705014
0.207742268514404 -0.00259879916537177 0.197689567957443 0.331114152085963
0.210776058619923 0.12909327932934 -0.0651896248002327 0.368341958179689
0.145130829307183 0.24442218527401 -0.203444819177092 0.174204157517425
0.0516656143796716 0.294806473342656 -0.0436450960593925 -0.0924062762324313
-0.0125838351625026 0.244249966713161 -0.0948934112971416 -0.254504387606687
0.0520606719557312 0.248055837444086 0.113318240107981 -0.244230819715155
0.145636007585429 0.184959524923264 0.138127573045464 -0.319036650765057
0.16813338309287 0.0497254695986015 0.0842257882465924 -0.318442880970126
0.132254802723925 -0.0251090021712811 -0.0119828074012824 -0.305300776280352
0.0825891287926029 -0.0622189416575267 -0.0834725567211153 -0.236114206271914
0.0612521119474151 -0.0691179041891707 -0.0783119951440568 -0.175822811877803
0.0749560723461314 -0.0590793101305531 0.022689956814629 -0.13174112643449
0.075254833447864 -0.0588403506311987 0.129007542087478 -0.119605150736022
0.0817077293002437 -0.0645623685513961 0.260524310412541 -0.0563108764182542
0.113264889560328 -0.0540803983098503 0.334060811033053 0.0661740856689809
0.155060279346758 -0.00149414592183005 0.23288447872087 0.281683088649403
0.170173079854468 0.109841364518402 -0.0208690620333806 0.312788207566321
0.100490865324835 0.217480644609823 -0.15433807812644 0.122685015101381
0.0081295640690889 0.2366980665526 -0.0204416687058206 -0.168112632965268
-0.0527223008231375 0.147014976231029 -0.0850863497380479 -0.304724742115298
0.00199119662300778 0.177270718150179 0.122042119772229 -0.24581824198309
0.0844292675708283 0.123736728781914 0.184342379524621 -0.278585859343882
0.0815057063715823 0.0253646512055134 0.163201262013636 -0.29724593730349
0.0496369353537864 0.00145579726677455 0.0497736186503206 -0.319404508047023
0.031069154302405 -0.00998432410409747 -0.0425883784500366 -0.259647612032906
0.0342088994221894 -0.0104096247297899 -0.0506372611903086 -0.195987233926038
0.0570592713312972 0.00289165452937351 0.0459876140151367 -0.144767679387537
0.0513500609398798 -0.00213693007371246 0.150194800030562 -0.128934805492468
0.044037326809064 -0.0125877823109339 0.27729102826327 -0.0647178565013568
0.0588105011774026 -0.0219676384251888 0.339055326831179 0.0515502680242097
0.0969494980178978 -0.0100112526185282 0.243361189691038 0.244048001472499
0.124897018448999 0.0792859427885169 0.0149615834356599 0.260264228841672
0.0512139543042244 0.164408730275445 -0.104864651510928 0.0838271960044521
-0.0317068211851022 0.147796822748703 0.0116415719796295 -0.210347867879423
0.0611717594179198 -0.043774291205623 0.0206876550194856 0.275614048988215
-0.0273798647677647 -0.086877806670293 0.154571373807236 -0.031325065657502
-0.0774622939409551 -0.0287036390255718 -0.0214189650820099 -0.260432613591963
-0.0205336890017713 0.0324301252961392 -0.283145124636738 -0.25528278631118
0.0209158870306275 -0.00562102358432926 -0.375482959480461 -0.0524726698407551
0.00710983551648084 -0.0318723465871732 -0.308140821254372 0.0971152611517879
-0.022956273573488 -0.0456536089220736 -0.207381150395477 0.159680013543236
-0.0314519166269356 -0.0626219600780483 -0.0760733593196236 0.181040969342229
-0.0177858700705327 -0.0661955357833332 0.0121916630195219 0.199588996990616
0.0220357410773688 -0.0606773985720048 0.0331872327725622 0.259686508962112
0.0525054669024224 -0.0206901537980876 -0.058819881091384 0.328937102419602
0.0218799944646949 0.0223310019204348 -0.203991370085181 0.334776637406578
-0.0257481022433874 -0.0367359210786023 -0.246151551878682 0.287561381808715
0.0361397377572164 -0.0907706637572419 -0.208450557333819 0.29225587442001
0.101634270165801 -0.021988617973977 0.0438263951535342 0.338124751481858
0.0881500503037796 0.0702851939172696 -0.00136734965738645 0.240333266438512
0.0288034358389374 -0.00979094177430945 0.136222048060465 -0.0593401135712452
-0.0117376435623807 0.0077384942514375 -0.0454300970496718 -0.277504685252668
0.0383955994872914 0.033295056879168 -0.288056878119228 -0.249351649264117
0.074457792180298 -0.0295355656064901 -0.364911267189533 -0.0626004721067191
0.04724912037796 -0.0721982087508516 -0.308573111280297 0.0714864447949783
0.00813348822114163 -0.0937415107770709 -0.214548371328961 0.125768888767159
-0.00184730765327065 -0.120547179000293 -0.0815604589360546 0.145160430490027
0.0193404050577009 -0.127108475873416 0.0157536877374246 0.157472700132365
0.0738363469026008 -0.122896646951818 0.0635730334109537 0.223723521401832
0.138579127575992 -0.0639595795747093 0.000202563524185902 0.319577546583615
0.136779017622129 0.0405665557908221 -0.1652260024367 0.373743977664486
0.0708334885695931 0.0593273094950256 -0.259923858404297 0.330057750463601
0.0934743542376038 0.0392501305538035 -0.238436692072256 0.278751223415296
0.129658524879632 0.114310095796502 0.0126242587036113 0.29487362305594
0.105535198296814 0.178798564230819 -0.0234243175403543 0.168235436384705
0.0883751067594931 0.0757251410311601 0.138260539523346 -0.109490052072098
0.0719062637847303 0.047023570071572 -0.0491771873330885 -0.326968855839333
0.107683585743224 0.0223282762799187 -0.283982285113682 -0.275919213574192
0.124294420290052 -0.059694094317356 -0.34694374472917 -0.0950766578711199
0.0815134319015578 -0.108859730428852 -0.298582394312634 0.0279799993246756
0.0375455540285595 -0.130760560017821 -0.209155774293153 0.0740851681865246
0.028438130948807 -0.160245982046518 -0.077009895100488 0.0899390192695491
0.0501507742925906 -0.167942281679921 0.0316336663244318 0.0949150118383246
0.104764334477344 -0.166984931141696 0.114397872230549 0.163472002512305
0.18910120309714 -0.108041862491945 0.0960357639697406 0.286938193944955
0.222557531438795 0.0278928720095953 -0.0728883100995494 0.411503103946752
0.164357676895365 0.116474642020163 -0.233576109155094 0.388972326521096
0.148238995978604 0.145114137283029 -0.25696129877783 0.27443666586846
0.141875202973125 0.228048694274281 -0.0177668226873632 0.216636451889327
0.107170446509047 0.265718528382882 -0.0487857891980632 0.0673579874727663
0.135874744312656 0.161388777406379 0.14254841990406 -0.162281060922076
0.155360668314824 0.0942332804334399 -0.023830765773734 -0.37894637523089
0.178114394114005 0.0129264927119013 -0.246921812749009 -0.321386962080967
0.166998118062782 -0.0845409567860748 -0.307406206020154 -0.152155563197016
0.107291936744292 -0.134978657548254 -0.2720874157239 -0.0350628052377519
0.0613849327937696 -0.151601792518572 -0.190820952220323 0.0077046011278828
0.0547749979707722 -0.174699470247717 -0.0624699880410503 0.0243517430826309
0.0711621615358819 -0.180231866925082 0.0531953618741904 0.0230375944074597
0.116344496091923 -0.184618018979417 0.166368341785071 0.0885967515941551
0.20301189235724 -0.135947810217172 0.197584355485939 0.225511504836911
0.261938212218018 0.00124989871972112 0.0462795330447008 0.418426833955553
0.229093634780383 0.134983014699775 -0.17597706457202 0.431705721255152
0.186329817389892 0.2149755644669 -0.257879213416184 0.267555923232362
0.13673238964844 0.302265085183952 -0.0422749851268944 0.116462669804131
0.0872740285994853 0.314543683277592 -0.0763375250313701 -0.0510566721043531
0.149418145971657 0.234190475371908 0.135728152508409 -0.20660532444345
0.207425882360253 0.149142821101256 0.0211288229166057 -0.402370290200263
0.228028540442897 0.0199759548193589 -0.16253321918707 -0.357867161434525
0.194163473177407 -0.0886668316322053 -0.233234512549866 -0.221760313839401
0.120495465703658 -0.138399869186751 -0.225098573163793 -0.11199409693007
0.0747225744253287 -0.15047115423964 -0.161713042463968 -0.0639444543820087
0.0736976984721367 -0.161418404472331 -0.0396080644737463 -0.0420110054501049
0.0839421084231074 -0.163336135226525 0.0772861860623885 -0.0448437192018672
0.115408111011287 -0.169039484874754 0.210980121130613 0.0152919921742558
0.190268131622346 -0.133780746223809 0.277642329013884 0.153395698286217
0.256374395157317 -0.0136099166987152 0.153386530721069 0.388315438821514
0.247762682780794 0.134453468441259 -0.107169691449158 0.432463639116627
0.191436551848071 0.247508293518225 -0.238607781532819 0.242286782285564
0.110275797993066 0.328630881040166 -0.0552307961754324 0.00754038831726984
0.048295908229972 0.312096008418951 -0.0989828657772264 -0.168253162587493
0.120772030107498 0.272828079410216 0.120289419899204 -0.240509558006445
0.207245051260512 0.191229322656219 0.0758457893529034 -0.385482510231922
0.231436638018366 0.0380260065961517 -0.0444957200863533 -0.361299978523391
0.188184830766841 -0.0678194083302804 -0.128919213553972 -0.282227864687809
0.113980634863895 -0.114644082419635 -0.162004516082762 -0.1870601674577
0.0752600969562755 -0.124548218649436 -0.12603678595165 -0.130002337437387
0.0822093736099513 -0.124119097117707 -0.0117339007335879 -0.100293909125762
0.0864901382777975 -0.1225538409369 0.102149477960324 -0.0990636955047265
0.105078157833758 -0.12781393407339 0.244299171877394 -0.0411854388198225
0.160461793146123 -0.103808492946302 0.327879752542837 0.0892440353728611
0.217495175907148 -0.0130465862607771 0.225393863572049 0.335284166075939
0.227027691604928 0.126998418732539 -0.0473728365214856 0.392964151080359
0.163748233862326 0.250162924167627 -0.20207925403183 0.194209822209858
0.0688723397554065 0.308748590275774 -0.0510089885332972 -0.094469916073688
-0.000732727340819934 0.255673245675436 -0.108947144548623 -0.263715864023252
0.0673975634120146 0.257243840997046 0.110047473111823 -0.262452538932272
0.161489596248466 0.187458732487551 0.128678489982295 -0.342034448158519
0.178838532146831 0.0437177862901617 0.0715327158533553 -0.337561544589452
0.137665197420486 -0.0340404563307513 -0.0272584907260711 -0.318443285253353
0.0824952522150301 -0.0685061196852772 -0.0984576045527208 -0.243235812721235
0.060330409787353 -0.0758915317056729 -0.0893811530135808 -0.179321993855872
0.077658529099504 -0.0684188384379472 0.0164968033314415 -0.139978822945513
0.0775910084913382 -0.065941940757466 0.127513969087968 -0.132460253078887
0.0821102590004842 -0.0726493334803721 0.269318388025598 -0.0739274934448031
0.115910457697091 -0.0625039305978952 0.351323264442444 0.049324390470723
0.161390430455763 -0.00974291430377107 0.25921085875525 0.282766030073908
0.182754886480981 0.108919183315224 -0.00368350094213131 0.331576243062066
0.115793243673137 0.222763937457001 -0.152478090115462 0.13766193140801
0.0202234436513675 0.24845065471838 -0.0310145336488897 -0.174789260746592
-0.0470010782725624 0.155823815878259 -0.101190939879769 -0.31813199340392
0.0123542481685 0.184279264091482 0.118164012133846 -0.266021888906819
0.0937332666037237 0.125442169287133 0.179528612664656 -0.30186616612859
0.0854441790780765 0.0221018793118155 0.156190658518411 -0.319940533835466
0.0523165784706058 -0.00148307226849682 0.0369325429462921 -0.335204669373969
0.030895291446998 -0.00988709740373592 -0.0565746397647318 -0.270789499008185
0.0351239402002691 -0.0124551962546158 -0.062571360844803 -0.20243087973703
0.062222098612526 -0.00198464407718982 0.040482703619202 -0.155883002242061
0.0556952355036494 -0.00489187250196276 0.15056696672109 -0.14279184971531
0.0457018268089921 -0.0151291136609328 0.285682826059298 -0.0836882350251584
0.0608862594424655 -0.0255936737100968 0.356792676756271 0.0335972224927049
0.100212444774217 -0.0149758276251158 0.268085286799281 0.242108476987569
0.132741733798861 0.0774917643467771 0.0297460169451294 0.27437657240866
0.0617315033439525 0.169406270952319 -0.103004742293573 0.0934072090374313
-0.0260566399465672 0.156143631312704 -0.000659296170199731 -0.221381352874871
0.0590460450102985 -0.0494998030827525 0.0452786999798872 0.278373805458476
-0.0343417814384325 -0.0858287661795303 0.156423052351306 -0.0440197940037401
-0.0801997745960981 -0.0241206855797975 -0.0416236077603564 -0.264559342654121
-0.0178569751106608 0.0339301631701755 -0.308924808281215 -0.238539575031042
0.0197103051373458 -0.00895626809031275 -0.38781764942036 -0.0242949731388306
0.00341171029995129 -0.0347371970253241 -0.304909878569781 0.122931625291039
-0.0269591224917878 -0.0449962222890519 -0.196813357956388 0.181166010237812
-0.037823266563349 -0.061401749327492 -0.0615093442289772 0.19374118876279
-0.0245709118987615 -0.0656531808426459 0.0278187491206923 0.20479866764952
0.0168243658261834 -0.0644815462187042 0.052358820454345 0.262923997856573
0.0527804531068678 -0.0274374935172951 -0.0359910224246546 0.340703160689461
0.0257073090925047 0.0203002703458297 -0.181873582899336 0.358895749099601
-0.0283249099821418 -0.0340586888316067 -0.22903886446481 0.312868814950933
0.0297022053625027 -0.0921062599049585 -0.191972050323433 0.316282014068025
0.102794802705205 -0.0296035583655811 0.0658152822988906 0.345567085209569
0.0949377964543007 0.0646927514072945 0.0203428971606625 0.244791675568142
0.0284082899969702 -0.0105462474048869 0.137099628154975 -0.071753933865356
-0.0112482955202169 0.00973080748170203 -0.0669787896051918 -0.280317289212757
0.0428028253485026 0.0305698507718905 -0.313707868352986 -0.232368815734653
0.0723393553963375 -0.0376508743408068 -0.376580208868809 -0.0350206915210782
0.0412529820843502 -0.0789010334988008 -0.307991445086572 0.0972326928005579
0.0011075134764047 -0.0964995192234525 -0.206638413764808 0.147520992608469
-0.0113083007969925 -0.123331561903166 -0.0712220890285294 0.157264104302811
0.00865111704470606 -0.131608202070615 0.0278584123972085 0.161533984325147
0.0650930898057552 -0.131489078809918 0.0812489616403326 0.224046442170384
0.13622129125932 -0.0786278859867251 0.023568441157225 0.325831288247574
0.144622285925858 0.0294127332295703 -0.139872497630935 0.394124546471403
0.0787043384298924 0.0569626254240291 -0.239348040554736 0.357340594721261
0.0976668215001889 0.0363720967552994 -0.22303419158106 0.305609618152028
0.140917633221529 0.109326656295501 0.0327345383022515 0.302494136714673
0.120713224874117 0.175137358301908 -0.00721658461726887 0.172542340452435
0.0959235734052226 0.0723988548954828 0.135741963770933 -0.123072484020389
0.0772450607037959 0.0439009663048833 -0.0737015454042868 -0.331115232728409
0.112075830924532 0.0147082595924038 -0.310707553691028 -0.259558796254543
0.121041831470208 -0.0716131371062778 -0.361116255160737 -0.070092538753831
0.0741025464376393 -0.118478942994287 -0.300239834715252 0.0524255107293913
0.0284245512788046 -0.137164699374218 -0.20593638717357 0.0934078068370047
0.0162746343857147 -0.166476241482178 -0.0711375437251082 0.100311922263253
0.0370973745817377 -0.175589372253757 0.0387002222052858 0.0960907384139748
0.0928804556308155 -0.18026039758585 0.12762849116593 0.158604741397316
0.185113387662607 -0.127177485757088 0.117492338211636 0.28438457876027
0.231120210739674 0.0105896878025911 -0.0420308005905843 0.426017272733798
0.178781194708111 0.108631163499341 -0.206929890340302 0.416365978992658
0.162441040205848 0.14070974107351 -0.240662343650983 0.302605386476697
0.163135885906385 0.225172505634131 -0.00316209444376504 0.224697967210119
0.128350066234357 0.263422201056072 -0.0403521615872999 0.0715629810944167
0.15067785590236 0.155897718783413 0.136915625803731 -0.177342800023325
0.165710112304162 0.0865005734725178 -0.0531095675751397 -0.385963805768462
0.18380947255013 -0.000679295850010346 -0.276753719840476 -0.308636647656025
0.163510530137254 -0.100799665753777 -0.324490049834608 -0.130885406940215
0.0983409104172566 -0.146395309871663 -0.278261651561241 -0.01369297556158
0.0511228096861895 -0.16052939587036 -0.192652359184364 0.02435247053841
0.0421963543643493 -0.184668458468852 -0.0618127076591906 0.0318124119533469
0.0581026771267666 -0.189977158797091 0.0549353866331787 0.0206765399110067
0.102622463230195 -0.197834608288015 0.175669939910674 0.0774802878302651
0.197209768372436 -0.15679237233281 0.215722510583788 0.213764243621465
0.268099768639786 -0.0196644023654822 0.0798225442278156 0.423943265857328
0.245353413212357 0.123392573773134 -0.143282243967949 0.455240946137341
0.20606173691252 0.20760588262682 -0.241361480829572 0.294045346838211
0.162867721221653 0.30038482862811 -0.0351572424359357 0.123191809999476
0.11220610507596 0.314358146581254 -0.0775184022252554 -0.0470258263410839
0.170298819739756 0.228884068579942 0.127625172411881 -0.221558383039556
0.222769412204007 0.13876560712277 -0.00802208396421248 -0.412862759688323
0.234725522577854 0.00245662911115621 -0.192977435251792 -0.352940048620177
0.191230801266318 -0.106471516586466 -0.253515929921742 -0.208128084487236
0.111838970706603 -0.150388825552768 -0.237330740213087 -0.0966979798033921
0.064828587357048 -0.159635449782328 -0.169359371600799 -0.0513169491785748
0.0635829348177534 -0.172842441754205 -0.0438127215086847 -0.0387115256272748
0.0727172976735294 -0.173833380830649 0.07385210880216 -0.0504183113098666
0.103343974775184 -0.1822608733713 0.214643936377619 -0.000799125162270183
0.183993912378267 -0.152318609385144 0.291717839509335 0.133161733953016
0.260746519694888 -0.0338310799442834 0.187436887130511 0.384259132597295
0.264271372492652 0.121235502114684 -0.0728564124533534 0.451420098157406
0.213367001389741 0.240520395459709 -0.2222639705094 0.265520701181026
0.137753104864331 0.330200312016705 -0.0559994223976267 0.0124006102749648
0.0725723227246739 0.315726539310473 -0.109854575819762 -0.1659287918215
0.144223877943664 0.270064533373452 0.108243698239688 -0.255722021499404
0.225210941732013 0.181189190197294 0.0481288763536922 -0.400185871112887
0.239601187414982 0.0212771801721443 -0.073011141661512 -0.365080641292977
0.187269978652878 -0.0850187997589133 -0.152478329143974 -0.277281458490603
0.107291212393236 -0.125177508300564 -0.178612654052198 -0.178664358579747
0.0666334750804687 -0.132387622139372 -0.137932270661961 -0.122371049005277
0.0749840571323081 -0.135956269260594 -0.0200278384310986 -0.100928306900672
0.079464673153343 -0.132482242669116 0.0954069545222412 -0.108021046724537
0.0960629515207073 -0.138974239968312 0.24469959371424 -0.0618688013620362
0.155108899796514 -0.118740294465212 0.337803770333917 0.0638571045696761
0.220466012163282 -0.0303129012635047 0.256748315096435 0.324199840028156
0.240904899291488 0.114659649298563 -0.0151098176694929 0.407017320086495
0.185181807587211 0.244290374185322 -0.187564421849514 0.213832689877901
0.0942950463798854 0.311645967734135 -0.0601920701206058 -0.0923098831688782
0.0190492804970869 0.261292230302146 -0.12762475129621 -0.263586980907705
0.0884589727412749 0.256262240899031 0.0952106088802126 -0.277732417419789
0.177889947790748 0.179881973598342 0.105544085655693 -0.360495343197718
0.185477354573787 0.0306917570921694 0.0485312852427494 -0.349123199022447
0.138270031587859 -0.0457149911372493 -0.0499187545913748 -0.321607917408008
0.0785367441993479 -0.0749984038305866 -0.117795191205299 -0.240742448633062
0.0557894785977947 -0.0812100341878201 -0.104851222254064 -0.175912611451763
0.0758197875181737 -0.0785812764653762 0.0057246659188224 -0.145131409951701
0.0753424944545169 -0.0736079543618926 0.1186728796745 -0.145507489085189
0.077464273059717 -0.080489062808212 0.267537816350035 -0.0974522563972422
0.113879413577938 -0.0722978137496177 0.359317648384571 0.0216212160901748
0.163251769827111 -0.0213492836378215 0.287839998655128 0.2675489495482
0.193884013535762 0.0997701015980692 0.0239335992794849 0.340681600109249
0.13367201369753 0.218481092923436 -0.142507989712612 0.151572674771718
0.03976748681983 0.252195979039541 -0.045476897920027 -0.17594770385602
-0.0353710359882663 0.160774394163668 -0.1257565502018 -0.320306481098822
0.0260430975385073 0.185481686707458 0.102244841323508 -0.282954699715637
0.103647225944993 0.120605232333864 0.15989243344745 -0.323830913757147
0.0878904420035198 0.0165432778925633 0.135593238566054 -0.337674632752446
0.0532101125523866 -0.00570680461439328 0.0136018756192418 -0.342709085144182
0.030543443590969 -0.0108817390159137 -0.0773149079777551 -0.272131447584722
0.0342683023981911 -0.0142693645739577 -0.0786718377678678 -0.201917198507164
0.0651274942368234 -0.00936209622895577 0.0285452411346222 -0.1634108539671
0.0587244019383052 -0.00914883156139977 0.140885179741917 -0.157834267846542
0.0458723140205078 -0.0181805784477724 0.284402703200683 -0.109533968446812
0.0605128498295458 -0.030787616080856 0.36455982501983 0.00548247302590141
0.10014136772713 -0.0225213602209256 0.293488956352465 0.22587478726314
0.140282480104057 0.0707339590411778 0.0524787185644704 0.279130658344069
0.0745382987950876 0.167771198253249 -0.0960650287960397 0.103244616204879
-0.0149070386915606 0.161207511674691 -0.0182601272787743 -0.225270719706652
0.0541954613213629 -0.053933114654854 0.0667772801814792 0.269760157757235
-0.0395012831609336 -0.0812598549321078 0.152671664478284 -0.05547973184036
-0.0799658434368157 -0.0179730051485652 -0.0581828499951646 -0.257449676761222
-0.0149684171187536 0.0338169809367303 -0.321199742598014 -0.211598616219637
0.0174044033017556 -0.0112046035765485 -0.383386226680608 0.00467847395274817
0.000197190986801858 -0.0358323648462759 -0.289371906666761 0.140998008078889
-0.0293756034415542 -0.0427037646621147 -0.178139158799963 0.192805882819455
-0.0417058112128496 -0.0575969638775446 -0.0445421781741785 0.197260422403601
-0.0297997631423325 -0.0622954056087243 0.041722722537682 0.201102611456549
0.011227498083586 -0.0646445841854276 0.0687237123861581 0.255432179706971
0.0498532525184404 -0.0325445879977856 -0.0131450327969745 0.337866074673269
0.0277508231550145 0.0171168512095828 -0.154492583457119 0.3656566563715
-0.028611307913347 -0.0299594571195925 -0.205079024148678 0.323214479128618
0.0233985449766681 -0.0899392479706464 -0.168454719820397 0.326710993602257
0.0997596965811006 -0.0352823679355077 0.0855999778099709 0.339821047117765
0.0970757053966591 0.0565913502935017 0.0401098298992785 0.238284649642439
0.0267116277696143 -0.0107856879308572 0.132427360963048 -0.0810362120254644
-0.00983798030715254 0.0114480981159561 -0.0840870317259622 -0.271566796999893
0.0445004303525092 0.0265161713448842 -0.3247434012424 -0.206339830481705
0.0672407619044757 -0.0435538539044516 -0.373407760069416 -0.00827452927485056
0.0340141132384329 -0.0816886875659592 -0.294593532997142 0.11694964453763
-0.00526006185920591 -0.0956825610982416 -0.191125942054097 0.160819350068145
-0.0206368569956535 -0.121078487810832 -0.0571083257708765 0.162326584499632
-0.00177948239895144 -0.13031796171689 0.0384308831503773 0.15871186838842
0.0534825416937041 -0.134623838830842 0.0941893404957947 0.214903578735774
0.129191846365848 -0.0888163873434691 0.0436307642802464 0.319383877489662
0.146384438999272 0.0183357540530995 -0.109941414299442 0.397879827924839
0.0833939979394664 0.0529909553419103 -0.210571497360139 0.368087956637434
0.0987684990789979 0.032726755932539 -0.198736298239109 0.31731441326399
0.146862240823182 0.0995782083945882 0.05023948719807 0.299077101467654
0.129551400877726 0.164103741118798 0.00864731529653054 0.169696117331398
0.0984157142425682 0.0663385330069208 0.128302299602078 -0.130942879892134
0.0787999106272589 0.0400896222371622 -0.0948176418166234 -0.321864508405353
0.111904655339864 0.00625113646160661 -0.323930170190488 -0.234221847633512
0.113378581704477 -0.0801864569891018 -0.359480636446099 -0.043994391857882
0.0636358819284614 -0.122487480324699 -0.290309237633833 0.0726630601628569
0.0187737559319498 -0.137244963879392 -0.193863492820898 0.107888798531454
0.00387827340084365 -0.166009345252204 -0.0620653071726026 0.106365175415916
0.0229755493517168 -0.176377725560095 0.0440854610298369 0.0935474110622414
0.0774740467970278 -0.184349898285504 0.13504547092785 0.147032139880798
0.173127891682352 -0.139272452285079 0.132478717968577 0.272288733786802
0.229724650040083 -0.00592043194922359 -0.0115615115186386 0.421829851648439
0.184903207940727 0.0976914468788923 -0.172834611159592 0.424677349090256
0.168885913015189 0.130510699770466 -0.215770794553825 0.315067412579955
0.176727104200247 0.212837982601457 0.0100761326455067 0.223311848215116
0.143855382915724 0.250977551067203 -0.0315361978313515 0.0719763289798264
0.157511031215896 0.145337595231609 0.126519264628916 -0.18447591536402
0.169166396569559 0.076610460529811 -0.0779349117235581 -0.376539156293824
0.181138214248664 -0.0132384508053145 -0.293126545527452 -0.284876240157008
0.153248856913731 -0.111366366599693 -0.328374505712897 -0.106460332628071
0.0858592209925238 -0.151544853896303 -0.273630246247861 0.00512980561616547
0.0393815527918601 -0.161467108518977 -0.186872789475114 0.0383179359726998
0.0286576847069828 -0.185607885701168 -0.0580306113476976 0.0379847446982154
0.0433293508420355 -0.192184634129778 0.0545066200574596 0.0182209862343291
0.0860176848637863 -0.203226314957156 0.176993353315238 0.064511299377434
0.182700872418296 -0.169585985589234 0.224117840227949 0.1951238257733
0.264083440339314 -0.0379820561969254 0.108321766047635 0.410830314350262
0.251258336056245 0.107019306120844 -0.107511358679184 0.458576913231843
0.217163642589169 0.193293331259041 -0.216142932510215 0.306648179686663
0.18160190929108 0.28756912031649 -0.0273108947745572 0.125304103518198
0.131366161481259 0.302180309131822 -0.0760168586922119 -0.0422426756465591
0.182607707020603 0.214476252386405 0.113205080473572 -0.228214551233967
0.228929917557527 0.123718664585792 -0.0367275369265226 -0.406754470250225
0.231541045546831 -0.0131170366947786 -0.21381548703501 -0.333464930942355
0.180923572425383 -0.118866056107887 -0.263196587763885 -0.187366764030718
0.099435214917087 -0.155473889107235 -0.239195734417934 -0.0785339946041351
0.052908612980739 -0.161765716225796 -0.16943286684885 -0.0382372787626599
0.0504215576746873 -0.176993646511853 -0.046026299336482 -0.0338740705821403
0.0597235405437843 -0.177272175862745 0.0677978700986969 -0.0538294466417619
0.0874556918007822 -0.18714472717453 0.210062983660063 -0.015880187008653
0.169944263387605 -0.164341144800359 0.29263034546235 0.110262102663384
0.254941704802168 -0.0513131060134035 0.21146589653007 0.363744464754779
0.269316051309372 0.104430742123726 -0.0374268482628591 0.449775421666965
0.226480719711181 0.224183222044865 -0.198702227525218 0.2771559881334
0.15886115171294 0.317204747127645 -0.0555519993312855 0.0167942571755055
0.0921483035938569 0.305247496946524 -0.115907722072165 -0.157426522682793
0.159360474557386 0.255784693658211 0.0921334498703894 -0.260675024517496
0.233946356992892 0.165177971942243 0.0201697045990932 -0.397412740604263
0.236550729092502 0.00479381067366397 -0.0953432259715551 -0.354407761419673
0.178550309222393 -0.097465299487126 -0.166294438594072 -0.262109248356883
0.0976628234961004 -0.129699306530586 -0.187172634450221 -0.163057997591769
0.0568795581343802 -0.135030213217052 -0.142773423053489 -0.110736387913853
0.0647457329544226 -0.141731601174044 -0.0277399357195418 -0.098215438113347
0.0696260380091689 -0.136760759094305 0.0853159478925259 -0.112348899909566
0.0833812387355597 -0.143473438668678 0.235060992023865 -0.0780329595727412
0.143801543735296 -0.128219646019076 0.333600191099713 0.0389763104803446
0.215050086111788 -0.0440810752521047 0.275315335096831 0.300337798696684
0.245551016125031 0.099469133084942 0.0158290761470144 0.401162543221718
0.198160618315042 0.228898617427112 -0.167082501084094 0.222500430338723
0.113691307770035 0.301212254743983 -0.066229477355117 -0.0858518054232963
0.0365091979617085 0.254924619100311 -0.140782395734854 -0.252748350317457
0.104526016968844 0.245546457488874 0.0774345593294493 -0.28140418260365
0.186995486489369 0.165738507445728 0.0789632898584026 -0.36240711641233
0.183511684261613 0.0179088815275392 0.0250694325806794 -0.34771690884447
0.132650204956183 -0.0554387002842172 -0.0692695409885705 -0.311859199391676
0.0731175410140454 -0.0779519583678935 -0.131952858193916 -0.229135120521094
0.0494163400998873 -0.0833345688854704 -0.114551544100527 -0.165899640236356
0.0693262826636975 -0.0855682337478031 -0.0058080357083907 -0.144060109705533
0.0705516598516101 -0.0791593321822646 0.105282202164157 -0.150510013882421
0.0702349455697032 -0.0836930414314454 0.254802688833062 -0.115704224967034
0.106641028503483 -0.0796178591603267 0.352312841320356 -0.00465543106214409
0.158883919640585 -0.031407483958331 0.302451414840925 0.241782867469709
0.197473055901468 0.0865793195512392 0.0501047111691069 0.334133115645559
0.145976231047808 0.20743082047514 -0.127336720084289 0.15813898623533
0.0555442451712668 0.246627870687314 -0.0577055001993789 -0.1694598976587
-0.0236998872715862 0.158682825374913 -0.142286948691743 -0.309765941991676
0.0378223983764721 0.178468046107064 0.0830798901201673 -0.287035517604403
0.108930475464166 0.112211736948173 0.135030411079648 -0.329692519342543
0.0864393695905005 0.0107715706582529 0.111572914552429 -0.340888676341706
0.0517572759038307 -0.00977987379409807 -0.00817309138222412 -0.33683307935506
0.0298074544443611 -0.0109248038921091 -0.0934251401958333 -0.263554058143495
0.0333851149960474 -0.0158624325968857 -0.0916846519165206 -0.193638374838159
0.0645505455831223 -0.016430944045663 0.0155499956726748 -0.164689294126309
0.0592664639980265 -0.0136266279228894 0.127015414770259 -0.16509796713801
0.0444766965538412 -0.0205641464517703 0.270147309294761 -0.128226416849054
0.0573955073140824 -0.0343514459248502 0.355458666792378 -0.0212026504703238
0.0955545982559068 -0.0277507801760486 0.305030388992365 0.201067320097225
0.142446798885246 0.0612838693024289 0.072959896336266 0.27211013407807
0.0837995702234876 0.159687839227438 -0.086286362254594 0.107503564891046
-0.00387333228783426 0.159087598999215 -0.035470719745447 -0.219377412165499
0.0565148622256771 -0.045727219277174 0.046263252990034 0.262776540445244
-0.0276630233760554 -0.079469465810355 0.155512827906124 -0.0450753234432278
-0.0727344580567274 -0.0257631429615039 -0.0309575192498657 -0.25558885254375
-0.0172338502915769 0.0278011137575487 -0.283010046870968 -0.229927864912796
0.0170480674031167 -0.0110748305535362 -0.362548961512534 -0.0306068821680298
0.00462283965816576 -0.0376933951975891 -0.287351052927002 0.107032079068526
-0.0226716657010995 -0.0450681167411253 -0.186856957153323 0.170272742120305
-0.0345192385077665 -0.0604909974368968 -0.0616492514044938 0.187988101530686
-0.0217843237675896 -0.063770571358177 0.0203229230605455 0.202843253513969
0.0178785985048408 -0.0627385187581887 0.0384860300549926 0.257227846001689
0.0534241216811019 -0.0302945417927962 -0.0510761331810472 0.330374750759907
0.0315053346087637 0.0153248416514059 -0.190112710319021 0.345513349283407
-0.0181196015636062 -0.0318468148683741 -0.235610210150273 0.29722319973997
0.0342422736099821 -0.083937487474789 -0.200801727448877 0.311044952273095
0.102880908022515 -0.0261528851634692 0.0450682054810676 0.353493919736851
0.0851264427228061 0.0634770113155009 0.0190478607749327 0.236360573965949
0.0262887008261878 -0.0054510771090699 0.137704156863656 -0.0653288853793837
-0.00983026258583524 0.0114098250045739 -0.0547188094173714 -0.26683547643631
0.0399174296034728 0.0290289931676448 -0.286621243621861 -0.223391497768364
0.0695948020300152 -0.034466516629608 -0.351963185253516 -0.0397265954885522
0.0429034335220959 -0.0771509204403557 -0.287775081524942 0.0846236677232822
0.00605267277468305 -0.0937759772973944 -0.196048812217728 0.139090749530392
-0.0073899141875717 -0.120656166550102 -0.0712039498443308 0.152992195610383
0.0126815622549152 -0.127344194828922 0.0195244908104469 0.161612078893104
0.066092791075155 -0.126637978481672 0.0653695828250644 0.221811009337447
0.135673944402825 -0.0762000547317117 0.00243304130458142 0.318710713425994
0.146358081525738 0.0282626556801497 -0.153395712856532 0.381271828818296
0.0844001095611411 0.0600129276539632 -0.246709443844771 0.33702570850857
0.096264388195219 0.0442853193837446 -0.232999394138716 0.294048134004415
0.135651527177656 0.112351803107974 0.00979649468304946 0.304945509446825
0.104247384702763 0.16842943063442 -0.0105031780838228 0.173705293789305
0.0849086311440345 0.0760860487595323 0.138668810353494 -0.10887321277532
0.0706638002398762 0.0494454339469539 -0.0594414067744963 -0.310696584380214
0.106844598108002 0.0186643408894917 -0.282822854246602 -0.246982368559411
0.11884366097738 -0.0633997542196667 -0.335202041956761 -0.0706768016967102
0.0759206801807871 -0.112415962097493 -0.278097533960346 0.0435704631155176
0.0336516787065127 -0.131093724870752 -0.194377894317986 0.0884830907531665
0.0214016534870698 -0.162436422151859 -0.0705437801516259 0.0974575373455315
0.0407756784078128 -0.169572166597557 0.0308839387962971 0.0989545652665648
0.094274099480956 -0.171568545463179 0.110989507140289 0.160641520552812
0.183920071623571 -0.1206947528169 0.0925802896461272 0.282482811054222
0.228942685629554 0.0120923438177806 -0.0599962208452555 0.414797701656223
0.179433608809231 0.112686216027495 -0.218871977424406 0.393772043895887
0.154949077334368 0.146550598390685 -0.251448974641151 0.285431227537454
0.153293459215744 0.226969870572078 -0.0249032447208503 0.221272101830884
0.107540623482393 0.252373645766495 -0.0445607048992573 0.080612407590912
0.130980773605309 0.156677946460436 0.13987643354823 -0.154864456702424
0.151880124015695 0.0953282831711288 -0.0384037769775875 -0.356446917952083
0.175515741788992 0.00946750769022258 -0.247199330375329 -0.288479076742889
0.161839162338399 -0.0877405491380525 -0.297972228520698 -0.124169532121472
0.101907083999461 -0.135821632685054 -0.254480290724751 -0.0187781566561656
0.056300557616828 -0.152511206578301 -0.181499899091105 0.0221925168016007
0.0476005731294402 -0.179840210067061 -0.0605986859483636 0.0310532076791433
0.0629133615620281 -0.182878050377541 0.0477072644642502 0.026278446859518
0.103779676157061 -0.188282890715508 0.158748769492971 0.0844097319584259
0.195090837403331 -0.147959529593245 0.187942949126158 0.217720648127841
0.264242955014744 -0.0149429014003882 0.0585159067258156 0.416587592648521
0.243479927441111 0.127990410083322 -0.159186991411483 0.433344100004208
0.194958078401533 0.212266340107364 -0.251614599366495 0.273627640998754
0.151178288026894 0.301898535506939 -0.0547052145262172 0.11590468265792
0.0906979110642178 0.298476239921804 -0.0802034115470566 -0.0313946278105271
0.146160292477585 0.224971782564562 0.129349689214921 -0.194859813936142
0.203258408636485 0.146642319115428 0.0025375801870015 -0.376159137354975
0.224081935566662 0.0166885082803686 -0.167749753598189 -0.324942757147979
0.190213461981308 -0.0914176077047421 -0.227989485105374 -0.193115642315741
0.115726677982869 -0.136794321428502 -0.213923523268269 -0.0953105771834215
0.0686600687971816 -0.151013393242126 -0.158124581333046 -0.0497040271288057
0.0681706283838956 -0.16948578068314 -0.0421669712843841 -0.0379781630894406
0.0767739686859822 -0.167142044276573 0.0677807741855044 -0.0433079175336785
0.103025146794297 -0.172341140239179 0.199460840062213 0.008872939195063
0.180709540873058 -0.143229260169141 0.264280479299996 0.141814590666386
0.254109025909636 -0.0285262820738286 0.163915602933247 0.380807745834534
0.259411638534065 0.125725293787689 -0.0888684233333118 0.432044839888248
0.200314496564731 0.242530361435021 -0.231111038791198 0.243691930134966
0.125772775669392 0.328258128794645 -0.071381107379901 0.00400009203283701
0.0539656104538943 0.297818010501596 -0.109267760841707 -0.147404891334627
0.119681050468964 0.260633596823527 0.10959650189806 -0.227541894662205
0.202783997247925 0.186563448815775 0.0532413069550371 -0.360139360097649
0.22628036350766 0.0350708185748678 -0.0547610973735491 -0.33220681375273
0.184440099808062 -0.0698636693826109 -0.13006054035299 -0.254800351056045
0.110561957178989 -0.111401738796661 -0.156440133889598 -0.171415871180963
0.0694438127753359 -0.123887606263596 -0.126680780751536 -0.118043844970095
0.0779917402808049 -0.134232579231426 -0.0184320864520123 -0.0987075419287906
0.0829478827794921 -0.126462368260252 0.0906555990291412 -0.0998047049741429
0.0940845609080697 -0.129580158049585 0.231172053676288 -0.050768470070851
0.151472939022679 -0.110958583652698 0.312895612600353 0.0748639685822847
0.212473941167448 -0.024872724853803 0.235966156208528 0.324226038870595
0.234692323079004 0.118251033300843 -0.0316019405640164 0.391062211816782
0.172081990400204 0.243357404713988 -0.194793384856596 0.192636290101358
0.0822881960290664 0.309152234595797 -0.069515385840227 -0.100936613347652
0.00652355226694992 0.242802092848553 -0.121546816660822 -0.24538369506349
0.0690247355292334 0.243646951960918 0.0948978010483557 -0.252409558018732
0.157499449984159 0.181266005775615 0.104668444717758 -0.323352324878393
0.173249799068369 0.0416257095634933 0.0580334504137608 -0.315768239760805
0.135177373060554 -0.0357138851517791 -0.0332160814277555 -0.295132071162772
0.0809234303317944 -0.0634893323054098 -0.0999629998391009 -0.229940114872986
0.0571345415958684 -0.0747274385522802 -0.0948209225924025 -0.168965455815053
0.0772980106633051 -0.07922612689384 0.00758430562503223 -0.141676991859983
0.0773717895017468 -0.0699132244363425 0.114995721060066 -0.136305800292163
0.075427418504622 -0.0729229529757177 0.255111524053521 -0.0863922133573553
0.10965230961583 -0.0674680344703851 0.337207157954525 0.0320372858980534
0.155157427978001 -0.0178263984687703 0.26934054602882 0.268647245452966
0.188131479977031 0.101155277859515 0.00961818191976876 0.329467170107748
0.12253218400081 0.216662413229033 -0.146888084647729 0.134153734706436
0.0301845508043507 0.249152518030214 -0.049498142795691 -0.182085791361936
-0.0391001496944491 0.145157739748617 -0.114993886437204 -0.30569593118108
0.0146394954296248 0.171959779764735 0.100162184320924 -0.262373793047027
0.0894108520976634 0.120583467636067 0.156722026458078 -0.291920084345503
0.0808067804036549 0.0226184694703962 0.139183223648396 -0.30669348422254
0.0515192038927471 -0.00209477746058615 0.0274960639699335 -0.317005277905794
0.0315220330181172 -0.0036756377559174 -0.0630744147959415 -0.260043006772507
0.0339071994420531 -0.010466027237565 -0.070167371608186 -0.19453075397053
0.0645073528316371 -0.0126673411962452 0.0306770610167563 -0.160005020669793
0.0596074894570062 -0.00781589891780014 0.13856114943549 -0.149074754972873
0.0440079102901025 -0.0147893102510163 0.273700462635958 -0.0985312984219558
0.0572661047474967 -0.027997554490952 0.346086665589095 0.0161582123750653
0.0924505163423844 -0.0203221118503962 0.277592176873079 0.228652633294055
0.134831784016592 0.0713587559935423 0.0405773869198908 0.272518577628197
0.0664202308758687 0.163271686875997 -0.0991036149474673 0.0900188972818132
-0.0202595665458183 0.157053853148013 -0.0173836149332381 -0.227447348856753
0.0549100904082201 -0.0460101113915696 0.0478011761821759 0.259080892403599
-0.0273714982672188 -0.0775096056843961 0.155399103580518 -0.0457717090016012
-0.0712412735726085 -0.0242732838556459 -0.0296316173451931 -0.253526287917308
-0.0165434600061866 0.0271052507709285 -0.281788459203541 -0.226117400040528
0.0165393689157916 -0.0118505837394418 -0.359758464375018 -0.0292150634563519
0.00255709661169054 -0.0377055461978189 -0.283627875059207 0.106010949990072
-0.0222593287242551 -0.045784532012094 -0.183065681869195 0.16952466528738
-0.0352063042724618 -0.0603526064199919 -0.0576686630757129 0.187976868404413
-0.0221212512085486 -0.0626483672161892 0.0204867949035453 0.202186427096002
0.0173375328392951 -0.063151663816542 0.0376481723242319 0.255337046946588
0.0526251341540864 -0.0319789133613387 -0.0504535912554362 0.328096301685312
0.0326605495001412 0.0148269394774228 -0.188396471568344 0.341612904194635
-0.016095061951431 -0.0304881685701456 -0.235056743519492 0.294972268313318
0.0344723012191755 -0.0807833908342229 -0.200790986346011 0.310495284970817
0.102390494454731 -0.0252877803725532 0.0432651365727368 0.354365423326686
0.08350303152356 0.0624699754860938 0.0209621893843971 0.233741110427471
0.026137045997922 -0.00362064364165602 0.139208174927665 -0.0662427930764895
-0.00937806971083365 0.0123762626384473 -0.053269870320815 -0.264485915316833
0.0402658476090255 0.0285267003632935 -0.284707016604878 -0.220694318859312
0.0683507454152713 -0.0356192493227488 -0.348861470774799 -0.0385792801925025
0.0410145820342461 -0.0771253931495942 -0.283899211278872 0.0840147559529534
0.00639846585156493 -0.0940424228457101 -0.192550866612223 0.13958774598957
-0.00793056090932371 -0.120808189541757 -0.0674921532106804 0.153133956366543
0.0115665028736749 -0.126049162125615 0.0202214831382114 0.161233456085919
0.0648924937178539 -0.125961396984818 0.0639327198459606 0.219632828504479
0.134064404853214 -0.0776958731623689 0.00168567829748825 0.316687735010049
0.146730969463342 0.0272874758484195 -0.151229563619159 0.377427272529989
0.0856150473531312 0.0610474464386942 -0.244742058806561 0.334393803815495
0.0957011905666677 0.046843112518294 -0.231397069256925 0.293419201926906
0.135463481574199 0.112499435452896 0.00796297121574176 0.305260872741155
0.10166233797733 0.166758696456941 -0.00709525793590919 0.170736603355267
0.0831097660033582 0.0769419958329018 0.139492818319865 -0.108578709002922
0.070539816620767 0.0511378175130825 -0.0590016891034795 -0.307325789266022
0.105484064636415 0.0186474616337715 -0.279591915239805 -0.244307587689376
0.116761983512697 -0.0641966091715606 -0.331459172598402 -0.0694494290544749
0.0744028093379873 -0.112192160748245 -0.274453071166361 0.0435693409568409
0.0337921886574055 -0.131734971956031 -0.19160376286965 0.0887152148957785
0.0198467289506931 -0.162533043520388 -0.0679408160640874 0.0987224001890203
0.0397896732680448 -0.168873815212047 0.0297697677751396 0.0989586665897105
0.0919521038634813 -0.170628464961177 0.109450597928426 0.159286198118383
0.181635553649725 -0.121912452565875 0.0896342334776545 0.280106325234906
0.228315775185772 0.0114038943571055 -0.0588562935452202 0.41115860259347
0.18068404184622 0.113107878988282 -0.215146987881647 0.391135424052307
0.154194391066795 0.148656400704514 -0.248989998330864 0.284139254338609
0.1531187639144 0.226215485573292 -0.0265334021538551 0.221519062013118
0.105651356266752 0.249640080903516 -0.0406440149568326 0.0791314784419134
0.129056228424133 0.156746444244815 0.141608500996469 -0.154054704332408
0.150857675607816 0.0968564849434419 -0.0382091249043776 -0.352423295685879
0.174205765496064 0.00989250455345128 -0.24460857698884 -0.286460017622993
0.160435622334405 -0.0880054814784665 -0.294176489181135 -0.123093101169759
0.0998686237568513 -0.135101755908759 -0.251367829889841 -0.0177155543910352
0.0559018998217965 -0.152703309949629 -0.178890581285871 0.0235745721354548
0.0461139486300643 -0.18039215463182 -0.0592244792399243 0.0325440758987909
0.0615174497505684 -0.182573280378618 0.0461881620615257 0.0268822007585858
0.101671561106789 -0.187272620245921 0.156958145413295 0.0831361860599961
0.192324675058374 -0.148705506955532 0.18402671016139 0.216354054141083
0.262888700079521 -0.0151599140904773 0.0583900023401555 0.411560887578921
0.243594490330886 0.12803131375134 -0.154804366449029 0.430133961866545
0.194168372377135 0.213167051807431 -0.249099538286474 0.270743727192819
0.151213600458169 0.300261710392048 -0.0550233522074418 0.116248985200525
0.0887009381078351 0.296653183907792 -0.076182705786453 -0.0326736965606653
0.144560164726892 0.224314058014214 0.131102251827456 -0.193501781996437
0.201709094707583 0.148680533086437 0.00183922913520786 -0.3722138258947
0.221653884312923 0.0167750372539332 -0.164607048421711 -0.321592434318408
0.187997183840441 -0.0914340497654184 -0.224162588500703 -0.191634108635954
0.114177275219946 -0.136614877288027 -0.211129480189461 -0.0939231376331279
0.0688594360403038 -0.150510591377193 -0.15640450227482 -0.0479615259182869
0.0663726328243584 -0.170816432835435 -0.0423295778485072 -0.0368664742086369
0.0760401818701011 -0.167451414941905 0.0657442628670623 -0.0424566251827382
0.100738442608047 -0.170688917652477 0.196769729876201 0.00792731875663935
0.17842762498601 -0.143480410170216 0.259399184034477 0.140032124367619
0.251456350566085 -0.0282136946228196 0.163549460086686 0.376467149299148
0.258980655253006 0.126137690134852 -0.0862384834155606 0.428819699434084
0.199926151780708 0.2424854282475 -0.229114285561695 0.240192040978119
0.124638604596187 0.32689191436961 -0.0724882013629776 0.00400328634608266
0.0519649673193644 0.294252628524721 -0.104901867360868 -0.147777176417582
0.118264439975415 0.259243252189679 0.111246312493827 -0.2259596656831
0.201442877722155 0.186889101919382 0.0518473757528863 -0.356274069073028
0.223384084825748 0.0355983666886885 -0.0525350926205008 -0.329314551031549
0.182882443623574 -0.0705253822671801 -0.126210624606973 -0.252659069580331
0.109295621013066 -0.110183696529166 -0.154905843259367 -0.169454473067341
0.0698403049629345 -0.124002501736505 -0.126097309886604 -0.116096033854309
0.0774636539419751 -0.136066510910622 -0.0192169829960911 -0.0978139566306593
0.082350828134137 -0.127630656039044 0.0887270581237963 -0.0987091597934598
0.0928294848999119 -0.128145564903893 0.227824661499335 -0.0512781836295221
0.148862600019914 -0.111301398204067 0.307493379806378 0.0738912401305852
0.210316375987749 -0.024247033384086 0.234227568842237 0.319956683468301
0.234323662798687 0.11849819153054 -0.0283540109355373 0.388355359970901
0.170399901123197 0.242900064485137 -0.192639243508162 0.189977911905461
0.082101516090514 0.306907008144214 -0.0710916821116254 -0.0996072875693884
0.00532885049332401 0.240502061000681 -0.117766727237163 -0.24562311540196
0.0679431443328373 0.24133909316769 0.0950948674288835 -0.251074357596385
0.15602400904963 0.181515184869183 0.10307563475065 -0.319284420151752
0.170794292281848 0.0416891173871767 0.0589419947143759 -0.31398388423978
0.133988136305006 -0.035679092424404 -0.0302556960629425 -0.292986452666074
0.0805866705694256 -0.0615158589961164 -0.0986252348301214 -0.227953432720878
0.0569387830707364 -0.0740649937049053 -0.094566763000341 -0.166970192329256
0.0766983830937973 -0.0813063549276933 0.00560388534018244 -0.141216207967843
0.0779055126956877 -0.0714697742292249 0.112877009560193 -0.135113275543467
0.0747352556660232 -0.0722483971276913 0.250919502778175 -0.0874467522245271
0.108182678311843 -0.0673080592955059 0.331674346545764 0.0313255820616751
0.152377174299617 -0.01665810466531 0.267747291236405 0.264936796596362
0.186809066627568 0.101573321859563 0.0122102863229776 0.326975951590766
0.121369986198023 0.215220346051487 -0.145156795533147 0.131914444821872
0.0297061779080612 0.246553084263401 -0.0508339569041528 -0.179819906701633
-0.0394993923471937 0.142528533168614 -0.111253635505304 -0.305873955653669
0.013618146592134 0.169217896952813 0.100726084204713 -0.261134042274862
0.0878172134000706 0.119812125552286 0.154544158837904 -0.288970133905612
0.079134115230697 0.0231565336302018 0.139313954833382 -0.30511217787571
0.050360008470362 -0.00205695943850548 0.0296201423383354 -0.314073846700217
0.0315786993841764 -0.00213071135402991 -0.0621754729645778 -0.258751982049908
0.0342684979343766 -0.00979660155650055 -0.0705751838046894 -0.193095991622126
0.0646590738055772 -0.0144717803718015 0.0282794515179952 -0.160023856874535
0.0608612523306607 -0.00873443801792079 0.135652434529944 -0.148242161100565
0.0441490853281038 -0.013448597484418 0.268725037738772 -0.0985493160515866
0.0560330886492669 -0.0276436743740982 0.340274451239119 0.0144157732964044
0.0906669029532539 -0.0192193309823666 0.275612191571687 0.22485121761133
0.133904836806689 0.0712297348951675 0.0415196408903392 0.270694163266905
0.0650149033975089 0.161606359273632 -0.0975496575265041 0.0875584110064486
-0.0203436293417088 0.155061355110837 -0.0190820689661715 -0.22534252746113
0.056470231851816 -0.0472305524326832 0.0501408455930308 0.265166940365052
-0.0268118594309759 -0.0784411142118608 0.161863736458298 -0.0477502625410007
-0.0721056372633388 -0.0250360594792818 -0.0269829231414937 -0.261692664308826
-0.0166661444778748 0.0271945531991094 -0.288559397534492 -0.233953950768194
0.016354043962696 -0.0134654059355344 -0.368976643029708 -0.0308165339931023
0.00147898429471976 -0.0392143928196378 -0.291559642031448 0.106280421904577
-0.0231489375384084 -0.0482785265153861 -0.187341272313152 0.174728703138317
-0.0363649509003669 -0.062987510771165 -0.057512800735036 0.194293986442698
-0.0226609969132849 -0.0636951426209241 0.0201207154335805 0.209631855793089
0.0171583891099677 -0.0654764487857314 0.0354302077155836 0.262269467427174
0.0538409388540984 -0.0339723764901883 -0.0549770721206724 0.336867457388599
0.0355462581845409 0.0144640091412963 -0.195491167167091 0.351359334484948
-0.0148169893740099 -0.0304976680516236 -0.244481943528353 0.301349904951172
0.0369559267230209 -0.0805239093512092 -0.210196306932985 0.320571290473652
0.106381961043679 -0.0249157117171211 0.0396116441020709 0.367269611213476
0.0842476505684587 0.0647829717946902 0.0226300985747328 0.23835438186848
0.0267154560425692 -0.00177447622604874 0.145371863007204 -0.0680827535026431
-0.00871409210877342 0.0138108929044277 -0.0519116446929513 -0.272669296772842
0.0415309558806706 0.0297252089889223 -0.290779358965435 -0.228729761441094
0.0698527806338899 -0.0372714955894325 -0.358319192660637 -0.041875142330145
0.0413511880098557 -0.0795112896573044 -0.291253618769139 0.0840859780608743
0.00649760028484323 -0.0982134172687943 -0.196717776869429 0.143350399022445
-0.00779120249259812 -0.124989336832835 -0.0677252669468578 0.158747322881409
0.0115236295516502 -0.129455852469839 0.0195593877551858 0.167485426814231
0.0663945386373987 -0.130118679776809 0.0632400869729857 0.225822233031144
0.137831140311755 -0.0806542775289825 -0.00131744899556955 0.325890184146541
0.152787668363972 0.0280541149552979 -0.157889841767378 0.387699673634246
0.0902025553701311 0.0646276246969461 -0.253806387509624 0.341845628159193
0.0991740950904066 0.052242455967107 -0.241367471008701 0.30104563949418
0.139436849955794 0.117646675401333 0.00408457304580363 0.316365852899024
0.102116393998478 0.172009984015098 -0.00572391103236335 0.174246429023295
0.0848151434797411 0.0817207518729708 0.14688982135 -0.111203050966735
0.0730497006126047 0.0549451871472921 -0.0574913212137889 -0.315753538581741
0.109244304659105 0.0201218583565919 -0.286319384717352 -0.253310950798994
0.120307355593096 -0.0660149489716069 -0.339457381116533 -0.0734058218943423
0.0760296451780701 -0.115502452334169 -0.281640164284489 0.0432892776007545
0.0355264396241819 -0.13725984762576 -0.196126551352434 0.0923106000655771
0.0213374565494758 -0.168685082528417 -0.068547562721281 0.102967278081436
0.0408521753444936 -0.173491342386512 0.0297379237823044 0.103328653914287
0.0945885425141281 -0.176071012762795 0.110022178573518 0.163972317340789
0.186497822091434 -0.125797497963514 0.0893022742494606 0.289251030422698
0.236605055126944 0.0133646572904236 -0.0628332993781471 0.421903442643009
0.187603049587518 0.119636310869385 -0.223179195425629 0.399261031443147
0.15842743602061 0.157160462629658 -0.25924662390481 0.291644906963107
0.15645614152187 0.235300161670916 -0.0306659536855434 0.229354660265741
0.10548049100702 0.257640433687396 -0.0394838685803485 0.0795988797012361
0.131186524659165 0.164726881515782 0.149555374941778 -0.15842260720614
0.155333370083008 0.102472486950552 -0.0364720713613913 -0.361448868320444
0.179422511715298 0.012213637730704 -0.248796735113127 -0.296416484231102
0.165231734271353 -0.0906616786543214 -0.301240184144594 -0.129732200957969
0.103157849662523 -0.139266807403902 -0.257684718421551 -0.019458977541646
0.0586202256405445 -0.158565868516701 -0.184066424117338 0.0242534543400079
0.04816418138051 -0.186895839784868 -0.0598859772538353 0.0340984288183185
0.0628923476229576 -0.188687546094273 0.0465143198085381 0.0292198320496334
0.104183249926542 -0.192335896632571 0.159715268919044 0.0859616939346441
0.197321429017737 -0.153121164517665 0.186670496100875 0.224011582278255
0.271029841120012 -0.0140934012289114 0.057003139765891 0.423921372439157
0.25206289865599 0.135425465930819 -0.161261345537064 0.440778503132094
0.198485408999107 0.223326711715032 -0.258400423263649 0.27658713496058
0.153189198135777 0.311200515489127 -0.0597830086715802 0.119561038397704
0.0873555942508214 0.305477700904289 -0.0752423254390885 -0.0351809477370601
0.145867365739114 0.233718967917139 0.139520624938947 -0.19823337412399
0.207288324749937 0.156934356025879 0.00581787768343424 -0.380377859860316
0.227908022158734 0.0196079022669726 -0.16612384959492 -0.333230080494776
0.194190016860603 -0.0942351281777764 -0.228133809420422 -0.200099864398182
0.118071745936311 -0.139228990378144 -0.215616861273196 -0.0973444887374966
0.0719190548628829 -0.156117411135506 -0.160537691088943 -0.0498114499349953
0.0692334624254972 -0.177885775455218 -0.0430731554084377 -0.037690871346277
0.0785661493620057 -0.17322146769984 0.0666394586851649 -0.0423632390727296
0.103876619555045 -0.175422386009612 0.201054199883018 0.00834420773481621
0.182395628437124 -0.147381252292847 0.263976927503725 0.146900891841087
0.259805218206314 -0.0263749400556257 0.166112293785827 0.387229583004935
0.267985258791775 0.132984797401095 -0.0896371527708957 0.440963025664257
0.203666415833102 0.253323757207898 -0.23703579803895 0.245505846556254
0.126373032932104 0.338120423300334 -0.0761578265927871 0.003740638298099
0.0498064123255135 0.303192897446238 -0.103706003920941 -0.154236624122505
0.119088105056906 0.268526203090182 0.117372435250001 -0.231954523541127
0.206957432258246 0.196523365016119 0.0560338432468958 -0.363244167425225
0.22973861147672 0.0388955229060331 -0.0497163637821803 -0.339979401190522
0.188566789090825 -0.0723183135870185 -0.12635534880602 -0.262641374812094
0.113808276280971 -0.111991022959881 -0.157202294460701 -0.175587828373809
0.0723206706085528 -0.12731131499689 -0.12880952470124 -0.119414870707295
0.0802373264022319 -0.142134745640571 -0.020594480675995 -0.100669383476145
0.0855170764771069 -0.132375704370934 0.0900694643709755 -0.100427831637274
0.095590724989001 -0.130840503156936 0.233360242104002 -0.0521926492436487
0.152119326165571 -0.11349230332399 0.313423522872 0.0781385903865238
0.215727241162424 -0.0230866134777196 0.237847743444725 0.329068953728647
0.241322582308857 0.124327515085797 -0.0297350782734753 0.398751503341732
0.173988273010738 0.252622090494405 -0.19830507361598 0.192630854202916
0.0818847569757026 0.316805188709867 -0.0742949123229198 -0.102707245748321
0.00244656307676791 0.24645464881958 -0.116578978739622 -0.255454243135027
0.0672793243561875 0.248951472619883 0.101391982667867 -0.257720858526973
0.159588914917336 0.1891586655105 0.108687003940727 -0.326586276302431
0.175260630707387 0.0453095184951217 0.0651229876091058 -0.323632497302896
0.137138880956812 -0.0362946299904346 -0.0261456338175481 -0.302307433196614
0.0833799577191863 -0.062014461335699 -0.0984899847128244 -0.235299687373679
0.0595425490608463 -0.076077140140825 -0.0968573250347548 -0.172075148598111
0.0791490796059947 -0.0862584384269653 0.00497476372956383 -0.145893028631147
0.0816738550251578 -0.0744453215669573 0.114983717702852 -0.137813016079085
0.0771932132841931 -0.0728107449997999 0.25804622877355 -0.0893073015350231
0.110581886136253 -0.0683672766244392 0.339335839342053 0.035286546909557
0.156441097117688 -0.0147228263721417 0.272684639286501 0.273080896185488
0.192733532482454 0.106704791824045 0.0123264729852763 0.336062063782238
0.122276928780292 0.222848112830101 -0.149848041767624 0.132642609874325
0.0285289638666639 0.25359107555756 -0.052787601076942 -0.184899583544102
-0.0436048290870972 0.144877127905994 -0.109559310541957 -0.317991077840235
0.0121588685375118 0.173483055447621 0.106235854458659 -0.268891666014115
0.0895183591378996 0.124841238301494 0.161255703535884 -0.295039106596844
0.080232724794658 0.0257241607945211 0.147782740882466 -0.313779875659828
0.0510665795973682 -0.00177932295851459 0.0352132305256192 -0.323681973386409
0.0333482801715783 -0.000634173735881906 -0.061324416147374 -0.266882270191394
0.0360439350900518 -0.00971842032707667 -0.0719642465870219 -0.198084599866329
0.067016116402896 -0.0174697599870411 0.0280280238666272 -0.165600812945624
0.0640158346106226 -0.00992161228818894 0.139029778674902 -0.152044300307416
0.0464986267546986 -0.0128503868871063 0.275532125688613 -0.101149016533091
0.05701999221077 -0.0276035992246165 0.34790665940511 0.0168889685893693
0.0919265343082448 -0.0173195363091464 0.280944127940389 0.232471571518669
0.137002506621264 0.0746993852956424 0.0415593781336289 0.278366101235958
0.0651191704092221 0.167119056675826 -0.101121074549422 0.0887205335275127
-0.022632374167548 0.158803265015275 -0.0202189221625923 -0.231165477734534
