TRXV5
3
4
4
9
string Extension=J
integer IsArchMeasurement=1
integer IsSpherical=1
string Generator=SPM
string GeneratorVersion=1.3.1 Dev
double ArchRadius=0.449999988079071
integer FrequencyAxisIndex=0
integer AzimuthAxisIndex=1
integer ElevationAxisIndex=2
Frequency
5 136 690000000 960000000 LIN
Azimuth
7 8 0 2.74889357189107 LIN
Elevation
7 15 -2.74889357189107 2.74889357189107 LIN
Polar H Real Part
13
Polar H Imaginary Part
14
Polar V Real Part
13
Polar V Imaginary Part
14
Polar H Magnitude (dB)
12 0xC0000002 0 1
Polar H Phase
7 0xC0000003 0 1
Polar V Magnitude (dB)
12 0xC0000002 2 3
Polar V Phase
7 0xC0000003 2 3
-0.0181388854980469 -0.0349445343017578 0.102561950683594 0.0571746826171875
-0.0227146148681641 -0.0278587341308594 0.0743408203125 0.0331192016601563
-0.0358161926269531 -0.0102500915527344 0.00771570205688476 -0.00374317169189453
-0.0278415679931641 0.0115604400634766 -0.041229248046875 0.0121879577636719
-0.0103340148925781 0.0157136917114258 -0.0589866638183594 0.041534423828125
0.00179958343505859 0.0163850784301758 -0.056640625 0.0970382690429688
0.00738334655761719 0.0191192626953125 -0.0267181396484375 0.135711669921875
0.00395965576171875 0.0156469345092773 -0.00308990478515624 0.137550354003906
0.00966548919677734 0.0160713195800781 -0.00319671630859376 0.124076843261719
0.00639152526855469 0.0225162506103516 -0.0213699340820313 0.0981521606445313
-0.00190162658691406 0.0268764495849609 -0.0152969360351562 0.0560493469238281
-0.0173511505126953 0.0293731689453125 0.00516510009765625 0.0223140716552734
-0.0343246459960938 0.00872230529785156 0.0520515441894531 0.0216598510742187
-0.0297393798828125 -0.0106945037841797 0.118484497070312 0.074554443359375
-0.02593994140625 -0.009552001953125 0.120376586914063 0.163833618164063
-0.0630569458007812 -0.0884170532226563 0.0899124145507813 0.0454864501953125
-0.0707321166992188 -0.075897216796875 0.0670166015625 0.0275650024414062
-0.085845947265625 -0.0434951782226563 0.0150613784790039 -0.00189781188964844
-0.0851211547851562 -0.0015716552734375 -0.0331707000732422 0.00742149353027343
-0.0617485046386719 0.0268363952636719 -0.0539665222167969 0.0320816040039063
-0.0399017333984375 0.0572853088378906 -0.0567550659179687 0.0886611938476563
-0.0147819519042969 0.0696754455566406 -0.0277938842773437 0.121826171875
-0.0156517028808594 0.0614662170410156 -0.00408935546875001 0.122215270996094
-0.0108604431152344 0.0656089782714844 -0.00507354736328126 0.110565185546875
-0.0210189819335937 0.0669708251953125 -0.022705078125 0.0881729125976563
-0.0382881164550781 0.0558738708496094 -0.0157814025878906 0.0452919006347656
-0.0611228942871094 0.0457725524902344 0.00666713714599609 0.0136852264404297
-0.0831451416015625 0.00430297851562501 0.0598030090332031 0.0179862976074219
-0.0826797485351563 -0.0356216430664062 0.112709045410156 0.0699539184570313
-0.0792770385742188 -0.050048828125 0.109420776367188 0.153732299804688
-0.101493835449219 -0.127334594726563 0.0624198913574219 0.0163993835449219
-0.112213134765625 -0.110481262207031 0.0479812622070312 0.0119476318359375
-0.127372741699219 -0.0654296875 0.0182762145996094 -0.000436782836914066
-0.131423950195313 -0.00995635986328124 -0.0192012786865234 0.00314140319824218
-0.103775024414062 0.037567138671875 -0.0375099182128906 0.0190162658691406
-0.0752410888671875 0.0900115966796875 -0.045989990234375 0.0665054321289063
-0.034210205078125 0.109092712402344 -0.0243377685546875 0.08795166015625
-0.033355712890625 0.0975341796875 -0.00543212890625001 0.0876846313476563
-0.0299530029296875 0.105545043945313 -0.00783538818359376 0.0808639526367188
-0.0462799072265625 0.103439331054688 -0.0220718383789063 0.0659065246582031
-0.07086181640625 0.07843017578125 -0.0154209136962891 0.0280628204345703
-0.0993423461914062 0.0583953857421875 0.00680541992187499 0.00513553619384766
-0.124038696289063 -0.00164031982421876 0.0590972900390625 0.0147438049316406
-0.124320983886719 -0.0563430786132812 0.09063720703125 0.0626068115234375
-0.121261596679687 -0.0830459594726562 0.0804519653320313 0.129829406738281
-0.128204345703125 -0.140823364257813 0.0238380432128906 -0.0214443206787109
-0.142044067382813 -0.118743896484375 0.0192508697509766 -0.00927734375000001
-0.152664184570313 -0.0666656494140625 0.0159435272216797 -0.000668525695800785
-0.156036376953125 -0.00732421875000002 -0.00303244590759278 -0.00301218032836914
-0.126289367675781 0.0475082397460937 -0.0159978866577149 0.00131893157958985
-0.0950698852539063 0.111061096191406 -0.0279388427734375 0.0334682464599609
-0.0472183227539062 0.132476806640625 -0.0175514221191406 0.0405769348144531
-0.04632568359375 0.1197509765625 -0.00582122802734376 0.0402259826660156
-0.0465011596679687 0.1302490234375 -0.00983047485351563 0.038482666015625
-0.0685958862304688 0.123802185058594 -0.0185947418212891 0.0327167510986328
-0.0983200073242188 0.088531494140625 -0.0115785598754883 0.00551223754882813
-0.128562927246094 0.0595932006835937 0.00748777389526366 -0.0039682388305664
-0.148910522460938 -0.01263427734375 0.0504226684570312 0.0125885009765625
-0.14752197265625 -0.0738067626953125 0.0548019409179687 0.0511016845703125
-0.143661499023438 -0.1044921875 0.0408248901367187 0.0952377319335938
-0.136489868164063 -0.130767822265625 -0.0232276916503906 -0.0612030029296875
-0.150390625 -0.103912353515625 -0.017690658569336 -0.0299549102783203
-0.152694702148438 -0.05078125 0.00757980346679687 -0.00260782241821289
-0.152374267578125 0.00184631347656249 0.00957870483398437 -0.0124330520629883
-0.123779296875 0.0521011352539063 0.00411987304687499 -0.0205497741699219
-0.0965347290039063 0.115699768066406 -0.00982093811035157 -0.00674343109130859
-0.0516510009765625 0.134994506835938 -0.0107555389404297 -0.0126018524169922
-0.0524520874023438 0.123046875 -0.00667953491210938 -0.0131626129150391
-0.0577163696289063 0.135078430175781 -0.00864982604980469 -0.0100784301757812
-0.0837936401367187 0.123077392578125 -0.0101137161254883 -0.00660705566406249
-0.114540100097656 0.0807342529296875 -0.00408172607421876 -0.0189685821533203
-0.14166259765625 0.045989990234375 0.00925254821777343 -0.0131988525390625
-0.15093994140625 -0.0296783447265625 0.0361061096191406 0.0096435546875
-0.143798828125 -0.0865020751953125 0.0116043090820312 0.0357246398925781
-0.142410278320312 -0.11328125 -0.00460433959960938 0.0516014099121094
-0.121566772460938 -0.0999755859375 -0.069793701171875 -0.0944747924804688
-0.129135131835938 -0.0743637084960937 -0.05352783203125 -0.0469245910644531
-0.123481750488281 -0.0312423706054687 -0.00559139251708985 -0.00573921203613281
-0.121200561523438 0.00552368164062498 0.0164737701416016 -0.0227928161621094
-0.100852966308594 0.0444488525390625 0.0177688598632812 -0.0408744812011719
-0.0839767456054688 0.0998077392578125 0.00355148315429687 -0.046356201171875
-0.0485916137695313 0.11651611328125 -0.00541687011718751 -0.0634994506835937
-0.0512924194335937 0.107711791992188 -0.00512313842773438 -0.0649909973144531
-0.0616302490234375 0.118476867675781 -0.00224304199218751 -0.0577278137207031
-0.0873260498046875 0.101593017578125 0.00556182861328124 -0.0445213317871094
-0.112403869628906 0.0567474365234375 0.00927734374999999 -0.0402030944824219
-0.130126953125 0.0214920043945313 0.0136795043945312 -0.0211143493652344
-0.125778198242188 -0.0450210571289062 0.0214576721191406 0.00401496887207031
-0.115570068359375 -0.0879058837890625 -0.0271110534667969 0.0139846801757812
-0.118339538574219 -0.105125427246094 -0.0445022583007813 0.00527572631835936
-0.0859375 -0.0575942993164063 -0.107017517089844 -0.118820190429687
-0.083770751953125 -0.04144287109375 -0.08233642578125 -0.0580673217773438
-0.0744705200195312 -0.0162811279296875 -0.0216331481933594 -0.00714683532714844
-0.073577880859375 0.00143432617187499 0.0157947540283203 -0.0285511016845703
-0.0659370422363281 0.02593994140625 0.0243453979492187 -0.0541229248046875
-0.0617790222167969 0.0674476623535156 0.0130157470703125 -0.0773239135742188
-0.040191650390625 0.080810546875 -0.00102233886718751 -0.103675842285156
-0.0418853759765625 0.0769119262695313 -0.0024261474609375 -0.10614013671875
-0.0544509887695312 0.084442138671875 0.006927490234375 -0.09649658203125
-0.0739974975585937 0.06500244140625 0.02484130859375 -0.0741958618164063
-0.087890625 0.0264892578125 0.0262222290039062 -0.0532989501953125
-0.0941314697265625 -0.00232696533203125 0.0210170745849609 -0.0247745513916016
-0.079071044921875 -0.0471954345703125 0.00855159759521484 -0.0024566650390625
-0.0693359375 -0.070098876953125 -0.055511474609375 -0.0112800598144531
-0.0792922973632812 -0.0766677856445313 -0.073699951171875 -0.0367431640625
-0.0359687805175781 -0.0100822448730469 -0.130767822265625 -0.130874633789062
-0.0240974426269531 -0.0108203887939453 -0.101638793945313 -0.0626449584960938
-0.01806640625 -0.00792312622070312 -0.0367279052734375 -0.00588607788085937
-0.0220603942871094 -0.00951194763183594 0.0115013122558594 -0.0273590087890625
-0.0278854370117188 0.00045394897460937 0.0254859924316406 -0.0574455261230469
-0.0363273620605469 0.0244293212890625 0.017425537109375 -0.0959243774414063
-0.0274219512939453 0.0334873199462891 0.00171661376953126 -0.128456115722656
-0.0255527496337891 0.0340995788574219 -0.000244140624999989 -0.131721496582031
-0.0368118286132812 0.0379867553710938 0.0176620483398438 -0.11981201171875
-0.0437545776367188 0.0230789184570312 0.0440750122070313 -0.090362548828125
-0.0450668334960938 -0.000942230224609378 0.0409965515136719 -0.0560150146484375
-0.040283203125 -0.0159683227539063 0.027496337890625 -0.0239982604980469
-0.0243415832519531 -0.0295982360839844 -0.000455856323242189 -0.00957965850830078
-0.0200424194335937 -0.0320415496826172 -0.0702896118164063 -0.0325279235839844
-0.0336112976074219 -0.0324153900146484 -0.0896072387695312 -0.0673828125
-0.0209674835205078 -0.0348777770996094 0.109413146972656 0.0529327392578125
-0.0254592895507812 -0.0276393890380859 0.0795822143554687 0.0300140380859375
-0.0371742248535156 -0.00867080688476563 0.00828790664672851 -0.00367069244384766
-0.0276508331298828 0.0137710571289063 -0.0415382385253906 0.01617431640625
-0.00971221923828125 0.0165395736694336 -0.0585289001464844 0.0467567443847656
0.00301647186279297 0.0169830322265625 -0.0516815185546875 0.103347778320313
0.00878715515136719 0.0190811157226563 -0.017303466796875 0.141067504882813
0.00522518157958984 0.0161905288696289 0.0075225830078125 0.1409912109375
0.0113143920898438 0.0159854888916016 0.00553894042968749 0.12811279296875
0.008026123046875 0.0227203369140625 -0.0153350830078125 0.102386474609375
-0.000507354736328125 0.0280075073242188 -0.0123558044433594 0.058837890625
-0.0154705047607422 0.0307941436767578 0.00694847106933594 0.0229015350341797
-0.0346107482910156 0.0105247497558594 0.054534912109375 0.0198211669921875
-0.0315685272216797 -0.00987625122070313 0.126907348632813 0.068267822265625
-0.0267791748046875 -0.00820541381835937 0.133087158203125 0.160171508789063
-0.0703353881835938 -0.0869293212890625 0.0953216552734375 0.0422592163085937
-0.0771026611328125 -0.0740280151367187 0.0713958740234375 0.0250244140625
-0.09039306640625 -0.0399093627929688 0.0159091949462891 -0.00307369232177735
-0.0874710083007813 0.00349426269531249 -0.033447265625 0.0101566314697266
-0.0617752075195313 0.0311126708984375 -0.0534515380859375 0.0364646911621094
-0.0371208190917969 0.0614395141601563 -0.0516281127929687 0.0952224731445313
-0.0102462768554688 0.0720138549804688 -0.0195465087890625 0.126388549804688
-0.0118331909179687 0.0647315979003906 0.00486755371093751 0.125137329101563
-0.006744384765625 0.0687065124511719 0.00292205810546874 0.114494323730469
-0.0170364379882813 0.0705032348632813 -0.0168075561523437 0.0927352905273438
-0.036346435546875 0.0600738525390625 -0.0130615234375 0.0476455688476563
-0.0595741271972656 0.0514488220214844 0.00731277465820312 0.0147266387939453
-0.0852127075195313 0.0091400146484375 0.0628623962402344 0.0143928527832031
-0.0869979858398438 -0.0323486328125 0.120719909667969 0.0648956298828125
-0.084320068359375 -0.0464935302734375 0.121337890625 0.151290893554688
-0.111854553222656 -0.124656677246094 0.06591796875 0.013824462890625
-0.122238159179688 -0.106346130371094 0.0510330200195313 0.00991821289062499
-0.134017944335938 -0.0601272583007813 0.0192108154296875 -0.00202178955078125
-0.136299133300781 -0.00157928466796873 -0.0193347930908203 0.00489044189453125
-0.104690551757813 0.0448532104492188 -0.0373992919921875 0.022247314453125
-0.0706634521484375 0.0972671508789063 -0.0412521362304688 0.0714874267578125
-0.0272445678710937 0.114143371582031 -0.0189056396484375 0.091827392578125
-0.0271453857421875 0.103355407714844 0.00130462646484374 0.0902633666992188
-0.0231781005859375 0.111740112304688 -0.00199127197265626 0.0836257934570313
-0.039703369140625 0.10986328125 -0.0175628662109375 0.0700149536132813
-0.0685501098632813 0.0858993530273438 -0.0135917663574219 0.0304355621337891
-0.098785400390625 0.0669708251953125 0.00725889205932617 0.00577068328857422
-0.127388000488281 0.00537872314453127 0.0620803833007813 0.0110397338867188
-0.131637573242188 -0.0512542724609375 0.0976791381835938 0.0580368041992188
-0.129547119140625 -0.0780029296875 0.09051513671875 0.128883361816406
-0.14080810546875 -0.137161254882813 0.0240020751953125 -0.0229015350341797
-0.153289794921875 -0.113418579101562 0.0192661285400391 -0.00974082946777344
-0.160324096679688 -0.05975341796875 0.0165481567382812 -0.00247955322265625
-0.161941528320313 0.00244140625 -0.00409173965454103 -0.0027763843536377
-0.126876831054687 0.0572280883789063 -0.0158929824829102 0.00288581848144532
-0.0896682739257813 0.120452880859375 -0.0250968933105469 0.0365638732910156
-0.0385665893554688 0.138175964355469 -0.0150375366210937 0.0431480407714844
-0.03863525390625 0.12628173828125 -0.0036163330078125 0.0413093566894531
-0.03778076171875 0.137924194335938 -0.00690078735351563 0.0400962829589844
-0.0612869262695313 0.132369995117187 -0.0161285400390625 0.0351829528808594
-0.0956573486328125 0.0977401733398438 -0.0110998153686524 0.00699520111083985
-0.128746032714844 0.0708236694335938 0.00736713409423827 -0.0034642219543457
-0.153427124023438 -0.00402832031250002 0.0531806945800781 0.00850677490234375
-0.15625 -0.0678558349609375 0.059600830078125 0.0490379333496094
-0.154937744140625 -0.09912109375 0.0468521118164063 0.094818115234375
-0.148422241210937 -0.126296997070313 -0.0265846252441406 -0.0607948303222656
-0.16094970703125 -0.0972442626953125 -0.0199089050292969 -0.0294189453125
-0.160018920898438 -0.0435333251953125 0.00734615325927733 -0.00417613983154297
-0.157012939453125 0.01129150390625 0.00871181488037109 -0.0136051177978516
-0.124794006347656 0.0614852905273438 0.00380706787109374 -0.0211219787597656
-0.0907516479492188 0.124755859375 -0.00869798660278321 -0.00637149810791015
-0.0426788330078125 0.141754150390625 -0.0115633010864258 -0.0122537612915039
-0.0446319580078125 0.130805969238281 -0.00760078430175782 -0.0137042999267578
-0.04876708984375 0.1434326171875 -0.00897312164306641 -0.0102462768554687
-0.0774307250976562 0.132820129394531 -0.0096731185913086 -0.00607013702392577
-0.113143920898438 0.0910415649414062 -0.00424194335937501 -0.0186958312988281
-0.143096923828125 0.0576934814453125 0.00899982452392577 -0.0133161544799805
-0.156402587890625 -0.022125244140625 0.0383987426757812 0.00651931762695312
-0.15399169921875 -0.0814666748046875 0.0144233703613281 0.0356826782226562
-0.153976440429688 -0.108139038085937 -0.00185012817382814 0.0538253784179687
-0.130958557128906 -0.0960235595703125 -0.0767745971679688 -0.092529296875
-0.137306213378906 -0.0687942504882813 -0.05767822265625 -0.0449638366699219
-0.128791809082031 -0.0249481201171875 -0.00608205795288087 -0.00644922256469727
-0.124626159667969 0.0132217407226563 0.0152168273925781 -0.0246696472167969
-0.101119995117188 0.05255126953125 0.0168609619140625 -0.0431671142578125
-0.0784072875976562 0.107513427734375 0.00269317626953125 -0.0482292175292969
-0.040985107421875 0.122657775878906 -0.00981903076171875 -0.0645294189453125
-0.0443496704101563 0.115188598632813 -0.0100326538085937 -0.066009521484375
-0.054412841796875 0.127159118652344 -0.0060882568359375 -0.0592002868652344
-0.0822830200195313 0.110740661621094 0.00344848632812499 -0.0459823608398438
-0.1116943359375 0.0659027099609375 0.00820159912109374 -0.0416717529296875
-0.132827758789063 0.0311355590820313 0.0131683349609375 -0.022186279296875
-0.131263732910156 -0.038848876953125 0.0223808288574219 0.00163459777832031
-0.123916625976563 -0.0844345092773438 -0.027557373046875 0.0160713195800781
-0.129341125488281 -0.100944519042969 -0.0462722778320313 0.00858688354492188
-0.091644287109375 -0.0546035766601562 -0.115562438964844 -0.114814758300781
-0.0883712768554688 -0.0374755859375 -0.08843994140625 -0.0546493530273437
-0.0771255493164063 -0.0127334594726562 -0.0223560333251953 -0.00709342956542969
-0.076019287109375 0.00614166259765624 0.0142269134521484 -0.0309772491455078
-0.0663719177246094 0.0306243896484375 0.0225105285644531 -0.0571975708007813
-0.0586395263671875 0.0730209350585938 0.009796142578125 -0.08062744140625
-0.0350112915039062 0.0854644775390625 -0.00830078124999999 -0.106185913085938
-0.0369949340820313 0.0826339721679688 -0.0106124877929688 -0.108566284179688
-0.049957275390625 0.09124755859375 0.00122070312499999 -0.0997543334960938
-0.0713272094726563 0.072021484375 0.0218353271484375 -0.0780792236328125
-0.088775634765625 0.0328826904296875 0.0237541198730469 -0.0556640625
-0.097625732421875 0.00391387939453124 0.0203723907470703 -0.0264396667480469
-0.0838165283203125 -0.0435409545898438 0.00904750823974609 -0.00478076934814453
-0.0760574340820312 -0.06878662109375 -0.0583267211914063 -0.00739669799804687
-0.0867080688476562 -0.07464599609375 -0.0787353515625 -0.033447265625
-0.0367622375488281 -0.00862503051757813 -0.14105224609375 -0.126663208007813
-0.0252037048339844 -0.00977516174316406 -0.108818054199219 -0.0582962036132813
-0.0187091827392578 -0.00719642639160156 -0.0379791259765625 -0.00429916381835937
-0.0236625671386719 -0.00829505920410156 0.0101051330566406 -0.0298404693603516
-0.0284881591796875 0.00188636779785157 0.0228843688964844 -0.060760498046875
-0.0350131988525391 0.0271968841552734 0.012451171875 -0.0998077392578125
-0.0248832702636719 0.0358085632324219 -0.00734710693359375 -0.132041931152344
-0.0235671997070313 0.037628173828125 -0.0101699829101563 -0.135200500488281
-0.0346412658691406 0.0421028137207031 0.00969696044921876 -0.12432861328125
-0.0436248779296875 0.0267677307128906 0.0397262573242188 -0.09613037109375
-0.0460319519042969 0.00211715698242187 0.0391731262207031 -0.0597076416015625
-0.0425338745117188 -0.0134620666503906 0.0268974304199219 -0.0262203216552734
-0.0265884399414063 -0.0284614562988281 -0.00118255615234375 -0.0106287002563477
-0.0223541259765625 -0.0319252014160156 -0.0750503540039063 -0.0291824340820312
-0.0371780395507813 -0.0315322875976563 -0.0967788696289063 -0.0637893676757813
-0.0224590301513672 -0.0338706970214844 0.112358093261719 0.0481033325195313
-0.0267772674560547 -0.0261001586914062 0.0818252563476563 0.0259475708007813
-0.0371170043945312 -0.00667190551757813 0.00903224945068359 -0.00369644165039063
-0.0265655517578125 0.0147953033447266 -0.0400505065917969 0.0193405151367187
-0.00921440124511719 0.0169467926025391 -0.0554695129394531 0.0501365661621094
0.0041189193725586 0.0169754028320313 -0.045654296875 0.105575561523438
0.00974655151367187 0.0189132690429688 -0.00830078125000001 0.141204833984375
0.00626373291015625 0.0159273147583008 0.0161361694335937 0.1395263671875
0.0122394561767578 0.0155258178710937 0.0135116577148437 0.127250671386719
0.00932693481445312 0.0225009918212891 -0.0096282958984375 0.10308837890625
0.000696182250976563 0.0281314849853516 -0.00915145874023438 0.059478759765625
-0.0137500762939453 0.0314311981201172 0.00818443298339844 0.0227794647216797
-0.0338916778564453 0.0117664337158203 0.0557479858398438 0.017333984375
-0.032012939453125 -0.00826835632324219 0.12994384765625 0.0607986450195313
-0.0261249542236328 -0.00719642639160156 0.140609741210938 0.1522216796875
-0.074493408203125 -0.0831146240234375 0.0976028442382812 0.0374603271484375
-0.0807342529296875 -0.0694046020507812 0.0728683471679688 0.021484375
-0.091278076171875 -0.0353851318359375 0.0163440704345703 -0.00375843048095703
-0.0870742797851563 0.00801086425781249 -0.0330009460449219 0.0125236511230469
-0.0602188110351563 0.0350151062011719 -0.050628662109375 0.0401229858398437
-0.0330581665039063 0.0629844665527344 -0.0455245971679688 0.0970687866210938
-0.00569915771484375 0.072174072265625 -0.011871337890625 0.126960754394531
-0.00773620605468751 0.0656661987304688 0.0129470825195312 0.124031066894531
-0.00171661376953124 0.0694122314453125 0.01068115234375 0.113182067871094
-0.0124664306640625 0.0713729858398438 -0.0111007690429688 0.0935821533203125
-0.0332412719726563 0.0619621276855469 -0.0103034973144531 0.0491828918457031
-0.05657958984375 0.0545082092285156 0.00816631317138671 0.0148754119873047
-0.0840530395507812 0.0125350952148438 0.0629615783691406 0.0111236572265625
-0.0883331298828125 -0.0282745361328125 0.123519897460938 0.0569686889648438
-0.0861129760742187 -0.0416488647460938 0.127777099609375 0.143478393554688
-0.118675231933594 -0.118125915527344 0.0668144226074219 0.0111122131347656
-0.126518249511719 -0.0996475219726563 0.0516014099121094 0.00790405273437499
-0.136184692382813 -0.0537033081054688 0.0196495056152344 -0.00334358215332032
-0.135955810546875 0.00545501708984372 -0.0195255279541016 0.00671768188476563
-0.10205078125 0.0509262084960938 -0.0351600646972656 0.0250625610351563
-0.0640945434570313 0.100105285644531 -0.0358428955078125 0.0739059448242187
-0.0203704833984375 0.11431884765625 -0.0128250122070313 0.09234619140625
-0.0205307006835938 0.1048583984375 0.00696563720703126 0.0887985229492188
-0.0152435302734375 0.112884521484375 0.00386810302734375 0.08294677734375
-0.032958984375 0.111785888671875 -0.012359619140625 0.0705337524414063
-0.063934326171875 0.089752197265625 -0.0111045837402344 0.0312538146972656
-0.095123291015625 0.0728912353515625 0.00811433792114257 0.00608110427856446
-0.125556945800781 0.011474609375 0.0626564025878906 0.007049560546875
-0.133995056152344 -0.0449447631835938 0.100105285644531 0.0521316528320313
-0.133377075195313 -0.0707473754882813 0.0964508056640625 0.122840881347656
-0.1470947265625 -0.12969970703125 0.0235691070556641 -0.023529052734375
-0.157669067382813 -0.104751586914063 0.019256591796875 -0.0100975036621094
-0.161697387695313 -0.0516204833984375 0.0164976119995117 -0.0041046142578125
-0.1610107421875 0.0110015869140625 -0.00458765029907228 -0.00188827514648437
-0.12335205078125 0.06402587890625 -0.0151443481445313 0.00413227081298829
-0.0812149047851562 0.12408447265625 -0.0215644836425781 0.0376167297363281
-0.0295562744140625 0.13916015625 -0.0119667053222656 0.0439109802246094
-0.0303726196289063 0.129043579101563 -0.000640869140624999 0.0412139892578125
-0.0281448364257812 0.140098571777344 -0.00365447998046875 0.0399742126464844
-0.052734375 0.135612487792969 -0.0128135681152344 0.0362014770507813
-0.09063720703125 0.103355407714844 -0.00951671600341797 0.00809192657470704
-0.124504089355469 0.0785980224609375 0.00748825073242187 -0.00327205657958984
-0.1519775390625 0.00341796875000003 0.0534934997558594 0.00465774536132813
-0.159072875976563 -0.0608062744140625 0.0621719360351563 0.0454063415527344
-0.159637451171875 -0.090576171875 0.051055908203125 0.09234619140625
-0.154388427734375 -0.118545532226563 -0.0289764404296875 -0.05859375
-0.164947509765625 -0.0882568359375 -0.0213527679443359 -0.0273399353027344
-0.160980224609375 -0.035369873046875 0.00726175308227538 -0.00530576705932617
-0.156478881835938 0.0202178955078125 0.00747680664062499 -0.0137224197387695
-0.120567321777344 0.0680770874023438 0.00335121154785156 -0.020782470703125
-0.0825881958007813 0.128761291503906 -0.00763797760009766 -0.00599098205566406
-0.03350830078125 0.142059326171875 -0.0121526718139648 -0.0109233856201172
-0.0358505249023438 0.133056640625 -0.00863456726074219 -0.0127658843994141
-0.0392913818359375 0.146575927734375 -0.00960540771484375 -0.00994586944580077
-0.068756103515625 0.136802673339844 -0.0088958740234375 -0.00497055053710937
-0.107490539550781 0.0968170166015625 -0.00468826293945313 -0.0177803039550781
-0.139114379882813 0.066162109375 0.00883865356445311 -0.0131978988647461
-0.1558837890625 -0.0144195556640625 0.0387496948242187 0.00291824340820312
-0.157638549804688 -0.074310302734375 0.016397476196289 0.0345897674560547
-0.159591674804688 -0.0994415283203125 0.000404357910156245 0.053741455078125
-0.135574340820313 -0.0895309448242188 -0.0803451538085938 -0.0877151489257812
-0.139976501464844 -0.0615768432617188 -0.0599937438964844 -0.0411491394042969
-0.12884521484375 -0.018646240234375 -0.00698089599609376 -0.00708246231079102
-0.123870849609375 0.020599365234375 0.0129470825195312 -0.0253028869628906
-0.0983352661132813 0.0576324462890625 0.0153007507324219 -0.0439414978027344
-0.0716171264648437 0.110916137695313 0.00163650512695312 -0.0484886169433594
-0.0330581665039063 0.123542785644531 -0.0131988525390625 -0.0631637573242187
-0.0362930297851563 0.117576599121094 -0.014190673828125 -0.0644874572753906
-0.0456695556640625 0.130279541015625 -0.00896072387695313 -0.0591163635253906
-0.0746536254882812 0.115325927734375 0.00181961059570312 -0.0462417602539063
-0.108070373535156 0.0726547241210938 0.006378173828125 -0.0409660339355469
-0.13055419921875 0.03961181640625 0.012481689453125 -0.0221920013427734
-0.132095336914063 -0.0324783325195313 0.0229473114013672 -0.000928878784179689
-0.127998352050781 -0.0785140991210937 -0.0266780853271484 0.017486572265625
-0.134574890136719 -0.0937652587890625 -0.0459976196289063 0.011077880859375
-0.0932769775390625 -0.0500411987304688 -0.120445251464844 -0.108390808105469
-0.0898056030273437 -0.0327072143554688 -0.0916595458984375 -0.04986572265625
-0.07733154296875 -0.00869750976562501 -0.0226268768310547 -0.00700759887695313
-0.0756454467773438 0.0104141235351563 0.0123977661132812 -0.0319404602050781
-0.0646705627441406 0.0339508056640625 0.0198478698730469 -0.0584449768066406
-0.0536117553710937 0.0754776000976563 0.00631713867187499 -0.0811309814453125
-0.0290603637695313 0.0863418579101563 -0.0143508911132813 -0.1048583984375
-0.0308685302734375 0.084625244140625 -0.0173721313476562 -0.106727600097656
-0.0430374145507813 0.0941925048828125 -0.00466156005859375 -0.0992355346679688
-0.0660018920898438 0.0762176513671875 0.0179901123046875 -0.0790863037109375
-0.0867385864257813 0.037933349609375 0.022064208984375 -0.055999755859375
-0.0966033935546875 0.00994873046875 0.0189609527587891 -0.0270118713378906
-0.0847091674804687 -0.0393142700195313 0.00892162322998047 -0.00634384155273438
-0.0791015625 -0.0654220581054687 -0.0590324401855469 -0.00420761108398438
-0.0911788940429688 -0.06951904296875 -0.0806198120117188 -0.0289840698242187
-0.0365791320800781 -0.00738143920898438 -0.146026611328125 -0.119186401367187
-0.0256729125976563 -0.0085906982421875 -0.110862731933594 -0.0526351928710938
-0.0186824798583984 -0.00599479675292969 -0.0377731323242187 -0.00319290161132812
-0.0238399505615234 -0.00716972351074219 0.00786209106445312 -0.0308628082275391
-0.0284824371337891 0.00337791442871093 0.0199851989746094 -0.06182861328125
-0.0329208374023438 0.0290508270263672 0.0075531005859375 -0.100364685058594
-0.0221977233886719 0.0365066528320313 -0.0157852172851563 -0.130813598632813
-0.0207672119140625 0.0386161804199219 -0.0186004638671875 -0.132919311523438
-0.0314559936523438 0.0442886352539063 0.00198364257812499 -0.124343872070313
-0.0413665771484375 0.0293426513671875 0.0342483520507813 -0.0983657836914063
-0.0458908081054688 0.00448226928710937 0.0362663269042969 -0.0612983703613281
-0.0432243347167969 -0.00993728637695311 0.0255184173583984 -0.0279026031494141
-0.0274906158447266 -0.0271415710449219 -0.00188159942626953 -0.0118741989135742
-0.0242290496826172 -0.0310764312744141 -0.076873779296875 -0.0245819091796875
-0.0386238098144531 -0.0293540954589844 -0.100105285644531 -0.05865478515625
-0.0230274200439453 -0.0320701599121094 0.112091064453125 0.0449447631835938
-0.0271358489990234 -0.0253200531005859 0.0815200805664062 0.0236892700195312
-0.0363082885742188 -0.006134033203125 0.0092477798461914 -0.00397968292236328
-0.0259742736816406 0.0149326324462891 -0.0380477905273438 0.0202407836914062
-0.00838756561279297 0.0172510147094727 -0.0535240173339844 0.0509109497070312
0.00489330291748047 0.0167512893676758 -0.0419464111328125 0.10504150390625
0.0100879669189453 0.0187549591064453 -0.00396728515625001 0.138038635253906
0.00673580169677734 0.0159263610839844 0.0204925537109375 0.135818481445313
0.0128383636474609 0.015101432800293 0.017333984375 0.123977661132812
0.00983047485351563 0.0223178863525391 -0.00656890869140625 0.101890563964844
0.00134086608886719 0.0278663635253906 -0.00752639770507813 0.058441162109375
-0.0125961303710938 0.0307579040527344 0.00829505920410156 0.0223407745361328
-0.0329608917236328 0.0120925903320312 0.0547943115234375 0.0163459777832031
-0.0319347381591797 -0.00729560852050781 0.129318237304688 0.0561676025390625
-0.0250759124755859 -0.00625991821289062 0.140716552734375 0.14581298828125
-0.075286865234375 -0.0794601440429688 0.09698486328125 0.0349044799804687
-0.0804367065429688 -0.0664443969726563 0.0730438232421875 0.01983642578125
-0.0899429321289063 -0.03326416015625 0.0159072875976562 -0.0037994384765625
-0.0853652954101563 0.00990295410156251 -0.0312385559082031 0.0140285491943359
-0.0583000183105469 0.0359153747558594 -0.0484046936035156 0.0410575866699219
-0.029937744140625 0.0621757507324219 -0.0417327880859375 0.0966033935546875
-0.003570556640625 0.0709686279296875 -0.00739288330078126 0.124458312988281
-0.0050048828125 0.0649490356445313 0.0164337158203125 0.120414733886719
0.000900268554687506 0.0680503845214844 0.0141220092773438 0.110382080078125
-0.00991058349609376 0.0710906982421875 -0.00746917724609374 0.0925979614257813
-0.0309638977050781 0.0623207092285156 -0.0086517333984375 0.0481910705566406
-0.0542564392089844 0.0551414489746094 0.0087432861328125 0.0151758193969727
-0.082000732421875 0.013641357421875 0.0623588562011719 0.0093536376953125
-0.0881195068359375 -0.0265274047851562 0.123146057128906 0.0529556274414062
-0.0847396850585938 -0.0392379760742188 0.128021240234375 0.138145446777344
-0.119384765625 -0.113540649414062 0.0662002563476562 0.00990295410156249
-0.126014709472656 -0.094512939453125 0.0512847900390625 0.00716400146484374
-0.133987426757812 -0.0502853393554688 0.0189704895019531 -0.00372695922851563
-0.133163452148438 0.00859069824218748 -0.0192337036132813 0.00750160217285157
-0.0986785888671875 0.0524978637695313 -0.0335979461669922 0.0259532928466797
-0.0590667724609375 0.0993881225585938 -0.0322723388671875 0.0727157592773438
-0.016082763671875 0.112312316894531 -0.00915527343750001 0.0910568237304687
-0.0160903930664062 0.104110717773437 0.00923919677734375 0.0861968994140625
-0.010589599609375 0.111549377441406 0.00649261474609374 0.0809249877929688
-0.0296630859375 0.111114501953125 -0.00963211059570313 0.069915771484375
-0.0608367919921875 0.09033203125 -0.00958061218261719 0.031646728515625
-0.0912628173828125 0.0741806030273438 0.00835323333740234 0.00678777694702149
-0.123222351074219 0.0130538940429688 0.0616340637207031 0.0044097900390625
-0.133316040039063 -0.0423507690429687 0.099395751953125 0.04852294921875
-0.132225036621094 -0.0662078857421875 0.0966949462890625 0.11883544921875
-0.147842407226562 -0.1240234375 0.0228633880615234 -0.0225334167480469
-0.157394409179688 -0.0992279052734375 0.0185775756835937 -0.00972366333007813
-0.159530639648438 -0.04791259765625 0.0162982940673828 -0.00427341461181641
-0.158645629882812 0.0151214599609375 -0.00476980209350587 -0.00120830535888672
-0.119781494140625 0.0657806396484375 -0.0138120651245117 0.00478458404541016
-0.0762557983398437 0.12310791015625 -0.0184059143066406 0.0371665954589844
-0.0249710083007812 0.136566162109375 -0.010498046875 0.0437698364257813
-0.025054931640625 0.12738037109375 0.000274658203125 0.0401992797851563
-0.022979736328125 0.139411926269531 -0.0022430419921875 0.0386466979980469
-0.0478057861328125 0.135040283203125 -0.0102500915527344 0.0360832214355469
-0.0865020751953125 0.10406494140625 -0.00870513916015626 0.00889205932617188
-0.120254516601563 0.0807037353515625 0.00791406631469726 -0.00289058685302734
-0.149368286132812 0.00543212890625003 0.0528755187988281 0.0024871826171875
-0.158111572265625 -0.0574798583984375 0.062347412109375 0.0427436828613281
-0.158721923828125 -0.085296630859375 0.0519180297851562 0.0899124145507813
-0.154647827148438 -0.113021850585937 -0.0290565490722656 -0.0562858581542969
-0.164016723632813 -0.083709716796875 -0.0212440490722656 -0.0260581970214844
-0.15802001953125 -0.0321197509765625 0.00682449340820312 -0.00586938858032227
-0.15374755859375 0.023590087890625 0.00653553009033202 -0.0131006240844727
-0.117698669433594 0.0699234008789063 0.00363540649414062 -0.0202198028564453
-0.0772781372070313 0.128250122070313 -0.00574541091918946 -0.00619268417358398
-0.0288162231445313 0.140052795410156 -0.0119638442993164 -0.0100193023681641
-0.0307693481445312 0.131736755371094 -0.008544921875 -0.0123405456542969
-0.033294677734375 0.145675659179687 -0.00901985168457031 -0.00986766815185546
-0.0632858276367188 0.136634826660156 -0.0078725814819336 -0.00522089004516601
-0.103256225585938 0.0987319946289062 -0.00410842895507813 -0.0168323516845703
-0.135292053222656 0.0687332153320313 0.00885581970214843 -0.0123605728149414
-0.152862548828125 -0.0113372802734375 0.0378265380859375 0.000679016113281249
-0.156951904296875 -0.0709686279296875 0.0173721313476562 0.0336132049560547
-0.159225463867188 -0.0940704345703125 0.0011749267578125 0.0527763366699219
-0.135185241699219 -0.0854721069335938 -0.07977294921875 -0.0839920043945313
-0.139022827148437 -0.0576019287109375 -0.0602188110351563 -0.0388946533203125
-0.126739501953125 -0.0158920288085937 -0.00694704055786134 -0.00748682022094726
-0.12188720703125 0.0233688354492187 0.0114765167236328 -0.0251407623291016
-0.0954360961914063 0.0591049194335937 0.0146675109863281 -0.0432891845703125
-0.0670928955078125 0.11041259765625 0.00122070312499999 -0.0479888916015625
-0.0287704467773438 0.121620178222656 -0.0147628784179688 -0.0609893798828125
-0.0314788818359375 0.116935729980469 -0.0159187316894531 -0.062652587890625
-0.0402984619140625 0.129676818847656 -0.0110816955566406 -0.0579109191894531
-0.0702056884765625 0.115943908691406 0.00152969360351562 -0.0460739135742187
-0.104354858398437 0.0745620727539063 0.00598144531249999 -0.0405120849609375
-0.127021789550781 0.0429153442382812 0.0118789672851562 -0.0212860107421875
-0.129501342773438 -0.0295791625976563 0.0219154357910156 -0.00302886962890625
-0.128250122070313 -0.0759048461914063 -0.0258426666259766 0.0176849365234375
-0.134651184082031 -0.0887374877929688 -0.0452804565429688 0.0118217468261719
-0.0930557250976563 -0.0479049682617187 -0.119606018066406 -0.103973388671875
-0.0888214111328125 -0.0308685302734375 -0.091278076171875 -0.0469818115234375
-0.0756683349609375 -0.00670623779296874 -0.0225791931152344 -0.00664901733398438
-0.07427978515625 0.011627197265625 0.0104465484619141 -0.03155517578125
-0.0630912780761719 0.0349655151367187 0.0182876586914063 -0.0582160949707031
-0.05035400390625 0.0754318237304688 0.0047149658203125 -0.0806961059570313
-0.0257110595703125 0.0848159790039063 -0.017425537109375 -0.102005004882813
-0.0273895263671875 0.0840606689453125 -0.0205764770507813 -0.103599548339844
-0.038787841796875 0.0942230224609375 -0.00751495361328124 -0.0975341796875
-0.0626983642578125 0.0767364501953125 0.0164108276367187 -0.0787124633789063
-0.0841293334960938 0.0392684936523437 0.020538330078125 -0.0554313659667969
-0.0944366455078125 0.0129165649414063 0.0184345245361328 -0.0268974304199219
-0.0836334228515625 -0.0377655029296875 0.00806379318237304 -0.00747108459472657
-0.0801162719726562 -0.0637283325195313 -0.0581512451171875 -0.00242614746093751
-0.0913543701171875 -0.0664825439453125 -0.0802001953125 -0.02655029296875
-0.0353469848632812 -0.0072021484375 -0.145050048828125 -0.113571166992188
-0.0253334045410156 -0.00866317749023438 -0.110191345214844 -0.049072265625
-0.0185356140136719 -0.00571250915527344 -0.037109375 -0.00305557250976563
-0.0235061645507813 -0.00671958923339843 0.006439208984375 -0.0311260223388672
-0.0286960601806641 0.0042877197265625 0.0188217163085937 -0.0617485046386719
-0.0312786102294922 0.0289134979248047 0.00567626953125001 -0.09918212890625
-0.0208663940429687 0.0360870361328125 -0.0191802978515625 -0.126846313476563
-0.0186614990234375 0.0383987426757813 -0.022979736328125 -0.129127502441406
-0.0290603637695313 0.0448951721191406 -0.001922607421875 -0.122535705566406
-0.0398330688476562 0.0299491882324219 0.0314865112304688 -0.0980453491210938
-0.0450019836425781 0.00561904907226563 0.0347442626953125 -0.0608367919921875
-0.0422134399414063 -0.00842285156250001 0.0249290466308594 -0.0276126861572266
-0.0268936157226562 -0.0261459350585938 -0.00268459320068359 -0.0123062133789063
-0.0248012542724609 -0.0307712554931641 -0.0766220092773438 -0.0220108032226563
-0.0390167236328125 -0.0277671813964844 -0.0999603271484375 -0.0550994873046875
-0.0221538543701172 -0.0318641662597656 0.111717224121094 0.0463104248046875
-0.0264873504638672 -0.0255565643310547 0.0819091796875 0.02410888671875
-0.0361328125 -0.00666046142578125 0.00977039337158203 -0.00365447998046875
-0.0263957977294922 0.0146961212158203 -0.0377006530761719 0.0208015441894531
-0.00890350341796875 0.0169496536254883 -0.0534324645996094 0.0509109497070312
0.00516414642333985 0.0163183212280273 -0.0423507690429688 0.104866027832031
0.0104084014892578 0.0187206268310547 -0.00379943847656249 0.137184143066406
0.00699710845947265 0.0159006118774414 0.0206832885742187 0.134468078613281
0.0129880905151367 0.0151729583740234 0.0176315307617188 0.12353515625
0.00986099243164063 0.0223598480224609 -0.00682830810546874 0.102378845214844
0.00083160400390625 0.0280818939208984 -0.00768280029296875 0.0590782165527344
-0.0128955841064453 0.0303230285644531 0.00822067260742188 0.023193359375
-0.0331535339355469 0.0115623474121094 0.0542259216308594 0.0171699523925781
-0.0317630767822266 -0.00806427001953125 0.128105163574219 0.0562744140625
-0.0241870880126953 -0.00672340393066406 0.138275146484375 0.146408081054688
-0.0746383666992188 -0.07940673828125 0.0966796875 0.0365219116210937
-0.0796279907226562 -0.0672531127929688 0.0727386474609375 0.0206756591796875
-0.0890045166015625 -0.0348434448242187 0.0165414810180664 -0.00372791290283203
-0.0852508544921875 0.00923919677734375 -0.031036376953125 0.0150871276855469
-0.0581703186035156 0.0353927612304687 -0.0479545593261719 0.0409126281738281
-0.0298728942871094 0.0611305236816406 -0.041229248046875 0.0960235595703125
-0.0034637451171875 0.0704345703125 -0.00733184814453124 0.124000549316406
-0.0047454833984375 0.0646858215332031 0.0168533325195313 0.118446350097656
0.00140380859375 0.0681877136230469 0.0133438110351563 0.109649658203125
-0.00992584228515624 0.0713958740234375 -0.00727844238281249 0.0924072265625
-0.0317306518554687 0.0626220703125 -0.00854110717773438 0.048828125
-0.0545997619628906 0.0550765991210938 0.00872516632080078 0.0156087875366211
-0.082183837890625 0.0117645263671875 0.0621833801269531 0.00978851318359375
-0.0881729125976562 -0.02777099609375 0.122123718261719 0.052978515625
-0.0836563110351562 -0.0399169921875 0.125900268554688 0.138824462890625
-0.117240905761719 -0.11370849609375 0.0659027099609375 0.0118446350097656
-0.12445068359375 -0.0959014892578125 0.0514717102050781 0.00812911987304687
-0.132316589355469 -0.0530242919921875 0.0192699432373047 -0.00364303588867188
-0.133384704589844 0.00793457031250003 -0.0188236236572266 0.00873947143554688
-0.09906005859375 0.0512466430664063 -0.0326042175292969 0.0255622863769531
-0.059967041015625 0.0984420776367188 -0.0315780639648438 0.0725326538085938
-0.0163421630859375 0.111656188964844 -0.009429931640625 0.0904312133789063
-0.016082763671875 0.103958129882813 0.00917816162109375 0.0847930908203125
-0.0102615356445313 0.111618041992187 0.00624084472656249 0.0799102783203125
-0.0292129516601563 0.111061096191406 -0.00880813598632813 0.0697174072265625
-0.06146240234375 0.090301513671875 -0.00914001464843751 0.0320930480957031
-0.0919952392578125 0.0736770629882813 0.00868177413940429 0.00709676742553711
-0.122962951660156 0.0108108520507812 0.0611572265625 0.004425048828125
-0.133003234863281 -0.0446395874023437 0.0991439819335937 0.048797607421875
-0.130851745605469 -0.0677337646484375 0.09466552734375 0.119583129882812
-0.146499633789063 -0.1243896484375 0.0230216979980469 -0.0214347839355469
-0.155792236328125 -0.100906372070312 0.0186367034912109 -0.00873184204101563
-0.1583251953125 -0.0505218505859375 0.0160093307495117 -0.00430679321289063
-0.15869140625 0.014007568359375 -0.00507164001464845 -0.000634193420410156
-0.120536804199219 0.0646896362304687 -0.0126523971557617 0.00467205047607422
-0.0763473510742188 0.122238159179688 -0.0173072814941406 0.0367050170898438
-0.0257644653320313 0.135383605957031 -0.0097503662109375 0.0438995361328125
-0.0256271362304687 0.127304077148438 0.000286102294921876 0.0398368835449219
-0.0222930908203125 0.139244079589844 -0.00264739990234375 0.0383033752441406
-0.047698974609375 0.134941101074219 -0.00956344604492188 0.0360183715820313
-0.0872879028320313 0.103828430175781 -0.00780200958251954 0.00946044921875001
-0.120468139648438 0.0800094604492188 0.00850772857666015 -0.00170803070068359
-0.148284912109375 0.00308227539062499 0.0520515441894531 0.00177764892578125
-0.15850830078125 -0.0598602294921875 0.0619354248046875 0.0430145263671875
-0.157577514648438 -0.0861053466796875 0.0503082275390625 0.089935302734375
-0.152908325195313 -0.114181518554687 -0.0280876159667969 -0.0551872253417969
-0.162918090820313 -0.0850677490234375 -0.0210609436035156 -0.0254440307617188
-0.156646728515625 -0.0345916748046875 0.0067152976989746 -0.00566196441650391
-0.154022216796875 0.0228271484375 0.00609493255615234 -0.0123291015625
-0.117950439453125 0.0693359375 0.00451469421386718 -0.0202236175537109
-0.0778961181640625 0.126815795898438 -0.00463247299194337 -0.0065021514892578
-0.0293731689453125 0.13897705078125 -0.0112895965576172 -0.00951004028320312
-0.0303421020507813 0.131965637207031 -0.00906753540039063 -0.0126581192016601
-0.0328369140625 0.145355224609375 -0.00935840606689453 -0.00997066497802733
-0.06329345703125 0.136787414550781 -0.00657892227172852 -0.0057692527770996
-0.104026794433594 0.0981826782226563 -0.00280094146728516 -0.0167350769042969
-0.134788513183594 0.0687637329101563 0.00945472717285155 -0.0116395950317383
-0.152191162109375 -0.01409912109375 0.0375785827636719 -0.000373840332031251
-0.15692138671875 -0.073333740234375 0.0166778564453125 0.0335979461669922
-0.157989501953125 -0.0947265625 0.000263214111328112 0.05255126953125
-0.134147644042969 -0.0865707397460937 -0.078125 -0.0842056274414062
-0.138397216796875 -0.0592041015625 -0.0599327087402344 -0.0384979248046875
-0.125907897949219 -0.0182647705078125 -0.00729942321777345 -0.00752162933349609
-0.122161865234375 0.022308349609375 0.0113029479980469 -0.0242156982421875
-0.0962982177734375 0.0585861206054687 0.0150947570800781 -0.0433425903320312
-0.068115234375 0.109375 0.00281524658203125 -0.0484962463378906
-0.0294418334960937 0.120590209960938 -0.0142059326171875 -0.0602188110351563
-0.0312881469726563 0.116226196289063 -0.015533447265625 -0.0614967346191406
-0.0389556884765625 0.129608154296875 -0.01092529296875 -0.0575332641601562
-0.0701904296875 0.115463256835938 0.00226211547851562 -0.0458526611328125
-0.1046142578125 0.07421875 0.00720596313476562 -0.0396461486816406
-0.126571655273438 0.0427169799804687 0.0127887725830078 -0.0208930969238281
-0.128646850585938 -0.0317306518554688 0.0216064453125 -0.00421714782714844
-0.128509521484375 -0.0778274536132812 -0.0261592864990234 0.0177936553955078
-0.133552551269531 -0.0895919799804688 -0.0459251403808594 0.011444091796875
-0.0924224853515625 -0.0493392944335937 -0.117721557617187 -0.104377746582031
-0.08880615234375 -0.0320663452148438 -0.0906524658203125 -0.0468597412109375
-0.075042724609375 -0.00814056396484373 -0.0233707427978516 -0.00744247436523438
-0.0750350952148438 0.0115280151367188 0.0102691650390625 -0.0313529968261719
-0.0642318725585938 0.0349082946777344 0.0192031860351562 -0.0577888488769531
-0.0512466430664062 0.0751419067382813 0.006256103515625 -0.080535888671875
-0.0260238647460938 0.0846023559570313 -0.0168075561523438 -0.100837707519531
-0.0267410278320313 0.0834884643554688 -0.0201492309570313 -0.102317810058594
-0.0381393432617188 0.0939712524414063 -0.00788116455078125 -0.0966720581054687
-0.0627059936523438 0.0769119262695312 0.01678466796875 -0.079010009765625
-0.0843658447265625 0.0393142700195313 0.0218429565429687 -0.0551910400390625
-0.0941009521484375 0.0122604370117187 0.0189418792724609 -0.0267257690429688
-0.0826568603515625 -0.0386581420898437 0.00775527954101562 -0.00887107849121094
-0.0798797607421875 -0.06463623046875 -0.0582504272460938 -0.00255584716796875
-0.0905685424804687 -0.0667266845703125 -0.0802993774414063 -0.027069091796875
-0.0354995727539063 -0.00825119018554688 -0.142471313476563 -0.114761352539063
-0.0252857208251953 -0.0092620849609375 -0.110076904296875 -0.050048828125
-0.0179939270019531 -0.0063629150390625 -0.0377731323242188 -0.00350189208984376
-0.0235309600830078 -0.00684356689453125 0.00623703002929687 -0.0311622619628906
-0.0288772583007813 0.0038909912109375 0.0189476013183594 -0.0620384216308594
-0.031158447265625 0.0290756225585938 0.00688171386718749 -0.0995635986328125
-0.0210990905761719 0.0352935791015625 -0.0186004638671875 -0.125892639160156
-0.0181541442871094 0.0380668640136719 -0.02239990234375 -0.127700805664063
-0.0283393859863281 0.0448989868164063 -0.001617431640625 -0.121253967285156
-0.0397453308105469 0.0298194885253906 0.0318832397460938 -0.0980758666992188
-0.044891357421875 0.00510787963867187 0.0357627868652344 -0.0607032775878906
-0.0418167114257813 -0.00908660888671875 0.0248928070068359 -0.0274581909179688
-0.0262775421142578 -0.02667236328125 -0.00336742401123047 -0.0129337310791016
-0.0249214172363281 -0.0308704376220703 -0.0764312744140625 -0.0221481323242188
-0.0394744873046875 -0.0281028747558594 -0.0995407104492188 -0.0557098388671875
-0.0215930938720703 -0.0327129364013672 0.11431884765625 0.0504150390625
-0.0267562866210938 -0.0270195007324219 0.0836029052734375 0.02655029296875
-0.0371589660644531 -0.00753021240234375 0.0105571746826172 -0.00327587127685547
-0.0273036956787109 0.0150032043457031 -0.0380325317382813 0.021026611328125
-0.00933265686035156 0.0170936584472656 -0.0550270080566406 0.0517539978027344
0.00524425506591797 0.0165338516235352 -0.045013427734375 0.107322692871094
0.0108890533447266 0.0196475982666016 -0.00575256347656251 0.140975952148438
0.00712680816650391 0.0171518325805664 0.0196762084960937 0.13726806640625
0.0134639739990234 0.0161352157592773 0.0164031982421875 0.126510620117188
0.0100517272949219 0.0237064361572266 -0.00790405273437499 0.105308532714844
0.000144958496093752 0.0293598175048828 -0.00898361206054688 0.0611495971679688
-0.0141372680664063 0.0310134887695312 0.00809288024902344 0.0242786407470703
-0.0346698760986328 0.0109405517578125 0.0558738708496094 0.0189895629882813
-0.0327987670898438 -0.00910377502441406 0.130790710449219 0.0594940185546875
-0.0235214233398437 -0.0078887939453125 0.13812255859375 0.153884887695313
-0.0745773315429687 -0.0821304321289063 0.0986480712890625 0.04034423828125
-0.0801925659179688 -0.070526123046875 0.0742263793945313 0.0228805541992187
-0.0905532836914063 -0.038299560546875 0.0172977447509766 -0.00324726104736328
-0.0883407592773438 0.00807952880859376 -0.03125 0.0156383514404297
-0.0609283447265625 0.0354232788085937 -0.04986572265625 0.0416831970214844
-0.0315361022949219 0.0624275207519531 -0.0431137084960938 0.098297119140625
-0.00410461425781249 0.07220458984375 -0.00888061523437499 0.126777648925781
-0.00563812255859375 0.0671424865722656 0.0156097412109375 0.121185302734375
0.00118255615234375 0.0705413818359375 0.0127410888671875 0.112045288085938
-0.0110702514648438 0.073486328125 -0.00810241699218749 0.0947189331054688
-0.0339317321777344 0.0647163391113281 -0.00949478149414062 0.0504798889160156
-0.0576820373535156 0.0556831359863281 0.00906181335449218 0.0168552398681641
-0.0850982666015625 0.0100479125976563 0.0633697509765625 0.0109443664550781
-0.091033935546875 -0.030853271484375 0.124610900878906 0.0562820434570313
-0.0843963623046875 -0.042694091796875 0.126022338867188 0.145355224609375
-0.11871337890625 -0.118843078613281 0.0680923461914062 0.0144920349121094
-0.126899719238281 -0.100738525390625 0.0523910522460937 0.00980377197265624
-0.135353088378906 -0.0577239990234375 0.019866943359375 -0.00315666198730469
-0.137771606445313 0.00624847412109372 -0.01885986328125 0.00894737243652343
-0.103019714355469 0.0512008666992187 -0.0333709716796875 0.0259876251220703
-0.062957763671875 0.100128173828125 -0.032440185546875 0.0738601684570312
-0.0183486938476562 0.113777160644531 -0.0100860595703125 0.0931549072265625
-0.017547607421875 0.107093811035156 0.00814056396484374 0.087005615234375
-0.0113601684570313 0.11505126953125 0.00521850585937499 0.0816268920898438
-0.0311126708984375 0.114341735839844 -0.00899505615234375 0.0714340209960938
-0.0649261474609375 0.09295654296875 -0.00938606262207032 0.0331020355224609
-0.0958404541015625 0.0749130249023438 0.00925827026367187 0.0081167221069336
-0.126998901367188 0.00759887695312501 0.0623435974121094 0.00537872314453125
-0.137161254882813 -0.04913330078125 0.101219177246094 0.0516281127929688
-0.133186340332031 -0.0721359252929688 0.0943069458007812 0.124557495117188
-0.147537231445313 -0.130203247070313 0.0244331359863281 -0.0203876495361328
-0.158798217773438 -0.106781005859375 0.0189685821533203 -0.00801658630371094
-0.161361694335938 -0.0568389892578125 0.0164260864257812 -0.00410079956054688
-0.163650512695313 0.0122833251953125 -0.00501966476440431 0.000443458557128906
-0.125602722167969 0.0643463134765625 -0.0124845504760742 0.00520610809326172
-0.0806121826171875 0.12432861328125 -0.017181396484375 0.0373153686523438
-0.0283584594726563 0.138710021972656 -0.0101089477539063 0.04510498046875
-0.0269775390625 0.130844116210938 -0.000576019287109373 0.0401191711425781
-0.0240020751953125 0.14349365234375 -0.00359344482421875 0.0391311645507813
-0.0506820678710938 0.138710021972656 -0.00942230224609376 0.0358619689941406
-0.091949462890625 0.106483459472656 -0.00731945037841797 0.00949764251708985
-0.125450134277344 0.0811233520507812 0.00930213928222656 -0.00103187561035156
-0.153350830078125 -0.00109863281249999 0.0528755187988281 0.00124740600585938
-0.163070678710938 -0.06536865234375 0.0627937316894531 0.0453605651855469
-0.1595458984375 -0.0913238525390625 0.0498199462890625 0.0940017700195312
-0.15557861328125 -0.119918823242188 -0.0272369384765625 -0.0558891296386719
-0.166854858398438 -0.090911865234375 -0.0212230682373047 -0.0259284973144531
-0.16094970703125 -0.040802001953125 0.00646162033081054 -0.00603580474853516
-0.15936279296875 0.021026611328125 0.0063037872314453 -0.0116434097290039
-0.123367309570313 0.069244384765625 0.00568008422851562 -0.0207080841064453
-0.08172607421875 0.129470825195313 -0.00376033782958985 -0.00684547424316405
-0.03204345703125 0.141860961914063 -0.0111026763916016 -0.00931453704833984
-0.032440185546875 0.135269165039063 -0.00876426696777344 -0.0122890472412109
-0.0347900390625 0.149734497070313 -0.00972270965576172 -0.0103187561035156
-0.0666961669921875 0.140151977539063 -0.00636339187622071 -0.00651121139526366
-0.109085083007813 0.0997467041015625 -0.00198650360107423 -0.0168533325195312
-0.140174865722656 0.0688705444335938 0.0104169845581055 -0.0117635726928711
-0.15643310546875 -0.01873779296875 0.0378952026367187 -0.00104141235351563
-0.161468505859375 -0.07940673828125 0.0163288116455078 0.0350608825683594
-0.16058349609375 -0.10040283203125 -0.00143814086914064 0.054931640625
-0.137229919433594 -0.0919418334960937 -0.0775833129882813 -0.08734130859375
-0.141769409179688 -0.0635223388671875 -0.061004638671875 -0.0402603149414062
-0.129005432128906 -0.0224380493164063 -0.00772666931152344 -0.00750494003295899
-0.1263427734375 0.0211105346679687 0.0112228393554687 -0.0241565704345703
-0.100883483886719 0.0590286254882813 0.0174064636230469 -0.0451164245605469
-0.0712738037109375 0.112091064453125 0.00473403930664062 -0.0502586364746094
-0.0318832397460938 0.123306274414063 -0.0132904052734375 -0.0618629455566406
-0.0330276489257812 0.119392395019531 -0.0155906677246094 -0.0630378723144531
-0.041259765625 0.133056640625 -0.0110740661621094 -0.0596656799316406
-0.0731887817382812 0.118690490722656 0.00332260131835937 -0.0480155944824219
-0.108955383300781 0.0749130249023438 0.00896072387695312 -0.0406723022460937
-0.131111145019531 0.0422210693359375 0.013763427734375 -0.0206050872802734
-0.13201904296875 -0.0363006591796875 0.0213260650634766 -0.00478553771972657
-0.132194519042969 -0.0830764770507813 -0.0273857116699219 0.0181808471679687
-0.135673522949219 -0.0940322875976563 -0.047698974609375 0.0111274719238281
-0.0946197509765625 -0.0528564453125 -0.118400573730469 -0.109352111816406
-0.0915756225585938 -0.0346145629882813 -0.0926513671875 -0.050048828125
-0.0770645141601563 -0.0109329223632813 -0.0238590240478516 -0.00812911987304687
-0.0774002075195313 0.0108642578125 0.0105514526367187 -0.0323085784912109
-0.0671501159667969 0.0349769592285156 0.02105712890625 -0.0593833923339844
-0.0535812377929688 0.0767898559570312 0.00813293457031249 -0.0838623046875
-0.0282669067382813 0.0858840942382813 -0.0161056518554687 -0.103286743164063
-0.0281219482421875 0.0854415893554688 -0.0200424194335938 -0.103813171386719
-0.0400772094726563 0.0963821411132813 -0.00702667236328125 -0.0995254516601563
-0.06488037109375 0.0787353515625 0.0188674926757812 -0.081268310546875
-0.0879592895507813 0.0388336181640625 0.0238685607910156 -0.0566062927246094
-0.0969467163085938 0.0121002197265625 0.0202198028564453 -0.0267353057861328
-0.0843658447265625 -0.0420989990234375 0.00727844238281249 -0.00967979431152344
-0.0819854736328125 -0.0687789916992188 -0.0601997375488281 -0.00317764282226564
-0.0923080444335938 -0.0698776245117188 -0.0824508666992187 -0.0294952392578125
-0.0363616943359375 -0.0092926025390625 -0.1434326171875 -0.121063232421875
-0.0263385772705078 -0.0100746154785156 -0.112625122070313 -0.0534591674804688
-0.0180606842041016 -0.00646781921386719 -0.038604736328125 -0.00448226928710938
-0.0241584777832031 -0.00741004943847656 0.00592422485351562 -0.0319290161132813
-0.0302028656005859 0.00372314453125001 0.020538330078125 -0.0637435913085937
-0.0329856872558594 0.0301132202148437 0.00847625732421876 -0.103263854980469
-0.0220527648925781 0.0357856750488281 -0.0175857543945312 -0.12945556640625
-0.0189170837402344 0.03863525390625 -0.0216751098632813 -0.130271911621094
-0.029632568359375 0.0459823608398438 -0.000755310058593763 -0.12432861328125
-0.0415916442871094 0.0304641723632812 0.0342025756835938 -0.100860595703125
-0.0463142395019531 0.00429916381835938 0.0382652282714844 -0.0621261596679688
-0.0430259704589844 -0.00888061523437499 0.026611328125 -0.0279006958007813
-0.0265560150146484 -0.0285282135009766 -0.00416851043701172 -0.0139799118041992
-0.0263328552246094 -0.0325832366943359 -0.0787734985351563 -0.0233306884765625
-0.0397911071777344 -0.0290794372558594 -0.101570129394531 -0.0596542358398438
-0.0224838256835937 -0.0343170166015625 0.12127685546875 0.054473876953125
-0.0278968811035156 -0.0289688110351562 0.089447021484375 0.02862548828125
-0.0392112731933594 -0.0084991455078125 0.0115795135498047 -0.00343227386474609
-0.0286579132080078 0.0164833068847656 -0.039337158203125 0.0227279663085938
-0.00995826721191406 0.0179576873779297 -0.0577735900878906 0.0550079345703125
0.00547599792480469 0.0172567367553711 -0.0474929809570313 0.113853454589844
0.0116653442382812 0.0204944610595703 -0.0053863525390625 0.148635864257812
0.00767135620117187 0.0182628631591797 0.0211181640625 0.1439208984375
0.0147256851196289 0.0172452926635742 0.0175628662109375 0.133529663085938
0.0107173919677734 0.0255069732666016 -0.00801849365234376 0.111824035644531
0.000215530395507814 0.0316162109375 -0.00936126708984375 0.0653343200683594
-0.0150241851806641 0.0329837799072266 0.00860977172851562 0.0262680053710938
-0.037139892578125 0.0109405517578125 0.0588569641113281 0.0207328796386719
-0.0350627899169922 -0.0100154876708984 0.138160705566406 0.0628204345703125
-0.0243015289306641 -0.00927543640136719 0.145217895507813 0.1632080078125
-0.077728271484375 -0.0874176025390625 0.104087829589844 0.0443572998046875
-0.0850753784179688 -0.0749053955078125 0.0791091918945313 0.0251388549804688
-0.0955352783203125 -0.0414657592773438 0.0184726715087891 -0.00329017639160157
-0.0932693481445312 0.00881958007812501 -0.0326633453369141 0.0172767639160156
-0.0646324157714844 0.0371131896972656 -0.0512466430664063 0.0439071655273438
-0.0337677001953125 0.0655632019042969 -0.0455322265625 0.104698181152344
-0.00429534912109375 0.0761795043945313 -0.0086212158203125 0.133811950683594
-0.00563812255859376 0.0715408325195312 0.0164718627929688 0.127609252929688
0.00190734863281251 0.074981689453125 0.013031005859375 0.118316650390625
-0.0113525390625 0.077972412109375 -0.0084075927734375 0.100067138671875
-0.0361862182617188 0.0691070556640625 -0.0100746154785156 0.0540275573730469
-0.0608749389648438 0.0591239929199219 0.010040283203125 0.0187225341796875
-0.09112548828125 0.00982666015624999 0.0666313171386719 0.011627197265625
-0.0968704223632813 -0.033966064453125 0.131782531738281 0.0594863891601562
-0.0889663696289062 -0.0461349487304688 0.132171630859375 0.154525756835938
-0.124641418457031 -0.125167846679688 0.07257080078125 0.01715087890625
-0.133987426757812 -0.1077880859375 0.0550880432128906 0.0116691589355469
-0.14263916015625 -0.0636138916015625 0.0213413238525391 -0.00234413146972657
-0.145584106445313 0.005645751953125 -0.0199165344238281 0.0109233856201172
-0.110214233398438 0.053466796875 -0.0341606140136719 0.0277786254882813
-0.0666275024414062 0.105216979980469 -0.0331573486328125 0.0780715942382813
-0.0196685791015625 0.120193481445313 -0.010284423828125 0.0984115600585938
-0.0176849365234375 0.113777160644531 0.00853729248046876 0.0919647216796875
-0.011260986328125 0.122550964355469 0.00508880615234375 0.0861434936523438
-0.032501220703125 0.121635437011719 -0.00988769531250001 0.0750808715820313
-0.0693817138671875 0.0984039306640625 -0.00921630859375001 0.0352439880371094
-0.101966857910156 0.079437255859375 0.0101356506347656 0.00963115692138672
-0.135063171386719 0.00643920898437501 0.0649566650390625 0.0051422119140625
-0.146484375 -0.0535888671875 0.1064453125 0.0545425415039062
-0.140243530273438 -0.0766525268554687 0.0989456176757812 0.132972717285156
-0.156097412109375 -0.137863159179687 0.0265026092529297 -0.0200996398925781
-0.168106079101562 -0.113555908203125 0.0196819305419922 -0.00730895996093751
-0.171096801757813 -0.0624847412109375 0.0173349380493164 -0.00373172760009766
-0.174057006835938 0.0121002197265625 -0.00515270233154298 0.00191259384155274
-0.133743286132813 0.0680770874023438 -0.0123310089111328 0.0054006576538086
-0.08563232421875 0.131118774414063 -0.016876220703125 0.0390052795410156
-0.0304107666015625 0.14617919921875 -0.00978469848632813 0.0480003356933594
-0.0284576416015625 0.139328002929688 -0.000644683837890623 0.04296875
-0.0243988037109375 0.151885986328125 -0.00401687622070313 0.0416183471679688
-0.052703857421875 0.147384643554687 -0.00942611694335938 0.0379791259765625
-0.0982666015625 0.113899230957031 -0.00688552856445313 0.0104732513427734
-0.133750915527344 0.0861740112304688 0.0103826522827148 -0.000741958618164057
-0.16339111328125 -0.00314331054687501 0.0551185607910156 0.000766754150390625
-0.1741943359375 -0.070831298828125 0.0659904479980469 0.0474624633789062
-0.168960571289063 -0.097259521484375 0.051605224609375 0.100090026855469
-0.164321899414062 -0.12725830078125 -0.0276985168457031 -0.0585899353027344
-0.176803588867187 -0.096435546875 -0.0234470367431641 -0.0263767242431641
-0.17059326171875 -0.0452117919921875 0.00695419311523436 -0.00565528869628907
-0.169631958007813 0.0214996337890625 0.00681114196777343 -0.0109663009643555
-0.131690979003906 0.0734024047851563 0.00656318664550781 -0.0219936370849609
-0.0866165161132813 0.137237548828125 -0.00269889831542969 -0.00811147689819335
-0.0346221923828125 0.149749755859375 -0.0108623504638672 -0.00963401794433593
-0.0340728759765625 0.143966674804687 -0.00991916656494141 -0.0122442245483398
-0.035675048828125 0.158721923828125 -0.0107383728027344 -0.010890007019043
-0.0698394775390625 0.14935302734375 -0.00649452209472657 -0.00740718841552733
-0.116928100585938 0.106475830078125 -0.00127029418945313 -0.0180416107177734
-0.148300170898438 0.0735931396484375 0.0117626190185547 -0.0118827819824219
-0.166671752929688 -0.0213775634765625 0.0389442443847656 -0.00178146362304688
-0.172698974609375 -0.085052490234375 0.0170860290527344 0.0368385314941406
-0.169479370117187 -0.10687255859375 -0.00231933593750001 0.0583953857421875
-0.144729614257813 -0.097900390625 -0.0813064575195313 -0.0919113159179688
-0.150955200195313 -0.067779541015625 -0.0651741027832032 -0.0421028137207031
-0.137321472167969 -0.0263214111328125 -0.00802183151245118 -0.00797080993652344
-0.134750366210938 0.0225296020507813 0.0118255615234375 -0.0248222351074219
-0.107994079589844 0.06292724609375 0.0186805725097656 -0.0471115112304687
-0.0759353637695313 0.118629455566406 0.00558090209960937 -0.0540657043457031
-0.034210205078125 0.130195617675781 -0.0134696960449219 -0.0645828247070313
-0.0344772338867188 0.126495361328125 -0.0166854858398438 -0.0655174255371094
-0.0426483154296875 0.141571044921875 -0.0124549865722656 -0.0620956420898437
-0.0772705078125 0.126213073730469 0.00356292724609375 -0.0506629943847656
-0.116569519042969 0.079803466796875 0.010040283203125 -0.0435256958007812
-0.138824462890625 0.0451736450195313 0.0155200958251953 -0.0219631195068359
-0.140083312988281 -0.039306640625 0.0221614837646484 -0.00588226318359375
-0.1409912109375 -0.089447021484375 -0.0289173126220703 0.0190639495849609
-0.143280029296875 -0.0996856689453125 -0.0511360168457031 0.0120697021484375
-0.100723266601563 -0.0564117431640625 -0.123550415039063 -0.115798950195313
-0.0982284545898437 -0.0369873046875 -0.0982666015625 -0.052978515625
-0.0822982788085938 -0.0128173828125 -0.0253658294677734 -0.00873947143554688
-0.0826263427734375 0.0111083984375 0.0104885101318359 -0.0335350036621094
-0.0721054077148437 0.0374832153320313 0.0227928161621094 -0.0631179809570313
-0.056671142578125 0.0815200805664062 0.00936126708984375 -0.0892105102539063
-0.0302581787109375 0.091278076171875 -0.0164947509765625 -0.108856201171875
-0.0296554565429687 0.0901031494140625 -0.0211944580078125 -0.108818054199219
-0.0410079956054687 0.102821350097656 -0.00794982910156251 -0.104446411132813
-0.0688705444335937 0.0836563110351563 0.019195556640625 -0.0866851806640625
-0.0937423706054687 0.0414199829101563 0.0259475708007812 -0.0599403381347656
-0.102409362792969 0.0126800537109375 0.0221138000488281 -0.0280094146728516
-0.0895004272460938 -0.0459823608398438 0.0067148208618164 -0.0112466812133789
-0.0877532958984375 -0.0736007690429688 -0.0636177062988281 -0.00321578979492187
-0.0977096557617188 -0.0737533569335937 -0.0876541137695313 -0.0309295654296875
-0.0395050048828125 -0.0103797912597656 -0.150222778320313 -0.12939453125
-0.0289955139160156 -0.0107440948486328 -0.119796752929688 -0.0569534301757813
-0.0192985534667969 -0.0075836181640625 -0.0408935546875 -0.00523376464843749
-0.02618408203125 -0.00856208801269532 0.00564765930175781 -0.0340023040771484
-0.0324745178222656 0.00425529479980468 0.0221481323242187 -0.06787109375
-0.0349788665771484 0.0321483612060547 0.00878906250000001 -0.10992431640625
-0.0238533020019531 0.0382118225097656 -0.0183868408203125 -0.136756896972656
-0.0196151733398438 0.0404472351074219 -0.0230560302734375 -0.136016845703125
-0.0301437377929688 0.0488662719726562 -0.00125122070312499 -0.130821228027344
-0.0433464050292969 0.0326576232910156 0.0353012084960937 -0.106925964355469
-0.0494575500488281 0.00441741943359375 0.0407257080078125 -0.065521240234375
-0.0451431274414063 -0.00976943969726562 0.0280685424804688 -0.0294704437255859
-0.0278129577636719 -0.0301189422607422 -0.00502395629882813 -0.0151519775390625
-0.0286369323730469 -0.0346431732177734 -0.0837326049804688 -0.0246429443359375
-0.0421371459960938 -0.0306968688964844 -0.107582092285156 -0.0632858276367188
-0.0241241455078125 -0.0361404418945313 0.131980895996094 0.0549163818359375
-0.0312442779541016 -0.030303955078125 0.0968780517578125 0.028106689453125
-0.0414466857910156 -0.00859451293945312 0.0122957229614258 -0.00430870056152344
-0.03009033203125 0.0182781219482422 -0.0400924682617188 0.0256309509277344
-0.0103607177734375 0.0197772979736328 -0.0602951049804688 0.06085205078125
0.0058746337890625 0.0180530548095703 -0.0462112426757812 0.123741149902344
0.0133457183837891 0.020965576171875 -0.000335693359375001 0.158050537109375
0.00940513610839844 0.0192852020263672 0.027008056640625 0.151199340820312
0.0166301727294922 0.0175561904907227 0.0234222412109375 0.141738891601563
0.0125617980957031 0.0265731811523438 -0.00428009033203125 0.119728088378906
0.00103378295898438 0.0342140197753906 -0.00808715820312501 0.0705337524414063
-0.0155258178710938 0.0352401733398438 0.0102443695068359 0.0286293029785156
-0.04022216796875 0.0129356384277344 0.0633087158203125 0.0205039978027344
-0.0381507873535156 -0.00994491577148438 0.148849487304688 0.0615692138671875
-0.0258464813232422 -0.00934791564941407 0.1591796875 0.169296264648438
-0.0854873657226563 -0.0906143188476562 0.113822937011719 0.04541015625
-0.0930633544921875 -0.0779953002929688 0.08489990234375 0.025634765625
-0.103569030761719 -0.0429763793945312 0.0198841094970703 -0.00376319885253907
-0.0991363525390625 0.0127029418945313 -0.0330791473388672 0.0196132659912109
-0.0688667297363281 0.0414161682128906 -0.0530853271484375 0.0490379333496094
-0.0337905883789063 0.070587158203125 -0.0439071655273438 0.112998962402344
-0.00264739990234374 0.0808486938476563 -0.00396728515625 0.142532348632813
-0.0029754638671875 0.0763015747070313 0.0211868286132812 0.134086608886719
0.004913330078125 0.079803466796875 0.0180130004882813 0.12530517578125
-0.00904083251953125 0.084381103515625 -0.00555419921875001 0.107620239257813
-0.0362548828125 0.0752029418945313 -0.0077667236328125 0.0582160949707031
-0.0636215209960938 0.0657119750976563 0.0115547180175781 0.0200881958007813
-0.0975570678710938 0.012359619140625 0.0706787109375 0.0101470947265625
-0.105621337890625 -0.0335540771484375 0.142913818359375 0.058197021484375
-0.0957183837890625 -0.0466384887695312 0.14581298828125 0.161575317382813
-0.135948181152344 -0.129966735839844 0.0780792236328125 0.0168685913085937
-0.14727783203125 -0.110702514648437 0.0593605041503906 0.0118293762207031
-0.154296875 -0.064727783203125 0.0227832794189453 -0.00335884094238282
-0.156295776367188 0.0111236572265625 -0.0203857421875 0.0130729675292969
-0.116752624511719 0.060791015625 -0.0352973937988281 0.0306625366210938
-0.067962646484375 0.114669799804688 -0.0319747924804688 0.08416748046875
-0.0171737670898438 0.128776550292969 -0.00667572021484375 0.105064392089844
-0.0148162841796875 0.122085571289062 0.0118484497070312 0.0973358154296875
-0.00727081298828126 0.130599975585938 0.00810241699218749 0.0920562744140625
-0.0301513671875 0.131301879882813 -0.00760650634765625 0.0794677734375
-0.07110595703125 0.109176635742188 -0.00875473022460938 0.0380973815917969
-0.106185913085938 0.0893783569335937 0.0115499496459961 0.00992774963378907
-0.145050048828125 0.0106964111328125 0.0687408447265625 0.00288009643554688
-0.15966796875 -0.052886962890625 0.115394592285156 0.054656982421875
-0.151947021484375 -0.0783538818359375 0.108978271484375 0.139427185058594
-0.170486450195312 -0.142242431640625 0.0287857055664062 -0.0205230712890625
-0.182907104492188 -0.11602783203125 0.0204696655273437 -0.00698471069335938
-0.1854248046875 -0.0641021728515625 0.0185813903808594 -0.00456619262695313
-0.18585205078125 0.0185394287109375 -0.00470018386840821 0.0032801628112793
-0.141494750976563 0.0780181884765625 -0.0123434066772461 0.00552368164062501
-0.087127685546875 0.142410278320313 -0.015838623046875 0.0414962768554688
-0.0272369384765625 0.15728759765625 -0.00811767578125 0.051177978515625
-0.0248870849609375 0.150177001953125 0.000522613525390622 0.0461235046386719
-0.0191192626953125 0.1632080078125 -0.00306320190429687 0.0450019836425781
-0.0510711669921875 0.159805297851563 -0.00887298583984375 0.0394706726074219
-0.101165771484375 0.126518249511719 -0.00669574737548829 0.0113344192504883
-0.140281677246094 0.0970611572265625 0.0118236541748047 -0.0008249282836914
-0.175918579101563 0.000228881835937516 0.0572471618652344 -0.00179672241210937
-0.189559936523438 -0.07073974609375 0.0717926025390625 0.0484237670898437
-0.183242797851563 -0.0987396240234375 0.0576324462890625 0.106094360351562
-0.17950439453125 -0.1317138671875 -0.0300788879394531 -0.0605545043945313
-0.192306518554688 -0.097381591796875 -0.0264987945556641 -0.0263633728027344
-0.18463134765625 -0.0452728271484375 0.0078754425048828 -0.00612783432006836
-0.18157958984375 0.0289764404296875 0.00677299499511718 -0.0113124847412109
-0.139328002929688 0.0831146240234375 0.00715637207031249 -0.0237712860107422
-0.0885772705078125 0.148971557617188 -0.00219535827636719 -0.00941753387451171
-0.0321197509765625 0.1611328125 -0.0109519958496094 -0.0101680755615234
-0.0307464599609375 0.15576171875 -0.0111351013183594 -0.0119762420654297
-0.031524658203125 0.170684814453125 -0.0119466781616211 -0.0105476379394531
-0.06927490234375 0.162811279296875 -0.00699138641357422 -0.00811147689819335
-0.121574401855469 0.119377136230469 -0.00124549865722657 -0.0194377899169922
-0.156478881835938 0.084136962890625 0.0130138397216797 -0.0131759643554687
-0.179672241210938 -0.0192718505859375 0.0399742126464844 -0.00432968139648438
-0.189010620117188 -0.0861968994140625 0.0193672180175781 0.0382194519042969
-0.1842041015625 -0.1090087890625 -0.000461578369140633 0.062896728515625
-0.157318115234375 -0.099945068359375 -0.0889663696289063 -0.0950241088867187
-0.164657592773438 -0.067413330078125 -0.0712814331054688 -0.041595458984375
-0.148406982421875 -0.0254669189453125 -0.00876712799072267 -0.00843620300292969
-0.144485473632813 0.02838134765625 0.011810302734375 -0.0262184143066406
-0.114089965820313 0.0708770751953125 0.0190010070800781 -0.0516777038574219
-0.0761489868164062 0.130096435546875 0.004547119140625 -0.0584564208984375
-0.032073974609375 0.140327453613281 -0.0159416198730469 -0.068511962890625
-0.0323715209960937 0.136924743652344 -0.0198631286621094 -0.068359375
-0.03912353515625 0.1524658203125 -0.0156631469726563 -0.0653610229492187
-0.07708740234375 0.138069152832031 0.00157546997070312 -0.0552940368652344
-0.122299194335938 0.0899505615234375 0.0101432800292969 -0.0467071533203125
-0.146896362304687 0.053436279296875 0.0165290832519531 -0.0242557525634766
-0.151519775390625 -0.0392608642578125 0.0220565795898437 -0.00807952880859375
-0.154891967773438 -0.090850830078125 -0.0308856964111328 0.0213832855224609
-0.155838012695313 -0.101089477539062 -0.0546455383300781 0.0152435302734375
-0.109329223632813 -0.0570449829101563 -0.134590148925781 -0.120155334472656
-0.106857299804688 -0.0360565185546875 -0.10791015625 -0.0520172119140625
-0.0889434814453125 -0.0118255615234375 -0.027130126953125 -0.00838661193847657
-0.0890121459960937 0.0145034790039062 0.00993728637695312 -0.0353889465332031
-0.0766372680664063 0.0424728393554688 0.022369384765625 -0.0687026977539063
-0.0572433471679688 0.0895538330078125 0.00714111328124999 -0.0965347290039063
-0.0294570922851562 0.09814453125 -0.0206298828125 -0.115104675292969
-0.0276412963867188 0.0973358154296875 -0.0262985229492188 -0.114639282226563
-0.0394210815429688 0.111305236816406 -0.0124740600585937 -0.109977722167969
-0.0701828002929688 0.0924072265625 0.0172500610351563 -0.0931396484375
-0.098907470703125 0.04803466796875 0.0259895324707031 -0.0653800964355469
-0.108268737792969 0.017303466796875 0.0226974487304687 -0.0316505432128906
-0.0976638793945313 -0.0460433959960938 0.00581359863281249 -0.0132684707641602
-0.0977783203125 -0.076416015625 -0.0684776306152344 -0.00109863281250001
-0.10638427734375 -0.0759124755859375 -0.0941390991210938 -0.0304946899414063
-0.042877197265625 -0.00994491577148438 -0.163467407226563 -0.133834838867187
-0.031951904296875 -0.0106029510498047 -0.129776000976563 -0.057464599609375
-0.0209541320800781 -0.00831985473632813 -0.0443801879882813 -0.00437545776367188
-0.0286026000976562 -0.00844192504882813 0.00465011596679687 -0.0365638732910156
-0.0347881317138672 0.00610160827636719 0.0219802856445312 -0.0737762451171875
-0.0356559753417969 0.0364189147949219 0.0054931640625 -0.117668151855469
-0.0240745544433594 0.0419273376464844 -0.02447509765625 -0.144699096679688
-0.019561767578125 0.0439529418945312 -0.029205322265625 -0.143386840820313
-0.03021240234375 0.0534515380859375 -0.00621795654296874 -0.139602661132813
-0.0454483032226563 0.0370101928710938 0.03363037109375 -0.115013122558594
-0.0529747009277344 0.00645828247070313 0.0409164428710938 -0.0723419189453125
-0.0479698181152344 -0.00869369506835938 0.02935791015625 -0.0321540832519531
-0.0313510894775391 -0.0315055847167969 -0.00727939605712891 -0.0163974761962891
-0.0318794250488281 -0.0362739562988281 -0.0900726318359375 -0.0232620239257813
-0.0461921691894531 -0.0309600830078125 -0.116744995117188 -0.0651779174804687
-0.0266685485839844 -0.0370445251464844 0.141921997070313 0.050445556640625
-0.0334873199462891 -0.0301132202148438 0.102981567382813 0.0238876342773437
-0.0444259643554688 -0.0062408447265625 0.0134334564208984 -0.00576019287109375
-0.0298480987548828 0.0206642150878906 -0.0392341613769531 0.029571533203125
-0.00944900512695313 0.0212993621826172 -0.0586776733398438 0.0675048828125
0.00710105895996094 0.0179214477539063 -0.0400848388671875 0.132652282714844
0.0157413482666016 0.0206375122070313 0.0099334716796875 0.165390014648438
0.01165771484375 0.0193576812744141 0.0369720458984375 0.156204223632813
0.0181026458740234 0.0164947509765625 0.033172607421875 0.146759033203125
0.0152969360351563 0.0280494689941406 0.00226593017578124 0.126091003417969
0.00315475463867187 0.0360260009765625 -0.00428009033203124 0.0737686157226563
-0.0138359069824219 0.0378074645996094 0.0117702484130859 0.0298500061035156
-0.0411911010742188 0.0156059265136719 0.0682716369628906 0.0178184509277344
-0.0413665771484375 -0.00838088989257813 0.16033935546875 0.055511474609375
-0.0270767211914062 -0.00950050354003907 0.176956176757813 0.168472290039063
-0.0947494506835937 -0.09033203125 0.122596740722656 0.040924072265625
-0.101356506347656 -0.0759201049804688 0.0904388427734375 0.0220718383789062
-0.111122131347656 -0.0401840209960938 0.0211048126220703 -0.0050201416015625
-0.102745056152344 0.0195083618164063 -0.0327587127685547 0.0228500366210938
-0.0709762573242188 0.0483169555664062 -0.0509529113769531 0.0534286499023438
-0.0322647094726562 0.0756149291992188 -0.0369338989257813 0.121589660644531
0.00247192382812501 0.0847549438476563 0.00581359863281252 0.149368286132813
0.00210571289062499 0.0803909301757813 0.0304412841796875 0.139167785644531
0.0100173950195312 0.0825119018554688 0.02685546875 0.130577087402344
-0.00405120849609374 0.0888595581054688 0.00189971923828126 0.112823486328125
-0.0342941284179688 0.0830917358398438 -0.00450515747070313 0.060791015625
-0.0636215209960938 0.0724105834960937 0.0127372741699219 0.0207176208496094
-0.102485656738281 0.0179443359375 0.0752182006835937 0.00726318359375
-0.113792419433594 -0.0297927856445313 0.152877807617188 0.0520477294921875
-0.103561401367188 -0.04510498046875 0.161483764648438 0.16058349609375
-0.149246215820313 -0.128875732421875 0.08282470703125 0.0144729614257812
-0.160293579101562 -0.106491088867188 0.0630340576171875 0.0103950500488281
-0.1661376953125 -0.060546875 0.0248737335205078 -0.00570297241210938
-0.162979125976562 0.0209503173828125 -0.0202274322509766 0.0157279968261719
-0.119110107421875 0.0707321166992188 -0.0337314605712891 0.0328197479248047
-0.0648117065429688 0.124832153320313 -0.026824951171875 0.0886688232421875
-0.0113372802734375 0.135963439941406 0.000175476074218755 0.109443664550781
-0.007171630859375 0.1292724609375 0.0182647705078125 0.100181579589844
0.00209045410156249 0.138015747070313 0.0132064819335938 0.0963668823242188
-0.02227783203125 0.141448974609375 -0.0021209716796875 0.0841522216796875
-0.0670852661132812 0.11859130859375 -0.00526809692382813 0.040191650390625
-0.106712341308594 0.100105285644531 0.0135078430175781 0.00971603393554688
-0.1539306640625 0.0185089111328125 0.07098388671875 -0.00238800048828125
-0.172073364257813 -0.0467376708984375 0.124069213867187 0.0489120483398437
-0.163864135742188 -0.0733642578125 0.122367858886719 0.139549255371094
-0.186752319335938 -0.140121459960938 0.0296630859375 -0.0224399566650391
-0.199874877929688 -0.111282348632813 0.020965576171875 -0.00722694396972657
-0.200439453125 -0.05841064453125 0.01934814453125 -0.00548171997070313
-0.194686889648437 0.0312347412109375 -0.00435352325439454 0.00514507293701172
-0.144287109375 0.0900115966796875 -0.0118818283081055 0.00607681274414063
-0.0830841064453125 0.155105590820313 -0.0126228332519531 0.0424613952636719
-0.0190277099609375 0.1669921875 -0.0048980712890625 0.0534782409667969
-0.0157623291015625 0.159149169921875 0.00296783447265625 0.0483894348144531
-0.00985717773437499 0.17266845703125 -0.000209808349609376 0.0465431213378906
-0.042083740234375 0.171783447265625 -0.00751495361328125 0.042205810546875
-0.0992813110351562 0.139076232910156 -0.00543308258056641 0.011967658996582
-0.141647338867187 0.110382080078125 0.0122718811035156 -0.00217723846435546
-0.186248779296875 0.010284423828125 0.0583572387695312 -0.006011962890625
-0.204757690429688 -0.062408447265625 0.0774307250976562 0.0459060668945313
-0.197479248046875 -0.0927581787109375 0.0669174194335937 0.107986450195313
-0.1944580078125 -0.126785278320313 -0.0340385437011719 -0.0612831115722656
-0.20770263671875 -0.09002685546875 -0.0281200408935547 -0.0238628387451172
-0.197265625 -0.03778076171875 0.00908756256103514 -0.00699520111083985
-0.189193725585938 0.041259765625 0.00748252868652343 -0.0117549896240234
-0.141769409179688 0.0960235595703125 0.00612831115722655 -0.0265293121337891
-0.083740234375 0.161514282226563 -0.00175666809082032 -0.0106563568115234
-0.0233001708984375 0.171798706054687 -0.0114583969116211 -0.0100297927856445
-0.02178955078125 0.165252685546875 -0.0115165710449219 -0.0120344161987305
-0.021026611328125 0.18121337890625 -0.0136966705322266 -0.010650634765625
-0.0613250732421875 0.175552368164062 -0.00885868072509766 -0.00789260864257812
-0.120101928710937 0.133110046386719 -0.00128746032714844 -0.0212135314941406
-0.158721923828125 0.098724365234375 0.0123882293701172 -0.0151529312133789
-0.191024780273438 -0.010833740234375 0.0401573181152344 -0.00849533081054688
-0.204833984375 -0.0797576904296875 0.0228385925292969 0.0380134582519531
-0.199813842773438 -0.102813720703125 0.00167083740234374 0.066009521484375
-0.170242309570313 -0.0945281982421875 -0.0963668823242188 -0.0938644409179688
-0.1766357421875 -0.0590362548828125 -0.0774459838867188 -0.0386428833007813
-0.159164428710938 -0.0182037353515625 -0.00885963439941407 -0.00856781005859375
-0.150146484375 0.0386199951171875 0.0110702514648437 -0.0276298522949219
-0.115821838378906 0.0820541381835938 0.0176353454589844 -0.0565681457519531
-0.072174072265625 0.140701293945312 0.00245666503906249 -0.0634880065917969
-0.0243682861328125 0.149398803710938 -0.0200958251953125 -0.0703811645507812
-0.02459716796875 0.144195556640625 -0.0245857238769531 -0.0694007873535156
-0.0308685302734375 0.162185668945313 -0.0198020935058594 -0.0670967102050781
-0.0717315673828125 0.150177001953125 -0.00165557861328125 -0.0575675964355469
-0.123481750488281 0.102745056152344 0.00833892822265624 -0.049713134765625
-0.150161743164062 0.0657958984375 0.0164527893066406 -0.0264110565185547
-0.162368774414062 -0.032806396484375 0.021240234375 -0.0109748840332031
-0.169464111328125 -0.08648681640625 -0.0304603576660156 0.0236968994140625
-0.168792724609375 -0.0971221923828125 -0.0570106506347656 0.0182151794433594
-0.117904663085937 -0.0535202026367188 -0.146148681640625 -0.117889404296875
-0.115554809570313 -0.0315780639648437 -0.116081237792969 -0.0477218627929687
-0.0951995849609375 -0.00917816162109373 -0.0294589996337891 -0.00752449035644532
-0.0943222045898437 0.0209197998046875 0.00811767578124999 -0.0377845764160156
-0.0774002075195313 0.0494308471679687 0.0188751220703125 -0.0753173828125
-0.0541458129882812 0.0979766845703125 0.000968933105468749 -0.10284423828125
-0.0237960815429688 0.105323791503906 -0.02886962890625 -0.118751525878906
-0.0232162475585937 0.104545593261719 -0.0328750610351562 -0.116752624511719
-0.0342941284179688 0.118087768554687 -0.01947021484375 -0.113739013671875
-0.0676956176757812 0.101898193359375 0.011383056640625 -0.0990371704101563
-0.101119995117187 0.055633544921875 0.0235977172851562 -0.0713424682617188
-0.112197875976563 0.02484130859375 0.0220565795898437 -0.0338973999023438
-0.10498046875 -0.043182373046875 0.00404548645019531 -0.0149879455566406
-0.107391357421875 -0.0742416381835937 -0.07110595703125 0.00291442871093748
-0.115837097167969 -0.0724639892578125 -0.101058959960938 -0.0271453857421875
-0.0456733703613281 -0.00759124755859376 -0.178878784179688 -0.130996704101563
-0.03533935546875 -0.0098724365234375 -0.14044189453125 -0.0520401000976562
-0.0236797332763672 -0.00768852233886719 -0.0460166931152344 -0.00239944458007813
-0.0314579010009766 -0.00740623474121094 0.002349853515625 -0.0381050109863281
-0.0364494323730469 0.00849151611328125 0.0177459716796875 -0.078643798828125
-0.0341606140136719 0.0402870178222656 -0.0021209716796875 -0.124382019042969
-0.0232620239257813 0.0458297729492188 -0.0347137451171875 -0.14935302734375
-0.0171394348144531 0.0466651916503906 -0.038848876953125 -0.146392822265625
-0.0277519226074219 0.057373046875 -0.0139312744140625 -0.144729614257813
-0.0454597473144531 0.0411911010742188 0.027923583984375 -0.123664855957031
-0.0562858581542969 0.0105361938476563 0.0392837524414062 -0.0780258178710938
-0.0507431030273438 -0.00579071044921875 0.0282859802246094 -0.0362625122070313
-0.0344352722167969 -0.0316715240478516 -0.00897789001464844 -0.0167045593261719
-0.0373153686523438 -0.0355720520019531 -0.09588623046875 -0.0186309814453125
-0.0502510070800781 -0.0295333862304687 -0.127273559570312 -0.061279296875
-0.0288925170898437 -0.0360031127929688 0.147125244140625 0.0428924560546875
-0.0364227294921875 -0.0293617248535156 0.106742858886719 0.0178756713867188
-0.0458793640136719 -0.00474929809570312 0.0126943588256836 -0.00588035583496094
-0.0289440155029297 0.0234336853027344 -0.0374069213867188 0.0320587158203125
-0.00861358642578125 0.0222244262695313 -0.055084228515625 0.0717620849609375
0.00803756713867187 0.0179042816162109 -0.0319671630859375 0.137397766113281
0.0163516998291016 0.0200176239013672 0.021240234375 0.166397094726563
0.0137176513671875 0.0189170837402344 0.047027587890625 0.155227661132813
0.0200672149658203 0.0163860321044922 0.04193115234375 0.1461181640625
0.0180263519287109 0.0265216827392578 0.01092529296875 0.127334594726563
0.00627899169921875 0.0366020202636719 0.001312255859375 0.07586669921875
-0.0119056701660156 0.0391159057617188 0.0149078369140625 0.0291271209716797
-0.0420570373535156 0.0187339782714844 0.0694923400878906 0.0144615173339844
-0.0419082641601563 -0.00624465942382812 0.164703369140625 0.0456695556640625
-0.0278091430664063 -0.00782012939453125 0.188613891601563 0.160995483398438
-0.100334167480469 -0.0865478515625 0.127212524414063 0.0353927612304687
-0.107902526855469 -0.0708694458007813 0.0933837890625 0.0178146362304688
-0.116287231445312 -0.0351333618164063 0.0209941864013672 -0.00619697570800781
-0.102973937988281 0.0250930786132812 -0.0307559967041016 0.0257720947265625
-0.0686988830566406 0.0531349182128906 -0.0492210388183594 0.0574455261230469
-0.02825927734375 0.0792922973632813 -0.0297622680664062 0.123954772949219
0.00648498535156249 0.0863876342773438 0.01385498046875 0.150955200195313
0.007720947265625 0.0816268920898438 0.0399169921875 0.138626098632813
0.016021728515625 0.08349609375 0.0347366333007812 0.130744934082031
0.00196838378906251 0.090484619140625 0.008331298828125 0.113975524902344
-0.0300521850585938 0.08636474609375 -0.000202178955078127 0.0629081726074219
-0.060577392578125 0.0780181884765625 0.0157623291015625 0.0200119018554688
-0.104209899902344 0.024078369140625 0.0753173828125 0.00135040283203125
-0.117599487304687 -0.0231475830078125 0.1573486328125 0.0426177978515625
-0.106513977050781 -0.0399856567382812 0.173385620117188 0.154190063476563
-0.158905029296875 -0.123123168945313 0.086639404296875 0.0101776123046875
-0.168807983398437 -0.0988311767578125 0.0649528503417969 0.00794219970703124
-0.174758911132813 -0.0540008544921875 0.0247058868408203 -0.007080078125
-0.164459228515625 0.030517578125 -0.0179672241210938 0.0169658660888672
-0.117393493652344 0.0797119140625 -0.0321426391601563 0.0358734130859375
-0.0577163696289063 0.129737854003906 -0.020843505859375 0.0908355712890625
-0.0025787353515625 0.138343811035156 0.00763702392578124 0.110748291015625
0.0012359619140625 0.132156372070313 0.0243148803710938 0.100967407226563
0.0108489990234375 0.139793395996094 0.0202865600585938 0.096954345703125
-0.0134429931640625 0.143295288085938 0.00201416015625 0.0851058959960938
-0.0622177124023437 0.126579284667969 -0.00311279296875001 0.0406379699707031
-0.10308837890625 0.109344482421875 0.0147304534912109 0.0094890594482422
-0.15557861328125 0.027008056640625 0.0706710815429688 -0.00611114501953125
-0.178726196289063 -0.0375518798828125 0.127983093261719 0.0423660278320313
-0.169815063476562 -0.065704345703125 0.132316589355469 0.135772705078125
-0.196090698242188 -0.13214111328125 0.0299320220947265 -0.0231189727783203
-0.208755493164062 -0.10009765625 0.021585464477539 -0.00658035278320313
-0.207244873046875 -0.049041748046875 0.0202846527099609 -0.00690650939941407
-0.196884155273438 0.042449951171875 -0.00318241119384767 0.0055689811706543
-0.142501831054688 0.101211547851562 -0.0116958618164063 0.00683021545410157
-0.0749359130859375 0.162445068359375 -0.00896453857421875 0.0431938171386719
-0.01019287109375 0.170394897460938 -0.001220703125 0.0547027587890625
-0.00584411621093751 0.162872314453125 0.00616836547851563 0.0489654541015625
0.00172424316406249 0.175552368164063 0.002685546875 0.0484619140625
-0.0320281982421875 0.17718505859375 -0.004669189453125 0.0428504943847656
-0.0920257568359375 0.148040771484375 -0.00408935546875001 0.0122747421264649
-0.137321472167969 0.121894836425781 0.0134410858154297 -0.00296878814697265
-0.189682006835938 0.020263671875 0.05682373046875 -0.010101318359375
-0.213638305664063 -0.0526885986328125 0.0819091796875 0.0413970947265625
-0.205154418945312 -0.0833587646484375 0.0737991333007813 0.106674194335938
-0.20526123046875 -0.11895751953125 -0.0359039306640625 -0.0591011047363281
-0.216323852539063 -0.0783233642578125 -0.0306148529052735 -0.0214138031005859
-0.20538330078125 -0.0284271240234375 0.00813722610473632 -0.007965087890625
-0.190933227539063 0.053192138671875 0.00688743591308593 -0.0120716094970703
-0.139404296875 0.107711791992187 0.00499343872070312 -0.0285320281982422
-0.0749969482421875 0.169921875 -0.00162696838378907 -0.0127429962158203
-0.0142669677734375 0.176284790039063 -0.012049674987793 -0.00940990447998046
-0.0108642578125 0.169113159179688 -0.0124502182006836 -0.0101652145385742
-0.00921630859375001 0.1849365234375 -0.0140371322631836 -0.00864219665527342
-0.0509033203125 0.18206787109375 -0.00961494445800782 -0.00808525085449218
-0.114822387695312 0.143890380859375 -0.00299263000488282 -0.0210056304931641
-0.156051635742188 0.109588623046875 0.0133304595947266 -0.0163965225219726
-0.195755004882812 -0.00106811523437504 0.0380210876464844 -0.010986328125
-0.21405029296875 -0.0692138671875 0.0253868103027344 0.0370674133300781
-0.208023071289063 -0.0930633544921875 0.00670623779296873 0.0671310424804688
-0.179244995117187 -0.08819580078125 -0.101661682128906 -0.0891952514648438
-0.182525634765625 -0.0493927001953125 -0.0810012817382813 -0.0325927734375
-0.164016723632812 -0.010528564453125 -0.0100841522216797 -0.00811004638671875
-0.15216064453125 0.048370361328125 0.00967216491699218 -0.0280036926269531
-0.11334228515625 0.0914077758789063 0.0129814147949219 -0.0594444274902344
-0.064971923828125 0.148269653320313 -0.000347137451171878 -0.0646934509277344
-0.016693115234375 0.154464721679688 -0.0246353149414062 -0.0703887939453125
-0.0152435302734375 0.148971557617188 -0.02880859375 -0.0685310363769531
-0.02020263671875 0.16754150390625 -0.0243988037109375 -0.0654869079589844
-0.0624237060546875 0.157089233398438 -0.00606155395507813 -0.0588836669921875
-0.119155883789063 0.112327575683594 0.00519180297851562 -0.0519371032714844
-0.14886474609375 0.075439453125 0.0158672332763672 -0.0285778045654297
-0.16790771484375 -0.0254974365234375 0.0184745788574219 -0.0130500793457031
-0.178741455078125 -0.0777435302734375 -0.029531478881836 0.0258522033691406
-0.177215576171875 -0.089385986328125 -0.0559959411621094 0.0236892700195312
-0.123451232910156 -0.04736328125 -0.153732299804688 -0.110946655273437
-0.118843078613281 -0.0235977172851563 -0.120841979980469 -0.0402908325195313
-0.0984878540039063 -0.00415802001953126 -0.0299205780029297 -0.00546073913574219
-0.0945663452148438 0.0275802612304688 0.00522613525390625 -0.0386543273925781
-0.0770645141601563 0.0565414428710938 0.0140609741210938 -0.0785598754882813
-0.0486068725585937 0.103012084960938 -0.005126953125 -0.105278015136719
-0.0185317993164062 0.108741760253906 -0.0363616943359375 -0.119361877441406
-0.0167922973632813 0.107009887695312 -0.0410995483398438 -0.116012573242187
-0.0258407592773438 0.122268676757812 -0.0262451171875 -0.1146240234375
-0.0613327026367188 0.107856750488281 0.00480651855468749 -0.101219177246094
-0.100257873535156 0.064453125 0.01904296875 -0.0738449096679687
-0.111824035644531 0.0328598022460938 0.0213890075683594 -0.0374031066894531
-0.110054016113281 -0.0392074584960937 0.00164508819580077 -0.0150909423828125
-0.115303039550781 -0.068450927734375 -0.0721969604492188 0.00699615478515625
-0.121604919433594 -0.0666656494140625 -0.103950500488281 -0.020843505859375
-0.0467491149902344 -0.00508117675781251 -0.18804931640625 -0.123046875
-0.0362548828125 -0.006591796875 -0.145782470703125 -0.0433807373046875
-0.0244407653808594 -0.00708389282226563 -0.0463943481445312 0.000785827636718757
-0.0338287353515625 -0.00473213195800781 -0.000671386718750002 -0.0389633178710938
-0.0374069213867188 0.0110549926757812 0.0123672485351562 -0.0823516845703125
-0.0317420959472656 0.0431251525878906 -0.00978851318359374 -0.126953125
-0.0206069946289063 0.0482177734375 -0.045166015625 -0.149444580078125
-0.0143775939941406 0.0490341186523438 -0.0474395751953125 -0.145782470703125
-0.0240058898925781 0.0607376098632813 -0.023590087890625 -0.144638061523438
-0.04327392578125 0.0458755493164063 0.0191879272460938 -0.126365661621094
-0.0569305419921875 0.0137901306152344 0.0339126586914062 -0.0821151733398438
-0.0521202087402344 -0.00279617309570313 0.02679443359375 -0.0386695861816406
-0.03753662109375 -0.0300140380859375 -0.0119342803955078 -0.0168972015380859
-0.0408592224121094 -0.0341835021972656 -0.0978851318359375 -0.0123672485351562
-0.0523262023925781 -0.0263748168945312 -0.131790161132813 -0.0543365478515625
-0.0299720764160156 -0.0357704162597656 0.148269653320313 0.03753662109375
-0.0378990173339844 -0.0281524658203125 0.107406616210938 0.0132980346679687
-0.0467796325683594 -0.00307846069335936 0.0128412246704102 -0.00622081756591797
-0.0269184112548828 0.0231170654296875 -0.0349349975585937 0.0333595275878906
-0.00841903686523437 0.0225543975830078 -0.0514450073242187 0.073699951171875
0.00801372528076172 0.0174875259399414 -0.0250625610351562 0.137710571289063
0.0168991088867188 0.0193462371826172 0.027679443359375 0.165115356445313
0.013946533203125 0.0186176300048828 0.05291748046875 0.152938842773438
0.0199337005615234 0.0147876739501953 0.0477142333984375 0.14459228515625
0.0186023712158203 0.0254898071289062 0.0159378051757813 0.127449035644531
0.00765228271484375 0.0369720458984375 0.00420379638671875 0.0758056640625
-0.0113182067871094 0.0395431518554688 0.0156326293945312 0.0289459228515625
-0.0415687561035156 0.0198898315429687 0.069793701171875 0.0127410888671875
-0.0425796508789063 -0.00457382202148438 0.165679931640625 0.03875732421875
-0.0277919769287109 -0.00824928283691406 0.193145751953125 0.15338134765625
-0.103515625 -0.0842514038085938 0.128509521484375 0.0310516357421875
-0.110511779785156 -0.0671920776367187 0.09490966796875 0.014862060546875
-0.118965148925781 -0.03106689453125 0.0211429595947266 -0.0070953369140625
-0.10211181640625 0.0288467407226563 -0.0286769866943359 0.0268898010253906
-0.0667381286621094 0.0559425354003906 -0.0465202331542969 0.0590934753417969
-0.0250244140625 0.0797271728515625 -0.0236968994140625 0.12432861328125
0.0102691650390625 0.0860366821289063 0.021026611328125 0.149200439453125
0.0117263793945312 0.0807723999023438 0.044219970703125 0.136909484863281
0.019500732421875 0.0832061767578125 0.0395050048828125 0.129425048828125
0.00600433349609375 0.090545654296875 0.0125503540039062 0.114112854003906
-0.0257568359375 0.088409423828125 0.0029296875 0.0626792907714844
-0.0573501586914063 0.0800094604492188 0.0163135528564453 0.0193881988525391
-0.104904174804688 0.028045654296875 0.0740585327148437 -0.000244140624999998
-0.119888305664062 -0.0190887451171875 0.1580810546875 0.0359344482421875
-0.108024597167969 -0.0370407104492188 0.178375244140625 0.14794921875
-0.163681030273438 -0.118026733398437 0.0878524780273437 0.00773620605468749
-0.17242431640625 -0.0925140380859375 0.0655860900878906 0.00687026977539062
-0.178695678710938 -0.0484466552734375 0.0245857238769531 -0.00795745849609376
-0.163894653320313 0.0369720458984375 -0.0159530639648438 0.0182132720947266
-0.115005493164063 0.0850830078125 -0.0305252075195313 0.0359840393066406
-0.0537872314453125 0.132171630859375 -0.0159912109375 0.0905075073242188
0.0025634765625 0.139419555664063 0.0121994018554687 0.110115051269531
0.00764465332031251 0.132415771484375 0.0282974243164063 0.099884033203125
0.0168914794921875 0.139427185058594 0.0244216918945313 0.0962295532226563
-0.00749206542968749 0.14483642578125 0.005615234375 0.0852203369140625
-0.05712890625 0.13031005859375 -0.000541687011718752 0.0411224365234375
-0.098846435546875 0.112838745117188 0.0155658721923828 0.00837326049804688
-0.157119750976563 0.0317535400390625 0.0689659118652344 -0.00902938842773437
-0.181594848632813 -0.03125 0.129501342773438 0.0362701416015625
-0.171249389648438 -0.060302734375 0.137245178222656 0.131095886230469
-0.20123291015625 -0.12689208984375 0.0304412841796875 -0.0240345001220703
-0.21209716796875 -0.09173583984375 0.0217571258544922 -0.00592613220214844
-0.212127685546875 -0.0429840087890625 0.0200710296630859 -0.00807952880859375
-0.19598388671875 0.0501708984375 -0.00218915939331056 0.00551605224609375
-0.139350891113281 0.107177734375 -0.0107755661010742 0.00563335418701173
-0.0687255859375 0.165573120117188 -0.00632858276367188 0.0420875549316406
-0.0026397705078125 0.171661376953125 0.00183486938476562 0.0538482666015625
0.001861572265625 0.163253784179687 0.0085296630859375 0.0490570068359375
0.00959777832031248 0.175750732421875 0.00484848022460938 0.0484771728515625
-0.0236358642578125 0.178939819335937 -0.003021240234375 0.0435905456542969
-0.0865478515625 0.15325927734375 -0.00339889526367188 0.0118637084960938
-0.132492065429688 0.127670288085937 0.0137414932250976 -0.00371170043945312
-0.191177368164063 0.0264129638671875 0.0552711486816406 -0.0120048522949219
-0.217239379882812 -0.0451812744140625 0.0827178955078125 0.0373153686523438
-0.206787109375 -0.0769805908203125 0.078094482421875 0.103904724121094
-0.209701538085938 -0.11309814453125 -0.0369453430175781 -0.0574150085449219
-0.219100952148438 -0.07012939453125 -0.0302257537841797 -0.0187816619873047
-0.20880126953125 -0.02288818359375 0.00774145126342772 -0.0087127685546875
-0.191131591796875 0.0611114501953125 0.00745964050292968 -0.0113229751586914
-0.1363525390625 0.1136474609375 0.00402832031249999 -0.0294532775878906
-0.068450927734375 0.173095703125 -0.00143623352050782 -0.0142745971679687
-0.006744384765625 0.177719116210938 -0.0115718841552734 -0.00993156433105468
-0.00357055664062501 0.169235229492188 -0.0125408172607422 -0.0101823806762695
-0.00135803222656249 0.185592651367188 -0.0134391784667969 -0.00811576843261718
-0.0427093505859375 0.184661865234375 -0.00995445251464844 -0.00750827789306639
-0.109710693359375 0.149337768554688 -0.00331115722656251 -0.0214996337890625
-0.152023315429687 0.1162109375 0.0131349563598633 -0.017181396484375
-0.197906494140625 0.00555419921874996 0.0357322692871094 -0.0124893188476563
-0.218643188476562 -0.0617828369140625 0.0261344909667969 0.0361289978027344
-0.210311889648438 -0.0865173339843749 0.00951385498046874 0.0672187805175781
-0.18328857421875 -0.082611083984375 -0.103218078613281 -0.0858383178710938
-0.185012817382813 -0.042816162109375 -0.081085205078125 -0.0286178588867188
-0.166793823242187 -0.006256103515625 -0.0105142593383789 -0.00804710388183594
-0.152069091796875 0.0550384521484375 0.00938034057617186 -0.0282669067382812
-0.111366271972656 0.0968475341796875 0.0108451843261719 -0.0603675842285156
-0.0587158203125 0.150741577148438 -0.00343704223632812 -0.0666885375976563
-0.00987243652343751 0.1558837890625 -0.0268478393554687 -0.07049560546875
-0.00885009765625002 0.149993896484375 -0.0308685302734375 -0.0673904418945313
-0.0127716064453125 0.167724609375 -0.0264778137207031 -0.0646438598632812
-0.0557098388671875 0.159942626953125 -0.00875091552734375 -0.0585441589355469
-0.115669250488281 0.118087768554688 0.00351333618164062 -0.052520751953125
-0.145751953125 0.08111572265625 0.01470947265625 -0.0293636322021484
-0.170364379882813 -0.0201873779296875 0.0161161422729492 -0.0137424468994141
-0.182708740234375 -0.0713958740234375 -0.0286388397216797 0.0271492004394531
-0.179519653320312 -0.0830535888671875 -0.0548591613769532 0.0249290466308594
-0.125259399414063 -0.0445175170898437 -0.15673828125 -0.10626220703125
-0.119705200195313 -0.0195465087890625 -0.122184753417969 -0.0347824096679688
-0.0994873046875 -0.000823974609375003 -0.0294380187988281 -0.00519752502441407
-0.095367431640625 0.0317230224609375 0.003997802734375 -0.0382957458496094
-0.0757904052734375 0.0600738525390625 0.0109024047851562 -0.079254150390625
-0.0444412231445313 0.10540771484375 -0.00915527343750001 -0.106147766113281
-0.0140609741210937 0.110671997070313 -0.0407562255859375 -0.118232727050781
-0.0117111206054688 0.107566833496094 -0.0448760986328125 -0.114334106445312
-0.0203704833984375 0.123764038085937 -0.0306015014648437 -0.11248779296875
-0.0568923950195312 0.110824584960938 0.000701904296874993 -0.1005859375
-0.0983047485351563 0.0684661865234375 0.0167999267578125 -0.0746917724609375
-0.11114501953125 0.0363922119140625 0.019622802734375 -0.0380134582519531
-0.112716674804688 -0.0357284545898437 -0.000646591186523444 -0.0156259536743164
-0.119346618652344 -0.0643310546875 -0.071533203125 0.00995635986328124
-0.123291015625 -0.0627822875976562 -0.104515075683594 -0.0171051025390625
-0.0470390319824219 -0.00403594970703126 -0.191009521484375 -0.116317749023438
-0.0364646911621094 -0.00434112548828124 -0.147445678710938 -0.037200927734375
-0.024688720703125 -0.00609016418457032 -0.0466537475585938 0.00158691406250001
-0.0348320007324219 -0.00316619873046875 -0.00284576416015625 -0.0391998291015625
-0.0376968383789063 0.0135307312011719 0.00876617431640624 -0.0830078125
-0.0302696228027344 0.0446548461914063 -0.0153961181640625 -0.127243041992188
-0.01806640625 0.0499763488769531 -0.0507659912109375 -0.1475830078125
-0.0132522583007813 0.0493659973144531 -0.052520751953125 -0.144119262695312
-0.0204925537109375 0.0615043640136719 -0.0285491943359375 -0.143600463867187
-0.0406265258789063 0.0478019714355469 0.0137557983398438 -0.127212524414063
-0.05718994140625 0.0169181823730469 0.030914306640625 -0.083343505859375
-0.0514373779296875 -0.00102615356445313 0.0257072448730469 -0.0400581359863281
-0.0386505126953125 -0.0292549133300781 -0.012812614440918 -0.0168647766113281
-0.0428352355957031 -0.0317878723144531 -0.0987091064453125 -0.00905609130859374
-0.053070068359375 -0.0248603820800781 -0.133979797363281 -0.0503311157226563
-0.031097412109375 -0.0364227294921875 0.14996337890625 0.0364227294921875
-0.0388565063476563 -0.0283355712890625 0.1090087890625 0.0117645263671875
-0.0469856262207031 -0.00251007080078125 0.0133609771728516 -0.00618743896484375
-0.0269546508789062 0.0233402252197266 -0.0338935852050781 0.0336456298828125
-0.00805282592773438 0.022796630859375 -0.0500106811523437 0.0749740600585938
0.00825786590576172 0.0173301696777344 -0.0222244262695313 0.139106750488281
0.0174427032470703 0.019134521484375 0.0305023193359375 0.165481567382813
0.0142841339111328 0.0178089141845703 0.05511474609375 0.1533203125
0.0205764770507813 0.0144748687744141 0.0499267578125 0.145782470703125
0.018951416015625 0.0252895355224609 0.0178451538085937 0.128471374511719
0.00873184204101563 0.0375556945800781 0.00521087646484375 0.0765304565429688
-0.010711669921875 0.0400390625 0.0164451599121094 0.0295906066894531
-0.0423698425292969 0.0205421447753906 0.0706939697265625 0.0123138427734375
-0.0433540344238281 -0.00454711914062501 0.16729736328125 0.0363311767578125
-0.0282058715820313 -0.00838088989257813 0.195953369140625 0.15277099609375
-0.105903625488281 -0.0848388671875 0.129600524902344 0.0305709838867188
-0.112632751464844 -0.0667266845703125 0.0960617065429688 0.0138473510742187
-0.121353149414063 -0.0310897827148438 0.0216293334960937 -0.00740814208984375
-0.102813720703125 0.0302963256835938 -0.0273208618164063 0.0269031524658203
-0.0671463012695313 0.0572357177734375 -0.0453453063964844 0.0592308044433594
-0.0245208740234375 0.0812530517578125 -0.0211334228515625 0.12469482421875
0.0116195678710938 0.086578369140625 0.0240020751953125 0.149688720703125
0.0130538940429688 0.0816192626953125 0.0460739135742187 0.137344360351563
0.021026611328125 0.083343505859375 0.0424880981445312 0.130271911621094
0.0083465576171875 0.0913772583007812 0.0148239135742187 0.115249633789063
-0.0242919921875 0.0896377563476563 0.0038604736328125 0.0629348754882813
-0.0573043823242188 0.081695556640625 0.0167465209960938 0.0195751190185547
-0.106597900390625 0.029510498046875 0.0741500854492188 -0.000808715820312498
-0.122230529785156 -0.0180130004882812 0.159591674804688 0.0340423583984375
-0.108894348144531 -0.0363922119140625 0.181427001953125 0.147705078125
-0.167251586914063 -0.118759155273437 0.088348388671875 0.00737762451171874
-0.175033569335938 -0.091522216796875 0.0668373107910156 0.00673294067382812
-0.182510375976562 -0.047760009765625 0.0248813629150391 -0.00803375244140625
-0.16552734375 0.0392608642578125 -0.0143928527832031 0.0186004638671875
-0.115470886230469 0.0880203247070313 -0.0297698974609375 0.036407470703125
-0.052764892578125 0.134811401367188 -0.01373291015625 0.0900039672851563
0.00526428222656252 0.141006469726563 0.014434814453125 0.110153198242188
0.0103836059570313 0.133087158203125 0.030181884765625 0.100692749023438
0.0193939208984375 0.140548706054687 0.0265731811523438 0.0968551635742188
-0.00419616699218749 0.146133422851562 0.00764465332031251 0.0863418579101563
-0.0557403564453125 0.133201599121094 0.000576019287109372 0.0408592224121094
-0.0987472534179687 0.115730285644531 0.0157327651977539 0.00788688659667969
-0.15985107421875 0.034454345703125 0.0681495666503906 -0.00881195068359375
-0.185440063476563 -0.0299530029296875 0.130424499511719 0.0341415405273438
-0.173309326171875 -0.0596466064453125 0.139656066894531 0.131278991699219
-0.205001831054688 -0.126708984375 0.0315437316894531 -0.0242271423339844
-0.21466064453125 -0.090087890625 0.022897720336914 -0.00514984130859376
-0.216934204101563 -0.0415802001953125 0.0203189849853516 -0.00886917114257813
-0.19805908203125 0.0536041259765625 -0.000986576080322278 0.00606298446655274
-0.139785766601563 0.110855102539063 -0.0109052658081055 0.00496196746826173
-0.0668182373046875 0.169097900390625 -0.00555038452148438 0.0405731201171875
0.000518798828124996 0.174179077148437 0.00253295898437499 0.0535202026367188
0.00541687011718751 0.164657592773437 0.00961685180664063 0.0497970581054688
0.013153076171875 0.177749633789063 0.00637435913085938 0.048980712890625
-0.019989013671875 0.181655883789062 -0.0022125244140625 0.0437965393066406
-0.0853118896484375 0.1573486328125 -0.00230503082275391 0.011631965637207
-0.132797241210937 0.131217956542969 0.014251708984375 -0.0044107437133789
-0.195236206054688 0.029022216796875 0.0539741516113281 -0.0125083923339844
-0.221603393554687 -0.042816162109375 0.0834503173828125 0.0359115600585938
-0.209762573242188 -0.0759124755859375 0.0800704956054687 0.103858947753906
-0.213943481445313 -0.112396240234375 -0.0364303588867188 -0.0576820373535156
-0.222122192382813 -0.0685272216796875 -0.0295886993408203 -0.0172634124755859
-0.213470458984375 -0.021453857421875 0.00774574279785155 -0.00916290283203125
-0.1929931640625 0.0652008056640625 0.00823116302490233 -0.0108547210693359
-0.137123107910156 0.11798095703125 0.00362777709960937 -0.0304393768310547
-0.066558837890625 0.17620849609375 -0.00152111053466797 -0.0160865783691406
-0.0032958984375 0.180267333984375 -0.0116291046142578 -0.0102138519287109
4.57763671874846E-05 0.170989990234375 -0.0122747421264648 -0.00985240936279296
0.00239562988281251 0.187881469726563 -0.0134620666503906 -0.00810718536376952
-0.039276123046875 0.187469482421875 -0.0101804733276367 -0.00736999511718749
-0.108383178710937 0.153945922851563 -0.00316047668457032 -0.0221881866455078
-0.15216064453125 0.119964599609375 0.0130558013916016 -0.0180740356445312
-0.201797485351563 0.00758361816406254 0.0342159271240234 -0.0129280090332031
-0.222747802734375 -0.059844970703125 0.026702880859375 0.0356216430664062
-0.212310791015625 -0.0857086181640625 0.010345458984375 0.0680046081542969
-0.18585205078125 -0.08203125 -0.103736877441406 -0.0854949951171875
-0.187225341796875 -0.04058837890625 -0.0814895629882813 -0.0263900756835937
-0.170928955078125 -0.00508117675781249 -0.0104036331176758 -0.00874996185302734
-0.154083251953125 0.058624267578125 0.00903892517089843 -0.0279579162597656
-0.111968994140625 0.100601196289063 0.00933456420898437 -0.061248779296875
-0.0565032958984375 0.153945922851563 -0.00462341308593751 -0.0687599182128906
-0.00720214843749999 0.158172607421875 -0.0280990600585937 -0.0705413818359375
-0.00532531738281249 0.151596069335938 -0.0312995910644531 -0.0671463012695312
-0.00939941406250002 0.169036865234375 -0.0263252258300781 -0.0647239685058594
-0.0529632568359375 0.1630859375 -0.010009765625 -0.0588035583496094
-0.115325927734375 0.121864318847656 0.0030670166015625 -0.0534248352050781
-0.146224975585938 0.0849609375 0.0145530700683594 -0.0306568145751953
-0.17388916015625 -0.0191497802734375 0.0146951675415039 -0.0138149261474609
-0.18682861328125 -0.0695953369140625 -0.0287227630615234 0.0272369384765625
-0.181854248046875 -0.0828094482421875 -0.0549430847167969 0.0256805419921875
-0.127655029296875 -0.0436630249023438 -0.157745361328125 -0.1055908203125
-0.121047973632813 -0.0178298950195312 -0.122360229492188 -0.0325775146484375
-0.101783752441406 -0.00046539306640623 -0.0300312042236328 -0.00489997863769532
-0.096771240234375 0.0342788696289062 0.00389480590820312 -0.0385169982910156
-0.07598876953125 0.0631027221679688 0.00898742675781249 -0.0799407958984375
-0.0432205200195312 0.10736083984375 -0.0110397338867187 -0.107444763183594
-0.0114059448242187 0.112922668457031 -0.0426788330078125 -0.118888854980469
-0.00958251953125 0.108993530273438 -0.0456619262695312 -0.11480712890625
-0.0175704956054688 0.12506103515625 -0.03179931640625 -0.112937927246094
-0.055023193359375 0.113075256347656 -0.00128936767578124 -0.101226806640625
-0.0987472534179688 0.0717849731445313 0.0158843994140625 -0.0758132934570312
-0.111892700195313 0.0388259887695313 0.0194091796875 -0.039276123046875
-0.115577697753906 -0.035430908203125 -0.00191497802734376 -0.0159225463867188
-0.122360229492187 -0.0624313354492187 -0.0722579956054688 0.0107879638671875
-0.124862670898437 -0.0626068115234375 -0.10589599609375 -0.0167160034179688
-0.0475692749023438 -0.00366592407226562 -0.19219970703125 -0.116409301757812
-0.0369796752929688 -0.00399017333984375 -0.148635864257813 -0.03509521484375
-0.0255928039550781 -0.00666046142578125 -0.0470657348632813 0.00238037109375001
-0.0357284545898438 -0.00212860107421874 -0.00358963012695313 -0.03948974609375
-0.0380325317382813 0.0144462585449219 0.00752258300781249 -0.0840530395507813
-0.029144287109375 0.0456581115722656 -0.0181884765625 -0.1287841796875
-0.0167884826660156 0.0513954162597656 -0.053985595703125 -0.147933959960938
-0.0119781494140625 0.0499916076660156 -0.054443359375 -0.144363403320313
-0.0193367004394531 0.0621185302734375 -0.0306854248046875 -0.144439697265625
-0.0401573181152344 0.0492324829101563 0.0114288330078125 -0.128303527832031
-0.0579605102539062 0.0183677673339844 0.029998779296875 -0.0847854614257813
-0.0522804260253906 -0.000522613525390621 0.0251007080078125 -0.0414009094238281
-0.0400390625 -0.0290603637695313 -0.0142278671264648 -0.0165929794311523
-0.0443267822265625 -0.0313224792480469 -0.0992584228515625 -0.00775909423828127
-0.0536880493164063 -0.0245933532714844 -0.135505676269531 -0.0500335693359375
-0.0325546264648438 -0.0375137329101563 0.153961181640625 0.03778076171875
-0.0408554077148438 -0.0292472839355469 0.112167358398438 0.0117645263671875
-0.0490798950195313 -0.0020294189453125 0.0143671035766602 -0.006744384765625
-0.0271854400634766 0.0239238739013672 -0.0337772369384766 0.0345096588134766
-0.00784492492675781 0.0229568481445313 -0.0505905151367188 0.0773468017578125
0.0086517333984375 0.0181598663330078 -0.0205841064453125 0.143112182617188
0.0180702209472656 0.0194072723388672 0.033721923828125 0.169845581054688
0.0152835845947266 0.0181255340576172 0.0588836669921875 0.15771484375
0.0211009979248047 0.0146083831787109 0.0531158447265625 0.150054931640625
0.0202503204345703 0.0257663726806641 0.0199356079101563 0.133583068847656
0.00975799560546875 0.0383834838867188 0.006439208984375 0.079345703125
-0.01123046875 0.0411491394042969 0.0167636871337891 0.0307083129882813
-0.0434303283691406 0.0221977233886719 0.0736618041992187 0.012847900390625
-0.0446701049804688 -0.00472640991210937 0.1722412109375 0.03582763671875
-0.0288829803466797 -0.00944137573242187 0.202423095703125 0.157379150390625
-0.110908508300781 -0.0874710083007813 0.133903503417969 0.0319442749023437
-0.117156982421875 -0.0681228637695312 0.0998916625976562 0.0144729614257812
-0.127311706542969 -0.0316238403320312 0.02252197265625 -0.00773429870605469
-0.106178283691406 0.031768798828125 -0.0271682739257813 0.0277805328369141
-0.0689811706542969 0.0599517822265625 -0.0455741882324219 0.0614356994628906
-0.02447509765625 0.0840911865234375 -0.0195388793945313 0.127052307128906
0.012847900390625 0.0897445678710938 0.026611328125 0.153411865234375
0.0149993896484375 0.0845184326171875 0.04925537109375 0.141510009765625
0.0233993530273438 0.086212158203125 0.0452346801757813 0.134773254394531
0.00986480712890624 0.0946121215820313 0.017120361328125 0.119621276855469
-0.0241241455078125 0.0937728881835938 0.00473785400390624 0.0650863647460938
-0.0590667724609375 0.0855712890625 0.0175304412841797 0.0204505920410156
-0.11090087890625 0.0314712524414062 0.0760726928710938 -0.000778198242187498
-0.127403259277344 -0.0180282592773437 0.164169311523437 0.0330963134765625
-0.112548828125 -0.0384597778320313 0.187942504882813 0.151596069335938
-0.174270629882813 -0.121826171875 0.0920867919921875 0.00839233398437499
-0.181121826171875 -0.093170166015625 0.0702743530273437 0.00743484497070312
-0.191070556640625 -0.0489044189453125 0.0256710052490234 -0.00897407531738282
-0.171112060546875 0.0423736572265625 -0.0138015747070313 0.0188217163085938
-0.118392944335938 0.0925064086914063 -0.0300102233886719 0.036834716796875
-0.0528717041015625 0.140228271484375 -0.0131759643554688 0.0908737182617188
0.00718688964843751 0.146621704101563 0.0163040161132812 0.112937927246094
0.0129928588867188 0.137359619140625 0.0323486328125 0.104324340820313
0.0223541259765625 0.145492553710938 0.02850341796875 0.0998001098632813
-0.00184631347656249 0.15185546875 0.00844573974609376 0.0896759033203125
-0.0559463500976563 0.139411926269531 0.0014801025390625 0.0423545837402344
-0.101837158203125 0.120826721191406 0.0166835784912109 0.00853157043457032
-0.1671142578125 0.036773681640625 0.0694160461425781 -0.00882339477539062
-0.193496704101563 -0.0292510986328125 0.134048461914063 0.0337448120117188
-0.17901611328125 -0.0621490478515625 0.145263671875 0.134719848632813
-0.214080810546875 -0.129684448242187 0.0332984924316406 -0.0248146057128906
-0.222320556640625 -0.091552734375 0.0254898071289062 -0.00471305847167969
-0.227294921875 -0.042388916015625 0.0210304260253906 -0.00972366333007813
-0.205612182617187 0.0576934814453125 9.20295715331904E-05 0.00610637664794922
-0.143966674804688 0.117340087890625 -0.0112819671630859 0.0045156478881836
-0.0673065185546875 0.175689697265625 -0.00519561767578125 0.0401458740234375
0.0029144287109375 0.1812744140625 0.0042572021484375 0.0551948547363281
0.00854492187500002 0.170394897460938 0.0109710693359375 0.0514183044433594
0.0161590576171875 0.18426513671875 0.00724029541015625 0.0499916076660156
-0.01800537109375 0.187469482421875 -0.00165557861328125 0.0460624694824219
-0.0861663818359375 0.165359497070313 -0.00247383117675782 0.0116691589355469
-0.136749267578125 0.137763977050781 0.0148582458496094 -0.00486087799072265
-0.203643798828125 0.0314178466796875 0.0545539855957031 -0.012603759765625
-0.23138427734375 -0.0426788330078125 0.0860214233398437 0.0362014770507813
-0.216766357421875 -0.0791778564453125 0.0838241577148438 0.107284545898438
-0.222763061523438 -0.115234375 -0.0363693237304688 -0.0592689514160156
-0.229461669921875 -0.0688629150390625 -0.0291252136230469 -0.0165424346923828
-0.223709106445313 -0.0218048095703125 0.00772190093994139 -0.0094442367553711
-0.200042724609375 0.0695953369140625 0.00925922393798827 -0.011113166809082
-0.140792846679688 0.12451171875 0.00295829772949218 -0.0319614410400391
-0.0667724609375 0.183639526367188 -0.00194168090820313 -0.0181140899658203
-0.000549316406250021 0.187347412109375 -0.0119552612304688 -0.0106868743896484
0.00286865234374999 0.176666259765625 -0.0121097564697266 -0.00937557220458983
0.00527954101562501 0.194305419921875 -0.0128583908081055 -0.00857639312744139
-0.03729248046875 0.19512939453125 -0.0104465484619141 -0.00698471069335936
-0.111236572265625 0.161331176757813 -0.00300025939941407 -0.0236530303955078
-0.156478881835938 0.12615966796875 0.0133705139160156 -0.0191421508789062
-0.211029052734375 0.00871276855468746 0.0338153839111328 -0.0127391815185547
-0.232620239257813 -0.0597991943359375 0.0270500183105469 0.0360603332519531
-0.219573974609375 -0.08837890625 0.0114898681640625 0.0700569152832031
-0.193634033203125 -0.0839691162109375 -0.105941772460938 -0.0885543823242187
-0.193695068359375 -0.040740966796875 -0.0828323364257813 -0.0261764526367187
-0.178924560546875 -0.00422668457031249 -0.0109891891479492 -0.00909137725830078
-0.159896850585938 0.0630340576171875 0.00999069213867187 -0.0287227630615234
-0.115119934082031 0.106513977050781 0.00878143310546875 -0.0642433166503906
-0.0565185546875 0.160125732421875 -0.00592041015625001 -0.0721435546875
-0.00485229492187501 0.164459228515625 -0.0292510986328125 -0.0731964111328125
-0.0037078857421875 0.156051635742188 -0.0323753356933594 -0.0690383911132812
-0.00717163085937499 0.175216674804687 -0.0274620056152344 -0.0671501159667969
-0.0523681640625 0.170013427734375 -0.0110130310058594 -0.0603828430175781
-0.117988586425781 0.128471374511719 0.00317764282226562 -0.0559234619140625
-0.150848388671875 0.0893096923828125 0.0146083831787109 -0.0326786041259766
-0.182037353515625 -0.0182342529296875 0.0135288238525391 -0.0138568878173828
-0.19561767578125 -0.0704803466796875 -0.0296649932861328 0.0277214050292969
-0.187393188476562 -0.085174560546875 -0.0558815002441406 0.0261383056640625
-0.132476806640625 -0.0444488525390625 -0.162094116210938 -0.109298706054687
-0.124908447265625 -0.0179824829101562 -0.125724792480469 -0.0323257446289063
-0.107109069824219 -0.000396728515625013 -0.0309467315673828 -0.00537681579589844
-0.100341796875 0.036895751953125 0.00373077392578124 -0.0396308898925781
-0.077911376953125 0.0671768188476563 0.0084228515625 -0.083343505859375
-0.0429916381835938 0.111747741699219 -0.013153076171875 -0.111663818359375
-0.00976562499999999 0.117431640625 -0.045440673828125 -0.122627258300781
-0.00820159912109375 0.113052368164063 -0.0480270385742187 -0.117485046386719
-0.016143798828125 0.129135131835938 -0.0336837768554688 -0.116867065429688
-0.0548553466796875 0.1181640625 -0.00256347656250001 -0.104576110839844
-0.101478576660156 0.0762939453125 0.0160903930664062 -0.0788421630859375
-0.115028381347656 0.04119873046875 0.0200576782226562 -0.0414581298828125
-0.120811462402344 -0.0357666015625 -0.00376510620117188 -0.0159988403320313
-0.128150939941406 -0.0633544921875 -0.0740203857421875 0.0118255615234375
-0.129104614257813 -0.0642623901367188 -0.108665466308594 -0.0172653198242187
-0.0492172241210937 -0.00351715087890626 -0.197952270507813 -0.120529174804688
-0.0382919311523438 -0.0040740966796875 -0.153640747070313 -0.034698486328125
-0.0270252227783203 -0.00720787048339844 -0.0486717224121094 0.00247955322265624
-0.0375938415527344 -0.00102233886718749 -0.00420379638671876 -0.0402984619140625
-0.0390205383300781 0.016845703125 0.00636291503906251 -0.0873260498046875
-0.029510498046875 0.0474853515625 -0.0206832885742188 -0.132781982421875
-0.0164985656738281 0.0533599853515625 -0.057037353515625 -0.152496337890625
-0.0112152099609375 0.0523147583007813 -0.057037353515625 -0.148391723632813
-0.0190620422363281 0.0640487670898438 -0.0330657958984375 -0.149063110351563
-0.0404052734375 0.0518836975097656 0.010101318359375 -0.133018493652344
-0.059661865234375 0.0199241638183594 0.030242919921875 -0.0880661010742188
-0.0536346435546875 0.000209808349609383 0.0256309509277344 -0.0432395935058594
-0.0419578552246094 -0.0293617248535156 -0.0156641006469727 -0.0168533325195313
-0.0467720031738281 -0.0308494567871094 -0.102409362792969 -0.00701141357421875
-0.0557785034179688 -0.0246734619140625 -0.140480041503906 -0.0515899658203125
-0.0354843139648438 -0.03814697265625 0.163101196289062 0.0373382568359375
-0.0439682006835938 -0.0295066833496094 0.118629455566406 0.00952911376953125
-0.0517921447753906 -0.00125503540039064 0.0152082443237305 -0.00754928588867188
-0.0279483795166016 0.0256061553955078 -0.0344314575195313 0.0362586975097656
-0.0081634521484375 0.0246009826660156 -0.0508956909179687 0.0821609497070313
0.00953292846679687 0.0189743041992188 -0.0171356201171875 0.150039672851562
0.0196132659912109 0.02020263671875 0.040374755859375 0.177001953125
0.0168819427490234 0.0188102722167969 0.0661163330078125 0.164154052734375
0.0229549407958984 0.0148944854736328 0.0606689453125 0.157272338867188
0.0223808288574219 0.0267314910888672 0.0258636474609375 0.140945434570313
0.0116348266601563 0.0405082702636719 0.00876617431640624 0.0834808349609375
-0.0114822387695313 0.043609619140625 0.0180816650390625 0.0324573516845703
-0.0457878112792969 0.0245933532714844 0.0780105590820313 0.0117950439453125
-0.0475692749023438 -0.00415420532226563 0.181686401367188 0.0325164794921875
-0.0298709869384766 -0.0106697082519531 0.216934204101563 0.161666870117188
-0.119224548339844 -0.088897705078125 0.141693115234375 0.0316925048828125
-0.124603271484375 -0.0690078735351563 0.1063232421875 0.0133056640625
-0.135818481445313 -0.0299835205078125 0.0236282348632812 -0.00922393798828125
-0.111488342285156 0.0363845825195312 -0.0271568298339844 0.0291843414306641
-0.0712814331054688 0.0654983520507812 -0.046295166015625 0.0650672912597656
-0.0234375 0.0896072387695313 -0.0172576904296875 0.132530212402344
0.017181396484375 0.0940628051757813 0.032440185546875 0.160263061523438
0.0187759399414062 0.0884475708007813 0.05621337890625 0.14739990234375
0.0271453857421875 0.0905990600585938 0.0517807006835937 0.140327453613281
0.0135650634765625 0.099609375 0.02178955078125 0.126358032226563
-0.022674560546875 0.0999679565429688 0.0072479248046875 0.0683250427246094
-0.0602569580078125 0.092132568359375 0.0194740295410156 0.0214633941650391
-0.117660522460938 0.0363616943359375 0.0800094604492187 -0.00188446044921875
-0.135513305664063 -0.015777587890625 0.17266845703125 0.0304718017578125
-0.119331359863281 -0.0391998291015625 0.200942993164062 0.155685424804688
-0.1873779296875 -0.124465942382813 0.0974349975585938 0.00749969482421874
-0.193222045898438 -0.0943603515625 0.075164794921875 0.00647735595703124
-0.204910278320313 -0.047027587890625 0.0267658233642578 -0.0105056762695313
-0.180267333984375 0.049041748046875 -0.0129756927490234 0.0200119018554688
-0.122505187988281 0.10186767578125 -0.0308837890625 0.0389404296875
-0.051727294921875 0.14923095703125 -0.0115966796875 0.0943069458007813
0.012603759765625 0.1544189453125 0.0206756591796875 0.117919921875
0.0186004638671875 0.14459228515625 0.037628173828125 0.108535766601563
0.028656005859375 0.153091430664063 0.0335464477539062 0.104141235351563
0.00279235839843751 0.160614013671875 0.013031005859375 0.0950775146484375
-0.05511474609375 0.1494140625 0.00308990478515625 0.0441322326660156
-0.1044921875 0.130897521972656 0.0181980133056641 0.00869178771972657
-0.176925659179688 0.0434722900390625 0.0721359252929687 -0.010833740234375
-0.205841064453125 -0.0262603759765625 0.141021728515625 0.0313568115234375
-0.18994140625 -0.06280517578125 0.156234741210938 0.13916015625
-0.229721069335937 -0.131927490234375 0.0356483459472656 -0.02667236328125
-0.235946655273438 -0.0913238525390625 0.027841567993164 -0.00475502014160157
-0.243423461914062 -0.0392913818359375 0.0218086242675781 -0.0107250213623047
-0.215133666992188 0.06695556640625 0.00129985809326171 0.00664663314819336
-0.148300170898437 0.128631591796875 -0.0120029449462891 0.00424289703369141
-0.06597900390625 0.187469482421875 -0.00482177734375001 0.0404853820800781
0.0093231201171875 0.190216064453125 0.00615692138671875 0.0575103759765625
0.0154266357421875 0.178756713867188 0.0136299133300781 0.0538101196289063
0.023681640625 0.193984985351563 0.00960922241210938 0.0520133972167969
-0.0123138427734375 0.198928833007813 9.15527343750033E-05 0.048828125
-0.0868988037109375 0.177932739257813 -0.00160026550292969 0.0116977691650391
-0.140609741210938 0.149993896484375 0.0157747268676758 -0.00581073760986327
-0.216201782226563 0.038299560546875 0.0556221008300781 -0.0137481689453125
-0.24615478515625 -0.0390777587890625 0.0906829833984375 0.035736083984375
-0.23004150390625 -0.079833984375 0.0911636352539063 0.110794067382813
-0.238021850585938 -0.116455078125 -0.0382041931152344 -0.0622596740722656
-0.24298095703125 -0.0673065185546875 -0.0297775268554688 -0.0162639617919922
-0.240020751953125 -0.0177154541015625 0.00800514221191405 -0.0103931427001953
-0.209518432617188 0.0799560546875 0.0105857849121094 -0.0119390487670898
-0.144546508789063 0.136444091796875 0.00195884704589843 -0.0348262786865234
-0.0648956298828125 0.19580078125 -0.00374984741210938 -0.0204830169677734
0.00599670410156248 0.197235107421875 -0.0124778747558594 -0.0113048553466797
0.00889587402343752 0.18572998046875 -0.0119132995605469 -0.00950622558593749
0.012481689453125 0.2047119140625 -0.0140581130981445 -0.00878429412841795
-0.032379150390625 0.206817626953125 -0.0104503631591797 -0.0064725875854492
-0.112075805664062 0.174423217773438 -0.00361442565917969 -0.0250988006591797
-0.161911010742188 0.13800048828125 0.0141582489013672 -0.0212440490722656
-0.224288940429688 0.015472412109375 0.0342464447021484 -0.0136432647705078
-0.248016357421875 -0.05682373046875 0.0289382934570312 0.0368270874023437
-0.233306884765625 -0.08941650390625 0.0138931274414062 0.0733871459960938
-0.206573486328125 -0.084136962890625 -0.111900329589844 -0.092132568359375
-0.204696655273438 -0.0383148193359375 -0.0866165161132813 -0.0251235961914063
-0.19189453125 -0.000747680664062492 -0.0118770599365235 -0.0090484619140625
-0.167633056640625 0.0717926025390625 0.0102462768554687 -0.0302333831787109
-0.118476867675781 0.116767883300781 0.0074005126953125 -0.0682182312011719
-0.0552825927734375 0.170745849609375 -0.00893402099609374 -0.0768203735351562
0.00141906738281249 0.1737060546875 -0.03240966796875 -0.0760498046875
0.00183105468750001 0.164657592773438 -0.0349502563476562 -0.0716323852539062
-0.00134277343750002 0.184585571289063 -0.0302810668945313 -0.0703887939453125
-0.0489501953125 0.180923461914062 -0.0132637023925781 -0.062835693359375
-0.120849609375 0.140113830566406 0.00222778320312499 -0.059326171875
-0.156967163085937 0.09857177734375 0.0152435302734375 -0.0353355407714844
-0.194137573242188 -0.0143585205078125 0.0121145248413086 -0.0139398574829102
-0.208847045898438 -0.068511962890625 -0.0307807922363281 0.0298957824707031
-0.19989013671875 -0.0861968994140625 -0.0579147338867188 0.0285415649414063
-0.14111328125 -0.0443878173828125 -0.17083740234375 -0.113113403320312
-0.132133483886719 -0.015350341796875 -0.131919860839844 -0.0303802490234375
-0.115478515625 0.00247192382812498 -0.0328426361083984 -0.00464248657226562
-0.105422973632813 0.0428924560546875 0.00308227539062499 -0.041534423828125
-0.0799942016601563 0.0741958618164062 0.00592041015625 -0.08807373046875
-0.042266845703125 0.119247436523438 -0.0178146362304688 -0.117507934570313
-0.00581359863281249 0.124526977539063 -0.050567626953125 -0.127151489257812
-0.0047149658203125 0.118980407714844 -0.0530242919921875 -0.122390747070313
-0.011993408203125 0.1365966796875 -0.0383224487304688 -0.122901916503906
-0.0531768798828125 0.126701354980469 -0.00590515136718751 -0.109855651855469
-0.10479736328125 0.0844955444335938 0.0147781372070312 -0.0838851928710938
-0.119842529296875 0.046783447265625 0.0202598571777344 -0.0450630187988281
-0.1290283203125 -0.034088134765625 -0.00510025024414063 -0.0160665512084961
-0.137359619140625 -0.0624618530273438 -0.0780487060546875 0.013946533203125
-0.137336730957031 -0.0649337768554688 -0.114593505859375 -0.0164642333984375
-0.0523147583007813 -0.00313568115234376 -0.209426879882813 -0.123870849609375
-0.0407142639160156 -0.00330352783203125 -0.161270141601563 -0.032073974609375
-0.0296745300292969 -0.0070648193359375 -0.0503501892089844 0.00397872924804688
-0.0391159057617188 0.000415802001953132 -0.0054779052734375 -0.0421562194824219
-0.040435791015625 0.0194587707519531 0.00386047363281249 -0.09185791015625
-0.0293006896972656 0.0507698059082031 -0.0260772705078125 -0.138961791992188
-0.0149154663085938 0.0570297241210938 -0.0644073486328125 -0.158294677734375
-0.0103912353515625 0.0551910400390625 -0.064178466796875 -0.154327392578125
-0.0172691345214844 0.0676460266113281 -0.0385284423828125 -0.156814575195312
-0.0406074523925781 0.0559043884277344 0.00655364990234374 -0.139839172363281
-0.0625686645507813 0.0240516662597656 0.0296173095703125 -0.0938720703125
-0.0560874938964844 0.0018768310546875 0.0260276794433594 -0.0470657348632812
-0.0451583862304688 -0.0296592712402344 -0.0178241729736328 -0.0166149139404297
-0.0503692626953125 -0.0300254821777344 -0.107704162597656 -0.00467681884765625
-0.0589141845703125 -0.0251083374023437 -0.149093627929688 -0.05218505859375
-0.0392303466796875 -0.0381050109863281 0.1724853515625 0.032470703125
-0.0479240417480469 -0.02813720703125 0.125038146972656 0.0035400390625
-0.0544509887695313 0.002227783203125 0.0154361724853516 -0.00861835479736328
-0.0282001495361328 0.028350830078125 -0.0334358215332031 0.0394248962402344
-0.007568359375 0.0262069702148438 -0.0481491088867187 0.08868408203125
0.0108432769775391 0.0193042755126953 -0.009246826171875 0.157669067382812
0.0217647552490234 0.0199069976806641 0.052703857421875 0.182861328125
0.0190811157226563 0.0188102722167969 0.078887939453125 0.168121337890625
0.0250339508056641 0.0147590637207031 0.0735015869140625 0.161605834960938
0.0253982543945312 0.0268268585205078 0.0364990234375 0.146621704101563
0.0142898559570313 0.042022705078125 0.0146484375 0.087921142578125
-0.00984954833984375 0.0469207763671875 0.0213394165039063 0.0341892242431641
-0.04705810546875 0.0287590026855469 0.083343505859375 0.00853729248046875
-0.0504074096679688 -0.00231933593750001 0.192031860351563 0.0237884521484375
-0.0321884155273438 -0.0104770660400391 0.236099243164063 0.158935546875
-0.130455017089844 -0.0866546630859375 0.151016235351563 0.0274658203125
-0.135055541992188 -0.0653152465820313 0.112617492675781 0.00852203369140625
-0.145248413085938 -0.0235748291015625 0.02423095703125 -0.0109539031982422
-0.114753723144531 0.0440673828125 -0.0261402130126953 0.0319461822509766
-0.0709609985351563 0.0729522705078125 -0.04510498046875 0.0703811645507813
-0.0195999145507812 0.0956954956054688 -0.0103836059570313 0.138946533203125
0.0236358642578125 0.0979537963867188 0.0434417724609375 0.165374755859375
0.0256881713867187 0.0912704467773438 0.0680999755859375 0.151031494140625
0.034820556640625 0.0938873291015625 0.0632171630859375 0.144485473632813
0.0209197998046875 0.103858947753906 0.0314483642578125 0.131629943847656
-0.0178375244140625 0.107070922851563 0.0116806030273437 0.071929931640625
-0.0583953857421875 0.100753784179688 0.0218906402587891 0.0218982696533203
-0.122528076171875 0.0452880859375 0.0837326049804687 -0.006103515625
-0.144577026367188 -0.00895690917968752 0.18206787109375 0.0215606689453125
-0.127944946289063 -0.0363845825195312 0.219635009765625 0.153961181640625
-0.2037353515625 -0.120193481445313 0.103538513183594 0.00395965576171874
-0.20758056640625 -0.087554931640625 0.0800704956054688 0.0031280517578125
-0.219467163085937 -0.037322998046875 0.0272331237792969 -0.0124130249023438
-0.1865234375 0.06182861328125 -0.0121326446533203 0.0212821960449219
-0.122856140136719 0.114730834960938 -0.029998779296875 0.0418434143066406
-0.0454559326171875 0.160110473632813 -0.00740051269531249 0.0980911254882813
0.02294921875 0.161392211914063 0.0286483764648438 0.122184753417969
0.02874755859375 0.1500244140625 0.046417236328125 0.111793518066406
0.0398712158203125 0.159255981445313 0.0417709350585938 0.107376098632813
0.0145416259765625 0.168960571289063 0.0201034545898437 0.0991668701171875
-0.0489044189453125 0.161270141601562 0.00632095336914062 0.0460472106933594
-0.10284423828125 0.144805908203125 0.0197486877441406 0.00814437866210938
-0.184814453125 0.0563201904296875 0.0747909545898438 -0.0141372680664062
-0.2191162109375 -0.0161285400390625 0.149017333984375 0.025146484375
-0.20318603515625 -0.0567779541015625 0.17193603515625 0.13800048828125
-0.249649047851562 -0.126541137695312 0.0367088317871094 -0.0294914245605469
-0.25360107421875 -0.0828704833984375 0.029632568359375 -0.00652122497558594
-0.261032104492188 -0.0276641845703125 0.0215606689453125 -0.0123825073242188
-0.223526000976562 0.0835113525390625 0.00288820266723631 0.00640201568603516
-0.148269653320313 0.144866943359375 -0.0125389099121094 0.00446033477783204
-0.0584869384765625 0.201370239257813 -0.00386810302734376 0.041351318359375
0.021759033203125 0.199752807617188 0.0097503662109375 0.0593528747558594
0.0266571044921875 0.185989379882813 0.0184745788574219 0.0555496215820313
0.037139892578125 0.2020263671875 0.0130653381347656 0.0538978576660156
-4.57763671875062E-05 0.2105712890625 0.00382232666015626 0.0516624450683594
-0.0802154541015625 0.1934814453125 -0.000638961791992192 0.0119657516479492
-0.139801025390625 0.166305541992188 0.0167903900146484 -0.00730514526367187
-0.227203369140625 0.0534210205078125 0.05682373046875 -0.0170440673828125
-0.262832641601563 -0.0277099609375 0.0964813232421875 0.0317306518554688
-0.24652099609375 -0.0725250244140625 0.101570129394531 0.112045288085937
-0.257080078125 -0.109390258789063 -0.042388916015625 -0.0637054443359375
-0.2589111328125 -0.057891845703125 -0.0312290191650391 -0.0151329040527344
-0.25634765625 -0.00460815429687497 0.00710201263427733 -0.0118942260742188
-0.21685791015625 0.0966949462890625 0.0111150741577148 -0.0137186050415039
-0.143905639648438 0.1527099609375 -0.000495910644531261 -0.0369949340820312
-0.057342529296875 0.209930419921875 -0.00608253479003907 -0.0225811004638672
0.0191497802734375 0.207229614257813 -0.0130720138549805 -0.0113592147827148
0.0211029052734375 0.194381713867187 -0.0119075775146484 -0.00932884216308593
0.0260009765625 0.214553833007813 -0.0150575637817383 -0.00876235961914061
-0.020751953125 0.2197265625 -0.0110139846801758 -0.00581932067871092
-0.107620239257813 0.192092895507813 -0.00455856323242188 -0.0270347595214844
-0.16253662109375 0.154800415039062 0.0134334564208984 -0.0238609313964844
-0.23687744140625 0.0294189453125 0.0339851379394531 -0.0151901245117187
-0.265380859375 -0.0455169677734375 0.0319557189941406 0.0367355346679688
-0.250045776367187 -0.0827484130859375 0.0187835693359375 0.0759201049804688
-0.222518920898438 -0.0772705078125 -0.120956420898438 -0.0915069580078125
-0.217437744140625 -0.029388427734375 -0.0908737182617188 -0.0213241577148437
-0.20465087890625 0.0101776123046875 -0.0128660202026367 -0.00892543792724609
-0.172698974609375 0.08642578125 0.0100727081298828 -0.0320911407470703
-0.116966247558594 0.130905151367188 0.00322723388671875 -0.072174072265625
-0.047821044921875 0.183517456054688 -0.014923095703125 -0.0806503295898437
0.012420654296875 0.182388305664063 -0.0377655029296875 -0.0780563354492187
0.01214599609375 0.172271728515625 -0.0400924682617188 -0.0732574462890625
0.0105743408203125 0.194091796875 -0.03619384765625 -0.07257080078125
-0.0391693115234375 0.193740844726563 -0.0169448852539063 -0.0643577575683594
-0.118606567382813 0.156005859375 -0.000865936279296887 -0.0633506774902344
-0.1588134765625 0.113204956054688 0.0138282775878906 -0.03887939453125
-0.2061767578125 -0.003753662109375 0.010685920715332 -0.0142526626586914
-0.224166870117187 -0.0600738525390625 -0.0313453674316406 0.0327873229980469
-0.214828491210938 -0.080718994140625 -0.0600128173828125 0.0321006774902344
-0.151473999023438 -0.0391082763671875 -0.18524169921875 -0.111160278320313
-0.140357971191406 -0.00901031494140622 -0.13922119140625 -0.02484130859375
-0.123619079589844 0.00942230224609376 -0.0342464447021484 -0.00307846069335937
-0.108993530273438 0.0519638061523437 0.00120925903320312 -0.043670654296875
-0.079498291015625 0.0841140747070313 0.000518798828124988 -0.0928268432617187
-0.0365829467773438 0.1282958984375 -0.0260543823242188 -0.122840881347656
0.00238037109375 0.131065368652344 -0.0601425170898438 -0.130279541015625
0.0023956298828125 0.124832153320313 -0.0615921020507813 -0.125900268554688
-0.00396728515624998 0.144180297851563 -0.0480117797851563 -0.127311706542969
-0.0474319458007812 0.136810302734375 -0.0126953125 -0.114555358886719
-0.104705810546875 0.0961227416992187 0.01092529296875 -0.0896148681640625
-0.122787475585938 0.05609130859375 0.0184364318847656 -0.0488815307617187
-0.138420104980469 -0.02850341796875 -0.00721359252929689 -0.0156049728393555
-0.148635864257813 -0.05731201171875 -0.0813217163085938 0.0189895629882813
-0.1480712890625 -0.061004638671875 -0.121368408203125 -0.0124359130859375
-0.0556831359863281 -0.000446319580078126 -0.225677490234375 -0.120468139648438
-0.04364013671875 -0.00127029418945312 -0.170333862304688 -0.0247955322265625
-0.0327682495117188 -0.00597572326660156 -0.0521278381347656 0.00716781616210937
-0.0416221618652344 0.00347900390625 -0.00820922851562501 -0.0435905456542969
-0.0409278869628906 0.0237998962402344 -0.00186920166015625 -0.0968551635742188
-0.0275955200195313 0.05511474609375 -0.0356292724609375 -0.143844604492188
-0.0114059448242188 0.0608596801757813 -0.07659912109375 -0.1622314453125
-0.00711441040039063 0.0583572387695313 -0.075836181640625 -0.158309936523437
-0.0137481689453125 0.071807861328125 -0.05029296875 -0.162979125976563
-0.0383758544921875 0.0611228942871094 -0.00154113769531252 -0.146331787109375
-0.0641708374023437 0.0294036865234375 0.0258560180664063 -0.100593566894531
-0.0585823059082031 0.00539779663085939 0.0242156982421875 -0.0511894226074219
-0.0491142272949219 -0.0282096862792969 -0.0202083587646484 -0.0157661437988281
-0.0546531677246094 -0.0278587341308594 -0.113113403320313 0.000976562499999997
-0.063018798828125 -0.0225906372070312 -0.159500122070313 -0.0479278564453125
-0.0426673889160156 -0.0357551574707031 0.179153442382813 0.0228118896484375
-0.0507545471191406 -0.0253067016601562 0.127708435058594 -0.0047760009765625
-0.0551261901855469 0.00670623779296876 0.0148744583129883 -0.00950241088867188
-0.0264606475830078 0.0306415557861328 -0.0310745239257812 0.0423011779785156
-0.00615119934082031 0.0272750854492187 -0.042236328125 0.0935592651367188
0.0123615264892578 0.0186347961425781 0.00241088867187501 0.160247802734375
0.0238208770751953 0.0187721252441406 0.067108154296875 0.182342529296875
0.0209522247314453 0.0175037384033203 0.093231201171875 0.1649169921875
0.0266952514648438 0.0133094787597656 0.0880126953125 0.159866333007813
0.0279083251953125 0.0253696441650391 0.0496826171875 0.1470947265625
0.0181236267089844 0.0419654846191406 0.0215911865234375 0.0893630981445313
-0.00680923461914062 0.0490608215332031 0.0245342254638672 0.0338783264160156
-0.0458602905273438 0.032928466796875 0.0858306884765625 0.002197265625
-0.0522804260253906 0.00109100341796876 0.196731567382813 0.009735107421875
-0.0343551635742188 -0.00940704345703124 0.251846313476563 0.146804809570313
-0.139511108398437 -0.0788726806640625 0.156539916992187 0.01898193359375
-0.142532348632813 -0.0568084716796875 0.115814208984375 0.00133514404296875
-0.151321411132813 -0.0131683349609375 0.0230579376220703 -0.0125102996826172
-0.114784240722656 0.0536041259765625 -0.0239276885986328 0.0336322784423828
-0.0672073364257813 0.0797500610351563 -0.0406723022460938 0.0742874145507812
-0.0133132934570312 0.099700927734375 -0.000732421874999986 0.14178466796875
0.0318145751953125 0.097747802734375 0.05682373046875 0.164901733398438
0.0334854125976563 0.0913238525390625 0.081207275390625 0.148605346679688
0.04345703125 0.0933990478515625 0.076019287109375 0.142852783203125
0.0300369262695312 0.104728698730469 0.0438003540039063 0.132156372070313
-0.00978851318359375 0.111907958984375 0.0180206298828125 0.072723388671875
-0.0529403686523437 0.108154296875 0.0241851806640625 0.0210628509521484
-0.122856140136719 0.055908203125 0.08544921875 -0.011932373046875
-0.149993896484375 0.000900268554687483 0.186264038085938 0.00848388671875
-0.134414672851563 -0.0290908813476563 0.23553466796875 0.14190673828125
-0.217391967773438 -0.10736083984375 0.106231689453125 -0.00254821777343751
-0.218551635742188 -0.0743865966796875 0.0822906494140625 -0.0021514892578125
-0.22955322265625 -0.0216827392578125 0.0260543823242187 -0.0140247344970703
-0.1864013671875 0.07763671875 -0.0104846954345703 0.0225982666015625
-0.116859436035156 0.126457214355469 -0.0286483764648438 0.0441055297851563
-0.0340728759765625 0.167266845703125 -0.00149536132812501 0.0994796752929688
0.0366973876953125 0.162826538085938 0.0383834838867188 0.121284484863281
0.0409698486328125 0.150314331054688 0.0569915771484375 0.109825134277344
0.054473876953125 0.1600341796875 0.0507125854492187 0.106460571289063
0.0285491943359375 0.171173095703125 0.0290298461914063 0.100334167480469
-0.0369415283203125 0.169921875 0.0103569030761719 0.0463409423828125
-0.094482421875 0.156723022460938 0.0214920043945312 0.00659561157226563
-0.186676025390625 0.0720672607421875 0.0749282836914062 -0.0195465087890625
-0.227020263671875 0.000457763671875021 0.153121948242187 0.0146331787109375
-0.212799072265625 -0.04486083984375 0.185791015625 0.1290283203125
-0.26483154296875 -0.110260009765625 0.0358810424804687 -0.0324592590332031
-0.264739990234375 -0.0665283203125 0.0306453704833984 -0.00832176208496094
-0.271621704101563 -0.008148193359375 0.021087646484375 -0.0138530731201172
-0.2230224609375 0.102584838867188 0.00422239303588866 0.00582218170166016
-0.140396118164062 0.159393310546875 -0.0131244659423828 0.00517845153808594
-0.0445556640625 0.21075439453125 -0.00197219848632813 0.0418052673339844
0.03839111328125 0.20233154296875 0.0145721435546875 0.059295654296875
0.0421142578125 0.187973022460937 0.0238037109375 0.054412841796875
0.0548858642578125 0.20428466796875 0.017059326171875 0.0542182922363281
0.01763916015625 0.215316772460938 0.00864028930664063 0.0529289245605469
-0.066925048828125 0.205596923828125 0.00051498413085937 0.0119972229003906
-0.130233764648438 0.182266235351562 0.016357421875 -0.00923061370849608
-0.23004150390625 0.072113037109375 0.0562210083007812 -0.0202293395996094
-0.27252197265625 -0.00808715820312499 0.0993270874023438 0.025146484375
-0.258270263671875 -0.0575714111328125 0.112136840820312 0.107437133789062
-0.27178955078125 -0.0931701660156251 -0.0476303100585938 -0.0626564025878906
-0.269287109375 -0.040557861328125 -0.031890869140625 -0.0130538940429688
-0.265777587890625 0.0155792236328126 0.00639438629150389 -0.0116872787475586
-0.215042114257812 0.116241455078125 0.011296272277832 -0.014434814453125
-0.13482666015625 0.167953491210938 -0.00399398803710939 -0.0376548767089844
-0.04217529296875 0.220321655273438 -0.00919914245605469 -0.0231609344482422
0.0355987548828125 0.209915161132813 -0.0141582489013672 -0.0109233856201172
0.037078857421875 0.196517944335938 -0.0118379592895508 -0.00932312011718749
0.0445709228515625 0.21734619140625 -0.0166988372802734 -0.00804996490478514
-0.00291442871093751 0.226669311523438 -0.0107641220092773 -0.00472259521484374
-0.0943450927734375 0.205963134765625 -0.0069408416748047 -0.0281696319580078
-0.154449462890625 0.17205810546875 0.0117568969726562 -0.0260353088378906
-0.242050170898438 0.04833984375 0.0332660675048828 -0.0172042846679687
-0.2762451171875 -0.0266571044921875 0.0343742370605469 0.0351524353027344
-0.26251220703125 -0.06768798828125 0.0250015258789062 0.0760574340820313
-0.233413696289063 -0.06268310546875 -0.129936218261719 -0.0867996215820313
-0.225204467773438 -0.0135040283203125 -0.0932846069335938 -0.0152969360351563
-0.211715698242188 0.027069091796875 -0.0138816833496094 -0.00789070129394531
-0.17132568359375 0.102020263671875 0.00817489624023436 -0.0340213775634766
-0.108734130859375 0.143783569335938 -0.00337219238281251 -0.073577880859375
-0.0346221923828125 0.19183349609375 -0.021881103515625 -0.0810775756835937
0.0275421142578125 0.185577392578125 -0.0442733764648437 -0.0773773193359375
0.02581787109375 0.174728393554687 -0.0450973510742187 -0.0722885131835938
0.026397705078125 0.197769165039063 -0.0428848266601563 -0.0716629028320312
-0.0240478515625 0.201034545898438 -0.0220222473144531 -0.0639572143554687
-0.108795166015625 0.169830322265625 -0.00596237182617189 -0.0654182434082031
-0.15399169921875 0.12799072265625 0.0105056762695312 -0.0412139892578125
-0.212081909179687 0.0125885009765625 0.00951099395751952 -0.0147571563720703
-0.2352294921875 -0.044158935546875 -0.0301017761230469 0.0357208251953125
-0.225738525390625 -0.0675201416015625 -0.0589370727539063 0.0368881225585938
-0.1580810546875 -0.028656005859375 -0.196533203125 -0.102340698242187
-0.14434814453125 0.00131225585937503 -0.142822265625 -0.015350341796875
-0.128105163574219 0.0194931030273438 -0.0348129272460938 -0.000858306884765621
-0.108055114746094 0.0625152587890625 -0.00126647949218751 -0.0445823669433594
-0.0737228393554688 0.0928192138671875 -0.00749969482421875 -0.0941238403320313
-0.02728271484375 0.134811401367188 -0.03680419921875 -0.12322998046875
0.0129623413085938 0.133262634277344 -0.0708999633789063 -0.128883361816406
0.0125656127929687 0.126869201660156 -0.0712203979492188 -0.123687744140625
0.00733947753906249 0.147232055664063 -0.0590896606445313 -0.126350402832031
-0.0370025634765625 0.143447875976562 -0.021575927734375 -0.114753723144531
-0.100028991699219 0.107513427734375 0.00402832031249999 -0.0931396484375
-0.121452331542969 0.0666961669921875 0.0148124694824219 -0.0520401000976562
-0.144805908203125 -0.0183563232421875 -0.00904655456542969 -0.0143184661865234
-0.15643310546875 -0.0467376708984375 -0.0819625854492188 0.025238037109375
-0.155776977539063 -0.052032470703125 -0.125579833984375 -0.00457763671875001
-0.0569496154785156 0.00389480590820313 -0.238662719726563 -0.1090087890625
-0.0451698303222656 0.00213623046875001 -0.175140380859375 -0.01312255859375
-0.0355339050292969 -0.00309371948242187 -0.0519180297851563 0.0107460021972656
-0.04229736328125 0.00757598876953125 -0.0115509033203125 -0.0441360473632813
-0.0388603210449219 0.0279541015625 -0.0102767944335938 -0.0983963012695313
-0.0236434936523437 0.0587425231933594 -0.0475006103515625 -0.144058227539063
-0.00631332397460937 0.0629463195800781 -0.089630126953125 -0.159820556640625
-0.00246429443359375 0.0598106384277344 -0.08819580078125 -0.15594482421875
-0.00811004638671875 0.0740203857421875 -0.0638427734375 -0.161972045898438
-0.0339202880859375 0.0659637451171875 -0.0135345458984375 -0.14825439453125
-0.0632209777832031 0.0354385375976563 0.0176773071289063 -0.105239868164063
-0.0592384338378906 0.00991439819335939 0.0202102661132813 -0.0545463562011719
-0.0523834228515625 -0.0245742797851563 -0.0220584869384766 -0.0133152008056641
-0.0581283569335938 -0.0237312316894531 -0.115188598632813 0.00889587402343751
-0.0663070678710938 -0.0183067321777344 -0.167617797851563 -0.03839111328125
-0.0438385009765625 -0.0322990417480469 0.179168701171875 0.013916015625
-0.0517692565917969 -0.0214881896972656 0.125709533691406 -0.011749267578125
-0.05401611328125 0.0100517272949219 0.0139141082763672 -0.0101318359375
-0.0243282318115234 0.0313720703125 -0.0277099609375 0.0435447692871094
-0.0047760009765625 0.0273056030273438 -0.0358810424804688 0.0945587158203125
0.0127906799316406 0.0177364349365234 0.0128326416015625 0.157699584960938
0.0248641967773438 0.0169677734375 0.077972412109375 0.175735473632813
0.0221195220947266 0.0159549713134766 0.1024169921875 0.157257080078125
0.0275554656982422 0.0117835998535156 0.0975189208984375 0.151779174804688
0.0294647216796875 0.0230598449707031 0.05999755859375 0.141921997070313
0.0210762023925781 0.0404129028320313 0.0278244018554687 0.0873870849609375
-0.00424575805664063 0.0495033264160156 0.0266933441162109 0.0328598022460938
-0.0437393188476563 0.0359344482421875 0.085235595703125 -0.00308990478515625
-0.052703857421875 0.00381088256835938 0.194076538085938 -0.0023651123046875
-0.035247802734375 -0.00812149047851562 0.258392333984375 0.131103515625
-0.143051147460938 -0.06951904296875 0.156387329101563 0.0111236572265625
-0.144485473632813 -0.0471649169921875 0.1146240234375 -0.00571441650390625
-0.15130615234375 -0.00286865234375 0.0218791961669922 -0.0135498046875
-0.110122680664063 0.0600128173828125 -0.0206947326660156 0.0348396301269531
-0.0616302490234375 0.0830078125 -0.035430908203125 0.0755844116210938
-0.00659179687500001 0.0994873046875 0.00727844238281251 0.138931274414063
0.0384902954101562 0.0950469970703125 0.0664520263671875 0.159591674804688
0.039093017578125 0.08795166015625 0.08984375 0.14141845703125
0.0496902465820312 0.0896224975585938 0.0845413208007813 0.135841369628906
0.0368881225585938 0.101387023925781 0.0527801513671875 0.127677917480469
-0.00212097167968751 0.112045288085937 0.0229339599609375 0.07086181640625
-0.045745849609375 0.111839294433594 0.0257072448730469 0.0196323394775391
-0.118797302246094 0.0635833740234375 0.0833587646484375 -0.016876220703125
-0.149993896484375 0.0107421875 0.18402099609375 -0.0033721923828125
-0.135360717773438 -0.0210723876953125 0.242080688476563 0.126785278320313
-0.222488403320313 -0.092742919921875 0.105377197265625 -0.00772094726562501
-0.220672607421875 -0.059722900390625 0.081390380859375 -0.00653076171875
-0.230331420898438 -0.00566101074218751 0.0250263214111328 -0.0146713256835938
-0.18035888671875 0.0889892578125 -0.00808715820312501 0.0227890014648438
-0.107307434082031 0.132400512695313 -0.0255241394042969 0.0448532104492188
-0.02337646484375 0.168411254882813 0.00408172607421876 0.09808349609375
0.047088623046875 0.158660888671875 0.0455093383789062 0.117210388183594
0.050750732421875 0.146270751953125 0.0633392333984375 0.104316711425781
0.0652923583984375 0.154647827148438 0.0572357177734375 0.102066040039063
0.039764404296875 0.167938232421875 0.0366973876953125 0.096649169921875
-0.0254058837890625 0.172317504882813 0.0133285522460937 0.0453453063964844
-0.0836029052734375 0.162506103515625 0.0213127136230469 0.00496864318847657
-0.181716918945313 0.0838623046875 0.0724105834960937 -0.023681640625
-0.2271728515625 0.0144805908203125 0.151412963867187 0.004974365234375
-0.214553833007813 -0.0323333740234375 0.192733764648438 0.11688232421875
-0.269515991210937 -0.0927276611328125 0.0337657928466797 -0.0337295532226563
-0.266326904296875 -0.049041748046875 0.0304412841796875 -0.00956726074218751
-0.27227783203125 0.0104827880859375 0.0194969177246094 -0.0142459869384766
-0.21514892578125 0.116424560546875 0.00470829010009764 0.00568962097167969
-0.128585815429687 0.167465209960938 -0.013178825378418 0.00570869445800782
-0.0302734375 0.212570190429688 -0.000583648681640629 0.0411911010742188
0.0513153076171875 0.197860717773438 0.0183868408203125 0.0573196411132813
0.053802490234375 0.18280029296875 0.0275650024414063 0.0515556335449219
0.0692138671875 0.198287963867188 0.0203819274902344 0.0526657104492188
0.0331268310546875 0.2125244140625 0.0131301879882813 0.0513153076171875
-0.052276611328125 0.210113525390625 0.00125980377197265 0.0112581253051758
-0.118057250976563 0.189834594726563 0.0156126022338867 -0.0104522705078125
-0.225204467773438 0.0867462158203125 0.0541534423828125 -0.0229721069335937
-0.272918701171875 0.0092620849609375 0.0990142822265625 0.0188217163085938
-0.25958251953125 -0.0421447753906251 0.11846923828125 0.0997314453125
-0.275558471679688 -0.0754852294921876 -0.0508155822753906 -0.0599250793457031
-0.269515991210938 -0.0233612060546875 -0.031637191772461 -0.0108547210693359
-0.265869140625 0.03363037109375 0.00554847717285155 -0.0120620727539062
-0.207168579101563 0.129928588867188 0.0108194351196289 -0.0154438018798828
-0.122222900390625 0.175018310546875 -0.00683593750000001 -0.0368270874023437
-0.0276641845703125 0.221649169921875 -0.0114650726318359 -0.0224285125732422
0.04974365234375 0.205398559570312 -0.014439582824707 -0.0107860565185547
0.049163818359375 0.191329956054687 -0.0117988586425781 -0.00951194763183593
0.0592498779296875 0.212539672851563 -0.0173282623291016 -0.00667858123779295
0.0134735107421875 0.224655151367188 -0.0103673934936523 -0.00337028503417967
-0.080169677734375 0.2113037109375 -0.00887870788574219 -0.0278968811035156
-0.142364501953125 0.181472778320312 0.0095386505126953 -0.0272579193115234
-0.2379150390625 0.0637664794921875 0.0306529998779297 -0.0179214477539063
-0.27783203125 -0.00885009765624998 0.0350189208984375 0.0328750610351563
-0.264480590820313 -0.0515289306640625 0.0294876098632812 0.0737991333007813
-0.236099243164062 -0.048248291015625 -0.13427734375 -0.079132080078125
-0.2242431640625 0.000473022460937464 -0.0927581787109375 -0.00962066650390626
-0.210983276367188 0.04168701171875 -0.0138368606567383 -0.00741386413574218
-0.163833618164063 0.113784790039063 0.00657272338867186 -0.0341472625732422
-0.097747802734375 0.149810791015625 -0.00897216796875001 -0.0724411010742187
-0.0213623046875 0.192840576171875 -0.028045654296875 -0.0789260864257812
0.040374755859375 0.18206787109375 -0.04815673828125 -0.0744094848632812
0.0366668701171875 0.171157836914063 -0.0485420227050781 -0.0695457458496094
0.0401153564453125 0.193588256835937 -0.0476760864257813 -0.0677032470703125
-0.009429931640625 0.201034545898438 -0.0249290466308594 -0.061370849609375
-0.0962677001953125 0.177352905273438 -0.0106124877929688 -0.064971923828125
-0.144622802734375 0.137359619140625 0.00761795043945312 -0.042510986328125
-0.211380004882813 0.025604248046875 0.00766754150390624 -0.0140113830566406
-0.237014770507812 -0.0286712646484375 -0.0283851623535156 0.0368309020996094
-0.227828979492187 -0.05364990234375 -0.0560188293457031 0.0392532348632812
-0.159088134765625 -0.018310546875 -0.2010498046875 -0.0918121337890625
-0.14349365234375 0.010589599609375 -0.142074584960938 -0.00714111328125002
-0.127861022949219 0.02874755859375 -0.0339393615722656 0.00133323669433594
-0.103424072265625 0.0699844360351562 -0.00381469726562501 -0.0443611145019531
-0.0664901733398438 0.0971221923828125 -0.0137481689453125 -0.0921630859375
-0.0176544189453125 0.1358642578125 -0.0449295043945313 -0.119155883789062
0.0227508544921875 0.131141662597656 -0.0780563354492188 -0.123466491699219
0.0202407836914062 0.124679565429687 -0.0782394409179688 -0.118507385253906
0.0180206298828125 0.14520263671875 -0.0672225952148438 -0.120796203613281
-0.02593994140625 0.144805908203125 -0.0285491943359375 -0.111579895019531
-0.09136962890625 0.114097595214844 -0.00280761718750001 -0.09271240234375
-0.116241455078125 0.0745086669921875 0.0107917785644531 -0.0529518127441406
-0.14508056640625 -0.00871276855468752 -0.0102643966674805 -0.0128870010375977
-0.159103393554688 -0.035797119140625 -0.0802993774414063 0.0297470092773438
-0.157501220703125 -0.042572021484375 -0.125312805175781 0.00186157226562499
-0.0563774108886719 0.00775527954101563 -0.242965698242188 -0.0960693359375
-0.0451164245605469 0.00519180297851562 -0.173553466796875 -0.00251770019531248
-0.0368118286132812 -0.000122070312500006 -0.0497245788574219 0.0129280090332031
-0.0414047241210938 0.0110015869140625 -0.014129638671875 -0.0429573059082031
-0.0363426208496094 0.0303611755371094 -0.016845703125 -0.0960464477539063
-0.019134521484375 0.0597267150878906 -0.0568923950195313 -0.138885498046875
-0.00130844116210938 0.0624656677246094 -0.098602294921875 -0.152206420898438
0.000976562499999998 0.0594329833984375 -0.0969696044921875 -0.148818969726563
-0.00318145751953125 0.0736236572265625 -0.07427978515625 -0.155914306640625
-0.0284614562988281 0.0682487487792969 -0.0233612060546875 -0.14495849609375
-0.0598869323730469 0.0400314331054688 0.0107879638671875 -0.105514526367188
-0.0575981140136719 0.0131912231445313 0.0159759521484375 -0.0558280944824219
-0.0536231994628906 -0.0210189819335938 -0.023223876953125 -0.0113925933837891
-0.0589370727539062 -0.0188407897949219 -0.1138916015625 0.0161285400390625
-0.0662345886230469 -0.0135421752929688 -0.168960571289063 -0.028961181640625
-0.0438156127929688 -0.0302886962890625 0.17633056640625 0.01104736328125
-0.05169677734375 -0.0197334289550781 0.122291564941406 -0.0144119262695313
-0.0519790649414063 0.0110931396484375 0.0130176544189453 -0.00915241241455078
-0.022857666015625 0.0306739807128906 -0.0256805419921875 0.0431327819824219
-0.00443649291992187 0.0265598297119141 -0.0315475463867188 0.0925521850585938
0.0129232406616211 0.0174016952514648 0.017120361328125 0.153060913085938
0.0247821807861328 0.0154132843017578 0.0813446044921875 0.169265747070313
0.0220623016357422 0.0147457122802734 0.104660034179688 0.149871826171875
0.0275211334228516 0.0104255676269531 0.1009521484375 0.144866943359375
0.0299339294433594 0.0210819244384766 0.0637130737304688 0.1357421875
0.0223503112792969 0.0389900207519531 0.03082275390625 0.0851516723632813
-0.00302505493164062 0.0489540100097656 0.0276012420654297 0.0317344665527344
-0.0418853759765625 0.0360679626464844 0.0830764770507813 -0.005767822265625
-0.052398681640625 0.00559234619140624 0.188705444335938 -0.0083160400390625
-0.0353164672851563 -0.00780487060546875 0.256881713867188 0.1209716796875
-0.142257690429687 -0.063018798828125 0.15374755859375 0.0086212158203125
-0.142501831054688 -0.04180908203125 0.111465454101562 -0.00799560546875
-0.148605346679688 0.00227355957031253 0.0215682983398437 -0.0126895904541016
-0.106735229492188 0.0621261596679688 -0.0189361572265625 0.0344676971435547
-0.0582656860351563 0.0832672119140625 -0.0325393676757812 0.0740814208984375
-0.00379943847656251 0.0982589721679687 0.0110397338867188 0.13519287109375
0.0406875610351563 0.0914993286132813 0.0694427490234375 0.1536865234375
0.0411605834960938 0.084381103515625 0.0923690795898438 0.134902954101563
0.05230712890625 0.086334228515625 0.0870208740234375 0.129875183105469
0.0406265258789062 0.0980148315429687 0.0566635131835938 0.122169494628906
0.0023193359375 0.1104736328125 0.0252761840820313 0.0682830810546875
-0.0416030883789062 0.111595153808594 0.0258617401123047 0.018829345703125
-0.11517333984375 0.06640625 0.0810394287109375 -0.01910400390625
-0.147781372070313 0.0156097412109375 0.1788330078125 -0.008697509765625
-0.1341552734375 -0.0177536010742187 0.240341186523437 0.118118286132813
-0.2205810546875 -0.0836944580078126 0.103187561035156 -0.00880432128906251
-0.217910766601563 -0.0521697998046875 0.07977294921875 -0.0077667236328125
-0.227081298828125 0.00288391113281251 0.0240306854248047 -0.0147800445556641
-0.174484252929688 0.0930328369140625 -0.00638008117675783 0.02154541015625
-0.101150512695313 0.133232116699219 -0.0238075256347656 0.0442543029785156
-0.0175018310546875 0.1668701171875 0.00657653808593749 0.0952529907226563
0.05145263671875 0.153396606445313 0.0476303100585938 0.112960815429688
0.0546875 0.140884399414063 0.0655059814453125 0.0998077392578125
0.07025146484375 0.1492919921875 0.0591964721679688 0.0981521606445313
0.046417236328125 0.163330078125 0.040008544921875 0.0929946899414063
-0.01806640625 0.170608520507812 0.0149650573730469 0.0430793762207031
-0.07745361328125 0.163070678710938 0.0207805633544922 0.00440979003906251
-0.176666259765625 0.0883941650390625 0.0692863464355469 -0.0250930786132812
-0.223983764648438 0.022003173828125 0.146652221679688 0.000320434570312501
-0.211761474609375 -0.0263519287109375 0.192489624023438 0.109237670898438
-0.2666015625 -0.0827178955078125 0.0325794219970703 -0.0332126617431641
-0.262191772460937 -0.0403594970703125 0.0296649932861328 -0.0100421905517578
-0.2681884765625 0.020477294921875 0.0189456939697265 -0.0144176483154297
-0.207977294921875 0.12127685546875 0.00556993484497069 0.00481700897216798
-0.12066650390625 0.167709350585938 -0.0137596130371094 0.00580120086669923
-0.0223541259765625 0.209945678710937 -0.000186920166015622 0.0401077270507813
0.0570831298828125 0.191619873046875 0.0194969177246094 0.0547256469726563
0.05877685546875 0.176834106445312 0.028778076171875 0.0488052368164063
0.0748748779296875 0.191635131835938 0.0215606689453125 0.051177978515625
0.0407562255859375 0.206451416015625 0.01580810546875 0.0497322082519531
-0.0435333251953125 0.208633422851563 0.00174808502197265 0.0101375579833984
-0.109725952148437 0.190719604492188 0.0140600204467773 -0.0110502243041992
-0.218978881835938 0.0927276611328125 0.0513992309570312 -0.0231170654296875
-0.269271850585938 0.018524169921875 0.0961380004882812 0.0161285400390625
-0.256622314453125 -0.0347137451171875 0.118690490722656 0.0945205688476563
-0.272628784179688 -0.0657806396484374 -0.0510978698730469 -0.05718994140625
-0.26422119140625 -0.0143585205078125 -0.0311050415039063 -0.0095062255859375
-0.261642456054688 0.04327392578125 0.00547027587890623 -0.011836051940918
-0.200042724609375 0.134857177734375 0.0104379653930664 -0.0156354904174805
-0.114349365234375 0.175552368164063 -0.00885391235351563 -0.0357170104980469
-0.01922607421875 0.219024658203125 -0.0129432678222656 -0.021636962890625
0.0559539794921875 0.199447631835938 -0.0144453048706055 -0.0106706619262695
0.05419921875 0.185897827148438 -0.0120620727539062 -0.0097827911376953
0.0660400390625 0.205337524414063 -0.0177707672119141 -0.00563430786132811
0.022796630859375 0.21954345703125 -0.00918006896972656 -0.00327014923095702
-0.0704498291015625 0.211944580078125 -0.00988388061523438 -0.0276603698730469
-0.13433837890625 0.183380126953125 0.00741386413574218 -0.0274219512939453
-0.233230590820313 0.0703277587890625 0.0290069580078125 -0.0175571441650391
-0.2745361328125 0.001312255859375 0.0341453552246094 0.0312709808349609
-0.261032104492188 -0.0433807373046875 0.0308303833007812 0.0708770751953125
-0.233230590820313 -0.039581298828125 -0.134056091308594 -0.0750503540039063
-0.219650268554688 0.00712585449218753 -0.0905532836914063 -0.00693511962890626
-0.207977294921875 0.0501251220703125 -0.013545036315918 -0.00655555725097656
-0.15802001953125 0.117660522460938 0.00585746765136718 -0.033548355102539
-0.0908966064453125 0.150222778320313 -0.0113906860351563 -0.0699577331542969
-0.014373779296875 0.190567016601563 -0.0303878784179687 -0.0760498046875
0.045989990234375 0.176040649414063 -0.0497283935546875 -0.071929931640625
0.041595458984375 0.166061401367187 -0.0500259399414062 -0.0676193237304687
0.0467681884765625 0.188385009765625 -0.0495033264160156 -0.0642814636230469
-0.000717163085937502 0.197311401367188 -0.025909423828125 -0.0592002868652344
-0.0878143310546875 0.178054809570313 -0.0127372741699219 -0.0643272399902343
-0.137855529785156 0.139793395996094 0.00500869750976561 -0.0422592163085937
-0.2078857421875 0.032440185546875 0.00642967224121093 -0.013397216796875
-0.2349853515625 -0.0198516845703125 -0.0273017883300781 0.0374412536621094
-0.224853515625 -0.046600341796875 -0.0543289184570313 0.0394401550292969
-0.156661987304688 -0.0134124755859375 -0.199951171875 -0.0856170654296875
-0.141021728515625 0.01495361328125 -0.138839721679688 -0.0031890869140625
-0.126419067382813 0.0345382690429688 -0.0331764221191406 0.00140762329101562
-0.0996170043945313 0.0734100341796875 -0.00510787963867188 -0.0431098937988281
-0.0613174438476563 0.0977096557617187 -0.0171585083007812 -0.0889434814453125
-0.012420654296875 0.133926391601563 -0.0481491088867188 -0.114761352539062
0.0271682739257813 0.127555847167969 -0.0798492431640625 -0.118919372558594
0.0237274169921875 0.121894836425781 -0.080230712890625 -0.114494323730469
0.02239990234375 0.141021728515625 -0.0701370239257813 -0.115608215332031
-0.0193328857421875 0.143051147460938 -0.0311203002929687 -0.107383728027344
-0.0850677490234375 0.115379333496094 -0.00596618652343751 -0.0910110473632812
-0.111770629882813 0.0769424438476563 0.00793838500976561 -0.0526809692382813
-0.143386840820313 -0.00350952148437503 -0.0108757019042969 -0.0113420486450195
-0.157440185546875 -0.0295867919921875 -0.0779190063476563 0.0315933227539063
-0.155014038085937 -0.0373687744140625 -0.123382568359375 0.00447082519531252
-0.055206298828125 0.00907897949218751 -0.241226196289063 -0.0891265869140625
-0.0442886352539062 0.00709152221679688 -0.169158935546875 0.00201416015625
-0.0374069213867188 0.00245285034179687 -0.04803466796875 0.0134849548339844
-0.0404205322265625 0.0132598876953125 -0.0155143737792969 -0.0416145324707031
-0.0336875915527344 0.0311317443847656 -0.0201797485351563 -0.0925827026367188
-0.0166473388671875 0.0597572326660156 -0.0599899291992187 -0.133651733398438
0.000556945800781254 0.0609931945800781 -0.101181030273437 -0.145660400390625
0.00270080566406251 0.0578689575195313 -0.0992584228515625 -0.142745971679688
-0.000282287597656256 0.072235107421875 -0.078033447265625 -0.149734497070313
-0.0257339477539062 0.0677719116210938 -0.027496337890625 -0.140045166015625
-0.0575218200683594 0.0416145324707031 0.0061492919921875 -0.103569030761719
-0.0563850402832031 0.014617919921875 0.0130386352539062 -0.0555000305175781
-0.0535392761230469 -0.0188369750976563 -0.0229549407958984 -0.00972938537597657
-0.0581092834472656 -0.0163459777832031 -0.1112060546875 0.0191192626953125
-0.0646896362304688 -0.0116462707519531 -0.16705322265625 -0.02496337890625
-0.0435218811035156 -0.0299797058105469 0.175979614257813 0.0126190185546875
-0.0516624450683594 -0.0195426940917969 0.121391296386719 -0.0134429931640625
-0.0521812438964844 0.0106773376464844 0.0130281448364258 -0.00858974456787109
-0.0230579376220703 0.0301628112792969 -0.0249252319335938 0.0425987243652344
-0.00475883483886719 0.0267601013183594 -0.0308380126953125 0.0912704467773438
0.0128574371337891 0.0170040130615234 0.0175323486328125 0.150497436523438
0.0245571136474609 0.0151767730712891 0.0815887451171875 0.167098999023437
0.02203369140625 0.0139446258544922 0.104385375976563 0.147857666015625
0.0276336669921875 0.00986099243164063 0.1014404296875 0.1427001953125
0.0295181274414063 0.0206470489501953 0.0645065307617188 0.133735656738281
0.0226593017578125 0.0388145446777344 0.0315704345703125 0.08404541015625
-0.00293731689453125 0.049163818359375 0.0277156829833984 0.0316429138183594
-0.04144287109375 0.0361862182617188 0.0824127197265625 -0.00626373291015625
-0.0525283813476563 0.00574493408203125 0.18646240234375 -0.0093231201171875
-0.03619384765625 -0.00836563110351563 0.255020141601563 0.1204833984375
-0.1417236328125 -0.062255859375 0.153839111328125 0.01043701171875
-0.141525268554688 -0.041229248046875 0.111045837402344 -0.0068817138671875
-0.148468017578125 0.00315856933593749 0.0207405090332031 -0.011932373046875
-0.106086730957031 0.062255859375 -0.0180377960205078 0.0339279174804688
-0.057861328125 0.0831069946289062 -0.0318984985351563 0.0729446411132813
-0.00268554687499999 0.0979995727539062 0.0112686157226562 0.133232116699219
0.040802001953125 0.0902633666992188 0.069793701171875 0.151596069335938
0.0415496826171875 0.0831527709960938 0.0918197631835938 0.133110046386719
0.0527572631835937 0.0849838256835938 0.0872344970703125 0.128311157226563
0.0415802001953125 0.0971221923828125 0.0577545166015625 0.119941711425781
0.00336456298828124 0.110031127929688 0.0266571044921875 0.0674247741699219
-0.0407867431640625 0.111465454101563 0.0261497497558594 0.0188674926757813
-0.115142822265625 0.066925048828125 0.0795364379882812 -0.0188446044921875
-0.148101806640625 0.016387939453125 0.176589965820313 -0.0092010498046875
-0.134498596191406 -0.0178756713867187 0.23956298828125 0.11676025390625
-0.219924926757813 -0.082305908203125 0.103546142578125 -0.007049560546875
-0.216018676757813 -0.0506591796875 0.0791244506835937 -0.00724029541015625
-0.226882934570313 0.00526428222656252 0.023782730102539 -0.0140953063964844
-0.173294067382812 0.0937652587890625 -0.0058422088623047 0.0213108062744141
-0.100196838378906 0.132896423339844 -0.0241928100585938 0.0437965393066406
-0.015594482421875 0.166290283203125 0.0057220458984375 0.0941314697265625
0.0524139404296875 0.152175903320313 0.0478134155273438 0.111640930175781
0.0550079345703125 0.139274597167969 0.0652923583984375 0.0976791381835938
0.07159423828125 0.14727783203125 0.0595626831054688 0.0970840454101563
0.0485687255859375 0.161529541015625 0.041290283203125 0.0911941528320313
-0.016143798828125 0.170989990234375 0.0156364440917969 0.0421142578125
-0.0757598876953125 0.163803100585938 0.0208015441894531 0.00426673889160157
-0.176773071289063 0.089874267578125 0.0681686401367187 -0.0243339538574219
-0.224517822265625 0.0242156982421875 0.144454956054688 0.000213623046875001
-0.21124267578125 -0.0261688232421875 0.191360473632813 0.108108520507813
-0.26593017578125 -0.0808868408203125 0.0325698852539062 -0.0320796966552734
-0.259979248046875 -0.0393829345703125 0.0298938751220703 -0.00944709777832031
-0.268112182617188 0.024017333984375 0.0186977386474609 -0.0141830444335938
-0.207061767578125 0.123153686523437 0.00640058517456053 0.00445032119750977
-0.119094848632812 0.167510986328125 -0.0140886306762695 0.0059328079223633
-0.0202789306640625 0.2095947265625 -0.000835418701171873 0.0393333435058594
0.058837890625 0.190093994140625 0.01934814453125 0.0542068481445313
0.0595855712890625 0.17498779296875 0.0289726257324219 0.0474205017089844
0.0774078369140625 0.189498901367188 0.0216255187988281 0.0509223937988281
0.0440826416015625 0.204757690429688 0.0169906616210938 0.0489387512207031
-0.040374755859375 0.208770751953125 0.00168800354003906 0.00923728942871095
-0.107986450195313 0.191726684570312 0.0134763717651367 -0.0112428665161133
-0.21966552734375 0.0944366455078125 0.0496559143066406 -0.0222358703613281
-0.270187377929688 0.021392822265625 0.0947113037109375 0.0157470703125
-0.255340576171875 -0.0345611572265625 0.118255615234375 0.092742919921875
-0.271743774414063 -0.0645751953125 -0.0508995056152344 -0.056243896484375
-0.262939453125 -0.0134429931640625 -0.0301856994628906 -0.00930976867675781
-0.261337280273438 0.0469207763671875 0.00514221191406248 -0.0114116668701172
-0.198776245117188 0.1363525390625 0.01116943359375 -0.0161371231079101
-0.11309814453125 0.175735473632813 -0.0092906951904297 -0.035003662109375
-0.0168609619140625 0.218978881835938 -0.0137977600097656 -0.0213050842285156
0.0573577880859375 0.198013305664063 -0.0148420333862305 -0.0109338760375976
0.05487060546875 0.1842041015625 -0.0120410919189453 -0.010009765625
0.0682830810546875 0.20330810546875 -0.0176010131835937 -0.0049457550048828
0.0262298583984375 0.217849731445313 -0.00826930999755859 -0.0033583641052246
-0.0674285888671875 0.212417602539063 -0.0103702545166016 -0.0281391143798828
-0.132247924804688 0.183700561523438 0.00649070739746093 -0.0276813507080078
-0.233123779296875 0.07281494140625 0.027933120727539 -0.016387939453125
-0.27532958984375 0.00381469726562503 0.0329647064208984 0.0311756134033203
-0.259765625 -0.0434417724609375 0.0310440063476562 0.0697860717773438
-0.231857299804688 -0.0385284423828125 -0.133186340332031 -0.0749130249023438
-0.218460083007813 0.00781249999999997 -0.0895309448242188 -0.00723266601562502
-0.208099365234375 0.053497314453125 -0.0133161544799805 -0.00677204132080078
-0.15673828125 0.119857788085937 0.00597381591796874 -0.0341072082519531
-0.0893402099609375 0.149856567382813 -0.0119552612304688 -0.0684852600097656
-0.012298583984375 0.190673828125 -0.031494140625 -0.0751953125
0.0477142333984375 0.175216674804688 -0.050048828125 -0.0716629028320312
0.042266845703125 0.164764404296875 -0.0501136779785156 -0.0673065185546875
0.0484466552734375 0.186691284179687 -0.0493583679199219 -0.0631027221679687
0.00285339355468752 0.195724487304688 -0.0248374938964844 -0.0579109191894531
-0.0849761962890625 0.17852783203125 -0.0140914916992188 -0.06390380859375
-0.1363525390625 0.14080810546875 0.0034637451171875 -0.0429000854492187
-0.20770263671875 0.033782958984375 0.00570392608642577 -0.0121116638183594
-0.234954833984375 -0.0177459716796875 -0.0280647277832031 0.0375328063964844
-0.224105834960938 -0.0466766357421875 -0.0541038513183594 0.0387306213378906
-0.15606689453125 -0.012969970703125 -0.199325561523438 -0.0863800048828125
-0.139968872070313 0.0157928466796875 -0.137504577636719 -0.00331115722656249
-0.126724243164062 0.0377197265625 -0.0325393676757813 0.000684738159179687
-0.09881591796875 0.0742416381835937 -0.00521469116210938 -0.0428504943847656
-0.0600433349609375 0.097564697265625 -0.017333984375 -0.087371826171875
-0.0112228393554687 0.133880615234375 -0.0485687255859375 -0.113021850585937
0.0282669067382812 0.126296997070313 -0.080108642578125 -0.11822509765625
0.0246124267578125 0.120330810546875 -0.0806121826171875 -0.113510131835937
0.0240249633789063 0.139480590820313 -0.0699081420898437 -0.113960266113281
-0.0167694091796875 0.14202880859375 -0.0308303833007813 -0.106178283691406
-0.0834274291992188 0.116683959960937 -0.0072021484375 -0.0905914306640625
-0.1109619140625 0.0775222778320313 0.00623703002929687 -0.0530548095703125
-0.14324951171875 -0.00210571289062499 -0.0116443634033203 -0.0105695724487305
-0.157424926757813 -0.027923583984375 -0.0784454345703125 0.0318756103515625
-0.154312133789063 -0.03631591796875 -0.122894287109375 0.00399017333984372
-0.0542755126953125 0.00937652587890625 -0.240646362304688 -0.0901641845703125
-0.0445098876953125 0.00754928588867188 -0.167572021484375 0.000961303710937493
-0.0375900268554688 0.0042266845703125 -0.0474891662597656 0.0121040344238281
-0.0402717590332031 0.0142364501953125 -0.0157241821289063 -0.0413970947265625
-0.0328769683837891 0.0308341979980469 -0.0206222534179687 -0.0908889770507813
-0.0163383483886719 0.0596923828125 -0.0611419677734375 -0.131828308105469
0.00185775756835938 0.0604171752929688 -0.101211547851563 -0.144760131835938
0.00311660766601562 0.057830810546875 -0.0992279052734375 -0.141845703125
0.000389099121093747 0.0714340209960938 -0.07861328125 -0.147659301757813
-0.0237159729003906 0.0676498413085938 -0.0280075073242188 -0.138092041015625
-0.0566215515136719 0.0426368713378906 0.00482177734374999 -0.102676391601563
-0.0561027526855469 0.0149803161621094 0.0117645263671875 -0.0553970336914063
-0.0538291931152344 -0.0181465148925781 -0.0229072570800781 -0.00932884216308594
-0.0582809448242188 -0.0151557922363281 -0.110816955566406 0.01934814453125
-0.0638160705566406 -0.0107192993164063 -0.167221069335938 -0.025238037109375
-0.0440826416015625 -0.0306243896484375 0.181198120117188 0.016845703125
-0.052734375 -0.0199470520019531 0.12396240234375 -0.0117034912109375
-0.0531463623046875 0.0102958679199219 0.0134134292602539 -0.00759029388427734
-0.0240039825439453 0.0304679870605469 -0.0251960754394531 0.043243408203125
-0.00551605224609375 0.0277423858642578 -0.031951904296875 0.0918426513671875
0.0129489898681641 0.0175857543945312 0.0169677734375 0.152664184570312
0.0246372222900391 0.015106201171875 0.082733154296875 0.171112060546875
0.0228347778320313 0.0137443542480469 0.105331420898438 0.151107788085938
0.0285797119140625 0.00991439819335938 0.102371215820313 0.145309448242188
0.0300025939941406 0.0213031768798828 0.066009521484375 0.136253356933594
0.0232505798339844 0.039276123046875 0.0329742431640625 0.0858535766601563
-0.00313949584960938 0.0505905151367187 0.0290145874023438 0.0333423614501953
-0.0423812866210937 0.0366439819335938 0.0838775634765625 -0.006072998046875
-0.054443359375 0.00558471679687499 0.188674926757812 -0.0087432861328125
-0.0380897521972656 -0.00893783569335938 0.259536743164063 0.125473022460938
-0.143951416015625 -0.0636749267578125 0.158218383789063 0.01422119140625
-0.144241333007813 -0.0423736572265625 0.113029479980469 -0.00518798828125
-0.151901245117188 0.00361633300781252 0.0215511322021484 -0.0117321014404297
-0.1087646484375 0.0632705688476562 -0.0182857513427734 0.0341815948486328
-0.05975341796875 0.0847930908203125 -0.0332794189453125 0.0740280151367188
-0.00297546386718749 0.1007080078125 0.00995635986328126 0.135101318359375
0.0420684814453125 0.0921249389648438 0.0702667236328125 0.154922485351563
0.0423202514648437 0.0843505859375 0.0927047729492187 0.135665893554688
0.0544052124023438 0.086334228515625 0.088226318359375 0.130447387695313
0.0429153442382812 0.0984954833984375 0.0591278076171875 0.121421813964844
0.00445556640625001 0.113059997558594 0.0276985168457031 0.0680770874023438
-0.0421829223632813 0.114830017089844 0.0264549255371094 0.0194339752197266
-0.118873596191406 0.0685501098632812 0.0804977416992187 -0.01861572265625
-0.153030395507812 0.01715087890625 0.178298950195312 -0.008697509765625
-0.138511657714844 -0.0202484130859375 0.244338989257812 0.121139526367187
-0.22369384765625 -0.0847015380859375 0.106666564941406 -0.00397491455078126
-0.219955444335938 -0.0527801513671875 0.0813751220703125 -0.005523681640625
-0.232269287109375 0.00561523437500001 0.0243053436279297 -0.0143165588378906
-0.178268432617187 0.0960845947265625 -0.00531196594238283 0.0211391448974609
-0.103118896484375 0.135665893554687 -0.024993896484375 0.0440673828125
-0.0160369873046875 0.170394897460938 0.004669189453125 0.0953903198242188
0.05340576171875 0.154922485351563 0.0477828979492188 0.1136474609375
0.0560455322265625 0.141952514648438 0.0659637451171875 0.0996551513671875
0.0738677978515625 0.150115966796875 0.0601654052734375 0.0986557006835938
0.050140380859375 0.164413452148438 0.0426559448242187 0.0922927856445313
-0.01544189453125 0.1746826171875 0.0157279968261719 0.0420036315917969
-0.078216552734375 0.1680908203125 0.0204429626464844 0.0051860809326172
-0.182144165039063 0.0921478271484375 0.06884765625 -0.0235176086425781
-0.23101806640625 0.0252838134765625 0.146194458007812 0.001251220703125
-0.2166748046875 -0.029052734375 0.19537353515625 0.11083984375
-0.270721435546875 -0.0839080810546875 0.0341053009033203 -0.0310382843017578
-0.26513671875 -0.041534423828125 0.030740737915039 -0.00897407531738281
-0.274810791015625 0.025604248046875 0.0191020965576172 -0.0142364501953125
-0.212753295898437 0.126785278320313 0.00707674026489257 0.00381898880004884
-0.122833251953125 0.171173095703125 -0.0145483016967773 0.00580787658691407
-0.0203857421875 0.21514892578125 -0.00224685668945312 0.0398330688476563
0.059783935546875 0.19354248046875 0.0194549560546875 0.0548820495605469
0.06085205078125 0.178726196289063 0.0290184020996094 0.0485763549804688
0.0793304443359375 0.193206787109375 0.0222740173339844 0.0521736145019531
0.0460968017578125 0.208343505859375 0.0182304382324219 0.048736572265625
-0.0400238037109375 0.21417236328125 0.00169134140014648 0.00865221023559572
-0.110824584960938 0.1968994140625 0.0129880905151367 -0.0112056732177734
-0.226058959960938 0.0967864990234375 0.0500831604003906 -0.0214462280273437
-0.277069091796875 0.0225372314453125 0.0954818725585937 0.0173873901367187
-0.261505126953125 -0.0379028320312499 0.120391845703125 0.09503173828125
-0.276718139648438 -0.0669097900390624 -0.0514450073242188 -0.0576667785644531
-0.267822265625 -0.0151214599609375 -0.030752182006836 -0.00944328308105468
-0.268096923828125 0.0499420166015625 0.0051746368408203 -0.0120716094970703
-0.204238891601563 0.141098022460937 0.0120782852172851 -0.0168142318725586
-0.116058349609375 0.179000854492187 -0.00951004028320313 -0.0354957580566406
-0.0163726806640625 0.224685668945313 -0.0146064758300781 -0.0214061737060547
0.0592193603515625 0.2015380859375 -0.0156869888305664 -0.0116281509399414
0.0562744140625 0.1881103515625 -0.0127601623535156 -0.010716438293457
0.07037353515625 0.207565307617188 -0.0171089172363281 -0.00477123260498045
0.0287933349609375 0.221466064453125 -0.00714921951293945 -0.0045037269592285
-0.0677947998046875 0.218032836914063 -0.0110378265380859 -0.0293750762939453
-0.135879516601563 0.188766479492188 0.00561523437499999 -0.0283432006835937
-0.240325927734375 0.074920654296875 0.0274620056152344 -0.0153980255126953
-0.2825927734375 0.00500488281249997 0.032806396484375 0.0327281951904297
-0.265853881835938 -0.046539306640625 0.0308303833007812 0.0705184936523438
-0.237167358398438 -0.0408782958984375 -0.13623046875 -0.07806396484375
-0.222915649414063 0.00688171386718752 -0.0913162231445313 -0.00786590576171877
-0.214080810546875 0.056610107421875 -0.0139102935791016 -0.00771713256835937
-0.1610107421875 0.124160766601562 0.00693893432617186 -0.0354118347167969
-0.091705322265625 0.1531982421875 -0.0119895935058594 -0.0694313049316406
-0.0118408203125 0.19549560546875 -0.032470703125 -0.0763702392578125
0.048980712890625 0.178314208984375 -0.0508575439453125 -0.0740280151367187
0.0430755615234375 0.168563842773438 -0.0512542724609375 -0.0690841674804687
0.0500946044921875 0.190216064453125 -0.0501327514648437 -0.0640296936035156
0.00440979003906252 0.19940185546875 -0.0248527526855469 -0.0596046447753906
-0.0858612060546875 0.18359375 -0.0148124694824219 -0.0657196044921875
-0.13946533203125 0.144058227539063 0.00233459472656249 -0.0434455871582031
-0.213623046875 0.0356903076171875 0.00513935089111327 -0.0111093521118164
-0.241363525390625 -0.0171966552734375 -0.0296592712402344 0.0389366149902344
-0.228103637695313 -0.049468994140625 -0.0559425354003906 0.038055419921875
-0.159286499023438 -0.0137481689453125 -0.204116821289063 -0.09124755859375
-0.143112182617187 0.0158843994140625 -0.140403747558594 -0.00544738769531252
-0.129989624023438 0.039794921875 -0.0332298278808594 -0.000288009643554687
-0.101676940917969 0.077911376953125 -0.00474929809570313 -0.0442619323730469
-0.0616073608398438 0.0995407104492188 -0.017364501953125 -0.0886917114257812
-0.0109329223632812 0.137229919433594 -0.0494384765625 -0.115226745605469
0.0294036865234375 0.128768920898438 -0.0816268920898438 -0.120948791503906
0.024871826171875 0.123085021972656 -0.082061767578125 -0.1163330078125
0.02496337890625 0.142608642578125 -0.0713882446289063 -0.116035461425781
-0.015655517578125 0.144454956054688 -0.0305938720703125 -0.108047485351563
-0.0845184326171875 0.119560241699219 -0.00820159912109375 -0.0925216674804687
-0.113189697265625 0.0793609619140625 0.00551223754882812 -0.0544242858886719
-0.146835327148437 -0.00187683105468753 -0.0120534896850586 -0.010014533996582
-0.16192626953125 -0.0271453857421875 -0.08056640625 0.032501220703125
-0.157119750976563 -0.0386199951171875 -0.12646484375 0.00210571289062499
-0.0553703308105469 0.00896072387695312 -0.246444702148437 -0.096099853515625
-0.0453605651855469 0.00747299194335938 -0.171279907226563 -0.00100708007812498
-0.0383224487304688 0.00590896606445312 -0.0481910705566406 0.0106925964355469
-0.0409088134765625 0.0150337219238281 -0.0157089233398438 -0.0428848266601562
-0.0336856842041016 0.03143310546875 -0.020751953125 -0.0918502807617188
-0.0164337158203125 0.0611648559570313 -0.0622482299804688 -0.134353637695313
0.00252532958984374 0.0616912841796875 -0.10302734375 -0.14825439453125
0.00296783447265626 0.0595779418945313 -0.101593017578125 -0.145034790039063
0.000160217285156257 0.0721969604492188 -0.0794830322265625 -0.1505126953125
-0.0235176086425781 0.0691070556640625 -0.0280380249023437 -0.14056396484375
-0.0573997497558594 0.0444297790527344 0.00442504882812499 -0.104385375976562
-0.0572776794433594 0.0152549743652344 0.0110893249511719 -0.0565223693847656
-0.0546379089355469 -0.0178756713867187 -0.0234413146972656 -0.00913238525390625
-0.0596580505371094 -0.014678955078125 -0.113235473632813 0.0197601318359375
-0.0647048950195313 -0.0117263793945313 -0.171371459960938 -0.02789306640625
-0.0459938049316406 -0.0312881469726562 0.191757202148438 0.018463134765625
-0.0552940368652344 -0.0204620361328125 0.129997253417969 -0.0123672485351563
-0.0558433532714844 0.0110931396484375 0.014582633972168 -0.00700187683105469
-0.025054931640625 0.0312767028808594 -0.0253639221191406 0.0450477600097656
-0.00573539733886719 0.0293483734130859 -0.032989501953125 0.0951614379882813
0.0138568878173828 0.0185337066650391 0.018707275390625 0.15789794921875
0.0256633758544922 0.0153388977050781 0.08758544921875 0.176742553710937
0.0236835479736328 0.0137615203857422 0.111465454101563 0.15625
0.0300731658935547 0.00964164733886719 0.1083984375 0.149826049804688
0.0317554473876953 0.0212726593017578 0.0707015991210938 0.139839172363281
0.0247573852539063 0.0404815673828125 0.036407470703125 0.0883636474609375
-0.00311279296875 0.0531654357910156 0.031219482421875 0.0346393585205078
-0.044586181640625 0.0387954711914063 0.0868148803710937 -0.00748443603515625
-0.0573577880859375 0.00628280639648438 0.195327758789062 -0.010772705078125
-0.04046630859375 -0.00914001464843749 0.272369384765625 0.12982177734375
-0.150146484375 -0.0653076171875 0.166900634765625 0.01611328125
-0.150848388671875 -0.0422210693359375 0.118324279785156 -0.005279541015625
-0.158676147460938 0.00621032714843751 0.0226783752441406 -0.0109844207763672
-0.113258361816406 0.0673370361328125 -0.0182876586914063 0.0353507995605469
-0.061859130859375 0.0895538330078125 -0.0344390869140625 0.0767745971679688
-0.000854492187500007 0.105239868164062 0.0110549926757813 0.139999389648438
0.0446319580078125 0.0953826904296875 0.074981689453125 0.160140991210937
0.0452880859375 0.0873794555664063 0.0980224609375 0.140487670898437
0.0589523315429688 0.0890121459960938 0.093475341796875 0.134696960449219
0.0469207763671875 0.101638793945313 0.0635147094726563 0.12530517578125
0.0066070556640625 0.117935180664063 0.0296821594238281 0.0696792602539063
-0.0425338745117187 0.121597290039063 0.0279178619384766 0.0209274291992188
-0.124053955078125 0.0739288330078125 0.0828933715820312 -0.0189208984375
-0.160385131835938 0.0201873779296875 0.184600830078125 -0.0097198486328125
-0.145584106445313 -0.019866943359375 0.256149291992188 0.12530517578125
-0.233505249023438 -0.0864257812500001 0.112289428710937 -0.00316619873046876
-0.229949951171875 -0.0531005859375 0.0848846435546875 -0.00550079345703125
-0.243194580078125 0.00994873046875005 0.0250835418701172 -0.014190673828125
-0.18463134765625 0.103057861328125 -0.00496482849121095 0.0216312408447266
-0.10638427734375 0.143295288085938 -0.0260734558105469 0.0457839965820313
-0.0137176513671875 0.17828369140625 0.004638671875 0.09918212890625
0.0579071044921875 0.1605224609375 0.0511093139648438 0.118392944335938
0.0601348876953125 0.147216796875 0.0696945190429687 0.102729797363281
0.0798797607421875 0.154586791992188 0.0645294189453125 0.102401733398438
0.0562744140625 0.169097900390625 0.0458755493164063 0.0942840576171875
-0.0128631591796875 0.183303833007813 0.0172805786132813 0.0429153442382813
-0.079345703125 0.17694091796875 0.0211105346679687 0.00534057617187501
-0.189895629882813 0.0993499755859375 0.0704116821289062 -0.0238876342773437
-0.242095947265625 0.0307769775390625 0.151199340820312 0.000534057617187502
-0.227081298828125 -0.0292816162109375 0.204971313476562 0.1143798828125
-0.28338623046875 -0.0850830078124999 0.0362167358398437 -0.0313682556152344
-0.276397705078125 -0.0407867431640625 0.0323467254638672 -0.00856399536132813
-0.28717041015625 0.03131103515625 0.0194435119628906 -0.0140743255615234
-0.22052001953125 0.13616943359375 0.00774717330932616 0.00322866439819337
-0.126251220703125 0.180191040039063 -0.015655517578125 0.00642967224121095
-0.0169219970703125 0.225189208984375 -0.00290298461914062 0.041900634765625
0.0655059814453125 0.20086669921875 0.020416259765625 0.0569419860839844
0.0662078857421875 0.18548583984375 0.0307426452636719 0.0504989624023438
0.08636474609375 0.199630737304688 0.024017333984375 0.0542945861816406
0.05316162109375 0.215560913085938 0.0200576782226563 0.04937744140625
-0.0376739501953125 0.224533081054688 0.0011906623840332 0.00832557678222658
-0.113037109375 0.207977294921875 0.0125885009765625 -0.0114212036132812
-0.235763549804687 0.105194091796875 0.0516510009765625 -0.0214347839355469
-0.290618896484375 0.028533935546875 0.0982894897460937 0.0176239013671875
-0.274139404296875 -0.0377044677734375 0.126480102539062 0.09759521484375
-0.289276123046875 -0.067626953125 -0.0545883178710938 -0.0592498779296875
-0.280075073242188 -0.0132598876953126 -0.0323200225830078 -0.00949478149414062
-0.280181884765625 0.0569305419921875 0.00472927093505858 -0.0127487182617187
-0.211471557617187 0.151870727539063 0.0125675201416016 -0.0185108184814453
-0.119461059570313 0.188858032226562 -0.0105247497558594 -0.0371551513671875
-0.0129241943359375 0.23516845703125 -0.0160331726074219 -0.0221996307373047
0.0646514892578125 0.209381103515625 -0.0168876647949219 -0.0122880935668945
0.0609588623046875 0.1959228515625 -0.0130519866943359 -0.0110998153686523
0.0771331787109375 0.21484375 -0.01824951171875 -0.00475311279296873
0.0344390869140625 0.2294921875 -0.00695943832397461 -0.00527811050415038
-0.066162109375 0.229705810546875 -0.0125446319580078 -0.0313606262207031
-0.139266967773438 0.199935913085938 0.00420951843261718 -0.0289974212646484
-0.251449584960938 0.0826416015625 0.0279560089111328 -0.0148487091064453
-0.2965087890625 0.00939941406249999 0.0331878662109375 0.0346908569335938
-0.278579711914063 -0.0472869873046875 0.0324783325195312 0.0727691650390625
-0.248001098632812 -0.0411224365234375 -0.143646240234375 -0.080535888671875
-0.232650756835937 0.00946044921874998 -0.095855712890625 -0.00786590576171874
-0.22283935546875 0.063568115234375 -0.0149602890014649 -0.0080270767211914
-0.166763305664062 0.133636474609375 0.00677108764648437 -0.0375862121582031
-0.0941162109375 0.161788940429688 -0.0130081176757813 -0.0719757080078125
-0.00848388671874998 0.205245971679688 -0.0345306396484375 -0.079193115234375
0.0534515380859375 0.18511962890625 -0.0546035766601563 -0.076751708984375
0.0474395751953125 0.175857543945313 -0.053924560546875 -0.0717849731445313
0.05517578125 0.197647094726563 -0.0528144836425781 -0.0662460327148437
0.0098876953125 0.20709228515625 -0.0256080627441406 -0.0628128051757813
-0.085906982421875 0.19354248046875 -0.01708984375 -0.0691261291503906
-0.143905639648437 0.152999877929688 0.000450134277343745 -0.0448646545410156
-0.223388671875 0.04083251953125 0.00493240356445311 -0.0106468200683594
-0.2530517578125 -0.0131378173828126 -0.0311012268066406 0.0414199829101563
-0.238876342773438 -0.0510406494140625 -0.0593109130859375 0.0389213562011719
-0.166183471679688 -0.01324462890625 -0.215225219726563 -0.0942535400390625
-0.149215698242187 0.0174713134765625 -0.14727783203125 -0.005157470703125
-0.135032653808594 0.045318603515625 -0.0353584289550781 -0.000789642333984374
-0.1048583984375 0.0839920043945313 -0.00570678710937501 -0.0467491149902344
-0.0629348754882812 0.105194091796875 -0.0190505981445313 -0.0915679931640625
-0.0089263916015625 0.143585205078125 -0.053253173828125 -0.119003295898438
0.0328216552734375 0.133377075195313 -0.0870437622070312 -0.125900268554688
0.0274658203125 0.128883361816406 -0.0868606567382813 -0.120773315429688
0.028106689453125 0.148223876953125 -0.0750503540039063 -0.1195068359375
-0.0130462646484375 0.150222778320313 -0.03271484375 -0.111968994140625
-0.0852279663085938 0.126701354980469 -0.010498046875 -0.0960845947265625
-0.117820739746094 0.0847015380859375 0.0033111572265625 -0.0564613342285156
-0.154067993164063 0.000213623046874979 -0.0126581192016602 -0.00957679748535156
-0.169158935546875 -0.025543212890625 -0.084014892578125 0.0348129272460937
-0.163909912109375 -0.0398101806640625 -0.133613586425781 0.00197601318359378
-0.0576553344726562 0.00983047485351563 -0.259689331054688 -0.099945068359375
-0.0473861694335938 0.008514404296875 -0.17938232421875 -0.00077819824218747
-0.0395927429199219 0.00790023803710937 -0.0507659912109375 0.0106735229492188
-0.0426101684570312 0.0168838500976563 -0.0170783996582031 -0.0444564819335938
-0.0346565246582031 0.0332469940185547 -0.0225982666015625 -0.0946502685546875
-0.0159530639648438 0.0642318725585938 -0.0656356811523437 -0.138496398925781
0.00337600708007813 0.06378173828125 -0.109420776367187 -0.153701782226563
0.00408172607421874 0.0617904663085938 -0.107131958007813 -0.150558471679688
0.000885009765625005 0.0758056640625 -0.0844879150390625 -0.155426025390625
-0.0223159790039063 0.07159423828125 -0.0303192138671875 -0.145172119140625
-0.0590934753417969 0.0473518371582031 0.002227783203125 -0.1080322265625
-0.0599861145019531 0.0168266296386719 0.00962066650390624 -0.0586166381835938
-0.0571327209472656 -0.0174674987792969 -0.0244007110595703 -0.00872421264648437
-0.0624008178710938 -0.013946533203125 -0.117507934570312 0.0217437744140625
-0.06683349609375 -0.0120277404785156 -0.18109130859375 -0.0288238525390625
-0.0483932495117188 -0.03070068359375 0.203414916992188 0.0146026611328125
-0.0585746765136719 -0.0192985534667969 0.135696411132813 -0.0159683227539063
-0.0583000183105469 0.0133285522460938 0.0157909393310547 -0.00749492645263672
-0.0254402160644531 0.0332698822021484 -0.0247726440429687 0.0471038818359375
-0.0057220458984375 0.0307407379150391 -0.031585693359375 0.100364685058594
0.0150947570800781 0.0186538696289063 0.0251312255859375 0.163375854492188
0.0272178649902344 0.0151691436767578 0.0979156494140625 0.181427001953125
0.0254936218261719 0.0131378173828125 0.121749877929688 0.159088134765625
0.0318202972412109 0.00844383239746094 0.1180419921875 0.152801513671875
0.0339775085449219 0.0212955474853516 0.0791473388671875 0.142852783203125
0.0274009704589844 0.0408706665039063 0.0416946411132812 0.08984375
-0.00109863281249999 0.05609130859375 0.0348625183105469 0.0354957580566406
-0.0450935363769531 0.0423240661621094 0.08990478515625 -0.0101165771484375
-0.0604171752929688 0.00872039794921874 0.202117919921875 -0.0179443359375
-0.0438499450683594 -0.00795364379882813 0.289764404296875 0.12786865234375
-0.159255981445313 -0.062347412109375 0.177719116210938 0.0133209228515625
-0.158523559570313 -0.0388946533203125 0.124343872070313 -0.00817108154296875
-0.165115356445313 0.0125579833984375 0.0236034393310547 -0.0116844177246094
-0.116020202636719 0.0747756958007812 -0.017425537109375 0.036773681640625
-0.0617141723632813 0.0964508056640625 -0.0338668823242188 0.080474853515625
0.00358581542968751 0.1102294921875 0.0157928466796875 0.1455078125
0.049560546875 0.0981063842773438 0.083892822265625 0.16461181640625
0.050506591796875 0.0887832641601563 0.107498168945313 0.143447875976563
0.06536865234375 0.0901412963867188 0.102790832519531 0.137413024902344
0.0535430908203125 0.103729248046875 0.0717849731445313 0.127098083496094
0.01226806640625 0.123100280761719 0.0339889526367187 0.0705032348632813
-0.0398178100585937 0.129478454589844 0.0305252075195312 0.0208301544189453
-0.127235412597656 0.08258056640625 0.0856475830078125 -0.0221405029296875
-0.1678466796875 0.0283050537109375 0.190887451171875 -0.0158843994140625
-0.154098510742188 -0.0159454345703125 0.272796630859375 0.122817993164063
-0.247421264648438 -0.0822296142578125 0.119796752929687 -0.00515747070312501
-0.241836547851562 -0.047271728515625 0.0886001586914063 -0.0075836181640625
-0.25299072265625 0.0211029052734375 0.0261993408203125 -0.0146446228027344
-0.189865112304688 0.11590576171875 -0.00390625000000001 0.0223712921142578
-0.106552124023438 0.15374755859375 -0.0261878967285156 0.0486106872558594
-0.00660705566406251 0.18743896484375 0.00745391845703125 0.102897644042969
0.0665435791015625 0.165725708007813 0.0576400756835938 0.121551513671875
0.06854248046875 0.151290893554688 0.076629638671875 0.105010986328125
0.0897369384765625 0.15863037109375 0.0712203979492188 0.104545593261719
0.0670623779296875 0.17340087890625 0.0517425537109375 0.0953903198242188
-0.00511169433593751 0.192413330078125 0.0189971923828125 0.0426101684570313
-0.0759735107421875 0.1905517578125 0.0224781036376953 0.00598526000976564
-0.195907592773437 0.112472534179688 0.0726776123046875 -0.0262603759765625
-0.252288818359375 0.0425872802734375 0.156387329101562 -0.0038909912109375
-0.240325927734375 -0.02294921875 0.21826171875 0.11322021484375
-0.299163818359375 -0.079254150390625 0.0374565124511719 -0.0321121215820313
-0.290618896484375 -0.0325927734375 0.0331325531005859 -0.00892257690429688
-0.29864501953125 0.0456848144531251 0.019479751586914 -0.0151882171630859
-0.225204467773437 0.15264892578125 0.00817632675170897 0.00258874893188478
-0.125823974609375 0.19378662109375 -0.0163726806640625 0.00690746307373048
-0.0072174072265625 0.236404418945312 -0.00253677368164062 0.0442237854003906
0.076202392578125 0.207107543945313 0.0230560302734375 0.0590286254882813
0.0760345458984375 0.191940307617188 0.0342292785644531 0.0514183044433594
0.099212646484375 0.204833984375 0.0269699096679688 0.0564002990722656
0.0660400390625 0.221298217773438 0.023468017578125 0.0499153137207031
-0.029327392578125 0.237030029296875 0.00109434127807617 0.00734281539916994
-0.110183715820312 0.223541259765625 0.0119180679321289 -0.0115032196044922
-0.2437744140625 0.1212158203125 0.052642822265625 -0.0224418640136719
-0.303955078125 0.04217529296875 0.102249145507812 0.0159683227539063
-0.2891845703125 -0.0312805175781249 0.135292053222656 0.0971755981445313
-0.30560302734375 -0.0610656738281249 -0.0587921142578125 -0.0592079162597656
-0.293121337890625 -0.00439453124999997 -0.0345878601074219 -0.00779342651367188
-0.29058837890625 0.072357177734375 0.00366306304931639 -0.012664794921875
-0.215255737304688 0.16925048828125 0.0127677917480469 -0.0204105377197266
-0.1175537109375 0.202911376953125 -0.0124740600585938 -0.0378608703613281
-0.00285339355468748 0.246963500976563 -0.0186119079589844 -0.022216796875
0.076019287109375 0.216537475585938 -0.0182914733886719 -0.0118198394775391
0.071746826171875 0.202163696289063 -0.0140504837036133 -0.0109853744506836
0.0895538330078125 0.220993041992188 -0.0191726684570312 -0.00368118286132812
0.047119140625 0.236968994140625 -0.00685977935791015 -0.00623846054077147
-0.058746337890625 0.24346923828125 -0.0155010223388672 -0.0327777862548828
-0.137588500976563 0.215713500976562 0.00193023681640624 -0.0297050476074219
-0.260589599609375 0.097503662109375 0.0284442901611328 -0.0149021148681641
-0.309967041015625 0.023345947265625 0.0357131958007812 0.0360336303710938
-0.293670654296875 -0.04150390625 0.0356597900390625 0.0740966796875
-0.261215209960938 -0.0343933105468751 -0.1536865234375 -0.078826904296875
-0.242721557617187 0.018524169921875 -0.101776123046875 -0.0046234130859375
-0.230545043945313 0.077239990234375 -0.0169782638549805 -0.00797653198242187
-0.169586181640625 0.148208618164063 0.00559616088867186 -0.0398788452148437
-0.092071533203125 0.173629760742188 -0.016448974609375 -0.0744171142578125
0.000228881835937518 0.215438842773438 -0.0397415161132813 -0.0810089111328125
0.0640716552734375 0.191436767578125 -0.0601806640625 -0.078704833984375
0.05633544921875 0.182464599609375 -0.0586318969726563 -0.0730056762695312
0.066192626953125 0.203994750976563 -0.05731201171875 -0.0667457580566406
0.0193634033203125 0.213760375976563 -0.0283203125 -0.0646934509277344
-0.0807952880859375 0.206146240234375 -0.021759033203125 -0.0714340209960937
-0.144683837890625 0.166671752929687 -0.00278472900390626 -0.0462417602539063
-0.23333740234375 0.0526123046875 0.00484275817871092 -0.00971412658691406
-0.265106201171875 -0.00230407714843752 -0.0316276550292969 0.0450630187988281
-0.252304077148438 -0.0456390380859375 -0.0616111755371094 0.0416831970214844
-0.175079345703125 -0.00869750976562501 -0.230300903320313 -0.092071533203125
-0.155624389648438 0.0233612060546875 -0.154693603515625 -0.000823974609375006
-0.139297485351562 0.0543975830078125 -0.0380668640136719 -7.62939453125125E-06
-0.106178283691406 0.09405517578125 -0.00774002075195313 -0.0489006042480469
-0.06158447265625 0.112892150878906 -0.023162841796875 -0.0944061279296875
-0.00238037109375001 0.150772094726563 -0.0599517822265625 -0.122100830078125
0.03997802734375 0.137924194335938 -0.0959930419921875 -0.128791809082031
0.0343551635742188 0.1336669921875 -0.0950164794921875 -0.1229248046875
0.035491943359375 0.153488159179688 -0.0828170776367187 -0.122093200683594
-0.00570678710937499 0.156082153320312 -0.0377883911132813 -0.115432739257812
-0.0830841064453125 0.136299133300781 -0.0159988403320313 -0.100166320800781
-0.118896484375 0.0930404663085938 0.000278472900390617 -0.0583419799804687
-0.161407470703125 0.00692749023437503 -0.0138387680053711 -0.00776004791259766
-0.177993774414063 -0.0189056396484375 -0.0868453979492188 0.0401153564453125
-0.172683715820313 -0.03692626953125 -0.140853881835938 0.00572204589843752
-0.0604515075683594 0.0115814208984375 -0.277175903320312 -0.0967864990234375
-0.0495262145996094 0.0109825134277344 -0.188720703125 0.00434875488281251
-0.0407218933105469 0.0102920532226563 -0.0535316467285156 0.0112762451171875
-0.0437431335449219 0.02008056640625 -0.0199203491210938 -0.0464668273925781
-0.0348434448242188 0.0361518859863281 -0.0267410278320313 -0.0977859497070313
-0.0132637023925781 0.0679779052734375 -0.0738983154296875 -0.141983032226563
0.00637435913085937 0.0663909912109375 -0.120040893554687 -0.156890869140625
0.00646591186523438 0.0645790100097656 -0.117080688476563 -0.153274536132813
0.00420379638671876 0.0786285400390625 -0.093963623046875 -0.159103393554688
-0.0200881958007812 0.07574462890625 -0.03631591796875 -0.149490356445313
-0.0593223571777344 0.0520133972167969 -0.00227355957031251 -0.1123046875
-0.0613365173339844 0.0198516845703125 0.00633621215820312 -0.0614662170410156
-0.0604362487792969 -0.016326904296875 -0.0257396697998047 -0.00738716125488281
-0.064971923828125 -0.0107612609863281 -0.122062683105469 0.0270004272460938
-0.0699882507324219 -0.0112800598144531 -0.191970825195313 -0.0251617431640625
-0.0500755310058594 -0.0288352966308594 0.213424682617188 0.00665283203125
-0.0610771179199219 -0.0161056518554687 0.140007019042969 -0.0219955444335938
-0.0585479736328125 0.0170211791992187 0.0170764923095703 -0.0077667236328125
-0.0247478485107422 0.0349693298339844 -0.0227165222167969 0.0491523742675781
-0.00441741943359375 0.0321407318115234 -0.02801513671875 0.103752136230469
0.0162124633789063 0.0186920166015625 0.0331573486328125 0.165634155273438
0.028350830078125 0.0144119262695313 0.10986328125 0.180755615234375
0.0268497467041016 0.0113563537597656 0.133071899414063 0.157241821289063
0.0335121154785156 0.00675201416015625 0.12908935546875 0.150909423828125
0.0360260009765625 0.0195083618164063 0.0890350341796875 0.141021728515625
0.0306053161621094 0.0406723022460938 0.047943115234375 0.0895462036132813
0.00212860107421875 0.05755615234375 0.0385894775390625 0.0345115661621094
-0.0440788269042969 0.0456123352050781 0.090911865234375 -0.0149078369140625
-0.0620269775390625 0.0125846862792969 0.205276489257813 -0.0278778076171875
-0.0459442138671875 -0.00588226318359375 0.304595947265625 0.117919921875
-0.16522216796875 -0.05609130859375 0.186386108398437 0.007110595703125
-0.16436767578125 -0.0321807861328125 0.127937316894531 -0.0125045776367188
-0.16802978515625 0.02203369140625 0.0244293212890625 -0.0126285552978516
-0.115280151367187 0.0829544067382813 -0.0152435302734375 0.0383529663085938
-0.05841064453125 0.102058410644531 -0.0307769775390625 0.0842056274414063
0.0102005004882813 0.112548828125 0.022491455078125 0.148239135742188
0.05645751953125 0.0982589721679687 0.0946502685546875 0.165313720703125
0.0566482543945313 0.0883407592773437 0.117965698242187 0.141357421875
0.0721969604492188 0.0888519287109375 0.112564086914063 0.13641357421875
0.0611343383789062 0.102584838867188 0.0800323486328125 0.125114440917969
0.0196990966796875 0.125495910644531 0.0382194519042969 0.0697212219238281
-0.0341110229492188 0.135498046875 0.0331077575683594 0.0210418701171875
-0.12713623046875 0.091522216796875 0.0860214233398437 -0.0263519287109375
-0.171493530273438 0.0388031005859375 0.193267822265625 -0.02508544921875
-0.160079956054688 -0.0087738037109375 0.286895751953125 0.113494873046875
-0.257492065429688 -0.0720672607421875 0.124946594238281 -0.00881195068359376
-0.250244140625 -0.0359649658203125 0.0918731689453125 -0.0102005004882813
-0.258407592773438 0.03515625 0.0261955261230469 -0.0153713226318359
-0.188339233398438 0.129745483398437 -0.0025157928466797 0.0220413208007813
-0.101318359375 0.163848876953125 -0.0245819091796875 0.0503997802734375
0.00468444824218752 0.192947387695313 0.0118637084960938 0.106307983398438
0.0777435302734375 0.165817260742188 0.0646209716796875 0.1224365234375
0.0786285400390625 0.152008056640625 0.0847320556640625 0.1036376953125
0.102096557617188 0.157257080078125 0.078369140625 0.103668212890625
0.0786590576171875 0.1732177734375 0.058685302734375 0.0944671630859375
0.006500244140625 0.197906494140625 0.0215682983398438 0.0422935485839844
-0.0667877197265625 0.200637817382813 0.0238170623779297 0.0061321258544922
-0.1949462890625 0.12677001953125 0.0732345581054687 -0.0289154052734375
-0.257980346679688 0.0582733154296875 0.158782958984375 -0.010345458984375
-0.249008178710937 -0.0116729736328125 0.23052978515625 0.105850219726563
-0.310577392578125 -0.0667114257812501 0.0389747619628906 -0.0332260131835938
-0.299224853515625 -0.0189208984375 0.0339546203613281 -0.00864028930664063
-0.3035888671875 0.06365966796875 0.0188941955566406 -0.0153713226318359
-0.22259521484375 0.170333862304688 0.0090045928955078 0.00242233276367189
-0.11932373046875 0.206405639648437 -0.016627311706543 0.00822830200195314
0.00665283203125002 0.242767333984375 -0.000881195068359374 0.0456809997558594
0.090118408203125 0.209182739257813 0.0267677307128906 0.0605010986328125
0.088775634765625 0.192367553710938 0.0385780334472656 0.0507583618164063
0.113693237304687 0.204544067382813 0.0316658020019531 0.0568046569824219
0.08056640625 0.22198486328125 0.0266609191894531 0.0485267639160156
-0.016265869140625 0.244949340820313 0.000698089599609374 0.00685024261474611
-0.100555419921875 0.236724853515625 0.0108509063720703 -0.0107851028442383
-0.244644165039063 0.138900756835938 0.0533103942871094 -0.0239181518554687
-0.30963134765625 0.061614990234375 0.104377746582031 0.012481689453125
-0.299713134765625 -0.018829345703125 0.143814086914063 0.092529296875
-0.316253662109375 -0.0477294921875 -0.0627822875976563 -0.0564498901367188
-0.301300048828125 0.010009765625 -0.0360832214355469 -0.00495529174804687
-0.29388427734375 0.0909423828125001 0.00267505645751951 -0.0121564865112305
-0.21160888671875 0.186859130859375 0.0121421813964844 -0.0221920013427734
-0.10986328125 0.215484619140625 -0.0142440795898438 -0.0383720397949219
0.0121002197265625 0.253250122070313 -0.0212287902832031 -0.0212364196777344
0.0895843505859375 0.217987060546875 -0.0195636749267578 -0.0106830596923828
0.0847625732421875 0.204269409179688 -0.013707160949707 -0.0107126235961914
0.105117797851562 0.222076416015625 -0.0194282531738281 -0.00217628479003905
0.062835693359375 0.2381591796875 -0.00696611404418945 -0.0066695213317871
-0.0451202392578125 0.253021240234375 -0.0184440612792969 -0.0332393646240234
-0.129196166992187 0.230453491210938 -0.000499725341796882 -0.0287189483642578
-0.262741088867188 0.115753173828125 0.0288333892822265 -0.0149765014648437
-0.3170166015625 0.04241943359375 0.0371284484863281 0.0363845825195313
-0.304962158203125 -0.029083251953125 0.03961181640625 0.0736312866210938
-0.270431518554688 -0.022979736328125 -0.162094116210938 -0.0728302001953125
-0.248886108398438 0.030517578125 -0.104743957519531 0.00086975097656249
-0.23199462890625 0.09283447265625 -0.0183944702148438 -0.00699615478515624
-0.164108276367188 0.1622314453125 0.00418472290039062 -0.0417823791503906
-0.084686279296875 0.18341064453125 -0.0207748413085938 -0.0754318237304687
0.01385498046875 0.221160888671875 -0.0452804565429688 -0.0812225341796875
0.0764312744140625 0.192520141601563 -0.0666351318359375 -0.0772323608398437
0.0683746337890625 0.184310913085938 -0.06378173828125 -0.071929931640625
0.07879638671875 0.205337524414063 -0.0621986389160156 -0.065155029296875
0.032470703125 0.216171264648438 -0.0317268371582031 -0.0645217895507812
-0.0704193115234375 0.215988159179687 -0.0275650024414063 -0.0725784301757813
-0.139144897460937 0.180267333984375 -0.00636291503906251 -0.0457382202148437
-0.237152099609375 0.0672760009765625 0.00493907928466795 -0.0090494155883789
-0.272247314453125 0.0127105712890624 -0.0309600830078125 0.048431396484375
-0.261795043945313 -0.03594970703125 -0.0626487731933594 0.0445518493652344
-0.180221557617187 -0.000747680664062482 -0.24188232421875 -0.0829925537109375
-0.15838623046875 0.0321197509765625 -0.160064697265625 0.00695800781250002
-0.139480590820313 0.0643081665039063 -0.0400810241699219 0.00150680541992188
-0.102729797363281 0.10321044921875 -0.0100975036621094 -0.0504722595214844
-0.0569534301757812 0.118873596191406 -0.0278778076171875 -0.0957412719726562
0.006561279296875 0.155120849609375 -0.0673141479492188 -0.121902465820312
0.0491867065429687 0.139457702636719 -0.105171203613281 -0.127540588378906
0.042236328125 0.135322570800781 -0.10369873046875 -0.12139892578125
0.044769287109375 0.155319213867188 -0.0911483764648438 -0.121116638183594
0.00311279296875001 0.159637451171875 -0.043975830078125 -0.116630554199219
-0.0772247314453125 0.14434814453125 -0.0221405029296875 -0.100822448730469
-0.117630004882812 0.102821350097656 -0.00410461425781251 -0.0584297180175781
-0.16552734375 0.0167694091796875 -0.0136022567749024 -0.00690841674804687
-0.1829833984375 -0.0091094970703125 -0.086761474609375 0.0457382202148438
-0.179718017578125 -0.0302886962890625 -0.146560668945313 0.0113677978515625
-0.0615615844726562 0.0140647888183594 -0.292236328125 -0.08685302734375
-0.0510025024414063 0.0138053894042969 -0.1944580078125 0.0136260986328125
-0.0412673950195313 0.0137443542480469 -0.0552787780761719 0.0139312744140625
-0.042510986328125 0.0238723754882812 -0.0230216979980469 -0.0465812683105469
-0.0337333679199219 0.0392684936523438 -0.0316925048828125 -0.0986862182617188
-0.00962829589843749 0.0712356567382813 -0.082183837890625 -0.141799926757813
0.0109710693359375 0.0672492980957031 -0.1309814453125 -0.154647827148437
0.0108184814453125 0.0669898986816406 -0.128341674804688 -0.151824951171875
0.00896453857421875 0.081146240234375 -0.1041259765625 -0.158126831054688
-0.0155181884765625 0.0780410766601563 -0.0446929931640625 -0.151229858398438
-0.05767822265625 0.0573577880859375 -0.00889587402343751 -0.113555908203125
-0.0618515014648437 0.0238571166992187 0.00262832641601563 -0.0624275207519531
-0.0625534057617187 -0.0129547119140625 -0.026092529296875 -0.00642204284667968
-0.0664939880371094 -0.00701904296875001 -0.122886657714844 0.0339508056640625
-0.071868896484375 -0.00859069824218749 -0.20068359375 -0.0174713134765625
-0.050689697265625 -0.0279502868652344 0.218185424804687 -0.000549316406250002
-0.0619239807128906 -0.013916015625 0.140625 -0.0267791748046875
-0.058197021484375 0.0183906555175781 0.0185508728027344 -0.00834274291992187
-0.0232086181640625 0.0362396240234375 -0.0197868347167969 0.0496788024902344
-0.0032806396484375 0.0327529907226562 -0.0243606567382812 0.104385375976563
0.0166025161743164 0.0172481536865234 0.0396881103515625 0.163681030273438
0.0285263061523438 0.011962890625 0.118423461914062 0.177566528320312
0.0268726348876953 0.00958061218261719 0.1402587890625 0.152725219726562
0.0333843231201172 0.00502586364746094 0.136260986328125 0.1451416015625
0.0372505187988281 0.01678466796875 0.0938186645507813 0.137481689453125
0.0332374572753906 0.039581298828125 0.0514984130859375 0.087432861328125
0.00510025024414062 0.0581817626953125 0.0406875610351563 0.0330734252929688
-0.0419082641601562 0.0478172302246094 0.0895919799804688 -0.0180892944335937
-0.0628166198730469 0.0151634216308594 0.20257568359375 -0.03558349609375
-0.0470809936523437 -0.00359344482421876 0.3125 0.10687255859375
-0.16815185546875 -0.049285888671875 0.19061279296875 -4.5776367187503E-05
-0.16510009765625 -0.0246734619140625 0.129051208496094 -0.0156784057617188
-0.167190551757813 0.02789306640625 0.0250797271728516 -0.0138530731201172
-0.11248779296875 0.0897140502929687 -0.0144729614257813 0.0383071899414063
-0.0541000366210938 0.106056213378906 -0.0274505615234375 0.0848007202148438
0.015167236328125 0.112312316894531 0.027435302734375 0.14788818359375
0.0619125366210938 0.0958099365234375 0.101516723632813 0.162429809570313
0.0612030029296875 0.0866470336914062 0.125022888183594 0.137252807617188
0.0768051147460938 0.0852584838867188 0.118118286132813 0.131668090820313
0.0666580200195313 0.100418090820313 0.0859375 0.121009826660156
0.0254898071289062 0.125587463378906 0.0414276123046875 0.0680122375488281
-0.0271148681640625 0.140182495117188 0.0352363586425781 0.0211868286132813
-0.122848510742187 0.0980758666992188 0.084930419921875 -0.0290679931640625
-0.170761108398438 0.0466461181640625 0.192596435546875 -0.0316314697265625
-0.162017822265625 -0.00151062011718753 0.294342041015625 0.101654052734375
-0.261322021484375 -0.0619201660156249 0.127853393554687 -0.0122299194335938
-0.252853393554688 -0.026397705078125 0.092926025390625 -0.0108642578125
-0.256317138671875 0.0465850830078125 0.0271663665771484 -0.0146293640136719
-0.183517456054687 0.139617919921875 -0.00238037109375001 0.0228919982910156
-0.094451904296875 0.169097900390625 -0.0220451354980469 0.0532722473144531
0.0142669677734375 0.193069458007813 0.0161666870117188 0.106483459472656
0.0850067138671875 0.164093017578125 0.0718765258789063 0.121009826660156
0.085479736328125 0.147201538085938 0.090057373046875 0.101539611816406
0.109405517578125 0.152725219726563 0.082550048828125 0.101272583007813
0.08770751953125 0.168045043945313 0.0633163452148438 0.0902023315429688
0.015960693359375 0.198516845703125 0.0230178833007812 0.0408973693847656
-0.0587310791015625 0.205978393554688 0.0252456665039062 0.00738143920898439
-0.19085693359375 0.138442993164063 0.0723114013671875 -0.0307998657226562
-0.256622314453125 0.0712127685546875 0.159072875976562 -0.0147705078125
-0.252700805664063 -0.00155639648437502 0.236495971679688 0.0968170166015625
-0.315032958984375 -0.054473876953125 0.0400962829589844 -0.0342330932617188
-0.301544189453125 -0.00677490234375006 0.0345306396484375 -0.00771713256835938
-0.30145263671875 0.077972412109375 0.0192432403564453 -0.0141353607177734
-0.2161865234375 0.182403564453125 0.00936317443847655 0.00118255615234376
-0.109725952148437 0.213043212890625 -0.0162897109985352 0.0088014602661133
0.0193634033203125 0.244247436523438 0.000534057617187506 0.0469207763671875
0.100128173828125 0.205184936523438 0.0294723510742188 0.059722900390625
0.0975799560546875 0.1884765625 0.0411033630371094 0.0496902465820313
0.123580932617187 0.199996948242188 0.0345535278320313 0.0564002990722656
0.0916290283203125 0.2171630859375 0.0291213989257813 0.04705810546875
-0.00396728515625 0.248458862304688 -0.000263214111328125 0.00574445724487306
-0.0888824462890625 0.244918823242187 0.0115842819213867 -0.00939178466796873
-0.23931884765625 0.15118408203125 0.0527801513671875 -0.0246047973632812
-0.309173583984375 0.0762023925781251 0.103851318359375 0.0100784301757813
-0.304046630859375 -0.00750732421875003 0.148300170898437 0.0869293212890625
-0.32080078125 -0.0355224609375 -0.0641937255859375 -0.0522003173828125
-0.30108642578125 0.021820068359375 -0.0350704193115235 -0.00196075439453125
-0.290985107421875 0.10467529296875 0.00339984893798827 -0.0108852386474609
-0.202789306640625 0.198272705078125 0.0109806060791015 -0.0240917205810547
-0.10015869140625 0.2213134765625 -0.0164985656738281 -0.0375518798828125
0.0261993408203125 0.254501342773438 -0.0217361450195313 -0.0190925598144531
0.101287841796875 0.214523315429687 -0.0195388793945312 -0.00980567932128905
0.0946807861328125 0.20098876953125 -0.0128211975097656 -0.0100851058959961
0.115890502929687 0.21844482421875 -0.0186347961425781 -0.000591278076171865
0.074188232421875 0.234024047851563 -0.00617599487304687 -0.0074949264526367
-0.0325775146484375 0.255584716796875 -0.0208873748779297 -0.0325698852539062
-0.119049072265625 0.238555908203125 -0.00149345397949219 -0.0264186859130859
-0.25970458984375 0.12896728515625 0.0296001434326172 -0.0151271820068359
-0.31658935546875 0.0579223632812499 0.0389213562011719 0.0359916687011719
-0.3079833984375 -0.0167236328124999 0.042144775390625 0.0727081298828125
-0.274093627929688 -0.0123291015625 -0.164520263671875 -0.06640625
-0.249114990234375 0.040771484375 -0.106666564941406 0.00723266601562501
-0.228179931640625 0.105911254882813 -0.018545150756836 -0.00520706176757812
-0.157196044921875 0.17266845703125 0.00160217285156249 -0.0429649353027344
-0.0770111083984375 0.187408447265625 -0.0232925415039063 -0.0749282836914062
0.0259246826171875 0.221298217773438 -0.0490646362304687 -0.0788726806640625
0.0858917236328125 0.189971923828125 -0.0696640014648438 -0.0750579833984375
0.07843017578125 0.183029174804688 -0.065338134765625 -0.0699501037597656
0.088836669921875 0.202789306640625 -0.0641250610351563 -0.0617485046386719
0.0445556640625 0.212814331054687 -0.0343589782714844 -0.0647430419921875
-0.060394287109375 0.220077514648438 -0.0318222045898438 -0.0711593627929687
-0.131378173828125 0.188140869140625 -0.00908660888671876 -0.0430641174316406
-0.23516845703125 0.0793609619140625 0.00539493560791014 -0.00740623474121093
-0.272445678710938 0.0269927978515625 -0.0284233093261719 0.0510597229003906
-0.265090942382813 -0.0273132324218749 -0.0630264282226563 0.0473403930664062
-0.180526733398438 0.006072998046875 -0.247589111328125 -0.0740051269531249
-0.157150268554688 0.040435791015625 -0.161300659179687 0.0142669677734375
-0.136032104492187 0.07318115234375 -0.0402336120605469 0.00434494018554687
-0.0986480712890625 0.109062194824219 -0.01202392578125 -0.0507240295410156
-0.051849365234375 0.122718811035156 -0.0308074951171875 -0.0946502685546875
0.01580810546875 0.155197143554688 -0.0726852416992188 -0.118736267089844
0.0560302734375 0.137001037597656 -0.111724853515625 -0.123260498046875
0.0486221313476563 0.134307861328125 -0.109695434570313 -0.117950439453125
0.0515899658203125 0.155181884765625 -0.0965499877929687 -0.117446899414063
0.0117950439453125 0.15838623046875 -0.04766845703125 -0.115753173828125
-0.0692901611328125 0.148971557617187 -0.02716064453125 -0.09930419921875
-0.112014770507812 0.109542846679688 -0.00769042968750001 -0.0562362670898437
-0.165206909179688 0.0248260498046875 -0.0130844116210938 -0.00564002990722656
-0.182952880859375 0.000473022460937482 -0.0855560302734375 0.05078125
-0.182754516601563 -0.0238800048828125 -0.148513793945312 0.016937255859375
-0.0618820190429687 0.0166511535644531 -0.298309326171875 -0.074981689453125
-0.0506629943847656 0.0171661376953125 -0.196319580078125 0.0231781005859375
-0.0389289855957031 0.0173416137695312 -0.0550651550292969 0.0164718627929687
-0.0412979125976562 0.025787353515625 -0.0255546569824219 -0.0461235046386719
-0.0308570861816406 0.040435791015625 -0.0352783203125 -0.0971298217773438
-0.00533294677734376 0.0713729858398438 -0.088836669921875 -0.137153625488281
0.0140876770019531 0.0671005249023437 -0.138946533203125 -0.15093994140625
0.0142898559570312 0.0658378601074219 -0.136154174804687 -0.147857666015625
0.012481689453125 0.0818023681640625 -0.110549926757813 -0.155364990234375
-0.0121612548828125 0.07818603515625 -0.049224853515625 -0.149246215820313
-0.0541000366210938 0.06060791015625 -0.013824462890625 -0.113876342773438
-0.060272216796875 0.0261344909667969 -0.000976562500000001 -0.0614547729492188
-0.0635795593261719 -0.0101242065429688 -0.0263843536376953 -0.00520896911621093
-0.0654830932617188 -0.00348281860351562 -0.121284484863281 0.03900146484375
-0.0713348388671875 -0.00675201416015625 -0.204254150390625 -0.00927734375000003
-0.0505714416503906 -0.027099609375 0.221405029296875 -0.0048980712890625
-0.0620193481445313 -0.0126609802246094 0.141372680664063 -0.02996826171875
-0.0577507019042969 0.0194320678710938 0.0191917419433594 -0.00842475891113281
-0.0237998962402344 0.0367584228515625 -0.0192222595214844 0.0506248474121094
-0.003143310546875 0.0333309173583984 -0.022216796875 0.10546875
0.0177993774414063 0.0176048278808594 0.04193115234375 0.163421630859375
0.0295791625976563 0.0129623413085937 0.122207641601562 0.174957275390625
0.0278282165527344 0.00861549377441406 0.143783569335938 0.150146484375
0.0333061218261719 0.00345230102539063 0.138702392578125 0.143829345703125
0.0379066467285156 0.0164222717285156 0.0966033935546875 0.134773254394531
0.0340614318847656 0.0384635925292969 0.0542068481445312 0.084259033203125
0.00675201416015626 0.0591239929199219 0.0429534912109375 0.0319976806640625
-0.0418281555175781 0.0484199523925781 0.0899429321289063 -0.0191726684570312
-0.0629653930664062 0.0169868469238281 0.202865600585938 -0.0371246337890625
-0.0475311279296875 -0.00223159790039062 0.31640625 0.102569580078125
-0.168624877929688 -0.0465850830078125 0.194595336914063 -0.001556396484375
-0.1666259765625 -0.0217132568359375 0.130668640136719 -0.01739501953125
-0.166961669921875 0.03253173828125 0.0263290405273437 -0.0121173858642578
-0.110610961914063 0.092376708984375 -0.0126380920410156 0.0399932861328125
-0.0524368286132812 0.107765197753906 -0.026031494140625 0.0858840942382813
0.01904296875 0.112159729003906 0.029937744140625 0.147567749023438
0.0636367797851562 0.095184326171875 0.106094360351563 0.160491943359375
0.06329345703125 0.084686279296875 0.127792358398438 0.134185791015625
0.0797042846679688 0.0837478637695313 0.121803283691406 0.130401611328125
0.0705490112304688 0.097076416015625 0.087615966796875 0.119155883789062
0.0293350219726563 0.1253662109375 0.0423164367675781 0.0655670166015625
-0.023773193359375 0.141372680664063 0.0372543334960937 0.0191192626953125
-0.121009826660156 0.101417541503906 0.0853652954101562 -0.0291824340820312
-0.171096801757813 0.0515289306640625 0.191818237304688 -0.032806396484375
-0.163818359375 0.0011444091796875 0.297149658203125 0.09759521484375
-0.26220703125 -0.0572357177734375 0.131629943847656 -0.0139312744140625
-0.251739501953125 -0.0205535888671876 0.0946044921875 -0.01092529296875
-0.25677490234375 0.0524597167968749 0.02703857421875 -0.0149173736572266
-0.1787109375 0.145645141601563 -0.000850677490234385 0.0223503112792969
-0.0917205810546875 0.1717529296875 -0.02154541015625 0.0521087646484375
0.0200042724609375 0.191864013671875 0.0174407958984375 0.106277465820313
0.0901947021484375 0.162521362304688 0.0748062133789063 0.120223999023438
0.08953857421875 0.14697265625 0.093292236328125 0.0980224609375
0.115524291992188 0.150421142578125 0.0856094360351563 0.100616455078125
0.0928802490234375 0.165481567382813 0.065093994140625 0.08843994140625
0.0223388671875 0.20001220703125 0.0221748352050781 0.0399513244628906
-0.052154541015625 0.209457397460937 0.0263862609863281 0.00666046142578126
-0.188247680664062 0.142379760742188 0.0728225708007812 -0.0308837890625
-0.255844116210938 0.0787353515625 0.158111572265625 -0.0161895751953125
-0.253189086914063 0.0026702880859375 0.238800048828125 0.0926666259765625
-0.31646728515625 -0.04852294921875 0.0417442321777344 -0.0329742431640625
-0.30145263671875 -0.00100708007812494 0.0359001159667969 -0.006011962890625
-0.299835205078125 0.084930419921875 0.0191574096679687 -0.013427734375
-0.210922241210938 0.188262939453125 0.00994110107421874 0.000275611877441418
-0.105224609375 0.216552734375 -0.0163383483886719 0.00864028930664064
0.0264892578125 0.244064331054687 0.000392913818359376 0.0479927062988281
0.10577392578125 0.203857421875 0.0317268371582031 0.0603523254394531
0.103012084960937 0.187606811523437 0.0442657470703125 0.0480384826660156
0.130111694335938 0.197555541992188 0.0364646911621094 0.0562248229980469
0.097564697265625 0.21258544921875 0.0304641723632813 0.0446701049804688
0.00373840332031248 0.248397827148438 -0.000911712646484375 0.00597763061523439
-0.08209228515625 0.248001098632813 0.0128765106201172 -0.00857162475585936
-0.237045288085938 0.157943725585937 0.0538864135742187 -0.0244712829589844
-0.308258056640625 0.084564208984375 0.104446411132812 0.00927734375000001
-0.305023193359375 -0.00128173828125003 0.149703979492187 0.0838623046875
-0.32171630859375 -0.0291137695312499 -0.0636749267578125 -0.0512313842773438
-0.302032470703125 0.027618408203125 -0.0350265502929688 0.00224113464355469
-0.28826904296875 0.11187744140625 0.00312900543212889 -0.0100135803222656
-0.197677612304688 0.205291748046875 0.0109710693359375 -0.0236320495605469
-0.09527587890625 0.224624633789062 -0.0168228149414063 -0.0373344421386719
0.0334930419921875 0.253036499023438 -0.022308349609375 -0.0180301666259766
0.10650634765625 0.214111328125 -0.0196170806884766 -0.00925064086914061
0.10015869140625 0.199935913085938 -0.0128459930419922 -0.0115184783935547
0.1224365234375 0.216201782226563 -0.0176582336425781 -0.000471115112304674
0.0810546875 0.2310791015625 -0.00591468811035156 -0.00874757766723631
-0.0255126953125 0.2579345703125 -0.0228118896484375 -0.0315055847167969
-0.11273193359375 0.243743896484375 -0.000534057617187507 -0.0253772735595703
-0.257095336914063 0.1351318359375 0.0301399230957031 -0.0142555236816406
-0.315277099609375 0.065399169921875 0.0396270751953125 0.0362014770507813
-0.310455322265625 -0.012664794921875 0.042388916015625 0.0707015991210938
-0.274673461914063 -0.00744628906250004 -0.16796875 -0.0616912841796875
-0.248855590820313 0.0456085205078125 -0.10540771484375 0.0111083984375
-0.2254638671875 0.11029052734375 -0.0186729431152344 -0.00419998168945312
-0.152114868164063 0.17877197265625 0.00081634521484374 -0.0430984497070312
-0.0731964111328125 0.19097900390625 -0.0250167846679688 -0.0746231079101562
0.033050537109375 0.220748901367187 -0.0500411987304688 -0.0767593383789062
0.0915069580078125 0.189712524414063 -0.0714645385742188 -0.0735931396484375
0.0821533203125 0.180999755859375 -0.0672073364257813 -0.0692710876464844
0.0956268310546875 0.201065063476563 -0.0654182434082031 -0.0611915588378906
0.0493621826171875 0.211380004882813 -0.0345344543457031 -0.064971923828125
-0.0539398193359375 0.222686767578125 -0.0334091186523438 -0.0683860778808594
-0.125579833984375 0.192489624023438 -0.00917053222656251 -0.042022705078125
-0.23333740234375 0.0849151611328125 0.00582313537597655 -0.00708532333374023
-0.271224975585938 0.03289794921875 -0.0284004211425781 0.0521316528320313
-0.26690673828125 -0.0213470458984375 -0.0637435913085938 0.0479164123535156
-0.183242797851563 0.0106048583984375 -0.250350952148438 -0.068878173828125
-0.158340454101563 0.042388916015625 -0.162384033203125 0.01947021484375
-0.134544372558594 0.0758132934570313 -0.0405616760253906 0.00448608398437501
-0.0944747924804688 0.112663269042969 -0.0139808654785156 -0.0504417419433594
-0.0476608276367187 0.123565673828125 -0.0336685180664063 -0.0941543579101562
0.02117919921875 0.155441284179688 -0.0751495361328125 -0.117286682128906
0.0602645874023438 0.136497497558594 -0.1138916015625 -0.121574401855469
0.0538558959960938 0.133705139160156 -0.110671997070313 -0.116668701171875
0.0568695068359375 0.15350341796875 -0.0981292724609375 -0.1156005859375
0.015167236328125 0.156021118164063 -0.0489273071289063 -0.113601684570313
-0.0657501220703125 0.150588989257813 -0.029205322265625 -0.0977706909179687
-0.109375 0.112632751464844 -0.00866317749023438 -0.0548095703125
-0.16412353515625 0.0290069580078125 -0.01300048828125 -0.00477123260498047
-0.1822509765625 0.0041656494140625 -0.0844650268554688 0.0515289306640625
-0.182662963867188 -0.0221405029296875 -0.151077270507813 0.0195465087890625
-0.0613365173339844 0.0176773071289062 -0.302398681640625 -0.06951904296875
-0.0513839721679688 0.0178680419921875 -0.197296142578125 0.0264434814453125
-0.0379524230957031 0.0183143615722656 -0.0562210083007812 0.0167770385742188
-0.0397567749023438 0.0280075073242188 -0.0271644592285156 -0.0456581115722656
-0.0300254821777344 0.0409355163574219 -0.03759765625 -0.0958480834960938
-0.00142669677734376 0.07183837890625 -0.090606689453125 -0.135307312011719
0.0161666870117188 0.0661430358886719 -0.142303466796875 -0.148056030273438
0.0158462524414063 0.0669059753417969 -0.1385498046875 -0.145492553710938
0.0142822265625 0.0816497802734375 -0.114593505859375 -0.152908325195312
-0.00919342041015625 0.0774612426757813 -0.052154541015625 -0.1474609375
-0.0517082214355469 0.0619964599609375 -0.0167922973632813 -0.112037658691406
-0.0606155395507813 0.0283546447753906 -0.00308609008789063 -0.0599403381347656
-0.0627899169921875 -0.00767898559570313 -0.0255222320556641 -0.00436592102050781
-0.0653762817382813 -0.00251770019531251 -0.12109375 0.0401153564453125
-0.0721435546875 -0.00660705566406251 -0.207534790039063 -0.006378173828125
-0.0508804321289062 -0.0278091430664063 0.229095458984375 -0.005706787109375
-0.0631370544433594 -0.0117034912109375 0.14605712890625 -0.0294647216796875
-0.0589332580566406 0.0197410583496094 0.0205135345458984 -0.00840377807617188
-0.0246391296386719 0.0368232727050781 -0.018585205078125 0.0514183044433594
-0.0030975341796875 0.0345020294189453 -0.022857666015625 0.106727600097656
0.0182533264160156 0.0178852081298828 0.04302978515625 0.166305541992188
0.0300273895263672 0.0125789642333984 0.125335693359375 0.17864990234375
0.0268135070800781 0.00828361511230469 0.1475830078125 0.15216064453125
0.0346927642822266 0.00251007080078125 0.142776489257813 0.146438598632813
0.0389137268066406 0.016265869140625 0.09893798828125 0.13665771484375
0.0347785949707031 0.038787841796875 0.0549468994140625 0.0849151611328125
0.00711822509765625 0.0599899291992188 0.0452232360839844 0.03204345703125
-0.0428085327148437 0.0491523742675781 0.091156005859375 -0.0194625854492187
-0.0648231506347656 0.017578125 0.206130981445313 -0.0373382568359375
-0.0492515563964844 -0.00136184692382812 0.324462890625 0.10455322265625
-0.171737670898438 -0.0472259521484375 0.201873779296875 -0.0021209716796875
-0.16845703125 -0.0212249755859375 0.135284423828125 -0.016876220703125
-0.17010498046875 0.033233642578125 0.0281772613525391 -0.0123176574707031
-0.111228942871094 0.0945663452148437 -0.0114097595214844 0.0395584106445313
-0.05242919921875 0.110618591308594 -0.0267562866210938 0.0869903564453125
0.0208358764648438 0.114219665527344 0.0309906005859375 0.150253295898438
0.0667266845703125 0.09686279296875 0.109207153320313 0.163726806640625
0.06451416015625 0.0852203369140625 0.13238525390625 0.13580322265625
0.0821533203125 0.0836181640625 0.125228881835938 0.132522583007813
0.0716400146484375 0.0969772338867187 0.0891265869140625 0.119338989257813
0.0318984985351563 0.127769470214844 0.0427703857421875 0.0659904479980469
-0.0218505859375 0.144577026367188 0.0392799377441406 0.0199165344238281
-0.123466491699219 0.103973388671875 0.0871353149414062 -0.0292434692382812
-0.17401123046875 0.0544281005859375 0.194625854492188 -0.0322113037109375
-0.16741943359375 0.00245666503906249 0.3045654296875 0.0992431640625
-0.267242431640625 -0.05767822265625 0.137451171875 -0.013336181640625
-0.256179809570313 -0.02020263671875 0.0979537963867187 -0.0100250244140625
-0.25885009765625 0.0539398193359375 0.0296688079833984 -0.0142154693603516
-0.180130004882812 0.149093627929688 0.000293731689453113 0.0226001739501953
-0.09136962890625 0.176010131835937 -0.0222702026367188 0.0525054931640625
0.0231475830078125 0.1949462890625 0.0175018310546875 0.10931396484375
0.093994140625 0.165618896484375 0.0771331787109375 0.122283935546875
0.092437744140625 0.148529052734375 0.097076416015625 0.0987014770507813
0.118255615234375 0.152023315429688 0.0893020629882813 0.102500915527344
0.09576416015625 0.165771484375 0.0662994384765625 0.0885467529296875
0.0251007080078125 0.203125 0.0224800109863281 0.0398216247558594
-0.0501708984375 0.214218139648437 0.0284271240234375 0.00673294067382814
-0.191726684570313 0.146530151367188 0.0749893188476562 -0.030517578125
-0.261016845703125 0.082183837890625 0.160964965820312 -0.015380859375
-0.25885009765625 0.00321960449218754 0.244338989257812 0.0942535400390625
-0.322723388671875 -0.048583984375 0.0452919006347656 -0.0323867797851563
-0.30633544921875 -0.000488281249999944 0.0391044616699219 -0.00454330444335938
-0.304412841796875 0.087371826171875 0.021646499633789 -0.0133247375488281
-0.21185302734375 0.193984985351562 0.0104331970214844 0.000278472900390637
-0.106109619140625 0.220596313476562 -0.01690673828125 0.00830078125000002
0.0302886962890625 0.246505737304688 0.000698089599609374 0.0496940612792969
0.110260009765625 0.207656860351563 0.0332527160644531 0.0603904724121094
0.106735229492187 0.189910888671875 0.0462303161621094 0.0465087890625
0.135162353515625 0.199722290039063 0.0384559631347656 0.0571746826171875
0.101150512695312 0.213882446289063 0.0317115783691406 0.0445518493652344
0.00730895996093752 0.25323486328125 -0.00205469131469727 0.00670719146728517
-0.08038330078125 0.254348754882813 0.0145435333251953 -0.0081968307495117
-0.240615844726562 0.1630859375 0.0556449890136719 -0.0244522094726562
-0.3126220703125 0.08892822265625 0.107437133789063 0.0114364624023438
-0.311767578125 -0.00177001953124994 0.152603149414062 0.0862884521484375
-0.328521728515625 -0.02886962890625 -0.0630950927734375 -0.0504570007324219
-0.306884765625 0.0284729003906249 -0.0336551666259766 0.00335311889648438
-0.2928466796875 0.115447998046875 0.00431346893310545 -0.00927543640136718
-0.1982421875 0.210968017578125 0.0112743377685547 -0.0244483947753906
-0.095794677734375 0.229461669921875 -0.0176048278808594 -0.0387916564941406
0.0379180908203125 0.257278442382813 -0.0229644775390625 -0.017892837524414
0.112106323242188 0.216812133789062 -0.0191993713378906 -0.00931930541992186
0.104995727539063 0.202423095703125 -0.0118436813354492 -0.0132989883422851
0.127975463867188 0.21875 -0.0173158645629883 0.000116348266601578
0.0838623046875 0.23175048828125 -0.00557899475097656 -0.00936603546142577
-0.022369384765625 0.263015747070312 -0.0239791870117188 -0.0316352844238281
-0.111328125 0.249038696289063 0.00111961364746093 -0.0242958068847656
-0.2608642578125 0.1400146484375 0.0320777893066406 -0.0141696929931641
-0.320526123046875 0.069915771484375 0.0403900146484375 0.0388298034667969
-0.317352294921875 -0.012725830078125 0.0420379638671875 0.0726165771484375
-0.28021240234375 -0.00543212890624996 -0.169937133789063 -0.0621490478515625
-0.253219604492188 0.0467376708984375 -0.105888366699219 0.0124969482421875
-0.228790283203125 0.113983154296875 -0.0183582305908203 -0.00342941284179687
-0.152633666992188 0.183380126953125 0.000736236572265613 -0.0440940856933594
-0.0721282958984375 0.19476318359375 -0.0253448486328125 -0.0769119262695312
0.0373382568359375 0.223556518554688 -0.0510940551757813 -0.0774688720703125
0.0959320068359375 0.1917724609375 -0.0725860595703125 -0.0747146606445312
0.086212158203125 0.184249877929687 -0.0684967041015625 -0.0720596313476563
0.0998687744140625 0.204116821289063 -0.0659675598144531 -0.0618400573730469
0.0524444580078125 0.212600708007813 -0.0343589782714844 -0.0669364929199219
-0.0521087646484375 0.22723388671875 -0.0345649719238281 -0.0690727233886719
-0.125244140625 0.197967529296875 -0.00816726684570313 -0.0408287048339844
-0.2374267578125 0.0886383056640625 0.00742006301879881 -0.00711965560913085
-0.275726318359375 0.035980224609375 -0.0287628173828125 0.0541000366210938
-0.2728271484375 -0.0231018066406251 -0.0665016174316406 0.0490608215332031
-0.186325073242188 0.0115203857421875 -0.256011962890625 -0.0682220458984375
-0.161148071289063 0.04339599609375 -0.164474487304688 0.021392822265625
-0.135597229003906 0.077972412109375 -0.0415382385253906 0.00471878051757812
-0.0936126708984375 0.116874694824219 -0.0150413513183594 -0.0523262023925781
-0.0479583740234375 0.126434326171875 -0.033935546875 -0.0958633422851562
0.0244293212890625 0.15771484375 -0.0765457153320313 -0.1187744140625
0.0630950927734375 0.138381958007813 -0.117324829101562 -0.123764038085937
0.05670166015625 0.136360168457031 -0.114151000976562 -0.119331359863281
0.059906005859375 0.156539916992188 -0.100593566894531 -0.117073059082031
0.017181396484375 0.157745361328125 -0.0490646362304687 -0.117401123046875
-0.0641937255859375 0.153976440429688 -0.0302658081054688 -0.0977935791015625
-0.109779357910156 0.116233825683594 -0.00793838500976563 -0.0543556213378906
-0.166580200195313 0.031341552734375 -0.0123491287231445 -0.00446987152099609
-0.184829711914063 0.00637817382812503 -0.0865249633789063 0.0529708862304688
-0.186630249023438 -0.0228729248046875 -0.156570434570312 0.0199737548828125
-0.0633163452148438 0.0189285278320313 -0.309906005859375 -0.069671630859375
-0.0514945983886719 0.0182037353515625 -0.201507568359375 0.027862548828125
-0.0383186340332031 0.0190315246582031 -0.0576858520507813 0.0170173645019531
-0.0389595031738281 0.0289993286132813 -0.0283164978027344 -0.0465202331542969
-0.0300559997558594 0.0418777465820312 -0.0378189086914063 -0.0980911254882813
-0.000755310058593758 0.0733489990234375 -0.09228515625 -0.138214111328125
0.0176620483398438 0.0675086975097656 -0.145980834960938 -0.150527954101562
0.0175132751464844 0.0678863525390625 -0.142333984375 -0.148025512695313
0.016357421875 0.0836944580078125 -0.117263793945313 -0.155258178710938
-0.0086822509765625 0.0780792236328125 -0.052032470703125 -0.150009155273438
-0.0519142150878906 0.0636749267578125 -0.0167312622070312 -0.111465454101562
-0.0603828430175781 0.0301780700683594 -0.00300216674804687 -0.0596084594726563
-0.0636978149414063 -0.00706100463867187 -0.0259952545166016 -0.00420570373535157
-0.0660552978515625 -0.00124740600585937 -0.124122619628906 0.0412750244140625
-0.0737686157226563 -0.00759887695312499 -0.214645385742188 -0.0055694580078125
-0.0526580810546875 -0.0294265747070312 0.241455078125 -0.0075225830078125
-0.0656242370605469 -0.0113029479980469 0.152877807617188 -0.0308074951171875
-0.0614242553710938 0.0209770202636719 0.0225830078125 -0.00909423828125
-0.0261116027832031 0.0388755798339844 -0.018096923828125 0.0535545349121094
-0.00354385375976562 0.0367507934570313 -0.022674560546875 0.110847473144531
0.0186653137207031 0.0187473297119141 0.044921875 0.173126220703125
0.0316734313964844 0.0128917694091797 0.132644653320313 0.185165405273438
0.0275821685791016 0.00827598571777344 0.155532836914063 0.157257080078125
0.0353050231933594 0.00164413452148437 0.150039672851563 0.152145385742188
0.0406112670898437 0.0158576965332031 0.103073120117188 0.140625
0.0367469787597656 0.0402069091796875 0.0573806762695313 0.0867919921875
0.00828933715820313 0.0622367858886719 0.0476760864257813 0.0325851440429688
-0.0442161560058594 0.0515518188476563 0.0943069458007813 -0.0200271606445312
-0.0684394836425781 0.0196495056152344 0.214187622070313 -0.0381622314453125
-0.0511436462402344 -0.000198364257812498 0.340789794921875 0.10772705078125
-0.178009033203125 -0.0482940673828125 0.213531494140625 -0.0027313232421875
-0.174789428710938 -0.020416259765625 0.142852783203125 -0.01690673828125
-0.17694091796875 0.035736083984375 0.0309734344482422 -0.0127220153808594
-0.114280700683594 0.09918212890625 -0.0109329223632813 0.0406532287597656
-0.0539169311523437 0.115623474121094 -0.0275955200195312 0.0902175903320313
0.023651123046875 0.117897033691406 0.0325164794921875 0.15643310546875
0.0710296630859375 0.0997390747070313 0.116226196289062 0.170013427734375
0.0678482055664063 0.0876541137695313 0.139289855957031 0.139411926269531
0.087066650390625 0.0857391357421875 0.132705688476563 0.138130187988281
0.0755233764648438 0.0989303588867188 0.0932998657226563 0.123443603515625
0.0353164672851563 0.132591247558594 0.0438613891601563 0.0674362182617188
-0.020538330078125 0.150787353515625 0.0425262451171875 0.0197296142578125
-0.128387451171875 0.109291076660156 0.0909500122070312 -0.0302047729492187
-0.181686401367187 0.0593719482421875 0.203094482421875 -0.0329437255859375
-0.174423217773438 0.00375366210937499 0.319305419921875 0.10162353515625
-0.278701782226563 -0.0575714111328125 0.146133422851562 -0.0136260986328125
-0.265487670898438 -0.019561767578125 0.104530334472656 -0.00882720947265625
-0.269546508789063 0.0579071044921875 0.0322418212890625 -0.0146770477294922
-0.185592651367187 0.156784057617188 0.00151443481445311 0.0229034423828125
-0.0937042236328125 0.184341430664063 -0.0234565734863281 0.0544815063476563
0.0274810791015625 0.201202392578125 0.0190582275390625 0.114433288574219
0.101165771484375 0.1708984375 0.0824966430664063 0.126785278320313
0.0977783203125 0.1531982421875 0.102546691894531 0.100059509277344
0.126419067382813 0.1563720703125 0.0947723388671875 0.106437683105469
0.101638793945312 0.169845581054687 0.0688934326171875 0.0904541015625
0.0297088623046875 0.21136474609375 0.0227928161621094 0.0412406921386719
-0.0485992431640625 0.224075317382813 0.0317459106445313 0.0063610076904297
-0.199066162109375 0.154922485351563 0.0786895751953125 -0.0315399169921875
-0.270645141601563 0.0884857177734375 0.167999267578125 -0.014892578125
-0.271148681640625 0.00477600097656245 0.256134033203125 0.095703125
-0.336151123046875 -0.048370361328125 0.0498275756835937 -0.0333480834960938
-0.31890869140625 0.000976562499999991 0.0434379577636719 -0.00324630737304688
-0.31622314453125 0.09246826171875 0.0242843627929687 -0.0132846832275391
-0.217437744140625 0.204544067382813 0.0114612579345703 -8.77380371093625E-05
-0.10833740234375 0.230606079101563 -0.0180873870849609 0.00783729553222657
0.03607177734375 0.254425048828125 0.00133132934570312 0.0525360107421875
0.118850708007812 0.214828491210938 0.0365829467773438 0.0632553100585938
0.11370849609375 0.196014404296875 0.0492172241210938 0.0463905334472656
0.14410400390625 0.20660400390625 0.0414085388183594 0.0596733093261719
0.107696533203125 0.219558715820313 0.0328750610351563 0.0443878173828125
0.012115478515625 0.263656616210938 -0.00313472747802734 0.00722360610961916
-0.0796966552734375 0.266525268554688 0.0173559188842773 -0.00865840911865233
-0.249755859375 0.172073364257813 0.0590095520019531 -0.0253829956054687
-0.32513427734375 0.096343994140625 0.112373352050781 0.0131454467773438
-0.325714111328125 -0.000793457031249956 0.159347534179687 0.0885467529296875
-0.34246826171875 -0.0282592773437499 -0.0638427734375 -0.0513763427734375
-0.318878173828125 0.03173828125 -0.0327072143554688 0.00513839721679688
-0.3043212890625 0.122161865234375 0.00619411468505858 -0.00958824157714843
-0.203170776367188 0.222702026367188 0.0117607116699219 -0.0259456634521484
-0.0980224609375 0.239517211914062 -0.0190315246582031 -0.041259765625
0.0438232421875 0.265228271484375 -0.0238800048828125 -0.0175704956054687
0.120895385742188 0.224746704101563 -0.0192241668701172 -0.00954627990722655
0.111724853515625 0.209579467773438 -0.0119600296020508 -0.0156641006469726
0.136886596679688 0.226791381835938 -0.0167150497436523 0.000540733337402359
0.0899810791015625 0.238082885742188 -0.00567436218261718 -0.0119466781616211
-0.019256591796875 0.274765014648437 -0.0259304046630859 -0.032083511352539
-0.110763549804688 0.261474609375 0.00226402282714843 -0.0251407623291015
-0.270751953125 0.148269653320312 0.0345115661621094 -0.0145015716552734
-0.33294677734375 0.0767822265625 0.0426406860351562 0.0415267944335938
-0.3314208984375 -0.0126647949218751 0.043365478515625 0.0754547119140625
-0.2923583984375 -0.00445556640625003 -0.176544189453125 -0.063385009765625
-0.263534545898437 0.0508117675781249 -0.108268737792969 0.0153350830078125
-0.236785888671875 0.120162963867187 -0.0182037353515625 -0.00317382812499999
-0.155303955078125 0.193450927734375 3.05175781249955E-05 -0.0465087890625
-0.072967529296875 0.20318603515625 -0.0273590087890625 -0.0801925659179688
0.042633056640625 0.23126220703125 -0.053375244140625 -0.07989501953125
0.103439331054687 0.198760986328125 -0.075531005859375 -0.0774002075195312
0.092803955078125 0.190353393554688 -0.07110595703125 -0.076171875
0.108245849609375 0.21209716796875 -0.0685157775878906 -0.0636253356933593
0.0565643310546875 0.218597412109375 -0.0356216430664062 -0.0709762573242187
-0.04974365234375 0.237167358398438 -0.0365676879882812 -0.070892333984375
-0.127059936523437 0.207870483398438 -0.00679397583007814 -0.0415687561035156
-0.24542236328125 0.0945434570312501 0.00911521911621092 -0.00748920440673827
-0.28643798828125 0.04095458984375 -0.0292930603027344 0.0577545166015625
-0.284942626953125 -0.024444580078125 -0.0712127685546875 0.0524749755859375
-0.1943359375 0.0132293701171875 -0.267440795898437 -0.068267822265625
-0.167633056640625 0.04620361328125 -0.170639038085938 0.023712158203125
-0.139488220214844 0.0817642211914062 -0.0428009033203125 0.00593948364257813
-0.0951080322265625 0.123291015625 -0.0168190002441406 -0.0544204711914062
-0.0481338500976563 0.131874084472656 -0.0362014770507812 -0.0999069213867188
0.0286865234375 0.162673950195313 -0.0796127319335937 -0.123039245605469
0.06842041015625 0.143142700195313 -0.123992919921875 -0.128486633300781
0.060699462890625 0.141189575195312 -0.119560241699219 -0.124656677246094
0.065673828125 0.162582397460938 -0.105567932128906 -0.121307373046875
0.0192413330078125 0.162796020507813 -0.0514450073242188 -0.122840881347656
-0.0640106201171875 0.161056518554687 -0.0322341918945312 -0.100212097167969
-0.111991882324219 0.122474670410156 -0.00752258300781251 -0.0552940368652344
-0.172698974609375 0.033966064453125 -0.0124311447143555 -0.00460243225097656
-0.191986083984375 0.00935363769531253 -0.0898666381835938 0.0562362670898438
-0.195327758789063 -0.024017333984375 -0.166015625 0.0224761962890625
-0.0648994445800781 0.0202293395996094 -0.325469970703125 -0.069793701171875
-0.0542259216308594 0.0197792053222656 -0.210617065429688 0.0307159423828125
-0.0383453369140625 0.0198135375976562 -0.0604705810546875 0.0177688598632813
-0.0396385192871094 0.0311470031738281 -0.0311660766601563 -0.0484046936035156
-0.030914306640625 0.0434722900390625 -0.039947509765625 -0.101295471191406
0.000900268554687493 0.0751571655273438 -0.0969390869140625 -0.142913818359375
0.019195556640625 0.0695762634277344 -0.15435791015625 -0.15655517578125
0.0201263427734375 0.0705032348632813 -0.149795532226563 -0.153732299804688
0.0187225341796875 0.0870590209960937 -0.123321533203125 -0.160980224609375
-0.00804901123046876 0.081268310546875 -0.05419921875 -0.155899047851563
-0.0525016784667969 0.0669784545898437 -0.0174484252929688 -0.114509582519531
-0.0621910095214844 0.0322380065917969 -0.00301361083984375 -0.0605926513671875
-0.0660667419433594 -0.00658798217773436 -0.0265789031982422 -0.00456809997558593
-0.0677032470703125 -0.000709533691406258 -0.129615783691406 0.04345703125
-0.0774383544921875 -0.00835418701171874 -0.226409912109375 -0.00422668457031251
-0.0561141967773438 -0.0302009582519531 0.25811767578125 -0.0152587890625
-0.0691947937011719 -0.00913238525390625 0.162765502929687 -0.0356292724609375
-0.0651168823242188 0.0242347717285156 0.0248298645019531 -0.0107078552246094
-0.0269012451171875 0.0416145324707031 -0.0167388916015625 0.0564079284667969
-0.00210952758789062 0.040069580078125 -0.0213546752929688 0.117385864257812
0.0207748413085938 0.0191230773925781 0.0516510009765625 0.181411743164063
0.0346755981445313 0.0121173858642578 0.14715576171875 0.1917724609375
0.0286426544189453 0.00767326354980469 0.169326782226563 0.16143798828125
0.0367507934570313 0.0002288818359375 0.163986206054688 0.156143188476563
0.0429801940917969 0.0146636962890625 0.112014770507813 0.145599365234375
0.0404052734375 0.0411415100097656 0.0624008178710938 0.0894088745117188
0.0106544494628906 0.0654029846191406 0.0519180297851563 0.0319671630859375
-0.0461997985839844 0.0555305480957031 0.0994491577148437 -0.0229568481445312
-0.0725860595703125 0.0234451293945312 0.225830078125 -0.045654296875
-0.0538406372070312 0.00170516967773437 0.366058349609375 0.103118896484375
-0.189208984375 -0.046875 0.229354858398438 -0.00953674316406251
-0.184661865234375 -0.0161590576171875 0.153121948242187 -0.0204010009765625
-0.186111450195313 0.042388916015625 0.0336647033691406 -0.0147228240966797
-0.117935180664062 0.108352661132812 -0.00913619995117188 0.0432319641113281
-0.0535507202148437 0.124130249023437 -0.0268936157226562 0.094879150390625
0.0294876098632812 0.12261962890625 0.03814697265625 0.165176391601563
0.0794525146484375 0.102165222167969 0.129119873046875 0.17572021484375
0.0741195678710938 0.0900726318359375 0.1524658203125 0.142257690429688
0.0949859619140625 0.0877227783203125 0.144989013671875 0.142135620117188
0.0824432373046875 0.100593566894531 0.101463317871094 0.127006530761719
0.042938232421875 0.138511657714844 0.0475997924804688 0.0701637268066406
-0.0155029296875 0.15966796875 0.0464668273925781 0.0184440612792969
-0.13275146484375 0.119354248046875 0.0960922241210937 -0.0334854125976562
-0.190185546875 0.0690155029296875 0.214859008789063 -0.039306640625
-0.184768676757813 0.00863647460937499 0.3431396484375 0.0977783203125
-0.295379638671875 -0.054473876953125 0.157821655273437 -0.0184783935546875
-0.279769897460938 -0.01312255859375 0.113945007324219 -0.0109100341796875
-0.283233642578125 0.068450927734375 0.035736083984375 -0.0171089172363281
-0.190032958984375 0.171493530273437 0.0031299591064453 0.0236549377441406
-0.0933380126953125 0.197265625 -0.0243873596191406 0.0566825866699219
0.0363311767578125 0.21063232421875 0.0233154296875 0.120864868164063
0.11370849609375 0.1767578125 0.0922927856445313 0.131278991699219
0.107986450195313 0.15789794921875 0.111625671386719 0.100982666015625
0.139511108398438 0.161056518554688 0.105026245117188 0.109504699707031
0.112899780273438 0.1741943359375 0.0746917724609375 0.0925369262695313
0.0400238037109375 0.22222900390625 0.0243034362792969 0.0430679321289063
-0.0424957275390625 0.237396240234375 0.0352630615234375 0.00405120849609376
-0.20587158203125 0.169647216796875 0.082977294921875 -0.0354995727539062
-0.28363037109375 0.103546142578125 0.178634643554687 -0.0185699462890625
-0.28759765625 0.012451171875 0.274383544921875 0.0938262939453125
-0.356048583984375 -0.04302978515625 0.0550155639648437 -0.0363273620605469
-0.335723876953125 0.00994873046875002 0.0491485595703125 -0.00328826904296875
-0.331207275390625 0.106292724609375 0.0268745422363281 -0.0154895782470703
-0.221282958984375 0.222503662109375 0.0126218795776367 -0.00115108489990233
-0.107162475585937 0.246322631835938 -0.0200061798095703 0.00835227966308596
0.0470428466796875 0.264907836914063 0.003387451171875 0.0565605163574219
0.133621215820313 0.222503662109375 0.0414009094238281 0.0655899047851563
0.126358032226562 0.203094482421875 0.0539360046386719 0.0455131530761719
0.160964965820313 0.213043212890625 0.0472526550292969 0.0611000061035156
0.120346069335938 0.226516723632813 0.03570556640625 0.0448989868164063
0.0233154296875 0.277603149414062 -0.00370407104492187 0.00794076919555666
-0.07403564453125 0.28387451171875 0.0199184417724609 -0.010721206665039
-0.25872802734375 0.189468383789063 0.0628471374511718 -0.028167724609375
-0.340179443359375 0.11297607421875 0.120567321777344 0.0126953125
-0.34637451171875 0.00778198242187498 0.170883178710937 0.089813232421875
-0.363067626953125 -0.020538330078125 -0.0673561096191407 -0.0521583557128906
-0.336181640625 0.0422363281250001 -0.0315418243408203 0.00682640075683594
-0.318756103515625 0.1370849609375 0.00748729705810545 -0.0108470916748047
-0.205322265625 0.241683959960938 0.011728286743164 -0.0286617279052734
-0.09600830078125 0.255813598632813 -0.0225143432617188 -0.0434303283691406
0.0561981201171875 0.276260375976563 -0.0250625610351562 -0.0166893005371094
0.136154174804688 0.232833862304688 -0.0201778411865234 -0.0095233917236328
0.125244140625 0.217727661132813 -0.0134372711181641 -0.0186519622802734
0.1536865234375 0.234359741210937 -0.0164813995361328 -6.67572021483207E-06
0.10186767578125 0.24627685546875 -0.00638771057128906 -0.0137205123901367
-0.00869750976562502 0.289764404296875 -0.0286502838134766 -0.0322895050048828
-0.107254028320313 0.279830932617188 0.00418663024902343 -0.0273818969726562
-0.281585693359375 0.165740966796875 0.037261962890625 -0.0170783996582031
-0.348968505859375 0.09136962890625 0.0468673706054687 0.0445289611816406
-0.3525390625 -0.00534057617187497 0.0471725463867187 0.0792465209960938
-0.30853271484375 0.00341796875000004 -0.1873779296875 -0.0610504150390625
-0.27740478515625 0.0604248046875 -0.112480163574219 0.019439697265625
-0.247390747070313 0.133682250976562 -0.0186500549316406 -0.00340652465820312
-0.155746459960938 0.209732055664062 -0.00156402587890626 -0.0495338439941406
-0.0715179443359375 0.216598510742188 -0.0317230224609375 -0.08404541015625
0.053955078125 0.24029541015625 -0.05828857421875 -0.0824966430664062
0.116775512695312 0.205780029296875 -0.082672119140625 -0.0799331665039062
0.104782104492187 0.197418212890625 -0.078155517578125 -0.0804672241210938
0.123046875 0.220306396484375 -0.0733566284179687 -0.066009521484375
0.0663299560546875 0.226730346679688 -0.039581298828125 -0.0754165649414062
-0.043060302734375 0.251678466796875 -0.041046142578125 -0.0725936889648437
-0.126113891601563 0.223052978515625 -0.00655364990234376 -0.0441627502441406
-0.25689697265625 0.107391357421875 0.0103788375854492 -0.00806522369384765
-0.300994873046875 0.052276611328125 -0.0288505554199219 0.0626029968261719
-0.303955078125 -0.018798828125 -0.075714111328125 0.0578460693359375
-0.204574584960938 0.0194244384765625 -0.285430908203125 -0.064117431640625
-0.176361083984375 0.0537109375 -0.179244995117188 0.0302581787109375
-0.14569091796875 0.090240478515625 -0.0448265075683594 0.00682449340820313
-0.0951766967773437 0.133140563964844 -0.0203666687011719 -0.056915283203125
-0.0474319458007813 0.1402587890625 -0.0413970947265625 -0.104354858398437
0.036590576171875 0.169189453125 -0.0876007080078125 -0.127395629882813
0.0772552490234375 0.14849853515625 -0.134925842285156 -0.132522583007812
0.0695953369140625 0.146499633789063 -0.130767822265625 -0.130195617675781
0.076324462890625 0.169326782226563 -0.114509582519531 -0.125755310058594
0.0262298583984375 0.169723510742188 -0.0573348999023437 -0.129524230957031
-0.0608367919921875 0.172256469726563 -0.0365982055664063 -0.104057312011719
-0.113006591796875 0.132362365722656 -0.00881958007812501 -0.057586669921875
-0.181182861328125 0.0409088134765625 -0.0123300552368164 -0.00498580932617187
-0.201705932617187 0.01531982421875 -0.0931549072265625 0.0627975463867187
-0.208816528320313 -0.0212554931640625 -0.177474975585938 0.0293426513671875
-0.0682373046875 0.0232810974121094 -0.346923828125 -0.06329345703125
-0.0567626953125 0.022125244140625 -0.222259521484375 0.0384368896484375
-0.0394210815429688 0.021514892578125 -0.0634002685546875 0.0201454162597656
-0.0399742126464844 0.0338287353515625 -0.0350532531738281 -0.0502815246582031
-0.0314826965332031 0.0466079711914063 -0.0445022583007812 -0.105682373046875
0.00402832031249999 0.0780410766601563 -0.106124877929687 -0.14886474609375
0.022705078125 0.0721969604492188 -0.168701171875 -0.160446166992188
0.0240249633789063 0.0732650756835938 -0.163360595703125 -0.158340454101563
0.0235519409179688 0.091461181640625 -0.135345458984375 -0.166793823242187
-0.00572204589843749 0.0856399536132813 -0.0608367919921875 -0.163894653320313
-0.0525894165039063 0.0723495483398438 -0.02117919921875 -0.119476318359375
-0.063812255859375 0.0357589721679688 -0.00424957275390626 -0.0627403259277344
-0.0688667297363281 -0.00497055053710938 -0.0281238555908203 -0.004730224609375
-0.0703887939453125 0.00121307373046875 -0.135978698730469 0.0501861572265625
-0.0832366943359375 -0.00765991210937501 -0.242431640625 0.00317382812499995
-0.0601081848144531 -0.0291862487792969 0.272079467773438 -0.0309295654296875
-0.0718002319335938 -0.00522613525390624 0.170623779296875 -0.0457305908203125
-0.0667266845703125 0.0294570922851563 0.0259838104248047 -0.0130691528320312
-0.02618408203125 0.0453147888183594 -0.0132980346679687 0.0589752197265625
0.000408172607421872 0.0430526733398438 -0.0164566040039063 0.123275756835938
0.0234508514404297 0.0189113616943359 0.06396484375 0.187026977539063
0.0374412536621094 0.0102348327636719 0.166168212890625 0.192062377929687
0.0297927856445312 0.00619125366210937 0.186843872070313 0.159133911132813
0.0381011962890625 -0.00226211547851562 0.182373046875 0.154647827148438
0.0455703735351563 0.0123825073242188 0.125228881835938 0.146408081054688
0.0452804565429688 0.0397186279296875 0.0694732666015625 0.0891342163085938
0.0151710510253906 0.0673027038574219 0.0559806823730469 0.0297470092773438
-0.0459098815917969 0.0606460571289063 0.103080749511719 -0.0291061401367187
-0.0750656127929687 0.029754638671875 0.234420776367188 -0.05938720703125
-0.0560302734375 0.00477981567382813 0.391326904296875 0.086334228515625
-0.200103759765625 -0.0392303466796875 0.2430419921875 -0.0234527587890625
-0.192153930664062 -0.0067291259765625 0.162628173828125 -0.0290679931640625
-0.19219970703125 0.0546112060546875 0.035491943359375 -0.0180740356445312
-0.116714477539063 0.119949340820312 -0.00620651245117189 0.0440940856933594
-0.0483322143554687 0.133186340332031 -0.0242538452148437 0.0998077392578125
0.0387039184570313 0.125205993652344 0.0488433837890625 0.171218872070313
0.0903396606445313 0.10107421875 0.146713256835938 0.176803588867188
0.0825119018554688 0.0895538330078125 0.167800903320312 0.138824462890625
0.105667114257813 0.084930419921875 0.161758422851563 0.140304565429688
0.0921783447265625 0.0993804931640625 0.112548828125 0.126449584960938
0.0538330078125 0.141616821289063 0.0526695251464844 0.0699653625488281
-0.00621032714843749 0.167465209960938 0.0506782531738281 0.0152397155761719
-0.133003234863281 0.132545471191406 0.0992584228515625 -0.0398406982421875
-0.196151733398438 0.0842437744140625 0.223526000976562 -0.0512542724609375
-0.193344116210937 0.0193328857421875 0.366302490234375 0.082427978515625
-0.31121826171875 -0.041351318359375 0.167999267578125 -0.0290985107421875
-0.29229736328125 0.00143432617187501 0.122459411621094 -0.0171432495117188
-0.293121337890625 0.086883544921875 0.0374336242675781 -0.0204582214355469
-0.187515258789063 0.1898193359375 0.0050678253173828 0.0231742858886719
-0.0868988037109375 0.211273193359375 -0.0233688354492188 0.0605430603027344
0.050872802734375 0.215774536132813 0.0309677124023438 0.126296997070313
0.130477905273438 0.1763916015625 0.105705261230469 0.131622314453125
0.122055053710938 0.158218383789063 0.12261962890625 0.0979690551757813
0.156646728515625 0.15850830078125 0.117935180664063 0.108116149902344
0.127044677734375 0.173843383789063 0.0828018188476563 0.091827392578125
0.0573883056640625 0.228775024414063 0.027313232421875 0.0435562133789063
-0.0285491943359375 0.250686645507813 0.0381317138671875 0.00070571899414064
-0.2064208984375 0.1895751953125 0.085784912109375 -0.0412216186523437
-0.2906494140625 0.1251220703125 0.188095092773437 -0.0277099609375
-0.30157470703125 0.028045654296875 0.29388427734375 0.082672119140625
-0.374755859375 -0.0263366699218751 0.0586624145507812 -0.0413475036621094
-0.350189208984375 0.0288085937500001 0.0544319152832031 -0.00589752197265625
-0.3421630859375 0.129302978515625 0.0284042358398437 -0.018646240234375
-0.216766357421875 0.2449951171875 0.0135822296142578 -0.00312232971191405
-0.09881591796875 0.264053344726562 -0.0217838287353516 0.00909996032714845
0.06561279296875 0.272186279296875 0.00717544555664064 0.0601272583007813
0.154388427734375 0.223342895507813 0.0489273071289063 0.0657730102539063
0.144027709960937 0.20428466796875 0.058380126953125 0.0418815612792969
0.1834716796875 0.211593627929688 0.0542526245117188 0.060821533203125
0.139205932617187 0.227188110351562 0.0397262573242188 0.0435676574707031
0.042877197265625 0.288604736328125 -0.00343513488769531 0.00934410095214845
-0.058837890625 0.30029296875 0.0215854644775391 -0.0140895843505859
-0.261093139648438 0.214126586914062 0.0652580261230469 -0.0331802368164062
-0.35009765625 0.138671875 0.128448486328125 0.00748443603515626
-0.36370849609375 0.027008056640625 0.18499755859375 0.0838623046875
-0.3812255859375 -0.00259399414062496 -0.0704574584960938 -0.0508575439453125
-0.34979248046875 0.062469482421875 -0.0298595428466797 0.00959968566894531
-0.326568603515625 0.160980224609375 0.00826835632324217 -0.012446403503418
-0.19964599609375 0.264175415039063 0.01055908203125 -0.0309104919433594
-0.0861968994140625 0.272994995117188 -0.0271492004394531 -0.0446395874023437
0.0753173828125 0.283233642578125 -0.0265007019042969 -0.0159740447998047
0.157333374023438 0.234390258789063 -0.0206508636474609 -0.00946998596191405
0.143997192382813 0.219558715820313 -0.0159931182861328 -0.0208969116210937
0.177276611328125 0.23480224609375 -0.0162038803100586 0.000712394714355481
0.120254516601563 0.24993896484375 -0.00806236267089843 -0.0158958435058594
0.00952148437500002 0.30328369140625 -0.0319652557373047 -0.0315017700195312
-0.09417724609375 0.298583984375 0.00424385070800781 -0.030618667602539
-0.28546142578125 0.18927001953125 0.0385971069335937 -0.0202293395996094
-0.360107421875 0.116241455078125 0.0532760620117187 0.0451698303222656
-0.371307373046875 0.012542724609375 0.0539398193359375 0.0804214477539063
-0.322998046875 0.0197143554687499 -0.19830322265625 -0.0535125732421875
-0.287811279296875 0.07830810546875 -0.115394592285156 0.0270614624023437
-0.252090454101563 0.153274536132813 -0.0193328857421875 -0.0034046173095703
-0.148818969726563 0.22802734375 -0.00492858886718751 -0.0519752502441406
-0.0624237060546875 0.230117797851562 -0.0389480590820313 -0.0863418579101562
0.0712738037109375 0.245376586914063 -0.0647125244140625 -0.08245849609375
0.135604858398438 0.20733642578125 -0.0910720825195312 -0.079254150390625
0.121444702148438 0.199661254882813 -0.08758544921875 -0.08111572265625
0.14434814453125 0.2218017578125 -0.080047607421875 -0.0655517578125
0.0818939208984375 0.23187255859375 -0.046356201171875 -0.0786590576171875
-0.0281829833984375 0.265380859375 -0.0468215942382813 -0.07269287109375
-0.116409301757813 0.24102783203125 -0.00825500488281251 -0.0470619201660156
-0.262847900390625 0.127365112304687 0.0108489990234375 -0.00997352600097656
-0.3115234375 0.07177734375 -0.0263137817382813 0.0682487487792969
-0.32159423828125 -0.00378417968750006 -0.0770339965820313 0.06573486328125
-0.213577270507812 0.0308380126953125 -0.301849365234375 -0.0510559082031251
-0.182373046875 0.0655517578125 -0.185195922851563 0.0420074462890625
-0.147476196289062 0.102310180664063 -0.046234130859375 0.00925064086914064
-0.0901031494140625 0.144027709960937 -0.0249710083007813 -0.0580863952636719
-0.0417022705078125 0.148666381835938 -0.04937744140625 -0.107017517089844
0.0485687255859375 0.172531127929688 -0.0983657836914062 -0.128524780273438
0.0902252197265625 0.149917602539062 -0.149337768554688 -0.130996704101563
0.0819549560546875 0.148544311523438 -0.145462036132813 -0.129837036132812
0.0921173095703125 0.1717529296875 -0.127067565917969 -0.125724792480469
0.036712646484375 0.1748046875 -0.0670928955078125 -0.133987426757813
-0.052093505859375 0.1832275390625 -0.0435638427734375 -0.106117248535156
-0.109085083007813 0.144561767578125 -0.0108757019042969 -0.0601577758789063
-0.186874389648438 0.053131103515625 -0.0130224227905274 -0.00568771362304687
-0.20947265625 0.0273895263671875 -0.0943069458007813 0.0714111328125
-0.221466064453125 -0.011810302734375 -0.186004638671875 0.0424957275390625
-0.0692367553710938 0.0272750854492187 -0.3677978515625 -0.04608154296875
-0.0589828491210938 0.0265693664550781 -0.231094360351562 0.0529327392578125
-0.0396690368652344 0.0239105224609375 -0.065521240234375 0.0248222351074219
-0.0387649536132812 0.0373497009277344 -0.0401802062988281 -0.0495567321777344
-0.03033447265625 0.0492630004882813 -0.0523757934570312 -0.107696533203125
0.00934600830078125 0.0803070068359375 -0.118896484375 -0.149246215820313
0.0280532836914062 0.0739212036132813 -0.187454223632813 -0.158706665039063
0.0297012329101562 0.0744400024414063 -0.181838989257813 -0.156845092773437
0.031494140625 0.0936431884765625 -0.151702880859375 -0.1673583984375
-0.000877380371093748 0.0892105102539063 -0.0720367431640625 -0.169631958007813
-0.049591064453125 0.078521728515625 -0.0276718139648438 -0.122695922851562
-0.0637359619140625 0.041259765625 -0.00712966918945313 -0.06512451171875
-0.0715103149414063 -0.00144195556640624 -0.0297431945800781 -0.00391387939453124
-0.0729522705078125 0.00479125976562499 -0.140052795410156 0.0603103637695313
-0.0884628295898438 -0.00408935546875 -0.2569580078125 0.0187530517578125
-0.0627670288085938 -0.0269393920898437 0.278701782226563 -0.05023193359375
-0.0718612670898438 -0.000526428222656261 0.174102783203125 -0.0572967529296875
-0.0658760070800781 0.0341300964355469 0.0263786315917969 -0.0160274505615234
-0.0241851806640625 0.0485115051269531 -0.0087890625 0.0603370666503906
0.00434112548828125 0.0445976257324219 -0.00962829589843751 0.1258544921875
0.0263137817382813 0.0176677703857422 0.076446533203125 0.187088012695312
0.0390777587890625 0.00696563720703125 0.182693481445313 0.184951782226563
0.0303516387939453 0.00428581237792969 0.202255249023437 0.150375366210937
0.0383071899414063 -0.00507354736328125 0.196868896484375 0.145828247070313
0.04705810546875 0.00894546508789063 0.136871337890625 0.141128540039063
0.0485725402832031 0.0375213623046875 0.0756607055664062 0.0863113403320312
0.0201377868652344 0.0675582885742188 0.0594711303710937 0.0255126953125
-0.0433349609375 0.0651130676269531 0.10382080078125 -0.0352935791015625
-0.0750503540039063 0.0362548828125 0.236419677734375 -0.0746307373046875
-0.0565299987792969 0.00868606567382813 0.406005859375 0.061370849609375
-0.205657958984375 -0.02862548828125 0.249710083007812 -0.0406036376953125
-0.194305419921875 0.00491333007812503 0.167205810546875 -0.0400238037109375
-0.192657470703125 0.068115234375 0.0357170104980469 -0.0215682983398437
-0.110160827636719 0.12921142578125 -0.00304412841796876 0.0440254211425781
-0.0405654907226563 0.139411926269531 -0.0195999145507813 0.102645874023438
0.048248291015625 0.124290466308594 0.060882568359375 0.17193603515625
0.0996170043945313 0.09613037109375 0.162078857421875 0.169357299804688
0.0894088745117188 0.0857467651367187 0.180068969726563 0.130126953125
0.113533020019531 0.0784149169921875 0.175796508789063 0.132095336914063
0.100044250488281 0.094024658203125 0.122642517089844 0.121482849121094
0.0653076171875 0.139923095703125 0.057708740234375 0.0677337646484375
0.00514221191406251 0.170440673828125 0.0528221130371094 0.0107002258300781
-0.128341674804688 0.14459228515625 0.099090576171875 -0.0465316772460937
-0.194320678710938 0.0998992919921875 0.22674560546875 -0.0661773681640625
-0.19647216796875 0.0319671630859375 0.380706787109375 0.05841064453125
-0.319976806640625 -0.023773193359375 0.173629760742187 -0.0410614013671875
-0.29638671875 0.01953125 0.127914428710937 -0.0249176025390625
-0.293792724609375 0.107025146484375 0.0380134582519531 -0.024139404296875
-0.177993774414063 0.2042236328125 0.00739288330078124 0.022369384765625
-0.0750732421875 0.221405029296875 -0.0217361450195313 0.06280517578125
0.0670318603515625 0.214767456054688 0.0404129028320313 0.12762451171875
0.146026611328125 0.169830322265625 0.117950439453125 0.1265869140625
0.135040283203125 0.152938842773438 0.131065368652344 0.0899200439453125
0.171981811523438 0.149948120117188 0.128677368164063 0.101699829101563
0.14044189453125 0.167526245117188 0.0897750854492188 0.0876007080078125
0.0744781494140625 0.22802734375 0.0300025939941406 0.042724609375
-0.011688232421875 0.256759643554688 0.0390243530273438 -0.00376892089843748
-0.198806762695313 0.207122802734375 0.0858306884765625 -0.0473785400390625
-0.288421630859375 0.1480712890625 0.191680908203125 -0.039886474609375
-0.306610107421875 0.0476684570312501 0.3065185546875 0.063751220703125
-0.38470458984375 -0.00479125976562494 0.0609931945800781 -0.0465621948242188
-0.35479736328125 0.0501403808593751 0.0591468811035156 -0.009429931640625
-0.342315673828125 0.1536865234375 0.0286693572998047 -0.0216770172119141
-0.204208374023437 0.263229370117188 0.0143184661865234 -0.00495529174804686
-0.08404541015625 0.275894165039063 -0.0230636596679688 0.0105686187744141
0.0849456787109375 0.27130126953125 0.0121803283691406 0.0615348815917969
0.17413330078125 0.216156005859375 0.055206298828125 0.0625839233398438
0.160903930664063 0.198455810546875 0.0615043640136719 0.0372467041015625
0.20269775390625 0.202377319335938 0.0611763000488281 0.0575485229492188
0.156021118164063 0.220611572265625 0.0420875549316406 0.0407981872558594
0.064849853515625 0.289947509765625 -0.0032358169555664 0.0098705291748047
-0.038543701171875 0.309600830078125 0.0214500427246094 -0.0179347991943359
-0.25347900390625 0.234512329101563 0.0650749206542969 -0.0383224487304687
-0.3477783203125 0.165130615234375 0.133369445800781 0.00028991699218751
-0.371612548828125 0.0494689941406251 0.195419311523437 0.0727081298828125
-0.389434814453125 0.020660400390625 -0.07244873046875 -0.0479965209960938
-0.3533935546875 0.085540771484375 -0.0271987915039063 0.0116157531738281
-0.324249267578125 0.18499755859375 0.00792503356933592 -0.0141201019287109
-0.18475341796875 0.28179931640625 0.00889968872070311 -0.0331954956054687
-0.071563720703125 0.28436279296875 -0.0316085815429688 -0.0438156127929687
0.095550537109375 0.28131103515625 -0.0268306732177734 -0.0136661529541015
0.177688598632812 0.226959228515625 -0.0207424163818359 -0.00923347473144529
0.16162109375 0.213424682617187 -0.0189266204833984 -0.0225410461425781
0.19891357421875 0.225494384765625 -0.0150423049926758 0.000486373901367204
0.1395263671875 0.245391845703125 -0.010096549987793 -0.0169448852539062
0.031982421875 0.3077392578125 -0.0344066619873047 -0.029703140258789
-0.07440185546875 0.309661865234375 0.002655029296875 -0.0333786010742187
-0.28070068359375 0.212387084960938 0.0386390686035156 -0.0235519409179687
-0.35992431640625 0.142974853515625 0.0587921142578125 0.0434188842773438
-0.3812255859375 0.0361328125000001 0.060272216796875 0.078826904296875
-0.32904052734375 0.0393981933593749 -0.204086303710938 -0.0415496826171875
-0.288787841796875 0.0977478027343749 -0.114532470703125 0.034912109375
-0.248565673828125 0.172592163085937 -0.0196685791015625 -0.00312042236328124
-0.13592529296875 0.241729736328125 -0.00775146484375001 -0.0535545349121094
-0.0496063232421875 0.23895263671875 -0.0458297729492188 -0.08563232421875
0.0889129638671875 0.24334716796875 -0.0708084106445313 -0.080108642578125
0.153182983398437 0.201751708984375 -0.0979385375976562 -0.0757064819335938
0.1376953125 0.195297241210938 -0.0961990356445313 -0.0791015625
0.163742065429687 0.215286254882812 -0.0856552124023437 -0.0624313354492187
0.098541259765625 0.230026245117187 -0.05316162109375 -0.0790557861328125
-0.00900268554687498 0.271774291992188 -0.051788330078125 -0.0707015991210937
-0.1014404296875 0.252609252929688 -0.0109329223632813 -0.0491714477539062
-0.26043701171875 0.146636962890625 0.0104379653930664 -0.0116901397705078
-0.313079833984375 0.0938720703124999 -0.0215301513671875 0.0723419189453125
-0.3304443359375 0.01617431640625 -0.075408935546875 0.0728073120117188
-0.216323852539062 0.044189453125 -0.311614990234375 -0.032318115234375
-0.182907104492188 0.0787506103515625 -0.186691284179688 0.0549163818359375
-0.143722534179687 0.11395263671875 -0.0469779968261719 0.0119400024414063
-0.08087158203125 0.152389526367188 -0.0298881530761719 -0.0579566955566406
-0.0333099365234375 0.15423583984375 -0.0574264526367187 -0.106010437011719
0.060882568359375 0.17095947265625 -0.108161926269531 -0.124969482421875
0.10284423828125 0.146728515625 -0.162246704101563 -0.124649047851562
0.094085693359375 0.145156860351563 -0.159210205078125 -0.123336791992188
0.10687255859375 0.168075561523437 -0.138664245605469 -0.120010375976563
0.0487518310546875 0.17431640625 -0.0774002075195313 -0.133415222167969
-0.04022216796875 0.19024658203125 -0.05047607421875 -0.104911804199219
-0.100418090820313 0.154327392578125 -0.0143508911132813 -0.0614509582519531
-0.187576293945313 0.066802978515625 -0.0134086608886719 -0.00530719757080078
-0.211868286132813 0.0414276123046875 -0.0914230346679688 0.0797653198242187
-0.228256225585938 0.00221252441406248 -0.188522338867188 0.0572357177734375
-0.0690994262695313 0.03179931640625 -0.37982177734375 -0.0226440429687499
-0.0596580505371094 0.0313911437988281 -0.2337646484375 0.0696258544921875
-0.0392646789550781 0.0262031555175781 -0.0661048889160156 0.0288925170898437
-0.0366058349609375 0.0399742126464844 -0.0449142456054688 -0.0478134155273438
-0.0285987854003906 0.0522994995117188 -0.0600433349609375 -0.106903076171875
0.0146102905273438 0.0804214477539062 -0.130569458007812 -0.145309448242188
0.033599853515625 0.0732955932617188 -0.202743530273438 -0.150222778320313
0.0351409912109375 0.0736083984375 -0.197509765625 -0.148101806640625
0.0393142700195313 0.092803955078125 -0.16650390625 -0.160659790039062
0.00528717041015624 0.090789794921875 -0.0843658447265625 -0.16937255859375
-0.0444259643554688 0.0837554931640625 -0.0349273681640625 -0.122779846191406
-0.0616798400878906 0.0457839965820313 -0.0106925964355469 -0.0655441284179688
-0.0727310180664063 0.00273895263671874 -0.0309219360351563 -0.00272178649902343
-0.0735626220703125 0.00924682617187501 -0.139900207519531 0.0707244873046875
-0.0916061401367187 0.00103759765624999 -0.263153076171875 0.0378265380859375
-0.063568115234375 -0.0252304077148437 0.279205322265625 -0.06585693359375
-0.0703201293945313 0.00205230712890626 0.174468994140625 -0.0662384033203125
-0.0643768310546875 0.0376472473144531 0.0266246795654297 -0.0177078247070312
-0.0215377807617188 0.0496482849121094 -0.00494766235351562 0.0597343444824219
0.00716400146484375 0.04486083984375 -0.00460052490234376 0.126068115234375
0.0282917022705078 0.0157012939453125 0.0861053466796875 0.184036254882813
0.0398483276367188 0.00406265258789063 0.193496704101563 0.17462158203125
0.0300712585449219 0.00296974182128906 0.210113525390625 0.13958740234375
0.0378227233886719 -0.00733184814453125 0.205673217773438 0.135574340820313
0.0472450256347656 0.00588226318359375 0.143356323242188 0.134414672851563
0.0507850646972656 0.0341148376464844 0.079315185546875 0.0820541381835938
0.0230369567871094 0.0662651062011719 0.0605125427246094 0.022308349609375
-0.0405769348144531 0.0678291320800781 0.102386474609375 -0.039764404296875
-0.07342529296875 0.0409317016601562 0.2347412109375 -0.0858917236328125
-0.0554733276367188 0.0113601684570312 0.41064453125 0.039947509765625
-0.207229614257813 -0.0196990966796875 0.251861572265625 -0.0545501708984375
-0.192642211914062 0.0132904052734375 0.16961669921875 -0.048797607421875
-0.189834594726562 0.077392578125 0.0353202819824219 -0.0241851806640625
-0.103408813476563 0.134384155273438 0.000164031982421865 0.0432968139648438
-0.0332183837890625 0.14166259765625 -0.01580810546875 0.103691101074219
0.055633544921875 0.120292663574219 0.0701141357421875 0.169998168945313
0.104774475097656 0.0893096923828125 0.171951293945313 0.160873413085938
0.0937652587890625 0.0813980102539063 0.18695068359375 0.119552612304688
0.118087768554688 0.0715560913085938 0.183990478515625 0.1224365234375
0.104751586914063 0.0878219604492188 0.128120422363281 0.115592956542969
0.0737686157226563 0.135665893554688 0.0601959228515625 0.0650405883789063
0.0142822265625 0.169479370117188 0.0530357360839844 0.00699615478515626
-0.121734619140625 0.151947021484375 0.0981063842773437 -0.0505828857421875
-0.189605712890625 0.111221313476563 0.225967407226562 -0.0767669677734375
-0.1956787109375 0.041778564453125 0.38421630859375 0.038299560546875
-0.321807861328125 -0.00955200195312499 0.175872802734375 -0.0509185791015625
-0.29388427734375 0.032867431640625 0.131072998046875 -0.0316925048828125
-0.289886474609375 0.12152099609375 0.0370826721191406 -0.0268936157226562
-0.166793823242187 0.21234130859375 0.00919532775878905 0.0210609436035156
-0.064208984375 0.225601196289062 -0.0198707580566406 0.0639991760253906
0.078155517578125 0.209381103515625 0.0478057861328125 0.126228332519531
0.155426025390625 0.161056518554688 0.125930786132813 0.119926452636719
0.142852783203125 0.146148681640625 0.1348876953125 0.0820159912109375
0.18072509765625 0.1387939453125 0.135658264160156 0.0942306518554688
0.1492919921875 0.158584594726563 0.0934371948242188 0.0829238891601563
0.08740234375 0.222579956054688 0.0321235656738281 0.040863037109375
0.00157165527343748 0.256439208984375 0.0395088195800781 -0.00735855102539061
-0.190231323242188 0.217849731445313 0.084381103515625 -0.0510482788085937
-0.28118896484375 0.1641845703125 0.192520141601563 -0.0491790771484375
-0.30609130859375 0.062255859375 0.310211181640625 0.047454833984375
-0.385467529296875 0.0132751464843749 0.0623130798339843 -0.0507545471191406
-0.351409912109375 0.066558837890625 0.0629653930664062 -0.0124588012695312
-0.336517333984375 0.171051025390625 0.027801513671875 -0.0241241455078125
-0.190292358398437 0.27301025390625 0.0141191482543945 -0.0066394805908203
-0.0716705322265625 0.280807495117188 -0.0238018035888672 0.0120906829833985
0.09796142578125 0.265106201171875 0.0162582397460938 0.061309814453125
0.186111450195313 0.205413818359375 0.0596580505371094 0.0585861206054688
0.170333862304688 0.190383911132813 0.0620613098144531 0.0321235656738281
0.214813232421875 0.1893310546875 0.0657463073730469 0.0530281066894531
0.166519165039063 0.211380004882813 0.0433158874511719 0.0377349853515625
0.080902099609375 0.284881591796875 -0.00308036804199218 0.0101985931396485
-0.02178955078125 0.310272216796875 0.0201606750488281 -0.020883560180664
-0.2431640625 0.248886108398437 0.0638847351074219 -0.0416755676269531
-0.339935302734375 0.18402099609375 0.136116027832031 -0.00592041015624999
-0.371795654296875 0.0671081542968749 0.198348999023438 0.062408447265625
-0.389495849609375 0.0380554199218751 -0.0719757080078125 -0.04547119140625
-0.349029541015625 0.1011962890625 -0.0235748291015625 0.0127048492431641
-0.317352294921875 0.202117919921875 0.00741767883300779 -0.015726089477539
-0.169708251953125 0.290740966796875 0.00761032104492187 -0.0341339111328125
-0.058685302734375 0.288818359375 -0.0349960327148438 -0.0416145324707031
0.109634399414063 0.274505615234375 -0.0259761810302734 -0.0124740600585937
0.190460205078125 0.21649169921875 -0.0205707550048828 -0.00967025756835936
0.172332763671875 0.205642700195313 -0.0214576721191406 -0.0228919982910156
0.21282958984375 0.213134765625 -0.0142669677734375 0.00014781951904298
0.151275634765625 0.236312866210938 -0.0122108459472656 -0.0175390243530273
0.0498046875 0.303741455078125 -0.0356941223144531 -0.0282020568847656
-0.05731201171875 0.3125 0.000629425048828125 -0.0353279113769531
-0.270858764648438 0.227294921875 0.0379142761230469 -0.0258445739746094
-0.3531494140625 0.162139892578125 0.0622673034667969 0.0409965515136719
-0.381591796875 0.0538940429687499 0.0637741088867187 0.075469970703125
-0.3284912109375 0.0546875 -0.204727172851563 -0.0324859619140625
-0.2855224609375 0.1114501953125 -0.111312866210938 0.0408782958984375
-0.242324829101562 0.185821533203125 -0.0199108123779297 -0.00281715393066405
-0.12274169921875 0.247909545898437 -0.0110206604003906 -0.0528755187988281
-0.039215087890625 0.242416381835938 -0.0503997802734375 -0.0829544067382813
0.10076904296875 0.237625122070313 -0.07305908203125 -0.0768203735351563
0.164627075195313 0.19293212890625 -0.101661682128906 -0.0719223022460938
0.148178100585938 0.187606811523438 -0.10235595703125 -0.0752410888671875
0.1768798828125 0.204513549804688 -0.0889739990234375 -0.0588226318359375
0.110061645507812 0.223556518554688 -0.0575408935546875 -0.0778274536132812
0.00665283203124998 0.270980834960938 -0.0547752380371094 -0.0684127807617187
-0.0880889892578125 0.256500244140625 -0.0137214660644531 -0.0498733520507812
-0.253585815429688 0.159942626953125 0.0100307464599609 -0.0124168395996094
-0.307952880859375 0.110565185546875 -0.0169601440429688 0.0739059448242188
-0.33209228515625 0.032379150390625 -0.072265625 0.0772323608398438
-0.21441650390625 0.0542755126953125 -0.312744140625 -0.0167846679687501
-0.179443359375 0.0877227783203125 -0.184036254882813 0.06488037109375
-0.139808654785156 0.121536254882812 -0.0466995239257813 0.0134773254394531
-0.07281494140625 0.155548095703125 -0.0330429077148438 -0.0563011169433594
-0.026763916015625 0.15606689453125 -0.0627059936523438 -0.103057861328125
0.069183349609375 0.16693115234375 -0.113372802734375 -0.119964599609375
0.111114501953125 0.140869140625 -0.169021606445313 -0.116180419921875
0.101539611816406 0.140312194824219 -0.166900634765625 -0.115829467773437
0.117034912109375 0.16070556640625 -0.144790649414063 -0.113616943359375
0.0577392578125 0.171188354492188 -0.0843658447265625 -0.130905151367188
-0.0284576416015625 0.190444946289063 -0.054718017578125 -0.102081298828125
-0.0919647216796875 0.158279418945313 -0.0176124572753906 -0.0615768432617187
-0.184646606445312 0.0753936767578125 -0.0144100189208984 -0.00508975982666015
-0.209243774414063 0.05242919921875 -0.0874557495117188 0.0848541259765625
-0.229888916015625 0.01226806640625 -0.187149047851563 0.06787109375
-0.0676383972167969 0.0345993041992188 -0.381103515625 -0.00360107421874999
-0.0589790344238281 0.0349807739257813 -0.232040405273438 0.0821685791015625
-0.0387458801269531 0.0277442932128906 -0.0651702880859375 0.0320053100585937
-0.0344085693359375 0.0413932800292969 -0.0478553771972656 -0.0453529357910156
-0.0269279479980469 0.05352783203125 -0.0648422241210938 -0.1038818359375
0.0178375244140625 0.0793838500976563 -0.137626647949219 -0.139320373535156
0.0375900268554688 0.07208251953125 -0.211395263671875 -0.139541625976563
0.0396270751953125 0.0710296630859375 -0.206314086914063 -0.13800048828125
0.0454177856445313 0.089813232421875 -0.175552368164063 -0.1522216796875
0.00974273681640624 0.0899810791015625 -0.0924835205078125 -0.166107177734375
-0.0393753051757812 0.0851058959960937 -0.0395355224609375 -0.120880126953125
-0.0587234497070312 0.0483322143554688 -0.0134315490722656 -0.0650520324707031
-0.072265625 0.00627899169921876 -0.0315189361572266 -0.00138664245605469
-0.0733108520507812 0.0123291015625 -0.136405944824219 0.077392578125
-0.0926742553710937 0.00523376464843751 -0.262069702148437 0.052734375
-0.0639877319335937 -0.0248451232910156 0.280517578125 -0.074462890625
-0.0684585571289063 0.00343704223632814 0.17669677734375 -0.072265625
-0.0630683898925781 0.0390625 0.0267486572265625 -0.0193691253662109
-0.0199623107910156 0.0504302978515625 -0.00268173217773438 0.0587882995605469
0.00997161865234375 0.044342041015625 -0.00151062011718749 0.126457214355469
0.0294418334960937 0.0133647918701172 0.09112548828125 0.181167602539063
0.0400581359863281 0.00104522705078125 0.199386596679688 0.168746948242188
0.0299510955810547 0.00219917297363281 0.214508056640625 0.133392333984375
0.0374183654785156 -0.008392333984375 0.210556030273437 0.128890991210938
0.0469284057617188 0.00342941284179688 0.146743774414063 0.131195068359375
0.0520401000976563 0.0319900512695313 0.0803909301757813 0.0798110961914063
0.0251121520996094 0.0653572082519531 0.0610733032226563 0.020172119140625
-0.0394706726074219 0.0694313049316406 0.102867126464844 -0.0412979125976562
-0.0720596313476563 0.0439453125 0.23321533203125 -0.092041015625
-0.0551681518554688 0.0124702453613281 0.412200927734375 0.02728271484375
-0.207733154296875 -0.01513671875 0.2537841796875 -0.063232421875
-0.190719604492188 0.0174102783203125 0.1727294921875 -0.0545806884765625
-0.187896728515625 0.0819091796875 0.0352249145507812 -0.025848388671875
-0.098968505859375 0.136795043945313 0.00186920166015624 0.0422401428222656
-0.028656005859375 0.142684936523438 -0.0137481689453125 0.104545593261719
0.0590896606445312 0.116981506347656 0.07537841796875 0.167999267578125
0.107948303222656 0.0844345092773438 0.178390502929688 0.154800415039063
0.09600830078125 0.0788650512695313 0.190277099609375 0.113693237304687
0.120559692382813 0.067108154296875 0.188629150390625 0.116348266601563
0.106826782226563 0.0836257934570313 0.130607604980469 0.112403869628906
0.0782318115234375 0.131805419921875 0.0610885620117188 0.062774658203125
0.0190277099609375 0.168716430664063 0.0530319213867187 0.00434494018554688
-0.118927001953125 0.156051635742188 0.0979995727539063 -0.0524749755859375
-0.18585205078125 0.117828369140625 0.225753784179687 -0.08319091796875
-0.19476318359375 0.0464019775390625 0.385711669921875 0.0267333984375
-0.321929931640625 -0.00247192382812495 0.178070068359375 -0.057586669921875
-0.29180908203125 0.03863525390625 0.134864807128906 -0.0367431640625
-0.287139892578125 0.12933349609375 0.0371284484863281 -0.02874755859375
-0.160125732421875 0.216796875 0.0103073120117187 0.0195140838623047
-0.058868408203125 0.22784423828125 -0.019195556640625 0.0652847290039063
0.083648681640625 0.205307006835938 0.0522918701171875 0.125839233398438
0.161041259765625 0.1541748046875 0.130516052246094 0.114601135253906
0.146591186523438 0.142471313476563 0.136131286621094 0.0769577026367188
0.186172485351563 0.131988525390625 0.139244079589844 0.0893020629882813
0.152908325195313 0.153060913085938 0.0948562622070313 0.0803451538085938
0.0950469970703125 0.218826293945312 0.0323371887207031 0.0400619506835938
0.00965881347656249 0.255691528320313 0.0383758544921875 -0.00960922241210936
-0.185287475585938 0.224517822265625 0.08392333984375 -0.0526580810546875
-0.276077270507813 0.17364501953125 0.193389892578125 -0.0544281005859375
-0.305633544921875 0.0697631835937499 0.311370849609375 0.03778076171875
-0.385894775390625 0.02191162109375 0.0646896362304687 -0.054412841796875
-0.348663330078125 0.074371337890625 0.0669288635253906 -0.0155181884765625
-0.33349609375 0.17999267578125 0.0278129577636719 -0.0256786346435547
-0.181961059570313 0.277435302734375 0.0141067504882812 -0.00776481628417967
-0.064544677734375 0.283905029296875 -0.0251216888427734 0.013753890991211
0.1053466796875 0.26025390625 0.0199317932128906 0.0613784790039063
0.19317626953125 0.198135375976563 0.0628318786621094 0.0558738708496094
0.17633056640625 0.185791015625 0.0613975524902344 0.0294265747070313
0.221603393554687 0.180404663085938 0.0680809020996094 0.0497932434082031
0.17205810546875 0.204940795898438 0.0437049865722656 0.0361442565917969
0.0908203125 0.28021240234375 -0.00280761718749999 0.0103263854980469
-0.012359619140625 0.309967041015625 0.0190620422363281 -0.0227031707763672
-0.237533569335938 0.257186889648438 0.0633316040039062 -0.0433235168457031
-0.334197998046875 0.194671630859375 0.138221740722656 -0.00958251953124999
-0.372283935546875 0.076873779296875 0.20001220703125 0.0559539794921875
-0.38946533203125 0.0470275878906251 -0.0707550048828125 -0.0452728271484375
-0.34649658203125 0.1102294921875 -0.0199623107910156 0.0127048492431641
-0.313140869140625 0.211273193359375 0.00715446472167967 -0.016336441040039
-0.160797119140625 0.295379638671875 0.00646209716796874 -0.0356254577636719
-0.050872802734375 0.291412353515625 -0.0373954772949219 -0.0402641296386719
0.116867065429688 0.270248413085938 -0.0250625610351562 -0.0116920471191406
0.197418212890625 0.209732055664062 -0.0199260711669922 -0.0102806091308594
0.178695678710937 0.201034545898438 -0.0241012573242187 -0.0235919952392578
0.220321655273438 0.204193115234375 -0.0134830474853515 -0.000524520874023424
0.157730102539063 0.231124877929688 -0.0133380889892578 -0.0182209014892578
0.059661865234375 0.300811767578125 -0.0364990234375 -0.0271835327148437
-0.047821044921875 0.313201904296875 -0.001251220703125 -0.0366249084472656
-0.26568603515625 0.236160278320313 0.0375289916992187 -0.027130126953125
-0.34820556640625 0.17352294921875 0.0653762817382812 0.0396308898925781
-0.383026123046875 0.06353759765625 0.0649948120117187 0.0729293823242188
-0.328216552734375 0.0632019042968749 -0.2039794921875 -0.027374267578125
-0.282562255859375 0.11920166015625 -0.108055114746094 0.0435562133789063
-0.23858642578125 0.193344116210938 -0.0200595855712891 -0.00240135192871092
-0.114669799804687 0.251144409179687 -0.0131759643554688 -0.053375244140625
-0.033172607421875 0.244491577148438 -0.0537109375 -0.0814208984375
0.107818603515625 0.23388671875 -0.07415771484375 -0.0746383666992187
0.171279907226562 0.18695068359375 -0.103584289550781 -0.0699920654296875
0.15350341796875 0.183334350585938 -0.106483459472656 -0.0731658935546875
0.184356689453125 0.197006225585937 -0.0896759033203125 -0.0573272705078125
0.116165161132813 0.218536376953125 -0.0600433349609375 -0.076995849609375
0.0159759521484375 0.268585205078125 -0.0561637878417969 -0.0670547485351562
-0.07940673828125 0.25762939453125 -0.0152091979980469 -0.0505447387695312
-0.250762939453125 0.167678833007813 0.00951099395751952 -0.013153076171875
-0.305206298828125 0.119659423828125 -0.014007568359375 0.0747451782226563
-0.333160400390625 0.04022216796875 -0.0708694458007813 0.07928466796875
-0.2138671875 0.05963134765625 -0.31268310546875 -0.00805664062500005
-0.177734375 0.0933990478515625 -0.181915283203125 0.0702056884765625
-0.137298583984375 0.125679016113281 -0.0464286804199219 0.0144500732421875
-0.0677490234375 0.15789794921875 -0.0350494384765625 -0.0556678771972656
-0.0239410400390625 0.157562255859375 -0.0655899047851563 -0.10076904296875
0.07318115234375 0.164306640625 -0.116279602050781 -0.116920471191406
0.116348266601563 0.137290954589844 -0.17291259765625 -0.112136840820312
0.105438232421875 0.13690185546875 -0.171920776367188 -0.111083984375
0.122756958007812 0.155517578125 -0.14862060546875 -0.10980224609375
0.0623779296875 0.168472290039063 -0.088348388671875 -0.129608154296875
-0.0223388671875 0.190078735351563 -0.0563812255859375 -0.100738525390625
-0.087005615234375 0.160537719726563 -0.0194511413574219 -0.0617179870605469
-0.182464599609375 0.0809783935546875 -0.0145759582519531 -0.00525760650634765
-0.2073974609375 0.058624267578125 -0.084686279296875 0.0876922607421875
-0.23065185546875 0.01873779296875 -0.186187744140625 0.0737152099609375
-0.0672264099121094 0.0362205505371094 -0.381927490234375 0.00827026367187495
-0.0582466125488281 0.0378875732421875 -0.230331420898438 0.0896453857421875
-0.03857421875 0.0283432006835937 -0.0650596618652344 0.0334358215332031
-0.0333518981933594 0.0419960021972656 -0.0498390197753906 -0.04351806640625
-0.0259971618652344 0.0547065734863281 -0.0672073364257813 -0.102523803710938
0.0194091796875 0.078948974609375 -0.141448974609375 -0.135787963867187
0.0397415161132813 0.0711212158203125 -0.216567993164062 -0.132781982421875
0.0414848327636719 0.0701103210449219 -0.21173095703125 -0.13165283203125
0.0486602783203125 0.08746337890625 -0.180282592773437 -0.14715576171875
0.0128860473632813 0.0892868041992188 -0.096710205078125 -0.164657592773437
-0.0361175537109375 0.0857162475585938 -0.0416793823242187 -0.120330810546875
-0.05682373046875 0.0494232177734375 -0.0152778625488281 -0.0648422241210938
-0.07135009765625 0.00753021240234375 -0.0321311950683594 -0.00123023986816406
-0.0727386474609375 0.014251708984375 -0.134994506835938 0.08209228515625
-0.0931854248046875 0.00766754150390627 -0.261474609375 0.0616607666015625
-0.0659523010253906 -0.0259628295898438 0.287139892578125 -0.082061767578125
-0.0681686401367188 0.00341415405273437 0.18194580078125 -0.0779571533203125
-0.0633163452148438 0.040191650390625 0.0270500183105469 -0.0204200744628906
-0.0192298889160156 0.051788330078125 -0.00123596191406249 0.0590934753417969
0.0121231079101562 0.0445785522460938 -9.15527343750088E-05 0.128768920898438
0.0305843353271484 0.0120887756347656 0.0952911376953125 0.183135986328125
0.0402641296386719 -0.000926971435546875 0.206405639648438 0.168380737304688
0.0305099487304687 0.00216484069824219 0.221481323242188 0.131866455078125
0.0378227233886719 -0.00959014892578125 0.21697998046875 0.128158569335938
0.0475654602050781 0.002197265625 0.151519775390625 0.132232666015625
0.0534782409667969 0.0312118530273438 0.0822677612304688 0.0801010131835938
0.0262603759765625 0.0666847229003906 0.0623397827148438 0.0193710327148438
-0.03948974609375 0.0722198486328125 0.105415344238281 -0.0426864624023438
-0.0729217529296875 0.0470733642578125 0.238067626953125 -0.097381591796875
-0.0561637878417969 0.0133438110351563 0.420745849609375 0.0208740234375
-0.2117919921875 -0.014801025390625 0.2611083984375 -0.070281982421875
-0.192230224609375 0.0184326171875 0.17913818359375 -0.060211181640625
-0.190719604492188 0.0854644775390625 0.0365333557128906 -0.0274124145507812
-0.098480224609375 0.139793395996094 0.00306320190429687 0.0419349670410156
-0.0268402099609375 0.145416259765625 -0.01336669921875 0.107109069824219
0.0623779296875 0.116119384765625 0.079498291015625 0.170257568359375
0.111785888671875 0.0821609497070312 0.185073852539063 0.153945922851563
0.0990219116210937 0.0792999267578125 0.195648193359375 0.112579345703125
0.124114990234375 0.0654144287109375 0.195068359375 0.115402221679688
0.109306335449219 0.0822982788085938 0.134422302246094 0.113166809082031
0.0821380615234375 0.132148742675781 0.062225341796875 0.0633430480957031
0.0219879150390625 0.171234130859375 0.0536537170410156 0.00369262695312501
-0.119552612304688 0.162155151367188 0.100486755371094 -0.053985595703125
-0.187393188476563 0.1239013671875 0.231201171875 -0.08795166015625
-0.198226928710938 0.04913330078125 0.392852783203125 0.02142333984375
-0.328369140625 -0.000396728515625047 0.184188842773437 -0.06341552734375
-0.295013427734375 0.041717529296875 0.141448974609375 -0.0411224365234375
-0.2918701171875 0.1346435546875 0.0379257202148437 -0.0306243896484375
-0.158920288085937 0.22137451171875 0.0113124847412109 0.01861572265625
-0.05682373046875 0.233383178710938 -0.0197601318359375 0.0674781799316406
0.0877838134765625 0.206100463867188 0.0567245483398438 0.127105712890625
0.167098999023437 0.153060913085938 0.135597229003906 0.113533020019531
0.152206420898438 0.143707275390625 0.139190673828125 0.0758438110351563
0.191757202148437 0.129638671875 0.144287109375 0.0875091552734375
0.157135009765625 0.151641845703125 0.0971908569335938 0.080810546875
0.100616455078125 0.219345092773438 0.0327529907226563 0.04052734375
0.0132904052734375 0.259231567382813 0.0381355285644531 -0.0103492736816406
-0.18682861328125 0.233047485351563 0.086181640625 -0.0549240112304687
-0.278335571289063 0.182540893554688 0.198562622070312 -0.0583038330078125
-0.3114013671875 0.0748291015625001 0.317535400390625 0.03289794921875
-0.39361572265625 0.025787353515625 0.0681266784667968 -0.0585899353027344
-0.3531494140625 0.0784912109375 0.072357177734375 -0.0182647705078125
-0.33837890625 0.18927001953125 0.0284633636474609 -0.0273818969726562
-0.18017578125 0.283660888671875 0.0145435333251953 -0.00909042358398436
-0.062774658203125 0.2916259765625 -0.0263004302978516 0.0154361724853516
0.1114501953125 0.262115478515625 0.0227317810058594 0.0621490478515625
0.200546264648437 0.196990966796875 0.0656280517578125 0.0541534423828125
0.18310546875 0.187484741210938 0.0616264343261719 0.0281982421875
0.229400634765625 0.178298950195313 0.0707550048828125 0.0482406616210938
0.177688598632813 0.204544067382813 0.04443359375 0.0361366271972656
0.097869873046875 0.2822265625 -0.00319385528564453 0.0105018615722656
-0.00750732421874999 0.315399169921875 0.0181865692138672 -0.0240669250488281
-0.23956298828125 0.26715087890625 0.0649070739746094 -0.0448570251464844
-0.337554931640625 0.205108642578125 0.143020629882812 -0.0117340087890625
-0.3800048828125 0.082672119140625 0.204345703125 0.0538787841796875
-0.3975830078125 0.0516967773437499 -0.0700492858886719 -0.0470314025878906
-0.351226806640625 0.114776611328125 -0.0164003372192383 0.0117015838623047
-0.318695068359375 0.22137451171875 0.00732994079589842 -0.0176258087158203
-0.157928466796875 0.301727294921875 0.00583648681640624 -0.0365333557128906
-0.049530029296875 0.299774169921875 -0.0393104553222656 -0.0389595031738281
0.123382568359375 0.272445678710938 -0.0237483978271484 -0.011545181274414
0.20574951171875 0.208969116210938 -0.0199794769287109 -0.0114974975585937
0.185516357421875 0.20220947265625 -0.0264987945556641 -0.0242595672607422
0.22833251953125 0.202499389648438 -0.0134563446044922 -0.00206089019775389
0.163650512695313 0.230987548828125 -0.0142154693603516 -0.0189037322998047
0.06640625 0.303497314453125 -0.0375595092773437 -0.0274200439453125
-0.0440673828125 0.3187255859375 -0.0027313232421875 -0.0377006530761719
-0.269149780273438 0.24560546875 0.0379486083984375 -0.0281181335449219
-0.35186767578125 0.18328857421875 0.0686302185058593 0.0396690368652344
-0.3912353515625 0.0694885253906251 0.0663681030273437 0.0738372802734375
-0.333984375 0.0677185058593749 -0.206939697265625 -0.026824951171875
-0.285919189453125 0.12506103515625 -0.107200622558594 0.045196533203125
-0.241958618164063 0.201156616210937 -0.020467758178711 -0.00347137451171874
-0.112548828125 0.256759643554687 -0.0148963928222656 -0.0541763305664062
-0.031219482421875 0.251327514648438 -0.0564422607421875 -0.0810623168945312
0.112136840820313 0.235977172851563 -0.0751724243164062 -0.0751800537109375
0.17901611328125 0.186752319335938 -0.106475830078125 -0.070159912109375
0.159896850585938 0.185440063476562 -0.111358642578125 -0.0731658935546875
0.191085815429688 0.195938110351563 -0.0926132202148437 -0.0580520629882813
0.121185302734375 0.21990966796875 -0.0631637573242188 -0.0787124633789063
0.0206298828125 0.271224975585938 -0.0581130981445313 -0.0675811767578125
-0.077056884765625 0.262603759765625 -0.0170631408691406 -0.051849365234375
-0.253753662109375 0.176025390625 0.00904083251953123 -0.0135030746459961
-0.3079833984375 0.127838134765625 -0.0117645263671875 0.0768508911132813
-0.341156005859375 0.044097900390625 -0.07269287109375 0.082305908203125
-0.2171630859375 0.0631256103515625 -0.31854248046875 -0.00390625000000007
-0.179901123046875 0.0981597900390625 -0.183517456054687 0.0748291015625
-0.139488220214844 0.130630493164063 -0.0475807189941406 0.014495849609375
-0.06640625 0.160842895507813 -0.0376548767089844 -0.0561714172363281
-0.022705078125 0.162704467773438 -0.0686187744140625 -0.101470947265625
0.076873779296875 0.166000366210938 -0.118789672851562 -0.117904663085938
0.121261596679688 0.137840270996094 -0.178909301757812 -0.111923217773438
0.110084533691406 0.138771057128906 -0.1783447265625 -0.11041259765625
0.127670288085938 0.15484619140625 -0.15264892578125 -0.1102294921875
0.0657958984375 0.169540405273438 -0.0922927856445313 -0.132095336914062
-0.01904296875 0.192230224609375 -0.0581283569335938 -0.101936340332031
-0.0856781005859375 0.1627197265625 -0.0213203430175781 -0.0622482299804687
-0.184951782226563 0.0848541259765625 -0.0156593322753906 -0.00497817993164062
-0.209823608398438 0.06243896484375 -0.0843276977539063 0.09112548828125
-0.23651123046875 0.0209808349609375 -0.189544677734375 0.0788421630859375
-0.0681037902832031 0.0374069213867188 -0.38958740234375 0.014495849609375
-0.0587882995605469 0.0403022766113281 -0.233901977539062 0.0953826904296875
-0.0391426086425781 0.0296859741210937 -0.0665168762207031 0.0347976684570313
-0.032958984375 0.04290771484375 -0.05224609375 -0.0430831909179687
-0.0268402099609375 0.0566864013671875 -0.0697708129882813 -0.103378295898437
0.0207366943359375 0.080810546875 -0.145233154296875 -0.1363525390625
0.0418014526367188 0.0722579956054688 -0.223831176757813 -0.131637573242187
0.0434646606445313 0.0707931518554687 -0.218292236328125 -0.130615234375
0.0510025024414062 0.0880126953125 -0.186325073242188 -0.147109985351563
0.0145721435546875 0.0902938842773438 -0.100784301757813 -0.167709350585937
-0.0348892211914062 0.0871810913085938 -0.0431289672851563 -0.121383666992187
-0.0566558837890625 0.0501632690429688 -0.0163917541503906 -0.0656547546386719
-0.072601318359375 0.00801849365234376 -0.0338325500488281 -0.000566482543945319
-0.0735015869140625 0.015533447265625 -0.137046813964844 0.08575439453125
-0.0954513549804687 0.00855255126953127 -0.266464233398438 0.0674133300781249
-0.0694389343261719 -0.0269660949707031 0.29815673828125 -0.0936279296875
-0.0700225830078125 0.00392150878906249 0.189926147460937 -0.088287353515625
-0.0647659301757813 0.0430946350097656 0.02783203125 -0.0219497680664062
-0.0186996459960938 0.054046630859375 0.00156021118164062 0.0600242614746094
0.0145378112792969 0.0458259582519531 0.00254058837890626 0.133811950683594
0.0321807861328125 0.00998497009277344 0.102737426757813 0.18829345703125
0.0406913757324219 -0.0031585693359375 0.21923828125 0.168502807617188
0.0317325592041016 0.000949859619140625 0.2335205078125 0.131805419921875
0.0391120910644531 -0.0113716125488281 0.229949951171875 0.128219604492188
0.0487327575683594 0.00091552734375 0.15948486328125 0.135467529296875
0.0564537048339844 0.0310630798339844 0.0861129760742187 0.082122802734375
0.0287590026855469 0.0687522888183594 0.0653610229492188 0.0185623168945313
-0.039398193359375 0.0768966674804687 0.110603332519531 -0.0461883544921875
-0.0737686157226563 0.0521392822265625 0.246612548828125 -0.107345581054688
-0.0571670532226563 0.015106201171875 0.439422607421875 0.011810302734375
-0.220779418945313 -0.0121612548828125 0.272430419921875 -0.0812530517578125
-0.198013305664062 0.0207061767578125 0.18865966796875 -0.0695648193359375
-0.19659423828125 0.09326171875 0.0375213623046875 -0.0300140380859375
-0.0986328125 0.147048950195313 0.00505447387695312 0.0423660278320313
-0.0240936279296875 0.15234375 -0.012481689453125 0.112152099609375
0.0669784545898438 0.117485046386719 0.0875091552734375 0.174606323242188
0.117195129394531 0.0813064575195312 0.19677734375 0.154449462890625
0.105178833007813 0.0800933837890625 0.205642700195313 0.111541748046875
0.130943298339844 0.0632705688476563 0.206344604492188 0.11444091796875
0.11468505859375 0.08221435546875 0.141250610351563 0.115386962890625
0.08856201171875 0.134185791015625 0.0652999877929688 0.0649566650390625
0.0266265869140625 0.177291870117188 0.0556793212890625 0.00244903564453126
-0.120803833007812 0.17266845703125 0.105232238769531 -0.0579071044921875
-0.1905517578125 0.134124755859375 0.240478515625 -0.096954345703125
-0.205963134765625 0.0560455322265625 0.409698486328125 0.0128173828125
-0.34185791015625 0.00546264648437503 0.192413330078125 -0.0732269287109375
-0.30413818359375 0.0469360351562499 0.14971923828125 -0.04931640625
-0.301666259765625 0.147613525390625 0.0391082763671875 -0.0329513549804687
-0.160293579101563 0.23272705078125 0.0123538970947266 0.018341064453125
-0.0535125732421875 0.244659423828125 -0.0199661254882813 0.0717697143554688
0.096343994140625 0.210311889648438 0.0628890991210938 0.130844116210938
0.17742919921875 0.152297973632812 0.14508056640625 0.113204956054688
0.162582397460938 0.14581298828125 0.145645141601563 0.074798583984375
0.203277587890625 0.128036499023438 0.152297973632812 0.0865631103515625
0.166275024414063 0.15228271484375 0.102592468261719 0.0820693969726563
0.11029052734375 0.224517822265625 0.03369140625 0.041961669921875
0.0206146240234375 0.269058227539062 0.0388374328613281 -0.01202392578125
-0.190048217773437 0.249053955078125 0.0904083251953125 -0.0579605102539062
-0.284210205078125 0.1978759765625 0.20782470703125 -0.0657196044921875
-0.324066162109375 0.084381103515625 0.330902099609375 0.0272216796875
-0.409149169921875 0.0334167480468751 0.0716552734375 -0.0651168823242188
-0.365081787109375 0.086944580078125 0.0785751342773437 -0.0236434936523437
-0.34930419921875 0.205108642578125 0.0289936065673828 -0.0296058654785156
-0.1805419921875 0.298095703125 0.0148458480834961 -0.0104560852050781
-0.059051513671875 0.306396484375 -0.0276622772216797 0.0180416107177735
0.12164306640625 0.268646240234375 0.0270118713378906 0.063995361328125
0.21405029296875 0.198318481445312 0.0702247619628906 0.0528755187988281
0.1954345703125 0.190689086914063 0.0634078979492188 0.0272445678710938
0.243743896484375 0.1773681640625 0.0753631591796875 0.0471267700195313
0.18878173828125 0.2069091796875 0.0464553833007813 0.0363693237304688
0.10858154296875 0.289642333984375 -0.00379943847656249 0.0113449096679688
-0.000122070312499993 0.32733154296875 0.0175552368164063 -0.025299072265625
-0.24456787109375 0.285308837890625 0.0672149658203125 -0.0470695495605469
-0.344390869140625 0.222564697265625 0.1505126953125 -0.0161590576171875
-0.39581298828125 0.09326171875 0.212692260742187 0.0512542724609375
-0.412689208984375 0.060546875 -0.0724563598632813 -0.0498733520507812
-0.3619384765625 0.12548828125 -0.0134372711181641 0.0102252960205078
-0.3280029296875 0.238677978515625 0.00696945190429686 -0.019195556640625
-0.15728759765625 0.316741943359375 0.00453567504882811 -0.0385322570800781
-0.04547119140625 0.315093994140625 -0.04266357421875 -0.0379753112792969
0.134109497070313 0.27960205078125 -0.0227336883544922 -0.0117053985595703
0.220382690429687 0.21038818359375 -0.0210380554199219 -0.0133457183837891
0.198928833007813 0.206497192382813 -0.0296840667724609 -0.0248355865478515
0.242996215820313 0.202377319335938 -0.0135993957519531 -0.00295352935791014
0.174118041992188 0.234970092773437 -0.0158653259277344 -0.0196819305419922
0.07647705078125 0.31268310546875 -0.0400886535644531 -0.0271339416503906
-0.0379638671875 0.331451416015625 -0.0047454833984375 -0.0387725830078125
-0.274581909179688 0.263763427734375 0.039337158203125 -0.0296173095703125
-0.360443115234375 0.200439453125 0.0743942260742187 0.0396804809570313
-0.407867431640625 0.0791625976562499 0.0696258544921875 0.0756072998046875
-0.34698486328125 0.0758666992187501 -0.214996337890625 -0.024810791015625
-0.29498291015625 0.13458251953125 -0.108657836914063 0.0481109619140625
-0.2489013671875 0.216262817382813 -0.0218391418457031 -0.00325012207031248
-0.110198974609375 0.269500732421875 -0.0175018310546875 -0.0561485290527344
-0.0275421142578125 0.264984130859375 -0.0604705810546875 -0.081329345703125
0.122817993164063 0.241668701171875 -0.0780105590820313 -0.0772628784179687
0.191818237304688 0.1888427734375 -0.112937927246094 -0.0713348388671875
0.1710205078125 0.188644409179688 -0.119117736816406 -0.07366943359375
0.204620361328125 0.196640014648438 -0.0971298217773437 -0.0594329833984375
0.130569458007813 0.22418212890625 -0.068084716796875 -0.081146240234375
0.0283355712890625 0.280502319335938 -0.0617408752441406 -0.0689048767089844
-0.0738525390625 0.2738037109375 -0.0199470520019531 -0.0535812377929687
-0.260498046875 0.19012451171875 0.0088834762573242 -0.0135374069213867
-0.316314697265625 0.14093017578125 -0.00963592529296877 0.0804595947265625
-0.3564453125 0.0531005859375001 -0.074951171875 0.0877151489257813
-0.22528076171875 0.069305419921875 -0.33074951171875 0.00213623046875001
-0.1849365234375 0.10577392578125 -0.188705444335938 0.0817413330078125
-0.1434326171875 0.1397705078125 -0.0501251220703125 0.0154914855957031
-0.0645294189453125 0.168212890625 -0.0418281555175781 -0.056640625
-0.0202789306640625 0.171432495117188 -0.0736923217773438 -0.103347778320312
0.0838775634765625 0.1708984375 -0.124603271484375 -0.120018005371094
0.1307373046875 0.139907836914063 -0.188720703125 -0.112030029296875
0.117889404296875 0.141342163085937 -0.189865112304688 -0.110260009765625
0.13751220703125 0.156173706054687 -0.161209106445313 -0.11175537109375
0.07196044921875 0.173812866210938 -0.0989456176757813 -0.135894775390625
-0.0152587890625 0.199386596679688 -0.0618057250976562 -0.104423522949219
-0.085052490234375 0.170257568359375 -0.0234260559082031 -0.0641517639160156
-0.190902709960938 0.092803955078125 -0.0173053741455078 -0.0041971206665039
-0.216201782226562 0.0707855224609375 -0.0857696533203125 0.0972747802734375
-0.246536254882813 0.0265960693359375 -0.197052001953125 0.0869598388671875
-0.0698928833007813 0.0399093627929687 -0.404510498046875 0.0243225097656249
-0.0601959228515625 0.0442848205566406 -0.241455078125 0.106338500976563
-0.0408287048339844 0.0318412780761719 -0.069183349609375 0.0367012023925781
-0.0333595275878906 0.0452384948730469 -0.0559120178222656 -0.0424079895019531
-0.0269851684570312 0.0611534118652344 -0.0748977661132813 -0.105430603027344
0.0239334106445313 0.0838546752929688 -0.152740478515625 -0.138626098632813
0.04620361328125 0.0740509033203125 -0.237030029296875 -0.130889892578125
0.0465545654296875 0.0727081298828125 -0.230606079101563 -0.129684448242188
0.0550994873046875 0.0891342163085938 -0.196884155273438 -0.148239135742188
0.0176315307617188 0.0932235717773438 -0.10821533203125 -0.172760009765625
-0.0340576171875 0.0905380249023438 -0.0458221435546875 -0.125511169433594
-0.0577239990234375 0.0528717041015625 -0.0185585021972656 -0.06787109375
-0.0757904052734375 0.00964355468750001 -0.0367851257324219 0.000183105468749998
-0.0758209228515625 0.0167465209960937 -0.140884399414063 0.092987060546875
-0.100166320800781 0.0106887817382812 -0.277130126953125 0.07806396484375
-0.0754470825195312 -0.02557373046875 0.308837890625 -0.113128662109375
-0.0715866088867188 0.00527191162109375 0.1961669921875 -0.103927612304688
-0.0660209655761719 0.0475921630859375 0.0288410186767578 -0.0242290496826172
-0.0169105529785156 0.0575714111328125 0.00559616088867188 0.0606193542480469
0.018280029296875 0.0465240478515625 0.00814819335937501 0.139381408691406
0.0333709716796875 0.00734329223632812 0.114776611328125 0.19207763671875
0.0411262512207031 -0.00669479370117188 0.237747192382813 0.165481567382813
0.032745361328125 -0.000150680541992188 0.25067138671875 0.12677001953125
0.0398902893066406 -0.0136184692382813 0.247451782226563 0.123199462890625
0.0503158569335938 -0.00110626220703125 0.173538208007813 0.135818481445313
0.0607986450195313 0.0287666320800781 0.0925979614257813 0.0827255249023437
0.0332870483398438 0.070709228515625 0.0695877075195313 0.0168266296386719
-0.037628173828125 0.0835952758789063 0.115608215332031 -0.0537490844726563
-0.0735931396484375 0.0586318969726563 0.254913330078125 -0.12469482421875
-0.0589981079101563 0.0183563232421875 0.460723876953125 -0.00830078125
-0.232666015625 -0.00451660156249999 0.281951904296875 -0.099639892578125
-0.204757690429688 0.0282440185546875 0.19647216796875 -0.0849761962890625
-0.201889038085938 0.106597900390625 0.0382614135742187 -0.0329780578613281
-0.096160888671875 0.157485961914062 0.00781631469726562 0.0422134399414063
-0.0179443359375 0.160552978515625 -0.00885772705078125 0.118453979492188
0.0749893188476563 0.118339538574219 0.0991668701171875 0.17877197265625
0.125640869140625 0.07745361328125 0.21337890625 0.150772094726563
0.113800048828125 0.07879638671875 0.22021484375 0.107528686523438
0.13983154296875 0.05914306640625 0.221786499023438 0.109649658203125
0.1226806640625 0.0797119140625 0.153366088867187 0.115371704101562
0.0989837646484375 0.13531494140625 0.0701026916503906 0.0656166076660156
0.036285400390625 0.184463500976562 0.0582008361816406 0.000316619873046886
-0.118133544921875 0.188034057617187 0.109535217285156 -0.0649032592773437
-0.191757202148438 0.151351928710937 0.2490234375 -0.113998413085938
-0.213638305664063 0.06707763671875 0.430145263671875 -0.00604248046875
-0.35906982421875 0.018829345703125 0.199951171875 -0.087738037109375
-0.315155029296875 0.0598449707031249 0.157974243164062 -0.0623321533203125
-0.310150146484375 0.168670654296875 0.0391387939453125 -0.03680419921875
-0.156768798828125 0.249542236328125 0.013850212097168 0.0171384811401367
-0.0450286865234375 0.259765625 -0.01806640625 0.0774154663085938
0.109710693359375 0.213851928710938 0.0729751586914062 0.1336669921875
0.1922607421875 0.148712158203125 0.157257080078125 0.110092163085938
0.177215576171875 0.144973754882813 0.155059814453125 0.0709228515625
0.218826293945312 0.12286376953125 0.164276123046875 0.08233642578125
0.1796875 0.151290893554687 0.110885620117188 0.081756591796875
0.12579345703125 0.228118896484375 0.0367927551269531 0.0430374145507813
0.0339508056640625 0.280792236328125 0.03955078125 -0.0140266418457031
-0.186782836914063 0.271621704101563 0.0937576293945312 -0.064605712890625
-0.285614013671875 0.22119140625 0.216217041015625 -0.07916259765625
-0.33734130859375 0.102874755859375 0.3472900390625 0.013916015625
-0.42852783203125 0.0514526367187501 0.074005126953125 -0.0736236572265625
-0.37774658203125 0.1048583984375 0.0843353271484375 -0.0322494506835937
-0.358001708984375 0.231903076171875 0.0277919769287109 -0.03265380859375
-0.175140380859375 0.31915283203125 0.0148067474365234 -0.0119352340698242
-0.047821044921875 0.325042724609375 -0.0285320281982422 0.0223865509033203
0.138916015625 0.2738037109375 0.0333900451660156 0.0645980834960938
0.233810424804688 0.194564819335938 0.0762939453125 0.05035400390625
0.21453857421875 0.190765380859375 0.0660781860351563 0.0254058837890625
0.26336669921875 0.1719970703125 0.081451416015625 0.0446243286132813
0.206207275390625 0.206451416015625 0.0498847961425781 0.036163330078125
0.12701416015625 0.296356201171875 -0.00401020050048827 0.0124759674072266
0.01446533203125 0.34246826171875 0.0167026519775391 -0.02667236328125
-0.242828369140625 0.312591552734375 0.0699119567871094 -0.0520286560058594
-0.34814453125 0.251068115234375 0.159271240234375 -0.024383544921875
-0.4124755859375 0.11566162109375 0.224441528320312 0.044830322265625
-0.431610107421875 0.0797729492187501 -0.0770950317382813 -0.0504531860351563
-0.373779296875 0.144927978515625 -0.0112533569335938 0.00845909118652344
-0.334564208984375 0.266357421875 0.00479316711425779 -0.0210208892822265
-0.15045166015625 0.337799072265625 0.00231552124023437 -0.0401687622070312
-0.03302001953125 0.33453369140625 -0.0464248657226563 -0.0357933044433593
0.153533935546875 0.285064697265625 -0.0221061706542969 -0.0127525329589844
0.24139404296875 0.20758056640625 -0.0228538513183594 -0.0143337249755859
0.218032836914063 0.206649780273438 -0.0344905853271484 -0.0246372222900391
0.264236450195313 0.197967529296875 -0.014460563659668 -0.00351428985595702
0.19219970703125 0.236587524414063 -0.0181255340576172 -0.0203895568847656
0.095245361328125 0.322235107421875 -0.0429344177246094 -0.0262451171875
-0.024505615234375 0.34808349609375 -0.00731277465820313 -0.0397071838378906
-0.275787353515625 0.290802001953125 0.0406532287597656 -0.031768798828125
-0.365203857421875 0.227203369140625 0.0818023681640625 0.0373382568359375
-0.42645263671875 0.10137939453125 0.075103759765625 0.0762557983398438
-0.360565185546875 0.09356689453125 -0.225112915039063 -0.017730712890625
-0.303070068359375 0.15325927734375 -0.109664916992188 0.053619384765625
-0.25274658203125 0.239364624023438 -0.0249538421630859 -0.0032825469970703
-0.103302001953125 0.2861328125 -0.0218429565429688 -0.0567398071289062
-0.016387939453125 0.281341552734375 -0.0672149658203125 -0.0809860229492187
0.139114379882812 0.246902465820312 -0.0828475952148437 -0.0784988403320312
0.210830688476563 0.187149047851563 -0.122024536132813 -0.0706558227539063
0.188796997070313 0.190032958984375 -0.130043029785156 -0.071258544921875
0.2236328125 0.194137573242188 -0.104728698730469 -0.05816650390625
0.1463623046875 0.22735595703125 -0.0757904052734375 -0.0824966430664063
0.04278564453125 0.290802001953125 -0.0673446655273438 -0.0693244934082031
-0.064117431640625 0.288604736328125 -0.02423095703125 -0.053619384765625
-0.26397705078125 0.211929321289063 0.00857067108154295 -0.0135555267333984
-0.323028564453125 0.16259765625 -0.00497436523437502 0.0846633911132813
-0.372802734375 0.071533203125 -0.07623291015625 0.0970382690429687
-0.23291015625 0.08099365234375 -0.34564208984375 0.017120361328125
-0.188766479492188 0.118484497070312 -0.192657470703125 0.0934295654296875
-0.14453125 0.154312133789063 -0.0530242919921875 0.01788330078125
-0.0598602294921875 0.178665161132813 -0.0474052429199219 -0.0559768676757812
-0.013031005859375 0.182846069335938 -0.0812301635742187 -0.103187561035156
0.0964813232421875 0.174591064453125 -0.134170532226563 -0.121368408203125
0.144515991210938 0.139114379882812 -0.203506469726563 -0.108566284179688
0.130462646484375 0.142959594726563 -0.2049560546875 -0.106307983398437
0.150955200195313 0.155899047851563 -0.174514770507812 -0.109664916992188
0.083282470703125 0.177658081054688 -0.110427856445313 -0.139198303222656
-0.006622314453125 0.208831787109375 -0.0688018798828125 -0.106765747070312
-0.0810699462890625 0.181076049804688 -0.0285606384277344 -0.065185546875
-0.195999145507812 0.106201171875 -0.0189628601074219 -0.00226974487304687
-0.221405029296875 0.084228515625 -0.0844345092773438 0.106460571289062
-0.259033203125 0.0384063720703125 -0.202987670898438 0.101608276367188
-0.0716934204101563 0.0436553955078125 -0.422637939453125 0.04443359375
-0.0604209899902344 0.0493125915527344 -0.247970581054688 0.122940063476563
-0.0420417785644531 0.035552978515625 -0.0730056762695313 0.0410232543945312
-0.0330886840820313 0.0486412048339844 -0.0616493225097656 -0.040313720703125
-0.0257644653320313 0.0668525695800781 -0.0822525024414063 -0.106437683105469
0.0293197631835938 0.0872039794921875 -0.165390014648438 -0.138763427734375
0.053131103515625 0.075927734375 -0.254409790039063 -0.125625610351563
0.0529327392578125 0.0743331909179688 -0.249099731445313 -0.123855590820312
0.0621795654296875 0.0898666381835938 -0.213592529296875 -0.14697265625
0.0229110717773437 0.0960159301757813 -0.121261596679687 -0.177505493164063
-0.03131103515625 0.0963592529296875 -0.052490234375 -0.129745483398438
-0.0583992004394531 0.0572357177734375 -0.0229148864746094 -0.0693206787109375
-0.0790786743164063 0.0127487182617187 -0.0391578674316406 0.00291061401367188
-0.0783538818359375 0.0213623046875 -0.143402099609375 0.105087280273437
-0.105514526367187 0.0149612426757812 -0.28704833984375 0.09576416015625
-0.0805740356445313 -0.0212936401367187 0.310882568359375 -0.139434814453125
-0.0727691650390625 0.00868988037109374 0.195999145507813 -0.123291015625
-0.0645980834960938 0.05364990234375 0.0289344787597656 -0.0268630981445312
-0.0133552551269531 0.0602912902832031 0.0101966857910156 0.0602188110351563
0.0226325988769531 0.0459251403808594 0.0166015625 0.143280029296875
0.0342006683349609 0.00412559509277344 0.1307373046875 0.190994262695313
0.0401611328125 -0.0103759765625 0.256332397460938 0.153549194335938
0.0333003997802734 -0.00219154357910156 0.268264770507813 0.113128662109375
0.0399169921875 -0.0172805786132813 0.264328002929688 0.109954833984375
0.0510101318359375 -0.004913330078125 0.1885986328125 0.130279541015625
0.0645561218261719 0.0247726440429688 0.100173950195313 0.0804214477539063
0.039215087890625 0.0713577270507813 0.0732574462890625 0.012603759765625
-0.032318115234375 0.0893630981445313 0.11724853515625 -0.0638961791992188
-0.0705795288085938 0.0666885375976563 0.254241943359375 -0.146865844726563
-0.0591201782226563 0.0220489501953125 0.474395751953125 -0.040679931640625
-0.241744995117188 0.0105438232421875 0.284515380859375 -0.123565673828125
-0.209381103515625 0.0403594970703125 0.197418212890625 -0.104782104492188
-0.20135498046875 0.124053955078125 0.0368003845214844 -0.0365447998046875
-0.0884857177734375 0.167678833007813 0.0114898681640625 0.0414695739746094
-0.00775146484375 0.166976928710938 -0.0010223388671875 0.123611450195313
0.0839004516601563 0.114883422851563 0.114532470703125 0.17779541015625
0.133148193359375 0.0696792602539063 0.230499267578125 0.139617919921875
0.123046875 0.0732345581054688 0.233963012695312 0.094940185546875
0.1475830078125 0.0499267578125 0.2374267578125 0.0971832275390625
0.130935668945313 0.0728607177734375 0.166351318359375 0.11004638671875
0.111801147460938 0.131881713867188 0.0754623413085938 0.064483642578125
0.050262451171875 0.188018798828125 0.0606803894042969 -0.00326919555664061
-0.108047485351562 0.203323364257813 0.110519409179687 -0.0751113891601562
-0.184616088867188 0.170089721679687 0.249923706054688 -0.13641357421875
-0.216033935546875 0.083343505859375 0.442779541015625 -0.036529541015625
-0.370758056640625 0.042510986328125 0.201385498046875 -0.10638427734375
-0.320770263671875 0.079681396484375 0.160171508789063 -0.07928466796875
-0.308135986328125 0.19512939453125 0.0369186401367187 -0.040496826171875
-0.144805908203125 0.266464233398438 0.0158014297485351 0.0161323547363281
-0.028228759765625 0.272445678710938 -0.0135879516601562 0.082672119140625
0.125869750976563 0.210891723632813 0.085174560546875 0.131904602050781
0.206878662109375 0.1375732421875 0.169677734375 0.101303100585938
0.192779541015625 0.13702392578125 0.163223266601563 0.0628662109375
0.233139038085938 0.10882568359375 0.175537109375 0.0731048583984375
0.194229125976562 0.142532348632812 0.119758605957031 0.0771408081054688
0.145050048828125 0.224884033203125 0.0403556823730469 0.0426368713378906
0.054473876953125 0.286865234375 0.0399513244628906 -0.0163002014160156
-0.17315673828125 0.294403076171875 0.0937652587890625 -0.0730438232421875
-0.27642822265625 0.249267578125 0.219482421875 -0.0982666015625
-0.342529296875 0.128753662109375 0.359130859375 -0.00952148437499999
-0.441253662109375 0.0802612304687501 0.0721359252929687 -0.0831985473632812
-0.382598876953125 0.1300048828125 0.0866470336914062 -0.0429458618164062
-0.354644775390625 0.265594482421875 0.0253467559814453 -0.0351009368896484
-0.158660888671875 0.339935302734375 0.0142526626586914 -0.0133113861083984
-0.02740478515625 0.34130859375 -0.0275058746337891 0.0269966125488281
0.16082763671875 0.271148681640625 0.0405197143554688 0.0629005432128906
0.2535400390625 0.1817626953125 0.0818328857421875 0.0451507568359375
0.234649658203125 0.181488037109375 0.0679702758789063 0.0219459533691406
0.28314208984375 0.1566162109375 0.0873565673828125 0.0395355224609375
0.225341796875 0.197479248046875 0.0535621643066406 0.03436279296875
0.152069091796875 0.295166015625 -0.00409317016601562 0.0138263702392578
0.03900146484375 0.351287841796875 0.0149021148681641 -0.0279273986816406
-0.228118896484375 0.341522216796875 0.0704345703125 -0.0582351684570312
-0.3380126953125 0.283660888671875 0.16387939453125 -0.0376739501953125
-0.420013427734375 0.146942138671875 0.233749389648437 0.0308074951171875
-0.442352294921875 0.109710693359375 -0.0822906494140625 -0.0486297607421875
-0.37640380859375 0.1732177734375 -0.010009765625 0.00643062591552735
-0.327392578125 0.3006591796875 0.00205421447753904 -0.0213184356689453
-0.13214111328125 0.358123779296875 -0.00083541870117188 -0.0404548645019531
-0.00964355468749999 0.349822998046875 -0.0493011474609375 -0.0318794250488281
0.177001953125 0.28192138671875 -0.0215854644775391 -0.013467788696289
0.263351440429688 0.195281982421875 -0.0251522064208984 -0.0145416259765625
0.240341186523437 0.198165893554687 -0.0395317077636719 -0.0219955444335937
0.285675048828125 0.1839599609375 -0.0148468017578125 -0.00362110137939452
0.213150024414062 0.229141235351562 -0.0208187103271484 -0.0204029083251953
0.120208740234375 0.32421875 -0.0469970703125 -0.0238418579101562
-0.00115966796875001 0.36041259765625 -0.0106925964355469 -0.0397377014160156
-0.264312744140625 0.320770263671875 0.0409698486328125 -0.0347900390625
-0.358856201171875 0.260955810546875 0.0883026123046875 0.0321502685546875
-0.436676025390625 0.133697509765625 0.0821533203125 0.07513427734375
-0.368255615234375 0.119354248046875 -0.2332763671875 -0.00381469726562494
-0.303131103515625 0.1771240234375 -0.108551025390625 0.060791015625
-0.244781494140625 0.267425537109375 -0.0279483795166016 -0.000802993774414042
-0.0867919921875 0.301605224609375 -0.0271415710449219 -0.0552597045898437
0.00305175781250002 0.293609619140625 -0.0739212036132813 -0.0771026611328125
0.160690307617187 0.2435302734375 -0.0889892578125 -0.077362060546875
0.231781005859375 0.176116943359375 -0.131690979003906 -0.0646820068359375
0.2083740234375 0.182769775390625 -0.140609741210938 -0.063629150390625
0.243408203125 0.182464599609375 -0.11328125 -0.0537567138671875
0.164825439453125 0.223480224609375 -0.0842971801757812 -0.0810928344726562
0.064208984375 0.296173095703125 -0.0741653442382813 -0.06719970703125
-0.0474853515625 0.301177978515625 -0.0288925170898437 -0.0529251098632812
-0.257431030273438 0.237823486328125 0.00924110412597655 -0.0133056640625
-0.319122314453125 0.19024658203125 0.00215148925781247 0.087860107421875
-0.382354736328125 0.0988769531250001 -0.0728302001953125 0.106269836425781
-0.236358642578125 0.097808837890625 -0.355560302734375 0.0404052734374999
-0.187484741210938 0.134490966796875 -0.191390991210938 0.109786987304687
-0.139190673828125 0.170150756835937 -0.0562286376953125 0.0229339599609375
-0.050018310546875 0.188186645507813 -0.0530357360839844 -0.0523872375488281
-0.000579833984374989 0.1910400390625 -0.0898513793945313 -0.099639892578125
0.111419677734375 0.172348022460937 -0.145126342773438 -0.117294311523437
0.159698486328125 0.131698608398438 -0.218063354492188 -0.097625732421875
0.145233154296875 0.1378173828125 -0.220748901367188 -0.0936126708984375
0.166290283203125 0.148330688476563 -0.188140869140625 -0.1014404296875
0.0975189208984375 0.176010131835938 -0.124298095703125 -0.136955261230469
0.0082244873046875 0.214752197265625 -0.077667236328125 -0.105934143066406
-0.0717926025390625 0.191421508789063 -0.0342025756835938 -0.064453125
-0.195159912109375 0.123275756835938 -0.0196285247802734 0.000736236572265634
-0.221084594726562 0.102096557617188 -0.0788955688476563 0.11639404296875
-0.266326904296875 0.0571746826171875 -0.203628540039063 0.120574951171875
-0.0715408325195313 0.0482635498046875 -0.432373046875 0.07464599609375
-0.0593338012695313 0.0557937622070313 -0.24676513671875 0.144973754882812
-0.0414505004882813 0.0404319763183594 -0.074737548828125 0.0478744506835938
-0.031005859375 0.05242919921875 -0.0672111511230469 -0.0352096557617187
-0.0214462280273438 0.0717926025390625 -0.0911865234375 -0.103775024414063
0.03692626953125 0.088409423828125 -0.178482055664063 -0.133224487304688
0.0614471435546875 0.0740814208984375 -0.271820068359375 -0.1107177734375
0.0594940185546875 0.0727386474609375 -0.266143798828125 -0.109542846679688
0.0701141357421875 0.0878219604492187 -0.230606079101563 -0.136642456054688
0.0302047729492188 0.096771240234375 -0.13775634765625 -0.176025390625
-0.0254287719726563 0.101173400878906 -0.0619125366210938 -0.130897521972656
-0.0564079284667969 0.0622367858886719 -0.0278205871582031 -0.0691680908203125
-0.0812149047851563 0.0183029174804687 -0.0409049987792969 0.00780868530273438
-0.0791778564453125 0.0265960693359375 -0.14031982421875 0.11956787109375
-0.109207153320313 0.022552490234375 -0.29046630859375 0.120330810546875
-0.083160400390625 -0.01556396484375 0.301544189453125 -0.161163330078125
-0.0724105834960938 0.0120315551757812 0.1871337890625 -0.1395263671875
-0.0606307983398438 0.0577850341796875 0.0280036926269531 -0.0289859771728516
-0.00904464721679688 0.0608100891113281 0.0139846801757812 0.0572052001953125
0.0261077880859375 0.0436019897460938 0.0258636474609375 0.142059326171875
0.0331974029541016 0.0005950927734375 0.143142700195312 0.182571411132812
0.0370635986328125 -0.0133056640625 0.26776123046875 0.134445190429687
0.0328235626220703 -0.00443458557128906 0.276718139648438 0.0941619873046875
0.0380744934082031 -0.019805908203125 0.273056030273438 0.0911407470703125
0.0496635437011719 -0.00838851928710938 0.1982421875 0.118301391601562
0.0657691955566406 0.0198173522949219 0.105308532714844 0.0746383666992188
0.0444564819335937 0.0689353942871094 0.0745773315429688 0.00745391845703126
-0.0246658325195312 0.0922927856445313 0.113868713378906 -0.0734100341796875
-0.0643844604492188 0.072296142578125 0.243667602539063 -0.166030883789063
-0.057830810546875 0.0259475708007813 0.470947265625 -0.075469970703125
-0.2427978515625 0.0264434814453125 0.276519775390625 -0.144485473632813
-0.20648193359375 0.052154541015625 0.190536499023438 -0.121551513671875
-0.193099975585938 0.138137817382813 0.0344657897949219 -0.03863525390625
-0.076934814453125 0.173309326171875 0.0141677856445312 0.0390396118164063
0.00494384765624999 0.167800903320313 0.00704193115234375 0.124885559082031
0.09014892578125 0.108131408691406 0.126388549804688 0.169296264648437
0.135765075683594 0.05914306640625 0.240325927734375 0.122512817382813
0.127471923828125 0.0649642944335938 0.24017333984375 0.0781707763671875
0.150390625 0.0384368896484375 0.244720458984375 0.0797271728515625
0.134681701660156 0.0637664794921875 0.17431640625 0.099365234375
0.12017822265625 0.122512817382813 0.0793075561523438 0.0608062744140625
0.0630950927734375 0.185028076171875 0.060150146484375 -0.00728988647460936
-0.0927276611328125 0.211944580078125 0.107185363769531 -0.083953857421875
-0.17022705078125 0.18316650390625 0.241043090820313 -0.155410766601563
-0.21112060546875 0.097930908203125 0.439727783203125 -0.06689453125
-0.370086669921875 0.0676269531250001 0.194580078125 -0.121231079101563
-0.316314697265625 0.0987243652343751 0.155181884765625 -0.0936279296875
-0.2965087890625 0.21820068359375 0.0337867736816406 -0.0419502258300781
-0.126785278320313 0.275787353515625 0.0170183181762695 0.0149469375610352
-0.00894165039062499 0.275283813476563 -0.00778961181640624 0.0851516723632813
0.139175415039063 0.201248168945313 0.0952682495117188 0.125045776367188
0.2149658203125 0.121490478515625 0.176666259765625 0.088134765625
0.202438354492187 0.123443603515625 0.166580200195313 0.0515594482421875
0.239776611328125 0.0915069580078125 0.180999755859375 0.05999755859375
0.20263671875 0.127838134765625 0.124977111816406 0.06951904296875
0.16064453125 0.213638305664063 0.0423316955566406 0.0415878295898438
0.07427978515625 0.282867431640625 0.0392532348632813 -0.0183639526367187
-0.15240478515625 0.308441162109375 0.0906982421875 -0.080474853515625
-0.255950927734375 0.268310546875 0.213180541992187 -0.115982055664062
-0.3350830078125 0.1522216796875 0.357940673828125 -0.03515625
-0.438690185546875 0.109649658203125 0.0676422119140625 -0.0894546508789063
-0.375396728515625 0.1546630859375 0.0842819213867187 -0.0520553588867187
-0.33782958984375 0.29144287109375 0.0218009948730469 -0.0352516174316406
-0.135986328125 0.35009765625 0.0134620666503906 -0.0132522583007812
-0.00247192382812504 0.345458984375 -0.0250186920166016 0.0306644439697266
0.17828369140625 0.258621215820313 0.0457305908203125 0.0581474304199219
0.2650146484375 0.162353515625 0.084228515625 0.0384063720703125
0.247787475585937 0.164657592773437 0.0676765441894531 0.0178680419921875
0.292999267578125 0.135040283203125 0.0900726318359375 0.032135009765625
0.237350463867188 0.180923461914063 0.0556831359863281 0.0304145812988281
0.172332763671875 0.28369140625 -0.00373744964599608 0.0151433944702149
0.06329345703125 0.3485107421875 0.0133953094482422 -0.0278091430664062
-0.202789306640625 0.35882568359375 0.0680885314941406 -0.0629997253417968
-0.31573486328125 0.306671142578125 0.162399291992187 -0.0507049560546875
-0.41265869140625 0.177093505859375 0.23553466796875 0.0146942138671875
-0.437591552734375 0.1396484375 -0.08514404296875 -0.0438613891601563
-0.367706298828125 0.196563720703125 -0.00875425338745119 0.00406455993652345
-0.3089599609375 0.325836181640625 -0.000841140747070329 -0.0192623138427734
-0.10723876953125 0.3663330078125 -0.00333404541015626 -0.0385780334472656
0.015167236328125 0.353485107421875 -0.0503921508789063 -0.0265846252441406
0.19561767578125 0.268569946289063 -0.0216026306152344 -0.0147151947021484
0.276702880859375 0.17449951171875 -0.02685546875 -0.0135765075683594
0.25482177734375 0.181320190429688 -0.0426788330078125 -0.0186843872070312
0.298126220703125 0.161163330078125 -0.0158605575561523 -0.00347614288330077
0.228195190429688 0.21331787109375 -0.0230884552001953 -0.0194606781005859
0.14300537109375 0.3153076171875 -0.0489692687988281 -0.0199813842773437
0.023040771484375 0.36029052734375 -0.0130996704101562 -0.0374603271484375
-0.24169921875 0.340667724609375 0.0401039123535156 -0.0372505187988281
-0.337432861328125 0.284820556640625 0.0919952392578125 0.02471923828125
-0.430633544921875 0.164886474609375 0.0866546630859375 0.070037841796875
-0.362091064453125 0.143402099609375 -0.233642578125 0.0115814208984375
-0.293365478515625 0.19635009765625 -0.104080200195313 0.0667953491210938
-0.22784423828125 0.286346435546875 -0.0298843383789063 0.00331306457519533
-0.06549072265625 0.307159423828125 -0.030426025390625 -0.0509910583496093
0.02471923828125 0.2955322265625 -0.07794189453125 -0.0708999633789062
0.177230834960937 0.231689453125 -0.0937271118164062 -0.0739364624023438
0.243545532226563 0.1573486328125 -0.136642456054687 -0.0563583374023438
0.221481323242188 0.167327880859375 -0.147537231445313 -0.05194091796875
0.255828857421875 0.163284301757813 -0.117195129394531 -0.0465621948242187
0.179718017578125 0.210922241210938 -0.0916366577148437 -0.0758819580078125
0.08477783203125 0.290069580078125 -0.0791091918945312 -0.0615310668945312
-0.026458740234375 0.3048095703125 -0.0326881408691406 -0.0493316650390625
-0.241348266601563 0.25665283203125 0.00923538208007811 -0.0127725601196289
-0.304046630859375 0.21197509765625 0.010040283203125 0.087615966796875
-0.37884521484375 0.12554931640625 -0.0657196044921875 0.112785339355469
-0.231124877929688 0.113037109375 -0.351470947265625 0.0650634765625
-0.178970336914063 0.147232055664063 -0.183441162109375 0.122238159179687
-0.128250122070313 0.182174682617188 -0.0562362670898438 0.0284996032714844
-0.0367889404296875 0.191574096679688 -0.0564842224121094 -0.0459632873535156
0.0136871337890625 0.193267822265625 -0.0952606201171875 -0.0929489135742188
0.123580932617188 0.163848876953125 -0.152572631835938 -0.110031127929687
0.169601440429687 0.119125366210937 -0.225677490234375 -0.082855224609375
0.15472412109375 0.127365112304688 -0.228439331054688 -0.077178955078125
0.17578125 0.13543701171875 -0.19647216796875 -0.0884857177734375
0.108795166015625 0.168365478515625 -0.135261535644531 -0.129478454589844
0.02337646484375 0.213653564453125 -0.085113525390625 -0.101333618164063
-0.0594024658203125 0.196121215820313 -0.0385665893554688 -0.060760498046875
-0.186599731445313 0.137100219726563 -0.0188274383544922 0.00366210937500001
-0.213165283203125 0.116928100585938 -0.06927490234375 0.122520446777344
-0.264739990234375 0.0757598876953125 -0.195388793945313 0.136138916015625
-0.0700721740722656 0.0527267456054687 -0.42694091796875 0.1046142578125
-0.0554847717285156 0.06011962890625 -0.236007690429688 0.163665771484375
-0.0396461486816406 0.0440902709960938 -0.0733642578125 0.0541915893554688
-0.0278358459472656 0.0551872253417969 -0.0694770812988281 -0.0281448364257812
-0.015960693359375 0.0743865966796875 -0.0973587036132813 -0.0976715087890625
0.0435943603515625 0.0854415893554688 -0.186874389648438 -0.122421264648438
0.0674514770507813 0.0686149597167969 -0.280319213867188 -0.0906829833984375
0.0644493103027344 0.068817138671875 -0.2747802734375 -0.0892791748046875
0.0762939453125 0.0821533203125 -0.241500854492188 -0.119674682617187
0.0368423461914062 0.09381103515625 -0.151214599609375 -0.167526245117187
-0.01763916015625 0.102851867675781 -0.0706329345703125 -0.127677917480469
-0.0528488159179688 0.065887451171875 -0.0333290100097656 -0.0662498474121094
-0.080535888671875 0.0240707397460938 -0.0403938293457031 0.0126876831054687
-0.0771942138671875 0.0323944091796875 -0.131240844726563 0.130264282226562
-0.109214782714844 0.0307083129882812 -0.281982421875 0.14178466796875
-0.0833511352539063 -0.0109100341796875 0.289093017578125 -0.171356201171875
-0.0706634521484375 0.0136337280273437 0.176895141601563 -0.147628784179688
-0.05743408203125 0.0596656799316406 0.0268363952636719 -0.030029296875
-0.00600814819335937 0.0596885681152344 0.0158119201660156 0.0534858703613281
0.0276870727539063 0.0411415100097656 0.0311279296875 0.138839721679688
0.0313453674316406 -0.00149154663085938 0.147308349609375 0.1744384765625
0.0336532592773438 -0.0139560699462891 0.269088745117188 0.11968994140625
0.0313243865966797 -0.00553512573242187 0.276321411132813 0.0797576904296875
0.0358772277832031 -0.0213851928710938 0.272933959960937 0.0769195556640625
0.0479087829589844 -0.0102500915527344 0.201446533203125 0.108444213867188
0.0646171569824219 0.0157012939453125 0.106643676757813 0.0701828002929688
0.0471839904785156 0.0659255981445313 0.0738754272460937 0.00395965576171875
-0.0193710327148437 0.09173583984375 0.10870361328125 -0.0783920288085938
-0.0580520629882813 0.0741958618164062 0.230926513671875 -0.17523193359375
-0.0553627014160156 0.0277175903320313 0.458343505859375 -0.095367431640625
-0.23858642578125 0.0371246337890625 0.265625 -0.154769897460938
-0.200927734375 0.0580596923828125 0.181716918945313 -0.131301879882813
-0.184310913085938 0.145309448242187 0.0321273803710937 -0.0390243530273437
-0.068359375 0.172943115234375 0.0154914855957031 0.0366668701171875
0.0124359130859375 0.164825439453125 0.0120620727539063 0.123153686523438
0.0918426513671875 0.101364135742188 0.131500244140625 0.161270141601563
0.133880615234375 0.0514297485351563 0.241714477539063 0.108673095703125
0.12786865234375 0.0583343505859375 0.238815307617188 0.0665435791015625
0.148681640625 0.030181884765625 0.244308471679688 0.0667266845703125
0.134117126464844 0.05645751953125 0.176498413085938 0.091400146484375
0.122840881347656 0.114006042480469 0.080169677734375 0.0579071044921875
0.070404052734375 0.1788330078125 0.0596656799316406 -0.00959014892578124
-0.0805816650390625 0.212677001953125 0.102317810058594 -0.0885162353515625
-0.156936645507812 0.187042236328125 0.229904174804688 -0.164047241210938
-0.204421997070313 0.105270385742188 0.42822265625 -0.08563232421875
-0.3629150390625 0.0825195312500001 0.186782836914062 -0.1282958984375
-0.307830810546875 0.108917236328125 0.148361206054688 -0.101837158203125
-0.2821044921875 0.228546142578125 0.0307197570800781 -0.0410499572753906
-0.112747192382813 0.275924682617187 0.0175676345825195 0.0132284164428711
0.00373840332031253 0.27264404296875 -0.0029754638671875 0.0847625732421875
0.144073486328125 0.191162109375 0.098968505859375 0.117782592773438
0.2139892578125 0.109039306640625 0.177383422851563 0.07733154296875
0.204421997070312 0.113250732421875 0.165008544921875 0.0437774658203125
0.239410400390625 0.077545166015625 0.180694580078125 0.050079345703125
0.202529907226563 0.11602783203125 0.125938415527344 0.0635223388671875
0.1666259765625 0.201507568359375 0.0425186157226563 0.0403633117675781
0.084625244140625 0.2744140625 0.0383720397949219 -0.0191116333007812
-0.13446044921875 0.309844970703125 0.0871124267578125 -0.084136962890625
-0.236953735351562 0.274368286132813 0.204208374023438 -0.1248779296875
-0.32470703125 0.16497802734375 0.34930419921875 -0.050018310546875
-0.428802490234375 0.12750244140625 0.06329345703125 -0.0919952392578125
-0.364654541015625 0.16650390625 0.0801467895507812 -0.0582351684570312
-0.31951904296875 0.3048095703125 0.0188655853271484 -0.0337047576904297
-0.118865966796875 0.349639892578125 0.0132942199707031 -0.0137863159179687
0.014190673828125 0.341278076171875 -0.0223293304443359 0.0324554443359375
0.185409545898438 0.245849609375 0.04754638671875 0.0534515380859375
0.266189575195312 0.14569091796875 0.0837936401367188 0.03240966796875
0.250747680664063 0.151901245117188 0.0663871765136719 0.0156631469726563
0.29315185546875 0.117767333984375 0.0897064208984375 0.0272064208984375
0.239166259765625 0.165863037109375 0.0548744201660156 0.027435302734375
0.181167602539063 0.269668579101563 -0.00378036499023436 0.0165061950683594
0.076873779296875 0.340301513671875 0.0125141143798828 -0.0270862579345703
-0.18267822265625 0.36260986328125 0.0659866333007812 -0.0658416748046875
-0.2945556640625 0.314788818359375 0.1580810546875 -0.0587158203125
-0.4005126953125 0.191986083984375 0.231826782226562 0.00476074218750001
-0.427581787109375 0.15716552734375 -0.0847320556640625 -0.0408859252929687
-0.35491943359375 0.208038330078125 -0.00841712951660159 0.00191068649291994
-0.2901611328125 0.33624267578125 -0.00311183929443361 -0.0164775848388672
-0.090179443359375 0.365509033203125 -0.00397109985351563 -0.0367164611816406
0.032257080078125 0.348602294921875 -0.0494956970214844 -0.0230751037597656
0.20355224609375 0.254684448242188 -0.0218563079833984 -0.016061782836914
0.278182983398438 0.156768798828125 -0.0281181335449219 -0.0134696960449219
0.259246826171875 0.167236328125 -0.0446739196777344 -0.0148200988769531
0.299072265625 0.143798828125 -0.0162010192871094 -0.0032205581665039
0.231536865234375 0.198638916015625 -0.0249805450439453 -0.0179405212402344
0.1546630859375 0.3021240234375 -0.0498695373535156 -0.0164146423339844
0.038238525390625 0.353302001953125 -0.0139579772949219 -0.0352287292480469
-0.222259521484375 0.346710205078125 0.0397300720214844 -0.0386810302734375
-0.31719970703125 0.293975830078125 0.0926971435546875 0.0188827514648438
-0.418243408203125 0.18157958984375 0.0874862670898437 0.0651626586914063
-0.353118896484375 0.157135009765625 -0.228408813476563 0.0207977294921875
-0.282196044921875 0.20623779296875 -0.0992965698242188 0.0684967041015625
-0.212005615234375 0.294464111328125 -0.0300121307373047 0.0068035125732422
-0.051605224609375 0.30487060546875 -0.0313148498535156 -0.0472145080566406
0.038848876953125 0.291351318359375 -0.0782241821289062 -0.0653915405273437
0.18408203125 0.219329833984375 -0.0952529907226562 -0.071380615234375
0.2454833984375 0.141433715820313 -0.138259887695312 -0.0495452880859375
0.226226806640625 0.15521240234375 -0.149093627929688 -0.0430755615234375
0.257431030273438 0.1470947265625 -0.118133544921875 -0.0403518676757812
0.18463134765625 0.198043823242188 -0.0952377319335938 -0.070953369140625
0.0966033935546875 0.280303955078125 -0.0818023681640625 -0.0563430786132812
-0.01361083984375 0.30023193359375 -0.0338592529296875 -0.0455131530761719
-0.225296020507813 0.264114379882813 0.0103940963745117 -0.0123491287231445
-0.28729248046875 0.2213134765625 0.0148391723632812 0.0846328735351563
-0.36956787109375 0.141510009765625 -0.060028076171875 0.115058898925781
-0.225357055664063 0.120941162109375 -0.34326171875 0.078765869140625
-0.170974731445313 0.152679443359375 -0.174545288085937 0.1282958984375
-0.11871337890625 0.18646240234375 -0.055755615234375 0.0326728820800781
-0.0279541015625 0.189956665039062 -0.0568313598632812 -0.0407600402832031
0.023040771484375 0.1904296875 -0.0965423583984375 -0.087371826171875
0.128875732421875 0.155288696289062 -0.15447998046875 -0.104385375976562
0.171890258789063 0.107345581054688 -0.226608276367188 -0.0703582763671875
0.158096313476562 0.118789672851562 -0.22955322265625 -0.0637359619140624
0.178237915039063 0.124114990234375 -0.197662353515625 -0.0778350830078125
0.113479614257813 0.160079956054688 -0.140060424804687 -0.122016906738281
0.0324249267578125 0.20794677734375 -0.088958740234375 -0.0958175659179688
-0.05029296875 0.19537353515625 -0.0403480529785156 -0.0564689636230469
-0.17767333984375 0.143829345703125 -0.0167522430419922 0.00547218322753908
-0.202407836914063 0.12353515625 -0.061614990234375 0.123207092285156
-0.259185791015625 0.087432861328125 -0.185882568359375 0.144134521484375
-0.0673980712890625 0.0540008544921875 -0.41448974609375 0.12158203125
-0.052398681640625 0.0620193481445312 -0.224151611328125 0.171630859375
-0.0376358032226563 0.0463371276855469 -0.0711898803710937 0.05865478515625
-0.0250740051269531 0.0561027526855469 -0.0684051513671875 -0.0227775573730469
-0.0122146606445312 0.0747222900390625 -0.0985794067382812 -0.0922012329101563
0.0471649169921875 0.0814132690429688 -0.18902587890625 -0.114669799804687
0.0701255798339844 0.0635833740234375 -0.2801513671875 -0.0766754150390625
0.0669784545898438 0.0646324157714844 -0.274444580078125 -0.0738372802734375
0.0783615112304688 0.07666015625 -0.243331909179688 -0.10675048828125
0.0405731201171875 0.0897293090820313 -0.157302856445312 -0.158950805664063
-0.01226806640625 0.101699829101563 -0.0752792358398437 -0.122734069824219
-0.0497703552246094 0.0677032470703125 -0.0356369018554688 -0.0621566772460937
-0.07891845703125 0.0277481079101562 -0.038177490234375 0.0153083801269531
-0.0745391845703125 0.035064697265625 -0.12200927734375 0.134132385253906
-0.107200622558594 0.0355377197265625 -0.271102905273438 0.152877807617188
-0.0829696655273437 -0.00858306884765626 0.2835693359375 -0.17376708984375
-0.0702590942382813 0.0132827758789062 0.1712646484375 -0.149887084960938
-0.0557212829589844 0.0595932006835937 0.0261478424072266 -0.0303821563720703
-0.00534439086914063 0.058837890625 0.0156059265136719 0.0509910583496094
0.0281791687011719 0.0394706726074219 0.0323257446289062 0.137184143066406
0.0295810699462891 -0.001708984375 0.147994995117188 0.170913696289063
0.0314235687255859 -0.0133094787597656 0.267852783203125 0.113311767578125
0.0303783416748047 -0.00472640991210938 0.274581909179688 0.0731658935546875
0.0346355438232422 -0.0216255187988281 0.272018432617188 0.0713348388671875
0.045928955078125 -0.0106086730957031 0.201751708984375 0.104812622070312
0.063201904296875 0.013885498046875 0.106559753417969 0.068817138671875
0.0475578308105469 0.0648880004882813 0.0732574462890625 0.002349853515625
-0.0167694091796875 0.0909347534179688 0.105850219726562 -0.0801925659179688
-0.05474853515625 0.0743179321289062 0.224563598632812 -0.177276611328125
-0.0546913146972656 0.0282211303710938 0.45123291015625 -0.1014404296875
-0.236312866210938 0.040924072265625 0.261199951171875 -0.15673828125
-0.199371337890625 0.058746337890625 0.176116943359375 -0.134323120117187
-0.179718017578125 0.147109985351563 0.0313987731933594 -0.0383186340332031
-0.0652008056640625 0.171371459960938 0.0155048370361328 0.0343265533447266
0.015594482421875 0.162368774414062 0.0137710571289062 0.122123718261719
0.0906600952148437 0.09832763671875 0.131790161132812 0.157623291015625
0.130531311035156 0.0493927001953125 0.240097045898437 0.101943969726562
0.126976013183594 0.0560836791992188 0.2366943359375 0.0621490478515625
0.14666748046875 0.0271759033203125 0.243240356445313 0.06182861328125
0.131935119628906 0.0534515380859375 0.175994873046875 0.0880889892578125
0.121612548828125 0.109947204589844 0.0802688598632813 0.057159423828125
0.0722503662109375 0.175949096679688 0.0591888427734375 -0.0100936889648437
-0.0752105712890625 0.211776733398438 0.100349426269531 -0.0899581909179688
-0.149887084960938 0.186172485351563 0.222885131835937 -0.167739868164063
-0.201309204101563 0.107315063476562 0.421539306640625 -0.09100341796875
-0.35888671875 0.0881347656249999 0.183624267578125 -0.130233764648438
-0.30419921875 0.11114501953125 0.144027709960937 -0.10577392578125
-0.275115966796875 0.232864379882813 0.0295219421386719 -0.0398712158203125
-0.107742309570312 0.273330688476563 0.0174360275268555 0.0119199752807617
0.00926208496093753 0.269943237304688 -0.00140380859375 0.085540771484375
0.143463134765625 0.186325073242187 0.0991058349609375 0.113937377929688
0.211227416992188 0.103103637695313 0.17596435546875 0.072418212890625
0.20391845703125 0.109085083007813 0.163299560546875 0.04144287109375
0.236923217773438 0.0711822509765625 0.180038452148438 0.0457305908203125
0.200531005859375 0.11126708984375 0.125747680664063 0.0615310668945313
0.167572021484375 0.195449829101563 0.0425682067871094 0.041015625
0.088226318359375 0.270492553710938 0.0385971069335938 -0.0193023681640625
-0.126800537109375 0.308807373046875 0.085784912109375 -0.0858917236328125
-0.227035522460938 0.273101806640625 0.199691772460938 -0.12823486328125
-0.320526123046875 0.168670654296875 0.343963623046875 -0.0550537109375
-0.425048828125 0.133026123046875 0.0618133544921875 -0.093231201171875
-0.35992431640625 0.16876220703125 0.0774383544921875 -0.0612564086914062
-0.31207275390625 0.309173583984375 0.0178432464599609 -0.0311393737792969
-0.11175537109375 0.347198486328125 0.013951301574707 -0.0139675140380859
0.02117919921875 0.337890625 -0.0205326080322266 0.0333938598632813
0.186325073242187 0.239364624023437 0.0469932556152344 0.0500831604003906
0.263290405273438 0.137939453125 0.0825119018554688 0.02960205078125
0.251449584960938 0.145706176757813 0.0644950866699219 0.0158004760742188
0.290557861328125 0.109893798828125 0.0889968872070313 0.0245208740234375
0.237106323242188 0.1597900390625 0.0542373657226563 0.0268783569335938
0.183349609375 0.262969970703125 -0.00420188903808593 0.0183734893798828
0.082122802734375 0.335540771484375 0.0125923156738281 -0.0259246826171875
-0.174072265625 0.3621826171875 0.0650482177734375 -0.0676231384277344
-0.282928466796875 0.313323974609375 0.155426025390625 -0.0627288818359375
-0.395965576171875 0.197296142578125 0.228515625 0.000946044921875012
-0.423309326171875 0.161865234375 -0.0837936401367188 -0.0396652221679688
-0.34954833984375 0.21124267578125 -0.00897789001464846 -3.14712524413928E-05
-0.2822265625 0.340911865234375 -0.00317859649658205 -0.0131092071533203
-0.082366943359375 0.3626708984375 -0.00338363647460938 -0.0357589721679687
0.039154052734375 0.346435546875 -0.0477409362792969 -0.0214347839355469
0.203765869140625 0.247207641601563 -0.0227489471435547 -0.0179424285888672
0.276153564453125 0.147994995117188 -0.028970718383789 -0.0131397247314453
0.25982666015625 0.161331176757813 -0.0457420349121094 -0.0119705200195312
0.296966552734375 0.135528564453125 -0.0165119171142578 -0.00346565246582031
0.229873657226563 0.191390991210938 -0.0264034271240234 -0.0172843933105469
0.1578369140625 0.294952392578125 -0.0506019592285156 -0.0137405395507812
0.043853759765625 0.34954833984375 -0.0136337280273438 -0.0330181121826172
-0.213348388671875 0.347412109375 0.0398445129394531 -0.0397796630859375
-0.305999755859375 0.294036865234375 0.0922012329101562 0.0154800415039063
-0.413726806640625 0.18780517578125 0.0873489379882812 0.0636215209960938
-0.34930419921875 0.1611328125 -0.225189208984375 0.0235595703125
-0.276840209960938 0.208343505859375 -0.0976715087890625 0.068359375
-0.204833984375 0.297576904296875 -0.0301246643066406 0.0105991363525391
-0.0457763671875 0.303192138671875 -0.0303802490234375 -0.0450172424316406
0.04412841796875 0.288909912109375 -0.0771255493164063 -0.0633010864257813
0.1844482421875 0.212814331054688 -0.0965423583984375 -0.0716094970703125
0.244583129882812 0.13330078125 -0.13873291015625 -0.047088623046875
0.226470947265625 0.150115966796875 -0.149261474609375 -0.0376434326171875
0.256256103515625 0.139572143554688 -0.118087768554687 -0.037841796875
0.184112548828125 0.191757202148438 -0.0968856811523438 -0.0684661865234375
0.100204467773437 0.274932861328125 -0.0824661254882813 -0.0531692504882812
-0.00851440429687497 0.29754638671875 -0.0330162048339844 -0.0433273315429687
-0.218963623046875 0.265777587890625 0.0116090774536133 -0.0130910873413086
-0.2779541015625 0.22125244140625 0.0168380737304687 0.0821456909179688
-0.3653564453125 0.146759033203125 -0.0575714111328125 0.114974975585938
-0.22271728515625 0.123199462890625 -0.337799072265625 0.082855224609375
-0.167251586914062 0.15411376953125 -0.170791625976563 0.12908935546875
-0.114761352539063 0.188507080078125 -0.0550994873046875 0.0361289978027344
-0.024017333984375 0.188919067382813 -0.0550270080566406 -0.0378036499023437
0.026763916015625 0.188400268554688 -0.09576416015625 -0.085357666015625
0.128952026367188 0.15045166015625 -0.155975341796875 -0.102920532226563
0.171737670898437 0.100479125976562 -0.2265625 -0.065216064453125
0.158935546875 0.114654541015625 -0.22894287109375 -0.0573883056640625
0.177139282226563 0.11859130859375 -0.197296142578125 -0.073394775390625
0.113372802734375 0.15570068359375 -0.1427001953125 -0.11810302734375
0.0355682373046875 0.204147338867188 -0.0903167724609375 -0.092681884765625
-0.0467987060546875 0.194168090820313 -0.0400505065917969 -0.0542526245117187
-0.17340087890625 0.145492553710938 -0.0144920349121094 0.00577449798583985
-0.197006225585938 0.124114990234375 -0.057373046875 0.122306823730469
-0.256378173828125 0.0908660888671875 -0.181961059570313 0.145706176757813
-0.0674476623535156 0.0545501708984375 -0.406707763671875 0.127166748046875
-0.0500755310058594 0.0628852844238281 -0.2181396484375 0.1732177734375
-0.0365180969238281 0.0475006103515625 -0.0699501037597656 0.0611534118652344
-0.0236358642578125 0.0568084716796875 -0.066741943359375 -0.0197029113769531
-0.0106964111328125 0.0747833251953125 -0.0984420776367188 -0.090545654296875
0.0482940673828125 0.0797271728515625 -0.189498901367188 -0.112258911132812
0.0709304809570313 0.0597305297851563 -0.27880859375 -0.0697021484375001
0.0672798156738281 0.0630149841308594 -0.273712158203125 -0.0671844482421875
0.078369140625 0.0743408203125 -0.24298095703125 -0.101119995117187
0.0410308837890625 0.0875244140625 -0.15960693359375 -0.154953002929688
-0.009979248046875 0.09991455078125 -0.076416015625 -0.120079040527344
-0.0485687255859375 0.0677833557128906 -0.0353660583496094 -0.0598602294921875
-0.0783004760742188 0.029022216796875 -0.0362930297851563 0.0169830322265625
-0.0731887817382812 0.03546142578125 -0.117202758789063 0.135345458984375
-0.1065673828125 0.0375289916992187 -0.264541625976563 0.15631103515625
-0.0841522216796875 -0.00835418701171874 0.288421630859375 -0.1759033203125
-0.0719223022460937 0.0126190185546875 0.172042846679688 -0.152542114257813
-0.05633544921875 0.0599479675292969 0.0265464782714844 -0.0311355590820312
-0.0062408447265625 0.05938720703125 0.0146903991699219 0.0500907897949219
0.0289230346679688 0.0389137268066406 0.0324783325195313 0.139289855957031
0.0284595489501953 -0.00216102600097656 0.149459838867188 0.17425537109375
0.0300025939941406 -0.0122509002685547 0.271102905273438 0.113296508789062
0.0301933288574219 -0.00429916381835937 0.2784423828125 0.0729217529296875
0.0345840454101563 -0.0219936370849609 0.276412963867188 0.071380615234375
0.0459632873535156 -0.0101852416992188 0.20556640625 0.107192993164063
0.0628318786621094 0.0138969421386719 0.108184814453125 0.0704345703125
0.0484695434570313 0.0656013488769531 0.0744247436523438 0.0020294189453125
-0.016143798828125 0.0914993286132812 0.106697082519531 -0.0813140869140625
-0.0534133911132813 0.0745162963867187 0.225326538085938 -0.17919921875
-0.0563430786132813 0.0286407470703125 0.455047607421875 -0.1025390625
-0.240127563476563 0.042388916015625 0.265228271484375 -0.159027099609375
-0.202529907226563 0.0579681396484375 0.17718505859375 -0.13751220703125
-0.18243408203125 0.149765014648438 0.0316619873046875 -0.0380630493164062
-0.0667266845703125 0.172821044921875 0.0155124664306641 0.0336017608642578
0.0166778564453125 0.1644287109375 0.01422119140625 0.124320983886719
0.09033203125 0.0991058349609375 0.133407592773438 0.160125732421875
0.130149841308594 0.049896240234375 0.242843627929688 0.1016845703125
0.128471374511719 0.0575103759765625 0.240203857421875 0.0628204345703125
0.147552490234375 0.02655029296875 0.247451782226563 0.06201171875
0.131744384765625 0.05426025390625 0.178909301757813 0.0895233154296875
0.122322082519531 0.110694885253906 0.0804519653320313 0.0593643188476563
0.0733184814453125 0.178176879882813 0.06036376953125 -0.0103912353515625
-0.0758209228515625 0.21429443359375 0.101646423339844 -0.0921478271484375
-0.149490356445312 0.186630249023438 0.224365234375 -0.170700073242188
-0.20556640625 0.1083984375 0.425811767578125 -0.092987060546875
-0.36505126953125 0.0900573730468751 0.18707275390625 -0.133270263671875
-0.308807373046875 0.11016845703125 0.144729614257812 -0.109390258789063
-0.279129028320313 0.237258911132812 0.0296859741210937 -0.037811279296875
-0.109527587890625 0.276763916015625 0.0180912017822266 0.0112361907958985
0.0098114013671875 0.274093627929688 -0.000808715820312503 0.0870437622070313
0.144271850585938 0.18756103515625 0.0999374389648438 0.114715576171875
0.211563110351563 0.103897094726562 0.177825927734375 0.0721588134765625
0.206878662109375 0.110885620117188 0.164962768554688 0.0425872802734375
0.238510131835938 0.070587158203125 0.182815551757813 0.045135498046875
0.200897216796875 0.112548828125 0.127433776855469 0.063018798828125
0.16827392578125 0.197174072265625 0.0427474975585938 0.0434608459472656
0.0901336669921875 0.27410888671875 0.0396919250488281 -0.0193023681640625
-0.12860107421875 0.31304931640625 0.0871505737304687 -0.0883255004882812
-0.227691650390625 0.273727416992187 0.201126098632812 -0.131484985351562
-0.326019287109375 0.1710205078125 0.3475341796875 -0.05584716796875
-0.4329833984375 0.136383056640625 0.0639419555664062 -0.0951995849609375
-0.366546630859375 0.1700439453125 0.0787277221679687 -0.064208984375
-0.315338134765625 0.31640625 0.0183677673339844 -0.0280513763427734
-0.11383056640625 0.351409912109375 0.0141019821166992 -0.0141258239746094
0.02288818359375 0.344024658203125 -0.0199546813964844 0.0349063873291016
0.186416625976563 0.241867065429688 0.0468559265136719 0.04949951171875
0.264724731445313 0.138412475585938 0.0822601318359375 0.0294113159179688
0.254486083984375 0.14837646484375 0.0643844604492188 0.0174903869628906
0.2933349609375 0.109527587890625 0.090362548828125 0.0240859985351563
0.237716674804688 0.161468505859375 0.0543670654296875 0.0279350280761719
0.184738159179687 0.264877319335937 -0.00432205200195311 0.0208415985107422
0.083282470703125 0.33984375 0.0142021179199219 -0.0261402130126953
-0.176177978515625 0.367034912109375 0.0662918090820312 -0.0701789855957031
-0.2843017578125 0.31549072265625 0.156600952148437 -0.06549072265625
-0.40313720703125 0.200958251953125 0.23046875 0.000396728515625012
-0.430816650390625 0.164947509765625 -0.0839385986328125 -0.0410614013671875
-0.355804443359375 0.213165283203125 -0.00978565216064455 -0.00182819366455077
-0.284942626953125 0.348388671875 -0.00316524505615236 -0.00962066650390623
-0.083984375 0.36737060546875 -0.00247955322265625 -0.03619384765625
0.041595458984375 0.35284423828125 -0.0473403930664063 -0.0208740234375
0.205184936523438 0.25 -0.0244636535644531 -0.020263671875
0.278091430664063 0.147567749023438 -0.031280517578125 -0.0134391784667969
0.263992309570313 0.163619995117188 -0.0469932556152344 -0.00967788696289062
0.299591064453125 0.1353759765625 -0.0171213150024414 -0.00416374206542968
0.230789184570313 0.193695068359375 -0.0280227661132812 -0.0169811248779297
0.15948486328125 0.2977294921875 -0.0517463684082031 -0.0118865966796875
0.045013427734375 0.35369873046875 -0.0123825073242187 -0.0329914093017578
-0.216094970703125 0.35284423828125 0.04119873046875 -0.042022705078125
-0.30810546875 0.295745849609375 0.09326171875 0.0140838623046875
-0.42236328125 0.1912841796875 0.0873489379882812 0.0649261474609375
-0.356231689453125 0.163665771484375 -0.2276611328125 0.023590087890625
-0.281707763671875 0.2103271484375 -0.0988693237304688 0.0680389404296875
-0.2066650390625 0.3043212890625 -0.0303611755371094 0.0142707824707031
-0.045928955078125 0.307159423828125 -0.0297393798828125 -0.0451316833496094
0.046722412109375 0.294281005859375 -0.0772247314453125 -0.0644683837890625
0.185287475585938 0.214736938476563 -0.0992889404296875 -0.0747604370117188
0.24603271484375 0.13299560546875 -0.142379760742187 -0.047027587890625
0.230026245117188 0.151626586914063 -0.152084350585937 -0.0355072021484375
0.259490966796875 0.140380859375 -0.120231628417969 -0.0384597778320313
0.184112548828125 0.19329833984375 -0.0998764038085937 -0.0690231323242188
0.101089477539062 0.276870727539062 -0.0839385986328125 -0.0522918701171875
-0.00863647460937503 0.30145263671875 -0.0324745178222656 -0.0432052612304687
-0.22100830078125 0.269821166992188 0.0130205154418945 -0.014470100402832
-0.280548095703125 0.22222900390625 0.017364501953125 0.0820541381835938
-0.372955322265625 0.149871826171875 -0.0594100952148438 0.116836547851563
-0.227783203125 0.124664306640625 -0.341522216796875 0.083831787109375
-0.17041015625 0.155731201171875 -0.172195434570313 0.130691528320313
-0.115158081054687 0.193435668945312 -0.0557594299316406 0.0393638610839844
-0.0240936279296875 0.191986083984375 -0.0541725158691406 -0.0374794006347656
0.028533935546875 0.192474365234375 -0.0963287353515625 -0.08697509765625
0.1302490234375 0.151901245117188 -0.159103393554688 -0.106552124023437
0.172500610351563 0.100128173828125 -0.230926513671875 -0.06549072265625
0.161758422851563 0.11614990234375 -0.23248291015625 -0.054840087890625
0.179122924804688 0.119857788085938 -0.201004028320313 -0.0738525390625
0.113265991210938 0.15679931640625 -0.146240234375 -0.11981201171875
0.036468505859375 0.205307006835938 -0.0913009643554687 -0.0923919677734375
-0.0478363037109375 0.196487426757813 -0.0393791198730469 -0.0539703369140625
-0.176025390625 0.14788818359375 -0.0132522583007813 0.00516414642333985
-0.198760986328125 0.12432861328125 -0.0571060180664063 0.12286376953125
-0.262054443359375 0.0931854248046875 -0.1845703125 0.148330688476562
-0.0698928833007813 0.0548095703125 -0.41119384765625 0.129364013671875
-0.0510520935058594 0.0643844604492188 -0.220077514648437 0.17645263671875
-0.0368919372558594 0.0490798950195312 -0.0709686279296875 0.0645294189453125
-0.0236358642578125 0.058074951171875 -0.0665931701660156 -0.0188941955566406
-0.009979248046875 0.0764389038085938 -0.0994720458984375 -0.092864990234375
0.048919677734375 0.0795440673828125 -0.192596435546875 -0.1151123046875
0.0717315673828125 0.05908203125 -0.282928466796875 -0.06927490234375
0.0684089660644531 0.0634422302246094 -0.276992797851563 -0.0653839111328125
0.0787811279296875 0.0749053955078125 -0.24688720703125 -0.101821899414062
0.0405349731445312 0.08758544921875 -0.162704467773438 -0.1571044921875
-0.00985717773437499 0.100395202636719 -0.0770950317382812 -0.120819091796875
-0.0493736267089844 0.0685005187988281 -0.034912109375 -0.0599174499511719
-0.0798873901367188 0.030120849609375 -0.0353240966796875 0.01751708984375
-0.074249267578125 0.035614013671875 -0.117515563964844 0.136116027832031
-0.109100341796875 0.0380935668945313 -0.268310546875 0.158355712890625
-0.087890625 -0.006744384765625 0.29998779296875 -0.185089111328125
-0.074951171875 0.0125885009765625 0.176681518554688 -0.160812377929688
-0.0586776733398438 0.0629081726074219 0.0275173187255859 -0.0325050354003906
-0.0064239501953125 0.0616722106933594 0.0142364501953125 0.0506782531738281
0.0299339294433594 0.0394287109375 0.0346832275390625 0.144851684570312
0.0280513763427734 -0.00258636474609375 0.155975341796875 0.181655883789062
0.0301170349121094 -0.011077880859375 0.28277587890625 0.114593505859375
0.0313091278076172 -0.00381278991699219 0.290130615234375 0.07275390625
0.0348529815673828 -0.0232315063476563 0.289154052734375 0.072052001953125
0.04693603515625 -0.0103912353515625 0.216049194335938 0.110809326171875
0.06439208984375 0.0140609741210938 0.112106323242187 0.0733795166015625
0.0508003234863281 0.0682258605957031 0.07769775390625 0.00142669677734375
-0.0157546997070312 0.094329833984375 0.110244750976562 -0.0855331420898437
-0.053802490234375 0.07684326171875 0.231857299804688 -0.188217163085938
-0.0586814880371094 0.0300941467285156 0.47283935546875 -0.110137939453125
-0.250091552734375 0.04693603515625 0.276443481445313 -0.168731689453125
-0.21099853515625 0.0606689453125 0.182464599609375 -0.145172119140625
-0.188766479492187 0.15765380859375 0.0329818725585937 -0.0388069152832031
-0.06915283203125 0.179931640625 0.01495361328125 0.03375244140625
0.018707275390625 0.170913696289063 0.0156326293945313 0.129547119140625
0.0928878784179688 0.101936340332031 0.139236450195313 0.165847778320313
0.13385009765625 0.05181884765625 0.252349853515625 0.103439331054688
0.1339111328125 0.0599365234375 0.2501220703125 0.0629730224609375
0.152297973632813 0.025787353515625 0.258514404296875 0.061614990234375
0.135543823242188 0.0558242797851563 0.18798828125 0.093109130859375
0.126571655273438 0.114143371582031 0.0842361450195313 0.0627975463867188
0.077728271484375 0.184600830078125 0.0634613037109375 -0.0118827819824219
-0.076873779296875 0.222946166992188 0.104568481445313 -0.0974349975585937
-0.152603149414063 0.192840576171875 0.230697631835938 -0.179244995117187
-0.214141845703125 0.114883422851563 0.442047119140625 -0.10015869140625
-0.3800048828125 0.097259521484375 0.1956787109375 -0.141159057617188
-0.322418212890625 0.1151123046875 0.149658203125 -0.1162109375
-0.28887939453125 0.25115966796875 0.0319862365722656 -0.0366172790527344
-0.113037109375 0.28790283203125 0.0184459686279297 0.0110855102539063
0.013916015625 0.285430908203125 0.000106811523437506 0.09130859375
0.1495361328125 0.19293212890625 0.104385375976563 0.118583679199219
0.217819213867188 0.106857299804688 0.18402099609375 0.0726318359375
0.21588134765625 0.114700317382812 0.171661376953125 0.0431976318359375
0.247589111328125 0.071044921875 0.191131591796875 0.0444488525390625
0.207626342773438 0.116134643554688 0.133148193359375 0.0654144287109375
0.175537109375 0.20281982421875 0.0448379516601563 0.0471649169921875
0.09503173828125 0.285430908203125 0.042083740234375 -0.0209770202636719
-0.130859375 0.3265380859375 0.0896987915039062 -0.0937652587890625
-0.234039306640625 0.283721923828125 0.206649780273437 -0.13909912109375
-0.34063720703125 0.18084716796875 0.3599853515625 -0.06048583984375
-0.450469970703125 0.146820068359375 0.0675582885742187 -0.100921630859375
-0.38165283203125 0.178314208984375 0.0805206298828125 -0.0695724487304687
-0.32513427734375 0.333526611328125 0.0200786590576172 -0.0258998870849609
-0.11614990234375 0.36578369140625 0.0153932571411133 -0.0152435302734375
0.02801513671875 0.359039306640625 -0.0197486877441406 0.0368690490722657
0.194259643554688 0.249664306640625 0.0483894348144531 0.0499420166015625
0.273193359375 0.141525268554688 0.0850601196289063 0.0293045043945313
0.267181396484375 0.153228759765625 0.0670585632324219 0.0191574096679688
0.304534912109375 0.11090087890625 0.0942001342773438 0.02301025390625
0.24627685546875 0.166427612304688 0.0563888549804688 0.0292739868164063
0.194137573242188 0.273574829101563 -0.00408363342285155 0.023855209350586
0.089630126953125 0.353515625 0.0160140991210938 -0.0276222229003906
-0.181060791015625 0.3836669921875 0.068359375 -0.0748977661132812
-0.292083740234375 0.32745361328125 0.161209106445312 -0.0704498291015625
-0.42095947265625 0.213409423828125 0.238571166992187 -0.000808715820312487
-0.4503173828125 0.176055908203125 -0.0866165161132813 -0.043121337890625
-0.371612548828125 0.224517822265625 -0.0101089477539063 -0.00364112854003905
-0.292877197265625 0.369232177734375 -0.00206899642944338 -0.00638866424560545
-0.0845947265625 0.38336181640625 -0.00229644775390625 -0.0373458862304687
0.048126220703125 0.367523193359375 -0.0491256713867188 -0.0213241577148437
0.214157104492188 0.258163452148438 -0.0267581939697265 -0.0224037170410156
0.287933349609375 0.150787353515625 -0.0336494445800781 -0.0142040252685547
0.277069091796875 0.168060302734375 -0.0495643615722656 -0.00727081298828123
0.312286376953125 0.1373291015625 -0.018533706665039 -0.00473594665527343
0.239547729492187 0.2003173828125 -0.0305061340332031 -0.0163326263427734
0.167877197265625 0.307220458984375 -0.053497314453125 -0.00939178466796874
0.049896240234375 0.368377685546875 -0.0119152069091797 -0.0347652435302734
-0.222412109375 0.369354248046875 0.0425834655761719 -0.0461006164550781
-0.316925048828125 0.307403564453125 0.0961990356445313 0.012176513671875
-0.440673828125 0.203704833984375 0.0900497436523437 0.06732177734375
-0.372406005859375 0.17364501953125 -0.235809326171875 0.0255584716796875
-0.2943115234375 0.22161865234375 -0.102340698242188 0.0709457397460938
-0.211700439453125 0.3212890625 -0.0302677154541016 0.0186443328857422
-0.04534912109375 0.31976318359375 -0.0296363830566406 -0.0461463928222656
0.053009033203125 0.3074951171875 -0.0802230834960937 -0.0660858154296875
0.19329833984375 0.221282958984375 -0.104881286621094 -0.0788421630859375
0.254714965820313 0.134536743164063 -0.150131225585938 -0.04693603515625
0.241668701171875 0.155929565429687 -0.158615112304687 -0.033355712890625
0.269271850585937 0.143447875976563 -0.126686096191406 -0.0391693115234375
0.191024780273437 0.199783325195312 -0.106269836425781 -0.0700759887695312
0.10791015625 0.285736083984375 -0.0871124267578125 -0.0521011352539062
-0.006561279296875 0.314239501953125 -0.0324211120605469 -0.0446357727050781
-0.228790283203125 0.283172607421875 0.013728141784668 -0.0166959762573242
-0.288787841796875 0.23114013671875 0.0182113647460937 0.0837020874023438
-0.389404296875 0.15911865234375 -0.0622024536132813 0.123100280761719
-0.238510131835937 0.131942749023437 -0.3541259765625 0.089813232421875
-0.177078247070312 0.163894653320313 -0.178695678710937 0.13714599609375
-0.117782592773438 0.203262329101563 -0.0561370849609375 0.0442695617675781
-0.0227508544921875 0.200042724609375 -0.0555648803710938 -0.0378608703613281
0.0320281982421875 0.201019287109375 -0.100555419921875 -0.0905380249023437
0.135986328125 0.1563720703125 -0.167526245117188 -0.111099243164062
0.179168701171875 0.101211547851562 -0.241607666015625 -0.06500244140625
0.169235229492188 0.118911743164063 -0.242584228515625 -0.0526885986328125
0.186492919921875 0.122573852539063 -0.211013793945312 -0.075103759765625
0.117477416992188 0.161666870117188 -0.154052734375 -0.123016357421875
0.0397186279296875 0.21234130859375 -0.0945205688476562 -0.0944061279296875
-0.0483551025390625 0.204696655273438 -0.0402412414550781 -0.0552215576171875
-0.182357788085938 0.156036376953125 -0.0130290985107422 0.00471115112304688
-0.205459594726563 0.12945556640625 -0.0587234497070312 0.127777099609375
-0.273422241210938 0.09979248046875 -0.19207763671875 0.156326293945313
-0.0741195678710937 0.057464599609375 -0.42657470703125 0.137451171875
-0.0526161193847656 0.0677261352539063 -0.226272583007812 0.185333251953125
-0.0370254516601563 0.0524063110351562 -0.0726547241210938 0.0694046020507813
-0.0232315063476562 0.0608673095703125 -0.068145751953125 -0.0179672241210938
-0.00927734375000001 0.0807266235351563 -0.104446411132813 -0.0963211059570312
0.05133056640625 0.0823135375976563 -0.202102661132813 -0.1202392578125
0.0744400024414063 0.059356689453125 -0.29534912109375 -0.06951904296875
0.0718765258789063 0.065521240234375 -0.28900146484375 -0.0638122558593749
0.0821609497070313 0.077423095703125 -0.259185791015625 -0.104385375976563
0.0417022705078125 0.0901870727539062 -0.171859741210937 -0.162445068359375
-0.00891876220703125 0.103515625 -0.0803680419921875 -0.125175476074219
-0.05072021484375 0.0719451904296875 -0.0360145568847656 -0.0612449645996094
-0.0835800170898438 0.0324859619140625 -0.0354042053222656 0.01824951171875
-0.0771484375 0.0371856689453125 -0.1201171875 0.14202880859375
-0.114585876464844 0.0407028198242187 -0.278091430664063 0.167510986328125
-0.0919876098632813 -0.00321197509765623 0.311065673828125 -0.2054443359375
-0.0793075561523438 0.0154037475585938 0.179367065429688 -0.175872802734375
-0.0603294372558594 0.0676956176757813 0.0276279449462891 -0.0346565246582031
-0.00574493408203125 0.0653877258300781 0.0157089233398437 0.0515289306640625
0.0329627990722656 0.0402641296386719 0.040374755859375 0.151168823242187
0.0279693603515625 -0.00382614135742188 0.170211791992188 0.187301635742188
0.0303802490234375 -0.0113315582275391 0.30059814453125 0.11004638671875
0.0329170227050781 -0.00392341613769531 0.308074951171875 0.06536865234375
0.0350379943847656 -0.0257072448730469 0.3082275390625 0.064605712890625
0.0489044189453125 -0.0120277404785156 0.23236083984375 0.110260009765625
0.0666084289550781 0.0129852294921875 0.119888305664062 0.0739822387695312
0.0560874938964844 0.0701866149902344 0.0819549560546875 -0.001922607421875
-0.0130538940429688 0.0990676879882813 0.11279296875 -0.0933609008789062
-0.0529937744140625 0.0814437866210938 0.235427856445313 -0.204437255859375
-0.0609245300292969 0.0338325500488281 0.49444580078125 -0.13226318359375
-0.261520385742188 0.058563232421875 0.287200927734375 -0.188079833984375
-0.220626831054688 0.069305419921875 0.185134887695312 -0.160324096679688
-0.193862915039063 0.172958374023438 0.0336685180664062 -0.0392189025878906
-0.0669097900390625 0.191665649414063 0.0162448883056641 0.0335845947265625
0.025848388671875 0.179290771484375 0.0209426879882812 0.135704040527344
0.0993576049804688 0.103958129882813 0.15179443359375 0.170333862304688
0.140403747558594 0.051361083984375 0.268875122070313 0.099365234375
0.14300537109375 0.0587921142578125 0.265716552734375 0.056884765625
0.159744262695313 0.021453857421875 0.275955200195313 0.0540313720703125
0.143630981445312 0.055267333984375 0.202255249023438 0.09234619140625
0.135566711425781 0.115432739257813 0.090911865234375 0.0649261474609375
0.087982177734375 0.192184448242188 0.0669288635253906 -0.0153961181640625
-0.0733642578125 0.23663330078125 0.106300354003906 -0.106468200683594
-0.153701782226563 0.205780029296875 0.23565673828125 -0.19586181640625
-0.222518920898437 0.128677368164063 0.459503173828125 -0.120574951171875
-0.397857666015625 0.116973876953125 0.202728271484375 -0.15740966796875
-0.336761474609375 0.13079833984375 0.1522216796875 -0.129348754882813
-0.294677734375 0.275848388671875 0.0339584350585937 -0.0367240905761719
-0.109527587890625 0.306396484375 0.0193710327148437 0.0102119445800781
0.02557373046875 0.3004150390625 0.00333404541015625 0.0959014892578125
0.16168212890625 0.198089599609375 0.112991333007813 0.120742797851563
0.230819702148437 0.10577392578125 0.195587158203125 0.0699005126953125
0.231796264648438 0.113494873046875 0.182235717773438 0.04083251953125
0.26116943359375 0.0648956298828125 0.203140258789063 0.0389862060546875
0.220245361328125 0.11541748046875 0.142486572265625 0.0652008056640625
0.1904296875 0.207290649414063 0.04931640625 0.0495758056640625
0.110443115234375 0.296295166015625 0.0444450378417969 -0.024139404296875
-0.127044677734375 0.348419189453125 0.090118408203125 -0.102653503417969
-0.23577880859375 0.303619384765625 0.210830688476563 -0.153900146484375
-0.355133056640625 0.203369140625 0.375457763671875 -0.0767822265625
-0.471221923828125 0.171173095703125 0.0689620971679687 -0.110740661621094
-0.39666748046875 0.199920654296875 0.0816268920898437 -0.07781982421875
-0.33026123046875 0.364776611328125 0.0226173400878906 -0.0246009826660156
-0.110260009765625 0.389129638671875 0.0154342651367187 -0.0172395706176758
0.043212890625 0.377593994140625 -0.0188674926757813 0.0399894714355469
0.210861206054687 0.256011962890625 0.0516014099121094 0.0495948791503906
0.28997802734375 0.139404296875 0.0892791748046875 0.0274581909179688
0.28680419921875 0.152008056640625 0.0717010498046875 0.0194168090820313
0.323486328125 0.104827880859375 0.0998764038085938 0.0192337036132813
0.261962890625 0.167861938476563 0.0597076416015625 0.0300445556640625
0.211639404296875 0.279876708984375 -0.00261497497558592 0.0273094177246094
0.10626220703125 0.369476318359375 0.0169048309326172 -0.030130386352539
-0.178070068359375 0.411163330078125 0.0678863525390625 -0.0828475952148437
-0.29559326171875 0.35137939453125 0.165512084960937 -0.080810546875
-0.43914794921875 0.2418212890625 0.249221801757812 -0.00933837890624998
-0.470367431640625 0.202545166015625 -0.0911636352539063 -0.044403076171875
-0.385101318359375 0.24896240234375 -0.0114898681640625 -0.0049304962158203
-0.294586181640625 0.400634765625 0.000697135925292951 -0.00279903411865232
-0.0758056640625 0.405548095703125 -0.00269699096679688 -0.0391082763671875
0.065643310546875 0.38671875 -0.052154541015625 -0.0200881958007812
0.232559204101563 0.26397705078125 -0.0304527282714844 -0.023773193359375
0.30517578125 0.148162841796875 -0.0374565124511719 -0.0130615234375
0.298248291015625 0.167022705078125 -0.0520362854003906 -0.00384902954101562
0.33251953125 0.132781982421875 -0.0207118988037109 -0.00508880615234374
0.256866455078125 0.202301025390625 -0.033304214477539 -0.015228271484375
0.186248779296875 0.3154296875 -0.0556068420410156 -0.00623703002929686
0.065521240234375 0.385986328125 -0.0125770568847656 -0.0364265441894531
-0.22216796875 0.397125244140625 0.0418548583984375 -0.0514907836914062
-0.3228759765625 0.33135986328125 0.10040283203125 0.00886535644531252
-0.4603271484375 0.2322998046875 0.0951766967773437 0.068023681640625
-0.38836669921875 0.197509765625 -0.246261596679688 0.0343017578125001
-0.303924560546875 0.243255615234375 -0.105262756347656 0.0768661499023438
-0.210235595703125 0.347564697265625 -0.0276756286621094 0.0234470367431641
-0.0367431640625 0.33746337890625 -0.0320358276367188 -0.046905517578125
0.068634033203125 0.322723388671875 -0.086456298828125 -0.066986083984375
0.209930419921875 0.2265625 -0.114959716796875 -0.0811843872070313
0.270187377929688 0.132461547851563 -0.16070556640625 -0.043548583984375
0.2606201171875 0.15570068359375 -0.167861938476562 -0.0262451171875
0.287750244140625 0.14093017578125 -0.136032104492187 -0.037017822265625
0.206298828125 0.203460693359375 -0.115226745605469 -0.0689239501953125
0.1229248046875 0.29583740234375 -0.0921707153320312 -0.04998779296875
0.00454711914062504 0.33111572265625 -0.0350151062011719 -0.0456581115722656
-0.23126220703125 0.30694580078125 0.0133705139160156 -0.0194263458251953
-0.29571533203125 0.2513427734375 0.0215530395507812 0.0868911743164063
-0.40692138671875 0.183624267578125 -0.0624618530273438 0.132675170898438
-0.248428344726563 0.147552490234375 -0.36883544921875 0.106231689453125
-0.181640625 0.179367065429688 -0.181915283203125 0.149337768554688
-0.115646362304688 0.219314575195313 -0.0551834106445313 0.0507926940917969
-0.0165252685546875 0.210220336914063 -0.0585212707519531 -0.0369338989257812
0.042236328125 0.211410522460938 -0.108787536621094 -0.0916519165039063
0.147506713867188 0.159942626953125 -0.181503295898438 -0.113357543945312
0.189498901367188 0.0993499755859375 -0.257705688476563 -0.0584869384765624
0.182342529296875 0.11968994140625 -0.256332397460938 -0.0444488525390625
0.200531005859375 0.12249755859375 -0.225906372070313 -0.0711669921875
0.127304077148438 0.1658935546875 -0.168624877929688 -0.123764038085937
0.04852294921875 0.220596313476563 -0.101959228515625 -0.0951766967773438
-0.0433349609375 0.217239379882813 -0.0432090759277344 -0.0566024780273437
-0.186676025390625 0.171188354492188 -0.0134105682373047 0.00383567810058595
-0.211318969726562 0.141677856445313 -0.0566864013671875 0.135025024414062
-0.286041259765625 0.11517333984375 -0.197616577148438 0.17236328125
-0.0776138305664063 0.0632705688476563 -0.443603515625 0.15948486328125
-0.0528793334960937 0.0733642578125 -0.230865478515625 0.202545166015625
-0.0367279052734375 0.0567398071289063 -0.0721588134765625 0.0771331787109375
-0.0210533142089844 0.0645828247070313 -0.07098388671875 -0.0157546997070313
-0.00593566894531249 0.0858993530273438 -0.113296508789063 -0.0987167358398437
0.0570449829101563 0.0849609375 -0.218353271484375 -0.12078857421875
0.0792083740234375 0.0589752197265625 -0.3138427734375 -0.06085205078125
0.077911376953125 0.0660247802734375 -0.304779052734375 -0.05517578125
0.0893325805664063 0.0786590576171875 -0.277191162109375 -0.0985107421875
0.0466842651367188 0.0930862426757813 -0.187759399414063 -0.165252685546875
-0.005401611328125 0.107925415039063 -0.087677001953125 -0.12847900390625
-0.0506973266601563 0.0772171020507812 -0.0390357971191406 -0.0625228881835937
-0.0869064331054688 0.0377120971679688 -0.0358848571777344 0.0194854736328125
-0.079925537109375 0.04156494140625 -0.121261596679687 0.153335571289063
-0.120506286621094 0.0479278564453125 -0.288665771484375 0.187530517578125
-0.095184326171875 0.00202178955078123 0.3125 -0.2330322265625
-0.0821762084960938 0.0198440551757813 0.17449951171875 -0.193191528320313
-0.0589599609375 0.0746307373046875 0.0267753601074219 -0.0373382568359375
-0.00261306762695312 0.0689315795898438 0.0182647705078125 0.0515327453613281
0.0364608764648438 0.0393905639648438 0.0500030517578125 0.154571533203125
0.0274200439453125 -0.00541496276855469 0.188079833984375 0.186065673828125
0.0306129455566406 -0.0118408203125 0.319091796875 0.096038818359375
0.0340995788574219 -0.00554847717285156 0.32330322265625 0.0482177734375
0.0339412689208984 -0.0288619995117188 0.326446533203125 0.04669189453125
0.0495414733886719 -0.0147666931152344 0.24993896484375 0.101821899414063
0.0694007873535156 0.0104942321777344 0.128585815429688 0.0717239379882812
0.0621185302734375 0.0697212219238281 0.0848617553710938 -0.00754547119140625
-0.00742340087890625 0.102561950683594 0.111503601074219 -0.103729248046875
-0.0494537353515625 0.086517333984375 0.232162475585938 -0.226028442382812
-0.0614242553710937 0.0389595031738281 0.504364013671875 -0.167724609375
-0.268692016601563 0.0768890380859376 0.288421630859375 -0.2142333984375
-0.226669311523438 0.0836029052734375 0.18231201171875 -0.1788330078125
-0.190826416015625 0.192764282226562 0.0341377258300781 -0.041168212890625
-0.059051513671875 0.203521728515625 0.0182113647460938 0.0332183837890625
0.0384368896484375 0.184768676757813 0.0292816162109375 0.139877319335938
0.107330322265625 0.10235595703125 0.167572021484375 0.16888427734375
0.147796630859375 0.0463409423828125 0.285064697265625 0.0867919921875
0.15325927734375 0.0540618896484375 0.27899169921875 0.043121337890625
0.1661376953125 0.0120391845703125 0.290618896484375 0.0380859375
0.1507568359375 0.049591064453125 0.216995239257813 0.08514404296875
0.146728515625 0.112594604492188 0.0986557006835938 0.0640029907226563
0.102706909179688 0.194869995117188 0.0687980651855469 -0.0208320617675781
-0.063629150390625 0.250015258789063 0.10333251953125 -0.117546081542969
-0.147308349609375 0.220840454101562 0.231613159179687 -0.216781616210937
-0.225387573242188 0.1478271484375 0.47003173828125 -0.153045654296875
-0.407745361328125 0.146270751953125 0.20196533203125 -0.178634643554687
-0.343841552734375 0.15496826171875 0.1490478515625 -0.145294189453125
-0.28900146484375 0.305023193359375 0.0358200073242187 -0.0375137329101562
-0.0963134765625 0.325225830078125 0.0208301544189453 0.00895881652832033
0.045928955078125 0.3115234375 0.00976562500000001 0.100212097167969
0.178375244140625 0.19708251953125 0.123908996582031 0.118629455566406
0.244430541992187 0.0977020263671875 0.206893920898438 0.060272216796875
0.248977661132812 0.105484008789062 0.19207763671875 0.031585693359375
0.274032592773438 0.0517120361328125 0.2135009765625 0.0263824462890625
0.234237670898438 0.108383178710938 0.153594970703125 0.0602874755859375
0.20892333984375 0.204788208007813 0.0544815063476563 0.0506782531738281
0.132598876953125 0.30242919921875 0.0451393127441406 -0.0287094116210937
-0.1129150390625 0.37060546875 0.0867462158203125 -0.112686157226562
-0.2279052734375 0.327362060546875 0.208236694335937 -0.17242431640625
-0.358856201171875 0.233856201171875 0.384796142578125 -0.102691650390625
-0.482330322265625 0.207855224609375 0.0656814575195312 -0.122322082519531
-0.40362548828125 0.231201171875 0.078643798828125 -0.0881118774414062
-0.31982421875 0.40155029296875 0.0263099670410156 -0.0238075256347656
-0.09130859375 0.411224365234375 0.0159244537353516 -0.0187911987304687
0.070526123046875 0.390411376953125 -0.0169181823730469 0.0429763793945313
0.233123779296875 0.254058837890625 0.0557136535644531 0.0475387573242188
0.30780029296875 0.129180908203125 0.0934295654296875 0.0233612060546875
0.3092041015625 0.14190673828125 0.0761795043945313 0.0168685913085938
0.34124755859375 0.08819580078125 0.104507446289063 0.0132675170898438
0.281097412109375 0.159713745117188 0.0640983581542969 0.0283050537109375
0.235687255859375 0.277816772460938 -0.000171661376953113 0.0304355621337891
0.133941650390625 0.377685546875 0.0159549713134766 -0.0329723358154297
-0.161834716796875 0.439971923828125 0.0638351440429687 -0.0908279418945312
-0.28814697265625 0.38079833984375 0.165267944335937 -0.09356689453125
-0.444793701171875 0.280242919921875 0.257110595703125 -0.0240478515625
-0.4794921875 0.24078369140625 -0.0970535278320313 -0.0428314208984375
-0.387542724609375 0.28204345703125 -0.0132436752319336 -0.00631904602050779
-0.28179931640625 0.43743896484375 0.00522851943969725 -0.000349044799804661
-0.054443359375 0.426666259765625 -0.00442886352539063 -0.0404052734375
0.09405517578125 0.398895263671875 -0.0547714233398437 -0.0173301696777344
0.256561279296875 0.26123046875 -0.034942626953125 -0.0246105194091797
0.324737548828125 0.1363525390625 -0.0409774780273437 -0.0111312866210937
0.32098388671875 0.156494140625 -0.0536918640136719 0.00104141235351564
0.352996826171875 0.1171875 -0.0230674743652344 -0.00417327880859374
0.276504516601563 0.1961669921875 -0.0368461608886719 -0.0132980346679687
0.212249755859375 0.316314697265625 -0.0567703247070312 -0.00169372558593747
0.09234619140625 0.39794921875 -0.0145225524902344 -0.0376205444335937
-0.207733154296875 0.42828369140625 0.0385475158691406 -0.0565872192382812
-0.316741943359375 0.3614501953125 0.103317260742188 0.00263977050781252
-0.46710205078125 0.271484375 0.101799011230469 0.0664825439453125
-0.39471435546875 0.23028564453125 -0.253402709960938 0.0483093261718751
-0.302459716796875 0.27227783203125 -0.105903625488281 0.0848388671875
-0.196685791015625 0.375213623046875 -0.0235424041748047 0.0279483795166016
-0.017486572265625 0.353240966796875 -0.0348854064941406 -0.0465431213378906
0.09271240234375 0.331787109375 -0.0933837890625 -0.0640792846679688
0.2315673828125 0.223480224609375 -0.126823425292969 -0.0790481567382813
0.286712646484375 0.121063232421875 -0.170639038085938 -0.034515380859375
0.28131103515625 0.14630126953125 -0.174819946289062 -0.01531982421875
0.307464599609375 0.128082275390625 -0.145889282226562 -0.02862548828125
0.224411010742188 0.200729370117188 -0.125526428222656 -0.0641937255859375
0.14422607421875 0.298858642578125 -0.0975799560546875 -0.0459365844726562
0.025360107421875 0.344146728515625 -0.038177490234375 -0.0458946228027343
-0.223419189453125 0.334686279296875 0.0112342834472656 -0.0221385955810547
-0.2933349609375 0.2763671875 0.0270004272460937 0.0886611938476563
-0.41473388671875 0.21844482421875 -0.058074951171875 0.143661499023438
-0.252532958984375 0.169921875 -0.376312255859375 0.13177490234375
-0.178695678710938 0.197189331054688 -0.179885864257813 0.165725708007812
-0.10711669921875 0.23590087890625 -0.0508613586425781 0.0573387145996094
-0.00444030761718748 0.219161987304688 -0.0617256164550781 -0.0344429016113281
0.0584259033203125 0.217758178710938 -0.118217468261719 -0.0888748168945312
0.162811279296875 0.158157348632813 -0.197479248046875 -0.108489990234375
0.201812744140625 0.0918426513671875 -0.272171020507813 -0.04437255859375
0.19720458984375 0.113235473632813 -0.267837524414063 -0.0284423828125
0.216049194335938 0.115142822265625 -0.240798950195313 -0.0579376220703125
0.140945434570313 0.165512084960938 -0.183853149414062 -0.118179321289063
0.0628814697265625 0.22528076171875 -0.110588073730469 -0.0929489135742187
-0.0323333740234375 0.228973388671875 -0.0473060607910156 -0.0560722351074218
-0.185028076171875 0.190460205078125 -0.0144681930541992 0.00431251525878908
-0.211898803710938 0.158355712890625 -0.051055908203125 0.144180297851563
-0.2928466796875 0.139068603515625 -0.19573974609375 0.193130493164063
-0.0784530639648438 0.0706939697265625 -0.450347900390625 0.192169189453125
-0.049713134765625 0.079345703125 -0.227859497070313 0.224334716796875
-0.0341453552246094 0.0614013671875 -0.0682830810546875 0.08489990234375
-0.0171966552734375 0.0683135986328125 -0.0728073120117188 -0.0114593505859375
-0.000465393066406246 0.09027099609375 -0.122947692871094 -0.095977783203125
0.0644912719726563 0.0848617553710938 -0.23626708984375 -0.114212036132813
0.0853195190429687 0.055694580078125 -0.330047607421875 -0.0437011718750001
0.085357666015625 0.0638427734375 -0.3194580078125 -0.03680419921875
0.0984115600585938 0.0769500732421875 -0.29656982421875 -0.0839538574218749
0.0528335571289063 0.0938491821289062 -0.206573486328125 -0.160202026367188
0.000434875488281245 0.111236572265625 -0.0979843139648438 -0.129913330078125
-0.0477752685546875 0.0835494995117188 -0.0436172485351562 -0.0624847412109375
-0.0885848999023438 0.0455551147460938 -0.0356559753417969 0.0220870971679688
-0.0808792114257813 0.0481109619140625 -0.115875244140625 0.166213989257813
-0.123443603515625 0.0577163696289063 -0.288818359375 0.212890625
-0.0956802368164063 0.00802612304687501 0.3017578125 -0.25677490234375
-0.0827178955078125 0.0246124267578125 0.163421630859375 -0.206375122070313
-0.05517578125 0.0798721313476563 0.0254096984863281 -0.0381889343261719
0.00202178955078125 0.070587158203125 0.02056884765625 0.050262451171875
0.0392723083496094 0.0364799499511719 0.0594940185546875 0.152633666992188
0.0260734558105469 -0.00688743591308594 0.202545166015625 0.178390502929688
0.0301265716552734 -0.0127124786376953 0.32916259765625 0.075408935546875
0.0345706939697266 -0.0073394775390625 0.330047607421875 0.0267333984375
0.0309047698974609 -0.0308361053466797 0.33380126953125 0.022796630859375
0.0484695434570313 -0.0176162719726563 0.261871337890625 0.08648681640625
0.0702438354492188 0.0067901611328125 0.134849548339844 0.0659103393554687
0.0672225952148438 0.0671501159667969 0.0852737426757813 -0.0138778686523437
-0.00223541259765625 0.103485107421875 0.106521606445313 -0.112258911132812
-0.04412841796875 0.08953857421875 0.218536376953125 -0.24249267578125
-0.06005859375 0.0437774658203125 0.497344970703125 -0.20355224609375
-0.266403198242188 0.0955352783203124 0.278060913085938 -0.2366943359375
-0.225509643554687 0.0983123779296875 0.171295166015625 -0.192718505859375
-0.180648803710938 0.208724975585938 0.03460693359375 -0.0421028137207031
-0.0472259521484375 0.21002197265625 0.0198402404785156 0.0319976806640625
0.0517120361328125 0.183380126953125 0.0380401611328125 0.1400146484375
0.113906860351563 0.0973281860351563 0.180328369140625 0.1607666015625
0.1512451171875 0.039093017578125 0.293701171875 0.068603515625
0.159194946289063 0.0455474853515625 0.285186767578125 0.024871826171875
0.167190551757813 0.0019378662109375 0.29693603515625 0.01702880859375
0.1551513671875 0.0412750244140625 0.227020263671875 0.072509765625
0.154739379882813 0.104873657226562 0.104209899902344 0.0601425170898438
0.116729736328125 0.190963745117188 0.0682868957519531 -0.0262794494628906
-0.0493621826171875 0.257110595703125 0.0959091186523438 -0.125045776367187
-0.135406494140625 0.230743408203125 0.218368530273438 -0.233795166015625
-0.219985961914062 0.165618896484375 0.463409423828125 -0.186126708984375
-0.40264892578125 0.17559814453125 0.19317626953125 -0.196456909179688
-0.339447021484375 0.1781005859375 0.139938354492187 -0.15802001953125
-0.271392822265625 0.330108642578125 0.037994384765625 -0.038299560546875
-0.077056884765625 0.3358154296875 0.021270751953125 0.00680351257324221
0.067962646484375 0.311004638671875 0.0157089233398438 0.100791931152344
0.191299438476563 0.187850952148438 0.132560729980469 0.112098693847656
0.2525634765625 0.084747314453125 0.21282958984375 0.0467529296875
0.26007080078125 0.091644287109375 0.197402954101563 0.0194854736328125
0.279190063476563 0.0340576171875 0.21783447265625 0.01104736328125
0.242782592773438 0.0959625244140625 0.160308837890625 0.051513671875
0.223220825195313 0.193527221679688 0.0594749450683594 0.0495948791503906
0.154541015625 0.297576904296875 0.0435295104980469 -0.0326805114746094
-0.091278076171875 0.383270263671875 0.0784149169921875 -0.118988037109375
-0.21002197265625 0.342620849609375 0.197555541992187 -0.186935424804687
-0.350250244140625 0.262115478515625 0.37994384765625 -0.12841796875
-0.47418212890625 0.244598388671875 0.0582122802734375 -0.130867004394531
-0.394683837890625 0.2589111328125 0.0718231201171875 -0.0964279174804687
-0.29656982421875 0.42913818359375 0.0298004150390625 -0.0242042541503906
-0.066436767578125 0.4219970703125 0.0147418975830078 -0.0201377868652344
0.09893798828125 0.391387939453125 -0.0137290954589844 0.0447769165039063
0.251815795898438 0.242095947265625 0.0573883056640625 0.0440444946289063
0.318695068359375 0.112030029296875 0.0956344604492188 0.0174102783203125
0.32379150390625 0.12420654296875 0.0790939331054688 0.01287841796875
0.349945068359375 0.066192626953125 0.105209350585938 0.0059967041015625
0.293243408203125 0.145050048828125 0.0670509338378906 0.0252647399902344
0.256362915039063 0.266098022460938 0.00316238403320314 0.0320758819580078
0.160552978515625 0.373077392578125 0.0139503479003906 -0.0354347229003906
-0.135986328125 0.457183837890625 0.0567779541015625 -0.0949783325195312
-0.26763916015625 0.401123046875 0.159927368164062 -0.105255126953125
-0.43255615234375 0.31549072265625 0.25628662109375 -0.04058837890625
-0.470611572265625 0.278350830078125 -0.101463317871094 -0.0391998291015625
-0.3751220703125 0.3109130859375 -0.0156211853027344 -0.00749206542968748
-0.2540283203125 0.46160888671875 0.0102424621582031 0.000551223754882841
-0.027496337890625 0.43450927734375 -0.0064544677734375 -0.0409202575683593
0.1236572265625 0.39794921875 -0.0557746887207031 -0.0131568908691406
0.276229858398438 0.24798583984375 -0.0393753051757812 -0.0239295959472656
0.335540771484375 0.11767578125 -0.0430870056152343 -0.00814437866210937
0.336639404296875 0.137725830078125 -0.052825927734375 0.00545120239257813
0.3643798828125 0.094085693359375 -0.0249214172363281 -0.00211906433105468
0.29144287109375 0.182342529296875 -0.0382156372070312 -0.00952529907226562
0.23345947265625 0.3057861328125 -0.0562705993652344 0.00302124023437501
0.11993408203125 0.395782470703125 -0.0169563293457031 -0.0373382568359375
-0.183258056640625 0.449188232421875 0.0330963134765625 -0.0592727661132812
-0.29730224609375 0.383819580078125 0.10382080078125 -0.00353240966796873
-0.45745849609375 0.3089599609375 0.105850219726562 0.0616073608398438
-0.386016845703125 0.261505126953125 -0.253189086914062 0.064361572265625
-0.289459228515625 0.294525146484375 -0.102462768554688 0.0912017822265625
-0.173675537109375 0.39434814453125 -0.0175628662109375 0.0304183959960938
0.00460815429687498 0.358184814453125 -0.0368309020996094 -0.0446586608886719
0.1180419921875 0.329986572265625 -0.0981674194335937 -0.0587387084960937
0.248291015625 0.210983276367187 -0.136123657226562 -0.0729141235351563
0.296661376953125 0.10479736328125 -0.17657470703125 -0.022735595703125
0.295379638671875 0.130126953125 -0.176422119140625 -0.00196838378906247
0.31964111328125 0.10882568359375 -0.150039672851562 -0.017608642578125
0.238601684570312 0.189788818359375 -0.132514953613281 -0.0556640625
0.1640625 0.2928466796875 -0.100639343261719 -0.0395965576171875
0.04852294921875 0.346160888671875 -0.041351318359375 -0.0441780090332031
-0.20477294921875 0.355224609375 0.00803756713867186 -0.0227737426757812
-0.27880859375 0.29681396484375 0.0330123901367187 0.0881118774414063
-0.407470703125 0.250152587890625 -0.0498809814453125 0.150344848632813
-0.245635986328125 0.1898193359375 -0.371673583984375 0.156768798828125
-0.16802978515625 0.21148681640625 -0.171783447265625 0.17755126953125
-0.091522216796875 0.246246337890625 -0.0450363159179687 0.0608940124511719
0.00990295410156252 0.222366333007813 -0.0627174377441406 -0.0310401916503906
0.074188232421875 0.216827392578125 -0.124542236328125 -0.0817108154296875
0.175033569335938 0.149688720703125 -0.20928955078125 -0.0983428955078125
0.208877563476563 0.0800933837890625 -0.279067993164063 -0.0258941650390625
0.208175659179687 0.101730346679687 -0.271286010742188 -0.00978088378906252
0.226577758789063 0.101898193359375 -0.2484130859375 -0.0406646728515625
0.152450561523438 0.159423828125 -0.195541381835938 -0.106597900390625
0.0772705078125 0.222640991210938 -0.116767883300781 -0.0869903564453125
-0.0171966552734375 0.233139038085937 -0.0506057739257812 -0.0536270141601562
-0.174880981445312 0.20697021484375 -0.0152769088745117 0.00524330139160157
-0.204254150390625 0.172607421875 -0.0415802001953125 0.148574829101563
-0.288848876953125 0.16070556640625 -0.185333251953125 0.209426879882813
-0.0761871337890625 0.0778656005859375 -0.441619873046875 0.22357177734375
-0.0446243286132812 0.0838241577148438 -0.215164184570313 0.240707397460937
-0.0307159423828125 0.0639419555664062 -0.0617752075195313 0.0897369384765625
-0.0124168395996094 0.0694999694824219 -0.0728302001953125 -0.00652313232421876
0.00617218017578125 0.091583251953125 -0.130424499511719 -0.0888519287109375
0.0714340209960938 0.0818939208984375 -0.247955322265625 -0.102203369140625
0.0889205932617187 0.0510025024414062 -0.337554931640625 -0.0213928222656249
0.0904464721679688 0.0593490600585937 -0.324462890625 -0.0156555175781251
0.105766296386719 0.0710830688476563 -0.3055419921875 -0.062744140625
0.05938720703125 0.0918197631835938 -0.22149658203125 -0.14874267578125
0.00698852539062499 0.111526489257813 -0.106292724609375 -0.125663757324219
-0.0427322387695312 0.0876312255859375 -0.0472373962402344 -0.0602035522460937
-0.0861968994140625 0.05340576171875 -0.0348243713378906 0.0242633819580078
-0.0790863037109375 0.0531158447265625 -0.105682373046875 0.175689697265625
-0.121894836425781 0.0671463012695312 -0.277801513671875 0.23504638671875
-0.0947952270507813 0.0122299194335937 0.28936767578125 -0.269744873046875
-0.0820846557617188 0.0282669067382812 0.152923583984375 -0.212570190429688
-0.051177978515625 0.082763671875 0.0248985290527344 -0.0381698608398437
0.00491333007812501 0.070709228515625 0.0216140747070313 0.0481796264648438
0.0405845642089844 0.0334281921386719 0.065093994140625 0.149505615234375
0.0241527557373047 -0.00738334655761719 0.210403442382813 0.170394897460938
0.0289497375488281 -0.0125312805175781 0.331207275390625 0.059783935546875
0.0344924926757813 -0.00854301452636719 0.329620361328125 0.01104736328125
0.0283699035644531 -0.0316066741943359 0.3331298828125 0.00555419921875
0.0474052429199219 -0.0190505981445313 0.267166137695313 0.07440185546875
0.0697746276855469 0.004608154296875 0.137161254882813 0.0615234375
0.0701675415039063 0.0641136169433594 0.083526611328125 -0.0177841186523437
0.0014190673828125 0.102653503417969 0.101104736328125 -0.116928100585938
-0.040069580078125 0.0898895263671875 0.205947875976563 -0.249740600585938
-0.0580177307128906 0.0465087890625 0.484039306640625 -0.224609375
-0.261077880859375 0.107147216796875 0.2659912109375 -0.250228881835938
-0.2220458984375 0.106552124023437 0.161041259765625 -0.199569702148437
-0.16949462890625 0.216842651367188 0.0357322692871094 -0.0425834655761719
-0.0382537841796875 0.212127685546875 0.0203418731689453 0.0298633575439453
0.059967041015625 0.179794311523437 0.0433349609375 0.13720703125
0.115638732910156 0.0920791625976563 0.1864013671875 0.153182983398438
0.152053833007812 0.0336151123046875 0.296112060546875 0.054290771484375
0.161590576171875 0.03863525390625 0.28509521484375 0.01123046875
0.16522216796875 -0.0052947998046875 0.29608154296875 0.001373291015625
0.1556396484375 0.0357513427734375 0.231353759765625 0.0619049072265625
0.15850830078125 0.0986328125 0.107002258300781 0.057220458984375
0.124679565429688 0.185379028320313 0.0664176940917969 -0.0297622680664062
-0.039215087890625 0.258407592773438 0.0904769897460938 -0.12811279296875
-0.1253662109375 0.233673095703125 0.2061767578125 -0.241500854492188
-0.212005615234375 0.176040649414062 0.451202392578125 -0.205902099609375
-0.392608642578125 0.192779541015625 0.182525634765625 -0.205764770507812
-0.332244873046875 0.19122314453125 0.130081176757812 -0.163803100585938
-0.25439453125 0.341796875 0.040191650390625 -0.0393524169921875
-0.06207275390625 0.3377685546875 0.0214290618896484 0.00514793395996096
0.083221435546875 0.306396484375 0.0199737548828125 0.099945068359375
0.197433471679688 0.179244995117188 0.136039733886719 0.105728149414063
0.25457763671875 0.0745697021484375 0.213760375976563 0.0359039306640625
0.26513671875 0.0795135498046875 0.197586059570313 0.00990295410156251
0.27825927734375 0.0213470458984375 0.216293334960938 -0.000305175781249999
0.245223999023438 0.0865631103515625 0.1632080078125 0.04443359375
0.22991943359375 0.183517456054688 0.0623741149902344 0.0482711791992188
0.1671142578125 0.2901611328125 0.0421791076660156 -0.0352058410644531
-0.075531005859375 0.387481689453125 0.071807861328125 -0.120613098144531
-0.19549560546875 0.3487548828125 0.187301635742188 -0.1944580078125
-0.337982177734375 0.279327392578125 0.370819091796875 -0.144073486328125
-0.4622802734375 0.265716552734375 0.0512008666992187 -0.134712219238281
-0.383392333984375 0.27490234375 0.0651473999023437 -0.100044250488281
-0.272857666015625 0.441986083984375 0.0335655212402344 -0.0249996185302734
-0.046966552734375 0.42327880859375 0.0143566131591797 -0.0214462280273437
0.11724853515625 0.38458251953125 -0.0116844177246094 0.0459976196289063
0.260223388671875 0.229843139648437 0.0571823120117188 0.0410919189453125
0.321014404296875 0.097808837890625 0.0948333740234375 0.0122909545898438
0.329925537109375 0.1090087890625 0.0800857543945313 0.00912475585937501
0.350555419921875 0.04986572265625 0.104705810546875 0.000877380371093753
0.29754638671875 0.133056640625 0.0686073303222656 0.023040771484375
0.265838623046875 0.253555297851563 0.00584793090820314 0.0332965850830078
0.177215576171875 0.364349365234375 0.0123443603515625 -0.0362014770507812
-0.11627197265625 0.463836669921875 0.05133056640625 -0.095245361328125
-0.249176025390625 0.409149169921875 0.153121948242187 -0.110809326171875
-0.41986083984375 0.336578369140625 0.251861572265625 -0.0496826171875
-0.45623779296875 0.299774169921875 -0.10369873046875 -0.0363845825195312
-0.362213134765625 0.325592041015625 -0.0183448791503906 -0.00794792175292967
-0.229522705078125 0.473052978515625 0.0149450302124023 -0.000573158264160127
-0.00762939453125002 0.43463134765625 -0.00722503662109375 -0.0407180786132812
0.143280029296875 0.389984130859375 -0.055419921875 -0.01055908203125
0.284637451171875 0.23492431640625 -0.0429573059082031 -0.0227508544921875
0.338653564453125 0.103057861328125 -0.0443305969238281 -0.005462646484375
0.344390869140625 0.12176513671875 -0.0513191223144531 0.00843429565429689
0.36627197265625 0.0762939453125 -0.0252799987792969 4.95910644531273E-05
0.297119140625 0.169525146484375 -0.0387840270996094 -0.00664901733398436
0.245330810546875 0.29376220703125 -0.0546531677246094 0.00682830810546876
0.13800048828125 0.38861083984375 -0.0185012817382812 -0.0371055603027344
-0.16241455078125 0.458740234375 0.029205322265625 -0.0585670471191406
-0.280731201171875 0.394134521484375 0.1024169921875 -0.00803375244140623
-0.44415283203125 0.331085205078125 0.107078552246094 0.0580520629882813
-0.373260498046875 0.278961181640625 -0.249725341796875 0.0738983154296875
-0.276275634765625 0.306396484375 -0.09912109375 0.0941238403320313
-0.15380859375 0.40155029296875 -0.0122432708740234 0.0304679870605469
0.02081298828125 0.35662841796875 -0.0372886657714844 -0.04278564453125
0.13385009765625 0.323333740234375 -0.0992202758789062 -0.0533828735351562
0.256271362304688 0.199264526367188 -0.142059326171875 -0.06781005859375
0.299224853515625 0.09161376953125 -0.177474975585937 -0.0132293701171875
0.30194091796875 0.11669921875 -0.174270629882812 0.00691223144531249
0.322784423828125 0.093597412109375 -0.15032958984375 -0.008697509765625
0.244842529296875 0.179306030273438 -0.134971618652344 -0.0479965209960937
0.17578125 0.283660888671875 -0.100761413574219 -0.034759521484375
0.064117431640625 0.3419189453125 -0.0424041748046875 -0.0419921875
-0.187652587890625 0.365753173828125 0.00605773925781249 -0.0217247009277344
-0.266326904296875 0.306610107421875 0.0366363525390625 0.0862884521484375
-0.395111083984375 0.27032470703125 -0.043212890625 0.153350830078125
-0.237716674804687 0.201339721679688 -0.36273193359375 0.17236328125
-0.159194946289063 0.217788696289063 -0.16400146484375 0.183563232421875
-0.07989501953125 0.249557495117188 -0.0399322509765625 0.0618362426757813
0.019622802734375 0.219741821289062 -0.0621490478515625 -0.0278244018554687
0.0853271484375 0.213088989257813 -0.126998901367187 -0.0765914916992187
0.180831909179688 0.141021728515625 -0.215484619140625 -0.08941650390625
0.210342407226563 0.070587158203125 -0.280197143554688 -0.0116271972656249
0.212753295898437 0.09246826171875 -0.269134521484375 0.00399780273437502
0.229934692382813 0.090545654296875 -0.249008178710937 -0.0260162353515624
0.157424926757812 0.152664184570313 -0.20025634765625 -0.0957489013671875
0.0859527587890625 0.218490600585937 -0.119186401367187 -0.0819854736328125
-0.0064239501953125 0.232330322265625 -0.0523262023925781 -0.0512199401855469
-0.164337158203125 0.214797973632813 -0.0158014297485352 0.0066671371459961
-0.19671630859375 0.180007934570313 -0.0341949462890625 0.149627685546875
-0.282073974609375 0.175201416015625 -0.175567626953125 0.217727661132813
-0.073333740234375 0.0821075439453125 -0.42950439453125 0.24072265625
-0.0405349731445312 0.08489990234375 -0.203445434570312 0.2479248046875
-0.02740478515625 0.06475830078125 -0.0571136474609375 0.0909881591796875
-0.008880615234375 0.0694541931152344 -0.0712509155273438 -0.00305938720703124
0.0108871459960938 0.091827392578125 -0.133049011230469 -0.0830307006835937
0.0749053955078125 0.0779190063476563 -0.25347900390625 -0.091552734375
0.0903396606445313 0.0471420288085938 -0.33819580078125 -0.00418090820312498
0.0933761596679688 0.054931640625 -0.322540283203125 0.00143432617187504
0.109085083007813 0.065673828125 -0.306549072265625 -0.0458984375
0.0620803833007812 0.0893402099609375 -0.227951049804688 -0.136627197265625
0.0108718872070312 0.109954833984375 -0.110763549804687 -0.12127685546875
-0.03887939453125 0.0885086059570313 -0.0491752624511719 -0.0570411682128906
-0.083099365234375 0.0580291748046875 -0.0337276458740234 0.0260753631591797
-0.0765838623046875 0.056732177734375 -0.0962371826171875 0.17926025390625
-0.119674682617188 0.0732192993164063 -0.265914916992188 0.247726440429688
-0.0946121215820313 0.0143203735351562 0.284454345703125 -0.27685546875
-0.0822982788085938 0.0298233032226562 0.148956298828125 -0.215164184570313
-0.0492477416992188 0.0850143432617187 0.0258445739746094 -0.0385475158691406
0.00662994384765624 0.0710830688476563 0.0215530395507813 0.0469245910644531
0.0406990051269531 0.0312042236328125 0.066558837890625 0.148773193359375
0.0226478576660156 -0.00737380981445313 0.215774536132813 0.16748046875
0.0286293029785156 -0.0118675231933594 0.33349609375 0.051605224609375
0.0345802307128906 -0.00884628295898438 0.32952880859375 0.0028076171875
0.0264797210693359 -0.0309734344482422 0.334136962890625 -0.003875732421875
0.0465621948242188 -0.019866943359375 0.270843505859375 0.0682830810546875
0.0699577331542969 0.00372695922851563 0.138969421386719 0.0600051879882812
0.072052001953125 0.0629348754882813 0.0830841064453125 -0.0201263427734375
0.00302886962890625 0.102005004882812 0.0987319946289063 -0.119415283203125
-0.0381240844726563 0.0894241333007813 0.200164794921875 -0.253158569335938
-0.0570716857910156 0.0484428405761719 0.477996826171875 -0.23541259765625
-0.259231567382813 0.112411499023438 0.260589599609375 -0.257598876953125
-0.221725463867188 0.111129760742187 0.156036376953125 -0.203445434570313
-0.1639404296875 0.22210693359375 0.0380477905273437 -0.0433692932128906
-0.0330047607421875 0.213058471679687 0.0202178955078125 0.0288810729980469
0.0644073486328125 0.1771240234375 0.0449371337890625 0.137222290039063
0.115951538085937 0.090057373046875 0.190338134765625 0.15045166015625
0.152603149414063 0.032012939453125 0.297882080078125 0.045867919921875
0.163955688476563 0.0351104736328125 0.285888671875 0.0042724609375
0.164016723632813 -0.00848388671875 0.296630859375 -0.00701904296875
0.156219482421875 0.0328521728515625 0.235015869140625 0.0563507080078125
0.159698486328125 0.0960235595703125 0.109161376953125 0.0562896728515625
0.129043579101563 0.18316650390625 0.0660133361816406 -0.0317306518554687
-0.034454345703125 0.260940551757813 0.0878982543945313 -0.129486083984375
-0.121826171875 0.235366821289063 0.20013427734375 -0.244949340820312
-0.209823608398438 0.182144165039062 0.4447021484375 -0.2144775390625
-0.389068603515625 0.2022705078125 0.176895141601562 -0.212081909179687
-0.33013916015625 0.198455810546875 0.125244140625 -0.167526245117188
-0.244873046875 0.349365234375 0.0436058044433594 -0.0408782958984375
-0.05487060546875 0.34014892578125 0.0211887359619141 0.00392913818359377
0.09075927734375 0.30377197265625 0.021697998046875 0.100112915039063
0.199295043945313 0.175384521484375 0.137184143066406 0.103546142578125
0.255706787109375 0.0703887939453125 0.214828491210938 0.0299835205078125
0.269561767578125 0.0737762451171875 0.19818115234375 0.0048675537109375
0.278091430664063 0.0147705078125 0.216323852539063 -0.0056304931640625
0.246383666992187 0.0820465087890625 0.165512084960938 0.040679931640625
0.233978271484375 0.17889404296875 0.0650291442871094 0.0482368469238281
0.173919677734375 0.286956787109375 0.0416107177734375 -0.0368385314941406
-0.06756591796875 0.39105224609375 0.0693511962890625 -0.121101379394531
-0.18963623046875 0.351837158203125 0.182342529296875 -0.197677612304687
-0.334014892578125 0.289215087890625 0.365631103515625 -0.150970458984375
-0.456390380859375 0.277191162109375 0.0464553833007812 -0.13726806640625
-0.380279541015625 0.283447265625 0.060638427734375 -0.102188110351562
-0.261993408203125 0.45025634765625 0.0379142761230469 -0.0269508361816406
-0.037506103515625 0.42608642578125 0.0145549774169922 -0.0223884582519531
0.1279296875 0.38092041015625 -0.0107650756835937 0.0467910766601563
0.263641357421875 0.224655151367187 0.0560226440429688 0.0400238037109375
0.322784423828125 0.092742919921875 0.0946884155273438 0.00974273681640625
0.336151123046875 0.100799560546875 0.0810394287109375 0.00714111328125001
0.350738525390625 0.040985107421875 0.104530334472656 -0.00157928466796875
0.29998779296875 0.127532958984375 0.0696220397949219 0.0216445922851563
0.2711181640625 0.247817993164062 0.00776290893554689 0.0343837738037109
0.18597412109375 0.360565185546875 0.0125579833984375 -0.0373382568359375
-0.105682373046875 0.4703369140625 0.0492706298828125 -0.0948486328125
-0.242401123046875 0.41424560546875 0.150238037109375 -0.114212036132812
-0.413604736328125 0.349334716796875 0.249176025390625 -0.0545806884765625
-0.45098876953125 0.31109619140625 -0.105697631835938 -0.0352783203125
-0.357879638671875 0.334259033203125 -0.0207862854003906 -0.00778388977050779
-0.218780517578125 0.4803466796875 0.0194377899169922 -0.00248908996582028
0.00177001953124998 0.434722900390625 -0.00689697265625 -0.0406227111816406
0.15399169921875 0.386871337890625 -0.0550460815429687 -0.00881576538085935
0.289306640625 0.228424072265625 -0.0462188720703125 -0.0212135314941406
0.339996337890625 0.09661865234375 -0.0453338623046875 -0.00399017333984375
0.350006103515625 0.11346435546875 -0.0499763488769531 0.00995635986328127
0.36724853515625 0.06707763671875 -0.0255203247070312 0.00155258178710938
0.300750732421875 0.16387939453125 -0.0390548706054687 -0.00526046752929687
0.252044677734375 0.288787841796875 -0.0531806945800781 0.0083580017089844
0.147613525390625 0.38580322265625 -0.018585205078125 -0.0369834899902344
-0.15252685546875 0.465362548828125 0.0277023315429687 -0.0572357177734375
-0.273834228515625 0.39898681640625 0.102142333984375 -0.00943756103515623
-0.437774658203125 0.345611572265625 0.107391357421875 0.0575408935546875
-0.3677978515625 0.28936767578125 -0.248992919921875 0.0788116455078125
-0.2724609375 0.31341552734375 -0.0995941162109375 0.0959701538085938
-0.144500732421875 0.406494140625 -0.00840187072753907 0.0293426513671875
0.029327392578125 0.356353759765625 -0.0368690490722656 -0.0422172546386719
0.14300537109375 0.32086181640625 -0.0992584228515625 -0.0513916015625
0.26025390625 0.193771362304688 -0.14666748046875 -0.064361572265625
0.30035400390625 0.0860595703125 -0.178848266601562 -0.00741577148437501
0.3067626953125 0.1094970703125 -0.173187255859375 0.0113983154296875
0.324615478515625 0.0848388671875 -0.14996337890625 -0.00352478027343748
0.248916625976563 0.175247192382813 -0.136520385742187 -0.043792724609375
0.18115234375 0.279388427734375 -0.100822448730469 -0.0317153930664063
0.07232666015625 0.340545654296875 -0.0426979064941406 -0.0409202575683593
-0.178924560546875 0.372161865234375 0.00519561767578124 -0.0200729370117187
-0.26068115234375 0.311004638671875 0.0388870239257812 0.085662841796875
-0.39129638671875 0.282318115234375 -0.0405426025390625 0.156387329101563
-0.23406982421875 0.207855224609375 -0.35882568359375 0.17999267578125
-0.155548095703125 0.221588134765625 -0.161590576171875 0.187347412109375
-0.074798583984375 0.25140380859375 -0.0368194580078125 0.0615501403808594
0.0247955322265625 0.21942138671875 -0.061309814453125 -0.0262832641601562
0.0910186767578125 0.21185302734375 -0.127677917480469 -0.0737075805664063
0.183944702148438 0.137115478515625 -0.221298217773437 -0.0848541259765625
0.211700439453125 0.067169189453125 -0.28118896484375 -0.00335693359374998
0.216812133789063 0.0879669189453125 -0.267471313476563 0.0111541748046875
0.2333984375 0.0852203369140625 -0.248153686523437 -0.01849365234375
0.160675048828125 0.15087890625 -0.203826904296875 -0.0905914306640625
0.0893707275390625 0.215774536132813 -0.120445251464844 -0.0795059204101562
-0.00108337402343752 0.232498168945313 -0.0524826049804687 -0.0495262145996094
-0.159439086914063 0.220932006835938 -0.0153369903564453 0.00800991058349611
-0.1937255859375 0.183502197265625 -0.0298919677734375 0.150222778320313
-0.280014038085937 0.182952880859375 -0.169540405273438 0.223159790039063
-0.0721435546875 0.0843887329101563 -0.423370361328125 0.250030517578125
-0.0381698608398438 0.0860366821289063 -0.198959350585938 0.251953125
-0.025848388671875 0.0652389526367188 -0.0552520751953125 0.0917739868164063
-0.00718688964843751 0.0690040588378906 -0.0696182250976563 -0.00140762329101562
0.0144195556640625 0.0926666259765625 -0.134185791015625 -0.0816268920898437
0.0772552490234375 0.0760574340820313 -0.257888793945312 -0.0872344970703125
0.091339111328125 0.0451278686523437 -0.338897705078125 0.00534057617187493
0.0952911376953125 0.0536041259765625 -0.321746826171875 0.00854492187500004
0.111213684082031 0.0625534057617188 -0.306976318359375 -0.037078857421875
0.0642318725585938 0.0881805419921875 -0.232803344726563 -0.131393432617187
0.012481689453125 0.109580993652344 -0.113327026367188 -0.119705200195313
-0.0369338989257812 0.0891647338867188 -0.0491371154785156 -0.055908203125
-0.08099365234375 0.0609130859375 -0.0328407287597656 0.0276927947998047
-0.0758514404296875 0.0583038330078125 -0.09161376953125 0.181167602539063
-0.119384765625 0.0770416259765625 -0.25994873046875 0.254196166992188
-0.0965423583984375 0.0158233642578125 0.288543701171875 -0.287322998046875
-0.0839691162109375 0.0315322875976563 0.149398803710938 -0.222518920898438
-0.0482940673828125 0.087921142578125 0.0281906127929687 -0.0400619506835937
0.00778198242187499 0.07257080078125 0.0211524963378906 0.0465431213378906
0.0410003662109375 0.0301742553710937 0.0676422119140625 0.152008056640625
0.0213527679443359 -0.00704383850097656 0.223541259765625 0.169326782226563
0.0297470092773438 -0.0110931396484375 0.34185791015625 0.0462646484375
0.03533935546875 -0.00943374633789062 0.336181640625 -0.0028076171875
0.0259437561035156 -0.0312232971191406 0.340728759765625 -0.010650634765625
0.047149658203125 -0.0204315185546875 0.280014038085938 0.0653076171875
0.071502685546875 0.00327301025390625 0.143310546875 0.0616455078125
0.0743637084960938 0.064117431640625 0.08416748046875 -0.0226974487304687
0.002838134765625 0.103935241699219 0.0990142822265625 -0.123573303222656
-0.0380096435546875 0.090789794921875 0.200775146484375 -0.2593994140625
-0.0579910278320312 0.0505905151367188 0.483123779296875 -0.246368408203125
-0.263916015625 0.117813110351562 0.262939453125 -0.267364501953125
-0.226486206054688 0.117050170898437 0.156036376953125 -0.209869384765625
-0.163589477539062 0.229400634765625 0.0418319702148437 -0.0457572937011719
-0.0305023193359375 0.218307495117188 0.0205936431884766 0.0283737182617188
0.0672149658203125 0.178558349609375 0.0462417602539063 0.140182495117188
0.117744445800781 0.0910491943359375 0.196075439453125 0.152725219726563
0.155990600585937 0.032196044921875 0.304290771484375 0.041412353515625
0.169357299804687 0.033477783203125 0.291656494140625 -0.001007080078125
0.166305541992188 -0.009918212890625 0.30242919921875 -0.012237548828125
0.15911865234375 0.0322265625 0.242691040039063 0.0538482666015625
0.164230346679688 0.0967559814453125 0.11297607421875 0.058349609375
0.13427734375 0.185989379882813 0.066864013671875 -0.0343475341796875
-0.0334320068359375 0.26849365234375 0.087860107421875 -0.133125305175781
-0.12237548828125 0.240371704101563 0.20147705078125 -0.251953125
-0.212921142578125 0.190109252929688 0.451416015625 -0.223419189453125
-0.39630126953125 0.211517333984375 0.177291870117187 -0.219879150390625
-0.33758544921875 0.2069091796875 0.124420166015625 -0.172576904296875
-0.244659423828125 0.3602294921875 0.0485076904296875 -0.0437812805175781
-0.051025390625 0.347259521484375 0.0218982696533203 0.0026969909667969
0.096832275390625 0.307220458984375 0.0229110717773438 0.102897644042969
0.203842163085938 0.177047729492188 0.140670776367187 0.104782104492188
0.261550903320313 0.070098876953125 0.219207763671875 0.0261688232421875
0.277999877929688 0.0710906982421875 0.202285766601563 0.001007080078125
0.28326416015625 0.01226806640625 0.2205810546875 -0.010101318359375
0.251937866210938 0.081939697265625 0.1710205078125 0.0391998291015625
0.2410888671875 0.180511474609375 0.0680999755859375 0.0502090454101563
0.181549072265625 0.290618896484375 0.0427322387695313 -0.0392913818359375
-0.064239501953125 0.4029541015625 0.0705795288085938 -0.123283386230469
-0.19085693359375 0.3602294921875 0.183547973632812 -0.203460693359375
-0.33819580078125 0.302032470703125 0.37066650390625 -0.1571044921875
-0.463287353515625 0.2894287109375 0.0445098876953125 -0.142440795898437
-0.3873291015625 0.29522705078125 0.0589675903320312 -0.105110168457031
-0.259796142578125 0.465057373046875 0.0428428649902344 -0.0310173034667968
-0.032867431640625 0.43463134765625 0.0150871276855469 -0.02337646484375
0.137298583984375 0.386016845703125 -0.0101585388183594 0.0485305786132813
0.270339965820313 0.226837158203125 0.0561485290527344 0.0410232543945313
0.3302001953125 0.091339111328125 0.0959320068359375 0.00750732421875
0.34686279296875 0.09808349609375 0.0828475952148438 0.00514221191406251
0.358062744140625 0.037322998046875 0.106651306152344 -0.002899169921875
0.307830810546875 0.127655029296875 0.0722274780273438 0.0213394165039063
0.2796630859375 0.250518798828125 0.0103721618652344 0.0365562438964844
0.1942138671875 0.36578369140625 0.0127296447753906 -0.0391159057617187
-0.101348876953125 0.4837646484375 0.0499343872070312 -0.0954513549804687
-0.243927001953125 0.423980712890625 0.151382446289062 -0.117446899414062
-0.419647216796875 0.364959716796875 0.252593994140625 -0.0570831298828125
-0.456146240234375 0.324981689453125 -0.109710693359375 -0.0354995727539062
-0.36383056640625 0.347869873046875 -0.0233154296875 -0.00741195678710936
-0.21527099609375 0.493316650390625 0.0233039855957031 -0.00502204895019528
0.007965087890625 0.44378662109375 -0.00631332397460937 -0.0418472290039062
0.16436767578125 0.393280029296875 -0.0555496215820312 -0.00806427001953123
0.296478271484375 0.230072021484375 -0.0503044128417969 -0.0201644897460937
0.348419189453125 0.0953369140625 -0.0473060607910156 -0.00333786010742187
0.3616943359375 0.10986328125 -0.0503501892089844 0.0108528137207031
0.375946044921875 0.063018798828125 -0.0248031616210937 0.00243759155273438
0.3084716796875 0.165191650390625 -0.0399627685546875 -0.0040740966796875
0.259918212890625 0.29156494140625 -0.0529136657714844 0.0101280212402344
0.1551513671875 0.391265869140625 -0.0183258056640625 -0.0383529663085937
-0.14910888671875 0.48040771484375 0.02825927734375 -0.0568122863769531
-0.27520751953125 0.409942626953125 0.104255676269531 -0.0107650756835937
-0.44366455078125 0.361419677734375 0.10986328125 0.0591888427734375
-0.373260498046875 0.3017578125 -0.253921508789063 0.0829772949218751
-0.276519775390625 0.32391357421875 -0.101982116699219 0.099700927734375
-0.141937255859375 0.41778564453125 -0.00581550598144532 0.0272216796875
0.03460693359375 0.363189697265625 -0.0367279052734375 -0.0427284240722656
0.15252685546875 0.325714111328125 -0.1009521484375 -0.051483154296875
0.267684936523438 0.194717407226563 -0.152938842773437 -0.0632476806640625
0.3079833984375 0.0845947265625 -0.18353271484375 -0.00396728515624995
0.317657470703125 0.107177734375 -0.175613403320313 0.0146942138671875
0.33380126953125 0.081573486328125 -0.151840209960937 -0.000762939453125028
0.255447387695313 0.177398681640625 -0.141143798828125 -0.0422515869140625
0.18804931640625 0.283477783203125 -0.102279663085937 -0.0309219360351562
0.077972412109375 0.346466064453125 -0.0427665710449219 -0.0415725708007812
-0.1771240234375 0.384979248046875 0.00575256347656249 -0.0188198089599609
-0.26361083984375 0.320068359375 0.0411911010742187 0.0865478515625
-0.397430419921875 0.296295166015625 -0.039276123046875 0.16180419921875
-0.236846923828125 0.216445922851562 -0.364776611328125 0.188018798828125
-0.157958984375 0.228530883789063 -0.164093017578125 0.193756103515625
-0.0728912353515625 0.258331298828125 -0.0357284545898438 0.0616950988769531
0.028228759765625 0.22393798828125 -0.0615081787109375 -0.0263099670410156
0.0977783203125 0.215194702148438 -0.129623413085938 -0.074920654296875
0.1884765625 0.13824462890625 -0.229827880859375 -0.0842895507812499
0.21661376953125 0.0662078857421875 -0.287567138671875 0.00292968750000001
0.224502563476563 0.086883544921875 -0.2724609375 0.0158843994140625
0.239669799804688 0.083282470703125 -0.2530517578125 -0.0142669677734375
0.165328979492188 0.152816772460938 -0.210418701171875 -0.088531494140625
0.0931549072265625 0.219863891601563 -0.123619079589844 -0.0802536010742187
0.00140380859375 0.236663818359375 -0.0531768798828125 -0.0498123168945312
-0.158889770507813 0.229110717773437 -0.0150690078735352 0.00992870330810548
-0.196304321289062 0.189056396484375 -0.028289794921875 0.153411865234375
-0.28521728515625 0.193511962890625 -0.170242309570313 0.231552124023438
-0.0730438232421875 0.0872650146484375 -0.428619384765625 0.260589599609375
-0.0385513305664063 0.0873794555664062 -0.200942993164062 0.260391235351562
-0.0272369384765625 0.06695556640625 -0.0550155639648437 0.0935134887695313
-0.00632858276367187 0.0699806213378906 -0.0700187683105469 -0.000865936279296881
0.0172500610351563 0.0946731567382813 -0.137077331542969 -0.082763671875
0.0802764892578125 0.0763626098632813 -0.26739501953125 -0.0861663818359375
0.0931930541992188 0.04541015625 -0.34674072265625 0.01202392578125
0.0990753173828125 0.0539398193359375 -0.326934814453125 0.015045166015625
0.115547180175781 0.0620498657226563 -0.312713623046875 -0.031890869140625
0.0659408569335938 0.0898284912109375 -0.24127197265625 -0.130218505859375
0.0132598876953125 0.111862182617188 -0.117019653320312 -0.122489929199219
-0.0367813110351563 0.0912933349609375 -0.0498123168945313 -0.055908203125
-0.0811004638671875 0.0639724731445313 -0.0322513580322266 0.0289154052734375
-0.0770721435546875 0.0603790283203125 -0.0906982421875 0.185287475585938
-0.1220703125 0.0819778442382812 -0.262298583984375 0.263885498046875
-0.100692749023438 0.0186309814453125 0.294647216796875 -0.308135986328125
-0.0871810913085938 0.0350570678710937 0.151336669921875 -0.236709594726562
-0.0469436645507813 0.093231201171875 0.0305519104003906 -0.0439796447753906
0.0104904174804687 0.07562255859375 0.0219268798828125 0.0471076965332031
0.0420188903808594 0.0293807983398438 0.072296142578125 0.1591796875
0.0208797454833984 -0.00724411010742188 0.238861083984375 0.173202514648438
0.0308094024658203 -0.0110702514648438 0.357818603515625 0.038726806640625
0.037017822265625 -0.0107955932617188 0.35113525390625 -0.012176513671875
0.0255622863769531 -0.0319290161132812 0.35626220703125 -0.020843505859375
0.048431396484375 -0.0227890014648438 0.2965087890625 0.06005859375
0.0745391845703125 0.00229644775390625 0.151870727539063 0.062713623046875
0.079620361328125 0.0652008056640625 0.0867156982421875 -0.0261917114257812
0.004180908203125 0.109031677246094 0.100250244140625 -0.131401062011719
-0.0381240844726563 0.0946578979492188 0.2041015625 -0.275711059570313
-0.0591697692871094 0.0545883178710938 0.4986572265625 -0.26678466796875
-0.273696899414063 0.129425048828125 0.267425537109375 -0.286468505859375
-0.2353515625 0.127883911132812 0.15740966796875 -0.223876953125
-0.163604736328125 0.2442626953125 0.0459403991699219 -0.0505447387695312
-0.0263214111328125 0.228515625 0.0215225219726563 0.02752685546875
0.0736541748046875 0.183929443359375 0.0504913330078125 0.147064208984375
0.122978210449219 0.0936279296875 0.209518432617188 0.155548095703125
0.163955688476563 0.0315399169921875 0.318023681640625 0.03387451171875
0.179275512695313 0.02996826171875 0.3043212890625 -0.009918212890625
0.172943115234375 -0.0135040283203125 0.31561279296875 -0.02227783203125
0.166427612304688 0.030609130859375 0.256790161132813 0.0492706298828125
0.173812866210937 0.097442626953125 0.121414184570313 0.060272216796875
0.144989013671875 0.191741943359375 0.0685653686523438 -0.038787841796875
-0.028656005859375 0.28271484375 0.0901336669921875 -0.14111328125
-0.122909545898438 0.252700805664063 0.20465087890625 -0.2667236328125
-0.218673706054688 0.205169677734375 0.464324951171875 -0.243438720703125
-0.408599853515625 0.230743408203125 0.179275512695312 -0.235244750976563
-0.350250244140625 0.2244873046875 0.124725341796875 -0.183731079101563
-0.245758056640625 0.3828125 0.0527801513671875 -0.0501441955566406
-0.044189453125 0.363555908203125 0.0230674743652344 0.00138092041015627
0.108642578125 0.318084716796875 0.0261383056640625 0.10809326171875
0.215301513671875 0.181442260742188 0.148696899414063 0.107574462890625
0.27471923828125 0.0683135986328125 0.2279052734375 0.0203857421875
0.294921875 0.06585693359375 0.2109375 -0.005218505859375
0.29595947265625 0.005645751953125 0.230880737304688 -0.0177459716796875
0.264846801757813 0.0808563232421875 0.181228637695313 0.0358428955078125
0.25634765625 0.183349609375 0.0741500854492188 0.052886962890625
0.197265625 0.299713134765625 0.0438385009765625 -0.0435066223144531
-0.058197021484375 0.42626953125 0.0712432861328125 -0.12945556640625
-0.193023681640625 0.37872314453125 0.186599731445312 -0.21533203125
-0.3477783203125 0.32598876953125 0.38226318359375 -0.171417236328125
-0.47796630859375 0.313751220703125 0.0418701171875 -0.150115966796875
-0.400146484375 0.31915283203125 0.057586669921875 -0.110916137695312
-0.2601318359375 0.49176025390625 0.0472679138183594 -0.0362091064453125
-0.023284912109375 0.453582763671875 0.0164527893066406 -0.0264225006103515
0.153289794921875 0.39886474609375 -0.0083465576171875 0.0512886047363282
0.28570556640625 0.23138427734375 0.0583953857421875 0.0430793762207031
0.346954345703125 0.08905029296875 0.0992507934570313 0.00510406494140626
0.36773681640625 0.092010498046875 0.0868759155273438 0.00292968750000001
0.374603271484375 0.030059814453125 0.11236572265625 -0.00713348388671875
0.323760986328125 0.126983642578125 0.0767898559570313 0.0206680297851563
0.29815673828125 0.254913330078125 0.0136260986328125 0.0388603210449219
0.21234130859375 0.377960205078125 0.0133132934570313 -0.042999267578125
-0.0940246582031249 0.51300048828125 0.0512771606445312 -0.0993881225585937
-0.247344970703125 0.44720458984375 0.155426025390625 -0.125411987304687
-0.43011474609375 0.395355224609375 0.261520385742188 -0.063507080078125
-0.4696044921875 0.35174560546875 -0.116256713867188 -0.0346755981445312
-0.374359130859375 0.37237548828125 -0.0260124206542969 -0.00659942626953123
-0.21209716796875 0.523162841796875 0.0269279479980469 -0.00902366638183591
0.019378662109375 0.463043212890625 -0.00595855712890625 -0.0447959899902343
0.182647705078125 0.40509033203125 -0.0567626953125 -0.00720977783203122
0.31427001953125 0.234710693359375 -0.0547714233398437 -0.0188560485839844
0.36663818359375 0.0921630859375 -0.0503120422363281 -0.00179672241210936
0.383697509765625 0.104278564453125 -0.0518836975097656 0.0125503540039063
0.39453125 0.0557861328125 -0.0245113372802734 0.00317192077636719
0.324981689453125 0.166351318359375 -0.0416641235351562 -0.00261688232421875
0.27886962890625 0.2987060546875 -0.0533294677734375 0.0126914978027344
0.1722412109375 0.404815673828125 -0.0192146301269531 -0.0407524108886718
-0.14202880859375 0.50921630859375 0.029693603515625 -0.0580101013183593
-0.280029296875 0.4334716796875 0.108642578125 -0.0135879516601562
-0.455322265625 0.391387939453125 0.115959167480469 0.06072998046875
-0.384063720703125 0.325103759765625 -0.263336181640625 0.0928802490234375
-0.28424072265625 0.34625244140625 -0.105499267578125 0.107833862304688
-0.137939453125 0.4410400390625 -0.00395774841308595 0.0263080596923828
0.04559326171875 0.377685546875 -0.0375480651855469 -0.0449028015136719
0.168731689453125 0.3359375 -0.105293273925781 -0.0517501831054687
0.282867431640625 0.198272705078125 -0.1646728515625 -0.06134033203125
0.322906494140625 0.0823974609375 -0.192230224609375 0.00175476074218747
0.337005615234375 0.102203369140625 -0.181961059570312 0.0204315185546875
0.35125732421875 0.076141357421875 -0.15716552734375 0.00428771972656247
0.270782470703125 0.1806640625 -0.148239135742187 -0.038848876953125
0.2027587890625 0.29180908203125 -0.106651306152344 -0.0294265747070312
0.089019775390625 0.35931396484375 -0.0445899963378906 -0.0434074401855469
-0.173980712890625 0.40875244140625 0.00736427307128905 -0.0177478790283203
-0.268890380859375 0.339874267578125 0.04571533203125 0.0897445678710938
-0.409027099609375 0.323211669921875 -0.0366668701171875 0.17144775390625
-0.243423461914063 0.23223876953125 -0.376434326171875 0.204864501953125
-0.16094970703125 0.242965698242187 -0.168243408203125 0.207504272460938
-0.07159423828125 0.273056030273437 -0.0356178283691406 0.0639495849609375
0.034942626953125 0.232437133789062 -0.0632095336914063 -0.0267829895019531
0.109481811523437 0.222793579101563 -0.136528015136719 -0.076385498046875
0.20001220703125 0.140167236328125 -0.2452392578125 -0.0819396972656249
0.228042602539063 0.065338134765625 -0.300384521484375 0.01190185546875
0.23822021484375 0.0844268798828125 -0.283294677734375 0.0240173339843751
0.253280639648438 0.079315185546875 -0.2628173828125 -0.00741577148437501
0.1756591796875 0.156524658203125 -0.223236083984375 -0.086029052734375
0.10211181640625 0.227462768554687 -0.1297607421875 -0.081390380859375
0.006134033203125 0.247512817382813 -0.0552253723144531 -0.0515632629394531
-0.159194946289062 0.244613647460938 -0.0142459869384766 0.011754035949707
-0.20135498046875 0.202056884765625 -0.0249481201171875 0.160812377929688
-0.294158935546875 0.211517333984375 -0.171966552734375 0.246856689453125
-0.0747146606445313 0.0935592651367188 -0.44061279296875 0.2828369140625
-0.0386810302734375 0.0925216674804688 -0.2041015625 0.277328491210938
-0.0284500122070312 0.0709152221679688 -0.0559463500976562 0.0991134643554688
-0.0050201416015625 0.072479248046875 -0.0713043212890625 0.000556945800781248
0.0223770141601563 0.0984954833984375 -0.1444091796875 -0.08465576171875
0.0857696533203125 0.0776901245117188 -0.28411865234375 -0.0837097167968751
0.0983352661132813 0.045806884765625 -0.36151123046875 0.024169921875
0.105712890625 0.0536727905273438 -0.340362548828125 0.02496337890625
0.122901916503906 0.0610809326171875 -0.3262939453125 -0.0243225097656249
0.070892333984375 0.0929183959960938 -0.256561279296875 -0.128875732421875
0.0162811279296875 0.116645812988281 -0.1246337890625 -0.126304626464844
-0.0366058349609375 0.0961380004882813 -0.0519027709960938 -0.0568923950195313
-0.0820388793945313 0.0691452026367188 -0.0320625305175781 0.0320186614990234
-0.0793914794921875 0.0650787353515625 -0.089447021484375 0.195449829101563
-0.126289367675781 0.0897903442382813 -0.2672119140625 0.282623291015625
-0.104759216308594 0.0248947143554688 0.29443359375 -0.3394775390625
-0.0892791748046875 0.0411300659179688 0.146270751953125 -0.25738525390625
-0.043365478515625 0.09918212890625 0.0314903259277344 -0.0494880676269531
0.015655517578125 0.0789413452148438 0.0230751037597656 0.047637939453125
0.0439071655273438 0.0280303955078125 0.082794189453125 0.165420532226562
0.0203533172607422 -0.00750160217285156 0.261550903320313 0.170852661132813
0.0326271057128906 -0.0127506256103516 0.376129150390625 0.020477294921875
0.0385818481445313 -0.012725830078125 0.3665771484375 -0.032745361328125
0.0246944427490234 -0.0331287384033203 0.372528076171875 -0.04266357421875
0.0491485595703125 -0.0258522033691406 0.31646728515625 0.04571533203125
0.0785675048828125 -0.0013427734375 0.16448974609375 0.0609588623046875
0.0877227783203125 0.0643844604492188 0.088653564453125 -0.03265380859375
0.00873565673828126 0.114860534667969 0.09808349609375 -0.143661499023438
-0.0357513427734375 0.100196838378906 0.200408935546875 -0.29827880859375
-0.0588150024414063 0.0600700378417969 0.5072021484375 -0.30596923828125
-0.281524658203125 0.14898681640625 0.265838623046875 -0.3154296875
-0.240875244140625 0.14599609375 0.153472900390625 -0.243316650390625
-0.157073974609375 0.26409912109375 0.0476150512695312 -0.0587081909179687
-0.015594482421875 0.240753173828125 0.0229454040527344 0.0263500213623047
0.0858001708984375 0.188400268554688 0.0597991943359375 0.153900146484375
0.132110595703125 0.0936737060546875 0.228591918945313 0.154281616210938
0.17413330078125 0.0256195068359375 0.333404541015625 0.017486572265625
0.190902709960937 0.022064208984375 0.318115234375 -0.027618408203125
0.181015014648438 -0.021820068359375 0.3302001953125 -0.04107666015625
0.175689697265625 0.024932861328125 0.273895263671875 0.037322998046875
0.187591552734375 0.0943145751953125 0.132301330566406 0.05853271484375
0.162643432617188 0.194107055664063 0.0699539184570313 -0.0457954406738281
-0.01593017578125 0.300201416015625 0.08819580078125 -0.15264892578125
-0.117782592773438 0.27001953125 0.200836181640625 -0.2896728515625
-0.219284057617187 0.227523803710938 0.474517822265625 -0.27789306640625
-0.418914794921875 0.262054443359375 0.175018310546875 -0.256118774414063
-0.357025146484375 0.253936767578125 0.120071411132812 -0.199203491210937
-0.237274169921875 0.414215087890625 0.0557746887207031 -0.0584869384765625
-0.02777099609375 0.3829345703125 0.0241851806640625 -0.00190162658691404
0.12982177734375 0.32720947265625 0.0330810546875 0.11309814453125
0.232452392578125 0.181320190429687 0.162033081054688 0.106735229492188
0.29217529296875 0.059906005859375 0.238571166992188 0.0087890625
0.314544677734375 0.052276611328125 0.221084594726563 -0.0176544189453125
0.311004638671875 -0.008880615234375 0.24224853515625 -0.0319976806640625
0.281890869140625 0.0721435546875 0.193435668945313 0.02752685546875
0.277862548828125 0.179931640625 0.0832366943359375 0.0525436401367188
0.222015380859375 0.305419921875 0.0433158874511719 -0.0496292114257812
-0.038299560546875 0.452423095703125 0.0704193115234375 -0.138992309570312
-0.184326171875 0.405975341796875 0.185760498046875 -0.23480224609375
-0.348480224609375 0.362640380859375 0.391082763671875 -0.197723388671875
-0.4864501953125 0.353271484375 0.0351104736328125 -0.160293579101563
-0.4056396484375 0.355255126953125 0.052978515625 -0.118980407714844
-0.244842529296875 0.529876708984375 0.049896240234375 -0.0441017150878906
-0.000701904296875028 0.477081298828125 0.0167045593261719 -0.0298118591308593
0.182159423828125 0.41009521484375 -0.00486373901367186 0.0547599792480469
0.3095703125 0.229827880859375 0.0628395080566406 0.0436363220214844
0.369354248046875 0.077117919921875 0.102516174316406 -0.000160217285156245
0.39263916015625 0.075042724609375 0.091827392578125 -0.00255584716796875
0.39453125 0.011474609375 0.118537902832031 -0.0143051147460938
0.345245361328125 0.118896484375 0.082366943359375 0.0172500610351563
0.3255615234375 0.252960205078125 0.0184516906738281 0.0402603149414063
0.242218017578125 0.384857177734375 0.0114860534667969 -0.0478363037109375
-0.07000732421875 0.545623779296875 0.0514450073242188 -0.10577392578125
-0.238677978515625 0.481597900390625 0.157333374023437 -0.138641357421875
-0.430511474609375 0.44024658203125 0.271133422851563 -0.078887939453125
-0.478118896484375 0.393402099609375 -0.124137878417969 -0.0311813354492187
-0.375579833984375 0.410888671875 -0.0290889739990235 -0.00498199462890623
-0.19561767578125 0.560302734375 0.0294952392578125 -0.0138816833496093
0.0433349609375001 0.4835205078125 -0.00690078735351562 -0.0480270385742187
0.21343994140625 0.415191650390625 -0.0581130981445312 -0.0050849914550781
0.33990478515625 0.2320556640625 -0.0603256225585937 -0.0155372619628906
0.3887939453125 0.0802001953125 -0.0540122985839844 0.00147628784179689
0.410003662109375 0.0875244140625 -0.052825927734375 0.0159034729003906
0.416412353515625 0.037384033203125 -0.0238761901855469 0.00366592407226563
0.3497314453125 0.15972900390625 -0.0434799194335937 -1.5258789062489E-05
0.307464599609375 0.2991943359375 -0.0529861450195312 0.0161323547363281
0.2010498046875 0.41510009765625 -0.0212783813476562 -0.0438499450683593
-0.120849609375 0.5433349609375 0.0308036804199219 -0.0612297058105468
-0.273895263671875 0.466949462890625 0.114051818847656 -0.019287109375
-0.457763671875 0.438018798828125 0.12518310546875 0.0599365234375
-0.3878173828125 0.361297607421875 -0.271621704101563 0.110809326171875
-0.281219482421875 0.379364013671875 -0.106277465820313 0.119560241699219
-0.12298583984375 0.47137451171875 -0.00219345092773438 0.0260581970214844
0.06658935546875 0.393798828125 -0.0394630432128906 -0.04608154296875
0.196136474609375 0.34307861328125 -0.111488342285156 -0.0503158569335937
0.30572509765625 0.194366455078125 -0.177734375 -0.05499267578125
0.3438720703125 0.07110595703125 -0.201889038085937 0.013427734375
0.361083984375 0.088134765625 -0.18853759765625 0.03118896484375
0.3720703125 0.06072998046875 -0.16229248046875 0.0123748779296875
0.293304443359375 0.177215576171875 -0.158172607421875 -0.032196044921875
0.226165771484375 0.2957763671875 -0.111297607421875 -0.0258712768554687
0.11199951171875 0.371673583984375 -0.0476493835449219 -0.0451736450195312
-0.159149169921875 0.44024658203125 0.0093402862548828 -0.0182571411132812
-0.265869140625 0.368865966796875 0.0533981323242187 0.0918807983398438
-0.41253662109375 0.362945556640625 -0.0290374755859375 0.182662963867188
-0.245285034179688 0.257354736328125 -0.38336181640625 0.23333740234375
-0.158203125 0.264022827148438 -0.166488647460937 0.226821899414063
-0.062225341796875 0.2919921875 -0.0336837768554687 0.0679397583007813
0.0476226806640625 0.24114990234375 -0.0652809143066406 -0.0255012512207031
0.12774658203125 0.22808837890625 -0.146209716796875 -0.0750579833984375
0.216949462890625 0.137588500976562 -0.263702392578125 -0.0729217529296875
0.2427978515625 0.0575714111328125 -0.314544677734375 0.03021240234375
0.256271362304688 0.07464599609375 -0.29376220703125 0.04095458984375
0.270263671875 0.0695037841796875 -0.273849487304688 0.00717163085937495
0.1927490234375 0.156661987304688 -0.239089965820313 -0.0771636962890625
0.117599487304688 0.233642578125 -0.139930725097656 -0.0795745849609375
0.0183868408203125 0.258544921875 -0.0591392517089844 -0.0517845153808594
-0.1529541015625 0.266494750976563 -0.01190185546875 0.0143289566040039
-0.20208740234375 0.220657348632813 -0.01727294921875 0.169448852539063
-0.2978515625 0.240020751953125 -0.167266845703125 0.268585205078125
-0.0746841430664062 0.102737426757813 -0.446441650390625 0.31817626953125
-0.0370254516601562 0.0991058349609375 -0.20025634765625 0.302642822265625
-0.0269393920898437 0.0775985717773438 -0.054443359375 0.106369018554688
-0.00225067138671874 0.0755844116210938 -0.0732574462890625 0.00366210937500001
0.0294342041015625 0.102180480957031 -0.155014038085938 -0.0839691162109375
0.0939865112304688 0.077117919921875 -0.305877685546875 -0.074127197265625
0.10577392578125 0.0433807373046875 -0.3768310546875 0.0466003417968751
0.115249633789063 0.0501708984375 -0.35406494140625 0.0447998046875
0.132736206054688 0.056365966796875 -0.3416748046875 -0.007843017578125
0.0792236328125 0.0948410034179688 -0.276565551757812 -0.120529174804687
0.0220260620117188 0.121658325195312 -0.137283325195313 -0.127647399902344
-0.03399658203125 0.102569580078125 -0.0557632446289063 -0.057464599609375
-0.0814285278320313 0.0774459838867188 -0.0303306579589844 0.0355186462402344
-0.079986572265625 0.0727462768554688 -0.08251953125 0.208755493164063
-0.128562927246094 0.101974487304688 -0.265228271484375 0.310577392578125
-0.106475830078125 0.0330352783203125 0.279144287109375 -0.372528076171875
-0.0888595581054688 0.0479812622070312 0.131805419921875 -0.277374267578125
-0.035980224609375 0.104377746582031 0.0294685363769531 -0.0560531616210938
0.02191162109375 0.0795364379882813 0.0252532958984375 0.0463905334472656
0.0458412170410156 0.0257835388183594 0.0965423583984375 0.166824340820312
0.0194168090820313 -0.00836181640625 0.284332275390625 0.15814208984375
0.0334243774414063 -0.0147895812988281 0.38824462890625 -0.008575439453125
0.0392036437988281 -0.0159645080566406 0.373870849609375 -0.063018798828125
0.0231914520263672 -0.0344467163085938 0.379913330078125 -0.07379150390625
0.0484123229980469 -0.0301551818847656 0.3311767578125 0.021392822265625
0.0810317993164063 -0.0066070556640625 0.176467895507813 0.0522308349609375
0.0959396362304688 0.0605697631835938 0.0879364013671875 -0.0406951904296875
0.0170822143554687 0.118583679199219 0.09027099609375 -0.156295776367188
-0.029876708984375 0.104965209960938 0.18426513671875 -0.321319580078125
-0.0556373596191406 0.0666694641113281 0.49969482421875 -0.352752685546875
-0.28045654296875 0.174758911132812 0.250152587890625 -0.344696044921875
-0.23883056640625 0.168304443359375 0.139068603515625 -0.26300048828125
-0.141815185546875 0.283050537109375 0.0461769104003906 -0.0672378540039062
0.00135803222656251 0.24798583984375 0.0239944458007813 0.0242538452148438
0.10107421875 0.187026977539063 0.0725860595703125 0.156204223632813
0.141845703125 0.0888214111328125 0.248031616210938 0.1439208984375
0.182907104492188 0.015289306640625 0.343414306640625 -0.006988525390625
0.199417114257813 0.0076446533203125 0.324951171875 -0.052581787109375
0.185516357421875 -0.03472900390625 0.33740234375 -0.06976318359375
0.182998657226563 0.013885498046875 0.287506103515625 0.016082763671875
0.200515747070313 0.0840606689453125 0.143692016601563 0.052215576171875
0.18206787109375 0.188812255859375 0.0674552917480469 -0.053497314453125
0.00595092773437501 0.31292724609375 0.08111572265625 -0.164505004882812
-0.104217529296875 0.285736083984375 0.186126708984375 -0.31280517578125
-0.209228515625 0.252182006835938 0.466888427734375 -0.3203125
-0.416046142578125 0.302581787109375 0.160308837890625 -0.277145385742188
-0.351043701171875 0.289154052734375 0.10858154296875 -0.214187622070312
-0.21258544921875 0.44390869140625 0.05487060546875 -0.0676460266113281
-0.00100708007812497 0.39471435546875 0.0246219635009766 -0.00538063049316404
0.157501220703125 0.32720947265625 0.043121337890625 0.115318298339844
0.251632690429688 0.1724853515625 0.175872802734375 0.099761962890625
0.306640625 0.041778564453125 0.2447509765625 -0.0088043212890625
0.32958984375 0.02899169921875 0.225479125976563 -0.0352935791015625
0.320281982421875 -0.031219482421875 0.247360229492188 -0.0531158447265625
0.294677734375 0.05499267578125 0.203140258789063 0.01214599609375
0.30010986328125 0.166229248046875 0.092529296875 0.0489273071289063
0.25140380859375 0.2987060546875 0.0405540466308594 -0.0566864013671875
-0.00466918945312497 0.471954345703125 0.0649871826171875 -0.148696899414062
-0.164398193359375 0.43023681640625 0.174072265625 -0.25506591796875
-0.33233642578125 0.40191650390625 0.3887939453125 -0.2318115234375
-0.476348876953125 0.401092529296875 0.023345947265625 -0.168609619140625
-0.39434814453125 0.39794921875 0.044891357421875 -0.125556945800781
-0.21258544921875 0.565185546875 0.0496826171875 -0.0522270202636718
0.032562255859375 0.48944091796875 0.0156345367431641 -0.0343379974365234
0.218292236328125 0.40899658203125 -9.91821289062373E-05 0.0565872192382813
0.3349609375 0.217559814453125 0.0678024291992188 0.0418167114257813
0.387664794921875 0.054962158203125 0.104179382324219 -0.006805419921875
0.4119873046875 0.046051025390625 0.0944137573242188 -0.00962829589843749
0.40802001953125 -0.017425537109375 0.121994018554688 -0.0264663696289063
0.3651123046875 0.098724365234375 0.087310791015625 0.0111083984375
0.35345458984375 0.237060546875 0.0245094299316406 0.0406303405761719
0.2777099609375 0.37982177734375 0.00836944580078127 -0.0523834228515625
-0.03009033203125 0.57037353515625 0.048583984375 -0.113395690917969
-0.213897705078125 0.51043701171875 0.15264892578125 -0.15411376953125
-0.41204833984375 0.4869384765625 0.27374267578125 -0.09991455078125
-0.464447021484375 0.442169189453125 -0.1307373046875 -0.0230484008789062
-0.36041259765625 0.453582763671875 -0.0307044982910156 -0.0016059875488281
-0.15887451171875 0.59234619140625 0.0303001403808594 -0.0192413330078125
0.07867431640625 0.494232177734375 -0.00904846191406249 -0.0511207580566406
0.25152587890625 0.411285400390625 -0.0590057373046875 -0.00199508666992184
0.36663818359375 0.21673583984375 -0.0636711120605468 -0.0102996826171875
0.409027099609375 0.055389404296875 -0.0561943054199218 0.00697326660156249
0.430938720703125 0.057159423828125 -0.0526504516601562 0.0199317932128906
0.432098388671875 0.005615234375 -0.0229969024658203 0.0035247802734375
0.372467041015625 0.140594482421875 -0.0437278747558594 0.00341033935546875
0.338134765625 0.286651611328125 -0.0514564514160156 0.0199089050292969
0.23675537109375 0.41339111328125 -0.0247764587402344 -0.0458984375
-0.08209228515625 0.5718994140625 0.0309219360351562 -0.0657730102539062
-0.250762939453125 0.50018310546875 0.116989135742187 -0.0282974243164062
-0.43963623046875 0.490325927734375 0.134025573730469 0.0531845092773438
-0.375946044921875 0.402618408203125 -0.271484375 0.133590698242188
-0.26373291015625 0.41357421875 -0.101303100585938 0.132667541503906
-0.0909118652343751 0.497955322265625 0.000701904296874995 0.0250263214111328
0.095733642578125 0.399566650390625 -0.0422096252441406 -0.0470008850097656
0.22943115234375 0.3387451171875 -0.117324829101563 -0.0459976196289062
0.32952880859375 0.180938720703125 -0.188522338867187 -0.0424652099609375
0.36138916015625 0.050018310546875 -0.206710815429687 0.0302276611328125
0.3800048828125 0.061798095703125 -0.190200805664062 0.0463409423828125
0.387786865234375 0.033355712890625 -0.164291381835937 0.02349853515625
0.315521240234375 0.16192626953125 -0.164642333984375 -0.020263671875
0.2545166015625 0.2889404296875 -0.115432739257813 -0.0190963745117188
0.141204833984375 0.375518798828125 -0.0512657165527344 -0.0447540283203125
-0.129791259765625 0.467620849609375 0.0115489959716797 -0.0195503234863281
-0.249053955078125 0.3980712890625 0.0627212524414062 0.0899581909179688
-0.399017333984375 0.4071044921875 -0.0154571533203125 0.191146850585938
-0.2353515625 0.28533935546875 -0.378082275390625 0.26824951171875
-0.14501953125 0.285919189453125 -0.154953002929687 0.247817993164063
-0.042266845703125 0.30804443359375 -0.029571533203125 0.0719757080078125
0.066162109375 0.24395751953125 -0.0669822692871094 -0.0233230590820312
0.150161743164062 0.225051879882812 -0.155715942382813 -0.0691680908203125
0.233963012695313 0.128326416015625 -0.280227661132813 -0.0552215576171875
0.25543212890625 0.0423736572265625 -0.320892333984375 0.0566101074218751
0.271087646484375 0.056732177734375 -0.2977294921875 0.064544677734375
0.28387451171875 0.049957275390625 -0.279678344726563 0.026824951171875
0.210281372070313 0.149261474609375 -0.251876831054688 -0.05987548828125
0.137481689453125 0.233245849609375 -0.149429321289063 -0.072418212890625
0.0378875732421875 0.265335083007813 -0.0633583068847656 -0.050323486328125
-0.136383056640625 0.2872314453125 -0.00828075408935548 0.0156497955322266
-0.192855834960938 0.241744995117187 -0.00424194335937503 0.175460815429688
-0.289947509765625 0.2718505859375 -0.151123046875 0.289581298828125
-0.0705108642578125 0.111778259277344 -0.435791015625 0.360595703125
-0.0309066772460937 0.105796813964844 -0.184417724609375 0.327850341796875
-0.0228424072265625 0.0837020874023438 -0.04833984375 0.114242553710938
0.00316619873046875 0.0774917602539063 -0.0730667114257813 0.00814056396484376
0.0391616821289063 0.103347778320313 -0.166473388671875 -0.0771942138671875
0.102867126464844 0.0731124877929688 -0.3238525390625 -0.05303955078125
0.113014221191406 0.0376815795898438 -0.383453369140625 0.077911376953125
0.123268127441406 0.0427627563476563 -0.3602294921875 0.0730285644531249
0.141128540039063 0.0469512939453125 -0.35076904296875 0.0179748535156251
0.0887451171875 0.0927505493164062 -0.294891357421875 -0.101715087890625
0.0310440063476563 0.124031066894531 -0.151611328125 -0.123001098632813
-0.0280075073242188 0.108001708984375 -0.0602340698242188 -0.0553436279296875
-0.0772171020507813 0.0861587524414062 -0.026641845703125 0.0387153625488281
-0.0776519775390625 0.080047607421875 -0.0688629150390625 0.220916748046875
-0.125137329101563 0.116264343261719 -0.24957275390625 0.34033203125
-0.104896545410156 0.0412216186523438 0.252716064453125 -0.394683837890625
-0.085693359375 0.0536117553710937 0.11090087890625 -0.2889404296875
-0.0282440185546875 0.105659484863281 0.0254669189453125 -0.060638427734375
0.0284042358398438 0.0779571533203125 0.02630615234375 0.044891357421875
0.04608154296875 0.022186279296875 0.108795166015625 0.162994384765625
0.0177879333496094 -0.00866317749023438 0.2987060546875 0.13897705078125
0.0336265563964844 -0.0172538757324219 0.388458251953125 -0.036865234375
0.0388031005859375 -0.0184249877929688 0.369171142578125 -0.091400146484375
0.0215511322021484 -0.0347938537597656 0.374542236328125 -0.104095458984375
0.046051025390625 -0.0329055786132813 0.33544921875 -0.0045166015625
0.0816421508789063 -0.0126495361328125 0.183578491210938 0.0407867431640625
0.101470947265625 0.0535430908203125 0.0842132568359375 -0.04730224609375
0.0252151489257813 0.118125915527344 0.078857421875 -0.163482666015625
-0.0229110717773438 0.106918334960937 0.161712646484375 -0.334564208984375
-0.0507354736328125 0.0707626342773437 0.473785400390625 -0.387359619140625
-0.269927978515625 0.196762084960937 0.226470947265625 -0.364227294921875
-0.227691650390625 0.186050415039062 0.119705200195313 -0.274398803710938
-0.12042236328125 0.2935791015625 0.0419845581054687 -0.073394775390625
0.018768310546875 0.247451782226563 0.024322509765625 0.0215950012207031
0.114151000976562 0.179733276367188 0.08428955078125 0.153091430664062
0.147308349609375 0.08111572265625 0.261764526367188 0.12786865234375
0.1859130859375 0.0031280517578125 0.342926025390625 -0.03253173828125
0.20159912109375 -0.0075225830078125 0.320343017578125 -0.077880859375
0.184188842773438 -0.047882080078125 0.332794189453125 -0.09765625
0.184326171875 0.0017852783203125 0.290130615234375 -0.006805419921875
0.207992553710938 0.0698089599609375 0.150955200195313 0.043182373046875
0.197494506835938 0.176254272460938 0.0628395080566406 -0.0595512390136719
0.029693603515625 0.31494140625 0.0706329345703125 -0.17156982421875
-0.086273193359375 0.293792724609375 0.1644287109375 -0.326507568359375
-0.191238403320312 0.268997192382813 0.444732666015625 -0.353759765625
-0.39569091796875 0.336151123046875 0.140106201171875 -0.290191650390625
-0.332489013671875 0.3150634765625 0.09210205078125 -0.222747802734375
-0.179290771484375 0.460662841796875 0.0507659912109375 -0.0754470825195312
0.02655029296875 0.395782470703125 0.0236167907714844 -0.0087318420410156
0.180816650390625 0.315887451171875 0.0520477294921875 0.113296508789063
0.2640380859375 0.157974243164063 0.1844482421875 0.0883026123046875
0.313079833984375 0.021759033203125 0.243927001953125 -0.02569580078125
0.3343505859375 0.003082275390625 0.222824096679688 -0.0534820556640625
0.3194580078125 -0.0550537109375 0.243179321289063 -0.07513427734375
0.300811767578125 0.035736083984375 0.205398559570313 -0.003753662109375
0.31396484375 0.145751953125 0.0995941162109375 0.042388916015625
0.274017333984375 0.28155517578125 0.0351371765136719 -0.0618972778320312
0.032196044921875 0.47540283203125 0.057037353515625 -0.155288696289063
-0.13623046875 0.443603515625 0.157058715820313 -0.268096923828125
-0.3035888671875 0.430084228515625 0.372589111328125 -0.259063720703125
-0.4520263671875 0.439453125 0.0105438232421875 -0.170440673828125
-0.367401123046875 0.429534912109375 0.0351104736328125 -0.128639221191406
-0.1722412109375 0.5821533203125 0.0471649169921875 -0.0589866638183593
0.066802978515625 0.48883056640625 0.0134048461914063 -0.0380783081054687
0.248199462890625 0.393829345703125 0.00461578369140626 0.05645751953125
0.3514404296875 0.197265625 0.0713729858398438 0.0374603271484375
0.3955078125 0.02813720703125 0.103164672851563 -0.0134124755859375
0.41864013671875 0.013885498046875 0.0936279296875 -0.017425537109375
0.408966064453125 -0.049163818359375 0.120323181152344 -0.0384445190429687
0.37359619140625 0.07403564453125 0.0892868041992188 0.00453948974609376
0.37286376953125 0.213897705078125 0.0303726196289063 0.0383872985839844
0.306427001953125 0.36053466796875 0.00337219238281252 -0.0558242797851562
0.01385498046875 0.5755615234375 0.0434112548828125 -0.118408203125
-0.180419921875 0.527313232421875 0.142898559570313 -0.166244506835937
-0.37738037109375 0.522796630859375 0.267654418945313 -0.118316650390625
-0.435791015625 0.479034423828125 -0.133598327636719 -0.0139694213867187
-0.328033447265625 0.48333740234375 -0.0311756134033203 0.00191116333007815
-0.11468505859375 0.6090087890625 0.0300464630126953 -0.0236930847167968
0.1136474609375 0.48907470703125 -0.0118942260742187 -0.0526924133300781
0.283050537109375 0.394134521484375 -0.0587158203125 0.000358581542968784
0.384063720703125 0.1937255859375 -0.0653343200683593 -0.00534439086914061
0.41571044921875 0.028045654296875 -0.0559463500976562 0.0128364562988281
0.438018798828125 0.023406982421875 -0.0504188537597656 0.0231590270996094
0.4345703125 -0.02691650390625 -0.0216827392578125 0.00266075134277343
0.383941650390625 0.115814208984375 -0.0427970886230469 0.00716018676757813
0.36041259765625 0.2642822265625 -0.0477027893066406 0.0234260559082032
0.2672119140625 0.3978271484375 -0.0289840698242187 -0.0470123291015625
-0.0367431640625001 0.5819091796875 0.0301132202148438 -0.069671630859375
-0.21875 0.51898193359375 0.116279602050781 -0.0374069213867187
-0.40380859375 0.52508544921875 0.13848876953125 0.04437255859375
-0.347412109375 0.4339599609375 -0.262588500976562 0.153594970703125
-0.23590087890625 0.436767578125 -0.091796875 0.14190673828125
-0.054290771484375 0.5079345703125 0.00326156616210937 0.0237865447998047
0.123260498046875 0.39361572265625 -0.0442543029785156 -0.0465240478515625
0.25531005859375 0.323089599609375 -0.121047973632812 -0.0398941040039062
0.344451904296875 0.159820556640625 -0.194137573242188 -0.0279083251953125
0.36846923828125 0.025390625 -0.204421997070312 0.0475311279296875
0.387542724609375 0.032135009765625 -0.186141967773437 0.0604095458984375
0.391693115234375 0.00335693359375 -0.16156005859375 0.0337371826171875
0.3287353515625 0.141326904296875 -0.165817260742187 -0.00729370117187499
0.276016235351563 0.272918701171875 -0.115707397460937 -0.0118331909179687
0.169189453125 0.366943359375 -0.0550041198730469 -0.043365478515625
-0.09326171875 0.479156494140625 0.0132713317871094 -0.0215988159179687
-0.22332763671875 0.417938232421875 0.0707931518554687 0.0845489501953125
-0.368865966796875 0.440673828125 -0.000869750976562536 0.192581176757813
-0.2166748046875 0.304718017578125 -0.358428955078125 0.29620361328125
-0.125701904296875 0.29888916015625 -0.136810302734375 0.261215209960938
-0.01971435546875 0.31439208984375 -0.023284912109375 0.07440185546875
0.082916259765625 0.239761352539063 -0.0672492980957031 -0.0202102661132812
0.16796875 0.214492797851562 -0.161407470703125 -0.0608062744140625
0.245010375976563 0.112533569335938 -0.28753662109375 -0.03436279296875
0.261444091796875 0.02569580078125 -0.316162109375 0.081695556640625
0.277420043945313 0.0361480712890625 -0.291748046875 0.086212158203125
0.288848876953125 0.02789306640625 -0.276657104492188 0.046142578125
0.222442626953125 0.135147094726563 -0.256561279296875 -0.040679931640625
0.154495239257813 0.224807739257813 -0.154953002929688 -0.06292724609375
0.0559539794921875 0.263565063476563 -0.0662956237792969 -0.0470695495605469
-0.113800048828125 0.2982177734375 -0.0043935775756836 0.0149259567260742
-0.177947998046875 0.255767822265625 0.0097503662109375 0.175262451171875
-0.270416259765625 0.296112060546875 -0.12957763671875 0.301055908203125
-0.063568115234375 0.118377685546875 -0.40911865234375 0.392669677734375
-0.023590087890625 0.109161376953125 -0.1605224609375 0.343292236328125
-0.0168609619140625 0.0883102416992188 -0.03985595703125 0.119064331054687
0.0081939697265625 0.0776138305664063 -0.0711898803710938 0.01214599609375
0.0488128662109375 0.100227355957031 -0.173294067382813 -0.0685882568359375
0.109306335449219 0.0665435791015625 -0.331787109375 -0.02978515625
0.117050170898437 0.030303955078125 -0.378570556640625 0.107696533203125
0.127326965332031 0.0333709716796875 -0.352813720703125 0.10076904296875
0.145431518554687 0.0357666015625 -0.34893798828125 0.04351806640625
0.0959930419921875 0.0873031616210938 -0.30230712890625 -0.078948974609375
0.0396041870117188 0.123046875 -0.16131591796875 -0.113418579101562
-0.0209426879882812 0.110946655273438 -0.062896728515625 -0.0520057678222656
-0.0696945190429688 0.0916748046875 -0.0218391418457031 0.0398674011230469
-0.0725479125976563 0.0861053466796875 -0.051727294921875 0.2257080078125
-0.117202758789062 0.12823486328125 -0.224517822265625 0.3582763671875
-0.101417541503906 0.046356201171875 0.229034423828125 -0.40374755859375
-0.0821151733398438 0.0563735961914062 0.093353271484375 -0.2919921875
-0.022216796875 0.104957580566406 0.02130126953125 -0.0630760192871094
0.0319595336914062 0.074920654296875 0.0261116027832031 0.0437698364257813
0.0453453063964844 0.0194053649902344 0.11676025390625 0.158309936523437
0.0156431198120117 -0.00813198089599609 0.306304931640625 0.12213134765625
0.0328598022460938 -0.0186119079589844 0.38092041015625 -0.0576171875
0.0380821228027344 -0.0207786560058594 0.357818603515625 -0.11065673828125
0.0207633972167969 -0.0348739624023437 0.3629150390625 -0.124725341796875
0.0438041687011719 -0.03466796875 0.332122802734375 -0.024444580078125
0.0806198120117188 -0.0168304443359375 0.186187744140625 0.0313873291015625
0.103607177734375 0.0472640991210938 0.0798797607421875 -0.0505599975585937
0.0308990478515625 0.116554260253906 0.0683441162109375 -0.165679931640625
-0.01788330078125 0.106193542480469 0.142242431640625 -0.3394775390625
-0.0459823608398437 0.0722503662109375 0.446258544921875 -0.40625
-0.257293701171875 0.209793090820313 0.20367431640625 -0.37158203125
-0.215713500976563 0.195404052734375 0.103546142578125 -0.277236938476562
-0.10308837890625 0.29534912109375 0.0376129150390625 -0.0770645141601562
0.031097412109375 0.242996215820313 0.0237293243408203 0.0194969177246094
0.120513916015625 0.172332763671875 0.0917205810546875 0.14947509765625
0.1490478515625 0.0747528076171875 0.267562866210938 0.1124267578125
0.185226440429688 -0.0063934326171875 0.3363037109375 -0.0499267578125
0.20013427734375 -0.0193634033203125 0.310546875 -0.095306396484375
0.180313110351563 -0.0571441650390625 0.3218994140625 -0.1168212890625
0.182464599609375 -0.00701904296875 0.287841796875 -0.023773193359375
0.209884643554688 0.058837890625 0.154083251953125 0.034912109375
0.204635620117188 0.164169311523438 0.0576057434082031 -0.06280517578125
0.04620361328125 0.310272216796875 0.060882568359375 -0.174301147460937
-0.071044921875 0.295013427734375 0.14617919921875 -0.331298828125
-0.174423217773437 0.276657104492188 0.42047119140625 -0.371246337890625
-0.37554931640625 0.3536376953125 0.122314453125 -0.293731689453125
-0.31195068359375 0.329925537109375 0.078765869140625 -0.224899291992187
-0.150909423828125 0.465850830078125 0.0469589233398438 -0.0796051025390625
0.045623779296875 0.388214111328125 0.0216026306152344 -0.0114860534667969
0.1954345703125 0.302947998046875 0.0576324462890625 0.110610961914063
0.269577026367188 0.144638061523438 0.188491821289063 0.0781402587890625
0.313018798828125 0.005157470703125 0.23858642578125 -0.0382537841796875
0.332000732421875 -0.01629638671875 0.215988159179688 -0.0648193359375
0.31329345703125 -0.071807861328125 0.23565673828125 -0.0906982421875
0.299072265625 0.021209716796875 0.20355224609375 -0.0158843994140625
0.318511962890625 0.127593994140625 0.103645324707031 0.0362167358398438
0.28680419921875 0.264678955078125 0.0297164916992188 -0.0644569396972656
0.058807373046875 0.46875 0.0496826171875 -0.158432006835937
-0.114959716796875 0.44537353515625 0.1414794921875 -0.273345947265625
-0.27618408203125 0.4417724609375 0.353759765625 -0.274444580078125
-0.4248046875 0.46044921875 0.000747680664062478 -0.1688232421875
-0.340545654296875 0.444915771484375 0.027923583984375 -0.1282958984375
-0.13641357421875 0.58575439453125 0.0446815490722656 -0.0630722045898437
0.0899658203125001 0.479156494140625 0.0107917785644531 -0.0401382446289062
0.26593017578125 0.375518798828125 0.00796127319335939 0.0555686950683594
0.3587646484375 0.179473876953125 0.0729827880859375 0.0340423583984375
0.39556884765625 0.00799560546875 0.10113525390625 -0.0169677734375
0.415069580078125 -0.011383056640625 0.0912628173828125 -0.0231170654296875
0.401458740234375 -0.071075439453125 0.116020202636719 -0.0477676391601563
0.373046875 0.0548095703125 0.0896072387695313 -0.001434326171875
0.380584716796875 0.19146728515625 0.0349845886230469 0.03558349609375
0.3212890625 0.341766357421875 -0.00120162963867186 -0.0571250915527343
0.046875 0.569091796875 0.0393142700195312 -0.121963500976562
-0.15338134765625 0.5311279296875 0.132644653320313 -0.171890258789062
-0.344329833984375 0.536285400390625 0.257614135742188 -0.130706787109375
-0.40625 0.498992919921875 -0.132553100585938 -0.00666046142578124
-0.300689697265625 0.49652099609375 -0.0306739807128906 0.00419044494628909
-0.0803222656250001 0.61004638671875 0.0294837951660156 -0.0273761749267578
0.13580322265625 0.477691650390625 -0.0144157409667969 -0.0546150207519531
0.30133056640625 0.375091552734375 -0.0584983825683594 0.00222778320312503
0.391448974609375 0.173492431640625 -0.0653228759765625 -0.000644683837890621
0.41650390625 0.005889892578125 -0.0538864135742187 0.0172042846679688
0.435089111328125 -0.00225830078125 -0.0478248596191406 0.0248031616210938
0.427703857421875 -0.051055908203125 -0.0212974548339843 0.000556945800781248
0.38653564453125 0.09613037109375 -0.0406913757324219 0.00921249389648437
0.3704833984375 0.2425537109375 -0.043975830078125 0.0243263244628906
0.284820556640625 0.37994384765625 -0.0324783325195312 -0.0470199584960937
-0.00262451171874996 0.57672119140625 0.0288925170898438 -0.072662353515625
-0.19073486328125 0.525421142578125 0.114028930664062 -0.0443191528320312
-0.369476318359375 0.543365478515625 0.139350891113281 0.0370101928710938
-0.322662353515625 0.44915771484375 -0.250732421875 0.16497802734375
-0.2103271484375 0.446044921875 -0.082550048828125 0.145980834960938
-0.024566650390625 0.507049560546875 0.00583076477050781 0.0219554901123047
0.140625 0.382537841796875 -0.0449180603027344 -0.0464553833007812
0.27056884765625 0.304962158203125 -0.122909545898438 -0.0355072021484375
0.350067138671875 0.1419677734375 -0.195159912109375 -0.01678466796875
0.369049072265625 0.005889892578125 -0.198150634765625 0.0596923828125
0.38580322265625 0.009002685546875 -0.1787109375 0.068359375
0.38763427734375 -0.01898193359375 -0.157440185546875 0.039764404296875
0.332916259765625 0.1240234375 -0.162994384765625 0.00242614746093749
0.287811279296875 0.25592041015625 -0.113960266113281 -0.00667572021484374
0.185791015625 0.35308837890625 -0.0571327209472656 -0.0420761108398437
-0.063934326171875 0.478424072265625 0.0153846740722656 -0.0248775482177734
-0.201141357421875 0.42401123046875 0.0756454467773437 0.0785751342773438
-0.339996337890625 0.457366943359375 0.0101318359375 0.1903076171875
-0.198699951171875 0.313995361328125 -0.337554931640625 0.311187744140625
-0.108123779296875 0.30377197265625 -0.120330810546875 0.2666015625
-0.00164794921875 0.314178466796875 -0.0185394287109375 0.0742568969726563
0.092803955078125 0.233413696289062 -0.0663299560546875 -0.0191802978515625
0.179489135742188 0.202804565429688 -0.164108276367188 -0.054595947265625
0.250091552734375 0.0997314453125 -0.288665771484375 -0.01739501953125
0.262741088867188 0.0123291015625 -0.30645751953125 0.09967041015625
0.277435302734375 0.019775390625 -0.28173828125 0.100250244140625
0.286865234375 0.0107421875 -0.269195556640625 0.058929443359375
0.22723388671875 0.122970581054688 -0.255111694335938 -0.025726318359375
0.165084838867188 0.215316772460938 -0.156036376953125 -0.054595947265625
0.0686492919921875 0.258132934570313 -0.0677719116210938 -0.0451202392578125
-0.0947265625 0.30059814453125 -0.000841140747070319 0.0129013061523438
-0.163543701171875 0.262313842773438 0.020172119140625 0.171142578125
-0.2506103515625 0.308929443359375 -0.112030029296875 0.303466796875
-0.0570144653320312 0.120529174804687 -0.38336181640625 0.407989501953125
-0.0172348022460937 0.109916687011719 -0.139984130859375 0.348876953125
-0.0109481811523437 0.0895919799804687 -0.0321044921875 0.119697570800781
0.0111160278320313 0.0760421752929687 -0.0681915283203125 0.0138130187988281
0.0544662475585938 0.0959396362304688 -0.176834106445313 -0.0612945556640625
0.112907409667969 0.0601577758789063 -0.332672119140625 -0.0109863281250001
0.118438720703125 0.0243988037109375 -0.3665771484375 0.1280517578125
0.128410339355469 0.0257034301757813 -0.340545654296875 0.117218017578125
0.145034790039063 0.02667236328125 -0.340423583984375 0.06170654296875
0.099609375 0.0819931030273437 -0.302947998046875 -0.06036376953125
0.0450592041015625 0.120292663574219 -0.166122436523438 -0.10498046875
-0.0155105590820312 0.110946655273438 -0.0641937255859375 -0.049346923828125
-0.0632858276367188 0.09381103515625 -0.0175399780273438 0.0390586853027344
-0.0676193237304687 0.089080810546875 -0.0377197265625 0.22369384765625
-0.109245300292969 0.13470458984375 -0.203216552734375 0.365478515625
-0.0993728637695313 0.05029296875 0.21563720703125 -0.408355712890625
-0.0809097290039063 0.05792236328125 0.081817626953125 -0.293365478515625
-0.0194625854492187 0.104141235351563 0.0184364318847656 -0.0637779235839844
0.033966064453125 0.0730743408203125 0.0261116027832031 0.0436782836914063
0.0440597534179688 0.0179252624511719 0.122802734375 0.156707763671875
0.0141458511352539 -0.00705337524414062 0.311614990234375 0.11175537109375
0.0321388244628906 -0.0200309753417969 0.375701904296875 -0.06988525390625
0.0376701354980469 -0.0222969055175781 0.35076904296875 -0.121337890625
0.0207614898681641 -0.0347137451171875 0.3553466796875 -0.13671875
0.0422210693359375 -0.0352592468261719 0.33026123046875 -0.03692626953125
0.0799102783203125 -0.0196075439453125 0.189208984375 0.025909423828125
0.105300903320313 0.0436935424804688 0.077301025390625 -0.0521087646484375
0.0344390869140625 0.115653991699219 0.061981201171875 -0.166549682617188
-0.0145797729492187 0.105476379394531 0.1300048828125 -0.340972900390625
-0.0428314208984375 0.0724029541015625 0.429046630859375 -0.416046142578125
-0.249282836914063 0.218521118164062 0.1910400390625 -0.375579833984375
-0.208511352539063 0.20123291015625 0.0921478271484375 -0.27813720703125
-0.0928955078125 0.296722412109375 0.0349273681640625 -0.0796127319335937
0.0377960205078125 0.239547729492187 0.0224380493164063 0.0184364318847656
0.124282836914063 0.167327880859375 0.097808837890625 0.14788818359375
0.14996337890625 0.0722503662109375 0.2720947265625 0.103408813476563
0.185089111328125 -0.01275634765625 0.33270263671875 -0.060943603515625
0.199188232421875 -0.02734375 0.304168701171875 -0.104888916015625
0.1785888671875 -0.0623016357421875 0.313873291015625 -0.128570556640625
0.181381225585937 -0.01171875 0.28570556640625 -0.03497314453125
0.210723876953125 0.0515289306640625 0.15814208984375 0.029693603515625
0.209701538085938 0.157058715820313 0.0538444519042969 -0.0646514892578125
0.056915283203125 0.30767822265625 0.05560302734375 -0.176742553710937
-0.0626220703125 0.295623779296875 0.134063720703125 -0.33331298828125
-0.163986206054688 0.280044555664063 0.40509033203125 -0.3809814453125
-0.36083984375 0.366607666015625 0.111236572265625 -0.295166015625
-0.30010986328125 0.33795166015625 0.069793701171875 -0.225296020507813
-0.13427734375 0.467529296875 0.044708251953125 -0.0830001831054687
0.055938720703125 0.384063720703125 0.0201129913330078 -0.0137062072753906
0.202972412109375 0.295013427734375 0.0616073608398438 0.109519958496094
0.272720336914063 0.138320922851563 0.191070556640625 0.0717620849609375
0.313385009765625 -0.00543212890625 0.236129760742188 -0.0452117919921875
0.330352783203125 -0.028656005859375 0.210647583007813 -0.072113037109375
0.3099365234375 -0.0819091796875 0.228668212890625 -0.099945068359375
0.29827880859375 0.013031005859375 0.203201293945313 -0.0243377685546875
0.321380615234375 0.116424560546875 0.107109069824219 0.031982421875
0.292999267578125 0.25494384765625 0.0251655578613281 -0.0656852722167969
0.075225830078125 0.464752197265625 0.0457305908203125 -0.160934448242187
-0.101104736328125 0.446807861328125 0.13214111328125 -0.27630615234375
-0.260467529296875 0.448333740234375 0.34246826171875 -0.28216552734375
-0.40753173828125 0.47283935546875 -0.00526428222656254 -0.167251586914063
-0.323974609375 0.4539794921875 0.0229339599609375 -0.127944946289062
-0.1158447265625 0.58709716796875 0.0427703857421875 -0.0669708251953125
0.1019287109375 0.4722900390625 0.00871276855468751 -0.0427474975585937
0.277130126953125 0.3653564453125 0.00988388061523439 0.055633544921875
0.362945556640625 0.169708251953125 0.0736160278320313 0.0321578979492188
0.39617919921875 -0.005279541015625 0.101181030273438 -0.019195556640625
0.414031982421875 -0.027374267578125 0.0892333984375 -0.0262298583984375
0.396636962890625 -0.084075927734375 0.111824035644531 -0.053955078125
0.3729248046875 0.0445556640625 0.0898818969726563 -0.00539398193359375
0.38555908203125 0.178375244140625 0.0384979248046875 0.032806396484375
0.33050537109375 0.330474853515625 -0.00518417358398435 -0.0582160949707031
0.0675048828125 0.56353759765625 0.03692626953125 -0.125381469726562
-0.138519287109375 0.533935546875 0.127334594726563 -0.175323486328125
-0.32403564453125 0.547515869140625 0.252212524414063 -0.1358642578125
-0.387908935546875 0.51165771484375 -0.132003784179688 -0.00203704833984375
-0.281402587890625 0.5052490234375 -0.0306129455566406 0.00567245483398441
-0.05804443359375 0.61029052734375 0.0293998718261719 -0.030313491821289
0.148406982421875 0.471282958984375 -0.016571044921875 -0.0566291809082031
0.31231689453125 0.361175537109375 -0.058441162109375 0.00348663330078128
0.396820068359375 0.1630859375 -0.0660171508789062 0.00223922729492189
0.416900634765625 -0.007659912109375 -0.0510711669921875 0.0204734802246094
0.434051513671875 -0.01934814453125 -0.0464324951171875 0.0253410339355469
0.423736572265625 -0.065582275390625 -0.0228900909423828 -0.00164413452148438
0.387451171875 0.084625244140625 -0.0391654968261719 0.00971603393554689
0.37664794921875 0.2296142578125 -0.0409889221191406 0.0241889953613281
0.294189453125 0.368438720703125 -0.0360794067382812 -0.0472335815429687
0.0177001953125 0.57281494140625 0.0283432006835937 -0.0760955810546875
-0.174072265625 0.5289306640625 0.112663269042969 -0.0485153198242187
-0.35028076171875 0.55316162109375 0.13983154296875 0.0327072143554688
-0.30572509765625 0.4588623046875 -0.243423461914063 0.1715087890625
-0.194976806640625 0.45172119140625 -0.0767669677734375 0.148025512695313
-0.00650024414062503 0.506561279296875 0.00746536254882813 0.0199680328369141
0.149566650390625 0.376190185546875 -0.0467338562011719 -0.0473594665527343
0.280670166015625 0.294952392578125 -0.124481201171875 -0.0323562622070312
0.354766845703125 0.131591796875 -0.19610595703125 -0.00904846191406247
0.37005615234375 -0.006195068359375 -0.192779541015625 0.0670318603515625
0.3851318359375 -0.005462646484375 -0.17413330078125 0.0727386474609375
0.383514404296875 -0.0325927734375 -0.155120849609375 0.0418548583984375
0.335235595703125 0.11492919921875 -0.160873413085937 0.00755310058593754
0.295074462890625 0.245391845703125 -0.112350463867188 -0.00431823730468748
0.19464111328125 0.346466064453125 -0.0593605041503906 -0.0415153503417968
-0.046173095703125 0.477142333984375 0.0163726806640625 -0.0278606414794922
-0.187957763671875 0.428924560546875 0.0784225463867188 0.07427978515625
-0.3232421875 0.467803955078125 0.016082763671875 0.188079833984375
-0.188629150390625 0.320281982421875 -0.3243408203125 0.317840576171875
-0.097412109375 0.307037353515625 -0.1102294921875 0.2686767578125
0.01025390625 0.314544677734375 -0.0152435302734375 0.0730133056640625
0.097900390625 0.229461669921875 -0.0664482116699219 -0.0197296142578125
0.186386108398438 0.195266723632813 -0.16717529296875 -0.0512847900390625
0.253509521484375 0.0919036865234375 -0.290496826171875 -0.00680541992187502
0.263778686523438 0.00347900390625 -0.29864501953125 0.10968017578125
0.277786254882813 0.009124755859375 -0.274185180664063 0.107650756835937
0.284637451171875 0.00054931640625 -0.264801025390625 0.0654449462890625
0.22998046875 0.116836547851562 -0.252639770507813 -0.016510009765625
0.171142578125 0.209457397460937 -0.156646728515625 -0.0504913330078125
0.075775146484375 0.254867553710938 -0.0690078735351563 -0.0438079833984375
-0.082733154296875 0.3011474609375 0.00183773040771484 0.0101423263549805
-0.1558837890625 0.266311645507813 0.026458740234375 0.1678466796875
-0.23846435546875 0.316925048828125 -0.101287841796875 0.30328369140625
-0.0535507202148438 0.122390747070313 -0.366241455078125 0.41632080078125
-0.0130767822265625 0.110160827636719 -0.1263427734375 0.35113525390625
-0.00703430175781249 0.0909194946289062 -0.0280532836914063 0.119697570800781
0.0129241943359375 0.0755081176757813 -0.0668983459472656 0.0137252807617188
0.0588150024414062 0.0935134887695313 -0.180206298828125 -0.0573883056640625
0.115806579589844 0.0557022094726563 -0.33416748046875 0.00149536132812493
0.12030029296875 0.0206222534179688 -0.357757568359375 0.14093017578125
0.128974914550781 0.0211029052734375 -0.332916259765625 0.126953125
0.144866943359375 0.021209716796875 -0.335662841796875 0.071136474609375
0.101852416992187 0.0795211791992188 -0.302001953125 -0.049285888671875
0.0488510131835938 0.118980407714844 -0.168685913085938 -0.0991058349609374
-0.0124282836914063 0.111228942871094 -0.0648155212402344 -0.048065185546875
-0.0593490600585937 0.0949935913085938 -0.0146560668945313 0.0368576049804688
-0.0655136108398437 0.0911941528320312 -0.0293731689453125 0.2225341796875
-0.103782653808594 0.139022827148438 -0.191070556640625 0.367095947265625
-0.0994873046875 0.0537872314453125 0.208953857421875 -0.41754150390625
-0.081146240234375 0.059844970703125 0.074676513671875 -0.297637939453125
-0.0179595947265625 0.104942321777344 0.0171623229980469 -0.0654449462890625
0.0360183715820313 0.072540283203125 0.0263214111328125 0.0446052551269531
0.0432853698730469 0.01806640625 0.130874633789063 0.15765380859375
0.0130949020385742 -0.00485038757324219 0.320831298828125 0.10504150390625
0.0322017669677734 -0.0205211639404297 0.377960205078125 -0.0806884765625
0.0382461547851563 -0.0243911743164063 0.3497314453125 -0.130889892578125
0.0212821960449219 -0.0353660583496094 0.3543701171875 -0.147674560546875
0.0419692993164063 -0.0361785888671875 0.3333740234375 -0.04681396484375
0.0801010131835938 -0.0220947265625 0.195083618164063 0.022125244140625
0.108566284179688 0.041839599609375 0.0762252807617188 -0.0544815063476563
0.0374755859375 0.116783142089844 0.058349609375 -0.168930053710938
-0.0122909545898438 0.105873107910156 0.12353515625 -0.346527099609375
-0.0416107177734375 0.0735397338867187 0.423553466796875 -0.426422119140625
-0.246627807617187 0.228790283203125 0.183929443359375 -0.383087158203125
-0.206527709960938 0.208480834960938 0.08587646484375 -0.283905029296875
-0.085205078125 0.301971435546875 0.033660888671875 -0.0824356079101562
0.0427398681640625 0.240753173828125 0.0218544006347656 0.0181350708007813
0.1282958984375 0.166748046875 0.103927612304688 0.14892578125
0.152923583984375 0.072235107421875 0.280563354492188 0.098175048828125
0.187942504882813 -0.0166168212890625 0.335418701171875 -0.0692138671875
0.201858520507813 -0.033721923828125 0.3031005859375 -0.113067626953125
0.1800537109375 -0.067657470703125 0.3123779296875 -0.139007568359375
0.182998657226563 -0.0146942138671875 0.289215087890625 -0.044097900390625
0.21453857421875 0.047119140625 0.163330078125 0.0250091552734375
0.216293334960937 0.154449462890625 0.0514450073242188 -0.0664253234863281
0.0654296875 0.310394287109375 0.051971435546875 -0.180313110351562
-0.05877685546875 0.2998046875 0.128143310546875 -0.339141845703125
-0.160186767578125 0.287506103515625 0.4010009765625 -0.392333984375
-0.35693359375 0.3797607421875 0.105682373046875 -0.300079345703125
-0.295928955078125 0.350189208984375 0.0644989013671875 -0.2283935546875
-0.1231689453125 0.47589111328125 0.0440521240234375 -0.0868759155273437
0.06427001953125 0.38653564453125 0.0186576843261719 -0.0155315399169922
0.21173095703125 0.293487548828125 0.0666885375976563 0.111061096191406
0.279769897460938 0.136444091796875 0.196624755859375 0.06817626953125
0.319122314453125 -0.012481689453125 0.238037109375 -0.0504913330078125
0.334381103515625 -0.039642333984375 0.209915161132813 -0.0776519775390625
0.31256103515625 -0.09100341796875 0.22613525390625 -0.10870361328125
0.302093505859375 0.008270263671875 0.205612182617188 -0.0304718017578125
0.328277587890625 0.110595703125 0.111839294433594 0.0286331176757813
0.303070068359375 0.251708984375 0.0223426818847656 -0.0673713684082031
0.087738037109375 0.46893310546875 0.0435943603515625 -0.165878295898438
-0.09521484375 0.45465087890625 0.127288818359375 -0.28271484375
-0.253662109375 0.46063232421875 0.340667724609375 -0.29107666015625
-0.400604248046875 0.49066162109375 -0.00947570800781252 -0.167388916015625
-0.316680908203125 0.467193603515625 0.0199508666992187 -0.128860473632812
-0.101318359375 0.59844970703125 0.04217529296875 -0.0709381103515625
0.111480712890625 0.4757080078125 0.00678634643554688 -0.0452346801757812
0.289581298828125 0.362152099609375 0.011627197265625 0.0569686889648438
0.37255859375 0.16546630859375 0.0757369995117188 0.03106689453125
0.402740478515625 -0.015625 0.10321044921875 -0.0214080810546875
0.418548583984375 -0.0399169921875 0.0884170532226563 -0.0291748046875
0.399200439453125 -0.095062255859375 0.108963012695313 -0.0592269897460938
0.379058837890625 0.038909912109375 0.0922164916992188 -0.00875091552734375
0.394989013671875 0.17169189453125 0.0417442321777344 0.0307464599609375
0.341156005859375 0.32757568359375 -0.00907135009765622 -0.0591316223144531
0.082763671875 0.56866455078125 0.035980224609375 -0.130195617675781
-0.13043212890625 0.544219970703125 0.125579833984375 -0.180892944335937
-0.316314697265625 0.561126708984375 0.251739501953125 -0.142471313476562
-0.380401611328125 0.528839111328125 -0.133224487304688 0.00107574462890629
-0.27215576171875 0.51806640625 -0.03057861328125 0.00716972351074222
-0.04168701171875 0.61944580078125 0.0294761657714844 -0.0337848663330078
0.158966064453125 0.474395751953125 -0.0188407897949219 -0.0590667724609375
0.32568359375 0.3580322265625 -0.0595741271972656 0.00520706176757815
0.40655517578125 0.15716552734375 -0.0677604675292968 0.00511932373046875
0.42498779296875 -0.01910400390625 -0.049163818359375 0.0223846435546875
0.4388427734375 -0.03228759765625 -0.0462913513183594 0.0258636474609375
0.42645263671875 -0.07781982421875 -0.0247478485107422 -0.00320434570312501
0.3946533203125 0.07891845703125 -0.0380821228027344 0.0103721618652344
0.387664794921875 0.22369384765625 -0.0394096374511719 0.0238761901855469
0.305419921875 0.368804931640625 -0.0396842956542968 -0.0475730895996094
0.03436279296875 0.578857421875 0.0284576416015625 -0.0811767578125
-0.16522216796875 0.539520263671875 0.113639831542969 -0.0529937744140625
-0.33978271484375 0.5694580078125 0.141830444335938 0.02972412109375
-0.298065185546875 0.47308349609375 -0.241409301757813 0.178146362304688
-0.185516357421875 0.462554931640625 -0.0735931396484375 0.1527099609375
0.00765991210937499 0.513397216796875 0.0084991455078125 0.0180416107177735
0.15826416015625 0.37823486328125 -0.0485687255859375 -0.0491676330566406
0.2916259765625 0.290557861328125 -0.127799987792969 -0.0303421020507812
0.364044189453125 0.12640380859375 -0.200912475585937 -0.00247192382812503
0.376800537109375 -0.0162353515625 -0.1905517578125 0.0731353759765625
0.390655517578125 -0.017425537109375 -0.173446655273438 0.07635498046875
0.38787841796875 -0.042633056640625 -0.156524658203125 0.0435333251953125
0.34259033203125 0.109832763671875 -0.161361694335937 0.0114593505859375
0.3050537109375 0.242095947265625 -0.112754821777344 -0.00274658203125
0.20355224609375 0.34747314453125 -0.0628509521484375 -0.0410957336425781
-0.033660888671875 0.483154296875 0.0178737640380859 -0.0323562622070312
-0.182952880859375 0.437957763671875 0.0816879272460937 0.0715408325195313
-0.314849853515625 0.480682373046875 0.01947021484375 0.189193725585938
-0.183349609375 0.329376220703125 -0.3201904296875 0.327911376953125
-0.09112548828125 0.31353759765625 -0.104461669921875 0.274612426757813
0.019317626953125 0.31878662109375 -0.0134201049804688 0.0730438232421875
0.102630615234375 0.230377197265625 -0.0675010681152344 -0.0201988220214844
0.194198608398438 0.1922607421875 -0.17230224609375 -0.04803466796875
0.260223388671875 0.087738037109375 -0.296142578125 0.00183105468749999
0.269393920898438 -0.0034637451171875 -0.297119140625 0.118896484375
0.281890869140625 0.00140380859375 -0.273086547851563 0.1146240234375
0.2879638671875 -0.0064697265625 -0.265701293945313 0.0710296630859375
0.236801147460938 0.114517211914063 -0.254562377929688 -0.010406494140625
0.178390502929688 0.2091064453125 -0.15966796875 -0.0484161376953125
0.081512451171875 0.257339477539063 -0.0712966918945313 -0.0438308715820312
-0.075286865234375 0.305633544921875 0.00323963165283203 0.00687122344970705
-0.15234375 0.2730712890625 0.0315399169921875 0.16693115234375
-0.23370361328125 0.327545166015625 -0.096099853515625 0.308349609375
-0.0518417358398438 0.1256103515625 -0.36041259765625 0.426788330078125
-0.0102310180664063 0.111953735351563 -0.118804931640625 0.35821533203125
-0.00379180908203126 0.0933456420898438 -0.0252151489257812 0.121482849121094
0.0138626098632812 0.0766677856445313 -0.0671463012695313 0.0138168334960938
0.0632400512695312 0.0918197631835938 -0.186294555664063 -0.05499267578125
0.119674682617188 0.0529632568359375 -0.34136962890625 0.0115966796875
0.124038696289063 0.0175094604492188 -0.356109619140625 0.15155029296875
0.131484985351563 0.018157958984375 -0.33111572265625 0.135406494140625
0.146621704101563 0.01727294921875 -0.336334228515625 0.0787353515625001
0.105331420898438 0.0789108276367188 -0.30609130859375 -0.042388916015625
0.0523223876953125 0.120208740234375 -0.173873901367188 -0.0975799560546875
-0.0108871459960938 0.113983154296875 -0.0665817260742188 -0.0474472045898437
-0.0572662353515625 0.0967788696289063 -0.0131111145019531 0.0351638793945313
-0.0645980834960937 0.094268798828125 -0.0233917236328125 0.2236328125
-0.100982666015625 0.14434814453125 -0.1851806640625 0.374725341796875
-0.0993881225585937 0.0595016479492188 0.200439453125 -0.435150146484375
-0.0819320678710937 0.0639572143554688 0.065521240234375 -0.308197021484375
-0.0152740478515625 0.107933044433594 0.0152854919433594 -0.0682182312011719
0.0391616821289063 0.0728836059570313 0.0278053283691406 0.0458717346191406
0.04376220703125 0.0184097290039063 0.1422119140625 0.159439086914062
0.0129251480102539 -0.00278091430664063 0.3363037109375 0.095855712890625
0.0322666168212891 -0.0213375091552734 0.3843994140625 -0.09576416015625
0.038421630859375 -0.027099609375 0.3525390625 -0.14501953125
0.0215721130371094 -0.0374870300292969 0.35693359375 -0.163970947265625
0.0414009094238281 -0.0380210876464844 0.34130859375 -0.0609130859375
0.081878662109375 -0.0255661010742187 0.20367431640625 0.0156707763671875
0.113578796386719 0.0390090942382813 0.0757064819335938 -0.057952880859375
0.0422210693359375 0.118797302246094 0.0539703369140625 -0.174468994140625
-0.009490966796875 0.108406066894531 0.115203857421875 -0.358642578125
-0.0406112670898437 0.0764083862304688 0.421112060546875 -0.449310302734375
-0.245803833007812 0.245193481445313 0.175689697265625 -0.398284912109375
-0.205001831054687 0.221160888671875 0.07720947265625 -0.292938232421875
-0.076446533203125 0.311614990234375 0.0321884155273438 -0.0875244140625
0.050506591796875 0.245223999023437 0.0220184326171875 0.0177021026611328
0.136520385742188 0.167617797851563 0.114089965820313 0.151107788085938
0.16009521484375 0.0718994140625 0.2933349609375 0.090362548828125
0.193405151367187 -0.02349853515625 0.341766357421875 -0.0836181640625
0.206268310546875 -0.0435638427734375 0.30517578125 -0.126190185546875
0.183563232421875 -0.07586669921875 0.3131103515625 -0.1544189453125
0.187713623046875 -0.0198211669921875 0.29583740234375 -0.056671142578125
0.222991943359375 0.0404205322265625 0.171524047851563 0.01904296875
0.2276611328125 0.151748657226563 0.0493125915527344 -0.0696640014648437
0.078155517578125 0.318115234375 0.047698974609375 -0.18756103515625
-0.052154541015625 0.30975341796875 0.1202392578125 -0.3514404296875
-0.15557861328125 0.3011474609375 0.3985595703125 -0.413421630859375
-0.353302001953125 0.40557861328125 0.0982360839843749 -0.3096923828125
-0.291595458984375 0.368621826171875 0.0579376220703125 -0.235702514648437
-0.108978271484375 0.492431640625 0.0424118041992188 -0.092376708984375
0.07635498046875 0.395843505859375 0.0174350738525391 -0.0171747207641601
0.2269287109375 0.2947998046875 0.073822021484375 0.113136291503906
0.292083740234375 0.1341552734375 0.205718994140625 0.0631256103515625
0.329010009765625 -0.02471923828125 0.243743896484375 -0.0608978271484375
0.34259033203125 -0.05426025390625 0.211883544921875 -0.087554931640625
0.31829833984375 -0.10504150390625 0.2254638671875 -0.120574951171875
0.31109619140625 0.000244140625 0.21063232421875 -0.0406341552734375
0.341156005859375 0.102142333984375 0.118293762207031 0.0238800048828125
0.31988525390625 0.24945068359375 0.0185775756835938 -0.0697669982910156
0.106842041015625 0.478912353515625 0.0401763916015625 -0.173934936523437
-0.08489990234375 0.470306396484375 0.121368408203125 -0.294464111328125
-0.244720458984375 0.481781005859375 0.339813232421875 -0.30816650390625
-0.394927978515625 0.520782470703125 -0.0151824951171875 -0.170700073242188
-0.307708740234375 0.490509033203125 0.0154876708984375 -0.131515502929687
-0.08135986328125 0.61553955078125 0.0410079956054688 -0.0769500732421875
0.1280517578125 0.4854736328125 0.00403213500976563 -0.048187255859375
0.309417724609375 0.3624267578125 0.0152359008789063 0.0590972900390625
0.389617919921875 0.159942626953125 0.078948974609375 0.0304107666015625
0.4149169921875 -0.0306396484375 0.106803894042969 -0.0261001586914063
0.429534912109375 -0.057952880859375 0.0890884399414063 -0.0334701538085938
0.40692138671875 -0.113037109375 0.107254028320313 -0.066253662109375
0.3916015625 0.029571533203125 0.0947418212890625 -0.01397705078125
0.411651611328125 0.163116455078125 0.0456657409667969 0.0283393859863281
0.362762451171875 0.3265380859375 -0.0140380859375 -0.0601959228515625
0.10479736328125 0.58135986328125 0.03326416015625 -0.137886047363281
-0.11865234375 0.56329345703125 0.122711181640625 -0.191009521484375
-0.3048095703125 0.5880126953125 0.253158569335938 -0.153732299804687
-0.371551513671875 0.5572509765625 -0.136634826660156 0.0064010620117188
-0.2601318359375 0.54144287109375 -0.0312633514404297 0.00986289978027347
-0.0186767578125 0.6370849609375 0.0296783447265625 -0.0377998352050781
0.176422119140625 0.482147216796875 -0.0227241516113281 -0.0617485046386718
0.34814453125 0.3568115234375 -0.0604095458984375 0.00819396972656252
0.424896240234375 0.149322509765625 -0.0702362060546875 0.00926971435546874
0.43817138671875 -0.03533935546875 -0.0471343994140625 0.0242080688476563
0.45135498046875 -0.051361083984375 -0.0466194152832031 0.02716064453125
0.43511962890625 -0.095489501953125 -0.0276126861572265 -0.00456809997558594
0.409576416015625 0.07012939453125 -0.0382881164550781 0.0105361938476563
0.405517578125 0.215911865234375 -0.0384025573730468 0.0238914489746094
0.326324462890625 0.369873046875 -0.0442085266113281 -0.0469474792480469
0.0556640624999999 0.5927734375 0.0272293090820313 -0.088134765625
-0.155792236328125 0.560699462890625 0.115089416503906 -0.059539794921875
-0.3289794921875 0.59759521484375 0.145614624023437 0.026092529296875
-0.291717529296875 0.497955322265625 -0.242034912109375 0.19049072265625
-0.173583984375 0.481842041015625 -0.07025146484375 0.159698486328125
0.027374267578125 0.52838134765625 0.00998783111572266 0.0162744522094727
0.17254638671875 0.384735107421875 -0.0524253845214844 -0.0511131286621093
0.31072998046875 0.28753662109375 -0.133819580078125 -0.0270614624023437
0.3804931640625 0.118194580078125 -0.207626342773438 0.00610351562500003
0.3892822265625 -0.03143310546875 -0.190093994140625 0.081451416015625
0.4022216796875 -0.03375244140625 -0.1748046875 0.08282470703125
0.396636962890625 -0.0579833984375 -0.160690307617187 0.0485382080078125
0.356414794921875 0.10333251953125 -0.16436767578125 0.0161895751953125
0.32159423828125 0.238250732421875 -0.115135192871094 -0.00105285644531247
0.220794677734375 0.352569580078125 -0.0670356750488281 -0.0401840209960937
-0.01654052734375 0.496368408203125 0.0178871154785156 -0.0375480651855468
-0.17425537109375 0.455841064453125 0.0863723754882813 0.068450927734375
-0.306060791015625 0.5072021484375 0.0256195068359375 0.192977905273438
-0.177734375 0.346221923828125 -0.316986083984375 0.34515380859375
-0.081756591796875 0.325439453125 -0.09674072265625 0.28656005859375
0.032623291015625 0.327239990234375 -0.01092529296875 0.0745086669921875
0.111618041992188 0.234939575195313 -0.070953369140625 -0.020843505859375
0.207321166992188 0.189498901367188 -0.18121337890625 -0.0439605712890625
0.272171020507813 0.0810394287109375 -0.306640625 0.01519775390625
0.279190063476563 -0.01458740234375 -0.29754638671875 0.1326904296875
0.291015625 -0.009307861328125 -0.274871826171875 0.12445068359375
0.2957763671875 -0.0169677734375 -0.271377563476563 0.080108642578125
0.248626708984375 0.111297607421875 -0.261505126953125 -0.0022430419921875
0.190643310546875 0.208450317382813 -0.165481567382812 -0.045928955078125
0.092041015625 0.263275146484375 -0.0752792358398437 -0.0424957275390625
-0.06634521484375 0.315948486328125 0.00420498847961425 0.00354123115539553
-0.14801025390625 0.286285400390625 0.0382537841796875 0.167617797851563
-0.22808837890625 0.345977783203125 -0.089630126953125 0.31854248046875
-0.0505752563476562 0.131149291992188 -0.356231689453125 0.4461669921875
-0.00617980957031251 0.1153564453125 -0.109039306640625 0.3717041015625
0.000259399414062509 0.0969467163085938 -0.0220794677734375 0.125328063964844
0.015655517578125 0.0785903930664063 -0.0685806274414063 0.0148773193359375
0.06903076171875 0.0906143188476563 -0.196563720703125 -0.0504608154296875
0.125564575195313 0.04962158203125 -0.35205078125 0.026885986328125
0.129310607910156 0.0130615234375 -0.35809326171875 0.167816162109375
0.13665771484375 0.0138092041015625 -0.3331298828125 0.148223876953125
0.151473999023438 0.01300048828125 -0.342010498046875 0.0912170410156251
0.111907958984375 0.0786666870117188 -0.31561279296875 -0.0330200195312499
0.058074951171875 0.122489929199219 -0.182403564453125 -0.0946502685546875
-0.007720947265625 0.118209838867188 -0.0691337585449219 -0.0464401245117187
-0.0552749633789063 0.101547241210938 -0.0116806030273438 0.0337562561035156
-0.0639190673828125 0.0998764038085938 -0.016204833984375 0.228042602539063
-0.098602294921875 0.152877807617188 -0.178802490234375 0.38946533203125
0.0876964007299398 0.101082507637283 0.49407381232773 -0.0982506815644611
0.108261393946689 0.0566981458964829 0.325105860683789 -0.119195784796803
0.100831094475586 -0.0458703449835123 0.0494034520742569 -0.039565025242177
0.0311877595087554 -0.0900230639845497 -0.0524157805758031 0.0500447805039072
-0.0346648531751014 -0.0595819213722588 -0.0684902354243088 0.233846692736442
-0.0422619970568596 -0.024250004159692 0.0723181712728286 0.353202164854089
-0.0599857185340055 -0.0119199493028394 0.231395216140057 0.337903216889522
-0.0680227537654253 0.00361067380467231 0.316933428920884 0.274586182919462
-0.0736362209385095 0.00739462287187802 0.310625533674738 0.269029399154187
-0.0753232906319877 0.00173501872002762 0.220623520211782 0.27118986392263
-0.0858172994023119 -0.0441126647181566 0.0850972124695157 0.211601843158215
-0.0449476721172456 -0.119719642348747 0.0731836800286071 0.0480384680038093
0.0417686696840874 -0.105199207998674 0.161983031914104 -0.0597784691892221
0.079981231516071 -0.038947614195691 0.366499565980899 -0.0940589459410553
0.063923575974449 0.0184259970961485 0.604577917951096 0.0413962350508164
0.320585767758813 0.113517782770406 0.434511456830719 -0.133523793622724
0.316446663261533 0.0533449746692868 0.307537416017635 -0.140567793990601
0.307913639488051 -0.116322178634349 0.0379082755390739 -0.0718887971898029
0.173876643094534 -0.223557853468948 -0.076792697347733 0.0114110800419939
0.00722637286884617 -0.239704883400556 -0.103740840227144 0.213408567425934
-0.075677356535856 -0.185796482508481 0.0357303194712509 0.327343255793228
-0.148503284317708 -0.156383658899566 0.183955544373913 0.318751266624338
-0.18788638690604 -0.109192696395999 0.268712113739035 0.253975381547212
-0.201544925384069 -0.109937677415804 0.27088694282518 0.247470479881114
-0.155328299149573 -0.128087086529247 0.176118557248702 0.24496291573456
-0.133395322865625 -0.195764873695219 0.0443282094823873 0.190223958884996
-0.0174436391541155 -0.29075967382436 0.0433810097961181 0.0143433044691629
0.14845973056656 -0.27483754811363 0.153106985727961 -0.0835199062314593
0.258899799419148 -0.129963025468256 0.358028603518381 -0.110617757796529
0.29833416755076 -0.00926296844198933 0.573339884209435 0.0219945048990207
0.517423716616052 0.102481048705212 0.300509064034341 -0.176201538191578
0.493786324082095 0.0193985172317492 0.229803516574437 -0.161492951026328
0.477832895482562 -0.199465662522817 0.0102523221812718 -0.0928140217203802
0.287209276090348 -0.351486419288632 -0.090241331715846 -0.0234910699451944
0.0361853659755493 -0.398776288291023 -0.114752418136627 0.164022853069124
-0.105555980423604 -0.323724455787857 0.00054890656024758 0.250300477019402
-0.218594140739657 -0.279591114872329 0.109003537223826 0.247899060273329
-0.280046099534722 -0.205169049526375 0.179302599198794 0.195255793826627
-0.30042493082989 -0.209566920307006 0.19144991697944 0.193574485479381
-0.216160831393238 -0.242476844745486 0.103714931100035 0.188339265256553
-0.168478628262453 -0.326048307132369 -0.00519461742922494 0.147209081475964
0.00943704456606501 -0.432856230031019 0.00474240214211276 -0.0166513764882768
0.236209609126577 -0.413268117645432 0.124276056561096 -0.0924573532132001
0.401874454026403 -0.205936658359091 0.304466513436116 -0.0977383371150797
0.488402071312733 -0.0369917256577968 0.466415098513044 0.0214112727168154
0.643489327796686 0.0555897511248473 0.103581570355394 -0.208854433764162
0.607413010684796 -0.0569632572885955 0.092708398824048 -0.166794738872518
0.563733080320051 -0.301402724008478 -0.037219718266644 -0.0917478826708282
0.329564689821131 -0.460770618273859 -0.0993211412183873 -0.0488195313735652
0.0293042500715959 -0.505339349153989 -0.111182655877247 0.0879427002484624
-0.13690139785122 -0.410638778349368 -0.0393461700546099 0.132664953257708
-0.263902374030658 -0.355506627599383 0.0147993872066772 0.140268643363054
-0.332861904314511 -0.26968291201732 0.0638128741494947 0.111028052214058
-0.352768802432568 -0.282839164077004 0.0818229339228474 0.113698310560075
-0.241090850168151 -0.32853316803042 0.0118281242804314 0.106471633951487
-0.169777701501739 -0.419504106001959 -0.0603068269246862 0.08081977063274
0.0528742680732633 -0.519261549520858 -0.0343741003156647 -0.0473570503711519
0.30597724783287 -0.490993504240048 0.0837261341935091 -0.0857492337109133
0.493436344811018 -0.242854376408874 0.214442414742636 -0.0560856514269748
0.603593066349253 -0.0532821735023231 0.301350160766354 0.0382083191082874
0.674855175923241 -0.00548800618114188 -0.126145768463324 -0.211189944038772
0.618891183337796 -0.145572928144354 -0.0797280228952039 -0.137128642143116
0.544629388510469 -0.369195547376762 -0.0923626435798502 -0.0688836073180336
0.295054519982806 -0.499398199236227 -0.105478851736106 -0.067232122928307
0.00410664595549357 -0.525487144836313 -0.10884612869234 -0.00718471780280179
-0.153414260383699 -0.426106686204029 -0.0918430530950852 -0.00618092989899219
-0.272242285768749 -0.376509939426891 -0.0920412518086251 0.0152033067959275
-0.333438946783105 -0.295263794174814 -0.0633409946750673 0.010538155229002
-0.342559460680861 -0.319177504817534 -0.0384841135705441 0.0146389681383367
-0.214924463495908 -0.373498160420305 -0.0803037733623716 0.00172524319698621
-0.120969966314207 -0.451664653328321 -0.103769091176105 -0.00726137144334612
0.115847616190763 -0.516734789627379 -0.0615735007833175 -0.0788072753747813
0.349420598405724 -0.468599941621481 0.0421832876778636 -0.066672921353079
0.513011818737147 -0.22106216352881 0.100135187939799 0.00289854233272668
0.626871845718538 -0.048915200256806 0.100317391103612 0.0638508741449105
0.590027394905163 -0.0613696135197387 -0.344707734899545 -0.179504865165015
0.512412007289797 -0.192988923709599 -0.242967634941569 -0.0744785531029605
0.425708261877178 -0.348813948747438 -0.135174778235395 -0.0342959157815181
0.215759258083288 -0.426026272937141 -0.103889406154525 -0.0780036729043698
-0.0115025653949862 -0.443644229845269 -0.107692963395164 -0.100566784305761
-0.135209026928016 -0.369270957651692 -0.146508654685251 -0.137019691682195
-0.233187670264891 -0.337838930505406 -0.193556911379974 -0.105396735525431
-0.278942096317124 -0.276824543480741 -0.179994127577325 -0.0912642956335335
-0.277248122043413 -0.3082325139675 -0.144512935405988 -0.0937583217386761
-0.145747515244231 -0.357101873428963 -0.145366977810954 -0.112110016084137
-0.042612755527118 -0.40419521464316 -0.113962008458606 -0.102721847703942
0.168736158019324 -0.413023219795164 -0.0641463522512397 -0.104230036956217
0.341308919625642 -0.352177404059105 0.0073618099638799 -0.0448430728929019
0.448696809944997 -0.150250211851162 -0.0187765690661978 0.0532576383347597
0.549356075994203 -0.0294639207981052 -0.102747422577138 0.0824044775512139
0.410351598629198 -0.0889476470851044 -0.511625791234775 -0.126464029631354
0.322514229457646 -0.177429645274875 -0.362615984746868 0.000241610045631873
0.254070970041067 -0.235946732769392 -0.156285866326821 0.00201716995694712
0.131028648540343 -0.267591364013415 -0.0936322899913127 -0.0762553059915369
-1.92295339250942E-05 -0.293045533525962 -0.101630961985785 -0.169333681024284
-0.0834542759774832 -0.260156852441127 -0.188979839198691 -0.235747059360258
-0.15068058851751 -0.251133280944045 -0.269665894008576 -0.203669442632856
-0.182262189453321 -0.216235606700542 -0.267842738198076 -0.178782291799608
-0.172950568314956 -0.245868828319623 -0.216785235311493 -0.194656306698718
-0.0622775542063329 -0.2766805153961 -0.166023756840352 -0.215436843417872
0.0288866768018561 -0.28362711170708 -0.0814578530404062 -0.182162435256388
0.17505024778034 -0.245487447132788 -0.0390793950416003 -0.115394007184218
0.259799352405467 -0.188218137442714 -0.0174297584675178 -0.0240662126934865
0.307000221274337 -0.071290538122608 -0.123918417104753 0.081709862043034
0.387804791619637 -0.0163781744160318 -0.276849142016387 0.086671281583787
0.168402263562359 -0.0871936320567079 -0.603191969878631 -0.0652688580440015
0.0991697152090869 -0.109614011945294 -0.424816465487472 0.0727675289858281
0.0795688497565104 -0.0727649301396345 -0.153873300444263 0.0380594880581525
0.0635582540923896 -0.0734232360657019 -0.071338214678993 -0.0616912664609909
0.0336552030633676 -0.11635414212847 -0.0850123883237842 -0.206833126062312
-0.00760796154015914 -0.126590714405016 -0.207736641237395 -0.291552585666382
-0.0394061887685622 -0.134376865921688 -0.309935874512957 -0.266231484864353
-0.0593409739682842 -0.122314552704602 -0.314790294908028 -0.238073647579584
-0.0547284470051005 -0.138308961935105 -0.247656364757546 -0.270659625232346
0.0065597740490833 -0.145985472448998 -0.14755301817463 -0.285790678110441
0.0591689244252971 -0.123131223785894 -0.022517409031104 -0.228228265228747
0.112554788898447 -0.0667291679020029 -0.00353758453467363 -0.103910104202089
0.110664717941545 -0.0391533532430083 -0.0364152714536361 -0.00382062464960268
0.116911963935375 -0.0251967758374813 -0.203563756123216 0.0888522561536243
0.175384962447477 -0.0227387282690673 -0.398722274744513 0.0824713520927634
0.0952750308970617 0.0951737692893853 0.494349274404444 -0.129308725354374
0.113662114703532 0.0504181258613476 0.320084077606924 -0.142014571208006
0.0987934632953097 -0.0525113239070684 0.0484018296900716 -0.0434973987040287
0.025953474694659 -0.0927776518761681 -0.0507097997490989 0.0544288095894094
-0.0367744568241623 -0.0585071946012456 -0.053507971959973 0.243050260903912
-0.0432930167441376 -0.0237320771698971 0.0983803559360503 0.352612549847653
-0.0614489163868251 -0.00843878590085269 0.256197062667396 0.325807531862337
-0.0687802943307699 0.00855821342086439 0.33550371404916 0.255829781224163
-0.0744601148565062 0.0126120257536358 0.331378626747479 0.249713367896086
-0.0756047491907094 0.00692270245196449 0.243397361117476 0.259438025184869
-0.0898832680655027 -0.0387580473990879 0.102192167176336 0.211273105281495
-0.0542665151053998 -0.118351259282436 0.0763172151894805 0.0438330138076614
0.0361551926534394 -0.109749468817579 0.159989533755743 -0.0702265400661024
0.0785292206822368 -0.0430866615027204 0.363553202501417 -0.117344446872417
0.065950622563297 0.0147422372956031 0.613068940255736 0.00607165928490802
0.332171837672322 0.0922503512236473 0.431720692504421 -0.160967042499881
0.322397125461808 0.0334251920387011 0.300260467451296 -0.161495562360219
0.30260765869811 -0.137444366606374 0.035244995323142 -0.0759912812726916
0.162951172011801 -0.236137771529523 -0.0770403145173656 0.0154560309945904
-0.00676433265751545 -0.242645202861937 -0.0896294978214479 0.224802251348008
-0.0877805721475248 -0.185592757048255 0.059340089574307 0.329661113410612
-0.160793620804409 -0.149378833243885 0.20715131822478 0.309546846073235
-0.197789176654275 -0.0975425976933058 0.286166584581101 0.238370026420902
-0.212023005187423 -0.0973035337298733 0.289994774162011 0.231138491503512
-0.164626986790787 -0.120799804938194 0.195772192703443 0.235432092738356
-0.147774793418955 -0.188590101641051 0.0599238672963263 0.191077728737312
-0.0371471487280789 -0.294352603646346 0.0435808379472057 0.0113471085816607
0.132393511199284 -0.287996800054244 0.15066654608147 -0.0947909712262683
0.256000676566916 -0.146435295578283 0.354537352719827 -0.133416320779129
0.303211904271728 -0.0285019623289771 0.582181284953115 -0.0121076688183619
0.530590641699037 0.0672020428454763 0.292035527965939 -0.195923095474809
0.500071241218321 -0.0108746997347927 0.221207094220052 -0.177627606001636
0.468720257174614 -0.232082904780524 0.00702806819566843 -0.0952054061463942
0.271145174279347 -0.373205132025014 -0.0926245132751143 -0.0204085833415419
0.0113097221245168 -0.405294245789526 -0.103816377178467 0.175602675151418
-0.127039602770225 -0.324000100092369 0.0172141443536467 0.253769771870515
-0.24052654474176 -0.268965213038978 0.127719808756692 0.243441987908937
-0.298352616999965 -0.187288116660245 0.192972197426256 0.184495348306152
-0.319604436206231 -0.191985386162819 0.205714052516252 0.180333345668656
-0.234384066335685 -0.233615734290306 0.118857201515925 0.18304235230895
-0.19165438212735 -0.318701586975321 0.0070618864791016 0.149630489342877
-0.0179559355506842 -0.440677823014567 0.00231765922283436 -0.0175001215077089
0.213566179833666 -0.435320363597686 0.121425784024482 -0.102913700514795
0.396755130160315 -0.233266920548004 0.30219660748997 -0.118982959569831
0.494578869526285 -0.0695298830765081 0.473046002756716 -0.00694131680151591
0.656365902852752 0.0134763865781742 0.0911241129961416 -0.216603265004112
0.610014732498206 -0.0968817661849072 0.0815030351304045 -0.17352235787847
0.549550568281014 -0.341246148008556 -0.0412283361391996 -0.0914211148762179
0.30749607497556 -0.486944051554695 -0.103242252182883 -0.0459083356673912
-0.00315795448311279 -0.513006649566335 -0.105596855165471 0.098010783895373
-0.164545792373321 -0.4105683445405 -0.0323641724264695 0.137895381582463
-0.292850947458841 -0.343252932847294 0.0269226518266106 0.141436636981608
-0.357091211489343 -0.249613567855272 0.0712298850749854 0.106762711755677
-0.376313479630889 -0.262888048981492 0.0897826481603508 0.106494266635881
-0.265105674339333 -0.320620973913147 0.0196674051109265 0.105590509792984
-0.198898824958413 -0.413581277713548 -0.0529951596551439 0.0854063041079095
0.0211882493446876 -0.531752167004908 -0.0398552103490192 -0.0460911654451259
0.277677278555467 -0.517012843216432 0.0813266286836157 -0.094324787064546
0.487003307841089 -0.276906845531482 0.213648983557752 -0.071596429716693
0.609408430693211 -0.0934955730987286 0.306163292704121 0.0195527612824511
0.68366333252161 -0.0513625471504442 -0.141226923269145 -0.204859010589481
0.614689325574665 -0.184512166370284 -0.0897428517138358 -0.131904176952215
0.526190535493098 -0.41037100985034 -0.0955352527686996 -0.0651442327785624
0.27024582664084 -0.524254608579382 -0.110157183430443 -0.0640647289519127
-0.0324384621325893 -0.530968393107532 -0.109549003580039 0.00143951734586728
-0.182426386476059 -0.42454557996489 -0.0953029074991565 0.000489288691892716
-0.303023199887213 -0.363615485894834 -0.0891682951560417 0.0222585272243065
-0.35801418329904 -0.275655647929062 -0.0627307999198996 0.0132505751354262
-0.369394201449993 -0.299734738855847 -0.038138863599335 0.0141697122119423
-0.240587942647823 -0.367491304202625 -0.0810457520394166 0.00556921430636437
-0.151829833100288 -0.449200604958148 -0.103475064111361 -0.00157579593903304
0.0853750208290338 -0.532297847687884 -0.0690194212683956 -0.0762120657937476
0.324678996778517 -0.49741418547588 0.0404578884719647 -0.0732180243638125
0.508566914719696 -0.255636883907509 0.102423029519889 -0.00597706668025261
0.631647667082098 -0.0906231374171823 0.104716541484448 0.0577474742943742
0.595698646316984 -0.101598684132928 -0.360097451505587 -0.159847948394117
0.505074503176423 -0.22651286375294 -0.250368368563091 -0.0583768836463916
0.407626806638385 -0.380563815966238 -0.136674703706973 -0.0270740297005454
0.19432624898587 -0.447365084992513 -0.109541877219166 -0.0747760158765317
-0.0408453404043266 -0.448001007669593 -0.115766136604736 -0.0942650573643965
-0.161845176254376 -0.366667345864392 -0.159954265303039 -0.127993697665789
-0.261726946825546 -0.326890618095158 -0.199293699096453 -0.0930287182009418
-0.303044121339883 -0.260330098461825 -0.186204938846583 -0.0813960096824952
-0.302015499506366 -0.292931968272001 -0.151829424984111 -0.0874834483654051
-0.171024151658158 -0.355477691131341 -0.154066736660432 -0.104977575368307
-0.0691449364779008 -0.405860234350627 -0.120200329528389 -0.0976282909343311
0.145192124395049 -0.43151643914026 -0.0721801025588698 -0.101838674281917
0.322452781586067 -0.377831592748019 0.00673929606886322 -0.0493388774648421
0.446243737142599 -0.179757672114141 -0.0139145372024293 0.0530818921759321
0.55535464089809 -0.0677004726171495 -0.0997693421469128 0.0887017470680742
0.412193429948164 -0.116469522955491 -0.52394706734884 -0.0969648641197442
0.31467397318901 -0.199110300422637 -0.366037211966512 0.0249249589903471
0.242164594653251 -0.256090695405779 -0.156656762320339 0.0112396968031308
0.118266393131026 -0.280733172723141 -0.0991460126623347 -0.0737063305410949
-0.0198391508630198 -0.295641405017317 -0.114987729534673 -0.165842621343434
-0.102151015511517 -0.259790724228827 -0.210022087241549 -0.225574395328853
-0.171597395877879 -0.244555674951386 -0.283317274179712 -0.187106142727397
-0.200852310859772 -0.206428340681538 -0.27977844573573 -0.163707971932176
-0.192842938811664 -0.237549883682248 -0.231249505577793 -0.184939835837636
-0.0810310348829962 -0.278885160650796 -0.182024840853801 -0.20736436320822
0.0114767911930061 -0.290076213858079 -0.0944357010967804 -0.180711002228655
0.162732143732723 -0.261585718564985 -0.0467654233110855 -0.114315657576567
0.250262842021181 -0.207383333267696 -0.016898604850259 -0.0263870031602326
0.30685479859284 -0.0917285810779635 -0.118283247888096 0.0884604024839628
0.392221582862836 -0.0427553953804323 -0.276393825328725 0.103163018518679
0.167497491795937 -0.0985080046190176 -0.61260536251541 -0.0288058325010684
0.093332390971044 -0.116574725240747 -0.424798133332747 0.101327432483075
0.0756496076697327 -0.0794511018507693 -0.153063701183321 0.0477287444418362
0.0612825086720597 -0.0792368588132774 -0.075322592794176 -0.0594752522394924
0.0251189728783886 -0.119088092295404 -0.101727781258757 -0.205826539463344
-0.0166007444926658 -0.127455637987054 -0.232745386749924 -0.281544401005511
-0.0501209292919425 -0.133121203087554 -0.329773115542335 -0.248069753576538
-0.0693161695471829 -0.119894145724522 -0.330533572098264 -0.220544662826693
-0.0654738505134302 -0.136570531291531 -0.266612580443024 -0.258927483386757
-0.00338890541706679 -0.150208986555311 -0.168425709028887 -0.279265528662648
0.0524290603855763 -0.129021990727923 -0.0379610323051315 -0.230646932638179
0.110915026533759 -0.076117888607658 -0.00937511412202909 -0.104373709723865
0.109508583994131 -0.0464800594270254 -0.0356994063475188 -0.00409614287754592
0.117776992053116 -0.0333122307940221 -0.198709128477629 0.100622036553906
0.176774264670936 -0.0345753957559018 -0.399263882738827 0.106479580686574
0.0983985121428465 0.0880419810014215 0.483857868206221 -0.154874672609527
0.115184421184551 0.0438678454770833 0.307621412663373 -0.159121237723679
0.0945737137780805 -0.0567825005843546 0.0465097227347269 -0.0462937656049921
0.0206339286851782 -0.0925573997084755 -0.0473051929778176 0.0570046451629237
-0.0384713160221612 -0.0567763787378661 -0.0368325168096619 0.245931145612416
-0.0432448019916798 -0.023130157509982 0.120295431262948 0.344683868572844
-0.0614553962790417 -0.00540938582271883 0.272733854262218 0.30656160612398
-0.0678700097243355 0.0132421830282652 0.345674962476456 0.234246145016096
-0.0730267129053974 0.0172883316336612 0.343085311350443 0.227846160562009
-0.0739204704159602 0.0109215285892509 0.258400543531197 0.241974745279415
-0.0914979579685537 -0.0324949072328874 0.116302985316509 0.205281757407365
-0.0616285055473256 -0.113482445708902 0.077669222430513 0.0391626196258194
0.0301493617832205 -0.111506116855674 0.154205989304373 -0.0781983246615442
0.0763809245345278 -0.0460594080949368 0.353437265318105 -0.136425123648412
0.0669264326517357 0.0106879386428671 0.608910886230561 -0.0277972523781545
0.335084229870683 0.0710709670679351 0.418697840140325 -0.182703514664968
0.321627002417973 0.0152191150938019 0.286988960226905 -0.176521237009567
0.290842312444847 -0.153914183877313 0.0319846484119192 -0.0773846096188809
0.150171016693487 -0.243080755955507 -0.0757623390976766 0.0181400337264454
-0.0194857452549546 -0.241394456863392 -0.0741957411890361 0.230015315364759
-0.0970816994387188 -0.182215002808673 0.0795764802145143 0.324754259717367
-0.168829779021838 -0.139410781391398 0.224225805606308 0.293956453608502
-0.202395242633958 -0.0837214216057161 0.294964193709477 0.219191173223804
-0.216680313041594 -0.0832846458764114 0.300028517318381 0.210302239986238
-0.169827808177584 -0.112013270476246 0.209780793954498 0.221361211315467
-0.157546871495211 -0.178064896420943 0.073601700253008 0.186683880366802
-0.0543996309035854 -0.290287894974786 0.0424963082664685 0.00881010174920002
0.115947578430607 -0.293967065757385 0.144970645741545 -0.103779614503295
0.247335304303202 -0.158603024436086 0.344359116960269 -0.152088719802997
0.300406171909883 -0.0466528390759106 0.576810986159876 -0.0453004501562189
0.532477222553763 0.0353046682079231 0.278580213314048 -0.209137516188499
0.495391405973163 -0.0389698274133649 0.207373345198616 -0.188059202761904
0.449533230499151 -0.257937027150259 0.00339220778724227 -0.0957419885989136
0.249918398598911 -0.386062184792342 -0.0929142121747019 -0.0172537998626831
-0.011443560187486 -0.403167338546491 -0.0908030048487828 0.182162230538492
-0.143937130643231 -0.318487011371384 0.0326013422428183 0.251852515374162
-0.256385371714084 -0.254031205944415 0.142200097422658 0.232933267501226
-0.307873957072237 -0.167179989994228 0.199933052142632 0.170520492820375
-0.329384714745753 -0.16994579329583 0.213161724672656 0.164779765817144
-0.246410194951622 -0.220790935973642 0.129962519547104 0.173207406384189
-0.208222270903744 -0.304482167714959 0.0184241455674149 0.147757514275958
-0.0430189270773974 -0.438981606232294 -0.000805443752063167 -0.0178364225591637
0.187831978530655 -0.445265162114832 0.115572660781907 -0.111678759504751
0.38412428994074 -0.252946791176811 0.292618311137138 -0.135712219431776
0.487861611963885 -0.0987836427478056 0.468712535536078 -0.0325633182737651
0.652744098017081 -0.0279068175082397 0.0772948729722927 -0.218204742440228
0.599892022957819 -0.127494301842459 0.0708877596050099 -0.175362268953823
0.524161470310981 -0.369752444589783 -0.0440267837728749 -0.0896788463818082
0.281059008877267 -0.501131493079871 -0.104868866775449 -0.0429869717673857
-0.03235931258677 -0.50897308948865 -0.0973001320631703 0.105103769139445
-0.186616433865597 -0.401892126132786 -0.0249596921209349 0.139608501546406
-0.313630777673062 -0.323283698814512 0.0369169543567487 0.137522952881789
-0.369446266275499 -0.225260336406422 0.0759987247643361 0.100401221645269
-0.389725174715757 -0.237241879835539 0.0940319847734833 0.0977708524156383
-0.281490482025717 -0.305795737784983 0.0263278096759771 0.101978252516785
-0.220605346357081 -0.399001108795666 -0.0453096191409151 0.0869269712926058
-0.00900488945140032 -0.530874657675042 -0.0438541172727946 -0.0436871463016704
0.246638962923502 -0.529663484358556 0.0767581816738068 -0.101161907604281
0.469696903836214 -0.30110464824729 0.207900971788907 -0.0843561559850185
0.600022903408146 -0.128347427642027 0.304450854240673 0.00224371757153845
0.676010818240356 -0.0928261621265734 -0.151825999690236 -0.19406227864744
0.599694389389066 -0.217028833649351 -0.0966525284508206 -0.124359771995686
0.496829287222016 -0.437572971811239 -0.0965656743276885 -0.0603103046741129
0.242313006072192 -0.537868456123643 -0.113395474980945 -0.0609253374533151
-0.061666912652746 -0.523922540357932 -0.107196805081246 0.00820075695141983
-0.20670002296977 -0.414015774890269 -0.0962442319360504 0.00748094491653231
-0.324401664775484 -0.342878613989563 -0.0839878989804144 0.0262041282576834
-0.374061754316921 -0.250833566765006 -0.0613837844731944 0.0154023404850327
-0.384986264299045 -0.273885101952358 -0.0377307031975854 0.0136186320525699
-0.26054342505246 -0.354563996783119 -0.0801426919788289 0.00922065866985282
-0.176702250088245 -0.436591308305432 -0.101039774436465 0.00304474607994439
0.0549368568305655 -0.536546325391938 -0.074007435046801 -0.0715204878654886
0.293939746467999 -0.512442339367423 0.0374139957015698 -0.0786268792488315
0.491043532366225 -0.280609213601148 0.101776581481954 -0.0133332385176539
0.623640331973297 -0.126870631584543 0.105277097972955 0.0507782218056751
0.58743182317593 -0.136289669849877 -0.365512336797661 -0.137689456305547
0.489204790386696 -0.251646293207444 -0.250848360458819 -0.0424166019435504
0.380839751416938 -0.402169955856768 -0.135907586734109 -0.0204973206690721
0.171316836949015 -0.456795216755419 -0.113239287008828 -0.0711026855411005
-0.0667861331792303 -0.440377836382195 -0.11946539341921 -0.0868239988798574
-0.182323820953804 -0.358176882309227 -0.169011778341032 -0.116258302417791
-0.281301676942056 -0.309051920376799 -0.199639107007553 -0.0812193558938381
-0.317759083581501 -0.239493380539779 -0.187968229543533 -0.0721275468820569
-0.318430623308994 -0.270913126378484 -0.155574647138613 -0.0799335015738594
-0.190616025347776 -0.345722099982691 -0.159470146301161 -0.096146279241539
-0.091088330758476 -0.399028893840873 -0.1237626728683 -0.0914484238001709
0.119922781645902 -0.439277560683425 -0.0780471042596067 -0.096633192457866
0.297892556467896 -0.395088045578511 0.00514982043938678 -0.0527182308341279
0.433782033771074 -0.204076899903637 -0.0103656569395229 0.0507131729270639
0.547012241926312 -0.100146606770268 -0.095769813572338 0.0922151117427746
0.405114887845643 -0.139950786283378 -0.524461429405026 -0.0676067847032564
0.301527805241614 -0.214387415128538 -0.360888352508561 0.046401754658102
0.22547664741567 -0.268483406913176 -0.154215777924282 0.0186720624322827
0.103888552035613 -0.286239146445605 -0.102433937338684 -0.069914155939443
-0.0382283446717172 -0.291513696693521 -0.124207280788807 -0.157995556311181
-0.117244417479828 -0.252610737127353 -0.224399754244978 -0.210190794243817
-0.186969902275589 -0.232852469876988 -0.288545984932121 -0.168397001272159
-0.213157297759466 -0.192197581262016 -0.284405640499725 -0.147776864514291
-0.206089351449685 -0.22424962451885 -0.239509899139523 -0.17152854197394
-0.09730861970782 -0.274627071808447 -0.193210425139693 -0.1953964722108
-0.00476021768414079 -0.288849956825001 -0.10309700266873 -0.175189363110013
0.147215424891274 -0.270659751984417 -0.0528258977309026 -0.109980352198287
0.23649004888025 -0.219994011458243 -0.0172739410145282 -0.0285368629950673
0.300583309140646 -0.108177602451388 -0.111193927826413 0.091952415190276
0.388119010353636 -0.0650489217718418 -0.269745807010358 0.116993569889176
0.163018448325756 -0.107313540516148 -0.608987856939154 0.00395547059014349
0.0861002552460352 -0.119410221068297 -0.414538022977869 0.125167175892405
0.0710177496471759 -0.0845283112531215 -0.149775942704888 0.0553782311446335
0.0571369573998871 -0.0830876408735139 -0.0780925503042781 -0.0571258707829074
0.0172182215509028 -0.118726346889294 -0.114382070415105 -0.198862446042663
-0.0245047934998565 -0.125997362898041 -0.250023870399747 -0.264096633534988
-0.0593265994196156 -0.129296419760121 -0.339150374458791 -0.225736623757954
-0.0772315587368215 -0.115187512842559 -0.338580122365792 -0.20032382314121
-0.0741985538422203 -0.132033312655052 -0.278852920173866 -0.241785910951707
-0.0130191134850269 -0.150371107240725 -0.183758561198528 -0.26723241102523
0.0449691289401507 -0.132167037979735 -0.0515853409767299 -0.227301791150489
0.106298912126876 -0.0834166104637975 -0.0141917874622135 -0.102015362526802
0.106079131453542 -0.052826393845246 -0.0347468526776927 -0.00473956802288901
0.11544502931617 -0.0398657124040924 -0.190153732315409 0.109011831760743
0.174118953547038 -0.0448752945448557 -0.392473764485083 0.126720568482001
0.12467624063609 0.0424445174657948 0.39542700514227 -0.30523873970523
0.12446859446818 -0.00371773580961771 0.227681121854226 -0.247936504458302
0.0675249362217552 -0.0863892521115241 0.0298091091087931 -0.0525275188038119
-0.0144219398838216 -0.0925627649157097 -0.0200393600357789 0.0718668767429249
-0.0541096598022652 -0.0380806680450964 0.0517677907783144 0.240804550961548
-0.0462014605332112 -0.00397678570743875 0.233870690676989 0.276549722963862
-0.0579220077582753 0.01842007502324 0.361761270810633 0.187625139695276
-0.0552183525359693 0.0353799789469107 0.397107669010305 0.0945746629759363
-0.0614268016758374 0.0412908858280077 0.392639411120573 0.0945662451833743
-0.0638668237193225 0.032710111668751 0.321413437169173 0.137583966891667
-0.0951967560965275 0.00158707799918435 0.181458931732787 0.148021609620771
-0.0958640248929383 -0.0837213280839179 0.0857099341835842 0.012967622171788
-0.00895644406875391 -0.113854805818399 0.115559630304036 -0.120917789593264
0.0531348341889938 -0.0670033714876714 0.282674716611365 -0.240227797265823
0.0633182703518508 -0.0102979416534595 0.551568724448744 -0.216249312991667
0.342571076436346 -0.0589526331942753 0.319606064695424 -0.30084384538454
0.307402741523205 -0.104708808252495 0.199090624079638 -0.246746112435416
0.214338885258849 -0.246172487001292 0.00887986164015143 -0.0640587943527546
0.0498345280788736 -0.278791862301998 -0.0540310026336569 0.0537285729250213
-0.100316448334244 -0.214522568851604 0.0203741680082268 0.242044049269478
-0.150176382840252 -0.133775602348617 0.19368154305064 0.272097745982285
-0.207244835905798 -0.0712706550682007 0.317699598800622 0.194936762021465
-0.211253731962367 -0.00859665343626749 0.349225065890496 0.0959750326933611
-0.227015902983961 -0.00302351648631206 0.347837120574835 0.0906287460851698
-0.194526963681126 -0.0503742732479135 0.272838814378014 0.134194798029825
-0.205095545996509 -0.110135001753414 0.13986594421875 0.146670970944814
-0.148100097758262 -0.251787636806994 0.044257730884624 -0.000173783716000355
0.0102048093842082 -0.311670943048453 0.0955252770356744 -0.139763559540528
0.175213374226089 -0.230371015698898 0.264665980494895 -0.254101173461757
0.264748144295346 -0.13989084497147 0.510604209235078 -0.224791822309685
0.516190794629136 -0.163494876569206 0.176991329709988 -0.270443897804756
0.450681546961727 -0.217978117510062 0.118547037401485 -0.220738936874643
0.323826279165368 -0.399995781783921 -0.0209670885812053 -0.0607137904347037
0.0893547914905885 -0.448186700799516 -0.0762441923626638 0.0341826284862005
-0.147448215466983 -0.366533142249297 -0.00457196048699525 0.204990167351854
-0.241514467257502 -0.24385643591709 0.130420672484693 0.222092213028211
-0.328602578618736 -0.147833505054589 0.225668616080754 0.168553377751557
-0.336353311544557 -0.0492393622319235 0.247582163871029 0.0817504963146736
-0.36046930341056 -0.0447901529406858 0.253665964203877 0.075652052919125
-0.302513465968927 -0.125858481956014 0.184970900927929 0.117105210421104
-0.294777332535045 -0.20979456567355 0.0784190713668072 0.130212596668512
-0.187150050613052 -0.393428930606553 -0.0037813157945923 -0.00769696388566979
0.025936343025731 -0.473705516636661 0.0633163141641094 -0.136289246597388
0.270314592062257 -0.364318348858383 0.22019560288768 -0.223914709871065
0.42513755630664 -0.249404230182862 0.409478771801259 -0.185055160938238
0.607692093014863 -0.265551398068965 -0.0150753541795761 -0.206339487792667
0.514656998808755 -0.338471257224391 -0.00400459161737748 -0.156380159531288
0.353400164886144 -0.530881513329467 -0.0583079656860411 -0.0330467746821168
0.0752397956686096 -0.567991321465387 -0.0902155239392746 0.0178164335168962
-0.204379615010983 -0.456913411197237 -0.0310566344696971 0.136163128449347
-0.30961971659982 -0.307855471799571 0.0417622520050424 0.137479483679182
-0.408504787506875 -0.195422690872212 0.0971908587715879 0.119008547673767
-0.412990313071897 -0.0821434983517918 0.111426463938997 0.0584459755680432
-0.438772899772147 -0.0851329151199116 0.121994538050752 0.0527428168737689
-0.364535175375049 -0.192519564987113 0.067035014123058 0.0865241948214416
-0.337300966696741 -0.293578736175094 0.000196069558711421 0.09725844007445
-0.186758286490432 -0.49119149997187 -0.0520297374370947 -0.0151174160832204
0.0536291147275246 -0.572266745351021 0.0283315018678117 -0.113638308598258
0.334343280478873 -0.438705964552148 0.155463722370118 -0.150444509776631
0.522550666944812 -0.316098158418197 0.265546528452551 -0.105092789622017
0.605137886616203 -0.333220268406493 -0.219108260896391 -0.105568041694238
0.482427645189253 -0.420954588006774 -0.138887352497498 -0.0501580431453993
0.30466420802209 -0.584538249279981 -0.0938822939691252 0.0115026894462073
0.0245806678404251 -0.58683381970675 -0.10074225572515 0.00256750203660779
-0.236935225350242 -0.461898036894667 -0.0722162892779023 0.047845176074801
-0.332807555829137 -0.313927120841222 -0.0697678818191116 0.0392611633104816
-0.427795257337189 -0.209544600652415 -0.0527174273539125 0.0588314418827026
-0.425591413118825 -0.103681192660327 -0.0431311078602974 0.0276364698379335
-0.44798078809021 -0.120655454243361 -0.0270020533695 0.0194083257832869
-0.3620411313845 -0.244071643630258 -0.0620927170014776 0.0368187044168207
-0.308784087800678 -0.343862238977639 -0.079936371848101 0.0405429126642992
-0.129247147537922 -0.517622554280393 -0.0897436937786111 -0.0302285094445688
0.102031528775688 -0.571835323308044 -0.00201201182880207 -0.080867295231062
0.362796736963016 -0.428803411946337 0.0801144816777433 -0.0512905684636664
0.546237274812792 -0.323444268555994 0.0964786983460402 0.000645057626224376
0.506131232446971 -0.339786653515357 -0.395738159446697 0.0157262528789021
0.36670426310892 -0.411545063656563 -0.250477918945653 0.0735170499470793
0.210691515839185 -0.51017312268298 -0.117359028569263 0.0543375082812614
-0.0100410040060112 -0.486474032214034 -0.108028130541028 -0.0127100979334711
-0.214659490539484 -0.383591126479291 -0.119875334735293 -0.037658202383369
-0.292259655447274 -0.270867795902717 -0.182552117626912 -0.0497086302544196
-0.376108870656182 -0.193534614351619 -0.198827860313362 -0.000205307297113486
-0.372217442817896 -0.111901173849031 -0.190166989507509 -0.00752835642640843
-0.384911161371155 -0.142143705490436 -0.167421872285602 -0.0268469630664214
-0.294473935588257 -0.258500776898928 -0.171735221015267 -0.0329330526052888
-0.217457000097655 -0.337683601966352 -0.135792946664159 -0.0377399763279187
-0.0359438961668663 -0.449612590365789 -0.10240342706915 -0.0540395447976
0.144789915049546 -0.462647458645202 -0.0223477232661027 -0.0492290467788147
0.335805853645437 -0.336860372859686 -0.00123514307583464 0.0445057486794267
0.484851039245547 -0.272746412595366 -0.0744392214710052 0.102297239493118
0.332605694774707 -0.276180648663659 -0.517858522031487 0.127852805936202
0.204061578748468 -0.306759281994584 -0.319684630888213 0.183291253144078
0.113372413248842 -0.330585699190537 -0.126625916700061 0.0856833597807605
-0.00990712971302598 -0.304567919403351 -0.106139703733094 -0.0220568842318041
-0.136029359546496 -0.255979199879704 -0.155781934655055 -0.10382025520432
-0.197185871839666 -0.196411528472255 -0.271578659393739 -0.116953831661473
-0.261624115796348 -0.154998646658459 -0.316049661216627 -0.0503412716643553
-0.26122861198189 -0.104866439720348 -0.306634883671529 -0.0421319425813237
-0.266244750509375 -0.135706860044515 -0.275101453840503 -0.0810954050241277
-0.184317169091656 -0.222661474098216 -0.237812424360987 -0.114172519236444
-0.100390495665022 -0.265491827712819 -0.148882923578641 -0.121519638109378
0.0458866193383587 -0.302256791677401 -0.0848337690636226 -0.0782704656200851
0.145586733486233 -0.281484858249645 -0.0326262071173948 -0.0218179633312998
0.244800893557967 -0.203486827640135 -0.0782918252479409 0.116100396373116
0.345833999553625 -0.189205848815468 -0.222731152779484 0.183013877506033
0.11515015797127 -0.156229854292178 -0.566758607142456 0.213854411443151
0.0366891703234591 -0.138801792051429 -0.342123457287861 0.262218934033495
0.0355812858676645 -0.104028995704054 -0.119079790949659 0.106946131591457
0.0215543693996473 -0.0988615502730914 -0.0897961451687832 -0.0235616704941588
-0.0262560288687047 -0.115720151846988 -0.169315614433616 -0.145136175237787
-0.0689970794091586 -0.110794098841325 -0.319884163515813 -0.156527564695774
-0.105002600132698 -0.102319960880175 -0.388054123555594 -0.087258888964727
-0.112200084642487 -0.0800338876083346 -0.376623778760793 -0.069997159262013
-0.113684950177058 -0.0962312422946667 -0.336681753715037 -0.131477115472591
-0.0636744645353352 -0.134476073743614 -0.256360270503738 -0.184448986665302
-0.00258758875227176 -0.137944381986444 -0.123063484247999 -0.189304371201827
0.0706897184482913 -0.114658913342145 -0.0464971680367552 -0.0874876184176794
0.0806359230552855 -0.0840727163544983 -0.036953181712966 0.00476677216325684
0.0959363905080837 -0.0771385102718258 -0.142905539043788 0.158983056995652
0.151938685823568 -0.100681466789751 -0.328071702756174 0.233745409500181
0.124532321437561 0.0401732340776221 0.387952587841325 -0.313794318793977
0.123847892784924 -0.00616852843720644 0.220958781083538 -0.252243463135768
0.0654987112443957 -0.0867129211134647 0.029655628001007 -0.054412055597793
-0.0160913797608294 -0.0917230394960206 -0.0179461269314804 0.0716000639611595
-0.0545027179665619 -0.0380139879353764 0.0591197573914851 0.239282805071045
-0.0464374221318912 -0.00472616730563404 0.241754798767527 0.269466522746574
-0.0570894557870925 0.0195935504521731 0.36410011904632 0.177707953577276
-0.0534301881286088 0.0370893156917514 0.396000509482092 0.0860009071553461
-0.0596692763514317 0.043068579213228 0.392877337121639 0.0835184945012297
-0.0626525963751384 0.0336728808089646 0.32558962841865 0.126965912511788
-0.0946234495626069 0.00431957415524911 0.187263332156052 0.142358870554156
-0.0979483566806353 -0.0798889925229418 0.0851496628275128 0.0111821518375981
-0.0115250091477324 -0.113556840080136 0.112765469065027 -0.122472280217855
0.0524351793311887 -0.0675430943002231 0.276114848482507 -0.24566529307825
0.0623774713522204 -0.012353069126016 0.544440568511201 -0.227725201690043
0.338758702272945 -0.0684807088544862 0.313026173080121 -0.306067660407398
0.303875508521017 -0.110554394171358 0.192209269525815 -0.249350721985207
0.207167884391606 -0.249287681390306 0.00859140575311508 -0.066078102164103
0.0437749712372029 -0.279915625409106 -0.0532008320615315 0.053299558586236
-0.104457872255468 -0.212388192056061 0.0278604826760279 0.240393411275008
-0.154313231849908 -0.132009167536992 0.200988358222063 0.266863659653955
-0.208938594084901 -0.0655640287988756 0.320679793417897 0.185361521180393
-0.211136794252897 -0.00194221471502477 0.347881269612775 0.0878227502815542
-0.22732662941724 0.00439644187312293 0.347946839680496 0.0799541500218628
-0.196238694405909 -0.0471602783046092 0.276158962732723 0.124683243217996
-0.206874145336661 -0.105209652055984 0.144760945022439 0.141236331491963
-0.154268813166287 -0.24775202205705 0.0435651691015139 -0.00104182454801868
0.00282739952747873 -0.312227681073781 0.0921785568513718 -0.142723126674416
0.171180918702455 -0.234057317635382 0.25842344882098 -0.259420137814918
0.261978552669467 -0.147020571167865 0.504560684552958 -0.235627063004936
0.508321173348135 -0.177027093269627 0.170440180531098 -0.272386900329694
0.444341897783202 -0.226608774042928 0.112953635978042 -0.221780681357599
0.31235214928059 -0.404503348698712 -0.020960862206111 -0.0620279774311126
0.0798072659762563 -0.450233235745148 -0.0762531248626065 0.0334650127872131
-0.156327406709734 -0.363062495526406 0.00313106905912353 0.203981087531332
-0.248276682655332 -0.240451363626405 0.136432465071875 0.218235473939621
-0.334868046143088 -0.139987971306119 0.22798377785982 0.161184109135869
-0.336764079126326 -0.0389788492783482 0.247084262981962 0.0758251953142519
-0.360806314749406 -0.0335460077326281 0.252640350086203 0.0678316217474786
-0.306596185148298 -0.12125701148177 0.187706536184236 0.110169498487126
-0.298120666353919 -0.203514229677517 0.0826067745549082 0.126241538595417
-0.195582734099805 -0.388814927142391 -0.00446947892381781 -0.00709607974325333
0.014710030660004 -0.475766327471452 0.0599319335689949 -0.13926124834181
0.263218801617999 -0.37094749164631 0.212697370371596 -0.228177161400782
0.420475630794313 -0.262127236274924 0.404381280851067 -0.194422765904488
0.598924822296352 -0.282268630161726 -0.0196410913232343 -0.204022389567672
0.505910300590181 -0.347954632982851 -0.00663367693426197 -0.154479156158255
0.338006977830782 -0.535688169976096 -0.0578411038807388 -0.0332138383943434
0.0641969100971119 -0.56882058924089 -0.0913135972235996 0.0173633220148055
-0.213444399692016 -0.453079179269569 -0.0256895488492297 0.135090129278005
-0.318568487600654 -0.301962755659483 0.0453049296903043 0.136767616990567
-0.41410175805737 -0.183647762987604 0.100008717367022 0.113773217432353
-0.413927133172529 -0.069214815878107 0.110238692119102 0.055050230597568
-0.439723217881945 -0.0715516538015854 0.120344463686272 0.0481262248339902
-0.370826425529349 -0.186444939662477 0.0691214770385613 0.0826975443137504
-0.342376781232794 -0.284836839039303 0.00369730510746261 0.0946333171653805
-0.199044657746771 -0.486899090827605 -0.0524962744523836 -0.0134327823146696
0.039124176564249 -0.573643149670502 0.0253420715812111 -0.116301315589538
0.326732640581853 -0.446041212590987 0.150859103331314 -0.154523950537872
0.515292159534516 -0.330950573363148 0.261239621790124 -0.110032216637581
0.59582011802128 -0.350079316702114 -0.221370697104206 -0.0991130546221292
0.472028452091548 -0.430462250809631 -0.138808147457426 -0.0458337309589129
0.287814210951706 -0.590013952505558 -0.0926945473191896 0.0121268147570257
0.015067302174328 -0.589056148957839 -0.102945068825748 0.00197583571966949
-0.24735411824309 -0.454513830659385 -0.0690854216765545 0.0478916849757434
-0.342265344316654 -0.307464164672148 -0.0686894363835136 0.041829171123796
-0.434244612190009 -0.196416648810854 -0.0500792658442473 0.0570338137184
-0.427871347421627 -0.0898836819113322 -0.0437048788850576 0.0275639365510224
-0.448928391315803 -0.107358498476759 -0.0286800678308014 0.0184087960486818
-0.369207669779643 -0.237569720440912 -0.0613262545212478 0.0368609080008348
-0.315194446910215 -0.335375418071105 -0.0780003004742747 0.0408218425159705
-0.143740376399807 -0.515713577461648 -0.09045457097786 -0.0274152193772154
0.086897276004326 -0.573412271282772 -0.0046277150317099 -0.0835390833528041
0.354337913948383 -0.43641568913094 0.0773914558203839 -0.054728936853524
0.538435640112841 -0.339141468642675 0.0941596861827198 -0.00133173613603305
0.496895169026917 -0.353525055025934 -0.394470313698703 0.0246641258424521
0.35718380099608 -0.417571262054991 -0.247001422800427 0.0795365215135722
0.195942402400632 -0.514103034634802 -0.115755780827185 0.0559592087534282
-0.0199276403196633 -0.487651546628391 -0.109879057555728 -0.0123131538965341
-0.222428025294517 -0.377044155179513 -0.119580487641546 -0.0361692480120927
-0.300690529030302 -0.264516733687301 -0.184344975661577 -0.0438609262478969
-0.382312024249931 -0.18131001771791 -0.196560897692759 0.00154989934616531
-0.374180732484122 -0.100025027189047 -0.189686966905581 -0.00533165895144431
-0.388020901306529 -0.129839401479941 -0.169116556806092 -0.0245210392118633
-0.302937056598378 -0.252536564800682 -0.172123655975262 -0.0296754539536568
-0.224598101758799 -0.331237421312715 -0.136431442622022 -0.0350009671350853
-0.0472851386769483 -0.449866616783158 -0.102681077761223 -0.0512286380294955
0.133004127617286 -0.467836994969986 -0.0247315228629755 -0.0515244953482926
0.328753503816831 -0.343471972158125 -0.000948147947399718 0.0421635191821032
0.476882830943416 -0.286697720356681 -0.0740503833802001 0.104643220633193
0.326177598944981 -0.286193761601729 -0.512825541780987 0.138484008421638
0.198056499491242 -0.310366470251182 -0.313360711519867 0.19024251914221
0.104121441610497 -0.334204634148126 -0.125582707561695 0.0884418481679324
-0.0166306255178442 -0.305330984495309 -0.107730753124675 -0.0208520528689236
-0.141802023193304 -0.251014462978158 -0.158428928928349 -0.10074872828249
-0.203965224881766 -0.19265235379906 -0.275031946701017 -0.108224812099634
-0.266763556340152 -0.146821568694218 -0.314153654747817 -0.0444861155737495
-0.264773300292914 -0.0957577981278393 -0.305651626736946 -0.0373953228882734
-0.269689399580362 -0.127342036167983 -0.27690559367638 -0.0755194028317235
-0.191654942206965 -0.219191389562483 -0.240489721098047 -0.107794807170691
-0.106472857347934 -0.263254554862033 -0.151837318331633 -0.118437594125733
0.0378234086524613 -0.304113249879954 -0.0852488734582888 -0.0759650608546342
0.138280639916718 -0.285139598390046 -0.0338211976082623 -0.0235334481350893
0.240124492532939 -0.207970422330178 -0.0754332687400038 0.115188246828449
0.34239179450772 -0.198476074365717 -0.220721993167879 0.187441267123743
0.11269236659006 -0.160953624136782 -0.560285649011341 0.22438738805355
0.0340822276265346 -0.138963743280712 -0.333990382379104 0.269922285253094
0.0325103337475556 -0.105419944531749 -0.117450694775949 0.110278607871933
0.018712816241435 -0.0996526216691552 -0.0910869780395067 -0.0215512606717147
-0.0290837075849466 -0.11352055697108 -0.17427910736943 -0.141575424176799
-0.0727849096755598 -0.108549310807295 -0.324010439313413 -0.146905415248846
-0.108745218351268 -0.0984073052337511 -0.387049598790651 -0.0775427387638339
-0.115491002331813 -0.0757817205886458 -0.375038927160178 -0.0625360618199552
-0.117101129144579 -0.0924276458798177 -0.339281143222335 -0.123290099064264
-0.0683527976644822 -0.133583696104116 -0.260745469020378 -0.177160404956833
-0.00613622118742637 -0.138558614506496 -0.128148960900745 -0.185736629660997
0.0668424067832645 -0.117416950912438 -0.0468111485074568 -0.0866012555656067
0.0788842568047868 -0.0863226408997081 -0.0376480140228997 0.00327035216994273
0.0942060286483674 -0.0794464267297003 -0.137959057816711 0.160022775937809
0.150386779892916 -0.104924182917823 -0.325608551950064 0.240717825775545
0.126664995453566 0.0379673680876612 0.388533732213222 -0.328316265835769
0.125983575055689 -0.00843659825188338 0.217390573313302 -0.261169517555901
0.0649938801687355 -0.0895467175651502 0.0293394061937134 -0.0568646873977059
-0.0181012029461134 -0.0927826606775445 -0.0163468201670339 0.0715920999570694
-0.05633128108741 -0.0388692965891251 0.0675307666704334 0.240903118927539
-0.0477924377148667 -0.00550917944573975 0.254023576947696 0.267506174190836
-0.0583167344952255 0.0210644952324421 0.373035816740076 0.172025327936206
-0.053036721149669 0.0388199876859613 0.402812545902264 0.0794703183260542
-0.0592457021925463 0.0456927769547298 0.40115686660085 0.0739483622928253
-0.0628769848930284 0.0351561396323534 0.334790364758018 0.118770620365487
-0.0954858518539121 0.00686102094601008 0.195992484944813 0.138911854216435
-0.101237086597965 -0.0781000506472724 0.0864066591212227 0.0098765429434159
-0.0142414339876705 -0.116063155754704 0.111544959047437 -0.126187690788432
0.051964163916724 -0.0695890769340746 0.275023129323848 -0.254155654512036
0.0628067519497874 -0.0142508732668319 0.55112968917476 -0.243109389649589
0.341506309466709 -0.0783957819298469 0.312601446601928 -0.316550800112285
0.306561983825115 -0.119106381642162 0.189269069386522 -0.25704052878158
0.203961523893173 -0.256597711761917 0.00801104710270242 -0.0691782614116716
0.0400211224711749 -0.285982760210487 -0.054051239863738 0.0529844965879118
-0.110517566420239 -0.214571555189175 0.0359565416270793 0.242707415039038
-0.160893185114416 -0.133107109031687 0.212247568647961 0.266423568585768
-0.215735764026798 -0.0621059944437263 0.329045964226308 0.180185696028525
-0.214064044416542 0.00349029638257179 0.353592657330303 0.0815460640450228
-0.230314155654276 0.0104942077616596 0.354065761364411 0.0719699081817434
-0.20175332796091 -0.0455488699589406 0.284331959329713 0.118122527920633
-0.211881345411408 -0.101213108507743 0.15275388652178 0.138420930986246
-0.162953169985102 -0.248049451100381 0.0440412837471466 -0.00151333668743173
-0.00512315375188717 -0.318842330570322 0.0905045203854369 -0.147753297914327
0.170623729303498 -0.242271520535423 0.256413462062792 -0.268221441888324
0.263613397199412 -0.15732396421692 0.507105399860754 -0.251041559338083
0.511635656448595 -0.193878788260016 0.167453328915799 -0.278763259170079
0.447249739190536 -0.239102488039242 0.110018720322401 -0.226686583133302
0.306825058424243 -0.417326729147432 -0.0219470157815138 -0.0644562993452105
0.0738472991590153 -0.460735300394385 -0.0787738505263642 0.0332776226899218
-0.166135127607157 -0.365580939669351 0.00978320380879867 0.205504167272053
-0.260072425106932 -0.241332062627356 0.143948197411564 0.219559373083699
-0.344391105362328 -0.133612854135982 0.234661402322606 0.156605890778777
-0.342704087062348 -0.0295498466187206 0.249789704768061 0.0718182303029068
-0.367797659021587 -0.0234030220065428 0.256523223558514 0.0620592275463008
-0.316683440529593 -0.118323403701327 0.192991579634297 0.105548473876166
-0.307420301330414 -0.199519687540605 0.0884875189358468 0.124199119917167
-0.20874936724589 -0.391822415323692 -0.0049907281782549 -0.00660827145303236
0.00283886795476428 -0.48585872707753 0.0570129990237409 -0.145016108713676
0.263050504958178 -0.383741536252511 0.210472874199965 -0.236662819670344
0.422546717125779 -0.278417001621179 0.406311223240248 -0.206791557176358
0.60040272135015 -0.302665376798853 -0.0239493425739257 -0.205409162375301
0.506322385390672 -0.364357108211711 -0.00931485729446034 -0.15515463025466
0.331106179216163 -0.55184194748229 -0.0586746047434424 -0.0350119529019532
0.0542896411421559 -0.582142468183981 -0.0948748521385343 0.0171261845305872
-0.227612707974904 -0.45377999033182 -0.020929095168758 0.136070944642097
-0.333562075304324 -0.302419699932636 0.0488284565585952 0.138683942480012
-0.428614002004937 -0.175816771844206 0.103774948550944 0.110515471220308
-0.421937339767866 -0.0574170723708513 0.111454270136975 0.053303266490183
-0.448227568052172 -0.059258652635432 0.121451862580367 0.0451761890228537
-0.384254232525264 -0.182960335077848 0.0712795381139285 0.0809488552843466
-0.353385324182366 -0.280869822027548 0.00676482759146161 0.0941343588664973
-0.215523777592643 -0.4923055211338 -0.0534694839405144 -0.0120118218175447
0.0255996869467206 -0.585537231178675 0.0220843606255392 -0.122015088847857
0.324145843477054 -0.463414470748729 0.147725530435337 -0.161375619168566
0.518357568547931 -0.352318485495749 0.262096126840231 -0.117968516007533
0.595871569069762 -0.37250901009025 -0.226637931869765 -0.0948849281046281
0.472209700872692 -0.447022316546491 -0.140996939284443 -0.0426673835350168
0.279604233107792 -0.604693929162066 -0.0937401538692088 0.0124111516070029
0.00283726247813975 -0.599675318840334 -0.106726820447821 0.00236920852771102
-0.260682489159067 -0.456196952456891 -0.0677922573909799 0.0483083259375304
-0.357769363252884 -0.305893309274342 -0.0697785911670517 0.0453979359727005
-0.449289500740165 -0.187873164678398 -0.0493299233752538 0.0560318692772267
-0.437255252708672 -0.0786038711498625 -0.0453546974883768 0.0279220640008163
-0.459212758178512 -0.0947794636866671 -0.0305414222365425 0.0181851117635603
-0.385343499184496 -0.235224692404576 -0.0622052005604955 0.0380155819372676
-0.327758026343332 -0.334088666722493 -0.0780384043648328 0.0414522414792206
-0.158400389117825 -0.52256274051514 -0.091902337204999 -0.0262749811703219
0.0752715962340214 -0.587531074935512 -0.00778266624474981 -0.0882501497387425
0.352752025726194 -0.451459197073748 0.0753522868107237 -0.0585475785664063
0.541079128420036 -0.359762808933988 0.0941298766855987 -0.00279510117428211
0.49543814992741 -0.37469212808232 -0.400308287164109 0.034253354279192
0.354513371055461 -0.432974644422951 -0.248040897597861 0.0865366160918297
0.188090771612242 -0.526312842464453 -0.116765044650234 0.058076321000468
-0.0298180440989695 -0.497812790677232 -0.114504060424273 -0.0112445596000663
-0.23422457030987 -0.37685630535391 -0.122325849979597 -0.0354747150002585
-0.314347817252433 -0.262943075678289 -0.18978847046097 -0.0390693337749633
-0.395045794117992 -0.173382717937589 -0.199132443928712 0.00306020269043459
-0.383766648908754 -0.0902086753614229 -0.194072813857491 -0.0023141505127179
-0.397918504362384 -0.120201301873086 -0.173607582625828 -0.0214069544363562
-0.316734130759614 -0.252214608992686 -0.176800850688286 -0.0264382200604007
-0.234876849951738 -0.333308043747109 -0.138936159696918 -0.0337073654028195
-0.0595005234607408 -0.458711215772621 -0.105264800632458 -0.0501740967828185
0.123006591365724 -0.47859221615069 -0.0274350990654068 -0.0548925914428938
0.328505931853692 -0.357591801886149 -0.00131471251804144 0.040370234111475
0.481334340481415 -0.305203483774797 -0.0748230809139929 0.108138223102004
0.325129942051124 -0.301309096658124 -0.517941944292075 0.151432640786887
0.196151823490579 -0.320587827420726 -0.31352505244361 0.200285876074042
0.0978463567634777 -0.341947264399827 -0.125441019037813 0.092635951497913
-0.0222736514755693 -0.31159664128116 -0.112401887610073 -0.0194708740773727
-0.149603703950778 -0.250713323994062 -0.163978412136023 -0.100126074632599
-0.213713444438945 -0.19077780177436 -0.283450291633286 -0.101714437533154
-0.277414128977087 -0.140810513359058 -0.319406608835603 -0.0404679092941022
-0.272012552676922 -0.088819580819533 -0.31107733031852 -0.033664912518299
-0.278071951905574 -0.120815655536362 -0.283546302040209 -0.0705661596926546
-0.202505366155693 -0.220473566536232 -0.247918623466949 -0.104056153622482
-0.114136150787406 -0.265532697257652 -0.157386516865679 -0.116994356003519
0.0301678387900941 -0.311847659414488 -0.0866812064384877 -0.0756371694054616
0.132949168676718 -0.29446353473572 -0.0357671576683137 -0.0261571378645536
0.241544126474709 -0.217346537560104 -0.0748856129472003 0.116365056597523
0.344367774100214 -0.212861499025045 -0.22300421417775 0.195789988867684
0.111680528740947 -0.168138267211953 -0.563175901157242 0.238347842732117
0.0322686590210747 -0.142448331882358 -0.332453167363821 0.281797744179138
0.0297216164564495 -0.10855096783706 -0.11735766386354 0.116092329546026
0.0169368655042657 -0.102043913223438 -0.0942103128987043 -0.0197499688717128
-0.0317672901103066 -0.112992189683447 -0.181872648685925 -0.139771766394519
-0.077454062830919 -0.107927762707704 -0.33468989974215 -0.139593858591295
-0.114564673650048 -0.0962650867347391 -0.3935243970684 -0.0717456523347366
-0.120207615936659 -0.0726263837877397 -0.381354263926567 -0.0576124292217409
-0.12256139678216 -0.0900378903931436 -0.347572464179885 -0.117506964370726
-0.0748337689258505 -0.135647895975781 -0.269897437747077 -0.173784585902963
-0.0102871750704092 -0.141524468965125 -0.135106305936021 -0.185245128833191
0.0642236752971233 -0.121695945120394 -0.0475527373632029 -0.0873007407953703
0.077856481823146 -0.0909301803131194 -0.0392740542462726 0.0022425196238626
0.0947136413062145 -0.0832640036084774 -0.136386647014099 0.164056671226129
0.152106762360196 -0.112322930678147 -0.328967401379717 0.252739415724695
0.130591254679839 0.0339791767383636 0.386780930253224 -0.350082608641562
0.129427517219179 -0.0134923779984765 0.211367473295114 -0.275365794955621
0.063205730881883 -0.0937268894376044 0.0282880960713028 -0.060794875523796
-0.0224305794882525 -0.0949236546245331 -0.0147659508387791 0.0717395861078369
-0.0601575759862639 -0.0390498101814911 0.0808116855498008 0.243970059348654
-0.0496459331625689 -0.00525240093374939 0.274340977346732 0.262972466412249
-0.0592871970414726 0.0241147219910399 0.389845719777961 0.162376663230536
-0.0520117208238793 0.0417596607376975 0.41476582535559 0.0674652717343912
-0.0584043539278029 0.0494325376202589 0.413145971012092 0.0584717501867308
-0.0628880514809848 0.0380782137281218 0.349329971713785 0.105384387026305
-0.0969085657957065 0.0112982291828901 0.208582966016596 0.133034864402272
-0.107535438842385 -0.0748038649467389 0.0883698323153354 0.00701864617141095
-0.0197324973223521 -0.118705523866407 0.109728192961468 -0.132796085120301
0.0503305173121721 -0.0734780205334681 0.271563021540219 -0.270388285815129
0.0626083877164631 -0.0171657998124257 0.55610560881111 -0.271957287825845
0.345902373874927 -0.0960047924206866 0.307754822600574 -0.335364643057713
0.31042274655648 -0.134027297539062 0.183361570406917 -0.270146828109444
0.198402844059957 -0.270398861661678 0.00589199591715719 -0.0727734095154401
0.0304736930363393 -0.29523153727792 -0.0552257202707308 0.0538028313813675
-0.122194704529224 -0.216808733685385 0.0487355014705866 0.246123931242373
-0.172665827074467 -0.132126046085343 0.230333268556479 0.264706310605989
-0.225408713248478 -0.0541079620263216 0.343686134174056 0.170921153091934
-0.218972037987022 0.0132575992119281 0.363157257776361 0.0718429046560999
-0.235340433491874 0.0219425278410864 0.36452373649767 0.0584189612665888
-0.210873301724847 -0.0388590869448806 0.296270126095646 0.10702178519755
-0.220701811878901 -0.0960427832706089 0.163805580794845 0.133725186249456
-0.177552330226678 -0.247830144715147 0.0445939930531475 -0.00323985938398176
-0.0184898535769237 -0.327688783117867 0.086394622717358 -0.155806954571472
0.167178142459501 -0.25649207087124 0.251514152802864 -0.284774969994122
0.263649663149489 -0.174010049587522 0.511275611463095 -0.279939858654665
0.515619603188782 -0.221983788556209 0.161328874656482 -0.290495799996648
0.449646234060019 -0.262554588817682 0.104511729323515 -0.235551910539785
0.297390536466886 -0.437247100545611 -0.0241650765133659 -0.0675965357396663
0.0587466536196333 -0.477116040508802 -0.0820260302532328 0.0349465555855407
-0.186039530963817 -0.369501742683381 0.0197723913331171 0.208217206929994
-0.278722591512974 -0.239009545587376 0.15753067297112 0.219270314222933
-0.361679355796307 -0.121441515026277 0.246816921641441 0.15053211418114
-0.35238518362005 -0.0148476151183004 0.256708770480514 0.064887245727896
-0.37740047911518 -0.00675808676697737 0.263367444074645 0.0520648975204764
-0.333052452965026 -0.109687627645341 0.201584898619175 0.0980283901498761
-0.321883091338517 -0.192735420720633 0.0965089001523045 0.121611300531805
-0.23177840604328 -0.394845520959699 -0.00562298190800662 -0.00689947627996998
-0.0174349130070958 -0.499776038451314 0.0520163349745246 -0.152534124436937
0.25677496008823 -0.406522596722786 0.205186402665339 -0.250620037514897
0.421074570045494 -0.306105231398912 0.408591636016593 -0.227827715110245
0.60108065198762 -0.338198806955882 -0.032522063290632 -0.207671574194472
0.50695710116787 -0.392898361285307 -0.0151116276820459 -0.158212501470175
0.316439131529854 -0.577846169632102 -0.0612377821782267 -0.0353428551506233
0.0349682454998445 -0.602186297361624 -0.0997152250640941 0.0193973474776374
-0.252092021063624 -0.457216405618098 -0.0149845229977851 0.137838991861084
-0.357346959595129 -0.298120354776876 0.0559850332526083 0.141347794447166
-0.44957812476292 -0.160768532501162 0.110156938914437 0.107406964521214
-0.434653656056056 -0.0395628662025606 0.113662589485787 0.0505383892474928
-0.461590517582198 -0.0402049004267952 0.124448053052904 0.0403190563369573
-0.40573457593049 -0.174034968371272 0.0750977975527245 0.0785257800684015
-0.372523711436766 -0.274919493418947 0.01092873643579 0.0943064706179738
-0.242302507421931 -0.498743465988797 -0.0555174929560292 -0.0103429446491308
0.00146421875175049 -0.604110122071513 0.0163259317516685 -0.128266319956351
0.317471241320182 -0.489854558810664 0.143811881363236 -0.170807142816933
0.519176966100287 -0.386213406693507 0.263382112298651 -0.131448030121792
0.595690496023751 -0.409601800399625 -0.236018056827884 -0.0871289836572081
0.468736935378895 -0.475972197614629 -0.144729851544016 -0.0379516804388521
0.260498300826026 -0.630492322482553 -0.094645062568064 0.0151777924283163
-0.018193614754098 -0.619932515213045 -0.112661055437553 0.00544015418296328
-0.284240136586658 -0.456893353380777 -0.067355305729015 0.0497987104527821
-0.382369452478171 -0.30128718206926 -0.0707667532848927 0.0508693542783724
-0.470626223888089 -0.171268844786974 -0.0488650558280607 0.0569846721594829
-0.450857779921227 -0.0596041606542558 -0.0471339356581046 0.0295717306537759
-0.475304163618349 -0.0758502430164565 -0.0324256611784147 0.0192854339884878
-0.408159958749243 -0.226942164212252 -0.0637576633415448 0.0407226844254724
-0.34802121968755 -0.330725575145436 -0.0787030304996303 0.0441227258346562
-0.184469201518141 -0.532472863887966 -0.0947482965467718 -0.0233319468524921
0.0516790349176406 -0.606533197327582 -0.0128642789784851 -0.0933034459663751
0.347065134470969 -0.479378953256181 0.0729275373165371 -0.063853205032376
0.540581953774104 -0.395973122339345 0.0951440894487557 -0.00616845564622485
0.492704694510389 -0.40790883435491 -0.409423325041379 0.050821882655942
0.349376586723388 -0.456680677563884 -0.249253969316416 0.0984585316100084
0.171379359783646 -0.550120808243348 -0.117346978729912 0.0636624726615228
-0.0478477003700921 -0.512752790681799 -0.120518911693531 -0.00753191211396511
-0.2544602744058 -0.377267998731023 -0.127572453157784 -0.0335876857769251
-0.335964911065892 -0.257443048298793 -0.197258399729408 -0.0301221037018102
-0.416116724579823 -0.158931091307088 -0.204177556796481 0.00889365338731467
-0.397173767659323 -0.0735426477233225 -0.199694399930761 0.00370207486555597
-0.413311424734747 -0.104285844875395 -0.180565128229347 -0.0152111494302322
-0.339955431248612 -0.247334349990582 -0.183432328008187 -0.0200906006410307
-0.253592568394583 -0.33234894649382 -0.143778166986229 -0.0301193594381233
-0.0806418949535555 -0.470604990232895 -0.108600044875189 -0.0482252887229456
0.106324789631461 -0.497708932728474 -0.0321671508342856 -0.0585517756468724
0.325251765344175 -0.38154145007668 -0.00228069115897931 0.0406414834586815
0.481383350141222 -0.337291575677672 -0.0741541911286147 0.115116502941652
0.321208616851826 -0.324822026608667 -0.524765062874957 0.175404443001216
0.189615143759858 -0.33651116982084 -0.312129870941478 0.217966986536523
0.0861349891035338 -0.355668920485366 -0.125386029726697 0.0998128646047992
-0.0340860782258599 -0.32169171653783 -0.117690181506367 -0.0150022708875734
-0.163102098144271 -0.25050588656407 -0.173652006352237 -0.096588113932573
-0.229489473290764 -0.186916533045621 -0.296376754113941 -0.0914375089100129
-0.292134839978272 -0.130727514927092 -0.32864384465709 -0.0310845754858852
-0.283723201162437 -0.0768959784318183 -0.320614352374573 -0.0238941903745426
-0.291084854461251 -0.110191148744175 -0.294942937195642 -0.0618584355804195
-0.220157907614926 -0.218445053650194 -0.259322999732809 -0.095849642920871
-0.12765886721355 -0.269195662420646 -0.165562299556285 -0.114089415072605
0.0169533372422107 -0.32320549964731 -0.0905527256591313 -0.0751913193372111
0.123228117923839 -0.307844852154665 -0.03981867064317 -0.0280256676309552
0.240864537069211 -0.23460732189204 -0.073575914227927 0.120279539348489
0.345853001949528 -0.235218011640318 -0.22349410042479 0.210816541725117
0.108171989806309 -0.178955035083468 -0.569524693749943 0.266143554264808
0.0279477539415819 -0.14738161422645 -0.329017349371034 0.302239485840824
0.0253897335560275 -0.113070604439898 -0.11623500329622 0.124456146942315
0.0143589577584371 -0.105893143161552 -0.0979655687072885 -0.0157825801206331
-0.0363473152388293 -0.113665300490881 -0.193923818968196 -0.135996744293171
-0.08532797587043 -0.106835222647411 -0.350380823822368 -0.127744026166617
-0.123190297663973 -0.0932787502938931 -0.405698585826137 -0.0581139822068656
-0.127212278539126 -0.0680082263306372 -0.39258822715124 -0.0469441675429359
-0.130402801297013 -0.0859462255134057 -0.361292987800144 -0.107129048736883
-0.0848709738482475 -0.13681711101699 -0.283877269017865 -0.165410233922068
-0.0164292896446053 -0.145937869830602 -0.145725458448808 -0.183901694567747
0.0598231230218736 -0.129330503148377 -0.0506703643236356 -0.0881014033357682
0.0756489007257826 -0.0965649173492238 -0.0420647183507862 0.00188749148529307
0.0950742766596392 -0.0900569469898215 -0.134347799434176 0.17176264202532
0.15216375218197 -0.123674913914696 -0.328121445321281 0.273468533252994
0.134006559229297 0.026745572125823 0.374306526183177 -0.378654063795969
0.130622422814409 -0.0213126060997335 0.197700479237944 -0.291221728295227
0.0588089849473556 -0.0984667290608043 0.0249417499602362 -0.0644984543393631
-0.0282583809508456 -0.0946620364353828 -0.0127606595010782 0.0721181471499515
-0.0640008496096849 -0.0372491883409295 0.0972931207486394 0.242435803686763
-0.0517644227886719 -0.00515876023494885 0.295619777405816 0.250841013114411
-0.0589945791247663 0.0279353624684741 0.405865109064214 0.14329474018005
-0.0503890708083605 0.045026047575479 0.423629048091219 0.0472242540035922
-0.0554907459800291 0.053643440588141 0.422342981735205 0.033988685455035
-0.0618011986289935 0.0421267526742763 0.361763098733378 0.084589812991859
-0.0973203955646261 0.0166489230418324 0.220820464361692 0.121447963898124
-0.113535162774638 -0.0687330851569235 0.0894568473154094 0.002328570851192
-0.0272926084698509 -0.119969000782118 0.104252587549266 -0.139795553035706
0.0473264412887966 -0.0773961022123389 0.261401170889678 -0.288265214898118
0.0624239664002844 -0.0208494458175889 0.549424876589727 -0.30902535065712
0.344750767470848 -0.11958503857661 0.294134753673728 -0.357613000342022
0.307821789633788 -0.153450739147947 0.170475464563399 -0.283982547942051
0.186027898435969 -0.284990900935563 0.00160818065393861 -0.0759506688108637
0.0149001033891859 -0.303026099664064 -0.0558466755772542 0.0563253053602884
-0.137381450842085 -0.21382718123168 0.0643024310544508 0.24561680964194
-0.185087032458269 -0.12691372896348 0.251276360431862 0.255097763087421
-0.23321624023885 -0.040782970115751 0.359236669672283 0.152903208627092
-0.221421231861291 0.0264292872248205 0.371044327803983 0.0550954154754225
-0.237248856724065 0.0371090533238597 0.37211842172297 0.0377015188606723
-0.21804122300026 -0.0283480530152124 0.307055993916278 0.0888775964526519
-0.22912234553969 -0.0855335149150067 0.17486954536477 0.12478756542705
-0.195731324145916 -0.242289138774562 0.0446947528680755 -0.00591830380984661
-0.0380014006308385 -0.332932074089524 0.0791565637534807 -0.163322530248932
0.155939449862594 -0.272183565222045 0.239162583612916 -0.301273016934958
0.257826460767475 -0.194192176768856 0.503612667034649 -0.313287779306604
0.508607375420699 -0.259668845197199 0.1470313021222 -0.302140938574419
0.442753106007529 -0.291826057679219 0.0931402827059663 -0.244345972990897
0.27693268784504 -0.460841428532908 -0.0281352779207151 -0.0690766539949712
0.0344370853469166 -0.49073907538567 -0.0853348505732595 0.03819126761219
-0.209125304465381 -0.36540675483856 0.032567097971002 0.208597234041225
-0.300488857450716 -0.228568351521146 0.173975698449231 0.214367551035377
-0.37741610541739 -0.099521978505458 0.258828729252951 0.136832460663218
-0.358438145698284 0.00580758405469799 0.262530759660717 0.0534721471827793
-0.382493501273777 0.0163846852186082 0.268214004611065 0.0370389535070382
-0.348052199076468 -0.0933698702913809 0.20954439509279 0.0861909596243831
-0.337158715668409 -0.179035016583342 0.104847509246274 0.116217337568716
-0.259874634419743 -0.388768653573391 -0.00621063951813892 -0.00680561931678035
-0.0460552810298639 -0.50927143231396 0.0432321507243819 -0.159633250001356
0.238051539233774 -0.43020395837287 0.193078279859148 -0.264593268924169
0.409864952648936 -0.339354820953771 0.400938674555761 -0.25556428737971
0.588858800787877 -0.381081488811627 -0.0445445110375695 -0.207207729944651
0.494741590885419 -0.428228357613763 -0.0236027048525253 -0.15925664618771
0.287547646508769 -0.604053470042854 -0.0639834903087215 -0.0337230818966631
0.00340943075300858 -0.617386452027304 -0.103880066890239 0.0238227660229298
-0.280737301922811 -0.451379201608146 -0.00739895042355587 0.138343254277993
-0.383184803850719 -0.283702667689923 0.0649630469287921 0.141572664222772
-0.469389930740498 -0.134357182027876 0.117663118018882 0.100811009357733
-0.443232174731498 -0.0134272244561054 0.1159399167421 0.0460665233163048
-0.469842808989659 -0.0115477429440856 0.125941528944085 0.0335648668930222
-0.42701975251611 -0.154297137352535 0.0795534582977638 0.0747342551824408
-0.393700485921117 -0.25951081139074 0.0162182596281712 0.0936221087903833
-0.276569931983192 -0.495051911627618 -0.0571343446546735 -0.00850780117093518
-0.0351487511892911 -0.614544925420996 0.00727037919603421 -0.13331838795725
0.295685784895555 -0.520690676747157 0.133900334279743 -0.179967153196433
0.504085847713438 -0.428032701436502 0.259554074366198 -0.148580995517753
0.578417166597537 -0.453163030665272 -0.244474656908039 -0.0737582012894391
0.450471700139386 -0.511566508084165 -0.148749011284472 -0.0299782736374053
0.229314960002209 -0.655767523500768 -0.0958943357707056 0.0191072961349613
-0.0516874179522761 -0.634368002073785 -0.117925836562127 0.011263548248434
-0.31532455746393 -0.44930268628831 -0.0667216420575886 0.052528774337071
-0.409941172658183 -0.284840766251755 -0.0694180015714458 0.0581156052974581
-0.490731542909219 -0.143460314698387 -0.0471220684337428 0.0579748998258355
-0.461392434024916 -0.0327031168993931 -0.0486251417120555 0.0328181123677723
-0.484747815929729 -0.0476317779325354 -0.0340156330950799 0.0206073018320202
-0.432701540305816 -0.208184204781532 -0.0638073177649621 0.0449287751823648
-0.372372005399976 -0.318506121404311 -0.0776001877921388 0.0478088648831755
-0.221482928717733 -0.533257709318335 -0.0973750726252715 -0.0193505440827208
0.0157597083935395 -0.621065738486273 -0.0214522870622949 -0.0964747041244645
0.32793718068962 -0.510582965553548 0.068374844990607 -0.0682604058548844
0.526669073302706 -0.438263205219204 0.0948571033090409 -0.0114396168782102
0.474984993924938 -0.44561185662847 -0.412556263049456 0.0757237712960589
0.331392796114372 -0.485452132750253 -0.247159199441339 0.113929733941405
0.142377410960382 -0.565228630923193 -0.115285372358185 0.0695778557186224
-0.0758641774094619 -0.523153753725298 -0.125330890315382 -0.000961797889060996
-0.278986303277222 -0.369329028173109 -0.132743464972746 -0.0283550855925535
-0.359667976084867 -0.242460277053145 -0.203498986615453 -0.0170557237792305
-0.433865266434486 -0.134362628847979 -0.207872935551688 0.0176808845883952
-0.407545814543294 -0.0495930961144436 -0.204591374182367 0.0138495631283709
-0.425140268414056 -0.0786227417433193 -0.184861226443441 -0.0058172464759769
-0.36418173811255 -0.232139305160158 -0.188802310744098 -0.00857495035193039
-0.277074697471818 -0.325336251387475 -0.148001204085721 -0.0231711720433572
-0.111513041056805 -0.475555584853879 -0.11254799612743 -0.044057535423488
0.0776828753238891 -0.51140622372929 -0.0388814067266028 -0.0601309401686746
0.309946113386218 -0.408832552805043 -0.0018054701948777 0.0413361293558698
0.468970593182739 -0.375660517359581 -0.0702905980696111 0.121666977066721
0.306447389365957 -0.351453244859837 -0.523523802624665 0.207630237169043
0.17479471195305 -0.35313792386899 -0.304261708610617 0.239017647371212
0.0679522877845654 -0.367287643432747 -0.121905021869607 0.10855620638312
-0.051626784004642 -0.328397217700016 -0.12146292390393 -0.00797184437051474
-0.178035666379191 -0.245341767775571 -0.18315396743269 -0.0885881670931715
-0.2465949852935 -0.176396237370923 -0.308141195902443 -0.0725574527881675
-0.306569358644368 -0.112681239025246 -0.336738156640389 -0.0149809447371279
-0.292742951429986 -0.0597190145271881 -0.328317633551237 -0.00846349844009934
-0.302306189744845 -0.092599093555753 -0.303847895545365 -0.0457297677243658
-0.240553842047161 -0.209947066330462 -0.269944941368597 -0.0813998623969684
-0.145402474342716 -0.267632793338123 -0.174764160485719 -0.107125500460574
-0.00253493413657894 -0.332028943248674 -0.0953039843371246 -0.0722729384483953
0.106590036790303 -0.320539689788743 -0.0445530058440123 -0.0283174286748151
0.233192728285307 -0.253830227773225 -0.069877338234945 0.125402180517521
0.33694318647826 -0.263439063569143 -0.215957722706067 0.228572259279397
0.0991936657289963 -0.190460130571642 -0.562435928435432 0.302556009042388
0.0205673706894947 -0.150904100384238 -0.315882205558488 0.325685324447198
0.0186883669900956 -0.116645067621472 -0.11035255751294 0.134066096341174
0.00944391043375993 -0.11055595608465 -0.100938070818472 -0.00956607888648023
-0.042030472717802 -0.112852024505101 -0.206647648132531 -0.126577081936944
-0.093872209738788 -0.102154714003585 -0.365889501642758 -0.10747703262636
-0.132040581932598 -0.0857498765372631 -0.415681819107793 -0.0378477711531221
-0.133664438319731 -0.0604881449783085 -0.402042337941655 -0.0279009940044233
-0.137930005795038 -0.0779432794779196 -0.373165704303721 -0.0871556354418367
-0.0970731160491287 -0.13373669451388 -0.299035294184069 -0.150362992347477
-0.0261045044671943 -0.148282097583408 -0.158293528360988 -0.178802053405954
0.0523189767022642 -0.135868989544436 -0.0553107768927055 -0.0876142704228461
0.0702284448429788 -0.103843786092192 -0.0443599779254008 0.00282578167984283
0.0926026371692951 -0.0984988034499558 -0.12750024700937 0.180888754887626
0.1480433694323 -0.137379910515565 -0.319862652229374 0.299722792387448
0.13709754041807 -0.00989155722042809 0.299470789067186 -0.423507482569471
0.122225770904494 -0.0539677829983694 0.143758164261885 -0.310666409782116
0.0397249702609589 -0.108639788133741 0.0167490987534883 -0.0625475130736654
-0.0448570103874668 -0.0849675155209181 0.00276739459586353 0.0731267431462972
-0.0647923341838934 -0.0217601002794647 0.137929649325878 0.218818373122
-0.0430267459404945 0.0033766751031784 0.33183839962519 0.191973182100507
-0.0473544481419156 0.0360242689228399 0.423056872702919 0.0719547272182245
-0.036876061460293 0.0469392129776101 0.419970520508421 -0.0176606926647089
-0.0423953359295673 0.0572291240735519 0.420234605286249 -0.0265549485462338
-0.053055967502357 0.0465487272617747 0.370501935523019 0.0309464344435102
-0.0904540039698391 0.0301994574872236 0.236815512473673 0.0870437428637517
-0.123804025506055 -0.04971887107005 0.0916332412401659 -0.00761260742432711
-0.0487366888650711 -0.114458086856468 0.0851148529678336 -0.148366237965233
0.0293636244257166 -0.0830134687395029 0.218176277496385 -0.321916042373475
0.0535940889487739 -0.0338408709493298 0.498244636976324 -0.375712238356958
0.313096762566932 -0.191789886637928 0.22652917595047 -0.377656401375465
0.270276437307061 -0.215519290528601 0.120526541636036 -0.288825366637235
0.130033675076485 -0.314397273552384 -0.000878069449071427 -0.0598523387435042
-0.0419860564803358 -0.298707496381718 -0.0344237553742476 0.0728871981706151
-0.166613328052255 -0.181725919117111 0.114963977328426 0.225867130990332
-0.195107890648236 -0.0925492483953824 0.293597432216071 0.20184515888211
-0.235451060534572 0.00203684788167625 0.387146862100783 0.0902371100326084
-0.206891511639448 0.0565096671788025 0.369729710420853 -0.00421107612875293
-0.224250054470358 0.0730414939227015 0.370670491088856 -0.0175147284404938
-0.22136821469768 0.0035384584257637 0.319759988135754 0.0433745703823226
-0.236659303273903 -0.0493302401159428 0.194234947284495 0.0967657170274674
-0.236353096778345 -0.2071652446032 0.0487948810290808 -0.00570450061669714
-0.0943913307253415 -0.323137753070359 0.0536744973439254 -0.163001979420689
0.106762763342077 -0.292921314622074 0.18814607306878 -0.332938639144372
0.221082634081145 -0.236296733404393 0.444345199730209 -0.376539607006661
0.445866810193468 -0.357164829897456 0.0941442631170028 -0.289910875838017
0.376287287439018 -0.375059280752693 0.0563043977426868 -0.228263503182792
0.185555794502579 -0.502358250844054 -0.0214239284145065 -0.0393695888030768
-0.059414489419424 -0.488294772307272 -0.0579244170477324 0.0668108021970658
-0.263053843510151 -0.319014622255348 0.0840137713137075 0.193320691919647
-0.326616010044594 -0.173330253690785 0.215713178677245 0.172631255998165
-0.391153056100046 -0.0295623862298385 0.290815755639118 0.0897699308040176
-0.344411122412431 0.0594235468285187 0.263681269403782 0.00827702602402171
-0.372226314867825 0.0802434661610985 0.268251953671573 -0.00378851608180815
-0.362315790164617 -0.0377143149048606 0.224821397903998 0.0544149313591728
-0.35780783631965 -0.122077585904176 0.126143619180407 0.0985026412761694
-0.326599833991784 -0.343557645432498 -6.99363130646355E-05 0.0036618015310205
-0.131928281859286 -0.492524808657486 0.0172819178001709 -0.150907623701624
0.164916180977299 -0.4637050387331 0.142262420598941 -0.290568569602099
0.351926091789523 -0.404540446059572 0.346302646305529 -0.308420471822212
0.499438048451813 -0.488533768153922 -0.0752123189741851 -0.159844043773017
0.399512154182485 -0.5139115482562 -0.0389737538114445 -0.121330500644825
0.171073071583532 -0.646084498952368 -0.0440062393218944 0.00474726904976414
-0.114247001541639 -0.608375929438244 -0.0719499766701039 0.0587968279016581
-0.349510122391352 -0.392778044589189 0.0367094186458974 0.128517981296794
-0.42067745129259 -0.212831966615031 0.100847137435635 0.118381236941397
-0.490115043938354 -0.0447255316222957 0.149984240489933 0.0767279900107123
-0.432009976804258 0.0548507514902605 0.119953675647262 0.0218910231910651
-0.463927684333323 0.0686307639053179 0.127582650886987 0.0119849727167367
-0.450990675377175 -0.0825865501950464 0.0957250987016929 0.0619921673915869
-0.427160623826679 -0.192684402050015 0.0364806557411756 0.0888972897002097
-0.36091164750458 -0.445651231238599 -0.0493653575902836 0.0110484829470155
-0.13595825435857 -0.599286905845975 -0.0169697204014721 -0.117674017433572
0.210216135399974 -0.560559394336349 0.0916663885876701 -0.199567830049504
0.432125066687537 -0.5048671957692 0.216795561315509 -0.185050542580092
0.473934955219396 -0.55213908434463 -0.244981395076417 0.00281842937596549
0.343296752058893 -0.583087254691766 -0.135673199903387 0.0243258227874325
0.104986750958468 -0.684515198869466 -0.0625263224689528 0.0598988521348262
-0.170159689296776 -0.616189750657611 -0.0848684766477412 0.0464412175484974
-0.384216323769167 -0.385600029893482 -0.0354459372165223 0.0527249688115486
-0.44956856702221 -0.209273288638818 -0.0443208009612634 0.0589747775932431
-0.517076058864674 -0.0490569378282696 -0.0181397665696589 0.0616757431747815
-0.454219579769422 0.0412482296376825 -0.0421546866299248 0.0335127003514583
-0.486607068501378 0.0380352136123558 -0.0315271358941755 0.0219211883562807
-0.466319069671939 -0.131994570532908 -0.0499316784268814 0.0537277791346377
-0.416660431580112 -0.250884720710146 -0.0620686473367693 0.057977611479402
-0.312650912124768 -0.491947681594242 -0.0918648976552737 0.00630607668413142
-0.0859607701899317 -0.613298444905514 -0.0431645591687021 -0.0769610221847133
0.24292459252324 -0.556988643545552 0.0408317139024473 -0.080057275360337
0.455218486324436 -0.517796732556338 0.0719349521687059 -0.0294328337700665
0.375166819605949 -0.521851447672185 -0.382911752574214 0.170175637861295
0.231359084798727 -0.531359946207597 -0.207431404306695 0.175434783571116
0.0361946371905887 -0.582555070235369 -0.0760569425415808 0.107178980565955
-0.174854029170171 -0.502954007171656 -0.0977815676796254 0.0316915199827103
-0.337524429901037 -0.314123206590669 -0.117904075436588 -0.0145891426067483
-0.397004010695306 -0.174738203146985 -0.189162913236369 0.00958293368599325
-0.460855934373143 -0.0492485112073626 -0.183880480069941 0.0488628965949519
-0.406042835169122 0.0178198498054648 -0.197690010207514 0.0386049677564274
-0.434595835743518 -0.00247107776705052 -0.183878273446706 0.0172924830359412
-0.403394442652432 -0.165388852526196 -0.181798334461113 0.0190509251717465
-0.326184272972883 -0.273803607983576 -0.142860993636178 -0.000876768185474736
-0.192655906120764 -0.453058587169731 -0.112734252506415 -0.0173961803862646
-0.00664583293857768 -0.514882705616002 -0.0562254659201954 -0.0421135778856348
0.243837597808507 -0.453403374731341 -0.0114134372345931 0.0373381537768628
0.408733897932545 -0.446015337144282 -0.0713023392454827 0.12354661623359
0.2263329591514 -0.394322104371499 -0.469163237612186 0.307618697973264
0.104376850001246 -0.369250364101106 -0.245390858068697 0.297762175529524
-0.00125636114922295 -0.371023448832555 -0.0842700279585792 0.137753234108465
-0.114914825252465 -0.315993759165452 -0.104257790165226 0.0199514496589648
-0.220139920267522 -0.210675733750155 -0.183855542403446 -0.0618646259626484
-0.278212899896395 -0.127848772674016 -0.304321719225102 -0.0242865094001181
-0.331906987614177 -0.0511686917641674 -0.320896084201667 0.0388208927296261
-0.297263650492376 -0.0088798063854067 -0.32091953455851 0.0366809878151313
-0.316731654855284 -0.0351365099219515 -0.305427906751698 -0.00441548498215613
-0.27794843882307 -0.163674599512379 -0.273702538552121 -0.040379805852667
-0.188712563337711 -0.2374244547886 -0.183042271768951 -0.0789884333252736
-0.0612512748303411 -0.328896568143873 -0.102221264472834 -0.0517972105122407
0.0523093016033052 -0.331145589293608 -0.056337594794935 -0.0154135676711604
0.192426201614531 -0.28953892741513 -0.0624989369353977 0.130822221493324
0.297133120438684 -0.314249274605894 -0.195877225502647 0.248813610330878
0.0555818562851209 -0.194576832901343 -0.493040235874329 0.392573201483417
-0.00881426385990867 -0.140959007236317 -0.24843598653706 0.373682096541568
-0.00263722266843437 -0.11525973062809 -0.0804752228944888 0.15350945151617
-0.0134079868442286 -0.111515258523369 -0.0946643058924717 0.0114219764432017
-0.0648524517079387 -0.103783939291783 -0.220168660074358 -0.0903094513396898
-0.117717687765007 -0.080457716437309 -0.370198979459483 -0.0445867735429552
-0.154519275755703 -0.0566881487110178 -0.408573409332312 0.0315487574931402
-0.144210334846649 -0.0333410936381487 -0.395494227742627 0.0308603027492929
-0.154198080611593 -0.0485417080718363 -0.380528391019968 -0.0347492831789136
-0.122581533082014 -0.11173890041593 -0.314478125604686 -0.105689648081287
-0.0533955759549316 -0.140445981894786 -0.179420991887128 -0.152086331050931
0.0259148749288091 -0.143896691192335 -0.0663768772525552 -0.0773341232045179
0.0523178681845641 -0.113123671200663 -0.0487305440159565 0.00974324760948718
0.0789528226361681 -0.114294554681554 -0.106306512432616 0.194932390974394
0.129861340699889 -0.159357886941949 -0.28220623290004 0.334805864313849
0.132147494552887 -0.015486518591325 0.276374601447804 -0.427424255912087
0.116207325940394 -0.0574626573926264 0.127491515259088 -0.30874297162917
0.0343668403631466 -0.108008367013232 0.0130603044264665 -0.0622522251075887
-0.0463533577747936 -0.0814208672935532 0.00281358449048989 0.0715624197421227
-0.0652423901070552 -0.0187440890390308 0.144856160339982 0.207631312861338
-0.0440223781541242 0.00391322477104379 0.33511472170211 0.171392677555821
-0.0439346555877849 0.0381287144546807 0.417387510529309 0.0515652028840625
-0.0343116299373489 0.0476170177645173 0.411516678759368 -0.0320941296244772
-0.0381648352209428 0.0572420458128898 0.408413444518017 -0.0443623306026287
-0.0491218441270729 0.0472780764630651 0.363910008168983 0.0124116561372262
-0.0869118171356192 0.03330404886288 0.236523666606158 0.0745491107156192
-0.12240552754379 -0.0425973497089517 0.0886925569413095 -0.0100513922550262
-0.0530691479936296 -0.110463530003021 0.0784942898783831 -0.147865211209457
0.0252922478769587 -0.0814280564208097 0.202067157884223 -0.32290284108266
0.0505071249667611 -0.0347447988800228 0.471607092599675 -0.388599701460637
0.295922923562029 -0.202124749486753 0.207053760785313 -0.378150083624151
0.255067840647407 -0.222020696774401 0.107059527796997 -0.286131818403876
0.113606976632694 -0.311999839077322 -0.00384724163695215 -0.0596526775364839
-0.0527016229050015 -0.293044760916386 -0.0343449394801777 0.0734061544965608
-0.171598748115757 -0.173030542742726 0.121189624564658 0.215428979995365
-0.198172426526241 -0.0837699025890952 0.297874194685721 0.183371843255077
-0.230385336518878 0.0138917964783859 0.38196429363902 0.0696672653813816
-0.200477683722472 0.0645423958193276 0.362392515090372 -0.0165754016014207
-0.215370411036028 0.0810093430835176 0.360309365754401 -0.0324271492722501
-0.217995116353984 0.0135443153925749 0.313306923001932 0.0272703928014492
-0.233845618944035 -0.0391951693886472 0.194374938296744 0.0854459892788515
-0.240147612123985 -0.193835745776942 0.0463295188473468 -0.00715266921495987
-0.107306402974598 -0.312456308732395 0.0467612801750737 -0.162120380317423
0.0929806639794529 -0.29286694122574 0.172488148462624 -0.331961268890024
0.205208929334727 -0.241982907264241 0.419025146753237 -0.387632571298939
0.417357740076542 -0.370671831316729 0.0814633960775173 -0.285852018374142
0.353076843307865 -0.382099744678084 0.0462017567638606 -0.225120472745791
0.1617579835531 -0.498578948715922 -0.0237764475129635 -0.0397528799020422
-0.0779545622261408 -0.480334823956666 -0.0581385371257033 0.068811666313314
-0.271256639831096 -0.30332554471138 0.0884379106511775 0.184233513298476
-0.330862804876828 -0.157173355187851 0.219785740249168 0.160037032986561
-0.384690675720102 -0.00941118778794362 0.287627015031428 0.0727384883454823
-0.335777466259065 0.07367065449967 0.257844696737486 0.000421514448005402
-0.359716073610559 0.09445604638741 0.259763868738799 -0.0142645482596796
-0.359295668586385 -0.0205186567947007 0.220955018450272 0.0432820213930528
-0.356429716525015 -0.106717180294033 0.127375289236015 0.0902367610991475
-0.335210636092821 -0.323473124450801 -0.000419990838359564 0.00327638385516509
-0.151738178566396 -0.478271396665101 0.00969381081155685 -0.148463887718457
0.143671175023679 -0.463657324216326 0.12832316404114 -0.288545500968952
0.324244047504065 -0.412224910542795 0.323911413014935 -0.316471553260368
0.464023463788236 -0.50075927804938 -0.0786594377523036 -0.151013598039254
0.372348905903176 -0.519020143968429 -0.0422192796123831 -0.116888670988555
0.142447246572021 -0.639688620732059 -0.0442325640210653 0.00419275609452527
-0.138578813101776 -0.596047493080663 -0.0713524276826975 0.0617336194105233
-0.358514310876782 -0.373008601873167 0.0394193851875088 0.123313634582467
-0.424329346546386 -0.191725486227811 0.104233618596091 0.112616482530445
-0.483068347242491 -0.0189371113999419 0.148427565287573 0.0656791736398397
-0.42093661452351 0.0735722985273001 0.116735478564858 0.0194460083628492
-0.450050604591749 0.0886390720879338 0.122774626488834 0.00680425049593362
-0.449110060634761 -0.0607494821941481 0.0950571345689437 0.0572464108526368
-0.427011058341172 -0.17250492608713 0.0387602143099416 0.0845916690305994
-0.374239469885831 -0.423167000302821 -0.0490124053766204 0.0121506590480413
-0.159667147402509 -0.581319522644639 -0.0235368940104652 -0.114769723600235
0.18272492754269 -0.561568861614127 0.0819900235290444 -0.197171254336213
0.397798392068596 -0.517429215550527 0.201753704235811 -0.189803870062189
0.436960471086806 -0.561991950036258 -0.238155489358185 0.0155685279515844
0.313473771837154 -0.5850993645987 -0.131563119279965 0.0304542588552549
0.0753944754739035 -0.675685174345173 -0.060128823805192 0.05977228772751
-0.194273380155714 -0.603796349297314 -0.084369764925236 0.0504316537229681
-0.392192753495857 -0.364918928099698 -0.0351073100732963 0.0525422590757939
-0.452123394273984 -0.185975344463096 -0.0408590374109402 0.0616912418674931
-0.509384970149154 -0.0210189057882695 -0.0174824093033678 0.0581538429138496
-0.44220121886676 0.0606285177389744 -0.0422510928673775 0.0363542288386654
-0.472621669681154 0.060260065742434 -0.0319158465715629 0.022667914139272
-0.467146352172658 -0.108410446948435 -0.0477126474925301 0.0561855354815967
-0.41903465976044 -0.231680067268755 -0.0594093693429735 0.0581738151181529
-0.328937503543976 -0.469607698163424 -0.0903705790142854 0.00852964077214546
-0.110172407138933 -0.595921083906117 -0.0480700759434087 -0.0745638297248477
0.214202636524128 -0.558813742488285 0.0362830241262698 -0.0779486670634997
0.4203362163907 -0.529749489405299 0.0671086163019517 -0.0309941707355512
0.341517942121819 -0.527615974478583 -0.366947367880431 0.184851273438429
0.20777795922187 -0.531079287122674 -0.196179771697374 0.180907662822196
0.0130085549311793 -0.572884491921237 -0.0716806948107397 0.106813383028398
-0.19508314342548 -0.491854651362143 -0.096558882892051 0.0364420123331035
-0.343485426652744 -0.296986338391523 -0.118528330394765 -0.00954990209267161
-0.398763587487593 -0.154990003080155 -0.185839343089923 0.0208271085460063
-0.453759356971064 -0.0247830449814246 -0.181357723048711 0.0532274316751088
-0.396608412657277 0.0356759248903465 -0.194225193962743 0.0467594202123213
-0.423256953790715 0.0188211766828713 -0.18085331785502 0.0241456066724481
-0.405851789807063 -0.143895963321557 -0.178268423405057 0.0277790943622986
-0.33065194160973 -0.256128905413246 -0.140647875809816 0.00402967610580969
-0.21189346979078 -0.436274995152521 -0.111216634383614 -0.0141128517036206
-0.0298126311717859 -0.503778053261907 -0.0605616422505894 -0.0394114092955897
0.220351569722764 -0.458437789450883 -0.0107484506956399 0.0380510169818706
0.378155805498347 -0.458288659599695 -0.0665150437404414 0.125082680971132
0.203773452596212 -0.397440199219267 -0.445379964306905 0.322215440746947
0.088863568329284 -0.367883863126705 -0.228553628082106 0.301702738336236
-0.0161243186005428 -0.364776242498262 -0.0773865881945665 0.138141704938174
-0.127246773329806 -0.308527837393824 -0.101996998972498 0.0239912948139121
-0.223108090502812 -0.19973575267809 -0.185456746230769 -0.052674278830429
-0.278529165023195 -0.113447880473291 -0.300143595285836 -0.00737907817215071
-0.328516842718325 -0.0324721700013057 -0.3137148584386 0.0497940993683869
-0.291645362052655 0.00493488962387209 -0.315162296725424 0.0487210164918716
-0.310393128380267 -0.0191733024685119 -0.300026001868723 0.00754094321718603
-0.282532905294481 -0.146489823011919 -0.269851204650221 -0.0266111081907766
-0.195801950165362 -0.226508062526837 -0.18314642924811 -0.0705229144020315
-0.0767828192487137 -0.319851296700164 -0.101394742500492 -0.0483345321852036
0.0358577757714673 -0.326478684173225 -0.05944038874279 -0.0134905866594424
0.17559344736064 -0.294443465810138 -0.0566936096037676 0.131615443367662
0.274908173159214 -0.323645753302702 -0.182955618341956 0.25320113162283
0.0453027429897046 -0.19498863379053 -0.467215004067324 0.404142706297111
-0.0124262923150324 -0.138372655268883 -0.228802281376633 0.376321291562359
-0.00731785912181215 -0.113684928829245 -0.0725607283549383 0.154068605065886
-0.0191271668365276 -0.110702476757428 -0.0919106141712796 0.0159785257363728
-0.0672643027913569 -0.100152015467957 -0.221163711572378 -0.0781436790085415
-0.118360121441976 -0.0729439514793749 -0.365563803325112 -0.0240190273119522
-0.154690925041179 -0.0465486496455335 -0.398486062244951 0.047404014917306
-0.143204684522356 -0.0255404639078349 -0.388139996266763 0.0447110150878794
-0.152075088903624 -0.0387021715537352 -0.373037870414089 -0.0190728692717461
-0.127531572293013 -0.10326260010864 -0.312064912088753 -0.0887169806667087
-0.0595645196297617 -0.136047690599409 -0.182383542119318 -0.141709638900611
0.0167993453193162 -0.142983605590803 -0.0671921214571673 -0.0745129632333634
0.046037173403719 -0.113532168643919 -0.0502492814275224 0.0114156385915928
0.0720854771790476 -0.117694063125539 -0.0972853307242741 0.195178623210219
0.119213887433196 -0.16401343690482 -0.263224297540994 0.340823943398204
0.129259171380857 -0.017211809911106 0.264366822862256 -0.426875039982529
0.1127393544934 -0.058157215370651 0.1207798861068 -0.305790038945847
0.0314667081162121 -0.106898967774353 0.010885075777824 -0.0615137843065528
-0.0456617826009837 -0.0798251072048501 0.0014607162726079 0.071262948689443
-0.0644546057742533 -0.0175932985146626 0.146637226771662 0.20111199494339
-0.0457847160202325 0.00365929867442177 0.334026462631665 0.160392415432795
-0.0415881980284065 0.0382474892055984 0.412640304699141 0.0414136596354442
-0.0330428679523974 0.0476863277221862 0.406552775335206 -0.0360803512582169
-0.0370049836691447 0.056520548274506 0.400384196477897 -0.0499993274187946
-0.0474619526657793 0.047101737221135 0.357922054166589 0.00331868234979159
-0.0844532713167213 0.0341639545679788 0.235300572170739 0.0675764745079498
-0.120587603908192 -0.0397971117482413 0.0866252961834303 -0.01056995730991
-0.055324953248939 -0.108135116265719 0.0767788186060511 -0.146748539642832
0.0234037346287041 -0.0800534566097165 0.195515095649599 -0.321275576840141
0.0486521541253198 -0.0342213806976753 0.455390146779576 -0.390383308770113
0.284630616076419 -0.203974477620541 0.198476264235303 -0.375040186691146
0.24637701015451 -0.223065922383031 0.101346969417079 -0.282708240731643
0.10683414679574 -0.309196595111934 -0.0057872347286495 -0.0595141310000771
-0.0575294799987916 -0.290522727698323 -0.0353739240695215 0.0741177679460238
-0.17196495847866 -0.168332299273082 0.122751536387718 0.208917183305294
-0.200327531698945 -0.0798108067986827 0.297866257007586 0.174173427741869
-0.225582174685591 0.0198533049332627 0.377076732253718 0.0593248655908745
-0.196663170708576 0.0680380831683232 0.357468176701599 -0.0193433329276203
-0.210567705736276 0.0839325385454459 0.351998894586562 -0.0380304378498769
-0.215695556942534 0.0175099013795996 0.308796789896963 0.0197625780740202
-0.231290986342582 -0.0356377803583035 0.19319491339408 0.079581485625628
-0.241266443358129 -0.186207528869079 0.0450352703604451 -0.00751396024666078
-0.112313608955827 -0.306549735889644 0.0440583228880815 -0.160541633591532
0.08617441976392 -0.290671369266098 0.165636736181698 -0.329142477250641
0.196204309752268 -0.242717107105835 0.404277491036755 -0.389792697704854
0.399998547089019 -0.372218096282777 0.0770507232958656 -0.281135903841028
0.341078425183657 -0.384453867581817 0.0424369812412094 -0.221303709505046
0.150974476589071 -0.495034210626484 -0.0254483854120732 -0.0398770001924747
-0.0865552744075493 -0.476225733241182 -0.0597219229353833 0.0708739167270924
-0.274298120834207 -0.296863958469243 0.0890427006471352 0.179552652807881
-0.333208140996263 -0.149418231025003 0.220970123384672 0.153393811560141
-0.378445419204082 0.00138393039831422 0.283101018145142 0.0640664360712622
-0.329472499728638 0.0800914863777648 0.254412778171979 0.000317998877967884
-0.350571566497631 0.0998260190650685 0.253255107755617 -0.018079277745285
-0.357323942620635 -0.0124649287612632 0.217156695363207 0.0379238134047428
-0.353679826615832 -0.100035616691516 0.126770396770408 0.0851824651132324
-0.33881378900337 -0.312713604653845 -0.00152035404496479 0.00337407195402593
-0.158952451773241 -0.46785726156578 0.00608636469537201 -0.147188489081156
0.132026376168637 -0.461427249326361 0.122330854344775 -0.285369229795728
0.309362351590333 -0.414644714660951 0.311951223220602 -0.317307993051645
0.442460169721498 -0.501360286476752 -0.0772161584397099 -0.144615703759641
0.358872970481393 -0.521075838628738 -0.0432907283678793 -0.113002285713461
0.128308274237958 -0.633473116148337 -0.0450089485053244 0.00369666314163056
-0.149732771891055 -0.591905932414201 -0.0729711739561631 0.0647002177032177
-0.360841209163851 -0.363086474589073 0.0383108473777337 0.120600815920078
-0.426466630286564 -0.182250743373116 0.105192112935372 0.110642422877793
-0.4760054395381 -0.00552612364222799 0.144531418548708 0.0592259488858765
-0.414286941365577 0.081802573351684 0.115148550626926 0.0204375949411997
-0.439522603306112 0.0961885738206806 0.118645117816735 0.00525517101503557
-0.447047697766561 -0.0496295059779787 0.0931872073465308 0.0548956820766918
-0.425606000147313 -0.164325938837527 0.0387077055064277 0.0818454939216416
-0.380285105341905 -0.409426885793842 -0.0491045322509873 0.0121984389177044
-0.169143346322714 -0.570507510322407 -0.0276390071965609 -0.112992476407593
0.169024530955836 -0.56094198754382 0.0776290933563308 -0.194031511420069
0.379737938143507 -0.517075123006861 0.193724682840968 -0.189779712836193
0.41529003936756 -0.56287323960925 -0.232697445613534 0.022319483653634
0.300085617229188 -0.58707671482249 -0.128565924034757 0.0334440379804326
0.0629173634014487 -0.66965582980748 -0.0605969116767914 0.0591388624585846
-0.206624069670447 -0.596916828106694 -0.0849205309664885 0.053465271599501
-0.39439590265557 -0.355851370871649 -0.0362882601968112 0.052760097601617
-0.454167736873462 -0.174515994556172 -0.0382555486561191 0.0641295759814401
-0.501702579883474 -0.00708237602621038 -0.0192609030487603 0.0545599306176431
-0.435204949232347 0.069899574506973 -0.0423019353689655 0.0390922370251272
-0.461870587505433 0.0686244961128176 -0.0338034729060485 0.023407998851366
-0.465587778111751 -0.0957916721106336 -0.0466798584791344 0.0571370881227686
-0.418929946632898 -0.222593423988816 -0.0585245980528079 0.057814256847276
-0.33622953278205 -0.45750040385268 -0.0905757835302301 0.00842636691345844
-0.120826313420812 -0.584988141210661 -0.0516370796773986 -0.0720343056670938
0.201637086475493 -0.559546751730593 0.0342861216480243 -0.0760301659065029
0.400722299097794 -0.53179763974393 0.06341336552277 -0.0306424164349373
0.322057112107912 -0.526838566127433 -0.356068209748739 0.191125920161218
0.196548494724227 -0.529795878906573 -0.190014859516223 0.182816998955124
0.00313164563349471 -0.568329541211941 -0.0705293079418166 0.106572543266849
-0.204005982150233 -0.487564830684409 -0.0965433171272429 0.0394730091579566
-0.344459393669902 -0.28886136606845 -0.119671047450074 -0.0063873088706466
-0.398693265678497 -0.145045696721321 -0.182041574232041 0.0270079972136382
-0.447211403284273 -0.0106440772260827 -0.180356650683028 0.0537131919663933
-0.390582447075823 0.0443542738549646 -0.192638587172778 0.0509427967255067
-0.414577576269901 0.0271524371178389 -0.179959345010449 0.0267353007545155
-0.406044974148646 -0.131361640624351 -0.174756750360231 0.0320101204440705
-0.332847621969298 -0.249511878756751 -0.139658131497817 0.00578882830213102
-0.220193112968356 -0.426816605331382 -0.110861904888976 -0.0145307299023115
-0.0400056408658502 -0.495381682217714 -0.0635738004824611 -0.0370512633467275
0.207713262690731 -0.459383710399016 -0.0101952887864176 0.0393732333640239
0.360904762017893 -0.459272119851226 -0.0652777018478957 0.125910264017404
0.190406491987527 -0.396255888347935 -0.432084098090886 0.326390471662357
0.0825282448460055 -0.366191969426154 -0.219557555386813 0.301985588764982
-0.0213974530607268 -0.360742065095859 -0.0750963486736844 0.137596882121018
-0.133698235693149 -0.306893229151564 -0.101005219835617 0.027138479458755
-0.224319401814483 -0.194470515510158 -0.185947593112199 -0.0469527729770643
-0.277964267771341 -0.105848923938329 -0.29600053564409 0.0015652857677393
-0.324391077975913 -0.0216507952474752 -0.310543954528336 0.0539642426248162
-0.288462479836185 0.0118178019465885 -0.312375632244952 0.0542308759869291
-0.304296450731836 -0.0117214228248762 -0.296813774432663 0.011383348147621
-0.283303537573132 -0.136732734203492 -0.266542787856805 -0.0203331448436077
-0.199064913218948 -0.221880932087473 -0.182392050515017 -0.0668711236066518
-0.0843778693512063 -0.314201976556824 -0.101229872801418 -0.0480490635350458
0.0301744170152948 -0.322161002443851 -0.0623037220675162 -0.0113247071370132
0.166881888541311 -0.296088028345996 -0.0540519412155677 0.131365811102852
0.262985665259857 -0.325894292266684 -0.177087557994382 0.253653640390905
0.0402204986198731 -0.193966675266268 -0.452459202113689 0.406107792517199
-0.0140452806714585 -0.137533663692965 -0.217818518579985 0.375310666714424
-0.00863276464224976 -0.112611489028872 -0.0694073346696103 0.154212546248062
-0.0223595164168187 -0.110637773497172 -0.0900436262999253 0.0177109550687925
-0.0680892872374252 -0.0984544501654001 -0.2211331423064 -0.0712461198955919
-0.117160241458215 -0.0694182565581069 -0.361713931462509 -0.0135875153600097
-0.154208719795062 -0.040421415427415 -0.392686468794328 0.0540233559055375
-0.142027148408485 -0.0217465731034787 -0.38426296156384 0.0497773913779712
-0.149996491404276 -0.0338062118491961 -0.368911192711345 -0.0133112997384192
-0.129912931449632 -0.0973175480563043 -0.308481666200003 -0.0801342700177644
-0.0627056524263181 -0.13332180837738 -0.182607064441214 -0.137278486980283
0.012170275990548 -0.140861773385066 -0.0671507175755421 -0.0745551035492512
0.0429066110735642 -0.113225579139744 -0.0522344525103301 0.0126759620491952
0.0683444900179008 -0.119706744277777 -0.0927856598737732 0.194016572553503
0.11367183878409 -0.166125169697994 -0.254730445261 0.341731808042263
0.128961781313599 -0.0175195520790156 0.262537065330551 -0.431148735461887
0.112013873331169 -0.0581517078181928 0.119274005093632 -0.308028447349115
0.0305001017710978 -0.106807297559111 0.0100795873127521 -0.0619157459487146
-0.045991487475151 -0.0815389163426219 4.57367132084914E-05 0.072602048761669
-0.0651293103446663 -0.0182639553444396 0.148862762384455 0.201176375859062
-0.0488915496879559 0.00415608795323998 0.337993150958365 0.155580809755966
-0.0406950910342093 0.0383709318896262 0.414749076644593 0.0380825111392853
-0.0324769825185355 0.0485502745087812 0.410983444243015 -0.0365512049667945
-0.036532364893 0.0561379898845819 0.401521012900737 -0.0520899768791961
-0.046915957415836 0.0466059998573611 0.357972712760382 -0.00159662476583473
-0.0837054964439222 0.0348197152097409 0.237833453243511 0.0655755287215821
-0.120929888954054 -0.0391510405720877 0.0873742637466735 -0.00992259102392126
-0.0569586431888712 -0.107785873120152 0.0786980496583639 -0.149439525500636
0.0238687677971091 -0.0792832138203596 0.195934581449718 -0.325565572197988
0.0484806262819859 -0.0344058624740189 0.453966570607085 -0.395786634856157
0.280503903820481 -0.206908452333106 0.197977126718968 -0.3773041139977
0.245371706520221 -0.225942757321006 0.10023642998298 -0.284788633848749
0.105027148588701 -0.31128476200438 -0.00750804998263528 -0.0604492607387736
-0.0598628110645191 -0.294658856129053 -0.0384071884711799 0.0764934852567558
-0.174905068605475 -0.170027576857054 0.123337029811833 0.209523175711939
-0.205861072885786 -0.078743729343508 0.301497291251726 0.171206995456454
-0.225395269267353 0.022431739701312 0.376968162462267 0.0546786690215926
-0.19740347657622 0.0711635559167983 0.36196866123425 -0.0183858470088438
-0.209967540259061 0.0854789657317075 0.352599995058131 -0.0391805987482895
-0.218145603073805 0.0190595788792758 0.308559937469704 0.0165710895014777
-0.232549737996258 -0.0350804553264551 0.194873369582646 0.077647398350036
-0.244833618367609 -0.186285897473059 0.0447726163650733 -0.00685541021267074
-0.115915151392662 -0.308121123565208 0.0437324613813681 -0.162377785195139
0.0852256457227874 -0.293805502102641 0.166319204092208 -0.333057123790076
0.194661585961866 -0.24550253204262 0.401945255190591 -0.394795524758452
0.395953856746424 -0.37665434678808 0.078194248932093 -0.280670113772722
0.339921841753487 -0.388850152178304 0.0427585579776438 -0.22236588465835
0.150858937929978 -0.498714179265938 -0.0281741671218745 -0.0407786826513833
-0.0931051426417226 -0.483612402874192 -0.0622399590823169 0.0745785149317533
-0.278146516838811 -0.298419866259941 0.0889375416559532 0.180080301423519
-0.341271019828251 -0.147761023425313 0.224371916130758 0.153152591194392
-0.379447619534657 0.00719748038846897 0.281051416112181 0.0596666807470053
-0.331728528836225 0.0851521124403201 0.258316419698552 0.00165456052931541
-0.350559949022119 0.102621883589716 0.253244747893574 -0.018599228761778
-0.36167226659431 -0.00917727346101341 0.217447902556744 0.0361891933018635
-0.3572913609679 -0.100326921991751 0.127021032774314 0.0841810970584283
-0.344098883059508 -0.312771652263254 -0.00285237500405011 0.00295452151310103
-0.164273068609751 -0.47085379179168 0.00516486981319451 -0.148240251171048
0.128217291412905 -0.467453557383664 0.123280325137965 -0.287578939097563
0.306412557780304 -0.420062848532771 0.309534407700624 -0.3212544096381
0.436432949531463 -0.508856145370704 -0.0753679193412177 -0.142576287191074
0.35610558913987 -0.527251026582759 -0.0424325810257296 -0.11214379464132
0.127493511384007 -0.639868220045338 -0.0481814867522781 0.00337841139720495
-0.157478991754158 -0.599739577731043 -0.0756572937084697 0.0685241341426703
-0.367276700173568 -0.366269826260583 0.0373775889005971 0.122196763402949
-0.434536752331378 -0.180476240492575 0.107773799091007 0.111756794632863
-0.477230095891892 0.00143508663369708 0.141197384346271 0.0553546577453483
-0.416366214468389 0.0880719979442452 0.116830606916688 0.0231392182305918
-0.439111244811146 0.0991477551261521 0.117056403470963 0.00567479752137327
-0.453238577371588 -0.0446532004955054 0.0937655522469451 0.0546940597177142
-0.430516032069618 -0.164811917226999 0.0382143367368922 0.0812135374751932
-0.387312399017158 -0.410155477760199 -0.0511885327019445 0.0122881932243345
-0.175632567648352 -0.573639738944617 -0.0300853905300314 -0.112733704669346
0.165315102676275 -0.566939811698494 0.0786854042599818 -0.194843834102743
0.376348637066031 -0.524175270023655 0.191215132190339 -0.191772437823708
0.409779744078638 -0.568522976375169 -0.230081503814794 0.0262381455312714
0.298702731253787 -0.593080050893334 -0.127545626605986 0.0355738573155831
0.0599535525213917 -0.677484316749875 -0.0631814920928733 0.0602228444369679
-0.215629388869868 -0.606747244356321 -0.0875274894839751 0.057689041985062
-0.401586122772119 -0.358756726340375 -0.0386050749561371 0.0546617269888823
-0.461895986653203 -0.172626223946785 -0.0370170922287009 0.067377572015247
-0.503465302347666 0.000627443954736908 -0.0242984016116537 0.0527963671915122
-0.438130460507251 0.075828821894123 -0.0425993867237269 0.0428594707676441
-0.462641369488628 0.0714300894140581 -0.0362934252645005 0.02457303778427
-0.472079442864661 -0.0916824863021162 -0.0472820993270636 0.0584441020091637
-0.424490236007284 -0.223657274003548 -0.0605689861331348 0.0576679286246937
-0.345030848020589 -0.458916656748643 -0.0928773431982758 0.00765224784700674
-0.126946949518698 -0.58864436405006 -0.0549359998874183 -0.0711127966879872
0.197396024820288 -0.565448988956761 0.0349998862318551 -0.0753290866067677
0.395332309644487 -0.54102074214131 0.0606724096825035 -0.0294202968840652
0.317044646390646 -0.531501677860396 -0.353460975293237 0.195494002934612
0.193172557249471 -0.536947879649205 -0.189034013132077 0.186641777306939
0.000473522037611527 -0.574643619771985 -0.0727413328914523 0.108251990992089
-0.212756524603365 -0.493454641381849 -0.0982718018489256 0.0424830317209706
-0.350620253831583 -0.291475175247 -0.122811283328594 -0.00384509424154017
-0.405454396741806 -0.143791797167544 -0.182442472001052 0.0318310354351861
-0.44953585737981 -0.00280210871968937 -0.185526353085484 0.0530607664117703
-0.393656589995256 0.0500335341756543 -0.194838389986315 0.0543993143243224
-0.415074057942981 0.0304719587566544 -0.182608486244821 0.0281481711534709
-0.411654647314949 -0.127355618428479 -0.175597507447811 0.0342045821772111
-0.337965766477403 -0.25061768980193 -0.142191202112719 0.00591743620358233
-0.226196348361786 -0.427509120012307 -0.11341938382051 -0.0155819515194619
-0.0438005489688349 -0.498975627755375 -0.0671197148692307 -0.0353421298391592
0.203600585773511 -0.4648152074861 -0.0095979100564157 0.041194632193182
0.356993992421958 -0.467075065160147 -0.0667526604801529 0.128603920408017
0.186294939752284 -0.40025183755592 -0.429867180792262 0.331614275528679
0.0808066375092194 -0.371747365040056 -0.218129183002845 0.306826254046095
-0.0234093236827717 -0.366676992187874 -0.0763478988211311 0.140320936230322
-0.139900746009461 -0.31079114086072 -0.102043970000594 0.028933725194774
-0.228160678097748 -0.195595882936631 -0.189086240730445 -0.0442492675342017
-0.282440970308449 -0.104762062394452 -0.297167457113795 0.00756120510395284
-0.32607661543106 -0.0162825643561191 -0.315976033243405 0.0548446832626154
-0.291085462932983 0.0156666339490651 -0.316280300800609 0.0563351921995715
-0.304986999168926 -0.00894887030821235 -0.30032025275402 0.0128958291203029
-0.289037461742744 -0.13292816880869 -0.267382115116815 -0.0175692951922603
-0.203532097113667 -0.222784795304625 -0.184360428033055 -0.0666323272303309
-0.0893215664219956 -0.31497077607982 -0.103591671851187 -0.0500242043896528
0.0271243846083082 -0.324698998886521 -0.0655322154627957 -0.0094078896263952
0.164350576310818 -0.30127129875077 -0.0534180563003146 0.133721908758223
0.259802115771558 -0.331594891261075 -0.177887671616588 0.258131900532539
0.0379873296342484 -0.196300525983334 -0.449317968612118 0.412924450420738
-0.0142518396645142 -0.139931328566121 -0.216917376037125 0.37952339798176
-0.00917698196068526 -0.11601302285222 -0.0696455627239104 0.156840857901948
-0.0245935874075535 -0.112378739738926 -0.0899623962595519 0.0187610103372257
-0.0698410000611544 -0.099096987394661 -0.224536566802737 -0.0685074069464718
-0.118144180242137 -0.0687902952819156 -0.363210247776425 -0.00828781554244645
-0.15597716518456 -0.0367413520189004 -0.395297402131128 0.0559872672003825
-0.143937252771109 -0.0197291264240261 -0.389248487430625 0.0520723772981042
-0.149973047457426 -0.0320961131297203 -0.371965646459156 -0.012254491007157
-0.133098968789849 -0.0949713277960718 -0.309532154025521 -0.0781152367285352
-0.065947511562898 -0.134348736062851 -0.184535074481496 -0.136766091384269
0.00915724164782212 -0.141592494888485 -0.0686320573252238 -0.0763764283859542
0.0417516714881426 -0.115259011768602 -0.0551064195963173 0.014646111242259
0.0660199123323612 -0.122706680229799 -0.0923487672912275 0.196655984000957
0.112046177771173 -0.169797358175924 -0.254796972532946 0.347092685093211
0.131952877623132 -0.0191064951713451 0.264456614571449 -0.447858022723319
0.11437669268903 -0.0599343703025419 0.11926708562098 -0.319626779277526
0.0306847417209241 -0.109766458317179 0.00899758393149086 -0.0643374169261963
-0.0487045743127317 -0.0843789445642999 -2.84725683914461E-05 0.0762442802983217
-0.0680412652714635 -0.0192227366616448 0.15625991824529 0.2043034783168
-0.0525610158076013 0.00517684997830839 0.350687246841898 0.153158946085991
-0.0400263376998233 0.0390060122204805 0.426857340897665 0.0320507115125088
-0.0324036192122309 0.0511141661017496 0.426153811661865 -0.0425281661178002
-0.0368056275098653 0.0583159039435676 0.413710810600797 -0.0587888508043958
-0.0476427991323482 0.0479598606400349 0.367853028958138 -0.00787711734420745
-0.0851477499514073 0.0366683761539558 0.246378941809113 0.06318808480414
-0.125124739573115 -0.0387014148160432 0.0903546165059781 -0.010170064795138
-0.0607749662175027 -0.109639985498808 0.0814334188013798 -0.15612067924158
0.0247746774647073 -0.081065988728036 0.198285006999644 -0.339474103054107
0.0497080368867918 -0.034983339337275 0.460634832948389 -0.415080548194093
0.284485015936527 -0.216406150641422 0.20049615337 -0.390862537488902
0.248874681867298 -0.235068851885766 0.100631650464579 -0.295183325545445
0.10443118820698 -0.321997855488269 -0.010258231341306 -0.0620411430074146
-0.0682240962451858 -0.30571632950266 -0.0406309348222715 0.0820751460341913
-0.183987627862524 -0.174588182231507 0.129326642172372 0.214204170447864
-0.217726899888508 -0.0773239016649904 0.314209790602396 0.170313425948491
-0.230815241191389 0.0268652930624364 0.386290166482512 0.0501537108210678
-0.202208698557866 0.0782314227131957 0.376404845579911 -0.0219512541713115
-0.214645328958829 0.0910265209147934 0.363085885958838 -0.0438145114267638
-0.225628202108125 0.0229441239246165 0.31739273577638 0.0114989525829726
-0.24038500999648 -0.0344145793656953 0.202255469062698 0.0766927076471407
-0.256060212380523 -0.189284330519514 0.0454397219873229 -0.00730402747362906
-0.124897300920124 -0.3152080619009 0.0446659561676184 -0.169526380148051
0.0835899497863551 -0.304124249694764 0.168366534093211 -0.346175975024999
0.196292060104612 -0.255675214006433 0.407380559046264 -0.413123060013536
0.397194218045376 -0.391077029604304 0.0801385330823872 -0.288147877487574
0.343390938555548 -0.405808323334918 0.0424836828338137 -0.230227421217294
0.148202192989235 -0.517761283606458 -0.0312058797123512 -0.0412553994020783
-0.105631120084833 -0.500230064046662 -0.0653484259152305 0.0804452689550872
-0.293833395534464 -0.306472861346514 0.0929312482267201 0.185299516785444
-0.35910004057449 -0.147068410496197 0.233816361496034 0.154200184578285
-0.390026551317249 0.0138312258939328 0.286424600710383 0.0560043788291608
-0.340512101925011 0.0949791798281301 0.26844227932949 0.00127592488332388
-0.359389145122669 0.111249426591763 0.259869864937616 -0.0211992924451604
-0.375367847867335 -0.00318717580408865 0.22414484508682 0.0341917366820814
-0.370809941616461 -0.100226446229875 0.131441221449971 0.0845007848812764
-0.361196688129501 -0.318861941332112 -0.00429652504114311 0.0036126415790845
-0.176245118420214 -0.484611742189735 0.00329704785454979 -0.153195955908216
0.125401568566528 -0.485736457248298 0.125002153733957 -0.29837285281835
0.309757191067362 -0.439400657551015 0.312941468482797 -0.334892686857808
0.43922824298899 -0.528662393995593 -0.0757350142616118 -0.143913912251868
0.360385920231865 -0.549646869967043 -0.0436445476532943 -0.115014949524641
0.122314534878639 -0.663555546966679 -0.0514690423994831 0.00531127315519234
-0.175864028896365 -0.621897003896294 -0.079258386193777 0.0749752346371747
-0.387330567286773 -0.375662311337823 0.0383604651224459 0.12707892345852
-0.456334734647965 -0.178202225928845 0.11383256785027 0.115095915863142
-0.489823669125296 0.0117203106674199 0.140499307333086 0.0537474587258544
-0.428624426841995 0.0997927538771378 0.1226915300089 0.0251830936609322
-0.451326041213692 0.109442677459289 0.119681585109154 0.00610463811771601
-0.470990692333776 -0.0376562265421651 0.0973976006509584 0.0552234068364227
-0.448864178066216 -0.165471641456353 0.0390453213891848 0.0829009893844715
-0.408840426654045 -0.418051293731291 -0.054527442392377 0.0126144584984411
-0.190314528200538 -0.590182591702619 -0.0329313851881438 -0.115756347087595
0.159634236715485 -0.589026609347057 0.0804199017613581 -0.201388821325542
0.378998252482147 -0.549502959261508 0.191751999584389 -0.198897627757188
0.408773040098664 -0.590402140279076 -0.231983300758725 0.0313530873835216
0.298980016620128 -0.617535419312439 -0.129485665743641 0.0390688963497901
0.0524956632309331 -0.702417171502666 -0.0666504114656373 0.0641942291634537
-0.236327418950358 -0.626344368809558 -0.0907771543637982 0.0636760162634697
-0.420949457661386 -0.367106441467475 -0.0414013697122066 0.0592131022003745
-0.483037866357633 -0.17132355751594 -0.0362829153495824 0.0724931856247561
-0.516453070840353 0.0121039414515664 -0.0301817088857431 0.0530685299044496
-0.451761047567458 0.088897372412881 -0.0424813141892236 0.0469565822070992
-0.476111953091164 0.0810851949486091 -0.0393568206213118 0.0271324630993632
-0.491116162857144 -0.0842056628113801 -0.0476013594496522 0.0611061250965428
-0.443141738998646 -0.226985815110512 -0.0631938267132035 0.0601907708298653
-0.365400926037165 -0.468161232187396 -0.0983875174696975 0.0091469876661712
-0.140725449390234 -0.607003297939966 -0.0587492253159911 -0.0708178985963324
0.193314623133248 -0.588590880792217 0.0366240000603606 -0.0769883140756541
0.398903890294288 -0.56452428227789 0.0603055506298223 -0.0297876882818637
0.31538325038071 -0.553339092042932 -0.358091642266467 0.206972427954899
0.193424494996799 -0.558750296996076 -0.190270936091311 0.195631942545905
-0.0073218737644372 -0.596716619385887 -0.0755436091825719 0.113917311515935
-0.231147103945185 -0.510666065945807 -0.102029502940175 0.0475464520539843
-0.368091237570682 -0.297163449999498 -0.128676692145788 -3.37603591668472E-05
-0.423391415661736 -0.141288346867278 -0.186220038548902 0.0383935024571834
-0.462449155706222 0.00718527313991005 -0.196324301471896 0.0560891345674768
-0.40598961641963 0.0607189288690872 -0.201051918924289 0.0602339359263442
-0.426907098631009 0.0368217821904036 -0.190916866530546 0.0324537981833421
-0.429223740135389 -0.122172983571644 -0.180142545656564 0.0383201081254153
-0.354557736956113 -0.254498377247764 -0.148046089369127 0.00725948905813828
-0.242866026689718 -0.437675580587878 -0.11935578975508 -0.0157108860721423
-0.0527386233609461 -0.514201836311903 -0.0710004166136997 -0.0333916881710423
0.20018606533611 -0.485871734530573 -0.00806855831625016 0.0443223482580201
0.360243511537883 -0.489089123829847 -0.0692992485608107 0.135526728778149
0.182737666677718 -0.415652785441737 -0.436041487682325 0.348380568913819
0.0789337111590586 -0.386427772940176 -0.219888296787097 0.32067503193247
-0.0291503452228675 -0.382685004853729 -0.0783900533057829 0.147269938422576
-0.152027578917201 -0.321924629146789 -0.105391757926054 0.032804513384485
-0.238613846149944 -0.199547918634453 -0.196811294358042 -0.0411497128913875
-0.293850452367549 -0.103421096269944 -0.305416787908366 0.0152519461629695
-0.335424829226581 -0.00797508371324721 -0.328131291736078 0.0604734507489891
-0.300324262440977 0.02349968442504 -0.326927843201802 0.0642259840081301
-0.314044639842922 -0.00480070932574073 -0.312408026657596 0.0178611322523364
-0.301661088931662 -0.131340529606544 -0.274828152502179 -0.0139943984609442
-0.215451703432208 -0.227473966829501 -0.192596843168774 -0.0671322598900355
-0.098588751071821 -0.323007812982871 -0.109291741999622 -0.0521789002592601
0.0224759938996571 -0.336461195534202 -0.069418442133056 -0.00681494376574454
0.16237546673726 -0.31418532059546 -0.0523298787635751 0.139527190588694
0.261593710273003 -0.34703014226581 -0.181509463276082 0.271050863078515
0.0349157748226453 -0.203953965737367 -0.456855239716028 0.430393617620587
-0.0160040132163901 -0.144888198222041 -0.217156757504471 0.396173436294723
-0.0114595005447341 -0.12154917023662 -0.0695497704857122 0.163687225921793
-0.0288979136701204 -0.115729061099203 -0.0920917962268772 0.0208598419200849
-0.0730752404144547 -0.100862259588757 -0.233063885400133 -0.0662091595758898
-0.122462939024664 -0.0695732055637891 -0.374345816450004 3.11048862731241E-05
-0.161045173366366 -0.0324888797536618 -0.408043932943341 0.0633729034679132
-0.149543961671021 -0.0164381907708521 -0.402933760920087 0.0579813481862714
-0.154992179678934 -0.0303266473993921 -0.385684434478279 -0.00785475135527529
-0.139753605251678 -0.0943402277971455 -0.319293097217755 -0.076020951266971
-0.0715897441269578 -0.13770639388483 -0.193606980522023 -0.139724215066277
0.00621279906785957 -0.145770912846304 -0.0729525072317473 -0.0795119201772821
0.0404215360152093 -0.120951296710846 -0.0585497894622675 0.0178818935883155
0.0644717848673137 -0.128938626605536 -0.0918663140203152 0.203753122847795
0.111925058191292 -0.178795261270669 -0.259676001904396 0.363195023387747
0.125610074829999 -0.0425990500456356 0.240693148375372 -0.472550205858019
0.103950219072416 -0.0787248810084349 0.0976104944777097 -0.333405554228937
0.0164323285953769 -0.116056749201017 0.0122259704181046 -0.062518829947192
-0.0612625493181694 -0.0796246468408723 0.0136081743178938 0.0776476484716797
-0.0683165736123516 -0.0114721115740764 0.18163732399132 0.191168794838314
-0.0494950658314246 0.00848666944269408 0.375238537301593 0.121370616256665
-0.0330693310276657 0.0429533178936673 0.442737848631771 -0.0143773626977288
-0.0258748459414661 0.0523658476212904 0.440142840764845 -0.0871619111007675
-0.0298496496455606 0.0646961717422554 0.431288891665869 -0.102483681414596
-0.0450760812081208 0.0568258610596454 0.390052326547466 -0.0454914384550858
-0.08355993108464 0.0493321494079919 0.268834153414769 0.0404314925293469
-0.133856015747305 -0.0227310548770489 0.101075049260665 -0.020078440411617
-0.0726944919831702 -0.103381597869075 0.0773529753318756 -0.171598835406161
0.0234520426467409 -0.0807872441968029 0.17594397858784 -0.379197403864861
0.0545743090615563 -0.0340294001884821 0.449881479561393 -0.475201909065568
0.251572788653712 -0.260234171650277 0.194825348496334 -0.395573751123782
0.217877151208117 -0.272423361551235 0.0924347774601271 -0.298515705436306
0.0629450689959145 -0.342977528468381 0.0106545333390923 -0.0505882950035737
-0.114059957249546 -0.30257709673413 -0.00826095094478436 0.0910218088169195
-0.205767182912788 -0.156122159006196 0.164982146345247 0.19679988021468
-0.228557230618844 -0.057529647225186 0.344364795194588 0.135652493547421
-0.23171243919074 0.0576637114438825 0.411213370025103 -0.00175682320760518
-0.197124729395637 0.0976140103613944 0.388735255255311 -0.0627957616159052
-0.208951974484758 0.120182990178781 0.37888873365597 -0.0804575185652645
-0.231874093865783 0.0528280224364341 0.341667284760607 -0.0218006728972389
-0.25167693748011 -0.00617943140423349 0.226387660015073 0.0575157704459649
-0.288198588734383 -0.162430082177707 0.059815255365856 -0.0105081992655934
-0.163023866642808 -0.310526005557859 0.0412554444131396 -0.173480020842859
0.0608236136843147 -0.324036853915347 0.133055287655975 -0.373565337743864
0.188551580482564 -0.284457898666582 0.376349236272511 -0.459813883675993
0.341808255332434 -0.449917592384133 0.0910379951834091 -0.271967564230375
0.293771579658357 -0.45689143154737 0.049136949910578 -0.218984599936126
0.0785298039484673 -0.55001854136585 0.00755674420811492 -0.02057282543677
-0.181152454299497 -0.496465608546184 -0.0167399734979919 0.0926323828425869
-0.334988428275334 -0.277503517554853 0.133115307233586 0.163114306530678
-0.383125412485671 -0.111690490121917 0.265347032687145 0.119735856755166
-0.397536822262007 0.0683068591628606 0.315624786638307 0.00726428829396312
-0.337254285457391 0.131082420601092 0.277543217960353 -0.0292683445198383
-0.355141593259451 0.159152240367518 0.272512338114014 -0.0463893270298784
-0.389901383953357 0.0436321690173974 0.247874707481476 0.0112827103962118
-0.393670608966368 -0.0597152835040513 0.154968511248796 0.0723319281367129
-0.414255206538325 -0.283842400391433 0.0126212366997681 0.00766354740839914
-0.236172263805387 -0.482647072596539 0.00273612699582197 -0.144573799545579
0.0857607925050598 -0.520873993039672 0.0839512157907161 -0.309773132951185
0.290482406530893 -0.492264317981393 0.267766020061612 -0.363982319801448
0.367866712890495 -0.589590508884733 -0.0487228341765611 -0.107811994394512
0.29347636349621 -0.603766340771202 -0.0209651484482119 -0.0917688075317432
0.0325214417896196 -0.695943356502276 0.00383001392004395 0.0287324957980117
-0.271438150060141 -0.609686459297239 -0.0191374766184104 0.0847093934866818
-0.440060980240028 -0.336005747463792 0.0755561137767188 0.10175969550896
-0.489514443093917 -0.132629872134957 0.140508118858836 0.0863172508066555
-0.502846410631303 0.0799532076191445 0.168794656816793 0.0146406822186816
-0.426164227055074 0.145742664869232 0.126481376141468 0.00975723585764724
-0.449223954022431 0.167701417570928 0.126188531708474 -0.00366900550589537
-0.492336545665383 0.0191387403656736 0.116529446134007 0.0451855129470562
-0.479896581582517 -0.118959750072587 0.0584187280257022 0.0802372724422193
-0.475267024574007 -0.380617953696217 -0.0374691981140025 0.024163290153579
-0.262570805745205 -0.591879416086151 -0.0314739690090822 -0.0953971106334749
0.10718388331671 -0.636387245244011 0.0408136673484253 -0.195943395959184
0.351079843238305 -0.618054543465914 0.143987732805585 -0.207366334421366
0.329230805280484 -0.64520085488604 -0.191647726653058 0.0829193227907958
0.22548010996362 -0.662895316105504 -0.0915071108854863 0.0721489179238225
-0.0415193095850801 -0.726405387405617 -0.00239967831116446 0.0854601822912369
-0.333018735070371 -0.607503929399974 -0.0311686004040093 0.0687576582871705
-0.474550493106546 -0.323756756038306 -0.0139381065406338 0.0372683808209729
-0.517391626640404 -0.120648202096007 -0.0180786542102687 0.0549636901713604
-0.531206383342217 0.0853612204553506 -0.0069395964517955 0.0302357877118607
-0.451564040241953 0.137522895972879 -0.0436882776291793 0.0484325333388496
-0.477242620835561 0.141572309867691 -0.0397547897683927 0.034350534294632
-0.517396459781779 -0.0271956566864056 -0.0350025967514899 0.0659625962835826
-0.483470515337289 -0.182112689186615 -0.0516008252567261 0.0669081250095102
-0.436851222478567 -0.438937774724964 -0.0854484791128243 0.0263188036242179
-0.214088266458754 -0.613500280424425 -0.0565846994759642 -0.0430179673386062
0.138807014405929 -0.640124763018358 0.00422360316759591 -0.060060744320059
0.367179859121524 -0.638711536098429 0.016994764527204 -0.0180376072986333
0.243877488762814 -0.591280325583056 -0.311944000899016 0.26596390644013
0.128023100633837 -0.588853263249089 -0.144796878406238 0.233169259744901
-0.0893092830537286 -0.609645479407181 -0.015416073360582 0.131168722904688
-0.312726779441872 -0.48962370899442 -0.0534933101211473 0.0508938820748706
-0.415097604820928 -0.25941755583423 -0.114094208596729 -0.0112358810903306
-0.453994436332496 -0.0948518651183004 -0.178032587071143 0.0369988168255625
-0.476539125915598 0.0747654114555398 -0.178937441142794 0.0532911391339757
-0.409233611455725 0.105251832668727 -0.207011176216833 0.078904264225226
-0.43401308020709 0.0914736311232335 -0.199837117702024 0.0539716439313869
-0.458645851905342 -0.0749498428267209 -0.178725596429679 0.0547880746845846
-0.394362744914337 -0.222206249057761 -0.148267543968904 0.0205453774753903
-0.305343887458657 -0.423566065918706 -0.114833949744292 0.00354625561513647
-0.11389717296912 -0.529449780415123 -0.0715132075101374 -0.00443293868040186
0.156766555331758 -0.533967206998524 -0.0294838313969984 0.0682563100361894
0.331359172918383 -0.556895952444289 -0.101858129060743 0.164432644195861
0.130599926964876 -0.435641179296616 -0.391978032280947 0.405704751966122
0.0349138479524189 -0.397448121532647 -0.174149407760137 0.35711982426337
-0.0817297745399046 -0.387720219190312 -0.0335093606285871 0.161369849729484
-0.204532875719605 -0.306843598076016 -0.0751422816914541 0.0377947769318906
-0.271394175075725 -0.173765495961827 -0.194946660317434 -0.0385074592468967
-0.317115325736104 -0.0685542952743634 -0.305220478257467 0.0315243391781691
-0.348399062461217 0.0425701768404388 -0.31951538211842 0.0778761791009125
-0.305739886015856 0.0576709327874016 -0.336956327821934 0.0967620832331302
-0.32276801272209 0.0351556048318112 -0.329843443568062 0.0499455817741005
-0.326477173221747 -0.0986847734837437 -0.286198169182837 0.00995543745860438
-0.247385198383843 -0.209976184240382 -0.205660071972952 -0.0529022322551221
-0.142177731234793 -0.322179357401463 -0.114009290144336 -0.0377182326674343
-0.0156750374201836 -0.353945390965823 -0.0728538409845293 0.0173312625995706
0.133233888043952 -0.350658522857134 -0.0594424672162264 0.166338509874455
0.239285451084037 -0.399675554159481 -0.19961653689693 0.311624695744899
0.010482151177915 -0.202143913486782 -0.423534377799841 0.480823426897869
-0.029209513268702 -0.139560275468583 -0.179634386797374 0.427959960243551
-0.0280433781974625 -0.123179536577834 -0.0456639240988713 0.176426644503209
-0.0479189802243385 -0.11320744512732 -0.0824225421692562 0.0294829991726594
-0.0898318288570994 -0.0922005443099188 -0.241004615431018 -0.0493574261055209
-0.137057179213827 -0.0529426849551398 -0.381059615793794 0.0315311792699674
-0.172606361948998 -0.00720754739811146 -0.407038743331224 0.0994644354067246
-0.156087571306672 0.00194439525849771 -0.416068151077989 0.0999761866151636
-0.162907309086694 -0.0114475722740311 -0.409992723550398 0.0299839407822631
-0.154052089698375 -0.0805170429036222 -0.34349252864034 -0.0508174507862306
-0.0884535093925444 -0.134052895465401 -0.216646958994532 -0.129845246509896
-0.0109724724830547 -0.150662287960507 -0.0842999233146974 -0.0750296597768855
0.0267542433483254 -0.132399898850922 -0.0617395049424218 0.0331009839800973
0.0489082081919836 -0.146832072842777 -0.0849427812761529 0.232416275921731
0.095835197096223 -0.20688608999898 -0.258999031702584 0.411358490762848
0.12633525913418 -0.0523835817936342 0.21426082655864 -0.500289150841267
0.100943298995514 -0.08656050988583 0.0762904031912786 -0.34908815315476
0.00954621418627316 -0.120490597995755 0.00843144366188409 -0.0635464160848298
-0.069920947794333 -0.0776746724756132 0.0186470226442299 0.080859759304022
-0.0722821875169054 -0.0075491942746088 0.199563832299291 0.183407206739934
-0.0521318375097709 0.0131266705291951 0.393191114555099 0.0971075613355831
-0.0314156041355871 0.0450749038502421 0.453875017719624 -0.0451114769653489
-0.0225060110678457 0.0549651576976534 0.449373564486979 -0.119189928392393
-0.0259429030713919 0.0680733814900668 0.436905888238995 -0.134524229944773
-0.0424648811829837 0.0604882905007186 0.395059173177022 -0.0748104285211463
-0.0825473974572989 0.0553927356907902 0.280478193140888 0.0225368730711302
-0.139271552018854 -0.0140325076767478 0.103735887420785 -0.0272375926221636
-0.0815648286088031 -0.100169807754589 0.0680361191339776 -0.184681795656888
0.0193585395121858 -0.0843589919255907 0.154263490997628 -0.403086150322644
0.0544035565932945 -0.0377819990522552 0.426537134820948 -0.518233599278286
0.239311848332716 -0.283157236204648 0.174259320117088 -0.418648559777654
0.205397994176524 -0.293528824423183 0.0739525322321064 -0.313151507933259
0.0408390788465009 -0.357475430376159 0.00709228487231627 -0.0506077251214585
-0.141066804772742 -0.304184975480572 -0.00296066372634705 0.0959885960536238
-0.224636991756217 -0.146659300820109 0.182181207199678 0.19190223839206
-0.24168576510593 -0.040301287050799 0.362842606671141 0.114171252973241
-0.233577851646244 0.0746128823177238 0.418967863853001 -0.0271801409221337
-0.194537409171513 0.115785136730821 0.398071236723172 -0.0907251747383505
-0.206260253831545 0.138362010740308 0.384421419253002 -0.108698964854764
-0.236580030932128 0.070238582999701 0.348058771418407 -0.0457689123140327
-0.259940452027376 0.009628524375449 0.236783484910004 0.0438534787976355
-0.309497213752244 -0.147113262354369 0.0604671954856976 -0.0146904124683113
-0.188800095745857 -0.307992755909966 0.0306111848305704 -0.184138970870875
0.0414153446609475 -0.337346444552812 0.111898329459614 -0.394794997788936
0.173743929641059 -0.30575830880642 0.351534928178839 -0.497245669192237
0.316564010763624 -0.482851083351945 0.0788621947720527 -0.286049169965323
0.269579720335836 -0.486819978157023 0.0364774337042012 -0.229301534678772
0.0425083188634132 -0.571413336841928 0.00590061297445081 -0.0197047573089192
-0.225024540874493 -0.49839998553906 -0.011284374576688 0.0983515718413372
-0.366251645457634 -0.263045020733525 0.146839774887702 0.160217599662758
-0.405165077120379 -0.0849537685283259 0.282392224628534 0.104867145397126
-0.402944079041112 0.0978811570003305 0.319389603567738 -0.0113444694936761
-0.335857860892777 0.160035261407038 0.286509380184057 -0.0489461174839575
-0.353394156711411 0.190134842021347 0.276902585639874 -0.0650829592080124
-0.399798981737317 0.0737590168624777 0.253750835400884 -0.00600111715502792
-0.411225100100908 -0.0362510527964068 0.163996265456241 0.0647507061215745
-0.44862753823955 -0.262342657142585 0.0122142087778647 0.00729650574222806
-0.277643924028789 -0.479615017733985 -0.00719520378202644 -0.150968388703419
0.0508408704838985 -0.541766539379876 0.0668700625799663 -0.325181270299386
0.263003203701947 -0.527027353942827 0.247918818742679 -0.391934216453159
0.333086011527271 -0.627534646832057 -0.0530741285639834 -0.107898139290103
0.259840246708597 -0.639732013712725 -0.0261742969436161 -0.093486840538489
-0.0149211759966536 -0.719222097945106 0.00547676007386071 0.0320757776214041
-0.326945425575676 -0.610988372352558 -0.0144853479359243 0.0908797103477904
-0.476886315326205 -0.317542884364217 0.082987669446889 0.102106710278099
-0.516072565133076 -0.0988109138933411 0.152089132222468 0.0803492903839509
-0.508982667884344 0.118722591995048 0.167342095293734 0.00754763435834753
-0.426201834784556 0.182957728473967 0.133485123921643 0.00200479964952811
-0.449884084915052 0.205295441555969 0.129233582007724 -0.0108495490886735
-0.507567162318295 0.0566248181897258 0.122161562206355 0.0386683977245076
-0.505166647833297 -0.0912540547081851 0.0644164996046139 0.0796583475386636
-0.520091521923694 -0.359320007043988 -0.0388060300118044 0.0292920846449089
-0.313316234427847 -0.589854097299546 -0.0387238378052418 -0.0972299794815152
0.0655461264281685 -0.662884153487949 0.0294823125436959 -0.206049031294001
0.314504480030609 -0.663405706189499 0.131089754351931 -0.220847694208814
0.292250814749326 -0.68133922683456 -0.187430958141556 0.0966287982590204
0.185277719181381 -0.697989695434572 -0.0868214085792473 0.0791571647532548
-0.0960064535548823 -0.747746185162173 0.00327790225009988 0.0911846782383561
-0.391481305398676 -0.603689167671891 -0.026721484813602 0.0748690506708887
-0.513542427948754 -0.303029551989121 -0.0129673073584413 0.0428260415462555
-0.543631884481497 -0.0853024469602208 -0.012014445792508 0.0600142497046311
-0.536232086886958 0.127158330936054 -0.0125270446444402 0.035166175721407
-0.45153588782829 0.175852058220616 -0.039678613937087 0.053691225909188
-0.481213660050444 0.180173206488717 -0.0394676157632725 0.0397786171880672
-0.536342325880578 0.0113527610147452 -0.0322114670460344 0.0698521899756652
-0.513759658824883 -0.156486697617395 -0.0505578422532157 0.073706506546307
-0.482915007899374 -0.420065558539739 -0.0879925150510615 0.0340858094526265
-0.265076099076775 -0.617668979587499 -0.061773543759551 -0.0401455781324947
0.0969759078466697 -0.667564919742427 0.00246624684809846 -0.0630371680074874
0.330380612086623 -0.685738589652385 0.0139492217609812 -0.0171432726711584
0.206517453778811 -0.622088384723934 -0.298347410528862 0.292405721523812
0.0903249807331986 -0.614501954934409 -0.13009361755131 0.248229931032307
-0.137727110554641 -0.626713840462432 -0.00631612734067169 0.139030439107455
-0.36150871987694 -0.4830710485304 -0.0506731573710565 0.0574527229763883
-0.444654255219411 -0.239467983640611 -0.118679971314646 -0.000846879042676046
-0.476040958277311 -0.0632605888106424 -0.177316916090684 0.0530711192691487
-0.48144246146392 0.112069806409037 -0.187124370599335 0.0703127619398296
-0.411196538196799 0.141391699576694 -0.206546442488448 0.0965347176623959
-0.439609720895275 0.126548889770651 -0.203008757225225 0.0711119216340867
-0.477827808191386 -0.0409166449585602 -0.180354536959054 0.06895981729551
-0.423229429726674 -0.202657003136846 -0.15339080478742 0.0319760092506296
-0.345924931768074 -0.414321130527621 -0.120588439631775 0.0117870863248782
-0.154733249819427 -0.538087550838947 -0.0739429000783419 0.00158187306382624
0.12265043549524 -0.559104141415978 -0.0233530655405179 0.0712220811959444
0.298548202349058 -0.598109729132385 -0.094755058949738 0.17848052070312
0.101300268992305 -0.455447675450766 -0.372449532820565 0.441050209610346
0.00890976705932585 -0.412946003096349 -0.15222156750419 0.378100509389234
-0.113648382596939 -0.396062133003549 -0.0227770696796578 0.169891971965109
-0.235350364984531 -0.301433308377801 -0.0739451572926127 0.0446342829338966
-0.2908807801674 -0.161673993818721 -0.20338245463861 -0.0235964383843471
-0.3327518512718 -0.0472170953116311 -0.309092070218989 0.055902501629143
-0.352742954219882 0.0707467944144643 -0.327096619085162 0.102854595423736
-0.30863190457246 0.0842138760159791 -0.341034766403651 0.12284731831475
-0.329666441733405 0.0598914720882306 -0.337117615627294 0.0759351473610669
-0.343423345879112 -0.0761245257823287 -0.293423842239757 0.0290898937157002
-0.271595722177647 -0.198730699595512 -0.217541421546994 -0.039795812610696
-0.170862362982562 -0.321220867871316 -0.121996797260526 -0.0311373865798956
-0.043107527548886 -0.362797676073759 -0.073128428419941 0.024778252272889
0.111661056893955 -0.369514462095915 -0.0481612670728687 0.174257405003749
0.21542168480317 -0.43030173524002 -0.183788896513858 0.33657048965342
-0.00459012834293732 -0.207662677511835 -0.400561993077047 0.51914714827543
-0.039596331347571 -0.142473636701116 -0.152219200700209 0.45211108820679
-0.0392676709630313 -0.126109676635657 -0.0341927563551564 0.185916006570289
-0.0580999839593468 -0.113046376131525 -0.0816597279791551 0.0359944738707352
-0.097669788030574 -0.0888080251333943 -0.250139436319569 -0.0324695285806015
-0.145003155782124 -0.0447256864889908 -0.387032054359716 0.0604822665048025
-0.176636689461628 0.00737393226318658 -0.41277841595665 0.129175243996854
-0.159440875784346 0.0155836887371559 -0.42184173782968 0.131500840331559
-0.168283879765023 0.000397739773465557 -0.421832707361107 0.060439948792146
-0.16433828099559 -0.0700256745634644 -0.356179925151943 -0.0293951064866513
-0.101573741469747 -0.130549740605297 -0.233404105384848 -0.11873997534207
-0.0234387735405867 -0.153390571177232 -0.093032662137178 -0.0718721103541629
0.0158857101345551 -0.139114687131801 -0.0609903305947752 0.0411415715706226
0.0385711199381673 -0.154217981789868 -0.0698234092655868 0.243234187626496
0.0828164937492247 -0.221486420493799 -0.237088339999464 0.442544256962641
0.121813048911359 -0.0621791662436858 0.17735347065342 -0.513242852646017
0.0944572949714406 -0.0929060687230976 0.0488885019260633 -0.35238689246216
0.000908805854965132 -0.121115963844082 0.00418046980046842 -0.0631670800572087
-0.0762685991415862 -0.0727663683713288 0.0243694922489574 0.0803895391063523
-0.0746277924996909 -0.00130683365278398 0.211715304685543 0.169315547361189
-0.0525608262519158 0.0184298863850435 0.398526918126921 0.0660024377554039
-0.0283571462847903 0.046028572020621 0.448432439789823 -0.0765706287694273
-0.0176563789570433 0.0561032845055365 0.440863980160305 -0.153086186739792
-0.0210542180822491 0.0691813903051699 0.42482838531443 -0.166779150868973
-0.0384581592741936 0.0623498911537701 0.388240392783911 -0.104598892659793
-0.0781652368097814 0.0607690050679951 0.282713860301237 0.000226537911826716
-0.139232663867591 -0.00270491092374128 0.101807961420527 -0.0353321358950532
-0.0872724437793311 -0.0933391050584673 0.0541252283557707 -0.191754184310169
0.0142705842013598 -0.0852815523380463 0.122390623812202 -0.414508039106231
0.0519114597592652 -0.0407859825113238 0.383242667316239 -0.54822665426888
0.214649560753462 -0.297423846382701 0.145358476402483 -0.429157747124205
0.182672461200986 -0.30622539599444 0.0505814126245855 -0.317296286959477
0.0121089506661419 -0.359779451659895 0.00442186922715435 -0.0493014110808933
-0.166252036137691 -0.292174556708223 0.00371651641560996 0.097770857249045
-0.237448950970485 -0.129818422951963 0.194842528744605 0.179589722245187
-0.246615739890598 -0.0195635420607108 0.371571925863599 0.0866494926622389
-0.226704770521681 0.0917644448971756 0.413595289040392 -0.0551841928315895
-0.184078074116052 0.130376404825108 0.393099296072627 -0.120247007119817
-0.194545550576715 0.153932864598487 0.375635346007641 -0.137417075788233
-0.231349799944547 0.0880732044443072 0.341941937814136 -0.0709447519821254
-0.260726237203141 0.0278202446266678 0.239776728605421 0.0265087638880056
-0.320294960410367 -0.122581156338632 0.0590892112987815 -0.0188661943288514
-0.211033938520802 -0.292945810982739 0.0160554305179371 -0.188735339497635
0.0165368836758663 -0.340206211985216 0.0815630777285833 -0.403417099851045
0.149469791658605 -0.31872723195809 0.309860321536578 -0.519632469511014
0.276910840851503 -0.501007372944635 0.0611984661941874 -0.290543942526432
0.232919646093497 -0.504150764729101 0.0197977551557905 -0.232777735968706
-0.00350702501387355 -0.574350668126475 0.00600393595377147 -0.0178794211329788
-0.266722307889104 -0.481055535324539 -0.00441455842292333 0.101241570590021
-0.386768556817955 -0.236434430502145 0.157643179716634 0.15235786144092
-0.413865723191495 -0.0502858325754328 0.291141857006924 0.0835645379682275
-0.392624224194702 0.128211336426936 0.313052135659432 -0.0299512952976137
-0.320456205417255 0.186688582626169 0.284683556815051 -0.0702351632340081
-0.338279488269522 0.217510841563259 0.271544478636229 -0.0845418782897037
-0.395129039987547 0.105089156658221 0.251057170632077 -0.0241446518209776
-0.415465459281648 -0.00572635199559155 0.168384404574541 0.0535140127976479
-0.46916687468166 -0.227224326301198 0.0124379208330989 0.0077016605041087
-0.313334898691236 -0.458210321756136 -0.0195587277973695 -0.15224932297056
0.011524661404092 -0.544760825696571 0.0427306066205946 -0.33261971341175
0.220820229042695 -0.545806912886825 0.215041076519172 -0.405606468609708
0.280719913180464 -0.646314651284938 -0.0563451290187501 -0.104673771236234
0.210202367231769 -0.658513051479378 -0.0316702044297715 -0.0925727216385195
-0.0734817123511913 -0.720132981320205 0.00950485890537882 0.0342850642562567
-0.378190025152039 -0.586711010387102 -0.00792034860798269 0.0944058525837256
-0.503524598227431 -0.282191909051471 0.0898703890086215 0.0993644520215168
-0.525169772187444 -0.0548923464822374 0.160654917485921 0.0693718406122184
-0.49674923495053 0.157255424838797 0.162147598752256 0.0014317316790888
-0.408099742841998 0.216710804617567 0.135819797335297 -0.00866183087061582
-0.432953922387228 0.240474045711407 0.128113501896925 -0.0190788070235483
-0.503068457990497 0.0968714295637423 0.123084522003898 0.0296721539840841
-0.515523696233547 -0.0547892970327372 0.069277552220487 0.0771901738728787
-0.547724743698178 -0.318185274234116 -0.0381721375492914 0.0331604553672871
-0.359876976962783 -0.56572119536805 -0.046743790925504 -0.0951413348995004
0.0167017497156428 -0.666321790379542 0.0154820430721021 -0.210081406932759
0.261354462329452 -0.685806282989992 0.111736847125103 -0.227227196548882
0.235712480801957 -0.69748599560556 -0.175862558000142 0.108184175789189
0.133452398542191 -0.709115118644253 -0.0792371245319225 0.0834194660052688
-0.156384734018321 -0.741367095145171 0.0117761605949985 0.0927511991276831
-0.442286812286415 -0.573589084435171 -0.0206127103728206 0.0791712708681926
-0.53698939432808 -0.264366999986341 -0.00925221415252438 0.0470508368300077
-0.552674133834007 -0.0394155565281904 -0.00415036485769702 0.0618593955290827
-0.522062963127012 0.167709943855972 -0.0157478502101743 0.0429521288754545
-0.435081587217305 0.212807666202246 -0.0340340730917103 0.0561238077983486
-0.465074416689365 0.21987234859642 -0.0360404555211965 0.0440929726244329
-0.535296240686346 0.0560062231895017 -0.0277858087782072 0.0724612823089934
-0.52718295893256 -0.118208374989215 -0.0464516386567225 0.079911900537364
-0.516345501913042 -0.382202988892971 -0.0870275201427491 0.0422860448318877
-0.312238000226076 -0.59687302874513 -0.0645603065000407 -0.035763333018916
0.0463475547998844 -0.674433822598367 -0.0011171442063223 -0.0647316651604801
0.273673300385085 -0.710607534850775 0.0111582124121709 -0.0152355768984779
0.155271858103412 -0.632397737881546 -0.273124647426522 0.310099920455448
0.0447184552077857 -0.620929649443107 -0.109131212015737 0.2551076367662
-0.188229174241381 -0.617188855608893 0.00500230172204998 0.141509659180609
-0.401918426156395 -0.45612067222432 -0.0458615939209905 0.0630311608686
-0.464286048549152 -0.208238892587347 -0.117658870479052 0.0116912930830701
-0.481778341690234 -0.0237223192943417 -0.169621159733872 0.0675033395601747
-0.468364874097613 0.149806151303823 -0.187308106002074 0.0892980240433926
-0.39570626968185 0.174181720935761 -0.198230954124887 0.111224199098662
-0.428216699923742 0.162166947443563 -0.197495092542054 0.0876475108135826
-0.480892242038177 -0.00182976744749162 -0.175970377569575 0.0822846383956009
-0.441444770795529 -0.170818397057842 -0.152393924259543 0.0463748007156657
-0.379783366089196 -0.386494938673078 -0.121648402945991 0.0217902060199744
-0.198141048050464 -0.525498779434828 -0.0737438659223517 0.00821397673032712
0.0788462964043345 -0.567797577315163 -0.0158987813521606 0.0715213569055703
0.247447660551802 -0.621482865139465 -0.0815084108890833 0.187998929857613
0.0651503617635125 -0.45920819025522 -0.33764179001189 0.463493942231881
-0.0210883224430877 -0.413189218104482 -0.121129922959032 0.385801048560768
-0.147067986787841 -0.389228087116477 -0.00918869957747618 0.17287133282856
-0.261332917150941 -0.284216849588243 -0.070130409879327 0.0510921710596716
-0.303217562276951 -0.141605104219598 -0.203675446094638 -0.00583129204595431
-0.336442278804117 -0.02053364750584 -0.301523038294838 0.0793769369286652
-0.343967272572879 0.0989330792959598 -0.323339515505485 0.131344272950706
-0.299609402671343 0.109224353903473 -0.331927763729596 0.147537801140068
-0.323891018504654 0.0870319289705238 -0.331307129536362 0.102178168459363
-0.349643047932699 -0.0470290298687568 -0.291905572565087 0.0514440972065935
-0.288293121173201 -0.17824080252659 -0.221502502781003 -0.0219548075927474
-0.196759834862991 -0.305853101753552 -0.125894720808865 -0.0216306322987306
-0.0727114589148754 -0.359324318294252 -0.070643411008383 0.0312795059423598
0.0811204058014297 -0.377334064346127 -0.0327909630927672 0.176241936454974
0.178799444765455 -0.447351529330002 -0.15782369638179 0.351140725291744
-0.0215610795053429 -0.205745299998154 -0.36023686892539 0.542986959587105
-0.0498647434394421 -0.13973439001059 -0.116308077258166 0.460951150071144
-0.0505027783428476 -0.123622618549857 -0.0194052598840906 0.188557616762123
-0.0678472437698394 -0.108491535586242 -0.0776365320916471 0.0417852559154373
-0.103334748637182 -0.0825798508503958 -0.251347206940191 -0.0122417067323276
-0.14828626932637 -0.0333541902789482 -0.378855081407768 0.0907455372075739
-0.173216411835425 0.0221214761664294 -0.405830208646081 0.160344634557693
-0.156862997731665 0.0298503181474974 -0.413542309122806 0.163389860604542
-0.167534454768804 0.0153622942509858 -0.417528073387262 0.092855862720718
-0.169671513030336 -0.055322497956316 -0.357605668320097 -0.00295073944249627
-0.112388932060809 -0.122412923324692 -0.243416051414677 -0.100673616700505
-0.0365678457803729 -0.150262251218085 -0.0995168327373906 -0.0654967995382494
0.00278540314550452 -0.140486068943814 -0.0571071677787317 0.0471318465084351
0.0252514295769707 -0.156563652839901 -0.0495779199084402 0.247185053725095
0.0625322012568616 -0.229239182050378 -0.202136205467041 0.459642831209002
0.113985639241799 -0.0672265598343725 0.14857102451876 -0.506677126718362
0.086997150112563 -0.0942221444096632 0.0282921197499712 -0.345021537370173
-0.00579972593224181 -0.118347494995748 0.0025820073356095 -0.0613469687617618
-0.0794264142992359 -0.0658065574945738 0.027652310203861 0.0786125934759236
-0.0742286334878242 0.00335725607154901 0.214471760189162 0.1540140232369
-0.0512521813844329 0.0220929465307047 0.391780695113063 0.0418562534165899
-0.0254799327664513 0.0455859995832632 0.435331318852416 -0.0972527629772281
-0.0139299579182308 0.0546797590437028 0.424038277792757 -0.173235322232967
-0.0167644932813533 0.0678731356938784 0.40526921207371 -0.185585249343537
-0.0347467847890222 0.061714979943359 0.371934392004069 -0.122539698517277
-0.0732420872555629 0.0624233456528807 0.276585371101466 -0.0162195973459559
-0.13495537053159 0.00487334838874343 0.0981426028321643 -0.0399283611962058
-0.0886936467255836 -0.0861232346486513 0.041403558395997 -0.192154276055362
0.0107031622375178 -0.0836271070463097 0.0964748211852267 -0.411714121008375
0.0495482991277525 -0.0418009899416161 0.342058300306895 -0.550894742305146
0.191254265848917 -0.300354064319038 0.122568136682512 -0.425940203463992
0.161309617324208 -0.30706701694188 0.0313145931949505 -0.311877175585467
-0.00834045736736278 -0.35231095940046 0.00309223906707954 -0.0478325972026645
-0.180986495163313 -0.274796331218939 0.00920461800100988 0.0974560109575421
-0.240856321602702 -0.113601787677897 0.199593637457311 0.167310153846443
-0.243234525855844 -0.00251127782020515 0.368018133402085 0.0632856071127717
-0.215854345453601 0.101859106411603 0.400831847084542 -0.0717381522600994
-0.170718049862179 0.136956226802411 0.379683679967334 -0.13928794076497
-0.181281157211503 0.161262830336592 0.358863411480583 -0.152914802242146
-0.222214352539872 0.0989680002094968 0.329011865526984 -0.0873769518583971
-0.254175179822392 0.0398598973815867 0.236420062778515 0.0126718809703187
-0.320195083842952 -0.1009800031977 0.056615344511158 -0.0213922684603452
-0.221822893571645 -0.275520908708817 0.00431750126344218 -0.186864227486908
-0.00179225773484962 -0.332685988660877 0.057354748480146 -0.399191593297364
0.127768610087488 -0.318442188775849 0.27259604318176 -0.520346051443773
0.240620263978612 -0.501019995041984 0.0474708849476943 -0.285932576953934
0.199245138281409 -0.502992220164694 0.00610176669350158 -0.227984045962785
-0.0381944279052958 -0.560737688251231 0.00691622844614747 -0.0166231047127327
-0.29101749238941 -0.454325216045652 0.00177049994572619 0.101911371211331
-0.393249048539158 -0.210578910716361 0.162227978198331 0.143309949172168
-0.408630180190738 -0.0227142342969992 0.290845995394362 0.0657073032696814
-0.375475480155862 0.146754111722575 0.302487783129357 -0.0391909825218055
-0.300076387763588 0.199854147297357 0.276189999421939 -0.0851159810863872
-0.316723818250106 0.231614738174934 0.260597377011578 -0.0966481537236844
-0.379817091057685 0.126193878294477 0.243043908935324 -0.0363563384059216
-0.409904437091945 0.0148810080165367 0.167873422902715 0.0445650548697775
-0.472009924119523 -0.195085236733928 0.0122990925890321 0.00767239078691025
-0.331905377926548 -0.43083443306934 -0.0289933325296109 -0.149536470341815
-0.0189933157656411 -0.532425036475629 0.0234835077920988 -0.327725460976317
0.18130489768998 -0.546733016776433 0.186487867027341 -0.403295153136821
0.236870375872037 -0.639801515550234 -0.0572167785998277 -0.10056455773547
0.170737696702287 -0.652279775268098 -0.0357598278586876 -0.0903106857164948
-0.1138679217651 -0.698828558008863 0.0137347899191281 0.0344467773015241
-0.405681132462019 -0.549191605069347 -0.00112278496891318 0.0949017912025101
-0.509137517691675 -0.249094749004061 0.0944643294539012 0.0964043593594955
-0.518711465087467 -0.02042336930177 0.164003246640976 0.0590371071675199
-0.473873396261977 0.181201131644869 0.155517700491087 0.000604808228192093
-0.383437025056843 0.235475156588971 0.133187541729864 -0.0167232325171345
-0.406792513134304 0.261606225451395 0.124425777563347 -0.0251103254608234
-0.486567218441298 0.124949055569973 0.121404717933747 0.0234098981714044
-0.509648524149221 -0.0262820893420868 0.0723593659428442 0.073509228906657
-0.554297564170342 -0.277952883104322 -0.0356459620709744 0.0358257518436978
-0.382923089687625 -0.533344074346899 -0.0521449775828007 -0.0915338197069294
-0.0202636816319402 -0.649927671156046 0.00420103138011138 -0.207447227056626
0.21401979916906 -0.683808618911427 0.0952882928297881 -0.224577128910974
0.190724682905922 -0.687503873934639 -0.162730215094966 0.112142176934019
0.0932308796650946 -0.699998997902672 -0.0725130131855802 0.0839490231114159
-0.196966437138465 -0.716509963381499 0.019381473784044 0.0926164610551733
-0.469537497004712 -0.534459606728611 -0.0145142141539013 0.0808632465878247
-0.543640753223095 -0.231277928011689 -0.00428181065120731 0.0506819241984296
-0.542973268389402 -0.00369105909919585 0.00351114514040776 0.0609906894349939
-0.49952245549645 0.192521244256879 -0.0158940310165963 0.0511902523541406
-0.408587160303532 0.23307016189547 -0.0298843372765655 0.0556182319332687
-0.440277962834517 0.243692447212869 -0.0326056315498572 0.0454883629324709
-0.519824656162563 0.0868758388516773 -0.0242016226097238 0.0730063453598593
-0.525387617076554 -0.0880427656631398 -0.0409080775103313 0.0836625835038481
-0.528169307613332 -0.342578639718432 -0.0833306838602311 0.0475993157560371
-0.339239258728371 -0.566611678656749 -0.0653198414226072 -0.0316710055625916
0.00603015990007527 -0.659528024707314 -0.00357247132533361 -0.0643250781006115
0.221891810744445 -0.709335258721121 0.00888166518709856 -0.0124186073557326
0.116053308305473 -0.621346450344744 -0.248006412429615 0.313896647492877
0.0108775380031489 -0.611045593287874 -0.0926890466709044 0.252661114252363
-0.220943042122096 -0.594188047560466 0.0148468690050043 0.139916715743385
-0.423548885127457 -0.424265726373478 -0.0398846241054483 0.065924585401706
-0.467711104875257 -0.181319782780498 -0.111811759506954 0.0208177569653095
-0.473891752170466 0.0063647584834287 -0.157742555735408 0.0755047500497083
-0.446394755822366 0.172701317699712 -0.18143847824696 0.104588086459381
-0.373129224378737 0.193615752259527 -0.187532855528832 0.118731584842617
-0.407268142806898 0.183820040768321 -0.188065075148118 0.0972619320650506
-0.469468834837236 0.0274888164267266 -0.167463563376428 0.0907284705459155
-0.443828972118996 -0.143364344745612 -0.146917965800091 0.0559426910161905
-0.395338653607286 -0.353529784057707 -0.11807762042254 0.0294680602184837
-0.22461646829126 -0.500374391096706 -0.07068779887068 0.0119110088898526
0.0465600827370237 -0.55740875295178 -0.0101572604498312 0.0683126788593592
0.201218000631241 -0.620371100487237 -0.0698355083486512 0.190358923853585
0.0380756756760611 -0.447629732055883 -0.304155545740476 0.466231328643392
-0.0420522437517834 -0.403994966646802 -0.0970953631195469 0.380728189572034
-0.16722681821854 -0.3731418126949 0.0015090860564593 0.170829576441247
-0.273953100446434 -0.26383847449118 -0.0646409951316523 0.0546904349367812
-0.305633101268453 -0.12443078678911 -0.196644711978783 0.00784169329849812
-0.330375965546745 0.000300197210874879 -0.286432901476467 0.0951936824436471
-0.327665544261781 0.116666743053756 -0.311937247483426 0.149929433909194
-0.283128079324699 0.124947548185508 -0.317587177556945 0.162397119612762
-0.309637610412078 0.105099880817568 -0.318845329667011 0.118146792774371
-0.343488515690495 -0.0235185477200737 -0.282416383612037 0.0665304570024826
-0.293768867261773 -0.158301810514733 -0.219309029368971 -0.00700872424939728
-0.210948126638664 -0.28664321242564 -0.124797800646595 -0.013345153894654
-0.0937580718677786 -0.346565172484463 -0.0662715254841702 0.0355996631593178
0.0570800708417145 -0.373128432321232 -0.0205117631996416 0.172763042043854
0.145296413373067 -0.447162245508495 -0.134660245238527 0.353086177934801
-0.0329612039007436 -0.197276083669851 -0.323786494761631 0.544209674333778
-0.0561675232239949 -0.135326467889297 -0.0873306287955316 0.452614935180733
-0.0578826729294892 -0.11813918717933 -0.00820373871821492 0.185833880918353
-0.0734938493256122 -0.102378323742895 -0.0726768985556263 0.0448718194155153
-0.105449023829831 -0.0772355789472261 -0.244198238044326 0.0022853467814797
-0.146582499176714 -0.0240933852295403 -0.362812547820358 0.110245444402264
-0.166263922094423 0.0323841917651906 -0.389827343951636 0.179717175575284
-0.149907215372952 0.0390621342801815 -0.396803878627555 0.182094999842574
-0.161822539095317 0.0257301328187291 -0.402908397069199 0.11370797344431
-0.168512281296504 -0.0419345831060026 -0.349972784654097 0.0161243794698699
-0.118183679768447 -0.112586838897137 -0.244695315202065 -0.0841590061958348
-0.0453969063096355 -0.1435966921599 -0.101560560861072 -0.0580020758198313
-0.0083668273613137 -0.137032407692965 -0.0518696353769907 0.0502699129147216
0.0151998808927663 -0.154641333969107 -0.033539427913427 0.242472558503643
0.0451408504884847 -0.22849354224826 -0.172430729414708 0.460393020227719
0.108862240647516 -0.0693613990820768 0.133046722075424 -0.499817325914859
0.0821860081001395 -0.0925563945118365 0.0183224418903923 -0.337152176715811
-0.0096655131034885 -0.115683239814876 0.00273388513624739 -0.0603659993491425
-0.0805562745550512 -0.0618248406620113 0.029533360085619 0.0777818200937052
-0.0732728947660093 0.00648907957150197 0.214035690932847 0.147122185451267
-0.0503242168442627 0.0248989867874791 0.383730790538508 0.028167518523655
-0.0246305730521534 0.0443230237604385 0.425189714957535 -0.106611393569341
-0.0120605940045524 0.0534658004842514 0.412847612972825 -0.180940457712122
-0.0150111522332288 0.0668023213234391 0.391812115729566 -0.192965965680298
-0.0333691060528143 0.0601870455183916 0.359975199396007 -0.130181688022418
-0.070272730406149 0.0626382525120597 0.271058539873533 -0.0251471725660988
-0.131276249353476 0.00886742246431118 0.0952889259574681 -0.0415765249542708
-0.0881186667695552 -0.082073992210781 0.0339205742715816 -0.190858705573002
0.00964339558602955 -0.0814374999960005 0.0817366442474424 -0.404871008991622
0.0484351159245761 -0.0427467108336417 0.316768160234074 -0.546417495410964
0.176582531113409 -0.295896926793016 0.113199434983494 -0.418609355958031
0.149451443897093 -0.303316031444647 0.0219536380825207 -0.30563231375634
-0.0206683475847578 -0.344150937778525 0.00429416101894669 -0.046749676120742
-0.187111265496168 -0.263139562852148 0.0121191606559156 0.0972216083922364
-0.241294097547111 -0.104302618728626 0.201170608512957 0.160785304664286
-0.2390231889321 0.00803981867268079 0.363096221345259 0.05092658894738
-0.208630343889884 0.105257814881459 0.391946840770277 -0.0775498005413983
-0.162346533295703 0.138805104276904 0.369822711720982 -0.147223176942095
-0.172927653876588 0.163623442380982 0.346796306705005 -0.158851194169319
-0.215891268418434 0.103422748546972 0.319446279439412 -0.094679189432154
-0.250527815655384 0.0460410843437316 0.233024797889075 0.00562603702916161
-0.316597973891253 -0.0897586501790121 0.0550439301502957 -0.0222009806815772
-0.224822199654382 -0.264281701655278 -0.00286521629762073 -0.185591695621716
-0.0105493985024112 -0.326430524462018 0.0444793390933146 -0.392813676179779
0.115757181513258 -0.31589940125274 0.249499651047152 -0.512432894718756
0.219069860996087 -0.491847333486453 0.0434145125675635 -0.281761267657634
0.182365711049572 -0.497484080032083 -0.000793267663354576 -0.223661046430805
-0.0550061013095092 -0.549498168277033 0.00890413898516281 -0.0158470600177418
-0.299973159262645 -0.434894679467191 0.00525562274467614 0.102103196188032
-0.395127101127014 -0.194857201220301 0.164774440731862 0.139263523085289
-0.402330385053783 -0.00661437786122324 0.289675855482871 0.0554226004984885
-0.362603803520917 0.154512190385506 0.296363229765565 -0.0404729068721158
-0.285649897846113 0.204659700273117 0.269533560057104 -0.0911718083451585
-0.302162812616165 0.237302425650584 0.252799201313088 -0.101184408319462
-0.369764222981705 0.13510615974256 0.236282004856603 -0.0422655995288181
-0.404409686418989 0.0269604940451503 0.167090987285981 0.040038929028626
-0.46983628219042 -0.176735812423362 0.0124124626370533 0.00771613176728445
-0.338404709991599 -0.412414710640696 -0.0342739094224709 -0.147262402864578
-0.0348608559757213 -0.522302349992332 0.012783128897767 -0.322147030532124
0.160622647703905 -0.539186692609154 0.170604599580905 -0.397089918630856
0.211656908199165 -0.627703590239074 -0.0550201205692065 -0.098336157474993
0.14875409887541 -0.642180415424587 -0.0381253999405193 -0.0882099829458356
-0.136604303495231 -0.68104871234758 0.0177744890770728 0.0345491434812143
-0.417034293597629 -0.525537396575103 0.00285121593303163 0.0953695496578622
-0.510885889504974 -0.231679364425293 0.0982843609749201 0.0957664122269192
-0.510548369813211 -0.00121959067073288 0.166217033154377 0.0524027700839715
-0.457547249766378 0.191616345614559 0.153003279542059 0.00424241257869816
-0.36514693432022 0.241105752569399 0.130896851263184 -0.0204138226732126
-0.390163259172435 0.267881887542245 0.121157990295708 -0.0271949898551705
-0.473182820017771 0.138942542796457 0.118654539649851 0.0201295078005134
-0.503783537202604 -0.0104287892336022 0.0748802281811801 0.0721621775908014
-0.554118204331304 -0.254550191072299 -0.033442796711142 0.0371375104213562
-0.392094993074002 -0.512295527599477 -0.0547468860755212 -0.0883947679608643
-0.0386060554832564 -0.636654622425662 -0.000948844680715047 -0.205104602457006
0.185171001259753 -0.675611295407192 0.0864014936087379 -0.218295609048824
0.166297878439274 -0.671068840568784 -0.154172424951817 0.111513153234634
0.0724614956811378 -0.690337570507861 -0.0693472207071331 0.082763646148201
-0.21883014480795 -0.696982874709612 0.0248577587624755 0.0914031283185234
-0.480233383110558 -0.510558287181596 -0.0106228571248839 0.082245187801111
-0.543887849628471 -0.213319151292301 0.00101992170751054 0.0536667460459606
-0.534170620689235 0.0162390262769424 0.00951091529148777 0.0586827707189701
-0.48076597250873 0.203278549169655 -0.0141481954589342 0.0588524266800295
-0.390771258004728 0.240179858987642 -0.0278572262006923 0.0551931024182388
-0.421772528951091 0.251892670695067 -0.0308164921716495 0.0463312935851674
-0.506777980540169 0.10236775109699 -0.022099687218249 0.0729597428910914
-0.521158002948918 -0.0711329730004961 -0.036415572501112 0.086071674453705
-0.528008095953795 -0.318626262799135 -0.0801590449333086 0.0499388517327984
-0.351948365949751 -0.545822978391165 -0.0657323559742049 -0.029231272367611
-0.0120324390245729 -0.645193530905167 -0.00368600023343491 -0.0652114590810402
0.19265743253596 -0.698946130018214 0.00817289366720146 -0.0091224914356499
0.0968971680316657 -0.604559222379982 -0.233694803834356 0.310881809887802
-0.00542966756336035 -0.598612053994733 -0.0842370076695419 0.248265014221665
-0.236639479843382 -0.577354470361052 0.0213697552388863 0.138126759503504
-0.431429985326123 -0.403225671176443 -0.0354065442433705 0.0674844190353102
-0.466891140104205 -0.16526665778541 -0.105748882540928 0.0260943370844544
-0.465937476779995 0.0233369272019768 -0.148472065066294 0.0778720579615971
-0.428738059516222 0.183167462818041 -0.175491299977284 0.115042852912109
-0.356811120040396 0.200024742111297 -0.181882814595362 0.12099490666845
-0.390992778268824 0.193047186306808 -0.182013337784394 0.100741766022026
-0.458494742482344 0.0426603569898636 -0.1626029668727 0.0938359760064523
-0.442977237349509 -0.126765100826668 -0.141443588338979 0.062525745654631
-0.39804932029407 -0.333736166116496 -0.114690914725466 0.0334348817250977
-0.236556356681615 -0.484796589886472 -0.0692148538153365 0.0138343918594439
0.0267723578294863 -0.546730237373302 -0.0065454316782087 0.0656003868103385
0.175638428079338 -0.614177987179679 -0.0634930178975009 0.190250600891131
0.0245527020505413 -0.435442904032944 -0.284944274303271 0.461627291948051
-0.0523286154323374 -0.395994239375873 -0.0847958882259278 0.373293525131807
-0.177683305858469 -0.362062017233855 0.00843113227859127 0.169098693661862
-0.279191224877818 -0.251063236282894 -0.060026527555079 0.0561219101827531
-0.3052342081317 -0.115711376493865 -0.189790563976697 0.0136034682854714
-0.324513507493503 0.0118638931410355 -0.274309100567376 0.101168274913762
-0.315841113748653 0.123949284184203 -0.302969469557523 0.161936048556153
-0.271770738946826 0.131268770371006 -0.308269183609219 0.166999543207112
-0.298395373843833 0.113349047514573 -0.30934083225423 0.124852157547934
-0.336713335862452 -0.010673548307714 -0.275227642803486 0.0731298393413377
-0.294977382136835 -0.146253129596282 -0.214575075813714 0.00157270298598728
-0.216803031346176 -0.272962362848076 -0.123141167509178 -0.00909953765852245
-0.104474391389313 -0.336192840267291 -0.0633141513695346 0.0368422072210556
0.0440573115834478 -0.365593153789671 -0.0137472065725373 0.16686684417137
0.12453351037678 -0.442435522702011 -0.121837568958929 0.350241262628225
-0.0374201659079296 -0.190274144471759 -0.304484834160417 0.537855230749043
-0.0581340637010465 -0.132105405694032 -0.0732813149037281 0.44493103728298
-0.0610728753373923 -0.114981641780483 -0.00176279958543007 0.183428476036338
-0.0759218186377046 -0.0985899063573417 -0.0689334387690516 0.0455932155228412
-0.105677515933479 -0.074291990139734 -0.237391856164868 0.00834047598949039
-0.144385764506371 -0.0193887455848135 -0.349522041793196 0.118450681130066
-0.160222298537 0.0373331191784189 -0.37838334995549 0.189307513069343
-0.144200495793732 0.0434654670560317 -0.386532861346098 0.18842367838563
-0.156178022502103 0.031309112011658 -0.392033665842999 0.122811994835566
-0.165838218285799 -0.0343914474031064 -0.342868106701832 0.0255456420508066
-0.120528016037257 -0.105910305384473 -0.242951194993109 -0.0737952406514752
-0.0496314701223304 -0.137994264848792 -0.101471681069606 -0.0540054541536691
-0.0149795490265985 -0.133542886315483 -0.0483958480847642 0.0517161393411147
0.00898329745272016 -0.151513860222511 -0.0243199424961847 0.236316301603657
0.0345599454402836 -0.225262093293107 -0.155320809168048 0.455678406182314
0.0880779357378479 -0.0869833478187836 0.0443055889094536 -0.533475654543104
0.0569400304571819 -0.103827163211454 -0.043457127799816 -0.344075234462294
-0.0344911679246075 -0.106642791576415 -0.00103361764093298 -0.068246510834735
-0.0886356402054527 -0.0394885006082497 0.0479368683526224 0.0650125400940676
-0.0660986871296424 0.0207776158931493 0.240776795625352 0.101517007658825
-0.0429731158428612 0.030601313975097 0.383744423373148 -0.0484948905777165
-0.0130122601361371 0.0446164296729277 0.396706048841958 -0.188456023188028
-0.000960472072032802 0.050910413659737 0.373589501547084 -0.261770959827622
0.000708664707242865 0.0643013250594938 0.354084258335318 -0.273184934049135
-0.0181444636983932 0.0634915513024339 0.3338109431416 -0.208853473557276
-0.0519901923601502 0.0721557254828354 0.265588594672435 -0.0867176128907783
-0.121599630157493 0.0338526825906088 0.0877026002836668 -0.0660113064426893
-0.0968186170388034 -0.0628142071512191 -0.00390042389194922 -0.203019350549753
-0.000525699325571501 -0.0847738166885649 -0.00841214586844633 -0.419939535843412
0.047181367996555 -0.0576017831568432 0.20506918160616 -0.603459665256189
0.110132264165203 -0.311745692535353 0.0516164899076473 -0.455368496316808
0.0778037555372288 -0.318041603694085 -0.0234819015465722 -0.316939378895071
-0.0929659763655591 -0.320058248060174 0.0179541970088071 -0.0677752717561852
-0.235320594250709 -0.205539909045967 0.0465530447478891 0.0732640470641647
-0.250079790138722 -0.0499103177452521 0.229165520583897 0.103943723462638
-0.227552003922532 0.0522403758471104 0.36374741876012 -0.0320368714937274
-0.174160607823223 0.143042377133162 0.361546568976578 -0.163785692610622
-0.129956913053344 0.160768989817568 0.336552100116891 -0.220226687661389
-0.131045078651393 0.188278657574297 0.318685752907955 -0.232291447868873
-0.185803735346985 0.141941102918347 0.30323832082993 -0.168816241241285
-0.22756608210363 0.090917177666022 0.235694476915901 -0.0490797087712391
-0.319903433215627 -0.0234554180970862 0.0556400811194241 -0.0403400206844335
-0.264716555221557 -0.210161309123732 -0.0302517197546599 -0.193788394056744
-0.0729421767483525 -0.31883032996768 -0.0341733252566511 -0.390187309244058
0.0535603457033145 -0.338592778329347 0.150981706813558 -0.541484225951649
0.113249978793099 -0.502598293079915 0.0193739940281088 -0.308902917310579
0.0687241131316848 -0.509156158136591 -0.0213305210731877 -0.233941258491109
-0.169646655851151 -0.50680685922131 0.0413290979363496 -0.0497048387759114
-0.382072032425611 -0.342812612069352 0.0504498225922178 0.0647510874553608
-0.417979746807873 -0.106303400719473 0.186968591936309 0.0776969489533463
-0.387286236764478 0.0722287108405902 0.286615716127035 -0.0226079570192847
-0.308689671693913 0.223516045885241 0.268180766559635 -0.117567481607308
-0.235649683523534 0.247383332181451 0.247068830395043 -0.145837196265818
-0.241298275814963 0.284225502314449 0.237793530916318 -0.156063160659009
-0.32900117574356 0.202847746029035 0.233862591643536 -0.101048262994019
-0.378541410787052 0.101644885163583 0.178440547223286 -0.00202434348243105
-0.48455237501079 -0.0760099394196831 0.0227011090604006 -0.00339732211025304
-0.405061937267975 -0.328191270525664 -0.0463435293030663 -0.151663478167682
-0.139308771520627 -0.50395790991834 -0.0410775793943265 -0.304909297472442
0.0482586137511529 -0.566747961791588 0.0989072599636013 -0.397150226758873
0.0806383129222786 -0.62774536635021 -0.0371033566289052 -0.109087559784668
0.00910008269577605 -0.642185088061134 -0.0262168564232433 -0.0955087229229925
-0.274296124445807 -0.615773420127525 0.064942424902096 -0.0129525843651411
-0.512946589100654 -0.403171137156106 0.0498203221886956 0.0464192128586334
-0.537656939369735 -0.116623275810256 0.108053871352928 0.0394453573135311
-0.490156268311086 0.099939513217509 0.160522005488879 -0.00608715409109638
-0.391768735206973 0.279993318822654 0.130865972249135 -0.0509310048904078
-0.306317966162228 0.298318403471991 0.123135752749553 -0.0486679406663134
-0.318828416499222 0.331871729467065 0.122519107756412 -0.0557920264768969
-0.429379880894108 0.227540018132589 0.129988868294908 -0.0154784984939905
-0.481951955742687 0.0861619562285875 0.0937563712580499 0.0491082784127072
-0.581186895046914 -0.133745403894496 -0.0140164162440486 0.0349124532156768
-0.476009272110202 -0.412418349148401 -0.0490018132256703 -0.0896416689147349
-0.171092426343078 -0.613989514394149 -0.0259244431451014 -0.17844333360676
0.0407929944301289 -0.702929350834244 0.0558885428813133 -0.193879406511389
0.0301538527086273 -0.660203573691869 -0.0954116779148967 0.12054320440842
-0.0725664010736946 -0.672394810392736 -0.0239032078030879 0.0794118305648213
-0.354456604520811 -0.614314961315242 0.0804286634816168 0.0369726695555671
-0.571066485670497 -0.375893553186615 0.0305181229720339 0.0313975578515483
-0.567230620323616 -0.093008710612783 -0.000510225756922826 0.015676774439925
-0.510360687362136 0.123249865595585 0.00466531469119416 0.0307182339938964
-0.41056167736722 0.297616123732335 -0.0258211700907164 0.0341603446070577
-0.330546056715369 0.302527011519746 -0.0190110424506033 0.0580050305982372
-0.353083895976318 0.322096566615647 -0.0150556027953114 0.0490623507021828
-0.469328919705465 0.200430298547451 0.00131224335058901 0.06772797101188
-0.510821513400363 0.031974830171611 -0.0134075004095158 0.0865243995905896
-0.570823188265419 -0.200130484544042 -0.0571567954612096 0.0589547931938185
-0.444817233616079 -0.450642330628887 -0.045362910173318 -0.024876389471252
-0.148273788260279 -0.62706569174791 0.00194672441077669 -0.0372433394563156
0.039719894114122 -0.724140597142543 0.0203199165568289 0.0326304121320046
-0.0227488140415317 -0.584096046414364 -0.14226411884839 0.33932798368118
-0.126411219452197 -0.571130149831289 -0.0112245790922051 0.249899167243732
-0.347385224795481 -0.497138182858435 0.0771372087547254 0.0893531866923955
-0.501637130657364 -0.284889318352776 -0.0044491253391079 0.0282925828878659
-0.48558297600345 -0.0619835538648032 -0.111358060498349 0.0155802525564984
-0.442708292292694 0.117376072773981 -0.146605726156416 0.0842494748318943
-0.367707963252742 0.268445565627851 -0.172093895488877 0.123558203002109
-0.306233209450532 0.259022283883717 -0.157953604536641 0.154725663306372
-0.337189110107638 0.261327293376036 -0.156623418010768 0.136358893203851
-0.435614737985607 0.132642300491133 -0.135196151203943 0.120500569784989
-0.448599162286581 -0.0359434852393835 -0.123862132767735 0.0877170875616084
-0.450030774005919 -0.239735735206175 -0.0962470086191216 0.0526586658037097
-0.323676280751477 -0.412693949470269 -0.0428713015743207 0.0232884840524644
-0.0909117512012731 -0.535160639903759 0.024741707910114 0.0905853999717215
0.0379439275113561 -0.632878257873959 -0.012477236907137 0.240908485575694
-0.0589830700607401 -0.410688443956249 -0.176586621809119 0.507514394733876
-0.128160346912336 -0.367552508318632 0.00346690660251503 0.380433023493895
-0.245290261392558 -0.305906754172196 0.0591443298668164 0.137703314830438
-0.322403922835257 -0.174904128866999 -0.0386938786358939 0.0381223088239427
-0.320374720271171 -0.0463804256819889 -0.193946346944698 0.030404267256655
-0.30956048708676 0.0797035702847306 -0.262270701106427 0.138829278293682
-0.272624919683038 0.189390955580812 -0.283962297603227 0.199720104310268
-0.236199122468606 0.178050060505062 -0.272995620088844 0.22607714875405
-0.264471805418103 0.167146313807944 -0.280690933715915 0.187497753734683
-0.328941796374252 0.0563527453212182 -0.255839514708189 0.126668192983174
-0.311100218251604 -0.0824265530674409 -0.210410260522523 0.0446001904351688
-0.263038286771946 -0.218400175803391 -0.117038372034187 0.0153119691426419
-0.169074396033256 -0.298201361430649 -0.0393079402670901 0.0502453934852274
-0.0377421993323356 -0.362810614392423 0.0340428527505982 0.1864934854094
0.0227898058598116 -0.454263958587257 -0.0418511773075766 0.402122471803717
-0.0712234583369459 -0.168866195296037 -0.193467488028794 0.597834530803069
-0.0784705621099897 -0.114471699868768 0.0196854578353434 0.457069264492575
-0.0819963436704237 -0.0964341950867706 0.0410235789137693 0.175316171479314
-0.0950115652658395 -0.0752927382437208 -0.0547432143752184 0.0494522171493404
-0.119099448271271 -0.0479677753613581 -0.235691940483411 0.0465518296827338
-0.141938032307047 0.0142430776650573 -0.32721276867782 0.17914327391156
-0.143915954165395 0.0742050183498737 -0.344486271126726 0.250446513621674
-0.131130825994495 0.0710348949161042 -0.345958003449371 0.263689121566447
-0.145026825809173 0.0614720812995422 -0.365297386718894 0.203087663505003
-0.168856423692197 -0.00051975813990271 -0.337170093527645 0.0968134733246916
-0.137205597222373 -0.0781999599637257 -0.256626372994013 -0.0228157152305234
-0.0759465878961726 -0.12304178923025 -0.11067006677764 -0.0322429495853871
-0.0437072860904937 -0.121977216422475 -0.0301981575842954 0.0636225473178589
-0.0274217177105768 -0.146918371371393 0.0334945954685468 0.24756455517992
-0.0199634486070814 -0.222492961909383 -0.0570269210313285 0.499552965666079
0.0860919713033442 -0.0900890402931173 0.0350133812273031 -0.546405635921949
0.0567816691228698 -0.105157293318313 -0.0533302839532873 -0.349527215236723
-0.0380927447806274 -0.106786466720605 -0.00231472458947965 -0.0712999444635237
-0.0919504873119632 -0.0376003153026399 0.0516289590679679 0.0657465107198859
-0.0667678177577682 0.0243183957202372 0.250740682345758 0.0989185389342769
-0.0431338594021799 0.0341892092088207 0.391247450939084 -0.0592639736031871
-0.0132800889308791 0.0452960730237985 0.402935254198196 -0.202938716794858
-0.000162519217207118 0.0515638513595244 0.37856417812208 -0.278355266311303
0.00217219603847992 0.0657003034544561 0.356583230097515 -0.28831785325143
-0.0182566145516713 0.0654474177300515 0.335621899623648 -0.221994265225978
-0.0519579641729178 0.0747949780229854 0.269387927081448 -0.0964981401784418
-0.122686629278937 0.0372538837479466 0.0883234864203752 -0.0696923717043168
-0.0997009205976483 -0.0632585076141878 -0.0109045460641938 -0.208621438658192
-0.00116577069526442 -0.0871830424572722 -0.0203719153736393 -0.427412792358636
0.0472183154876402 -0.0605365155090766 0.196887380298393 -0.617659570569671
0.104184015556991 -0.317450327746813 0.0452308942067114 -0.467214260531675
0.0723515856811654 -0.324029497385883 -0.0322325286339334 -0.32216630689748
-0.104324647723798 -0.322104161652407 0.0184362415465506 -0.0716155852871494
-0.246807169690346 -0.202500877267881 0.051221367361357 0.0741887674692059
-0.258513900428045 -0.0436842670266515 0.240210579096411 0.101875680744486
-0.231561632126987 0.0619204425677099 0.371606849279696 -0.0441611055911183
-0.174407637839969 0.150372375521551 0.368993520296327 -0.174993360686334
-0.127887161611515 0.166625249027276 0.34114667632212 -0.235559827086529
-0.127963226629742 0.196049722252682 0.321601232042319 -0.244360250984444
-0.188306498786715 0.15044079521169 0.305917271611473 -0.178537862951908
-0.23241205109615 0.0986778845614565 0.241098715951846 -0.0572083902874933
-0.326829244394457 -0.0146996947349635 0.0565394846664307 -0.0436561044304072
-0.276037243171801 -0.208791080205708 -0.0377842039450074 -0.198161180405165
-0.0823164527430944 -0.3243228448744 -0.0457291490109503 -0.39664562690815
0.0447112394299532 -0.347678515847784 0.142197430026578 -0.551932310114091
0.103177173342065 -0.511453741604235 0.0155309658992124 -0.318245971645844
0.0589946059314306 -0.520429372502554 -0.0277414674328031 -0.238047750535418
-0.18975648623192 -0.509712647654175 0.043172386627474 -0.0542317758646781
-0.402009570089457 -0.337523514042761 0.0554736234183622 0.0651345588506933
-0.433330174911115 -0.0966333907348779 0.197207025888087 0.0754837684725414
-0.394016899039235 0.0868997493888711 0.294155212016511 -0.0327289959288093
-0.309948085945829 0.235687623756151 0.275913249510702 -0.123837393432803
-0.233083030910587 0.257796776961231 0.250822208170782 -0.155769247103773
-0.236689223008047 0.297829707115039 0.240400407492799 -0.165396373889021
-0.332315855902141 0.217928472071174 0.235515342755492 -0.107830879862089
-0.386952950677702 0.115247122584075 0.184508965241393 -0.00724428963003779
-0.498154595974879 -0.0632940257813508 0.0235776057371277 -0.00503198704733404
-0.423911542756745 -0.325369232888109 -0.05258447220938 -0.154438549544991
-0.154834563670967 -0.512124088583197 -0.050788330700431 -0.310973054687396
0.0312560495503675 -0.58011958874358 0.0933144326665846 -0.403895132621327
0.0697115330873147 -0.636986793340478 -0.0378620074793077 -0.113140054760488
-0.00712581731163337 -0.656172514561315 -0.0300297898856697 -0.0959352520047467
-0.299963242602602 -0.619718123458426 0.0690517003602323 -0.0171153669783468
-0.538399256399616 -0.395068226073646 0.0545635109022045 0.0462782797780719
-0.558223963903199 -0.10354498442119 0.116527665470645 0.0378764919413631
-0.497424801468719 0.118909530092668 0.166096386706413 -0.01397732455751
-0.391729512178413 0.296991318501163 0.137534896805176 -0.0509105811603992
-0.302461950454559 0.310654438652117 0.125493779831094 -0.0520625268322103
-0.314220557011305 0.347372688538442 0.123797822716329 -0.0596953854834341
-0.432552923012454 0.245745701821497 0.132561500243302 -0.0178977324119891
-0.493472850018269 0.102122450544174 0.100438531202416 0.0478105479563841
-0.597700722492021 -0.121392184584791 -0.0136457679993487 0.0352953671538005
-0.50118540850088 -0.409171189960247 -0.053790657378761 -0.0903477856126929
-0.190499001387377 -0.623440873523831 -0.0313490672923724 -0.183343644639696
0.0194500645984553 -0.718472759283193 0.053631055675871 -0.195494159917592
0.0175767891413318 -0.670013596763478 -0.0928256062638147 0.123067931164269
-0.0913738445301385 -0.684139604335347 -0.0230369705721933 0.0822054203361255
-0.381771448744411 -0.617734794815362 0.0862137227063759 0.0341664169878509
-0.59676643882466 -0.366095940588865 0.0343194961633352 0.0311477813645282
-0.588889899812796 -0.0777905482877666 0.0048532536552948 0.0153995743332685
-0.51807382513816 0.141476574929654 0.00807641289307618 0.0273924484360695
-0.411443911049206 0.315523672249763 -0.0205326523886337 0.0410707160954814
-0.328678029710873 0.316111992576967 -0.0182403673086272 0.0612446997273983
-0.349594625117055 0.339687877239505 -0.0147521085457696 0.0511468734222339
-0.474073183379765 0.21833997004963 0.00293433411989213 0.0708845212160937
-0.524516479440281 0.0473357503647673 -0.00838600578870696 0.090046697131085
-0.590403391742698 -0.187530735735152 -0.0557870805205671 0.0610924856775472
-0.468566096421702 -0.446885849243129 -0.0477677415925609 -0.0247040316401086
-0.167962278509175 -0.636180875868876 0.0012244749627009 -0.0405078813557411
0.015493085622882 -0.739423919336439 0.0229479953558763 0.0364381918155487
-0.0344041718325921 -0.592255586734296 -0.137182666264608 0.347545520982199
-0.144514195081381 -0.581577433595701 -0.00608275451497193 0.255151767783017
-0.371853977188703 -0.49932366102511 0.0838756066849457 0.0883706139364326
-0.524541103656968 -0.276190438343447 -0.00144624983659463 0.0285179289844912
-0.504445751100536 -0.0508335671382357 -0.109227783230496 0.0171450134719943
-0.450571262704027 0.133331978276189 -0.144978749740471 0.086482036127719
-0.366151746245885 0.283633149743678 -0.169320761371419 0.136550766253502
-0.303883367040642 0.271440134482625 -0.159480572233262 0.164367632250961
-0.334037217732272 0.276189527777002 -0.157515650608803 0.14295111155003
-0.440862122774092 0.149250296061328 -0.135339163982396 0.127766418883017
-0.461789009414247 -0.022672437307428 -0.122047627151065 0.0940791299033996
-0.466718789666661 -0.231226790761935 -0.0963837207050142 0.0555111013907959
-0.346753991720632 -0.412821221193788 -0.0431107278341218 0.0254261690752937
-0.10758743498501 -0.545009183166952 0.0277796298420035 0.0892498074997904
0.0180483034860511 -0.645659175131703 -0.00622299993597769 0.249041981127971
-0.0667524408966367 -0.415377135759778 -0.16923245663084 0.519918904975724
-0.140233107944871 -0.374668265654534 0.0130706462815239 0.387906543673913
-0.262345394260594 -0.306994756809891 0.0660740828183937 0.138907770344328
-0.337527196015772 -0.169542342730884 -0.0372126244047175 0.0390772289866744
-0.332637223817932 -0.0396178904787961 -0.195205741894283 0.0344620441165371
-0.31485849929277 0.0907834992522792 -0.262781682266203 0.146266604897843
-0.271622961887937 0.200980669953295 -0.282554599578366 0.216922688583199
-0.234869515999762 0.187599479128166 -0.276918138951253 0.240265574457492
-0.26384574226336 0.177877799182158 -0.283832575098757 0.199535099671366
-0.333822110583789 0.0681903899822854 -0.258908966933659 0.137194505763029
-0.322103831842118 -0.0745255923548482 -0.212762769677364 0.0522802384067735
-0.275729443372184 -0.214090169257399 -0.119278733511886 0.0184997412787993
-0.182759241366688 -0.298150259695582 -0.0384486810581826 0.0519968270750468
-0.049018156909522 -0.368851161498797 0.039862660593306 0.186117816006889
0.00732954306009984 -0.462403634707524 -0.0330846579246079 0.413169512574783
-0.0747224321308167 -0.169907848255687 -0.186679851014948 0.61428303078864
-0.0836251862730341 -0.116828842270516 0.0301201288718124 0.465590591078842
-0.0878458976720024 -0.0976259635290033 0.0477326722494836 0.17800857411567
-0.100338998127727 -0.0743388609315974 -0.0542627665086523 0.0511284726068226
-0.124950755019077 -0.0475462591076031 -0.239772598140709 0.0519904727578384
-0.144698850240626 0.0185137656626974 -0.327954698750282 0.190398956328182
-0.143064033569586 0.0795156483339617 -0.346727720989414 0.268963848051964
-0.130571786683603 0.0757179763216211 -0.349729858883186 0.279953429643603
-0.145237251176325 0.0670596107031362 -0.370557831392042 0.218217881187614
-0.171375355221798 0.00498622043686257 -0.343422004972918 0.107740898154377
-0.143352794948208 -0.075199779077712 -0.262837646702335 -0.0155469857009478
-0.0815938612082601 -0.121524929593483 -0.113955748217005 -0.0300596852783749
-0.0507857605195519 -0.121701205064755 -0.0283024849969276 0.0662431903661101
-0.0331907641191236 -0.148575661032874 0.040715550070797 0.248070383794346
-0.0291121619383198 -0.22602270737224 -0.0465075195599291 0.512578927217241
0.0823780912526028 -0.0948652575525014 0.0088529559559689 -0.564370831228301
0.0543516495937193 -0.108316359565113 -0.0748479444916947 -0.354510744224914
-0.0444597959255466 -0.104803041257299 -0.00553484750780818 -0.0748974752288477
-0.0963845810546544 -0.0320805467825729 0.0575777412901722 0.0644372776818968
-0.0672404421702839 0.0294813221587137 0.264381333326437 0.0886370136087757
-0.0424364765682891 0.0391828410585223 0.397848712719568 -0.0816469750012473
-0.0123554327525975 0.0469782129919153 0.403587933828356 -0.2312074388775
0.00205613359098369 0.0522397744687275 0.377364027771913 -0.30835782189826
0.00584122641892816 0.0672398307219226 0.351895951957006 -0.314963992320803
-0.0164465971731194 0.0680858986428353 0.331944701073227 -0.245608805471818
-0.0500233569230914 0.079343745605607 0.271047311133103 -0.115066108783611
-0.123136557725589 0.0441168565121516 0.0868194688990934 -0.0771996307843182
-0.10473009616366 -0.0610081843254099 -0.0239151845310882 -0.214098237481284
-0.00527594153637365 -0.0900448231656807 -0.0438910300957741 -0.435452978345377
0.0445911296682865 -0.0652991901644144 0.171502166229751 -0.640171340770099
0.0903126289593115 -0.326670681540194 0.0243889943526647 -0.482986799866662
0.0586982627987094 -0.333635278105882 -0.0514351461515846 -0.32683455019432
-0.125782798975368 -0.321472394251579 0.0156089669600015 -0.0768783757397724
-0.264689830062351 -0.191656058171753 0.0578740987351008 0.0726910755213588
-0.26941797408184 -0.0291557154738431 0.255032498886897 0.0915298453000733
-0.233462323231792 0.079279238342758 0.37974805701748 -0.0670335455813467
-0.170727458837131 0.16356668395459 0.372614153786667 -0.199338033435666
-0.122042021734048 0.176904789177728 0.340958166650027 -0.26116764163488
-0.119673453938852 0.208212152314588 0.318603890833824 -0.268995627855514
-0.186271881428674 0.165504966663917 0.304288677631864 -0.199294777676593
-0.235020623485381 0.115118733469568 0.244927470738107 -0.0735259288534743
-0.336168649266938 0.00282586472574841 0.0552220137856823 -0.0490521189039127
-0.296107966835776 -0.201318994331516 -0.0517505834775976 -0.201636896461758
-0.102066045213034 -0.329541614447284 -0.0683710936520581 -0.404129647914256
0.0241077807310974 -0.35845441371254 0.118710000473681 -0.570151807861665
0.0818360627876082 -0.524846509242347 0.00231769826226599 -0.329845314658677
0.0331435052612751 -0.533605717353829 -0.0422557292206396 -0.241766422463236
-0.224306968608562 -0.507389003863094 0.0433945353939821 -0.0612043203982011
-0.43112484960265 -0.320908869428639 0.061915101634354 0.0632638289528713
-0.45341909066641 -0.0732010832420373 0.210654696686293 0.0657688001662926
-0.398856176370136 0.114047283073304 0.301615225155489 -0.0535606162148431
-0.304649991964228 0.258808922763772 0.28146112293939 -0.140716646254566
-0.224707401321532 0.275772001718112 0.251599028342919 -0.174629463561004
-0.224469965410641 0.317711626070425 0.237919855238637 -0.183090910451534
-0.330561810449875 0.243051382182624 0.236939958508741 -0.121866273735592
-0.393534028751406 0.140903785833295 0.191617716226531 -0.0183199551116089
-0.515224267667186 -0.0368473556565648 0.0237458963126794 -0.0081297672987391
-0.454595445544045 -0.311522248168299 -0.0646355978676145 -0.155932560707434
-0.187966579796898 -0.517847948490551 -0.069221657511807 -0.316281017990001
-0.00434014861377297 -0.593870473890819 0.0776895552144643 -0.414256619149955
0.0411613943827816 -0.652998002518526 -0.0418467291730287 -0.116098542542953
-0.0418438212322079 -0.66943675034231 -0.0357880918542359 -0.0962584854905254
-0.345335021934028 -0.615315574276994 0.0723098468742161 -0.0240683307869846
-0.578211166857144 -0.37226726281242 0.0607920856909739 0.0444030092988104
-0.582076783206761 -0.0718041137208003 0.125637894261255 0.0306936328598137
-0.504111562437865 0.152042607244021 0.171633644710477 -0.0277783109931506
-0.385036045508296 0.324927225855026 0.143897943747696 -0.056734130209624
-0.293097666092797 0.333132947342451 0.127528400448951 -0.0600127908603843
-0.30054703788133 0.373778624587955 0.124015828769224 -0.0679525865980122
-0.431513504196921 0.277385387646888 0.13533124885627 -0.0237306529929965
-0.50390902247803 0.134160366872744 0.108831928355337 0.0431352874376938
-0.622027695859818 -0.0875622546023182 -0.011451626904039 0.0351704998093946
-0.538247407659231 -0.393380397436343 -0.0619476966423087 -0.0901019051532886
-0.23127806758035 -0.629378364335767 -0.0426987322733274 -0.187764873451265
-0.0257498139208442 -0.734608643035627 0.0468670079330624 -0.199218335707839
-0.0132140278197405 -0.685577979076241 -0.0864881896217284 0.128901714048471
-0.129299337660603 -0.696222788763454 -0.0190780999829795 0.0858291674151533
-0.430850511275347 -0.61024202309939 0.0932805073967013 0.0276366080655171
-0.637147604126263 -0.340292183643246 0.0396416815068414 0.0298584546242725
-0.613580592011541 -0.0462672444104072 0.00985001366918001 0.0131779694748074
-0.523621549704219 0.176152561459919 0.0112505824616607 0.0226107182553305
-0.403427740689736 0.346451758509301 -0.013643734156724 0.0470153838387405
-0.317202454185323 0.339764003625555 -0.0149162049543734 0.0652305792537972
-0.337621857032794 0.366654427559216 -0.013092485663048 0.0543838670868622
-0.475809068752757 0.251908504077243 0.00697385477974117 0.0741602308826675
-0.538810047659057 0.0812873954446606 -0.000308342029649416 0.0924868508971453
-0.616001682002032 -0.156502272658944 -0.0540764026364207 0.0641454570986973
-0.508811166338856 -0.432381686468157 -0.0511956350016461 -0.0224479280309115
-0.20829227470005 -0.643447809750713 -0.00156989499317323 -0.0434655009963404
-0.0296407303085892 -0.755027382654744 0.0267613478184409 0.0391004993105451
-0.0625237988292296 -0.602718411143726 -0.121112989420141 0.362097107976887
-0.180473828550933 -0.590056624029755 0.00828623007819227 0.262450915241088
-0.41435300323469 -0.49087838078334 0.0937241114586242 0.0843418495786561
-0.556700489967309 -0.253210068863158 0.000986901948599483 0.0295944881259716
-0.525363240732569 -0.0221733511285285 -0.10899468553707 0.02125738972371
-0.45471294509416 0.163533805569869 -0.143165947391908 0.0926214944405826
-0.359327063920456 0.310704266991155 -0.161336908328838 0.153556352283544
-0.295129973102764 0.294088930523679 -0.155609360134373 0.179781425874461
-0.325160689469316 0.30166431252879 -0.155231113115678 0.15682991408206
-0.443761459370497 0.178976393233472 -0.131935955178074 0.139924443720125
-0.477634756858514 0.0046404248210484 -0.116284837063929 0.103256809719139
-0.493413935169217 -0.209612846773942 -0.0958234915852584 0.061187322676034
-0.379877521345017 -0.402421765115682 -0.0427839951905361 0.0280529356398438
-0.141000609995797 -0.55223099423372 0.0323554334830375 0.0873452513390078
-0.0228790386749764 -0.659560471798342 0.00747629407301573 0.258067399560651
-0.0865429868872919 -0.42177088590496 -0.147220198448518 0.54100838201155
-0.165336358961357 -0.37796858582966 0.0352273985064419 0.397174338739473
-0.290183086352252 -0.300911351626385 0.07706982701529 0.138321630866507
-0.358971547669746 -0.153688449814176 -0.0350765321173967 0.0415682995722349
-0.348357244247785 -0.0222895432089657 -0.19757854721568 0.0444128760698475
-0.318838264122106 0.110634322195047 -0.260926034544889 0.161159041214764
-0.265638006702441 0.220059890189074 -0.27627325098922 0.241537216894892
-0.229760799005373 0.204642889550454 -0.272380869188541 0.264606027953175
-0.258625426737731 0.197044708172003 -0.281711138829922 0.221433371250442
-0.338036523447884 0.0897558150737648 -0.258315480368386 0.155699528543137
-0.335831497524562 -0.0563883008806162 -0.212810463865089 0.0657924309351252
-0.294700234679016 -0.202008699382972 -0.121646211119295 0.0249240543080209
-0.207078686495406 -0.293021088139748 -0.0361814756842892 0.0553755222292187
-0.0712429917870095 -0.374278567777372 0.0504086668992876 0.185319670154703
-0.0217920041058907 -0.471808488989781 -0.0119570556040503 0.426801358022727
-0.0825841897592285 -0.17056545011514 -0.161135222335825 0.637870063267571
-0.0926661353896529 -0.117326002358928 0.0573284717056677 0.47471318217411
-0.098182713219852 -0.0967222100350512 0.0603978199610122 0.180666705513066
-0.108406519383638 -0.0707572107821572 -0.0532185797703302 0.0545350606297058
-0.133177067258932 -0.0432289002998669 -0.244213487652187 0.0650967712431459
-0.148080006047093 0.0263600433571557 -0.325387391706202 0.211506688073025
-0.140940736025643 0.0888743364346209 -0.340593924598312 0.296977243833442
-0.128821556801556 0.0846254894935374 -0.346793175603331 0.309546096708093
-0.143911550536213 0.076384693274707 -0.370530090706889 0.245538244853619
-0.17430942327548 0.016018874272418 -0.347070488227034 0.130035002707049
-0.151576761065645 -0.0675546630842169 -0.269686828261621 -0.000787585685035054
-0.0907037146283953 -0.118424457404105 -0.118970692414074 -0.0245292938247087
-0.0604256296559134 -0.120034308899996 -0.0249087557979113 0.0696308594344829
-0.0429207084811894 -0.150211858797404 0.0544470141365961 0.24888187688767
-0.0446964996410462 -0.22921772781607 -0.0229069944479584 0.529220836385272
0.0745699521533176 -0.0990590815006131 -0.0293362758096468 -0.566054492699357
0.0493930433229667 -0.109823589472987 -0.101467971953191 -0.347404962065437
-0.0506970371480523 -0.0997712230213391 -0.0119152526573097 -0.0767505919356196
-0.0978481122092129 -0.0240035086986902 0.0625864354627883 0.05981241819592
-0.0639105518311547 0.0361567642463757 0.273288446719177 0.0681453618582804
-0.0381063836344804 0.0443313134246374 0.392643236150443 -0.112258898096452
-0.00993907071282335 0.0484280728619153 0.387508291289976 -0.263539453370029
0.0054964850904935 0.0517707119199445 0.356679152197002 -0.340054377743666
0.0110347040834035 0.0668195968483881 0.329058118641295 -0.341993635504434
-0.0125632071028965 0.0695149326282913 0.313844706856224 -0.269547991838508
-0.0448036324836973 0.0831577002264247 0.262151202816161 -0.136274487585827
-0.119285691490723 0.0522602086350094 0.0806984977726592 -0.08469092166683
-0.10932601993638 -0.0546757282423244 -0.0417324202438446 -0.212993866035348
-0.0110551478306171 -0.0899362092009798 -0.0752306915434075 -0.429448949292909
0.0390447822246811 -0.0678633282687939 0.126920063803422 -0.650503907154483
0.0674987213587131 -0.330853705484605 -0.00883539575456334 -0.488135093990206
0.0364641430575316 -0.334765857161626 -0.0761151182439101 -0.321226959232833
-0.149148560472716 -0.307653740165955 0.0102435155672474 -0.0811442407734178
-0.278747088106143 -0.168695147945191 0.0641028829682154 0.0677146436533602
-0.271829926243787 -0.00656675599399385 0.265188071935573 0.0710725381908978
-0.226729036046872 0.0988508283713559 0.375467129071295 -0.0980665277324557
-0.159401803769092 0.176784990650216 0.36136367927552 -0.228782664947094
-0.10921617366767 0.185372840566541 0.324847450084264 -0.289247657952522
-0.103053067784336 0.216788861922296 0.299236630636317 -0.293290754514835
-0.174604894010677 0.180589034663522 0.290225240101688 -0.221286917458301
-0.227714066132358 0.134143087006961 0.241064049067137 -0.0935221962810764
-0.335942933090256 0.0278606055872695 0.0507011969993348 -0.0542629364651593
-0.311399774189445 -0.179044901077799 -0.0690893303450821 -0.198421575422889
-0.126781879976187 -0.321441442790608 -0.0981683970668249 -0.397503782712058
-0.00523625572524353 -0.357588886907558 0.079991811037068 -0.577200564580419
0.0454197909331227 -0.528110771748821 -0.0178951696733015 -0.331507497472764
-0.00428989369958568 -0.532971370590295 -0.0592224306282682 -0.236872492950942
-0.263391968368001 -0.487710660907048 0.039282311187651 -0.0675025295833073
-0.457081343463454 -0.284996221981976 0.0682525762439299 0.0577936298288709
-0.461270820651318 -0.0355338448477182 0.219240611461624 0.0482018083994963
-0.38979520859263 0.146557028334868 0.298096434379647 -0.0800060241874533
-0.285008634994231 0.282113309117472 0.275113615505016 -0.162055297672214
-0.204943884249578 0.291189565793275 0.241351879168871 -0.194457322729106
-0.198257453106401 0.334192318817585 0.224245190687 -0.201514327049634
-0.312632819531499 0.271036247467149 0.228840726809651 -0.138957320476312
-0.385939470445178 0.172246439702987 0.192841785375813 -0.0342192834934101
-0.517110265384821 0.00471978700974529 0.0221360119665179 -0.0111086481428974
-0.480061441535792 -0.277756437275888 -0.0780608139301068 -0.151257244911342
-0.228261151591396 -0.503531149265327 -0.0937035956480612 -0.311367070740831
-0.0531888151076455 -0.589651910357259 0.0500416534577374 -0.419255159690928
-0.00360797657333861 -0.653307249551316 -0.0471749640414025 -0.115631218525274
-0.0897588861905798 -0.665380462811535 -0.0422072581352187 -0.0921571269792177
-0.392363099428024 -0.58581835396014 0.0718288336695009 -0.0326285005324395
-0.606294908512344 -0.324637056339382 0.0653223196531028 0.039157353534154
-0.591123660311803 -0.0243820699080671 0.131560326731507 0.0191199309981306
-0.493536879313426 0.193185641659722 0.1694483922703 -0.04554330451466
-0.360400997111378 0.353953209672446 0.145403884479124 -0.0665593922999326
-0.267867373229584 0.35457978965564 0.124891118264459 -0.0692923100409745
-0.2695040558564 0.395163374441923 0.118162738914716 -0.0765739197479305
-0.41182971190495 0.312206709574169 0.134814104287252 -0.0318529733281587
-0.497723034107681 0.175223705560516 0.115600950166519 0.0338107439509506
-0.628360986228049 -0.0398144564265051 -0.010447805116787 0.0347848880489713
-0.570857745478649 -0.350897113384206 -0.0695138825752321 -0.0846194299133357
-0.279699087770912 -0.6108845816005 -0.0567138220118314 -0.185318962669299
-0.0864524095201959 -0.727224543580193 0.0345592724354953 -0.200251160871192
-0.05823210713933 -0.681228034088508 -0.0745772736650084 0.13210670272091
-0.179358692240993 -0.686100429367878 -0.0112344439577488 0.0881812800888086
-0.480113703275953 -0.573115665753441 0.097157586438674 0.0180218184632149
-0.667644487535365 -0.285980861465975 0.0440159262366376 0.0259363693133336
-0.6231878201924 0.0039740023445665 0.0132425715016055 0.00989959949148889
-0.511105161829123 0.218499171776578 0.0128774611095685 0.0169184430480782
-0.377197749724417 0.376647046524317 -0.00369651981706846 0.0502678624469872
-0.292343388228946 0.363144809904205 -0.00870325414612088 0.068125097105143
-0.30606443467225 0.391510224937853 -0.00997139102046235 0.0562520726388922
-0.456397339584779 0.290258462485093 0.0136478822333782 0.0753719267468595
-0.535288548342836 0.12446860854328 0.0104843734037549 0.0910459364391904
-0.62790949829502 -0.108021629027236 -0.0502737155475518 0.0664643214226479
-0.543849418194288 -0.390016756269638 -0.0529563760468005 -0.0184769305555894
-0.258383721352453 -0.625313994797916 -0.00523729326363498 -0.0448654682719978
-0.0918522635174145 -0.747533772327241 0.0321775087225313 0.0398302806120229
-0.102267755804138 -0.596176010312933 -0.0936570554609224 0.368112381678168
-0.223057627800072 -0.576154499313103 0.0293977391744885 0.261778040861869
-0.455989406075267 -0.457650635710643 0.102138109589014 0.0758172295633228
-0.580057860773038 -0.208196900555603 0.0056423579713007 0.0290725577481604
-0.532489165519941 0.0192454641069884 -0.105772038487319 0.0266319114161522
-0.443640838256441 0.200312673235995 -0.136290451444956 0.0987528292244054
-0.333900560672602 0.336712664460033 -0.144840409661976 0.169081838520046
-0.27279183231537 0.314326253912178 -0.142135939628419 0.194138036357795
-0.298611350913489 0.325233339413832 -0.144498251082413 0.170649505180398
-0.42967305115594 0.214865716865416 -0.120767019448253 0.151076420960578
-0.479555234278156 0.0432895414771415 -0.105704367737872 0.111503460992711
-0.508338708489763 -0.168253286043667 -0.0918972209734379 0.0671920834458339
-0.413641141952983 -0.370579517040996 -0.0404162661867985 0.0315798204678272
-0.182806309106544 -0.539595667815087 0.0382538902242397 0.0820484016798981
-0.0776978287144083 -0.652222910193642 0.0280350906869803 0.260078327311503
-0.113999309431339 -0.415716751395056 -0.108724206397102 0.550637667529677
-0.194599465693766 -0.36718664433224 0.0646738060247787 0.394217602443346
-0.317791896803433 -0.279849744951894 0.0893861367410606 0.131532042850875
-0.374220008769136 -0.124386335047779 -0.0308158295374976 0.0440585892312231
-0.353880597030999 0.00564930514724548 -0.194334552663917 0.0572948482135142
-0.310735495070371 0.13551844196819 -0.249108206077064 0.177577852466594
-0.247706395431708 0.239656733840342 -0.254609508941425 0.266190636192281
-0.213972033537309 0.220766230256307 -0.253719455586375 0.289382293692756
-0.241349986786528 0.216302519903661 -0.266917079237309 0.244775939601503
-0.330431048621507 0.116094749608185 -0.246106328935253 0.176503261012581
-0.34125705791058 -0.0291167146006416 -0.206187187914557 0.081156952759347
-0.310338872495449 -0.176858252346762 -0.119863801493635 0.0327349201783006
-0.230504926748646 -0.274577912089194 -0.0310890247184411 0.0585353835691431
-0.0997019594255355 -0.367296310080008 0.0626248237654671 0.177873145144211
-0.0605444089384037 -0.466317144967611 0.0195797663481933 0.428897239114939
-0.0927591532332697 -0.165480323075333 -0.116281649496353 0.64931176569915
-0.102829976219658 -0.112360418904485 0.0925688962465608 0.469184808973814
-0.108788809823266 -0.0898186927618857 0.0750315928636084 0.175858240911342
-0.115066745341984 -0.0624126101963262 -0.0486093737627797 0.0584725368178529
-0.138988169214305 -0.0335846353590652 -0.240595465142938 0.082660241097241
-0.146979096114536 0.0369410836949013 -0.310168957278395 0.234703735648687
-0.132627265104433 0.0990936054382822 -0.317892492079876 0.325520705994562
-0.121518252886122 0.0942150118561677 -0.324722882502566 0.339417341682989
-0.136944189589902 0.0871855642709493 -0.353639147668763 0.27532396024532
-0.172104312743911 0.0298603856235261 -0.337559063100374 0.157372118522389
-0.157022257545027 -0.054173223510927 -0.269481212532673 0.0196022567296766
-0.0994902878881639 -0.109699012636569 -0.121074359689578 -0.0156888039130007
-0.0709772888036019 -0.112429331372155 -0.0182348811197364 0.0716056515648002
-0.0549973244652906 -0.146512802202421 0.0707058709582266 0.241332995594048
-0.0638496248745372 -0.224208321062604 0.0161705920010569 0.531069533886856
0.064611201492665 -0.0986571758331516 -0.0621057722999718 -0.544452635816221
0.043954074257351 -0.107805448467776 -0.120901277993446 -0.325948749641108
-0.0524528496851376 -0.0915599962574221 -0.0172665819008769 -0.0748006933784909
-0.0946396982659028 -0.0159092402715672 0.0642912550057319 0.0530366719196607
-0.0579721195400546 0.0394292063493743 0.270183162851934 0.0476773722090066
-0.0327406281287761 0.0466238290494714 0.371157350856563 -0.135072802444126
-0.00735250338755186 0.0482349642045681 0.358205571164298 -0.281592517869639
0.00845583484973607 0.0496855922918429 0.323467886089217 -0.355007084831698
0.0147434228456065 0.0632326538040499 0.297275060357234 -0.352342646662659
-0.00911572400541372 0.0681346402397536 0.285019989411164 -0.279822274400207
-0.0378268883394054 0.0830387970853599 0.242441392890551 -0.149981519402393
-0.110996311195845 0.0566985704324579 0.0713240478758369 -0.0865629427053537
-0.108494899696321 -0.0475625662372685 -0.0558204247774322 -0.20275883125081
-0.0157070673172177 -0.0857969659223649 -0.0987471496087421 -0.407453333709679
0.0332865148946613 -0.0666270366354701 0.0830342851957054 -0.632794836200082
0.0449305031764076 -0.320846549544216 -0.0352548143964284 -0.47135727155425
0.0180508594482172 -0.323228355878291 -0.093799861917829 -0.302994445150526
-0.161713618030386 -0.284528884945548 0.00338682359791573 -0.0809523625661503
-0.278932464799506 -0.142728689353154 0.0662449194999995 0.060501807737671
-0.26333625701475 0.0130460211813195 0.262085713971229 0.0503476121394574
-0.211114093911997 0.112056059811407 0.355252241616355 -0.121065965162978
-0.142602382579832 0.181100300049466 0.336021828930007 -0.24589875954667
-0.0940442305038651 0.185206771375479 0.297285021802859 -0.302924904353881
-0.0836333556035344 0.215225689409046 0.270961446282234 -0.303628367857741
-0.158681599037877 0.186672921301351 0.266535364388976 -0.2301666762881
-0.211599219071898 0.145019881760584 0.226577208316769 -0.106865123688248
-0.321898112531297 0.0488218516000201 0.0435818103583292 -0.0561031569643658
-0.314200236561281 -0.152994436576675 -0.0814475232814658 -0.186466582499139
-0.142606593983963 -0.301483642443376 -0.119310724273875 -0.376635942936396
-0.0299643633897377 -0.341192221846486 0.0434362872793858 -0.559159727198121
0.0123637846322572 -0.510494557902182 -0.0346368017456472 -0.32088177549554
-0.0343967573287148 -0.512310748901803 -0.0721430669826939 -0.222895391788837
-0.283488026816578 -0.447940051845209 0.0330104795814627 -0.0704132042459667
-0.458525550332133 -0.24163366264892 0.0701261331618008 0.0509150972379805
-0.449041591913412 -0.00105666117422436 0.216836130805485 0.0299836685720119
-0.36624037658393 0.168690372498391 0.28102687995304 -0.0994575397817502
-0.256998782753141 0.290464299249405 0.258845893625932 -0.175292558499329
-0.179431542922577 0.293282925567547 0.222499278554499 -0.204494170085293
-0.167466758895793 0.333087973664757 0.203570419189701 -0.208354380361737
-0.28409947129161 0.282088269998295 0.213324118449418 -0.14794423633377
-0.362421842623483 0.193249234565371 0.185335048406641 -0.048004713044728
-0.498770409241337 0.0385478987466378 0.0182561786520839 -0.0127088973380837
-0.482692858334421 -0.235488911158711 -0.0861262230087484 -0.140290088344402
-0.252359713943713 -0.468630051998384 -0.109760919663488 -0.293893471276275
-0.0922382694162559 -0.559645208073793 0.024475539456435 -0.404346251627748
-0.0413962371030683 -0.626329733543773 -0.048872688931773 -0.112433690271791
-0.126883826432158 -0.633771352752005 -0.0447502674664322 -0.0852029025426557
-0.416945959551668 -0.53394945053759 0.0678068761186067 -0.0389384766253444
-0.607636507183833 -0.269925759000795 0.0672195906511518 0.0331333670789357
-0.575718369806282 0.0178805753765688 0.13039479076026 0.00712489743238332
-0.462559767040484 0.221226357458047 0.158723401196505 -0.0586823631361841
-0.32394733820374 0.3644600075016 0.140763136297784 -0.0734992981730871
-0.236786346602561 0.356962967448439 0.118348912198711 -0.0750520156902923
-0.231297797949718 0.396468778172565 0.108715506529754 -0.0810181717299012
-0.376361299372756 0.329272404711988 0.129910947643291 -0.0383784068213752
-0.46975908917671 0.20430423163075 0.115981927300676 0.0222265463281556
-0.607742063072687 0.0049409339280892 -0.0101034548495597 0.0333864572135562
-0.575367448881833 -0.297933798231026 -0.0723333140566749 -0.0771099524668544
-0.308534286031095 -0.567986205013474 -0.0664321049979607 -0.175784501449217
-0.133489868521739 -0.687465328216016 0.0236980170574986 -0.193075523087841
-0.0948098531901203 -0.653224684987096 -0.0611534036809429 0.128769303352023
-0.216152116344852 -0.64994951664804 -0.00327645215495612 0.0855230208280843
-0.502349202437843 -0.517136187938861 0.0964771368837795 0.0086760962102355
-0.66305007112021 -0.229947001567745 0.0458284786986466 0.0216232545447502
-0.603045747869513 0.0479583040885317 0.0150672196094859 0.00593511923320362
-0.479172840607264 0.246125660677494 0.0118545007819536 0.0121267620294878
-0.337365620039764 0.387164862305341 0.00455382858755149 0.0494560730824452
-0.260262832574234 0.367042043688149 -0.00228887427352771 0.0672946109132694
-0.267414184538304 0.395016239212529 -0.00638567013673371 0.0560038612529066
-0.4208149940533 0.310026531294608 0.0194858170601537 0.0729108180163424
-0.507994671427372 0.158814630603983 0.0184757098986563 0.0851452908778511
-0.612223081251655 -0.0600248151758823 -0.0458999754377397 0.0665034353277675
-0.552166579628424 -0.338290787583246 -0.0518606109175663 -0.0141993172847226
-0.289835204625866 -0.583286678615275 -0.00842018163963875 -0.0445880648151492
-0.139565361749577 -0.705319423542223 0.0359601016262761 0.0383413049062761
-0.132896517387153 -0.570081350826253 -0.0659606905843198 0.357644436520833
-0.251047188192014 -0.543011200574346 0.0463451764003552 0.249295899029392
-0.472901355505322 -0.409609866155235 0.105103389781127 0.0648156656905375
-0.576340241642864 -0.158289468106522 0.00914145692007722 0.0266901604637384
-0.516212922250163 0.0577075444028873 -0.0994888745899226 0.0302346261822107
-0.414862686317027 0.224085907617065 -0.126749579032625 0.101257408197066
-0.299650463946709 0.345293694689747 -0.124824430674659 0.174074445339005
-0.243881001952081 0.319692270147246 -0.123818086562054 0.198328335661594
-0.265561624936857 0.331116891211288 -0.128887720385597 0.175322062072257
-0.399507348518264 0.236295420289397 -0.105285188861078 0.154701143080824
-0.461265975833114 0.076236734770915 -0.0915389307053542 0.112460275352424
-0.499105509513724 -0.12609647332553 -0.0856258225633894 0.0689504209347792
-0.423634278397833 -0.326052061836707 -0.0353422788204141 0.0327205990109833
-0.211352432746335 -0.506067838638883 0.0413808893029713 0.0742651945373681
-0.119278704172135 -0.616391821683896 0.0451775857390904 0.250844836893724
-0.132756203714876 -0.394547727011422 -0.0704005579412705 0.534362208049105
-0.211341786699077 -0.34266559959735 0.0891006502612969 0.374075827799331
-0.328074347488033 -0.247347141328308 0.0963708848862427 0.12035757221158
-0.371611037534902 -0.0940445214299116 -0.0252950874897374 0.0440291338875516
-0.34539773690196 0.0305784251159652 -0.183629405453009 0.0665132776165134
-0.292549922384871 0.151898375917455 -0.229889619868409 0.185456681386475
-0.221477263337891 0.24606614469205 -0.225290417230527 0.27508755083969
-0.192304441488231 0.226295931520428 -0.225999127707611 0.297969188344285
-0.217078026901763 0.223172694387652 -0.242067890288198 0.255542482812402
-0.309715245159142 0.135157652628794 -0.225506707737068 0.185956542136032
-0.331566726150095 -0.00349309324682412 -0.191766013922646 0.090850929098349
-0.310084245834123 -0.148765351298618 -0.113943173000052 0.038608027264332
-0.241447929284597 -0.245617677818634 -0.0244892023482828 0.0580433224069684
-0.121095775247644 -0.345690923329531 0.0703104964910032 0.165175155869232
-0.0910232081005484 -0.440729387446841 0.0466290312630646 0.414055607528846
-0.0973897402552408 -0.155478969119539 -0.0733843701072994 0.631673449995301
-0.10764067708595 -0.102895713030771 0.119786382401096 0.444677282902379
-0.114351364880022 -0.0792186059279909 0.0854952004789394 0.165010356312007
-0.116938914334357 -0.0519936654779232 -0.0430110029067528 0.0594696025222542
-0.139058186542231 -0.0229482453573396 -0.228101621685201 0.0954461608626702
-0.140295633202534 0.0454756743358373 -0.284023034305543 0.245394468923755
-0.120133091257064 0.103786171523837 -0.284171606544202 0.337045410608829
-0.110663778539553 0.0988106918199651 -0.293437222981665 0.352101078846284
-0.125393382205967 0.0924377237752552 -0.324252669359024 0.290096539305483
-0.162631262574162 0.0409583939934157 -0.315560205691451 0.173713480842742
-0.154800147799428 -0.0411089397730357 -0.258286382990434 0.0359596736253514
-0.102604981432654 -0.0975697946913891 -0.117872042422405 -0.00755873918073594
-0.0772176363246037 -0.100659817188217 -0.0113407593696712 0.0702193631411156
-0.0629322674881157 -0.137340965617863 0.0819448291924074 0.225725900272323
-0.0778886913298083 -0.210121566071548 0.0478319730458958 0.512840671589407
0.0392760823597563 -0.103816498130106 -0.146044900844432 -0.503883565411537
0.0224623602694802 -0.105097178869255 -0.167488308640218 -0.288890315030893
-0.0593118667550812 -0.0771689092393085 -0.0320971772483248 -0.0756408075614931
-0.08621702966856 -0.00108968722206479 0.0639113941559389 0.0352118512538213
-0.0448017428436159 0.0387339305454278 0.26110192400911 0.00260213651436084
-0.024928706150447 0.0442515592918796 0.330883508626757 -0.185347857956957
-0.00322566827783975 0.0431731100118958 0.301784719627015 -0.324231761923883
0.0120179889277315 0.0419895940857631 0.253853605256074 -0.389750804871065
0.0199870499612833 0.0545610797254252 0.226934872219045 -0.386414406638962
0.000111557143588356 0.0630688141465631 0.222045770317472 -0.314873926604424
-0.0250837180693463 0.0795470461752723 0.203224894543298 -0.183625396297824
-0.0962134776533725 0.0664972287395522 0.0538399689478437 -0.0950390728806328
-0.107142760179122 -0.0342140283806218 -0.0889650758507919 -0.182427315417043
-0.0253806783295564 -0.0836643325327282 -0.158500945051311 -0.361561770866731
0.0214546784591807 -0.075307205567645 -0.0113275256792608 -0.603867577704853
-0.00435862696611786 -0.30731085545241 -0.107397908400184 -0.450427976301784
-0.030842973552501 -0.299898712165391 -0.136449841852134 -0.280963777991191
-0.186767257838222 -0.237918234578201 -0.0172265656444999 -0.100529342179628
-0.274067587426506 -0.0878406449787199 0.0613276860300156 0.0266964829640144
-0.238496267705894 0.0447344244385186 0.240856229840246 0.00105927871521665
-0.18291568233794 0.129888271255442 0.308731572954277 -0.168055865541198
-0.109408579175143 0.185752441934291 0.27787213646331 -0.284461020935068
-0.067601721590846 0.182202441529957 0.234509636762729 -0.335739379532249
-0.0511862931012064 0.209705262609852 0.208042101694086 -0.338308874605908
-0.123402058221143 0.196500184782824 0.212528676871321 -0.270183127109076
-0.181048580351147 0.159620324190442 0.197122979971038 -0.14241931297221
-0.296511199906546 0.0884273383869186 0.0360901347944991 -0.0630732259948008
-0.311492316151264 -0.106327897420996 -0.110355193022777 -0.167763115078607
-0.175215440802772 -0.265955799016775 -0.166627270386891 -0.330314328878893
-0.0726721004239183 -0.323887208179059 -0.0350459554367892 -0.528069656841633
-0.0541224303840931 -0.477394655086583 -0.0820533392541815 -0.321539483783165
-0.105352870415834 -0.465685023313892 -0.101683879834612 -0.217032765644011
-0.321790659997603 -0.369337645245945 0.00794932071385903 -0.109142856317675
-0.453807503237199 -0.149756572035622 0.0568957450499889 0.00374934641670776
-0.413430037196829 0.0602069058918781 0.182145612006889 -0.0129292745589298
-0.31984750652759 0.205731234259734 0.234359559109128 -0.134608950454725
-0.198703641174697 0.304842203252267 0.208270535043372 -0.202711354704674
-0.133411118503575 0.294937451204626 0.178207146578488 -0.230575951457513
-0.113301127525361 0.332996111054833 0.160279592136815 -0.240410334065281
-0.228794720733282 0.305735798677263 0.174952429294163 -0.185185196749318
-0.316397974561995 0.224541224395035 0.169627060922995 -0.0809293946872431
-0.465989353340227 0.102456281072392 0.0220771785461791 -0.018752250380023
-0.479007497057583 -0.160747466764575 -0.107926912691295 -0.125702265432482
-0.300825967288415 -0.404777499591052 -0.13931583561845 -0.255841687381616
-0.159194532967816 -0.518542283838519 -0.0290678264027362 -0.380200812896749
-0.115125173573926 -0.578224996852513 -0.0622153248566022 -0.129817884041006
-0.204361802337071 -0.566485249659984 -0.0551979537230823 -0.0980238696207315
-0.456539591364357 -0.430488902035377 0.0390036180076892 -0.0932409320707042
-0.596646740325783 -0.152849051843825 0.0438251042351976 -0.0207687968225874
-0.528503846500123 0.0985833672546024 0.0878839877073602 -0.0200778431781849
-0.403852592801183 0.268517932833805 0.119392332650515 -0.0739924359323513
-0.249656525788025 0.384043925851535 0.105688721710045 -0.0855364633231308
-0.17819417380654 0.363055932247517 0.0979929129616349 -0.0908659106092762
-0.163108829120206 0.401535390157213 0.0892111032772611 -0.103565645873203
-0.308024656814883 0.364359713569047 0.113786690502981 -0.0701389990847223
-0.415526495678669 0.247680805248608 0.116602413554321 -0.00341395987476146
-0.571982865014044 0.088780358876353 0.00549066873133987 0.0285035237636768
-0.571611323791204 -0.204838716670764 -0.0842254582272405 -0.0717461910035739
-0.367741090395049 -0.486734887208276 -0.0780002352346691 -0.153348104253323
-0.215272932921333 -0.628686420761728 0.00378558740408737 -0.182490732215097
-0.166352394435511 -0.590810416657703 -0.0353258130759223 0.0956870843195545
-0.286587179925163 -0.568089960496739 0.00934410968197014 0.0538549810586346
-0.532682435167608 -0.405350111390658 0.068359151985184 -0.0536962552550946
-0.643860710044722 -0.107054976624855 0.0172282572074127 -0.0280397816036439
-0.552044738349368 0.132674927001848 -0.0240259200136543 -0.000764368415139076
-0.415711989774451 0.296864856047383 -0.0105271841443182 0.0175420462723163
-0.2575640500636 0.406097876282801 -0.00712427227815077 0.0549697479520738
-0.19801543274311 0.375198477896836 0.00485887663790979 0.0645488961884371
-0.198214486902803 0.406344202785039 0.00246575195823442 0.0465322437682779
-0.352106027041283 0.352453691670317 0.028659643036006 0.0535205264198878
-0.45887299378919 0.210325944682343 0.0359795454111632 0.0725882631983964
-0.586343081063642 0.026924585133032 -0.0226330625883978 0.0668207846573371
-0.554859391822254 -0.24302130998795 -0.0523264993860725 -0.016207572609418
-0.351409989398162 -0.501876176583764 -0.00206186641542533 -0.0404655227548419
-0.221737182340726 -0.643625602153748 0.0485360807240822 0.0326645009886714
-0.187351242799076 -0.507120023574663 -0.00426763204671939 0.315105441808129
-0.30308395004386 -0.466243955966993 0.0817535918002163 0.203997257101432
-0.491451719373033 -0.308936028963702 0.0860807345304938 0.00587428235826228
-0.552766599974662 -0.054817742877754 -0.0144714349614851 -0.00950971043521715
-0.471359146675803 0.131574809848425 -0.123923906817852 0.0433594582596259
-0.35749943516063 0.267569927595757 -0.125586979812307 0.123686940222188
-0.226971813805739 0.364234846350564 -0.110731899402266 0.193421137032697
-0.188121616055005 0.331360693191 -0.0897699728593609 0.208705484562427
-0.20230656688297 0.347295093289374 -0.0958466117525091 0.18168267421495
-0.34272463164161 0.28040038744446 -0.0751026487972125 0.152955303321371
-0.423365055096943 0.127545896789828 -0.0646495082752406 0.118014302177018
-0.488884826900547 -0.049319772499754 -0.0604598204312763 0.0769485014987747
-0.433141962553472 -0.247617932276346 -0.0276819620286383 0.0267676220243931
-0.26773107924698 -0.438233383331504 0.0611337073568894 0.0624763987509902
-0.190647941708844 -0.559577856669263 0.0864812267737378 0.230386065074483
-0.163039483988325 -0.343474185282033 0.0203423597312969 0.490421275040627
-0.237408034477551 -0.287032386463137 0.143072902653453 0.322715231828798
-0.33643843677842 -0.180453694320682 0.0945281569162398 0.0738473752634502
-0.355996000428799 -0.0265869733560421 -0.0349070427694868 0.0244995357838228
-0.316243592574323 0.0830542634160012 -0.186616885940284 0.0915182124436704
-0.251953985140615 0.185520545911673 -0.204230098937751 0.218592213232535
-0.167691551770461 0.261285871629846 -0.187366053366869 0.304243147475445
-0.150734837658906 0.237831368449725 -0.170946742281122 0.319258640514601
-0.171978044886328 0.240490750002426 -0.189908068536746 0.278408403200422
-0.272630994452691 0.173093916756778 -0.182804662415799 0.206670758613019
-0.312534029404551 0.0391152754878924 -0.163061643990196 0.116640553643887
-0.312970431384864 -0.0953278690910976 -0.0948434817830622 0.0543897334311438
-0.255065326614786 -0.194799702802934 -0.0114574509768841 0.0520675228387326
-0.160732587143846 -0.30182585732089 0.0992770137339924 0.142044422421269
-0.139982860195183 -0.396443933328908 0.109553066250893 0.383086830848126
-0.101247884056905 -0.125026247137079 0.0331881928907318 0.594646610195816
-0.107027268718766 -0.0804157963585818 0.185332883349855 0.393128872247852
-0.116148294064309 -0.0557135594648646 0.103244031693233 0.133353987928975
-0.115557823659329 -0.0273819438609041 -0.035908037211988 0.0546659288626602
-0.132376096181467 0.00466484117269046 -0.210378796582789 0.125653031249208
-0.123710188217673 0.0653969771609877 -0.238663321537093 0.279617943686385
-0.0931314235089144 0.115235957988156 -0.229829208112845 0.371106708832415
-0.0895366368149311 0.10886788439759 -0.225615356240927 0.381220129007065
-0.102252053631221 0.106273735491084 -0.262858949356075 0.32907373987744
-0.147921547550542 0.0638607481186061 -0.270644506688992 0.215166255433017
-0.151660321346998 -0.0173641112927695 -0.236520228932279 0.0771594842456649
-0.111111351115224 -0.0767276517301147 -0.109519333679477 0.0129226590213367
-0.0841093114685915 -0.0806285188584508 0.00284082435756767 0.0651412865011404
-0.0789603928154226 -0.115357071396888 0.1156023508155 0.196059348346468
-0.0981157427561939 -0.180659146528122 0.123259476974235 0.475169400651968
0.0387783382320051 -0.0973715864634535 -0.133039319803606 -0.48967839782457
0.0254823640004826 -0.101758614920962 -0.158125202163345 -0.276940633892112
-0.0542890162070575 -0.0758184292530441 -0.0317086182955724 -0.0735024649269236
-0.0818722904738741 -0.00250342962865521 0.0606862620297584 0.0347792426003574
-0.043749721431428 0.0363432995135646 0.253434427877756 0.00364984834858704
-0.0232089436025395 0.0430552054403114 0.321113741404281 -0.177146477876509
-0.00384944073234843 0.0428465831088964 0.293753890587846 -0.312051525030796
0.0105731648819122 0.0410690468771168 0.250102125454318 -0.378105734614723
0.0184104466637986 0.0523578273664065 0.223382634412825 -0.372521633176322
-0.00143851411945426 0.0616665923733439 0.218527692240706 -0.301690516918885
-0.024603653006129 0.0764561428508865 0.196671194891022 -0.174921612971071
-0.0943386908262779 0.0619893096066538 0.0525125346531791 -0.0901695023014064
-0.10382496383415 -0.0354850580567028 -0.0857898246558569 -0.177038225201708
-0.021603686530212 -0.0808554633154062 -0.148274717851881 -0.350643087646384
0.0224943203437384 -0.0720307479006588 -0.00275446907545958 -0.582133850970437
-0.000677550159995061 -0.294427834611368 -0.0954344881395731 -0.439980916912864
-0.0235707219804921 -0.290017247759273 -0.127639156213742 -0.269448022747179
-0.175871985605627 -0.230599390020771 -0.0167152841251894 -0.0979256057371464
-0.262914395656789 -0.0866184286930869 0.0588743302456271 0.0263375431661864
-0.231537510413301 0.0424330765390967 0.233983814088378 0.00251749880029157
-0.176693804065774 0.125062972992462 0.298032848383316 -0.160688145579873
-0.107103953324924 0.179464331737842 0.271749665679191 -0.273895796895023
-0.0680798049552712 0.175713042329539 0.231409845962794 -0.326460187818519
-0.0512478603038174 0.200788282814187 0.205802029019888 -0.326271196350688
-0.121595160676889 0.189966577571948 0.209078658105353 -0.259101658656285
-0.177385348529597 0.152986065328452 0.191813276782134 -0.137184929605615
-0.287612727682991 0.0816537258575925 0.0340617198872911 -0.0591131571232068
-0.300874838168132 -0.105698791430116 -0.106341285436323 -0.162261816419506
-0.164828812679392 -0.257822916626545 -0.15780476334474 -0.319930905515608
-0.0659673187934742 -0.31037749114564 -0.0267565196436366 -0.51034362336884
-0.0470247454992688 -0.459387206318754 -0.0727431401561029 -0.316471170440222
-0.0937397237230297 -0.45224618461372 -0.0942456511189524 -0.208803757952241
-0.305605309553873 -0.356759950378688 0.00783110789129329 -0.106445957791772
-0.435942721421584 -0.14751760340058 0.0555311562833309 0.00391688129234642
-0.400447318805589 0.0579407532532614 0.177336974993246 -0.0118222990355313
-0.30976788016099 0.197782975069847 0.225454211047053 -0.128370024244142
-0.194413793755167 0.293535130499551 0.20562239184855 -0.195016993245418
-0.133405526757183 0.28374418112144 0.175679889679146 -0.223572633423578
-0.111999522714151 0.317778605450202 0.157155344716942 -0.230268836357602
-0.224472987395957 0.294328188728821 0.172902439686463 -0.17807683354184
-0.308751839563319 0.21606110067298 0.164691210164531 -0.0788825039178462
-0.450881987688495 0.0943221240095524 0.0195081768389987 -0.0166406899784559
-0.46313682008815 -0.159253024556013 -0.103603907923021 -0.122778653141305
-0.285393379304948 -0.392571803766493 -0.1325960796936 -0.249037934339097
-0.148210688133116 -0.496776200127266 -0.0206766454018539 -0.367355552931861
-0.103268420154079 -0.556900602579016 -0.0570266375900376 -0.13143286668207
-0.187784768789091 -0.549342683293998 -0.0509424303236152 -0.0957326763385929
-0.435832879154964 -0.415784007410679 0.0382781046403495 -0.0918003991794181
-0.573672513746501 -0.149627329230812 0.0437557628340299 -0.0199607662235313
-0.513326991051342 0.0934865003596103 0.0861208353601914 -0.0198474610729063
-0.392488716541659 0.258343366554328 0.11367880462244 -0.0712931990283376
-0.243556256211238 0.367686108942536 0.106835026918915 -0.0819502453904931
-0.177055441998359 0.349788925795228 0.0976891196924515 -0.0878367854698471
-0.16082145163281 0.383371359375974 0.0879131707082838 -0.0982813340331371
-0.301197679432831 0.349701806005838 0.112751766261853 -0.0670668012403803
-0.405126636880781 0.237935754429921 0.113433748664468 -0.00513925091253768
-0.553355540207003 0.0792883723610886 0.00237649811586516 0.0289406463715815
-0.550991903518907 -0.202249701784563 -0.0809149220649276 -0.0709110564286914
-0.348686071251116 -0.471939079783249 -0.0752841782656817 -0.150138644716361
-0.199507220117209 -0.603151940904375 0.00832541661772997 -0.174881352207412
-0.151169861645307 -0.573674149233808 -0.0346322629272445 0.086686858210544
-0.27069757485449 -0.552766424420848 0.00951330402096084 0.0509021309747183
-0.511273506461855 -0.392707487245277 0.067056884790191 -0.0532403523439491
-0.621430090833175 -0.105622095433135 0.0184981595027849 -0.027629194076305
-0.536891530927206 0.12765444617572 -0.0223653828157777 -0.00176047075059373
-0.404565747777829 0.285219311862915 -0.0128190092491304 0.0160501127970145
-0.251837105554315 0.389576643627459 -0.00320964388803195 0.0527317703653312
-0.194549582590784 0.361608187340144 0.00591745760956783 0.0625798655341257
-0.193346596038584 0.386841801598055 0.00164748815192996 0.0469389652544884
-0.343300804027129 0.338620979097884 0.0291404493692951 0.0513352953898286
-0.4460664350052 0.202634431136188 0.035184793959078 0.0671657712837207
-0.564121670696907 0.0219444209481511 -0.0250093294924724 0.0644743859975487
-0.534354596272237 -0.237342791227558 -0.0502899183561398 -0.0177378543867659
-0.332337182117009 -0.487297569850744 -0.00319214960620013 -0.04077469073119
-0.206779048609833 -0.615955657380558 0.0490219569248675 0.0332124163251583
-0.173041235062453 -0.493726392424763 -0.00816782034381284 0.299651179061064
-0.286734771680827 -0.454171025526329 0.0768197664263157 0.195556976542954
-0.473350637921526 -0.29961350332387 0.0840104845044057 0.00440703005739522
-0.534825500630975 -0.0531175819532143 -0.0125849842638068 -0.0105337281111369
-0.45888642433201 0.127048652574608 -0.119717058447311 0.0397552969438685
-0.348587904866207 0.258284853667359 -0.124201685596559 0.117758520542162
-0.221583017973711 0.34748627265322 -0.10440329152277 0.186633623940721
-0.185663898376458 0.317937005668842 -0.0861898727245008 0.202422097777449
-0.198028946586305 0.330828090541785 -0.0937084481706244 0.176802240097277
-0.333284817873175 0.269010010707388 -0.0728089286822648 0.147007457283227
-0.410045776932857 0.122962513207285 -0.0619797318312005 0.110370506180996
-0.46981335241822 -0.0521902951380661 -0.0612586258819478 0.0741361272334922
-0.415936486110761 -0.239433024643471 -0.0264922436465375 0.0235442304463021
-0.254228677025778 -0.423081244931966 0.0571052447321323 0.0590073265221037
-0.178057152596158 -0.535078527905983 0.0829664128435525 0.224470135615857
-0.152970216006643 -0.336737832178357 0.0124482271678911 0.470719807741208
-0.227177048108208 -0.280937134869358 0.134265747665799 0.310121676048123
-0.326661488344439 -0.174141343004268 0.0919654992100838 0.0710026569997646
-0.345228722572664 -0.0253439815115574 -0.0331853923886131 0.0222725738856202
-0.308463671912083 0.0814036486695031 -0.181680043713001 0.086280156744069
-0.24594467597948 0.178731164871646 -0.200931809843147 0.208385449126315
-0.164086434112566 0.249659965888295 -0.1807410196086 0.293782851582286
-0.148277977558018 0.228473195640586 -0.166649290475545 0.310566571233602
-0.166514099845339 0.228769549807903 -0.185976131694193 0.270079626781326
-0.263677783089475 0.165490490372277 -0.178062277196928 0.198073841198048
-0.302829707939856 0.0367116157532552 -0.157297726302548 0.108696715277864
-0.300448804320335 -0.0941337126946348 -0.0940077395329295 0.0516065857667792
-0.243420466448437 -0.186498358330227 -0.0111106827082482 0.0480936996426214
-0.153132696304771 -0.291968155394001 0.0926683542444572 0.13600973394906
-0.132380792500141 -0.380052756965867 0.102237089358512 0.372548260263534
-0.09543972860369 -0.124643631658358 0.0240821336796134 0.573121515298216
-0.104063120262892 -0.0790529096880791 0.174070530043645 0.379606384390099
-0.114699899405105 -0.0529098491214858 0.0999722829441987 0.12909571497984
-0.112651747583656 -0.0257891944188281 -0.0344835216338746 0.0513765438364479
-0.129590497173797 0.00535879411306683 -0.205075891683794 0.119846368113913
-0.120988482262125 0.0629943469468384 -0.234242852600083 0.267509087029519
-0.0899379962179259 0.109079725195662 -0.223649686562249 0.357786360130356
-0.0869200936213183 0.104838861570301 -0.220500523222822 0.370881684067526
-0.0991007870617343 0.101473824147043 -0.256535746191146 0.317605995277042
-0.141998696481929 0.0602291364582792 -0.264169264556143 0.205323897474744
-0.145985226705903 -0.0169751835057556 -0.228993749590082 0.0711934227625644
-0.105466222382717 -0.0735425774665324 -0.106626698433518 0.0106611244450835
-0.0799737435340109 -0.0757542529298177 0.00312914947482906 0.0615239994873972
-0.0760815183748591 -0.111760600160121 0.107426109329641 0.188225546197498
-0.0941587638956623 -0.173121114722517 0.113002883203265 0.461639625060838
0.041671679757716 -0.0940229752006006 -0.116726212226443 -0.496809885649705
0.0315531032884667 -0.101896857518908 -0.148869691626875 -0.278934108188324
-0.0509768672597528 -0.0787609093081191 -0.031053879825521 -0.0742606849908324
-0.0814281797488931 -0.00541129613118905 0.0597120870637969 0.0368784444913981
-0.0450810441703643 0.0349709870500635 0.256147686306435 0.00962579193501317
-0.0228311056237927 0.0426473797583632 0.326151711743609 -0.169271184255077
-0.00512155393381277 0.0443704615189561 0.302520606762544 -0.307446898802639
0.0086881702209511 0.041216467639873 0.260764928645451 -0.378108517387545
0.0163327175175723 0.0530853302376137 0.235796314569115 -0.369542892046233
-0.00472577132682612 0.0628336940343777 0.228164606148356 -0.297269743838851
-0.0271279095563059 0.0755932093836126 0.20128411063589 -0.170288376743383
-0.0969938286245266 0.0587307317619226 0.0548963224185503 -0.0881443463371998
-0.104360626601637 -0.0389461803061965 -0.0822862453452468 -0.178504785721339
-0.0175041536807072 -0.0820494977007956 -0.139541692010068 -0.354078843234124
0.0257387014539873 -0.0712631823105341 0.0143080782094826 -0.582933141211923
0.00818021687325531 -0.29238271780296 -0.0809538108124764 -0.447350163129866
-0.0131038329816857 -0.292234447467128 -0.118001524513247 -0.271322617764803
-0.169297632266904 -0.235168942393907 -0.0153444062154996 -0.0988755520361535
-0.260660506823178 -0.0922028940313513 0.0582932199508603 0.0279165120794385
-0.234215682168302 0.0376979339243029 0.236105738515969 0.00776769444895644
-0.179098897584303 0.122033108351388 0.302768010238287 -0.153164294829442
-0.112630762055956 0.178294350148609 0.281736882390404 -0.268905688289691
-0.0741069506027664 0.174726264451114 0.241166563923754 -0.325715477552237
-0.0577011018290376 0.198628453349601 0.215854635917733 -0.322124303331428
-0.129020208160923 0.188761045975228 0.218407867953104 -0.254649784849732
-0.182264498670536 0.149735338887206 0.195647830470337 -0.132896813924665
-0.291147514277266 0.0734597636251576 0.0346726283996186 -0.056754287542488
-0.300716543649675 -0.113610222029141 -0.103206739329455 -0.165148838751811
-0.155477883154279 -0.262701987257158 -0.150110879936264 -0.325550664118562
-0.0565176980925292 -0.310305605693093 -0.00885035719736809 -0.510301108074507
-0.0326044011615152 -0.459939656623307 -0.0623409171090935 -0.323379182142573
-0.0796155984406816 -0.456900767553282 -0.0866379882483855 -0.211241488677422
-0.296672340501334 -0.363310873697321 0.0105615504818572 -0.1081268345527
-0.433084331685778 -0.155998813987225 0.05572551592921 0.00489363100280876
-0.404049050124343 0.0498051518091166 0.17974026573982 -0.00770414980448583
-0.315889652490435 0.192420112159507 0.228198718723694 -0.123672242258116
-0.20304160185934 0.288951370441599 0.214192521540907 -0.191303247337532
-0.142414529498882 0.282327199103588 0.18370620149649 -0.222286468415896
-0.121885078474841 0.314268823870394 0.165236046949114 -0.226094714886786
-0.233359571392884 0.291412404842693 0.180648934613011 -0.17463967691906
-0.316085766745308 0.209729960245713 0.167424035456543 -0.0764618117213761
-0.455049967598697 0.0822005418331374 0.018450729513908 -0.0143605707184658
-0.460967961597974 -0.169983842138938 -0.101828887407846 -0.126043127220368
-0.27292423885202 -0.399440971239334 -0.126756429218389 -0.253651868214554
-0.133299670554358 -0.498404753833883 -0.00870586434676062 -0.367521093710219
-0.0878390675027981 -0.561385933185133 -0.0522337997168728 -0.139130127579128
-0.173122284745536 -0.557132971663542 -0.0468270394352603 -0.0972520662127039
-0.426513483885197 -0.424826489226619 0.041208563095848 -0.0929380595818633
-0.570916285819938 -0.160958891789239 0.0451659895129436 -0.0193937956152158
-0.518859807356283 0.0851033058065077 0.0889491470183103 -0.0184074272724918
-0.399284296048262 0.251146214489712 0.114125176224721 -0.0689217168379471
-0.253505578165266 0.361566045716815 0.112927346354558 -0.0801791224919798
-0.187933048619817 0.34695591505377 0.102212107538642 -0.0867444448542063
-0.172285482256356 0.377778718951121 0.0918099569201757 -0.0947266784133941
-0.311869249619689 0.344509153623147 0.117113797812766 -0.064983215006296
-0.412972714059621 0.230332989407779 0.114334414893699 -0.00478476978265589
-0.557487183891067 0.0657137024689626 -0.000171358579424928 0.0308128374699835
-0.550081614951039 -0.214155665439068 -0.0796894701672495 -0.0741279887555139
-0.333806876337785 -0.482269096140701 -0.071634597323673 -0.153533040740594
-0.182062593671042 -0.604891657237351 0.0158960732386829 -0.173806023399417
-0.135481656095276 -0.580198453910577 -0.0374873645546327 0.080708876935301
-0.254135669099669 -0.564183779692557 0.00898560184723857 0.0503288275714168
-0.503590634614236 -0.403341161116412 0.069425593931596 -0.0537262480442781
-0.620225262644434 -0.117485289474673 0.0207212097610596 -0.0281814090613714
-0.542591974606697 0.118816825615876 -0.0206818619065385 -0.00331554030273488
-0.412409196117873 0.278589018836732 -0.0149618737151096 0.0153238568787087
-0.262869862896271 0.382192751400382 -5.18190172376803E-05 0.0528199526742291
-0.206256616800678 0.358792906459311 0.00695967079917599 0.0632169675009301
-0.204979570262763 0.379741896456508 0.00131744479875538 0.0491174004239173
-0.353785115793297 0.331143903736171 0.0300325071806182 0.0518087708818387
-0.453115176848298 0.192757658633209 0.0340791362387458 0.065658116186316
-0.566462784663538 0.00698720587601903 -0.02944064192721 0.0655705515334153
-0.529661986056745 -0.248915094837456 -0.0500279567511294 -0.0213406759202782
-0.318021209766692 -0.495286170838777 -0.00326727033890595 -0.0425808978767133
-0.18933146604211 -0.617273425103622 0.0505691331438796 0.0359821441234894
-0.158228514129386 -0.501918554018679 -0.0188940815070876 0.296572633636538
-0.276906992487562 -0.46603485391427 0.0715790217618142 0.196125398676364
-0.469415860508164 -0.308132750987067 0.0852824186900644 0.00402287777313759
-0.537113199747017 -0.0638865608211905 -0.0109349762784994 -0.0122001160594538
-0.464958195413687 0.120209506656877 -0.120292933699241 0.03580671652785
-0.358042406623958 0.252190880442796 -0.129885397160309 0.114636709474116
-0.23087885964256 0.341914821977362 -0.105059159938674 0.184918541061393
-0.194626969766775 0.314552491143739 -0.0900046214958448 0.202604375702146
-0.206995195202879 0.324569589640052 -0.0981788474282242 0.177358841752082
-0.340437582479283 0.261528536548066 -0.0756605341338197 0.144795681796979
-0.414683486222101 0.115757915692836 -0.0642381038993385 0.106048517359865
-0.469570211002867 -0.0635537747891037 -0.0657121996514526 0.0727929818491845
-0.410346287243481 -0.247637223450062 -0.0271411117049191 0.0205644834540289
-0.241816083585665 -0.431384399754424 0.0539114544033192 0.0587494712794753
-0.162243279300506 -0.535897133074357 0.0787294896717414 0.228256637069675
-0.143752926593001 -0.34457287619248 -0.00424766353596778 0.471280199923671
-0.221099587878447 -0.289691813654123 0.124754871257557 0.312735749695299
-0.32557981196468 -0.180547759546598 0.0914589532868062 0.0711780378300109
-0.347558307686347 -0.0303495781579315 -0.0324064802530388 0.0202646252555403
-0.312291048901943 0.0769605510621003 -0.185550054566465 0.0815645397407956
-0.252611532127633 0.175002716380915 -0.208931049774806 0.203038536434207
-0.170310111153652 0.244381477639761 -0.186537733706585 0.291424576365107
-0.154204656112408 0.225728366527079 -0.173361814384675 0.309921630999593
-0.17265576613454 0.223733625035621 -0.193202539801413 0.269020934177955
-0.268130840656817 0.159594609882246 -0.183724836244209 0.194102200286068
-0.304632990484556 0.0318882914699952 -0.160414074429535 0.102992295240161
-0.297412599239388 -0.101280175195343 -0.0973047147642264 0.0489462019105633
-0.238690348369018 -0.190311171769455 -0.011903457556301 0.0455370414855554
-0.145711761789779 -0.295507789647898 0.0879052177796557 0.137441427391131
-0.121047074270359 -0.380139975756249 0.0922352162158536 0.378492373472549
-0.0926998486832058 -0.131127889545572 0.00342985557218328 0.574998262081651
-0.103811205191136 -0.0832012894492593 0.161860282608957 0.383445534121015
-0.116549094314415 -0.0537120012353845 0.0983137538190803 0.129969296436658
-0.113543795030094 -0.0262701559112209 -0.0354639019615238 0.0498390945366238
-0.130987236257449 0.00311885876379088 -0.210453669761235 0.114850507227259
-0.123888497863466 0.0609548113345866 -0.242654507463611 0.261668226799529
-0.0928835581811784 0.105857177052638 -0.232274454590648 0.354560547521879
-0.0891813809105909 0.103069811338612 -0.230199984236281 0.370108206921148
-0.10054114242874 0.0979713356010467 -0.266937963505314 0.314347978500216
-0.142885957067776 0.0572643009875112 -0.270525341718702 0.199301928149126
-0.145607958393482 -0.0189618302570994 -0.232208562268495 0.0643714619193261
-0.102711232251041 -0.0753323880891542 -0.10800902100209 0.00730431207340038
-0.077714873759191 -0.0758239221146717 0.00220984027175295 0.0600015033133919
-0.0747877708881613 -0.113311118424175 0.100779560143637 0.190593983950701
-0.0905352658654491 -0.174075596846595 0.0996784695744565 0.46820654088052
0.0453239512794839 -0.0948041523895685 -0.110212795358242 -0.523061955592303
0.0367944031732572 -0.106982193587557 -0.147799202453299 -0.289891758392506
-0.0508160629689993 -0.0841048259149598 -0.0324833701904318 -0.0769474653407794
-0.0842878347216722 -0.00755907507178114 0.0613767969701399 0.0394884726935628
-0.0479265731700443 0.0360016965082944 0.269027657588623 0.0122020049855021
-0.023132376390436 0.0441812619049793 0.343540174285981 -0.172238904976171
-0.00595546688069217 0.0474926022686054 0.320093419666363 -0.317905302058534
0.00761022765696858 0.0438101572234514 0.276836544842974 -0.394664834342626
0.0153829784957341 0.0553945629819323 0.252075483917193 -0.383926010515096
-0.00678438460790173 0.0663949020585642 0.243381171159179 -0.306419116862557
-0.0294876674797653 0.0778054214214506 0.212056651472221 -0.173792985534847
-0.102607577715238 0.0588773178971906 0.0587387640879013 -0.0906925650410639
-0.109357688260326 -0.0429321962441845 -0.0842418786304965 -0.186436795899545
-0.0144749671495823 -0.0871300975371675 -0.139350329267441 -0.369859105027311
0.0290665976034826 -0.0743336660013552 0.0268836237374424 -0.607357373696622
0.0141712708769866 -0.302420602824198 -0.0747183678970286 -0.472832206388068
-0.00686774897894184 -0.306330313871669 -0.116234079110235 -0.281993508173138
-0.171701933276677 -0.246664481116043 -0.0155286617179043 -0.103060852902429
-0.269364013324161 -0.0998897762257783 0.0609017858452539 0.030257056798422
-0.245698446061681 0.0378356429032069 0.248870864755761 0.0103053250434159
-0.188210933310835 0.125436823806399 0.317730254282061 -0.155707758096429
-0.119968739031088 0.185239602194181 0.299774858124986 -0.277430848701794
-0.0807784184260372 0.183098762766495 0.256813533784407 -0.340519090609154
-0.0645167891903562 0.205752925914286 0.231995882896013 -0.3345295072252
-0.138040860537983 0.19700199072622 0.233481277158486 -0.263420094913396
-0.193041355025853 0.154023665439374 0.206091127208587 -0.135888093059632
-0.306326480518844 0.0709212395297849 0.0361444904213891 -0.0574904123077502
-0.313467740253855 -0.122388642716682 -0.106137406406048 -0.173167854720509
-0.15531884476518 -0.277029966252392 -0.151492293508075 -0.341356849742785
-0.052267728686311 -0.323488833625057 0.000859823631377068 -0.53359313496386
-0.0265467210088801 -0.477506140925949 -0.0577620005061438 -0.344804189966353
-0.0737327137066024 -0.478908571653904 -0.0840900220847524 -0.219935167805469
-0.302200739091702 -0.380342340640643 0.0115751592134242 -0.113412785245235
-0.449390315365822 -0.166629795053863 0.0592974789545008 0.0058760381396392
-0.423764912617844 0.0488151733281158 0.191056756960612 -0.00637424696284537
-0.330471529877811 0.197492516609219 0.238682675198217 -0.12507600289255
-0.21525005867765 0.298566079710334 0.228656532550722 -0.197999324876769
-0.153743117274073 0.293436733050796 0.196335009574081 -0.232902535619134
-0.13282614015753 0.324058389521212 0.176734715512578 -0.233644444277393
-0.248597434843542 0.302122737055895 0.193134518907762 -0.180429929845256
-0.33289781312844 0.215130631271174 0.176051437426189 -0.0790196963151733
-0.476820423594455 0.0787585657544032 0.0176256430809947 -0.0124881086851145
-0.480585857250266 -0.182226676326948 -0.105305869868767 -0.133739498944618
-0.275457541356165 -0.422225198559329 -0.129475321914713 -0.266597094523847
-0.129102181892083 -0.518468957979932 -0.000439150738856913 -0.38380491057543
-0.0805315181043802 -0.585776415930488 -0.0525094931741333 -0.151550940721678
-0.16952123088114 -0.584957928156612 -0.0452745818068465 -0.102026325791058
-0.43890720615748 -0.445806209134155 0.0444744296821144 -0.0980445437157449
-0.593550731892823 -0.171494919759484 0.0489749205907785 -0.0203535956723669
-0.544129736652177 0.0844050939452811 0.0958945999319909 -0.0186277723486826
-0.41871213926898 0.257925909610196 0.118437286273515 -0.0698005700011848
-0.270804242505046 0.373178371992887 0.123738881164712 -0.0830966387202181
-0.202786074468491 0.36006200334954 0.110304920945943 -0.090636161304475
-0.187209578015352 0.389134469566767 0.0981656309154742 -0.0960311332019218
-0.33183930896128 0.357117825015122 0.125527528596004 -0.0670958323521942
-0.43392066734842 0.236417621819185 0.119838289397481 -0.0054763410742861
-0.583763197024374 0.0570008589583049 -0.00327665921715063 0.0353299482198113
-0.571837466380509 -0.229040551595668 -0.0833714571748793 -0.0800579415699929
-0.338084951219971 -0.508227327937555 -0.0739838776308435 -0.162421418388958
-0.176461883238725 -0.629098810418819 0.0219500240174952 -0.180602053289365
-0.130727357725739 -0.607331458762457 -0.0421957107111085 0.0785987923731231
-0.257209283571511 -0.594763356266033 0.00928508662084904 0.0518577137592206
-0.519625103456876 -0.423862762455571 0.0735491318327375 -0.0574811258295381
-0.645114155748981 -0.127140023276442 0.024090653414547 -0.0296983063843708
-0.569215038046919 0.119828421674392 -0.0197930852556015 -0.00455151301050882
-0.434643907614027 0.287051883461809 -0.0177754904212328 0.0158396943175235
-0.279854304632167 0.3943570398181 0.00406149573839274 0.0543591389934476
-0.221815665670372 0.372007768207004 0.00952426882570135 0.0655343676061023
-0.219967262518629 0.391011262671269 0.00194641143423802 0.0535481563349113
-0.375393884336216 0.341707278387715 0.0319170305956144 0.0532552949403165
-0.47568938471596 0.197761347658326 0.0351532204739958 0.0659368014036764
-0.591791831081701 -0.00209588958381419 -0.0342543537690277 0.0703801739853095
-0.549500949666037 -0.263446603610243 -0.0534536023441533 -0.0250084902015204
-0.32127878162846 -0.519445981992405 -0.00429833859638033 -0.0468302029218217
-0.184853823387287 -0.641308830217943 0.0542597358706746 0.0389039882366764
-0.157376123452014 -0.528345830222535 -0.0271205542140105 0.305482260592248
-0.281585648855973 -0.492356323059398 0.0718298219169378 0.204570172926984
-0.487610550879044 -0.326212524236902 0.0901891069633496 0.00332928423542932
-0.55901207374069 -0.0698363385776268 -0.0094281530018898 -0.0139096773426298
-0.487221498052944 0.121917198873425 -0.125675346203398 0.0355523954822707
-0.378222239816634 0.261559955983759 -0.139206609830039 0.117740244694092
-0.247161597142491 0.351658052018877 -0.107679835943424 0.191064983131341
-0.208613055395788 0.326337204325287 -0.0934523762849467 0.211241992336062
-0.221813712667243 0.333144358972609 -0.10379126739969 0.186640028001389
-0.359707284931059 0.268319903831467 -0.0803986350899915 0.149064178078793
-0.434915143241482 0.115982243344548 -0.0686481113749572 0.107326409217391
-0.489487363310956 -0.0739380331673381 -0.0724865900175001 0.0769114202356657
-0.423748113638611 -0.260710939326737 -0.029850765014479 0.0185847578608577
-0.243993792247993 -0.450081889162505 0.0539132939808095 0.0594192559940513
-0.158792932421671 -0.558300492556901 0.0793192283160461 0.24079451802569
-0.145416722390163 -0.364625732002931 -0.0144618667952327 0.489028976589452
-0.228052870259728 -0.307523210024188 0.123486767920745 0.326166311018823
-0.339767721058145 -0.189485562682506 0.0959144359072013 0.0727890972976124
-0.362936081600342 -0.0331479739239016 -0.0332435132938412 0.0197604403048503
-0.328371280306626 0.0788172236648393 -0.195059567284433 0.0828674121389175
-0.266811390916023 0.181338742758132 -0.222759199969617 0.208940041835083
-0.182086214303394 0.250968830094985 -0.194898073716704 0.301441885396689
-0.163858496188374 0.233205572977538 -0.183411426632803 0.324147697740734
-0.183353214992324 0.228999537744947 -0.205502656383186 0.280785133340588
-0.282053507020854 0.162452529729335 -0.19423833226498 0.199639605138232
-0.317991740347249 0.0302643786884012 -0.168941963550561 0.10282085484199
-0.307807913846301 -0.108729919977883 -0.104324647404327 0.0497528366779471
-0.245419030522045 -0.198651205748461 -0.0135254508816843 0.0450449221398959
-0.146609237620113 -0.308229989341269 0.0876144922695709 0.141944419282722
-0.120569169517407 -0.394636798337333 0.0916362318725761 0.397881606911829
-0.0953863194373112 -0.141594381738672 -0.00885521276668291 0.601509129345947
-0.108981239988143 -0.0888723328689612 0.160515908027524 0.399863867437008
-0.122815797774668 -0.0546919808810826 0.10163557935386 0.13511064138431
-0.118637875455843 -0.0262839560641451 -0.0376585997128652 0.0513210765674434
-0.137540312473656 0.00351340209406659 -0.222230875868551 0.118001791106322
-0.130302452462398 0.0628841455400541 -0.259178327624635 0.27014082664909
-0.098483765938666 0.107741482813142 -0.244846306760086 0.367898433184106
-0.0941207000549422 0.106185679796305 -0.24418101408263 0.386727237213968
-0.106043581823543 0.0995785205916453 -0.282867300735404 0.327393322782456
-0.149176923487804 0.0573607409286889 -0.286125136793741 0.204508427244094
-0.151304295433002 -0.0207318804609045 -0.243467378728038 0.0628077229131721
-0.104548125485046 -0.0788937818092955 -0.113726948300261 0.00574989916834851
-0.0794117540823918 -0.0771137866278428 0.00152334750360326 0.0608504899752401
-0.0782382765217279 -0.11806210048066 0.100873489393162 0.198770476885482
-0.0914623344839021 -0.18126192086598 0.0958877927719627 0.491893758406082
0.0476373263159472 -0.0992923304971238 -0.125781983063599 -0.558572287440418
0.0389464282707824 -0.116757867622159 -0.16104386379092 -0.3024861239915
-0.0552465623306271 -0.0900809853227517 -0.0372074015953947 -0.0799917296380918
-0.0896448017750913 -0.00735917584995949 0.0661582462332441 0.0411734645727632
-0.0508814522077774 0.0396392994461735 0.289456465849246 0.0039945359560502
-0.0225348745102995 0.047117570161976 0.363703728576606 -0.192510116265662
-0.00448448643856321 0.0519445849171421 0.33238444561371 -0.347394396896419
0.00854819159684685 0.0474965555798263 0.284287912095427 -0.432136649028067
0.0169282094473312 0.0591860947170414 0.26084348934272 -0.41856028715095
-0.00668178474682257 0.071733590951872 0.253281113098199 -0.33298173838445
-0.0306194036149011 0.083048331633101 0.221911107141424 -0.189350961927236
-0.10922867363912 0.063781503996307 0.0601199075694044 -0.097417976976718
-0.118599275360467 -0.0441632893608321 -0.0944667982331391 -0.195876556287722
-0.0154413853281786 -0.0942696118140039 -0.156292306508318 -0.389372280013975
0.0296253832131604 -0.0806541984788156 0.0173054778498879 -0.648037441634542
0.00900289770548316 -0.320703482569773 -0.08713668145622 -0.507039639498713
-0.0127342568667757 -0.327593515584074 -0.126264045283482 -0.295705798934236
-0.187324185534997 -0.258390907843845 -0.019803923932024 -0.109341018407443
-0.288140812081823 -0.0994139722619654 0.0653712263462046 0.0310134795848103
-0.262019319616386 0.0484659560727677 0.268873801127634 0.00294452032695383
-0.196143435861206 0.139399987487157 0.335701707298669 -0.174346186702324
-0.123220330408847 0.200762205067581 0.313880540663181 -0.305268873188728
-0.0823417164531468 0.198443135453775 0.264350141852129 -0.373537206567239
-0.0652793679489659 0.220810340446514 0.240119515870329 -0.364949972423599
-0.143649894739921 0.214882489016546 0.244606904424195 -0.287450784295758
-0.203245047485579 0.169685896878155 0.216687536837835 -0.150835425368695
-0.327198413660181 0.0818859893522224 0.0365920396721407 -0.0598724797132106
-0.338675891558829 -0.122444721993929 -0.118645844581035 -0.181804965119282
-0.169968285455831 -0.293449630122207 -0.168887913291778 -0.358877016051093
-0.0622237211901908 -0.343103334829053 -0.00906056551964007 -0.568245667406761
-0.0372497146918223 -0.507080090222518 -0.0687294716777254 -0.371480786274076
-0.0874951371699852 -0.510814548471336 -0.0916422878515271 -0.231326594580878
-0.32982300484357 -0.3958467948887 0.00888381599643844 -0.121523798345995
-0.480417561206318 -0.164607796348166 0.0636226156687433 0.00508905612944776
-0.451533419012528 0.0667669935053483 0.206737672805882 -0.0135525803705181
-0.347071721454555 0.221265047905886 0.251772556868771 -0.138930314000095
-0.222522676973938 0.324873795556596 0.242807898253917 -0.218361484988402
-0.15753219712514 0.318332318642879 0.203951118172459 -0.256443270873858
-0.135362768827636 0.348478447736905 0.184895834140045 -0.25435925140381
-0.259344229785178 0.330129011230729 0.20330434993179 -0.198338052897065
-0.350815923071473 0.238809465834284 0.186184713597334 -0.089878996283411
-0.507847311825578 0.093890666545587 0.0170365424254457 -0.0103598520177045
-0.517891563161559 -0.181281463725376 -0.117639479787558 -0.140503006674732
-0.299945410616046 -0.444790707571697 -0.145466393871291 -0.281400254965627
-0.148051014558558 -0.546409339588185 -0.00602286780779097 -0.407802579368624
-0.0983491231403923 -0.622622465519157 -0.0603399417171663 -0.16578194069593
-0.194130467567651 -0.621981710769741 -0.0481036999789954 -0.107693541094944
-0.477759780131326 -0.462348981429704 0.0445321467875121 -0.107284565254235
-0.635343770806318 -0.167145619451948 0.0531544656952466 -0.0229791478885077
-0.578584324042787 0.108809576819789 0.104731575643239 -0.0239048269881597
-0.440822737730507 0.288670982671692 0.124237078908883 -0.0766883734255896
-0.279888172253424 0.404694179669813 0.134185145846752 -0.0934045734361614
-0.208521985417387 0.390360152145004 0.117270396320901 -0.101558596197711
-0.192098260644816 0.418931286480285 0.104474229859708 -0.104238769588882
-0.346731432689945 0.389401811052411 0.133870572585439 -0.0766713158450163
-0.458564020504339 0.26449815752203 0.128035769689757 -0.0116187654845723
-0.623478345067903 0.0745606142410023 -0.0040752928053874 0.0407995643397252
-0.614736093536226 -0.227485847851853 -0.0933518367768416 -0.0843167080499492
-0.369106472101771 -0.534433217434922 -0.0846422441287878 -0.172384879783358
-0.200777612811228 -0.663167681139471 0.0215500358392056 -0.192923203877499
-0.152740521246078 -0.646656955795814 -0.045693004702372 0.0812409613195041
-0.288652762953604 -0.63044744263922 0.0121204532060251 0.0544668030629191
-0.565487215635917 -0.435888774198071 0.0770880967461659 -0.0656802422651235
-0.689744367990144 -0.117352550145395 0.026437904907544 -0.033221301019334
-0.604876900949305 0.146795194757645 -0.0184738084802662 -0.00537798322369895
-0.457843222115384 0.320201191118935 -0.0197907163211267 0.0183715784322943
-0.292498676251374 0.426292318820916 0.0104842572687085 0.0562921188425422
-0.226628401288542 0.403000991607997 0.0141886654048783 0.0689147011307639
-0.227123005696116 0.42024870629274 0.00514165211092581 0.0591371281389766
-0.391962570323726 0.3744487524561 0.0362648806075226 0.0546332406886582
-0.503231636058247 0.224491759963813 0.0390220031209051 0.0665156538928354
-0.632904592021013 0.0105370310880736 -0.0371287448689855 0.0793036138553554
-0.591615404749855 -0.266024077639802 -0.0601994307678261 -0.0269835603240891
-0.35293360746032 -0.546967814805256 -0.00808508214463057 -0.0507633879408976
-0.209672964630928 -0.676135850723139 0.0605818937914921 0.0417984001103432
-0.180441647901026 -0.561760095197683 -0.0247976262513722 0.324064719020714
-0.31364225333934 -0.521480722509882 0.0800236787192959 0.216051202814306
-0.529381860587446 -0.333329555081897 0.0965411803538371 -0.00182032106396374
-0.59849444732284 -0.0558760850957343 -0.00837731007331729 -0.0161723949649406
-0.518135434049531 0.147091056814511 -0.131984374365921 0.0402194478015936
-0.396701530113729 0.290593772456495 -0.147075306495693 0.130047980619692
-0.256310485757611 0.379686333455094 -0.105891464527891 0.205784557636278
-0.214289125045154 0.354126931410817 -0.0908912958895502 0.228334521531495
-0.2298084259227 0.358485897248631 -0.104879092624036 0.20423551592569
-0.377669592652324 0.296409935234972 -0.0817068651831084 0.160386015195647
-0.460515058090008 0.137031998689615 -0.0708018783356588 0.112874894886953
-0.524508727890034 -0.0665992385352236 -0.0774315739430387 0.0859195206703024
-0.456584668171875 -0.264832710686696 -0.0335332306742109 0.0182536739560236
-0.268124883565026 -0.474002128327854 0.055795319670929 0.0599960877637874
-0.179314450404012 -0.586057598142917 0.0915445420666663 0.256590769357455
-0.164825923490473 -0.388463678861283 -0.00718462748914423 0.523110103984173
-0.252064772309543 -0.324024438229753 0.137883291563331 0.343774444107069
-0.369194631531235 -0.189517491223159 0.104080181092946 0.0724725493747333
-0.387748301528448 -0.0224354758207767 -0.0334150496533889 0.0207497714982335
-0.348889130679242 0.0956313806546077 -0.205891286611663 0.0933560722238044
-0.280641065408996 0.202369382626758 -0.23433807176498 0.230192979072948
-0.189007322610856 0.27067057445611 -0.196087108247781 0.327417328965648
-0.168302017430261 0.253410884753754 -0.184104120618071 0.352005493675742
-0.191401126368907 0.247145633029851 -0.211091671972096 0.307914095727823
-0.295949783390327 0.181332846555313 -0.202379788542719 0.217551308202823
-0.338048152678806 0.0421742840688483 -0.178562946008914 0.111386076586627
-0.330837321920245 -0.108779512536106 -0.111991350979453 0.0569273493424474
-0.265832428232632 -0.202280957157567 -0.0142339551807083 0.0462709805510664
-0.164141564286358 -0.32333595572802 0.0941086833603646 0.146613222839419
-0.137287823131892 -0.415714525433254 0.106625158261358 0.424802380263634
-0.107046159310339 -0.151411654411184 -0.000598427254612697 0.642732603300102
-0.120784216455405 -0.0922598971248215 0.17754614045174 0.421404203289662
-0.134253038407852 -0.0520594571834133 0.11278668111425 0.139212911161666
-0.127254970578564 -0.0223012060137445 -0.0378855360870959 0.0538590148603173
-0.146555052680847 0.00820506323309167 -0.235201144272835 0.132524257580947
-0.138638778912107 0.072034949123146 -0.271705702868297 0.295210457100229
-0.102868611950501 0.115685506187106 -0.250047433931106 0.399529711353716
-0.0962066731980141 0.114991127574975 -0.248296798223431 0.421665078415571
-0.11068277797346 0.108415966193793 -0.293086823796672 0.359499712506383
-0.157040171049966 0.0651436127818508 -0.30046392362823 0.226189901451144
-0.161067663933071 -0.0169337862760846 -0.259422987493069 0.0713727465843854
-0.112591525472239 -0.0806420536156367 -0.122541391821488 0.00887829670142472
-0.0861100502012576 -0.0774483537807117 0.00333630602733012 0.0626482499912034
-0.0873816428846759 -0.121863964538689 0.109980852379956 0.206609863204972
-0.101645914964034 -0.189176114459066 0.113484386212236 0.524272153511258
0.0557350487976584 -0.0965605419790988 -0.0332527200571517 -0.603044698116201
0.0560222931117276 -0.112982863438831 -0.115103131626456 -0.341442281404414
-0.040967548085516 -0.103021025420612 -0.030708787799921 -0.0929939048384106
-0.0891485263929286 -0.0237422301867564 0.0571036484428187 0.0517880874888057
-0.0579737437554661 0.0265921210845808 0.302118158090414 0.0478912297403267
-0.0300616080547124 0.0399637155352316 0.412140528884471 -0.146840843180326
-0.0113833443558161 0.052063163139577 0.405758317142781 -0.316854971407903
-0.000935785986315447 0.0476891726584954 0.365210902497886 -0.414085495428714
0.00652033364905226 0.0649744448376419 0.338391841025376 -0.406038942007366
-0.0198547719072181 0.072841036193103 0.316821006427886 -0.313908392821512
-0.0466141947486263 0.0791551841379195 0.261757316943 -0.167074897729773
-0.124858447871274 0.046582052146663 0.0829799453379576 -0.0976949339239894
-0.115587100357668 -0.0733154152458364 -0.0674608018259008 -0.216241139118792
0.004159479018648 -0.110756920376505 -0.0984860863931463 -0.420834392881671
0.0469962908497684 -0.0890621856728363 0.131699859904841 -0.671154031893536
0.0579708323385308 -0.330156578699378 -0.00308078995579346 -0.553054698788659
0.0384197819898414 -0.33686199339822 -0.0816492577728088 -0.335556309498627
-0.146999783886775 -0.295637141840597 -0.0155153489932647 -0.131703988673034
-0.276164800144012 -0.147299889772306 0.0472075790527911 0.0298328768442388
-0.276669022898944 0.00183178101724939 0.269324939351706 0.0464056735881528
-0.226096010692018 0.106439086130146 0.375396774443985 -0.129101912095915
-0.158794811235849 0.186076602094326 0.373448996129266 -0.273888379162316
-0.125259862897708 0.187536635882772 0.337233054632673 -0.354794346485533
-0.10775126787674 0.217963181850279 0.307591945913122 -0.355000372263821
-0.188653368859853 0.19934429843477 0.300859245453507 -0.27323788708474
-0.246109813796771 0.13674009967089 0.257358732443677 -0.131752270180029
-0.358236437104101 0.0285201684079677 0.0639571993740811 -0.0657823392848684
-0.330711989778393 -0.199841311316156 -0.0906688931096097 -0.203081024119419
-0.120261691211381 -0.348664906947583 -0.112266264737361 -0.383156309246844
-0.000302803291793427 -0.387282873950541 0.0887681739797269 -0.577442538359903
0.0457248017779406 -0.528867522556448 -0.00736903227066209 -0.419318372669718
-0.00827189032924267 -0.535393578466084 -0.0578840713318642 -0.269716622788062
-0.268891463300143 -0.459381906786599 0.00795342972795129 -0.149598286244875
-0.462229791661538 -0.243084127086077 0.039726279064381 -0.00685702980623702
-0.473649759916593 -0.00968142488435872 0.197471369746382 0.0229630306177323
-0.397645522492302 0.167336854913799 0.275913003961574 -0.103298375122495
-0.282765516406752 0.296376857144437 0.280043682668341 -0.192418003889692
-0.226800385140017 0.298930499066291 0.255663771849044 -0.239969684911355
-0.204248474376155 0.336936020410145 0.23256796162371 -0.249113674049487
-0.32994531261104 0.300307777773037 0.244111795670817 -0.190676517049251
-0.416476375138871 0.181151033066019 0.221782809912352 -0.0754889206541261
-0.552521596858151 0.0115281610333729 0.0460816845041943 -0.0213464249771444
-0.50627129909512 -0.294284375945104 -0.090885775171147 -0.157843581943306
-0.227209294307143 -0.530184030289181 -0.0944071460671386 -0.293818484381069
-0.0513188481869251 -0.621488664684407 0.0621314807730223 -0.395344788529279
0.00547791370421438 -0.656011740856741 -0.0344104070182778 -0.210335281379098
-0.0948851326765478 -0.66668790719901 -0.0366488529141566 -0.13874000892043
-0.407888487037561 -0.55304471676695 0.0344009474347325 -0.134590824468125
-0.61710830881157 -0.267881401510622 0.0240198478298248 -0.0422975668016819
-0.612185637771797 0.0151545123842895 0.0856975366888273 0.00023469638765368
-0.50795334504838 0.223795080455146 0.129654717800948 -0.0553073929347464
-0.356181111139554 0.370722137862108 0.143278193936507 -0.0762723897172933
-0.293399702162996 0.365463011726785 0.140532133385637 -0.0908870565658807
-0.276198724886066 0.399076410011381 0.125726168593211 -0.10305444885523
-0.431828087864621 0.348544945878283 0.153070745035747 -0.0753237155214247
-0.536423476437492 0.186867574187016 0.15338647408565 -0.00369218355666439
-0.670144603539702 -0.0259416260123687 0.022070792261097 0.027941867462738
-0.598284094267979 -0.36305300302038 -0.0722042133315173 -0.0941161624723876
-0.285278504323295 -0.634414721684842 -0.046146611449508 -0.166971329167791
-0.086097340568976 -0.75396021251269 0.0528190403087779 -0.158152506626415
-0.0398291302404499 -0.687876131558317 -0.0624115496060242 0.0456249273096187
-0.187511008090897 -0.692736987756344 -0.00247197317868329 0.0382378752783011
-0.502672543519064 -0.541465995781632 0.0563171999709636 -0.0856197633078217
-0.682978966624359 -0.224497158977419 -0.00638605240758103 -0.0557751597137856
-0.647034193739233 0.0528188000023859 -0.0484563903801479 0.00343446456316094
-0.53130072125271 0.255695156872428 -0.0374900324726072 0.0232561643898089
-0.371810291588967 0.392304585112994 -0.0110582754230213 0.0637025456918008
-0.316223816501424 0.375411271298158 0.00542411443064331 0.073815084189268
-0.313611412037278 0.39599375385888 -0.00314673286632081 0.0552391843872883
-0.477631822520052 0.323178379374924 0.0315836285228907 0.0487316650143309
-0.575895798868029 0.137129861881646 0.050036046811237 0.065776783990361
-0.671429819738831 -0.0937401173353901 -0.0156166726231616 0.0655934764634571
-0.565737137230451 -0.396141922781708 -0.0470926839112731 -0.0293498697481995
-0.264897999271076 -0.640731660187876 0.0125269710170282 -0.029841105901795
-0.0906691259008495 -0.76523750976504 0.0525924167787359 0.0949863703412816
-0.0804579974185163 -0.606117674385429 -0.0835379660973136 0.304469016794178
-0.230989692614378 -0.586363238534234 0.0407877992696931 0.22018493584638
-0.484331558303235 -0.429865342458151 0.0684200300302782 -0.0107363070208867
-0.599922796712752 -0.14727505220054 -0.04158394498058 -0.0380797578637614
-0.558476301929197 0.0689436950906091 -0.170127994508565 0.0349410542428161
-0.4631710938775 0.238009456034605 -0.187396286373542 0.1207626804537
-0.328525834530371 0.349902466106954 -0.155025158986138 0.203600271226629
-0.291467657962042 0.327592285045452 -0.129936627375803 0.225182885397486
-0.305077513818381 0.330647530416488 -0.140186593283996 0.194247570671203
-0.448622994541599 0.244966038688886 -0.107694074944618 0.143977771593608
-0.514277775000835 0.0530839943699273 -0.0740348951507898 0.101071164556583
-0.541726817297259 -0.157878724537191 -0.0650563437181787 0.0725043011817297
-0.425644192113102 -0.366564977539734 -0.0288525351396205 0.0218281100845199
-0.191203659822796 -0.545376635629661 0.0574030284507089 0.0910948438095353
-0.0759624294182732 -0.661130024294974 0.0473117093933372 0.320770493304002
-0.0916666746428931 -0.423192040686987 -0.0993831715886573 0.519625279943177
-0.199372860048948 -0.375261104131469 0.0813232626686725 0.368377770505556
-0.343758996889011 -0.255338106422893 0.0748503629623754 0.0764101094406574
-0.390460602647526 -0.0804261620860693 -0.0617199681813332 0.00396263350170904
-0.374935850868378 0.0454955997253797 -0.248195479942072 0.0764996774274995
-0.326783821662731 0.168758755338762 -0.291547178661453 0.210701559886937
-0.240991658081732 0.248978388712996 -0.267168343162274 0.317782886999477
-0.224587245677259 0.233175357678662 -0.247014090984813 0.342850294277408
-0.243263409073497 0.222113913788699 -0.268603644445293 0.290243866832322
-0.342992040046995 0.13950360678069 -0.244531893191505 0.19035871805174
-0.36567381085184 -0.0209001225145401 -0.191915145856128 0.0871739968947758
-0.33124390615557 -0.169089262071596 -0.106536175107944 0.0421605166247152
-0.236334395874954 -0.261672962085801 -0.0169787275439689 0.0505908487402211
-0.110239124407175 -0.365381196268861 0.0784907990811752 0.17875710988267
-0.0630886540182589 -0.467541696820351 0.0343478471986912 0.489501206866236
-0.0738797457973342 -0.168230951525191 -0.110762695632755 0.655031002937267
-0.101817217648596 -0.115409374952805 0.113097878502311 0.463156161474761
-0.127263305999261 -0.073756050967557 0.0867999689000626 0.155537239483305
-0.124176485240469 -0.0393268193297656 -0.0552715739409501 0.0450217574922116
-0.150646346765864 -0.0101617908700269 -0.27605241506944 0.107562409236058
-0.156205652884067 0.0572831887425753 -0.336427004379141 0.270826561822042
-0.127323561623675 0.103683284048436 -0.330098300694991 0.385417264578524
-0.121892286886812 0.103997006773236 -0.326120480088229 0.40667896984615
-0.134613895665752 0.0909654966770085 -0.362686009299285 0.335594659293034
-0.176100020450878 0.0417814712402097 -0.350209567499318 0.190576689446476
-0.167969966167007 -0.0490834976136773 -0.277624759333794 0.0354144907373892
-0.105144409788516 -0.103447554677788 -0.122679463696542 -0.00796537869367358
-0.0741426875042515 -0.0954349638589533 -0.00433567374658961 0.0667118264873568
-0.0700379728628344 -0.138763330639102 0.0826029775498034 0.234723696780845
-0.0702808085086715 -0.217804309577396 0.0270198679380999 0.584769935079885
0.0497340032454113 -0.100251755168408 -0.0852181386817444 -0.61077552028766
0.0479329236836835 -0.120504479868953 -0.142142304700921 -0.333557325745364
-0.0500789074507308 -0.101854698345583 -0.0388287513175988 -0.0892674656857316
-0.0924607529879456 -0.0169593920730514 0.0615818757445399 0.0483042475087466
-0.0566091873316145 0.0326388274774249 0.309700957107663 0.0186132860778637
-0.0257899819167727 0.0424534737179852 0.403769199555424 -0.18784237391947
-0.0055059943927606 0.0537746932938156 0.382061836284204 -0.358270477122358
0.00335271087575172 0.0492251971782012 0.328002217707785 -0.453848642600686
0.0121118492477702 0.0653855843671513 0.304967687086881 -0.443603970164529
-0.0142183379641063 0.0766975144024355 0.292721682193955 -0.347433681259833
-0.041021439037579 0.0831278456786074 0.251557950419263 -0.191629934026916
-0.123854190189943 0.0574780270996421 0.0753452149099158 -0.104513718582844
-0.124238399307116 -0.0640898409388926 -0.0889993463199968 -0.211480925999119
-0.00403836517251717 -0.114868998905431 -0.134361000701762 -0.413597987441517
0.0403013371601918 -0.0942790464639099 0.0741049387520267 -0.689823839586021
0.0309196715716358 -0.336286157359004 -0.0507392656001969 -0.563574578886656
0.010307820459094 -0.345106120092494 -0.107296623822847 -0.331579107292689
-0.173932099757661 -0.284827212357059 -0.0276164205000443 -0.130403167516935
-0.291968616270113 -0.123646966454444 0.0505899703678042 0.0267360515984507
-0.278674173017444 0.0290242677487737 0.278023744155808 0.0196270717594952
-0.217618186096398 0.128442287851185 0.367389803752298 -0.165777609206695
-0.142803372549722 0.202894589546601 0.354800197026202 -0.313600208171449
-0.109765723403912 0.202659953904176 0.306968461397433 -0.392069900098669
-0.0912509421089344 0.230165814607757 0.279329760121574 -0.38949359991533
-0.173112869680027 0.220649739467309 0.280510036982978 -0.30545584165666
-0.237940070709643 0.159608389300032 0.249940397172113 -0.156584739987878
-0.362205394847484 0.0599487367461292 0.0589011267534891 -0.0699917269661165
-0.353411852808215 -0.170996569398786 -0.11069446804686 -0.19668860421925
-0.150355666259316 -0.343924361475136 -0.146378096058586 -0.374862238119994
-0.0335865789349738 -0.391380446694085 0.0398804646620747 -0.591949472697275
0.000822940063234391 -0.536047115739142 -0.0449942095557682 -0.428528047112746
-0.0547100257089318 -0.540497612491074 -0.0779672821310991 -0.26814380065095
-0.31186347130812 -0.43830722829561 -0.00598794710592677 -0.151363741251805
-0.486917421044609 -0.201259003448983 0.0404314010702602 -0.0102633540299129
-0.480014561296746 0.0376017842830666 0.204164415803867 0.00287259280756542
-0.386012329008712 0.206579915467923 0.270692150460086 -0.1293465455293
-0.259616825850791 0.325934502610514 0.269403988504566 -0.222897416127653
-0.202005971764817 0.324314653097671 0.236087300337689 -0.269567889191134
-0.178224509117383 0.35977264300873 0.214340357610395 -0.273807510672076
-0.308311321750289 0.336332267562341 0.230227070179596 -0.217546240663098
-0.406493155399279 0.221301278368528 0.218497343015133 -0.0984800958418601
-0.56225476359959 0.060011260081299 0.0449467720827707 -0.0215158833673802
-0.539565510437699 -0.251038301453618 -0.109102386727902 -0.151225566626522
-0.275907993280064 -0.518043970454188 -0.122604026224777 -0.286795392248461
-0.107124991545009 -0.620683048240803 0.0289869179241196 -0.405089021791498
-0.0497820191676496 -0.66238655052519 -0.0548126363137473 -0.213972079131367
-0.15550034112803 -0.666106875190568 -0.0465734549202237 -0.137348122869672
-0.458909403568515 -0.517678516213086 0.0213357730477777 -0.13974981517416
-0.647685258865693 -0.211350167107612 0.0222889738704883 -0.0458494781037228
-0.616597796348136 0.0753794622766029 0.0900864436770207 -0.00968446167822535
-0.491337508917682 0.273891944453758 0.126423164161425 -0.0675794853680543
-0.327580647651842 0.408620263870556 0.142383057741543 -0.0933016898192971
-0.262807636448227 0.396078964128232 0.133829687176769 -0.107451760332415
-0.244793233276468 0.429311584630537 0.120059777154543 -0.115934787759199
-0.405118770821434 0.393358487050447 0.148513826588219 -0.0916423827680959
-0.525894914234747 0.239508265370552 0.155063840806043 -0.0209198735806273
-0.684560591290578 0.0340417374464998 0.0251128299773905 0.0304304358202848
-0.636868104635111 -0.308837988174551 -0.0842276469101143 -0.0894410772761127
-0.341674848068674 -0.616127924945169 -0.0637847604830929 -0.164325207752611
-0.153321516050096 -0.749382130227909 0.0418817694631339 -0.162976463352947
-0.101114370819639 -0.691657029482584 -0.0610417238143477 0.048966914930238
-0.252418615969759 -0.682774226670723 0.00147350214035502 0.0383651081788125
-0.555157028933551 -0.497870085655216 0.0476774792291853 -0.0935893965956484
-0.709169471203116 -0.161725297047513 -0.00977149199053808 -0.0579320420250579
-0.649347411588185 0.115039196079756 -0.0451755824342752 0.00592992275142173
-0.511930698362528 0.309795654281426 -0.035868356079254 0.0280809966232963
-0.342186991911207 0.430485574891853 -0.00131045177282559 0.06222217737275
-0.285184190030891 0.408038848777359 0.0132776552730115 0.07166621970657
-0.283081392785837 0.427299747112431 0.00416193202177478 0.0567004381197571
-0.45327492408027 0.372759705274384 0.0362983718526245 0.0444854175416516
-0.571040474768125 0.191841033544413 0.0556120940934646 0.0586483467246543
-0.688495737259756 -0.0362648073690425 -0.0113070698945652 0.0724602648709772
-0.604828035101207 -0.344852414741516 -0.0533678990327293 -0.0269385602683565
-0.321993859392823 -0.625871448558675 0.00659471264961598 -0.0317764184377818
-0.159790617565787 -0.761363147291386 0.0631622675264608 0.094116633263486
-0.136184736151913 -0.60653102531871 -0.0591130492629785 0.314004546932751
-0.287125846078644 -0.573092922223131 0.0600050226101541 0.217752655232954
-0.527145459532644 -0.387020867115969 0.0668516564130724 -0.0195898958847678
-0.61820063528711 -0.0921495494345384 -0.0438816712627257 -0.0365477828123967
-0.557564132658278 0.124362322759887 -0.166502454386104 0.0497622992335043
-0.445691823750754 0.286859673565321 -0.179258320402594 0.140605945066358
-0.30229388341188 0.384038600529598 -0.134913310402417 0.21742131934663
-0.264463172205575 0.357411571416863 -0.109100754041445 0.238854450472181
-0.279482999278562 0.361341365443602 -0.12208741316793 0.211013672298136
-0.431524414443048 0.288566415200965 -0.0968566686596647 0.154788928492568
-0.515419367002767 0.101281908443619 -0.0675185450619485 0.105953260651635
-0.563760727341685 -0.10943641109382 -0.0602778533216541 0.0822190928702484
-0.460588216691032 -0.328221891872274 -0.0297217092488513 0.0223925207854111
-0.238674695901668 -0.532107298639585 0.0619894495291238 0.0848820500852761
-0.136250633960072 -0.656995127498921 0.0777126361067924 0.322621410052542
-0.132475618278906 -0.421489984501204 -0.0558479011124822 0.534515212261755
-0.237116339325828 -0.360975151231134 0.112851217164144 0.365372072114411
-0.372521224273726 -0.222781552199705 0.080416543941471 0.0673941614942592
-0.400979359817761 -0.0420803204055226 -0.0610257469106562 0.00734659971156668
-0.374710536441801 0.0828676175189554 -0.24305458896734 0.100033985988426
-0.315220273684391 0.202600210820949 -0.27662385888042 0.241761495544827
-0.223647275393293 0.273454291521957 -0.238531148230175 0.343210580990381
-0.205002151365781 0.256141655416811 -0.21591675123071 0.36843203221001
-0.226901954046968 0.245577341969057 -0.243461752361541 0.319773430426937
-0.333951238396149 0.17178937090403 -0.230286377770625 0.214374640349773
-0.371623498678595 0.0138815502791463 -0.188385562395075 0.103070482429959
-0.349292330583329 -0.139792173885652 -0.105831641836186 0.0541635323799379
-0.260682311568099 -0.239789324431999 -0.014416853602813 0.0504944022989486
-0.143080109327223 -0.357535816669925 0.0915356994729136 0.171132115475963
-0.106282305216962 -0.464010246792967 0.0806727260034172 0.49557695204801
-0.0921588029787481 -0.164653249872626 -0.0551021062112087 0.674763004762336
-0.115652060487068 -0.107324722839119 0.152877974480634 0.458104893069829
-0.136678433327292 -0.0590378640199924 0.101167252477817 0.146415837099461
-0.128095713854432 -0.0266123682177184 -0.0512429348262819 0.0491360578606645
-0.153467958030141 0.00512304483124416 -0.268838528683279 0.135269260778202
-0.153051745301194 0.0740008632318951 -0.318022816032156 0.306245419571889
-0.119816158148141 0.116335437380105 -0.297520734511945 0.420056534622726
-0.11312264410811 0.115461871689531 -0.290197676581836 0.443471083300553
-0.12787240796369 0.103927299310653 -0.334411739293422 0.375605350695291
-0.173610419439112 0.0585109625213243 -0.33858660558295 0.226017398840453
-0.173296364382898 -0.0324277746235541 -0.279874814495847 0.0604813969794192
-0.114307670631042 -0.0941342991408947 -0.126784430057901 0.00412838287367761
-0.0817330778214611 -0.0873408760286798 0.000799070366092713 0.066486694642384
-0.0830101346965841 -0.131761219887495 0.100843428221569 0.226715395430834
-0.0907917892440854 -0.21175963864319 0.0797821791634904 0.589912576124404
0.0442698638971679 -0.0992526135961068 -0.123405464867069 -0.59396311663385
0.0399067110397523 -0.122340420086977 -0.156261261453712 -0.315938923347007
-0.0551017221685 -0.0970495688900008 -0.0427542649985423 -0.0830953404074477
-0.0917778735370982 -0.0107707818059162 0.0628050096342952 0.0434686894141122
-0.0530838357991111 0.0360966832270065 0.303188075942088 -0.00578003046311632
-0.0212355837216591 0.0420078401600186 0.381577296691787 -0.213499219984635
-0.000325527470444818 0.0527906600394359 0.346725251966617 -0.37722164367062
0.00668536134806652 0.0485442790053861 0.286793735199743 -0.467536886010809
0.0160065516260351 0.0637516710424407 0.265621805881555 -0.456072534106469
-0.00882299854639432 0.0771914557412666 0.262520700649983 -0.359504637571312
-0.0352961892565448 0.0831636395699739 0.232549377681631 -0.204309311287035
-0.117654229403522 0.0634482598146514 0.0667848381899486 -0.106322595915331
-0.126039526216879 -0.0532070072241538 -0.102084506725861 -0.19922631062581
-0.0105767074637054 -0.114284344263688 -0.156878215779386 -0.390893618224184
0.0326579470201712 -0.0949498153968899 0.0280213080284378 -0.6771044258434
0.00965578649982091 -0.327691408637299 -0.0890524231690779 -0.552130504101424
-0.0118778811375284 -0.337413601020893 -0.122756685867638 -0.317695093097287
-0.18797409126825 -0.2642507737126 -0.0358337236266512 -0.124176443655188
-0.292106409411029 -0.0992093461700291 0.051140459817526 0.0224988147992859
-0.269291655955572 0.050060954225088 0.273424152601934 -0.002763346536551
-0.201605504010016 0.140204003667815 0.347057044271431 -0.188303263845587
-0.124524087778249 0.207110009768602 0.325381294148466 -0.332553772933959
-0.0922586506130873 0.20599324182485 0.2690839362261 -0.406662090887723
-0.0732936910224978 0.230973514686603 0.245099365815546 -0.400883756622639
-0.154736875101664 0.229142036223355 0.252323334946717 -0.319502752378615
-0.22225599978267 0.172365135108153 0.233260061717506 -0.171082504037005
-0.350692671184704 0.0838199571522423 0.0532492301758823 -0.0700138509368243
-0.356138990246246 -0.139624655547718 -0.123943900065607 -0.183360813078418
-0.168089422155866 -0.328092512004616 -0.167572517327839 -0.353558553015267
-0.058285597650255 -0.376602974804863 0.000177470107523222 -0.579403900471327
-0.0338741029600569 -0.520906822270924 -0.0743238052978269 -0.419259217840438
-0.0887946852582847 -0.52193897544758 -0.0911340356843631 -0.256413105118602
-0.331748370388186 -0.402476850906075 -0.0164227467984956 -0.146813477027317
-0.487523802406078 -0.162010880739942 0.0393418049106344 -0.0133647863830141
-0.46418039089408 0.0731071158506701 0.200785428790191 -0.0150304523483962
-0.358793252152104 0.228356447208689 0.255140857993007 -0.145611899970195
-0.229298167504725 0.336400856190908 0.249148409765391 -0.239591961558168
-0.174402714778012 0.331611141523615 0.209423680257215 -0.281849948386473
-0.149367881130612 0.363606393275738 0.18959552886883 -0.283606522277268
-0.276776988052116 0.351033429583161 0.209791743682366 -0.229669277555293
-0.381194873149589 0.244461953797631 0.205715020993351 -0.11417404053419
-0.545830959405904 0.0993441496396844 0.0431716060968769 -0.0213657516435584
-0.541846187605298 -0.204707823250937 -0.119823176589404 -0.139629227240631
-0.30132489396419 -0.488515128352715 -0.139747793899063 -0.270073271436815
-0.145747902123919 -0.594919877995556 0.00355489361639274 -0.395147969655077
-0.0924197629041903 -0.64029475143925 -0.0700026656976136 -0.208433940992027
-0.196048122484952 -0.638762347765844 -0.0520568511207196 -0.132259935775835
-0.481809463732584 -0.468834944382563 0.0100220368105598 -0.137890569770921
-0.644555197370419 -0.159466518057783 0.0194957807334403 -0.0473080751052024
-0.595294332986274 0.120652170386146 0.089776923541802 -0.0190443925920435
-0.45823155249537 0.303798472512446 0.119083945459994 -0.0745528669869207
-0.292001958432879 0.420932835495382 0.135038592599549 -0.105149658693189
-0.228803196917959 0.405240503840856 0.122410864139986 -0.11653533861352
-0.209172791297892 0.435405067345197 0.109594826370115 -0.122598686045869
-0.367984069374574 0.414310874845009 0.137658088568564 -0.101661744795231
-0.497990790872498 0.270416016157871 0.148704041992457 -0.0342643338879253
-0.666196680239029 0.0808947726427573 0.0271177751857713 0.0317411166630185
-0.64010678709132 -0.254802801061995 -0.0920629615558 -0.0812338785025701
-0.371405972892483 -0.580758362617033 -0.0756381481529191 -0.155278020167292
-0.198197240137552 -0.716027890507681 0.0312190484658022 -0.160329451740166
-0.146317608078512 -0.667459153612943 -0.0584149561944574 0.0494019073606571
-0.292383294169485 -0.64935476502771 0.00510784261295636 0.0364740145165471
-0.575024540914131 -0.442574521419866 0.0385635917047792 -0.0954776953240481
-0.700112416270025 -0.105594907133795 -0.0123129038060088 -0.0578368241332446
-0.623689000216844 0.161881010173435 -0.0412148226100778 0.0055877001510665
-0.477110774108045 0.341455609500979 -0.0327213380667885 0.0304267074127554
-0.305008014720272 0.44356151852174 0.00663568286805719 0.0567985944894272
-0.248901429266264 0.418988144492484 0.0184156244528785 0.0667045187415665
-0.24651912644335 0.436374280314751 0.00952594749522278 0.0544218487074184
-0.417420435690672 0.396377981045409 0.0377065486155839 0.0399456617191083
-0.543199788988452 0.228028767636888 0.0565154669943982 0.0495817464554638
-0.676086902285069 0.012878214740369 -0.00585022719771587 0.0749667074740031
-0.611432636991374 -0.291866775802367 -0.0573229247399408 -0.0225656288087421
-0.35242022553837 -0.587190477711331 0.000980758841737809 -0.0324958929393812
-0.205743520811948 -0.726609930819843 0.0702131846560637 0.0893875447327358
-0.174527836552074 -0.582541593001811 -0.0385385538656372 0.309321867751777
-0.319765102558835 -0.538210442109431 0.072793563451344 0.208146245642477
-0.540880678773953 -0.335044492880116 0.0618038407694631 -0.0251508264761006
-0.608895075157126 -0.0436816452424968 -0.0443440636717353 -0.035202262760507
-0.5335363128045 0.164252845505202 -0.156893147405119 0.0577786727528112
-0.414079357638645 0.312964768160519 -0.164990633047265 0.150507753732149
-0.268958623934141 0.395505124290602 -0.113266422287102 0.218565579627835
-0.233181225302269 0.366707552438025 -0.0886223646336888 0.239068241406835
-0.248134409661732 0.370660230094877 -0.102558394487474 0.214092195413605
-0.401475272500145 0.31390981031946 -0.0843116398258401 0.157260598647892
-0.495778440367842 0.137638792533365 -0.0606260167619988 0.104267097108383
-0.557658970930734 -0.0663316914462164 -0.0541372212125793 0.0878257669786713
-0.468692342014796 -0.284928160941373 -0.0308302486613996 0.0225124531334227
-0.267550492986177 -0.503912583475262 0.0621752436903308 0.077691613406845
-0.17541257989969 -0.626552461361983 0.0994993238542047 0.311596362032985
-0.159902212355834 -0.40302336549105 -0.0194932823029773 0.526584491515052
-0.256506976210173 -0.33688237552471 0.132490808737732 0.347602605273814
-0.378827958617008 -0.187303742340943 0.0812710996302631 0.0582438451196762
-0.392797142994094 -0.0109364330869788 -0.0582326619814741 0.00898686089624241
-0.358624803986574 0.110334418025632 -0.227991511596664 0.113147764898757
-0.291769608511256 0.221904133862507 -0.253067305294197 0.257075660813608
-0.199615232756871 0.282321444788333 -0.206014737845037 0.35042941952288
-0.181531376904301 0.263057786205466 -0.182998567909149 0.373670362318378
-0.204883504171485 0.255050701168143 -0.211627659387705 0.329956616412426
-0.313283076197839 0.190993574297192 -0.211244818578367 0.226042210165174
-0.360703085363359 0.040839994729044 -0.178733034751094 0.111824182234751
-0.349931552128107 -0.111267625325621 -0.100466282978732 0.0624866376094106
-0.268770297941499 -0.212641044098664 -0.0128878130797752 0.048337184288872
-0.162769344404795 -0.337483270831124 0.0967041293737935 0.15898263266705
-0.134034426691025 -0.441025147373822 0.113392125792942 0.479107149217071
-0.103729240171808 -0.15576507041949 -0.00940486333016289 0.662304770025437
-0.121218475370141 -0.0963210604051188 0.176685861444195 0.435829454503173
-0.137544580360195 -0.0445899819503704 0.106432857184477 0.133292985841969
-0.125183532826288 -0.0152627676169795 -0.04656002519639 0.049439911463337
-0.148689559595796 0.0162297699983367 -0.251557177444706 0.151090090783364
-0.143529409546859 0.0844011462200839 -0.288160471125668 0.32282205674534
-0.1096297938795 0.122207645715181 -0.25931124612373 0.430657039562573
-0.10188760045869 0.119191038875871 -0.25022050418799 0.452860361282488
-0.117088943551224 0.109220998598626 -0.298220146237586 0.390244945880183
-0.163919920079365 0.0682477903083897 -0.314802144884152 0.245131932797067
-0.169931197596187 -0.0186869314579762 -0.270858154408554 0.0785858602886413
-0.11751354256867 -0.0826412341994861 -0.123694022876653 0.0136896316570188
-0.0847027957782414 -0.077371720229424 0.00488859366115837 0.0628512484205144
-0.089981545500745 -0.120817602310826 0.10947422859649 0.211864554064945
-0.102833396257074 -0.198907562512346 0.119245828463653 0.572653979361786
0.0421817151904381 -0.0964255730090553 -0.138844023109145 -0.576248100646106
0.0358655364623648 -0.121006184656843 -0.158036041846188 -0.303189427763457
-0.056090993662633 -0.0929553103749238 -0.0433791726603811 -0.0778224740591382
-0.089563478252049 -0.00775981791810628 0.061867658752003 0.0416808372497154
-0.0501894667427153 0.0376426360618092 0.293229588689953 -0.0170895727588059
-0.0184731592728714 0.0402694053196361 0.361860661641356 -0.221527068301911
0.00257847871003537 0.0505782422989806 0.323991144018988 -0.37894475525888
0.00866036044489022 0.0474962093855538 0.259538399684032 -0.464410368078232
0.0177173624757472 0.0616546911019836 0.240593982646094 -0.452888671790512
-0.00643286623941441 0.0768672725614241 0.243178985664741 -0.358949789850144
-0.0322157914741589 0.0812137479993893 0.219605866860441 -0.206012670752708
-0.112999665986438 0.0651631106446989 0.0613834513330728 -0.105313067340105
-0.123864247183856 -0.0476716663025889 -0.106132128093076 -0.188110107155313
-0.0138693265641563 -0.112992303902357 -0.162545281934023 -0.372606652945923
0.0288124007924697 -0.0928466666127712 0.00525091070444943 -0.658532348775842
0.00153836327459964 -0.316315083227865 -0.104845475540049 -0.535121696124179
-0.0215282089350856 -0.325847537825691 -0.125101070755543 -0.304612670027937
-0.189573693337006 -0.248596272033224 -0.0384376717056054 -0.11830387457867
-0.285795868744071 -0.0853525748789313 0.0498184453586054 0.0211989434114869
-0.257835145142811 0.0597807182383607 0.26513624138279 -0.0148364856072078
-0.189950722331548 0.141896450141753 0.330446669291016 -0.196361862203934
-0.112846335300077 0.204970139796907 0.304660260556958 -0.337616008103163
-0.0820787012298266 0.20348537609279 0.244692141794162 -0.404546930117976
-0.0634413091730642 0.227475845970516 0.22258258784357 -0.398820872538545
-0.141508748827394 0.229381475617624 0.234402063290501 -0.320249812771151
-0.210687577592049 0.174212568220725 0.220572382328445 -0.175687209376693
-0.339537485916058 0.0927705066373829 0.0496870264894365 -0.0680830691493747
-0.348926795149925 -0.123595718957878 -0.128032300468073 -0.172598596094249
-0.172413602280083 -0.31564569501432 -0.172039067718482 -0.334910404733463
-0.0679165907145443 -0.361554574129159 -0.0169016823623865 -0.560221897816308
-0.0482826458184339 -0.50180011492017 -0.087697641907024 -0.406851926294458
-0.101474909581617 -0.503042010613952 -0.0935004843788534 -0.247936858977508
-0.331916290000512 -0.375726110579103 -0.0217414141898192 -0.141859053120894
-0.475637538044736 -0.138621550815114 0.0375617181303844 -0.0149027742807704
-0.445643952374598 0.0902351398770609 0.19542068835478 -0.0242266307912692
-0.338574983338609 0.234913800041889 0.242438189302325 -0.151495760966388
-0.210150208773135 0.333594330735093 0.234751782586508 -0.244790286868844
-0.157440351297693 0.327652957508822 0.191364943850255 -0.281636878223147
-0.132136538101609 0.357342102951876 0.173113951695975 -0.283998245531652
-0.256828372105741 0.35174958748507 0.194699365309096 -0.231531970229181
-0.362337370886112 0.250913145979789 0.194766064437321 -0.12015372652998
-0.52883135434705 0.113768443193685 0.0419924910008557 -0.018992446883627
-0.529941962319014 -0.178137262754014 -0.123122926853322 -0.130172440167966
-0.307001932975921 -0.467063041166502 -0.144921871469624 -0.254535778769773
-0.158848027738248 -0.567801034741316 -0.00716214167241904 -0.382103777908064
-0.108954867300349 -0.617004176999231 -0.0759212341287622 -0.202128865653442
-0.20954645318502 -0.612928359913114 -0.052721038005847 -0.127597606952992
-0.480301936494439 -0.434032301615796 0.0040471636550465 -0.133868790522192
-0.627273018695396 -0.13053180017891 0.0176342715470255 -0.0482165862610673
-0.570321426201125 0.140031124039297 0.0878467476906984 -0.0253847610056274
-0.432174724642447 0.310883738072849 0.112977150876318 -0.0772689781328974
-0.268685494864691 0.417920451951989 0.129182336145007 -0.11062366272084
-0.207288732880076 0.401178882839285 0.113485571833162 -0.118619930883042
-0.188475795333952 0.429447617884035 0.102129833626539 -0.123771700876001
-0.343298348722535 0.41425018153316 0.129382135415729 -0.104440166079044
-0.474139817924709 0.27914308374858 0.141264126576185 -0.041670754531694
-0.646888899640179 0.10204271533997 0.0281425003941406 0.0331360937189571
-0.626720771789797 -0.224292763393036 -0.0957030994747994 -0.075913906128178
-0.376568118750737 -0.553589864133329 -0.0806470231595348 -0.146928753981591
-0.213612777780674 -0.683901725794661 0.0274970316945351 -0.155483573455935
-0.162599991647274 -0.641095480518415 -0.0564721880134737 0.0482839819053351
-0.302914797214126 -0.619051085742263 0.00713361596341315 0.0343035199453725
-0.569945034871034 -0.406259715340376 0.0325263677359108 -0.0942532274649886
-0.679678763856819 -0.0770047889559607 -0.013600321493787 -0.0577875294244771
-0.597282084018166 0.182167613106105 -0.0380638064868933 0.00338303573837997
-0.448507066322328 0.348871283254516 -0.0302259480135584 0.0304784254448283
-0.281744296311919 0.440198461554313 0.0105249808199781 0.0506940524505955
-0.227150635186975 0.413674468084586 0.0195856080524362 0.0622329507706017
-0.224381624591695 0.432654510509506 0.0121885433558475 0.0513656964083958
-0.390820406165176 0.400125740164925 0.0364266495783896 0.0365054086527892
-0.519693069964502 0.240268752886973 0.053950810069299 0.042796302377557
-0.656455739050744 0.0392877228960803 -0.00246312023674333 0.0758994690563355
-0.599985391404598 -0.259734042933207 -0.0599410170065938 -0.020886689311098
-0.358630094841116 -0.561887038574406 -0.00312731728572018 -0.0302559090865031
-0.218961548225619 -0.691367111194148 0.0734383207020012 0.0849473536782999
-0.189874337761929 -0.559573430326362 -0.0282617878750025 0.300023652933261
-0.327757601583757 -0.51183434884467 0.0768978091884385 0.19923649873234
-0.535861838160075 -0.303340378431521 0.0568467243314022 -0.0275976432553962
-0.588214559536443 -0.0185417916051201 -0.0441158823041544 -0.0357854396644659
-0.509937472576492 0.180675287519494 -0.148406471538161 0.0580215933789711
-0.387736941533972 0.31988947589117 -0.154824957334608 0.152239072986294
-0.249275009583326 0.394468632364307 -0.100731970446867 0.212440310098498
-0.213254717708672 0.362204207000554 -0.0770470165856154 0.233124607527724
-0.228713191503101 0.368302624459788 -0.0899668611134686 0.210620031149063
-0.379106692104339 0.318076716605442 -0.078137794779927 0.155349157808982
-0.475004902895552 0.151824014829645 -0.0582299642552996 0.100310119230066
-0.543692427861597 -0.0443868431978278 -0.0496747708232954 0.0898743371926005
-0.459923813694448 -0.258419948803941 -0.0327168498917937 0.0217183637941288
-0.271418913231235 -0.48023868270583 0.0583477913662158 0.0724559743409418
-0.188769154121438 -0.596196869533662 0.109138161369731 0.300652527881699
-0.16933750501349 -0.385734504367964 -0.00318274104508699 0.511610545236869
-0.261846773503107 -0.318081602711243 0.138970504564804 0.333848619292512
-0.373275004149497 -0.164473846963635 0.0781526941217662 0.0527015976473586
-0.379593472329256 0.00619440906813377 -0.055926819370599 0.00790533022353315
-0.341739142140667 0.121169579752782 -0.216535870474619 0.116367594995066
-0.274290172721835 0.227269695933769 -0.236723950678014 0.25890351410917
-0.184873542764754 0.281824992174174 -0.185649758631885 0.344621042451915
-0.16686088691619 0.26006007670389 -0.163698806279209 0.368358701397703
-0.189994443243719 0.253861539952063 -0.191899500769789 0.327891076943218
-0.29737001854084 0.196283143293631 -0.19820491946861 0.22797884211407
-0.347639063976833 0.0541592451031391 -0.17111025853422 0.112526558300745
-0.342265318031264 -0.0941469784364299 -0.0954016198295459 0.0655680823687524
-0.264550457035894 -0.194653390683996 -0.0132077376402988 0.0456079051042583
-0.167210503271267 -0.320432847685525 0.0947017404080795 0.149597011091567
-0.143192931483418 -0.418498680723803 0.127671747357305 0.463412349052551
-0.108011079298121 -0.148247779365624 0.0130384628343333 0.644446011282456
-0.121799434975364 -0.0890723743663109 0.183616090475503 0.418180466279133
-0.134452173914027 -0.0347708217125901 0.105808460296027 0.12471137514625
-0.12051284630254 -0.00884503771965602 -0.0435484404928908 0.0479709815747266
-0.143158189777202 0.0219491001414392 -0.237758810615459 0.155000723223368
-0.135682941138202 0.0884890483204855 -0.268941830387481 0.324292648663702
-0.102633664649638 0.122518452290279 -0.236728019981465 0.425930899862335
-0.0944417528573153 0.117781775896548 -0.224585959165847 0.447905588202638
-0.109823372142063 0.109615329658449 -0.274219705970823 0.390242711698253
-0.156587112053427 0.0717146190279025 -0.297875988416707 0.250988350339305
-0.164212961277168 -0.0108342006099422 -0.262417197921449 0.0855657447831928
-0.115081365973671 -0.0752877331890474 -0.12009752506123 0.0189509310853681
-0.0835280531276416 -0.070121657442125 0.00602029205268055 0.0586163487552004
-0.0905720693648087 -0.112247333714337 0.109106770804432 0.199928329437683
-0.106135801923049 -0.188100098161074 0.135119678310763 0.553064644198783
0.0432251325140031 -0.0950610054872866 -0.144229529472737 -0.572697499657832
0.0355682648924925 -0.120909688453615 -0.157827446828571 -0.300530064205639
-0.0558911659736109 -0.0927573626780843 -0.0425842265893514 -0.0756296810855667
-0.0884038110868665 -0.00730230310436579 0.0618475802035642 0.0420715041064427
-0.0494660514398553 0.0385708523790093 0.289598726497726 -0.0223494955076471
-0.0185533732554213 0.0386190756409525 0.355092936228713 -0.225309795415127
0.00413098546087149 0.0495157421043778 0.315639669568627 -0.38187992816751
0.00944688374053354 0.0482733286340246 0.249257265177718 -0.465122218329832
0.0178254161681926 0.0615038143148845 0.231829999425129 -0.452671269720772
-0.00568304409787456 0.0774779762071564 0.236964444181262 -0.360353533965809
-0.0325489146373716 0.0801627744101887 0.216353978547954 -0.206269469018099
-0.112437468422659 0.065093814865997 0.0592577165180445 -0.104407408153252
-0.122821928757497 -0.0456777109811876 -0.108142312916251 -0.182869543570388
-0.0147357310887005 -0.113927883727042 -0.161444532881207 -0.364439763359184
0.0271577905461561 -0.0922488754553606 0.000882613140437393 -0.650791141941522
0.000574295539564257 -0.312569822587648 -0.110570018498507 -0.533444282839939
-0.0228052060354716 -0.322869607987263 -0.125268289230581 -0.302504634739738
-0.188199616554309 -0.243337224722241 -0.038604811633229 -0.115214624875835
-0.282290806348874 -0.0809924721641006 0.0492387721577637 0.0211719236130506
-0.253506192069598 0.0640691015366705 0.262390082649092 -0.0197739624962985
-0.185881512174561 0.142882073468593 0.324527826604362 -0.200144815416978
-0.108690474062 0.204186843628711 0.298194750306589 -0.341051089168659
-0.0786027864544811 0.20351338177375 0.235518429910896 -0.404858069375775
-0.0600619396438049 0.226350763512868 0.214649009092418 -0.399594904026866
-0.138143427151346 0.230789881994375 0.22787087188669 -0.321113655959707
-0.207239634134798 0.175189399068345 0.216137227665862 -0.178440065981903
-0.337065438750453 0.096338435189329 0.0488845649769531 -0.0666579610056396
-0.345438937337137 -0.117888260929568 -0.131223191666342 -0.167939581767928
-0.172872385826413 -0.313617396794221 -0.172422913361443 -0.32840075579539
-0.0692696047983775 -0.355741830819602 -0.0203081699580284 -0.555515600971006
-0.0505551310919112 -0.495331191491067 -0.0920139613130317 -0.405295651428609
-0.103531263233148 -0.497467274339412 -0.0929142373525855 -0.246880591908782
-0.330598219313194 -0.3661425206938 -0.0221579836147668 -0.1387114125412
-0.46944836481401 -0.131094736080349 0.0368998596660418 -0.0151483825446673
-0.436976825301005 0.0953936002189572 0.19448372520816 -0.0296467677558944
-0.33203188214596 0.235999269658837 0.238088710864409 -0.153953497660255
-0.205138425504367 0.333467410700925 0.230280447861576 -0.249576731461209
-0.151485979544073 0.326982353350764 0.184580262891188 -0.283641125431587
-0.126720868112394 0.35612307812891 0.167151900520542 -0.284424740340527
-0.249946818869545 0.353749186498065 0.189501982717711 -0.233067630603994
-0.357532707443626 0.253128071007351 0.190228107793807 -0.123988641520159
-0.523182637799189 0.12090694976246 0.04227929641524 -0.0175768565449917
-0.525432721952603 -0.170598460522147 -0.126998838746096 -0.127101044664576
-0.307987228802772 -0.462110763787409 -0.14503088362652 -0.249357515877596
-0.159452610752137 -0.558420900205623 -0.0103829596408036 -0.377985180060492
-0.113366825928534 -0.609237027059272 -0.0785982690473555 -0.20127951434112
-0.212669656511857 -0.60415163289823 -0.0524071292154693 -0.127525571135096
-0.477697264096685 -0.420725311628911 0.00205443505702299 -0.131716851966168
-0.619092728778529 -0.120626296284973 0.0167692036960031 -0.0487743398511549
-0.559263047927583 0.147182045311409 0.0884256323400469 -0.0299490508319837
-0.423137050715575 0.314597275470828 0.111191399728801 -0.0789174342291823
-0.262010909327778 0.417435150095334 0.127871904863592 -0.115977268275929
-0.201657228746873 0.400461870491596 0.110161453026808 -0.120158091688479
-0.181500975384908 0.427308615942125 0.0995218889115646 -0.125173540909064
-0.336136197466767 0.416700414509338 0.125787510286081 -0.105326621789639
-0.467624213785923 0.283967057761781 0.136569970354222 -0.0459176268297643
-0.639692010893981 0.110183891290391 0.029002687290167 0.0351597332285654
-0.619639398095826 -0.213078546298761 -0.0998498791223412 -0.0738725161263938
-0.376524109060669 -0.547748295915494 -0.0827780333102112 -0.143072326628581
-0.214699707306586 -0.669289789190017 0.0287969635471842 -0.15336893559564
-0.168844949039017 -0.632854165593335 -0.0556689828359386 0.0467205659200938
-0.306534185432275 -0.611799188474446 0.00797994879090273 0.032468888926374
-0.56627018893621 -0.392298432451607 0.0299167281452025 -0.0934715619294981
-0.67185212723316 -0.0665234083692614 -0.0138319620616752 -0.0590162254085759
-0.586009097569274 0.18927387304743 -0.0356825338851983 -0.000109480716600679
-0.437857485785896 0.351420888948392 -0.0297719179487681 0.0295212203591578
-0.2733573262331 0.441299015363897 0.0119612801120658 0.0461204774319917
-0.220214781667617 0.41177977667232 0.0200547854389639 0.0605050818521536
-0.217470254157214 0.430714761539745 0.0125487661392656 0.049615805433468
-0.383557370294197 0.403119552130149 0.035223761773217 0.0362418133222502
-0.51267452118348 0.245905021252194 0.0504010741731716 0.0384584592203395
-0.651757119105332 0.0462698860100944 -0.000605444682027083 0.0782391612353219
-0.593493397685466 -0.249962463531332 -0.064260258858667 -0.0202705747580437
-0.357808206942863 -0.553846632790658 -0.00659015822769667 -0.0298540265807586
-0.220508635301099 -0.679143667226171 0.0760252565199956 0.0853177705121296
-0.193405946107852 -0.552055366925141 -0.0249827589950758 0.296731616075563
-0.329864387523945 -0.502874767864404 0.0780349542354104 0.195563499324307
-0.53141630709965 -0.289332423127255 0.0538271488371238 -0.0283412740913563
-0.580663589588253 -0.0100649862306736 -0.0442502282839597 -0.0372764879490811
-0.50097106216031 0.186546997715438 -0.145290643455985 0.0566173810969499
-0.379856723145751 0.323429573075736 -0.151292217019831 0.152594043000585
-0.243430816394735 0.394088560407209 -0.0954813070586958 0.208352738855986
-0.20794480670099 0.361811893206688 -0.073265547178349 0.231357884838381
-0.221840211549345 0.367340222539558 -0.085956528417226 0.209006163794695
-0.371559048451943 0.321181340191428 -0.0760033703670572 0.155807658725655
-0.468467945600642 0.156953379181164 -0.0599387750626107 0.0980895131667941
-0.538107865095738 -0.0355177155677059 -0.0475077596752838 0.091542936505295
-0.453439713542874 -0.248494121538338 -0.0360783671087477 0.0206729755138913
-0.273130181863061 -0.474088508001753 0.0549269426639599 0.0713240956839642
-0.189955695466522 -0.584852105934195 0.113147480975948 0.298315698504314
-0.173898127886265 -0.380176408842737 0.00350857106650315 0.506109168514264
-0.263268858763175 -0.311455451074428 0.140458849226659 0.329201128849032
-0.370724002851704 -0.154262725655847 0.0755086159716223 0.0507438840971575
-0.374103375806364 0.011536001049821 -0.0558261946706766 0.00615048479123735
-0.335895258305298 0.125652997580634 -0.21217063842136 0.115642146689928
-0.267641778482418 0.230100872219326 -0.231726563820301 0.260124713264843
-0.180997721340234 0.281903087234738 -0.178911009433801 0.341841748871158
-0.163030364401216 0.258443211306579 -0.156320193821602 0.366493009848046
-0.185559307808404 0.253292783053438 -0.185537642112094 0.327447750424922
-0.292004244405167 0.199081585266714 -0.194192980066199 0.228899433520776
-0.342961296943795 0.059418175623611 -0.171791222360691 0.112500606282672
-0.339131089979704 -0.0878648627091619 -0.0937743944784925 0.0676616079401914
-0.262006901525656 -0.187716246874076 -0.0150119869605274 0.0439307599985213
-0.166430758989362 -0.315297038216943 0.0908442208961484 0.146085236076941
-0.144437033388759 -0.412032378717248 0.133223805674208 0.459738453025286
-0.111158312275055 -0.14567831144014 0.0195710994229343 0.638441230091324
-0.122359715136276 -0.0865014543281041 0.185511437693165 0.412387523265397
-0.132600218840571 -0.0296951286896105 0.10326045137023 0.121351508552591
-0.117903156683673 -0.00633197331778943 -0.0428813140572839 0.0459113408847901
-0.141018024276041 0.0239654067096836 -0.232997829192738 0.156133940658781
-0.132451073197192 0.0908510997752812 -0.262390945891068 0.325150572967424
-0.100712908526102 0.123539616677217 -0.227559402014715 0.425899228548433
-0.0927047290994071 0.117041068721275 -0.21547863724979 0.4462918036109
-0.107388068563346 0.109806018254835 -0.264771658950461 0.391299345884886
-0.153967581079091 0.0725711487069654 -0.292154983501634 0.253963450395712
-0.161733253196376 -0.00710691612175907 -0.261362380223801 0.0880698833058159
-0.113602094648334 -0.072273178672816 -0.118312041598937 0.0212030774327879
-0.0826286542930923 -0.067381462994812 0.00569144966006711 0.0563369720229489
-0.0899450100006532 -0.108789153150493 0.106222346785611 0.195872722141098
-0.1071733703453 -0.184241770902838 0.141706253605447 0.54878272926782
-0.00300877259868228 -0.0968097256830113 -0.386111746040193 -0.473700380465131
-0.0174918286191309 -0.119701584750542 -0.280815167696316 -0.209468678118299
-0.0900517311632605 -0.0616814453587492 -0.0755463206502571 -0.048838135437184
-0.0833522758506006 0.0293951912098089 0.0732772409893938 0.0148065122591134
-0.0317195844864357 0.053373186553139 0.253414613790775 -0.150444235086247
-0.00417899933440499 0.0415763732731226 0.221669646792985 -0.365756144416112
0.0259823736517384 0.0419915076428123 0.117953226102045 -0.492771278650037
0.0281701861663513 0.0430735075419447 0.0169554496869424 -0.538216920232315
0.0449524049664519 0.0490018841372237 0.00378623652296273 -0.519122384028018
0.0290353468245163 0.0740336705850037 0.0501508838119105 -0.436616802539937
0.00310273058858539 0.0876534059499123 0.101612588625056 -0.285983979877156
-0.0745224676117122 0.107768144143883 -0.000285650791522191 -0.126201412628059
-0.134523362227577 0.00765060877299996 -0.178206118986781 -0.121582408292322
-0.0663428860537851 -0.105652610079986 -0.296563255585834 -0.264881416303488
-0.0182690931679571 -0.10464809220694 -0.277100569956461 -0.602267387096464
-0.130104160222106 -0.281087472581887 -0.346257779263283 -0.453583041491376
-0.154786933402997 -0.279296281545995 -0.2577623161137 -0.225927950251866
-0.272077044130518 -0.143335759927492 -0.098633715808753 -0.0821010621538255
-0.286773575224074 0.0443217763960279 0.0427250796858452 0.00533411929172825
-0.204699120117984 0.163700401873888 0.22758250705052 -0.128763620049331
-0.111920456560046 0.209615184120889 0.204935515240812 -0.322618769143207
-0.0112692183132313 0.232436627785922 0.118869109751471 -0.44125589109238
0.0108769665198887 0.227182292845685 0.0284772746634125 -0.476466799975478
0.0431001428337921 0.236031126539465 0.00957423572057246 -0.463969927550933
-0.0270753489194081 0.27513172144112 0.0545113310000956 -0.397045090011312
-0.119845517273588 0.255287206729109 0.107240542718683 -0.267683083448352
-0.265922582950336 0.237734355908033 -0.00267934031648013 -0.100108895864091
-0.374598924561631 0.037239826705737 -0.19274316389214 -0.106943634414604
-0.303251681717884 -0.220834405651363 -0.281782748695084 -0.235169512359609
-0.232523492860363 -0.305820860680192 -0.237496692451772 -0.504116144790584
-0.250615058067879 -0.430591766947756 -0.281911429173747 -0.345556955984485
-0.299771787200217 -0.404746075470355 -0.208408054009697 -0.18686570749485
-0.452362149432224 -0.195732199322744 -0.102690417472492 -0.105485652202868
-0.474111091263681 0.08101319020064 0.00692708100134582 -0.0172478298266955
-0.355008324604148 0.271395137139302 0.159431991150202 -0.0998867899700195
-0.204126728779087 0.360056628740705 0.146891701190753 -0.237699040785501
-0.0444688503864243 0.391902421106829 0.096322833699822 -0.321084287926648
-0.00510120148633012 0.374138789585817 0.0357374699037844 -0.341775386266662
0.0357183928381303 0.385021825396137 0.0165470451318754 -0.335725579741679
-0.0779589664345823 0.439152850449355 0.0540325872570943 -0.299095501574211
-0.225534088712401 0.395158036178564 0.101554354822132 -0.212628144616296
-0.426791862956283 0.34366887496706 0.00530959623553053 -0.0625112103759387
-0.56533833650849 0.0671626678706362 -0.171373013597875 -0.0789131781842299
-0.492981937141227 -0.298602501331825 -0.216848898572354 -0.182220345290939
-0.410913580969848 -0.452842403079452 -0.136695242610395 -0.348291227209183
-0.352021087052729 -0.511864577898434 -0.186109293988259 -0.163195264100996
-0.44283152905502 -0.459652525902028 -0.12159454085529 -0.0935931934685248
-0.608330215143284 -0.185388678925631 -0.0823186661486941 -0.104335030634657
-0.603815683684111 0.152813283623431 -0.0320195011016256 -0.0341631035638778
-0.445396192079414 0.3715049117415 0.0628484416500339 -0.0472142991170465
-0.251802690380972 0.471591948943992 0.0651883294147151 -0.108288729632047
-0.0601401047590266 0.494103595138693 0.062301834427986 -0.148329527218934
-0.0206201773780755 0.463301135304831 0.0406194578410529 -0.158178256338208
0.0151424699131882 0.475178960674302 0.0256985453142048 -0.159998961776423
-0.12876601273606 0.536114541343193 0.0508267028699526 -0.154062381719272
-0.314590873603168 0.47259438749428 0.0840277665808932 -0.121745768402441
-0.536178364259937 0.386373540544523 0.0142538046743103 -0.0168602492847438
-0.672768252790276 0.0692965419897519 -0.123282914188907 -0.0469090465681032
-0.594719896674339 -0.344582630117325 -0.110413480278309 -0.115251812039967
-0.514303808299546 -0.529735728910404 0.00389304507388736 -0.157672157075885
-0.410745419398371 -0.515949534634567 -0.0593605095835283 0.0582216768094653
-0.530732469613237 -0.428663978205388 0.00374185101886728 0.0298279542879712
-0.67807220518866 -0.121230577087558 -0.0410470113979725 -0.0766032144175021
-0.628270438512558 0.225135081793515 -0.0647582860470636 -0.0265254291215784
-0.448984716540289 0.421696184692683 -0.0355704146833174 0.0381833740933731
-0.248035856678848 0.511976675455492 -0.0137556538714392 0.0557723322751072
-0.0615604800267905 0.521303972627123 0.0291577514335319 0.0534803571571443
-0.0323820306944111 0.48124638872878 0.0406015858612265 0.0479460976966696
-0.0170106356943445 0.494117828169443 0.0259458210526631 0.0391495159947766
-0.179452703978879 0.544865263149265 0.0317141890772654 0.0153834048160993
-0.373634913989931 0.458754579640594 0.044321769781923 -0.00818697979422316
-0.573834150928126 0.335842589916386 0.00934330390651689 0.0325371957871537
-0.661973287121336 0.0245423961358953 -0.0657775172658954 -0.0134892535125276
-0.577612024872904 -0.357672898544274 0.00748580625121669 -0.0429076390811452
-0.523804661408192 -0.532409700592402 0.152010469706932 0.040914612867159
-0.399124265117853 -0.432447328501403 0.0805172909349076 0.278529630112106
-0.50850308249719 -0.324814898325235 0.143428221284889 0.150731164490506
-0.603610725250975 -0.0420439136147696 0.0138798713160882 -0.0274807170210488
-0.522488229141411 0.237381684174974 -0.0782585504572177 0.00523971169816134
-0.373183397528416 0.383985912586246 -0.108443190087154 0.136921109370254
-0.204490543762568 0.460950352732839 -0.0685844734155255 0.221653462671606
-0.054147827609291 0.466356924342651 0.00401252980024785 0.249417256471081
-0.0423484083027987 0.427539266058766 0.0338300773030522 0.246054605800291
-0.0488632815852054 0.437323182410103 0.00905658851932013 0.228899053407133
-0.204685724659974 0.463030840056459 -0.0133191360419546 0.174900442372869
-0.370190622873615 0.356143768051672 -0.0253611791506691 0.0966182236204394
-0.50851103006099 0.208581458186421 -0.017882748038474 0.0699656151400829
-0.533443316527798 -0.0347876336914506 -0.0202909272111812 0.015753051079038
-0.46162944750525 -0.318569740655759 0.102362663027128 0.0273279236126581
-0.449360813065079 -0.457039243677215 0.273222957675948 0.222672253202417
-0.310500395778501 -0.285298319837401 0.204661395685741 0.462141137917061
-0.368965514572989 -0.18069804876352 0.264985364428721 0.24523820387935
-0.401370452344032 0.0142733961593995 0.0769441346484598 0.0292001262261533
-0.327649966772535 0.169341882833975 -0.062228711161642 0.0435714607839227
-0.247615975802282 0.258222514725604 -0.141784212925177 0.215435920399916
-0.140912730082565 0.327868299922814 -0.0931335469096915 0.352057301393319
-0.0447480236639251 0.337166944682868 -0.0110171005912439 0.406129601442771
-0.0437591064395541 0.31110258430088 0.020462636236274 0.407380310057744
-0.0645101435982819 0.3161374530027 -0.0252274826088427 0.382501996536106
-0.184702456561032 0.314070574360356 -0.0822093049560171 0.296324151949266
-0.294664106077736 0.20806255026149 -0.114637344081364 0.165694295883189
-0.348651488435716 0.0726645196808232 -0.0607575983033782 0.0793485267553239
-0.325419238996324 -0.060956160644214 0.00863066540733679 0.0341196607677188
-0.293344175592676 -0.21630055120872 0.15928031260446 0.0862929831330174
-0.32667960274959 -0.314970725987777 0.350426570038241 0.364060436230837
-0.155423073390018 -0.0964387551105724 0.286731394584956 0.579249924830751
-0.146804456758678 -0.0344746391887074 0.350093971157741 0.300785190427727
-0.131400558531146 0.0282310166521643 0.14231499500197 0.0720495352311724
-0.105734167794185 0.0442194176730953 -0.0244132370434905 0.0640454003522293
-0.113473245661618 0.0822850270683527 -0.142750540063186 0.253420997199812
-0.0768680801239509 0.141352296984923 -0.0922275719114228 0.420332845464469
-0.0396813141500667 0.157583941010798 -0.0188254590378284 0.498306868566278
-0.0368963649723816 0.147125040344693 0.00562166416380021 0.505477206170238
-0.0547381171450641 0.148627188077268 -0.0651254258460065 0.47745408040003
-0.111341639455988 0.136244012241356 -0.15452090935394 0.364023321797339
-0.154021878306309 0.0660475591691571 -0.201129847965894 0.191719218851727
-0.135746748871542 -0.0146502576039739 -0.09747751177223 0.0622184337045396
-0.105688591980345 -0.0252547596268541 0.0308612698296459 0.0435904648922566
-0.130278126522749 -0.0578297396693391 0.184066997359561 0.129395364394815
-0.185560884090867 -0.118169083572826 0.382784057169601 0.443974181476006
-0.00492652903666922 -0.100400700675807 -0.419999182859143 -0.474013356383865
-0.021104372541771 -0.12450075880162 -0.297468436573759 -0.207597449747813
-0.0960551678494553 -0.0616739373837541 -0.0778457960760493 -0.0478254325567013
-0.085381537083407 0.0329196727621883 0.0768608083010551 0.0125803500973113
-0.0297488409960793 0.0573351131876121 0.254648349979958 -0.167012806317767
-0.00362845881004137 0.0432228158844768 0.213532247921846 -0.387800781968752
0.0284504627253873 0.0414628540359327 0.101238525823766 -0.516708896208879
0.0320639382641102 0.0438325053597983 -0.00632670786404664 -0.555290409667677
0.0491761125944375 0.0497704156231924 -0.0182351696327997 -0.537452246199144
0.0338770178258861 0.0763053409995628 0.0351543295485716 -0.454179509380876
0.0043664680933059 0.0912498098437346 0.0952174740587339 -0.30042938475426
-0.0741290588157743 0.114435360275129 -0.00560723546888021 -0.130113030757329
-0.137876241176538 0.0120682846024049 -0.188235546164344 -0.117200423555804
-0.0734197298306637 -0.107830816947144 -0.311720714231352 -0.263692170486293
-0.0226260381184199 -0.10634774954408 -0.307884140246023 -0.610001449414129
-0.143937345752071 -0.284268918705068 -0.378705309125475 -0.457709838550847
-0.167752516055172 -0.283603788890038 -0.274210074303138 -0.225979465180974
-0.284438215613783 -0.137014835277889 -0.102860836580883 -0.0813974447562297
-0.292975503664694 0.0567267861887594 0.0446083179506508 0.00397117366991528
-0.202354723207819 0.177168495737786 0.228433678382032 -0.145007239773269
-0.107844870473971 0.221257736306044 0.197901153446488 -0.344191527094666
-0.00263268218468677 0.240353053705235 0.102560446607677 -0.46341982732756
0.0213188446409523 0.234894537135866 0.0086833371237728 -0.493006596077741
0.0549261231323892 0.242507509847105 -0.010844857512339 -0.478756708462076
-0.0159853493422862 0.28714900290351 0.0399775868458282 -0.413220005113675
-0.11511835627075 0.269378706354123 0.0991431654898437 -0.282112598554578
-0.267021111692843 0.257236889957884 -0.00584675955403973 -0.102149165413196
-0.383923606920117 0.0511009581952262 -0.204542042450575 -0.100082103049711
-0.321728254425729 -0.219431637840816 -0.297063854540709 -0.23234820595413
-0.250479788027857 -0.30563585583287 -0.263534277744746 -0.511425056261822
-0.27342167852903 -0.433606880751603 -0.307306696169231 -0.348664648189461
-0.321677260208491 -0.407706943812154 -0.221930001873479 -0.187424564437018
-0.471191466782961 -0.183097678654129 -0.107715300759193 -0.105459043427484
-0.483566691179722 0.0998839681017685 0.00596220047798617 -0.0185131231017956
-0.354432733474656 0.294602524590399 0.159862922027513 -0.114018560167571
-0.196010106107684 0.37963139775031 0.140465316794652 -0.253200815630269
-0.0299074968027621 0.406985396080631 0.0842846925221448 -0.338948307656802
0.0101181801223235 0.387366403342735 0.0216533272474678 -0.353808947154418
0.0530263671302331 0.396817295763406 0.00167538443700757 -0.347705917392202
-0.0616598978468644 0.459155011755162 0.0431633965116281 -0.312337238145522
-0.218761221168297 0.418048801155095 0.0938557742829485 -0.224619545762602
-0.427834833541324 0.374902345378446 0.00512921825898802 -0.0644803276259063
-0.579210054635527 0.0897255476653606 -0.182808017670844 -0.0711013523592545
-0.520553549181888 -0.293344930206943 -0.229678932201111 -0.179231568251006
-0.438393103732615 -0.450809687375806 -0.153124109310636 -0.355627337805881
-0.381660886646633 -0.51335683643292 -0.200727901746439 -0.164785283743695
-0.472249130825339 -0.460216226585506 -0.129839646523187 -0.0943014015773323
-0.631100861340555 -0.165681998287312 -0.0875346111302615 -0.104519848099403
-0.612915363252379 0.180548097163349 -0.0346324406587148 -0.0348179634902472
-0.439998066410353 0.402082913017644 0.0619251968064807 -0.0560312721577389
-0.241322972780032 0.497089947207695 0.0618315115169342 -0.115859132997783
-0.042054502361749 0.511998648070167 0.0554279231856792 -0.159912227340145
-0.00321640781464792 0.48092231715193 0.0347709104261204 -0.165162415542938
0.0346049815834642 0.490229862752234 0.0182948416803819 -0.166127309930749
-0.111568494739129 0.562088589188749 0.0461052762923648 -0.161359534159185
-0.306680745847183 0.502069745076626 0.0778848362368535 -0.129125006322477
-0.539483845830825 0.423785722067983 0.0163031349281897 -0.0166598168704389
-0.68893283016701 0.0959835062329875 -0.132507011764522 -0.0398480902614407
-0.626719979629029 -0.33563834398848 -0.118941880337403 -0.114003432512167
-0.546854300931343 -0.525955141558424 0.000647169165431367 -0.164717210647245
-0.443968828607648 -0.515443298198346 -0.0609110004992825 0.0587118490619969
-0.562933038180647 -0.424820343323014 0.00418059671429879 0.0288526198128659
-0.70166274154837 -0.097121347920071 -0.0440284453777128 -0.0772151769905921
-0.637360504287954 0.254806671283394 -0.0695294623255054 -0.026385767619815
-0.444682536376548 0.45422685043238 -0.036637125171943 0.0360451033927805
-0.235222747828678 0.540089930559707 -0.0131252272544522 0.0575094726498357
-0.0435052660051948 0.542964022170308 0.0300588495669609 0.0502583957347718
-0.0163385311161556 0.499785472708875 0.0433926145678597 0.0477508835463333
0.000637610320620198 0.509580637355784 0.0274675337728771 0.0390065900872969
-0.163348907891441 0.572996129675846 0.0335651509509839 0.0140153696872655
-0.366395674672186 0.489606827004331 0.0406087111989744 -0.00956872400553487
-0.579164641623907 0.370874416790571 0.0134936011950861 0.0345018801506678
-0.680179727380084 0.0489279684571669 -0.0722801072406317 -0.00829183526191762
-0.610536772230124 -0.350124028445974 0.00436923178138824 -0.0434079205321693
-0.556833903603363 -0.528253016683743 0.162559398761164 0.0358658693638467
-0.429041878911182 -0.429910918399152 0.0927769532816181 0.281799639482181
-0.537079472163528 -0.316594613220392 0.153253809363128 0.148536943404852
-0.622263427185928 -0.0165499873143454 0.0135181148880352 -0.0286396953198667
-0.528202614332171 0.26523654731515 -0.0824218159004132 0.0070137073741377
-0.367408404382261 0.411170829698408 -0.107296821453663 0.141904441181902
-0.191685560426026 0.484837929080927 -0.0629785291953914 0.231356358123601
-0.0367323607158506 0.485102871180886 0.0126672855855179 0.254725313234209
-0.0289699482308621 0.444185259292218 0.0445807098933885 0.252534526880337
-0.032948857657624 0.452841034912851 0.0184992010574795 0.235941301680155
-0.192420927570242 0.489631482941667 -0.00607418131765579 0.181437260071884
-0.367694308261058 0.383150511711802 -0.0268423664446683 0.102501661464461
-0.513454485758627 0.237187796978121 -0.0141733936195316 0.0740800980242605
-0.548199819298188 -0.0154115260856535 -0.0247810528773077 0.0189105396580987
-0.487986360407286 -0.312401009356321 0.10385389868524 0.0258360996110463
-0.478649497073817 -0.453405069175592 0.295345228618256 0.218976882346567
-0.332337377111845 -0.2803179489093 0.228138486727354 0.467259036226798
-0.38776157668056 -0.172062647988548 0.282296139457514 0.242674723805713
-0.410210865816399 0.0325899964310715 0.0793194272095799 0.0286874818717334
-0.329412650293778 0.188326528544704 -0.0641934823561275 0.0458776880672708
-0.244637234451357 0.276319406451998 -0.138325218831744 0.225238745581159
-0.131391309393681 0.344012195805162 -0.0827719410879581 0.367859462698229
-0.0323560485604925 0.35183912937181 0.00371157473399791 0.418502843899167
-0.0347239101663056 0.323754649843543 0.0387979500632931 0.418733718554886
-0.0544025563192855 0.327753637890453 -0.0101812742430236 0.395346698173355
-0.176758638398641 0.333889449458376 -0.0729730200059951 0.309524612318499
-0.294352402848233 0.227768926842203 -0.114883099706922 0.177049214785006
-0.355884440622103 0.0897492731518828 -0.0579464443337985 0.0847987375259779
-0.335548345758525 -0.049508211964699 0.00657279205647873 0.03548995540985
-0.309896530503106 -0.212907159120035 0.16375088572225 0.0844720165177143
-0.3472301104242 -0.310488135375531 0.380190919202136 0.362019444528888
-0.166387419189758 -0.0923778007723496 0.319364584510283 0.586006233134751
-0.154006491086247 -0.029096882216519 0.37187505834598 0.297483055033411
-0.1321252068635 0.0363496164190021 0.147974716199309 0.0699159852248459
-0.105448914580108 0.0501332623990438 -0.0231802192660566 0.0661116345785123
-0.11374537125033 0.0899049724552755 -0.13656559812067 0.267064529198546
-0.073004208260853 0.148771486792029 -0.0783419735109188 0.438014083566443
-0.0337169929147127 0.16523028231747 0.0015878124435992 0.515751594181491
-0.0340674429502826 0.153814415298298 0.0277509152290773 0.521878779779642
-0.0513783386195518 0.154928740106068 -0.0463645659385137 0.494540193576964
-0.109126123885224 0.145848572465835 -0.14369204133863 0.382530558605878
-0.154600483628279 0.0745312469519526 -0.201306964991437 0.208227196851819
-0.139421268187513 -0.00901054290803701 -0.0968614571196283 0.0672862120317123
-0.109031910416225 -0.0205693244538753 0.0314734543036883 0.0429579016582306
-0.136584126598729 -0.0540363867945047 0.190951331593217 0.128273589900445
-0.195901741408296 -0.113025224043981 0.41585762812438 0.444322160756632
-0.0101075454606077 -0.102322425057553 -0.462209644038361 -0.457676255510474
-0.0287404627132154 -0.126905781114082 -0.31639342890018 -0.193798401007806
-0.102456303199792 -0.0577287092663376 -0.0802166854603766 -0.0450989749773769
-0.0856910021989555 0.038619660225954 0.0796873002293207 0.00782031027685804
-0.025190087946913 0.0611737475434209 0.246402531519019 -0.188290935806561
-0.00126493937375321 0.0448456080799348 0.190297055320507 -0.411888563238295
0.0312228676881117 0.039747419721343 0.0679754402758073 -0.534497937532216
0.0372865045975547 0.0421968573411582 -0.0452695236021846 -0.56543483081211
0.0547845111429423 0.0481980006673381 -0.0574388497409963 -0.544802869182107
0.0401896272381081 0.0765861651623295 0.00484834997925756 -0.465186635123576
0.00868920819492199 0.0937858774717926 0.0770515445290785 -0.313964806667169
-0.068994971882891 0.121813897620761 -0.0144249284394532 -0.130671481943003
-0.139443665528581 0.0195671754086371 -0.198679109494564 -0.104477687524344
-0.0826655601049752 -0.105624950393853 -0.330867335005073 -0.250276833865497
-0.0290231629096567 -0.105904994560867 -0.353989678675473 -0.601880742158039
-0.164077490466918 -0.280033633460663 -0.417314288610329 -0.442515092942955
-0.18752696616722 -0.279153581685393 -0.293537366327153 -0.213470847583913
-0.297354334882797 -0.120552733004125 -0.108079717588781 -0.077927782742836
-0.293948535584156 0.0760043012621286 0.0458314270779452 0.00128901821911673
-0.192556973656813 0.194531319094738 0.220054239851334 -0.165698035401337
-0.0947768817463274 0.233069129123813 0.176546947806152 -0.364536663288591
0.0138905192287848 0.244736038888778 0.0709260431416337 -0.481720067018612
0.0385803716401592 0.238194625663332 -0.0257171470870114 -0.50296214672662
0.0734377325693221 0.244460069031414 -0.045430679300201 -0.486959821654719
0.00487073720569946 0.295324834874674 0.0124595210410477 -0.424496202877735
-0.100747797759442 0.284330140931189 0.0804325625556225 -0.295430524875698
-0.255201907796259 0.281178478756731 -0.0115991730822914 -0.102598823482052
-0.386766573838976 0.0752396401386656 -0.214858664499661 -0.0844193965702022
-0.343019318705859 -0.204338428132304 -0.31493822156253 -0.219263427087169
-0.272028339538943 -0.293136038479036 -0.301051491849616 -0.505394062785525
-0.306170423805862 -0.422322524268049 -0.33887686575481 -0.337491748392191
-0.352108171646854 -0.395539655424736 -0.239066295111519 -0.178527834215688
-0.486953337331396 -0.154012877816656 -0.114355896781813 -0.10138272055212
-0.484165386638185 0.131450734977488 0.00471387843415184 -0.019441503585932
-0.338218376378335 0.323516834215872 0.152318278793831 -0.13009677909047
-0.173699710243905 0.400731880370785 0.124572318863527 -0.26833694461177
-0.00270540091825703 0.417417814807368 0.0590775963326498 -0.354162055708095
0.036409216586637 0.3955993158504 -0.00237612209676374 -0.361392546027216
0.0812852215606511 0.400378787335399 -0.0238326237799477 -0.353693789903003
-0.0293570464485888 0.474175644766098 0.0224399416210236 -0.321328539492004
-0.196106013754338 0.443139474090271 0.0778665961162644 -0.235636014280123
-0.41081154876928 0.411139310369842 0.0028145936381428 -0.0651037366364565
-0.582789653168557 0.127283025276199 -0.192409543566105 -0.0552741285583034
-0.551031282894554 -0.267178365164015 -0.244865600840167 -0.168718817122218
-0.473091368933442 -0.428019545771086 -0.176119501591378 -0.353480875847976
-0.423376314749306 -0.496927295300857 -0.218725984866032 -0.157272877000161
-0.50896735653782 -0.438138633280908 -0.138114635799276 -0.089445515530973
-0.647742002359129 -0.124688294855775 -0.0938238693196527 -0.10135371939628
-0.610900035418472 0.222320955785291 -0.0380946446762519 -0.0344721341133149
-0.419906675965588 0.437102903094914 0.0568473881955933 -0.0658099709432105
-0.211751094313353 0.524439230718147 0.0531873196570376 -0.12317072831486
-0.00726078410201236 0.526432241447141 0.0420280971907988 -0.169375666559302
0.029214704463204 0.490953405695392 0.0238818582626662 -0.170557926157525
0.0683592652132466 0.496475280535904 0.00650060205451179 -0.169749698213484
-0.0731062408351302 0.581294180338166 0.0348861304992882 -0.168772307459037
-0.279718185736635 0.533438507243524 0.0667086983659931 -0.136143277206524
-0.522346635601737 0.469851816124629 0.0183323385827418 -0.0179464398968204
-0.693729635986607 0.141098211701794 -0.14015665275611 -0.0267727210753427
-0.660683189121826 -0.302880202485751 -0.128453466940757 -0.108327986774301
-0.585418474603609 -0.497836191395631 -0.00675079706548381 -0.169847797530686
-0.484889019806801 -0.493308749770956 -0.0608538623164751 0.0603245782623095
-0.599966572809001 -0.395728614318251 0.00545674217818199 0.0273144151208449
-0.715711685901928 -0.0503442868629801 -0.0484875448752409 -0.0760358747735155
-0.629357267858191 0.301716132322595 -0.073302814502511 -0.0235765773315541
-0.42116763234472 0.490577425816292 -0.0370289505575516 0.0344127085451666
-0.201923029890695 0.566770027801347 -0.0116980296429106 0.0588766554000412
-0.00598291955512887 0.556744202280192 0.0305501321997916 0.0464232365583767
0.0149935866969698 0.512609840550352 0.047523985713049 0.0454813814060808
0.0341568713668045 0.5179681489098 0.0297810111802056 0.0383625699948045
-0.125703939558076 0.595747597236912 0.034685298025111 0.0118269289967628
-0.339810149843596 0.523644981226787 0.0364434046601468 -0.0110087157989984
-0.563644594049739 0.418915600231316 0.0185095175004423 0.0341130552812286
-0.68763845976476 0.0928483868222264 -0.0778248572096887 0.000917232875645388
-0.645607191726745 -0.318384334174004 -0.000218429600919499 -0.0436192704513839
-0.594955492416566 -0.499495989139234 0.171384469563492 0.0230649810045578
-0.466679852915981 -0.408393889240836 0.110321738691837 0.276855836690219
-0.56777891938704 -0.287634170491051 0.164424037659701 0.140486062068778
-0.630885748653381 0.0259969302451108 0.0127391634345112 -0.0288249994652302
-0.518269775451076 0.304424801476436 -0.0847067626935159 0.0112149649416477
-0.346041803545695 0.443011037854378 -0.102170428763889 0.148197517674082
-0.160154048260332 0.507479636744273 -0.0497006524941611 0.240543362723027
-0.00400240805946095 0.498558558951682 0.0275711799913055 0.256680365076035
-0.000952790126383964 0.456907816056242 0.0632151389632443 0.253410364381275
-0.00462989252740403 0.463047352066445 0.0345476043417337 0.238785943883131
-0.160659483284484 0.513325551838954 0.00534240771160194 0.185342900500589
-0.346846959184014 0.417266447119306 -0.0244687975046314 0.107925289546706
-0.507236196040007 0.278452483757644 -0.00702793752313787 0.0758687902426719
-0.556597916493624 0.0186875586022703 -0.0276047164957788 0.0241762046658081
-0.51723971424912 -0.288657314339709 0.104230736946705 0.0210919185479769
-0.513133603868512 -0.428027421506765 0.318885910862431 0.201085691840588
-0.359236132465285 -0.262128304152586 0.261209633151152 0.457563714900117
-0.407647135637141 -0.149894233458281 0.302588888179585 0.228586036696773
-0.412177008129966 0.0627977389592555 0.0828699567599252 0.0252285403754008
-0.32101916515784 0.213094474340046 -0.0635242001962886 0.049463499140905
-0.229959460032816 0.297917799788959 -0.126752098707415 0.237725640840679
-0.109798537281981 0.360260857769079 -0.0602425908750433 0.380805549440125
-0.00859799087538494 0.361982261633882 0.0308517543734642 0.425132434936615
-0.0151125591836041 0.334295024840963 0.0683892421140582 0.423151506095757
-0.0344924082656916 0.338016875727309 0.0179090556443219 0.402841947268214
-0.156045897342553 0.35295786831843 -0.0526034887401804 0.320441366359425
-0.282563718609693 0.251449617323646 -0.107866139545437 0.190454339150571
-0.354905541820296 0.116572206229489 -0.0518941382489185 0.0890849864569254
-0.343049136259531 -0.0277199386346431 0.00567026535004156 0.0365471160659504
-0.328348049675935 -0.197505259210241 0.168431897118494 0.0774325630942367
-0.371734857464979 -0.290432697263407 0.415398336795358 0.342189789290003
-0.176761150759114 -0.0811601131066608 0.362877544948696 0.574798192731727
-0.160315493137177 -0.0184795094132323 0.397246498177987 0.278555986595126
-0.1295570639734 0.0475308934265389 0.154544270305114 0.063759928428063
-0.10213415679995 0.0580684806334727 -0.020284953767122 0.0675936303901454
-0.110092182266582 0.0993509865537044 -0.120642033945082 0.28009706903848
-0.0632872233983387 0.156629985119118 -0.0508127430130877 0.452324917603627
-0.0229028583261312 0.171402681164965 0.0373967551071627 0.524189471499734
-0.0259692723661052 0.160473110868632 0.0649852534939609 0.528601927231271
-0.0431668054595547 0.161004657925067 -0.0119897875846726 0.507863929077442
-0.100793539216217 0.156174321315464 -0.117859010954936 0.399580176441002
-0.150603462666887 0.0860642729843137 -0.192062338885707 0.228379854574842
-0.141034992533947 0.000533767505768154 -0.0929877743650744 0.0740972129185073
-0.110979835530747 -0.0114981175797405 0.032584638397498 0.0402099985515052
-0.142041801889551 -0.0458686920491283 0.199635329075175 0.120153362799509
-0.206389420196639 -0.101468479380916 0.456567888299929 0.424134733882394
-0.0157740618755683 -0.10063355917856 -0.490466442850435 -0.418555262172064
-0.0362577205819386 -0.125134271254498 -0.325656850626885 -0.170892704154464
-0.10660619154781 -0.0500444968740332 -0.0808470779211161 -0.04080044605816
-0.0829925681897455 0.0438403578334437 0.0799992384749708 0.00251686072406596
-0.0190665686719458 0.0624387257830175 0.227409268213888 -0.204056832561182
0.00186043664778106 0.044995903611451 0.157063032104713 -0.421400958171053
0.0333922629993495 0.0363921891693204 0.0251871605493504 -0.535807249233235
0.0410175763384083 0.0380904579829468 -0.0863934850438301 -0.555431394571651
0.0590854040847271 0.0441438280900352 -0.0962254724324069 -0.534809110670603
0.0461616974037879 0.073773586002745 -0.0286754099208823 -0.462004265247761
0.0143395282613525 0.0939392817222698 0.0545506136964544 -0.317305919459459
-0.0607937580099385 0.126220979513332 -0.023192612752902 -0.126877604791155
-0.13658411216872 0.0264187563174609 -0.201673766607692 -0.0871549218257011
-0.0896426741043727 -0.0991933857031263 -0.340796753425274 -0.227291473663376
-0.0342585747625695 -0.102038624987723 -0.390874065058025 -0.56896561728079
-0.179709840018329 -0.263785403874822 -0.445925830012003 -0.408923349381479
-0.202735374864182 -0.264347063736312 -0.304589604568335 -0.191851589427317
-0.299842905561465 -0.0982100899241999 -0.109651732098866 -0.0707473618581905
-0.284882259806571 0.0947695544601412 0.0457268512347595 -0.00163660586687401
-0.174305687819286 0.204682366066702 0.202958188500868 -0.181256656130049
-0.0767520045507822 0.238071170543086 0.146715678302637 -0.374823269279161
0.0313726769833511 0.241070429603337 0.0321701415477472 -0.483841814377977
0.0564500204770566 0.232698340995118 -0.062215575300501 -0.494296022701171
0.0901716357086841 0.235480486030246 -0.0808356225711536 -0.476310902205368
0.0276886961468976 0.293008600043329 -0.0193062278413384 -0.421211721910647
-0.0804120087857728 0.289854961843541 0.0575241899373563 -0.298307182083124
-0.233224349909386 0.297371699862392 -0.0171943990316952 -0.0998123650346107
-0.377300269835699 0.0996315046594045 -0.217686879801918 -0.0642866739481933
-0.354172032349779 -0.178838286101161 -0.323385354284404 -0.19667112672659
-0.285508669324787 -0.270198749659465 -0.330526916747056 -0.478793528359632
-0.330313782984958 -0.393763973395865 -0.360958885390892 -0.310537488067711
-0.374184822013683 -0.368362988659566 -0.247630303504309 -0.161730528499285
-0.4866850843805 -0.117050872876636 -0.117714113237995 -0.0940438063511699
-0.465768313149362 0.162885896924227 0.00368925262841358 -0.0198865692679635
-0.308181637806482 0.341865927971168 0.137832249797247 -0.142758774050681
-0.14192584908903 0.41018304246379 0.102334845963215 -0.27565398774607
0.0283247060406284 0.413237718541032 0.0286852164659289 -0.356037275757744
0.0654065814395564 0.389064493566973 -0.0280575318911259 -0.356840314040235
0.108189493734212 0.38982312651863 -0.0497840579522932 -0.346494713459348
0.0071778628475698 0.472117192839136 -0.00167737418104123 -0.320229004931322
-0.16417854431697 0.45367348544262 0.0574584987041692 -0.238313035857766
-0.376529414005324 0.439313695320129 0.000354574097315629 -0.064317061214909
-0.566078473465231 0.162969831000773 -0.193902519032942 -0.0361788924534657
-0.563865770343787 -0.227317459299782 -0.25243237011616 -0.150564786953588
-0.491481461979541 -0.389788313112936 -0.197402881696907 -0.340020601033527
-0.451325931528719 -0.457487379931076 -0.230197543008778 -0.142055983270632
-0.530870757315469 -0.398393975117416 -0.143256008462356 -0.0802763306907014
-0.642890420498499 -0.078176074904685 -0.0971490730649911 -0.0955557628761511
-0.587167853606846 0.261588145565366 -0.0399109495137732 -0.032030133893442
-0.382260714931376 0.460868837291817 0.0480062742705865 -0.0732055831033958
-0.171552195511849 0.53311550496237 0.0420122814940114 -0.12559671893652
0.0310155568082894 0.521378179293919 0.0256435335137925 -0.172060992490766
0.0630126888927735 0.48548158254284 0.0116856296251389 -0.170458778096137
0.101675607191876 0.485332771069962 -0.00677496034171634 -0.166985091867833
-0.0268043811024824 0.582940326676984 0.0216430795136306 -0.170015887060762
-0.240308176442119 0.549252089760695 0.0529425572850064 -0.137404117638536
-0.481652315823944 0.504277550963867 0.0193862374441981 -0.0195997108669636
-0.675365043411743 0.18498288804869 -0.140831865271532 -0.0108120858766199
-0.674592409163309 -0.257200544228233 -0.135488839223353 -0.0978749247201363
-0.606901300236214 -0.449207583098446 -0.0166889727897487 -0.170168674448075
-0.51248511814043 -0.450998188039649 -0.0601152148875027 0.0610612118100903
-0.619785462328615 -0.350090794989997 0.00641092132187472 0.0257242804341664
-0.70450043386133 0.00182770168045179 -0.0511424410619523 -0.0728511320892585
-0.598674513602004 0.339887012372752 -0.0743596597385061 -0.0198077655161173
-0.378356648064904 0.513332772477833 -0.0367794560267871 0.032877799826275
-0.159462211068107 0.574968050546546 -0.00851616453409912 0.0597974868357493
0.035578645281424 0.551470621025364 0.0299040979682447 0.0428117587714513
0.052015571277384 0.508841583687253 0.0507392365665639 0.0406044796981506
0.0685012804024989 0.510127677636716 0.0316008207542031 0.0366283428474181
-0.0788772572544069 0.60016550850223 0.0342216510008811 0.00851972131203539
-0.30032933884201 0.54284854543511 0.0315779586840375 -0.0111930332391583
-0.526927282845331 0.456440495153917 0.0227172438451798 0.0314888180001788
-0.670250642939746 0.138764287946576 -0.0791724090165209 0.0115979085569967
-0.659605234083209 -0.272260853654624 -0.00540804447332502 -0.0418558568701283
-0.616221207227066 -0.449596561771284 0.173887002746537 0.00779896890293186
-0.489402867998997 -0.367384601005523 0.124144075902746 0.262663615581092
-0.580889258324664 -0.247586160080344 0.170715633860607 0.126867874906302
-0.615948474587853 0.072231690817527 0.0121129457448251 -0.0298116023434656
-0.48853672374072 0.337244655334808 -0.0840381831808355 0.0152617238338902
-0.309982921297369 0.462520503073792 -0.0920415587366817 0.150245108020103
-0.123144824957248 0.513999414760763 -0.0326615776451654 0.243270203309817
0.0333167362461833 0.493668894340917 0.0430620411795277 0.251159720535291
0.030443609405244 0.454627439832726 0.0809748368620419 0.244564610820538
0.0262406198252009 0.457372911430767 0.0517200944475662 0.233458385635707
-0.120133995903421 0.519461529988393 0.0182491455177672 0.182277064262657
-0.313768349688522 0.43607445474919 -0.0189218689027533 0.111258774776477
-0.478979936180935 0.31321579619374 -9.21605955839665E-05 0.0745573328006501
-0.546345752271086 0.0591336929079493 -0.0285912596483069 0.0294645019299225
-0.529666695655164 -0.249861266270848 0.101490223849331 0.0152254088014545
-0.532744051435821 -0.385131025156915 0.331616301728564 0.173898129499166
-0.374301724915115 -0.231859213692643 0.287315812277013 0.430941054338996
-0.414286347110976 -0.119368254480741 0.313431538305965 0.204581818100036
-0.399069937732675 0.0925786558500367 0.0839881013091408 0.0197583938995199
-0.299785067346688 0.233131041621282 -0.0604389975291282 0.052381842221331
-0.205665498504202 0.310853187610591 -0.108590509709632 0.240923369784839
-0.0819613810837339 0.363985611074014 -0.0324897554191587 0.382803431101308
0.0187364786795766 0.358850286052878 0.0596025916590595 0.418088978846207
0.00770872865203928 0.33353701560472 0.0991461279026122 0.412098143603928
-0.0113195650715781 0.335449502852951 0.0474033474952368 0.396365635731021
-0.127884022097888 0.360747996903001 -0.0284956454232369 0.32010942706342
-0.260707157200717 0.269066787059145 -0.094702473555139 0.198902797863525
-0.340292159854023 0.140786401129164 -0.0441517111916204 0.0909604907918253
-0.338189550976686 -0.00247605346575256 0.00499998776382216 0.0376766525444649
-0.337783216244221 -0.172733173217615 0.168849714314739 0.0670043989330177
-0.384692139700641 -0.259691931406952 0.437471889774909 0.306916092067873
-0.181972073297242 -0.065795075847201 0.39661771263769 0.538050826646095
-0.160637603371301 -0.00569544236711115 0.411899034135439 0.247763160060126
-0.121510729424415 0.0569761151083283 0.157746022715961 0.0533563306578397
-0.095177231907884 0.0640225138659946 -0.016002033049237 0.0670275636682543
-0.102879821067721 0.106531935344982 -0.0984492031097991 0.284082194597826
-0.0509735704684229 0.159287255877749 -0.0168961212462691 0.452688944757798
-0.00928369416976505 0.171570786254975 0.0748826994171816 0.516073351210062
-0.015331533993485 0.162148726403361 0.10257448777859 0.516057062083158
-0.0324144693543239 0.162192399645756 0.0256048710049254 0.501070839014583
-0.0876613574027587 0.161391379706403 -0.0869487569233223 0.404012076460102
-0.141390518609719 0.0950347109117051 -0.172323462449538 0.241772841989202
-0.137659609604926 0.0108109307126868 -0.0865871529116593 0.0777724379754894
-0.108644549634032 -0.00097477238678696 0.0325877695448975 0.0371694343110479
-0.142781317916003 -0.0354927050355937 0.202189237372219 0.10754288985107
-0.211812755189487 -0.0845431585120943 0.484321030699089 0.385005975859544
-0.0189224945448748 -0.0963766661765118 -0.494945304297523 -0.380159042412203
-0.0391689126853405 -0.121432059777216 -0.322422382986811 -0.15020072560385
-0.105733669727801 -0.043351949773164 -0.0792174173692726 -0.0376223479413013
-0.0790872750322669 0.0466121299770304 0.0784362701974808 -0.00117220040242377
-0.0143655230228868 0.0608621037618745 0.206857513047534 -0.208934717436284
0.00394319691974497 0.043658852676522 0.128457281696441 -0.417147857529445
0.033971574898011 0.0329926282497206 -0.00447513870192555 -0.522097410618811
0.0423456706904804 0.0334010746383164 -0.113109364032744 -0.5306168854783
0.0606623566113414 0.0392745303968725 -0.120756015257258 -0.509889300803204
0.0490592277469672 0.069804903897013 -0.0505387741886048 -0.445500576462037
0.0174326202516536 0.0916776211211949 0.0363906862274974 -0.31102974549609
-0.0539596971879821 0.125588418743136 -0.027555061190281 -0.119756103846135
-0.131216482278281 0.029868299348418 -0.197001107460276 -0.0728978175568632
-0.0912862593304183 -0.0917953847749237 -0.337324757453828 -0.207251928830237
-0.0359237219520035 -0.0968552644044066 -0.405694991573328 -0.530515790816203
-0.184589988013719 -0.244637922013563 -0.453991799269703 -0.371998221383782
-0.206263646063571 -0.247450641504647 -0.303405461267231 -0.172018207552757
-0.291695170015423 -0.0793013881512101 -0.107572950898386 -0.0660555378706366
-0.270052416116612 0.104737373229911 0.0449469813023126 -0.00411874239632321
-0.155829135832277 0.20591766811797 0.183716380108485 -0.186226024974027
-0.0621956225245105 0.234925783667133 0.12058662325933 -0.369811238209359
0.0419468304021931 0.23190393998281 0.0022893693935431 -0.470363770939908
0.0673142309576178 0.222167062904069 -0.0848219805442462 -0.474333929158433
0.0996705532883868 0.222869004001657 -0.102376438794097 -0.455691026913451
0.0428865915766786 0.282595887356996 -0.0399443634304955 -0.406811453630892
-0.0644127403578031 0.285838945583142 0.0385620570622413 -0.291186735271723
-0.211444623926129 0.301077689189101 -0.019686420777513 -0.0949842236491024
-0.3602705942415 0.110852991091907 -0.2116227159093 -0.0485845804391338
-0.351625302788112 -0.157713903756626 -0.32114605767879 -0.177492722459209
-0.284902536212693 -0.246671251200853 -0.341321418654076 -0.449827195263304
-0.336393620440812 -0.360959250823429 -0.366589627909697 -0.283405398488906
-0.375080952311389 -0.339587842487286 -0.246548867505335 -0.146011682091497
-0.472487773716839 -0.0893664513148221 -0.11597140153445 -0.088434313931348
-0.443067545306443 0.178743509515005 0.00314532239987263 -0.020385277127292
-0.278880375206234 0.34443658159664 0.122209734978228 -0.147008554377651
-0.116761192435038 0.404015493147533 0.0837048333121418 -0.271298337458455
0.0487557589847563 0.397923922065511 0.00656203565006847 -0.346392860294964
0.0834921536787703 0.373611353771839 -0.0448189970049244 -0.344245666207002
0.1236296217073 0.370985818655252 -0.0652685455160925 -0.330915277464228
0.0327223841674675 0.456864343572492 -0.0187253894605268 -0.310302621517162
-0.136331227514932 0.448518684138338 0.041133279996817 -0.231852573944938
-0.342142498580323 0.444566340286378 -0.000405218274550097 -0.0626053170328502
-0.539658555588587 0.182323029919867 -0.188241223944393 -0.0211725835290333
-0.555819765146432 -0.195350190224113 -0.251401191970092 -0.134326478270996
-0.489039375885096 -0.350364751957164 -0.204139392758438 -0.319860669179651
-0.45611252538633 -0.416237678692507 -0.232806897835538 -0.127611100109673
-0.530632256733367 -0.361996185653311 -0.142168119232893 -0.0724773428043646
-0.619511439743349 -0.0439346132285761 -0.0962124983515711 -0.0908525234083478
-0.552940199068087 0.279986057217583 -0.0403376217591905 -0.0307543220719729
-0.345518648946343 0.461461261154883 0.0394466266886085 -0.0765107208951405
-0.137033023076068 0.52603457752117 0.0333546502682869 -0.1232552221635
0.0576379442076278 0.503181462628201 0.0126585988933983 -0.167929413829137
0.0861494776411571 0.467658513204869 0.00332762996221239 -0.166079575678518
0.121077477479989 0.46354568962276 -0.0146085275424115 -0.159931155554561
0.00397403903847427 0.56514401793015 0.011493650112037 -0.165878223231488
-0.205055944469463 0.545327560230278 0.0420401757344167 -0.134102892682721
-0.439340200404396 0.51397936143724 0.0197502798281016 -0.0209901993625602
-0.64185420722474 0.209325818728618 -0.135952415604347 0.00211287364221779
-0.663226455073858 -0.219155808687636 -0.136632907102376 -0.0879226264362746
-0.600742890122312 -0.404412954874093 -0.0221938812182237 -0.167156954800605
-0.515205611459447 -0.40628115894765 -0.0594036523237118 0.0595225997388268
-0.61355514022208 -0.309811216393211 0.00730791742658227 0.0233172502212683
-0.674164953510365 0.0351154286815498 -0.0506399612635315 -0.0702971817120683
-0.559925103011871 0.357907948220879 -0.0737082365457347 -0.0173964268627043
-0.340512597727689 0.515504215475996 -0.0374740825148139 0.0297959988941817
-0.12367720392689 0.565749960900907 -0.00541239981975054 0.0589484106839987
0.0619936386107754 0.533398799059025 0.0281562682342166 0.0397568173393882
0.0744457296650338 0.491376786729293 0.0517445151700375 0.0350857414396971
0.0893310265989603 0.488522689632795 0.0328303444856798 0.0347068990266361
-0.0438555312044656 0.585291499091716 0.0327836033529351 0.00589752631653812
-0.263261459669789 0.542622927242628 0.0274708317653559 -0.00999409175572077
-0.484561742560254 0.468847250039729 0.0251097200054178 0.0279344188995657
-0.641087381133059 0.164580989659022 -0.0763942962764667 0.0210935735494814
-0.649343720437395 -0.233548122136933 -0.00943592753575474 -0.038692240276369
-0.611519910380385 -0.403915827293184 0.169617724572232 -0.00449268713542522
-0.488615432035802 -0.327316183664563 0.127909998133103 0.245002970307643
-0.574358375775613 -0.210723359462942 0.170721611513081 0.113974030102159
-0.586504661742357 0.0994721820580792 0.011779156968423 -0.0306829964843539
-0.454107124136742 0.347696894129697 -0.0813466349968432 0.016855750457387
-0.275727657996843 0.462614459723666 -0.0838023499260355 0.146244971209887
-0.0905340923560517 0.503709968925055 -0.0195587499227662 0.23779004560488
0.0568936719435294 0.476870093022052 0.0521219670996146 0.241117212372819
0.0528444455775881 0.441070867130977 0.0915674056628379 0.230847716444364
0.0470123873764768 0.440648938858533 0.0616486921004547 0.22315792221852
-0.0890595996990643 0.508164854080824 0.0267523512903067 0.175282226616728
-0.279747116333155 0.439005943095091 -0.0148057025079475 0.111024826207232
-0.44473703353537 0.327383183794249 0.00485810644495871 0.0705863792493866
-0.523187671698746 0.0827749281688547 -0.0278459832557898 0.0344755454143172
-0.522264259834305 -0.219748429396868 0.0955457368740073 0.0128144555717851
-0.527795330497653 -0.344422147175043 0.331135193333981 0.148331896237239
-0.372871007836753 -0.202172145682116 0.293524446390247 0.400399674250433
-0.407751393747555 -0.0943295016972186 0.312542157542576 0.182713717596187
-0.377835536534789 0.109447169207305 0.083632617561484 0.0149454549078412
-0.276680132805768 0.239452964093273 -0.0568152656601603 0.0515207822553234
-0.184320763416488 0.311548271287836 -0.0944286360427969 0.235489501566387
-0.0602724676266274 0.356682720703338 -0.010963458219776 0.372707989103374
0.0365181111586467 0.34709372963097 0.0782542714378879 0.401371059086735
0.0236197294026963 0.32508350560972 0.11701906930768 0.3907539086726
0.00300992229557785 0.325189054103139 0.0659754903586844 0.380722345535651
-0.103772926942843 0.354928208038004 -0.0114122943973194 0.31129532316483
-0.236524683827868 0.273731291642695 -0.0827717535493929 0.199440753011026
-0.31902323223475 0.154174549643006 -0.0375619224057782 0.0879415402318284
-0.323800557183125 0.0153286109676451 0.0036666640981348 0.0382657571652452
-0.334160014071664 -0.15204400247943 0.163607125445815 0.0594472460630995
-0.382118587848684 -0.230455429732924 0.439333850583747 0.272249312395588
-0.179872358154647 -0.0526851055980155 0.405846725133832 0.498468354779745
-0.157160721191027 0.00445108382771598 0.408901054572304 0.21934174882067
-0.112608017695187 0.0610639829278243 0.1557630620741 0.0454513016974007
-0.0867457697933801 0.066120163760776 -0.013339712933734 0.0636884971331716
-0.0942489902249107 0.109065407309175 -0.0805946857688485 0.277410647616885
-0.0411772329535965 0.156801509693578 0.0074185161751847 0.439555151361204
-0.000226941101239031 0.166265216738669 0.0997500161688838 0.496982559932804
-0.00699827035364948 0.159153881980049 0.126584553510653 0.49206919170045
-0.0248568741168095 0.158773214693949 0.0515302889024589 0.481855582244567
-0.075830320531638 0.159624811437014 -0.0630539705200816 0.394860509320284
-0.130536935857631 0.0981757895868084 -0.154618369508028 0.244051783993319
-0.13060107662668 0.017531459745048 -0.0793722280155379 0.0780632486027015
-0.102673589755388 0.00610842937195497 0.0304890448492343 0.0343653517273831
-0.140047383277582 -0.0272634283609441 0.19867558363165 0.0970345045805752
-0.208701218788889 -0.0699284641109128 0.487910484235468 0.347393702144962
-0.0132074294928011 -0.0888691471961455 -0.468964849273033 -0.387737377491441
-0.0308886739821064 -0.118841476504977 -0.309744371372454 -0.154477445087943
-0.101850880735932 -0.0466026857289824 -0.0760090991634223 -0.0363680536443773
-0.0792673491063881 0.0410174022253674 0.0756843706554829 0.00539172617687329
-0.0191808298875531 0.0564606642735887 0.203282563280782 -0.192684016664781
-0.000341614829632983 0.0423802204383469 0.131532772146307 -0.396047220766237
0.0315095649469343 0.0286120303511377 0.00481171895677528 -0.505474925348559
0.0413631491729806 0.032223206777163 -0.100099655835003 -0.515628397896198
0.0589455787578669 0.0349855513523923 -0.109553757430919 -0.494606216875758
0.0464456102164648 0.0675776026154653 -0.0442665939637462 -0.430826112626335
0.0137171068024194 0.0903389566523612 0.0381718104747429 -0.297857383704541
-0.0571543375615718 0.118604498633028 -0.0277631250989989 -0.11201702025552
-0.133340240241113 0.0219322061199616 -0.187254426938365 -0.0785811071540585
-0.0908860361409998 -0.0962218644271801 -0.313737116220074 -0.217209285486113
-0.0390713397050601 -0.0963501562746069 -0.361826511652801 -0.527329091061652
-0.167576487607364 -0.242536501813297 -0.438468969971626 -0.374762099328549
-0.187157911761729 -0.249199648086001 -0.292913271849322 -0.170354132742616
-0.278968103018744 -0.0905188798649278 -0.103387821961653 -0.0576416357520809
-0.263158073888671 0.0894146369153647 0.0403003730913955 0.00850307838751022
-0.160559988517613 0.189703655771215 0.181924689281016 -0.163268230638384
-0.0702012536235139 0.225606050250216 0.127118804511641 -0.346661983503212
0.0327226247229129 0.22314706107149 0.0144248830440994 -0.451181960226665
0.058816350525163 0.220642708370398 -0.0757666793000095 -0.45705936186593
0.0914786923160636 0.216507171720347 -0.0950537676189428 -0.439995179246313
0.0369578355249733 0.277836013459247 -0.0382563030426509 -0.392080598569034
-0.0716727285578912 0.280667654179962 0.0322903617730792 -0.278320641725684
-0.213552972635877 0.285909318601637 -0.0316978670124795 -0.0875774582514553
-0.359118920051264 0.0955798527942366 -0.208321206380185 -0.0592675973016649
-0.342723612495575 -0.166705117212089 -0.297996212125387 -0.195115629307099
-0.276539161809117 -0.244919212882573 -0.301207410600274 -0.454592457976865
-0.309924744274563 -0.364350908348848 -0.364746588147072 -0.281145464882607
-0.346946925798659 -0.346615424878273 -0.241130492691529 -0.138079102505074
-0.451839038999366 -0.109103266039913 -0.110788894165312 -0.0728211819590673
-0.430243453624576 0.153371296719922 -0.00216430610865007 -0.000984702063321899
-0.284816605059287 0.318602355048363 0.124170516439 -0.12010785792192
-0.127167873772609 0.388890821994415 0.0931266215232075 -0.248881145006099
0.0327425127131297 0.386289161673304 0.0173547008374753 -0.32779134672961
0.0692619821034091 0.372024606201762 -0.0386593512319331 -0.32907969932116
0.111151419050627 0.363572943490361 -0.0621411220561006 -0.317096782041601
0.0240570583830285 0.449484373332796 -0.0219437994296182 -0.295475938814036
-0.146168756330927 0.439520137681125 0.0264921397822751 -0.219947797486117
-0.343091382298579 0.422523955887061 -0.0227068994921131 -0.0550783803154884
-0.535081101989905 0.160598066548578 -0.192190863822479 -0.0346202031112379
-0.542321894335918 -0.208215867479478 -0.232553501082028 -0.155700161957242
-0.467975930952788 -0.348668281279223 -0.175288368259557 -0.332066645220948
-0.423757391295603 -0.427566538237107 -0.245682766159601 -0.122544449907879
-0.496617601857612 -0.37734346017009 -0.143089977935743 -0.0583665092354229
-0.597398023851075 -0.071864541668388 -0.0901367509347791 -0.0681731289220061
-0.540419100941534 0.244377084724074 -0.0439324094805302 -0.00613147491746207
-0.351318990296227 0.429979735352596 0.0455021655701686 -0.050029800289372
-0.150014542219978 0.505376003420053 0.0445757329416539 -0.10574356398238
0.0373321817095471 0.490968110632262 0.0236788173037396 -0.153004479360024
0.0693405716803493 0.467242532443532 0.00696170555034746 -0.155997217565436
0.105570849343794 0.455533886089534 -0.0166103923283038 -0.151093030979505
-0.00406344750530582 0.555141624015304 0.00295031263108482 -0.155084128119794
-0.214423855974218 0.533487088953293 0.0205601246176352 -0.125651451971693
-0.436457973929596 0.487207685635241 -0.0103607650206728 -0.0158221245648044
-0.634700804536758 0.184104179630649 -0.146668037790753 -0.0119550105815791
-0.643583857110377 -0.232980604382597 -0.125845357381511 -0.108648280622765
-0.577368150473427 -0.399851786121481 -0.00501607528493855 -0.182527910672823
-0.482503903071875 -0.423914018751715 -0.0864729396549829 0.0682080849546121
-0.583049527344707 -0.33433563695167 -0.000794940851769183 0.0418361479814384
-0.656031881931565 0.00214230534195846 -0.0440805176759055 -0.0433699653592004
-0.549725106814336 0.320489514828588 -0.0745929039641995 0.00729979830426876
-0.347922936937217 0.482710533165918 -0.0287084144561295 0.0505353963653316
-0.137802899350883 0.545520091736201 0.00512938530493512 0.0682662869616771
0.0420191823002003 0.521739824621479 0.0359704707943518 0.0484838591307272
0.0561607036233596 0.490386921780656 0.0508753059043741 0.0391760211527703
0.0738083851938222 0.48422263137998 0.0257160894440596 0.0375093089026392
-0.0529516413842727 0.575040727066677 0.020405103138439 0.011562077325692
-0.270438378583743 0.530437793076585 0.00388085894857878 -0.00762526453783938
-0.477594140329146 0.442546790581031 -0.0068725776062762 0.02840899963693
-0.6296862978976 0.14181481766215 -0.0903133783313759 0.00746812060418073
-0.626567754918451 -0.246735249444277 -0.00520862131165363 -0.0552075961204214
-0.583656549219812 -0.399377250794472 0.171357689632967 -0.0186696430062038
-0.461105822032877 -0.347512692325743 0.0910328508432866 0.2548553419386
-0.548746217900656 -0.234372117845897 0.15682326630096 0.133890358955899
-0.575094766418301 0.0680124500791457 0.0168646238717688 -0.00545224328682535
-0.447287180557947 0.31590894023659 -0.0805398858996262 0.0365440575350928
-0.282613140431298 0.434729132715996 -0.0757487664341889 0.157692161200798
-0.103012419472026 0.486949439437003 -0.0127965043665778 0.236848235305365
0.0396175918956973 0.468858936825741 0.0547872662083666 0.242186049161757
0.0354640059797577 0.440273411987138 0.0858487527429782 0.227550697857182
0.0328842592380493 0.436459677744272 0.0516849281532898 0.219967482126604
-0.0948209320143606 0.500181707072324 0.0134339837911394 0.173549419134429
-0.286659338360188 0.427184865874509 -0.0358963602963705 0.106231191644382
-0.435328794690831 0.308271967132757 -0.0227252895521563 0.0642470059121638
-0.509904882938643 0.064862463686766 -0.0412143955815078 0.0230993914954347
-0.503255316109016 -0.226218929466016 0.0940701056588639 0.00203144883888574
-0.502628521096781 -0.340540835728528 0.318265563088808 0.137602395509596
-0.353770000762769 -0.221090885143513 0.251091978421238 0.408725154162052
-0.393566978220793 -0.114294028589763 0.293334319674755 0.2004834078109
-0.371282585963406 0.0878636363722789 0.0846207655461141 0.0331260770761007
-0.272451796949044 0.217513477927547 -0.0576463045652693 0.0619315473350249
-0.186297228271197 0.293075312528715 -0.0900091686807179 0.236475975527393
-0.0671175473783783 0.344381700016162 -0.00998849882829763 0.364218559892202
0.0240122671895599 0.342379900316639 0.0755491834339725 0.395932208445506
0.0110579771595036 0.325185872693266 0.108327263239751 0.381747348019451
-0.00595122116369931 0.323172239445431 0.0550951058705045 0.370819807690795
-0.107620464630366 0.34878343336327 -0.0215508515527585 0.303020992367719
-0.238525858144401 0.26524298580492 -0.095278757547055 0.189109477319642
-0.309387499500624 0.143026000806881 -0.0549779082956271 0.0784600948042222
-0.313460113479121 0.00653314645173886 -0.00576114587707374 0.0303037480425281
-0.319603833768049 -0.153781661424439 0.156383060055487 0.0554573850815288
-0.362174877308877 -0.226288268528706 0.415682085563575 0.265541052534481
-0.172533359710322 -0.0663246925025227 0.365747807212902 0.50352001140441
-0.155175673729064 -0.00618255039549132 0.38807956781219 0.231451426253386
-0.111297743595002 0.0526999564096606 0.150579317256621 0.0541505540218018
-0.0836440835151054 0.0590589395234431 -0.0164723991511449 0.0635667311833961
-0.0918101179622801 0.101260421753955 -0.082004083213206 0.268578109616751
-0.0417276587083022 0.15004742956345 0.000540487493331783 0.424950026178653
-0.00512823292297116 0.166539754958507 0.0892117479295624 0.484682313674782
-0.0135268373989972 0.160157972520152 0.115345283830216 0.477175813482108
-0.0298573480843851 0.160244370741406 0.0415027692386542 0.467103288324791
-0.0771847485179578 0.15827884813722 -0.0683923794300794 0.38184370437185
-0.130185068897637 0.0951129502509746 -0.157191503315863 0.231199123688534
-0.12515763539413 0.0156523195456884 -0.0845382787498176 0.0680363568162303
-0.0976443637876337 0.00556927835010927 0.0236779129311572 0.0318246435325978
-0.133579303173978 -0.0270114059485818 0.186200071102875 0.0982935482767688
-0.196046149823581 -0.0679595386593629 0.456851160767192 0.345449297213505
-0.0112741641435408 -0.0881053554168139 -0.464987795520356 -0.383731610102359
-0.0300303143914915 -0.120323515056336 -0.306326152521516 -0.153630775796539
-0.101154197890779 -0.0458538427530645 -0.0744410814117946 -0.038114852669903
-0.0800140793221018 0.04119940978726 0.0762105017376909 0.00524351844201104
-0.0185404788168385 0.0550101453846061 0.19859597011752 -0.191160397501799
-0.000807433281943795 0.0421139554744558 0.126470386720118 -0.393445175077317
0.0305305233543801 0.0281634151673013 0.000287919306417878 -0.501720449952533
0.0409843324360367 0.0304893741999658 -0.101976336268744 -0.510142150962753
0.0595190322873967 0.0329484227007309 -0.109713871648881 -0.489317372168021
0.0472394495922686 0.0678581830358991 -0.0446316950357663 -0.428276307738362
0.013172366142564 0.0913873438429416 0.0379040120218108 -0.296141392842437
-0.0584064256690431 0.11872696776504 -0.0262936536183866 -0.1102624150684
-0.133662895633338 0.0203044389638365 -0.183123738092469 -0.0773061149341447
-0.0901498722951222 -0.0967605953143636 -0.308878775621105 -0.218099960594002
-0.0367453230073699 -0.096701149694692 -0.358896557455881 -0.523252178009077
-0.164025722778887 -0.238371304496421 -0.434634384026763 -0.370070082054678
-0.183554307773554 -0.249358331655837 -0.289519226072783 -0.170155659373575
-0.273827102415947 -0.0897545220646523 -0.101700152495261 -0.0602652390632642
-0.262283353098563 0.0884087246020677 0.0406979880698529 0.00844396664047351
-0.158124966308954 0.186935193060874 0.177517268597455 -0.162332531977224
-0.0688804969898182 0.224306399419024 0.123241078743392 -0.344857847919812
0.0326204175328787 0.221072448262222 0.00963756870730158 -0.447204124044528
0.0595110432785601 0.21865581735836 -0.0766094931025802 -0.452728099560731
0.091477776350073 0.21379863062483 -0.0951581000393287 -0.434679571562791
0.0389489382505509 0.275818167205521 -0.0396886875758397 -0.390070529628893
-0.0712845865671814 0.280510695765775 0.030945719379652 -0.275473312967624
-0.211558967515494 0.285358266971846 -0.0296735528890664 -0.0872354456028216
-0.357579430303994 0.0929368973936464 -0.204083172787065 -0.0561155128981498
-0.339915300788998 -0.167007163040898 -0.293926126287178 -0.19551987166171
-0.271155825384379 -0.243822799377361 -0.298302632602331 -0.45045195811212
-0.302620883642232 -0.358334980086331 -0.363602451627546 -0.279808818099002
-0.341998506015994 -0.346471303999721 -0.238771404149305 -0.13895273062684
-0.442973885960268 -0.108062168136415 -0.10850948515827 -0.0756667110184799
-0.426535843233059 0.151923706791196 -0.00217202562362341 -0.00198389201633568
-0.280535721736604 0.314036380431837 0.120297913712955 -0.120606761086592
-0.125078557970182 0.386218628254351 0.0908425630936427 -0.247234478124288
0.0329578943421074 0.383574931929055 0.0148132828627198 -0.324108244326338
0.0703158338259154 0.369816853659378 -0.0391314362010853 -0.327558285936064
0.110183693419824 0.360205603747188 -0.0619737370374536 -0.313771001439969
0.0269105820873734 0.446493046083649 -0.0228878688749015 -0.294452061158102
-0.145577280067164 0.438558434000919 0.025028151627601 -0.216666781806063
-0.338432937179127 0.421205759971061 -0.0210039374483951 -0.0559932703562606
-0.532201846646042 0.157641522329681 -0.187837007925885 -0.0303291830860747
-0.536989797066228 -0.208623667533538 -0.230724452580888 -0.155014425816264
-0.462128924923077 -0.345255837614013 -0.171994552136817 -0.331738183133399
-0.414967901869516 -0.419565521333378 -0.246853106259539 -0.122467313256227
-0.490588497606609 -0.377428940617865 -0.141598754367985 -0.0603260569669959
-0.586538198274582 -0.0719612338986045 -0.0882821771205677 -0.0716820815426224
-0.534606330744832 0.240943987765003 -0.0439971397432893 -0.00786686842583702
-0.348166625301263 0.425254183999677 0.0420173031792705 -0.0526881305176657
-0.147771744031701 0.501478390926211 0.0444118142562119 -0.105520899551037
0.0391099714168142 0.48773948297091 0.0216423168516802 -0.150629951419623
0.0694583475501104 0.464589109057573 0.00645528620521993 -0.156314140464756
0.102944083773998 0.453366640554983 -0.0161783124750237 -0.149106921638941
-0.00274774303766521 0.551918307448453 0.00182509739274269 -0.154195062081636
-0.214720299862488 0.531988143094944 0.0193169302011056 -0.122637661973286
-0.430206212627745 0.485214441428729 -0.0086472646783937 -0.0177951551393078
-0.631294258039658 0.181402630720294 -0.143612143203392 -0.00700792833917078
-0.638067119953663 -0.23335068575122 -0.125045386598629 -0.107422863172859
-0.566190650148405 -0.397334907573658 -0.00420690801422593 -0.182880006273423
-0.474728567407554 -0.416604057252919 -0.0903040884512316 0.0660272347298555
-0.576957767319751 -0.333089313459178 -0.0011228217667633 0.0402271601561583
-0.644751163656574 0.0026162604430254 -0.0426903120211448 -0.0471335566288527
-0.544167307462501 0.316556197542609 -0.0749431400679216 0.00532253395064918
-0.34427693043706 0.477631396605324 -0.0314040407158883 0.0462611195514554
-0.133320303207327 0.542204890316086 0.00605565138606933 0.0671808382100022
0.0433151043685121 0.518348681018445 0.0349699217838425 0.0490154576581833
0.0571260011887859 0.488067200013942 0.05004838043521 0.0367129092116641
0.0714983356422438 0.47960819593274 0.0262270422504344 0.0374118295212727
-0.0509792327770979 0.570352329805815 0.0194778271818588 0.0109699818154022
-0.269172275140404 0.527753778704744 0.00277736449037696 -0.00511846771999349
-0.470255345796136 0.440693459211487 -0.00599980571386905 0.0256783679737948
-0.623592886438505 0.138202480995407 -0.0885621381141974 0.0121073371535795
-0.621934798049252 -0.246447053509291 -0.00643522058132532 -0.0534966905952669
-0.573583954291715 -0.39599901966483 0.17117827816159 -0.0212110676685714
-0.453958822257151 -0.339953810268646 0.0852907976943578 0.251309188880248
-0.543103903694058 -0.234874019614671 0.155039065747506 0.131645009364004
-0.565699510481528 0.0671456739992464 0.0177756284755074 -0.00874209872557184
-0.442655028773786 0.313223244261375 -0.0820644161364035 0.0344446861971058
-0.279844820792616 0.431272655292918 -0.076986208630957 0.152235450882682
-0.099925630474626 0.484317873722829 -0.0102862334460496 0.235259897857795
0.040803563187205 0.466048600270453 0.0554987461601959 0.241532265026328
0.0370977226394431 0.439594387731625 0.085373667586997 0.223603032900461
0.0307121985249333 0.434450916024369 0.052072321614365 0.218336309878817
-0.0909338523017948 0.496282369531076 0.0130883879114474 0.172480529912673
-0.28316608083625 0.425580266636666 -0.0359459674945803 0.107696948011534
-0.428362925450247 0.306994742919611 -0.0227681457545796 0.0622369259040093
-0.504827792837865 0.0644308633895302 -0.0407512756678605 0.0269578773629712
-0.498573908848609 -0.22472541399002 0.0912920147777443 0.00438647259738632
-0.493333131751503 -0.336456123249974 0.31780870278337 0.133421056830982
-0.349210103859403 -0.215210790660207 0.245153152003045 0.402820662279105
-0.390650685140915 -0.11199794343592 0.290592915836711 0.197157784488462
-0.364973457005183 0.0876700035068549 0.0845147043877249 0.0311681055165725
-0.268729049096665 0.215943185524124 -0.0591963559499884 0.0595509646266412
-0.184524916307948 0.29144847458892 -0.0903381804897121 0.230776014216
-0.0650104226641619 0.342252653245699 -0.00771227672238043 0.36042339654785
0.025834729816668 0.340240488791846 0.0763246108777398 0.393618486387012
0.0125357658231227 0.324548168509717 0.108250149637026 0.376293920415889
-0.00762141689509279 0.322361660534082 0.0554176407837077 0.366903224628086
-0.105788057776662 0.346585163098137 -0.0205312748515679 0.300599936522555
-0.236055751536398 0.263436807132198 -0.0943473730528137 0.189467937648547
-0.302926948671236 0.142514684961765 -0.0547919765267695 0.0758232531861892
-0.308108931733192 0.00766302122964984 -0.00708672173418812 0.0328011880479741
-0.317204279452693 -0.152816371104944 0.152737132150267 0.057514909038724
-0.356833390746086 -0.221057897748102 0.41452023132739 0.260656129258329
-0.170642929475637 -0.0632333725157966 0.35877075366886 0.496431112237607
-0.153781364227634 -0.0036911241356736 0.383398695543672 0.229713844598994
-0.10867824196337 0.0522555641289881 0.150073100082261 0.0536875355662916
-0.0816629926455986 0.0572637692100731 -0.018336694762239 0.0618705092974104
-0.0910469652397674 0.101839884899357 -0.081081961459876 0.263926881887085
-0.0405365450226373 0.149289132861252 0.0035749405605387 0.421369821998872
-0.00410128281183524 0.165500138061329 0.0932926685793231 0.481484124798233
-0.0131211495539709 0.160802908217453 0.116075142052238 0.471150774447268
-0.0308822796670833 0.160805643960144 0.0438409787583481 0.461610599266591
-0.0759708707180373 0.156647165672668 -0.0652149646171081 0.379971766383066
-0.127925954912032 0.0938788884658286 -0.153925034087962 0.230773816018199
-0.121935146348151 0.015066108545912 -0.0847969879931009 0.0669354441372167
-0.0940565935177558 0.0071543524760506 0.0215424645257722 0.0322535981824186
-0.133494327236158 -0.0262508314562351 0.182708564150598 0.100512567250484
-0.194174419695687 -0.0655270019517077 0.454018064080677 0.340947269223095
-0.0099998655760129 -0.0900560128953719 -0.474940362662879 -0.389992600492664
-0.0306531331508382 -0.125487350349542 -0.312232980463271 -0.15596536319827
-0.103294375549572 -0.0470958454635775 -0.0749510826200827 -0.0401039564651662
-0.0830167128271681 0.0430402868592653 0.0790053620590329 0.00505107175622498
-0.0186379494526413 0.0556444454393421 0.200057104301168 -0.193431796238345
-0.00111512076189628 0.0433136425659018 0.124229891663767 -0.401075287878161
0.0304215713195203 0.028315743381544 -0.00611677945403386 -0.511416468344768
0.0420106040241372 0.0296934934916463 -0.106204704299132 -0.518237259855477
0.061811730168032 0.0322247092091839 -0.113922005485047 -0.498879109312153
0.0497658267517087 0.0691234176663016 -0.0477623410474331 -0.437572040810902
0.0126317547121837 0.0942248361473256 0.037640085906199 -0.302701610116195
-0.0608880650407213 0.122248312726271 -0.0256121987181213 -0.111680361533835
-0.138338444645224 0.0193076305086777 -0.184394822709982 -0.0774794939782054
-0.0918855330976125 -0.0995958487503869 -0.314452033416895 -0.22534122535128
-0.0361564090682159 -0.0993130303498813 -0.367502632216684 -0.530764169608972
-0.163764543282089 -0.24104998080384 -0.444710390606421 -0.37686299625713
-0.186763020785167 -0.256586885680469 -0.295363358837372 -0.17446830962703
-0.275800388071976 -0.090897859334581 -0.10287054829103 -0.0641649758044401
-0.267131416048478 0.0916011281246064 0.0421290116126859 0.00787046884889119
-0.160132161295967 0.190897944830436 0.177967994474699 -0.165919598032122
-0.0683142402914312 0.229782269761896 0.122084794186049 -0.351957750129014
0.0343978539889624 0.225889549971886 0.00392158824565467 -0.455430134813889
0.0618234294202383 0.222269738250354 -0.0804471140645514 -0.461672630539064
0.0937686827588587 0.217177027568223 -0.0989881396300768 -0.441513995603421
0.042100694423244 0.281798210987123 -0.042716360989187 -0.398797101850023
-0.0731115473051526 0.288378994933392 0.0299869007752051 -0.281092303315132
-0.215358952629256 0.293840941980624 -0.0286959197429864 -0.0892638373610873
-0.366480587312808 0.0940735854228315 -0.205126268449583 -0.0550065645017002
-0.347515528340487 -0.171488594528377 -0.299018063245968 -0.200885823644553
-0.272775807050136 -0.249358302585322 -0.304636861752073 -0.459801020175645
-0.304369205261959 -0.362052699724556 -0.372726364003053 -0.284616354797506
-0.348125990511808 -0.354842155328181 -0.243010586866142 -0.142554274981338
-0.446819831048594 -0.111151981524114 -0.11018928947627 -0.081891223106318
-0.433822725414263 0.156486325824805 -0.00196233190780595 -0.00253859830335009
-0.284230158680614 0.320547496544856 0.119613321401749 -0.125331821515052
-0.124063588648454 0.394898490710145 0.0896671084883567 -0.253148777947388
0.0367211833627813 0.391790035121138 0.0110251974486462 -0.329438101679825
0.0748746203611968 0.37791036045578 -0.0415298876139761 -0.334451840937035
0.11215321688405 0.366879646810756 -0.0638132366294291 -0.319177710131428
0.0303059835832133 0.455362534610513 -0.0255387386481236 -0.300472516971805
-0.148054886434794 0.450178939140115 0.0239704618088801 -0.220129237653417
-0.342165796497825 0.432355939698309 -0.0205122537873255 -0.0589470212011054
-0.541846174177154 0.161011676858347 -0.188934082846152 -0.0275869101316149
-0.548336612938581 -0.214248169040127 -0.234859803454554 -0.159203848783397
-0.466373819721498 -0.353109318173336 -0.175427024597158 -0.337780100640147
-0.418088098192002 -0.423460741147041 -0.255158803520345 -0.12559277080429
-0.49958866790184 -0.38489933846509 -0.144442586247494 -0.0631496364676835
-0.590213887012425 -0.0732404054125708 -0.0899476670037595 -0.0777982166292253
-0.54466889501576 0.247700757807947 -0.0451514002436689 -0.00895542055279133
-0.354249792437133 0.433357772499383 0.0386327830104627 -0.0571216388512055
-0.1467390779441 0.513507395932139 0.0440910344290974 -0.109414479628451
0.0419758868033654 0.498953327518763 0.0205669359554075 -0.152289807672121
0.0741368726376437 0.47594277545935 0.00509309387647198 -0.161435199306008
0.104621886051001 0.462166524437956 -0.0166752728903915 -0.151801244761944
0.000665054000699534 0.56364064732609 0.000504348750909454 -0.157721914015923
-0.217431912589309 0.5449880994438 0.018213359759763 -0.123744404530355
-0.435834033103668 0.497491429592269 -0.00837489729400181 -0.0206142347116567
-0.641573987988015 0.184493240050577 -0.143444678417954 -0.00335478736114277
-0.65300368325166 -0.238945377804947 -0.128818049890354 -0.108878919913125
-0.573067328216863 -0.405212658476727 -0.00353516797457107 -0.188171040173244
-0.478870156547117 -0.419931619165772 -0.0956387269864546 0.0664260471269336
-0.588231779904874 -0.340830728645742 -0.00137272385159773 0.038683627828255
-0.653006469988512 0.00251250916437386 -0.0436463359664988 -0.0523929409489266
-0.554909463111439 0.322486785840462 -0.0774168144554218 0.00468209419254947
-0.350120232451729 0.487884603402419 -0.0354321779254338 0.0434979790090889
-0.132808441031081 0.554373306283481 0.00693373004187023 0.0670192751357663
0.0477678268673199 0.529179181470749 0.0366957502944419 0.0507797495483217
0.0616294553581415 0.501043270741104 0.0506357371427792 0.0350328154226955
0.0723122738340857 0.490445250063104 0.0270005070557602 0.0381626758604153
-0.0495074285536345 0.582671345869705 0.0189524202771039 0.0109493702585381
-0.273752816561991 0.540483259709321 0.00233104606189412 -0.00286193216644901
-0.476976969903565 0.452145796182678 -0.00575854922143758 0.0236212099927136
-0.634522391520092 0.142865521705061 -0.0879098056554528 0.0170864733077478
-0.635038640168109 -0.251835016070764 -0.00800168289026949 -0.0526635429279532
-0.579528925111064 -0.403582153427117 0.175719862322297 -0.024955502157761
-0.459438979135503 -0.343784267004548 0.0821282051686698 0.254345309709503
-0.555500181909823 -0.237184822981507 0.157555652482047 0.132291732642573
-0.571416894998637 0.0697561401697323 0.017869467090255 -0.0121588162805064
-0.449984530338818 0.31955363632369 -0.0853655026876717 0.034017003007498
-0.283315596735864 0.441273820559665 -0.0813645347575977 0.151468820740107
-0.0983883819032548 0.494600438988543 -0.00797469259268625 0.23830186465648
0.0452186795748708 0.47492228293273 0.0593343478610272 0.246219643913571
0.0406511963468565 0.450193035781885 0.0876425940079281 0.224940029666188
0.0309072480038042 0.445274613125947 0.0538424154577285 0.222431093230162
-0.0919285665734405 0.507753355321282 0.0140071988458251 0.175695271002852
-0.286263929625698 0.435608746028524 -0.0369891751690665 0.112278353723421
-0.432687712528386 0.31386794312812 -0.0230941494167882 0.0611309918787244
-0.511682388125114 0.0665933179945573 -0.041453307209829 0.0320732372704588
-0.510038381564602 -0.230271449449447 0.0915023635641098 0.00697716125056518
-0.500186107331704 -0.341925603266749 0.325619241189157 0.132733957283201
-0.35357588119648 -0.216434363656889 0.245304246893154 0.408066402680382
-0.398523651935797 -0.112724398237515 0.295336880635686 0.200057104464613
-0.36924097716345 0.0911073726190759 0.0859888785089581 0.0298200310511214
-0.272309337235194 0.219965598712997 -0.0625139110573187 0.0599776735277388
-0.187574926573032 0.298698115079496 -0.0940106386571361 0.231961135221764
-0.0638081934191459 0.35005561940802 -0.0043115569420888 0.366451279220263
0.0285585584592242 0.347324285896274 0.0824623803669524 0.399981810141931
0.0145279464626297 0.333916277788063 0.111388119709949 0.380444357772801
-0.00838332910655153 0.330410454050925 0.0589892361502321 0.373091321493327
-0.10619603665857 0.353400767854561 -0.0190314248774701 0.306689990298095
-0.238736017873859 0.269555134770932 -0.0951692741195932 0.195812024313289
-0.305428007594205 0.145772916877741 -0.0566063145878135 0.0759386815105839
-0.310877562044834 0.00872625677873894 -0.00866637383323612 0.0362463854550271
-0.324112235100317 -0.15556522432986 0.154282747020597 0.061005324710918
-0.360792229012023 -0.223885416668539 0.424969737707371 0.261893294911633
-0.173965779686308 -0.0620529172681249 0.361623327861232 0.501458870294198
-0.156492699855026 -0.00145875513357856 0.389888725121531 0.233027856954827
-0.109671426943375 0.0546431821354198 0.153245283188288 0.0534689953401004
-0.0822934632079443 0.0576057179685451 -0.0205058718211088 0.0618473663421285
-0.091740014124863 0.104400005205878 -0.0833257044746011 0.26628800862405
-0.0399157545264826 0.152409362860864 0.00754748216112925 0.428397381855431
-0.00317430930960148 0.16847276256596 0.0985963668404835 0.489734108172065
-0.0122202182843373 0.16581663485039 0.12017511987669 0.477554432343414
-0.0315352461961099 0.165164255185637 0.0472860929943767 0.469843945282116
-0.0773607380336383 0.159792863718066 -0.0645966108270462 0.38701432147676
-0.129476242361822 0.0953545945497784 -0.155454732336887 0.237205555269948
-0.121760848659269 0.0148679851848204 -0.087250598630911 0.0672004733011144
-0.0927785147362398 0.00863770592074855 0.0194757074135497 0.0334688721947346
-0.136482728902837 -0.0253122976282839 0.18501510657271 0.10428967908897
-0.197134831646698 -0.0643304530796518 0.466843565560114 0.343677446921336
-0.011171234573743 -0.0937570790873996 -0.500153364818959 -0.392822782625475
-0.0356890983302313 -0.1324079839181 -0.326725328400499 -0.154192490416668
-0.108168119805213 -0.0468956032631282 -0.0779723020543514 -0.041510503665251
-0.0866280959340711 0.0484955337406817 0.0834672154913765 0.00288860766646833
-0.0186362497517775 0.0580111813148939 0.202117983689037 -0.204369068703249
-0.000357101723450761 0.0455735363901577 0.116279267732549 -0.418413364032864
0.031555611385438 0.0283296193109907 -0.0238495608537868 -0.528790882019098
0.0437496415115262 0.0284892455798028 -0.12489473935759 -0.533578069089535
0.0650025050880295 0.0300841978488814 -0.130506048138017 -0.513204036452453
0.0545062737582692 0.0706172694872409 -0.0606053176795481 -0.454263863000085
0.0148389274335113 0.0990300207768866 0.0314671746849482 -0.315389462187181
-0.0607464070908175 0.130123599066433 -0.0271870547591544 -0.114733252708857
-0.14547831589471 0.0218866788586089 -0.189962330278105 -0.0757138593822632
-0.0973608259989881 -0.102697949349679 -0.329985543819902 -0.229474604752652
-0.0383214901507022 -0.103307231150413 -0.39353387144798 -0.538976300284585
-0.172163932741551 -0.245341531591292 -0.469393341141701 -0.38095376835643
-0.199536585560754 -0.264435206378297 -0.309659853969718 -0.17465825598623
-0.284751940277341 -0.0889718306897254 -0.107839230112651 -0.0676871175312157
-0.275312563077967 0.102498593403577 0.0445393713963403 0.00706422660739907
-0.161940024503245 0.201592416230085 0.178441898314143 -0.176757631171929
-0.0647542168279199 0.241144846852249 0.115465930699183 -0.367712826575756
0.0422889509624864 0.233553059357187 -0.0107766812605293 -0.470418532681912
0.0711174464031697 0.228806442305125 -0.0964269977658958 -0.47678490497028
0.102281255432562 0.2219806541338 -0.112288261991075 -0.455393112396993
0.0527256808773225 0.291777656955673 -0.0550623552521633 -0.413250458654818
-0.0692977128015548 0.30375310649108 0.0239591534588995 -0.291939654102853
-0.217353386798742 0.312131085689144 -0.0310026573510756 -0.0929083245792145
-0.379521682449817 0.104942448565746 -0.209999266993697 -0.0505980298113343
-0.365249881683879 -0.172125630173795 -0.314413855708557 -0.202963346993587
-0.286662517885512 -0.253460659416901 -0.326395825697619 -0.468101743789065
-0.319461686455748 -0.3662785044951 -0.39438096960548 -0.286247333019628
-0.368227677366477 -0.364259231974954 -0.2549866915937 -0.144117315744925
-0.460647655227573 -0.104892812446169 -0.116630314697701 -0.0864531535606677
-0.447073608662785 0.171217408832342 -0.00167926523319689 -0.00297257826276587
-0.28770022369507 0.338842678671169 0.11784349309633 -0.134273371776246
-0.117420341215284 0.41319333745349 0.0845159372775924 -0.265645679160225
0.0490949046043701 0.406098508350534 0.00187385256900056 -0.340798472204703
0.0885084261414558 0.391155873780955 -0.052394681688158 -0.346102081055718
0.124087635850616 0.377566947374161 -0.0740352123139498 -0.328740140047774
0.0443969970034162 0.472430587882102 -0.034886693157551 -0.311988910013306
-0.144188971892971 0.473358971186947 0.0188725901237531 -0.227710570759689
-0.343707898273902 0.460151976700418 -0.022244471160297 -0.0627613121967715
-0.562334238892382 0.179951118659351 -0.192164776682803 -0.0216110839447949
-0.575173870590126 -0.211376069834822 -0.247698253273462 -0.160125246696661
-0.487321805465534 -0.358033751730336 -0.189375745376685 -0.348081078831995
-0.437757371024892 -0.425149456680757 -0.270254547818856 -0.12417118692709
-0.52703456817724 -0.390426986780371 -0.151545440449211 -0.0645486321522322
-0.60937188202311 -0.0636299210673841 -0.0959074685990342 -0.082553250327381
-0.557945450329486 0.268109857811536 -0.0470483248991241 -0.00894963957694977
-0.356486636318187 0.459661756292289 0.0348314718920441 -0.0630086319890795
-0.137856713035461 0.537871403949482 0.0416299949492984 -0.115591978839421
0.0587227472803594 0.51663484361505 0.017298693071713 -0.157745971677791
0.09027593276474 0.492756575790594 0.000190501512882664 -0.168867284806712
0.118429931348963 0.478353996467658 -0.0211024384240029 -0.156035329456506
0.0174579822082297 0.585133194714208 -0.00498540243465893 -0.164162019450004
-0.2136904127717 0.573325861640162 0.0157798410763047 -0.126868449539441
-0.43759232561933 0.529102702952099 -0.00919110859875558 -0.0233190263086744
-0.662206762251547 0.205863852502048 -0.145781875766802 0.00353087066054928
-0.683950822294428 -0.236528070548434 -0.136250707239784 -0.108914363466821
-0.597929595562996 -0.407936073248224 -0.00637214732951099 -0.197361706641193
-0.499672772963296 -0.421267859025716 -0.102434059196296 0.0706707423524346
-0.618829746072521 -0.341573750286988 -0.0016053386884471 0.0383964717381163
-0.670403317729174 0.0165085852495443 -0.0481424584332322 -0.0572898076304847
-0.566325072252522 0.347854067112723 -0.0811029322803465 0.00546462073207625
-0.351704798755148 0.514712724472308 -0.0399573910861683 0.0422332441031129
-0.121140495191367 0.578967175998377 0.00838280623055482 0.0672442197034187
0.0646562492032405 0.548571177970666 0.0407758248952238 0.0516471939038781
0.0780959325560032 0.519488931596265 0.0524618762741573 0.0330216674682063
0.0864470538862469 0.509057460769388 0.0289069393650913 0.039911837171368
-0.0347004206840365 0.606315558473266 0.0189741859711584 0.0110466057117393
-0.272636302407153 0.569048362554633 0.00130803140861689 -0.000930769532531267
-0.48044297621033 0.483292116107307 -0.00642193246628915 0.0223591573854932
-0.653702531611781 0.160954765959882 -0.0887623991310089 0.0241046391818726
-0.665743670367703 -0.248816985340518 -0.0103424956479033 -0.0523961049573335
-0.605326054459937 -0.404532881629188 0.183390028894376 -0.0330951875260831
-0.47970822423416 -0.340979173901175 0.085981832659017 0.261571731530296
-0.581848100018791 -0.23502569681276 0.164607304021915 0.132821350420018
-0.587857961777286 0.0848204152085923 0.0167254787929299 -0.0158396425876581
-0.458834785922317 0.341314674605949 -0.0895521746342695 0.0368649113561922
-0.284484338845179 0.464735910906694 -0.0856207734710105 0.155030210212769
-0.0881104036879533 0.516344417571112 -0.00230295996730054 0.24526240682396
0.0605020348803196 0.491771371532368 0.0703345577467176 0.253302909911107
0.0554278609812878 0.468628935263952 0.0962764429620748 0.228875160007025
0.0407579015263623 0.462262691178967 0.0623110001368457 0.229388898151185
-0.0801481897491119 0.529201724587007 0.018316540067771 0.181755950379067
-0.287133646707016 0.460540250472949 -0.0359242906000241 0.119930257475901
-0.439952040998621 0.336302282507713 -0.0237356983076501 0.0622302996589002
-0.526526111088198 0.080603562784514 -0.0414244748075948 0.0376657524814267
-0.534605851212507 -0.227291947948383 0.093647095708518 0.0076653974050761
-0.521027229709425 -0.341178658537105 0.342840001148765 0.125480594997503
-0.369308208579304 -0.212865280717034 0.25763458588573 0.416332279138318
-0.41602682934734 -0.10708540679111 0.308645838958767 0.199849101326158
-0.377861291691719 0.10246290813584 0.0887699426220612 0.0273039234731698
-0.275797037651515 0.233528741791441 -0.0655148020682205 0.0631777812594223
-0.186699735422812 0.314956139355004 -0.0953803551709925 0.239918295126732
-0.0553295817635348 0.365112163890419 0.00601369735641317 0.378050080697782
0.0399561931171643 0.360396272090755 0.0988518778173708 0.412410032308811
0.0255722884726306 0.348200650756704 0.124430453401684 0.389484551742419
-0.00181112650187086 0.345671489838529 0.0711677782104777 0.384698297062997
-0.100491413194219 0.369616674509538 -0.0114096335715874 0.318917124680625
-0.240264423864191 0.28637784844313 -0.0935519261500469 0.207238112168562
-0.310237202210477 0.15772864576536 -0.0583805272705463 0.0788619098079601
-0.318741753786954 0.0169141313590263 -0.00918434660281171 0.0409300548267341
-0.340061647265265 -0.15344620762678 0.160075476448166 0.0624554452408375
-0.376087889268806 -0.222996652500696 0.448317482201509 0.257451090592126
-0.18143743081935 -0.0575377461879851 0.380264927038447 0.510872448103022
-0.162025375237089 0.00418320088113734 0.407414426697068 0.232199221086856
-0.110464848597041 0.0599150655534529 0.158736660979556 0.0516736837924853
-0.0823164861115111 0.0596473850444357 -0.0225641547523478 0.0648220657820405
-0.0923985407373601 0.11103437000473 -0.0813564096060559 0.274694171210301
-0.0364905206790137 0.159056261396051 0.0199506726791977 0.442751111542479
0.00172083972035238 0.174965184619239 0.119743003924719 0.504572147440715
-0.00765540404230924 0.173829708836029 0.136533846806168 0.490211107722203
-0.0293218519570816 0.175333480156652 0.0617983794460819 0.48473098852075
-0.0761152451840393 0.167738979435022 -0.0549414005746815 0.403507416577852
-0.131018525737257 0.101347533146563 -0.154371815151829 0.251619093467992
-0.123382164843614 0.0174454830044801 -0.0904213145779644 0.071188037353546
-0.0924836114024755 0.0124232865956973 0.0188483455323329 0.0351204924950742
-0.143188884256147 -0.0214068604090394 0.1925671765226 0.106749870993178
-0.204629319800137 -0.060800516537289 0.494752824317608 0.342506107224872
-0.0152644430847022 -0.0973077840430963 -0.536223159238822 -0.378200945564205
-0.0448299868494853 -0.137548879488767 -0.345044892915154 -0.142008906814416
-0.114469929635279 -0.0430058132597904 -0.082136275081913 -0.041281849732555
-0.0877631427496316 0.057225248835063 0.0874766874749048 -0.00266272944246242
-0.0161276341147662 0.061047411675479 0.197147871378129 -0.220767742288746
0.00195236609220679 0.0482698953917204 0.0937650855657103 -0.437121423051446
0.033757450178656 0.0280136578558484 -0.0579248015719666 -0.541774329252567
0.0463377317847206 0.0259378853759549 -0.158696266466061 -0.542585384287671
0.0688021517880997 0.0252380414783221 -0.164332129003381 -0.522389744268984
0.0616363838660733 0.0701353570095331 -0.0881380255063678 -0.466647329024882
0.0202730311296131 0.103341821867136 0.0159853692134942 -0.329237276436559
-0.0564591550368459 0.138865860656328 -0.0332373043090526 -0.117225989215974
-0.151680822316339 0.0296052573759757 -0.197342150272339 -0.0678222800067835
-0.105939059681577 -0.102550828395819 -0.352167861601234 -0.222959312819254
-0.044277258076392 -0.10588952683417 -0.432761805370881 -0.533356259730114
-0.1871316008753 -0.242826709127981 -0.505726217161552 -0.366451283792523
-0.22068018481562 -0.263907179592395 -0.328283667526741 -0.164201848400619
-0.296140105571797 -0.0785453147475561 -0.115543815480162 -0.0675772327145272
-0.278918666562055 0.122598737509599 0.0474391768637098 0.00358658173644734
-0.156086144633033 0.216722649826554 0.173076213856012 -0.192470579883131
-0.0524822147708206 0.253377106779526 0.0962696487908502 -0.385102710532538
0.0572891102980733 0.238916733440801 -0.0402046516731126 -0.483093209142199
0.086741464376093 0.232008775477198 -0.126841707329967 -0.485062649611988
0.11756595951852 0.222729928590762 -0.141823870770261 -0.461895599428244
0.0724346528492676 0.297932963208235 -0.0818102044157807 -0.423926134707294
-0.0555690855560745 0.320118988318942 0.00863409936852046 -0.303097048390497
-0.206412331326107 0.336213053689006 -0.0363147259145455 -0.0946393640804202
-0.389201316236889 0.128130439592058 -0.215923282975934 -0.0397423774949939
-0.387439884686801 -0.161173925188621 -0.335183469566238 -0.195142534689773
-0.306732133448962 -0.248009636531857 -0.361088389743016 -0.464024570986243
-0.34397966978707 -0.358885730301666 -0.42409579597727 -0.273830021654779
-0.399753572552152 -0.356504923229229 -0.271722495677059 -0.136794949675805
-0.475901128177919 -0.0869063262715804 -0.126492384761836 -0.0869234882697579
-0.451279540065679 0.202956410329928 -0.00147867889296965 -0.00418983297541762
-0.278628267366327 0.365890605153647 0.11130834966523 -0.146541742078609
-0.0966662494688482 0.433844727324702 0.0708747495335338 -0.279285744407469
0.0747329520286761 0.416433917438668 -0.0182592190602983 -0.350235926510488
0.114294831825875 0.399546924905936 -0.0745507253737544 -0.354501853013231
0.148520710431936 0.383501125882673 -0.0939539589979121 -0.333249479807875
0.0745162794936696 0.485732900115849 -0.0558218163118848 -0.320963377554295
-0.123219585851397 0.500165628529753 0.00634018164297837 -0.236149180305871
-0.330167738504147 0.494952059005321 -0.026738719035593 -0.0643734760740671
-0.571279565741403 0.215223976331426 -0.196075332196402 -0.0103824879416421
-0.607390137857797 -0.191291353523938 -0.264877434025521 -0.15239023658225
-0.51760397546541 -0.344087257519844 -0.212299625649627 -0.349879770959776
-0.467750505236411 -0.415533572086732 -0.288482696816639 -0.113377427721133
-0.565587886374259 -0.376548329924375 -0.160889518783299 -0.059788692542615
-0.627376483617743 -0.035641654323903 -0.105434144792931 -0.0840093584886594
-0.561684770748516 0.308505288562074 -0.0495786630885219 -0.00740183117248805
-0.342601191523176 0.494684685221282 0.0281838972839083 -0.0691795436966166
-0.109628284229135 0.563621051541747 0.0342767704938686 -0.123033566836207
0.091669153039628 0.529626821259572 0.00923611379519463 -0.16392410165863
0.124127337184781 0.504813094885794 -0.0102189740904335 -0.174921907053911
0.14757184598842 0.488896483903009 -0.0297185125647834 -0.157782385283037
0.052134966314298 0.603414143188132 -0.015820535642224 -0.169259700475048
-0.190040676145194 0.607396783990494 0.00848012476198477 -0.130633407605076
-0.421506156087957 0.57231497984073 -0.0123079346245222 -0.0256237398599356
-0.673947309978745 0.24823883028806 -0.146117963122487 0.0150364341193592
-0.720868788768979 -0.20988994108704 -0.147195499267611 -0.104223204877986
-0.63509149462793 -0.390458241431783 -0.0164831734618319 -0.205522683189931
-0.531837444679247 -0.404804046373446 -0.106168958076438 0.0787269163841005
-0.655739723306939 -0.321519242191599 -0.00162907711261805 0.0387726691775297
-0.686426915553479 0.0507267821816588 -0.0541386184192432 -0.0595856632755226
-0.564512720452522 0.390216886964129 -0.0844619066886324 0.00934094498550869
-0.335522032827715 0.552227122343887 -0.0445940454687972 0.0433692936012474
-0.0904087190799179 0.60475499972708 0.0105733362691833 0.0674584889410195
0.0995988106390046 0.562940473636317 0.0467045772366472 0.0500487621982671
0.112568353558728 0.534268315960196 0.0543814849222752 0.0292837225328263
0.114800080268419 0.523529906424244 0.032858952265932 0.0410633803818375
-0.000898498587149214 0.628078035216716 0.0191904645809487 0.0107857974013999
-0.250768689311477 0.606777795125122 0.00156091349095243 0.000590319591947569
-0.46611436752794 0.524953440286449 -0.00776150072465037 0.0224727260206296
-0.665752943656278 0.201078849150374 -0.0875554519744497 0.0332227934303841
-0.701329803136725 -0.223730057365787 -0.0148487707299491 -0.0510605291923388
-0.641078223604192 -0.386208827297497 0.188065302253342 -0.0475012205956744
-0.509208844627095 -0.325081436367952 0.0972855412047607 0.266015885039823
-0.61386749727207 -0.21171154461108 0.175065498962454 0.127606909309541
-0.59560060480304 0.118923501834023 0.0150906683149701 -0.0190696009798513
-0.453775642939507 0.376876432421503 -0.0915136591429944 0.0427575378143887
-0.268937475999884 0.498353305432308 -0.0849170678173238 0.162406093802793
-0.0597490979460241 0.53926708306706 0.0100844129012559 0.250978705281199
0.0929516405649863 0.505544349356129 0.0889993492988478 0.254853235860853
0.0861585891222104 0.483086933215452 0.109939040807947 0.228345149577317
0.0667899205696529 0.479148696989159 0.077241284575616 0.233814186850578
-0.052642928846913 0.55048598678037 0.0290330253832329 0.187172384755981
-0.271733310422724 0.493085825106629 -0.0301231839313954 0.128059226313074
-0.431422001012819 0.371344823012661 -0.0236824639870253 0.064365951664154
-0.537305982492898 0.111423175393722 -0.0395057526636883 0.0450286802084947
-0.564379934607227 -0.206241227484386 0.0959686680788438 0.00557366236371902
-0.552354235544558 -0.323991879912006 0.36187713004092 0.106693222017921
-0.38888441763819 -0.197629919935135 0.282133357900508 0.416307310127165
-0.436014456505979 -0.0864294579388902 0.327900435377804 0.189967843241564
-0.380607564529657 0.126924391026732 0.0915415957362664 0.0224417395789884
-0.270803530270358 0.25496663742951 -0.0662670664557641 0.0688140282642667
-0.175334576172112 0.336350049181169 -0.0896125225354872 0.250260856722944
-0.0346585777172316 0.379836885435556 0.0270001598849575 0.388514006037234
0.0630681788998481 0.369273487201431 0.127886441098469 0.416756727948914
0.0471542772444271 0.359361402373461 0.149096572853175 0.392957324367384
0.0176516468466686 0.359872785648164 0.0959665573159778 0.393786725508999
-0.0819870002017678 0.387659591885485 0.00712112210086762 0.331138753549564
-0.231644428940631 0.309395924359273 -0.0845256921972668 0.221148024913878
-0.30901195375643 0.17819715675014 -0.0582931663516113 0.0843770006896231
-0.32488106375725 0.0345105576931255 -0.00836624278425234 0.0454463523868699
-0.360329086477781 -0.139107681264268 0.167884154246091 0.0590995334786888
-0.396742379082746 -0.208024780367027 0.478961948070354 0.236356543711316
-0.189640151944077 -0.047319034305805 0.414340953532279 0.507030159911367
-0.165776206640355 0.0147337134109661 0.431166246367047 0.218688917395799
-0.108182725023888 0.0695108470702081 0.165274696625847 0.045406946366875
-0.0803181495508758 0.0640637646607127 -0.0216389469342433 0.0682934243893392
-0.088720202925015 0.120101547159462 -0.0725470739241622 0.286989002848935
-0.0276988843690254 0.165766471507912 0.0453159123894541 0.454786577921994
0.0125650471712852 0.179813573277697 0.153507417768151 0.510573758441332
0.00302037529577083 0.181523307244256 0.167229250758274 0.496676111569818
-0.0208640377900624 0.184449109933649 0.0907862388248585 0.496139379933735
-0.0692077815349329 0.177119045706952 -0.0329363327001392 0.420713583404976
-0.128557826486287 0.110948411455432 -0.144101197233639 0.269728763093899
-0.124466446486687 0.0222637483558839 -0.0913614739911222 0.07843725921213
-0.0913806162792712 0.0185471984458885 0.0187949158927225 0.0368484949865408
-0.149304915068685 -0.0129181673799775 0.203834599496292 0.102434629791286
-0.213817265153269 -0.0497348390510811 0.530980930847448 0.321810427530131
0.0308318875653076 -0.0870742025882856 -0.328992099497604 -0.584399895349056
0.0208935502103521 -0.144069256873624 -0.255493393605203 -0.276560772816916
-0.0863860917508104 -0.0896545253528823 -0.0542972261826244 -0.0722132277661262
-0.10684421946413 0.0152322373520371 0.0846183739081082 0.0372557802844241
-0.0458090266019197 0.0475637423513528 0.278709274052996 -0.114878606318213
-0.0230931328588423 0.0446814146089293 0.27691843687705 -0.356009897173102
0.0162439132270055 0.0353964033057663 0.178835438840789 -0.517217120742969
0.0295823162759768 0.0412468612952231 0.0840698658437982 -0.557164844058271
0.0482820965440797 0.0493553256644952 0.0702008054032521 -0.543004615817327
0.0254891868923321 0.0885519118994026 0.114467342359259 -0.459885349472815
-0.0278294999019269 0.103522687253535 0.153155779356689 -0.29121347786768
-0.113466440617682 0.101530337752785 0.0185755227973679 -0.117882654753313
-0.154579901143121 -0.0431990302126515 -0.149084999782562 -0.152629210682508
-0.0570749081389188 -0.144406853833458 -0.217768074692476 -0.368658379382098
0.00505837597810809 -0.117036621479773 -0.142256715001404 -0.687128681547873
-0.06088908422821 -0.295168425997097 -0.311886289270926 -0.55591205345078
-0.0845767681390514 -0.336790332604189 -0.227919786581401 -0.283503027677167
-0.2351026704578 -0.200947633562852 -0.0708080036567501 -0.105612025305846
-0.305714848843863 -0.00700238083192305 0.0463482263908103 0.0315876683939795
-0.240909639129833 0.128507369954679 0.250503470055703 -0.0922361837869338
-0.159888055234728 0.209783916165733 0.261974308395658 -0.30906742013136
-0.0516536732356275 0.240444363551957 0.174352293818088 -0.45521432555355
-0.0231144711295845 0.251482656860999 0.0912957311653576 -0.491661261291928
0.00881318040872956 0.251345078639334 0.0646322680782204 -0.478062911530166
-0.0586479793392116 0.302410914411239 0.0999706429609219 -0.417496035988653
-0.190857455488123 0.272263962650446 0.127920336029085 -0.26978974354089
-0.331627833270394 0.217085803451055 -0.00264485633202733 -0.0996908489140111
-0.415434759603396 -0.0563296684183283 -0.182427987034902 -0.139007539576834
-0.288808126199347 -0.318813178166002 -0.210555632123217 -0.341302653496675
-0.172597717955209 -0.359179689798434 -0.104704682225296 -0.592947710567698
-0.152182706061443 -0.469800197880562 -0.282404631289425 -0.430052960194988
-0.210992366221236 -0.499695516937853 -0.184742902577081 -0.228837868438531
-0.393307097947864 -0.287501069233139 -0.0697411767832423 -0.123063879917697
-0.494541016711548 -0.00880497622845414 0.006870806125111 0.0086840330957496
-0.416891853350463 0.21152298958221 0.17862125489609 -0.0720216889332159
-0.276814753548496 0.356888611342668 0.198198291555068 -0.224173522794796
-0.110575528289917 0.41244408504366 0.139980330359158 -0.325234794136886
-0.0693537110559311 0.420407827698216 0.0840738402428225 -0.350395400150687
-0.0306569837156663 0.412645905580311 0.0532837647345028 -0.340397001161441
-0.135126064773149 0.475298907500356 0.0771308011504417 -0.311520726972426
-0.330182257595837 0.412068364205926 0.0911630577283533 -0.208957162177746
-0.508842827652958 0.308949209448363 -0.0138646689872745 -0.0677584808764365
-0.620115746109278 -0.0587873292829939 -0.181629111888489 -0.104261631043532
-0.475639314044081 -0.44105737296298 -0.162224944608787 -0.273487031065434
-0.323226436024617 -0.536705480445083 -0.018450929022306 -0.420158163626192
-0.240361429933507 -0.579674684169418 -0.22997661475735 -0.220065734241389
-0.354082954129213 -0.591094428207305 -0.114121276674854 -0.107004889386622
-0.554748159322472 -0.307851562411498 -0.048078149524464 -0.108600682233885
-0.640415859295828 0.042526359153153 -0.032964464623301 -0.012343624450697
-0.53071400529699 0.301867339623966 0.0744355324756713 -0.0336046149951115
-0.341928516687835 0.46872641143534 0.0999175327876471 -0.0977362976299195
-0.143947597477373 0.525590280904472 0.086914586102752 -0.144598968890502
-0.106225440649579 0.523218206310261 0.0674220384305185 -0.160900088757552
-0.0756056772006011 0.51098122479661 0.0373836871279116 -0.15415957694704
-0.206721754206087 0.576417686556219 0.0471425897323542 -0.157272698061065
-0.4360761078236 0.483969457003142 0.0438072094517876 -0.111578593722324
-0.623026323954755 0.339079827972719 -0.0230453792026334 -0.0262911585793182
-0.724910374483351 -0.0728784173978926 -0.149468936626458 -0.0615468483893328
-0.568936488450167 -0.507172744351596 -0.0758696166445058 -0.176732573423591
-0.408395092729851 -0.629496662330409 0.0948152560768761 -0.199465628961968
-0.302311546768609 -0.603402447517877 -0.147740057082607 0.0387952999083656
-0.463453951229689 -0.581531606446612 -0.00827444741086188 0.0536657507696387
-0.649242137753631 -0.255376751182412 -0.00941683807646716 -0.0622936273910026
-0.678339842390255 0.112056154910018 -0.0702081748923342 -0.0111806784238353
-0.547392202117197 0.357312822599133 -0.0391226052942327 0.0364071034861981
-0.342477443796622 0.514776362140881 -0.00376233697023963 0.0641008726241833
-0.148428976311327 0.562176039836706 0.0290673805697609 0.0652472845099969
-0.128801710639944 0.547688539622578 0.039708342750307 0.0510121917580344
-0.119128421455727 0.529489257043764 0.0103279960211238 0.0528097452053045
-0.263323239212651 0.577943997337925 0.00314027094962858 0.0201270625922117
-0.48937829026916 0.457472005156536 -0.0200837090850285 0.00319337942594478
-0.643632630131074 0.279322810795708 -0.0401853251064463 0.0164624440450624
-0.696753415238107 -0.110229651749542 -0.103826151845787 -0.0175331817108141
-0.545728321390102 -0.50854994272327 0.0213915356339075 -0.0664536359851825
-0.415234154512084 -0.628234355029921 0.207073579886824 0.0394931402784977
-0.318570995211381 -0.521787136199427 -0.041377102188452 0.299208128384453
-0.474836879095277 -0.463948540351073 0.11548247567349 0.208982093551771
-0.597458102778587 -0.152018214025723 0.035579595529476 0.00200698350205706
-0.570004104563635 0.148362946033512 -0.0927500654741056 0.0124545613969773
-0.458750052730133 0.336970153443988 -0.129780401832922 0.12426602735214
-0.283606846597742 0.468134350207663 -0.0872982420166078 0.230808465660318
-0.129724823946596 0.50677620889698 -0.0216809129494131 0.269885239145862
-0.130001041727904 0.488255033151974 0.00543721791954263 0.254887667879404
-0.141166016982577 0.469580995838442 -0.0305687116146426 0.246669579427876
-0.277491418989629 0.486795211378993 -0.0610286806578778 0.183347833794041
-0.459733932006749 0.342438399349175 -0.100557149961776 0.103914059536497
-0.54657038838247 0.154233198545765 -0.0693385825869632 0.0454561278741632
-0.537306372443131 -0.134333807764078 -0.0639853059245751 0.0162078671275948
-0.425391244009492 -0.432545806400875 0.0950650539965002 0.0404979700568635
-0.361077919158083 -0.530936193912004 0.291560282476458 0.260698595398733
-0.266850378723242 -0.356810129646398 0.0653366199989329 0.515908800686468
-0.36553391479761 -0.273223473458551 0.2256501096999 0.327125672356879
-0.404084217813544 -0.0490212708210037 0.0829582390851837 0.0683793410164511
-0.352864423800782 0.11447908215707 -0.0845703634971395 0.0426724361797866
-0.303453108611861 0.229832191244993 -0.178792683906533 0.198478020905785
-0.190636608285377 0.332378813687841 -0.135699349364074 0.363381529244614
-0.0965197040150028 0.370439551345263 -0.0582539676076363 0.433001646316287
-0.112051121368554 0.35693432148555 -0.0289755971739483 0.41956293203288
-0.135145488719947 0.339943033535006 -0.080334128875743 0.397833107168833
-0.235313670530276 0.324173088204702 -0.137785438714728 0.303255893727292
-0.343046862332367 0.189519540658686 -0.18330159087917 0.164585074002681
-0.352399747595017 0.0316103806142412 -0.102541594538596 0.0469271649479826
-0.307983335470575 -0.109818271292155 -0.0335490890074392 0.0333440274432036
-0.266984085434705 -0.279275903585822 0.133219257074222 0.125290247554665
-0.271276897683736 -0.358642216308442 0.336037277667879 0.434168259865522
-0.151123441728927 -0.133551599651525 0.151991342128437 0.652349392014074
-0.162242178414124 -0.0627970440103215 0.302668773852372 0.39163192815982
-0.12933441245821 0.0160317363233774 0.133846115211275 0.116671645421989
-0.0982068846258959 0.021392477131021 -0.0498107988373308 0.0553908337618691
-0.128236755798163 0.0694444702625322 -0.188154362429127 0.234466859477145
-0.091637533301283 0.138820312992909 -0.153855957789829 0.433202849271716
-0.0621780626533652 0.174713356213176 -0.0774255986340734 0.529112584465518
-0.0746776968542255 0.172740653415028 -0.0577991878105976 0.518976747813605
-0.0946296845624705 0.163766823367702 -0.125816122074327 0.489308702343017
-0.135759222231877 0.136322605768783 -0.20734706883817 0.366687581939014
-0.16365878267484 0.0490188037495196 -0.250580281680617 0.184479021963084
-0.120023575590409 -0.0317072929770693 -0.122236353480868 0.0285740021352162
-0.088067231783759 -0.020718492066555 -0.00384144454667976 0.0412287751555471
-0.12900601480028 -0.0722353959039935 0.141287089592021 0.185252063582688
-0.171027306785191 -0.135561361698317 0.339733606969402 0.536761649078435
0.0261201144292711 -0.0884185016663682 -0.359834870416945 -0.556192718634419
0.0106550790257923 -0.146406280658541 -0.267299265241914 -0.256359308944704
-0.0911474686167863 -0.0841876642743905 -0.0565791650331436 -0.0705124905407189
-0.10504575696779 0.0239968004241059 0.0865597054094955 0.0303381213040293
-0.0422642578129182 0.0504672705441079 0.269428944112971 -0.13011403215013
-0.0205489360838993 0.0468257406849138 0.249135758823663 -0.368285328058505
0.0179891411768453 0.03455277296205 0.142174754361277 -0.518593566072177
0.031344857136225 0.0378018744728059 0.0479400028940383 -0.553551453477838
0.0506861114643576 0.043149658704754 0.0357510780362029 -0.539373719274154
0.0317266002163179 0.0856104908765568 0.0828567207256941 -0.462749403544312
-0.0221766285205884 0.105883711177407 0.13334357607708 -0.298447242491008
-0.10695277255912 0.108282010034057 0.0127072447612877 -0.117258564356046
-0.158341542917152 -0.0345272149689049 -0.153032976928274 -0.141326027783516
-0.0644525014880003 -0.140921380640115 -0.237223798417184 -0.35175003751726
-0.00138448757132434 -0.117138834386383 -0.181304759780381 -0.663389882973618
-0.0747383177852844 -0.285865506336439 -0.341444817773515 -0.528523514560799
-0.10525970187415 -0.329252126910033 -0.241582783755748 -0.266242452588489
-0.241007109252862 -0.18517993686169 -0.0750021446602866 -0.103301941011084
-0.301655211187041 0.0135427157759969 0.0481123673666569 0.0273145325178873
-0.229656889226621 0.142787243205921 0.240494124934891 -0.107417455413119
-0.143848922510479 0.217966048497766 0.237351074526622 -0.32121975961403
-0.0353202343259205 0.240938748944181 0.140887231544987 -0.457849269209245
-0.00593504136316513 0.249124849218113 0.059650603952225 -0.490246631381982
0.0241988693510684 0.245881947609353 0.0345090290602756 -0.473765636779843
-0.038208591779015 0.302511059743896 0.0706866545600432 -0.418660329141856
-0.172757950115643 0.283912792249661 0.108759378724469 -0.275429850444547
-0.314822214483594 0.236083012986579 -0.00840206265308214 -0.0981954010903458
-0.415967909256028 -0.0318362986358215 -0.184357258056305 -0.12462405712184
-0.304999684785051 -0.300510195644241 -0.228211901467825 -0.324161496561221
-0.189965749884686 -0.345667277535686 -0.13855800240171 -0.574154377152544
-0.17278158840304 -0.452878810048539 -0.305252828403409 -0.407044493771878
-0.238096117307807 -0.481266440686588 -0.195997158517619 -0.215542495196262
-0.400739707976919 -0.261615124118738 -0.0758257365493302 -0.121222130546343
-0.487578936576467 0.0240802126218288 0.00755233835181715 0.00710943713635083
-0.39797202824089 0.235567133159602 0.169637680201905 -0.0835914608749175
-0.248924754569311 0.37066263910918 0.179048630690554 -0.233534787837838
-0.0815337586714195 0.413789271105377 0.116741506935885 -0.328837210600638
-0.0406945782506105 0.41833316416957 0.0615877146446077 -0.350769567627704
-0.00544441615309423 0.409684941915628 0.0318248975997638 -0.337704009826509
-0.102781538899198 0.477205343817484 0.0536298095000974 -0.313168117638359
-0.301042304181555 0.430513664340879 0.0759214552833491 -0.212117844610132
-0.481715467774097 0.338771321978458 -0.0188841528214762 -0.0662137035811066
-0.618358622390755 -0.0199146169858864 -0.181720967932898 -0.0896191280193162
-0.497022681202167 -0.410044701595289 -0.178481655559805 -0.259546598231684
-0.347771923020312 -0.512487707823045 -0.0417720037940883 -0.413485183204769
-0.264736642821257 -0.55395911593582 -0.242764611230327 -0.20289331876912
-0.385793981947089 -0.563879693716416 -0.119757172316579 -0.0992872303885997
-0.559825630096754 -0.270869822051607 -0.0534778903045784 -0.106925791815271
-0.628471387863295 0.0787764651789594 -0.0327147666358922 -0.0108709780370504
-0.504874467858949 0.332285133831339 0.0679443106650819 -0.0412582913261526
-0.30660505888689 0.485371919536812 0.0901182919983973 -0.102690114270603
-0.108243895997923 0.527979255040702 0.0770753547914835 -0.147747880529191
-0.0702382929658442 0.525463037420977 0.0558248176379971 -0.16351819573402
-0.0438351766140415 0.510574901290788 0.0290675525954572 -0.152029687205007
-0.165101274353317 0.580945815374566 0.034726501158403 -0.158188591619508
-0.400684092413425 0.510079778277053 0.0347118572711296 -0.112659104892652
-0.5948962937959 0.37469804575631 -0.0261168960773536 -0.0251680458715786
-0.722336109717764 -0.0282671699633346 -0.147611563771164 -0.0477920819007612
-0.593490412134745 -0.468769516557611 -0.0868394448809125 -0.16870339575173
-0.435188162682217 -0.596792005039636 0.0834028772989324 -0.204429033132537
-0.330326127105055 -0.570721363456864 -0.147361229010117 0.0471112723853596
-0.494501519192687 -0.54731547893513 -0.00544314827944107 0.0537161902318981
-0.649323939744135 -0.213048219476561 -0.0128095956446313 -0.0632384607216287
-0.661841640680713 0.152604581331546 -0.0703489826928609 -0.00809224233709601
-0.518117557241698 0.3895894258312 -0.0408045556567264 0.0349360171935505
-0.303204041883367 0.531099570123389 -0.0023514279254278 0.0628235467459618
-0.109401909964547 0.563402490566885 0.0334744376064598 0.0616837265169046
-0.091646626085347 0.549347918276761 0.041267135982982 0.0467574543118104
-0.0841319157791727 0.532775894170532 0.0150288240068501 0.053088622661232
-0.222547739429622 0.587502174668401 0.00291286583800513 0.0201451753163234
-0.455353594382365 0.486458044291104 -0.0209298863141705 0.00583849799317151
-0.616230760766251 0.314857440571752 -0.0407288286181876 0.0182787787904406
-0.694423070772722 -0.0674885526212275 -0.10141074014133 -0.00717329314950309
-0.570179380855357 -0.472168396663713 0.0157075448919856 -0.0645537424512999
-0.442898953952752 -0.593624598134636 0.208737836023092 0.0227667546848666
-0.339103737999234 -0.491780690494806 -0.0283556472090803 0.297872665267732
-0.496579196800868 -0.429798980519375 0.12499675454327 0.199738835955447
-0.593850872748874 -0.115496948851993 0.0355347939226599 -0.00127116620603492
-0.554192342388702 0.180853279343973 -0.0908561696750794 0.0173554960284958
-0.432251410685777 0.362559382628905 -0.125458434170787 0.127472522912089
-0.247598304424062 0.480913314413328 -0.0733592323314604 0.232937113387706
-0.0934393134669771 0.508052184817891 -0.00285885600057172 0.265951483050356
-0.0952474808443881 0.492392200173353 0.0195954638553355 0.248952723006727
-0.11119976756239 0.475301280105883 -0.0131621686572565 0.246404506676636
-0.242853834639579 0.495873011520786 -0.0488811333319433 0.18574204367768
-0.431383578735439 0.37050581285303 -0.0935816731416102 0.111048293605535
-0.527082915947028 0.183974048853195 -0.0683981600770319 0.0490161578664446
-0.537254495003185 -0.100011566545519 -0.0616629405951322 0.0240549701806709
-0.447796439524157 -0.402577686595725 0.0947911848889932 0.0361407545329205
-0.384870118994973 -0.501999081909196 0.304995687782182 0.235187890636269
-0.281210250072773 -0.332698473888192 0.0900782012253031 0.504456264546688
-0.376912203948654 -0.247123994124692 0.24018542793245 0.309977682584901
-0.397207967381237 -0.0239617120891314 0.0856963915849447 0.0627305514510868
-0.340482708325383 0.133710217731209 -0.0820568631060909 0.0470544438418388
-0.284871264479271 0.247117501227846 -0.168453681569752 0.204275033740676
-0.166128448508795 0.339577234476395 -0.112625959847838 0.366997230226154
-0.0717315415642292 0.370195159191766 -0.0286393653820458 0.429554272785554
-0.0859311473731658 0.361933014578185 -0.0046084948444407 0.413336721643564
-0.11225041569408 0.346864859613231 -0.0530766285001445 0.398309095295537
-0.211767589452509 0.334328324653712 -0.116264025132032 0.308891036346028
-0.325914373959701 0.209073022767583 -0.171264442220704 0.175952923656784
-0.342714440287152 0.0514425346643747 -0.100658907391367 0.0529581833942359
-0.307638752268235 -0.0887580865126084 -0.0326920577451967 0.0380681358384699
-0.280982496711323 -0.259198795199361 0.137262551578602 0.117736310709447
-0.286270117456684 -0.334681886756534 0.360122111535115 0.40269304278481
-0.155471096831653 -0.120077568658162 0.183284384152193 0.634183246023063
-0.16222292235432 -0.0508012236448593 0.320047056564124 0.368378381856229
-0.123230197360866 0.0250993559804913 0.13848992320641 0.10818088335674
-0.0949783566015926 0.0242096719110395 -0.0473889793806295 0.0578936862178627
-0.121841223227577 0.0768103014808543 -0.17434824920691 0.241557244042408
-0.0810605066530508 0.141813072916514 -0.125279703493859 0.436986450853598
-0.0496988634528862 0.175310031543012 -0.0424835065562286 0.524313942216818
-0.0616573281137079 0.176376815481997 -0.0267843673118742 0.514257961045926
-0.0824428398549821 0.170223522797118 -0.0933909986814737 0.489489100308747
-0.12568449147904 0.142894920232739 -0.179848446163061 0.376343794594599
-0.157493696230274 0.0579135415683299 -0.235658965451214 0.199531931494214
-0.117894476380085 -0.0255117370190055 -0.120718800379836 0.0361555456352846
-0.0844960928523995 -0.0140545353670733 -0.00449029911531531 0.0422603592225858
-0.132175016955046 -0.0617425680883796 0.14965511346486 0.175743993634275
-0.17660443895901 -0.121156061379846 0.369555430707802 0.505391933450125
0.022601092724817 -0.0875584761598321 -0.376213933656491 -0.530020762448398
0.00219951165897263 -0.14571544811078 -0.271861929758538 -0.238775193497274
-0.0938716894827391 -0.0789589891609844 -0.0579509472335414 -0.0698319207260937
-0.102039606782494 0.0307426212988803 0.0861655473514548 0.0250586729872905
-0.0397207783373595 0.0517107257647381 0.258225354102774 -0.140131998210053
-0.0181408875624037 0.0482228124363719 0.225396148294755 -0.371511279635789
0.0186581676037122 0.0331275408617567 0.111404400915644 -0.511142536745908
0.0318044572048034 0.0343793976251358 0.0232901767843167 -0.543778503819133
0.0505101903816769 0.038344000794857 0.0120422306689109 -0.527956416301296
0.0361952095230357 0.0826377932657837 0.0585241901545047 -0.457720362724952
-0.0181072833911393 0.107232775195515 0.116701314352872 -0.299946398333856
-0.102036738504277 0.112049488316023 0.00876477816734939 -0.115147887360661
-0.159043414998382 -0.0283532978955409 -0.15206961431199 -0.131687238993426
-0.0690480948555447 -0.137217411656103 -0.246296498711419 -0.336260289170424
-0.00590816183687405 -0.116255605951235 -0.203094682359815 -0.637478788704809
-0.0817048188340796 -0.275582156626786 -0.357513836212213 -0.503598888062474
-0.118001297565807 -0.319260546483055 -0.247687308192509 -0.250785015184974
-0.242536230208666 -0.173037303403074 -0.0780098813550224 -0.10136365205288
-0.293704572432969 0.0283637301149272 0.0487380847562179 0.0234654722919826
-0.218148145449333 0.1510437602998 0.229686166862559 -0.117364591832928
-0.129835676929872 0.220937523918512 0.214647672035912 -0.324372724635858
-0.0230293538563436 0.237106408792668 0.116796596767157 -0.452695656398036
0.00598954190095298 0.243433905069647 0.0369050293880442 -0.480478741840204
0.0333158248583963 0.23867227558412 0.0140124004252274 -0.464651747604251
-0.0225098168587084 0.297755124307228 0.047567601711983 -0.41421989968908
-0.157206233811718 0.289239561768933 0.0931399584496333 -0.275437225061961
-0.298466282118939 0.246689383918666 -0.0123798310573784 -0.095623166567642
-0.411591098207315 -0.0137595821638893 -0.181760045878054 -0.113975915701916
-0.312325750416743 -0.28435851556506 -0.238850218988825 -0.308119812532528
-0.199527777818448 -0.332167750354723 -0.156588069037838 -0.555944964062087
-0.182906060646209 -0.433317977676443 -0.317380720541762 -0.386062613501225
-0.253252095421568 -0.46354290218665 -0.201848934008917 -0.202718373461075
-0.399313756709612 -0.241191341607047 -0.0786379611633764 -0.1189909806611
-0.474330785250303 0.0463258572735958 0.00832062512878803 0.00531381925307821
-0.379581539607214 0.24957729042581 0.159314411784535 -0.0914619969973332
-0.225551623802542 0.373652630631673 0.161758036601901 -0.236128936085884
-0.0595800588796255 0.407528707885705 0.0996859097210325 -0.326226929590186
-0.0190501003525352 0.412049172463402 0.044333782995363 -0.346240440122518
0.0117134599196727 0.401439888449338 0.0188720465331206 -0.330580080994192
-0.0774602016462578 0.472986769160087 0.0361339387183041 -0.309361177388216
-0.275926263091934 0.440102417714525 0.0632637383112114 -0.211179475600493
-0.457262133121511 0.353853431197954 -0.0225007398014612 -0.0640520949328859
-0.607294437746273 0.00627486463645172 -0.177074783525861 -0.0784231862781554
-0.505442050514977 -0.384011075158569 -0.186235881354909 -0.24477822930319
-0.35941350022524 -0.48676229590161 -0.0565411452894078 -0.402778601098843
-0.276105410646918 -0.528652818724703 -0.248965996590878 -0.188738126038704
-0.400610691660685 -0.536672186229163 -0.122029706442162 -0.092362728425855
-0.554642746284048 -0.246738633150414 -0.0562691551930005 -0.10619123232045
-0.608732809585149 0.10651665165449 -0.0320941550604684 -0.0104645505634657
-0.479353863082578 0.349540640949994 0.0608833017227572 -0.0465633388712282
-0.275345282629896 0.488388793898603 0.081050909518388 -0.104596713802295
-0.0794942145197638 0.519520645481569 0.0692858135956673 -0.14844590817694
-0.043844262701446 0.517772623806389 0.0469110716050584 -0.163712608345024
-0.0209285234293185 0.502244167420078 0.0237006151869425 -0.149027002166195
-0.135243334529027 0.575636831244244 0.0248021505296522 -0.155881232753969
-0.370240166336386 0.522251342880797 0.0272887969072839 -0.111060295052662
-0.56334222949246 0.393605816961083 -0.0284713562132236 -0.0231783259648477
-0.710632499454571 0.00348632679923378 -0.143074545331525 -0.038216882630252
-0.602819796062244 -0.436133723301477 -0.0938662374675838 -0.159950876058324
-0.450120870600313 -0.564275619955795 0.0747507061612222 -0.206241192833061
-0.340634769365371 -0.544358725095989 -0.145648851072548 0.0527414223458953
-0.506251955418978 -0.516071190107037 -0.00471456087993975 0.052703230600761
-0.640568431922215 -0.182419027841002 -0.0145116717139164 -0.0645937525532171
-0.639759034572811 0.178467209508131 -0.0686384923427002 -0.00575464090915849
-0.490240540001774 0.405548043416024 -0.043343080234946 0.0329215168617609
-0.271560066094973 0.533124966498217 -0.00191087605631165 0.0621099237018824
-0.0795258394236479 0.555014251995528 0.0370798280664349 0.0580995108710513
-0.0612224717538977 0.543748042788135 0.041036987911064 0.042651452297478
-0.058809244786128 0.528270401126497 0.0190914819525947 0.0528799449452689
-0.190562818365844 0.586376267246409 0.00204544327318491 0.0204594361977072
-0.424102925645253 0.500838935602384 -0.0219436513671869 0.0082798981114428
-0.588738855912962 0.336356698660405 -0.0414379108500384 0.0199978438939595
-0.682478028601714 -0.0364181279446051 -0.0966770297391454 0.000648541178394022
-0.57981732930826 -0.440397529582934 0.0107939441141508 -0.0613889717030406
-0.455740287052671 -0.561631579235115 0.206964089729265 0.0106599612853743
-0.347872178907236 -0.465181706296924 -0.0194782506153104 0.292827682081884
-0.503782475254126 -0.400583019512626 0.129599872720779 0.190754713934838
-0.582336808511109 -0.0894806112171126 0.0351459059654406 -0.00468615884646391
-0.533990190968648 0.202372346865733 -0.088754315274105 0.0202202906039097
-0.407544990433995 0.376882881669952 -0.123008246497783 0.127735341079633
-0.219747679312239 0.480178856552843 -0.063008649025958 0.23175014813827
-0.0669520030202575 0.499215720715783 0.0107469636255009 0.259396347736562
-0.0691930242863978 0.488009103312941 0.0280515773897654 0.241347009149533
-0.0861555951325021 0.472384852189627 -0.000389203901516892 0.242712223773037
-0.21348861084157 0.498009627609797 -0.0408743654923561 0.185123999138392
-0.405086959074793 0.385074214455295 -0.0875502526914511 0.114903599435906
-0.504532183887083 0.203424618404298 -0.0673535735902407 0.0515488019027695
-0.528015481898174 -0.0754025670534619 -0.0581579842615079 0.0297011976569162
-0.455223631986322 -0.37552019444885 0.0922560478412357 0.0337041195156673
-0.394268157493546 -0.471792528870213 0.310104710899512 0.212119940864003
-0.285382026497184 -0.311003223439465 0.104608203534704 0.490073853402421
-0.378832235514734 -0.226187397694452 0.246922731260241 0.29407774489292
-0.386055935867091 -0.00679181951678601 0.0869048980591557 0.0576363594048927
-0.326284810344896 0.144713091582869 -0.0793271252704274 0.0491031923044969
-0.267901396558742 0.255918372020884 -0.160868790586085 0.205930748768572
-0.145589758727046 0.338664544071012 -0.0945218640815789 0.364249361045542
-0.0515653786054173 0.364853625220482 -0.00774356509434547 0.418891334243391
-0.0661619626761478 0.359116772382162 0.0119126294804994 0.402685834631436
-0.0933587403132743 0.347125681796722 -0.0329964721056207 0.392628273290612
-0.192226037533855 0.336884942418393 -0.0992771647190962 0.308690323232618
-0.307602274204988 0.220399536126029 -0.159266092600189 0.182734821196568
-0.330070254958663 0.0636687651949639 -0.098854697139182 0.0567597591167042
-0.302271679663507 -0.072427683291972 -0.031233281282339 0.0415365646449221
-0.286438051186004 -0.240430505097549 0.138150607975541 0.110961128898915
-0.291736800814718 -0.313532486855756 0.369456393624809 0.373408535256122
-0.156005305796556 -0.109547687996135 0.199273476625157 0.611124335578086
-0.159279106488839 -0.0419431580836075 0.327673279117647 0.348436949959206
-0.116454366362937 0.0304857559109413 0.139842572797213 0.10114071437463
-0.0911252831034511 0.025737208222841 -0.0451370293293033 0.058786671098427
-0.115604253684149 0.0804385054060425 -0.162949759596322 0.242882552715605
-0.0716169159928135 0.141141734766597 -0.102294630661833 0.433217755540939
-0.0397763229645665 0.173219788735759 -0.0160326521484429 0.513964532322025
-0.0510802767164933 0.176731472274645 -0.00479086916749992 0.502216669702908
-0.0724584605440465 0.172329776823699 -0.0683685709804496 0.482388123615813
-0.116623496340461 0.145611766668402 -0.156601861490197 0.377491706664856
-0.150092234628249 0.0622387698900807 -0.220323353636737 0.208501037676594
-0.114128544328228 -0.02164034076765 -0.118580343060456 0.0413510407174825
-0.0801467796124032 -0.00888475735984107 -0.00544344031311848 0.0435111943726454
-0.132004354835913 -0.052655231902072 0.153066264207437 0.166990362612051
-0.176089595059879 -0.109690686061966 0.385496267681951 0.472663737733444
0.0205421260365621 -0.0870679220747052 -0.387008281578562 -0.510370616934978
-0.00348011361842671 -0.144585936196893 -0.275157664170425 -0.2267319531795
-0.0958762311376729 -0.0756300066709142 -0.0595252346329199 -0.0696562640661077
-0.0991370217590529 0.0355159231458435 0.0858399338776272 0.0207594677638068
-0.0371155178884359 0.053322234097104 0.249930242164801 -0.147124274295448
-0.0160684419880857 0.0498008329569374 0.20787625901546 -0.373572504866931
0.0193514490811465 0.0327356948653636 0.0923966870592197 -0.506538387484427
0.0311413914031034 0.0321663006606908 0.0060391007477113 -0.534587892969601
0.0492371713462285 0.0343532873024712 -0.00365623838240107 -0.519980303485677
0.039521076425882 0.0800976648100532 0.0403052072469747 -0.454311235001519
-0.0150430287739304 0.108617753211088 0.105380607640203 -0.300726990016432
-0.0984720605836377 0.115414647293381 0.00640125427110943 -0.113754545478676
-0.160464012085768 -0.023853209118785 -0.150132365837602 -0.126605719688178
-0.0722665752942301 -0.135837063676532 -0.252307323436015 -0.323614414750518
-0.0100146251142441 -0.115731241031184 -0.217023929960881 -0.619327445697608
-0.0851941798514206 -0.268344784143487 -0.366945245034622 -0.483524745905565
-0.125600666168479 -0.312250048973094 -0.251720384681826 -0.239475629427588
-0.242107103134334 -0.164788853041236 -0.0801124153090257 -0.1014630615358
-0.287486956109791 0.0387265117772006 0.0485643000225341 0.0204335487951842
-0.209316255483704 0.157081851616572 0.221207491587441 -0.124638123786759
-0.119673457864577 0.222641965353336 0.199146597124263 -0.326621002649863
-0.0140537240673776 0.233346429030691 0.0986051836123269 -0.448349458970307
0.0142876326841514 0.238979510543903 0.0216445442595067 -0.47365357363408
0.0395273841140656 0.233257194447451 0.000544472882749555 -0.457148697445231
-0.0113488264159631 0.293668078614698 0.0309109450880821 -0.409926057500964
-0.145530581445452 0.293576794629713 0.0814019599794725 -0.27471815446015
-0.286810202366016 0.25440772081045 -0.0152805173790062 -0.093625941025585
-0.409270783867327 -0.00180034232922994 -0.178640650310115 -0.10690278834553
-0.316880129133844 -0.273313957193687 -0.243623557341229 -0.296900866721799
-0.206094151134173 -0.321721056399937 -0.169169673497591 -0.539351461997345
-0.186575480327086 -0.419922332868413 -0.325896347425208 -0.36997591545657
-0.264042282137688 -0.449618194139149 -0.204713948597639 -0.19349646016797
-0.397512912840094 -0.227796781979607 -0.0815818725994956 -0.119540264720071
-0.463769756198611 0.0595226363883192 0.00843973830558714 0.00385968531484712
-0.36462133695762 0.259997027197095 0.151502124204973 -0.0977668441646313
-0.20825757645066 0.375621760535278 0.149423161280852 -0.237673900053962
-0.0443363670548093 0.402556710975159 0.0874177813842948 -0.323642613958578
-0.00425361625385266 0.405936883043618 0.0325475939219979 -0.342212404336175
0.0243132166214498 0.395645101639442 0.0101980527808378 -0.325265210888939
-0.0600896246172 0.468008775905682 0.0230171079593503 -0.304982333404186
-0.256694883208488 0.445771325874169 0.0537063626556063 -0.209448294006845
-0.439331954366582 0.363758491212123 -0.0253946649621828 -0.0616774631236753
-0.6004162147916 0.0246690004395214 -0.172845122561923 -0.0715907788901741
-0.511058362261598 -0.365014478532756 -0.190963330384248 -0.235454409705449
-0.367191138502473 -0.469474072551776 -0.065215157643507 -0.396302002083547
-0.280903997427851 -0.510190184811144 -0.253017125118174 -0.177167679732976
-0.411531462194609 -0.517959494761593 -0.124281185807675 -0.0870492565378765
-0.549595750979973 -0.229473471342676 -0.0588661169781784 -0.106992794627305
-0.594349920947352 0.124142442062883 -0.0317067744444787 -0.0105030388586151
-0.45994835495776 0.361248655412028 0.0534892693809136 -0.0501350711665534
-0.254707570715189 0.489650346695111 0.0735881479679737 -0.104485240114821
-0.0605325965047363 0.512594459409964 0.0641336679100231 -0.148851723470952
-0.0231306910884896 0.511703880323918 0.0396548838643018 -0.162816914772678
-0.00439422837525829 0.496414195463355 0.0206256448969802 -0.146861623522436
-0.114653619641159 0.57158332798084 0.0172107042374694 -0.153434381281458
-0.348278317963971 0.528811387800249 0.0214596721794477 -0.108848601546829
-0.542498027601719 0.406683856614917 -0.0309178863661368 -0.0212860606551504
-0.700218592958435 0.0243794968409028 -0.138451348495204 -0.0317672216983012
-0.609336537050688 -0.414609110564446 -0.0983355862737214 -0.152156873853639
-0.456091408706535 -0.543401838769752 0.0689208595904247 -0.208008817690951
-0.344057986846409 -0.52426222410734 -0.145989482416514 0.0565023952946066
-0.513618905114574 -0.496933059617513 -0.00437738545001413 0.0526103371602471
-0.632707782701484 -0.164875243632968 -0.016176017816838 -0.0663823323990168
-0.623118188529781 0.197351822456397 -0.0678781978418656 -0.00507546352645952
-0.469059626482711 0.417568214542298 -0.0479469840953301 0.0309759263727205
-0.24845784702048 0.533018997683353 -0.00160830436420443 0.0628134345831334
-0.058552183662874 0.546258497541117 0.0396595328062137 0.0549572589790249
-0.0404704708527696 0.53679268949759 0.0393817401360137 0.0401353189991866
-0.0404768497459919 0.523133620759921 0.022345875221776 0.0518762858639415
-0.169930511315404 0.582677767161505 0.00109090305259062 0.0215525228494394
-0.399908444635557 0.511563624329525 -0.0229534052883257 0.0108775991429146
-0.566655887184027 0.34910980847657 -0.0432862529506248 0.0219135818668927
-0.67395994910341 -0.0141490776389176 -0.0924393749603189 0.00612633223919534
-0.585768327436422 -0.417172581587427 0.00729656869336011 -0.0584193594038445
-0.462732321366201 -0.538153471824516 0.204714279392797 -5.84534528917709E-05
-0.35069557373316 -0.4478583450276 -0.0154959140167916 0.289451100301385
-0.508521165924689 -0.380322773252445 0.132253448473921 0.185012405985819
-0.572722187877334 -0.0717710816980559 0.0347924468048523 -0.00764881991739847
-0.518065378358226 0.215596473678562 -0.0875326071463104 0.0211713214541892
-0.389378435356759 0.386255030613323 -0.123054016532958 0.12842548153717
-0.199458100811155 0.479121727527776 -0.0559868744833637 0.231627668598272
-0.048109042273699 0.492025764649347 0.0197979773001651 0.253141007764914
-0.0502135330698928 0.48285152224204 0.0325733954344652 0.236071120431394
-0.068943613512088 0.470556052234309 0.00816919881886262 0.239056186608035
-0.195411299938152 0.497654705015723 -0.0338487899828341 0.185318807758066
-0.384039799522081 0.395129991558759 -0.0833596114617622 0.118553009863265
-0.488041066197461 0.215310045399345 -0.0680163077258849 0.0538198525457806
-0.52207102743148 -0.0568852563891708 -0.0556559231384307 0.0338704679789101
-0.461402084138531 -0.356022373554212 0.0906072768726821 0.0324790582655502
-0.397779778095685 -0.451996204567195 0.311673293687742 0.19477270164846
-0.286960350423383 -0.29697420391379 0.112771509534256 0.479497316118741
-0.378717677330687 -0.212074315643929 0.250422682635777 0.282851099449279
-0.376863327878075 0.00377149586274425 0.0875633997151651 0.0533907920998489
-0.316121180950298 0.151681372263935 -0.0778004754623469 0.0503972852110478
-0.254685534692002 0.261885812973249 -0.157013903421715 0.20709329076917
-0.131400552227232 0.336872445946221 -0.0821279576539209 0.363525482490712
-0.0382862622365588 0.358688265703862 0.00769030830732853 0.411298785670292
-0.0508060652702322 0.356704206016337 0.0210334022130669 0.394899913329685
-0.0789330046111918 0.347389422287961 -0.0192125003728789 0.387794528815664
-0.178423772642895 0.339019075650177 -0.0867783111765638 0.308086486972246
-0.294568414708696 0.227307985301683 -0.151059472470115 0.187797358552187
-0.320703861069227 0.0713294876095019 -0.0986770314101482 0.0601613582123375
-0.296127331200836 -0.061586015420927 -0.0307917571021933 0.0449000924060192
-0.288967452087467 -0.226977587144901 0.13761293624048 0.106910615236074
-0.293621413831367 -0.297832361767726 0.375675088031172 0.351190492214153
-0.155183364417528 -0.10213452170641 0.211128588197366 0.59641998604253
-0.15677135049633 -0.0369306016442174 0.33156477496488 0.334910656819025
-0.110399978892928 0.0334842665132465 0.141184251695959 0.0966043608157923
-0.0885621404912117 0.0263944521313016 -0.0442280246934678 0.059202383095829
-0.110658203945011 0.0822320804132604 -0.156361991154842 0.244111071615952
-0.0653149690935221 0.139793805766399 -0.0874856281285945 0.431566783275817
-0.0332824672101426 0.170705061657046 0.00107864962820407 0.505145497498393
-0.0432323240360708 0.176225621921643 0.00757975874313946 0.49378600946815
-0.0637639156854437 0.173854721109668 -0.0521812394108915 0.476889773709743
-0.110004282388725 0.147352028099039 -0.139610013355081 0.377367783403998
-0.144554402982518 0.0640722429992505 -0.209184390691659 0.214444016999327
-0.111214592862478 -0.0206300807307026 -0.117566021135687 0.0449416095394458
-0.0754895957696488 -0.0055900218613256 -0.00696511070235918 0.0455902349174991
-0.131467629242052 -0.0458174744190517 0.154614533769559 0.160911525591965
-0.175292162058955 -0.101785021467371 0.392560330790682 0.449278663058506
0.0191996476729343 -0.0872117304380861 -0.398364956074246 -0.49517771774188
-0.00903431574605076 -0.144361243583311 -0.279003148811841 -0.216725490110681
-0.0985028182792294 -0.0719421020692584 -0.0621213862563165 -0.0707368461442941
-0.0966876660248411 0.0400755034809871 0.0859363263078481 0.0168934913140489
-0.0349883299655899 0.0556245629822588 0.244206077904119 -0.155917173345822
-0.0136865005397389 0.0517156498669288 0.193424736972029 -0.376001390300654
0.0199238102657804 0.032004137410352 0.0742068569839296 -0.503961921302223
0.0314566900111725 0.0304713940323349 -0.0062591147490616 -0.530316789090686
0.0488877344840112 0.0316619160554355 -0.0189808877278223 -0.517549122881885
0.0429882649417975 0.0780174365798972 0.0241179108783916 -0.45341406745662
-0.0116634892576245 0.111032554978582 0.0946548235357702 -0.303401565764349
-0.0957474491224792 0.120005715480181 0.00375219988135529 -0.113272263964323
-0.162999044833322 -0.0194119681242528 -0.150193333916011 -0.12368359430981
-0.0762084140956776 -0.135130891101315 -0.258610731983481 -0.315845071514325
-0.0145026258173976 -0.115071036289072 -0.230721757458439 -0.605023239129741
-0.0880450390144788 -0.262979051888336 -0.379181925483039 -0.468132345902127
-0.133367672058809 -0.307674454288317 -0.256481314907139 -0.230166998545897
-0.24475051125105 -0.157885210917969 -0.0836408934526636 -0.103156343354387
-0.282162460853016 0.0485088218150396 0.0484929909317742 0.0179121584263987
-0.202263657113008 0.163441160980411 0.214044525476984 -0.13261025952176
-0.110681648356832 0.225846076324223 0.184568976701475 -0.330652545204741
-0.00619206184992296 0.231745680357977 0.0844603499202103 -0.447046297175989
0.0212380212778732 0.236939187148513 0.00830538793495893 -0.471926334597329
0.0458308206372847 0.230417974291098 -0.0115521965538675 -0.455606129305144
-0.000947721568440831 0.292305457656978 0.0167154263626929 -0.407851348125696
-0.135725597844399 0.299832763614188 0.0711679287683838 -0.276045023416149
-0.278234741442421 0.264736128292344 -0.0180317273581249 -0.0925451282695225
-0.409410514206701 0.0103993826972531 -0.177662079583142 -0.103356804259291
-0.324052128269498 -0.266045981342794 -0.251116979377718 -0.288870682435557
-0.21321347656924 -0.313540486689293 -0.177963129407252 -0.532036678153308
-0.193223455985436 -0.411280406219108 -0.334837099704476 -0.357389272604563
-0.274281787174084 -0.440350160626922 -0.209726705064664 -0.186019018707428
-0.397861387362786 -0.21847353093587 -0.0856741056550634 -0.120831969532777
-0.457583176683048 0.0734545166012907 0.00824108072599878 0.00174414294677921
-0.353710534256493 0.270217545559132 0.143677642701126 -0.103904334220492
-0.194639498856233 0.381784504104537 0.139372089505362 -0.240302590673606
-0.031524174323665 0.399659930285591 0.076291407877202 -0.32404809054845
0.00869904499035026 0.404464227130534 0.0220082578356128 -0.341481781395071
0.0339978275751366 0.39247287874572 0.00276880116051402 -0.323395191705434
-0.0448567270338306 0.466750083473938 0.0113494451236031 -0.303078897820271
-0.242636357333316 0.454854584449576 0.0452855661454445 -0.209293847728458
-0.425391104218123 0.377258663536548 -0.0283420347943183 -0.059429204976952
-0.598477818524663 0.040041606947546 -0.171175026167329 -0.0667200743680375
-0.521990758785956 -0.352859324275823 -0.196889109460699 -0.226969008486962
-0.375049835602374 -0.455069597292532 -0.0732043588539032 -0.393632271942203
-0.286456735909072 -0.498935588717099 -0.259067680414082 -0.168545655206729
-0.424697412637238 -0.503881179283005 -0.12702725780469 -0.0824539900474974
-0.549923267441409 -0.215446327403306 -0.0619293991283842 -0.109193294573234
-0.584217720866807 0.141501584287986 -0.0322154984294162 -0.0118892365949124
-0.445146244023276 0.372918983386468 0.0461473286662419 -0.053724493625382
-0.235559110405235 0.495146671268179 0.0676859225199112 -0.105237219367872
-0.0416572506421952 0.509525998034958 0.0601483522645653 -0.150340028551413
-0.00557513292642855 0.508995431093314 0.0333970798125353 -0.16313891361284
0.0108765501052453 0.494304908128986 0.0182824246343291 -0.147058125473112
-0.0955044033022729 0.573066642386964 0.00995212601836562 -0.151614964634246
-0.328116200431107 0.540039124308471 0.0158718545652562 -0.107186461423258
-0.526898815017001 0.421151889915068 -0.0336928694699929 -0.0187664207818536
-0.696781300323326 0.0451958989577924 -0.135814313864085 -0.0264269668731996
-0.619655346946448 -0.397449696184551 -0.102984685077871 -0.146228144607103
-0.465693975907552 -0.527724841470232 0.0630117146133741 -0.21118042763902
-0.349759502433874 -0.511295489299992 -0.147210333584085 0.0608904670965748
-0.52510898711197 -0.48132774325436 -0.00420506244208811 0.0533845599878122
-0.629805467633584 -0.149928400153412 -0.0177065254326843 -0.0695294251992407
-0.610721303850891 0.212916268603591 -0.0683469383921197 -0.00473910890390242
-0.45225404566816 0.431220653400391 -0.0528297378813772 0.0310749398429446
-0.229842191876295 0.536784004220245 -0.00161855647002551 0.0636753205076147
-0.0412449963489502 0.54434378006052 0.0426669422340996 0.0514336448923096
-0.0231041007979649 0.535276725493379 0.0380016937723364 0.038915202665707
-0.0228440651015047 0.52322712768636 0.0255146630209527 0.0506672489668838
-0.14938525098434 0.586954077407401 -0.000275951461679149 0.0226123610634226
-0.380342975085695 0.521764392856265 -0.0243188219232514 0.0140991337500008
-0.551264908525131 0.362668032110922 -0.0451369939324883 0.0250703701909828
-0.667826872683943 0.00629702365155219 -0.0903680542853235 0.0104129179761048
-0.595372095737175 -0.400868721584425 0.00415899305344391 -0.0557106593015621
-0.468464373893429 -0.522100805364916 0.20192919126914 -0.00978518185710753
-0.356433825803731 -0.434261338920955 -0.0125967248434362 0.288517814712095
-0.517451254581226 -0.366653013188757 0.135236226451541 0.181140198607372
-0.567899864929746 -0.0598024383254647 0.0341398709363749 -0.0116606406665166
-0.50768784524972 0.22704259131135 -0.0874135917298496 0.022470345868635
-0.373733581699192 0.397346301668321 -0.125344859901033 0.130534641310108
-0.184137017656122 0.480726348891368 -0.0496816592337124 0.233204886700294
-0.0322748646829945 0.488786079365829 0.0288188268387253 0.248869686204329
-0.0329959364593871 0.48262841413619 0.0362798192675607 0.234050033721322
-0.0520119001838635 0.471706660881731 0.0174377854883708 0.237087166758491
-0.179761116354672 0.501547948241737 -0.0291842307246159 0.186553956895231
-0.367863189392851 0.405152006899081 -0.0802789047690899 0.122844651913098
-0.477081698228795 0.227286419848115 -0.0688551190601859 0.057430409029109
-0.515572342995777 -0.0407033078901478 -0.053918022163368 0.0381037646346365
-0.467514331463178 -0.341252808164918 0.0891381138396745 0.0317255535811655
-0.404502769909028 -0.435638447595203 0.314110832773479 0.179158980964247
-0.290216957876036 -0.286220712783935 0.119916610770321 0.473743856415892
-0.383583787353687 -0.201776841479418 0.256150787648249 0.275848694091136
-0.370980148193653 0.0130655819330373 0.0890028361004945 0.049324030942039
-0.309907454302857 0.158738540462188 -0.0769583764804202 0.05120608141188
-0.243809502637596 0.267878808183801 -0.155996562276165 0.210729137828613
-0.1197321441405 0.337259110367639 -0.0709536389456623 0.364912150100819
-0.0256825580302255 0.356637506892618 0.0226608116889507 0.406417806955416
-0.038081510891381 0.355430303294947 0.0306274770366067 0.393163241087115
-0.0661468558409943 0.348797465604429 -0.00647392917689958 0.386703902246524
-0.167122886252604 0.342771023031841 -0.0754503090518183 0.309790318458929
-0.283855325470386 0.23346246421272 -0.14461160808175 0.193902202644658
-0.314762208125348 0.078075903230791 -0.0986034460071027 0.0637844438080957
-0.29272165359193 -0.0523289208576988 -0.0305085065503786 0.0486581032616297
-0.294018178380728 -0.217442232621879 0.138569786713141 0.103560006034334
-0.296995098905813 -0.286997038322619 0.382631635706114 0.333174548118757
-0.156115283942583 -0.0957456532283714 0.221049080171732 0.585305956148501
-0.156373378912919 -0.0330293570294795 0.337534420347392 0.324669045109995
-0.105880599515109 0.0350352828698929 0.14365293357182 0.0926515957185235
-0.0875490853607005 0.0264051668278683 -0.0429956447843242 0.0603857332290418
-0.107617291474305 0.0843364682334307 -0.151879817462419 0.247581653965687
-0.0609793890613162 0.138677223050695 -0.0734812323246482 0.433658817645881
-0.0273713944103771 0.169865587375485 0.0175070511925236 0.501086984426192
-0.0359061958876152 0.17679534105782 0.0203145321908323 0.492353328125516
-0.056481255966055 0.175563790233411 -0.0369814727308001 0.475994755566025
-0.105014653998812 0.150011163857159 -0.124490916420698 0.379756347331176
-0.140892937486778 0.0662583112776648 -0.199351425511757 0.222221622536782
-0.10991885336369 -0.0193871341057987 -0.117865481120578 0.0498124740376382
-0.0715911123824527 -0.00326182047191258 -0.00870333903571324 0.0486178424257162
-0.131495914079269 -0.0399427450481577 0.157173796257304 0.15671808254452
-0.174943591713452 -0.0947454169919778 0.40388134795761 0.429615408590074
0.0446048442662915 -0.079754134165505 -0.305475717267088 -0.556416475093543
0.0199395128892461 -0.141769510362884 -0.231182132317494 -0.258411277057845
-0.0815144189259863 -0.0859532284812213 -0.0454166170721715 -0.0855860066053958
-0.0996919406742957 0.0237390630774183 0.0800709463686878 0.0287456375584204
-0.0452336611883262 0.0518554880535814 0.266174311660337 -0.112830094473941
-0.0231947209515846 0.0531700114435005 0.257181207184853 -0.337670982684175
0.011268091131824 0.0348664889892654 0.166797596088282 -0.483118509930494
0.0244095375243899 0.0367601860684695 0.0938126167328311 -0.51801924605991
0.0407391075572321 0.0415123483802122 0.0790415892153669 -0.50851509065873
0.0264737409139952 0.0837065303175857 0.108982228413283 -0.433293682992185
-0.0335969695808971 0.108253664185098 0.147039965367458 -0.276120353633319
-0.118471386365619 0.0986906429092307 0.0245194703044052 -0.106294475776248
-0.159989919551942 -0.0546450968389314 -0.127985884584712 -0.151907165020846
-0.0511887037043034 -0.149242400930985 -0.195747976401865 -0.368758127640251
0.00822828066045352 -0.11500890531004 -0.104650061728918 -0.65760923054066
-0.0245785447066392 -0.267839185279632 -0.290627192990295 -0.530006196457255
-0.0718535918153011 -0.31853666509878 -0.200004681329638 -0.271483949161036
-0.20445744168773 -0.195355248574009 -0.0581479485449419 -0.12541645189911
-0.27534100369989 -0.00191910789095775 0.0429935562892738 0.0192629798850474
-0.224548119646207 0.126273781943177 0.233434885926258 -0.0975143465893792
-0.147628578258766 0.202967370274663 0.238026655536316 -0.297121054090061
-0.0482187469737682 0.223829102421917 0.16372995042854 -0.423195793405362
-0.0223007190720191 0.238270412946739 0.0964882867735512 -0.458455366416809
-0.000907232599588003 0.234429599503922 0.0720412900867565 -0.44643738610187
-0.0556152434367965 0.283161076402016 0.0884330352705563 -0.386743831247949
-0.190675908369569 0.269063940912678 0.114572458261992 -0.246782530517185
-0.321502051034451 0.200211325312071 -0.00772376466340991 -0.0845073975138844
-0.407204030199606 -0.0759695854283524 -0.166770488528615 -0.135959780502419
-0.268945661996148 -0.32736033981556 -0.195290887978163 -0.342440688708484
-0.145976245792035 -0.348223610787913 -0.068785173961966 -0.574728677124238
-0.0971387407097456 -0.429229946930414 -0.268451845358943 -0.417084877561291
-0.184939627274942 -0.470380644312253 -0.156853022377563 -0.225302760785714
-0.341150656644787 -0.283127799412863 -0.0534429677907098 -0.148772867316621
-0.445075135253715 -0.00910558615919116 0.00596678636038078 -0.00760094247391071
-0.388127509217363 0.201309386947508 0.161028286318163 -0.084335403474501
-0.256532017556662 0.336000696721577 0.174040723575199 -0.219511980752709
-0.101017863924999 0.382883048625582 0.132654270404796 -0.303802162481325
-0.0641177493578091 0.401982090741574 0.0863698443279892 -0.328959754827124
-0.041853324601304 0.390092829952255 0.0612521721514092 -0.31420063519178
-0.130547543214785 0.443565462430571 0.0616982827033432 -0.284186182302493
-0.32371180339506 0.399080619013625 0.0723794978001707 -0.179891248389531
-0.485694325962549 0.279832010704836 -0.0297728255264271 -0.0502174781137096
-0.600628175594891 -0.0867732500865715 -0.173031239762308 -0.0957771464053558
-0.443982254921562 -0.449003211477944 -0.154729220625698 -0.274723761708653
-0.273840322300121 -0.519958551335482 0.0048122678755623 -0.414211810730551
-0.174912329008438 -0.532442816891577 -0.229278743622941 -0.217858520909905
-0.320190628939111 -0.556229938294193 -0.0896733651370594 -0.113920699274263
-0.487085556598536 -0.305147932920335 -0.0317915765071699 -0.138337367075589
-0.576879245056913 0.0314604348512634 -0.0326077514029095 -0.0307672066618215
-0.495277779841465 0.281935765311279 0.0566588886304084 -0.0532909432953969
-0.318835047475401 0.437633411915499 0.0784237833059274 -0.102000834674733
-0.129944877633405 0.486769196384682 0.0832775636710648 -0.135920880064034
-0.0970150211490304 0.501464463887948 0.0630518342576332 -0.153123232439819
-0.0851955888540816 0.485083138323057 0.0433090420083726 -0.13823695875547
-0.199972033788593 0.538345440597862 0.0306739175648246 -0.135903613075767
-0.424823861331667 0.465837463267356 0.0219473731879342 -0.0823616380372613
-0.590352236902796 0.299438160066008 -0.0468341255072026 -0.0087082194764607
-0.694278938402693 -0.103363368258309 -0.149077138721734 -0.0479800270803852
-0.529103164983617 -0.51439268106374 -0.0771336479402303 -0.17692023871362
-0.347426151801419 -0.609050708967465 0.104181510712621 -0.20389431977326
-0.235577835846427 -0.556644210328974 -0.160668728673736 0.0266160379218625
-0.423230392207012 -0.552611700069402 0.00703908962002619 0.0369382967423026
-0.577294831016175 -0.25648387227024 0.00252164892482771 -0.0932324535280497
-0.613620606633203 0.0960099708524345 -0.0705314896933259 -0.0314457088769158
-0.510975640480244 0.335261445318861 -0.0555776266595266 0.011735100054457
-0.31938978380594 0.477163764303241 -0.0206389049658235 0.0513137472962884
-0.134433812670335 0.520328542477254 0.0279089773436385 0.0595246562841349
-0.118697547369503 0.525537768873845 0.0288787483893035 0.0440759567241933
-0.122430337951877 0.504650183748526 0.0122253043804856 0.0554983668161303
-0.254443092424052 0.542931627492564 -0.0123564890263315 0.0314822885185745
-0.47211077423734 0.437839471312138 -0.0411029440474701 0.0281267024086476
-0.602318536272586 0.237671236288518 -0.0681463841281793 0.0309856791142712
-0.657730480323766 -0.135209444037121 -0.110882352142773 -0.00288436522333245
-0.5027647132509 -0.514190133835586 0.0121571703295699 -0.065313102450181
-0.352174944198143 -0.603473345275812 0.20287333004564 0.0266503604717566
-0.259604771495641 -0.484186050977022 -0.0688577381878995 0.274177933921573
-0.440027906534639 -0.439031615040581 0.117428692451597 0.18622006208489
-0.534446536067442 -0.158120373160757 0.0401001648665278 -0.0252759277467643
-0.517896764489988 0.126071636834233 -0.0947506864022031 -0.00526470093115726
-0.43069887622634 0.312801233445202 -0.144827551953301 0.098418843223744
-0.264579757108748 0.429398303255218 -0.0980627236052194 0.211012657919102
-0.11450466672357 0.468432105756121 -0.0219466620868227 0.250705910561044
-0.118949536850985 0.46887054472391 -0.00982027654541572 0.234037008261723
-0.140132938476882 0.449673697139093 -0.031490720959121 0.235467929057981
-0.266719730342358 0.455045974509456 -0.0711465304826279 0.18279314134399
-0.436313239338999 0.32502988693224 -0.114693514842311 0.120713079446779
-0.501400457338293 0.122249167136157 -0.0962051653621496 0.0537308315157969
-0.495610821108169 -0.148105119302206 -0.0763376354830635 0.0308220589290369
-0.389152181788626 -0.427493797486474 0.0812277949269617 0.0404913863225767
-0.304231220358521 -0.506090889700324 0.276743437110846 0.239952436490106
-0.228721792575384 -0.329529234960137 0.0266940752288841 0.481051608899321
-0.34031178614568 -0.258094927830144 0.213203237709039 0.30320465190592
-0.358874606894543 -0.0529367405771056 0.0788183540253757 0.0517303986842108
-0.320067328040788 0.0949738306924586 -0.0893772549141733 0.0292612664047735
-0.28258150247609 0.209940127232683 -0.189382330419232 0.174104383730606
-0.176868191504019 0.300913976497397 -0.140079656692093 0.339085169983514
-0.0852786856597806 0.340191592069189 -0.056822837308464 0.405089446407357
-0.100775844939027 0.344443382725755 -0.0465783652404614 0.387858754183252
-0.130504873413106 0.325761330954194 -0.081057525935997 0.376289778045452
-0.22414825083838 0.302191536130631 -0.136865660398727 0.290425938129823
-0.319819436679087 0.172588407492024 -0.186309385005477 0.172113112466724
-0.315628979925825 0.0101630556298318 -0.121382547838671 0.0488127804559442
-0.272719884052103 -0.1116588179788 -0.0496295895483745 0.0454867450236873
-0.242498407233482 -0.270210926586563 0.11685709486037 0.124131092733656
-0.229535918544005 -0.338972581217698 0.314697237301598 0.409509885132565
-0.139316369284321 -0.122562113048789 0.109222517855949 0.61265261062403
-0.151063081925733 -0.0571545887585972 0.275593248347168 0.371905295815138
-0.107868638007749 0.015895090274923 0.122697195410411 0.113566313233378
-0.0872600750621237 0.00700552644104836 -0.0550434899241835 0.0489055750826104
-0.11789256756883 0.056754992612853 -0.192349831637393 0.215142520156307
-0.083851072807792 0.118249767178357 -0.151378448478414 0.409098757635618
-0.0535502613255903 0.15836494147715 -0.0793975105507034 0.496821641486108
-0.066174802802189 0.167593132966757 -0.0747705621084505 0.482654275621986
-0.0867303026455369 0.159627099922242 -0.126224177814825 0.45699487308139
-0.128937580021921 0.12660964976999 -0.194992110216917 0.346046010371656
-0.149473352843232 0.0355924569167811 -0.239163737322077 0.184369217239479
-0.100141049196477 -0.0420773458288833 -0.131069344576006 0.0268225884822817
-0.0658288689289818 -0.0168224490436324 -0.0220876283814366 0.0498979301889081
-0.118122000370548 -0.0638355189050803 0.12503707006057 0.184325551876341
-0.150895722688136 -0.128383554313613 0.315889068968172 0.513129936884223
0.0431827897664581 -0.0802653553693353 -0.317185850755193 -0.539320870154937
0.0155325006269599 -0.140874433883962 -0.236575307277293 -0.246927751273448
-0.0831029039029096 -0.0816050335545609 -0.0492672961685258 -0.0858689564029348
-0.0967254722938582 0.0281930039480803 0.0786664902992103 0.0253680844731917
-0.0419489530941277 0.0538395724093373 0.257992390783462 -0.121761249999615
-0.0198484494131918 0.0544010662017051 0.23926689105495 -0.340608121504575
0.0115843002013106 0.0346943445685459 0.14747127328165 -0.479991664872606
0.0246012412914887 0.0349625570801172 0.0774931420559809 -0.51500804291421
0.0408339842117017 0.0391424360766875 0.0617940726352159 -0.505206091445991
0.0301741231204158 0.0810525124734276 0.0905370906917339 -0.431283564838967
-0.0293300571401225 0.110828941443102 0.135597377072465 -0.280131485911554
-0.114730096333621 0.103215445551223 0.0218872347515555 -0.10606030058093
-0.162602515134703 -0.049022605596096 -0.129604937559138 -0.148875685510137
-0.055810439360604 -0.147689407178576 -0.203749003066748 -0.359338812755531
0.0036211552054613 -0.112307596085796 -0.120246769158527 -0.643904951371748
-0.0284848118304399 -0.263308908893155 -0.304530490213204 -0.512577114701814
-0.0803836710170639 -0.313332139108985 -0.205448207216936 -0.260838213347254
-0.206145628561309 -0.187165218999846 -0.062875513385018 -0.12650418131939
-0.27022520683353 0.00833515289641996 0.0417630214495082 0.0168794514170833
-0.216288360452708 0.132832840136104 0.224197749115001 -0.105570499690099
-0.137732494252147 0.206427635576646 0.222158548705383 -0.3005274713324
-0.0398350998305527 0.222690306337531 0.147795945529719 -0.423137470534193
-0.0141761664718827 0.235785050977549 0.0827434874793253 -0.45644030691323
0.00589507150337833 0.231488138623735 0.0600842705209174 -0.443796076646791
-0.0444360456660673 0.281036010640587 0.0723941819404222 -0.384795993959812
-0.179844509775922 0.275277107349861 0.103155847472685 -0.248147774266965
-0.310167535414458 0.211190482455203 -0.0110113601342767 -0.0827021089556479
-0.408094879359982 -0.0638020513633112 -0.166624287800174 -0.13045765012587
-0.277360982304802 -0.316704455974534 -0.202853032722191 -0.331994011478235
-0.153176126607147 -0.338125503124384 -0.0856979660096237 -0.564282623770591
-0.102546686281613 -0.420548206491097 -0.279607561088059 -0.401155927697377
-0.197390321947059 -0.45930635326165 -0.161867359214784 -0.216287269923882
-0.342512472902322 -0.269804538167408 -0.059641003910538 -0.150580581038496
-0.437554195518925 0.00586629894468978 0.00385178803375399 -0.00880571157659491
-0.374920815261336 0.211542318557565 0.150844075668785 -0.0895900709179891
-0.240959916096329 0.341486817407389 0.161893104504969 -0.221027935133118
-0.0863470739025841 0.380954584662179 0.121212184226462 -0.305160615119962
-0.0487672373831799 0.397866789496128 0.0744589345416067 -0.327911519847923
-0.0295470552860849 0.385529041574903 0.0515375201513338 -0.313222685925667
-0.113348430462515 0.443559896286595 0.0492814410803265 -0.281108325619559
-0.3071673868938 0.409196042424583 0.0643874824102617 -0.179649496342613
-0.471928367075761 0.292456854712676 -0.0320179990501335 -0.047030326695327
-0.597367195955309 -0.0657671686696503 -0.171559912794781 -0.0899541976150624
-0.453225493180784 -0.433086427550911 -0.161762379306481 -0.26579146664116
-0.283513550273104 -0.50271808571432 -0.00721076806366358 -0.41145229948736
-0.181669398823676 -0.519278842041322 -0.235084227845646 -0.206546143522761
-0.333471203680648 -0.541317689523747 -0.0932399109520353 -0.108109441237323
-0.488657542380719 -0.28884415768907 -0.0376309206873599 -0.141152320295793
-0.56593584597541 0.0486493599494389 -0.0343358657990917 -0.0306205570422838
-0.478376617307979 0.29601419923125 0.0478369995922317 -0.0550036774985347
-0.299522187889377 0.443328893486217 0.071816548540662 -0.101547608162248
-0.111335551892732 0.484666481378876 0.0785800458757203 -0.138789983799856
-0.0775846400967551 0.498917967523733 0.0559678281289471 -0.153173242728744
-0.0681171262231869 0.481979850074057 0.0387957062916662 -0.138774306889403
-0.178716893158576 0.538595074595023 0.0235216351286191 -0.133182315411477
-0.402137894651395 0.478085514165137 0.0175506937185408 -0.0803868368487654
-0.573125615966339 0.317230683683959 -0.0487580385773382 -0.00509581956572915
-0.690117172922818 -0.0805901493907108 -0.147242401336665 -0.0423118419216243
-0.539918939746584 -0.493828761544625 -0.0831768453152792 -0.170809437719977
-0.357485198665543 -0.589568492804115 0.0959802863936288 -0.207487905242345
-0.24291893548627 -0.541661496507142 -0.161617536860339 0.0327077022644975
-0.436250626001053 -0.533015728652738 0.00658017956635034 0.0375495772739543
-0.57467238302611 -0.238653989523835 -0.00236995841619782 -0.0979067452999122
-0.602042093677342 0.111306249934367 -0.0725407495786931 -0.029723720984943
-0.494705014216957 0.348029529575094 -0.0620485456039966 0.0136856595631186
-0.298741706041297 0.48179252506013 -0.0207599230693721 0.0523985011606433
-0.115696119396286 0.515841869194542 0.0311835319750281 0.0557843277373922
-0.0975308246647248 0.523068668483548 0.0280580793470639 0.0434587567254224
-0.105112879954867 0.503809672671028 0.0143145495464421 0.0539611228024938
-0.232421822745611 0.546100105565885 -0.0132146225085108 0.0327472454471441
-0.450039085920194 0.450586378556713 -0.0408998379732049 0.0318874149043117
-0.585949608695581 0.253964094799729 -0.0692557621921544 0.0347594501923468
-0.651550563995055 -0.113541157145126 -0.108230185084762 0.00289743806073485
-0.51290484996932 -0.4931188862109 0.00818098549565388 -0.0626998708777184
-0.360574178137825 -0.584202379148042 0.199811571063996 0.0157326484146804
-0.265371992988133 -0.46885748533307 -0.0644848172488649 0.274656645726503
-0.448930002229071 -0.421641916567129 0.120225872759024 0.181752309229296
-0.531260143195841 -0.141149091293589 0.0375689124521973 -0.0307793311139041
-0.506215572978543 0.139502436392988 -0.095414960799786 -0.00366799234207816
-0.413621338607476 0.322727059924662 -0.147009896430596 0.101878843888577
-0.246052443813292 0.432333038928017 -0.0905455139399512 0.212501367117636
-0.0986242663350768 0.46452293642987 -0.0115013117471988 0.245080657962423
-0.0999351114202861 0.466400547667058 -0.00509597564255075 0.232764568421953
-0.123374868632095 0.447944639857518 -0.0230897835202527 0.233146171592887
-0.246670911893248 0.459051451695808 -0.0644939775585503 0.184277841164666
-0.418504005305109 0.336333363801205 -0.109570684904397 0.125414361663866
-0.490195435707806 0.135574531568247 -0.0962214803096366 0.0582752429404879
-0.49095098083044 -0.129243832922299 -0.0747677132271703 0.0354309589964136
-0.397683219797072 -0.411474463620706 0.0790302964332525 0.0391535864636502
-0.313090094689482 -0.489522645901806 0.278612436195557 0.223789831425559
-0.231693922265386 -0.317733048925589 0.0363998554525526 0.475779084503497
-0.346099825311602 -0.244352362077371 0.218439284105067 0.29371960248594
-0.354512370511434 -0.0435039000357484 0.0791728686089778 0.0458651444791467
-0.3120974500533 0.101604746940692 -0.0885874186114221 0.0314002612071713
-0.271452598565063 0.21702447584785 -0.187043112221648 0.178985490250033
-0.165819084182682 0.302258509128825 -0.127252017023405 0.33937822033154
-0.0726659519213193 0.336837506042936 -0.0413090349293991 0.399358653484108
-0.0873800570888499 0.343428401814843 -0.0356541812890078 0.385019714891202
-0.116711842206938 0.32747487315947 -0.0673525926978669 0.373728639530925
-0.209998500213212 0.30706598689013 -0.125143235274069 0.291576464669901
-0.309503931543108 0.180684928405686 -0.177604106920857 0.178394767504679
-0.309783966695515 0.0188023332681024 -0.121076369685403 0.0540561260999512
-0.268572695106667 -0.101650115446331 -0.0486690706114027 0.0499797416511824
-0.246343928029929 -0.257914280118092 0.116503188174902 0.120039586489566
-0.234509352405446 -0.328356178670318 0.321799214701179 0.389191368155572
-0.139735408894935 -0.114616375511015 0.119670520884444 0.602807120219158
-0.151991562591843 -0.0519722825432127 0.282704167572255 0.360469366853905
-0.104780423065689 0.0179450043817543 0.125330457575457 0.108331882813384
-0.0861684437121796 0.00752612969762924 -0.0539702916298018 0.0500265939419693
-0.115471327858965 0.0593934131586418 -0.186961781213331 0.219440079950773
-0.0796488516424457 0.117745774077014 -0.135432451420086 0.408745264243785
-0.0476546517251545 0.157435187299021 -0.0608530785248233 0.489921359340197
-0.0590095145525451 0.168301512950548 -0.0612272350690087 0.480756345013028
-0.0792280061987272 0.16084937572418 -0.109872921934674 0.455163461268921
-0.121536601761959 0.129133172622817 -0.179814865426007 0.347870730692745
-0.145822297719844 0.0384611799560463 -0.227727941091071 0.192453125247618
-0.0987710573052631 -0.0409939966509611 -0.130370168525471 0.0322048515664862
-0.0616981771041108 -0.0140821854371327 -0.0225650066923165 0.0539145004263233
-0.117805409777528 -0.0577831632440762 0.126686977581595 0.178794233664464
-0.151439981502892 -0.122396120377064 0.327068904756371 0.492008141669656
0.0424798672788111 -0.0808427643966981 -0.324286914406148 -0.523850118704296
0.0131274698101378 -0.140293353570552 -0.236790562512666 -0.237047981203096
-0.0827648436499525 -0.0787671412694055 -0.0518463367099919 -0.0856702429628618
-0.0940559876515047 0.0314852009103666 0.0774185830418786 0.0235664607976764
-0.0387079736783876 0.0548577065170091 0.249951682977799 -0.127831848347699
-0.0163385301426243 0.0559489753621606 0.226106384034157 -0.340858291674444
0.0128528006852486 0.0349483304561156 0.13165249615888 -0.475449071470453
0.0245969505397895 0.0336702505284137 0.0652812065828039 -0.511727752282742
0.0405226208478857 0.0376436096926104 0.0502145394738321 -0.501561901170533
0.0322431279555328 0.0790362377238872 0.0772498783483906 -0.427079654103332
-0.0258307347954447 0.11287440050818 0.126547993321066 -0.280170439272322
-0.110974046334493 0.107182186620878 0.019319593341245 -0.1055337943291
-0.164418351614485 -0.0453455240360968 -0.128776276114683 -0.146836561254356
-0.0586528778759614 -0.146270167539541 -0.20585072387241 -0.352754873250974
0.00208112554061708 -0.108756436783608 -0.12895109075998 -0.631041683138325
-0.0295217875609153 -0.259095050029517 -0.311064874942759 -0.497932741771226
-0.0853729404204311 -0.307975986444335 -0.208745191357916 -0.251442974257796
-0.204473720804928 -0.181047255758824 -0.0675564985428309 -0.127069622850619
-0.264144484564598 0.0149617893678308 0.0402083407399962 0.0159320430220015
-0.208149793036817 0.136326359152051 0.21550087261623 -0.110610038364466
-0.129097802745105 0.208259188105623 0.210016807315508 -0.301045462408966
-0.0339728492641785 0.220149530277207 0.135297138400763 -0.419656594379462
-0.00792082141551997 0.232578147260544 0.0720430111518702 -0.452151082669088
0.010604806808225 0.228044056920367 0.0489425749765785 -0.439486847623072
-0.0371039353169741 0.277518366044391 0.0598343062390189 -0.380513819403568
-0.170225366357901 0.278935822864278 0.0951459283190265 -0.247123134239193
-0.30183885131799 0.218158887561517 -0.0129550802825057 -0.0811406679325215
-0.405912673316575 -0.0534536704601614 -0.165723067892309 -0.126845166041966
-0.281244662280012 -0.3084094082998 -0.205613822588921 -0.325326062908519
-0.155403183803962 -0.327510446433746 -0.0932852285698744 -0.555099485658078
-0.104632934220232 -0.412983883930894 -0.284249468839326 -0.387742755151087
-0.204253535371186 -0.45069774213106 -0.16456390681551 -0.208820068949794
-0.340889164227873 -0.260400178778359 -0.0650312348794363 -0.151841064821108
-0.428568732876041 0.0144680262416266 0.00228138595591418 -0.00876131257710517
-0.363293749040101 0.218138147715412 0.142004085347561 -0.0920504303719237
-0.229302186803172 0.343494369592299 0.152444041987817 -0.221018012532032
-0.0770175427350035 0.375581823567333 0.112609556915903 -0.303868759821748
-0.0386027897709293 0.393813372567399 0.0661440158202716 -0.325544611629677
-0.0207998980082418 0.381416700767024 0.0448245279164914 -0.310866801486912
-0.102004454098469 0.438617535618661 0.0397482057253089 -0.276099928275372
-0.292779083502591 0.413869224516563 0.0573835896631798 -0.177984339862368
-0.457621782274504 0.301073616162861 -0.0339020605885848 -0.0445911690696298
-0.590729496489203 -0.052157951135943 -0.16982846664355 -0.0856939934430129
-0.459784376431409 -0.421674415405094 -0.164421824814208 -0.25891478865188
-0.28586702485451 -0.489538541033834 -0.0148239834584115 -0.406855164563894
-0.182204185056255 -0.508819593387611 -0.238009765134419 -0.19719251039762
-0.341365768467756 -0.528715012059387 -0.0946653768292268 -0.102777866465363
-0.483864163794285 -0.276872411946521 -0.0429569547475525 -0.143829206428424
-0.556106917573684 0.0596713430037383 -0.0363961662865761 -0.0306576190232018
-0.463837192808231 0.302632106167237 0.0399291594107118 -0.055000067637878
-0.28452765443632 0.444046155105508 0.0662060023093478 -0.100575833994651
-0.0998447198602793 0.478705368305343 0.0754136967390969 -0.140694305032932
-0.0643152785655757 0.492929290242386 0.0512129907119199 -0.152633448485777
-0.0560073242631954 0.477071232307389 0.0358374333904247 -0.138525675552713
-0.16315116680028 0.535822073049739 0.017644794496494 -0.129526220218981
-0.386175070283485 0.484286919795022 0.0141033019831945 -0.0781568175131028
-0.556078649482175 0.325897030475955 -0.0503057244586439 -0.00145637685569715
-0.681614563900783 -0.0629881006253974 -0.144179357275053 -0.0375586883844319
-0.546625888006875 -0.477936912976177 -0.0850932275747297 -0.165055829875789
-0.359822191707163 -0.572260470968746 0.088781323439788 -0.209757337539231
-0.24325694516317 -0.528250271814223 -0.161950434928511 0.0379642306633821
-0.443836880694813 -0.518786907469524 0.00638823748618569 0.0395543491184554
-0.569941387281532 -0.226443425619897 -0.00724292019258231 -0.101556425934839
-0.590215619394732 0.122375329892701 -0.0739353273098322 -0.0293263362740092
-0.479512698783935 0.354459308869967 -0.0675593248828168 0.0156358180775651
-0.28473851084499 0.482306207589504 -0.0210055366472228 0.0540430364932463
-0.10360318248118 0.509628928711187 0.0335553411118679 0.0510631549552381
-0.0826955994716846 0.517732593277561 0.0272423588223636 0.0434883856884434
-0.0917512178553924 0.499532497050394 0.0153492774230834 0.0526225568290139
-0.216856643270245 0.543634672142991 -0.0140370821336505 0.0356962122347798
-0.432192029989388 0.45811249219204 -0.040439335561689 0.0344359671572184
-0.570963573310424 0.262853790572378 -0.0703706836152961 0.038584336424891
-0.642494690291796 -0.0978809224520545 -0.106014811863019 0.00720351619488323
-0.519558946048953 -0.476889774534834 0.00524196166175057 -0.0596615160546377
-0.363132503010979 -0.567508658424011 0.195293116601931 0.00818067548175574
-0.265447670769226 -0.455550273822041 -0.0627932550100957 0.274053484462719
-0.453867250492939 -0.408296846736096 0.121274822821546 0.179754780623009
-0.52360161618578 -0.130041913471597 0.033695469498243 -0.0349023416112154
-0.495850950756821 0.147571479120821 -0.0961695251145587 -0.00260239692674555
-0.4007099477934 0.328620715961282 -0.148722507221437 0.1053776252233
-0.235054563721767 0.431039953899609 -0.0854212264308677 0.212641280158954
-0.0880966518940605 0.457752333059554 -0.00438116074890613 0.238134707025283
-0.086240324124168 0.464358760487812 -0.00139686556828227 0.231366980772938
-0.110660994843335 0.445876673870736 -0.0176356448192466 0.231028311165155
-0.232483096147385 0.459022993511888 -0.0601210696823874 0.184867024180481
-0.403854576719655 0.343634973979239 -0.10546299212687 0.128439546402933
-0.478583512345825 0.143509906580666 -0.0963027643418755 0.0619435267693043
-0.483824551814345 -0.117479836688803 -0.0726396063849095 0.0399898612794832
-0.40139791901413 -0.39710014061216 0.0766471038238807 0.039342177659052
-0.312713455231684 -0.475082009332159 0.277058734327379 0.211077553421444
-0.231474858201098 -0.30722414711228 0.0394876296918281 0.470834153148224
-0.348646682327361 -0.234136165070844 0.219767979456848 0.287292800947143
-0.348545393755133 -0.0365118555942347 0.0774875932610491 0.0415721702312383
-0.305274336720379 0.105330437166738 -0.0884696769043049 0.031978589762667
-0.26452393817408 0.219601352122696 -0.185012849356928 0.182834281481138
-0.15710188287932 0.299971041515518 -0.117929410690814 0.338314738936593
-0.064648831131351 0.332566648639177 -0.0301054605452911 0.390877290560847
-0.0760341003013375 0.34038490732091 -0.0294083673994887 0.383714789947091
-0.106335086243244 0.325138322609709 -0.0591476548541117 0.370186010633676
-0.199202649836987 0.308787369602277 -0.116426455141564 0.291848069496812
-0.301015255174862 0.185264139629455 -0.170479841085496 0.182399160008452
-0.303678070622691 0.023101883594064 -0.12048187609828 0.0586283525190043
-0.26274586075616 -0.0943842748127213 -0.0472753898693903 0.0535937765043176
-0.249327608282388 -0.248741336691188 0.114848156144873 0.118011211901585
-0.234094928097995 -0.316811865377289 0.323898895045881 0.372668630947562
-0.138442975739417 -0.109452892519194 0.123662308459935 0.592869093125216
-0.152281966938017 -0.0481286030215904 0.285576747682337 0.350325785998714
-0.101685837570924 0.0193101073775328 0.126290718937958 0.103501136980624
-0.0858670365610399 0.00773718506515947 -0.0531967077432326 0.0501073346722979
-0.113530241114021 0.0606126632205017 -0.182129986392296 0.221986188790278
-0.0780953797214232 0.116804153904906 -0.12291625449039 0.40668725300401
-0.0443268802381696 0.155232927327269 -0.0466692757277217 0.482678728057046
-0.0528008805185816 0.167523881338293 -0.0528583450496149 0.476250980356939
-0.0731027064234403 0.161224661371567 -0.0986338441807662 0.451717187825554
-0.116442410228685 0.131430793387907 -0.167999144909818 0.346290342779116
-0.143515653211642 0.0402099122608616 -0.218402318180665 0.195990807218555
-0.0974561866714056 -0.040779269439784 -0.129376674320535 0.0364619298303978
-0.0573203289307729 -0.0127012524349646 -0.0224666495439152 0.0567289689222951
-0.116810482918945 -0.0530291702622713 0.126166586513393 0.175083360130397
-0.151401477809795 -0.11848390135955 0.332335481093171 0.474918067483566
0.0422029516263452 -0.0813201349038437 -0.325976696260427 -0.517732324494014
0.0118708754277374 -0.140946676457993 -0.236763786791095 -0.232975324576947
-0.0820298199891886 -0.0777329927507785 -0.054121117479356 -0.0859934866629514
-0.0916898844974739 0.0344333481370226 0.0766478242242435 0.0231556594058172
-0.0363715248806623 0.0555941812450838 0.245572904957632 -0.131219932775501
-0.0130704638183336 0.0573506794024553 0.219715449207209 -0.341479737500373
0.0138924854193221 0.0354897801706167 0.123608957323658 -0.47284421583825
0.0244371539585246 0.0330775491204561 0.0601244195644669 -0.512368294002698
0.0403121365526416 0.0366989670352265 0.0445841830069792 -0.50038217324154
0.0330622165670412 0.0775168655361826 0.0723154397885754 -0.424596684048049
-0.0240189439959282 0.115675994707375 0.121379827348526 -0.281564724813404
-0.108815764148234 0.110583100246477 0.0185470519692819 -0.105552371681821
-0.166873304311531 -0.0428528519229525 -0.1285336962905 -0.147486873302049
-0.0604476759098378 -0.146261812492872 -0.207357900543679 -0.351296118037876
0.00253441460600021 -0.106204766551804 -0.131148254860943 -0.625496696166996
-0.0281803897027107 -0.258221428650931 -0.312811835567675 -0.492162033375407
-0.0874648020658192 -0.306684934441941 -0.208684384709244 -0.246288752772399
-0.20268496767422 -0.180163540379501 -0.0708109926653996 -0.128354367225643
-0.260305726209715 0.0181007007523207 0.0396798357437304 0.016217176654544
-0.204170670857553 0.138992803275843 0.210104231351351 -0.112575341666209
-0.124445179338899 0.209500153472596 0.203248715390184 -0.300213956550135
-0.0312604446345595 0.219590850695309 0.129202018203235 -0.418318934595732
-0.00474843441959919 0.231088891637808 0.0673053596890009 -0.451961882395867
0.0121956563692699 0.226224675725517 0.0454115066980932 -0.43927621564961
-0.0336339963563155 0.276401445923857 0.0539815135525145 -0.376937443048651
-0.164908872485181 0.283641762323841 0.0902484756334178 -0.247572648527111
-0.296703623765944 0.222552261359334 -0.0143308414551394 -0.0797563779541473
-0.405759219363465 -0.0494723701437317 -0.164858899146129 -0.126545627248062
-0.283874264865972 -0.306391530152845 -0.205702682177111 -0.323719068183748
-0.153686520438676 -0.322733264514801 -0.097466724438053 -0.552238668454258
-0.102275400531849 -0.410140705372739 -0.285831003945005 -0.382824541662448
-0.206648637539123 -0.445216624356625 -0.164504518566841 -0.203508129608476
-0.337121428009897 -0.25926400697288 -0.0697679400104163 -0.155024113910054
-0.423051216332151 0.0177167542104261 0.00160696275077415 -0.00846535406995225
-0.357767980281829 0.220990377347439 0.13601912357363 -0.0930396441386072
-0.222241687189549 0.344402585545002 0.146477891073335 -0.220080707311268
-0.0728373342399577 0.373933534352154 0.108671152590878 -0.304559109097625
-0.0327022495687047 0.391611590270068 0.0623009717478708 -0.325237494847414
-0.0170459128867535 0.380837157096924 0.0424288262913946 -0.311214676001066
-0.0959629474936182 0.436667291531242 0.034648125943362 -0.272821510016532
-0.28509115761818 0.419016368746647 0.0539304521811446 -0.176970026467342
-0.45057094090428 0.30638637966252 -0.0356492163242875 -0.0417777256006731
-0.590323957354888 -0.0455241832186628 -0.168479407664019 -0.08444583983757
-0.462455083184096 -0.416878020423791 -0.165953889570045 -0.25608276990773
-0.284710070399843 -0.481170156400496 -0.0193705659110372 -0.406041562496155
-0.178184260631227 -0.505130395317614 -0.239550901447904 -0.192491848897762
-0.344389222865748 -0.523192738201244 -0.0952715428564419 -0.0985719464665943
-0.480853376858822 -0.273493268888971 -0.0479296397385777 -0.147478852527036
-0.549701916111291 0.0633171968018785 -0.0374784032291088 -0.0294758233731021
-0.457352158435487 0.306338005508847 0.0338715216059115 -0.0543351602943513
-0.278834856439529 0.445233422946845 0.0636603740505477 -0.0991156738375421
-0.094840978131554 0.475736148519658 0.0742380451391087 -0.143290184327792
-0.0580921206403182 0.4909161285572 0.0492554342334501 -0.152438420585683
-0.0498249040388183 0.476036949044798 0.0348102379652313 -0.139139568436582
-0.157094691332165 0.536233174247192 0.014015152537976 -0.12637629731584
-0.376983589421894 0.491713420356263 0.0118290788338335 -0.0763803091262616
-0.547946175844206 0.332346627857062 -0.051852463849894 0.00127070870406941
-0.679521457992536 -0.0569166452665528 -0.142570918263664 -0.0357778169880728
-0.548547563763944 -0.473692304489275 -0.0875442863749788 -0.162109655158035
-0.357545197524105 -0.563431189211806 0.0862541163554415 -0.212158784288687
-0.238242731183194 -0.525089328473997 -0.163627846298504 0.0415948149864063
-0.447243458151833 -0.51205302986332 0.00698988514132276 0.0428924711901048
-0.565383387831406 -0.223155321035483 -0.0120644553296222 -0.105504481777682
-0.58503523374845 0.127494552228481 -0.0751167344480264 -0.0287690319946668
-0.473899355528832 0.358737800566476 -0.072735959209931 0.0178605105169264
-0.277783290374435 0.482809898915386 -0.0212936712584431 0.0555234952841342
-0.097850887601581 0.507083081043106 0.0348006545934112 0.0461611285965513
-0.0749663075032516 0.515420990347656 0.0267323118198295 0.0434594123711773
-0.084962824141768 0.498351996583936 0.0154364758766943 0.0524626310491904
-0.209046098486677 0.543751283254202 -0.0155397376029812 0.0382178974312775
-0.423184474938706 0.462730313111 -0.0405158352731695 0.037055525110239
-0.563623942970794 0.268562586981734 -0.0716467639821335 0.0416931356607994
-0.640451259124378 -0.0914190297339744 -0.104111803261067 0.00984768595045328
-0.520754374922864 -0.472069848217872 0.00315300139192655 -0.0570850169073539
-0.361279965345327 -0.55868398350289 0.192911177232442 0.0034264985173194
-0.261314569164884 -0.452647606404249 -0.0641451079437406 0.276374580591607
-0.4581991592544 -0.401632365583777 0.122183025645802 0.180123176726964
-0.520776807980466 -0.125835718926936 0.0297783264414574 -0.0385547227320158
-0.492024806248285 0.151081023053213 -0.0974994764708425 -0.00209747122479317
-0.396649864722654 0.332893071456003 -0.152258378376876 0.108758955906389
-0.229946972524189 0.43204487720288 -0.083353376618485 0.214233952953961
-0.0831304132075099 0.455031681494293 -1.81051940292678E-05 0.233125045999348
-0.0798769197373273 0.462550136476413 -2.80355468938815E-05 0.231966537115472
-0.104722719486785 0.444965870829895 -0.015713968029588 0.230045941753341
-0.225450680244657 0.462175276912592 -0.05902601801493 0.18642120757936
-0.396875119025909 0.346644847452502 -0.103579592116891 0.131314035205919
-0.473471024842415 0.146047992120396 -0.097409596279975 0.0659040550888791
-0.478546342298979 -0.112878450185028 -0.0711286591423654 0.0426381659858868
-0.402864658026577 -0.392692774423211 0.0740805738847461 0.0412125507470482
-0.312127628986284 -0.468265985815364 0.275459703464135 0.203558635018503
-0.227796199424404 -0.303512177342492 0.0382160430661666 0.470704226733219
-0.349504966687731 -0.229831320850284 0.221312996441162 0.286423633631236
-0.345990096770181 -0.0334345434292239 0.0751969115221474 0.0381715370569402
-0.302828997625312 0.107138767060958 -0.0895115097110876 0.0318670759013703
-0.261654428884738 0.221885847613125 -0.186272098098976 0.185853181307218
-0.155899410442435 0.299409553025508 -0.113928731681196 0.338848702145276
-0.0617576612534718 0.329930327056908 -0.0253048614482237 0.384700936898633
-0.0707582095640451 0.338355886333614 -0.0255512509259091 0.384027159761399
-0.101210483594568 0.325445517623542 -0.0544031445356937 0.369300943072022
-0.19372682028702 0.309936282467348 -0.112401255503886 0.292169208675715
-0.296731251340219 0.187414548048273 -0.166436070250785 0.185249640613107
-0.30129283227229 0.0242208768546115 -0.121155909766324 0.0616081672086929
-0.258793762599622 -0.091712210492507 -0.0466139757673771 0.0571729868884616
-0.248755661132433 -0.245051201852309 0.112571518488748 0.118542136418344
-0.234452489565769 -0.31303801314034 0.32312115930011 0.364790634765024
-0.136100781787842 -0.106230535273325 0.122339477295011 0.590241145609248
-0.15287142126397 -0.0451376401970587 0.286886657704823 0.347017507284195
-0.0999569773915759 0.0198585774262301 0.126296051505651 0.10146689238188
-0.0860453768424968 0.0071446552794813 -0.0541611521676767 0.0495787379304724
-0.113738516421859 0.0614290348267678 -0.181842020834011 0.224105875467684
-0.0784442739604224 0.115800445010511 -0.11717769320968 0.406249144242398
-0.0428243337893113 0.154123966066814 -0.0397146461160542 0.476548958128968
-0.0496390678887105 0.16757753662248 -0.0499511592637441 0.47783124605176
-0.0695413093063093 0.161349474321201 -0.0945457498092964 0.450820428334279
-0.113416149328654 0.131642119006895 -0.162342671453587 0.347015084299292
-0.142662661485219 0.0396255693743258 -0.21272590457797 0.19897826330257
-0.097339064131269 -0.0411954594017059 -0.129605468301423 0.0392435540687777
-0.0535411473051773 -0.0124853445119127 -0.0226174468565142 0.0600764820009288
-0.115373334654586 -0.0507953737523618 0.125161646465852 0.174336512136594
-0.151987291143086 -0.117053376651099 0.333073522122519 0.466950415395179
0.042919518878807 -0.0827082627176776 -0.331546753355537 -0.521865141759324
0.0111200099849025 -0.144258238305568 -0.239789314442692 -0.232929166491637
-0.0826132222111503 -0.079306233530612 -0.056332513056109 -0.0880119912733166
-0.0911944968473802 0.0364806320802207 0.078613082764411 0.023012948536934
-0.0348744207916792 0.0566728418055826 0.246340049701363 -0.136679712828249
-0.00944385175515284 0.0589657827247704 0.21679334892276 -0.348468073350028
0.0158627588903418 0.0366318111267886 0.120009197092629 -0.477761977431024
0.0246634442199003 0.0333662416619819 0.0577853231986849 -0.520606320361154
0.0409503949551984 0.0363847247435646 0.0422713210053654 -0.508962381044653
0.0344869021166947 0.0778929563772027 0.0681365164092574 -0.430239169587557
-0.0222530751748684 0.120219321596578 0.118478032219651 -0.286906200453779
-0.109575253157212 0.115512051595949 0.0178876505547737 -0.107312261414062
-0.171432176174741 -0.0417399938226631 -0.130268663105254 -0.15155218122403
-0.0631209669384865 -0.149160061747017 -0.210445170649301 -0.357121366638814
0.00434483446701945 -0.106293499264932 -0.135776077815818 -0.632390006718901
-0.0273259662437964 -0.262013730702229 -0.318820441829462 -0.494534123286017
-0.0913370256735221 -0.310869783985775 -0.211625388500194 -0.245611353293247
-0.20428522361363 -0.182522075634746 -0.0754404246225348 -0.132083212697927
-0.26181146871318 0.0204801106949991 0.0405553377737399 0.0172869223464938
-0.203852970434009 0.142816413203718 0.208684593843051 -0.116358049496428
-0.121160517491872 0.214907821435846 0.200265945479944 -0.30499271353371
-0.0286173744204148 0.223089305426952 0.1264875445767 -0.424607170673639
-0.00269105608808057 0.234488077973033 0.0653813375524624 -0.460465435751189
0.0140690253265094 0.22888231562285 0.0428336994731007 -0.447310963060411
-0.0312885031490898 0.279749222874116 0.0497039991015154 -0.380188241897322
-0.163392264550556 0.293003694079741 0.0873988377759057 -0.251584674912189
-0.298783955002229 0.230029277714286 -0.0161217167884011 -0.0795710179702377
-0.414542132015151 -0.0452584206966473 -0.166785793694963 -0.129969115053903
-0.291576510381456 -0.311897224191095 -0.211019012394845 -0.327142295246423
-0.15441734316734 -0.324155945424404 -0.10262167492317 -0.559397994588997
-0.0999068782302484 -0.416340233706767 -0.293511971418698 -0.383238574440117
-0.212888976951647 -0.451662673145984 -0.167170985987263 -0.202130590680491
-0.339932579109492 -0.262426711838267 -0.0750888886103541 -0.16003025919657
-0.426725640055667 0.0210646483792491 0.00177934417494108 -0.00775012445226752
-0.359953808442895 0.227389257836892 0.133839382839199 -0.0948084350132773
-0.220892109223401 0.352483167914865 0.144990758559306 -0.22253291718033
-0.0698107723884951 0.380637473540002 0.107892719576947 -0.311194066986968
-0.0284531926598822 0.39707631678716 0.0612897465515378 -0.330597522937735
-0.0140119061526833 0.386224335160467 0.0404500016877105 -0.316629445306339
-0.0940289103332583 0.444963652385408 0.0307192066344204 -0.274136073605577
-0.283693335475554 0.430699392543773 0.0513104049041111 -0.178834744536762
-0.453055428072182 0.316398212629617 -0.0374947756360221 -0.040188130939106
-0.598979662090122 -0.0418383887630045 -0.169919306645646 -0.0851995301454373
-0.474606821237194 -0.421874494220897 -0.169364776941566 -0.258906290725292
-0.285844072378949 -0.48467778993107 -0.0222825831325009 -0.412425301113423
-0.177359550150842 -0.512749497613795 -0.244770697484152 -0.190890977290381
-0.352774670191409 -0.528528793566875 -0.0953415703517433 -0.0962603269238727
-0.485882781577793 -0.278279959105301 -0.0544696751008257 -0.152956387862691
-0.553631343773616 0.0682887882431075 -0.0385894385226232 -0.0297742331230678
-0.45970940645405 0.316204542331584 0.0293419300180679 -0.0542911052223823
-0.277780919059519 0.455654099019554 0.0618405653324061 -0.0985200600542678
-0.091845238637689 0.482326433939479 0.074572551221426 -0.149448991402079
-0.0524733558489913 0.498333601054299 0.0492175887466295 -0.155096805208742
-0.0482965081700953 0.484017502443308 0.0342904610544019 -0.141833775083106
-0.15499305878867 0.545377155742991 0.0123766351685297 -0.125270638608243
-0.376674320702516 0.504760689212578 0.0106853466210184 -0.0760197793610656
-0.551454801063755 0.340953426220861 -0.0541125377081724 0.00473286919163109
-0.687846133811152 -0.0514469390686645 -0.143236046748419 -0.035181326048913
-0.56089169890416 -0.479020870565024 -0.0905630011921119 -0.162191297982475
-0.359964834187236 -0.568052359050529 0.0848659223353868 -0.217724328748127
-0.238265228789833 -0.532587396453048 -0.167178614957214 0.0465968393901357
-0.458042187792965 -0.516350426227531 0.00943343751146886 0.0465870364252987
-0.572136691669408 -0.223786367698472 -0.0171781258187441 -0.110577276257277
-0.589886754624572 0.132129354976501 -0.0770219387570878 -0.0287903683492762
-0.477072452739006 0.369151194619734 -0.0787655811001113 0.0206099318247385
-0.278560615494056 0.493960137795215 -0.0219971843331131 0.0589534013287047
-0.0966315271740583 0.513717303298176 0.0364098546233863 0.0419032973513813
-0.0709690513273455 0.522737151734456 0.0274682810181546 0.0452664621534501
-0.0824060829681614 0.507230580076624 0.0165032566704846 0.0520919201855371
-0.20660029453046 0.555236337154051 -0.0157582619587591 0.0416505727316597
-0.423763948226076 0.475232080816023 -0.041509685283268 0.0390048260019217
-0.568548508825513 0.278092661041491 -0.0738125442411094 0.0462275770002462
-0.647815614015449 -0.0860195890854059 -0.103812062225609 0.0121875832088734
-0.53402077904032 -0.476652649125865 0.00135020105720015 -0.055152161944637
-0.363113391384625 -0.562567839210176 0.192998156750803 -0.00208319308353917
-0.26095979707294 -0.458365996480017 -0.0667875706009168 0.283583207181025
-0.469150983975444 -0.404403205558955 0.126348889116776 0.185580199532501
-0.526533318827411 -0.126743337861559 0.0256846151646947 -0.0421501780308904
-0.49692891876218 0.155488756742438 -0.100393374469332 -0.00185966506899532
-0.399002273175919 0.340902050193683 -0.158017005322104 0.113254879083924
-0.232069409450836 0.441170691390882 -0.0831392016268018 0.219485997058427
-0.0818481496075457 0.461655819730866 0.00189500761009501 0.230770610378797
-0.0755623164667353 0.468852502481125 0.00137536121547757 0.236579264628684
-0.101284157897418 0.452184417427291 -0.0141760379206797 0.233195354535543
-0.223791542143415 0.470115708455958 -0.0583535511227572 0.191708361447084
-0.397525641341253 0.356678022134992 -0.103047286109541 0.135864987075746
-0.47717873627187 0.150974429707884 -0.100099909530844 0.0700719530624397
-0.484142851617705 -0.111763939271561 -0.0712134994213709 0.0473426461182681
-0.411216586790337 -0.396365241755648 0.0733946057798987 0.0444953915735994
-0.315039481681855 -0.471927992887573 0.278344508623737 0.200684881682766
-0.227869261240548 -0.307129589527852 0.0366008836784248 0.480086039414136
-0.359266711994472 -0.228901042371386 0.226663269042209 0.291180140294722
-0.348770359867629 -0.0325235430052635 0.0742590879110412 0.0366273437727456
-0.306563019507421 0.109553079793055 -0.0926252530417742 0.0332122819631443
-0.264132400061873 0.227829849876351 -0.191407474300348 0.192301405042307
-0.15792037345281 0.306970809136296 -0.112126305965985 0.345518791644882
-0.061503959328743 0.334312994400502 -0.0216355272237484 0.385699014444788
-0.0686281929556629 0.344215507113185 -0.0246492068847046 0.390742354412179
-0.0989741207112673 0.33157386055862 -0.0531806290333161 0.374400994546484
-0.193021924763323 0.316818239063261 -0.110834947216056 0.297907839226844
-0.298207917674841 0.191832449122125 -0.165015089811553 0.190558245109088
-0.30418395461373 0.0256285265596277 -0.123782802323652 0.0661778580839451
-0.258091068946037 -0.0919052956459556 -0.0479837358527499 0.0617445001648064
-0.254259624142651 -0.245637766325814 0.112839691406882 0.122433553364919
-0.238671899829352 -0.3130489326907 0.328840895299363 0.362082099353647
-0.13615780437722 -0.106580221593239 0.121841408683566 0.599415026830352
-0.156699004786778 -0.043996196845746 0.292666713882312 0.352622194701892
-0.09965274365152 0.0211867937269241 0.128149824174703 0.10163267498243
-0.0881099834649874 0.00719116667858847 -0.0564948807570756 0.0503218813631912
-0.115906265977484 0.0630312834381493 -0.18444186060896 0.229762853665231
-0.0807505216342832 0.118601055705783 -0.114325077648391 0.411801760002655
-0.0435550677187847 0.156071910729365 -0.036751182372472 0.481088226946406
-0.0479254181921899 0.170135433889225 -0.0461312612418644 0.485805510954486
-0.0682794460801295 0.164734832800658 -0.0912229006160785 0.458915723810207
-0.113154781939583 0.134680519066161 -0.158956554558803 0.351985865457349
-0.144935249276677 0.0403252747107438 -0.211057485042129 0.204054990163201
-0.0989942822509153 -0.043298666392635 -0.132015452326959 0.04320106372151
-0.0504717572199809 -0.0124230477538653 -0.023446882882505 0.0648719788771857
-0.117528993584852 -0.0493855205868471 0.126216093666398 0.178339840385152
-0.156178502385533 -0.117263498011833 0.34133839400204 0.465011499174281
-0.0161110795093525 -0.095565156405939 -0.599427545053035 -0.214879299957351
-0.0787190141236202 -0.122591030501504 -0.341939755210507 -0.0427529514769691
-0.116461403668478 -0.0171703706255123 -0.107322650034118 -0.0364295804127282
-0.049739072533773 0.0814952973805084 0.0791060490611995 -0.0265112159681271
0.00593551558900412 0.0655103233557846 0.111917137219353 -0.262612162332295
0.0286996798707009 0.0523352473225247 -0.0455553274226874 -0.413748453025475
0.0337857332066375 0.0201170049347527 -0.206013339466948 -0.464277145270707
0.0399675383779447 0.0100943132368871 -0.281828064015972 -0.458993952858531
0.0529924331063179 0.00110888036862216 -0.290973841494571 -0.440084197979505
0.076042441674205 0.0406172722678467 -0.217445687277061 -0.393159214090268
0.0607314096489313 0.112920066445456 -0.0871482434406801 -0.306749832421012
-0.017312593164982 0.167091918397772 -0.0525163931678602 -0.100360132494231
-0.177672535806564 0.0795952831352493 -0.201651586666479 -0.0417151421816326
-0.157398210107222 -0.0850734600977955 -0.404027892700967 -0.156199392842522
-0.0665185685983705 -0.10057262314789 -0.520291240288313 -0.427700849029594
-0.177112610768321 -0.206445990676299 -0.583665512941388 -0.194988514067275
-0.257654432489395 -0.196303655439543 -0.334869772865132 -0.0715058059922383
-0.277237022242342 -0.0302697641722099 -0.158141730127644 -0.0576965929246554
-0.197042584760273 0.167546276838521 0.0389610698354054 -0.000987457725854605
-0.077936809412158 0.236429891197852 0.094754010847378 -0.217374334506093
0.0337454406065626 0.246964720390572 -0.0313549008727861 -0.362693281645495
0.112645350733534 0.196847098209887 -0.166347886335453 -0.423993465867334
0.144975478917448 0.190958321685957 -0.238442444174667 -0.414895789922802
0.153421207985625 0.177079174404133 -0.252579971843484 -0.392114560464749
0.150880130409415 0.249015715595486 -0.201133707517405 -0.341487011526238
0.0553087740006122 0.34621687512886 -0.0859149444658865 -0.258030145562613
-0.10340714763345 0.382151952389559 -0.060370780025508 -0.0566204590710877
-0.385842586239764 0.235245257660356 -0.214136873439099 -0.00168531553068702
-0.454251535384749 -0.0695677960702181 -0.379732048392575 -0.140436584283282
-0.342004498845818 -0.179193297956046 -0.430811016548476 -0.391286109807548
-0.324654239947293 -0.293340177790652 -0.502279226394174 -0.114284886194302
-0.436807838265304 -0.237148108194348 -0.278719088703609 -0.0646985290895589
-0.43508119811111 -0.0140691681971289 -0.182883682829163 -0.0764950090747944
-0.329191914499014 0.264148870927191 -0.0128769152404164 0.01035197130966
-0.152223483015197 0.398229294516436 0.046987513033451 -0.148134620828869
0.0387576385275355 0.419905968617012 -0.0247551216149893 -0.256442902886282
0.176524317877748 0.348139065909938 -0.106586558707383 -0.318953909050574
0.226217639844805 0.342056609324784 -0.1597017488538 -0.308800751416167
0.230523872204266 0.32596924974306 -0.172390908107579 -0.284398366923772
0.206571877495406 0.425252432504947 -0.149050576215504 -0.243206462892108
0.0456916923042903 0.539426215178514 -0.0653921157163482 -0.17709403453947
-0.176773490387006 0.550444625816186 -0.0512439997047433 -0.0107921964917835
-0.540974976456413 0.361191794784798 -0.185345794442802 0.0363475604223064
-0.678005348058834 -0.0420339860098776 -0.296580240990716 -0.115033700116265
-0.554795221854971 -0.224398705957604 -0.261602644303493 -0.327101213911644
-0.443965458543836 -0.329826294200175 -0.348397800795005 0.0191524081993762
-0.594565357385641 -0.216166307751489 -0.159223368979374 -0.0210905763848886
-0.562408989511703 0.0591412580441216 -0.165943142767708 -0.0781689651503857
-0.406533493079325 0.376836313638065 -0.0612612564869629 0.0232918393055315
-0.181243962342788 0.53214104055605 -0.0107312042570438 -0.046380186613556
0.0556720820521947 0.538004839270891 -0.0137656847644808 -0.100837845179502
0.221853389549637 0.446212179974707 -0.030705430517817 -0.165798587065436
0.27145614064791 0.437667846304329 -0.0589198854260343 -0.157938008101577
0.26568474875298 0.42873348793807 -0.0675291089206572 -0.138647518081094
0.222676522334627 0.548578949664104 -0.069945747488708 -0.109788566544478
0.0172039339844399 0.660009541759467 -0.031857822898877 -0.067844631083059
-0.24383734969137 0.634309322563331 -0.0344574414648912 0.0363269396380034
-0.62039989413945 0.409987948620731 -0.129171994342378 0.0604357844700974
-0.786795692510145 -0.0317326978189753 -0.167039240985378 -0.0899938963549231
-0.672258744762661 -0.244387869966276 -0.0426755266297514 -0.237308300124477
-0.505138254504351 -0.310416224445624 -0.138782711932681 0.167677867863072
-0.672315223134007 -0.145357042718856 0.01174228339297 0.032755198967739
-0.599694433874688 0.155064084465175 -0.109542090456246 -0.0615524075664563
-0.398029925730445 0.450719146197937 -0.0914454791580509 0.0523965520254935
-0.161263161518196 0.585624436397883 -0.0500915273112719 0.0831417945241604
0.0773299335482431 0.570174735807511 0.0186551160335804 0.0797292909889626
0.238016355236485 0.472275330322355 0.0598137131189154 0.0154496446837628
0.271617523201924 0.469750153024719 0.0493466087083174 0.018193913578724
0.254370864491777 0.471153330622495 0.041159797152122 0.0308115246103662
0.18631021954434 0.589371776482645 0.0131151607983109 0.0438230020814153
-0.0421559154864692 0.667775032187463 0.000522823886639159 0.058616708715089
-0.29814044490083 0.590369057948062 -0.0237505531570112 0.0835482166142543
-0.606551816533981 0.35002711632435 -0.066188055550262 0.0755843487354905
-0.759108245416631 -0.046396877777504 -0.0218278799963431 -0.0616116089788577
-0.669537905134881 -0.234015067332076 0.187230804589712 -0.131869284078956
-0.480063885180222 -0.233564418743756 0.0958085799111752 0.298324953873201
-0.612591026590366 -0.0493138313507543 0.19642467888256 0.0746900916958317
-0.502519267381203 0.208654296051998 -0.0258386862721583 -0.0313771662691821
-0.308292668639417 0.415545025094355 -0.0905516435654243 0.0866210502068933
-0.115808220571798 0.517250303919967 -0.0553340268686943 0.206576242746943
0.0849398556658683 0.499775566659811 0.0706116022908114 0.24432826502021
0.218578067910862 0.420817760100191 0.151084854855537 0.190104011181671
0.235166392600171 0.430231412909786 0.148880806713457 0.190692139521932
0.205109798414233 0.439240164868673 0.132768286093603 0.19772271899947
0.11960344783991 0.52958805648589 0.073452823377016 0.192701128737139
-0.0966005986122443 0.552686439122318 0.0109425484093168 0.175780278907021
-0.301401358949241 0.427597316931247 -0.0306023669078096 0.1216445215593
-0.480710011820013 0.220680465519126 -0.0191466877872797 0.0848314456275604
-0.60055263679828 -0.0600402638372945 0.100245116190729 -0.0233838457967779
-0.566679974018203 -0.18607943771739 0.383303035719862 -0.0220022357975933
-0.362703187157381 -0.125076022815902 0.310965279183107 0.389454456433441
-0.420788037135121 0.0265544108915987 0.351210587792529 0.0991478124424276
-0.301351190922239 0.18152715044381 0.0715324363086274 -0.00149524160309825
-0.182536941347142 0.267910439005714 -0.0591616392041356 0.101804152279246
-0.0746888503951756 0.344292941035041 -0.0335173399885719 0.285944782507576
0.0613108121684687 0.345296974801703 0.126920135137469 0.358775110442668
0.157647370309183 0.305562141890323 0.228692753342479 0.331185810687096
0.162731904380587 0.324043426186139 0.225514570018817 0.332651866842765
0.131914341262184 0.337320191722667 0.191847652593167 0.338312826899962
0.0471625430672606 0.384303807298451 0.0980073282015588 0.3120055244818
-0.122255039186549 0.35246483335788 -0.00643193242767324 0.259138504363954
-0.237910531468537 0.212712678904451 -0.0545614354071655 0.135036821139523
-0.276614827468607 0.0894645975208401 0.00734469663124569 0.083049919830798
-0.369493314788608 -0.0374548009010845 0.178931019612044 0.0189990630180065
-0.399471337800975 -0.103065712823931 0.52179588679064 0.0773482871770478
-0.170545448510837 -0.00899133323298484 0.46574271646475 0.422873946328425
-0.148447516900928 0.0564822823542915 0.452423018400797 0.106895789519529
-0.0655153916523573 0.0764464960131151 0.165761571737498 0.00917907124889604
-0.0672210438827527 0.0576200207080513 -0.0176563268917592 0.0820316603451689
-0.054607629258721 0.121875692742439 -0.00517942537610814 0.306196518818767
0.00750795631515913 0.145685487562232 0.165086650611145 0.40850208925521
0.062448435392164 0.151212958348016 0.276587554507943 0.415960733486971
0.0696681843585059 0.16983487628909 0.268079798308516 0.425035262052182
0.0510255307363042 0.180783944389754 0.21551353293337 0.429449647501757
-0.00447055096561928 0.183507673110501 0.0938924919983577 0.386558782755363
-0.0952955101138114 0.128786966465326 -0.0366189384074439 0.298458703330515
-0.110770559641722 0.0264790812318455 -0.0771385591872351 0.121639454775546
-0.0484588713057014 0.0206430601656418 0.0259426497777412 0.0705301705960616
-0.12587511817117 0.03669697024228 0.221402778120154 0.0607173173942283
-0.203294572172122 0.0118301902343507 0.591546348868002 0.150330673710563
-0.020678868344159 -0.0988578460810446 -0.630109516494647 -0.196415336324048
-0.0884761796816304 -0.123993847163511 -0.354150845455213 -0.0270672243890072
-0.122876883301479 -0.0135443543882145 -0.114518042199052 -0.0339404010857757
-0.04694835284001 0.0859146117866455 0.0815653754251228 -0.0328014970177538
0.00980825646722579 0.0662289100826619 0.101328712657946 -0.276381832663033
0.0343244450016149 0.0501986650026364 -0.0675637781288103 -0.423636069509548
0.0369012930035832 0.0175798446440729 -0.232371868981207 -0.468292666884787
0.0415453185680987 0.00818292938757331 -0.315113548202554 -0.464164030309657
0.053786200421137 -0.00144049039634208 -0.320999632549052 -0.442512924842347
0.0806637790125133 0.038414600201832 -0.243542603102331 -0.394315447523055
0.0714299762213198 0.114244999815104 -0.105651952882056 -0.312546772846619
-0.00769110244575421 0.174234186880368 -0.0587406423174103 -0.100712419066692
-0.181437371011594 0.0931030605880302 -0.212739632135636 -0.0368445683689312
-0.168503869287853 -0.0812819013687417 -0.427557091947362 -0.144104454636532
-0.0704754150688774 -0.1031489906191 -0.555065747926412 -0.417559165731702
-0.190845041859788 -0.208446362893999 -0.612284960718096 -0.175404107319402
-0.276467918149033 -0.19180883852435 -0.347194225744576 -0.0583051469516104
-0.289735740404617 -0.0209986550935363 -0.170179127957255 -0.0531109142787615
-0.194750346339849 0.182003928935487 0.0418992688085445 -0.00447603581316748
-0.0683305074214374 0.247651172660293 0.0854179779370372 -0.227816053876718
0.049322185063255 0.252003896365052 -0.0497329929690355 -0.372133646622706
0.126392955169461 0.196522277116387 -0.191349840176465 -0.43144297328025
0.159134805705066 0.190674695743172 -0.266526459859996 -0.420036158420235
0.166505501237486 0.176254565745362 -0.278710978266027 -0.393358002832786
0.168829207924377 0.251069913955186 -0.223215218660098 -0.341449951061851
0.077356862845456 0.356288439996271 -0.10181638466293 -0.261166874707247
-0.0867628287547871 0.400069216262148 -0.0636825242189909 -0.0541571565114101
-0.389530705311391 0.263467352187083 -0.22239911226247 0.00589552401859292
-0.475116671230161 -0.0505682016184677 -0.40041144526571 -0.127342804810851
-0.357054181165589 -0.17323212196772 -0.464406130329729 -0.385223139578923
-0.347228197730313 -0.294570026497434 -0.522160542882762 -0.0939619154616084
-0.463096558709167 -0.224949048919968 -0.286442871347492 -0.0541345548587814
-0.452712383814141 0.00148018285196618 -0.197793326170644 -0.0703193223176717
-0.327259982415397 0.287628784763373 -0.011027075351905 0.00988908149508661
-0.137292396768571 0.420177726210506 0.0399475236618934 -0.153139164605453
0.0620824546798431 0.432547227181978 -0.0373224424951547 -0.261975712030346
0.198547329834168 0.350755322303311 -0.127870172511193 -0.326112863538693
0.250905689849246 0.340324157918261 -0.1794204095455 -0.313300522172648
0.254608334613092 0.326545200444186 -0.191993725997906 -0.287049484149537
0.233956217170728 0.431442243787637 -0.163626445163012 -0.241205555012257
0.0772384184861478 0.556934854879536 -0.0767891634280789 -0.178470769371729
-0.155265209878388 0.578428393423525 -0.0516262735236493 -0.006657591267163
-0.541560975604908 0.400245022566996 -0.190493309723655 0.0445820950380756
-0.706545529580928 -0.0101523120117074 -0.31186699467104 -0.103844140664803
-0.579247929784945 -0.212780095800807 -0.288313327302241 -0.325040196782743
-0.472291068695741 -0.327878883956715 -0.357764059811073 0.0362176493501832
-0.625323797397725 -0.196793300824028 -0.160356240510141 -0.0155141792632004
-0.579112899863304 0.0823737720759479 -0.180947211932352 -0.0730420611461889
-0.401932918755595 0.407874755349583 -0.0611575531810646 0.0257665818528325
-0.159889372891754 0.558928886628649 -0.0146988086385491 -0.0441547492279287
0.0862041535179207 0.555648816036777 -0.0180383294013804 -0.10185536151791
0.250479867791979 0.450013244490318 -0.0432677269436114 -0.172405338516567
0.30114330069146 0.439912214718732 -0.0676873613458552 -0.162100346684788
0.295385798548995 0.430030732609734 -0.0758333971399988 -0.140354289915802
0.256388207258658 0.55724617052532 -0.074646961804773 -0.107731805233737
0.0521236921167105 0.682543823472974 -0.0356431716243573 -0.0666493964823992
-0.220606255437818 0.668039041944274 -0.0324524702120786 0.0419631852608619
-0.62290910163508 0.453149746663725 -0.1293429411166 0.0678478589127856
-0.820371275094828 0.00531681620572545 -0.174722985822993 -0.0836383289856807
-0.698802406206683 -0.226133191715046 -0.0587647142591108 -0.243857558894809
-0.533316801504586 -0.306355504289576 -0.134096866558846 0.181869482634669
-0.702234310594157 -0.117420796738781 0.019244557025588 0.0317540134043086
-0.613559776594813 0.184405179811321 -0.122260417576946 -0.0569779959481913
-0.389768847829691 0.484252609522042 -0.0915270198316507 0.0573214681155291
-0.136326640432518 0.614595011008288 -0.0496366510976091 0.0924658991989866
0.108594368062418 0.588737225166704 0.0245012057290767 0.0826649065975346
0.268484140386671 0.476906117023604 0.057409362569704 0.00894459653818755
0.304353421867506 0.474925799573015 0.0527457982612286 0.0162500664655695
0.285742356047221 0.475029960834161 0.0452604591514146 0.0301573747194522
0.224165988666244 0.602297201584581 0.0180381549956795 0.0468457050234138
-0.00893074528620179 0.693808738622163 0.00352854865220049 0.0624268921436366
-0.278563935223352 0.624501872595574 -0.0193980158574473 0.0914171651164791
-0.608389614517316 0.388759734817557 -0.0632194215876009 0.081911405675197
-0.789516607412083 -0.0126568445214631 -0.0234633968373676 -0.0602623985752957
-0.696082311094087 -0.215948931831963 0.181902725034422 -0.14597505103502
-0.505112499261391 -0.227835926823049 0.114468110332595 0.306875859652195
-0.635641644567357 -0.0214663361994558 0.210811432180213 0.0667544057437442
-0.510329035974756 0.2365240843581 -0.032909489990178 -0.0297905824637008
-0.299204715968649 0.444519439673072 -0.0897917539893686 0.0942036305954662
-0.0934309027294773 0.542039754803573 -0.0484647124189391 0.220971408972035
0.112199720009123 0.515605689834743 0.0859861173166261 0.249963521438927
0.244277376342153 0.426364449371433 0.160350971924316 0.186373594417159
0.263430002549811 0.432959427183518 0.163725166820306 0.191528897247167
0.232686964189131 0.444140004185525 0.147394599016994 0.19882233514401
0.152032890115165 0.54287307246286 0.0877440879766782 0.197061847318935
-0.0728274085221466 0.575159545592799 0.0204608627100148 0.182771650391436
-0.292846304543155 0.453951588485475 -0.0250775930417773 0.130732789529893
-0.486709246116494 0.247547056301825 -0.0124186754754931 0.09005991298992
-0.626904353282515 -0.0318692240984071 0.104592731592619 -0.0259663290185951
-0.591250008429491 -0.168412611312512 0.390862388046213 -0.0415569893968632
-0.379324236937561 -0.116869255586241 0.340361409199416 0.392917045345807
-0.434331136131203 0.0480685027981617 0.370578144104702 0.0844659428340334
-0.302095141149395 0.198755378809722 0.0707662052324322 -0.00288335791823813
-0.175558242639897 0.285434234861758 -0.0569919430054541 0.109500447563045
-0.0607111441490344 0.361439239366871 -0.0216603104873416 0.301346791300504
0.0794564222536991 0.357410165656864 0.148180333516475 0.365188943899527
0.17623462456507 0.310625966267127 0.247922473137012 0.327931795805642
0.184641610562564 0.328100963471589 0.249463866609539 0.335657035690519
0.15280660308261 0.342877576771306 0.21559378381894 0.340487033625907
0.0695635098305658 0.393951286499018 0.118213733928701 0.318192766398649
-0.109756228462569 0.371257456492673 0.00728900518997455 0.268433590526871
-0.237108949535142 0.229424923471871 -0.0492506254350256 0.144775044123571
-0.279737578675768 0.102244072853206 0.015281592148869 0.0884503412159637
-0.383307839317876 -0.0212191058502321 0.188039181846515 0.0140121425836363
-0.415181234458016 -0.0880215675650893 0.538948205133542 0.0536842106221442
-0.176016132019706 -0.00365560166393862 0.500962343183711 0.42203907643795
-0.150692669201207 0.0668189377429071 0.473568393685908 0.086980252234327
-0.0621185050772109 0.0808285621300482 0.171554968063002 0.00297606143004498
-0.0674692622453726 0.0628162913917072 -0.0151051476580308 0.0878658210943642
-0.0507300512488777 0.130184472228419 0.00948381117740958 0.319333330088046
0.0140094711850602 0.152753480860683 0.190309148525267 0.41320894165152
0.070764548434427 0.155160386402847 0.303603286352026 0.415087799179737
0.0804506618531811 0.172390786636841 0.297412244011031 0.42878539045181
0.0628557185387685 0.184507778679484 0.243299596924137 0.433688043932652
0.00531431093979785 0.189945576882008 0.116777162834101 0.394976082328432
-0.0933871528909995 0.137949470896458 -0.0212100830880019 0.309643811370501
-0.114766038783246 0.030778144670699 -0.0735630023436097 0.130800969074908
-0.0474497219405855 0.0203066400455738 0.0335102153095916 0.0752307009290233
-0.127893284894012 0.044911869472545 0.233286596340111 0.0539228572675883
-0.209738119554619 0.0235696396864806 0.61402092803552 0.125777148056221
-0.0270618473795364 -0.0995318235872087 -0.652010167162284 -0.15697654960063
-0.0996719107119579 -0.120619477225968 -0.358364972381788 -0.00292876188747128
-0.128496264459014 -0.00647919589730474 -0.121513180851729 -0.027596648717931
-0.0415800054684402 0.0905896185482643 0.0807773128850045 -0.0406744234136431
0.0148145257478379 0.0656854454158405 0.0824484317520012 -0.288384357235627
0.0393288961470689 0.0461487547911733 -0.0982099252243677 -0.423380648614108
0.038798324129972 0.0136815234202968 -0.267570925444839 -0.456761559708132
0.0418865677641192 0.00482378866312356 -0.35214181157498 -0.449218717790644
0.053405835101311 -0.00532520982792348 -0.358647800070381 -0.427485373586226
0.0839109800018674 0.032965532431657 -0.274549593051945 -0.382256243064325
0.083480759591144 0.11036894181662 -0.129691332430173 -0.308344818551081
0.00594891243774576 0.178840563448112 -0.0650982595236666 -0.0981818439535052
-0.179211628626465 0.109487980363255 -0.22123510112035 -0.02542908324122
-0.178221402183012 -0.0711397577543207 -0.446973951840519 -0.117910317243671
-0.0763200759941132 -0.102755092059865 -0.58623121827544 -0.385503075441005
-0.207472544078457 -0.201458260050052 -0.630650144828164 -0.136297241417171
-0.29481173963051 -0.176688700889586 -0.351178893511443 -0.0360753075550322
-0.297659285000465 -0.00457344993499656 -0.180207253599537 -0.0425417731086448
-0.184595604973108 0.197330892866785 0.0426372403801385 -0.00899063127103136
-0.0515969352581071 0.255060655063421 0.0699433350706017 -0.236523675183053
0.069018265668976 0.250792763505173 -0.0758657598212559 -0.371727441200674
0.142144990683352 0.190377985737997 -0.224199261536668 -0.423454954433889
0.174143781521624 0.181692001984348 -0.300414368556752 -0.410163554390308
0.17913338624509 0.167756868066333 -0.312704942221736 -0.381403725145557
0.188233361532563 0.243459449424707 -0.24805659376005 -0.328917382395542
0.106397258313135 0.35587018592847 -0.12206649533025 -0.25681603934235
-0.0581764777538192 0.413068295592511 -0.067071400608912 -0.0495284888314802
-0.37865974359501 0.296093419764024 -0.228326105157154 0.0188797648145332
-0.489908688680034 -0.0185709186218604 -0.416817479461737 -0.102015423994529
-0.37093238936175 -0.155937656145917 -0.493694794588201 -0.357296041222724
-0.37309932062258 -0.280414429635259 -0.533950730976894 -0.0615959717424782
-0.486502862804542 -0.19685285381013 -0.289393852509264 -0.0373028158364815
-0.461428805430397 0.0278670966626654 -0.210501897207916 -0.0581262730450282
-0.313309701143369 0.31296421648823 -0.0101052703200848 0.00835143735320747
-0.107439511663436 0.436217184473488 0.0284251391423712 -0.156548433148967
0.0958962782657784 0.433805420735461 -0.054914523719162 -0.261830379602118
0.225540794458797 0.342386600311266 -0.154896577247502 -0.323480467579304
0.278401331466904 0.327605249546675 -0.203946859652306 -0.308528592599218
0.277979960789681 0.314872301784657 -0.214897666207907 -0.278577529036807
0.26878814264467 0.421347417780826 -0.1796549851725 -0.232086980965854
0.120374256530178 0.560118955519275 -0.0899944764049816 -0.174259737301634
-0.11526277193353 0.598310118049824 -0.0512117245077813 -0.000736467238222757
-0.52457249772079 0.443007658448892 -0.190778749422456 0.0564798337040558
-0.722917835092496 0.0394611490699724 -0.324236963966304 -0.0844059983601107
-0.59759651934376 -0.181674614708402 -0.314419991327839 -0.310177821555645
-0.502035291791836 -0.308603945601693 -0.35811677218974 0.0611672889446612
-0.650535003483136 -0.156941277573327 -0.158808959781239 -0.00754429803060889
-0.585142570648145 0.119178439038754 -0.194758970619944 -0.0598522419192227
-0.381167926024345 0.439541543507105 -0.0594132911988367 0.0281107846420093
-0.121439570082702 0.579357399952678 -0.0205695603892418 -0.0410006841195207
0.129303351635264 0.558810562736018 -0.0230881794231041 -0.101223627131559
0.283734768562008 0.440157582413337 -0.059976852963879 -0.173809779880021
0.337767695295977 0.426057472285702 -0.0799744726408867 -0.161096569432011
0.328716687565381 0.418252714480544 -0.085926328202143 -0.137591332161364
0.302254504009009 0.548366308444189 -0.0801512317007468 -0.102438740339805
0.102453916514083 0.690673756224903 -0.0406037769550842 -0.0632056898791156
-0.176721449752128 0.692597516373307 -0.0281504863842894 0.048153878043244
-0.602037930023778 0.502349307180385 -0.12549369835933 0.0774332660691839
-0.835354386853956 0.0639712435024144 -0.181805419607243 -0.0717047447400433
-0.720140035485139 -0.188128271109747 -0.0790533323758683 -0.242998843892562
-0.564182551312335 -0.282190324911476 -0.120841657880198 0.194327941544609
-0.723340370065883 -0.0711343502530789 0.0263690496159548 0.0273442927426902
-0.612582229732583 0.224600393626839 -0.133044093844213 -0.0468028385696362
-0.362959793884815 0.51751079274056 -0.088844335744739 0.0636587896168043
-0.0956993909686666 0.634193184166017 -0.0458007793397609 0.10152603061624
0.155567761726511 0.592290083465681 0.0321757088761189 0.0828124383068255
0.304321876353624 0.467774042587481 0.0533528344541969 0.0034477933187789
0.342181327015154 0.46110834313862 0.0551469199411099 0.0118829245193424
0.32283363067059 0.464186177900647 0.0496012072766244 0.0275835430356876
0.271324291087872 0.596185228892637 0.025401932148097 0.0482961923316014
0.0413689462319084 0.705585133942531 0.0088759127050492 0.0650048769548467
-0.239502722502828 0.65046129990232 -0.0114674928610655 0.0985904818163143
-0.591141393466018 0.434933166867793 -0.0552189551950373 0.0874894342325916
-0.807031730725022 0.0433688141363113 -0.0244445174079402 -0.057238214987944
-0.716940502547259 -0.176259802694803 0.1711575882804 -0.159607007091754
-0.529086507127395 -0.203389214166077 0.13936004140695 0.306675907035397
-0.648567691359549 0.0235742796494721 0.222244096803862 0.0496483215983466
-0.503828725569027 0.27142953386712 -0.0395696556606443 -0.0244298386097012
-0.273636472711466 0.469306474109858 -0.0841217293617473 0.101406213049558
-0.0561633922618108 0.557856039019097 -0.0349982429962287 0.232686293967368
0.152751573342055 0.518861233030211 0.106018097732853 0.248464239700651
0.276648283032637 0.416836327764311 0.169779816082218 0.176365644422568
0.298002074060699 0.422587945187686 0.180453213699911 0.183348461740568
0.266930058680084 0.435629012456855 0.165510782050148 0.192333282043653
0.194370350708513 0.542328073716167 0.105690901355778 0.1943195894343
-0.0323807578058782 0.590338150895476 0.03419918008131 0.185518489830347
-0.266005943260042 0.479564788876754 -0.014482232426408 0.13856241505634
-0.47546231585533 0.281374574393476 -0.00197169277989463 0.0937246730164378
-0.639831702379406 0.0109952298989213 0.107175616907806 -0.0316895112066152
-0.606499128819391 -0.133714292392401 0.388192057595018 -0.069219547938203
-0.394400762956565 -0.0983152576255993 0.37317102300462 0.378393485654466
-0.437677019022819 0.0803375590237984 0.384166371475101 0.0575259938489523
-0.292892971574306 0.220244397403237 0.0702623796316521 -0.00509149840839678
-0.159199004272254 0.301849912324074 -0.0495517691882146 0.116010058104631
-0.0346920093836167 0.372990527925304 -0.000919650858279161 0.311216828536246
0.106457729110942 0.359975726578497 0.176140676430972 0.360986932793272
0.199562739664399 0.305113371325817 0.269023794413905 0.315011395840833
0.2113403752245 0.321161491422265 0.27850445895265 0.324390393934321
0.178617539559939 0.336969579256092 0.242245225824579 0.331754480268124
0.0995981010820091 0.395583243135319 0.144255000624647 0.314752403570401
-0.0863710485633603 0.383865404241494 0.0276012557033703 0.272187214392373
-0.225975245889921 0.247592955631272 -0.0385766506438698 0.153876023599091
-0.275313805988633 0.119071812859458 0.0254704899310531 0.0910087849166386
-0.390118301321168 0.00605579040534634 0.194450048783454 0.00260628386399169
-0.423803297238414 -0.0609255202508251 0.542998519153516 0.0171565092409655
-0.179061465082703 0.00583109574719114 0.536420638619878 0.399654491278336
-0.148116000853706 0.0796327635000092 0.4867127228981 0.0559844728792478
-0.056009063811375 0.0844013013379102 0.174466984293092 -0.0073837523912548
-0.0645405165084857 0.0681840534694739 -0.00917750627274793 0.0916984403556511
-0.0422218422895035 0.136766020804529 0.031809239513413 0.326582990210394
0.0244746858674686 0.156810118358041 0.221034150183341 0.407533697387486
0.0820714128326711 0.154326828264672 0.333481584610262 0.399686553866387
0.0939384503819588 0.17066638924761 0.333412841844954 0.418076943967229
0.077126647265642 0.182355475749093 0.278511890620244 0.425638068893318
0.0189732505785726 0.191497371952061 0.147317178955789 0.391938421673441
-0.08634708072516 0.146763688457472 0.00201365984262626 0.314647967607729
-0.116452219387174 0.0379329196701574 -0.0643924803370119 0.140089261584503
-0.0448375367640389 0.0212158748291934 0.0432725770685257 0.077004334657706
-0.126239032161685 0.0556916024140009 0.242756420885094 0.0394889272378667
-0.210615484651315 0.0403560917017835 0.624637902778354 0.0831644008162288
-0.0331877033879591 -0.097617504230085 -0.654976399999541 -0.111383632813947
-0.108693833398566 -0.113597632442653 -0.350941530731203 0.0215550591076609
-0.129761173194158 0.0027468289394369 -0.124831592133998 -0.0196304043689134
-0.0346982996519501 0.0928454202789611 0.0765930299042662 -0.0474080428171659
0.0190314541377981 0.0629087729983563 0.0589504052189766 -0.291351302089498
0.0423510853931721 0.0400967158201384 -0.126294660305261 -0.41163211470221
0.0394443386744339 0.00922204800778393 -0.295451621875384 -0.432874675061476
0.0410246742430473 0.00110731623501847 -0.379271342388582 -0.422942598508488
0.0505524733455153 -0.00884279105040676 -0.385605782839203 -0.398026285359995
0.0854827059840974 0.0269482842362749 -0.297306079406176 -0.358550218027217
0.0929735739646587 0.102738591125844 -0.150319286445521 -0.295138467722266
0.0205759364715329 0.177299595358582 -0.0703253487850213 -0.0928714293352284
-0.171140508828736 0.122774296374502 -0.223860042388923 -0.011396973360748
-0.182357767653433 -0.0589534797943125 -0.451898092496201 -0.0861597457868146
-0.081482480750852 -0.0998979057418245 -0.60174405512866 -0.342049730813019
-0.218434532350256 -0.188626305174351 -0.631062329477309 -0.0928591718905654
-0.305718503330101 -0.155407579999409 -0.346164460618906 -0.0131756564806003
-0.298272671879992 0.0140392129071012 -0.185524589974787 -0.0288685041422507
-0.169791387890702 0.207352537041121 0.0415883857250722 -0.0141037522763937
-0.0332192543388527 0.255698370175873 0.0502433293672727 -0.237816574894649
0.0874075090360162 0.240829656037984 -0.100395668755116 -0.361562826937448
0.152019271223287 0.177060399526849 -0.251271058385764 -0.403402574985694
0.18366177345733 0.16679400799052 -0.326359083985394 -0.388769784157309
0.187688405488206 0.154258770761479 -0.335203428868913 -0.356480391937923
0.203380678056123 0.228160575249163 -0.26651447017363 -0.306855168860307
0.132468217469677 0.344840699238209 -0.138392899344762 -0.243967150170207
-0.0276642918904981 0.41322427322057 -0.0676493044868824 -0.042946841369964
-0.355537531641213 0.321455731200851 -0.226010122727865 0.0329456984617616
-0.487886709583591 0.0157271025734127 -0.419555344841822 -0.0721939016566927
-0.374726649680431 -0.134372314835244 -0.509804729694963 -0.32066389546452
-0.38933844326461 -0.256595977751441 -0.53023706774005 -0.0238267634590036
-0.496427229650674 -0.161597580236973 -0.284493117557274 -0.0196727276251886
-0.459071726135232 0.0566985787463088 -0.217551709405044 -0.0402333328270983
-0.288570701322167 0.329532967785537 -0.00916772800917602 0.00631853394622519
-0.0761173718227341 0.437802720924414 0.014425882980998 -0.155094505861164
0.126939524593697 0.420988694009595 -0.0702023187518298 -0.254147157570272
0.245276096657217 0.323323989806105 -0.177508592873098 -0.308997289058619
0.296661697980613 0.304804672354446 -0.223479466759693 -0.293750747061496
0.295364189337028 0.293354925824543 -0.230758566086064 -0.262345776035474
0.295905182360413 0.399380846858552 -0.191127898984279 -0.215906550973916
0.16016122761634 0.546486610674075 -0.100352679107582 -0.16435711989735
-0.0725486644170043 0.599521048369474 -0.0472954295616814 0.0050800229761552
-0.489222373172141 0.47610602436429 -0.185209174393449 0.0680219094797468
-0.713378162723215 0.0902547880618696 -0.325592320279966 -0.0595181066331404
-0.599574877380629 -0.146217032292759 -0.3325404084996 -0.284357032500337
-0.51972782458868 -0.277583803334806 -0.347378956191568 0.0842849014881779
-0.655495840551469 -0.108233005976908 -0.153731099565772 -0.000198644610015522
-0.573837360690927 0.15304084779537 -0.201918706103993 -0.0430846122125716
-0.345778532775503 0.459562883890801 -0.0568151633923061 0.0290375881369527
-0.0793821953062428 0.581223679303453 -0.0248677106821961 -0.0357963747244379
0.168420137259045 0.544684811817915 -0.0274538599358658 -0.0972111850621943
0.311439146997795 0.41677385357689 -0.0757572601459901 -0.167733106413309
0.363699454245147 0.398718489616836 -0.0903560434196863 -0.156904480531085
0.351025266483597 0.392328403828723 -0.0933142164724754 -0.130932552313071
0.337391812048703 0.522743028553018 -0.0828203575534869 -0.0946342776315635
0.152626008540145 0.677943458620896 -0.0435789445506835 -0.0582611713201157
-0.12736798833322 0.697375856731342 -0.0207748825012206 0.0530092831766937
-0.56100652052831 0.537552624165124 -0.117509288633369 0.0842933226200768
-0.825254609365081 0.123537807849153 -0.181910946283415 -0.0570252681944028
-0.720275172703952 -0.144277919334384 -0.0961847683064829 -0.233144511668142
-0.579802332539256 -0.248809238807814 -0.103955420600667 0.200074366162172
-0.721059427296873 -0.0185131266823925 0.0312188571148239 0.0209811928826143
-0.593361128240987 0.259915130387446 -0.139395553905553 -0.033407933040733
-0.324449452890237 0.535413393428733 -0.0826542905210158 0.0666867688403448
-0.0472962635401706 0.635965778644057 -0.0395347252605949 0.107909722884996
0.198564950555489 0.576564012872106 0.0404815035122857 0.0805034832713713
0.333354269604487 0.444582838978794 0.047349642028965 -0.000284861566981444
0.371679005154749 0.433080786216962 0.0556985246626135 0.00641022102495769
0.349019001032493 0.438440796870793 0.0534335069105981 0.0232618036795705
0.31061062954966 0.570928958021937 0.0318702334403935 0.0467414723986439
0.0931680333540562 0.69607114789329 0.014208930333593 0.0655682213323594
-0.192604367045643 0.660481157493951 -0.0010741911345548 0.101910618120587
-0.557027530857983 0.469829427412979 -0.0451868907218287 0.0901667296455062
-0.796568200946832 0.100711407937502 -0.0254883734499821 -0.0541291078271011
-0.717716347911519 -0.131309064942505 0.154816259851078 -0.167138539908892
-0.54008215841447 -0.17154395343598 0.160904426893635 0.294506965158413
-0.642860466796058 0.0701331039287228 0.22460681940617 0.0296511831015398
-0.481110330406995 0.298787721521171 -0.0433884922693299 -0.0175313790488374
-0.239212651888777 0.484232653991013 -0.075918102026171 0.105098930108552
-0.0151946683101021 0.5588919530766 -0.0185721146070212 0.23710964405377
0.18902234276946 0.504427999751773 0.123736036440679 0.23940670921204
0.302428555124974 0.397255109292839 0.17423329064932 0.162912826976983
0.32487732852702 0.399274509429562 0.191967462349431 0.169169773671964
0.292377437414032 0.413297941503934 0.17942392453811 0.178881329630825
0.23049148272434 0.521473232583355 0.120950826175235 0.185939767101299
0.00987076129127178 0.58749978526512 0.048272041334171 0.182392431545803
-0.232052041657412 0.492300077262604 -0.00219898270469367 0.141880692882592
-0.451541389636154 0.307336177672414 0.00912704514386876 0.0928347173997309
-0.633030351496275 0.0567139412458534 0.107056677729778 -0.0369745139633308
-0.603902097221098 -0.093868021707403 0.373307158987087 -0.0928024469015754
-0.397853397516038 -0.0750300694132804 0.397071745769756 0.351165300795154
-0.427859289983644 0.111811166969833 0.38400703714482 0.0276301689131937
-0.275082685999981 0.235847047852735 0.0678404057842775 -0.00595715091099131
-0.136538230529961 0.308620950621361 -0.0407871015099586 0.118422472353363
-0.00694080555065572 0.372506317421358 0.0213749523979192 0.313199224186202
0.132425520083222 0.351442170286676 0.199731181492874 0.345491997504228
0.218055540700387 0.291324176784187 0.282137911031375 0.293722075728906
0.231474675994313 0.303879333051501 0.297211675975186 0.30451408146438
0.199859371907432 0.321751924661542 0.266627873965455 0.311133837728508
0.126357769202048 0.383660549832308 0.166434136868393 0.300640181533099
-0.0577574163812463 0.386800640334016 0.0463304554843131 0.267589821508748
-0.207976700637876 0.259423428409506 -0.0256686115438334 0.157336401674894
-0.263960065552651 0.133275680724247 0.0372894616448262 0.0890834932981037
-0.384954115107807 0.0353267138628261 0.194096750543187 -0.0101106460022166
-0.419715467035663 -0.0321815502172039 0.53124291496102 -0.0207489134340759
-0.177530578820947 0.0163673496229191 0.557740597541625 0.362686682394862
-0.140874246130348 0.0911274586010342 0.486228229508704 0.0200353742519825
-0.0489634455585457 0.0854255459720778 0.173434849493056 -0.0178841463434903
-0.0595374906004485 0.0707825466088388 -0.00179058120424692 0.0925827083547632
-0.0314798720295981 0.139380410154583 0.0545329618097451 0.324319785729467
0.0361069187857426 0.156156763585156 0.246395030829288 0.387575748559578
0.0913411115592714 0.148671181000314 0.352595725977719 0.372461978220044
0.105599239345831 0.163143323404779 0.360138994401767 0.392329873312876
0.0887934778777211 0.174803162978521 0.306725130550113 0.401729539295487
0.0319640043175882 0.187742401734603 0.175197976799229 0.376241317225944
-0.0761616352571835 0.151965477456948 0.0243342955181481 0.310013502271791
-0.113839232354783 0.0447204176769125 -0.0527335269762314 0.144540885155594
-0.0422552733411066 0.0205340305532904 0.0528892755471214 0.0743870182707387
-0.119927931439257 0.0647619356443673 0.24398118802935 0.0220213350234382
-0.203220098284431 0.056435501355914 0.617426776868971 0.0385126013508771
-0.0370087521482683 -0.094426891893606 -0.639020674652501 -0.0741450289266737
-0.113562948555421 -0.105437604267941 -0.335820641959561 0.0386393188188704
-0.128441935171613 0.00897910862269518 -0.125875112347496 -0.0123930666150751
-0.0285924333530986 0.0921733884682843 0.0712361410139836 -0.0512067531135351
0.0214585912082303 0.0603275899646173 0.0398445220184195 -0.285995310911692
0.0426168568859202 0.0343118730380465 -0.144077704981476 -0.392322280036185
0.037688304736345 0.00534655404198322 -0.30646985883032 -0.405203222104738
0.0384794803017415 -0.00154168133625649 -0.391789204889336 -0.393085571051069
0.0469945875862885 -0.0108564764343295 -0.395260490464542 -0.368732757230205
0.0846617852139914 0.021216749174512 -0.305157969528901 -0.331628715331025
0.0971749834033349 0.0945113820014572 -0.161380621788301 -0.278077930579015
0.0309694443287699 0.171980085570959 -0.0716155548928818 -0.0867776489538469
-0.161135055618238 0.130337559184402 -0.221494603526243 -0.000462146586978371
-0.182008100697927 -0.0488594389127665 -0.444859446376751 -0.0588900686382796
-0.0836353603586198 -0.0963948258857435 -0.596658729346939 -0.305867455196648
-0.22239557061441 -0.175478972626473 -0.615407511484314 -0.0591801519809853
-0.306581181362444 -0.135309519672603 -0.332116386269731 0.00254793247984882
-0.292429883654945 0.0275957477116424 -0.185930585854395 -0.0165125203330585
-0.154354538054069 0.209010064540461 0.0391212975233571 -0.0178153145485684
-0.0192331887538069 0.25000273282076 0.0341294894337789 -0.232876545185089
0.0982371878553964 0.227650383451019 -0.115741238059717 -0.345924869352183
0.156141150432288 0.164439048613687 -0.265872726877001 -0.379710872099054
0.186207257597318 0.152955083415207 -0.338130012978968 -0.363275587958837
0.187967932666044 0.141650513682651 -0.344758310930493 -0.331889217793035
0.209658557024195 0.211040224196138 -0.271927068818129 -0.284434900029171
0.149074874003434 0.328382860549523 -0.146274545548705 -0.228972715900172
-0.00486670604914316 0.402954659323214 -0.0655968303804393 -0.0374371981778547
-0.332135710441478 0.332226475511748 -0.220400532606563 0.0430085484779965
-0.476537939568112 0.041742854583216 -0.412141378360801 -0.0465575657504333
-0.369165580498327 -0.118371804792585 -0.507778816255724 -0.28787904152362
-0.392484678204256 -0.234070895141022 -0.514324011003318 0.00171493772153408
-0.492354992915155 -0.129682163030105 -0.273446949487452 -0.00865280934877179
-0.446055666338875 0.0751932556292799 -0.218045371370298 -0.0255817215674888
-0.263845047656534 0.334134861538065 -0.0091071507456217 0.00414312300479254
-0.0517308360475504 0.429270866058433 0.00404407291212657 -0.149171624820474
0.146348447806466 0.402209083304157 -0.0801279741522876 -0.242879172978323
0.254060390551869 0.302924688823691 -0.190507059118907 -0.29140393927398
0.305451977690175 0.281346554121016 -0.233887122347906 -0.27692339936915
0.299780035865382 0.271190869291758 -0.237218222642317 -0.244849347127455
0.308549669476834 0.374421187360076 -0.193380323192842 -0.200354865392791
0.18725266909196 0.525940598580067 -0.105735251419645 -0.153028063245171
-0.0387318206284078 0.586375282778816 -0.0421193004093694 0.00905811524711293
-0.453127106641308 0.489439595855221 -0.176468866076009 0.0744817292085814
-0.692662175310272 0.126644729025064 -0.3173234951415 -0.0408438824895968
-0.588878275936269 -0.120476937265253 -0.335453995021483 -0.260620560438535
-0.52243900137764 -0.248386926025689 -0.331376794287105 0.0977103350983551
-0.642289851768975 -0.0720864495677781 -0.145929190210258 0.00241857643875324
-0.554154048811247 0.174450588741515 -0.201661688982552 -0.0273482022446819
-0.314333141414218 0.464560153146212 -0.0541705092128604 0.0278004794629363
-0.0472756540223412 0.570625243779784 -0.0273744593936304 -0.0301849556243844
0.193021098516094 0.521116684572857 -0.0297085663125117 -0.0934234518411729
0.323365491716367 0.392710763297281 -0.0857129635091691 -0.158323541137385
0.373000616828106 0.369906395078891 -0.0970586251482055 -0.150065537328028
0.361013096755041 0.365886510450101 -0.0955263341716328 -0.124487342530276
0.35629181956267 0.493001663480074 -0.0811088235243566 -0.0880716223541541
0.185118639113349 0.652704244447483 -0.0442944515888661 -0.0523698143160753
-0.0883921366115434 0.684429560104164 -0.0133269314012572 0.055366110389003
-0.519433604574654 0.551979903774147 -0.108678943324141 0.0869284001660883
-0.798388889226209 0.163795035016362 -0.17707649438186 -0.0461184433898427
-0.703527694716774 -0.110103533210116 -0.105316252483615 -0.221485848030713
-0.578993464299575 -0.217211004084824 -0.0890364471496701 0.198372432303008
-0.703292902396212 0.0203615904788849 0.0331973646084129 0.0137460254185636
-0.568529552682545 0.279448659637239 -0.139582693209119 -0.0209687184304363
-0.291173249687004 0.534796948612235 -0.0779494750180577 0.0659078419847923
-0.0132471325786915 0.621756382710163 -0.0336907131199762 0.111456867015826
0.223692829733197 0.552030216221114 0.0460392978422098 0.0767820423906581
0.346868671953885 0.416840407266967 0.0413536214000209 -0.00156729960025035
0.383946836716302 0.40361209078641 0.054130825060967 0.00268306400102703
0.361240367815704 0.411906025530926 0.0549453172479668 0.0189317042020175
0.334415629182646 0.540673689527324 0.0371288119531357 0.0436597988190921
0.128324304200459 0.673645236240886 0.0187720091044493 0.0655629742786658
-0.15569073014699 0.650714263204655 0.00839318456190189 0.102404514856303
-0.519402268830155 0.484102467511098 -0.0359180271090202 0.0887972477813632
-0.769776172065923 0.140364731084238 -0.0243832983867054 -0.0503495467373357
-0.698796265065348 -0.0993355169353869 0.139084621854612 -0.16795253398039
-0.53718831535975 -0.144679335809089 0.172508505541211 0.278160522459888
-0.620481855106616 0.103279369809413 0.220800014037236 0.0132689293051914
-0.455921268287642 0.312478827726785 -0.0442036333197671 -0.0104383277398317
-0.207891005328285 0.481739313647947 -0.0683859877104511 0.103862634277354
0.0157428130318145 0.543971098620741 -0.00525758004785834 0.236239743179326
0.212225079514762 0.48201636787775 0.135165625918503 0.226788652715573
0.314119550813126 0.373309817401202 0.172110777341501 0.150728471828567
0.336896060005424 0.372822394299637 0.195237813870497 0.15487818156205
0.306021319537662 0.388923900091622 0.185476170390285 0.164075958484062
0.253517597342662 0.496415124054792 0.130607208357738 0.173909353782008
0.0416256471067624 0.57233804735741 0.0576097842193454 0.176832270266938
-0.201846367242482 0.488456967984168 0.00897926137011686 0.141080671293375
-0.424300688527003 0.31901309910414 0.0180554355571878 0.0890157962541451
-0.611605477558315 0.0892207567160508 0.104724687365638 -0.0410452811067913
-0.588279013786948 -0.066589078851316 0.353606544641013 -0.106120881007852
-0.393353434218463 -0.0553996743121088 0.402791891938033 0.323703542736979
-0.410818377260784 0.132714861449529 0.373924402317523 0.00590957663977453
-0.257001339113839 0.239821767535655 0.0660494678554276 -0.00667251444339324
-0.118288485585727 0.30520047659518 -0.0330394677640632 0.116793780292964
0.012729674139415 0.363529331689824 0.038288972382311 0.307254123002309
0.148618649437355 0.336456188756436 0.214276827068163 0.325681472902799
0.227173199552211 0.273911689857487 0.28569699713482 0.271945669700339
0.24168402402784 0.285121816560781 0.307669989102891 0.282506015271458
0.210934524419468 0.303523850520705 0.276278729953256 0.288924107628214
0.144249442984627 0.365974387441557 0.179887273580724 0.283202274351889
-0.0360031358371263 0.379526071337992 0.0612920841651408 0.258501005782103
-0.191162235152712 0.261617748433738 -0.0142636451719186 0.156776823928232
-0.249838340545304 0.139244313092798 0.0454945205314449 0.084117585008476
-0.371803680335637 0.0547143132023475 0.190089228014907 -0.0192468096343659
-0.405119973430353 -0.0120102095907275 0.509282031023025 -0.0451119983496003
-0.172922225625782 0.0244533032945893 0.560460936299943 0.328552033925142
-0.13128578533739 0.0969784120420723 0.470484403228312 -0.00483109188033723
-0.0425574470164068 0.0837149517847317 0.168971334046338 -0.0249940328748433
-0.0557700458201785 0.0708513055160806 0.0040410383289427 0.090088620315077
-0.0231720381985325 0.137840860833136 0.0722509647539473 0.315216995748397
0.04412106480825 0.151984340012927 0.259869083981143 0.365448670970691
0.0970936676675366 0.141991119614858 0.358499312797796 0.344722302619648
0.112142803618908 0.153661981834072 0.372948743009667 0.365385591798716
0.0955786597679481 0.165223053326805 0.321035116736329 0.375758695252596
0.041189413960248 0.180162044533846 0.189221710977541 0.355710110919513
-0.0668842306075166 0.152365085479244 0.0414541539243236 0.298835798555495
-0.11109479160352 0.0484314044803153 -0.0425866605037624 0.144179468884466
-0.0394891509197849 0.0199305337502861 0.060161218652749 0.0699623282957943
-0.112348301833632 0.0704195906177705 0.238369673872099 0.0088186295960833
-0.192716879387206 0.0669752747706006 0.596896873238852 0.005433319123356
0.00763065449417892 -0.102653527010952 -0.551791070401349 -0.313738434752087
-0.0568386734821077 -0.141212992724605 -0.318389510555489 -0.0927667393973162
-0.121480684341907 -0.0443441708742106 -0.111827982307673 -0.0534624215762217
-0.0630273885477068 0.0694592839553211 0.0893610189337946 -0.0160585839184157
-0.00701311156888564 0.0641895860955672 0.150312136854699 -0.240998377799424
0.0249153483123492 0.0462367739221818 0.0269497560728905 -0.406857745659801
0.0314092276492242 0.0177132675125202 -0.113309809102873 -0.485545448628121
0.0330551121995777 0.0126757895089469 -0.196399836759344 -0.506235001561233
0.0413201673541535 0.00796405539891059 -0.208909546258099 -0.4822624543593
0.0644563541777344 0.0513461827356505 -0.144126660938025 -0.416728927883105
0.0507657492641247 0.121312225476976 -0.0326532286100306 -0.307866920890886
-0.0363209747131273 0.167581209751108 -0.0304429853808823 -0.103402367291293
-0.198921623186843 0.0654822779249982 -0.203511827542371 -0.0907415590877448
-0.154675311101775 -0.106328682929479 -0.377718043325869 -0.230193174178355
-0.0514845491113717 -0.123528897944852 -0.405109619706724 -0.510414698962524
-0.126513567994291 -0.259336359483959 -0.539857326801958 -0.268981995228662
-0.213426183364695 -0.247193036872979 -0.303789677855149 -0.114064054462482
-0.275772233569727 -0.0965743995060333 -0.164996922472308 -0.069365473817747
-0.221581410161295 0.119288922752688 0.051631297037352 0.0107918713369705
-0.119318062966579 0.215066907911404 0.132825524437279 -0.190068260282123
-0.00279013377270271 0.23971984290986 0.0433964344277684 -0.35160288059469
0.0730879084970794 0.205589590543648 -0.0845519978808857 -0.442587624469973
0.106164385109001 0.209116044967905 -0.160381858307111 -0.459976709767505
0.109395864188504 0.199880942340432 -0.179611757903908 -0.427323900531213
0.106008465337086 0.26911612044861 -0.133370795367804 -0.357336939139155
0.0115660106638 0.3525737971039 -0.0401378130901069 -0.255990456127963
-0.155651203177284 0.361805840582438 -0.0472979428055229 -0.0545235332937417
-0.427828495261797 0.189752882296516 -0.223141301336242 -0.0525145239041208
-0.453708936385668 -0.128572881082314 -0.357931680581781 -0.219483223391285
-0.303536418425724 -0.245344468812324 -0.327405732195974 -0.474221749004863
-0.255480634264824 -0.388845269633972 -0.476829717538427 -0.155570680376097
-0.378529442251382 -0.320470302050216 -0.24717034669901 -0.092714085873697
-0.43260283383469 -0.118311351507393 -0.188504981104485 -0.0787843984450742
-0.369694112828755 0.181472077899291 0.00428528077895069 0.0196210434319248
-0.219943597126582 0.359674879426315 0.0814157538179562 -0.121513399657769
-0.0273211449266387 0.413261029493581 0.0424832739435014 -0.242427682769077
0.104403656342643 0.367795436946414 -0.0502594127145173 -0.33427260854437
0.163528600975841 0.371379547243115 -0.101317660278259 -0.342619918233781
0.160953120383304 0.36184327098271 -0.118373502436815 -0.306614997643739
0.134670043363675 0.453168401794345 -0.0962755554693212 -0.247980154595974
-0.0269960846611986 0.544196199836673 -0.0336643256782339 -0.170933411186927
-0.255229357676938 0.512984393814383 -0.0469134847663753 -0.00148937522407242
-0.595310641028595 0.289238326552448 -0.200007356830823 -0.00806318558736213
-0.679022694230024 -0.129955401546783 -0.282669528809556 -0.187228892134185
-0.500005731374991 -0.325091927921202 -0.182076847638895 -0.390613654662845
-0.368559729605742 -0.459005689297222 -0.350348622166073 0.0188573251006571
-0.537585831537114 -0.331825374419415 -0.135541262232359 -0.0236800714579771
-0.569577163636913 -0.0738744648375937 -0.166974083211202 -0.0653619830092626
-0.468815949230653 0.274156192367096 -0.0392659464918558 0.0285432545585777
-0.273452297498627 0.484735202400211 0.013106229335319 -0.0246899685005407
-0.033269562751326 0.537718917366464 0.0340476142443542 -0.0873049271317741
0.131675732493983 0.474403659793907 -0.00765363717138998 -0.173409519079307
0.190923867695559 0.478210799640258 -0.0284836664037995 -0.175273735385642
0.181414210207215 0.470869534082931 -0.0399343306656937 -0.143470575737521
0.135185230727747 0.574907421950327 -0.0411618965095128 -0.101877042509002
-0.0747945210936115 0.659096742987095 -0.0190380521336232 -0.05550379938049
-0.337365492273309 0.582002870893545 -0.040361737883465 0.0520199069413842
-0.6809688157465 0.319620561193967 -0.14312026284046 0.029170911345435
-0.785800882740278 -0.132286408588821 -0.157667724392054 -0.143229403340521
-0.604139221966181 -0.358419546235707 0.00921548116091148 -0.27033836532854
-0.434423710503442 -0.455550764528517 -0.168805825836096 0.211017840120889
-0.630709378962455 -0.274721137970609 0.0249587079893685 0.0612742789961756
-0.624858156969622 0.0129840809771624 -0.105720710271395 -0.0319199980395537
-0.475809859393863 0.347190296254989 -0.070765882504331 0.0539391724117265
-0.264106578769049 0.541266929522883 -0.0447453388902721 0.0998880822347491
-0.0188659511880365 0.576487466715648 0.0365627096699095 0.0939420162199484
0.140919477436019 0.507293809719398 0.0436910588932708 0.0183634694293543
0.187426024747989 0.512715087356035 0.0471667879541588 0.0211817117075826
0.164457432815226 0.511526982299919 0.0384840061391296 0.0444233818748094
0.09910714449819 0.609965951196526 0.01279114092214 0.0627982293159958
-0.133237250467656 0.656518822686344 -0.0100878775890388 0.0734577523646169
-0.38504687861949 0.529098235892319 -0.0410163945629229 0.101598486155273
-0.653322792282306 0.256128527435806 -0.0773851192385127 0.058684019856226
-0.750080494781907 -0.147008279589391 -0.016298125483556 -0.0867003554405984
-0.60140279344762 -0.344949892481147 0.206006774856432 -0.12613410401569
-0.427122849125384 -0.369797004395893 0.0405957549085306 0.380829238304037
-0.590552278649892 -0.167395064204786 0.196724449051214 0.131092532012789
-0.536477696943635 0.0890245169154665 -0.0198896632648922 0.00817521163099518
-0.382339065070538 0.333575386175608 -0.0786320842752179 0.087377756751334
-0.206219938215432 0.486013451543695 -0.0716241381364705 0.220478506042756
-0.00411671290058854 0.510842948664893 0.0538448966476479 0.262326138926708
0.130671190878361 0.456435369774286 0.0988335326367361 0.207091800382644
0.159411297122418 0.467342531246409 0.114493736625234 0.213816530774427
0.12660928133223 0.469385985227678 0.0978302757865155 0.224063463934011
0.0442547281470589 0.539937079637035 0.044318793369808 0.215069978163339
-0.171664861101283 0.532449147973947 -0.0193393895238692 0.185232208770493
-0.365634569154382 0.363343614757675 -0.0542706738508342 0.134752045968607
-0.505425543952256 0.137916327074353 -0.0238720165087356 0.0808319788722407
-0.584228768441955 -0.136126142522952 0.0996810611872255 -0.0228740346062272
-0.506928353926026 -0.273993396186202 0.368513380972951 0.0183561394635282
-0.334875796654218 -0.225035417884362 0.235264004000864 0.496623687994653
-0.41777815744075 -0.0524392761819119 0.338345198087543 0.174044984752755
-0.326494773852984 0.107061446005042 0.0759800405857907 0.0417689304978912
-0.230520464059582 0.216834405312151 -0.0596637407856213 0.10508096088277
-0.136013147114629 0.324407787121415 -0.0684615275252651 0.29885781336647
-0.00268771749110228 0.356801362432549 0.077891575026929 0.380366363578974
0.0925973486378993 0.334471984358911 0.150941131378175 0.360091286206929
0.108294643648424 0.351982666269516 0.16463798051073 0.371455962359706
0.0760202019950016 0.355601475324109 0.130265831764189 0.370376489482629
-0.00359721580938199 0.381496492863595 0.0471777560704297 0.328998406256247
-0.169914530326486 0.331093636251007 -0.0477465881091012 0.256342228718161
-0.270510509362444 0.163560775890925 -0.0787635768273335 0.136938834195812
-0.278062754575251 0.0357670068251965 0.00750560456497505 0.0904851269685487
-0.352645716516046 -0.0830920037791151 0.171709904981836 0.0390523595054556
-0.356601845223372 -0.157289048198222 0.477563059938992 0.141740665855474
-0.168280543739432 -0.0542903315814627 0.377609816017993 0.539229911331136
-0.156935227560993 0.0319825659155681 0.42857997299144 0.189204063911871
-0.0705438309352399 0.0556212414179259 0.16908414978666 0.0498084334603807
-0.0786878363486275 0.0375054429293413 -0.0281178507508938 0.0885474337864702
-0.0763969490372439 0.109791600371608 -0.0530911473488357 0.316694603459978
-0.0219725990635308 0.152608660878811 0.0928538117402499 0.43352132763844
0.0289293769025851 0.165644596937327 0.184232747609916 0.453272204904188
0.0427937664186998 0.182573231255132 0.191552930534816 0.475012606833572
0.0265025544853953 0.185779376579908 0.137820832604488 0.462729366413119
-0.0267796356952772 0.175996226310143 0.0293959013166214 0.394579262291958
-0.114729252063742 0.114381581186987 -0.0800377196373199 0.281770580080059
-0.118712157222588 0.00240683046739123 -0.0962051140695282 0.112952757013347
-0.0403677109089849 0.00164645507652108 0.0295784590724606 0.0868489687403117
-0.122866608860881 0.0237606368433955 0.20651409615002 0.0942219290315055
-0.190306953968109 -0.00575678519711784 0.527779973188957 0.229415850627269
0.00556101562228619 -0.102736548748629 -0.550580614677017 -0.297255460687109
-0.0621257740371879 -0.140006292156682 -0.313383398713117 -0.0857978749760178
-0.124872139605367 -0.0410230561882493 -0.115498510644983 -0.0495154909122127
-0.0600106716674837 0.0709213885299369 0.0877335529402519 -0.0191288478335209
-0.004611791081333 0.0644602971626149 0.139933698372634 -0.243291130059783
0.0259285539423438 0.0436332027292427 0.0143350622778975 -0.404622557634484
0.0306188948413291 0.0149266181135092 -0.124022941303188 -0.478871316030266
0.0314875189111484 0.0115296141040951 -0.209929579096233 -0.500679369514153
0.0392477157068298 0.00702693044255186 -0.220255699452813 -0.474345812230072
0.065239395660134 0.0489892828698586 -0.152451491025813 -0.409071711118767
0.0558113862131709 0.119168609588944 -0.040467551083704 -0.304544366240734
-0.0299800760807409 0.167931920506331 -0.0308451176833514 -0.102372423438101
-0.197612397262705 0.0717989499146907 -0.207376319507322 -0.085783699252233
-0.158086500202417 -0.103564982038579 -0.381214361605495 -0.217244142293111
-0.0537780860356687 -0.125196899738442 -0.408472016597159 -0.500210617547174
-0.131572282938911 -0.255775228972759 -0.538133243737691 -0.253962782979586
-0.22005968799038 -0.239594641952562 -0.299196637678514 -0.108468058720417
-0.279915183771807 -0.0897325130664581 -0.169348824831456 -0.0627310016947636
-0.217492729267204 0.123877602844903 0.051372534608522 0.00792314321033306
-0.112139877762551 0.217360535840031 0.124007248528482 -0.191160036707185
0.00495634675356377 0.236459665575668 0.0328764218079071 -0.349069761317042
0.0771806449943976 0.202318027753472 -0.0958556191319576 -0.437521584102492
0.109692419708777 0.205203059129631 -0.172385661026393 -0.456393399476516
0.111657919339073 0.197678278624896 -0.188572473609107 -0.420483649569556
0.112257307482813 0.265494273377366 -0.138553142310009 -0.3507535331958
0.0224219747078614 0.350368366592935 -0.0457838110523477 -0.251691791155611
-0.14420861646886 0.364197421958922 -0.0452264692491953 -0.0519537695162504
-0.423201425476602 0.202027152371158 -0.224613452036495 -0.0474670563200826
-0.456552417207703 -0.118025210255358 -0.360403641729038 -0.207442183419243
-0.305110397542097 -0.241975643592861 -0.333113721936378 -0.464001346836329
-0.264236703577011 -0.382162101371514 -0.472714916883046 -0.142595076071978
-0.384184492864918 -0.307401017200281 -0.242406363089792 -0.0881468797751067
-0.436600376554088 -0.108977238194761 -0.192516308132263 -0.0705591445697008
-0.36422767211275 0.189452245375303 0.00488952754493188 0.0167425763927991
-0.208441229424376 0.364983474092111 0.075506058532078 -0.119738734656344
-0.0145270352322718 0.410412223710299 0.0360889528696429 -0.241754342729733
0.114112239522529 0.363810333445651 -0.0599504766987682 -0.330678419671385
0.170942211841041 0.365659221625633 -0.110219313475457 -0.340785779890416
0.16625804610334 0.358895952680743 -0.12405856263956 -0.304372589168132
0.145760594431719 0.447655346996089 -0.0987897660686525 -0.243190077077628
-0.0100603823637875 0.544217411260937 -0.0369444042442433 -0.166511127851425
-0.240976527761953 0.518369783531315 -0.04321670164584 0.00175388393071923
-0.586666054540093 0.303968349371502 -0.197961162366394 -0.00436112943590052
-0.679674969163507 -0.111364087762921 -0.28250626964498 -0.17843638860861
-0.501600736411072 -0.318096398887159 -0.186807281719222 -0.383700929439011
-0.378944757619506 -0.44989388197534 -0.343828862646059 0.0264170358549687
-0.540910734261813 -0.314724088016359 -0.130792436157128 -0.0239747078209866
-0.571881622163457 -0.0621425041641525 -0.169450718568834 -0.0562620382108603
-0.460647387240129 0.283326877192385 -0.0385294907537874 0.0263555586219861
-0.25800361976301 0.490193593201971 0.0103001272370483 -0.0204781710734149
-0.0181176372628954 0.534252842106011 0.034045887281973 -0.0872278298368882
0.141504807726695 0.470638624044928 -0.0147978929490692 -0.171016205893667
0.201692629692736 0.47110604186176 -0.0332448861104431 -0.175684592495156
0.190028860450543 0.466977262527335 -0.0416635434310133 -0.1435043290204
0.149757665948529 0.570593279323686 -0.0397705366396851 -0.0997600573654021
-0.0538967417706433 0.657981352900373 -0.01937298372981 -0.0516469928589492
-0.322505627377861 0.587141754015382 -0.0348188767106353 0.0551491550297235
-0.671018438779309 0.336586419393261 -0.139846796483139 0.0309320916632715
-0.78667416863166 -0.11051581658108 -0.155631151968876 -0.137221007695419
-0.606707679498639 -0.348749329778164 0.00279751537145883 -0.267867327066341
-0.445030640845716 -0.445685196459798 -0.160638957932809 0.213284969210738
-0.631442711312392 -0.25562961462625 0.0297196646474395 0.0564553380688961
-0.624311953543285 0.0257879224138245 -0.106561109584795 -0.0249771531654484
-0.465960932082962 0.356036128956913 -0.0691849961875127 0.0520833467238291
-0.246629053676913 0.547608530248225 -0.0427875794335681 0.105270804759688
-0.000988701907089167 0.575711284488771 0.0416853637480931 0.0924518469229548
0.153566996331618 0.503923962376362 0.0403818606869402 0.0182201134347016
0.20025249828095 0.507443881599304 0.0474768309773288 0.0189170650513307
0.175704320127306 0.50699574899909 0.0410806498603508 0.0409357260041726
0.115494678223638 0.603924692871645 0.0179699967789871 0.062464749657059
-0.112967896692637 0.659947640933405 -0.00680636272270852 0.0761225673781798
-0.370978009871413 0.533430780187448 -0.034151217947126 0.10593599652034
-0.643469064620618 0.270812086623479 -0.0714654220152929 0.0589652653559073
-0.748875291034712 -0.123635941359214 -0.0151824629869581 -0.0854047356301628
-0.60069142495612 -0.334920913948124 0.199320353868669 -0.127768399099805
-0.435315068329125 -0.359648867928629 0.0498261248041913 0.377291642243781
-0.591063244641108 -0.148655616685939 0.199184163002657 0.122821547687699
-0.533961292582867 0.0994946764812082 -0.019459785474238 0.0128339517499733
-0.373749926462197 0.338948572123951 -0.0763423965266047 0.0854250101526393
-0.191523800594752 0.488051895122251 -0.0653279616560358 0.225650515568318
0.0121354751329716 0.511188973240693 0.0627108961158685 0.258802417501057
0.141130076462603 0.452768842998642 0.100043045238946 0.204568570338927
0.170624292297306 0.461865481724724 0.119784473817501 0.209948306754931
0.137139195808232 0.46641156201052 0.105345301661492 0.21936950956373
0.0612320261691516 0.534335706349301 0.0534220961176675 0.21277531057447
-0.155464839662847 0.536622352490257 -0.0125548706796728 0.187390339399384
-0.355797374415917 0.370662398548126 -0.0471355278689598 0.138719488561414
-0.497798714163827 0.149292299122592 -0.0171384994259861 0.080504101049083
-0.583216020232356 -0.117971946095785 0.100321152361497 -0.0252310217046377
-0.504895680815818 -0.263634489931884 0.362249048070528 0.0111790761017886
-0.339136814880332 -0.217022943340937 0.242879503055673 0.489525090933827
-0.41558688998309 -0.0393346571445412 0.338977358719396 0.163185575745189
-0.32323961292615 0.111859209993831 0.0776016403205148 0.0424415563107314
-0.225284291185979 0.219956107951439 -0.0567544947298633 0.104231877286537
-0.126668948897234 0.326093869147141 -0.0597565922085877 0.301983840258551
0.00800743543138434 0.35686617122724 0.0899065511528357 0.377233498713151
0.100598476565847 0.333284298550747 0.154615636199822 0.356372237350227
0.117786239674294 0.34690663518272 0.175379544050346 0.36762677487481
0.0847718185753562 0.353143434354746 0.140978635915247 0.364609023533241
0.00734338090376359 0.379215398326832 0.0576609630711542 0.324684542234434
-0.159716667113851 0.334773989270108 -0.0392272732660964 0.257309891650173
-0.266503434944404 0.168956218257668 -0.0728619839075624 0.141151202798868
-0.273720661810177 0.0397983425221662 0.014855122314619 0.0888142675956434
-0.350225358945028 -0.0693738105085871 0.171948180230698 0.0336265770779953
-0.355150933490126 -0.148445336653328 0.473086288597644 0.129968561257679
-0.16983659526383 -0.0499805488440663 0.386121823389785 0.529729774014286
-0.153363671833166 0.0383533519452284 0.426312336679859 0.176946338631075
-0.0677947085844652 0.0553871375482999 0.170696470020146 0.0459602532641962
-0.0788966865718236 0.0381361653518398 -0.0250015888558257 0.0876199818421523
-0.0728542575425601 0.111257758550433 -0.0428796320983907 0.317469324291849
-0.0171773948378819 0.153966695243466 0.105094550461718 0.428550098057555
0.0336710052659616 0.165716606091108 0.192780867904041 0.447737402782213
0.0481071173766325 0.180952297553573 0.20448817032791 0.470442116438834
0.0316986351993774 0.184319413897314 0.149772697988938 0.457135867934374
-0.0216231251122797 0.175084526473239 0.0417443564411678 0.390237056525254
-0.111110220281883 0.116801847090748 -0.0704297372224441 0.281718533253868
-0.119548899838854 0.00538551079450127 -0.091425514288199 0.116715447655786
-0.0385526088345714 0.000861953109708249 0.036464343687867 0.0853015713893812
-0.120538042153528 0.0295268223751895 0.206069249353157 0.0874829504808754
-0.186821105318245 0.00049681752238977 0.523384159610208 0.214143074530378
0.00264219584141747 -0.104653046101778 -0.559571812312647 -0.280684485672261
-0.0693379222416325 -0.138167232207332 -0.313897502752112 -0.0757466922497329
-0.129545834555056 -0.0355931453390773 -0.120480770047813 -0.0445430712177318
-0.0569080402819631 0.0738265191846367 0.0874046060523914 -0.0228337718405477
-0.00184949867137274 0.0652903126939947 0.127537475181756 -0.248703404357771
0.0275858209197446 0.0409153861748604 -0.00311971698426502 -0.404928342361358
0.03044366845321 0.012235683270658 -0.141557495651949 -0.474725311978754
0.0307301487384779 0.0106639454832745 -0.231675393835481 -0.496421081616132
0.0378200715615403 0.00644533027407824 -0.239544459932228 -0.469695713618175
0.0673455640605684 0.0470806369238394 -0.168307979327853 -0.40457314615839
0.062527583835242 0.117523936775852 -0.0520992386354359 -0.302776687596568
-0.0221419847763007 0.169745694830693 -0.0336387079014525 -0.10204702513368
-0.19718950402374 0.0813932831593325 -0.215215245944512 -0.0786528118298404
-0.164472187692458 -0.0997787781358112 -0.389591002511162 -0.203401948632102
-0.0589045136316479 -0.126711620339664 -0.423344916574522 -0.48966484588359
-0.141671618297708 -0.25328598120438 -0.54380473429709 -0.234815558944903
-0.230164132313937 -0.232078574281799 -0.298628826298528 -0.100921052018123
-0.288084329024067 -0.0789643875593387 -0.174802055450367 -0.0540261265809969
-0.2134233370888 0.132612488992693 0.051504058909251 0.00468615139284222
-0.103091232580302 0.223424521501287 0.115177568479759 -0.19441710089863
0.0148212872594858 0.236291758241278 0.0193354326149492 -0.350142377581222
0.0846502665029334 0.199628426790194 -0.112382437665971 -0.435199937355571
0.117069783885116 0.202020869832859 -0.191157118168855 -0.454773574037625
0.117404192171522 0.196913114029325 -0.204813779872809 -0.416955559755089
0.122587828717093 0.263049859812979 -0.15086715107775 -0.346733422440171
0.0394002556568872 0.351349769198044 -0.0548052321634054 -0.249011417682105
-0.130407763169322 0.371439128840397 -0.0447754140468771 -0.0504017837846557
-0.418595431627347 0.220045862129633 -0.22918738314309 -0.0398393711717956
-0.464127474960165 -0.101059381414081 -0.36684455241388 -0.195515376571737
-0.314697126187921 -0.237400632047013 -0.346577778665677 -0.455710638561793
-0.279791435558063 -0.376044195935631 -0.476247131730339 -0.127680917112206
-0.396932704914983 -0.293743327481897 -0.24152824900472 -0.0840400152395661
-0.446695144866115 -0.0927998275603504 -0.198004495794046 -0.0606920558722329
-0.360023681005364 0.202870140940871 0.00444825763788104 0.0144610784048986
-0.193502502612074 0.375059715970809 0.0691586013051999 -0.120180752013221
0.00262756221939186 0.412813301528295 0.0283035823648579 -0.242609553330199
0.128627764849877 0.361462953115563 -0.0738150913411778 -0.32979284650028
0.184988139869845 0.36133817471311 -0.12555224161871 -0.341273273828906
0.179030168204895 0.357239270142639 -0.136245058014299 -0.303463193226303
0.164201206619539 0.44558482568307 -0.105767776867347 -0.241221605974327
0.0138568165678929 0.548479306620314 -0.0424694258436353 -0.163418986916284
-0.222231199176455 0.530081789926003 -0.0389118989557862 0.00447296251642269
-0.578400987933499 0.329766185914834 -0.199004461155105 0.00199456687464944
-0.687804847669806 -0.0857626351014618 -0.287232306724828 -0.168161943647055
-0.513861038134582 -0.30794058967036 -0.200348129195001 -0.377902462720571
-0.397696819607212 -0.439784223005697 -0.341915741035542 0.0367174672169216
-0.554624481113819 -0.292208801050737 -0.12718416887999 -0.0238352953139199
-0.581069475449706 -0.0421336919244243 -0.173069517820052 -0.0473432434173535
-0.45369505938498 0.301528279015585 -0.0390477356512865 0.025044505956489
-0.239339217901208 0.503531813460883 0.00879917485000911 -0.016867015897614
0.00566487359040159 0.538430041581249 0.0326728886479161 -0.0885512571928383
0.161225748007555 0.470077755683725 -0.0226111956673195 -0.170604990449474
0.222145604383539 0.46625646269439 -0.0412159631563432 -0.177525494075791
0.208063444991284 0.466648227265553 -0.04603622824361 -0.145107477828953
0.173353060181661 0.569640033944985 -0.0398556172619013 -0.0992745175148343
-0.0259326913370715 0.667750923990041 -0.0203364565169874 -0.0493214177264148
-0.302379399426982 0.604283716872462 -0.028396620351758 0.0592888086232709
-0.660272503510112 0.363218697607006 -0.137036828010489 0.0351087095833478
-0.793397647767917 -0.0802700256246867 -0.159146353772078 -0.132060651201245
-0.618752121672075 -0.335804151070853 -0.00697646332827395 -0.26837265347725
-0.463569657445939 -0.433184237414354 -0.151534580539456 0.218288163668089
-0.642561035454147 -0.230931543623509 0.0347905633356528 0.0518209125797967
-0.630080984712573 0.0486995396719518 -0.107665548602764 -0.0174334786311245
-0.45822422861661 0.373692668756059 -0.0691163438237854 0.0518538563830637
-0.226063892374283 0.560771310339209 -0.0390366492772982 0.112124413839076
0.0235343888758132 0.578078841964842 0.0478029815304173 0.0905899048285209
0.174521647558092 0.503953388448266 0.0391790047653943 0.0180736213844689
0.222023492408432 0.504303095306588 0.0478020671468246 0.0159912109651876
0.196135290854977 0.507698292330626 0.0444621042195371 0.0373387573799317
0.140380882619397 0.605197525596372 0.0239966411260512 0.061132384294677
-0.0843244304538888 0.668987342580475 -0.00231031684442386 0.0795083002317054
-0.355586458830768 0.551188889938144 -0.0252866872465642 0.110064631986154
-0.635727035083555 0.295459115664052 -0.0662635235843446 0.0601163916251723
-0.756659161862883 -0.0929011750843219 -0.0162171656410097 -0.0854258720530248
-0.612308130060931 -0.319362410682885 0.193945336472939 -0.134219237796442
-0.451756210329392 -0.346675030908328 0.0635113526886255 0.377741485261256
-0.596411230003251 -0.124291552590637 0.205570336529619 0.113103544509924
-0.536094328970781 0.119376026292011 -0.0174200524268879 0.016655707565039
-0.363612202207886 0.354753958925602 -0.0749797513651328 0.0863243819029224
-0.173315875546574 0.49987040330607 -0.055792011739837 0.233794996349225
0.0339770341631828 0.513673287556026 0.0754314483685943 0.256836583089976
0.160689225898211 0.451835943490053 0.105400689472382 0.203471897765809
0.190635799645894 0.459167388750637 0.128733608691524 0.206721860754435
0.155802180679368 0.467448567707931 0.11563982299546 0.215291954529648
0.0837721124080447 0.536216364635146 0.064648242769637 0.210259263420211
-0.133003755556562 0.544556946928693 -0.00361269133305462 0.191220428541483
-0.346084839574321 0.385948039321148 -0.0387022556443097 0.144254826414466
-0.493591103712521 0.166695971606876 -0.0097006609019759 0.0797038985566082
-0.588623159649783 -0.0939331984258742 0.100981881447677 -0.0294396801199997
-0.512109827836681 -0.251052857249524 0.360906832749005 0.000495713877108934
-0.349341685133809 -0.205022461275513 0.262157587361896 0.485175253940263
-0.416910962577585 -0.0222702713469063 0.344101854299512 0.150661792917538
-0.32225664448986 0.12401526348018 0.0812747883038725 0.0419245189713129
-0.219599836629757 0.228828185191139 -0.0536633393200533 0.105198818323084
-0.114766156466578 0.333898555125079 -0.0465162102857087 0.308430107745484
0.0240429552747687 0.359309098300155 0.105177600201572 0.37417605146722
0.114923140000673 0.333867864390566 0.16547973750484 0.353051901554522
0.132831060194327 0.346045104095518 0.190958716857871 0.364579006667951
0.0988056246614101 0.353016771318899 0.157027983614329 0.359993262700963
0.0228519540860628 0.379795260867449 0.07267913861098 0.322729434066465
-0.147223117582167 0.342545203296493 -0.0276215463165048 0.261304052792359
-0.263220371067299 0.180455121241905 -0.0653762590093657 0.147466522949624
-0.272188228870842 0.0487533468694244 0.0231703612228353 0.0877100232176001
-0.35388491956314 -0.0547214177523203 0.173281081443547 0.0275385189943067
-0.356577624007577 -0.137577991966216 0.473788004733754 0.115090589098419
-0.172920306744144 -0.042894017882672 0.403843496388373 0.523287839219676
-0.150806401155917 0.0456099451418426 0.432221986114301 0.163753530494415
-0.0648945210686114 0.0564687791643767 0.175592504607929 0.0403665315211008
-0.0797997789624221 0.0408287670682308 -0.0217842836393615 0.0884703666466746
-0.0693322573396047 0.115004257895272 -0.0296202115525292 0.32137006055508
-0.0102604454895483 0.157109110970498 0.122603192732592 0.425377731873257
0.0407932827374129 0.168198810246493 0.206995709183842 0.444018072515249
0.0562506820532358 0.180253293010015 0.225398911744887 0.466641230393321
0.0399105229172161 0.184402444059653 0.169529617364325 0.453603734619977
-0.0145063017325793 0.176332405062754 0.0564439992246651 0.387703550211196
-0.108265494338155 0.12236134113426 -0.0578890766263504 0.285881068326954
-0.121729829633028 0.00983356877896994 -0.0860014106859427 0.122392956185084
-0.0375518808475331 4.33390974952002E-05 0.0447851658245956 0.083828471038063
-0.117453885507705 0.0359989344957119 0.208572986968846 0.0795632694444911
-0.185189722432095 0.00863397856708071 0.527022542237845 0.195287167427275
-0.00244851298440689 -0.105601136690872 -0.568677626589547 -0.249702113236232
-0.0789096938410023 -0.134002187897699 -0.311658939762405 -0.0601816358919432
-0.133666190931201 -0.0263812756329735 -0.1241613742144 -0.035447783862456
-0.0514988697846244 0.0767261234198527 0.0853048025340336 -0.0284609737868933
0.00311118323460747 0.0656433134206172 0.109724441262175 -0.253942528428177
0.0297349134651792 0.0372544877784756 -0.0284168686464126 -0.399357403719932
0.0294629063258833 0.00884992392852771 -0.166869194607474 -0.465240668815075
0.0300246733914669 0.0095802057477086 -0.258528118667725 -0.482287518508345
0.0365504331108132 0.00499047744675541 -0.266554646451886 -0.455182230405943
0.0689205466983218 0.0427938559961653 -0.18928373451903 -0.391972210766796
0.0714410728455893 0.112333933687009 -0.0690692377705493 -0.297586352296144
-0.0102741397766018 0.170606988239789 -0.0381053137556855 -0.10008777608879
-0.192586671601781 0.0943756720418535 -0.220544394825456 -0.065383810750459
-0.171355225391568 -0.0907234869605649 -0.396511422555816 -0.178197684351734
-0.0662865609354597 -0.125917612397271 -0.444004146200674 -0.465729194314709
-0.154741159130328 -0.245882530587592 -0.550897368872662 -0.206577360092877
-0.242182837765549 -0.217638852422698 -0.298509375959868 -0.0873040630917242
-0.293713612257954 -0.0607681606248519 -0.178761232236544 -0.0415902111721083
-0.20486533903016 0.143554468580424 0.0509899964399876 0.000306309046819357
-0.0872790339653586 0.229048280230151 0.101273606466716 -0.197506770122599
0.0293082609139782 0.232454515107778 -0.00180165224195946 -0.347127424831109
0.0951383141811672 0.192657530844498 -0.137806440906494 -0.427481012098595
0.127484072467761 0.195645496657311 -0.219762640861636 -0.44355297004245
0.126673920053688 0.191032296746897 -0.228775855722744 -0.405131686465408
0.136795361570291 0.254676726933784 -0.167466938176757 -0.335396775911045
0.0624216371280748 0.346817427687765 -0.0684065133588642 -0.243790980649344
-0.106401332618074 0.377750006094348 -0.0444617340803563 -0.0472839117718831
-0.404663234411019 0.244584970759631 -0.231386881118434 -0.0268962822070354
-0.468170114779203 -0.0744428575994529 -0.374061968031674 -0.17264074120552
-0.326305194037292 -0.223090319738824 -0.365698038513516 -0.436714443942159
-0.298395535510836 -0.359761251160127 -0.476017348577043 -0.104368363758663
-0.409621965717712 -0.269172886814308 -0.240408491739557 -0.0750156543700869
-0.451377120416083 -0.0657474485972632 -0.200895217667246 -0.0458662420964974
-0.346945493553985 0.222631084003511 0.00433672965683371 0.0117672243722391
-0.169437958906815 0.384782657688838 0.0608721674361973 -0.119691254183661
0.0285854202637463 0.408818620996613 0.015456983639299 -0.242039392037688
0.147603272043322 0.354387697715592 -0.0926159967214849 -0.323765542312386
0.205244745002341 0.349869586951759 -0.146563717260894 -0.334659319285376
0.197154304836566 0.349407588637451 -0.152875042578906 -0.29719972517077
0.188791683154852 0.434295251366785 -0.116032715050054 -0.234167911572352
0.0485618402903377 0.545004468510261 -0.0509840355036527 -0.158456789263761
-0.190303823241631 0.541219788205927 -0.034613056236885 0.00730037366683185
-0.559127957014294 0.362269448803131 -0.197348138003685 0.0118843879926704
-0.691233120176689 -0.0433861528368941 -0.29167570505819 -0.151734057215344
-0.527645454580694 -0.284398799033692 -0.216604268926645 -0.367904116975498
-0.420063092717536 -0.416191658426688 -0.334013673245628 0.0521748345104159
-0.565832631662522 -0.257762768047299 -0.124095435932945 -0.021730157313387
-0.582711036354141 -0.00776163003459056 -0.17497313832109 -0.034249249873729
-0.435374572635371 0.324935176660701 -0.0392206223551416 0.0242198981852363
-0.206133328716912 0.516000518496521 0.00822829470144334 -0.0130109493728221
0.0390511322559417 0.534123201068615 0.0298955602905291 -0.0901917307058559
0.187948538649168 0.4606857719336 -0.033687691772188 -0.16824925473605
0.247332698354765 0.45462476355578 -0.053353568869673 -0.176258138954506
0.232914572516796 0.456666807803734 -0.0539867655231225 -0.144525760166771
0.206047619221501 0.557555055998842 -0.0424364611617598 -0.097235653254727
0.0175494557614904 0.667211086317552 -0.021295483260504 -0.0449593398925823
-0.266507459071126 0.619336243344007 -0.020122405255135 0.0618016000566934
-0.636943828323962 0.399406614164567 -0.133537280109237 0.0406471844384871
-0.795051293219641 -0.0337512287697017 -0.162735826962398 -0.122703173464828
-0.633135158734496 -0.30570627645583 -0.0200545951535819 -0.26639131000984
-0.486149046208722 -0.407415339759537 -0.136928058898244 0.223757547500842
-0.650513172896037 -0.19276169302797 0.0396107659851721 0.0449919777293506
-0.626077318989495 0.0842141680059838 -0.106778939235966 -0.00852046215923805
-0.434783156492139 0.399710843261669 -0.0674540070184012 0.0524566091029348
-0.191427992873728 0.571930009833263 -0.0306821528063038 0.118613676911001
0.0599758988670052 0.574208308162639 0.0552374192138993 0.0866184848881453
0.204052841619742 0.493444219975469 0.038025395332292 0.0173397741785851
0.25100403914139 0.48907091767646 0.0475337664737952 0.0124257780499005
0.225302506992704 0.498169857179226 0.046876995166973 0.032697199540463
0.177311103314011 0.595419180225274 0.0306469256747325 0.0589390188529118
-0.0423760033319708 0.671896045601237 0.00498129632125291 0.081853233188523
-0.321202966200609 0.570610600852374 -0.014592262348838 0.113149110462417
-0.615496292757142 0.329935219395479 -0.060087470105703 0.0609982021339857
-0.755959709696159 -0.049531293378073 -0.0187953809752391 -0.0842701222434857
-0.624245679430474 -0.291595822641437 0.184696076135701 -0.142121939645513
-0.468955275480421 -0.320008371944359 0.0853071989767713 0.371987861000301
-0.599615092470415 -0.0885496414556678 0.211615740925215 0.0990813154426051
-0.527483968108651 0.148433180570997 -0.0151329146438853 0.0199438688647508
-0.34323012100059 0.373502466464903 -0.0712363037409617 0.0879356978284698
-0.142685904560025 0.508715211466404 -0.0398304336632905 0.239998435930459
0.0660714912880873 0.509490482944775 0.0918758488077359 0.249806141274745
0.187052793166964 0.444576431575081 0.114529340014871 0.198870634330829
0.216459902514317 0.447874983746463 0.140190114913908 0.198494427056829
0.182774657416287 0.458801151691396 0.128246859931179 0.205432822571467
0.114243294715561 0.528062893776757 0.0790244625718955 0.20427225352429
-0.0987791411743293 0.55188827433921 0.0100927000534501 0.192368431441093
-0.323134664959527 0.406307750271376 -0.0257796308046441 0.148040016403379
-0.479579388252697 0.19141454708088 -0.00169233283919782 0.0771643903823949
-0.590052212789255 -0.0589550773943479 0.0999640970368538 -0.0351290273250706
-0.521236645125122 -0.224982834739941 0.356748119289747 -0.0177936169014108
-0.359628844587654 -0.184261195070823 0.286379569220111 0.470557977787323
-0.413832314720635 0.00285090068667206 0.350910392534736 0.130730703260268
-0.313232726407127 0.140588480685978 0.085046122114467 0.0383245841090662
-0.206630002546333 0.239746935156657 -0.0483976127426697 0.106577268900752
-0.093574325724177 0.339338185795061 -0.0264599137837226 0.312159500640536
0.0462701446420019 0.356474026052766 0.128135257470542 0.364985748238021
0.135472945816123 0.327605478216601 0.183149757101216 0.343692965669385
0.153326195497403 0.338522857160126 0.211269457932785 0.352495932008564
0.120323699996365 0.347542661665089 0.177778884910606 0.348700054676402
0.0466093102624009 0.376521007945959 0.0931222660592217 0.315931583020052
-0.125696635846166 0.350440920283786 -0.00980570552967253 0.262949377423983
-0.252913640025162 0.195360839530615 -0.053717994342257 0.152138476306402
-0.266533593642139 0.0619800590923304 0.0318723619963967 0.0834422834121781
-0.351742675115407 -0.0320708757663573 0.173522555998301 0.0173514083144481
-0.359926729390208 -0.118574786860158 0.473449461237691 0.0906205712899754
-0.174301566632832 -0.03207462156121 0.428589686366315 0.501846062167136
-0.145344042186368 0.055328795580313 0.436626099474464 0.140832470725595
-0.0607155027480302 0.0581976785080703 0.177953364106214 0.0294639931771093
-0.0783659091792018 0.0449390803213244 -0.0171713314024163 0.088817324920674
-0.0627155563203619 0.118850502882329 -0.00969946588815999 0.32300316788451
-0.00064996990779901 0.157737523363699 0.147599838244146 0.415240289104557
0.051097542693151 0.166453956299426 0.23099525893175 0.430564961503119
0.0673719549508598 0.176496120684605 0.252519462444277 0.45330645728217
0.0506924747904355 0.181132213312132 0.196339476604295 0.441192531038589
-0.0037293575717101 0.175737539908801 0.0814820377409699 0.380538504003718
-0.101266877033227 0.128882070905703 -0.0389893056133774 0.287254700259183
-0.121693225995861 0.0175230802048132 -0.0770525539720416 0.128467859138538
-0.0356101516069605 0.000439410522518763 0.0529053509336612 0.0794387083548182
-0.112142643747645 0.0447610684255225 0.210399596961704 0.0669974443822305
-0.180953352123325 0.020083718290398 0.529308003717344 0.166303444468391
-0.00823477149377759 -0.103486918131023 -0.560116295909961 -0.212322481727775
-0.0854549863760317 -0.124994170573983 -0.301413856002721 -0.0448381818735581
-0.132114280133818 -0.0157366336994659 -0.123304674475091 -0.0253764994973999
-0.0455203419113265 0.0776644579421657 0.0803591341655861 -0.0333596831920492
0.00839617982218308 0.0629418719333749 0.0887360092123002 -0.251033451129592
0.030349124387874 0.0330145027421413 -0.0516768193296557 -0.383444606137945
0.0269889109119868 0.00551569872718801 -0.188842398130899 -0.441074404627113
0.0287052636974902 0.00799765295112522 -0.279812799082113 -0.455856894685926
0.0341333286513723 0.00399199353050418 -0.284870031393525 -0.425101988815101
0.0688853185921339 0.0375145578961143 -0.203906242854972 -0.367521417683916
0.0777803355966146 0.10405513438035 -0.0840760672310363 -0.28389510184938
0.00107338459085352 0.165555081027471 -0.0417522891457599 -0.095179514166428
-0.181700408568025 0.104078899271811 -0.219908822608387 -0.0488641448225541
-0.172792586537001 -0.0789654167599962 -0.390970823621715 -0.150764665357524
-0.0713019310007374 -0.11986443130866 -0.449607739638234 -0.429118936063917
-0.16288397447496 -0.230955410254166 -0.539981333327405 -0.172968804238515
-0.246660426511351 -0.196661049287376 -0.289946493802378 -0.0726908230771011
-0.289046233292323 -0.0394545912750517 -0.175936729522123 -0.0280119572927553
-0.190300276056523 0.151946139805532 0.0482593102289138 -0.00455509008113348
-0.0692521452498065 0.226056350189713 0.0850225343699344 -0.195556489933953
0.0433574522871789 0.22173158443896 -0.0207072591642418 -0.334423321795123
0.10216387472053 0.181487896752287 -0.157771722492063 -0.406418209548725
0.134598004244266 0.183462266988032 -0.239743893741994 -0.41887862689298
0.133151448884089 0.181242452799585 -0.244060014124117 -0.380001686598787
0.147248400967543 0.239596700814237 -0.178548561859268 -0.315625312781588
0.0841593687472557 0.332816602812743 -0.0802435544601311 -0.230950349582188
-0.0800224676213785 0.371913763875125 -0.0439691193163895 -0.0433254125009761
-0.37777878084254 0.260945154744126 -0.227259212888804 -0.0129252600540183
-0.458823964513087 -0.0455521293495469 -0.368222016502571 -0.147423519208643
-0.328248259389383 -0.202148572316723 -0.374834598787862 -0.403401393415862
-0.309230737644311 -0.333260424860315 -0.462841905415391 -0.0793479214776431
-0.410474230693906 -0.235818810902977 -0.232265477543195 -0.0649096848518011
-0.442111608686966 -0.0350678953145964 -0.196893836490491 -0.0310463720666074
-0.323762244731505 0.235201414589018 0.00301198328668254 0.0089455141451761
-0.138324069663628 0.382170940771414 0.0519233021490318 -0.116996799409126
0.0525838172251525 0.391940342117632 0.00255419179569358 -0.234830192011984
0.163391085780025 0.334800470692645 -0.108448410887896 -0.308396039293574
0.219235025864463 0.329937949178788 -0.16369769382239 -0.316982206665632
0.211339360502732 0.329726094528708 -0.165538609072299 -0.280407521014254
0.209382563478383 0.411674243200945 -0.122517832268683 -0.220826706761388
0.083054298728402 0.525415144113187 -0.0570557398061832 -0.148831517885959
-0.152904975505406 0.53533174707249 -0.0296818725368714 0.00872935875597681
-0.519441015749862 0.383739945567807 -0.191790772242068 0.0221039268686433
-0.672306817149811 -0.00425364758389546 -0.287686886645555 -0.132699699051544
-0.525544902323938 -0.251113630382714 -0.228721901264376 -0.344489107150452
-0.429311487916456 -0.380283844063795 -0.317717615627823 0.0649424016821956
-0.561045828323377 -0.216340731548902 -0.117781266008424 -0.0201052928525084
-0.566199241247607 0.028471194526138 -0.170224377109796 -0.0215672657626974
-0.403844195180182 0.340223612292863 -0.038586701008577 0.0234884204351408
-0.167143043367954 0.511256036826901 0.00824470585944109 -0.00974085285044578
0.0719505667967604 0.513665206727316 0.0256025024397596 -0.0902181946332043
0.209811509353225 0.436010804288733 -0.043523491340006 -0.161151630598586
0.266069117158607 0.42784804493817 -0.0638093491513515 -0.169191359068069
0.254360617889609 0.432953616578494 -0.0609842562517473 -0.139337624412822
0.233403603783905 0.529338605856268 -0.0434664667314346 -0.093002696738172
0.059010512662427 0.646342225044219 -0.0216302117393149 -0.0407743360895992
-0.222574825345711 0.615530769675101 -0.0115955468588991 0.0610497523284994
-0.593656571654305 0.425647688367547 -0.126078146335523 0.0450590069129648
-0.77226474890071 0.0152923882396252 -0.161961215655212 -0.111229477288307
-0.628862358310638 -0.267859908162871 -0.0340932583856956 -0.256501088545005
-0.493461660069155 -0.36707359546271 -0.118399355533903 0.220824912638959
-0.637635392321948 -0.148650547546242 0.0431720190483561 0.0363481490986971
-0.603125417170587 0.11893735294212 -0.102256759942719 -0.000667656480268258
-0.400045567739227 0.410855466903335 -0.0650897826102474 0.0521616564203778
-0.150202950649334 0.565580123485311 -0.020563212581209 0.120198023098878
0.093462981254745 0.551862401527927 0.0610184611173381 0.0789194525845729
0.22673100775997 0.468403436714615 0.0361856300106186 0.0148307276088034
0.271915768996878 0.461585203075001 0.0449447714481674 0.00866428226293621
0.248161884897759 0.473075145705178 0.0472054263876604 0.026661188752715
0.207549578059096 0.567077840995044 0.0360940494811396 0.0533533993528884
0.00173694974005036 0.655469422912095 0.0120446302396563 0.0808169877807784
-0.278923332880664 0.571985678924371 -0.00253962121956699 0.111232437484999
-0.576314707708971 0.353127418335556 -0.0525196015709104 0.0599626688165033
-0.734840144866838 -0.00395449205066612 -0.0206745689322508 -0.0813598042294281
-0.618995558485151 -0.252887504495706 0.170108498622434 -0.146901311751553
-0.473005236740892 -0.28406334137881 0.103028134679916 0.354338623582774
-0.5813839512702 -0.0518911717613695 0.211557255007611 0.0811231732283913
-0.503233413312982 0.174505007649024 -0.01128137792653 0.0215536367342216
-0.311969328025505 0.382511699904983 -0.0660029143168411 0.0874013743074362
-0.107260174559261 0.500270388053665 -0.0224231137537753 0.236887227394853
0.0951529715734274 0.488873718554468 0.105089039676097 0.234695763085787
0.208064631483838 0.421558534082959 0.119848746842622 0.187139008440265
0.237359618836284 0.422726430399483 0.146719033540778 0.184692758760978
0.204853749010373 0.436932120208212 0.136449196717928 0.19047939082784
0.14379803770548 0.504237672871317 0.0904568920478326 0.192641022318791
-0.0598007141949323 0.540276093522881 0.0234430780773531 0.187380955209866
-0.289134397083545 0.411846541192514 -0.0130742674971721 0.146342771461584
-0.453123981805824 0.212952316720006 0.00590551564904857 0.0717881557277369
-0.571588435611613 -0.0230978739074245 0.0952393302966474 -0.0389752624196658
-0.514467725660312 -0.193486322857317 0.341262263287446 -0.0341756265380606
-0.358406808299948 -0.158239464184094 0.301537324236585 0.440439083881779
-0.398607608078173 0.0292773928278209 0.346659930069276 0.106980438871516
-0.29603739985307 0.153400341897389 0.0866544657464593 0.0334425724616464
-0.187465615281755 0.244488855766751 -0.0423554642826063 0.104685280498966
-0.0714524624623873 0.334237491071545 -0.00473266580940755 0.305857491968683
0.0665205454565152 0.343934932497353 0.146066492772254 0.342960410907483
0.151065704912801 0.311089712084911 0.196013604806167 0.324101012643619
0.168565421751027 0.319896514649747 0.226680567243454 0.331695140436165
0.137892761534895 0.330783260660794 0.192466443730585 0.327532413865119
0.0671123141715028 0.361089334922767 0.109898241938935 0.298199171712267
-0.100260317511995 0.347493354447625 0.00834290438643883 0.255483113084536
-0.233652006377639 0.204433175890232 -0.0395800150871124 0.15254764558281
-0.253199472887018 0.0727130791686784 0.0387990353417545 0.0758926004093612
-0.338583407173313 -0.0110419920588656 0.168250096597722 0.00740547084100685
-0.351624924609935 -0.0961894943021935 0.4583824312582 0.0637279139252004
-0.170180515919722 -0.0195013692132734 0.441550377222674 0.466642935804991
-0.135479456473724 0.0630437944919202 0.429940668767406 0.114807151755585
-0.0556351730405255 0.058133685273811 0.17545371930621 0.0189317273542389
-0.0741317582623166 0.0479080078522639 -0.0114227038060825 0.0866383304499015
-0.0543083264331589 0.118973159381344 0.0115184132148921 0.313485170616404
0.00967814466567601 0.153657980002848 0.166391458922911 0.393019521823156
0.060719232139613 0.159969312196381 0.247424021430153 0.405773224252527
0.0761915690015576 0.167480937593842 0.27258265196881 0.426834085733933
0.0602896922689091 0.172225524553473 0.216208573499063 0.415336173855555
0.00608352668901899 0.169478475587601 0.100547994176415 0.361826106982618
-0.0911412276272027 0.131353857498163 -0.0187418767483759 0.280154767950178
-0.11790196882336 0.0245877854837704 -0.0651189696157213 0.130127433537861
-0.0333845881349221 -0.000239625322404394 0.0589739673493287 0.0714912802953838
-0.103802255603885 0.051037971262496 0.205494348172112 0.0538500012136423
-0.170879689626614 0.0300141310082226 0.516667607319525 0.133031746536623
-0.0264503624343948 -0.0993162214389858 -0.551308531992479 -0.127059725639274
-0.0977976253774507 -0.107510794299768 -0.28552568969486 -0.0036922014467286
-0.127792170371213 0.00362337865300398 -0.115058512340053 -0.00595946596775462
-0.0332273416091476 0.0777938400379003 0.0730693288010751 -0.0457873828827582
0.0173998358247623 0.0575206130881678 0.0485752877952651 -0.249767792420131
0.0308911056591239 0.0262883678928488 -0.0956185614238759 -0.355152325856993
0.021785868999278 0.000453561588686608 -0.235897096306797 -0.401065723880277
0.0271843982039255 0.00440899693545976 -0.321713925207391 -0.393429247803982
0.0312559921591045 0.00248961461132721 -0.318896965413864 -0.36661937260075
0.0689962595083878 0.0289320069618732 -0.236439188581658 -0.320432131899081
0.086917414206973 0.0883737304553199 -0.110314364237454 -0.259156293765673
0.0211331785576626 0.153824926175311 -0.0465484760326359 -0.0838507393173222
-0.15480156440574 0.125900251769868 -0.216086654450184 -0.0104914912195811
-0.17052495155923 -0.0462880884872015 -0.39374302382485 -0.0908481159601367
-0.0883735549129077 -0.0972163901143356 -0.479981025200014 -0.360820275524829
-0.192649202450773 -0.201390113636586 -0.512272842160618 -0.0850239676006607
-0.256081798244954 -0.157000075105454 -0.272893545255661 -0.0307631878275647
-0.278430780258748 0.000559858487739252 -0.157834369000863 0.00120912040430315
-0.16146371449686 0.163176658213921 0.052176783040965 -0.0139044459730193
-0.035870969762122 0.219453126345731 0.0593066897117513 -0.200472051270737
0.0657083010082291 0.201335241181444 -0.0550610525459483 -0.31945715869611
0.112973061651499 0.155909541839383 -0.194929755415852 -0.373321474328443
0.14850006214521 0.156313879381004 -0.279581725523462 -0.364976154621906
0.147466726580736 0.157350055532387 -0.2743148230179 -0.329646531789675
0.166632203250543 0.208134354962788 -0.200143011934037 -0.273473518998143
0.122171976850307 0.300736755949088 -0.0932225637004062 -0.207997635820409
-0.0297683194553512 0.356693881817682 -0.03684640575243 -0.0297268723650548
-0.31549829625304 0.298830218568892 -0.218553844662072 0.0324126388206034
-0.42923964707536 0.0189954839175005 -0.3822292891427 -0.0825188078683099
-0.334262403314816 -0.142276560267754 -0.411844806804018 -0.348042499318919
-0.346974772011294 -0.280152713426422 -0.413528453087538 0.00155013990358356
-0.413758103105757 -0.176090036700151 -0.21306966436179 -0.0311261756625351
-0.42165320499133 0.0223885373616014 -0.170857098029486 0.00113100555363792
-0.278056510916323 0.257460396828701 0.0167828594938662 0.00525027595795903
-0.0832125972703885 0.373865109623224 0.0458731800589001 -0.126041630005649
0.0951178405694292 0.360120175279157 -0.0153352777653319 -0.233782344431937
0.19035673569383 0.294306146312246 -0.132395434954834 -0.28610735670557
0.245373748792879 0.283813029836128 -0.194324616117223 -0.27792299789021
0.241335645549495 0.287895039579149 -0.183662154596705 -0.24446054159242
0.244571295208463 0.357175456870195 -0.131146484735153 -0.191036190167005
0.145805540784317 0.481301331268901 -0.0560976928546435 -0.131490675132649
-0.0773085927226341 0.517926460026078 -0.0133871974128549 0.0222004879952881
-0.430056752709969 0.428853536247201 -0.179335943914333 0.0663482165804325
-0.618959354318608 0.0828483048318863 -0.312614241763741 -0.0712814799410376
-0.521265950233856 -0.163810450793348 -0.273875171983566 -0.309676412286231
-0.468871699260491 -0.310610848996332 -0.249062179720448 0.121773607780874
-0.552608758098933 -0.141865415437628 -0.0942078244393209 -0.00461830300082999
-0.532043025159941 0.0963286806514938 -0.137868615181964 0.00478281512119651
-0.342359372981539 0.364196625986689 -0.0161180062124942 0.0222122013031554
-0.0960477144341148 0.498851278664562 0.0247739726219622 -0.0227417770173499
0.129027242692844 0.473291368853481 0.0274100342789349 -0.10430635095407
0.246458943895533 0.383764076656409 -0.0484504673413965 -0.153200913305089
0.30363772235618 0.370245880678978 -0.0808686073653856 -0.150033730759244
0.293970633096323 0.378318056840497 -0.0670031933749435 -0.123769011997406
0.284596850205438 0.466030755623979 -0.0375414051835134 -0.0793795892731409
0.140747445927774 0.595756496849719 -0.00572630457685938 -0.0325622915121768
-0.132493183570955 0.599667086995679 0.0130818090674263 0.0733118383333099
-0.494051518608016 0.474909994941668 -0.114466014238275 0.0810424942151305
-0.707735236206645 0.109912175389497 -0.19532017990018 -0.0641013233854607
-0.616920800329967 -0.168389732592088 -0.0816607275073033 -0.249155951216763
-0.528186904703823 -0.287793194996859 -0.0364293545503684 0.244162948003683
-0.61579352322614 -0.0687769643129656 0.0673771313537599 0.0273791821695394
-0.554939763368843 0.18515529123486 -0.0680892769342313 0.0111861750363702
-0.331536163606527 0.429799517391689 -0.0361961528988854 0.0513544937220735
-0.0754164987283299 0.548415245871276 0.0163088023212487 0.101427277027056
0.153097788412069 0.508127628627143 0.0820772548708677 0.0492970279420984
0.267340683173348 0.411922815225787 0.0510440308761759 0.00582143375490091
0.313399527497215 0.401932404899514 0.0451127853245839 0.00346547277931963
0.294717493400833 0.416146474472995 0.0565317440614369 0.0207467529780946
0.264483165810272 0.500797350042849 0.0563541545470629 0.0496738151993197
0.0886282912279895 0.608595418162291 0.0406642326020639 0.0798230087046891
-0.19103859745754 0.565761078300594 0.0255879205495371 0.120803783858714
-0.488626085398642 0.40538772461658 -0.0440554719826103 0.0836076792242668
-0.677453868192094 0.086505575151255 -0.0582931178749092 -0.0552843510782661
-0.604032269295038 -0.157918943823245 0.125207025446168 -0.167830355100583
-0.494355073394926 -0.209905441271626 0.186638202444186 0.338504241217367
-0.551845547365092 0.0178717590112224 0.229552244471023 0.0470748170820159
-0.454225397220482 0.22536009007204 0.017635647729206 0.0175753836929654
-0.253326224954485 0.392553647306441 -0.0348849173041064 0.0842523934897298
-0.043386159267884 0.484438988572196 0.0285656838062102 0.213172708851538
0.149074269425773 0.448872023414856 0.141340945068961 0.193425965428622
0.247503768938668 0.371324736434908 0.152020177344131 0.161641569696465
0.276551777623405 0.370573213276074 0.163961014869742 0.156696612563807
0.250126342697587 0.385341110062204 0.160492512361226 0.165728062357314
0.197142887716403 0.449654358001677 0.123038435786876 0.173408480361042
0.013281325633164 0.510912272550876 0.0614572718833282 0.179780706146386
-0.219039052729698 0.41756910565661 0.0165885531937174 0.154287591297215
-0.392250277988575 0.255702213301385 0.0117106489569921 0.0813839612177144
-0.527717911434983 0.0476444854468755 0.0617881525272544 -0.0351413379478685
-0.496330700635 -0.118368578038865 0.303758235151444 -0.0789447885706402
-0.364152758574084 -0.103655551190477 0.373417910806204 0.389632729635924
-0.367945337577454 0.0714805320799018 0.353800212991077 0.0551270648174203
-0.260177220714779 0.178708802849686 0.102026576490959 0.0161666648343459
-0.150577179121697 0.249429480867036 -0.0157582003128834 0.0999088936188266
-0.0288902260288652 0.323629307175962 0.0489539787904464 0.280022805544432
0.10452430577908 0.31634433592634 0.18908494636115 0.295656591680623
0.180523919751869 0.275370419447029 0.236904714980293 0.286736457661672
0.199850726100752 0.281103797836306 0.257027258517521 0.283053058249057
0.172167790804503 0.292496764549896 0.228973701955143 0.286006965132005
0.108126853473631 0.324502471980346 0.150330708739119 0.270237594210817
-0.0478102144791899 0.334706982289679 0.0501592263996196 0.244212103514032
-0.191123531737861 0.217624288331835 -0.0138559126154847 0.159126687358837
-0.225191460458191 0.0981932304096137 0.0446776939183082 0.0722662115743805
-0.310682831938513 0.0294855128445877 0.144391779455714 -0.00525249000361137
-0.332525112524831 -0.0486675313469579 0.43153795887558 0.00283242791280619
-0.162135766189342 0.00610422238955794 0.489547266985243 0.390392776034211
-0.116265857703489 0.0747779191845072 0.425215938008051 0.053568453033742
-0.0443086384359492 0.059501866341821 0.172929904902513 -0.0066776440500184
-0.06595352556473 0.053145005581355 0.00411284052771857 0.0827360181861192
-0.0393022296571026 0.119634280651845 0.0591576624419775 0.292395358439379
0.0284985881357753 0.144242497077864 0.209917683235717 0.347462933583908
0.0794041962037404 0.144314266725069 0.291485047204124 0.360234218336087
0.0932253104902366 0.148416514955915 0.313534162615855 0.366679426555535
0.0799299416907499 0.152210008603985 0.258926367594362 0.366460277191909
0.0263956305708118 0.153800955204305 0.145774664184852 0.328981656143337
-0.0673333685126969 0.133147179230461 0.0203651551874494 0.268352670358462
-0.105396929170404 0.0373514058028399 -0.0444210504453204 0.136259657176711
-0.030451756728715 0.00115075818387152 0.0664363750853321 0.0591401747833432
-0.086489608192105 0.0571535588121495 0.195580157763815 0.0296173684075232
-0.148961753775089 0.0444562363223591 0.498024392343846 0.0656768085749523
-0.0254625958259994 -0.0960140852786818 -0.523129726932268 -0.125591539932891
-0.0943319535551354 -0.102706655638882 -0.270841893092312 -0.00772878527547482
-0.122145001878233 0.00516534445476897 -0.110526106309515 -0.00542631314625478
-0.0315525433386206 0.0746444934863563 0.0686774935852962 -0.0441095592454035
0.0170772217519814 0.0537161535596371 0.0438706997793915 -0.236166326818944
0.029209737324342 0.0238675644925822 -0.089679488266891 -0.337884515865287
0.0190432898196527 0.000714806696217749 -0.224452942581065 -0.384726021470577
0.0255278808730995 0.0045347072030395 -0.308568060961347 -0.377501412445755
0.0293933215778948 0.00413113034340374 -0.303210511803553 -0.350470184021452
0.0658849318464051 0.0280607877081259 -0.223154361598816 -0.307564427314498
0.0844602889286527 0.0831005929271166 -0.104109654317225 -0.245783887804729
0.020890187244019 0.146508761945247 -0.0442257620574137 -0.0811880427818721
-0.147816667311641 0.121700487439901 -0.207522896435102 -0.0092149547074203
-0.164152833014367 -0.0447228352439502 -0.372598091583899 -0.087344453845722
-0.084197758461927 -0.0943144657845131 -0.452049271608868 -0.350050115888914
-0.182998707521091 -0.193924891285678 -0.485844455824827 -0.0885868983865192
-0.244006498850193 -0.150596749198523 -0.25898900241162 -0.0351844136680819
-0.264973048921413 0.00182463533350844 -0.151139378328599 0.00136191244068162
-0.153438048885865 0.155850247760198 0.0473933573512426 -0.0137335095812005
-0.0332837150160463 0.208114744229817 0.0554687066394812 -0.188886016991541
0.0625983319175886 0.190267624005199 -0.0509965962070614 -0.304422173345169
0.106580542909165 0.149371529761131 -0.187387156340612 -0.357062502056443
0.14139326652114 0.150190563252216 -0.269032999838641 -0.348405989671323
0.141461082707187 0.152619684138468 -0.260883770762754 -0.31602154665255
0.159150821926324 0.199535167029126 -0.188861080665279 -0.262216871645055
0.118306950738635 0.286203651095927 -0.087920811191879 -0.197431779584374
-0.0267794558026914 0.339360150626329 -0.0337076913712475 -0.0293604444200843
-0.301680137416122 0.2854542514575 -0.210041409997915 0.0306593987472265
-0.410178706075454 0.0165170160785955 -0.362474965959247 -0.0812913084846578
-0.318747549337135 -0.140041717388516 -0.390206188714375 -0.33650525874777
-0.328465404380469 -0.270565913493818 -0.393145461490733 -0.00527546716037839
-0.391971704847796 -0.169860486232897 -0.201882833774843 -0.0367962127534529
-0.401523872905083 0.0214890925615364 -0.163169487631479 0.00122939003610035
-0.264456113715212 0.245051275349495 0.0134687995315345 0.00344924418476931
-0.0783988663865693 0.355707026118943 0.0437680182041188 -0.117801235925813
0.0917324914749854 0.342807639977965 -0.0139353577757047 -0.224137109597136
0.18126655028684 0.281096142940844 -0.127796621315793 -0.273530967489509
0.234974988143567 0.272428346911163 -0.187554187523848 -0.265898868124844
0.231073503776626 0.27759908361392 -0.176830666544223 -0.235945992822527
0.234165555606379 0.344356677007356 -0.123242262178407 -0.184061892435977
0.141327742474713 0.457561204867291 -0.0520609940903499 -0.124346965921061
-0.073405195406596 0.493658276866345 -0.00998756116340644 0.0209465945744598
-0.411616207573779 0.408531096351836 -0.172550807024877 0.0613851854301275
-0.589570832586476 0.0770563260630734 -0.296120825377766 -0.0711228757584271
-0.49787681842515 -0.163647588833287 -0.258616554837828 -0.300792922284902
-0.445339720993852 -0.299945845851345 -0.238903694165579 0.110304844125886
-0.52322369564246 -0.137909275534228 -0.0897880695378389 -0.0121224265457147
-0.504912845988981 0.0910988023663448 -0.130907180851404 0.00397110828561298
-0.327452801264192 0.346136481368849 -0.0185974535154782 0.0197519270014869
-0.0913912783002679 0.475247670203353 0.0240361806875023 -0.0198296008560407
0.123210529412063 0.449939122803431 0.0269122253109388 -0.101692554503802
0.235638611264499 0.367602859038288 -0.0483860407882059 -0.14665146808717
0.290212566192619 0.355656706177601 -0.07919241178413 -0.142810929749642
0.28141109993749 0.365632805392723 -0.0646619110325996 -0.1191297391852
0.271200568874005 0.44561721929075 -0.0340691492098135 -0.077804310216038
0.135337096588033 0.56828005289866 -0.00347596565108994 -0.0290306265142524
-0.125042872120762 0.573216865862409 0.0151298376570309 0.0696121983829318
-0.472419826743726 0.450390270458093 -0.110291349014002 0.0759054295064869
-0.675116855339494 0.102388883886408 -0.185324388378193 -0.0638233338535344
-0.586929031632585 -0.16782734866572 -0.0773808953361164 -0.23919114738921
-0.502077818099549 -0.276611919620715 -0.0368285518969277 0.229327185443746
-0.584525479399276 -0.0662234680105629 0.0638445446243893 0.019799116750888
-0.528836714891136 0.175906900589766 -0.0635445034960252 0.01050303933137
-0.317817575524172 0.408880047312011 -0.0375131540609537 0.0471732091090876
-0.0712560980678852 0.522414142067177 0.0174483572806863 0.0976645579105722
0.14700176457085 0.483387473095741 0.0785166373597041 0.0450637357166699
0.256594379226564 0.39472873274059 0.0463490983748707 0.00578330192528507
0.300119435383909 0.386596199972575 0.0418675813762191 0.0041851633530649
0.282948126395743 0.399959188847214 0.0528171481511201 0.0191873807060475
0.25273709320736 0.477508581413139 0.0550876916936758 0.045796968265771
0.0866464395426507 0.582313214110582 0.041232843318405 0.0777889278944451
-0.181742558207578 0.540001870625791 0.0278179290226791 0.115700200061188
-0.466221973226445 0.384546411315593 -0.0425824056043891 0.0770583367007518
-0.644067269127124 0.0805209720078865 -0.0547897607629445 -0.0540515216999063
-0.574164847493507 -0.158239041907931 0.118968226463206 -0.159664310229187
-0.469440546843786 -0.202586276475212 0.174511695419365 0.322289311909214
-0.524324796439862 0.0148827599291118 0.219080303958435 0.0420698818580841
-0.432533677415413 0.213191837334831 0.0185174064493174 0.016773533984654
-0.243176700928125 0.373504735571463 -0.0366505130267622 0.0791645422057747
-0.0422474344493694 0.460480089660968 0.0292110481077628 0.204562992702242
0.142179414974627 0.427292315081358 0.134170857404768 0.182735384750273
0.23662872594662 0.355618655842403 0.142870544305014 0.155808738334684
0.264924884250244 0.353873700541218 0.156385620761002 0.150510152540871
0.239837523313847 0.370106943883575 0.15176608739769 0.157429627250814
0.188528256226502 0.428424955211096 0.118305751644339 0.163989349260747
0.0153912024974304 0.488189263751181 0.060688389030244 0.172056693664104
-0.208395136849613 0.398793982872353 0.0191546172418261 0.147310743877667
-0.374186199582712 0.242011526494067 0.01151837997453 0.0737986966815636
-0.500607054966713 0.0426085814518997 0.058591896302666 -0.0330430088440187
-0.472758528852122 -0.118365017563764 0.288924994443955 -0.072142671483109
-0.346236459331724 -0.101544593951215 0.353585696084118 0.374868656213503
-0.348623892284203 0.0671767700719534 0.337288498451011 0.0526674434673333
-0.247462548925935 0.169327206828513 0.0992929094865928 0.0150876446960938
-0.145489429070014 0.237176826537888 -0.0166789103240968 0.0947421567414178
-0.028432952305577 0.308273600148513 0.0485961500925378 0.267217108943256
0.0994969665245181 0.302216621373773 0.178825887196277 0.281862159418953
0.17398864319305 0.264091249571776 0.224727364435926 0.274994744448367
0.191125743488506 0.269524782471187 0.245324473017236 0.273273000112581
0.165575309448539 0.280440995750876 0.217682472227597 0.274209964497899
0.10241316439064 0.309139432311895 0.143631369202991 0.256084555723564
-0.0447044390441364 0.319766883761163 0.0493712395342426 0.233075355169029
-0.182501752556844 0.207654379326764 -0.00986719796611472 0.1529389523561
-0.214165407335305 0.0902806361107622 0.0436046527635276 0.0655509226116611
-0.293679439362205 0.0263223839515158 0.136727922286228 -0.0030903136587054
-0.315033778712901 -0.050740053389342 0.407547503384563 0.00763403215981059
-0.152795598139948 0.00610928485583536 0.463550172500468 0.377835035265611
-0.108909546426469 0.070751403669355 0.404983394126646 0.0549720130831246
-0.041916200015071 0.0556298827930049 0.166533995238513 -0.00696395736215318
-0.0640513682427633 0.0500228036138919 0.00382007479150537 0.0779211723228255
-0.0378274736946069 0.114641684928833 0.0573139492044544 0.277736179793463
0.0277525789073099 0.138274321563753 0.198765501469105 0.330814694566043
0.0768800276812167 0.138447592611532 0.277156918397498 0.345169546361469
0.0894246309218903 0.143006300113113 0.300362003281094 0.350656759520086
0.0761997326442281 0.144859741060008 0.247027598349627 0.35059205013488
0.02409071512938 0.146135653225134 0.138519468442991 0.312479679129296
-0.0651712874889901 0.128146087236114 0.0217287166339999 0.25432056165601
-0.100919053750149 0.0355760140725787 -0.0403098937953701 0.130047545391936
-0.0283674898138731 -0.001536753957686 0.0647031929920166 0.0539381880627947
-0.0803712860496216 0.0545587698419944 0.184256620586596 0.0307673810988926
-0.139699387264882 0.041245723888996 0.470121563115239 0.0676512467079043
-0.0228393524257975 -0.0960277361889605 -0.509684150650424 -0.142786522545556
-0.0917923802997129 -0.103186126322152 -0.264333763816146 -0.018161274762787
-0.119981278302608 0.00288185950306557 -0.109740553697806 -0.00790429569485687
-0.0320555295536364 0.0730135450945305 0.0671900577570637 -0.0426329341352052
0.015813573608526 0.0526295023898757 0.0466952748195601 -0.227806290172997
0.0275458026410944 0.0228676819959498 -0.0790373982801552 -0.333061538073138
0.0173088529972866 0.00143485655108333 -0.209747843365856 -0.382919050806204
0.0244181839537098 0.00549311776001427 -0.295526438140092 -0.37970395343184
0.0284991320429743 0.00624497508198789 -0.287270522553041 -0.35482007571383
0.064156359585068 0.0299321620821737 -0.209696093957436 -0.308321165658116
0.0824367319262536 0.0820245159702214 -0.0959153419182139 -0.243803639593104
0.0173934498859431 0.144201497209887 -0.0408851111589897 -0.0813802174042853
-0.148206214469404 0.117640123547542 -0.204464950216522 -0.0134550671941195
-0.161519920534424 -0.0480108378250965 -0.361400144861526 -0.098051262990018
-0.0808252624684064 -0.0964971157272895 -0.432159230955155 -0.360733966324564
-0.174269600470491 -0.19673578232617 -0.474562512435131 -0.105281760460348
-0.235343665671649 -0.154356971698652 -0.252644646477819 -0.0466208875974019
-0.258372233184491 -0.00477311025275731 -0.149329659544223 -0.00201478865038241
-0.153240998339305 0.149225941549507 0.0455755409752053 -0.0128665787433715
-0.0367866126416827 0.202443529448287 0.0576312141063007 -0.181219960478104
0.0569990657750828 0.186995760501929 -0.0431283246280552 -0.300394535282656
0.10071025776624 0.14995504154673 -0.176463939666834 -0.355439630892262
0.135420269481915 0.1515496082579 -0.257334271947956 -0.350853080578472
0.135336349801096 0.156094522848653 -0.24971733956222 -0.319546813935173
0.151299114117665 0.201012512558419 -0.177090465828753 -0.264257439935174
0.11132393709547 0.282105716045988 -0.0805410340061622 -0.194501915237285
-0.0346757452805307 0.331913720587849 -0.0311242781966574 -0.0300773865182345
-0.303251406220294 0.27326424925067 -0.208500467251164 0.0242749688864556
-0.404373056968247 0.00373823511115632 -0.352313699971485 -0.0923334757882723
-0.309273245347643 -0.150990675826935 -0.371728738500312 -0.345301414823113
-0.315056810327873 -0.27574540776814 -0.386565789140068 -0.0217585090906474
-0.37935045120573 -0.177508317242951 -0.197521373010694 -0.0488095704236957
-0.392914889546421 0.0098137761965532 -0.160685491748531 -0.00262694942170873
-0.265986202310553 0.23443606815104 0.0104374799298045 0.00346916628372886
-0.0846904185408576 0.346658993945514 0.045178200432343 -0.11217271573282
0.0819348604891242 0.336588652941906 -0.00734889240799585 -0.222137425831502
0.171330876056787 0.2808192819231 -0.121261885841327 -0.272382888405926
0.225844415569289 0.274561059120604 -0.180546298292681 -0.265791101012754
0.221308801336082 0.281557870087955 -0.168637328633711 -0.237961984742421
0.221563511571361 0.345451430491529 -0.114588362531095 -0.186108930460822
0.130606961491517 0.452512113417273 -0.0466988059609432 -0.121280329041581
-0.0843087324643931 0.482546884353617 -0.00809502386481411 0.0196439096536957
-0.414862213204624 0.390579087131899 -0.172071128179392 0.0552792380523181
-0.58270784620982 0.0563630271039181 -0.288478560340264 -0.0799050466898503
-0.483374572888056 -0.180719080241038 -0.244806585414556 -0.304895095495648
-0.429035875091694 -0.307902085727735 -0.239299483929087 0.0979127902132782
-0.508047485998399 -0.150923575811645 -0.089072796708369 -0.0210980918685583
-0.497544230972698 0.0744449927926973 -0.128515685155156 0.000647509584760929
-0.330947102521848 0.332121974436734 -0.0221219898476264 0.0178665997750497
-0.10007671662309 0.464645433109193 0.0250173866376028 -0.0175021338249382
0.110130197452945 0.443986417418002 0.028880692433312 -0.101223101808817
0.223491951322471 0.368219561116463 -0.0462812883786412 -0.145505014082697
0.278842746714642 0.357932510514723 -0.0755791032360085 -0.142267711997409
0.271428469851125 0.368505196718482 -0.0621320080439095 -0.119793087466199
0.25607137789404 0.447544874235252 -0.0300941204984566 -0.0795595824767664
0.12185547746693 0.56080254824559 -0.000824022618453726 -0.0267206563624335
-0.137098188599307 0.558165215477985 0.0160759386923756 0.0682856834987235
-0.476898948869183 0.429983348542399 -0.111410644916629 0.0698424749358511
-0.664267652102217 0.0808742496894704 -0.18028915382333 -0.0689629512455924
-0.572246288503824 -0.187269981660543 -0.069032207653132 -0.238430845083665
-0.483543354434396 -0.289277923761129 -0.0461218585567325 0.22160917638432
-0.570032647983156 -0.0831531203591763 0.0607708583271108 0.0148893494887344
-0.524309997919862 0.157841228893098 -0.0611488290102682 0.00783680859675446
-0.32416028086136 0.393163013073766 -0.042103341941467 0.0439894419800359
-0.0815177692185037 0.511920011194576 0.0156895665316524 0.0967569911636995
0.133161447891094 0.477278641305332 0.075133697832175 0.043555542358252
0.244364094801709 0.394619447406097 0.0428454895939959 0.00760718530204001
0.288306677397629 0.389907034658255 0.0408472776496853 0.00592744651968973
0.271658245964639 0.403756653771685 0.050148180337331 0.020375671724012
0.236471480293886 0.477679110208453 0.0542427674411571 0.0445530509560117
0.0732296727294949 0.573319354823445 0.0405438410467957 0.0792591475299027
-0.190322522030105 0.525396632973372 0.0278393546995481 0.114415217163803
-0.467580734897576 0.363020686450569 -0.0445498556951996 0.0720520464709313
-0.633274284265078 0.0596930295656429 -0.0521249207501636 -0.0547995603319025
-0.558968216962461 -0.175853555168782 0.121052663851291 -0.152253003898992
-0.453932352426583 -0.213150927636486 0.160540689679038 0.321029414866484
-0.511974581155653 -0.00201216149226015 0.212065326714468 0.0430198999430177
-0.42981069920717 0.197398765024677 0.0193458748849905 0.0161847568009224
-0.249675836553497 0.360640646547291 -0.0408897835793181 0.0764470098448052
-0.0519936429994977 0.452167732352965 0.025503067394967 0.201232213372257
0.129867320097993 0.423442123988525 0.126456352777902 0.181443320748012
0.225348310095704 0.355547391126312 0.134358205268768 0.158209464146133
0.253329473305639 0.35703422742167 0.149892806435956 0.153654885466237
0.227380617132521 0.371166678289586 0.144849986944138 0.15945261695986
0.174798605815374 0.424949154562182 0.113124912394112 0.162426138461528
0.00631577056764206 0.479186312330072 0.0573255513949167 0.171714260543885
-0.214208820677915 0.386663311607358 0.0184293498763985 0.145848795063325
-0.373189722606948 0.223365351195311 0.00878764097498805 0.0704923458945906
-0.491122366173848 0.0268061129179059 0.0581374126754343 -0.0304472955791461
-0.459286213381641 -0.134568622270679 0.284258868490539 -0.0604665302269671
-0.33542853876699 -0.108554553100728 0.335060497892273 0.38037767465221
-0.340574959402188 0.054762326457994 0.328927141126151 0.0595472254577266
-0.245958277624553 0.158467066366309 0.099091372996703 0.0167068432369891
-0.150088971910811 0.229109454265043 -0.0214038338859003 0.0914902593863161
-0.0351560113132561 0.302161811924164 0.0425181666340438 0.262307751242064
0.091196528982737 0.298236964679231 0.168103655804372 0.281324000448224
0.165854372084268 0.264600859049759 0.212083418513567 0.27820072932194
0.18257881774309 0.270903657426446 0.23562789930798 0.275087870325289
0.156302442478173 0.280620427609753 0.20696835761194 0.275878882832206
0.09232466053406 0.305278945017151 0.13418681870673 0.25402749486139
-0.0506334555375124 0.313459907400916 0.0444803932451342 0.229749991045645
-0.184198169742028 0.199137144330021 -0.010874385313974 0.150293707644936
-0.211811975700115 0.0799334742089006 0.0412811582594051 0.062512835186549
-0.285909928984239 0.017683398960567 0.133358522042802 0.00161656385016482
-0.306465183370166 -0.0610626496968897 0.398121558348993 0.0231895998150114
-0.148226286106744 0.00199023851260267 0.446167016325978 0.388548109278232
-0.106418802387909 0.0666710751555765 0.3963606397719 0.0649278019883611
-0.0416893775753153 0.0518917536094154 0.165152226903816 -0.00315343629523052
-0.0655187373765304 0.0471625649531758 0.000823294475908543 0.0762664305081695
-0.0397342741472914 0.112489276977432 0.0492742605153251 0.27216323230889
0.0236089038719661 0.137072707003251 0.185932330523742 0.331041296022415
0.0735290363201331 0.138725006491707 0.261210776573043 0.347606479825998
0.0857851807752825 0.142910302544994 0.287222860363891 0.354691777876159
0.0715336232587755 0.144843167485786 0.233984378898508 0.351547353748832
0.0185865677847274 0.143513040341614 0.127861288735209 0.308933197637819
-0.0671395783214763 0.125280696862857 0.016513448095319 0.248906213373811
-0.100179847697018 0.0323051427476895 -0.0401352282180816 0.127927483749117
-0.0272535805858313 -0.00434573000042825 0.0631203626275834 0.0515257744524265
-0.0778612055042312 0.0508479594924368 0.1788263827781 0.0366752550594492
-0.136441421278579 0.0364422753694202 0.457102826358378 0.0850676207253044
-0.0212271688645535 -0.0991148817372294 -0.514906346702898 -0.165463867759834
-0.0921298184063068 -0.1067783867379 -0.26780396455379 -0.0288780315847002
-0.122799212242698 0.00182351669781748 -0.113133942313115 -0.0100266414297734
-0.0333062838340292 0.0744868067728784 0.0693511046818664 -0.0427822954836358
0.0148069039398647 0.0539677689272723 0.0511758995889095 -0.228836166571553
0.0275637877757035 0.0227064899951503 -0.0730998829457031 -0.34099644684262
0.0169588146422646 0.00257585180078343 -0.20488822299686 -0.397380490562275
0.0240722811791515 0.00638348972589861 -0.293379778400226 -0.396779565172013
0.0285173446135033 0.0085410408778032 -0.286309551316873 -0.372871926951875
0.0661256984088494 0.0331761057941278 -0.20392391945308 -0.321257405912903
0.083408167173028 0.0841291303086098 -0.0914521038606762 -0.250294852879677
0.0149318053463037 0.14772043439039 -0.039741600807598 -0.08480461293186
-0.154110056332024 0.117997528175152 -0.209465652150857 -0.0180596678781091
-0.165155106901861 -0.053821371952697 -0.364729204829621 -0.11262640425555
-0.0802599463639055 -0.102695691240727 -0.42860335246023 -0.387036455561544
-0.172406812833989 -0.206595085345805 -0.481970390404444 -0.12584368396846
-0.235898851581134 -0.16385523224564 -0.255926850051841 -0.0595309112946273
-0.262815657942898 -0.0111761936841852 -0.153685423069078 -0.00479409113318605
-0.159162286576393 0.148833804100474 0.0451238812982129 -0.0127338562315513
-0.0414004348024049 0.204860779005089 0.0617341017911763 -0.180701512326388
0.0538733223284555 0.19051799411612 -0.0357652193673778 -0.308987722807471
0.0984130304090661 0.15666820647012 -0.173060314893474 -0.368299351466849
0.134407055226965 0.158879104020877 -0.255661479870907 -0.3665477945274
0.134597495635421 0.165244954330649 -0.247838034038802 -0.335219989042405
0.151116438870653 0.210835674981273 -0.173296646639518 -0.276424783513564
0.108849266099275 0.289591143700821 -0.076675086617405 -0.199004547248758
-0.0427493029092219 0.337680494930867 -0.0301471063635516 -0.0320408841711623
-0.315879303245326 0.271265670177319 -0.214957091126752 0.0197993418410202
-0.415502359367788 -0.0070835778371186 -0.355542911860928 -0.107002719290931
-0.312665646449143 -0.166613299251196 -0.368977140727528 -0.369519769848608
-0.314193659612615 -0.292252562074757 -0.39612837509681 -0.037540303622897
-0.381630289716507 -0.192807819220969 -0.201489316190692 -0.0614221808456316
-0.399923591260117 -0.000393606951064085 -0.16454510673333 -0.0064470330518997
-0.276391491932719 0.231790984966256 0.00789262246857609 0.00240664671235231
-0.0940254611634426 0.35044439691489 0.048193369146932 -0.110898781876722
0.0761706480420566 0.344820939042506 -0.00251664914330908 -0.228116015475319
0.168348807315734 0.29167912194339 -0.119197273175382 -0.281600345852204
0.224282344531575 0.287688581401235 -0.179812080154406 -0.277260779316441
0.220964659710323 0.296386714254485 -0.167362044860363 -0.24942503207139
0.220757939530018 0.362287434748864 -0.111221719777502 -0.195174621639135
0.124056191510694 0.463036480248185 -0.0427384881754619 -0.122488926977103
-0.0969706568408167 0.489396209103179 -0.0070978692486323 0.0192307140554851
-0.432966396643429 0.388349940571156 -0.17920369330643 0.0512683989568959
-0.60020669392188 0.0426129415347572 -0.291622126554454 -0.0923089513195449
-0.490644482728512 -0.202431316481687 -0.242424551996603 -0.321210344293265
-0.428843142300185 -0.327552978426448 -0.249957378396879 0.0894201359031703
-0.512688824223932 -0.168411066929219 -0.0920870089084929 -0.0306800533683413
-0.508491199792703 0.0628230476031885 -0.131321481440096 -0.00331027286404864
-0.34568924527313 0.328612652368227 -0.0263898985252995 0.0166137774426494
-0.112981040138237 0.470690652130254 0.0258944417268704 -0.0155140722506466
0.103501163295464 0.454820950590271 0.0312070037200434 -0.104399795530103
0.220384036490133 0.381337003282086 -0.0469594151834758 -0.149528267165352
0.277186033390014 0.374774442870659 -0.0758502927530688 -0.1470844645711
0.267914900344798 0.387136921532239 -0.0617378595275177 -0.12480794371439
0.251796663197686 0.465180681697018 -0.0275665013608159 -0.0840868788491966
0.114238355636036 0.574810610883182 0.00181108882202789 -0.0252601127007722
-0.153164419183812 0.565994849411524 0.0176855380710762 0.0694960357726302
-0.49556046068152 0.424936583620614 -0.117371413272677 0.0671323158737976
-0.68210572777928 0.0640199804358077 -0.181316059538517 -0.0775857887012947
-0.579830950846174 -0.21307379116415 -0.0656414834305108 -0.247376939923856
-0.486183748207308 -0.308608201533605 -0.0556874427025301 0.223212237039623
-0.576641032770362 -0.102257994258402 0.0597317396398706 0.0102371982696105
-0.536813883729272 0.145751531884103 -0.0625249585464572 0.00600576274986728
-0.34093609540927 0.393562082778902 -0.0471695060229815 0.0430483937521521
-0.0959024115853051 0.520936086009372 0.0145082868799331 0.100159160240302
0.125453569358345 0.490638579920655 0.0749357364879282 0.0449783815760764
0.241214124891016 0.410540763144528 0.0404498238086081 0.0103608662417711
0.28653694140293 0.407615088126129 0.0405160187057003 0.00788159887651016
0.267837647951863 0.421746535781444 0.0501601313992316 0.0220924656669477
0.232161899405287 0.494855151269453 0.0550052460445593 0.0451017076474784
0.0633985401053757 0.587539178378133 0.0418990932442828 0.083475736357231
-0.205950024693951 0.532554591928563 0.029018070830315 0.116902361904551
-0.486775758249667 0.355142983641175 -0.0488082612993401 0.0704721288976705
-0.649749298739927 0.0419764501073532 -0.051638983012498 -0.0574777078639232
-0.566365440465011 -0.202076049018069 0.12614008751865 -0.152074344347114
-0.455896535256855 -0.231844295527552 0.152014843324853 0.332296330550799
-0.520623574321365 -0.0164785964732319 0.214217898757865 0.0451006958116091
-0.442703024523847 0.188117162417406 0.021024406750385 0.0158383092200935
-0.265153578682178 0.360498525622754 -0.0466084000116235 0.0760884472813938
-0.063457557298182 0.460282793660134 0.022188867663345 0.205781900963795
0.122874265332263 0.435542568788002 0.12359367890699 0.187492919408748
0.222018856424342 0.370768172882654 0.130615166739545 0.16704202270804
0.253225933034352 0.37191156423453 0.149486877678732 0.161748036826629
0.226274833626762 0.388150980472052 0.144474834561701 0.167268221511332
0.168988128761938 0.440010677810572 0.112220466241112 0.167752010717466
-0.0033893926477729 0.489619656944692 0.057236910071848 0.177542225537859
-0.227049287084867 0.38819656112253 0.0184492753966197 0.149177478672613
-0.386349739239333 0.215655008461307 0.00686377543113815 0.0691908127599239
-0.501052353317419 0.0136168484284598 0.0598762244267129 -0.0291540175546998
-0.464597006686046 -0.154555896653551 0.290561542189992 -0.0521336426458783
-0.33774834450336 -0.120211722306523 0.329807536156472 0.400408338852408
-0.346796175139958 0.045814928373455 0.333356374289795 0.0679410106981657
-0.254731343233554 0.153451046568152 0.102172960198627 0.0182183713503533
-0.160592633131416 0.22918912146986 -0.0262790871704219 0.0932246545834251
-0.0432580492372223 0.307634273519034 0.0374274481391847 0.268237450492727
0.085759503166744 0.308237098236947 0.163483954502012 0.291821897652229
0.164075256093284 0.275334807133692 0.207870642940359 0.291275133119427
0.181755062308399 0.282686912802908 0.234986810724771 0.289378206650659
0.153521280388344 0.291708638303615 0.204867830504652 0.288417274354972
0.0861753443230453 0.313695653242038 0.13087344339712 0.262117489657087
-0.0582375348720611 0.318420756457425 0.0417689439743912 0.235691507787046
-0.192742968333918 0.19759040234564 -0.0119165714050071 0.153023123886368
-0.218302396508952 0.0733638703173598 0.0406753589029174 0.0626875828397525
-0.29114387144414 0.00884638932155315 0.135683384299032 0.00652056916609868
-0.308776883568313 -0.0735330091438854 0.403098138326363 0.0374515171469437
-0.149385445996763 -0.00210933456858985 0.443113645703092 0.41320899513754
-0.107742159693706 0.064805934862041 0.403532827635002 0.0781673222203899
-0.042857653893248 0.0501964232532157 0.169941920904977 -0.000503750101443907
-0.0693955916858564 0.0460613676238302 -0.00242146949177849 0.0773152724081545
-0.0434631238248291 0.114019390937845 0.0440440338683194 0.278014998006567
0.0212615172181627 0.141361349319094 0.180334688683794 0.342574354138491
0.0730533069936188 0.143979493863773 0.258233158084815 0.365024342186446
0.0855146382757546 0.148908450703218 0.28618758600606 0.369705628649635
0.0697758843265514 0.149654413831736 0.231184376174701 0.367423844614648
0.0139062704024372 0.146760780255055 0.122422640732788 0.318068648625453
-0.0712315410979213 0.127420857934494 0.0119118636087159 0.253271182541272
-0.102524939862318 0.0303077643220374 -0.0413170068569102 0.129719670852141
-0.0269848609680506 -0.00771928169700772 0.0647442778307901 0.0517586433958466
-0.0783982471155305 0.0495157882842876 0.180227177639863 0.0451169052392804
-0.138078594185854 0.0321625847141141 0.461653548818379 0.102705905140317
-0.0233407768477045 -0.105031071425177 -0.543063488165183 -0.178297607520076
-0.0985284698450897 -0.112093094230219 -0.280853743485212 -0.0332930754714805
-0.129442248328711 0.00358192890766161 -0.120166250978591 -0.00950156801059624
-0.033571635649967 0.0792158323147092 0.0715254978079836 -0.0465817713606926
0.0165776229752156 0.0570704061900697 0.0518201665082653 -0.238616188520196
0.0285314414190459 0.0226678101491282 -0.0776146649272582 -0.358524608818333
0.0168323185524528 0.00250512492865474 -0.218375431901118 -0.419860710068776
0.0248274102999423 0.00734927179155702 -0.312416329948438 -0.420972371467109
0.0303756807715585 0.0106209774332939 -0.302853583430098 -0.395229985595289
0.0711269092845118 0.0351732241230198 -0.214455940735288 -0.340331963358909
0.0895689570065261 0.087123696892313 -0.096043803590988 -0.263238760621724
0.0169464018204228 0.155812208501666 -0.0415867139568953 -0.0891475085069773
-0.162087209820005 0.126042065733203 -0.221405446768225 -0.0178252946219126
-0.176554518032513 -0.0564999657637765 -0.383638551511477 -0.12082434227838
-0.0860033902909843 -0.110205878247011 -0.451008286224944 -0.413990258753513
-0.181666105924424 -0.219234112128823 -0.509456549660728 -0.137495286381625
-0.248905314838609 -0.172632255992615 -0.270144780709381 -0.0671452043915519
-0.276079547938266 -0.0106188311396011 -0.163180669226745 -0.00449153055186454
-0.166522860236728 0.157840814354854 0.0456834914917886 -0.0148227365438052
-0.0422122741226101 0.215446623320545 0.0638991269703472 -0.187332316522959
0.0567639303547154 0.198580025287791 -0.0395215729962785 -0.324997549926355
0.104224848475665 0.165625077935997 -0.184829015346703 -0.38774855769216
0.142758676719427 0.168597657490816 -0.272533547596359 -0.387063675105722
0.143193866673331 0.176648917029359 -0.263458121471711 -0.356987197094018
0.161249998958379 0.223481934459172 -0.181468810941687 -0.294815440359544
0.116664873871193 0.304154699272559 -0.0789340645066882 -0.207902632334851
-0.0429840387806589 0.355450030261927 -0.0305396529755237 -0.0344860598278371
-0.332157155481849 0.288090536951352 -0.228438845722599 0.0214462801341666
-0.439865193132031 -0.00729199133275569 -0.375525686827984 -0.116093365987128
-0.330949951498181 -0.17998865538437 -0.388993573133249 -0.395699300004369
-0.331698015294406 -0.309128779762451 -0.420078196818491 -0.044530402936229
-0.401271104412154 -0.204554013856198 -0.213173434223363 -0.0711157994456212
-0.419962347279715 -0.000520326908288075 -0.174624070413349 -0.00638700572866902
-0.290634033435096 0.24376505694972 0.00608298244255261 0.00166345649595398
-0.0975070916894663 0.370069570126572 0.0501382118311682 -0.114574426180401
0.0820074428174245 0.361700177540986 -0.00399038541588085 -0.241598533027146
0.179038609627234 0.30852139215885 -0.129735004726019 -0.297077116449631
0.238709929639143 0.304355778806101 -0.192139850699731 -0.293317672005277
0.235165941263645 0.315573791299436 -0.179021409831139 -0.264062014964844
0.234926334679513 0.3820888150667 -0.116792328917283 -0.208184542317278
0.133561809352933 0.487798286653543 -0.0429332487631192 -0.127435535176209
-0.100128688888692 0.516449899078536 -0.00539418509854762 0.019133910669775
-0.456632844729587 0.409191966898118 -0.191640513487736 0.0545432332222817
-0.633871544711652 0.0459920272002217 -0.307345938315984 -0.100103423408817
-0.518348076155391 -0.220032940819355 -0.257241152922789 -0.344142803092882
-0.451939132998162 -0.346832270619725 -0.266424922103646 0.090677196332143
-0.54028394219978 -0.180529712389936 -0.0996455434761446 -0.0395229052582114
-0.53462100450754 0.0636987881019255 -0.13922392540444 -0.00384631135669177
-0.365042652547768 0.347043446017544 -0.0307971723920899 0.0171083611282296
-0.117205487890202 0.496560393584337 0.0276170168874297 -0.0146874065177993
0.111038714361494 0.478595937853254 0.0316936665093441 -0.112464441123566
0.234005929697256 0.40313343053928 -0.0535130478033279 -0.15661544915953
0.29533403838236 0.396758550872655 -0.0820466312268605 -0.15539988801202
0.28685506310821 0.409824180892841 -0.0664451429326951 -0.132926769276657
0.269061296980918 0.49274785562937 -0.0287613134717254 -0.090136725240498
0.123852959527789 0.605099215869743 0.00509288701081082 -0.0245596501339298
-0.159078626738339 0.598984918328995 0.021406660426207 0.0726264634251513
-0.523273256912974 0.446809830702173 -0.125900933503396 0.0697348725825514
-0.722197284865141 0.0673506306959276 -0.191156777090128 -0.0836605137066945
-0.61382893679272 -0.233256586624731 -0.0705571419297309 -0.262350167857928
-0.511471897692589 -0.328703178480535 -0.062134804049928 0.233800644552091
-0.606965150379457 -0.110921458517324 0.0596936768071607 0.00451738315145476
-0.564359745189604 0.15032608337859 -0.0656151034617985 0.00484026862905049
-0.359762067331576 0.41454238237885 -0.0533133832382042 0.0448363212871788
-0.0992643907347772 0.548906086193673 0.0160512935628599 0.106214410327468
0.135459785081896 0.516684190403222 0.0783468772549424 0.0456705603111698
0.255886411794482 0.433088787206149 0.039625787646172 0.0126115668337573
0.306151751623094 0.430007272352009 0.0416246817659697 0.00942369576869443
0.287102635881568 0.44706754015464 0.0531692198619491 0.0232967156663271
0.246957170248442 0.524258607062717 0.0594259233585386 0.0465704495793838
0.0708245152692103 0.618573994229105 0.048190350614491 0.0899516934931773
-0.216344077719138 0.56001072008593 0.0338444868790634 0.122522414991407
-0.514599610223312 0.372562052253061 -0.0528512524805026 0.07239542464804
-0.686722540237107 0.0442057173748221 -0.054800211780851 -0.0620960855168981
-0.598492446432005 -0.217405465940564 0.131700139249673 -0.161102661972273
-0.481054112121492 -0.246731291543363 0.157662973295106 0.352195225053532
-0.547357885454674 -0.0197816343780292 0.22261667612433 0.0427837474881779
-0.464796755092218 0.196429791141198 0.0224088804354733 0.0145275048691802
-0.280544875588785 0.380599227200779 -0.0523775140855796 0.0806377882539392
-0.065438323761272 0.486116199077511 0.0240975388233762 0.21675687837767
0.132594419751897 0.460768563581909 0.13015357098806 0.196238563531306
0.238994362156748 0.392163081096505 0.136191661535832 0.178882629105511
0.271391409409301 0.394568274111881 0.159324835180369 0.171752369313878
0.241542175325837 0.410259893214356 0.15334735368689 0.178024988367917
0.178233946413855 0.464861573472623 0.119538483603553 0.17548344466469
-0.000639895961416263 0.516057908274299 0.0634105195624724 0.188814658495048
-0.239396094649152 0.407756584361175 0.0225981432895201 0.157149540340037
-0.407673426931885 0.22359679461225 0.00576374920939056 0.0704055273040915
-0.529537096004731 0.0153629123908088 0.063211374676457 -0.0303445646323879
-0.488755260184137 -0.168772069258921 0.304766787848722 -0.0529454220845247
-0.355661923461534 -0.129490007405086 0.347383477466306 0.426809526919371
-0.363855537089038 0.0481438360335715 0.349245627430167 0.0698244179480097
-0.267446879491603 0.159569488511952 0.108909963677922 0.0177735197341067
-0.170402604862714 0.241431063888419 -0.0299446006628212 0.0978305825571321
-0.0450081294815004 0.325251453767355 0.0410001136752588 0.281968330983872
0.0921898401553645 0.325700413899779 0.172674245419729 0.306642623505251
0.175440903338067 0.291275487289178 0.218748946372948 0.310986074428902
0.19475192821072 0.299480568911072 0.249685713990601 0.305590209862784
0.164862213693132 0.308949200741368 0.218965320161295 0.305607381585224
0.090918179000401 0.331920097061263 0.139067075021835 0.276069031689593
-0.0592317197877702 0.337188585765722 0.0473521914370162 0.248673570766422
-0.202556883933202 0.207961040605585 -0.00966336497780264 0.161662674760076
-0.229471352808612 0.0738717189859245 0.0430135519226497 0.0626103485397416
-0.30590831851934 0.00865667853932811 0.142483100983734 0.00868555222541516
-0.323703565316365 -0.0806287723197843 0.424066738662786 0.0427493236348931
-0.156102031006197 -0.00265532395212358 0.467969362815528 0.442942134273648
-0.111084454333376 0.0670220892366979 0.424967223216186 0.0833874562163073
-0.0446124928621683 0.0511661913004487 0.180914563055072 -0.00243162417644059
-0.0751015773584663 0.0485143316532707 -0.00333644670608041 0.0811581783901271
-0.0460780882904162 0.120694634205291 0.0461612260556922 0.292408873178178
0.0233729110746889 0.150652209719756 0.190812562475872 0.362500734954586
0.0785534519342072 0.152351908861141 0.272309576581282 0.388178676670653
0.0919092488047336 0.157208795020505 0.305391104519326 0.392145990149988
0.0740134528574981 0.158055420629518 0.245849320546816 0.389892191757533
0.013716732303209 0.155201560090833 0.12910552554932 0.334589223399944
-0.0743181252058725 0.135523220021573 0.0145565029159858 0.265818997539218
-0.109010392740587 0.0313301514213678 -0.0413748978759978 0.136877784000751
-0.0280046143037258 -0.0104280976343227 0.0682299334399346 0.0518926864670227
-0.0806857970341545 0.0515106359067822 0.189511824831145 0.0486960762308856
-0.143264115923811 0.0337714034229151 0.485291601487044 0.112188035012512
-0.0399279601244964 -0.112034968073782 -0.601318274461782 -0.093342713990322
-0.121751538561471 -0.104297320727455 -0.294669044170406 0.0116622261928538
-0.134793109820204 0.0249147333726122 -0.122720555666655 0.00790643921940149
-0.0218384657521799 0.089240684720039 0.0649725499487963 -0.0675354458951477
0.0304504471280156 0.0580536364721658 0.00856460923522829 -0.258979675150095
0.0347924265451317 0.0203678465217629 -0.146927510855905 -0.365888221046956
0.0185406164331038 0.000670100754855928 -0.311400184260759 -0.409407179369523
0.030092190134731 0.00255951973969916 -0.398802156689152 -0.387697130201092
0.0363248108141774 0.00527750683406066 -0.389200079871093 -0.369184622043629
0.0841755952032892 0.0239534590456501 -0.281220967338433 -0.324343610686085
0.111328374203349 0.0739678393620114 -0.143701415514674 -0.263829277392758
0.0435857328463158 0.160195294616826 -0.0571108495319095 -0.0904846096917549
-0.14561168855647 0.160089466306679 -0.233340584052413 0.0213200839772472
-0.190370966195396 -0.0288122040071708 -0.422500362588029 -0.061590568323863
-0.106644406847436 -0.0973133297583219 -0.539915659507008 -0.372881235520394
-0.229969956604052 -0.205251957907475 -0.540408273410062 -0.0586271366972613
-0.289040767189887 -0.146683754679616 -0.283375131882586 -0.0292951995005
-0.291217235666241 0.0317496763704541 -0.158606226226978 0.0174337829241061
-0.149492318624615 0.190821412735141 0.0488819605881393 -0.0332092209968977
-0.00717154309408267 0.232633380337174 0.0318329680677146 -0.217090884950509
0.0932309371316798 0.200152806503334 -0.103022044137282 -0.345039705973045
0.13634363039971 0.158634044693644 -0.271527236772178 -0.386974810049683
0.179554901519419 0.15365896275847 -0.354094761903241 -0.360902076331725
0.183144778562831 0.160307996008707 -0.339808148259371 -0.336339333875076
0.208060658131822 0.20612256681658 -0.237036893087746 -0.283451014683505
0.174470701528286 0.293809090129283 -0.114220976319036 -0.210941261492153
0.0105523626174146 0.376772360782211 -0.0326777246718039 -0.0370796409613413
-0.295527421062781 0.356252138787551 -0.230366465250712 0.0635786141860173
-0.455022849477809 0.0629047543083312 -0.411346234627141 -0.0515404022033191
-0.37221092966155 -0.132214672100825 -0.476825534717593 -0.363737779715541
-0.40749334878018 -0.273921062108153 -0.415899047670518 0.0227613690251799
-0.454232384975176 -0.156760550990025 -0.218813722024069 -0.0463617020009261
-0.44022522860773 0.0646423117247688 -0.16372268750485 0.0115410385526855
-0.267566024622288 0.299699635943706 0.0160568231515444 -0.0135277759462835
-0.0419502800744129 0.400192389992265 0.0336714214812883 -0.146437948827023
0.144292798084602 0.366382822755037 -0.054059361927286 -0.272096342093304
0.236785734287005 0.297366813597112 -0.196126102015052 -0.302660101018136
0.303049403735143 0.280835544917156 -0.254037230172412 -0.275600977391435
0.302935188047272 0.290103289409709 -0.235545114692982 -0.252598180432635
0.309674345330394 0.360776026928456 -0.153502925784008 -0.204555325907381
0.222549226072406 0.48233018293431 -0.0617871210591765 -0.134786044751174
-0.024686054831753 0.551796635214462 0.00633998769738766 0.0134655776642908
-0.403822296564264 0.500868998439194 -0.182250367032676 0.0923512551299014
-0.648308139347618 0.148561730174915 -0.338006880548129 -0.0418457926359871
-0.572609219792305 -0.145427408637052 -0.329434258146273 -0.327000509542292
-0.545388719256212 -0.292763785432122 -0.218005577030495 0.13493693506131
-0.598395368312511 -0.109529078829145 -0.0901902102234381 -0.0369957939950615
-0.552550454410298 0.151457947124104 -0.121343168527812 6.43133051766986E-05
-0.331198062446402 0.418557872909561 -0.0166070729128111 0.00442801752557738
-0.0463669544449469 0.53581271839308 0.0285939125525644 -0.044866696309658
0.193279551228024 0.485014806831445 0.00456595743958351 -0.147106697821789
0.311056704336146 0.388887164890357 -0.0887478046423436 -0.169547612919352
0.37835957256715 0.368704211945281 -0.115431820397264 -0.150237330457569
0.373241391013281 0.381382440563498 -0.0937070559459413 -0.131601297859272
0.364683042380014 0.469641139391106 -0.0402423694728736 -0.0962733144101204
0.231155336314046 0.607160072498075 0.00703084690859971 -0.03543738529186
-0.0740457440824233 0.645166685284553 0.0458690531179815 0.0642990137422921
-0.467031050003897 0.550735623887787 -0.109607308705845 0.0974583432723696
-0.738340281962388 0.184772864958729 -0.212289415664015 -0.0406227880600292
-0.672762695958125 -0.144854426048002 -0.121717884793241 -0.268298739025446
-0.607993826217653 -0.260483650533352 0.0271672574399553 0.247680271276265
-0.660616063163815 -0.024669756418062 0.086042616301474 -0.0214198997023848
-0.571888929690443 0.247816231397968 -0.042644062437814 -0.010218452732306
-0.317295608049342 0.488347546692323 -0.0350127432010387 0.0356646746054794
-0.0214211549299931 0.588884461742117 0.0379038611380972 0.0804595646949539
0.224223421472606 0.522388281059821 0.0790203254512137 0.00932771209173008
0.337273289493656 0.41687374070185 0.0423735043467046 -0.0070681371986353
0.393807064529877 0.403553902100868 0.0419215801667853 0.00145735389217332
0.377299987277698 0.419923687607405 0.0603845619842776 0.0137687815344906
0.343584276987735 0.505746945331895 0.0753782467696448 0.0335488179172099
0.17773590968655 0.629082230110909 0.0716374052368802 0.0782313837342278
-0.140385703634559 0.614900260050938 0.068504143336529 0.116405872822906
-0.470113626548885 0.471733997377701 -0.0343252492505226 0.088614980127082
-0.703517534651343 0.156163221570393 -0.0655329660333174 -0.0405049317997027
-0.655418428551737 -0.134940796018431 0.108553837498353 -0.190292457037561
-0.562615800910169 -0.179387162016929 0.275174711647433 0.333004799510282
-0.583544040945755 0.0629541903461168 0.261109659414795 -0.00880207438442963
-0.458963732063539 0.280191752293152 0.0455330174243825 -0.015040487268497
-0.240131513920437 0.441139283539093 -0.0304189793112353 0.0744795125000723
0.00207101658934945 0.517209400279004 0.0651544444564321 0.197138686941512
0.210773632877789 0.462170245072362 0.161135486528547 0.163084550372331
0.310779005533049 0.377978534343131 0.176946338151673 0.153967126798346
0.349040793129441 0.371460888572665 0.192586837843702 0.152308419179977
0.322023830695467 0.38990721828918 0.193527487476854 0.160484876135282
0.260922674314594 0.454783533626923 0.159308976517088 0.160374573082801
0.0842782144623668 0.533379859124528 0.104733609629645 0.181464063131322
-0.187067153321721 0.458802834353112 0.0605991701247195 0.156917353809825
-0.38574167889569 0.298460530639369 0.0244600822672068 0.0755648894626094
-0.544149419978605 0.0980384793539157 0.0624955241930728 -0.029578872776377
-0.534047161280557 -0.098198718091289 0.309529153393447 -0.102210945529898
-0.407343721356459 -0.0745227130194577 0.474050798775077 0.379877509351539
-0.379681943968496 0.10829220086206 0.392616395720296 0.00130085235525571
-0.257349237389528 0.210425363671968 0.12870359079694 -0.018776710503593
-0.145950234810716 0.278217816802211 -0.00756082377054415 0.0957027614419204
-0.00183147841848148 0.347226807371108 0.0934655316094646 0.27021817511114
0.147576762585934 0.327596052609053 0.228152931549894 0.278633968295587
0.229692719728541 0.280398170112687 0.290444575963922 0.283328428984531
0.253000130506477 0.284038519416432 0.311699476286723 0.278816924609505
0.222741363666297 0.296248701046869 0.284110542849978 0.285126075406472
0.145584263836334 0.331072592386074 0.195671566482933 0.263819692939501
-0.0066873759861583 0.357963300560935 0.0951484100352709 0.249296352256871
-0.180350831745327 0.246067460923961 0.0246767467028785 0.170480855591583
-0.226326818787698 0.112184952756588 0.0578973811476117 0.059190692630977
-0.31516553183095 0.0562059468411279 0.151201602531542 -0.00588611786727298
-0.348229414725024 -0.0354729334397183 0.451599057937483 -0.0179933196286883
-0.172234757485535 0.0255817281668816 0.588508998530429 0.381493550622024
-0.109174244047934 0.0903683385825362 0.465835854888706 0.0104105273023716
-0.0401489515974489 0.0601134025892084 0.19255047507082 -0.0395833177822163
-0.0741275712121678 0.0622243917327182 0.0137446389422537 0.0820870464628043
-0.0341340198377588 0.133471378114867 0.102709302327255 0.290566377941255
0.0469506760389887 0.154271011054449 0.261927204970224 0.343632384555927
0.106259124238659 0.148624851885238 0.363402737173335 0.360919468295431
0.120212838422886 0.151855552176233 0.383684193253282 0.361295835528635
0.101241891136075 0.154253926011814 0.32777100499706 0.370936618325945
0.0351751490173111 0.160271910256345 0.19377045415784 0.328933148497219
-0.0571026278548442 0.153057381134812 0.062077033626337 0.274585427685102
-0.109091332302027 0.0478848392928754 -0.0171169095574894 0.151903958332836
-0.0310570582277126 -0.00920065027953303 0.0799394708742695 0.0411742520689598
-0.0746317377977175 0.0651217179700142 0.208084620219668 0.0247363356945222
-0.142615805614637 0.0548114024204807 0.527762786289942 0.0479018121604623
-0.0517463261089066 -0.11019297197917 -0.624613899577247 -0.0435908248352874
-0.1343325193983 -0.0935351519361004 -0.299328152744792 0.0332731508608523
-0.135028580434586 0.0392312023355536 -0.125268839891804 0.0203800486173643
-0.0125041702514396 0.0934888728584813 0.0570189012125167 -0.0753748051983972
0.0380592771470785 0.0559836801966267 -0.0165723254869401 -0.261897765466456
0.0357333970501638 0.01651190613931 -0.185154217374755 -0.358006130556602
0.0178154724463455 -0.000419553037723754 -0.359093933682973 -0.388806819013615
0.0303154729154034 0.000929091694329552 -0.44725351008735 -0.361668862014084
0.0386825763026862 0.0036208227105232 -0.432439571565214 -0.341668376698226
0.0894778437503805 0.015342463098206 -0.316646448617737 -0.306762616476171
0.121290278708582 0.0626494030541564 -0.170438268202744 -0.256496024307129
0.0606964571914036 0.159097728621079 -0.0664982094531306 -0.0870333406580919
-0.134092465059471 0.179112951901442 -0.236471979007537 0.045294878105599
-0.198372860913759 -0.0113249066191865 -0.435744577085101 -0.0258394958948554
-0.11925643923056 -0.0905495674198887 -0.588947019180211 -0.338019401974873
-0.253954037636697 -0.188004101504262 -0.561864935183763 -0.0149879325775687
-0.308800814414426 -0.122309959590597 -0.293850539911817 -0.0106921151379839
-0.294297707814592 0.0598778535406307 -0.160446580683969 0.0329341840446607
-0.133913115771983 0.208584714478466 0.0441825795347082 -0.0388568924898189
0.016680416976166 0.237232166374141 0.0123671522273095 -0.221339032024143
0.113066994087776 0.194320882011192 -0.138531727212815 -0.342455775539544
0.153894124147629 0.149721069925442 -0.316390312086055 -0.369234723283147
0.199150077449201 0.141091274413268 -0.398250307981926 -0.336069430783641
0.204359926188552 0.148352403541506 -0.381159460055598 -0.313843579476756
0.233792987649198 0.191097193839108 -0.26910883538881 -0.269680550851706
0.206767243245859 0.282147404204711 -0.133962134011571 -0.204840615613511
0.0472902349982425 0.382802645542591 -0.0359872645920735 -0.0358531462264092
-0.268518706336873 0.391703489944041 -0.231540050110232 0.0883987084854646
-0.460852551877139 0.108748222961857 -0.425971846297964 -0.0171212842276356
-0.395164002119348 -0.104209414097303 -0.523387186156974 -0.33089076542909
-0.44068979330471 -0.242371485048212 -0.427129840787677 0.0574310225285333
-0.477799812087733 -0.120045630888989 -0.23272902117564 -0.0338122352661778
-0.443996475507559 0.105114683435251 -0.166652650103706 0.0262832339634027
-0.244128398255349 0.331045336980101 0.0119565554047585 -0.0151869568889931
-0.00387303404809732 0.413109024195438 0.0213876658883597 -0.150237015545452
0.182307018246967 0.35841987977156 -0.0825910375381107 -0.272890601182749
0.27066664082659 0.281927324982787 -0.231231193735843 -0.289589025728796
0.337950544084585 0.260067456025512 -0.289181109036322 -0.258574186926963
0.339274924900256 0.269495082918743 -0.267026910589745 -0.237336688257427
0.354405562596674 0.33934728912457 -0.176179025980632 -0.198268432071042
0.274582946230281 0.470953798626333 -0.0723213341135352 -0.131828923560277
0.0254471435532836 0.565514351188875 0.00963613323378388 0.0117043878538779
-0.365448384488263 0.54999483777554 -0.180298653678962 0.111734767129901
-0.648879963301074 0.212616798386443 -0.351129623531959 -0.0132872962999464
-0.600502166267669 -0.100591792586277 -0.371696539153526 -0.306768131436971
-0.584940211297625 -0.250416843410365 -0.214972227827678 0.156633252076131
-0.619992310876132 -0.0580717099052049 -0.101530013059385 -0.0364930332465683
-0.549982951935243 0.20331716073562 -0.124647843008331 0.0102893251705255
-0.298638558216886 0.458639864066862 -0.0199765755024553 0.00534236948637964
0.00510066908946986 0.552287706592862 0.0260695910052719 -0.0477649871433034
0.245043266449147 0.475369433991064 -0.0114326736536504 -0.151457375828298
0.355694800286639 0.368024369817906 -0.108960284690881 -0.162862231453783
0.424104346196945 0.342585972792483 -0.134338152204005 -0.142410894841326
0.420126598726345 0.3556891599863 -0.109912740371836 -0.126455222251159
0.419635305658895 0.445169543952412 -0.0502145656082156 -0.0975901469687943
0.295490428846618 0.596659124356164 0.00874450896739045 -0.0363258305408391
-0.0158425807241899 0.665022190715515 0.0554529640431988 0.0595963939210772
-0.428242577163454 0.606212762589194 -0.105478401049503 0.109902398589774
-0.735795019950914 0.257804672017406 -0.221979515435552 -0.0229582317299268
-0.702537371694962 -0.0913258007536431 -0.152829134333427 -0.263763204878852
-0.645494803108384 -0.212125329590729 0.0468870359461655 0.250146665670835
-0.675178503089054 0.0339247980265437 0.0795254130510061 -0.0347889192154203
-0.560612743036657 0.302237329117649 -0.0456146621956569 -0.00817147947268494
-0.280047627263494 0.528897897675365 -0.0362136302611717 0.0389506526344968
0.0354940929919044 0.604020135050921 0.0469664080619133 0.0783120405114534
0.280253644582834 0.511231907201675 0.0802239742544299 0.00134463644092747
0.387506642035733 0.396128559046123 0.0418481456563496 -0.00848032028351707
0.443836017368248 0.375966991930771 0.0424286402635802 -0.00169673757034444
0.428165348598956 0.394607882292414 0.062696206182355 0.00760566011522308
0.403670182725428 0.485604569250445 0.0807069283952857 0.0241407181905402
0.242913627699773 0.624285192667403 0.0857268391529001 0.0734269159509862
-0.0852762322906249 0.640161280670872 0.0838132444069212 0.111295248766301
-0.437690461414349 0.52301695972407 -0.0294360727117945 0.0926821448691897
-0.702858834397053 0.226586442883534 -0.0719271594776095 -0.0362830891556523
-0.682095209171545 -0.0817099257871715 0.0901400039658228 -0.203629127769804
-0.591941663587125 -0.132541871846965 0.31090262959025 0.316432328278921
-0.588995781970209 0.116429600719556 0.260455997915856 -0.035748758934089
-0.444122186144397 0.325009524352463 0.0446669779491862 -0.0215823859990859
-0.205470317414441 0.471745979491292 -0.0274804394119053 0.0792098348652131
0.0517221870428435 0.530005417573398 0.0849604204616326 0.194820734918712
0.259249939167664 0.452226735286086 0.179261079596402 0.150524021700436
0.356184862894601 0.356063965292161 0.195484043923239 0.143873110518424
0.395719131495176 0.346804962890993 0.212910543492635 0.138257856974015
0.368546305237365 0.369177806936007 0.213744549770511 0.145006559916901
0.311402074837275 0.440828992062892 0.178779907597869 0.146787871739566
0.139380345095083 0.537162850138759 0.128085612703233 0.17452325572732
-0.147530069165842 0.486941233736151 0.0804586662904254 0.153500533361167
-0.36661640267207 0.337430456536088 0.0294842595455855 0.0729183940483096
-0.54656730761907 0.151714089274002 0.0598080810815173 -0.0358095588542273
-0.553384812313178 -0.0558685873907528 0.304412714647261 -0.131029467332567
-0.423167342802502 -0.0410248826941847 0.520635186872308 0.348761684156035
-0.377011824736134 0.14222913630232 0.397840703059628 -0.0344675081778697
-0.243127649502036 0.235831616305935 0.128957916954193 -0.0333792904141654
-0.124571703687111 0.298074397568346 -0.000605658595361076 0.0986912639172294
0.0306529474803747 0.355898104433522 0.120299026606969 0.266423762042551
0.183863056114251 0.321832707408256 0.258282012280295 0.263702547008581
0.263561308927959 0.265822233400182 0.325115355388792 0.264810260369341
0.288060225847084 0.266823761539791 0.347107301435475 0.2566921178056
0.257670796899486 0.282305331034664 0.320503457064074 0.26475631571237
0.179984379705582 0.324819062133222 0.225685082537998 0.249542399140146
0.0287972815674109 0.366239978777429 0.124542439701706 0.244662177611462
-0.161478967306477 0.26737947435918 0.0440898325589466 0.170453113265538
-0.221451309066409 0.132298028535298 0.0625450631827309 0.0529069669080227
-0.314032411643601 0.0873103722841529 0.152503329495831 -0.0190036318991891
-0.357949042177569 -0.00781872311555586 0.458661311470256 -0.0567610232701196
-0.171813704453674 0.0411402726068324 0.63874315120809 0.340788423692072
-0.100642727276086 0.100192147332011 0.476484629749471 -0.0300126027460806
-0.0354117172856671 0.0630595917435794 0.191976810896373 -0.0603502184945137
-0.0718193428603879 0.0713739991064749 0.0200341249236657 0.0819083383251361
-0.0228273394790661 0.140341798051383 0.130292895116848 0.286027855924534
0.0645520133750576 0.154009627557832 0.300075485229759 0.327195446082468
0.125016022348527 0.142001520824027 0.406627436037862 0.336864050530855
0.139573771348881 0.143773440764976 0.428907552512582 0.334366062245837
0.118327411466968 0.147514339086221 0.373552436079786 0.34701061341163
0.050631505635838 0.161881589078088 0.229004945624368 0.316674173152636
-0.0425852088886672 0.162930793271122 0.0909209754528738 0.273577606097882
-0.108162637429757 0.0593217573442904 -0.000398473093318526 0.156048624203784
-0.0332687054190997 -0.00974195929181813 0.0850150592603843 0.0323865946681316
-0.0681120769018193 0.0728060002927902 0.213829926699781 0.00812319974351695
-0.138642353802567 0.0670054861345301 0.541371031349937 0.00438282517151961
-0.0599040153771122 -0.10178448724597 -0.611602048346259 0.0059914627254716
-0.13924873628622 -0.0772759261088288 -0.288020669623984 0.05112070706804
-0.127618174036615 0.0507234995014672 -0.119977151573573 0.0315072285646023
-0.00230990732045298 0.0907273491450281 0.0457282019829808 -0.0784206115210416
0.0432441197643963 0.0500175591278196 -0.0392898774874293 -0.248934525813995
0.0346470404269642 0.0129938129081659 -0.212118890880403 -0.330419458817224
0.015865734678554 -0.00200231866372655 -0.384874132169315 -0.346901835259314
0.0291088483914895 -0.00111457873322316 -0.468945862423681 -0.312677562101474
0.0391416297060261 0.00110445350042729 -0.453612980652924 -0.296535269390477
0.0889121372220125 0.0060305651661109 -0.333991730795127 -0.272900900309642
0.1225286650092 0.0481502295536263 -0.185723402116146 -0.234728144416119
0.0734834354802059 0.147709250163265 -0.0717111412014359 -0.079117016866169
-0.112959352420815 0.186830847687995 -0.226034687779495 0.0662904151045268
-0.194653217189473 0.00696328937804154 -0.425629529756981 0.00878020923720267
-0.125290796324151 -0.0788890869360811 -0.601885103121365 -0.283622083514205
-0.262985399428221 -0.161186208706766 -0.551117187625139 0.029557246857811
-0.31064372812079 -0.0920824999884106 -0.288668521700763 0.00817356348179788
-0.279862327724159 0.0825898680819345 -0.153128651204452 0.0461926437327323
-0.109846738186453 0.213254852956097 0.036122527375624 -0.0413311066448318
0.0385125852772685 0.227799372096442 -0.00692352298954249 -0.212685499952845
0.126388591341986 0.177885047117418 -0.165804349764018 -0.320371012705527
0.162031234510708 0.131869601871208 -0.341254457739089 -0.329565433599611
0.206438720571546 0.121164726796153 -0.419584594123653 -0.291921927625859
0.214128748333786 0.127153732914274 -0.399977251915891 -0.272332899835348
0.24605682623508 0.165613714287033 -0.284245338544976 -0.24216124230372
0.225678292670575 0.253577961625559 -0.145120170265514 -0.187903059196442
0.0793377066274297 0.366043832173692 -0.0365660725353073 -0.0324322104254628
-0.226354526421059 0.404916710082528 -0.218029919016681 0.107378793953282
-0.439511797723313 0.145499729235588 -0.415367870768217 0.0157838997942454
-0.394797195088605 -0.070439765128497 -0.54065637833928 -0.282095120496501
-0.448659869175064 -0.197624146656282 -0.413666252671882 0.0894275632978012
-0.473301312925701 -0.0755472645703584 -0.234675435710278 -0.0199744182094801
-0.421324893196238 0.139330464073249 -0.160104715164751 0.0393710198233959
-0.207463523568708 0.341665367248099 0.00655917349537572 -0.0163539867910205
0.0336377653985283 0.400066763529798 0.0082864844148219 -0.145803577410848
0.209053879233932 0.330646027339483 -0.105159977032661 -0.258586034759838
0.288747471372547 0.250213113101678 -0.252177191790543 -0.259204448423928
0.352220757072633 0.224925037441034 -0.306002819287498 -0.226294305021697
0.356431113782142 0.234522272285194 -0.2823614702221 -0.208432650029757
0.37651132382975 0.299736411407808 -0.188633819113189 -0.180277135442352
0.308817716231207 0.430459899705247 -0.0775149756428484 -0.122508417750009
0.0745109441579845 0.545106828277812 0.0122807275524911 0.00880360068135627
-0.308450479074828 0.562687995888758 -0.167433734602338 0.125061655322248
-0.611492578649509 0.263034841505558 -0.342684548131395 0.0144302898978288
-0.593948459054444 -0.0504419085986711 -0.39119337587869 -0.268109815960232
-0.587802364285809 -0.193377664626846 -0.199529510121311 0.168630123322208
-0.606491959369184 -0.00498505873177973 -0.108575688475498 -0.0314281973737207
-0.517791920105719 0.240092863954987 -0.121406130705673 0.0194703766747453
-0.251600517361442 0.47016564467312 -0.0231757115376511 0.00666359441531706
0.0548552077450809 0.536185940680623 0.0220273561873621 -0.0478210894973266
0.279950013126868 0.438816488883031 -0.0258423837363428 -0.147429757087992
0.379081402257692 0.326248375918522 -0.120990301026671 -0.146638382515657
0.445083647318089 0.295900178065098 -0.14470269950445 -0.126029043753528
0.443642095809146 0.310117189095378 -0.119118212473682 -0.114301755257001
0.449606902235213 0.395420806183077 -0.0576728725017648 -0.0939584292028993
0.340500112920987 0.55119429337464 0.0103438386182636 -0.0370824235162144
0.0425492794632334 0.647088570012863 0.0613819308144477 0.0507097865549863
-0.362779011904996 0.622565564741636 -0.0952131430307782 0.116480400149237
-0.692254630261993 0.314452790579868 -0.219709060760043 -0.00429200371654005
-0.692743527613461 -0.032628862115818 -0.175157423730757 -0.242099714143943
-0.642684105990436 -0.152225915897744 0.0631766214847233 0.239295722342309
-0.651409742880422 0.0883033583874857 0.0670579502922237 -0.0442136540718063
-0.519505811772348 0.337599096052256 -0.0464789210338367 -0.00518392622097878
-0.226585421926687 0.53640399830716 -0.0354664911507158 0.0413765790720673
0.0881897323694916 0.584542103113108 0.0522135278775412 0.0717360803865916
0.317506243878595 0.470822551843028 0.0774283837724024 -0.00689734882211072
0.41251821490765 0.350560527154479 0.0394194349984044 -0.00937675814213892
0.467575109090718 0.326283986562874 0.0405730428043767 -0.00465196251555038
0.45429266138335 0.345515436547046 0.0610958314768122 0.00154097386318117
0.437001554099226 0.434930827987579 0.0799723921946323 0.0134013769452261
0.29337303782579 0.582583505280518 0.0949358165977107 0.0621492101065892
-0.0284617830233171 0.628891204275565 0.0935541148714567 0.0984035372666314
-0.380363354314555 0.543464011432455 -0.0230798891676473 0.0921435060606189
-0.661561485232327 0.278427229308217 -0.0752264307189343 -0.0292956590169422
-0.671154387253604 -0.026700035920719 0.0670790620533229 -0.203549705272901
-0.584357171774896 -0.0788157023769283 0.327085402507643 0.283059856657867
-0.560424913806813 0.160433099759424 0.243817789390683 -0.0584668645993618
-0.403380935689468 0.350209896319196 0.0405200214078032 -0.0263690009538118
-0.159601398497063 0.476074727267521 -0.0230082211504035 0.0792565347854201
0.0968801001931413 0.511429467614278 0.0987144505305705 0.180645493637737
0.295072141834462 0.416218410955915 0.186901847054108 0.129853986781658
0.379566174681446 0.31483923411215 0.203466729678827 0.124946994953161
0.418731688419144 0.30390029509619 0.220117836218133 0.116928860547095
0.39323891132496 0.326006236951285 0.221796807513994 0.121751118766718
0.34333746711756 0.401349480662638 0.185632913108153 0.124449985368304
0.184603475904256 0.50706630250636 0.144223488976769 0.156613577464911
-0.102207925239671 0.483598329422608 0.0936798721329362 0.140413541306028
-0.329167932552023 0.355246921760316 0.0315112298106405 0.0674428016215103
-0.51487346552796 0.193201253403877 0.0532862648559381 -0.0385917852995945
-0.542736966263597 -0.0119981453682037 0.282130866188001 -0.150166133446459
-0.412984810386499 -0.00511544706080539 0.5354654019873 0.297059173870602
-0.35251531484882 0.166867114983104 0.380194938352072 -0.0667806795852769
-0.216231137157992 0.246459956767522 0.121613451969489 -0.045106210747429
-0.0976517890598323 0.300786580788851 0.00558435549337787 0.0957403232137376
0.0609662787173446 0.343949822730253 0.13838720021923 0.246759255550559
0.208426677175834 0.295746496432235 0.274686986288774 0.233373811547417
0.281961529789307 0.234378029225843 0.34047986484573 0.231026078501423
0.306342844183493 0.233408881221525 0.361543904170675 0.219713098195156
0.276354963688775 0.252119664815596 0.336568141066258 0.228301613742164
0.204216005153106 0.301168607889321 0.240018802543067 0.220906141548343
0.0621147130689181 0.351796957741338 0.144466618160472 0.224911852570478
-0.134661956435795 0.273387837018464 0.060310166528228 0.160731457187251
-0.205073025853068 0.14419394408975 0.062879884396092 0.0443993351158256
-0.295564836105889 0.109438090460693 0.145129392466961 -0.0297630991884741
-0.34675305423162 0.0196911826219735 0.439628336034475 -0.0901829343365087
-0.162333597264296 0.0528827544830311 0.651391540998669 0.281993169220474
-0.0881996992774673 0.103787955577075 0.459942575399955 -0.0677231616268624
-0.0292372492344862 0.0616512865914821 0.18041303143795 -0.076754795602526
-0.0649147090237856 0.0762778064141142 0.0242000961034011 0.0774898947276805
-0.0100813789339526 0.138906872321926 0.149217819956467 0.266077413514794
0.0778068785957038 0.143715711410301 0.319498213575967 0.293224865545691
0.136238103880348 0.126644392251226 0.426061163433667 0.293775660721899
0.149590095287932 0.12714561351275 0.449982682599959 0.28756438445747
0.12823422484169 0.133386523135454 0.395432911677231 0.302780413903111
0.062960456759303 0.154484068854932 0.249498154954496 0.286220211985411
-0.0254907760618387 0.161950068596253 0.112832223949118 0.255161804781297
-0.0998434314109352 0.0673133285845988 0.0150840469164764 0.150727537078931
-0.0341208239509989 -0.00940100158007954 0.0837171625524018 0.021685373713396
-0.0578475098872667 0.0749713292756905 0.206880215733633 -0.00791052385547288
-0.126341972171025 0.075101731107745 0.527511763666495 -0.0377747903024895
-0.0617837839529526 -0.0929393385767027 -0.581961253613961 0.0292475424904687
-0.135416817621103 -0.06479941659001 -0.272868895892408 0.0558944545510139
-0.118441617823686 0.0552867552915373 -0.112746531447513 0.0351721076606179
0.00279585315432661 0.0853982441097079 0.0367904353894065 -0.0753898568341203
0.0445269646376677 0.0442699179319921 -0.0487256659525763 -0.229446701394034
0.0318580935332004 0.0105665510757189 -0.217759303226223 -0.300685585774392
0.0132780711577066 -0.00125119667051295 -0.383041663479924 -0.308169785653978
0.0269972570276985 -0.00102776932196135 -0.461371373908059 -0.275217113135601
0.0385269152256403 -0.000323254161625387 -0.44538513724178 -0.260919145875583
0.084913854666204 0.000586231986210394 -0.328498802040449 -0.245383687969387
0.117255989117476 0.0380403494470238 -0.18578820197868 -0.213582821159654
0.0774784667565989 0.136075410010814 -0.0707865396394523 -0.0719718840418904
-0.09681326114896 0.183346132990868 -0.210087112498082 0.0744819558806083
-0.184495611051394 0.0163143858726333 -0.400636291948311 0.0248135604207898
-0.123723407951913 -0.070394410289595 -0.586162541497981 -0.24700570576716
-0.255362035918453 -0.139797720291246 -0.524274729629941 0.0498539302327001
-0.297166581576426 -0.0721600947488926 -0.277682850855484 0.0153253059895883
-0.260722712650864 0.0912902747155135 -0.143243621994801 0.04989454120043
-0.0934437164150938 0.205956164649668 0.029820796231665 -0.0402797823811124
0.0489012148749583 0.212115950643772 -0.0158125516911222 -0.19788117824295
0.127301315598296 0.161426565944838 -0.17381174860629 -0.293645676109809
0.158562625889376 0.117506332955385 -0.340928678764503 -0.294517710183035
0.20144967470518 0.105082827168774 -0.415399054074343 -0.258018895366684
0.210510008229156 0.111704147953612 -0.3943775788418 -0.239974313909172
0.242490527645418 0.145076187751291 -0.280630729983498 -0.218374301258215
0.225041321102195 0.228076917843819 -0.143159990123786 -0.171828182538076
0.0921031347588953 0.341434074488589 -0.0349162960942177 -0.029804207864549
-0.193319725969827 0.392411798877022 -0.201999517788865 0.112568258474979
-0.408408512175562 0.157551027669442 -0.393395691748806 0.0319751106764328
-0.379303169580677 -0.0519442347579207 -0.529098938621388 -0.245730247832922
-0.43310156997632 -0.16501556670294 -0.391051629950999 0.101827688165883
-0.451607419417048 -0.0497212191944394 -0.228321579920844 -0.0127120239373043
-0.393218617626655 0.149465351704639 -0.149737426202788 0.0440119433597922
-0.1799018374123 0.331515046413732 0.00233888703558309 -0.0154165962010975
0.0534968275385186 0.375071500342686 0.00155486867600878 -0.137024431291223
0.21341113266392 0.302458273655175 -0.113327788115697 -0.239574216469021
0.285089723832426 0.223076540506895 -0.252540736407853 -0.231775632681474
0.346468799774582 0.195997054696909 -0.302863920406573 -0.199621196721975
0.3515837252164 0.206042741527672 -0.279017249059152 -0.184324930525544
0.373418917011605 0.26687510060638 -0.188003195631934 -0.165798341035489
0.312693001186148 0.391629656400979 -0.0752232399114167 -0.113950882458113
0.0969705294320668 0.511316063654255 0.0136571822216233 0.00627763858596562
-0.264708357485855 0.54654727520885 -0.15387712379292 0.12753483871052
-0.566010477243879 0.276761397315269 -0.325292286261845 0.0282079215203534
-0.567895461757283 -0.0248713907653399 -0.388073139726326 -0.235314594112194
-0.563302985384119 -0.156217540706132 -0.184982881539153 0.168016735173487
-0.572301855225539 0.021447456957694 -0.111952366583695 -0.0291472326769254
-0.478575305308257 0.248288099867251 -0.114929912640937 0.0224191091858338
-0.216394019228317 0.456339124190155 -0.0255210599604768 0.00771962438455199
0.0796820043968447 0.502322304309385 0.0180856569477608 -0.0457804557269152
0.286369007563885 0.399357202864385 -0.0326565227604217 -0.139429863236309
0.374643806515413 0.289918183955403 -0.122736352398216 -0.131507518555235
0.43878078866232 0.258587464435073 -0.144751762653061 -0.111688173743707
0.437821580796335 0.273403856106569 -0.119841627659417 -0.102809821066137
0.447418166337946 0.354496504553563 -0.0598178517215116 -0.0892430192098919
0.35006254082945 0.503731371861731 0.0128037247502812 -0.0379115532014334
0.0709221479010918 0.609481153439171 0.0626844309425979 0.0433697283305498
-0.315319811559035 0.603859394056302 -0.0866704528677633 0.115110112673609
-0.639688210471999 0.327462003355714 -0.210641634789922 0.00535792884540366
-0.659915838225094 -0.00481779560508708 -0.180474291190855 -0.220590277662764
-0.613956295108277 -0.113786126439515 0.0683928848737002 0.22385284622788
-0.612347610649549 0.111137178464684 0.0540147349055734 -0.0462083247518071
-0.476574476892693 0.341100172440358 -0.0452310585589076 -0.00454484403052496
-0.190534558160817 0.519270576485103 -0.0361150359928679 0.0406462351295717
0.113186198925183 0.548378989010657 0.0521755047147354 0.0645559845570223
0.325022609211108 0.428607762987766 0.0714200841241682 -0.0118641852062795
0.40863240415475 0.311531873717957 0.0367378326166885 -0.00970159508580713
0.462153753089623 0.286541213954449 0.038438125522881 -0.00594352326648686
0.449653482576967 0.307964077133352 0.0581023676157751 -0.0028085920665339
0.435231094010022 0.391347892620368 0.0758162802057006 0.00615829459181583
0.307433529124783 0.535032660247969 0.0975239621473781 0.0519309300773003
0.00172759461992175 0.595791286942557 0.0960244709444672 0.0861212718532691
-0.335202608278124 0.528808759810668 -0.020677388602495 0.0884843322937558
-0.611760076977548 0.291893510102173 -0.0749127686939264 -0.0237419416623792
-0.637760981086874 0.000125401861968006 0.0505569206467789 -0.193077787066347
-0.554344110586803 -0.0488397423807488 0.321513048978304 0.254014577671368
-0.524673883649877 0.174525659877304 0.223178891677876 -0.0661203526828521
-0.367032015224197 0.345781175793012 0.0360633779297672 -0.0279954983632029
-0.131187854319871 0.459568495610565 -0.021396708154014 0.0761776436301054
0.117234222980726 0.479843645723549 0.100773877044458 0.164984331201583
0.300677088227309 0.37961918762517 0.182766052080699 0.112371573793941
0.376252896983407 0.280701201577693 0.199376010205126 0.1098505314574
0.413497959997024 0.265872459959926 0.215066310218581 0.101406475342288
0.390297631733989 0.291352749513167 0.216706366313568 0.103283843762195
0.345762973233559 0.364492521804534 0.181046238877505 0.106598240451338
0.201087978897384 0.468749665911786 0.14779538039401 0.138344587554572
-0.0746476707040319 0.461546738205119 0.0980410503639965 0.126311821973413
-0.296650914023975 0.348921432647128 0.0301654724306154 0.0618985716513108
-0.47494449858048 0.203779469770066 0.0462818916773208 -0.0376975817416945
-0.514537055760214 0.00830209118980245 0.258904703058511 -0.151527648809049
-0.388484127892853 0.0124960821643194 0.521212621671361 0.259732804948291
-0.324922259061371 0.172458259480618 0.354302974508936 -0.0780037115926376
-0.193870861440709 0.239816314301846 0.112154654263538 -0.0494778780701037
-0.0791049136293128 0.290052762100722 0.00729650170127823 0.0907904579902617
0.0741259803716075 0.324170349916565 0.140706229212755 0.2258708353297
0.213664986149491 0.269551717676263 0.271542147324911 0.206882805420919
0.280134653306853 0.207976018524001 0.335347560602327 0.204200301294631
0.303926881756337 0.205798365587387 0.355873841968712 0.191963665849606
0.274464258770446 0.225639304588506 0.331177364369822 0.198701836881868
0.20944938451262 0.276397558729378 0.23725892973684 0.196433926962751
0.0773610210834538 0.328979206408254 0.150270318055419 0.203073749023524
-0.114740436914272 0.264825274393811 0.0668777431830322 0.147552778864425
-0.188828856353373 0.142769332171493 0.0585542139369864 0.0378457614001529
-0.272041519591181 0.116094122877675 0.13460568447663 -0.032208138433955
-0.326796156443596 0.0309521269563964 0.41091508383166 -0.101946936609615
-0.150085403992713 0.0554970324855778 0.634234426776784 0.238248564905662
-0.0779279341754276 0.0994358840556653 0.432918851715101 -0.081416477205299
-0.0254323554183758 0.0568388198065208 0.166103298895911 -0.0818252007710635
-0.0587734758559735 0.0762532084955489 0.0248764732047149 0.0720270311139201
-0.00337915807115732 0.132992061172645 0.151278461076776 0.243906762608391
0.0818891182997369 0.131677119621649 0.317574748054546 0.262680481554291
0.13714438730617 0.112751729630934 0.420122656981709 0.259339486622198
0.14974152329891 0.112511685191857 0.443333965614184 0.252054062327203
0.127971525999097 0.12070694678373 0.390660060904758 0.266154614109916
0.066761701277258 0.144517138159655 0.24895363283683 0.258629894894933
-0.0142478864448964 0.154677817679973 0.120234115420636 0.232894850836172
-0.0918462158191264 0.0686982321335089 0.023684703753257 0.140459392546871
-0.0339538719370644 -0.00967605201039989 0.0787080295447881 0.0156323505896823
-0.0496211689198212 0.0722947124473574 0.195046962136488 -0.0137249590659697
-0.114616015907043 0.0744914697678382 0.498557081003187 -0.0540945903480594
-0.0594515286720166 -0.0875094955212919 -0.561891686644731 0.0292965911694994
-0.130379829844707 -0.0595966333067279 -0.265267489140961 0.0503157017995112
-0.113226778299712 0.0560024470964395 -0.108360463259098 0.0343976234265357
0.00484581010652234 0.0811036599229013 0.0324068587462167 -0.0714543924266154
0.0439071724283531 0.0408373492673507 -0.0476298264224923 -0.215896415805424
0.0298390328793986 0.0105878161264517 -0.212414693950387 -0.28428233321259
0.011267897461204 0.00028254934476616 -0.373468749852544 -0.292178560087973
0.0256092712618845 -0.000490412246663118 -0.450811623049435 -0.261056933263686
0.0373589803124516 -0.000432080160194789 -0.431629677386294 -0.247314755147994
0.0812379015355853 -0.000820430176270268 -0.317656687179522 -0.235273878704104
0.111673682805562 0.0346796674571697 -0.178537750705493 -0.203809188630707
0.0754438778525273 0.128959161438583 -0.0678097957874102 -0.0685787535383467
-0.0899050702411819 0.178025598887133 -0.200671713918346 0.0738576706914762
-0.178143751762611 0.0173105336837914 -0.384275603894465 0.0223655826694306
-0.120877296977517 -0.0674666922961922 -0.567609234328263 -0.237002940067996
-0.244829328659589 -0.131700175725166 -0.506551033256944 0.0493079256624704
-0.284843483350889 -0.0664522857038775 -0.271694100404847 0.0108311250576962
-0.249627850603848 0.089015677178946 -0.13755552751725 0.048634095673082
-0.0874373637427566 0.197598980951503 0.0252070607366984 -0.0378875990195079
0.0499734836885726 0.200822909565574 -0.0161332898906555 -0.186794152432852
0.122493799893381 0.153360724297048 -0.17065346778584 -0.279610721436388
0.152490898658435 0.112617209929748 -0.332913480590294 -0.27914925447727
0.195321849321191 0.100492533764322 -0.404252502790464 -0.244752404265015
0.205314201725414 0.106330854023074 -0.38411785373628 -0.228799705912627
0.235070705740452 0.13683375569181 -0.272448844618568 -0.211338083014916
0.217211486318824 0.215527408911416 -0.135811686042341 -0.165376641724217
0.0905219315705125 0.326395930635777 -0.0323952372471959 -0.0293055545253974
-0.182636222688783 0.378330194665564 -0.193666785268381 0.110455203656264
-0.390924914843028 0.153531363873805 -0.378345148550979 0.0306615895438223
-0.367755971846557 -0.0494548068426992 -0.512332349793531 -0.233739940909928
-0.415211339598595 -0.155865466241802 -0.378782384250275 0.0974108465321198
-0.431929000752874 -0.0438308795306732 -0.226149549369001 -0.0157425721646863
-0.376176430799307 0.144406984181597 -0.145255901504418 0.041887846952186
-0.170320306264291 0.319129138113888 -0.00196620633326099 -0.0136376585161893
0.0562055808078459 0.358477199807043 0.00108621157834013 -0.130136184420282
0.207785083007351 0.286930572642472 -0.112724044966523 -0.229745129528188
0.275726506307087 0.211189010304517 -0.246750409802168 -0.219263454952606
0.3363041230003 0.18544131917994 -0.295211964249697 -0.189215906920498
0.341980531254786 0.195647715313331 -0.272507107772819 -0.175299658758623
0.363144210432376 0.253693716356932 -0.182995889946028 -0.160617697409043
0.30512794724137 0.372185887097597 -0.0688605580432556 -0.111413905707427
0.0962571715055514 0.489461319969066 0.0146072584540534 0.00347995636901083
-0.25121004765163 0.527195748798445 -0.148907758219564 0.124202016972271
-0.542958288771171 0.267927489693069 -0.314493009322908 0.0280534857872894
-0.549564305129481 -0.0242023302838083 -0.378032339442723 -0.223313725075645
-0.538913085488535 -0.144631076713247 -0.180239970418114 0.160402943905028
-0.547627721275884 0.023332246958791 -0.115835246118433 -0.029911811551169
-0.459635060575042 0.240061038064509 -0.110991559104734 0.0214143284773321
-0.204529362475886 0.439483725677041 -0.0281621890808836 0.00829963629320726
0.0822952427186919 0.480735484438234 0.0163799216024256 -0.0438925546990898
0.279194919070693 0.379925367535039 -0.0346427360258644 -0.134728187960679
0.363238746942658 0.275911806323276 -0.120503883751056 -0.123938178806768
0.426972136042522 0.245419572203643 -0.141018434735216 -0.105953068473732
0.425953790409972 0.260450562583384 -0.117259755948814 -0.0987536252770704
0.435796099931642 0.337845979422957 -0.0597426996987108 -0.0886716509121228
0.341944061624159 0.479014156744831 0.0168507322519657 -0.0401331792567494
0.0707863921824185 0.583194347622952 0.0621133086575118 0.0390849153767201
-0.300797420283595 0.580500954934547 -0.0855025931511696 0.112389786337213
-0.611583965653658 0.31818633823186 -0.204702819647423 0.0059328806263189
-0.636604167414156 -0.00570032495665706 -0.178892429637593 -0.208074363260144
-0.586643532718351 -0.107242228033565 0.064376574671878 0.214667896537398
-0.585580357920329 0.108462998594578 0.0445907856079177 -0.0461204754464291
-0.457441057378471 0.327328170630993 -0.0448601237425288 -0.00550907643023152
-0.181892300590706 0.499662997830232 -0.0385136523824204 0.0402693685657945
0.114294167339208 0.5263471771176 0.0487728117446099 0.0614673613368736
0.316146119497092 0.405986595061655 0.0669589073294314 -0.0136128085107529
0.397011990439166 0.294796897837207 0.034548776334668 -0.00839640852457096
0.450405082331288 0.270842807036892 0.0376465521350967 -0.00515385253808588
0.437490569387609 0.292937259417548 0.0550843391668128 -0.00353129363223886
0.425383189482318 0.374201220613558 0.070609247569285 0.00230096532313831
0.300703203506166 0.508426516855902 0.0985065919807872 0.0456600005961126
0.00633646121766122 0.572786845352522 0.0945960560906594 0.0795842343082442
-0.321603537406697 0.506593980136143 -0.021839274039933 0.0860128741722344
-0.582722250720376 0.282930836425339 -0.0742041597383286 -0.021065624967425
-0.61700334579395 -0.000429764794642514 0.0454039081928072 -0.18219855572325
-0.531383096357379 -0.0465169848560425 0.309312219417793 0.244230741665467
-0.499927238856303 0.168027471679409 0.208915024991728 -0.0638644109954557
-0.352023902609232 0.331185453776252 0.0334544957147664 -0.0282242650339478
-0.123877822688032 0.44258865668114 -0.0238486949719336 0.0743738728193565
0.117779552901402 0.460151395203529 0.0955845723643499 0.15659131082382
0.292179861606318 0.35970315323038 0.175336098572857 0.104889532009885
0.365862068714799 0.264439482372415 0.19326282740424 0.104279401622746
0.402991159652349 0.251961594446508 0.209201946426111 0.0955375413474149
0.380835223353126 0.276928538127225 0.209595195484252 0.0966662674964764
0.337591282351566 0.346864514444818 0.173521364934527 0.0990776047237807
0.198921746325157 0.445738893615129 0.146439700776803 0.128422743938339
-0.0686608133119062 0.444356212043755 0.0970858081871745 0.117852752692118
-0.284662671522732 0.334402328405523 0.0260533935810459 0.0589522597794835
-0.454167133741119 0.197362470367696 0.0428113388469435 -0.0343495217295366
-0.494888959810636 0.00624378793691249 0.246598051576206 -0.143575106243916
-0.373103664244872 0.0126732067638886 0.504475328296621 0.247743854040663
-0.310354832634869 0.164185859151448 0.33779284001529 -0.0757216060268498
-0.186297160339778 0.227582263082213 0.105941469085161 -0.0484599150085095
-0.076029196580324 0.279269526866899 0.00485564289320873 0.0876302081969424
0.0749723407786832 0.311586751254807 0.134522198831225 0.215245919926267
0.207890721045436 0.256087406770946 0.262586002457741 0.194333283724166
0.272777119290154 0.196989350265644 0.325909757250805 0.193765811151287
0.29646632858759 0.193819591255697 0.345521318357012 0.181572094587985
0.267328460543445 0.214611020198324 0.320821334252075 0.187010204183555
0.20378543776617 0.264474785274152 0.228372082815935 0.184962788596294
0.0785677549530431 0.313778913279405 0.148234297312779 0.190771164638847
-0.108198577905334 0.254998470320511 0.0675294878816163 0.13896706051408
-0.181775408086799 0.13551959975682 0.0538995526176687 0.035611246350737
-0.258333104566515 0.111533773267612 0.127986699000932 -0.0296442411387448
-0.312920993403141 0.0281962999474613 0.394009346122306 -0.0969341178610756
-0.142571076977814 0.0519758495087082 0.612174429680346 0.229023079533084
-0.0742514758590132 0.093960323206251 0.4173808572269 -0.0786661874517797
-0.0247014777528922 0.0520390857425451 0.157608948755433 -0.0802817317779886
-0.0570271962553193 0.0749737052034401 0.0223427158920883 0.0690050939585705
-0.00196452679447902 0.129060982599731 0.144702537619896 0.232800101404414
0.0807227143926294 0.124948644882549 0.307992053451503 0.247661909930671
0.134493435028578 0.105594260734879 0.408017719790484 0.247027929154003
0.147056510297243 0.105620901469801 0.430307130430174 0.238848190875204
0.124392840662192 0.115344802699327 0.379456320517845 0.25261072261812
0.0663717450008371 0.139680252127171 0.241222182709436 0.245310949490126
-0.0110537504127291 0.148008914856467 0.118684021729527 0.220494513152587
-0.0880006440934132 0.0673258181096862 0.0256717284145213 0.132811030680987
-0.0347631171596992 -0.0110585071847523 0.0738524447580424 0.0132803226375615
-0.045699999883392 0.0683864998756428 0.186787001040188 -0.0117009328802131
-0.108035023133274 0.069972345802258 0.479226839802051 -0.0523588293018945
-0.0446181934781055 -0.0930720106700016 -0.555411000945288 -0.0481626911048768
-0.117971196046515 -0.076118897310148 -0.266927054488419 0.00547869579245162
-0.118051704761874 0.0406125014569203 -0.111896075005251 0.011354659431474
-0.00666996841737045 0.078725951528232 0.0361513610190478 -0.0674814386270144
0.0381364620866019 0.0443994154997387 -0.0197577587040049 -0.215305954598868
0.0267019308721399 0.0179402071193052 -0.171979206535109 -0.306444299134465
0.00744861693857652 0.0040169584058833 -0.33529128758677 -0.336164019144237
0.0222216545077903 0.00406153946045893 -0.405872780338462 -0.324567859740621
0.0317066516486828 0.00753038797140155 -0.390936126771589 -0.310565869646584
0.0762540378172426 0.0112290301163845 -0.277338980703174 -0.283871716774082
0.0990959621035786 0.0495568469342748 -0.142857458472967 -0.230793279582126
0.0520279656261573 0.1377046323523 -0.0558954496398526 -0.0805270188357574
-0.113718119131729 0.164433301247777 -0.204310353784926 0.0437684185908106
-0.177871871516835 -0.00550076143664959 -0.37876623856605 -0.0364045873867199
-0.113702136691714 -0.0788833208320634 -0.530139217545781 -0.331015515891436
-0.220078081218281 -0.160900020009253 -0.492040547108469 -0.030843808445481
-0.267764830578522 -0.105733307613308 -0.26528221027502 -0.0404829148906983
-0.256118431390419 0.0521520999400659 -0.139724058941992 0.0128995304717997
-0.114462451515662 0.177249189914786 0.0257111839149422 -0.0424573964551522
0.0180614592981529 0.200027104801761 0.00485021731655013 -0.190102898498917
0.0962752502594405 0.169383225939827 -0.140284709513351 -0.299935926989056
0.130441428620523 0.136097902548201 -0.297821881797686 -0.32189655599927
0.174422312281292 0.129102375824629 -0.362402269079404 -0.298615702439341
0.179356266407422 0.136176277712148 -0.345081638777331 -0.286075277694652
0.205783083394266 0.167820472927313 -0.234257387308647 -0.256112245133323
0.174382068195604 0.240780533545731 -0.103555106214311 -0.189727679757241
0.0354766909335237 0.332336202481945 -0.0248220094876351 -0.0397775028296539
-0.233829113585157 0.344156992189796 -0.200423205298588 0.0806039729423605
-0.407289286208852 0.092471588402929 -0.371555530169745 -0.0229045229140807
-0.357960987102793 -0.103527594472989 -0.475068079128004 -0.315747048371071
-0.38244637811481 -0.207279881116986 -0.365369494194407 0.0244906339613982
-0.413970218566991 -0.107372209426207 -0.214469628169631 -0.0666952578733548
-0.387287629224398 0.0851880697007965 -0.144688125397104 -0.00279736146275007
-0.216970672249864 0.283006138758228 -0.00355293130904791 -0.0293006308109239
-0.00153585674840809 0.352834342653801 0.0105786969476889 -0.139444640637992
0.158579093570381 0.310871809539724 -0.0972954906365759 -0.245429331597671
0.237960263291138 0.252517091991783 -0.223227611957914 -0.253267656387865
0.301312546732757 0.234417030901239 -0.262897525303778 -0.227788852883865
0.300297933782481 0.244495454465846 -0.242447908176685 -0.217030074564053
0.314950480419633 0.299695088418227 -0.152442913819255 -0.196001416953283
0.236829227695375 0.405815094620933 -0.0420752689713822 -0.13009483614242
0.0143163286219588 0.492162332582078 0.0190021539144816 -0.00279142409549453
-0.322886721325035 0.474753233883429 -0.156287684186629 0.101650695591546
-0.571020658138711 0.176846217002146 -0.303274189090812 -0.0109481986869124
-0.541987518611662 -0.111958129146008 -0.339416135397925 -0.279793847984871
-0.507119746158003 -0.21377740617663 -0.172257081851971 0.105466146945705
-0.539450037326213 -0.0589748298373452 -0.102214414225619 -0.0702769807804463
-0.483008472133836 0.165894447817097 -0.110365354562876 -0.0267801969241373
-0.26710757062626 0.394257112802456 -0.0350297698171423 -0.0178007870638661
0.00344666195887681 0.475603002459368 0.0107304310323071 -0.0593293238983397
0.215368532605786 0.411152236587008 -0.0388632941258414 -0.143547490171237
0.316049623124798 0.327171164638173 -0.111030292224471 -0.145147370079819
0.382942990916561 0.305611685509567 -0.123216984335743 -0.123099995402194
0.374711307553763 0.318843206469936 -0.0996439274133998 -0.118340219596854
0.375015590568816 0.392235563865726 -0.0408076351012204 -0.107487016489804
0.25838412201184 0.514212561254401 0.0327299303910629 -0.048195002193043
-0.0244983535576246 0.581104130993658 0.0622539786274508 0.0368707721256841
-0.380152711249809 0.520115108473994 -0.0917714764869607 0.0993346525840525
-0.64560063927713 0.212372292879879 -0.189143011064654 -0.0127279212913861
-0.628834153862713 -0.109593370687581 -0.141759809949405 -0.228073130866764
-0.56097571889501 -0.182208281553453 0.0631275313109132 0.186385055207207
-0.587162977923995 0.0193639526761896 0.0573864339924316 -0.0677724434129512
-0.494409582582746 0.250391540942025 -0.0458421445058747 -0.0472633900390489
-0.254566538303149 0.456590653616013 -0.0513412815074157 0.0104004568213305
0.0268014877036746 0.525202950934594 0.0252426029249389 0.0462063038387638
0.247226897711557 0.442131614467933 0.043281595472583 -0.0109360912829703
0.347807264888518 0.351160687270274 0.0275442130014858 -0.0117191843092599
0.403882812339231 0.334586943499052 0.0385415586575237 0.00226178425915405
0.384302737897049 0.350881817744354 0.0572504008371783 0.0012552697825295
0.360647771186613 0.425006541497626 0.0752064399814426 0.00254640130236237
0.217001629168971 0.536311074143575 0.101201975540409 0.048266167350132
-0.0847279129158139 0.556900110090587 0.089366127666622 0.0837794605253414
-0.390410762577529 0.444116348632886 -0.0266329133111775 0.0840738524495524
-0.611852724543127 0.182533469766043 -0.05795807154897 -0.018295425247872
-0.605279964471301 -0.105033518060694 0.0772543155607708 -0.16488967233538
-0.514540269043307 -0.115625011715851 0.296861591696057 0.249218332751548
-0.514649424916498 0.0903608664593409 0.220054421811416 -0.0603975352888737
-0.392719168319644 0.269108543528502 0.0313755672811392 -0.0534583936636301
-0.191756008571503 0.411435887822215 -0.0414799166177232 0.0488773783380209
0.0399809778243335 0.463977964925689 0.0582570769300874 0.148355576219015
0.232524959799457 0.391592283722445 0.136614711165534 0.121137709042542
0.323355987689835 0.317515377516715 0.172086307038868 0.120633502847497
0.36179673847506 0.309769677456907 0.193434864478761 0.126968591199696
0.331840199526829 0.325535070322218 0.195547066559693 0.123516078017955
0.278788445067226 0.386346300256238 0.161384686461421 0.114882635356615
0.128625998382968 0.459158376257939 0.134968774380944 0.139805568063202
-0.137031372761464 0.422799576205672 0.0858696153825713 0.124467747947292
-0.327823990080322 0.27985045648523 0.0213234170614604 0.0652468540945914
-0.469231719724193 0.118705982750973 0.0557755985277068 -0.0153573836350328
-0.485908069709721 -0.0805333468415018 0.27155578455468 -0.0951270726848009
-0.367345599135135 -0.0387907791872585 0.479788136038017 0.288851618363421
-0.328103657980236 0.113460929929357 0.347223229542686 -0.0452697207793827
-0.216637096167571 0.192057245151199 0.106445522228253 -0.0520662460007449
-0.119186310114368 0.260186004800442 -0.0127687065507894 0.0735750549015813
0.020646851742432 0.314454810722997 0.0931994427883797 0.216134741505538
0.164915228475637 0.277949464043243 0.216952678732745 0.224604016551159
0.243165457670051 0.234288846192694 0.293889148797821 0.227235746433155
0.266632660125795 0.235544750274419 0.315322488009125 0.231416097276057
0.232544272512711 0.248917837609502 0.291998327916771 0.230020750192984
0.162681043653875 0.287371826134767 0.20199318072522 0.210550758532091
0.0324472370814718 0.314046080829282 0.124032670775956 0.203947945589828
-0.144691753828977 0.230932544610122 0.0519105751859074 0.143804960814242
-0.198338632715597 0.101650892739429 0.0488407500064516 0.0453995841657679
-0.266658962227766 0.0642370524195999 0.135137861059154 -0.000271217764705225
-0.310088937367133 -0.032295073108499 0.41112228027776 -0.0259058864724108
-0.147847801377347 0.0300279479591599 0.581282923451654 0.297226332185099
-0.0866355914725273 0.0805384121878019 0.424835660206139 -0.0259504553715297
-0.0323619388194213 0.044697057698906 0.16502832931238 -0.061786592688639
-0.0684652715816799 0.0650394254373481 0.0114219851152466 0.0656855240118368
-0.0241900614776478 0.126478555076925 0.106875465223206 0.241935918511347
0.0604430948136142 0.131053750931095 0.263511925521593 0.284973266316578
0.120768970189711 0.122541981597701 0.371703205032037 0.292592644838833
0.132185536121825 0.125737052015109 0.391208639704731 0.299426242524153
0.108968255866772 0.129878175278326 0.341605967588451 0.304564625242453
0.0468733719810959 0.146865067218279 0.202289370901875 0.276005305564006
-0.0290029246828938 0.14196670818757 0.0869373599113213 0.231296809743401
-0.0944546901990306 0.0517124768193108 0.00956879112319573 0.134504393054564
-0.0318888692417883 -0.0193296281194497 0.069623103306651 0.0244218814143771
-0.0524573401724778 0.0558469853500152 0.187940479414792 0.0213417395123508
-0.1147698886456 0.0421026676935063 0.487675342804825 0.0300768508442251
-0.0453753462253499 -0.0945459803010795 -0.571509127719055 -0.0469228160170488
-0.120056911192406 -0.075667052045013 -0.27751030599071 0.00404680311191012
-0.119065769893768 0.0444080944271313 -0.116411067646602 0.0125780927393618
-0.00563177175006715 0.0794585473231627 0.0341913102412699 -0.0675771986927682
0.0404400361998321 0.0435162578113312 -0.0207960777973665 -0.215991098320444
0.0274570814100709 0.0181940771370533 -0.179872785419779 -0.30783650164031
0.00661664224821008 0.00533303236014768 -0.34751034498341 -0.338271975321437
0.022497249867142 0.00484161953553879 -0.4219019636124 -0.32837835889045
0.033000168265884 0.0076666260311962 -0.406466195869222 -0.31605092663638
0.0778238984241861 0.00968440899300407 -0.286032609860449 -0.29015579745631
0.101265487094947 0.0483366990527403 -0.146408850968328 -0.235039277815247
0.0552475225165193 0.139676894190333 -0.0564612021966748 -0.0817005348772195
-0.113897783821035 0.169458676850817 -0.207886095248205 0.0474073745854886
-0.18312175118521 -0.00431719547889215 -0.387109054853937 -0.0373029964430511
-0.118462518423485 -0.0807112676351188 -0.549052552171172 -0.338868749138665
-0.223333865264589 -0.162323443514658 -0.506753555714936 -0.0289292616940958
-0.273032528790139 -0.105764071474681 -0.277832691406513 -0.0428541607618312
-0.260263009244637 0.0551472135412152 -0.144712560358063 0.0143089492332398
-0.114255163405159 0.181157991877129 0.0230282396689693 -0.0418897636168039
0.0213358962643533 0.20163602269268 0.00383659568775731 -0.191367509881908
0.0995433500652404 0.171803656781241 -0.146864284017856 -0.30252845940152
0.134088474526424 0.139084967093151 -0.308980363611402 -0.322406932838153
0.180281810808302 0.131633576690516 -0.377014742036741 -0.303541838055437
0.185739808597587 0.138160724489552 -0.358544695671587 -0.289435186332903
0.21394395560166 0.169138298937695 -0.243407523279452 -0.262986816200901
0.179987323398917 0.243760720314171 -0.104250274142255 -0.195499252031002
0.0388798385004332 0.339015364706772 -0.0240809238987942 -0.0409679163895335
-0.236539140552309 0.353081619416737 -0.205620198062355 0.0868947297268679
-0.417383711498164 0.0965261688117658 -0.379859205129787 -0.022399886771051
-0.370864778851787 -0.106256922047434 -0.492601401619652 -0.319548365553532
-0.388254060898822 -0.209777674175451 -0.376839191847936 0.0262722843913822
-0.4218223234963 -0.107497727749449 -0.227336617791194 -0.0680332272006529
-0.395637851943345 0.0889033284757146 -0.149715759410117 -0.00201183918875283
-0.216743828927907 0.290246905154089 -0.00746575036399165 -0.0286236392206313
0.00336955277210414 0.357836824897209 0.00988496496752937 -0.140078108999564
0.16452614651334 0.314130868591455 -0.103254126188907 -0.248753180199114
0.245749227239328 0.255902638276113 -0.232538427874302 -0.254438257732556
0.312596992969872 0.236322699157819 -0.274251830936779 -0.230596887388218
0.311549862047495 0.247641981702628 -0.252430456531207 -0.220205381978848
0.326550290386281 0.303746492729766 -0.160406548040399 -0.201801820041177
0.244549064999882 0.411858837746526 -0.0402822929747715 -0.135968833715492
0.0173177816587636 0.50272785253531 0.0214417638208174 -0.0045696797640487
-0.328729083623242 0.487536694528364 -0.160711789079946 0.108023669644997
-0.584013405690039 0.18462131480394 -0.312644385134242 -0.00902293493350733
-0.557112477121185 -0.113468686750564 -0.354649759249592 -0.278838362362054
-0.515211962769113 -0.216676930916151 -0.179199435022096 0.108187084969329
-0.549528666802222 -0.0585923821403097 -0.112342120361512 -0.0722867554274382
-0.493300771237103 0.168878576593884 -0.114586444145606 -0.0272973945839713
-0.270109858940338 0.40511974025816 -0.040079599707779 -0.015946349646809
0.00936120917350983 0.484857858670017 0.00931301518631768 -0.0580939548304831
0.223000699304939 0.415316539407867 -0.0438116348573823 -0.146017246766405
0.327525207929033 0.332821915004438 -0.116599660396783 -0.14557768007486
0.397279337973154 0.310031535429282 -0.128490141616523 -0.124894491169247
0.387712471929568 0.323289629026877 -0.104501233224988 -0.120017626762573
0.389048640331692 0.395610249594156 -0.0448853252834037 -0.111683759631364
0.269094464256773 0.520939878586838 0.0377694598991147 -0.0538894822889115
-0.0198654461806907 0.593306886722796 0.0660707261700252 0.0352360731364967
-0.387804040136989 0.531823647461452 -0.0957228808459565 0.105330754602947
-0.658291394891591 0.220178379283949 -0.195639552039454 -0.0100979599708786
-0.647543636378745 -0.111702688319767 -0.150628518700647 -0.227131021077175
-0.570325115847338 -0.185157208894902 0.0626783261362619 0.190447088777718
-0.600271156294381 0.0209530838019659 0.0523578443098105 -0.0690305868744964
-0.506297369160319 0.255741086699194 -0.047324605358845 -0.0490953619985833
-0.258269371110992 0.470156381796316 -0.0561276332146319 0.012858894789284
0.0333875709257529 0.536652323065189 0.0242507073644696 0.0489960828156064
0.255481659940629 0.447020469841032 0.0416682412722323 -0.012617758986935
0.360360783883105 0.35583495704826 0.0274041905374954 -0.0116359807219846
0.417762409925352 0.338860721192336 0.0400316622710324 0.001541670716221
0.398174724931265 0.356074386985977 0.0582743200687313 0.0002114188406551
0.376192706999071 0.429652399870917 0.0746719127517731 0.000249318944342053
0.227600787358661 0.543590432358111 0.107844435439395 0.0441595107160916
-0.0825599040795203 0.570771786988317 0.0939674745340703 0.0821534214681699
-0.397382672071651 0.455082105857972 -0.0304810339950416 0.0884249035287156
-0.62306047232619 0.188020640731953 -0.0616211074772424 -0.0157314086839266
-0.623183351118325 -0.107105430612288 0.0757767730609503 -0.163995913076083
-0.523661890011585 -0.117022854556684 0.303642982837291 0.253438977466017
-0.524163617099054 0.0930989287033428 0.220518456727433 -0.062226972037494
-0.402960265570593 0.273635719657446 0.0313038167954199 -0.05631925461859
-0.193832973121566 0.422622520328898 -0.0454972111169999 0.0519954880038411
0.0428916826845953 0.474858932568274 0.0586171989100142 0.153385496117576
0.239004069217636 0.396704689804525 0.13855357167425 0.120597749833549
0.334525056845402 0.31894210665644 0.176588242785387 0.122169583977235
0.375491841085508 0.31111970486918 0.201039206920129 0.127465621963811
0.343854665223379 0.331256206221312 0.202324233630706 0.123840259120439
0.292114981655085 0.391757529893821 0.164588938608909 0.114496716368976
0.136693876226149 0.466442995975195 0.141631149063493 0.136586274031287
-0.136285117720944 0.433068397181404 0.0906460224595138 0.124253864581369
-0.334319662658745 0.28598666160362 0.0187999109821247 0.0679039707751074
-0.478768142417695 0.121454934197801 0.0553770366275382 -0.0121132451844853
-0.498886167782219 -0.0832431659848281 0.27547769161881 -0.0939723567562539
-0.374926672309819 -0.0397611442960556 0.494742409049615 0.292519648807955
-0.335022097850713 0.116075449256941 0.35389753389381 -0.046971013602258
-0.221459675546163 0.194399098935767 0.108359828947478 -0.0546377300916554
-0.121038401661844 0.268400748374169 -0.015123510679685 0.0761980850760427
0.0236979480453308 0.322067028926368 0.0932545232241089 0.221857577748728
0.170580115249175 0.28116289943169 0.222108792024747 0.225070159178743
0.252013382429275 0.23716535739587 0.303590936680448 0.229896716911172
0.276504151887455 0.238039746298576 0.328646988314348 0.233145387805104
0.241970897549266 0.252782465875364 0.302243573254045 0.231597512659947
0.170727844688722 0.292158558554724 0.207190938185703 0.213353503930241
0.0375760239151715 0.318864008054463 0.130662713884961 0.203112397731853
-0.146442074407502 0.237685487937251 0.0560836419489332 0.144479166019331
-0.20426905820286 0.102404288688099 0.0472050219343944 0.0460028318352551
-0.270070623660851 0.0653271506470738 0.13712617570922 0.00224494162408766
-0.316487503222705 -0.0330469979375733 0.420358849437529 -0.025735936201773
-0.150610176758896 0.0299746470725504 0.599164211471847 0.301579842479552
-0.0883749523821674 0.0803803678780521 0.435969144335759 -0.0279800368050502
-0.0349950112360847 0.0430073064675908 0.168253787593279 -0.064994791639795
-0.0699317176823021 0.068230224501871 0.00984163423395416 0.0677123283572135
-0.0241509302055601 0.130613570393409 0.107899889797467 0.247302534677164
0.0626755465770918 0.132670201983239 0.271767148713575 0.287542960629694
0.125764687749034 0.122633292326646 0.38455228585076 0.295545894036941
0.138253960658466 0.126519595365421 0.406976510405286 0.302433729734766
0.113919068408406 0.132566441011116 0.353879580625776 0.305938420631833
0.0503385732150169 0.151096779643579 0.210003229452824 0.279214242094914
-0.0275489786411519 0.14483034630569 0.0913958903835716 0.231855934627073
-0.0955593361710949 0.0536678773453503 0.0131602604778804 0.135269410725628
-0.0352818552669266 -0.0210109796910321 0.0695397571339942 0.0236830961308933
-0.0521021250732375 0.055598873617216 0.191869314313926 0.0241163261183729
-0.115650587321014 0.041535582356013 0.499731711614241 0.0305107528082753
-0.0494096610367588 -0.094997607515768 -0.591098358770028 -0.0241772402259837
-0.124944945441097 -0.0718008682789788 -0.290601448078665 0.0146741688014199
-0.118283220310429 0.0528079646782577 -0.121039179711868 0.0187225119123404
-0.00191567771362468 0.0808109062867848 0.0299906157925379 -0.0688339347492757
0.0441005137882193 0.0404962148215697 -0.0292253954320734 -0.217523820723283
0.029556848324036 0.0177163616789944 -0.197485273653622 -0.303059529950121
0.00616345058096611 0.00669675451788419 -0.371360720080186 -0.328081816864799
0.0231650476675589 0.00455049698671963 -0.451867169027207 -0.318509581875268
0.0350524672116182 0.00614082774136649 -0.434115335856587 -0.305602853395406
0.0805028561232695 0.00494990158753261 -0.307961798791733 -0.287002440150176
0.105470061985596 0.0445915632057902 -0.159333960255635 -0.236009509227994
0.0633828835705102 0.139850564878217 -0.0602903230004518 -0.0812379951379436
-0.107519447537137 0.179429205287857 -0.210667684574023 0.0604084948812657
-0.188973274386012 0.00358558043378521 -0.399602272391237 -0.0245696327044529
-0.126895169067308 -0.0775082202075133 -0.580703431344392 -0.324235081457899
-0.234243294990349 -0.158633015167169 -0.525424188219933 -0.00853375259881834
-0.282372981654145 -0.0967753994627941 -0.294270445034282 -0.0324488648429541
-0.263262622606413 0.0685003441195106 -0.150084515149899 0.0212526456442281
-0.109112517483964 0.189875764546896 0.0196268645367571 -0.0415596366536503
0.0322487737718914 0.203529789816791 -0.00317926979594126 -0.193139724480805
0.110007781243523 0.170991404473333 -0.164850948179435 -0.299547257607072
0.143506863481755 0.137298240514258 -0.333975167317086 -0.314557963298941
0.192244711491112 0.126951778012392 -0.405769684798563 -0.295107817891142
0.199302733609432 0.13466871127313 -0.384456702050252 -0.280732002359196
0.228279282691364 0.163392176753828 -0.264474289011113 -0.261539580948669
0.195649532291219 0.241215055570589 -0.112634797391888 -0.198624853683276
0.0542392283603589 0.345956065863063 -0.0247305475275581 -0.0415111457052701
-0.228129974846829 0.372932803277373 -0.207869321491555 0.101197444128885
-0.425870800686054 0.117655903235051 -0.392211425549828 -0.00775805677752041
-0.389058048824329 -0.0931770120011649 -0.524576633385571 -0.302400609371233
-0.404493768108869 -0.200307502819771 -0.390104069095774 0.043589718843874
-0.436007038794441 -0.0932019331285295 -0.243595389672651 -0.0612954284064435
-0.402340062644557 0.107089925744802 -0.155830143603669 0.00334467942024985
-0.2098095781832 0.306267652553101 -0.0119482487629418 -0.0262498178438994
0.0205951080730336 0.364127325573195 0.00404591994308495 -0.141236623885797
0.182678960392457 0.313309668141494 -0.11957334492013 -0.248086675598435
0.264189158836867 0.251855964799519 -0.25156886987556 -0.247638199353297
0.332368778044595 0.229048693898346 -0.295978856137846 -0.224775279988845
0.333608890363871 0.241197420587204 -0.272574632735672 -0.214254245054244
0.351677908642776 0.294301137765084 -0.177035319559618 -0.202072628034848
0.271121341297881 0.41047451553854 -0.0446954016579454 -0.142458142984027
0.0404320703378201 0.514926458512399 0.0236836864645036 -0.0072463394666748
-0.318850659253672 0.512883519183211 -0.162552287968892 0.122077429466636
-0.593322487038075 0.212757821667778 -0.322331340930174 0.00428627613659121
-0.58203316715034 -0.0938240471364811 -0.378428589898735 -0.26523638090293
-0.535681097298384 -0.202644389990181 -0.182733198777201 0.118919957569755
-0.564736658927134 -0.0374725952613685 -0.126263568883758 -0.0702064779727287
-0.501335619653217 0.193683628042575 -0.119838493437477 -0.0245283015351582
-0.259822963205655 0.427436592580461 -0.0451381751375295 -0.0119807406102391
0.0321826502016043 0.49629975972696 0.00656392744143821 -0.0573627815162526
0.247099303868528 0.414775512718023 -0.0537679951498278 -0.147113821512877
0.349773317089715 0.325650794410478 -0.128032862542492 -0.140942607181098
0.423790106913656 0.298499955929636 -0.139644673430657 -0.123101440739611
0.416411746672408 0.316379623800689 -0.114760744660229 -0.118573213373444
0.42230693578047 0.38712095864247 -0.0542406299370462 -0.114590815017424
0.301042556034399 0.521240101754858 0.0389691485146986 -0.0622844565422349
0.00475996512525268 0.61105450080734 0.071175046503949 0.0313466631576563
-0.378134880301176 0.562576750656765 -0.0963025734276007 0.116716957436977
-0.667863764651083 0.252227649886737 -0.203087360724792 0.00208741977734114
-0.673763800845215 -0.0889101221352215 -0.166359899307735 -0.219844506313824
-0.590989108734952 -0.168757667807726 0.0693144375437299 0.193461956561122
-0.61509771407177 0.0442787233960579 0.0443054542531426 -0.071792234461657
-0.511702432426764 0.281425529791429 -0.0514672423556308 -0.0500420276652264
-0.244197753061335 0.49388412255137 -0.0614950943021142 0.0184149747223508
0.057262114905682 0.548053000813919 0.0263648938979902 0.0524002038485558
0.280746657841661 0.446106018059045 0.0398346112444063 -0.0152504348109477
0.386857647350924 0.347788586437208 0.0260652886423197 -0.0113249377188585
0.44797732124233 0.325925482443885 0.0405453887473816 -0.00136906247221563
0.42800655838052 0.349536199151207 0.0598798897270364 -0.0023502504528323
0.40976622341924 0.423803676420301 0.0745948028196602 -0.00459974294895976
0.259195886811268 0.54662951670112 0.115595320022452 0.0343357077505441
-0.0603033238687732 0.588995336932556 0.102401885452961 0.0780623223493899
-0.39282539419248 0.483145103158088 -0.0302960362685062 0.0953540932580872
-0.632711070463049 0.218453145717057 -0.0644947072423494 -0.0084470761668794
-0.647018338973143 -0.0853022897931995 0.0694456843486523 -0.165129583583362
-0.540613766849183 -0.102338702606912 0.321511673971784 0.248866417529567
-0.535308553796963 0.114902208851298 0.220803589197721 -0.0717756746228052
-0.404569384325226 0.296371803187226 0.0298538473152813 -0.0615641776415874
-0.180382120538316 0.444767997735289 -0.0483635109725854 0.0578120802728527
0.0670198332633406 0.486106663774446 0.0644826384461053 0.157578653702662
0.262342968567078 0.394306879975795 0.145194324097529 0.116539588758789
0.359659436009901 0.312310164342613 0.186338122504303 0.117656851002406
0.402646210914099 0.300785577202018 0.213631842183906 0.120752265370741
0.37091478654824 0.325708493875854 0.214304207656351 0.117324426004096
0.321039516530108 0.387382553642357 0.172467805569416 0.10908835989473
0.161454167611 0.470423802159586 0.15411731799797 0.128195746919564
-0.119966361468438 0.450258649599277 0.10039970690925 0.121486348301357
-0.334668060575822 0.305317516083873 0.018592028418242 0.0719516725424085
-0.486984612221491 0.14423896087131 0.0559025544507394 -0.0101023090784048
-0.519253073186985 -0.0652436108034866 0.279552471296587 -0.103170877046619
-0.385435118954442 -0.0281775566429427 0.521088080221208 0.280756288925992
-0.339422871009268 0.130968092794833 0.361754571727895 -0.0621477490301398
-0.223171897102622 0.205692385493194 0.109637651129446 -0.0625951975926813
-0.113325374583459 0.28240288214271 -0.01471318110302 0.0804550631881021
0.039309905350752 0.331238339807264 0.102835329088387 0.225567658978911
0.186726271021988 0.280453282462869 0.235866065998091 0.218802209321662
0.271660133917585 0.230239005278399 0.322637222200591 0.221401338809604
0.298170153397359 0.230588561100991 0.351708446949355 0.223050463471085
0.263556231588385 0.24968936307363 0.323332245690262 0.222299639650439
0.19151437720429 0.29219204879673 0.221926598524031 0.208376720647557
0.0545177571060105 0.324130936381027 0.144577863134932 0.197210926211652
-0.139445473816587 0.251318102257769 0.0664856331232706 0.143722155401181
-0.207371960824748 0.112584030977474 0.0476148853771472 0.0466378368735106
-0.273402315290112 0.0765414101176961 0.141136946046246 0.00118244692164722
-0.327579792060687 -0.0231246750693733 0.431698054551564 -0.0405721668047002
-0.15297054984346 0.0349851418562909 0.631933867810094 0.283766487814964
-0.088080102906697 0.0850735339313735 0.448578709330537 -0.0486891104206086
-0.037059427245078 0.0430983150870333 0.170402130697518 -0.0752177277270389
-0.0696246142717577 0.0743312365360191 0.0103695769019187 0.06993801152685
-0.0189844596015672 0.136812610775608 0.119338374832993 0.250581900131645
0.0698391825361559 0.132698595558648 0.290371311919558 0.281104413505677
0.136567860328461 0.118855825293293 0.41017118965781 0.285864730482947
0.148765049239673 0.122997898115849 0.436264609480888 0.292539118936544
0.123665324305361 0.131495228385734 0.380881190601553 0.297795308202209
0.0599996508974148 0.153474206894517 0.228664638609332 0.276447569152155
-0.0206062602632009 0.148704460007679 0.104784776145337 0.230511653649356
-0.0964939853863563 0.0594005504464412 0.0212196505848042 0.135979049896597
-0.0386507137384164 -0.0218112479908827 0.0703555805369183 0.0204475327932516
-0.0502097939858439 0.058389366903335 0.199206848409753 0.0212625158048629
-0.116699495986285 0.0460181701908192 0.517475031361759 0.0115628062407552
-0.0542150037400124 -0.0920566781558383 -0.595687902563605 0.0152372911688784
-0.128378854563973 -0.0630323069241217 -0.29457012701351 0.0340836561140036
-0.112719075111463 0.061194932388686 -0.121907765988069 0.0289440267540716
0.00391157922977791 0.0801878956328713 0.024415841121716 -0.0681162139748761
0.0468234488910322 0.0350919683405916 -0.0420760170766197 -0.212383283823767
0.031287131713297 0.0155179629670554 -0.216144925264479 -0.284578517881177
0.00563291842555992 0.00850697450386362 -0.39567814918639 -0.299489084870647
0.023357871013822 0.00341979867151954 -0.479337036699198 -0.284645916001553
0.0359587235797299 0.00360329264595772 -0.457859254908733 -0.274379093011566
0.0798889532935214 -0.00150757520494742 -0.329599948779292 -0.267246936199712
0.107776451089377 0.0361454414653306 -0.173593991631389 -0.22546397944279
0.0725674544749232 0.134372136566682 -0.0641985461584535 -0.0770802741956061
-0.0939718124587937 0.185404750893664 -0.204041105300091 0.0760693861903612
-0.189603280636681 0.0162412718893541 -0.400350616756818 -0.00102016925540675
-0.13364346794337 -0.0689227975589138 -0.605982337538273 -0.285227998766879
-0.24260414713073 -0.144218999588422 -0.528394839672176 0.0273031854203472
-0.287136861358862 -0.0783079663617857 -0.301382451856764 -0.0129262348036638
-0.257475803883531 0.0854581529484198 -0.149817165764569 0.0322736702535949
-0.0952729938679233 0.195978365926003 0.0148650136557757 -0.0401108794903832
0.046497006116633 0.197045722469451 -0.0140792937464566 -0.189598101803108
0.121522316096549 0.161278580303119 -0.185107233238604 -0.284146185526926
0.152402402349077 0.128860240628658 -0.355507097231915 -0.2869472071752
0.201667121679656 0.113730780814138 -0.430110017611862 -0.264909293887316
0.209564599661241 0.12121864388803 -0.407548027478796 -0.252517358874754
0.239694335085421 0.145139917723121 -0.284734019169501 -0.243967423966039
0.211341886265267 0.226740414118032 -0.125232081601727 -0.193616171924097
0.0777669110400402 0.340622375767857 -0.0263693171509998 -0.0401148934349646
-0.203529322193187 0.385123741874199 -0.200050170618145 0.118922719521568
-0.418892319844279 0.144049729210308 -0.393044650440962 0.0186498288112387
-0.398290343226611 -0.0680350146967733 -0.54785509889601 -0.264666981094355
-0.415347632295705 -0.176675112505466 -0.390457530084593 0.0698761496144729
-0.439447675535042 -0.0653103560330136 -0.254298545793804 -0.043271938788134
-0.394713699482477 0.132301499176349 -0.156982516402509 0.0151072119104338
-0.186866343009733 0.318083571578497 -0.0161570322446263 -0.022361959984138
0.0458013578407744 0.359247081024401 -0.00451074623020522 -0.138412283057462
0.202217664661677 0.297633834296287 -0.135907284433105 -0.235852215755599
0.280597969898969 0.233828162882461 -0.26926247749172 -0.225826547568264
0.349279386218088 0.20540982556438 -0.314914642459853 -0.203055496054263
0.352573842743497 0.218593995452795 -0.289594709725871 -0.193832293598594
0.373946715389343 0.266836760907699 -0.193964337368041 -0.190704449916166
0.298292898179762 0.389996646731754 -0.0531427467006933 -0.143673538157866
0.0757547739118868 0.511433379101099 0.0248307605298673 -0.0098882104215606
-0.286802782766515 0.532402662540795 -0.154524619539256 0.137736257242535
-0.580668086580948 0.250778043218213 -0.32179428890847 0.0280763300597795
-0.590328949280935 -0.0532684470158161 -0.396776986459536 -0.233760248294982
-0.545008582691082 -0.169918544387666 -0.178206189113584 0.131810974158106
-0.565481749987293 -0.00151378544692205 -0.136237861527659 -0.0587174313485148
-0.489044810114733 0.224773234896884 -0.122903510473772 -0.0176352455726571
-0.23001398961715 0.442416117661914 -0.049323858482193 -0.00560303966859557
0.066910006684873 0.489447759231993 0.00306518838068447 -0.0544931662435158
0.27212734947219 0.395142880184802 -0.0650618675080186 -0.142016947741876
0.374278840634375 0.300291750042299 -0.138923528145528 -0.12888973474913
0.446508961774649 0.268173487446859 -0.150366495204181 -0.112766343234682
0.441060483717968 0.287208377807266 -0.123982219751181 -0.109960107343916
0.449639109917489 0.35469312460222 -0.0652820049348476 -0.111027514115688
0.338252400474914 0.497740045681983 0.0361683056316042 -0.0711787269515707
0.0454264392306327 0.609271737905911 0.0753869686225984 0.024795776888417
-0.343157924091814 0.585644457266741 -0.0893079836648942 0.128503126169522
-0.652231823890579 0.296382517244716 -0.201182448434881 0.0189820365990618
-0.683021998016625 -0.0437569816166779 -0.179566683642108 -0.201419194708141
-0.598712453089125 -0.132701229455662 0.0794896274628062 0.189248775007209
-0.611685229679344 0.0836160655349183 0.0346243490381139 -0.0729020050758663
-0.49488397272944 0.313485080693103 -0.0562470775401508 -0.0482560097549593
-0.210375635338013 0.510273720291674 -0.0625386912406798 0.0252473156072017
0.0966107045513305 0.540792686809806 0.0292572505059471 0.0535934620000977
0.309537552664657 0.424792008472981 0.0354972978723831 -0.0179156606718464
0.411356347925062 0.319105243445173 0.0244417229252463 -0.0108441227679271
0.472367878578361 0.293756506015061 0.0393958324430699 -0.004258572300268
0.455802039711237 0.318544027419876 0.0594949440682237 -0.00696999494388661
0.440601557032416 0.391128670568954 0.0713512184896507 -0.0107886272661774
0.298145484409369 0.525353729336925 0.118425166745574 0.0202438148772585
-0.0205661063230004 0.59272243584273 0.109310483088046 0.0688689702100719
-0.362960579235619 0.507148200135129 -0.0258099187282089 0.103249626466826
-0.617740657828804 0.258433840937409 -0.0640978945885953 0.000743930750793503
-0.654465347813087 -0.0439565178813012 0.0595646348821685 -0.162750209320456
-0.545689310987166 -0.0687960103346398 0.336414064708083 0.22743751585752
-0.527604237760129 0.149267868469204 0.21284822158775 -0.0852039763815517
-0.388510925004076 0.319761532054482 0.0251940637265178 -0.0653863980570817
-0.150320118049377 0.455441141881567 -0.0470669098744314 0.0638370637739759
0.100840665358056 0.479949372199772 0.0744683222154943 0.155955466673459
0.287673794214385 0.376246560076601 0.149720914899227 0.1046084826257
0.381766471946615 0.28514443954162 0.193598124072758 0.106283799358423
0.425914648009046 0.272348019420887 0.223009505128092 0.104113699331848
0.397207288803337 0.299327040086431 0.222982695727207 0.100982803084086
0.349786197012984 0.363413579795412 0.17830236704361 0.0962827081958173
0.195825204708893 0.456086606449009 0.162781662311278 0.111783834183597
-0.0901987653962111 0.457779820086917 0.110358099336395 0.111388605709775
-0.317675971863581 0.32785517427734 0.0214294880596866 0.0744879103085315
-0.475869696805887 0.174363122256549 0.0564754835075885 -0.00828573077232633
-0.523117230451113 -0.0326173228715902 0.273937876511358 -0.116375020415609
-0.386243387105525 -0.00583365444039756 0.540050637070765 0.245100964831412
-0.331688962362876 0.151905185657059 0.356488734585211 -0.0869436282126941
-0.21293445413908 0.218288324168281 0.105008942525105 -0.0721863460252302
-0.0933241861105355 0.29087839337281 -0.0117013769072247 0.0832038286145534
0.0627023896773526 0.328984979704556 0.116268023611771 0.220605129817309
0.203769335160414 0.267106245112569 0.247748722688653 0.201362368946601
0.288203139567527 0.209186667357488 0.337227734184829 0.199034449077745
0.315436927414638 0.208234273033661 0.369292364549772 0.197739614630953
0.281919431106395 0.230789643017606 0.341266213781339 0.197784683903124
0.212772502312205 0.2769393105467 0.235177604981561 0.191149573357474
0.0774370743519298 0.31745257442431 0.158071369595632 0.182168510296286
-0.122079466351998 0.260126877919387 0.0778789011073511 0.135768255813616
-0.203093083781045 0.125627126515483 0.0480192342480621 0.0449761164256734
-0.26723766085028 0.0935174455404957 0.141956640308823 -0.0031518587080675
-0.329324783552989 -0.00353434165124468 0.43025085476455 -0.0659260208897245
-0.150714814704905 0.0425530602734398 0.652269302301361 0.242721136555679
-0.0835737834580087 0.0899888194693032 0.447172555988515 -0.0798549855936269
-0.0373139156519071 0.0439771817282403 0.165674627484391 -0.0879465134421292
-0.064119284015839 0.0799477353444032 0.0136698093701645 0.0700184272048155
-0.0090613055440908 0.139881709767024 0.133421595821465 0.244410808184209
0.0776138994506689 0.128332928052236 0.307339483838896 0.26157561751703
0.145243907814063 0.107814101758071 0.4297075111202 0.256138541521166
0.158642973121606 0.111270819412018 0.46036586488235 0.259662019271273
0.133634768995776 0.122839531930013 0.40206999500127 0.268264088650946
0.0717047319229266 0.149250898260341 0.24760631687126 0.259058859540972
-0.00948763804654293 0.149284939675093 0.119860999934953 0.219704528673157
-0.0922752504558308 0.0667751343380358 0.0323974656938741 0.131545004250578
-0.04269017249627 -0.0199247969146421 0.0700963324025142 0.015869357881062
-0.0450475542242271 0.0603150816990627 0.201860883295414 0.01067317052287
-0.112301353972707 0.0515024139494766 0.519831923580234 -0.0229833198464441
-0.0571995718585297 -0.0862972581532362 -0.572988879796135 0.0503127706807016
-0.125751760728218 -0.0531676215190583 -0.285126249981275 0.0504434553749535
-0.102204641855059 0.0649737093959968 -0.11712588468683 0.0370964854796627
0.00816291374787455 0.0763502327705414 0.0188220440024804 -0.064772285851411
0.0465053127043288 0.0283678760740518 -0.050601325389997 -0.199116529092865
0.0318204464129219 0.0122833623042318 -0.221601772451921 -0.257099846044636
0.00558697357074572 0.00965158757584966 -0.397455379610499 -0.260998659865719
0.0221551314525368 0.00261743628635178 -0.482027496007305 -0.24365107367582
0.0354271070477402 0.000909844261531941 -0.45920337123983 -0.235897058484479
0.0762476404591945 -0.00695451392795231 -0.334452473295338 -0.238065957610172
0.10522990188804 0.0270531063586414 -0.179318031430267 -0.207032771813589
0.0780327941358359 0.123548763792295 -0.0646230574764374 -0.0702393643256058
-0.0787843594275992 0.183082902261205 -0.189722462279385 0.0863832724795882
-0.182903941857875 0.0267638132984672 -0.38575751697018 0.0189917703758001
-0.134508680516072 -0.0583550421854748 -0.603147205995756 -0.237890996369766
-0.240094785662075 -0.126965242566563 -0.510531455268158 0.0585103875498124
-0.278879371064877 -0.0596519466247215 -0.29500927431211 0.00641074984753436
-0.241065008786384 0.0972619981348037 -0.143824480231844 0.040828389414932
-0.0794939384502439 0.192960205846289 0.0107348156363414 -0.0375880464412351
0.0556814485608457 0.184186675401016 -0.0224111226776301 -0.17874364390089
0.126278864230876 0.146680357486952 -0.192437134790803 -0.258583362186225
0.154149010872532 0.115386455024771 -0.359745827580022 -0.25196316632757
0.200884247808094 0.0971599507115565 -0.434658024177802 -0.226750133818048
0.210482650447202 0.103775036095062 -0.407518944829364 -0.216883978960693
0.239303396673953 0.123917643504998 -0.291107591231619 -0.218501556392747
0.216873451775624 0.204151839482553 -0.130765766029541 -0.18166871640076
0.0944690525802933 0.321228085990002 -0.0256803107666202 -0.037591910915863
-0.173494267739855 0.381804864410818 -0.183549694408723 0.129493416787787
-0.396441824700129 0.160171014449455 -0.376072733461006 0.0390992640348335
-0.388937088824278 -0.0423195027637612 -0.540282891349036 -0.220001889745185
-0.406848347961103 -0.148616154116057 -0.373937683823606 0.0915796353579747
-0.424523695168017 -0.0376882159754175 -0.25247810921025 -0.0249083815343207
-0.372446881607292 0.148899936675417 -0.15141724582757 0.0227371134006496
-0.161183224620477 0.315399111851754 -0.0182421544274861 -0.0177743376434508
0.0650317214974624 0.34034106760347 -0.0102000917071177 -0.13015684962549
0.210353956706199 0.273076028613282 -0.144622372974641 -0.216832736487343
0.282817824856801 0.208111254545962 -0.272718904722593 -0.197066097661155
0.350176571883332 0.175849374068167 -0.318655223000216 -0.174424798844981
0.354413669067309 0.189410646810973 -0.291713409889188 -0.167819003942645
0.376582932919782 0.233257478954228 -0.20102405217533 -0.171301074590455
0.310499440801484 0.355908693012442 -0.059142454348363 -0.139469907799104
0.100621055133931 0.486596020115422 0.0249018473045758 -0.0119114119194889
-0.247589036969282 0.528315685938263 -0.138689552248713 0.147081548963077
-0.545617047304052 0.273940448658461 -0.305570183731952 0.0476516234617005
-0.574125965664317 -0.018635557648393 -0.392873395810131 -0.196777131100534
-0.53107554170168 -0.135918332765893 -0.167168681328968 0.138267937036766
-0.542492536691266 0.0278384740227832 -0.139988639902643 -0.0465152268078987
-0.459655234199386 0.241742439365926 -0.121297836440624 -0.0108914668626487
-0.19414125884377 0.438824100998454 -0.0498490352468579 0.000134664167433472
0.0934214902862159 0.464589085729961 0.00101798000866249 -0.0495883346448627
0.282501567122883 0.363589783653737 -0.0720407504149585 -0.131179761823239
0.377615588019931 0.265663127330818 -0.141769386686626 -0.112640644276211
0.446584001397645 0.230297913477757 -0.153587289558597 -0.0983581357932526
0.443803497424056 0.249550114183619 -0.126447658100881 -0.0978643922973774
0.455449532406861 0.313104863603361 -0.0726117959546507 -0.103306863355636
0.354976580262722 0.457318186244297 0.0306694403634966 -0.0764142048565267
0.0797683467938841 0.582894415250317 0.0755593735740264 0.0171982225044961
-0.299726299191146 0.58267116403621 -0.0771693047762765 0.135096149690273
-0.612603399961726 0.320551920675558 -0.190685233200869 0.033923157510373
-0.661353962150463 -0.00529690767627267 -0.181752315351996 -0.176811354101871
-0.581599557940007 -0.0982123308589391 0.0845148540126724 0.179667898179199
-0.582640739252613 0.113550163945897 0.0255497820553389 -0.0701853462835848
-0.462027183569344 0.327742936481718 -0.0579321698437626 -0.0457678848480074
-0.171957397944809 0.501706833945179 -0.061280087355366 0.0310315440513478
0.12395884080227 0.514431215802225 0.0319830996122981 0.0535615152230519
0.320136569115046 0.389568521534982 0.0306749256353109 -0.0184616738245648
0.413178074255857 0.282185227528592 0.022477846086968 -0.00966922217820524
0.473314100174365 0.253403784832698 0.0372711597405961 -0.00670078800384778
0.460849766101188 0.278551675788551 0.0568423386958944 -0.0111014855670524
0.448128447253993 0.346726461778382 0.0651772632328523 -0.0145675050211658
0.318461068582066 0.485630415464174 0.114753187619096 0.00638267931670367
0.0160304926325078 0.570245135822003 0.110365237374053 0.05735069108305
-0.324206090695736 0.507957774015233 -0.0188830460138434 0.106861317635907
-0.58059009997565 0.282742994378892 -0.0586220217786705 0.00894756893166368
-0.634023619000829 -0.00548926497125737 0.0517241839142915 -0.154085856331155
-0.527416873925017 -0.0402125990036764 0.334647795427278 0.201709195626621
-0.498879573276268 0.170487884675955 0.196767145610371 -0.0928915591545095
-0.359415663807993 0.328097701963282 0.0192666867290691 -0.0672413655303413
-0.118277333637258 0.446391552561742 -0.0429876398346636 0.0669840856481714
0.12554245150505 0.456594017584329 0.080292842184043 0.148584682791976
0.296413468240369 0.345818349583699 0.146298300745624 0.0931771025424596
0.383150125961201 0.250207913492433 0.19227105498458 0.0916919965043035
0.428604830821515 0.234173891586546 0.221311030015065 0.0860169745179826
0.404790970313306 0.263855370142728 0.22150145516695 0.0822695564805492
0.359294213790437 0.324400277348488 0.175282095088748 0.0819288526431658
0.215107697236036 0.424042846265317 0.161774179742257 0.091923093196821
-0.0586068593297394 0.445465168410829 0.113932395634029 0.0980543244372322
-0.290288158789217 0.332789033697359 0.0235037677477168 0.075285545911085
-0.447686579622489 0.193034093888523 0.0564637605750589 -0.00620449337054873
-0.506280845657934 -0.00217179678580141 0.259734536324868 -0.12307720952856
-0.370611075809328 0.0126068502449153 0.534033579560106 0.206690426517823
-0.309499506473619 0.163365934621426 0.337056131215195 -0.103129384580235
-0.196042863714053 0.221074431925863 0.0955880551063595 -0.0779284716635352
-0.0729119736305626 0.285319554942964 -0.00787254223598871 0.0832114487988841
0.0800974404607571 0.313349774133254 0.123824760972433 0.209027021027386
0.211066593115245 0.24596180886536 0.2463013254552 0.17815775856656
0.289849501621336 0.182524742108214 0.336288170771638 0.171259188456128
0.318315380939293 0.180031027597442 0.369074984443082 0.16559232052048
0.286622507108919 0.205300000643001 0.340926622665806 0.167492447930096
0.222064481999643 0.252139423812924 0.237307251955683 0.169419189433534
0.0939682340237216 0.299246281937943 0.16153862466466 0.161828332076748
-0.10105905616166 0.256956413808748 0.0837616493726266 0.123324717306212
-0.189962942282313 0.132384432353828 0.0472324504792278 0.0438268427300418
-0.250719570964909 0.103257881092973 0.139066416384086 -0.00671556602437039
-0.316628104353006 0.0134283442241076 0.411750774658845 -0.0856531333487029
-0.142987738319972 0.0478020372238322 0.642031388071557 0.195202196917157
-0.0758145134452165 0.0907722871311688 0.42603939826207 -0.103370759262151
-0.0362012821239339 0.0440560251409811 0.153398842228848 -0.0961061762600062
-0.0567413197065803 0.0812313949435082 0.015042982915691 0.0683290665812849
0.000281311644317604 0.136454427614395 0.141063745901417 0.229943656282227
0.0812332178691934 0.119626816958562 0.307594316885445 0.23119883210218
0.146242413471101 0.09255624732321 0.429079526674934 0.219681672116047
0.160567119304869 0.0964370019173475 0.461273358655355 0.21999211993678
0.13667728419848 0.110460969184522 0.404986551802406 0.230471815537157
0.0787795485790442 0.139435010682491 0.254301755039546 0.23166383192233
0.000291922140228718 0.14327649573732 0.127600970706679 0.200224958894385
-0.0844025330816154 0.0696629269627642 0.0398139368647753 0.121926638254934
-0.0439618225508858 -0.0163293391710938 0.0676641797285175 0.0119819766548588
-0.0390501795089592 0.059145494506019 0.197520832954194 0.00277875476007562
-0.105285131270689 0.0534920668661066 0.50032920150102 -0.0514168492344982
-0.0415162883118874 -0.0870588870804464 -0.53169430279813 -0.0160328231413717
-0.10871701894431 -0.0654768770695929 -0.275142178214464 0.0131871301809345
-0.100855922680494 0.0470555510841752 -0.119819146926027 0.0200306108400323
-0.00192897316073301 0.0715107833328094 0.0203476325127166 -0.056052845094806
0.0389137997606271 0.0310999960641861 -0.025573322251239 -0.186060694147854
0.0309113450346226 0.0154359191451043 -0.177606588211258 -0.257827425177956
0.00421691200014666 0.0138092951325513 -0.345930299951093 -0.283780048444703
0.0192692332350757 0.00655176672632241 -0.430855903447432 -0.280374002467225
0.0333997668971803 0.00775428454945805 -0.411499219569057 -0.274857438704879
0.0726928905128378 0.00350226798310594 -0.29385718808847 -0.264272317885591
0.0959029271526636 0.0397526234704078 -0.14890544242601 -0.220890533666564
0.0601516352993832 0.127279298783313 -0.0553088169690844 -0.0776108765020805
-0.0904612290431044 0.16672673829362 -0.184748577539797 0.0563469856726394
-0.175148476497798 0.00796184905538918 -0.364164754932231 -0.0274337355314733
-0.120694543912854 -0.0660375283453284 -0.552494092881198 -0.295813054787295
-0.205543083691402 -0.14615418008334 -0.477423915478171 -0.0148291959210099
-0.247255248581671 -0.0906716184918021 -0.284940587087929 -0.0345428540687309
-0.233478162866814 0.0579749385601117 -0.149632855987602 0.0132974299501406
-0.0990056835362114 0.167095935382545 0.00562106869817871 -0.0349795757789117
0.0252824781522731 0.177298857321619 -0.00862304561149212 -0.167376445863779
0.101017615153463 0.152000177257445 -0.156565336494015 -0.252499419999296
0.132155758804848 0.130003701337961 -0.314825672235749 -0.269139756205409
0.178834349188235 0.116756904271852 -0.386556008188812 -0.26043590783582
0.188031989533006 0.125741049698566 -0.367852933824383 -0.254172006863892
0.211988394196053 0.145364239650799 -0.25844864971006 -0.246751614975019
0.180474834271711 0.219350112686277 -0.108414952508505 -0.200182202982372
0.0512577387273381 0.317284902146726 -0.0215844373911558 -0.0491208312230825
-0.203357955079452 0.343913716513334 -0.179237342444335 0.0958242708580995
-0.392900140504091 0.11173786606433 -0.348295824750603 -0.0124908603488598
-0.366057082915305 -0.078832691146361 -0.48579693618356 -0.27505161648246
-0.355792383361095 -0.186587414953067 -0.3585879547717 0.0191370371519522
-0.384518696224541 -0.0899672824507965 -0.247389298562617 -0.0658521019289464
-0.362079445408766 0.0891850374092649 -0.160823951883342 -0.0113242159373235
-0.191767339902058 0.269494310468021 -0.0282346321387884 -0.0243006537179261
0.0123370244951633 0.323717277411289 -0.00844345271704872 -0.122803003997307
0.164156462290364 0.281051331576144 -0.121358228976913 -0.204065388703218
0.243561968407102 0.230744348183331 -0.240843070889432 -0.210501725878957
0.313761512268087 0.208057044588421 -0.281594588179382 -0.199329641486482
0.315144983749079 0.223653348985513 -0.262502373234649 -0.196924719683218
0.327576652272705 0.26368815829679 -0.180485030622389 -0.196381273069102
0.251252008450391 0.373746740442231 -0.0465341879126477 -0.160039916651966
0.0387282231771447 0.474503083651779 0.0234758442754465 -0.024088848025844
-0.28909503622928 0.475518728345794 -0.13463310687012 0.114231422888338
-0.547850945098586 0.201579037895414 -0.274483277054169 -0.00105026937685379
-0.547942495765141 -0.0771766121496665 -0.33786632903485 -0.241411549028167
-0.47266736060721 -0.189558233004583 -0.175805505924377 0.0758298883583684
-0.500571341160525 -0.0435334330908953 -0.146867950424372 -0.0775576858622547
-0.455432814150471 0.164576289905469 -0.135542984353168 -0.0424902104437487
-0.240472322431218 0.378335467249147 -0.0638100238087068 -0.0122095933142844
0.0199779600349905 0.443854914369603 -0.0115448617215057 -0.0480400735889905
0.21796929393254 0.373325203060853 -0.0669176254991505 -0.113998909787568
0.326444104420291 0.293526780687778 -0.128238426351408 -0.11791866413475
0.399570083096409 0.270046507455243 -0.132536621778893 -0.11054295768365
0.394006638511076 0.290022863457652 -0.112510722094474 -0.114391941741271
0.39394757623996 0.34444947978431 -0.0672787809996993 -0.120558457148497
0.28090851653771 0.473434086227114 0.030802239651952 -0.0947404552230338
0.00662050748045743 0.561765038812994 0.0693079076635507 0.00628660638876314
-0.346900477290862 0.522193912859395 -0.0733220137797258 0.109133346146281
-0.616136993233972 0.237338911677258 -0.158720643106361 -0.00243482267096392
-0.634059430932372 -0.0740924723263843 -0.129726761702024 -0.200586427101469
-0.522476820333092 -0.161226675834686 0.0493988210225018 0.13740730815918
-0.547773536276022 0.0309044422742344 0.00590709814756398 -0.0832308626810142
-0.469530930384795 0.242444662218541 -0.0782583522044753 -0.0677706034099243
-0.229075876151753 0.439868528867389 -0.0805395529473014 0.0151405433809013
0.0427418328384834 0.496359838634267 0.00252108188730926 0.0504055373270928
0.24788499440674 0.403487110381494 0.0156676690437271 0.00211033702296342
0.359464690089037 0.312175969421598 0.014182802876548 -0.00530410417214743
0.425910634089869 0.294339155458124 0.0387804579819454 -0.00464625437761376
0.405798719663014 0.318045150721343 0.0530854676257341 -0.0124607606235348
0.381403155092716 0.375864507695986 0.0553391969229246 -0.0224425939468985
0.2416933484047 0.493080219294765 0.102676876505997 -0.00686529826111467
-0.0513065583161868 0.543585579465122 0.100117594399994 0.0485629582510176
-0.362354577980611 0.448208480439763 -0.0141056849775737 0.091882547137491
-0.582057110987742 0.20431315771769 -0.0300409130761501 -0.00863614442530177
-0.607984407504636 -0.0739194792061985 0.0940474683114852 -0.152752363147307
-0.480765219165872 -0.100818070204129 0.2775535953437 0.187671842056914
-0.478984323318033 0.0936080548147693 0.170165407856153 -0.0822798679843107
-0.375096726121504 0.257131010814219 -0.00176497001328995 -0.0751858228327583
-0.170728553198568 0.397036101500193 -0.0658870108848342 0.0519610788318882
0.0524766789689399 0.443163758351691 0.0387044703766801 0.14538217138829
0.228768016384428 0.359499567751351 0.112806504649266 0.115800295435178
0.333561095439112 0.27806247197667 0.163406541407613 0.105651850772949
0.382441628347235 0.27041765809903 0.203926351399681 0.102599957809974
0.353007811912686 0.295366852755502 0.200159347400752 0.0941098576860474
0.299140216258807 0.345377189891233 0.151526392499448 0.082420846846125
0.152980543847251 0.423213355837191 0.141250987492887 0.0837029756072179
-0.107559492599721 0.415588178106602 0.101228568228198 0.0913992284994177
-0.311843113858545 0.284376289432152 0.0265733264188013 0.0712475181262935
-0.445339624930208 0.133429885394813 0.0760651080893764 -0.0062778075023245
-0.486974599146132 -0.0584987884095073 0.28676980280977 -0.0983598570280333
-0.343370761709135 -0.0330602962630654 0.462207595284842 0.222191140011807
-0.306061800424301 0.110853570963178 0.307981595390432 -0.0719589230767621
-0.211160462100877 0.178464331479639 0.0802204925944704 -0.0707656471227713
-0.107496582712557 0.253594037309802 -0.0290820873363218 0.0728672874965365
0.0296833739993461 0.304853624713103 0.0780054497884527 0.205548353022313
0.161565079261611 0.256563773917909 0.201044162530592 0.201596872955019
0.252693796266643 0.201976241392529 0.292070053173671 0.194598681897914
0.284811303720293 0.205331275189308 0.334717533678758 0.193434382129149
0.249426984321473 0.224979138843725 0.305432627766091 0.188638717732858
0.180036839527792 0.260146910083366 0.203758388614849 0.176118090621863
0.0530233389896593 0.290560700692593 0.135945455000865 0.156580182196645
-0.1261153418776 0.231107647906893 0.0709989297234578 0.117470295893135
-0.196729905336718 0.104827775458529 0.0473705597317446 0.0474173345260447
-0.249345472989319 0.0686652141446127 0.148203174574685 0.00721074174650642
-0.307379866276182 -0.0241059640515083 0.421986438023101 -0.0434115724402179
-0.137756518516934 0.026820959215144 0.568514885060539 0.237107335233552
-0.081192656286184 0.0741065413853582 0.402003748115179 -0.0555047168968196
-0.0417025041755979 0.0360668666543412 0.148760117152117 -0.0756189522520329
-0.064543762557109 0.0682365359702771 0.00174494064803553 0.0625123324840036
-0.0191335025367505 0.129233245359623 0.09931985114258 0.226683788897499
0.0567435528717317 0.122242349213807 0.255426952023032 0.251426321302995
0.12750516454893 0.100150624771772 0.377352278959361 0.249688251021028
0.144129104936293 0.108277465847817 0.416065534396651 0.253904988844897
0.117703752698648 0.117959248355366 0.36110970859575 0.258309412792234
0.0583266257275063 0.1382253127087 0.215233268545583 0.241470655929972
-0.0164631760675856 0.133269408588645 0.1001383448942 0.196730955339221
-0.0886417870123973 0.0545164142412191 0.0289683745308572 0.116431944857506
-0.0419179162467988 -0.0210814977455702 0.0642412282852841 0.0208367562649828
-0.043387210418611 0.0500362170429273 0.1935302176541 0.0232725084591169
-0.109731362754511 0.0366305585583088 0.494849977749699 0.000332859211413174
-0.039445335690445 -0.084808860450606 -0.515304816260209 -0.0230524286842052
-0.103756673776345 -0.0648218765469819 -0.267784867503756 0.0101778053211764
-0.09669753153902 0.0442976178045124 -0.117333343367367 0.0200106878422853
-0.00201791095584329 0.0684842360610309 0.0191216675826569 -0.0526291957167725
0.0362548218705387 0.0292178233396039 -0.0213831310109526 -0.178755171018234
0.0294618443132552 0.0138928236889624 -0.1652989791015 -0.248566561642361
0.00387319981789254 0.0153137161589267 -0.330859304498849 -0.274426119715068
0.0181614204071291 0.00707542473399959 -0.418363890967308 -0.273834379477011
0.0322603497623495 0.00747145591966764 -0.397940102535639 -0.269489290709868
0.070047611961159 0.00316733329936639 -0.282572616823339 -0.259709881768289
0.0920827775938246 0.0390459341424384 -0.140065073174701 -0.217026140231177
0.0558403308263834 0.122963867825688 -0.0503583043157864 -0.0763536684604966
-0.089168745908487 0.158893781523458 -0.177281405835666 0.0526937017318141
-0.171412419321401 0.00556075212830568 -0.351901293098366 -0.0349429390834114
-0.116539783890637 -0.0647909131369289 -0.531216666044505 -0.29039570583322
-0.195091675858797 -0.145811595741737 -0.462618932063521 -0.0211317619236816
-0.236642881020332 -0.0919448022860066 -0.278893214880336 -0.0358291795305672
-0.225967248663425 0.0523752607091824 -0.146191917312615 0.011481000187083
-0.0974273290865601 0.158335412999072 0.00454924876794735 -0.032453149552821
0.0212318680280989 0.169434600532017 -0.00423650796933108 -0.159824900880378
0.0949513520630811 0.14690398671676 -0.146124632873308 -0.242979462982149
0.126179872243838 0.128868772795006 -0.30114242515236 -0.261452761748705
0.172427271066719 0.115492949020276 -0.374975432187063 -0.253123910465373
0.181224031905942 0.123928688026551 -0.355217912910221 -0.250323114403501
0.2030207588887 0.141582624303388 -0.247976941102002 -0.241139973834429
0.171831908243763 0.213192356613554 -0.102306616198124 -0.197283872986635
0.0448625028913312 0.305545885219913 -0.0183816747354945 -0.0484688461138718
-0.203309251530841 0.329317521274037 -0.171178440635447 0.0925517699136931
-0.384600093469012 0.103064453065491 -0.336656558759701 -0.0185324053772462
-0.354871148647795 -0.0812070714028705 -0.464020349895488 -0.270197875803662
-0.341200849775406 -0.187869692805865 -0.347269498787718 0.0135545040360501
-0.368803639534106 -0.0936308369066202 -0.241939282652341 -0.0659541455973127
-0.351526654523622 0.0803331307570776 -0.157209334788943 -0.0134989530941654
-0.188590055064883 0.256059624360732 -0.0283138677339723 -0.0220203524699789
0.00683796676307427 0.311998262891206 -0.00462892302330861 -0.116444454541288
0.153626474078809 0.27204499005333 -0.114610287875602 -0.196532528707652
0.232525915885642 0.22685153742318 -0.230126975952801 -0.203568366908417
0.301236349250437 0.205850342054567 -0.273874256918528 -0.193508807689115
0.304724969595658 0.22026436310928 -0.252473998435724 -0.193244972451352
0.313813027555576 0.257353679751048 -0.174081420523779 -0.190758153345119
0.239759502510149 0.363026051595615 -0.0437929234064471 -0.158502526628308
0.0302238074549738 0.457532788820819 0.0252952852596674 -0.0245385165746084
-0.289396655042923 0.455329765486581 -0.128445047306565 0.113220828162534
-0.535264555788101 0.187808368975867 -0.262816421344228 -0.00460076430564714
-0.529948129811603 -0.0814461768635577 -0.319155121600851 -0.234451640592012
-0.452922853239483 -0.192829740577537 -0.172342859429953 0.0721839684319412
-0.482458841685735 -0.0507435255966703 -0.14414107940434 -0.0755694356263426
-0.443654135496104 0.150952079980995 -0.133747825863491 -0.0448966647449619
-0.236135979527149 0.361259016260749 -0.0632860223396679 -0.0108701773030835
0.0129234050476967 0.428732160523051 -0.00919921861371007 -0.0443318375224319
0.204641438154506 0.364737585809713 -0.0642622938468633 -0.109593123649692
0.312877402467798 0.289492181130552 -0.12312535388376 -0.11285166816159
0.386098170386744 0.265727040364774 -0.129014938810936 -0.106784815369675
0.380862291195761 0.284661524158915 -0.108370843675848 -0.111419894508174
0.377355269291664 0.335264714993838 -0.0654468631893612 -0.115981540937111
0.268496696240062 0.459277678025745 0.0287874693600559 -0.0952972836124197
-0.00119011703623278 0.543934240090288 0.0684624815341692 0.00501915390690071
-0.343230242808437 0.499796434076078 -0.0689062242917333 0.109766535671725
-0.602208845854633 0.220065070212013 -0.149475240946857 -0.00293799800281933
-0.612391397605491 -0.0814248518315428 -0.118429239378108 -0.192311621490698
-0.501779837771359 -0.166122133531646 0.0446237501358189 0.134540378193999
-0.530099163535261 0.0190050157316472 0.00310861307507614 -0.079074000524181
-0.459822927566967 0.226827273651587 -0.0778236426327479 -0.0696746245114313
-0.227037687185194 0.420250056948664 -0.0800906515050945 0.0156198173091092
0.0353358414729631 0.479588046032473 0.00322194401284415 0.0512144563915778
0.233278620372365 0.394903534029376 0.0129650226224191 0.00374905325887373
0.343351999425831 0.307525854359675 0.0131815664113405 -0.00300834932527078
0.410261945313578 0.288913291993794 0.0366028490308363 -0.00389529898727502
0.392733511217736 0.312592124050302 0.0515015955599778 -0.0122914891035215
0.365064411065288 0.366972479183349 0.0515953727524139 -0.0201422303954659
0.229227954547302 0.478130348939616 0.0970939003687942 -0.00990273727852785
-0.0571275835473403 0.522937314635411 0.0971614801946662 0.0461443103291411
-0.359092087212039 0.429361197134341 -0.0121258996924849 0.0936416504538517
-0.567206592382294 0.188219069385687 -0.024730177002344 -0.00550787282635447
-0.588129650843449 -0.0813479067424579 0.0972362675568644 -0.142970947907737
-0.460990672893208 -0.108041107696675 0.264007993366047 0.186231948255182
-0.464618588193753 0.0825160363624164 0.162363014037893 -0.0771484345694316
-0.370478906157394 0.242207070903201 -0.00348039189519881 -0.0757286468980599
-0.171789248673446 0.379988927581325 -0.0660294958043858 0.0515264498690732
0.0456228082866201 0.428310133582171 0.0365595538652937 0.143748091632589
0.217049494180067 0.35295067082523 0.104827371334672 0.114416612841488
0.319849283284086 0.272901397432223 0.156545522827067 0.104858663601982
0.369399489221177 0.264976312729856 0.196338367187213 0.0994385796451247
0.341019584799908 0.289362798044275 0.193094222038596 0.0912714097590204
0.284768233134746 0.334630988581557 0.1444637153813 0.0821455248414317
0.144930221184767 0.408437940728042 0.13317348634369 0.0789555533035017
-0.108337057695232 0.398920109411969 0.0976174616682828 0.0875182155624186
-0.307278733897536 0.271803774878379 0.0264511224623427 0.0734296582234225
-0.433137900255292 0.120639655022012 0.078953685701699 -0.00152087895599014
-0.469630685632856 -0.0657249357215663 0.281912002289606 -0.0887889131175895
-0.331183948233856 -0.0393551274153608 0.442248556349831 0.222528953223901
-0.297779342817981 0.10187682266045 0.297543031814045 -0.0654803497206542
-0.20980904679554 0.168859688864524 0.0760729764116364 -0.0697189860810643
-0.108014052953128 0.243805206332248 -0.0303153034305719 0.0714388843847692
0.0259191277210803 0.296373634734123 0.0732311150103538 0.202145084210659
0.153377227623414 0.251652830706892 0.188073984266597 0.198595124203202
0.241427917948241 0.197598323725666 0.280095969317849 0.191776473733993
0.274657106960723 0.201385187686953 0.323069691533152 0.188823855110585
0.240674546068812 0.221018896863068 0.294103406571271 0.183940863956064
0.171192185734577 0.25278580638818 0.193643658513487 0.171937101791485
0.0486550853200752 0.279453840417828 0.126974288223041 0.149303710544218
-0.124287680978518 0.220469272210319 0.0680355797454164 0.112147189986685
-0.192482933449095 0.0990643758625635 0.0452429547573795 0.049252383003698
-0.240813089119462 0.0618548346051286 0.146361228209827 0.0115617235051096
-0.297174424558311 -0.0291404654410344 0.411058699936682 -0.035402912389821
-0.133740550381053 0.021897916590131 0.547258137196823 0.237646675973095
-0.0793244647799506 0.0704253455648447 0.389047006333946 -0.0503247253144063
-0.0428452484819446 0.0339250753849941 0.143544904995859 -0.0735532238088051
-0.0638330564367721 0.0651259618490817 -0.000355704919038535 0.0622134598090959
-0.0192745949905162 0.125585205765606 0.0923163626354001 0.223034504158691
0.0532975749520797 0.120173104636288 0.24353236517308 0.246829862904724
0.121670575508866 0.0973544565387404 0.361405582047511 0.243586073944473
0.139933773684967 0.105016829029696 0.40201726761115 0.2472593136846
0.114113852901236 0.115842683910698 0.347658662775907 0.251325031843753
0.0545503908949794 0.134942410937377 0.205692384243332 0.233971697832721
-0.0169660553061375 0.127801049446137 0.0934237773850514 0.187815099979914
-0.0857804851737507 0.0512153116227291 0.028173417862844 0.110594527972458
-0.0413160709809661 -0.0205540034636314 0.0615709851962012 0.0213562383024114
-0.0422383570511477 0.0465242461023909 0.189405627293714 0.0279265740888623
-0.106195127561414 0.0321227477922304 0.478542464391496 0.00755021660350248
-0.0369033028881462 -0.0865095347555777 -0.517422005245931 -0.0345446585827384
-0.102454852206904 -0.0677659849525349 -0.270667564331003 0.00359893463458027
-0.0970348374652404 0.0418227647807778 -0.11884321469103 0.0193992329316871
-0.00312008642770945 0.0679071441873239 0.0187590344690489 -0.0513398314724644
0.0351434420100296 0.0289512100738804 -0.0158592433616079 -0.178731667529181
0.0285211638305807 0.014142787356991 -0.156721207645341 -0.251606914898842
0.00428994220781825 0.0173301955766166 -0.325258413369008 -0.280544199341947
0.0179379960876826 0.00875476456357303 -0.416256962806972 -0.281503585751271
0.0309729278654191 0.00851875944581222 -0.39344452511736 -0.279935208304703
0.0703124040196826 0.00446059596861382 -0.278686171034476 -0.267815812056665
0.0909936041227727 0.0396753553565423 -0.134308866333723 -0.222090062489624
0.0533953052414222 0.12461177699853 -0.0467685982701674 -0.0783651965293764
-0.0934644332828898 0.156938648285266 -0.176307439151047 0.0487398846640865
-0.173897824994758 0.00253791894709747 -0.352782760040161 -0.0474931638855358
-0.115805538384791 -0.0674482535561467 -0.526453824065911 -0.304644910948677
-0.192004348787591 -0.15221762715511 -0.462845219811544 -0.0330229728297437
-0.234402982645121 -0.0992939279539522 -0.28116918663312 -0.0425465184544793
-0.227671159997029 0.045940050602699 -0.148925102627121 0.00862303965702524
-0.100764558723041 0.155760523775673 0.00426523316355911 -0.0316045143292608
0.0167620026154615 0.169681104981346 0.000746406975343839 -0.159178683725316
0.0909702349761074 0.14890632609709 -0.138534910875598 -0.245239665017382
0.124151053584975 0.133775168513921 -0.294985916839402 -0.265612394988978
0.171050079943908 0.121452309128521 -0.373874614986262 -0.258596227506073
0.179672078684576 0.128860121925793 -0.351990181043062 -0.258476696250467
0.20028873552609 0.146300020443462 -0.245875211074484 -0.247376484432366
0.167585785861891 0.217015564604913 -0.0972347493042017 -0.202741306096981
0.036703221340559 0.307703917094126 -0.0150171137569186 -0.0497036294317571
-0.212482112275477 0.324545148633112 -0.171151899682757 0.0902941891590684
-0.390463506558133 0.0953919445295626 -0.336103385255467 -0.0296932643631182
-0.354310771008909 -0.089970013904869 -0.456255758852312 -0.281195815002729
-0.335498105909559 -0.199591237700418 -0.351297923215604 0.00537341538179418
-0.366006411321586 -0.105145128054579 -0.245512320553946 -0.070952431443001
-0.355360730905975 0.070613933105235 -0.159933356438027 -0.0180277066101636
-0.194357707608354 0.251158770117339 -0.0299714777154302 -0.0219266120098776
-0.000663528175111493 0.311305311146222 -0.000256083535088953 -0.115498217332483
0.146523115430255 0.276433597243799 -0.109602536337826 -0.197889053091338
0.229501947138463 0.235125165616661 -0.226595819486333 -0.20705899726111
0.300500482263423 0.21483155007703 -0.273700067040207 -0.197071873789777
0.302628366416224 0.227998295585015 -0.250854482995682 -0.199175949268682
0.307597591571719 0.26395249288898 -0.172199361519434 -0.194543708085965
0.232868375319089 0.367550113823563 -0.0417175245976542 -0.163033693714875
0.0175329021534792 0.459704429756613 0.0277555980101308 -0.0254311268516332
-0.302454195301075 0.452137339937208 -0.127773983287609 0.112854905198662
-0.544300312544955 0.174315299205397 -0.262028257546051 -0.0117423220016036
-0.530601340282063 -0.0966538524350412 -0.311087732897783 -0.241293461078965
-0.447678768691461 -0.208876932178324 -0.17669816047293 0.068897693715413
-0.481697328422856 -0.0656996442563243 -0.14703411283703 -0.0789150899467003
-0.450929328212165 0.138866481779068 -0.136384928637591 -0.0498857808691102
-0.247295549796491 0.354791785012277 -0.0658495556034509 -0.0109150996307189
0.0034613804917142 0.430016358484618 -0.00569092106470721 -0.0426936011914129
0.195807177305856 0.370069916261581 -0.0627709114305194 -0.109131039089547
0.306408010166264 0.298285450224116 -0.121491742869471 -0.113484573836967
0.384303851870956 0.275772133384334 -0.129958122823985 -0.108589616949067
0.37844883473965 0.295095152504652 -0.106860061067527 -0.114364080869896
0.36998362959119 0.344123499283289 -0.0648058307958667 -0.116491872767912
0.258012807604723 0.46522295005518 0.0288591410958365 -0.0980755885455633
-0.0159404305655532 0.54538313508176 0.0701611999049624 0.00468877825841255
-0.361661263271185 0.494119879455607 -0.067063171640465 0.112843463135637
-0.611798846194659 0.205983906969971 -0.146076433990758 -0.00652011699444365
-0.611941919902802 -0.0970277361038402 -0.110576645887307 -0.193934795474204
-0.498258094251582 -0.18273940790235 0.0398148124391768 0.137015125903401
-0.531137839935382 0.00294805827504418 0.00102742228224159 -0.0781280026400266
-0.470792403904168 0.21537316174417 -0.0801865835015041 -0.073945148465387
-0.239525406177055 0.41543435335274 -0.082729285945633 0.0156485152560185
0.0242646742980296 0.482084083197648 0.00426302398895267 0.0537863522356089
0.224247955628664 0.40242276828231 0.0104477658942515 0.00557871584978976
0.33765988638381 0.316957056609121 0.0121886542708489 -0.000994265840453633
0.407310793465148 0.298943754902958 0.0354604981762571 -0.0024284732494816
0.390846493062887 0.322968015766113 0.0521902678569549 -0.0118482120347221
0.356638125124094 0.373660143745856 0.0510754945567668 -0.0174116974468013
0.220590395944539 0.4813371155541 0.0947005823553282 -0.0103653233126597
-0.0700403506440776 0.523703206431419 0.0983830829133792 0.0467497927744019
-0.373339622838526 0.423058432200397 -0.0114692494053819 0.0983222433971693
-0.574716868715836 0.175773929292081 -0.0199613050594961 -0.00626799671743554
-0.587849239695149 -0.0981850806592436 0.104923494279712 -0.139112242903225
-0.460597782962159 -0.123895907014503 0.259069835614656 0.195094050927138
-0.466958684331434 0.0679442321942015 0.161008403034507 -0.0728941162170912
-0.380970129252522 0.23237874935254 -0.00532544013597322 -0.0788075485348222
-0.182051243793929 0.376263244792697 -0.0686721189751136 0.0516995235105638
0.0349737812592653 0.431923169086436 0.0347890637012652 0.146811927998315
0.208283448121743 0.360920178524238 0.0992597615619578 0.118719787746932
0.315013669383875 0.282029861928313 0.153170673692531 0.110159000686761
0.367729826061433 0.274003670013205 0.194392940357798 0.103316287178054
0.338196333871824 0.298543673276379 0.192871646574458 0.0953002545050459
0.279240246766692 0.341801256237032 0.142417805616096 0.0864329893828105
0.136823146138307 0.410986550874196 0.128892864455014 0.078967482262013
-0.118164018812673 0.395722763858238 0.0973754483818895 0.0884456080996723
-0.317351845542332 0.264722513022763 0.026880864845901 0.0788014770831768
-0.436953489212935 0.109048643353882 0.0833735255716516 0.0022052386122856
-0.46899110412353 -0.0805171052295448 0.288266176209555 -0.0811417950429696
-0.330441022363705 -0.0504476608885573 0.437571905703111 0.235861054518467
-0.30027514373038 0.0933150356769249 0.297578327253913 -0.0596471712065961
-0.217295339414618 0.163862103243174 0.0753268227985847 -0.0706406169934271
-0.11566458686489 0.241602321694876 -0.0333360830892792 0.0728448314311844
0.0193306788637349 0.298344301738586 0.0689228228474891 0.206147596056794
0.147269936079278 0.2583552223998 0.180427821535451 0.204957128458833
0.237590778827698 0.203762696973518 0.275529314670194 0.198896855754311
0.27332751240773 0.207401033649148 0.321776488647402 0.193501485976253
0.239466955963588 0.226576977221383 0.291993194541126 0.188813965009536
0.165571441645102 0.256098231168064 0.190306887734573 0.176447319623624
0.04283386433179 0.279859141625597 0.121970509318409 0.149577132753915
-0.129322163049411 0.217058234735713 0.0667835806205496 0.111927696277476
-0.197081906377543 0.0950255539002466 0.0452733507806875 0.0533855297275726
-0.243180506650604 0.0538656634797144 0.151220695868004 0.0177761943653129
-0.297045823138569 -0.0398132658384665 0.415157124482352 -0.0256289958303486
-0.135160131985208 0.0172156752483521 0.541823176041235 0.252355339328842
-0.0812761843232346 0.0679720967841125 0.390836214403296 -0.0408509469742945
-0.0461184366186686 0.0325730198172163 0.14431454346513 -0.0711892685071653
-0.0657722949511792 0.0642087856310146 -0.00302732096745146 0.0640276976425108
-0.0216898043139386 0.126211146608696 0.0869269490709238 0.228028029940958
0.0513439599394627 0.124106031681547 0.235399758128032 0.253491838133353
0.119379163637409 0.0997493861412719 0.357580985219986 0.252601310452571
0.138832955186593 0.107457576225904 0.399760216911159 0.254175197738495
0.113657607914156 0.11904286285183 0.344479364891841 0.257159914085702
0.0522004300749462 0.136837913678748 0.20007151429884 0.23827854069697
-0.0195042075484131 0.127020866243318 0.0880206385240165 0.188537995645444
-0.0871440076739391 0.0488237732739454 0.0263472913526839 0.108957067311723
-0.0418100533046997 -0.0215360163578285 0.0612477094238097 0.0233266840828292
-0.0424568989208578 0.0444013676522532 0.193582371017268 0.0344350412415241
-0.107439736318501 0.0276733709373418 0.480639497754458 0.0167563483199474
