TRXV5
3
4
4
9
string Extension=J
integer IsArchMeasurement=1
integer IsSpherical=1
string Generator=SPM
string GeneratorVersion=1.3.1 Dev
double ArchRadius=0.449999988079071
integer FrequencyAxisIndex=0
integer AzimuthAxisIndex=1
integer ElevationAxisIndex=2
Frequency
5 201 600000000 700000000 LIN
Azimuth
7 8 0 2.74889357189107 LIN
Elevation
7 15 -2.74889357189107 2.74889357189107 LIN
Polar H Real Part
13
Polar H Imaginary Part
14
Polar V Real Part
13
Polar V Imaginary Part
14
Polar H Magnitude (dB)
12 0xC0000002 0 1
Polar H Phase
7 0xC0000003 0 1
Polar V Magnitude (dB)
12 0xC0000002 2 3
Polar V Phase
7 0xC0000003 2 3
0.0125532150268555 -0.00343990325927734 -0.111114501953125 -0.136093139648438
0.00539779663085937 0.024322509765625 0.16326904296875 -0.1951904296875
0.00743865966796875 0.0300254821777344 0.455413818359375 -0.060211181640625
-0.0222682952880859 0.0216140747070313 0.545684814453125 0.343841552734375
-0.0547523498535156 -0.0163497924804687 0.06390380859375 0.75762939453125
-0.0223312377929688 -0.0839385986328125 -0.6280517578125 0.7105712890625
0.0567817687988281 -0.0114517211914063 -0.73358154296875 0.19525146484375
0.109214782714844 0.0729141235351563 0.107086181640625 0.139999389648438
0.0952987670898437 0.0168838500976562 0.973876953125 -0.0811767578125
0.0276679992675781 -0.0399017333984375 0.7283935546875 -0.7808837890625
-0.0349407196044922 -0.0302219390869141 -0.19378662109375 -0.81402587890625
-0.0334911346435547 -0.000251770019531251 -0.5855712890625 -0.240234375
-0.00371932983398438 0.0237102508544922 -0.430023193359375 0.106781005859375
0.0121479034423828 0.0233001708984375 -0.067169189453125 0.21270751953125
0.0134258270263672 -0.00733852386474609 0.157333374023438 0.100814819335938
0.0117015838623047 -0.00118541717529297 -0.112083435058594 -0.127975463867188
0.002471923828125 0.0269050598144531 0.16424560546875 -0.188812255859375
0.00412559509277344 0.029052734375 0.453765869140625 -0.04962158203125
-0.0246315002441406 0.0187206268310547 0.53936767578125 0.353973388671875
-0.0541229248046875 -0.0211563110351562 0.04864501953125 0.75946044921875
-0.0158309936523437 -0.086822509765625 -0.64813232421875 0.703125
0.0603675842285156 -0.00972366333007813 -0.7406005859375 0.18414306640625
0.109382629394531 0.0742034912109375 0.105751037597656 0.135261535644531
0.0967178344726563 0.0147018432617188 0.9642333984375 -0.09490966796875
0.0309181213378906 -0.0437202453613281 0.70574951171875 -0.79315185546875
-0.0351753234863281 -0.0330886840820313 -0.21044921875 -0.809326171875
-0.0355110168457031 -0.003387451171875 -0.593505859375 -0.230224609375
-0.0050201416015625 0.0251922607421875 -0.43170166015625 0.114227294921875
0.0104255676269531 0.0259571075439453 -0.06805419921875 0.220901489257813
0.0135164260864258 -0.00466537475585938 0.15576171875 0.107315063476563
0.0109748840332031 -0.0006256103515625 -0.11456298828125 -0.122306823730469
0.00116157531738281 0.0282611846923828 0.163650512695313 -0.183090209960938
0.00223922729492187 0.0301914215087891 0.45184326171875 -0.040435791015625
-0.0240631103515625 0.0167407989501953 0.530181884765625 0.362152099609375
-0.0512886047363281 -0.02392578125 0.03118896484375 0.7581787109375
-0.0155487060546875 -0.0880050659179687 -0.66461181640625 0.693603515625
0.0596694946289062 -0.0121612548828125 -0.748046875 0.1712646484375
0.108985900878906 0.07354736328125 0.102813720703125 0.13018798828125
0.096221923828125 0.0136032104492187 0.95489501953125 -0.1094970703125
0.0292091369628906 -0.0461158752441406 0.68939208984375 -0.800537109375
-0.0344085693359375 -0.03515625 -0.22637939453125 -0.79986572265625
-0.0344219207763672 -0.00428962707519531 -0.5977783203125 -0.22039794921875
-0.00519561767578125 0.0245246887207031 -0.43170166015625 0.123321533203125
0.00970840454101563 0.02569580078125 -0.0667724609375 0.229644775390625
0.0116605758666992 -0.00516796112060547 0.155471801757813 0.116302490234375
0.011998176574707 -0.00133323669433594 -0.113136291503906 -0.113456726074219
0.00578689575195313 0.0262336730957031 0.164688110351563 -0.173965454101563
0.00757789611816406 0.0318279266357422 0.4522705078125 -0.030609130859375
-0.0199489593505859 0.0205135345458984 0.52227783203125 0.37603759765625
-0.0533561706542969 -0.0218620300292969 0.0158081054687501 0.7659912109375
-0.0157699584960938 -0.0884017944335937 -0.68524169921875 0.68597412109375
0.0609626770019531 -0.0124931335449219 -0.75958251953125 0.16131591796875
0.109474182128906 0.06964111328125 0.103546142578125 0.125389099121094
0.0942230224609375 0.0071258544921875 0.94781494140625 -0.12371826171875
0.0278663635253906 -0.0464401245117188 0.67108154296875 -0.8109130859375
-0.0343208312988281 -0.0316562652587891 -0.239990234375 -0.79876708984375
-0.0318603515625 0.000448226928710941 -0.6046142578125 -0.210205078125
-0.000118255615234375 0.0251350402832031 -0.433929443359375 0.13177490234375
0.0132827758789063 0.0270252227783203 -0.06915283203125 0.23651123046875
0.0129051208496094 -0.00743961334228516 0.150161743164063 0.120025634765625
0.0131940841674805 -0.00449371337890625 -0.117195129394531 -0.110206604003906
0.010406494140625 0.0259075164794922 0.162078857421875 -0.169464111328125
0.0151519775390625 0.0329532623291016 0.449554443359375 -0.024627685546875
-0.0130157470703125 0.0234928131103516 0.516693115234375 0.384521484375
-0.0516433715820313 -0.0181694030761719 0.00402832031250002 0.7694091796875
-0.018585205078125 -0.089508056640625 -0.70159912109375 0.680908203125
0.058624267578125 -0.0169486999511719 -0.764892578125 0.15557861328125
0.111618041992188 0.0644149780273438 0.101333618164063 0.123519897460938
0.0934295654296875 0.00351715087890625 0.94134521484375 -0.13134765625
0.0243721008300781 -0.0436744689941406 0.65496826171875 -0.81671142578125
-0.0332698822021484 -0.0267906188964844 -0.25384521484375 -0.793701171875
-0.0248508453369141 0.00247955322265625 -0.6087646484375 -0.2017822265625
0.00456428527832031 0.028167724609375 -0.434051513671875 0.1378173828125
0.0181350708007813 0.0258903503417969 -0.0671844482421875 0.2392578125
0.0114669799804688 -0.0107717514038086 0.146514892578125 0.126358032226563
0.0172853469848633 -0.00762557983398438 -0.116775512695312 -0.106269836425781
0.016876220703125 0.0248737335205078 0.164474487304688 -0.167816162109375
0.0258121490478516 0.0325584411621094 0.448455810546875 -0.023681640625
-0.00664520263671875 0.0290069580078125 0.513214111328125 0.38812255859375
-0.0509262084960938 -0.0100898742675781 -0.00531005859375009 0.77197265625
-0.0226821899414063 -0.086578369140625 -0.7061767578125 0.67510986328125
0.0560226440429688 -0.0218658447265625 -0.7685546875 0.151611328125
0.111610412597656 0.0585250854492188 0.100349426269531 0.123207092285156
0.0918502807617188 0.0023956298828125 0.93804931640625 -0.1346435546875
0.016937255859375 -0.0422554016113281 0.64703369140625 -0.81671142578125
-0.0316658020019531 -0.0176315307617188 -0.2578125 -0.79095458984375
-0.016845703125 0.00799274444580078 -0.61126708984375 -0.1966552734375
0.0129833221435547 0.0304679870605469 -0.437164306640625 0.14093017578125
0.0243625640869141 0.0242919921875 -0.068450927734375 0.242538452148438
0.0134296417236328 -0.0156087875366211 0.142166137695313 0.126129150390625
0.0195693969726563 -0.0134983062744141 -0.118057250976563 -0.106964111328125
0.0229454040527344 0.0244693756103516 0.164093017578125 -0.166793823242188
0.0355606079101563 0.033172607421875 0.446014404296875 -0.022979736328125
-0.00155258178710937 0.0361289978027344 0.513763427734375 0.3887939453125
-0.0528717041015625 -0.00216293334960937 -0.00384521484374993 0.771484375
-0.028961181640625 -0.0832290649414063 -0.70953369140625 0.6802978515625
0.0526313781738281 -0.0235939025878906 -0.7694091796875 0.15142822265625
0.113182067871094 0.0521240234375 0.0978469848632813 0.123092651367188
0.0871505737304688 -0.0019683837890625 0.9388427734375 -0.13336181640625
0.0119247436523437 -0.0376434326171875 0.64801025390625 -0.81494140625
-0.0321807861328125 -0.0106391906738281 -0.25823974609375 -0.791015625
-0.010706901550293 0.0148038864135742 -0.61199951171875 -0.1976318359375
0.0256328582763672 0.0315322875976563 -0.438232421875 0.141998291015625
0.0314121246337891 0.020751953125 -0.068756103515625 0.239990234375
0.0118083953857422 -0.0221157073974609 0.140716552734375 0.125885009765625
0.0208015441894531 -0.0174942016601562 -0.119026184082031 -0.112350463867188
0.0307788848876953 0.0203037261962891 0.160781860351563 -0.173782348632813
0.0453109741210938 0.03228759765625 0.44671630859375 -0.0279541015625
0.00689697265625 0.0437965393066406 0.51629638671875 0.3843994140625
-0.0524406433105469 0.00551223754882812 0.00341796875000001 0.77325439453125
-0.0355148315429687 -0.077117919921875 -0.70147705078125 0.68719482421875
0.0480804443359375 -0.0275802612304688 -0.767578125 0.15814208984375
0.114295959472656 0.0475616455078125 0.0966796875 0.124763488769531
0.0830459594726563 -0.00469970703125 0.94049072265625 -0.12646484375
0.00757789611816406 -0.0339851379394531 0.6552734375 -0.80975341796875
-0.0325088500976563 -0.00169944763183594 -0.25250244140625 -0.7955322265625
-0.00409698486328125 0.0191860198974609 -0.60968017578125 -0.20184326171875
0.0315876007080078 0.0292415618896484 -0.43731689453125 0.136138916015625
0.0381088256835938 0.0185127258300781 -0.068359375 0.235488891601562
0.0120353698730469 -0.0269947052001953 0.139450073242187 0.123367309570312
0.0124397277832031 -0.00274848937988281 -0.111778259277344 -0.13507080078125
0.00455093383789062 0.0240497589111328 0.162139892578125 -0.196578979492187
0.00611495971679688 0.0287075042724609 0.454803466796875 -0.059600830078125
-0.0215873718261719 0.0229969024658203 0.545166015625 0.33868408203125
-0.0568885803222656 -0.01593017578125 0.0665283203124999 0.75360107421875
-0.0211868286132812 -0.0814208984375 -0.625732421875 0.711181640625
0.0549888610839844 -0.0107383728027344 -0.729736328125 0.19580078125
0.107551574707031 0.0731277465820313 0.107063293457031 0.139816284179688
0.0940475463867188 0.0170059204101563 0.9659423828125 -0.08367919921875
0.0279006958007812 -0.0397682189941406 0.72137451171875 -0.7796630859375
-0.03460693359375 -0.0287380218505859 -0.19415283203125 -0.80999755859375
-0.0325355529785156 0.000526428222656254 -0.58526611328125 -0.2373046875
-0.00298118591308594 0.0227756500244141 -0.429534912109375 0.1051025390625
0.0140247344970703 0.0235996246337891 -0.067352294921875 0.211685180664063
0.0115337371826172 -0.00617694854736328 0.156158447265625 0.100509643554688
0.0140457153320313 0.000500679016113281 -0.111274719238281 -0.129814147949219
0.00306892395019531 0.0267448425292969 0.1630859375 -0.188125610351562
0.00270652770996094 0.0295276641845703 0.453338623046875 -0.0531005859375
-0.0246334075927734 0.0191764831542969 0.537139892578125 0.348846435546875
-0.054046630859375 -0.0200614929199219 0.0513916015624999 0.75677490234375
-0.017913818359375 -0.0849761962890625 -0.64404296875 0.70123291015625
0.059326171875 -0.0112648010253906 -0.73992919921875 0.1827392578125
0.10809326171875 0.0750503540039063 0.10357666015625 0.133956909179688
0.09466552734375 0.0156021118164062 0.95880126953125 -0.0965576171875
0.0305252075195313 -0.042633056640625 0.70074462890625 -0.7901611328125
-0.0354843139648438 -0.0315895080566406 -0.2120361328125 -0.804443359375
-0.0359992980957031 -0.00348663330078125 -0.59033203125 -0.2276611328125
-0.00646209716796875 0.0256061553955078 -0.427734375 0.11700439453125
0.0110187530517578 0.0241870880126953 -0.0666351318359375 0.220947265625
0.0128107070922852 -0.00441360473632813 0.155487060546875 0.1068115234375
0.0138645172119141 -0.000692367553710938 -0.11279296875 -0.120651245117188
0.00247955322265625 0.0273952484130859 0.163528442382813 -0.18212890625
0.00542259216308594 0.0289840698242188 0.448638916015625 -0.043304443359375
-0.0242900848388672 0.0174770355224609 0.529296875 0.36114501953125
-0.05462646484375 -0.0239105224609375 0.0317382812499999 0.75469970703125
-0.0161285400390625 -0.0868148803710938 -0.66046142578125 0.691650390625
0.0613784790039062 -0.0105056762695312 -0.745361328125 0.17156982421875
0.108451843261719 0.0707855224609375 0.103065490722656 0.129783630371094
0.094146728515625 0.0137481689453125 0.94879150390625 -0.11016845703125
0.0286521911621094 -0.0439491271972656 0.682861328125 -0.7957763671875
-0.0329704284667969 -0.0334281921386719 -0.2276611328125 -0.797607421875
-0.0341987609863281 -0.00278472900390624 -0.59674072265625 -0.2174072265625
-0.00398826599121094 0.0248947143554688 -0.42926025390625 0.125701904296875
0.0113582611083984 0.0250968933105469 -0.066314697265625 0.225814819335938
0.011418342590332 -0.00363349914550781 0.154022216796875 0.116073608398438
0.0130681991577148 -0.00177574157714844 -0.113128662109375 -0.11376953125
0.00389862060546875 0.0271358489990234 0.163681030273438 -0.175674438476563
0.00826835632324219 0.0316562652587891 0.449615478515625 -0.033447265625
-0.0208473205566406 0.0207595825195312 0.52105712890625 0.37103271484375
-0.0546798706054688 -0.0221405029296875 0.0168457031249999 0.76226806640625
-0.0154266357421875 -0.0876235961914063 -0.68048095703125 0.68670654296875
0.0588645935058594 -0.0136489868164062 -0.7547607421875 0.16290283203125
0.108512878417969 0.0687789916992188 0.100532531738281 0.123062133789063
0.09320068359375 0.00794219970703125 0.94171142578125 -0.1246337890625
0.0271110534667969 -0.0439338684082031 0.6666259765625 -0.8067626953125
-0.03326416015625 -0.0316810607910156 -0.2425537109375 -0.7930908203125
-0.0310516357421875 0.000535964965820307 -0.603759765625 -0.20880126953125
-0.00130844116210938 0.0269889831542969 -0.43231201171875 0.132598876953125
0.0151176452636719 0.0242633819580078 -0.06536865234375 0.235366821289063
0.0128507614135742 -0.00722980499267578 0.14910888671875 0.118896484375
0.0157051086425781 -0.00318622589111328 -0.115562438964844 -0.109283447265625
0.00993156433105469 0.0266265869140625 0.16455078125 -0.168350219726562
0.0162181854248047 0.0303173065185547 0.446258544921875 -0.027740478515625
-0.0127410888671875 0.0230350494384766 0.513824462890625 0.379425048828125
-0.0521125793457031 -0.0179557800292969 0.00451660156249994 0.76263427734375
-0.0192413330078125 -0.0866165161132813 -0.6966552734375 0.6800537109375
0.0584182739257813 -0.0163803100585938 -0.76019287109375 0.15484619140625
0.109825134277344 0.0634078979492188 0.100662231445313 0.122611999511719
0.091583251953125 0.0052032470703125 0.93524169921875 -0.13262939453125
0.0254249572753906 -0.0440139770507813 0.64947509765625 -0.81475830078125
-0.0337429046630859 -0.0248069763183594 -0.2554931640625 -0.78900146484375
-0.0252494812011719 0.00574302673339844 -0.60626220703125 -0.19818115234375
0.00624275207519531 0.0272102355957031 -0.433349609375 0.13818359375
0.0182476043701172 0.0248508453369141 -0.0668182373046875 0.239181518554688
0.0118494033813477 -0.0114889144897461 0.14617919921875 0.124176025390625
0.0161924362182617 -0.00753211975097656 -0.116020202636719 -0.105667114257813
0.0170764923095703 0.0246810913085937 0.165298461914063 -0.166900634765625
0.0248737335205078 0.0304126739501953 0.44635009765625 -0.0245361328125
-0.00632095336914063 0.0279922485351563 0.51422119140625 0.382843017578125
-0.0521965026855469 -0.0104255676269531 -0.00213623046875003 0.7662353515625
-0.02423095703125 -0.084442138671875 -0.7054443359375 0.6739501953125
0.0541648864746094 -0.017791748046875 -0.7646484375 0.15191650390625
0.110755920410156 0.0584030151367188 0.0973587036132813 0.120399475097656
0.0902252197265625 0.0009765625 0.93206787109375 -0.134765625
0.0183792114257812 -0.0421485900878906 0.64239501953125 -0.811767578125
-0.0337066650390625 -0.0188827514648437 -0.25933837890625 -0.7872314453125
-0.01904296875 0.00867462158203125 -0.6082763671875 -0.19708251953125
0.0143756866455078 0.0303745269775391 -0.433746337890625 0.142547607421875
0.0264034271240234 0.0218601226806641 -0.0652313232421875 0.24139404296875
0.0112800598144531 -0.0143623352050781 0.142166137695313 0.127288818359375
0.0171890258789063 -0.0130653381347656 -0.116401672363281 -0.108222961425781
0.0242805480957031 0.0224037170410156 0.161346435546875 -0.169342041015625
0.0364913940429688 0.0337028503417969 0.445404052734375 -0.026123046875
0.000698089599609373 0.0373420715332031 0.511688232421875 0.385528564453125
-0.0529441833496094 -0.00364685058593749 -0.00372314453125002 0.7686767578125
-0.0304107666015625 -0.0797119140625 -0.7032470703125 0.6781005859375
0.0536575317382813 -0.0224533081054688 -0.76629638671875 0.1534423828125
0.113922119140625 0.0513381958007812 0.0971755981445313 0.12200927734375
0.0857772827148437 -0.00443267822265625 0.9346923828125 -0.135009765625
0.0125312805175781 -0.0375099182128906 0.645263671875 -0.81109619140625
-0.0323410034179688 -0.00965881347656251 -0.259033203125 -0.788330078125
-0.0111789703369141 0.0134677886962891 -0.60845947265625 -0.19384765625
0.0237884521484375 0.0301246643066406 -0.43670654296875 0.1424560546875
0.0316333770751953 0.0201587677001953 -0.065704345703125 0.238449096679688
0.00993728637695312 -0.0227432250976562 0.1407470703125 0.126495361328125
0.0215339660644531 -0.0189704895019531 -0.11724853515625 -0.111190795898438
0.0311622619628906 0.0193214416503906 0.1622314453125 -0.172119140625
0.0444564819335937 0.0330810546875 0.444732666015625 -0.0299072265625
0.006622314453125 0.043853759765625 0.51580810546875 0.38104248046875
-0.0533905029296875 0.00727462768554687 0.00433349609375 0.7691650390625
-0.0362396240234375 -0.0754928588867187 -0.69696044921875 0.68267822265625
0.0499916076660156 -0.0253753662109375 -0.7635498046875 0.15771484375
0.113883972167969 0.048004150390625 0.0971908569335938 0.125312805175781
0.0839385986328125 -0.00467681884765625 0.93524169921875 -0.1259765625
0.00808143615722656 -0.0347118377685547 0.65185546875 -0.805908203125
-0.0341434478759766 -0.00273895263671876 -0.25323486328125 -0.79107666015625
-0.00343132019042969 0.0172739028930664 -0.608154296875 -0.19927978515625
0.0328884124755859 0.0305366516113281 -0.437255859375 0.136749267578125
0.0406532287597656 0.0191459655761719 -0.0703582763671875 0.235260009765625
0.0101261138916016 -0.0283451080322266 0.140960693359375 0.121627807617188
0.0115900039672852 -0.00235557556152344 -0.110603332519531 -0.134483337402344
0.00594520568847657 0.0254135131835938 0.1632080078125 -0.194976806640625
0.00834274291992187 0.0289287567138672 0.450286865234375 -0.06268310546875
-0.0215473175048828 0.0208282470703125 0.544525146484375 0.338226318359375
-0.0549507141113281 -0.0138626098632813 0.0667114257812499 0.74981689453125
-0.0222320556640625 -0.0827713012695313 -0.6219482421875 0.708984375
0.0561256408691406 -0.0109710693359375 -0.7265625 0.19427490234375
0.106681823730469 0.0714340209960938 0.10406494140625 0.1375732421875
0.0933380126953125 0.0164108276367188 0.95928955078125 -0.08160400390625
0.0264205932617188 -0.039825439453125 0.71673583984375 -0.7786865234375
-0.0344352722167969 -0.0301189422607422 -0.19573974609375 -0.80853271484375
-0.0323867797851563 -0.000171661376953121 -0.58331298828125 -0.2353515625
-0.00220298767089843 0.020751953125 -0.42950439453125 0.109466552734375
0.0131645202636719 0.0229396820068359 -0.0684051513671875 0.212066650390625
0.010462760925293 -0.00652694702148438 0.15594482421875 0.101287841796875
0.00971031188964844 -0.000927925109863281 -0.11151123046875 -0.127853393554687
0.00455474853515625 0.0265655517578125 0.162109375 -0.188507080078125
0.00261116027832031 0.0272541046142578 0.44891357421875 -0.05377197265625
-0.0236358642578125 0.0183582305908203 0.5364990234375 0.347412109375
-0.0548439025878906 -0.020538330078125 0.0516357421875 0.7542724609375
-0.0186767578125 -0.0850906372070313 -0.63897705078125 0.7001953125
0.0588417053222656 -0.0100975036621094 -0.73480224609375 0.181884765625
0.106819152832031 0.07220458984375 0.102592468261719 0.131126403808594
0.0950927734375 0.0152740478515625 0.9522705078125 -0.09893798828125
0.0299911499023438 -0.0438079833984375 0.6973876953125 -0.787841796875
-0.0350399017333984 -0.0319690704345703 -0.21160888671875 -0.80291748046875
-0.0345287322998047 -0.00288963317871095 -0.5889892578125 -0.22442626953125
-0.00446510314941406 0.0228748321533203 -0.42901611328125 0.1181640625
0.0114459991455078 0.0238857269287109 -0.065582275390625 0.221237182617188
0.0118522644042969 -0.00349235534667969 0.155197143554688 0.1080322265625
0.011286735534668 0.00107288360595703 -0.1126708984375 -0.119941711425781
0.00349998474121094 0.0277194976806641 0.163681030273438 -0.180374145507812
0.00546455383300781 0.0294589996337891 0.44866943359375 -0.04461669921875
-0.0220775604248047 0.0176143646240234 0.528472900390625 0.355987548828125
-0.0528144836425781 -0.0226478576660156 0.0338745117187499 0.75299072265625
-0.0165786743164062 -0.085296630859375 -0.65789794921875 0.68878173828125
0.0582046508789063 -0.00984954833984375 -0.74261474609375 0.17144775390625
0.107063293457031 0.0712356567382813 0.101593017578125 0.127754211425781
0.0957107543945313 0.0125732421875 0.94366455078125 -0.110595703125
0.0300559997558594 -0.0456008911132813 0.6795654296875 -0.7960205078125
-0.0333633422851562 -0.0342044830322266 -0.22674560546875 -0.79473876953125
-0.0331859588623047 -0.00218391418457032 -0.59527587890625 -0.2144775390625
-0.00629615783691406 0.0231342315673828 -0.429901123046875 0.12713623046875
0.0100936889648438 0.0256214141845703 -0.06561279296875 0.228073120117188
0.00978851318359375 -0.00386810302734375 0.153289794921875 0.116943359375
0.0114822387695313 -0.000600814819335938 -0.113227844238281 -0.111732482910156
0.00586128234863281 0.0271549224853516 0.162948608398438 -0.1744384765625
0.00788688659667969 0.0306682586669922 0.448455810546875 -0.0361328125
-0.0201091766357422 0.0192909240722656 0.52069091796875 0.368499755859375
-0.0522804260253906 -0.021575927734375 0.0167236328125001 0.7591552734375
-0.0163421630859375 -0.0869827270507812 -0.67840576171875 0.68304443359375
0.0588874816894531 -0.0112648010253906 -0.7501220703125 0.161376953125
0.107864379882813 0.0678329467773438 0.0995330810546875 0.121788024902344
0.0937423706054688 0.007537841796875 0.93609619140625 -0.122802734375
0.0275230407714844 -0.0445137023925781 0.6624755859375 -0.80462646484375
-0.0337734222412109 -0.0306167602539062 -0.24163818359375 -0.789306640625
-0.0305404663085937 -0.002044677734375 -0.60113525390625 -0.20501708984375
0.000991821289062503 0.0249996185302734 -0.43194580078125 0.13507080078125
0.0137710571289063 0.0247592926025391 -0.0665130615234375 0.234161376953125
0.00983142852783203 -0.00567340850830078 0.148941040039062 0.119827270507813
0.01495361328125 -0.00412464141845703 -0.113037109375 -0.108001708984375
0.0110931396484375 0.0264396667480469 0.1644287109375 -0.16864013671875
0.015899658203125 0.0315170288085938 0.444549560546875 -0.028900146484375
-0.0140571594238281 0.0224552154541016 0.514312744140625 0.377410888671875
-0.0510978698730469 -0.0176849365234375 0.00555419921874998 0.76263427734375
-0.0203704833984375 -0.0869522094726563 -0.69171142578125 0.6778564453125
0.0573196411132812 -0.0142745971679687 -0.7567138671875 0.15185546875
0.109901428222656 0.06207275390625 0.09796142578125 0.121467590332031
0.0920867919921875 0.00382232666015625 0.9320068359375 -0.13201904296875
0.0236053466796875 -0.0440330505371094 0.64764404296875 -0.81097412109375
-0.0329437255859375 -0.0248794555664062 -0.2542724609375 -0.78778076171875
-0.0247611999511719 0.00316047668457031 -0.60479736328125 -0.197021484375
0.00556182861328125 0.0280666351318359 -0.432220458984375 0.14129638671875
0.0178680419921875 0.0236701965332031 -0.064453125 0.238998413085938
0.0105447769165039 -0.0107154846191406 0.144668579101562 0.124420166015625
0.0171384811401367 -0.008209228515625 -0.115837097167969 -0.106826782226563
0.0182094573974609 0.0240211486816406 0.161834716796875 -0.168304443359375
0.0253124237060547 0.0313053131103516 0.444244384765625 -0.028045654296875
-0.00696372985839844 0.0282096862792969 0.5120849609375 0.38104248046875
-0.0513954162597656 -0.0103340148925781 -0.00152587890624999 0.762939453125
-0.0238418579101563 -0.0825729370117188 -0.6990966796875 0.674560546875
0.0535621643066406 -0.0177574157714844 -0.7635498046875 0.14984130859375
0.10931396484375 0.05633544921875 0.096527099609375 0.120109558105469
0.0861434936523438 0.00045013427734375 0.9278564453125 -0.13555908203125
0.0197601318359375 -0.0414314270019531 0.641357421875 -0.811767578125
-0.0318717956542969 -0.0184364318847656 -0.2596435546875 -0.783935546875
-0.0173368453979492 0.0101203918457031 -0.60699462890625 -0.1922607421875
0.0155963897705078 0.0291900634765625 -0.434295654296875 0.1431884765625
0.0252437591552734 0.0235252380371094 -0.06732177734375 0.240036010742187
0.0100193023681641 -0.0154457092285156 0.143539428710938 0.126007080078125
0.0175857543945313 -0.0132560729980469 -0.115898132324219 -0.106735229492188
0.0250453948974609 0.0227413177490234 0.160079956054688 -0.168380737304688
0.0365066528320313 0.0316848754882813 0.443328857421875 -0.028076171875
-7.62939453125018E-05 0.036041259765625 0.511199951171875 0.3828125
-0.0534706115722656 -0.00215530395507812 -0.000244140624999963 0.7642822265625
-0.0284194946289062 -0.0800933837890625 -0.70172119140625 0.67559814453125
0.0500373840332031 -0.021942138671875 -0.7628173828125 0.1524658203125
0.112342834472656 0.0523681640625 0.0956649780273438 0.119880676269531
0.085540771484375 -0.00353240966796875 0.9271240234375 -0.13238525390625
0.0134201049804688 -0.0363426208496094 0.64111328125 -0.8077392578125
-0.0323562622070313 -0.0100765228271484 -0.25799560546875 -0.78582763671875
-0.0099191665649414 0.0142354965209961 -0.60760498046875 -0.19293212890625
0.0240745544433594 0.0286941528320313 -0.43585205078125 0.14300537109375
0.03240966796875 0.0201339721679688 -0.067626953125 0.239334106445313
0.0105819702148438 -0.0226097106933594 0.140525817871094 0.126815795898438
0.019744873046875 -0.0178718566894531 -0.118751525878906 -0.112098693847656
0.0309810638427734 0.0213108062744141 0.159881591796875 -0.172698974609375
0.0451927185058594 0.0313987731933594 0.4429931640625 -0.031890869140625
0.00637435913085938 0.0417213439941406 0.5155029296875 0.375946044921875
-0.0522384643554688 0.00747680664062499 0.00543212890624996 0.767578125
-0.0358734130859375 -0.0753860473632813 -0.6925048828125 0.6820068359375
0.0476112365722656 -0.0258216857910156 -0.7611083984375 0.1566162109375
0.112876892089844 0.0463638305664063 0.094512939453125 0.123077392578125
0.084320068359375 -0.00390625 0.9290771484375 -0.12493896484375
0.0067138671875 -0.0312824249267578 0.6494140625 -0.80352783203125
-0.0332012176513672 -0.00240135192871093 -0.25286865234375 -0.7877197265625
-0.00364875793457031 0.0187759399414062 -0.60662841796875 -0.1978759765625
0.0318984985351563 0.0287532806396484 -0.436981201171875 0.138702392578125
0.0376167297363281 0.0181312561035156 -0.06890869140625 0.2337646484375
0.00960159301757813 -0.0286026000976563 0.139930725097656 0.12359619140625
0.0126943588256836 -0.00310993194580078 -0.110519409179687 -0.136322021484375
0.00666427612304687 0.0249366760253906 0.162887573242188 -0.195724487304688
0.00696563720703125 0.0283126831054688 0.449615478515625 -0.0634765625
-0.02301025390625 0.0202007293701172 0.5423583984375 0.33380126953125
-0.0550689697265625 -0.0168952941894531 0.0648193359375001 0.7486572265625
-0.0221633911132813 -0.0804061889648438 -0.62274169921875 0.70556640625
0.0556983947753906 -0.0100860595703125 -0.72332763671875 0.19122314453125
0.106521606445313 0.07147216796875 0.104339599609375 0.136436462402344
0.0938339233398438 0.0153656005859375 0.95635986328125 -0.08343505859375
0.026885986328125 -0.0401229858398438 0.71734619140625 -0.77606201171875
-0.0374946594238281 -0.0280685424804687 -0.193115234375 -0.80645751953125
-0.0329322814941406 -0.000690460205078118 -0.5836181640625 -0.2330322265625
-0.00395774841308594 0.0208950042724609 -0.42742919921875 0.112701416015625
0.0120944976806641 0.0226058959960938 -0.0691375732421875 0.212692260742188
0.0110807418823242 -0.00588607788085938 0.15545654296875 0.099884033203125
0.0108623504638672 -0.000548362731933594 -0.110221862792969 -0.126899719238281
0.003387451171875 0.0268669128417969 0.163909912109375 -0.188613891601562
0.00421905517578125 0.0285148620605469 0.447296142578125 -0.05584716796875
-0.0234222412109375 0.0167961120605469 0.535614013671875 0.346343994140625
-0.0554428100585937 -0.0191764831542969 0.0497436523437499 0.7498779296875
-0.0180587768554687 -0.0839385986328125 -0.6361083984375 0.6982421875
0.0581932067871094 -0.00936126708984375 -0.73236083984375 0.18157958984375
0.107421875 0.0722579956054688 0.10235595703125 0.130645751953125
0.092803955078125 0.015106201171875 0.94989013671875 -0.09539794921875
0.0286064147949219 -0.0419654846191406 0.69708251953125 -0.786865234375
-0.0354194641113281 -0.0320091247558594 -0.2100830078125 -0.80078125
-0.0337028503417969 -0.00312614440917968 -0.58868408203125 -0.2252197265625
-0.00577163696289062 0.0227642059326172 -0.428985595703125 0.1201171875
0.00894927978515625 0.0241317749023438 -0.068206787109375 0.219833374023438
0.0124340057373047 -0.00499534606933594 0.154037475585938 0.10858154296875
0.0104618072509766 0.00103282928466797 -0.111732482910156 -0.121734619140625
0.00378799438476563 0.0278148651123047 0.163360595703125 -0.18060302734375
0.00367164611816406 0.0284080505371094 0.4476318359375 -0.04754638671875
-0.0236225128173828 0.0193843841552734 0.527984619140625 0.356903076171875
-0.0536460876464844 -0.023284912109375 0.03216552734375 0.75103759765625
-0.0176849365234375 -0.084564208984375 -0.6568603515625 0.689208984375
0.0594329833984375 -0.00984954833984375 -0.7421875 0.16986083984375
0.10546875 0.0720443725585938 0.098907470703125 0.12548828125
0.0946807861328125 0.0110321044921875 0.94207763671875 -0.10626220703125
0.0297088623046875 -0.0432891845703125 0.67889404296875 -0.79351806640625
-0.0347766876220703 -0.0333061218261719 -0.2254638671875 -0.79278564453125
-0.0334587097167969 -0.00387954711914062 -0.59478759765625 -0.212646484375
-0.00193023681640625 0.0241069793701172 -0.42938232421875 0.126983642578125
0.0113868713378906 0.0242462158203125 -0.065032958984375 0.22930908203125
0.0104188919067383 -0.00240325927734375 0.152084350585938 0.115982055664063
0.0127220153808594 -0.000414848327636719 -0.113838195800781 -0.112937927246094
0.00704574584960938 0.0292758941650391 0.163543701171875 -0.172637939453125
0.00759124755859375 0.0313510894775391 0.447723388671875 -0.03814697265625
-0.0207309722900391 0.0184040069580078 0.51849365234375 0.367645263671875
-0.0522956848144531 -0.021453857421875 0.01629638671875 0.758544921875
-0.01593017578125 -0.0838470458984375 -0.677490234375 0.68011474609375
0.0567626953125 -0.0115470886230469 -0.749267578125 0.1611328125
0.108436584472656 0.0677261352539063 0.0996322631835938 0.121536254882813
0.0926437377929688 0.0088043212890625 0.935546875 -0.12432861328125
0.0271339416503906 -0.0439605712890625 0.6641845703125 -0.80145263671875
-0.0348300933837891 -0.0301017761230469 -0.239501953125 -0.78912353515625
-0.0297012329101562 0.00109863281250001 -0.599853515625 -0.203125
-0.001983642578125 0.0245456695556641 -0.432281494140625 0.13433837890625
0.0122928619384766 0.0254936218261719 -0.06622314453125 0.235122680664063
0.0108833312988281 -0.00567340850830078 0.146636962890625 0.119415283203125
0.0159215927124023 -0.00429344177246094 -0.114883422851563 -0.108589172363281
0.0112838745117188 0.0276203155517578 0.162612915039062 -0.168075561523438
0.0175552368164063 0.0298938751220703 0.443817138671875 -0.03076171875
-0.0144538879394531 0.0230026245117188 0.51361083984375 0.375518798828125
-0.0521240234375 -0.0162811279296875 0.00421142578125001 0.7606201171875
-0.0193634033203125 -0.082305908203125 -0.69171142578125 0.6734619140625
0.0556182861328125 -0.0127754211425781 -0.75604248046875 0.15380859375
0.108924865722656 0.062652587890625 0.0984420776367188 0.120231628417969
0.0916595458984375 0.0028228759765625 0.9287109375 -0.13177490234375
0.0263710021972656 -0.0455131530761719 0.64678955078125 -0.80999755859375
-0.0326614379882812 -0.0257911682128906 -0.2532958984375 -0.7860107421875
-0.0245132446289063 0.00229835510253907 -0.603271484375 -0.1959228515625
0.00423431396484375 0.0254325866699219 -0.430877685546875 0.140411376953125
0.0175151824951172 0.0257415771484375 -0.066131591796875 0.238204956054688
0.0115070343017578 -0.0108146667480469 0.1461181640625 0.124420166015625
0.0162696838378906 -0.00891971588134766 -0.112785339355469 -0.106430053710937
0.0187778472900391 0.0250110626220703 0.164138793945313 -0.168380737304688
0.0273075103759766 0.0306205749511719 0.44061279296875 -0.027313232421875
-0.00744056701660156 0.0284194946289063 0.509185791015625 0.381500244140625
-0.05206298828125 -0.0103950500488281 -0.0037841796875 0.76336669921875
-0.0239791870117188 -0.082550048828125 -0.69744873046875 0.6722412109375
0.0537872314453125 -0.0195121765136719 -0.75982666015625 0.14898681640625
0.107315063476562 0.056488037109375 0.0939407348632813 0.119880676269531
0.0897064208984375 -2.288818359375E-05 0.92254638671875 -0.13458251953125
0.0183944702148437 -0.0398597717285156 0.64007568359375 -0.80902099609375
-0.0323200225830078 -0.0181941986083984 -0.2567138671875 -0.78338623046875
-0.0178775787353516 0.00937652587890625 -0.6046142578125 -0.19232177734375
0.0143985748291016 0.0267925262451172 -0.4337158203125 0.14508056640625
0.0254306793212891 0.0227184295654297 -0.0688018798828125 0.242034912109375
0.00966358184814453 -0.0167045593261719 0.141921997070313 0.126434326171875
0.0194416046142578 -0.0128707885742188 -0.114936828613281 -0.106071472167969
0.0243072509765625 0.0216026306152344 0.161544799804688 -0.167343139648438
0.0372390747070313 0.0314445495605469 0.440155029296875 -0.028594970703125
-0.000324249267578126 0.0359230041503906 0.51007080078125 0.380828857421875
-0.0533638000488281 -0.00284957885742188 -0.00354003906250005 0.76513671875
-0.0311813354492188 -0.079071044921875 -0.69921875 0.67645263671875
0.0495185852050781 -0.0233383178710938 -0.75970458984375 0.1513671875
0.110435485839844 0.0510406494140625 0.0946044921875 0.119224548339844
0.0853500366210938 -0.00197601318359375 0.9248046875 -0.13116455078125
0.0118179321289063 -0.0360069274902344 0.63897705078125 -0.80633544921875
-0.0322818756103516 -0.0103416442871094 -0.2568359375 -0.7833251953125
-0.00861263275146484 0.0138893127441406 -0.60809326171875 -0.19183349609375
0.0248069763183594 0.0273590087890625 -0.4375 0.14617919921875
0.0330467224121094 0.0206832885742187 -0.069366455078125 0.239501953125
0.00996780395507813 -0.0220127105712891 0.142059326171875 0.128189086914063
0.0186614990234375 -0.0191631317138672 -0.117240905761719 -0.109207153320312
0.0319614410400391 0.0191001892089844 0.1590576171875 -0.17242431640625
0.0442886352539062 0.0319709777832031 0.43994140625 -0.03582763671875
0.00896453857421875 0.0423927307128906 0.51141357421875 0.37799072265625
-0.0534286499023438 0.00703048706054689 0.00372314453125008 0.7642822265625
-0.0379638671875 -0.0738677978515625 -0.69256591796875 0.6781005859375
0.0466766357421875 -0.0261344909667969 -0.76153564453125 0.1563720703125
0.113487243652344 0.0469207763671875 0.093994140625 0.12213134765625
0.0831298828125 -0.004974365234375 0.9256591796875 -0.12359619140625
0.00685310363769531 -0.0332374572753906 0.64697265625 -0.801025390625
-0.0312232971191406 -0.000658035278320316 -0.25140380859375 -0.7850341796875
-0.00574111938476563 0.0183525085449219 -0.60540771484375 -0.1973876953125
0.0323085784912109 0.0289516448974609 -0.43572998046875 0.139251708984375
0.0408134460449219 0.0178184509277344 -0.0677337646484375 0.233184814453125
0.0081634521484375 -0.0259685516357422 0.138740539550781 0.124031066894531
0.00990962982177734 -0.00209236145019531 -0.111221313476563 -0.132919311523438
0.00831985473632813 0.0262908935546875 0.162307739257813 -0.196533203125
0.00768661499023438 0.0264244079589844 0.452239990234375 -0.06390380859375
-0.0226287841796875 0.0204410552978516 0.542938232421875 0.33514404296875
-0.05767822265625 -0.0150909423828125 0.06396484375 0.74755859375
-0.0221481323242187 -0.078948974609375 -0.62335205078125 0.705322265625
0.0549354553222656 -0.0106582641601563 -0.72430419921875 0.1920166015625
0.105484008789062 0.070831298828125 0.102783203125 0.135780334472656
0.0925979614257813 0.016448974609375 0.9561767578125 -0.081298828125
0.0289230346679687 -0.0389480590820313 0.71728515625 -0.77716064453125
-0.0355453491210938 -0.0277976989746094 -0.191162109375 -0.80609130859375
-0.0329189300537109 -0.00121307373046875 -0.58197021484375 -0.23358154296875
-0.00452613830566406 0.0219841003417969 -0.430633544921875 0.109832763671875
0.0130138397216797 0.0214748382568359 -0.0676422119140625 0.213119506835938
0.00937175750732422 -0.00578212738037109 0.154891967773438 0.102798461914063
0.00988006591796875 -0.001251220703125 -0.109603881835937 -0.127357482910156
0.00328826904296875 0.0287971496582031 0.16363525390625 -0.188873291015625
0.00414657592773437 0.0295047760009766 0.4461669921875 -0.056915283203125
-0.0245246887207031 0.0180587768554687 0.534576416015625 0.345428466796875
-0.0560874938964844 -0.0203895568847656 0.05126953125 0.75054931640625
-0.01971435546875 -0.0836410522460938 -0.64093017578125 0.69921875
0.0570220947265625 -0.00798797607421875 -0.73162841796875 0.17950439453125
0.105461120605469 0.0717620849609375 0.101371765136719 0.131141662597656
0.0943603515625 0.0147171020507813 0.94952392578125 -0.09454345703125
0.02984619140625 -0.0429878234863281 0.697998046875 -0.7864990234375
-0.0359306335449219 -0.0320968627929688 -0.21051025390625 -0.80279541015625
-0.03460693359375 -0.00319862365722656 -0.58709716796875 -0.22442626953125
-0.00530624389648438 0.0230274200439453 -0.429534912109375 0.11944580078125
0.0120048522949219 0.0251903533935547 -0.0654754638671875 0.221221923828125
0.00864839553833008 -0.00410890579223633 0.154098510742188 0.108871459960937
0.0107250213623047 9.44137573242188E-05 -0.112327575683594 -0.120803833007812
0.0041961669921875 0.0293560028076172 0.163009643554688 -0.182601928710938
0.00545501708984375 0.0280838012695313 0.44464111328125 -0.046478271484375
-0.0249423980712891 0.0168514251708984 0.52716064453125 0.354888916015625
-0.0554695129394531 -0.0205955505371094 0.03265380859375 0.75286865234375
-0.017791748046875 -0.084320068359375 -0.65869140625 0.68548583984375
0.0588188171386719 -0.00925827026367187 -0.74139404296875 0.1668701171875
0.106491088867188 0.0699234008789063 0.0993881225585937 0.125846862792969
0.0923080444335938 0.0125198364257812 0.9378662109375 -0.1070556640625
0.0297584533691406 -0.042694091796875 0.6798095703125 -0.7918701171875
-0.0346260070800781 -0.0330924987792969 -0.224609375 -0.7933349609375
-0.0325870513916016 -0.00311660766601562 -0.59442138671875 -0.2119140625
-0.00518417358398438 0.0228786468505859 -0.430389404296875 0.12945556640625
0.0124740600585938 0.0252628326416016 -0.066253662109375 0.228118896484375
0.00956344604492188 -0.00261020660400391 0.151351928710938 0.11639404296875
0.0122861862182617 -0.00132274627685547 -0.112266540527344 -0.111488342285156
0.00725173950195313 0.0273609161376953 0.165283203125 -0.173873901367188
0.00915718078613281 0.0295085906982422 0.445953369140625 -0.039276123046875
-0.0207862854003906 0.0198593139648438 0.51849365234375 0.366119384765625
-0.0531768798828125 -0.0203475952148437 0.0158691406250001 0.7587890625
-0.0164947509765625 -0.0839080810546875 -0.67626953125 0.67877197265625
0.056610107421875 -0.0106430053710937 -0.7493896484375 0.1597900390625
0.105384826660156 0.0675582885742188 0.097320556640625 0.120941162109375
0.095550537109375 0.0081024169921875 0.93316650390625 -0.11962890625
0.0269737243652344 -0.0443992614746094 0.66229248046875 -0.80328369140625
-0.0345783233642578 -0.0295753479003906 -0.24066162109375 -0.78948974609375
-0.0301742553710938 4.19616699218726E-05 -0.598388671875 -0.20367431640625
0.000143051147460937 0.0250663757324219 -0.43292236328125 0.135986328125
0.0122432708740234 0.0260906219482422 -0.06695556640625 0.23443603515625
0.00977516174316406 -0.00450801849365234 0.14739990234375 0.121551513671875
0.0134449005126953 -0.00365829467773438 -0.113739013671875 -0.107933044433594
0.0114288330078125 0.0267829895019531 0.163070678710938 -0.168792724609375
0.0157337188720703 0.0295696258544922 0.442626953125 -0.033843994140625
-0.0155124664306641 0.0236072540283203 0.5120849609375 0.375213623046875
-0.0523338317871094 -0.0163917541503906 0.00451660156250003 0.759765625
-0.0199356079101563 -0.0831451416015625 -0.6925048828125 0.67431640625
0.0546798706054688 -0.0141105651855469 -0.755859375 0.15216064453125
0.106719970703125 0.0637359619140625 0.0969085693359375 0.119087219238281
0.0904693603515625 0.00576019287109375 0.92535400390625 -0.1317138671875
0.0217933654785156 -0.0434951782226563 0.64605712890625 -0.80902099609375
-0.0319499969482422 -0.0242500305175781 -0.2513427734375 -0.78668212890625
-0.0254955291748047 0.00494956970214843 -0.6038818359375 -0.19537353515625
0.00519180297851563 0.0261440277099609 -0.433013916015625 0.143218994140625
0.0193462371826172 0.0246448516845703 -0.0661468505859375 0.23919677734375
0.0108957290649414 -0.00937461853027344 0.143508911132813 0.1253662109375
0.0149250030517578 -0.00682258605957031 -0.113540649414062 -0.105514526367188
0.0181064605712891 0.0261802673339844 0.163665771484375 -0.167312622070313
0.0246353149414062 0.0314884185791016 0.443023681640625 -0.02899169921875
-0.00823783874511719 0.0293121337890625 0.51025390625 0.37835693359375
-0.0534782409667969 -0.00899124145507813 -0.000671386718750061 0.7623291015625
-0.023681640625 -0.0809707641601563 -0.69940185546875 0.67193603515625
0.0523490905761719 -0.0152130126953125 -0.7596435546875 0.146484375
0.109481811523437 0.0569686889648437 0.094879150390625 0.11590576171875
0.0880813598632813 0.00205230712890625 0.92413330078125 -0.132568359375
0.0186309814453125 -0.0398750305175781 0.64190673828125 -0.80999755859375
-0.0325260162353516 -0.0177078247070313 -0.25634765625 -0.7822265625
-0.016383171081543 0.00874614715576172 -0.6053466796875 -0.19134521484375
0.014678955078125 0.0266685485839844 -0.434112548828125 0.14678955078125
0.0250244140625 0.0230045318603516 -0.067535400390625 0.241073608398438
0.00901126861572266 -0.0164213180541992 0.141693115234375 0.126327514648438
0.0174074172973633 -0.01300048828125 -0.116409301757813 -0.10601806640625
0.0265369415283203 0.0220127105712891 0.162689208984375 -0.168960571289063
0.0369796752929688 0.0312309265136719 0.438446044921875 -0.02947998046875
-0.001373291015625 0.0362586975097656 0.510528564453125 0.38067626953125
-0.0519447326660156 -0.00112915039062501 -0.00299072265624998 0.7650146484375
-0.0315093994140625 -0.0776901245117188 -0.70159912109375 0.674560546875
0.0495491027832031 -0.0206146240234375 -0.76190185546875 0.148193359375
0.110244750976562 0.0528411865234375 0.0931472778320313 0.118568420410156
0.0839691162109375 -0.002166748046875 0.919677734375 -0.1312255859375
0.0125350952148437 -0.0364952087402344 0.63995361328125 -0.8048095703125
-0.0329189300537109 -0.00934028625488282 -0.25567626953125 -0.78369140625
-0.0117616653442383 0.0123538970947266 -0.60687255859375 -0.1915283203125
0.0246047973632812 0.0268096923828125 -0.433990478515625 0.145416259765625
0.03277587890625 0.0203113555908203 -0.06842041015625 0.24017333984375
0.00943565368652344 -0.0218372344970703 0.139251708984375 0.127212524414063
0.0194740295410156 -0.0185070037841797 -0.115676879882813 -0.110572814941406
0.0323314666748047 0.0209369659423828 0.161056518554688 -0.173095703125
0.0462493896484375 0.0320930480957031 0.44171142578125 -0.032867431640625
0.00616455078125 0.041656494140625 0.514739990234375 0.376220703125
-0.0539207458496094 0.00696182250976563 0.00543212890625 0.76641845703125
-0.036895751953125 -0.0727462768554688 -0.6944580078125 0.68060302734375
0.0474929809570313 -0.0241661071777344 -0.7581787109375 0.1553955078125
0.1121826171875 0.0470199584960937 0.0926742553710938 0.121841430664062
0.0812606811523438 -0.004150390625 0.92596435546875 -0.1231689453125
0.00732803344726562 -0.0326137542724609 0.6474609375 -0.80133056640625
-0.0330905914306641 -0.00135040283203125 -0.25067138671875 -0.78814697265625
-0.00518512725830078 0.0174617767333984 -0.60601806640625 -0.19610595703125
0.03240966796875 0.0280876159667969 -0.43621826171875 0.141815185546875
0.0394630432128906 0.0175628662109375 -0.0701751708984375 0.2335205078125
0.00813484191894531 -0.0270767211914062 0.139915466308594 0.124786376953125
0.0103359222412109 -0.00227832794189453 -0.109199523925781 -0.135841369628906
0.00834465026855469 0.0257072448730469 0.164169311523437 -0.196609497070312
0.00589942932128906 0.0269660949707031 0.450439453125 -0.066680908203125
-0.0223121643066406 0.0203208923339844 0.541961669921875 0.334564208984375
-0.0565376281738281 -0.01446533203125 0.0648193359375 0.75091552734375
-0.0228958129882813 -0.07965087890625 -0.6239013671875 0.70654296875
0.0542793273925781 -0.00914382934570313 -0.72601318359375 0.18743896484375
0.103965759277344 0.0714263916015625 0.101028442382813 0.134666442871094
0.0928955078125 0.01544189453125 0.9554443359375 -0.080078125
0.0258064270019531 -0.0403480529785156 0.71771240234375 -0.77740478515625
-0.03594970703125 -0.0294380187988281 -0.19342041015625 -0.8096923828125
-0.03253173828125 -0.00149154663085937 -0.5814208984375 -0.2347412109375
-0.00226020812988281 0.0208568572998047 -0.4306640625 0.11248779296875
0.0132350921630859 0.022125244140625 -0.0687713623046875 0.213241577148437
0.0100288391113281 -0.00542068481445313 0.154251098632813 0.103897094726563
0.00830507278442383 0.00187921524047852 -0.109146118164063 -0.127235412597656
0.00512504577636719 0.0278453826904297 0.164169311523438 -0.189620971679688
0.00266075134277344 0.0279998779296875 0.44927978515625 -0.05889892578125
-0.0251598358154297 0.017364501953125 0.535614013671875 0.34686279296875
-0.0546340942382813 -0.018707275390625 0.04949951171875 0.753662109375
-0.0212249755859375 -0.0826034545898438 -0.64178466796875 0.69818115234375
0.0571098327636719 -0.00880813598632813 -0.734130859375 0.176513671875
0.104667663574219 0.07122802734375 0.0992202758789063 0.130325317382813
0.0957717895507813 0.0157699584960938 0.9476318359375 -0.0950927734375
0.0308418273925781 -0.0423126220703125 0.70001220703125 -0.78741455078125
-0.0351352691650391 -0.0320701599121094 -0.20831298828125 -0.80291748046875
-0.0334663391113281 -0.00206947326660156 -0.58984375 -0.222412109375
-0.00601768493652344 0.0205478668212891 -0.43218994140625 0.12030029296875
0.0106105804443359 0.0239315032958984 -0.0675201416015625 0.223480224609375
0.00905609130859375 -0.00333404541015625 0.154281616210938 0.110015869140625
0.0108127593994141 5.62667846679687E-05 -0.111618041992188 -0.120979309082031
0.00574874877929688 0.0299167633056641 0.165023803710938 -0.180511474609375
0.00522994995117188 0.0287971496582031 0.446136474609375 -0.04864501953125
-0.0235424041748047 0.0180549621582031 0.52899169921875 0.3546142578125
-0.0543632507324219 -0.0203857421875 0.03082275390625 0.75396728515625
-0.0164108276367188 -0.0824050903320313 -0.65972900390625 0.68829345703125
0.0594558715820313 -0.00832748413085938 -0.74273681640625 0.16607666015625
0.104866027832031 0.0692062377929688 0.0974960327148438 0.12603759765625
0.0945281982421875 0.0108642578125 0.93994140625 -0.105224609375
0.0292205810546875 -0.0428466796875 0.68194580078125 -0.792724609375
-0.0318622589111328 -0.0327243804931641 -0.2227783203125 -0.79412841796875
-0.0353927612304688 -0.00347518920898437 -0.59515380859375 -0.211669921875
-0.00588035583496094 0.0238075256347656 -0.431243896484375 0.130767822265625
0.0116653442382813 0.0247211456298828 -0.06689453125 0.229873657226563
0.0102996826171875 -0.00263500213623047 0.151199340820313 0.11798095703125
0.0122442245483398 -0.000969886779785156 -0.112037658691406 -0.113967895507813
0.00799560546875 0.0297126770019531 0.16717529296875 -0.176834106445313
0.00836563110351563 0.0291519165039062 0.446563720703125 -0.04095458984375
-0.0211296081542969 0.0175647735595703 0.520751953125 0.36639404296875
-0.0539512634277344 -0.0210189819335937 0.0158081054687499 0.7593994140625
-0.0188369750976563 -0.083526611328125 -0.68280029296875 0.67999267578125
0.0586395263671875 -0.0101242065429688 -0.74896240234375 0.15765380859375
0.106063842773438 0.0672454833984375 0.09490966796875 0.120361328125
0.0928115844726563 0.00933074951171875 0.933837890625 -0.12060546875
0.0282783508300781 -0.0449447631835938 0.66448974609375 -0.80340576171875
-0.0336894989013672 -0.0309486389160156 -0.24127197265625 -0.78973388671875
-0.0295658111572266 -0.00217437744140624 -0.5986328125 -0.20477294921875
-0.0013275146484375 0.0238914489746094 -0.434356689453125 0.13800048828125
0.01397705078125 0.0240993499755859 -0.066314697265625 0.236038208007813
0.00978183746337891 -0.00448703765869141 0.148086547851563 0.121826171875
0.0130453109741211 -0.00375747680664063 -0.11334228515625 -0.108482360839844
0.0121726989746094 0.0277023315429688 0.1656494140625 -0.171493530273438
0.0169754028320313 0.0294589996337891 0.444244384765625 -0.03314208984375
-0.0153141021728516 0.0242538452148438 0.514007568359375 0.3734130859375
-0.0547752380371094 -0.0159835815429687 0.00244140624999991 0.7620849609375
-0.0208969116210938 -0.0809249877929688 -0.69561767578125 0.6763916015625
0.0552825927734375 -0.0126914978027344 -0.7579345703125 0.1497802734375
0.1058349609375 0.0630416870117188 0.0958709716796875 0.118247985839844
0.0918045043945313 0.00372314453125 0.927734375 -0.12896728515625
0.0238418579101563 -0.0426559448242188 0.64801025390625 -0.80987548828125
-0.0321884155273438 -0.0239410400390625 -0.250244140625 -0.7872314453125
-0.0221900939941406 0.00414466857910156 -0.60430908203125 -0.19549560546875
0.00529861450195313 0.0257701873779297 -0.434326171875 0.14306640625
0.0206241607666016 0.0226516723632813 -0.0665283203125 0.24078369140625
0.00762939453125 -0.0104465484619141 0.145339965820313 0.127655029296875
0.0157489776611328 -0.00961780548095703 -0.115066528320313 -0.106826782226562
0.0194816589355469 0.0248737335205078 0.165023803710938 -0.168350219726563
0.0250377655029297 0.0303306579589844 0.441650390625 -0.02838134765625
-0.0070648193359375 0.0295009613037109 0.509490966796875 0.378509521484375
-0.0538711547851563 -0.0106849670410156 -0.00231933593749999 0.7628173828125
-0.0246200561523437 -0.0771942138671875 -0.70135498046875 0.66900634765625
0.0523490905761719 -0.0160446166992188 -0.76287841796875 0.14544677734375
0.10894775390625 0.0576248168945313 0.0936660766601562 0.11676025390625
0.0883331298828125 0.000457763671875 0.9234619140625 -0.13165283203125
0.0199928283691406 -0.0405387878417969 0.64166259765625 -0.807861328125
-0.0327854156494141 -0.01885986328125 -0.25482177734375 -0.7860107421875
-0.0171747207641602 0.00632286071777344 -0.606201171875 -0.19146728515625
0.0139255523681641 0.0263786315917969 -0.435638427734375 0.148529052734375
0.0251636505126953 0.0227909088134766 -0.067596435546875 0.242691040039063
0.00920677185058594 -0.0156240463256836 0.141403198242188 0.129379272460938
0.0162200927734375 -0.014033317565918 -0.11505126953125 -0.107414245605469
0.027069091796875 0.0237789154052734 0.162765502929688 -0.169525146484375
0.0361709594726563 0.0303306579589844 0.441864013671875 -0.032135009765625
0.000267028808593749 0.03692626953125 0.510833740234375 0.378204345703125
-0.0552444458007813 -0.000789642333984384 -0.00421142578125004 0.7662353515625
-0.0318603515625 -0.0774993896484375 -0.70098876953125 0.67376708984375
0.04974365234375 -0.0207023620605469 -0.76055908203125 0.14727783203125
0.110031127929687 0.051300048828125 0.092254638671875 0.117996215820313
0.0844268798828125 -0.003082275390625 0.9229736328125 -0.12823486328125
0.0125694274902344 -0.0355491638183594 0.64300537109375 -0.81036376953125
-0.0321311950683594 -0.00828933715820312 -0.25555419921875 -0.78509521484375
-0.00970077514648438 0.0128488540649414 -0.607666015625 -0.1927490234375
0.0246009826660156 0.0280704498291016 -0.436431884765625 0.146240234375
0.0335369110107422 0.0193042755126953 -0.068267822265625 0.240020751953125
0.00859832763671875 -0.0216140747070313 0.140838623046875 0.129043579101563
0.0178089141845703 -0.0186023712158203 -0.115180969238281 -0.111488342285156
0.0323657989501953 0.0201225280761719 0.162551879882813 -0.174102783203125
0.0451469421386719 0.0302009582519531 0.4412841796875 -0.036834716796875
0.00385665893554687 0.0416793823242188 0.51312255859375 0.3759765625
-0.0533828735351563 0.00578689575195313 0.00317382812499996 0.7669677734375
-0.038055419921875 -0.069854736328125 -0.69500732421875 0.68212890625
0.0459938049316406 -0.0237998962402344 -0.75848388671875 0.15521240234375
0.110565185546875 0.0473556518554688 0.0929641723632813 0.121002197265625
0.0830841064453125 -0.00493621826171875 0.9241943359375 -0.12078857421875
0.0083770751953125 -0.0315647125244141 0.64794921875 -0.8011474609375
-0.0317230224609375 -0.00304603576660157 -0.25 -0.78802490234375
-0.00499534606933594 0.017730712890625 -0.60699462890625 -0.19586181640625
0.0329627990722656 0.0283832550048828 -0.4371337890625 0.1417236328125
0.0387954711914062 0.0153846740722656 -0.0694732666015625 0.23486328125
0.00643730163574219 -0.0253448486328125 0.139320373535156 0.127044677734375
0.00977706909179688 -0.00150108337402344 -0.109046936035156 -0.134994506835938
0.00880813598632812 0.0245780944824219 0.166122436523438 -0.1978759765625
0.00555229187011718 0.0264644622802734 0.449188232421875 -0.068115234375
-0.0227336883544922 0.0207538604736328 0.544219970703125 0.335845947265625
-0.0548744201660156 -0.0136146545410156 0.06396484375 0.75433349609375
-0.0234298706054688 -0.0787277221679688 -0.6268310546875 0.70855712890625
0.05535888671875 -0.0095062255859375 -0.72900390625 0.18865966796875
0.105331420898438 0.070953369140625 0.099761962890625 0.134162902832031
0.0924453735351563 0.0178146362304688 0.9588623046875 -0.0784912109375
0.0288543701171875 -0.0385589599609375 0.72161865234375 -0.77728271484375
-0.0346260070800781 -0.0284519195556641 -0.19158935546875 -0.8104248046875
-0.0320854187011719 -0.00192451477050782 -0.5849609375 -0.2359619140625
-0.00334548950195313 0.0207748413085938 -0.43292236328125 0.1153564453125
0.0139331817626953 0.0210800170898437 -0.06976318359375 0.213973999023438
0.00958347320556641 -0.00567913055419922 0.155654907226563 0.10443115234375
0.00952911376953125 -6.67572021484375E-06 -0.109588623046875 -0.127685546875
0.00688552856445312 0.0278873443603516 0.166900634765625 -0.190933227539062
0.0044097900390625 0.0273876190185547 0.4495849609375 -0.058868408203125
-0.0256805419921875 0.0182666778564453 0.536041259765625 0.347015380859375
-0.0565376281738281 -0.0200157165527344 0.0478515624999999 0.75506591796875
-0.0181198120117188 -0.0816879272460937 -0.64324951171875 0.69915771484375
0.0579643249511719 -0.0064239501953125 -0.73651123046875 0.17620849609375
0.104873657226563 0.0726165771484375 0.0998992919921875 0.128807067871094
0.09381103515625 0.0136947631835937 0.95098876953125 -0.0916748046875
0.0293998718261719 -0.0420646667480469 0.70489501953125 -0.78765869140625
-0.0343704223632813 -0.0323219299316406 -0.20880126953125 -0.8070068359375
-0.0338859558105469 -0.00362777709960937 -0.5904541015625 -0.22515869140625
-0.00516128540039063 0.0198593139648438 -0.433135986328125 0.1234130859375
0.0117816925048828 0.0229320526123047 -0.0679779052734375 0.223175048828125
0.00844573974609375 -0.00318670272827148 0.15447998046875 0.112091064453125
0.00994586944580078 0.00156497955322266 -0.10986328125 -0.121330261230469
0.00649261474609375 0.0290298461914063 0.165451049804688 -0.18353271484375
0.00447654724121094 0.0277175903320313 0.447174072265625 -0.0477294921875
-0.0245285034179687 0.0171794891357422 0.53094482421875 0.355712890625
-0.0572967529296875 -0.0207023620605469 0.0316772460937499 0.75579833984375
-0.018707275390625 -0.0813140869140625 -0.66351318359375 0.687255859375
0.0588645935058594 -0.00689697265625 -0.74407958984375 0.1646728515625
0.105537414550781 0.070404052734375 0.096923828125 0.122772216796875
0.0943679809570313 0.0126266479492188 0.940185546875 -0.106689453125
0.0300254821777344 -0.0441436767578125 0.684326171875 -0.795166015625
-0.0335941314697266 -0.0321559906005859 -0.22296142578125 -0.7978515625
-0.0341758728027344 -0.00475311279296875 -0.5933837890625 -0.2132568359375
-0.00658416748046875 0.0221824645996094 -0.433685302734375 0.13214111328125
0.0119571685791016 0.0240268707275391 -0.0680389404296875 0.230361938476563
0.00836849212646484 -0.00425004959106445 0.152389526367188 0.120269775390625
0.0122385025024414 5.91278076171875E-05 -0.111648559570312 -0.112884521484375
0.00784683227539063 0.0285701751708984 0.16790771484375 -0.177230834960938
0.00900650024414063 0.0289764404296875 0.447845458984375 -0.038818359375
-0.0206050872802734 0.0197010040283203 0.519866943359375 0.36865234375
-0.0543975830078125 -0.0210227966308594 0.0141601562500001 0.76348876953125
-0.017181396484375 -0.0838088989257813 -0.6822509765625 0.6829833984375
0.0577392578125 -0.0103530883789063 -0.7530517578125 0.15643310546875
0.105209350585938 0.0671844482421875 0.0948867797851563 0.119224548339844
0.0928955078125 0.00945281982421875 0.934326171875 -0.1173095703125
0.0259590148925781 -0.0435600280761719 0.66693115234375 -0.80322265625
-0.0346622467041016 -0.0294952392578125 -0.2393798828125 -0.79473876953125
-0.0298824310302734 -0.000713348388671876 -0.603271484375 -0.2039794921875
-0.000514984130859375 0.0247268676757813 -0.436309814453125 0.14080810546875
0.0135879516601562 0.0226192474365234 -0.069122314453125 0.2354736328125
0.00993728637695313 -0.00559711456298828 0.148162841796875 0.1234130859375
0.0138874053955078 -0.00196361541748047 -0.112571716308594 -0.10931396484375
0.0120124816894531 0.0273933410644531 0.1666259765625 -0.170822143554688
0.0173149108886719 0.0301456451416016 0.446014404296875 -0.03472900390625
-0.0159587860107422 0.0244388580322266 0.516387939453125 0.375091552734375
-0.054779052734375 -0.0166893005371094 0.00238037109374995 0.76409912109375
-0.020355224609375 -0.0815353393554688 -0.69647216796875 0.67529296875
0.0555419921875 -0.01251220703125 -0.76104736328125 0.14727783203125
0.1075439453125 0.0634307861328125 0.0947952270507812 0.117088317871094
0.0909194946289063 0.00305938720703125 0.92926025390625 -0.12725830078125
0.0236930847167969 -0.0429534912109375 0.652099609375 -0.811767578125
-0.0317535400390625 -0.0249767303466797 -0.2506103515625 -0.7882080078125
-0.0244140625 0.00175094604492187 -0.60601806640625 -0.1961669921875
0.00680351257324219 0.0248851776123047 -0.435150146484375 0.144439697265625
0.0201778411865234 0.023590087890625 -0.067840576171875 0.240310668945313
0.00806808471679688 -0.00944137573242188 0.148025512695313 0.128875732421875
0.0162858963012695 -0.00736808776855469 -0.113288879394531 -0.106201171875
0.0195674896240234 0.0256309509277344 0.1669921875 -0.169540405273438
0.0269889831542969 0.0309391021728516 0.443450927734375 -0.032470703125
-0.00989151000976563 0.0275421142578125 0.51177978515625 0.380523681640625
-0.0533828735351563 -0.00879287719726563 -0.00549316406249995 0.7677001953125
-0.0255355834960938 -0.079498291015625 -0.7061767578125 0.67413330078125
0.0525093078613281 -0.0162734985351563 -0.7635498046875 0.145751953125
0.107749938964844 0.0574417114257813 0.0921859741210938 0.117530822753906
0.087493896484375 0.0007476806640625 0.924560546875 -0.13067626953125
0.0198707580566406 -0.0395317077636719 0.64642333984375 -0.81085205078125
-0.0323219299316406 -0.019287109375 -0.256591796875 -0.79144287109375
-0.0169000625610352 0.00829601287841797 -0.609375 -0.190673828125
0.0140533447265625 0.0267505645751953 -0.436737060546875 0.150177001953125
0.0253963470458984 0.0218696594238281 -0.069610595703125 0.242904663085938
0.00771141052246094 -0.0140504837036133 0.142562866210938 0.130355834960938
0.0191135406494141 -0.0137672424316406 -0.114189147949219 -0.106857299804687
0.0257301330566406 0.0247077941894531 0.164581298828125 -0.170516967773438
0.0344772338867188 0.0299663543701172 0.44171142578125 -0.03271484375
-0.001312255859375 0.0360069274902344 0.51202392578125 0.380035400390625
-0.0533294677734375 -0.000511169433593739 -0.00787353515624992 0.76898193359375
-0.031494140625 -0.0756378173828125 -0.70465087890625 0.67486572265625
0.0496597290039062 -0.019683837890625 -0.76507568359375 0.14697265625
0.109466552734375 0.052978515625 0.0929641723632812 0.118255615234375
0.0847091674804688 -0.0042877197265625 0.9244384765625 -0.12860107421875
0.0137481689453125 -0.0359268188476563 0.64630126953125 -0.808349609375
-0.0326614379882813 -0.0100688934326172 -0.2552490234375 -0.7880859375
-0.0087900161743164 0.0123996734619141 -0.6090087890625 -0.191162109375
0.0232810974121094 0.0278491973876953 -0.439422607421875 0.149261474609375
0.0346031188964844 0.0195407867431641 -0.0684661865234375 0.241073608398438
0.00650787353515625 -0.0211944580078125 0.138900756835938 0.131675720214844
0.0196628570556641 -0.0180644989013672 -0.115768432617188 -0.109375
0.0343017578125 0.0215873718261719 0.164077758789063 -0.173812866210937
0.0460090637207031 0.0309982299804688 0.442901611328125 -0.03729248046875
0.00469207763671875 0.0423965454101563 0.515716552734375 0.3759765625
-0.05517578125 0.00768661499023438 0.00225830078124999 0.7703857421875
-0.037841796875 -0.071441650390625 -0.69940185546875 0.68267822265625
0.0468940734863281 -0.0225181579589844 -0.76507568359375 0.15277099609375
0.112159729003906 0.047119140625 0.090484619140625 0.121665954589844
0.0831985473632813 -0.00499725341796875 0.92742919921875 -0.12017822265625
0.00728225708007813 -0.0323009490966797 0.65301513671875 -0.80364990234375
-0.0331306457519531 -0.00160217285156249 -0.25213623046875 -0.790283203125
-0.00307464599609375 0.0173931121826172 -0.60791015625 -0.196044921875
0.0307884216308594 0.0271530151367188 -0.439056396484375 0.144073486328125
0.0397300720214844 0.0173301696777344 -0.0720672607421875 0.235519409179688
0.00716400146484375 -0.0258979797363281 0.138801574707031 0.1279296875
0.00989055633544922 -0.00119495391845703 -0.108779907226563 -0.13543701171875
0.00883865356445312 0.0269966125488281 0.167633056640625 -0.200973510742188
0.00761985778808594 0.0284156799316406 0.453826904296875 -0.06903076171875
-0.022552490234375 0.021881103515625 0.5474853515625 0.337066650390625
-0.0561447143554688 -0.0135116577148438 0.064208984375 0.7581787109375
-0.0233840942382813 -0.0784072875976563 -0.6314697265625 0.71142578125
0.0546188354492188 -0.00720977783203125 -0.732177734375 0.18731689453125
0.103317260742187 0.071929931640625 0.097930908203125 0.133399963378906
0.09344482421875 0.0153961181640625 0.9627685546875 -0.07745361328125
0.0287666320800781 -0.0379066467285156 0.72882080078125 -0.78326416015625
-0.0364646911621094 -0.0275955200195313 -0.1929931640625 -0.815185546875
-0.0321292877197266 -0.00197029113769532 -0.5867919921875 -0.2369384765625
-0.00288772583007813 0.0221595764160156 -0.436767578125 0.114044189453125
0.0137615203857422 0.0222339630126953 -0.07183837890625 0.216812133789063
0.00809240341186523 -0.00574064254760742 0.155380249023437 0.1044921875
0.00864267349243164 0.000395298004150391 -0.109786987304688 -0.128997802734375
0.00575065612792969 0.0277729034423828 0.165878295898438 -0.192413330078125
0.0034027099609375 0.0286006927490234 0.4510498046875 -0.058624267578125
-0.0243701934814453 0.0170574188232422 0.541351318359375 0.349212646484375
-0.05694580078125 -0.0198249816894531 0.0507202148437499 0.760009765625
-0.0182952880859375 -0.080169677734375 -0.65057373046875 0.70172119140625
0.0573005676269531 -0.00708389282226563 -0.73907470703125 0.17718505859375
0.104698181152344 0.0741424560546875 0.099365234375 0.130485534667969
0.0943603515625 0.0156021118164063 0.95281982421875 -0.09136962890625
0.0283088684082031 -0.0419464111328125 0.70782470703125 -0.79083251953125
-0.0345649719238281 -0.0340404510498047 -0.208984375 -0.8131103515625
-0.0347919464111328 -0.00339317321777344 -0.59405517578125 -0.22711181640625
-0.0050048828125 0.0214614868164063 -0.43603515625 0.12554931640625
0.0126228332519531 0.0229816436767578 -0.070465087890625 0.223953247070313
0.00803041458129883 -0.00247383117675781 0.152740478515625 0.111404418945313
0.0106887817382813 -0.000746726989746094 -0.108840942382813 -0.122055053710938
0.00691032409667969 0.0310306549072266 0.16845703125 -0.186965942382812
0.00359725952148438 0.0293750762939453 0.451324462890625 -0.051422119140625
-0.0228252410888672 0.0186347961425781 0.534942626953125 0.359283447265625
-0.0576858520507813 -0.022308349609375 0.0306396484375 0.76116943359375
-0.0171051025390625 -0.0841598510742188 -0.66888427734375 0.6937255859375
0.0583457946777344 -0.00718307495117187 -0.74755859375 0.16461181640625
0.105560302734375 0.07061767578125 0.093841552734375 0.124343872070313
0.0950241088867188 0.010589599609375 0.94427490234375 -0.1051025390625
0.0282630920410156 -0.044464111328125 0.6895751953125 -0.79754638671875
-0.0334396362304687 -0.0324611663818359 -0.22552490234375 -0.8035888671875
-0.0337982177734375 -0.00244140625 -0.60015869140625 -0.2149658203125
-0.00561904907226563 0.0212039947509766 -0.43719482421875 0.135040283203125
0.0124664306640625 0.0263519287109375 -0.0702056884765625 0.230819702148438
0.00793838500976562 4.10079956054687E-05 0.154708862304688 0.119842529296875
0.00960826873779297 -7.05718994140625E-05 -0.110191345214844 -0.113052368164063
0.00957679748535156 0.0289363861083984 0.170684814453125 -0.176712036132813
0.00666046142578125 0.0290870666503906 0.44873046875 -0.0413818359375
-0.0233745574951172 0.0183525085449219 0.52337646484375 0.37091064453125
-0.0550346374511719 -0.0189704895019531 0.0123291015624999 0.76904296875
-0.0169601440429687 -0.08209228515625 -0.6876220703125 0.68560791015625
0.0575218200683594 -0.00960922241210938 -0.75640869140625 0.15460205078125
0.105606079101563 0.0685195922851563 0.0960769653320312 0.122543334960937
0.0927047729492188 0.00821685791015625 0.9383544921875 -0.1182861328125
0.0279350280761719 -0.0447349548339844 0.67144775390625 -0.8070068359375
-0.0340461730957031 -0.0303802490234375 -0.239990234375 -0.7989501953125
-0.0297794342041016 -0.00163459777832032 -0.60357666015625 -0.20489501953125
0.000183105468749998 0.0234870910644531 -0.438934326171875 0.14215087890625
0.0135746002197266 0.0233497619628906 -0.0690765380859375 0.236557006835938
0.00654363632202148 -0.00378799438476562 0.1500244140625 0.126129150390625
0.0140972137451172 -0.00320148468017578 -0.111320495605469 -0.107192993164063
0.0155887603759766 0.0281715393066406 0.167938232421875 -0.1729736328125
0.0165443420410156 0.0289344787597656 0.4468994140625 -0.034942626953125
-0.0153408050537109 0.0243320465087891 0.517913818359375 0.37884521484375
-0.0542945861816406 -0.0145072937011719 0.00140380859375007 0.76898193359375
-0.01995849609375 -0.080352783203125 -0.699462890625 0.6787109375
0.0556449890136719 -0.0120086669921875 -0.76422119140625 0.147705078125
0.107315063476563 0.0635299682617188 0.0914993286132812 0.117713928222656
0.09063720703125 0.00417327880859375 0.93231201171875 -0.12554931640625
0.0214958190917969 -0.0416107177734375 0.65789794921875 -0.8140869140625
-0.0318794250488281 -0.0254173278808594 -0.25421142578125 -0.79608154296875
-0.025848388671875 0.00241851806640626 -0.60968017578125 -0.1966552734375
0.00708389282226563 0.0246753692626953 -0.43890380859375 0.149810791015625
0.0198154449462891 0.0248527526855469 -0.06573486328125 0.24298095703125
0.00785160064697266 -0.0086665153503418 0.147079467773438 0.129928588867188
0.0153446197509766 -0.0082855224609375 -0.114013671875 -0.106315612792969
0.0200443267822266 0.0262603759765625 0.166778564453125 -0.1717529296875
0.0262260437011719 0.0293312072753906 0.446563720703125 -0.031219482421875
-0.00812911987304688 0.0290813446044922 0.51531982421875 0.381927490234375
-0.0520744323730469 -0.00927734375000001 -0.0048828125 0.77215576171875
-0.0259323120117187 -0.0784072875976563 -0.71142578125 0.67919921875
0.0532569885253906 -0.0167198181152344 -0.76824951171875 0.14337158203125
0.109275817871094 0.0597610473632813 0.0932769775390625 0.114967346191406
0.0894699096679688 0.0006103515625 0.926513671875 -0.1280517578125
0.0186347961425781 -0.0389289855957031 0.64892578125 -0.8148193359375
-0.0319404602050781 -0.0164127349853516 -0.257568359375 -0.7943115234375
-0.0186424255371094 0.00731086730957031 -0.61297607421875 -0.19366455078125
0.0138473510742188 0.0263042449951172 -0.44140625 0.15252685546875
0.0262222290039063 0.0210113525390625 -0.068634033203125 0.243804931640625
0.00478363037109375 -0.0131301879882812 0.142044067382813 0.132965087890625
0.0183963775634766 -0.0129890441894531 -0.113815307617188 -0.108970642089844
0.0257015228271484 0.0253143310546875 0.16748046875 -0.171142578125
0.0348834991455078 0.0288524627685547 0.44561767578125 -0.033050537109375
-0.00230026245117188 0.0353355407714844 0.515716552734375 0.3831787109375
-0.0541496276855469 -0.00246429443359374 -0.00653076171875008 0.7734375
-0.0319976806640625 -0.0757217407226562 -0.7109375 0.68035888671875
0.0495681762695313 -0.0180702209472656 -0.7667236328125 0.14666748046875
0.110321044921875 0.052947998046875 0.0919418334960937 0.117538452148437
0.0878677368164062 -0.0032806396484375 0.92938232421875 -0.12677001953125
0.0126380920410156 -0.0366363525390625 0.6488037109375 -0.81390380859375
-0.0341625213623047 -0.00936508178710938 -0.25909423828125 -0.79364013671875
-0.0084228515625 0.0115747451782227 -0.61566162109375 -0.19464111328125
0.0224151611328125 0.0229949951171875 -0.441802978515625 0.14947509765625
0.0324878692626953 0.0189533233642578 -0.0687713623046875 0.242813110351563
0.00745391845703125 -0.0216884613037109 0.142852783203125 0.133132934570313
0.0183963775634766 -0.0194587707519531 -0.115013122558594 -0.11175537109375
0.0330238342285156 0.0220699310302734 0.165069580078125 -0.174896240234375
0.0450973510742188 0.031494140625 0.444427490234375 -0.03753662109375
0.00352096557617187 0.0422248840332031 0.519927978515625 0.37750244140625
-0.0540390014648438 0.00838851928710939 0.00421142578125006 0.775634765625
-0.03936767578125 -0.071197509765625 -0.7027587890625 0.68829345703125
0.0441055297851563 -0.0225257873535156 -0.76708984375 0.1531982421875
0.109481811523438 0.0483551025390625 0.092193603515625 0.122230529785156
0.0844879150390625 -0.00527191162109375 0.92974853515625 -0.12127685546875
0.00841712951660156 -0.0317878723144531 0.65679931640625 -0.8074951171875
-0.0338478088378906 -0.001312255859375 -0.2530517578125 -0.79541015625
-0.0046844482421875 0.017822265625 -0.6103515625 -0.19915771484375
0.0318012237548828 0.0269889831542969 -0.443756103515625 0.1453857421875
0.0397987365722656 0.0159378051757813 -0.0738525390625 0.238784790039063
0.00678443908691406 -0.0253162384033203 0.138938903808594 0.12811279296875
0.0102348327636719 -0.00117874145507813 -0.109405517578125 -0.13763427734375
0.0110702514648437 0.0262546539306641 0.16949462890625 -0.201690673828125
0.00687980651855468 0.0277614593505859 0.45648193359375 -0.0709228515625
-0.0240535736083984 0.0206527709960938 0.5523681640625 0.339599609375
-0.058563232421875 -0.0154838562011719 0.0643310546875 0.761474609375
-0.0246963500976562 -0.0773696899414063 -0.63720703125 0.7169189453125
0.054168701171875 -0.00640869140625 -0.73992919921875 0.1871337890625
0.105850219726563 0.0706863403320313 0.0982284545898438 0.133056640625
0.0935592651367188 0.015716552734375 0.96820068359375 -0.07672119140625
0.0264968872070313 -0.0389556884765625 0.73358154296875 -0.78851318359375
-0.0364227294921875 -0.0276985168457031 -0.192626953125 -0.82391357421875
-0.0329055786132813 -0.00245094299316406 -0.59124755859375 -0.2386474609375
-0.002838134765625 0.0207233428955078 -0.4412841796875 0.120513916015625
0.0154457092285156 0.0219993591308594 -0.0711822509765625 0.218826293945313
0.0081787109375 -0.00652885437011719 0.156753540039063 0.106964111328125
0.010127067565918 0.00120162963867188 -0.109855651855469 -0.129615783691406
0.006805419921875 0.0280036926269531 0.169235229492188 -0.193954467773438
0.00291061401367188 0.0284709930419922 0.4547119140625 -0.0628662109375
-0.0267162322998047 0.0204257965087891 0.54339599609375 0.34979248046875
-0.0558052062988281 -0.0188331604003906 0.0469970703125 0.7679443359375
-0.020477294921875 -0.0786514282226562 -0.65496826171875 0.70953369140625
0.0560531616210938 -0.00592041015625 -0.74542236328125 0.1756591796875
0.104972839355469 0.0718231201171875 0.0963058471679688 0.128189086914063
0.0949859619140625 0.0146026611328125 0.961669921875 -0.0914306640625
0.0305557250976563 -0.0433158874511719 0.71337890625 -0.79840087890625
-0.0345706939697266 -0.0317649841308594 -0.210693359375 -0.8187255859375
-0.0350799560546875 -0.00314903259277344 -0.599853515625 -0.22845458984375
-0.00517654418945313 0.0202674865722656 -0.441375732421875 0.127197265625
0.0119915008544922 0.0235958099365234 -0.0706939697265625 0.2264404296875
0.00693416595458984 -0.00376033782958984 0.155044555664063 0.11346435546875
0.00748968124389648 0.000782489776611328 -0.11041259765625 -0.123313903808594
0.00743293762207031 0.0289287567138672 0.169937133789063 -0.186477661132813
0.0059356689453125 0.0270595550537109 0.453277587890625 -0.052093505859375
-0.024688720703125 0.0187110900878906 0.536651611328125 0.35955810546875
-0.0560798645019531 -0.0210800170898438 0.0290527343750001 0.76708984375
-0.0173263549804688 -0.082977294921875 -0.67181396484375 0.69793701171875
0.0564804077148438 -0.0081024169921875 -0.7547607421875 0.16510009765625
0.105934143066406 0.0720443725585938 0.0956573486328125 0.122077941894531
0.0945587158203125 0.0137100219726562 0.951904296875 -0.10394287109375
0.0309028625488281 -0.0459632873535156 0.6943359375 -0.80694580078125
-0.0350685119628906 -0.0329074859619141 -0.22711181640625 -0.81072998046875
-0.0343055725097656 -0.00552940368652343 -0.6043701171875 -0.2161865234375
-0.00549697875976563 0.0221977233886719 -0.439422607421875 0.13623046875
0.0132923126220703 0.0254173278808594 -0.0675048828125 0.234024047851563
0.0063023567199707 -0.00108480453491211 0.153564453125 0.1241455078125
0.0107040405273438 -0.000415802001953125 -0.110710144042969 -0.116226196289063
0.00951957702636719 0.0296916961669922 0.170883178710937 -0.17950439453125
0.00864219665527344 0.0270767211914063 0.454376220703125 -0.042755126953125
-0.0230846405029297 0.02044677734375 0.529449462890625 0.371124267578125
-0.055389404296875 -0.0197982788085937 0.01275634765625 0.7735595703125
-0.0181121826171875 -0.081878662109375 -0.69464111328125 0.69097900390625
0.0575027465820313 -0.00878524780273438 -0.76385498046875 0.1553955078125
0.107025146484375 0.0679931640625 0.0949554443359375 0.119331359863281
0.0937042236328125 0.00725555419921875 0.94482421875 -0.11761474609375
0.0287857055664063 -0.044281005859375 0.6776123046875 -0.8155517578125
-0.0342350006103516 -0.0306854248046875 -0.2412109375 -0.80767822265625
-0.0310955047607422 -0.00121688842773438 -0.6102294921875 -0.20660400390625
-0.000864028930664062 0.0239677429199219 -0.443389892578125 0.144561767578125
0.0144081115722656 0.0242938995361328 -0.068328857421875 0.241867065429687
0.00837182998657227 -0.00586128234863281 0.1505126953125 0.126022338867188
0.0115833282470703 -0.00343608856201172 -0.111885070800781 -0.108451843261719
0.0151920318603516 0.0273323059082031 0.171112060546875 -0.174575805664063
0.0148601531982422 0.0287837982177734 0.449371337890625 -0.03668212890625
-0.0174827575683594 0.0246982574462891 0.521728515625 0.379364013671875
-0.0552864074707031 -0.0166549682617188 0.000854492187500022 0.77667236328125
-0.0218582153320313 -0.0808029174804687 -0.70977783203125 0.6842041015625
0.0550804138183594 -0.0113067626953125 -0.7701416015625 0.14715576171875
0.106224060058594 0.064544677734375 0.09320068359375 0.117034912109375
0.0908126831054688 0.0027008056640625 0.93829345703125 -0.12713623046875
0.0236892700195313 -0.0439376831054688 0.66064453125 -0.8226318359375
-0.0338306427001953 -0.0250396728515625 -0.25372314453125 -0.8045654296875
-0.0230579376220703 0.0031890869140625 -0.6136474609375 -0.19671630859375
0.00588417053222656 0.0253448486328125 -0.4437255859375 0.15118408203125
0.0211715698242187 0.0223045349121094 -0.069793701171875 0.24517822265625
0.00845146179199219 -0.00994873046875 0.146575927734375 0.1312255859375
0.0130519866943359 -0.00777435302734375 -0.115310668945312 -0.107078552246094
0.0219478607177734 0.0268325805664063 0.168563842773438 -0.174057006835938
0.0261173248291016 0.0299110412597656 0.447723388671875 -0.03460693359375
-0.00909423828125 0.0290298461914063 0.519683837890625 0.38531494140625
-0.0544700622558594 -0.0103263854980469 -0.00598144531249999 0.777587890625
-0.0249710083007813 -0.07855224609375 -0.71624755859375 0.68218994140625
0.0529022216796875 -0.0149192810058594 -0.7738037109375 0.14434814453125
0.107658386230469 0.0579299926757813 0.0920486450195313 0.117538452148438
0.0880355834960938 0.00034332275390625 0.934814453125 -0.12933349609375
0.0186309814453125 -0.0401229858398438 0.65673828125 -0.82159423828125
-0.0322303771972656 -0.0184764862060547 -0.25811767578125 -0.800048828125
-0.0191268920898438 0.00724220275878906 -0.61456298828125 -0.19342041015625
0.0136852264404297 0.0254573822021484 -0.443115234375 0.154571533203125
0.0264568328857422 0.0221996307373047 -0.0708465576171875 0.247329711914063
0.00670909881591797 -0.0141973495483398 0.143157958984375 0.13470458984375
0.0172557830810547 -0.0130519866943359 -0.115997314453125 -0.108650207519531
0.0300140380859375 0.0240669250488281 0.1685791015625 -0.174880981445313
0.03564453125 0.0291099548339844 0.446624755859375 -0.03411865234375
-0.00322341918945313 0.0359039306640625 0.518341064453125 0.385162353515625
-0.0553131103515625 -0.00141143798828124 -0.00659179687500006 0.7791748046875
-0.0322265625 -0.0743255615234375 -0.717529296875 0.68548583984375
0.0505409240722656 -0.0189743041992188 -0.7757568359375 0.1458740234375
0.109878540039063 0.0510711669921875 0.0905990600585938 0.119140625
0.0862350463867188 -0.00481414794921875 0.93328857421875 -0.1275634765625
0.0148200988769531 -0.0376319885253906 0.6541748046875 -0.82025146484375
-0.0332260131835938 -0.00919723510742188 -0.26068115234375 -0.8017578125
-0.00866413116455078 0.0125408172607422 -0.61627197265625 -0.194091796875
0.0238265991210938 0.0250682830810547 -0.445404052734375 0.153167724609375
0.0327796936035156 0.0191974639892578 -0.07281494140625 0.2449951171875
0.0050811767578125 -0.0202541351318359 0.141983032226563 0.135879516601563
0.0188922882080078 -0.0177173614501953 -0.11590576171875 -0.110992431640625
0.0341339111328125 0.0213794708251953 0.166580200195313 -0.178192138671875
0.0445709228515625 0.0294227600097656 0.44647216796875 -0.0390625
0.0035858154296875 0.0406684875488281 0.523193359375 0.380706787109375
-0.056182861328125 0.00952911376953124 0.000427246093749971 0.78253173828125
-0.0376739501953125 -0.070556640625 -0.70941162109375 0.6920166015625
0.0464553833007813 -0.0232658386230469 -0.77301025390625 0.15155029296875
0.110374450683594 0.047271728515625 0.0887680053710938 0.121017456054687
0.0837249755859375 -0.0065765380859375 0.9371337890625 -0.12249755859375
0.00888824462890625 -0.0323448181152344 0.66436767578125 -0.8131103515625
-0.0348224639892578 -0.00185012817382812 -0.2523193359375 -0.80340576171875
-0.00239849090576172 0.0167274475097656 -0.61578369140625 -0.19989013671875
0.0326042175292969 0.0268039703369141 -0.447265625 0.1478271484375
0.039459228515625 0.0166778564453125 -0.0723419189453125 0.2403564453125
0.00576019287109375 -0.0255355834960938 0.139152526855469 0.129158020019531
0.0106496810913086 -0.00051116943359375 -0.109268188476562 -0.139167785644531
0.0110378265380859 0.0259628295898438 0.17095947265625 -0.204620361328125
0.00772857666015625 0.0269069671630859 0.459564208984375 -0.074462890625
-0.0259284973144531 0.0221233367919922 0.55865478515625 0.341217041015625
-0.0580024719238281 -0.0144157409667969 0.06494140625 0.7705078125
-0.0251083374023437 -0.0772933959960938 -0.64117431640625 0.728271484375
0.0551528930664062 -0.00751876831054687 -0.74456787109375 0.19085693359375
0.105514526367188 0.0713577270507813 0.0973358154296875 0.133255004882813
0.093475341796875 0.01690673828125 0.97528076171875 -0.07781982421875
0.0277328491210938 -0.0404014587402344 0.73785400390625 -0.79486083984375
-0.035400390625 -0.0295028686523437 -0.1953125 -0.8304443359375
-0.0320911407470703 -0.00372314453125 -0.5980224609375 -0.23931884765625
-0.00142097473144531 0.0212383270263672 -0.4429931640625 0.1212158203125
0.0142364501953125 0.0195770263671875 -0.0714263916015625 0.2208251953125
0.00864601135253906 -0.00451993942260742 0.158523559570313 0.109130859375
0.0112094879150391 0.00145530700683594 -0.109100341796875 -0.131111145019531
0.00820159912109375 0.029754638671875 0.17169189453125 -0.199050903320313
0.00134468078613281 0.0264072418212891 0.45782470703125 -0.06365966796875
-0.0262355804443359 0.0207366943359375 0.54833984375 0.3526611328125
-0.0574493408203125 -0.0191383361816406 0.0516967773437499 0.7725830078125
-0.0199050903320313 -0.0806045532226563 -0.65985107421875 0.7154541015625
0.0581512451171875 -0.00469970703125 -0.7510986328125 0.17767333984375
0.105758666992188 0.0738296508789062 0.0983047485351563 0.128692626953125
0.0954971313476563 0.0124893188476563 0.967041015625 -0.09393310546875
0.0326080322265625 -0.0432395935058594 0.71856689453125 -0.80548095703125
-0.0364418029785156 -0.031951904296875 -0.21392822265625 -0.82550048828125
-0.0352287292480469 -0.00356674194335938 -0.604736328125 -0.2276611328125
-0.00625419616699219 0.0203495025634766 -0.444580078125 0.13079833984375
0.0115585327148437 0.0230503082275391 -0.069427490234375 0.231491088867188
0.00760984420776367 -0.000229835510253906 0.156768798828125 0.11639404296875
0.0101690292358398 0.00144481658935547 -0.111412048339844 -0.125411987304688
0.0095672607421875 0.0306529998779297 0.171005249023438 -0.188446044921875
0.0054779052734375 0.0273170471191406 0.456512451171875 -0.05487060546875
-0.0260028839111328 0.0175838470458984 0.54229736328125 0.3616943359375
-0.0555610656738281 -0.0217323303222656 0.0341796875 0.77508544921875
-0.018218994140625 -0.0834732055664062 -0.6785888671875 0.70684814453125
0.0604972839355469 -0.00600051879882813 -0.75946044921875 0.1663818359375
0.106903076171875 0.0727005004882813 0.0956649780273438 0.123428344726562
0.096588134765625 0.0094451904296875 0.958740234375 -0.10650634765625
0.033538818359375 -0.0443115234375 0.70172119140625 -0.81280517578125
-0.0353775024414063 -0.0330162048339844 -0.22906494140625 -0.8172607421875
-0.036956787109375 -0.002197265625 -0.6104736328125 -0.2158203125
-0.00521659851074219 0.0220203399658203 -0.444366455078125 0.14080810546875
0.0125865936279297 0.0257167816162109 -0.06903076171875 0.237548828125
0.0070343017578125 -0.00154781341552734 0.155380249023438 0.123550415039062
0.0122852325439453 0.000919342041015625 -0.112648010253906 -0.11798095703125
0.0106067657470703 0.0297737121582031 0.172256469726563 -0.18170166015625
0.0105800628662109 0.0308628082275391 0.45452880859375 -0.04583740234375
-0.0215530395507812 0.0195446014404297 0.53387451171875 0.3753662109375
-0.0560455322265625 -0.0203857421875 0.0159301757812499 0.78155517578125
-0.0177536010742187 -0.0836639404296875 -0.6995849609375 0.6981201171875
0.0577964782714844 -0.00849151611328125 -0.771240234375 0.15631103515625
0.106315612792969 0.06719970703125 0.0937042236328125 0.119346618652344
0.095672607421875 0.0074005126953125 0.9537353515625 -0.1201171875
0.0286216735839844 -0.0457305908203125 0.68280029296875 -0.82257080078125
-0.034698486328125 -0.0299491882324219 -0.24609375 -0.813720703125
-0.0298118591308594 -0.000350952148437496 -0.6151123046875 -0.20635986328125
-0.00148582458496094 0.0249366760253906 -0.448211669921875 0.14801025390625
0.0162010192871094 0.0228080749511719 -0.0705413818359375 0.242965698242188
0.00712680816650391 -0.00348711013793945 0.150848388671875 0.127227783203125
0.0119190216064453 -0.00156211853027344 -0.114280700683594 -0.110176086425781
0.0156917572021484 0.0275421142578125 0.173919677734375 -0.175765991210938
0.0160293579101563 0.0293655395507812 0.454071044921875 -0.037384033203125
-0.0174121856689453 0.0227813720703125 0.527923583984375 0.38287353515625
-0.05438232421875 -0.0145912170410156 0.00280761718749996 0.7818603515625
-0.0208816528320312 -0.079345703125 -0.71429443359375 0.6910400390625
0.0559501647949219 -0.0108985900878906 -0.77630615234375 0.15057373046875
0.108268737792969 0.0641326904296875 0.0951156616210938 0.116844177246094
0.0919113159179688 0.00298309326171875 0.945556640625 -0.12774658203125
0.0249786376953125 -0.042388916015625 0.6658935546875 -0.82879638671875
-0.0318279266357422 -0.0256404876708984 -0.2576904296875 -0.8089599609375
-0.0250015258789063 0.00187301635742187 -0.6209716796875 -0.19805908203125
0.005950927734375 0.0245819091796875 -0.44781494140625 0.15484619140625
0.0205593109130859 0.0230083465576172 -0.0709381103515625 0.247650146484375
0.00638151168823242 -0.00872802734375 0.148590087890625 0.1341552734375
0.014277458190918 -0.00884437561035156 -0.113899230957031 -0.108688354492188
0.0214080810546875 0.0278644561767578 0.171218872070313 -0.175018310546875
0.0272903442382813 0.0300788879394531 0.4512939453125 -0.037200927734375
-0.00890922546386719 0.0298213958740234 0.5244140625 0.387603759765625
-0.0559654235839844 -0.00943756103515626 -0.00451660156250007 0.78472900390625
-0.025482177734375 -0.0787506103515625 -0.7218017578125 0.68963623046875
0.0524444580078125 -0.0147438049316406 -0.7811279296875 0.145751953125
0.108657836914063 0.0579681396484375 0.0905990600585938 0.115043640136719
0.0895462036132813 -0.0003509521484375 0.94097900390625 -0.13201904296875
0.0189132690429688 -0.0397872924804688 0.662109375 -0.82867431640625
-0.0327892303466797 -0.0171623229980469 -0.26239013671875 -0.80621337890625
-0.0181121826171875 0.00674057006835938 -0.62371826171875 -0.194091796875
0.0158729553222656 0.0264034271240234 -0.44659423828125 0.158416748046875
0.0265998840332031 0.0219326019287109 -0.0709686279296875 0.249496459960937
0.00617408752441406 -0.0132350921630859 0.146240234375 0.13592529296875
0.0186939239501953 -0.0127773284912109 -0.1131591796875 -0.109107971191406
0.0301322937011719 0.0238895416259766 0.168350219726563 -0.177597045898438
0.0365676879882813 0.0298347473144531 0.450469970703125 -0.0369873046875
-0.004364013671875 0.0353317260742188 0.524749755859375 0.3861083984375
-0.0572853088378906 0.000602722167968751 -0.00616455078125006 0.78656005859375
-0.03204345703125 -0.076080322265625 -0.7222900390625 0.6923828125
0.0503501892089844 -0.0184707641601563 -0.782470703125 0.14764404296875
0.110328674316406 0.050262451171875 0.0890655517578125 0.119766235351563
0.0874710083007813 -0.0039215087890625 0.9410400390625 -0.12841796875
0.0140228271484375 -0.0361404418945313 0.6593017578125 -0.82525634765625
-0.0326175689697266 -0.00940132141113281 -0.2647705078125 -0.804443359375
-0.0116033554077148 0.0108833312988281 -0.622802734375 -0.19464111328125
0.0260887145996094 0.0279121398925781 -0.450439453125 0.157440185546875
0.0359115600585938 0.018890380859375 -0.0720672607421875 0.249191284179688
0.00501823425292969 -0.0203514099121094 0.143417358398437 0.13568115234375
0.0174169540405273 -0.0161285400390625 -0.116157531738281 -0.113021850585938
0.0367546081542969 0.0211105346679688 0.171188354492188 -0.18182373046875
0.04718017578125 0.0301361083984375 0.449859619140625 -0.041717529296875
0.00318145751953125 0.04229736328125 0.52825927734375 0.38134765625
-0.0558662414550781 0.00812911987304689 0.00183105468749994 0.78656005859375
-0.0391006469726563 -0.0685806274414063 -0.713134765625 0.7001953125
0.047271728515625 -0.0229682922363281 -0.78009033203125 0.15509033203125
0.111396789550781 0.046783447265625 0.0886611938476562 0.119659423828125
0.0845489501953125 -0.00460052490234375 0.94549560546875 -0.12115478515625
0.00679969787597656 -0.0329437255859375 0.6669921875 -0.82196044921875
-0.0331611633300781 -0.000373840332031256 -0.25811767578125 -0.8109130859375
-0.00387668609619141 0.0166807174682617 -0.62335205078125 -0.19970703125
0.0331230163574219 0.0255336761474609 -0.44976806640625 0.15093994140625
0.0413589477539063 0.0170631408691406 -0.0729522705078125 0.243118286132813
0.004791259765625 -0.0240497589111328 0.141525268554688 0.132736206054688
0.00951004028320313 -0.000974655151367188 -0.110794067382812 -0.13818359375
0.0122661590576172 0.0276355743408203 0.173263549804688 -0.208587646484375
0.00613975524902344 0.0272331237792969 0.464019775390625 -0.076141357421875
-0.0250797271728516 0.0219554901123047 0.5657958984375 0.341796875
-0.0594024658203125 -0.0140876770019531 0.0682373046875 0.77972412109375
-0.0252304077148438 -0.0772933959960938 -0.646484375 0.7347412109375
0.0551910400390625 -0.00620269775390625 -0.74981689453125 0.19287109375
0.107109069824219 0.0729522705078125 0.09832763671875 0.134368896484375
0.0950775146484375 0.01507568359375 0.98480224609375 -0.08087158203125
0.0294609069824219 -0.0409088134765625 0.742431640625 -0.80584716796875
-0.0368766784667969 -0.0288238525390625 -0.20098876953125 -0.84033203125
-0.0328750610351563 -0.0027008056640625 -0.6051025390625 -0.23828125
-0.0026397705078125 0.021484375 -0.44744873046875 0.126220703125
0.0147247314453125 0.0234527587890625 -0.07122802734375 0.224197387695312
0.00630950927734375 -0.00377273559570313 0.161239624023438 0.11016845703125
0.00903797149658203 0.00226783752441406 -0.111099243164062 -0.133087158203125
0.00884628295898438 0.0297107696533203 0.173294067382813 -0.201080322265625
0.00336647033691406 0.0283412933349609 0.462432861328125 -0.068115234375
-0.0276432037353516 0.0177898406982422 0.559417724609375 0.35211181640625
-0.0591316223144531 -0.0196075439453125 0.05218505859375 0.7818603515625
-0.0207366943359375 -0.0800094604492188 -0.66412353515625 0.72735595703125
0.0589218139648438 -0.0052032470703125 -0.7598876953125 0.180419921875
0.107109069824219 0.0719528198242188 0.0968856811523438 0.129074096679688
0.0967636108398437 0.013824462890625 0.9755859375 -0.0970458984375
0.0300674438476563 -0.0426254272460938 0.72491455078125 -0.81549072265625
-0.0346336364746094 -0.0321846008300781 -0.2161865234375 -0.8345947265625
-0.0349254608154297 -0.00454330444335937 -0.61175537109375 -0.22735595703125
-0.00583457946777344 0.0202007293701172 -0.44873046875 0.1351318359375
0.0127220153808594 0.0235767364501953 -0.0704498291015625 0.231536865234375
0.00668716430664063 0.000293731689453125 0.1580810546875 0.11761474609375
0.00969886779785156 0.00189495086669922 -0.109481811523437 -0.123908996582031
0.00951957702636719 0.0305004119873047 0.174484252929687 -0.194061279296875
0.00380516052246094 0.0284824371337891 0.458526611328125 -0.05816650390625
-0.0259304046630859 0.0197830200195313 0.55059814453125 0.361480712890625
-0.0569076538085938 -0.0221405029296875 0.0336303710937501 0.783935546875
-0.0175018310546875 -0.08209228515625 -0.68267822265625 0.71697998046875
0.0598030090332031 -0.00670623779296875 -0.7681884765625 0.1685791015625
0.107559204101563 0.0724334716796875 0.0962448120117187 0.124176025390625
0.096160888671875 0.0114517211914063 0.968017578125 -0.110107421875
0.0302658081054688 -0.0448455810546875 0.7021484375 -0.82196044921875
-0.0341968536376953 -0.0345554351806641 -0.23291015625 -0.8265380859375
-0.0345897674560547 -0.00351715087890626 -0.6168212890625 -0.21636962890625
-0.00361251831054688 0.0217685699462891 -0.449493408203125 0.143280029296875
0.0133609771728516 0.0237541198730469 -0.0703277587890625 0.24114990234375
0.00571966171264648 -0.00156402587890625 0.156524658203125 0.12640380859375
0.0116071701049805 0.000809669494628906 -0.113250732421875 -0.116790771484375
0.0116519927978516 0.0294704437255859 0.174880981445313 -0.186859130859375
0.00667190551757813 0.0289344787597656 0.459991455078125 -0.046722412109375
-0.023223876953125 0.0204658508300781 0.542266845703125 0.37469482421875
-0.0563201904296875 -0.0199623107910156 0.0162963867187499 0.78826904296875
-0.0185317993164063 -0.083099365234375 -0.70513916015625 0.70892333984375
0.0583877563476563 -0.0074615478515625 -0.7762451171875 0.1590576171875
0.107048034667969 0.0674819946289063 0.0950469970703125 0.11968994140625
0.0949554443359375 0.007781982421875 0.96160888671875 -0.12353515625
0.0276832580566406 -0.045379638671875 0.68621826171875 -0.83343505859375
-0.0341167449951172 -0.0305309295654297 -0.2501220703125 -0.82305908203125
-0.0304279327392578 -0.000928878784179684 -0.6219482421875 -0.207763671875
-0.000865936279296877 0.0242328643798828 -0.452850341796875 0.15252685546875
0.0160083770751953 0.0238285064697266 -0.071502685546875 0.248123168945312
0.00705385208129883 -0.00319910049438477 0.1524658203125 0.130340576171875
0.0129261016845703 -0.00301074981689453 -0.112892150878906 -0.112312316894531
0.0181159973144531 0.0281410217285156 0.174224853515625 -0.1793212890625
0.0159473419189453 0.0293731689453125 0.457550048828125 -0.04132080078125
-0.0190906524658203 0.0235767364501953 0.53460693359375 0.385009765625
-0.05560302734375 -0.0149574279785156 0.00427246093750006 0.79254150390625
-0.021148681640625 -0.0815582275390625 -0.7191162109375 0.70208740234375
0.0567855834960938 -0.0110092163085938 -0.7835693359375 0.1514892578125
0.107406616210937 0.0643386840820312 0.09344482421875 0.118339538574219
0.0923614501953125 0.00327301025390625 0.95404052734375 -0.13134765625
0.0246238708496094 -0.042755126953125 0.6702880859375 -0.84197998046875
-0.0337162017822266 -0.0249538421630859 -0.26312255859375 -0.81671142578125
-0.0258083343505859 0.00354194641113281 -0.6290283203125 -0.19952392578125
0.00663948059082031 0.0238628387451172 -0.451202392578125 0.15972900390625
0.0215415954589844 0.0228061676025391 -0.0696868896484375 0.2523193359375
0.00610208511352539 -0.00805568695068359 0.150405883789063 0.136199951171875
0.0144052505493164 -0.00790596008300781 -0.11468505859375 -0.109344482421875
0.0244159698486328 0.0271434783935547 0.173797607421875 -0.178817749023438
0.0261363983154297 0.0312919616699219 0.457000732421875 -0.0372314453125
-0.0112667083740234 0.0304813385009766 0.530426025390625 0.38763427734375
-0.0570335388183594 -0.00856781005859376 -0.00274658203124998 0.79296875
-0.0241775512695313 -0.0776748657226563 -0.7286376953125 0.70068359375
0.0542411804199219 -0.0132522583007813 -0.78692626953125 0.147705078125
0.111808776855469 0.0562591552734375 0.0925140380859375 0.117233276367188
0.0901412963867187 -0.00191497802734375 0.950439453125 -0.1356201171875
0.0204277038574219 -0.0418853759765625 0.664794921875 -0.8402099609375
-0.0334300994873047 -0.0158596038818359 -0.267822265625 -0.81494140625
-0.0173168182373047 0.00720024108886719 -0.63299560546875 -0.19378662109375
0.0158329010009766 0.0259284973144531 -0.45404052734375 0.163421630859375
0.0296955108642578 0.0205821990966797 -0.07220458984375 0.254150390625
0.00607109069824219 -0.0136651992797852 0.147354125976563 0.138992309570313
0.0159826278686523 -0.0121231079101563 -0.115066528320313 -0.109962463378906
0.0305843353271484 0.0245628356933594 0.173171997070312 -0.180343627929687
0.0363655090332031 0.0298805236816406 0.455047607421875 -0.041107177734375
-0.003143310546875 0.0365943908691406 0.5322265625 0.389007568359375
-0.055694580078125 0.00032043457031249 -0.00292968750000008 0.7939453125
-0.0329513549804688 -0.073272705078125 -0.726318359375 0.7027587890625
0.0513114929199219 -0.0186042785644531 -0.78814697265625 0.14898681640625
0.111381530761719 0.0518951416015625 0.0911636352539063 0.117317199707031
0.0866317749023437 -0.00428009033203125 0.949462890625 -0.13275146484375
0.0140647888183594 -0.0375862121582031 0.662841796875 -0.83905029296875
-0.0343704223632813 -0.00937461853027344 -0.26806640625 -0.81597900390625
-0.0107641220092773 0.0126457214355469 -0.63201904296875 -0.1961669921875
0.0245990753173828 0.0266571044921875 -0.454986572265625 0.16265869140625
0.0362968444824219 0.0179176330566406 -0.071044921875 0.251083374023438
0.00478744506835938 -0.0180301666259766 0.14544677734375 0.136764526367188
0.0186309814453125 -0.0189971923828125 -0.115058898925781 -0.114295959472656
0.0378494262695313 0.022003173828125 0.171112060546875 -0.183975219726563
0.0459251403808594 0.0287513732910156 0.45562744140625 -0.044708251953125
0.00302505493164062 0.0407791137695313 0.535614013671875 0.385345458984375
-0.0571479797363281 0.00996780395507813 0.00415039062500006 0.798095703125
-0.0389556884765625 -0.0698471069335938 -0.72021484375 0.7119140625
0.0468635559082031 -0.0215682983398438 -0.788330078125 0.15570068359375
0.112373352050781 0.045379638671875 0.09014892578125 0.120254516601563
0.0836715698242188 -0.006591796875 0.95440673828125 -0.12542724609375
0.00659561157226562 -0.0320148468017578 0.67181396484375 -0.83245849609375
-0.0344257354736328 -0.000892639160156247 -0.2615966796875 -0.81829833984375
-0.00379848480224609 0.0166444778442383 -0.62725830078125 -0.200927734375
0.0315418243408203 0.025726318359375 -0.455535888671875 0.155731201171875
0.0420646667480469 0.0171089172363281 -0.07183837890625 0.246871948242188
0.00414276123046875 -0.0237026214599609 0.144760131835938 0.135498046875
0.0114336013793945 0.000458717346191406 -0.111312866210938 -0.142929077148438
0.0126476287841797 0.0275363922119141 0.175048828125 -0.21435546875
0.00661277770996094 0.0264167785644531 0.467132568359375 -0.08038330078125
-0.0239887237548828 0.0229969024658203 0.57391357421875 0.343505859375
-0.0589370727539062 -0.0147209167480469 0.0755615234375 0.78887939453125
-0.0244598388671875 -0.078155517578125 -0.64898681640625 0.7479248046875
0.0582199096679688 -0.00397491455078125 -0.7603759765625 0.19757080078125
0.104698181152344 0.0718307495117188 0.0976715087890625 0.132308959960938
0.0954055786132812 0.013275146484375 0.99676513671875 -0.08740234375
0.0292701721191406 -0.0406761169433594 0.7479248046875 -0.81756591796875
-0.036224365234375 -0.03076171875 -0.2056884765625 -0.848388671875
-0.0322513580322266 -0.00202751159667969 -0.613037109375 -0.2369384765625
-0.00200271606445313 0.0214080810546875 -0.453582763671875 0.1343994140625
0.0157642364501953 0.0217170715332031 -0.0717620849609375 0.228805541992188
0.00637054443359375 -0.00215768814086914 0.161605834960938 0.111709594726563
0.00810384750366211 0.00154876708984375 -0.111709594726563 -0.132080078125
0.0121650695800781 0.0311965942382813 0.174896240234375 -0.208038330078125
0.00230979919433594 0.0280647277832031 0.46502685546875 -0.071044921875
-0.0285701751708984 0.0190391540527344 0.5667724609375 0.3536376953125
-0.0593032836914063 -0.0193595886230469 0.0571899414062499 0.79071044921875
-0.022064208984375 -0.0826797485351563 -0.66864013671875 0.73760986328125
0.057769775390625 -0.00226974487304688 -0.768310546875 0.18621826171875
0.10772705078125 0.074981689453125 0.0986557006835938 0.128242492675781
0.0983505249023438 0.014007568359375 0.987548828125 -0.1009521484375
0.031890869140625 -0.041778564453125 0.73095703125 -0.82977294921875
-0.0355949401855469 -0.0317878723144531 -0.22467041015625 -0.84197998046875
-0.036773681640625 -0.00509262084960937 -0.62054443359375 -0.22918701171875
-0.00448226928710938 0.0220603942871094 -0.454620361328125 0.140106201171875
0.0127124786376953 0.0239067077636719 -0.073883056640625 0.235794067382813
0.00598239898681641 -0.00101184844970703 0.161026000976563 0.118377685546875
0.0115947723388672 0.00436210632324219 -0.115234375 -0.125999450683594
0.0101642608642578 0.0315093994140625 0.17352294921875 -0.196685791015625
0.0052947998046875 0.0289154052734375 0.463470458984375 -0.061920166015625
-0.0283145904541016 0.0191516876220703 0.557037353515625 0.3643798828125
-0.0563430786132813 -0.0217819213867187 0.04022216796875 0.79229736328125
-0.0177154541015625 -0.08074951171875 -0.6888427734375 0.72869873046875
0.0597114562988281 -0.00539016723632813 -0.7760009765625 0.1739501953125
0.107772827148437 0.0719146728515625 0.0976104736328125 0.124114990234375
0.098388671875 0.0112991333007813 0.97601318359375 -0.1131591796875
0.0315513610839844 -0.0462074279785156 0.70904541015625 -0.83795166015625
-0.0350055694580078 -0.0321102142333984 -0.24078369140625 -0.8348388671875
-0.0349044799804688 -0.00209808349609376 -0.62738037109375 -0.213134765625
-0.00519561767578125 0.0214691162109375 -0.454132080078125 0.150665283203125
0.0130748748779297 0.0245132446289062 -0.0701141357421875 0.245513916015625
0.00490951538085938 0.00111579895019531 0.15924072265625 0.126815795898438
0.0119943618774414 0.000826835632324219 -0.113433837890625 -0.118331909179688
0.0120964050292969 0.0307712554931641 0.176116943359375 -0.1871337890625
0.00769233703613281 0.0293064117431641 0.466400146484375 -0.053741455078125
-0.0228805541992187 0.0209007263183594 0.547821044921875 0.374725341796875
-0.0563087463378906 -0.0181121826171875 0.0233764648437501 0.80029296875
-0.016937255859375 -0.08343505859375 -0.70849609375 0.7196044921875
0.0589027404785156 -0.00805282592773437 -0.78582763671875 0.16412353515625
0.1077880859375 0.0689163208007813 0.0944442749023437 0.120468139648438
0.0959854125976563 0.00485992431640625 0.9681396484375 -0.1295166015625
0.0291557312011719 -0.0478782653808594 0.69140625 -0.84356689453125
-0.0347900390625 -0.0306396484375 -0.25469970703125 -0.83148193359375
-0.0295677185058594 -0.00172042846679687 -0.63116455078125 -0.2056884765625
-0.000492095947265625 0.0245361328125 -0.454986572265625 0.156768798828125
0.0165882110595703 0.0240135192871094 -0.0712738037109375 0.252700805664063
0.00789594650268555 -0.000251293182373047 0.153121948242188 0.132354736328125
0.0146713256835937 -0.00293731689453125 -0.114463806152344 -0.1119384765625
0.0173015594482422 0.0301094055175781 0.175796508789063 -0.1861572265625
0.0157413482666016 0.028961181640625 0.4649658203125 -0.045074462890625
-0.0202560424804688 0.0247669219970703 0.54437255859375 0.385528564453125
-0.059112548828125 -0.0149765014648438 0.00903320312499997 0.8013916015625
-0.0197906494140625 -0.0808563232421875 -0.7252197265625 0.714111328125
0.0576972961425781 -0.00930404663085938 -0.79180908203125 0.15631103515625
0.111503601074219 0.0621719360351563 0.0926055908203125 0.117843627929688
0.0927200317382812 0.0036468505859375 0.9652099609375 -0.1380615234375
0.0257492065429688 -0.0454025268554688 0.673095703125 -0.85601806640625
-0.0352745056152344 -0.025970458984375 -0.26953125 -0.82659912109375
-0.0258102416992188 0.000675201416015627 -0.63470458984375 -0.19854736328125
0.00755882263183594 0.0249233245849609 -0.45587158203125 0.165008544921875
0.0219955444335938 0.0233020782470703 -0.070404052734375 0.256561279296875
0.00489997863769531 -0.00832414627075195 0.15313720703125 0.136489868164063
0.0149574279785156 -0.00682544708251953 -0.114952087402344 -0.110237121582031
0.0244235992431641 0.0279445648193359 0.17340087890625 -0.184417724609375
0.0262317657470703 0.0304641723632813 0.46014404296875 -0.041412353515625
-0.0120162963867188 0.0319309234619141 0.53948974609375 0.390960693359375
-0.0577850341796875 -0.00835037231445312 0.000244140624999956 0.802490234375
-0.027069091796875 -0.07733154296875 -0.7335205078125 0.711669921875
0.0541648864746094 -0.0150489807128906 -0.7974853515625 0.15313720703125
0.110054016113281 0.0582351684570313 0.0920333862304688 0.116119384765625
0.0897979736328125 -0.00092315673828125 0.96026611328125 -0.1390380859375
0.0205459594726563 -0.0421829223632813 0.667724609375 -0.852783203125
-0.0340061187744141 -0.0175590515136719 -0.27618408203125 -0.8243408203125
-0.0193252563476563 0.00574493408203125 -0.63885498046875 -0.19329833984375
0.0171089172363281 0.0278949737548828 -0.45849609375 0.1676025390625
0.0297012329101563 0.0210380554199219 -0.0706787109375 0.257965087890625
0.0040283203125 -0.0128936767578125 0.15032958984375 0.141021728515625
0.0182971954345703 -0.0132694244384766 -0.115966796875 -0.113883972167969
0.0314655303955078 0.0236301422119141 0.174957275390625 -0.183013916015625
0.0377159118652344 0.0287437438964844 0.459136962890625 -0.043365478515625
-0.00228500366210937 0.037445068359375 0.538970947265625 0.388031005859375
-0.0566253662109375 0.00273895263671874 0.00103759765624997 0.80523681640625
-0.0338973999023437 -0.0742034912109375 -0.736328125 0.71478271484375
0.0501441955566406 -0.0166244506835938 -0.79876708984375 0.15325927734375
0.112129211425781 0.0514068603515625 0.0923919677734375 0.118217468261719
0.0854415893554688 -0.00630950927734375 0.9593505859375 -0.13751220703125
0.0154304504394531 -0.0388832092285156 0.66851806640625 -0.85235595703125
-0.0346908569335938 -0.00916481018066407 -0.27655029296875 -0.82525634765625
-0.0111570358276367 0.0126991271972656 -0.6375732421875 -0.19415283203125
0.0254631042480469 0.0270977020263672 -0.45880126953125 0.167449951171875
0.0341262817382813 0.0185546875 -0.07110595703125 0.256072998046875
0.00310134887695312 -0.0179500579833984 0.14849853515625 0.13983154296875
0.0193080902099609 -0.0171184539794922 -0.117088317871094 -0.114326477050781
0.0391616821289063 0.0234222412109375 0.174179077148438 -0.18792724609375
0.0456314086914063 0.02911376953125 0.458526611328125 -0.0491943359375
0.00357437133789062 0.0443267822265625 0.543365478515625 0.38470458984375
-0.0565223693847656 0.00812149047851563 0.00726318359375005 0.80535888671875
-0.0410995483398437 -0.0709609985351563 -0.72607421875 0.72418212890625
0.0453529357910156 -0.0230026245117187 -0.795166015625 0.1600341796875
0.112541198730469 0.0462493896484375 0.089508056640625 0.119674682617188
0.0846786499023438 -0.00708770751953125 0.9613037109375 -0.13201904296875
0.00980758666992188 -0.0330924987792969 0.6768798828125 -0.84454345703125
-0.0344810485839844 0.000556945800781247 -0.27117919921875 -0.829345703125
-0.00384521484375 0.0173578262329102 -0.63714599609375 -0.1993408203125
0.0342502593994141 0.0273723602294922 -0.459564208984375 0.163330078125
0.0444602966308594 0.0151023864746094 -0.0731048583984375 0.249282836914062
0.00312042236328125 -0.0234794616699219 0.148300170898438 0.136428833007813
0.0101404190063477 0.000924110412597656 -0.112579345703125 -0.142410278320312
0.0138092041015625 0.0268383026123047 0.176544189453125 -0.219970703125
0.00760841369628906 0.0280876159667969 0.473663330078125 -0.088104248046875
-0.0267524719238281 0.0234832763671875 0.58282470703125 0.34228515625
-0.0613517761230469 -0.0120391845703125 0.081298828125 0.79833984375
-0.025909423828125 -0.0764007568359375 -0.6534423828125 0.761962890625
0.058258056640625 -0.00503921508789063 -0.7684326171875 0.2054443359375
0.109474182128906 0.0728530883789063 0.101486206054687 0.135055541992187
0.0967559814453125 0.0136566162109375 1.00506591796875 -0.094482421875
0.0282516479492187 -0.0425262451171875 0.75238037109375 -0.83526611328125
-0.0373916625976563 -0.0272064208984375 -0.21478271484375 -0.86016845703125
-0.0325527191162109 -0.00246429443359375 -0.6221923828125 -0.23687744140625
-0.00187301635742187 0.0214138031005859 -0.458282470703125 0.1356201171875
0.0161972045898438 0.0219020843505859 -0.0708770751953125 0.23260498046875
0.00658035278320313 -0.00162506103515625 0.164825439453125 0.113494873046875
0.0095834732055664 0.0026702880859375 -0.112007141113281 -0.135261535644531
0.0129604339599609 0.029998779296875 0.177139282226563 -0.212570190429687
0.0052337646484375 0.0285243988037109 0.470123291015625 -0.078033447265625
-0.026763916015625 0.0191688537597656 0.57373046875 0.35369873046875
-0.0600547790527344 -0.0189857482910156 0.0635986328125001 0.8006591796875
-0.022430419921875 -0.080230712890625 -0.6732177734375 0.7557373046875
0.0590972900390625 -0.00506973266601563 -0.77398681640625 0.19305419921875
0.108695983886719 0.0725784301757812 0.10028076171875 0.1292724609375
0.098419189453125 0.0120086669921875 0.99908447265625 -0.11004638671875
0.031768798828125 -0.0444374084472656 0.7327880859375 -0.8472900390625
-0.0366935729980469 -0.0298538208007812 -0.23455810546875 -0.85430908203125
-0.0367202758789063 -0.00395584106445312 -0.63031005859375 -0.226806640625
-0.00549697875976563 0.0208759307861328 -0.459503173828125 0.1475830078125
0.0142059326171875 0.0243473052978516 -0.07080078125 0.240936279296875
0.00537204742431641 -0.00113105773925781 0.164947509765625 0.121322631835938
0.01129150390625 0.00348186492919922 -0.114830017089844 -0.128692626953125
0.0121746063232422 0.0326499938964844 0.177383422851563 -0.202285766601563
0.00494194030761719 0.02911376953125 0.469940185546875 -0.070648193359375
-0.0276222229003906 0.0187435150146484 0.567626953125 0.36431884765625
-0.05731201171875 -0.0202789306640625 0.0452880859375 0.80108642578125
-0.0191802978515625 -0.0816802978515625 -0.69146728515625 0.74078369140625
0.0596122741699219 -0.00637435913085938 -0.7835693359375 0.17889404296875
0.109054565429688 0.070831298828125 0.0953292846679688 0.124176025390625
0.0983810424804688 0.00885009765625 0.9881591796875 -0.121337890625
0.0315895080566406 -0.0468711853027344 0.71173095703125 -0.85211181640625
-0.0356826782226563 -0.0321464538574219 -0.24884033203125 -0.84478759765625
-0.0360145568847656 -0.00461578369140625 -0.6334228515625 -0.21270751953125
-0.003387451171875 0.0216865539550781 -0.457763671875 0.156463623046875
0.0141696929931641 0.0241680145263672 -0.0693817138671875 0.24853515625
0.00553560256958008 0.000276088714599609 0.163009643554688 0.128189086914063
0.011871337890625 5.7220458984375E-06 -0.114028930664063 -0.120361328125
0.0143814086914063 0.0306854248046875 0.177581787109375 -0.1961669921875
0.00748062133789063 0.0285739898681641 0.470916748046875 -0.0584716796875
-0.0238437652587891 0.02239990234375 0.5615234375 0.377105712890625
-0.0589981079101562 -0.0186347961425781 0.0294799804687499 0.81134033203125
-0.01800537109375 -0.0820083618164062 -0.71453857421875 0.7353515625
0.0607032775878906 -0.008270263671875 -0.79388427734375 0.17138671875
0.109603881835938 0.0690765380859375 0.0962982177734375 0.12042236328125
0.0969924926757813 0.003997802734375 0.98077392578125 -0.13470458984375
0.0283203125 -0.0475082397460938 0.6910400390625 -0.86328125
-0.0349864959716797 -0.0309047698974609 -0.26629638671875 -0.842041015625
-0.0307579040527344 -0.00313186645507812 -0.64263916015625 -0.2030029296875
0.000415802001953126 0.0225734710693359 -0.4627685546875 0.165985107421875
0.0178070068359375 0.0232563018798828 -0.0689544677734375 0.255462646484375
0.00588321685791016 -0.00134944915771484 0.158706665039063 0.134262084960937
0.0124988555908203 -0.00208663940429688 -0.115325927734375 -0.115547180175781
0.0190963745117187 0.0307731628417969 0.177398681640625 -0.189697265625
0.0154457092285156 0.0289764404296875 0.468475341796875 -0.0518798828125
-0.0188274383544922 0.0262203216552734 0.55230712890625 0.383636474609375
-0.0569381713867188 -0.0144386291503906 0.0140380859375001 0.81158447265625
-0.0219802856445313 -0.0797805786132813 -0.72650146484375 0.73175048828125
0.0573387145996094 -0.0115890502929688 -0.802001953125 0.1629638671875
0.111122131347656 0.0627517700195313 0.0938949584960938 0.119247436523437
0.0962142944335938 0.001312255859375 0.97149658203125 -0.145263671875
0.0259323120117188 -0.0458641052246094 0.67645263671875 -0.868408203125
-0.0352592468261719 -0.0247268676757812 -0.27996826171875 -0.8353271484375
-0.0253238677978516 0.00309181213378907 -0.64544677734375 -0.196044921875
0.00921821594238281 0.0236835479736328 -0.45965576171875 0.171112060546875
0.0234546661376953 0.0224361419677734 -0.0688934326171875 0.259719848632812
0.00611209869384766 -0.00878620147705078 0.155303955078125 0.139556884765625
0.0142946243286133 -0.0057830810546875 -0.1163330078125 -0.112297058105469
0.0286922454833984 0.0264167785644531 0.176589965820313 -0.186859130859375
0.0267906188964844 0.0305919647216797 0.466796875 -0.046722412109375
-0.0115222930908203 0.0301666259765625 0.54962158203125 0.388885498046875
-0.0582046508789063 -0.00733566284179687 0.00701904296875003 0.8138427734375
-0.029083251953125 -0.0786972045898438 -0.73858642578125 0.72601318359375
0.0536384582519531 -0.0153388977050781 -0.80615234375 0.1593017578125
0.111564636230469 0.055908203125 0.093841552734375 0.115776062011719
0.0910415649414062 -0.004058837890625 0.9691162109375 -0.147216796875
0.0226860046386719 -0.0435333251953125 0.6707763671875 -0.87005615234375
-0.034271240234375 -0.0165767669677734 -0.284423828125 -0.833984375
-0.0175313949584961 0.00538825988769531 -0.64630126953125 -0.19036865234375
0.017730712890625 0.0249958038330078 -0.462982177734375 0.17529296875
0.0292549133300781 0.0206985473632812 -0.07000732421875 0.262649536132813
0.00449180603027344 -0.0120038986206055 0.152099609375 0.141189575195313
0.0171995162963867 -0.0128536224365234 -0.119056701660156 -0.113014221191406
0.0337181091308594 0.0227756500244141 0.177200317382813 -0.188751220703125
0.0383071899414062 0.029449462890625 0.464385986328125 -0.049896240234375
-0.00434112548828125 0.0396232604980469 0.551116943359375 0.39007568359375
-0.056793212890625 0.000644683837890632 0.00762939453124998 0.815185546875
-0.033355712890625 -0.072540283203125 -0.739013671875 0.72845458984375
0.0536003112792969 -0.0191535949707031 -0.80645751953125 0.16156005859375
0.112289428710938 0.0511093139648438 0.090545654296875 0.119857788085938
0.0888595581054687 -0.0066986083984375 0.96990966796875 -0.14593505859375
0.0147056579589844 -0.0385398864746094 0.66986083984375 -0.86822509765625
-0.0348682403564453 -0.00748252868652344 -0.28570556640625 -0.83270263671875
-0.00977802276611328 0.0128002166748047 -0.64752197265625 -0.189697265625
0.0265617370605469 0.0270614624023438 -0.4622802734375 0.174072265625
0.0365982055664063 0.0161056518554688 -0.0703125 0.260009765625
0.00397682189941406 -0.01763916015625 0.149398803710938 0.142684936523438
0.0194473266601562 -0.0174045562744141 -0.117835998535156 -0.116973876953125
0.041748046875 0.0234603881835938 0.17486572265625 -0.193130493164062
0.0468025207519531 0.0304794311523438 0.465850830078125 -0.054351806640625
0.00277328491210937 0.0450668334960938 0.553680419921875 0.38604736328125
-0.0586891174316406 0.010833740234375 0.01446533203125 0.81744384765625
-0.0398216247558594 -0.0699920654296875 -0.728515625 0.7357177734375
0.0466461181640625 -0.0224761962890625 -0.80328369140625 0.167724609375
0.114593505859375 0.04620361328125 0.08953857421875 0.120742797851563
0.0859527587890625 -0.0085906982421875 0.97235107421875 -0.1387939453125
0.0077056884765625 -0.0327644348144531 0.67919921875 -0.86163330078125
-0.0345993041992188 -2.86102294921874E-05 -0.2796630859375 -0.8365478515625
-0.00396537780761719 0.0192317962646484 -0.6497802734375 -0.1954345703125
0.0324783325195313 0.0265426635742188 -0.464447021484375 0.17047119140625
0.0448799133300781 0.0148124694824219 -0.0724029541015625 0.254486083984375
0.00280189514160156 -0.023162841796875 0.148162841796875 0.137496948242188
0.0102872848510742 -0.000372886657714844 -0.116302490234375 -0.14422607421875
0.0163345336914063 0.0280208587646484 0.177810668945313 -0.224929809570312
0.00814628601074219 0.0272293090820313 0.475128173828125 -0.094512939453125
-0.0257282257080078 0.0241451263427734 0.59552001953125 0.34033203125
-0.0631942749023438 -0.0111007690429687 0.09051513671875 0.80975341796875
-0.026031494140625 -0.0772705078125 -0.65472412109375 0.77825927734375
0.0575599670410156 -0.00670242309570313 -0.77557373046875 0.21246337890625
0.111991882324219 0.0718460083007813 0.10186767578125 0.135414123535156
0.0970382690429688 0.0120010375976563 1.0162353515625 -0.10321044921875
0.0285720825195313 -0.0440139770507813 0.75396728515625 -0.8529052734375
-0.0382728576660156 -0.0277633666992187 -0.22705078125 -0.86761474609375
-0.0337333679199219 -0.00224685668945312 -0.6328125 -0.23388671875
-0.00194931030273437 0.0202579498291016 -0.46331787109375 0.144866943359375
0.017608642578125 0.0201759338378906 -0.0711212158203125 0.237838745117188
0.0058436393737793 -0.0014033317565918 0.16796875 0.114364624023438
0.0101089477539063 0.0031280517578125 -0.114555358886719 -0.135879516601562
0.0124893188476563 0.0309810638427734 0.177719116210938 -0.215667724609375
0.00276947021484375 0.0276107788085937 0.474761962890625 -0.086029052734375
-0.0289211273193359 0.02056884765625 0.58758544921875 0.352783203125
-0.0612525939941406 -0.0167274475097656 0.0722045898437499 0.81146240234375
-0.0216217041015625 -0.0816116333007813 -0.67218017578125 0.76885986328125
0.0613746643066406 -0.00465011596679688 -0.783935546875 0.19976806640625
0.1104736328125 0.07257080078125 0.09991455078125 0.128509521484375
0.09869384765625 0.0112991333007813 1.00933837890625 -0.12030029296875
0.0308494567871094 -0.0459976196289063 0.73077392578125 -0.86358642578125
-0.03790283203125 -0.0319671630859375 -0.2437744140625 -0.86431884765625
-0.03533935546875 -0.00497055053710938 -0.6407470703125 -0.22119140625
-0.00611686706542969 0.0203819274902344 -0.463165283203125 0.15399169921875
0.0154647827148438 0.0221767425537109 -0.06781005859375 0.2449951171875
0.00422763824462891 0.000146865844726563 0.166213989257813 0.1207275390625
0.0109586715698242 0.00267887115478516 -0.117530822753906 -0.12890625
0.0137233734130859 0.0316410064697266 0.1796875 -0.208404541015625
0.00485801696777344 0.0272579193115234 0.4742431640625 -0.073699951171875
-0.0271339416503906 0.0193214416503906 0.58013916015625 0.360595703125
-0.059844970703125 -0.0199050903320313 0.0546264648437501 0.814697265625
-0.0186233520507812 -0.0819854736328125 -0.69403076171875 0.75811767578125
0.0625 -0.00559234619140625 -0.7928466796875 0.1900634765625
0.110244750976562 0.0701370239257812 0.0975189208984375 0.123939514160156
0.0977325439453125 0.00823211669921875 0.99945068359375 -0.13330078125
0.0318679809570313 -0.0476150512695313 0.71405029296875 -0.87017822265625
-0.0357246398925781 -0.0324478149414062 -0.2611083984375 -0.8531494140625
-0.0336418151855469 -0.00328636169433593 -0.646484375 -0.2083740234375
-0.00311279296875 0.0230541229248047 -0.462066650390625 0.1644287109375
0.016265869140625 0.0249691009521484 -0.06805419921875 0.25311279296875
0.00481796264648438 -0.00084686279296875 0.165802001953125 0.131362915039063
0.0108537673950195 0.00262546539306641 -0.117286682128906 -0.121299743652344
0.0146942138671875 0.0302371978759766 0.177108764648437 -0.203109741210938
0.00838279724121094 0.0288219451904297 0.475128173828125 -0.06427001953125
-0.0249252319335938 0.0219173431396484 0.5718994140625 0.375732421875
-0.0601921081542969 -0.016998291015625 0.0353393554687499 0.82257080078125
-0.0219497680664063 -0.08380126953125 -0.71539306640625 0.75439453125
0.0619621276855469 -0.00770187377929687 -0.802001953125 0.17791748046875
0.111396789550781 0.0690765380859375 0.0969085693359375 0.11993408203125
0.09912109375 0.0049285888671875 0.9908447265625 -0.1461181640625
0.0292892456054687 -0.0474853515625 0.6920166015625 -0.88067626953125
-0.0370216369628906 -0.0299224853515625 -0.2789306640625 -0.850830078125
-0.0317230224609375 -0.00174522399902344 -0.6529541015625 -0.19903564453125
0.000570297241210935 0.023468017578125 -0.4652099609375 0.172393798828125
0.0180091857910156 0.0231113433837891 -0.0674285888671875 0.260238647460938
0.00488424301147461 -0.00247430801391602 0.162078857421875 0.135635375976563
0.0137510299682617 -0.00294208526611328 -0.114982604980469 -0.116294860839844
0.0214633941650391 0.0297756195068359 0.179306030273438 -0.194000244140625
0.0171375274658203 0.0293636322021484 0.47076416015625 -0.057403564453125
-0.0194721221923828 0.0260200500488281 0.56536865234375 0.38323974609375
-0.0605621337890625 -0.0137290954589844 0.02410888671875 0.82452392578125
-0.0235137939453125 -0.0799407958984375 -0.7318115234375 0.7464599609375
0.0571327209472656 -0.0104484558105469 -0.80908203125 0.1710205078125
0.114501953125 0.0625991821289063 0.0940017700195313 0.118293762207031
0.0971221923828125 -0.0001373291015625 0.98406982421875 -0.15545654296875
0.0260124206542969 -0.0470237731933594 0.67633056640625 -0.88623046875
-0.0358543395996094 -0.0245704650878906 -0.29205322265625 -0.844482421875
-0.0249004364013672 0.00127601623535156 -0.65631103515625 -0.18878173828125
0.00922012329101563 0.0235614776611328 -0.46343994140625 0.181732177734375
0.0241966247558594 0.0224723815917969 -0.0664520263671875 0.267990112304688
0.00351619720458984 -0.00616073608398438 0.157455444335938 0.14031982421875
0.0172739028930664 -0.00649929046630859 -0.119003295898437 -0.1136474609375
0.0282745361328125 0.0287284851074219 0.177047729492188 -0.192596435546875
0.0267677307128906 0.0296382904052734 0.470550537109375 -0.0543212890625
-0.0112247467041016 0.0315990447998047 0.559844970703125 0.38885498046875
-0.0571708679199219 -0.00567245483398437 0.01654052734375 0.82476806640625
-0.0266571044921875 -0.076416015625 -0.7398681640625 0.7425537109375
0.0556869506835938 -0.0154647827148437 -0.8140869140625 0.16729736328125
0.113662719726563 0.0575714111328125 0.0939483642578125 0.11541748046875
0.0921249389648438 -0.0050048828125 0.98046875 -0.15667724609375
0.0184974670410156 -0.0429916381835938 0.67071533203125 -0.88775634765625
-0.0350399017333984 -0.0153236389160156 -0.29803466796875 -0.8409423828125
-0.0199260711669922 0.00715065002441407 -0.66070556640625 -0.18463134765625
0.0174179077148438 0.0265712738037109 -0.46563720703125 0.184112548828125
0.0299072265625 0.0202808380126953 -0.067779541015625 0.267593383789063
0.00427341461181641 -0.0123167037963867 0.154983520507813 0.142013549804688
0.0177726745605469 -0.0135784149169922 -0.118659973144531 -0.114463806152344
0.0366287231445313 0.0244522094726562 0.176345825195312 -0.194488525390625
0.0378646850585938 0.0303115844726563 0.46820068359375 -0.054931640625
-0.00329971313476563 0.038909912109375 0.561737060546875 0.3895263671875
-0.0590934753417969 0.00171279907226564 0.0139160156249999 0.8289794921875
-0.0325851440429688 -0.0734329223632812 -0.74163818359375 0.745849609375
0.0529289245605469 -0.0184822082519531 -0.8150634765625 0.16900634765625
0.114456176757813 0.0507354736328125 0.0925674438476563 0.117607116699219
0.0890731811523438 -0.0080413818359375 0.98016357421875 -0.15863037109375
0.0137252807617188 -0.0399322509765625 0.670166015625 -0.88348388671875
-0.0347652435302734 -0.00791931152343751 -0.29705810546875 -0.845703125
-0.00951099395751953 0.0116567611694336 -0.6597900390625 -0.18328857421875
0.0265274047851562 0.0255470275878906 -0.46697998046875 0.181640625
0.0373497009277344 0.0187530517578125 -0.06939697265625 0.26605224609375
0.00300025939941406 -0.0165243148803711 0.15423583984375 0.142181396484375
0.0194282531738281 -0.0173683166503906 -0.118385314941406 -0.117210388183594
0.0420417785644531 0.0213279724121094 0.176467895507813 -0.19647216796875
0.0472679138183594 0.0289192199707031 0.468658447265625 -0.0596923828125
0.00163650512695313 0.0452499389648438 0.56634521484375 0.383544921875
-0.0596466064453125 0.0126304626464844 0.0220947265625 0.83001708984375
-0.0414352416992188 -0.0699920654296875 -0.73272705078125 0.75372314453125
0.0484695434570312 -0.0233688354492188 -0.812255859375 0.17724609375
0.116363525390625 0.0442428588867188 0.0921249389648438 0.119621276855469
0.08740234375 -0.009674072265625 0.98150634765625 -0.1488037109375
0.00774192810058594 -0.0331153869628906 0.6787109375 -0.880859375
-0.0340328216552734 0.00156211853027344 -0.2900390625 -0.845947265625
-0.00472068786621094 0.0186195373535156 -0.658447265625 -0.1923828125
0.0349750518798828 0.0265789031982422 -0.467376708984375 0.17645263671875
0.0443344116210938 0.01361083984375 -0.0725250244140625 0.2593994140625
0.000339508056640626 -0.0222663879394531 0.153091430664063 0.140335083007813
0.0117740631103516 0.000781059265136719 -0.11572265625 -0.144058227539063
0.0178737640380859 0.0275039672851563 0.178298950195313 -0.2325439453125
0.00685501098632813 0.0288562774658203 0.48114013671875 -0.103515625
-0.0271129608154297 0.0239086151123047 0.60748291015625 0.33544921875
-0.0637626647949219 -0.0108909606933594 0.0996093749999999 0.8167724609375
-0.0262832641601563 -0.0785064697265625 -0.65338134765625 0.79705810546875
0.0586051940917969 -0.00675201416015625 -0.782958984375 0.22540283203125
0.111412048339844 0.0725555419921875 0.104690551757813 0.134895324707031
0.098785400390625 0.00949859619140625 1.0267333984375 -0.11767578125
0.0292015075683594 -0.0452003479003906 0.7537841796875 -0.87200927734375
-0.0376930236816406 -0.0272331237792969 -0.2412109375 -0.878662109375
-0.0340213775634766 -0.00176620483398437 -0.64471435546875 -0.22857666015625
-0.0017242431640625 0.0219345092773438 -0.468505859375 0.1529541015625
0.0172233581542969 0.0205116271972656 -0.0673980712890625 0.241928100585938
0.00607919692993164 -0.00193929672241211 0.1719970703125 0.113723754882812
0.0109176635742188 0.0011444091796875 -0.11846923828125 -0.137535095214844
0.0141143798828125 0.0300941467285156 0.177520751953125 -0.222442626953125
0.0046844482421875 0.0298576354980469 0.48101806640625 -0.0950927734375
-0.0295448303222656 0.021484375 0.5999755859375 0.3468017578125
-0.0620346069335938 -0.0164260864257813 0.0854492187499999 0.8206787109375
-0.0220794677734375 -0.0806427001953125 -0.67291259765625 0.78692626953125
0.0606803894042969 -0.00662612915039063 -0.78997802734375 0.21270751953125
0.11273193359375 0.0722732543945313 0.102081298828125 0.128326416015625
0.101173400878906 0.0086822509765625 1.01898193359375 -0.13226318359375
0.0304908752441406 -0.0481224060058594 0.7314453125 -0.88348388671875
-0.0376625061035156 -0.0309906005859375 -0.25946044921875 -0.87188720703125
-0.0370597839355469 -0.0042266845703125 -0.65155029296875 -0.21661376953125
-0.00351524353027344 0.0210723876953125 -0.468170166015625 0.16229248046875
0.0149822235107422 0.0212364196777344 -0.0657806396484375 0.247940063476563
0.00515985488891602 0.00107479095458984 0.1712646484375 0.122589111328125
0.0126218795776367 0.00293540954589844 -0.116729736328125 -0.129379272460938
0.0155963897705078 0.0312557220458984 0.17877197265625 -0.214569091796875
0.00311851501464844 0.0279865264892578 0.47918701171875 -0.082275390625
-0.0286769866943359 0.0220661163330078 0.5927734375 0.35516357421875
-0.0593070983886719 -0.0203819274902344 0.0664062499999999 0.8238525390625
-0.0189971923828125 -0.0817108154296875 -0.69305419921875 0.7774658203125
0.0613937377929688 -0.00620269775390625 -0.8021240234375 0.20135498046875
0.1124267578125 0.070037841796875 0.101890563964844 0.12347412109375
0.100494384765625 0.0065460205078125 1.009033203125 -0.1466064453125
0.0304718017578125 -0.0502586364746094 0.71112060546875 -0.890380859375
-0.0365867614746094 -0.0332260131835938 -0.2738037109375 -0.86285400390625
-0.0365104675292969 -0.00467300415039062 -0.65704345703125 -0.2020263671875
-0.00306320190429687 0.0224380493164062 -0.466461181640625 0.1748046875
0.0159835815429688 0.0227756500244141 -0.064666748046875 0.259002685546875
0.00661087036132813 0.00254964828491211 0.168792724609375 0.130767822265625
0.0141305923461914 0.00203990936279297 -0.117210388183594 -0.121955871582031
0.0175495147705078 0.0307998657226563 0.179611206054687 -0.205825805664062
0.0105953216552734 0.0308494567871094 0.478607177734375 -0.07171630859375
-0.0252876281738281 0.0240497589111328 0.58233642578125 0.37139892578125
-0.0607109069824219 -0.0178260803222656 0.04473876953125 0.83160400390625
-0.0220947265625 -0.0839614868164063 -0.71527099609375 0.774169921875
0.0627365112304688 -0.00745773315429688 -0.81121826171875 0.1904296875
0.113906860351563 0.0680160522460938 0.099517822265625 0.120628356933594
0.0997543334960937 0.003631591796875 1.00201416015625 -0.1605224609375
0.0269203186035156 -0.0499725341796875 0.69036865234375 -0.90118408203125
-0.0360450744628906 -0.0300827026367187 -0.2926025390625 -0.858154296875
-0.0320091247558594 -0.000730514526367184 -0.66229248046875 -0.19256591796875
0.001800537109375 0.0239315032958984 -0.470123291015625 0.180816650390625
0.0187606811523438 0.0219192504882813 -0.0655975341796875 0.263656616210938
0.00650262832641602 -0.000101089477539063 0.166717529296875 0.135726928710938
0.0131778717041016 -0.00306034088134766 -0.118392944335937 -0.115371704101563
0.0246677398681641 0.0285835266113281 0.178619384765625 -0.201004028320313
0.0173435211181641 0.0303287506103516 0.4774169921875 -0.064300537109375
-0.0199260711669922 0.0258159637451172 0.5771484375 0.38201904296875
-0.0595970153808594 -0.0127182006835938 0.0330200195312499 0.83477783203125
-0.0238418579101563 -0.0831298828125 -0.73260498046875 0.76519775390625
0.0595474243164063 -0.00925064086914063 -0.817138671875 0.18255615234375
0.116188049316406 0.0612640380859375 0.0967330932617188 0.116714477539063
0.097320556640625 -3.814697265625E-05 0.99383544921875 -0.16729736328125
0.0239830017089844 -0.0474319458007813 0.67431640625 -0.90728759765625
-0.0361824035644531 -0.0239028930664063 -0.30712890625 -0.853515625
-0.0257720947265625 0.00389671325683593 -0.66796875 -0.1829833984375
0.0088043212890625 0.0237541198730469 -0.47003173828125 0.189239501953125
0.0240631103515625 0.0235061645507813 -0.0653076171875 0.269180297851563
0.00544834136962891 -0.00598573684692383 0.163787841796875 0.140945434570313
0.0149936676025391 -0.00555229187011719 -0.12078857421875 -0.114578247070313
0.030029296875 0.0263538360595703 0.178131103515625 -0.199234008789063
0.0276374816894531 0.0295200347900391 0.476409912109375 -0.06207275390625
-0.0130538940429687 0.0346546173095703 0.5733642578125 0.38519287109375
-0.0583915710449219 -0.00632858276367189 0.0248413085937501 0.83721923828125
-0.0282135009765625 -0.076873779296875 -0.7398681640625 0.76519775390625
0.0560188293457031 -0.0156326293945313 -0.8233642578125 0.17864990234375
0.115531921386719 0.0545120239257812 0.0958480834960938 0.117080688476562
0.09454345703125 -0.00473785400390625 0.99066162109375 -0.17022705078125
0.0191917419433594 -0.0434036254882813 0.6693115234375 -0.90863037109375
-0.0370330810546875 -0.0174293518066406 -0.31207275390625 -0.85003662109375
-0.0163860321044922 0.00758647918701172 -0.67010498046875 -0.17828369140625
0.0172328948974609 0.0255203247070312 -0.47100830078125 0.195281982421875
0.0312099456787109 0.0196552276611328 -0.0665283203125 0.271881103515625
0.00437068939208984 -0.0098724365234375 0.159957885742188 0.14434814453125
0.0183849334716797 -0.0123367309570313 -0.120773315429688 -0.113494873046875
0.0364456176757813 0.0233612060546875 0.17730712890625 -0.201583862304688
0.0390510559082031 0.0301246643066406 0.474884033203125 -0.061737060546875
-0.00432586669921875 0.0396385192871094 0.5726318359375 0.38616943359375
-0.0591888427734375 0.00402832031250001 0.0244140624999999 0.83746337890625
-0.0357208251953125 -0.074188232421875 -0.74127197265625 0.76666259765625
0.0519790649414062 -0.0187530517578125 -0.824951171875 0.18017578125
0.116043090820313 0.0493392944335938 0.0944595336914063 0.118156433105469
0.0897598266601563 -0.00965118408203125 0.9903564453125 -0.16864013671875
0.0135269165039062 -0.0396156311035156 0.668701171875 -0.90509033203125
-0.0345478057861328 -0.00590324401855469 -0.31280517578125 -0.85040283203125
-0.0116481781005859 0.0127363204956055 -0.6719970703125 -0.17669677734375
0.0270786285400391 0.0273609161376953 -0.472503662109375 0.1934814453125
0.0395622253417969 0.0171432495117188 -0.0674285888671875 0.271469116210937
0.00278377532958984 -0.0168066024780273 0.157913208007813 0.144027709960938
0.0193500518798828 -0.0176715850830078 -0.120529174804688 -0.118560791015625
0.0455665588378906 0.0197296142578125 0.17706298828125 -0.205535888671875
0.0484771728515625 0.0274696350097656 0.474700927734375 -0.068695068359375
0.0023651123046875 0.0463371276855469 0.57635498046875 0.38092041015625
-0.0596694946289063 0.0136375427246094 0.0336914062499999 0.84027099609375
-0.0428543090820313 -0.0701828002929688 -0.7337646484375 0.77288818359375
0.0494041442871094 -0.0231742858886719 -0.8218994140625 0.18621826171875
0.114776611328125 0.0438613891601563 0.091705322265625 0.121376037597656
0.087066650390625 -0.0108413696289062 0.9910888671875 -0.162353515625
0.00794601440429687 -0.0355949401855469 0.67779541015625 -0.89959716796875
-0.0369873046875 0.00315475463867188 -0.30523681640625 -0.8538818359375
-0.00398826599121094 0.016331672668457 -0.67193603515625 -0.1859130859375
0.036346435546875 0.0244522094726562 -0.472564697265625 0.185791015625
0.0456123352050781 0.0131607055664063 -0.07037353515625 0.265029907226563
0.00234413146972656 -0.0214729309082031 0.154693603515625 0.1402587890625
0.0127716064453125 -0.0005340576171875 -0.119354248046875 -0.145782470703125
0.0197200775146484 0.0262832641601562 0.174957275390625 -0.237762451171875
0.00967788696289063 0.0271263122558594 0.48760986328125 -0.113677978515625
-0.0263309478759766 0.0258750915527344 0.62200927734375 0.330810546875
-0.0652999877929687 -0.0106315612792969 0.11468505859375 0.82659912109375
-0.0294189453125 -0.0778045654296875 -0.64947509765625 0.81829833984375
0.0593338012695312 -0.00571441650390625 -0.7904052734375 0.23883056640625
0.112846374511719 0.0703964233398438 0.104194641113281 0.132408142089844
0.0997390747070312 0.0077362060546875 1.03778076171875 -0.1331787109375
0.0277175903320313 -0.04498291015625 0.75030517578125 -0.895263671875
-0.0388259887695313 -0.0274009704589844 -0.2568359375 -0.8861083984375
-0.0333003997802734 -0.00320053100585938 -0.6568603515625 -0.22216796875
-0.0023040771484375 0.0183620452880859 -0.470794677734375 0.162567138671875
0.0205001831054688 0.0191822052001953 -0.0645751953125 0.248199462890625
0.00599336624145508 -0.000592231750488281 0.176361083984375 0.113555908203125
0.0138072967529297 0.00135231018066406 -0.118003845214844 -0.137428283691406
0.0148334503173828 0.0269126892089844 0.175735473632813 -0.230178833007813
0.00518226623535156 0.0297927856445312 0.483673095703125 -0.10198974609375
-0.0297565460205078 0.0239505767822266 0.61151123046875 0.342041015625
-0.0635032653808594 -0.0161323547363281 0.0980834960937499 0.8297119140625
-0.0231475830078125 -0.0800628662109375 -0.66925048828125 0.80810546875
0.0600090026855469 -0.00627899169921875 -0.7979736328125 0.2254638671875
0.114295959472656 0.0712661743164063 0.105155944824219 0.126998901367188
0.0992584228515625 0.00502777099609375 1.029541015625 -0.1483154296875
0.0311775207519531 -0.0512466430664063 0.72747802734375 -0.90484619140625
-0.0376052856445313 -0.0301399230957031 -0.27606201171875 -0.8773193359375
-0.0370445251464844 -0.00333023071289063 -0.662353515625 -0.20941162109375
-0.00372314453125 0.018768310546875 -0.4703369140625 0.173797607421875
0.0165176391601563 0.0230045318603516 -0.065216064453125 0.253799438476563
0.00320696830749512 0.00169157981872559 0.174728393554688 0.123306274414063
0.0107126235961914 0.000584602355957031 -0.119842529296875 -0.132705688476562
0.0147533416748047 0.0302162170410156 0.177505493164063 -0.2208251953125
0.00349617004394531 0.0304088592529297 0.482879638671875 -0.094085693359375
-0.0297088623046875 0.0244407653808594 0.60394287109375 0.3531494140625
-0.0609931945800781 -0.0182304382324219 0.07861328125 0.83367919921875
-0.0208511352539063 -0.082366943359375 -0.691162109375 0.79791259765625
0.0626602172851563 -0.00635910034179687 -0.80889892578125 0.21514892578125
0.113372802734375 0.0696792602539063 0.102439880371094 0.123207092285156
0.102813720703125 0.005340576171875 1.017822265625 -0.16290283203125
0.0317802429199219 -0.0513153076171875 0.70587158203125 -0.9110107421875
-0.0387458801269531 -0.0327262878417969 -0.29156494140625 -0.86956787109375
-0.0384254455566406 -0.00571060180664062 -0.668212890625 -0.1962890625
-0.00224494934082031 0.0221691131591797 -0.47064208984375 0.1839599609375
0.016998291015625 0.0213260650634766 -0.061981201171875 0.2623291015625
0.0042719841003418 0.00218009948730469 0.171615600585938 0.130035400390625
0.0123748779296875 0.00172519683837891 -0.120681762695312 -0.121833801269531
0.0184955596923828 0.0311203002929688 0.178604125976563 -0.213958740234375
0.00906562805175781 0.0317039489746094 0.482452392578125 -0.080902099609375
-0.0242500305175781 0.0232486724853516 0.59625244140625 0.36749267578125
-0.0590782165527344 -0.0175132751464844 0.0581665039062499 0.839599609375
-0.0233993530273437 -0.083831787109375 -0.7125244140625 0.7921142578125
0.0625991821289063 -0.0075225830078125 -0.816650390625 0.2034912109375
0.114234924316406 0.0648193359375 0.099761962890625 0.119621276855469
0.0998916625976563 -0.00016021728515625 1.01104736328125 -0.17718505859375
0.029754638671875 -0.051605224609375 0.68646240234375 -0.92425537109375
-0.0367088317871094 -0.0293312072753906 -0.31048583984375 -0.86492919921875
-0.0323429107666016 -0.00014114379882812 -0.67401123046875 -0.18603515625
0.00211906433105469 0.0229263305664063 -0.4730224609375 0.19171142578125
0.0209808349609375 0.0222415924072266 -0.062713623046875 0.268325805664063
0.00614023208618164 -0.000826835632324219 0.169326782226563 0.135772705078125
0.0151462554931641 -0.00282669067382813 -0.1209716796875 -0.116996765136719
0.0250110626220703 0.0285530090332031 0.17913818359375 -0.208114624023437
0.0177021026611328 0.028411865234375 0.4818115234375 -0.07415771484375
-0.0186424255371094 0.0273323059082031 0.588623046875 0.37548828125
-0.0609931945800781 -0.0134239196777344 0.0460205078125 0.84222412109375
-0.026214599609375 -0.08270263671875 -0.72802734375 0.784912109375
0.0598716735839844 -0.0109672546386719 -0.826171875 0.19415283203125
0.11614990234375 0.0609130859375 0.0977554321289063 0.114631652832031
0.0980682373046875 -0.00318145751953125 1.00250244140625 -0.186279296875
0.0254631042480469 -0.050262451171875 0.670166015625 -0.92816162109375
-0.0364570617675781 -0.0226249694824219 -0.32391357421875 -0.8572998046875
-0.0270824432373047 0.00237274169921875 -0.67950439453125 -0.17462158203125
0.00827217102050781 0.0239315032958984 -0.470062255859375 0.201934814453125
0.0263175964355469 0.0217037200927734 -0.0612640380859375 0.27630615234375
0.00456809997558594 -0.00447463989257813 0.16461181640625 0.141250610351563
0.0196361541748047 -0.00647354125976562 -0.121513366699219 -0.112968444824219
0.0304927825927734 0.0240707397460937 0.177780151367188 -0.204147338867188
0.0266437530517578 0.0272922515869141 0.48004150390625 -0.070953369140625
-0.00964164733886719 0.0335197448730469 0.588134765625 0.38226318359375
-0.0600547790527344 -0.00461196899414061 0.03753662109375 0.84967041015625
-0.0279464721679688 -0.0779571533203125 -0.73626708984375 0.7830810546875
0.0580215454101563 -0.0156059265136719 -0.82952880859375 0.189697265625
0.114738464355469 0.0524063110351563 0.0962142944335938 0.115959167480469
0.0935592651367188 -0.00794219970703125 0.998291015625 -0.18701171875
0.0179595947265625 -0.0453109741210938 0.66412353515625 -0.92901611328125
-0.0355186462402344 -0.0174522399902344 -0.3294677734375 -0.85772705078125
-0.0181922912597656 0.00885963439941406 -0.681396484375 -0.1693115234375
0.0193614959716797 0.0254745483398438 -0.474090576171875 0.204254150390625
0.0296878814697266 0.0192279815673828 -0.0622100830078125 0.277664184570313
0.00319957733154297 -0.0108652114868164 0.161422729492187 0.14520263671875
0.0173254013061523 -0.011448860168457 -0.123466491699219 -0.113372802734375
0.0410346984863281 0.0235328674316406 0.177520751953125 -0.206710815429687
0.03936767578125 0.0288581848144531 0.478271484375 -0.072418212890625
-0.0047607421875 0.040924072265625 0.58697509765625 0.38226318359375
-0.0592994689941406 0.00534439086914063 0.0369873046875 0.85040283203125
-0.0390625 -0.0733489990234375 -0.7401123046875 0.78631591796875
0.0520401000976563 -0.0199699401855469 -0.8311767578125 0.19281005859375
0.117271423339844 0.0469207763671875 0.0948715209960938 0.115776062011719
0.08770751953125 -0.0111770629882813 0.9969482421875 -0.18475341796875
0.0125694274902344 -0.0417976379394531 0.663330078125 -0.92462158203125
-0.0353851318359375 -0.00601577758789062 -0.33062744140625 -0.857177734375
-0.0122299194335938 0.013524055480957 -0.6842041015625 -0.1724853515625
0.0268478393554687 0.0236930847167969 -0.473419189453125 0.202972412109375
0.04107666015625 0.0144081115722656 -0.0634002685546875 0.275177001953125
0.0034170150756836 -0.0157270431518555 0.160903930664063 0.144241333007813
0.0195808410644531 -0.0191402435302734 -0.124000549316406 -0.118812561035156
0.0473823547363281 0.0199851989746094 0.175308227539063 -0.210494995117188
0.0486602783203125 0.0271453857421875 0.479156494140625 -0.076080322265625
0.0032806396484375 0.0464553833007813 0.58929443359375 0.37548828125
-0.059356689453125 0.0154991149902344 0.0468750000000001 0.84967041015625
-0.0440177917480469 -0.0668754577636719 -0.7305908203125 0.79437255859375
0.0494728088378906 -0.0260467529296875 -0.8291015625 0.20111083984375
0.120346069335938 0.0436935424804688 0.0938568115234375 0.119651794433594
0.087677001953125 -0.0134201049804687 0.99951171875 -0.1788330078125
0.007568359375 -0.0359764099121094 0.6717529296875 -0.9202880859375
-0.037567138671875 0.00350189208984375 -0.32305908203125 -0.85906982421875
-0.00361156463623047 0.0160732269287109 -0.68316650390625 -0.1763916015625
0.0378150939941406 0.0242843627929687 -0.475341796875 0.198211669921875
0.0467872619628906 0.0105133056640625 -0.066009521484375 0.271392822265625
0.00020599365234375 -0.0213222503662109 0.16021728515625 0.140365600585938
0.0137882232666016 0.000515937805175781 -0.121688842773437 -0.147735595703125
0.01910400390625 0.027191162109375 0.17364501953125 -0.246109008789063
0.00857925415039063 0.0281848907470703 0.488250732421875 -0.12286376953125
-0.0257434844970703 0.0269565582275391 0.63348388671875 0.321044921875
-0.0632057189941406 -0.00868225097656251 0.13128662109375 0.83502197265625
-0.0290069580078125 -0.0773773193359375 -0.642822265625 0.8389892578125
0.0592460632324219 -0.00846099853515625 -0.7918701171875 0.25506591796875
0.113838195800781 0.0697479248046875 0.108543395996094 0.132705688476563
0.100440979003906 0.00611114501953125 1.04400634765625 -0.153564453125
0.0286407470703125 -0.0463638305664063 0.73974609375 -0.9190673828125
-0.0402450561523438 -0.0265617370605469 -0.274658203125 -0.89263916015625
-0.0333404541015625 -0.0012359619140625 -0.66748046875 -0.2113037109375
2.86102294921893E-05 0.0204868316650391 -0.472869873046875 0.17535400390625
0.0187091827392578 0.0192108154296875 -0.0620880126953125 0.248138427734375
0.00410270690917969 0.000391483306884766 0.17938232421875 0.11395263671875
0.0127191543579102 0.002716064453125 -0.122276306152344 -0.139083862304688
0.01873779296875 0.0287017822265625 0.175018310546875 -0.236602783203125
0.00510025024414062 0.0294513702392578 0.4879150390625 -0.112579345703125
-0.0286712646484375 0.0247001647949219 0.626220703125 0.3336181640625
-0.063995361328125 -0.0148277282714844 0.1138916015625 0.8377685546875
-0.0256500244140625 -0.081085205078125 -0.66143798828125 0.82916259765625
0.0621299743652344 -0.00495147705078125 -0.8026123046875 0.24169921875
0.115257263183594 0.0698471069335938 0.107025146484375 0.127197265625
0.101974487304688 0.00434112548828125 1.03668212890625 -0.16815185546875
0.0310554504394531 -0.0504035949707031 0.7178955078125 -0.9271240234375
-0.0395584106445313 -0.0322952270507812 -0.29180908203125 -0.88226318359375
-0.0387229919433594 -0.00268173217773438 -0.67242431640625 -0.1995849609375
-0.00216293334960937 0.0198802947998047 -0.472686767578125 0.186981201171875
0.0161361694335938 0.0223312377929688 -0.059722900390625 0.258056640625
0.0049748420715332 0.00237178802490234 0.176864624023438 0.12200927734375
0.0138483047485352 0.00310707092285156 -0.122756958007812 -0.130455017089844
0.0181427001953125 0.0290756225585938 0.17626953125 -0.229843139648438
0.00514793395996094 0.0300140380859375 0.48455810546875 -0.105224609375
-0.0279254913330078 0.0236053466796875 0.61578369140625 0.3463134765625
-0.0627326965332031 -0.0167770385742188 0.0946044921875 0.8416748046875
-0.0241241455078125 -0.0836563110351563 -0.68377685546875 0.8177490234375
0.0636749267578125 -0.00750732421875 -0.813720703125 0.2291259765625
0.116165161132812 0.068817138671875 0.101341247558594 0.121894836425781
0.102104187011719 0.003021240234375 1.0242919921875 -0.1826171875
0.03082275390625 -0.0530929565429688 0.6949462890625 -0.93365478515625
-0.038909912109375 -0.0305900573730469 -0.310546875 -0.87261962890625
-0.0371627807617188 -0.00321578979492187 -0.6781005859375 -0.1856689453125
-0.00336647033691406 0.0206966400146484 -0.472686767578125 0.196563720703125
0.018951416015625 0.0235633850097656 -0.0571136474609375 0.267913818359375
0.00379014015197754 0.00249671936035156 0.177078247070313 0.13006591796875
0.015925407409668 0.00133609771728516 -0.121788024902344 -0.121284484863281
0.0197544097900391 0.0297832489013672 0.176376342773437 -0.22027587890625
0.0115623474121094 0.0318145751953125 0.486572265625 -0.091064453125
-0.0247173309326172 0.0250053405761719 0.609130859375 0.35791015625
-0.0616989135742187 -0.0158233642578125 0.0748291015624999 0.84857177734375
-0.0244979858398438 -0.0820541381835938 -0.707275390625 0.81268310546875
0.0630722045898438 -0.00872421264648438 -0.82244873046875 0.2196044921875
0.11651611328125 0.0642852783203125 0.103904724121094 0.117095947265625
0.0989990234375 -0.0016937255859375 1.01617431640625 -0.19586181640625
0.0264663696289062 -0.0513153076171875 0.6763916015625 -0.9454345703125
-0.0394058227539062 -0.03057861328125 -0.32763671875 -0.8699951171875
-0.0313854217529297 -0.000530242919921872 -0.68609619140625 -0.17645263671875
0.00250053405761719 0.0225639343261719 -0.47430419921875 0.20501708984375
0.0207080841064453 0.0224704742431641 -0.0577850341796875 0.273818969726562
0.00579261779785156 0.000882148742675781 0.174118041992188 0.135833740234375
0.0149288177490234 -0.00343990325927734 -0.123817443847656 -0.115867614746094
0.0262470245361328 0.0283622741699219 0.176361083984375 -0.214614868164063
0.019805908203125 0.0279827117919922 0.485565185546875 -0.084808349609375
-0.0174751281738281 0.0286960601806641 0.60284423828125 0.369140625
-0.0603675842285156 -0.0119895935058594 0.0609741210937501 0.85382080078125
-0.0267333984375 -0.0805206298828125 -0.7252197265625 0.8070068359375
0.0609283447265625 -0.0131378173828125 -0.83245849609375 0.2132568359375
0.116996765136719 0.0582122802734375 0.1004638671875 0.113510131835938
0.096954345703125 -0.00568389892578125 1.0064697265625 -0.203125
0.022918701171875 -0.0494117736816406 0.65936279296875 -0.9505615234375
-0.0360870361328125 -0.0211334228515625 -0.3414306640625 -0.86181640625
-0.0277080535888672 0.00354194641113281 -0.6878662109375 -0.16522216796875
0.00723457336425781 0.0232048034667969 -0.473541259765625 0.2125244140625
0.0263671875 0.0201644897460938 -0.0575103759765625 0.279052734375
0.00437068939208984 -0.00526142120361328 0.171783447265625 0.141159057617188
0.0185165405273437 -0.00713729858398437 -0.125808715820312 -0.1143798828125
0.0317440032958984 0.0240745544433594 0.178543090820313 -0.213897705078125
0.0281620025634766 0.0282669067382813 0.484527587890625 -0.0809326171875
-0.0118942260742188 0.0347518920898438 0.5987548828125 0.37506103515625
-0.0596427917480469 -0.00426864624023436 0.05535888671875 0.85516357421875
-0.0306777954101562 -0.0779800415039062 -0.733642578125 0.8050537109375
0.0574913024902344 -0.0164680480957031 -0.83837890625 0.2078857421875
0.119979858398437 0.052398681640625 0.0997772216796875 0.115791320800781
0.0958099365234375 -0.0111465454101563 1.00665283203125 -0.20721435546875
0.0177268981933594 -0.0453376770019531 0.6505126953125 -0.94830322265625
-0.0366592407226563 -0.0146331787109375 -0.34625244140625 -0.85931396484375
-0.0181865692138672 0.00897789001464844 -0.693115234375 -0.160400390625
0.0179729461669922 0.025054931640625 -0.474395751953125 0.216156005859375
0.0335025787353516 0.0172309875488281 -0.056976318359375 0.283203125
0.00214958190917969 -0.0105781555175781 0.167648315429688 0.144805908203125
0.0173482894897461 -0.0139217376708984 -0.124931335449219 -0.114044189453125
0.040802001953125 0.0234298706054688 0.176559448242188 -0.21478271484375
0.0417366027832031 0.02716064453125 0.481170654296875 -0.084259033203125
-0.0018157958984375 0.0409088134765625 0.5992431640625 0.37542724609375
-0.0607948303222656 0.00654220581054687 0.05218505859375 0.858642578125
-0.0367660522460937 -0.072998046875 -0.73291015625 0.80908203125
0.0546188354492188 -0.0210762023925781 -0.83624267578125 0.21002197265625
0.118232727050781 0.0458221435546875 0.097625732421875 0.11505126953125
0.090484619140625 -0.0125045776367188 1.0025634765625 -0.2044677734375
0.0125007629394531 -0.0408058166503906 0.65130615234375 -0.94970703125
-0.0364608764648437 -0.00530624389648437 -0.349365234375 -0.85992431640625
-0.011418342590332 0.0132341384887695 -0.69189453125 -0.16094970703125
0.0281257629394531 0.0249176025390625 -0.47576904296875 0.21429443359375
0.0391845703125 0.0154953002929688 -0.0587158203125 0.27880859375
0.00172328948974609 -0.0158958435058594 0.16571044921875 0.144683837890625
0.0194263458251953 -0.0179767608642578 -0.126991271972656 -0.11962890625
0.0479507446289063 0.0171241760253906 0.174346923828125 -0.217681884765625
0.0505752563476563 0.0269241333007813 0.48028564453125 -0.086578369140625
0.00507736206054688 0.0471420288085938 0.604248046875 0.36956787109375
-0.0607948303222656 0.0160789489746094 0.0633544921875 0.8568115234375
-0.0450859069824219 -0.0675239562988281 -0.72491455078125 0.81597900390625
0.0500564575195313 -0.0248680114746094 -0.83404541015625 0.21484375
0.120124816894531 0.0411834716796875 0.0955657958984375 0.116966247558594
0.0873565673828125 -0.0155105590820313 1.00677490234375 -0.196533203125
0.00696563720703125 -0.0366668701171875 0.66082763671875 -0.94171142578125
-0.0383224487304688 0.00311279296874999 -0.34088134765625 -0.865478515625
-0.00149154663085938 0.0179252624511719 -0.69195556640625 -0.16754150390625
0.0383415222167969 0.0236167907714844 -0.477935791015625 0.210968017578125
0.0479011535644531 0.0118064880371094 -0.0607147216796875 0.274063110351563
0.00123405456542969 -0.0225410461425781 0.164093017578125 0.140899658203125
0.0146579742431641 0.000585556030273438 -0.124649047851563 -0.145523071289062
0.0213432312011719 0.0259952545166016 0.170608520507813 -0.252120971679688
0.00860786437988281 0.0290775299072266 0.48834228515625 -0.135162353515625
-0.0252285003662109 0.0270252227783203 0.64617919921875 0.3101806640625
-0.0636062622070313 -0.00911712646484374 0.14849853515625 0.8392333984375
-0.0317916870117188 -0.0772933959960938 -0.63275146484375 0.8564453125
0.0603523254394531 -0.00777435302734375 -0.79705810546875 0.2696533203125
0.11846923828125 0.065765380859375 0.108856201171875 0.129806518554688
0.1004638671875 0.00591278076171875 1.048095703125 -0.17340087890625
0.0265884399414063 -0.0475273132324219 0.7296142578125 -0.9400634765625
-0.0400924682617188 -0.0257987976074219 -0.29473876953125 -0.894287109375
-0.0338268280029297 -0.00227928161621094 -0.6773681640625 -0.20086669921875
-0.000799179077148439 0.018829345703125 -0.474151611328125 0.18756103515625
0.0201759338378906 0.0193977355957031 -0.0578460693359375 0.252899169921875
0.00510358810424805 0.0012359619140625 0.181838989257813 0.11224365234375
0.0130777359008789 0.0021514892578125 -0.123283386230469 -0.138137817382813
0.0179634094238281 0.0284290313720703 0.171249389648438 -0.24468994140625
0.00410842895507813 0.0288772583007812 0.489349365234375 -0.125518798828125
-0.0287837982177734 0.02362060546875 0.63818359375 0.3228759765625
-0.0637550354003906 -0.0139007568359375 0.1314697265625 0.8441162109375
-0.0273056030273438 -0.0819473266601563 -0.65191650390625 0.85003662109375
0.0643577575683594 -0.00780868530273438 -0.80609130859375 0.25762939453125
0.117584228515625 0.0681686401367188 0.108688354492188 0.125526428222656
0.102287292480469 0.0029144287109375 1.04107666015625 -0.19146728515625
0.0282173156738281 -0.0516700744628906 0.7064208984375 -0.9495849609375
-0.0402755737304687 -0.0295600891113281 -0.314453125 -0.88653564453125
-0.0377120971679688 -0.00425720214843749 -0.68475341796875 -0.1864013671875
-0.00246620178222656 0.0193691253662109 -0.472930908203125 0.197540283203125
0.0184974670410156 0.019500732421875 -0.055084228515625 0.263809204101563
0.00451231002807617 0.00372648239135742 0.181915283203125 0.119049072265625
0.0145292282104492 0.00150203704833984 -0.125099182128906 -0.128646850585938
0.0190505981445313 0.0291328430175781 0.172805786132813 -0.234527587890625
0.00608062744140625 0.0294589996337891 0.48638916015625 -0.11431884765625
-0.0258922576904297 0.0242328643798828 0.631591796875 0.33514404296875
-0.0645866394042969 -0.0155067443847656 0.11090087890625 0.84576416015625
-0.0241622924804688 -0.082611083984375 -0.67279052734375 0.8397216796875
0.0641670227050781 -0.00748825073242188 -0.8157958984375 0.248779296875
0.116714477539063 0.06591796875 0.105712890625 0.120079040527344
0.101829528808594 -0.00022125244140625 1.02911376953125 -0.20428466796875
0.028045654296875 -0.0530471801757813 0.68426513671875 -0.9561767578125
-0.0400886535644531 -0.0304718017578125 -0.330810546875 -0.8785400390625
-0.0370903015136719 -0.00381851196289063 -0.688232421875 -0.17535400390625
-0.0015106201171875 0.0212535858154297 -0.471710205078125 0.20849609375
0.0184898376464844 0.0211315155029297 -0.054412841796875 0.271087646484375
0.00429081916809082 0.00437831878662109 0.182510375976563 0.129608154296875
0.014216423034668 0.00159454345703125 -0.125198364257812 -0.120674133300781
0.0208358764648438 0.0295734405517578 0.17474365234375 -0.22625732421875
0.0106143951416016 0.0302200317382812 0.4862060546875 -0.102752685546875
-0.0254020690917969 0.0267848968505859 0.62158203125 0.34954833984375
-0.0633506774902344 -0.0158119201660156 0.0936279296875 0.8564453125
-0.0235061645507813 -0.0834121704101563 -0.6954345703125 0.835693359375
0.0651359558105469 -0.00905609130859375 -0.82562255859375 0.236572265625
0.118545532226562 0.06298828125 0.104080200195313 0.116142272949219
0.0987091064453125 -0.0037384033203125 1.0196533203125 -0.21685791015625
0.0254554748535156 -0.0532455444335938 0.66473388671875 -0.96697998046875
-0.0390853881835938 -0.0282211303710937 -0.34906005859375 -0.87042236328125
-0.0340538024902344 -0.000204086303710944 -0.69561767578125 -0.16180419921875
0.00212860107421875 0.0228919982910156 -0.474761962890625 0.216583251953125
0.0218181610107422 0.0223140716552734 -0.0537109375 0.278213500976563
0.00469732284545899 0.000238895416259766 0.177886962890625 0.132431030273438
0.0157909393310547 -0.00245094299316406 -0.125343322753906 -0.116096496582031
0.0268268585205078 0.0271224975585937 0.173782348632813 -0.22113037109375
0.0193386077880859 0.0296592712402344 0.485931396484375 -0.0958251953125
-0.0177078247070313 0.030853271484375 0.6151123046875 0.3616943359375
-0.0615806579589844 -0.0107879638671875 0.0789184570312501 0.85894775390625
-0.0268402099609375 -0.0804519653320313 -0.71148681640625 0.8271484375
0.0612297058105469 -0.0142936706542969 -0.8331298828125 0.22857666015625
0.119888305664063 0.0565109252929688 0.103271484375 0.113807678222656
0.0970230102539063 -0.00838470458984375 1.011474609375 -0.22625732421875
0.0207977294921875 -0.0501937866210938 0.64324951171875 -0.9710693359375
-0.0384674072265625 -0.0215950012207031 -0.36199951171875 -0.86468505859375
-0.0264015197753906 0.00332069396972656 -0.69952392578125 -0.1495361328125
0.0101337432861328 0.0227642059326172 -0.472930908203125 0.226104736328125
0.0285224914550781 0.0206508636474609 -0.051025390625 0.282440185546875
0.00497770309448242 -0.00382471084594727 0.1767578125 0.139068603515625
0.0195751190185547 -0.00879096984863281 -0.128181457519531 -0.112159729003906
0.0368423461914063 0.0239105224609375 0.175765991210938 -0.21820068359375
0.0302238464355469 0.0289535522460938 0.485687255859375 -0.093475341796875
-0.0113182067871094 0.0343875885009766 0.6103515625 0.36517333984375
-0.061553955078125 -0.00117492675781251 0.0704956054687499 0.8642578125
-0.0333175659179688 -0.0765838623046875 -0.7218017578125 0.82684326171875
0.0582427978515625 -0.018890380859375 -0.8392333984375 0.22515869140625
0.119369506835938 0.0496368408203125 0.0995101928710938 0.11285400390625
0.0937576293945312 -0.0126113891601563 1.00872802734375 -0.22760009765625
0.0175132751464844 -0.0478782653808594 0.63909912109375 -0.97119140625
-0.0395278930664063 -0.0140228271484375 -0.368896484375 -0.86041259765625
-0.0186939239501953 0.00995826721191407 -0.70318603515625 -0.14794921875
0.0191707611083984 0.0227031707763672 -0.474884033203125 0.229217529296875
0.0349483489990234 0.0161762237548828 -0.053619384765625 0.284881591796875
0.00207185745239258 -0.00865268707275391 0.17388916015625 0.142807006835938
0.0206165313720703 -0.0133438110351563 -0.126853942871094 -0.115425109863281
0.0425224304199219 0.0206184387207031 0.17431640625 -0.220611572265625
0.041900634765625 0.0283393859863281 0.482696533203125 -0.093414306640625
-0.00284576416015625 0.0421218872070313 0.610595703125 0.3653564453125
-0.0612945556640625 0.00629043579101562 0.07135009765625 0.86346435546875
-0.0395050048828125 -0.0720596313476563 -0.72479248046875 0.832275390625
0.0536537170410156 -0.0217437744140625 -0.84039306640625 0.22564697265625
0.121604919433594 0.0441131591796875 0.100456237792969 0.114326477050781
0.0921478271484375 -0.01531982421875 1.008056640625 -0.22625732421875
0.0108680725097656 -0.0433197021484375 0.63897705078125 -0.96942138671875
-0.035186767578125 -0.00351715087890624 -0.37127685546875 -0.8609619140625
-0.00971412658691406 0.0123319625854492 -0.70281982421875 -0.14642333984375
0.0297698974609375 0.0219783782958984 -0.475677490234375 0.228912353515625
0.0414543151855469 0.0136489868164063 -0.05487060546875 0.283966064453125
0.000874519348144532 -0.0161333084106445 0.172195434570313 0.142532348632813
0.0198879241943359 -0.0199394226074219 -0.128929138183594 -0.117027282714844
0.0493049621582031 0.0166206359863281 0.17352294921875 -0.224899291992188
0.0493850708007813 0.0262947082519531 0.483612060546875 -0.098297119140625
0.00542449951171875 0.0482444763183594 0.61688232421875 0.35833740234375
-0.0616455078125 0.0167312622070312 0.0794677734375001 0.864501953125
-0.0463600158691406 -0.0653800964355469 -0.7142333984375 0.8370361328125
0.0487594604492187 -0.0265884399414062 -0.837890625 0.23175048828125
0.12127685546875 0.0405960083007813 0.0990524291992188 0.115516662597656
0.0891647338867188 -0.0175704956054688 1.0103759765625 -0.21795654296875
0.00380325317382812 -0.0371627807617188 0.64898681640625 -0.96356201171875
-0.0362739562988281 0.00628280639648438 -0.36328125 -0.86395263671875
-0.00330543518066406 0.0181598663330078 -0.700927734375 -0.1544189453125
0.0380744934082031 0.022491455078125 -0.47900390625 0.22314453125
0.0491561889648438 0.0094757080078125 -0.0576019287109375 0.28033447265625
0.0010986328125 -0.0183353424072266 0.168243408203125 0.13983154296875
0.0152797698974609 -0.000995635986328125 -0.12823486328125 -0.145233154296875
0.0232868194580078 0.0238590240478516 0.167892456054688 -0.260360717773438
0.00892066955566406 0.0265674591064453 0.490081787109375 -0.1475830078125
-0.0273723602294922 0.0288124084472656 0.65771484375 0.29669189453125
-0.0652389526367187 -0.00743484497070311 0.169677734375 0.84375
-0.0332489013671875 -0.0764236450195312 -0.61749267578125 0.877685546875
0.0618400573730469 -0.0116844177246094 -0.795166015625 0.28790283203125
0.118728637695313 0.0626983642578125 0.111648559570313 0.127883911132813
0.0999374389648438 0.00261688232421875 1.04998779296875 -0.19818115234375
0.0259895324707031 -0.048553466796875 0.7144775390625 -0.9620361328125
-0.040771484375 -0.0257301330566406 -0.319091796875 -0.89434814453125
-0.03741455078125 -0.000885009765625004 -0.68646240234375 -0.185546875
-0.000497817993164064 0.0182914733886719 -0.471771240234375 0.2008056640625
0.0212860107421875 0.0164661407470703 -0.053741455078125 0.25848388671875
0.00661993026733398 0.0019683837890625 0.1856689453125 0.107940673828125
0.0121288299560547 0.00235939025878906 -0.126998901367188 -0.136024475097656
0.0212497711181641 0.0272884368896484 0.168014526367188 -0.251876831054688
0.00533294677734375 0.0277805328369141 0.48895263671875 -0.137054443359375
-0.027801513671875 0.0265636444091797 0.64892578125 0.30975341796875
-0.0640411376953125 -0.0121994018554688 0.1531982421875 0.8470458984375
-0.0295486450195313 -0.0804443359375 -0.63482666015625 0.8681640625
0.062957763671875 -0.00971221923828125 -0.80352783203125 0.27545166015625
0.119674682617188 0.064544677734375 0.110435485839844 0.121498107910156
0.101951599121094 0.0002288818359375 1.03985595703125 -0.2139892578125
0.0274772644042969 -0.0523414611816406 0.68902587890625 -0.973876953125
-0.0398483276367188 -0.0284957885742187 -0.3359375 -0.885498046875
-0.0380897521972656 -0.00381469726562501 -0.69342041015625 -0.171630859375
-0.00109291076660156 0.0187053680419922 -0.4708251953125 0.210540771484375
0.0193634033203125 0.0207004547119141 -0.0490570068359375 0.265640258789062
0.00524377822875977 0.00296115875244141 0.184814453125 0.1181640625
0.0141677856445313 0.00189304351806641 -0.128753662109375 -0.130050659179687
0.0191650390625 0.026947021484375 0.168716430664063 -0.243484497070313
0.00714302062988281 0.0302639007568359 0.488311767578125 -0.12664794921875
-0.0273933410644531 0.0259246826171875 0.64166259765625 0.32098388671875
-0.0633010864257813 -0.0120010375976562 0.132080078125 0.8524169921875
-0.0278396606445313 -0.0810546875 -0.658935546875 0.85986328125
0.0652885437011719 -0.0117950439453125 -0.8126220703125 0.2645263671875
0.118728637695312 0.06378173828125 0.10693359375 0.116851806640625
0.103660583496094 -0.00385284423828125 1.02978515625 -0.22369384765625
0.0272140502929688 -0.0541763305664063 0.6668701171875 -0.9783935546875
-0.0394630432128906 -0.03021240234375 -0.352294921875 -0.87554931640625
-0.0377655029296875 -0.00280380249023437 -0.69915771484375 -0.159423828125
-0.000799179077148439 0.0204086303710937 -0.46929931640625 0.219085693359375
0.0185031890869141 0.0209121704101563 -0.0474090576171875 0.275588989257813
0.00479555130004883 0.00540018081665039 0.184799194335938 0.126815795898438
0.0154886245727539 0.00131320953369141 -0.127861022949219 -0.122665405273438
0.022674560546875 0.0267391204833984 0.170974731445313 -0.2344970703125
0.0111980438232422 0.0289878845214844 0.4874267578125 -0.1146240234375
-0.0238742828369141 0.0272884368896484 0.634033203125 0.337158203125
-0.0637321472167969 -0.0119171142578125 0.1136474609375 0.86053466796875
-0.0271682739257812 -0.0827789306640625 -0.68096923828125 0.85760498046875
0.06304931640625 -0.0113525390625 -0.825927734375 0.2535400390625
0.118171691894531 0.0597076416015625 0.105766296386719 0.114295959472656
0.0997238159179688 -0.0062255859375 1.0191650390625 -0.239501953125
0.0248451232910156 -0.0547866821289063 0.6474609375 -0.98968505859375
-0.0399742126464844 -0.0271263122558594 -0.37017822265625 -0.86962890625
-0.0333843231201172 -0.000101089477539061 -0.7039794921875 -0.14874267578125
0.00354194641113281 0.0225925445556641 -0.470794677734375 0.23040771484375
0.0217800140380859 0.0194454193115234 -0.047088623046875 0.28173828125
0.00593185424804688 0.00212287902832031 0.181167602539062 0.1309814453125
0.0177192687988281 -0.00460243225097656 -0.13037109375 -0.116981506347656
0.0297107696533203 0.0243511199951172 0.171127319335938 -0.22821044921875
0.0184688568115234 0.0280342102050781 0.48663330078125 -0.107635498046875
-0.0168018341064453 0.0300731658935547 0.62713623046875 0.34576416015625
-0.0628700256347656 -0.00873947143554689 0.09857177734375 0.8648681640625
-0.0306015014648437 -0.0793685913085938 -0.700439453125 0.8502197265625
0.0616111755371094 -0.0158462524414062 -0.83447265625 0.24652099609375
0.1212158203125 0.0527191162109375 0.104721069335938 0.1112060546875
0.0973587036132813 -0.01104736328125 1.01177978515625 -0.249755859375
0.0195045471191406 -0.052337646484375 0.6319580078125 -0.9912109375
-0.0368728637695313 -0.0213508605957031 -0.3846435546875 -0.8619384765625
-0.0242404937744141 0.00386619567871093 -0.70806884765625 -0.13629150390625
0.00861549377441406 0.0241794586181641 -0.471771240234375 0.239349365234375
0.0279312133789063 0.017913818359375 -0.046295166015625 0.287353515625
0.0040123462677002 -0.00311803817749023 0.179244995117188 0.13922119140625
0.0184059143066406 -0.00957489013671875 -0.130073547363281 -0.110946655273438
0.0359611511230469 0.0216331481933594 0.169952392578125 -0.226531982421875
0.0305805206298828 0.0275802612304688 0.483978271484375 -0.10498046875
-0.00941848754882812 0.0361137390136719 0.6229248046875 0.35302734375
-0.0620841979980469 -0.00120925903320313 0.0887451171874999 0.86785888671875
-0.0344390869140625 -0.0775375366210938 -0.70947265625 0.8497314453125
0.0587577819824219 -0.0193061828613281 -0.83868408203125 0.24407958984375
0.120079040527344 0.0474090576171875 0.102546691894531 0.109725952148438
0.0949935913085938 -0.0135879516601563 1.0064697265625 -0.2503662109375
0.015716552734375 -0.0484275817871094 0.62188720703125 -0.9903564453125
-0.035675048828125 -0.0128288269042969 -0.39105224609375 -0.8585205078125
-0.0186939239501953 0.00971221923828125 -0.710693359375 -0.13336181640625
0.0194511413574219 0.0231704711914063 -0.470947265625 0.241790771484375
0.0342025756835937 0.0148048400878906 -0.04852294921875 0.2886962890625
0.00322246551513672 -0.00747251510620117 0.177276611328125 0.141281127929688
0.0191993713378906 -0.0147705078125 -0.130592346191406 -0.113136291503906
0.0435218811035156 0.01806640625 0.168914794921875 -0.227096557617188
0.0409736633300781 0.0276069641113281 0.483795166015625 -0.105682373046875
-0.000652313232421872 0.0431671142578125 0.62353515625 0.35284423828125
-0.0598831176757813 0.00944137573242187 0.09228515625 0.86749267578125
-0.0415115356445313 -0.0730438232421875 -0.71124267578125 0.85211181640625
0.0523643493652344 -0.0242729187011719 -0.83868408203125 0.24493408203125
0.122261047363281 0.0415267944335938 0.100799560546875 0.113433837890625
0.0899581909179688 -0.0179672241210938 1.00640869140625 -0.2490234375
0.00930023193359375 -0.043365478515625 0.6226806640625 -0.99188232421875
-0.0374908447265625 -0.00329589843749999 -0.39202880859375 -0.85986328125
-0.0100479125976562 0.0143957138061523 -0.71002197265625 -0.13214111328125
0.0288906097412109 0.0208721160888672 -0.473663330078125 0.240631103515625
0.0439109802246094 0.0112991333007813 -0.04888916015625 0.28802490234375
0.00182723999023438 -0.0140666961669922 0.174835205078125 0.141281127929687
0.0188350677490234 -0.0208110809326172 -0.1300048828125 -0.116073608398438
0.0505142211914062 0.0142860412597656 0.167587280273438 -0.229782104492188
0.0525932312011719 0.0253868103027344 0.482635498046875 -0.111541748046875
0.00539398193359375 0.047882080078125 0.63067626953125 0.34869384765625
-0.0612564086914063 0.0196037292480469 0.0993041992187501 0.86883544921875
-0.0482254028320313 -0.0657882690429688 -0.70013427734375 0.8604736328125
0.0489501953125 -0.026031494140625 -0.8370361328125 0.25360107421875
0.122390747070312 0.0348892211914062 0.10003662109375 0.115142822265625
0.087310791015625 -0.0191192626953125 1.01007080078125 -0.24169921875
0.00510787963867188 -0.0385704040527344 0.6302490234375 -0.985107421875
-0.0362205505371094 0.00544357299804688 -0.38616943359375 -0.86370849609375
-0.00223731994628906 0.018524169921875 -0.71038818359375 -0.13885498046875
0.0391731262207031 0.0207786560058594 -0.47515869140625 0.23492431640625
0.050079345703125 0.00801849365234375 -0.050079345703125 0.282958984375
-0.00153160095214844 -0.0192089080810547 0.172286987304688 0.138748168945313
0.0146694183349609 -0.00222969055175781 -0.133270263671875 -0.142288208007813
0.0233650207519531 0.0207672119140625 0.161422729492188 -0.26739501953125
0.0101566314697266 0.0266551971435547 0.485565185546875 -0.159698486328125
-0.0246105194091797 0.0300693511962891 0.66558837890625 0.28265380859375
-0.0648612976074219 -0.00680160522460938 0.1875 0.84185791015625
-0.0359268188476563 -0.0751876831054688 -0.59503173828125 0.89508056640625
0.0594482421875 -0.0105934143066406 -0.78961181640625 0.3057861328125
0.119903564453125 0.0623626708984375 0.113525390625 0.1256103515625
0.101654052734375 -0.002532958984375 1.05047607421875 -0.22308349609375
0.0224266052246094 -0.0502090454101563 0.6939697265625 -0.98492431640625
-0.0416069030761719 -0.0240249633789062 -0.34130859375 -0.88995361328125
-0.0354232788085938 -0.000644683837890627 -0.6942138671875 -0.1712646484375
0.001861572265625 0.0178585052490234 -0.467041015625 0.211822509765625
0.0207653045654297 0.0173797607421875 -0.045196533203125 0.258712768554688
0.00607633590698242 0.00127363204956055 0.18804931640625 0.105010986328125
0.0146121978759766 5.340576171875E-05 -0.131019592285156 -0.135108947753906
0.0227317810058594 0.0246219635009766 0.164382934570313 -0.259109497070313
0.00671768188476563 0.0291728973388672 0.48773193359375 -0.148773193359375
-0.0275325775146484 0.0259208679199219 0.66107177734375 0.2972412109375
-0.0657691955566406 -0.00901031494140624 0.1717529296875 0.844482421875
-0.0296554565429688 -0.0788650512695313 -0.6158447265625 0.88580322265625
0.0647163391113281 -0.0099639892578125 -0.79840087890625 0.2958984375
0.120880126953125 0.0624465942382813 0.115287780761719 0.120376586914063
0.101959228515625 -0.00283050537109375 1.036865234375 -0.23602294921875
0.0273590087890625 -0.0519676208496094 0.6688232421875 -0.9931640625
-0.0406036376953125 -0.0273399353027344 -0.3583984375 -0.8798828125
-0.03863525390625 -0.00250244140624999 -0.698486328125 -0.15679931640625
-0.00287818908691406 0.0195102691650391 -0.46746826171875 0.2227783203125
0.0210533142089844 0.0169544219970703 -0.044036865234375 0.268783569335938
0.00630044937133789 0.00465631484985352 0.189315795898438 0.113204956054688
0.0152730941772461 0.00326824188232422 -0.130477905273438 -0.128158569335938
0.0216560363769531 0.0253963470458984 0.16387939453125 -0.248825073242187
0.00776481628417969 0.0300445556640625 0.483428955078125 -0.14068603515625
-0.0259265899658203 0.0257339477539063 0.64996337890625 0.30926513671875
-0.0655632019042969 -0.0120773315429688 0.15234375 0.85076904296875
-0.02667236328125 -0.082427978515625 -0.6407470703125 0.87457275390625
0.062591552734375 -0.0114593505859375 -0.811279296875 0.2821044921875
0.121353149414063 0.0600662231445313 0.107887268066406 0.114166259765625
0.100601196289063 -0.00506591796875 1.02496337890625 -0.2469482421875
0.0261688232421875 -0.0550994873046875 0.64617919921875 -0.99542236328125
-0.0374832153320313 -0.0277519226074219 -0.37493896484375 -0.8709716796875
-0.0360908508300781 -0.00165176391601563 -0.7039794921875 -0.14251708984375
0.000888824462890626 0.02069091796875 -0.465972900390625 0.23370361328125
0.0211105346679688 0.0188541412353516 -0.0408782958984375 0.27496337890625
0.00586938858032227 0.0045323371887207 0.187973022460938 0.123748779296875
0.016016960144043 -0.000281333923339844 -0.131134033203125 -0.120162963867187
0.0236873626708984 0.0251274108886719 0.166152954101563 -0.241043090820313
0.00977897644042969 0.0305957794189453 0.48626708984375 -0.128448486328125
-0.0246772766113281 0.0286121368408203 0.64501953125 0.323486328125
-0.0645828247070313 -0.0124397277832031 0.13433837890625 0.85955810546875
-0.0287399291992188 -0.0811309814453125 -0.66387939453125 0.87322998046875
0.062652587890625 -0.0133323669433594 -0.82171630859375 0.273193359375
0.120864868164062 0.0568466186523437 0.107810974121094 0.111976623535156
0.0996322631835938 -0.00826263427734375 1.0164794921875 -0.2645263671875
0.023162841796875 -0.0573654174804688 0.62408447265625 -1.0054931640625
-0.0390663146972656 -0.0257225036621094 -0.39166259765625 -0.864013671875
-0.0358695983886719 0.000171661376953117 -0.7083740234375 -0.13067626953125
0.00604438781738281 0.0208263397216797 -0.4683837890625 0.243255615234375
0.0209197998046875 0.0204753875732422 -0.04132080078125 0.284759521484375
0.00566339492797851 0.00171804428100586 0.187484741210938 0.1280517578125
0.0170803070068359 -0.00327205657958984 -0.129356384277344 -0.11376953125
0.0292148590087891 0.0241718292236328 0.168197631835938 -0.234298706054687
0.0200481414794922 0.0273284912109375 0.482818603515625 -0.120269775390625
-0.0162601470947266 0.0320453643798828 0.6368408203125 0.33465576171875
-0.0619010925292969 -0.00544738769531249 0.11761474609375 0.86541748046875
-0.0320587158203125 -0.079986572265625 -0.6827392578125 0.868408203125
0.0615425109863281 -0.0165596008300781 -0.83319091796875 0.2655029296875
0.120697021484375 0.0503768920898438 0.105178833007813 0.10723876953125
0.0985870361328125 -0.015716552734375 1.0069580078125 -0.27215576171875
0.0198898315429688 -0.0529136657714844 0.60638427734375 -1.01031494140625
-0.0401229858398438 -0.0197334289550781 -0.4068603515625 -0.85833740234375
-0.0260791778564453 0.00420379638671875 -0.71221923828125 -0.1199951171875
0.010986328125 0.0222644805908203 -0.465484619140625 0.25067138671875
0.0286521911621094 0.0159263610839844 -0.039337158203125 0.287994384765625
0.00359010696411133 -0.000712871551513672 0.184234619140625 0.136566162109375
0.0194873809814453 -0.00871086120605469 -0.130729675292969 -0.111862182617188
0.0374984741210938 0.0198402404785156 0.165512084960938 -0.231613159179688
0.0309658050537109 0.0269737243652344 0.483856201171875 -0.117645263671875
-0.00904464721679688 0.0374679565429688 0.6331787109375 0.337646484375
-0.0612411499023438 0.00170516967773436 0.11114501953125 0.86712646484375
-0.0356521606445313 -0.07537841796875 -0.69207763671875 0.86834716796875
0.0584259033203125 -0.0203590393066406 -0.83245849609375 0.2630615234375
0.120162963867188 0.0435791015625 0.106307983398438 0.1085205078125
0.0931777954101563 -0.0163116455078125 1.0040283203125 -0.27545166015625
0.0140647888183594 -0.0474586486816406 0.5989990234375 -1.00994873046875
-0.0369110107421875 -0.0132408142089844 -0.409912109375 -0.85333251953125
-0.0168914794921875 0.00720596313476562 -0.71929931640625 -0.11651611328125
0.0210857391357422 0.0222244262695312 -0.4696044921875 0.25689697265625
0.0345115661621094 0.0136013031005859 -0.040618896484375 0.290618896484375
0.00282859802246094 -0.00906276702880859 0.182388305664063 0.138916015625
0.0185928344726563 -0.0158157348632813 -0.132492065429688 -0.112350463867188
0.0449562072753906 0.0171699523925781 0.165969848632813 -0.232925415039063
0.0417098999023438 0.0276603698730469 0.482330322265625 -0.118927001953125
0.00138092041015625 0.0431175231933594 0.63519287109375 0.339111328125
-0.0608596801757813 0.0106124877929687 0.11138916015625 0.86871337890625
-0.043212890625 -0.0706863403320313 -0.69091796875 0.86907958984375
0.0562858581542969 -0.0247573852539063 -0.83563232421875 0.2637939453125
0.1226806640625 0.0364608764648438 0.103691101074219 0.110847473144531
0.0889053344726562 -0.0178298950195312 1.006591796875 -0.2716064453125
0.00769424438476563 -0.0417747497558594 0.6011962890625 -1.0064697265625
-0.0356254577636719 -0.00284576416015625 -0.41278076171875 -0.85528564453125
-0.00869274139404297 0.0129966735839844 -0.7176513671875 -0.11517333984375
0.0315284729003906 0.0213813781738281 -0.469512939453125 0.2520751953125
0.0425605773925781 0.00892257690429688 -0.041717529296875 0.291168212890625
0.00155353546142578 -0.0137624740600586 0.179275512695313 0.136611938476563
0.0192756652832031 -0.0203113555908203 -0.133033752441406 -0.116371154785156
0.0512580871582031 0.0120964050292969 0.1636962890625 -0.238174438476562
0.0499687194824219 0.0233726501464844 0.481842041015625 -0.125152587890625
0.007537841796875 0.0491409301757813 0.6378173828125 0.33343505859375
-0.0600814819335938 0.0203628540039062 0.12017822265625 0.87103271484375
-0.0489463806152344 -0.0633201599121094 -0.68341064453125 0.87847900390625
0.0490951538085938 -0.0268974304199219 -0.833740234375 0.27081298828125
0.122123718261719 0.03253173828125 0.1015625 0.110877990722656
0.085357666015625 -0.0229721069335937 1.00634765625 -0.26641845703125
0.00347518920898438 -0.0395889282226563 0.61029052734375 -1.00299072265625
-0.0353584289550781 0.00853729248046874 -0.4039306640625 -0.85784912109375
-0.00177001953125 0.01763916015625 -0.71612548828125 -0.123779296875
0.0400428771972656 0.0193519592285156 -0.469512939453125 0.24871826171875
0.0499496459960938 0.00511550903320313 -0.0443115234375 0.28521728515625
8.01086425781246E-05 -0.0193309783935547 0.176345825195313 0.134292602539063
0.0151510238647461 -0.00274276733398438 -0.133712768554688 -0.142364501953125
0.0261516571044922 0.020751953125 0.154510498046875 -0.27020263671875
0.0110359191894531 0.0281639099121094 0.483734130859375 -0.174102783203125
-0.0243434906005859 0.0295143127441406 0.6737060546875 0.2652587890625
-0.0633964538574219 -0.00311279296875001 0.2080078125 0.8370361328125
-0.034881591796875 -0.0731277465820313 -0.576416015625 0.9085693359375
0.0599899291992188 -0.0119743347167969 -0.781494140625 0.32305908203125
0.120338439941406 0.05908203125 0.115165710449219 0.121177673339844
0.09881591796875 -0.0044708251953125 1.04150390625 -0.2469482421875
0.0218925476074219 -0.0483436584472656 0.66668701171875 -0.9990234375
-0.0419769287109375 -0.0253143310546875 -0.36181640625 -0.88427734375
-0.0347175598144531 0.000852584838867187 -0.6993408203125 -0.15399169921875
0.000947952270507813 0.0181446075439453 -0.464111328125 0.2274169921875
0.0235366821289063 0.0147972106933594 -0.0399169921875 0.260284423828125
0.00509023666381836 0.00152826309204102 0.192169189453125 0.103012084960937
0.0136556625366211 0.000782012939453125 -0.133537292480469 -0.135635375976563
0.0228252410888672 0.0241184234619141 0.157119750976563 -0.263275146484375
0.00651931762695313 0.0284557342529297 0.482086181640625 -0.163116455078125
-0.0277233123779297 0.0288047790527344 0.665771484375 0.2777099609375
-0.0656394958496094 -0.0108299255371094 0.1920166015625 0.8411865234375
-0.033782958984375 -0.0775833129882812 -0.59326171875 0.900390625
0.0644264221191406 -0.0121078491210937 -0.79248046875 0.3134765625
0.121627807617188 0.0577621459960938 0.114646911621094 0.115715026855469
0.098419189453125 -0.0062103271484375 1.03009033203125 -0.26104736328125
0.0252227783203125 -0.0550880432128906 0.645263671875 -1.00830078125
-0.0415534973144531 -0.0263214111328125 -0.37786865234375 -0.8731689453125
-0.0375328063964844 -0.00150680541992188 -0.7034912109375 -0.14007568359375
-0.00165557861328125 0.0176239013671875 -0.46392822265625 0.23583984375
0.0185356140136719 0.0173015594482422 -0.0376434326171875 0.270980834960938
0.00680065155029297 0.00476789474487305 0.190689086914063 0.110855102539062
0.0159645080566406 -0.000838279724121094 -0.133331298828125 -0.1260986328125
0.0229778289794922 0.0246086120605469 0.157623291015625 -0.25250244140625
0.00633621215820313 0.0286636352539063 0.48095703125 -0.1507568359375
-0.0254268646240234 0.0268383026123047 0.6572265625 0.292236328125
-0.0643997192382813 -0.0129890441894531 0.171142578125 0.8477783203125
-0.0304412841796875 -0.0814056396484375 -0.617919921875 0.8927001953125
0.0629501342773438 -0.0141143798828125 -0.807373046875 0.30035400390625
0.121719360351563 0.0584182739257813 0.110572814941406 0.111610412597656
0.100845336914062 -0.0092620849609375 1.0172119140625 -0.27069091796875
0.0234336853027344 -0.0548667907714844 0.6224365234375 -1.0118408203125
-0.0400543212890625 -0.027923583984375 -0.396240234375 -0.862548828125
-0.0366935729980469 -0.00186920166015624 -0.7073974609375 -0.12457275390625
9.72747802734391E-05 0.0198345184326172 -0.460968017578125 0.2493896484375
0.0202102661132813 0.0168666839599609 -0.033843994140625 0.2791748046875
0.0072474479675293 0.00524187088012695 0.192047119140625 0.1187744140625
0.0166215896606445 -0.000362396240234375 -0.133430480957031 -0.119277954101562
0.0253982543945313 0.0240154266357422 0.159698486328125 -0.245407104492188
0.0126743316650391 0.0289459228515625 0.483245849609375 -0.139434814453125
-0.0230293273925781 0.02850341796875 0.65020751953125 0.30706787109375
-0.0623893737792969 -0.0103874206542969 0.15582275390625 0.85772705078125
-0.03021240234375 -0.08062744140625 -0.6417236328125 0.89215087890625
0.0633621215820313 -0.0144882202148438 -0.81494140625 0.290283203125
0.120536804199219 0.0527725219726563 0.110282897949219 0.108467102050781
0.09820556640625 -0.0115585327148438 1.0087890625 -0.28564453125
0.0198135375976562 -0.0543746948242188 0.6019287109375 -1.02044677734375
-0.0410423278808594 -0.0253524780273438 -0.414306640625 -0.85400390625
-0.0318813323974609 0.000324249267578129 -0.7132568359375 -0.1136474609375
0.00325393676757812 0.0216007232666016 -0.462554931640625 0.256988525390625
0.0236911773681641 0.0177898406982422 -0.034332275390625 0.285491943359375
0.00794124603271484 0.00339365005493164 0.188751220703125 0.123809814453125
0.0181350708007812 -0.00443649291992188 -0.133049011230469 -0.113784790039063
0.0311126708984375 0.0221500396728516 0.160552978515625 -0.239303588867188
0.0204639434814453 0.0257835388183594 0.481658935546875 -0.132598876953125
-0.0169734954833984 0.0314502716064453 0.6453857421875 0.31744384765625
-0.0634269714355469 -0.004638671875 0.14007568359375 0.86199951171875
-0.0351333618164063 -0.0785140991210938 -0.65966796875 0.8876953125
0.0607070922851563 -0.0176925659179688 -0.82489013671875 0.2843017578125
0.122116088867187 0.0484542846679687 0.107040405273438 0.104988098144531
0.0960311889648438 -0.0159912109375 1.0003662109375 -0.293701171875
0.0172462463378906 -0.0530548095703125 0.5841064453125 -1.0216064453125
-0.0362892150878906 -0.0181541442871094 -0.4283447265625 -0.84796142578125
-0.0255012512207031 0.00518608093261718 -0.71734619140625 -0.103759765625
0.0111579895019531 0.0210075378417969 -0.46051025390625 0.265106201171875
0.0285148620605469 0.0142059326171875 -0.032867431640625 0.291412353515625
0.00448131561279297 -0.000970840454101562 0.185775756835938 0.131942749023438
0.0178623199462891 -0.00979804992675781 -0.134574890136719 -0.109786987304687
0.037353515625 0.0180320739746094 0.160751342773438 -0.2376708984375
0.0316200256347656 0.0262813568115234 0.4820556640625 -0.128021240234375
-0.00833511352539063 0.0383644104003906 0.642333984375 0.3233642578125
-0.0613784790039062 0.00226593017578124 0.13336181640625 0.86529541015625
-0.0395050048828125 -0.0742263793945313 -0.66845703125 0.88421630859375
0.0575027465820313 -0.0201263427734375 -0.8294677734375 0.28216552734375
0.120948791503906 0.0403823852539063 0.106613159179688 0.1058349609375
0.0919113159179688 -0.0203018188476563 0.99798583984375 -0.29541015625
0.0120353698730469 -0.0489616394042969 0.577392578125 -1.023193359375
-0.0361251831054688 -0.0103950500488281 -0.43353271484375 -0.84466552734375
-0.0178966522216797 0.00932502746582031 -0.71832275390625 -0.0994262695312499
0.0214080810546875 0.0198764801025391 -0.46380615234375 0.266876220703125
0.0368003845214844 0.0123672485351562 -0.032745361328125 0.2918701171875
0.00332498550415039 -0.00688266754150391 0.184524536132812 0.134613037109375
0.01898193359375 -0.0174446105957031 -0.135948181152344 -0.1107177734375
0.0475959777832031 0.0152511596679687 0.159683227539063 -0.23944091796875
0.0413475036621094 0.0250587463378906 0.478485107421875 -0.129974365234375
0.00188064575195313 0.043731689453125 0.64093017578125 0.3214111328125
-0.0612640380859375 0.0118904113769531 0.1298828125 0.86688232421875
-0.0444755554199219 -0.0685234069824219 -0.6707763671875 0.88702392578125
0.0536346435546875 -0.0250740051269531 -0.83056640625 0.2830810546875
0.12176513671875 0.0358123779296875 0.105400085449219 0.105010986328125
0.0872802734375 -0.0231475830078125 0.99554443359375 -0.293701171875
0.00680160522460938 -0.0427818298339844 0.57794189453125 -1.02227783203125
-0.0350627899169922 -0.00250625610351563 -0.43426513671875 -0.8453369140625
-0.00955104827880859 0.0124521255493164 -0.72021484375 -0.09649658203125
0.0317726135253906 0.0186939239501953 -0.46240234375 0.26666259765625
0.0425262451171875 0.00774002075195313 -0.03515625 0.290130615234375
0.00129795074462891 -0.0114192962646484 0.1817626953125 0.135986328125
0.0199050903320313 -0.0228652954101563 -0.135574340820313 -0.114448547363281
0.0516510009765625 0.00921630859375 0.157943725585938 -0.24322509765625
0.0518760681152344 0.0232696533203125 0.47705078125 -0.13739013671875
0.00841140747070312 0.0482940673828125 0.64453125 0.317138671875
-0.0603866577148438 0.0212364196777344 0.140625 0.8673095703125
-0.0518455505371094 -0.0604896545410156 -0.66192626953125 0.89324951171875
0.0478172302246094 -0.03033447265625 -0.8277587890625 0.290283203125
0.122734069824219 0.029571533203125 0.104927062988281 0.108268737792969
0.0833816528320313 -0.0252304077148438 0.9991455078125 -0.28826904296875
0.00157928466796875 -0.0367469787597656 0.5870361328125 -1.0152587890625
-0.0344619750976562 0.00798797607421875 -0.42706298828125 -0.84588623046875
-0.00093555450439453 0.0149765014648438 -0.71942138671875 -0.10498046875
0.0394134521484375 0.0184555053710938 -0.46466064453125 0.260498046875
0.0495948791503906 0.00535964965820313 -0.038055419921875 0.285186767578125
-0.000984191894531251 -0.0178012847900391 0.181243896484375 0.132369995117188
0.0151529312133789 -0.00206756591796875 -0.13775634765625 -0.140029907226563
0.0259532928466797 0.0194873809814453 0.14898681640625 -0.275344848632813
0.0113983154296875 0.0273914337158203 0.475433349609375 -0.18310546875
-0.0230560302734375 0.0299434661865234 0.67742919921875 0.2476806640625
-0.0654335021972656 -0.002105712890625 0.2281494140625 0.8284912109375
-0.0367202758789062 -0.0718612670898438 -0.5496826171875 0.91851806640625
0.0602912902832031 -0.014251708984375 -0.77294921875 0.3382568359375
0.120460510253906 0.0554580688476563 0.117889404296875 0.117202758789063
0.0986785888671875 -0.0073394775390625 1.03167724609375 -0.26995849609375
0.0207443237304688 -0.0490226745605469 0.6424560546875 -1.01177978515625
-0.0416755676269531 -0.0209465026855469 -0.37957763671875 -0.8724365234375
-0.0359115600585938 -0.000545501708984383 -0.6995849609375 -0.1375732421875
0.0024871826171875 0.0181312561035156 -0.455108642578125 0.235870361328125
0.0224056243896484 0.0145854949951172 -0.03338623046875 0.259689331054687
0.00618553161621094 0.0015406608581543 0.193435668945313 0.097625732421875
0.0154409408569336 0.000491142272949219 -0.135391235351563 -0.131317138671875
0.0251216888427734 0.0215854644775391 0.148651123046875 -0.266021728515625
0.00702095031738281 0.0295810699462891 0.476593017578125 -0.17303466796875
-0.0251426696777344 0.0298233032226563 0.6700439453125 0.26312255859375
-0.0644378662109375 -0.00878906249999999 0.21063232421875 0.83612060546875
-0.0328445434570312 -0.0769424438476563 -0.5716552734375 0.912109375
0.0621528625488281 -0.0123176574707031 -0.78125 0.32904052734375
0.120742797851562 0.0566177368164063 0.115402221679688 0.112686157226563
0.0989837646484375 -0.00882720947265625 1.0201416015625 -0.282958984375
0.0237808227539063 -0.0532989501953125 0.6202392578125 -1.01763916015625
-0.0425949096679688 -0.0265274047851562 -0.39849853515625 -0.86334228515625
-0.0390357971191406 -8.01086425781336E-05 -0.706298828125 -0.12298583984375
-0.000291824340820314 0.0181083679199219 -0.45379638671875 0.248809814453125
0.0197029113769531 0.0164279937744141 -0.032012939453125 0.269912719726563
0.00795173645019531 0.00500345230102539 0.194305419921875 0.107131958007813
0.016627311706543 0.00083160400390625 -0.134376525878906 -0.125053405761719
0.0242519378662109 0.0234184265136719 0.150177001953125 -0.258026123046875
0.00916671752929687 0.0275592803955078 0.47625732421875 -0.16265869140625
-0.0256843566894531 0.0285911560058594 0.66424560546875 0.27545166015625
-0.0654373168945313 -0.0111007690429687 0.19268798828125 0.8419189453125
-0.0324859619140625 -0.07904052734375 -0.5963134765625 0.903564453125
0.06390380859375 -0.0128288269042969 -0.79534912109375 0.31707763671875
0.122909545898438 0.0530929565429687 0.112739562988281 0.106475830078125
0.0973281860351562 -0.0104141235351562 1.00836181640625 -0.291259765625
0.0227088928222656 -0.0561370849609375 0.59576416015625 -1.02398681640625
-0.0416412353515625 -0.0266189575195313 -0.4146728515625 -0.85247802734375
-0.0364646911621094 0.000503540039062497 -0.708740234375 -0.11016845703125
-0.000144958496093749 0.0203742980957031 -0.452667236328125 0.2567138671875
0.0225257873535156 0.0166664123535156 -0.029144287109375 0.280288696289063
0.0072932243347168 0.00510835647583008 0.194808959960938 0.118896484375
0.0159807205200195 -0.000732421875 -0.134902954101563 -0.115394592285156
0.0276069641113281 0.0211696624755859 0.15478515625 -0.249786376953125
0.0135746002197266 0.0271968841552734 0.477142333984375 -0.151611328125
-0.0215873718261719 0.0289096832275391 0.655029296875 0.290283203125
-0.0622940063476563 -0.00760269165039062 0.1722412109375 0.85247802734375
-0.0320358276367188 -0.0792694091796875 -0.61871337890625 0.90185546875
0.0622978210449219 -0.0166244506835938 -0.80511474609375 0.30804443359375
0.122634887695312 0.0506668090820312 0.110572814941406 0.102813720703125
0.095977783203125 -0.0147247314453125 0.99908447265625 -0.30596923828125
0.0197029113769531 -0.0556373596191406 0.57537841796875 -1.03082275390625
-0.039459228515625 -0.0231704711914062 -0.43121337890625 -0.84423828125
-0.0336666107177734 0.00131607055664062 -0.71124267578125 -0.0971069335937499
0.00498008728027344 0.021270751953125 -0.454071044921875 0.266815185546875
0.0244140625 0.0155410766601563 -0.0269775390625 0.286865234375
0.00673961639404297 0.00224876403808594 0.191558837890625 0.12158203125
0.0170326232910156 -0.00481128692626953 -0.134178161621094 -0.111068725585938
0.0325965881347656 0.0214462280273438 0.155075073242188 -0.244552612304688
0.0203609466552734 0.0271339416503906 0.476043701171875 -0.14495849609375
-0.0147724151611328 0.0347309112548828 0.65081787109375 0.30047607421875
-0.0622329711914063 -0.00455856323242188 0.15875244140625 0.8564453125
-0.0352401733398438 -0.077301025390625 -0.63848876953125 0.8985595703125
0.0597343444824219 -0.0175132751464844 -0.8150634765625 0.3009033203125
0.1220703125 0.0434188842773437 0.108283996582031 0.102577209472656
0.094512939453125 -0.0195465087890625 0.99029541015625 -0.316162109375
0.0148735046386719 -0.0529823303222656 0.55950927734375 -1.03643798828125
-0.0389366149902344 -0.0186843872070312 -0.44818115234375 -0.8359375
-0.026092529296875 0.00414276123046874 -0.718017578125 -0.0866088867187501
0.0107154846191406 0.019622802734375 -0.452667236328125 0.275115966796875
0.0271244049072266 0.0138893127441406 -0.02642822265625 0.29266357421875
0.0066685676574707 -0.0018157958984375 0.188858032226563 0.129241943359375
0.0190315246582031 -0.0107212066650391 -0.136680603027344 -0.106864929199219
0.0390434265136719 0.0155601501464844 0.154312133789063 -0.242233276367188
0.0307579040527344 0.025543212890625 0.475372314453125 -0.14007568359375
-0.00677108764648438 0.0370140075683594 0.64654541015625 0.306640625
-0.0610275268554688 0.00495529174804687 0.1505126953125 0.8616943359375
-0.0374984741210938 -0.0719757080078125 -0.649169921875 0.89715576171875
0.0556793212890625 -0.0226593017578125 -0.82244873046875 0.296630859375
0.120223999023438 0.0388870239257813 0.105712890625 0.100593566894531
0.0903854370117187 -0.023712158203125 0.985107421875 -0.3167724609375
0.00840377807617188 -0.0482597351074219 0.5499267578125 -1.0330810546875
-0.0373077392578125 -0.00965118408203126 -0.4512939453125 -0.83294677734375
-0.0158824920654297 0.00907707214355469 -0.71990966796875 -0.08087158203125
0.0217552185058594 0.0192184448242188 -0.4527587890625 0.277191162109375
0.0359344482421875 0.0102806091308594 -0.02679443359375 0.293609619140625
0.00319719314575195 -0.00655651092529297 0.187820434570313 0.131332397460938
0.0197277069091797 -0.0177879333496094 -0.136482238769531 -0.108901977539063
0.04541015625 0.0116348266601563 0.153457641601563 -0.244598388671875
0.0434341430664063 0.0250511169433594 0.472564697265625 -0.1417236328125
0.00159454345703125 0.0428886413574219 0.647216796875 0.30609130859375
-0.0602874755859375 0.0130500793457031 0.14990234375 0.864501953125
-0.0447273254394531 -0.0660514831542969 -0.64984130859375 0.89996337890625
0.0514793395996094 -0.0257301330566406 -0.8218994140625 0.29815673828125
0.120903015136719 0.0302352905273438 0.106132507324219 0.102653503417969
0.086883544921875 -0.0247039794921875 0.98492431640625 -0.31536865234375
0.00510025024414063 -0.0424041748046875 0.5491943359375 -1.03045654296875
-0.0355567932128906 0.000465393066406246 -0.4534912109375 -0.833251953125
-0.00821304321289063 0.0130615234375 -0.719970703125 -0.0796508789062501
0.030975341796875 0.0196037292480469 -0.45489501953125 0.27728271484375
0.0436439514160156 0.00587081909179687 -0.02880859375 0.291229248046875
0.000807762145996094 -0.0100765228271484 0.186050415039063 0.13140869140625
0.0196495056152344 -0.0230789184570313 -0.135887145996094 -0.111854553222656
0.0527267456054688 0.00616836547851563 0.151123046875 -0.248062133789063
0.0524635314941406 0.0223464965820313 0.47332763671875 -0.14764404296875
0.00940704345703125 0.0487594604492188 0.6495361328125 0.30279541015625
-0.0595588684082031 0.0229949951171875 0.1593017578125 0.8626708984375
-0.0522842407226563 -0.0589637756347656 -0.63641357421875 0.90606689453125
0.0483016967773438 -0.0287971496582031 -0.8182373046875 0.3050537109375
0.122360229492188 0.0257492065429688 0.10369873046875 0.105972290039063
0.0833969116210938 -0.0282363891601563 0.98785400390625 -0.30645751953125
-0.000370025634765626 -0.037689208984375 0.560791015625 -1.025634765625
-0.0342845916748047 0.00840377807617187 -0.44659423828125 -0.83709716796875
-0.00116539001464844 0.0156393051147461 -0.719970703125 -0.0886840820312498
0.0406379699707031 0.0148391723632812 -0.45611572265625 0.271453857421875
0.0506629943847656 0.00292205810546875 -0.030426025390625 0.2872314453125
0.000602722167968749 -0.0177879333496094 0.181350708007813 0.129043579101563
0.0143308639526367 -0.00211143493652344 -0.139427185058594 -0.137428283691406
0.02618408203125 0.018890380859375 0.139785766601563 -0.278579711914063
0.0123252868652344 0.0282535552978516 0.468353271484375 -0.19549560546875
-0.0218296051025391 0.0312633514404297 0.677734375 0.23291015625
-0.0634994506835938 -0.0010986328125 0.2452392578125 0.82049560546875
-0.0373382568359375 -0.070465087890625 -0.5272216796875 0.92449951171875
0.058135986328125 -0.0142326354980469 -0.76116943359375 0.35260009765625
0.121994018554687 0.0501785278320312 0.1173095703125 0.115455627441406
0.0963058471679687 -0.009918212890625 1.0181884765625 -0.2906494140625
0.0168952941894531 -0.0501556396484375 0.6187744140625 -1.0179443359375
-0.0418891906738281 -0.0198097229003906 -0.3974609375 -0.860107421875
-0.0366363525390625 0.00128173828125 -0.70123291015625 -0.11883544921875
0.000772476196289064 0.0165681838989258 -0.447662353515625 0.246795654296875
0.0230560302734375 0.0133457183837891 -0.0296173095703125 0.263092041015625
0.00782251358032227 0.00243854522705078 0.192840576171875 0.09454345703125
0.0146493911743164 -0.000215530395507812 -0.135635375976562 -0.128730773925781
0.0243377685546875 0.0215969085693359 0.141586303710938 -0.269821166992188
0.00969886779785156 0.0275135040283203 0.46954345703125 -0.18316650390625
-0.0243473052978516 0.0295181274414062 0.67413330078125 0.24615478515625
-0.0636024475097656 -0.00741195678710937 0.23004150390625 0.8245849609375
-0.0339813232421875 -0.074737548828125 -0.548583984375 0.91815185546875
0.0636405944824219 -0.0142135620117187 -0.7713623046875 0.34173583984375
0.123008728027344 0.049285888671875 0.1158447265625 0.109588623046875
0.0977859497070312 -0.010101318359375 1.00732421875 -0.3028564453125
0.0210952758789062 -0.0560264587402344 0.59539794921875 -1.02490234375
-0.0412826538085937 -0.0244789123535156 -0.41607666015625 -0.8499755859375
-0.0376930236816406 -0.00102615356445313 -0.70513916015625 -0.10650634765625
-8.29696655273454E-05 0.017237663269043 -0.446868896484375 0.256072998046875
0.0209121704101563 0.0146560668945313 -0.0254974365234375 0.268905639648438
0.00752592086791992 0.00567436218261719 0.19403076171875 0.102783203125
0.0150880813598633 0.00154495239257812 -0.136909484863281 -0.122703552246094
0.0258083343505859 0.0211696624755859 0.144485473632813 -0.261337280273438
0.0101604461669922 0.02728271484375 0.46807861328125 -0.173248291015625
-0.0253734588623047 0.0305194854736328 0.66357421875 0.2578125
-0.0650520324707031 -0.00934982299804687 0.21124267578125 0.83184814453125
-0.0314788818359375 -0.0771026611328125 -0.57171630859375 0.9105224609375
0.064056396484375 -0.0139274597167969 -0.78326416015625 0.3341064453125
0.121284484863281 0.0511245727539063 0.109771728515625 0.10357666015625
0.096282958984375 -0.016357421875 0.9930419921875 -0.3148193359375
0.0183639526367187 -0.0552940368652344 0.570068359375 -1.0291748046875
-0.0418663024902344 -0.0249671936035156 -0.43170166015625 -0.837646484375
-0.03753662109375 -0.000377655029296881 -0.7061767578125 -0.0939941406250002
-8.96453857421876E-05 0.0188694000244141 -0.44512939453125 0.265960693359375
0.0211753845214844 0.0154285430908203 -0.022186279296875 0.277694702148437
0.00919055938720703 0.00601577758789063 0.194931030273438 0.11358642578125
0.0157032012939453 -0.00250816345214844 -0.136024475097656 -0.112686157226562
0.0271110534667969 0.0205497741699219 0.146438598632813 -0.252517700195313
0.0131664276123047 0.0283126831054688 0.47137451171875 -0.16253662109375
-0.0199928283691406 0.0289154052734375 0.6602783203125 0.2730712890625
-0.0625572204589844 -0.00643539428710937 0.1903076171875 0.8436279296875
-0.0333175659179688 -0.0768356323242188 -0.59698486328125 0.91058349609375
0.0612716674804687 -0.0164375305175781 -0.79254150390625 0.32159423828125
0.121391296386719 0.04681396484375 0.111892700195313 0.100570678710938
0.0946121215820313 -0.0184707641601563 0.9854736328125 -0.32537841796875
0.0187492370605469 -0.056121826171875 0.5506591796875 -1.0367431640625
-0.0400314331054688 -0.0229377746582031 -0.4505615234375 -0.8265380859375
-0.0321807861328125 0.00207138061523437 -0.71087646484375 -0.08099365234375
0.00506210327148438 0.0193290710449219 -0.445831298828125 0.27496337890625
0.0226173400878906 0.0148353576660156 -0.023162841796875 0.284393310546875
0.00960254669189453 0.00127887725830078 0.191848754882812 0.116867065429687
0.0172271728515625 -0.00599765777587891 -0.136428833007813 -0.108718872070313
0.0325069427490234 0.0192451477050781 0.148300170898438 -0.247482299804688
0.0215377807617188 0.0264377593994141 0.469757080078125 -0.157989501953125
-0.0136165618896484 0.0343971252441406 0.65216064453125 0.283203125
-0.0600814819335937 -0.00227737426757813 0.17767333984375 0.848388671875
-0.0356826782226563 -0.0755844116210938 -0.61260986328125 0.90557861328125
0.0584030151367188 -0.0197372436523438 -0.8050537109375 0.3148193359375
0.122016906738281 0.0426101684570313 0.108428955078125 0.0990447998046875
0.0918426513671875 -0.0226364135742188 0.97314453125 -0.332763671875
0.0150337219238281 -0.052642822265625 0.53057861328125 -1.04010009765625
-0.0374221801757813 -0.0151596069335938 -0.463623046875 -0.82086181640625
-0.0274581909179688 0.00554656982421875 -0.71453857421875 -0.0693969726562501
0.0133457183837891 0.0177383422851563 -0.443603515625 0.283935546875
0.0287685394287109 0.0115032196044922 -0.018218994140625 0.290008544921875
0.00567817687988281 -4.14848327636719E-05 0.19073486328125 0.12530517578125
0.0192451477050781 -0.0117168426513672 -0.13641357421875 -0.105201721191406
0.0398979187011719 0.0147056579589844 0.1488037109375 -0.2462158203125
0.0319118499755859 0.0270786285400391 0.467529296875 -0.15203857421875
-0.00601959228515625 0.0381927490234375 0.65032958984375 0.29119873046875
-0.0601348876953125 0.00380706787109376 0.16961669921875 0.85211181640625
-0.04144287109375 -0.0722198486328125 -0.6240234375 0.90887451171875
0.0560684204101562 -0.0241012573242187 -0.80780029296875 0.312744140625
0.121925354003906 0.0346450805664063 0.106163024902344 0.09735107421875
0.0871505737304688 -0.02435302734375 0.9715576171875 -0.3372802734375
0.0113029479980469 -0.0496902465820313 0.5224609375 -1.03814697265625
-0.0364608764648437 -0.00872421264648438 -0.46832275390625 -0.8155517578125
-0.016718864440918 0.00957679748535156 -0.7183837890625 -0.0629272460937501
0.0231723785400391 0.0191593170166016 -0.44476318359375 0.287994384765625
0.0348052978515625 0.0110206604003906 -0.01824951171875 0.29107666015625
0.00345945358276367 -0.00590181350708008 0.189834594726563 0.125320434570313
0.0193195343017578 -0.0184803009033203 -0.137367248535156 -0.106910705566406
0.0462303161621094 0.011199951171875 0.146881103515625 -0.2464599609375
0.0441665649414063 0.0211181640625 0.466217041015625 -0.152740478515625
0.003173828125 0.0434646606445313 0.6485595703125 0.28955078125
-0.0590095520019531 0.0145797729492188 0.17022705078125 0.85321044921875
-0.0453567504882813 -0.0657157897949219 -0.6236572265625 0.90966796875
0.0512046813964844 -0.0273780822753906 -0.81134033203125 0.314208984375
0.120758056640625 0.0273971557617188 0.105926513671875 0.0990676879882813
0.0844345092773438 -0.0278778076171875 0.97271728515625 -0.334716796875
0.00383377075195312 -0.0436592102050781 0.52490234375 -1.03564453125
-0.0339641571044922 0.00111198425292969 -0.4710693359375 -0.81964111328125
-0.00744724273681641 0.012516975402832 -0.7177734375 -0.0640258789062501
0.0326519012451172 0.0174236297607422 -0.44677734375 0.2860107421875
0.0433006286621094 0.00452804565429687 -0.020355224609375 0.290802001953125
0.00263404846191406 -0.0128259658813477 0.188812255859375 0.127227783203125
0.019866943359375 -0.0240573883056641 -0.139015197753906 -0.109283447265625
0.0504379272460938 0.00531768798828125 0.14520263671875 -0.252197265625
0.0503807067871094 0.0208892822265625 0.465576171875 -0.15814208984375
0.0105056762695312 0.0480308532714844 0.653564453125 0.2860107421875
-0.0575180053710938 0.0235633850097656 0.18072509765625 0.85400390625
-0.0532569885253906 -0.0577507019042969 -0.6123046875 0.91888427734375
0.0462303161621094 -0.0294990539550781 -0.807373046875 0.3189697265625
0.122108459472656 0.0247650146484375 0.10516357421875 0.102066040039062
0.078826904296875 -0.0280075073242188 0.974365234375 -0.3265380859375
0.000240325927734378 -0.0369529724121094 0.533203125 -1.0313720703125
-0.0334949493408203 0.00888252258300781 -0.46337890625 -0.8221435546875
-0.00251483917236328 0.0163936614990234 -0.71966552734375 -0.07025146484375
0.0399665832519531 0.0155715942382813 -0.448974609375 0.28179931640625
0.0493736267089844 -0.00069427490234375 -0.024261474609375 0.285919189453125
-0.00100326538085937 -0.0165281295776367 0.18585205078125 0.125228881835938
0.0155038833618164 -0.00589847564697266 -0.140945434570312 -0.134552001953125
0.0272560119628906 0.0161380767822266 0.132354736328125 -0.28033447265625
0.01171875 0.0253429412841797 0.45623779296875 -0.202880859375
-0.0199871063232422 0.0325965881347656 0.67559814453125 0.21417236328125
-0.0624580383300781 -0.000335693359375008 0.26068115234375 0.8057861328125
-0.0385627746582031 -0.0694389343261719 -0.504150390625 0.9276123046875
0.0593757629394531 -0.0162506103515625 -0.7470703125 0.3636474609375
0.119972229003906 0.0465240478515625 0.118736267089844 0.108329772949219
0.0928802490234375 -0.012481689453125 1.00140380859375 -0.30712890625
0.0168571472167969 -0.0477066040039063 0.590576171875 -1.024169921875
-0.0413284301757813 -0.0198593139648437 -0.41259765625 -0.84716796875
-0.0346927642822266 0.00168609619140625 -0.6961669921875 -0.10284423828125
-0.000572204589843749 0.0169343948364258 -0.439453125 0.253692626953125
0.0239810943603516 0.0113620758056641 -0.023101806640625 0.25933837890625
0.0107793807983398 0.00121879577636719 0.193572998046875 0.0920257568359375
0.0148706436157227 -0.00147819519042969 -0.137870788574219 -0.126800537109375
0.0257015228271484 0.0173130035400391 0.134750366210938 -0.270111083984375
0.00752067565917969 0.0270881652832031 0.45880126953125 -0.1925048828125
-0.0234489440917969 0.0296745300292969 0.66986083984375 0.22821044921875
-0.0637435913085938 -0.00396728515625 0.24505615234375 0.8143310546875
-0.03680419921875 -0.0732955932617188 -0.52313232421875 0.92266845703125
0.0612907409667969 -0.0162696838378906 -0.75726318359375 0.3519287109375
0.121986389160156 0.0487289428710938 0.11688232421875 0.104278564453125
0.093994140625 -0.0135498046875 0.9910888671875 -0.32025146484375
0.0195274353027344 -0.0545310974121094 0.56634521484375 -1.02978515625
-0.0426902770996094 -0.0243186950683594 -0.4278564453125 -0.835693359375
-0.0374412536621094 -0.00131607055664062 -0.70062255859375 -0.0904541015625002
0.00019550323486328 0.017242431640625 -0.4371337890625 0.26617431640625
0.0202541351318359 0.0161514282226563 -0.020263671875 0.268844604492188
0.00790214538574219 0.00448989868164063 0.19512939453125 0.0996246337890625
0.0168533325195313 -0.001251220703125 -0.13861083984375 -0.117713928222656
0.0227298736572266 0.0190105438232422 0.137802124023438 -0.262420654296875
0.00980567932128906 0.0283126831054688 0.458160400390625 -0.1815185546875
-0.0236988067626953 0.0285282135009766 0.66558837890625 0.24163818359375
-0.0641403198242187 -0.00978469848632812 0.22509765625 0.8221435546875
-0.0346221923828125 -0.0752029418945312 -0.54656982421875 0.91766357421875
0.0614051818847656 -0.01519775390625 -0.77099609375 0.34124755859375
0.121009826660156 0.047210693359375 0.112220764160156 0.100120544433594
0.0943756103515625 -0.0155563354492187 0.9776611328125 -0.33343505859375
0.0186653137207031 -0.0558090209960938 0.54541015625 -1.0328369140625
-0.0413742065429688 -0.0231208801269531 -0.44500732421875 -0.82080078125
-0.0367431640625 0.000457763671874994 -0.7037353515625 -0.0753173828125
0.00117015838623047 0.0172052383422852 -0.434051513671875 0.27490234375
0.0211467742919922 0.0158004760742188 -0.0160980224609375 0.276229858398438
0.0057830810546875 0.0050501823425293 0.194580078125 0.107421875
0.0178356170654297 -0.00306129455566406 -0.136878967285156 -0.109504699707031
0.0258617401123047 0.0198860168457031 0.138885498046875 -0.2550048828125
0.0144386291503906 0.0264930725097656 0.4605712890625 -0.170501708984375
-0.0179386138916016 0.0315036773681641 0.6605224609375 0.2568359375
-0.0610618591308594 -0.00586318969726563 0.2069091796875 0.83197021484375
-0.0350265502929687 -0.0757522583007813 -0.57342529296875 0.91326904296875
0.0608444213867188 -0.0181503295898438 -0.7806396484375 0.33197021484375
0.12042236328125 0.0430526733398438 0.109825134277344 0.0962753295898438
0.0918045043945313 -0.0193634033203125 0.96990966796875 -0.343017578125
0.0148162841796875 -0.0558967590332031 0.52154541015625 -1.03851318359375
-0.0409889221191406 -0.0202102661132812 -0.4647216796875 -0.81201171875
-0.0328998565673828 0.000795364379882813 -0.70672607421875 -0.0653076171875
0.00626945495605469 0.0184688568115234 -0.434326171875 0.285064697265625
0.0237960815429688 0.0152759552001953 -0.0145263671875 0.282958984375
0.00726699829101563 0.00438308715820313 0.19403076171875 0.114089965820313
0.0157623291015625 -0.00673866271972656 -0.137176513671875 -0.106681823730469
0.0334968566894531 0.0159511566162109 0.140533447265625 -0.250839233398437
0.0206642150878906 0.0273971557617187 0.464935302734375 -0.16253662109375
-0.0123291015625 0.0319557189941406 0.65106201171875 0.266845703125
-0.0603561401367188 -0.00207138061523439 0.19512939453125 0.83880615234375
-0.035369873046875 -0.0722122192382813 -0.58905029296875 0.91363525390625
0.0590438842773437 -0.0206260681152344 -0.78839111328125 0.32501220703125
0.119621276855469 0.0354766845703125 0.109603881835938 0.0942840576171875
0.0908660888671875 -0.0243301391601563 0.95916748046875 -0.35064697265625
0.0128555297851563 -0.0536422729492188 0.50286865234375 -1.0423583984375
-0.0388031005859375 -0.0161170959472656 -0.4783935546875 -0.8056640625
-0.02471923828125 0.00658226013183593 -0.709228515625 -0.0527954101562499
0.0119800567626953 0.0176162719726563 -0.43377685546875 0.291656494140625
0.0323944091796875 0.0107154846191406 -0.01287841796875 0.287872314453125
0.00709819793701172 -0.00188875198364258 0.193832397460938 0.12054443359375
0.018341064453125 -0.0125064849853516 -0.135612487792969 -0.103073120117188
0.0392799377441406 0.0135536193847656 0.142929077148437 -0.247604370117188
0.0295944213867188 0.0217208862304688 0.45855712890625 -0.163055419921875
-0.00483322143554688 0.0382461547851563 0.65057373046875 0.27410888671875
-0.0578880310058594 0.00482940673828126 0.185546875 0.84320068359375
-0.0419464111328125 -0.0683975219726563 -0.59820556640625 0.91162109375
0.0551910400390625 -0.0235404968261719 -0.79351806640625 0.32476806640625
0.118743896484375 0.0315704345703125 0.107315063476563 0.094085693359375
0.0838394165039063 -0.0259628295898438 0.95556640625 -0.35369873046875
0.00757980346679688 -0.0487174987792969 0.49945068359375 -1.041259765625
-0.0373344421386719 -0.00963592529296875 -0.480712890625 -0.799072265625
-0.0183525085449219 0.00755119323730469 -0.71124267578125 -0.0474853515625
0.0217247009277344 0.0165805816650391 -0.43463134765625 0.295562744140625
0.0351676940917969 0.0075836181640625 -0.01287841796875 0.28997802734375
0.00383472442626953 -0.00445842742919922 0.192001342773438 0.122421264648438
0.0184040069580078 -0.0201854705810547 -0.137535095214844 -0.102462768554688
0.0454559326171875 0.00749969482421875 0.137832641601563 -0.250259399414063
0.0418586730957031 0.0197181701660156 0.460845947265625 -0.15887451171875
0.00429534912109375 0.044219970703125 0.6507568359375 0.2720947265625
-0.05706787109375 0.0142974853515625 0.186279296875 0.8447265625
-0.0456771850585938 -0.0637321472167969 -0.59844970703125 0.91455078125
0.0494232177734375 -0.0262527465820313 -0.7982177734375 0.32373046875
0.121269226074219 0.02490234375 0.103416442871094 0.0950469970703125
0.0825881958007812 -0.0285110473632812 0.956787109375 -0.34912109375
0.00321197509765625 -0.0413703918457031 0.49725341796875 -1.03668212890625
-0.034149169921875 0.00140571594238282 -0.48175048828125 -0.80242919921875
-0.00804710388183594 0.0115041732788086 -0.7127685546875 -0.04827880859375
0.0315647125244141 0.0167407989501953 -0.435577392578125 0.295318603515625
0.0420379638671875 0.00130462646484375 -0.016632080078125 0.28900146484375
0.00233173370361328 -0.0118656158447266 0.190460205078125 0.123382568359375
0.0179653167724609 -0.0254383087158203 -0.139907836914062 -0.108543395996094
0.0521202087402344 0.0028533935546875 0.13873291015625 -0.253646850585938
0.0502738952636719 0.0195465087890625 0.4571533203125 -0.167877197265625
0.0114898681640625 0.0462722778320313 0.653564453125 0.2686767578125
-0.0583229064941406 0.0253753662109375 0.1925048828125 0.8427734375
-0.0536270141601563 -0.0564765930175781 -0.586181640625 0.9200439453125
0.0450515747070313 -0.0292854309082031 -0.7904052734375 0.33203125
0.119316101074219 0.0191574096679688 0.104812622070313 0.0992584228515625
0.0796661376953125 -0.0292282104492187 0.9591064453125 -0.345458984375
-0.000915527343749999 -0.0358314514160156 0.50726318359375 -1.03314208984375
-0.0315189361572266 0.00902938842773438 -0.4761962890625 -0.806640625
-3.24249267578142E-05 0.0158243179321289 -0.71490478515625 -0.0526733398437501
0.0387077331542969 0.0133514404296875 -0.4378662109375 0.290252685546875
0.0496788024902344 -0.00185012817382813 -0.018829345703125 0.284210205078125
8.4877014160157E-05 -0.0164213180541992 0.1861572265625 0.120834350585937
0.0165882110595703 -0.00398540496826172 -0.139122009277344 -0.131622314453125
0.0256214141845703 0.0137443542480469 0.12579345703125 -0.281951904296875
0.0116367340087891 0.0254096984863281 0.449920654296875 -0.2100830078125
-0.0188655853271484 0.0313396453857422 0.6728515625 0.19952392578125
-0.0632286071777344 0.00109100341796875 0.2742919921875 0.793701171875
-0.0391197204589844 -0.0676918029785156 -0.48095703125 0.92755126953125
0.0581703186035156 -0.0153656005859375 -0.7335205078125 0.3721923828125
0.119483947753906 0.0474395751953125 0.117042541503906 0.105972290039063
0.091094970703125 -0.0127792358398438 0.98211669921875 -0.32000732421875
0.0156822204589844 -0.0489654541015625 0.5655517578125 -1.021484375
-0.0388679504394531 -0.0181503295898437 -0.4261474609375 -0.83123779296875
-0.0348377227783203 0.00115013122558593 -0.69146728515625 -0.08746337890625
0.00206947326660156 0.0156030654907227 -0.42852783203125 0.2589111328125
0.0215110778808594 0.011077880859375 -0.016845703125 0.255783081054688
0.00578403472900391 0.00274467468261719 0.195266723632813 0.0874481201171875
0.0157413482666016 -0.00199508666992188 -0.1392822265625 -0.124893188476563
0.0241470336914062 0.0182876586914063 0.127777099609375 -0.273330688476563
0.00916862487792969 0.026214599609375 0.45037841796875 -0.201416015625
-0.022674560546875 0.0298652648925781 0.66748046875 0.2119140625
-0.0652809143066406 -0.00468444824218749 0.257080078125 0.79962158203125
-0.0351791381835937 -0.0715866088867188 -0.50250244140625 0.92364501953125
0.0615196228027344 -0.0161552429199219 -0.7423095703125 0.3604736328125
0.119911193847656 0.0467147827148438 0.115325927734375 0.0995407104492188
0.0938796997070313 -0.0145797729492188 0.97222900390625 -0.33245849609375
0.0165176391601562 -0.0529289245605469 0.5396728515625 -1.0286865234375
-0.0408210754394531 -0.022369384765625 -0.442138671875 -0.81805419921875
-0.0368270874023438 -0.000766754150390626 -0.6942138671875 -0.0743408203124999
-0.00151348114013672 0.0151176452636719 -0.428466796875 0.269744873046875
0.0207309722900391 0.0117111206054688 -0.013580322265625 0.265899658203125
0.00835180282592773 0.00517702102661133 0.193801879882813 0.095611572265625
0.0175876617431641 -0.00100135803222656 -0.137237548828125 -0.117431640625
0.0249309539794922 0.0186347961425781 0.13226318359375 -0.265960693359375
0.00882720947265625 0.02630615234375 0.45208740234375 -0.190155029296875
-0.0223789215087891 0.0283088684082031 0.66119384765625 0.2239990234375
-0.0614471435546875 -0.00690078735351564 0.240234375 0.80889892578125
-0.0349884033203125 -0.0732650756835938 -0.5225830078125 0.9144287109375
0.0614662170410156 -0.0191802978515625 -0.75689697265625 0.34930419921875
0.118919372558594 0.0435638427734375 0.111282348632813 0.0971527099609375
0.091064453125 -0.0178680419921875 0.95831298828125 -0.343017578125
0.018341064453125 -0.055908203125 0.51995849609375 -1.03155517578125
-0.0404891967773438 -0.0239524841308594 -0.4573974609375 -0.80340576171875
-0.0353507995605469 0.00150299072265625 -0.69775390625 -0.0609741210937501
0.000833511352539062 0.0138378143310547 -0.42413330078125 0.28289794921875
0.0190620422363281 0.0134010314941406 -0.01104736328125 0.273284912109375
0.00786828994750977 0.00587129592895508 0.1978759765625 0.103775024414063
0.0163955688476563 -0.00408458709716797 -0.137229919433594 -0.11077880859375
0.0276985168457031 0.0177440643310547 0.134689331054687 -0.258270263671875
0.0136051177978516 0.0262851715087891 0.451568603515625 -0.18048095703125
-0.0201492309570313 0.0299530029296875 0.654296875 0.2384033203125
-0.0624465942382813 -0.00561904907226562 0.2216796875 0.8212890625
-0.0356216430664062 -0.0734481811523438 -0.5491943359375 0.913818359375
0.0599021911621094 -0.02008056640625 -0.76678466796875 0.343017578125
0.119682312011719 0.041046142578125 0.108917236328125 0.0931015014648438
0.0890655517578125 -0.0204238891601563 0.95037841796875 -0.3572998046875
0.0139274597167969 -0.0546340942382813 0.49627685546875 -1.03790283203125
-0.0403366088867188 -0.0201644897460937 -0.4735107421875 -0.79559326171875
-0.0328273773193359 0.00132369995117188 -0.7021484375 -0.04931640625
0.00565528869628906 0.0179271697998047 -0.425384521484375 0.290252685546875
0.0240058898925781 0.0124111175537109 -0.0099029541015625 0.2794189453125
0.00803661346435547 0.00137567520141602 0.195999145507813 0.108673095703125
0.0186424255371094 -0.008697509765625 -0.137985229492188 -0.10272216796875
0.0325813293457031 0.0152549743652344 0.135330200195312 -0.251419067382812
0.0210971832275391 0.0248794555664062 0.4537353515625 -0.172088623046875
-0.0123043060302734 0.0330219268798828 0.65234375 0.251708984375
-0.0590476989746094 0.000488281249999989 0.20745849609375 0.826171875
-0.0384063720703125 -0.0707626342773438 -0.56744384765625 0.9111328125
0.0588111877441406 -0.0226402282714844 -0.77398681640625 0.33526611328125
0.118400573730469 0.0358657836914063 0.107040405273438 0.0903244018554688
0.0872726440429688 -0.0235443115234375 0.94097900390625 -0.36181640625
0.0106124877929687 -0.050323486328125 0.4774169921875 -1.037353515625
-0.03662109375 -0.0157279968261719 -0.486328125 -0.789306640625
-0.0235862731933594 0.00521469116210937 -0.7021484375 -0.0368652343750001
0.0124397277832031 0.0176849365234375 -0.422119140625 0.2978515625
0.0298709869384766 0.0100994110107422 -0.0074462890625 0.286895751953125
0.00615215301513672 -0.00304365158081055 0.194229125976563 0.114898681640625
0.0175342559814453 -0.0125150680541992 -0.136955261230469 -0.101226806640625
0.0367202758789063 0.01171875 0.132522583007812 -0.24896240234375
0.0314159393310547 0.0230693817138672 0.4517822265625 -0.169158935546875
-0.00363922119140625 0.0378990173339844 0.6497802734375 0.25616455078125
-0.0568428039550781 0.00604248046875001 0.1998291015625 0.8292236328125
-0.0425567626953125 -0.067047119140625 -0.57501220703125 0.913818359375
0.0543060302734375 -0.0249366760253906 -0.78009033203125 0.33551025390625
0.118217468261719 0.0287628173828125 0.105331420898438 0.0906448364257813
0.0830535888671875 -0.0293502807617188 0.9366455078125 -0.36639404296875
0.00687789916992187 -0.0479774475097656 0.4713134765625 -1.03570556640625
-0.0357589721679688 -0.00807952880859375 -0.49261474609375 -0.78424072265625
-0.016143798828125 0.00807094573974609 -0.70782470703125 -0.0347290039062499
0.0225696563720703 0.0158309936523438 -0.425201416015625 0.30279541015625
0.03369140625 0.0058746337890625 -0.00942993164062499 0.287567138671875
0.00569057464599609 -0.00599765777587891 0.192184448242187 0.121246337890625
0.0179901123046875 -0.0183753967285156 -0.138595581054688 -0.101837158203125
0.0460777282714844 0.00508880615234375 0.1337890625 -0.251235961914063
0.042999267578125 0.0202980041503906 0.44879150390625 -0.168853759765625
0.00507736206054687 0.0443267822265625 0.64984130859375 0.256591796875
-0.0562744140625 0.0157356262207031 0.1990966796875 0.83135986328125
-0.0479316711425781 -0.0596084594726563 -0.5745849609375 0.91571044921875
0.0488510131835938 -0.0282516479492188 -0.782470703125 0.33624267578125
0.118446350097656 0.021820068359375 0.105247497558594 0.0912628173828125
0.0783462524414063 -0.0301971435546875 0.93804931640625 -0.364013671875
0.00110626220703125 -0.0413436889648438 0.47137451171875 -1.0345458984375
-0.0337028503417969 0.0029296875 -0.492431640625 -0.78338623046875
-0.00768375396728515 0.0124883651733398 -0.70574951171875 -0.0341186523437499
0.0295600891113281 0.0146083831787109 -0.424713134765625 0.299774169921875
0.0421867370605469 0.0006561279296875 -0.008819580078125 0.286285400390625
0.00274085998535156 -0.00919628143310547 0.189285278320312 0.121002197265625
0.0195159912109375 -0.0256118774414063 -0.138847351074219 -0.104911804199219
0.0489387512207031 0.00136184692382812 0.133193969726562 -0.25506591796875
0.0507736206054688 0.0190925598144531 0.44805908203125 -0.173828125
0.0125083923339844 0.0484809875488281 0.65277099609375 0.251708984375
-0.0562820434570313 0.026641845703125 0.20892333984375 0.83062744140625
-0.0535469055175781 -0.0548248291015625 -0.5657958984375 0.9189453125
0.0446281433105469 -0.0322685241699219 -0.77777099609375 0.34149169921875
0.115402221679687 0.0151443481445313 0.104621887207031 0.0951461791992188
0.0745315551757813 -0.0321044921875 0.9385986328125 -0.358642578125
-0.00306320190429688 -0.0364799499511719 0.48004150390625 -1.0316162109375
-0.0317363739013672 0.00979995727539062 -0.489501953125 -0.78997802734375
-0.000471115112304687 0.0164871215820313 -0.7066650390625 -0.0382690429687499
0.0411376953125 0.0127220153808594 -0.428131103515625 0.295166015625
0.0484886169433594 -0.00218963623046875 -0.012237548828125 0.2823486328125
0.000527381896972655 -0.0147380828857422 0.188034057617187 0.116973876953125
0.0161495208740234 -0.00508022308349609 -0.140884399414063 -0.129547119140625
0.0269527435302734 0.0145492553710938 0.118927001953125 -0.280776977539063
0.0126705169677734 0.0251407623291016 0.438629150390625 -0.213958740234375
-0.0203227996826172 0.0316486358642578 0.6685791015625 0.18438720703125
-0.0601882934570313 0.000232696533203128 0.28240966796875 0.779052734375
-0.0408973693847656 -0.0648002624511719 -0.458740234375 0.9219970703125
0.0586090087890625 -0.0175399780273437 -0.71649169921875 0.3760986328125
0.117935180664063 0.04083251953125 0.116401672363281 0.102134704589844
0.0886383056640625 -0.01483154296875 0.9639892578125 -0.33282470703125
0.0138969421386719 -0.0488929748535156 0.53961181640625 -1.0179443359375
-0.039337158203125 -0.0161590576171875 -0.43487548828125 -0.81317138671875
-0.0346622467041016 0.00121116638183594 -0.68548583984375 -0.0750732421875001
0.00130939483642578 0.0134735107421875 -0.41973876953125 0.264190673828125
0.0230216979980469 0.00940895080566406 -0.012939453125 0.254806518554687
0.00758886337280273 0.00235319137573242 0.193557739257813 0.084930419921875
0.0150928497314453 -0.00220108032226563 -0.138580322265625 -0.121986389160156
0.0240268707275391 0.0158615112304688 0.121139526367187 -0.2738037109375
0.00855827331542969 0.0275917053222656 0.441680908203125 -0.20556640625
-0.0206050872802734 0.0302181243896484 0.66436767578125 0.19677734375
-0.0634231567382813 -0.00368499755859374 0.2681884765625 0.78582763671875
-0.0366401672363281 -0.0701560974121094 -0.47845458984375 0.91748046875
0.0598983764648437 -0.0157966613769531 -0.729248046875 0.36627197265625
0.117301940917969 0.0426254272460938 0.11102294921875 0.0966720581054687
0.0910720825195313 -0.0149002075195313 0.95367431640625 -0.34344482421875
0.0153617858886719 -0.0521697998046875 0.517578125 -1.023193359375
-0.0399169921875 -0.0222854614257813 -0.45281982421875 -0.800048828125
-0.037017822265625 -0.000434875488281251 -0.6884765625 -0.0635986328124999
-0.000453948974609374 0.0126237869262695 -0.416900634765625 0.2750244140625
0.0202579498291016 0.013641357421875 -0.0102386474609375 0.262344360351563
0.0106058120727539 0.00359630584716797 0.195266723632813 0.09063720703125
0.0147705078125 -0.00187492370605469 -0.139213562011719 -0.115257263183594
0.0265789031982422 0.0173625946044922 0.123428344726562 -0.264862060546875
0.0104961395263672 0.0261859893798828 0.443695068359375 -0.19525146484375
-0.0225925445556641 0.0302257537841797 0.65692138671875 0.2110595703125
-0.0606307983398438 -0.00667953491210937 0.2501220703125 0.7945556640625
-0.0349655151367187 -0.07391357421875 -0.50262451171875 0.91259765625
0.0584869384765625 -0.0170364379882813 -0.73919677734375 0.3560791015625
0.117424011230469 0.0409164428710938 0.111183166503906 0.0924072265625
0.0899505615234375 -0.0166015625 0.94189453125 -0.3526611328125
0.0139846801757813 -0.0538787841796875 0.49346923828125 -1.024658203125
-0.0393753051757813 -0.0239830017089844 -0.46551513671875 -0.7880859375
-0.0366744995117187 -0.000801086425781242 -0.69000244140625 -0.0485839843750002
-0.0009765625 0.0156383514404297 -0.41412353515625 0.284393310546875
0.0210342407226563 0.0125694274902344 -0.00834655761718748 0.270675659179688
0.00945377349853516 0.0052337646484375 0.196502685546875 0.098541259765625
0.0167608261108398 -0.00424575805664063 -0.137397766113281 -0.106544494628906
0.0280818939208984 0.015869140625 0.12982177734375 -0.258880615234375
0.0151004791259766 0.0258369445800781 0.4422607421875 -0.183624267578125
-0.0175743103027344 0.0314807891845703 0.6527099609375 0.2269287109375
-0.0590629577636719 -0.00560379028320313 0.2340087890625 0.80621337890625
-0.0351791381835937 -0.07122802734375 -0.5263671875 0.91107177734375
0.0605506896972656 -0.0204925537109375 -0.75054931640625 0.34979248046875
0.117240905761719 0.0372238159179688 0.109153747558594 0.0908584594726563
0.0878372192382813 -0.0214309692382813 0.929931640625 -0.36663818359375
0.0142860412597656 -0.0528411865234375 0.473388671875 -1.03216552734375
-0.0373916625976563 -0.0214424133300781 -0.483642578125 -0.7769775390625
-0.0320377349853516 0.0019378662109375 -0.6915283203125 -0.0390014648437501
0.00470733642578125 0.0172996520996094 -0.412567138671875 0.294036865234375
0.0232467651367188 0.012176513671875 -0.00401306152343749 0.277252197265625
0.0104303359985352 0.00129127502441406 0.194000244140625 0.104812622070313
0.0160179138183594 -0.00881004333496094 -0.137313842773438 -0.101425170898437
0.0311050415039063 0.0134449005126953 0.128265380859375 -0.252273559570313
0.0218181610107422 0.0230579376220703 0.444061279296875 -0.1751708984375
-0.0105037689208984 0.0328598022460938 0.646240234375 0.2366943359375
-0.0587997436523438 0.000381469726562508 0.2191162109375 0.81060791015625
-0.0391349792480469 -0.0690574645996094 -0.54266357421875 0.9080810546875
0.0561676025390625 -0.0220375061035156 -0.7611083984375 0.34271240234375
0.117012023925781 0.0329513549804688 0.105339050292969 0.0873870849609375
0.0844268798828125 -0.0251541137695312 0.92022705078125 -0.3736572265625
0.0087890625 -0.0509910583496094 0.4560546875 -1.0321044921875
-0.0350055694580078 -0.0135498046875 -0.496337890625 -0.77056884765625
-0.0231456756591797 0.00527381896972656 -0.69610595703125 -0.0258789062500001
0.0112438201904297 0.0155248641967773 -0.41180419921875 0.301055908203125
0.0281696319580078 0.00906181335449219 -0.0018310546875 0.28271484375
0.0078129768371582 -0.00148916244506836 0.193069458007813 0.112518310546875
0.0175580978393555 -0.0146121978759766 -0.1361083984375 -0.0983657836914063
0.0388908386230469 0.00981521606445313 0.129669189453125 -0.24993896484375
0.0312271118164062 0.0242061614990234 0.442169189453125 -0.1727294921875
-0.00497817993164063 0.0365219116210938 0.6435546875 0.24383544921875
-0.0576019287109375 0.00678253173828125 0.21099853515625 0.8155517578125
-0.0434494018554688 -0.0639495849609375 -0.5518798828125 0.9110107421875
0.0516586303710938 -0.0257453918457031 -0.76336669921875 0.34075927734375
0.116439819335938 0.0254287719726563 0.105232238769531 0.0865631103515625
0.0824966430664063 -0.02899169921875 0.916748046875 -0.37469482421875
0.0045013427734375 -0.0464057922363281 0.44793701171875 -1.03106689453125
-0.0350627899169922 -0.00624656677246094 -0.5 -0.7645263671875
-0.0153026580810547 0.00883674621582032 -0.69842529296875 -0.0201416015624999
0.0200138092041016 0.0140228271484375 -0.413330078125 0.304351806640625
0.0339260101318359 0.00536346435546875 -0.00424194335937498 0.284423828125
0.00500631332397461 -0.00637340545654297 0.192352294921875 0.115463256835938
0.0167694091796875 -0.0189857482910156 -0.136474609375 -0.0984420776367188
0.0442657470703125 0.00714492797851563 0.127670288085938 -0.251510620117188
0.0419502258300781 0.0208473205566406 0.43951416015625 -0.174346923828125
0.00641250610351562 0.0430946350097656 0.6446533203125 0.241943359375
-0.0559959411621094 0.0174522399902344 0.2115478515625 0.8179931640625
-0.0472335815429687 -0.0587005615234375 -0.5521240234375 0.91387939453125
0.0483474731445313 -0.0283546447753906 -0.76544189453125 0.34423828125
0.117759704589844 0.0208663940429688 0.103515625 0.0872268676757813
0.0769119262695313 -0.0306015014648438 0.91412353515625 -0.37200927734375
0.00175857543945313 -0.0423660278320313 0.4490966796875 -1.02972412109375
-0.0319480895996094 0.00185203552246094 -0.5008544921875 -0.7677001953125
-0.00777053833007812 0.0117044448852539 -0.6983642578125 -0.0185546875
0.0289630889892578 0.0130481719970703 -0.41595458984375 0.30487060546875
0.0410346984863281 -0.000316619873046875 -0.00430297851562499 0.282745361328125
0.00199604034423828 -0.0107088088989258 0.189529418945313 0.117141723632812
0.0172481536865234 -0.0260601043701172 -0.138092041015625 -0.103981018066406
0.0499954223632813 0.0007781982421875 0.127960205078125 -0.2540283203125
0.049163818359375 0.0178375244140625 0.439788818359375 -0.179351806640625
0.0140380859375 0.0455169677734375 0.6461181640625 0.23681640625
-0.0535392761230469 0.0253181457519531 0.2186279296875 0.81646728515625
-0.0540657043457031 -0.0519523620605469 -0.54180908203125 0.91741943359375
0.0438308715820313 -0.0314826965332031 -0.76251220703125 0.3482666015625
0.114128112792969 0.0134429931640625 0.104568481445313 0.08984375
0.075103759765625 -0.0332412719726563 0.92010498046875 -0.36663818359375
-0.00398635864257812 -0.0353469848632813 0.459228515625 -1.02325439453125
-0.0319156646728516 0.0113296508789062 -0.4942626953125 -0.77130126953125
-0.0016794204711914 0.0137844085693359 -0.698486328125 -0.02667236328125
0.0392837524414063 0.0114784240722656 -0.41680908203125 0.2984619140625
0.0470924377441406 -0.00220108032226563 -0.00726318359375 0.278732299804688
0.00069904327392578 -0.015411376953125 0.18780517578125 0.114151000976563
0.0154399871826172 -0.00565338134765625 -0.139915466308594 -0.128364562988281
0.0254173278808594 0.0094757080078125 0.113601684570313 -0.279937744140625
0.0122470855712891 0.024169921875 0.431243896484375 -0.218780517578125
-0.0181026458740234 0.0308208465576172 0.66070556640625 0.1708984375
-0.0606155395507813 0.00277709960937501 0.2911376953125 0.76507568359375
-0.0417938232421875 -0.0646514892578125 -0.4403076171875 0.9151611328125
0.0563392639160156 -0.0173721313476563 -0.70318603515625 0.380859375
0.115104675292969 0.0394363403320313 0.112152099609375 0.0968704223632813
0.0867691040039062 -0.015350341796875 0.9451904296875 -0.33929443359375
0.0146102905273437 -0.0467948913574219 0.517333984375 -1.00921630859375
-0.0388870239257813 -0.0174293518066406 -0.4384765625 -0.7957763671875
-0.0352706909179688 0.00200653076171875 -0.67803955078125 -0.06597900390625
0.00154685974121094 0.0113668441772461 -0.410430908203125 0.266876220703125
0.0226287841796875 0.00799942016601563 -0.011688232421875 0.251007080078125
0.00863456726074219 0.00313282012939453 0.192962646484375 0.0830078125
0.0144805908203125 -0.00537681579589844 -0.138710021972656 -0.119773864746094
0.0226478576660156 0.0137405395507813 0.117706298828125 -0.272628784179688
0.00912284851074219 0.0282478332519531 0.430023193359375 -0.20819091796875
-0.0216197967529297 0.0290718078613281 0.65631103515625 0.188232421875
-0.0610542297363281 -0.00299453735351563 0.2744140625 0.771728515625
-0.0362777709960938 -0.066253662109375 -0.4599609375 0.91253662109375
0.0581245422363281 -0.0185813903808594 -0.71124267578125 0.3712158203125
0.115875244140625 0.0411148071289063 0.111831665039063 0.093719482421875
0.0878372192382813 -0.01568603515625 0.93524169921875 -0.350341796875
0.0145950317382812 -0.0518531799316406 0.49560546875 -1.01458740234375
-0.03900146484375 -0.020416259765625 -0.454345703125 -0.78460693359375
-0.0356407165527344 -0.00202560424804687 -0.67779541015625 -0.0531005859375
0.00116348266601563 0.0135421752929688 -0.407135009765625 0.276123046875
0.0183391571044922 0.00966835021972656 -0.005767822265625 0.2601318359375
0.0101385116577148 0.00459671020507813 0.1954345703125 0.0880584716796875
0.0143909454345703 -0.00111770629882812 -0.137916564941406 -0.112068176269531
0.0263385772705078 0.0164051055908203 0.118423461914062 -0.2646484375
0.00878715515136718 0.0261573791503906 0.43402099609375 -0.198516845703125
-0.0210170745849609 0.0276508331298828 0.653564453125 0.19940185546875
-0.0603713989257813 -0.00564193725585937 0.2557373046875 0.78021240234375
-0.0362014770507812 -0.0706024169921875 -0.48150634765625 0.90447998046875
0.0606193542480469 -0.0175819396972656 -0.72406005859375 0.3619384765625
0.114906311035156 0.039794921875 0.108917236328125 0.089447021484375
0.0878219604492187 -0.0185775756835937 0.91900634765625 -0.36016845703125
0.0130767822265625 -0.0540046691894531 0.47320556640625 -1.0137939453125
-0.03857421875 -0.022247314453125 -0.46728515625 -0.77264404296875
-0.0346355438232422 -0.00129318237304687 -0.68115234375 -0.0386352539062501
0.000988006591796876 0.0144853591918945 -0.405059814453125 0.2880859375
0.0205001831054688 0.00980567932128906 -0.00262451171874998 0.26947021484375
0.00979518890380859 0.00592231750488281 0.193145751953125 0.0978851318359375
0.0152511596679687 -0.00372600555419922 -0.136314392089844 -0.104888916015625
0.0272312164306641 0.0142669677734375 0.121826171875 -0.25439453125
0.0151634216308594 0.0263538360595703 0.434112548828125 -0.186553955078125
-0.0170173645019531 0.03070068359375 0.6444091796875 0.21343994140625
-0.0595321655273438 -0.00364685058593749 0.23992919921875 0.79193115234375
-0.0373802185058594 -0.069183349609375 -0.5081787109375 0.90509033203125
0.0575103759765625 -0.02154541015625 -0.73504638671875 0.35223388671875
0.115577697753906 0.0367813110351563 0.106010437011719 0.0862045288085938
0.0854873657226563 -0.022430419921875 0.9130859375 -0.372314453125
0.0112571716308594 -0.0560493469238281 0.453125 -1.02435302734375
-0.0402297973632812 -0.0186424255371094 -0.4857177734375 -0.760986328125
-0.0327930450439453 0.00310897827148438 -0.6856689453125 -0.0258789062500001
0.00375747680664063 0.0160636901855469 -0.40350341796875 0.296905517578125
0.0223960876464844 0.0109214782714844 -0.0023345947265625 0.272232055664062
0.0093221664428711 0.00341796875 0.193756103515625 0.102493286132813
0.0190296173095703 -0.00789070129394531 -0.136886596679688 -0.10052490234375
0.0333404541015625 0.0113754272460937 0.123321533203125 -0.2520751953125
0.0208492279052734 0.0242862701416016 0.435394287109375 -0.181610107421875
-0.00997161865234375 0.0324459075927734 0.63970947265625 0.22515869140625
-0.0589790344238281 0.000896453857421881 0.22601318359375 0.7978515625
-0.039215087890625 -0.0676612854003906 -0.5250244140625 0.9066162109375
0.0562286376953125 -0.0225791931152344 -0.745849609375 0.3472900390625
0.116500854492188 0.029205322265625 0.10302734375 0.0841827392578125
0.081512451171875 -0.027099609375 0.9029541015625 -0.37957763671875
0.00935745239257813 -0.0501480102539063 0.4373779296875 -1.023681640625
-0.0348415374755859 -0.0126228332519531 -0.49853515625 -0.7515869140625
-0.026214599609375 0.00429916381835937 -0.6888427734375 -0.0125122070312499
0.0120153427124023 0.0151643753051758 -0.4022216796875 0.30462646484375
0.0270366668701172 0.00913047790527344 -0.000305175781250022 0.278213500976563
0.00769853591918945 -0.000571250915527344 0.191482543945313 0.107574462890625
0.0164518356323242 -0.0157346725463867 -0.135063171386719 -0.0960159301757812
0.0368270874023438 0.00902938842773438 0.12359619140625 -0.2476806640625
0.0304641723632812 0.0204486846923828 0.43243408203125 -0.17877197265625
-0.00152587890625 0.0377349853515625 0.63751220703125 0.230224609375
-0.0553207397460938 0.00732421875 0.22039794921875 0.801025390625
-0.0436553955078125 -0.0616378784179688 -0.53558349609375 0.905029296875
0.0503807067871094 -0.0252571105957031 -0.74993896484375 0.34576416015625
0.113235473632813 0.0218276977539063 0.10345458984375 0.0851287841796875
0.077484130859375 -0.0276107788085937 0.89764404296875 -0.38134765625
0.00455093383789062 -0.0452766418457031 0.42816162109375 -1.022216796875
-0.0348930358886719 -0.00619316101074219 -0.499755859375 -0.74920654296875
-0.0161209106445312 0.00876045227050781 -0.68670654296875 -0.0111694335937499
0.0207080841064453 0.0124320983886719 -0.40325927734375 0.306732177734375
0.0327816009521484 0.00260543823242188 0.000640869140625018 0.28118896484375
0.00709438323974609 -0.00576686859130859 0.192245483398438 0.112548828125
0.0155792236328125 -0.0190849304199219 -0.137168884277344 -0.0972976684570313
0.0429649353027344 0.00215530395507812 0.122467041015625 -0.249649047851563
0.0412483215332031 0.0185585021972656 0.431854248046875 -0.17919921875
0.00569915771484375 0.0405921936035156 0.63934326171875 0.22943115234375
-0.0532073974609375 0.0166168212890625 0.21820068359375 0.80426025390625
-0.0464859008789062 -0.0576591491699219 -0.5308837890625 0.9072265625
0.0478706359863281 -0.0303306579589844 -0.75152587890625 0.347412109375
0.115280151367188 0.0179824829101563 0.103973388671875 0.08642578125
0.0730743408203125 -0.0303268432617187 0.89892578125 -0.3780517578125
0.000217437744140627 -0.03912353515625 0.42828369140625 -1.0179443359375
-0.0306224822998047 0.00329399108886719 -0.50543212890625 -0.7476806640625
-0.0086822509765625 0.0105314254760742 -0.68975830078125 -0.00939941406249997
0.0287361145019531 0.0109653472900391 -0.404541015625 0.307891845703125
0.0410614013671875 -0.000598907470703125 -0.00073242187500001 0.27960205078125
0.00242805480957031 -0.0113391876220703 0.189483642578125 0.113067626953125
0.0160961151123047 -0.0242671966552734 -0.137672424316406 -0.101631164550781
0.0477294921875 -0.00111007690429688 0.121109008789062 -0.253585815429687
0.0492439270019531 0.01568603515625 0.43084716796875 -0.18353271484375
0.0142898559570313 0.0462760925292969 0.64141845703125 0.22503662109375
-0.0530128479003906 0.0272560119628906 0.2283935546875 0.805419921875
-0.0540771484375 -0.0499954223632812 -0.5228271484375 0.91217041015625
0.0421066284179688 -0.0323104858398438 -0.74871826171875 0.35125732421875
0.11279296875 0.0130462646484375 0.100845336914063 0.0862350463867187
0.0708541870117188 -0.0313262939453125 0.899658203125 -0.37060546875
-0.00360488891601562 -0.0365333557128906 0.43768310546875 -1.0146484375
-0.0301074981689453 0.0127449035644531 -0.498779296875 -0.7535400390625
0.000119209289550782 0.0134038925170898 -0.691162109375 -0.0162353515625001
0.0385055541992188 0.00927352905273438 -0.406982421875 0.301300048828125
0.0439605712890625 -0.00510787963867188 -0.00532531738281252 0.275833129882813
-0.000281333923339844 -0.0130472183227539 0.186859130859375 0.109954833984375
0.0136489868164063 -0.00550746917724609 -0.140731811523438 -0.124847412109375
0.0264873504638672 0.00975608825683594 0.108551025390625 -0.279022216796875
0.0110340118408203 0.0239295959472656 0.419769287109375 -0.22027587890625
-0.0164413452148438 0.0310935974121094 0.65240478515625 0.1624755859375
-0.0597343444824219 0.00102233886718749 0.29290771484375 0.7518310546875
-0.0417938232421875 -0.0608749389648438 -0.4241943359375 0.90582275390625
0.0555038452148438 -0.0180816650390625 -0.689697265625 0.3804931640625
0.114219665527344 0.0376663208007813 0.112396240234375 0.09539794921875
0.0830459594726563 -0.0167465209960938 0.92608642578125 -0.3426513671875
0.0124282836914063 -0.0447883605957031 0.502197265625 -1.0020751953125
-0.037689208984375 -0.0167121887207031 -0.4439697265625 -0.78204345703125
-0.0340232849121094 0.000846862792968748 -0.66961669921875 -0.0562133789062502
0.00201034545898438 0.0108957290649414 -0.401123046875 0.269073486328125
0.0212135314941406 0.00577163696289063 -0.00877380371093748 0.248565673828125
0.00913047790527344 0.00204372406005859 0.191360473632813 0.077484130859375
0.0143318176269531 -0.00349235534667969 -0.138092041015625 -0.116752624511719
0.0252704620361328 0.0132312774658203 0.111648559570313 -0.270721435546875
0.0106678009033203 0.0259685516357422 0.42388916015625 -0.21014404296875
-0.0202808380126953 0.0287590026855469 0.64825439453125 0.17626953125
-0.0597648620605469 -0.00289535522460937 0.2806396484375 0.7587890625
-0.0390472412109375 -0.0678749084472656 -0.4462890625 0.903076171875
0.0580062866210938 -0.0186882019042969 -0.70050048828125 0.36767578125
0.11419677734375 0.0361099243164063 0.1083984375 0.0916061401367188
0.0839614868164063 -0.0167236328125 0.9168701171875 -0.353271484375
0.0139083862304688 -0.0517234802246094 0.47943115234375 -1.0054931640625
-0.0418319702148438 -0.0196266174316406 -0.45941162109375 -0.7685546875
-0.0363578796386719 -0.000541687011718756 -0.67156982421875 -0.0457763671875001
-0.000674247741699218 0.0122652053833008 -0.39898681640625 0.278717041015625
0.0177650451660156 0.00872230529785156 -0.0043182373046875 0.255157470703125
0.010706901550293 0.00435543060302734 0.193435668945313 0.0869140625
0.0159368515014648 -0.00329494476318359 -0.136558532714844 -0.110763549804687
0.0232906341552734 0.0141963958740234 0.113296508789063 -0.264297485351563
0.0116329193115234 0.0259609222412109 0.42425537109375 -0.197906494140625
-0.0194454193115234 0.0298347473144531 0.64447021484375 0.1898193359375
-0.0601234436035156 -0.00665283203125001 0.2618408203125 0.76708984375
-0.0365371704101563 -0.0685348510742188 -0.4671630859375 0.896240234375
0.0570106506347656 -0.017913818359375 -0.71099853515625 0.3614501953125
0.114112854003906 0.0375137329101563 0.106529235839844 0.0865402221679688
0.084381103515625 -0.0194015502929688 0.9056396484375 -0.3642578125
0.0146331787109375 -0.0535202026367188 0.45867919921875 -1.008056640625
-0.0409164428710938 -0.0212936401367187 -0.47088623046875 -0.75634765625
-0.0351715087890625 0.000797271728515618 -0.6717529296875 -0.02984619140625
-0.000988960266113281 0.0149745941162109 -0.39495849609375 0.28948974609375
0.0184860229492188 0.0103168487548828 -0.000808715820312522 0.263824462890625
0.0106821060180664 0.00782203674316406 0.194671630859375 0.0938720703125
0.0142765045166016 -0.00529003143310547 -0.135116577148438 -0.101661682128906
0.0262184143066406 0.0141639709472656 0.11810302734375 -0.255584716796875
0.0132312774658203 0.025543212890625 0.425689697265625 -0.19061279296875
-0.0173072814941406 0.0299644470214844 0.63763427734375 0.2027587890625
-0.0575065612792969 -0.00225448608398438 0.2440185546875 0.78021240234375
-0.0362167358398438 -0.0680809020996094 -0.49114990234375 0.89825439453125
0.0592079162597656 -0.0194129943847656 -0.72271728515625 0.35333251953125
0.113044738769531 0.0335617065429688 0.104515075683594 0.0828628540039063
0.0829238891601563 -0.0230789184570313 0.89422607421875 -0.37420654296875
0.0104713439941406 -0.0516586303710938 0.43408203125 -1.012451171875
-0.0362281799316406 -0.0180854797363281 -0.48675537109375 -0.7469482421875
-0.0303897857666016 0.000139236450195316 -0.67449951171875 -0.0180053710937499
0.00495815277099609 0.0151119232177734 -0.39495849609375 0.29791259765625
0.0264396667480469 0.0108852386474609 -0.00100708007812502 0.271347045898438
0.00981712341308594 0.00126266479492188 0.192230224609375 0.10076904296875
0.0158605575561523 -0.00969696044921875 -0.135475158691406 -0.09918212890625
0.0284805297851562 0.0114841461181641 0.118057250976563 -0.25250244140625
0.0221691131591797 0.0237979888916016 0.427032470703125 -0.18206787109375
-0.0105133056640625 0.0319366455078125 0.6353759765625 0.21685791015625
-0.0563430786132813 -2.28881835937451E-05 0.2325439453125 0.786376953125
-0.0390243530273438 -0.0650825500488281 -0.50750732421875 0.89453125
0.0533599853515625 -0.0223350524902344 -0.73077392578125 0.34613037109375
0.113754272460938 0.0248947143554688 0.102134704589844 0.0820846557617188
0.0809555053710938 -0.0266647338867188 0.8848876953125 -0.38128662109375
0.00763702392578125 -0.0491905212402344 0.419921875 -1.0118408203125
-0.0360298156738281 -0.012969970703125 -0.50048828125 -0.737548828125
-0.0256137847900391 0.00378036499023438 -0.67596435546875 -0.00775146484375003
0.011723518371582 0.0134382247924805 -0.3939208984375 0.303955078125
0.0266189575195313 0.006072998046875 0.00250244140624999 0.272796630859375
0.00975990295410156 -0.000270843505859375 0.191009521484375 0.105270385742188
0.0167207717895508 -0.0170831680297852 -0.136932373046875 -0.0946502685546875
0.0349559783935547 0.00810050964355469 0.119583129882812 -0.247528076171875
0.0307178497314453 0.0210685729980469 0.42449951171875 -0.17962646484375
-0.00478363037109375 0.0366668701171875 0.6314697265625 0.21929931640625
-0.05596923828125 0.00774765014648437 0.2225341796875 0.7899169921875
-0.0417823791503906 -0.058837890625 -0.51776123046875 0.895263671875
0.0501213073730469 -0.0256195068359375 -0.739013671875 0.3427734375
0.113800048828125 0.0216217041015625 0.100730895996094 0.0828933715820313
0.0764083862304688 -0.03045654296875 0.8795166015625 -0.38232421875
0.00302505493164062 -0.0447540283203125 0.4129638671875 -1.01153564453125
-0.0302181243896484 -0.00722885131835937 -0.50543212890625 -0.73614501953125
-0.0150117874145508 0.00764179229736328 -0.68060302734375 -0.00201416015624998
0.0204372406005859 0.0115242004394531 -0.394439697265625 0.30859375
0.0333023071289063 0.00298881530761719 0.00360107421875002 0.275192260742187
0.00554609298706055 -0.00592136383056641 0.192184448242187 0.110992431640625
0.0159530639648438 -0.0212020874023438 -0.135795593261719 -0.0967941284179688
0.0416679382324219 0.00153732299804688 0.118606567382813 -0.249481201171875
0.0387992858886719 0.0170440673828125 0.4249267578125 -0.18280029296875
0.007354736328125 0.0407562255859375 0.63104248046875 0.2216796875
-0.05322265625 0.0162162780761719 0.2244873046875 0.7921142578125
-0.0473899841308594 -0.0567207336425781 -0.51654052734375 0.90167236328125
0.046539306640625 -0.0293235778808594 -0.7374267578125 0.34716796875
0.1099853515625 0.01568603515625 0.100753784179688 0.0824127197265625
0.0721969604492188 -0.0301437377929688 0.8802490234375 -0.3831787109375
-0.00178909301757813 -0.0404891967773438 0.410888671875 -1.00823974609375
-0.0329723358154297 0.00247573852539062 -0.5047607421875 -0.73175048828125
-0.00705432891845703 0.0122518539428711 -0.67901611328125 -0.00317382812500001
0.0289287567138672 0.0109424591064453 -0.396484375 0.308563232421875
0.0395355224609375 -0.00211715698242188 0.00125122070312499 0.277099609375
0.00284862518310547 -0.0106029510498047 0.19024658203125 0.110183715820313
0.0147533416748047 -0.0249519348144531 -0.13800048828125 -0.100837707519531
0.0461692810058594 -0.00522613525390625 0.115753173828125 -0.252410888671875
0.0486831665039063 0.0154762268066406 0.422454833984375 -0.18524169921875
0.0147514343261719 0.0440788269042969 0.63531494140625 0.21575927734375
-0.0530776977539063 0.0249671936035156 0.23260498046875 0.7911376953125
-0.0521125793457031 -0.0474739074707031 -0.5068359375 0.90234375
0.0399742126464844 -0.0301322937011719 -0.73321533203125 0.35205078125
0.108734130859375 0.0114517211914063 0.09942626953125 0.084381103515625
0.0689544677734375 -0.0314178466796875 0.8843994140625 -0.3741455078125
-0.00635910034179688 -0.0328254699707031 0.42327880859375 -1.00726318359375
-0.0297431945800781 0.0108013153076172 -0.4998779296875 -0.73809814453125
0.000390052795410157 0.012542724609375 -0.68145751953125 -0.00811767578125015
0.0391769409179687 0.0095062255859375 -0.397705078125 0.303131103515625
0.0432281494140625 -0.006805419921875 -0.000991821289062485 0.272003173828125
0.000292778015136719 -0.0142660140991211 0.186203002929688 0.108428955078125
0.0145626068115234 -0.00640869140625 -0.136940002441406 -0.123893737792969
0.0250625610351562 0.00882530212402344 0.104690551757812 -0.274917602539062
0.0112152099609375 0.0224628448486328 0.412445068359375 -0.223602294921875
-0.0169334411621094 0.0313682556152344 0.64605712890625 0.15289306640625
-0.0586280822753906 0.00255966186523436 0.29559326171875 0.7379150390625
-0.0411567687988281 -0.0601234436035156 -0.4130859375 0.900146484375
0.0531997680664063 -0.0177764892578125 -0.67877197265625 0.3753662109375
0.110687255859375 0.0352554321289062 0.109222412109375 0.092010498046875
0.081451416015625 -0.0135040283203125 0.91070556640625 -0.3436279296875
0.0116958618164063 -0.0451850891113281 0.4864501953125 -0.98870849609375
-0.0376968383789063 -0.0159797668457031 -0.44390869140625 -0.766357421875
-0.0337810516357422 0.000196456909179685 -0.6583251953125 -0.0515747070312501
0.00122451782226562 0.0119132995605469 -0.393463134765625 0.268035888671875
0.0192680358886719 0.00625228881835938 -0.007598876953125 0.245040893554688
0.00872278213500977 0.00124979019165039 0.190048217773437 0.078704833984375
0.0137624740600586 -0.00439739227294922 -0.137100219726562 -0.115669250488281
0.0230751037597656 0.0126113891601563 0.106796264648437 -0.270828247070313
0.00983619689941406 0.0243892669677734 0.4130859375 -0.2120361328125
-0.0189323425292969 0.0300121307373047 0.6395263671875 0.16888427734375
-0.0572624206542969 -0.00150299072265625 0.280029296875 0.74554443359375
-0.0381431579589844 -0.0636940002441406 -0.43365478515625 0.89251708984375
0.0573921203613281 -0.0170936584472656 -0.68865966796875 0.36773681640625
0.1134033203125 0.0371246337890625 0.107383728027344 0.0890350341796875
0.0826644897460938 -0.016998291015625 0.8992919921875 -0.35467529296875
0.0123634338378906 -0.0501441955566406 0.4627685546875 -0.99334716796875
-0.0382232666015625 -0.0205535888671875 -0.45819091796875 -0.754638671875
-0.0360984802246094 -0.000221252441406256 -0.6627197265625 -0.036865234375
-0.00246715545654297 0.0137805938720703 -0.390380859375 0.278594970703125
0.0167865753173828 0.00732707977294922 -0.00294494628906247 0.253158569335937
0.010960578918457 0.00406932830810547 0.191055297851562 0.0838165283203125
0.0143260955810547 -0.00411128997802734 -0.136756896972656 -0.109527587890625
0.0241298675537109 0.0143508911132813 0.111083984375 -0.260757446289062
0.00997161865234375 0.0259323120117188 0.415985107421875 -0.200164794921875
-0.0196666717529297 0.0287876129150391 0.6337890625 0.1812744140625
-0.0577659606933594 -0.00279235839843749 0.2652587890625 0.75347900390625
-0.0357818603515625 -0.0660171508789063 -0.45562744140625 0.88653564453125
0.0593719482421875 -0.0196990966796875 -0.699462890625 0.35833740234375
0.111915588378906 0.0342025756835938 0.104248046875 0.0851593017578125
0.0830001831054688 -0.0205764770507813 0.8857421875 -0.3642578125
0.0120391845703125 -0.0524864196777344 0.4437255859375 -0.994384765625
-0.037445068359375 -0.0213127136230469 -0.47015380859375 -0.74456787109375
-0.0351676940917969 0.00107574462890625 -0.66461181640625 -0.0238037109375001
-0.00224399566650391 0.0134344100952148 -0.388763427734375 0.2884521484375
0.0194358825683594 0.00771522521972656 0.00146484374999998 0.260238647460938
0.00996875762939453 0.00567722320556641 0.19293212890625 0.0937957763671875
0.0151300430297852 -0.00629520416259766 -0.136627197265625 -0.101043701171875
0.0245685577392578 0.0115108489990234 0.115020751953125 -0.253799438476563
0.0151004791259766 0.0244789123535156 0.417327880859375 -0.189971923828125
-0.0152530670166016 0.0281181335449219 0.63153076171875 0.19488525390625
-0.0575675964355469 -0.00392150878906251 0.24542236328125 0.7650146484375
-0.0376014709472656 -0.0661544799804688 -0.4752197265625 0.88726806640625
0.0565185546875 -0.0199470520019531 -0.709716796875 0.35125732421875
0.111625671386719 0.0310592651367187 0.102836608886719 0.0824661254882813
0.0797958374023438 -0.0230712890625 0.8763427734375 -0.37408447265625
0.00918960571289062 -0.0525016784667969 0.422607421875 -1.0015869140625
-0.0349140167236328 -0.0183582305908203 -0.48724365234375 -0.7308349609375
-0.0304374694824219 0.000635147094726557 -0.66607666015625 -0.01312255859375
0.00460624694824219 0.0145225524902344 -0.38873291015625 0.297027587890625
0.0236110687255859 0.00797271728515625 0.00183105468749999 0.266891479492188
0.010584831237793 0.00335121154785156 0.190811157226563 0.0968780517578125
0.0144195556640625 -0.0102205276489258 -0.133331298828125 -0.09710693359375
0.0298728942871094 0.0089874267578125 0.114578247070313 -0.249725341796875
0.0212478637695313 0.0219173431396484 0.41961669921875 -0.1834716796875
-0.00828361511230469 0.0319671630859375 0.62799072265625 0.20794677734375
-0.0554237365722656 0.00308990478515625 0.23468017578125 0.77117919921875
-0.0375137329101562 -0.064208984375 -0.4949951171875 0.88714599609375
0.0534591674804687 -0.0240287780761719 -0.72088623046875 0.3448486328125
0.111198425292969 0.0255203247070313 0.100837707519531 0.078155517578125
0.078033447265625 -0.0265884399414062 0.86505126953125 -0.38067626953125
0.00526809692382812 -0.0512351989746094 0.40509033203125 -1
-0.0351161956787109 -0.0118999481201172 -0.49993896484375 -0.724609375
-0.0225410461425781 0.00449752807617187 -0.66900634765625 -0.00201416015625013
0.0096282958984375 0.0151071548461914 -0.38604736328125 0.30303955078125
0.0269451141357422 0.00647544860839844 0.00590515136718752 0.270187377929688
0.00883865356445313 -0.00128269195556641 0.189498901367188 0.10400390625
0.0153188705444336 -0.0155191421508789 -0.133995056152344 -0.0948410034179688
0.0346050262451172 0.00514602661132812 0.115631103515625 -0.245864868164062
0.0296459197998047 0.0207080841064453 0.41845703125 -0.18096923828125
-0.000968933105468751 0.0352325439453125 0.6243896484375 0.21319580078125
-0.0549583435058594 0.00819396972656251 0.22674560546875 0.7794189453125
-0.0423583984375 -0.0586357116699219 -0.5040283203125 0.88616943359375
0.0493354797363281 -0.0264091491699219 -0.72607421875 0.3446044921875
0.109222412109375 0.0206375122070313 0.0987777709960937 0.0796127319335937
0.0726547241210938 -0.0299072265625 0.86468505859375 -0.3831787109375
0.00175857543945312 -0.0445556640625 0.399169921875 -0.9986572265625
-0.0312480926513672 -0.0052490234375 -0.505126953125 -0.71893310546875
-0.0164213180541992 0.00654983520507813 -0.6710205078125 0.00500488281250005
0.0204296112060547 0.0108356475830078 -0.38531494140625 0.30767822265625
0.0314369201660156 0.00277137756347656 0.00346374511718748 0.274459838867188
0.00645256042480469 -0.00479507446289063 0.189743041992188 0.107162475585938
0.0151386260986328 -0.0205173492431641 -0.136222839355469 -0.09429931640625
0.04052734375 0.0018768310546875 0.112838745117188 -0.24774169921875
0.0397758483886719 0.0170135498046875 0.4124755859375 -0.180084228515625
0.00792312622070312 0.0402336120605469 0.6243896484375 0.212646484375
-0.0518722534179688 0.0167579650878906 0.22711181640625 0.77862548828125
-0.0473709106445313 -0.0519828796386719 -0.5010986328125 0.89337158203125
0.0459709167480469 -0.028564453125 -0.72369384765625 0.34735107421875
0.107986450195313 0.0149917602539063 0.0987625122070313 0.0787429809570313
0.0710220336914063 -0.0307693481445313 0.8636474609375 -0.38043212890625
-0.000507354736328124 -0.0364913940429688 0.40087890625 -0.998046875
-0.0299186706542969 0.00314712524414063 -0.5057373046875 -0.7197265625
-0.00874423980712891 0.00935173034667969 -0.67169189453125 0.00170898437500001
0.0276260375976563 0.00960922241210938 -0.3858642578125 0.30560302734375
0.0395965576171875 -0.00333023071289062 0.00360107421875002 0.273117065429688
0.0030512809753418 -0.00750255584716797 0.187881469726563 0.109359741210938
0.0162525177001953 -0.0256690979003906 -0.135871887207031 -0.0987777709960938
0.0471305847167969 -0.0045928955078125 0.111679077148437 -0.250473022460938
0.0476799011230469 0.0143623352050781 0.4156494140625 -0.1856689453125
0.0146827697753906 0.0454444885253906 0.626708984375 0.2076416015625
-0.0516624450683594 0.0247764587402344 0.234619140625 0.776611328125
-0.0527763366699219 -0.0473289489746094 -0.492919921875 0.894287109375
0.0417976379394531 -0.0310249328613281 -0.72027587890625 0.35186767578125
0.108589172363281 0.008819580078125 0.0970230102539063 0.0820159912109375
0.0669898986816406 -0.0327873229980469 0.8681640625 -0.37530517578125
-0.00619697570800781 -0.0316448211669922 0.408447265625 -0.997314453125
-0.0277881622314453 0.0114898681640625 -0.5018310546875 -0.7239990234375
-0.000926971435546875 0.0133657455444336 -0.672607421875 -0.000793457031249858
0.0361213684082031 0.00699615478515625 -0.389434814453125 0.302978515625
0.0434837341308594 -0.00786209106445313 -0.000167846679687492 0.269271850585938
0.00208091735839844 -0.0141792297363281 0.186050415039062 0.106094360351562
0.0135135650634766 -0.00753211975097656 -0.13641357421875 -0.122291564941406
0.0244522094726563 0.0096435546875 0.100967407226563 -0.275146484375
0.01202392578125 0.0235061645507812 0.40673828125 -0.221038818359375
-0.0171470642089844 0.0310649871826172 0.63690185546875 0.149658203125
-0.0577964782714844 0.00308609008789062 0.29522705078125 0.72705078125
-0.0405616760253906 -0.0600395202636719 -0.40118408203125 0.88555908203125
0.0534591674804687 -0.0181007385253906 -0.66607666015625 0.3726806640625
0.108795166015625 0.0345840454101563 0.106124877929688 0.0892257690429688
0.0807952880859375 -0.0153656005859375 0.893798828125 -0.34222412109375
0.00958251953125001 -0.0456123352050781 0.47613525390625 -0.977294921875
-0.0371475219726563 -0.0148849487304688 -0.439453125 -0.75439453125
-0.0337371826171875 0.000751495361328131 -0.6522216796875 -0.04571533203125
0.000424385070800782 0.0111408233642578 -0.38751220703125 0.267730712890625
0.0198764801025391 0.00465965270996094 -0.006561279296875 0.242218017578125
0.00992488861083984 0.00213432312011719 0.187164306640625 0.0775909423828125
0.0156173706054688 -0.00605201721191406 -0.136520385742188 -0.116653442382813
0.0215587615966797 0.0124626159667969 0.104049682617188 -0.266830444335938
0.009185791015625 0.0246105194091797 0.408111572265625 -0.212249755859375
-0.0170269012451172 0.0287799835205078 0.6322021484375 0.16461181640625
-0.0589714050292969 -0.00181579589843751 0.28106689453125 0.735595703125
-0.0378265380859375 -0.0635032653808594 -0.422607421875 0.881591796875
0.0561790466308594 -0.0172882080078125 -0.67462158203125 0.3651123046875
0.111808776855469 0.0351409912109375 0.105545043945313 0.0858917236328125
0.0807571411132812 -0.0167465209960938 0.884521484375 -0.3514404296875
0.0118255615234375 -0.0486831665039062 0.4552001953125 -0.98431396484375
-0.0358085632324219 -0.020599365234375 -0.45697021484375 -0.74310302734375
-0.0369338989257813 -0.000873565673828122 -0.65289306640625 -0.03375244140625
-0.00160884857177734 0.0128622055053711 -0.38433837890625 0.277496337890625
0.0176811218261719 0.00865364074707031 -0.0027923583984375 0.2498779296875
0.0108661651611328 0.00414848327636719 0.188812255859375 0.0820159912109375
0.0126657485961914 -0.00454425811767578 -0.134445190429688 -0.107742309570313
0.0225696563720703 0.0128688812255859 0.1065673828125 -0.260833740234375
0.0104427337646484 0.0227737426757813 0.409393310546875 -0.201416015625
-0.0168819427490234 0.0282554626464844 0.6265869140625 0.17547607421875
-0.0563011169433594 -0.0051422119140625 0.26165771484375 0.74298095703125
-0.0336456298828125 -0.0658226013183594 -0.4447021484375 0.8780517578125
0.0562362670898437 -0.0198707580566406 -0.6893310546875 0.3551025390625
0.109390258789062 0.0353775024414063 0.101699829101563 0.0818405151367188
0.0804061889648438 -0.017120361328125 0.872802734375 -0.36248779296875
0.0110549926757813 -0.0509719848632813 0.431640625 -0.98492431640625
-0.036865234375 -0.0217361450195312 -0.4696044921875 -0.73016357421875
-0.036468505859375 -0.000938415527343746 -0.65478515625 -0.0205078125000001
-0.00113391876220703 0.0141658782958984 -0.380401611328125 0.285980224609375
0.0182781219482422 0.00986480712890625 0.00177001953125002 0.258560180664063
0.0109672546386719 0.00625801086425781 0.190414428710937 0.09173583984375
0.0141239166259766 -0.00664901733398438 -0.134544372558594 -0.0995254516601563
0.0238933563232422 0.0113868713378906 0.111557006835937 -0.252532958984375
0.0142841339111328 0.0236873626708984 0.410736083984375 -0.19024658203125
-0.0149936676025391 0.0299091339111328 0.62359619140625 0.19134521484375
-0.0574111938476563 -0.00315856933593749 0.24560546875 0.7535400390625
-0.0355567932128906 -0.0632972717285156 -0.46697998046875 0.87713623046875
0.0558052062988281 -0.0199050903320312 -0.699951171875 0.34808349609375
0.110771179199219 0.0311431884765625 0.0987014770507813 0.0788955688476563
0.0787429809570313 -0.0227432250976563 0.8626708984375 -0.37286376953125
0.0088043212890625 -0.0516433715820313 0.41339111328125 -0.988037109375
-0.0344104766845703 -0.0186138153076172 -0.48272705078125 -0.7198486328125
-0.0311851501464844 0.00245475769042969 -0.65850830078125 -0.00762939453124998
0.00541591644287109 0.0140371322631836 -0.379241943359375 0.2945556640625
0.0210494995117188 0.00734519958496094 0.00312805175781252 0.26251220703125
0.0118036270141602 0.00117969512939453 0.189300537109375 0.0954132080078125
0.0142917633056641 -0.0102195739746094 -0.132926940917969 -0.0962677001953125
0.0293941497802734 0.00905036926269531 0.112152099609375 -0.247955322265625
0.0201663970947266 0.02203369140625 0.41229248046875 -0.18145751953125
-0.008392333984375 0.0314826965332031 0.61944580078125 0.202880859375
-0.0538978576660156 0.000541687011718738 0.23284912109375 0.76068115234375
-0.0380096435546875 -0.0621299743652344 -0.4842529296875 0.87713623046875
0.0527114868164062 -0.0228958129882812 -0.709228515625 0.34271240234375
0.108734130859375 0.0255050659179688 0.0995712280273438 0.0780181884765625
0.0744094848632813 -0.0251312255859375 0.85430908203125 -0.378662109375
0.0067138671875 -0.0483894348144531 0.39471435546875 -0.9893798828125
-0.0342979431152344 -0.0128364562988281 -0.493896484375 -0.70947265625
-0.0232334136962891 0.00404167175292969 -0.65887451171875 0.00231933593749993
0.0109682083129883 0.0119152069091797 -0.3780517578125 0.302642822265625
0.0260848999023437 0.00417137145996094 0.00450134277343753 0.267547607421875
0.00846290588378906 -5.29289245605469E-05 0.190093994140625 0.101516723632813
0.014836311340332 -0.0163793563842773 -0.1328125 -0.0931243896484375
0.0349178314208984 0.00647544860839844 0.110687255859375 -0.245452880859375
0.0314922332763672 0.0203361511230469 0.41107177734375 -0.178619384765625
0.000661849975585936 0.0336074829101562 0.61529541015625 0.20635986328125
-0.0531158447265625 0.009246826171875 0.22802734375 0.764892578125
-0.0423393249511719 -0.0584373474121094 -0.4910888671875 0.8779296875
0.0498695373535156 -0.0237274169921875 -0.71624755859375 0.34124755859375
0.107818603515625 0.018402099609375 0.0963821411132812 0.07794189453125
0.0718612670898438 -0.0282211303710938 0.85101318359375 -0.38226318359375
0.00110244750976563 -0.0441627502441406 0.3876953125 -0.98883056640625
-0.0315475463867188 -0.00520706176757813 -0.5010986328125 -0.7061767578125
-0.0166254043579102 0.006591796875 -0.66162109375 0.00775146484375
0.0184173583984375 0.0109214782714844 -0.378082275390625 0.305450439453125
0.0296955108642578 0.000823974609375 0.00537109375000003 0.270248413085938
0.00672197341918945 -0.00516843795776367 0.188888549804688 0.107131958007812
0.0146198272705078 -0.0214748382568359 -0.135261535644531 -0.0947265625
0.0406723022460938 0.00070953369140625 0.111007690429687 -0.247116088867188
0.0405158996582031 0.0174789428710937 0.40753173828125 -0.179901123046875
0.00775146484375 0.0396385192871094 0.6151123046875 0.20892333984375
-0.0520591735839844 0.0180625915527344 0.22857666015625 0.7650146484375
-0.04632568359375 -0.0515365600585938 -0.49029541015625 0.8802490234375
0.044403076171875 -0.0289649963378906 -0.7158203125 0.34344482421875
0.106674194335938 0.0133209228515625 0.0961837768554688 0.077301025390625
0.0675582885742188 -0.0316009521484375 0.84930419921875 -0.37811279296875
-0.00243759155273438 -0.03729248046875 0.39056396484375 -0.9854736328125
-0.0280437469482422 0.00197029113769532 -0.500732421875 -0.706787109375
-0.00773048400878906 0.0101118087768555 -0.6632080078125 0.0076293945312499
0.0272674560546875 0.00934219360351563 -0.379364013671875 0.3043212890625
0.0359649658203125 -0.00330352783203125 0.00320434570312497 0.269546508789063
0.00440549850463867 -0.00875043869018555 0.18634033203125 0.108047485351563
0.0129051208496094 -0.0264873504638672 -0.134178161621094 -0.0979690551757813
0.0467185974121094 -0.0048370361328125 0.108612060546875 -0.250091552734375
0.0476646423339844 0.0149955749511719 0.4071044921875 -0.186065673828125
0.014892578125 0.0440559387207031 0.6185302734375 0.2017822265625
-0.0520515441894531 0.0259895324707031 0.235595703125 0.76446533203125
-0.0512542724609375 -0.0451278686523437 -0.48162841796875 0.88653564453125
0.0409889221191406 -0.0308952331542969 -0.7105712890625 0.3485107421875
0.1064453125 0.00830841064453125 0.096435546875 0.0819244384765625
0.0651702880859375 -0.0324058532714844 0.85430908203125 -0.37115478515625
-0.00552749633789062 -0.0302352905273438 0.396728515625 -0.9844970703125
-0.0276145935058594 0.0122470855712891 -0.497802734375 -0.71087646484375
-0.00149726867675781 0.012873649597168 -0.6634521484375 0.00195312500000005
0.0361289978027344 0.00730514526367188 -0.38397216796875 0.30181884765625
0.0429000854492188 -0.00594711303710938 -3.05175781249993E-05 0.26434326171875
0.00196933746337891 -0.0142574310302734 0.185287475585938 0.10491943359375
0.0130681991577148 -0.0078887939453125 -0.136802673339844 -0.120559692382812
0.0230884552001953 0.00866889953613281 0.0986785888671875 -0.273086547851563
0.0136203765869141 0.0228176116943359 0.400299072265625 -0.218841552734375
-0.0161418914794922 0.0324764251708984 0.62890625 0.14410400390625
-0.0588760375976563 0.00275421142578126 0.29449462890625 0.7186279296875
-0.0388107299804687 -0.0573234558105469 -0.3958740234375 0.87652587890625
0.053131103515625 -0.0188522338867188 -0.65948486328125 0.369384765625
0.107139587402344 0.0325469970703125 0.105545043945312 0.0884552001953125
0.0764617919921875 -0.0137176513671875 0.8836669921875 -0.33575439453125
0.0091705322265625 -0.0440635681152344 0.46734619140625 -0.96563720703125
-0.0353431701660156 -0.0179977416992187 -0.43780517578125 -0.74224853515625
-0.0340690612792969 -0.000652313232421881 -0.6416015625 -0.0426025390625
0.00218868255615234 0.0104942321777344 -0.380096435546875 0.265106201171875
0.0189456939697266 0.00629615783691406 -0.0063934326171875 0.239212036132813
0.0115671157836914 0.0023040771484375 0.185348510742188 0.076080322265625
0.0140514373779297 -0.00592708587646484 -0.133934020996094 -0.11492919921875
0.0204315185546875 0.0102691650390625 0.100540161132813 -0.264083862304688
0.0108108520507812 0.0244541168212891 0.402923583984375 -0.20745849609375
-0.0186252593994141 0.0288200378417969 0.6240234375 0.16058349609375
-0.0589370727539063 -0.00416946411132812 0.28167724609375 0.7265625
-0.0362472534179688 -0.0611534118652344 -0.4161376953125 0.87213134765625
0.054779052734375 -0.0183906555175781 -0.66998291015625 0.358642578125
0.109077453613281 0.0345306396484375 0.103340148925781 0.08404541015625
0.0785751342773438 -0.0181198120117188 0.86956787109375 -0.34735107421875
0.0118446350097656 -0.0485305786132813 0.445556640625 -0.971923828125
-0.0361480712890625 -0.0195655822753906 -0.45361328125 -0.731201171875
-0.0355415344238281 0.000213623046875003 -0.6468505859375 -0.0310668945312501
-0.00173568725585937 0.0118198394775391 -0.3795166015625 0.274932861328125
0.0176906585693359 0.00760650634765625 -0.00437927246093748 0.247817993164062
0.0120534896850586 0.00355720520019531 0.187835693359375 0.0814361572265625
0.0137748718261719 -0.00535774230957031 -0.133987426757813 -0.108879089355469
0.0222568511962891 0.0110836029052734 0.103988647460938 -0.256454467773438
0.0105819702148437 0.0248908996582031 0.401885986328125 -0.1986083984375
-0.0165481567382813 0.0297775268554688 0.6187744140625 0.1700439453125
-0.0577659606933594 -0.00372695922851561 0.26263427734375 0.731689453125
-0.0358009338378906 -0.0648841857910156 -0.4395751953125 0.8665771484375
0.0546112060546875 -0.0193519592285156 -0.68011474609375 0.34991455078125
0.104766845703125 0.0356216430664063 0.0996017456054688 0.0808944702148438
0.0786666870117188 -0.0191497802734375 0.85870361328125 -0.3587646484375
0.0111083984375 -0.050750732421875 0.425537109375 -0.9727783203125
-0.0367698669433594 -0.0221595764160156 -0.46270751953125 -0.71917724609375
-0.0358734130859375 -0.000957489013671869 -0.6470947265625 -0.0184326171875
-0.00269699096679687 0.0112838745117188 -0.376251220703125 0.284881591796875
0.0180282592773438 0.00733566284179687 0.00265502929687503 0.255142211914063
0.012934684753418 0.00503730773925781 0.189254760742187 0.091949462890625
0.0148000717163086 -0.00553035736083984 -0.132957458496094 -0.100776672363281
0.0222549438476563 0.0105304718017578 0.108047485351563 -0.249374389648438
0.0151710510253906 0.0244407653808594 0.405792236328125 -0.189361572265625
-0.0130558013916016 0.0298061370849609 0.6163330078125 0.1849365234375
-0.0546646118164063 -0.00484085083007813 0.2451171875 0.7454833984375
-0.0340766906738281 -0.0632781982421875 -0.46002197265625 0.86773681640625
0.0537452697753906 -0.0190696716308594 -0.69110107421875 0.34259033203125
0.10650634765625 0.029937744140625 0.0983352661132813 0.0773773193359375
0.0774993896484375 -0.0220260620117188 0.8487548828125 -0.3685302734375
0.00890731811523438 -0.0497856140136719 0.4053955078125 -0.9757080078125
-0.03546142578125 -0.0187301635742188 -0.481689453125 -0.70928955078125
-0.0282459259033203 0.00205802917480468 -0.65106201171875 -0.00439453124999986
0.00358676910400391 0.013148307800293 -0.375762939453125 0.29217529296875
0.0188827514648438 0.00664901733398437 0.00424194335937503 0.259811401367188
0.0113124847412109 0.00167274475097656 0.187637329101563 0.0966033935546875
0.0134849548339844 -0.0117712020874023 -0.131752014160156 -0.0971908569335937
0.0275096893310547 0.00732421875 0.108123779296875 -0.244903564453125
0.0205211639404297 0.0203075408935547 0.405303955078125 -0.181793212890625
-0.007354736328125 0.0329685211181641 0.6109619140625 0.19647216796875
-0.0542182922363281 -0.000522613525390628 0.23297119140625 0.75238037109375
-0.0371284484863281 -0.0616912841796875 -0.4769287109375 0.8663330078125
0.0530014038085938 -0.0230712890625 -0.702392578125 0.337646484375
0.105941772460938 0.0256118774414063 0.0956802368164062 0.0757980346679687
0.0724945068359375 -0.0256729125976563 0.84130859375 -0.37237548828125
0.0065460205078125 -0.047271728515625 0.38836669921875 -0.98101806640625
-0.0315990447998047 -0.0129661560058594 -0.49127197265625 -0.70013427734375
-0.0228481292724609 0.0028228759765625 -0.65228271484375 0.00372314453125012
0.00940418243408203 0.0115556716918945 -0.373809814453125 0.3011474609375
0.0250816345214844 0.00471687316894531 0.00665283203124999 0.26507568359375
0.00932121276855469 -0.000750541687011719 0.187088012695313 0.10186767578125
0.0158052444458008 -0.0142364501953125 -0.131256103515625 -0.0938949584960937
0.0340652465820313 0.00328636169433594 0.109344482421875 -0.243682861328125
0.0288867950439453 0.0171031951904297 0.403045654296875 -0.180328369140625
0.00051116943359375 0.03515625 0.60980224609375 0.20355224609375
-0.0539512634277344 0.00903320312500001 0.22552490234375 0.75494384765625
-0.0412445068359375 -0.0553932189941406 -0.48443603515625 0.86505126953125
0.0499000549316406 -0.0272140502929688 -0.70684814453125 0.334228515625
0.106468200683594 0.017822265625 0.0943756103515625 0.0757598876953125
0.0680770874023438 -0.0279426574707031 0.83837890625 -0.37530517578125
0.000957489013671873 -0.0414619445800781 0.38189697265625 -0.97637939453125
-0.0290622711181641 -0.00609016418457031 -0.4962158203125 -0.69635009765625
-0.0142488479614258 0.00635719299316406 -0.65509033203125 0.0122070312500001
0.0164337158203125 0.0102415084838867 -0.372344970703125 0.303680419921875
0.0295066833496094 0.000904083251953125 0.00352478027343753 0.267623901367188
0.00893974304199219 -0.00533866882324219 0.186386108398438 0.1051025390625
0.01385498046875 -0.0206413269042969 -0.131484985351563 -0.0928573608398438
0.040283203125 -0.000888824462890625 0.107101440429688 -0.244720458984375
0.0387802124023437 0.0167465209960938 0.404052734375 -0.180694580078125
0.00826263427734375 0.0392379760742188 0.60943603515625 0.20263671875
-0.0535736083984375 0.0175323486328125 0.22540283203125 0.7584228515625
-0.0455513000488281 -0.0492210388183594 -0.4853515625 0.86700439453125
0.0425148010253906 -0.0272789001464844 -0.70770263671875 0.33935546875
0.105705261230469 0.0136032104492188 0.0936279296875 0.076629638671875
0.0663604736328125 -0.0296173095703125 0.83685302734375 -0.37451171875
-0.00226593017578125 -0.0368614196777344 0.383544921875 -0.9722900390625
-0.0288181304931641 0.00332069396972657 -0.49676513671875 -0.6988525390625
-0.00788593292236328 0.00866937637329102 -0.65362548828125 0.0100097656250001
0.0272903442382812 0.00748252868652344 -0.37396240234375 0.303619384765625
0.0366249084472656 -0.00542068481445313 0.00434875488281248 0.266220092773438
0.00360393524169922 -0.00675678253173828 0.18359375 0.10467529296875
0.0130386352539063 -0.0275077819824219 -0.131950378417969 -0.0987396240234375
0.0456657409667969 -0.00568008422851563 0.105972290039062 -0.247512817382813
0.0466499328613281 0.01287841796875 0.40301513671875 -0.18621826171875
0.01580810546875 0.0446319580078125 0.6124267578125 0.195556640625
-0.0493087768554687 0.0262641906738281 0.234130859375 0.75689697265625
-0.0509757995605469 -0.0437660217285156 -0.47625732421875 0.87774658203125
0.0407981872558594 -0.0294532775878906 -0.7034912109375 0.3406982421875
0.103897094726563 0.00702667236328125 0.0925674438476563 0.0784988403320313
0.0638656616210938 -0.0305023193359375 0.84112548828125 -0.36895751953125
-0.00639152526855468 -0.0321578979492188 0.39007568359375 -0.97161865234375
-0.0270786285400391 0.0115165710449219 -0.4923095703125 -0.702880859375
-0.002044677734375 0.0105600357055664 -0.65582275390625 0.0029296875
0.0324153900146484 0.007720947265625 -0.37884521484375 0.299102783203125
0.0404815673828125 -0.00890731811523438 0.000259399414062521 0.263336181640625
0.00176525115966797 -0.014378547668457 0.184310913085938 0.105239868164063
0.0129995346069336 -0.00685405731201172 -0.136749267578125 -0.121315002441406
0.0230579376220703 0.009979248046875 0.0970611572265625 -0.271469116210938
0.0140438079833984 0.0240688323974609 0.3946533203125 -0.2158203125
-0.0148124694824219 0.0303478240966797 0.62445068359375 0.14404296875
-0.0579566955566406 0.00201416015624999 0.29205322265625 0.71038818359375
-0.0394248962402344 -0.0549545288085938 -0.3922119140625 0.86517333984375
0.0533294677734375 -0.0181617736816406 -0.65277099609375 0.362548828125
0.105247497558594 0.0332717895507813 0.103202819824219 0.0851516723632813
0.0755081176757813 -0.0135116577148438 0.87261962890625 -0.33233642578125
0.00930023193359375 -0.0418281555175781 0.462158203125 -0.95416259765625
-0.0352096557617188 -0.0147285461425781 -0.43353271484375 -0.7357177734375
-0.0348529815673828 0.0013275146484375 -0.6387939453125 -0.0421752929687499
-0.000744819641113283 0.0112009048461914 -0.3779296875 0.26300048828125
0.0201911926269531 0.00519943237304688 -0.00730895996093748 0.23736572265625
0.0105485916137695 0.00376129150390625 0.18353271484375 0.07623291015625
0.0119743347167969 -0.00717449188232422 -0.134346008300781 -0.114242553710938
0.0202293395996094 0.0116119384765625 0.100448608398438 -0.264541625976563
0.00897598266601563 0.0248565673828125 0.397369384765625 -0.20623779296875
-0.0177211761474609 0.0286445617675781 0.6170654296875 0.158447265625
-0.0581588745117187 -0.00226974487304688 0.27484130859375 0.71630859375
-0.0360450744628906 -0.0603561401367188 -0.41094970703125 0.8619384765625
0.0557365417480469 -0.01702880859375 -0.66326904296875 0.35400390625
0.105842590332031 0.03436279296875 0.0984344482421875 0.0815277099609375
0.0756607055664063 -0.0161361694335938 0.85986328125 -0.34185791015625
0.0103683471679688 -0.0469741821289063 0.44219970703125 -0.96014404296875
-0.0362625122070313 -0.0210609436035156 -0.44744873046875 -0.72442626953125
-0.0344696044921875 -0.00119972229003907 -0.6405029296875 -0.03155517578125
-0.00189018249511719 0.0123586654663086 -0.37628173828125 0.2730712890625
0.0159358978271484 0.00835609436035156 -0.00376892089843751 0.243972778320313
0.0110740661621094 0.00278949737548828 0.184112548828125 0.0831298828125
0.0151233673095703 -0.00509929656982422 -0.131660461425781 -0.1064453125
0.0222511291503906 0.0106487274169922 0.100936889648438 -0.255538940429688
0.00903129577636719 0.0241317749023438 0.399383544921875 -0.1962890625
-0.0156650543212891 0.0280132293701172 0.61370849609375 0.16864013671875
-0.0586013793945313 -0.00605392456054687 0.25927734375 0.722900390625
-0.0341415405273438 -0.063995361328125 -0.435546875 0.85552978515625
0.0544281005859375 -0.0176925659179688 -0.673583984375 0.34564208984375
0.104866027832031 0.033355712890625 0.09686279296875 0.0784149169921875
0.07720947265625 -0.0167922973632813 0.84796142578125 -0.35516357421875
0.0116615295410156 -0.0488357543945313 0.41925048828125 -0.96160888671875
-0.0331249237060547 -0.0200386047363281 -0.4608154296875 -0.71087646484375
-0.03533935546875 -0.000259399414062502 -0.641357421875 -0.0177001953124999
-0.000434875488281249 0.0113296508789062 -0.37237548828125 0.28314208984375
0.0185489654541016 0.00589179992675781 0.000900268554687474 0.25244140625
0.0123739242553711 0.00478744506835938 0.189041137695313 0.0906524658203125
0.0140790939331055 -0.00808048248291016 -0.130508422851563 -0.100013732910156
0.0212612152099609 0.0116157531738281 0.106613159179688 -0.246871948242188
0.0147686004638672 0.0256423950195313 0.400634765625 -0.189056396484375
-0.0111827850341797 0.0300178527832031 0.61083984375 0.18231201171875
-0.0549774169921875 -0.00419998168945312 0.24261474609375 0.734619140625
-0.0346221923828125 -0.0607261657714844 -0.4527587890625 0.85797119140625
0.0549240112304688 -0.0186614990234375 -0.682861328125 0.337158203125
0.106437683105469 0.0297775268554688 0.0953216552734375 0.0752410888671875
0.0730438232421875 -0.0224380493164063 0.841552734375 -0.36383056640625
0.00754928588867188 -0.0484046936035156 0.40008544921875 -0.96697998046875
-0.0347766876220703 -0.019622802734375 -0.474853515625 -0.70294189453125
-0.0307159423828125 0.00184631347656251 -0.6458740234375 -0.00457763671875008
0.00275421142578125 0.0117387771606445 -0.3707275390625 0.2916259765625
0.0206813812255859 0.0085601806640625 0.00276184082031251 0.258071899414063
0.0106172561645508 0.00301742553710938 0.186676025390625 0.09405517578125
0.0146055221557617 -0.00977993011474609 -0.128654479980469 -0.0963668823242188
0.0270042419433594 0.00747108459472656 0.1065673828125 -0.244369506835938
0.0198898315429688 0.0238323211669922 0.39898681640625 -0.180267333984375
-0.00708580017089844 0.0328903198242188 0.60638427734375 0.1953125
-0.0543594360351563 0.000286102294921873 0.229736328125 0.7427978515625
-0.03607177734375 -0.0605354309082031 -0.4713134765625 0.85626220703125
0.0510406494140625 -0.0220069885253906 -0.69390869140625 0.33203125
0.104209899902344 0.024688720703125 0.0929794311523438 0.075164794921875
0.0712738037109375 -0.0240631103515625 0.83282470703125 -0.36907958984375
0.00459671020507812 -0.0451278686523438 0.3836669921875 -0.96759033203125
-0.0328407287597656 -0.0132732391357422 -0.48822021484375 -0.6954345703125
-0.0233802795410156 0.00309944152832031 -0.64434814453125 0.00585937500000008
0.00875473022460938 0.0114765167236328 -0.37115478515625 0.298797607421875
0.02484130859375 0.002410888671875 0.00483703613281253 0.261932373046875
0.00966644287109375 -0.000522613525390625 0.185638427734375 0.10260009765625
0.0141916275024414 -0.016240119934082 -0.131332397460937 -0.0940170288085938
0.0331687927246094 0.00277328491210937 0.108291625976562 -0.242080688476563
0.0307159423828125 0.0196666717529297 0.401641845703125 -0.17816162109375
4.76837158203144E-05 0.0350837707519531 0.6044921875 0.20220947265625
-0.0536422729492188 0.00831985473632812 0.22515869140625 0.74737548828125
-0.0405845642089844 -0.0546035766601562 -0.4796142578125 0.8577880859375
0.0476303100585938 -0.027099609375 -0.69769287109375 0.33062744140625
0.105308532714844 0.0184555053710938 0.093017578125 0.0751266479492188
0.0680618286132813 -0.0267219543457031 0.8284912109375 -0.36932373046875
0.0010528564453125 -0.0414047241210938 0.3809814453125 -0.96630859375
-0.0292282104492188 -0.006561279296875 -0.49053955078125 -0.69061279296875
-0.0160551071166992 0.00459384918212891 -0.64837646484375 0.0106811523437499
0.016535758972168 0.0101766586303711 -0.3677978515625 0.3017578125
0.0280628204345703 -0.000316619873046875 0.00401306152343749 0.264297485351563
0.00792598724365234 -0.00567388534545898 0.184616088867188 0.105636596679687
0.0138435363769531 -0.0199470520019531 -0.129859924316406 -0.0944061279296875
0.0384979248046875 0.00016021728515625 0.107696533203125 -0.244766235351563
0.0391769409179687 0.0174636840820313 0.3983154296875 -0.177276611328125
0.00945281982421875 0.03973388671875 0.60296630859375 0.20294189453125
-0.0517349243164062 0.0168914794921875 0.22198486328125 0.75079345703125
-0.0458717346191406 -0.0492820739746094 -0.48089599609375 0.86041259765625
0.0441131591796875 -0.0272712707519531 -0.70086669921875 0.330322265625
0.105506896972656 0.0141372680664063 0.0926284790039063 0.074737548828125
0.0656318664550781 -0.0277938842773438 0.828125 -0.3675537109375
-0.00298309326171875 -0.0356941223144531 0.38067626953125 -0.96307373046875
-0.027679443359375 0.00218963623046874 -0.494140625 -0.68963623046875
-0.00806045532226563 0.00881385803222656 -0.6470947265625 0.0105590820312499
0.0261421203613281 0.00690460205078125 -0.371124267578125 0.30059814453125
0.0342006683349609 -0.00425910949707031 0.00367736816406249 0.263809204101563
0.00363731384277344 -0.00792551040649414 0.184112548828125 0.107009887695313
0.0140285491943359 -0.0256767272949219 -0.132308959960938 -0.0968093872070312
0.0450325012207031 -0.0048370361328125 0.105850219726562 -0.2479248046875
0.0448455810546875 0.0158576965332031 0.39739990234375 -0.183929443359375
0.0164718627929688 0.0438652038574219 0.6064453125 0.19482421875
-0.0499954223632813 0.0257568359375 0.232421875 0.74615478515625
-0.0510444641113281 -0.0421409606933594 -0.47125244140625 0.86474609375
0.0374526977539063 -0.0296974182128906 -0.69683837890625 0.3408203125
0.104393005371094 0.00821685791015625 0.0891876220703125 0.0788955688476563
0.0627555847167969 -0.0305824279785156 0.83209228515625 -0.3612060546875
-0.00715255737304688 -0.0296745300292969 0.38861083984375 -0.96087646484375
-0.0260410308837891 0.0101127624511719 -0.486572265625 -0.69580078125
-0.00287055969238281 0.0122737884521484 -0.64794921875 0.00396728515625003
0.0348072052001953 0.00754165649414062 -0.374267578125 0.295989990234375
0.0414352416992188 -0.0103683471679688 -0.000274658203125023 0.260406494140625
0.00227451324462891 -0.0131435394287109 0.180007934570312 0.1029052734375
0.0110664367675781 -0.00817298889160156 -0.133316040039063 -0.122390747070312
0.0236930847167969 0.00806236267089844 0.0956573486328125 -0.270339965820313
0.0134449005126953 0.0245437622070313 0.394317626953125 -0.213623046875
-0.0164966583251953 0.031585693359375 0.616943359375 0.14349365234375
-0.0552024841308594 0.00152587890624999 0.28643798828125 0.70367431640625
-0.0402717590332031 -0.0556182861328125 -0.3909912109375 0.8564453125
0.0521125793457031 -0.0170669555664063 -0.646728515625 0.3565673828125
0.102325439453125 0.034332275390625 0.098419189453125 0.0844879150390625
0.0723342895507813 -0.0142974853515625 0.8641357421875 -0.3282470703125
0.00850296020507813 -0.0413970947265625 0.46173095703125 -0.94598388671875
-0.0342769622802734 -0.0162601470947266 -0.42828369140625 -0.730224609375
-0.031707763671875 0.00126838684082031 -0.63092041015625 -0.0428466796874999
-0.001739501953125 0.0104579925537109 -0.3765869140625 0.260498046875
0.0182838439941406 0.00431251525878906 -0.00927734374999998 0.236297607421875
0.0105876922607422 0.00120735168457031 0.184402465820313 0.07623291015625
0.0119504928588867 -0.00559806823730469 -0.131072998046875 -0.115776062011719
0.0207157135009766 0.0109329223632812 0.0983123779296875 -0.262130737304688
0.0113086700439453 0.0230598449707031 0.391448974609375 -0.20263671875
-0.0164146423339844 0.0268573760986328 0.610595703125 0.1552734375
-0.0562744140625 -0.00442123413085939 0.27001953125 0.712158203125
-0.03399658203125 -0.0593910217285156 -0.409912109375 0.85394287109375
0.0535507202148438 -0.0178260803222656 -0.65887451171875 0.34515380859375
0.104408264160156 0.0342559814453125 0.0992507934570313 0.0821075439453125
0.0767974853515625 -0.0150146484375 0.8525390625 -0.3358154296875
0.0102882385253906 -0.0475234985351563 0.4385986328125 -0.95159912109375
-0.0346031188964844 -0.02142333984375 -0.4423828125 -0.71978759765625
-0.0341091156005859 -0.000555038452148438 -0.63470458984375 -0.02935791015625
-0.00348472595214844 0.0118417739868164 -0.3734130859375 0.2703857421875
0.0156068801879883 0.00622463226318359 -0.00547790527343748 0.24346923828125
0.0139856338500977 0.00344944000244141 0.185546875 0.0824127197265625
0.012669563293457 -0.00518608093261719 -0.129928588867188 -0.107269287109375
0.0201892852783203 0.0116214752197266 0.100738525390625 -0.254989624023437
0.0103836059570313 0.0254535675048828 0.396270751953125 -0.19561767578125
-0.0153923034667969 0.0278491973876953 0.60791015625 0.16778564453125
-0.0553054809570312 -0.00446319580078126 0.254638671875 0.71832275390625
-0.0339393615722656 -0.0605659484863281 -0.4320068359375 0.84979248046875
0.0546875 -0.0182914733886719 -0.66998291015625 0.33843994140625
0.104499816894531 0.033294677734375 0.093780517578125 0.0799407958984375
0.0765533447265625 -0.0184402465820313 0.84320068359375 -0.34686279296875
0.00977325439453125 -0.0483283996582031 0.41839599609375 -0.95086669921875
-0.0350017547607422 -0.021942138671875 -0.45611572265625 -0.7076416015625
-0.0345230102539063 -0.0018310546875 -0.63525390625 -0.0192260742187499
-0.00159072875976562 0.0118513107299805 -0.370086669921875 0.28009033203125
0.0188083648681641 0.0088958740234375 0.00169372558593751 0.251190185546875
0.0112361907958984 0.00621509552001953 0.185653686523437 0.0914459228515625
0.0118265151977539 -0.00791072845458984 -0.1295166015625 -0.10003662109375
0.0194854736328125 0.0106773376464844 0.106735229492187 -0.246627807617187
0.0135707855224609 0.0244369506835938 0.398193359375 -0.18536376953125
-0.0142650604248047 0.0297183990478516 0.60235595703125 0.18304443359375
-0.055694580078125 -0.00436782836914062 0.23931884765625 0.73089599609375
-0.0336265563964844 -0.0615806579589844 -0.45281982421875 0.84893798828125
0.0538558959960938 -0.0187149047851563 -0.678466796875 0.33160400390625
0.104011535644531 0.0287094116210937 0.0916900634765625 0.0760879516601563
0.0725326538085938 -0.0210113525390625 0.83038330078125 -0.3563232421875
0.00560760498046875 -0.0469818115234375 0.4000244140625 -0.956787109375
-0.0359344482421875 -0.0186729431152344 -0.470458984375 -0.6964111328125
-0.0308914184570313 0.000192642211914063 -0.640625 -0.00561523437500008
7.1525573730468E-05 0.0121145248413086 -0.36761474609375 0.2896728515625
0.0184822082519531 0.00684356689453125 0.000930786132812524 0.256591796875
0.0122976303100586 0.00293254852294922 0.185440063476563 0.0962066650390625
0.0133428573608398 -0.0118808746337891 -0.129959106445313 -0.0995025634765625
0.0264225006103516 0.00841140747070313 0.104995727539063 -0.240676879882813
0.0212955474853516 0.0229396820068359 0.398284912109375 -0.17755126953125
-0.00575828552246094 0.0326251983642578 0.59942626953125 0.1937255859375
-0.0543403625488281 3.43322753906131E-05 0.227783203125 0.73553466796875
-0.0352210998535156 -0.0581436157226563 -0.47015380859375 0.845703125
0.0517768859863281 -0.0212669372558594 -0.689697265625 0.32666015625
0.103889465332031 0.0233001708984375 0.0916748046875 0.0747909545898438
0.0711898803710938 -0.0244216918945313 0.82080078125 -0.36041259765625
0.00403976440429687 -0.0440177917480469 0.3853759765625 -0.958251953125
-0.0317802429199219 -0.0134849548339844 -0.481689453125 -0.69097900390625
-0.024322509765625 0.00243759155273437 -0.641357421875 0.00415039062499989
0.00662708282470703 0.0128803253173828 -0.365478515625 0.294525146484375
0.0241069793701172 0.00292205810546875 0.00382995605468752 0.261428833007813
0.0105094909667969 0.000584602355957031 0.185791015625 0.102340698242188
0.0125007629394531 -0.0153713226318359 -0.129692077636719 -0.0950698852539063
0.0317211151123047 0.004791259765625 0.105087280273438 -0.240081787109375
0.0288734436035156 0.0196132659912109 0.396942138671875 -0.17510986328125
-0.000894546508789062 0.0339374542236328 0.59942626953125 0.20086669921875
-0.0535087585449219 0.00845336914062499 0.21905517578125 0.74188232421875
-0.0392532348632813 -0.0544166564941406 -0.48150634765625 0.847412109375
0.0458221435546875 -0.0247955322265625 -0.69647216796875 0.3240966796875
0.103103637695313 0.0177764892578125 0.0903396606445313 0.0735549926757813
0.0673713684082031 -0.0242805480957031 0.82177734375 -0.36248779296875
0.000141143798828128 -0.0400352478027344 0.37652587890625 -0.9549560546875
-0.029327392578125 -0.00591850280761719 -0.487060546875 -0.68499755859375
-0.0170984268188477 0.00560951232910156 -0.64239501953125 0.0108642578124999
0.0172443389892578 0.00862312316894531 -0.3675537109375 0.298004150390625
0.0296401977539063 -6.866455078125E-05 0.00425720214843752 0.262847900390625
0.00854825973510742 -0.00373220443725586 0.185791015625 0.106109619140625
0.0147418975830078 -0.0205001831054688 -0.130302429199219 -0.0939407348632813
0.0373458862304687 -0.00530624389648437 0.10662841796875 -0.241485595703125
0.0360031127929688 0.0170211791992188 0.39617919921875 -0.17572021484375
0.00876617431640625 0.0389060974121094 0.5963134765625 0.20062255859375
-0.0506134033203125 0.0165176391601562 0.2198486328125 0.744140625
-0.0448265075683594 -0.0502662658691406 -0.47747802734375 0.8514404296875
0.042144775390625 -0.0277862548828125 -0.69598388671875 0.3260498046875
0.103340148925781 0.0134124755859375 0.0890045166015625 0.0738296508789062
0.0630874633789063 -0.0278549194335938 0.820556640625 -0.363037109375
-0.00216484069824219 -0.0335235595703125 0.378662109375 -0.95428466796875
-0.0265560150146484 0.00346565246582031 -0.4888916015625 -0.68280029296875
-0.00942230224609375 0.00988578796386719 -0.64459228515625 0.00805664062499993
0.0250873565673828 0.00872802734375 -0.36712646484375 0.298828125
0.0325756072998047 -0.00533866882324219 0.00419616699218748 0.262603759765625
0.0051727294921875 -0.00978660583496094 0.183349609375 0.10595703125
0.0134296417236328 -0.0264911651611328 -0.129852294921875 -0.09967041015625
0.0418663024902344 -0.00651168823242188 0.103118896484375 -0.246002197265625
0.0447921752929688 0.014617919921875 0.392791748046875 -0.1807861328125
0.0150833129882813 0.0435028076171875 0.599365234375 0.19476318359375
-0.0491523742675781 0.0247154235839844 0.22967529296875 0.74188232421875
-0.0481643676757812 -0.0411262512207031 -0.470703125 0.854248046875
0.0397148132324219 -0.0295600891113281 -0.69305419921875 0.3330078125
0.101730346679688 0.00766754150390625 0.090545654296875 0.078125
0.0591049194335938 -0.0276565551757813 0.8231201171875 -0.35595703125
-0.00763893127441406 -0.0292472839355469 0.38726806640625 -0.94976806640625
-0.0252227783203125 0.0108985900878906 -0.4813232421875 -0.69000244140625
-0.00216293334960938 0.0120048522949219 -0.644287109375 0.00482177734374987
0.0340156555175781 0.00765228271484375 -0.371337890625 0.294830322265625
0.0402259826660156 -0.00986862182617188 -0.000320434570312474 0.257247924804688
0.00439167022705078 -0.0144948959350586 0.179962158203125 0.103652954101563
0.0123233795166016 -0.0082082748413086 -0.131858825683594 -0.123954772949219
0.0205440521240234 0.0075225830078125 0.0961761474609375 -0.2694091796875
0.0119915008544922 0.0223274230957031 0.391387939453125 -0.210845947265625
-0.0124149322509766 0.0294036865234375 0.6134033203125 0.14276123046875
-0.055999755859375 0.00205230712890625 0.282958984375 0.70147705078125
-0.0395851135253906 -0.0544509887695312 -0.392822265625 0.84869384765625
0.0511360168457031 -0.0166244506835938 -0.64752197265625 0.3502197265625
0.100639343261719 0.0322036743164063 0.097503662109375 0.0859527587890625
0.0720672607421875 -0.0111312866210938 0.8599853515625 -0.32012939453125
0.00852203369140625 -0.04058837890625 0.4627685546875 -0.93792724609375
-0.0341548919677734 -0.0165386199951172 -0.42474365234375 -0.72772216796875
-0.0345535278320313 -0.0006256103515625 -0.626953125 -0.0446166992187501
-0.0010223388671875 0.0097198486328125 -0.373809814453125 0.257537841796875
0.0174360275268555 0.00505161285400391 -0.00863647460937498 0.234786987304687
0.0118026733398437 0.000932693481445312 0.183013916015625 0.07843017578125
0.0121660232543945 -0.00568675994873047 -0.131057739257812 -0.115104675292969
0.0188369750976563 0.00986671447753906 0.0980377197265625 -0.259963989257813
0.00993156433105469 0.0249614715576172 0.391387939453125 -0.20269775390625
-0.0173568725585938 0.0287055969238281 0.60723876953125 0.15673828125
-0.0573577880859375 -0.00423049926757814 0.266845703125 0.7081298828125
-0.0349388122558594 -0.0598258972167969 -0.4134521484375 0.8455810546875
0.0552902221679688 -0.0172080993652344 -0.65472412109375 0.3408203125
0.102775573730469 0.032806396484375 0.096588134765625 0.0811691284179688
0.0747528076171875 -0.0138015747070313 0.847412109375 -0.32879638671875
0.0113792419433594 -0.0454444885253906 0.44256591796875 -0.944091796875
-0.0347709655761719 -0.0204105377197266 -0.4371337890625 -0.71624755859375
-0.0351715087890625 -0.00250625610351563 -0.63153076171875 -0.0319213867187499
-0.00229454040527344 0.00992393493652344 -0.370697021484375 0.269134521484375
0.0147161483764648 0.00649833679199219 -0.00732421874999999 0.242462158203125
0.0121860504150391 0.0041656494140625 0.183639526367187 0.083831787109375
0.0117597579956055 -0.00440788269042969 -0.130714416503906 -0.107444763183594
0.0179576873779297 0.0103645324707031 0.0999908447265625 -0.252471923828125
0.0107345581054688 0.0231761932373047 0.39483642578125 -0.192230224609375
-0.0149097442626953 0.0275497436523437 0.60382080078125 0.169677734375
-0.055206298828125 -0.00524520874023438 0.2532958984375 0.7149658203125
-0.033477783203125 -0.059906005859375 -0.4339599609375 0.8387451171875
0.0546455383300781 -0.0193443298339844 -0.6690673828125 0.33148193359375
0.101387023925781 0.0325164794921875 0.0935516357421875 0.076751708984375
0.0740432739257813 -0.0161590576171875 0.83453369140625 -0.33978271484375
0.0109062194824219 -0.0478935241699219 0.42181396484375 -0.94354248046875
-0.0334415435791016 -0.0211601257324219 -0.45123291015625 -0.70367431640625
-0.0350151062011719 -0.00120353698730469 -0.6312255859375 -0.0181274414062499
-0.00165081024169922 0.0123739242553711 -0.3695068359375 0.27752685546875
0.0175485610961914 0.00682544708251953 -0.000518798828124971 0.250320434570313
0.0140399932861328 0.00499629974365234 0.186264038085938 0.0916748046875
0.0119915008544922 -0.00825691223144531 -0.129135131835938 -0.101661682128906
0.0209407806396484 0.0103893280029297 0.103790283203125 -0.2452392578125
0.0153923034667969 0.0254268646240234 0.395050048828125 -0.182220458984375
-0.0108928680419922 0.0275859832763672 0.6007080078125 0.18206787109375
-0.0572509765625 -0.00494384765625 0.2352294921875 0.726318359375
-0.0335884094238281 -0.0608177185058594 -0.45489501953125 0.84246826171875
0.052642822265625 -0.0194931030273438 -0.67694091796875 0.326171875
0.101005554199219 0.0289306640625 0.0912399291992188 0.0747222900390625
0.0710067749023438 -0.0193862915039063 0.82647705078125 -0.3494873046875
0.00844573974609375 -0.0470771789550781 0.39971923828125 -0.94677734375
-0.0341148376464844 -0.0187892913818359 -0.46502685546875 -0.69500732421875
-0.0301151275634766 -0.000579833984375003 -0.6357421875 -0.00872802734375004
0.00150108337402344 0.00973320007324219 -0.366851806640625 0.28753662109375
0.0196590423583984 0.00675773620605469 0.000244140625000015 0.257064819335938
0.0115118026733398 0.00168228149414063 0.182952880859375 0.097137451171875
0.0138759613037109 -0.010401725769043 -0.129013061523438 -0.0972137451171875
0.0250778198242188 0.00784111022949219 0.105712890625 -0.24200439453125
0.0207767486572266 0.0225048065185547 0.39727783203125 -0.175750732421875
-0.00628852844238281 0.0302200317382813 0.5946044921875 0.1937255859375
-0.0542640686035156 0.00106430053710937 0.22308349609375 0.7335205078125
-0.0363235473632813 -0.0581779479980469 -0.4722900390625 0.8406982421875
0.0503158569335938 -0.0209808349609375 -0.686767578125 0.3204345703125
0.101280212402344 0.0237197875976563 0.0895919799804688 0.0729293823242188
0.069000244140625 -0.0228843688964844 0.81903076171875 -0.35595703125
0.00467681884765625 -0.0445671081542969 0.3853759765625 -0.9473876953125
-0.0325412750244141 -0.0122013092041016 -0.47760009765625 -0.68524169921875
-0.0245819091796875 0.00145530700683593 -0.63653564453125 0.00311279296874992
0.00876712799072266 0.0103397369384766 -0.365325927734375 0.29486083984375
0.0235157012939453 0.0044708251953125 0.00222778320312502 0.259078979492188
0.0114564895629883 1.43051147460938E-05 0.183349609375 0.102157592773438
0.0130615234375 -0.0156803131103516 -0.130020141601562 -0.0964584350585938
0.0296154022216797 0.00470733642578125 0.105484008789062 -0.23907470703125
0.0291366577148438 0.0188522338867188 0.394195556640625 -0.173736572265625
0.00147056579589843 0.0328540802001953 0.5953369140625 0.2025146484375
-0.0511398315429688 0.00593185424804687 0.21575927734375 0.7388916015625
-0.0379371643066406 -0.0538558959960938 -0.48150634765625 0.84033203125
0.0474624633789063 -0.0238571166992188 -0.69146728515625 0.318603515625
0.100257873535156 0.0189285278320313 0.0876312255859375 0.0734176635742188
0.0667800903320313 -0.0246353149414063 0.81646728515625 -0.35675048828125
0.00160980224609375 -0.0384674072265625 0.37713623046875 -0.94647216796875
-0.0291061401367188 -0.00522232055664062 -0.4815673828125 -0.68408203125
-0.0180282592773438 0.00609588623046875 -0.63885498046875 0.00952148437500011
0.0164031982421875 0.00737380981445313 -0.365753173828125 0.297332763671875
0.0283641815185547 -0.000644683837890625 0.00405883789062497 0.261550903320313
0.00761985778808594 -0.00487232208251953 0.182037353515625 0.107345581054688
0.0130653381347656 -0.0209522247314453 -0.128623962402344 -0.0961532592773438
0.0362548828125 -0.00232315063476562 0.1048583984375 -0.2412109375
0.0378074645996094 0.0173873901367188 0.391815185546875 -0.1724853515625
0.0089569091796875 0.04022216796875 0.59375 0.200439453125
-0.0492706298828125 0.0162506103515625 0.2164306640625 0.74005126953125
-0.0438728332519531 -0.0476226806640625 -0.48065185546875 0.845703125
0.0429000854492188 -0.0267410278320313 -0.6923828125 0.3192138671875
0.100753784179687 0.013153076171875 0.0879364013671875 0.0738372802734375
0.0611572265625 -0.0272789001464844 0.814697265625 -0.35516357421875
-0.00246620178222656 -0.0348091125488281 0.3795166015625 -0.94354248046875
-0.0271015167236328 0.00318527221679688 -0.48382568359375 -0.681640625
-0.00801229476928711 0.00756502151489258 -0.63873291015625 0.00836181640624988
0.0249309539794922 0.00641441345214844 -0.367462158203125 0.296051025390625
0.0341701507568359 -0.0037689208984375 0.00128173828124998 0.261886596679688
0.00417804718017578 -0.00931835174560547 0.18182373046875 0.107284545898438
0.0138378143310547 -0.0258903503417969 -0.128974914550781 -0.0987777709960938
0.0417633056640625 -0.00480270385742188 0.101547241210938 -0.2442626953125
0.0454635620117188 0.0154800415039063 0.391876220703125 -0.1790771484375
0.0162086486816406 0.0423927307128906 0.5960693359375 0.1951904296875
-0.0489349365234375 0.0243911743164063 0.22186279296875 0.7391357421875
-0.0482025146484375 -0.042633056640625 -0.46905517578125 0.84716796875
0.0390357971191406 -0.0292091369628906 -0.6888427734375 0.32666015625
0.098876953125 0.00846099853515625 0.0852737426757813 0.0768508911132813
0.0597305297851563 -0.0270919799804688 0.81915283203125 -0.35015869140625
-0.00536346435546875 -0.0285148620605469 0.388427734375 -0.9407958984375
-0.0256404876708984 0.0109176635742188 -0.4779052734375 -0.68670654296875
-0.00140380859375 0.0101690292358398 -0.64080810546875 0.00305175781250011
0.0313720703125 0.00590896606445313 -0.367279052734375 0.291229248046875
0.0405082702636719 -0.00831222534179688 -0.000991821289062472 0.257919311523438
0.00384044647216797 -0.0131397247314453 0.180953979492188 0.103591918945313
0.0108585357666016 -0.00653457641601563 -0.129928588867187 -0.125030517578125
0.0203285217285156 0.00638198852539063 0.096954345703125 -0.267913818359375
0.0135345458984375 0.0227336883544922 0.389617919921875 -0.209808349609375
-0.0122146606445312 0.0286941528320312 0.60919189453125 0.1468505859375
-0.0559959411621094 0.00101470947265625 0.2763671875 0.69970703125
-0.0381622314453125 -0.0538597106933594 -0.3978271484375 0.84503173828125
0.0512580871582031 -0.017852783203125 -0.646484375 0.3443603515625
0.0995635986328125 0.0330581665039063 0.0950393676757813 0.08392333984375
0.0732421875 -0.0124435424804687 0.857666015625 -0.3133544921875
0.00801849365234375 -0.039154052734375 0.4656982421875 -0.93341064453125
-0.034576416015625 -0.0178165435791016 -0.42047119140625 -0.726806640625
-0.035430908203125 -0.00326919555664062 -0.62689208984375 -0.0452880859374999
-0.000345230102539063 0.00907516479492188 -0.373748779296875 0.25811767578125
0.0173501968383789 0.00500297546386719 -0.0101165771484375 0.234970092773438
0.010807991027832 0.00218296051025391 0.183700561523438 0.079498291015625
0.0126504898071289 -0.00636863708496094 -0.128311157226563 -0.115440368652344
0.0172348022460938 0.0113401412963867 0.0996551513671875 -0.260528564453125
0.0100193023681641 0.0254116058349609 0.390380859375 -0.19964599609375
-0.0170173645019531 0.0278167724609375 0.60504150390625 0.15863037109375
-0.0551948547363281 -0.00272369384765625 0.2618408203125 0.70672607421875
-0.0341796875 -0.056732177734375 -0.415283203125 0.84173583984375
0.0540351867675781 -0.0156936645507813 -0.65533447265625 0.33502197265625
0.101524353027344 0.034027099609375 0.0934600830078125 0.0800323486328125
0.0742340087890625 -0.0121917724609375 0.8453369140625 -0.3248291015625
0.0112152099609375 -0.0445823669433594 0.44232177734375 -0.93719482421875
-0.0335922241210938 -0.0217514038085938 -0.43389892578125 -0.7147216796875
-0.0379142761230469 -0.000644683837890622 -0.6282958984375 -0.0338745117187501
-0.00353813171386719 0.0116367340087891 -0.36968994140625 0.267333984375
0.0150461196899414 0.00647449493408203 -0.00610351562499997 0.241989135742187
0.0124006271362305 0.00401210784912109 0.184539794921875 0.08624267578125
0.0117397308349609 -0.00418758392333984 -0.128494262695313 -0.111015319824219
0.0198631286621094 0.0112171173095703 0.0989990234375 -0.254592895507813
0.0105075836181641 0.0255203247070313 0.392852783203125 -0.189697265625
-0.013885498046875 0.0265941619873047 0.6016845703125 0.173828125
-0.0570030212402344 -0.00810241699218749 0.24444580078125 0.7144775390625
-0.0313148498535156 -0.0596809387207031 -0.43585205078125 0.833984375
0.0543937683105469 -0.0172691345214844 -0.6671142578125 0.32720947265625
0.0999069213867188 0.0310592651367188 0.0927581787109375 0.07708740234375
0.0738525390625 -0.0141220092773438 0.83306884765625 -0.33306884765625
0.00927734375 -0.0474319458007812 0.42315673828125 -0.9366455078125
-0.0336837768554687 -0.0232639312744141 -0.447998046875 -0.70416259765625
-0.03692626953125 -0.00437164306640626 -0.6307373046875 -0.0216064453125001
-0.00290203094482422 0.0114650726318359 -0.36724853515625 0.274505615234375
0.0178089141845703 0.00663566589355469 -0.00566101074218748 0.249771118164063
0.0139026641845703 0.00350570678710938 0.18438720703125 0.0939483642578125
0.0139236450195313 -0.00864219665527344 -0.127479553222656 -0.10479736328125
0.0197601318359375 0.0115547180175781 0.104537963867187 -0.24432373046875
0.0143928527832031 0.0239524841308594 0.39459228515625 -0.180145263671875
-0.0134067535400391 0.0279865264892578 0.5989990234375 0.18365478515625
-0.0536270141601563 -0.00649642944335936 0.22869873046875 0.7255859375
-0.0337600708007812 -0.0619430541992188 -0.458984375 0.83538818359375
0.0537872314453125 -0.0199699401855469 -0.6781005859375 0.32098388671875
0.101799011230469 0.0284652709960937 0.0894012451171875 0.0743560791015625
0.0718765258789063 -0.0176239013671875 0.82550048828125 -0.34295654296875
0.00624465942382812 -0.0455970764160156 0.4051513671875 -0.9415283203125
-0.0337104797363281 -0.0202484130859375 -0.46148681640625 -0.69500732421875
-0.0321788787841797 0.00107192993164062 -0.63214111328125 -0.00683593749999991
0.00107860565185547 0.0102739334106445 -0.367889404296875 0.28436279296875
0.0193653106689453 0.00714492797851563 -4.57763671875027E-05 0.254791259765625
0.0135955810546875 0.00320148468017578 0.18316650390625 0.0989837646484375
0.0154476165771484 -0.0111360549926758 -0.12689208984375 -0.099365234375
0.0243854522705078 0.00756454467773438 0.104324340820312 -0.240585327148437
0.0192070007324219 0.0227546691894531 0.39581298828125 -0.17425537109375
-0.00647544860839844 0.0298042297363281 0.592041015625 0.19866943359375
-0.0543861389160156 -0.00226211547851562 0.218505859375 0.732666015625
-0.0357437133789062 -0.0569648742675781 -0.474853515625 0.83636474609375
0.0501441955566406 -0.0203971862792969 -0.68450927734375 0.313720703125
0.100105285644531 0.0239028930664063 0.087982177734375 0.073150634765625
0.06866455078125 -0.0217933654785156 0.819091796875 -0.3487548828125
0.00444793701171875 -0.0437736511230469 0.386474609375 -0.94219970703125
-0.0321826934814453 -0.0156784057617188 -0.47442626953125 -0.6866455078125
-0.0246143341064453 0.0023193359375 -0.63287353515625 0.00103759765625004
0.0074462890625 0.0102195739746094 -0.36395263671875 0.2908935546875
0.0226573944091797 0.00427436828613281 0.000701904296875029 0.261001586914063
0.010655403137207 -0.00165843963623047 0.184005737304688 0.102996826171875
0.0136613845825195 -0.0156564712524414 -0.12701416015625 -0.0980300903320312
0.0308303833007813 0.00233268737792969 0.106353759765625 -0.23553466796875
0.0284080505371094 0.0201930999755859 0.394500732421875 -0.170501708984375
0.00242996215820313 0.0356826782226563 0.5921630859375 0.202880859375
-0.0523262023925781 0.00582504272460937 0.2105712890625 0.73785400390625
-0.0369873046875 -0.0540733337402344 -0.4810791015625 0.83447265625
0.0457344055175781 -0.0224075317382813 -0.69256591796875 0.3116455078125
0.098114013671875 0.0179061889648438 0.0862655639648438 0.074066162109375
0.0636978149414063 -0.0257225036621094 0.8118896484375 -0.35040283203125
0.000984191894531249 -0.0383377075195313 0.3829345703125 -0.94451904296875
-0.0288944244384766 -0.00630378723144531 -0.4771728515625 -0.68109130859375
-0.0180225372314453 0.00407218933105469 -0.63665771484375 0.00537109375
0.0170536041259766 0.00935649871826172 -0.3646240234375 0.293121337890625
0.0268840789794922 -0.00259780883789063 0.0023651123046875 0.262619018554688
0.00932979583740235 -0.00391864776611328 0.1826171875 0.10736083984375
0.0123748779296875 -0.02105712890625 -0.127723693847656 -0.0978851318359375
0.036407470703125 -0.00102996826171875 0.105300903320313 -0.24041748046875
0.0352401733398438 0.0166549682617188 0.393280029296875 -0.17041015625
0.00839996337890625 0.0393257141113281 0.58990478515625 0.2005615234375
-0.0522918701171875 0.0140457153320313 0.20977783203125 0.74114990234375
-0.0448989868164062 -0.0472030639648438 -0.48052978515625 0.838134765625
0.0411224365234375 -0.0269241333007812 -0.69317626953125 0.31304931640625
0.100730895996094 0.0108871459960938 0.0844879150390625 0.0732345581054688
0.0597496032714844 -0.0272598266601563 0.81597900390625 -0.34979248046875
-0.00348281860351563 -0.0332889556884766 0.380126953125 -0.9373779296875
-0.0258865356445312 0.00118827819824219 -0.47869873046875 -0.6793212890625
-0.0106172561645508 0.00972557067871094 -0.63751220703125 0.00726318359375
0.0233726501464844 0.00811767578125 -0.3670654296875 0.29302978515625
0.0337886810302734 -0.00471687316894531 0.00033569335937501 0.259841918945313
0.00645780563354492 -0.00847578048706055 0.181503295898438 0.107925415039063
0.0100231170654297 -0.0264720916748047 -0.129867553710938 -0.1025390625
0.0418472290039063 -0.00452423095703125 0.104705810546875 -0.244094848632813
0.0475502014160156 0.0151138305664063 0.390838623046875 -0.17724609375
0.0165672302246094 0.0410728454589844 0.59197998046875 0.195556640625
-0.0495491027832031 0.0246009826660156 0.22027587890625 0.736328125
-0.0497894287109375 -0.0435447692871094 -0.47210693359375 0.843505859375
0.040557861328125 -0.0305252075195312 -0.6910400390625 0.3189697265625
0.0988616943359375 0.0060882568359375 0.0848846435546875 0.077728271484375
0.0581130981445313 -0.0274925231933594 0.81719970703125 -0.3424072265625
-0.00682640075683594 -0.0272426605224609 0.38873291015625 -0.9371337890625
-0.0264949798583984 0.0107269287109375 -0.47479248046875 -0.6846923828125
-0.00115680694580078 0.01055908203125 -0.6387939453125 0.00268554687500008
0.0312938690185547 0.00611114501953125 -0.369659423828125 0.2906494140625
0.0383987426757813 -0.0104560852050781 -0.00300598144531252 0.25701904296875
0.00336742401123047 -0.0118293762207031 0.17822265625 0.10589599609375
0.0119771957397461 -0.00653839111328125 -0.129913330078125 -0.1265869140625
0.0192394256591797 0.00782203674316406 0.09600830078125 -0.268814086914063
0.011993408203125 0.0234718322753906 0.3902587890625 -0.20745849609375
-0.0128364562988281 0.0286369323730469 0.60931396484375 0.14788818359375
-0.0547904968261719 -0.000587463378906255 0.273193359375 0.7010498046875
-0.0367851257324219 -0.0534133911132813 -0.401611328125 0.8411865234375
0.0509376525878906 -0.0156402587890625 -0.64764404296875 0.339111328125
0.0970840454101562 0.0338134765625 0.0931777954101563 0.0843048095703125
0.0732650756835938 -0.009521484375 0.85308837890625 -0.30706787109375
0.00637435913085938 -0.0395622253417969 0.46820068359375 -0.92877197265625
-0.0327377319335938 -0.0187644958496094 -0.4173583984375 -0.72918701171875
-0.0334796905517578 -9.15527343749959E-05 -0.62451171875 -0.0487670898437501
-0.00254297256469727 0.0085291862487793 -0.37506103515625 0.25677490234375
0.0183792114257812 0.00457572937011719 -0.0125885009765625 0.234573364257812
0.0117769241333008 -0.000684738159179688 0.182022094726563 0.080535888671875
0.0116539001464844 -0.00756359100341797 -0.129043579101563 -0.119842529296875
0.017521858215332 0.0127182006835938 0.099365234375 -0.259353637695313
0.00975990295410156 0.0234775543212891 0.39031982421875 -0.1964111328125
-0.0161190032958984 0.0265026092529297 0.6055908203125 0.16278076171875
-0.056640625 -0.00453567504882813 0.25909423828125 0.70703125
-0.0347023010253906 -0.0588760375976562 -0.419189453125 0.83740234375
0.0552177429199219 -0.0164642333984375 -0.6583251953125 0.32928466796875
0.100257873535156 0.0347824096679688 0.0919113159179688 0.0793304443359375
0.0710372924804688 -0.0123062133789063 0.8424072265625 -0.3179931640625
0.01019287109375 -0.0436935424804688 0.44805908203125 -0.9320068359375
-0.0339756011962891 -0.0210895538330078 -0.428955078125 -0.71661376953125
-0.0376701354980469 -0.001251220703125 -0.62701416015625 -0.0347900390625001
-0.00677490234375 0.00957965850830078 -0.371795654296875 0.2647705078125
0.0163097381591797 0.00556850433349609 -0.0078277587890625 0.242080688476563
0.0126113891601563 0.00365829467773438 0.182586669921875 0.0878753662109375
0.0120620727539062 -0.00520992279052734 -0.128524780273438 -0.113395690917969
0.0200119018554688 0.0128669738769531 0.100799560546875 -0.252304077148438
0.0106353759765625 0.0253772735595703 0.390777587890625 -0.189178466796875
-0.0163040161132813 0.0265026092529297 0.6005859375 0.17462158203125
-0.0568504333496094 -0.00717544555664062 0.2413330078125 0.7152099609375
-0.0305404663085938 -0.060821533203125 -0.43865966796875 0.83197021484375
0.0522537231445313 -0.0188102722167969 -0.66937255859375 0.3211669921875
0.100448608398438 0.0318679809570313 0.0870437622070313 0.076019287109375
0.0728607177734375 -0.0141067504882813 0.8333740234375 -0.32733154296875
0.00985336303710938 -0.0465507507324219 0.42547607421875 -0.9327392578125
-0.0349941253662109 -0.0220508575439453 -0.44488525390625 -0.70513916015625
-0.0364990234375 -0.00298309326171875 -0.6282958984375 -0.0229492187500001
-0.00479412078857422 0.0102071762084961 -0.36859130859375 0.274017333984375
0.0154705047607422 0.0059814453125 -0.0031280517578125 0.250335693359375
0.0140590667724609 0.00410366058349609 0.185226440429688 0.09576416015625
0.0122442245483398 -0.00726604461669922 -0.1275634765625 -0.105621337890625
0.0197868347167969 0.0111560821533203 0.104568481445313 -0.24609375
0.0154953002929687 0.025421142578125 0.395233154296875 -0.179473876953125
-0.0102424621582031 0.0275154113769531 0.59527587890625 0.1878662109375
-0.0554084777832031 -0.00589752197265624 0.22320556640625 0.72772216796875
-0.0311660766601562 -0.0588302612304688 -0.45989990234375 0.83319091796875
0.05267333984375 -0.0182991027832031 -0.67999267578125 0.31488037109375
0.0991134643554688 0.0295028686523438 0.0875778198242188 0.07354736328125
0.0719223022460938 -0.0158920288085938 0.8238525390625 -0.33782958984375
0.00749969482421875 -0.0461540222167969 0.4091796875 -0.93927001953125
-0.0323905944824219 -0.0200214385986328 -0.45794677734375 -0.694580078125
-0.0311717987060547 5.72204589843745E-05 -0.6329345703125 -0.00915527343750012
-0.000291824340820312 0.0116453170776367 -0.36767578125 0.284149169921875
0.0174236297607422 0.00593185424804687 -0.0030059814453125 0.254638671875
0.0128335952758789 0.00220870971679687 0.18292236328125 0.0982208251953125
0.0117988586425781 -0.0121240615844727 -0.125526428222656 -0.100006103515625
0.0235347747802734 0.00773048400878906 0.10540771484375 -0.241409301757813
0.02093505859375 0.0216541290283203 0.39459228515625 -0.17236328125
-0.0052032470703125 0.0307579040527344 0.58892822265625 0.19866943359375
-0.0540237426757813 -0.00267410278320313 0.21478271484375 0.7327880859375
-0.034271240234375 -0.05712890625 -0.4759521484375 0.83056640625
0.049774169921875 -0.0205459594726562 -0.68719482421875 0.30908203125
0.0988998413085938 0.0241775512695313 0.0855789184570313 0.0706710815429688
0.0694351196289063 -0.0217628479003906 0.815673828125 -0.3448486328125
0.00301742553710937 -0.0424156188964844 0.392578125 -0.93927001953125
-0.0305442810058594 -0.0151805877685547 -0.47021484375 -0.68585205078125
-0.0243320465087891 -0.000251770019531252 -0.63336181640625 -0.000122070312499901
0.00770092010498047 0.0115728378295898 -0.365997314453125 0.289794921875
0.0216445922851563 0.00341033935546875 0.00138854980468749 0.259689331054688
0.0105314254760742 -0.00188159942626953 0.183731079101563 0.10638427734375
0.013819694519043 -0.0149126052856445 -0.123207092285156 -0.0995941162109375
0.0276947021484375 0.00365447998046875 0.106033325195313 -0.238006591796875
0.0289134979248047 0.0204410552978516 0.39569091796875 -0.16851806640625
0.00129508972167969 0.0340805053710938 0.58782958984375 0.2044677734375
-0.0511932373046875 0.00688934326171876 0.2069091796875 0.7386474609375
-0.0389633178710937 -0.0538291931152344 -0.483642578125 0.8323974609375
0.0462646484375 -0.02294921875 -0.6942138671875 0.30718994140625
0.0971603393554688 0.0190048217773437 0.0846481323242188 0.0715560913085938
0.0654029846191406 -0.0209541320800781 0.81182861328125 -0.34698486328125
0.00202178955078125 -0.0372276306152344 0.38525390625 -0.93634033203125
-0.0297660827636719 -0.00688552856445313 -0.4752197265625 -0.6815185546875
-0.0192852020263672 0.00408172607421875 -0.63763427734375 0.00305175781250005
0.013885498046875 0.0114259719848633 -0.366851806640625 0.292633056640625
0.0265064239501953 -0.0005340576171875 -0.00155639648437499 0.263076782226562
0.00923061370849609 -0.00492191314697266 0.183074951171875 0.108688354492187
0.0118007659912109 -0.0211963653564453 -0.127548217773438 -0.0989532470703125
0.0353279113769531 -0.00149917602539063 0.105239868164063 -0.237991333007813
0.0374984741210938 0.0184402465820313 0.3939208984375 -0.16876220703125
0.00922012329101563 0.0380096435546875 0.58892822265625 0.20489501953125
-0.0513877868652344 0.0135955810546875 0.20782470703125 0.739990234375
-0.0425453186035156 -0.0473213195800781 -0.4869384765625 0.83514404296875
0.0428962707519531 -0.0257987976074219 -0.69561767578125 0.30938720703125
0.0974349975585937 0.0126495361328125 0.0829391479492188 0.0750045776367188
0.0603256225585937 -0.0250663757324219 0.8123779296875 -0.3446044921875
-0.00332260131835937 -0.0333747863769531 0.38623046875 -0.935546875
-0.0279102325439453 0.00175094604492188 -0.4764404296875 -0.68280029296875
-0.00906085968017578 0.00820159912109375 -0.635986328125 0.0049438476562501
0.0234832763671875 0.00698471069335937 -0.3656005859375 0.292510986328125
0.0348033905029297 -0.00647544860839844 -0.00215148925781249 0.261856079101563
0.00753211975097656 -0.00901985168457031 0.181961059570312 0.110321044921875
0.0132865905761719 -0.0272636413574219 -0.1300048828125 -0.102828979492188
0.0410499572753906 -0.00457763671875 0.10308837890625 -0.24407958984375
0.0464630126953125 0.0139884948730469 0.39056396484375 -0.172119140625
0.0180740356445313 0.0423583984375 0.59130859375 0.19891357421875
-0.0495986938476563 0.0235633850097656 0.217041015625 0.7373046875
-0.0483016967773438 -0.0432929992675781 -0.47491455078125 0.84051513671875
0.0393028259277344 -0.0275726318359375 -0.6922607421875 0.31231689453125
0.09808349609375 0.00925445556640625 0.0821914672851563 0.0755233764648438
0.0582122802734375 -0.0271453857421875 0.817626953125 -0.3349609375
-0.00625991821289062 -0.0273723602294922 0.39373779296875 -0.9320068359375
-0.0259838104248047 0.00947189331054687 -0.4718017578125 -0.68731689453125
-0.00357246398925781 0.00955677032470703 -0.63739013671875 -0.00250244140625005
0.0300960540771484 0.00640869140625 -0.371246337890625 0.286956787109375
0.0403213500976563 -0.0092010498046875 -0.00411987304687502 0.256744384765625
0.00348186492919922 -0.0135746002197266 0.180007934570313 0.108551025390625
0.0143718719482422 -0.00841426849365234 -0.130546569824219 -0.126167297363281
0.0183944702148437 0.00763511657714844 0.09716796875 -0.269790649414063
0.0123462677001953 0.0232257843017578 0.390777587890625 -0.2060546875
-0.0126438140869141 0.0300121307373047 0.6087646484375 0.14959716796875
-0.0578727722167969 -0.00107574462890625 0.2685546875 0.700439453125
-0.03607177734375 -0.0522689819335938 -0.4036865234375 0.84130859375
0.052520751953125 -0.0180130004882813 -0.64947509765625 0.33355712890625
0.098419189453125 0.03216552734375 0.0919418334960937 0.0858001708984375
0.0710525512695313 -0.0096435546875 0.8565673828125 -0.30206298828125
0.0093536376953125 -0.0397377014160156 0.47320556640625 -0.9266357421875
-0.0321788787841797 -0.0186100006103516 -0.41290283203125 -0.7303466796875
-0.03533935546875 -0.00150680541992187 -0.624755859375 -0.0503540039062499
-0.0038456916809082 0.00791597366333008 -0.377197265625 0.254730224609375
0.0169534683227539 0.00400066375732422 -0.011627197265625 0.2366943359375
0.012974739074707 0.000512123107910156 0.18157958984375 0.0848846435546875
0.0117959976196289 -0.00583744049072266 -0.128952026367187 -0.119117736816406
0.0185470581054688 0.011749267578125 0.0994873046875 -0.261215209960938
0.0104236602783203 0.0253734588623047 0.392791748046875 -0.1983642578125
-0.0152454376220703 0.0266437530517578 0.60455322265625 0.1632080078125
-0.0580863952636719 -0.00495529174804688 0.25482177734375 0.708740234375
-0.0344123840332031 -0.0576019287109375 -0.422607421875 0.8355712890625
0.0545272827148438 -0.0163612365722656 -0.66265869140625 0.32720947265625
0.099639892578125 0.0347061157226563 0.0896530151367187 0.0803451538085938
0.0719146728515625 -0.00988006591796875 0.8447265625 -0.3118896484375
0.00970840454101562 -0.0433349609375 0.4525146484375 -0.93035888671875
-0.0344505310058594 -0.0198268890380859 -0.42608642578125 -0.7183837890625
-0.038360595703125 -0.00112915039062499 -0.629638671875 -0.03826904296875
-0.00514125823974609 0.0100183486938477 -0.37432861328125 0.264862060546875
0.0144329071044922 0.00657272338867187 -0.0107421875 0.244430541992188
0.0120334625244141 0.00326156616210938 0.183883666992187 0.089813232421875
0.0116004943847656 -0.00452613830566406 -0.129104614257813 -0.112983703613281
0.0169830322265625 0.0120306015014648 0.0994415283203125 -0.255844116210938
0.00904273986816407 0.0268230438232422 0.392486572265625 -0.187530517578125
-0.0124225616455078 0.0239925384521484 0.5987548828125 0.1748046875
-0.0555877685546875 -0.0082550048828125 0.23785400390625 0.71661376953125
-0.0338821411132812 -0.0605621337890625 -0.44189453125 0.830322265625
0.05499267578125 -0.0179405212402344 -0.67437744140625 0.31658935546875
0.0974655151367187 0.0323410034179687 0.0889892578125 0.0762939453125
0.0728530883789063 -0.0129623413085938 0.8359375 -0.32275390625
0.0109443664550781 -0.0449066162109375 0.4329833984375 -0.93310546875
-0.03369140625 -0.0211296081542969 -0.441650390625 -0.70947265625
-0.0359077453613281 -0.00414657592773438 -0.6302490234375 -0.0222167968749999
-0.00608158111572266 0.0105228424072266 -0.372650146484375 0.271881103515625
0.0136051177978516 0.00695419311523437 -0.00444030761718752 0.251480102539063
0.0130529403686523 0.00446414947509766 0.1844482421875 0.0975189208984375
0.0142974853515625 -0.00749111175537109 -0.127021789550781 -0.107749938964844
0.0198993682861328 0.0112781524658203 0.104248046875 -0.244781494140625
0.0167427062988281 0.0238208770751953 0.3985595703125 -0.178619384765625
-0.0124340057373047 0.0274219512939453 0.5960693359375 0.19073486328125
-0.0554313659667969 -0.00609588623046874 0.2220458984375 0.72918701171875
-0.0305519104003906 -0.0599555969238281 -0.46478271484375 0.832275390625
0.0546722412109375 -0.0165863037109375 -0.6824951171875 0.30755615234375
0.0973968505859375 0.0301437377929688 0.084197998046875 0.0727157592773438
0.069122314453125 -0.0187606811523438 0.82635498046875 -0.33154296875
0.00685501098632813 -0.0459480285644531 0.41156005859375 -0.936767578125
-0.0334053039550781 -0.0197563171386719 -0.45458984375 -0.69683837890625
-0.0324840545654297 -0.000980377197265628 -0.63055419921875 -0.0139770507812501
-0.000363349914550783 0.0126791000366211 -0.368377685546875 0.281524658203125
0.0175495147705078 0.00740909576416016 -0.0034332275390625 0.255218505859375
0.0127534866333008 0.000555992126464844 0.183120727539062 0.102828979492188
0.0115671157836914 -0.013092041015625 -0.127357482910156 -0.1029052734375
0.0248584747314453 0.00977706909179688 0.105743408203125 -0.242507934570312
0.0200595855712891 0.0233135223388672 0.39715576171875 -0.1697998046875
-0.00612831115722656 0.0291614532470703 0.59100341796875 0.20233154296875
-0.054290771484375 -0.00415420532226563 0.208740234375 0.7353515625
-0.0339012145996094 -0.0570068359375 -0.48101806640625 0.8284912109375
0.0517768859863281 -0.0212516784667969 -0.69171142578125 0.304443359375
0.099273681640625 0.0239639282226563 0.085235595703125 0.0721969604492188
0.0659904479980469 -0.0213699340820313 0.8162841796875 -0.3392333984375
0.005096435546875 -0.0419197082519531 0.39630126953125 -0.9383544921875
-0.0292873382568359 -0.0146694183349609 -0.4676513671875 -0.6898193359375
-0.0241775512695313 0.000265121459960941 -0.6324462890625 -0.00231933593750007
0.00718212127685547 0.0103368759155273 -0.367919921875 0.289581298828125
0.0230560302734375 0.00274848937988281 4.57763671874933E-05 0.260894775390625
0.0107831954956055 -6.38961791992188E-05 0.18511962890625 0.106597900390625
0.0121231079101563 -0.0154829025268555 -0.12890625 -0.100814819335938
0.0286617279052734 0.00419425964355469 0.10675048828125 -0.238845825195313
0.0307865142822266 0.0208015441894531 0.396087646484375 -0.1685791015625
0.000650405883789062 0.0322170257568359 0.58782958984375 0.2069091796875
-0.0529937744140625 0.00551223754882813 0.204345703125 0.739501953125
-0.03887939453125 -0.0512580871582031 -0.49053955078125 0.82879638671875
0.0486183166503906 -0.0244636535644531 -0.69818115234375 0.30303955078125
0.0967483520507812 0.01910400390625 0.083221435546875 0.0716018676757813
0.0641136169433594 -0.0222549438476562 0.8138427734375 -0.3397216796875
0.00115585327148438 -0.0382728576660156 0.39117431640625 -0.9344482421875
-0.0298862457275391 -0.00828933715820312 -0.4716796875 -0.68212890625
-0.0174102783203125 0.00585651397705078 -0.636474609375 0.00207519531250008
0.0157852172851562 0.00972557067871094 -0.37091064453125 0.29205322265625
0.0271339416503906 -0.0012969970703125 -0.00123596191406248 0.262985229492188
0.0087733268737793 -0.00530576705932617 0.183090209960938 0.1099853515625
0.012420654296875 -0.0205287933349609 -0.126502990722656 -0.101295471191406
0.0345783233642578 -0.00201988220214844 0.106201171875 -0.240020751953125
0.0375213623046875 0.0189552307128906 0.391937255859375 -0.16400146484375
0.0100059509277344 0.0402450561523437 0.59033203125 0.2080078125
-0.053375244140625 0.012481689453125 0.2022705078125 0.74066162109375
-0.0426101684570313 -0.0476303100585938 -0.4930419921875 0.8338623046875
0.042205810546875 -0.0266227722167969 -0.6982421875 0.30413818359375
0.0955657958984375 0.0135726928710938 0.0821075439453125 0.0731048583984375
0.0620460510253906 -0.0249176025390625 0.81585693359375 -0.34051513671875
-0.00160980224609375 -0.0334186553955078 0.38970947265625 -0.93377685546875
-0.0259132385253906 4.9591064453126E-05 -0.47198486328125 -0.68438720703125
-0.0106000900268555 0.00723552703857422 -0.6351318359375 0.00280761718749999
0.0229015350341797 0.00633621215820312 -0.368743896484375 0.29052734375
0.0342044830322266 -0.00503349304199219 -0.00364685058593748 0.262466430664063
0.00586318969726562 -0.0100593566894531 0.1832275390625 0.110931396484375
0.0128250122070313 -0.0249481201171875 -0.127082824707031 -0.105552673339844
0.0387077331542969 -0.0059051513671875 0.104049682617188 -0.245193481445313
0.0452041625976563 0.0139236450195313 0.3929443359375 -0.172454833984375
0.0178375244140625 0.0416717529296875 0.59161376953125 0.2017822265625
-0.0495948791503906 0.0219573974609375 0.210693359375 0.74053955078125
-0.0476531982421875 -0.0412521362304687 -0.48162841796875 0.83642578125
0.0402793884277344 -0.0288047790527344 -0.69512939453125 0.31146240234375
0.0979843139648438 0.00926971435546875 0.0799102783203125 0.075592041015625
0.0577468872070313 -0.0249824523925781 0.81903076171875 -0.33221435546875
-0.00667381286621094 -0.0272216796875 0.3988037109375 -0.9310302734375
-0.0238704681396484 0.0101261138916016 -0.4683837890625 -0.68896484375
-0.00499820709228516 0.0121927261352539 -0.63690185546875 -0.00231933593750013
0.0288295745849609 0.00586509704589844 -0.37060546875 0.28607177734375
0.03948974609375 -0.00739288330078125 -0.00700378417968751 0.259780883789063
0.0030364990234375 -0.0121603012084961 0.177978515625 0.108932495117188
0.0121278762817383 -0.00644111633300781 -0.130256652832031 -0.130744934082031
0.0195293426513672 0.00879859924316406 0.0977630615234375 -0.27142333984375
0.0134544372558594 0.0238399505615234 0.392913818359375 -0.206695556640625
-0.0116233825683594 0.0274944305419922 0.61260986328125 0.1546630859375
-0.0568695068359375 -0.00110244750976562 0.26702880859375 0.704833984375
-0.0372085571289062 -0.0525169372558594 -0.409423828125 0.83917236328125
0.0520820617675781 -0.0159416198730469 -0.65631103515625 0.33160400390625
0.0963592529296875 0.0329208374023438 0.0907821655273438 0.0844497680664063
0.0707168579101563 -0.0086517333984375 0.86029052734375 -0.29864501953125
0.0074310302734375 -0.0405387878417969 0.47943115234375 -0.92626953125
-0.0309085845947266 -0.0197601318359375 -0.41156005859375 -0.73272705078125
-0.0345325469970703 -0.00177574157714844 -0.62738037109375 -0.0524902343750001
-0.00364065170288086 0.00841617584228516 -0.3797607421875 0.25518798828125
0.0162277221679688 0.00382804870605469 -0.014862060546875 0.236953735351563
0.0128898620605469 0.00178337097167969 0.183303833007813 0.0839385986328125
0.0119342803955078 -0.00714397430419922 -0.129356384277344 -0.124725341796875
0.0170745849609375 0.0109033584594727 0.0995635986328125 -0.261215209960938
0.0115756988525391 0.0246257781982422 0.394805908203125 -0.195709228515625
-0.0153083801269531 0.0275344848632813 0.60626220703125 0.16571044921875
-0.0572052001953125 -0.00535202026367188 0.2550048828125 0.71331787109375
-0.0335044860839844 -0.0576133728027344 -0.42962646484375 0.8353271484375
0.0552139282226563 -0.017120361328125 -0.6654052734375 0.32275390625
0.0980606079101563 0.034393310546875 0.0880050659179688 0.07952880859375
0.071746826171875 -0.0117263793945312 0.84814453125 -0.3084716796875
0.00980377197265625 -0.0445289611816406 0.45855712890625 -0.93243408203125
-0.0332450866699219 -0.0214271545410156 -0.42791748046875 -0.7225341796875
-0.0379295349121094 -0.00357437133789062 -0.6285400390625 -0.038818359375
-0.00615501403808594 0.00870466232299805 -0.375732421875 0.26580810546875
0.0133514404296875 0.00755596160888672 -0.012847900390625 0.245376586914063
0.0118818283081055 0.00260829925537109 0.183502197265625 0.092254638671875
0.0107040405273437 -0.00418949127197266 -0.128372192382813 -0.115814208984375
0.0172023773193359 0.0136909484863281 0.102569580078125 -0.254531860351563
0.0103397369384766 0.0247592926025391 0.39605712890625 -0.186431884765625
-0.0150966644287109 0.0261096954345703 0.60076904296875 0.1783447265625
-0.0572128295898438 -0.00812149047851562 0.23773193359375 0.72119140625
-0.032196044921875 -0.0594367980957031 -0.45013427734375 0.83148193359375
0.0555305480957031 -0.0189781188964844 -0.67816162109375 0.31451416015625
0.0977096557617188 0.0309906005859375 0.0860061645507812 0.0760040283203125
0.0701713562011719 -0.0130882263183594 0.8389892578125 -0.31744384765625
0.008209228515625 -0.0461196899414063 0.4371337890625 -0.933349609375
-0.0312919616699219 -0.0231342315673828 -0.43798828125 -0.711669921875
-0.0368194580078125 -0.00250244140624999 -0.63018798828125 -0.0270385742187499
-0.00752639770507813 0.00998401641845703 -0.3740234375 0.27362060546875
0.0154743194580078 0.00662136077880859 -0.00872802734374998 0.25225830078125
0.0144443511962891 0.00233078002929688 0.186431884765625 0.0972137451171875
0.0126028060913086 -0.00681114196777344 -0.125244140625 -0.107536315917969
0.0181751251220703 0.0111637115478516 0.10693359375 -0.248153686523438
0.0150375366210937 0.0242061614990234 0.3984375 -0.17755126953125
-0.0109672546386719 0.0273532867431641 0.59527587890625 0.1947021484375
-0.0565299987792969 -0.00533294677734374 0.22174072265625 0.7332763671875
-0.0317878723144531 -0.0598411560058594 -0.47088623046875 0.83233642578125
0.0525932312011719 -0.0198211669921875 -0.68768310546875 0.3074951171875
0.0978469848632813 0.0291671752929688 0.08416748046875 0.07501220703125
0.0707244873046875 -0.0157623291015625 0.828369140625 -0.32720947265625
0.009490966796875 -0.0445327758789062 0.41619873046875 -0.93670654296875
-0.0324916839599609 -0.0209980010986328 -0.4539794921875 -0.70257568359375
-0.0327033996582031 -0.00232124328613281 -0.63555908203125 -0.01617431640625
-0.00214767456054687 0.0106334686279297 -0.37298583984375 0.281585693359375
0.0182437896728516 0.00530242919921875 -0.00570678710937497 0.25750732421875
0.0130910873413086 0.000896453857421875 0.184310913085938 0.102752685546875
0.0115804672241211 -0.0101757049560547 -0.126548767089844 -0.105232238769531
0.0245380401611328 0.00972938537597656 0.10888671875 -0.241806030273437
0.0204582214355469 0.0221710205078125 0.397674560546875 -0.1688232421875
-0.00508880615234375 0.0305099487304687 0.59210205078125 0.20562744140625
-0.0553321838378906 -0.00262069702148437 0.20806884765625 0.73663330078125
-0.0332984924316406 -0.0564689636230469 -0.49005126953125 0.8323974609375
0.0505523681640625 -0.0201454162597656 -0.69671630859375 0.30224609375
0.097564697265625 0.0250930786132813 0.0834274291992188 0.0735626220703125
0.0665206909179688 -0.0180549621582031 0.82080078125 -0.335205078125
0.00364303588867187 -0.0410804748535156 0.40069580078125 -0.93927001953125
-0.0279617309570312 -0.0156993865966797 -0.46734619140625 -0.693359375
-0.0261783599853516 0.0011749267578125 -0.63629150390625 -0.0037231445312501
0.00572776794433594 0.010467529296875 -0.370452880859375 0.28973388671875
0.0221652984619141 0.00153350830078125 -0.00329589843750001 0.2620849609375
0.0111980438232422 -0.000424385070800781 0.18511962890625 0.109756469726562
0.0131120681762695 -0.0165433883666992 -0.126800537109375 -0.102043151855469
0.0279960632324219 0.00469017028808594 0.106231689453125 -0.239700317382813
0.0288143157958984 0.0209674835205078 0.398529052734375 -0.1654052734375
0.00303459167480469 0.0326595306396484 0.589111328125 0.209716796875
-0.0534095764160156 0.00600814819335937 0.1990966796875 0.743896484375
-0.0395736694335938 -0.0529670715332031 -0.49591064453125 0.8319091796875
0.0468635559082031 -0.0236930847167969 -0.70257568359375 0.30047607421875
0.09613037109375 0.018646240234375 0.0813751220703125 0.0726776123046875
0.0624961853027344 -0.0212059020996094 0.81695556640625 -0.3367919921875
0.00111770629882813 -0.0377426147460938 0.39459228515625 -0.93719482421875
-0.0280570983886719 -0.00701141357421875 -0.473388671875 -0.68707275390625
-0.0185432434082031 0.00501441955566406 -0.63909912109375 0.000854492187500032
0.0137815475463867 0.0100841522216797 -0.370513916015625 0.293365478515625
0.0257797241210938 -0.00141525268554688 -0.00241088867187498 0.263198852539062
0.0105428695678711 -0.00567817687988281 0.185623168945313 0.113189697265625
0.0121784210205078 -0.0210342407226563 -0.128555297851563 -0.102005004882813
0.0354690551757813 -0.00080108642578125 0.10675048828125 -0.242095947265625
0.03857421875 0.0178794860839844 0.39593505859375 -0.166778564453125
0.0109634399414063 0.0379219055175781 0.590087890625 0.20867919921875
-0.0513534545898438 0.0139808654785156 0.20068359375 0.74609375
-0.0433235168457031 -0.048095703125 -0.4947509765625 0.83416748046875
0.0439910888671875 -0.0255813598632813 -0.7034912109375 0.30145263671875
0.095062255859375 0.013397216796875 0.0826568603515625 0.0756149291992188
0.0604400634765625 -0.0218734741210937 0.8153076171875 -0.33441162109375
-0.001922607421875 -0.0328083038330078 0.39764404296875 -0.9344482421875
-0.0265674591064453 0.000562667846679693 -0.47222900390625 -0.68804931640625
-0.00974273681640625 0.00725746154785156 -0.63897705078125 0.00292968749999998
0.0224208831787109 0.00872039794921875 -0.371673583984375 0.292694091796875
0.0333995819091797 -0.00516700744628906 -0.00401306152343751 0.263931274414063
0.0071258544921875 -0.0109128952026367 0.182601928710938 0.112060546875
0.011993408203125 -0.0263309478759766 -0.127914428710938 -0.107734680175781
0.0393753051757813 -0.00411224365234375 0.106185913085937 -0.246200561523438
0.0466651916503906 0.0176239013671875 0.39471435546875 -0.17169189453125
0.0163764953613281 0.0432090759277344 0.59197998046875 0.20550537109375
-0.0504150390625 0.0225830078125 0.20672607421875 0.74383544921875
-0.0468330383300781 -0.04071044921875 -0.48681640625 0.837646484375
0.0401191711425781 -0.0289573669433594 -0.69927978515625 0.30694580078125
0.0954360961914063 0.00986480712890625 0.0791015625 0.0776443481445313
0.0583000183105469 -0.0250205993652344 0.8189697265625 -0.33013916015625
-0.00754928588867188 -0.0263633728027344 0.40673828125 -0.93182373046875
-0.0239105224609375 0.00889205932617187 -0.46771240234375 -0.69268798828125
-0.0027923583984375 0.0111856460571289 -0.63983154296875 -0.00451660156250007
0.0293674468994141 0.00616836547851563 -0.37274169921875 0.28839111328125
0.038055419921875 -0.00909042358398438 -0.0077056884765625 0.260269165039062
0.00457954406738281 -0.0155830383300781 0.181167602539062 0.110336303710937
0.00961780548095703 -0.00698089599609375 -0.132247924804688 -0.132148742675781
0.019378662109375 0.008056640625 0.0989532470703125 -0.270614624023438
0.01300048828125 0.0250377655029297 0.39788818359375 -0.205474853515625
-0.0113372802734375 0.0290241241455078 0.614013671875 0.156005859375
-0.0590286254882812 -0.00117492675781249 0.26580810546875 0.71185302734375
-0.0361900329589844 -0.0519485473632812 -0.41485595703125 0.8433837890625
0.0510597229003906 -0.0171051025390625 -0.66375732421875 0.33026123046875
0.0957107543945313 0.0367202758789063 0.0887832641601562 0.0853118896484375
0.0699996948242187 -0.00819015502929687 0.8651123046875 -0.2960205078125
0.0077362060546875 -0.0393524169921875 0.48468017578125 -0.93121337890625
-0.0313625335693359 -0.0183544158935547 -0.41094970703125 -0.74151611328125
-0.0348129272460938 -0.00249099731445313 -0.6279296875 -0.0528564453125
-0.00443172454833984 0.0101308822631836 -0.38262939453125 0.2564697265625
0.016204833984375 0.00481605529785156 -0.0166168212890625 0.239303588867188
0.0108480453491211 0.000905990600585938 0.183746337890625 0.08697509765625
0.0118989944458008 -0.0042572021484375 -0.129356384277344 -0.125411987304688
0.01806640625 0.0107364654541016 0.101272583007813 -0.263778686523437
0.009674072265625 0.0237770080566406 0.398529052734375 -0.197509765625
-0.0132369995117188 0.0271396636962891 0.60845947265625 0.17010498046875
-0.0592842102050781 -0.00635147094726563 0.25238037109375 0.717529296875
-0.0339813232421875 -0.0556831359863281 -0.43438720703125 0.83953857421875
0.0564956665039063 -0.0154457092285156 -0.67193603515625 0.32135009765625
0.0980987548828125 0.0342254638671875 0.0871200561523438 0.0801925659179688
0.0717926025390625 -0.00782012939453125 0.8531494140625 -0.3070068359375
0.0100860595703125 -0.0432472229003906 0.46087646484375 -0.933349609375
-0.0364494323730469 -0.022216796875 -0.42816162109375 -0.728759765625
-0.0379829406738281 -0.00165557861328126 -0.63275146484375 -0.0423583984374999
-0.00843334197998047 0.0103530883789062 -0.37921142578125 0.2679443359375
0.0138635635375977 0.00650882720947266 -0.0148468017578125 0.245956420898437
0.0155677795410156 0.00317764282226563 0.186111450195313 0.0933685302734375
0.0120744705200195 -0.0058746337890625 -0.130111694335938 -0.117439270019531
0.014739990234375 0.0125980377197266 0.101882934570313 -0.256973266601563
0.0115623474121094 0.0255756378173828 0.39874267578125 -0.183868408203125
-0.0120830535888672 0.0237960815429688 0.60400390625 0.18017578125
-0.0584526062011719 -0.00720214843749999 0.23638916015625 0.7249755859375
-0.0343513488769531 -0.059600830078125 -0.457763671875 0.83477783203125
0.0533447265625 -0.0168952941894531 -0.68182373046875 0.314208984375
0.0977935791015625 0.033416748046875 0.0861587524414063 0.0789871215820313
0.0691413879394531 -0.0130271911621094 0.841552734375 -0.3187255859375
0.00879669189453125 -0.0443496704101563 0.43988037109375 -0.9365234375
-0.03387451171875 -0.0219306945800781 -0.44000244140625 -0.716796875
-0.0384483337402344 -0.00440979003906249 -0.635986328125 -0.0293579101562499
-0.00492191314697266 0.0133066177368164 -0.3773193359375 0.27374267578125
0.0150966644287109 0.00432014465332031 -0.00642395019531248 0.255722045898438
0.0137500762939453 0.00287055969238281 0.18621826171875 0.100860595703125
0.00933265686035156 -0.00669479370117188 -0.128219604492188 -0.111679077148438
0.0204582214355469 0.0103206634521484 0.108123779296875 -0.248764038085938
0.0147361755371094 0.0252952575683594 0.402618408203125 -0.176666259765625
-0.0104885101318359 0.0269451141357422 0.59954833984375 0.19696044921875
-0.0569381713867188 -0.00664138793945313 0.21783447265625 0.740478515625
-0.0309410095214844 -0.0580253601074219 -0.4779052734375 0.836181640625
0.0553474426269531 -0.0178718566894531 -0.69171142578125 0.3031005859375
0.0999526977539063 0.0321426391601563 0.0834121704101563 0.076385498046875
0.0706939697265625 -0.012176513671875 0.835205078125 -0.32794189453125
0.0093536376953125 -0.0449905395507813 0.422607421875 -0.94189453125
-0.0313835144042969 -0.0201511383056641 -0.45574951171875 -0.70660400390625
-0.0340576171875 -0.00193023681640625 -0.63665771484375 -0.01800537109375
-0.00167083740234375 0.0119943618774414 -0.3779296875 0.283721923828125
0.0185508728027344 0.00588417053222656 -0.00805664062500001 0.260391235351563
0.0150909423828125 -0.000459671020507813 0.185379028320313 0.105270385742188
0.0134401321411133 -0.010258674621582 -0.127525329589844 -0.108283996582031
0.0225410461425781 0.0117263793945313 0.108154296875 -0.244308471679688
0.0219821929931641 0.0241661071777344 0.402069091796875 -0.16998291015625
-0.00513267517089844 0.0294361114501953 0.595947265625 0.20819091796875
-0.0557861328125 -0.002288818359375 0.20526123046875 0.7431640625
-0.0340652465820313 -0.0558891296386719 -0.49334716796875 0.8348388671875
0.0526809692382813 -0.0206718444824219 -0.700439453125 0.29888916015625
0.0961532592773438 0.0255203247070313 0.0812759399414062 0.0742950439453125
0.0643768310546875 -0.016448974609375 0.8243408203125 -0.33154296875
0.00339889526367187 -0.0410499572753906 0.40350341796875 -0.943115234375
-0.0320606231689453 -0.0150470733642578 -0.46746826171875 -0.6976318359375
-0.0260143280029297 0.00220298767089843 -0.642333984375 -0.00555419921875004
0.00384235382080078 0.00902748107910156 -0.37152099609375 0.292083740234375
0.0200920104980469 0.0035552978515625 -0.00347900390624999 0.265426635742188
0.0127725601196289 -0.00419044494628906 0.184585571289062 0.114105224609375
0.0123434066772461 -0.0170421600341797 -0.12664794921875 -0.104133605957031
0.0307598114013672 0.00450325012207031 0.107879638671875 -0.24176025390625
0.0288219451904297 0.0201377868652344 0.3985595703125 -0.16961669921875
0.00365829467773437 0.0326786041259766 0.59429931640625 0.2119140625
-0.0534629821777344 0.00614929199218749 0.1981201171875 0.7496337890625
-0.0362319946289063 -0.0523681640625 -0.50335693359375 0.832763671875
0.0476264953613281 -0.0244865417480469 -0.70654296875 0.2958984375
0.0951309204101563 0.0175399780273438 0.0800094604492188 0.0732421875
0.063232421875 -0.0189361572265625 0.8206787109375 -0.33453369140625
0.00175857543945313 -0.0370216369628906 0.39996337890625 -0.93939208984375
-0.0292110443115234 -0.00823402404785156 -0.4715576171875 -0.696533203125
-0.0190563201904297 0.00590324401855469 -0.64117431640625 -0.00164794921875002
0.0097503662109375 0.0100412368774414 -0.374176025390625 0.295501708984375
0.0263423919677734 -0.00186347961425781 -0.00242614746093749 0.265945434570313
0.0091705322265625 -0.00419902801513672 0.186294555664062 0.114486694335938
0.0111255645751953 -0.0235137939453125 -0.13006591796875 -0.106391906738281
0.0342769622802734 0.00087738037109375 0.110092163085937 -0.242477416992188
0.0378875732421875 0.0190200805664063 0.398651123046875 -0.165985107421875
0.0107917785644531 0.0368194580078125 0.59344482421875 0.2120361328125
-0.0530509948730469 0.0154762268066406 0.19805908203125 0.7513427734375
-0.0426826477050781 -0.0479469299316406 -0.50286865234375 0.83660888671875
0.0433425903320312 -0.0260162353515625 -0.7086181640625 0.29827880859375
0.0955581665039063 0.0129623413085938 0.0786666870117188 0.075103759765625
0.0601997375488281 -0.0234489440917969 0.8209228515625 -0.3330078125
-0.00137901306152344 -0.0282917022705078 0.39996337890625 -0.93853759765625
-0.0267677307128906 0.000352859497070307 -0.47314453125 -0.6927490234375
-0.0113973617553711 0.00698280334472656 -0.642333984375 -0.000549316406250078
0.0198631286621094 0.00606727600097656 -0.374114990234375 0.293975830078125
0.0331401824951172 -0.00374603271484375 -0.00328063964843749 0.2657470703125
0.00875759124755859 -0.00893306732177734 0.185760498046875 0.115798950195312
0.0123405456542969 -0.0237846374511719 -0.130142211914063 -0.108169555664062
0.0391387939453125 -0.00504684448242188 0.106369018554688 -0.248336791992188
0.046051025390625 0.0167312622070313 0.396820068359375 -0.1695556640625
0.017303466796875 0.0415153503417969 0.5946044921875 0.2098388671875
-0.0526962280273438 0.0219192504882813 0.20751953125 0.75054931640625
-0.0469284057617187 -0.0372505187988281 -0.49114990234375 0.841552734375
0.038665771484375 -0.0288009643554688 -0.70947265625 0.302978515625
0.0956192016601563 0.00910186767578125 0.0795669555664063 0.0763092041015625
0.0578422546386719 -0.0239601135253906 0.82379150390625 -0.32666015625
-0.00732994079589844 -0.0260353088378906 0.4083251953125 -0.93511962890625
-0.0228786468505859 0.00897026062011718 -0.4697265625 -0.6988525390625
-0.00318336486816406 0.0116243362426758 -0.64422607421875 -0.00463867187500008
0.0290355682373047 0.00506401062011719 -0.37664794921875 0.289947509765625
0.0367584228515625 -0.00952529907226563 -0.0062408447265625 0.26348876953125
0.00590801239013672 -0.0143280029296875 0.182830810546875 0.11151123046875
0.0107460021972656 -0.00664043426513672 -0.133529663085937 -0.135887145996094
0.0186405181884766 0.00752449035644531 0.0993194580078125 -0.27532958984375
0.0144004821777344 0.0236606597900391 0.399200439453125 -0.207275390625
-0.0111427307128906 0.0291786193847656 0.61962890625 0.15655517578125
-0.0564155578613281 -0.00128555297851564 0.2689208984375 0.715576171875
-0.0377006530761719 -0.0523109436035156 -0.420654296875 0.84771728515625
0.0517692565917969 -0.01544189453125 -0.66851806640625 0.3287353515625
0.095855712890625 0.035064697265625 0.0886154174804688 0.0848541259765625
0.0695419311523438 -0.005645751953125 0.86981201171875 -0.29486083984375
0.0079803466796875 -0.0389404296875 0.48968505859375 -0.93560791015625
-0.0322952270507813 -0.0197925567626953 -0.413330078125 -0.7474365234375
-0.0371818542480469 -0.00278091430664062 -0.63568115234375 -0.0549926757812499
-0.00464057922363281 0.0110263824462891 -0.38372802734375 0.2584228515625
0.014923095703125 0.00340080261230469 -0.0167083740234375 0.24359130859375
0.0144128799438477 0.00177097320556641 0.186294555664063 0.088775634765625
0.0125398635864258 -0.00462722778320313 -0.131080627441406 -0.129325866699219
0.0170803070068359 0.0117807388305664 0.100753784179688 -0.266372680664062
0.00940704345703125 0.0252590179443359 0.39923095703125 -0.1961669921875
-0.0133953094482422 0.0272541046142578 0.61346435546875 0.17144775390625
-0.0577888488769531 -0.00555419921875001 0.25286865234375 0.72479248046875
-0.0345840454101563 -0.0556221008300781 -0.4385986328125 0.8460693359375
0.0545997619628906 -0.0160980224609375 -0.6763916015625 0.32080078125
0.0979690551757812 0.0354766845703125 0.08642578125 0.0817642211914063
0.07171630859375 -0.00811004638671875 0.85986328125 -0.30712890625
0.0107536315917969 -0.0434837341308594 0.46600341796875 -0.940673828125
-0.03436279296875 -0.0239219665527344 -0.4298095703125 -0.73345947265625
-0.0387420654296875 -0.00167846679687501 -0.6363525390625 -0.0418701171875
-0.00702095031738281 0.0107488632202148 -0.382476806640625 0.26727294921875
0.0141277313232422 0.00725078582763672 -0.013702392578125 0.250564575195313
0.0143556594848633 0.00246238708496094 0.18878173828125 0.0946807861328125
0.0123357772827148 -0.00526618957519531 -0.129173278808594 -0.12164306640625
0.0164117813110352 0.0130805969238281 0.105148315429688 -0.25860595703125
0.0112686157226562 0.027130126953125 0.4024658203125 -0.18719482421875
-0.0140342712402344 0.0249691009521484 0.6080322265625 0.18402099609375
-0.0570526123046875 -0.00727081298828125 0.23260498046875 0.7320556640625
-0.0321273803710937 -0.0588760375976563 -0.46337890625 0.84149169921875
0.0553932189941406 -0.0162582397460938 -0.68975830078125 0.311767578125
0.0953521728515625 0.033843994140625 0.0844345092773437 0.0787353515625
0.0733718872070313 -0.0098724365234375 0.84820556640625 -0.31500244140625
0.00860595703125001 -0.0449256896972656 0.44659423828125 -0.9444580078125
-0.0335865020751953 -0.0233001708984375 -0.44384765625 -0.72076416015625
-0.0367431640625 -0.001434326171875 -0.6396484375 -0.0276489257812501
-0.00703716278076172 0.0102968215942383 -0.3779296875 0.276885986328125
0.014958381652832 0.00747489929199219 -0.00869750976562497 0.256973266601563
0.0168523788452148 0.00346469879150391 0.190719604492188 0.102554321289062
0.0120849609375 -0.00743293762207031 -0.128318786621094 -0.114372253417969
0.0193099975585938 0.0107841491699219 0.108642578125 -0.251861572265625
0.0152416229248047 0.0236053466796875 0.405059814453125 -0.177398681640625
-0.0114459991455078 0.0268630981445313 0.60205078125 0.19677734375
-0.0571517944335938 -0.00686645507812499 0.218505859375 0.74493408203125
-0.031158447265625 -0.0581245422363281 -0.484375 0.84100341796875
0.0555267333984375 -0.0208702087402344 -0.70068359375 0.30438232421875
0.0966644287109375 0.028961181640625 0.0827560424804688 0.0762557983398438
0.0677299499511719 -0.0144500732421875 0.838134765625 -0.32525634765625
0.00835800170898438 -0.0442428588867188 0.42669677734375 -0.9473876953125
-0.0328540802001953 -0.0220050811767578 -0.45819091796875 -0.71197509765625
-0.0329093933105469 -0.00177955627441406 -0.64129638671875 -0.0150756835937501
-0.00284194946289063 0.0101718902587891 -0.380218505859375 0.28515625
0.0144615173339844 0.00828170776367188 -0.00807189941406249 0.262664794921875
0.0148029327392578 0.00170993804931641 0.1875 0.106094360351563
0.0114154815673828 -0.0105094909667969 -0.12933349609375 -0.109397888183594
0.0246543884277344 0.0108661651611328 0.1099853515625 -0.245361328125
0.0225105285644531 0.0228805541992188 0.40667724609375 -0.170501708984375
-0.00319099426269531 0.0273647308349609 0.5977783203125 0.20697021484375
-0.0555191040039063 -0.00202178955078126 0.20843505859375 0.750244140625
-0.0343818664550781 -0.05645751953125 -0.502197265625 0.8394775390625
0.0503463745117188 -0.0190963745117188 -0.70916748046875 0.29998779296875
0.0985031127929688 0.0237579345703125 0.080413818359375 0.0734405517578125
0.0689506530761719 -0.0176544189453125 0.83221435546875 -0.33123779296875
0.00434494018554687 -0.0416946411132813 0.41064453125 -0.94927978515625
-0.0288944244384766 -0.0147705078125 -0.47021484375 -0.70281982421875
-0.0270977020263672 0.000785827636718753 -0.64239501953125 -0.00378417968749999
0.00420475006103516 0.0100860595703125 -0.37481689453125 0.294219970703125
0.0236740112304687 0.00219345092773438 -0.00537109375000001 0.268051147460938
0.0136785507202148 -0.00189399719238281 0.187606811523438 0.11395263671875
0.0103931427001953 -0.0152387619018555 -0.127159118652344 -0.107131958007813
0.0284500122070313 0.00404167175292969 0.108642578125 -0.2445068359375
0.0289363861083984 0.0216236114501953 0.4033203125 -0.168487548828125
0.00320625305175781 0.0324115753173828 0.59576416015625 0.21490478515625
-0.0549507141113281 0.00566482543945313 0.19915771484375 0.7567138671875
-0.0378036499023438 -0.0507049560546875 -0.50872802734375 0.83892822265625
0.0471420288085937 -0.0249977111816406 -0.71551513671875 0.29583740234375
0.0955886840820313 0.0208740234375 0.0786285400390625 0.0731353759765625
0.0630340576171875 -0.01922607421875 0.82806396484375 -0.33355712890625
-0.000133514404296872 -0.0354118347167969 0.40362548828125 -0.94744873046875
-0.0268783569335937 -0.00870704650878907 -0.4742431640625 -0.70013427734375
-0.018768310546875 0.00684165954589844 -0.646484375 0.000305175781250058
0.013859748840332 0.0102367401123047 -0.377777099609375 0.29852294921875
0.0280323028564453 0.000474929809570313 -0.00309753417968751 0.271759033203125
0.0102968215942383 -0.00528621673583984 0.187820434570313 0.115158081054688
0.0114250183105469 -0.0209102630615234 -0.131210327148438 -0.108062744140625
0.0344448089599609 -0.000400543212890625 0.107421875 -0.245956420898438
0.0386810302734375 0.017486572265625 0.4022216796875 -0.16558837890625
0.0118408203125 0.0364761352539063 0.5972900390625 0.215576171875
-0.0538711547851563 0.013885498046875 0.19696044921875 0.75872802734375
-0.041748046875 -0.0467338562011719 -0.50872802734375 0.8411865234375
0.0447883605957031 -0.0289459228515625 -0.7161865234375 0.29840087890625
0.0955581665039063 0.0152130126953125 0.0782318115234375 0.075286865234375
0.0603828430175781 -0.0228004455566406 0.8271484375 -0.33197021484375
-0.00340461730957031 -0.0310230255126953 0.40557861328125 -0.94696044921875
-0.0266647338867188 0.000839233398437496 -0.4775390625 -0.6973876953125
-0.0124711990356445 0.00917911529541016 -0.64776611328125 0.0013427734375001
0.0200920104980469 0.00677680969238281 -0.378326416015625 0.29541015625
0.0332450866699219 -0.00399017333984375 -0.00598144531249999 0.268600463867188
0.00997829437255859 -0.0100688934326172 0.187576293945312 0.117340087890625
0.0101261138916016 -0.0261898040771484 -0.130226135253906 -0.110328674316406
0.03851318359375 -0.00506591796875 0.107269287109375 -0.249801635742188
0.0452499389648438 0.0149765014648438 0.399810791015625 -0.17474365234375
0.0186614990234375 0.0426559448242188 0.60174560546875 0.2071533203125
-0.0524063110351562 0.0237236022949219 0.2081298828125 0.75579833984375
-0.0452613830566406 -0.0395965576171875 -0.49920654296875 0.84649658203125
0.0395431518554687 -0.0302886962890625 -0.71197509765625 0.30511474609375
0.0945358276367188 0.0103836059570313 0.0771255493164063 0.077972412109375
0.0571975708007812 -0.0234794616699219 0.82940673828125 -0.3255615234375
-0.00668144226074218 -0.0252113342285156 0.41412353515625 -0.941650390625
-0.0231437683105469 0.00712966918945313 -0.4718017578125 -0.7039794921875
-0.0046539306640625 0.0102205276489258 -0.648681640625 -0.00549316406249987
0.0274467468261719 0.00563621520996094 -0.380218505859375 0.291229248046875
0.0375556945800781 -0.008056640625 -0.00810241699218753 0.265335083007813
0.00712203979492188 -0.0142374038696289 0.184326171875 0.11395263671875
0.0103607177734375 -0.00698947906494141 -0.133140563964844 -0.137138366699219
0.0176734924316406 0.00852584838867188 0.0984649658203125 -0.278900146484375
0.0144996643066406 0.0226173400878906 0.4044189453125 -0.208160400390625
-0.0101070404052734 0.0282306671142578 0.62237548828125 0.158447265625
-0.0584869384765625 -0.00154495239257812 0.268310546875 0.72357177734375
-0.036529541015625 -0.0519752502441406 -0.42498779296875 0.856201171875
0.052764892578125 -0.0172805786132813 -0.67657470703125 0.3309326171875
0.0985870361328125 0.0351333618164063 0.086090087890625 0.086944580078125
0.0701866149902344 -0.00500106811523438 0.8763427734375 -0.2962646484375
0.0080108642578125 -0.0390510559082031 0.4932861328125 -0.943603515625
-0.0335216522216797 -0.0212001800537109 -0.418701171875 -0.75323486328125
-0.035980224609375 -0.00195693969726562 -0.6412353515625 -0.0532836914062499
-0.00443935394287109 0.0100107192993164 -0.388458251953125 0.2613525390625
0.0167074203491211 0.00379180908203125 -0.0185699462890625 0.244049072265625
0.0143613815307617 0.00195980072021484 0.188674926757812 0.0889739990234375
0.011566162109375 -0.0072021484375 -0.132034301757812 -0.1295166015625
0.0171194076538086 0.011479377746582 0.10162353515625 -0.269989013671875
0.0100555419921875 0.0254402160644531 0.404693603515625 -0.200958251953125
-0.0143222808837891 0.0266895294189453 0.61822509765625 0.17352294921875
-0.0579986572265625 -0.00585556030273436 0.25341796875 0.732666015625
-0.0330123901367188 -0.0583992004394531 -0.44427490234375 0.85302734375
0.0551300048828125 -0.0187873840332031 -0.68646240234375 0.32257080078125
0.0986480712890625 0.0366134643554688 0.0855941772460937 0.0826950073242188
0.0725860595703125 -0.0062408447265625 0.8663330078125 -0.30810546875
0.00954818725585938 -0.0412788391113281 0.47149658203125 -0.94915771484375
-0.0346355438232422 -0.0237903594970703 -0.43243408203125 -0.7384033203125
-0.0409202575683594 -0.00229644775390626 -0.6412353515625 -0.0426025390625
-0.00970268249511719 0.0104188919067383 -0.385589599609375 0.273345947265625
0.0145025253295898 0.00652217864990234 -0.0118408203125 0.253738403320313
0.015289306640625 0.00150775909423828 0.190261840820312 0.094940185546875
0.0123004913330078 -0.00455760955810547 -0.132789611816406 -0.12188720703125
0.0151739120483398 0.013768196105957 0.103866577148438 -0.26220703125
0.0113067626953125 0.0264778137207031 0.4063720703125 -0.1900634765625
-0.0127506256103516 0.0229721069335938 0.614013671875 0.1832275390625
-0.0599594116210937 -0.00858688354492188 0.23687744140625 0.73968505859375
-0.0319366455078125 -0.0597457885742187 -0.467041015625 0.8475341796875
0.0552597045898438 -0.0163764953613281 -0.69903564453125 0.312255859375
0.0976028442382813 0.0333938598632813 0.0834732055664063 0.076629638671875
0.0703659057617188 -0.00983428955078125 0.85369873046875 -0.31842041015625
0.0102310180664063 -0.0444107055664063 0.45159912109375 -0.949462890625
-0.0346603393554688 -0.0234889984130859 -0.44708251953125 -0.727783203125
-0.0404930114746094 -0.00286102294921875 -0.64447021484375 -0.02911376953125
-0.00868797302246094 0.00968265533447266 -0.38104248046875 0.28338623046875
0.0152759552001953 0.00551319122314453 -0.00965881347656252 0.260757446289063
0.014251708984375 0.00380134582519531 0.193588256835938 0.103591918945313
0.0101490020751953 -0.00827407836914063 -0.130729675292969 -0.11663818359375
0.0187225341796875 0.012542724609375 0.108245849609375 -0.25421142578125
0.0166149139404297 0.0264053344726563 0.411651611328125 -0.17926025390625
-0.00742912292480468 0.0261955261230469 0.610595703125 0.20086669921875
-0.0579948425292969 -0.00549697875976562 0.222900390625 0.75347900390625
-0.0328483581542969 -0.0580177307128906 -0.4884033203125 0.847412109375
0.0542182922363281 -0.0207138061523438 -0.70587158203125 0.30645751953125
0.0982818603515625 0.0304641723632812 0.0794219970703125 0.0755386352539063
0.069793701171875 -0.0126304626464844 0.84576416015625 -0.328369140625
0.0101242065429687 -0.0431671142578125 0.42919921875 -0.95660400390625
-0.0330314636230469 -0.0216884613037109 -0.462890625 -0.7178955078125
-0.0348834991455078 -0.000947952270507813 -0.64874267578125 -0.0152587890625
-0.00263595581054688 0.0105857849121094 -0.38275146484375 0.290191650390625
0.0167016983032227 0.00550079345703125 -0.00720214843750002 0.265106201171875
0.013885498046875 0.000679969787597656 0.190536499023438 0.1085205078125
0.0112838745117188 -0.0122280120849609 -0.127670288085938 -0.111480712890625
0.0230293273925781 0.0103073120117188 0.10906982421875 -0.250274658203125
0.0220928192138672 0.0229988098144531 0.40814208984375 -0.172515869140625
-0.00395584106445312 0.0274276733398438 0.6068115234375 0.21099853515625
-0.0574989318847656 -0.00179290771484375 0.20770263671875 0.7581787109375
-0.0353355407714844 -0.0563812255859375 -0.50634765625 0.84600830078125
0.0535202026367188 -0.0221481323242187 -0.716552734375 0.30010986328125
0.0954971313476563 0.0258331298828125 0.07757568359375 0.0756072998046875
0.0672035217285156 -0.0153312683105469 0.8375244140625 -0.3345947265625
0.00536727905273437 -0.04217529296875 0.41424560546875 -0.958984375
-0.0308952331542969 -0.016448974609375 -0.472900390625 -0.71356201171875
-0.0286197662353516 0.00255966186523437 -0.64862060546875 -0.00494384765624995
0.00263500213623047 0.0115966796875 -0.38092041015625 0.2998046875
0.0198307037353516 0.00423431396484375 -0.006072998046875 0.270370483398438
0.0136270523071289 -0.00029754638671875 0.1923828125 0.115570068359375
0.0120153427124023 -0.0164766311645508 -0.129043579101563 -0.111915588378906
0.02764892578125 0.00496101379394531 0.1080322265625 -0.249114990234375
0.0308895111083984 0.0206661224365234 0.406219482421875 -0.16986083984375
0.00413322448730469 0.0324745178222656 0.60015869140625 0.21661376953125
-0.0563430786132812 0.00601577758789063 0.199462890625 0.76519775390625
-0.0371627807617188 -0.0516242980957031 -0.51531982421875 0.8477783203125
0.046539306640625 -0.0257225036621094 -0.722900390625 0.29638671875
0.0952987670898437 0.01904296875 0.0783157348632813 0.0734634399414063
0.0628013610839844 -0.0186805725097656 0.8355712890625 -0.33624267578125
0.00260543823242187 -0.0379676818847656 0.40948486328125 -0.9541015625
-0.02783203125 -0.0093231201171875 -0.481201171875 -0.70599365234375
-0.0189247131347656 0.00772857666015625 -0.65252685546875 8.03820765288783E-17
0.0100536346435547 0.00937557220458984 -0.380584716796875 0.3001708984375
0.0264034271240234 3.0517578125E-05 -0.00469970703124999 0.273818969726563
0.0115976333618164 -0.006744384765625 0.191635131835938 0.118179321289062
0.0132713317871094 -0.0210628509521484 -0.129814147949219 -0.111122131347656
0.0333805084228516 0.00209426879882813 0.10845947265625 -0.250015258789063
0.04058837890625 0.0180549621582031 0.40655517578125 -0.170196533203125
0.0120010375976563 0.0371322631835938 0.60430908203125 0.21539306640625
-0.0536003112792969 0.0144767761230469 0.1986083984375 0.7642822265625
-0.0414543151855469 -0.0476608276367188 -0.5137939453125 0.84912109375
0.0445556640625 -0.0265083312988281 -0.72137451171875 0.30157470703125
0.095550537109375 0.0132980346679688 0.0772628784179688 0.0759811401367188
0.0592689514160156 -0.0228843688964844 0.8355712890625 -0.3336181640625
-0.00362205505371094 -0.0301265716552734 0.407958984375 -0.95361328125
-0.02728271484375 0.000633239746093747 -0.48291015625 -0.7054443359375
-0.0094757080078125 0.00771999359130859 -0.65093994140625 0.00231933593750007
0.0198593139648438 0.00800132751464844 -0.381439208984375 0.3004150390625
0.0325908660888672 -0.00437545776367188 -0.00523376464843748 0.273391723632813
0.00857639312744141 -0.0117473602294922 0.190216064453125 0.118988037109375
0.01177978515625 -0.025177001953125 -0.130661010742188 -0.112022399902344
0.0399665832519531 -0.0032196044921875 0.10797119140625 -0.25238037109375
0.0484848022460938 0.0165672302246094 0.40447998046875 -0.17498779296875
0.0187339782714844 0.0416221618652344 0.60302734375 0.211181640625
-0.0523109436035156 0.0232429504394531 0.20758056640625 0.76422119140625
-0.0460433959960938 -0.0378608703613281 -0.50469970703125 0.85498046875
0.0398025512695313 -0.0296554565429688 -0.720458984375 0.307861328125
0.096160888671875 0.0079193115234375 0.0776824951171875 0.0767440795898438
0.0569610595703125 -0.0224761962890625 0.83843994140625 -0.32733154296875
-0.00670051574707031 -0.0261726379394531 0.41552734375 -0.94744873046875
-0.0256690979003906 0.00852394104003906 -0.47491455078125 -0.70965576171875
-0.00664806365966797 0.0113496780395508 -0.65447998046875 -0.00329589843749993
0.02911376953125 0.00725936889648437 -0.383392333984375 0.296173095703125
0.0363044738769531 -0.0108146667480469 -0.00866699218749997 0.268295288085938
0.00697994232177734 -0.0154752731323242 0.187347412109375 0.116455078125
0.0119848251342773 -0.00747966766357422 -0.134086608886719 -0.139472961425781
0.0176868438720703 0.00855827331542969 0.09930419921875 -0.281646728515625
0.0158977508544922 0.0224418640136719 0.406097412109375 -0.214263916015625
-0.00979232788085937 0.0264263153076172 0.6318359375 0.15997314453125
-0.0616607666015625 -0.000988006591796874 0.273681640625 0.732666015625
-0.038482666015625 -0.0522232055664063 -0.4296875 0.8675537109375
0.0524787902832031 -0.0175590515136719 -0.68463134765625 0.33563232421875
0.0967559814453125 0.0343399047851563 0.086883544921875 0.086456298828125
0.0705108642578125 -0.0048370361328125 0.8851318359375 -0.300537109375
0.00830841064453125 -0.0375595092773438 0.49664306640625 -0.95611572265625
-0.0332374572753906 -0.0190372467041016 -0.4246826171875 -0.76177978515625
-0.0372314453125 -0.000576019287109379 -0.647216796875 -0.0526733398437501
-0.00584506988525391 0.00884056091308594 -0.392333984375 0.267730712890625
0.0158176422119141 0.00345325469970703 -0.0181884765625 0.251007080078125
0.0158214569091797 0.000745773315429687 0.191986083984375 0.0917510986328125
0.0102930068969727 -0.00647449493408203 -0.134437561035156 -0.133071899414063
0.0161685943603516 0.0134191513061523 0.101119995117187 -0.274169921875
0.0131797790527344 0.0271625518798828 0.4097900390625 -0.203857421875
-0.0121784210205078 0.0245151519775391 0.62738037109375 0.1724853515625
-0.061553955078125 -0.00597000122070313 0.25830078125 0.74200439453125
-0.0347099304199219 -0.0563507080078125 -0.44970703125 0.86505126953125
0.0560302734375 -0.0170555114746094 -0.69366455078125 0.3251953125
0.0982131958007813 0.0379104614257813 0.0836257934570313 0.08221435546875
0.0733413696289063 -0.0060882568359375 0.87353515625 -0.30914306640625
0.010711669921875 -0.0410079956054688 0.47320556640625 -0.9599609375
-0.0358200073242187 -0.0248947143554688 -0.4395751953125 -0.7491455078125
-0.0408058166503906 -0.00284576416015625 -0.65081787109375 -0.03900146484375
-0.00917148590087891 0.0109024047851562 -0.3892822265625 0.278045654296875
0.0124177932739258 0.00653839111328125 -0.014495849609375 0.257232666015625
0.0151548385620117 -0.000197410583496094 0.193771362304688 0.0986785888671875
0.013214111328125 -0.00533199310302734 -0.132278442382813 -0.125282287597656
0.0185337066650391 0.0124034881591797 0.10675048828125 -0.266830444335938
0.0121402740478516 0.0259838104248047 0.41033935546875 -0.19476318359375
-0.0138931274414062 0.0236473083496094 0.6207275390625 0.1854248046875
-0.0607986450195313 -0.00719833374023436 0.239990234375 0.74761962890625
-0.0324363708496094 -0.059234619140625 -0.4713134765625 0.8572998046875
0.0561180114746094 -0.0178070068359375 -0.7061767578125 0.31536865234375
0.0961074829101563 0.0344390869140625 0.0815353393554687 0.076568603515625
0.0725860595703125 -0.00926971435546875 0.86102294921875 -0.3204345703125
0.0107460021972656 -0.0450057983398438 0.45458984375 -0.96136474609375
-0.0345668792724609 -0.0247268676757812 -0.4541015625 -0.7332763671875
-0.0403976440429688 -0.00159072875976563 -0.6531982421875 -0.0239257812499999
-0.0107650756835938 0.0129861831665039 -0.387542724609375 0.2867431640625
0.0136404037475586 0.00776767730712891 -0.0096435546875 0.264175415039063
0.0148582458496094 0.00195407867431641 0.195571899414063 0.10595703125
0.0111398696899414 -0.00568294525146484 -0.131217956542969 -0.11834716796875
0.0175971984863281 0.0114555358886719 0.1072998046875 -0.25738525390625
0.0164470672607422 0.0245742797851563 0.414031982421875 -0.182647705078125
-0.0105972290039062 0.0258846282958984 0.61639404296875 0.20135498046875
-0.0593376159667969 -0.00552749633789063 0.2225341796875 0.76287841796875
-0.0316390991210938 -0.0582923889160156 -0.49505615234375 0.85931396484375
0.0551109313964844 -0.0198478698730469 -0.716796875 0.31121826171875
0.0970382690429688 0.0302352905273438 0.0797348022460938 0.0745162963867188
0.07012939453125 -0.0119171142578125 0.854736328125 -0.32928466796875
0.00745391845703125 -0.0436782836914062 0.43304443359375 -0.9666748046875
-0.0319976806640625 -0.0232295989990234 -0.46978759765625 -0.7264404296875
-0.0356674194335938 -0.000583648681640631 -0.65643310546875 -0.0130615234374999
-0.00397491455078125 0.0114288330078125 -0.3868408203125 0.296844482421875
0.0177974700927734 0.00577354431152344 -0.00761413574218749 0.270538330078125
0.0152063369750977 0.00155067443847656 0.194168090820313 0.109954833984375
0.0108404159545898 -0.0101966857910156 -0.132957458496094 -0.113624572753906
0.0228691101074219 0.0107135772705078 0.10943603515625 -0.254104614257813
0.0223503112792969 0.0243148803710937 0.413665771484375 -0.173187255859375
-0.00516319274902344 0.0297374725341797 0.6114501953125 0.21221923828125
-0.0602188110351562 -0.00267410278320313 0.2113037109375 0.76593017578125
-0.0347747802734375 -0.0564689636230469 -0.51116943359375 0.857666015625
0.0508537292480469 -0.0213661193847656 -0.72540283203125 0.3035888671875
0.096771240234375 0.0249176025390625 0.0792922973632813 0.0750198364257813
0.0671615600585938 -0.0147895812988281 0.84722900390625 -0.337646484375
0.00429153442382813 -0.0422096252441406 0.4158935546875 -0.97015380859375
-0.0329036712646484 -0.0158176422119141 -0.48199462890625 -0.71563720703125
-0.0277023315429688 0.00159263610839844 -0.65521240234375 -0.00366210937500013
0.00260543823242187 0.0110483169555664 -0.38446044921875 0.3038330078125
0.0217399597167969 0.00249862670898438 -0.00547790527343751 0.27496337890625
0.0126552581787109 -0.00413608551025391 0.195907592773438 0.116592407226562
0.00984954833984375 -0.0159797668457031 -0.131454467773438 -0.111618041992188
0.0280075073242188 0.00641441345214844 0.109512329101563 -0.250137329101563
0.0311813354492188 0.0203609466552734 0.4119873046875 -0.17120361328125
0.00550079345703125 0.0302028656005859 0.611083984375 0.21697998046875
-0.055877685546875 0.00531387329101561 0.20330810546875 0.773193359375
-0.0389289855957031 -0.0511741638183594 -0.52001953125 0.857177734375
0.0470962524414063 -0.0261764526367188 -0.73272705078125 0.30157470703125
0.095947265625 0.0193557739257813 0.078369140625 0.0742950439453125
0.0640640258789063 -0.0186042785644531 0.8419189453125 -0.3385009765625
0.000804901123046872 -0.0374298095703125 0.41229248046875 -0.967041015625
-0.0284652709960938 -0.00898933410644531 -0.4862060546875 -0.7120361328125
-0.0225200653076172 0.00417709350585937 -0.6575927734375 0.00573730468750001
0.0115566253662109 0.0104055404663086 -0.38323974609375 0.304931640625
0.0243568420410156 -0.00159835815429688 -0.00373840332031252 0.275466918945313
0.0117282867431641 -0.00675773620605469 0.193862915039063 0.118560791015625
0.00990486145019531 -0.0204124450683594 -0.133888244628906 -0.112556457519531
0.0345878601074219 0.00141334533691406 0.110092163085938 -0.251190185546875
0.0389671325683594 0.0191383361816406 0.40985107421875 -0.17327880859375
0.0132369995117187 0.036285400390625 0.6109619140625 0.220458984375
-0.0541343688964844 0.0146598815917969 0.20220947265625 0.775146484375
-0.0429191589355469 -0.0451087951660156 -0.5201416015625 0.86151123046875
0.0440292358398438 -0.0273551940917969 -0.73211669921875 0.30377197265625
0.0958099365234375 0.0140304565429688 0.076385498046875 0.0757675170898438
0.0618476867675781 -0.0219497680664063 0.84246826171875 -0.339111328125
-0.00352668762207031 -0.0315666198730469 0.40972900390625 -0.9647216796875
-0.0287857055664063 0.000366210937499995 -0.488525390625 -0.711181640625
-0.0135030746459961 0.00915431976318359 -0.66180419921875 0.0042114257812499
0.0192909240722656 0.00783729553222656 -0.3846435546875 0.3038330078125
0.0322246551513672 -0.00455474853515625 -0.00553894042968751 0.277801513671875
0.00833606719970703 -0.0110321044921875 0.193572998046875 0.119766235351563
0.0119285583496094 -0.0273227691650391 -0.132118225097656 -0.114151000976562
0.0389823913574219 -0.00377655029296875 0.10791015625 -0.25592041015625
0.0493354797363281 0.0162849426269531 0.409912109375 -0.17645263671875
0.018341064453125 0.0422897338867187 0.6112060546875 0.2110595703125
-0.0533905029296875 0.0253524780273438 0.21173095703125 0.77386474609375
-0.0491447448730469 -0.0382537841796875 -0.5076904296875 0.86651611328125
0.0417823791503906 -0.0294227600097656 -0.72869873046875 0.3096923828125
0.0967178344726563 0.0113906860351563 0.0759429931640625 0.077667236328125
0.0576171875 -0.0228118896484375 0.84674072265625 -0.33099365234375
-0.00595283508300781 -0.0234222412109375 0.41973876953125 -0.960693359375
-0.0241718292236328 0.00978279113769532 -0.483154296875 -0.71661376953125
-0.00456714630126953 0.011866569519043 -0.66046142578125 -0.00134277343750001
0.0282535552978516 0.00467681884765625 -0.387725830078125 0.301177978515625
0.037384033203125 -0.00923919677734375 -0.00944519042968751 0.272003173828125
0.00747203826904297 -0.0154790878295898 0.191741943359375 0.118011474609375
0.00963401794433594 -0.00719261169433594 -0.138381958007813 -0.142349243164063
0.0176239013671875 0.0102195739746094 0.09954833984375 -0.287200927734375
0.0168800354003906 0.0254669189453125 0.413055419921875 -0.2176513671875
-0.0100250244140625 0.0271587371826172 0.63861083984375 0.1575927734375
-0.0607337951660156 -0.00256347656250001 0.2763671875 0.7423095703125
-0.0374488830566406 -0.0509910583496094 -0.43109130859375 0.88128662109375
0.0522994995117188 -0.0183372497558594 -0.6920166015625 0.3428955078125
0.0956344604492188 0.0351333618164063 0.0855636596679688 0.086029052734375
0.0720596313476563 -0.00542449951171875 0.89288330078125 -0.30316162109375
0.00887680053710938 -0.036224365234375 0.49969482421875 -0.96722412109375
-0.0366668701171875 -0.0201606750488281 -0.43475341796875 -0.7685546875
-0.0405998229980469 -0.00204086303710938 -0.6534423828125 -0.0490112304687501
-0.00880336761474609 0.0104656219482422 -0.3958740234375 0.273712158203125
0.0134658813476563 0.00465774536132813 -0.0179595947265625 0.25262451171875
0.0139312744140625 -0.00201702117919922 0.196640014648438 0.091705322265625
0.0120143890380859 -0.00427341461181641 -0.137710571289062 -0.134933471679688
0.0171957015991211 0.0145788192749023 0.102462768554687 -0.2774658203125
0.0141162872314453 0.0253429412841797 0.41162109375 -0.2073974609375
-0.0137062072753906 0.0259914398193359 0.6357421875 0.17474365234375
-0.0629806518554687 -0.00525665283203124 0.2646484375 0.74981689453125
-0.0345001220703125 -0.0560264587402344 -0.45245361328125 0.8763427734375
0.055206298828125 -0.0186538696289063 -0.70599365234375 0.33160400390625
0.097503662109375 0.033905029296875 0.0833892822265625 0.0832138061523437
0.0700149536132813 -0.00585556030273438 0.88226318359375 -0.31640625
0.00880050659179687 -0.0427093505859375 0.47509765625 -0.9739990234375
-0.0364303588867188 -0.0254783630371094 -0.44940185546875 -0.75634765625
-0.0404014587402344 -0.00417709350585937 -0.658447265625 -0.037353515625
-0.0085601806640625 0.0138225555419922 -0.39520263671875 0.28399658203125
0.0133333206176758 0.00642204284667969 -0.01397705078125 0.262176513671875
0.0144500732421875 0.00179862976074219 0.19708251953125 0.098541259765625
0.0105819702148438 -0.00577640533447266 -0.135940551757813 -0.1259765625
0.016871452331543 0.0153579711914063 0.104583740234375 -0.268997192382813
0.012420654296875 0.0267333984375 0.4150390625 -0.196807861328125
-0.0141220092773437 0.0221920013427734 0.62823486328125 0.18511962890625
-0.0590591430664063 -0.00798797607421876 0.24542236328125 0.7567138671875
-0.0344009399414062 -0.05718994140625 -0.4739990234375 0.8699951171875
0.0569801330566406 -0.0184783935546875 -0.71484375 0.3212890625
0.0949172973632813 0.0330657958984375 0.080413818359375 0.0811233520507813
0.0735702514648438 -0.0100631713867188 0.86968994140625 -0.3262939453125
0.00827407836914062 -0.0437355041503906 0.4552001953125 -0.97369384765625
-0.0338706970214844 -0.0254745483398438 -0.46270751953125 -0.7408447265625
-0.0405311584472656 -0.00187301635742187 -0.6605224609375 -0.0211791992187499
-0.00878620147705078 0.0131645202636719 -0.389312744140625 0.292724609375
0.0123357772827148 0.00711822509765625 -0.00955200195312498 0.269729614257813
0.0145206451416016 0.00208282470703125 0.197402954101563 0.10577392578125
0.012425422668457 -0.00810432434082031 -0.136192321777344 -0.120315551757812
0.0176010131835938 0.0149784088134766 0.1099853515625 -0.263229370117188
0.0157852172851563 0.0245513916015625 0.417144775390625 -0.186309814453125
-0.00905036926269531 0.0257072448730469 0.62603759765625 0.19854736328125
-0.0608100891113281 -0.00619506835937501 0.22943115234375 0.77142333984375
-0.0358161926269531 -0.056915283203125 -0.4957275390625 0.8681640625
0.0556068420410156 -0.019775390625 -0.72406005859375 0.3140869140625
0.09710693359375 0.0292816162109375 0.0788345336914063 0.0772171020507813
0.0704193115234375 -0.0119705200195313 0.86419677734375 -0.33673095703125
0.0080108642578125 -0.04376220703125 0.43402099609375 -0.97882080078125
-0.0349941253662109 -0.0214252471923828 -0.48004150390625 -0.730712890625
-0.0369224548339844 9.15527343750025E-05 -0.6646728515625 -0.00811767578125009
-0.00239181518554687 0.0109415054321289 -0.389923095703125 0.301849365234375
0.0183067321777344 0.00691413879394531 -0.00666809082031249 0.276885986328125
0.0176162719726562 0.00131607055664062 0.1983642578125 0.1090087890625
0.0113019943237305 -0.01153564453125 -0.134841918945313 -0.115890502929688
0.0228996276855469 0.0128116607666016 0.110519409179687 -0.258453369140625
0.0238380432128906 0.0235500335693359 0.417816162109375 -0.1766357421875
-0.00242996215820313 0.0278167724609375 0.620849609375 0.21234130859375
-0.0573959350585937 -0.00184249877929687 0.21490478515625 0.77850341796875
-0.0342140197753906 -0.0576820373535156 -0.50994873046875 0.8695068359375
0.0534095764160156 -0.0234107971191406 -0.7332763671875 0.309814453125
0.0974884033203125 0.0255584716796875 0.0806732177734375 0.0758514404296875
0.0692520141601563 -0.0159072875976563 0.85113525390625 -0.34332275390625
0.00449371337890625 -0.0423355102539063 0.41693115234375 -0.978271484375
-0.0309734344482422 -0.0182514190673828 -0.4906005859375 -0.72271728515625
-0.0279922485351563 0.00377273559570313 -0.66552734375 0.00195312499999987
0.00177478790283203 0.0125856399536133 -0.388336181640625 0.310455322265625
0.0189094543457031 0.00388336181640625 -0.00544738769531248 0.279510498046875
0.0158071517944336 -0.00323867797851563 0.20013427734375 0.1182861328125
0.0101070404052734 -0.0150814056396484 -0.136474609375 -0.113487243652344
0.0281295776367188 0.0058746337890625 0.112152099609375 -0.254257202148438
0.0308399200439453 0.0219879150390625 0.417633056640625 -0.177398681640625
0.00610160827636719 0.0302715301513672 0.61993408203125 0.216796875
-0.0606460571289063 0.00723648071289064 0.207275390625 0.78271484375
-0.0384063720703125 -0.050323486328125 -0.523681640625 0.8701171875
0.0506210327148438 -0.0260047912597656 -0.74005126953125 0.3082275390625
0.0973739624023438 0.0201644897460938 0.0754776000976563 0.073638916015625
0.0651702880859375 -0.0164070129394531 0.85382080078125 -0.344970703125
-0.000877380371093751 -0.0357513427734375 0.40948486328125 -0.97747802734375
-0.0294761657714844 -0.00922012329101563 -0.49530029296875 -0.7183837890625
-0.0212192535400391 0.00606918334960937 -0.6690673828125 0.0056762695312501
0.0118808746337891 0.0108356475830078 -0.387298583984375 0.31146240234375
0.0242633819580078 0.000125885009765625 -0.00366210937499998 0.281707763671875
0.0148868560791016 -0.00891304016113281 0.200454711914063 0.11920166015625
0.00877189636230469 -0.0235576629638672 -0.13623046875 -0.11346435546875
0.0348987579345703 -0.000925064086914063 0.107772827148438 -0.255203247070313
0.0397148132324219 0.0169830322265625 0.4124755859375 -0.176483154296875
0.0136909484863281 0.0378379821777344 0.6182861328125 0.2181396484375
-0.0551567077636719 0.0123291015625 0.2103271484375 0.78582763671875
-0.0448722839355469 -0.0444526672363281 -0.5205078125 0.87554931640625
0.04486083984375 -0.0288772583007813 -0.74078369140625 0.30908203125
0.0967788696289063 0.0139312744140625 0.0756759643554687 0.0765533447265625
0.0607185363769531 -0.0223350524902344 0.8477783203125 -0.34320068359375
-0.00458335876464843 -0.0300197601318359 0.4112548828125 -0.97833251953125
-0.0269660949707031 -0.000665664672851561 -0.4932861328125 -0.71600341796875
-0.0123462677001953 0.0103139877319336 -0.668212890625 0.0083007812499999
0.0209388732910156 0.00667381286621094 -0.38800048828125 0.310791015625
0.0320262908935547 -0.00457382202148438 -0.00573730468749999 0.28131103515625
0.0100288391113281 -0.0128030776977539 0.197662353515625 0.119918823242187
0.0113449096679688 -0.0257968902587891 -0.137008666992188 -0.116653442382812
0.0373191833496094 -0.00321197509765625 0.107986450195313 -0.26068115234375
0.047576904296875 0.0156173706054688 0.41351318359375 -0.180206298828125
0.0213127136230469 0.0416603088378906 0.619140625 0.21014404296875
-0.0584297180175781 0.0250282287597656 0.21917724609375 0.78289794921875
-0.0495872497558594 -0.0357627868652344 -0.5115966796875 0.87945556640625
0.0369949340820313 -0.0312728881835938 -0.736328125 0.3160400390625
0.09490966796875 0.00846099853515625 0.0758743286132813 0.0786209106445313
0.0579299926757813 -0.0216331481933594 0.85137939453125 -0.33502197265625
-0.00815773010253906 -0.0221729278564453 0.41632080078125 -0.97271728515625
-0.0255870819091797 0.00933647155761718 -0.4930419921875 -0.72161865234375
-0.00621128082275391 0.0116405487060547 -0.6689453125 0.000549316406250105
0.0265712738037109 0.00565338134765625 -0.391510009765625 0.3082275390625
0.0372200012207031 -0.00896072387695312 -0.00823974609375 0.275558471679688
0.00854587554931641 -0.0153751373291016 0.19439697265625 0.1185302734375
0.00975131988525391 -0.00962352752685547 -0.14208984375 -0.14508056640625
0.0177497863769531 0.0105762481689453 0.098785400390625 -0.292144775390625
0.0160007476806641 0.0250301361083984 0.414642333984375 -0.222625732421875
-0.0103092193603516 0.0279254913330078 0.6485595703125 0.15301513671875
-0.0640182495117187 0.0019073486328125 0.28839111328125 0.75079345703125
-0.0388526916503906 -0.0508346557617188 -0.4306640625 0.89398193359375
0.0534515380859375 -0.0175590515136719 -0.69989013671875 0.3486328125
0.098358154296875 0.0348434448242187 0.0839691162109375 0.0870437622070313
0.07122802734375 -0.0042266845703125 0.90106201171875 -0.31414794921875
0.00828170776367188 -0.0358123779296875 0.49688720703125 -0.98199462890625
-0.035858154296875 -0.0200157165527344 -0.44482421875 -0.77337646484375
-0.0406227111816406 -0.000720977783203117 -0.66326904296875 -0.0443115234375
-0.00746440887451172 0.0100297927856445 -0.399749755859375 0.2818603515625
0.0149526596069336 0.00488090515136719 -0.016265869140625 0.2584228515625
0.0151376724243164 0.00141334533691406 0.200103759765625 0.093109130859375
0.0111541748046875 -0.00506210327148438 -0.140060424804687 -0.137542724609375
0.0192699432373047 0.0160045623779297 0.10162353515625 -0.283355712890625
0.0126457214355469 0.0258941650390625 0.41668701171875 -0.214752197265625
-0.0131149291992187 0.0241222381591797 0.642333984375 0.16900634765625
-0.0615692138671875 -0.00452041625976562 0.27197265625 0.7586669921875
-0.0349502563476562 -0.0564537048339844 -0.4500732421875 0.8912353515625
0.0570297241210938 -0.0186195373535156 -0.71148681640625 0.34002685546875
0.0967178344726563 0.0347671508789063 0.086700439453125 0.0820846557617188
0.0725326538085938 -0.0054473876953125 0.88897705078125 -0.3232421875
0.00814437866210937 -0.0408363342285156 0.4744873046875 -0.9832763671875
-0.0362052917480469 -0.0242156982421875 -0.45941162109375 -0.76153564453125
-0.0428733825683594 -0.00322723388671876 -0.66595458984375 -0.03106689453125
-0.0109405517578125 0.0118322372436523 -0.395416259765625 0.290435791015625
0.0156097412109375 0.00686740875244141 -0.010986328125 0.265106201171875
0.017059326171875 -0.000403404235839844 0.2025146484375 0.098052978515625
0.0118436813354492 -0.00573921203613281 -0.135841369628906 -0.128402709960938
0.0186271667480469 0.0145492553710938 0.103317260742188 -0.2735595703125
0.0110340118408203 0.0247421264648438 0.41973876953125 -0.202362060546875
-0.0125236511230469 0.0217494964599609 0.63885498046875 0.17999267578125
-0.0623626708984375 -0.00782012939453124 0.25421142578125 0.76641845703125
-0.0334320068359375 -0.0583305358886719 -0.47479248046875 0.88409423828125
0.0561027526855469 -0.0186538696289063 -0.7237548828125 0.33026123046875
0.0968704223632813 0.0336074829101563 0.0811691284179687 0.0793838500976563
0.07330322265625 -0.0105209350585937 0.8779296875 -0.334716796875
0.00798416137695313 -0.0440521240234375 0.453857421875 -0.98687744140625
-0.0352134704589844 -0.0242042541503906 -0.47271728515625 -0.748291015625
-0.0411643981933594 0.000297546386718754 -0.668212890625 -0.0136718750000001
-0.00779533386230469 0.010676383972168 -0.393341064453125 0.30206298828125
0.0156545639038086 0.00732898712158203 -0.00685119628906247 0.273056030273438
0.0174922943115234 0.00237941741943359 0.202713012695313 0.10589599609375
0.0115518569946289 -0.00638771057128906 -0.137779235839844 -0.122039794921875
0.0190906524658203 0.0129051208496094 0.106002807617188 -0.266677856445313
0.015716552734375 0.0264949798583984 0.422332763671875 -0.19110107421875
-0.00993537902832031 0.0259513854980469 0.6343994140625 0.19635009765625
-0.0603408813476563 -0.00599670410156251 0.2359619140625 0.77825927734375
-0.03399658203125 -0.0579719543457031 -0.4974365234375 0.8878173828125
0.0540199279785156 -0.0196075439453125 -0.73052978515625 0.323486328125
0.0973968505859375 0.0308380126953125 0.080718994140625 0.0778427124023437
0.0725784301757813 -0.0114364624023438 0.86669921875 -0.3448486328125
0.00730133056640625 -0.0431556701660156 0.4302978515625 -0.99212646484375
-0.0331134796142578 -0.0218582153320313 -0.4906005859375 -0.73687744140625
-0.0352249145507813 0.000999450683593757 -0.671630859375 -0.00341796875000012
-0.00333023071289063 0.0114717483520508 -0.391571044921875 0.311614990234375
0.0143508911132812 0.00687885284423828 -0.00665283203125001 0.281463623046875
0.0160236358642578 -0.000102996826171875 0.202651977539063 0.111175537109375
0.0112323760986328 -0.010228157043457 -0.137916564941406 -0.117294311523437
0.0247039794921875 0.0109901428222656 0.108749389648438 -0.261398315429688
0.0232124328613281 0.0232315063476562 0.423065185546875 -0.185821533203125
-0.00280189514160156 0.0283737182617188 0.63067626953125 0.209228515625
-0.0596427917480469 -0.000701904296874996 0.22332763671875 0.7882080078125
-0.0353736877441406 -0.0548591613769531 -0.51470947265625 0.88250732421875
0.0540428161621094 -0.0239143371582031 -0.74188232421875 0.3177490234375
0.0979843139648437 0.0254898071289063 0.0778427124023437 0.075225830078125
0.069183349609375 -0.0148773193359375 0.8597412109375 -0.3505859375
0.00384521484375 -0.0396804809570313 0.4150390625 -0.994384765625
-0.0324554443359375 -0.01629638671875 -0.50042724609375 -0.72772216796875
-0.0288619995117187 0.00312042236328125 -0.67047119140625 0.00817871093749986
0.000530242919921875 0.0124349594116211 -0.389801025390625 0.316131591796875
0.0194492340087891 0.00280952453613281 -0.00192260742187498 0.284149169921875
0.0155143737792969 -0.00319957733154297 0.201858520507813 0.116989135742188
0.0123186111450195 -0.0164175033569336 -0.138931274414063 -0.115753173828125
0.0270957946777344 0.00786590576171875 0.109024047851563 -0.257781982421875
0.0322723388671875 0.0223484039306641 0.420684814453125 -0.181304931640625
0.00515937805175781 0.0311470031738281 0.62744140625 0.2161865234375
-0.0586967468261719 0.006591796875 0.21685791015625 0.7904052734375
-0.0406875610351562 -0.0500221252441406 -0.52142333984375 0.88519287109375
0.0492477416992188 -0.0262069702148438 -0.74639892578125 0.31634521484375
0.0960311889648438 0.0190582275390625 0.0765228271484375 0.0744400024414063
0.0642051696777344 -0.0182151794433594 0.857666015625 -0.3548583984375
-0.000446319580078128 -0.0347118377685547 0.40869140625 -0.99139404296875
-0.0295124053955078 -0.00950050354003906 -0.50494384765625 -0.72320556640625
-0.0230312347412109 0.00572395324707031 -0.67510986328125 0.01226806640625
0.011631965637207 0.0112133026123047 -0.388519287109375 0.320037841796875
0.0272254943847656 -0.000925064086914062 -0.000762939453125004 0.285064697265625
0.0127201080322266 -0.00809669494628906 0.201431274414063 0.119949340820313
0.0105648040771484 -0.0223331451416016 -0.137931823730469 -0.117111206054687
0.0335235595703125 -0.000865936279296875 0.108184814453125 -0.260269165039062
0.0411605834960938 0.018768310546875 0.417938232421875 -0.18072509765625
0.0138053894042969 0.03704833984375 0.62689208984375 0.216064453125
-0.0555381774902344 0.0168952941894531 0.2158203125 0.79351806640625
-0.0449447631835938 -0.0433883666992188 -0.52276611328125 0.89141845703125
0.0463104248046875 -0.0291976928710938 -0.7484130859375 0.31658935546875
0.0940780639648437 0.0137710571289062 0.07501220703125 0.0761566162109375
0.0623931884765625 -0.0209579467773438 0.85626220703125 -0.3519287109375
-0.00482368469238281 -0.0289421081542969 0.40924072265625 -0.9912109375
-0.0287399291992187 0.00187301635742187 -0.5081787109375 -0.72412109375
-0.0136013031005859 0.00928783416748047 -0.6754150390625 0.0114746093750001
0.0216960906982422 0.00732994079589844 -0.390533447265625 0.320404052734375
0.0318260192871094 -0.00630378723144531 -0.00186157226562501 0.284759521484375
0.00999736785888672 -0.0122833251953125 0.20281982421875 0.120086669921875
0.0117053985595703 -0.0255661010742187 -0.14019775390625 -0.117561340332031
0.0403671264648438 -0.00330352783203125 0.106369018554687 -0.265167236328125
0.0510368347167969 0.0157318115234375 0.417022705078125 -0.186370849609375
0.0213661193847656 0.0396385192871094 0.6302490234375 0.21002197265625
-0.057769775390625 0.02716064453125 0.22564697265625 0.79241943359375
-0.0504722595214844 -0.0360107421875 -0.51171875 0.89288330078125
0.0408401489257813 -0.0312423706054688 -0.744384765625 0.322509765625
0.0949325561523437 0.00855255126953125 0.0752105712890625 0.079864501953125
0.0574951171875 -0.0208511352539063 0.860107421875 -0.3453369140625
-0.00714492797851562 -0.0236263275146484 0.4178466796875 -0.9853515625
-0.0263900756835937 0.00708389282226563 -0.500732421875 -0.726806640625
-0.00657558441162109 0.0132455825805664 -0.6754150390625 0.00836181640624994
0.0269947052001953 0.00665473937988281 -0.3927001953125 0.3160400390625
0.0378875732421875 -0.00971221923828125 -0.00775146484375002 0.280776977539063
0.00706958770751953 -0.0149469375610352 0.198974609375 0.120040893554687
0.0101737976074219 -0.00879383087158203 -0.145736694335938 -0.144821166992188
0.0198249816894531 0.0112953186035156 0.09490966796875 -0.29559326171875
0.0157814025878906 0.0234279632568359 0.41839599609375 -0.229583740234375
-0.0103435516357422 0.0277652740478516 0.65771484375 0.14849853515625
-0.0634803771972656 0.000404357910156257 0.29730224609375 0.75579833984375
-0.0397186279296875 -0.0493240356445313 -0.4278564453125 0.90753173828125
0.0532112121582031 -0.0187873840332031 -0.7041015625 0.35699462890625
0.098052978515625 0.0349807739257813 0.0851669311523438 0.0877532958984375
0.069976806640625 -0.00323104858398438 0.90411376953125 -0.32562255859375
0.007659912109375 -0.038116455078125 0.49334716796875 -0.99554443359375
-0.0376091003417969 -0.0182342529296875 -0.4556884765625 -0.7774658203125
-0.0392189025878906 0.00145721435546874 -0.67254638671875 -0.0389404296874999
-0.00653934478759766 0.0110969543457031 -0.40338134765625 0.287109375
0.014312744140625 0.00380229949951172 -0.0140533447265625 0.262939453125
0.0160179138183594 -0.0012664794921875 0.20355224609375 0.092376708984375
0.0100994110107422 -0.00490856170654297 -0.143341064453125 -0.137939453125
0.018157958984375 0.0138072967529297 0.099761962890625 -0.287506103515625
0.0137825012207031 0.0253810882568359 0.41943359375 -0.222198486328125
-0.0120525360107422 0.0241928100585938 0.65142822265625 0.16552734375
-0.065155029296875 -0.00516128540039064 0.28326416015625 0.76336669921875
-0.0365524291992188 -0.0542984008789062 -0.45013427734375 0.90325927734375
0.0551643371582031 -0.0177497863769531 -0.7152099609375 0.3509521484375
0.0994186401367188 0.0345687866210938 0.084503173828125 0.0827865600585937
0.075408935546875 -0.0059814453125 0.893798828125 -0.33447265625
0.0079345703125 -0.0402603149414063 0.4700927734375 -1.00042724609375
-0.036865234375 -0.0250740051269531 -0.47442626953125 -0.7630615234375
-0.0439491271972656 -0.00240325927734374 -0.67364501953125 -0.022216796875
-0.0104579925537109 0.0115270614624023 -0.397705078125 0.30157470703125
0.0123281478881836 0.00718879699707031 -0.0102996826171875 0.2698974609375
0.0177707672119141 -0.000238418579101562 0.205184936523437 0.099822998046875
0.00830793380737305 -0.00485658645629883 -0.141571044921875 -0.132720947265625
0.0176830291748047 0.0140323638916016 0.10321044921875 -0.280670166015625
0.0139255523681641 0.0251655578613281 0.423431396484375 -0.205841064453125
-0.0110359191894531 0.0221290588378906 0.6488037109375 0.17913818359375
-0.0635261535644531 -0.00607681274414064 0.263671875 0.77490234375
-0.034942626953125 -0.0580596923828125 -0.46875 0.8988037109375
0.0545196533203125 -0.0210418701171875 -0.72802734375 0.33721923828125
0.0989151000976563 0.0334854125976563 0.0801239013671875 0.0784454345703125
0.0743179321289062 -0.008392333984375 0.88189697265625 -0.3455810546875
0.0100631713867188 -0.0441360473632812 0.4478759765625 -1.00390625
-0.0368919372558594 -0.0256195068359375 -0.487060546875 -0.74835205078125
-0.0418777465820313 -0.000194549560546883 -0.67767333984375 -0.00946044921875005
-0.00990867614746094 0.0123624801635742 -0.3951416015625 0.309661865234375
0.0128955841064453 0.00663661956787109 -0.00338745117187501 0.275604248046875
0.0167179107666016 -0.00104522705078125 0.207626342773438 0.107192993164063
0.0113296508789063 -0.00560474395751953 -0.139427185058594 -0.1236572265625
0.0211296081542969 0.0149078369140625 0.105133056640625 -0.271148681640625
0.0187149047851563 0.0257339477539063 0.422210693359375 -0.196746826171875
-0.00953292846679688 0.0246963500976562 0.64251708984375 0.19482421875
-0.0618667602539063 -0.00376892089843749 0.24444580078125 0.78558349609375
-0.034332275390625 -0.0573692321777344 -0.49456787109375 0.9007568359375
0.0559425354003906 -0.0205726623535156 -0.739013671875 0.3321533203125
0.0971603393554688 0.028594970703125 0.0797653198242188 0.077911376953125
0.0711593627929688 -0.0105209350585938 0.87249755859375 -0.35491943359375
0.00715255737304688 -0.0425758361816406 0.42620849609375 -1.0067138671875
-0.0337295532226563 -0.0216827392578125 -0.5010986328125 -0.7396240234375
-0.0380744934082031 0.00143051147460937 -0.67779541015625 0.00646972656249988
-0.00439929962158203 0.0122871398925781 -0.391571044921875 0.316741943359375
0.0180110931396484 0.00423240661621094 -0.00259399414062497 0.28369140625
0.0181007385253906 -0.00101280212402344 0.206695556640625 0.111557006835937
0.0113325119018555 -0.0119504928588867 -0.14080810546875 -0.119598388671875
0.0227127075195312 0.0120506286621094 0.106521606445312 -0.268417358398438
0.0247478485107422 0.0239276885986328 0.425079345703125 -0.191925048828125
-0.00071907043457031 0.0268726348876953 0.64044189453125 0.206787109375
-0.0630722045898438 -0.000957489013671885 0.233642578125 0.795654296875
-0.0361137390136719 -0.055206298828125 -0.5128173828125 0.89892578125
0.0530204772949219 -0.0259246826171875 -0.74786376953125 0.32769775390625
0.0981521606445312 0.023681640625 0.0790786743164063 0.0755386352539063
0.0686492919921875 -0.0128517150878906 0.86383056640625 -0.36151123046875
0.000621795654296879 -0.0416488647460938 0.4095458984375 -1.0079345703125
-0.0350704193115234 -0.0162391662597656 -0.51513671875 -0.73193359375
-0.0303153991699219 0.00377464294433594 -0.6790771484375 0.0152587890625001
0.00204658508300781 0.01153564453125 -0.388519287109375 0.327362060546875
0.0197238922119141 0.00280570983886719 -0.000488281250000008 0.2860107421875
0.0144472122192383 -0.00384330749511719 0.207870483398438 0.118316650390625
0.011784553527832 -0.0162115097045898 -0.140419006347656 -0.116172790527344
0.0289688110351563 0.00824546813964844 0.10845947265625 -0.263809204101563
0.0328998565673828 0.0201549530029297 0.423583984375 -0.186004638671875
0.00559806823730469 0.0317039489746094 0.63812255859375 0.21331787109375
-0.0611419677734375 0.00788497924804687 0.22601318359375 0.7996826171875
-0.0406761169433594 -0.049560546875 -0.52264404296875 0.90081787109375
0.047760009765625 -0.0272064208984375 -0.75439453125 0.32550048828125
0.0959701538085938 0.018768310546875 0.0774307250976563 0.076629638671875
0.0649375915527344 -0.0187225341796875 0.85986328125 -0.36492919921875
-0.000556945800781249 -0.0352783203125 0.4033203125 -1.00531005859375
-0.0296974182128906 -0.00754547119140625 -0.5184326171875 -0.7266845703125
-0.0235366821289063 0.00742912292480468 -0.68212890625 0.0208129882812499
0.0109109878540039 0.0100603103637695 -0.3897705078125 0.331146240234375
0.0276012420654297 -0.00254631042480469 0.00170898437500002 0.291961669921875
0.0131807327270508 -0.00768756866455078 0.208236694335938 0.12213134765625
0.00847816467285156 -0.0212936401367188 -0.142669677734375 -0.115615844726562
0.0336418151855469 0.00139045715332031 0.107345581054687 -0.264266967773437
0.0429954528808594 0.0177001953125 0.420684814453125 -0.18731689453125
0.0148468017578125 0.0357933044433594 0.636474609375 0.21075439453125
-0.057769775390625 0.0173759460449219 0.228515625 0.8011474609375
-0.0447921752929688 -0.0422744750976563 -0.5189208984375 0.9046630859375
0.0438728332519531 -0.0292396545410156 -0.7552490234375 0.32940673828125
0.0951156616210938 0.0129776000976563 0.0750045776367187 0.0780029296875
0.0609474182128906 -0.0215263366699219 0.8604736328125 -0.36151123046875
-0.0052642822265625 -0.0279483795166016 0.40570068359375 -1.00384521484375
-0.0290908813476563 -0.000297546386718755 -0.5203857421875 -0.7244873046875
-0.014775276184082 0.00970935821533203 -0.68359375 0.02227783203125
0.0196952819824219 0.00835227966308594 -0.391632080078125 0.329864501953125
0.0321178436279297 -0.00591468811035156 -0.00228881835937498 0.288970947265625
0.0121669769287109 -0.0143795013427734 0.20501708984375 0.122100830078125
0.0101509094238281 -0.0275688171386719 -0.143081665039062 -0.12164306640625
0.0410041809082031 -0.00318145751953125 0.107009887695313 -0.26861572265625
0.0516242980957031 0.016510009765625 0.420196533203125 -0.193389892578125
0.0211105346679688 0.0414848327636719 0.63812255859375 0.20611572265625
-0.057464599609375 0.0260581970214844 0.23406982421875 0.800537109375
-0.048675537109375 -0.0365409851074219 -0.51104736328125 0.90814208984375
0.0392074584960938 -0.0311775207519531 -0.7508544921875 0.33551025390625
0.0952224731445313 0.00730133056640625 0.0775299072265625 0.079925537109375
0.0581741333007812 -0.0211982727050781 0.864990234375 -0.353759765625
-0.00721931457519531 -0.0228385925292969 0.41448974609375 -0.99920654296875
-0.0275497436523438 0.00904655456542968 -0.5167236328125 -0.73126220703125
-0.00558567047119141 0.0136194229125977 -0.6826171875 0.015625
0.0285720825195313 0.00840187072753906 -0.394805908203125 0.324188232421875
0.0386161804199219 -0.0105018615722656 -0.00436401367187497 0.285125732421875
0.00954437255859375 -0.0175800323486328 0.203811645507812 0.120559692382812
0.00998306274414063 -0.00860691070556641 -0.148223876953125 -0.147491455078125
0.0210609436035156 0.0122032165527344 0.093109130859375 -0.301239013671875
0.0188579559326172 0.0243930816650391 0.419464111328125 -0.241180419921875
-0.00803947448730469 0.0262908935546875 0.6658935546875 0.1446533203125
-0.0651016235351563 0.00181961059570311 0.30816650390625 0.76153564453125
-0.0403404235839844 -0.04962158203125 -0.4227294921875 0.9229736328125
0.0526466369628906 -0.0205497741699219 -0.710693359375 0.37017822265625
0.0991134643554688 0.0351943969726563 0.086578369140625 0.08636474609375
0.0720596313476562 -0.00348663330078125 0.9117431640625 -0.336181640625
0.007568359375 -0.0384979248046875 0.48419189453125 -1.0118408203125
-0.0355873107910156 -0.021270751953125 -0.471435546875 -0.7802734375
-0.0420494079589844 0.00157165527343751 -0.6785888671875 -0.0279541015625
-0.00934219360351562 0.0107336044311523 -0.4017333984375 0.29632568359375
0.0150508880615234 0.004547119140625 -0.0116729736328125 0.264801025390625
0.0175685882568359 -0.00172042846679687 0.208465576171875 0.0919952392578125
0.0116662979125977 -0.00637722015380859 -0.146240234375 -0.138275146484375
0.0185375213623047 0.0156841278076172 0.096832275390625 -0.29229736328125
0.01385498046875 0.0262680053710938 0.4234619140625 -0.228607177734375
-0.0137710571289063 0.0240097045898437 0.66107177734375 0.15850830078125
-0.0647964477539063 -0.00432968139648437 0.29315185546875 0.76995849609375
-0.0350341796875 -0.0550689697265625 -0.4429931640625 0.9207763671875
0.0549125671386719 -0.0200767517089844 -0.72039794921875 0.35870361328125
0.09857177734375 0.0335464477539063 0.0833206176757813 0.082244873046875
0.073822021484375 -0.00679779052734375 0.89788818359375 -0.34710693359375
0.00996017456054688 -0.0407867431640625 0.46435546875 -1.01702880859375
-0.0381622314453125 -0.0255126953125 -0.48931884765625 -0.76605224609375
-0.0451202392578125 -0.000686645507812507 -0.6810302734375 -0.01519775390625
-0.0115041732788086 0.0136623382568359 -0.398193359375 0.310699462890625
0.0115842819213867 0.00590419769287109 -0.00697326660156249 0.2742919921875
0.0183563232421875 -0.00018310546875 0.210617065429688 0.097198486328125
0.0103988647460938 -0.00446224212646484 -0.145843505859375 -0.131622314453125
0.0183677673339844 0.0164394378662109 0.09967041015625 -0.2825927734375
0.0165195465087891 0.026031494140625 0.425048828125 -0.2159423828125
-0.0118026733398438 0.0220432281494141 0.6549072265625 0.17181396484375
-0.0664291381835937 -0.00574111938476561 0.27410888671875 0.77935791015625
-0.0343093872070312 -0.0569496154785156 -0.4677734375 0.91387939453125
0.0559539794921875 -0.0201187133789063 -0.73321533203125 0.35125732421875
0.0980377197265625 0.0320968627929688 0.0812835693359375 0.0813064575195313
0.073699951171875 -0.0095977783203125 0.8875732421875 -0.35711669921875
0.00885391235351562 -0.0413169860839844 0.44073486328125 -1.01580810546875
-0.0366935729980469 -0.0251960754394531 -0.50103759765625 -0.75164794921875
-0.0419044494628906 -0.000701904296875003 -0.68170166015625 -0.000915527343750102
-0.00798320770263672 0.0129461288452148 -0.393585205078125 0.31781005859375
0.0133876800537109 0.00693988800048828 -0.00170898437499998 0.282012939453125
0.0177822113037109 7.43865966796875E-05 0.21295166015625 0.105850219726563
0.0133237838745117 -0.00531005859375 -0.14404296875 -0.125198364257813
0.0201435089111328 0.0161685943603516 0.103775024414062 -0.276901245117187
0.0178680419921875 0.0261402130126953 0.427734375 -0.206085205078125
-0.00809669494628906 0.0234966278076172 0.6507568359375 0.18621826171875
-0.0634307861328125 -0.00540542602539063 0.25775146484375 0.7950439453125
-0.034271240234375 -0.055877685546875 -0.49017333984375 0.9168701171875
0.0549659729003906 -0.022979736328125 -0.74505615234375 0.3426513671875
0.0985336303710938 0.0313720703125 0.0810012817382813 0.0778121948242188
0.0720367431640625 -0.0110321044921875 0.8756103515625 -0.3671875
0.00747299194335937 -0.0428695678710937 0.41925048828125 -1.021484375
-0.0370330810546875 -0.0218696594238281 -0.51470947265625 -0.74169921875
-0.0365409851074219 0.00146484375 -0.68560791015625 0.01434326171875
-0.00606441497802734 0.0134773254394531 -0.392242431640625 0.329376220703125
0.014500617980957 0.00558376312255859 -0.000976562499999987 0.286865234375
0.0173454284667969 -0.00239372253417969 0.21087646484375 0.111419677734375
0.0117359161376953 -0.0113353729248047 -0.144424438476563 -0.117431640625
0.0230598449707031 0.0130081176757812 0.104949951171875 -0.271331787109375
0.0258979797363281 0.0229301452636719 0.42852783203125 -0.199005126953125
-0.00114250183105469 0.0272045135498047 0.64678955078125 0.201171875
-0.06195068359375 0.00204467773437499 0.243896484375 0.803955078125
-0.0377922058105469 -0.0519332885742188 -0.5072021484375 0.91485595703125
0.052001953125 -0.0248870849609375 -0.75494384765625 0.338134765625
0.097259521484375 0.0237274169921875 0.0778884887695313 0.0760040283203125
0.0704727172851563 -0.014556884765625 0.86895751953125 -0.37646484375
0.0046234130859375 -0.0391273498535156 0.4044189453125 -1.022705078125
-0.0341777801513672 -0.0164527893066406 -0.52978515625 -0.7310791015625
-0.0322303771972656 0.00411033630371093 -0.68731689453125 0.024658203125
0.000975608825683594 0.0127630233764648 -0.389190673828125 0.333770751953125
0.021575927734375 0.00289535522460938 0.00292968749999997 0.2911376953125
0.0142107009887695 -0.00437068939208984 0.210281372070313 0.11724853515625
0.0119380950927734 -0.0152997970581055 -0.1444091796875 -0.115814208984375
0.0321216583251953 0.00706291198730469 0.10614013671875 -0.268600463867188
0.0345096588134766 0.0204677581787109 0.426361083984375 -0.1954345703125
0.00698280334472656 0.0305309295654297 0.64678955078125 0.20684814453125
-0.062286376953125 0.00958251953125 0.23797607421875 0.80670166015625
-0.042205810546875 -0.0446815490722656 -0.5150146484375 0.91802978515625
0.049346923828125 -0.0292434692382813 -0.75994873046875 0.33740234375
0.0972518920898438 0.016510009765625 0.0763320922851563 0.0751495361328125
0.0645103454589844 -0.0183906555175781 0.86578369140625 -0.37628173828125
0.000732421874999998 -0.0335655212402344 0.3944091796875 -1.02154541015625
-0.0312957763671875 -0.008636474609375 -0.5341796875 -0.7276611328125
-0.0217704772949219 0.00712013244628906 -0.6878662109375 0.0310058593750001
0.00997257232666016 0.0115814208984375 -0.3887939453125 0.339691162109375
0.0250701904296875 -0.00035858154296875 0.004486083984375 0.293487548828125
0.012272834777832 -0.00848484039306641 0.212265014648438 0.121124267578125
0.0111503601074219 -0.0219783782958984 -0.145065307617188 -0.119049072265625
0.0381851196289063 0.0012054443359375 0.10516357421875 -0.271392822265625
0.0435714721679688 0.0186271667480469 0.424560546875 -0.19549560546875
0.0146617889404297 0.0341567993164063 0.64508056640625 0.20709228515625
-0.0604515075683594 0.0192756652832031 0.23675537109375 0.8104248046875
-0.0457572937011719 -0.0427703857421875 -0.515625 0.919921875
0.0445823669433594 -0.030731201171875 -0.7606201171875 0.3388671875
0.0942230224609375 0.0114974975585938 0.0765609741210938 0.0766830444335938
0.0617637634277344 -0.0216255187988281 0.86480712890625 -0.37213134765625
-0.00412178039550781 -0.0270137786865234 0.3966064453125 -1.01861572265625
-0.0289669036865234 0.00162506103515625 -0.53582763671875 -0.7252197265625
-0.0154848098754883 0.0107498168945313 -0.68927001953125 0.0323486328124999
0.0182304382324219 0.0111885070800781 -0.389739990234375 0.336822509765625
0.0333156585693359 -0.00781440734863281 0.00415039062500001 0.292083740234375
0.0111427307128906 -0.0143136978149414 0.211395263671875 0.12078857421875
0.00796127319335937 -0.0271453857421875 -0.145187377929688 -0.120498657226563
0.0430793762207031 -0.00240707397460938 0.101898193359375 -0.275848388671875
0.05145263671875 0.0153999328613281 0.4229736328125 -0.2008056640625
0.0228157043457031 0.039794921875 0.64605712890625 0.20050048828125
-0.057708740234375 0.0298194885253906 0.2459716796875 0.8067626953125
-0.051300048828125 -0.035797119140625 -0.5048828125 0.92694091796875
0.0397186279296875 -0.0321540832519531 -0.75848388671875 0.3470458984375
0.095611572265625 0.0086517333984375 0.0747909545898437 0.0801239013671875
0.0583381652832031 -0.0216484069824219 0.86944580078125 -0.36871337890625
-0.00826454162597656 -0.0226726531982422 0.40625 -1.014892578125
-0.0274868011474609 0.00878143310546875 -0.53192138671875 -0.73272705078125
-0.00543212890625 0.0147123336791992 -0.69024658203125 0.0261840820312501
0.0270500183105469 0.00841712951660156 -0.394134521484375 0.333648681640625
0.0389862060546875 -0.0116043090820313 -0.000671386718749992 0.287872314453125
0.00717926025390625 -0.0179405212402344 0.210784912109375 0.119140625
0.00848484039306641 -0.00958156585693359 -0.154541015625 -0.1470947265625
0.0205402374267578 0.0124225616455078 0.08984375 -0.304412841796875
0.0185508728027344 0.0225353240966797 0.4197998046875 -0.24835205078125
-0.0089263916015625 0.0284366607666016 0.6741943359375 0.13360595703125
-0.0652694702148438 0.00520324707031249 0.32275390625 0.767578125
-0.0402908325195313 -0.0485458374023437 -0.4134521484375 0.9373779296875
0.0533790588378906 -0.01971435546875 -0.71209716796875 0.38238525390625
0.0970916748046875 0.0329132080078125 0.0834808349609375 0.0852279663085938
0.0747604370117188 -0.00592041015625 0.9105224609375 -0.35137939453125
0.00797271728515625 -0.0368232727050781 0.47515869140625 -1.0272216796875
-0.0372467041015625 -0.0214118957519531 -0.48785400390625 -0.7791748046875
-0.042510986328125 0.000125885009765621 -0.68646240234375 -0.0184326171874999
-0.00830745697021484 0.0122241973876953 -0.40008544921875 0.310455322265625
0.0125741958618164 0.000743865966796875 -0.00614929199218748 0.270156860351563
0.0167369842529297 -0.00373554229736328 0.212158203125 0.08843994140625
0.0108022689819336 -0.00441455841064453 -0.15179443359375 -0.139266967773438
0.0169448852539063 0.0142335891723633 0.0928955078125 -0.296722412109375
0.0139694213867188 0.0222682952880859 0.423828125 -0.2384033203125
-0.0129985809326172 0.0227279663085938 0.67193603515625 0.14959716796875
-0.0659408569335938 -0.00204849243164063 0.30621337890625 0.77630615234375
-0.0377311706542969 -0.0528564453125 -0.43414306640625 0.93438720703125
0.0557518005371094 -0.019500732421875 -0.724365234375 0.3731689453125
0.0979385375976562 0.0335617065429687 0.08502197265625 0.0833587646484375
0.0752944946289063 -0.00756072998046875 0.90069580078125 -0.36004638671875
0.00802230834960937 -0.0419082641601563 0.45135498046875 -1.03118896484375
-0.0365829467773437 -0.0251235961914063 -0.5037841796875 -0.76678466796875
-0.0436058044433594 0.000785827636718756 -0.68603515625 -0.00573730468749992
-0.0108051300048828 0.014002799987793 -0.3984375 0.319244384765625
0.0135421752929687 0.00811004638671875 -0.000183105468749974 0.278121948242188
0.0190448760986328 -0.00043487548828125 0.213027954101562 0.0958404541015625
0.011077880859375 -0.00419330596923828 -0.149688720703125 -0.130126953125
0.0189437866210938 0.0156211853027344 0.095184326171875 -0.287445068359375
0.0181770324707031 0.0245704650878906 0.425537109375 -0.22607421875
-0.0134792327880859 0.0227527618408203 0.6646728515625 0.16363525390625
-0.0676460266113281 -0.00383758544921874 0.29083251953125 0.784912109375
-0.0354385375976563 -0.0563087463378906 -0.4564208984375 0.93035888671875
0.0581169128417969 -0.0214614868164063 -0.7357177734375 0.3638916015625
0.10003662109375 0.0293731689453125 0.0821762084960938 0.0786361694335938
0.0758895874023438 -0.0079498291015625 0.88720703125 -0.37158203125
0.00881195068359375 -0.042205810546875 0.42742919921875 -1.031494140625
-0.0377731323242187 -0.0228843688964844 -0.513671875 -0.75189208984375
-0.0436592102050781 0.000663757324218757 -0.685791015625 0.01251220703125
-0.0106611251831055 0.0137224197387695 -0.393707275390625 0.327880859375
0.0139846801757813 0.00670528411865234 0.00469970703125 0.285797119140625
0.0180931091308594 -0.00120925903320313 0.217376708984375 0.102737426757812
0.0113925933837891 -0.00663852691650391 -0.147384643554688 -0.123687744140625
0.0222148895263672 0.0149192810058594 0.100021362304688 -0.280319213867188
0.0205001831054688 0.023590087890625 0.428131103515625 -0.21441650390625
-0.00771141052246094 0.0246849060058594 0.661865234375 0.17987060546875
-0.0630722045898438 -0.00193786621093749 0.27093505859375 0.79766845703125
-0.0361785888671875 -0.0532684326171875 -0.48162841796875 0.93377685546875
0.05450439453125 -0.0224227905273437 -0.74676513671875 0.3558349609375
0.0984039306640625 0.0300979614257813 0.078948974609375 0.078399658203125
0.072723388671875 -0.0112762451171875 0.87957763671875 -0.382080078125
0.008514404296875 -0.0417900085449219 0.4083251953125 -1.0367431640625
-0.0387115478515625 -0.0234184265136719 -0.53240966796875 -0.7415771484375
-0.0380020141601562 0.00332641601562501 -0.69146728515625 0.0224609375
-0.00574302673339844 0.0137968063354492 -0.390228271484375 0.33929443359375
0.0160150527954102 0.00535297393798828 0.00610351562500003 0.2921142578125
0.0178050994873047 -0.00262641906738281 0.21734619140625 0.108505249023437
0.00988197326660156 -0.0104360580444336 -0.1480712890625 -0.119186401367188
0.0241031646728516 0.0136604309082031 0.102859497070313 -0.275100708007813
0.0251846313476562 0.0233936309814453 0.429901123046875 -0.207611083984375
-3.62396240234381E-05 0.0263710021972656 0.65704345703125 0.193603515625
-0.0631980895996094 0.00426483154296875 0.25640869140625 0.80816650390625
-0.0380744934082031 -0.0511894226074219 -0.49822998046875 0.9326171875
0.0503044128417969 -0.0271110534667969 -0.75732421875 0.35308837890625
0.0974044799804687 0.0226669311523437 0.0790939331054687 0.0738906860351563
0.06927490234375 -0.0148849487304687 0.87152099609375 -0.39019775390625
0.00550079345703125 -0.0416259765625 0.39117431640625 -1.03594970703125
-0.033905029296875 -0.0163974761962891 -0.5460205078125 -0.730712890625
-0.0319557189941406 0.00424194335937499 -0.69293212890625 0.0368041992187501
0.000934600830078124 0.0134515762329102 -0.38787841796875 0.344818115234375
0.0194606781005859 0.00374412536621094 0.00494384765625001 0.293701171875
0.016413688659668 -0.00534248352050781 0.216644287109375 0.1148681640625
0.0098114013671875 -0.0170459747314453 -0.146148681640625 -0.116668701171875
0.0305538177490234 0.00529098510742188 0.103103637695312 -0.271774291992187
0.0346164703369141 0.0201492309570312 0.428436279296875 -0.201141357421875
0.00605010986328125 0.0288505554199219 0.65814208984375 0.19805908203125
-0.0622329711914063 0.0116920471191406 0.2525634765625 0.814208984375
-0.0413970947265625 -0.0450325012207031 -0.51031494140625 0.93548583984375
0.0496101379394531 -0.0291938781738281 -0.76165771484375 0.3511962890625
0.0976715087890625 0.0173797607421875 0.0778350830078125 0.0764999389648438
0.0652046203613281 -0.0175361633300781 0.86834716796875 -0.38909912109375
-0.00250625610351563 -0.0338001251220703 0.38427734375 -1.03271484375
-0.0334053039550781 -0.00905036926269531 -0.54876708984375 -0.7257080078125
-0.0241756439208984 0.00778388977050782 -0.69439697265625 0.0413818359375001
0.00906848907470703 0.0116262435913086 -0.387359619140625 0.347412109375
0.0262088775634766 -0.00175285339355469 0.01007080078125 0.29815673828125
0.0138664245605469 -0.00986289978027344 0.216644287109375 0.116561889648438
0.0114669799804688 -0.0200214385986328 -0.14752197265625 -0.115890502929687
0.0359611511230469 0.00225830078125 0.100830078125 -0.274337768554688
0.0452728271484375 0.0157432556152344 0.423004150390625 -0.203887939453125
0.0150642395019531 0.0348758697509766 0.6544189453125 0.20037841796875
-0.0602302551269531 0.0201950073242188 0.2537841796875 0.81439208984375
-0.0460090637207031 -0.0396041870117188 -0.50567626953125 0.93951416015625
0.0434494018554688 -0.0301132202148438 -0.76153564453125 0.35107421875
0.0963897705078125 0.011199951171875 0.076904296875 0.0761871337890625
0.0614356994628906 -0.0211372375488281 0.86749267578125 -0.38934326171875
-0.00347900390625 -0.0297908782958984 0.38592529296875 -1.03277587890625
-0.0295276641845703 0.00434684753417968 -0.549560546875 -0.7237548828125
-0.0154781341552734 0.0111684799194336 -0.69659423828125 0.0411376953125
0.0182609558105469 0.0101509094238281 -0.388763427734375 0.35089111328125
0.0325603485107422 -0.00797462463378906 0.00744628906249999 0.29583740234375
0.0103797912597656 -0.0149250030517578 0.214935302734375 0.1170654296875
0.0107154846191406 -0.0283260345458984 -0.149459838867188 -0.120315551757813
0.0431060791015625 -0.00568008422851563 0.09979248046875 -0.280517578125
0.0543403625488281 0.0140838623046875 0.425262451171875 -0.20904541015625
0.0237083435058594 0.0377388000488281 0.657470703125 0.193115234375
-0.0593490600585938 0.0286941528320312 0.26141357421875 0.814697265625
-0.0519905090332031 -0.0331954956054688 -0.49749755859375 0.94158935546875
0.0395355224609375 -0.0330390930175781 -0.76116943359375 0.35845947265625
0.0939865112304688 0.00675201416015625 0.0742340087890625 0.0816116333007813
0.0572280883789063 -0.0210342407226563 0.8701171875 -0.38153076171875
-0.00708961486816407 -0.0208034515380859 0.39410400390625 -1.02886962890625
-0.0286693572998047 0.0122928619384766 -0.5469970703125 -0.73065185546875
-0.0071573257446289 0.0145969390869141 -0.69720458984375 0.0352172851562501
0.0268974304199219 0.008697509765625 -0.394378662109375 0.3419189453125
0.0375556945800781 -0.0111579895019531 0.00231933593750001 0.293670654296875
0.00512504577636719 -0.0176010131835938 0.212493896484375 0.11572265625
0.0116147994995117 -0.00725555419921875 -0.15673828125 -0.146392822265625
0.0214099884033203 0.0132884979248047 0.084136962890625 -0.312225341796875
0.0206756591796875 0.0251617431640625 0.42010498046875 -0.256317138671875
-0.0104007720947266 0.0264072418212891 0.6817626953125 0.1224365234375
-0.068359375 0.00441360473632811 0.33807373046875 0.7667236328125
-0.04071044921875 -0.0465278625488281 -0.40338134765625 0.95318603515625
0.0533065795898438 -0.0214462280273437 -0.71331787109375 0.39691162109375
0.0999679565429688 0.0315628051757813 0.0869216918945312 0.0884857177734375
0.072784423828125 -0.0036468505859375 0.91412353515625 -0.36688232421875
0.00623321533203125 -0.0360260009765625 0.46435546875 -1.0428466796875
-0.0372772216796875 -0.0207138061523437 -0.50335693359375 -0.77899169921875
-0.0420761108398438 0.00310897827148438 -0.689697265625 -0.00811767578125006
-0.0086660385131836 0.0136079788208008 -0.397308349609375 0.31915283203125
0.0154094696044922 0.00391769409179688 -0.00334167480468753 0.275466918945313
0.0150957107543945 -0.00288200378417969 0.21539306640625 0.085662841796875
0.0119619369506836 -0.00597381591796875 -0.155776977539063 -0.137466430664062
0.0174922943115234 0.0163497924804688 0.08880615234375 -0.301361083984375
0.0161209106445313 0.0244178771972656 0.423492431640625 -0.24505615234375
-0.00907707214355469 0.0227909088134766 0.67657470703125 0.139892578125
-0.0666580200195313 -0.000717163085937492 0.32232666015625 0.7763671875
-0.0388717651367188 -0.0525894165039062 -0.4237060546875 0.9501953125
0.0571441650390625 -0.0210227966308594 -0.7244873046875 0.3868408203125
0.0995330810546875 0.032623291015625 0.0841827392578125 0.0832443237304688
0.07611083984375 -0.0078887939453125 0.89959716796875 -0.377197265625
0.00841903686523437 -0.0405120849609375 0.4400634765625 -1.0457763671875
-0.0388870239257813 -0.0243949890136719 -0.5189208984375 -0.7646484375
-0.0440406799316406 0.000869750976562502 -0.69219970703125 0.00726318359375009
-0.0122461318969727 0.0142860412597656 -0.395050048828125 0.32965087890625
0.0113191604614258 0.00669956207275391 0.001739501953125 0.279296875
0.0178260803222656 -0.00166702270507813 0.2181396484375 0.094482421875
0.011561393737793 -0.00590038299560547 -0.153656005859375 -0.131881713867188
0.0187911987304688 0.01666259765625 0.090606689453125 -0.29290771484375
0.0158481597900391 0.0265407562255859 0.425994873046875 -0.235687255859375
-0.0115566253662109 0.0216712951660156 0.6729736328125 0.1534423828125
-0.0651168823242188 -0.00241851806640624 0.3031005859375 0.7882080078125
-0.0380821228027344 -0.0549964904785156 -0.446533203125 0.945556640625
0.0556411743164063 -0.022430419921875 -0.73681640625 0.37664794921875
0.0994796752929688 0.0306854248046875 0.0799636840820313 0.0784225463867188
0.0761642456054688 -0.0095062255859375 0.88720703125 -0.38446044921875
0.00720977783203125 -0.0418853759765625 0.41650390625 -1.0452880859375
-0.038909912109375 -0.02496337890625 -0.53338623046875 -0.75042724609375
-0.0447616577148438 0.00283813476562499 -0.6934814453125 0.0230102539062501
-0.0102548599243164 0.0161056518554688 -0.389801025390625 0.338775634765625
0.0123062133789063 0.00745201110839844 0.00531005859375002 0.288482666015625
0.0170669555664063 -0.0015869140625 0.2213134765625 0.100051879882813
0.0108041763305664 -0.00630855560302734 -0.152572631835937 -0.12322998046875
0.0211009979248047 0.0149097442626953 0.096832275390625 -0.28515625
0.0189037322998047 0.0243568420410156 0.4285888671875 -0.2257080078125
-0.00618171691894531 0.0226669311523438 0.67108154296875 0.1728515625
-0.0648574829101563 -0.0010833740234375 0.284912109375 0.802490234375
-0.03546142578125 -0.0517692565917969 -0.4705810546875 0.94927978515625
0.0552177429199219 -0.0257453918457031 -0.75006103515625 0.370849609375
0.096435546875 0.0271835327148438 0.0793609619140625 0.077362060546875
0.0721511840820313 -0.0111160278320313 0.87945556640625 -0.3974609375
0.00647735595703125 -0.041748046875 0.39410400390625 -1.04791259765625
-0.0376701354980469 -0.0225410461425781 -0.54974365234375 -0.7381591796875
-0.0400390625 0.00348663330078124 -0.69677734375 0.0374755859375
-0.00705814361572266 0.0159788131713867 -0.387939453125 0.349212646484375
0.0164480209350586 0.00629234313964844 0.00927734375000003 0.29498291015625
0.0172929763793945 -0.00421905517578125 0.219833374023438 0.106399536132813
0.00989341735839844 -0.0109663009643555 -0.15167236328125 -0.117446899414063
0.0252799987792969 0.0119533538818359 0.0974273681640625 -0.27996826171875
0.0265750885009766 0.0222530364990234 0.42779541015625 -0.21490478515625
-0.00151252746582031 0.0259990692138672 0.66448974609375 0.1817626953125
-0.0652847290039063 0.00267410278320313 0.27484130859375 0.8101806640625
-0.0364418029785156 -0.0506973266601563 -0.4874267578125 0.9488525390625
0.0514373779296875 -0.0289726257324219 -0.75653076171875 0.36602783203125
0.0969696044921875 0.0221939086914063 0.0777359008789062 0.0756301879882813
0.0699119567871094 -0.0155525207519531 0.868896484375 -0.40435791015625
0.000156402587890629 -0.0392112731933594 0.3768310546875 -1.0479736328125
-0.0346164703369141 -0.0158042907714844 -0.56036376953125 -0.724853515625
-0.032989501953125 0.00670242309570313 -0.697265625 0.0482788085937501
-0.000244140625000001 0.0129489898681641 -0.3863525390625 0.35540771484375
0.0199604034423828 0.00228309631347656 0.012451171875 0.298309326171875
0.0169830322265625 -0.00725650787353516 0.221481323242187 0.11285400390625
0.00935649871826172 -0.0153341293334961 -0.152069091796875 -0.116165161132813
0.0296897888183594 0.00595664978027344 0.09857177734375 -0.278366088867187
0.0348567962646484 0.0192012786865234 0.427459716796875 -0.212310791015625
0.00693321228027344 0.0302925109863281 0.66229248046875 0.19061279296875
-0.0632247924804688 0.0118370056152344 0.2657470703125 0.81829833984375
-0.0433273315429688 -0.045166015625 -0.49700927734375 0.94866943359375
0.0484733581542969 -0.0292015075683594 -0.76513671875 0.36505126953125
0.0970535278320313 0.01507568359375 0.0763015747070313 0.0734710693359375
0.0674629211425781 -0.0188217163085938 0.86669921875 -0.4036865234375
-0.000122070312500002 -0.0339832305908203 0.37115478515625 -1.046630859375
-0.0305557250976563 -0.00652694702148438 -0.564453125 -0.72149658203125
-0.0230159759521484 0.00972747802734375 -0.69854736328125 0.0526123046875
0.00961112976074219 0.0117864608764648 -0.38568115234375 0.3575439453125
0.0259838104248047 -0.00237464904785156 0.014251708984375 0.302398681640625
0.0118513107299805 -0.0118827819824219 0.221969604492187 0.116744995117187
0.00859451293945313 -0.0214214324951172 -0.153091430664063 -0.116897583007812
0.0369033813476563 0.00114822387695313 0.09661865234375 -0.279754638671875
0.046112060546875 0.0164451599121094 0.426666259765625 -0.214080810546875
0.0146141052246094 0.034515380859375 0.66064453125 0.18829345703125
-0.06103515625 0.0222740173339844 0.26751708984375 0.82135009765625
-0.0475959777832031 -0.0382919311523437 -0.496826171875 0.95318603515625
0.0426177978515625 -0.0333099365234375 -0.7640380859375 0.3685302734375
0.0962677001953125 0.0111312866210938 0.0761795043945312 0.07720947265625
0.0629501342773437 -0.0213279724121094 0.8673095703125 -0.401611328125
-0.00484466552734375 -0.0264778137207031 0.37139892578125 -1.04443359375
-0.0291633605957031 0.00123977661132813 -0.564208984375 -0.71978759765625
-0.0147943496704102 0.0106706619262695 -0.697998046875 0.0540771484374999
0.0186710357666016 0.0110607147216797 -0.386138916015625 0.358367919921875
0.0328426361083984 -0.00524520874023438 0.01220703125 0.3006591796875
0.00908374786376953 -0.0168819427490234 0.22027587890625 0.1143798828125
0.00851631164550781 -0.0282077789306641 -0.1541748046875 -0.121322631835937
0.0413589477539063 -0.00248336791992188 0.0947265625 -0.284698486328125
0.0541458129882812 0.0145263671875 0.425811767578125 -0.220428466796875
0.0221977233886719 0.0384712219238281 0.666748046875 0.18304443359375
-0.0568733215332031 0.0330314636230469 0.2752685546875 0.817138671875
-0.0507431030273437 -0.0295028686523438 -0.48651123046875 0.9581298828125
0.03826904296875 -0.0335540771484375 -0.7603759765625 0.37451171875
0.094818115234375 0.00555419921875 0.0765533447265625 0.0790786743164063
0.057708740234375 -0.0196647644042969 0.86944580078125 -0.3975830078125
-0.00838470458984375 -0.0191421508789063 0.38067626953125 -1.04364013671875
-0.0273704528808594 0.0107517242431641 -0.56195068359375 -0.72833251953125
-0.00667953491210938 0.0147600173950195 -0.6990966796875 0.0491333007812501
0.0259475708007813 0.00738143920898438 -0.39117431640625 0.35369873046875
0.0378379821777344 -0.0119705200195312 0.00924682617187501 0.296905517578125
0.00803756713867188 -0.0190048217773438 0.21868896484375 0.112930297851563
0.00867176055908203 -0.00953388214111328 -0.161544799804688 -0.145675659179688
0.0225734710693359 0.0134925842285156 0.079193115234375 -0.31396484375
0.0204238891601563 0.0219936370849609 0.41656494140625 -0.265960693359375
-0.00719642639160156 0.0261116027832031 0.68804931640625 0.11187744140625
-0.0677909851074219 0.00679397583007812 0.3544921875 0.7669677734375
-0.0423660278320313 -0.0448951721191406 -0.38726806640625 0.965087890625
0.0526618957519531 -0.0227317810058594 -0.7119140625 0.41217041015625
0.0995712280273438 0.0305862426757813 0.0866241455078125 0.0861282348632813
0.0750274658203125 -0.00553131103515625 0.91387939453125 -0.37969970703125
0.00735092163085938 -0.0341663360595703 0.4473876953125 -1.05517578125
-0.0386962890625 -0.0181121826171875 -0.51953125 -0.7708740234375
-0.0426597595214844 0.00318527221679687 -0.69342041015625 0.00836181640624997
-0.00884819030761719 0.013153076171875 -0.394317626953125 0.33087158203125
0.014256477355957 0.00530147552490234 0.0010986328125 0.275588989257813
0.0163908004760742 -0.00480937957763672 0.221435546875 0.085235595703125
0.0119733810424805 -0.00416278839111328 -0.159011840820312 -0.137664794921875
0.0199451446533203 0.0165576934814453 0.082489013671875 -0.30499267578125
0.0161113739013672 0.0229892730712891 0.41961669921875 -0.255767822265625
-0.0123977661132813 0.0221366882324219 0.68377685546875 0.128173828125
-0.0677299499511719 0.00204467773437499 0.338134765625 0.77886962890625
-0.0390663146972656 -0.0499725341796875 -0.41070556640625 0.9620361328125
0.0547752380371094 -0.023162841796875 -0.72344970703125 0.4029541015625
0.100990295410156 0.0308990478515625 0.084625244140625 0.08111572265625
0.0751876831054688 -0.00659942626953125 0.89599609375 -0.39215087890625
0.00870895385742188 -0.0398597717285156 0.423095703125 -1.05645751953125
-0.0390472412109375 -0.0231285095214844 -0.53521728515625 -0.75714111328125
-0.0460281372070313 0.00198745727539062 -0.694580078125 0.0212402343750001
-0.0131368637084961 0.0166606903076172 -0.390960693359375 0.33856201171875
0.0120458602905273 0.00491428375244141 0.005950927734375 0.283721923828125
0.0175590515136719 -0.00316905975341797 0.223678588867188 0.091400146484375
0.0129613876342773 -0.00523567199707031 -0.157302856445313 -0.130416870117188
0.0221347808837891 0.0166110992431641 0.0865478515625 -0.2969970703125
0.0185470581054688 0.0245113372802734 0.42352294921875 -0.24310302734375
-0.0123043060302734 0.0209426879882813 0.6788330078125 0.14459228515625
-0.069244384765625 -0.000709533691406243 0.3193359375 0.7877197265625
-0.037750244140625 -0.0512351989746094 -0.4324951171875 0.95758056640625
0.0544700622558594 -0.0260467529296875 -0.7366943359375 0.39410400390625
0.097564697265625 0.030792236328125 0.082275390625 0.0775527954101563
0.0740966796875 -0.01092529296875 0.88653564453125 -0.400390625
0.0061492919921875 -0.0431327819824219 0.39996337890625 -1.05743408203125
-0.0380020141601563 -0.0244636535644531 -0.546875 -0.7425537109375
-0.0446243286132812 0.00301742553710937 -0.6962890625 0.0361328125
-0.0106344223022461 0.0163145065307617 -0.38494873046875 0.34930419921875
0.0135259628295898 0.00723361968994141 0.012908935546875 0.29193115234375
0.016352653503418 -0.00339508056640625 0.225509643554688 0.098663330078125
0.0107231140136719 -0.00600433349609375 -0.155990600585938 -0.123184204101563
0.022216796875 0.016510009765625 0.09100341796875 -0.28948974609375
0.0198898315429688 0.0243721008300781 0.426849365234375 -0.234466552734375
-0.00905418395996094 0.0230216979980469 0.67449951171875 0.16192626953125
-0.066253662109375 0.00161361694335939 0.301025390625 0.802734375
-0.0369377136230469 -0.0515213012695312 -0.4566650390625 0.961181640625
0.0542564392089844 -0.0268402099609375 -0.74652099609375 0.38702392578125
0.0985565185546875 0.0248031616210938 0.0798416137695313 0.07635498046875
0.0738143920898438 -0.0135955810546875 0.87432861328125 -0.41351318359375
0.00532913208007812 -0.0405311584472656 0.37713623046875 -1.06085205078125
-0.0389442443847656 -0.0222702026367188 -0.56292724609375 -0.732666015625
-0.041656494140625 0.00423812866210937 -0.69818115234375 0.0505371093750001
-0.00493335723876953 0.0154085159301758 -0.384063720703125 0.359466552734375
0.0162973403930664 0.00650310516357422 0.01348876953125 0.29693603515625
0.0166616439819336 -0.00411510467529297 0.224014282226562 0.102676391601562
0.0105781555175781 -0.0101232528686523 -0.155059814453125 -0.117538452148438
0.0265293121337891 0.0124187469482422 0.093994140625 -0.283447265625
0.02752685546875 0.0231761932373047 0.426788330078125 -0.225067138671875
-0.00105667114257812 0.0255050659179688 0.6712646484375 0.17132568359375
-0.0644912719726563 0.00507354736328126 0.28887939453125 0.8106689453125
-0.038970947265625 -0.0490531921386719 -0.474853515625 0.9617919921875
0.04998779296875 -0.0279617309570313 -0.75860595703125 0.38006591796875
0.0967941284179688 0.0206222534179688 0.0777587890625 0.0743179321289063
0.0692787170410156 -0.0170326232910156 0.86676025390625 -0.419921875
0.00426864624023437 -0.036956787109375 0.35919189453125 -1.06060791015625
-0.0362205505371094 -0.0142250061035156 -0.57623291015625 -0.72186279296875
-0.0319995880126953 0.00691604614257813 -0.70068359375 0.0633544921875
0.000421524047851561 0.0151243209838867 -0.380645751953125 0.366943359375
0.021636962890625 0.00440788269042969 0.01708984375 0.3023681640625
0.0172338485717773 -0.00730037689208984 0.224990844726562 0.109466552734375
0.00961971282958984 -0.0170078277587891 -0.157073974609375 -0.115219116210937
0.0333766937255859 0.00720405578613281 0.093902587890625 -0.282684326171875
0.0373077392578125 0.0179634094238281 0.426483154296875 -0.224090576171875
0.00768661499023438 0.02923583984375 0.671142578125 0.181396484375
-0.0615234375 0.0146827697753906 0.28179931640625 0.8204345703125
-0.0430374145507812 -0.0435028076171875 -0.48651123046875 0.9593505859375
0.0483856201171875 -0.0293350219726563 -0.76409912109375 0.378662109375
0.0962142944335938 0.016357421875 0.077239990234375 0.074462890625
0.0661277770996094 -0.0193672180175781 0.8634033203125 -0.42095947265625
-0.00249290466308594 -0.0301952362060547 0.3558349609375 -1.05780029296875
-0.0320053100585938 -0.0074005126953125 -0.5830078125 -0.71478271484375
-0.0233860015869141 0.00880813598632813 -0.6995849609375 0.0678710937500001
0.0105390548706055 0.0124568939208984 -0.380340576171875 0.36700439453125
0.0247116088867188 -0.000967025756835938 0.019317626953125 0.304656982421875
0.0131044387817383 -0.0107040405273437 0.224288940429688 0.114730834960938
0.00946426391601563 -0.0211563110351563 -0.157089233398438 -0.115570068359375
0.0372200012207031 0.00128936767578125 0.092041015625 -0.283843994140625
0.0466461181640625 0.0153541564941406 0.424560546875 -0.22125244140625
0.0148601531982422 0.0335121154785156 0.6689453125 0.18023681640625
-0.0611457824707031 0.0244407653808594 0.2822265625 0.81890869140625
-0.04541015625 -0.0361518859863281 -0.48602294921875 0.96539306640625
0.0431785583496094 -0.0341415405273438 -0.7657470703125 0.38232421875
0.0981597900390625 0.0104522705078125 0.0767822265625 0.074737548828125
0.06060791015625 -0.0218086242675781 0.86395263671875 -0.4171142578125
-0.00313377380371094 -0.0250205993652344 0.3570556640625 -1.05377197265625
-0.0295848846435547 0.001678466796875 -0.58135986328125 -0.715576171875
-0.0137729644775391 0.0127363204956055 -0.7021484375 0.0696411132812501
0.0191440582275391 0.0112266540527344 -0.38336181640625 0.36627197265625
0.0320415496826172 -0.0077362060546875 0.0201416015625 0.303436279296875
0.00790023803710938 -0.0148115158081055 0.222854614257812 0.11138916015625
0.00943183898925782 -0.0288429260253906 -0.155975341796875 -0.118392944335937
0.045135498046875 -0.00440216064453125 0.088531494140625 -0.288726806640625
0.0538787841796875 0.0112533569335938 0.42218017578125 -0.228851318359375
0.0261039733886719 0.0379753112792969 0.6710205078125 0.17340087890625
-0.0579948425292969 0.0354385375976563 0.29052734375 0.81829833984375
-0.0493812561035156 -0.0280952453613281 -0.47174072265625 0.9705810546875
0.0397911071777344 -0.0340042114257813 -0.760498046875 0.39080810546875
0.0957260131835938 0.00406646728515625 0.0770339965820313 0.078155517578125
0.0594596862792969 -0.0224456787109375 0.8681640625 -0.40972900390625
-0.00913429260253906 -0.0170412063598633 0.36419677734375 -1.0528564453125
-0.0271682739257813 0.0116729736328125 -0.577392578125 -0.71856689453125
-0.00518608093261719 0.01556396484375 -0.7034912109375 0.06353759765625
0.0275058746337891 0.00758743286132813 -0.385406494140625 0.362701416015625
0.0362052917480469 -0.0121612548828125 0.0125732421875 0.299407958984375
0.00610542297363281 -0.0186347961425781 0.221893310546875 0.111297607421875
0.00968837738037109 -0.00885677337646484 -0.166030883789062 -0.143951416015625
0.0207328796386719 0.0124702453613281 0.073089599609375 -0.318115234375
0.0207653045654297 0.0227146148681641 0.41143798828125 -0.277008056640625
-0.00820159912109375 0.0234928131103516 0.6915283203125 0.09942626953125
-0.0667381286621094 0.00887298583984374 0.3687744140625 0.765380859375
-0.0425605773925781 -0.0433692932128906 -0.3719482421875 0.97637939453125
0.0518722534179688 -0.0218162536621094 -0.7060546875 0.42449951171875
0.0980987548828125 0.0305328369140625 0.0872344970703125 0.0863189697265625
0.0747528076171875 -0.0070648193359375 0.90380859375 -0.3961181640625
0.00453376770019531 -0.0333709716796875 0.42926025390625 -1.06402587890625
-0.0388259887695313 -0.0179023742675781 -0.5364990234375 -0.764892578125
-0.0447235107421875 0.00414276123046875 -0.69683837890625 0.02032470703125
-0.0107784271240234 0.0140542984008789 -0.3896484375 0.336181640625
0.0129833221435547 0.00541305541992188 0.00608825683593749 0.276824951171875
0.0173549652099609 -0.00533866882324219 0.222732543945313 0.0792083740234375
0.0121259689331055 -0.00605201721191406 -0.162948608398437 -0.136260986328125
0.0205707550048828 0.0161590576171875 0.076324462890625 -0.309600830078125
0.0186214447021484 0.0231151580810547 0.417083740234375 -0.26483154296875
-0.0120010375976563 0.0232791900634766 0.68780517578125 0.11651611328125
-0.0691413879394531 0.00354766845703124 0.354248046875 0.77423095703125
-0.0375175476074219 -0.0469627380371094 -0.3941650390625 0.9735107421875
0.0544776916503906 -0.0230026245117188 -0.72021484375 0.41387939453125
0.0998687744140625 0.0315628051757813 0.0844955444335938 0.07977294921875
0.0743179321289063 -0.00775909423828125 0.89263916015625 -0.4075927734375
0.00684356689453125 -0.0401687622070313 0.40594482421875 -1.0665283203125
-0.0395927429199219 -0.0240936279296875 -0.5499267578125 -0.75091552734375
-0.0457267761230469 0.00376510620117187 -0.696533203125 0.0344238281250001
-0.0130224227905273 0.0158557891845703 -0.38470458984375 0.3486328125
0.0131235122680664 0.00658035278320313 0.011962890625 0.28607177734375
0.0175514221191406 -0.00274562835693359 0.224227905273438 0.0876617431640625
0.0100622177124023 -0.00390529632568359 -0.159698486328125 -0.128875732421875
0.0211048126220703 0.0179862976074219 0.0815734863281249 -0.299835205078125
0.0164318084716797 0.0240612030029297 0.418212890625 -0.253204345703125
-0.00974845886230468 0.0212726593017578 0.682373046875 0.13104248046875
-0.0685958862304688 -0.00111770629882811 0.3336181640625 0.78668212890625
-0.0376510620117188 -0.0521049499511719 -0.41998291015625 0.96856689453125
0.0527763366699219 -0.0251960754394531 -0.73211669921875 0.4071044921875
0.0976333618164062 0.0293807983398437 0.0824508666992188 0.0772628784179688
0.07373046875 -0.0112457275390625 0.88055419921875 -0.41571044921875
0.00609207153320313 -0.0411109924316406 0.38397216796875 -1.06536865234375
-0.0391197204589844 -0.0238304138183594 -0.562744140625 -0.73455810546875
-0.0453567504882813 0.00294876098632813 -0.696044921875 0.05096435546875
-0.0109939575195313 0.0176773071289063 -0.37774658203125 0.358154296875
0.0118904113769531 0.00738334655761719 0.019744873046875 0.292724609375
0.0191497802734375 -0.00165557861328125 0.22772216796875 0.095855712890625
0.0118951797485352 -0.00685214996337891 -0.1591796875 -0.119644165039062
0.0214366912841797 0.0143375396728516 0.085693359375 -0.29296875
0.0211563110351563 0.0233783721923828 0.42266845703125 -0.244781494140625
-0.00702476501464844 0.0221824645996094 0.6802978515625 0.14739990234375
-0.0668869018554688 0.00345230102539064 0.31768798828125 0.8016357421875
-0.0370521545410156 -0.0511970520019531 -0.4405517578125 0.9716796875
0.0536346435546875 -0.0254783630371094 -0.7440185546875 0.40008544921875
0.0988082885742188 0.0258560180664062 0.0808639526367188 0.073211669921875
0.0736846923828125 -0.0131759643554688 0.86907958984375 -0.4263916015625
0.00290298461914063 -0.039306640625 0.36053466796875 -1.070556640625
-0.0383682250976563 -0.0196113586425781 -0.581787109375 -0.725341796875
-0.0397682189941406 0.005035400390625 -0.69989013671875 0.0654296875000001
-0.0044403076171875 0.0167961120605469 -0.376983642578125 0.369720458984375
0.0150566101074219 0.00401020050048828 0.019134521484375 0.29736328125
0.0181636810302734 -0.0059814453125 0.227508544921875 0.099517822265625
0.0103702545166016 -0.009429931640625 -0.1605224609375 -0.116607666015625
0.0274066925048828 0.0118942260742188 0.08697509765625 -0.288848876953125
0.0286235809326172 0.0222320556640625 0.42266845703125 -0.2352294921875
-0.00104713439941406 0.0241107940673828 0.677490234375 0.16058349609375
-0.0670890808105469 0.00774383544921874 0.30548095703125 0.80889892578125
-0.0386085510253906 -0.0456161499023437 -0.45794677734375 0.9736328125
0.0506477355957031 -0.028045654296875 -0.75433349609375 0.39532470703125
0.0977249145507813 0.0216598510742188 0.0783157348632813 0.0728530883789063
0.0700149536132813 -0.0175743103027344 0.86029052734375 -0.43310546875
0.000705718994140628 -0.0361442565917969 0.3433837890625 -1.06683349609375
-0.0353431701660156 -0.0139389038085937 -0.59375 -0.71173095703125
-0.03271484375 0.00636100769042968 -0.698974609375 0.0761718750000001
0.00131893157958984 0.0148801803588867 -0.37445068359375 0.375701904296875
0.0185985565185547 0.0029144287109375 0.022674560546875 0.30267333984375
0.0153646469116211 -0.00734806060791016 0.229965209960938 0.104476928710938
0.00788402557373047 -0.016108512878418 -0.160125732421875 -0.113143920898437
0.0319232940673828 0.00605201721191406 0.089874267578125 -0.284393310546875
0.03759765625 0.0189094543457031 0.4227294921875 -0.230682373046875
0.00811195373535156 0.027557373046875 0.67547607421875 0.1676025390625
-0.0623512268066406 0.017425537109375 0.2958984375 0.81787109375
-0.0423698425292969 -0.0413131713867188 -0.468994140625 0.97662353515625
0.04608154296875 -0.0304374694824219 -0.7591552734375 0.392333984375
0.0954513549804688 0.0134353637695312 0.0785675048828125 0.0738906860351563
0.0648880004882813 -0.0191192626953125 0.8564453125 -0.436767578125
-0.00247955322265625 -0.0309619903564453 0.336669921875 -1.06585693359375
-0.0316963195800781 -0.00590133666992187 -0.5970458984375 -0.7052001953125
-0.0245323181152344 0.00945472717285156 -0.70111083984375 0.0819091796875001
0.00833892822265625 0.0132322311401367 -0.376373291015625 0.37762451171875
0.0250434875488281 -0.00325393676757813 0.02520751953125 0.306671142578125
0.0116291046142578 -0.0107479095458984 0.2276611328125 0.109161376953125
0.00896453857421875 -0.0231876373291016 -0.160491943359375 -0.11376953125
0.0394058227539063 0.00190353393554688 0.085601806640625 -0.28521728515625
0.0482749938964844 0.0140380859375 0.42181396484375 -0.233795166015625
0.0164546966552734 0.0329322814941406 0.67462158203125 0.1678466796875
-0.0602302551269531 0.0261116027832031 0.2978515625 0.8187255859375
-0.046630859375 -0.0353813171386719 -0.46636962890625 0.9794921875
0.0432510375976563 -0.0339469909667969 -0.75946044921875 0.39697265625
0.093902587890625 0.00841522216796875 0.0763626098632813 0.0750045776367188
0.0610198974609375 -0.0220413208007812 0.85693359375 -0.43353271484375
-0.00643539428710938 -0.0238494873046875 0.336669921875 -1.06268310546875
-0.0276699066162109 0.00367927551269532 -0.5965576171875 -0.70477294921875
-0.0145158767700195 0.0137205123901367 -0.70147705078125 0.0827026367187499
0.0182285308837891 0.00901985168457031 -0.373992919921875 0.3782958984375
0.0310153961181641 -0.00687217712402344 0.024200439453125 0.30401611328125
0.00870704650878906 -0.0166616439819336 0.22845458984375 0.109512329101562
0.00813484191894531 -0.0278778076171875 -0.160125732421875 -0.117568969726562
0.043121337890625 -0.00512313842773438 0.0850830078125 -0.290557861328125
0.0557708740234375 0.0130233764648438 0.418182373046875 -0.238433837890625
0.0260658264160156 0.0361480712890625 0.6759033203125 0.1595458984375
-0.0564460754394531 0.0347023010253906 0.30718994140625 0.8179931640625
-0.0500717163085937 -0.0265655517578125 -0.456787109375 0.98431396484375
0.0372962951660156 -0.0355873107910156 -0.75634765625 0.40435791015625
0.0943145751953125 0.003143310546875 0.0772247314453125 0.0782470703125
0.0598983764648438 -0.0221786499023437 0.863525390625 -0.42755126953125
-0.00893211364746094 -0.0192203521728516 0.3465576171875 -1.06304931640625
-0.0274925231933594 0.0121631622314453 -0.59368896484375 -0.71173095703125
-0.00581645965576172 0.0159339904785156 -0.70245361328125 0.0772094726562501
0.0275096893310547 0.00735664367675781 -0.37847900390625 0.374053955078125
0.0369682312011719 -0.011932373046875 0.019195556640625 0.30120849609375
0.00820350646972656 -0.0195331573486328 0.226470947265625 0.106979370117188
0.0112619400024414 -0.0074310302734375 -0.168426513671875 -0.141433715820313
0.0241641998291016 0.0143642425537109 0.06683349609375 -0.3184814453125
0.0199851989746094 0.02020263671875 0.40716552734375 -0.285552978515625
-0.00803375244140625 0.0233631134033203 0.6937255859375 0.08734130859375
-0.068511962890625 0.0128288269042969 0.3826904296875 0.758544921875
-0.0409011840820313 -0.0422286987304688 -0.35406494140625 0.98297119140625
0.0508842468261719 -0.0252799987792969 -0.70172119140625 0.4354248046875
0.098724365234375 0.0276260375976563 0.0870590209960938 0.0830612182617188
0.0733184814453125 -0.008026123046875 0.89697265625 -0.41009521484375
0.00732803344726562 -0.0328903198242188 0.40704345703125 -1.0703125
-0.0381355285644531 -0.0183906555175781 -0.54913330078125 -0.755859375
-0.0438995361328125 0.00479888916015626 -0.6944580078125 0.0320434570312499
-0.00974559783935547 0.017125129699707 -0.38189697265625 0.347564697265625
0.0147733688354492 0.00452804565429688 0.01171875 0.279403686523438
0.0153875350952148 -0.00541210174560547 0.22412109375 0.0765228271484375
0.00976467132568359 -0.00473594665527344 -0.165618896484375 -0.132949829101563
0.0217647552490234 0.015106201171875 0.07025146484375 -0.3121337890625
0.0185203552246094 0.0237674713134766 0.41168212890625 -0.272552490234375
-0.0115489959716797 0.0226154327392578 0.689697265625 0.1009521484375
-0.0706253051757813 0.00611877441406251 0.3670654296875 0.7711181640625
-0.0410308837890625 -0.04443359375 -0.37579345703125 0.97991943359375
0.0536079406738281 -0.0243072509765625 -0.7130126953125 0.4267578125
0.0989456176757813 0.0279922485351562 0.08380126953125 0.0794601440429688
0.0757827758789063 -0.0106964111328125 0.88372802734375 -0.42095947265625
0.00631332397460938 -0.0366935729980469 0.3851318359375 -1.0738525390625
-0.0403366088867188 -0.0226593017578125 -0.563232421875 -0.74066162109375
-0.0471649169921875 0.00471115112304688 -0.6953125 0.0477905273437499
-0.0109825134277344 0.0171270370483398 -0.379669189453125 0.358184814453125
0.0115365982055664 0.00648307800292969 0.015594482421875 0.28765869140625
0.01702880859375 -0.00444889068603516 0.22552490234375 0.0836639404296875
0.0102472305297852 -0.00584506988525391 -0.162796020507813 -0.126052856445313
0.0237159729003906 0.0165672302246094 0.074249267578125 -0.304168701171875
0.0186767578125 0.0257339477539063 0.41485595703125 -0.263671875
-0.010498046875 0.0222282409667969 0.68804931640625 0.11724853515625
-0.0675773620605469 0.00251388549804688 0.3468017578125 0.78179931640625
-0.0372657775878906 -0.0517845153808594 -0.400390625 0.9793701171875
0.053558349609375 -0.0271148681640625 -0.72686767578125 0.41717529296875
0.0977783203125 0.0273513793945313 0.0806427001953125 0.0767974853515625
0.0753402709960938 -0.01239013671875 0.873046875 -0.42828369140625
0.00530242919921875 -0.0405693054199219 0.36224365234375 -1.0699462890625
-0.0401344299316406 -0.0204849243164062 -0.578369140625 -0.724365234375
-0.0430946350097656 0.00461578369140624 -0.694580078125 0.0612182617187499
-0.0122270584106445 0.0175018310546875 -0.37298583984375 0.368438720703125
0.0130100250244141 0.007110595703125 0.024139404296875 0.295166015625
0.0169534683227539 -0.00270175933837891 0.228988647460937 0.0893402099609375
0.010432243347168 -0.00421237945556641 -0.161941528320313 -0.120254516601562
0.0218944549560547 0.0172767639160156 0.0794677734375 -0.2955322265625
0.0206718444824219 0.0240859985351563 0.418243408203125 -0.25225830078125
-0.007354736328125 0.0222702026367187 0.6839599609375 0.13604736328125
-0.0686836242675781 0.00581359863281249 0.33135986328125 0.79937744140625
-0.0382652282714844 -0.0484085083007812 -0.4234619140625 0.981689453125
0.0525398254394531 -0.0272712707519531 -0.7386474609375 0.4129638671875
0.09759521484375 0.0226516723632813 0.080810546875 0.0730819702148438
0.0726470947265625 -0.0145187377929687 0.8597412109375 -0.4390869140625
0.00444793701171875 -0.040985107421875 0.33935546875 -1.07720947265625
-0.0406951904296875 -0.0194435119628906 -0.59552001953125 -0.71240234375
-0.0407829284667969 0.00599288940429687 -0.6998291015625 0.0780639648437499
-0.00592613220214844 0.0170841217041016 -0.3687744140625 0.376190185546875
0.0148754119873047 0.00581645965576172 0.02435302734375 0.29901123046875
0.0171222686767578 -0.00877952575683594 0.230453491210937 0.0964508056640625
0.0122737884521484 -0.00951862335205078 -0.161087036132812 -0.115081787109375
0.029022216796875 0.0115318298339844 0.08294677734375 -0.289337158203125
0.0287685394287109 0.0203914642333984 0.420867919921875 -0.244293212890625
0.00026702880859375 0.0246353149414062 0.681640625 0.1470947265625
-0.0659561157226563 0.0112419128417969 0.31976318359375 0.80694580078125
-0.038665771484375 -0.0444259643554688 -0.443359375 0.9822998046875
0.050079345703125 -0.0283699035644531 -0.74853515625 0.407470703125
0.0969161987304688 0.0177841186523438 0.0812301635742188 0.0731582641601563
0.0700569152832031 -0.0177383422851563 0.85235595703125 -0.44610595703125
0.00231552124023438 -0.0359840393066406 0.32525634765625 -1.07403564453125
-0.0376853942871094 -0.013153076171875 -0.6053466796875 -0.70068359375
-0.0325088500976563 0.007293701171875 -0.69757080078125 0.08935546875
0.00146961212158203 0.0170488357543945 -0.367584228515625 0.383636474609375
0.0194072723388672 0.000825881958007813 0.029144287109375 0.3043212890625
0.0160388946533203 -0.00776386260986328 0.232192993164063 0.09942626953125
0.00872898101806641 -0.0152053833007813 -0.161880493164062 -0.11175537109375
0.0334987640380859 0.00703239440917969 0.081573486328125 -0.287811279296875
0.0370979309082031 0.0190048217773438 0.42108154296875 -0.238189697265625
0.00805854797363281 0.0261611938476563 0.6776123046875 0.15533447265625
-0.0658950805664062 0.0180778503417969 0.3131103515625 0.814208984375
-0.0418777465820313 -0.0402259826660156 -0.452392578125 0.98431396484375
0.047607421875 -0.0334358215332031 -0.75531005859375 0.40704345703125
0.095428466796875 0.0136032104492188 0.0776748657226563 0.0713729858398438
0.0649490356445312 -0.0194587707519531 0.84857177734375 -0.44903564453125
-0.00374221801757813 -0.0292778015136719 0.3150634765625 -1.07171630859375
-0.0320587158203125 -0.0051422119140625 -0.611572265625 -0.694580078125
-0.0251750946044922 0.0110816955566406 -0.698486328125 0.094482421875
0.00881385803222656 0.0126399993896484 -0.367401123046875 0.386474609375
0.0248069763183594 -0.00423622131347656 0.029571533203125 0.305633544921875
0.0109167098999023 -0.0133180618286133 0.233154296875 0.105056762695313
0.00676536560058594 -0.0205802917480469 -0.163192749023438 -0.115768432617188
0.038665771484375 0.0001373291015625 0.082489013671875 -0.28912353515625
0.0478134155273438 0.0130081176757813 0.41845703125 -0.24151611328125
0.0164794921875 0.0316143035888672 0.677490234375 0.15478515625
-0.0596733093261719 0.0294418334960938 0.3126220703125 0.815185546875
-0.0456008911132813 -0.0331039428710937 -0.44879150390625 0.98779296875
0.0414352416992187 -0.0340919494628906 -0.75225830078125 0.40948486328125
0.0943756103515625 0.0069732666015625 0.0758895874023438 0.0764007568359375
0.0603408813476563 -0.0218620300292969 0.8487548828125 -0.44622802734375
-0.0070037841796875 -0.0235004425048828 0.31658935546875 -1.06622314453125
-0.0297145843505859 0.00553703308105468 -0.6112060546875 -0.6947021484375
-0.014002799987793 0.012934684753418 -0.70086669921875 0.0977783203125
0.0194168090820313 0.0119800567626953 -0.36669921875 0.385894775390625
0.0317287445068359 -0.00795555114746094 0.0284423828125 0.304443359375
0.00909423828125 -0.0166454315185547 0.2294921875 0.105010986328125
0.00613212585449219 -0.0277347564697266 -0.165496826171875 -0.114944458007812
0.0429229736328125 -0.00423812866210937 0.07757568359375 -0.293212890625
0.0575141906738281 0.01007080078125 0.4158935546875 -0.24658203125
0.0270252227783203 0.0350246429443359 0.681396484375 0.15167236328125
-0.05914306640625 0.0383224487304687 0.3226318359375 0.81298828125
-0.0499458312988281 -0.0268058776855469 -0.4390869140625 0.992919921875
0.0341682434082031 -0.036895751953125 -0.747314453125 0.41729736328125
0.0930938720703125 0.00238800048828125 0.0770492553710938 0.0779571533203125
0.0580902099609375 -0.022552490234375 0.85345458984375 -0.4425048828125
-0.00862598419189453 -0.0169963836669922 0.327880859375 -1.06695556640625
-0.0271854400634766 0.0125312805175781 -0.6041259765625 -0.70281982421875
-0.00689125061035156 0.0174903869628906 -0.69989013671875 0.0885009765624999
0.0273647308349609 0.00774574279785156 -0.37103271484375 0.379669189453125
0.0361328125 -0.0151596069335937 0.026214599609375 0.300994873046875
0.0067291259765625 -0.0207424163818359 0.227767944335937 0.103073120117187
0.00841712951660156 -0.00716638565063476 -0.172531127929688 -0.139724731445312
0.0228481292724609 0.0130939483642578 0.061859130859375 -0.320648193359375
0.0219097137451172 0.021759033203125 0.401763916015625 -0.291839599609375
-0.00778770446777344 0.0223236083984375 0.69427490234375 0.07427978515625
-0.0676803588867188 0.0139884948730469 0.3939208984375 0.75189208984375
-0.0417709350585937 -0.0397186279296875 -0.3363037109375 0.986083984375
0.0497474670410156 -0.025146484375 -0.69122314453125 0.44732666015625
0.0964202880859375 0.0271453857421875 0.086181640625 0.0837020874023438
0.0750503540039063 -0.0059661865234375 0.88671875 -0.42340087890625
0.00595283508300781 -0.0320243835449219 0.38970947265625 -1.07470703125
-0.0410957336425781 -0.0168380737304687 -0.56268310546875 -0.7431640625
-0.0449638366699219 0.00598526000976562 -0.69268798828125 0.0453491210937499
-0.00738906860351563 0.0142707824707031 -0.374481201171875 0.35491943359375
0.0133790969848633 0.00299072265625 0.01654052734375 0.281158447265625
0.0147619247436523 -0.00699329376220703 0.226394653320312 0.0739593505859375
0.0092620849609375 -0.00479221343994141 -0.171600341796875 -0.132278442382813
0.0234947204589844 0.0158290863037109 0.064117431640625 -0.312225341796875
0.0190830230712891 0.0226612091064453 0.40704345703125 -0.28253173828125
-0.0108909606933594 0.0206832885742187 0.6922607421875 0.09039306640625
-0.0677871704101563 0.00690460205078124 0.38031005859375 0.763427734375
-0.0399093627929688 -0.0445823669433594 -0.3570556640625 0.9866943359375
0.0532608032226563 -0.0250511169433594 -0.70550537109375 0.44024658203125
0.0996475219726563 0.0277099609375 0.0834884643554687 0.0802001953125
0.0754318237304688 -0.009002685546875 0.87548828125 -0.4315185546875
0.00697708129882812 -0.0369224548339844 0.3658447265625 -1.07489013671875
-0.0421943664550781 -0.021392822265625 -0.57733154296875 -0.7271728515625
-0.0472755432128906 0.00611495971679687 -0.69073486328125 0.0599365234374999
-0.0106964111328125 0.0174875259399414 -0.36920166015625 0.364410400390625
0.0101461410522461 0.00707340240478516 0.02056884765625 0.28851318359375
0.0170068740844727 -0.00552463531494141 0.228439331054688 0.0796661376953125
0.0108137130737305 -0.00296688079833984 -0.167007446289062 -0.125335693359375
0.0221977233886719 0.0170955657958984 0.06884765625 -0.30548095703125
0.0191173553466797 0.0224857330322266 0.409393310546875 -0.270751953125
-0.0119552612304688 0.017730712890625 0.68572998046875 0.1051025390625
-0.0675849914550781 0.00734710693359374 0.36163330078125 0.77288818359375
-0.0358314514160156 -0.0480499267578125 -0.38128662109375 0.9827880859375
0.0523910522460937 -0.0264015197753906 -0.7178955078125 0.430419921875
0.0953292846679688 0.0258255004882812 0.0821609497070312 0.0760650634765625
0.0734405517578125 -0.0126495361328125 0.86077880859375 -0.44110107421875
0.00500869750976563 -0.0393829345703125 0.3453369140625 -1.07403564453125
-0.0413131713867188 -0.0223617553710938 -0.58807373046875 -0.71160888671875
-0.0462760925292969 0.00668716430664062 -0.69146728515625 0.0769042968749999
-0.00971126556396485 0.0175065994262695 -0.3653564453125 0.376556396484375
0.0128326416015625 0.00897598266601563 0.029266357421875 0.2950439453125
0.018829345703125 -0.00504684448242188 0.231826782226562 0.085174560546875
0.013218879699707 -0.00726222991943359 -0.165725708007813 -0.116043090820313
0.025787353515625 0.0123062133789062 0.0738525390625 -0.297119140625
0.0230541229248047 0.0228347778320312 0.412384033203125 -0.25909423828125
-0.00710678100585938 0.0211467742919922 0.6829833984375 0.1240234375
-0.0657920837402344 0.00645828247070313 0.3447265625 0.79180908203125
-0.0376968383789063 -0.0461921691894531 -0.40802001953125 0.9873046875
0.0522117614746094 -0.0286598205566406 -0.73095703125 0.42608642578125
0.0967025756835938 0.0204315185546875 0.0785293579101563 0.07403564453125
0.072357177734375 -0.015045166015625 0.85076904296875 -0.45440673828125
0.00542831420898438 -0.0369224548339844 0.3193359375 -1.0762939453125
-0.0396537780761719 -0.0186729431152344 -0.604248046875 -0.70068359375
-0.0425834655761719 0.0080718994140625 -0.6942138671875 0.0909423828124998
-0.00514030456542969 0.0186119079589844 -0.3621826171875 0.382659912109375
0.0145416259765625 0.00573062896728516 0.030059814453125 0.300048828125
0.014704704284668 -0.00610923767089844 0.232864379882813 0.091949462890625
0.0109405517578125 -0.01025390625 -0.164474487304688 -0.113525390625
0.0295009613037109 0.0108089447021484 0.075653076171875 -0.2926025390625
0.0306224822998047 0.0199356079101563 0.415557861328125 -0.25079345703125
-0.00151634216308594 0.0235919952392578 0.680908203125 0.136962890625
-0.0660896301269531 0.01263427734375 0.33245849609375 0.80023193359375
-0.0388565063476563 -0.0428695678710938 -0.42254638671875 0.9898681640625
0.0491065979003906 -0.0316963195800781 -0.73822021484375 0.42181396484375
0.0949172973632813 0.0175018310546875 0.07745361328125 0.0728607177734375
0.0700187683105469 -0.0196113586425781 0.842529296875 -0.4598388671875
0.00189018249511719 -0.0351181030273438 0.30584716796875 -1.0780029296875
-0.0353050231933594 -0.0111236572265625 -0.6182861328125 -0.68646240234375
-0.0329170227050781 0.00907135009765625 -0.69189453125 0.103271484375
0.000870704650878907 0.0174102783203125 -0.358184814453125 0.392425537109375
0.0182571411132813 0.00165748596191406 0.0362548828125 0.303375244140625
0.01513671875 -0.0103244781494141 0.234939575195313 0.0967559814453125
0.00812244415283203 -0.0152807235717773 -0.1641845703125 -0.110885620117187
0.0334072113037109 0.00423622131347656 0.076568603515625 -0.2889404296875
0.0383682250976563 0.0161781311035156 0.41424560546875 -0.24737548828125
0.00607109069824218 0.0257701873779297 0.67926025390625 0.14154052734375
-0.0627288818359375 0.0209465026855469 0.32855224609375 0.80743408203125
-0.043243408203125 -0.0371208190917969 -0.43426513671875 0.99237060546875
0.0448188781738281 -0.0315628051757813 -0.74578857421875 0.41851806640625
0.0943679809570312 0.0115432739257812 0.0787353515625 0.0730819702148437
0.0641670227050781 -0.0205497741699219 0.83990478515625 -0.46240234375
-0.00248527526855469 -0.0300350189208984 0.29632568359375 -1.072998046875
-0.0329227447509766 -0.00488471984863281 -0.62152099609375 -0.6832275390625
-0.0219993591308594 0.0118408203125 -0.6953125 0.10906982421875
0.0113286972045898 0.013885498046875 -0.3555908203125 0.3948974609375
0.0248203277587891 -0.002960205078125 0.036407470703125 0.308502197265625
0.0140113830566406 -0.0129938125610352 0.234039306640625 0.0999908447265625
0.00745201110839844 -0.0206871032714844 -0.16424560546875 -0.111984252929688
0.0383872985839844 -0.00125885009765625 0.076324462890625 -0.2900390625
0.0477867126464844 0.0135345458984375 0.411773681640625 -0.245025634765625
0.0195102691650391 0.0300807952880859 0.67919921875 0.14373779296875
-0.0602302551269531 0.0304145812988281 0.32635498046875 0.81036376953125
-0.0465469360351563 -0.0306167602539062 -0.4322509765625 0.99591064453125
0.0401954650878906 -0.0343513488769531 -0.74591064453125 0.4228515625
0.0933685302734375 0.00699615478515625 0.0774612426757813 0.0743179321289063
0.0615005493164063 -0.0229721069335938 0.840576171875 -0.456787109375
-0.00443840026855469 -0.0249080657958984 0.29803466796875 -1.0712890625
-0.0308513641357422 0.00362396240234375 -0.6192626953125 -0.68109130859375
-0.0147943496704102 0.0164566040039062 -0.693603515625 0.10858154296875
0.020294189453125 0.00966453552246094 -0.35986328125 0.393707275390625
0.03106689453125 -0.00865364074707031 0.03387451171875 0.306396484375
0.005950927734375 -0.0182151794433594 0.233245849609375 0.0996551513671875
0.00681114196777344 -0.0288314819335937 -0.16607666015625 -0.114898681640625
0.0442428588867188 -0.00554275512695313 0.073699951171875 -0.29705810546875
0.0550880432128906 0.00799179077148438 0.40960693359375 -0.251678466796875
0.0256061553955078 0.0347213745117188 0.68218994140625 0.1358642578125
-0.0572395324707031 0.0410957336425781 0.33807373046875 0.808349609375
-0.0498886108398438 -0.0238075256347656 -0.4190673828125 0.9991455078125
0.035430908203125 -0.0373725891113281 -0.74102783203125 0.4285888671875
0.0928115844726562 0.00045013427734375 0.0764541625976563 0.0759124755859375
0.0568923950195313 -0.0231132507324219 0.8438720703125 -0.4542236328125
-0.0098733901977539 -0.0159082412719727 0.3076171875 -1.068603515625
-0.0262680053710938 0.0135784149169922 -0.61676025390625 -0.68731689453125
-0.00565719604492187 0.0169095993041992 -0.697509765625 0.1024169921875
0.0288887023925781 0.00916862487792969 -0.361541748046875 0.38751220703125
0.0367469787597656 -0.01239013671875 0.03155517578125 0.302642822265625
0.00486564636230469 -0.0230503082275391 0.230789184570313 0.097564697265625
0.0110177993774414 -0.00510311126708984 -0.17340087890625 -0.137359619140625
0.0226612091064453 0.0127658843994141 0.053741455078125 -0.321136474609375
0.0227699279785156 0.0216026306152344 0.396881103515625 -0.29742431640625
-0.00916099548339843 0.0219039916992187 0.69134521484375 0.0640869140625
-0.0659370422363281 0.0146598815917969 0.40673828125 0.7440185546875
-0.0421562194824219 -0.0377464294433594 -0.31884765625 0.98992919921875
0.0499458312988281 -0.0240097045898438 -0.68292236328125 0.45782470703125
0.0971527099609375 0.0256576538085938 0.0863418579101562 0.082183837890625
0.0742034912109375 -0.007476806640625 0.8768310546875 -0.43572998046875
0.00557708740234375 -0.0303249359130859 0.37017822265625 -1.07623291015625
-0.0403251647949219 -0.0170669555664063 -0.5740966796875 -0.731201171875
-0.0443000793457031 0.00754547119140626 -0.6861572265625 0.05767822265625
-0.0072021484375 0.0162601470947266 -0.365997314453125 0.359649658203125
0.0133705139160156 0.00422191619873047 0.020782470703125 0.280166625976563
0.0157203674316406 -0.00717830657958984 0.229263305664063 0.069061279296875
0.00995826721191406 -0.00473213195800781 -0.170455932617188 -0.130615234375
0.0235557556152344 0.0150127410888672 0.059539794921875 -0.3128662109375
0.0191917419433594 0.0229873657226563 0.400177001953125 -0.28790283203125
-0.0119438171386719 0.0202598571777344 0.68878173828125 0.0765380859375
-0.0695457458496094 0.00833892822265626 0.39288330078125 0.75665283203125
-0.0372352600097656 -0.0424766540527344 -0.33892822265625 0.9896240234375
0.0534553527832031 -0.0251388549804688 -0.694580078125 0.44879150390625
0.0963973999023437 0.02813720703125 0.0847244262695313 0.078155517578125
0.0748748779296875 -0.00934600830078125 0.8626708984375 -0.44439697265625
0.0065765380859375 -0.0356559753417969 0.34527587890625 -1.07464599609375
-0.041717529296875 -0.0190238952636719 -0.58428955078125 -0.71673583984375
-0.047210693359375 0.00606155395507811 -0.6900634765625 0.0733642578124999
-0.0111627578735352 0.0164670944213867 -0.36297607421875 0.369110107421875
0.0112981796264648 0.00647449493408203 0.028778076171875 0.286224365234375
0.0163230895996094 -0.00564193725585938 0.231399536132813 0.0747222900390625
0.0127811431884766 -0.00503158569335937 -0.169281005859375 -0.1207275390625
0.0232734680175781 0.0176162719726563 0.062652587890625 -0.303985595703125
0.0188884735107422 0.0228443145751953 0.403228759765625 -0.2763671875
-0.0105113983154297 0.0199222564697266 0.68505859375 0.09234619140625
-0.0680809020996094 0.00530624389648439 0.3746337890625 0.767822265625
-0.0376853942871094 -0.0437202453613281 -0.36578369140625 0.9854736328125
0.052947998046875 -0.0272254943847656 -0.70758056640625 0.44140625
0.0968475341796875 0.0250396728515625 0.0813217163085938 0.0738754272460938
0.072784423828125 -0.0121383666992188 0.8514404296875 -0.45196533203125
0.00615692138671875 -0.0357093811035156 0.32318115234375 -1.073974609375
-0.0411643981933594 -0.0218048095703125 -0.59735107421875 -0.700927734375
-0.0466384887695313 0.0062255859375 -0.68719482421875 0.087646484375
-0.0104427337646484 0.0178775787353516 -0.358245849609375 0.3817138671875
0.0113039016723633 0.00904560089111328 0.033233642578125 0.293975830078125
0.0172529220581055 -0.00471019744873047 0.234573364257812 0.08160400390625
0.0114822387695313 -0.00763511657714844 -0.1668701171875 -0.113845825195313
0.0258026123046875 0.0150432586669922 0.06671142578125 -0.29705810546875
0.0231380462646484 0.0210552215576172 0.4072265625 -0.266143798828125
-0.00741386413574219 0.0200653076171875 0.6837158203125 0.11102294921875
-0.0681343078613281 0.00820541381835938 0.35858154296875 0.78436279296875
-0.0376548767089844 -0.0446319580078125 -0.3896484375 0.9891357421875
0.0520896911621094 -0.02850341796875 -0.7215576171875 0.43524169921875
0.0967330932617188 0.0214157104492188 0.0792770385742188 0.0711288452148438
0.0705184936523438 -0.0144271850585937 0.8404541015625 -0.4642333984375
0.00368881225585938 -0.0387458801269531 0.30133056640625 -1.0787353515625
-0.0411148071289062 -0.0176200866699219 -0.61456298828125 -0.68646240234375
-0.0403366088867188 0.00658798217773437 -0.6878662109375 0.10406494140625
-0.00528717041015625 0.0179386138916016 -0.351715087890625 0.388763427734375
0.0158176422119141 0.00393390655517578 0.03656005859375 0.29998779296875
0.01556396484375 -0.00694656372070313 0.233139038085937 0.08648681640625
0.0107097625732422 -0.0124444961547852 -0.16522216796875 -0.108932495117188
0.0295772552490234 0.0107383728027344 0.069000244140625 -0.290069580078125
0.0302066802978516 0.0189189910888672 0.40863037109375 -0.260009765625
-0.00154495239257813 0.0234432220458984 0.67889404296875 0.12298583984375
-0.0664710998535156 0.0126533508300781 0.34759521484375 0.794677734375
-0.0379486083984375 -0.0403251647949219 -0.40753173828125 0.99383544921875
0.0485496520996094 -0.0311927795410156 -0.73095703125 0.428955078125
0.0957107543945313 0.0152511596679688 0.0789337158203125 0.0719451904296875
0.0683746337890625 -0.0175132751464844 0.82958984375 -0.4718017578125
0.00369071960449218 -0.0337390899658203 0.28192138671875 -1.0745849609375
-0.0377998352050781 -0.0115623474121094 -0.6248779296875 -0.67474365234375
-0.0321922302246094 0.0102691650390625 -0.688232421875 0.11431884765625
0.00183677673339844 0.0167875289916992 -0.350250244140625 0.396453857421875
0.0192508697509766 0.00193023681640625 0.040924072265625 0.3056640625
0.0145931243896484 -0.0104637145996094 0.234085083007812 0.090606689453125
0.0079803466796875 -0.015772819519043 -0.165939331054688 -0.106063842773437
0.0356903076171875 0.003814697265625 0.07305908203125 -0.290985107421875
0.0374908447265625 0.0141563415527344 0.410797119140625 -0.2548828125
0.00819206237792968 0.0258522033691406 0.6787109375 0.13128662109375
-0.0623245239257813 0.0219192504882812 0.339111328125 0.8018798828125
-0.0410079956054687 -0.035308837890625 -0.41387939453125 0.9964599609375
0.0444488525390625 -0.0321464538574219 -0.7344970703125 0.43133544921875
0.0933151245117187 0.0115890502929687 0.0760040283203125 0.0727005004882813
0.0644989013671875 -0.0198783874511719 0.82623291015625 -0.47174072265625
-0.00246620178222656 -0.028900146484375 0.27740478515625 -1.0712890625
-0.0339183807373047 -0.00410079956054688 -0.62933349609375 -0.66986083984375
-0.02288818359375 0.0124473571777344 -0.68988037109375 0.11895751953125
0.00946426391601563 0.0138511657714844 -0.349884033203125 0.399566650390625
0.0243034362792969 -0.00214004516601563 0.041046142578125 0.3040771484375
0.0117626190185547 -0.0136795043945313 0.235321044921875 0.094451904296875
0.00741958618164063 -0.0228633880615234 -0.16650390625 -0.108901977539063
0.0414161682128906 -0.0007476806640625 0.07025146484375 -0.29193115234375
0.048248291015625 0.0103378295898437 0.405517578125 -0.2557373046875
0.0175933837890625 0.0296401977539063 0.680419921875 0.12982177734375
-0.0606498718261719 0.0320014953613281 0.33880615234375 0.80389404296875
-0.0447540283203125 -0.0286636352539062 -0.4151611328125 0.99969482421875
0.0387992858886719 -0.0339546203613281 -0.73504638671875 0.43328857421875
0.093536376953125 0.00439453125 0.0758895874023437 0.0741043090820313
0.0620269775390625 -0.0236015319824219 0.82769775390625 -0.46923828125
-0.00344085693359375 -0.0224628448486328 0.28045654296875 -1.07037353515625
-0.0301170349121094 0.00533294677734375 -0.62921142578125 -0.66766357421875
-0.0154209136962891 0.0159473419189453 -0.689697265625 0.12225341796875
0.0175619125366211 0.0105791091918945 -0.35064697265625 0.395782470703125
0.0293254852294922 -0.00843238830566406 0.040313720703125 0.303955078125
0.00708580017089844 -0.0181255340576172 0.234527587890625 0.095458984375
0.00718116760253906 -0.0285682678222656 -0.16888427734375 -0.111419677734375
0.0428543090820312 -0.0080413818359375 0.06646728515625 -0.297027587890625
0.0553932189941406 0.00787353515625 0.405975341796875 -0.259521484375
0.0263710021972656 0.0342540740966797 0.68115234375 0.1259765625
-0.0557060241699219 0.0418243408203125 0.347412109375 0.7999267578125
-0.0491867065429688 -0.0222969055175781 -0.40032958984375 1.000244140625
0.0344429016113281 -0.0379600524902344 -0.73193359375 0.439453125
0.0907363891601563 0.000762939453125 0.0762481689453125 0.0755615234375
0.0573310852050781 -0.0241508483886719 0.8328857421875 -0.46142578125
-0.00711345672607422 -0.0136299133300781 0.287841796875 -1.06689453125
-0.0253028869628906 0.0130348205566406 -0.6256103515625 -0.67352294921875
-0.00602436065673828 0.0166282653808594 -0.69110107421875 0.1143798828125
0.0279674530029297 0.00728416442871094 -0.353302001953125 0.394775390625
0.0356407165527344 -0.0144081115722656 0.03485107421875 0.302459716796875
0.00525474548339844 -0.0218086242675781 0.231979370117188 0.0959320068359375
0.0110225677490234 -0.00977516174316406 -0.177261352539063 -0.1348876953125
0.0255889892578125 0.0129051208496094 0.047821044921875 -0.32049560546875
0.0225868225097656 0.0187034606933594 0.387176513671875 -0.303314208984375
-0.009124755859375 0.0229377746582031 0.68768310546875 0.05120849609375
-0.0676383972167969 0.0164604187011719 0.4169921875 0.73663330078125
-0.0435905456542969 -0.0354537963867188 -0.30194091796875 0.98980712890625
0.0486335754394531 -0.0268440246582031 -0.6737060546875 0.46337890625
0.0975418090820312 0.021484375 0.0864105224609375 0.082275390625
0.0721206665039063 -0.00742340087890625 0.862548828125 -0.4437255859375
0.00549125671386719 -0.0287418365478516 0.3511962890625 -1.07159423828125
-0.040924072265625 -0.0145835876464844 -0.58099365234375 -0.71630859375
-0.0435295104980469 0.00882339477539062 -0.68450927734375 0.0689697265624999
-0.008270263671875 0.0171642303466797 -0.3599853515625 0.36346435546875
0.0138492584228516 0.00443935394287109 0.0257110595703125 0.2794189453125
0.0129537582397461 -0.00615692138671875 0.228424072265625 0.0638275146484375
0.0101814270019531 -0.00566768646240234 -0.173538208007813 -0.126190185546875
0.0243377685546875 0.0138835906982422 0.053619384765625 -0.3125
0.0197620391845703 0.019256591796875 0.3936767578125 -0.295196533203125
-0.0109272003173828 0.0200443267822266 0.685302734375 0.0672607421875
-0.0667381286621094 0.0103034973144531 0.40045166015625 0.7467041015625
-0.0384101867675781 -0.039794921875 -0.32427978515625 0.98681640625
0.0511856079101563 -0.0273246765136719 -0.6826171875 0.45587158203125
0.0975494384765625 0.0258407592773438 0.0846710205078125 0.075469970703125
0.073455810546875 -0.0104293823242188 0.849365234375 -0.45172119140625
0.00515937805175781 -0.0348911285400391 0.326904296875 -1.0731201171875
-0.0418472290039063 -0.0203590393066406 -0.59375 -0.701904296875
-0.0452957153320313 0.00722122192382813 -0.6824951171875 0.0850219726562502
-0.0119037628173828 0.0189228057861328 -0.353759765625 0.375152587890625
0.0128030776977539 0.00583648681640625 0.0318603515625 0.286865234375
0.014312744140625 -0.00598239898681641 0.229461669921875 0.0693359375
0.012415885925293 -0.00596141815185547 -0.17242431640625 -0.12127685546875
0.0253791809082031 0.0148544311523438 0.056488037109375 -0.30487060546875
0.0205001831054688 0.0217647552490234 0.396453857421875 -0.27972412109375
-0.0115833282470703 0.0199794769287109 0.68109130859375 0.08538818359375
-0.0699043273925781 0.00783920288085936 0.38580322265625 0.75738525390625
-0.0376548767089844 -0.0432662963867188 -0.347412109375 0.98748779296875
0.0517005920410156 -0.0277481079101563 -0.69793701171875 0.44873046875
0.0945053100585938 0.0235214233398438 0.0789642333984375 0.0749130249023438
0.0737991333007813 -0.0122604370117188 0.83807373046875 -0.4617919921875
0.00582122802734375 -0.0366706848144531 0.3055419921875 -1.07135009765625
-0.0404853820800781 -0.0202903747558594 -0.60595703125 -0.68359375
-0.0444488525390625 0.00810623168945313 -0.68084716796875 0.0983886718749999
-0.0105495452880859 0.0184059143066406 -0.3477783203125 0.38653564453125
0.0140867233276367 0.00860404968261719 0.037841796875 0.292877197265625
0.0158195495605469 -0.00470066070556641 0.234603881835938 0.077117919921875
0.00998306274414062 -0.00614166259765625 -0.167877197265625 -0.111175537109375
0.0271739959716797 0.0136585235595703 0.0625 -0.298492431640625
0.024139404296875 0.0210971832275391 0.400146484375 -0.2711181640625
-0.0070037841796875 0.0209255218505859 0.67938232421875 0.10198974609375
-0.0667762756347656 0.0101203918457031 0.36773681640625 0.77606201171875
-0.037567138671875 -0.0421791076660156 -0.37152099609375 0.991943359375
0.049896240234375 -0.0297012329101563 -0.710693359375 0.44268798828125
0.094940185546875 0.0209808349609375 0.0789947509765625 0.0713272094726563
0.0702247619628906 -0.0162467956542969 0.82672119140625 -0.47265625
0.00410842895507813 -0.0361099243164063 0.28326416015625 -1.07354736328125
-0.0401573181152344 -0.0178184509277344 -0.618408203125 -0.67303466796875
-0.0385322570800781 0.00852584838867187 -0.68145751953125 0.11248779296875
-0.00374603271484375 0.0189990997314453 -0.343353271484375 0.3955078125
0.0151605606079102 0.00695133209228516 0.04022216796875 0.298004150390625
0.0149831771850586 -0.00910377502441406 0.2327880859375 0.0837860107421875
0.0115976333618164 -0.011016845703125 -0.168701171875 -0.106460571289063
0.0299816131591797 0.00931739807128906 0.0633544921875 -0.293121337890625
0.0310745239257813 0.0179157257080078 0.402862548828125 -0.265167236328125
-0.00144004821777344 0.0217571258544922 0.67706298828125 0.1119384765625
-0.0631675720214844 0.0157241821289063 0.35760498046875 0.78765869140625
-0.0371208190917969 -0.0383644104003906 -0.388671875 0.99249267578125
0.0446205139160156 -0.0297698974609375 -0.719970703125 0.43756103515625
0.0929031372070312 0.0147171020507812 0.0773773193359375 0.0702896118164063
0.067169189453125 -0.0184593200683594 0.8189697265625 -0.47802734375
0.00177001953125 -0.0333461761474609 0.265625 -1.0711669921875
-0.0371856689453125 -0.0114936828613281 -0.6318359375 -0.65972900390625
-0.0324726104736328 0.0109195709228516 -0.6820068359375 0.12451171875
0.00107097625732422 0.0160236358642578 -0.341094970703125 0.40234375
0.0190391540527344 0.00181007385253906 0.045654296875 0.302398681640625
0.0130453109741211 -0.00925827026367188 0.23504638671875 0.087432861328125
0.00823116302490234 -0.0153779983520508 -0.16766357421875 -0.104324340820312
0.03521728515625 0.00449752807617188 0.064666748046875 -0.290985107421875
0.0381393432617188 0.015167236328125 0.401519775390625 -0.2586669921875
0.00748443603515625 0.025146484375 0.6781005859375 0.1220703125
-0.061187744140625 0.0244064331054687 0.35009765625 0.7921142578125
-0.0395126342773438 -0.0333595275878906 -0.397705078125 0.99713134765625
0.0425910949707031 -0.0315322875976563 -0.727783203125 0.438720703125
0.0922393798828125 0.00909423828125 0.0766067504882813 0.0703811645507813
0.0641365051269531 -0.0208244323730469 0.813232421875 -0.47998046875
0.000688552856445315 -0.0285167694091797 0.261474609375 -1.06756591796875
-0.03289794921875 -0.00304031372070312 -0.63580322265625 -0.65631103515625
-0.0237884521484375 0.0130596160888672 -0.68115234375 0.13031005859375
0.0110158920288086 0.0139293670654297 -0.34234619140625 0.404510498046875
0.0244598388671875 -0.00329971313476563 0.0465087890625 0.304534912109375
0.0106229782104492 -0.0134773254394531 0.236862182617188 0.0904541015625
0.00769424438476562 -0.0216007232666016 -0.170669555664063 -0.105972290039062
0.0391387939453125 0.00023651123046875 0.06292724609375 -0.292205810546875
0.0478057861328125 0.0115585327148438 0.40191650390625 -0.261138916015625
0.0162830352783203 0.0284900665283203 0.6763916015625 0.11859130859375
-0.0585289001464844 0.03533935546875 0.35101318359375 0.79583740234375
-0.04449462890625 -0.0281105041503906 -0.39483642578125 1.0023193359375
0.0371627807617187 -0.0360794067382813 -0.72698974609375 0.442138671875
0.0930099487304687 0.003570556640625 0.0760955810546875 0.0723342895507813
0.0626869201660156 -0.0237846374511719 0.81390380859375 -0.4764404296875
-0.00394821166992187 -0.0197353363037109 0.2601318359375 -1.06695556640625
-0.0273990631103516 0.00530433654785157 -0.63519287109375 -0.65325927734375
-0.0130996704101562 0.013371467590332 -0.68194580078125 0.13055419921875
0.0201549530029297 0.0113716125488281 -0.342376708984375 0.4014892578125
0.0301914215087891 -0.00889205932617188 0.045501708984375 0.302032470703125
0.00679588317871094 -0.0179710388183594 0.234115600585938 0.0911712646484375
0.00526809692382813 -0.0273780822753906 -0.171600341796875 -0.108352661132812
0.0447502136230469 -0.00616455078125 0.06072998046875 -0.29705810546875
0.0548629760742188 0.0055084228515625 0.39739990234375 -0.265533447265625
0.0270481109619141 0.0318508148193359 0.67950439453125 0.11114501953125
-0.0537300109863281 0.0467910766601563 0.36090087890625 0.7926025390625
-0.0492286682128906 -0.0178108215332031 -0.38348388671875 1.00360107421875
0.0349845886230469 -0.0370597839355469 -0.72113037109375 0.4476318359375
0.0900802612304688 -0.0010528564453125 0.0761947631835938 0.0766372680664063
0.0555076599121094 -0.0228309631347656 0.819580078125 -0.4696044921875
-0.006683349609375 -0.0118246078491211 0.2730712890625 -1.06317138671875
-0.0266494750976563 0.0145473480224609 -0.63134765625 -0.65850830078125
-0.00549125671386719 0.0179691314697266 -0.68475341796875 0.12530517578125
0.0281505584716797 0.00930976867675781 -0.344879150390625 0.398529052734375
0.0331077575683594 -0.0147171020507812 0.042633056640625 0.299652099609375
0.00407791137695312 -0.0217933654785156 0.232620239257813 0.0874786376953125
0.0102930068969727 -0.00733852386474609 -0.180145263671875 -0.13177490234375
0.0259170532226563 0.0104694366455078 0.042877197265625 -0.32049560546875
0.0241546630859375 0.0197505950927734 0.381988525390625 -0.30908203125
-0.00887489318847656 0.0217037200927734 0.68328857421875 0.04229736328125
-0.0656242370605469 0.0177955627441406 0.42205810546875 0.726318359375
-0.0393829345703125 -0.0347023010253906 -0.28485107421875 0.98583984375
0.0457305908203125 -0.0250740051269531 -0.6610107421875 0.47119140625
0.0950851440429688 0.0231857299804688 0.0848007202148438 0.0805206298828125
0.0740585327148438 -0.0084686279296875 0.8486328125 -0.44720458984375
0.00612449645996094 -0.0277690887451172 0.333984375 -1.0665283203125
-0.0403060913085938 -0.0153465270996094 -0.58612060546875 -0.7041015625
-0.043121337890625 0.00928497314453125 -0.676025390625 0.076904296875
-0.0065469741821289 0.0170497894287109 -0.351470947265625 0.370269775390625
0.0155696868896484 0.00434398651123047 0.0300445556640625 0.277801513671875
0.0148143768310547 -0.0076904296875 0.227691650390625 0.060028076171875
0.0117712020874023 -0.00524234771728516 -0.176467895507813 -0.122467041015625
0.0259342193603516 0.0135231018066406 0.047332763671875 -0.312744140625
0.0188350677490234 0.0200614929199219 0.385467529296875 -0.29583740234375
-0.0117759704589844 0.0209369659423828 0.68145751953125 0.05816650390625
-0.0674629211425781 0.0133476257324219 0.40869140625 0.73876953125
-0.0364837646484375 -0.0399665832519531 -0.31048583984375 0.98541259765625
0.0496253967285156 -0.0259017944335938 -0.67559814453125 0.46075439453125
0.095977783203125 0.02325439453125 0.0833740234375 0.078460693359375
0.0726165771484375 -0.0113296508789063 0.838134765625 -0.45916748046875
0.00649261474609375 -0.032562255859375 0.31103515625 -1.0662841796875
-0.040252685546875 -0.0181541442871094 -0.5982666015625 -0.6881103515625
-0.0451545715332031 0.00796127319335938 -0.67657470703125 0.0931396484375001
-0.0120449066162109 0.0192031860351562 -0.344146728515625 0.3779296875
0.0123615264892578 0.00575733184814453 0.03399658203125 0.28460693359375
0.0169830322265625 -0.00665187835693359 0.229217529296875 0.0641632080078125
0.0126657485961914 -0.004852294921875 -0.17303466796875 -0.118377685546875
0.0243091583251953 0.0161685943603516 0.051055908203125 -0.302734375
0.0205593109130859 0.0210838317871094 0.38836669921875 -0.285980224609375
-0.0124950408935547 0.0183506011962891 0.67919921875 0.07196044921875
-0.0679588317871094 0.00963211059570312 0.3924560546875 0.74908447265625
-0.03680419921875 -0.041534423828125 -0.33441162109375 0.9864501953125
0.0491943359375 -0.0254745483398438 -0.68743896484375 0.4541015625
0.0943603515625 0.0233612060546875 0.0781707763671875 0.073699951171875
0.0720901489257812 -0.0131149291992187 0.82415771484375 -0.46722412109375
0.007171630859375 -0.0351409912109375 0.29052734375 -1.06561279296875
-0.0381050109863281 -0.0192680358886719 -0.61114501953125 -0.67401123046875
-0.0449485778808594 0.00730514526367187 -0.674072265625 0.1085205078125
-0.0122184753417969 0.0206050872802734 -0.33819580078125 0.3887939453125
0.0110378265380859 0.00905799865722656 0.042236328125 0.291015625
0.0147733688354492 -0.00626754760742188 0.233657836914063 0.0747222900390625
0.0111322402954102 -0.00644397735595703 -0.168991088867188 -0.109527587890625
0.0264339447021484 0.0136909484863281 0.05828857421875 -0.2955322265625
0.0240612030029297 0.0208816528320312 0.39373779296875 -0.275726318359375
-0.00619125366210937 0.0189552307128906 0.67889404296875 0.09039306640625
-0.0660896301269531 0.0122108459472656 0.37799072265625 0.767333984375
-0.0372543334960938 -0.0417213439941406 -0.35589599609375 0.9903564453125
0.0486335754394531 -0.0299339294433594 -0.6995849609375 0.4498291015625
0.093841552734375 0.018798828125 0.079315185546875 0.0704116821289063
0.0708236694335938 -0.0162811279296875 0.81378173828125 -0.47528076171875
0.00477218627929688 -0.036285400390625 0.26617431640625 -1.06903076171875
-0.0409698486328125 -0.0162086486816406 -0.6248779296875 -0.6585693359375
-0.0403861999511719 0.0105628967285156 -0.6751708984375 0.1224365234375
-0.00471687316894531 0.0198726654052734 -0.33734130859375 0.3978271484375
0.0150947570800781 0.00606727600097656 0.044281005859375 0.29718017578125
0.0144338607788086 -0.00895786285400391 0.23529052734375 0.0797271728515625
0.00959014892578125 -0.0122747421264648 -0.168777465820312 -0.103073120117188
0.0320949554443359 0.00852203369140625 0.059417724609375 -0.291778564453125
0.0290412902832031 0.0182914733886719 0.39642333984375 -0.267364501953125
-0.001251220703125 0.0216445922851563 0.67608642578125 0.1019287109375
-0.0635795593261719 0.0169639587402344 0.364501953125 0.7760009765625
-0.0376052856445312 -0.0390281677246094 -0.37457275390625 0.99285888671875
0.045806884765625 -0.0317497253417969 -0.711669921875 0.4462890625
0.0911712646484375 0.0159912109375 0.078277587890625 0.07086181640625
0.0696258544921875 -0.0172576904296875 0.80621337890625 -0.4810791015625
0.00118446350097656 -0.0308761596679687 0.248291015625 -1.06585693359375
-0.03680419921875 -0.0106086730957031 -0.634521484375 -0.6473388671875
-0.0326118469238281 0.0114498138427734 -0.67529296875 0.13482666015625
0.00311088562011719 0.0166053771972656 -0.3330078125 0.4039306640625
0.019744873046875 0.00163078308105469 0.05029296875 0.301483154296875
0.0129642486572266 -0.0125322341918945 0.236312866210938 0.08367919921875
0.00888347625732422 -0.0160531997680664 -0.16888427734375 -0.102981567382812
0.0360450744628906 0.00595474243164062 0.05950927734375 -0.291229248046875
0.0380363464355469 0.0137367248535156 0.396484375 -0.263427734375
0.00855636596679688 0.0241622924804688 0.6737060546875 0.111083984375
-0.0618515014648438 0.0262336730957031 0.36053466796875 0.7828369140625
-0.040252685546875 -0.0313682556152344 -0.3822021484375 0.99774169921875
0.0405921936035156 -0.0341148376464844 -0.7159423828125 0.44537353515625
0.0922775268554688 0.00975799560546875 0.0743408203125 0.0704498291015625
0.0630569458007812 -0.0219306945800781 0.802490234375 -0.482177734375
-0.00119781494140625 -0.0266017913818359 0.24322509765625 -1.0640869140625
-0.0306911468505859 -0.00232315063476563 -0.64141845703125 -0.64208984375
-0.0230484008789063 0.0139217376708984 -0.67510986328125 0.14166259765625
0.0124216079711914 0.0154905319213867 -0.3310546875 0.40594482421875
0.0236911773681641 -0.00412178039550781 0.052001953125 0.30230712890625
0.0113201141357422 -0.0143098831176758 0.236709594726563 0.085540771484375
0.0061798095703125 -0.021026611328125 -0.169540405273438 -0.102890014648437
0.0416107177734375 -8.7738037109375E-05 0.057891845703125 -0.2899169921875
0.048187255859375 0.0087127685546875 0.392852783203125 -0.26513671875
0.0162925720214844 0.0269279479980469 0.6754150390625 0.1124267578125
-0.0561408996582031 0.0352592468261719 0.359375 0.78558349609375
-0.0433769226074219 -0.0257797241210938 -0.37774658203125 1.0003662109375
0.0366020202636719 -0.0359878540039063 -0.71533203125 0.4483642578125
0.092041015625 0.0015716552734375 0.0756988525390625 0.073394775390625
0.0606575012207031 -0.0221366882324219 0.8011474609375 -0.482421875
-0.00245475769042969 -0.0202198028564453 0.24664306640625 -1.05987548828125
-0.0294227600097656 0.00633621215820312 -0.643310546875 -0.64288330078125
-0.0149116516113281 0.0140419006347656 -0.67388916015625 0.14007568359375
0.0186100006103516 0.0111827850341797 -0.33245849609375 0.4046630859375
0.0298843383789063 -0.00774192810058594 0.048065185546875 0.3011474609375
0.00583076477050781 -0.0202255249023438 0.234939575195312 0.08648681640625
0.00574111938476562 -0.0281276702880859 -0.17169189453125 -0.10687255859375
0.0431938171386719 -0.00815200805664063 0.056121826171875 -0.2950439453125
0.0555915832519531 0.00527191162109375 0.3919677734375 -0.269622802734375
0.0266742706298828 0.0317268371582031 0.6732177734375 0.101806640625
-0.0529975891113281 0.0436172485351563 0.36907958984375 0.78106689453125
-0.0467338562011719 -0.0174140930175781 -0.3663330078125 0.9991455078125
0.0310783386230469 -0.0380096435546875 -0.71002197265625 0.45635986328125
0.0895767211914063 -0.00165557861328125 0.0770187377929687 0.074127197265625
0.0563774108886719 -0.0229606628417969 0.8067626953125 -0.47540283203125
-0.007049560546875 -0.00999259948730469 0.25372314453125 -1.0587158203125
-0.0262413024902344 0.0147647857666016 -0.6337890625 -0.64654541015625
-0.00552463531494141 0.0165996551513672 -0.67620849609375 0.13525390625
0.0254592895507813 0.00861930847167969 -0.33746337890625 0.400177001953125
0.0343055725097656 -0.0155487060546875 0.04412841796875 0.297027587890625
0.00338554382324219 -0.0224704742431641 0.233383178710938 0.0855712890625
0.0105056762695313 -0.00697231292724609 -0.178436279296875 -0.128021240234375
0.0276947021484375 0.0108985900878906 0.037750244140625 -0.318328857421875
0.0215511322021484 0.0179443359375 0.373992919921875 -0.311004638671875
-0.00829124450683594 0.0199851989746094 0.6756591796875 0.03515625
-0.0642166137695313 0.0209579467773438 0.429931640625 0.71697998046875
-0.0391883850097656 -0.0328826904296875 -0.2750244140625 0.98370361328125
0.0454025268554688 -0.026702880859375 -0.65008544921875 0.47357177734375
0.0943527221679688 0.0227737426757813 0.0839767456054687 0.0804061889648438
0.072265625 -0.009521484375 0.83685302734375 -0.45074462890625
0.00664901733398437 -0.02777099609375 0.3203125 -1.06317138671875
-0.0391845703125 -0.0123023986816406 -0.5889892578125 -0.68994140625
-0.0433311462402344 0.00996017456054686 -0.66925048828125 0.0854492187500001
-0.00954055786132813 0.0179615020751953 -0.34197998046875 0.37109375
0.0122804641723633 0.00202369689941406 0.0314788818359375 0.279251098632813
0.0139999389648438 -0.0106897354125977 0.226882934570313 0.056732177734375
0.0129842758178711 -0.00465106964111328 -0.176101684570313 -0.121124267578125
0.0275306701660156 0.0122718811035156 0.04229736328125 -0.309906005859375
0.0196475982666016 0.0192661285400391 0.378509521484375 -0.300262451171875
-0.0114574432373047 0.0211277008056641 0.67742919921875 0.04962158203125
-0.0671882629394531 0.0157318115234375 0.412841796875 0.72821044921875
-0.0371589660644531 -0.0374488830566406 -0.29486083984375 0.982666015625
0.0472755432128906 -0.0263442993164062 -0.66351318359375 0.46435546875
0.0939254760742188 0.0233230590820313 0.0815963745117188 0.0742263793945313
0.0727691650390625 -0.0098724365234375 0.82611083984375 -0.46124267578125
0.008026123046875 -0.0341033935546875 0.29638671875 -1.06304931640625
-0.0419731140136719 -0.0177154541015625 -0.6009521484375 -0.676513671875
-0.0451011657714844 0.0098724365234375 -0.66650390625 0.10113525390625
-0.00974273681640625 0.0191230773925781 -0.33587646484375 0.38018798828125
0.0121955871582031 0.00579452514648438 0.038299560546875 0.28265380859375
0.015070915222168 -0.00639533996582031 0.228851318359375 0.0626678466796875
0.012690544128418 -0.00549221038818359 -0.173538208007813 -0.1134033203125
0.0245819091796875 0.0151901245117187 0.0477294921875 -0.30572509765625
0.0205783843994141 0.0200042724609375 0.384735107421875 -0.2852783203125
-0.0108308792114258 0.0168647766113281 0.67529296875 0.06683349609375
-0.0680198669433594 0.0102462768554688 0.39794921875 0.740234375
-0.0334510803222656 -0.0392036437988281 -0.319091796875 0.98175048828125
0.0482025146484375 -0.0280265808105469 -0.67706298828125 0.45831298828125
0.094024658203125 0.0223770141601563 0.0778884887695312 0.0692825317382813
0.073944091796875 -0.0120086669921875 0.8099365234375 -0.47076416015625
0.00754356384277344 -0.0341320037841797 0.2735595703125 -1.0572509765625
-0.0424995422363281 -0.0178298950195312 -0.6123046875 -0.65997314453125
-0.0452690124511719 0.00836944580078126 -0.66571044921875 0.114990234375
-0.00820732116699219 0.0207958221435547 -0.331756591796875 0.38873291015625
0.0133934020996094 0.00736236572265625 0.045867919921875 0.287445068359375
0.0148983001708984 -0.00539970397949219 0.23345947265625 0.0716400146484375
0.0113286972045898 -0.00599288940429688 -0.172439575195313 -0.10675048828125
0.0279502868652344 0.0123882293701172 0.053466796875 -0.294830322265625
0.024139404296875 0.0181083679199219 0.389312744140625 -0.279022216796875
-0.00885009765625 0.0193252563476563 0.67218017578125 0.0828857421875
-0.0656394958496094 0.0146446228027344 0.38482666015625 0.75909423828125
-0.0323677062988281 -0.0404090881347656 -0.34649658203125 0.98663330078125
0.0481796264648438 -0.0313835144042969 -0.687744140625 0.452880859375
0.0935592651367188 0.0179367065429688 0.0778427124023438 0.0711822509765625
0.071563720703125 -0.0154495239257813 0.80218505859375 -0.4820556640625
0.004486083984375 -0.0342903137207031 0.25323486328125 -1.060546875
-0.0401763916015625 -0.0176162719726563 -0.6307373046875 -0.64697265625
-0.0394973754882813 0.0106620788574219 -0.66619873046875 0.13116455078125
-0.00417327880859375 0.0199947357177734 -0.33026123046875 0.399658203125
0.0137443542480469 0.00454807281494141 0.047698974609375 0.295989990234375
0.01507568359375 -0.00716209411621094 0.23211669921875 0.0743865966796875
0.0101022720336914 -0.00998401641845703 -0.170562744140625 -0.10150146484375
0.0326499938964844 0.00972938537597656 0.053924560546875 -0.2906494140625
0.0290069580078125 0.0148639678955078 0.38812255859375 -0.268890380859375
-0.00113296508789062 0.0205116271972656 0.67327880859375 0.09356689453125
-0.0617103576660156 0.0197219848632813 0.37384033203125 0.7664794921875
-0.0365219116210938 -0.0356521606445313 -0.36199951171875 0.98785400390625
0.043182373046875 -0.031951904296875 -0.69830322265625 0.44915771484375
0.0915908813476563 0.0149078369140625 0.0768966674804688 0.06842041015625
0.0653610229492188 -0.0193252563476563 0.79290771484375 -0.4857177734375
0.00250434875488282 -0.0313568115234375 0.237548828125 -1.05780029296875
-0.0361366271972656 -0.0105552673339844 -0.63916015625 -0.6343994140625
-0.0328807830810547 0.0108928680419922 -0.6639404296875 0.1402587890625
0.00150871276855469 0.0181255340576172 -0.32421875 0.40380859375
0.0167274475097656 0.00291347503662109 0.051422119140625 0.298004150390625
0.0135669708251953 -0.0113430023193359 0.236923217773438 0.079620361328125
0.00927734375 -0.017298698425293 -0.1700439453125 -0.099395751953125
0.0347003936767578 0.0048370361328125 0.056396484375 -0.29071044921875
0.0379180908203125 0.0136566162109375 0.39007568359375 -0.2645263671875
0.00834846496582031 0.0229988098144531 0.66796875 0.10345458984375
-0.0591583251953125 0.0243873596191406 0.36468505859375 0.7745361328125
-0.037689208984375 -0.0289535522460937 -0.36895751953125 0.99212646484375
0.04205322265625 -0.0329856872558594 -0.7059326171875 0.44927978515625
0.090087890625 0.00727081298828125 0.074737548828125 0.0667953491210937
0.0619468688964844 -0.0221748352050781 0.78607177734375 -0.48724365234375
-0.00159072875976563 -0.024749755859375 0.2322998046875 -1.05712890625
-0.0310783386230469 -0.00225448608398438 -0.64013671875 -0.62969970703125
-0.0236110687255859 0.0130538940429687 -0.66455078125 0.14892578125
0.0126914978027344 0.0145635604858398 -0.32421875 0.407257080078125
0.0237979888916016 -0.00158500671386719 0.054840087890625 0.29998779296875
0.00925159454345703 -0.0155181884765625 0.236862182617188 0.0816497802734375
0.00842094421386719 -0.0220203399658203 -0.17138671875 -0.10107421875
0.04150390625 -0.000652313232421875 0.054534912109375 -0.28875732421875
0.04632568359375 0.00917816162109375 0.388092041015625 -0.266387939453125
0.0162220001220703 0.0273151397705078 0.67047119140625 0.098876953125
-0.0535163879394531 0.0365257263183594 0.36798095703125 0.77581787109375
-0.04296875 -0.0234031677246094 -0.3648681640625 0.99505615234375
0.0368690490722656 -0.0361213684082031 -0.70623779296875 0.4522705078125
0.087554931640625 0.0028839111328125 0.0766067504882812 0.0706939697265625
0.0604400634765625 -0.0217552185058594 0.79144287109375 -0.485107421875
-0.00349235534667969 -0.0184307098388672 0.23052978515625 -1.05352783203125
-0.0297946929931641 0.0057525634765625 -0.6434326171875 -0.6265869140625
-0.0153541564941406 0.0144071578979492 -0.66851806640625 0.14801025390625
0.01922607421875 0.011016845703125 -0.326904296875 0.405914306640625
0.0292949676513672 -0.00890159606933594 0.053985595703125 0.298492431640625
0.00440788269042969 -0.0188102722167969 0.236602783203125 0.0826416015625
0.00388908386230469 -0.0283164978027344 -0.172332763671875 -0.103561401367188
0.0454559326171875 -0.00951385498046875 0.05255126953125 -0.292144775390625
0.05511474609375 0.00417709350585938 0.383880615234375 -0.270782470703125
0.0235252380371094 0.0309181213378906 0.67242431640625 0.09466552734375
-0.0516586303710937 0.0472908020019531 0.37591552734375 0.7734375
-0.0445213317871094 -0.0149154663085937 -0.3529052734375 0.99688720703125
0.0315742492675781 -0.0362586975097656 -0.70135498046875 0.458984375
0.0867156982421875 -0.000518798828125 0.075042724609375 0.0734786987304688
0.0574798583984375 -0.0252571105957031 0.7940673828125 -0.47906494140625
-0.00513935089111328 -0.0124063491821289 0.2423095703125 -1.04998779296875
-0.0265407562255859 0.0143718719482422 -0.637451171875 -0.63336181640625
-0.00609016418457031 0.0187549591064453 -0.6676025390625 0.14044189453125
0.027557373046875 0.00758552551269531 -0.328125 0.40338134765625
0.0339317321777344 -0.0149269104003906 0.04827880859375 0.295989990234375
0.00294113159179688 -0.0235328674316406 0.232315063476562 0.0823516845703125
0.00908565521240234 -0.00664138793945312 -0.178665161132812 -0.123825073242188
0.0275936126708984 0.0105800628662109 0.033111572265625 -0.31805419921875
0.0235328674316406 0.0172023773193359 0.366363525390625 -0.30853271484375
-0.00760841369628906 0.0199565887451172 0.6727294921875 0.026611328125
-0.0642738342285156 0.0230140686035156 0.43280029296875 0.7088623046875
-0.0377006530761719 -0.0300788879394531 -0.26611328125 0.97650146484375
0.0456390380859375 -0.0251197814941406 -0.64501953125 0.47314453125
0.0917434692382813 0.0216751098632813 0.08062744140625 0.0760040283203125
0.0725631713867188 -0.008209228515625 0.82257080078125 -0.4521484375
0.00666427612304687 -0.0258617401123047 0.30816650390625 -1.05352783203125
-0.0419960021972656 -0.0129013061523438 -0.59063720703125 -0.679931640625
-0.04327392578125 0.0115318298339844 -0.66046142578125 0.0924072265624999
-0.00669097900390625 0.0188674926757813 -0.335601806640625 0.3714599609375
0.0126876831054688 0.00380897521972656 0.0341644287109375 0.273574829101563
0.012725830078125 -0.00841999053955078 0.22674560546875 0.055084228515625
0.00939559936523438 -0.00463962554931641 -0.1766357421875 -0.118804931640625
0.0242252349853516 0.0125656127929688 0.038360595703125 -0.3092041015625
0.0207481384277344 0.0196151733398438 0.371795654296875 -0.300537109375
-0.014923095703125 0.0192375183105469 0.6728515625 0.0443115234375
-0.0658378601074219 0.017181396484375 0.418701171875 0.7193603515625
-0.0349159240722656 -0.0360374450683594 -0.281982421875 0.975830078125
0.0469207763671875 -0.0269622802734375 -0.65643310546875 0.46502685546875
0.0923080444335938 0.0237350463867188 0.0801925659179688 0.0760574340820313
0.07391357421875 -0.0102005004882813 0.81170654296875 -0.463134765625
0.00755500793457031 -0.0319805145263672 0.28643798828125 -1.05352783203125
-0.0402183532714844 -0.0170173645019531 -0.6029052734375 -0.66302490234375
-0.0452613830566406 0.00954818725585938 -0.65997314453125 0.10467529296875
-0.0104503631591797 0.0185508728027344 -0.328216552734375 0.380462646484375
0.013188362121582 0.00647163391113281 0.0418701171875 0.280105590820312
0.0159397125244141 -0.00676727294921875 0.229049682617188 0.060394287109375
0.0121583938598633 -0.00487899780273437 -0.173980712890625 -0.112472534179687
0.0260467529296875 0.0110530853271484 0.044097900390625 -0.3006591796875
0.0192775726318359 0.0206127166748047 0.375946044921875 -0.289306640625
-0.0134239196777344 0.0182247161865234 0.66961669921875 0.05902099609375
-0.0666465759277344 0.0130577087402344 0.40301513671875 0.73284912109375
-0.0350227355957031 -0.0377159118652344 -0.30908203125 0.9771728515625
0.0472869873046875 -0.0273399353027344 -0.66815185546875 0.45880126953125
0.0924911499023438 0.0217437744140625 0.0767440795898438 0.0711441040039063
0.0710678100585937 -0.0129318237304687 0.800048828125 -0.47210693359375
0.0072479248046875 -0.0354156494140625 0.262451171875 -1.0496826171875
-0.0406036376953125 -0.0182914733886719 -0.61334228515625 -0.6470947265625
-0.0437774658203125 0.00801849365234374 -0.65771484375 0.12127685546875
-0.00890541076660156 0.0202598571777344 -0.322418212890625 0.390106201171875
0.0115747451782227 0.00764942169189453 0.048004150390625 0.2867431640625
0.0165023803710938 -0.00637245178222656 0.232742309570313 0.066802978515625
0.010406494140625 -0.00788211822509766 -0.17071533203125 -0.104202270507813
0.0281009674072266 0.0115489959716797 0.049652099609375 -0.294952392578125
0.0228652954101562 0.0182113647460938 0.380889892578125 -0.278656005859375
-0.00761222839355469 0.0178146362304688 0.66790771484375 0.0753173828125
-0.0642127990722656 0.0165786743164063 0.38751220703125 0.748779296875
-0.0327491760253906 -0.0389556884765625 -0.33056640625 0.98138427734375
0.0454254150390625 -0.0289306640625 -0.679931640625 0.45452880859375
0.0893707275390625 0.0189437866210938 0.0773544311523437 0.0716552734375
0.0691909790039063 -0.0153770446777344 0.7886962890625 -0.4801025390625
0.00599479675292968 -0.0322589874267578 0.239501953125 -1.0526123046875
-0.0394783020019531 -0.0153236389160156 -0.6287841796875 -0.634521484375
-0.0383758544921875 0.0125732421875 -0.6578369140625 0.13525390625
-0.00482368469238281 0.0205020904541016 -0.320281982421875 0.397857666015625
0.0149898529052734 0.00655937194824219 0.053009033203125 0.293304443359375
0.0142641067504883 -0.00941658020019531 0.23016357421875 0.072296142578125
0.00939369201660156 -0.0117778778076172 -0.171005249023438 -0.0993194580078125
0.0320091247558594 0.00781059265136719 0.050811767578125 -0.2884521484375
0.0292167663574219 0.0157012939453125 0.385223388671875 -0.2716064453125
-0.00326728820800781 0.0194282531738281 0.6656494140625 0.0867919921875
-0.0625228881835938 0.0187835693359375 0.37738037109375 0.76019287109375
-0.0355339050292969 -0.0332794189453125 -0.34747314453125 0.9840087890625
0.0452346801757813 -0.031829833984375 -0.6910400390625 0.451904296875
0.0922012329101563 0.0116806030273438 0.0749588012695313 0.0695037841796875
0.0667037963867187 -0.0209388732910156 0.77899169921875 -0.48541259765625
0.00311851501464844 -0.0309619903564453 0.2254638671875 -1.05047607421875
-0.0365486145019531 -0.00924301147460938 -0.63812255859375 -0.62200927734375
-0.0323619842529297 0.0131626129150391 -0.65472412109375 0.1458740234375
0.0026397705078125 0.0180950164794922 -0.318206787109375 0.405975341796875
0.0184383392333984 0.00137901306152344 0.05706787109375 0.294647216796875
0.0110416412353516 -0.0122642517089844 0.235275268554688 0.0772247314453125
0.00716781616210938 -0.0173864364624023 -0.17047119140625 -0.0974578857421875
0.0364913940429688 0.00430679321289063 0.050628662109375 -0.288726806640625
0.03717041015625 0.00984573364257813 0.383514404296875 -0.267181396484375
0.00683784484863281 0.0233993530273437 0.66455078125 0.09307861328125
-0.0606002807617188 0.02886962890625 0.3724365234375 0.767333984375
-0.0388717651367188 -0.0279884338378906 -0.3563232421875 0.989013671875
0.039276123046875 -0.0339736938476562 -0.693603515625 0.45037841796875
0.087738037109375 0.00750732421875 0.0743255615234375 0.0691375732421875
0.0632743835449219 -0.0217323303222656 0.77777099609375 -0.48590087890625
-0.00110816955566406 -0.0246334075927734 0.219482421875 -1.04754638671875
-0.0325412750244141 -0.00177001953125001 -0.640869140625 -0.61700439453125
-0.0227813720703125 0.0150375366210937 -0.65814208984375 0.1507568359375
0.0125312805175781 0.0139493942260742 -0.3157958984375 0.40771484375
0.0241565704345703 -0.00353622436523438 0.05657958984375 0.29669189453125
0.00901222229003906 -0.0167169570922852 0.233978271484375 0.0796966552734375
0.00523757934570313 -0.0209426879882813 -0.173599243164062 -0.098541259765625
0.0411224365234375 -0.00308609008789062 0.05023193359375 -0.288543701171875
0.0482711791992187 0.00565719604492188 0.380523681640625 -0.267852783203125
0.0156879425048828 0.0266399383544922 0.6641845703125 0.09393310546875
-0.0544776916503906 0.0382308959960938 0.37188720703125 0.76971435546875
-0.0387115478515625 -0.0214118957519531 -0.35491943359375 0.9908447265625
0.0337638854980469 -0.0367851257324219 -0.6954345703125 0.45318603515625
0.0877304077148438 0.0021209716796875 0.0741043090820313 0.0699462890625
0.059722900390625 -0.0235023498535156 0.77679443359375 -0.4859619140625
-0.00426673889160156 -0.0174083709716797 0.22076416015625 -1.04638671875
-0.0275611877441406 0.00697135925292968 -0.64251708984375 -0.61492919921875
-0.0138587951660156 0.0150699615478516 -0.65679931640625 0.1527099609375
0.0192985534667969 0.011810302734375 -0.3165283203125 0.40655517578125
0.0271816253662109 -0.00824165344238281 0.053558349609375 0.297882080078125
0.00552558898925781 -0.01904296875 0.23486328125 0.0784759521484375
0.00482368469238281 -0.0289173126220703 -0.1744384765625 -0.101715087890625
0.0442276000976563 -0.00831222534179688 0.046051025390625 -0.2926025390625
0.0551834106445313 0.00410842895507813 0.37860107421875 -0.274871826171875
0.0238914489746094 0.0284957885742187 0.66668701171875 0.090087890625
-0.0508308410644531 0.0473480224609375 0.37982177734375 0.76544189453125
-0.0424079895019531 -0.0140419006347656 -0.34185791015625 0.99334716796875
0.0302085876464844 -0.0357818603515625 -0.6888427734375 0.45855712890625
0.0875701904296875 -0.00304412841796875 0.0737457275390625 0.0738525390625
0.0565071105957031 -0.0256919860839844 0.78277587890625 -0.47857666015625
-0.00649547576904297 -0.0103607177734375 0.2294921875 -1.04296875
-0.0247821807861328 0.0164813995361328 -0.638671875 -0.62115478515625
-0.0059661865234375 0.0185642242431641 -0.66119384765625 0.14666748046875
0.0260448455810547 0.00742149353027344 -0.32025146484375 0.40179443359375
0.0314273834228516 -0.0127944946289062 0.05047607421875 0.294769287109375
0.00312423706054688 -0.0214138031005859 0.231781005859375 0.0783843994140625
0.00915813446044922 -0.00635433197021484 -0.181045532226562 -0.125823974609375
0.0257987976074219 0.00994873046875 0.0311279296875 -0.316070556640625
0.0244827270507813 0.0159549713134766 0.362213134765625 -0.312530517578125
-0.00926780700683594 0.0182952880859375 0.66827392578125 0.0220947265625
-0.0644760131835938 0.0221633911132812 0.4345703125 0.70135498046875
-0.0367774963378906 -0.0279731750488281 -0.2557373046875 0.9708251953125
0.0437393188476563 -0.0261764526367188 -0.6368408203125 0.47564697265625
0.0918807983398437 0.0203704833984375 0.0824661254882813 0.0784149169921875
0.0703125 -0.00812530517578125 0.81451416015625 -0.45306396484375
0.0078277587890625 -0.0260429382324219 0.3004150390625 -1.0447998046875
-0.0396156311035156 -0.0144004821777344 -0.58935546875 -0.67047119140625
-0.0429496765136719 0.011138916015625 -0.65325927734375 0.0953979492187501
-0.00792503356933594 0.0184001922607422 -0.327606201171875 0.36865234375
0.0135440826416016 0.00607395172119141 0.036224365234375 0.274505615234375
0.0133399963378906 -0.0077056884765625 0.224441528320313 0.0519561767578125
0.0115365982055664 -0.00701045989990234 -0.17779541015625 -0.115966796875
0.0254917144775391 0.0116462707519531 0.036102294921875 -0.308563232421875
0.0199432373046875 0.0195178985595703 0.367584228515625 -0.300750732421875
-0.012049674987793 0.0161027908325195 0.66650390625 0.03717041015625
-0.0645294189453125 0.0171699523925781 0.4212646484375 0.71234130859375
-0.0353012084960938 -0.034210205078125 -0.2744140625 0.971435546875
0.0473365783691406 -0.0284919738769531 -0.6473388671875 0.46759033203125
0.0925140380859375 0.022125244140625 0.0793304443359375 0.0771255493164063
0.0717926025390625 -0.0096282958984375 0.80120849609375 -0.46319580078125
0.00737380981445313 -0.0320091247558594 0.27398681640625 -1.04217529296875
-0.0409088134765625 -0.0181922912597656 -0.6029052734375 -0.6558837890625
-0.0449180603027344 0.00931167602539062 -0.6527099609375 0.1094970703125
-0.00940322875976563 0.020721435546875 -0.324737548828125 0.37872314453125
0.012420654296875 0.00768947601318359 0.04180908203125 0.279006958007813
0.013432502746582 -0.00754356384277344 0.228225708007813 0.0565338134765625
0.0102481842041016 -0.00274658203125 -0.173416137695313 -0.111038208007813
0.0277957916259766 0.0164585113525391 0.041595458984375 -0.29913330078125
0.0214729309082031 0.0191917419433594 0.3697509765625 -0.287750244140625
-0.0138950347900391 0.0168313980102539 0.662841796875 0.0517578125
-0.064453125 0.0124740600585937 0.40509033203125 0.72393798828125
-0.0331268310546875 -0.0348625183105469 -0.29876708984375 0.970703125
0.0456466674804688 -0.0297966003417969 -0.6605224609375 0.45947265625
0.0912017822265625 0.0199737548828125 0.0764846801757813 0.06903076171875
0.0696372985839844 -0.0134696960449219 0.7921142578125 -0.46978759765625
0.00722885131835938 -0.0340385437011719 0.25506591796875 -1.041259765625
-0.04229736328125 -0.0164337158203125 -0.6116943359375 -0.63970947265625
-0.0445365905761719 0.0118751525878906 -0.65008544921875 0.1256103515625
-0.00923347473144531 0.0217552185058594 -0.31817626953125 0.389984130859375
0.0117254257202148 0.00763797760009766 0.049224853515625 0.28778076171875
0.0145645141601563 -0.0092153549194336 0.229965209960938 0.0669708251953125
0.011326789855957 -0.00754165649414062 -0.170516967773438 -0.1024169921875
0.0299415588378906 0.0121574401855469 0.045928955078125 -0.291473388671875
0.0239200592041016 0.0180873870849609 0.374786376953125 -0.280059814453125
-0.00824832916259766 0.0160751342773438 0.6624755859375 0.07196044921875
-0.0642547607421875 0.0174560546875 0.39202880859375 0.74200439453125
-0.0324745178222656 -0.0364112854003906 -0.32354736328125 0.9796142578125
0.0452690124511719 -0.0302352905273438 -0.6693115234375 0.45703125
0.0914840698242187 0.0170440673828125 0.0754776000976563 0.0706100463867188
0.0688133239746094 -0.0151100158691406 0.7783203125 -0.48175048828125
0.00489616394042969 -0.0309772491455078 0.23309326171875 -1.04449462890625
-0.0382881164550781 -0.0167388916015625 -0.62628173828125 -0.6243896484375
-0.0382461547851562 0.0113487243652344 -0.6519775390625 0.13995361328125
-0.0023193359375 0.0219097137451172 -0.313873291015625 0.39849853515625
0.0134258270263672 0.00543403625488281 0.05157470703125 0.29010009765625
0.0133533477783203 -0.00868988037109375 0.230056762695313 0.071624755859375
0.0102605819702148 -0.00873756408691406 -0.171768188476563 -0.0984344482421875
0.0312252044677734 0.00789260864257813 0.047637939453125 -0.288970947265625
0.0298843383789063 0.0151634216308594 0.37774658203125 -0.268707275390625
-0.00339317321777344 0.0199699401855469 0.66021728515625 0.08245849609375
-0.06103515625 0.0208969116210938 0.3787841796875 0.75213623046875
-0.0346164703369141 -0.0307331085205078 -0.33551025390625 0.97869873046875
0.0410232543945313 -0.0324668884277344 -0.68267822265625 0.45135498046875
0.0865707397460938 0.0123214721679687 0.0757293701171875 0.067840576171875
0.0658912658691406 -0.0200080871582031 0.7685546875 -0.4859619140625
0.00188827514648438 -0.0288314819335938 0.21392822265625 -1.0413818359375
-0.0363807678222656 -0.01043701171875 -0.6351318359375 -0.612060546875
-0.0322818756103516 0.0124397277832031 -0.65167236328125 0.148681640625
0.00247001647949219 0.0179271697998047 -0.30963134765625 0.40362548828125
0.0169210433959961 0.00304412841796875 0.05859375 0.294219970703125
0.00929450988769531 -0.0135965347290039 0.234405517578125 0.0754852294921875
0.00805568695068359 -0.0131702423095703 -0.172027587890625 -0.0958251953125
0.0357246398925781 0.00360488891601563 0.049468994140625 -0.286102294921875
0.0372123718261719 0.0106048583984375 0.378875732421875 -0.268157958984375
0.00406837463378906 0.0223617553710938 0.6585693359375 0.0906982421875
-0.0548744201660156 0.0311813354492188 0.37359619140625 0.76019287109375
-0.0362205505371094 -0.0278968811035156 -0.346923828125 0.98321533203125
0.0379676818847656 -0.032989501953125 -0.6868896484375 0.452392578125
0.0876998901367188 0.00800323486328125 0.0728683471679688 0.068145751953125
0.0610084533691406 -0.0224990844726562 0.766845703125 -0.48419189453125
-1.14440917968727E-05 -0.0255012512207031 0.21124267578125 -1.03814697265625
-0.03143310546875 -0.000883102416992181 -0.64031982421875 -0.6048583984375
-0.0211162567138672 0.0152626037597656 -0.64959716796875 0.15594482421875
0.00948524475097656 0.0162820816040039 -0.31024169921875 0.405792236328125
0.0240249633789063 -0.00254631042480469 0.05731201171875 0.296844482421875
0.00931739807128906 -0.0145578384399414 0.232406616210938 0.0770111083984375
0.00656318664550781 -0.0216636657714844 -0.171249389648437 -0.0957183837890625
0.0405464172363281 -0.00340652465820313 0.044891357421875 -0.287353515625
0.0471611022949219 0.00634002685546875 0.377685546875 -0.269256591796875
0.0140800476074219 0.0245857238769531 0.661865234375 0.09075927734375
-0.0540695190429688 0.0388984680175781 0.37347412109375 0.76068115234375
-0.039520263671875 -0.0214691162109375 -0.3424072265625 0.9849853515625
0.03594970703125 -0.0374488830566406 -0.68780517578125 0.45458984375
0.0864105224609375 0.00167083740234375 0.0739593505859375 0.0711822509765625
0.0588226318359375 -0.0243339538574219 0.7685546875 -0.48333740234375
-0.00248336791992188 -0.0173835754394531 0.2117919921875 -1.03594970703125
-0.0290908813476563 0.00520515441894531 -0.64111328125 -0.6053466796875
-0.0133895874023438 0.0179691314697266 -0.65069580078125 0.15631103515625
0.0215091705322266 0.0113182067871094 -0.31243896484375 0.407470703125
0.0276679992675781 -0.00774765014648437 0.055419921875 0.293792724609375
0.0052337646484375 -0.0201091766357422 0.232620239257813 0.0774688720703125
0.0055389404296875 -0.0268688201904297 -0.171951293945313 -0.09942626953125
0.0446968078613281 -0.0077362060546875 0.04437255859375 -0.291229248046875
0.0536575317382813 0.00268936157226563 0.373504638671875 -0.272430419921875
0.0239791870117188 0.0296535491943359 0.6602783203125 0.08233642578125
-0.0499191284179688 0.049285888671875 0.38177490234375 0.7567138671875
-0.0423316955566406 -0.01263427734375 -0.33209228515625 0.9864501953125
0.0295791625976563 -0.0374412536621094 -0.68212890625 0.46197509765625
0.0849227905273438 -0.00286102294921875 0.0742645263671875 0.0719223022460937
0.0548934936523438 -0.0247421264648438 0.77130126953125 -0.47900390625
-0.00388813018798828 -0.0109872817993164 0.22247314453125 -1.03466796875
-0.0253162384033203 0.0168037414550781 -0.6368408203125 -0.6087646484375
-0.00529098510742188 0.0206489562988281 -0.65374755859375 0.14959716796875
0.0258102416992187 0.0083160400390625 -0.315887451171875 0.40264892578125
0.0334930419921875 -0.0148086547851563 0.052947998046875 0.2933349609375
0.00186347961425781 -0.0217361450195313 0.231460571289063 0.075042724609375
0.00911331176757813 -0.0102462768554688 -0.179168701171875 -0.122085571289063
0.0297870635986328 0.00756454467773438 0.027801513671875 -0.31396484375
0.0249137878417969 0.0164909362792969 0.357666015625 -0.31005859375
-0.0102348327636719 0.0191879272460937 0.66162109375 0.01983642578125
-0.0620193481445313 0.0230140686035156 0.433837890625 0.69464111328125
-0.0360755920410156 -0.02752685546875 -0.24493408203125 0.96563720703125
0.0449676513671875 -0.02520751953125 -0.627685546875 0.4739990234375
0.0892410278320313 0.0211944580078125 0.0813522338867187 0.0771255493164062
0.070709228515625 -0.00734710693359375 0.80413818359375 -0.4503173828125
0.00801658630371094 -0.0237464904785156 0.291259765625 -1.0380859375
-0.0390510559082031 -0.0125846862792969 -0.58843994140625 -0.661376953125
-0.0420036315917969 0.0117301940917969 -0.64599609375 0.09759521484375
-0.00421524047851563 0.0201835632324219 -0.32525634765625 0.369293212890625
0.014348030090332 0.00489616394042969 0.037017822265625 0.271469116210938
0.0130462646484375 -0.0100479125976563 0.222015380859375 0.0494537353515625
0.00975131988525391 -0.00469207763671875 -0.174560546875 -0.115447998046875
0.0278759002685547 0.0138130187988281 0.031158447265625 -0.305206298828125
0.0202522277832031 0.0189914703369141 0.36199951171875 -0.301300048828125
-0.0130500793457031 0.0179710388183594 0.6610107421875 0.03631591796875
-0.0631904602050781 0.0182113647460937 0.42144775390625 0.705322265625
-0.0332813262939453 -0.0321121215820312 -0.26763916015625 0.96502685546875
0.0453033447265625 -0.0262222290039063 -0.638916015625 0.4659423828125
0.0907745361328125 0.01995849609375 0.0783538818359375 0.0740585327148438
0.0713653564453125 -0.0088043212890625 0.791259765625 -0.4608154296875
0.00831222534179688 -0.0287361145019531 0.267578125 -1.03662109375
-0.0414237976074219 -0.0165977478027344 -0.60150146484375 -0.6466064453125
-0.0436172485351563 0.00971221923828125 -0.64642333984375 0.1119384765625
-0.0090789794921875 0.0217819213867188 -0.317413330078125 0.378936767578125
0.0121288299560547 0.00667190551757813 0.0436553955078125 0.279693603515625
0.0145587921142578 -0.00852394104003906 0.223983764648438 0.0576171875
0.0124826431274414 -0.00482463836669922 -0.17559814453125 -0.108108520507813
0.0269489288330078 0.0116100311279297 0.03778076171875 -0.296661376953125
0.01947021484375 0.0181541442871094 0.365325927734375 -0.28839111328125
-0.0107870101928711 0.0160760879516602 0.65667724609375 0.04827880859375
-0.06341552734375 0.0166778564453125 0.403076171875 0.7174072265625
-0.0309677124023438 -0.0367965698242188 -0.2913818359375 0.9647216796875
0.0456466674804688 -0.0275154113769531 -0.653564453125 0.45904541015625
0.090545654296875 0.0211715698242187 0.0758819580078125 0.069610595703125
0.069671630859375 -0.01458740234375 0.77850341796875 -0.468994140625
0.00729942321777344 -0.0326881408691406 0.251220703125 -1.03424072265625
-0.0403938293457031 -0.0160598754882813 -0.6103515625 -0.6278076171875
-0.04278564453125 0.0121231079101563 -0.6422119140625 0.1258544921875
-0.007110595703125 0.0223102569580078 -0.3109130859375 0.388916015625
0.0120296478271484 0.00671863555908203 0.0496826171875 0.28302001953125
0.0157575607299805 -0.00658607482910156 0.227706909179688 0.0614471435546875
0.0121383666992188 -0.00780296325683594 -0.171035766601563 -0.10186767578125
0.0285835266113281 0.0124835968017578 0.04425048828125 -0.28936767578125
0.0242996215820312 0.0173835754394531 0.371978759765625 -0.281982421875
-0.00882911682128906 0.0193939208984375 0.65863037109375 0.067138671875
-0.0625839233398437 0.0165176391601563 0.39202880859375 0.737060546875
-0.033111572265625 -0.0344524383544922 -0.31292724609375 0.97076416015625
0.045379638671875 -0.030120849609375 -0.666015625 0.452392578125
0.0889892578125 0.0173492431640625 0.0746612548828125 0.0654373168945313
0.06939697265625 -0.01666259765625 0.7689208984375 -0.47979736328125
0.00619888305664063 -0.0316486358642578 0.2265625 -1.0364990234375
-0.0391883850097656 -0.0142745971679688 -0.627197265625 -0.6160888671875
-0.0365715026855469 0.0101737976074219 -0.64453125 0.1416015625
-0.00322151184082031 0.0215415954589844 -0.307525634765625 0.39697265625
0.0156993865966797 0.00696945190429687 0.05279541015625 0.28753662109375
0.0111074447631836 -0.00819015502929688 0.230392456054687 0.0669403076171875
0.00873470306396484 -0.010035514831543 -0.1702880859375 -0.096099853515625
0.0318584442138672 0.00707817077636719 0.045440673828125 -0.28619384765625
0.0281238555908203 0.0119075775146484 0.372283935546875 -0.27203369140625
-0.00393104553222656 0.0203800201416016 0.6541748046875 0.0806884765625
-0.060089111328125 0.0244369506835937 0.380859375 0.74774169921875
-0.0333271026611328 -0.0305213928222656 -0.3299560546875 0.9737548828125
0.0418128967285156 -0.0307693481445313 -0.6739501953125 0.44903564453125
0.087310791015625 0.0121002197265625 0.0734329223632813 0.0663299560546875
0.0652618408203125 -0.0182647705078125 0.76055908203125 -0.48345947265625
0.00472831726074219 -0.0287570953369141 0.2109375 -1.03228759765625
-0.0358390808105469 -0.00875091552734374 -0.63482666015625 -0.60491943359375
-0.0319995880126953 0.0140323638916016 -0.643798828125 0.15228271484375
0.002716064453125 0.0180320739746094 -0.303802490234375 0.400970458984375
0.0187854766845703 0.00252532958984375 0.057403564453125 0.29425048828125
0.0108880996704102 -0.0117368698120117 0.232559204101563 0.073699951171875
0.00967788696289063 -0.0153074264526367 -0.171310424804688 -0.0955963134765625
0.0376014709472656 0.00149154663085938 0.047393798828125 -0.28411865234375
0.0355453491210938 0.0106010437011719 0.373138427734375 -0.2694091796875
0.00475311279296875 0.0217514038085938 0.6552734375 0.0869140625
-0.0542030334472656 0.0325927734375 0.37518310546875 0.754638671875
-0.0345783233642578 -0.0267276763916016 -0.3406982421875 0.97772216796875
0.0370330810546875 -0.0320930480957031 -0.67828369140625 0.451171875
0.0840911865234375 0.00507354736328125 0.0738906860351563 0.0686721801757813
0.0625991821289063 -0.0216560363769531 0.75579833984375 -0.48486328125
0.00196266174316406 -0.0212154388427734 0.2042236328125 -1.029052734375
-0.0323410034179688 -0.00163841247558593 -0.6346435546875 -0.5986328125
-0.0226936340332031 0.0146560668945312 -0.6436767578125 0.1573486328125
0.0122480392456055 0.0164709091186523 -0.30548095703125 0.408477783203125
0.0245456695556641 -0.00305366516113281 0.057830810546875 0.293731689453125
0.00877571105957031 -0.0159482955932617 0.232452392578125 0.075653076171875
0.00622940063476563 -0.0207500457763672 -0.17034912109375 -0.0944061279296875
0.0423774719238281 -0.00426101684570313 0.04638671875 -0.285125732421875
0.046539306640625 0.00559616088867188 0.37261962890625 -0.2694091796875
0.0133934020996094 0.0266342163085938 0.656982421875 0.08685302734375
-0.0523338317871094 0.039459228515625 0.3797607421875 0.75592041015625
-0.0393409729003906 -0.019775390625 -0.3380126953125 0.98089599609375
0.0338993072509766 -0.0345821380615234 -0.678466796875 0.452880859375
0.0835418701171875 0.0014495849609375 0.0724411010742188 0.0677642822265625
0.058258056640625 -0.0237388610839844 0.75628662109375 -0.48431396484375
-0.00206851959228516 -0.0144157409667969 0.20745849609375 -1.02667236328125
-0.0281505584716797 0.0068206787109375 -0.63787841796875 -0.5972900390625
-0.0128612518310547 0.0173673629760742 -0.6439208984375 0.15985107421875
0.0187950134277344 0.0119552612304688 -0.304931640625 0.40460205078125
0.0268878936767578 -0.0103034973144531 0.05645751953125 0.292205810546875
0.00283241271972656 -0.0189189910888672 0.2318115234375 0.0769805908203125
0.00327110290527344 -0.027618408203125 -0.171798706054688 -0.100418090820312
0.0429763793945313 -0.0100975036621094 0.0416259765625 -0.2882080078125
0.0542106628417969 0.00111007690429687 0.368316650390625 -0.27374267578125
0.0218181610107422 0.0277557373046875 0.65643310546875 0.08154296875
-0.0493888854980469 0.0480918884277344 0.38348388671875 0.75054931640625
-0.0409278869628906 -0.0117759704589844 -0.3245849609375 0.9844970703125
0.0279006958007813 -0.0363960266113281 -0.67437744140625 0.45721435546875
0.08404541015625 -0.00328826904296875 0.0727462768554688 0.0702667236328125
0.0550079345703125 -0.0233688354492188 0.7606201171875 -0.475341796875
-0.00267553329467773 -0.00841999053955078 0.21356201171875 -1.02716064453125
-0.0243606567382813 0.0177593231201172 -0.63531494140625 -0.60211181640625
-0.00544166564941406 0.0190811157226562 -0.6439208984375 0.151611328125
0.0251808166503906 0.00765419006347656 -0.3092041015625 0.400604248046875
0.0326347351074219 -0.0136222839355469 0.05401611328125 0.291656494140625
7.82012939453124E-05 -0.0213108062744141 0.22943115234375 0.0738677978515625
0.00869512557983398 -0.00845050811767578 -0.180023193359375 -0.124435424804688
0.0272502899169922 0.00944900512695313 0.023834228515625 -0.31170654296875
0.0221271514892578 0.0157070159912109 0.352386474609375 -0.31024169921875
-0.00922775268554688 0.0199108123779297 0.65643310546875 0.01837158203125
-0.0605201721191406 0.0237350463867187 0.43548583984375 0.6905517578125
-0.0353927612304688 -0.0269699096679688 -0.2464599609375 0.95831298828125
0.042633056640625 -0.0252609252929687 -0.62200927734375 0.470703125
0.0865097045898438 0.0211257934570313 0.0780410766601563 0.079559326171875
0.0690383911132813 -0.00792694091796875 0.798583984375 -0.44854736328125
0.00833511352539063 -0.0257453918457031 0.286376953125 -1.028076171875
-0.040771484375 -0.0115470886230469 -0.5877685546875 -0.65313720703125
-0.0413551330566406 0.01348876953125 -0.64239501953125 0.10028076171875
-0.00786018371582031 0.01947021484375 -0.320281982421875 0.36981201171875
0.0130777359008789 0.00439929962158203 0.03912353515625 0.27093505859375
0.0100383758544922 -0.00698089599609375 0.220504760742187 0.0481414794921875
0.0105648040771484 -0.00373458862304688 -0.177047729492187 -0.116043090820313
0.0263996124267578 0.0116710662841797 0.02947998046875 -0.30169677734375
0.0202541351318359 0.0170707702636719 0.357757568359375 -0.29937744140625
-0.0153322219848633 0.0173578262329102 0.65411376953125 0.0343017578125
-0.0619926452636719 0.0182113647460937 0.421875 0.7012939453125
-0.0334053039550781 -0.0326709747314453 -0.2664794921875 0.95916748046875
0.0445594787597656 -0.0250740051269531 -0.63372802734375 0.4605712890625
0.0931930541992188 0.0212249755859375 0.0778350830078125 0.0730514526367188
0.071136474609375 -0.00963592529296875 0.78460693359375 -0.45635986328125
0.00924491882324218 -0.0280246734619141 0.26422119140625 -1.02947998046875
-0.0416412353515625 -0.0163993835449219 -0.59832763671875 -0.6409912109375
-0.0451126098632812 0.0116043090820313 -0.64068603515625 0.11248779296875
-0.0059814453125 0.0215053558349609 -0.3134765625 0.377166748046875
0.0114803314208984 0.00800800323486328 0.0445556640625 0.277389526367188
0.0115871429443359 -0.00838565826416016 0.223892211914062 0.05792236328125
0.0119056701660156 -0.00671005249023438 -0.174087524414063 -0.108840942382812
0.0280380249023438 0.0130062103271484 0.0330810546875 -0.297393798828125
0.0204315185546875 0.0175113677978516 0.361572265625 -0.289794921875
-0.0138950347900391 0.0174837112426758 0.65301513671875 0.04718017578125
-0.0638084411621094 0.0173416137695313 0.4075927734375 0.71417236328125
-0.0320606231689453 -0.0346012115478516 -0.287109375 0.95953369140625
0.0456886291503906 -0.0275001525878906 -0.647216796875 0.4559326171875
0.0888671875 0.0185089111328125 0.0760574340820312 0.07196044921875
0.0682792663574219 -0.0129165649414063 0.7706298828125 -0.46673583984375
0.00811195373535156 -0.0318412780761719 0.24359130859375 -1.02679443359375
-0.0407218933105469 -0.016448974609375 -0.6064453125 -0.622314453125
-0.0444259643554688 0.0135688781738281 -0.64019775390625 0.1287841796875
-0.00700187683105469 0.0209560394287109 -0.307891845703125 0.38720703125
0.013916015625 0.00961875915527344 0.052490234375 0.282745361328125
0.0129528045654297 -0.00733852386474609 0.229461669921875 0.0609588623046875
0.0108699798583984 -0.00620651245117188 -0.170364379882813 -0.100021362304688
0.0282669067382813 0.0113277435302734 0.04107666015625 -0.290802001953125
0.0243873596191406 0.0153045654296875 0.36798095703125 -0.278106689453125
-0.0104589462280273 0.0168752670288086 0.65289306640625 0.067626953125
-0.0597419738769531 0.0189170837402344 0.3914794921875 0.73065185546875
-0.0305767059326172 -0.0341625213623047 -0.30804443359375 0.96636962890625
0.0443038940429687 -0.0282058715820313 -0.65740966796875 0.453125
0.08892822265625 0.0177383422851563 0.0711898803710938 0.0692901611328125
0.0693092346191406 -0.0154533386230469 0.76068115234375 -0.47564697265625
0.00698280334472656 -0.0319309234619141 0.2215576171875 -1.02764892578125
-0.0404701232910156 -0.01251220703125 -0.6220703125 -0.60845947265625
-0.0391693115234375 0.0127029418945312 -0.637939453125 0.14080810546875
-0.00158882141113281 0.0218982696533203 -0.304473876953125 0.394561767578125
0.0119152069091797 0.00689506530761719 0.0556640625 0.287322998046875
0.0133934020996094 -0.0105276107788086 0.228225708007812 0.066314697265625
0.0104846954345703 -0.0115995407104492 -0.16937255859375 -0.0968475341796875
0.032440185546875 0.00685310363769531 0.04168701171875 -0.285400390625
0.0305690765380859 0.0138454437255859 0.36968994140625 -0.271728515625
-0.00192070007324219 0.0164680480957031 0.65325927734375 0.076904296875
-0.0594978332519531 0.0241546630859375 0.38311767578125 0.74041748046875
-0.0312976837158203 -0.0305519104003906 -0.32373046875 0.9697265625
0.0402412414550781 -0.0305938720703125 -0.668701171875 0.45037841796875
0.0860214233398438 0.011688232421875 0.071441650390625 0.067138671875
0.0648918151855469 -0.0183639526367187 0.75518798828125 -0.47906494140625
0.00454521179199219 -0.0243015289306641 0.2059326171875 -1.0235595703125
-0.0359992980957031 -0.00809478759765625 -0.63031005859375 -0.59649658203125
-0.0316028594970703 0.0129528045654297 -0.636962890625 0.15252685546875
0.00463962554931641 0.0172586441040039 -0.3006591796875 0.403533935546875
0.015873908996582 0.00375938415527344 0.058013916015625 0.29107666015625
0.0119733810424805 -0.0123987197875977 0.231597900390625 0.0721893310546875
0.00756454467773438 -0.0158309936523438 -0.169052124023438 -0.09356689453125
0.0358085632324219 -0.0001068115234375 0.04425048828125 -0.282073974609375
0.037628173828125 0.00749969482421875 0.37017822265625 -0.267822265625
0.00463104248046875 0.0208969116210938 0.653076171875 0.0865478515625
-0.054229736328125 0.0311737060546875 0.37664794921875 0.749755859375
-0.0313873291015625 -0.0268974304199219 -0.33258056640625 0.97235107421875
0.0365676879882813 -0.0333595275878906 -0.6749267578125 0.45172119140625
0.0855789184570313 0.00675201416015625 0.0723114013671875 0.067901611328125
0.0614280700683594 -0.0201606750488281 0.7530517578125 -0.47955322265625
0.00285911560058594 -0.0230426788330078 0.201904296875 -1.02069091796875
-0.0300178527832031 -0.00040817260742188 -0.63494873046875 -0.5927734375
-0.0223846435546875 0.0155563354492188 -0.636474609375 0.16082763671875
0.0116090774536133 0.0145950317382813 -0.299560546875 0.405609130859375
0.0223579406738281 -0.00225257873535156 0.0595703125 0.291717529296875
0.00879001617431641 -0.0155105590820312 0.233062744140625 0.0729217529296875
0.00775146484375 -0.0225620269775391 -0.171173095703125 -0.0939178466796875
0.04156494140625 -0.00254058837890625 0.04217529296875 -0.2830810546875
0.0456352233886719 0.00562286376953125 0.36859130859375 -0.268096923828125
0.0141372680664062 0.0250453948974609 0.64984130859375 0.08367919921875
-0.0503959655761719 0.042083740234375 0.3763427734375 0.7508544921875
-0.0368194580078125 -0.0173988342285156 -0.3304443359375 0.97735595703125
0.0323772430419922 -0.0334892272949219 -0.6717529296875 0.45147705078125
0.0829238891601563 0.00249481201171875 0.0713424682617188 0.0699005126953125
0.0578575134277344 -0.0224418640136719 0.75262451171875 -0.4796142578125
-0.000604629516601562 -0.0157852172851563 0.2041015625 -1.0194091796875
-0.0271148681640625 0.00774002075195312 -0.63739013671875 -0.59039306640625
-0.0129547119140625 0.0169057846069336 -0.6368408203125 0.1593017578125
0.0195369720458984 0.00983810424804688 -0.300750732421875 0.40435791015625
0.0279006958007813 -0.00925445556640625 0.06060791015625 0.2919921875
0.00446796417236328 -0.0163297653198242 0.231689453125 0.0717010498046875
0.00384330749511719 -0.0263824462890625 -0.172760009765625 -0.098388671875
0.0426406860351563 -0.0100326538085937 0.041412353515625 -0.287353515625
0.0552520751953125 -0.00231170654296875 0.36572265625 -0.27294921875
0.0214061737060547 0.0273895263671875 0.652099609375 0.07769775390625
-0.0477218627929688 0.0492095947265625 0.38458251953125 0.7470703125
-0.0386009216308594 -0.0104255676269531 -0.3216552734375 0.97967529296875
0.0284652709960937 -0.0356559753417969 -0.66943359375 0.4576416015625
0.08203125 -0.00333404541015625 0.0721664428710938 0.072265625
0.0560493469238281 -0.0218009948730469 0.754150390625 -0.47344970703125
-0.00392341613769531 -0.0108499526977539 0.21441650390625 -1.018310546875
-0.0229110717773437 0.0169715881347656 -0.63262939453125 -0.595947265625
-0.00339889526367187 0.0204048156738281 -0.64013671875 0.15142822265625
0.0274868011474609 0.00956344604492188 -0.306884765625 0.400604248046875
0.0314388275146484 -0.0131149291992187 0.054534912109375 0.287811279296875
7.05718994140628E-05 -0.0220813751220703 0.228927612304688 0.0726318359375
0.0107526779174805 -0.00817489624023438 -0.179794311523438 -0.121307373046875
0.0284023284912109 0.00723075866699219 0.023956298828125 -0.311859130859375
0.0239276885986328 0.0150432586669922 0.349456787109375 -0.30926513671875
-0.0107765197753906 0.0193729400634766 0.65478515625 0.01580810546875
-0.0591964721679688 0.0250587463378906 0.4354248046875 0.6865234375
-0.0328826904296875 -0.02557373046875 -0.243408203125 0.9532470703125
0.0411186218261719 -0.0261039733886719 -0.6201171875 0.46868896484375
0.0857772827148438 0.02081298828125 0.0780029296875 0.07794189453125
0.0689315795898438 -0.00677871704101563 0.792236328125 -0.44464111328125
0.00818443298339844 -0.0236148834228516 0.28717041015625 -1.02178955078125
-0.0411720275878906 -0.0103378295898438 -0.58367919921875 -0.65081787109375
-0.0415878295898438 0.0129623413085938 -0.63665771484375 0.0993652343750001
-0.00763130187988281 0.0198402404785156 -0.315643310546875 0.367950439453125
0.012542724609375 0.00596523284912109 0.0368499755859375 0.270187377929688
0.0103969573974609 -0.00970554351806641 0.222244262695313 0.0496368408203125
0.00946331024169922 -0.00611495971679687 -0.17578125 -0.114669799804688
0.0270404815673828 0.0119476318359375 0.030364990234375 -0.303497314453125
0.0206584930419922 0.0168037414550781 0.35589599609375 -0.30029296875
-0.0150537490844727 0.0168256759643555 0.65277099609375 0.0323486328125
-0.063446044921875 0.0186691284179687 0.421875 0.69854736328125
-0.0289497375488281 -0.0311851501464844 -0.2608642578125 0.95770263671875
0.0436553955078125 -0.02679443359375 -0.63134765625 0.4600830078125
0.089019775390625 0.021392822265625 0.0775070190429688 0.07281494140625
0.071441650390625 -0.009429931640625 0.7791748046875 -0.4488525390625
0.00938606262207031 -0.0285568237304688 0.26318359375 -1.0233154296875
-0.04144287109375 -0.0136871337890625 -0.59393310546875 -0.63763427734375
-0.0437545776367188 0.0111351013183594 -0.63775634765625 0.1121826171875
-0.00667572021484375 0.0229625701904297 -0.3109130859375 0.3780517578125
0.0113162994384766 0.00818061828613281 0.04425048828125 0.279449462890625
0.0122442245483398 -0.00875186920166016 0.224380493164063 0.0540924072265625
0.0122051239013672 -0.00643730163574219 -0.174896240234375 -0.109176635742188
0.0278434753417969 0.0100994110107422 0.034637451171875 -0.294677734375
0.0192775726318359 0.0173072814941406 0.360809326171875 -0.287994384765625
-0.0137844085693359 0.0162029266357422 0.6512451171875 0.04986572265625
-0.0621719360351563 0.0168342590332031 0.40673828125 0.71026611328125
-0.0295829772949219 -0.0337333679199219 -0.28472900390625 0.95782470703125
0.0436973571777344 -0.0276298522949219 -0.64471435546875 0.45220947265625
0.0876388549804688 0.0209732055664063 0.0735397338867188 0.0703353881835938
0.0703811645507813 -0.0117721557617188 0.7685546875 -0.4617919921875
0.00750160217285157 -0.0315093994140625 0.2445068359375 -1.020751953125
-0.0415000915527344 -0.0160102844238281 -0.6053466796875 -0.61785888671875
-0.0418052673339844 0.0119438171386719 -0.635009765625 0.13043212890625
-0.00850296020507813 0.0210857391357422 -0.3035888671875 0.38555908203125
0.0103635787963867 0.00802230834960938 0.05218505859375 0.284210205078125
0.0111188888549805 -0.00969505310058594 0.228256225585938 0.06134033203125
0.0129909515380859 -0.00928497314453125 -0.170684814453125 -0.100616455078125
0.0284862518310547 0.0108489990234375 0.041015625 -0.288543701171875
0.0229644775390625 0.0144405364990234 0.36383056640625 -0.27972412109375
-0.0111322402954102 0.0170497894287109 0.65057373046875 0.06500244140625
-0.0606269836425781 0.0176734924316406 0.39422607421875 0.72894287109375
-0.0297698974609375 -0.0337467193603516 -0.3092041015625 0.962890625
0.0434722900390625 -0.0297508239746094 -0.65570068359375 0.4508056640625
0.0862045288085938 0.0178375244140625 0.0733413696289063 0.0692291259765625
0.0670623779296875 -0.014129638671875 0.75811767578125 -0.472900390625
0.00773429870605469 -0.0309429168701172 0.22100830078125 -1.0211181640625
-0.0382575988769531 -0.0137557983398438 -0.62042236328125 -0.60528564453125
-0.0386886596679688 0.01300048828125 -0.6329345703125 0.141357421875
-0.00289726257324219 0.0215873718261719 -0.30206298828125 0.39593505859375
0.0137834548950195 0.00617313385009766 0.05474853515625 0.28814697265625
0.0122032165527344 -0.008758544921875 0.228530883789062 0.0674285888671875
0.0103616714477539 -0.00833320617675781 -0.169509887695312 -0.093597412109375
0.0325183868408203 0.00529670715332031 0.041259765625 -0.283416748046875
0.0280132293701172 0.0139446258544922 0.36688232421875 -0.2706298828125
-0.00371932983398438 0.0179653167724609 0.64794921875 0.076171875
-0.0559577941894531 0.0240325927734375 0.38238525390625 0.737060546875
-0.0303783416748047 -0.0298595428466797 -0.3223876953125 0.9639892578125
0.0397300720214844 -0.0318374633789063 -0.6636962890625 0.4483642578125
0.085601806640625 0.0120162963867188 0.0724029541015625 0.0685501098632813
0.0653076171875 -0.0188941955566406 0.7486572265625 -0.47650146484375
0.00323104858398438 -0.0271053314208984 0.20556640625 -1.01934814453125
-0.0359992980957031 -0.00944519042968751 -0.62982177734375 -0.5947265625
-0.0318927764892578 0.0135650634765625 -0.63299560546875 0.151611328125
0.00402450561523437 0.0181083679199219 -0.29693603515625 0.401153564453125
0.0173549652099609 0.00356960296630859 0.05926513671875 0.291748046875
0.00957298278808594 -0.0128822326660156 0.228317260742187 0.070831298828125
0.00794601440429688 -0.01678466796875 -0.170852661132813 -0.09259033203125
0.0365676879882813 0.0012664794921875 0.0444183349609375 -0.2799072265625
0.0351409912109375 0.00808906555175781 0.367950439453125 -0.2672119140625
0.0032806396484375 0.0202980041503906 0.6474609375 0.08447265625
-0.0541648864746094 0.0333251953125 0.37579345703125 0.7481689453125
-0.0310516357421875 -0.0244197845458984 -0.3284912109375 0.96734619140625
0.0367660522460938 -0.0324554443359375 -0.6708984375 0.446044921875
0.0844802856445313 0.0048675537109375 0.0708465576171875 0.0675277709960938
0.0604972839355469 -0.0199699401855469 0.74517822265625 -0.47479248046875
0.00362777709960937 -0.0235958099365234 0.20068359375 -1.0162353515625
-0.031280517578125 -0.00211143493652344 -0.6336669921875 -0.5887451171875
-0.0222301483154297 0.0143795013427734 -0.63323974609375 0.1602783203125
0.0128421783447266 0.0147457122802734 -0.299285888671875 0.403228759765625
0.0235805511474609 -0.00261497497558594 0.061309814453125 0.2940673828125
0.00623416900634766 -0.0151271820068359 0.232666015625 0.0731964111328125
0.00472259521484375 -0.0220584869384766 -0.171768188476562 -0.0939178466796875
0.0431175231933594 -0.00481796264648438 0.04193115234375 -0.283233642578125
0.0442848205566406 0.0043792724609375 0.365081787109375 -0.269195556640625
0.0119724273681641 0.0260772705078125 0.64788818359375 0.0831298828125
-0.0503463745117188 0.0413703918457031 0.378662109375 0.74725341796875
-0.0363197326660156 -0.0189476013183594 -0.32806396484375 0.9718017578125
0.0316295623779297 -0.0349025726318359 -0.67181396484375 0.44842529296875
0.083953857421875 0.00307464599609375 0.069122314453125 0.0708541870117188
0.0583877563476562 -0.0234375 0.7471923828125 -0.4749755859375
0.00212860107421875 -0.0149345397949219 0.20343017578125 -1.0125732421875
-0.0271072387695313 0.0095672607421875 -0.6341552734375 -0.58599853515625
-0.0149936676025391 0.0175056457519531 -0.6351318359375 0.158203125
0.0212821960449219 0.0112876892089844 -0.2987060546875 0.401153564453125
0.0281238555908203 -0.00803565979003906 0.05816650390625 0.291717529296875
0.00294113159179688 -0.0206413269042969 0.229690551757813 0.0745697021484375
0.00351333618164062 -0.0254287719726563 -0.172683715820313 -0.0958251953125
0.0426673889160156 -0.0131187438964844 0.03814697265625 -0.287689208984375
0.0510711669921875 0.00247955322265625 0.360931396484375 -0.271026611328125
0.0210380554199219 0.0279560089111328 0.647705078125 0.07684326171875
-0.0464668273925781 0.0492782592773437 0.38409423828125 0.7427978515625
-0.038055419921875 -0.0114326477050781 -0.31658935546875 0.97442626953125
0.0267391204833984 -0.0332450866699219 -0.6646728515625 0.455322265625
0.08258056640625 0.0002593994140625 0.0707473754882813 0.07275390625
0.0547828674316406 -0.0227127075195312 0.7506103515625 -0.46966552734375
-0.000136375427246095 -0.00911045074462891 0.21142578125 -1.01141357421875
-0.0235958099365234 0.0176486968994141 -0.63031005859375 -0.59112548828125
-0.00495147705078125 0.0191745758056641 -0.63702392578125 0.15301513671875
0.0268421173095703 0.00806427001953125 -0.302001953125 0.397857666015625
0.0311794281005859 -0.0130157470703125 0.054901123046875 0.289306640625
-0.000247955322265623 -0.0221405029296875 0.227890014648437 0.072967529296875
0.00880527496337891 -0.00743865966796875 -0.17919921875 -0.122512817382813
0.0294532775878906 0.00823974609375 0.02203369140625 -0.3116455078125
0.0218639373779297 0.0138568878173828 0.349578857421875 -0.30755615234375
-0.0129175186157227 0.0175294876098633 0.6510009765625 0.01861572265625
-0.0610198974609375 0.0245094299316406 0.43389892578125 0.68487548828125
-0.0324268341064453 -0.0261859893798828 -0.24169921875 0.9525146484375
0.0425300598144531 -0.0228195190429688 -0.6181640625 0.463623046875
0.0858840942382813 0.0221023559570313 0.0767288208007813 0.07818603515625
0.0713043212890625 -0.0071563720703125 0.7874755859375 -0.4390869140625
0.00786018371582031 -0.0259017944335938 0.28460693359375 -1.01568603515625
-0.0399055480957031 -0.0109481811523437 -0.58062744140625 -0.6474609375
-0.0421867370605469 0.0117950439453125 -0.63140869140625 0.10064697265625
-0.00515365600585937 0.0192356109619141 -0.315185546875 0.36566162109375
0.0138778686523438 0.00586795806884766 0.0394744873046875 0.271347045898438
0.0120315551757813 -0.0111551284790039 0.220184326171875 0.0498504638671875
0.011134147644043 -0.00585460662841797 -0.1756591796875 -0.115066528320313
0.0272636413574219 0.0101394653320313 0.030059814453125 -0.3035888671875
0.0181751251220703 0.0172882080078125 0.35321044921875 -0.298614501953125
-0.0153465270996094 0.0161418914794922 0.6512451171875 0.03363037109375
-0.060943603515625 0.0191688537597656 0.42034912109375 0.69622802734375
-0.0280303955078125 -0.0283355712890625 -0.26129150390625 0.95458984375
0.0434608459472656 -0.0264854431152344 -0.63134765625 0.46026611328125
0.0867691040039063 0.0202865600585938 0.0763320922851562 0.075592041015625
0.0697250366210937 -0.009765625 0.7764892578125 -0.4482421875
0.0113372802734375 -0.0287837982177734 0.26177978515625 -1.01849365234375
-0.0414848327636719 -0.0164604187011719 -0.5928955078125 -0.63153076171875
-0.0430526733398438 0.0117759704589844 -0.63336181640625 0.11212158203125
-0.00888442993164062 0.0209026336669922 -0.310699462890625 0.374053955078125
0.00968647003173828 0.00742912292480469 0.0461273193359375 0.275619506835938
0.0110626220703125 -0.00804328918457031 0.223388671875 0.055023193359375
0.0113706588745117 -0.00470447540283203 -0.17431640625 -0.108749389648437
0.0290546417236328 0.0104942321777344 0.034454345703125 -0.29437255859375
0.0188827514648438 0.0148563385009766 0.3572998046875 -0.2864990234375
-0.0152826309204102 0.0149173736572266 0.6483154296875 0.048583984375
-0.0617256164550781 0.0177764892578125 0.40576171875 0.70989990234375
-0.0267829895019531 -0.0334815979003906 -0.284912109375 0.9534912109375
0.0425148010253906 -0.0265960693359375 -0.64306640625 0.4522705078125
0.0867156982421875 0.0200958251953125 0.0737533569335937 0.071197509765625
0.0694503784179688 -0.0130233764648438 0.763671875 -0.45556640625
0.00955390930175781 -0.0329074859619141 0.2431640625 -1.0128173828125
-0.0411186218261719 -0.0144271850585938 -0.6031494140625 -0.61395263671875
-0.044158935546875 0.0119285583496094 -0.63104248046875 0.12689208984375
-0.00999069213867187 0.0225791931152344 -0.3043212890625 0.386688232421875
0.0132484436035156 0.00704002380371094 0.051422119140625 0.283447265625
0.01324462890625 -0.00754261016845703 0.227920532226563 0.061553955078125
0.0121774673461914 -0.00964164733886719 -0.171127319335938 -0.101470947265625
0.0272769927978516 0.0117225646972656 0.0404052734375 -0.28936767578125
0.0202503204345703 0.0138797760009766 0.36627197265625 -0.27655029296875
-0.0109691619873047 0.0179080963134766 0.64886474609375 0.06536865234375
-0.0595321655273437 0.0197944641113281 0.39202880859375 0.72802734375
-0.0283184051513672 -0.0334186553955078 -0.3043212890625 0.95843505859375
0.0430679321289063 -0.0293540954589844 -0.6546630859375 0.447265625
0.0860061645507812 0.0166778564453125 0.071807861328125 0.0693359375
0.0686721801757813 -0.0135383605957031 0.752197265625 -0.46588134765625
0.00890731811523437 -0.0316944122314453 0.22003173828125 -1.01568603515625
-0.0389213562011719 -0.0130691528320313 -0.6182861328125 -0.60369873046875
-0.0379371643066406 0.0126609802246094 -0.63140869140625 0.140380859375
-0.00274848937988281 0.0212211608886719 -0.300201416015625 0.393798828125
0.0145206451416016 0.00763225555419922 0.055816650390625 0.287841796875
0.00908946990966797 -0.0104780197143555 0.227890014648437 0.0673370361328125
0.0100250244140625 -0.0126724243164063 -0.170150756835938 -0.096954345703125
0.0329074859619141 0.0060882568359375 0.041595458984375 -0.283721923828125
0.0296897888183594 0.0131721496582031 0.367156982421875 -0.2706298828125
-0.005584716796875 0.0181560516357422 0.64886474609375 0.07550048828125
-0.0566368103027344 0.0246200561523438 0.38299560546875 0.73577880859375
-0.0280437469482422 -0.0268344879150391 -0.32281494140625 0.96099853515625
0.0400123596191406 -0.03070068359375 -0.660888671875 0.442626953125
0.0845947265625 0.0128173828125 0.071563720703125 0.06890869140625
0.0649299621582031 -0.017974853515625 0.74407958984375 -0.47088623046875
0.00519943237304688 -0.0278205871582031 0.20367431640625 -1.01324462890625
-0.0356407165527344 -0.00970840454101563 -0.62847900390625 -0.59130859375
-0.0314292907714844 0.0142822265625 -0.6304931640625 0.15155029296875
0.00172996520996094 0.0196723937988281 -0.295196533203125 0.400177001953125
0.0180702209472656 0.00112533569335938 0.058807373046875 0.29046630859375
0.00947952270507812 -0.0126371383666992 0.226028442382813 0.07012939453125
0.00780296325683594 -0.0161218643188477 -0.170516967773438 -0.092681884765625
0.0370597839355469 0.000743865966796875 0.041961669921875 -0.28216552734375
0.0371665954589844 0.00818634033203125 0.36578369140625 -0.2674560546875
0.0030059814453125 0.0218868255615234 0.64581298828125 0.0838623046875
-0.0543403625488281 0.0318794250488281 0.376220703125 0.74517822265625
-0.0312099456787109 -0.0241870880126953 -0.32861328125 0.9664306640625
0.0342731475830078 -0.0316314697265625 -0.669921875 0.4442138671875
0.0826797485351562 0.0070953369140625 0.0705490112304688 0.068939208984375
0.0611953735351563 -0.0190963745117188 0.74383544921875 -0.47418212890625
0.00295066833496094 -0.0217761993408203 0.2005615234375 -1.0096435546875
-0.0321369171142578 0.000320434570312493 -0.63092041015625 -0.58428955078125
-0.0229129791259766 0.0174598693847656 -0.6302490234375 0.156982421875
0.0113582611083984 0.0171470642089844 -0.294891357421875 0.400604248046875
0.0209693908691406 -0.000415802001953125 0.0616455078125 0.2938232421875
0.0042266845703125 -0.0147733688354492 0.228225708007813 0.0712890625
0.00600814819335938 -0.0216293334960938 -0.171478271484375 -0.0943450927734375
0.0402946472167969 -0.00800704956054688 0.040130615234375 -0.284698486328125
0.0455665588378906 0.00350570678710938 0.36297607421875 -0.26861572265625
0.00977516174316406 0.0256481170654297 0.64385986328125 0.08447265625
-0.0510406494140625 0.0427665710449219 0.37469482421875 0.74700927734375
-0.0340652465820313 -0.0163459777832031 -0.32666015625 0.96868896484375
0.0318603515625 -0.0325355529785156 -0.6690673828125 0.4482421875
0.08013916015625 0.00177001953125 0.0691986083984375 0.0706710815429688
0.0583534240722656 -0.0217323303222656 0.7435302734375 -0.47021484375
0.00297069549560547 -0.0149087905883789 0.2022705078125 -1.0084228515625
-0.0269737243652344 0.00676727294921875 -0.63165283203125 -0.5838623046875
-0.0139265060424805 0.0149421691894531 -0.63140869140625 0.15863037109375
0.0193386077880859 0.0143337249755859 -0.29669189453125 0.40167236328125
0.027374267578125 -0.00688743591308594 0.06024169921875 0.2901611328125
0.00158119201660156 -0.0196514129638672 0.22760009765625 0.0726776123046875
0.00272560119628906 -0.0268173217773438 -0.173171997070313 -0.0961456298828125
0.045623779296875 -0.0115127563476563 0.03753662109375 -0.28631591796875
0.052764892578125 0.000762939453125 0.361083984375 -0.271697998046875
0.0205898284912109 0.0290966033935547 0.6475830078125 0.07672119140625
-0.0470695495605469 0.051300048828125 0.38458251953125 0.739990234375
-0.0360107421875 -0.00956726074218749 -0.31719970703125 0.9710693359375
0.0276412963867188 -0.0340862274169922 -0.6629638671875 0.45233154296875
0.078643798828125 -0.0021209716796875 0.0701065063476563 0.0731048583984375
0.0551567077636719 -0.0212974548339844 0.7469482421875 -0.4639892578125
0.000455856323242188 -0.00751352310180664 0.21051025390625 -1.00885009765625
-0.0239887237548828 0.0176753997802734 -0.62774658203125 -0.5897216796875
-0.00538063049316406 0.0184421539306641 -0.634521484375 0.1524658203125
0.0287151336669922 0.00813865661621094 -0.29937744140625 0.399322509765625
0.0325565338134766 -0.0136280059814453 0.0570068359375 0.287811279296875
-0.00113296508789062 -0.0227336883544922 0.225494384765625 0.070343017578125
0.0106287002563477 -0.00591373443603516 -0.180084228515625 -0.122970581054687
0.0275154113769531 0.00731849670410156 0.02142333984375 -0.309326171875
0.0210094451904297 0.0130786895751953 0.348907470703125 -0.306793212890625
-0.0147743225097656 0.0193614959716797 0.6514892578125 0.01971435546875
-0.0584259033203125 0.0278205871582031 0.4349365234375 0.68548583984375
-0.0281600952148437 -0.0266075134277344 -0.241943359375 0.94921875
0.0399246215820313 -0.0246963500976563 -0.61834716796875 0.46453857421875
0.0847320556640625 0.0224838256835938 0.0762710571289063 0.0775680541992188
0.0708999633789063 -0.005706787109375 0.7872314453125 -0.4346923828125
0.0111808776855469 -0.0232505798339844 0.28546142578125 -1.01495361328125
-0.0382766723632813 -0.00963592529296876 -0.57916259765625 -0.6461181640625
-0.0412673950195313 0.0131607055664062 -0.6322021484375 0.0982055664062501
-0.00618171691894531 0.02044677734375 -0.31414794921875 0.3653564453125
0.0145339965820313 0.00684547424316406 0.03900146484375 0.272537231445313
0.00912666320800781 -0.0114831924438477 0.221145629882813 0.049102783203125
0.0124788284301758 -0.00689411163330078 -0.174942016601563 -0.114791870117187
0.0263824462890625 0.00809097290039063 0.02862548828125 -0.30084228515625
0.0203857421875 0.0140399932861328 0.352783203125 -0.294189453125
-0.0151224136352539 0.0167484283447266 0.64935302734375 0.034912109375
-0.062652587890625 0.0195274353027344 0.422607421875 0.6976318359375
-0.0272159576416016 -0.02996826171875 -0.26080322265625 0.95098876953125
0.045257568359375 -0.023956298828125 -0.6300048828125 0.45660400390625
0.0857467651367188 0.02252197265625 0.0749588012695313 0.0759963989257813
0.0705947875976563 -0.00859832763671875 0.77545166015625 -0.4443359375
0.0114612579345703 -0.0280838012695312 0.26324462890625 -1.011962890625
-0.0403480529785156 -0.0139923095703125 -0.59375 -0.630615234375
-0.0423469543457031 0.0118522644042969 -0.6322021484375 0.11383056640625
-0.0092926025390625 0.0227794647216797 -0.30767822265625 0.378326416015625
0.0124588012695313 0.00842761993408203 0.0455322265625 0.278366088867188
0.0100231170654297 -0.00762844085693359 0.225296020507812 0.053955078125
0.0110206604003906 -0.00552654266357422 -0.175384521484375 -0.106674194335938
0.0289630889892578 0.0108165740966797 0.032989501953125 -0.2940673828125
0.0217266082763672 0.0160007476806641 0.35595703125 -0.287811279296875
-0.0161895751953125 0.0141782760620117 0.64654541015625 0.0499267578125
-0.0587577819824219 0.0198516845703125 0.40545654296875 0.70697021484375
-0.0253925323486328 -0.0330753326416016 -0.286865234375 0.951416015625
0.0426864624023438 -0.0261878967285156 -0.64202880859375 0.45111083984375
0.0870361328125 0.0189437866210938 0.072265625 0.0702896118164063
0.071533203125 -0.0123062133789062 0.7633056640625 -0.45257568359375
0.0124034881591797 -0.0294895172119141 0.243408203125 -1.00933837890625
-0.0401840209960938 -0.0162734985351563 -0.60205078125 -0.61553955078125
-0.0434761047363281 0.0122795104980469 -0.63018798828125 0.1260986328125
-0.00728607177734375 0.0196247100830078 -0.301116943359375 0.388641357421875
0.0134267807006836 0.00763797760009766 0.05181884765625 0.2833251953125
0.0101728439331055 -0.010009765625 0.224685668945312 0.0586395263671875
0.0126781463623047 -0.00590229034423828 -0.172576904296875 -0.101791381835938
0.0314388275146484 0.0105552673339844 0.037872314453125 -0.28802490234375
0.0222053527832031 0.0149574279785156 0.363037109375 -0.276153564453125
-0.0125589370727539 0.0163555145263672 0.6478271484375 0.0640869140625
-0.05975341796875 0.0187797546386719 0.39556884765625 0.7261962890625
-0.0266761779785156 -0.0314178466796875 -0.30316162109375 0.95751953125
0.04119873046875 -0.0288810729980469 -0.6539306640625 0.44293212890625
0.0842666625976563 0.0175933837890625 0.0700035095214844 0.068145751953125
0.067291259765625 -0.0157432556152344 0.75323486328125 -0.46112060546875
0.0104122161865234 -0.0307254791259766 0.2218017578125 -1.0086669921875
-0.0387001037597656 -0.0130462646484375 -0.61639404296875 -0.603515625
-0.0391311645507813 0.0120468139648437 -0.62994384765625 0.14093017578125
-0.00172615051269531 0.0226459503173828 -0.297760009765625 0.394134521484375
0.0134172439575195 0.00732994079589844 0.055450439453125 0.28631591796875
0.00953197479248047 -0.00796222686767578 0.228713989257813 0.0652313232421875
0.00884437561035156 -0.0119295120239258 -0.171600341796875 -0.0960693359375
0.0333404541015625 0.00601959228515625 0.041229248046875 -0.28314208984375
0.026947021484375 0.0119609832763672 0.363922119140625 -0.269500732421875
-0.00534629821777344 0.0183849334716797 0.6470947265625 0.07757568359375
-0.0553627014160156 0.0268898010253906 0.3851318359375 0.73565673828125
-0.0258769989013672 -0.0281543731689453 -0.32159423828125 0.96099853515625
0.0405235290527344 -0.0309066772460938 -0.661376953125 0.44561767578125
0.08447265625 0.0141220092773438 0.0687599182128906 0.0677223205566406
0.0666351318359375 -0.0156784057617188 0.74554443359375 -0.46636962890625
0.00757408142089843 -0.0268344879150391 0.20489501953125 -1.01019287109375
-0.0355644226074219 -0.00915908813476563 -0.6231689453125 -0.58929443359375
-0.0306606292724609 0.0159263610839844 -0.62664794921875 0.151611328125
0.00439643859863281 0.0193157196044922 -0.294158935546875 0.400146484375
0.0197010040283203 0.00361442565917969 0.05950927734375 0.290863037109375
0.00738525390625 -0.0136051177978516 0.230117797851563 0.0692901611328125
0.00725746154785156 -0.0177478790283203 -0.169906616210938 -0.093414306640625
0.0384521484375 -0.0006866455078125 0.0417327880859375 -0.28082275390625
0.0358390808105469 0.00587844848632813 0.36456298828125 -0.265106201171875
0.00258255004882812 0.0206375122070313 0.64617919921875 0.0845947265625
-0.0526542663574219 0.0346221923828125 0.3765869140625 0.74285888671875
-0.0280094146728516 -0.02392578125 -0.3282470703125 0.9656982421875
0.0342159271240234 -0.0312843322753906 -0.66888427734375 0.44464111328125
0.0840911865234375 0.00986480712890625 0.0696525573730469 0.0695152282714844
0.0597343444824219 -0.0211601257324219 0.7423095703125 -0.469970703125
0.0049591064453125 -0.02044677734375 0.20001220703125 -1.0067138671875
-0.0312252044677734 0.00220870971679688 -0.6298828125 -0.5826416015625
-0.0235023498535156 0.0152797698974609 -0.62860107421875 0.1571044921875
0.0107545852661133 0.0169095993041992 -0.29534912109375 0.402374267578125
0.0229587554931641 -0.00098419189453125 0.059295654296875 0.293243408203125
0.00653076171875 -0.0164308547973633 0.230514526367188 0.0703125
0.00613784790039062 -0.022857666015625 -0.171066284179688 -0.0960845947265625
0.0417709350585938 -0.0047607421875 0.040008544921875 -0.28179931640625
0.0436210632324219 0.00226593017578125 0.361175537109375 -0.268402099609375
0.0113010406494141 0.0228481292724609 0.6441650390625 0.0843505859375
-0.0494499206542969 0.04241943359375 0.380126953125 0.74847412109375
-0.0314407348632813 -0.0151138305664063 -0.32666015625 0.96661376953125
0.0317096710205078 -0.0333194732666016 -0.66748046875 0.4473876953125
0.0814132690429688 0.00337982177734375 0.070037841796875 0.0703964233398438
0.0573616027832031 -0.0224189758300781 0.7410888671875 -0.46746826171875
0.00267505645751953 -0.0143308639526367 0.20220947265625 -1.0087890625
-0.0284614562988281 0.00884437561035156 -0.6302490234375 -0.5848388671875
-0.0137901306152344 0.0183734893798828 -0.63006591796875 0.157958984375
0.0180644989013672 0.0134124755859375 -0.294586181640625 0.40167236328125
0.0264167785644531 -0.00766372680664063 0.058258056640625 0.29400634765625
0.00164604187011719 -0.0184097290039063 0.230331420898438 0.072509765625
0.00201988220214844 -0.0242919921875 -0.1717529296875 -0.098236083984375
0.0424041748046875 -0.0123214721679688 0.038787841796875 -0.284912109375
0.0518417358398438 -0.00199508666992188 0.3607177734375 -0.271820068359375
0.0175457000732422 0.0278949737548828 0.6463623046875 0.0770263671875
-0.0437660217285156 0.0519943237304688 0.38397216796875 0.74163818359375
-0.0339202880859375 -0.00880622863769532 -0.315673828125 0.971435546875
0.02728271484375 -0.0383720397949219 -0.66253662109375 0.45245361328125
0.0805206298828125 -0.00225830078125 0.0689926147460938 0.0740127563476563
0.0535202026367188 -0.0227317810058594 0.74798583984375 -0.46087646484375
-0.000444412231445313 -0.00809812545776367 0.2120361328125 -1.00518798828125
-0.0239601135253906 0.0183200836181641 -0.62652587890625 -0.58636474609375
-0.00578498840332031 0.0181179046630859 -0.63275146484375 0.1534423828125
0.0270061492919922 0.00789451599121094 -0.299224853515625 0.396697998046875
0.0311317443847656 -0.0123424530029297 0.057586669921875 0.289031982421875
-0.00157546997070312 -0.0229225158691406 0.227432250976562 0.0716552734375
0.0103054046630859 -0.0104455947875977 -0.182083129882812 -0.122650146484375
0.0296592712402344 0.00574302673339844 0.022186279296875 -0.31231689453125
0.0204429626464844 0.0130844116210938 0.347076416015625 -0.309173583984375
-0.0133495330810547 0.0161752700805664 0.6522216796875 0.0179443359375
-0.0587158203125 0.0266571044921875 0.43585205078125 0.68658447265625
-0.0283870697021484 -0.0245647430419922 -0.2413330078125 0.95123291015625
0.0408859252929688 -0.022430419921875 -0.61651611328125 0.4638671875
0.0845794677734375 0.0212936401367188 0.0741729736328125 0.0777435302734375
0.06927490234375 -0.00671768188476563 0.78875732421875 -0.43499755859375
0.0117568969726563 -0.0229244232177734 0.28759765625 -1.01129150390625
-0.0382537841796875 -0.0103492736816406 -0.57879638671875 -0.64447021484375
-0.039154052734375 0.0128402709960938 -0.6328125 0.0991821289062501
-0.00658607482910156 0.0204372406005859 -0.31573486328125 0.36669921875
0.0135431289672852 0.00608253479003906 0.03851318359375 0.273834228515625
0.00955486297607422 -0.0120458602905273 0.22137451171875 0.0504302978515625
0.0103797912597656 -0.00644111633300781 -0.177047729492188 -0.116439819335938
0.0272178649902344 0.00967025756835938 0.027069091796875 -0.302520751953125
0.0178565979003906 0.0147933959960938 0.353546142578125 -0.300567626953125
-0.0172281265258789 0.0174617767333984 0.650390625 0.03594970703125
-0.0596504211425781 0.0217323303222656 0.421875 0.7003173828125
-0.0257167816162109 -0.0298557281494141 -0.26373291015625 0.954833984375
0.0415878295898438 -0.0270805358886719 -0.630126953125 0.45794677734375
0.0861053466796875 0.0209884643554687 0.0769424438476563 0.07476806640625
0.0731277465820313 -0.009063720703125 0.7740478515625 -0.44097900390625
0.0105628967285156 -0.0275402069091797 0.263671875 -1.01068115234375
-0.0418357849121094 -0.0154953002929688 -0.5911865234375 -0.631591796875
-0.0453453063964844 0.0118598937988281 -0.63275146484375 0.111572265625
-0.0095672607421875 0.0215034484863281 -0.310394287109375 0.375244140625
0.0110950469970703 0.00915431976318359 0.0438995361328125 0.27947998046875
0.0105476379394531 -0.00780010223388672 0.224838256835938 0.0543670654296875
0.0107145309448242 -0.00499725341796875 -0.17431640625 -0.107940673828125
0.0275478363037109 0.0111637115478516 0.032257080078125 -0.29461669921875
0.0174407958984375 0.0170450210571289 0.3575439453125 -0.287322998046875
-0.0193214416503906 0.0165443420410156 0.64801025390625 0.049072265625
-0.0592842102050781 0.0201377868652344 0.4073486328125 0.7099609375
-0.0228900909423828 -0.0315513610839844 -0.28564453125 0.95269775390625
0.0417022705078125 -0.02471923828125 -0.64276123046875 0.449462890625
0.0865631103515625 0.0207290649414063 0.0717239379882813 0.0718307495117187
0.0702590942382813 -0.0113067626953125 0.763671875 -0.44952392578125
0.00959777832031251 -0.0302791595458984 0.24359130859375 -1.00830078125
-0.0385589599609375 -0.014862060546875 -0.60040283203125 -0.61627197265625
-0.0423660278320313 0.0133819580078125 -0.62713623046875 0.12835693359375
-0.00743675231933594 0.0217094421386719 -0.298431396484375 0.383087158203125
0.0121736526489258 0.00842189788818359 0.052001953125 0.2855224609375
0.0103359222412109 -0.00970840454101563 0.224349975585938 0.0650177001953125
0.0112733840942383 -0.00701236724853516 -0.173233032226563 -0.10382080078125
0.0287437438964844 0.00796890258789063 0.03814697265625 -0.28582763671875
0.0215587615966797 0.0138034820556641 0.365020751953125 -0.27734375
-0.0146408081054688 0.0160093307495117 0.64947509765625 0.066650390625
-0.0601997375488281 0.0219879150390625 0.39190673828125 0.72662353515625
-0.0249824523925781 -0.0307407379150391 -0.3082275390625 0.9609375
0.0408973693847656 -0.02972412109375 -0.65289306640625 0.44525146484375
0.0856094360351562 0.0164413452148437 0.0700492858886719 0.0688743591308594
0.0680427551269531 -0.0155525207519531 0.7513427734375 -0.46148681640625
0.00890541076660157 -0.0301990509033203 0.220947265625 -1.01251220703125
-0.0397834777832031 -0.0132904052734375 -0.61358642578125 -0.6043701171875
-0.0395126342773438 0.0122032165527344 -0.629150390625 0.14080810546875
-0.00193595886230469 0.0213527679443359 -0.2972412109375 0.394561767578125
0.0142736434936523 0.00703525543212891 0.05322265625 0.2899169921875
0.0103588104248047 -0.00974559783935547 0.227188110351563 0.0663299560546875
0.0105857849121094 -0.0118217468261719 -0.169647216796875 -0.0953369140625
0.03302001953125 0.00611495971679688 0.0396728515625 -0.28253173828125
0.0274257659912109 0.00931358337402344 0.364959716796875 -0.26953125
-0.00680923461914062 0.0161895751953125 0.64605712890625 0.07855224609375
-0.0555648803710937 0.0257759094238281 0.38446044921875 0.7391357421875
-0.0261936187744141 -0.0283489227294922 -0.3216552734375 0.95916748046875
0.03778076171875 -0.0289382934570313 -0.66265869140625 0.44305419921875
0.0842437744140625 0.0113525390625 0.068145751953125 0.0678062438964844
0.0630302429199219 -0.0160636901855469 0.74310302734375 -0.46331787109375
0.00775718688964844 -0.0283718109130859 0.20721435546875 -1.0069580078125
-0.0364608764648438 -0.00524520874023437 -0.62548828125 -0.59161376953125
-0.032684326171875 0.0142383575439453 -0.62841796875 0.15301513671875
0.00474166870117188 0.0202865600585938 -0.294219970703125 0.397857666015625
0.0183773040771484 0.0032806396484375 0.05999755859375 0.29351806640625
0.00448703765869141 -0.0135869979858398 0.228363037109375 0.0705413818359375
0.0102787017822266 -0.0174188613891602 -0.1734619140625 -0.092071533203125
0.0374412536621094 -0.000888824462890625 0.043426513671875 -0.28143310546875
0.0357246398925781 0.0070648193359375 0.3658447265625 -0.266815185546875
0.00129318237304688 0.0197849273681641 0.6475830078125 0.0870361328125
-0.0527229309082031 0.0336112976074219 0.3758544921875 0.7464599609375
-0.0291290283203125 -0.0219383239746094 -0.3309326171875 0.96649169921875
0.0359573364257812 -0.0314826965332031 -0.66876220703125 0.44036865234375
0.0805206298828125 0.0069580078125 0.0678215026855469 0.0668754577636719
0.0614128112792969 -0.0191268920898438 0.74151611328125 -0.46661376953125
0.0069122314453125 -0.0189437866210938 0.20172119140625 -1.00531005859375
-0.0317134857177734 0.000812530517578129 -0.62969970703125 -0.5853271484375
-0.0216636657714844 0.0162086486816406 -0.62774658203125 0.16046142578125
0.0129013061523438 0.0170907974243164 -0.294097900390625 0.403350830078125
0.0229873657226563 -0.00227546691894531 0.061767578125 0.293182373046875
0.0043487548828125 -0.0162506103515625 0.230697631835938 0.0729827880859375
0.00604057312011719 -0.0244693756103516 -0.172332763671875 -0.09552001953125
0.0415840148925781 -0.00848007202148438 0.04034423828125 -0.281280517578125
0.0442581176757813 0.00208663940429688 0.364837646484375 -0.265289306640625
0.00891876220703125 0.023162841796875 0.64666748046875 0.083740234375
-0.0474052429199219 0.0425033569335937 0.380126953125 0.7457275390625
-0.0295619964599609 -0.0150508880615234 -0.3311767578125 0.96917724609375
0.0325088500976563 -0.0349369049072266 -0.6666259765625 0.44207763671875
0.0804901123046875 0.00273895263671875 0.0679817199707031 0.0701713562011719
0.0578956604003906 -0.0223350524902344 0.73931884765625 -0.46258544921875
0.00262260437011719 -0.0131101608276367 0.2020263671875 -1.00335693359375
-0.0264015197753906 0.00847244262695313 -0.62591552734375 -0.58343505859375
-0.0098724365234375 0.018768310546875 -0.628662109375 0.15679931640625
0.0197734832763672 0.0139732360839844 -0.296234130859375 0.40264892578125
0.0279712677001953 -0.00639915466308594 0.058624267578125 0.29364013671875
-0.000268936157226561 -0.0217666625976562 0.22998046875 0.072662353515625
0.00255584716796875 -0.0294456481933594 -0.172775268554688 -0.097808837890625
0.0430831909179688 -0.00951766967773438 0.03668212890625 -0.285125732421875
0.0502738952636719 -0.00230026245117188 0.3599853515625 -0.27197265625
0.0189990997314453 0.0283164978027344 0.64666748046875 0.07916259765625
-0.0431060791015625 0.0501785278320313 0.38555908203125 0.74468994140625
-0.0327358245849609 -0.00770568847656249 -0.31573486328125 0.97003173828125
0.02569580078125 -0.0333881378173828 -0.66363525390625 0.45037841796875
0.0787429809570312 -0.0002899169921875 0.06927490234375 0.074676513671875
0.055267333984375 -0.0216560363769531 0.74700927734375 -0.45904541015625
0.00134468078613281 -0.00660276412963867 0.2147216796875 -1.0010986328125
-0.0251102447509766 0.0168113708496094 -0.62493896484375 -0.58709716796875
-0.00596237182617188 0.0182285308837891 -0.63189697265625 0.14996337890625
0.0277767181396484 0.00880050659179688 -0.29974365234375 0.3984375
0.0293235778808594 -0.014007568359375 0.054840087890625 0.291717529296875
-0.00126266479492188 -0.0216217041015625 0.227584838867188 0.06927490234375
0.0109987258911133 -0.00767803192138672 -0.180068969726562 -0.123855590820313
0.028961181640625 0.00485038757324219 0.022796630859375 -0.312347412109375
0.0227680206298828 0.0129947662353516 0.3507080078125 -0.311004638671875
-0.0132522583007813 0.0166406631469727 0.6529541015625 0.02001953125
-0.0582427978515625 0.0271034240722656 0.4373779296875 0.6904296875
-0.0274295806884766 -0.0235729217529297 -0.2435302734375 0.95501708984375
0.0414199829101563 -0.0232315063476563 -0.6220703125 0.4632568359375
0.0815582275390625 0.022979736328125 0.0754623413085938 0.0797271728515625
0.0711746215820313 -0.00717926025390625 0.78790283203125 -0.4302978515625
0.0120620727539063 -0.0227756500244141 0.290283203125 -1.01324462890625
-0.0393905639648437 -0.00971221923828125 -0.57769775390625 -0.6502685546875
-0.040863037109375 0.013214111328125 -0.63470458984375 0.0982055664062499
-0.00328445434570312 0.0200691223144531 -0.315765380859375 0.36712646484375
0.0122642517089844 0.00712299346923828 0.0384063720703125 0.2752685546875
0.00820350646972656 -0.00941276550292969 0.222122192382813 0.052398681640625
0.00985622406005859 -0.00789070129394531 -0.179397583007813 -0.11602783203125
0.0271949768066406 0.00840187072753906 0.026336669921875 -0.3040771484375
0.0191421508789063 0.0134296417236328 0.353790283203125 -0.297454833984375
-0.0184745788574219 0.0165882110595703 0.65289306640625 0.03546142578125
-0.0607795715332031 0.0236396789550781 0.4234619140625 0.70123291015625
-0.0238800048828125 -0.0293102264404297 -0.260986328125 0.95477294921875
0.0415458679199219 -0.0245933532714844 -0.6307373046875 0.45550537109375
0.083526611328125 0.0228958129882813 0.0740509033203125 0.0753936767578125
0.0702629089355469 -0.00833511352539063 0.778564453125 -0.44256591796875
0.0123805999755859 -0.0273246765136719 0.2664794921875 -1.012939453125
-0.0413131713867188 -0.0131416320800781 -0.5921630859375 -0.63299560546875
-0.0446281433105469 0.0135574340820312 -0.6329345703125 0.111083984375
-0.00787925720214844 0.0208625793457031 -0.30877685546875 0.37725830078125
0.0105695724487305 0.0105876922607422 0.046356201171875 0.283447265625
0.0105657577514648 -0.00967597961425781 0.223953247070313 0.0554656982421875
0.0111503601074219 -0.00768852233886719 -0.176712036132812 -0.108734130859375
0.0284099578857422 0.00900650024414062 0.031097412109375 -0.29779052734375
0.0187168121337891 0.0143661499023438 0.358062744140625 -0.28692626953125
-0.0178813934326172 0.0163364410400391 0.651123046875 0.05096435546875
-0.0601730346679688 0.0197105407714844 0.406982421875 0.71142578125
-0.024017333984375 -0.0303821563720703 -0.28631591796875 0.956298828125
0.0411109924316406 -0.0260505676269531 -0.6444091796875 0.4482421875
0.0848617553710937 0.0202865600585938 0.07061767578125 0.0746994018554688
0.070892333984375 -0.0116653442382813 0.76708984375 -0.4488525390625
0.0105419158935547 -0.0298748016357422 0.24658203125 -1.01153564453125
-0.0394058227539063 -0.0156784057617188 -0.60186767578125 -0.61419677734375
-0.0426521301269531 0.0115699768066406 -0.63031005859375 0.12310791015625
-0.00585746765136719 0.0220298767089844 -0.301544189453125 0.386077880859375
0.0117568969726563 0.00899600982666015 0.052703857421875 0.285247802734375
0.010920524597168 -0.00809478759765625 0.227462768554688 0.0608367919921875
0.0102558135986328 -0.00792789459228516 -0.17474365234375 -0.102569580078125
0.0299911499023438 0.0077667236328125 0.03704833984375 -0.2900390625
0.0239276885986328 0.0125675201416016 0.36419677734375 -0.27886962890625
-0.0151882171630859 0.016871452331543 0.64892578125 0.067626953125
-0.056671142578125 0.0229949951171875 0.39306640625 0.73126220703125
-0.0244426727294922 -0.0288448333740234 -0.309326171875 0.96197509765625
0.0420150756835937 -0.0270919799804688 -0.6534423828125 0.44512939453125
0.0831832885742188 0.017181396484375 0.06939697265625 0.0708770751953125
0.0684051513671875 -0.013275146484375 0.75347900390625 -0.45654296875
0.00995254516601563 -0.0290908813476563 0.2242431640625 -1.00958251953125
-0.0381660461425781 -0.0134506225585938 -0.6158447265625 -0.6051025390625
-0.0391311645507813 0.0140342712402344 -0.6300048828125 0.140625
-0.000886917114257815 0.0231952667236328 -0.300628662109375 0.396270751953125
0.0135488510131836 0.00841808319091797 0.05645751953125 0.2916259765625
0.00960159301757813 -0.0106658935546875 0.227813720703125 0.0662994384765625
0.00755214691162109 -0.0133371353149414 -0.172882080078125 -0.0977325439453125
0.0316295623779297 0.00352859497070313 0.038787841796875 -0.28460693359375
0.0273056030273438 0.0112400054931641 0.367401123046875 -0.26959228515625
-0.00740242004394531 0.0179939270019531 0.64617919921875 0.07958984375
-0.0568199157714844 0.0273933410644531 0.38470458984375 0.7432861328125
-0.0237274169921875 -0.0275840759277344 -0.32293701171875 0.964111328125
0.0373725891113281 -0.0302276611328125 -0.6668701171875 0.4412841796875
0.08221435546875 0.0138626098632813 0.0704193115234375 0.0694198608398438
0.064422607421875 -0.0178947448730469 0.74530029296875 -0.46270751953125
0.00941276550292969 -0.0271663665771484 0.208251953125 -1.0113525390625
-0.0354423522949219 -0.0060577392578125 -0.6253662109375 -0.5914306640625
-0.0296993255615234 0.0133914947509766 -0.628662109375 0.150390625
0.00383377075195312 0.0201377868652344 -0.29644775390625 0.401214599609375
0.0177021026611328 0.00273895263671875 0.059417724609375 0.29400634765625
0.0074920654296875 -0.0137434005737305 0.22998046875 0.0714874267578125
0.00833988189697266 -0.0168123245239258 -0.171798706054687 -0.0949249267578125
0.0369186401367188 -8.7738037109375E-05 0.040435791015625 -0.2821044921875
0.0354156494140625 0.008026123046875 0.367431640625 -0.266357421875
0.000341415405273435 0.0214977264404297 0.646484375 0.0869140625
-0.0500221252441406 0.034942626953125 0.37750244140625 0.74969482421875
-0.0243320465087891 -0.0210342407226563 -0.332275390625 0.96990966796875
0.0347423553466797 -0.0324668884277344 -0.6705322265625 0.441650390625
0.0807113647460937 0.008056640625 0.0685195922851563 0.0693359375
0.0615692138671875 -0.0171890258789063 0.74658203125 -0.4654541015625
0.00581741333007813 -0.0199871063232422 0.20355224609375 -1.00750732421875
-0.0323467254638672 -0.000391006469726565 -0.62774658203125 -0.5850830078125
-0.0219650268554688 0.0160751342773437 -0.62933349609375 0.156494140625
0.0116186141967773 0.0139846801757813 -0.29345703125 0.40625
0.0221290588378906 -0.000589370727539063 0.0628662109375 0.29754638671875
0.00219631195068359 -0.0158452987670898 0.230880737304688 0.0733642578125
0.00398635864257813 -0.0221500396728516 -0.173934936523438 -0.094146728515625
0.0408096313476563 -0.00793075561523438 0.039154052734375 -0.2830810546875
0.0428543090820312 0.00374221801757812 0.364471435546875 -0.26629638671875
0.00903701782226563 0.0246372222900391 0.64501953125 0.0858154296875
-0.0465621948242187 0.0448951721191406 0.3812255859375 0.75054931640625
-0.0288276672363281 -0.0150699615478516 -0.33209228515625 0.9730224609375
0.0306777954101563 -0.0337352752685547 -0.67095947265625 0.4453125
0.0800704956054688 0.00189971923828125 0.068145751953125 0.0731124877929688
0.0583152770996094 -0.0197296142578125 0.74395751953125 -0.4619140625
0.00526618957519531 -0.0162792205810547 0.20416259765625 -1.0020751953125
-0.0270328521728516 0.00964927673339844 -0.629150390625 -0.5855712890625
-0.0122661590576172 0.0181179046630859 -0.629150390625 0.15728759765625
0.0206012725830078 0.0127658843994141 -0.295867919921875 0.400421142578125
0.0277576446533203 -0.00866317749023438 0.060211181640625 0.295135498046875
0.00107383728027344 -0.0188465118408203 0.229034423828125 0.072052001953125
0.003082275390625 -0.0298652648925781 -0.175750732421875 -0.0980224609375
0.043853759765625 -0.0117225646972656 0.03778076171875 -0.286651611328125
0.0514030456542969 -0.00223159790039063 0.361297607421875 -0.272491455078125
0.0172977447509766 0.0298366546630859 0.6468505859375 0.07940673828125
-0.0436744689941406 0.0542831420898437 0.3876953125 0.7479248046875
-0.0316448211669922 -0.00853347778320312 -0.31658935546875 0.9730224609375
0.0268211364746094 -0.0344295501708984 -0.66302490234375 0.4498291015625
0.0778045654296875 0.00090789794921875 0.0674209594726563 0.0741958618164063
0.0545501708984375 -0.0208549499511719 0.7464599609375 -0.455322265625
0.00239276885986328 -0.00737524032592773 0.2130126953125 -1.001953125
-0.0236949920654297 0.0177459716796875 -0.62420654296875 -0.5897216796875
-0.00640678405761719 0.0195140838623047 -0.63214111328125 0.15191650390625
0.0285568237304688 0.0104732513427734 -0.2996826171875 0.398101806640625
0.0317707061767578 -0.0125923156738281 0.05584716796875 0.2904052734375
-0.00295066833496094 -0.0230541229248047 0.228347778320313 0.0721282958984375
0.0103654861450195 -0.00920677185058594 -0.181076049804688 -0.123367309570313
0.0280647277832031 0.00439071655273438 0.021240234375 -0.313629150390625
0.0213108062744141 0.0140151977539063 0.350433349609375 -0.309906005859375
-0.0154037475585937 0.0196399688720703 0.65582275390625 0.02130126953125
-0.058349609375 0.0285758972167969 0.439453125 0.6956787109375
-0.0259590148925781 -0.0236701965332031 -0.24493408203125 0.95806884765625
0.0415840148925781 -0.0245475769042969 -0.62359619140625 0.46307373046875
0.0840377807617188 0.0227279663085938 0.0760116577148438 0.0804443359375
0.0702896118164062 -0.00748443603515625 0.7921142578125 -0.429931640625
0.0139598846435547 -0.0235099792480469 0.2930908203125 -1.0126953125
-0.0406227111816406 -0.009735107421875 -0.58197021484375 -0.65008544921875
-0.0410575866699219 0.0147933959960938 -0.63507080078125 0.0975952148437499
-0.00502777099609375 0.0200939178466797 -0.31585693359375 0.36944580078125
0.0129013061523438 0.00530338287353516 0.041107177734375 0.277816772460938
0.0100536346435547 -0.00935173034667969 0.223358154296875 0.0482177734375
0.00962734222412109 -0.00858497619628906 -0.18121337890625 -0.118331909179688
0.0256748199462891 0.00653266906738281 0.02734375 -0.304473876953125
0.0184516906738281 0.0145950317382813 0.35406494140625 -0.300994873046875
-0.0196666717529297 0.0168857574462891 0.65374755859375 0.03509521484375
-0.0593032836914062 0.0250892639160156 0.4261474609375 0.704345703125
-0.0234222412109375 -0.0280399322509766 -0.26422119140625 0.9586181640625
0.0417671203613281 -0.02557373046875 -0.63592529296875 0.457763671875
0.0847625732421875 0.0217819213867188 0.0733108520507813 0.0743484497070313
0.0702590942382813 -0.0075225830078125 0.77789306640625 -0.437744140625
0.0147418975830078 -0.0264530181884766 0.26800537109375 -1.01495361328125
-0.0399284362792969 -0.0160369873046875 -0.59326171875 -0.6329345703125
-0.0443115234375 0.0112838745117187 -0.63275146484375 0.11346435546875
-0.00795555114746094 0.0222415924072266 -0.310577392578125 0.37945556640625
0.0120077133178711 0.00965785980224609 0.047882080078125 0.282806396484375
0.0104179382324219 -0.00955390930175781 0.224685668945313 0.0573883056640625
0.0109128952026367 -0.00878810882568359 -0.178955078125 -0.111007690429688
0.0287437438964844 0.00760841369628906 0.032958984375 -0.29736328125
0.0176563262939453 0.0114212036132812 0.359100341796875 -0.287841796875
-0.019256591796875 0.0145950317382812 0.65484619140625 0.052490234375
-0.0588951110839844 0.0209007263183594 0.41107177734375 0.71820068359375
-0.0222663879394531 -0.0302200317382813 -0.28814697265625 0.959228515625
0.0408859252929688 -0.026519775390625 -0.64971923828125 0.44989013671875
0.084625244140625 0.0242156982421875 0.0720596313476563 0.073486328125
0.0702705383300781 -0.0101966857910156 0.7659912109375 -0.44525146484375
0.0124397277832031 -0.0301036834716797 0.2513427734375 -1.01263427734375
-0.0420265197753906 -0.0153770446777344 -0.60296630859375 -0.6199951171875
-0.0448036193847656 0.0146293640136719 -0.63153076171875 0.1251220703125
-0.00486946105957031 0.0222911834716797 -0.302398681640625 0.38995361328125
0.0106420516967773 0.0102729797363281 0.052764892578125 0.2904052734375
0.0107154846191406 -0.0074462890625 0.2279052734375 0.0615386962890625
0.0117616653442383 -0.00945568084716797 -0.176605224609375 -0.102264404296875
0.0289993286132813 0.00870704650878906 0.038177490234375 -0.2904052734375
0.0218105316162109 0.0123500823974609 0.367431640625 -0.2791748046875
-0.0155210494995117 0.0168285369873047 0.65380859375 0.0714111328125
-0.0593910217285156 0.0232810974121094 0.398193359375 0.737060546875
-0.0217514038085938 -0.0313186645507813 -0.31097412109375 0.9669189453125
0.0411758422851563 -0.0278472900390625 -0.65838623046875 0.44622802734375
0.0833511352539063 0.0167083740234375 0.071014404296875 0.0712890625
0.06878662109375 -0.0134353637695313 0.7545166015625 -0.45806884765625
0.0113620758056641 -0.0294666290283203 0.2276611328125 -1.01263427734375
-0.0385818481445312 -0.0118255615234375 -0.6173095703125 -0.6048583984375
-0.0406227111816406 0.0125579833984375 -0.6302490234375 0.14007568359375
-0.00226402282714844 0.0197887420654297 -0.30303955078125 0.396820068359375
0.0156030654907227 0.00668239593505859 0.055877685546875 0.293182373046875
0.00637149810791016 -0.00700521469116211 0.22918701171875 0.066070556640625
0.0108318328857422 -0.012486457824707 -0.171615600585937 -0.096221923828125
0.0319919586181641 0.00274658203125 0.03997802734375 -0.2847900390625
0.0270195007324219 0.0104827880859375 0.365814208984375 -0.271636962890625
-0.00818634033203125 0.0169620513916016 0.649169921875 0.0804443359375
-0.0557365417480469 0.0260581970214844 0.3878173828125 0.74761962890625
-0.0232906341552734 -0.0265769958496094 -0.32720947265625 0.968994140625
0.0393333435058594 -0.030548095703125 -0.6673583984375 0.4410400390625
0.08258056640625 0.0138397216796875 0.068450927734375 0.0703582763671875
0.0652275085449219 -0.0158157348632813 0.74896240234375 -0.46075439453125
0.00955581665039063 -0.0261955261230469 0.209716796875 -1.00982666015625
-0.0367965698242188 -0.00696945190429687 -0.626953125 -0.59246826171875
-0.0319747924804688 0.0176467895507813 -0.63238525390625 0.15325927734375
0.00396919250488281 0.0207958221435547 -0.29473876953125 0.40362548828125
0.0183811187744141 0.00255775451660156 0.060333251953125 0.296112060546875
0.00652313232421875 -0.0138587951660156 0.233200073242188 0.07086181640625
0.00835132598876953 -0.0175352096557617 -0.171646118164062 -0.09869384765625
0.0374908447265625 -0.00276565551757813 0.0386962890625 -0.282745361328125
0.0335979461669922 0.00825309753417969 0.367279052734375 -0.26593017578125
-0.000543594360351563 0.0224075317382813 0.65087890625 0.08770751953125
-0.0501441955566406 0.0339775085449219 0.38067626953125 0.7557373046875
-0.023345947265625 -0.0205574035644531 -0.33203125 0.97088623046875
0.0332660675048828 -0.0328807830810547 -0.674560546875 0.44122314453125
0.0778274536132812 0.0066986083984375 0.0685043334960938 0.0713577270507813
0.06170654296875 -0.0190238952636719 0.7474365234375 -0.46234130859375
0.00576972961425781 -0.0213775634765625 0.205322265625 -1.00811767578125
-0.0327987670898438 0.00117301940917969 -0.63079833984375 -0.5872802734375
-0.0242767333984375 0.017303466796875 -0.63232421875 0.15765380859375
0.0137042999267578 0.0189208984375 -0.29461669921875 0.405792236328125
0.0219593048095703 -0.00422477722167969 0.061187744140625 0.29681396484375
0.00152778625488281 -0.0169439315795898 0.231613159179687 0.07122802734375
0.00358200073242188 -0.0235252380371094 -0.173828125 -0.096435546875
0.0422401428222656 -0.00751876831054687 0.0384521484375 -0.28411865234375
0.0419578552246094 0.002685546875 0.368194580078125 -0.2666015625
0.00820732116699219 0.0253620147705078 0.65008544921875 0.08660888671875
-0.0477027893066406 0.0466957092285156 0.38177490234375 0.75592041015625
-0.0267047882080078 -0.0183486938476563 -0.33233642578125 0.97625732421875
0.0305290222167969 -0.03472900390625 -0.67388916015625 0.44427490234375
0.079864501953125 0.00521087646484375 0.068695068359375 0.0701370239257813
0.0598564147949219 -0.02093505859375 0.74652099609375 -0.46270751953125
0.00547504425048828 -0.0132160186767578 0.20672607421875 -1.0054931640625
-0.0267181396484375 0.0120563507080078 -0.63232421875 -0.58673095703125
-0.01251220703125 0.0176868438720703 -0.633056640625 0.15728759765625
0.0207729339599609 0.0108509063720703 -0.29815673828125 0.405548095703125
0.0276241302490234 -0.00757598876953125 0.061309814453125 0.29730224609375
0.000835418701171874 -0.0197181701660156 0.232330322265625 0.073883056640625
0.00205421447753906 -0.0283622741699219 -0.178070068359375 -0.100067138671875
0.0446891784667969 -0.0142898559570312 0.03497314453125 -0.288299560546875
0.0497856140136719 -0.00248336791992188 0.36083984375 -0.274444580078125
0.016998291015625 0.0272541046142578 0.651123046875 0.0819091796875
-0.0421981811523437 0.0540428161621094 0.38885498046875 0.7508544921875
-0.0303707122802734 -0.00939750671386719 -0.3170166015625 0.9783935546875
0.0259037017822266 -0.0343112945556641 -0.666748046875 0.449951171875
0.07586669921875 -0.00040435791015625 0.0675430297851563 0.0754928588867188
0.0555419921875 -0.0209236145019531 0.750732421875 -0.45379638671875
0.00201129913330078 -0.00738096237182617 0.21722412109375 -1.00518798828125
-0.0249824523925781 0.0174388885498047 -0.62896728515625 -0.59112548828125
-0.00543022155761719 0.0222702026367188 -0.63446044921875 0.15118408203125
0.0277233123779297 0.00961494445800781 -0.302001953125 0.399383544921875
0.029998779296875 -0.0135517120361328 0.058135986328125 0.293243408203125
-0.00441169738769531 -0.0208721160888672 0.229400634765625 0.0712738037109375
0.00921916961669922 -0.0111722946166992 -0.187530517578125 -0.127487182617188
0.0290050506591797 0.0036773681640625 0.02001953125 -0.315277099609375
0.0205059051513672 0.0121574401855469 0.35272216796875 -0.310791015625
-0.0153646469116211 0.0171937942504883 0.6573486328125 0.02020263671875
-0.0560836791992188 0.0307426452636719 0.444580078125 0.69769287109375
-0.0247631072998047 -0.0244827270507813 -0.2449951171875 0.9620361328125
0.0391921997070313 -0.0247383117675781 -0.62994384765625 0.468017578125
0.0829086303710938 0.0224838256835937 0.0757293701171875 0.0808792114257813
0.0717697143554688 -0.0055694580078125 0.79364013671875 -0.42864990234375
0.0126209259033203 -0.0227432250976563 0.29571533203125 -1.01873779296875
-0.04229736328125 -0.00990295410156251 -0.5865478515625 -0.6549072265625
-0.0433578491210938 0.0152435302734375 -0.63922119140625 0.09698486328125
-0.00350570678710938 0.0215663909912109 -0.31585693359375 0.3720703125
0.0119724273681641 0.00619411468505859 0.04119873046875 0.280609130859375
0.00656223297119141 -0.0106306076049805 0.2236328125 0.0525970458984375
0.0102853775024414 -0.00813007354736328 -0.182815551757813 -0.118362426757812
0.0284423828125 0.00788688659667969 0.026702880859375 -0.308441162109375
0.0170888900756836 0.0155801773071289 0.3582763671875 -0.303253173828125
-0.0185775756835938 0.0164089202880859 0.66058349609375 0.0347900390625
-0.0586280822753906 0.024322509765625 0.4320068359375 0.7110595703125
-0.0219306945800781 -0.0287036895751953 -0.26519775390625 0.9677734375
0.0399818420410156 -0.0251235961914063 -0.6392822265625 0.45697021484375
0.0837936401367188 0.02337646484375 0.0723800659179688 0.078216552734375
0.070526123046875 -0.00732421875 0.78289794921875 -0.435791015625
0.0147781372070313 -0.0274295806884766 0.269775390625 -1.0146484375
-0.0408058166503906 -0.0126304626464844 -0.59893798828125 -0.63720703125
-0.0429191589355469 0.0140953063964844 -0.6368408203125 0.11102294921875
-0.00766372680664062 0.0235767364501953 -0.30902099609375 0.382354736328125
0.0119380950927734 0.010406494140625 0.0474853515625 0.285308837890625
0.0105524063110352 -0.00846290588378906 0.225616455078125 0.05645751953125
0.0113191604614258 -0.00780868530273437 -0.182388305664062 -0.111358642578125
0.0279369354248047 0.00454139709472656 0.032257080078125 -0.297943115234375
0.0190219879150391 0.0126934051513672 0.3626708984375 -0.291351318359375
-0.0206031799316406 0.0157527923583984 0.65625 0.05401611328125
-0.0582008361816406 0.02203369140625 0.41455078125 0.7218017578125
-0.0221900939941406 -0.0309085845947266 -0.289794921875 0.96697998046875
0.0425872802734375 -0.0269203186035156 -0.65283203125 0.45166015625
0.0853118896484375 0.021575927734375 0.06866455078125 0.0754547119140625
0.0701828002929688 -0.0100479125976563 0.7703857421875 -0.4464111328125
0.0131378173828125 -0.0297489166259766 0.25225830078125 -1.0115966796875
-0.039886474609375 -0.0154075622558594 -0.6068115234375 -0.62139892578125
-0.0462875366210938 0.0127182006835937 -0.63525390625 0.1240234375
-0.00439834594726563 0.0225639343261719 -0.303436279296875 0.3917236328125
0.0125799179077148 0.00816249847412109 0.054656982421875 0.292236328125
0.00856971740722656 -0.00980472564697266 0.23016357421875 0.06378173828125
0.0101613998413086 -0.00896072387695312 -0.177413940429688 -0.10455322265625
0.0300998687744141 0.00583076477050781 0.038421630859375 -0.292266845703125
0.0211925506591797 0.0141410827636719 0.367279052734375 -0.281524658203125
-0.0169830322265625 0.0177726745605469 0.65643310546875 0.06854248046875
-0.0572624206542969 0.0234603881835937 0.3997802734375 0.74066162109375
-0.0206012725830078 -0.0278511047363281 -0.3099365234375 0.96929931640625
0.0401611328125 -0.0283927917480469 -0.6627197265625 0.4471435546875
0.0840072631835938 0.0182266235351563 0.0696868896484375 0.0726470947265625
0.0698623657226563 -0.0138015747070312 0.76068115234375 -0.455322265625
0.0128765106201172 -0.0284805297851563 0.227783203125 -1.0150146484375
-0.0395393371582031 -0.0109672546386719 -0.6219482421875 -0.60955810546875
-0.0381660461425781 0.0143165588378906 -0.63604736328125 0.1405029296875
-0.00350189208984375 0.0221958160400391 -0.299652099609375 0.402313232421875
0.0134305953979492 0.00922679901123047 0.058502197265625 0.298828125
0.00887775421142578 -0.0101566314697266 0.228668212890625 0.0659637451171875
0.00971126556396484 -0.0145626068115234 -0.1766357421875 -0.099029541015625
0.0320224761962891 0.00260543823242187 0.040069580078125 -0.28668212890625
0.0279216766357422 0.0110988616943359 0.36968994140625 -0.2718505859375
-0.0100364685058594 0.0180130004882812 0.655517578125 0.08026123046875
-0.0527114868164063 0.0286140441894531 0.39227294921875 0.7530517578125
-0.0207366943359375 -0.0247440338134766 -0.32421875 0.97332763671875
0.0378570556640625 -0.0308265686035156 -0.67315673828125 0.4443359375
0.0796966552734375 0.0137557983398438 0.06829833984375 0.0703887939453125
0.0670585632324219 -0.0158271789550781 0.75347900390625 -0.4617919921875
0.0102081298828125 -0.0264339447021484 0.21044921875 -1.0140380859375
-0.0377845764160156 -0.00379562377929688 -0.63079833984375 -0.59515380859375
-0.0322837829589844 0.0155315399169922 -0.6312255859375 0.1529541015625
0.00545692443847656 0.0206756591796875 -0.296661376953125 0.405670166015625
0.0171356201171875 0.0038299560546875 0.06109619140625 0.29986572265625
0.00565624237060547 -0.0133380889892578 0.233062744140625 0.0710906982421875
0.0063009262084961 -0.0175228118896484 -0.176849365234375 -0.09588623046875
0.039031982421875 -0.00350189208984375 0.04071044921875 -0.286163330078125
0.0339164733886719 0.00832366943359375 0.3701171875 -0.267913818359375
-0.00354385375976562 0.0234584808349609 0.65380859375 0.09039306640625
-0.0493202209472656 0.0365867614746094 0.38421630859375 0.76129150390625
-0.0223751068115234 -0.0225143432617187 -0.33355712890625 0.9779052734375
0.0338096618652344 -0.0331249237060547 -0.677490234375 0.44464111328125
0.0813827514648438 0.00982666015625 0.0687789916992188 0.0708465576171875
0.0619430541992188 -0.0179252624511719 0.748046875 -0.46234130859375
0.00723838806152344 -0.0208301544189453 0.20660400390625 -1.01220703125
-0.0320243835449219 -5.34057617187454E-05 -0.6329345703125 -0.58966064453125
-0.0220241546630859 0.0173053741455078 -0.63525390625 0.15576171875
0.0127801895141602 0.0155572891235352 -0.29913330078125 0.408477783203125
0.0239143371582031 -0.00124931335449219 0.0631103515625 0.2996826171875
0.00142097473144531 -0.0160446166992188 0.23358154296875 0.071868896484375
0.00319480895996094 -0.0239200592041016 -0.1767578125 -0.0976409912109375
0.0391578674316406 -0.0103492736816406 0.036651611328125 -0.285980224609375
0.0435600280761719 0.00178146362304688 0.368316650390625 -0.2706298828125
0.00786972045898437 0.0252342224121094 0.65460205078125 0.0892333984375
-0.0461006164550781 0.0454597473144531 0.3841552734375 0.7601318359375
-0.0246124267578125 -0.0156612396240234 -0.33197021484375 0.98199462890625
0.0290412902832031 -0.0338764190673828 -0.6744384765625 0.44842529296875
0.0782852172851563 0.00444793701171875 0.0673370361328125 0.0736465454101563
0.0579910278320313 -0.0195960998535156 0.74859619140625 -0.46405029296875
0.00428199768066406 -0.0148992538452148 0.21087646484375 -1.01080322265625
-0.0288257598876953 0.0106449127197266 -0.6368408203125 -0.588623046875
-0.0146465301513672 0.0203762054443359 -0.633056640625 0.15704345703125
0.0224018096923828 0.0126304626464844 -0.2987060546875 0.40771484375
0.0285701751708984 -0.00742530822753906 0.06048583984375 0.29974365234375
-0.0008544921875 -0.0182456970214844 0.231796264648437 0.0738372802734375
0.00249290466308593 -0.0294132232666016 -0.178634643554687 -0.0993499755859375
0.0444107055664062 -0.0135421752929687 0.03582763671875 -0.2918701171875
0.051177978515625 -0.00238800048828125 0.3651123046875 -0.275421142578125
0.0163822174072266 0.0276031494140625 0.65484619140625 0.08367919921875
-0.0421104431152344 0.0567131042480469 0.39422607421875 0.75872802734375
-0.0284614562988281 -0.00841903686523437 -0.320556640625 0.98150634765625
0.0280609130859375 -0.0354385375976563 -0.67205810546875 0.45306396484375
0.075439453125 -0.00026702880859375 0.0683364868164063 0.07708740234375
0.0544319152832031 -0.0219650268554688 0.75518798828125 -0.4564208984375
0.003387451171875 -0.00890445709228515 0.21728515625 -1.00946044921875
-0.0232982635498047 0.0188579559326172 -0.63311767578125 -0.5958251953125
-0.00556755065917969 0.0202007293701172 -0.63665771484375 0.15185546875
0.0283050537109375 0.00909233093261719 -0.302490234375 0.40087890625
0.0311317443847656 -0.0138092041015625 0.05755615234375 0.296905517578125
-0.002471923828125 -0.0226497650146484 0.23065185546875 0.071807861328125
0.00857734680175781 -0.0124073028564453 -0.1868896484375 -0.12664794921875
0.0295066833496094 0.00280570983886719 0.021820068359375 -0.317352294921875
0.0204849243164063 0.0102043151855469 0.3551025390625 -0.31591796875
-0.0175952911376953 0.0196685791015625 0.66571044921875 0.0196533203125
-0.0581817626953125 0.029052734375 0.44879150390625 0.70404052734375
-0.0223617553710938 -0.0246295928955078 -0.2464599609375 0.97430419921875
0.0378150939941406 -0.0261154174804687 -0.6336669921875 0.469970703125
0.082733154296875 0.02496337890625 0.075042724609375 0.0818939208984375
0.0712738037109375 -0.0047454833984375 0.8018798828125 -0.43212890625
0.0129604339599609 -0.0233325958251953 0.2945556640625 -1.02545166015625
-0.0402984619140625 -0.00867843627929687 -0.58892822265625 -0.6591796875
-0.0418357849121094 0.0139007568359375 -0.64373779296875 0.09814453125
-0.00507164001464844 0.0209922790527344 -0.318145751953125 0.37701416015625
0.0132369995117187 0.00736236572265625 0.043182373046875 0.282867431640625
0.00627422332763672 -0.0112857818603516 0.2244873046875 0.051361083984375
0.0111494064331055 -0.00840282440185547 -0.18536376953125 -0.118026733398437
0.0274868011474609 0.00644493103027344 0.0260009765625 -0.308685302734375
0.0159530639648438 0.0135030746459961 0.35980224609375 -0.3038330078125
-0.0217456817626953 0.0178985595703125 0.66265869140625 0.03875732421875
-0.0597953796386719 0.0246849060058594 0.43682861328125 0.71807861328125
-0.0211334228515625 -0.0267143249511719 -0.26416015625 0.97393798828125
0.0415420532226563 -0.0254745483398438 -0.64434814453125 0.46417236328125
0.0840530395507813 0.0240478515625 0.0699234008789063 0.07769775390625
0.0726547241210938 -0.00775909423828125 0.785888671875 -0.43798828125
0.0143680572509766 -0.0259265899658203 0.27239990234375 -1.02374267578125
-0.0409622192382813 -0.0123672485351562 -0.601806640625 -0.64215087890625
-0.0468788146972656 0.0141220092773438 -0.64166259765625 0.11358642578125
-0.00622367858886718 0.0235691070556641 -0.311492919921875 0.386444091796875
0.0111351013183594 0.00978565216064453 0.04876708984375 0.28985595703125
0.00772762298583984 -0.00956153869628906 0.22894287109375 0.05645751953125
0.00931167602539063 -0.00836753845214844 -0.183700561523438 -0.110671997070312
0.0262165069580078 0.00615692138671875 0.030609130859375 -0.301483154296875
0.0179042816162109 0.0131149291992187 0.36285400390625 -0.290740966796875
-0.0207920074462891 0.0172328948974609 0.66180419921875 0.052490234375
-0.0598373413085937 0.0229377746582031 0.42083740234375 0.72857666015625
-0.0175457000732422 -0.0291347503662109 -0.2901611328125 0.97607421875
0.0401115417480469 -0.0248832702636719 -0.655029296875 0.4547119140625
0.0814437866210938 0.0231704711914063 0.0724334716796875 0.0754318237304688
0.0713272094726563 -0.0103073120117188 0.77606201171875 -0.44647216796875
0.0119495391845703 -0.0307483673095703 0.25128173828125 -1.02239990234375
-0.0414886474609375 -0.0145454406738281 -0.61090087890625 -0.62615966796875
-0.0426101684570313 0.0134048461914062 -0.63665771484375 0.12677001953125
-0.00672149658203125 0.0227031707763672 -0.307647705078125 0.395355224609375
0.0114240646362305 0.0122861862182617 0.057373046875 0.29302978515625
0.00850105285644531 -0.00874900817871094 0.231369018554688 0.065216064453125
0.0130214691162109 -0.0104684829711914 -0.180709838867188 -0.103988647460937
0.0290546417236328 0.00597763061523438 0.036102294921875 -0.294830322265625
0.0210533142089844 0.0113010406494141 0.369842529296875 -0.2821044921875
-0.0157470703125 0.0177726745605469 0.6627197265625 0.07196044921875
-0.0569305419921875 0.0238113403320312 0.406005859375 0.74908447265625
-0.0206775665283203 -0.0292510986328125 -0.3116455078125 0.98175048828125
0.0386581420898438 -0.0290336608886719 -0.66680908203125 0.451416015625
0.0829010009765625 0.0192337036132812 0.0703659057617188 0.0733642578125
0.067718505859375 -0.0116500854492188 0.763427734375 -0.456787109375
0.0135154724121094 -0.0275974273681641 0.22930908203125 -1.0224609375
-0.04010009765625 -0.0111274719238281 -0.62554931640625 -0.61273193359375
-0.0414199829101563 0.0131072998046875 -0.6387939453125 0.14202880859375
-0.00177574157714844 0.0228328704833984 -0.302734375 0.404205322265625
0.0162897109985352 0.00951194763183594 0.058197021484375 0.299713134765625
0.00776100158691406 -0.0105009078979492 0.233566284179688 0.0684356689453125
0.00868797302246094 -0.0138654708862305 -0.1788330078125 -0.097747802734375
0.0332698822021484 0.00266075134277344 0.0384521484375 -0.290924072265625
0.0268077850341797 0.00985908508300781 0.371551513671875 -0.27789306640625
-0.0112762451171875 0.0203456878662109 0.658447265625 0.08050537109375
-0.053680419921875 0.0304908752441406 0.39678955078125 0.75738525390625
-0.0200386047363281 -0.0267486572265625 -0.3280029296875 0.98223876953125
0.0358848571777344 -0.029144287109375 -0.67633056640625 0.44793701171875
0.0833892822265625 0.0151443481445312 0.0690994262695313 0.0732269287109375
0.0669937133789062 -0.0162086486816406 0.7564697265625 -0.46099853515625
0.00981903076171875 -0.0252571105957031 0.21270751953125 -1.023681640625
-0.0373039245605469 -0.00650787353515625 -0.63519287109375 -0.59991455078125
-0.0325927734375 0.0178947448730469 -0.635986328125 0.1531982421875
0.00526046752929688 0.0201416015625 -0.297210693359375 0.40875244140625
0.0170183181762695 0.002655029296875 0.0648193359375 0.3043212890625
0.00629138946533203 -0.0133829116821289 0.235000610351563 0.0706634521484375
0.00898551940917969 -0.0202808380126953 -0.180587768554688 -0.096343994140625
0.0341911315917969 -0.00327682495117187 0.0396728515625 -0.28680419921875
0.0349769592285156 0.0077362060546875 0.37261962890625 -0.27105712890625
-0.000858306884765625 0.0216331481933594 0.6597900390625 0.0885009765625
-0.05120849609375 0.0373764038085937 0.39007568359375 0.76751708984375
-0.0216846466064453 -0.0238723754882813 -0.3349609375 0.98779296875
0.0338382720947266 -0.0330562591552734 -0.6805419921875 0.44573974609375
0.0785903930664063 0.00928497314453125 0.0688705444335938 0.076202392578125
0.0613288879394531 -0.0193939208984375 0.75579833984375 -0.4671630859375
0.00748443603515625 -0.0208530426025391 0.20941162109375 -1.0181884765625
-0.0330429077148438 0.002410888671875 -0.64105224609375 -0.59283447265625
-0.0227832794189453 0.0185451507568359 -0.63885498046875 0.15899658203125
0.0138759613037109 0.0178985595703125 -0.297607421875 0.4151611328125
0.0236339569091797 -0.000701904296875 0.064666748046875 0.304107666015625
0.0027780532836914 -0.0169219970703125 0.235183715820313 0.0726318359375
0.00359725952148437 -0.0241203308105469 -0.179779052734375 -0.0959014892578125
0.0430908203125 -0.0109977722167969 0.0386962890625 -0.289398193359375
0.0427665710449219 0.00139999389648438 0.37042236328125 -0.272979736328125
0.00705718994140625 0.0258350372314453 0.66021728515625 0.08795166015625
-0.0434799194335938 0.04833984375 0.3902587890625 0.76739501953125
-0.0236282348632813 -0.0147781372070312 -0.332763671875 0.9898681640625
0.0293998718261719 -0.0348892211914063 -0.6795654296875 0.45196533203125
0.0798797607421875 0.002227783203125 0.0677337646484375 0.0747146606445313
0.0573310852050781 -0.0181350708007813 0.75244140625 -0.46356201171875
0.00657558441162109 -0.0136404037475586 0.21026611328125 -1.01800537109375
-0.0266551971435547 0.0105781555175781 -0.64007568359375 -0.59075927734375
-0.0161952972412109 0.0197734832763672 -0.6387939453125 0.1572265625
0.0211658477783203 0.0131320953369141 -0.29913330078125 0.41156005859375
0.0278873443603516 -0.00759315490722656 0.06500244140625 0.30291748046875
-0.00238800048828125 -0.0188941955566406 0.235427856445313 0.0732421875
0.000356674194335938 -0.0310592651367188 -0.180938720703125 -0.101211547851562
0.0452156066894531 -0.0150871276855469 0.0338134765625 -0.292022705078125
0.0518074035644531 -0.0031585693359375 0.366455078125 -0.275665283203125
0.0159568786621094 0.0284633636474609 0.659423828125 0.08056640625
-0.0414772033691406 0.0587539672851563 0.4007568359375 0.7642822265625
-0.0257129669189453 -0.00689888000488281 -0.3192138671875 0.990966796875
0.0251197814941406 -0.0348987579345703 -0.674560546875 0.45611572265625
0.0772933959960938 0.00017547607421875 0.065582275390625 0.0768661499023438
0.0561866760253906 -0.0199775695800781 0.75830078125 -0.4583740234375
0.0032351016998291 -0.00414538383483887 0.22088623046875 -1.01629638671875
-0.0241050720214844 0.0185718536376953 -0.6385498046875 -0.5968017578125
-0.00548553466796875 0.0214004516601563 -0.6417236328125 0.15106201171875
0.0254859924316406 0.0101776123046875 -0.30535888671875 0.405731201171875
0.0320167541503906 -0.0117816925048828 0.05926513671875 0.300567626953125
-0.00403594970703125 -0.0226402282714844 0.231521606445313 0.07281494140625
0.00838851928710938 -0.0105485916137695 -0.191619873046875 -0.126144409179688
0.029296875 0.00225257873535156 0.0179443359375 -0.3211669921875
0.0191936492919922 0.0113124847412109 0.35614013671875 -0.319061279296875
-0.016448974609375 0.0194854736328125 0.6715087890625 0.01824951171875
-0.0561065673828125 0.0325584411621094 0.4564208984375 0.71044921875
-0.0207748413085937 -0.0251502990722656 -0.24566650390625 0.98583984375
0.03839111328125 -0.02423095703125 -0.6357421875 0.47528076171875
0.0837173461914063 0.02490234375 0.07452392578125 0.0846939086914063
0.0709304809570312 -0.00450897216796875 0.80535888671875 -0.43475341796875
0.0155200958251953 -0.0207614898681641 0.29486083984375 -1.03363037109375
-0.0407257080078125 -0.0101432800292969 -0.5980224609375 -0.66033935546875
-0.043731689453125 0.0154457092285156 -0.6474609375 0.10260009765625
-0.00543594360351563 0.0212535858154297 -0.32037353515625 0.381622314453125
0.0128641128540039 0.00756931304931641 0.044586181640625 0.288787841796875
0.00662326812744141 -0.00900936126708984 0.228408813476563 0.0511627197265625
0.00896549224853516 -0.00772762298583984 -0.1878662109375 -0.121597290039063
0.0278854370117188 0.00475692749023438 0.024688720703125 -0.313018798828125
0.0164289474487305 0.0124197006225586 0.36212158203125 -0.309814453125
-0.0206336975097656 0.0173835754394531 0.67034912109375 0.03375244140625
-0.0570640563964844 0.02740478515625 0.44482421875 0.7213134765625
-0.0196876525878906 -0.0282325744628906 -0.26605224609375 0.98529052734375
0.0413970947265625 -0.0250701904296875 -0.64862060546875 0.4677734375
0.0849075317382813 0.0236892700195313 0.0711898803710938 0.0799179077148438
0.0730514526367188 -0.00666046142578125 0.791259765625 -0.44268798828125
0.0166549682617187 -0.0272083282470703 0.27362060546875 -1.03094482421875
-0.0426597595214844 -0.0133438110351563 -0.61029052734375 -0.6466064453125
-0.0464324951171875 0.0146484375 -0.6483154296875 0.1158447265625
-0.00632095336914062 0.0225811004638672 -0.31317138671875 0.39166259765625
0.0120973587036133 0.00895118713378906 0.049163818359375 0.29351806640625
0.00728225708007813 -0.00913619995117187 0.230606079101563 0.05670166015625
0.011317253112793 -0.0105514526367188 -0.184341430664063 -0.113861083984375
0.0274314880371094 0.00798225402832031 0.0272216796875 -0.305999755859375
0.0165882110595703 0.013153076171875 0.36578369140625 -0.297943115234375
-0.0214996337890625 0.0173149108886719 0.67083740234375 0.052001953125
-0.0576705932617187 0.0248947143554687 0.428466796875 0.73583984375
-0.0186614990234375 -0.0318641662597656 -0.2890625 0.982666015625
0.039642333984375 -0.0264511108398438 -0.66046142578125 0.4613037109375
0.0841445922851563 0.0234909057617188 0.0707778930664063 0.0751266479492188
0.0728530883789063 -0.0108642578125 0.78192138671875 -0.45123291015625
0.0140247344970703 -0.0309925079345703 0.25146484375 -1.02899169921875
-0.0437355041503906 -0.0134506225585937 -0.61920166015625 -0.62744140625
-0.0453224182128906 0.0151824951171875 -0.645751953125 0.12890625
-0.00470924377441406 0.0241336822509766 -0.306427001953125 0.400909423828125
0.0131397247314453 0.0105466842651367 0.05914306640625 0.297760009765625
0.00681495666503906 -0.00878810882568359 0.234527587890625 0.0617523193359375
0.00831127166748047 -0.0116357803344727 -0.181747436523438 -0.1060791015625
0.0294322967529297 0.00393295288085938 0.035980224609375 -0.298065185546875
0.0200653076171875 0.0121002197265625 0.372650146484375 -0.287811279296875
-0.0181598663330078 0.0171470642089844 0.66973876953125 0.06787109375
-0.0548782348632813 0.0252227783203125 0.41436767578125 0.75616455078125
-0.0189075469970703 -0.0297775268554688 -0.3114013671875 0.98858642578125
0.039337158203125 -0.0285110473632813 -0.670166015625 0.45660400390625
0.08349609375 0.0191802978515625 0.0696258544921875 0.0736007690429688
0.0711517333984375 -0.0135650634765625 0.76947021484375 -0.462890625
0.01220703125 -0.0280189514160156 0.23052978515625 -1.0286865234375
-0.0409049987792969 -0.010101318359375 -0.63433837890625 -0.61431884765625
-0.0404090881347656 0.0140533447265625 -0.64532470703125 0.14349365234375
-0.00152969360351562 0.0221481323242188 -0.30364990234375 0.409332275390625
0.0151529312133789 0.00969505310058594 0.061431884765625 0.303924560546875
0.00623512268066406 -0.00998687744140625 0.2353515625 0.067138671875
0.00731277465820312 -0.0149860382080078 -0.181884765625 -0.100738525390625
0.0330848693847656 -0.000148773193359375 0.03863525390625 -0.291534423828125
0.0255985260009766 0.00796699523925781 0.3751220703125 -0.28082275390625
-0.0101261138916016 0.0195350646972656 0.6651611328125 0.08184814453125
-0.0541152954101563 0.0308418273925781 0.40240478515625 0.763671875
-0.0193691253662109 -0.028411865234375 -0.32720947265625 0.992431640625
0.0377464294433594 -0.0291175842285156 -0.6827392578125 0.45477294921875
0.0812454223632813 0.0141143798828125 0.069580078125 0.0719985961914063
0.0677947998046875 -0.0152435302734375 0.760009765625 -0.46588134765625
0.0102977752685547 -0.0255546569824219 0.2109375 -1.02667236328125
-0.0384597778320313 -0.00482177734375 -0.645263671875 -0.60186767578125
-0.0328388214111328 0.0175552368164063 -0.641845703125 0.15631103515625
0.00518417358398437 0.0196075439453125 -0.299407958984375 0.4161376953125
0.0182952880859375 0.00426483154296875 0.064178466796875 0.30755615234375
0.00458526611328125 -0.0137538909912109 0.236419677734375 0.0719757080078125
0.00447654724121094 -0.0195484161376953 -0.179641723632813 -0.0973052978515625
0.0381240844726562 -0.00320816040039062 0.03900146484375 -0.29193115234375
0.0337963104248047 0.00656318664550781 0.376495361328125 -0.27581787109375
-0.00292396545410156 0.0227622985839844 0.6649169921875 0.08966064453125
-0.0490379333496094 0.0392990112304688 0.39776611328125 0.7735595703125
-0.0215358734130859 -0.0232524871826172 -0.334716796875 0.9986572265625
0.0337772369384766 -0.0314407348632813 -0.687255859375 0.45489501953125
0.0800323486328125 0.0089569091796875 0.0682601928710937 0.07421875
0.0643997192382813 -0.0178489685058594 0.76007080078125 -0.4693603515625
0.00885200500488281 -0.0199260711669922 0.2076416015625 -1.02593994140625
-0.0324668884277344 0.00346946716308594 -0.64678955078125 -0.5960693359375
-0.0233173370361328 0.0178432464599609 -0.6441650390625 0.16253662109375
0.0122776031494141 0.0179195404052734 -0.2984619140625 0.418975830078125
0.022125244140625 -0.000659942626953125 0.066131591796875 0.30804443359375
-0.000156402587890624 -0.0174274444580078 0.237777709960938 0.0723724365234375
0.00290107727050781 -0.0237827301025391 -0.181961059570313 -0.0978240966796875
0.0404129028320313 -0.0129814147949219 0.0360107421875 -0.293487548828125
0.0401878356933594 0.000988006591796875 0.37158203125 -0.277252197265625
0.00656700134277344 0.0270004272460937 0.66485595703125 0.08966064453125
-0.0456008911132812 0.0503501892089844 0.39990234375 0.77447509765625
-0.0213451385498047 -0.0142230987548828 -0.334716796875 1.00091552734375
0.0292224884033203 -0.0329341888427734 -0.686279296875 0.45648193359375
0.0783462524414063 0.0061492919921875 0.0677871704101563 0.0748214721679687
0.0595054626464844 -0.0209808349609375 0.75982666015625 -0.46722412109375
0.00530242919921875 -0.012115478515625 0.2099609375 -1.023193359375
-0.0279331207275391 0.0113391876220703 -0.64813232421875 -0.594970703125
-0.0134658813476562 0.0206222534179688 -0.64324951171875 0.16253662109375
0.02142333984375 0.0126399993896484 -0.29937744140625 0.417449951171875
0.0270271301269531 -0.00551223754882813 0.06463623046875 0.307769775390625
-0.00155448913574219 -0.0185012817382813 0.236663818359375 0.0724945068359375
-0.000616073608398439 -0.0286960601806641 -0.182388305664063 -0.101531982421875
0.0451316833496094 -0.0152816772460937 0.03350830078125 -0.297332763671875
0.0493698120117188 -0.00434494018554688 0.368682861328125 -0.280914306640625
0.0157737731933594 0.0304355621337891 0.6671142578125 0.08172607421875
-0.0419921875 0.0582351684570313 0.4085693359375 0.7708740234375
-0.0253677368164063 -0.00959968566894531 -0.31854248046875 1.00048828125
0.024810791015625 -0.0358390808105469 -0.68048095703125 0.46246337890625
0.0757827758789063 0.0014801025390625 0.0683975219726563 0.0783233642578125
0.0566940307617188 -0.0198554992675781 0.762451171875 -0.46038818359375
0.00302410125732422 -0.00639677047729492 0.218505859375 -1.02252197265625
-0.0235919952392578 0.0216064453125 -0.6429443359375 -0.6014404296875
-0.00460433959960937 0.0222454071044922 -0.6474609375 0.156494140625
0.0280742645263672 0.010223388671875 -0.30535888671875 0.411468505859375
0.0328826904296875 -0.0130481719970703 0.0618896484375 0.303253173828125
-0.00405311584472656 -0.0227775573730469 0.232330322265625 0.0718994140625
0.00608158111572266 -0.00981426239013672 -0.193862915039063 -0.128707885742187
0.0262870788574219 0.00075531005859375 0.0169677734375 -0.3245849609375
0.0181751251220703 0.0109634399414063 0.357879638671875 -0.326141357421875
-0.0187721252441406 0.0196247100830078 0.6781005859375 0.01654052734375
-0.0574302673339844 0.0334434509277344 0.467529296875 0.7174072265625
-0.0205402374267578 -0.0234222412109375 -0.2410888671875 0.9930419921875
0.0386581420898438 -0.0254631042480469 -0.64141845703125 0.4815673828125
0.0822219848632813 0.02337646484375 0.074462890625 0.0830078125
0.072540283203125 -0.00435638427734375 0.8095703125 -0.4405517578125
0.0169048309326172 -0.0216636657714844 0.29486083984375 -1.04241943359375
-0.0424385070800781 -0.00777053833007813 -0.604248046875 -0.66595458984375
-0.042449951171875 0.0175247192382812 -0.65435791015625 0.106201171875
-0.00477218627929688 0.0216522216796875 -0.319091796875 0.388458251953125
0.0134782791137695 0.00827407836914063 0.045318603515625 0.292327880859375
0.00669193267822266 -0.00915622711181641 0.230850219726563 0.0497894287109375
0.00946521759033203 -0.00902271270751953 -0.192001342773438 -0.12091064453125
0.0247325897216797 0.00495719909667969 0.021942138671875 -0.316436767578125
0.016179084777832 0.0129528045654297 0.36444091796875 -0.314178466796875
-0.0228519439697266 0.0193691253662109 0.6788330078125 0.03167724609375
-0.0561637878417969 0.0275230407714844 0.4534912109375 0.72711181640625
-0.0187339782714844 -0.0288944244384766 -0.2615966796875 0.99688720703125
0.0413284301757813 -0.0267448425292969 -0.65496826171875 0.4730224609375
0.0866775512695313 0.02301025390625 0.0733642578125 0.0816802978515625
0.074371337890625 -0.005645751953125 0.7982177734375 -0.4510498046875
0.014739990234375 -0.0281276702880859 0.2705078125 -1.04052734375
-0.0434150695800781 -0.0113487243652344 -0.618408203125 -0.648681640625
-0.046356201171875 0.0134849548339844 -0.6517333984375 0.1220703125
-0.00721931457519531 0.0219612121582031 -0.314697265625 0.397430419921875
0.0138616561889648 0.00934028625488281 0.054168701171875 0.297637939453125
0.00531482696533203 -0.0105953216552734 0.235626220703125 0.0543975830078125
0.00845813751220703 -0.00973129272460938 -0.18853759765625 -0.112136840820313
0.0272102355957031 0.00504684448242187 0.027099609375 -0.30755615234375
0.0146627426147461 0.0134735107421875 0.36822509765625 -0.302154541015625
-0.0220775604248047 0.0179615020751953 0.6778564453125 0.0489501953125
-0.0558738708496094 0.0264549255371094 0.43487548828125 0.740234375
-0.0140819549560547 -0.0312232971191406 -0.285400390625 0.99591064453125
0.0414886474609375 -0.0267333984375 -0.663330078125 0.46771240234375
0.0834121704101563 0.0210800170898438 0.0698089599609375 0.077911376953125
0.072479248046875 -0.00940704345703125 0.78662109375 -0.45611572265625
0.0159988403320313 -0.0312519073486328 0.25146484375 -1.038818359375
-0.0421218872070313 -0.0127525329589844 -0.628662109375 -0.63153076171875
-0.0457534790039063 0.01434326171875 -0.65081787109375 0.13372802734375
-0.00407028198242187 0.0234928131103516 -0.306365966796875 0.407012939453125
0.0129842758178711 0.0111818313598633 0.059326171875 0.3033447265625
0.00817680358886719 -0.00946331024169922 0.236297607421875 0.05999755859375
0.00806903839111328 -0.0114917755126953 -0.186538696289063 -0.103851318359375
0.0279064178466797 0.00488471984863281 0.033203125 -0.301300048828125
0.0173702239990234 0.0117044448852539 0.374542236328125 -0.29388427734375
-0.017669677734375 0.0180988311767578 0.6766357421875 0.06781005859375
-0.055938720703125 0.0273170471191406 0.423583984375 0.76104736328125
-0.017181396484375 -0.0306987762451172 -0.30548095703125 1.003662109375
0.0389518737792969 -0.0258903503417969 -0.67584228515625 0.46221923828125
0.0821914672851563 0.0190582275390625 0.069549560546875 0.0736312866210938
0.0689964294433594 -0.0118179321289063 0.77593994140625 -0.468505859375
0.0136775970458984 -0.0281848907470703 0.22735595703125 -1.04278564453125
-0.0405464172363281 -0.00793075561523438 -0.64373779296875 -0.615966796875
-0.0418319702148438 0.0142250061035156 -0.65081787109375 0.15057373046875
-0.000795364379882815 0.0234642028808594 -0.30279541015625 0.41741943359375
0.017329216003418 0.0081644058227539 0.0660400390625 0.307830810546875
0.00559425354003906 -0.0102643966674805 0.238433837890625 0.0659332275390625
0.00683403015136719 -0.0146245956420898 -0.182846069335938 -0.10064697265625
0.0333042144775391 -5.7220458984375E-06 0.03521728515625 -0.297454833984375
0.02484130859375 0.00928688049316406 0.378509521484375 -0.286590576171875
-0.0133533477783203 0.0207004547119141 0.67498779296875 0.077392578125
-0.0526695251464844 0.0322914123535156 0.412841796875 0.77197265625
-0.0164585113525391 -0.0275421142578125 -0.323486328125 1.0081787109375
0.0365104675292969 -0.0294265747070313 -0.68524169921875 0.46051025390625
0.0820083618164063 0.015625 0.0704803466796875 0.0732574462890625
0.0671958923339844 -0.0154876708984375 0.7674560546875 -0.4720458984375
0.0119476318359375 -0.0253353118896484 0.20794677734375 -1.0400390625
-0.0365829467773438 -0.0042266845703125 -0.6527099609375 -0.60333251953125
-0.0342369079589844 0.017608642578125 -0.65118408203125 0.1597900390625
0.00401687622070312 0.0202465057373047 -0.3016357421875 0.4228515625
0.0202198028564453 0.00322341918945313 0.067413330078125 0.3125
0.00418281555175781 -0.0135126113891602 0.239608764648438 0.0694732666015625
0.00339317321777344 -0.0196361541748047 -0.182937622070313 -0.097503662109375
0.0363616943359375 -0.00331497192382813 0.036773681640625 -0.29461669921875
0.0343475341796875 0.00658035278320313 0.3775634765625 -0.280242919921875
-0.00341224670410156 0.0228099822998047 0.67401123046875 0.08514404296875
-0.0500411987304688 0.0412254333496094 0.40997314453125 0.7811279296875
-0.0187702178955078 -0.0245590209960938 -0.33319091796875 1.0098876953125
0.0302257537841797 -0.0328941345214844 -0.69171142578125 0.45843505859375
0.080047607421875 0.00962066650390625 0.0669479370117188 0.0744247436523438
0.0634498596191406 -0.0207252502441406 0.76422119140625 -0.47576904296875
0.0104961395263672 -0.0208282470703125 0.20635986328125 -1.0380859375
-0.032318115234375 0.00350189208984375 -0.6556396484375 -0.597900390625
-0.0241146087646484 0.0205364227294922 -0.65130615234375 0.1668701171875
0.0130491256713867 0.0171432495117188 -0.300537109375 0.4228515625
0.0236282348632813 -0.00041961669921875 0.06988525390625 0.31121826171875
-0.00129604339599609 -0.0158634185791016 0.239715576171875 0.0712738037109375
0.00137138366699219 -0.0233478546142578 -0.184616088867187 -0.0986175537109375
0.0407905578613281 -0.0122184753417969 0.035858154296875 -0.29693603515625
0.0394935607910156 -0.000225067138671875 0.376861572265625 -0.2811279296875
0.00721359252929688 0.0271949768066406 0.67315673828125 0.08697509765625
-0.0426063537597656 0.0510177612304687 0.407958984375 0.78192138671875
-0.0224456787109375 -0.0140781402587891 -0.33062744140625 1.01190185546875
0.0279369354248047 -0.0340862274169922 -0.689697265625 0.46392822265625
0.0787734985351563 0.00557708740234375 0.0676116943359375 0.0764541625976563
0.0599212646484375 -0.0200576782226563 0.76446533203125 -0.4736328125
0.00781631469726563 -0.0132608413696289 0.2064208984375 -1.03387451171875
-0.0277557373046875 0.0123920440673828 -0.65594482421875 -0.5968017578125
-0.0140476226806641 0.0197391510009766 -0.650634765625 0.1683349609375
0.0228919982910156 0.0133934020996094 -0.30108642578125 0.42327880859375
0.028076171875 -0.00909996032714844 0.067657470703125 0.309051513671875
-0.00379562377929688 -0.0207347869873047 0.239822387695312 0.0730133056640625
-0.00251007080078125 -0.0319900512695313 -0.186447143554688 -0.101547241210937
0.0420761108398438 -0.0175704956054688 0.031524658203125 -0.3004150390625
0.0503387451171875 -0.00384140014648438 0.3726806640625 -0.2877197265625
0.0134296417236328 0.0303764343261719 0.673828125 0.07904052734375
-0.0388221740722656 0.0617790222167969 0.41717529296875 0.7796630859375
-0.0255279541015625 -0.00786781311035156 -0.316650390625 1.01397705078125
0.0248794555664063 -0.0340824127197266 -0.68646240234375 0.46832275390625
0.0788726806640625 -0.002288818359375 0.0653915405273437 0.0784683227539063
0.0592308044433594 -0.0219841003417969 0.76788330078125 -0.46734619140625
0.00530576705932617 -0.00726032257080078 0.21881103515625 -1.0311279296875
-0.0239830017089844 0.0217456817626953 -0.65228271484375 -0.60302734375
-0.00602912902832031 0.0214557647705078 -0.65289306640625 0.159912109375
0.0288257598876953 0.00934982299804688 -0.30450439453125 0.41717529296875
0.0338726043701172 -0.0140171051025391 0.065887451171875 0.3077392578125
-0.00633811950683594 -0.0237445831298828 0.237472534179688 0.0711517333984375
0.00467872619628906 -0.0118837356567383 -0.197540283203125 -0.12725830078125
0.0277671813964844 0.000772476196289063 0.012969970703125 -0.330718994140625
0.0196094512939453 0.00874710083007812 0.35919189453125 -0.33197021484375
-0.0195903778076172 0.0190010070800781 0.68634033203125 0.01263427734375
-0.0545730590820313 0.0352020263671875 0.48046875 0.72186279296875
-0.0192909240722656 -0.0245990753173828 -0.233642578125 1.007568359375
0.0379676818847656 -0.0259246826171875 -0.64666748046875 0.4912109375
0.0833663940429688 0.023590087890625 0.076171875 0.084197998046875
0.0736160278320313 -0.00408172607421875 0.8157958984375 -0.44659423828125
0.0160274505615234 -0.0232582092285156 0.29058837890625 -1.05303955078125
-0.0411224365234375 -0.00794601440429687 -0.6170654296875 -0.664306640625
-0.0453872680664062 0.0161705017089844 -0.661376953125 0.1114501953125
-0.00529289245605469 0.0207633972167969 -0.323028564453125 0.395050048828125
0.0140790939331055 0.00680160522460938 0.05108642578125 0.29400634765625
0.00482940673828125 -0.0088653564453125 0.233657836914063 0.0486907958984375
0.00855922698974609 -0.0112428665161133 -0.195877075195313 -0.119476318359375
0.02679443359375 0.00532341003417969 0.019500732421875 -0.32080078125
0.0163145065307617 0.0130243301391602 0.364990234375 -0.320556640625
-0.0234642028808594 0.0187454223632812 0.6873779296875 0.0281982421875
-0.0581817626953125 0.0287437438964844 0.4659423828125 0.73431396484375
-0.0181427001953125 -0.0286121368408203 -0.25689697265625 1.0078125
0.0422248840332031 -0.0259780883789063 -0.6566162109375 0.48309326171875
0.085418701171875 0.023773193359375 0.074859619140625 0.0794525146484375
0.0757293701171875 -0.00766754150390625 0.8026123046875 -0.4598388671875
0.0160179138183594 -0.0265884399414062 0.26556396484375 -1.050537109375
-0.043426513671875 -0.0120391845703125 -0.6287841796875 -0.65020751953125
-0.0481109619140625 0.01397705078125 -0.658935546875 0.126220703125
-0.00776100158691407 0.0231456756591797 -0.315399169921875 0.40484619140625
0.0101985931396484 0.0109586715698242 0.057647705078125 0.299835205078125
0.00582456588745117 -0.00764656066894531 0.2354736328125 0.0549163818359375
0.00851821899414063 -0.0101795196533203 -0.19354248046875 -0.112335205078125
0.0263690948486328 0.00418663024902344 0.024261474609375 -0.314208984375
0.0157260894775391 0.0130987167358398 0.36962890625 -0.31158447265625
-0.0223445892333984 0.0195693969726563 0.68670654296875 0.0447998046875
-0.057098388671875 0.0265159606933594 0.45123291015625 0.747802734375
-0.0164413452148438 -0.0328350067138672 -0.2802734375 1.01007080078125
0.0389137268066406 -0.0283699035644531 -0.67047119140625 0.4775390625
0.0847854614257813 0.0216751098632813 0.0715408325195313 0.0780563354492188
0.0755691528320313 -0.00897216796875 0.7911376953125 -0.46405029296875
0.0171527862548828 -0.0307750701904297 0.24652099609375 -1.04888916015625
-0.041900634765625 -0.0121803283691406 -0.63702392578125 -0.6336669921875
-0.0468711853027344 0.0166893005371094 -0.65545654296875 0.1424560546875
-0.00610733032226563 0.0236682891845703 -0.306915283203125 0.4150390625
0.0139675140380859 0.0112533569335938 0.06524658203125 0.306304931640625
0.00623083114624023 -0.00696897506713867 0.2393798828125 0.0603179931640625
0.00861930847167969 -0.0120506286621094 -0.18707275390625 -0.10540771484375
0.0278949737548828 0.00234794616699219 0.030487060546875 -0.3067626953125
0.0179462432861328 0.0111446380615234 0.3765869140625 -0.30029296875
-0.0182723999023438 0.0187664031982422 0.68438720703125 0.063232421875
-0.0542945861816406 0.0297966003417969 0.43634033203125 0.76800537109375
-0.0142650604248047 -0.02996826171875 -0.30120849609375 1.01519775390625
0.0392417907714844 -0.0270118713378906 -0.6798095703125 0.4710693359375
0.0831832885742188 0.0181198120117188 0.0717010498046875 0.074066162109375
0.0732040405273438 -0.01324462890625 0.77838134765625 -0.474853515625
0.0147018432617187 -0.0293235778808594 0.2225341796875 -1.051025390625
-0.0405197143554687 -0.00826263427734375 -0.6519775390625 -0.61920166015625
-0.0416336059570313 0.0157012939453125 -0.65533447265625 0.15728759765625
-0.000703811645507812 0.0227413177490234 -0.3031005859375 0.424285888671875
0.0144777297973633 0.00990200042724609 0.066070556640625 0.312042236328125
0.00409221649169922 -0.00965404510498047 0.242218017578125 0.064208984375
0.00644397735595703 -0.0141782760620117 -0.186965942382813 -0.0989532470703125
0.0322418212890625 -8.20159912109375E-05 0.031707763671875 -0.301300048828125
0.0249481201171875 0.00930023193359375 0.378326416015625 -0.2908935546875
-0.0117359161376953 0.0209922790527344 0.68243408203125 0.07452392578125
-0.0505409240722656 0.0312042236328125 0.425537109375 0.77972412109375
-0.0164031982421875 -0.0280933380126953 -0.31988525390625 1.02069091796875
0.0351390838623047 -0.0310344696044922 -0.689453125 0.468994140625
0.0813446044921875 0.0141830444335937 0.0690689086914063 0.0732192993164063
0.0665626525878906 -0.0155563354492188 0.77069091796875 -0.48040771484375
0.0137844085693359 -0.0265903472900391 0.20660400390625 -1.04888916015625
-0.0378036499023438 -0.00555801391601562 -0.6619873046875 -0.60601806640625
-0.0330333709716797 0.0190563201904297 -0.654296875 0.1676025390625
0.00428009033203125 0.0191059112548828 -0.29901123046875 0.4288330078125
0.0188674926757813 0.0038299560546875 0.071380615234375 0.314727783203125
0.00262641906738281 -0.0131702423095703 0.242263793945313 0.069061279296875
0.00175857543945312 -0.0204410552978516 -0.189315795898438 -0.0984039306640625
0.0354270935058594 -0.00607681274414063 0.03314208984375 -0.298919677734375
0.0326156616210938 0.00647163391113281 0.378875732421875 -0.287994384765625
-0.00253868103027344 0.024139404296875 0.68212890625 0.08367919921875
-0.0481605529785156 0.0409278869628906 0.4193115234375 0.78460693359375
-0.0170764923095703 -0.0229816436767578 -0.3240966796875 1.02313232421875
0.0314407348632813 -0.0317478179931641 -0.6947021484375 0.46929931640625
0.0809326171875 0.008514404296875 0.0688858032226563 0.073028564453125
0.0645980834960938 -0.0193061828613281 0.76922607421875 -0.48248291015625
0.0101776123046875 -0.0200347900390625 0.19970703125 -1.0460205078125
-0.0335655212402344 0.00417518615722657 -0.66778564453125 -0.5982666015625
-0.0250225067138672 0.0190448760986328 -0.65673828125 0.17462158203125
0.014556884765625 0.0179958343505859 -0.295867919921875 0.431884765625
0.0252532958984375 0.000133514404296875 0.07232666015625 0.31536865234375
0.000182151794433592 -0.0149164199829102 0.242782592773438 0.070556640625
0.000976562500000003 -0.0254764556884766 -0.188323974609375 -0.0966796875
0.0399894714355469 -0.0118026733398438 0.030731201171875 -0.299652099609375
0.04254150390625 0.0019989013671875 0.377777099609375 -0.28704833984375
0.006622314453125 0.0251293182373047 0.68084716796875 0.0828857421875
-0.0425186157226563 0.0513267517089844 0.42132568359375 0.787353515625
-0.0188236236572266 -0.0161991119384766 -0.32611083984375 1.0263671875
0.0286750793457031 -0.0355224609375 -0.69525146484375 0.47259521484375
0.0795669555664063 0.004302978515625 0.06829833984375 0.0743942260742188
0.0603752136230469 -0.0201835632324219 0.77069091796875 -0.4830322265625
0.00738906860351563 -0.0146722793579102 0.20245361328125 -1.0450439453125
-0.0283584594726563 0.0102577209472656 -0.67010498046875 -0.59722900390625
-0.0146923065185547 0.0220203399658203 -0.6544189453125 0.17266845703125
0.0231952667236328 0.0142688751220703 -0.300201416015625 0.43084716796875
0.0278282165527344 -0.00763511657714844 0.0731201171875 0.314422607421875
-0.00407218933105469 -0.0214614868164062 0.242431640625 0.07208251953125
-0.00280380249023437 -0.0306148529052734 -0.1903076171875 -0.101760864257813
0.0432929992675781 -0.0184135437011719 0.02777099609375 -0.303802490234375
0.0490341186523438 -0.00355911254882813 0.37451171875 -0.2921142578125
0.0144386291503906 0.0313205718994141 0.6832275390625 0.07684326171875
-0.03729248046875 0.060028076171875 0.4288330078125 0.78271484375
-0.0216827392578125 -0.00823783874511719 -0.3104248046875 1.02777099609375
0.0228080749511719 -0.03582763671875 -0.68902587890625 0.47979736328125
0.07647705078125 -0.00102996826171875 0.06768798828125 0.0796966552734375
0.0585289001464844 -0.0209312438964844 0.7725830078125 -0.4736328125
0.00547599792480469 -0.00768089294433594 0.2142333984375 -1.0416259765625
-0.02520751953125 0.0215568542480469 -0.662109375 -0.603515625
-0.00426673889160156 0.0228805541992188 -0.65826416015625 0.16680908203125
0.0323829650878906 0.0101356506347656 -0.3038330078125 0.424591064453125
0.0314655303955078 -0.0135574340820313 0.068115234375 0.310821533203125
-0.00568580627441406 -0.0231800079345703 0.23876953125 0.0706634521484375
0.00689411163330078 -0.0129375457763672 -0.201416015625 -0.126983642578125
0.0265121459960938 -0.00101852416992188 0.00820922851562497 -0.333740234375
0.017115592956543 0.0106039047241211 0.3604736328125 -0.339752197265625
-0.0208282470703125 0.0222911834716797 0.69354248046875 0.005615234375
-0.0549812316894531 0.0359344482421875 0.49322509765625 0.72613525390625
-0.0178565979003906 -0.0234737396240234 -0.22564697265625 1.02142333984375
0.0357818603515625 -0.0253372192382813 -0.6448974609375 0.502197265625
0.0837173461914063 0.021759033203125 0.0770797729492188 0.0833969116210938
0.07476806640625 -0.00478363037109375 0.8182373046875 -0.45611572265625
0.0173263549804688 -0.0235176086425781 0.28411865234375 -1.064453125
-0.0419883728027344 -0.00543594360351562 -0.6278076171875 -0.667724609375
-0.0439453125 0.0172500610351562 -0.66741943359375 0.117919921875
-0.00504112243652344 0.0206527709960938 -0.319610595703125 0.403076171875
0.0146875381469727 0.00882720947265625 0.055328369140625 0.2989501953125
0.00298976898193359 -0.00961875915527344 0.236068725585938 0.0453948974609375
0.00745487213134766 -0.0101127624511719 -0.198089599609375 -0.12066650390625
0.0259151458740234 0.00259590148925781 0.01544189453125 -0.32745361328125
0.0138454437255859 0.0122385025024414 0.365875244140625 -0.3262939453125
-0.0227718353271484 0.0221920013427734 0.69189453125 0.02410888671875
-0.0555534362792969 0.029266357421875 0.4796142578125 0.73834228515625
-0.0157012939453125 -0.0282630920410156 -0.24609375 1.02447509765625
0.0416984558105469 -0.0276412963867188 -0.6583251953125 0.494140625
0.086212158203125 0.0208892822265625 0.0749588012695313 0.079925537109375
0.076385498046875 -0.00873565673828125 0.8062744140625 -0.46771240234375
0.0166645050048828 -0.0292911529541016 0.2601318359375 -1.064453125
-0.0436782836914063 -0.0105552673339844 -0.64227294921875 -0.65087890625
-0.0472412109375 0.0161018371582031 -0.665771484375 0.132080078125
-0.00640106201171875 0.0258255004882813 -0.312774658203125 0.413299560546875
0.0127391815185547 0.00986480712890625 0.06072998046875 0.302825927734375
0.0059051513671875 -0.0104494094848633 0.23773193359375 0.051361083984375
0.00666999816894531 -0.00949859619140625 -0.194915771484375 -0.110610961914063
0.0273571014404297 0.00496673583984375 0.019927978515625 -0.318115234375
0.0153541564941406 0.0122203826904297 0.36846923828125 -0.31512451171875
-0.0227909088134766 0.0180282592773437 0.692138671875 0.0391845703125
-0.05633544921875 0.0265617370605469 0.46075439453125 0.75262451171875
-0.0145835876464844 -0.0317363739013672 -0.27288818359375 1.02197265625
0.0386810302734375 -0.0279769897460938 -0.670654296875 0.4871826171875
0.0842056274414063 0.0230560302734375 0.07501220703125 0.0773773193359375
0.073699951171875 -0.0105514526367188 0.79486083984375 -0.476806640625
0.0167884826660156 -0.0306224822998047 0.2393798828125 -1.062744140625
-0.044586181640625 -0.0135154724121094 -0.64990234375 -0.6318359375
-0.0472793579101563 0.0174789428710938 -0.66094970703125 0.14703369140625
-0.00387001037597656 0.0244598388671875 -0.30377197265625 0.424896240234375
0.0128202438354492 0.00909137725830078 0.067626953125 0.3114013671875
0.00515079498291016 -0.01116943359375 0.242080688476563 0.0578155517578125
0.00641250610351562 -0.0122671127319336 -0.192642211914063 -0.103256225585938
0.0290145874023438 0.00368118286132813 0.027923583984375 -0.309326171875
0.0189208984375 0.0117206573486328 0.375701904296875 -0.30615234375
-0.0179710388183594 0.0218620300292969 0.6947021484375 0.05633544921875
-0.0545196533203125 0.030975341796875 0.451416015625 0.7716064453125
-0.0169181823730469 -0.0323333740234375 -0.2962646484375 1.03009033203125
0.0383224487304688 -0.0284690856933594 -0.68182373046875 0.48284912109375
0.0844802856445312 0.0177154541015625 0.0719146728515625 0.0749282836914062
0.0720596313476563 -0.0124359130859375 0.7841796875 -0.4874267578125
0.0152835845947266 -0.028900146484375 0.21588134765625 -1.06243896484375
-0.0413322448730469 -0.0100936889648437 -0.6676025390625 -0.6180419921875
-0.0412368774414063 0.0167884826660156 -0.6610107421875 0.16552734375
-0.00176429748535156 0.0225582122802734 -0.300140380859375 0.431854248046875
0.016352653503418 0.00936412811279297 0.07293701171875 0.315826416015625
0.00546169281005859 -0.00917339324951172 0.241729736328125 0.064208984375
0.00513267517089844 -0.0150947570800781 -0.191848754882813 -0.10028076171875
0.0305080413818359 -0.00101470947265625 0.03021240234375 -0.306427001953125
0.0244827270507813 0.00989151000976563 0.381927490234375 -0.300018310546875
-0.0134372711181641 0.0231380462646484 0.69049072265625 0.06903076171875
-0.0499954223632813 0.0339736938476562 0.43902587890625 0.78057861328125
-0.0155696868896484 -0.0273952484130859 -0.31292724609375 1.03460693359375
0.0356559753417969 -0.031036376953125 -0.6925048828125 0.48004150390625
0.08355712890625 0.014862060546875 0.0730514526367187 0.0731887817382813
0.067596435546875 -0.0169601440429688 0.77520751953125 -0.49249267578125
0.0112438201904297 -0.0240879058837891 0.19970703125 -1.0623779296875
-0.0360450744628906 -0.00221252441406249 -0.67626953125 -0.6046142578125
-0.0318107604980469 0.0178947448730469 -0.6583251953125 0.17742919921875
0.0067138671875 0.0231952667236328 -0.2996826171875 0.436981201171875
0.0191440582275391 0.0054168701171875 0.077880859375 0.3177490234375
0.00362014770507813 -0.0146799087524414 0.245086669921875 0.06781005859375
0.00257492065429688 -0.0214614868164062 -0.189590454101563 -0.095428466796875
0.0370216369628906 -0.0050201416015625 0.029876708984375 -0.303497314453125
0.0337696075439453 0.00608253479003906 0.380126953125 -0.2926025390625
-0.00311470031738281 0.0255508422851562 0.69287109375 0.07611083984375
-0.0476188659667969 0.0405731201171875 0.43408203125 0.79010009765625
-0.0164985656738281 -0.0224628448486328 -0.31622314453125 1.036865234375
0.0310287475585938 -0.0338840484619141 -0.6986083984375 0.47882080078125
0.0817947387695313 0.007080078125 0.0705642700195313 0.0750885009765625
0.0641136169433594 -0.0218544006347656 0.76910400390625 -0.4932861328125
0.00879287719726563 -0.0209579467773438 0.1929931640625 -1.05621337890625
-0.0343399047851563 0.00376701354980469 -0.67938232421875 -0.59686279296875
-0.023651123046875 0.0204696655273438 -0.6600341796875 0.1822509765625
0.0132770538330078 0.0164899826049805 -0.296234130859375 0.438751220703125
0.0214633941650391 -0.00168418884277344 0.07940673828125 0.31683349609375
-0.000577926635742186 -0.0162878036499023 0.244674682617187 0.06988525390625
0.000440597534179685 -0.0269889831542969 -0.19244384765625 -0.09637451171875
0.03900146484375 -0.0133323669433594 0.029754638671875 -0.302581787109375
0.0405426025390625 0.000804901123046875 0.378265380859375 -0.29498291015625
0.00494956970214844 0.0291938781738281 0.69207763671875 0.07525634765625
-0.0406455993652344 0.0515251159667969 0.43841552734375 0.7926025390625
-0.020660400390625 -0.0162162780761719 -0.31768798828125 1.037109375
0.0295352935791016 -0.0339393615722656 -0.695068359375 0.4840087890625
0.078125 0.00506591796875 0.0703887939453125 0.0764007568359375
0.0628890991210938 -0.0220603942871094 0.773681640625 -0.4912109375
0.00871849060058594 -0.0150032043457031 0.19384765625 -1.05303955078125
-0.0296516418457031 0.0137004852294922 -0.67974853515625 -0.59808349609375
-0.0146007537841797 0.0229625701904297 -0.66021728515625 0.1817626953125
0.0221462249755859 0.012481689453125 -0.2991943359375 0.439422607421875
0.0302715301513672 -0.00811004638671875 0.076507568359375 0.316650390625
-0.00591278076171875 -0.0184040069580078 0.244796752929688 0.0680389404296875
-0.00308609008789063 -0.0316276550292969 -0.195053100585938 -0.1007080078125
0.042694091796875 -0.0223579406738281 0.027069091796875 -0.30792236328125
0.0508270263671875 -0.00333404541015625 0.374420166015625 -0.299407958984375
0.0127773284912109 0.0294456481933594 0.6925048828125 0.0706787109375
-0.0380973815917969 0.0620574951171875 0.4434814453125 0.78692626953125
-0.0216693878173828 -0.00949668884277343 -0.30230712890625 1.0406494140625
0.0242271423339844 -0.0367355346679688 -0.69024658203125 0.48883056640625
0.0770797729492188 -0.0021514892578125 0.0710830688476563 0.0794525146484375
0.057464599609375 -0.0223655700683594 0.77532958984375 -0.484619140625
0.00729990005493164 -0.00678110122680664 0.20672607421875 -1.05474853515625
-0.0248126983642578 0.0230236053466797 -0.67449951171875 -0.60107421875
-0.00612258911132813 0.0248641967773437 -0.66290283203125 0.1763916015625
0.0287208557128906 0.00766944885253906 -0.305816650390625 0.434539794921875
0.0321083068847656 -0.0117855072021484 0.0728759765625 0.31268310546875
-0.00801658630371094 -0.0217876434326172 0.241134643554687 0.06719970703125
0.00426483154296875 -0.013707160949707 -0.208480834960938 -0.126754760742188
0.0267925262451172 -0.00186347961425781 0.00448608398437503 -0.337799072265625
0.0166397094726563 0.0093231201171875 0.3599853515625 -0.347991943359375
-0.0216331481933594 0.0234737396240234 0.702392578125 -0.0018310546875
-0.052001953125 0.0357894897460938 0.5081787109375 0.72711181640625
-0.0190658569335937 -0.0248985290527344 -0.21636962890625 1.03436279296875
0.0364303588867188 -0.0243110656738281 -0.64727783203125 0.51251220703125
0.0833282470703125 0.0218963623046875 0.0790176391601563 0.0855560302734375
0.07489013671875 -0.0066986083984375 0.81964111328125 -0.468017578125
0.0168514251708984 -0.0230464935302734 0.27496337890625 -1.0765380859375
-0.0422592163085938 -0.005615234375 -0.6458740234375 -0.6663818359375
-0.0458602905273437 0.0188865661621094 -0.6727294921875 0.12677001953125
-0.00333023071289062 0.0227584838867188 -0.316802978515625 0.410888671875
0.0134725570678711 0.00678539276123047 0.059539794921875 0.299957275390625
0.00395298004150391 -0.0101728439331055 0.238510131835938 0.0445404052734375
0.00717830657958984 -0.00935745239257813 -0.203399658203125 -0.120376586914063
0.0253467559814453 0.00262451171875 0.010528564453125 -0.330352783203125
0.0156736373901367 0.0131587982177734 0.364471435546875 -0.33428955078125
-0.0253772735595703 0.0207920074462891 0.70147705078125 0.0152587890625
-0.054168701171875 0.0298118591308594 0.49420166015625 0.7391357421875
-0.0152645111083984 -0.0287151336669922 -0.2392578125 1.03497314453125
0.039642333984375 -0.0274391174316406 -0.65911865234375 0.505126953125
0.084625244140625 0.02410888671875 0.0766830444335938 0.0817947387695313
0.076080322265625 -0.0075836181640625 0.80718994140625 -0.47833251953125
0.0183315277099609 -0.0279045104980469 0.25225830078125 -1.0751953125
-0.0436515808105469 -0.0100669860839844 -0.6556396484375 -0.64959716796875
-0.0499534606933594 0.0171852111816406 -0.6695556640625 0.142822265625
-0.007049560546875 0.0243568420410156 -0.30975341796875 0.42083740234375
0.0135383605957031 0.0103511810302734 0.06719970703125 0.30810546875
0.00362300872802734 -0.00954914093017578 0.241653442382813 0.0511627197265625
0.00500106811523438 -0.0108985900878906 -0.20184326171875 -0.11004638671875
0.0261611938476563 0.00339698791503906 0.01751708984375 -0.322357177734375
0.0130653381347656 0.0126304626464844 0.371124267578125 -0.3250732421875
-0.0233421325683594 0.0216445922851563 0.69964599609375 0.0311279296875
-0.0554618835449219 0.0287322998046875 0.4779052734375 0.75372314453125
-0.0129585266113281 -0.0318965911865234 -0.2647705078125 1.037353515625
0.0382537841796875 -0.0277328491210938 -0.67529296875 0.49993896484375
0.0840911865234375 0.0221633911132812 0.0742874145507813 0.0782470703125
0.075592041015625 -0.0110702514648438 0.7974853515625 -0.48626708984375
0.0176486968994141 -0.0288925170898437 0.23095703125 -1.07269287109375
-0.0436286926269531 -0.0111122131347656 -0.66326904296875 -0.630859375
-0.0480766296386719 0.0180015563964844 -0.66595458984375 0.15606689453125
-0.00329208374023437 0.0241069793701172 -0.301239013671875 0.432220458984375
0.0129499435424805 0.0127420425415039 0.0750732421875 0.31390380859375
0.00570487976074219 -0.00872707366943359 0.245849609375 0.0565948486328125
0.00432300567626953 -0.0134067535400391 -0.19873046875 -0.1031494140625
0.0280742645263672 0.00172233581542969 0.022064208984375 -0.313568115234375
0.0192718505859375 0.0115413665771484 0.376129150390625 -0.314697265625
-0.0199432373046875 0.0212326049804688 0.7017822265625 0.04791259765625
-0.0517005920410156 0.0306358337402344 0.46441650390625 0.7740478515625
-0.0127334594726562 -0.0307788848876953 -0.2845458984375 1.04376220703125
0.0371322631835938 -0.0312919616699219 -0.682861328125 0.4962158203125
0.0844802856445313 0.0167465209960938 0.073028564453125 0.07586669921875
0.0727462768554688 -0.0147857666015625 0.78375244140625 -0.4962158203125
0.0141067504882813 -0.0298919677734375 0.20751953125 -1.07403564453125
-0.0424346923828125 -0.0072174072265625 -0.6802978515625 -0.6163330078125
-0.0429153442382812 0.0182037353515625 -0.6661376953125 0.17327880859375
-0.000772476196289063 0.0229930877685547 -0.297515869140625 0.440093994140625
0.0153532028198242 0.00956058502197266 0.077117919921875 0.317413330078125
0.00339317321777344 -0.0105571746826172 0.243972778320312 0.06207275390625
0.00386333465576172 -0.0170497894287109 -0.194717407226562 -0.0996856689453125
0.0314369201660156 -0.00408744812011719 0.025543212890625 -0.308319091796875
0.0239601135253906 0.00759315490722656 0.380462646484375 -0.306488037109375
-0.0139102935791016 0.0226497650146484 0.70086669921875 0.06317138671875
-0.0492744445800781 0.0360832214355469 0.454833984375 0.78662109375
-0.0144081115722656 -0.0285625457763672 -0.30059814453125 1.04437255859375
0.0337905883789063 -0.0305252075195313 -0.694580078125 0.4906005859375
0.0832138061523438 0.0143661499023438 0.0711898803710938 0.0728607177734375
0.0693359375 -0.018798828125 0.7764892578125 -0.50225830078125
0.0142288208007812 -0.0251731872558594 0.1884765625 -1.0721435546875
-0.0394363403320313 -0.00240707397460938 -0.689453125 -0.6015625
-0.0339603424072266 0.0206050872802734 -0.66339111328125 0.1865234375
0.00531387329101563 0.0198249816894531 -0.29290771484375 0.447235107421875
0.0207042694091797 0.00385665893554688 0.0826416015625 0.3199462890625
0.000774383544921876 -0.0125284194946289 0.24774169921875 0.0652008056640625
-0.000478744506835938 -0.0214347839355469 -0.194869995117188 -0.0965728759765625
0.0360794067382812 -0.00872039794921875 0.02691650390625 -0.307220458984375
0.0331764221191406 0.00499534606933594 0.380615234375 -0.299102783203125
-0.00493621826171875 0.0263748168945313 0.70220947265625 0.07080078125
-0.0435943603515625 0.0423507690429688 0.44976806640625 0.79449462890625
-0.0147743225097656 -0.0241527557373047 -0.30804443359375 1.05047607421875
0.0289859771728516 -0.0337734222412109 -0.6983642578125 0.49139404296875
0.0792236328125 0.008209228515625 0.0714874267578125 0.074737548828125
0.0647659301757813 -0.0206031799316406 0.77471923828125 -0.50543212890625
0.0113124847412109 -0.0208702087402344 0.185791015625 -1.06939697265625
-0.0334739685058594 0.00726699829101562 -0.692138671875 -0.59503173828125
-0.0257835388183594 0.0220432281494141 -0.66363525390625 0.19140625
0.0160531997680664 0.0169172286987305 -0.293121337890625 0.448638916015625
0.0243129730224609 -0.000904083251953125 0.08416748046875 0.3221435546875
-0.00234699249267578 -0.0157499313354492 0.24908447265625 0.0676116943359375
-0.00435638427734375 -0.0264549255371094 -0.193161010742187 -0.094757080078125
0.0398826599121094 -0.0166740417480469 0.025054931640625 -0.307952880859375
0.0403633117675781 -0.000957489013671875 0.3802490234375 -0.30145263671875
0.00506210327148437 0.0295963287353516 0.69854736328125 0.0697021484375
-0.0391159057617188 0.0541458129882812 0.44842529296875 0.79583740234375
-0.017277717590332 -0.015955924987793 -0.30657958984375 1.05340576171875
0.02557373046875 -0.0352210998535156 -0.6976318359375 0.49322509765625
0.0791549682617188 0.0023193359375 0.0715713500976563 0.0756301879882813
0.0606918334960938 -0.0231170654296875 0.77276611328125 -0.50030517578125
0.00818061828613281 -0.014277458190918 0.18524169921875 -1.067626953125
-0.0300445556640625 0.0158519744873047 -0.69403076171875 -0.59326171875
-0.0133514404296875 0.02349853515625 -0.664306640625 0.19061279296875
0.0226726531982422 0.0143527984619141 -0.295867919921875 0.4481201171875
0.0296478271484375 -0.00806617736816406 0.080780029296875 0.320465087890625
-0.005615234375 -0.0178070068359375 0.246566772460938 0.0670928955078125
-0.0049591064453125 -0.0314521789550781 -0.197906494140625 -0.099273681640625
0.0423316955566406 -0.0205879211425781 0.021820068359375 -0.311126708984375
0.0491409301757813 -0.00401687622070313 0.375 -0.307220458984375
0.0131988525390625 0.0314674377441406 0.7012939453125 0.0628662109375
-0.0364952087402344 0.0644187927246094 0.4591064453125 0.792724609375
-0.020965576171875 -0.00894546508789062 -0.29364013671875 1.05609130859375
0.0213508605957031 -0.0370407104492187 -0.6925048828125 0.5
0.0772171020507813 -0.00251007080078125 0.0712356567382813 0.0781478881835938
0.0595626831054687 -0.0225410461425781 0.7794189453125 -0.49554443359375
0.00687313079833984 -0.00603294372558594 0.19921875 -1.06536865234375
-0.0243244171142578 0.0235691070556641 -0.68988037109375 -0.59906005859375
-0.00604629516601562 0.0230808258056641 -0.66876220703125 0.1839599609375
0.0308380126953125 0.00826835632324219 -0.30078125 0.44158935546875
0.0333690643310547 -0.0150928497314453 0.0771484375 0.318450927734375
-0.00714302062988281 -0.0225791931152344 0.243209838867188 0.0646514892578125
0.00450325012207031 -0.0115175247192383 -0.212127685546875 -0.125106811523438
0.0264625549316406 -0.00127601623535156 -0.000762939453124965 -0.341094970703125
0.0175266265869141 0.0111227035522461 0.3577880859375 -0.35418701171875
-0.0231113433837891 0.0217647552490234 0.70989990234375 -0.01116943359375
-0.0530281066894531 0.0362052917480469 0.52716064453125 0.7275390625
-0.0177574157714844 -0.0253562927246094 -0.1995849609375 1.04766845703125
0.0353965759277344 -0.0265884399414062 -0.646484375 0.52423095703125
0.0847091674804688 0.0231246948242188 0.080535888671875 0.0862350463867188
0.0761871337890625 -0.0076904296875 0.82318115234375 -0.4810791015625
0.0179214477539063 -0.023284912109375 0.2620849609375 -1.08868408203125
-0.04254150390625 -0.00482177734375 -0.658447265625 -0.662353515625
-0.0463294982910156 0.0183029174804687 -0.67626953125 0.1378173828125
-0.00464820861816406 0.0229625701904297 -0.313629150390625 0.422271728515625
0.0159950256347656 0.00822257995605469 0.064056396484375 0.304595947265625
0.00232410430908203 -0.0115823745727539 0.239990234375 0.041595458984375
0.00496387481689453 -0.0105447769165039 -0.207809448242188 -0.117950439453125
0.0261135101318359 0.0030059814453125 0.00588989257812504 -0.3333740234375
0.0138950347900391 0.0114707946777344 0.36328125 -0.34564208984375
-0.0235023498535156 0.0210704803466797 0.70758056640625 0.00653076171875
-0.053741455078125 0.0318832397460938 0.51116943359375 0.74029541015625
-0.0149116516113281 -0.0294170379638672 -0.224365234375 1.04913330078125
0.0363616943359375 -0.0256919860839844 -0.6578369140625 0.51800537109375
0.0850448608398438 0.0219192504882813 0.0773468017578125 0.0823287963867188
0.0754547119140625 -0.00872039794921875 0.81103515625 -0.49090576171875
0.0172538757324219 -0.0290164947509766 0.2413330078125 -1.08770751953125
-0.0449752807617188 -0.00865554809570313 -0.67108154296875 -0.6453857421875
-0.0487556457519531 0.0190048217773437 -0.67327880859375 0.1527099609375
-0.0066680908203125 0.0244674682617188 -0.306427001953125 0.430694580078125
0.0139846801757812 0.0109262466430664 0.071197509765625 0.31011962890625
0.00410652160644531 -0.00900459289550781 0.246124267578125 0.0467529296875
0.00787258148193359 -0.0106983184814453 -0.205337524414063 -0.110305786132812
0.0265464782714844 0.00254058837890625 0.01031494140625 -0.32708740234375
0.0137357711791992 0.012603759765625 0.370574951171875 -0.33245849609375
-0.0242061614990234 0.0214748382568359 0.70928955078125 0.02227783203125
-0.0535240173339844 0.029388427734375 0.496337890625 0.75579833984375
-0.0140018463134766 -0.0321731567382813 -0.2489013671875 1.0504150390625
0.0372543334960938 -0.0292320251464844 -0.671630859375 0.511474609375
0.0860977172851563 0.0215225219726563 0.074066162109375 0.078125
0.0771102905273437 -0.0124435424804687 0.7958984375 -0.49822998046875
0.0154552459716797 -0.0306568145751953 0.219482421875 -1.08367919921875
-0.0441017150878906 -0.00970458984375 -0.6798095703125 -0.62890625
-0.0486221313476563 0.0180091857910156 -0.67071533203125 0.16949462890625
-0.00518798828125 0.0249919891357422 -0.297760009765625 0.4398193359375
0.0151615142822266 0.0119466781616211 0.081390380859375 0.316558837890625
0.00263071060180664 -0.00746297836303711 0.247543334960938 0.052398681640625
0.00563812255859375 -0.0121479034423828 -0.200546264648438 -0.101303100585938
0.0278701782226563 -0.000192642211914063 0.0186767578125 -0.320068359375
0.0176544189453125 0.0119953155517578 0.375396728515625 -0.324127197265625
-0.0195827484130859 0.0218601226806641 0.7103271484375 0.04205322265625
-0.0513038635253906 0.0315780639648438 0.48211669921875 0.77655029296875
-0.0135059356689453 -0.0313892364501953 -0.26971435546875 1.05816650390625
0.0352401733398438 -0.0298538208007812 -0.6844482421875 0.5081787109375
0.0826492309570313 0.0161209106445313 0.0741348266601563 0.0760345458984375
0.0736083984375 -0.0164337158203125 0.78680419921875 -0.508056640625
0.0166358947753906 -0.0300693511962891 0.196044921875 -1.08642578125
-0.0408515930175781 -0.00745391845703124 -0.6943359375 -0.6102294921875
-0.0415802001953125 0.0183334350585938 -0.668701171875 0.18377685546875
0.000345230102539064 0.0241184234619141 -0.29522705078125 0.452606201171875
0.0178794860839844 0.00957489013671875 0.081695556640625 0.31903076171875
0.00477695465087891 -0.0125846862792969 0.248550415039063 0.05657958984375
0.00219535827636719 -0.0159196853637695 -0.200286865234375 -0.09716796875
0.0296592712402344 -0.00220108032226563 0.02081298828125 -0.31304931640625
0.0221633911132813 0.00919914245605469 0.38018798828125 -0.31414794921875
-0.0142936706542969 0.023468017578125 0.7088623046875 0.05242919921875
-0.04730224609375 0.0372276306152344 0.4735107421875 0.78814697265625
-0.0154819488525391 -0.0281448364257813 -0.29052734375 1.06195068359375
0.0349445343017578 -0.0328521728515625 -0.6942138671875 0.503173828125
0.0814285278320313 0.00989532470703125 0.0734405517578125 0.0747756958007813
0.0708770751953125 -0.01837158203125 0.7767333984375 -0.5137939453125
0.014190673828125 -0.0252399444580078 0.17559814453125 -1.08258056640625
-0.0371932983398437 -0.000518798828125006 -0.7034912109375 -0.59722900390625
-0.0353126525878906 0.020599365234375 -0.66473388671875 0.19683837890625
0.00597953796386719 0.0212593078613281 -0.290557861328125 0.457000732421875
0.0198917388916016 0.00467300415039062 0.087066650390625 0.323150634765625
-0.000924110412597656 -0.0130338668823242 0.252273559570313 0.0632171630859375
-0.00182914733886719 -0.0213203430175781 -0.1995849609375 -0.0947723388671875
0.0351524353027344 -0.00931930541992188 0.0223388671875 -0.30877685546875
0.0317611694335938 0.00390625 0.38134765625 -0.3096923828125
-0.00289535522460938 0.0280113220214844 0.70806884765625 0.060791015625
-0.0426445007324219 0.0434494018554688 0.467041015625 0.7955322265625
-0.0160045623779297 -0.0231208801269531 -0.29425048828125 1.06561279296875
0.0286006927490234 -0.0343189239501953 -0.69512939453125 0.50555419921875
0.0788040161132813 0.00670623779296875 0.0729904174804688 0.0761566162109375
0.0660820007324219 -0.0217475891113281 0.77197265625 -0.51715087890625
0.0100994110107422 -0.0206089019775391 0.1732177734375 -1.0810546875
-0.0348834991455078 0.00820350646972656 -0.7052001953125 -0.59222412109375
-0.02490234375 0.0209560394287109 -0.67120361328125 0.20281982421875
0.0143356323242188 0.0182075500488281 -0.289276123046875 0.4578857421875
0.0247554779052734 -0.000925064086914063 0.08856201171875 0.324676513671875
-0.00337886810302734 -0.014739990234375 0.251327514648438 0.06341552734375
-0.00194931030273437 -0.0277614593505859 -0.199356079101562 -0.0935821533203125
0.03814697265625 -0.01593017578125 0.020538330078125 -0.31097412109375
0.0422477722167969 -0.000659942626953125 0.3779296875 -0.309478759765625
0.00525665283203125 0.0324115753173828 0.7078857421875 0.0621337890625
-0.036346435546875 0.054931640625 0.4683837890625 0.80029296875
-0.0154266357421875 -0.0184440612792969 -0.29156494140625 1.06683349609375
0.0241737365722656 -0.0364265441894531 -0.6993408203125 0.5086669921875
0.0782318115234375 0.0020751953125 0.0730133056640625 0.0778274536132812
0.0616035461425781 -0.0226364135742187 0.77392578125 -0.51727294921875
0.00897026062011719 -0.0145959854125977 0.17529296875 -1.07684326171875
-0.0267772674560547 0.0161361694335937 -0.7071533203125 -0.59063720703125
-0.0162448883056641 0.0244693756103516 -0.66888427734375 0.20220947265625
0.0233516693115234 0.0121212005615234 -0.29071044921875 0.4580078125
0.0281314849853516 -0.007293701171875 0.087493896484375 0.322723388671875
-0.00699424743652344 -0.0188541412353516 0.248947143554687 0.0647735595703125
-0.0081787109375 -0.0328769683837891 -0.201416015625 -0.0966949462890625
0.0404739379882813 -0.0229377746582031 0.017242431640625 -0.315765380859375
0.0470428466796875 -0.00507354736328125 0.37371826171875 -0.315216064453125
0.0155010223388672 0.0347232818603516 0.71044921875 0.05419921875
-0.0355720520019531 0.0661163330078125 0.4755859375 0.79193115234375
-0.0197792053222656 -0.00939369201660156 -0.28094482421875 1.06976318359375
0.0211601257324219 -0.0370063781738281 -0.6934814453125 0.51214599609375
0.0760574340820313 -0.00324249267578125 0.0747756958007813 0.0797348022460938
0.0579032897949219 -0.0224990844726562 0.77880859375 -0.508056640625
0.00772762298583984 -0.00893783569335938 0.18505859375 -1.07763671875
-0.0227546691894531 0.0252876281738281 -0.70379638671875 -0.59765625
-0.00556373596191406 0.0256805419921875 -0.6717529296875 0.1959228515625
0.0320014953613281 0.00888633728027344 -0.29815673828125 0.45184326171875
0.0328769683837891 -0.0135841369628906 0.086273193359375 0.3193359375
-0.0106868743896484 -0.0217227935791016 0.247482299804688 0.0611724853515625
0.00294017791748047 -0.0134153366088867 -0.216262817382812 -0.123565673828125
0.024505615234375 -0.003936767578125 -0.00823974609375 -0.34564208984375
0.017085075378418 0.00973987579345703 0.354278564453125 -0.36376953125
-0.0206985473632813 0.0242080688476562 0.71600341796875 -0.02301025390625
-0.0506553649902344 0.0381011962890625 0.54461669921875 0.7235107421875
-0.0156269073486328 -0.0251579284667969 -0.18414306640625 1.05718994140625
0.0336341857910156 -0.0269107818603516 -0.64227294921875 0.53662109375
0.0855560302734375 0.0208206176757813 0.0800323486328125 0.0848388671875
0.0751571655273438 -0.00730133056640625 0.820556640625 -0.4952392578125
0.0195121765136719 -0.022491455078125 0.25079345703125 -1.1015625
-0.0443611145019531 -0.00352096557617187 -0.6719970703125 -0.6580810546875
-0.0464630126953125 0.02154541015625 -0.67822265625 0.15093994140625
-0.00437736511230469 0.0228481292724609 -0.309356689453125 0.430389404296875
0.0164566040039063 0.00558948516845703 0.071533203125 0.305206298828125
-9.44137573242182E-05 -0.0110263824462891 0.242828369140625 0.0400390625
0.00411033630371094 -0.0101041793823242 -0.212539672851562 -0.115432739257813
0.0245456695556641 0.00214004516601563 9.15527343750192E-05 -0.33453369140625
0.0131330490112305 0.0112752914428711 0.3629150390625 -0.353973388671875
-0.0262813568115234 0.0241794586181641 0.7171630859375 -0.00567626953125
-0.0521278381347656 0.0326614379882812 0.52764892578125 0.73809814453125
-0.0140285491943359 -0.0286808013916016 -0.20806884765625 1.0589599609375
0.0366897583007813 -0.02728271484375 -0.6527099609375 0.53204345703125
0.0857696533203125 0.0215606689453125 0.0780792236328125 0.0800552368164063
0.0776519775390625 -0.0107803344726563 0.80865478515625 -0.50396728515625
0.0188884735107422 -0.0281333923339844 0.2269287109375 -1.09893798828125
-0.0452957153320312 -0.00713348388671875 -0.6844482421875 -0.639892578125
-0.0489234924316406 0.0200576782226563 -0.67626953125 0.16510009765625
-0.006500244140625 0.0251445770263672 -0.301727294921875 0.438995361328125
0.0128955841064453 0.00995540618896484 0.07891845703125 0.31280517578125
0.00147819519042969 -0.009368896484375 0.245452880859375 0.043701171875
0.00363349914550781 -0.012272834777832 -0.20806884765625 -0.107009887695313
0.0249595642089844 0.000844955444335938 0.00836181640625001 -0.328338623046875
0.0133733749389648 0.0121059417724609 0.366424560546875 -0.34197998046875
-0.0244064331054687 0.0236034393310547 0.7156982421875 0.0111083984375
-0.0520477294921875 0.0310249328613281 0.51165771484375 0.75323486328125
-0.0119667053222656 -0.0309848785400391 -0.23431396484375 1.06103515625
0.0351028442382813 -0.0276393890380859 -0.6689453125 0.525146484375
0.0856399536132813 0.0191497802734375 0.0778350830078125 0.075836181640625
0.0745925903320313 -0.0143051147460938 0.79437255859375 -0.51263427734375
0.0167789459228516 -0.031585693359375 0.2044677734375 -1.0936279296875
-0.0441436767578125 -0.00819015502929687 -0.69085693359375 -0.62225341796875
-0.046295166015625 0.0209693908691406 -0.67352294921875 0.18212890625
-0.00494194030761719 0.0258369445800781 -0.29388427734375 0.45037841796875
0.0155925750732422 0.0112161636352539 0.0849609375 0.3172607421875
0.00259160995483398 -0.00792455673217773 0.249679565429687 0.049407958984375
0.00286769866943359 -0.0107183456420898 -0.203338623046875 -0.097747802734375
0.0271186828613281 0.000186920166015625 0.0120849609375 -0.31964111328125
0.0145444869995117 0.0107097625732422 0.374267578125 -0.333221435546875
-0.0214900970458984 0.0222015380859375 0.7181396484375 0.02935791015625
-0.0500946044921875 0.0329780578613281 0.502197265625 0.77545166015625
-0.0117568969726562 -0.0337276458740234 -0.25494384765625 1.06903076171875
0.0353851318359375 -0.0300064086914062 -0.6787109375 0.51953125
0.0845565795898438 0.0160446166992188 0.0744400024414063 0.0743255615234375
0.0729827880859375 -0.0179214477539063 0.7822265625 -0.52392578125
0.0160541534423828 -0.0309848785400391 0.18121337890625 -1.09564208984375
-0.0443840026855469 -0.00754547119140625 -0.707763671875 -0.60650634765625
-0.0424232482910156 0.02069091796875 -0.67071533203125 0.1986083984375
0.000345230102539061 0.0227565765380859 -0.290313720703125 0.458404541015625
0.0163650512695313 0.00840568542480469 0.08953857421875 0.323089599609375
0.00164890289306641 -0.0110645294189453 0.251174926757813 0.05438232421875
0.00145721435546875 -0.0149650573730469 -0.202239990234375 -0.09326171875
0.0292167663574219 -0.00496673583984375 0.015289306640625 -0.3170166015625
0.0241622924804688 0.00813484191894531 0.37982177734375 -0.323150634765625
-0.0134658813476562 0.0246124267578125 0.71661376953125 0.0445556640625
-0.0468978881835937 0.0382461547851563 0.4935302734375 0.78564453125
-0.0106964111328125 -0.0281753540039063 -0.27276611328125 1.07275390625
0.0320320129394531 -0.0314235687255859 -0.69085693359375 0.51776123046875
0.0827255249023438 0.00998687744140625 0.074188232421875 0.0737228393554688
0.0698890686035156 -0.0201148986816406 0.774658203125 -0.52838134765625
0.0144004821777344 -0.0275611877441406 0.1629638671875 -1.0914306640625
-0.0397529602050781 4.57763671875018E-05 -0.7177734375 -0.59136962890625
-0.034881591796875 0.0222949981689453 -0.66839599609375 0.2088623046875
0.00831985473632813 0.0211067199707031 -0.284027099609375 0.464599609375
0.0216903686523438 0.00414848327636719 0.094390869140625 0.32550048828125
8.39233398437508E-05 -0.0135927200317383 0.254638671875 0.0598297119140625
-0.003387451171875 -0.0211811065673828 -0.203704833984375 -0.0923614501953125
0.0321922302246094 -0.00985908508300781 0.01702880859375 -0.31109619140625
0.0317974090576172 0.00255966186523438 0.379364013671875 -0.3201904296875
-0.00502967834472656 0.0275001525878906 0.7174072265625 0.05157470703125
-0.0420074462890625 0.0472869873046875 0.48291015625 0.7972412109375
-0.0135345458984375 -0.0247821807861328 -0.28179931640625 1.0784912109375
0.0278358459472656 -0.0322933197021484 -0.69525146484375 0.5164794921875
0.0794677734375 0.00586700439453125 0.0734100341796875 0.0750961303710938
0.0643501281738281 -0.0211334228515625 0.76983642578125 -0.531005859375
0.0109615325927734 -0.0198841094970703 0.15692138671875 -1.08685302734375
-0.0324287414550781 0.00749588012695313 -0.72064208984375 -0.58502197265625
-0.0245513916015625 0.0238780975341797 -0.66949462890625 0.214111328125
0.0150241851806641 0.0167827606201172 -0.282073974609375 0.468292236328125
0.0250530242919922 -0.003448486328125 0.095245361328125 0.3251953125
-0.00457572937011719 -0.015772819519043 0.255966186523438 0.0611114501953125
-0.00513267517089844 -0.0249805450439453 -0.202392578125 -0.0931854248046875
0.0386695861816406 -0.0150566101074219 0.015899658203125 -0.31561279296875
0.0415992736816406 -0.0003662109375 0.37432861328125 -0.31842041015625
0.00581741333007813 0.03070068359375 0.7166748046875 0.05108642578125
-0.0356254577636719 0.0586814880371094 0.48748779296875 0.794921875
-0.0163669586181641 -0.0176429748535156 -0.278564453125 1.08050537109375
0.0241012573242188 -0.035308837890625 -0.6942138671875 0.5211181640625
0.07843017578125 0.00087738037109375 0.0732650756835938 0.0742874145507813
0.0631790161132813 -0.02532958984375 0.77166748046875 -0.52947998046875
0.0104799270629883 -0.0129661560058594 0.16217041015625 -1.08868408203125
-0.0281219482421875 0.0180320739746094 -0.72235107421875 -0.58392333984375
-0.0150890350341797 0.0244274139404297 -0.67034912109375 0.2171630859375
0.0240287780761719 0.0112743377685547 -0.284454345703125 0.464874267578125
0.0296916961669922 -0.00929069519042969 0.09478759765625 0.3250732421875
-0.00959968566894531 -0.0184116363525391 0.254669189453125 0.059173583984375
-0.00850296020507813 -0.0318527221679688 -0.205764770507813 -0.0970458984375
0.0427780151367188 -0.0234146118164062 0.01202392578125 -0.319244384765625
0.0473976135253906 -0.00588607788085937 0.37237548828125 -0.32373046875
0.01385498046875 0.0348567962646484 0.71588134765625 0.043701171875
-0.0312843322753906 0.0656394958496094 0.494140625 0.7906494140625
-0.0162925720214844 -0.00994300842285156 -0.26446533203125 1.08233642578125
0.0187339782714844 -0.0378189086914063 -0.68841552734375 0.52618408203125
0.0766830444335937 -0.0046539306640625 0.0749359130859375 0.0791854858398438
0.0605392456054688 -0.0242042541503906 0.77703857421875 -0.52191162109375
0.00710058212280273 -0.0066218376159668 0.17083740234375 -1.08709716796875
-0.0237369537353516 0.0270805358886719 -0.717041015625 -0.589111328125
-0.00649261474609375 0.02716064453125 -0.67291259765625 0.2088623046875
0.0308876037597656 0.00959014892578125 -0.290313720703125 0.4609375
0.0340805053710938 -0.0130481719970703 0.09124755859375 0.32086181640625
-0.0113601684570312 -0.0216655731201172 0.251174926757813 0.05938720703125
4.00543212890612E-05 -0.0131397247314453 -0.221084594726563 -0.120849609375
0.0242443084716797 -0.00244712829589844 -0.01409912109375 -0.34625244140625
0.0175533294677734 0.0107297897338867 0.35308837890625 -0.373504638671875
-0.0231056213378906 0.0267772674560547 0.7191162109375 -0.03509521484375
-0.0476722717285156 0.0399360656738281 0.56011962890625 0.71783447265625
-0.0142936706542969 -0.0247440338134766 -0.16888427734375 1.06573486328125
0.0339241027832031 -0.0258636474609375 -0.635986328125 0.5517578125
0.0840988159179688 0.0202178955078125 0.0817718505859375 0.0853805541992188
0.076568603515625 -0.00765228271484375 0.81695556640625 -0.50848388671875
0.020355224609375 -0.0241317749023437 0.23419189453125 -1.110107421875
-0.0419960021972656 -0.00226974487304687 -0.68878173828125 -0.65045166015625
-0.0455513000488281 0.022491455078125 -0.68060302734375 0.16302490234375
-0.00489616394042968 0.0233840942382813 -0.3016357421875 0.4388427734375
0.0157556533813477 0.00764846801757813 0.078216552734375 0.307647705078125
0.00189495086669922 -0.00962257385253906 0.244903564453125 0.03485107421875
0.00108623504638672 -0.0115289688110352 -0.214675903320312 -0.112823486328125
0.0247554779052734 0.00160408020019531 -0.0069580078125 -0.3382568359375
0.012969970703125 0.0146036148071289 0.35968017578125 -0.361297607421875
-0.0254249572753906 0.0238304138183594 0.72357177734375 -0.01690673828125
-0.0519561767578125 0.0350418090820313 0.54815673828125 0.73114013671875
-0.0148677825927734 -0.0304279327392578 -0.18865966796875 1.06878662109375
0.0354118347167969 -0.02838134765625 -0.64697265625 0.54473876953125
0.0848846435546875 0.0197830200195313 0.0791702270507813 0.0802993774414063
0.0795364379882812 -0.0118560791015625 0.805419921875 -0.51702880859375
0.0180072784423828 -0.0300140380859375 0.2083740234375 -1.10589599609375
-0.0458030700683594 -0.00659179687500001 -0.6973876953125 -0.6318359375
-0.04901123046875 0.0212745666503906 -0.6749267578125 0.17730712890625
-0.00559234619140625 0.02392578125 -0.294769287109375 0.44873046875
0.0158605575561523 0.00949668884277344 0.086639404296875 0.312835693359375
0.00195980072021485 -0.00996208190917969 0.248306274414063 0.03955078125
0.00478649139404297 -0.00986576080322266 -0.215179443359375 -0.104583740234375
0.0229511260986328 0.001739501953125 0.000610351562500031 -0.32916259765625
0.0134687423706055 0.0127725601196289 0.364990234375 -0.351348876953125
-0.0232810974121094 0.0222187042236328 0.72052001953125 -0.000854492187499998
-0.0491104125976563 0.0298500061035156 0.5301513671875 0.7493896484375
-0.011627197265625 -0.0345554351806641 -0.21417236328125 1.06903076171875
0.0369529724121094 -0.0296287536621094 -0.6629638671875 0.5369873046875
0.0843734741210938 0.01849365234375 0.0786666870117188 0.07568359375
0.0765151977539062 -0.01312255859375 0.7919921875 -0.525634765625
0.0174713134765625 -0.030975341796875 0.18768310546875 -1.09967041015625
-0.0452346801757813 -0.00625991821289062 -0.70660400390625 -0.61102294921875
-0.0474891662597656 0.0250282287597656 -0.6734619140625 0.19342041015625
-0.00470161437988281 0.0228023529052734 -0.288726806640625 0.456024169921875
0.0134410858154297 0.0099954605102539 0.09356689453125 0.318084716796875
0.00224781036376953 -0.00817584991455078 0.25152587890625 0.0450286865234375
0.00365066528320313 -0.0111188888549805 -0.207550048828125 -0.0973968505859375
0.0239620208740234 0.000284194946289063 0.00683593749999997 -0.323760986328125
0.0175914764404297 0.0121936798095703 0.369842529296875 -0.341583251953125
-0.0217456817626953 0.0224246978759766 0.72314453125 0.01708984375
-0.0486640930175781 0.0325508117675781 0.52008056640625 0.7691650390625
-0.0107917785644531 -0.0339183807373047 -0.2369384765625 1.0777587890625
0.0345745086669922 -0.0292510986328125 -0.6748046875 0.53338623046875
0.0818405151367188 0.0157241821289063 0.077117919921875 0.07208251953125
0.0744400024414063 -0.0201187133789063 0.77752685546875 -0.537109375
0.0162429809570313 -0.0299816131591797 0.16705322265625 -1.1033935546875
-0.0414505004882813 -0.00516128540039062 -0.724609375 -0.59735107421875
-0.0425529479980469 0.0240478515625 -0.67327880859375 0.21112060546875
-0.000574111938476561 0.0240039825439453 -0.280670166015625 0.46917724609375
0.0182838439941406 0.00756454467773437 0.097503662109375 0.32098388671875
0.000233650207519532 -0.0108890533447266 0.249526977539063 0.0512237548828125
0.00131416320800781 -0.0158472061157227 -0.205963134765625 -0.093048095703125
0.0285739898681641 -0.00461387634277344 0.00762939453124999 -0.318145751953125
0.0222568511962891 0.00778579711914062 0.374114990234375 -0.3345947265625
-0.0114612579345703 0.0269336700439453 0.72027587890625 0.0311279296875
-0.0418624877929687 0.0359001159667969 0.50848388671875 0.78277587890625
-0.0109519958496094 -0.0305633544921875 -0.25494384765625 1.08673095703125
0.0302333831787109 -0.0301933288574219 -0.68389892578125 0.5308837890625
0.0823287963867188 0.0099639892578125 0.0782089233398438 0.0694580078125
0.0692329406738281 -0.0217704772949219 0.7696533203125 -0.54046630859375
0.0139732360839844 -0.0264568328857422 0.1474609375 -1.09881591796875
-0.0397872924804688 0.00223541259765625 -0.73321533203125 -0.5806884765625
-0.0366363525390625 0.0232810974121094 -0.66748046875 0.2200927734375
0.00679206848144531 0.0208377838134766 -0.2777099609375 0.474273681640625
0.0209636688232422 0.00263595581054688 0.102630615234375 0.3226318359375
-0.00304317474365234 -0.0144939422607422 0.255279541015625 0.053955078125
-0.00406837463378906 -0.0204334259033203 -0.205001831054688 -0.0909423828125
0.0319175720214844 -0.00896263122558594 0.00918579101562502 -0.31396484375
0.029388427734375 0.00409126281738281 0.375640869140625 -0.329833984375
-0.00435066223144531 0.0269908905029297 0.72222900390625 0.04046630859375
-0.0379409790039063 0.0463981628417969 0.503662109375 0.79205322265625
-0.01251220703125 -0.0257434844970703 -0.2640380859375 1.089599609375
0.0269851684570312 -0.0351390838623047 -0.691162109375 0.53216552734375
0.0791168212890625 0.00391387939453125 0.0756149291992188 0.0708236694335938
0.0659294128417969 -0.0237236022949219 0.76593017578125 -0.5435791015625
0.013519287109375 -0.0223293304443359 0.142822265625 -1.09619140625
-0.0310840606689453 0.00881004333496094 -0.73486328125 -0.57666015625
-0.0235157012939453 0.0247325897216797 -0.6688232421875 0.22772216796875
0.0175552368164063 0.0187644958496094 -0.27569580078125 0.473876953125
0.0261917114257813 -0.00157737731933594 0.104095458984375 0.325225830078125
-0.00602436065673828 -0.0134477615356445 0.253463745117188 0.05535888671875
-0.00628089904785156 -0.0251293182373047 -0.206573486328125 -0.08819580078125
0.0377616882324219 -0.0164985656738281 0.007659912109375 -0.316009521484375
0.0387191772460938 -0.00213241577148438 0.3712158203125 -0.32708740234375
0.005218505859375 0.0329990386962891 0.72052001953125 0.0396728515625
-0.0330581665039062 0.0579338073730469 0.5062255859375 0.79364013671875
-0.0157814025878906 -0.0177574157714844 -0.25799560546875 1.09112548828125
0.0216102600097656 -0.0359306335449219 -0.68768310546875 0.53497314453125
0.075408935546875 -0.00086212158203125 0.0764541625976563 0.07470703125
0.0629959106445313 -0.02386474609375 0.76641845703125 -0.54296875
0.0122861862182617 -0.0150089263916016 0.14593505859375 -1.0911865234375
-0.0294704437255859 0.01812744140625 -0.73687744140625 -0.574951171875
-0.0150032043457031 0.0254859924316406 -0.6728515625 0.22747802734375
0.0238456726074219 0.0132236480712891 -0.279327392578125 0.4739990234375
0.0294113159179687 -0.00749397277832031 0.101348876953125 0.324798583984375
-0.00928306579589844 -0.0173482894897461 0.25469970703125 0.057952880859375
-0.0111675262451172 -0.0304069519042969 -0.209808349609375 -0.0909881591796875
0.0400352478027344 -0.0230026245117188 0.00570678710937498 -0.31988525390625
0.0459213256835938 -0.0088348388671875 0.367828369140625 -0.33233642578125
0.0156497955322266 0.0342006683349609 0.7213134765625 0.03045654296875
-0.027252197265625 0.0680618286132813 0.51446533203125 0.78912353515625
-0.0172605514526367 -0.00828170776367188 -0.24847412109375 1.09228515625
0.0178375244140625 -0.0364952087402344 -0.68359375 0.54132080078125
0.0758590698242188 -0.0044403076171875 0.075927734375 0.0796279907226563
0.0601577758789063 -0.0242042541503906 0.7734375 -0.53485107421875
0.00983619689941406 -0.00764083862304688 0.15399169921875 -1.0936279296875
-0.0241756439208984 0.0254669189453125 -0.73297119140625 -0.57940673828125
-0.00468063354492188 0.0281772613525391 -0.67218017578125 0.22235107421875
0.0323581695556641 0.00728416442871094 -0.2823486328125 0.466796875
0.0346851348876953 -0.013824462890625 0.09906005859375 0.322357177734375
-0.0140151977539063 -0.0213146209716797 0.252487182617188 0.0575103759765625
-0.000992774963378907 -0.0121326446533203 -0.220687866210938 -0.117706298828125
0.0227584838867188 -0.00205230712890625 -0.0224609375 -0.346405029296875
0.0141496658325195 0.0108823776245117 0.345245361328125 -0.381683349609375
-0.0217800140380859 0.0252361297607422 0.72406005859375 -0.0472412109375
-0.0464439392089844 0.0405158996582031 0.57867431640625 0.7103271484375
-0.0144252777099609 -0.0265216827392578 -0.15032958984375 1.0732421875
0.0339374542236328 -0.0273017883300781 -0.62738037109375 0.56390380859375
0.0834808349609375 0.0200424194335938 0.0844879150390625 0.0819931030273438
0.077239990234375 -0.0116043090820313 0.81036376953125 -0.5235595703125
0.0193386077880859 -0.021209716796875 0.2154541015625 -1.11468505859375
-0.0445022583007812 -0.00112152099609375 -0.69970703125 -0.63824462890625
-0.0461769104003906 0.0248451232910156 -0.6822509765625 0.17376708984375
-0.00274276733398438 0.0238285064697266 -0.293487548828125 0.445892333984375
0.0157709121704102 0.00667858123779297 0.08502197265625 0.30718994140625
-0.00110340118408203 -0.00840520858764648 0.244918823242187 0.0303955078125
0.000277519226074218 -0.0102548599243164 -0.2203369140625 -0.1087646484375
0.0228729248046875 -0.00022125244140625 -0.014007568359375 -0.339996337890625
0.0104598999023437 0.0118856430053711 0.352874755859375 -0.3702392578125
-0.0246200561523438 0.0270576477050781 0.724365234375 -0.03094482421875
-0.0502243041992187 0.0330390930175781 0.56109619140625 0.72576904296875
-0.0107688903808594 -0.0302352905273437 -0.1695556640625 1.0745849609375
0.0353469848632813 -0.0283317565917969 -0.64044189453125 0.5552978515625
0.0848922729492188 0.0177993774414063 0.0815582275390625 0.0764617919921875
0.0775222778320313 -0.0115814208984375 0.79620361328125 -0.53228759765625
0.0178985595703125 -0.0306224822998047 0.190673828125 -1.1123046875
-0.0447196960449219 -0.00578689575195313 -0.71148681640625 -0.61993408203125
-0.0498580932617188 0.0224494934082031 -0.67523193359375 0.190673828125
-0.00509071350097657 0.025970458984375 -0.286102294921875 0.45684814453125
0.016016960144043 0.0104560852050781 0.091766357421875 0.31396484375
-0.000841140747070313 -0.00884914398193359 0.248565673828125 0.0368194580078125
0.00147914886474609 -0.00915622711181641 -0.214309692382813 -0.101165771484375
0.0238513946533203 0.00286865234375 -0.008087158203125 -0.331695556640625
0.0127496719360352 0.013519287109375 0.356964111328125 -0.359832763671875
-0.0248584747314453 0.0245494842529297 0.72125244140625 -0.01513671875
-0.0486831665039063 0.0326004028320312 0.54815673828125 0.742919921875
-0.0101947784423828 -0.0316982269287109 -0.1944580078125 1.0772705078125
0.0331363677978516 -0.0300121307373047 -0.655029296875 0.54815673828125
0.0846633911132813 0.0165557861328125 0.0809173583984375 0.0748214721679687
0.07623291015625 -0.0160140991210937 0.78558349609375 -0.5391845703125
0.0188694000244141 -0.0321464538574219 0.1702880859375 -1.1075439453125
-0.0455398559570313 -0.0071868896484375 -0.72137451171875 -0.60125732421875
-0.0487518310546875 0.0230865478515625 -0.66925048828125 0.20855712890625
-0.00439453125 0.0247116088867188 -0.2750244140625 0.46533203125
0.0159025192260742 0.0121288299560547 0.100311279296875 0.31732177734375
0.00156068801879883 -0.00817728042602539 0.254547119140625 0.040557861328125
0.00137996673583985 -0.0124502182006836 -0.211105346679687 -0.0933990478515625
0.0250091552734375 -4.1961669921875E-05 -0.00103759765625 -0.325775146484375
0.0160799026489258 0.012761116027832 0.367431640625 -0.3492431640625
-0.0216636657714844 0.0240974426269531 0.7276611328125 0.004638671875
-0.047271728515625 0.0337257385253906 0.5384521484375 0.7623291015625
-0.0106830596923828 -0.0347423553466797 -0.2188720703125 1.0872802734375
0.0325546264648438 -0.0296783447265625 -0.6683349609375 0.54620361328125
0.0831985473632813 0.01409912109375 0.0790023803710938 0.0709228515625
0.073089599609375 -0.0202789306640625 0.77227783203125 -0.54998779296875
0.0165271759033203 -0.0300922393798828 0.14752197265625 -1.10693359375
-0.0410804748535156 -0.00397872924804687 -0.736083984375 -0.585205078125
-0.0432243347167969 0.0238761901855469 -0.66949462890625 0.22235107421875
0.0009765625 0.0255680084228516 -0.272674560546875 0.474212646484375
0.0163125991821289 0.0069580078125 0.103973388671875 0.323211669921875
-0.000494003295898438 -0.00945854187011719 0.255233764648438 0.0473785400390625
-0.0001373291015625 -0.0161514282226563 -0.2088623046875 -0.0872802734375
0.0286006927490234 -0.00567054748535156 0.00161743164062503 -0.32061767578125
0.0223751068115234 0.00578689575195312 0.367767333984375 -0.337982177734375
-0.0147647857666016 0.0243339538574219 0.72552490234375 0.01934814453125
-0.0413055419921875 0.0402259826660156 0.5267333984375 0.77545166015625
-0.0119190216064453 -0.0311012268066406 -0.236083984375 1.0911865234375
0.0299053192138672 -0.0324077606201172 -0.67755126953125 0.54339599609375
0.0820159912109375 0.009063720703125 0.07855224609375 0.0704193115234375
0.0707015991210938 -0.0208892822265625 0.7623291015625 -0.55419921875
0.0160274505615234 -0.027557373046875 0.12945556640625 -1.10394287109375
-0.0369071960449219 0.003509521484375 -0.74365234375 -0.5703125
-0.0335617065429688 0.0250377655029297 -0.66888427734375 0.23419189453125
0.00784873962402344 0.0210456848144531 -0.269378662109375 0.4803466796875
0.0223941802978516 0.00420188903808594 0.10992431640625 0.326263427734375
-0.00319194793701172 -0.0121965408325195 0.257125854492188 0.05010986328125
-0.004425048828125 -0.0202312469482422 -0.208740234375 -0.0843963623046875
0.0302543640136719 -0.0118312835693359 0.00439453125000001 -0.317626953125
0.0294685363769531 0.00437355041503906 0.368988037109375 -0.336212158203125
-0.00474166870117188 0.02801513671875 0.7283935546875 0.02734375
-0.0374336242675781 0.0456657409667969 0.52374267578125 0.78570556640625
-0.0133056640625 -0.0238571166992188 -0.241455078125 1.0953369140625
0.0258903503417969 -0.0341453552246094 -0.6820068359375 0.5421142578125
0.0793380737304688 0.00518798828125 0.0767288208007813 0.0711669921875
0.0647697448730469 -0.0252494812011719 0.75885009765625 -0.55694580078125
0.0124931335449219 -0.0203723907470703 0.12713623046875 -1.0986328125
-0.0312252044677734 0.0114250183105469 -0.7481689453125 -0.56298828125
-0.0237102508544922 0.0262355804443359 -0.6646728515625 0.2415771484375
0.0164175033569336 0.0173988342285156 -0.267974853515625 0.48370361328125
0.0250873565673828 -0.00213623046875 0.1102294921875 0.32501220703125
-0.005462646484375 -0.0150232315063477 0.256683349609375 0.0506439208984375
-0.00878143310546875 -0.0241622924804688 -0.209030151367187 -0.084136962890625
0.0351753234863281 -0.0188331604003906 0.000701904296874971 -0.318115234375
0.0397682189941406 -0.00321197509765625 0.368438720703125 -0.337615966796875
0.00654983520507812 0.0319538116455078 0.72723388671875 0.02532958984375
-0.0329933166503906 0.0582199096679688 0.5225830078125 0.786865234375
-0.0151290893554688 -0.0186405181884766 -0.24114990234375 1.09759521484375
0.0200614929199219 -0.0350131988525391 -0.68109130859375 0.54718017578125
0.0751190185546875 -0.0010223388671875 0.0767669677734375 0.0721511840820313
0.0613059997558594 -0.0263671875 0.7628173828125 -0.55426025390625
0.010645866394043 -0.0148839950561523 0.12847900390625 -1.10064697265625
-0.0270671844482422 0.0199604034423828 -0.75018310546875 -0.5618896484375
-0.0132865905761719 0.0262489318847656 -0.66693115234375 0.240966796875
0.0244693756103516 0.0119705200195313 -0.267333984375 0.4818115234375
0.0317287445068359 -0.00965499877929688 0.109527587890625 0.323638916015625
-0.0108718872070313 -0.0191001892089844 0.256317138671875 0.0515899658203125
-0.0128955841064453 -0.02960205078125 -0.209732055664062 -0.088134765625
0.038421630859375 -0.0255317687988281 -0.00155639648437497 -0.3211669921875
0.0452003479003906 -0.00773239135742187 0.36334228515625 -0.342742919921875
0.0159816741943359 0.034637451171875 0.728271484375 0.01824951171875
-0.0269966125488281 0.0678024291992188 0.53399658203125 0.78515625
-0.0164985656738281 -0.0101070404052734 -0.22589111328125 1.0994873046875
0.0174217224121094 -0.0376548767089844 -0.67626953125 0.55126953125
0.0736770629882813 -0.00588226318359375 0.078704833984375 0.0766067504882813
0.0588340759277344 -0.0273475646972656 0.7669677734375 -0.5491943359375
0.00991058349609375 -0.00795555114746094 0.13946533203125 -1.0992431640625
-0.0210018157958984 0.0291671752929688 -0.74530029296875 -0.57000732421875
-0.0045166015625 0.0267982482910156 -0.6710205078125 0.2353515625
0.031494140625 0.00827980041503906 -0.273895263671875 0.476287841796875
0.0335769653320313 -0.0172100067138672 0.10394287109375 0.320068359375
-0.0151195526123047 -0.0207099914550781 0.252227783203125 0.0514984130859375
-0.00191879272460938 -0.0115547180175781 -0.227127075195313 -0.112167358398437
0.0235595703125 -0.00330924987792969 -0.032196044921875 -0.3475341796875
0.0144624710083008 0.0101833343505859 0.3375244140625 -0.388885498046875
-0.0195808410644531 0.0261096954345703 0.7252197265625 -0.0634765625
-0.0469856262207031 0.0400047302246094 0.59344482421875 0.70184326171875
-0.0146751403808594 -0.0267353057861328 -0.12933349609375 1.0728759765625
0.0299720764160156 -0.02886962890625 -0.620849609375 0.57086181640625
0.0823974609375 0.0172195434570313 0.0863189697265625 0.0819625854492188
0.0767059326171875 -0.0118331909179688 0.80340576171875 -0.5352783203125
0.0197010040283203 -0.0242137908935547 0.19598388671875 -1.11871337890625
-0.0418128967285156 0.000194549560546872 -0.71136474609375 -0.6280517578125
-0.0452919006347656 0.0260658264160156 -0.677001953125 0.18902587890625
-0.0012359619140625 0.0241603851318359 -0.284820556640625 0.453582763671875
0.0174884796142578 0.00784873962402344 0.091339111328125 0.308013916015625
-0.00148487091064453 -0.00874185562133789 0.24700927734375 0.02813720703125
0.000407218933105469 -0.0103139877319336 -0.222076416015625 -0.105728149414063
0.0217418670654297 0.00166130065917969 -0.021942138671875 -0.3394775390625
0.0126247406005859 0.0117950439453125 0.344512939453125 -0.37799072265625
-0.0261783599853516 0.0283298492431641 0.72637939453125 -0.04425048828125
-0.0482063293457031 0.035064697265625 0.58013916015625 0.71502685546875
-0.0127296447753906 -0.0324668884277344 -0.150390625 1.0780029296875
0.0319728851318359 -0.0284996032714844 -0.63153076171875 0.566162109375
0.0856781005859375 0.0181427001953125 0.0822067260742187 0.077117919921875
0.0767974853515625 -0.01446533203125 0.7880859375 -0.54486083984375
0.0186290740966797 -0.0314540863037109 0.17120361328125 -1.117919921875
-0.0463027954101563 -0.00518417358398438 -0.724365234375 -0.60650634765625
-0.0500907897949219 0.0241127014160156 -0.6717529296875 0.2054443359375
-0.00510597229003906 0.0242252349853516 -0.27655029296875 0.461517333984375
0.0157051086425781 0.0108222961425781 0.100128173828125 0.3133544921875
0.00104427337646484 -0.00713157653808594 0.2490234375 0.0316009521484375
0.000413894653320313 -0.0101127624511719 -0.219100952148438 -0.0989990234375
0.0234737396240234 -0.000276565551757813 -0.014007568359375 -0.332855224609375
0.0124711990356445 0.0150680541992187 0.3489990234375 -0.366241455078125
-0.0235366821289062 0.0256595611572266 0.72705078125 -0.0255126953125
-0.0473060607910156 0.031768798828125 0.565673828125 0.7357177734375
-0.0107650756835937 -0.0342922210693359 -0.17620849609375 1.0809326171875
0.0317478179931641 -0.0302639007568359 -0.64739990234375 0.5587158203125
0.0836257934570313 0.0161895751953125 0.0814056396484375 0.07330322265625
0.0765914916992188 -0.017730712890625 0.7745361328125 -0.552734375
0.0188541412353516 -0.0332660675048828 0.1517333984375 -1.1114501953125
-0.0430030822753906 -0.00542449951171874 -0.73382568359375 -0.5867919921875
-0.04901123046875 0.0229339599609375 -0.66845703125 0.21929931640625
-0.00412178039550781 0.0251789093017578 -0.26910400390625 0.4720458984375
0.0169811248779297 0.00990962982177734 0.1072998046875 0.315948486328125
-0.000298500061035156 -0.00645303726196289 0.254119873046875 0.037109375
0.00137042999267578 -0.010711669921875 -0.21417236328125 -0.0915069580078125
0.0248184204101563 0.00201416015625 -0.00607299804687502 -0.32672119140625
0.0150775909423828 0.0115509033203125 0.35931396484375 -0.356109619140625
-0.0205230712890625 0.0255756378173828 0.72857666015625 -0.0084228515625
-0.0438919067382812 0.0356903076171875 0.5548095703125 0.7557373046875
-0.00934791564941406 -0.03436279296875 -0.1983642578125 1.09161376953125
0.03253173828125 -0.0306224822998047 -0.6590576171875 0.55938720703125
0.0812606811523438 0.013671875 0.0792465209960938 0.0718460083007813
0.0732574462890625 -0.020904541015625 0.7615966796875 -0.5618896484375
0.0153007507324219 -0.0315761566162109 0.12860107421875 -1.1102294921875
-0.0419883728027344 0.000335693359374998 -0.746826171875 -0.5712890625
-0.0414581298828125 0.0250968933105469 -0.667236328125 0.23602294921875
-0.000476837158203124 0.0255947113037109 -0.26171875 0.48284912109375
0.0166130065917969 0.00827217102050781 0.109771728515625 0.320556640625
-0.00266313552856445 -0.00853443145751953 0.255569458007813 0.042205810546875
-0.00414276123046875 -0.0156269073486328 -0.210952758789063 -0.085357666015625
0.0253467559814453 -0.00572395324707031 -0.00463867187499997 -0.321441650390625
0.0206661224365234 0.00728988647460938 0.36492919921875 -0.349212646484375
-0.0123405456542969 0.0262126922607422 0.72998046875 0.00579833984375
-0.04058837890625 0.0398292541503906 0.548095703125 0.767822265625
-0.00942802429199219 -0.0318775177001953 -0.21142578125 1.09588623046875
0.0279979705810547 -0.0310802459716797 -0.66912841796875 0.55224609375
0.0805206298828125 0.0097503662109375 0.0806198120117188 0.0692062377929688
0.0687065124511719 -0.0236167907714844 0.75543212890625 -0.56414794921875
0.0126419067382813 -0.0290489196777344 0.108154296875 -1.1058349609375
-0.0377120971679688 0.00458908081054688 -0.75421142578125 -0.556396484375
-0.0364189147949219 0.0240707397460937 -0.6656494140625 0.2474365234375
0.00871658325195312 0.0225772857666016 -0.258636474609375 0.48492431640625
0.0214920043945313 0.00259590148925781 0.115020751953125 0.32427978515625
-0.00484943389892578 -0.0101089477539063 0.258071899414063 0.0482635498046875
-0.00447845458984375 -0.0183582305908203 -0.210037231445313 -0.0795135498046875
0.0311126708984375 -0.0112762451171875 -0.00527954101562503 -0.319000244140625
0.0306453704833984 0.00114822387695313 0.36376953125 -0.344635009765625
-0.00310134887695313 0.0304622650146484 0.728759765625 0.01177978515625
-0.0350914001464844 0.0465583801269531 0.54290771484375 0.7762451171875
-0.0117416381835937 -0.0238265991210938 -0.21832275390625 1.10186767578125
0.0216445922851562 -0.0358428955078125 -0.6749267578125 0.5546875
0.0795516967773437 0.0014495849609375 0.0779800415039063 0.0663528442382813
0.0653800964355469 -0.0269813537597656 0.75274658203125 -0.56964111328125
0.0138130187988281 -0.0215778350830078 0.10601806640625 -1.10546875
-0.0324020385742188 0.0115013122558594 -0.75750732421875 -0.54986572265625
-0.0242824554443359 0.0273036956787109 -0.66192626953125 0.25518798828125
0.0154170989990234 0.0189418792724609 -0.257904052734375 0.490936279296875
0.0261669158935547 -0.00305557250976563 0.115875244140625 0.325408935546875
-0.00840473175048828 -0.0134057998657227 0.25848388671875 0.047637939453125
-0.0123481750488281 -0.0228157043457031 -0.209579467773437 -0.0810394287109375
0.0344104766845703 -0.0185031890869141 -0.00427246093750001 -0.317474365234375
0.0370407104492188 -0.0016937255859375 0.36163330078125 -0.342620849609375
0.00531959533691407 0.0316257476806641 0.730712890625 0.01220703125
-0.0301132202148437 0.0573158264160156 0.541015625 0.7786865234375
-0.013031005859375 -0.0169496536254883 -0.21588134765625 1.10247802734375
0.0197982788085937 -0.0365676879882813 -0.67266845703125 0.556884765625
0.0757980346679687 -0.002593994140625 0.0777664184570313 0.0716018676757813
0.062957763671875 -0.0291595458984375 0.75006103515625 -0.567138671875
0.0111417770385742 -0.0154714584350586 0.107666015625 -1.09832763671875
-0.0244884490966797 0.0212039947509766 -0.7603759765625 -0.54705810546875
-0.0139961242675781 0.0278205871582031 -0.66510009765625 0.2562255859375
0.0237522125244141 0.0100364685058594 -0.25787353515625 0.4864501953125
0.0291576385498047 -0.0119590759277344 0.115203857421875 0.32427978515625
-0.0113363265991211 -0.0164146423339844 0.256622314453125 0.0465087890625
-0.0139656066894531 -0.0288238525390625 -0.2147216796875 -0.0861968994140625
0.0363388061523438 -0.0250701904296875 -0.00833129882812498 -0.321746826171875
0.0441093444824219 -0.00725936889648438 0.35870361328125 -0.349578857421875
0.0164108276367188 0.0356864929199219 0.728271484375 0.0050048828125
-0.0238189697265625 0.0660820007324219 0.54913330078125 0.77032470703125
-0.0154485702514648 -0.00801563262939453 -0.2056884765625 1.10137939453125
0.014190673828125 -0.0382461547851562 -0.6656494140625 0.563232421875
0.07354736328125 -0.0058441162109375 0.0790939331054687 0.0736846923828125
0.0590248107910156 -0.0270652770996094 0.75689697265625 -0.56048583984375
0.0107278823852539 -0.00948619842529297 0.11724853515625 -1.0999755859375
-0.0216083526611328 0.0280628204345703 -0.7574462890625 -0.55267333984375
-0.00440788269042969 0.0275974273681641 -0.66778564453125 0.2471923828125
0.0310382843017578 0.00702857971191406 -0.265594482421875 0.48101806640625
0.0319976806640625 -0.0177383422851563 0.109344482421875 0.319122314453125
-0.0164909362792969 -0.0187816619873047 0.253707885742188 0.04595947265625
-0.00437545776367188 -0.0115728378295898 -0.228546142578125 -0.110305786132813
0.0214900970458984 -0.00251197814941406 -0.038238525390625 -0.34783935546875
0.0140724182128906 0.00916671752929687 0.329681396484375 -0.394500732421875
-0.0209236145019531 0.0293750762939453 0.72406005859375 -0.0750732421875
-0.0425376892089844 0.0422744750976563 0.60675048828125 0.68890380859375
-0.0121498107910156 -0.0268898010253906 -0.10821533203125 1.074951171875
0.0297889709472656 -0.0259056091308594 -0.6092529296875 0.58154296875
0.08160400390625 0.0158004760742188 0.0863189697265625 0.0766754150390625
0.076080322265625 -0.0143356323242188 0.79156494140625 -0.54833984375
0.0204620361328125 -0.0238265991210937 0.17999267578125 -1.1175537109375
-0.0428428649902344 6.10351562500011E-05 -0.72259521484375 -0.6142578125
-0.0449714660644531 0.0264549255371094 -0.67425537109375 0.20196533203125
-0.00211334228515625 0.0262222290039063 -0.27398681640625 0.458984375
0.0179786682128906 0.00696372985839844 0.097503662109375 0.30560302734375
-0.00121831893920898 -0.00720071792602539 0.244247436523437 0.021514892578125
0.000647544860839844 -0.0100679397583008 -0.224853515625 -0.102096557617187
0.0195674896240234 -5.7220458984375E-06 -0.027679443359375 -0.340484619140625
0.0113105773925781 0.0120086669921875 0.338348388671875 -0.38397216796875
-0.0248584747314453 0.0281887054443359 0.72674560546875 -0.05841064453125
-0.0447502136230469 0.0367317199707031 0.59405517578125 0.704345703125
-0.0118637084960938 -0.0336761474609375 -0.1287841796875 1.0804443359375
0.030426025390625 -0.0287723541259766 -0.622802734375 0.57476806640625
0.0826950073242188 0.017333984375 0.0827102661132813 0.0727462768554687
0.0783843994140625 -0.01617431640625 0.775634765625 -0.55609130859375
0.0205764770507813 -0.0303058624267578 0.15216064453125 -1.1163330078125
-0.0460205078125 -0.00292587280273437 -0.73541259765625 -0.593505859375
-0.0463104248046875 0.0263938903808594 -0.66815185546875 0.21734619140625
-0.00518417358398437 0.0258293151855469 -0.266357421875 0.46856689453125
0.0162734985351563 0.0105648040771484 0.104248046875 0.308624267578125
-0.00181770324707031 -0.00759315490722656 0.2496337890625 0.0263824462890625
0.000612258911132813 -0.00972175598144531 -0.221878051757813 -0.0950622558593749
0.0233612060546875 0.00124740600585938 -0.02276611328125 -0.332977294921875
0.0113697052001953 0.0107250213623047 0.34429931640625 -0.371795654296875
-0.0250625610351563 0.0264225006103516 0.72650146484375 -0.04132080078125
-0.045135498046875 0.0329513549804688 0.58050537109375 0.72344970703125
-0.0104923248291016 -0.0343551635742188 -0.15374755859375 1.08642578125
0.0313491821289063 -0.0293903350830078 -0.6365966796875 0.56964111328125
0.0821609497070313 0.014801025390625 0.0813064575195312 0.0723342895507812
0.077301025390625 -0.019775390625 0.7647705078125 -0.564697265625
0.0180740356445312 -0.0335941314697266 0.13079833984375 -1.11102294921875
-0.0410118103027344 -0.00420379638671874 -0.74169921875 -0.57342529296875
-0.0488090515136719 0.0259284973144531 -0.66143798828125 0.233642578125
-0.00400543212890625 0.02484130859375 -0.2574462890625 0.4775390625
0.0155496597290039 0.0082550048828125 0.1124267578125 0.31561279296875
0.000338554382324218 -0.00985336303710938 0.252166748046875 0.033416748046875
-0.000279426574707032 -0.00888729095458984 -0.21649169921875 -0.0851898193359375
0.0225124359130859 0.00156402587890625 -0.013916015625 -0.325286865234375
0.0161800384521484 0.0105876922607422 0.352508544921875 -0.3662109375
-0.0212879180908203 0.0267505645751953 0.73016357421875 -0.02215576171875
-0.0416450500488281 0.0363273620605469 0.56951904296875 0.74530029296875
-0.00938034057617187 -0.0358123779296875 -0.1761474609375 1.0921630859375
0.0287303924560547 -0.0293102264404297 -0.64581298828125 0.564697265625
0.0815582275390625 0.010772705078125 0.079742431640625 0.0699234008789063
0.0746078491210938 -0.0205078125 0.75323486328125 -0.57171630859375
0.0150737762451172 -0.0340976715087891 0.10760498046875 -1.107421875
-0.0415420532226563 -0.000476837158203118 -0.75469970703125 -0.55596923828125
-0.0413284301757813 0.0263900756835938 -0.660888671875 0.25030517578125
0.000770568847656251 0.0250015258789063 -0.253875732421875 0.48797607421875
0.0181446075439453 0.00833892822265625 0.119415283203125 0.32135009765625
-0.0012660026550293 -0.00865840911865234 0.2552490234375 0.0389404296875
-0.00472068786621094 -0.0152311325073242 -0.214019775390625 -0.0803375244140625
0.0274028778076172 -0.00373458862304688 -0.013214111328125 -0.32183837890625
0.0210838317871094 0.00877952575683594 0.3553466796875 -0.357635498046875
-0.0138015747070313 0.0285358428955078 0.7288818359375 -0.009033203125
-0.0390472412109375 0.0404739379882812 0.5595703125 0.755859375
-0.0075531005859375 -0.0321884155273438 -0.189453125 1.09710693359375
0.0277042388916016 -0.0302009582519531 -0.6588134765625 0.56329345703125
0.0775222778320313 0.0069580078125 0.0785903930664063 0.0668563842773438
0.0704421997070313 -0.0247116088867188 0.74609375 -0.57867431640625
0.0152015686035156 -0.0293674468994141 0.09130859375 -1.10589599609375
-0.0368804931640625 0.00223541259765625 -0.7635498046875 -0.54180908203125
-0.0342006683349609 0.0265998840332031 -0.65606689453125 0.26055908203125
0.0092926025390625 0.0219383239746094 -0.246612548828125 0.4903564453125
0.0217990875244141 0.00124168395996094 0.121368408203125 0.320709228515625
-0.00560474395751953 -0.0102434158325195 0.255905151367188 0.042938232421875
-0.00690460205078125 -0.0185985565185547 -0.213165283203125 -0.0776519775390625
0.0303897857666016 -0.0105094909667969 -0.0078125 -0.317596435546875
0.0288753509521484 0.00342941284179688 0.357879638671875 -0.35162353515625
-0.00510406494140625 0.0310440063476562 0.7305908203125 0.00152587890625
-0.0335960388183594 0.0488319396972656 0.55633544921875 0.7642822265625
-0.0096588134765625 -0.0255527496337891 -0.197998046875 1.10394287109375
0.0223636627197266 -0.0335063934326172 -0.66375732421875 0.56640625
0.07720947265625 0.000823974609375 0.077850341796875 0.0694808959960938
0.0659141540527344 -0.0272598266601563 0.7373046875 -0.580078125
0.0143222808837891 -0.0241012573242188 0.08917236328125 -1.1005859375
-0.03057861328125 0.0116539001464844 -0.7652587890625 -0.5341796875
-0.0244350433349609 0.0284557342529297 -0.658935546875 0.265625
0.0170621871948242 0.0175266265869141 -0.24554443359375 0.49456787109375
0.0258750915527344 -0.00235557556152344 0.1226806640625 0.3201904296875
-0.00930213928222656 -0.0120744705200195 0.257614135742188 0.0438079833984375
-0.0115680694580078 -0.0225181579589844 -0.213302612304687 -0.0768585205078125
0.0326671600341797 -0.0180644989013672 -0.01141357421875 -0.317047119140625
0.0362739562988281 -0.00258636474609375 0.354095458984375 -0.35162353515625
0.00606536865234375 0.0311241149902344 0.72918701171875 -0.000976562499999998
-0.0282020568847656 0.05731201171875 0.555908203125 0.76611328125
-0.0117130279541016 -0.0204200744628906 -0.19659423828125 1.10540771484375
0.0176353454589844 -0.03790283203125 -0.66192626953125 0.56915283203125
0.0741806030273438 -0.00395965576171875 0.0775222778320313 0.0704421997070313
0.0612411499023438 -0.0294036865234375 0.740966796875 -0.57769775390625
0.0127019882202148 -0.0155086517333984 0.0874023437499999 -1.0999755859375
-0.0244503021240234 0.0211238861083984 -0.76824951171875 -0.534423828125
-0.0134658813476563 0.02685546875 -0.65966796875 0.26605224609375
0.0244693756103516 0.00959014892578125 -0.2476806640625 0.493743896484375
0.029754638671875 -0.0115528106689453 0.121917724609375 0.3209228515625
-0.0146780014038086 -0.0162887573242188 0.25689697265625 0.0430755615234375
-0.0139732360839844 -0.0283794403076172 -0.216552734375 -0.08172607421875
0.0360984802246094 -0.025634765625 -0.016021728515625 -0.3214111328125
0.0436019897460938 -0.00825119018554688 0.348907470703125 -0.355621337890625
0.0166854858398438 0.0329704284667969 0.73004150390625 -0.01080322265625
-0.0216217041015625 0.0676689147949219 0.5684814453125 0.76116943359375
-0.0162811279296875 -0.0119504928588867 -0.18402099609375 1.104736328125
0.0129661560058594 -0.03533935546875 -0.65643310546875 0.57476806640625
0.0722274780273438 -0.00809478759765625 0.0792465209960937 0.071929931640625
0.0591011047363281 -0.02947998046875 0.74774169921875 -0.5732421875
0.0110902786254883 -0.00858783721923828 0.0994262695312499 -1.10223388671875
-0.0171318054199219 0.0299053192138672 -0.76495361328125 -0.5379638671875
-0.0035858154296875 0.026947021484375 -0.66217041015625 0.2620849609375
0.0310573577880859 0.0066986083984375 -0.255157470703125 0.488006591796875
0.0346469879150391 -0.0171260833740234 0.118621826171875 0.316436767578125
-0.0157470703125 -0.0182895660400391 0.25433349609375 0.0419464111328125
-0.00212287902832031 -0.00942516326904297 -0.230133056640625 -0.102462768554688
0.0210838317871094 -0.00526237487792969 -0.0443115234375 -0.345367431640625
0.0124015808105469 0.00877952575683594 0.321014404296875 -0.40203857421875
-0.02154541015625 0.0297145843505859 0.72222900390625 -0.08966064453125
-0.0398521423339844 0.0418930053710937 0.61895751953125 0.67633056640625
-0.0113296508789063 -0.0270881652832031 -0.0841674804687499 1.0721435546875
0.0254764556884766 -0.0286350250244141 -0.59375 0.59161376953125
0.0818557739257813 0.0150375366210938 0.0866165161132813 0.0772247314453125
0.07598876953125 -0.014923095703125 0.77850341796875 -0.55694580078125
0.0206336975097656 -0.0260467529296875 0.15673828125 -1.1173095703125
-0.0425605773925781 0.002197265625 -0.7337646484375 -0.59625244140625
-0.0447196960449219 0.0270614624023438 -0.66571044921875 0.21441650390625
-0.00240898132324219 0.0234889984130859 -0.266693115234375 0.4620361328125
0.0170068740844727 0.00577926635742188 0.104400634765625 0.301483154296875
-0.00227069854736328 -0.00615501403808594 0.244384765625 0.0169830322265625
-0.00274562835693359 -0.00722408294677734 -0.227340698242187 -0.09796142578125
0.0199623107910156 0.00159835815429687 -0.035064697265625 -0.339508056640625
0.0102262496948242 0.0121097564697266 0.326934814453125 -0.390472412109375
-0.026611328125 0.0309085845947266 0.72412109375 -0.0723876953125
-0.0428237915039063 0.0377540588378906 0.6053466796875 0.69195556640625
-0.0100479125976563 -0.0316162109375 -0.10699462890625 1.07733154296875
0.0305328369140625 -0.0271377563476563 -0.60821533203125 0.5859375
0.0808868408203125 0.0168304443359375 0.0834503173828125 0.0720596313476563
0.0788955688476563 -0.0164871215820313 0.763427734375 -0.56634521484375
0.0189609527587891 -0.0315608978271484 0.1351318359375 -1.114013671875
-0.0423812866210938 -0.00170135498046874 -0.7427978515625 -0.576171875
-0.049285888671875 0.0273399353027344 -0.661865234375 0.22723388671875
-0.00522232055664063 0.0258426666259766 -0.256561279296875 0.47113037109375
0.0163917541503906 0.00784015655517578 0.11224365234375 0.307220458984375
-0.0028843879699707 -0.00611734390258789 0.25018310546875 0.021728515625
-0.00322771072387695 -0.00870656967163086 -0.224411010742188 -0.0903778076171875
0.0197563171386719 0.00102806091308594 -0.0283203125 -0.33087158203125
0.00967025756835938 0.0140295028686523 0.33642578125 -0.377593994140625
-0.0253486633300781 0.0267581939697266 0.72271728515625 -0.05145263671875
-0.0458412170410156 0.0338516235351562 0.59625244140625 0.7078857421875
-0.00801849365234375 -0.0378456115722656 -0.13507080078125 1.0826416015625
0.0301666259765625 -0.028350830078125 -0.620849609375 0.5784912109375
0.0806884765625 0.0145797729492188 0.0815658569335938 0.069854736328125
0.0729522705078125 -0.0215988159179688 0.75164794921875 -0.57281494140625
0.0209712982177734 -0.0343589782714844 0.11419677734375 -1.107666015625
-0.0429153442382812 -0.00281906127929688 -0.747802734375 -0.5576171875
-0.0484046936035156 0.0262641906738281 -0.65875244140625 0.2445068359375
-0.00423240661621094 0.0263442993164063 -0.24725341796875 0.48199462890625
0.0169782638549805 0.00854778289794922 0.11846923828125 0.31134033203125
-0.00508356094360352 -0.00480127334594726 0.253692626953125 0.0279541015625
-0.00180435180664063 -0.0101261138916016 -0.217620849609375 -0.0798797607421875
0.0216751098632813 0.00103378295898438 -0.021575927734375 -0.325347900390625
0.0142650604248047 0.0110836029052734 0.34490966796875 -0.370452880859375
-0.0195598602294922 0.0279140472412109 0.72784423828125 -0.034912109375
-0.0412025451660156 0.03387451171875 0.58135986328125 0.731689453125
-0.00809860229492187 -0.037841796875 -0.15399169921875 1.0931396484375
0.0258064270019531 -0.0300140380859375 -0.63543701171875 0.572265625
0.0797882080078125 0.0103378295898437 0.080535888671875 0.067291259765625
0.0721893310546875 -0.0225143432617188 0.7398681640625 -0.5794677734375
0.0158882141113281 -0.0323467254638672 0.0885620117187499 -1.1058349609375
-0.0409507751464844 -0.00102233886718751 -0.76275634765625 -0.54095458984375
-0.0415611267089844 0.0268707275390625 -0.65679931640625 0.26129150390625
0.00194549560546875 0.0228347778320312 -0.2403564453125 0.489593505859375
0.0177726745605469 0.00627899169921875 0.123779296875 0.316497802734375
-0.00290775299072266 -0.00787353515625 0.253128051757812 0.03143310546875
-0.00461006164550781 -0.0130929946899414 -0.216293334960938 -0.0763702392578125
0.0246047973632812 -0.0041046142578125 -0.01953125 -0.32080078125
0.0184211730957031 0.00675773620605469 0.34906005859375 -0.36016845703125
-0.0150909423828125 0.0271396636962891 0.7301025390625 -0.02154541015625
-0.0359878540039062 0.0411720275878906 0.57379150390625 0.7445068359375
-0.00901222229003906 -0.0322818756103516 -0.16815185546875 1.09716796875
0.0230941772460938 -0.0311069488525391 -0.646240234375 0.5704345703125
0.07818603515625 0.004302978515625 0.0795059204101563 0.0651779174804688
0.0707778930664063 -0.0250244140625 0.73138427734375 -0.58599853515625
0.0138950347900391 -0.0288829803466797 0.0744018554687499 -1.101318359375
-0.0363616943359375 0.00696563720703125 -0.77154541015625 -0.5267333984375
-0.0335025787353516 0.0282363891601562 -0.65142822265625 0.2720947265625
0.0085601806640625 0.0219287872314453 -0.23699951171875 0.494903564453125
0.0221138000488281 0.00367355346679687 0.12939453125 0.318115234375
-0.00753307342529297 -0.00992584228515625 0.255035400390625 0.0376129150390625
-0.0080413818359375 -0.0152692794799805 -0.213470458984375 -0.071075439453125
0.0265579223632813 -0.00902366638183594 -0.017822265625 -0.317169189453125
0.0274219512939453 0.00248146057128906 0.349365234375 -0.35528564453125
-0.00426483154296875 0.0318450927734375 0.73114013671875 -0.013671875
-0.0333938598632813 0.0470085144042969 0.5714111328125 0.751953125
-0.00931358337402344 -0.0270862579345703 -0.17852783203125 1.10540771484375
0.0209007263183594 -0.0317287445068359 -0.65191650390625 0.5733642578125
0.07574462890625 0.0033416748046875 0.0799942016601563 0.0669021606445313
0.0636100769042969 -0.0281028747558594 0.72528076171875 -0.59027099609375
0.0135021209716797 -0.0232753753662109 0.0692138671874999 -1.09814453125
-0.0301685333251953 0.0124073028564453 -0.77288818359375 -0.51806640625
-0.0239830017089844 0.0262660980224609 -0.65380859375 0.276611328125
0.0185527801513672 0.0154399871826172 -0.236846923828125 0.496246337890625
0.0238265991210938 -0.00598335266113281 0.130767822265625 0.318206787109375
-0.00863075256347656 -0.0118207931518555 0.25897216796875 0.0391998291015625
-0.0111312866210938 -0.0258846282958984 -0.21331787109375 -0.07305908203125
0.0318508148193359 -0.0168342590332031 -0.018096923828125 -0.314605712890625
0.0354118347167969 -0.00257492065429688 0.3460693359375 -0.356964111328125
0.00796890258789063 0.0319538116455078 0.72955322265625 -0.0164794921875
-0.0245590209960938 0.0580863952636719 0.57037353515625 0.7550048828125
-0.0115375518798828 -0.0205669403076172 -0.1724853515625 1.10552978515625
0.0165004730224609 -0.0343647003173828 -0.650146484375 0.57568359375
0.0734939575195313 -0.0030517578125 0.0804672241210938 0.0676956176757813
0.058197021484375 -0.0295219421386719 0.727294921875 -0.58837890625
0.0139369964599609 -0.0185260772705078 0.0708618164062501 -1.095703125
-0.0239810943603516 0.0208549499511719 -0.7744140625 -0.51666259765625
-0.0135688781738281 0.0275344848632812 -0.65283203125 0.27838134765625
0.0255603790283203 0.00984001159667969 -0.23760986328125 0.494384765625
0.0307159423828125 -0.0132846832275391 0.12738037109375 0.317138671875
-0.0154666900634766 -0.0170040130615234 0.253814697265625 0.0390472412109375
-0.0162239074707031 -0.0265960693359375 -0.217941284179688 -0.076873779296875
0.0337104797363281 -0.0245895385742188 -0.022369384765625 -0.322662353515625
0.0438270568847656 -0.00938796997070313 0.342193603515625 -0.363189697265625
0.0170516967773438 0.03643798828125 0.7259521484375 -0.02166748046875
-0.0191268920898438 0.0684432983398438 0.581298828125 0.7486572265625
-0.0126123428344727 -0.0120630264282227 -0.16131591796875 1.106201171875
0.00960540771484375 -0.035400390625 -0.643798828125 0.5836181640625
0.0689773559570313 -0.00977325439453125 0.0803680419921875 0.0704345703125
0.057708740234375 -0.0290946960449219 0.73321533203125 -0.581298828125
0.0107307434082031 -0.00894927978515625 0.0786743164062499 -1.10052490234375
-0.0172672271728516 0.0318164825439453 -0.77178955078125 -0.52313232421875
-0.00623703002929688 0.0286312103271484 -0.655029296875 0.27130126953125
0.0321712493896484 0.004791259765625 -0.243499755859375 0.49267578125
0.0311489105224609 -0.0171184539794922 0.124908447265625 0.314544677734375
-0.0171623229980469 -0.0185871124267578 0.254013061523438 0.036529541015625
-0.00363445281982422 -0.00913715362548828 -0.232437133789063 -0.101806640625
0.0178127288818359 -0.0023345947265625 -0.049560546875 -0.3448486328125
0.0124979019165039 0.0102367401123047 0.313018798828125 -0.404388427734375
-0.0215282440185547 0.0302906036376953 0.7183837890625 -0.1007080078125
-0.0398483276367187 0.0403251647949219 0.6314697265625 0.6611328125
-0.011322021484375 -0.0291099548339844 -0.0708618164062501 1.0703125
0.0277309417724609 -0.0264930725097656 -0.5850830078125 0.59454345703125
0.0791473388671875 0.0147857666015625 0.0870285034179688 0.0745086669921875
0.0767745971679688 -0.015655517578125 0.76776123046875 -0.56353759765625
0.0186347961425781 -0.0258007049560547 0.1385498046875 -1.11260986328125
-0.0395660400390625 0.00296401977539063 -0.7369384765625 -0.5810546875
-0.0434913635253906 0.0289993286132813 -0.6607666015625 0.22259521484375
-0.00163078308105469 0.0228595733642578 -0.253509521484375 0.463897705078125
0.0178585052490234 0.00591468811035156 0.110198974609375 0.299530029296875
-0.00326013565063477 -0.00662326812744141 0.244277954101563 0.0142822265625
-0.00227022171020508 -0.00679779052734375 -0.226089477539063 -0.093536376953125
0.01922607421875 0.00107955932617188 -0.043853759765625 -0.336517333984375
0.011378288269043 0.0133380889892578 0.319610595703125 -0.394378662109375
-0.0247669219970703 0.0296592712402344 0.7196044921875 -0.084228515625
-0.0423316955566406 0.0367889404296875 0.6199951171875 0.67742919921875
-0.00945854187011719 -0.0336475372314453 -0.0896606445312501 1.07135009765625
0.0301685333251953 -0.0273838043212891 -0.59979248046875 0.5870361328125
0.081512451171875 0.0127105712890625 0.0844955444335938 0.0706253051757813
0.077789306640625 -0.0170974731445313 0.752685546875 -0.5740966796875
0.0201148986816406 -0.0316486358642578 0.1171875 -1.11083984375
-0.0411415100097656 0.00149536132812499 -0.74725341796875 -0.5638427734375
-0.0488433837890625 0.0288047790527344 -0.65545654296875 0.2376708984375
-0.00296401977539063 0.0264511108398438 -0.24652099609375 0.472137451171875
0.0171747207641602 0.00854301452636719 0.117279052734375 0.30499267578125
-0.00223588943481445 -0.00524473190307617 0.248580932617188 0.0188751220703125
-0.00401830673217774 -0.00731801986694336 -0.2225341796875 -0.0856170654296875
0.0184078216552734 0.000726699829101563 -0.0347900390625 -0.329864501953125
0.0114717483520508 0.0139131546020508 0.327178955078125 -0.3814697265625
-0.0253257751464844 0.0294761657714844 0.723388671875 -0.065185546875
-0.0413932800292969 0.034271240234375 0.60565185546875 0.6937255859375
-0.00782012939453125 -0.0355148315429688 -0.11358642578125 1.07745361328125
0.0276870727539063 -0.0305290222167969 -0.61297607421875 0.58343505859375
0.0777359008789063 0.010833740234375 0.0814895629882813 0.0674896240234375
0.0756378173828125 -0.020843505859375 0.73956298828125 -0.5794677734375
0.0185432434082031 -0.0346412658691406 0.0975341796875001 -1.1044921875
-0.0439682006835938 -0.00411224365234375 -0.75421142578125 -0.544189453125
-0.0471076965332031 0.0275001525878906 -0.64874267578125 0.25128173828125
-0.0041046142578125 0.0256118774414063 -0.238433837890625 0.483734130859375
0.0176162719726563 0.00982475280761719 0.123565673828125 0.310821533203125
-0.0032801628112793 -0.00662994384765625 0.251480102539063 0.02545166015625
-0.00205039978027344 -0.00933170318603516 -0.218414306640625 -0.0802001953125
0.0216560363769531 -0.00058746337890625 -0.0283203125 -0.323516845703125
0.0136117935180664 0.0123109817504883 0.337677001953125 -0.374481201171875
-0.0197963714599609 0.0284843444824219 0.72509765625 -0.04803466796875
-0.0392341613769531 0.0366439819335937 0.59600830078125 0.7171630859375
-0.00922012329101563 -0.0355873107910156 -0.134765625 1.0877685546875
0.0265769958496094 -0.0277137756347656 -0.62359619140625 0.58062744140625
0.0776824951171875 0.0089569091796875 0.0786056518554688 0.06439208984375
0.0705947875976563 -0.0253524780273438 0.7269287109375 -0.58831787109375
0.0161933898925781 -0.0327587127685547 0.07421875 -1.09967041015625
-0.0398139953613281 0.000465393066406252 -0.7674560546875 -0.5247802734375
-0.0418815612792969 0.0300559997558594 -0.64947509765625 0.26934814453125
0.00241661071777344 0.0226364135742187 -0.232330322265625 0.49072265625
0.0182075500488281 0.00744056701660156 0.127288818359375 0.31396484375
-0.00232028961181641 -0.00589323043823242 0.251724243164063 0.0299224853515625
-0.00698566436767578 -0.0109157562255859 -0.217514038085938 -0.072601318359375
0.0234794616699219 -0.00536727905273438 -0.0230712890625 -0.318389892578125
0.0199794769287109 0.008575439453125 0.340667724609375 -0.365142822265625
-0.0133285522460937 0.0289802551269531 0.7271728515625 -0.035888671875
-0.0357170104980469 0.0419044494628906 0.5848388671875 0.7293701171875
-0.00849723815917969 -0.0325279235839844 -0.15032958984375 1.0958251953125
0.0243110656738281 -0.0315513610839844 -0.6351318359375 0.58111572265625
0.0759811401367188 0.0043182373046875 0.0799484252929688 0.0658340454101563
0.0684165954589844 -0.0260696411132813 0.718017578125 -0.59283447265625
0.0150146484375 -0.0296306610107422 0.0554199218750001 -1.09649658203125
-0.0366477966308594 0.00652313232421874 -0.77471923828125 -0.5107421875
-0.0317592620849609 0.0289211273193359 -0.64154052734375 0.28118896484375
0.00750160217285156 0.0211467742919922 -0.226837158203125 0.498016357421875
0.0202064514160156 0.00058746337890625 0.134185791015625 0.3162841796875
-0.00731611251831055 -0.00850152969360351 0.25482177734375 0.033416748046875
-0.0116195678710938 -0.0152711868286133 -0.215591430664063 -0.06878662109375
0.0272541046142578 -0.0115165710449219 -0.0235595703125 -0.314422607421875
0.0281448364257813 0.00290679931640625 0.34222412109375 -0.361541748046875
-0.00346183776855469 0.0306377410888672 0.7261962890625 -0.0262451171875
-0.0292510986328125 0.0483207702636719 0.5836181640625 0.739990234375
-0.0106220245361328 -0.0285282135009766 -0.15911865234375 1.0982666015625
0.0181674957275391 -0.0328464508056641 -0.64068603515625 0.5784912109375
0.0710220336914063 0 0.0792617797851563 0.0633468627929688
0.0645332336425781 -0.0302200317382813 0.71392822265625 -0.596435546875
0.0131855010986328 -0.0244216918945313 0.0522460937499999 -1.09356689453125
-0.0298309326171875 0.0147056579589844 -0.77862548828125 -0.505615234375
-0.0211334228515625 0.0289535522460937 -0.64349365234375 0.288330078125
0.0158481597900391 0.0154275894165039 -0.223876953125 0.4989013671875
0.0259284973144531 -0.00591087341308594 0.135040283203125 0.31439208984375
-0.0106525421142578 -0.00990200042724609 0.255218505859375 0.034088134765625
-0.0148983001708984 -0.0213623046875 -0.216888427734375 -0.0699005126953125
0.0282840728759766 -0.0174064636230469 -0.023529052734375 -0.315032958984375
0.0337867736816406 -0.00160408020019531 0.339202880859375 -0.3619384765625
0.00712203979492187 0.0329914093017578 0.72576904296875 -0.0279541015625
-0.0212173461914063 0.0595703125 0.58392333984375 0.73974609375
-0.00921058654785156 -0.0194988250732422 -0.15765380859375 1.10247802734375
0.0150623321533203 -0.03466796875 -0.63720703125 0.58148193359375
0.07171630859375 -0.00537109375 0.0784683227539063 0.0654525756835938
0.0601730346679687 -0.0308303833007812 0.7132568359375 -0.59423828125
0.0128545761108398 -0.0168628692626953 0.0543212890625001 -1.093505859375
-0.023406982421875 0.0224227905273438 -0.78204345703125 -0.5045166015625
-0.0135173797607422 0.0305366516113281 -0.64422607421875 0.28948974609375
0.0239772796630859 0.00976371765136719 -0.22607421875 0.49786376953125
0.0301475524902344 -0.0127315521240234 0.132080078125 0.31298828125
-0.0131053924560547 -0.0121488571166992 0.25390625 0.0345001220703125
-0.0188140869140625 -0.025909423828125 -0.218048095703125 -0.073272705078125
0.0329875946044922 -0.0234012603759766 -0.0286865234375 -0.320068359375
0.0404014587402344 -0.00905990600585937 0.33380126953125 -0.365966796875
0.0163612365722656 0.0352134704589844 0.7254638671875 -0.033935546875
-0.01568603515625 0.0677452087402344 0.59136962890625 0.7340087890625
-0.01446533203125 -0.0111513137817383 -0.14349365234375 1.0999755859375
0.0103836059570312 -0.0359268188476563 -0.63177490234375 0.59033203125
0.0662155151367187 -0.00797653198242188 0.0783004760742187 0.0696258544921875
0.0558509826660156 -0.0304756164550781 0.7213134765625 -0.58746337890625
0.0128574371337891 -0.0101842880249023 0.0634765625000001 -1.08984375
-0.0162677764892578 0.0307159423828125 -0.77545166015625 -0.509033203125
-0.003326416015625 0.0291099548339844 -0.64739990234375 0.282958984375
0.0297260284423828 0.00658416748046875 -0.234954833984375 0.492828369140625
0.0325660705566406 -0.0197353363037109 0.128509521484375 0.31158447265625
-0.0180454254150391 -0.0156040191650391 0.253189086914063 0.0337677001953125
-0.00462007522583008 -0.00814723968505859 -0.23480224609375 -0.0933837890625
0.0182380676269531 -0.00162887573242188 -0.058929443359375 -0.341552734375
0.0115747451782227 0.0105514526367188 0.3043212890625 -0.40673828125
-0.0205612182617187 0.0298099517822266 0.71209716796875 -0.11138916015625
-0.0396156311035156 0.0403633117675781 0.63720703125 0.647705078125
-0.0117435455322266 -0.0277900695800781 -0.0485839843750001 1.06231689453125
0.0239906311035156 -0.0243167877197266 -0.5750732421875 0.59857177734375
0.0799331665039063 0.0132904052734375 0.0858917236328125 0.0734710693359375
0.0735549926757813 -0.0166015625 0.75299072265625 -0.57098388671875
0.0210285186767578 -0.0267868041992187 0.12615966796875 -1.1077880859375
-0.0374908447265625 0.00489044189453125 -0.73980712890625 -0.56390380859375
-0.0439796447753906 0.0328788757324219 -0.6514892578125 0.23193359375
-0.000743865966796876 0.0224189758300781 -0.24566650390625 0.4669189453125
0.0171995162963867 0.00511741638183594 0.11383056640625 0.2967529296875
-0.00417995452880859 -0.00506877899169922 0.242431640625 0.0090484619140625
-0.00322437286376953 -0.00699090957641602 -0.2274169921875 -0.0884246826171874
0.0171079635620117 0.00223445892333984 -0.04864501953125 -0.33343505859375
0.0104923248291016 0.012843132019043 0.313201904296875 -0.39813232421875
-0.0251445770263672 0.0299587249755859 0.71722412109375 -0.094970703125
-0.040252685546875 0.0372695922851563 0.6236572265625 0.662353515625
-0.0105113983154297 -0.0343723297119141 -0.0708007812499999 1.0665283203125
0.0270614624023438 -0.0252285003662109 -0.58673095703125 0.5933837890625
0.0801773071289063 0.00978851318359375 0.0832672119140625 0.0685272216796875
0.0752639770507813 -0.0174484252929687 0.74176025390625 -0.58123779296875
0.019775390625 -0.0333232879638672 0.10223388671875 -1.10394287109375
-0.0450897216796875 8.01086425781237E-05 -0.75146484375 -0.54656982421875
-0.0469779968261719 0.0291519165039063 -0.6470947265625 0.24859619140625
-0.00414657592773438 0.024871826171875 -0.233367919921875 0.476287841796875
0.0162448883056641 0.00755405426025391 0.12030029296875 0.300048828125
-0.00445079803466797 -0.00467014312744141 0.245315551757813 0.014739990234375
-0.00458288192749023 -0.00852060317993164 -0.223983764648438 -0.081695556640625
0.0191307067871094 0.00118637084960937 -0.038909912109375 -0.3258056640625
0.0116291046142578 0.0117712020874023 0.318817138671875 -0.3887939453125
-0.0252265930175781 0.0299320220947266 0.716552734375 -0.075439453125
-0.043121337890625 0.0338592529296875 0.61285400390625 0.6807861328125
-0.00886344909667969 -0.034881591796875 -0.09716796875 1.07470703125
0.0263442993164062 -0.0276279449462891 -0.60272216796875 0.5863037109375
0.0786895751953125 0.0130691528320312 0.0804901123046875 0.064453125
0.073089599609375 -0.0228805541992188 0.72650146484375 -0.58331298828125
0.0182418823242187 -0.0366706848144531 0.08209228515625 -1.09747314453125
-0.041290283203125 -0.00124359130859375 -0.75640869140625 -0.52783203125
-0.0457420349121094 0.03076171875 -0.6395263671875 0.26348876953125
-0.00107192993164063 0.0257186889648438 -0.225982666015625 0.48126220703125
0.0169696807861328 0.00667381286621094 0.13018798828125 0.302581787109375
-0.00481319427490234 -0.00551271438598633 0.2506103515625 0.020050048828125
-0.00280666351318359 -0.00569391250610352 -0.219314575195313 -0.074920654296875
0.0200939178466797 -0.000688552856445313 -0.034515380859375 -0.319305419921875
0.0129861831665039 0.0122699737548828 0.32952880859375 -0.378448486328125
-0.0187320709228516 0.0280857086181641 0.72003173828125 -0.0594482421875
-0.0371894836425781 0.0353240966796875 0.60540771484375 0.69879150390625
-0.0107955932617188 -0.0372390747070313 -0.11676025390625 1.07965087890625
0.023223876953125 -0.0289535522460938 -0.61285400390625 0.5841064453125
0.0765151977539063 0.0084075927734375 0.0809707641601563 0.06402587890625
0.0724258422851563 -0.023101806640625 0.713623046875 -0.59503173828125
0.0172882080078125 -0.0333843231201172 0.0560302734375 -1.09283447265625
-0.0403404235839844 0.000766754150390628 -0.77154541015625 -0.51129150390625
-0.039276123046875 0.0283699035644531 -0.63739013671875 0.27813720703125
0.00133895874023437 0.0244865417480469 -0.22039794921875 0.494140625
0.0178565979003906 0.00636482238769531 0.134033203125 0.309234619140625
-0.00369930267333984 -0.00587177276611328 0.251510620117188 0.025146484375
-0.0088653564453125 -0.00889778137207031 -0.2186279296875 -0.0687408447265625
0.0224552154541016 -0.00536346435546875 -0.02880859375 -0.31304931640625
0.0193710327148438 0.00836944580078125 0.330413818359375 -0.366973876953125
-0.01312255859375 0.0289535522460938 0.72137451171875 -0.04437255859375
-0.0334548950195313 0.0396766662597656 0.59637451171875 0.7125244140625
-0.00763320922851562 -0.0326328277587891 -0.13299560546875 1.08740234375
0.0217094421386719 -0.0295200347900391 -0.62225341796875 0.58270263671875
0.0751800537109375 0.00376129150390625 0.078094482421875 0.061431884765625
0.0681953430175781 -0.0283203125 0.70587158203125 -0.599365234375
0.0154914855957031 -0.0291957855224609 0.04022216796875 -1.08758544921875
-0.0340137481689453 0.00746345520019531 -0.77813720703125 -0.494873046875
-0.0327510833740234 0.0300712585449219 -0.633056640625 0.29083251953125
0.0079193115234375 0.0216064453125 -0.215484619140625 0.496612548828125
0.0238533020019531 0.000173568725585937 0.13818359375 0.31036376953125
-0.00918960571289063 -0.0071868896484375 0.253692626953125 0.0296173095703125
-0.0110912322998047 -0.0141086578369141 -0.215530395507813 -0.0644378662109375
0.0272693634033203 -0.0104656219482422 -0.029022216796875 -0.3126220703125
0.0254840850830078 0.00382423400878906 0.33526611328125 -0.364776611328125
-0.00329780578613281 0.0321083068847656 0.7230224609375 -0.03875732421875
-0.027862548828125 0.0451774597167969 0.5927734375 0.7239990234375
-0.0100364685058594 -0.02862548828125 -0.1397705078125 1.09326171875
0.0165119171142578 -0.0318965911865234 -0.626220703125 0.58099365234375
0.0720443725585938 -0.0028533935546875 0.0800323486328125 0.06231689453125
0.0643234252929688 -0.0308074951171875 0.70123291015625 -0.60052490234375
0.0125923156738281 -0.0245990753173828 0.037353515625 -1.08355712890625
-0.0265560150146484 0.0149326324462891 -0.78070068359375 -0.4873046875
-0.0217933654785156 0.0295009613037109 -0.63348388671875 0.299072265625
0.0164651870727539 0.0137176513671875 -0.213409423828125 0.499053955078125
0.02618408203125 -0.00550079345703125 0.139923095703125 0.3095703125
-0.0117778778076172 -0.0113611221313477 0.254135131835938 0.0315093994140625
-0.0149650573730469 -0.0190315246582031 -0.217178344726563 -0.0663299560546875
0.0299301147460938 -0.0168552398681641 -0.0294189453125 -0.31402587890625
0.0313072204589844 -0.00174331665039062 0.332275390625 -0.364532470703125
0.00770950317382812 0.0341529846191406 0.72259521484375 -0.04010009765625
-0.0203170776367188 0.056060791015625 0.59454345703125 0.725341796875
-0.0105819702148438 -0.0213184356689453 -0.1368408203125 1.09521484375
0.0153427124023438 -0.0328159332275391 -0.62646484375 0.58697509765625
0.0682907104492188 -0.00652694702148438 0.0793609619140625 0.0631866455078125
0.0589866638183594 -0.0296249389648438 0.70074462890625 -0.5986328125
0.013336181640625 -0.0162115097045898 0.0382080078125 -1.08551025390625
-0.0200462341308594 0.0220947265625 -0.7823486328125 -0.4864501953125
-0.0115547180175781 0.0300388336181641 -0.63470458984375 0.2967529296875
0.0244712829589844 0.00934028625488281 -0.21527099609375 0.498291015625
0.0294933319091797 -0.0131282806396484 0.136138916015625 0.30877685546875
-0.0154914855957031 -0.0112762451171875 0.2528076171875 0.0313720703125
-0.0191421508789063 -0.0233821868896484 -0.217544555664062 -0.068756103515625
0.0330123901367188 -0.0236663818359375 -0.03173828125 -0.316497802734375
0.0426712036132813 -0.00843429565429688 0.326263427734375 -0.373291015625
0.0175132751464844 0.0353126525878906 0.72027587890625 -0.04620361328125
-0.0162200927734375 0.0658988952636719 0.59942626953125 0.71807861328125
-0.0119132995605469 -0.0133571624755859 -0.12176513671875 1.09527587890625
0.00933837890625 -0.0339794158935547 -0.61883544921875 0.59228515625
0.0674591064453125 -0.009674072265625 0.0777816772460938 0.0658493041992188
0.0571250915527344 -0.0308265686035156 0.70562744140625 -0.5928955078125
0.0135164260864258 -0.0102462768554688 0.0466918945312499 -1.0859375
-0.0166797637939453 0.0310955047607422 -0.7789306640625 -0.49249267578125
-0.00211334228515625 0.0300540924072266 -0.6380615234375 0.29119873046875
0.0326385498046875 0.00415611267089844 -0.2227783203125 0.493408203125
0.0310096740722656 -0.0206947326660156 0.134552001953125 0.3074951171875
-0.0195865631103516 -0.0154266357421875 0.248947143554687 0.029937744140625
-0.00490856170654297 -0.00723934173583984 -0.23577880859375 -0.0932006835937501
0.0178489685058594 -0.000257492065429688 -0.061981201171875 -0.33636474609375
0.0110588073730469 0.010101318359375 0.296478271484375 -0.409271240234375
-0.0219211578369141 0.0318984985351563 0.70697021484375 -0.12225341796875
-0.0369453430175781 0.0407638549804687 0.64306640625 0.63250732421875
-0.0139732360839844 -0.0265636444091797 -0.03411865234375 1.057861328125
0.0233135223388672 -0.0242729187011719 -0.56036376953125 0.6004638671875
0.0757369995117188 0.012603759765625 0.0855255126953125 0.0722579956054688
0.0746612548828125 -0.0167922973632812 0.74261474609375 -0.57196044921875
0.0204181671142578 -0.0278968811035156 0.1109619140625 -1.09808349609375
-0.0395965576171875 0.00391387939453125 -0.74176025390625 -0.55194091796875
-0.0429496765136719 0.03265380859375 -0.643798828125 0.2396240234375
-0.00103569030761719 0.0242137908935547 -0.235015869140625 0.466400146484375
0.0162925720214844 0.00434494018554688 0.1182861328125 0.292694091796875
-0.00460481643676758 -0.00511980056762695 0.238861083984375 0.00732421875
-0.00352668762207031 -0.00509548187255859 -0.230117797851563 -0.085479736328125
0.0177249908447266 0.00167083740234375 -0.05389404296875 -0.331878662109375
0.0100345611572266 0.0138282775878906 0.303070068359375 -0.399261474609375
-0.0251045227050781 0.0303077697753906 0.7093505859375 -0.10333251953125
-0.0393753051757813 0.03521728515625 0.63079833984375 0.64788818359375
-0.00959014892578125 -0.0341529846191406 -0.0576782226562499 1.05731201171875
0.0253391265869141 -0.0264415740966797 -0.57342529296875 0.5941162109375
0.0781478881835938 0.012237548828125 0.0838241577148438 0.0666656494140625
0.0745391845703125 -0.0201263427734375 0.72637939453125 -0.58282470703125
0.0211086273193359 -0.03302001953125 0.0875244140625 -1.09466552734375
-0.0411605834960938 0.000980377197265619 -0.75347900390625 -0.53424072265625
-0.045684814453125 0.0301971435546875 -0.63702392578125 0.25506591796875
-0.00363540649414063 0.0256710052490234 -0.224365234375 0.47442626953125
0.0164756774902344 0.00724601745605469 0.125762939453125 0.29827880859375
-0.00400400161743164 -0.00556278228759766 0.241165161132812 0.0136566162109375
-0.0048060417175293 -0.00531435012817383 -0.223770141601563 -0.07537841796875
0.0179290771484375 0.00220489501953125 -0.044677734375 -0.3253173828125
0.00953292846679688 0.0131454467773438 0.31121826171875 -0.387725830078125
-0.0227432250976563 0.0289897918701172 0.7109375 -0.08746337890625
-0.0385932922363281 0.0340042114257812 0.6199951171875 0.6636962890625
-0.00736618041992187 -0.0372657775878906 -0.0799560546875001 1.06243896484375
0.0249824523925781 -0.0244159698486328 -0.589111328125 0.5875244140625
0.0750732421875 0.0123825073242188 0.0812835693359375 0.063323974609375
0.0713577270507812 -0.0236740112304687 0.7119140625 -0.58636474609375
0.0190544128417969 -0.035675048828125 0.06585693359375 -1.085693359375
-0.0390815734863281 0.000213623046874994 -0.7584228515625 -0.51324462890625
-0.0448112487792969 0.0311431884765625 -0.63153076171875 0.26678466796875
-0.000827789306640628 0.0271759033203125 -0.21728515625 0.482666015625
0.0179920196533203 0.00896072387695313 0.13287353515625 0.3021240234375
-0.00740480422973633 -0.00422954559326172 0.2506103515625 0.01739501953125
-0.00429487228393555 -0.00654983520507813 -0.220123291015625 -0.07049560546875
0.0212364196777344 0.00194168090820313 -0.037017822265625 -0.31658935546875
0.0135736465454102 0.0140714645385742 0.318603515625 -0.379547119140625
-0.0207366943359375 0.0294132232666016 0.7161865234375 -0.06939697265625
-0.0348262786865234 0.0307064056396484 0.6087646484375 0.68487548828125
-0.006072998046875 -0.0377388000488281 -0.0971679687499999 1.0721435546875
0.0234012603759766 -0.0299739837646484 -0.602783203125 0.5875244140625
0.075164794921875 0.008148193359375 0.078216552734375 0.0598907470703125
0.0708770751953125 -0.0256423950195313 0.69976806640625 -0.59716796875
0.0171184539794922 -0.0347709655761719 0.0440063476562499 -1.08428955078125
-0.0382423400878906 0.00379562377929687 -0.76849365234375 -0.497314453125
-0.0391311645507813 0.0292739868164062 -0.63055419921875 0.28631591796875
0.00253868103027344 0.0239772796630859 -0.2117919921875 0.493133544921875
0.0189762115478516 0.00467491149902344 0.1361083984375 0.30609130859375
-0.00476312637329102 -0.00467157363891602 0.246963500976562 0.0215606689453125
-0.00747776031494141 -0.00991153717041016 -0.218215942382813 -0.0643920898437499
0.0215187072753906 -0.00361442565917969 -0.032928466796875 -0.310699462890625
0.0173416137695313 0.00806617736816406 0.325408935546875 -0.372161865234375
-0.0107536315917969 0.0301036834716797 0.7178955078125 -0.05615234375
-0.0333023071289063 0.0400466918945313 0.6024169921875 0.69873046875
-0.00705337524414063 -0.0344123840332031 -0.116943359375 1.0797119140625
0.0205612182617188 -0.0314044952392578 -0.6109619140625 0.5859375
0.0720291137695313 0.004302978515625 0.0793304443359375 0.0595016479492187
0.0646209716796875 -0.0280075073242187 0.69122314453125 -0.5999755859375
0.014556884765625 -0.0293827056884766 0.0296020507812499 -1.07891845703125
-0.0327548980712891 0.00703239440917968 -0.7791748046875 -0.478759765625
-0.0312156677246094 0.0306301116943359 -0.62451171875 0.2972412109375
0.00737571716308594 0.0209560394287109 -0.20574951171875 0.495452880859375
0.0230960845947266 -0.00285911560058594 0.140716552734375 0.30706787109375
-0.00880050659179688 -0.00772380828857422 0.252349853515625 0.0272674560546875
-0.0114946365356445 -0.0108842849731445 -0.21600341796875 -0.0627288818359375
0.0261344909667969 -0.0117225646972656 -0.03338623046875 -0.309326171875
0.0252361297607422 0.0037994384765625 0.326751708984375 -0.3663330078125
-0.00107574462890625 0.0324821472167969 0.7164306640625 -0.0467529296875
-0.0270271301269531 0.0476341247558594 0.597412109375 0.70947265625
-0.00803947448730469 -0.0269927978515625 -0.1204833984375 1.08526611328125
0.016143798828125 -0.0317668914794922 -0.61444091796875 0.5869140625
0.0706253051757813 -0.000213623046875 0.0773468017578125 0.059051513671875
0.0634651184082031 -0.0313491821289063 0.6866455078125 -0.60308837890625
0.0136547088623047 -0.0244693756103516 0.0228881835937501 -1.0787353515625
-0.0278854370117188 0.0136146545410156 -0.77972412109375 -0.46990966796875
-0.0201301574707031 0.0304813385009766 -0.624267578125 0.302001953125
0.0177211761474609 0.0154685974121094 -0.20574951171875 0.497894287109375
0.0244235992431641 -0.00632476806640625 0.142425537109375 0.306488037109375
-0.0126962661743164 -0.00883388519287109 0.252487182617188 0.0274200439453125
-0.0165023803710938 -0.0178413391113281 -0.214813232421875 -0.0626220703125
0.0288162231445312 -0.0158767700195312 -0.0338134765625 -0.310150146484375
0.0329055786132813 -0.000896453857421875 0.3238525390625 -0.368377685546875
0.0094146728515625 0.0343456268310547 0.717529296875 -0.04833984375
-0.01904296875 0.0558357238769531 0.60009765625 0.71124267578125
-0.00837135314941406 -0.021392822265625 -0.11920166015625 1.08612060546875
0.0118141174316406 -0.0330619812011719 -0.61541748046875 0.58984375
0.0665702819824219 -0.00524139404296875 0.0754776000976563 0.0623550415039063
0.0585517883300781 -0.0319709777832031 0.68798828125 -0.6016845703125
0.012507438659668 -0.0171194076538086 0.0240478515625 -1.07586669921875
-0.0227470397949219 0.0239162445068359 -0.78173828125 -0.47015380859375
-0.0108642578125 0.0307254791259766 -0.623046875 0.3065185546875
0.0230770111083984 0.00895881652832031 -0.208984375 0.4952392578125
0.028778076171875 -0.0147724151611328 0.14190673828125 0.30621337890625
-0.0163125991821289 -0.0104446411132813 0.2509765625 0.0294342041015625
-0.0186061859130859 -0.0242271423339844 -0.216415405273438 -0.0644989013671875
0.0303802490234375 -0.0228328704833984 -0.037261962890625 -0.3121337890625
0.0412559509277344 -0.00793838500976563 0.319305419921875 -0.371978759765625
0.0185279846191406 0.0347709655761719 0.71728515625 -0.0562744140625
-0.0141716003417969 0.0647926330566406 0.60858154296875 0.7056884765625
-0.0105476379394531 -0.0130691528320313 -0.10296630859375 1.08807373046875
0.00666999816894531 -0.0322799682617188 -0.6063232421875 0.59368896484375
0.0660667419433594 -0.0105171203613281 0.0774002075195313 0.065032958984375
0.0562248229980469 -0.0325889587402344 0.69439697265625 -0.59515380859375
0.0126256942749023 -0.00883865356445313 0.0327758789062501 -1.07879638671875
-0.0142822265625 0.0316734313964844 -0.78009033203125 -0.48016357421875
-0.003326416015625 0.0309257507324219 -0.6307373046875 0.298095703125
0.0305900573730469 0.00558853149414063 -0.2127685546875 0.493194580078125
0.0298252105712891 -0.0202388763427734 0.13629150390625 0.305145263671875
-0.0204486846923828 -0.0139865875244141 0.249130249023438 0.02777099609375
-0.00738906860351563 -0.00487184524536133 -0.23529052734375 -0.0883636474609375
0.0163516998291016 -0.0015869140625 -0.06878662109375 -0.336456298828125
0.0103635787963867 0.00968837738037109 0.289306640625 -0.40966796875
-0.0200271606445312 0.0299892425537109 0.6990966796875 -0.12847900390625
-0.0326957702636719 0.0394058227539062 0.646240234375 0.61895751953125
-0.00919914245605469 -0.0297870635986328 -0.02410888671875 1.04107666015625
0.0222282409667969 -0.0217609405517578 -0.55181884765625 0.60125732421875
0.0743789672851563 0.0122604370117188 0.0847702026367188 0.0681686401367188
0.0732574462890625 -0.0191879272460938 0.72882080078125 -0.57586669921875
0.0197544097900391 -0.0269260406494141 0.0981445312499999 -1.08819580078125
-0.0391464233398438 0.00565338134765624 -0.74462890625 -0.53778076171875
-0.0428123474121094 0.0316429138183594 -0.63470458984375 0.24249267578125
-0.00111579895019531 0.0214328765869141 -0.226593017578125 0.462646484375
0.0173025131225586 0.00401973724365234 0.1192626953125 0.288299560546875
-0.00588893890380859 -0.00577116012573242 0.236648559570312 0.00653076171875
-0.00517082214355469 -0.00378847122192383 -0.22821044921875 -0.080902099609375
0.0158853530883789 0.00213241577148438 -0.05682373046875 -0.3272705078125
0.00918483734130859 0.0121259689331055 0.2972412109375 -0.397735595703125
-0.0242767333984375 0.0313434600830078 0.703125 -0.11273193359375
-0.0385246276855469 0.0371818542480469 0.63458251953125 0.63421630859375
-0.0111713409423828 -0.0331668853759766 -0.0418701171874999 1.04736328125
0.0240192413330078 -0.0246181488037109 -0.5625 0.5926513671875
0.0753021240234375 0.0128097534179688 0.082672119140625 0.0649566650390625
0.07183837890625 -0.022705078125 0.7122802734375 -0.5802001953125
0.0188217163085937 -0.0326900482177734 0.07305908203125 -1.08404541015625
-0.0406646728515625 0.0004730224609375 -0.7493896484375 -0.51776123046875
-0.044525146484375 0.0314674377441406 -0.62939453125 0.2598876953125
-0.000869750976562499 0.0235710144042969 -0.21575927734375 0.469207763671875
0.0166587829589844 0.00554656982421875 0.128753662109375 0.2926025390625
-0.00447273254394531 -0.00390148162841797 0.242294311523438 0.0108795166015625
-0.00457239151000977 -0.00380897521972656 -0.225112915039062 -0.0763702392578125
0.0187206268310547 0.00189018249511719 -0.0496826171875 -0.3182373046875
0.0105314254760742 0.012965202331543 0.303497314453125 -0.388946533203125
-0.0254421234130859 0.0307712554931641 0.70611572265625 -0.095947265625
-0.035675048828125 0.03375244140625 0.6221923828125 0.6505126953125
-0.009674072265625 -0.0380935668945313 -0.0687255859374999 1.05413818359375
0.0222644805908203 -0.0268745422363281 -0.5770263671875 0.589111328125
0.0734481811523438 0.0129776000976563 0.0797576904296875 0.0605087280273437
0.0711898803710938 -0.02545166015625 0.699951171875 -0.58917236328125
0.0182342529296875 -0.0358543395996094 0.05841064453125 -1.078125
-0.0412673950195313 0.0010833740234375 -0.7548828125 -0.497802734375
-0.0449790954589844 0.0315971374511719 -0.6217041015625 0.2735595703125
0.000638961791992188 0.0242385864257812 -0.2069091796875 0.47998046875
0.0182266235351563 0.00491523742675781 0.137542724609375 0.297027587890625
-0.00480127334594727 -0.00236606597900391 0.243988037109375 0.014312744140625
-0.00552988052368164 -0.00627708435058594 -0.218765258789063 -0.06866455078125
0.0200119018554688 0.00160598754882813 -0.042266845703125 -0.3145751953125
0.0114736557006836 0.0125236511230469 0.313934326171875 -0.379730224609375
-0.0189037322998047 0.0327968597412109 0.70806884765625 -0.0762939453125
-0.0354690551757812 0.0347785949707031 0.61309814453125 0.6717529296875
-0.0076904296875 -0.0371170043945313 -0.0844726562500001 1.0628662109375
0.0239315032958984 -0.0273895263671875 -0.58917236328125 0.58612060546875
0.0721893310546875 0.0059967041015625 0.080474853515625 0.0600662231445313
0.0696983337402344 -0.0251579284667969 0.68768310546875 -0.59442138671875
0.016326904296875 -0.0339946746826172 0.0346679687500001 -1.07330322265625
-0.0368385314941406 0.00378799438476563 -0.76953125 -0.4815673828125
-0.0377464294433594 0.0306129455566406 -0.62164306640625 0.28814697265625
0.00128364562988281 0.0225257873535156 -0.203125 0.489898681640625
0.0191078186035156 0.00429916381835938 0.140045166015625 0.30010986328125
-0.0056610107421875 -0.00451278686523438 0.247039794921875 0.0193023681640625
-0.00746726989746094 -0.00811624526977539 -0.2171630859375 -0.0611114501953125
0.0204639434814453 -0.00329017639160156 -0.0382080078125 -0.308868408203125
0.0194187164306641 0.00886154174804688 0.31671142578125 -0.373260498046875
-0.0117206573486328 0.0299873352050781 0.7105712890625 -0.06591796875
-0.0293807983398438 0.0387954711914063 0.6065673828125 0.6849365234375
-0.00744056701660156 -0.0336990356445313 -0.100341796875 1.07025146484375
0.0185394287109375 -0.0274848937988281 -0.59912109375 0.58447265625
0.070343017578125 0.0026092529296875 0.0757675170898437 0.0575714111328125
0.0659751892089844 -0.0280685424804688 0.67742919921875 -0.59991455078125
0.0142498016357422 -0.0298194885253906 0.0157470703125 -1.07000732421875
-0.0333156585693359 0.00797843933105469 -0.775634765625 -0.465576171875
-0.0303363800048828 0.0313739776611328 -0.61419677734375 0.3006591796875
0.00853538513183594 0.0208091735839844 -0.19647216796875 0.49298095703125
0.0219364166259766 0.000606536865234375 0.145721435546875 0.3021240234375
-0.0103349685668945 -0.00692272186279297 0.249252319335938 0.0248260498046875
-0.0134792327880859 -0.0110368728637695 -0.215438842773437 -0.0594329833984375
0.0240402221679688 -0.009429931640625 -0.036346435546875 -0.306549072265625
0.0259857177734375 0.00399017333984375 0.3167724609375 -0.37005615234375
-0.00410079956054688 0.0322723388671875 0.713134765625 -0.0584716796875
-0.0226936340332031 0.0436363220214844 0.601318359375 0.6934814453125
-0.00720024108886719 -0.0276088714599609 -0.1064453125 1.07611083984375
0.0136508941650391 -0.02874755859375 -0.60760498046875 0.58721923828125
0.0687408447265625 -4.9591064453125E-05 0.0754776000976563 0.0577545166015625
0.0626182556152344 -0.0316314697265625 0.67718505859375 -0.603271484375
0.0125885009765625 -0.0270042419433594 0.0099487304687501 -1.06549072265625
-0.0263328552246094 0.0163745880126953 -0.77838134765625 -0.458984375
-0.0199260711669922 0.0298309326171875 -0.6163330078125 0.3099365234375
0.0165510177612305 0.0150079727172852 -0.194671630859375 0.49530029296875
0.0223484039306641 -0.00647354125976563 0.147003173828125 0.304718017578125
-0.0131349563598633 -0.00735187530517578 0.249465942382813 0.02618408203125
-0.0178737640380859 -0.0131607055664063 -0.217605590820313 -0.059112548828125
0.0272750854492188 -0.0161914825439453 -0.038177490234375 -0.308685302734375
0.034454345703125 -0.00240516662597656 0.316009521484375 -0.37115478515625
0.0088348388671875 0.0359001159667969 0.712158203125 -0.05712890625
-0.0174369812011719 0.0533714294433594 0.6051025390625 0.69561767578125
-0.00885200500488281 -0.0235843658447266 -0.1064453125 1.07733154296875
0.00899314880371094 -0.0315361022949219 -0.60321044921875 0.59033203125
0.0656051635742188 -0.00566864013671875 0.0778427124023437 0.05902099609375
0.0570907592773438 -0.0331802368164063 0.6748046875 -0.60101318359375
0.01226806640625 -0.0188617706298828 0.0129394531250001 -1.06610107421875
-0.018402099609375 0.0227432250976562 -0.7781982421875 -0.458251953125
-0.0126838684082031 0.0328159332275391 -0.61517333984375 0.30804443359375
0.0248031616210938 0.00826263427734375 -0.196929931640625 0.493133544921875
0.0301380157470703 -0.0148296356201172 0.14617919921875 0.300323486328125
-0.0189647674560547 -0.00993156433105469 0.244552612304687 0.0249481201171875
-0.0219821929931641 -0.0198421478271484 -0.217697143554687 -0.0607757568359375
0.0282039642333984 -0.022064208984375 -0.04107666015625 -0.311279296875
0.0392532348632813 -0.0102996826171875 0.31231689453125 -0.37274169921875
0.0179405212402344 0.0360679626464844 0.7109375 -0.06561279296875
-0.00908660888671875 0.0638236999511719 0.61151123046875 0.68890380859375
-0.00882625579833984 -0.0129842758178711 -0.095458984375 1.078125
0.00503730773925781 -0.0313835144042969 -0.59637451171875 0.5953369140625
0.0650672912597656 -0.0079803466796875 0.0780258178710938 0.0615921020507813
0.0516204833984375 -0.0329818725585938 0.6806640625 -0.59564208984375
0.0119905471801758 -0.0104255676269531 0.0238647460937499 -1.0667724609375
-0.0140552520751953 0.0309391021728516 -0.7745361328125 -0.46380615234375
-0.00411224365234375 0.0306568145751953 -0.61920166015625 0.30401611328125
0.0293312072753906 0.00372505187988281 -0.2059326171875 0.490264892578125
0.0324630737304688 -0.0210437774658203 0.138824462890625 0.29876708984375
-0.0190887451171875 -0.0126209259033203 0.243698120117188 0.024688720703125
-0.00621175765991211 -0.00526189804077148 -0.234939575195313 -0.0855712890625
0.0160932540893555 -0.000582695007324219 -0.0679931640625 -0.32928466796875
0.00920677185058594 0.0118045806884766 0.28228759765625 -0.40948486328125
-0.0207290649414062 0.0308895111083984 0.6915283203125 -0.138671875
-0.0350112915039062 0.0391464233398438 0.64727783203125 0.6051025390625
-0.00808334350585937 -0.0300712585449219 -0.0114746093750001 1.03094482421875
0.0222129821777344 -0.0221920013427734 -0.54351806640625 0.5972900390625
0.0726547241210938 0.0130462646484375 0.0819244384765625 0.0667037963867188
0.0724716186523438 -0.018310546875 0.715087890625 -0.57318115234375
0.0199756622314453 -0.0275802612304688 0.08770751953125 -1.08026123046875
-0.0368614196777344 0.00533676147460938 -0.740478515625 -0.52484130859375
-0.042694091796875 0.0319671630859375 -0.62713623046875 0.24896240234375
-0.00225257873535156 0.0238246917724609 -0.218170166015625 0.461273193359375
0.0177326202392578 0.00340652465820312 0.122894287109375 0.28570556640625
-0.00551509857177734 -0.00238370895385742 0.234725952148438 0.003936767578125
-0.00426673889160156 -0.00444459915161133 -0.227569580078125 -0.07757568359375
0.0168190002441406 0.00377082824707031 -0.061126708984375 -0.3236083984375
0.00828456878662109 0.0150661468505859 0.288818359375 -0.399200439453125
-0.0238285064697266 0.0320205688476562 0.69696044921875 -0.1207275390625
-0.0366592407226563 0.0337486267089844 0.63623046875 0.621337890625
-0.00816917419433594 -0.0343990325927734 -0.0310668945312499 1.03851318359375
0.0226249694824219 -0.0235328674316406 -0.553466796875 0.5931396484375
0.073516845703125 0.0136795043945313 0.0804214477539063 0.0606460571289063
0.0726547241210937 -0.02166748046875 0.70086669921875 -0.58038330078125
0.0225505828857422 -0.0336246490478516 0.06573486328125 -1.072998046875
-0.0403976440429688 0.000698089599609369 -0.7484130859375 -0.50732421875
-0.0431861877441406 0.032196044921875 -0.62054443359375 0.2647705078125
-0.00262069702148437 0.0254955291748047 -0.208587646484375 0.469024658203125
0.017364501953125 0.00657081604003906 0.130462646484375 0.288238525390625
-0.00483417510986328 -0.00191974639892578 0.238510131835938 0.0074920654296875
-0.00486516952514648 -0.00266313552856445 -0.223464965820312 -0.06982421875
0.0171442031860352 0.00272941589355469 -0.053955078125 -0.318878173828125
0.00781154632568359 0.0159435272216797 0.298309326171875 -0.389739990234375
-0.0245761871337891 0.0297813415527344 0.69903564453125 -0.1011962890625
-0.0346508026123047 0.0329704284667969 0.62347412109375 0.63616943359375
-0.00661849975585938 -0.0389862060546875 -0.05621337890625 1.04498291015625
0.0229206085205078 -0.0231838226318359 -0.57037353515625 0.58782958984375
0.0724105834960938 0.0115890502929688 0.0795669555664063 0.0593338012695313
0.0737457275390625 -0.02593994140625 0.68914794921875 -0.58746337890625
0.0182991027832031 -0.0368194580078125 0.04510498046875 -1.0665283203125
-0.0393562316894531 0.00147247314453126 -0.75439453125 -0.4866943359375
-0.0437049865722656 0.0323944091796875 -0.6136474609375 0.27801513671875
-0.00152969360351562 0.0264396667480469 -0.2015380859375 0.47601318359375
0.0181961059570313 0.00658035278320312 0.140380859375 0.29315185546875
-0.00476503372192383 -0.000382423400878906 0.24261474609375 0.0153350830078125
-0.00737905502319336 -0.00400543212890625 -0.216995239257813 -0.0636749267578125
0.0175018310546875 0.00207805633544922 -0.047271728515625 -0.310577392578125
0.0113754272460938 0.0127944946289063 0.3074951171875 -0.3826904296875
-0.0182628631591797 0.0303306579589844 0.7044677734375 -0.08331298828125
-0.0337963104248047 0.0334148406982422 0.6199951171875 0.658447265625
-0.007476806640625 -0.0366935729980469 -0.0728149414062499 1.05487060546875
0.02154541015625 -0.0240306854248047 -0.581787109375 0.5841064453125
0.0705718994140625 0.00705718994140625 0.0775375366210938 0.0551834106445313
0.0675468444824219 -0.0265045166015625 0.67425537109375 -0.5985107421875
0.0166168212890625 -0.0326423645019531 0.0237426757812499 -1.0648193359375
-0.0375595092773438 0.00305557250976562 -0.7667236328125 -0.468505859375
-0.0372047424316406 0.03118896484375 -0.61322021484375 0.29376220703125
0.00251388549804687 0.0237751007080078 -0.19659423828125 0.486541748046875
0.0190048217773437 0.00435066223144531 0.14117431640625 0.29742431640625
-0.00684118270874023 -0.00339269638061523 0.243408203125 0.0180206298828125
-0.0087442398071289 -0.00568008422851563 -0.214508056640625 -0.05950927734375
0.0197982788085938 -0.00234031677246094 -0.04229736328125 -0.30426025390625
0.0174531936645508 0.0087738037109375 0.31439208984375 -0.373626708984375
-0.0128097534179688 0.0317802429199219 0.70562744140625 -0.072509765625
-0.0281867980957031 0.0381698608398438 0.60968017578125 0.67254638671875
-0.00926589965820313 -0.0352973937988281 -0.0899047851562501 1.060302734375
0.0177383422851563 -0.0273246765136719 -0.59136962890625 0.58209228515625
0.0670318603515625 0.00161361694335937 0.076629638671875 0.0542831420898437
0.0654144287109375 -0.0289802551269531 0.6671142578125 -0.59942626953125
0.0154743194580078 -0.0307636260986328 0.00787353515624992 -1.05908203125
-0.0314903259277344 0.00709724426269531 -0.77447509765625 -0.4534912109375
-0.0280685424804688 0.0332145690917969 -0.60443115234375 0.30499267578125
0.00870704650878906 0.0184803009033203 -0.190216064453125 0.49102783203125
0.0211639404296875 -0.00168991088867188 0.14849853515625 0.297607421875
-0.00913810729980469 -0.00615882873535156 0.246292114257813 0.02325439453125
-0.0134925842285156 -0.0104427337646484 -0.214019775390625 -0.0569000244140625
0.0232448577880859 -0.0078125 -0.040008544921875 -0.30426025390625
0.0227718353271484 0.0034332275390625 0.311309814453125 -0.367889404296875
-0.00159645080566406 0.0338878631591797 0.70556640625 -0.06549072265625
-0.0233917236328125 0.0447959899902344 0.60723876953125 0.68243408203125
-0.00809669494628906 -0.0282211303710938 -0.0952758789062499 1.06646728515625
0.0135669708251953 -0.0283756256103516 -0.5953369140625 0.58306884765625
0.0646629333496094 0.00011444091796875 0.0744705200195313 0.0549240112304687
0.0615501403808594 -0.0333290100097656 0.6630859375 -0.602783203125
0.0148735046386719 -0.0258388519287109 0.00311279296875004 -1.05615234375
-0.0259609222412109 0.0144481658935547 -0.777587890625 -0.447509765625
-0.0202598571777344 0.0317230224609375 -0.605712890625 0.31121826171875
0.0172290802001953 0.0134658813476562 -0.188079833984375 0.490875244140625
0.0245094299316406 -0.00826835632324219 0.14947509765625 0.2984619140625
-0.0116786956787109 -0.00697517395019531 0.247024536132813 0.0225830078125
-0.0164117813110352 -0.0141706466674805 -0.215484619140625 -0.059844970703125
0.0271167755126953 -0.0115528106689453 -0.039337158203125 -0.305023193359375
0.0315723419189453 -0.00293540954589844 0.312103271484375 -0.366851806640625
0.00872039794921875 0.0363998413085937 0.70458984375 -0.06396484375
-0.0142364501953125 0.0537910461425781 0.60736083984375 0.68353271484375
-0.0100593566894531 -0.0223903656005859 -0.0923461914062499 1.06683349609375
0.0105419158935547 -0.0308322906494141 -0.593505859375 0.58740234375
0.0636138916015625 -0.0065155029296875 0.0770950317382813 0.0569229125976563
0.0560646057128906 -0.0319099426269531 0.66082763671875 -0.5997314453125
0.0130443572998047 -0.0211677551269531 0.00262451171875004 -1.05706787109375
-0.0187740325927734 0.0228919982910156 -0.775634765625 -0.44622802734375
-0.00894355773925781 0.0311203002929688 -0.6065673828125 0.31146240234375
0.0241241455078125 0.00769233703613281 -0.19012451171875 0.489227294921875
0.0270786285400391 -0.0163097381591797 0.14569091796875 0.2972412109375
-0.0180072784423828 -0.00999069213867187 0.246826171875 0.025054931640625
-0.0196170806884766 -0.0185699462890625 -0.216079711914063 -0.0596160888671875
0.0302677154541016 -0.0202445983886719 -0.0462646484375 -0.307037353515625
0.0374946594238281 -0.00945281982421875 0.3056640625 -0.37310791015625
0.0178070068359375 0.0369338989257813 0.70526123046875 -0.07281494140625
-0.0108528137207031 0.0625381469726563 0.617431640625 0.6766357421875
-0.0101585388183594 -0.0147542953491211 -0.08160400390625 1.0684814453125
0.00571441650390625 -0.0282859802246094 -0.58685302734375 0.59063720703125
0.0631866455078125 -0.00809860229492188 0.0762710571289063 0.0609054565429688
0.05194091796875 -0.033477783203125 0.66845703125 -0.59490966796875
0.0134086608886719 -0.0100250244140625 0.01165771484375 -1.05517578125
-0.0100231170654297 0.031585693359375 -0.77337646484375 -0.45196533203125
-0.00159835815429687 0.0315284729003906 -0.61358642578125 0.305419921875
0.0296630859375 0.00481033325195313 -0.1954345703125 0.487945556640625
0.0295963287353516 -0.0229320526123047 0.141998291015625 0.294677734375
-0.0195159912109375 -0.0118923187255859 0.242218017578125 0.0253448486328125
-0.00803184509277344 -0.00414133071899414 -0.231201171875 -0.0826873779296875
0.0151910781860352 0.000598907470703125 -0.072479248046875 -0.325927734375
0.0103330612182617 0.00984382629394531 0.27484130859375 -0.408905029296875
-0.0197010040283203 0.0323734283447266 0.686279296875 -0.14068603515625
-0.0320510864257813 0.0386199951171875 0.64825439453125 0.5914306640625
-0.0100364685058594 -0.0299663543701172 -0.00311279296874997 1.0220947265625
0.0195903778076172 -0.0199813842773438 -0.53363037109375 0.59588623046875
0.0712890625 0.0109176635742188 0.0808029174804688 0.0645980834960938
0.0717010498046875 -0.0203018188476562 0.70562744140625 -0.57275390625
0.0207901000976563 -0.0296916961669922 0.07806396484375 -1.066162109375
-0.0354843139648438 0.00589752197265625 -0.73663330078125 -0.51556396484375
-0.0411567687988281 0.0313186645507812 -0.61859130859375 0.2509765625
-0.00104522705078125 0.0238056182861328 -0.21319580078125 0.457611083984375
0.0159740447998047 0.00162601470947266 0.1221923828125 0.2822265625
-0.00929737091064453 -0.00230312347412109 0.232086181640625 0.0022430419921875
-0.00581502914428711 -0.00331401824951172 -0.226486206054688 -0.0748748779296875
0.0174283981323242 0.00136661529541016 -0.063232421875 -0.319061279296875
0.00799083709716797 0.0140161514282227 0.282989501953125 -0.39892578125
-0.0234699249267578 0.0313282012939453 0.6903076171875 -0.1246337890625
-0.0350761413574219 0.0358657836914063 0.63726806640625 0.6077880859375
-0.00897216796875 -0.0346755981445313 -0.0231933593750001 1.029296875
0.0237751007080078 -0.0218620300292969 -0.54583740234375 0.58831787109375
0.0720901489257813 0.0122222900390625 0.0793609619140625 0.0610809326171875
0.0707168579101563 -0.0224990844726563 0.69207763671875 -0.5792236328125
0.0206718444824219 -0.0330734252929688 0.0578613281249999 -1.0643310546875
-0.0392227172851563 0.00295257568359376 -0.74639892578125 -0.4981689453125
-0.0451202392578125 0.0335731506347656 -0.61346435546875 0.26739501953125
-0.0030670166015625 0.0228824615478516 -0.20306396484375 0.466888427734375
0.01812744140625 0.00708961486816406 0.132171630859375 0.286956787109375
-0.00663900375366211 -0.000955104827880858 0.234710693359375 0.006866455078125
-0.00571155548095703 -0.00276279449462891 -0.222396850585938 -0.0699462890625
0.0169734954833984 0.00341987609863281 -0.0565185546875 -0.31304931640625
0.00831031799316406 0.0160369873046875 0.29132080078125 -0.38934326171875
-0.0246791839599609 0.0289745330810547 0.693603515625 -0.1068115234375
-0.0336856842041016 0.0313873291015625 0.62469482421875 0.626953125
-0.00769805908203125 -0.0379791259765625 -0.0455322265625 1.0335693359375
0.0226879119873047 -0.0215282440185547 -0.56182861328125 0.58404541015625
0.0713653564453125 0.0116119384765625 0.0772323608398438 0.0561141967773438
0.0724105834960938 -0.0259323120117187 0.678955078125 -0.58624267578125
0.0173931121826172 -0.0348987579345703 0.0378417968750001 -1.0570068359375
-0.0374755859375 0.000682830810546875 -0.75201416015625 -0.47784423828125
-0.0421676635742187 0.0319938659667969 -0.605224609375 0.28033447265625
-0.000532150268554686 0.0251331329345703 -0.1937255859375 0.474365234375
0.0167474746704102 0.00371360778808594 0.141021728515625 0.288909912109375
-0.00487804412841797 -0.00102138519287109 0.240646362304687 0.013397216796875
-0.00564050674438477 -0.00279426574707031 -0.217239379882813 -0.0628814697265625
0.0182838439941406 0.00103378295898438 -0.04791259765625 -0.30859375
0.0124597549438477 0.0136041641235352 0.30230712890625 -0.379638671875
-0.0187416076660156 0.0317249298095703 0.69818115234375 -0.0899658203125
-0.0317516326904297 0.0311012268066406 0.61981201171875 0.647705078125
-0.00919342041015625 -0.0376167297363281 -0.0650634765625 1.04400634765625
0.0210494995117188 -0.0245914459228516 -0.57183837890625 0.581787109375
0.0676689147949219 0.00945663452148437 0.0760574340820313 0.0548553466796875
0.0675048828125 -0.029754638671875 0.6654052734375 -0.594482421875
0.0152378082275391 -0.0341796875 0.0164794921874999 -1.0537109375
-0.0353507995605469 0.002838134765625 -0.7645263671875 -0.45977783203125
-0.0358695983886719 0.0299720764160156 -0.603515625 0.29522705078125
0.00205421447753906 0.0228672027587891 -0.1873779296875 0.484100341796875
0.0181732177734375 0.000858306884765625 0.145355224609375 0.295684814453125
-0.00652313232421875 -0.00184774398803711 0.24285888671875 0.016510009765625
-0.00809288024902344 -0.00415277481079102 -0.215011596679688 -0.0572357177734375
0.0202445983886719 0.000225067138671875 -0.04296875 -0.303680419921875
0.0172853469848633 0.00990962982177735 0.304443359375 -0.372802734375
-0.0118961334228516 0.0324592590332031 0.69873046875 -0.0765380859375
-0.0265655517578125 0.0370635986328125 0.6116943359375 0.65985107421875
-0.00702857971191407 -0.0350551605224609 -0.0808105468749999 1.05072021484375
0.0161991119384766 -0.0257625579833984 -0.58099365234375 0.58184814453125
0.0679893493652344 0.00566482543945313 0.0747222900390625 0.0545654296875
0.0639457702636719 -0.0296783447265625 0.65460205078125 -0.59808349609375
0.0141448974609375 -0.0323944091796875 0.00115966796874992 -1.05010986328125
-0.0312728881835938 0.00849723815917968 -0.77008056640625 -0.44464111328125
-0.0287017822265625 0.0342884063720703 -0.5958251953125 0.30706787109375
0.00963020324707031 0.0195350646972656 -0.181304931640625 0.488250732421875
0.0219497680664063 -0.0017547607421875 0.1488037109375 0.294586181640625
-0.0115518569946289 -0.00356674194335937 0.24383544921875 0.01983642578125
-0.0129804611206055 -0.00947761535644531 -0.212539672851563 -0.055877685546875
0.0230827331542969 -0.00837898254394531 -0.043701171875 -0.3004150390625
0.0230941772460938 0.00368118286132812 0.305419921875 -0.3673095703125
-0.00119590759277344 0.0331974029541016 0.70050048828125 -0.0704345703125
-0.0210075378417969 0.0440750122070313 0.60809326171875 0.6668701171875
-0.004669189453125 -0.0304222106933594 -0.084716796875 1.05615234375
0.0125865936279297 -0.0292377471923828 -0.58526611328125 0.581787109375
0.0644607543945313 -0.0024566650390625 0.0737533569335938 0.0547561645507813
0.0585784912109375 -0.0320854187011719 0.65362548828125 -0.6007080078125
0.0137214660644531 -0.0270233154296875 -0.00384521484375004 -1.044921875
-0.0255470275878906 0.0150947570800781 -0.7734375 -0.43695068359375
-0.0203495025634766 0.0322799682617188 -0.598876953125 0.3150634765625
0.0175399780273437 0.0153646469116211 -0.181396484375 0.489410400390625
0.0242862701416016 -0.0103855133056641 0.148223876953125 0.293060302734375
-0.0135507583618164 -0.00489521026611328 0.243438720703125 0.0225982666015625
-0.0167970657348633 -0.013427734375 -0.215133666992188 -0.0551910400390625
0.0250434875488281 -0.0137367248535156 -0.04412841796875 -0.300262451171875
0.0310840606689453 -0.000591278076171875 0.305633544921875 -0.3690185546875
0.00741767883300781 0.0350837707519531 0.700927734375 -0.0701904296875
-0.0136070251464844 0.0522804260253906 0.60577392578125 0.67181396484375
-0.00879096984863281 -0.0234413146972656 -0.0842285156250001 1.06121826171875
0.00942230224609375 -0.0277290344238281 -0.5860595703125 0.58612060546875
0.06341552734375 -0.00468063354492187 0.0749740600585937 0.0572128295898437
0.0548057556152344 -0.0347099304199219 0.65472412109375 -0.59783935546875
0.0138778686523438 -0.0202102661132813 -0.00189208984374991 -1.0435791015625
-0.0178985595703125 0.023773193359375 -0.77392578125 -0.434814453125
-0.00803756713867188 0.03369140625 -0.59716796875 0.3153076171875
0.0213432312011719 0.00639152526855469 -0.185516357421875 0.488555908203125
0.0272884368896484 -0.0150356292724609 0.147308349609375 0.292877197265625
-0.01837158203125 -0.00658798217773437 0.24371337890625 0.0220794677734375
-0.0204696655273438 -0.0163192749023438 -0.217941284179688 -0.0576629638671875
0.0303401947021484 -0.0218925476074219 -0.0487060546875 -0.30401611328125
0.0381927490234375 -0.00603866577148438 0.30096435546875 -0.3734130859375
0.0171012878417969 0.0351600646972656 0.7001953125 -0.07623291015625
-0.00986099243164063 0.0614700317382812 0.61456298828125 0.6661376953125
-0.00965309143066406 -0.0153083801269531 -0.07318115234375 1.05560302734375
0.00555992126464843 -0.0297660827636719 -0.57830810546875 0.59014892578125
0.0603294372558594 -0.0080413818359375 0.0763092041015625 0.0615081787109375
0.0544853210449219 -0.0330429077148438 0.65887451171875 -0.5933837890625
0.0120449066162109 -0.013524055480957 0.00781250000000004 -1.04571533203125
-0.0111980438232422 0.0312423706054688 -0.770263671875 -0.4407958984375
4.00543212890625E-05 0.0332508087158203 -0.60296630859375 0.30743408203125
0.0294132232666016 0.00338363647460938 -0.192626953125 0.48565673828125
0.0313034057617188 -0.0241222381591797 0.1414794921875 0.291961669921875
-0.0216236114501953 -0.01043701171875 0.242263793945313 0.024169921875
-0.00943470001220703 -0.00211524963378906 -0.231491088867188 -0.080718994140625
0.0176162719726563 0.000329971313476563 -0.074188232421875 -0.32476806640625
0.0116739273071289 0.0117521286010742 0.26824951171875 -0.4068603515625
-0.0180702209472656 0.0335884094238281 0.68096923828125 -0.143798828125
-0.0297393798828125 0.0392189025878906 0.6485595703125 0.58355712890625
-0.00753593444824219 -0.0294265747070312 0.00360107421875009 1.01312255859375
0.0191307067871094 -0.0200328826904297 -0.52716064453125 0.5921630859375
0.0694770812988281 0.0105094909667969 0.0792465209960938 0.0629425048828125
0.0698623657226563 -0.0203742980957031 0.69683837890625 -0.5665283203125
0.0187549591064453 -0.0295276641845703 0.0775146484375 -1.06085205078125
-0.0358123779296875 0.00661849975585937 -0.734375 -0.506103515625
-0.0430755615234375 0.0350418090820312 -0.611083984375 0.2535400390625
2.09808349609378E-05 0.0215091705322266 -0.207122802734375 0.4541015625
0.0179653167724609 0.00243377685546875 0.124008178710938 0.279327392578125
-0.00921344757080078 -0.00051403045654297 0.228317260742188 0.0034637451171875
-0.00424981117248535 0.000177860260009765 -0.226699829101562 -0.074676513671875
0.0159378051757813 0.00441265106201172 -0.0672607421875 -0.31732177734375
0.00782012939453125 0.0169610977172852 0.27996826171875 -0.3992919921875
-0.0217151641845703 0.0323066711425781 0.6829833984375 -0.12841796875
-0.0349884033203125 0.0330047607421875 0.63812255859375 0.59735107421875
-0.0080108642578125 -0.0359230041503906 -0.0189819335937499 1.017822265625
0.0217132568359375 -0.0218944549560547 -0.540283203125 0.58349609375
0.0718536376953125 0.0118026733398438 0.075775146484375 0.0612258911132813
0.0700759887695313 -0.0233612060546875 0.6810302734375 -0.57666015625
0.0182991027832031 -0.0357208251953125 0.0529785156249999 -1.054443359375
-0.0372657775878906 0.00135421752929687 -0.740966796875 -0.4892578125
-0.0430030822753906 0.0333480834960938 -0.6026611328125 0.26837158203125
-0.00268363952636719 0.0246086120605469 -0.195526123046875 0.464385986328125
0.0153980255126953 0.00544452667236328 0.132171630859375 0.2835693359375
-0.00703763961791992 0.00207996368408203 0.232574462890625 0.009033203125
-0.00700139999389648 0.000252723693847657 -0.222335815429687 -0.0660552978515625
0.0177383422851563 0.00432968139648438 -0.0587158203125 -0.311798095703125
0.00867271423339844 0.0139741897583008 0.2869873046875 -0.3880615234375
-0.0247268676757813 0.0315704345703125 0.6881103515625 -0.10943603515625
-0.0328216552734375 0.0311527252197266 0.6248779296875 0.61541748046875
-0.00807571411132813 -0.03863525390625 -0.04071044921875 1.02252197265625
0.0227031707763672 -0.021820068359375 -0.554931640625 0.5819091796875
0.0709915161132812 0.0121383666992188 0.075836181640625 0.057098388671875
0.0678443908691406 -0.0238304138183594 0.6689453125 -0.581298828125
0.0179023742675781 -0.0382156372070313 0.03607177734375 -1.0494384765625
-0.03753662109375 0.000831604003906254 -0.748779296875 -0.4681396484375
-0.0426445007324219 0.0344581604003906 -0.5989990234375 0.28271484375
-0.00123214721679687 0.025115966796875 -0.18792724609375 0.4718017578125
0.0172033309936523 0.00461864471435547 0.138580322265625 0.28790283203125
-0.00553560256958008 -7.0571899414063E-05 0.237396240234375 0.013153076171875
-0.00597858428955078 -0.000620841979980468 -0.213348388671875 -0.0606231689453125
0.0187397003173828 0.00172615051269531 -0.05133056640625 -0.305999755859375
0.0122127532958984 0.0149240493774414 0.29595947265625 -0.37872314453125
-0.0194587707519531 0.0318775177001953 0.69158935546875 -0.093505859375
-0.0320873260498047 0.0326957702636719 0.62091064453125 0.6370849609375
-0.00448989868164062 -0.0385856628417969 -0.0601806640624999 1.03546142578125
0.0197181701660156 -0.0213794708251953 -0.56475830078125 0.5771484375
0.0675544738769531 0.00795745849609375 0.0750961303710938 0.05389404296875
0.0665817260742188 -0.0296173095703125 0.6588134765625 -0.58984375
0.0175399780273437 -0.0341854095458984 0.0106201171875 -1.04254150390625
-0.0359153747558594 0.00292587280273437 -0.759033203125 -0.4515380859375
-0.0366783142089844 0.033233642578125 -0.59521484375 0.2957763671875
0.00384140014648437 0.0233383178710938 -0.18310546875 0.478240966796875
0.0171384811401367 0.00150775909423828 0.144775390625 0.28948974609375
-0.00705337524414063 -0.0015101432800293 0.240859985351563 0.0177459716796875
-0.00964069366455078 -0.00446987152099609 -0.214157104492188 -0.0548248291015625
0.0204315185546875 -0.00270843505859375 -0.046173095703125 -0.300018310546875
0.0166225433349609 0.00945663452148437 0.299102783203125 -0.37255859375
-0.00994300842285157 0.0313243865966797 0.6927490234375 -0.0821533203125
-0.0266609191894531 0.0359878540039063 0.61151123046875 0.64923095703125
-0.0062713623046875 -0.0345420837402344 -0.0753173828125 1.04229736328125
0.0147895812988281 -0.0243015289306641 -0.57550048828125 0.5780029296875
0.0645790100097656 0.00617218017578125 0.0730361938476563 0.053619384765625
0.0614013671875 -0.03216552734375 0.64617919921875 -0.59295654296875
0.0147972106933594 -0.0355300903320313 -0.00372314453125009 -1.03912353515625
-0.0304203033447266 0.00956344604492187 -0.7652587890625 -0.4356689453125
-0.0290908813476562 0.0337982177734375 -0.589111328125 0.3092041015625
0.00767707824707031 0.0191535949707031 -0.1783447265625 0.484710693359375
0.019134521484375 -0.00262260437011719 0.14776611328125 0.290618896484375
-0.00876426696777344 -0.00483083724975586 0.24176025390625 0.0195770263671875
-0.0147914886474609 -0.00771903991699219 -0.21136474609375 -0.0529327392578125
0.0231533050537109 -0.00977325439453125 -0.044464111328125 -0.29620361328125
0.0252456665039063 0.00617408752441406 0.3011474609375 -0.3662109375
-0.00412750244140625 0.0361442565917969 0.695068359375 -0.07568359375
-0.0223731994628906 0.0423927307128906 0.60833740234375 0.65625
-0.00782585144042969 -0.0325946807861328 -0.0776367187499999 1.0458984375
0.0134754180908203 -0.0257644653320313 -0.5784912109375 0.57513427734375
0.0621147155761719 -9.1552734375E-05 0.0721817016601563 0.0528564453125
0.0587005615234375 -0.0342597961425781 0.64312744140625 -0.5989990234375
0.0139865875244141 -0.0292911529541016 -0.0111083984375 -1.0367431640625
-0.0231647491455078 0.0137557983398438 -0.76629638671875 -0.4295654296875
-0.0197544097900391 0.0310840606689453 -0.58843994140625 0.31280517578125
0.0169334411621094 0.0135393142700195 -0.17889404296875 0.482635498046875
0.0238094329833984 -0.00826644897460938 0.14984130859375 0.289306640625
-0.014460563659668 -0.00710201263427735 0.2410888671875 0.0207672119140625
-0.0187244415283203 -0.00955581665039063 -0.211288452148438 -0.0532073974609375
0.0260601043701172 -0.0145587921142578 -0.04693603515625 -0.297882080078125
0.0298976898193359 -0.00243186950683594 0.298675537109375 -0.3687744140625
0.00774574279785156 0.0345249176025391 0.6947021484375 -0.07403564453125
-0.0142059326171875 0.0516014099121094 0.609130859375 0.6614990234375
-0.00684356689453125 -0.0246143341064453 -0.0778808593750001 1.04766845703125
0.00979232788085938 -0.0261440277099609 -0.57806396484375 0.58343505859375
0.0588264465332031 -0.0040740966796875 0.0734710693359375 0.055694580078125
0.0524520874023438 -0.0341072082519531 0.64617919921875 -0.59759521484375
0.0143699645996094 -0.01910400390625 -0.00671386718750009 -1.03729248046875
-0.0164127349853516 0.0226707458496094 -0.7679443359375 -0.427734375
-0.00936126708984375 0.02978515625 -0.59088134765625 0.31646728515625
0.0230617523193359 0.00925254821777344 -0.179595947265625 0.4866943359375
0.0272674560546875 -0.0154972076416016 0.149749755859375 0.290618896484375
-0.0174961090087891 -0.00701045989990234 0.2423095703125 0.0229644775390625
-0.0217227935791016 -0.0158271789550781 -0.215606689453125 -0.0564727783203125
0.0271377563476563 -0.0211124420166016 -0.0499267578125 -0.302978515625
0.0387687683105469 -0.0062103271484375 0.2943115234375 -0.371826171875
0.0165672302246094 0.034942626953125 0.6923828125 -0.08331298828125
-0.00619506835937501 0.0586280822753906 0.61614990234375 0.657470703125
-0.00815773010253906 -0.0159816741943359 -0.0654907226562501 1.048828125
0.00450515747070312 -0.0286788940429688 -0.57220458984375 0.586669921875
0.0582122802734375 -0.00774383544921875 0.072998046875 0.0597763061523437
0.0511474609375 -0.0330619812011719 0.650146484375 -0.59002685546875
0.0117855072021484 -0.0118141174316406 0.00274658203124993 -1.03717041015625
-0.0116729736328125 0.0316791534423828 -0.7659912109375 -0.432861328125
-0.00250816345214844 0.0316009521484375 -0.59466552734375 0.30908203125
0.0298118591308594 0.00299453735351563 -0.18572998046875 0.479766845703125
0.0300407409667969 -0.0242233276367188 0.142791748046875 0.2874755859375
-0.0213127136230469 -0.00850486755371094 0.23870849609375 0.02001953125
-0.00880813598632813 4.76837158203054E-06 -0.2310791015625 -0.0816192626953125
0.0171051025390625 0.000799179077148437 -0.07568359375 -0.31964111328125
0.0100126266479492 0.0130147933959961 0.26751708984375 -0.405487060546875
-0.0173988342285156 0.0310516357421875 0.67523193359375 -0.1453857421875
-0.0312843322753906 0.0373954772949219 0.647216796875 0.57366943359375
-0.00804328918457031 -0.0307807922363281 0.00714111328124993 1.00543212890625
0.0191078186035156 -0.0200309753417969 -0.52239990234375 0.59014892578125
0.0659637451171875 0.0141410827636719 0.0778732299804688 0.0614089965820313
0.0698585510253906 -0.0213127136230469 0.69110107421875 -0.562744140625
0.0200729370117188 -0.0311145782470703 0.0744018554687501 -1.05279541015625
-0.036285400390625 0.00728225708007813 -0.73248291015625 -0.50030517578125
-0.0406265258789063 0.0347557067871094 -0.60833740234375 0.25347900390625
0.000289916992187502 0.0227890014648438 -0.202484130859375 0.4544677734375
0.0141096115112305 0.00317764282226563 0.126174926757812 0.275344848632813
-0.00813722610473633 0.000145912170410156 0.2265625 0.001007080078125
-0.00410032272338867 0.000680208206176758 -0.22576904296875 -0.074371337890625
0.0162324905395508 0.00480747222900391 -0.0679931640625 -0.316558837890625
0.00765037536621094 0.014369010925293 0.27642822265625 -0.398040771484375
-0.0213031768798828 0.0331172943115234 0.67938232421875 -0.1302490234375
-0.0335979461669922 0.0316390991210938 0.636474609375 0.5924072265625
-0.00712966918945313 -0.0358428955078125 -0.0127563476562501 1.00946044921875
0.0229892730712891 -0.0197238922119141 -0.53582763671875 0.58551025390625
0.0683860778808594 0.013397216796875 0.0756072998046875 0.0596694946289063
0.0712661743164063 -0.0242156982421875 0.67449951171875 -0.571533203125
0.0192852020263672 -0.0344657897949219 0.04998779296875 -1.046875
-0.0371437072753906 0.00232696533203125 -0.73638916015625 -0.48370361328125
-0.0425376892089844 0.0325965881347656 -0.59808349609375 0.26812744140625
-0.00408935546875 0.0243911743164062 -0.192840576171875 0.46270751953125
0.0157594680786133 0.00386524200439453 0.134246826171875 0.2823486328125
-0.00884914398193359 -0.00165557861328125 0.231613159179687 0.0068511962890625
-0.0051426887512207 0.000751495361328125 -0.220657348632813 -0.064910888671875
0.0153713226318359 0.00530147552490234 -0.060821533203125 -0.307342529296875
0.00919532775878906 0.0130014419555664 0.283203125 -0.387664794921875
-0.0238533020019531 0.0300827026367187 0.683349609375 -0.1136474609375
-0.0338706970214844 0.0301475524902344 0.6234130859375 0.6070556640625
-0.00760650634765625 -0.0389480590820313 -0.03594970703125 1.017333984375
0.0210895538330078 -0.0202960968017578 -0.54901123046875 0.57708740234375
0.0672645568847656 0.0128440856933594 0.0727310180664063 0.055389404296875
0.0679702758789063 -0.0264663696289063 0.66387939453125 -0.5789794921875
0.0191917419433594 -0.0368614196777344 0.0316162109375 -1.0380859375
-0.0366783142089844 9.5367431640631E-05 -0.74359130859375 -0.461669921875
-0.0431175231933594 0.0366783142089844 -0.59405517578125 0.2825927734375
-0.00318145751953125 0.0251483917236328 -0.18524169921875 0.46710205078125
0.0162630081176758 0.00379085540771484 0.141357421875 0.28497314453125
-0.00650453567504883 -0.000967979431152343 0.2357177734375 0.0135650634765625
-0.00744915008544922 0.000129222869873048 -0.216323852539062 -0.059661865234375
0.0183753967285156 0.00369644165039063 -0.0538330078125 -0.30242919921875
0.0120611190795898 0.0135107040405273 0.290679931640625 -0.37750244140625
-0.0213565826416016 0.0316867828369141 0.6905517578125 -0.09661865234375
-0.0308036804199219 0.0291519165039062 0.6173095703125 0.63006591796875
-0.00523757934570313 -0.0385589599609375 -0.0519409179687501 1.0252685546875
0.0189723968505859 -0.0219249725341797 -0.5614013671875 0.57781982421875
0.0632095336914063 0.00828933715820313 0.0707015991210938 0.052581787109375
0.0652351379394531 -0.0291671752929688 0.6497802734375 -0.58551025390625
0.0150566101074219 -0.0347652435302734 0.01080322265625 -1.038330078125
-0.0346698760986328 0.00271987915039063 -0.7540283203125 -0.44586181640625
-0.0379714965820313 0.0333404541015625 -0.58819580078125 0.298095703125
0.00363731384277344 0.0220794677734375 -0.179718017578125 0.477020263671875
0.0181541442871094 0.000646591186523438 0.143310546875 0.287384033203125
-0.00644493103027344 -0.000473022460937501 0.23809814453125 0.0181732177734375
-0.00753355026245117 -0.00438737869262695 -0.211593627929688 -0.056549072265625
0.0213642120361328 5.53131103515625E-05 -0.04827880859375 -0.29925537109375
0.0165596008300781 0.00897789001464844 0.296356201171875 -0.37078857421875
-0.0115032196044922 0.0320644378662109 0.68896484375 -0.0843505859375
-0.0250511169433594 0.0333042144775391 0.6103515625 0.6427001953125
-0.00649261474609375 -0.0361480712890625 -0.068603515625 1.0311279296875
0.0144004821777344 -0.0234375 -0.57080078125 0.5750732421875
0.0628089904785156 0.00460433959960938 0.072296142578125 0.0516510009765625
0.0609207153320313 -0.0294723510742188 0.64068603515625 -0.5899658203125
0.0150356292724609 -0.0307636260986328 -0.00573730468749999 -1.0313720703125
-0.0292625427246094 0.00870513916015625 -0.761474609375 -0.4293212890625
-0.0272483825683594 0.0341434478759766 -0.582763671875 0.308349609375
0.00898170471191406 0.0198345184326172 -0.171417236328125 0.48028564453125
0.0195884704589844 -0.00289535522460937 0.149871826171875 0.291107177734375
-0.00959396362304687 -0.0025339126586914 0.24169921875 0.02081298828125
-0.0136394500732422 -0.00636863708496094 -0.209304809570313 -0.0529937744140625
0.0228996276855469 -0.00796318054199219 -0.047149658203125 -0.296417236328125
0.0234527587890625 0.00581741333007812 0.29852294921875 -0.368743896484375
-4.57763671874991E-05 0.0362701416015625 0.6920166015625 -0.07861328125
-0.0206298828125 0.0417709350585938 0.60650634765625 0.6495361328125
-0.00644683837890625 -0.0327396392822266 -0.07476806640625 1.0382080078125
0.0104198455810547 -0.0237655639648438 -0.57489013671875 0.5748291015625
0.0605583190917969 0.00107955932617188 0.0702629089355469 0.052642822265625
0.0572052001953125 -0.0329933166503906 0.6390380859375 -0.5914306640625
0.0155258178710938 -0.0273380279541016 -0.013427734375 -1.0267333984375
-0.0219268798828125 0.0124950408935547 -0.76336669921875 -0.42193603515625
-0.0187511444091797 0.0333671569824219 -0.5841064453125 0.31427001953125
0.0147533416748047 0.0147199630737305 -0.17230224609375 0.482879638671875
0.0215511322021484 -0.0111503601074219 0.14990234375 0.28826904296875
-0.0153055191040039 -0.00109672546386719 0.239654541015625 0.02215576171875
-0.0186481475830078 -0.0094146728515625 -0.211349487304688 -0.05206298828125
0.0259780883789063 -0.0137271881103516 -0.046844482421875 -0.296478271484375
0.0316963195800781 0.000158309936523438 0.295654296875 -0.366668701171875
0.00746536254882813 0.0340137481689453 0.69281005859375 -0.07879638671875
-0.01251220703125 0.0515823364257812 0.6107177734375 0.6529541015625
-0.007110595703125 -0.0247001647949219 -0.07537841796875 1.03961181640625
0.00828170776367187 -0.0270595550537109 -0.5711669921875 0.57855224609375
0.0593414306640625 -0.00462722778320313 0.071014404296875 0.0541000366210938
0.055328369140625 -0.0345916748046875 0.63897705078125 -0.592529296875
0.0133609771728516 -0.0217170715332031 -0.0108642578125001 -1.02862548828125
-0.0161952972412109 0.0232563018798828 -0.762939453125 -0.422119140625
-0.00831985473632812 0.0320148468017578 -0.58502197265625 0.31304931640625
0.0222396850585937 0.00989532470703125 -0.174652099609375 0.480377197265625
0.0268726348876953 -0.016876220703125 0.148712158203125 0.287506103515625
-0.0207538604736328 -0.00464630126953125 0.237899780273438 0.0217742919921875
-0.0231704711914063 -0.0136680603027344 -0.213470458984375 -0.056060791015625
0.0286922454833984 -0.0200405120849609 -0.05023193359375 -0.299835205078125
0.0390090942382813 -0.00564193725585938 0.290008544921875 -0.3721923828125
0.0190067291259766 0.0349369049072266 0.69073486328125 -0.0863037109375
-0.0067291259765625 0.0583305358886719 0.61700439453125 0.6463623046875
-0.0104684829711914 -0.0166091918945313 -0.0610351562500001 1.03839111328125
0.00313568115234375 -0.0271091461181641 -0.56658935546875 0.583984375
0.057647705078125 -0.00667953491210937 0.07177734375 0.0551986694335938
0.0524482727050781 -0.0351982116699219 0.6441650390625 -0.58624267578125
0.0124645233154297 -0.012782096862793 6.36976885290176E-17 -1.02783203125
-0.0105571746826172 0.0303058624267578 -0.76104736328125 -0.42840576171875
-0.000892639160156253 0.0327358245849609 -0.5889892578125 0.3095703125
0.0290031433105469 0.00294303894042969 -0.18121337890625 0.478851318359375
0.0300712585449219 -0.0224170684814453 0.14312744140625 0.285125732421875
-0.0219497680664063 -0.00846099853515625 0.23797607421875 0.0206756591796875
-0.00872611999511719 0.000204563140869142 -0.230667114257813 -0.07916259765625
0.0186977386474609 0.00133514404296875 -0.076812744140625 -0.3187255859375
0.00995254516601562 0.0128335952758789 0.263275146484375 -0.40478515625
-0.0191402435302734 0.0321884155273438 0.67266845703125 -0.14910888671875
-0.0308647155761719 0.0372810363769531 0.64532470703125 0.5675048828125
-0.00867652893066406 -0.0316295623779297 0.00946044921874993 0.99713134765625
0.0180320739746094 -0.0178623199462891 -0.51873779296875 0.5843505859375
0.0657005310058594 0.0154266357421875 0.0761260986328125 0.0605316162109375
0.0683784484863281 -0.0197830200195313 0.68280029296875 -0.56036376953125
0.0208225250244141 -0.0305824279785156 0.0715942382812501 -1.046630859375
-0.0356101989746094 0.00500869750976563 -0.7255859375 -0.4947509765625
-0.0381126403808594 0.0336036682128906 -0.60064697265625 0.25457763671875
-0.000816345214843749 0.0232772827148438 -0.19830322265625 0.44952392578125
0.0157203674316406 0.00155353546142578 0.126373291015625 0.274093627929688
-0.00879192352294922 0.00131320953369141 0.226394653320312 0.003631591796875
-0.00450611114501953 0.00160884857177734 -0.223785400390625 -0.0720977783203124
0.0158519744873047 0.00571155548095703 -0.069122314453125 -0.313079833984375
0.0093984603881836 0.0153703689575195 0.271392822265625 -0.396820068359375
-0.0229015350341797 0.0319499969482422 0.6767578125 -0.13275146484375
-0.0319004058837891 0.0317935943603516 0.63653564453125 0.5830078125
-0.00751876831054687 -0.0380401611328125 -0.01025390625 1.00274658203125
0.0197944641113281 -0.0203304290771484 -0.53411865234375 0.58062744140625
0.0654754638671875 0.0149002075195313 0.0737380981445313 0.0578536987304688
0.068389892578125 -0.0236625671386719 0.67047119140625 -0.56854248046875
0.0205860137939453 -0.0342483520507813 0.0496826171874999 -1.03936767578125
-0.0365676879882813 0.00218963623046876 -0.73565673828125 -0.47625732421875
-0.0418014526367187 0.0332260131835938 -0.594482421875 0.2681884765625
-0.00321388244628906 0.0255031585693359 -0.1907958984375 0.4581298828125
0.0143613815307617 0.00310325622558594 0.132080078125 0.278732299804687
-0.00846147537231445 0.00143194198608398 0.230239868164063 0.00677490234375
-0.00673484802246094 -0.000519752502441407 -0.218994140625 -0.0656585693359375
0.0181007385253906 0.00824356079101562 -0.06243896484375 -0.306884765625
0.00809383392333984 0.016169548034668 0.280059814453125 -0.383514404296875
-0.0212554931640625 0.0317459106445313 0.67840576171875 -0.11614990234375
-0.0325946807861328 0.0286540985107422 0.62335205078125 0.60308837890625
-0.00765609741210937 -0.0417251586914062 -0.0335693359374999 1.0076904296875
0.0184955596923828 -0.0197200775146484 -0.5478515625 0.57537841796875
0.0654716491699219 0.0124855041503906 0.0710678100585938 0.05462646484375
0.0672607421875 -0.0260467529296875 0.6583251953125 -0.57562255859375
0.0198783874511719 -0.0371055603027344 0.03070068359375 -1.031494140625
-0.0366744995117188 -0.000267028808593746 -0.73876953125 -0.45709228515625
-0.0393333435058594 0.0344505310058594 -0.58837890625 0.28082275390625
-0.00111198425292969 0.0224285125732422 -0.182403564453125 0.466156005859375
0.0159072875976562 0.00224685668945312 0.141387939453125 0.28167724609375
-0.00736522674560547 0.00238418579101563 0.235183715820313 0.01263427734375
-0.00656318664550781 0.00115680694580078 -0.214263916015625 -0.0601654052734375
0.0174322128295898 0.0034637451171875 -0.054229736328125 -0.301727294921875
0.0112447738647461 0.0125799179077148 0.28961181640625 -0.37713623046875
-0.0192451477050781 0.0313568115234375 0.68511962890625 -0.102294921875
-0.0284194946289063 0.030242919921875 0.61773681640625 0.62109375
-0.005035400390625 -0.0399284362792969 -0.051025390625 1.01806640625
0.0174198150634766 -0.0202217102050781 -0.55682373046875 0.57373046875
0.0637474060058594 0.00829696655273438 0.0705108642578125 0.0521621704101563
0.0639152526855469 -0.0294075012207031 0.64678955078125 -0.58349609375
0.0160102844238281 -0.0350990295410156 0.00775146484374997 -1.0284423828125
-0.0337619781494141 0.003143310546875 -0.751220703125 -0.44097900390625
-0.0354347229003906 0.0325508117675781 -0.5849609375 0.29718017578125
0.00304031372070312 0.0227241516113281 -0.176361083984375 0.474090576171875
0.0179309844970703 0.0009765625 0.14654541015625 0.2862548828125
-0.0076298713684082 5.10215759277359E-05 0.236236572265625 0.018524169921875
-0.00890254974365234 -0.00136089324951172 -0.211502075195313 -0.0540771484375
0.0222415924072266 -0.00078582763671875 -0.049224853515625 -0.297210693359375
0.016026496887207 0.00986385345458984 0.2938232421875 -0.371185302734375
-0.0102558135986328 0.0324306488037109 0.68682861328125 -0.09002685546875
-0.0250301361083984 0.0343227386474609 0.61041259765625 0.6357421875
-0.00582122802734375 -0.0382614135742187 -0.06488037109375 1.02569580078125
0.0163154602050781 -0.0211696624755859 -0.567626953125 0.57171630859375
0.0621070861816406 0.00606918334960938 0.0692214965820313 0.0506973266601563
0.0598106384277344 -0.0319137573242188 0.63787841796875 -0.5855712890625
0.0142383575439453 -0.0312137603759766 -0.00610351562500009 -1.02655029296875
-0.0273246765136719 0.00841331481933593 -0.75830078125 -0.42254638671875
-0.0279464721679688 0.0354804992675781 -0.5789794921875 0.30792236328125
0.00832939147949219 0.0178966522216797 -0.169097900390625 0.47906494140625
0.0204486846923828 -0.00467681884765625 0.14971923828125 0.286590576171875
-0.0117626190185547 -0.000547409057617187 0.238601684570313 0.02117919921875
-0.0137386322021484 -0.00456905364990234 -0.209762573242188 -0.0525054931640625
0.0231552124023438 -0.00496482849121094 -0.0467529296875 -0.294342041015625
0.0243206024169922 0.0061492919921875 0.29632568359375 -0.36444091796875
-0.00226974487304687 0.0338497161865234 0.686279296875 -0.080810546875
-0.0197868347167969 0.0418434143066406 0.60675048828125 0.6431884765625
-0.00646781921386719 -0.0337848663330078 -0.06964111328125 1.032958984375
0.0124187469482422 -0.0223751068115234 -0.571533203125 0.571533203125
0.0589828491210938 0.000942230224609375 0.0679550170898438 0.053802490234375
0.0566139221191406 -0.0329475402832031 0.632568359375 -0.5870361328125
0.0130062103271484 -0.0296916961669922 -0.0106201171875001 -1.0218505859375
-0.0236263275146484 0.0154342651367187 -0.756103515625 -0.41796875
-0.0182723999023438 0.0328750610351562 -0.58087158203125 0.3121337890625
0.0157108306884766 0.0130043029785156 -0.169891357421875 0.4794921875
0.0218639373779297 -0.0101490020751953 0.148681640625 0.2874755859375
-0.0166168212890625 -0.00339889526367187 0.237594604492188 0.0209808349609375
-0.01910400390625 -0.00859642028808594 -0.209381103515625 -0.050537109375
0.0256538391113281 -0.0140914916992188 -0.04736328125 -0.29541015625
0.0316638946533203 -0.000272750854492188 0.295074462890625 -0.364959716796875
0.00827407836914063 0.036102294921875 0.686279296875 -0.07879638671875
-0.0113334655761719 0.0480461120605469 0.60760498046875 0.648193359375
-0.00738143920898437 -0.0243587493896484 -0.0715942382812501 1.03204345703125
0.00765419006347656 -0.0264015197753906 -0.5675048828125 0.57733154296875
0.0571708679199219 -0.004150390625 0.0690383911132813 0.0512809753417969
0.0525436401367188 -0.0334854125976563 0.6346435546875 -0.58636474609375
0.0111789703369141 -0.0215892791748047 -0.0114135742187499 -1.01873779296875
-0.0151195526123047 0.0218601226806641 -0.75982666015625 -0.417724609375
-0.00657081604003906 0.0313224792480469 -0.579833984375 0.31585693359375
0.0221118927001953 0.00948524475097656 -0.17169189453125 0.47882080078125
0.0257110595703125 -0.0186634063720703 0.14776611328125 0.285736083984375
-0.0195713043212891 -0.00475311279296875 0.2373046875 0.022247314453125
-0.0213718414306641 -0.0134143829345703 -0.211685180664063 -0.05316162109375
0.0262012481689453 -0.0184574127197266 -0.052490234375 -0.2991943359375
0.0362319946289063 -0.005584716796875 0.28948974609375 -0.369720458984375
0.0166473388671875 0.0376815795898438 0.68658447265625 -0.08770751953125
-0.00603866577148438 0.0572242736816406 0.61767578125 0.64117431640625
-0.0107822418212891 -0.0195751190185547 -0.058349609375 1.02972412109375
0.00423049926757813 -0.0265083312988281 -0.563232421875 0.57763671875
0.0537910461425781 -0.00669097900390625 0.0694656372070313 0.0575981140136719
0.0489654541015625 -0.03570556640625 0.639404296875 -0.5802001953125
0.0125923156738281 -0.0129642486572266 -0.000976562500000062 -1.022216796875
-0.0121116638183594 0.029144287109375 -0.75714111328125 -0.4219970703125
-0.000419616699218753 0.0324726104736328 -0.5865478515625 0.30816650390625
0.0276851654052734 0.000116348266601562 -0.177703857421875 0.474761962890625
0.0282821655273438 -0.0245018005371094 0.1436767578125 0.282989501953125
-0.0207424163818359 -0.00673675537109375 0.235321044921875 0.0204315185546875
-0.00819826126098633 0.00254964828491211 -0.229522705078125 -0.0772247314453125
0.0164003372192383 0.00342273712158203 -0.07806396484375 -0.317596435546875
0.00822925567626953 0.0124444961547852 0.26300048828125 -0.4051513671875
-0.0187492370605469 0.0323448181152344 0.66876220703125 -0.1497802734375
-0.0289421081542969 0.0353965759277344 0.64483642578125 0.56182861328125
-0.00848007202148438 -0.0296897888183594 0.00982666015625009 0.98822021484375
0.0177822113037109 -0.0152130126953125 -0.51806640625 0.58123779296875
0.0639419555664062 0.0134773254394531 0.0750808715820313 0.0619049072265625
0.067626953125 -0.0210342407226562 0.68182373046875 -0.55731201171875
0.0200099945068359 -0.0290203094482422 0.07122802734375 -1.0416259765625
-0.0316562652587891 0.00686454772949218 -0.72210693359375 -0.49029541015625
-0.03729248046875 0.0355339050292969 -0.597900390625 0.25286865234375
-0.00167274475097656 0.022552490234375 -0.196868896484375 0.447723388671875
0.0148124694824219 0.000645637512207031 0.124557495117188 0.273971557617188
-0.0093536376953125 0.00157833099365234 0.224807739257812 0.004364013671875
-0.00642299652099609 0.00332498550415039 -0.223037719726563 -0.07275390625
0.0178756713867188 0.00559806823730469 -0.071044921875 -0.31109619140625
0.00735378265380859 0.0163440704345703 0.2711181640625 -0.396697998046875
-0.0212230682373047 0.0338916778564453 0.67364501953125 -0.13494873046875
-0.0310096740722656 0.0299892425537109 0.63311767578125 0.57891845703125
-0.0066375732421875 -0.0361862182617188 -0.00933837890624999 0.9962158203125
0.0199451446533203 -0.0173873901367188 -0.5313720703125 0.57659912109375
0.0661697387695313 0.0135421752929688 0.0722198486328125 0.05810546875
0.0692825317382813 -0.0236129760742188 0.66705322265625 -0.56524658203125
0.0199527740478516 -0.0346794128417969 0.05206298828125 -1.0316162109375
-0.0341835021972656 0.000410079956054685 -0.73046875 -0.473876953125
-0.0408859252929687 0.0338096618652344 -0.5909423828125 0.2669677734375
-0.00287818908691406 0.0255298614501953 -0.187103271484375 0.455535888671875
0.0147485733032227 0.00355052947998047 0.132583618164063 0.27642822265625
-0.00668954849243164 0.00157833099365234 0.229583740234375 0.009674072265625
-0.00545549392700195 0.00134420394897461 -0.219863891601563 -0.0661773681640625
0.017085075378418 0.00651741027832031 -0.061859130859375 -0.30474853515625
0.00797271728515625 0.0176811218261719 0.278045654296875 -0.38531494140625
-0.0215091705322266 0.032684326171875 0.67718505859375 -0.116455078125
-0.0299606323242187 0.0282993316650391 0.623291015625 0.59454345703125
-0.00414657592773438 -0.041717529296875 -0.031494140625 1.00323486328125
0.01885986328125 -0.0187435150146484 -0.545654296875 0.572021484375
0.0632476806640625 0.0135841369628906 0.0704498291015625 0.054840087890625
0.0669593811035156 -0.0259971618652344 0.6561279296875 -0.5704345703125
0.017852783203125 -0.0369949340820313 0.03240966796875 -1.0263671875
-0.0341453552246094 -0.000467300415039062 -0.73388671875 -0.45556640625
-0.0395088195800781 0.0347709655761719 -0.58416748046875 0.2806396484375
-0.00257682800292969 0.0235061645507813 -0.179107666015625 0.462982177734375
0.0148715972900391 0.00125694274902344 0.13983154296875 0.2813720703125
-0.00713443756103516 0.00198554992675781 0.2332763671875 0.01220703125
-0.00728082656860351 0.000536918640136719 -0.213363647460938 -0.0581207275390625
0.0165719985961914 0.00471591949462891 -0.053680419921875 -0.298126220703125
0.0123748779296875 0.0142641067504883 0.287872314453125 -0.3760986328125
-0.0182323455810547 0.0316886901855469 0.68402099609375 -0.1024169921875
-0.027557373046875 0.0286540985107422 0.6163330078125 0.61724853515625
-0.00424957275390625 -0.0406837463378906 -0.0491333007812499 1.01397705078125
0.0173549652099609 -0.0198307037353516 -0.5552978515625 0.5693359375
0.0639877319335938 0.0111236572265625 0.0676422119140625 0.0507583618164063
0.0637893676757813 -0.0295219421386719 0.64276123046875 -0.57965087890625
0.0183219909667969 -0.0364418029785156 0.00805664062499989 -1.0247802734375
-0.0321636199951172 0.0049591064453125 -0.74627685546875 -0.43572998046875
-0.0353775024414063 0.0345458984375 -0.581787109375 0.29620361328125
0.00322341918945312 0.0212306976318359 -0.17279052734375 0.47064208984375
0.015838623046875 0.000436782836914063 0.14410400390625 0.283966064453125
-0.00897979736328125 0.0025177001953125 0.234451293945312 0.016510009765625
-0.00921821594238281 -0.00113296508789062 -0.211593627929687 -0.0549468994140625
0.0186367034912109 -0.000959396362304687 -0.048858642578125 -0.29461669921875
0.0175361633300781 0.011627197265625 0.292572021484375 -0.36871337890625
-0.0121498107910156 0.0333232879638672 0.68499755859375 -0.0882568359375
-0.0251388549804688 0.0318527221679688 0.6114501953125 0.6287841796875
-0.00483322143554687 -0.0376548767089844 -0.062255859375 1.01806640625
0.0152587890625 -0.0202217102050781 -0.564208984375 0.56689453125
0.0612335205078125 0.00693893432617188 0.068511962890625 0.0496978759765625
0.0618705749511719 -0.0325241088867188 0.63232421875 -0.58319091796875
0.0140151977539062 -0.0326786041259766 -0.00793457031249993 -1.01788330078125
-0.027618408203125 0.00712776184082031 -0.75115966796875 -0.41796875
-0.0281162261962891 0.0335922241210938 -0.5758056640625 0.30670166015625
0.00899887084960938 0.0182609558105469 -0.167816162109375 0.4754638671875
0.01776123046875 -0.00368309020996094 0.1492919921875 0.286346435546875
-0.0119485855102539 0.000834465026855467 0.235015869140625 0.02154541015625
-0.0138187408447266 -0.00381946563720703 -0.209671020507812 -0.0511322021484375
0.0225067138671875 -0.0052032470703125 -0.0462646484375 -0.292388916015625
0.0243072509765625 0.0057525634765625 0.2933349609375 -0.36346435546875
-0.00230979919433593 0.0350914001464844 0.68377685546875 -0.07977294921875
-0.0192298889160156 0.0389404296875 0.60577392578125 0.63763427734375
-0.00451469421386719 -0.0326251983642578 -0.0693359375 1.0223388671875
0.0117988586425781 -0.0229682922363281 -0.5673828125 0.57012939453125
0.0578231811523438 0.00230026245117188 0.0683250427246094 0.0527763366699219
0.0558700561523438 -0.0331192016601562 0.62969970703125 -0.5869140625
0.0139389038085938 -0.0277652740478516 -0.01251220703125 -1.016357421875
-0.0216579437255859 0.0145645141601563 -0.7547607421875 -0.4156494140625
-0.0172023773193359 0.0344295501708984 -0.57574462890625 0.310791015625
0.01593017578125 0.0145549774169922 -0.166748046875 0.47467041015625
0.0218181610107422 -0.0112762451171875 0.14971923828125 0.282867431640625
-0.0136146545410156 -0.00110530853271484 0.237350463867188 0.0225372314453125
-0.0169267654418945 -0.00871658325195313 -0.208450317382813 -0.0516510009765625
0.0255203247070313 -0.0126838684082031 -0.048797607421875 -0.2919921875
0.031158447265625 -0.000579833984375 0.2930908203125 -0.364288330078125
0.00775527954101563 0.0349178314208984 0.68524169921875 -0.08038330078125
-0.0102462768554687 0.0486259460449219 0.6065673828125 0.63885498046875
-0.00631332397460938 -0.0275325775146484 -0.06756591796875 1.025634765625
0.0062255859375 -0.0253238677978516 -0.5672607421875 0.5753173828125
0.0554428100585937 -0.00371551513671875 0.068115234375 0.0511245727539062
0.0543403625488281 -0.0351448059082031 0.6302490234375 -0.58209228515625
0.0147876739501953 -0.0210590362548828 -0.011962890625 -1.01611328125
-0.0155735015869141 0.02130126953125 -0.75616455078125 -0.41314697265625
-0.00674629211425781 0.0330657958984375 -0.57623291015625 0.3123779296875
0.0210208892822266 0.00767898559570312 -0.17034912109375 0.47760009765625
0.0228977203369141 -0.0177345275878906 0.14874267578125 0.28558349609375
-0.0187854766845703 -0.00374984741210938 0.235931396484375 0.02166748046875
-0.0208721160888672 -0.0109615325927734 -0.213058471679688 -0.0550384521484375
0.0269393920898437 -0.018951416015625 -0.05419921875 -0.297576904296875
0.0376358032226563 -0.00592041015625 0.28643798828125 -0.36932373046875
0.0170783996582031 0.037200927734375 0.68255615234375 -0.0885009765625
-0.00564956665039062 0.0559768676757813 0.6151123046875 0.63421630859375
-0.00814628601074219 -0.020782470703125 -0.0550537109375001 1.0245361328125
0.00168037414550781 -0.02459716796875 -0.5611572265625 0.57708740234375
0.0553131103515625 -0.00541305541992187 0.0670547485351563 0.05670166015625
0.0502891540527344 -0.0363006591796875 0.63427734375 -0.576904296875
0.0133161544799805 -0.0141496658325195 -0.00103759765625 -1.0164794921875
-0.0082550048828125 0.0315456390380859 -0.753173828125 -0.41925048828125
0.000156402587890623 0.0334720611572266 -0.580078125 0.30572509765625
0.0275440216064453 0.00261306762695313 -0.176361083984375 0.47235107421875
0.0281143188476562 -0.0248661041259766 0.142303466796875 0.283233642578125
-0.0226707458496094 -0.00374794006347656 0.2340087890625 0.022308349609375
-0.00791025161743164 0.00354146957397461 -0.229080200195313 -0.0770721435546875
0.0168180465698242 0.00388240814208984 -0.0777587890625 -0.316864013671875
0.00973796844482422 0.0121116638183594 0.259246826171875 -0.403411865234375
-0.0186214447021484 0.0330829620361328 0.669677734375 -0.15264892578125
-0.0288257598876953 0.0336227416992187 0.64337158203125 0.55999755859375
-0.00629997253417969 -0.0316829681396484 0.01190185546875 0.98492431640625
0.0188789367675781 -0.0139427185058594 -0.51611328125 0.58001708984375
0.0645103454589844 0.0154228210449219 0.0737762451171875 0.0601348876953125
0.0684089660644531 -0.0213890075683594 0.678955078125 -0.5556640625
0.0220470428466797 -0.0313148498535156 0.07305908203125 -1.03631591796875
-0.0330181121826172 0.00519180297851562 -0.7193603515625 -0.4888916015625
-0.039337158203125 0.0353965759277344 -0.59375 0.25048828125
-0.000286102294921874 0.0218105316162109 -0.19549560546875 0.445709228515625
0.0147714614868164 -0.000918388366699219 0.126068115234375 0.27374267578125
-0.00831127166748047 0.00188112258911133 0.22296142578125 0.0059356689453125
-0.00550699234008789 0.00246334075927734 -0.224044799804688 -0.07086181640625
0.0171995162963867 0.00518321990966797 -0.071502685546875 -0.311126708984375
0.00807666778564453 0.0158052444458008 0.2689208984375 -0.395416259765625
-0.0235233306884766 0.0341453552246094 0.6722412109375 -0.13580322265625
-0.0313262939453125 0.0301036834716797 0.63262939453125 0.57733154296875
-0.00577163696289063 -0.0379447937011719 -0.00848388671874999 0.991943359375
0.018768310546875 -0.0149250030517578 -0.531005859375 0.5743408203125
0.0645103454589844 0.0153541564941406 0.0686531066894531 0.05712890625
0.0687179565429688 -0.0234527587890625 0.664306640625 -0.56109619140625
0.0196075439453125 -0.0338687896728516 0.04913330078125 -1.031494140625
-0.0344448089599609 0.00049400329589844 -0.727783203125 -0.4700927734375
-0.0417098999023438 0.033905029296875 -0.587646484375 0.26580810546875
-0.00248146057128906 0.0242385864257813 -0.18536376953125 0.454864501953125
0.0132074356079102 0.00343990325927734 0.132110595703125 0.27850341796875
-0.00773096084594726 0.00404787063598633 0.226470947265625 0.0085601806640625
-0.00819540023803711 0.00269412994384765 -0.218414306640625 -0.0657958984375
0.0189361572265625 0.00454902648925781 -0.062347412109375 -0.30609130859375
0.00904655456542969 0.0146398544311523 0.276763916015625 -0.383453369140625
-0.0231285095214844 0.0350933074951172 0.67578125 -0.11981201171875
-0.0295639038085937 0.028350830078125 0.6224365234375 0.59234619140625
-0.00429916381835938 -0.04156494140625 -0.0324096679687499 0.99725341796875
0.0169563293457031 -0.0187511444091797 -0.54376220703125 0.56756591796875
0.0637397766113281 0.0147056579589844 0.0668678283691406 0.0537528991699219
0.066253662109375 -0.0271987915039062 0.6529541015625 -0.5650634765625
0.0169296264648438 -0.0359535217285156 0.0288085937499999 -1.021240234375
-0.0350284576416016 -0.000951766967773432 -0.7337646484375 -0.45233154296875
-0.0391731262207031 0.033843994140625 -0.5819091796875 0.27972412109375
-0.00167083740234375 0.0255508422851563 -0.177490234375 0.459686279296875
0.0150365829467773 0.00302314758300781 0.140975952148438 0.279876708984375
-0.00656318664550781 0.00357198715209961 0.2335205078125 0.0144500732421875
-0.00666666030883789 0.00189638137817383 -0.214813232421875 -0.058013916015625
0.0174570083618164 0.00429153442382813 -0.0545654296875 -0.29736328125
0.0116500854492188 0.014979362487793 0.284515380859375 -0.377166748046875
-0.0191478729248047 0.0322170257568359 0.68243408203125 -0.103271484375
-0.0289325714111328 0.0286808013916016 0.61474609375 0.6129150390625
-0.00474166870117188 -0.0401954650878906 -0.047607421875 1.00909423828125
0.0166721343994141 -0.0183258056640625 -0.5533447265625 0.56744384765625
0.060882568359375 0.0128097534179688 0.0679969787597656 0.0503807067871094
0.0628585815429687 -0.0300750732421875 0.638916015625 -0.5743408203125
0.0178947448730469 -0.0359764099121094 0.00744628906250005 -1.02056884765625
-0.0348072052001953 0.00331115722656249 -0.7447509765625 -0.432861328125
-0.036346435546875 0.0335693359375 -0.57843017578125 0.29534912109375
0.00366783142089844 0.0228767395019531 -0.17205810546875 0.468963623046875
0.0155534744262695 0.000200271606445313 0.14593505859375 0.283721923828125
-0.00858879089355469 0.00247573852539062 0.23248291015625 0.0168914794921875
-0.010432243347168 0.00185680389404297 -0.210540771484375 -0.0557708740234375
0.0208396911621094 -0.000659942626953125 -0.04888916015625 -0.296539306640625
0.0186443328857422 0.0127677917480469 0.290008544921875 -0.36993408203125
-0.0112209320068359 0.0342941284179688 0.68304443359375 -0.08856201171875
-0.024566650390625 0.0330791473388672 0.608154296875 0.62432861328125
-0.00640487670898437 -0.0386390686035156 -0.06195068359375 1.0126953125
0.0145778656005859 -0.0177059173583984 -0.56341552734375 0.56689453125
0.0596847534179688 0.00929641723632813 0.0659294128417969 0.0491828918457031
0.0593719482421875 -0.0313301086425781 0.62841796875 -0.57904052734375
0.0136032104492187 -0.0326385498046875 -0.00695800781249995 -1.01397705078125
-0.0277214050292969 0.00489234924316406 -0.75067138671875 -0.41796875
-0.0252971649169922 0.0338878631591797 -0.57159423828125 0.30596923828125
0.00740623474121094 0.0191116333007813 -0.164031982421875 0.473724365234375
0.0183868408203125 -0.00407600402832031 0.149169921875 0.28533935546875
-0.0116186141967773 0.000510215759277342 0.235076904296875 0.0226898193359375
-0.0118274688720703 -0.00303745269775391 -0.20794677734375 -0.0515289306640625
0.0220870971679688 -0.00609779357910156 -0.0482177734375 -0.290924072265625
0.0232658386230469 0.00532150268554687 0.2916259765625 -0.36517333984375
-0.00165176391601563 0.0357131958007813 0.682373046875 -0.08380126953125
-0.0180854797363281 0.0379562377929688 0.6048583984375 0.63299560546875
-0.00582122802734375 -0.0361709594726563 -0.0684204101562499 1.02166748046875
0.0107707977294922 -0.0216236114501953 -0.56671142578125 0.566650390625
0.0570602416992188 0.00266265869140625 0.0674896240234375 0.0521888732910156
0.0558395385742188 -0.0330123901367188 0.6270751953125 -0.5809326171875
0.0127677917480469 -0.0286464691162109 -0.01318359375 -1.0133056640625
-0.0218067169189453 0.0138587951660156 -0.75408935546875 -0.4130859375
-0.0183467864990234 0.0336666107177734 -0.57220458984375 0.31243896484375
0.0153703689575195 0.0135478973388672 -0.1685791015625 0.47503662109375
0.0203075408935547 -0.0111522674560547 0.15045166015625 0.285125732421875
-0.0162973403930664 -0.00252914428710937 0.235595703125 0.02337646484375
-0.0188198089599609 -0.00560188293457031 -0.207000732421875 -0.0525054931640625
0.02484130859375 -0.0125713348388672 -0.0482177734375 -0.293853759765625
0.0311527252197266 -0.0012359619140625 0.292083740234375 -0.36492919921875
0.00738525390625 0.0358695983886719 0.68353271484375 -0.08563232421875
-0.0118484497070312 0.0430641174316406 0.6058349609375 0.6358642578125
-0.00673866271972656 -0.0266609191894531 -0.06634521484375 1.02337646484375
0.00744247436523438 -0.0214099884033203 -0.56378173828125 0.5692138671875
0.0541038513183594 -0.0015106201171875 0.0664558410644531 0.0538864135742188
0.0518074035644531 -0.0348587036132813 0.62982177734375 -0.5789794921875
0.0130653381347656 -0.0235214233398438 -0.0098876953125 -1.01251220703125
-0.0126380920410156 0.0207252502441406 -0.75146484375 -0.41009521484375
-0.00811386108398437 0.0344619750976562 -0.5716552734375 0.3143310546875
0.0235118865966797 0.00609588623046875 -0.16864013671875 0.473541259765625
0.0229682922363281 -0.018798828125 0.14862060546875 0.28314208984375
-0.019622802734375 -0.0014190673828125 0.234283447265625 0.0243377685546875
-0.0212383270263672 -0.00981521606445313 -0.210739135742188 -0.0562896728515625
0.0298709869384766 -0.0179386138916016 -0.053497314453125 -0.295806884765625
0.0362625122070312 -0.006011962890625 0.28570556640625 -0.36968994140625
0.0173072814941406 0.0375251770019531 0.68145751953125 -0.09027099609375
-0.00513458251953125 0.0549736022949219 0.6151123046875 0.62811279296875
-0.00777244567871094 -0.0174894332885742 -0.0538330078125 1.018798828125
0.00601768493652344 -0.0209674835205078 -0.55963134765625 0.57470703125
0.053375244140625 -0.00386428833007812 0.0670127868652344 0.0545501708984375
0.0487785339355469 -0.034149169921875 0.63311767578125 -0.57379150390625
0.0129318237304688 -0.0158042907714844 -0.000427246093749897 -1.0113525390625
-0.00851821899414063 0.0276870727539063 -0.7501220703125 -0.417724609375
0.0033111572265625 0.0348377227783203 -0.5789794921875 0.30841064453125
0.0257072448730469 0.00393295288085938 -0.1788330078125 0.471588134765625
0.0257434844970703 -0.0255718231201172 0.1407470703125 0.2799072265625
-0.0220069885253906 -0.00409317016601563 0.232757568359375 0.02301025390625
-0.00756359100341797 0.00310754776000977 -0.228805541992188 -0.078826904296875
0.0168428421020508 0.00336742401123047 -0.078460693359375 -0.317291259765625
0.0103702545166016 0.0121631622314453 0.259674072265625 -0.40460205078125
-0.019134521484375 0.0321865081787109 0.66668701171875 -0.1539306640625
-0.0280723571777344 0.0319938659667969 0.64691162109375 0.5556640625
-0.00834274291992188 -0.0344142913818359 0.01300048828125 0.982421875
0.0196437835693359 -0.0137042999267578 -0.51708984375 0.5767822265625
0.0627250671386719 0.0170783996582031 0.0714569091796875 0.0628204345703125
0.0676307678222656 -0.0216407775878906 0.67926025390625 -0.55072021484375
0.0196857452392578 -0.0321674346923828 0.07159423828125 -1.03125
-0.0318222045898437 0.00634384155273437 -0.72003173828125 -0.485107421875
-0.0372238159179688 0.0351219177246094 -0.59130859375 0.25311279296875
-0.00129508972167969 0.0241928100585938 -0.194549560546875 0.444549560546875
0.0133285522460938 -0.000510215759277344 0.125717163085938 0.271530151367187
-0.00951480865478516 0.00314903259277344 0.223373413085938 0.0052490234375
-0.00681638717651367 0.00421333312988281 -0.223190307617187 -0.0706329345703125
0.0177345275878906 0.00572586059570313 -0.07049560546875 -0.311187744140625
0.00807476043701172 0.0162858963012695 0.26763916015625 -0.395111083984375
-0.0233192443847656 0.03448486328125 0.67236328125 -0.135986328125
-0.0297107696533203 0.0303459167480469 0.63372802734375 0.5714111328125
-0.00664520263671875 -0.0398597717285156 -0.00659179687499996 0.98974609375
0.0199069976806641 -0.0159397125244141 -0.52899169921875 0.57269287109375
0.063232421875 0.0169906616210938 0.0705718994140625 0.0559539794921875
0.0671157836914063 -0.0230445861816406 0.662353515625 -0.55731201171875
0.0203170776367188 -0.0366706848144531 0.05096435546875 -1.02642822265625
-0.0347175598144531 0.00162124633789063 -0.72540283203125 -0.46990966796875
-0.0411529541015625 0.0339279174804688 -0.58514404296875 0.26666259765625
-0.00305366516113281 0.0243759155273437 -0.183929443359375 0.45220947265625
0.0134305953979492 0.00237751007080078 0.13519287109375 0.275665283203125
-0.00679397583007812 0.00421524047851563 0.2276611328125 0.0099945068359375
-0.00616121292114258 0.00467014312744141 -0.218704223632813 -0.067718505859375
0.0183887481689453 0.00623321533203125 -0.062255859375 -0.306243896484375
0.00988388061523438 0.0179538726806641 0.274078369140625 -0.384490966796875
-0.0219306945800781 0.0316047668457031 0.67181396484375 -0.12213134765625
-0.0323696136474609 0.0278224945068359 0.62432861328125 0.5889892578125
-0.00477981567382813 -0.0418281555175781 -0.0302734375 0.99530029296875
0.019317626953125 -0.0176010131835938 -0.54205322265625 0.568115234375
0.0636405944824219 0.0158462524414063 0.0668754577636719 0.05255126953125
0.0661430358886719 -0.0267524719238281 0.65167236328125 -0.56390380859375
0.0187873840332031 -0.0392189025878906 0.0313110351562501 -1.0201416015625
-0.0332164764404297 0.000352859497070307 -0.732421875 -0.44976806640625
-0.038604736328125 0.0350303649902344 -0.57989501953125 0.2801513671875
-0.00366783142089844 0.0242519378662109 -0.175811767578125 0.461456298828125
0.015925407409668 0.00405406951904297 0.140960693359375 0.279251098632813
-0.00865888595581055 0.00342226028442383 0.231948852539063 0.015380859375
-0.00684213638305664 0.00371265411376953 -0.213180541992188 -0.0584564208984375
0.0185546875 0.00274848937988281 -0.053741455078125 -0.299468994140625
0.0114507675170898 0.0147800445556641 0.28485107421875 -0.375396728515625
-0.0178508758544922 0.0312919616699219 0.68035888671875 -0.1044921875
-0.0270481109619141 0.0267353057861328 0.61627197265625 0.61114501953125
-0.00447845458984375 -0.04046630859375 -0.04608154296875 1.0040283203125
0.0179080963134766 -0.0176200866699219 -0.55322265625 0.56573486328125
0.0594863891601563 0.0123443603515625 0.0647163391113281 0.05206298828125
0.0637016296386719 -0.0301322937011719 0.63848876953125 -0.57177734375
0.0161170959472656 -0.0376853942871094 0.00640869140625003 -1.01739501953125
-0.0308284759521484 0.00289154052734376 -0.7412109375 -0.43157958984375
-0.0352210998535156 0.0348129272460938 -0.575439453125 0.29443359375
0.00227546691894531 0.0234241485595703 -0.172637939453125 0.467926025390625
0.0163669586181641 0.00125789642333984 0.144866943359375 0.2828369140625
-0.00824785232543945 0.00329160690307617 0.235275268554688 0.0199127197265625
-0.00924968719482422 0.000700950622558593 -0.210662841796875 -0.05340576171875
0.0206375122070313 -0.000576019287109375 -0.05029296875 -0.29461669921875
0.0175266265869141 0.0112066268920898 0.29071044921875 -0.36865234375
-0.0120143890380859 0.0318603515625 0.6807861328125 -0.0931396484375
-0.0221977233886719 0.0319385528564453 0.60980224609375 0.62286376953125
-0.00499725341796875 -0.0387802124023438 -0.0588989257812501 1.01251220703125
0.0148124694824219 -0.0196533203125 -0.5643310546875 0.5648193359375
0.0584983825683594 0.00854873657226562 0.0644493103027344 0.0483970642089844
0.0599861145019531 -0.03143310546875 0.62933349609375 -0.57427978515625
0.0171871185302734 -0.0348720550537109 -0.00463867187499998 -1.01202392578125
-0.0265541076660156 0.00602149963378906 -0.75079345703125 -0.41754150390625
-0.0282115936279297 0.0341377258300781 -0.5726318359375 0.3050537109375
0.00716209411621094 0.0194072723388672 -0.164306640625 0.47210693359375
0.0164794921875 -0.00574588775634766 0.1502685546875 0.28399658203125
-0.0104598999023438 0.00338935852050781 0.235275268554687 0.0232391357421875
-0.0129737854003906 -0.00174331665039063 -0.20794677734375 -0.0523834228515625
0.0225200653076172 -0.00687408447265625 -0.04925537109375 -0.2908935546875
0.02386474609375 0.00528144836425781 0.291717529296875 -0.36474609375
-0.00251197814941406 0.0336055755615234 0.68267822265625 -0.08575439453125
-0.0174102783203125 0.0362548828125 0.60479736328125 0.630126953125
-0.00492095947265625 -0.0355987548828125 -0.0659179687500001 1.01678466796875
0.0106925964355469 -0.0204181671142578 -0.5660400390625 0.56500244140625
0.0557441711425781 0.0045013427734375 0.0632438659667969 0.0499305725097656
0.0552520751953125 -0.0338668823242187 0.62548828125 -0.57757568359375
0.0141963958740234 -0.0301322937011719 -0.0102539062500001 -1.01025390625
-0.0202388763427734 0.0151710510253906 -0.75189208984375 -0.4105224609375
-0.0178699493408203 0.0342330932617188 -0.57012939453125 0.310791015625
0.0145845413208008 0.0130558013916016 -0.16650390625 0.475433349609375
0.0196743011474609 -0.0121135711669922 0.15008544921875 0.28387451171875
-0.0139083862304688 0.000356674194335938 0.235748291015625 0.0248260498046875
-0.0200157165527344 -0.00632667541503907 -0.209304809570313 -0.0515289306640625
0.0256690979003906 -0.0133113861083984 -0.047882080078125 -0.29327392578125
0.0314540863037109 0.00164794921875 0.28936767578125 -0.364288330078125
0.0101737976074219 0.0372734069824219 0.6822509765625 -0.08758544921875
-0.00805282592773438 0.046051025390625 0.60833740234375 0.63232421875
-0.0041351318359375 -0.0282459259033203 -0.06463623046875 1.0184326171875
0.00710678100585938 -0.0208148956298828 -0.5653076171875 0.56689453125
0.053680419921875 0.0011444091796875 0.0635833740234375 0.0517959594726563
0.0519638061523438 -0.0339164733886719 0.6285400390625 -0.57757568359375
0.0118865966796875 -0.0242519378662109 -0.0111083984375001 -1.0089111328125
-0.0144119262695312 0.0202789306640625 -0.75 -0.4085693359375
-0.00633621215820313 0.0342502593994141 -0.569580078125 0.31231689453125
0.0202522277832031 0.00883102416992187 -0.168426513671875 0.4730224609375
0.0223751068115234 -0.0180416107177734 0.147430419921875 0.28369140625
-0.0177898406982422 -0.00125312805175781 0.236068725585938 0.0262908935546875
-0.0217876434326172 -0.0105018615722656 -0.210693359375 -0.05511474609375
0.0278663635253906 -0.0186176300048828 -0.052947998046875 -0.297210693359375
0.0363197326660156 -0.00585556030273438 0.28289794921875 -0.370574951171875
0.0179443359375 0.0378150939941406 0.68121337890625 -0.0909423828125
-0.00386810302734375 0.0546073913574219 0.61724853515625 0.6260986328125
-0.00594329833984375 -0.0206298828125 -0.05279541015625 1.01715087890625
0.00391769409179688 -0.0220451354980469 -0.55926513671875 0.572265625
0.0527534484863281 -0.00388336181640625 0.0640830993652344 0.0562973022460938
0.0476837158203125 -0.0346755981445313 0.63165283203125 -0.56988525390625
0.014033317565918 -0.0162801742553711 0.00164794921874995 -1.0098876953125
-0.00972366333007813 0.0300369262695313 -0.7503662109375 -0.41656494140625
0.00232505798339844 0.0333137512207031 -0.57568359375 0.30859375
0.0259075164794922 0.00394630432128906 -0.173553466796875 0.469970703125
0.0255260467529297 -0.0251178741455078 0.1429443359375 0.2823486328125
-0.022491455078125 -0.00299835205078125 0.233352661132813 0.0236663818359375
-0.00816440582275391 0.0035853385925293 -0.231277465820312 -0.0801849365234375
0.0187149047851563 0.00473785400390625 -0.079803466796875 -0.316436767578125
0.00958251953125 0.0154533386230469 0.259765625 -0.403717041015625
-0.0185966491699219 0.0354347229003906 0.66839599609375 -0.15570068359375
-0.0294399261474609 0.0326423645019531 0.64544677734375 0.5545654296875
-0.00700759887695313 -0.0336685180664063 0.01068115234375 0.9820556640625
0.0162525177001953 -0.0120725631713867 -0.51873779296875 0.57647705078125
0.0613365173339844 0.0179557800292969 0.0688667297363281 0.0607223510742187
0.06610107421875 -0.0219345092773438 0.67742919921875 -0.548828125
0.021270751953125 -0.032318115234375 0.0730590820312499 -1.031982421875
-0.0316524505615234 0.00524139404296875 -0.71893310546875 -0.48748779296875
-0.0392951965332031 0.0358009338378906 -0.59197998046875 0.25103759765625
-0.00243568420410157 0.0223979949951172 -0.19342041015625 0.444488525390625
0.0143947601318359 0.000346183776855469 0.126571655273438 0.271896362304688
-0.00926685333251953 0.00468730926513672 0.224197387695313 0.005859375
-0.00667476654052734 0.00432395935058594 -0.223602294921875 -0.0745849609375
0.0203113555908203 0.00548744201660156 -0.070953369140625 -0.311431884765625
0.0081033706665039 0.0160760879516602 0.267913818359375 -0.395416259765625
-0.0216960906982422 0.0349407196044922 0.67193603515625 -0.13818359375
-0.0313491821289063 0.0287933349609375 0.635986328125 0.57037353515625
-0.00524139404296875 -0.0391693115234375 -0.00677490234374998 0.98699951171875
0.0194778442382813 -0.0131263732910156 -0.53179931640625 0.57269287109375
0.0622062683105469 0.0187950134277344 0.0684776306152344 0.0555229187011719
0.0659980773925781 -0.0232086181640625 0.66314697265625 -0.55645751953125
0.0199108123779297 -0.0347652435302734 0.0507202148437501 -1.02801513671875
-0.0340919494628906 -0.000118255615234376 -0.7275390625 -0.46917724609375
-0.0395736694335938 0.0357284545898438 -0.58447265625 0.26629638671875
-0.00384140014648437 0.0231227874755859 -0.183197021484375 0.4505615234375
0.0130319595336914 0.00299644470214844 0.134521484375 0.276168823242188
-0.00824403762817383 0.00447702407836914 0.227386474609375 0.01129150390625
-0.00658273696899414 0.00516843795776367 -0.2198486328125 -0.0636596679687499
0.0188083648681641 0.00645828247070313 -0.06341552734375 -0.306488037109375
0.008331298828125 0.0165939331054688 0.274566650390625 -0.384368896484375
-0.0227947235107422 0.0332088470458984 0.67340087890625 -0.1240234375
-0.0287704467773438 0.027069091796875 0.62255859375 0.5892333984375
-0.004638671875 -0.0421257019042969 -0.0283813476562501 0.99072265625
0.0176296234130859 -0.0158576965332031 -0.5447998046875 0.56756591796875
0.0617713928222656 0.0158462524414063 0.0639190673828125 0.0543632507324219
0.0656661987304688 -0.0270652770996094 0.65087890625 -0.56170654296875
0.0179862976074219 -0.0372543334960938 0.0306396484375 -1.0203857421875
-0.0345096588134766 -0.000215530395507816 -0.73126220703125 -0.44921875
-0.0396804809570313 0.0348739624023438 -0.57720947265625 0.28118896484375
-0.0019989013671875 0.0245304107666016 -0.175323486328125 0.4591064453125
0.0133905410766602 0.00141620635986328 0.1407470703125 0.279251098632813
-0.00737428665161133 0.00664234161376953 0.231781005859375 0.0157470703125
-0.00590610504150391 0.00406074523925781 -0.21331787109375 -0.058380126953125
0.02130126953125 0.003814697265625 -0.055511474609375 -0.29931640625
0.0102272033691406 0.0159072875976563 0.284881591796875 -0.376220703125
-0.0174407958984375 0.0320453643798828 0.6817626953125 -0.10736083984375
-0.0282516479492187 0.0276889801025391 0.61920166015625 0.60888671875
-0.0032196044921875 -0.0421371459960938 -0.0480957031250001 1.0028076171875
0.0167341232299805 -0.0151596069335937 -0.555419921875 0.56500244140625
0.0594215393066406 0.0120353698730469 0.06390380859375 0.0519828796386719
0.0633888244628906 -0.0293045043945313 0.6373291015625 -0.56915283203125
0.0171623229980469 -0.0390434265136719 0.01007080078125 -1.01531982421875
-0.0303993225097656 0.00255584716796876 -0.7423095703125 -0.43389892578125
-0.0349807739257813 0.0352668762207031 -0.57525634765625 0.29632568359375
0.000841140747070313 0.0239524841308594 -0.167999267578125 0.466522216796875
0.0134878158569336 0.000676155090332031 0.146026611328125 0.28411865234375
-0.00827836990356445 0.00381755828857422 0.2342529296875 0.0204620361328125
-0.0090780258178711 0.00164699554443359 -0.2108154296875 -0.0558013916015625
0.0209064483642578 -2.86102294921875E-05 -0.05084228515625 -0.29461669921875
0.0173788070678711 0.0109033584594727 0.29010009765625 -0.370849609375
-0.0108222961425781 0.0345573425292969 0.68267822265625 -0.0946044921875
-0.0218353271484375 0.0318794250488281 0.61041259765625 0.62005615234375
-0.00343704223632813 -0.0406227111816406 -0.0615234375000001 1.009765625
0.015172004699707 -0.0174560546875 -0.56475830078125 0.56317138671875
0.0568084716796875 0.00921630859375 0.0637702941894531 0.0490074157714844
0.0590019226074219 -0.030670166015625 0.6304931640625 -0.57354736328125
0.0147552490234375 -0.0341606140136719 -0.00531005859374997 -1.01312255859375
-0.0276317596435547 0.00626945495605469 -0.74798583984375 -0.417724609375
-0.0267429351806641 0.0343837738037109 -0.5712890625 0.30706787109375
0.00675773620605469 0.0181255340576172 -0.163787841796875 0.471832275390625
0.0165538787841797 -0.00438213348388672 0.14947509765625 0.28741455078125
-0.0120344161987305 0.00409793853759766 0.235366821289062 0.0247650146484375
-0.0133075714111328 -0.0025320053100586 -0.209808349609375 -0.052215576171875
0.0254001617431641 -0.00639152526855469 -0.048675537109375 -0.291290283203125
0.0222301483154297 0.00718116760253906 0.290802001953125 -0.36566162109375
-0.00319671630859375 0.0352745056152344 0.6817626953125 -0.0870361328125
-0.0158157348632813 0.0374565124511719 0.60821533203125 0.629638671875
-0.0047607421875 -0.036468505859375 -0.0657958984375001 1.0145263671875
0.00876998901367187 -0.0200729370117188 -0.56768798828125 0.56390380859375
0.0544586181640625 0.00540542602539063 0.0625419616699219 0.0506553649902344
0.0533981323242188 -0.0320816040039063 0.62615966796875 -0.57562255859375
0.0157432556152344 -0.0289688110351563 -0.0109252929687499 -1.0078125
-0.019012451171875 0.0139846801757813 -0.74920654296875 -0.41094970703125
-0.0160427093505859 0.0351428985595703 -0.57025146484375 0.311767578125
0.014617919921875 0.0136756896972656 -0.16473388671875 0.471832275390625
0.0203208923339844 -0.0125350952148438 0.151275634765625 0.284088134765625
-0.013310432434082 0.00313854217529297 0.236724853515625 0.025390625
-0.0172910690307617 -0.00672054290771485 -0.209243774414063 -0.0520477294921875
0.0268840789794922 -0.0127830505371094 -0.04974365234375 -0.2938232421875
0.0304298400878906 0.00102043151855469 0.28973388671875 -0.365692138671875
0.00761032104492187 0.0366287231445313 0.6826171875 -0.0880126953125
-0.0116081237792969 0.0438995361328125 0.60870361328125 0.63037109375
-0.00485038757324218 -0.0302658081054688 -0.06292724609375 1.01763916015625
0.00564956665039063 -0.0212383270263672 -0.567138671875 0.5679931640625
0.0536117553710938 0.00162506103515625 0.0639114379882813 0.0535392761230469
0.0500259399414063 -0.033477783203125 0.62664794921875 -0.573486328125
0.0140743255615234 -0.0230140686035156 -0.010009765625 -1.00872802734375
-0.0134658813476563 0.0219516754150391 -0.75146484375 -0.40948486328125
-0.00584220886230469 0.0338840484619141 -0.5704345703125 0.31341552734375
0.0219535827636719 0.0103836059570313 -0.167938232421875 0.473541259765625
0.0219192504882813 -0.0198421478271484 0.14898681640625 0.283294677734375
-0.0199623107910156 -0.00110435485839844 0.235443115234375 0.0257110595703125
-0.0231838226318359 -0.00887107849121094 -0.21026611328125 -0.0546112060546875
0.0298366546630859 -0.0176734924316406 -0.05560302734375 -0.296142578125
0.0371322631835938 -0.0047607421875 0.282867431640625 -0.37176513671875
0.0179977416992188 0.036285400390625 0.683837890625 -0.0936279296875
-0.00310897827148437 0.0525970458984375 0.61785888671875 0.62554931640625
-0.00590133666992188 -0.0220794677734375 -0.0484619140625 1.01513671875
0.00279808044433594 -0.0193347930908203 -0.55938720703125 0.57208251953125
0.0511398315429688 -0.00232315063476563 0.06451416015625 0.0572052001953125
0.0485267639160156 -0.0331459045410156 0.6309814453125 -0.56805419921875
0.0130176544189453 -0.0163345336914063 -0.000244140624999971 -1.00830078125
-0.00698089599609375 0.0306320190429688 -0.74853515625 -0.413818359375
0.00167465209960938 0.0358543395996094 -0.57373046875 0.30718994140625
0.0272121429443359 0.00420188903808594 -0.172576904296875 0.469482421875
0.0252628326416016 -0.0252037048339844 0.143798828125 0.281341552734375
-0.0241203308105469 -0.00200271606445313 0.231719970703125 0.02362060546875
-0.0100841522216797 0.00409317016601562 -0.230804443359375 -0.0805816650390625
0.0184383392333984 0.00127410888671875 -0.082366943359375 -0.318756103515625
0.0099782943725586 0.0136661529541016 0.258331298828125 -0.4058837890625
-0.0207881927490234 0.0350780487060547 0.67071533203125 -0.15740966796875
-0.0267753601074219 0.0328788757324219 0.64813232421875 0.5550537109375
-0.00765609741210937 -0.0364151000976563 0.0121459960937501 0.9818115234375
0.019256591796875 -0.0135478973388672 -0.51922607421875 0.5789794921875
0.0630340576171875 0.0186614990234375 0.0686798095703125 0.0612564086914063
0.0671043395996094 -0.022308349609375 0.677490234375 -0.548095703125
0.0202522277832031 -0.0321788787841797 0.0739135742187501 -1.03314208984375
-0.0313434600830078 0.0047149658203125 -0.72003173828125 -0.48675537109375
-0.0371437072753906 0.0369529724121094 -0.5933837890625 0.25213623046875
-0.0017547607421875 0.0212306976318359 -0.19366455078125 0.445220947265625
0.0133447647094727 0.000440597534179688 0.127853393554688 0.274032592773438
-0.00796937942504883 0.00398874282836914 0.224044799804688 0.009124755859375
-0.00479507446289063 0.00545406341552734 -0.226318359375 -0.0734405517578125
0.0174484252929687 0.00786972045898437 -0.070709228515625 -0.313720703125
0.00860404968261719 0.0161161422729492 0.267059326171875 -0.39715576171875
-0.0237464904785156 0.033599853515625 0.67596435546875 -0.13958740234375
-0.0292377471923828 0.0279407501220703 0.63421630859375 0.56817626953125
-0.00546646118164062 -0.0425148010253906 -0.0067138671875 0.98724365234375
0.0199222564697266 -0.0135326385498047 -0.53369140625 0.5721435546875
0.0635643005371094 0.0188713073730469 0.0664520263671875 0.0564117431640625
0.06573486328125 -0.0230216979980469 0.66619873046875 -0.5556640625
0.0188026428222656 -0.0370368957519531 0.0535278320312501 -1.02685546875
-0.0347995758056641 -0.000169754028320311 -0.72723388671875 -0.46868896484375
-0.0407180786132812 0.0361976623535156 -0.58673095703125 0.26611328125
-0.0023651123046875 0.02508544921875 -0.184295654296875 0.45294189453125
0.0135412216186523 0.00170135498046875 0.134597778320313 0.276763916015625
-0.00836181640625 0.00533246994018555 0.228408813476562 0.013580322265625
-0.00529241561889648 0.00549936294555664 -0.221694946289063 -0.0669708251953125
0.018341064453125 0.00656318664550781 -0.062774658203125 -0.306488037109375
0.00895214080810547 0.0155935287475586 0.27691650390625 -0.38525390625
-0.0241241455078125 0.0329227447509766 0.67596435546875 -0.124755859375
-0.0291328430175781 0.0258331298828125 0.62701416015625 0.5869140625
-0.00421524047851562 -0.0457839965820313 -0.027099609375 0.99200439453125
0.0200290679931641 -0.0127849578857422 -0.546875 0.5670166015625
0.0620460510253906 0.0184783935546875 0.0646018981933594 0.0531425476074219
0.0653152465820313 -0.0256118774414063 0.65020751953125 -0.55999755859375
0.0185050964355469 -0.0395126342773438 0.0322265625 -1.01922607421875
-0.0351142883300781 -0.00214195251464844 -0.73040771484375 -0.449951171875
-0.0384979248046875 0.0349998474121094 -0.57952880859375 0.28131103515625
-0.00298690795898437 0.0252838134765625 -0.17596435546875 0.457977294921875
0.0133428573608398 0.00157546997070313 0.143951416015625 0.281402587890625
-0.00918388366699219 0.00469589233398437 0.232940673828125 0.0158233642578125
-0.0052952766418457 0.00572729110717774 -0.216018676757813 -0.0608978271484375
0.0202808380126953 0.0054779052734375 -0.05682373046875 -0.300262451171875
0.0115346908569336 0.0149459838867188 0.285491943359375 -0.376983642578125
-0.01953125 0.0343246459960938 0.6824951171875 -0.1083984375
-0.0283908843994141 0.0257911682128906 0.6217041015625 0.60791015625
-0.00429153442382812 -0.0439834594726563 -0.04595947265625 1.004150390625
0.0164108276367188 -0.0167732238769531 -0.55743408203125 0.5645751953125
0.0601654052734375 0.0142288208007813 0.061798095703125 0.0509986877441406
0.0601463317871094 -0.0290298461914063 0.63970947265625 -0.5684814453125
0.0179023742675781 -0.0387039184570313 0.00939941406249992 -1.017578125
-0.0306816101074219 0.000988006591796872 -0.7425537109375 -0.432861328125
-0.0343170166015625 0.0359725952148438 -0.5772705078125 0.29632568359375
0.000986099243164064 0.0232887268066406 -0.169830322265625 0.46685791015625
0.0136690139770508 -0.00079345703125 0.145965576171875 0.2850341796875
-0.00949001312255859 0.00470352172851563 0.233123779296875 0.022216796875
-0.0074777603149414 0.00359773635864258 -0.210861206054688 -0.0558929443359375
0.0215129852294922 0.00045013427734375 -0.052703857421875 -0.295379638671875
0.0171842575073242 0.0123252868652344 0.28826904296875 -0.370758056640625
-0.0118980407714844 0.0342483520507813 0.68267822265625 -0.0972900390625
-0.0231361389160156 0.0302448272705078 0.61273193359375 0.61981201171875
-0.00260543823242187 -0.0413665771484375 -0.0585327148437501 1.0091552734375
0.0148601531982422 -0.0167179107666016 -0.56549072265625 0.5634765625
0.0561103820800781 0.0110969543457031 0.06195068359375 0.0507431030273438
0.0575408935546875 -0.0319786071777344 0.6290283203125 -0.57452392578125
0.0163688659667969 -0.0355300903320313 -0.00207519531250007 -1.01318359375
-0.0249862670898438 0.00471115112304688 -0.74652099609375 -0.415771484375
-0.0255813598632812 0.0360260009765625 -0.57080078125 0.3082275390625
0.00714874267578125 0.0177898406982422 -0.163970947265625 0.473297119140625
0.0146703720092773 -0.00470924377441406 0.150299072265625 0.2860107421875
-0.0129947662353516 0.00522994995117187 0.236724853515625 0.0253143310546875
-0.0117902755737305 -0.0018310546875 -0.2093505859375 -0.0535125732421875
0.0251865386962891 -0.00429153442382812 -0.04888916015625 -0.29296875
0.0237808227539062 0.0055694580078125 0.292877197265625 -0.368377685546875
-0.00164031982421875 0.0359954833984375 0.6856689453125 -0.0885009765625
-0.0156440734863281 0.0367202758789063 0.610595703125 0.62799072265625
-0.0035400390625 -0.0394630432128906 -0.0668334960937501 1.0147705078125
0.0119876861572266 -0.0181560516357422 -0.569091796875 0.56475830078125
0.0548439025878906 0.00608444213867188 0.0621757507324219 0.0498008728027344
0.0533218383789063 -0.0339164733886719 0.62554931640625 -0.5758056640625
0.0146026611328125 -0.0288314819335938 -0.00878906250000002 -1.009765625
-0.0207271575927734 0.0133018493652344 -0.74920654296875 -0.40972900390625
-0.0169219970703125 0.0346508026123047 -0.5701904296875 0.3123779296875
0.0133266448974609 0.0129404067993164 -0.16339111328125 0.471038818359375
0.019744873046875 -0.0119915008544922 0.150238037109375 0.285614013671875
-0.0145883560180664 0.00371360778808594 0.237686157226563 0.026763916015625
-0.0170183181762695 -0.00528812408447266 -0.210891723632813 -0.0525970458984375
0.0272884368896484 -0.0137939453125 -0.050384521484375 -0.29461669921875
0.0300254821777344 0.000989913940429688 0.291046142578125 -0.36981201171875
0.00904083251953125 0.03790283203125 0.68511962890625 -0.09002685546875
-0.00970458984375 0.0454673767089844 0.61138916015625 0.6292724609375
-0.00394058227539062 -0.0295677185058594 -0.0629272460937499 1.01812744140625
0.00619888305664063 -0.0183525085449219 -0.5675048828125 0.569091796875
0.0535850524902344 0.00176239013671875 0.0599784851074219 0.050140380859375
0.0508956909179688 -0.0356864929199219 0.6268310546875 -0.5731201171875
0.0130214691162109 -0.0241470336914063 -0.00738525390624997 -1.00885009765625
-0.0151348114013672 0.0204486846923828 -0.75225830078125 -0.4078369140625
-0.00712203979492188 0.0345954895019531 -0.57037353515625 0.3118896484375
0.0201587677001953 0.00829315185546875 -0.168182373046875 0.4720458984375
0.0212612152099609 -0.0176124572753906 0.148345947265625 0.283233642578125
-0.0191364288330078 0.00015830993652344 0.236099243164063 0.027496337890625
-0.0216922760009766 -0.00833320617675782 -0.213577270507813 -0.0575714111328125
0.0298728942871094 -0.0172767639160156 -0.05609130859375 -0.29791259765625
0.0377922058105469 -0.00479507446289062 0.28411865234375 -0.37066650390625
0.0190582275390625 0.0358772277832031 0.68328857421875 -0.095947265625
-0.00316619873046875 0.0528678894042969 0.619384765625 0.62200927734375
-0.00634002685546875 -0.0236129760742188 -0.0518798828125 1.01373291015625
0.00446701049804687 -0.0199871063232422 -0.5621337890625 0.57159423828125
0.0519638061523438 -2.6702880859375E-05 0.0629119873046875 0.0546531677246094
0.0471305847167969 -0.0360488891601563 0.63494873046875 -0.56695556640625
0.0126609802246094 -0.0171089172363281 0.00286865234374995 -1.01116943359375
-0.00622940063476563 0.0279865264892578 -0.7496337890625 -0.41632080078125
0.00153732299804688 0.0333347320556641 -0.57464599609375 0.30792236328125
0.0263175964355469 0.00306129455566406 -0.1724853515625 0.4708251953125
0.0259056091308594 -0.0244941711425781 0.143341064453125 0.281890869140625
-0.0229415893554688 -0.00286293029785156 0.231948852539063 0.02581787109375
-0.0055084228515625 0.00682544708251953 -0.231338500976563 -0.0793609619140626
0.0197372436523438 0.00331306457519531 -0.08251953125 -0.31878662109375
0.0124931335449219 0.0122594833374023 0.257720947265625 -0.40667724609375
-0.0189704895019531 0.0349540710449219 0.67059326171875 -0.161376953125
-0.0261058807373047 0.0342788696289063 0.65008544921875 0.55438232421875
-0.00676345825195313 -0.0369377136230469 0.011962890625 0.9840087890625
0.0188579559326172 -0.0104618072509766 -0.52264404296875 0.58013916015625
0.0601882934570312 0.0190925598144531 0.0664634704589844 0.0628013610839844
0.0655326843261719 -0.0227775573730469 0.679443359375 -0.5460205078125
0.0200462341308594 -0.0331954956054688 0.07476806640625 -1.0372314453125
-0.0311660766601562 0.00369453430175782 -0.7213134765625 -0.48583984375
-0.036376953125 0.0355148315429687 -0.5933837890625 0.25213623046875
-0.00316238403320312 0.0209941864013672 -0.19232177734375 0.44366455078125
0.0124435424804687 0.000827789306640625 0.128509521484375 0.27386474609375
-0.00858688354492188 0.0070490837097168 0.2261962890625 0.0091705322265625
-0.00536203384399414 0.00641918182373047 -0.22802734375 -0.0738525390625
0.0174217224121094 0.00771522521972656 -0.075408935546875 -0.313995361328125
0.00794315338134765 0.0156793594360352 0.267578125 -0.399871826171875
-0.0204811096191406 0.0367355346679688 0.6744384765625 -0.14617919921875
-0.0307331085205078 0.0280895233154297 0.640625 0.567138671875
-0.00388717651367188 -0.0433998107910156 -0.00585937499999991 0.988525390625
0.0187149047851563 -0.0114173889160156 -0.53570556640625 0.57672119140625
0.0612983703613281 0.0210151672363281 0.0651702880859375 0.0574760437011719
0.0629310607910156 -0.0245475769042969 0.66650390625 -0.55517578125
0.0200462341308594 -0.0387535095214844 0.0528564453125 -1.02886962890625
-0.0335350036621094 -0.000949859619140632 -0.72900390625 -0.46832275390625
-0.0403594970703125 0.0341644287109375 -0.5867919921875 0.26666259765625
-0.00393104553222656 0.0251998901367188 -0.182525634765625 0.45361328125
0.012629508972168 0.00308895111083984 0.136077880859375 0.277664184570313
-0.00985145568847656 0.00665664672851563 0.2288818359375 0.0126953125
-0.00568819046020508 0.00701475143432617 -0.223388671875 -0.06585693359375
0.0186252593994141 0.00401878356933594 -0.067962646484375 -0.306610107421875
0.00821495056152344 0.0163402557373047 0.273590087890625 -0.38946533203125
-0.0218410491943359 0.0335731506347656 0.6778564453125 -0.13037109375
-0.0308380126953125 0.0251922607421875 0.62841796875 0.58636474609375
-0.0023956298828125 -0.0448799133300781 -0.0272216796874999 0.99456787109375
0.0193195343017578 -0.0133628845214844 -0.548095703125 0.57098388671875
0.0591278076171875 0.0197486877441406 0.0648422241210938 0.0525131225585938
0.0625038146972656 -0.0266914367675781 0.65289306640625 -0.5618896484375
0.0201416015625 -0.0418281555175781 0.0343627929687499 -1.02081298828125
-0.0340290069580078 -0.00198745727539062 -0.73193359375 -0.4490966796875
-0.0369338989257813 0.0386734008789062 -0.57769775390625 0.28143310546875
-0.001251220703125 0.0244102478027344 -0.1748046875 0.460784912109375
0.0127983093261719 0.00136470794677734 0.141525268554688 0.280960083007813
-0.00879001617431641 0.00743865966796875 0.234451293945312 0.0197906494140625
-0.00459194183349609 0.0072331428527832 -0.21588134765625 -0.06103515625
0.01934814453125 0.0043487548828125 -0.0567626953125 -0.30078125
0.0134639739990234 0.0165414810180664 0.282470703125 -0.384185791015625
-0.0190010070800781 0.0343208312988281 0.68243408203125 -0.11083984375
-0.0276145935058594 0.0269870758056641 0.6241455078125 0.60723876953125
-0.0023040771484375 -0.045166015625 -0.0447387695312499 1.00689697265625
0.0177326202392578 -0.0138645172119141 -0.5567626953125 0.5670166015625
0.0590286254882813 0.0161094665527344 0.0612945556640625 0.0510063171386719
0.0611763000488281 -0.0300636291503906 0.6414794921875 -0.5675048828125
0.0160865783691406 -0.0387763977050781 0.00817871093750007 -1.01800537109375
-0.0315418243408203 0.00313758850097657 -0.74530029296875 -0.4329833984375
-0.0341377258300781 0.036102294921875 -0.57757568359375 0.29656982421875
0.000511169433593752 0.0236225128173828 -0.16815185546875 0.468170166015625
0.0159950256347656 -0.000948905944824219 0.148223876953125 0.284942626953125
-0.00804281234741211 0.00629806518554688 0.2353515625 0.02191162109375
-0.00953197479248047 0.00109195709228516 -0.212722778320312 -0.05621337890625
0.0228652954101563 0.000751495361328125 -0.0538330078125 -0.295562744140625
0.0201435089111328 0.0125827789306641 0.291412353515625 -0.375152587890625
-0.0100173950195312 0.0345706939697266 0.6834716796875 -0.097412109375
-0.0235176086425781 0.0284862518310547 0.61572265625 0.61798095703125
-0.00409317016601562 -0.0427970886230469 -0.05755615234375 1.00921630859375
0.0147733688354492 -0.015263557434082 -0.568359375 0.56463623046875
0.055633544921875 0.0108833312988281 0.0607719421386719 0.0502738952636719
0.0554084777832031 -0.0325584411621094 0.63287353515625 -0.5716552734375
0.0161018371582031 -0.0369796752929688 -0.00439453124999996 -1.01580810546875
-0.0263767242431641 0.0061187744140625 -0.75213623046875 -0.41424560546875
-0.0263633728027344 0.0360984802246094 -0.56951904296875 0.30999755859375
0.00966644287109375 0.0193710327148438 -0.162689208984375 0.472198486328125
0.0138731002807617 -0.00595283508300781 0.152069091796875 0.28594970703125
-0.0101413726806641 0.00637912750244141 0.236618041992188 0.0277099609375
-0.012608528137207 0.00319480895996094 -0.211807250976562 -0.0541534423828125
0.0260257720947266 -0.00598526000976563 -0.0518798828125 -0.29510498046875
0.0247840881347656 0.0069580078125 0.29144287109375 -0.36932373046875
-0.00177001953125 0.0365219116210938 0.6868896484375 -0.090576171875
-0.0171318054199219 0.0358047485351563 0.6136474609375 0.6268310546875
-0.0027313232421875 -0.0379714965820313 -0.0626831054687501 1.014404296875
0.0106592178344727 -0.0173149108886719 -0.56982421875 0.5662841796875
0.0552978515625 0.00612258911132813 0.060882568359375 0.0495338439941406
0.05303955078125 -0.0330543518066406 0.63006591796875 -0.574462890625
0.0167045593261719 -0.0307369232177734 -0.00903320312499997 -1.010498046875
-0.0185451507568359 0.0122203826904297 -0.75384521484375 -0.4091796875
-0.0161876678466797 0.0345230102539063 -0.5704345703125 0.31451416015625
0.0139808654785156 0.0139389038085938 -0.163665771484375 0.47357177734375
0.0183696746826172 -0.0116291046142578 0.15032958984375 0.286041259765625
-0.0159587860107422 0.0042572021484375 0.237060546875 0.02685546875
-0.0160818099975586 -0.00295352935791015 -0.209182739257813 -0.0520172119140625
0.0277614593505859 -0.0113182067871094 -0.051116943359375 -0.295745849609375
0.0291385650634766 0.00142097473144531 0.289337158203125 -0.370758056640625
0.00783538818359375 0.0356521606445313 0.68621826171875 -0.0921630859375
-0.00936126708984375 0.0451507568359375 0.61431884765625 0.62896728515625
-0.00360488891601563 -0.0322532653808594 -0.06085205078125 1.01947021484375
0.00495719909667969 -0.0189857482910156 -0.56817626953125 0.56939697265625
0.0543785095214844 0.00360488891601563 0.0598869323730469 0.0511550903320313
0.0501899719238281 -0.0365180969238281 0.630126953125 -0.5699462890625
0.0145740509033203 -0.0245780944824219 -0.00872802734375009 -1.01080322265625
-0.0112705230712891 0.0220718383789063 -0.753173828125 -0.4093017578125
-0.00525665283203125 0.0364761352539063 -0.5718994140625 0.313720703125
0.0196495056152344 0.00791358947753906 -0.167144775390625 0.473968505859375
0.0200290679931641 -0.0189170837402344 0.1512451171875 0.286834716796875
-0.0203151702880859 0.00361061096191406 0.237060546875 0.0269775390625
-0.0199337005615234 -0.00569534301757813 -0.212997436523438 -0.0559539794921875
0.0302162170410156 -0.0174617767333984 -0.056854248046875 -0.300445556640625
0.03759765625 -0.00363922119140625 0.282928466796875 -0.3743896484375
0.021240234375 0.0403976440429688 0.68658447265625 -0.10223388671875
-0.00490570068359375 0.053680419921875 0.62445068359375 0.6234130859375
-0.00516510009765625 -0.0253868103027344 -0.04998779296875 1.01824951171875
0.00209236145019531 -0.0203323364257812 -0.56488037109375 0.5721435546875
0.0506477355957031 -0.000148773193359375 0.0625152587890625 0.0557365417480469
0.0454826354980469 -0.0358924865722656 0.63623046875 -0.5672607421875
0.0144462585449219 -0.0175247192382812 0.00177001953125003 -1.01153564453125
-0.00699043273925781 0.026763916015625 -0.75067138671875 -0.41302490234375
0.00407218933105468 0.0347843170166016 -0.5751953125 0.30889892578125
0.0251846313476563 0.00151634216308594 -0.17303466796875 0.47088623046875
0.0228652954101563 -0.02587890625 0.142852783203125 0.28338623046875
-0.0236988067626953 0.00191688537597657 0.233505249023437 0.027740478515625
-0.00816583633422852 0.00478601455688477 -0.23272705078125 -0.081207275390625
0.0196495056152344 0.00352287292480469 -0.083953857421875 -0.320770263671875
0.0102815628051758 0.0139265060424805 0.257568359375 -0.4111328125
-0.0200386047363281 0.0355873107910156 0.67486572265625 -0.1627197265625
-0.0272960662841797 0.02996826171875 0.65447998046875 0.552734375
-0.00646591186523438 -0.0384368896484375 0.0139770507812501 0.98681640625
0.0186424255371094 -0.0112113952636719 -0.52606201171875 0.5816650390625
0.0604362487792969 0.0223922729492188 0.0660133361816406 0.0617294311523437
0.0655975341796875 -0.022796630859375 0.683837890625 -0.548095703125
0.0204143524169922 -0.0343647003173828 0.0711669921875 -1.04022216796875
-0.0305709838867188 0.00368499755859374 -0.7244873046875 -0.4869384765625
-0.0360832214355469 0.03857421875 -0.594482421875 0.2567138671875
-0.00120353698730469 0.0230789184570313 -0.19158935546875 0.44769287109375
0.0120105743408203 -0.00266170501708984 0.129013061523437 0.274627685546875
-0.0108985900878906 0.00751686096191406 0.227188110351562 0.0103607177734375
-0.00532341003417969 0.00689029693603516 -0.229232788085938 -0.072723388671875
0.0192108154296875 0.00779914855957031 -0.074615478515625 -0.31500244140625
0.0105018615722656 0.0179462432861328 0.266754150390625 -0.403656005859375
-0.0228366851806641 0.0349712371826172 0.67926025390625 -0.14776611328125
-0.0298175811767578 0.0257396697998047 0.64569091796875 0.56787109375
-0.00403213500976563 -0.0447883605957031 -0.000976562499999999 0.99212646484375
0.0193958282470703 -0.00972175598144531 -0.537109375 0.57763671875
0.0596046447753906 0.0210189819335937 0.0638542175292969 0.0570297241210938
0.0666236877441406 -0.0252227783203125 0.66815185546875 -0.556396484375
0.0212631225585937 -0.0369224548339844 0.0511474609375 -1.03125
-0.0329704284667969 -0.000762939453124996 -0.731689453125 -0.47015380859375
-0.0397720336914062 0.0360145568847656 -0.58868408203125 0.27093505859375
-0.004241943359375 0.0248794555664062 -0.182708740234375 0.455352783203125
0.0124788284301758 0.000329971313476563 0.136077880859375 0.279129028320313
-0.0070333480834961 0.00915908813476562 0.23077392578125 0.013275146484375
-0.00626802444458008 0.00741195678710937 -0.222015380859375 -0.0674896240234374
0.0187168121337891 0.00589179992675781 -0.06817626953125 -0.307708740234375
0.00770950317382813 0.0175647735595703 0.276519775390625 -0.3919677734375
-0.0232620239257812 0.0357742309570313 0.68109130859375 -0.12872314453125
-0.0301189422607422 0.0248966217041016 0.6318359375 0.5880126953125
-0.00402069091796875 -0.0461158752441406 -0.0242309570312501 0.99676513671875
0.0195217132568359 -0.0115089416503906 -0.551025390625 0.57281494140625
0.0588874816894531 0.0190086364746094 0.0598526000976563 0.053558349609375
0.0635986328125 -0.0284461975097656 0.6533203125 -0.56103515625
0.018646240234375 -0.0407333374023438 0.03204345703125 -1.0262451171875
-0.0336723327636719 -0.000583648681640627 -0.735107421875 -0.44903564453125
-0.0391960144042969 0.03558349609375 -0.58343505859375 0.28271484375
-0.00188636779785156 0.0228824615478516 -0.174530029296875 0.4617919921875
0.0114126205444336 0.00195789337158203 0.14410400390625 0.2823486328125
-0.00857400894165039 0.00764322280883789 0.233200073242188 0.018798828125
-0.00553512573242188 0.0070962905883789 -0.2169189453125 -0.061920166015625
0.021270751953125 0.00494384765625 -0.059356689453125 -0.301544189453125
0.0132884979248047 0.0168800354003906 0.28509521484375 -0.3837890625
-0.0169773101806641 0.0345497131347656 0.68603515625 -0.11480712890625
-0.0275840759277344 0.0247478485107422 0.6300048828125 0.60455322265625
-0.00150680541992187 -0.0455398559570313 -0.04229736328125 1.00677490234375
0.0173540115356445 -0.0121622085571289 -0.55902099609375 0.56829833984375
0.0578155517578125 0.014801025390625 0.0598526000976563 0.0499000549316406
0.0590133666992188 -0.0301780700683594 0.64453125 -0.5693359375
0.01702880859375 -0.0406608581542969 0.0101928710937499 -1.02008056640625
-0.0302772521972656 0.000169754028320309 -0.7471923828125 -0.43341064453125
-0.0350456237792969 0.0360488891601563 -0.57696533203125 0.298828125
0.000942230224609376 0.0223503112792969 -0.169647216796875 0.47015380859375
0.0127325057983398 0.000921249389648438 0.1458740234375 0.285400390625
-0.00856256484985351 0.00762128829956055 0.236282348632812 0.02215576171875
-0.00946712493896484 0.00381660461425781 -0.215301513671875 -0.05706787109375
0.0223369598388672 -0.00110435485839844 -0.054351806640625 -0.298126220703125
0.0181884765625 0.0110797882080078 0.289794921875 -0.3773193359375
-0.0113296508789062 0.03546142578125 0.68994140625 -0.1024169921875
-0.0232219696044922 0.0279674530029297 0.62213134765625 0.61932373046875
-0.002716064453125 -0.0429763793945313 -0.0569458007812499 1.013671875
0.0138254165649414 -0.015106201171875 -0.5704345703125 0.56622314453125
0.0560798645019531 0.0101699829101563 0.0594673156738281 0.0512313842773437
0.0584259033203125 -0.0318603515625 0.633056640625 -0.57489013671875
0.0149383544921875 -0.0353736877441406 -0.00512695312500009 -1.0185546875
-0.0249652862548828 0.00551986694335938 -0.75439453125 -0.4163818359375
-0.0258102416992188 0.0362663269042969 -0.5714111328125 0.30963134765625
0.00690269470214844 0.0181560516357422 -0.161376953125 0.474517822265625
0.0161037445068359 -0.00546455383300781 0.152069091796875 0.288360595703125
-0.0113391876220703 0.00579833984375 0.2393798828125 0.0269927978515625
-0.0132026672363281 0.00212478637695312 -0.212478637695313 -0.0538482666015625
0.0260257720947266 -0.00589370727539063 -0.0496826171875 -0.2972412109375
0.0253925323486328 0.00876998901367188 0.292236328125 -0.37213134765625
0.000957489013671877 0.0362586975097656 0.68829345703125 -0.09320068359375
-0.0173225402832031 0.0356216430664062 0.61907958984375 0.6265869140625
-0.003387451171875 -0.0373954772949219 -0.0639648437499999 1.01953125
0.0105161666870117 -0.0168485641479492 -0.57293701171875 0.56915283203125
0.0537185668945312 0.00823211669921875 0.0596046447753906 0.0510330200195313
0.0518608093261719 -0.0346107482910156 0.63153076171875 -0.5772705078125
0.0145473480224609 -0.0316829681396484 -0.0107421874999999 -1.0147705078125
-0.0181655883789063 0.0132522583007812 -0.75543212890625 -0.4091796875
-0.0154457092285156 0.0345230102539063 -0.57293701171875 0.31439208984375
0.0141372680664063 0.0151462554931641 -0.162567138671875 0.475921630859375
0.0190238952636719 -0.0121803283691406 0.152008056640625 0.287628173828125
-0.0153694152832031 0.00815010070800781 0.239776611328125 0.0291900634765625
-0.015629768371582 -0.00326251983642578 -0.21234130859375 -0.053741455078125
0.0308475494384766 -0.0125465393066406 -0.053436279296875 -0.2979736328125
0.0327358245849609 0.00150299072265625 0.287628173828125 -0.37353515625
0.0087432861328125 0.0381622314453125 0.69000244140625 -0.09716796875
-0.00933074951171876 0.0412139892578125 0.61907958984375 0.62872314453125
-0.00448799133300781 -0.0328083038330078 -0.05743408203125 1.01995849609375
0.00777053833007812 -0.0185012817382813 -0.57098388671875 0.57196044921875
0.052581787109375 0.004608154296875 0.0598106384277344 0.054962158203125
0.0511398315429687 -0.035675048828125 0.63189697265625 -0.5750732421875
0.0145416259765625 -0.0241222381591797 -0.0100708007812501 -1.01605224609375
-0.0141811370849609 0.0204658508300781 -0.75445556640625 -0.4110107421875
-0.00368118286132812 0.0347461700439453 -0.57220458984375 0.31658935546875
0.0209522247314453 0.00716972351074219 -0.1663818359375 0.476715087890625
0.0214385986328125 -0.0199756622314453 0.14959716796875 0.2850341796875
-0.0188674926757813 0.00321006774902343 0.2388916015625 0.03045654296875
-0.0203132629394531 -0.00529670715332031 -0.214920043945312 -0.0578460693359375
0.0300197601318359 -0.0175952911376953 -0.056396484375 -0.30096435546875
0.0366630554199219 -0.00522232055664063 0.28424072265625 -0.378936767578125
0.0178070068359375 0.0392646789550781 0.68878173828125 -0.1007080078125
-0.00262069702148438 0.0521392822265625 0.6275634765625 0.62384033203125
-0.00658988952636719 -0.0252971649169922 -0.04754638671875 1.01995849609375
0.00239944458007813 -0.0175704956054688 -0.564697265625 0.574462890625
0.049835205078125 0.00049591064453125 0.0605964660644531 0.0558395385742188
0.0479087829589844 -0.0357017517089844 0.63592529296875 -0.569580078125
0.0119590759277344 -0.0177421569824219 0.00238037109374992 -1.011962890625
-0.00484657287597656 0.0286712646484375 -0.7535400390625 -0.4163818359375
0.0048980712890625 0.0364265441894531 -0.57672119140625 0.31268310546875
0.0283451080322266 0.00259017944335937 -0.1732177734375 0.47186279296875
0.0235424041748047 -0.025787353515625 0.14642333984375 0.28558349609375
-0.0236339569091797 0.003173828125 0.23590087890625 0.028717041015625
-0.00780725479125976 0.00641870498657227 -0.236190795898437 -0.0825653076171875
0.020965576171875 0.00265884399414062 -0.085479736328125 -0.324066162109375
0.0117025375366211 0.0157575607299805 0.2589111328125 -0.4151611328125
-0.0199127197265625 0.036712646484375 0.6781005859375 -0.16943359375
-0.0269584655761719 0.0287628173828125 0.66021728515625 0.5526123046875
-0.00717544555664062 -0.0391578674316406 0.0203857421875 0.98846435546875
0.0187644958496094 -0.00845718383789063 -0.52508544921875 0.58740234375
0.0598564147949219 0.0223350524902344 0.0641517639160156 0.0616264343261719
0.0648689270019531 -0.0231285095214844 0.68560791015625 -0.54840087890625
0.0211639404296875 -0.0350265502929688 0.0719604492187501 -1.04205322265625
-0.0294761657714844 0.00258827209472657 -0.72918701171875 -0.486572265625
-0.0362052917480469 0.0378684997558594 -0.59808349609375 0.2568359375
-0.00147819519042969 0.0224361419677734 -0.192596435546875 0.449554443359375
0.0115890502929688 -0.000812530517578125 0.130661010742188 0.27685546875
-0.00972557067871094 0.00858879089355469 0.225677490234375 0.011260986328125
-0.00471973419189453 0.00968265533447266 -0.230392456054688 -0.0740509033203125
0.0189933776855469 0.00458717346191406 -0.076416015625 -0.317108154296875
0.0101737976074219 0.0178623199462891 0.268280029296875 -0.40576171875
-0.0231399536132813 0.0362930297851563 0.68585205078125 -0.1531982421875
-0.0303573608398438 0.0263919830322266 0.651123046875 0.5660400390625
-0.0054168701171875 -0.0439643859863281 0.000976562499999956 0.99371337890625
0.0192623138427734 -0.0100002288818359 -0.53692626953125 0.580322265625
0.059417724609375 0.0226593017578125 0.0641250610351563 0.0582618713378906
0.0662994384765625 -0.0261917114257813 0.66937255859375 -0.55731201171875
0.0210418701171875 -0.0386161804199219 0.0476684570312501 -1.037841796875
-0.0334987640380859 -0.000476837158203131 -0.7366943359375 -0.4696044921875
-0.0380477905273438 0.0387763977050781 -0.587890625 0.27130126953125
-0.00473213195800781 0.0254001617431641 -0.182525634765625 0.45550537109375
0.0109643936157227 0.00189113616943359 0.137374877929688 0.28057861328125
-0.00641536712646484 0.0097341537475586 0.230941772460937 0.01373291015625
-0.00407791137695313 0.006011962890625 -0.225433349609375 -0.0663299560546875
0.022125244140625 0.00608634948730469 -0.0694580078125 -0.310882568359375
0.0104427337646484 0.0177421569824219 0.277435302734375 -0.395263671875
-0.0212173461914063 0.0354499816894531 0.68408203125 -0.13336181640625
-0.0293598175048828 0.0224819183349609 0.640625 0.5855712890625
-0.00602340698242188 -0.0473060607910156 -0.023193359375 1.000732421875
0.0203704833984375 -0.0124320983886719 -0.5521240234375 0.57568359375
0.0589179992675781 0.0202445983886719 0.0610389709472656 0.0554351806640625
0.0629997253417969 -0.0280685424804688 0.65777587890625 -0.56451416015625
0.0193443298339844 -0.040283203125 0.03131103515625 -1.03070068359375
-0.0328750610351563 -0.000865936279296869 -0.741455078125 -0.45184326171875
-0.0380096435546875 0.0379524230957031 -0.58221435546875 0.2852783203125
-0.00300216674804687 0.0242900848388672 -0.17279052734375 0.463897705078125
0.011357307434082 0.00178718566894531 0.146728515625 0.283050537109375
-0.00718021392822266 0.00926589965820313 0.236572265625 0.018402099609375
-0.00506305694580078 0.00781106948852539 -0.218780517578125 -0.0614776611328125
0.0223751068115234 0.00329208374023438 -0.061859130859375 -0.3050537109375
0.0123262405395508 0.0155248641967773 0.285858154296875 -0.38812255859375
-0.0171928405761719 0.0332698822021484 0.6898193359375 -0.1156005859375
-0.0283145904541016 0.0234203338623047 0.634033203125 0.606201171875
-0.003204345703125 -0.045501708984375 -0.04046630859375 1.0120849609375
0.0181217193603516 -0.0127105712890625 -0.56134033203125 0.57415771484375
0.057708740234375 0.0178337097167969 0.0597610473632813 0.0504112243652344
0.0612640380859375 -0.0298385620117188 0.647216796875 -0.572265625
0.0182571411132812 -0.0381317138671875 0.00927734375000001 -1.02618408203125
-0.0303287506103516 0.00164604187011718 -0.751953125 -0.43402099609375
-0.0322227478027344 0.0360069274902344 -0.5767822265625 0.30145263671875
0.00249862670898437 0.0229606628417969 -0.167510986328125 0.471954345703125
0.0130634307861328 -0.000560760498046875 0.151275634765625 0.288604736328125
-0.0082855224609375 0.00992965698242188 0.237197875976562 0.0229644775390625
-0.0101079940795898 0.00218582153320313 -0.21600341796875 -0.05596923828125
0.0222377777099609 -0.000217437744140625 -0.0562744140625 -0.30218505859375
0.0196590423583984 0.01171875 0.2882080078125 -0.380615234375
-0.0113296508789063 0.0365753173828125 0.692138671875 -0.1068115234375
-0.0225696563720703 0.0270671844482422 0.62548828125 0.6180419921875
-0.0034332275390625 -0.0444488525390625 -0.05291748046875 1.01727294921875
0.0147457122802734 -0.0153560638427734 -0.572021484375 0.57269287109375
0.0573844909667969 0.0146141052246094 0.05780029296875 0.0493888854980469
0.0563201904296875 -0.0321807861328125 0.63568115234375 -0.574951171875
0.0153121948242187 -0.0370674133300781 -0.00659179687500009 -1.01953125
-0.0245475769042969 0.00711631774902343 -0.75927734375 -0.41705322265625
-0.0245246887207031 0.0356559753417969 -0.573486328125 0.31170654296875
0.00718879699707031 0.0186500549316406 -0.1627197265625 0.47601318359375
0.0130386352539063 -0.00407886505126953 0.155792236328125 0.288970947265625
-0.0102910995483398 0.00681877136230469 0.241744995117188 0.0264434814453125
-0.0118999481201172 0.00167655944824219 -0.212860107421875 -0.0546112060546875
0.0258541107177734 -0.00689888000488281 -0.052825927734375 -0.299041748046875
0.0259304046630859 0.00729942321777344 0.293731689453125 -0.374908447265625
0.00128173828125 0.0389251708984375 0.69384765625 -0.0968017578125
-0.0135002136230469 0.0356559753417969 0.6236572265625 0.62640380859375
-0.00600051879882813 -0.041748046875 -0.058837890625 1.02215576171875
0.0117111206054688 -0.015934944152832 -0.57427978515625 0.572021484375
0.0525665283203125 0.0121421813964844 0.05694580078125 0.0490226745605469
0.053070068359375 -0.0351066589355469 0.6317138671875 -0.57952880859375
0.0132217407226563 -0.0321121215820313 -0.0112915039062501 -1.02093505859375
-0.0178070068359375 0.0134563446044922 -0.7601318359375 -0.4091796875
-0.0150718688964844 0.0362625122070313 -0.57232666015625 0.31964111328125
0.0136880874633789 0.013249397277832 -0.16253662109375 0.478118896484375
0.0170402526855469 -0.0116767883300781 0.1534423828125 0.288177490234375
-0.0148181915283203 0.00614547729492187 0.239181518554688 0.028167724609375
-0.0166454315185547 -6.29425048828159E-05 -0.21533203125 -0.054107666015625
0.0288829803466797 -0.0114173889160156 -0.054473876953125 -0.298614501953125
0.0330390930175781 0.00183296203613281 0.2891845703125 -0.37530517578125
0.00938034057617187 0.0408287048339844 0.69219970703125 -0.10113525390625
-0.00835800170898438 0.0423774719238281 0.6263427734375 0.62750244140625
-0.00453376770019531 -0.0341663360595703 -0.05572509765625 1.02398681640625
0.00556278228759766 -0.0147342681884766 -0.57342529296875 0.57598876953125
0.052093505859375 0.00541305541992187 0.057464599609375 0.0540122985839844
0.0474662780761719 -0.03619384765625 0.6343994140625 -0.57562255859375
0.0131988525390625 -0.0241870880126953 -0.00988769531250011 -1.0194091796875
-0.0111083984375 0.0193653106689453 -0.76104736328125 -0.40606689453125
-0.00543975830078125 0.036956787109375 -0.57275390625 0.3187255859375
0.0206165313720703 0.0089111328125 -0.1678466796875 0.478240966796875
0.019561767578125 -0.020416259765625 0.151641845703125 0.288360595703125
-0.0188770294189453 0.00561141967773437 0.239166259765625 0.0292205810546875
-0.0195236206054688 -0.00613975524902344 -0.217361450195312 -0.058563232421875
0.0313205718994141 -0.0172538757324219 -0.05999755859375 -0.301788330078125
0.0398406982421875 -0.0039825439453125 0.285858154296875 -0.382171630859375
0.0186500549316406 0.0389862060546875 0.69281005859375 -0.10711669921875
-0.00100326538085937 0.0521888732910156 0.6331787109375 0.6214599609375
-0.00707054138183594 -0.0269660949707031 -0.0464477539062499 1.02386474609375
0.00215339660644531 -0.0167875289916992 -0.56634521484375 0.58013916015625
0.0503501892089844 0.00219345092773438 0.0596122741699219 0.0570564270019531
0.0444450378417969 -0.034942626953125 0.63897705078125 -0.56878662109375
0.0130367279052734 -0.0199947357177734 -0.00201416015624989 -1.01556396484375
-0.00602531433105469 0.0295791625976563 -0.76153564453125 -0.41278076171875
0.00409317016601563 0.0373268127441406 -0.5782470703125 0.31353759765625
0.0266456604003906 0.00438499450683594 -0.17083740234375 0.472320556640625
0.022216796875 -0.0247287750244141 0.148101806640625 0.286590576171875
-0.0224075317382813 0.00409126281738282 0.236236572265625 0.0285186767578125
-0.00674200057983399 0.00848579406738281 -0.239089965820312 -0.080413818359375
0.0200729370117188 0.00313949584960938 -0.088470458984375 -0.32672119140625
0.010798454284668 0.0137872695922852 0.259002685546875 -0.419830322265625
-0.0166702270507813 0.037322998046875 0.6806640625 -0.17413330078125
-0.0275650024414063 0.0305614471435547 0.66729736328125 0.5513916015625
-0.00582122802734375 -0.0399932861328125 0.02410888671875 0.99029541015625
0.0194683074951172 -0.00843620300292969 -0.52587890625 0.5902099609375
0.0596923828125 0.0219154357910156 0.0640640258789063 0.06243896484375
0.0643959045410156 -0.0238189697265625 0.68603515625 -0.55670166015625
0.0191268920898437 -0.0354232788085937 0.06787109375 -1.04736328125
-0.0296840667724609 0.00378227233886719 -0.732666015625 -0.4893798828125
-0.0362930297851563 0.0359649658203125 -0.599365234375 0.26104736328125
-0.0009918212890625 0.0232315063476562 -0.18994140625 0.453369140625
0.0115432739257812 -0.00179386138916016 0.134811401367188 0.27850341796875
-0.00814914703369141 0.00885105133056641 0.231338500976562 0.00836181640625
-0.00572013854980469 0.00918006896972656 -0.231491088867187 -0.075286865234375
0.0207691192626953 0.00584030151367188 -0.0811767578125 -0.31884765625
0.0102930068969727 0.0168523788452148 0.266571044921875 -0.4110107421875
-0.0221481323242188 0.0364608764648438 0.68463134765625 -0.15814208984375
-0.0304183959960938 0.0259037017822266 0.6585693359375 0.5660400390625
-0.00397491455078125 -0.0452804565429688 0.00659179687499993 0.997314453125
0.0197086334228516 -0.00872039794921875 -0.5389404296875 0.58526611328125
0.0599937438964844 0.023468017578125 0.0629425048828125 0.0586585998535156
0.0650711059570313 -0.0262489318847656 0.6739501953125 -0.5614013671875
0.0202865600585937 -0.03924560546875 0.04644775390625 -1.0413818359375
-0.0319118499755859 -0.00121879577636719 -0.74285888671875 -0.46826171875
-0.0394935607910156 0.038848876953125 -0.59210205078125 0.2781982421875
-0.00245857238769531 0.0258140563964844 -0.181121826171875 0.4608154296875
0.0106782913208008 0.00181674957275391 0.14007568359375 0.282073974609375
-0.00621891021728516 0.0107145309448242 0.235504150390625 0.013763427734375
-0.00352001190185547 0.00788545608520508 -0.228469848632813 -0.0670318603515625
0.0192413330078125 0.00560951232910156 -0.072662353515625 -0.31109619140625
0.00995922088623047 0.016693115234375 0.274505615234375 -0.398834228515625
-0.0232048034667969 0.0362548828125 0.689453125 -0.14111328125
-0.0296630859375 0.022705078125 0.64697265625 0.5828857421875
-0.00438308715820313 -0.0483856201171875 -0.0187377929687499 1.00555419921875
0.0205307006835937 -0.0101299285888672 -0.55450439453125 0.58135986328125
0.0609664916992187 0.0221366882324219 0.0602493286132813 0.0529327392578125
0.0618553161621094 -0.0274581909179688 0.659423828125 -0.56787109375
0.0196800231933594 -0.0431861877441406 0.0281982421875 -1.03448486328125
-0.0321674346923828 -0.000488281250000003 -0.747802734375 -0.4525146484375
-0.0364418029785156 0.0366287231445312 -0.58306884765625 0.2896728515625
-0.00297164916992188 0.0234031677246094 -0.1722412109375 0.4677734375
0.0120058059692383 0.00171756744384766 0.14886474609375 0.286529541015625
-0.00756168365478516 0.0100641250610352 0.237136840820313 0.0199737548828125
-0.00470304489135742 0.00796890258789063 -0.22308349609375 -0.061859130859375
0.0220565795898437 0.00477981567382813 -0.06414794921875 -0.308441162109375
0.012725830078125 0.0163431167602539 0.285247802734375 -0.391845703125
-0.0179557800292969 0.0359840393066406 0.69439697265625 -0.1253662109375
-0.0272178649902344 0.0236263275146484 0.6397705078125 0.6044921875
-0.00353622436523438 -0.0478782653808594 -0.0370483398437499 1.015380859375
0.0184993743896484 -0.0102195739746094 -0.56390380859375 0.5772705078125
0.0582199096679688 0.0185699462890625 0.0584945678710938 0.0535392761230469
0.0591392517089844 -0.029388427734375 0.6458740234375 -0.5792236328125
0.0161285400390625 -0.0399894714355469 0.0043334960937499 -1.03369140625
-0.0299243927001953 0.00167083740234375 -0.75640869140625 -0.4324951171875
-0.031829833984375 0.0367584228515625 -0.58099365234375 0.3060302734375
0.00179290771484375 0.0220584869384766 -0.1649169921875 0.47467041015625
0.0130834579467773 -0.0009002685546875 0.153167724609375 0.292449951171875
-0.00773906707763672 0.0093545913696289 0.238052368164063 0.02197265625
-0.00746583938598633 0.00599241256713867 -0.218368530273438 -0.058685302734375
0.0228977203369141 -0.000457763671875 -0.058929443359375 -0.302154541015625
0.0192127227783203 0.0120315551757813 0.2901611328125 -0.384918212890625
-0.0101547241210938 0.0361518859863281 0.69622802734375 -0.11328125
-0.0232524871826172 0.0275001525878906 0.6337890625 0.61663818359375
-0.00357818603515625 -0.0476570129394531 -0.0510864257812501 1.019287109375
0.0142726898193359 -0.0132122039794922 -0.57293701171875 0.57818603515625
0.0545883178710938 0.0151214599609375 0.0587120056152344 0.0517349243164063
0.0552749633789063 -0.0328369140625 0.6380615234375 -0.57989501953125
0.0145988464355469 -0.0376052856445312 -0.0104370117187501 -1.0283203125
-0.0254669189453125 0.00676155090332031 -0.7620849609375 -0.4151611328125
-0.0235786437988281 0.0378227233886719 -0.57745361328125 0.31781005859375
0.00855827331542969 0.0192642211914062 -0.160552978515625 0.48028564453125
0.0153226852416992 -0.00811862945556641 0.156707763671875 0.289886474609375
-0.012298583984375 0.00794029235839844 0.241317749023438 0.028594970703125
-0.0106964111328125 0.00330734252929687 -0.215530395507813 -0.053466796875
0.0264568328857422 -0.00772857666015625 -0.056427001953125 -0.300506591796875
0.0257110595703125 0.00696563720703125 0.2935791015625 -0.379150390625
0.000129699707031248 0.0361442565917969 0.69891357421875 -0.10650634765625
-0.0153465270996094 0.0334873199462891 0.629638671875 0.6246337890625
-0.00464248657226562 -0.0425529479980469 -0.05322265625 1.02716064453125
0.0119600296020508 -0.0152139663696289 -0.575439453125 0.5789794921875
0.0543594360351562 0.00964736938476562 0.0601692199707031 0.0535507202148438
0.0517768859863281 -0.0355987548828125 0.6339111328125 -0.58367919921875
0.0140495300292969 -0.0321712493896484 -0.0142211914062501 -1.02496337890625
-0.0187969207763672 0.0137214660644531 -0.7623291015625 -0.4093017578125
-0.0145835876464844 0.0368537902832031 -0.57525634765625 0.3233642578125
0.0124845504760742 0.0140514373779297 -0.16143798828125 0.48309326171875
0.0180091857910156 -0.0137157440185547 0.157562255859375 0.290130615234375
-0.014073371887207 0.0067901611328125 0.243194580078125 0.0296478271484375
-0.0169467926025391 0.000168800354003908 -0.215621948242188 -0.055694580078125
0.0296878814697266 -0.0137939453125 -0.056671142578125 -0.302337646484375
0.0336742401123047 0.000751495361328125 0.290740966796875 -0.3814697265625
0.0111579895019531 0.0403823852539063 0.69781494140625 -0.1051025390625
-0.00760269165039062 0.0425376892089844 0.6337890625 0.62652587890625
-0.00242233276367188 -0.0367965698242187 -0.0538330078124999 1.0291748046875
0.00703620910644531 -0.0152797698974609 -0.5758056640625 0.58270263671875
0.0513420104980469 0.00615692138671875 0.0577278137207031 0.0529975891113281
0.049072265625 -0.0361671447753906 0.6356201171875 -0.5826416015625
0.0138206481933594 -0.0266151428222656 -0.0144653320312501 -1.01995849609375
-0.0110282897949219 0.0215320587158203 -0.76708984375 -0.40716552734375
-0.00271224975585938 0.036041259765625 -0.5753173828125 0.32366943359375
0.0208263397216797 0.00855636596679688 -0.164093017578125 0.47918701171875
0.0204582214355469 -0.0205821990966797 0.153717041015625 0.28924560546875
-0.0167875289916992 0.00738811492919922 0.2423095703125 0.0299835205078125
-0.0210952758789062 -0.00474166870117188 -0.219940185546875 -0.0602111816406249
0.0325431823730469 -0.0196876525878906 -0.0614013671875 -0.30535888671875
0.0397682189941406 -0.00400161743164063 0.283233642578125 -0.38592529296875
0.0203971862792969 0.0404090881347656 0.69622802734375 -0.1123046875
-0.00238037109375 0.05035400390625 0.64093017578125 0.62200927734375
-0.00528144836425781 -0.0271530151367188 -0.0407104492187501 1.02764892578125
0.00400352478027344 -0.0173244476318359 -0.567138671875 0.58544921875
0.0486831665039063 0.00255584716796875 0.0585441589355469 0.0577926635742188
0.0453910827636719 -0.0351829528808594 0.640625 -0.57525634765625
0.0136318206787109 -0.0198211669921875 -0.00402832031249998 -1.02392578125
-0.00696182250976563 0.0282688140869141 -0.76422119140625 -0.413330078125
0.00484085083007812 0.0368576049804688 -0.580078125 0.3179931640625
0.0269031524658203 0.00336647033691406 -0.16998291015625 0.4775390625
0.0199871063232422 -0.0266685485839844 0.149261474609375 0.2872314453125
-0.0218982696533203 0.00404548645019531 0.23773193359375 0.0287628173828125
-0.00611639022827149 0.00807428359985351 -0.241455078125 -0.0804443359375
0.0221138000488281 0.000331878662109375 -0.0916748046875 -0.327056884765625
0.0114498138427734 0.0149869918823242 0.256378173828125 -0.423828125
-0.0180587768554688 0.0397682189941406 0.680908203125 -0.18072509765625
-0.0264663696289062 0.0301074981689453 0.67608642578125 0.54736328125
-0.0047760009765625 -0.0410614013671875 0.0313110351562499 0.99652099609375
0.0191688537597656 -0.00746536254882812 -0.527587890625 0.59869384765625
0.0586509704589844 0.0230445861816406 0.0638923645019531 0.0635643005371094
0.0646018981933594 -0.0236740112304688 0.6864013671875 -0.5594482421875
0.0222682952880859 -0.0343418121337891 0.0648803710937499 -1.0523681640625
-0.0271549224853516 0.00346565246582032 -0.74261474609375 -0.4847412109375
-0.0350112915039063 0.0392379760742188 -0.60137939453125 0.26336669921875
-0.00325965881347656 0.0218944549560547 -0.18865966796875 0.453704833984375
0.0123167037963867 -0.000912666320800781 0.1368408203125 0.278640747070313
-0.00747108459472656 0.0110969543457031 0.231491088867187 0.008880615234375
-0.00428676605224609 0.00886249542236328 -0.2354736328125 -0.074615478515625
0.0217819213867188 0.00679779052734375 -0.08233642578125 -0.32061767578125
0.0100822448730469 0.0162544250488281 0.26641845703125 -0.414825439453125
-0.0222358703613281 0.0370941162109375 0.68865966796875 -0.164794921875
-0.0291976928710938 0.0234394073486328 0.661376953125 0.563232421875
-0.00561904907226562 -0.0465278625488281 0.0115356445312501 1.00091552734375
0.0201148986816406 -0.00930213928222656 -0.54083251953125 0.58990478515625
0.0592994689941406 0.0241165161132813 0.0612831115722656 0.0583343505859375
0.0626754760742188 -0.026611328125 0.67340087890625 -0.56744384765625
0.0186614990234375 -0.0400619506835938 0.0432128906249999 -1.047119140625
-0.0328330993652344 -3.81469726562483E-05 -0.74774169921875 -0.467041015625
-0.0391349792480469 0.038726806640625 -0.5899658203125 0.28009033203125
-0.00391960144042969 0.0257396697998047 -0.176910400390625 0.46392822265625
0.0128555297851563 0.000914573669433594 0.143463134765625 0.285308837890625
-0.00605583190917969 0.0114727020263672 0.236083984375 0.0149688720703125
-0.00705432891845703 0.0113954544067383 -0.230270385742188 -0.0679779052734375
0.0205955505371094 0.00457763671875 -0.076080322265625 -0.3134765625
0.010589599609375 0.0183525085449219 0.27490234375 -0.4058837890625
-0.0210227966308594 0.0352134704589844 0.69097900390625 -0.14910888671875
-0.0280838012695313 0.0232563018798828 0.65460205078125 0.58172607421875
-0.00289535522460937 -0.0484542846679688 -0.01165771484375 1.00653076171875
0.0192203521728516 -0.00818061828613281 -0.554931640625 0.5869140625
0.0574378967285156 0.0235099792480469 0.0594673156738281 0.0552291870117188
0.0637092590332031 -0.0291595458984375 0.6607666015625 -0.57098388671875
0.0187110900878906 -0.0437774658203125 0.0238037109375001 -1.0408935546875
-0.0312576293945313 -0.00312995910644531 -0.75323486328125 -0.4510498046875
-0.0383567810058594 0.04022216796875 -0.586181640625 0.29071044921875
-0.00181198120117187 0.0232639312744141 -0.169097900390625 0.46832275390625
0.0110034942626953 0.000823974609375 0.15069580078125 0.28546142578125
-0.0101232528686523 0.0136632919311523 0.24298095703125 0.017181396484375
-0.00238609313964844 0.0101900100708008 -0.224609375 -0.06365966796875
0.0221900939941406 0.00317764282226563 -0.06793212890625 -0.30999755859375
0.0142059326171875 0.0173368453979492 0.282867431640625 -0.39617919921875
-0.0147209167480469 0.0382347106933594 0.697998046875 -0.13043212890625
-0.0269298553466797 0.0213661193847656 0.64971923828125 0.60650634765625
-0.00463104248046875 -0.0491752624511719 -0.02935791015625 1.0218505859375
0.0173521041870117 -0.00970172882080078 -0.56597900390625 0.583984375
0.0570716857910156 0.0176963806152344 0.0599517822265625 0.0510025024414063
0.0598373413085938 -0.0327529907226563 0.64971923828125 -0.5802001953125
0.0157699584960938 -0.043121337890625 0.00201416015625 -1.03802490234375
-0.0290737152099609 -0.000879287719726561 -0.76397705078125 -0.431396484375
-0.0326614379882813 0.036529541015625 -0.582763671875 0.307373046875
0.000703811645507814 0.0228004455566406 -0.167449951171875 0.476806640625
0.0117454528808594 -0.00158882141113281 0.154937744140625 0.2921142578125
-0.00783729553222656 0.0103616714477539 0.242889404296875 0.023834228515625
-0.00816822052001953 0.00888633728027344 -0.221572875976563 -0.055694580078125
0.0241470336914063 -0.00041961669921875 -0.061798095703125 -0.30535888671875
0.0194988250732422 0.0129146575927734 0.289764404296875 -0.389434814453125
-0.0108222961425781 0.0370216369628906 0.70068359375 -0.1177978515625
-0.0225296020507813 0.025299072265625 0.64385986328125 0.6158447265625
-0.0045013427734375 -0.0467987060546875 -0.0426025390625 1.0255126953125
0.0159225463867188 -0.0122337341308594 -0.57501220703125 0.58245849609375
0.0544624328613281 0.0158920288085938 0.05938720703125 0.05096435546875
0.0546875 -0.0349159240722656 0.6397705078125 -0.58575439453125
0.0172843933105469 -0.0388832092285156 -0.01678466796875 -1.0323486328125
-0.0218696594238281 0.004150390625 -0.77099609375 -0.41534423828125
-0.0214080810546875 0.0370101928710937 -0.57476806640625 0.32147216796875
0.00830554962158203 0.0174455642700195 -0.15704345703125 0.484893798828125
0.013127326965332 -0.00645542144775391 0.1588134765625 0.293609619140625
-0.0103988647460937 0.0101785659790039 0.245071411132813 0.0267333984375
-0.0120134353637695 0.00689888000488281 -0.218414306640625 -0.0526275634765625
0.0263404846191406 -0.00529861450195313 -0.056732177734375 -0.3017578125
0.02618408203125 0.00851631164550781 0.291290283203125 -0.384368896484375
0.00119400024414063 0.0394744873046875 0.70037841796875 -0.110595703125
-0.0146713256835938 0.0337696075439453 0.636474609375 0.622802734375
-0.00401687622070312 -0.0423316955566406 -0.0474853515625 1.0302734375
0.0124635696411133 -0.0150680541992188 -0.57806396484375 0.584716796875
0.053802490234375 0.0111503601074219 0.0579872131347656 0.0517997741699219
0.0504112243652344 -0.0345001220703125 0.63531494140625 -0.5877685546875
0.0135288238525391 -0.0328464508056641 -0.02252197265625 -1.03057861328125
-0.0181922912597656 0.0130271911621094 -0.769287109375 -0.40826416015625
-0.0135841369628906 0.0385818481445313 -0.576416015625 0.32696533203125
0.0135116577148437 0.0143203735351562 -0.15765380859375 0.483917236328125
0.015965461730957 -0.0134029388427734 0.15911865234375 0.294342041015625
-0.0138626098632813 0.00957965850830078 0.244308471679688 0.0277557373046875
-0.0180912017822266 -9.53674316406219E-05 -0.220474243164063 -0.053924560546875
0.0311756134033203 -0.0149364471435547 -0.06097412109375 -0.300750732421875
0.0332813262939453 0.000782012939453125 0.2890625 -0.3841552734375
0.0124320983886719 0.0375480651855469 0.7001953125 -0.10980224609375
-0.00618743896484375 0.0406761169433594 0.642333984375 0.626708984375
-0.00342941284179688 -0.0363273620605469 -0.0452270507812499 1.03399658203125
0.00914382934570313 -0.0166225433349609 -0.57598876953125 0.58721923828125
0.0504493713378906 0.006195068359375 0.0586090087890625 0.0543479919433594
0.0473823547363281 -0.0357933044433594 0.63787841796875 -0.58624267578125
0.0124740600585937 -0.0294437408447266 -0.0200195312499999 -1.0308837890625
-0.0119228363037109 0.0191440582275391 -0.77386474609375 -0.40716552734375
-0.00427627563476563 0.0370292663574219 -0.57623291015625 0.32861328125
0.0182704925537109 0.00761222839355469 -0.1614990234375 0.485565185546875
0.0185928344726562 -0.0196533203125 0.156707763671875 0.29205322265625
-0.0185871124267578 0.00842857360839844 0.24395751953125 0.0310516357421875
-0.0198459625244141 -0.00162887573242188 -0.221176147460938 -0.0576019287109375
0.0306987762451172 -0.0201244354248047 -0.063201904296875 -0.305633544921875
0.0397911071777344 -0.00612640380859375 0.283721923828125 -0.39007568359375
0.0187835693359375 0.0406227111816406 0.69964599609375 -0.12054443359375
-0.00151443481445313 0.0487709045410156 0.64752197265625 0.6190185546875
-0.00548171997070312 -0.0288143157958984 -0.0355224609375 1.03253173828125
0.00217533111572266 -0.015528678894043 -0.5709228515625 0.59173583984375
0.0506019592285156 0.0045013427734375 0.0584526062011719 0.0564842224121094
0.0462417602539063 -0.0370941162109375 0.6417236328125 -0.579833984375
0.0130348205566406 -0.0196952819824219 -0.00866699218749999 -1.0284423828125
-0.00330543518066406 0.0293159484863281 -0.76947021484375 -0.41094970703125
0.00567626953125 0.0362892150878906 -0.58148193359375 0.32086181640625
0.0267276763916016 0.00344657897949219 -0.168487548828125 0.481231689453125
0.0206241607666016 -0.0257396697998047 0.15179443359375 0.2889404296875
-0.0206813812255859 0.00576591491699218 0.2420654296875 0.02789306640625
-0.00625705718994141 0.00882148742675781 -0.246109008789062 -0.0796966552734375
0.0211849212646484 0.000421524047851563 -0.096771240234375 -0.328216552734375
0.0138397216796875 0.0152921676635742 0.254486083984375 -0.42901611328125
-0.0185012817382813 0.0394325256347656 0.68572998046875 -0.190185546875
-0.0269508361816406 0.0296497344970703 0.684326171875 0.5438232421875
-0.00561141967773438 -0.0419425964355469 0.0358886718750001 0.99981689453125
0.0219154357910156 -0.00695228576660156 -0.5264892578125 0.60516357421875
0.0590019226074219 0.023773193359375 0.0627861022949219 0.0649490356445313
0.0654067993164063 -0.0241775512695313 0.686279296875 -0.56634521484375
0.0205612182617188 -0.0366744995117188 0.0585327148437499 -1.0594482421875
-0.0305976867675781 0.00195503234863281 -0.74871826171875 -0.4830322265625
-0.0343666076660156 0.039215087890625 -0.60162353515625 0.27093505859375
-0.00200271606445313 0.0228519439697266 -0.18798828125 0.458251953125
0.0119428634643555 -9.34600830078125E-05 0.138427734375 0.281402587890625
-0.00809097290039063 0.0116043090820313 0.234695434570312 0.00799560546875
-0.00251865386962891 0.00875425338745117 -0.2388916015625 -0.073486328125
0.0231380462646484 0.0044708251953125 -0.086639404296875 -0.3214111328125
0.0108375549316406 0.0171098709106445 0.264617919921875 -0.420318603515625
-0.0207710266113281 0.0386009216308594 0.69097900390625 -0.17291259765625
-0.0284366607666016 0.0239906311035156 0.677001953125 0.5599365234375
-0.00450515747070313 -0.0460777282714844 0.0156249999999999 1.0047607421875
0.0211200714111328 -0.00841712951660156 -0.54052734375 0.5992431640625
0.061431884765625 0.0251998901367188 0.0595550537109375 0.0601081848144531
0.0647850036621094 -0.0267219543457031 0.67474365234375 -0.57257080078125
0.0195045471191406 -0.0414352416992188 0.0365600585937501 -1.05194091796875
-0.0324039459228516 -0.000282287597656247 -0.75665283203125 -0.46600341796875
-0.0382003784179688 0.0392265319824219 -0.59503173828125 0.28680419921875
-0.00346183776855469 0.0249309539794922 -0.177337646484375 0.466644287109375
0.0113868713378906 0.00165081024169922 0.146942138671875 0.284759521484375
-0.00653553009033203 0.0117483139038086 0.237808227539063 0.0119476318359375
-0.00391101837158203 0.0123109817504883 -0.23394775390625 -0.0658721923828125
0.0235404968261719 0.00449180603027344 -0.0797119140625 -0.317230224609375
0.0101566314697266 0.0181102752685547 0.273406982421875 -0.410552978515625
-0.0218849182128906 0.0376091003417969 0.69573974609375 -0.15338134765625
-0.0310707092285156 0.0214977264404297 0.663818359375 0.57733154296875
-0.004180908203125 -0.0509834289550781 -0.00390625000000002 1.01165771484375
0.0188350677490234 -0.00835227966308594 -0.5555419921875 0.59320068359375
0.0584640502929688 0.0221710205078125 0.0584030151367188 0.0554580688476563
0.0641021728515625 -0.0294456481933594 0.66033935546875 -0.57763671875
0.0154342651367187 -0.0428085327148438 0.01751708984375 -1.04766845703125
-0.0322418212890625 -0.000745773315429688 -0.76031494140625 -0.44580078125
-0.0355453491210938 0.0384445190429688 -0.58685302734375 0.30096435546875
-0.00175094604492187 0.0261268615722656 -0.165618896484375 0.47259521484375
0.0113897323608398 0.00135421752929687 0.154388427734375 0.287872314453125
-0.00563621520996094 0.0124311447143555 0.2425537109375 0.018157958984375
-0.00271511077880859 0.009368896484375 -0.22772216796875 -0.061065673828125
0.0226593017578125 0.00220489501953125 -0.068939208984375 -0.310302734375
0.0155572891235352 0.0155792236328125 0.282135009765625 -0.403076171875
-0.0153579711914063 0.0368385314941406 0.70062255859375 -0.13861083984375
-0.0275402069091797 0.0213699340820312 0.65521240234375 0.60089111328125
-0.00313568115234375 -0.0518875122070312 -0.02056884765625 1.02239990234375
0.0183601379394531 -0.00939750671386719 -0.5654296875 0.5906982421875
0.05889892578125 0.0219497680664062 0.0597572326660156 0.0524864196777344
0.0585403442382812 -0.0305442810058594 0.6495361328125 -0.5880126953125
0.0164718627929688 -0.0444107055664063 -0.00537109375000007 -1.04443359375
-0.0288410186767578 0.00196456909179687 -0.769775390625 -0.42828369140625
-0.0310897827148438 0.0394096374511719 -0.58172607421875 0.31634521484375
0.0017547607421875 0.0232353210449219 -0.160888671875 0.48321533203125
0.0124368667602539 -0.00028228759765625 0.158660888671875 0.291229248046875
-0.00681018829345703 0.0121593475341797 0.243209838867188 0.0230255126953125
-0.00640678405761719 0.00941753387451172 -0.223220825195313 -0.0540771484375
0.0252342224121094 -0.000944137573242187 -0.065704345703125 -0.30615234375
0.0190086364746094 0.0110244750976563 0.2880859375 -0.395294189453125
-0.010040283203125 0.0385398864746094 0.70196533203125 -0.12542724609375
-0.0207958221435547 0.0280742645263672 0.650146484375 0.61181640625
-0.00391769409179688 -0.0511322021484375 -0.034423828125 1.02923583984375
0.0153484344482422 -0.0108871459960938 -0.57244873046875 0.59124755859375
0.0555038452148438 0.0175933837890625 0.0566787719726563 0.0509986877441406
0.0559539794921875 -0.0341224670410156 0.63787841796875 -0.59039306640625
0.014373779296875 -0.0397987365722656 -0.0223999023437499 -1.03851318359375
-0.0239009857177734 0.00533866882324219 -0.77691650390625 -0.411376953125
-0.0224189758300781 0.0371665954589844 -0.5760498046875 0.3277587890625
0.00798416137695313 0.0173892974853516 -0.15716552734375 0.485382080078125
0.0126829147338867 -0.00608348846435547 0.165313720703125 0.294708251953125
-0.0104408264160156 0.0113706588745117 0.246261596679688 0.0258331298828125
-0.00977516174316406 0.00410175323486328 -0.221878051757813 -0.05328369140625
0.0268459320068359 -0.00935554504394531 -0.061370849609375 -0.30364990234375
0.0260906219482422 0.00804710388183594 0.290802001953125 -0.39031982421875
0.00180816650390625 0.0383415222167969 0.70501708984375 -0.1202392578125
-0.0141201019287109 0.0332202911376953 0.6485595703125 0.62298583984375
-0.005523681640625 -0.0459175109863281 -0.04046630859375 1.03515625
0.0115385055541992 -0.0151185989379883 -0.57568359375 0.5892333984375
0.0522613525390625 0.0106544494628906 0.0573005676269531 0.0509414672851562
0.0514373779296875 -0.0363922119140625 0.63519287109375 -0.59130859375
0.0164833068847656 -0.0329875946044922 -0.02789306640625 -1.03228759765625
-0.0159006118774414 0.0102653503417969 -0.7781982421875 -0.4036865234375
-0.0131301879882812 0.0360603332519531 -0.5755615234375 0.334228515625
0.0123729705810547 0.0138683319091797 -0.156280517578125 0.48773193359375
0.0158872604370117 -0.0106525421142578 0.1629638671875 0.29388427734375
-0.0129280090332031 0.0108013153076172 0.247268676757813 0.02752685546875
-0.0144023895263672 0.00285816192626953 -0.2218017578125 -0.05523681640625
0.0321445465087891 -0.0158309936523437 -0.06439208984375 -0.30438232421875
0.0329570770263672 0.00165748596191406 0.28778076171875 -0.39263916015625
0.012298583984375 0.0393638610839844 0.70355224609375 -0.11907958984375
-0.007965087890625 0.0395278930664063 0.6497802734375 0.62200927734375
-0.00547027587890625 -0.0378456115722656 -0.0383300781249999 1.03814697265625
0.00868415832519531 -0.0160303115844727 -0.57489013671875 0.59454345703125
0.0513496398925781 0.0077667236328125 0.0567550659179688 0.0557518005371094
0.0471076965332031 -0.0367698669433594 0.63787841796875 -0.59051513671875
0.0129928588867187 -0.0281562805175781 -0.0272216796875 -1.03564453125
-0.0110530853271484 0.0187091827392578 -0.77813720703125 -0.40069580078125
-0.00262069702148438 0.0376319885253906 -0.57708740234375 0.334228515625
0.0201911926269531 0.00685691833496094 -0.1597900390625 0.489410400390625
0.0183258056640625 -0.0200519561767578 0.16156005859375 0.293487548828125
-0.0174322128295898 0.00824451446533203 0.24749755859375 0.028839111328125
-0.0201797485351563 -0.00308799743652344 -0.22528076171875 -0.05682373046875
0.0330352783203125 -0.0221443176269531 -0.068145751953125 -0.310546875
0.0401077270507812 -0.00554656982421875 0.281097412109375 -0.3983154296875
0.0214157104492188 0.0410194396972656 0.70281982421875 -0.12713623046875
-0.00238800048828125 0.0493736267089844 0.65850830078125 0.6148681640625
-0.00539398193359375 -0.0308055877685547 -0.02801513671875 1.0352783203125
0.00445938110351563 -0.016606330871582 -0.5689697265625 0.5987548828125
0.0487861633300781 0.00368118286132813 0.0576934814453125 0.0595130920410156
0.0431480407714844 -0.0379486083984375 0.642333984375 -0.58477783203125
0.0121746063232422 -0.0225181579589844 -0.0157470703125001 -1.0335693359375
-0.00358009338378906 0.0255241394042969 -0.77655029296875 -0.4083251953125
0.007659912109375 0.0371971130371094 -0.58245849609375 0.32733154296875
0.0268478393554688 0.00290107727050781 -0.1630859375 0.48577880859375
0.0218753814697266 -0.0259552001953125 0.15643310546875 0.29107666015625
-0.0203819274902344 0.00762748718261719 0.2447509765625 0.0287322998046875
-0.00433063507080078 0.00994396209716797 -0.248138427734375 -0.0794219970703125
0.0207347869873047 0.000219345092773438 -0.100830078125 -0.33209228515625
0.0136795043945313 0.0126733779907227 0.25323486328125 -0.435546875
-0.0167198181152344 0.03985595703125 0.68804931640625 -0.1964111328125
-0.0252552032470703 0.0311107635498047 0.6961669921875 0.54010009765625
-0.00757980346679688 -0.042694091796875 0.0454711914062501 1.00445556640625
0.0204582214355469 -0.00662612915039063 -0.52569580078125 0.61151123046875
0.0586357116699219 0.022918701171875 0.0637779235839844 0.0624961853027344
0.0621414184570313 -0.0246200561523438 0.69049072265625 -0.57177734375
0.0218315124511719 -0.0383758544921875 0.04998779296875 -1.064208984375
-0.0288314819335938 0.00234222412109375 -0.756103515625 -0.4805908203125
-0.0342941284179687 0.0394783020019531 -0.602294921875 0.27532958984375
-0.00230216979980469 0.0255451202392578 -0.185089111328125 0.46392822265625
0.0119781494140625 -0.000570297241210938 0.142669677734375 0.280746459960938
-0.0090484619140625 0.0139598846435547 0.235794067382813 0.0082244873046875
-0.00480556488037109 0.0115203857421875 -0.242752075195313 -0.0703582763671875
0.0229282379150391 0.00223350524902344 -0.090423583984375 -0.323272705078125
0.0112695693969727 0.014735221862793 0.263397216796875 -0.427490234375
-0.0209808349609375 0.0379142761230469 0.6954345703125 -0.1802978515625
-0.0289936065673828 0.0248222351074219 0.68218994140625 0.5570068359375
-0.00524520874023437 -0.0484771728515625 0.02783203125 1.00860595703125
0.02313232421875 -0.0065155029296875 -0.5390625 0.60626220703125
0.0610694885253906 0.0254783630371094 0.06011962890625 0.0602569580078125
0.0642013549804688 -0.0274581909179688 0.6727294921875 -0.57916259765625
0.019622802734375 -0.0442695617675781 0.0272216796875001 -1.0582275390625
-0.0317592620849609 -0.00220298767089844 -0.76373291015625 -0.4619140625
-0.0362396240234375 0.0387458801269531 -0.5955810546875 0.29339599609375
-0.00355911254882812 0.0260696411132813 -0.171661376953125 0.472564697265625
0.0105075836181641 -0.000449180603027344 0.149566650390625 0.286895751953125
-0.00448894500732422 0.0153255462646484 0.240890502929688 0.0134429931640625
-0.00334262847900391 0.00999164581298828 -0.236785888671875 -0.0663452148437501
0.022216796875 0.00507164001464844 -0.083526611328125 -0.318267822265625
0.0113792419433594 0.0174036026000977 0.2696533203125 -0.415313720703125
-0.0199241638183594 0.0382881164550781 0.69732666015625 -0.1627197265625
-0.0297775268554688 0.0216197967529297 0.67547607421875 0.574462890625
-0.00262069702148438 -0.0530052185058594 0.00347900390625004 1.016845703125
0.0214653015136719 -0.00789642333984375 -0.554443359375 0.6002197265625
0.0595588684082031 0.0250778198242188 0.0569000244140625 0.0561676025390625
0.0601043701171875 -0.0314521789550781 0.660400390625 -0.58648681640625
0.0191574096679687 -0.0442619323730469 0.01202392578125 -1.05059814453125
-0.0307712554931641 -0.00353050231933594 -0.76690673828125 -0.44305419921875
-0.0363197326660156 0.0395164489746094 -0.5894775390625 0.30462646484375
0.00133132934570312 0.0254077911376953 -0.16461181640625 0.477294921875
0.010624885559082 0.00135993957519531 0.15899658203125 0.28704833984375
-0.00607967376708984 0.0154275894165039 0.244277954101562 0.018524169921875
-0.00455856323242188 0.0115756988525391 -0.230621337890625 -0.05975341796875
0.0241489410400391 0.00365638732910156 -0.074005126953125 -0.31439208984375
0.0158939361572266 0.0150012969970703 0.280242919921875 -0.405975341796875
-0.0168190002441406 0.0370292663574219 0.7027587890625 -0.147216796875
-0.0264511108398437 0.0216274261474609 0.6690673828125 0.5958251953125
-0.00616073608398437 -0.0523109436035156 -0.0144653320312501 1.02764892578125
0.0209903717041016 -0.0101757049560547 -0.56378173828125 0.59771728515625
0.0585975646972656 0.0218582153320312 0.0572319030761719 0.0517730712890625
0.0578880310058594 -0.032440185546875 0.648681640625 -0.5941162109375
0.0173301696777344 -0.0430030822753906 -0.01312255859375 -1.047607421875
-0.0288867950439453 -0.00108718872070313 -0.77752685546875 -0.42333984375
-0.0283775329589844 0.0389251708984375 -0.58184814453125 0.3243408203125
0.000608444213867187 0.0241069793701172 -0.1578369140625 0.48651123046875
0.0120649337768555 -0.00133037567138672 0.16278076171875 0.291351318359375
-0.00605583190917969 0.0127344131469727 0.246826171875 0.020111083984375
-0.00562715530395508 0.00807332992553711 -0.227005004882812 -0.0547332763671875
0.0251197814941406 -0.00225830078125 -0.06768798828125 -0.308349609375
0.0199451446533203 0.0108394622802734 0.28643798828125 -0.402679443359375
-0.00872421264648437 0.0374679565429688 0.70526123046875 -0.134033203125
-0.0203285217285156 0.0249557495117188 0.660400390625 0.60791015625
-0.00190353393554687 -0.0497779846191406 -0.0281982421875 1.03533935546875
0.0166225433349609 -0.0109167098999023 -0.57275390625 0.59747314453125
0.0566215515136719 0.0175247192382813 0.0572967529296875 0.0518417358398438
0.0555419921875 -0.0353927612304687 0.64013671875 -0.59661865234375
0.0141944885253906 -0.0413665771484375 -0.0269775390625 -1.0421142578125
-0.0235252380371094 0.00391578674316406 -0.78167724609375 -0.406982421875
-0.0206947326660156 0.0384063720703125 -0.57769775390625 0.33349609375
0.00569725036621094 0.0193881988525391 -0.15032958984375 0.490478515625
0.0140113830566406 -0.00606822967529297 0.167236328125 0.293365478515625
-0.00894832611083985 0.0125389099121094 0.250167846679687 0.026458740234375
-0.0113935470581055 0.00658798217773438 -0.222335815429687 -0.052520751953125
0.0273265838623047 -0.00858879089355469 -0.066497802734375 -0.306671142578125
0.0292186737060547 0.00638580322265625 0.289215087890625 -0.3970947265625
0.00199508666992187 0.0398941040039063 0.70819091796875 -0.12548828125
-0.0155200958251953 0.0324478149414063 0.6572265625 0.61883544921875
-0.00420761108398438 -0.0443267822265625 -0.034423828125 1.0418701171875
0.0128164291381836 -0.0129642486572266 -0.57489013671875 0.599609375
0.0530853271484375 0.0139961242675781 0.05645751953125 0.0534629821777344
0.0498733520507813 -0.0368766784667969 0.6334228515625 -0.599853515625
0.0161628723144531 -0.0358963012695313 -0.0358886718749999 -1.03887939453125
-0.0167055130004883 0.0122909545898438 -0.78643798828125 -0.40106201171875
-0.0129814147949219 0.0402603149414063 -0.577392578125 0.33734130859375
0.0149440765380859 0.0131282806396484 -0.1513671875 0.49365234375
0.0162029266357422 -0.0130405426025391 0.1676025390625 0.294830322265625
-0.0119915008544922 0.00950527191162109 0.2501220703125 0.0293731689453125
-0.0160398483276367 0.00372886657714843 -0.223007202148438 -0.0513458251953125
0.0312671661376953 -0.016448974609375 -0.0667724609375 -0.306182861328125
0.0334720611572266 0.0012969970703125 0.285919189453125 -0.396484375
0.0100784301757813 0.038787841796875 0.70703125 -0.12738037109375
-0.00601959228515625 0.0407676696777344 0.66070556640625 0.619384765625
-0.00495147705078125 -0.0379486083984375 -0.0311279296874999 1.04095458984375
0.010009765625 -0.0142545700073242 -0.57647705078125 0.603271484375
0.051239013671875 0.00741958618164063 0.0542984008789062 0.0524864196777344
0.0470314025878906 -0.0391616821289063 0.63653564453125 -0.59576416015625
0.0136528015136719 -0.0290431976318359 -0.03082275390625 -1.0390625
-0.00873756408691406 0.0197296142578125 -0.78668212890625 -0.39697265625
-0.000698089599609374 0.0362129211425781 -0.57537841796875 0.3389892578125
0.0212173461914063 0.00801658630371094 -0.155364990234375 0.495208740234375
0.0189304351806641 -0.0206775665283203 0.1641845703125 0.294830322265625
-0.0172958374023438 0.00829792022705078 0.248764038085938 0.026763916015625
-0.0194435119628906 -0.00175857543945312 -0.228302001953125 -0.0577239990234375
0.0318374633789063 -0.0213356018066406 -0.07122802734375 -0.310760498046875
0.0392913818359375 -0.00635910034179687 0.278961181640625 -0.403594970703125
0.0230445861816406 0.0412406921386719 0.7059326171875 -0.1318359375
8.01086425781292E-05 0.04986572265625 0.6673583984375 0.61175537109375
-0.0049591064453125 -0.0310115814208984 -0.01995849609375 1.0390625
0.0027627944946289 -0.0154867172241211 -0.56610107421875 0.60595703125
0.0499420166015625 0.0047149658203125 0.056488037109375 0.0577507019042969
0.0443229675292969 -0.0373001098632813 0.64019775390625 -0.59326171875
0.0141067504882812 -0.0229835510253906 -0.0232543945312501 -1.03875732421875
-0.00313949584960938 0.0279617309570313 -0.784423828125 -0.405029296875
0.00693130493164062 0.0359077453613281 -0.582763671875 0.33453369140625
0.0278129577636719 0.0042266845703125 -0.161224365234375 0.489654541015625
0.0208206176757812 -0.0260753631591797 0.160552978515625 0.29083251953125
-0.0211639404296875 0.00830841064453125 0.246871948242188 0.027008056640625
-0.00544548034667969 0.00862264633178711 -0.251266479492188 -0.07781982421875
0.0233688354492188 -0.000110626220703125 -0.104217529296875 -0.334259033203125
0.0128488540649414 0.0126914978027344 0.248016357421875 -0.439117431640625
-0.0171012878417969 0.0389595031738281 0.69097900390625 -0.20843505859375
-0.0269641876220703 0.0291385650634766 0.7022705078125 0.53424072265625
-0.00515365600585938 -0.045166015625 0.05462646484375 1.007080078125
0.0214576721191406 -0.00510597229003906 -0.52191162109375 0.6192626953125
0.0606765747070313 0.0270462036132813 0.0644760131835938 0.0650596618652344
0.0642852783203125 -0.0263595581054687 0.68743896484375 -0.5794677734375
0.0185890197753906 -0.0406646728515625 0.0438232421875 -1.06878662109375
-0.0307579040527344 0.00350570678710938 -0.7620849609375 -0.477294921875
-0.0321426391601563 0.0393524169921875 -0.60064697265625 0.28228759765625
-0.000158309936523437 0.0239772796630859 -0.181121826171875 0.46832275390625
0.010676383972168 -0.00249767303466797 0.14715576171875 0.283203125
-0.00525474548339844 0.0137166976928711 0.237686157226563 0.0059967041015625
-0.00403308868408203 0.0106010437011719 -0.245285034179688 -0.0712738037109375
0.0221138000488281 0.00389289855957031 -0.09527587890625 -0.326690673828125
0.0120973587036133 0.0170497894287109 0.2589111328125 -0.432861328125
-0.0189094543457031 0.0376091003417969 0.69622802734375 -0.19091796875
-0.0279674530029297 0.0226459503173828 0.692626953125 0.54937744140625
-0.00576400756835937 -0.0506019592285156 0.0369262695312501 1.01312255859375
0.0212688446044922 -0.00653839111328125 -0.5350341796875 0.614990234375
0.0611953735351562 0.0253639221191406 0.0587882995605469 0.059173583984375
0.0621604919433594 -0.027496337890625 0.67315673828125 -0.58587646484375
0.0197639465332031 -0.0439910888671875 0.0223388671875 -1.06158447265625
-0.0315437316894531 -0.00292587280273437 -0.76971435546875 -0.459228515625
-0.037261962890625 0.0397377014160156 -0.59381103515625 0.29754638671875
-0.00272178649902344 0.0248813629150391 -0.168304443359375 0.47381591796875
0.0110387802124023 0.00168704986572266 0.154937744140625 0.286590576171875
-0.004852294921875 0.0125207901000977 0.241531372070312 0.0110931396484375
-0.00405406951904297 0.010951042175293 -0.240142822265625 -0.0637969970703125
0.0231399536132813 0.00392532348632813 -0.088409423828125 -0.320648193359375
0.0119638442993164 0.0173473358154297 0.267974853515625 -0.41937255859375
-0.0194206237792969 0.0403900146484375 0.69830322265625 -0.17242431640625
-0.0292377471923828 0.0206050872802734 0.68377685546875 0.56939697265625
-0.004119873046875 -0.0543212890625 0.014404296875 1.01904296875
0.0232524871826172 -0.00880622863769531 -0.54827880859375 0.6083984375
0.05999755859375 0.0239105224609375 0.0576438903808594 0.0570259094238281
0.0600509643554687 -0.0319633483886719 0.65899658203125 -0.58966064453125
0.0190544128417969 -0.0470199584960938 0.00164794921875005 -1.05712890625
-0.0316619873046875 -0.00255966186523438 -0.77349853515625 -0.436279296875
-0.032958984375 0.0415687561035156 -0.58831787109375 0.31207275390625
-0.00306320190429688 0.02471923828125 -0.161590576171875 0.482177734375
0.0108423233032227 0.00116539001464844 0.16461181640625 0.288116455078125
-0.00258922576904297 0.0141782760620117 0.245925903320313 0.015899658203125
-0.00296974182128906 0.0107231140136719 -0.232345581054688 -0.0594635009765625
0.0240993499755859 0.00189781188964844 -0.077972412109375 -0.31536865234375
0.0155134201049805 0.01531982421875 0.2774658203125 -0.412353515625
-0.0165557861328125 0.0387611389160156 0.703369140625 -0.15576171875
-0.0255889892578125 0.0208721160888672 0.6767578125 0.5899658203125
-0.00548171997070312 -0.0541801452636719 -0.00244140624999994 1.03118896484375
0.0200595855712891 -0.00767898559570313 -0.561767578125 0.60589599609375
0.057769775390625 0.0216026306152344 0.0571632385253906 0.0525474548339844
0.0588722229003906 -0.0335350036621094 0.6463623046875 -0.60015869140625
0.0167808532714844 -0.0446243286132813 -0.0220947265625 -1.0535888671875
-0.0295810699462891 -0.00217056274414063 -0.78399658203125 -0.4171142578125
-0.02789306640625 0.0391387939453125 -0.5828857421875 0.3272705078125
0.00190162658691406 0.0215167999267578 -0.153961181640625 0.490631103515625
0.0104217529296875 -0.000980377197265625 0.166473388671875 0.293975830078125
-0.00527667999267578 0.0143299102783203 0.248825073242188 0.0202789306640625
-0.00704193115234375 0.00919055938720703 -0.229644775390625 -0.0548858642578125
0.0276222229003906 -0.0045166015625 -0.073333740234375 -0.312347412109375
0.0212135314941406 0.0121994018554688 0.283721923828125 -0.40679931640625
-0.00835418701171874 0.0401229858398437 0.7064208984375 -0.1396484375
-0.0210170745849609 0.0252151489257813 0.6707763671875 0.603759765625
-0.00451278686523437 -0.0511436462402344 -0.01715087890625 1.0379638671875
0.0173501968383789 -0.0113239288330078 -0.56903076171875 0.60589599609375
0.0565452575683594 0.0182914733886719 0.0570106506347656 0.0512428283691406
0.05560302734375 -0.0361824035644531 0.63671875 -0.60357666015625
0.0137252807617188 -0.0413017272949219 -0.0369873046874999 -1.0467529296875
-0.0244407653808594 0.00453948974609375 -0.79046630859375 -0.40081787109375
-0.0213699340820312 0.0404434204101563 -0.5767822265625 0.3404541015625
0.00834846496582031 0.0201969146728516 -0.14703369140625 0.4921875
0.0141782760620117 -0.00856781005859375 0.17120361328125 0.2967529296875
-0.00912666320800781 0.0136928558349609 0.251007080078125 0.022796630859375
-0.0106525421142578 0.00844669342041015 -0.225250244140625 -0.0497589111328125
0.0284767150878906 -0.0091705322265625 -0.07122802734375 -0.307647705078125
0.0254077911376953 0.00522041320800781 0.286041259765625 -0.401214599609375
0.00348281860351563 0.0393714904785156 0.7099609375 -0.13629150390625
-0.0137653350830078 0.0311374664306641 0.670654296875 0.613037109375
-0.00475692749023438 -0.047576904296875 -0.0255126953125001 1.04534912109375
0.0139007568359375 -0.0125703811645508 -0.5712890625 0.60638427734375
0.0544624328613281 0.0128059387207031 0.0573959350585938 0.053070068359375
0.0512237548828125 -0.037567138671875 0.635498046875 -0.605224609375
0.0134544372558594 -0.0368194580078125 -0.0445556640625001 -1.0419921875
-0.0156545639038086 0.0131549835205078 -0.794921875 -0.3953857421875
-0.0103759765625 0.0373573303222656 -0.5758056640625 0.347412109375
0.0160694122314453 0.0143938064575195 -0.14892578125 0.49627685546875
0.0154390335083008 -0.0138492584228516 0.170684814453125 0.29669189453125
-0.0119514465332031 0.012908935546875 0.252182006835938 0.025970458984375
-0.0159168243408203 0.00291824340820313 -0.2271728515625 -0.053497314453125
0.0285320281982422 -0.0158233642578125 -0.072723388671875 -0.307769775390625
0.0350742340087891 -0.000347137451171875 0.28472900390625 -0.402618408203125
0.0138282775878906 0.0420112609863281 0.7088623046875 -0.135009765625
-0.0058441162109375 0.0398635864257813 0.67059326171875 0.61346435546875
-0.00581741333007812 -0.0395088195800781 -0.0208740234375001 1.04278564453125
0.00691604614257813 -0.0136995315551758 -0.5692138671875 0.61083984375
0.0519638061523437 0.0068511962890625 0.0575065612792969 0.0546531677246094
0.0472450256347656 -0.0378341674804688 0.63409423828125 -0.6051025390625
0.0133609771728516 -0.0313014984130859 -0.0427856445312499 -1.0416259765625
-0.0108547210693359 0.020904541015625 -0.7940673828125 -0.3914794921875
0.000747680664062498 0.0368232727050781 -0.573486328125 0.34869384765625
0.0232181549072266 0.0104751586914063 -0.151031494140625 0.49688720703125
0.0176982879638672 -0.0182571411132813 0.16912841796875 0.29229736328125
-0.0151786804199219 0.00983047485351563 0.250259399414063 0.0260009765625
-0.0185699462890625 0.000947952270507815 -0.2283935546875 -0.05560302734375
0.0336437225341797 -0.023895263671875 -0.07635498046875 -0.3116455078125
0.0407333374023438 -0.00667190551757813 0.276397705078125 -0.4100341796875
0.0236129760742187 0.0409011840820313 0.70635986328125 -0.1424560546875
-6.484985351562E-05 0.0500679016113281 0.6759033203125 0.60614013671875
-0.00652503967285156 -0.0324745178222656 -0.00921630859374991 1.04351806640625
0.00463199615478516 -0.0134134292602539 -0.56549072265625 0.61480712890625
0.0513267517089844 0.00447845458984375 0.0569915771484375 0.0601768493652344
0.0432472229003906 -0.0401344299316406 0.64056396484375 -0.6002197265625
0.0138511657714844 -0.0226955413818359 -0.0318603515625 -1.04071044921875
-0.00448036193847656 0.0257949829101562 -0.7900390625 -0.39886474609375
0.00942611694335938 0.0385398864746094 -0.5821533203125 0.34039306640625
0.0274982452392578 0.00374412536621094 -0.15576171875 0.493682861328125
0.0200080871582031 -0.0283374786376953 0.16253662109375 0.291412353515625
-0.0208301544189453 0.0092620849609375 0.248672485351563 0.0258331298828125
-0.00494289398193359 0.0111198425292969 -0.254302978515625 -0.076690673828125
0.0238151550292969 -0.000659942626953125 -0.10626220703125 -0.33099365234375
0.014531135559082 0.0130853652954102 0.244415283203125 -0.4459228515625
-0.0161018371582031 0.0404701232910156 0.69061279296875 -0.21551513671875
-0.0255813598632813 0.0304832458496094 0.71002197265625 0.524658203125
-0.00844955444335937 -0.04559326171875 0.0659790039062499 1.0062255859375
0.0203361511230469 -0.00684738159179688 -0.51727294921875 0.624755859375
0.0598373413085938 0.0272331237792969 0.0628890991210938 0.0634117126464844
0.0624618530273438 -0.0279350280761719 0.68670654296875 -0.5855712890625
0.0203590393066406 -0.041046142578125 0.0347900390624999 -1.07281494140625
-0.027740478515625 0.00213623046875001 -0.7708740234375 -0.4698486328125
-0.0324249267578125 0.0409469604492187 -0.60150146484375 0.28887939453125
-0.00207710266113281 0.0227680206298828 -0.17724609375 0.46893310546875
0.00966644287109375 -0.000117301940917969 0.14984130859375 0.283843994140625
-0.00668048858642578 0.0174379348754883 0.240280151367188 0.006988525390625
-0.00196266174316406 0.0135135650634766 -0.248336791992188 -0.0685882568359375
0.0216560363769531 0.00230216979980469 -0.101043701171875 -0.328033447265625
0.0131425857543945 0.0154542922973633 0.253936767578125 -0.43743896484375
-0.0192909240722656 0.0399856567382813 0.697021484375 -0.198974609375
-0.0299816131591797 0.0245246887207031 0.70074462890625 0.543701171875
-0.006103515625 -0.053680419921875 0.0477905273437501 1.0135498046875
0.0228939056396484 -0.00726318359375 -0.53167724609375 0.62188720703125
0.0633125305175781 0.0257530212402344 0.0592384338378906 0.0607528686523438
0.0607109069824219 -0.0302886962890625 0.67193603515625 -0.5946044921875
0.0187606811523437 -0.044677734375 0.0111083984375001 -1.0662841796875
-0.0298042297363281 -0.00301551818847656 -0.777099609375 -0.45245361328125
-0.0351600646972656 0.0401611328125 -0.59478759765625 0.3057861328125
-0.00362968444824219 0.0250778198242187 -0.164886474609375 0.476318359375
0.0108451843261719 0.00272274017333984 0.15777587890625 0.28668212890625
-0.00291919708251953 0.0153751373291016 0.244171142578125 0.009765625
0.000391960144042969 0.0122213363647461 -0.244186401367188 -0.061370849609375
0.0236320495605469 0.00201416015625 -0.093505859375 -0.3199462890625
0.0123558044433594 0.0157918930053711 0.2645263671875 -0.42572021484375
-0.0178604125976562 0.0401458740234375 0.70208740234375 -0.182373046875
-0.0282802581787109 0.0205974578857422 0.692626953125 0.5648193359375
-0.00605773925781251 -0.0534133911132813 0.0260009765625 1.02459716796875
0.0241050720214844 -0.00881576538085938 -0.54681396484375 0.61773681640625
0.0606002807617188 0.02569580078125 0.0588455200195313 0.0563240051269531
0.0616722106933594 -0.0340347290039063 0.65643310546875 -0.597412109375
0.0164451599121094 -0.0450096130371094 -0.00671386718749991 -1.0587158203125
-0.0324859619140625 -0.000978469848632813 -0.78082275390625 -0.431396484375
-0.0335426330566406 0.0405426025390625 -0.5838623046875 0.3214111328125
-0.00158119201660156 0.0267486572265625 -0.1556396484375 0.484832763671875
0.0106296539306641 0.00151729583740234 0.1661376953125 0.290985107421875
-0.00423431396484375 0.015533447265625 0.247604370117187 0.015411376953125
-0.00290966033935547 0.0108709335327148 -0.236526489257813 -0.0577392578125
0.0233383178710938 0.000568389892578125 -0.083251953125 -0.314544677734375
0.0161685943603516 0.0129270553588867 0.274078369140625 -0.418792724609375
-0.0131263732910156 0.0394248962402344 0.7069091796875 -0.166748046875
-0.0264720916748047 0.0198688507080078 0.685546875 0.58233642578125
-0.00562667846679687 -0.0552482604980469 0.00885009765625006 1.0347900390625
0.0208835601806641 -0.00778579711914063 -0.55511474609375 0.61376953125
0.0576705932617188 0.0212898254394531 0.0557823181152344 0.0523223876953125
0.0572357177734375 -0.0321540832519531 0.64453125 -0.6060791015625
0.0157241821289063 -0.0445365905761719 -0.0297241210937501 -1.05609130859375
-0.0298671722412109 0.00200462341308594 -0.79339599609375 -0.4112548828125
-0.0300827026367188 0.0405502319335937 -0.58123779296875 0.3365478515625
0.00207710266113281 0.0223293304443359 -0.1490478515625 0.4913330078125
0.0128679275512695 -0.00196170806884766 0.1724853515625 0.292449951171875
-0.00572013854980469 0.0142860412597656 0.251174926757813 0.0170440673828125
-0.0043644905090332 0.00800418853759766 -0.231155395507813 -0.0517425537109375
0.0245456695556641 -0.00445747375488281 -0.076416015625 -0.31390380859375
0.0206432342529297 0.0102119445800781 0.281158447265625 -0.412628173828125
-0.00441741943359375 0.0402374267578125 0.7081298828125 -0.150390625
-0.0203361511230469 0.0246486663818359 0.68017578125 0.5980224609375
-0.00432586669921875 -0.053924560546875 -0.00701904296875009 1.03961181640625
0.0163602828979492 -0.0105276107788086 -0.56683349609375 0.6123046875
0.0563125610351563 0.01739501953125 0.0572509765625 0.0554046630859375
0.0522880554199219 -0.0367927551269531 0.63092041015625 -0.61260986328125
0.0138816833496094 -0.0416984558105469 -0.0456542968750001 -1.0496826171875
-0.0243415832519531 0.00313568115234375 -0.79791259765625 -0.3955078125
-0.0202903747558594 0.0397415161132812 -0.57415771484375 0.34661865234375
0.00703239440917968 0.0173749923706055 -0.141357421875 0.496795654296875
0.011662483215332 -0.00778579711914063 0.173309326171875 0.296112060546875
-0.00749397277832031 0.0151891708374023 0.255767822265625 0.0218353271484375
-0.0105314254760742 0.00737857818603516 -0.22882080078125 -0.0503082275390625
0.0272502899169922 -0.0119857788085937 -0.075042724609375 -0.311370849609375
0.026947021484375 0.00566673278808594 0.283111572265625 -0.40765380859375
0.00391387939453125 0.039154052734375 0.71234130859375 -0.1456298828125
-0.0125331878662109 0.0305080413818359 0.6768798828125 0.60833740234375
-0.00218963623046875 -0.0493698120117188 -0.0142211914062499 1.04437255859375
0.0143337249755859 -0.0133533477783203 -0.56982421875 0.61279296875
0.052032470703125 0.0134468078613281 0.0543022155761719 0.0502052307128906
0.0493240356445313 -0.0351753234863281 0.6307373046875 -0.6146240234375
0.0144004821777344 -0.0362358093261719 -0.0535888671875 -1.04608154296875
-0.0174856185913086 0.0103540420532227 -0.80108642578125 -0.3873291015625
-0.00920867919921875 0.0376968383789063 -0.573486328125 0.35498046875
0.0162391662597656 0.0135154724121094 -0.14410400390625 0.501953125
0.0152359008789063 -0.0139093399047852 0.176971435546875 0.2960205078125
-0.0103187561035156 0.0143709182739258 0.254592895507813 0.024871826171875
-0.0140886306762695 0.00469303131103516 -0.22845458984375 -0.05010986328125
0.0301914215087891 -0.0199718475341797 -0.075775146484375 -0.31048583984375
0.0336227416992188 -0.00181388854980469 0.281524658203125 -0.40472412109375
0.0132789611816406 0.0412483215332031 0.71392822265625 -0.14617919921875
-0.00740432739257812 0.0389595031738281 0.67779541015625 0.608642578125
-0.00555038452148438 -0.0418853759765625 -0.0106201171875 1.04754638671875
0.00972080230712891 -0.0129108428955078 -0.56463623046875 0.61865234375
0.0528640747070312 0.0108070373535156 0.0561561584472656 0.0548324584960937
0.0467109680175781 -0.0387039184570313 0.63116455078125 -0.6104736328125
0.0140590667724609 -0.0306568145751953 -0.0506591796875 -1.04486083984375
-0.0101833343505859 0.0215072631835938 -0.80157470703125 -0.3837890625
0.00176239013671875 0.0370826721191406 -0.57537841796875 0.3568115234375
0.020599365234375 0.00888252258300781 -0.144378662109375 0.500274658203125
0.0168209075927734 -0.0219707489013672 0.175079345703125 0.295257568359375
-0.0141029357910156 0.0123128890991211 0.252304077148438 0.02618408203125
-0.0172643661499023 0.00115966796875 -0.233016967773438 -0.053924560546875
0.0333957672119141 -0.0227336883544922 -0.08038330078125 -0.3162841796875
0.04180908203125 -0.00931930541992187 0.27203369140625 -0.4134521484375
0.0225830078125 0.0384407043457031 0.7083740234375 -0.1529541015625
0.00179290771484375 0.0466575622558594 0.6859130859375 0.59918212890625
-0.00533294677734375 -0.0336227416992188 -0.000366210937499904 1.04693603515625
0.00611209869384765 -0.0156755447387695 -0.55987548828125 0.622802734375
0.0509605407714844 0.00424575805664063 0.0574569702148437 0.0595436096191406
0.0434494018554688 -0.039031982421875 0.63763427734375 -0.6060791015625
0.0143775939941406 -0.0231285095214844 -0.0407714843749999 -1.0472412109375
-0.001861572265625 0.0278148651123047 -0.7967529296875 -0.3909912109375
0.012481689453125 0.0374107360839844 -0.57867431640625 0.34735107421875
0.02581787109375 0.00417709350585937 -0.153900146484375 0.49603271484375
0.0192108154296875 -0.0273628234863281 0.16827392578125 0.29058837890625
-0.0206127166748047 0.0090789794921875 0.253143310546875 0.0261688232421875
-0.00413894653320312 0.0115585327148438 -0.258132934570313 -0.072052001953125
0.0229663848876953 -0.000591278076171875 -0.1151123046875 -0.3338623046875
0.0136432647705078 0.0117855072021484 0.2396240234375 -0.45184326171875
-0.0139884948730469 0.0400810241699219 0.6895751953125 -0.2269287109375
-0.0261745452880859 0.0279560089111328 0.7218017578125 0.51739501953125
-0.00777053833007812 -0.0464515686035156 0.0769042968750001 1.00689697265625
0.0214405059814453 -0.00475692749023438 -0.51422119140625 0.63409423828125
0.0622329711914062 0.0264396667480469 0.0623779296875 0.0621414184570313
0.062255859375 -0.0281982421875 0.68084716796875 -0.59429931640625
0.0211639404296875 -0.0410270690917969 0.025390625 -1.07598876953125
-0.0282955169677734 0.00116539001464843 -0.77764892578125 -0.46136474609375
-0.0298385620117187 0.0414199829101563 -0.6011962890625 0.29779052734375
-0.00156974792480469 0.0239181518554688 -0.170196533203125 0.47381591796875
0.0124111175537109 -0.000276565551757813 0.156021118164063 0.280990600585938
-0.00432109832763672 0.0159711837768555 0.243408203125 0.0048828125
-0.000637054443359374 0.0140199661254883 -0.250030517578125 -0.0652618408203125
0.025054931640625 -5.7220458984375E-05 -0.10723876953125 -0.329071044921875
0.0129871368408203 0.0146398544311523 0.2506103515625 -0.442626953125
-0.0175666809082031 0.0404777526855469 0.69415283203125 -0.20831298828125
-0.0285892486572266 0.0249080657958984 0.71124267578125 0.535400390625
-0.00697708129882813 -0.052642822265625 0.059326171875 1.0157470703125
0.0236492156982422 -0.00604438781738281 -0.52618408203125 0.6265869140625
0.0618782043457031 0.0253639221191406 0.0596389770507813 0.0593376159667969
0.0631141662597656 -0.0303115844726563 0.66851806640625 -0.600830078125
0.0175933837890625 -0.044769287109375 0.00115966796874998 -1.06939697265625
-0.0333347320556641 -0.00358390808105468 -0.78460693359375 -0.4429931640625
-0.0337181091308594 0.0412673950195313 -0.5941162109375 0.31243896484375
-0.00173187255859375 0.0260086059570313 -0.158538818359375 0.478973388671875
0.0107555389404297 0.00113487243652344 0.165069580078125 0.28497314453125
-0.00308036804199219 0.0159616470336914 0.2467041015625 0.00927734375
-0.000691413879394532 0.0123710632324219 -0.245895385742188 -0.059600830078125
0.0222434997558594 0.00213432312011719 -0.096923828125 -0.3211669921875
0.0121402740478516 0.0149679183959961 0.259490966796875 -0.4312744140625
-0.019134521484375 0.0399513244628906 0.70068359375 -0.19158935546875
-0.0278167724609375 0.0199222564697266 0.7008056640625 0.5550537109375
-0.00629425048828125 -0.0565032958984375 0.0337524414062499 1.0225830078125
0.0229530334472656 -0.0072174072265625 -0.53985595703125 0.624267578125
0.058624267578125 0.0246162414550781 0.0572624206542969 0.0558013916015625
0.05877685546875 -0.0330734252929688 0.65301513671875 -0.60784912109375
0.0183448791503906 -0.0472946166992188 -0.0195312499999999 -1.0615234375
-0.0307369232177734 -0.00219154357910156 -0.7872314453125 -0.42437744140625
-0.0321578979492188 0.0412101745605469 -0.58526611328125 0.3270263671875
-5.14984130859358E-05 0.0261020660400391 -0.150665283203125 0.48736572265625
0.00937843322753906 0.000504493713378906 0.173187255859375 0.288818359375
-0.00319671630859375 0.0176296234130859 0.25042724609375 0.0132598876953125
-0.00169849395751953 0.011967658996582 -0.237625122070313 -0.0554656982421875
0.0254402160644531 -0.000791549682617188 -0.086517333984375 -0.315277099609375
0.0158243179321289 0.0147304534912109 0.27099609375 -0.42535400390625
-0.013763427734375 0.0388832092285156 0.70751953125 -0.17547607421875
-0.0237712860107422 0.0206241607666016 0.69635009765625 0.575439453125
-0.00464630126953125 -0.0557823181152344 0.0184936523437501 1.0340576171875
0.0205268859863281 -0.00760650634765625 -0.55084228515625 0.62152099609375
0.0596466064453125 0.020965576171875 0.0573768615722656 0.0525703430175781
0.0577659606933594 -0.0339813232421875 0.6395263671875 -0.61639404296875
0.0158271789550781 -0.0466117858886719 -0.0404663085937499 -1.0576171875
-0.0297393798828125 -0.00188827514648437 -0.7977294921875 -0.40252685546875
-0.0262260437011719 0.0418968200683594 -0.57769775390625 0.3426513671875
0.00259208679199219 0.0229454040527344 -0.1435546875 0.495269775390625
0.0103845596313477 -0.00221538543701172 0.1783447265625 0.293853759765625
-0.0042266845703125 0.0156383514404297 0.253524780273438 0.014801025390625
-0.00308322906494141 0.00919246673583984 -0.233383178710937 -0.049346923828125
0.0261821746826172 -0.00530624389648438 -0.081817626953125 -0.31280517578125
0.0213508605957031 0.00811195373535156 0.27532958984375 -0.417877197265625
-0.006195068359375 0.0383834838867188 0.7099609375 -0.16046142578125
-0.0213718414306641 0.0239086151123047 0.68865966796875 0.588623046875
-0.00664138793945312 -0.0537948608398438 0.00415039062500001 1.03851318359375
0.0169620513916016 -0.00945186614990235 -0.560546875 0.61981201171875
0.0571746826171875 0.0177268981933594 0.0546112060546875 0.0524635314941406
0.0517997741699219 -0.0372695922851563 0.6312255859375 -0.61737060546875
0.0145835876464844 -0.0438385009765625 -0.0584106445312499 -1.05047607421875
-0.0231819152832031 0.0041656494140625 -0.802490234375 -0.3873291015625
-0.0192947387695313 0.0397720336914063 -0.5728759765625 0.35211181640625
0.00914192199707031 0.0191116333007813 -0.137969970703125 0.499542236328125
0.0154323577880859 -0.00640392303466797 0.17779541015625 0.296630859375
-0.0063629150390625 0.0166444778442383 0.25543212890625 0.021392822265625
-0.00808858871459961 0.00768518447875977 -0.230209350585938 -0.046600341796875
0.0276298522949219 -0.0139007568359375 -0.078887939453125 -0.311676025390625
0.0270061492919922 0.00514030456542969 0.279266357421875 -0.41461181640625
0.0057373046875 0.0401535034179688 0.7125244140625 -0.1556396484375
-0.0130023956298828 0.0309257507324219 0.68597412109375 0.59710693359375
-0.00543975830078125 -0.04974365234375 -0.0017700195312501 1.04681396484375
0.0119991302490234 -0.0104970932006836 -0.5643310546875 0.62017822265625
0.0530624389648437 0.0145072937011719 0.0560111999511719 0.0534477233886719
0.0502510070800781 -0.037841796875 0.62677001953125 -0.62078857421875
0.0125656127929688 -0.0384788513183594 -0.0606079101562499 -1.04815673828125
-0.0162544250488281 0.00995826721191406 -0.8060302734375 -0.37744140625
-0.00761032104492188 0.0405235290527344 -0.57122802734375 0.36004638671875
0.0164165496826172 0.0142860412597656 -0.13800048828125 0.5025634765625
0.0149307250976563 -0.0133819580078125 0.18023681640625 0.293731689453125
-0.01153564453125 0.0153656005859375 0.25628662109375 0.02166748046875
-0.0125494003295898 0.00553798675537109 -0.232681274414063 -0.0488739013671875
0.0317649841308594 -0.0180587768554688 -0.081207275390625 -0.311126708984375
0.0348167419433594 -0.00235176086425781 0.277801513671875 -0.41351318359375
0.0156974792480469 0.0407562255859375 0.71185302734375 -0.15576171875
-0.00485992431640625 0.039337158203125 0.6898193359375 0.59991455078125
-0.00809097290039063 -0.0418624877929687 0.00415039062500007 1.050048828125
0.0103511810302734 -0.012303352355957 -0.56201171875 0.625
0.0529861450195313 0.00909042358398438 0.0575180053710938 0.0559654235839844
0.0455284118652344 -0.0390815734863281 0.62664794921875 -0.6187744140625
0.0135173797607422 -0.0307865142822266 -0.06097412109375 -1.046630859375
-0.0082998275756836 0.016148567199707 -0.8076171875 -0.37591552734375
0.00299072265625 0.0389900207519531 -0.57208251953125 0.35858154296875
0.0217819213867188 0.00934791564941406 -0.14129638671875 0.50201416015625
0.0167407989501953 -0.0194549560546875 0.178131103515625 0.2933349609375
-0.0149288177490234 0.0129013061523438 0.2540283203125 0.0234832763671875
-0.0179042816162109 0.000665664672851565 -0.234146118164063 -0.0516815185546875
0.0312099456787109 -0.0259380340576172 -0.08648681640625 -0.314788818359375
0.0400505065917969 -0.0108146667480469 0.270050048828125 -0.41802978515625
0.0239295959472656 0.0415153503417969 0.709716796875 -0.16314697265625
0.00204086303710938 0.0469856262207031 0.6971435546875 0.59429931640625
-0.0087890625 -0.0344333648681641 0.01434326171875 1.04791259765625
0.00507545471191406 -0.0140743255615234 -0.55352783203125 0.62762451171875
0.0507659912109375 0.00539398193359375 0.0575103759765625 0.0592231750488281
0.0409889221191406 -0.0398712158203125 0.63525390625 -0.61151123046875
0.0133628845214844 -0.0247764587402344 -0.0511474609375 -1.04766845703125
-0.00164031982421875 0.0268573760986328 -0.80224609375 -0.38519287109375
0.0120811462402344 0.0371475219726563 -0.57757568359375 0.353271484375
0.0260372161865234 0.002410888671875 -0.147705078125 0.49957275390625
0.0176753997802734 -0.0275020599365234 0.1732177734375 0.290435791015625
-0.0176277160644531 0.0113563537597656 0.254013061523438 0.023895263671875
-0.00224876403808594 0.0139923095703125 -0.261581420898438 -0.07122802734375
0.0224227905273437 -0.00326728820800781 -0.120880126953125 -0.332427978515625
0.0151500701904297 0.00920486450195313 0.233642578125 -0.45379638671875
-0.01446533203125 0.0407066345214844 0.68878173828125 -0.23626708984375
-0.0258541107177734 0.0280475616455078 0.729736328125 0.50799560546875
-0.009857177734375 -0.0470428466796875 0.0882568359374999 1.0064697265625
0.0235462188720703 -0.00393486022949219 -0.50579833984375 0.6378173828125
0.0622291564941406 0.0256080627441406 0.0633773803710938 0.0648918151855469
0.0617752075195313 -0.0303421020507813 0.67572021484375 -0.59783935546875
0.0193519592285156 -0.0432586669921875 0.0111694335937499 -1.0780029296875
-0.0284290313720703 0.000778198242187505 -0.782958984375 -0.4560546875
-0.0299530029296875 0.0412063598632813 -0.59820556640625 0.30291748046875
-0.000869750976562501 0.0245132446289063 -0.164947509765625 0.474212646484375
0.012913703918457 -0.00107383728027344 0.157562255859375 0.28228759765625
-0.00384330749511719 0.0181102752685547 0.243148803710937 0.0018310546875
0.00174236297607422 0.0117254257202148 -0.252304077148438 -0.0654144287109375
0.0242519378662109 -0.00049591064453125 -0.109954833984375 -0.32763671875
0.012359619140625 0.0133352279663086 0.24627685546875 -0.447265625
-0.0174636840820313 0.0409774780273438 0.6947021484375 -0.22039794921875
-0.0269622802734375 0.0234375 0.7174072265625 0.52587890625
-0.00737380981445312 -0.0545730590820313 0.0714111328124999 1.01483154296875
0.0225715637207031 -0.00499725341796875 -0.51995849609375 0.6331787109375
0.0607643127441406 0.0252647399902344 0.0596656799316406 0.0593414306640625
0.0587730407714844 -0.0301589965820312 0.66339111328125 -0.607666015625
0.0185813903808594 -0.0476036071777344 -0.00964355468750001 -1.0703125
-0.0328235626220703 -0.00365638732910156 -0.787841796875 -0.43670654296875
-0.0321617126464844 0.0433425903320313 -0.5899658203125 0.3173828125
-3.43322753906247E-05 0.0248126983642578 -0.154876708984375 0.4830322265625
0.00827455520629883 0.00100851058959961 0.169219970703125 0.28411865234375
-0.00135326385498047 0.0174121856689453 0.247802734375 0.0049591064453125
-5.72204589843782E-06 0.0133600234985352 -0.245361328125 -0.0594482421875
0.0236034393310547 0.000970840454101563 -0.102081298828125 -0.323211669921875
0.0121555328369141 0.0154380798339844 0.25616455078125 -0.43487548828125
-0.0148849487304687 0.0399208068847656 0.70013427734375 -0.20196533203125
-0.0275859832763672 0.0191860198974609 0.7108154296875 0.54693603515625
-0.00676345825195313 -0.054412841796875 0.0478515624999999 1.02239990234375
0.0207862854003906 -0.00852775573730469 -0.53582763671875 0.63043212890625
0.0582847595214844 0.0254936218261719 0.0579986572265625 0.0559539794921875
0.0597381591796875 -0.032440185546875 0.64874267578125 -0.611328125
0.0149040222167969 -0.050384521484375 -0.02838134765625 -1.064208984375
-0.0308933258056641 -0.00333023071289063 -0.793212890625 -0.413818359375
-0.0297203063964844 0.04205322265625 -0.58099365234375 0.3331298828125
6.67572021484395E-05 0.0275764465332031 -0.144378662109375 0.4903564453125
0.00995254516601563 0.00226688385009766 0.174957275390625 0.288665771484375
-0.00396537780761719 0.0185317993164063 0.25225830078125 0.0093231201171875
-0.00101661682128906 0.0125522613525391 -0.238983154296875 -0.051544189453125
0.0244407653808594 -0.0033111572265625 -0.0924072265625 -0.315032958984375
0.0164175033569336 0.0129661560058594 0.26593017578125 -0.429595947265625
-0.0124473571777344 0.0401802062988281 0.7059326171875 -0.18353271484375
-0.0254535675048828 0.0192165374755859 0.70404052734375 0.56610107421875
-0.006500244140625 -0.0569725036621094 0.0286865234374999 1.0352783203125
0.0216541290283203 -0.00855255126953125 -0.545166015625 0.62933349609375
0.0578155517578125 0.0242919921875 0.056671142578125 0.0537643432617187
0.0552215576171875 -0.0344200134277344 0.6353759765625 -0.62030029296875
0.0170745849609375 -0.0468406677246094 -0.05377197265625 -1.0577392578125
-0.0281124114990234 -0.00201034545898438 -0.80499267578125 -0.3953857421875
-0.0263786315917969 0.0404815673828125 -0.575927734375 0.348388671875
0.00279426574707031 0.0225124359130859 -0.13897705078125 0.495880126953125
0.0120754241943359 -0.00151348114013672 0.18060302734375 0.2916259765625
-0.00393486022949219 0.0182723999023438 0.254959106445313 0.014495849609375
-0.00432872772216797 0.009002685546875 -0.23565673828125 -0.0484161376953125
0.0252189636230469 -0.00539588928222656 -0.0870361328125 -0.313079833984375
0.0215282440185547 0.00887489318847656 0.272247314453125 -0.42462158203125
-0.00584030151367188 0.0400352478027344 0.70880126953125 -0.17071533203125
-0.0198020935058594 0.0250701904296875 0.6995849609375 0.5810546875
-0.00602340698242188 -0.054779052734375 0.0172119140625001 1.041748046875
0.01715087890625 -0.0115013122558594 -0.55419921875 0.627197265625
0.055938720703125 0.0189857482910156 0.0548591613769531 0.0526924133300781
0.0519752502441406 -0.0369758605957031 0.62652587890625 -0.6234130859375
0.0146484375 -0.0450973510742188 -0.0659790039062499 -1.05206298828125
-0.0239391326904297 0.00439453125 -0.8101806640625 -0.3775634765625
-0.0171127319335938 0.0382080078125 -0.569580078125 0.36175537109375
0.00830078125 0.0194263458251953 -0.1324462890625 0.5009765625
0.0122222900390625 -0.00626945495605469 0.185760498046875 0.294586181640625
-0.00594139099121094 0.0157661437988281 0.258758544921875 0.0182037353515625
-0.00809240341186523 0.00769186019897461 -0.229965209960937 -0.0471954345703125
0.0277175903320313 -0.0137100219726563 -0.084930419921875 -0.31072998046875
0.0284938812255859 0.00147438049316406 0.27459716796875 -0.41815185546875
0.00636672973632812 0.0405845642089844 0.71240234375 -0.1650390625
-0.0113544464111328 0.0317821502685547 0.6943359375 0.59130859375
-0.0082244873046875 -0.0490264892578125 0.0092163085937501 1.04547119140625
0.0139865875244141 -0.0136137008666992 -0.556640625 0.62786865234375
0.0543251037597656 0.0142936706542969 0.0560455322265625 0.0531997680664063
0.0478897094726563 -0.0383262634277344 0.6219482421875 -0.62713623046875
0.0114707946777344 -0.0369415283203125 -0.0744628906249999 -1.04815673828125
-0.0149936676025391 0.0101709365844727 -0.81011962890625 -0.369140625
-0.00730133056640625 0.0391082763671875 -0.56854248046875 0.3680419921875
0.0163297653198242 0.0135555267333984 -0.132354736328125 0.504852294921875
0.0141019821166992 -0.0118122100830078 0.184783935546875 0.293426513671875
-0.0069427490234375 0.0137672424316406 0.259262084960938 0.0207061767578125
-0.0141210556030273 0.00466632843017578 -0.232864379882813 -0.0459747314453125
0.0302848815917969 -0.0196170806884766 -0.085479736328125 -0.31182861328125
0.0360374450683594 -0.00278091430664062 0.2730712890625 -0.417999267578125
0.015655517578125 0.0396270751953125 0.71038818359375 -0.16510009765625
-0.00614166259765625 0.0399055480957031 0.69854736328125 0.59185791015625
-0.007293701171875 -0.0439453125 0.0144042968749999 1.0496826171875
0.00893688201904297 -0.0123825073242188 -0.554443359375 0.63134765625
0.0534210205078125 0.0108299255371094 0.0557975769042969 0.0562973022460938
0.0422630310058594 -0.0401992797851563 0.6231689453125 -0.62591552734375
0.0123538970947266 -0.0326805114746094 -0.07342529296875 -1.050048828125
-0.00970649719238282 0.0192813873291016 -0.81170654296875 -0.36865234375
0.00350189208984375 0.0383872985839844 -0.5692138671875 0.36834716796875
0.0225067138671875 0.00793266296386719 -0.134857177734375 0.505218505859375
0.0149955749511719 -0.0206871032714844 0.18182373046875 0.2919921875
-0.0135002136230469 0.0116891860961914 0.258331298828125 0.02166748046875
-0.0177516937255859 0.00185394287109375 -0.23638916015625 -0.0513458251953125
0.0312862396240234 -0.0252323150634766 -0.088531494140625 -0.315155029296875
0.0396270751953125 -0.0101242065429688 0.262176513671875 -0.42425537109375
0.0250511169433594 0.0417137145996094 0.70892333984375 -0.173095703125
0.00405120849609375 0.0453643798828125 0.7034912109375 0.582763671875
-0.00854110717773438 -0.0359573364257813 0.0252075195312501 1.04754638671875
0.00524139404296875 -0.0140390396118164 -0.55035400390625 0.63592529296875
0.0504379272460938 0.00606155395507813 0.0571327209472656 0.0596122741699219
0.0416603088378906 -0.0406723022460938 0.6285400390625 -0.61785888671875
0.0135021209716797 -0.0235309600830078 -0.06268310546875 -1.04656982421875
0.000194549560546872 0.0258445739746094 -0.8070068359375 -0.37725830078125
0.0140724182128906 0.0366172790527344 -0.5732421875 0.361328125
0.0270004272460938 0.000278472900390625 -0.1409912109375 0.503448486328125
0.0175552368164062 -0.0282421112060547 0.1766357421875 0.292205810546875
-0.0170526504516602 0.011418342590332 0.256072998046875 0.018524169921875
-0.000558853149414062 0.0127201080322266 -0.261993408203125 -0.0684356689453125
0.0222587585449219 -0.00499534606933594 -0.124969482421875 -0.333770751953125
0.0129642486572266 0.0107173919677734 0.2288818359375 -0.460662841796875
-0.013336181640625 0.041015625 0.6865234375 -0.24639892578125
-0.0238513946533203 0.0267887115478516 0.73797607421875 0.4996337890625
-0.00775909423828125 -0.0471534729003906 0.09716796875 1.00811767578125
0.023193359375 -0.00419807434082031 -0.50006103515625 0.64630126953125
0.0622901916503906 0.0268173217773438 0.0614356994628906 0.0652809143066406
0.0607070922851563 -0.0286827087402344 0.671630859375 -0.6082763671875
0.0183029174804687 -0.0454635620117188 0.00323486328125011 -1.0789794921875
-0.0273456573486328 0.00193977355957032 -0.78753662109375 -0.44793701171875
-0.0270767211914062 0.0423774719238281 -0.5946044921875 0.31011962890625
-0.000177383422851564 0.0246181488037109 -0.15863037109375 0.47760009765625
0.0104942321777344 -0.00305843353271484 0.164627075195313 0.280303955078125
-0.00363731384277344 0.0186519622802734 0.245315551757813 -0.000915527343749999
0.00109195709228515 0.0129365921020508 -0.255508422851563 -0.0625
0.0240879058837891 -0.00161552429199219 -0.116943359375 -0.32623291015625
0.0141744613647461 0.013249397277832 0.240447998046875 -0.453094482421875
-0.0150146484375 0.039459228515625 0.69158935546875 -0.22845458984375
-0.0263690948486328 0.0225124359130859 0.72650146484375 0.51519775390625
-0.00812149047851562 -0.0554313659667969 0.08062744140625 1.013427734375
0.0237197875976563 -0.00421333312988281 -0.51348876953125 0.64202880859375
0.0626411437988281 0.0283737182617187 0.059356689453125 0.0588455200195313
0.061431884765625 -0.0315437316894531 0.6585693359375 -0.614501953125
0.0168418884277344 -0.0455970764160156 -0.0218505859375 -1.070556640625
-0.0311088562011719 -0.00214004516601562 -0.7957763671875 -0.4261474609375
-0.0325202941894531 0.0414161682128906 -0.58642578125 0.3245849609375
-0.000886917114257811 0.0268173217773438 -0.1500244140625 0.484710693359375
0.00946712493896485 -0.000538825988769531 0.1729736328125 0.28546142578125
-0.00111961364746094 0.0196037292480469 0.248916625976563 0.0028076171875
-0.00116062164306641 0.013031005859375 -0.24969482421875 -0.05377197265625
0.0220623016357422 -0.001312255859375 -0.10693359375 -0.3204345703125
0.0125284194946289 0.0135736465454102 0.25006103515625 -0.4403076171875
-0.0158653259277344 0.0410881042480469 0.6981201171875 -0.21014404296875
-0.0275382995605469 0.0212478637695312 0.71673583984375 0.5379638671875
-0.00832748413085937 -0.0587081909179688 0.0563964843749999 1.021728515625
0.0237216949462891 -0.00713539123535156 -0.528564453125 0.63787841796875
0.0614891052246094 0.0241889953613281 0.0552825927734375 0.0546607971191406
0.0566978454589844 -0.0329170227050781 0.6439208984375 -0.6202392578125
0.0157699584960938 -0.0498886108398438 -0.037353515625 -1.06341552734375
-0.0312042236328125 -0.00354766845703125 -0.7987060546875 -0.40972900390625
-0.0305976867675781 0.0423660278320312 -0.57818603515625 0.34039306640625
0.000152587890625 0.0257072448730469 -0.139923095703125 0.490386962890625
0.01123046875 0.000182151794433594 0.180694580078125 0.286865234375
-0.00332450866699219 0.0193653106689453 0.255081176757812 0.0060577392578125
0.00153064727783203 0.0122337341308594 -0.241409301757812 -0.050140380859375
0.0251178741455078 -0.00209426879882812 -0.098175048828125 -0.317779541015625
0.0154504776000977 0.0113744735717773 0.259735107421875 -0.43511962890625
-0.0115394592285156 0.0379180908203125 0.70550537109375 -0.19561767578125
-0.0246753692626953 0.0195751190185547 0.71307373046875 0.558837890625
-0.00912094116210938 -0.0584640502929688 0.0415039062500001 1.0338134765625
0.0212345123291016 -0.0079345703125 -0.53680419921875 0.6337890625
0.0598945617675781 0.0235443115234375 0.0557327270507813 0.0533599853515625
0.0547370910644531 -0.0361404418945313 0.62933349609375 -0.626708984375
0.0132675170898438 -0.0464973449707031 -0.0620117187500001 -1.05712890625
-0.0296783447265625 -0.000644683837890628 -0.80804443359375 -0.38623046875
-0.0271415710449219 0.0415687561035156 -0.5711669921875 0.35614013671875
0.00368499755859375 0.0242271423339844 -0.13031005859375 0.50103759765625
0.010340690612793 0.000284194946289063 0.18463134765625 0.29217529296875
-0.00289249420166016 0.0166969299316406 0.257354736328125 0.012603759765625
-0.00321197509765625 0.0113010406494141 -0.238174438476563 -0.0450286865234375
0.0244522094726562 -0.00851249694824219 -0.092620849609375 -0.3126220703125
0.0200138092041016 0.00779533386230469 0.268280029296875 -0.427215576171875
-0.0025787353515625 0.0385246276855469 0.71002197265625 -0.179931640625
-0.0177955627441406 0.0244846343994141 0.70611572265625 0.571044921875
-0.0069122314453125 -0.0563316345214844 0.0284423828125001 1.03912353515625
0.0174741744995117 -0.00989818572998047 -0.54840087890625 0.6334228515625
0.0587577819824219 0.0196762084960938 0.0545272827148438 0.053070068359375
0.0505867004394531 -0.0370826721191406 0.6214599609375 -0.630859375
0.0120429992675781 -0.045166015625 -0.080078125 -1.0516357421875
-0.0230922698974609 0.00380516052246094 -0.81243896484375 -0.369140625
-0.0165939331054688 0.03985595703125 -0.56402587890625 0.3677978515625
0.00934600830078125 0.0190486907958984 -0.127838134765625 0.504638671875
0.0127897262573242 -0.00688266754150391 0.188934326171875 0.29180908203125
-0.00480842590332031 0.0186424255371094 0.257827758789063 0.016754150390625
-0.00842475891113281 0.0105524063110352 -0.234054565429688 -0.0449371337890625
0.0292110443115234 -0.0145206451416016 -0.088531494140625 -0.31195068359375
0.0278377532958984 0.00235366821289063 0.269927978515625 -0.422149658203125
0.00484848022460937 0.0395240783691406 0.71002197265625 -0.17388916015625
-0.0111331939697266 0.02947998046875 0.70111083984375 0.57958984375
-0.00794601440429688 -0.0513992309570313 0.0218505859375001 1.0458984375
0.0152549743652344 -0.00941371917724609 -0.54949951171875 0.63519287109375
0.055908203125 0.0148124694824219 0.0539398193359375 0.05157470703125
0.045989990234375 -0.0398101806640625 0.615478515625 -0.63421630859375
0.0123748779296875 -0.0382728576660156 -0.08544921875 -1.0482177734375
-0.0158252716064453 0.00892066955566406 -0.81304931640625 -0.3623046875
-0.00594329833984375 0.0407943725585938 -0.56463623046875 0.373779296875
0.0153512954711914 0.0173368453979492 -0.12713623046875 0.50732421875
0.0145511627197266 -0.0139904022216797 0.1893310546875 0.29205322265625
-0.00723743438720703 0.015019416809082 0.259185791015625 0.0188446044921875
-0.0133056640625 0.00670337677001953 -0.235687255859375 -0.0449371337890625
0.0311489105224609 -0.0209598541259766 -0.090362548828125 -0.31109619140625
0.0362319946289063 -0.00397872924804688 0.2674560546875 -0.42510986328125
0.0155601501464844 0.0396995544433594 0.70843505859375 -0.174072265625
-0.00393295288085938 0.0391807556152344 0.7061767578125 0.58203125
-0.00817489624023437 -0.0448226928710937 0.0231323242187501 1.04730224609375
0.0100393295288086 -0.0125703811645508 -0.54888916015625 0.63739013671875
0.0542259216308594 0.00930023193359375 0.0558090209960938 0.0542869567871094
0.0418624877929688 -0.040985107421875 0.61627197265625 -0.62982177734375
0.0122127532958984 -0.0324268341064453 -0.0830078124999999 -1.04736328125
-0.00726604461669922 0.0174551010131836 -0.8160400390625 -0.359130859375
0.00636672973632812 0.0374679565429687 -0.56475830078125 0.37469482421875
0.0215625762939453 0.00842475891113281 -0.129364013671875 0.50738525390625
0.0157527923583984 -0.0212631225585938 0.1868896484375 0.291534423828125
-0.0131683349609375 0.015559196472168 0.257110595703125 0.017974853515625
-0.0173959732055664 0.00307655334472656 -0.239349365234375 -0.04852294921875
0.0291824340820312 -0.0264358520507812 -0.093963623046875 -0.31475830078125
0.0391845703125 -0.00936508178710938 0.26080322265625 -0.429412841796875
0.0275421142578125 0.0403709411621094 0.7073974609375 -0.1820068359375
0.00402069091796875 0.0455436706542969 0.71026611328125 0.57611083984375
-0.00888442993164063 -0.0365791320800781 0.0358886718749999 1.04510498046875
0.00391006469726563 -0.0116672515869141 -0.540283203125 0.64239501953125
0.051239013671875 0.00609970092773438 0.0570793151855469 0.0573272705078125
0.0391960144042969 -0.0403709411621094 0.62322998046875 -0.626220703125
0.0130367279052734 -0.0245590209960938 -0.0711669921875 -1.04638671875
0.000978469848632813 0.0248813629150391 -0.81500244140625 -0.3670654296875
0.0145645141601563 0.0375137329101562 -0.572021484375 0.36846923828125
0.0279827117919922 0.00210762023925781 -0.136444091796875 0.502349853515625
0.0180149078369141 -0.0273933410644531 0.182098388671875 0.288543701171875
-0.0140342712402344 0.0116100311279297 0.25653076171875 0.0169830322265625
-0.0020904541015625 0.0123987197875977 -0.264678955078125 -0.0647125244140625
0.0230236053466797 -0.00592422485351563 -0.12921142578125 -0.331207275390625
0.0117816925048828 0.0121698379516602 0.2232666015625 -0.464202880859375
-0.0107917785644531 0.0419120788574219 0.686767578125 -0.25604248046875
-0.0233287811279297 0.0288162231445313 0.74176025390625 0.49090576171875
-0.0090789794921875 -0.0498580932617188 0.108154296875 1.0023193359375
0.0248508453369141 -0.00223159790039062 -0.491943359375 0.64971923828125
0.0603370666503906 0.0269546508789063 0.0616340637207031 0.0642852783203125
0.0592575073242188 -0.0300216674804688 0.664306640625 -0.6116943359375
0.019683837890625 -0.0430641174316406 -0.00885009765625011 -1.07763671875
-0.02984619140625 0.00121879577636719 -0.79205322265625 -0.4361572265625
-0.027862548828125 0.0430488586425781 -0.5916748046875 0.31768798828125
-0.000110626220703124 0.0238895416259766 -0.153564453125 0.480224609375
0.012089729309082 -0.00321197509765625 0.16668701171875 0.276657104492188
-0.00297927856445313 0.0178813934326172 0.2454833984375 -0.0037384033203125
0.00104999542236328 0.0118904113769531 -0.258575439453125 -0.0587158203125
0.0222587585449219 -0.00317955017089844 -0.118988037109375 -0.32720947265625
0.0115079879760742 0.0152149200439453 0.234954833984375 -0.455230712890625
-0.0152778625488281 0.0403633117675781 0.68963623046875 -0.23968505859375
-0.0269241333007812 0.0214462280273438 0.73345947265625 0.5089111328125
-0.00983047485351563 -0.0582733154296875 0.090087890625 1.010009765625
0.0228347778320313 -0.00494384765625 -0.50518798828125 0.64703369140625
0.0609893798828125 0.0275993347167969 0.0602302551269531 0.0601997375488281
0.0606117248535156 -0.030120849609375 0.65264892578125 -0.61981201171875
0.0179367065429688 -0.0494041442871094 -0.0337524414062499 -1.06854248046875
-0.0311145782470703 -0.00129890441894531 -0.79962158203125 -0.4190673828125
-0.0310859680175781 0.0417747497558594 -0.5833740234375 0.3302001953125
-0.00250244140625 0.0240802764892578 -0.142578125 0.4886474609375
0.0101594924926758 0.0010986328125 0.175872802734375 0.28302001953125
0.00122451782226562 0.0188789367675781 0.251235961914063 0.0018310546875
-0.000149726867675781 0.0148534774780273 -0.25115966796875 -0.0526580810546875
0.0264072418212891 -0.00101089477539063 -0.11114501953125 -0.3199462890625
0.0117855072021484 0.01287841796875 0.244110107421875 -0.4456787109375
-0.0158920288085937 0.040557861328125 0.69805908203125 -0.22100830078125
-0.0256786346435547 0.0192642211914062 0.72381591796875 0.52215576171875
-0.00847625732421875 -0.0606346130371094 0.0678710937500001 1.0164794921875
0.0223636627197266 -0.00554275512695313 -0.52099609375 0.64080810546875
0.0605087280273438 0.0265922546386719 0.0553398132324219 0.0570831298828125
0.0572700500488281 -0.0345916748046875 0.63836669921875 -0.62359619140625
0.0142478942871094 -0.0506629943847656 -0.0490112304687501 -1.06201171875
-0.0312232971191406 -0.0055999755859375 -0.80224609375 -0.40008544921875
-0.028900146484375 0.0428428649902344 -0.574462890625 0.34423828125
0.000638961791992185 0.025482177734375 -0.1337890625 0.492919921875
0.0104503631591797 0.00011444091796875 0.18701171875 0.285797119140625
-8.20159912109379E-05 0.0185794830322266 0.253555297851563 0.003662109375
0.00181865692138672 0.0125370025634766 -0.24456787109375 -0.048828125
0.0242099761962891 -0.00398635864257813 -0.10101318359375 -0.3175048828125
0.0157756805419922 0.0131721496582031 0.2576904296875 -0.43878173828125
-0.0110282897949219 0.0392417907714844 0.70159912109375 -0.20513916015625
-0.0238132476806641 0.0173416137695313 0.718505859375 0.549072265625
-0.00973129272460937 -0.0582237243652344 0.0521240234375 1.03057861328125
0.0218582153320312 -0.00556182861328125 -0.53143310546875 0.6392822265625
0.058746337890625 0.0232391357421875 0.0540008544921875 0.0518150329589844
0.0540504455566406 -0.0372352600097656 0.62298583984375 -0.63232421875
0.0134124755859375 -0.0495147705078125 -0.0716552734375001 -1.055419921875
-0.0287399291992187 -0.000658035278320313 -0.809814453125 -0.37774658203125
-0.0234642028808594 0.0402870178222656 -0.57012939453125 0.36199951171875
0.00410079956054687 0.0230350494384766 -0.1265869140625 0.5008544921875
0.0105686187744141 -0.00331497192382812 0.190887451171875 0.289306640625
0.0013427734375 0.0163431167602539 0.25726318359375 0.0089874267578125
-0.00303745269775391 0.00967884063720703 -0.2374267578125 -0.0436859130859375
0.0258064270019531 -0.00837898254394531 -0.095703125 -0.312744140625
0.0193080902099609 0.00792121887207031 0.26104736328125 -0.432647705078125
-0.00308609008789063 0.0404853820800781 0.705322265625 -0.18951416015625
-0.0172653198242187 0.0235843658447266 0.7127685546875 0.560546875
-0.00806427001953125 -0.055877685546875 0.0387573242187501 1.03759765625
0.0191669464111328 -0.008514404296875 -0.5416259765625 0.63726806640625
0.0571365356445313 0.0181236267089844 0.055328369140625 0.0520668029785156
0.0489158630371094 -0.0378952026367188 0.61566162109375 -0.63311767578125
0.0119819641113281 -0.0450057983398437 -0.0885009765624999 -1.05120849609375
-0.0229415893554688 0.00379753112792969 -0.8182373046875 -0.35888671875
-0.0141448974609375 0.0414924621582031 -0.558258056640625 0.37237548828125
0.00940895080566406 0.0196571350097656 -0.119964599609375 0.5047607421875
0.0109624862670898 -0.007476806640625 0.193115234375 0.292327880859375
-0.0035858154296875 0.0177726745605469 0.261062622070313 0.013336181640625
-0.00709724426269531 0.00881576538085938 -0.236221313476563 -0.040740966796875
0.0258083343505859 -0.0152816772460937 -0.091339111328125 -0.31292724609375
0.0267200469970703 0.002227783203125 0.263031005859375 -0.4305419921875
0.0065155029296875 0.0397872924804688 0.70947265625 -0.18365478515625
-0.0111980438232422 0.0291423797607422 0.71026611328125 0.57269287109375
-0.00786209106445313 -0.0535011291503906 0.0314941406250001 1.04376220703125
0.0140743255615234 -0.00825691223144531 -0.54473876953125 0.63751220703125
0.0555915832519531 0.01446533203125 0.0560989379882813 0.0523529052734375
0.0458564758300781 -0.0390357971191406 0.6109619140625 -0.6376953125
0.0113792419433594 -0.0381698608398438 -0.09381103515625 -1.0474853515625
-0.0143356323242188 0.0110759735107422 -0.81756591796875 -0.35296630859375
-0.0039215087890625 0.0400428771972656 -0.560882568359375 0.376220703125
0.0151910781860352 0.0142011642456055 -0.118743896484375 0.506927490234375
0.0150537490844727 -0.0148601531982422 0.193023681640625 0.29083251953125
-0.00653934478759766 0.015681266784668 0.262130737304688 0.0157470703125
-0.0128459930419922 0.00756454467773438 -0.236495971679688 -0.0433197021484375
0.0287342071533203 -0.0213279724121094 -0.09356689453125 -0.310394287109375
0.0351943969726563 -0.00464630126953125 0.261199951171875 -0.42742919921875
0.0188026428222656 0.0399665832519531 0.70941162109375 -0.18408203125
-0.0022125244140625 0.03857421875 0.712158203125 0.571533203125
-0.007965087890625 -0.0457115173339844 0.03594970703125 1.04351806640625
0.0113821029663086 -0.011077880859375 -0.54168701171875 0.63916015625
0.0534324645996094 0.00827407836914063 0.0542945861816406 0.0550041198730469
0.0419807434082031 -0.0393867492675781 0.612548828125 -0.63763427734375
0.0100803375244141 -0.0344409942626953 -0.0921630859374999 -1.04400634765625
-0.00695037841796875 0.0165386199951172 -0.81689453125 -0.3509521484375
0.00614547729492188 0.0374565124511719 -0.560760498046875 0.380584716796875
0.022674560546875 0.00703239440917969 -0.1220703125 0.50811767578125
0.0156192779541016 -0.0225887298583984 0.190460205078125 0.289794921875
-0.0107393264770508 0.0149221420288086 0.259490966796875 0.0147552490234375
-0.0174102783203125 0.00340843200683594 -0.23974609375 -0.0462799072265625
0.0306358337402344 -0.0307216644287109 -0.098785400390625 -0.3140869140625
0.0409812927246094 -0.0115928649902344 0.253662109375 -0.431365966796875
0.0292129516601563 0.0413742065429688 0.70697021484375 -0.1925048828125
0.00552749633789063 0.0448226928710938 0.72015380859375 0.56439208984375
-0.00980758666992187 -0.0365142822265625 0.0480346679687501 1.04388427734375
0.00755786895751953 -0.012333869934082 -0.53497314453125 0.64617919921875
0.0514602661132813 0.00528717041015625 0.0569190979003906 0.0588111877441406
0.0390472412109375 -0.0389747619628906 0.6190185546875 -0.63140869140625
0.0104694366455078 -0.0248527526855469 -0.08233642578125 -1.0478515625
-0.000551223754882813 0.025482177734375 -0.816650390625 -0.3577880859375
0.0134620666503906 0.0376358032226563 -0.5655517578125 0.373291015625
0.0296382904052734 0.00198936462402344 -0.130096435546875 0.506683349609375
0.0167064666748047 -0.0286712646484375 0.18670654296875 0.286956787109375
-0.0141382217407227 0.0151300430297852 0.257781982421875 0.0162200927734375
-0.000405311584472656 0.0147857666015625 -0.267059326171875 -0.0624237060546876
0.0217208862304688 -0.00733566284179688 -0.134674072265625 -0.3321533203125
0.0158843994140625 0.00927352905273438 0.216278076171875 -0.46612548828125
-0.0125541687011719 0.0414466857910156 0.68109130859375 -0.26318359375
-0.0217857360839844 0.0267314910888672 0.7454833984375 0.47918701171875
-0.00959396362304688 -0.0512962341308594 0.12042236328125 0.99871826171875
0.0236835479736328 -0.00223159790039063 -0.48516845703125 0.65386962890625
0.062530517578125 0.0272674560546875 0.0624656677246094 0.0622978210449219
0.0592460632324219 -0.0301666259765625 0.66156005859375 -0.617431640625
0.0169906616210937 -0.0440597534179688 -0.0175170898437499 -1.07513427734375
-0.0277385711669922 0.000776290893554688 -0.7978515625 -0.42987060546875
-0.026031494140625 0.0454559326171875 -0.58831787109375 0.3197021484375
0.00117683410644531 0.0234165191650391 -0.146697998046875 0.47955322265625
0.0121364593505859 -0.00445270538330078 0.170562744140625 0.277816772460938
-0.000246047973632812 0.0186500549316406 0.246932983398438 -0.004791259765625
0.00316810607910156 0.0142688751220703 -0.259567260742188 -0.056488037109375
0.0233039855957031 -0.00270843505859375 -0.1236572265625 -0.32525634765625
0.0118265151977539 0.0115509033203125 0.22943115234375 -0.460540771484375
-0.0155982971191406 0.0421066284179688 0.68719482421875 -0.24688720703125
-0.0263996124267578 0.0229339599609375 0.73681640625 0.49530029296875
-0.00934600830078125 -0.0571746826171875 0.10577392578125 1.00531005859375
0.0256366729736328 -0.00509262084960938 -0.500732421875 0.64990234375
0.0633621215820313 0.0269012451171875 0.0595626831054688 0.0576095581054688
0.0596771240234375 -0.0321807861328125 0.6456298828125 -0.62451171875
0.0157012939453125 -0.0475692749023438 -0.040771484375 -1.0687255859375
-0.0318775177001953 -0.00387191772460938 -0.80255126953125 -0.4110107421875
-0.0284576416015625 0.0425338745117188 -0.57720947265625 0.33740234375
-0.00107192993164062 0.02520751953125 -0.13604736328125 0.48590087890625
0.0101757049560547 0.00146293640136719 0.179824829101562 0.2783203125
0.00133514404296875 0.0194206237792969 0.251708984375 -0.000503540039062499
0.00136184692382813 0.0156898498535156 -0.255203247070313 -0.0488739013671875
0.0236740112304688 -0.00299835205078125 -0.116302490234375 -0.319427490234375
0.0136613845825195 0.0130529403686523 0.23974609375 -0.451324462890625
-0.0152091979980469 0.0391311645507813 0.6934814453125 -0.22900390625
-0.0241851806640625 0.0183315277099609 0.7286376953125 0.51739501953125
-0.00844955444335937 -0.0596122741699219 0.0783691406250001 1.01544189453125
0.0247802734375 -0.00465774536132812 -0.51416015625 0.6456298828125
0.0615692138671875 0.0268669128417969 0.0580558776855469 0.0567474365234375
0.0556602478027344 -0.03363037109375 0.63018798828125 -0.6279296875
0.0149459838867188 -0.0510139465332031 -0.0592651367187501 -1.058349609375
-0.0312023162841797 -0.00382804870605469 -0.8050537109375 -0.391357421875
-0.0286636352539063 0.0418815612792969 -0.57012939453125 0.3504638671875
8.96453857421847E-05 0.02618408203125 -0.126678466796875 0.49432373046875
0.00992012023925781 -0.000762939453125 0.18646240234375 0.28265380859375
0.000787734985351562 0.0208702087402344 0.256134033203125 0.000534057617187501
0.00295639038085937 0.0141458511352539 -0.2445068359375 -0.0430145263671875
0.0233173370361328 -0.00675201416015625 -0.107147216796875 -0.315460205078125
0.0154867172241211 0.0117864608764648 0.250518798828125 -0.442779541015625
-0.00868988037109375 0.0398101806640625 0.7017822265625 -0.21331787109375
-0.0238018035888672 0.0201034545898437 0.7237548828125 0.53753662109375
-0.0080718994140625 -0.0596771240234375 0.0626220703125 1.02838134765625
0.0239772796630859 -0.007293701171875 -0.525634765625 0.64312744140625
0.0609054565429688 0.022216796875 0.0553436279296875 0.0530166625976563
0.0538749694824219 -0.0359916687011719 0.6195068359375 -0.63812255859375
0.0130157470703125 -0.0493278503417969 -0.0833740234374999 -1.0546875
-0.0273265838623047 -0.00115966796875 -0.81707763671875 -0.36895751953125
-0.021728515625 0.04071044921875 -0.56341552734375 0.3663330078125
0.00745582580566406 0.0239124298095703 -0.120147705078125 0.499786376953125
0.0104837417602539 -0.00132656097412109 0.193939208984375 0.28851318359375
0.000419616699218749 0.0176601409912109 0.258834838867187 0.007537841796875
-0.00267314910888672 0.0119447708129883 -0.239456176757812 -0.0412139892578125
0.0228462219238281 -0.00956916809082031 -0.10125732421875 -0.31195068359375
0.0195655822753906 0.00718879699707031 0.2564697265625 -0.434722900390625
-0.000923156738281248 0.0377883911132812 0.703369140625 -0.1983642578125
-0.0170574188232422 0.0223808288574219 0.71978759765625 0.552001953125
-0.00876617431640625 -0.0583610534667969 0.04864501953125 1.03472900390625
0.018096923828125 -0.00871467590332031 -0.5341796875 0.64208984375
0.0574188232421875 0.01849365234375 0.0544624328613281 0.0515632629394531
0.0497817993164062 -0.0373764038085937 0.6082763671875 -0.63922119140625
0.0128898620605469 -0.0457191467285156 -0.0966186523437499 -1.04705810546875
-0.0220184326171875 0.00327873229980469 -0.81689453125 -0.35186767578125
-0.0118026733398437 0.0389595031738281 -0.554962158203125 0.377777099609375
0.00858116149902344 0.0187568664550781 -0.114105224609375 0.50543212890625
0.0105714797973633 -0.00816631317138672 0.198211669921875 0.289886474609375
-0.00225543975830078 0.0156564712524414 0.2625732421875 0.01055908203125
-0.00512218475341797 0.00980949401855469 -0.237960815429688 -0.0388031005859375
0.0268611907958984 -0.0167102813720703 -0.095855712890625 -0.3094482421875
0.0278701782226563 0.000829696655273438 0.258453369140625 -0.430419921875
0.00986862182617187 0.0397491455078125 0.70562744140625 -0.19097900390625
-0.0109272003173828 0.0287761688232422 0.71673583984375 0.5616455078125
-0.0079193115234375 -0.0520057678222656 0.04498291015625 1.04168701171875
0.0144968032836914 -0.0103063583374023 -0.5340576171875 0.64385986328125
0.0556411743164063 0.0145988464355469 0.0535736083984375 0.0532264709472656
0.0454750061035156 -0.0391197204589844 0.60455322265625 -0.6409912109375
0.0116539001464844 -0.0406265258789063 -0.10296630859375 -1.044189453125
-0.0135307312011719 0.0100517272949219 -0.8194580078125 -0.3443603515625
-0.00246810913085937 0.0398979187011719 -0.55462646484375 0.382965087890625
0.0149679183959961 0.0132608413696289 -0.115081787109375 0.50836181640625
0.0131263732910156 -0.0133132934570313 0.19549560546875 0.288726806640625
-0.00480079650878906 0.0167818069458008 0.262069702148438 0.0134429931640625
-0.0109796524047852 0.00824642181396484 -0.23895263671875 -0.04022216796875
0.028106689453125 -0.0241851806640625 -0.09820556640625 -0.311859130859375
0.0343379974365234 -0.0059661865234375 0.255706787109375 -0.430999755859375
0.01934814453125 0.0396957397460938 0.70660400390625 -0.19384765625
-0.00188446044921875 0.0354843139648438 0.71893310546875 0.56121826171875
-0.00986480712890625 -0.0444564819335938 0.0466918945312501 1.04266357421875
0.0097951889038086 -0.0122127532958984 -0.5343017578125 0.64508056640625
0.0534744262695313 0.00948333740234375 0.0563316345214844 0.0554466247558594
0.0420494079589844 -0.0419387817382813 0.60614013671875 -0.64208984375
0.0109519958496094 -0.0353736877441406 -0.10308837890625 -1.0435791015625
-0.00520801544189453 0.0153799057006836 -0.8193359375 -0.33953857421875
0.006500244140625 0.0375213623046875 -0.553466796875 0.382965087890625
0.0227622985839844 0.00687217712402344 -0.118072509765625 0.507415771484375
0.0155296325683594 -0.023162841796875 0.19451904296875 0.287506103515625
-0.00883769989013672 0.0151777267456055 0.261322021484375 0.013702392578125
-0.015869140625 0.00507736206054688 -0.240814208984375 -0.042724609375
0.0300502777099609 -0.0312614440917969 -0.104644775390625 -0.31475830078125
0.0398635864257812 -0.0130653381347656 0.24932861328125 -0.4371337890625
0.0280227661132813 0.040130615234375 0.7022705078125 -0.2010498046875
0.00659942626953125 0.0444488525390625 0.72589111328125 0.55242919921875
-0.00898361206054688 -0.0391998291015625 0.0571899414062499 1.03936767578125
0.00670719146728516 -0.0116376876831055 -0.5283203125 0.64947509765625
0.0504379272460937 0.00821304321289062 0.0576324462890625 0.0573539733886719
0.0384445190429688 -0.0411643981933594 0.60858154296875 -0.63641357421875
0.0104427337646484 -0.0274276733398437 -0.0938720703124999 -1.04278564453125
0.00186347961425781 0.0234565734863281 -0.8192138671875 -0.34930419921875
0.0155029296875 0.0361709594726563 -0.560455322265625 0.37823486328125
0.0301170349121094 0.00132179260253906 -0.123992919921875 0.505126953125
0.0168991088867188 -0.0297336578369141 0.187591552734375 0.28778076171875
-0.0127773284912109 0.0130233764648438 0.259002685546875 0.0133819580078125
0.00058460235595703 0.0142202377319336 -0.268081665039063 -0.0614471435546875
0.0209255218505859 -0.00487709045410156 -0.140625 -0.329193115234375
0.0131349563598633 0.00827121734619141 0.212799072265625 -0.46905517578125
-0.0101432800292969 0.0416793823242188 0.6778564453125 -0.2708740234375
-0.0219593048095703 0.0268001556396484 0.749755859375 0.46722412109375
-0.0107421875 -0.0513648986816406 0.1298828125 0.9935302734375
0.0247268676757813 -0.00261306762695313 -0.47705078125 0.65521240234375
0.0627021789550781 0.0264511108398437 0.0602569580078125 0.0641555786132813
0.0561752319335938 -0.0295753479003906 0.65545654296875 -0.62408447265625
0.016693115234375 -0.0450057983398438 -0.02716064453125 -1.07421875
-0.0255718231201172 -0.000265121459960941 -0.7984619140625 -0.42193603515625
-0.0251350402832031 0.0436630249023438 -0.58251953125 0.3267822265625
0.00036811828613281 0.0252780914306641 -0.1419677734375 0.481292724609375
0.0110139846801758 -0.00405693054199219 0.175567626953125 0.275894165039063
-0.000274658203124998 0.0177459716796875 0.247650146484375 -0.0078125
0.00222969055175781 0.0146455764770508 -0.259185791015625 -0.0537261962890625
0.0215721130371094 -0.00339889526367188 -0.129486083984375 -0.324005126953125
0.0140962600708008 0.0127840042114258 0.2230224609375 -0.4622802734375
-0.0146331787109375 0.0405921936035156 0.68304443359375 -0.2530517578125
-0.0232410430908203 0.0208606719970703 0.741943359375 0.48614501953125
-0.0108871459960937 -0.0590057373046875 0.11065673828125 1.0013427734375
0.0264968872070313 -0.00342750549316406 -0.49273681640625 0.6517333984375
0.0618972778320312 0.0268020629882812 0.0590057373046875 0.0575332641601563
0.0581169128417969 -0.03125 0.63739013671875 -0.62713623046875
0.0154266357421875 -0.0494117736816406 -0.0520019531249999 -1.06781005859375
-0.0296249389648438 -0.00348281860351563 -0.80615234375 -0.4022216796875
-0.02838134765625 0.0419273376464844 -0.5748291015625 0.34161376953125
4.00543212890623E-05 0.0260238647460938 -0.1324462890625 0.488128662109375
0.0114994049072266 0.00138568878173828 0.182327270507813 0.279464721679688
0.00433158874511719 0.0198078155517578 0.253372192382813 -0.0029449462890625
0.000824928283691406 0.0144510269165039 -0.25537109375 -0.0465240478515625
0.0239200592041016 -0.00235366821289063 -0.121490478515625 -0.31781005859375
0.0148725509643555 0.0132808685302734 0.233917236328125 -0.451263427734375
-0.0126266479492188 0.0402030944824219 0.688232421875 -0.23944091796875
-0.0244503021240234 0.0186138153076172 0.7337646484375 0.50482177734375
-0.00958633422851563 -0.0599288940429688 0.0881347656250001 1.0113525390625
0.02618408203125 -0.00550460815429688 -0.50714111328125 0.64776611328125
0.0613021850585938 0.024993896484375 0.0558700561523438 0.0564117431640625
0.0556182861328125 -0.0351181030273438 0.62591552734375 -0.63018798828125
0.0134010314941406 -0.0526618957519531 -0.0671386718750001 -1.05712890625
-0.0309867858886719 -0.00497055053710938 -0.809326171875 -0.3812255859375
-0.0278129577636719 0.0422019958496094 -0.56549072265625 0.35748291015625
0.00149345397949219 0.0253620147705078 -0.119781494140625 0.493011474609375
0.011113166809082 -3.62396240234375E-05 0.192367553710938 0.281005859375
0.00271797180175781 0.0196170806884766 0.257369995117188 0.000228881835937501
0.00366687774658203 0.0130519866943359 -0.2454833984375 -0.0406036376953125
0.0221195220947266 -0.00693511962890625 -0.109588623046875 -0.312744140625
0.0165205001831055 0.0107746124267578 0.243743896484375 -0.44390869140625
-0.00861740112304687 0.0403175354003906 0.69708251953125 -0.2225341796875
-0.025054931640625 0.0160312652587891 0.72930908203125 0.52606201171875
-0.00849533081054687 -0.0600852966308594 0.0723266601562501 1.02349853515625
0.0228977203369141 -0.00679206848144531 -0.5167236328125 0.64642333984375
0.0593185424804688 0.0239143371582031 0.0551033020019531 0.0526809692382813
0.0529518127441406 -0.0382156372070313 0.61224365234375 -0.639404296875
0.0132102966308594 -0.0507354736328125 -0.09173583984375 -1.04931640625
-0.0267486572265625 -0.00227165222167969 -0.81658935546875 -0.36083984375
-0.0203361511230469 0.0419273376464844 -0.55816650390625 0.3717041015625
0.00498771667480469 0.0231170654296875 -0.11590576171875 0.500396728515625
0.0112056732177734 -0.00298595428466797 0.196563720703125 0.28741455078125
0.00151634216308594 0.0181369781494141 0.258697509765625 0.004730224609375
-0.00031757354736328 0.0134010314941406 -0.241180419921875 -0.038330078125
0.0247344970703125 -0.0109691619873047 -0.10369873046875 -0.30963134765625
0.0203170776367188 0.00521469116210938 0.251190185546875 -0.439208984375
5.72204589843753E-05 0.0389442443847656 0.69940185546875 -0.20947265625
-0.0174121856689453 0.022247314453125 0.72601318359375 0.54046630859375
-0.00726699829101563 -0.0575790405273437 0.0600585937500001 1.03009033203125
0.0194473266601563 -0.0081787109375 -0.5267333984375 0.64532470703125
0.05908203125 0.0190200805664063 0.0543174743652344 0.051025390625
0.047210693359375 -0.03985595703125 0.6038818359375 -0.642578125
0.0104103088378906 -0.0469169616699219 -0.10614013671875 -1.0447998046875
-0.0219593048095703 0.00235939025878907 -0.819091796875 -0.34356689453125
-0.0122261047363281 0.0396804809570313 -0.552459716796875 0.382171630859375
0.0111427307128906 0.0191612243652344 -0.10943603515625 0.507049560546875
0.012786865234375 -0.0067138671875 0.20159912109375 0.285491943359375
-0.00110816955566406 0.017542839050293 0.262191772460938 0.0079345703125
-0.00440025329589844 0.00992870330810547 -0.2359619140625 -0.036468505859375
0.023895263671875 -0.0165863037109375 -0.100372314453125 -0.308380126953125
0.0255279541015625 -0.00048065185546875 0.254608154296875 -0.436126708984375
0.00853729248046875 0.0376968383789063 0.703125 -0.200439453125
-0.00948143005371094 0.0284595489501953 0.72265625 0.5501708984375
-0.0101470947265625 -0.0533180236816406 0.052734375 1.03411865234375
0.014923095703125 -0.00990009307861328 -0.5289306640625 0.64678955078125
0.0566978454589844 0.0154495239257813 0.0543785095214844 0.0513801574707031
0.0436859130859375 -0.0402030944824219 0.59820556640625 -0.646240234375
0.0112113952636719 -0.0394935607910156 -0.11260986328125 -1.03839111328125
-0.01214599609375 0.00722599029541015 -0.82049560546875 -0.3341064453125
-0.00436019897460937 0.0388069152832031 -0.550750732421875 0.388916015625
0.0167989730834961 0.0130672454833984 -0.1094970703125 0.509979248046875
0.0135679244995117 -0.0131826400756836 0.20074462890625 0.28594970703125
-0.00411891937255859 0.0169124603271484 0.26141357421875 0.0100555419921875
-0.00887680053710938 0.00710582733154297 -0.240142822265625 -0.0373077392578125
0.0277614593505859 -0.0244808197021484 -0.10321044921875 -0.30999755859375
0.0331096649169922 -0.00557899475097656 0.248748779296875 -0.435791015625
0.0200347900390625 0.0393562316894531 0.7012939453125 -0.2022705078125
-0.00263214111328125 0.0361976623535156 0.72369384765625 0.55126953125
-0.00995635986328125 -0.0488243103027344 0.055908203125 1.03912353515625
0.0119705200195313 -0.00979042053222656 -0.52508544921875 0.6494140625
0.0531158447265625 0.0120201110839844 0.0566825866699219 0.0563545227050781
0.040435791015625 -0.0410614013671875 0.599365234375 -0.64520263671875
0.0107784271240234 -0.0347785949707031 -0.10986328125 -1.03826904296875
-0.00616741180419922 0.0160751342773437 -0.82171630859375 -0.33111572265625
0.00841140747070312 0.0371742248535156 -0.54974365234375 0.389007568359375
0.0216598510742188 0.00583839416503906 -0.111724853515625 0.508331298828125
0.0143413543701172 -0.0215549468994141 0.198089599609375 0.285614013671875
-0.00804328918457031 0.0178337097167969 0.261764526367188 0.0116424560546875
-0.0146780014038086 0.00526142120361328 -0.241683959960938 -0.0415802001953125
0.0285568237304688 -0.0283756256103516 -0.10833740234375 -0.312530517578125
0.0383415222167969 -0.0145950317382813 0.24359130859375 -0.440032958984375
0.0300407409667969 0.0390586853027344 0.69921875 -0.20977783203125
0.00685501098632812 0.0432586669921875 0.7276611328125 0.543701171875
-0.00967788696289062 -0.0408134460449219 0.06878662109375 1.03692626953125
0.00844860076904297 -0.0103254318237305 -0.51861572265625 0.6531982421875
0.0514717102050781 0.00724029541015625 0.0586624145507813 0.0569496154785156
0.0381317138671875 -0.040374755859375 0.6060791015625 -0.63824462890625
0.0112991333007813 -0.02752685546875 -0.10076904296875 -1.03985595703125
0.00178146362304688 0.0218505859375 -0.81915283203125 -0.3397216796875
0.018829345703125 0.0377464294433594 -0.555389404296875 0.382354736328125
0.0266647338867188 0.000307083129882813 -0.118896484375 0.504730224609375
0.0160655975341797 -0.0292453765869141 0.192535400390625 0.2852783203125
-0.0129289627075195 0.0152511596679687 0.2613525390625 0.010009765625
0.00180149078369141 0.0146884918212891 -0.26824951171875 -0.0567626953125
0.0214290618896484 -0.00744056701660156 -0.144073486328125 -0.32598876953125
0.0136919021606445 0.00800037384033203 0.20648193359375 -0.472991943359375
-0.00902938842773438 0.0407218933105469 0.67413330078125 -0.279052734375
-0.0212554931640625 0.0253868103027344 0.754150390625 0.459716796875
-0.0122756958007813 -0.0513572692871094 0.13812255859375 0.99053955078125
0.025177001953125 -0.00286293029785156 -0.47119140625 0.65960693359375
0.0628204345703125 0.0265769958496094 0.0610008239746094 0.0623130798339844
0.0568046569824219 -0.0305747985839844 0.648193359375 -0.625732421875
0.0165748596191406 -0.0443878173828125 -0.0363159179687499 -1.06927490234375
-0.0268001556396484 0.00240516662597656 -0.80145263671875 -0.41357421875
-0.0225601196289062 0.0425872802734375 -0.57830810546875 0.33038330078125
0.00133705139160156 0.0246067047119141 -0.137542724609375 0.481903076171875
0.0114603042602539 -0.00217342376708984 0.176055908203125 0.273681640625
0.00202560424804687 0.0192050933837891 0.24713134765625 -0.0108642578125
0.00345516204833984 0.0147800445556641 -0.260955810546875 -0.0502319335937499
0.0219497680664063 -0.00422286987304688 -0.133941650390625 -0.3211669921875
0.0117397308349609 0.0113029479980469 0.21612548828125 -0.46484375
-0.0135040283203125 0.0412063598632813 0.6802978515625 -0.26318359375
-0.0254325866699219 0.0219402313232422 0.74627685546875 0.47637939453125
-0.00983810424804688 -0.0561866760253906 0.11883544921875 0.99774169921875
0.0279312133789062 -0.00480079650878906 -0.48675537109375 0.65576171875
0.0628089904785156 0.0284271240234375 0.059417724609375 0.0590972900390625
0.0560684204101563 -0.0338935852050781 0.63226318359375 -0.630615234375
0.0145034790039062 -0.0510673522949219 -0.05682373046875 -1.0616455078125
-0.0306205749511719 -0.00360298156738281 -0.80828857421875 -0.392822265625
-0.0262298583984375 0.0447044372558594 -0.56964111328125 0.34368896484375
0.00153350830078125 0.023895263671875 -0.126190185546875 0.4862060546875
0.0101690292358398 -0.00064849853515625 0.186203002929688 0.277511596679688
0.00495719909667968 0.0189476013183594 0.252166748046875 -0.0053863525390625
0.00514984130859375 0.0134067535400391 -0.254226684570313 -0.043914794921875
0.0202808380126953 -0.00576210021972656 -0.1240234375 -0.31719970703125
0.0121440887451172 0.0111455917358398 0.228546142578125 -0.454620361328125
-0.0127105712890625 0.0406990051269531 0.68560791015625 -0.24420166015625
-0.0237331390380859 0.0184364318847656 0.73590087890625 0.49530029296875
-0.0106925964355469 -0.0625 0.095458984375 1.00390625
0.0267238616943359 -0.00380897521972656 -0.50030517578125 0.64947509765625
0.0612716674804688 0.0264778137207031 0.0561180114746094 0.0535049438476563
0.0527114868164062 -0.0343856811523438 0.61798095703125 -0.634033203125
0.0127983093261719 -0.0513381958007813 -0.0765380859375 -1.05377197265625
-0.0304222106933594 -0.00527763366699219 -0.80926513671875 -0.3734130859375
-0.0264091491699219 0.0448417663574219 -0.55810546875 0.359954833984375
0.00163650512695312 0.0247840881347656 -0.116851806640625 0.49468994140625
0.00930881500244141 0.000688552856445313 0.195632934570313 0.279953002929688
0.00329017639160156 0.0194168090820313 0.256866455078125 -0.000946044921874999
0.00448989868164063 0.0160179138183594 -0.247024536132813 -0.0401916503906251
0.0220394134521484 -0.00507354736328125 -0.1146240234375 -0.313568115234375
0.0151996612548828 0.00900840759277344 0.23980712890625 -0.446990966796875
-0.0079803466796875 0.0388145446777344 0.6923828125 -0.22930908203125
-0.0206222534179688 0.0198154449462891 0.7340087890625 0.515625
-0.00860977172851563 -0.0613059997558594 0.0812377929687499 1.01629638671875
0.0249195098876953 -0.00716400146484375 -0.5118408203125 0.64849853515625
0.062103271484375 0.0241165161132813 0.0558052062988281 0.0522956848144531
0.0517501831054688 -0.0362472534179688 0.60430908203125 -0.64556884765625
0.0126724243164063 -0.049591064453125 -0.0974121093749999 -1.04730224609375
-0.0275421142578125 -0.00215339660644531 -0.8175048828125 -0.353271484375
-0.0207290649414062 0.0409393310546875 -0.55340576171875 0.37353515625
0.00540542602539063 0.0245380401611328 -0.1092529296875 0.502105712890625
0.0101633071899414 -0.00419235229492187 0.200164794921875 0.284454345703125
0.00371551513671875 0.018646240234375 0.2593994140625 0.003814697265625
0.00243663787841797 0.0124835968017578 -0.243667602539062 -0.0365447998046875
0.02374267578125 -0.0127620697021484 -0.1082763671875 -0.309600830078125
0.0217456817626953 0.00579452514648437 0.24468994140625 -0.44183349609375
3.43322753906228E-05 0.0397071838378906 0.69830322265625 -0.21673583984375
-0.0157852172851562 0.0215282440185547 0.72821044921875 0.53021240234375
-0.00902557373046874 -0.0570564270019531 0.0667114257812499 1.0247802734375
0.0204334259033203 -0.00799942016601563 -0.51885986328125 0.64776611328125
0.0567245483398438 0.0217247009277344 0.055328369140625 0.0518760681152344
0.0483322143554687 -0.0382766723632813 0.5948486328125 -0.64605712890625
0.00923538208007813 -0.047271728515625 -0.11260986328125 -1.04071044921875
-0.0213661193847656 0.00224876403808594 -0.81854248046875 -0.334228515625
-0.0108985900878906 0.0395927429199219 -0.547332763671875 0.386016845703125
0.0111293792724609 0.0176620483398438 -0.104278564453125 0.50604248046875
0.010350227355957 -0.00728607177734375 0.205841064453125 0.28564453125
0.00223541259765625 0.019073486328125 0.262985229492188 0.0070037841796875
-0.00385761260986328 0.0116786956787109 -0.23895263671875 -0.03497314453125
0.0260505676269531 -0.0193214416503906 -0.105865478515625 -0.307861328125
0.0287876129150391 -0.000598907470703125 0.24920654296875 -0.438018798828125
0.01080322265625 0.0389366149902344 0.69866943359375 -0.20697021484375
-0.00967597961425781 0.0274524688720703 0.7230224609375 0.5401611328125
-0.0111160278320312 -0.0550193786621094 0.0636596679687501 1.03131103515625
0.0148372650146484 -0.00879764556884766 -0.52081298828125 0.64886474609375
0.0557403564453125 0.0144615173339844 0.0548248291015625 0.0508155822753906
0.0424461364746094 -0.0393028259277344 0.59002685546875 -0.6480712890625
0.00917434692382813 -0.0401344299316406 -0.1197509765625 -1.034912109375
-0.0141668319702148 0.00722789764404297 -0.822509765625 -0.326904296875
-0.000873565673828129 0.0370216369628906 -0.54345703125 0.39373779296875
0.0158367156982422 0.0151863098144531 -0.10333251953125 0.509765625
0.0132770538330078 -0.0145845413208008 0.205169677734375 0.284759521484375
-0.00301170349121094 0.01812744140625 0.2633056640625 0.0076904296875
-0.00787734985351563 0.0089864730834961 -0.239959716796875 -0.0363616943359375
0.0278892517089844 -0.0246677398681641 -0.107635498046875 -0.308441162109375
0.0333633422851563 -0.00830841064453125 0.245849609375 -0.43585205078125
0.0210151672363281 0.0378913879394531 0.69854736328125 -0.20733642578125
-0.00199127197265625 0.0350418090820313 0.72613525390625 0.54046630859375
-0.01025390625 -0.0460395812988281 0.0654296874999999 1.03497314453125
0.0121736526489258 -0.0124902725219727 -0.51947021484375 0.65142822265625
0.0538749694824219 0.0112495422363281 0.0546607971191406 0.0541954040527344
0.0402412414550781 -0.0417518615722656 0.59307861328125 -0.64678955078125
0.00791549682617187 -0.0371513366699219 -0.11865234375 -1.032470703125
-0.00522327423095703 0.0159339904785156 -0.822265625 -0.3258056640625
0.00822067260742187 0.0351390838623047 -0.546234130859375 0.39373779296875
0.0215873718261719 0.0064544677734375 -0.107879638671875 0.507232666015625
0.0153827667236328 -0.0226287841796875 0.20062255859375 0.28485107421875
-0.00638771057128906 0.0174808502197266 0.263442993164063 0.00885009765625
-0.0162544250488281 0.00686359405517578 -0.242950439453125 -0.0381011962890625
0.0299224853515625 -0.0312843322753906 -0.1119384765625 -0.312652587890625
0.0379371643066406 -0.0148162841796875 0.238677978515625 -0.442108154296875
0.03021240234375 0.0396728515625 0.69573974609375 -0.21722412109375
0.00620651245117188 0.0413017272949219 0.7353515625 0.5335693359375
-0.00913619995117188 -0.0397911071777344 0.0760498046875 1.03118896484375
0.00802040100097656 -0.010624885559082 -0.5096435546875 0.65692138671875
0.0521659851074219 0.00743484497070312 0.0566368103027344 0.0566329956054688
0.0368919372558594 -0.0404014587402344 0.59844970703125 -0.64178466796875
0.00976943969726563 -0.0271930694580078 -0.10821533203125 -1.03985595703125
0.00276374816894531 0.0234756469726563 -0.82110595703125 -0.3314208984375
0.0188407897949219 0.0352325439453125 -0.5498046875 0.38739013671875
0.0265789031982422 0.00162315368652344 -0.116058349609375 0.506011962890625
0.0155544281005859 -0.0289402008056641 0.195892333984375 0.2825927734375
-0.0114240646362305 0.0146675109863281 0.260345458984375 0.0089263916015625
0.00272655487060547 0.0157699584960938 -0.26806640625 -0.0551147460937499
0.0210838317871094 -0.00776100158691406 -0.14599609375 -0.325775146484375
0.0131006240844727 0.00791072845458984 0.20196533203125 -0.4761962890625
-0.00839614868164063 0.041015625 0.6676025390625 -0.2861328125
-0.0194244384765625 0.0238037109375 0.751220703125 0.44732666015625
-0.0112190246582031 -0.0514411926269531 0.1451416015625 0.98272705078125
0.0262508392333984 -0.0012359619140625 -0.46392822265625 0.66192626953125
0.0644416809082031 0.0291175842285156 0.0622825622558594 0.0623245239257813
0.0569915771484375 -0.0306282043457031 0.64080810546875 -0.62579345703125
0.0159263610839844 -0.046417236328125 -0.04229736328125 -1.06494140625
-0.0266666412353516 -0.00208854675292968 -0.80291748046875 -0.40521240234375
-0.0226554870605469 0.0438270568847656 -0.57415771484375 0.3336181640625
0.00275993347167969 0.0227241516113281 -0.1326904296875 0.480194091796875
0.0104351043701172 -0.00309371948242187 0.180404663085937 0.271041870117188
0.0040283203125 0.019622802734375 0.248016357421875 -0.0134735107421875
0.00578117370605469 0.0140247344970703 -0.26129150390625 -0.0476379394531249
0.0229225158691406 -0.0059661865234375 -0.137847900390625 -0.317626953125
0.0125141143798828 0.00992488861083984 0.21197509765625 -0.4671630859375
-0.0103874206542969 0.0409164428710938 0.6761474609375 -0.26910400390625
-0.0253314971923828 0.0195999145507813 0.74822998046875 0.4674072265625
-0.0104408264160156 -0.0578460693359375 0.12493896484375 0.99237060546875
0.0275840759277344 -0.00375556945800781 -0.4769287109375 0.6522216796875
0.0623283386230469 0.0284881591796875 0.0564231872558594 0.0591659545898438
0.0555610656738281 -0.03277587890625 0.6259765625 -0.63397216796875
0.0139617919921875 -0.0502510070800781 -0.0654296875000001 -1.05908203125
-0.0301513671875 -0.00321388244628906 -0.8065185546875 -0.38714599609375
-0.024810791015625 0.0409927368164063 -0.56494140625 0.34869384765625
0.00119972229003906 0.0250225067138672 -0.122650146484375 0.4874267578125
0.00903606414794922 0.000966072082519531 0.1884765625 0.27435302734375
0.004669189453125 0.0200004577636719 0.253494262695313 -0.009246826171875
0.00537490844726563 0.0160360336303711 -0.254257202148438 -0.0424041748046875
0.0213546752929688 -0.00551605224609375 -0.12896728515625 -0.314971923828125
0.0131502151489258 0.0129871368408203 0.22216796875 -0.4549560546875
-0.011566162109375 0.0402030944824219 0.68145751953125 -0.2528076171875
-0.0245189666748047 0.0176601409912109 0.740234375 0.4842529296875
-0.012542724609375 -0.0601119995117187 0.1064453125 0.999755859375
0.0271110534667969 -0.00575065612792969 -0.4931640625 0.65264892578125
0.0611228942871094 0.0270156860351562 0.054840087890625 0.05487060546875
0.0533409118652344 -0.0332412719726563 0.6136474609375 -0.63775634765625
0.0135841369628906 -0.0521926879882813 -0.0827026367187499 -1.049072265625
-0.0289821624755859 -0.00435256958007813 -0.80950927734375 -0.3651123046875
-0.0235519409179687 0.0409622192382813 -0.55401611328125 0.360687255859375
0.00325584411621094 0.0255165100097656 -0.115234375 0.492431640625
0.00917434692382813 -0.00310039520263672 0.195419311523438 0.276657104492188
0.00360488891601562 0.0186614990234375 0.25823974609375 -0.002593994140625
0.00429821014404297 0.014348030090332 -0.247848510742188 -0.038787841796875
0.0207366943359375 -0.00792312622070313 -0.11700439453125 -0.31170654296875
0.015812873840332 0.00898265838623047 0.233612060546875 -0.45098876953125
-0.00597763061523438 0.0384521484375 0.687744140625 -0.2373046875
-0.0196743011474609 0.0182743072509766 0.73565673828125 0.50750732421875
-0.0111503601074219 -0.0628814697265625 0.0907592773437501 1.0111083984375
0.0252399444580078 -0.00712966918945312 -0.5015869140625 0.647705078125
0.0615882873535156 0.0244483947753906 0.0537910461425781 0.0541114807128906
0.0493659973144531 -0.0364532470703125 0.599609375 -0.644287109375
0.0124740600585938 -0.0510597229003906 -0.10638427734375 -1.04193115234375
-0.0267181396484375 -0.00269889831542968 -0.8157958984375 -0.344482421875
-0.0189323425292969 0.0414009094238281 -0.54803466796875 0.3782958984375
0.00787353515625 0.0231666564941406 -0.10430908203125 0.501708984375
0.0119791030883789 -0.00499153137207031 0.2034912109375 0.2821044921875
0.0044708251953125 0.0185623168945313 0.260223388671875 -0.000122070312499999
0.00289630889892578 0.0144119262695312 -0.243011474609375 -0.033050537109375
0.0209770202636719 -0.0114402770996094 -0.111083984375 -0.30950927734375
0.0195884704589844 0.00395774841308594 0.24053955078125 -0.443878173828125
0.0010223388671875 0.038055419921875 0.69378662109375 -0.2235107421875
-0.0140018463134766 0.0200786590576172 0.728759765625 0.522216796875
-0.0108871459960937 -0.0610733032226562 0.0742187500000001 1.02001953125
0.0205554962158203 -0.008544921875 -0.51068115234375 0.6485595703125
0.0580558776855469 0.01971435546875 0.0536766052246094 0.0515670776367187
0.0457725524902344 -0.0392646789550781 0.59075927734375 -0.64996337890625
0.00906372070312499 -0.0473709106445313 -0.1197509765625 -1.03558349609375
-0.0213890075683594 0.00220680236816407 -0.82061767578125 -0.323974609375
-0.0117874145507812 0.0385475158691406 -0.5408935546875 0.3902587890625
0.0130672454833984 0.0192298889160156 -0.09698486328125 0.506072998046875
0.0117368698120117 -0.00922298431396484 0.207183837890625 0.2835693359375
0.00130271911621094 0.0190849304199219 0.264007568359375 0.002166748046875
-0.00353145599365234 0.0116548538208008 -0.239425659179688 -0.0333709716796875
0.0247421264648438 -0.0191154479980469 -0.10943603515625 -0.30560302734375
0.0265102386474609 -3.4332275390625E-05 0.24273681640625 -0.440460205078125
0.0112571716308594 0.0430717468261719 0.69500732421875 -0.21759033203125
-0.00840187072753906 0.0280323028564453 0.7283935546875 0.53125
-0.0100059509277344 -0.055267333984375 0.072509765625 1.02667236328125
0.0175504684448242 -0.00843906402587891 -0.51220703125 0.6500244140625
0.0570297241210937 0.0148239135742187 0.0541572570800781 0.0536842346191406
0.0445518493652344 -0.0392303466796875 0.586669921875 -0.65032958984375
0.00956344604492188 -0.0419654846191406 -0.1270751953125 -1.03277587890625
-0.0128555297851563 0.00781726837158203 -0.8218994140625 -0.318603515625
-0.00205230712890625 0.040283203125 -0.538818359375 0.39532470703125
0.0181369781494141 0.0115032196044922 -0.0982666015625 0.507476806640625
0.0120372772216797 -0.0125093460083008 0.2078857421875 0.2828369140625
-0.00130653381347656 0.017333984375 0.262649536132813 0.0070953369140625
-0.00706100463867187 0.010563850402832 -0.240951538085938 -0.032958984375
0.0267143249511719 -0.0263786315917969 -0.111236572265625 -0.306610107421875
0.0323486328125 -0.00724983215332031 0.237640380859375 -0.4384765625
0.0214195251464844 0.0366172790527344 0.6951904296875 -0.21502685546875
-0.000545501708984374 0.0324306488037109 0.73046875 0.52935791015625
-0.0118141174316406 -0.0483131408691406 0.0742797851562501 1.02593994140625
0.0119724273681641 -0.0104541778564453 -0.50909423828125 0.65264892578125
0.054595947265625 0.00968551635742188 0.0551719665527344 0.0547103881835938
0.0377883911132813 -0.0422821044921875 0.58856201171875 -0.64935302734375
0.0109710693359375 -0.0353889465332031 -0.1241455078125 -1.02850341796875
-0.00402927398681641 0.0133781433105469 -0.8194580078125 -0.31787109375
0.0120429992675781 0.0364303588867188 -0.539520263671875 0.395904541015625
0.02203369140625 0.00587844848632813 -0.101654052734375 0.507049560546875
0.0130767822265625 -0.0216388702392578 0.203857421875 0.28216552734375
-0.00720596313476563 0.0149469375610352 0.262405395507813 0.006011962890625
-0.0142097473144531 0.00732707977294922 -0.24444580078125 -0.0358428955078125
0.0265426635742188 -0.0303134918212891 -0.116973876953125 -0.311767578125
0.0389289855957031 -0.0158920288085938 0.2327880859375 -0.44537353515625
0.0319900512695312 0.039093017578125 0.6934814453125 -0.22314453125
0.00676727294921875 0.0423851013183594 0.73760986328125 0.52490234375
-0.0116081237792969 -0.0420608520507813 0.0855712890625001 1.02685546875
0.00819873809814453 -0.0100765228271484 -0.5045166015625 0.65582275390625
0.0495719909667969 0.00793838500976563 0.0568046569824219 0.0584564208984375
0.0359420776367188 -0.042755126953125 0.59405517578125 -0.6434326171875
0.0118618011474609 -0.029998779296875 -0.115234375 -1.03192138671875
0.00276374816894531 0.0227108001708984 -0.8214111328125 -0.32696533203125
0.0204811096191406 0.0354995727539062 -0.54522705078125 0.39080810546875
0.0286598205566406 0.000576019287109375 -0.109344482421875 0.504638671875
0.0164470672607422 -0.0293617248535156 0.19915771484375 0.28155517578125
-0.0112953186035156 0.0159616470336914 0.260894775390625 0.0067901611328125
0.00424575805664062 0.0143461227416992 -0.269149780273438 -0.0522918701171875
0.0204219818115234 -0.00892066955566406 -0.150543212890625 -0.322357177734375
0.0133543014526367 0.00701236724853516 0.19512939453125 -0.4752197265625
-0.00835800170898437 0.0424842834472656 0.6641845703125 -0.291748046875
-0.0202693939208984 0.0246772766113281 0.7552490234375 0.43914794921875
-0.0112724304199219 -0.0535621643066406 0.152099609375 0.97698974609375
0.0277366638183594 -0.00183296203613281 -0.458984375 0.65924072265625
0.0623855590820312 0.0271263122558594 0.0612411499023438 0.0617294311523437
0.0555458068847656 -0.0295257568359375 0.63641357421875 -0.626953125
0.013214111328125 -0.0476875305175781 -0.0469970703125 -1.0609130859375
-0.0279560089111328 -0.000366210937499997 -0.80126953125 -0.39752197265625
-0.0197334289550781 0.0424346923828125 -0.57000732421875 0.3367919921875
0.00337600708007813 0.0221500396728516 -0.13006591796875 0.4776611328125
0.00952816009521484 -0.00348663330078125 0.18115234375 0.269638061523438
0.00323867797851562 0.0189704895019531 0.248077392578125 -0.013824462890625
0.00456428527832031 0.0145320892333984 -0.261795043945313 -0.0463104248046875
0.021087646484375 -0.00714492797851562 -0.13916015625 -0.31768798828125
0.0109777450561523 0.00875282287597656 0.20770263671875 -0.466552734375
-0.0129051208496094 0.0394325256347656 0.6717529296875 -0.27398681640625
-0.0229110717773437 0.01861572265625 0.74737548828125 0.45428466796875
-0.0110397338867188 -0.0586280822753906 0.13397216796875 0.9852294921875
0.0286731719970703 -0.00365447998046875 -0.47052001953125 0.65447998046875
0.0633544921875 0.0284576416015625 0.0578231811523438 0.0590667724609375
0.0555419921875 -0.0323295593261719 0.6217041015625 -0.633056640625
0.0134315490722656 -0.0513992309570313 -0.0710449218749999 -1.05352783203125
-0.0305137634277344 -0.004913330078125 -0.80615234375 -0.37896728515625
-0.024658203125 0.0411872863769531 -0.560516357421875 0.35076904296875
0.000417709350585935 0.0243797302246094 -0.117218017578125 0.48370361328125
0.00883865356445313 -0.000692367553710938 0.191696166992188 0.274734497070313
0.00487899780273437 0.0190696716308594 0.253265380859375 -0.0098419189453125
0.00521278381347656 0.0177898406982422 -0.255844116210937 -0.0403594970703126
0.0209255218505859 -0.00576019287109375 -0.13153076171875 -0.312744140625
0.0117340087890625 0.011012077331543 0.21893310546875 -0.45849609375
-0.01068115234375 0.0395240783691406 0.6776123046875 -0.258544921875
-0.0223522186279297 0.0166473388671875 0.7418212890625 0.47796630859375
-0.0121231079101563 -0.0611305236816406 0.1083984375 0.993896484375
0.0277557373046875 -0.006591796875 -0.48504638671875 0.64947509765625
0.0617523193359375 0.027008056640625 0.0543937683105469 0.0559158325195313
0.0521697998046875 -0.0338249206542969 0.607177734375 -0.64044189453125
0.0110816955566406 -0.0527153015136719 -0.08660888671875 -1.04547119140625
-0.0291233062744141 -0.00626754760742188 -0.80902099609375 -0.35821533203125
-0.0225753784179688 0.0412101745605469 -0.551910400390625 0.363555908203125
0.00253486633300781 0.0243244171142578 -0.108551025390625 0.49273681640625
0.0119361877441406 -0.000558853149414063 0.200210571289063 0.275955200195313
0.00501060485839844 0.0195503234863281 0.258056640625 -0.004180908203125
0.006256103515625 0.0144100189208984 -0.24664306640625 -0.0372161865234375
0.0224685668945313 -0.00849151611328125 -0.12060546875 -0.3094482421875
0.0151042938232422 0.00787448883056641 0.229705810546875 -0.4515380859375
-0.00548934936523437 0.037567138671875 0.68609619140625 -0.24053955078125
-0.0215206146240234 0.0163650512695312 0.73809814453125 0.49713134765625
-0.0127449035644531 -0.0620498657226562 0.0954589843749999 1.005859375
0.0247039794921875 -0.00644302368164063 -0.49603271484375 0.6512451171875
0.0601882934570312 0.0229148864746094 0.0534629821777344 0.0526351928710937
0.0499382019042969 -0.0356559753417969 0.59375 -0.64715576171875
0.0105133056640625 -0.0519294738769531 -0.110595703125 -1.03912353515625
-0.0263099670410156 -0.00273704528808594 -0.81634521484375 -0.33856201171875
-0.0177688598632813 0.0398406982421875 -0.54339599609375 0.380462646484375
0.00493812561035156 0.0225811004638672 -0.1015625 0.500457763671875
0.00994014739990235 -0.00379753112792969 0.205535888671875 0.280044555664063
0.00469207763671875 0.0193462371826172 0.261550903320313 -0.000518798828124999
0.00362968444824219 0.0142707824707031 -0.242843627929688 -0.03204345703125
0.0234336853027344 -0.0135345458984375 -0.11517333984375 -0.30499267578125
0.0200424194335938 0.00538825988769531 0.236083984375 -0.4451904296875
0.00173187255859375 0.0381660461425781 0.68890380859375 -0.22930908203125
-0.014892578125 0.0210723876953125 0.73077392578125 0.51220703125
-0.01239013671875 -0.0598678588867188 0.0811767578125 1.01531982421875
0.02105712890625 -0.00651359558105469 -0.50555419921875 0.64910888671875
0.057891845703125 0.0210189819335937 0.0534248352050781 0.0511741638183594
0.0460624694824219 -0.03851318359375 0.584228515625 -0.64898681640625
0.0075531005859375 -0.0471878051757813 -0.12652587890625 -1.03167724609375
-0.0198040008544922 -0.00164222717285156 -0.8203125 -0.3199462890625
-0.0086517333984375 0.0398330688476563 -0.53668212890625 0.38970947265625
0.0109024047851562 0.0194015502929688 -0.09490966796875 0.5023193359375
0.0116138458251953 -0.0090484619140625 0.209075927734375 0.279815673828125
0.00383663177490234 0.016758918762207 0.263946533203125 0.00262451171875
0.000254631042480469 0.0124111175537109 -0.240386962890625 -0.03131103515625
0.023651123046875 -0.0186100006103516 -0.111602783203125 -0.305511474609375
0.0271492004394531 -5.14984130859375E-05 0.240142822265625 -0.439910888671875
0.0135726928710938 0.0384178161621094 0.69219970703125 -0.22381591796875
-0.00687408447265625 0.0248374938964844 0.73065185546875 0.52178955078125
-0.0104866027832031 -0.0568428039550781 0.0763549804687501 1.022216796875
0.0165519714355469 -0.00903892517089844 -0.50897216796875 0.64923095703125
0.0532493591308594 0.0162010192871094 0.0522918701171875 0.0519447326660156
0.042022705078125 -0.0390777587890625 0.58197021484375 -0.6519775390625
0.00868606567382812 -0.0430335998535156 -0.13134765625 -1.02886962890625
-0.0128278732299805 0.00673103332519531 -0.8203125 -0.31158447265625
0.00145721435546875 0.0361213684082031 -0.533233642578125 0.39642333984375
0.0175533294677734 0.0125818252563477 -0.095428466796875 0.50665283203125
0.0134506225585938 -0.0156974792480469 0.209335327148438 0.280014038085938
-0.000123977661132812 0.0177116394042969 0.264572143554687 0.005096435546875
-0.00656795501708984 0.0113210678100586 -0.242050170898438 -0.0297393798828125
0.0252609252929687 -0.0256519317626953 -0.112396240234375 -0.304443359375
0.033447265625 -0.00703811645507813 0.236480712890625 -0.44219970703125
0.0233612060546875 0.0369987487792969 0.69091796875 -0.2222900390625
0.000814437866210934 0.0327472686767578 0.731689453125 0.5206298828125
-0.0119056701660156 -0.0506439208984375 0.0781250000000001 1.02166748046875
0.0147953033447266 -0.0102901458740234 -0.50531005859375 0.6510009765625
0.0527000427246094 0.0103378295898437 0.054962158203125 0.055328369140625
0.0377235412597656 -0.0395317077636719 0.58233642578125 -0.65045166015625
0.00777053833007812 -0.0367012023925781 -0.1309814453125 -1.0257568359375
-0.00514888763427734 0.0134067535400391 -0.82098388671875 -0.31103515625
0.0110244750976563 0.0359077453613281 -0.53546142578125 0.395233154296875
0.0225067138671875 0.0051422119140625 -0.09814453125 0.50579833984375
0.0155506134033203 -0.0229530334472656 0.206100463867187 0.28094482421875
-0.00496101379394532 0.0167722702026367 0.263824462890625 0.00531005859375
-0.0116395950317383 0.00882625579833984 -0.2451171875 -0.0350799560546875
0.0258255004882813 -0.0324382781982422 -0.118896484375 -0.3101806640625
0.0366630554199219 -0.0160484313964844 0.228424072265625 -0.444061279296875
0.0324745178222656 0.0382041931152344 0.6873779296875 -0.22998046875
0.0081787109375 0.0389595031738281 0.7376708984375 0.5147705078125
-0.0112113952636719 -0.0415802001953125 0.090087890625 1.01995849609375
0.00921440124511719 -0.0111541748046875 -0.4974365234375 0.6544189453125
0.0517463684082031 0.0082244873046875 0.0562705993652344 0.0553855895996094
0.0344505310058594 -0.0409469604492187 0.587890625 -0.64630126953125
0.0102157592773438 -0.0283260345458984 -0.11962890625 -1.02838134765625
0.00275993347167969 0.0211944580078125 -0.819580078125 -0.31744384765625
0.0191440582275391 0.0339412689208984 -0.54266357421875 0.393402099609375
0.0291786193847656 0.0002288818359375 -0.104217529296875 0.50518798828125
0.0151805877685547 -0.0308475494384766 0.201080322265625 0.27911376953125
-0.00952816009521485 0.0159692764282227 0.263580322265625 0.0047760009765625
0.00380802154541016 0.0147151947021484 -0.269287109375 -0.04974365234375
0.0205917358398438 -0.00951576232910156 -0.153045654296875 -0.31927490234375
0.0123081207275391 0.00572395324707031 0.191162109375 -0.4769287109375
-0.00693130493164063 0.041046142578125 0.65875244140625 -0.297607421875
-0.0184726715087891 0.0227718353271484 0.7564697265625 0.43182373046875
-0.0131301879882812 -0.0547981262207031 0.156494140625 0.97247314453125
0.0286922454833984 -0.00335121154785156 -0.4532470703125 0.658447265625
0.0624542236328125 0.029022216796875 0.0600738525390625 0.0615730285644531
0.0528411865234375 -0.0294380187988281 0.6312255859375 -0.627685546875
0.0143356323242188 -0.0466842651367187 -0.0534667968749999 -1.05963134765625
-0.0270652770996094 -0.00135612487792969 -0.79962158203125 -0.39031982421875
-0.0195388793945312 0.0425605773925781 -0.5675048828125 0.33929443359375
0.00213050842285156 0.0224227905273437 -0.1268310546875 0.477142333984375
0.0110492706298828 -0.00485324859619141 0.183456420898438 0.268020629882813
0.00518417358398437 0.0188674926757812 0.248809814453125 -0.014556884765625
0.00666332244873047 0.01434326171875 -0.2640380859375 -0.04498291015625
0.0207023620605469 -0.00740623474121094 -0.142578125 -0.31768798828125
0.011199951171875 0.00956630706787109 0.202850341796875 -0.46881103515625
-0.01104736328125 0.0404701232910156 0.66802978515625 -0.27960205078125
-0.0220317840576172 0.0178203582763672 0.74957275390625 0.447998046875
-0.0139808654785156 -0.0600814819335937 0.137451171875 0.9813232421875
0.0282688140869141 -0.00280380249023438 -0.4666748046875 0.654052734375
0.0645675659179688 0.0291175842285156 0.0562782287597656 0.0589981079101563
0.0551986694335938 -0.032440185546875 0.6171875 -0.6343994140625
0.0125732421875 -0.0506172180175781 -0.07501220703125 -1.0523681640625
-0.0305271148681641 -0.00551223754882813 -0.8067626953125 -0.3743896484375
-0.0236434936523438 0.0403060913085937 -0.5574951171875 0.35162353515625
0.000684738159179688 0.0244636535644531 -0.11474609375 0.48382568359375
0.00883960723876953 -0.00040435791015625 0.193435668945313 0.27154541015625
0.00716590881347656 0.0204181671142578 0.254364013671875 -0.010528564453125
0.00725936889648438 0.015533447265625 -0.257232666015625 -0.0378570556640625
0.0185413360595703 -0.00534439086914063 -0.135528564453125 -0.31060791015625
0.0118141174316406 0.00794315338134766 0.217132568359375 -0.4591064453125
-0.0107460021972656 0.0377998352050781 0.6756591796875 -0.26422119140625
-0.0224571228027344 0.0164699554443359 0.742431640625 0.46826171875
-0.0115470886230469 -0.0621070861816406 0.1162109375 0.99005126953125
0.0287055969238281 -0.0048065185546875 -0.48095703125 0.65277099609375
0.0600395202636719 0.025848388671875 0.0537757873535156 0.0536460876464844
0.0510368347167969 -0.0342597961425781 0.6031494140625 -0.63751220703125
0.0126113891601563 -0.0542411804199219 -0.0910034179687499 -1.04254150390625
-0.0299034118652344 -0.00760078430175782 -0.8087158203125 -0.352294921875
-0.0240097045898437 0.0427436828613281 -0.546722412109375 0.36590576171875
0.00284385681152344 0.0241260528564453 -0.103790283203125 0.490386962890625
0.0123500823974609 -0.000758171081542969 0.201461791992188 0.274368286132813
0.00772285461425782 0.0198001861572266 0.259231567382813 -0.006439208984375
0.00743293762207031 0.0143337249755859 -0.248931884765625 -0.0351409912109375
0.0190715789794922 -0.00847625732421875 -0.123504638671875 -0.306976318359375
0.016514778137207 0.00818920135498047 0.225189208984375 -0.4527587890625
-0.00593185424804688 0.0383148193359375 0.6820068359375 -0.2489013671875
-0.0202083587646484 0.0164928436279297 0.73614501953125 0.489501953125
-0.0120391845703125 -0.0645408630371094 0.0995483398437501 1.002197265625
0.0269966125488281 -0.00660324096679687 -0.49139404296875 0.64752197265625
0.060394287109375 0.024017333984375 0.0549774169921875 0.0533370971679688
0.0493621826171875 -0.0372047424316406 0.58758544921875 -0.64697265625
0.0114898681640625 -0.0535926818847656 -0.115478515625 -1.03717041015625
-0.0279064178466797 -0.00340652465820313 -0.81451416015625 -0.32958984375
-0.0159759521484375 0.0395317077636719 -0.540618896484375 0.381256103515625
0.00716209411621094 0.0222740173339844 -0.09814453125 0.49810791015625
0.00904178619384766 -0.00420188903808594 0.206893920898437 0.27862548828125
0.00671005249023438 0.0180625915527344 0.261825561523438 -0.000946044921874999
0.00448799133300781 0.0120573043823242 -0.243881225585938 -0.0322418212890625
0.0205650329589844 -0.0135250091552734 -0.118408203125 -0.304779052734375
0.0184478759765625 0.00421714782714844 0.231048583984375 -0.448089599609375
0.00191116333007812 0.0364112854003906 0.6865234375 -0.234130859375
-0.0138969421386719 0.0197410583496094 0.73260498046875 0.5040283203125
-0.012969970703125 -0.0611610412597656 0.08831787109375 1.010009765625
0.0231685638427734 -0.00827217102050781 -0.5 0.6488037109375
0.0582351684570312 0.0203361511230469 0.0528297424316406 0.05279541015625
0.0464401245117188 -0.0372314453125 0.57830810546875 -0.6500244140625
0.00803375244140625 -0.0471420288085937 -0.12921142578125 -1.02642822265625
-0.0205631256103516 -0.000614166259765627 -0.82037353515625 -0.31268310546875
-0.00770950317382813 0.0391921997070313 -0.532012939453125 0.392303466796875
0.010406494140625 0.0184841156005859 -0.090362548828125 0.50384521484375
0.0109987258911133 -0.00858116149902344 0.212112426757813 0.27935791015625
0.00457763671875 0.0179729461669922 0.264846801757813 0.001739501953125
-0.000840187072753905 0.0134096145629883 -0.241287231445313 -0.0300292968750001
0.0227851867675781 -0.0190925598144531 -0.114532470703125 -0.303955078125
0.0272312164306641 -0.00122261047363281 0.2342529296875 -0.44366455078125
0.0137214660644531 0.0375747680664062 0.68829345703125 -0.2261962890625
-0.00734329223632813 0.0245246887207031 0.732177734375 0.51275634765625
-0.0127334594726563 -0.0576286315917969 0.0806884765624999 1.01605224609375
0.01788330078125 -0.00893592834472656 -0.50238037109375 0.6475830078125
0.0574913024902344 0.0156059265136719 0.0538406372070313 0.0536727905273437
0.0404586791992188 -0.0399932861328125 0.57672119140625 -0.6512451171875
0.00809860229492188 -0.0436363220214844 -0.134521484375 -1.023681640625
-0.0117454528808594 0.00592708587646485 -0.81829833984375 -0.30694580078125
0.000709533691406247 0.0364418029785156 -0.5311279296875 0.39892578125
0.0166225433349609 0.0109682083129883 -0.0902709960937501 0.506134033203125
0.0111598968505859 -0.0158662796020508 0.210906982421875 0.279037475585938
0.00128555297851563 0.0191631317138672 0.266143798828125 0.00177001953125
-0.00573444366455078 0.00955390930175781 -0.24163818359375 -0.0295257568359375
0.0233173370361328 -0.0266761779785156 -0.115875244140625 -0.304534912109375
0.0325393676757812 -0.009033203125 0.23236083984375 -0.44195556640625
0.0239295959472656 0.0360794067382813 0.6895751953125 -0.2274169921875
0.000257492065429684 0.0331764221191406 0.731201171875 0.51141357421875
-0.0111503601074219 -0.0524749755859375 0.0827026367187499 1.01776123046875
0.0138654708862305 -0.00917339324951172 -0.49957275390625 0.65216064453125
0.0550117492675781 0.0124702453613281 0.0554656982421875 0.0550003051757813
0.0352897644042969 -0.0405120849609375 0.578125 -0.64849853515625
0.00828170776367187 -0.0356216430664063 -0.13232421875 -1.021728515625
-0.0042877197265625 0.0142421722412109 -0.8194580078125 -0.30474853515625
0.0129356384277344 0.0346336364746094 -0.5328369140625 0.401641845703125
0.0209674835205078 0.00458335876464844 -0.0946960449218749 0.505645751953125
0.0130386352539063 -0.0234508514404297 0.209732055664062 0.279266357421875
-0.00478172302246094 0.0167093276977539 0.2640380859375 0.0038909912109375
-0.0113954544067383 0.00607585906982422 -0.245956420898438 -0.033447265625
0.0259552001953125 -0.0324840545654297 -0.122406005859375 -0.308319091796875
0.0356521606445313 -0.0145149230957031 0.225494384765625 -0.447509765625
0.0346031188964844 0.037506103515625 0.68475341796875 -0.23516845703125
0.00852203369140625 0.0391883850097656 0.73944091796875 0.50579833984375
-0.0130424499511719 -0.0430526733398438 0.0958251953125001 1.01495361328125
0.0097208023071289 -0.0101890563964844 -0.49261474609375 0.65460205078125
0.0522079467773438 0.00794219970703125 0.0560455322265625 0.0574531555175781
0.0346755981445313 -0.0405044555664063 0.58343505859375 -0.64447021484375
0.00871467590332031 -0.0300579071044922 -0.1243896484375 -1.02435302734375
0.00374031066894531 0.0208911895751953 -0.8167724609375 -0.31158447265625
0.0227088928222656 0.0351753234863281 -0.53961181640625 0.395111083984375
0.0274486541748047 0.000310897827148438 -0.10174560546875 0.503570556640625
0.0133743286132813 -0.0303707122802734 0.203781127929688 0.277267456054688
-0.00714969635009765 0.0171232223510742 0.26275634765625 0.002288818359375
0.00383186340332031 0.01568603515625 -0.2718505859375 -0.048828125
0.0180168151855469 -0.0108566284179688 -0.156463623046875 -0.322113037109375
0.0115623474121094 0.00634002685546875 0.18707275390625 -0.47821044921875
-0.00649642944335937 0.0395126342773438 0.65667724609375 -0.3017578125
-0.0181159973144531 0.0213832855224609 0.757080078125 0.4261474609375
-0.0128097534179687 -0.0542564392089844 0.1595458984375 0.96856689453125
0.0279560089111328 -0.00272369384765625 -0.44927978515625 0.65863037109375
0.0618247985839844 0.0270233154296875 0.058319091796875 0.0626602172851563
0.0543251037597656 -0.0306892395019531 0.63134765625 -0.63079833984375
0.0130882263183594 -0.0471878051757813 -0.054931640625 -1.05615234375
-0.026153564453125 -4.95910644531274E-05 -0.7996826171875 -0.38726806640625
-0.0188522338867188 0.0411109924316406 -0.56439208984375 0.3406982421875
0.0030364990234375 0.0237312316894531 -0.123138427734375 0.479461669921875
0.00993824005126953 -0.00512886047363281 0.186370849609375 0.268218994140625
0.00455856323242187 0.0201301574707031 0.250778198242188 -0.0156707763671875
0.00884819030761719 0.0154151916503906 -0.26275634765625 -0.0429229736328125
0.0196952819824219 -0.0081939697265625 -0.14532470703125 -0.315460205078125
0.0116863250732422 0.00925922393798828 0.20086669921875 -0.469085693359375
-0.0110740661621094 0.0385856628417969 0.6649169921875 -0.28448486328125
-0.0223636627197266 0.0176868438720703 0.751220703125 0.43994140625
-0.0119781494140625 -0.0608673095703125 0.140380859375 0.97576904296875
0.0295829772949219 -0.00390815734863281 -0.46258544921875 0.6531982421875
0.0627403259277344 0.0292701721191406 0.0567512512207031 0.0596733093261719
0.0533332824707031 -0.030975341796875 0.614501953125 -0.63665771484375
0.01239013671875 -0.0524444580078125 -0.07843017578125 -1.04766845703125
-0.0295906066894531 -0.00636482238769531 -0.80780029296875 -0.36932373046875
-0.0227584838867188 0.0412216186523437 -0.55316162109375 0.353240966796875
0.00177001953125 0.02392578125 -0.11260986328125 0.483917236328125
0.00939369201660156 -0.00197792053222656 0.195388793945313 0.27044677734375
0.00743484497070313 0.0204582214355469 0.254592895507813 -0.0107421875
0.00671005249023437 0.0158624649047852 -0.257904052734375 -0.0356750488281249
0.0191078186035156 -0.00698471069335938 -0.13836669921875 -0.31182861328125
0.00973892211914063 0.010040283203125 0.2122802734375 -0.46038818359375
-0.0101814270019531 0.0376777648925781 0.67181396484375 -0.267333984375
-0.0231800079345703 0.0147857666015625 0.74224853515625 0.4608154296875
-0.0127639770507812 -0.0637321472167969 0.11834716796875 0.9852294921875
0.0279808044433594 -0.00471878051757813 -0.4775390625 0.6505126953125
0.0608787536621094 0.0262031555175781 0.0533943176269531 0.0565032958984375
0.0498619079589844 -0.0318565368652344 0.59912109375 -0.6414794921875
0.0104026794433594 -0.0541534423828125 -0.0938720703125001 -1.04071044921875
-0.0295429229736328 -0.00559234619140625 -0.80706787109375 -0.34918212890625
-0.0218887329101563 0.0417633056640625 -0.547210693359375 0.369720458984375
0.00226593017578125 0.0242347717285156 -0.10357666015625 0.490478515625
0.00950527191162109 -0.000681877136230469 0.20208740234375 0.272705078125
0.00856781005859375 0.0206928253173828 0.256988525390625 -0.0054168701171875
0.00808238983154297 0.0143661499023438 -0.248977661132813 -0.031036376953125
0.0193443298339844 -0.00951576232910156 -0.126251220703125 -0.3077392578125
0.0139398574829102 0.00756931304931641 0.222412109375 -0.45391845703125
-0.00438690185546875 0.0382423400878906 0.67767333984375 -0.25250244140625
-0.0221157073974609 0.015289306640625 0.73785400390625 0.4840087890625
-0.0119438171386719 -0.0636520385742188 0.1029052734375 0.99884033203125
0.0263805389404297 -0.0055084228515625 -0.487060546875 0.64691162109375
0.0599517822265625 0.0246505737304688 0.0541305541992188 0.0534172058105469
0.0476531982421875 -0.0351409912109375 0.584716796875 -0.64593505859375
0.0096893310546875 -0.0533943176269531 -0.12005615234375 -1.031982421875
-0.0257606506347656 -0.00408172607421875 -0.81500244140625 -0.3280029296875
-0.0158920288085938 0.0400047302246094 -0.5369873046875 0.381439208984375
0.00753974914550781 0.0217075347900391 -0.0940856933593749 0.498626708984375
0.0114212036132813 -0.00530815124511719 0.20941162109375 0.277542114257813
0.00887298583984375 0.0181350708007813 0.263076782226563 -0.000823974609374999
0.00355052947998047 0.014683723449707 -0.244415283203125 -0.031463623046875
0.0219192504882813 -0.0134220123291016 -0.120635986328125 -0.3048095703125
0.0193061828613281 0.00290107727050781 0.228271484375 -0.4490966796875
0.00284576416015625 0.0370559692382813 0.68499755859375 -0.2376708984375
-0.0143051147460938 0.0175046920776367 0.73431396484375 0.49737548828125
-0.0116310119628906 -0.0616035461425781 0.0889892578125 1.0076904296875
0.0236682891845703 -0.00702857971191406 -0.49688720703125 0.64678955078125
0.0587425231933594 0.0221481323242188 0.0516891479492188 0.050933837890625
0.0451927185058594 -0.0365257263183594 0.57562255859375 -0.65118408203125
0.00928497314453125 -0.0495834350585938 -0.13323974609375 -1.02630615234375
-0.0208396911621094 -0.00144004821777344 -0.819091796875 -0.309814453125
-0.00738143920898438 0.0388031005859375 -0.529327392578125 0.394622802734375
0.0115852355957031 0.0172033309936523 -0.088714599609375 0.502655029296875
0.0105705261230469 -0.00874710083007813 0.21405029296875 0.278518676757813
0.00572776794433594 0.0197334289550781 0.264389038085938 -0.000335693359374999
-0.00038909912109375 0.0105924606323242 -0.240188598632813 -0.0269622802734375
0.0222702026367188 -0.0187969207763672 -0.11688232421875 -0.302276611328125
0.0238246917724609 -0.00147056579589844 0.23260498046875 -0.4449462890625
0.0128135681152344 0.0374984741210938 0.6866455078125 -0.23175048828125
-0.00817108154296875 0.0215702056884766 0.73223876953125 0.50750732421875
-0.0130081176757813 -0.05694580078125 0.0834960937499999 1.01129150390625
0.0196857452392578 -0.00854873657226563 -0.49798583984375 0.6510009765625
0.0547332763671875 0.0168609619140625 0.0524520874023437 0.0525703430175781
0.0395622253417969 -0.0400733947753906 0.57257080078125 -0.65350341796875
0.0082550048828125 -0.0448570251464844 -0.13800048828125 -1.019287109375
-0.0120334625244141 0.006103515625 -0.81524658203125 -0.30328369140625
0.00400924682617188 0.0385322570800781 -0.526519775390625 0.398712158203125
0.0183925628662109 0.014007568359375 -0.08837890625 0.5052490234375
0.0117998123168945 -0.0154037475585938 0.21466064453125 0.27947998046875
0.00228023529052734 0.0174312591552734 0.266220092773438 0.0018768310546875
-0.00494384765625 0.0112953186035156 -0.242935180664063 -0.028167724609375
0.0244197845458984 -0.0266342163085938 -0.119842529296875 -0.303924560546875
0.0316829681396484 -0.00891876220703125 0.22808837890625 -0.44439697265625
0.0255851745605469 0.0361595153808594 0.68536376953125 -0.23248291015625
0.00143241882324219 0.0309123992919922 0.732666015625 0.50714111328125
-0.0120353698730469 -0.0509071350097656 0.0889892578125001 1.01336669921875
0.0153570175170898 -0.00868415832519531 -0.49700927734375 0.650634765625
0.054168701171875 0.012451171875 0.0546989440917969 0.0536079406738281
0.036224365234375 -0.0404624938964844 0.57159423828125 -0.6483154296875
0.00839996337890625 -0.0369377136230469 -0.1365966796875 -1.018310546875
-0.00483512878417969 0.0124826431274414 -0.8199462890625 -0.301513671875
0.01361083984375 0.0339756011962891 -0.527587890625 0.401580810546875
0.0223274230957031 0.00342559814453125 -0.091766357421875 0.50665283203125
0.0135383605957031 -0.0242385864257813 0.211776733398438 0.277130126953125
-0.000925064086914061 0.0175361633300781 0.266754150390625 0.002593994140625
-0.0112037658691406 0.00768756866455078 -0.246078491210938 -0.0321197509765625
0.0246810913085938 -0.0330619812011719 -0.12481689453125 -0.30810546875
0.0350379943847656 -0.0168190002441406 0.223297119140625 -0.447906494140625
0.0335159301757813 0.0364265441894531 0.68353271484375 -0.23968505859375
0.0087432861328125 0.0384788513183594 0.739013671875 0.4990234375
-0.0119132995605469 -0.0432052612304688 0.1005859375 1.01055908203125
0.0108308792114258 -0.0094156265258789 -0.4886474609375 0.65411376953125
0.052764892578125 0.00867462158203125 0.0567398071289063 0.0587196350097656
0.0336761474609375 -0.040435791015625 0.57867431640625 -0.6458740234375
0.00895309448242187 -0.0299797058105469 -0.12591552734375 -1.01934814453125
0.00366020202636719 0.0193939208984375 -0.81787109375 -0.30731201171875
0.0228996276855469 0.0329093933105469 -0.53656005859375 0.395782470703125
0.0267753601074219 -0.000787734985351563 -0.097320556640625 0.50555419921875
0.0157108306884766 -0.02960205078125 0.205612182617188 0.276443481445313
-0.00746536254882813 0.0160179138183594 0.264617919921875 0.001953125
0.00655746459960937 0.0151729583740234 -0.2718505859375 -0.0472717285156251
0.0184383392333984 -0.0107307434082031 -0.158538818359375 -0.318603515625
0.0102014541625977 0.00582027435302734 0.1861572265625 -0.47943115234375
-0.00477981567382813 0.0378150939941406 0.65625 -0.30584716796875
-0.0159759521484375 0.0201873779296875 0.75811767578125 0.41766357421875
-0.0144996643066406 -0.0555458068847656 0.16259765625 0.96478271484375
0.0291309356689453 -0.00137901306152344 -0.4449462890625 0.6585693359375
0.0650634765625 0.0286331176757813 0.0597801208496094 0.0627403259277344
0.0542984008789063 -0.0294647216796875 0.62603759765625 -0.632080078125
0.0127983093261719 -0.0462684631347656 -0.0582275390624999 -1.0548095703125
-0.0263633728027344 -0.00229454040527344 -0.80218505859375 -0.38262939453125
-0.0178871154785156 0.0403099060058594 -0.56549072265625 0.34234619140625
0.00286483764648438 0.0223579406738281 -0.120697021484375 0.477569580078125
0.0100564956665039 -0.00471591949462891 0.187744140625 0.2655029296875
0.006683349609375 0.0189571380615234 0.251373291015625 -0.01800537109375
0.0105724334716797 0.0157842636108398 -0.26336669921875 -0.0429229736328125
0.0182552337646484 -0.00635337829589844 -0.14947509765625 -0.315277099609375
0.00959587097167969 0.0104570388793945 0.19775390625 -0.470947265625
-0.0110435485839844 0.04034423828125 0.6627197265625 -0.28778076171875
-0.0220413208007813 0.0173816680908203 0.751708984375 0.43634033203125
-0.0142059326171875 -0.0618476867675781 0.1444091796875 0.9735107421875
0.0307865142822266 -0.00444221496582031 -0.45867919921875 0.65325927734375
0.0638389587402344 0.0295639038085938 0.0563468933105469 0.0589179992675781
0.0522384643554688 -0.0316429138183594 0.60888671875 -0.63580322265625
0.0115089416503906 -0.0523834228515625 -0.0814208984375 -1.0479736328125
-0.0289363861083984 -0.00578117370605469 -0.80560302734375 -0.3634033203125
-0.021148681640625 0.0406303405761719 -0.5516357421875 0.354949951171875
0.0019683837890625 0.0240287780761719 -0.110107421875 0.48541259765625
0.00953388214111328 -0.000974655151367188 0.19671630859375 0.269943237304688
0.00894355773925781 0.0189590454101563 0.25537109375 -0.0127716064453125
0.0111684799194336 0.015477180480957 -0.25677490234375 -0.0345916748046875
0.0177192687988281 -0.00714683532714844 -0.1405029296875 -0.311737060546875
0.0124826431274414 0.00932121276855469 0.208770751953125 -0.462554931640625
-0.00851821899414062 0.0394477844238281 0.66864013671875 -0.2698974609375
-0.0230560302734375 0.0140514373779297 0.74371337890625 0.45562744140625
-0.0115737915039062 -0.0660820007324219 0.12322998046875 0.98260498046875
0.02850341796875 -0.00414466857910156 -0.47479248046875 0.65081787109375
0.0667533874511719 0.0280570983886719 0.0511894226074219 0.0582427978515625
0.0518569946289062 -0.0335159301757813 0.59869384765625 -0.639892578125
0.0114974975585937 -0.0555076599121094 -0.0983886718749999 -1.03790283203125
-0.0295429229736328 -0.00508880615234375 -0.80718994140625 -0.345458984375
-0.0196456909179688 0.0404052734375 -0.541656494140625 0.36865234375
0.00333213806152344 0.0225734710693359 -0.0979919433593749 0.491455078125
0.00925827026367188 -0.000922203063964844 0.20672607421875 0.274002075195312
0.00790214538574219 0.0201282501220703 0.258804321289062 -0.0071258544921875
0.00972938537597656 0.0164079666137695 -0.250137329101563 -0.031097412109375
0.0174140930175781 -0.00955772399902344 -0.12872314453125 -0.305999755859375
0.0128545761108398 0.00731086730957031 0.21929931640625 -0.455902099609375
-0.00376510620117188 0.0391616821289063 0.67950439453125 -0.25701904296875
-0.0199680328369141 0.0150470733642578 0.740234375 0.475341796875
-0.0141258239746094 -0.0629615783691406 0.10919189453125 0.99359130859375
0.0266380310058594 -0.00663185119628906 -0.48162841796875 0.6473388671875
0.0597152709960938 0.0254135131835938 0.0518379211425781 0.0540046691894531
0.0486640930175781 -0.0372200012207031 0.58319091796875 -0.64862060546875
0.00947952270507813 -0.0535659790039063 -0.1202392578125 -1.0306396484375
-0.0261154174804688 -0.00528144836425781 -0.81256103515625 -0.3240966796875
-0.0155487060546875 0.0391082763671875 -0.534637451171875 0.384368896484375
0.008026123046875 0.0238742828369141 -0.09259033203125 0.49920654296875
0.00976181030273438 -0.00569915771484375 0.211090087890625 0.276763916015625
0.00891685485839844 0.0192794799804687 0.262832641601563 -0.00433349609375
0.00489044189453125 0.013890266418457 -0.246200561523437 -0.029571533203125
0.0220832824707031 -0.0141525268554688 -0.123779296875 -0.303924560546875
0.0205135345458984 0.0031890869140625 0.225738525390625 -0.450836181640625
0.00399017333984375 0.0360946655273438 0.68194580078125 -0.24249267578125
-0.0137300491333008 0.0164508819580078 0.7353515625 0.49066162109375
-0.0133323669433594 -0.0603561401367188 0.0953369140625 1.002197265625
0.0221691131591797 -0.00619888305664063 -0.4931640625 0.646484375
0.0583915710449219 0.0199775695800781 0.0507431030273438 0.0516166687011719
0.0439224243164063 -0.0364265441894531 0.57342529296875 -0.6512451171875
0.00821685791015625 -0.0489234924316406 -0.13592529296875 -1.02435302734375
-0.0217609405517578 0.000568389892578121 -0.8153076171875 -0.30523681640625
-0.00478363037109375 0.0388565063476563 -0.52789306640625 0.39544677734375
0.0125818252563477 0.0173053741455078 -0.084320068359375 0.50250244140625
0.00988101959228516 -0.00864505767822266 0.215988159179688 0.275100708007812
0.00800132751464843 0.0181560516357422 0.266311645507812 -0.0032958984375
0.00114536285400391 0.0131921768188477 -0.241470336914063 -0.0269012451171875
0.0230674743652344 -0.0218105316162109 -0.12078857421875 -0.302215576171875
0.0250873565673828 -0.00320816040039063 0.228057861328125 -0.446990966796875
0.0145530700683594 0.0360298156738281 0.68408203125 -0.23638916015625
-0.00435256958007813 0.0194683074951172 0.73193359375 0.49853515625
-0.0134696960449219 -0.0569038391113281 0.0894165039062499 1.00738525390625
0.0191841125488281 -0.00947952270507813 -0.49481201171875 0.6480712890625
0.0568313598632813 0.0164070129394531 0.0520172119140625 0.0524444580078125
0.0389137268066406 -0.0384101867675781 0.57037353515625 -0.651611328125
0.00719833374023438 -0.0427360534667969 -0.14080810546875 -1.01885986328125
-0.0124225616455078 0.00608253479003906 -0.82061767578125 -0.2974853515625
0.00448226928710937 0.0357437133789063 -0.525604248046875 0.403411865234375
0.0166721343994141 0.0127677917480469 -0.084197998046875 0.50469970703125
0.0117712020874023 -0.0154323577880859 0.216812133789063 0.278228759765625
0.000795364379882813 0.0173826217651367 0.266952514648438 0.001861572265625
-0.00474977493286133 0.00851869583129883 -0.24322509765625 -0.026214599609375
0.0211982727050781 -0.0254383087158203 -0.12109375 -0.303436279296875
0.0304012298583984 -0.00931549072265625 0.2244873046875 -0.445220947265625
0.0239448547363281 0.0362510681152344 0.68310546875 -0.23480224609375
0.00324821472167969 0.0293502807617187 0.73583984375 0.5020751953125
-0.0124855041503906 -0.0502853393554688 0.0928955078125001 1.00970458984375
0.0155849456787109 -0.00980854034423828 -0.49237060546875 0.65252685546875
0.0543632507324219 0.0120315551757813 0.0538711547851563 0.0530624389648438
0.03656005859375 -0.040313720703125 0.573974609375 -0.6494140625
0.00923538208007812 -0.038330078125 -0.1402587890625 -1.0157470703125
-0.00366592407226562 0.0123977661132813 -0.8192138671875 -0.2969970703125
0.0147514343261719 0.0335330963134766 -0.52789306640625 0.402313232421875
0.0246162414550781 0.00468254089355469 -0.0884399414062499 0.505340576171875
0.0126857757568359 -0.0233745574951172 0.212997436523438 0.276626586914063
-0.000865936279296876 0.0176410675048828 0.2684326171875 0.001617431640625
-0.00923538208007813 0.00908088684082031 -0.247512817382813 -0.029449462890625
0.0236682891845703 -0.0314102172851563 -0.127685546875 -0.30767822265625
0.0343170166015625 -0.0163536071777344 0.218505859375 -0.45147705078125
0.0351905822753906 0.0356369018554688 0.6802978515625 -0.24224853515625
0.0108451843261719 0.0367622375488281 0.74200439453125 0.49273681640625
-0.0140876770019531 -0.0440406799316406 0.10443115234375 1.00677490234375
0.0107841491699219 -0.00982666015625 -0.486572265625 0.65557861328125
0.0517120361328125 0.00849151611328125 0.0558395385742187 0.0578842163085937
0.0327949523925781 -0.0402412414550781 0.57696533203125 -0.64837646484375
0.00982666015625 -0.0293693542480469 -0.1298828125 -1.01983642578125
0.00240135192871094 0.0189838409423828 -0.819091796875 -0.30206298828125
0.0240688323974609 0.0315990447998047 -0.529388427734375 0.396759033203125
0.0286540985107422 0.0003814697265625 -0.095947265625 0.504974365234375
0.0149765014648438 -0.0306339263916016 0.207916259765625 0.275054931640625
-0.00322246551513672 0.0163125991821289 0.264862060546875 0.000106811523437501
0.00855255126953125 0.0148448944091797 -0.271942138671875 -0.0441894531250001
0.0173368453979492 -0.0112504959106445 -0.161468505859375 -0.320159912109375
0.0112028121948242 0.00497531890869141 0.18463134765625 -0.481292724609375
-0.005523681640625 0.0383338928222656 0.6549072265625 -0.3099365234375
-0.0186100006103516 0.0206794738769531 0.761962890625 0.4122314453125
-0.0147857666015625 -0.0563087463378906 0.16802978515625 0.963623046875
0.0293159484863281 -0.00273513793945313 -0.44317626953125 0.65771484375
0.0638923645019531 0.0285720825195313 0.0573158264160156 0.0637931823730469
0.0513801574707031 -0.0286827087402344 0.622314453125 -0.6319580078125
0.0133094787597656 -0.0481605529785156 -0.0626220703125 -1.056640625
-0.0263023376464844 -0.00167465209960937 -0.80194091796875 -0.38067626953125
-0.0170097351074219 0.0406570434570313 -0.5611572265625 0.343719482421875
0.00354766845703125 0.0215187072753906 -0.12042236328125 0.4783935546875
0.00854349136352539 -0.00518512725830078 0.189208984375 0.26654052734375
0.00941848754882812 0.0205249786376953 0.251007080078125 -0.0175323486328125
0.00895309448242187 0.0144901275634766 -0.266372680664063 -0.0405120849609375
0.0171022415161133 -0.00780582427978516 -0.1500244140625 -0.315643310546875
0.00892257690429688 0.00961208343505859 0.19293212890625 -0.473907470703125
-0.00983428955078125 0.0379714965820313 0.66180419921875 -0.2918701171875
-0.0206775665283203 0.0141620635986328 0.7530517578125 0.428955078125
-0.0140876770019531 -0.0631790161132813 0.149658203125 0.9715576171875
0.0304794311523438 -0.00450706481933594 -0.4554443359375 0.654052734375
0.0635643005371094 0.0298347473144531 0.0548896789550781 0.0587577819824219
0.0538253784179688 -0.0311965942382813 0.6092529296875 -0.63665771484375
0.0106086730957031 -0.0536117553710938 -0.0838012695312501 -1.04791259765625
-0.0303306579589844 -0.00731086730957032 -0.8077392578125 -0.36297607421875
-0.0203742980957031 0.0412826538085938 -0.550384521484375 0.358734130859375
0.0023956298828125 0.0247840881347656 -0.10723876953125 0.484527587890625
0.00844478607177734 -0.00213813781738281 0.201019287109375 0.268402099609375
0.0105781555175781 0.0205612182617187 0.257278442382813 -0.0132598876953125
0.0091848373413086 0.0157365798950195 -0.26031494140625 -0.0336456298828124
0.0203361511230469 -0.00751686096191406 -0.140533447265625 -0.308624267578125
0.00791358947753906 0.00924110412597656 0.204833984375 -0.46624755859375
-0.00883865356445313 0.0398025512695313 0.66748046875 -0.27587890625
-0.0205154418945313 0.0133609771728516 0.74505615234375 0.44915771484375
-0.0143928527832031 -0.0656852722167969 0.12841796875 0.98065185546875
0.0287971496582031 -0.00328254699707031 -0.470703125 0.65087890625
0.061737060546875 0.0289382934570313 0.0521697998046875 0.05743408203125
0.0513725280761719 -0.0348091125488281 0.59686279296875 -0.6405029296875
0.00897979736328124 -0.0545196533203125 -0.10028076171875 -1.03814697265625
-0.0289688110351563 -0.00792884826660157 -0.80810546875 -0.338623046875
-0.0194320678710938 0.03985595703125 -0.542999267578125 0.369598388671875
0.00274276733398437 0.0237102508544922 -0.098052978515625 0.489349365234375
0.0103273391723633 -0.00326824188232422 0.208343505859375 0.272857666015625
0.0103034973144531 0.0208396911621094 0.26251220703125 -0.0095672607421875
0.00977134704589844 0.0145502090454102 -0.249603271484375 -0.0316162109375
0.0180644989013672 -0.00925827026367188 -0.131256103515625 -0.305877685546875
0.0130577087402344 0.00710678100585938 0.21697998046875 -0.4583740234375
-0.00366973876953125 0.0371932983398438 0.67633056640625 -0.26171875
-0.0197010040283203 0.0134544372558594 0.74322509765625 0.47119140625
-0.01318359375 -0.0654563903808594 0.11187744140625 0.9932861328125
0.0281906127929688 -0.00551605224609375 -0.4813232421875 0.6485595703125
0.0606346130371094 0.025543212890625 0.0525360107421875 0.0536727905273438
0.0464324951171875 -0.0365753173828125 0.58172607421875 -0.64862060546875
0.00848388671875 -0.0545272827148438 -0.1229248046875 -1.02801513671875
-0.0265159606933594 -0.00579071044921876 -0.81463623046875 -0.3204345703125
-0.0139350891113281 0.0392837524414062 -0.53436279296875 0.385162353515625
0.00607109069824219 0.0222663879394531 -0.090301513671875 0.498291015625
0.00902462005615234 -0.00476264953613281 0.213150024414063 0.274917602539063
0.0111370086669922 0.0188503265380859 0.264419555664063 -0.0044708251953125
0.00726795196533203 0.0145111083984375 -0.244827270507813 -0.0264129638671876
0.0189495086669922 -0.0137481689453125 -0.125 -0.3028564453125
0.0195598602294922 0.00149917602539063 0.223358154296875 -0.45263671875
0.00423431396484375 0.036865234375 0.67974853515625 -0.24462890625
-0.0137014389038086 0.0174198150634766 0.738037109375 0.4869384765625
-0.0110855102539063 -0.063140869140625 0.09771728515625 0.9991455078125
0.0251483917236328 -0.00776863098144531 -0.49053955078125 0.64813232421875
0.05780029296875 0.0234298706054687 0.0507278442382813 0.0513267517089844
0.0432357788085938 -0.0383453369140625 0.57366943359375 -0.65228271484375
0.00703048706054688 -0.0492019653320313 -0.13775634765625 -1.02374267578125
-0.0194606781005859 -0.00103569030761719 -0.81787109375 -0.30316162109375
-0.006256103515625 0.0378379821777344 -0.526214599609375 0.397674560546875
0.0124225616455078 0.0165882110595703 -0.0828247070312501 0.502227783203125
0.00965976715087891 -0.0105886459350586 0.218734741210938 0.276382446289063
0.00752449035644531 0.0178680419921875 0.267364501953125 -0.0014190673828125
0.00255966186523438 0.0139942169189453 -0.244216918945313 -0.02642822265625
0.0221214294433594 -0.0203132629394531 -0.122161865234375 -0.302459716796875
0.0228557586669922 -0.00186920166015625 0.226104736328125 -0.448577880859375
0.01495361328125 0.0347404479980469 0.6832275390625 -0.24139404296875
-0.00598716735839844 0.0200061798095703 0.73748779296875 0.4945068359375
-0.0128402709960937 -0.0586471557617188 0.09405517578125 1.0062255859375
0.0203666687011719 -0.00969314575195313 -0.49188232421875 0.64886474609375
0.0575103759765625 0.0179214477539062 0.0511207580566406 0.0533447265625
0.0379905700683594 -0.040191650390625 0.56781005859375 -0.65362548828125
0.00640869140625 -0.0451164245605469 -0.14385986328125 -1.0174560546875
-0.0118589401245117 0.00616645812988281 -0.81903076171875 -0.29443359375
0.0045928955078125 0.0334739685058594 -0.5225830078125 0.403564453125
0.0178356170654297 0.0123691558837891 -0.084259033203125 0.506866455078125
0.0116395950317383 -0.0152950286865234 0.21734619140625 0.275604248046875
0.00397300720214844 0.0183086395263672 0.2677001953125 -0.001007080078125
-0.00197315216064453 0.0106267929077148 -0.244644165039063 -0.026702880859375
0.0220012664794922 -0.0281562805175781 -0.124114990234375 -0.3021240234375
0.0314216613769531 -0.0107955932617188 0.223907470703125 -0.44793701171875
0.0247611999511719 0.0353927612304688 0.68133544921875 -0.239990234375
0.00327873229980469 0.0281009674072266 0.73724365234375 0.4952392578125
-0.0130348205566406 -0.0530853271484375 0.09796142578125 1.00872802734375
0.0152711868286133 -0.009735107421875 -0.492431640625 0.65228271484375
0.0554733276367188 0.0150108337402344 0.0533447265625 0.0541267395019531
0.0362472534179688 -0.0385475158691406 0.57110595703125 -0.65234375
0.00736618041992188 -0.0391769409179688 -0.14251708984375 -1.01617431640625
-0.00452136993408203 0.0121850967407227 -0.8175048828125 -0.29449462890625
0.0161190032958984 0.0319614410400391 -0.5252685546875 0.405242919921875
0.0246772766113281 0.00595664978027344 -0.086151123046875 0.5057373046875
0.012725830078125 -0.0233592987060547 0.214920043945312 0.276382446289063
0.00153160095214844 0.0184497833251953 0.268157958984375 0.000518798828125001
-0.00913429260253906 0.00940704345703125 -0.247802734375 -0.031341552734375
0.0217666625976563 -0.0332145690917969 -0.130340576171875 -0.304931640625
0.036376953125 -0.0164985656738281 0.21502685546875 -0.451324462890625
0.0350723266601563 0.0350208282470703 0.67999267578125 -0.24835205078125
0.0101413726806641 0.0341129302978516 0.742431640625 0.48699951171875
-0.0131416320800781 -0.0455741882324219 0.10888671875 1.00537109375
0.0111265182495117 -0.0094451904296875 -0.482666015625 0.65582275390625
0.0530624389648438 0.009918212890625 0.0553131103515625 0.0588645935058594
0.0316886901855469 -0.0395851135253906 0.57562255859375 -0.65032958984375
0.00739669799804688 -0.0304927825927734 -0.130615234375 -1.01812744140625
0.00276756286621094 0.0189266204833984 -0.817138671875 -0.30010986328125
0.0250396728515625 0.0309848785400391 -0.53082275390625 0.3997802734375
0.02740478515625 -0.00124740600585938 -0.093780517578125 0.503448486328125
0.0129661560058594 -0.0310821533203125 0.209197998046875 0.275177001953125
-0.00452327728271484 0.017491340637207 0.266098022460938 0.000350952148437501
0.00946044921875 0.0139436721801758 -0.274398803710938 -0.0443572998046875
0.0162630081176758 -0.0107021331787109 -0.1651611328125 -0.31829833984375
0.0100250244140625 0.00482559204101563 0.180267333984375 -0.483612060546875
-0.00356674194335937 0.0385513305664063 0.6510009765625 -0.31207275390625
-0.0179252624511719 0.0191535949707031 0.76300048828125 0.40966796875
-0.0133399963378906 -0.0566635131835938 0.171142578125 0.961181640625
0.0293922424316406 -0.00183677673339844 -0.442626953125 0.658447265625
0.0648384094238281 0.0304527282714844 0.0584144592285156 0.0638275146484375
0.0533561706542969 -0.0293121337890625 0.6236572265625 -0.63494873046875
0.0119056701660156 -0.0467033386230469 -0.0629272460937501 -1.05389404296875
-0.0263767242431641 -0.00377273559570312 -0.803955078125 -0.377685546875
-0.0174560546875 0.040313720703125 -0.5596923828125 0.346221923828125
0.00326728820800781 0.0229530334472656 -0.11688232421875 0.479644775390625
0.00979423522949219 -0.00413799285888672 0.1939697265625 0.266098022460938
0.00871849060058594 0.0207748413085937 0.252883911132813 -0.019287109375
0.011265754699707 0.0157251358032227 -0.266815185546875 -0.040374755859375
0.0174293518066406 -0.00663852691650391 -0.15350341796875 -0.31378173828125
0.0101051330566406 0.00852108001708984 0.190826416015625 -0.47857666015625
-0.007904052734375 0.0380401611328125 0.65863037109375 -0.2977294921875
-0.0216941833496094 0.0136184692382813 0.75689697265625 0.42291259765625
-0.015167236328125 -0.0634002685546875 0.15185546875 0.97064208984375
0.0315990447998047 -0.00395774841308594 -0.4547119140625 0.65582275390625
0.0646743774414062 0.0298233032226562 0.0544624328613281 0.0596580505371094
0.0506973266601562 -0.0311126708984375 0.60870361328125 -0.63909912109375
0.0118064880371094 -0.0532760620117188 -0.0836181640625001 -1.04815673828125
-0.0294113159179688 -0.00717544555664063 -0.80914306640625 -0.358642578125
-0.0209617614746094 0.0419960021972656 -0.55029296875 0.35809326171875
0.00244522094726562 0.0236606597900391 -0.104766845703125 0.484466552734375
0.00914764404296875 -0.000493049621582031 0.2030029296875 0.27099609375
0.0128498077392578 0.0196952819824219 0.258941650390625 -0.01434326171875
0.0107536315917969 0.0157489776611328 -0.260711669921875 -0.032562255859375
0.0175409317016602 -0.00811004638671875 -0.1436767578125 -0.308013916015625
0.00863790512084961 0.00817441940307617 0.2020263671875 -0.467987060546875
-0.00751876831054687 0.0383033752441406 0.66845703125 -0.28265380859375
-0.0225696563720703 0.0119953155517578 0.7476806640625 0.4462890625
-0.0150184631347656 -0.0654335021972656 0.13165283203125 0.9796142578125
0.0308628082275391 -0.005889892578125 -0.4688720703125 0.65142822265625
0.0619659423828125 0.0285491943359375 0.0530281066894531 0.0561752319335937
0.0502243041992188 -0.0348434448242188 0.59423828125 -0.64154052734375
0.00780487060546875 -0.054779052734375 -0.104248046875 -1.0380859375
-0.0294475555419922 -0.00915336608886719 -0.8116455078125 -0.338134765625
-0.0173873901367188 0.039886474609375 -0.5404052734375 0.37213134765625
0.00403213500976563 0.0235214233398438 -0.09539794921875 0.493377685546875
0.0093374252319336 -0.001953125 0.209564208984375 0.27166748046875
0.0113239288330078 0.0208492279052734 0.262176513671875 -0.0124359130859375
0.0107488632202148 0.0166997909545898 -0.252609252929688 -0.031494140625
0.0174617767333984 -0.0109434127807617 -0.1336669921875 -0.305511474609375
0.0133352279663086 0.0069580078125 0.21429443359375 -0.461151123046875
-0.00223922729492187 0.0356826782226563 0.6761474609375 -0.265625
-0.018402099609375 0.0119972229003906 0.7442626953125 0.4677734375
-0.0146369934082031 -0.0671730041503906 0.1142578125 0.99029541015625
0.0287189483642578 -0.00834846496582031 -0.47821044921875 0.65106201171875
0.0627517700195313 0.0260009765625 0.0512847900390625 0.0512771606445313
0.0481224060058594 -0.0348243713378906 0.57989501953125 -0.651611328125
0.00878143310546876 -0.053558349609375 -0.12506103515625 -1.02978515625
-0.026641845703125 -0.00617218017578125 -0.81719970703125 -0.318603515625
-0.0135879516601563 0.0382003784179687 -0.530059814453125 0.388427734375
0.00720405578613281 0.0215358734130859 -0.08795166015625 0.498626708984375
0.00997829437255859 -0.00589084625244141 0.216567993164063 0.274932861328125
0.0129013061523438 0.0209178924560547 0.265762329101563 -0.0063629150390625
0.00729179382324219 0.0146884918212891 -0.247055053710937 -0.0259246826171875
0.0212059020996094 -0.0141639709472656 -0.12872314453125 -0.304962158203125
0.0181541442871094 0.00138282775878906 0.221282958984375 -0.456207275390625
0.00661087036132812 0.0364112854003906 0.6798095703125 -0.2518310546875
-0.0125446319580078 0.0150480270385742 0.74005126953125 0.47998046875
-0.0131301879882813 -0.0637931823730469 0.10174560546875 0.999267578125
0.0251579284667969 -0.00906181335449219 -0.48699951171875 0.64947509765625
0.0590324401855469 0.021575927734375 0.0505905151367188 0.0513153076171875
0.0448417663574219 -0.0380477905273438 0.571044921875 -0.65277099609375
0.00550079345703125 -0.0522994995117187 -0.13995361328125 -1.025390625
-0.0191879272460938 -0.000455856323242191 -0.819580078125 -0.2987060546875
-0.00405502319335938 0.0363922119140625 -0.524810791015625 0.399261474609375
0.0122699737548828 0.0172052383422852 -0.07977294921875 0.50384521484375
0.0103492736816406 -0.00996112823486328 0.22149658203125 0.275985717773438
0.00872039794921875 0.0188751220703125 0.266647338867187 -0.0028839111328125
0.00339984893798828 0.0127048492431641 -0.244033813476563 -0.0237884521484375
0.0194664001464844 -0.0201854705810547 -0.126312255859375 -0.30218505859375
0.0224666595458984 -0.00248527526855469 0.223236083984375 -0.452178955078125
0.0160350799560547 0.0348987579345703 0.68267822265625 -0.244873046875
-0.00545310974121094 0.0182018280029297 0.73974609375 0.4915771484375
-0.013916015625 -0.0597190856933594 0.0975341796874999 1.00567626953125
0.0205783843994141 -0.0081329345703125 -0.49188232421875 0.6497802734375
0.0560264587402344 0.0175056457519531 0.0517807006835938 0.0535392761230469
0.0392570495605469 -0.0385017395019531 0.564453125 -0.65576171875
0.00701141357421875 -0.0458793640136719 -0.1458740234375 -1.0177001953125
-0.0110912322998047 0.00403022766113281 -0.8197021484375 -0.29071044921875
0.00663185119628906 0.0334644317626953 -0.52252197265625 0.406707763671875
0.0165309906005859 0.0115928649902344 -0.0810546875000001 0.506317138671875
0.0124034881591797 -0.0172882080078125 0.22027587890625 0.275177001953125
0.00435256958007813 0.0197525024414063 0.269271850585938 -0.0016937255859375
-0.000478744506835937 0.010716438293457 -0.244308471679687 -0.025177001953125
0.0217647552490234 -0.0256671905517578 -0.1263427734375 -0.302032470703125
0.0295162200927734 -0.00995254516601563 0.219940185546875 -0.4501953125
0.0271987915039063 0.036834716796875 0.68231201171875 -0.24566650390625
0.000986099243164063 0.0266437530517578 0.739990234375 0.4913330078125
-0.0157470703125 -0.0542106628417969 0.1011962890625 1.00628662109375
0.0162410736083984 -0.00827598571777344 -0.48858642578125 0.65142822265625
0.05389404296875 0.0123329162597656 0.0534324645996094 0.0541801452636719
0.03668212890625 -0.0385360717773438 0.5677490234375 -0.6534423828125
0.00656890869140625 -0.0382652282714844 -0.1439208984375 -1.01739501953125
-0.00405120849609375 0.011530876159668 -0.82171630859375 -0.28802490234375
0.0163860321044922 0.0324954986572266 -0.52313232421875 0.407928466796875
0.0230484008789063 0.00508880615234375 -0.0855712890625 0.506591796875
0.0135154724121094 -0.0242900848388672 0.218231201171875 0.275833129882813
0.000957489013671875 0.0184097290039063 0.269577026367188 0.000625610351562501
-0.00631284713745117 0.00770044326782227 -0.248550415039062 -0.029022216796875
0.0206146240234375 -0.0333576202392578 -0.1319580078125 -0.30462646484375
0.0338706970214844 -0.0156002044677734 0.212493896484375 -0.45526123046875
0.0347995758056641 0.0328502655029297 0.677490234375 -0.2557373046875
0.0101757049560547 0.032928466796875 0.74749755859375 0.483154296875
-0.0139923095703125 -0.0450553894042969 0.11175537109375 1.00439453125
0.0126924514770508 -0.00886726379394531 -0.47882080078125 0.65545654296875
0.0545501708984375 0.0101242065429688 0.0538215637207031 0.0585670471191406
0.0322380065917969 -0.0391883850097656 0.57373046875 -0.6492919921875
0.00765228271484375 -0.0303401947021484 -0.13592529296875 -1.018310546875
0.00481414794921875 0.0189781188964844 -0.8193359375 -0.29931640625
0.0265922546386719 0.030029296875 -0.529388427734375 0.402252197265625
0.0273036956787109 -0.000471115112304688 -0.0904541015625 0.504058837890625
0.0123958587646484 -0.0301742553710937 0.211837768554688 0.272979736328125
-0.00307559967041016 0.01519775390625 0.268402099609375 -0.001922607421875
0.00957584381103516 0.0157403945922852 -0.274200439453125 -0.043060302734375
0.0171489715576172 -0.01153564453125 -0.16802978515625 -0.318023681640625
0.0112218856811523 0.00439548492431641 0.1778564453125 -0.484588623046875
-0.0043182373046875 0.0368423461914063 0.6495361328125 -0.31927490234375
-0.0181427001953125 0.0191249847412109 0.7645263671875 0.4041748046875
-0.0147781372070312 -0.0577888488769531 0.17547607421875 0.95806884765625
0.0320091247558594 -0.00522041320800781 -0.44049072265625 0.6612548828125
0.0651893615722656 0.0325736999511719 0.0573196411132813 0.0631332397460938
0.0520057678222656 -0.0298423767089844 0.6217041015625 -0.6343994140625
0.0107078552246094 -0.0498504638671875 -0.0654907226562501 -1.0560302734375
-0.0268878936767578 -0.00423049926757813 -0.80810546875 -0.37542724609375
-0.0147972106933594 0.0393333435058594 -0.558624267578125 0.348297119140625
0.00393486022949219 0.0210094451904297 -0.115020751953125 0.4818115234375
0.0099334716796875 -0.00539493560791016 0.196304321289063 0.265182495117187
0.0107192993164062 0.0196266174316406 0.254196166992188 -0.018646240234375
0.0119590759277344 0.0152988433837891 -0.2685546875 -0.0388031005859375
0.0155467987060547 -0.00923252105712891 -0.15692138671875 -0.31549072265625
0.00853824615478516 0.00601434707641601 0.186431884765625 -0.48046875
-0.00766372680664063 0.0373954772949219 0.659423828125 -0.3031005859375
-0.0199642181396484 0.0125045776367188 0.7579345703125 0.42108154296875
-0.0147438049316406 -0.0642967224121094 0.15521240234375 0.9686279296875
0.0310344696044922 -0.00455665588378906 -0.45068359375 0.65679931640625
0.0647163391113281 0.0292816162109375 0.0550765991210938 0.0610122680664063
0.0521125793457031 -0.0327682495117187 0.60906982421875 -0.640380859375
0.00994110107421875 -0.054351806640625 -0.08795166015625 -1.04742431640625
-0.0293750762939453 -0.00804519653320313 -0.81097412109375 -0.3541259765625
-0.0177841186523438 0.0395240783691406 -0.550750732421875 0.362396240234375
0.00408172607421875 0.0227622985839844 -0.102630615234375 0.4874267578125
0.00968265533447265 -0.00341129302978516 0.204025268554688 0.271316528320313
0.0130882263183594 0.0192737579345703 0.260345458984375 -0.0136260986328125
0.0117006301879883 0.0156421661376953 -0.262054443359375 -0.0313568115234375
0.0160808563232422 -0.00745868682861328 -0.14501953125 -0.309356689453125
0.00969028472900391 0.00962162017822266 0.200408935546875 -0.469696044921875
-0.00813674926757813 0.0376510620117188 0.6654052734375 -0.2880859375
-0.0211334228515625 0.0104389190673828 0.752685546875 0.4417724609375
-0.0152359008789062 -0.0668258666992187 0.13262939453125 0.9786376953125
0.0313434600830078 -0.00498008728027344 -0.4674072265625 0.6527099609375
0.0648117065429688 0.0301551818847656 0.0510902404785156 0.0568199157714844
0.0513153076171875 -0.0338592529296875 0.59222412109375 -0.6455078125
0.00845718383789063 -0.0555343627929688 -0.1055908203125 -1.03729248046875
-0.0302143096923828 -0.00847434997558594 -0.81488037109375 -0.3363037109375
-0.0180816650390625 0.0404815673828125 -0.53900146484375 0.37567138671875
0.00496673583984375 0.0224838256835937 -0.09234619140625 0.493682861328125
0.0110807418823242 -0.00252819061279297 0.215042114257813 0.273391723632813
0.0135822296142578 0.02081298828125 0.2640380859375 -0.0103759765625
0.0114822387695313 0.0151271820068359 -0.25457763671875 -0.02777099609375
0.0189113616943359 -0.00981712341308594 -0.136138916015625 -0.307586669921875
0.0127038955688477 0.00780200958251953 0.210540771484375 -0.4620361328125
-0.00273513793945313 0.0359115600585938 0.67584228515625 -0.2711181640625
-0.0200901031494141 0.0117225646972656 0.74774169921875 0.46337890625
-0.0153045654296875 -0.0652389526367187 0.1187744140625 0.991943359375
0.0282249450683594 -0.00500297546386719 -0.47772216796875 0.651611328125
0.0625190734863281 0.0260848999023437 0.0516624450683594 0.0534400939941406
0.0458755493164063 -0.0362815856933594 0.58013916015625 -0.654052734375
0.00644302368164063 -0.0555915832519531 -0.12841796875 -1.03118896484375
-0.0249462127685547 -0.00539588928222656 -0.82086181640625 -0.31646728515625
-0.0137863159179688 0.0377006530761719 -0.5322265625 0.3912353515625
0.00730133056640625 0.0215129852294922 -0.08563232421875 0.49969482421875
0.00967502593994141 -0.00491714477539063 0.220123291015625 0.274765014648438
0.0127925872802734 0.0183868408203125 0.268264770507813 -0.006744384765625
0.00931453704833984 0.0148344039916992 -0.247940063476563 -0.0276641845703125
0.0198287963867188 -0.0140304565429688 -0.128692626953125 -0.3037109375
0.0172033309936523 0.00349617004394531 0.218231201171875 -0.458343505859375
0.00485992431640625 0.0351238250732422 0.6793212890625 -0.257568359375
-0.0131206512451172 0.0134611129760742 0.7431640625 0.47650146484375
-0.0143814086914062 -0.0660362243652344 0.10552978515625 0.9996337890625
0.0252361297607422 -0.00877952575683594 -0.487060546875 0.65252685546875
0.05950927734375 0.0237388610839844 0.0497093200683594 0.0540084838867188
0.0422554016113281 -0.0377006530761719 0.569091796875 -0.653564453125
0.0057220458984375 -0.0512428283691406 -0.1417236328125 -1.0250244140625
-0.0209598541259766 -0.00271034240722656 -0.82257080078125 -0.295654296875
-0.00438308715820312 0.0355796813964844 -0.524505615234375 0.40264892578125
0.0115413665771484 0.0169773101806641 -0.0777587890625 0.503662109375
0.0112514495849609 -0.010523796081543 0.223678588867188 0.277481079101563
0.00969123840332031 0.0169076919555664 0.270599365234375 -0.0044403076171875
0.00364112854003906 0.0142107009887695 -0.24658203125 -0.0234222412109375
0.0209236145019531 -0.0202407836914063 -0.1275634765625 -0.300933837890625
0.0227909088134766 -0.00180625915527344 0.2193603515625 -0.45379638671875
0.0157566070556641 0.0339298248291016 0.68231201171875 -0.25213623046875
-0.00480842590332031 0.0207347869873047 0.74176025390625 0.4847412109375
-0.0160102844238281 -0.06304931640625 0.1002197265625 1.00732421875
0.0233097076416016 -0.0103893280029297 -0.4888916015625 0.65130615234375
0.0591087341308594 0.0184783935546875 0.0524864196777344 0.05316162109375
0.0380744934082031 -0.0399971008300781 0.5648193359375 -0.65777587890625
0.00613021850585938 -0.0460968017578125 -0.1494140625 -1.0184326171875
-0.0104856491088867 0.00261878967285156 -0.82232666015625 -0.2877197265625
0.00634765625 0.0327301025390625 -0.523101806640625 0.407073974609375
0.0187149047851562 0.0133457183837891 -0.0777587890625 0.5089111328125
0.0108976364135742 -0.0156631469726563 0.224868774414063 0.276382446289063
0.00787925720214844 0.0192852020263672 0.2708740234375 -0.0025177001953125
-0.000985145568847657 0.0124959945678711 -0.245040893554688 -0.0237579345703125
0.0203132629394531 -0.0277099609375 -0.1297607421875 -0.302947998046875
0.0293121337890625 -0.0107212066650391 0.215789794921875 -0.456329345703125
0.0275897979736328 0.0345783233642578 0.6832275390625 -0.25152587890625
0.00124931335449219 0.0250988006591797 0.742431640625 0.483642578125
-0.0149993896484375 -0.0550880432128906 0.1046142578125 1.00469970703125
0.0179405212402344 -0.00843238830566406 -0.48870849609375 0.65191650390625
0.0541572570800781 0.0164642333984375 0.0520172119140625 0.0566978454589844
0.0359649658203125 -0.0401687622070313 0.567626953125 -0.65777587890625
0.0070953369140625 -0.0395545959472656 -0.14813232421875 -1.01861572265625
-0.003509521484375 0.0124101638793945 -0.82415771484375 -0.2861328125
0.0172882080078125 0.0303821563720703 -0.521820068359375 0.408966064453125
0.0250988006591797 0.00525093078613281 -0.08154296875 0.50762939453125
0.0125598907470703 -0.0236377716064453 0.220687866210937 0.275100708007812
0.00200080871582031 0.0183086395263672 0.27203369140625 -0.001007080078125
-0.0070796012878418 0.00715112686157226 -0.248580932617188 -0.027984619140625
0.0223541259765625 -0.0337276458740234 -0.13458251953125 -0.306396484375
0.0340423583984375 -0.0155296325683594 0.2108154296875 -0.458038330078125
0.0358200073242188 0.0362510681152344 0.67822265625 -0.2596435546875
0.0134239196777344 0.0334186553955078 0.75042724609375 0.47821044921875
-0.0154190063476562 -0.0455245971679688 0.11480712890625 1.00274658203125
0.013249397277832 -0.0111188888549805 -0.4791259765625 0.656982421875
0.054718017578125 0.0105819702148438 0.0551261901855469 0.0567283630371094
0.0336761474609375 -0.0386123657226563 0.57440185546875 -0.65130615234375
0.00720787048339844 -0.0322151184082031 -0.13836669921875 -1.0174560546875
0.00619316101074219 0.0182075500488281 -0.82049560546875 -0.29541015625
0.0266590118408203 0.0312480926513672 -0.528350830078125 0.404296875
0.0290679931640625 -0.00162506103515625 -0.089569091796875 0.506683349609375
0.0124626159667969 -0.0323696136474609 0.215301513671875 0.273452758789063
-0.00144004821777344 0.0179634094238281 0.26922607421875 -0.0028076171875
0.0118484497070313 0.0129117965698242 -0.27777099609375 -0.039398193359375
0.0164260864257812 -0.0107145309448242 -0.169525146484375 -0.320709228515625
0.00939273834228516 0.00432300567626953 0.175079345703125 -0.4886474609375
-0.00492095947265625 0.0405044555664063 0.652099609375 -0.3253173828125
-0.0169677734375 0.0187301635742187 0.7681884765625 0.39862060546875
-0.0165061950683594 -0.0570106506347656 0.17950439453125 0.96221923828125
0.0315704345703125 -0.0013885498046875 -0.4378662109375 0.66265869140625
0.0664443969726563 0.0313606262207031 0.0573959350585938 0.0641365051269531
0.0535354614257813 -0.0284156799316406 0.6219482421875 -0.63934326171875
0.0104408264160156 -0.0488700866699219 -0.0706176757812501 -1.059814453125
-0.0261726379394531 -0.00480842590332031 -0.81121826171875 -0.3731689453125
-0.0146675109863281 0.0376663208007813 -0.56134033203125 0.351409912109375
0.00542831420898437 0.0232219696044922 -0.1124267578125 0.484161376953125
0.0102500915527344 -0.00664806365966797 0.198455810546875 0.264053344726563
0.0115280151367187 0.0204811096191406 0.255599975585938 -0.0221405029296875
0.0123662948608398 0.0159769058227539 -0.271270751953125 -0.0359039306640625
0.0163021087646484 -0.00693225860595703 -0.16015625 -0.313507080078125
0.00788021087646484 0.008819580078125 0.185821533203125 -0.482421875
-0.00642776489257812 0.0354728698730469 0.6593017578125 -0.30755615234375
-0.0200767517089844 0.0130157470703125 0.76141357421875 0.41766357421875
-0.0175514221191406 -0.0634498596191406 0.1600341796875 0.97174072265625
0.0332832336425781 -0.00450897216796875 -0.450927734375 0.65997314453125
0.0652389526367188 0.0308456420898438 0.0545158386230469 0.0605926513671875
0.0534133911132813 -0.0312347412109375 0.609619140625 -0.6446533203125
0.0101737976074219 -0.0550613403320313 -0.0921020507812501 -1.05145263671875
-0.0294895172119141 -0.00604820251464843 -0.81329345703125 -0.35321044921875
-0.0179557800292969 0.040435791015625 -0.550506591796875 0.36700439453125
0.00455284118652344 0.0243721008300781 -0.100250244140625 0.487518310546875
0.00985145568847656 -0.00341224670410156 0.206832885742188 0.271148681640625
0.0128765106201172 0.0228366851806641 0.260955810546875 -0.0158843994140625
0.0129175186157227 0.01629638671875 -0.261810302734375 -0.02825927734375
0.0168437957763672 -0.00849246978759766 -0.151702880859375 -0.309722900390625
0.00869083404541016 0.00787258148193359 0.1951904296875 -0.472320556640625
-0.007843017578125 0.0377731323242188 0.66845703125 -0.29296875
-0.0217761993408203 0.00818634033203125 0.75433349609375 0.43572998046875
-0.017120361328125 -0.0682449340820313 0.13568115234375 0.978271484375
0.0337696075439453 -0.00711441040039062 -0.46478271484375 0.655029296875
0.0668220520019531 0.031036376953125 0.0521316528320313 0.0557022094726562
0.0500755310058594 -0.0331916809082031 0.5972900390625 -0.6495361328125
0.00759506225585938 -0.05548095703125 -0.10906982421875 -1.0408935546875
-0.0283527374267578 -0.00860977172851562 -0.81585693359375 -0.332275390625
-0.0166244506835938 0.0370750427246094 -0.53973388671875 0.377044677734375
0.00335884094238281 0.0243320465087891 -0.089813232421875 0.495025634765625
0.00874471664428711 -0.00353097915649414 0.217727661132813 0.27197265625
0.0137825012207031 0.0202980041503906 0.264755249023438 -0.012298583984375
0.0129280090332031 0.0152311325073242 -0.256240844726563 -0.0263214111328125
0.01763916015625 -0.00935554504394531 -0.140899658203125 -0.3060302734375
0.0120334625244141 0.00764179229736328 0.207733154296875 -0.468719482421875
0.000232696533203127 0.0357780456542969 0.67266845703125 -0.2763671875
-0.0173110961914063 0.0104436874389648 0.75341796875 0.4566650390625
-0.0151901245117187 -0.0672035217285156 0.121337890625 0.99212646484375
0.0311355590820313 -0.00798797607421875 -0.4757080078125 0.65234375
0.0646400451660156 0.0277671813964844 0.05078125 0.055908203125
0.04620361328125 -0.0335960388183594 0.580322265625 -0.65814208984375
0.00704193115234375 -0.0548248291015625 -0.1312255859375 -1.03289794921875
-0.0272064208984375 -0.00672340393066407 -0.82391357421875 -0.3118896484375
-0.0114822387695313 0.0370826721191406 -0.532012939453125 0.39520263671875
0.00660324096679688 0.0209636688232422 -0.0834655761718749 0.501922607421875
0.00917243957519531 -0.00522136688232422 0.224456787109375 0.273529052734375
0.0136337280273438 0.0183048248291016 0.270660400390625 -0.01019287109375
0.0104532241821289 0.0138053894042969 -0.250274658203125 -0.0218505859375
0.0184001922607422 -0.0137805938720703 -0.134368896484375 -0.30364990234375
0.0147323608398438 0.00190162658691406 0.2169189453125 -0.4603271484375
0.00753402709960938 0.0360794067382813 0.67926025390625 -0.26287841796875
-0.0135002136230469 0.0135068893432617 0.74835205078125 0.473388671875
-0.0155754089355469 -0.0665664672851563 0.1102294921875 0.99896240234375
0.0272121429443359 -0.00687217712402344 -0.4840087890625 0.653076171875
0.0614700317382813 0.0228805541992188 0.0511512756347656 0.0519828796386719
0.0426826477050781 -0.0384902954101563 0.5692138671875 -0.66094970703125
0.00624847412109375 -0.050811767578125 -0.14508056640625 -1.02764892578125
-0.0193500518798828 -0.00147819519042969 -0.824462890625 -0.29571533203125
-0.00172042846679687 0.0364913940429688 -0.52325439453125 0.405487060546875
0.0119495391845703 0.0168952941894531 -0.075286865234375 0.50811767578125
0.0111017227172852 -0.0116357803344727 0.227066040039062 0.276397705078125
0.0101699829101563 0.0167427062988281 0.272735595703125 -0.00457763671875
0.00479507446289062 0.0126523971557617 -0.246322631835938 -0.0240631103515625
0.0197868347167969 -0.0197124481201172 -0.129486083984375 -0.301483154296875
0.0234127044677734 -0.00485610961914063 0.220184326171875 -0.4588623046875
0.0160980224609375 0.035247802734375 0.68121337890625 -0.256591796875
-0.00419235229492187 0.0196819305419922 0.74456787109375 0.4813232421875
-0.0165328979492188 -0.0599441528320313 0.10589599609375 1.006591796875
0.0249195098876953 -0.0098724365234375 -0.48681640625 0.65325927734375
0.058197021484375 0.0191078186035156 0.0516624450683594 0.0534782409667969
0.03741455078125 -0.0413398742675781 0.56304931640625 -0.6602783203125
0.00543212890625 -0.0454177856445313 -0.15338134765625 -1.01983642578125
-0.0128965377807617 0.00396347045898437 -0.825927734375 -0.28460693359375
0.00787734985351563 0.0333309173583984 -0.523651123046875 0.4124755859375
0.0186576843261719 0.0113716125488281 -0.075164794921875 0.511932373046875
0.0122156143188477 -0.0167999267578125 0.228134155273437 0.275405883789062
0.00856781005859375 0.0190773010253906 0.272994995117188 -0.00494384765625
-0.00143814086914062 0.0128936767578125 -0.248931884765625 -0.0238800048828125
0.0203800201416016 -0.0265483856201172 -0.13458251953125 -0.304779052734375
0.0285816192626953 -0.0100898742675781 0.215301513671875 -0.457611083984375
0.0270881652832031 0.0345363616943359 0.681640625 -0.25689697265625
0.00261878967285156 0.0252780914306641 0.747802734375 0.48065185546875
-0.0166778564453125 -0.0543136596679688 0.10894775390625 1.0068359375
0.0169687271118164 -0.0106544494628906 -0.48583984375 0.65643310546875
0.0567169189453125 0.0138130187988281 0.0541648864746094 0.0562934875488281
0.0333213806152344 -0.0390815734863281 0.567138671875 -0.65771484375
0.00368881225585938 -0.0367774963378906 -0.1475830078125 -1.021240234375
-0.00310420989990234 0.0112466812133789 -0.82574462890625 -0.28399658203125
0.02032470703125 0.0295619964599609 -0.522491455078125 0.409027099609375
0.0251846313476563 0.00506973266601563 -0.080474853515625 0.511566162109375
0.0130844116210937 -0.024627685546875 0.224227905273438 0.27587890625
0.00313186645507813 0.0178394317626953 0.274093627929688 -0.0029754638671875
-0.00559711456298828 0.0091104507446289 -0.251556396484375 -0.0253753662109375
0.0203475952148438 -0.0327835083007813 -0.139007568359375 -0.307586669921875
0.0332241058349609 -0.0157413482666016 0.206146240234375 -0.462310791015625
0.0379753112792969 0.0350685119628906 0.67974853515625 -0.26434326171875
0.0122394561767578 0.0340652465820313 0.75262451171875 0.47369384765625
-0.0161056518554688 -0.0473098754882813 0.12042236328125 1.00439453125
0.0146551132202148 -0.0118036270141602 -0.4781494140625 0.6590576171875
0.0532379150390625 0.00990676879882813 0.0543060302734375 0.057861328125
0.0318679809570313 -0.0380668640136719 0.57208251953125 -0.6549072265625
0.00501823425292969 -0.0312728881835938 -0.1412353515625 -1.0238037109375
0.00532054901123047 0.0149326324462891 -0.82305908203125 -0.2921142578125
0.0272102355957031 0.0290470123291016 -0.52838134765625 0.407196044921875
0.0293407440185547 -0.00139617919921875 -0.085723876953125 0.507598876953125
0.0128154754638672 -0.0307559967041016 0.218704223632813 0.273727416992188
-0.00221920013427734 0.0169181823730469 0.2694091796875 -0.002197265625
0.0111570358276367 0.0170650482177734 -0.280136108398438 -0.03985595703125
0.015446662902832 -0.0113353729248047 -0.17596435546875 -0.31890869140625
0.00905323028564453 0.0056304931640625 0.17156982421875 -0.4935302734375
-0.00262832641601563 0.0383872985839844 0.6505126953125 -0.33074951171875
-0.0166349411010742 0.0165586471557617 0.77337646484375 0.39312744140625
-0.0170555114746094 -0.0591812133789063 0.18280029296875 0.961669921875
0.0323848724365234 -0.00267791748046875 -0.437255859375 0.66619873046875
0.0665397644042969 0.0313644409179688 0.0580253601074219 0.0634765625
0.0524063110351563 -0.0291748046875 0.62420654296875 -0.64306640625
0.010833740234375 -0.0513839721679688 -0.0746459960937501 -1.06121826171875
-0.0260200500488281 -0.00345611572265626 -0.81414794921875 -0.3682861328125
-0.0133934020996094 0.0381431579589844 -0.560882568359375 0.35601806640625
0.00469970703125 0.0207157135009766 -0.1114501953125 0.486907958984375
0.00895404815673828 -0.00817584991455078 0.201217651367187 0.266876220703125
0.013336181640625 0.0193099975585938 0.25787353515625 -0.0210723876953125
0.0136804580688477 0.0152692794799805 -0.271759033203125 -0.0349884033203125
0.015355110168457 -0.00774192810058594 -0.164459228515625 -0.314239501953125
0.00782489776611328 0.00771760940551758 0.183197021484375 -0.488250732421875
-0.0074310302734375 0.0377044677734375 0.6591796875 -0.31536865234375
-0.0210723876953125 0.0135860443115234 0.76666259765625 0.4119873046875
-0.0169258117675781 -0.0653038024902344 0.1651611328125 0.9705810546875
0.0347747802734375 -0.00596237182617188 -0.4500732421875 0.662353515625
0.0668144226074219 0.0322036743164063 0.0556564331054688 0.0611190795898438
0.0524787902832031 -0.0302848815917969 0.6070556640625 -0.64752197265625
0.00954818725585938 -0.0538177490234375 -0.0948486328125001 -1.0546875
-0.0294551849365234 -0.00824356079101563 -0.82025146484375 -0.35089111328125
-0.0174484252929688 0.039459228515625 -0.54986572265625 0.37066650390625
0.00429916381835937 0.0235939025878906 -0.10040283203125 0.4931640625
0.00979518890380859 -0.00279331207275391 0.210952758789062 0.2696533203125
0.0139617919921875 0.0197372436523437 0.263885498046875 -0.0186920166015625
0.0137929916381836 0.0170679092407227 -0.2647705078125 -0.028228759765625
0.0162534713745117 -0.00844478607177734 -0.15399169921875 -0.308929443359375
0.00729036331176758 0.00838422775268555 0.1947021484375 -0.476776123046875
-0.0054168701171875 0.0373115539550781 0.6683349609375 -0.29901123046875
-0.0206279754638672 0.00745010375976562 0.75897216796875 0.431640625
-0.0172691345214844 -0.0701751708984375 0.14129638671875 0.98114013671875
0.0314617156982422 -0.00644493103027344 -0.46661376953125 0.6578369140625
0.0645065307617188 0.029998779296875 0.0533638000488281 0.0579948425292969
0.0501327514648438 -0.0339164733886719 0.59619140625 -0.654541015625
0.00763702392578125 -0.0579643249511719 -0.1124267578125 -1.045166015625
-0.0289077758789062 -0.01043701171875 -0.82080078125 -0.33001708984375
-0.0160980224609375 0.0397224426269531 -0.54193115234375 0.380889892578125
0.00428581237792969 0.0222969055175781 -0.088348388671875 0.498077392578125
0.00898551940917969 -0.00358295440673828 0.2205810546875 0.272445678710938
0.0151901245117187 0.0215053558349609 0.268661499023438 -0.0133514404296875
0.0145092010498047 0.0162820816040039 -0.256881713867188 -0.0262908935546875
0.0162725448608398 -0.00897502899169922 -0.141876220703125 -0.30609130859375
0.0125131607055664 0.00740337371826172 0.209503173828125 -0.471405029296875
3.43322753906274E-05 0.0359458923339844 0.6781005859375 -0.28271484375
-0.018463134765625 0.00787544250488281 0.7572021484375 0.4544677734375
-0.0159416198730469 -0.0686683654785156 0.12664794921875 0.9927978515625
0.0311489105224609 -0.00600814819335938 -0.47601318359375 0.65789794921875
0.0633430480957031 0.0279731750488281 0.0504798889160156 0.0537376403808594
0.0445976257324219 -0.0367927551269531 0.58013916015625 -0.660888671875
0.0061492919921875 -0.0567779541015625 -0.13604736328125 -1.03717041015625
-0.0250949859619141 -0.00883674621582031 -0.82647705078125 -0.3096923828125
-0.0106239318847656 0.0369606018066406 -0.533050537109375 0.395477294921875
0.007965087890625 0.0213546752929688 -0.078826904296875 0.505645751953125
0.00946140289306641 -0.00407791137695313 0.225326538085937 0.274261474609375
0.0150318145751953 0.0194149017333984 0.271804809570312 -0.009979248046875
0.00883197784423828 0.0153064727783203 -0.252334594726562 -0.0236053466796875
0.0175008773803711 -0.0148277282714844 -0.137725830078125 -0.305938720703125
0.0170297622680664 0.00305652618408203 0.21295166015625 -0.46356201171875
0.00730323791503907 0.0338306427001953 0.68157958984375 -0.2684326171875
-0.0119361877441406 0.012110710144043 0.75250244140625 0.46826171875
-0.0170745849609375 -0.0657157897949219 0.11517333984375 1
0.0278396606445313 -0.00815010070800781 -0.48455810546875 0.65521240234375
0.0626449584960938 0.0242538452148438 0.0509185791015625 0.0529747009277344
0.0434417724609375 -0.0368995666503906 0.56915283203125 -0.66400146484375
0.0042266845703125 -0.0523262023925781 -0.149658203125 -1.03143310546875
-0.0193500518798828 -0.00250053405761719 -0.82598876953125 -0.2930908203125
-0.0022125244140625 0.0352897644042969 -0.5245361328125 0.409698486328125
0.0141706466674805 0.0173454284667969 -0.07452392578125 0.510589599609375
0.0103464126586914 -0.00920772552490234 0.231094360351562 0.275314331054688
0.0113010406494141 0.0191020965576172 0.276138305664063 -0.008514404296875
0.00718212127685547 0.0139808654785156 -0.247222900390625 -0.0216064453125
0.0179786682128906 -0.0216197967529297 -0.1341552734375 -0.301849365234375
0.0233402252197266 -0.00226211547851562 0.215179443359375 -0.4617919921875
0.0172157287597656 0.0354766845703125 0.683837890625 -0.2623291015625
-0.0034952163696289 0.0166702270507813 0.7493896484375 0.479248046875
-0.0161209106445312 -0.0637626647949219 0.1094970703125 1.0057373046875
0.0226039886474609 -0.00898361206054688 -0.48651123046875 0.658447265625
0.0603294372558594 0.0188827514648438 0.0525627136230469 0.0528907775878906
0.0385818481445313 -0.0375289916992187 0.5672607421875 -0.6640625
0.00490951538085938 -0.0461311340332031 -0.1578369140625 -1.0264892578125
-0.0103559494018555 0.0022134780883789 -0.83160400390625 -0.28228759765625
0.00956535339355469 0.0328502655029297 -0.524017333984375 0.413909912109375
0.01800537109375 0.0111808776855469 -0.074737548828125 0.511260986328125
0.011317253112793 -0.0164623260498047 0.231704711914063 0.276229858398438
0.00982475280761719 0.0182571411132812 0.276779174804688 -0.0043792724609375
0.0006256103515625 0.010869026184082 -0.248458862304688 -0.0214691162109375
0.0183753967285156 -0.0251865386962891 -0.13507080078125 -0.30364990234375
0.0288925170898437 -0.0105953216552734 0.213470458984375 -0.46142578125
0.0283527374267578 0.0335903167724609 0.68194580078125 -0.262451171875
0.0028533935546875 0.0247459411621094 0.751708984375 0.47845458984375
-0.0157814025878906 -0.0542259216308594 0.11431884765625 1.0106201171875
0.0185489654541016 -0.0110988616943359 -0.4835205078125 0.65863037109375
0.0565528869628906 0.013641357421875 0.0524711608886719 0.0541229248046875
0.0337409973144531 -0.0388526916503906 0.5672607421875 -0.66461181640625
0.00490951538085937 -0.0383644104003906 -0.15325927734375 -1.023193359375
-0.0029144287109375 0.00944137573242188 -0.83203125 -0.2799072265625
0.0208721160888672 0.0295448303222656 -0.522918701171875 0.41650390625
0.0243549346923828 0.00516700744628906 -0.0755615234375 0.51275634765625
0.0112876892089844 -0.024322509765625 0.227630615234375 0.2747802734375
0.00462722778320312 0.0168342590332031 0.274871826171875 -0.0052947998046875
-0.00333595275878906 0.00906276702880859 -0.25274658203125 -0.0248870849609375
0.0222396850585938 -0.0346164703369141 -0.13970947265625 -0.306304931640625
0.0330123901367188 -0.0184440612792969 0.204986572265625 -0.46435546875
0.0379486083984375 0.0338058471679688 0.680908203125 -0.26995849609375
0.0125026702880859 0.0307025909423828 0.75628662109375 0.46954345703125
-0.016876220703125 -0.0478515625 0.123291015625 1.00531005859375
0.0146865844726562 -0.0109891891479492 -0.4765625 0.66314697265625
0.0556716918945313 0.0116004943847656 0.0546226501464844 0.0588493347167969
0.0317306518554688 -0.03924560546875 0.57257080078125 -0.65850830078125
0.00622749328613281 -0.0325222015380859 -0.1436767578125 -1.02685546875
0.00666236877441406 0.0160636901855469 -0.82733154296875 -0.2884521484375
0.0274810791015625 0.0299148559570312 -0.52978515625 0.41082763671875
0.0294609069824219 -0.00260734558105469 -0.084503173828125 0.510467529296875
0.0126361846923828 -0.0315151214599609 0.221420288085937 0.275238037109375
0.000172615051269533 0.0174493789672852 0.272430419921875 -0.0049896240234375
0.0150766372680664 0.0159616470336914 -0.281524658203125 -0.03826904296875
0.0163459777832031 -0.0116910934448242 -0.17840576171875 -0.32012939453125
0.00989723205566406 0.00632572174072266 0.168121337890625 -0.497283935546875
-0.00185775756835937 0.0377273559570313 0.65380859375 -0.3387451171875
-0.015772819519043 0.0168437957763672 0.77984619140625 0.3895263671875
-0.0182571411132812 -0.0614585876464844 0.18878173828125 0.9635009765625
0.033721923828125 -0.003387451171875 -0.43585205078125 0.67181396484375
0.0676193237304688 0.0314102172851563 0.0579032897949219 0.0647163391113281
0.0501670837402344 -0.0297813415527344 0.6240234375 -0.64727783203125
0.0109825134277344 -0.0509223937988281 -0.0759887695312501 -1.06805419921875
-0.0259037017822266 -0.00451278686523437 -0.81964111328125 -0.36962890625
-0.0139999389648438 0.0389022827148438 -0.560791015625 0.35980224609375
0.00396728515625 0.0224151611328125 -0.109130859375 0.488433837890625
0.0101099014282227 -0.00686836242675781 0.204315185546875 0.26690673828125
0.0138587951660156 0.0195636749267578 0.26171875 -0.0241241455078125
0.0153932571411133 0.0171842575073242 -0.275115966796875 -0.0322113037109375
0.0154409408569336 -0.00999069213867188 -0.1680908203125 -0.314605712890625
0.00771331787109375 0.00896263122558594 0.182525634765625 -0.490814208984375
-0.00641250610351562 0.037109375 0.66064453125 -0.32244873046875
-0.0205898284912109 0.0103054046630859 0.77349853515625 0.40740966796875
-0.0180816650390625 -0.0670242309570312 0.17010498046875 0.9718017578125
0.0344772338867188 -0.0046844482421875 -0.4478759765625 0.66619873046875
0.0677528381347656 0.0323638916015625 0.0550537109375 0.0631484985351563
0.0526847839355469 -0.0301933288574219 0.60845947265625 -0.65283203125
0.0077362060546875 -0.0544471740722656 -0.100830078125 -1.05877685546875
-0.0299339294433594 -0.00979804992675782 -0.8232421875 -0.34820556640625
-0.0170097351074219 0.0368156433105469 -0.55224609375 0.37286376953125
0.00442695617675781 0.0228691101074219 -0.096893310546875 0.494903564453125
0.00892066955566406 -0.00353622436523438 0.2138671875 0.271255493164063
0.0176639556884766 0.0201416015625 0.264984130859375 -0.020416259765625
0.0141391754150391 0.0157785415649414 -0.266311645507813 -0.0275115966796876
0.0173549652099609 -0.00791263580322266 -0.156890869140625 -0.3104248046875
0.0088653564453125 0.00879669189453125 0.191925048828125 -0.483123779296875
-0.00593185424804688 0.0376396179199219 0.66961669921875 -0.30621337890625
-0.0212154388427734 0.0079803466796875 0.7650146484375 0.42962646484375
-0.0185623168945313 -0.0702476501464844 0.1458740234375 0.983642578125
0.0328159332275391 -0.00750541687011719 -0.4630126953125 0.66339111328125
0.0670280456542969 0.0295753479003906 0.0527992248535156 0.0579109191894531
0.0497856140136719 -0.0326766967773438 0.5926513671875 -0.65765380859375
0.00643920898437499 -0.0584564208984375 -0.11822509765625 -1.0487060546875
-0.0289897918701172 -0.00847244262695312 -0.82537841796875 -0.32574462890625
-0.0147056579589844 0.0377464294433594 -0.541046142578125 0.38720703125
0.00287818908691406 0.0226593017578125 -0.0850524902343751 0.500152587890625
0.00821685791015625 -0.00633049011230469 0.223098754882813 0.273452758789063
0.0157794952392578 0.0217475891113281 0.271804809570312 -0.015289306640625
0.0157928466796875 0.0163688659667969 -0.2584228515625 -0.02447509765625
0.0154314041137695 -0.00952339172363281 -0.146728515625 -0.305908203125
0.0128879547119141 0.00745201110839844 0.20391845703125 -0.476287841796875
0.00126266479492188 0.0351638793945313 0.67669677734375 -0.29095458984375
-0.0173225402832031 0.00802898406982422 0.7630615234375 0.44879150390625
-0.0178909301757813 -0.0696754455566406 0.1317138671875 0.993896484375
0.0305080413818359 -0.00842094421386719 -0.4736328125 0.66180419921875
0.0653419494628906 0.0291900634765625 0.0523223876953125 0.0549964904785156
0.0483551025390625 -0.0351219177246094 0.58001708984375 -0.66583251953125
0.00622177124023437 -0.0567779541015625 -0.14202880859375 -1.039794921875
-0.0265083312988281 -0.00747299194335937 -0.83160400390625 -0.305908203125
-0.0106239318847656 0.0352859497070313 -0.532806396484375 0.401641845703125
0.00940132141113281 0.0222797393798828 -0.07598876953125 0.509124755859375
0.00951480865478515 -0.00616836547851562 0.230224609375 0.274581909179688
0.0150232315063477 0.0175657272338867 0.272811889648438 -0.0111236572265625
0.0118608474731445 0.0144672393798828 -0.251693725585938 -0.0207366943359375
0.0173301696777344 -0.0140037536621094 -0.140350341796875 -0.304779052734375
0.0161876678466797 0.00361824035644531 0.2113037109375 -0.468780517578125
0.00648880004882812 0.0341758728027344 0.6822509765625 -0.27374267578125
-0.0128250122070312 0.0109720230102539 0.75836181640625 0.46441650390625
-0.0177497863769531 -0.0672569274902344 0.1190185546875 1.00408935546875
0.0276641845703125 -0.00780868530273438 -0.48065185546875 0.65875244140625
0.0622367858886719 0.0241317749023437 0.0508460998535156 0.0555648803710938
0.0421943664550781 -0.0364570617675781 0.56982421875 -0.66741943359375
0.00426483154296875 -0.0534858703613281 -0.15655517578125 -1.0330810546875
-0.0196781158447266 -0.00159263610839844 -0.83282470703125 -0.28662109375
-0.00152206420898438 0.0339279174804688 -0.525543212890625 0.413299560546875
0.0133085250854492 0.0165634155273438 -0.071929931640625 0.51190185546875
0.00878524780273438 -0.0101985931396484 0.235427856445313 0.2747802734375
0.0141830444335937 0.0197105407714844 0.278060913085938 -0.007049560546875
0.00684165954589844 0.0144853591918945 -0.249801635742188 -0.0188446044921875
0.0167350769042969 -0.0220222473144531 -0.138397216796875 -0.303009033203125
0.0220260620117188 -0.00310897827148437 0.21429443359375 -0.465850830078125
0.0174770355224609 0.0344963073730469 0.684326171875 -0.2698974609375
-0.00561904907226562 0.0153341293334961 0.75634765625 0.47088623046875
-0.0186996459960937 -0.0622406005859375 0.1143798828125 1.00933837890625
0.0236682891845703 -0.00935173034667969 -0.48504638671875 0.66107177734375
0.0612030029296875 0.0184822082519531 0.051025390625 0.0533103942871094
0.0392608642578125 -0.0373573303222656 0.56317138671875 -0.66839599609375
0.0044708251953125 -0.0472259521484375 -0.160888671875 -1.02789306640625
-0.0101146697998047 0.00189018249511719 -0.8370361328125 -0.2802734375
0.0088653564453125 0.0329341888427734 -0.5225830078125 0.420074462890625
0.0193252563476563 0.00928688049316406 -0.070037841796875 0.5159912109375
0.00880813598632813 -0.01898193359375 0.233978271484375 0.27880859375
0.0105190277099609 0.0194377899169922 0.277297973632813 -0.0076904296875
0.00114250183105469 0.0112638473510742 -0.2509765625 -0.0200653076171875
0.0180912017822266 -0.0289649963378906 -0.139007568359375 -0.304901123046875
0.0272617340087891 -0.0102443695068359 0.209625244140625 -0.4644775390625
0.0285930633544922 0.0341434478759766 0.6844482421875 -0.26873779296875
0.00427436828613282 0.0218086242675781 0.75537109375 0.47283935546875
-0.0186195373535156 -0.0569229125976563 0.119140625 1.0106201171875
0.0190219879150391 -0.0106353759765625 -0.48040771484375 0.6629638671875
0.0583839416503906 0.0159950256347656 0.0527381896972656 0.0565223693847656
0.035491943359375 -0.0411300659179688 0.567626953125 -0.66827392578125
0.00413131713867187 -0.0405654907226562 -0.16058349609375 -1.0291748046875
-0.000590324401855469 0.00794553756713867 -0.83294677734375 -0.2777099609375
0.019805908203125 0.0291919708251953 -0.52362060546875 0.42010498046875
0.0248241424560547 0.00455474853515625 -0.07550048828125 0.51611328125
0.0091552734375 -0.0260639190673828 0.23046875 0.275238037109375
0.00654220581054688 0.0183315277099609 0.275665283203125 -0.00506591796875
-0.00294589996337891 0.00988197326660156 -0.255035400390625 -0.0237274169921874
0.0203189849853516 -0.0340499877929687 -0.14593505859375 -0.305633544921875
0.0311450958251953 -0.0171222686767578 0.20269775390625 -0.468963623046875
0.039825439453125 0.0331153869628906 0.68109130859375 -0.2783203125
0.0114727020263672 0.0297641754150391 0.76202392578125 0.4637451171875
-0.0163421630859375 -0.0482254028320312 0.13226318359375 1.0078125
0.0158042907714844 -0.0109920501708984 -0.47503662109375 0.6669921875
0.05615234375 0.0117263793945313 0.0534820556640625 0.0591049194335938
0.0309982299804688 -0.0377616882324219 0.5723876953125 -0.66400146484375
0.00556373596191406 -0.0321578979492188 -0.1505126953125 -1.02447509765625
0.00594520568847656 0.0155916213989258 -0.8343505859375 -0.28216552734375
0.0301284790039063 0.0268287658691406 -0.531585693359375 0.416107177734375
0.0296497344970703 -0.00152587890625 -0.0802001953125 0.51416015625
0.0109920501708984 -0.0316104888916016 0.22576904296875 0.275177001953125
0.00143623352050781 0.0176200866699219 0.27459716796875 -0.0077667236328125
0.0142087936401367 0.0151224136352539 -0.283111572265625 -0.034820556640625
0.0164833068847656 -0.0124340057373047 -0.182464599609375 -0.3193359375
0.00846195220947266 0.00535202026367188 0.165374755859375 -0.503173828125
-0.001953125 0.036590576171875 0.65203857421875 -0.3472900390625
-0.0181198120117188 0.0144615173339844 0.78515625 0.38311767578125
-0.0206298828125 -0.0603828430175781 0.1961669921875 0.966064453125
0.0352859497070313 -0.00434494018554687 -0.43255615234375 0.67559814453125
0.0676498413085938 0.0300559997558594 0.0575599670410156 0.0658226013183594
0.0518798828125 -0.0290603637695313 0.62091064453125 -0.65423583984375
0.008544921875 -0.0514030456542969 -0.0851440429687499 -1.0712890625
-0.0236415863037109 -0.00466918945312499 -0.82476806640625 -0.363525390625
-0.0133438110351562 0.0381088256835938 -0.5645751953125 0.3663330078125
0.00495147705078125 0.0219211578369141 -0.105010986328125 0.491485595703125
0.00972175598144531 -0.00793552398681641 0.209396362304688 0.2681884765625
0.0165920257568359 0.0195102691650391 0.263748168945313 -0.024261474609375
0.0162258148193359 0.0154943466186523 -0.275146484375 -0.03106689453125
0.0163650512695313 -0.0081939697265625 -0.170745849609375 -0.31573486328125
0.00720787048339844 0.00974082946777344 0.175567626953125 -0.49493408203125
-0.00550079345703125 0.0374259948730469 0.660400390625 -0.3292236328125
-0.0195236206054688 0.0103359222412109 0.77801513671875 0.40234375
-0.0192642211914063 -0.0686073303222656 0.17608642578125 0.9765625
0.0333290100097656 -0.00545692443847656 -0.44842529296875 0.67095947265625
0.070343017578125 0.0298614501953125 0.0568351745605469 0.0612220764160156
0.0512046813964844 -0.0311470031738281 0.60565185546875 -0.6624755859375
0.00693893432617188 -0.0558624267578125 -0.10650634765625 -1.06158447265625
-0.0295505523681641 -0.00828170776367188 -0.82855224609375 -0.343505859375
-0.0156898498535156 0.0389671325683594 -0.549102783203125 0.3797607421875
0.00366020202636719 0.0233516693115234 -0.092010498046875 0.497467041015625
0.00757884979248047 -0.0038762092590332 0.22003173828125 0.27008056640625
0.0162353515625 0.0208625793457031 0.266220092773437 -0.0225067138671875
0.0167436599731445 0.0143365859985352 -0.26873779296875 -0.0248870849609375
0.0152206420898438 -0.00864601135253906 -0.159576416015625 -0.3101806640625
0.00682544708251953 0.00829219818115234 0.189483642578125 -0.486846923828125
-0.00342941284179688 0.0382652282714844 0.6688232421875 -0.31488037109375
-0.0205650329589844 0.00902748107910156 0.770263671875 0.42218017578125
-0.0205268859863281 -0.0699386596679688 0.15374755859375 0.97955322265625
0.0346508026123047 -0.00569725036621094 -0.46112060546875 0.668701171875
0.0683326721191406 0.0303192138671875 0.0536231994628906 0.0595054626464844
0.0506553649902344 -0.0325889587402344 0.5946044921875 -0.66400146484375
0.00437927246093749 -0.0571708679199219 -0.1224365234375 -1.05224609375
-0.0278110504150391 -0.0107936859130859 -0.83203125 -0.3245849609375
-0.0153617858886719 0.0356254577636719 -0.541107177734375 0.392425537109375
0.0038909912109375 0.0215263366699219 -0.08172607421875 0.5032958984375
0.00775384902954101 -0.00413894653320313 0.228363037109375 0.272491455078125
0.0166416168212891 0.0166015625 0.272720336914063 -0.0182342529296875
0.0171613693237305 0.0164203643798828 -0.263259887695313 -0.0225067138671875
0.0150623321533203 -0.00876712799072265 -0.151702880859375 -0.30816650390625
0.0105962753295898 0.00864410400390625 0.2027587890625 -0.480499267578125
0.00133132934570313 0.0356521606445313 0.67681884765625 -0.29876708984375
-0.017542839050293 0.00731468200683593 0.76959228515625 0.444091796875
-0.019317626953125 -0.0699729919433594 0.138671875 0.9959716796875
0.0329151153564453 -0.00801849365234375 -0.4720458984375 0.6661376953125
0.0649261474609375 0.0279197692871094 0.0535621643066406 0.0537338256835937
0.047393798828125 -0.0358619689941406 0.57904052734375 -0.66925048828125
0.00480270385742187 -0.0578422546386719 -0.14764404296875 -1.044677734375
-0.0247173309326172 -0.0066680908203125 -0.83721923828125 -0.3013916015625
-0.00979995727539063 0.0363349914550781 -0.53228759765625 0.406829833984375
0.0087738037109375 0.0211181640625 -0.07391357421875 0.50994873046875
0.0100059509277344 -0.00669384002685547 0.234283447265625 0.275146484375
0.0166454315185547 0.0182170867919922 0.277847290039062 -0.0127105712890625
0.0124893188476563 0.0141620635986328 -0.257156372070313 -0.0175018310546875
0.0155582427978516 -0.0147647857666016 -0.145477294921875 -0.304962158203125
0.0149507522583008 0.0045166015625 0.20648193359375 -0.47344970703125
0.00866508483886719 0.0332202911376953 0.68341064453125 -0.2852783203125
-0.0104312896728516 0.0100889205932617 0.76458740234375 0.46087646484375
-0.0203933715820313 -0.0697097778320313 0.12481689453125 1.0062255859375
0.0261001586914063 -0.00972938537597656 -0.47882080078125 0.66522216796875
0.0641136169433594 0.0238723754882813 0.0508308410644531 0.0545425415039063
0.0419235229492188 -0.0377349853515625 0.56707763671875 -0.67376708984375
0.00382614135742188 -0.0527877807617188 -0.1614990234375 -1.03826904296875
-0.0200614929199219 -0.00547218322753907 -0.83837890625 -0.28277587890625
-0.00224494934082031 0.0345134735107422 -0.525787353515625 0.418670654296875
0.0120773315429687 0.0176506042480469 -0.068756103515625 0.51220703125
0.00993251800537109 -0.00932979583740234 0.237380981445312 0.279006958007813
0.0133914947509766 0.0182533264160156 0.277297973632813 -0.0106201171875
0.00889968872070312 0.0141849517822266 -0.253387451171875 -0.019195556640625
0.0174903869628906 -0.0208396911621094 -0.14044189453125 -0.303314208984375
0.0218067169189453 -0.000745773315429688 0.210205078125 -0.47003173828125
0.0206451416015625 0.0360527038574219 0.68548583984375 -0.2769775390625
-0.0055999755859375 0.0129461288452148 0.762451171875 0.46685791015625
-0.0179634094238281 -0.0628547668457031 0.1177978515625 1.014404296875
0.0250091552734375 -0.00970268249511719 -0.48321533203125 0.6656494140625
0.0631217956542969 0.0189170837402344 0.0533294677734375 0.0541000366210938
0.0373687744140625 -0.0383377075195313 0.564208984375 -0.67547607421875
0.00177764892578125 -0.0457878112792969 -0.16741943359375 -1.03228759765625
-0.0127725601196289 -0.000311851501464845 -0.8375244140625 -0.27435302734375
0.0114479064941406 0.0320892333984375 -0.522735595703125 0.4268798828125
0.0188770294189453 0.0125846862792969 -0.06878662109375 0.51861572265625
0.00860118865966797 -0.0160026550292969 0.239456176757812 0.277008056640625
0.0121269226074219 0.0191097259521484 0.282379150390625 -0.008453369140625
0.00312042236328125 0.0125799179077148 -0.252975463867188 -0.01873779296875
0.0204658508300781 -0.0264129638671875 -0.14385986328125 -0.303497314453125
0.0250015258789062 -0.0104122161865234 0.2073974609375 -0.470123291015625
0.0277385711669922 0.0318794250488281 0.684326171875 -0.277099609375
0.003204345703125 0.0216636657714844 0.76324462890625 0.4669189453125
-0.020172119140625 -0.0582656860351562 0.12249755859375 1.01300048828125
0.0199146270751953 -0.0103073120117188 -0.4815673828125 0.66748046875
0.0606193542480469 0.0149917602539063 0.0536842346191406 0.0581703186035156
0.0356178283691406 -0.0386009216308594 0.5660400390625 -0.67181396484375
0.00287628173828125 -0.0402488708496094 -0.1661376953125 -1.03314208984375
-0.0012202262878418 0.00787925720214844 -0.84112548828125 -0.2742919921875
0.0197181701660156 0.0286712646484375 -0.522979736328125 0.42572021484375
0.0242786407470703 0.00275421142578125 -0.069122314453125 0.517730712890625
0.0100040435791016 -0.0243892669677734 0.236526489257813 0.275283813476563
0.00627708435058594 0.0182418823242188 0.278976440429688 -0.0078582763671875
-0.00292205810546875 0.0107870101928711 -0.257858276367188 -0.0222015380859374
0.0189323425292969 -0.0345573425292969 -0.149383544921875 -0.3074951171875
0.0344276428222656 -0.0178127288818359 0.200897216796875 -0.47308349609375
0.0392608642578125 0.0335121154785156 0.68035888671875 -0.28436279296875
0.0119552612304688 0.029693603515625 0.76983642578125 0.45941162109375
-0.0213699340820313 -0.0507736206054688 0.13861083984375 1.01055908203125
0.0161943435668945 -0.0130786895751953 -0.47283935546875 0.672607421875
0.0579032897949219 0.0115280151367188 0.0541915893554688 0.0600852966308594
0.0327644348144531 -0.0368766784667969 0.57037353515625 -0.66888427734375
0.00542068481445313 -0.0336322784423828 -0.15484619140625 -1.03521728515625
0.00664138793945312 0.0153026580810547 -0.8348388671875 -0.28094482421875
0.0297603607177734 0.027313232421875 -0.5289306640625 0.42193603515625
0.0288925170898438 -0.00364494323730469 -0.0797119140625 0.51837158203125
0.0104694366455078 -0.0300636291503906 0.229034423828125 0.27569580078125
0.00267314910888672 0.0174436569213867 0.277084350585938 -0.0081634521484375
0.01593017578125 0.0168027877807617 -0.28729248046875 -0.0330810546875
0.0138492584228516 -0.0114860534667969 -0.1885986328125 -0.318572998046875
0.00625944137573242 0.00631618499755859 0.161041259765625 -0.50787353515625
-0.00204086303710938 0.0376663208007812 0.65252685546875 -0.355712890625
-0.0158185958862305 0.0117082595825195 0.79150390625 0.377197265625
-0.0218544006347656 -0.0637321472167969 0.20062255859375 0.968017578125
0.0341854095458984 -0.00559616088867188 -0.42779541015625 0.68060302734375
0.0700263977050781 0.0316276550292969 0.0587959289550781 0.0665397644042969
0.0528411865234375 -0.0294723510742187 0.62103271484375 -0.66131591796875
0.0107765197753906 -0.0520401000976562 -0.0937500000000001 -1.0765380859375
-0.0267868041992188 -0.00619888305664062 -0.8331298828125 -0.35833740234375
-0.0118789672851563 0.0366439819335938 -0.561737060546875 0.3731689453125
0.00689315795898438 0.0221481323242188 -0.101593017578125 0.4969482421875
0.00800228118896484 -0.00773715972900391 0.215011596679688 0.266281127929688
0.0166568756103516 0.0202770233154297 0.26611328125 -0.02642822265625
0.017974853515625 0.0175342559814453 -0.276611328125 -0.028961181640625
0.0156660079956055 -0.00967025756835938 -0.176239013671875 -0.31536865234375
0.00690269470214844 0.00939846038818359 0.173919677734375 -0.50006103515625
-0.00514602661132813 0.037322998046875 0.66180419921875 -0.33917236328125
-0.0203723907470703 0.00904655456542968 0.783935546875 0.3941650390625
-0.0214195251464844 -0.0657081604003906 0.18389892578125 0.9755859375
0.0347309112548828 -0.00577926635742188 -0.44464111328125 0.676025390625
0.0702743530273438 0.0304794311523438 0.0570068359375 0.0618667602539063
0.050018310546875 -0.0337295532226563 0.60552978515625 -0.66845703125
0.00799179077148438 -0.0550956726074219 -0.11572265625 -1.068359375
-0.0290737152099609 -0.00864410400390626 -0.836181640625 -0.33892822265625
-0.014404296875 0.0385971069335938 -0.5513916015625 0.385955810546875
0.00414466857910156 0.0229129791259766 -0.087890625 0.500396728515625
0.00782299041748047 -0.00413370132446289 0.223709106445313 0.27215576171875
0.0199184417724609 0.0202350616455078 0.270233154296875 -0.023162841796875
0.018035888671875 0.0168285369873047 -0.273773193359375 -0.023040771484375
0.0142278671264648 -0.00954627990722656 -0.164886474609375 -0.30999755859375
0.00561141967773438 0.00971698760986328 0.185882568359375 -0.49041748046875
-0.0050811767578125 0.0359954833984375 0.667724609375 -0.3201904296875
-0.0216197967529297 0.00636672973632813 0.77777099609375 0.41461181640625
-0.0209426879882813 -0.0724563598632813 0.161376953125 0.98699951171875
0.0357208251953125 -0.00701522827148437 -0.45953369140625 0.673828125
0.0704193115234375 0.03125 0.0522422790527344 0.0585174560546875
0.0496253967285156 -0.0328826904296875 0.59124755859375 -0.67266845703125
0.00472640991210938 -0.0571479797363281 -0.13226318359375 -1.0589599609375
-0.0292587280273437 -0.00862884521484375 -0.83795166015625 -0.3206787109375
-0.0133018493652344 0.0377120971679688 -0.540740966796875 0.399749755859375
0.00402069091796875 0.023101806640625 -0.07818603515625 0.505615234375
0.0107078552246094 -0.00525283813476562 0.234527587890625 0.27252197265625
0.0182437896728516 0.0201892852783203 0.278228759765625 -0.0200347900390625
0.0185489654541016 0.0138587951660156 -0.262680053710938 -0.0209503173828125
0.0149507522583008 -0.0110187530517578 -0.154144287109375 -0.307708740234375
0.0114116668701172 0.00663948059082031 0.1968994140625 -0.4847412109375
0.00136184692382812 0.0365943908691406 0.67889404296875 -0.305908203125
-0.0181312561035156 0.00590324401855469 0.77557373046875 0.43780517578125
-0.02191162109375 -0.0725173950195313 0.1474609375 0.9993896484375
0.0315837860107422 -0.00848388671875 -0.46783447265625 0.6712646484375
0.0676307678222656 0.0288887023925781 0.0516433715820313 0.0562400817871094
0.0467681884765625 -0.0359840393066406 0.57659912109375 -0.67706298828125
0.00331497192382812 -0.0567092895507813 -0.1552734375 -1.04736328125
-0.0256595611572266 -0.00930976867675781 -0.84283447265625 -0.3006591796875
-0.00737762451171875 0.036407470703125 -0.534698486328125 0.41424560546875
0.00748634338378906 0.0212306976318359 -0.071014404296875 0.512451171875
0.00701713562011719 -0.0069737434387207 0.237518310546875 0.2742919921875
0.0201511383056641 0.0194683074951172 0.279251098632813 -0.0149993896484375
0.0139799118041992 0.0142526626586914 -0.25958251953125 -0.0166778564453125
0.0150890350341797 -0.0129966735839844 -0.1495361328125 -0.307037353515625
0.0144596099853516 0.00292682647705078 0.20343017578125 -0.48089599609375
0.00689697265625 0.0320568084716797 0.68408203125 -0.29266357421875
-0.011993408203125 0.00977802276611328 0.770263671875 0.452880859375
-0.0222282409667969 -0.0677909851074219 0.13177490234375 1.007568359375
0.0299568176269531 -0.0103950500488281 -0.47821044921875 0.6678466796875
0.0644607543945313 0.02374267578125 0.0503463745117188 0.0534934997558594
0.0437507629394531 -0.0380058288574219 0.56732177734375 -0.68023681640625
0.00259399414062499 -0.0540313720703125 -0.16900634765625 -1.04290771484375
-0.0180931091308594 -0.00512313842773438 -0.8433837890625 -0.28118896484375
0.00134468078613281 0.0342998504638672 -0.5247802734375 0.42462158203125
0.0132989883422852 0.0152711868286133 -0.0616455078125 0.51873779296875
0.00865554809570313 -0.0118131637573242 0.244155883789063 0.275924682617188
0.0143795013427734 0.0189609527587891 0.282623291015625 -0.01300048828125
0.0117368698120117 0.0120573043823242 -0.253875732421875 -0.015899658203125
0.0158519744873047 -0.0198936462402344 -0.14459228515625 -0.3038330078125
0.0226497650146484 -0.00127792358398437 0.208099365234375 -0.47540283203125
0.0208225250244141 0.0338554382324219 0.68701171875 -0.28631591796875
-0.00364589691162109 0.0126895904541016 0.77056884765625 0.46319580078125
-0.02032470703125 -0.0648994445800781 0.129150390625 1.01458740234375
0.0229015350341797 -0.0126628875732422 -0.48065185546875 0.6710205078125
0.0635643005371094 0.0203323364257812 0.0514984130859375 0.0567703247070313
0.0387535095214844 -0.0364761352539063 0.564453125 -0.681396484375
0.00333023071289062 -0.0470657348632812 -0.17498779296875 -1.0357666015625
-0.00871562957763672 0.00154733657836914 -0.84576416015625 -0.27142333984375
0.0115756988525391 0.0330753326416016 -0.521636962890625 0.433929443359375
0.0191173553466797 0.0107936859130859 -0.06341552734375 0.522491455078125
0.0115795135498047 -0.0178947448730469 0.243896484375 0.27545166015625
0.013702392578125 0.0197982788085938 0.283935546875 -0.010772705078125
0.00464439392089844 0.0129756927490234 -0.255661010742188 -0.0163421630859375
0.0173187255859375 -0.0269012451171875 -0.148101806640625 -0.30523681640625
0.0275955200195313 -0.00918769836425781 0.203765869140625 -0.47601318359375
0.0313835144042969 0.0321083068847656 0.68536376953125 -0.28436279296875
0.00486564636230469 0.0201816558837891 0.77191162109375 0.46063232421875
-0.0196609497070312 -0.0575599670410156 0.1329345703125 1.01336669921875
0.020599365234375 -0.0121479034423828 -0.478759765625 0.6724853515625
0.0616226196289062 0.014984130859375 0.0539321899414063 0.0557365417480469
0.0345878601074219 -0.0388221740722656 0.5631103515625 -0.6810302734375
0.00428390502929687 -0.0432014465332031 -0.1724853515625 -1.03619384765625
-0.00228357315063477 0.00836324691772461 -0.84527587890625 -0.26885986328125
0.0220794677734375 0.0287036895751953 -0.523529052734375 0.433868408203125
0.0254058837890625 0.00484848022460938 -0.0662841796875 0.5228271484375
0.0104312896728516 -0.0259304046630859 0.241867065429687 0.275009155273437
0.00753974914550782 0.0188980102539063 0.283538818359375 -0.0101318359375
-0.00187873840332031 0.0105447769165039 -0.2603759765625 -0.01873779296875
0.0193138122558594 -0.0339221954345703 -0.15283203125 -0.307525634765625
0.0321674346923828 -0.0184421539306641 0.1954345703125 -0.479034423828125
0.0408363342285156 0.0330352783203125 0.68011474609375 -0.2928466796875
0.0124797821044922 0.0273685455322266 0.776611328125 0.45233154296875
-0.0205574035644531 -0.0506515502929688 0.14215087890625 1.01202392578125
0.0161466598510742 -0.0132627487182617 -0.47222900390625 0.67742919921875
0.0581245422363281 0.0105514526367188 0.0567893981933594 0.0597419738769531
0.0321769714355469 -0.0381202697753906 0.5714111328125 -0.67578125
0.00366592407226562 -0.0331516265869141 -0.16412353515625 -1.03790283203125
0.00702953338623047 0.0138578414916992 -0.8421630859375 -0.27630615234375
0.0309581756591797 0.0256748199462891 -0.52886962890625 0.42742919921875
0.0284481048583984 -0.00430488586425781 -0.0734558105468751 0.52203369140625
0.0102901458740234 -0.0318431854248047 0.236068725585938 0.273666381835938
0.004058837890625 0.0186977386474609 0.280380249023438 -0.0096282958984375
0.0179462432861328 0.0167121887207031 -0.28863525390625 -0.02947998046875
0.0139741897583008 -0.0096588134765625 -0.191497802734375 -0.318939208984375
0.00604581832885742 0.00666141510009766 0.15570068359375 -0.512420654296875
-0.000968933105468747 0.0363693237304688 0.6534423828125 -0.36627197265625
-0.0166196823120117 0.0130290985107422 0.79730224609375 0.3719482421875
-0.0223197937011719 -0.0634727478027344 0.2122802734375 0.96710205078125
0.0336856842041016 -0.00382423400878906 -0.42742919921875 0.6864013671875
0.0689697265625 0.0337753295898438 0.0608711242675781 0.0684890747070313
0.0517120361328125 -0.0288543701171875 0.61773681640625 -0.66900634765625
0.00729751586914062 -0.0529060363769531 -0.10357666015625 -1.08209228515625
-0.0260028839111328 -0.00518989562988281 -0.84002685546875 -0.35357666015625
-0.0108146667480469 0.0374870300292969 -0.56292724609375 0.37884521484375
0.00637245178222656 0.0202236175537109 -0.097198486328125 0.500946044921875
0.0102653503417969 -0.00892925262451172 0.220306396484375 0.266998291015625
0.0191917419433594 0.0194358825683594 0.267669677734375 -0.0302276611328125
0.0194168090820312 0.0157680511474609 -0.281768798828125 -0.0254821777343749
0.0133905410766602 -0.00847053527832031 -0.18072509765625 -0.31512451171875
0.00622463226318359 0.0104055404663086 0.16680908203125 -0.504425048828125
-0.00429534912109375 0.03668212890625 0.66131591796875 -0.35015869140625
-0.0206012725830078 0.0074615478515625 0.7916259765625 0.38787841796875
-0.0225067138671875 -0.0693893432617188 0.1929931640625 0.97894287109375
0.0347728729248047 -0.0067291259765625 -0.44134521484375 0.68304443359375
0.0713119506835938 0.0317840576171875 0.0560111999511719 0.0626487731933594
0.0532035827636719 -0.0316658020019531 0.60418701171875 -0.674560546875
0.00532150268554687 -0.0572967529296875 -0.12542724609375 -1.0723876953125
-0.0302600860595703 -0.00929069519042969 -0.8414306640625 -0.33148193359375
-0.01513671875 0.0380592346191406 -0.55218505859375 0.39453125
0.00568008422851563 0.0245914459228516 -0.08526611328125 0.50482177734375
0.00745248794555664 -0.00359487533569336 0.228042602539062 0.269180297851563
0.0201091766357422 0.0211906433105469 0.273162841796875 -0.02679443359375
0.0197696685791016 0.0139808654785156 -0.273956298828125 -0.0205230712890626
0.0159320831298828 -0.00769138336181641 -0.17279052734375 -0.309234619140625
0.00598716735839844 0.00881671905517578 0.180267333984375 -0.497100830078125
-0.005035400390625 0.0366439819335938 0.66986083984375 -0.3311767578125
-0.0198421478271484 0.00492668151855468 0.78326416015625 0.40850830078125
-0.021942138671875 -0.0719375610351563 0.171142578125 0.98968505859375
0.0350723266601563 -0.008514404296875 -0.4566650390625 0.6781005859375
0.0693893432617188 0.03033447265625 0.0541839599609375 0.0582046508789063
0.0498886108398438 -0.034088134765625 0.5889892578125 -0.6790771484375
0.00294876098632813 -0.05902099609375 -0.1414794921875 -1.06298828125
-0.031402587890625 -0.0113410949707031 -0.8453369140625 -0.31353759765625
-0.0123214721679687 0.0391273498535156 -0.541229248046875 0.407562255859375
0.00467300415039063 0.0232925415039063 -0.07318115234375 0.510955810546875
0.00735616683959961 -0.006378173828125 0.239822387695312 0.270858764648437
0.0208377838134766 0.0198631286621094 0.277450561523438 -0.024261474609375
0.0186481475830078 0.0148277282714844 -0.265594482421875 -0.0180816650390625
0.0129098892211914 -0.00985527038574219 -0.160125732421875 -0.307525634765625
0.0125494003295898 0.00943088531494141 0.192840576171875 -0.492706298828125
0.00186538696289063 0.0354843139648438 0.680419921875 -0.31488037109375
-0.0194835662841797 0.00535011291503906 0.78350830078125 0.43115234375
-0.0233230590820313 -0.0714645385742188 0.15570068359375 0.99951171875
0.0327339172363281 -0.00842475891113281 -0.46551513671875 0.67718505859375
0.0685997009277344 0.0266799926757813 0.0523643493652344 0.0568428039550781
0.0474967956542969 -0.0357704162597656 0.57574462890625 -0.6864013671875
0.00162124633789063 -0.0579948425292969 -0.16510009765625 -1.0548095703125
-0.0255527496337891 -0.00949478149414062 -0.8477783203125 -0.29058837890625
-0.00781822204589844 0.0344829559326172 -0.533843994140625 0.421142578125
0.00945854187011719 0.0202255249023438 -0.0633850097656251 0.518280029296875
0.0079197883605957 -0.00684499740600586 0.245223999023438 0.27606201171875
0.0206336975097656 0.0180740356445313 0.28228759765625 -0.017822265625
0.017247200012207 0.0128965377807617 -0.25994873046875 -0.0147247314453126
0.0140066146850586 -0.0137920379638672 -0.15289306640625 -0.304656982421875
0.0167484283447266 0.00285816192626953 0.200225830078125 -0.485260009765625
0.00886917114257812 0.0320987701416016 0.68548583984375 -0.3023681640625
-0.0127706527709961 0.00659942626953125 0.7803955078125 0.44451904296875
-0.0222854614257813 -0.0699882507324219 0.14190673828125 1.0098876953125
0.0299816131591797 -0.0104637145996094 -0.47552490234375 0.676513671875
0.0655670166015625 0.0220680236816406 0.0539131164550781 0.0553054809570313
0.0425491333007813 -0.0349693298339844 0.56451416015625 -0.68817138671875
0.00134658813476562 -0.0542449951171875 -0.177734375 -1.0455322265625
-0.0192241668701172 -0.00591278076171875 -0.84967041015625 -0.27435302734375
0.00168609619140625 0.0335521697998047 -0.52301025390625 0.432891845703125
0.0139093399047852 0.0148782730102539 -0.0577697753906251 0.5234375
0.00906753540039063 -0.0133695602416992 0.248977661132813 0.27496337890625
0.0161228179931641 0.0184535980224609 0.286163330078125 -0.015106201171875
0.0120010375976563 0.0134010314941406 -0.257186889648438 -0.0135498046875
0.0156288146972656 -0.0198574066162109 -0.151123046875 -0.305877685546875
0.0204753875732422 -0.001312255859375 0.204498291015625 -0.482269287109375
0.0186557769775391 0.033050537109375 0.6866455078125 -0.29608154296875
-0.00347423553466797 0.012782096862793 0.77740478515625 0.452880859375
-0.0227851867675781 -0.0639839172363281 0.13775634765625 1.0174560546875
0.0239486694335937 -0.0114212036132812 -0.4775390625 0.67596435546875
0.0636520385742188 0.0179061889648438 0.0516891479492188 0.0544929504394531
0.0396194458007813 -0.039337158203125 0.55914306640625 -0.69073486328125
0.00164413452148437 -0.0482711791992188 -0.18310546875 -1.0439453125
-0.0115671157836914 0.00248146057128906 -0.85308837890625 -0.26324462890625
0.0114078521728516 0.0300426483154297 -0.5201416015625 0.43994140625
0.0197677612304688 0.01104736328125 -0.058502197265625 0.52569580078125
0.00841903686523438 -0.018280029296875 0.25103759765625 0.276214599609375
0.0127029418945313 0.0185394287109375 0.286865234375 -0.013885498046875
0.00416755676269531 0.0125102996826172 -0.256195068359375 -0.0140228271484375
0.0178394317626953 -0.0273685455322266 -0.153106689453125 -0.304351806640625
0.0265712738037109 -0.00843620300292969 0.1986083984375 -0.481353759765625
0.0318088531494141 0.0316009521484375 0.685302734375 -0.2965087890625
0.00426483154296875 0.0204925537109375 0.77801513671875 0.45526123046875
-0.0217247009277344 -0.0582656860351563 0.140625 1.01751708984375
0.0204067230224609 -0.0128021240234375 -0.47601318359375 0.679931640625
0.0614547729492188 0.0158500671386719 0.0534934997558594 0.0564689636230469
0.03564453125 -0.0393753051757813 0.56060791015625 -0.689208984375
0.00112533569335938 -0.04083251953125 -0.18365478515625 -1.038818359375
-0.00131654739379883 0.00669097900390625 -0.85003662109375 -0.2613525390625
0.0227260589599609 0.0285930633544922 -0.521209716796875 0.4395751953125
0.0239944458007813 0.00285148620605469 -0.061492919921875 0.5281982421875
0.00961494445800781 -0.0255641937255859 0.24554443359375 0.275772094726563
0.0111255645751953 0.0184288024902344 0.28521728515625 -0.01300048828125
0.000212669372558595 0.011962890625 -0.261322021484375 -0.0183258056640625
0.0178813934326172 -0.0342350006103516 -0.159271240234375 -0.306976318359375
0.03179931640625 -0.0171451568603516 0.193206787109375 -0.484405517578125
0.0414543151855469 0.0326957702636719 0.68011474609375 -0.30242919921875
0.0126991271972656 0.0259590148925781 0.784423828125 0.4461669921875
-0.0212287902832031 -0.0512542724609375 0.1536865234375 1.01416015625
0.016413688659668 -0.0119857788085937 -0.46905517578125 0.68408203125
0.0597152709960938 0.010986328125 0.055938720703125 0.0597610473632813
0.0318336486816406 -0.0395431518554687 0.569091796875 -0.68408203125
0.00452804565429688 -0.0341815948486328 -0.17327880859375 -1.04071044921875
0.00762462615966797 0.0140619277954102 -0.84979248046875 -0.2672119140625
0.03228759765625 0.0248851776123047 -0.5291748046875 0.4371337890625
0.0303325653076172 -0.00355339050292969 -0.0693664550781249 0.52490234375
0.00908088684082031 -0.0324726104736328 0.242324829101563 0.274093627929688
0.00540924072265625 0.0164518356323242 0.282867431640625 -0.01318359375
0.0184288024902344 0.0148849487304688 -0.292022705078125 -0.02825927734375
0.0144672393798828 -0.0126800537109375 -0.197906494140625 -0.31622314453125
0.00598859786987305 0.00644826889038086 0.149200439453125 -0.516815185546875
0.000659942626953125 0.0375518798828125 0.6500244140625 -0.37677001953125
-0.0171298980712891 0.0121555328369141 0.806396484375 0.35992431640625
-0.0252952575683594 -0.0628585815429688 0.22186279296875 0.971435546875
0.0354804992675781 -0.00630950927734375 -0.42303466796875 0.69232177734375
0.0725021362304688 0.03118896484375 0.0598335266113281 0.0661354064941406
0.0523643493652344 -0.0309104919433594 0.6162109375 -0.6781005859375
0.00556564331054687 -0.052215576171875 -0.11053466796875 -1.08563232421875
-0.0266838073730469 -0.00636672973632813 -0.846435546875 -0.3477783203125
-0.0117874145507813 0.037109375 -0.5628662109375 0.3868408203125
0.00720787048339844 0.0205650329589844 -0.0937194824218751 0.50347900390625
0.00916576385498047 -0.00761318206787109 0.224151611328125 0.264373779296875
0.0198326110839844 0.0197067260742188 0.270828247070313 -0.03338623046875
0.0206089019775391 0.0135211944580078 -0.28289794921875 -0.0233154296875
0.013218879699707 -0.00849723815917969 -0.187255859375 -0.31341552734375
0.00442123413085937 0.0117959976196289 0.15911865234375 -0.5108642578125
-0.0031890869140625 0.0368118286132813 0.65936279296875 -0.35980224609375
-0.0216808319091797 0.00835609436035156 0.79833984375 0.380126953125
-0.0242424011230469 -0.0688896179199219 0.204345703125 0.979248046875
0.0362510681152344 -0.00775909423828125 -0.435791015625 0.68768310546875
0.0734634399414063 0.0313644409179688 0.0574913024902344 0.0635261535644531
0.0511627197265625 -0.03314208984375 0.59930419921875 -0.68218994140625
0.00481033325195313 -0.0577049255371094 -0.13494873046875 -1.07647705078125
-0.028961181640625 -0.00991439819335937 -0.85009765625 -0.32611083984375
-0.0146713256835938 0.0364723205566406 -0.552642822265625 0.402252197265625
0.00378036499023437 0.0224647521972656 -0.079376220703125 0.5087890625
0.00687026977539062 -0.00475978851318359 0.233901977539063 0.269851684570313
0.0214252471923828 0.0199985504150391 0.274795532226563 -0.029052734375
0.0199871063232422 0.0130805969238281 -0.27606201171875 -0.01837158203125
0.0146770477294922 -0.00773239135742187 -0.17578125 -0.311553955078125
0.00926589965820313 0.0106954574584961 0.174407958984375 -0.500030517578125
-0.00156021118164063 0.03668212890625 0.6685791015625 -0.34063720703125
-0.0219860076904297 0.00649070739746094 0.7930908203125 0.39825439453125
-0.0259246826171875 -0.0732879638671875 0.18145751953125 0.9903564453125
0.0353889465332031 -0.00948715209960938 -0.45196533203125 0.68695068359375
0.0708999633789063 0.031036376953125 0.0547599792480469 0.0602455139160156
0.049072265625 -0.0336532592773438 0.58709716796875 -0.6881103515625
0.00318145751953125 -0.0586700439453125 -0.152099609375 -1.06561279296875
-0.0294551849365234 -0.0107975006103516 -0.85382080078125 -0.3052978515625
-0.0111160278320312 0.0364990234375 -0.5382080078125 0.413818359375
0.00723648071289063 0.0223331451416016 -0.069061279296875 0.515380859375
0.00773715972900391 -0.0050511360168457 0.24468994140625 0.270263671875
0.0215339660644531 0.0191249847412109 0.2813720703125 -0.023834228515625
0.0191802978515625 0.0143146514892578 -0.26702880859375 -0.0151367187499999
0.0135688781738281 -0.0105800628662109 -0.1649169921875 -0.307830810546875
0.0108242034912109 0.00841617584228516 0.187744140625 -0.495819091796875
0.00194740295410156 0.0334377288818359 0.67852783203125 -0.32611083984375
-0.0178604125976563 0.00496673583984375 0.79132080078125 0.420654296875
-0.0236358642578125 -0.0734786987304688 0.16644287109375 1.00445556640625
0.0337734222412109 -0.0107078552246094 -0.4609375 0.68450927734375
0.0691604614257813 0.028411865234375 0.0542144775390625 0.057403564453125
0.0468254089355469 -0.0366592407226562 0.57098388671875 -0.695556640625
0.00203704833984375 -0.0588836669921875 -0.17474365234375 -1.05780029296875
-0.0272769927978516 -0.00923538208007813 -0.8551025390625 -0.28363037109375
-0.00738906860351563 0.0356521606445313 -0.531036376953125 0.429840087890625
0.0117015838623047 0.0205268859863281 -0.0592346191406251 0.522125244140625
0.00791120529174805 -0.00552654266357422 0.250823974609375 0.273513793945313
0.021087646484375 0.0173454284667969 0.285797119140625 -0.020721435546875
0.0164756774902344 0.0128412246704102 -0.263351440429688 -0.011444091796875
0.0137271881103516 -0.0128393173217773 -0.158843994140625 -0.305267333984375
0.0149154663085938 0.00397968292236328 0.195159912109375 -0.490509033203125
0.0101737976074219 0.0328960418701172 0.68341064453125 -0.3135986328125
-0.0116767883300781 0.0070791244506836 0.7860107421875 0.4371337890625
-0.0238265991210938 -0.0702438354492188 0.15191650390625 1.01318359375
0.0285453796386719 -0.0113964080810547 -0.4688720703125 0.684326171875
0.0674858093261719 0.0238914489746094 0.0533638000488281 0.0554428100585938
0.0415420532226563 -0.036895751953125 0.560302734375 -0.69586181640625
-0.000324249267578128 -0.0556907653808594 -0.1888427734375 -1.0504150390625
-0.0199432373046875 -0.00521278381347656 -0.85540771484375 -0.26446533203125
0.00179481506347656 0.0319843292236328 -0.52081298828125 0.441864013671875
0.0144443511962891 0.0158023834228516 -0.05474853515625 0.52410888671875
0.00963211059570313 -0.0131092071533203 0.256027221679688 0.273513793945313
0.0198154449462891 0.0190963745117188 0.28631591796875 -0.019378662109375
0.0125865936279297 0.0133123397827148 -0.259429931640625 -0.0113677978515625
0.0154609680175781 -0.0208625793457031 -0.15460205078125 -0.3045654296875
0.0205078125 -0.00173187255859375 0.197998046875 -0.48736572265625
0.0201835632324219 0.0327816009521484 0.68597412109375 -0.30535888671875
-0.00447750091552734 0.0100326538085938 0.78485107421875 0.44561767578125
-0.0246925354003906 -0.0653724670410156 0.1483154296875 1.0181884765625
0.0250797271728516 -0.0109195709228516 -0.47137451171875 0.68353271484375
0.0631980895996094 0.0203514099121094 0.0538291931152344 0.0525398254394531
0.0368728637695313 -0.0369987487792969 0.55792236328125 -0.698974609375
0.00104522705078125 -0.0469207763671875 -0.19659423828125 -1.04473876953125
-0.0107688903808594 -0.000144958496093749 -0.857666015625 -0.25604248046875
0.0136280059814453 0.0298137664794922 -0.5179443359375 0.44781494140625
0.0193042755126953 0.0107059478759766 -0.05303955078125 0.5308837890625
0.00931167602539063 -0.0188102722167969 0.2572021484375 0.275314331054688
0.0149669647216797 0.0192031860351563 0.288970947265625 -0.01739501953125
0.00630474090576172 0.0117263793945313 -0.2607421875 -0.0109100341796875
0.0164947509765625 -0.0270137786865234 -0.157562255859375 -0.304351806640625
0.0273323059082031 -0.00942230224609375 0.193939208984375 -0.487640380859375
0.0317859649658203 0.0312175750732422 0.683837890625 -0.30712890625
0.00443267822265625 0.0183830261230469 0.787109375 0.44476318359375
-0.0230484008789062 -0.0587844848632813 0.15179443359375 1.01861572265625
0.0210704803466797 -0.0133800506591797 -0.46954345703125 0.68609619140625
0.0626373291015625 0.0138893127441406 0.0556259155273438 0.0555038452148438
0.0354347229003906 -0.0396156311035156 0.55877685546875 -0.69696044921875
0.00199127197265625 -0.0425262451171875 -0.19354248046875 -1.04461669921875
-0.00118112564086914 0.00833702087402344 -0.8585205078125 -0.25579833984375
0.0232009887695313 0.0272579193115234 -0.51959228515625 0.447235107421875
0.0260696411132812 0.00306510925292969 -0.055999755859375 0.531158447265625
0.0100440979003906 -0.0246791839599609 0.251922607421875 0.27587890625
0.0104789733886719 0.0196952819824219 0.289581298828125 -0.015380859375
-0.000708580017089843 0.0111188888549805 -0.26336669921875 -0.016326904296875
0.0167045593261719 -0.0328731536865234 -0.166534423828125 -0.307769775390625
0.0302963256835938 -0.0148372650146484 0.1842041015625 -0.490692138671875
0.0417900085449219 0.0323905944824219 0.68072509765625 -0.31439208984375
0.0130958557128906 0.0254421234130859 0.791259765625 0.43804931640625
-0.0241127014160156 -0.0524063110351563 0.16357421875 1.01751708984375
0.0167999267578125 -0.0116386413574219 -0.46331787109375 0.6895751953125
0.061065673828125 0.0115966796875 0.0577735900878906 0.0583877563476562
0.030853271484375 -0.0394325256347656 0.5660400390625 -0.69134521484375
0.00380706787109375 -0.0356559753417969 -0.18304443359375 -1.04522705078125
0.00764846801757813 0.0137262344360352 -0.85552978515625 -0.26214599609375
0.0330753326416016 0.0258464813232422 -0.527313232421875 0.4442138671875
0.0299606323242188 -0.00316429138183594 -0.063507080078125 0.529998779296875
0.00873947143554688 -0.0348072052001953 0.245697021484375 0.273330688476563
0.00731086730957031 0.0179462432861328 0.28533935546875 -0.0181884765625
0.0203151702880859 0.0148506164550781 -0.293792724609375 -0.023773193359375
0.012080192565918 -0.0113840103149414 -0.20465087890625 -0.316864013671875
0.00571632385253906 0.00630044937133789 0.14166259765625 -0.52276611328125
-7.62939453124978E-05 0.0378608703613281 0.64703369140625 -0.38543701171875
-0.0173330307006836 0.0120611190795898 0.811279296875 0.35009765625
-0.0266227722167969 -0.0630302429199219 0.23138427734375 0.96868896484375
0.0367927551269531 -0.00587844848632812 -0.41436767578125 0.6982421875
0.0736923217773438 0.0316009521484375 0.0606765747070313 0.0661964416503906
0.0515098571777344 -0.0303382873535156 0.61053466796875 -0.6865234375
0.00690841674804688 -0.0530929565429688 -0.12445068359375 -1.0906982421875
-0.0263309478759766 -0.00723838806152343 -0.854248046875 -0.339111328125
-0.01080322265625 0.0358467102050781 -0.561004638671875 0.39739990234375
0.00563240051269531 0.0199470520019531 -0.08599853515625 0.506805419921875
0.00599861145019531 -0.0096282958984375 0.228302001953125 0.2650146484375
0.0211467742919922 0.0188751220703125 0.271499633789063 -0.0373687744140625
0.0223884582519531 0.0160636901855469 -0.285369873046875 -0.0184326171875
0.013972282409668 -0.00767421722412109 -0.193206787109375 -0.312347412109375
0.00596714019775391 0.0109395980834961 0.15478515625 -0.516143798828125
-0.0045318603515625 0.0384712219238281 0.6588134765625 -0.36981201171875
-0.0209712982177734 0.00742530822753906 0.80792236328125 0.36639404296875
-0.0272140502929688 -0.0683937072753906 0.21234130859375 0.98016357421875
0.0367584228515625 -0.009063720703125 -0.42999267578125 0.69500732421875
0.0740966796875 0.0328445434570313 0.0570297241210938 0.0635948181152344
0.0524978637695313 -0.0319252014160156 0.5938720703125 -0.69000244140625
0.0047607421875 -0.0571441650390625 -0.1473388671875 -1.07916259765625
-0.0302600860595703 -0.00966835021972656 -0.856201171875 -0.317138671875
-0.0125961303710938 0.0350799560546875 -0.5478515625 0.409912109375
0.00642013549804687 0.0246772766113281 -0.074127197265625 0.51226806640625
0.00803709030151367 -0.00632572174072266 0.241348266601562 0.266281127929688
0.0246753692626953 0.0184116363525391 0.279632568359375 -0.0319366455078125
0.0182361602783203 0.0141086578369141 -0.278656005859375 -0.0146331787109375
0.0140657424926758 -0.00785636901855469 -0.1827392578125 -0.30853271484375
0.00878810882568359 0.0119743347167969 0.16796875 -0.50714111328125
-0.00189971923828125 0.0360107421875 0.66766357421875 -0.35491943359375
-0.0223236083984375 0.0018157958984375 0.79974365234375 0.38897705078125
-0.027191162109375 -0.0765533447265625 0.1934814453125 0.98968505859375
0.0353050231933594 -0.008758544921875 -0.4454345703125 0.695556640625
0.0723876953125 0.0286941528320312 0.0541191101074219 0.0586967468261719
0.0487518310546875 -0.0332603454589844 0.58245849609375 -0.69598388671875
0.00338363647460937 -0.0621223449707031 -0.16351318359375 -1.06939697265625
-0.0319938659667969 -0.0104885101318359 -0.8607177734375 -0.298095703125
-0.0112037658691406 0.0364265441894531 -0.540191650390625 0.4215087890625
0.00621414184570312 0.0225143432617188 -0.064239501953125 0.519378662109375
0.00816869735717773 -0.00484991073608398 0.249786376953125 0.268539428710938
0.0216445922851562 0.0192203521728516 0.283111572265625 -0.028961181640625
0.0200691223144531 0.0123043060302734 -0.268783569335937 -0.011688232421875
0.0137224197387695 -0.00934982299804688 -0.170989990234375 -0.30615234375
0.011627197265625 0.00922298431396485 0.180084228515625 -0.500213623046875
0.00287628173828125 0.0329132080078125 0.6759033203125 -0.33782958984375
-0.0198993682861328 0.00457572937011718 0.7972412109375 0.4129638671875
-0.027069091796875 -0.0717849731445313 0.1771240234375 1.00384521484375
0.0346202850341797 -0.00930976867675781 -0.45574951171875 0.691162109375
0.0704879760742188 0.0254364013671875 0.0531997680664063 0.0573310852050781
0.0477828979492187 -0.0352287292480469 0.56463623046875 -0.7030029296875
0.000362396240234381 -0.059295654296875 -0.18634033203125 -1.05975341796875
-0.0259609222412109 -0.00853919982910156 -0.8621826171875 -0.27508544921875
-0.00599288940429687 0.0332317352294922 -0.527557373046875 0.438995361328125
0.0104560852050781 0.0213642120361328 -0.052703857421875 0.52227783203125
0.00742816925048828 -0.00621891021728516 0.254470825195312 0.27154541015625
0.0228309631347656 0.0193614959716797 0.288604736328125 -0.02642822265625
0.0170583724975586 0.0130863189697266 -0.26513671875 -0.00820922851562506
0.0139436721801758 -0.0143318176269531 -0.16510009765625 -0.303863525390625
0.01556396484375 0.00451183319091797 0.18719482421875 -0.49688720703125
0.0121841430664063 0.0320606231689453 0.681884765625 -0.3258056640625
-0.0114564895629883 0.00597476959228515 0.7947998046875 0.4273681640625
-0.025054931640625 -0.0714797973632813 0.1649169921875 1.0120849609375
0.0316448211669922 -0.00899696350097656 -0.46685791015625 0.688232421875
0.069610595703125 0.0232582092285156 0.0534515380859375 0.0565109252929687
0.0421600341796875 -0.0381431579589844 0.5548095703125 -0.7071533203125
-0.000289916992187502 -0.0572586059570313 -0.201171875 -1.05322265625
-0.0198898315429688 -0.00494575500488282 -0.86456298828125 -0.25762939453125
0.00365066528320313 0.0325984954833984 -0.518768310546875 0.45037841796875
0.0138511657714844 0.0157527923583984 -0.045562744140625 0.529144287109375
0.00783157348632813 -0.0119152069091797 0.262649536132813 0.272369384765625
0.0223369598388672 0.0176029205322266 0.28961181640625 -0.02227783203125
0.0131807327270508 0.0135784149169922 -0.260757446289063 -0.00581359863281245
0.0149860382080078 -0.0210990905761719 -0.162322998046875 -0.3031005859375
0.0221881866455078 -0.00267219543457031 0.192626953125 -0.49029541015625
0.02276611328125 0.0315055847167969 0.68499755859375 -0.3170166015625
-0.0055837631225586 0.0112323760986328 0.794921875 0.43487548828125
-0.027069091796875 -0.0640029907226563 0.16278076171875 1.01983642578125
0.0260906219482422 -0.0119266510009766 -0.468505859375 0.68994140625
0.0648231506347656 0.0180015563964844 0.0564231872558594 0.053985595703125
0.0382957458496094 -0.0387840270996094 0.55108642578125 -0.7060546875
-0.000839233398437496 -0.0492477416992187 -0.207275390625 -1.0474853515625
-0.0103540420532227 -0.00101280212402344 -0.861083984375 -0.24517822265625
0.0128326416015625 0.0306568145751953 -0.517059326171875 0.457000732421875
0.0208721160888672 0.00922966003417969 -0.0447998046875 0.5335693359375
0.00846195220947265 -0.0173883438110352 0.262496948242188 0.271820068359375
0.0162467956542969 0.0186786651611328 0.29156494140625 -0.019989013671875
0.00687026977539063 0.0107765197753906 -0.261734008789063 -0.00692749023437495
0.0154857635498047 -0.0288906097412109 -0.165283203125 -0.303924560546875
0.0264377593994141 -0.00837898254394531 0.187957763671875 -0.49176025390625
0.034393310546875 0.0309886932373047 0.68377685546875 -0.31982421875
0.00638771057128906 0.0159120559692383 0.79351806640625 0.43475341796875
-0.0255546569824219 -0.0589179992675781 0.16558837890625 1.0206298828125
0.0224361419677734 -0.0119152069091797 -0.4652099609375 0.69329833984375
0.0630455017089844 0.0124588012695312 0.0584068298339844 0.0564804077148437
0.0328445434570313 -0.0397453308105469 0.5538330078125 -0.70440673828125
-0.000125885009765623 -0.0413742065429688 -0.2049560546875 -1.0445556640625
-0.000224590301513672 0.00516033172607422 -0.86236572265625 -0.24627685546875
0.0256252288818359 0.0253028869628906 -0.51806640625 0.45599365234375
0.0257129669189453 0.00315284729003906 -0.0509338378906249 0.5347900390625
0.00682640075683594 -0.0251216888427734 0.257614135742188 0.272003173828125
0.0128202438354492 0.0172386169433594 0.290985107421875 -0.02117919921875
0.0024261474609375 0.0109472274780273 -0.265762329101563 -0.00900268554687502
0.0173778533935547 -0.0318546295166016 -0.170806884765625 -0.307220458984375
0.0328388214111328 -0.0188884735107422 0.178924560546875 -0.49639892578125
0.0439682006835938 0.0286407470703125 0.67840576171875 -0.32476806640625
0.0123615264892578 0.0237617492675781 0.79901123046875 0.427001953125
-0.0253067016601562 -0.0512466430664063 0.1739501953125 1.015869140625
0.0171899795532227 -0.0126953125 -0.45599365234375 0.69586181640625
0.0619850158691406 0.00947189331054687 0.0588645935058594 0.0589561462402344
0.0314674377441406 -0.0384483337402344 0.55950927734375 -0.7034912109375
0.00267410278320313 -0.0352745056152344 -0.19427490234375 -1.05108642578125
0.00759601593017578 0.0133762359619141 -0.86224365234375 -0.25390625
0.036041259765625 0.0218505859375 -0.525482177734375 0.4517822265625
0.0292377471923828 -0.00293350219726563 -0.0558471679687501 0.532470703125
0.0073089599609375 -0.0337276458740234 0.253082275390625 0.27386474609375
0.00770187377929688 0.0180644989013672 0.28912353515625 -0.02215576171875
0.0194225311279297 0.0149269104003906 -0.295318603515625 -0.01995849609375
0.0136642456054688 -0.0115213394165039 -0.211151123046875 -0.314117431640625
0.00675868988037109 0.00716018676757813 0.135162353515625 -0.5291748046875
0.000293731689453123 0.0371513366699219 0.6451416015625 -0.3992919921875
-0.017974853515625 0.009979248046875 0.8187255859375 0.33837890625
-0.0281524658203125 -0.0629920959472656 0.24542236328125 0.96795654296875
0.0353164672851563 -0.00679779052734375 -0.4085693359375 0.704345703125
0.0733566284179688 0.0306396484375 0.0610504150390625 0.06842041015625
0.0514602661132812 -0.0314559936523438 0.6064453125 -0.696044921875
0.00522613525390625 -0.0553741455078125 -0.1387939453125 -1.09124755859375
-0.0263519287109375 -0.00705909729003906 -0.8607177734375 -0.32940673828125
-0.00815963745117187 0.0348415374755859 -0.55828857421875 0.406219482421875
0.00715065002441406 0.0213756561279297 -0.0810546875 0.510711669921875
0.00599861145019531 -0.00672721862792969 0.235687255859375 0.26361083984375
0.0223350524902344 0.0166912078857422 0.275650024414063 -0.0401153564453125
0.0227203369140625 0.0130958557128906 -0.286956787109375 -0.01605224609375
0.013340950012207 -0.00784683227539063 -0.19866943359375 -0.31158447265625
0.00726604461669922 0.0109472274780273 0.148712158203125 -0.520782470703125
-0.0023651123046875 0.0365333557128906 0.65374755859375 -0.382080078125
-0.0206489562988281 0.00469589233398438 0.81256103515625 0.35693359375
-0.0272216796875 -0.0692710876464844 0.22662353515625 0.98065185546875
0.0377044677734375 -0.00760650634765625 -0.42279052734375 0.70263671875
0.0762252807617188 0.0300521850585937 0.0589561462402344 0.0638580322265625
0.0523109436035156 -0.0333824157714844 0.5897216796875 -0.69940185546875
0.00266265869140625 -0.058746337890625 -0.158203125 -1.0809326171875
-0.0307464599609375 -0.00909614562988281 -0.864013671875 -0.30804443359375
-0.01092529296875 0.0368614196777344 -0.545989990234375 0.419708251953125
0.00625801086425781 0.0218944549560547 -0.0660400390625 0.5152587890625
0.00458526611328125 -0.00410556793212891 0.2471923828125 0.264541625976563
0.0241794586181641 0.0182418823242188 0.280807495117188 -0.0364837646484375
0.0230121612548828 0.0141258239746094 -0.27996826171875 -0.00962829589843749
0.0142402648925781 -0.00887012481689453 -0.187286376953125 -0.307769775390625
0.0063018798828125 0.0125751495361328 0.160675048828125 -0.512176513671875
-0.0024871826171875 0.0366897583007813 0.66436767578125 -0.3656005859375
-0.0204753875732422 0.00289726257324218 0.80963134765625 0.378662109375
-0.0290908813476562 -0.0732803344726563 0.20550537109375 0.990966796875
0.0376358032226563 -0.00916290283203125 -0.4388427734375 0.69622802734375
0.073822021484375 0.0298614501953125 0.0558204650878906 0.0606727600097656
0.0487594604492188 -0.0342445373535156 0.57757568359375 -0.70550537109375
-0.000740051269531246 -0.0598030090332031 -0.1768798828125 -1.0731201171875
-0.0300521850585937 -0.00985908508300782 -0.86480712890625 -0.28582763671875
-0.0119781494140625 0.0352592468261719 -0.535736083984375 0.430694580078125
0.00710296630859375 0.0240249633789063 -0.054473876953125 0.520965576171875
0.00643205642700195 -0.00487232208251953 0.256179809570312 0.266876220703125
0.0249156951904297 0.0176467895507813 0.283935546875 -0.034820556640625
0.0233612060546875 0.0131664276123047 -0.271240234375 -0.00802612304687502
0.0144977569580078 -0.00921058654785156 -0.177581787109375 -0.30682373046875
0.00974845886230469 0.00944232940673828 0.173248291015625 -0.508056640625
0.00476837158203125 0.0331954956054688 0.6728515625 -0.3502197265625
-0.0175008773803711 0.0031442642211914 0.80499267578125 0.403076171875
-0.0294113159179687 -0.073822021484375 0.19097900390625 1.0023193359375
0.0338706970214844 -0.00977134704589844 -0.44921875 0.6978759765625
0.0704421997070313 0.0259323120117187 0.0535964965820313 0.0571517944335937
0.0452651977539063 -0.0370979309082031 0.560791015625 -0.71234130859375
-0.00153732299804688 -0.0580329895019531 -0.19976806640625 -1.0611572265625
-0.0277462005615234 -0.0100879669189453 -0.8675537109375 -0.2662353515625
-0.00551223754882812 0.0333900451660156 -0.523712158203125 0.446685791015625
0.0119571685791016 0.0199012756347656 -0.0438842773437499 0.529083251953125
0.00699615478515625 -0.00920677185058594 0.264633178710938 0.26849365234375
0.0254726409912109 0.0158214569091797 0.28839111328125 -0.028472900390625
0.0183296203613281 0.0126514434814453 -0.265380859375 -0.00306701660156247
0.0144472122192383 -0.0136089324951172 -0.16912841796875 -0.300994873046875
0.0147523880004883 0.00463485717773438 0.181671142578125 -0.500335693359375
0.0123538970947266 0.0319423675537109 0.681396484375 -0.33721923828125
-0.0129499435424805 0.00514698028564453 0.8016357421875 0.416748046875
-0.0259437561035156 -0.0701942443847656 0.17828369140625 1.01165771484375
0.0288944244384766 -0.0132694244384766 -0.4571533203125 0.69586181640625
0.0706100463867188 0.0232391357421875 0.0546798706054688 0.0561866760253906
0.0432548522949219 -0.0383377075195313 0.55035400390625 -0.71417236328125
-0.000198364257812504 -0.0558204650878906 -0.21551513671875 -1.05340576171875
-0.0190906524658203 -0.00592041015625 -0.86871337890625 -0.24578857421875
0.00265312194824219 0.0311985015869141 -0.517822265625 0.45867919921875
0.0139694213867188 0.0150413513183594 -0.037933349609375 0.530914306640625
0.00568580627441406 -0.0127410888671875 0.268295288085938 0.270309448242188
0.0220851898193359 0.0157260894775391 0.294677734375 -0.025421142578125
0.0140104293823242 0.0131254196166992 -0.262405395507813 -0.00636291503906245
0.0149307250976563 -0.0192222595214844 -0.167236328125 -0.301116943359375
0.0179653167724609 -0.00244522094726562 0.18438720703125 -0.4967041015625
0.0239696502685547 0.0318851470947266 0.68389892578125 -0.3277587890625
-0.00457859039306641 0.0105686187744141 0.8006591796875 0.425537109375
-0.0264701843261719 -0.0655479431152344 0.17431640625 1.01727294921875
0.0240345001220703 -0.0119209289550781 -0.461669921875 0.69622802734375
0.0676689147949219 0.0184135437011719 0.0545578002929688 0.0555000305175781
0.0379867553710937 -0.0386810302734375 0.54583740234375 -0.71649169921875
-0.001983642578125 -0.0490150451660156 -0.21856689453125 -1.0496826171875
-0.0107603073120117 -0.000649452209472658 -0.87091064453125 -0.2379150390625
0.0142421722412109 0.027130126953125 -0.513153076171875 0.46405029296875
0.0226669311523438 0.00834846496582031 -0.038330078125 0.53643798828125
0.00781822204589844 -0.0182723999023438 0.26873779296875 0.270843505859375
0.0195560455322266 0.0166873931884766 0.293914794921875 -0.024993896484375
0.00865554809570313 0.00961875915527344 -0.264129638671875 -0.00543212890625001
0.0169048309326172 -0.0269145965576172 -0.168975830078125 -0.302581787109375
0.0271167755126953 -0.00894355773925781 0.181365966796875 -0.496429443359375
0.0326786041259766 0.0297431945800781 0.6800537109375 -0.32806396484375
0.00422191619873047 0.0172042846679688 0.8016357421875 0.42608642578125
-0.0286712646484375 -0.0594367980957031 0.1768798828125 1.0181884765625
0.0218410491943359 -0.0125885009765625 -0.45831298828125 0.6993408203125
0.0636558532714844 0.0139884948730469 0.0568084716796875 0.0572395324707031
0.0355148315429688 -0.0389556884765625 0.5469970703125 -0.7156982421875
0.000141143798828121 -0.043304443359375 -0.21826171875 -1.0484619140625
-0.000465869903564453 0.00601625442504883 -0.86932373046875 -0.23590087890625
0.0260887145996094 0.0234546661376953 -0.514373779296875 0.46612548828125
0.0249538421630859 0.00180435180664063 -0.041900634765625 0.537841796875
0.00790977478027344 -0.0257186889648438 0.265640258789063 0.268829345703125
0.0142898559570313 0.0178012847900391 0.294525146484375 -0.022552490234375
0.00344753265380859 0.00951099395751953 -0.267715454101563 -0.00817871093749994
0.0184574127197266 -0.0336189270019531 -0.174591064453125 -0.304534912109375
0.0320167541503906 -0.0163955688476562 0.17303466796875 -0.502532958984375
0.0442276000976563 0.0301971435546875 0.677001953125 -0.3358154296875
0.0131549835205078 0.0221977233886719 0.807861328125 0.41754150390625
-0.0275840759277344 -0.0511283874511719 0.19012451171875 1.016357421875
0.0175571441650391 -0.0145835876464844 -0.44696044921875 0.70306396484375
0.0626640319824219 0.00914382934570313 0.0592193603515625 0.0602607727050781
0.0312767028808594 -0.0395240783691406 0.55621337890625 -0.71270751953125
0.000888824462890626 -0.0355262756347656 -0.2071533203125 -1.048583984375
0.00850868225097656 0.0129528045654297 -0.866455078125 -0.24359130859375
0.0360565185546875 0.023681640625 -0.521331787109375 0.4603271484375
0.0301475524902344 -0.003936767578125 -0.048919677734375 0.534515380859375
0.00785064697265625 -0.03369140625 0.259109497070313 0.26953125
0.0115375518798828 0.0166597366333008 0.290740966796875 -0.023681640625
0.0216655731201172 0.0136947631835937 -0.298614501953125 -0.015228271484375
0.0134563446044922 -0.0116291046142578 -0.216583251953125 -0.312774658203125
0.00657081604003906 0.00770139694213867 0.126556396484375 -0.529876708984375
0.00284576416015625 0.0365180969238281 0.63714599609375 -0.41015625
-0.0170803070068359 0.00921630859375 0.8228759765625 0.32427978515625
-0.0301170349121094 -0.0626754760742188 0.25823974609375 0.96502685546875
0.0352859497070313 -0.0077972412109375 -0.400634765625 0.7125244140625
0.0758895874023438 0.0289230346679688 0.0640678405761719 0.0669174194335938
0.0514869689941406 -0.0305442810058594 0.59735107421875 -0.703125
0.00296783447265625 -0.0523338317871094 -0.15045166015625 -1.092041015625
-0.0263481140136719 -0.00584793090820313 -0.8687744140625 -0.31610107421875
-0.00731658935546875 0.0360984802246094 -0.552825927734375 0.41473388671875
0.00748825073242188 0.0208511352539063 -0.0721130371093751 0.51544189453125
0.00652122497558594 -0.00915336608886719 0.242813110351563 0.2596435546875
0.0251598358154297 0.0194244384765625 0.275680541992188 -0.0449371337890625
0.0213127136230469 0.0123157501220703 -0.29046630859375 -0.01190185546875
0.0124187469482422 -0.00857162475585938 -0.204559326171875 -0.30865478515625
0.00468826293945313 0.0133848190307617 0.13970947265625 -0.5234375
-0.000972747802734378 0.03564453125 0.64910888671875 -0.39569091796875
-0.0199851989746094 0.00561141967773437 0.81842041015625 0.34283447265625
-0.03082275390625 -0.0701980590820313 0.238525390625 0.97576904296875
0.03704833984375 -0.00973892211914063 -0.41680908203125 0.70721435546875
0.0769195556640625 0.0298690795898437 0.0596809387207031 0.0629005432128906
0.0510025024414063 -0.0344657897949219 0.581787109375 -0.708984375
0.000499725341796872 -0.057891845703125 -0.1741943359375 -1.08050537109375
-0.0321102142333984 -0.0110187530517578 -0.8690185546875 -0.29730224609375
-0.0117607116699219 0.0360832214355469 -0.5419921875 0.427734375
0.00475311279296875 0.0227394104003906 -0.057861328125 0.518463134765625
0.0071711540222168 -0.00572109222412109 0.252914428710938 0.2618408203125
0.0273933410644531 0.0159339904785156 0.280624389648438 -0.041229248046875
0.0224971771240234 0.0131416320800781 -0.280517578125 -0.00566101074218755
0.0135936737060547 -0.00916099548339844 -0.194000244140625 -0.304840087890625
0.0045623779296875 0.0130853652954102 0.152191162109375 -0.515411376953125
-0.000247955322265628 0.034881591796875 0.659912109375 -0.37884521484375
-0.0207290649414063 -0.000738143920898438 0.81292724609375 0.36578369140625
-0.031951904296875 -0.0731353759765625 0.2183837890625 0.984375
0.0346031188964844 -0.0100059509277344 -0.4317626953125 0.705322265625
0.074462890625 0.0291061401367187 0.0563201904296875 0.0596542358398438
0.0489425659179688 -0.0355720520019531 0.56805419921875 -0.71514892578125
-0.00145721435546875 -0.05987548828125 -0.19183349609375 -1.0716552734375
-0.0314502716064453 -0.0138492584228516 -0.8681640625 -0.27386474609375
-0.0108757019042969 0.0367050170898437 -0.52911376953125 0.440216064453125
0.0068817138671875 0.0240535736083984 -0.0462036132812499 0.522796630859375
0.00645971298217773 -0.00402402877807617 0.261932373046875 0.262847900390625
0.0253791809082031 0.0173530578613281 0.285552978515625 -0.038299560546875
0.0237636566162109 0.0123023986816406 -0.273422241210938 -0.00469970703125006
0.0121393203735352 -0.00935554504394531 -0.18212890625 -0.301788330078125
0.0105791091918945 0.00972461700439453 0.165374755859375 -0.511749267578125
0.00612068176269531 0.0342025756835938 0.6700439453125 -0.3621826171875
-0.0182743072509766 0.00219154357910156 0.81243896484375 0.38897705078125
-0.029571533203125 -0.0720596313476563 0.20361328125 1.00079345703125
0.0340404510498047 -0.00948905944824219 -0.43988037109375 0.70391845703125
0.0726776123046875 0.0261306762695313 0.0568084716796875 0.0565948486328125
0.0457725524902344 -0.0365791320800781 0.5516357421875 -0.7183837890625
-0.00268554687499999 -0.0595817565917969 -0.212646484375 -1.0601806640625
-0.0271015167236328 -0.00823020935058594 -0.87286376953125 -0.252685546875
-0.00380516052246094 0.0337085723876953 -0.520965576171875 0.456817626953125
0.00990867614746094 0.0198993682861328 -0.0372924804687499 0.53179931640625
0.00738430023193359 -0.00890922546386719 0.269088745117188 0.266220092773438
0.0267333984375 0.0160121917724609 0.289886474609375 -0.0345458984375
0.0188426971435547 0.0110874176025391 -0.268341064453125 -0.00138854980468751
0.0129928588867188 -0.0137796401977539 -0.17596435546875 -0.30120849609375
0.0148353576660156 0.00511550903320312 0.173736572265625 -0.505096435546875
0.0118217468261719 0.0317974090576172 0.6737060546875 -0.3492431640625
-0.0124778747558594 0.00384330749511719 0.807861328125 0.401611328125
-0.0299186706542969 -0.0702438354492187 0.191650390625 1.0118408203125
0.0297679901123047 -0.0128002166748047 -0.44830322265625 0.703369140625
0.0707931518554687 0.0217208862304688 0.0552482604980469 0.0540351867675781
0.0425224304199219 -0.0388336181640625 0.541748046875 -0.7239990234375
-0.00235748291015625 -0.0553245544433594 -0.227294921875 -1.05255126953125
-0.0209827423095703 -0.00456047058105469 -0.87359619140625 -0.23492431640625
0.00487518310546875 0.0309085845947266 -0.5101318359375 0.466552734375
0.016942024230957 0.0141563415527344 -0.0302734375 0.533966064453125
0.00658893585205078 -0.0124216079711914 0.274002075195313 0.267013549804688
0.02325439453125 0.0159263610839844 0.293792724609375 -0.03125
0.0170707702636719 0.0118427276611328 -0.264068603515625 -9.15527343750244E-05
0.0157947540283203 -0.0212860107421875 -0.172210693359375 -0.299407958984375
0.0207023620605469 -0.00157928466796875 0.177001953125 -0.501678466796875
0.0220241546630859 0.03082275390625 0.6778564453125 -0.34088134765625
-0.00384235382080078 0.00663137435913086 0.808837890625 0.41180419921875
-0.0305252075195312 -0.0654792785644531 0.18927001953125 1.01519775390625
0.0256023406982422 -0.0118026733398438 -0.45147705078125 0.704833984375
0.0677871704101563 0.0176315307617188 0.0570411682128906 0.053985595703125
0.0373764038085937 -0.0401458740234375 0.53631591796875 -0.7255859375
-0.00333404541015625 -0.0495719909667969 -0.23297119140625 -1.04681396484375
-0.00976467132568359 -0.00136280059814453 -0.87213134765625 -0.2264404296875
0.0144176483154297 0.0273876190185547 -0.508087158203125 0.473297119140625
0.0206527709960938 0.01129150390625 -0.0302734375 0.537628173828125
0.00761032104492187 -0.0200729370117188 0.274444580078125 0.268035888671875
0.0185031890869141 0.0145416259765625 0.2972412109375 -0.028411865234375
0.00902080535888672 0.0116376876831055 -0.266510009765625 -0.00292968749999998
0.0151882171630859 -0.0282001495361328 -0.175140380859375 -0.302154541015625
0.0267810821533203 -0.0105552673339844 0.17486572265625 -0.50250244140625
0.0360374450683594 0.0283012390136719 0.67510986328125 -0.3433837890625
0.00462245941162109 0.0151939392089844 0.80718994140625 0.41339111328125
-0.0279159545898438 -0.057769775390625 0.19036865234375 1.02001953125
0.0187053680419922 -0.0150852203369141 -0.45068359375 0.7049560546875
0.0651016235351562 0.0137062072753906 0.0568428039550781 0.0552139282226563
0.0339698791503906 -0.0412216186523438 0.5408935546875 -0.71990966796875
-0.002044677734375 -0.0427131652832031 -0.231689453125 -1.0479736328125
-0.00123691558837891 0.00414180755615234 -0.87384033203125 -0.2265625
0.0259628295898438 0.0237102508544922 -0.506866455078125 0.47418212890625
0.0266704559326172 0.00214576721191406 -0.034759521484375 0.539947509765625
0.00657463073730469 -0.0268688201904297 0.271270751953125 0.267440795898438
0.0164337158203125 0.0176792144775391 0.294677734375 -0.02972412109375
0.00505352020263672 0.00948238372802734 -0.27020263671875 -0.00488281250000001
0.0134353637695313 -0.0346908569335938 -0.181304931640625 -0.30267333984375
0.0296535491943359 -0.0188007354736328 0.16448974609375 -0.50384521484375
0.0451278686523438 0.0294265747070313 0.671875 -0.34808349609375
0.0132045745849609 0.0218544006347656 0.813232421875 0.4034423828125
-0.0296859741210938 -0.0516204833984375 0.201416015625 1.01495361328125
0.0183734893798828 -0.0158424377441406 -0.44189453125 0.70751953125
0.0625686645507812 0.00934982299804688 0.0615501403808594 0.0599822998046875
0.0291328430175781 -0.0414085388183594 0.547119140625 -0.72003173828125
-0.000198364257812497 -0.0358619689941406 -0.22174072265625 -1.046875
0.00792598724365234 0.0107755661010742 -0.8717041015625 -0.23211669921875
0.0351352691650391 0.0211296081542969 -0.515380859375 0.46929931640625
0.0309066772460938 -0.00406837463378906 -0.04071044921875 0.540069580078125
0.00757789611816406 -0.0330009460449219 0.26361083984375 0.26702880859375
0.0113773345947266 0.016942024230957 0.293060302734375 -0.02960205078125
0.0235862731933594 0.0131893157958984 -0.299835205078125 -0.00988769531250005
0.0123729705810547 -0.011775016784668 -0.222808837890625 -0.308380126953125
0.00548028945922851 0.00690555572509766 0.118927001953125 -0.533843994140625
0.00342559814453125 0.0356712341308594 0.6326904296875 -0.42205810546875
-0.0172948837280273 0.00945854187011719 0.8270263671875 0.31097412109375
-0.0320701599121094 -0.0618896484375 0.27056884765625 0.9608154296875
0.0367012023925781 -0.00835418701171875 -0.389892578125 0.7149658203125
0.0772933959960938 0.0282440185546875 0.0641670227050781 0.0671958923339844
0.0503120422363281 -0.0304107666015625 0.58837890625 -0.712646484375
0.00238800048828125 -0.0537834167480469 -0.1658935546875 -1.09100341796875
-0.0259189605712891 -0.00621223449707031 -0.87078857421875 -0.3056640625
-0.00684356689453125 0.0356292724609375 -0.548797607421875 0.42340087890625
0.00849342346191406 0.0189285278320313 -0.06439208984375 0.515777587890625
0.00548076629638672 -0.00794601440429688 0.24853515625 0.257003784179688
0.0246467590332031 0.016510009765625 0.277618408203125 -0.0482330322265625
0.0248813629150391 0.0124664306640625 -0.289520263671875 -0.00802612304687505
0.0128488540649414 -0.0100421905517578 -0.211181640625 -0.302337646484375
0.00626373291015625 0.0130825042724609 0.1307373046875 -0.52734375
-0.000389099121093748 0.0370330810546875 0.64300537109375 -0.40521240234375
-0.0225791931152344 0.00322151184082031 0.8228759765625 0.3294677734375
-0.0311279296875 -0.0681495666503906 0.253173828125 0.97003173828125
0.0377197265625 -0.00936126708984375 -0.4063720703125 0.71502685546875
0.0760421752929688 0.0283889770507813 0.0598602294921875 0.0611343383789063
0.0514678955078125 -0.0324478149414063 0.57177734375 -0.71649169921875
-0.000263214111328131 -0.0575942993164063 -0.18902587890625 -1.079833984375
-0.0290565490722656 -0.0110454559326172 -0.87359619140625 -0.28338623046875
-0.00991439819335937 0.0352516174316406 -0.535125732421875 0.436920166015625
0.00747299194335938 0.0234508514404297 -0.052001953125 0.521392822265625
0.00659847259521484 -0.00575733184814453 0.25872802734375 0.25848388671875
0.0277729034423828 0.0167121887207031 0.28277587890625 -0.0447998046875
0.0245513916015625 0.0121250152587891 -0.282501220703125 0.000244140624999944
0.0140304565429688 -0.00721836090087891 -0.199981689453125 -0.302276611328125
0.00564479827880859 0.0131196975708008 0.144073486328125 -0.518951416015625
-0.000202178955078127 0.0352821350097656 0.65484619140625 -0.3873291015625
-0.0212593078613281 0.0024566650390625 0.8160400390625 0.3525390625
-0.03271484375 -0.0726165771484375 0.2301025390625 0.98199462890625
0.0357017517089844 -0.0104293823242188 -0.42071533203125 0.71087646484375
0.075042724609375 0.0288009643554688 0.0580062866210938 0.0596580505371094
0.0467987060546875 -0.0364227294921875 0.5582275390625 -0.7208251953125
-0.00265502929687501 -0.06011962890625 -0.205322265625 -1.07086181640625
-0.0299434661865234 -0.0123634338378906 -0.87371826171875 -0.26495361328125
-0.00873565673828125 0.0355606079101563 -0.526336669921875 0.448944091796875
0.005706787109375 0.0228481292724609 -0.03948974609375 0.52471923828125
0.0075531005859375 -0.00780820846557617 0.268905639648438 0.259780883789063
0.0278110504150391 0.0176410675048828 0.287689208984375 -0.043914794921875
0.0247135162353516 0.0117568969726563 -0.275680541992188 -0.000732421875000021
0.013519287109375 -0.00802803039550781 -0.1885986328125 -0.301483154296875
0.00988197326660156 0.0100374221801758 0.157257080078125 -0.515625
0.00556373596191406 0.0319728851318359 0.6640625 -0.37542724609375
-0.0196113586425781 0.000284194946289063 0.814208984375 0.3740234375
-0.0330047607421875 -0.0735321044921875 0.2183837890625 0.9979248046875
0.0329189300537109 -0.0132656097412109 -0.43133544921875 0.707763671875
0.0740127563476562 0.0242919921875 0.0556297302246094 0.0564041137695313
0.0450897216796875 -0.0375251770019531 0.541748046875 -0.7276611328125
-0.00293731689453125 -0.0600395202636719 -0.2271728515625 -1.0589599609375
-0.0275592803955078 -0.0104446411132812 -0.8778076171875 -0.2430419921875
-0.00435066223144532 0.0338268280029297 -0.51446533203125 0.4635009765625
0.0107784271240234 0.0191230773925781 -0.03076171875 0.53173828125
0.0056462287902832 -0.00770282745361328 0.274993896484375 0.262893676757812
0.0278072357177734 0.0163116455078125 0.29168701171875 -0.03936767578125
0.020965576171875 0.0132255554199219 -0.26849365234375 0.00262451171874995
0.0131540298461914 -0.0139293670654297 -0.181396484375 -0.29730224609375
0.0143766403198242 0.00519943237304687 0.163909912109375 -0.508697509765625
0.0148468017578125 0.0314140319824219 0.66900634765625 -0.36248779296875
-0.0129108428955078 0.00246238708496094 0.8134765625 0.390869140625
-0.0316810607910156 -0.0700721740722656 0.2030029296875 1.0072021484375
0.0288619995117188 -0.0130634307861328 -0.43975830078125 0.70721435546875
0.0716171264648438 0.0213470458984375 0.0555038452148438 0.0539131164550781
0.041656494140625 -0.0383110046386719 0.53411865234375 -0.72991943359375
-0.00321578979492187 -0.0551872253417969 -0.24334716796875 -1.048828125
-0.0204524993896484 -0.00607872009277344 -0.87811279296875 -0.2220458984375
0.00625419616699219 0.0303554534912109 -0.503509521484375 0.47406005859375
0.0149831771850586 0.0148696899414062 -0.02197265625 0.5367431640625
0.00784969329833984 -0.0122470855712891 0.2794189453125 0.263717651367188
0.0237293243408203 0.0161876678466797 0.294464111328125 -0.03424072265625
0.0167312622070312 0.0126104354858398 -0.263565063476563 0.00354003906249995
0.0145092010498047 -0.0197200775146484 -0.178955078125 -0.296966552734375
0.0198764801025391 -0.000980377197265625 0.1673583984375 -0.5076904296875
0.0243415832519531 0.0279693603515625 0.671142578125 -0.35150146484375
-0.00543642044067383 0.00686502456665039 0.81402587890625 0.39794921875
-0.0313529968261719 -0.0636329650878906 0.20159912109375 1.01275634765625
0.0249671936035156 -0.0136890411376953 -0.4444580078125 0.707763671875
0.0678176879882812 0.0169639587402344 0.0568962097167969 0.0533676147460937
0.0373382568359375 -0.0383110046386719 0.52935791015625 -0.73126220703125
-0.00437545776367188 -0.0473518371582031 -0.24627685546875 -1.04376220703125
-0.0108375549316406 -0.00194358825683594 -0.87640380859375 -0.21368408203125
0.0163993835449219 0.0254898071289063 -0.50054931640625 0.481842041015625
0.0225067138671875 0.00759124755859375 -0.021209716796875 0.539642333984375
0.00565910339355469 -0.0190143585205078 0.27886962890625 0.262252807617188
0.0215244293212891 0.0155124664306641 0.294830322265625 -0.032958984375
0.0103721618652344 0.0101757049560547 -0.265975952148437 0.0025482177734375
0.0144634246826172 -0.0268573760986328 -0.180633544921875 -0.2982177734375
0.0251197814941406 -0.00793647766113281 0.1654052734375 -0.503997802734375
0.0363006591796875 0.0278396606445312 0.6719970703125 -0.35540771484375
0.00510120391845703 0.0123500823974609 0.81475830078125 0.40130615234375
-0.0306663513183594 -0.0579452514648438 0.205322265625 1.01123046875
0.0212821960449219 -0.0146465301513672 -0.43914794921875 0.711669921875
0.0658721923828125 0.01312255859375 0.05694580078125 0.0561485290527344
0.0318870544433594 -0.0414009094238281 0.5306396484375 -0.728759765625
-0.00229263305664063 -0.0413818359375 -0.24554443359375 -1.0435791015625
0.000298500061035156 0.00488662719726563 -0.87677001953125 -0.2119140625
0.028533935546875 0.0225067138671875 -0.501373291015625 0.483428955078125
0.0261726379394531 0.00151634216308594 -0.0253295898437501 0.5408935546875
0.00573921203613281 -0.0248394012451172 0.278289794921875 0.264862060546875
0.0181713104248047 0.0153827667236328 0.29852294921875 -0.034088134765625
0.00517082214355469 0.00921344757080078 -0.269775390625 -4.57763671874872E-05
0.0137252807617188 -0.0336341857910156 -0.185699462890625 -0.300201416015625
0.0309963226318359 -0.0150718688964844 0.1568603515625 -0.50872802734375
0.0461883544921875 0.0269012451171875 0.66632080078125 -0.35980224609375
0.0127220153808594 0.0220832824707031 0.8194580078125 0.39154052734375
-0.0296516418457031 -0.0499534606933594 0.21710205078125 1.00811767578125
0.0163373947143555 -0.0147256851196289 -0.4327392578125 0.714111328125
0.0635108947753906 0.00837326049804687 0.0611038208007813 0.0585098266601563
0.0291213989257813 -0.0394821166992188 0.5355224609375 -0.72613525390625
-0.000820159912109373 -0.0344371795654297 -0.2371826171875 -1.044677734375
0.00905036926269531 0.0112791061401367 -0.874755859375 -0.2178955078125
0.0364494323730469 0.0196914672851563 -0.5091552734375 0.47711181640625
0.0313034057617188 -0.00470161437988281 -0.032440185546875 0.5379638671875
0.00536155700683594 -0.0338230133056641 0.270599365234375 0.261581420898438
0.0122890472412109 0.0152196884155273 0.293975830078125 -0.033477783203125
0.0225639343261719 0.0119724273681641 -0.300750732421875 -0.00518798828124998
0.0114030838012695 -0.0104923248291016 -0.228790283203125 -0.3057861328125
0.00713920593261719 0.0085759162902832 0.1102294921875 -0.536865234375
0.00397109985351563 0.034637451171875 0.6229248046875 -0.4298095703125
-0.0178585052490234 0.00745773315429687 0.8314208984375 0.29803466796875
-0.0332756042480469 -0.06402587890625 0.28314208984375 0.95489501953125
0.0367469787597656 -0.00963592529296875 -0.37945556640625 0.71917724609375
0.0773849487304688 0.0279769897460938 0.0650444030761719 0.0662422180175781
0.049896240234375 -0.0309104919433594 0.57611083984375 -0.71929931640625
-0.000404357910156251 -0.0536270141601562 -0.17987060546875 -1.0848388671875
-0.0267219543457031 -0.00778961181640625 -0.87054443359375 -0.29254150390625
-0.00477218627929687 0.0345268249511719 -0.540985107421875 0.432281494140625
0.00885772705078125 0.0197639465332031 -0.055419921875 0.515960693359375
0.00545263290405274 -0.00877094268798828 0.253372192382813 0.251617431640625
0.0269756317138672 0.0180034637451172 0.277191162109375 -0.0542144775390625
0.0254631042480469 0.0121822357177734 -0.292388916015625 -0.00213623046875
0.0131311416625977 -0.00859260559082031 -0.218475341796875 -0.3006591796875
0.00620555877685547 0.0118160247802734 0.122772216796875 -0.5301513671875
5.72204589843724E-05 0.0352745056152344 0.63421630859375 -0.41497802734375
-0.0226173400878906 0.00404167175292968 0.8240966796875 0.31561279296875
-0.032623291015625 -0.068145751953125 0.2667236328125 0.9619140625
0.0355720520019531 -0.011383056640625 -0.3956298828125 0.71771240234375
0.0783538818359375 0.0273513793945313 0.0599822998046875 0.0616416931152344
0.0496292114257813 -0.0341949462890625 0.5596923828125 -0.72265625
-0.002044677734375 -0.0576667785644531 -0.201416015625 -1.0731201171875
-0.0310478210449219 -0.0103473663330078 -0.87420654296875 -0.27166748046875
-0.0100383758544922 0.0346660614013672 -0.529693603515625 0.443511962890625
0.00740432739257812 0.0218086242675781 -0.04144287109375 0.516571044921875
0.00471067428588867 -0.00558137893676758 0.263748168945313 0.254287719726563
0.0292434692382813 0.0150394439697266 0.28338623046875 -0.05023193359375
0.0235137939453125 0.0125446319580078 -0.281280517578125 0.00524902343750003
0.0126638412475586 -0.00807285308837891 -0.204254150390625 -0.297607421875
0.0054473876953125 0.0112667083740234 0.135223388671875 -0.52252197265625
0.00168418884277344 0.0334739685058594 0.64630126953125 -0.400390625
-0.0220508575439453 -0.000663757324218745 0.8197021484375 0.336669921875
-0.0328369140625 -0.0711288452148438 0.244873046875 0.9752197265625
0.0363845825195312 -0.0129890441894531 -0.4105224609375 0.7139892578125
0.0755386352539063 0.0280075073242188 0.0568389892578125 0.0592918395996094
0.0468902587890625 -0.0355224609375 0.54827880859375 -0.7274169921875
-0.00254440307617187 -0.0601272583007813 -0.21966552734375 -1.0650634765625
-0.0311412811279297 -0.0129127502441406 -0.87548828125 -0.2501220703125
-0.00651741027832031 0.0328330993652344 -0.51806640625 0.455841064453125
0.00726318359375 0.0227947235107422 -0.031036376953125 0.523162841796875
0.00463533401489258 -0.00506210327148438 0.273880004882813 0.256118774414063
0.0287227630615234 0.0142040252685547 0.289886474609375 -0.045684814453125
0.0255451202392578 0.0110301971435547 -0.274688720703125 0.0024871826171875
0.0113124847412109 -0.00747489929199219 -0.19451904296875 -0.297149658203125
0.00953197479248047 0.0106716156005859 0.148773193359375 -0.5191650390625
0.0065460205078125 0.0324821472167969 0.65576171875 -0.38525390625
-0.0190048217773438 -0.000442504882812496 0.81927490234375 0.35894775390625
-0.0343780517578125 -0.0712051391601563 0.2294921875 0.989990234375
0.0331134796142578 -0.0143260955810547 -0.42022705078125 0.7108154296875
0.07440185546875 0.0233993530273438 0.0554656982421875 0.0557708740234375
0.0433845520019531 -0.0373382568359375 0.53106689453125 -0.73394775390625
-0.003448486328125 -0.0572509765625 -0.24273681640625 -1.05615234375
-0.0280780792236328 -0.0128879547119141 -0.878662109375 -0.2296142578125
-0.00402450561523438 0.0326633453369141 -0.50518798828125 0.473175048828125
0.0117053985595703 0.0195178985595703 -0.020751953125 0.531402587890625
0.00579023361206055 -0.00686120986938477 0.282470703125 0.259368896484375
0.0284996032714844 0.0139083862304688 0.291107177734375 -0.043121337890625
0.0215072631835938 0.0110607147216797 -0.269683837890625 0.00775146484374996
0.0120363235473633 -0.0153341293334961 -0.18817138671875 -0.29345703125
0.0146141052246094 0.00506687164306641 0.156585693359375 -0.5130615234375
0.0127372741699219 0.0292701721191406 0.66241455078125 -0.37139892578125
-0.0131864547729492 0.00182819366455078 0.8153076171875 0.37420654296875
-0.034881591796875 -0.0697479248046875 0.21844482421875 0.99945068359375
0.0296649932861328 -0.0139369964599609 -0.4295654296875 0.71258544921875
0.0719528198242188 0.020660400390625 0.0554161071777344 0.0528640747070313
0.0401344299316406 -0.0394020080566406 0.52252197265625 -0.7353515625
-0.003143310546875 -0.0559654235839844 -0.25738525390625 -1.04901123046875
-0.0214176177978516 -0.00705909729003906 -0.8780517578125 -0.2109375
0.00785064697265625 0.0279521942138672 -0.49749755859375 0.481292724609375
0.0157403945922852 0.0144357681274414 -0.0145568847656251 0.53668212890625
0.00470638275146484 -0.0130796432495117 0.28546142578125 0.25946044921875
0.0251560211181641 0.0123443603515625 0.295623779296875 -0.03948974609375
0.0175294876098633 0.0117807388305664 -0.266738891601563 0.00904846191406252
0.0123863220214844 -0.0206432342529297 -0.18499755859375 -0.293365478515625
0.0199127197265625 -0.001861572265625 0.16058349609375 -0.5093994140625
0.0245151519775391 0.0275402069091797 0.6651611328125 -0.36407470703125
-0.00430011749267578 0.00693130493164063 0.81512451171875 0.38372802734375
-0.0342063903808594 -0.0635299682617188 0.21282958984375 1.00433349609375
0.0262184143066406 -0.0140857696533203 -0.43133544921875 0.7125244140625
0.0687904357910156 0.0153350830078125 0.0572776794433594 0.0527305603027344
0.0355186462402344 -0.0395088195800781 0.51617431640625 -0.7366943359375
-0.0050201416015625 -0.0465507507324219 -0.2637939453125 -1.03839111328125
-0.0102624893188477 -0.00178337097167969 -0.8779296875 -0.20013427734375
0.0173892974853516 0.0244846343994141 -0.4912109375 0.48907470703125
0.0212345123291016 0.00687217712402344 -0.010284423828125 0.539886474609375
0.0048980712890625 -0.0179538726806641 0.28564453125 0.260040283203125
0.0230865478515625 0.0143394470214844 0.296630859375 -0.037841796875
0.0146369934082031 0.00962162017822266 -0.267318725585938 0.00657653808593754
0.0142803192138672 -0.0261974334716797 -0.1859130859375 -0.29486083984375
0.0249347686767578 -0.00881576538085938 0.1575927734375 -0.509063720703125
0.0365791320800781 0.0264472961425781 0.66644287109375 -0.3626708984375
0.00418472290039062 0.0128974914550781 0.8177490234375 0.38433837890625
-0.0333251953125 -0.0584373474121094 0.21917724609375 1.010009765625
0.0211963653564453 -0.0137081146240234 -0.42926025390625 0.713623046875
0.0682296752929688 0.0124359130859375 0.0581741333007813 0.0553932189941406
0.0309944152832031 -0.0408859252929688 0.51641845703125 -0.73492431640625
-0.00397491455078125 -0.0413169860839844 -0.26202392578125 -1.0396728515625
-0.00136137008666992 0.0028221607208252 -0.87548828125 -0.19647216796875
0.0272769927978516 0.0212192535400391 -0.493438720703125 0.49017333984375
0.0276584625244141 -4.1961669921875E-05 -0.0179443359375 0.540740966796875
0.00434112548828125 -0.0250568389892578 0.282562255859375 0.258392333984375
0.0177192687988281 0.0131168365478516 0.295867919921875 -0.037811279296875
0.00472307205200195 0.00803804397583008 -0.27105712890625 0.00572204589843755
0.0141181945800781 -0.0330753326416016 -0.19378662109375 -0.29620361328125
0.0304107666015625 -0.0149784088134766 0.149627685546875 -0.511138916015625
0.0464935302734375 0.0256271362304688 0.65887451171875 -0.36981201171875
0.0145187377929687 0.0186691284179688 0.82379150390625 0.37640380859375
-0.0322227478027344 -0.0513534545898437 0.22760009765625 1.00347900390625
0.0188179016113281 -0.0145626068115234 -0.42034912109375 0.71551513671875
0.0645828247070313 0.00927734375 0.0613479614257813 0.0579185485839844
0.0283737182617188 -0.0385360717773438 0.5263671875 -0.730712890625
-0.00176811218261719 -0.0326271057128906 -0.2498779296875 -1.04107666015625
0.00995349884033203 0.00941085815429688 -0.87506103515625 -0.20635986328125
0.0366363525390625 0.0184211730957031 -0.501220703125 0.48541259765625
0.0292282104492188 -0.00495338439941406 -0.024688720703125 0.53924560546875
0.005767822265625 -0.0338115692138672 0.275390625 0.258819580078125
0.0135478973388672 0.0150270462036133 0.2950439453125 -0.039581298828125
0.0239963531494141 0.0116729736328125 -0.30047607421875 -0.00112915039062501
0.0115318298339844 -0.0106163024902344 -0.23284912109375 -0.29876708984375
0.00711536407470703 0.0102815628051758 0.099029541015625 -0.535797119140625
0.00431251525878906 0.0346355438232422 0.6142578125 -0.441650390625
-0.0175027847290039 0.00817394256591797 0.8304443359375 0.2801513671875
-0.0347862243652344 -0.0616455078125 0.294677734375 0.94512939453125
0.0363006591796875 -0.00947189331054688 -0.37091064453125 0.7210693359375
0.0774993896484375 0.026031494140625 0.0652389526367188 0.0650978088378906
0.0484657287597656 -0.0318756103515625 0.56512451171875 -0.72283935546875
-0.000579833984375003 -0.0513343811035156 -0.19378662109375 -1.08270263671875
-0.0284023284912109 -0.00851440429687501 -0.87420654296875 -0.278076171875
-0.00488662719726562 0.0328998565673828 -0.532958984375 0.438018798828125
0.00834274291992188 0.0183620452880859 -0.04547119140625 0.5157470703125
0.00394010543823242 -0.00722169876098633 0.256515502929688 0.247573852539063
0.0284824371337891 0.0131053924560547 0.277572631835938 -0.0576629638671875
0.0266265869140625 0.0103816986083984 -0.291015625 0.00280761718750004
0.0112457275390625 -0.00752067565917969 -0.221649169921875 -0.296356201171875
0.006500244140625 0.0130634307861328 0.11114501953125 -0.531036376953125
0.000200271606445315 0.0342044830322266 0.625732421875 -0.42584228515625
-0.0230960845947266 0.00317192077636719 0.82659912109375 0.3016357421875
-0.0346527099609375 -0.0677871704101563 0.2777099609375 0.95623779296875
0.0352706909179688 -0.0103836059570313 -0.3843994140625 0.71746826171875
0.07843017578125 0.0253753662109375 0.062744140625 0.061126708984375
0.0493202209472656 -0.0341072082519531 0.5526123046875 -0.727294921875
-0.00313186645507812 -0.0562553405761719 -0.21661376953125 -1.0711669921875
-0.0314369201660156 -0.00994300842285156 -0.8756103515625 -0.2569580078125
-0.00852584838867188 0.0330448150634766 -0.521514892578125 0.45111083984375
0.00832366943359375 0.0219345092773437 -0.0330810546874999 0.5194091796875
0.00514554977416992 -0.00654840469360352 0.2698974609375 0.24847412109375
0.0317783355712891 0.0140972137451172 0.282501220703125 -0.055511474609375
0.0259132385253906 0.00944137573242188 -0.281524658203125 0.00610351562500003
0.0116367340087891 -0.00697994232177734 -0.21014404296875 -0.2940673828125
0.00749969482421875 0.0129718780517578 0.12420654296875 -0.522430419921875
0.00145721435546875 0.03436279296875 0.635986328125 -0.409912109375
-0.0229835510253906 -0.00170707702636719 0.82281494140625 0.32275390625
-0.0363731384277344 -0.0702018737792969 0.2547607421875 0.96868896484375
0.0340061187744141 -0.0122089385986328 -0.400390625 0.71630859375
0.0760421752929688 0.0249557495117188 0.058563232421875 0.0565834045410156
0.0471153259277344 -0.0358619689941406 0.53692626953125 -0.729736328125
-0.00522994995117187 -0.0598945617675781 -0.2332763671875 -1.05908203125
-0.03094482421875 -0.0133934020996094 -0.87493896484375 -0.2381591796875
-0.00730705261230469 0.0340003967285156 -0.51019287109375 0.465850830078125
0.00805091857910156 0.0213756561279297 -0.022552490234375 0.52423095703125
0.00462913513183594 -0.0051417350769043 0.2796630859375 0.249771118164062
0.0292549133300781 0.0154953002929687 0.287353515625 -0.0523681640625
0.0274791717529297 0.00919914245605469 -0.274276733398438 0.00779724121093748
0.0135231018066406 -0.00847911834716797 -0.197418212890625 -0.292510986328125
0.0115861892700195 0.0118370056152344 0.138031005859375 -0.52056884765625
0.00766754150390625 0.0312957763671875 0.64605712890625 -0.394775390625
-0.0201339721679688 -0.00179481506347656 0.8209228515625 0.345947265625
-0.0349884033203125 -0.0707931518554688 0.2415771484375 0.98211669921875
0.0328617095947266 -0.0140495300292969 -0.40887451171875 0.71343994140625
0.0755844116210938 0.0224609375 0.0571670532226563 0.0534629821777344
0.0425949096679688 -0.0373268127441406 0.51995849609375 -0.7381591796875
-0.00608444213867188 -0.0594596862792969 -0.25506591796875 -1.04852294921875
-0.0273780822753906 -0.0101947784423828 -0.8785400390625 -0.215576171875
-0.00157737731933594 0.0313091278076172 -0.499755859375 0.477874755859375
0.0120391845703125 0.0182151794433594 -0.01190185546875 0.530548095703125
0.00327110290527344 -0.00754404067993164 0.285797119140625 0.251220703125
0.0291957855224609 0.0117855072021484 0.291412353515625 -0.04937744140625
0.0219306945800781 0.00960159301757813 -0.26959228515625 0.00991821289062502
0.013545036315918 -0.0137310028076172 -0.191650390625 -0.290740966796875
0.0149784088134766 0.00384330749511719 0.144927978515625 -0.512939453125
0.0150394439697266 0.0297813415527344 0.65411376953125 -0.3800048828125
-0.0139608383178711 0.00106048583984375 0.81646728515625 0.3602294921875
-0.0342025756835938 -0.0666694641113281 0.22979736328125 0.99151611328125
0.0295066833496094 -0.0134086608886719 -0.4190673828125 0.71392822265625
0.0725631713867188 0.01715087890625 0.0583610534667969 0.0521736145019531
0.0387992858886719 -0.0389900207519531 0.510498046875 -0.7393798828125
-0.0077056884765625 -0.0550346374511719 -0.26971435546875 -1.04071044921875
-0.0188560485839844 -0.00622367858886718 -0.8775634765625 -0.197021484375
0.00666618347167968 0.0280475616455078 -0.48828125 0.48907470703125
0.0161523818969727 0.0145101547241211 -0.00308227539062502 0.535125732421875
0.00537300109863281 -0.0137996673583984 0.290679931640625 0.25341796875
0.0277919769287109 0.014801025390625 0.29681396484375 -0.04620361328125
0.0177555084228516 0.0102252960205078 -0.26715087890625 0.0112152099609375
0.01287841796875 -0.0184822082519531 -0.189422607421875 -0.28955078125
0.0210151672363281 -0.000963211059570313 0.151214599609375 -0.512451171875
0.0276470184326172 0.0269279479980469 0.65576171875 -0.373779296875
-0.0066838264465332 0.00535202026367188 0.818115234375 0.369384765625
-0.0358810424804687 -0.0641441345214844 0.22625732421875 1.0006103515625
0.0264568328857422 -0.0138053894042969 -0.42169189453125 0.71405029296875
0.0692481994628906 0.0141944885253906 0.0556182861328125 0.0521736145019531
0.0352821350097656 -0.0409431457519531 0.50433349609375 -0.7423095703125
-0.00530242919921875 -0.0469245910644531 -0.2745361328125 -1.035400390625
-0.0113725662231445 -0.00274372100830078 -0.878173828125 -0.1878662109375
0.0173301696777344 0.0243282318115234 -0.485809326171875 0.494720458984375
0.0204734802246094 0.00852394104003906 -0.00228881835937499 0.5394287109375
0.0049591064453125 -0.0191059112548828 0.28997802734375 0.2530517578125
0.0231475830078125 0.0122585296630859 0.2962646484375 -0.043365478515625
0.0135345458984375 0.00994586944580078 -0.266693115234375 0.00987243652343746
0.0124626159667969 -0.0265846252441406 -0.190216064453125 -0.290863037109375
0.0262680053710938 -0.00809478759765625 0.14715576171875 -0.5101318359375
0.0359573364257813 0.02630615234375 0.65570068359375 -0.3736572265625
0.00280284881591797 0.012700080871582 0.8199462890625 0.37152099609375
-0.035247802734375 -0.056304931640625 0.2305908203125 1.00079345703125
0.0203361511230469 -0.0161800384521484 -0.42108154296875 0.71728515625
0.06634521484375 0.01007080078125 0.0589866638183594 0.0525474548339844
0.0304985046386719 -0.0404090881347656 0.50732421875 -0.739501953125
-0.00402450561523437 -0.0413246154785156 -0.27227783203125 -1.03277587890625
0.000474214553833008 0.00303339958190918 -0.8773193359375 -0.184814453125
0.0289077758789063 0.0198001861572266 -0.485260009765625 0.4967041015625
0.0259056091308594 -0.0004119873046875 -0.00680541992187503 0.541168212890625
0.00371742248535157 -0.0262851715087891 0.287811279296875 0.25390625
0.0196647644042969 0.01373291015625 0.29730224609375 -0.042388916015625
0.00652885437011719 0.00974464416503906 -0.271774291992188 0.00900268554687497
0.0132083892822266 -0.0323905944824219 -0.197265625 -0.292022705078125
0.02996826171875 -0.0162067413330078 0.137786865234375 -0.511688232421875
0.047119140625 0.0237579345703125 0.65057373046875 -0.3807373046875
0.0134296417236328 0.0174293518066406 0.82513427734375 0.36053466796875
-0.0339317321777344 -0.0485496520996094 0.2415771484375 0.99774169921875
0.0169153213500977 -0.0142488479614258 -0.412109375 0.7191162109375
0.0647087097167969 0.00703048706054688 0.0616874694824219 0.0573310852050781
0.0280685424804687 -0.0398902893066406 0.514892578125 -0.73577880859375
-0.00220108032226563 -0.0356712341308594 -0.26214599609375 -1.0367431640625
0.00901699066162109 0.00958347320556641 -0.87713623046875 -0.19482421875
0.0377998352050781 0.0166091918945313 -0.49261474609375 0.49072265625
0.03033447265625 -0.00627326965332031 -0.014739990234375 0.539764404296875
0.00495147705078125 -0.0333576202392578 0.280731201171875 0.254196166992188
0.0157327651977539 0.0142936706542969 0.293975830078125 -0.043609619140625
0.0254688262939453 0.0100173950195313 -0.300140380859375 0.00393676757812495
0.0116291046142578 -0.0106573104858398 -0.23687744140625 -0.294189453125
0.00747489929199219 0.00992393493652344 0.08929443359375 -0.535888671875
0.00636100769042969 0.0344753265380859 0.6041259765625 -0.44873046875
-0.0193462371826172 0.00494575500488281 0.82989501953125 0.2664794921875
-0.0356483459472656 -0.0595436096191406 0.30499267578125 0.93585205078125
0.0349674224853516 -0.0090789794921875 -0.359375 0.72235107421875
0.0789871215820313 0.0248260498046875 0.065216064453125 0.0654716491699219
0.0491523742675781 -0.0325927734375 0.55633544921875 -0.7283935546875
-0.00162506103515625 -0.0513038635253906 -0.206787109375 -1.072509765625
-0.0274085998535156 -0.00655174255371094 -0.875244140625 -0.26666259765625
-0.00287055969238281 0.0338134765625 -0.5252685546875 0.444427490234375
0.00876045227050781 0.01983642578125 -0.040252685546875 0.515045166015625
0.00434732437133789 -0.00814676284790039 0.262542724609375 0.242202758789063
0.0284786224365234 0.0139427185058594 0.276229858398437 -0.06280517578125
0.0262775421142578 0.00949859619140625 -0.29022216796875 0.00814819335937496
0.0113811492919922 -0.00698757171630859 -0.2249755859375 -0.29022216796875
0.00640392303466797 0.0132427215576172 0.104156494140625 -0.53302001953125
0.00218009948730469 0.0346279144287109 0.6151123046875 -0.43353271484375
-0.0237312316894531 0.001190185546875 0.82220458984375 0.286865234375
-0.0362625122070313 -0.0666694641113281 0.28778076171875 0.946533203125
0.0357894897460938 -0.0120964050292969 -0.373291015625 0.7186279296875
0.0789108276367187 0.02642822265625 0.0617179870605469 0.0595855712890625
0.0487136840820312 -0.0323219299316406 0.5390625 -0.73101806640625
-0.00310134887695313 -0.055633544921875 -0.23052978515625 -1.061767578125
-0.0312461853027344 -0.0110378265380859 -0.87469482421875 -0.24365234375
-0.00751304626464843 0.0321731567382812 -0.511383056640625 0.4569091796875
0.00638771057128906 0.0205364227294922 -0.0259094238281251 0.517669677734375
0.0048375129699707 -0.0064997673034668 0.272384643554688 0.243927001953125
0.0305843353271484 0.0148677825927734 0.28204345703125 -0.0592041015625
0.027557373046875 0.0103302001953125 -0.28240966796875 0.0120849609375
0.0108489990234375 -0.00682258605957031 -0.214569091796875 -0.289794921875
0.00597858428955078 0.0123414993286133 0.1160888671875 -0.523040771484375
0.00442886352539063 0.0313968658447266 0.62530517578125 -0.41796875
-0.0229988098144531 -0.00222587585449219 0.8211669921875 0.306396484375
-0.0395355224609375 -0.0691490173339844 0.26617431640625 0.96014404296875
0.0351791381835938 -0.0115127563476563 -0.38726806640625 0.7164306640625
0.0771255493164063 0.0245590209960938 0.058746337890625 0.0575637817382813
0.0460433959960938 -0.0351524353027344 0.5257568359375 -0.73455810546875
-0.00548553466796875 -0.0592994689941406 -0.2454833984375 -1.0513916015625
-0.0307064056396484 -0.0120811462402344 -0.8748779296875 -0.22320556640625
-0.00529670715332031 0.0316600799560547 -0.500823974609375 0.468170166015625
0.00774955749511719 0.0224552154541016 -0.013092041015625 0.5203857421875
0.00328683853149414 -0.00572395324707031 0.282958984375 0.243682861328125
0.0317859649658203 0.0134525299072266 0.2886962890625 -0.055999755859375
0.0282020568847656 0.00897216796875 -0.275558471679688 0.0132293701171875
0.0121622085571289 -0.00797080993652344 -0.20135498046875 -0.28668212890625
0.0117454528808594 0.0110969543457031 0.129547119140625 -0.52142333984375
0.00840950012207031 0.0294284820556641 0.63641357421875 -0.40228271484375
-0.0218906402587891 -0.00136184692382812 0.82037353515625 0.32977294921875
-0.0380592346191406 -0.0679740905761719 0.25360107421875 0.97357177734375
0.0326824188232422 -0.0130672454833984 -0.40020751953125 0.713623046875
0.073516845703125 0.02105712890625 0.0580596923828125 0.0530052185058594
0.0434417724609375 -0.0381813049316406 0.5076904296875 -0.73992919921875
-0.00771713256835937 -0.0576896667480469 -0.2677001953125 -1.041259765625
-0.0271644592285156 -0.00990867614746093 -0.87872314453125 -0.20269775390625
-0.00159835815429687 0.0304698944091797 -0.490234375 0.483245849609375
0.0119476318359375 0.0179080963134766 -0.00451660156250003 0.52874755859375
0.00498533248901367 -0.00766706466674805 0.290191650390625 0.24554443359375
0.0311126708984375 0.0133438110351563 0.291717529296875 -0.0523681640625
0.0241603851318359 0.0088043212890625 -0.269012451171875 0.0163421630859376
0.0126228332519531 -0.0139131546020508 -0.195404052734375 -0.286376953125
0.0151863098144531 0.00599479675292969 0.1375732421875 -0.514801025390625
0.0164985656738281 0.0289192199707031 0.642578125 -0.3919677734375
-0.0132665634155273 0.000469207763671874 0.81805419921875 0.34619140625
-0.0384063720703125 -0.066650390625 0.24163818359375 0.98114013671875
0.028839111328125 -0.0149879455566406 -0.408447265625 0.71630859375
0.0738372802734375 0.0177993774414063 0.056610107421875 0.0513572692871094
0.0391998291015625 -0.039825439453125 0.4981689453125 -0.7431640625
-0.00757980346679687 -0.0545120239257813 -0.28118896484375 -1.0316162109375
-0.0193061828613281 -0.00749015808105469 -0.87603759765625 -0.1834716796875
0.00710105895996093 0.0269584655761719 -0.478729248046875 0.49334716796875
0.0149497985839844 0.0134115219116211 0.00442504882812501 0.534576416015625
0.00349712371826172 -0.0112752914428711 0.294464111328125 0.2459716796875
0.0282936096191406 0.012603759765625 0.29425048828125 -0.050811767578125
0.0199871063232422 0.00975227355957031 -0.265304565429688 0.0148925781250001
0.0123252868652344 -0.0195655822753906 -0.19317626953125 -0.285369873046875
0.0193595886230469 -0.000276565551757813 0.141448974609375 -0.5123291015625
0.0266609191894531 0.02484130859375 0.64654541015625 -0.38409423828125
-0.00615930557250976 0.00565004348754883 0.8173828125 0.356201171875
-0.0355186462402344 -0.0609893798828125 0.23699951171875 0.9893798828125
0.0255832672119141 -0.0153789520263672 -0.41192626953125 0.716064453125
0.0711441040039063 0.0123977661132813 0.0581436157226563 0.0520515441894531
0.0354957580566406 -0.0410842895507812 0.4937744140625 -0.74365234375
-0.00687789916992188 -0.0486373901367188 -0.2877197265625 -1.02691650390625
-0.0114126205444336 -0.00285434722900391 -0.87701416015625 -0.1739501953125
0.0182476043701172 0.0233802795410156 -0.4749755859375 0.497833251953125
0.0217323303222656 0.00721359252929688 0.00411987304687502 0.537811279296875
0.00443840026855469 -0.0174808502197266 0.294921875 0.2479248046875
0.0240726470947266 0.0139942169189453 0.29718017578125 -0.048248291015625
0.0136823654174805 0.00887107849121094 -0.266632080078125 0.01641845703125
0.0139369964599609 -0.0262088775634766 -0.19573974609375 -0.286163330078125
0.0269050598144531 -0.00819778442382813 0.1361083984375 -0.51025390625
0.0368232727050781 0.0241050720214844 0.6455078125 -0.38470458984375
0.00395298004150391 0.0102977752685547 0.81756591796875 0.35540771484375
-0.0359687805175781 -0.0554771423339844 0.23907470703125 0.98980712890625
0.0200881958007813 -0.0146770477294922 -0.40667724609375 0.71710205078125
0.0675048828125 0.00890350341796875 0.059844970703125 0.0531806945800781
0.02984619140625 -0.040008544921875 0.49505615234375 -0.7440185546875
-0.005279541015625 -0.0407142639160156 -0.28558349609375 -1.0260009765625
-0.000406265258789063 0.00253677368164063 -0.8756103515625 -0.17437744140625
0.0280570983886719 0.0183563232421875 -0.47711181640625 0.49981689453125
0.0258426666259766 7.82012939453125E-05 0.000366210937499972 0.53826904296875
0.00370025634765625 -0.0258560180664063 0.291290283203125 0.2484130859375
0.0215606689453125 0.0117282867431641 0.2965087890625 -0.04876708984375
0.00645542144775391 0.0104904174804687 -0.271102905273438 0.01251220703125
0.0126094818115234 -0.0331153869628906 -0.20184326171875 -0.28839111328125
0.0311927795410156 -0.0155429840087891 0.129852294921875 -0.511962890625
0.0485420227050781 0.0218582153320313 0.6400146484375 -0.39080810546875
0.0132083892822266 0.0159816741943359 0.82318115234375 0.345947265625
-0.0349006652832031 -0.0474967956542969 0.2513427734375 0.98675537109375
0.0179710388183594 -0.0158748626708984 -0.3995361328125 0.71826171875
0.0666427612304688 0.0069122314453125 0.0627059936523438 0.0562973022460938
0.0288047790527344 -0.0405807495117188 0.5047607421875 -0.74017333984375
-0.00477790832519532 -0.0341777801513672 -0.2750244140625 -1.0260009765625
0.00936126708984375 0.0085906982421875 -0.87493896484375 -0.18096923828125
0.0376815795898438 0.0153656005859375 -0.4835205078125 0.495513916015625
0.0296230316162109 -0.00708198547363281 -0.00619506835937505 0.538116455078125
0.00404548645019531 -0.0341091156005859 0.285247802734375 0.247039794921875
0.0164155960083008 0.0130634307861328 0.295135498046875 -0.04913330078125
0.0248527526855469 0.00972938537597656 -0.30035400390625 0.00909423828124996
0.0114173889160156 -0.0108747482299805 -0.240936279296875 -0.289398193359375
0.00744152069091797 0.0100831985473633 0.081298828125 -0.534698486328125
0.00587844848632813 0.0333061218261719 0.59381103515625 -0.45672607421875
-0.0185832977294922 0.00494956970214844 0.8262939453125 0.25335693359375
-0.0369491577148438 -0.0587501525878906 0.31439208984375 0.9246826171875
0.0337505340576172 -0.0100135803222656 -0.348388671875 0.71990966796875
0.0781326293945313 0.0240097045898438 0.0660400390625 0.0637855529785156
0.0484237670898437 -0.0315933227539063 0.541259765625 -0.727783203125
-0.00288772583007813 -0.0512123107910156 -0.2188720703125 -1.0655517578125
-0.0285091400146484 -0.00756645202636718 -0.87335205078125 -0.25341796875
-0.0037078857421875 0.0303955078125 -0.517669677734375 0.447845458984375
0.00929832458496094 0.0187492370605469 -0.032379150390625 0.51226806640625
0.0029902458190918 -0.00762701034545898 0.265777587890625 0.23834228515625
0.0300960540771484 0.0120067596435547 0.275070190429688 -0.066802978515625
0.0279998779296875 0.00798797607421875 -0.289154052734375 0.0107421875
0.00989532470703125 -0.00742912292480469 -0.22882080078125 -0.28717041015625
0.00631332397460937 0.0140256881713867 0.0940246582031251 -0.530364990234375
0.00255966186523438 0.0338420867919922 0.60394287109375 -0.44158935546875
-0.0237503051757813 0.000371932983398438 0.820556640625 0.272705078125
-0.0378265380859375 -0.0633087158203125 0.29345703125 0.9342041015625
0.0361785888671875 -0.0118827819824219 -0.36419677734375 0.7181396484375
0.0798721313476563 0.0224456787109375 0.0616416931152344 0.0598030090332031
0.0468215942382813 -0.0334815979003906 0.527099609375 -0.732177734375
-0.00562667846679687 -0.0571708679199219 -0.24102783203125 -1.052978515625
-0.0311145782470703 -0.0109348297119141 -0.87432861328125 -0.23272705078125
-0.00737762451171875 0.0322360992431641 -0.504638671875 0.461334228515625
0.00748062133789063 0.0211009979248047 -0.01702880859375 0.51702880859375
0.00275850296020508 -0.00497245788574219 0.277099609375 0.239791870117188
0.0317821502685547 0.0127811431884766 0.28057861328125 -0.0647735595703125
0.0265254974365234 0.00977325439453125 -0.2828369140625 0.0150756835937501
0.0119161605834961 -0.0070648193359375 -0.217620849609375 -0.28363037109375
0.00808429718017578 0.0142335891723633 0.108306884765625 -0.524566650390625
0.00330924987792969 0.0332317352294922 0.616943359375 -0.42462158203125
-0.0232067108154297 -0.00260734558105469 0.81640625 0.29302978515625
-0.03924560546875 -0.0676078796386719 0.27423095703125 0.94940185546875
0.0352745056152344 -0.011566162109375 -0.379150390625 0.71795654296875
0.0768814086914063 0.0230178833007813 0.0609626770019531 0.0568885803222656
0.0447273254394531 -0.0344734191894531 0.513427734375 -0.73681640625
-0.00772476196289062 -0.0584449768066406 -0.2559814453125 -1.0443115234375
-0.0322189331054688 -0.0120372772216797 -0.8714599609375 -0.21136474609375
-0.00587272644042969 0.0314788818359375 -0.489532470703125 0.473297119140625
0.00943756103515625 0.0217933654785156 -0.00500488281249998 0.520965576171875
0.00336122512817383 -0.00614547729492187 0.28729248046875 0.23956298828125
0.0307083129882812 0.0118045806884766 0.28607177734375 -0.0604248046875
0.0274295806884766 0.00757598876953125 -0.27203369140625 0.0173492431640624
0.0120611190795898 -0.00806140899658203 -0.206893920898438 -0.281143188476562
0.0109872817993164 0.0131435394287109 0.120635986328125 -0.52105712890625
0.00877189636230469 0.0289669036865234 0.6263427734375 -0.41156005859375
-0.0202617645263672 -0.00142478942871094 0.81878662109375 0.3167724609375
-0.0395431518554687 -0.066131591796875 0.2635498046875 0.96392822265625
0.0327072143554688 -0.0148944854736328 -0.388916015625 0.71405029296875
0.0772247314453125 0.0203628540039063 0.05914306640625 0.0525360107421875
0.042236328125 -0.0374908447265625 0.4962158203125 -0.7423095703125
-0.00885391235351563 -0.0572166442871094 -0.27740478515625 -1.0318603515625
-0.0283145904541016 -0.0109882354736328 -0.87359619140625 -0.1898193359375
-0.000719070434570313 0.0292682647705078 -0.48211669921875 0.4866943359375
0.0121564865112305 0.017237663269043 0.00308227539062502 0.52716064453125
0.00366687774658203 -0.007354736328125 0.2940673828125 0.2420654296875
0.0325412750244141 0.0105190277099609 0.291534423828125 -0.055023193359375
0.0242042541503906 0.008758544921875 -0.268508911132813 0.0183868408203125
0.0132522583007812 -0.0128116607666016 -0.1993408203125 -0.282501220703125
0.0154438018798828 0.00644588470458984 0.128875732421875 -0.515228271484375
0.0165004730224609 0.0259323120117188 0.634765625 -0.397705078125
-0.0150871276855469 0.000487327575683597 0.81488037109375 0.32928466796875
-0.0392684936523437 -0.0652923583984375 0.2493896484375 0.972900390625
0.0293064117431641 -0.0139884948730469 -0.39898681640625 0.71563720703125
0.0729751586914063 0.0170211791992188 0.0571937561035156 0.0507125854492187
0.0391807556152344 -0.03924560546875 0.48834228515625 -0.74285888671875
-0.0095977783203125 -0.0530471801757813 -0.29437255859375 -1.02484130859375
-0.0207557678222656 -0.00676727294921875 -0.8739013671875 -0.1715087890625
0.00827598571777344 0.0261096954345703 -0.471405029296875 0.49798583984375
0.0178432464599609 0.0135974884033203 0.0113525390624999 0.5284423828125
0.00345706939697266 -0.0114345550537109 0.298431396484375 0.241119384765625
0.0305080413818359 0.0110301971435547 0.294219970703125 -0.054595947265625
0.0181617736816406 0.00941085815429688 -0.265792846679688 0.018951416015625
0.0141334533691406 -0.0194473266601563 -0.19708251953125 -0.28204345703125
0.0202960968017578 -0.00108528137207031 0.134002685546875 -0.51251220703125
0.026123046875 0.0249881744384766 0.63763427734375 -0.3900146484375
-0.00652885437011719 0.00292444229125977 0.81561279296875 0.34014892578125
-0.0368766784667969 -0.0580635070800781 0.24688720703125 0.978271484375
0.0248279571533203 -0.0148334503173828 -0.40106201171875 0.71539306640625
0.0695152282714844 0.0111579895019531 0.0569534301757813 0.051605224609375
0.0351943969726563 -0.040313720703125 0.48291015625 -0.74444580078125
-0.0084686279296875 -0.0469970703125 -0.29840087890625 -1.01580810546875
-0.00995445251464844 -0.00422286987304687 -0.873046875 -0.16314697265625
0.0181102752685547 0.0220775604248047 -0.466552734375 0.503021240234375
0.0217227935791016 0.00713157653808594 0.0118103027343751 0.533905029296875
0.002410888671875 -0.0181121826171875 0.29827880859375 0.24127197265625
0.0261497497558594 0.0121307373046875 0.29669189453125 -0.053253173828125
0.0151901245117187 0.00780868530273437 -0.267578125 0.0201110839843751
0.0123500823974609 -0.0247707366943359 -0.19879150390625 -0.282562255859375
0.0256805419921875 -0.00814247131347656 0.128936767578125 -0.511016845703125
0.0373039245605469 0.0224533081054688 0.636962890625 -0.3912353515625
0.00147247314453125 0.00908470153808594 0.8165283203125 0.342041015625
-0.036529541015625 -0.0541496276855469 0.25048828125 0.97998046875
0.0191383361816406 -0.0154800415039062 -0.39910888671875 0.71746826171875
0.0674476623535156 0.00888824462890625 0.0601806640625 0.0521087646484375
0.0311050415039063 -0.0410881042480469 0.4847412109375 -0.7431640625
-0.00542068481445313 -0.0406608581542969 -0.2969970703125 -1.01611328125
-0.00163114070892334 0.00148439407348633 -0.87420654296875 -0.1617431640625
0.0288906097412109 0.0158119201660156 -0.468475341796875 0.504425048828125
0.0270824432373047 0.000356674194335938 0.00817871093750002 0.5341796875
0.00188636779785156 -0.0241451263427734 0.295166015625 0.2421875
0.0208778381347656 0.0116920471191406 0.2943115234375 -0.053466796875
0.00886344909667969 0.00749301910400391 -0.271331787109375 0.01568603515625
0.0126495361328125 -0.0326976776123047 -0.20556640625 -0.282440185546875
0.0291690826416016 -0.0156383514404297 0.1207275390625 -0.512725830078125
0.047027587890625 0.0204925537109375 0.629638671875 -0.396728515625
0.0123090744018555 0.0153017044067383 0.81927490234375 0.33172607421875
-0.0356254577636719 -0.0458831787109375 0.26165771484375 0.97723388671875
0.0158500671386719 -0.0150365829467773 -0.3892822265625 0.7188720703125
0.0658454895019531 0.00429534912109375 0.0615806579589844 0.0549468994140625
0.0268440246582031 -0.0393333435058594 0.49139404296875 -0.74066162109375
-0.00383186340332031 -0.0337753295898438 -0.2862548828125 -1.0181884765625
0.00960350036621094 0.00753688812255859 -0.8707275390625 -0.1685791015625
0.0393714904785156 0.0134849548339844 -0.4747314453125 0.501190185546875
0.0302066802978516 -0.00700759887695312 0.00115966796875002 0.535430908203125
0.00167274475097656 -0.0323696136474609 0.287445068359375 0.24310302734375
0.0173254013061523 0.011967658996582 0.29278564453125 -0.05291748046875
0.0277481079101563 0.00885009765625 -0.298828125 0.013458251953125
0.0117683410644531 -0.01171875 -0.24359130859375 -0.283721923828125
0.0068807601928711 0.0108957290649414 0.07275390625 -0.532470703125
0.00751304626464844 0.0335044860839844 0.583251953125 -0.45819091796875
-0.0188446044921875 0.00447654724121093 0.82025146484375 0.2430419921875
-0.0399360656738281 -0.0580558776855469 0.31903076171875 0.9144287109375
0.0359611511230469 -0.00951004028320313 -0.3402099609375 0.71875
0.07928466796875 0.022857666015625 0.0655555725097656 0.0612564086914063
0.0455703735351563 -0.0330429077148438 0.5323486328125 -0.72943115234375
-0.00469589233398437 -0.050201416015625 -0.227783203125 -1.05841064453125
-0.0261745452880859 -0.00721359252929688 -0.8695068359375 -0.240478515625
-0.00332069396972657 0.0299873352050781 -0.509490966796875 0.452789306640625
0.00852775573730469 0.0198783874511719 -0.0235595703125 0.51055908203125
0.00306129455566406 -0.00796413421630859 0.26873779296875 0.231689453125
0.0301227569580078 0.0111160278320313 0.274993896484375 -0.0711669921875
0.0296421051025391 0.00852394104003906 -0.289276123046875 0.016143798828125
0.01043701171875 -0.00580692291259766 -0.231414794921875 -0.281280517578125
0.00624942779541016 0.0145664215087891 0.0852355957031249 -0.5302734375
0.00145339965820313 0.0336170196533203 0.5958251953125 -0.44635009765625
-0.0234222412109375 0.000469207763671876 0.8179931640625 0.259765625
-0.0385589599609375 -0.0639724731445313 0.30224609375 0.92657470703125
0.0347461700439453 -0.0120105743408203 -0.3558349609375 0.71795654296875
0.0802230834960938 0.0234222412109375 0.0614814758300781 0.0593795776367188
0.0483512878417969 -0.0361709594726562 0.5179443359375 -0.73248291015625
-0.00551605224609375 -0.0566940307617188 -0.24798583984375 -1.04547119140625
-0.0320777893066406 -0.0116291046142578 -0.8709716796875 -0.2200927734375
-0.00757789611816406 0.0329952239990234 -0.4954833984375 0.463958740234375
0.0087432861328125 0.0205841064453125 -0.01190185546875 0.512237548828125
0.00406694412231445 -0.00555515289306641 0.277786254882813 0.233963012695313
0.0320758819580078 0.0098114013671875 0.280517578125 -0.066375732421875
0.0261650085449219 0.0087127685546875 -0.28070068359375 0.0216674804687499
0.0118465423583984 -0.00668811798095703 -0.222671508789062 -0.278289794921875
0.00686073303222656 0.0139694213867187 0.097686767578125 -0.522735595703125
0.00437545776367188 0.0300579071044922 0.606689453125 -0.43109130859375
-0.0251731872558594 -0.0030364990234375 0.81402587890625 0.2801513671875
-0.03997802734375 -0.0680999755859375 0.28350830078125 0.94012451171875
0.0341606140136719 -0.0120792388916016 -0.3690185546875 0.7166748046875
0.0772628784179688 0.020782470703125 0.0585594177246094 0.0556182861328125
0.042724609375 -0.035400390625 0.5052490234375 -0.73602294921875
-0.00816726684570312 -0.0571403503417969 -0.26629638671875 -1.03289794921875
-0.0321884155273438 -0.0134620666503906 -0.8690185546875 -0.19940185546875
-0.00492095947265625 0.0311985015869141 -0.4832763671875 0.478759765625
0.00979804992675781 0.0221042633056641 0.00222778320312496 0.517181396484375
0.00443458557128906 -0.00664472579956055 0.287933349609375 0.23388671875
0.03338623046875 0.0111713409423828 0.286834716796875 -0.06585693359375
0.0288448333740234 0.00603485107421875 -0.272567749023438 0.021270751953125
0.0102071762084961 -0.00698947906494141 -0.208175659179687 -0.278182983398438
0.0113773345947266 0.013453483581543 0.114501953125 -0.5185546875
0.00974464416503906 0.0285472869873047 0.61566162109375 -0.41595458984375
-0.0227565765380859 -0.00231361389160156 0.8145751953125 0.30322265625
-0.0397529602050781 -0.0662345886230469 0.26922607421875 0.95172119140625
0.0321273803710938 -0.0147552490234375 -0.38018798828125 0.7115478515625
0.0763626098632813 0.019134521484375 0.058868408203125 0.0526695251464844
0.0410003662109375 -0.038177490234375 0.48760986328125 -0.74249267578125
-0.009002685546875 -0.0553550720214844 -0.28875732421875 -1.02117919921875
-0.0279712677001953 -0.0102310180664063 -0.8701171875 -0.18133544921875
-8.96453857421902E-05 0.0276756286621094 -0.471527099609375 0.49053955078125
0.0116100311279297 0.0180377960205078 0.0111083984375 0.524383544921875
0.000852108001708985 -0.00757551193237305 0.296783447265625 0.234130859375
0.0313034057617188 0.00875473022460938 0.28875732421875 -0.060089111328125
0.0256271362304687 0.00819587707519531 -0.267776489257812 0.0244140625
0.0130176544189453 -0.012507438659668 -0.205291748046875 -0.275894165039063
0.0166301727294922 0.00682163238525391 0.12274169921875 -0.513946533203125
0.0167007446289063 0.0252704620361328 0.62640380859375 -0.40216064453125
-0.0157232284545898 0.00119113922119141 0.810791015625 0.31915283203125
-0.0392189025878906 -0.0646820068359375 0.25762939453125 0.96221923828125
0.0294151306152344 -0.0161323547363281 -0.388671875 0.71337890625
0.0718917846679688 0.0154342651367188 0.05877685546875 0.0507736206054688
0.0370292663574219 -0.0378379821777344 0.4776611328125 -0.74310302734375
-0.00876617431640625 -0.0534439086914063 -0.2994384765625 -1.0120849609375
-0.0210819244384766 -0.00781631469726563 -0.871826171875 -0.1629638671875
0.0110263824462891 0.0262603759765625 -0.463134765625 0.499969482421875
0.0162248611450195 0.0127296447753906 0.018157958984375 0.5284423828125
0.00325775146484375 -0.0126752853393555 0.299957275390625 0.236480712890625
0.0308799743652344 0.0100822448730469 0.293609619140625 -0.057098388671875
0.0209541320800781 0.00736618041992187 -0.2635498046875 0.0224761962890625
0.0108795166015625 -0.0188236236572266 -0.199234008789062 -0.277694702148438
0.0206451416015625 0.0012359619140625 0.1246337890625 -0.5118408203125
0.026641845703125 0.0229339599609375 0.62677001953125 -0.3958740234375
-0.00739622116088867 0.00307655334472656 0.8116455078125 0.3291015625
-0.038299560546875 -0.0593185424804688 0.25335693359375 0.96917724609375
0.0237045288085938 -0.0165767669677734 -0.39178466796875 0.71343994140625
0.0693130493164063 0.0118904113769531 0.0590095520019531 0.0503921508789063
0.0335502624511719 -0.0398941040039063 0.470703125 -0.74481201171875
-0.0103569030761719 -0.0459403991699219 -0.3033447265625 -1.0064697265625
-0.0111665725708008 -0.00285434722900391 -0.87060546875 -0.15087890625
0.0182476043701172 0.0196514129638672 -0.457244873046875 0.505615234375
0.0202445983886719 0.00768089294433594 0.0179443359374999 0.52978515625
0.00163650512695312 -0.0167484283447266 0.299835205078125 0.237457275390625
0.0261440277099609 0.0107860565185547 0.29315185546875 -0.056365966796875
0.0154447555541992 0.00832653045654297 -0.264846801757813 0.0238037109375
0.0122528076171875 -0.0239391326904297 -0.201019287109375 -0.275909423828125
0.0262374877929688 -0.00794029235839844 0.1207275390625 -0.51031494140625
0.0384140014648438 0.0219383239746094 0.6270751953125 -0.3963623046875
0.0023503303527832 0.00750732421875 0.81610107421875 0.32916259765625
-0.0377120971679688 -0.0538330078125 0.257568359375 0.97247314453125
0.0194263458251953 -0.0163822174072266 -0.386474609375 0.71612548828125
0.0677070617675781 0.0089263916015625 0.0600509643554688 0.0511627197265625
0.0289192199707031 -0.0408592224121094 0.47161865234375 -0.743896484375
-0.00878143310546875 -0.0403480529785156 -0.30584716796875 -1.00689697265625
-0.00259685516357422 0.000514984130859375 -0.86785888671875 -0.1529541015625
0.0284957885742188 0.0154705047607422 -0.456939697265625 0.505523681640625
0.0260238647460938 0.000432968139648438 0.0137023925781249 0.533416748046875
0.00152587890625 -0.0245075225830078 0.2977294921875 0.237030029296875
0.0229282379150391 0.0112380981445313 0.2952880859375 -0.057647705078125
0.0119075775146484 0.00716304779052734 -0.270263671875 0.0190277099609375
0.0118389129638672 -0.0327224731445312 -0.208572387695312 -0.279067993164063
0.0303859710693359 -0.0147876739501953 0.11517333984375 -0.51129150390625
0.0470390319824219 0.0216522216796875 0.6207275390625 -0.403076171875
0.012059211730957 0.0142154693603516 0.818359375 0.3187255859375
-0.0367279052734375 -0.0456390380859375 0.26885986328125 0.96575927734375
0.0185947418212891 -0.0153141021728516 -0.37945556640625 0.71868896484375
0.0672454833984375 0.00305938720703125 0.0621452331542969 0.0549507141113281
0.0257148742675781 -0.0409202575683594 0.48211669921875 -0.73968505859375
-0.00629234313964844 -0.0333061218261719 -0.29449462890625 -1.01025390625
0.0102806091308594 0.00855445861816406 -0.86676025390625 -0.1575927734375
0.0373611450195313 0.0116996765136719 -0.464813232421875 0.50299072265625
0.0300655364990234 -0.00814437866210938 0.00881958007812504 0.532135009765625
0.0018310546875 -0.032623291015625 0.29193115234375 0.239166259765625
0.0179939270019531 0.00977325439453125 0.291900634765625 -0.058197021484375
0.0271644592285156 0.00885963439941406 -0.296783447265625 0.0159301757812499
0.0112123489379883 -0.00945377349853515 -0.245101928710938 -0.277450561523437
0.00760555267333984 0.0117626190185547 0.0648193359375 -0.530487060546875
0.00706672668457031 0.0311336517333984 0.57171630859375 -0.465576171875
-0.0205020904541016 0.00472068786621094 0.817138671875 0.22869873046875
-0.0368728637695312 -0.0544853210449219 0.3258056640625 0.9029541015625
0.0346145629882813 -0.0103626251220703 -0.33087158203125 0.71600341796875
0.0792999267578125 0.0222854614257813 0.0643310546875 0.0603981018066406
0.0480842590332031 -0.0312118530273438 0.52301025390625 -0.728271484375
-0.00422286987304687 -0.0503082275390625 -0.232666015625 -1.0462646484375
-0.0267105102539063 -0.00627708435058594 -0.86383056640625 -0.23114013671875
-0.00242424011230469 0.0289669036865234 -0.498260498046875 0.4559326171875
0.00955009460449219 0.0182361602783203 -0.01934814453125 0.5074462890625
0.00411176681518555 -0.00736522674560547 0.269882202148438 0.227157592773438
0.0321578979492187 0.0115089416503906 0.273086547851563 -0.07373046875
0.0301628112792969 0.00574493408203125 -0.28662109375 0.018768310546875
0.0111722946166992 -0.00755691528320312 -0.2332763671875 -0.27520751953125
0.00683307647705078 0.0145511627197266 0.0791015625 -0.526214599609375
0.00394630432128906 0.03076171875 0.583984375 -0.4501953125
-0.023590087890625 -8.39233398437488E-05 0.81231689453125 0.2476806640625
-0.0407180786132812 -0.0613632202148438 0.3074951171875 0.91351318359375
0.0350856781005859 -0.0125865936279297 -0.34503173828125 0.71331787109375
0.0790252685546875 0.0229339599609375 0.0629158020019531 0.0583877563476562
0.0464096069335938 -0.0342903137207031 0.5059814453125 -0.73065185546875
-0.00772476196289063 -0.0538825988769531 -0.25738525390625 -1.03375244140625
-0.0312061309814453 -0.0107212066650391 -0.8660888671875 -0.2127685546875
-0.00604057312011718 0.02923583984375 -0.486419677734375 0.468017578125
0.00873184204101563 0.0206756591796875 -0.00473022460937496 0.510498046875
0.00278949737548828 -0.00535440444946289 0.281890869140625 0.22918701171875
0.0335369110107422 0.0102558135986328 0.279586791992188 -0.069976806640625
0.0275077819824219 0.00687217712402344 -0.27923583984375 0.0216522216796875
0.0118627548217773 -0.00626373291015625 -0.222335815429688 -0.273910522460938
0.0056304931640625 0.0146389007568359 0.09271240234375 -0.519744873046875
0.00341796875 0.029510498046875 0.59326171875 -0.4345703125
-0.0251522064208984 -0.00339508056640625 0.80865478515625 0.27099609375
-0.0412330627441406 -0.0640983581542969 0.28668212890625 0.92626953125
0.0338897705078125 -0.0115261077880859 -0.359375 0.71148681640625
0.0774765014648437 0.0208282470703125 0.0582656860351563 0.0562286376953125
0.0442848205566406 -0.0355606079101563 0.49053955078125 -0.735107421875
-0.0105018615722656 -0.0555000305175781 -0.27288818359375 -1.02532958984375
-0.0315608978271484 -0.0129222869873047 -0.863037109375 -0.19110107421875
-0.0054473876953125 0.0301914215087891 -0.474945068359375 0.4783935546875
0.00926780700683594 0.0200519561767578 0.00704956054687498 0.513336181640625
0.00290942192077637 -0.00389552116394043 0.2908935546875 0.229034423828125
0.0345859527587891 0.0103664398193359 0.284912109375 -0.066558837890625
0.0286235809326172 0.005279541015625 -0.271682739257813 0.0242156982421874
0.0120534896850586 -0.00806713104248047 -0.212265014648438 -0.27294921875
0.0111885070800781 0.0114774703979492 0.10498046875 -0.517852783203125
0.00816726684570312 0.0265922546386719 0.60638427734375 -0.4207763671875
-0.0227394104003906 -0.00253677368164063 0.80975341796875 0.29071044921875
-0.04119873046875 -0.0634536743164062 0.27386474609375 0.94122314453125
0.0317554473876953 -0.0132846832275391 -0.3714599609375 0.7099609375
0.0760116577148438 0.0166168212890625 0.057464599609375 0.051727294921875
0.0415077209472656 -0.0379371643066406 0.47412109375 -0.73883056640625
-0.0101814270019531 -0.0554580688476563 -0.29351806640625 -1.01220703125
-0.0291690826416016 -0.0112113952636719 -0.8653564453125 -0.17138671875
0.000144958496093752 0.0271816253662109 -0.462127685546875 0.491607666015625
0.0131092071533203 0.017542839050293 0.0159912109375 0.520782470703125
0.00292873382568359 -0.00663423538208008 0.299102783203125 0.230072021484375
0.0327396392822266 0.00908660888671875 0.28729248046875 -0.064697265625
0.0263633728027344 0.00557327270507813 -0.26666259765625 0.0255126953124999
0.0108041763305664 -0.012080192565918 -0.205352783203125 -0.270828247070313
0.014775276184082 0.00779342651367187 0.113494873046875 -0.513397216796875
0.0168418884277344 0.0261249542236328 0.615478515625 -0.40887451171875
-0.0170106887817383 -0.00117874145507812 0.807861328125 0.3076171875
-0.0401039123535156 -0.0613250732421875 0.26123046875 0.95166015625
0.0285358428955078 -0.0159320831298828 -0.3798828125 0.709228515625
0.0719451904296875 0.013824462890625 0.0576095581054688 0.0487174987792969
0.0362167358398438 -0.0398521423339844 0.46697998046875 -0.74017333984375
-0.0110893249511719 -0.0518455505371094 -0.307861328125 -1.00054931640625
-0.0221405029296875 -0.00786972045898437 -0.86468505859375 -0.15338134765625
0.00933837890625 0.0229701995849609 -0.45257568359375 0.500396728515625
0.0161571502685547 0.0129795074462891 0.0238647460937499 0.524017333984375
0.00345134735107422 -0.0113334655761719 0.30267333984375 0.229522705078125
0.029327392578125 0.0101604461669922 0.292022705078125 -0.0614013671875
0.0220451354980469 0.00693893432617187 -0.262725830078125 0.0268096923828125
0.0115528106689453 -0.0179615020751953 -0.202072143554688 -0.272171020507813
0.0213451385498047 0.000783920288085938 0.117401123046875 -0.50909423828125
0.0279731750488281 0.0227375030517578 0.61785888671875 -0.40118408203125
-0.00838565826416016 0.00205039978027344 0.8070068359375 0.3167724609375
-0.0406074523925781 -0.057891845703125 0.2596435546875 0.9588623046875
0.0234851837158203 -0.0157108306884766 -0.38330078125 0.7109375
0.0710830688476562 0.00974273681640625 0.0585899353027344 0.0511398315429688
0.0337295532226563 -0.0395889282226563 0.459716796875 -0.742919921875
-0.00909423828125 -0.0451736450195313 -0.31219482421875 -0.99725341796875
-0.0116424560546875 -0.00364780426025391 -0.86297607421875 -0.1417236328125
0.0186710357666016 0.0197944641113281 -0.447845458984375 0.507415771484375
0.0227718353271484 0.0074615478515625 0.025726318359375 0.526580810546875
0.000968933105468751 -0.0164527893066406 0.303436279296875 0.232147216796875
0.0277538299560547 0.00964927673339844 0.293304443359375 -0.0599365234375
0.0160493850708008 0.00787544250488281 -0.263580322265625 0.024871826171875
0.0122795104980469 -0.0250625610351563 -0.203964233398438 -0.272796630859375
0.0253047943115234 -0.00833892822265625 0.114105224609375 -0.507843017578125
0.036590576171875 0.018890380859375 0.61553955078125 -0.40142822265625
0.000878334045410157 0.00909423828125 0.809326171875 0.3170166015625
-0.0372695922851563 -0.0509605407714844 0.26153564453125 0.95928955078125
0.0194530487060547 -0.0161895751953125 -0.37939453125 0.71368408203125
0.0670127868652344 0.00637435913085937 0.0590553283691406 0.0498771667480469
0.0299301147460938 -0.0398025512695313 0.46435546875 -0.7412109375
-0.0100326538085938 -0.0384407043457031 -0.31109619140625 -0.995849609375
-0.000930190086364746 0.000261485576629639 -0.86297607421875 -0.14154052734375
0.0277824401855469 0.0145645141601563 -0.45025634765625 0.509124755859375
0.0272903442382813 -0.00137901306152344 0.021148681640625 0.528228759765625
0.00112152099609375 -0.0241279602050781 0.3004150390625 0.230926513671875
0.0219497680664063 0.00963783264160156 0.29205322265625 -0.060791015625
0.0125398635864258 0.00628280639648437 -0.268569946289063 0.0232086181640625
0.0126514434814453 -0.0310077667236328 -0.212127685546875 -0.27490234375
0.0291671752929688 -0.0137004852294922 0.106170654296875 -0.509124755859375
0.0477142333984375 0.0186767578125 0.61114501953125 -0.408203125
0.0105724334716797 0.0138492584228516 0.8128662109375 0.30816650390625
-0.0375022888183594 -0.0432472229003906 0.273681640625 0.9552001953125
0.0164480209350586 -0.0151472091674805 -0.37261962890625 0.71405029296875
0.065338134765625 0.00326156616210938 0.0615577697753906 0.0544090270996094
0.0266532897949219 -0.0390434265136719 0.47027587890625 -0.73822021484375
-0.00556373596191406 -0.0313625335693359 -0.3001708984375 -0.996826171875
0.00894546508789063 0.00678825378417969 -0.8599853515625 -0.14892578125
0.0383186340332031 0.0106010437011719 -0.456695556640625 0.50384521484375
0.031097412109375 -0.00844764709472656 0.012908935546875 0.52825927734375
0.000402450561523436 -0.0302982330322266 0.2940673828125 0.233062744140625
0.0202045440673828 0.0102329254150391 0.29095458984375 -0.0618896484375
0.0272712707519531 0.00705337524414063 -0.29559326171875 0.019622802734375
0.0110158920288086 -0.00806236267089844 -0.246551513671875 -0.272323608398438
0.00825977325439453 0.0118923187255859 0.05804443359375 -0.526947021484375
0.00697898864746094 0.0312747955322266 0.5623779296875 -0.46746826171875
-0.0205097198486328 0.00348091125488281 0.80999755859375 0.21783447265625
-0.0396804809570312 -0.0545425415039063 0.3272705078125 0.8927001953125
0.0338268280029297 -0.0104579925537109 -0.3267822265625 0.7109375
0.0781631469726563 0.0206298828125 0.0646896362304688 0.0610084533691406
0.045806884765625 -0.0315513610839844 0.513671875 -0.72406005859375
-0.0052947998046875 -0.0493507385253906 -0.2408447265625 -1.0347900390625
-0.0280055999755859 -0.00756454467773438 -0.8607177734375 -0.22369384765625
-0.00278663635253906 0.0283718109130859 -0.492767333984375 0.45831298828125
0.00890731811523437 0.0188980102539063 -0.012939453125 0.5023193359375
0.00223541259765625 -0.00810956954956055 0.273635864257813 0.22161865234375
0.0332164764404297 0.00995254516601562 0.270950317382813 -0.074951171875
0.0304927825927734 0.00773048400878906 -0.2855224609375 0.0225219726562499
0.0109596252441406 -0.00708770751953125 -0.23486328125 -0.270339965820313
0.00800800323486328 0.0145883560180664 0.071136474609375 -0.522979736328125
0.00437736511230469 0.02978515625 0.57281494140625 -0.45220947265625
-0.0253238677978516 -0.000511169433593748 0.8077392578125 0.2386474609375
-0.0402450561523438 -0.0595893859863281 0.31195068359375 0.9056396484375
0.0342559814453125 -0.0129203796386719 -0.338623046875 0.70989990234375
0.0790863037109375 0.021392822265625 0.0636024475097656 0.0575599670410156
0.0453338623046875 -0.03411865234375 0.495849609375 -0.72882080078125
-0.00875473022460937 -0.0525016784667969 -0.2618408203125 -1.0238037109375
-0.0337104797363281 -0.0118141174316406 -0.8604736328125 -0.20416259765625
-0.00534629821777343 0.0291252136230469 -0.479705810546875 0.467864990234375
0.00807380676269531 0.0198764801025391 0.000854492187499952 0.506378173828125
0.00347661972045898 -0.00587558746337891 0.282989501953125 0.223785400390625
0.0336322784423828 0.00928497314453125 0.276229858398438 -0.0740966796875
0.0280170440673828 0.00679397583007813 -0.277297973632813 0.0257568359375
0.0119857788085938 -0.00520229339599609 -0.22467041015625 -0.269332885742188
0.00808334350585938 0.0146408081054688 0.0869750976562499 -0.51702880859375
0.00414466857910157 0.0288047790527344 0.5833740234375 -0.439453125
-0.0247955322265625 -0.00394058227539063 0.80059814453125 0.25933837890625
-0.0422630310058594 -0.06195068359375 0.291748046875 0.91729736328125
0.0339889526367188 -0.0132064819335938 -0.35198974609375 0.70751953125
0.0770416259765625 0.019439697265625 0.0583610534667969 0.0539588928222656
0.0434837341308594 -0.0355262756347656 0.485595703125 -0.73150634765625
-0.0100669860839844 -0.0548934936523437 -0.27764892578125 -1.01275634765625
-0.0327472686767578 -0.0136241912841797 -0.86065673828125 -0.18292236328125
-0.0039825439453125 0.0281562805175781 -0.465240478515625 0.47979736328125
0.00989723205566406 0.0194416046142578 0.01470947265625 0.51031494140625
0.00330734252929688 -0.00448751449584961 0.29217529296875 0.22467041015625
0.0343399047851563 0.0106544494628906 0.281280517578125 -0.06988525390625
0.0294914245605469 0.00664520263671875 -0.270477294921875 0.02679443359375
0.0113096237182617 -0.00591087341308594 -0.2147216796875 -0.269180297851563
0.0122432708740234 0.0127830505371094 0.09954833984375 -0.51287841796875
0.0089111328125 0.0264034271240234 0.59716796875 -0.42431640625
-0.0233325958251953 -0.00361061096191406 0.80511474609375 0.27996826171875
-0.0413589477539063 -0.0617599487304688 0.2784423828125 0.9310302734375
0.0303573608398438 -0.0131340026855469 -0.36279296875 0.70745849609375
0.0750885009765625 0.0173873901367188 0.05804443359375 0.0500373840332031
0.0404548645019531 -0.0365829467773438 0.466796875 -0.73663330078125
-0.010711669921875 -0.053314208984375 -0.299560546875 -1.00079345703125
-0.0282077789306641 -0.0116481781005859 -0.859619140625 -0.16143798828125
-3.0517578124998E-05 0.0259342193603516 -0.455322265625 0.491119384765625
0.012700080871582 0.0166568756103516 0.0224609374999999 0.5155029296875
0.00181055068969727 -0.00540542602539062 0.2996826171875 0.22509765625
0.0353469848632813 0.007904052734375 0.2860107421875 -0.066436767578125
0.0272445678710938 0.00665473937988281 -0.2645263671875 0.0290069580078125
0.0101747512817383 -0.0103645324707031 -0.204833984375 -0.267486572265625
0.0179119110107422 0.00678253173828125 0.10882568359375 -0.510528564453125
0.0173282623291016 0.0237388610839844 0.60491943359375 -0.41156005859375
-0.0162248611450195 -0.00177574157714843 0.80072021484375 0.296875
-0.0412025451660156 -0.06103515625 0.26580810546875 0.9400634765625
0.0271511077880859 -0.0133018493652344 -0.3729248046875 0.70611572265625
0.0722808837890625 0.0148773193359375 0.0581130981445313 0.0477294921875
0.0361289978027344 -0.0380287170410156 0.45611572265625 -0.73779296875
-0.0107460021972656 -0.0514488220214844 -0.31304931640625 -0.9915771484375
-0.0211982727050781 -0.00882339477539063 -0.85888671875 -0.14306640625
0.00907135009765625 0.0221309661865234 -0.44598388671875 0.50146484375
0.0181789398193359 0.0120468139648438 0.029510498046875 0.518463134765625
0.00217533111572266 -0.0111560821533203 0.30499267578125 0.22515869140625
0.0318336486816406 0.00888252258300781 0.291015625 -0.0634765625
0.0221424102783203 0.00665283203125 -0.262008666992188 0.0297698974609375
0.0125713348388672 -0.0171108245849609 -0.2044677734375 -0.26715087890625
0.0201854705810547 0.000139236450195313 0.1103515625 -0.50714111328125
0.0279407501220703 0.0210418701171875 0.60791015625 -0.40399169921875
-0.0101232528686523 0.00142383575439453 0.80206298828125 0.305419921875
-0.0401573181152344 -0.056671142578125 0.2657470703125 0.948974609375
0.0225086212158203 -0.0151424407958984 -0.37384033203125 0.705810546875
0.0689888000488281 0.0103645324707031 0.0578498840332031 0.0478553771972656
0.0309982299804688 -0.0401992797851563 0.45428466796875 -0.740966796875
-0.01123046875 -0.0448455810546875 -0.3179931640625 -0.98773193359375
-0.0114192962646484 -0.00412940979003906 -0.85687255859375 -0.135986328125
0.0191516876220703 0.0174522399902344 -0.44061279296875 0.508544921875
0.0222377777099609 0.0059661865234375 0.0316162109375 0.521728515625
0.000766754150390623 -0.0176467895507813 0.304931640625 0.224395751953125
0.0283603668212891 0.00793266296386719 0.290740966796875 -0.06365966796875
0.0157527923583984 0.00570297241210938 -0.262420654296875 0.0258331298828125
0.0120639801025391 -0.0236129760742188 -0.205429077148437 -0.268264770507812
0.0258026123046875 -0.00658798217773438 0.1072998046875 -0.50506591796875
0.0362472534179687 0.0194854736328125 0.60675048828125 -0.4033203125
-0.000110626220703125 0.00744724273681641 0.80389404296875 0.304443359375
-0.0396842956542969 -0.0486640930175781 0.268310546875 0.9481201171875
0.0194759368896484 -0.0144882202148437 -0.37139892578125 0.7086181640625
0.067840576171875 0.00514984130859375 0.0596389770507813 0.0502700805664063
0.028106689453125 -0.0400543212890625 0.45391845703125 -0.7381591796875
-0.0094451904296875 -0.0384140014648438 -0.31500244140625 -0.9844970703125
-0.001350998878479 0.000773072242736816 -0.85491943359375 -0.13446044921875
0.0278949737548828 0.0122623443603516 -0.442657470703125 0.509521484375
0.0264339447021484 -0.00072479248046875 0.028289794921875 0.523590087890625
0.000671386718750001 -0.0230712890625 0.300811767578125 0.227508544921875
0.0250530242919922 0.00874519348144531 0.291015625 -0.06329345703125
0.0107583999633789 0.00781059265136719 -0.267013549804688 0.025146484375
0.0109653472900391 -0.0303459167480469 -0.212448120117187 -0.2701416015625
0.0294609069824219 -0.0151176452636719 0.09771728515625 -0.50640869140625
0.0464935302734375 0.0187149047851563 0.60076904296875 -0.4095458984375
0.00947761535644531 0.0109996795654297 0.8055419921875 0.29583740234375
-0.0384025573730469 -0.0418663024902344 0.27911376953125 0.9422607421875
0.016139030456543 -0.0137510299682617 -0.36419677734375 0.71136474609375
0.0652084350585937 0.00162887573242187 0.0617904663085938 0.0528602600097656
0.0252609252929687 -0.0393409729003906 0.460693359375 -0.73565673828125
-0.00661277770996094 -0.0328769683837891 -0.30511474609375 -0.98797607421875
0.00905990600585938 0.00637626647949219 -0.85430908203125 -0.14117431640625
0.0388717651367187 0.0107688903808594 -0.448577880859375 0.5067138671875
0.0285358428955078 -0.00847434997558594 0.018402099609375 0.523162841796875
-0.000635147094726559 -0.0312786102294922 0.296356201171875 0.22711181640625
0.0198307037353516 0.00995826721191406 0.289093017578125 -0.063629150390625
0.0284843444824219 0.00498199462890625 -0.29364013671875 0.022918701171875
0.0116415023803711 -0.0099954605102539 -0.247879028320313 -0.26885986328125
0.00806140899658203 0.012298583984375 0.053070068359375 -0.523651123046875
0.00790023803710937 0.0296039581298828 0.552642822265625 -0.46826171875
-0.0216808319091797 0.00388145446777344 0.80169677734375 0.2103271484375
-0.0401954650878906 -0.0525588989257813 0.33062744140625 0.880126953125
0.0343379974365234 -0.0102596282958984 -0.31732177734375 0.70611572265625
0.0780029296875 0.0197982788085938 0.0659141540527344 0.0596122741699219
0.0450935363769531 -0.0315628051757813 0.50323486328125 -0.72186279296875
-0.00616836547851563 -0.0487136840820313 -0.24615478515625 -1.02667236328125
-0.0283050537109375 -0.00809669494628906 -0.855712890625 -0.21478271484375
-0.00229072570800781 0.0282039642333984 -0.48406982421875 0.457489013671875
0.00978183746337891 0.0163545608520508 -0.00781249999999999 0.498779296875
0.00253677368164062 -0.00742959976196289 0.274322509765625 0.217483520507813
0.033538818359375 0.00825881958007813 0.270584106445313 -0.0787506103515625
0.0293312072753906 0.00677299499511719 -0.285369873046875 0.025299072265625
0.0110406875610352 -0.00657367706298828 -0.236679077148438 -0.266311645507812
0.00741100311279297 0.0134010314941406 0.066741943359375 -0.519073486328125
0.00301361083984375 0.0297069549560547 0.565673828125 -0.45611572265625
-0.0247516632080078 -0.000963211059570312 0.80010986328125 0.2296142578125
-0.0414314270019531 -0.05816650390625 0.310791015625 0.8948974609375
0.0348491668701172 -0.0105209350585938 -0.33209228515625 0.70306396484375
0.0788421630859375 0.0186843872070313 0.06182861328125 0.055419921875
0.0446128845214844 -0.0339851379394531 0.48895263671875 -0.7249755859375
-0.00888824462890624 -0.0527458190917969 -0.26806640625 -1.0128173828125
-0.0332317352294922 -0.0114765167236328 -0.85260009765625 -0.19232177734375
-0.00568771362304688 0.0285491943359375 -0.47113037109375 0.4681396484375
0.00838470458984375 0.0195999145507813 0.00436401367187501 0.5018310546875
0.00304985046386719 -0.00479269027709961 0.283782958984375 0.217010498046875
0.0365829467773438 0.00730133056640625 0.275253295898438 -0.0749969482421875
0.0288028717041016 0.00658988952636719 -0.276031494140625 0.0290069580078125
0.0117826461791992 -0.00530910491943359 -0.2265625 -0.265960693359375
0.00916576385498047 0.0142984390258789 0.079681396484375 -0.51348876953125
0.00557136535644531 0.0270252227783203 0.57733154296875 -0.440673828125
-0.0261363983154297 -0.00437736511230468 0.7938232421875 0.24896240234375
-0.0433464050292969 -0.0600090026855469 0.29290771484375 0.90570068359375
0.033233642578125 -0.01153564453125 -0.34539794921875 0.7032470703125
0.0775909423828125 0.0186004638671875 0.0592269897460938 0.0536041259765625
0.0430068969726563 -0.0355911254882812 0.475341796875 -0.73016357421875
-0.0115966796875 -0.0549850463867188 -0.2799072265625 -1.00628662109375
-0.0337638854980469 -0.0122261047363281 -0.85400390625 -0.17596435546875
-0.00396347045898437 0.0270118713378906 -0.459930419921875 0.47882080078125
0.0114154815673828 0.0192184448242188 0.017669677734375 0.5057373046875
0.00142431259155273 -0.00303292274475098 0.29376220703125 0.217529296875
0.0345516204833984 0.00881004333496094 0.279373168945313 -0.07275390625
0.0295810699462891 0.00440406799316406 -0.26971435546875 0.0274505615234375
0.0103931427001953 -0.0073394775390625 -0.213897705078125 -0.264205932617188
0.0125446319580078 0.0118303298950195 0.092620849609375 -0.50970458984375
0.00792503356933594 0.0244369506835937 0.58563232421875 -0.42431640625
-0.0253810882568359 -0.00394821166992188 0.79730224609375 0.2716064453125
-0.0412521362304687 -0.0604476928710938 0.28216552734375 0.919677734375
0.0312290191650391 -0.0128154754638672 -0.3570556640625 0.701171875
0.07476806640625 0.01580810546875 0.0569343566894531 0.050384521484375
0.0400161743164063 -0.0362625122070313 0.457763671875 -0.73187255859375
-0.0111427307128906 -0.0529022216796875 -0.30364990234375 -0.9920654296875
-0.0286521911621094 -0.0106525421142578 -0.8525390625 -0.15582275390625
0.00169563293457031 0.0246047973632813 -0.447479248046875 0.49169921875
0.01434326171875 0.0182628631591797 0.026885986328125 0.51324462890625
0.00206661224365234 -0.0057988166809082 0.299530029296875 0.21942138671875
0.0345478057861328 0.0055999755859375 0.283111572265625 -0.070037841796875
0.0262889862060547 0.00460052490234375 -0.262619018554688 0.031585693359375
0.0118608474731445 -0.0106897354125977 -0.207138061523438 -0.263809204101563
0.0154409408569336 0.00665855407714844 0.10113525390625 -0.50665283203125
0.0167331695556641 0.0226860046386719 0.59405517578125 -0.41461181640625
-0.0175151824951172 -0.00262165069580078 0.7965087890625 0.2857666015625
-0.0420875549316406 -0.0588798522949219 0.2691650390625 0.9310302734375
0.0274581909179688 -0.013336181640625 -0.36444091796875 0.70233154296875
0.0703887939453125 0.0128936767578125 0.0589332580566406 0.0491943359375
0.0361328125 -0.0377922058105469 0.4517822265625 -0.734130859375
-0.0127334594726563 -0.0497779846191406 -0.31591796875 -0.9840087890625
-0.0217647552490234 -0.00907325744628906 -0.8521728515625 -0.1368408203125
0.008697509765625 0.0216751098632813 -0.438018798828125 0.501373291015625
0.0161247253417969 0.0120916366577148 0.033203125 0.51416015625
0.00341987609863281 -0.0111160278320312 0.3065185546875 0.220489501953125
0.0321273803710938 0.00662612915039063 0.287017822265625 -0.067138671875
0.0218334197998047 0.00555419921875 -0.25848388671875 0.030426025390625
0.0113868713378906 -0.0168361663818359 -0.204940795898438 -0.264450073242188
0.0209789276123047 -0.000547409057617187 0.106719970703125 -0.504486083984375
0.0269222259521484 0.0203361511230469 0.59942626953125 -0.40423583984375
-0.0118036270141602 -0.000417709350585938 0.7967529296875 0.29730224609375
-0.0426063537597656 -0.054718017578125 0.266357421875 0.9368896484375
0.0225696563720703 -0.01507568359375 -0.36663818359375 0.702880859375
0.0688133239746094 0.0090179443359375 0.0578079223632813 0.0486488342285156
0.0314979553222656 -0.0383949279785156 0.4429931640625 -0.73590087890625
-0.0103912353515625 -0.0436477661132813 -0.320068359375 -0.97686767578125
-0.0127525329589844 -0.00658321380615235 -0.85137939453125 -0.12799072265625
0.0186080932617188 0.0158367156982422 -0.434234619140625 0.50701904296875
0.0227069854736328 0.00560951232910156 0.033935546875 0.51800537109375
0.00137805938720703 -0.0162372589111328 0.306854248046875 0.22125244140625
0.0309467315673828 0.00748252868652344 0.289520263671875 -0.065673828125
0.01824951171875 0.00680160522460938 -0.2607421875 0.0309906005859375
0.0110797882080078 -0.0233211517333984 -0.205841064453125 -0.262039184570313
0.025238037109375 -0.00811576843261719 0.10137939453125 -0.502777099609375
0.0377044677734375 0.0182304382324219 0.5968017578125 -0.40484619140625
-0.000645637512207031 0.0074915885925293 0.79644775390625 0.296142578125
-0.03875732421875 -0.0481986999511719 0.27032470703125 0.93743896484375
0.0183334350585938 -0.0142307281494141 -0.364501953125 0.70159912109375
0.0660057067871094 0.00503921508789063 0.0576324462890625 0.0487594604492188
0.0270500183105469 -0.0378646850585938 0.44683837890625 -0.7352294921875
-0.00914382934570313 -0.0374031066894531 -0.318359375 -0.97528076171875
-0.000997841358184814 -5.09023666381836E-05 -0.85009765625 -0.12677001953125
0.0300827026367188 0.0122470855712891 -0.43341064453125 0.509552001953125
0.0276603698730469 -0.00221633911132813 0.0322265625 0.51995849609375
-1.52587890624978E-05 -0.0232524871826172 0.302032470703125 0.221405029296875
0.0251655578613281 0.00773429870605469 0.289306640625 -0.065399169921875
0.0116357803344727 0.006317138671875 -0.264877319335938 0.0282745361328125
0.0119590759277344 -0.0292739868164063 -0.2117919921875 -0.266281127929688
0.0302162170410156 -0.0143795013427734 0.09246826171875 -0.503875732421875
0.0472679138183594 0.0162887573242188 0.591796875 -0.41351318359375
0.0081644058227539 0.0114288330078125 0.80010986328125 0.28680419921875
-0.0374908447265625 -0.0397834777832031 0.28033447265625 0.93365478515625
0.0151090621948242 -0.0161781311035156 -0.35595703125 0.70709228515625
0.0661697387695313 0.00252532958984375 0.0619659423828125 0.0506820678710938
0.0242996215820312 -0.0390777587890625 0.4542236328125 -0.73272705078125
-0.0063629150390625 -0.0307064056396484 -0.308349609375 -0.97943115234375
0.00694465637207031 0.00514841079711914 -0.8465576171875 -0.13299560546875
0.0371856689453125 0.00887680053710938 -0.4403076171875 0.5062255859375
0.0280723571777344 -0.00798797607421875 0.02471923828125 0.52081298828125
-0.00144195556640625 -0.0279121398925781 0.2947998046875 0.222503662109375
0.0221309661865234 0.00746536254882813 0.286041259765625 -0.065643310546875
0.0286750793457031 0.00677871704101563 -0.29144287109375 0.0238952636718749
0.00983333587646484 -0.00865459442138672 -0.248306274414063 -0.264266967773437
0.00787925720214844 0.0127582550048828 0.047271728515625 -0.52032470703125
0.007720947265625 0.0274658203125 0.54443359375 -0.46832275390625
-0.021514892578125 0.00293540954589843 0.79425048828125 0.20208740234375
-0.0394172668457031 -0.0505256652832031 0.32916259765625 0.87420654296875
0.0339698791503906 -0.0101222991943359 -0.31280517578125 0.70068359375
0.0778045654296875 0.0190582275390625 0.0636863708496094 0.0588302612304688
0.0431632995605469 -0.0304222106933594 0.4954833984375 -0.71856689453125
-0.00730514526367187 -0.0473670959472656 -0.248291015625 -1.01580810546875
-0.029754638671875 -0.00907516479492188 -0.848388671875 -0.2093505859375
-0.00235366821289062 0.0250911712646484 -0.47772216796875 0.4561767578125
0.00896358489990234 0.0174570083618164 -0.00418090820312495 0.4971923828125
-0.000457286834716797 -0.00761032104492188 0.275054931640625 0.214462280273438
0.0357475280761719 0.00769805908203125 0.26715087890625 -0.0817413330078125
0.0303173065185547 0.00424766540527344 -0.28192138671875 0.025848388671875
0.0119915008544922 -0.00625991821289063 -0.236770629882812 -0.26318359375
0.0063323974609375 0.0144319534301758 0.06048583984375 -0.51849365234375
0.00532150268554688 0.0277614593505859 0.55548095703125 -0.453277587890625
-0.0271587371826172 -0.00250625610351563 0.79168701171875 0.22332763671875
-0.0399551391601562 -0.0575714111328125 0.31097412109375 0.88726806640625
0.0348529815673828 -0.0125503540039063 -0.32696533203125 0.69970703125
0.076446533203125 0.0195236206054688 0.0619621276855469 0.0556221008300781
0.0432853698730469 -0.0349006652832031 0.4820556640625 -0.7197265625
-0.00987243652343749 -0.052337646484375 -0.26837158203125 -1.00579833984375
-0.0323276519775391 -0.0117874145507813 -0.8477783203125 -0.18768310546875
-0.00589752197265625 0.0253200531005859 -0.465484619140625 0.468048095703125
0.00814056396484375 0.0194969177246094 0.00881958007812495 0.49859619140625
0.00261926651000977 -0.00517082214355469 0.285736083984375 0.21337890625
0.0347938537597656 0.00767135620117187 0.273361206054688 -0.079010009765625
0.0285987854003906 0.00763320922851563 -0.27374267578125 0.0303955078124999
0.0119514465332031 -0.00544166564941406 -0.226593017578125 -0.261474609375
0.00869464874267578 0.0146989822387695 0.07562255859375 -0.509918212890625
0.00448799133300781 0.0279674530029297 0.56610107421875 -0.44049072265625
-0.0263710021972656 -0.00501632690429688 0.79052734375 0.24139404296875
-0.0406379699707031 -0.0609855651855469 0.29388427734375 0.89727783203125
0.0336132049560547 -0.0111160278320313 -0.3411865234375 0.6978759765625
0.0766220092773438 0.0183868408203125 0.0592803955078125 0.0527610778808594
0.0407485961914063 -0.033416748046875 0.46893310546875 -0.7230224609375
-0.0114364624023437 -0.053863525390625 -0.28436279296875 -0.996337890625
-0.0331325531005859 -0.013336181640625 -0.8453369140625 -0.16876220703125
-0.00476646423339843 0.0265617370605469 -0.45269775390625 0.4769287109375
0.00991439819335938 0.0199565887451172 0.020782470703125 0.50128173828125
0.00171136856079102 -0.00497293472290039 0.293853759765625 0.214019775390625
0.0371818542480469 0.0067138671875 0.280685424804688 -0.0736541748046875
0.0290069580078125 0.0035400390625 -0.265716552734375 0.0312652587890625
0.0115928649902344 -0.00551414489746094 -0.215164184570313 -0.260986328125
0.0128412246704102 0.0138387680053711 0.088623046875 -0.509918212890625
0.0106124877929688 0.024505615234375 0.5792236328125 -0.426513671875
-0.0249576568603516 -0.00489044189453125 0.79095458984375 0.2645263671875
-0.040679931640625 -0.0590019226074219 0.28338623046875 0.913818359375
0.0295391082763672 -0.0130672454833984 -0.3507080078125 0.6949462890625
0.0750579833984375 0.01556396484375 0.0570335388183594 0.0492782592773438
0.0375595092773438 -0.0358085632324219 0.4512939453125 -0.72930908203125
-0.0111198425292969 -0.0519371032714844 -0.30316162109375 -0.9820556640625
-0.0251541137695313 -0.0115909576416016 -0.8453369140625 -0.1495361328125
-2.28881835937516E-05 0.0244426727294922 -0.44207763671875 0.49102783203125
0.0127773284912109 0.0152950286865234 0.03155517578125 0.506805419921875
0.00157833099365234 -0.00471067428588867 0.300628662109375 0.2159423828125
0.0352706909179687 0.00583648681640625 0.282562255859375 -0.070648193359375
0.0258712768554688 0.004364013671875 -0.259902954101563 0.0316619873046875
0.00992965698242188 -0.010279655456543 -0.2080078125 -0.260269165039063
0.0141353607177734 0.00736808776855469 0.096160888671875 -0.50262451171875
0.0156383514404297 0.0213794708251953 0.58502197265625 -0.41522216796875
-0.0191268920898438 -0.002838134765625 0.788818359375 0.27947998046875
-0.0432395935058594 -0.0575675964355469 0.26837158203125 0.92071533203125
0.0278224945068359 -0.0151443481445312 -0.3599853515625 0.6949462890625
0.07281494140625 0.012054443359375 0.0581779479980469 0.0488548278808594
0.0347328186035156 -0.03692626953125 0.44317626953125 -0.7294921875
-0.012542724609375 -0.0496749877929688 -0.3157958984375 -0.9725341796875
-0.0213756561279297 -0.00885963439941407 -0.84478759765625 -0.132080078125
0.00820541381835937 0.0197582244873047 -0.432525634765625 0.5008544921875
0.0176124572753906 0.0134181976318359 0.0391540527343749 0.511260986328125
0.000993728637695313 -0.0100421905517578 0.30560302734375 0.215972900390625
0.0311565399169922 0.00584030151367188 0.28521728515625 -0.069854736328125
0.0236854553222656 0.00520133972167969 -0.2584228515625 0.0334320068359375
0.0106916427612305 -0.0174798965454102 -0.205322265625 -0.259872436523438
0.0222702026367188 0.00105476379394531 0.100067138671875 -0.500701904296875
0.0279312133789063 0.0188331604003906 0.5899658203125 -0.4071044921875
-0.0131168365478516 0.00169658660888672 0.78985595703125 0.28851318359375
-0.0412864685058594 -0.0522575378417969 0.267822265625 0.927001953125
0.0224838256835938 -0.0148601531982422 -0.3629150390625 0.69818115234375
0.0698165893554688 0.00822067260742188 0.059295654296875 0.0471763610839844
0.0297737121582031 -0.0385475158691406 0.43731689453125 -0.732177734375
-0.0103645324707031 -0.0430984497070312 -0.32147216796875 -0.966796875
-0.0104455947875977 -0.00467681884765625 -0.84088134765625 -0.12237548828125
0.0192794799804688 0.0151386260986328 -0.426483154296875 0.50726318359375
0.0229206085205078 0.00662612915039062 0.037811279296875 0.51336669921875
0.000956535339355469 -0.0163278579711914 0.30584716796875 0.217041015625
0.0304660797119141 0.00725746154785156 0.28759765625 -0.0677490234375
0.0168857574462891 0.00614356994628906 -0.260162353515625 0.03350830078125
0.0111713409423828 -0.0235805511474609 -0.206863403320313 -0.260299682617188
0.0261058807373047 -0.00602340698242188 0.097076416015625 -0.499114990234375
0.03857421875 0.0166893005371094 0.58831787109375 -0.4061279296875
-0.00126123428344726 0.00645780563354492 0.78985595703125 0.28778076171875
-0.0404624938964844 -0.0452346801757813 0.2705078125 0.9305419921875
0.0189704895019531 -0.0130233764648438 -0.35968017578125 0.70001220703125
0.0669708251953125 0.00530242919921875 0.0604629516601563 0.0487823486328125
0.0284957885742188 -0.0383110046386719 0.44122314453125 -0.7308349609375
-0.00778961181640625 -0.0361671447753906 -0.3203125 -0.96917724609375
-0.00221943855285645 0.000416040420532226 -0.84246826171875 -0.122802734375
0.0285682678222656 0.0101757049560547 -0.427154541015625 0.50634765625
0.0267810821533203 -0.00254249572753906 0.036163330078125 0.51446533203125
-0.0011444091796875 -0.0220775604248047 0.303375244140625 0.216522216796875
0.02655029296875 0.00698280334472656 0.28753662109375 -0.067718505859375
0.0128450393676758 0.00568675994873047 -0.265350341796875 0.02935791015625
0.0122756958007812 -0.0276317596435547 -0.213516235351563 -0.2615966796875
0.0294418334960938 -0.0154533386230469 0.08599853515625 -0.501251220703125
0.0460014343261719 0.0134468078613281 0.5833740234375 -0.41265869140625
0.00822162628173828 0.0116567611694336 0.79541015625 0.279541015625
-0.0379791259765625 -0.0383834838867188 0.28094482421875 0.92645263671875
0.0156412124633789 -0.0133085250854492 -0.34991455078125 0.7001953125
0.0646400451660156 0.000591278076171875 0.0603981018066406 0.0520591735839844
0.0241775512695313 -0.0381851196289063 0.44580078125 -0.7254638671875
-0.00730133056640625 -0.0304889678955078 -0.3092041015625 -0.9688720703125
0.00832414627075195 0.00374221801757812 -0.841064453125 -0.1275634765625
0.0379791259765625 0.00818634033203125 -0.435272216796875 0.5047607421875
0.0296154022216797 -0.00770759582519531 0.029296875 0.515869140625
-0.00140380859375 -0.0300197601318359 0.295166015625 0.217498779296875
0.0223064422607422 0.00710105895996094 0.28369140625 -0.0699462890625
0.0275993347167969 0.00499343872070313 -0.2884521484375 0.025848388671875
0.0112581253051758 -0.00708580017089844 -0.247802734375 -0.261337280273438
0.00888633728027344 0.0117149353027344 0.042633056640625 -0.5169677734375
0.00789260864257812 0.0281085968017578 0.53643798828125 -0.468963623046875
-0.0217971801757813 0.00319671630859375 0.7879638671875 0.19744873046875
-0.0407257080078125 -0.0483512878417969 0.32965087890625 0.865234375
0.0343914031982422 -0.00980758666992187 -0.30865478515625 0.69586181640625
0.0776443481445312 0.019775390625 0.0642929077148438 0.0582847595214844
0.0435905456542969 -0.0301704406738281 0.4910888671875 -0.71331787109375
-0.0067901611328125 -0.0460166931152344 -0.24945068359375 -1.009765625
-0.0284194946289063 -0.00781631469726563 -0.84326171875 -0.20538330078125
-0.000892639160156252 0.0266551971435547 -0.4742431640625 0.457305908203125
0.00957870483398438 0.0172281265258789 -0.00262451171874995 0.492401123046875
0.00210094451904297 -0.00695276260375977 0.274765014648438 0.2099609375
0.0344924926757813 0.00588607788085938 0.265182495117188 -0.0814056396484375
0.0316810607910156 0.00326156616210938 -0.280181884765625 0.028228759765625
0.0102081298828125 -0.00570106506347656 -0.235626220703125 -0.259536743164063
0.00939750671386719 0.0159196853637695 0.0582275390625 -0.513763427734375
0.00537300109863281 0.0279026031494141 0.54864501953125 -0.454010009765625
-0.0263004302978516 -0.000566482543945318 0.785400390625 0.21649169921875
-0.0413894653320312 -0.0549659729003906 0.31207275390625 0.87493896484375
0.0356979370117187 -0.0113410949707031 -0.32171630859375 0.693603515625
0.0778656005859375 0.0175933837890625 0.0614013671875 0.0547256469726563
0.04315185546875 -0.0311813354492188 0.476806640625 -0.71539306640625
-0.009246826171875 -0.0494422912597656 -0.27020263671875 -0.9947509765625
-0.032806396484375 -0.0112037658691406 -0.84161376953125 -0.1856689453125
-0.005218505859375 0.0262203216552734 -0.4599609375 0.466094970703125
0.00957870483398437 0.0198192596435547 0.010223388671875 0.49468994140625
0.00235605239868164 -0.00475358963012695 0.28704833984375 0.210662841796875
0.0361824035644531 0.005706787109375 0.272842407226563 -0.079010009765625
0.0314407348632812 0.00425910949707031 -0.272918701171875 0.034454345703125
0.0110950469970703 -0.00429344177246094 -0.2266845703125 -0.255325317382812
0.00964069366455078 0.0159387588500977 0.0726013183593751 -0.50726318359375
0.00527572631835938 0.0263404846191406 0.55999755859375 -0.441375732421875
-0.0277938842773437 -0.00565719604492188 0.78143310546875 0.237060546875
-0.0419921875 -0.0574836730957031 0.2911376953125 0.887939453125
0.0320644378662109 -0.0107936859130859 -0.338134765625 0.6939697265625
0.0768508911132813 0.0172195434570313 0.0587425231933594 0.0517997741699219
0.0410385131835938 -0.0333480834960938 0.4635009765625 -0.71966552734375
-0.012939453125 -0.0521240234375 -0.28387451171875 -0.98443603515625
-0.0326385498046875 -0.0137290954589844 -0.84197998046875 -0.166015625
-0.00323867797851563 0.0255756378173828 -0.447540283203125 0.476104736328125
0.0090789794921875 0.0187492370605469 0.02227783203125 0.498382568359375
0.000664949417114258 -0.00402069091796875 0.2940673828125 0.2108154296875
0.0356369018554688 0.00885772705078125 0.2762451171875 -0.076416015625
0.0309600830078125 0.00304794311523438 -0.264694213867188 0.032318115234375
0.0101289749145508 -0.00777053833007813 -0.214553833007812 -0.256668090820313
0.0128564834594727 0.0141973495483398 0.08404541015625 -0.503814697265625
0.0100803375244141 0.0236701965332031 0.57147216796875 -0.42572021484375
-0.0250968933105469 -0.00471878051757813 0.78302001953125 0.258544921875
-0.0411338806152344 -0.0588531494140625 0.28082275390625 0.90423583984375
0.0310859680175781 -0.0126819610595703 -0.3458251953125 0.692138671875
0.0753402709960938 0.01519775390625 0.056793212890625 0.0491828918457031
0.0381240844726563 -0.0339889526367188 0.447021484375 -0.7255859375
-0.0133628845214844 -0.0500831604003906 -0.303955078125 -0.97412109375
-0.0281887054443359 -0.0115280151367188 -0.84033203125 -0.14715576171875
0.00204277038574219 0.0230636596679688 -0.435272216796875 0.489501953125
0.0131387710571289 0.0170431137084961 0.0322265625 0.504669189453125
6.34193420410152E-05 -0.00633716583251953 0.30078125 0.2108154296875
0.035797119140625 0.0045166015625 0.279190063476563 -0.0729522705078125
0.0272369384765625 0.00342750549316406 -0.259323120117188 0.033935546875
0.0118789672851563 -0.00999069213867188 -0.208343505859375 -0.255508422851563
0.016230583190918 0.00982666015625 0.09283447265625 -0.500518798828125
0.0164070129394531 0.0214366912841797 0.5784912109375 -0.41461181640625
-0.0182285308837891 -0.00394821166992188 0.7822265625 0.2733154296875
-0.0420722961425781 -0.0557785034179688 0.26715087890625 0.91326904296875
0.0268363952636719 -0.0125637054443359 -0.35357666015625 0.69110107421875
0.07232666015625 0.0115127563476562 0.0570564270019531 0.0453720092773438
0.0350112915039063 -0.0362129211425781 0.43634033203125 -0.7239990234375
-0.0118637084960938 -0.048065185546875 -0.31878662109375 -0.963134765625
-0.0229606628417969 -0.00862884521484375 -0.83905029296875 -0.127197265625
0.00969600677490234 0.0174837112426758 -0.4268798828125 0.49761962890625
0.0171747207641602 0.0108251571655273 0.038848876953125 0.50634765625
-0.000247955322265624 -0.0108175277709961 0.305267333984375 0.212554931640625
0.0335578918457031 0.00524330139160156 0.28369140625 -0.07159423828125
0.0239429473876953 0.00625419616699219 -0.258468627929688 0.0338134765625
0.0111598968505859 -0.0149374008178711 -0.204559326171875 -0.257049560546875
0.0215492248535156 0.00148200988769531 0.096221923828125 -0.498779296875
0.0250091552734375 0.0181293487548828 0.584228515625 -0.405517578125
-0.0115213394165039 -0.000132560729980469 0.78216552734375 0.28271484375
-0.0388946533203125 -0.0510826110839844 0.26556396484375 0.92047119140625
0.0210075378417969 -0.0138053894042969 -0.35723876953125 0.691650390625
0.0686264038085938 0.00826644897460938 0.0571975708007813 0.0470771789550781
0.0301437377929688 -0.0372848510742188 0.432373046875 -0.72503662109375
-0.0112380981445313 -0.0416984558105469 -0.3201904296875 -0.959228515625
-0.0119075775146484 -0.00457668304443359 -0.8385009765625 -0.11956787109375
0.01947021484375 0.0137233734130859 -0.42108154296875 0.50482177734375
0.0216827392578125 0.0050201416015625 0.0419616699218749 0.510101318359375
-9.34600830078117E-05 -0.0152521133422852 0.304656982421875 0.212005615234375
0.0309333801269531 0.00522613525390625 0.284210205078125 -0.06890869140625
0.0186862945556641 0.00431442260742188 -0.258438110351563 0.033111572265625
0.0120525360107422 -0.0223293304443359 -0.20703125 -0.256393432617188
0.0266475677490234 -0.00755119323730469 0.091796875 -0.49627685546875
0.0363273620605469 0.0163612365722656 0.58087158203125 -0.407958984375
-0.00262594223022461 0.00580072402954102 0.78387451171875 0.2825927734375
-0.0385513305664063 -0.0447998046875 0.27008056640625 0.92022705078125
0.0190906524658203 -0.0142707824707031 -0.3565673828125 0.694091796875
0.0660629272460938 0.00429534912109375 0.0590324401855469 0.0485382080078125
0.0257148742675781 -0.0366020202636719 0.4320068359375 -0.725341796875
-0.0104846954345703 -0.0345554351806641 -0.32171630859375 -0.95751953125
-0.00231647491455078 -0.00194287300109863 -0.83721923828125 -0.11968994140625
0.0283336639404297 0.00963973999023438 -0.42205810546875 0.505706787109375
0.0252189636230469 -0.00328254699707031 0.0376586914062499 0.51318359375
-0.00205612182617188 -0.0212535858154297 0.30340576171875 0.211456298828125
0.0268268585205078 0.0063934326171875 0.284088134765625 -0.0706787109375
0.013361930847168 0.00425815582275391 -0.263641357421875 0.031341552734375
0.0112819671630859 -0.0286540985107422 -0.213821411132813 -0.257904052734375
0.0286598205566406 -0.0147609710693359 0.083404541015625 -0.49896240234375
0.0456809997558594 0.0142784118652344 0.57568359375 -0.41314697265625
0.00821113586425781 0.0106258392333984 0.78704833984375 0.2764892578125
-0.0370826721191406 -0.0374946594238281 0.28216552734375 0.91583251953125
0.0156726837158203 -0.0134057998657227 -0.34814453125 0.69580078125
0.0644569396972656 -0.000270843505859375 0.0595626831054688 0.0497665405273438
0.0231208801269531 -0.0379676818847656 0.44171142578125 -0.72296142578125
-0.00803184509277344 -0.0281238555908203 -0.3101806640625 -0.9622802734375
0.00695133209228516 0.00440692901611328 -0.8359375 -0.12457275390625
0.0371360778808594 0.0064544677734375 -0.429656982421875 0.502197265625
0.0280475616455078 -0.00793266296386719 0.0303955078125 0.51190185546875
-0.00228118896484375 -0.0279369354248047 0.296173095703125 0.21295166015625
0.0236148834228516 0.00690269470214844 0.282958984375 -0.069366455078125
0.0297374725341797 0.00453948974609375 -0.287628173828125 0.02789306640625
0.00987911224365234 -0.00910568237304688 -0.248443603515625 -0.257308959960938
0.0103168487548828 0.0133352279663086 0.042510986328125 -0.514892578125
0.00732612609863281 0.0275897979736328 0.530914306640625 -0.466827392578125
-0.0224113464355469 0.00186729431152343 0.78143310546875 0.194580078125
-0.0391960144042969 -0.0486640930175781 0.3255615234375 0.860107421875
0.0344600677490234 -0.00942611694335938 -0.3072509765625 0.69189453125
0.0779037475585938 0.0180282592773438 0.0634765625 0.0593032836914062
0.0448074340820313 -0.0293922424316406 0.48724365234375 -0.70928955078125
-0.00822067260742187 -0.0446548461914063 -0.249267578125 -1.0003662109375
-0.0283393859863281 -0.00983238220214844 -0.83721923828125 -0.20172119140625
-0.0014190673828125 0.0250282287597656 -0.46844482421875 0.453704833984375
0.00872039794921875 0.0172157287597656 -0.00152587890625005 0.49102783203125
0.000541210174560547 -0.00770664215087891 0.27581787109375 0.208099365234375
0.0352554321289063 0.00637435913085938 0.264450073242188 -0.0826416015625
0.0314750671386719 0.00268173217773438 -0.278961181640625 0.0290679931640625
0.00998020172119141 -0.00579261779785156 -0.236679077148438 -0.255508422851563
0.00791358947753906 0.0149755477905273 0.055389404296875 -0.5113525390625
0.00494575500488281 0.0282516479492188 0.543609619140625 -0.451629638671875
-0.0290565490722656 -0.00141716003417968 0.77935791015625 0.2132568359375
-0.0414276123046875 -0.0538368225097656 0.30902099609375 0.8699951171875
0.0349597930908203 -0.008941650390625 -0.3221435546875 0.688720703125
0.07818603515625 0.0167999267578125 0.0601921081542969 0.0550727844238281
0.0446243286132813 -0.0318222045898438 0.47210693359375 -0.711181640625
-0.0102157592773438 -0.0476112365722656 -0.269287109375 -0.98870849609375
-0.0333080291748047 -0.0126705169677734 -0.83563232421875 -0.1824951171875
-0.00538253784179688 0.02349853515625 -0.455413818359375 0.464691162109375
0.00818443298339844 0.0206146240234375 0.0128173828125 0.49066162109375
0.000258207321166992 -0.00326633453369141 0.28570556640625 0.20697021484375
0.0370330810546875 0.00599288940429688 0.271224975585938 -0.080657958984375
0.0300941467285156 0.00478172302246094 -0.271530151367188 0.0311126708984375
0.0105743408203125 -0.00414466857910156 -0.22528076171875 -0.255874633789062
0.00822257995605469 0.0144357681274414 0.0689697265625 -0.506134033203125
0.00471878051757813 0.0256290435791016 0.5546875 -0.439056396484375
-0.0278224945068359 -0.00668144226074218 0.77490234375 0.2352294921875
-0.0414848327636719 -0.0562324523925781 0.28997802734375 0.88330078125
0.0343093872070313 -0.0106182098388672 -0.33392333984375 0.68792724609375
0.0756149291992188 0.0179519653320313 0.0575675964355469 0.0524482727050781
0.0408706665039062 -0.0340461730957031 0.46038818359375 -0.71533203125
-0.0110321044921875 -0.050628662109375 -0.28350830078125 -0.9793701171875
-0.0346050262451172 -0.0143547058105469 -0.8330078125 -0.16314697265625
-0.00415611267089844 0.0251560211181641 -0.443878173828125 0.4755859375
0.00971031188964844 0.0197601318359375 0.024444580078125 0.49517822265625
0.00184524059295654 -0.00126063823699951 0.293975830078125 0.207183837890625
0.0357894897460938 0.00487518310546875 0.277145385742188 -0.0774688720703125
0.0289974212646484 0.00366401672363281 -0.264190673828125 0.0338134765625
0.0104389190673828 -0.00558090209960938 -0.215042114257813 -0.254364013671875
0.0137119293212891 0.0130386352539063 0.0795898437500001 -0.502227783203125
0.0103034973144531 0.0228004455566406 0.56610107421875 -0.424072265625
-0.0261955261230469 -0.00575065612792969 0.77532958984375 0.2550048828125
-0.040679931640625 -0.0562171936035156 0.27685546875 0.8955078125
0.0302276611328125 -0.0113353729248047 -0.34326171875 0.68548583984375
0.074249267578125 0.0145034790039063 0.0559806823730469 0.0494270324707031
0.03851318359375 -0.0351943969726563 0.44378662109375 -0.718505859375
-0.013671875 -0.048797607421875 -0.3037109375 -0.9681396484375
-0.0272045135498047 -0.0119991302490234 -0.835205078125 -0.14453125
0.00110816955566406 0.0229873657226563 -0.432464599609375 0.48724365234375
0.0130176544189453 0.0163164138793945 0.03369140625 0.4986572265625
0.00053262710571289 -0.00458192825317383 0.300567626953125 0.208709716796875
0.0358467102050781 0.00234603881835938 0.280197143554688 -0.072662353515625
0.0286140441894531 0.003692626953125 -0.26007080078125 0.0354156494140625
0.0123682022094727 -0.00982952117919922 -0.208221435546875 -0.254425048828125
0.0167665481567383 0.00660133361816406 0.0884094238281249 -0.49798583984375
0.0165767669677734 0.0197734832763672 0.57427978515625 -0.41522216796875
-0.0220699310302734 -0.00372886657714844 0.77587890625 0.2684326171875
-0.0416107177734375 -0.0535240173339844 0.26605224609375 0.90765380859375
0.0267429351806641 -0.0122833251953125 -0.353271484375 0.68603515625
0.070465087890625 0.0121841430664063 0.0558433532714844 0.0457763671875
0.0332412719726563 -0.0376358032226563 0.4345703125 -0.72076416015625
-0.0130577087402344 -0.0464859008789063 -0.3179931640625 -0.95782470703125
-0.0223712921142578 -0.0102672576904297 -0.83331298828125 -0.12542724609375
0.00829696655273437 0.0175142288208008 -0.423065185546875 0.49615478515625
0.0171670913696289 0.0107498168945313 0.042938232421875 0.50396728515625
0.000421047210693359 -0.00868129730224609 0.305084228515625 0.20745849609375
0.0328178405761719 0.00330352783203125 0.284423828125 -0.07257080078125
0.0237045288085938 0.00469017028808594 -0.2548828125 0.0352020263671875
0.0107250213623047 -0.0154170989990234 -0.205581665039062 -0.253952026367188
0.0227813720703125 0.00192070007324219 0.091766357421875 -0.49603271484375
0.0257377624511719 0.0182323455810547 0.578125 -0.40576171875
-0.0114517211914063 0.000399589538574217 0.77703857421875 0.27978515625
-0.0414161682128906 -0.0503158569335938 0.26446533203125 0.91265869140625
0.0229625701904297 -0.0141410827636719 -0.35577392578125 0.6876220703125
0.0690498352050781 0.00899505615234375 0.0566291809082031 0.0449676513671875
0.0293006896972656 -0.0376205444335937 0.429443359375 -0.72259521484375
-0.0128440856933594 -0.041290283203125 -0.32098388671875 -0.95355224609375
-0.0137910842895508 -0.00794506072998047 -0.83013916015625 -0.11865234375
0.0181388854980469 0.0128879547119141 -0.417877197265625 0.501495361328125
0.0213947296142578 0.00581169128417969 0.042144775390625 0.507965087890625
-0.00043010711669922 -0.0152301788330078 0.305816650390625 0.20806884765625
0.0313854217529297 0.005706787109375 0.283447265625 -0.070831298828125
0.0183029174804688 0.00464057922363281 -0.256607055664063 0.0342559814453125
0.0113258361816406 -0.0212306976318359 -0.2086181640625 -0.254119873046875
0.0257377624511719 -0.00678062438964844 0.08966064453125 -0.495452880859375
0.0374183654785156 0.0161705017089844 0.57513427734375 -0.40618896484375
-0.00356960296630859 0.00445890426635742 0.7777099609375 0.279541015625
-0.039642333984375 -0.0420875549316406 0.2691650390625 0.91259765625
0.0190219879150391 -0.0121593475341797 -0.35296630859375 0.690185546875
0.0658950805664063 0.00439071655273438 0.0577011108398438 0.0473747253417969
0.0255165100097656 -0.0356788635253906 0.43280029296875 -0.7215576171875
-0.0100669860839844 -0.0344600677490234 -0.317626953125 -0.9537353515625
-0.00435471534729004 -0.001312255859375 -0.83099365234375 -0.11822509765625
0.0282096862792969 0.00904464721679688 -0.4183349609375 0.5048828125
0.026275634765625 -0.00182723999023438 0.0396728515625 0.50946044921875
-0.00324058532714844 -0.0205192565917969 0.301849365234375 0.208953857421875
0.0275211334228516 0.00485610961914062 0.2840576171875 -0.071319580078125
0.0131235122680664 0.00646781921386719 -0.2615966796875 0.03155517578125
0.0113601684570313 -0.0275650024414063 -0.21478271484375 -0.25494384765625
0.0312900543212891 -0.0127334594726563 0.0804443359375 -0.495697021484375
0.0448036193847656 0.0130386352539063 0.5714111328125 -0.411865234375
0.00684738159179688 0.0102825164794922 0.7818603515625 0.2716064453125
-0.0373191833496094 -0.0379066467285156 0.278564453125 0.9110107421875
0.0154123306274414 -0.0145330429077148 -0.3460693359375 0.693359375
0.063446044921875 0.000881195068359375 0.0603256225585938 0.0502471923828125
0.0242919921875 -0.0358695983886719 0.4398193359375 -0.71673583984375
-0.00783920288085938 -0.0277366638183594 -0.30621337890625 -0.955078125
0.00705862045288086 0.00310611724853516 -0.830078125 -0.12176513671875
0.0361709594726563 0.00531768798828125 -0.424407958984375 0.5023193359375
0.0283699035644531 -0.00843238830566406 0.0330200195312501 0.509124755859375
-0.00134468078613281 -0.0269775390625 0.295623779296875 0.21087646484375
0.0241184234619141 0.00529861450195313 0.281829833984375 -0.070953369140625
0.0288772583007813 0.00432014465332031 -0.28656005859375 0.02880859375
0.00984668731689453 -0.00737953186035156 -0.24920654296875 -0.254104614257813
0.00986576080322266 0.0116462707519531 0.039520263671875 -0.51092529296875
0.00771522521972656 0.0260524749755859 0.525482177734375 -0.464385986328125
-0.0242576599121094 0.00127792358398438 0.77532958984375 0.193603515625
-0.0413551330566406 -0.0469436645507813 0.32061767578125 0.85400390625
0.0327987670898438 -0.00887870788574219 -0.3055419921875 0.68719482421875
0.0780792236328125 0.01715087890625 0.0632781982421875 0.0578117370605469
0.0440635681152344 -0.0283737182617188 0.48516845703125 -0.70318603515625
-0.00716400146484375 -0.0443229675292969 -0.24530029296875 -0.99652099609375
-0.0285472869873047 -0.00894355773925782 -0.83099365234375 -0.1993408203125
-0.00221824645996094 0.0232677459716797 -0.46673583984375 0.454010009765625
0.00977706909179688 0.0163755416870117 0.00210571289062499 0.486907958984375
0.00105571746826172 -0.00600957870483398 0.275131225585938 0.20587158203125
0.0358047485351563 0.00439071655273438 0.263961791992188 -0.0834503173828125
0.0316314697265625 0.00316047668457031 -0.277389526367188 0.030914306640625
0.0112104415893555 -0.0054168701171875 -0.235137939453125 -0.253189086914063
0.00855445861816406 0.0149831771850586 0.052825927734375 -0.508514404296875
0.00330352783203125 0.0276279449462891 0.538665771484375 -0.451934814453125
-0.0287551879882813 -0.00202369689941407 0.77337646484375 0.21044921875
-0.0415878295898438 -0.0526123046875 0.30792236328125 0.864990234375
0.0345802307128906 -0.0102310180664063 -0.31781005859375 0.68414306640625
0.07586669921875 0.0167999267578125 0.0590934753417969 0.0543098449707031
0.0419998168945313 -0.0318031311035156 0.47064208984375 -0.70709228515625
-0.00960159301757813 -0.0482635498046875 -0.26483154296875 -0.9854736328125
-0.0332660675048828 -0.0121421813964844 -0.83221435546875 -0.18194580078125
-0.00604820251464844 0.0244541168212891 -0.45361328125 0.461395263671875
0.00869369506835937 0.0195026397705078 0.0135498046875 0.487701416015625
0.00136256217956543 -0.00236296653747559 0.286407470703125 0.204681396484375
0.0367546081542969 0.00371170043945313 0.269943237304688 -0.0818328857421875
0.0315341949462891 0.00408363342285156 -0.271560668945313 0.035247802734375
0.0122261047363281 -0.00520801544189453 -0.225799560546875 -0.252059936523438
0.0104389190673828 0.0155658721923828 0.066741943359375 -0.503753662109375
0.00352859497070313 0.0242252349853516 0.549102783203125 -0.43804931640625
-0.0287628173828125 -0.00511932373046874 0.7701416015625 0.23052978515625
-0.0418510437011719 -0.0557785034179687 0.2862548828125 0.8770751953125
0.0321941375732422 -0.00876808166503906 -0.334716796875 0.682373046875
0.074310302734375 0.0167388916015625 0.0572280883789063 0.0507316589355469
0.0410575866699219 -0.0309028625488281 0.4580078125 -0.71014404296875
-0.0122489929199219 -0.0496101379394531 -0.28240966796875 -0.97467041015625
-0.0322170257568359 -0.0134696960449219 -0.82904052734375 -0.1612548828125
-0.00451278686523437 0.0217876434326172 -0.44097900390625 0.472869873046875
0.00854301452636719 0.0188770294189453 0.02606201171875 0.493255615234375
0.00110816955566406 -0.00291824340820313 0.294158935546875 0.2049560546875
0.0384864807128906 0.00469970703125 0.274871826171875 -0.078125
0.0305805206298828 0.0034942626953125 -0.263214111328125 0.03375244140625
0.0111017227172852 -0.00484466552734375 -0.214569091796875 -0.252578735351562
0.0136165618896484 0.0111169815063477 0.078704833984375 -0.499359130859375
0.00787734985351562 0.0225601196289062 0.560333251953125 -0.423187255859375
-0.0274810791015625 -0.00466537475585937 0.77056884765625 0.2550048828125
-0.0414314270019531 -0.0544815063476563 0.27508544921875 0.8917236328125
0.0312576293945313 -0.0117931365966797 -0.34246826171875 0.68328857421875
0.0736618041992188 0.0150070190429688 0.055938720703125 0.0486030578613281
0.0388984680175781 -0.0358314514160156 0.44183349609375 -0.71502685546875
-0.0135917663574219 -0.0496063232421875 -0.3013916015625 -0.96392822265625
-0.0286579132080078 -0.0119895935058594 -0.8310546875 -0.1429443359375
0.00124740600585937 0.02215576171875 -0.428741455078125 0.486663818359375
0.0125703811645508 0.0169849395751953 0.037139892578125 0.496185302734375
-0.000407218933105468 -0.00455617904663086 0.2998046875 0.205078125
0.0364913940429688 0.00183486938476563 0.27801513671875 -0.0758819580078125
0.0275115966796875 0.00302505493164063 -0.25860595703125 0.0358123779296875
0.0109767913818359 -0.00871753692626953 -0.207656860351562 -0.2529296875
0.0169525146484375 0.00679397583007813 0.08624267578125 -0.495513916015625
0.0165596008300781 0.0191688537597656 0.56878662109375 -0.41094970703125
-0.0200290679931641 -0.00318527221679688 0.7716064453125 0.26611328125
-0.0399932861328125 -0.0542373657226562 0.2657470703125 0.901611328125
0.0279045104980469 -0.0106010437011719 -0.3505859375 0.68023681640625
0.0709075927734375 0.0123977661132813 0.0560836791992188 0.0467033386230469
0.0348930358886719 -0.0355987548828125 0.43206787109375 -0.7158203125
-0.0120277404785156 -0.0449714660644531 -0.31463623046875 -0.953369140625
-0.0224456787109375 -0.0104999542236328 -0.82958984375 -0.1241455078125
0.0087432861328125 0.0162267684936523 -0.419708251953125 0.494476318359375
0.0164022445678711 0.0122766494750977 0.0435791015625 0.49945068359375
0.000153541564941407 -0.00849676132202148 0.304962158203125 0.2052001953125
0.0351829528808594 0.00408172607421875 0.28350830078125 -0.071868896484375
0.0246028900146484 0.00399589538574219 -0.255813598632813 0.0348052978515625
0.0121307373046875 -0.0134716033935547 -0.205276489257812 -0.2510986328125
0.0217819213867188 0.00102043151855469 0.090850830078125 -0.494049072265625
0.0256271362304687 0.0175762176513672 0.5726318359375 -0.40460205078125
-0.0118217468261719 -0.00146961212158203 0.77191162109375 0.27740478515625
-0.0403366088867187 -0.0480003356933594 0.2606201171875 0.90545654296875
0.0242042541503906 -0.0115566253662109 -0.35284423828125 0.6829833984375
0.0682640075683594 0.0085601806640625 0.0548629760742188 0.0483932495117188
0.0288581848144531 -0.0354423522949219 0.4278564453125 -0.71722412109375
-0.0117378234863281 -0.0401496887207031 -0.317626953125 -0.948974609375
-0.0119180679321289 -0.00631904602050781 -0.82586669921875 -0.11529541015625
0.0183792114257813 0.0130176544189453 -0.414825439453125 0.501617431640625
0.0222930908203125 0.00489234924316406 0.043060302734375 0.503448486328125
3.14712524414072E-05 -0.0144786834716797 0.30535888671875 0.2049560546875
0.030120849609375 0.00364494323730469 0.284271240234375 -0.070587158203125
0.0189971923828125 0.00398635864257813 -0.255630493164063 0.0350189208984375
0.0113945007324219 -0.0216274261474609 -0.206298828125 -0.252349853515625
0.0260887145996094 -0.00678443908691406 0.086944580078125 -0.491302490234375
0.0367355346679688 0.0146827697753906 0.56964111328125 -0.40478515625
-0.00169801712036133 0.00461721420288086 0.771484375 0.27716064453125
-0.0376243591308594 -0.0430450439453125 0.26617431640625 0.9088134765625
0.0196208953857422 -0.0142555236816406 -0.3536376953125 0.68585205078125
0.0645904541015625 0.00373458862304688 0.0583343505859375 0.0474357604980469
0.0265293121337891 -0.0350284576416016 0.43115234375 -0.71697998046875
-0.00987815856933594 -0.0347099304199219 -0.3175048828125 -0.947998046875
-0.00345659255981445 -0.00253486633300781 -0.82733154296875 -0.11395263671875
0.0275936126708984 0.00669097900390625 -0.415435791015625 0.5009765625
0.0261611938476562 -0.001312255859375 0.04144287109375 0.50616455078125
-0.00265312194824219 -0.0192070007324219 0.301513671875 0.206695556640625
0.0269660949707031 0.00309181213378906 0.282562255859375 -0.070831298828125
0.0144729614257813 0.00348758697509766 -0.260543823242187 0.03271484375
0.0124187469482422 -0.0281753540039062 -0.214004516601563 -0.253402709960938
0.0306129455566406 -0.0128898620605469 0.078704833984375 -0.494964599609375
0.0454254150390625 0.0125007629394531 0.5648193359375 -0.40899658203125
0.00589179992675781 0.00922393798828125 0.77520751953125 0.26873779296875
-0.0376052856445312 -0.0356903076171875 0.27630615234375 0.90362548828125
0.0154390335083008 -0.0124883651733398 -0.342529296875 0.6866455078125
0.0636749267578125 -0.00154876708984375 0.0599327087402344 0.0493736267089844
0.0230598449707031 -0.0348472595214844 0.43646240234375 -0.7115478515625
-0.00719070434570312 -0.0263824462890625 -0.307861328125 -0.9490966796875
0.00694704055786133 0.00411272048950195 -0.8262939453125 -0.12158203125
0.0351486206054688 0.00574493408203125 -0.4232177734375 0.4998779296875
0.0285377502441406 -0.00887107849121094 0.032135009765625 0.506866455078125
-0.00410270690917969 -0.0280876159667969 0.295318603515625 0.2073974609375
0.023773193359375 0.00339889526367188 0.281463623046875 -0.07269287109375
0.0308036804199219 0.00310325622558594 -0.287078857421875 0.0287170410156249
0.011448860168457 -0.00757312774658203 -0.249557495117188 -0.253341674804687
0.00887489318847656 0.01239013671875 0.038055419921875 -0.50927734375
0.00655364990234375 0.0249481201171875 0.522857666015625 -0.465240478515625
-0.0248680114746094 0.00189781188964843 0.7724609375 0.18988037109375
-0.0398521423339844 -0.0453720092773437 0.3194580078125 0.85040283203125
0.0359840393066406 -0.00725173950195312 -0.30572509765625 0.68414306640625
0.0779800415039063 0.0159454345703125 0.061676025390625 0.0594406127929688
0.0432777404785156 -0.0287818908691406 0.483642578125 -0.6978759765625
-0.00792312622070313 -0.0423851013183594 -0.24468994140625 -0.994384765625
-0.0291786193847656 -0.00781250000000001 -0.8284912109375 -0.20123291015625
-0.00161552429199219 0.0235977172851563 -0.465301513671875 0.4517822265625
0.00946521759033203 0.0166950225830078 0.00155639648437503 0.486572265625
0.00131034851074219 -0.00601339340209961 0.276626586914063 0.203781127929688
0.0355415344238281 0.0033111572265625 0.264068603515625 -0.0847015380859375
0.0328159332275391 0.00179481506347656 -0.276535034179688 0.0328521728515626
0.0116090774536133 -0.00316333770751953 -0.237197875976563 -0.251968383789063
0.0102729797363281 0.0151920318603516 0.04998779296875 -0.506561279296875
0.00384902954101562 0.0269126892089844 0.534332275390625 -0.45050048828125
-0.0294685363769531 -0.00163078308105468 0.76873779296875 0.2076416015625
-0.0403823852539062 -0.0508689880371094 0.303466796875 0.85968017578125
0.0351104736328125 -0.0105571746826172 -0.32122802734375 0.6795654296875
0.077301025390625 0.0197906494140625 0.06005859375 0.0546913146972656
0.0440292358398438 -0.0298500061035156 0.46929931640625 -0.7039794921875
-0.0106163024902344 -0.0487327575683594 -0.26507568359375 -0.9798583984375
-0.0317554473876953 -0.0131683349609375 -0.82843017578125 -0.181884765625
-0.00363922119140625 0.0245857238769531 -0.450347900390625 0.4609375
0.00856781005859375 0.0182857513427734 0.01422119140625 0.486724853515625
0.000196218490600586 -0.00377249717712402 0.285980224609375 0.2039794921875
0.0379753112792969 0.00352859497070312 0.267684936523438 -0.081756591796875
0.0296134948730469 0.000303268432617188 -0.270645141601563 0.03369140625
0.0101776123046875 -0.00468540191650391 -0.225570678710937 -0.250885009765625
0.00914764404296875 0.01824951171875 0.0637817382812501 -0.500152587890625
0.00507164001464844 0.0236663818359375 0.54315185546875 -0.436798095703125
-0.0293521881103516 -0.00577926635742187 0.76617431640625 0.22650146484375
-0.0408515930175781 -0.0558433532714844 0.28399658203125 0.873046875
0.0343341827392578 -0.0118522644042969 -0.33367919921875 0.68121337890625
0.0746841430664063 0.0147018432617188 0.0546607971191406 0.0506477355957031
0.0381660461425781 -0.0319061279296875 0.4561767578125 -0.70672607421875
-0.0151519775390625 -0.0505104064941406 -0.27880859375 -0.97076416015625
-0.0352935791015625 -0.0138282775878906 -0.8260498046875 -0.162353515625
-0.00568580627441406 0.0204658508300781 -0.439788818359375 0.472076416015625
0.00857162475585938 0.017791748046875 0.025970458984375 0.49127197265625
0.000740289688110352 -0.00312590599060059 0.29608154296875 0.202362060546875
0.0364112854003906 0.003509521484375 0.273406982421875 -0.079345703125
0.0307483673095703 0.00243186950683594 -0.26220703125 0.0359649658203125
0.0097188949584961 -0.00637435913085938 -0.214447021484375 -0.249679565429687
0.0141286849975586 0.0116853713989258 0.07757568359375 -0.50103759765625
0.00652313232421875 0.0201492309570313 0.556549072265625 -0.42242431640625
-0.0278301239013672 -0.00433158874511719 0.76483154296875 0.25079345703125
-0.0415115356445312 -0.0532417297363281 0.27294921875 0.88519287109375
0.0319061279296875 -0.0111942291259766 -0.34210205078125 0.67657470703125
0.0747528076171875 0.0142822265625 0.0548477172851563 0.0489883422851563
0.0368080139160156 -0.0344619750976563 0.44287109375 -0.709228515625
-0.0125885009765625 -0.0497207641601563 -0.29986572265625 -0.9610595703125
-0.0295753479003906 -0.0133781433105469 -0.82525634765625 -0.1431884765625
-5.14984130859369E-05 0.0196495056152344 -0.428131103515625 0.484130859375
0.0143957138061523 0.0152378082275391 0.0343017578125 0.4954833984375
-0.00156950950622559 -0.00418877601623535 0.30078125 0.203369140625
0.0357513427734375 0.000400543212890625 0.27691650390625 -0.07745361328125
0.0274105072021484 0.00186920166015625 -0.25836181640625 0.035369873046875
0.0114727020263672 -0.0095529556274414 -0.209075927734375 -0.24932861328125
0.0182895660400391 0.00636482238769531 0.0855712890625 -0.496124267578125
0.0156841278076172 0.0181636810302734 0.565673828125 -0.4100341796875
-0.0204334259033203 -0.00331687927246094 0.76739501953125 0.26470947265625
-0.0388069152832031 -0.0531539916992188 0.26055908203125 0.896484375
0.0276374816894531 -0.0116386413574219 -0.3499755859375 0.67730712890625
0.0690116882324219 0.0100250244140625 0.0558815002441406 0.0454254150390625
0.0352859497070313 -0.0353317260742188 0.429443359375 -0.71112060546875
-0.0129470825195313 -0.0428390502929687 -0.31097412109375 -0.95068359375
-0.0215511322021484 -0.00922393798828125 -0.82647705078125 -0.1265869140625
0.00812435150146484 0.0159854888916016 -0.415008544921875 0.494232177734375
0.0146389007568359 0.0110559463500977 0.043548583984375 0.499969482421875
0.000523567199707032 -0.00809288024902344 0.30364990234375 0.202178955078125
0.0347995758056641 0.000345230102539062 0.2822265625 -0.0732421875
0.0239295959472656 0.00289535522460938 -0.255523681640625 0.035369873046875
0.0108823776245117 -0.016077995300293 -0.206619262695313 -0.250961303710938
0.0218486785888672 0.000499725341796875 0.08880615234375 -0.491119384765625
0.0244903564453125 0.0157871246337891 0.5692138671875 -0.4041748046875
-0.0133113861083984 -0.000677108764648435 0.76556396484375 0.27581787109375
-0.0395431518554688 -0.0473213195800781 0.25762939453125 0.90203857421875
0.0238590240478516 -0.0131206512451172 -0.35296630859375 0.67877197265625
0.0684890747070313 0.00574111938476563 0.0558967590332031 0.0468330383300781
0.028778076171875 -0.0372543334960938 0.427001953125 -0.713134765625
-0.0117263793945313 -0.0381317138671875 -0.31622314453125 -0.946533203125
-0.0137367248535156 -0.00850296020507813 -0.82647705078125 -0.1182861328125
0.0165500640869141 0.0119476318359375 -0.41357421875 0.4998779296875
0.0217857360839844 0.00542068481445313 0.043548583984375 0.50311279296875
-0.000448226928710939 -0.0123081207275391 0.307647705078125 0.202545166015625
0.0322494506835938 0.00127410888671875 0.28192138671875 -0.0716552734375
0.0209827423095703 0.00372505187988281 -0.254684448242188 0.0363311767578125
0.0100193023681641 -0.0205268859863281 -0.207916259765625 -0.252395629882812
0.0265541076660156 -0.00728225708007813 0.08502197265625 -0.4891357421875
0.0337562561035156 0.0128517150878906 0.56719970703125 -0.4041748046875
-0.00621747970581055 0.00647592544555664 0.7664794921875 0.27581787109375
-0.0392227172851563 -0.0421409606933594 0.26171875 0.90545654296875
0.0205364227294922 -0.0131282806396484 -0.3521728515625 0.67999267578125
0.0649681091308594 0.003265380859375 0.0572891235351563 0.0473518371582031
0.0270118713378906 -0.0351905822753906 0.42877197265625 -0.712158203125
-0.00888442993164063 -0.0331668853759766 -0.3148193359375 -0.94354248046875
-0.00236201286315918 -0.00164127349853516 -0.8233642578125 -0.11468505859375
0.0270004272460938 0.00596809387207031 -0.413665771484375 0.499481201171875
0.0266170501708984 -0.00346946716308594 0.0428466796875 0.50311279296875
-0.00320053100585938 -0.0209369659423828 0.30340576171875 0.20538330078125
0.0278778076171875 0.00435447692871094 0.280929565429688 -0.072479248046875
0.0153017044067383 0.00571918487548828 -0.260986328125 0.0326385498046875
0.0116710662841797 -0.0271701812744141 -0.2132568359375 -0.252914428710938
0.0300369262695313 -0.0137901306152344 0.076629638671875 -0.491424560546875
0.0429649353027344 0.0127830505371094 0.5634765625 -0.40753173828125
0.00391101837158203 0.0105686187744141 0.76861572265625 0.26568603515625
-0.037078857421875 -0.0341987609863281 0.27349853515625 0.9012451171875
0.0167646408081055 -0.0106649398803711 -0.344482421875 0.6829833984375
0.0648536682128906 0.0008697509765625 0.0602912902832031 0.0487747192382813
0.0238418579101563 -0.0363273620605469 0.434814453125 -0.70782470703125
-0.00819015502929688 -0.025848388671875 -0.30462646484375 -0.94915771484375
0.00596809387207031 0.00375461578369141 -0.82452392578125 -0.12408447265625
0.0363922119140625 0.00380706787109375 -0.4202880859375 0.49835205078125
0.0297012329101563 -0.00725555419921875 0.034942626953125 0.504547119140625
-0.00400924682617187 -0.0267772674560547 0.29632568359375 0.204803466796875
0.0266323089599609 0.00266456604003906 0.280075073242188 -0.073577880859375
0.0296821594238281 0.00412750244140625 -0.285858154296875 0.029205322265625
0.0114727020263672 -0.00816249847412109 -0.247390747070312 -0.250961303710938
0.0102958679199219 0.0135650634765625 0.036285400390625 -0.509429931640625
0.00720787048339844 0.0245399475097656 0.519866943359375 -0.462432861328125
-0.0260791778564453 0.00159835815429687 0.7674560546875 0.1900634765625
-0.0390510559082031 -0.044830322265625 0.31463623046875 0.8487548828125
0.0353965759277344 -0.00742340087890625 -0.30615234375 0.68084716796875
0.0765838623046875 0.0177383422851562 0.0646171569824219 0.0573158264160156
0.0434684753417969 -0.0285797119140625 0.48358154296875 -0.6962890625
-0.00726699829101562 -0.0404434204101563 -0.2413330078125 -0.992919921875
-0.0288105010986328 -0.00959396362304687 -0.827392578125 -0.20086669921875
-0.00322532653808594 0.0230770111083984 -0.46270751953125 0.4515380859375
0.0103368759155273 0.0163431167602539 0.001678466796875 0.483978271484375
7.39097595214844E-05 -0.00412130355834961 0.276580810546875 0.200729370117187
0.0357856750488281 0.0022125244140625 0.263046264648438 -0.08612060546875
0.0320796966552734 0.00319862365722656 -0.27777099609375 0.0332183837890626
0.0116252899169922 -0.00514793395996094 -0.236236572265625 -0.252044677734375
0.00925159454345703 0.0156364440917969 0.04815673828125 -0.506805419921875
0.00279808044433594 0.0255947113037109 0.532073974609375 -0.451202392578125
-0.0298061370849609 -0.00171089172363282 0.76519775390625 0.207763671875
-0.0398139953613281 -0.0510101318359375 0.29925537109375 0.85858154296875
0.0368499755859375 -0.00857925415039063 -0.31951904296875 0.6776123046875
0.0764312744140625 0.0169525146484375 0.0593719482421875 0.0558738708496094
0.0428848266601563 -0.0296478271484375 0.4705810546875 -0.6993408203125
-0.00925445556640625 -0.0458984375 -0.2637939453125 -0.978759765625
-0.0332794189453125 -0.0129489898681641 -0.82830810546875 -0.18170166015625
-0.006591796875 0.0222854614257813 -0.450469970703125 0.461822509765625
0.00928878784179688 0.0179214477539062 0.01519775390625 0.486419677734375
0.000683188438415527 -0.00142383575439453 0.285400390625 0.201263427734375
0.0377693176269531 0.00247573852539063 0.268753051757813 -0.0828857421875
0.0314292907714844 0.00211715698242188 -0.269912719726563 0.0336456298828125
0.0107593536376953 -0.00466537475585938 -0.225296020507812 -0.250198364257813
0.0100984573364258 0.0171079635620117 0.062469482421875 -0.500213623046875
0.00348663330078125 0.0254859924316406 0.54364013671875 -0.43603515625
-0.0303630828857422 -0.00702476501464844 0.76190185546875 0.22918701171875
-0.0411567687988281 -0.053741455078125 0.28057861328125 0.8721923828125
0.0350418090820313 -0.0087738037109375 -0.33428955078125 0.67645263671875
0.0735702514648437 0.0182418823242187 0.0565948486328125 0.0508079528808594
0.0407943725585938 -0.0310897827148437 0.4571533203125 -0.7039794921875
-0.0125732421875 -0.0489921569824219 -0.27850341796875 -0.968017578125
-0.0334854125976563 -0.0130615234375 -0.82525634765625 -0.16265869140625
-0.00560760498046875 0.0218944549560547 -0.4390869140625 0.4713134765625
0.0100193023681641 0.0179538726806641 0.02606201171875 0.487884521484375
0.000824689865112305 -0.00152194499969482 0.295562744140625 0.200439453125
0.0379409790039063 0.002105712890625 0.274154663085938 -0.0792694091796875
0.0328235626220703 0.00206184387207031 -0.263504028320313 0.0354766845703125
0.0109262466430664 -0.00529289245605469 -0.21710205078125 -0.250259399414063
0.0135898590087891 0.0141916275024414 0.07574462890625 -0.4986572265625
0.00667190551757812 0.0211925506591797 0.554473876953125 -0.422454833984375
-0.0277137756347656 -0.00690460205078125 0.76611328125 0.251220703125
-0.0393753051757813 -0.0525856018066406 0.26934814453125 0.88543701171875
0.0323009490966797 -0.0111770629882813 -0.34368896484375 0.6754150390625
0.073577880859375 0.0135879516601563 0.0559844970703125 0.0485000610351563
0.0372772216796875 -0.0327682495117188 0.4410400390625 -0.70770263671875
-0.0125045776367187 -0.0473670959472656 -0.297607421875 -0.9583740234375
-0.0300254821777344 -0.0140438079833984 -0.8251953125 -0.14306640625
-0.000736236572265626 0.0201148986816406 -0.4241943359375 0.483795166015625
0.0123891830444336 0.0149593353271484 0.0369873046875 0.49725341796875
-0.000978946685791016 -0.00353765487670898 0.30035400390625 0.201812744140625
0.0378227233886719 0.0013275146484375 0.2779541015625 -0.076568603515625
0.02923583984375 0.00377273559570313 -0.257354736328125 0.0362548828125
0.010711669921875 -0.00971794128417969 -0.209716796875 -0.249862670898438
0.0173149108886719 0.00853919982910156 0.08380126953125 -0.492919921875
0.0149078369140625 0.0187187194824219 0.56219482421875 -0.41168212890625
-0.0213775634765625 -0.00315475463867188 0.76263427734375 0.2645263671875
-0.0395050048828125 -0.0508308410644531 0.259033203125 0.89508056640625
0.0287189483642578 -0.0113563537597656 -0.3521728515625 0.67449951171875
0.0714111328125 0.0108108520507813 0.0532951354980469 0.0480232238769531
0.0347938537597656 -0.0346393585205078 0.43243408203125 -0.71026611328125
-0.0128593444824219 -0.0428657531738281 -0.31060791015625 -0.9493408203125
-0.0240249633789062 -0.0103302001953125 -0.823486328125 -0.12445068359375
0.0077505111694336 0.0140647888183594 -0.4176025390625 0.494293212890625
0.0162153244018555 0.0125703811645508 0.043792724609375 0.49798583984375
0.000710010528564454 -0.00743436813354492 0.306549072265625 0.2020263671875
0.0344371795654297 0.00041961669921875 0.28192138671875 -0.074188232421875
0.0256996154785156 0.00302505493164063 -0.254486083984375 0.0375518798828126
0.0113658905029297 -0.0138826370239258 -0.20526123046875 -0.248855590820313
0.0226802825927734 0.00355720520019531 0.088226318359375 -0.492767333984375
0.0257911682128906 0.0156154632568359 0.5673828125 -0.4044189453125
-0.0146207809448242 -0.00239372253417969 0.76171875 0.275390625
-0.0395660400390625 -0.0464248657226563 0.25531005859375 0.90240478515625
0.0255527496337891 -0.0126838684082031 -0.35394287109375 0.67584228515625
0.067352294921875 0.0061187744140625 0.0540313720703125 0.045623779296875
0.0311012268066406 -0.0356025695800781 0.42779541015625 -0.71038818359375
-0.0127143859863281 -0.0369834899902344 -0.3143310546875 -0.94268798828125
-0.014897346496582 -0.00759124755859375 -0.822509765625 -0.11651611328125
0.0171051025390625 0.0113201141357422 -0.412109375 0.499237060546875
0.02197265625 0.00477218627929688 0.04559326171875 0.50146484375
-0.00207996368408203 -0.012965202331543 0.306793212890625 0.200714111328125
0.0324192047119141 0.00175857543945313 0.28192138671875 -0.0723876953125
0.0201663970947266 0.00310897827148438 -0.255157470703125 0.035888671875
0.0120429992675781 -0.02008056640625 -0.207717895507812 -0.249725341796875
0.0276241302490234 -0.0069427490234375 0.084991455078125 -0.490570068359375
0.0344505310058594 0.0132541656494141 0.5654296875 -0.402587890625
-0.00301027297973633 0.00438737869262695 0.7647705078125 0.27532958984375
-0.0386619567871094 -0.0413436889648438 0.25872802734375 0.90277099609375
0.0197544097900391 -0.0120964050292969 -0.35235595703125 0.67779541015625
0.0644760131835938 0.00284576416015625 0.0578994750976563 0.0477790832519531
0.0259666442871094 -0.034454345703125 0.4285888671875 -0.70880126953125
-0.0101795196533203 -0.0322208404541016 -0.3138427734375 -0.9417724609375
-0.00438952445983887 -0.00348496437072754 -0.8211669921875 -0.1163330078125
0.0261917114257813 0.00631141662597656 -0.4127197265625 0.50067138671875
0.0253105163574219 -0.00122451782226563 0.043304443359375 0.502593994140625
-0.00201416015625 -0.0193977355957031 0.30267333984375 0.2015380859375
0.0279788970947266 0.00150108337402344 0.282684326171875 -0.0728759765625
0.0150718688964844 0.00254440307617188 -0.259048461914063 0.03485107421875
0.0114288330078125 -0.0265693664550781 -0.21331787109375 -0.251846313476563
0.0307769775390625 -0.0143165588378906 0.074249267578125 -0.490692138671875
0.0437965393066406 0.012237548828125 0.5594482421875 -0.407196044921875
0.00410938262939453 0.00978946685791016 0.76605224609375 0.26776123046875
-0.0367240905761719 -0.0338859558105469 0.26885986328125 0.89874267578125
0.0175609588623047 -0.0118608474731445 -0.344970703125 0.677734375
0.0639610290527344 -0.000385284423828125 0.058441162109375 0.048828125
0.0235633850097656 -0.0345077514648438 0.436767578125 -0.705322265625
-0.00730323791503907 -0.0257301330566406 -0.30340576171875 -0.94659423828125
0.00504732131958008 0.00254583358764648 -0.82086181640625 -0.1224365234375
0.0348854064941406 0.00447654724121094 -0.420318603515625 0.49908447265625
0.0284156799316406 -0.00738716125488281 0.0350341796875 0.504791259765625
-0.000896453857421874 -0.0251579284667969 0.29754638671875 0.2042236328125
0.0236492156982422 0.00272560119628906 0.280654907226563 -0.0741119384765625
0.0307502746582031 0.000654220581054687 -0.285919189453125 0.0308532714843751
0.00965690612792969 -0.00778102874755859 -0.248504638671875 -0.250747680664062
0.0100297927856445 0.0130825042724609 0.0352783203125 -0.50848388671875
0.00569725036621093 0.0252933502197266 0.51983642578125 -0.46533203125
-0.0262565612792969 0.00122261047363281 0.7655029296875 0.19195556640625
-0.0386161804199219 -0.0460014343261719 0.31427001953125 0.84912109375
0.03582763671875 -0.006866455078125 -0.30938720703125 0.677978515625
0.0770721435546875 0.0175933837890625 0.06146240234375 0.0567054748535156
0.0442581176757813 -0.0269088745117188 0.48541259765625 -0.69451904296875
-0.00811386108398437 -0.0395622253417969 -0.2430419921875 -0.99298095703125
-0.0286083221435547 -0.00818252563476563 -0.825927734375 -0.2001953125
-0.00306892395019531 0.0223598480224609 -0.46337890625 0.452545166015625
0.00900745391845703 0.0172138214111328 0.00253295898437504 0.484039306640625
-0.000927686691284179 -0.00392794609069824 0.276626586914063 0.199432373046875
0.0363845825195313 0.0008392333984375 0.262405395507813 -0.0855255126953125
0.032806396484375 0.00169754028320313 -0.277023315429687 0.0343017578124999
0.0127811431884766 -0.00454998016357422 -0.23779296875 -0.250564575195313
0.00984096527099609 0.0161457061767578 0.047607421875 -0.50592041015625
0.00239944458007813 0.0259208679199219 0.530670166015625 -0.45172119140625
-0.030120849609375 -0.00225639343261718 0.76190185546875 0.2098388671875
-0.0398178100585937 -0.0495567321777344 0.2969970703125 0.85858154296875
0.0357818603515625 -0.00888442993164063 -0.32244873046875 0.67633056640625
0.0778045654296875 0.0172958374023438 0.05816650390625 0.0550956726074219
0.0433731079101563 -0.0291862487792969 0.47137451171875 -0.69854736328125
-0.00978469848632813 -0.0451011657714844 -0.26123046875 -0.98004150390625
-0.0348968505859375 -0.0139369964599609 -0.82501220703125 -0.18377685546875
-0.00700187683105469 0.0231094360351563 -0.451171875 0.462005615234375
0.00789451599121094 0.0196018218994141 0.0162353515625 0.485107421875
0.000576972961425781 -0.00200271606445313 0.2872314453125 0.20086669921875
0.0390625 0.000675201416015625 0.269424438476563 -0.0836944580078125
0.0313224792480469 0.00169754028320313 -0.269134521484375 0.03607177734375
0.011347770690918 -0.00466537475585938 -0.226104736328125 -0.249862670898438
0.0106134414672852 0.0175466537475586 0.06243896484375 -0.5015869140625
0.00316047668457031 0.0240440368652344 0.542572021484375 -0.436309814453125
-0.0323200225830078 -0.00686836242675781 0.76043701171875 0.23162841796875
-0.0419044494628906 -0.0534744262695312 0.2777099609375 0.87237548828125
0.0343456268310547 -0.00900840759277344 -0.33489990234375 0.67376708984375
0.0734405517578125 0.0181427001953125 0.0560073852539063 0.0510482788085938
0.0406684875488281 -0.0292816162109375 0.45880126953125 -0.702392578125
-0.0125045776367187 -0.0471687316894531 -0.27386474609375 -0.97003173828125
-0.0333213806152344 -0.0147533416748047 -0.823486328125 -0.160888671875
-0.00583267211914063 0.021240234375 -0.439056396484375 0.4718017578125
0.009918212890625 0.0189685821533203 0.029754638671875 0.4901123046875
-0.000234037637710571 -0.000486254692077637 0.29705810546875 0.199859619140625
0.0378074645996094 0.0007476806640625 0.2735595703125 -0.0807952880859375
0.0323619842529297 0.00263595581054688 -0.262130737304688 0.0358123779296875
0.0121660232543945 -0.00532245635986328 -0.216049194335938 -0.250259399414062
0.0159473419189453 0.012690544128418 0.075042724609375 -0.498687744140625
0.0069580078125 0.0197544097900391 0.553192138671875 -0.420257568359375
-0.0279979705810547 -0.0050811767578125 0.76129150390625 0.25146484375
-0.039947509765625 -0.0528373718261719 0.26806640625 0.884521484375
0.0309715270996094 -0.0101566314697266 -0.346923828125 0.67388916015625
0.0711593627929688 0.0138473510742188 0.0546875 0.0490379333496094
0.0382194519042969 -0.0318527221679688 0.4417724609375 -0.7061767578125
-0.0115699768066406 -0.0460624694824219 -0.29571533203125 -0.956787109375
-0.0321083068847656 -0.0135669708251953 -0.82464599609375 -0.1422119140625
-0.000696182250976561 0.0177478790283203 -0.4259033203125 0.485198974609375
0.0130529403686523 0.0156736373901367 0.038482666015625 0.494140625
-0.00022733211517334 -0.00206553936004639 0.30291748046875 0.202056884765625
0.038421630859375 0.000682830810546875 0.27789306640625 -0.076812744140625
0.02935791015625 0.00279808044433594 -0.257888793945312 0.0387420654296875
0.0118465423583984 -0.00868320465087891 -0.208892822265625 -0.250167846679687
0.0170621871948242 0.00856590270996094 0.082916259765625 -0.493988037109375
0.0134220123291016 0.0173206329345703 0.56219482421875 -0.4112548828125
-0.0232887268066406 -0.00494956970214844 0.75970458984375 0.26519775390625
-0.0384864807128906 -0.0505027770996094 0.25531005859375 0.896728515625
0.0291748046875 -0.0120716094970703 -0.3555908203125 0.673828125
0.0705795288085938 0.0105133056640625 0.0537223815917969 0.0464706420898438
0.0350246429443359 -0.0343303680419922 0.4332275390625 -0.7073974609375
-0.0131263732910156 -0.0437698364257813 -0.30780029296875 -0.947509765625
-0.0233154296875 -0.0101337432861328 -0.82366943359375 -0.12738037109375
0.00695133209228515 0.0161781311035156 -0.417572021484375 0.493804931640625
0.0170297622680664 0.0131988525390625 0.044769287109375 0.49664306640625
-0.0018925666809082 -0.00586128234863281 0.30694580078125 0.199920654296875
0.0350112915039063 0.000211715698242188 0.281463623046875 -0.0736083984375
0.0264663696289062 0.00386238098144531 -0.255126953125 0.0367584228515625
0.0120849609375 -0.0154304504394531 -0.2047119140625 -0.250167846679688
0.0236186981201172 0.00123786926269531 0.0874633789062499 -0.492279052734375
0.0240669250488281 0.0142974853515625 0.56622314453125 -0.40411376953125
-0.0165958404541016 -0.000919342041015623 0.75921630859375 0.2752685546875
-0.0379753112792969 -0.0456008911132812 0.2540283203125 0.8995361328125
0.0240554809570312 -0.011962890625 -0.35711669921875 0.67364501953125
0.0668373107910156 0.0069122314453125 0.0551795959472656 0.0447158813476563
0.0293750762939453 -0.0344657897949219 0.42889404296875 -0.708984375
-0.0112152099609375 -0.0372428894042969 -0.31451416015625 -0.94586181640625
-0.0143537521362305 -0.00741767883300781 -0.8223876953125 -0.1180419921875
0.0156469345092773 0.011993408203125 -0.41168212890625 0.50030517578125
0.0223140716552734 0.00640678405761719 0.045623779296875 0.501007080078125
-0.00129127502441406 -0.0115165710449219 0.3082275390625 0.20123291015625
0.0329074859619141 0.000690460205078125 0.281036376953125 -0.0731658935546875
0.0210781097412109 0.00333404541015625 -0.25531005859375 0.0371856689453126
0.013275146484375 -0.0207099914550781 -0.208709716796875 -0.250198364257812
0.0269050598144531 -0.00577735900878906 0.082733154296875 -0.49029541015625
0.0336017608642578 0.0120277404785156 0.564453125 -0.4041748046875
-0.00721502304077149 0.0031585693359375 0.76031494140625 0.2750244140625
-0.0376014709472656 -0.0399513244628906 0.2559814453125 0.90301513671875
0.0224933624267578 -0.0114727020263672 -0.35516357421875 0.6759033203125
0.0645675659179688 0.00218963623046875 0.0563087463378906 0.0473480224609375
0.02667236328125 -0.0348148345947266 0.42803955078125 -0.70880126953125
-0.009307861328125 -0.0325241088867188 -0.3125 -0.94122314453125
-0.0048060417175293 -0.00241231918334961 -0.81903076171875 -0.11700439453125
0.02484130859375 0.00615310668945312 -0.41461181640625 0.50042724609375
0.0245399475097656 -0.00152587890625 0.041534423828125 0.504180908203125
-0.00255393981933594 -0.0183086395263672 0.30322265625 0.20245361328125
0.0282802581787109 0.00175285339355469 0.281341552734375 -0.072296142578125
0.0166721343994141 0.00385570526123047 -0.260009765625 0.0352935791015625
0.01129150390625 -0.0284194946289063 -0.21484375 -0.25030517578125
0.0310401916503906 -0.0128402709960938 0.074249267578125 -0.490264892578125
0.0441093444824219 0.01080322265625 0.559722900390625 -0.40972900390625
0.00386619567871094 0.00910758972167969 0.76568603515625 0.2672119140625
-0.0351829528808594 -0.0324058532714844 0.26568603515625 0.89630126953125
0.0180454254150391 -0.0120697021484375 -0.3455810546875 0.6778564453125
0.0637168884277344 -0.00035858154296875 0.0588798522949219 0.0494461059570313
0.0245952606201172 -0.0346698760986328 0.43798828125 -0.70440673828125
-0.00701713562011719 -0.0250263214111328 -0.29901123046875 -0.94635009765625
0.00540256500244141 0.00136756896972656 -0.820068359375 -0.12139892578125
0.0338287353515625 0.00334548950195312 -0.419708251953125 0.496551513671875
0.0289897918701172 -0.00699615478515625 0.03436279296875 0.50335693359375
-0.00366020202636719 -0.024932861328125 0.298248291015625 0.203094482421875
0.0253276824951172 0.002685546875 0.279556274414063 -0.073028564453125
0.0322685241699219 0.00057220458984375 -0.2879638671875 0.030242919921875
0.0103225708007813 -0.00630474090576172 -0.24853515625 -0.252304077148438
0.00881481170654297 0.0122718811035156 0.033843994140625 -0.5107421875
0.00659561157226562 0.0236072540283203 0.51824951171875 -0.462158203125
-0.0270767211914063 0.00114059448242188 0.7620849609375 0.19146728515625
-0.0384025573730469 -0.0437278747558594 0.3094482421875 0.847900390625
0.0366020202636719 -0.00639724731445313 -0.31097412109375 0.678466796875
0.0760726928710938 0.018280029296875 0.0614471435546875 0.0581474304199219
0.0441932678222656 -0.0253829956054688 0.487548828125 -0.6947021484375
-0.0072784423828125 -0.039642333984375 -0.23956298828125 -0.99212646484375
-0.0309047698974609 -0.0108413696289063 -0.825927734375 -0.20330810546875
-0.00495147705078125 0.0208454132080078 -0.464141845703125 0.4527587890625
0.00946617126464844 0.0177745819091797 0.00360107421874995 0.484527587890625
-0.000184297561645508 -0.00374722480773926 0.278610229492188 0.199920654296875
0.0379524230957031 0.00202178955078125 0.264129638671875 -0.0846099853515625
0.03466796875 0.00286102294921875 -0.279373168945313 0.03369140625
0.0126733779907227 -0.00428676605224609 -0.238845825195313 -0.250198364257812
0.010350227355957 0.01611328125 0.04718017578125 -0.506591796875
0.00254440307617187 0.0254325866699219 0.531585693359375 -0.451019287109375
-0.0311508178710938 -0.00252723693847656 0.76129150390625 0.2125244140625
-0.0382499694824219 -0.0488739013671875 0.29620361328125 0.8592529296875
0.0363616943359375 -0.00879669189453125 -0.32354736328125 0.6766357421875
0.0764694213867188 0.0169754028320313 0.0577774047851563 0.0545196533203125
0.0436859130859375 -0.0287857055664062 0.4715576171875 -0.69720458984375
-0.00933837890625 -0.0462913513183594 -0.25958251953125 -0.9810791015625
-0.0347766876220703 -0.0137062072753906 -0.8270263671875 -0.1822509765625
-0.00690269470214844 0.0209407806396484 -0.4490966796875 0.461456298828125
0.00872993469238282 0.0206108093261719 0.016326904296875 0.48583984375
-0.00173294544219971 -0.00171482563018799 0.286773681640625 0.199737548828125
0.0397758483886719 -8.392333984375E-05 0.270050048828125 -0.0830535888671875
0.0327186584472656 0.00146675109863281 -0.271026611328125 0.0365753173828125
0.0121126174926758 -0.00338363647460937 -0.227920532226563 -0.249008178710938
0.0101737976074219 0.0160160064697266 0.061676025390625 -0.5013427734375
0.00422096252441406 0.0232124328613281 0.543670654296875 -0.4376220703125
-0.0310611724853516 -0.00561714172363281 0.75933837890625 0.22930908203125
-0.0380363464355469 -0.0518417358398438 0.27435302734375 0.87091064453125
0.0353775024414062 -0.00822067260742187 -0.337158203125 0.6751708984375
0.0739593505859375 0.0165023803710938 0.0554542541503906 0.0521392822265625
0.0395927429199219 -0.0306777954101563 0.461181640625 -0.69989013671875
-0.0126838684082031 -0.0475196838378906 -0.2747802734375 -0.97119140625
-0.0356025695800781 -0.0145492553710937 -0.82354736328125 -0.16375732421875
-0.00415229797363281 0.0190773010253906 -0.438568115234375 0.473663330078125
0.00875091552734375 0.0189704895019531 0.02960205078125 0.490936279296875
0.000196069478988647 -7.90953636169434E-05 0.2987060546875 0.198822021484375
0.0373458862304688 0.00078582763671875 0.27484130859375 -0.08184814453125
0.0319118499755859 -9.5367431640625E-06 -0.264755249023438 0.035491943359375
0.0111284255981445 -0.00415611267089844 -0.215499877929688 -0.251144409179687
0.0140619277954102 0.013554573059082 0.0735168457031249 -0.49908447265625
0.00505256652832031 0.0198078155517578 0.552093505859375 -0.422332763671875
-0.0321178436279297 -0.006011962890625 0.7589111328125 0.253173828125
-0.0387687683105469 -0.0531196594238281 0.26397705078125 0.8868408203125
0.0324478149414063 -0.0116081237792969 -0.34942626953125 0.6722412109375
0.0724945068359375 0.0149917602539063 0.0544967651367188 0.0481719970703125
0.037933349609375 -0.0317916870117187 0.44281005859375 -0.70623779296875
-0.0129051208496094 -0.0451927185058594 -0.29339599609375 -0.9620361328125
-0.0316333770751953 -0.0139026641845703 -0.824462890625 -0.14447021484375
-0.000274658203124999 0.0191154479980469 -0.426116943359375 0.485382080078125
0.0112190246582031 0.0160818099975586 0.03759765625 0.49591064453125
-0.00165641307830811 -0.000571012496948242 0.30279541015625 0.200164794921875
0.0367164611816406 -0.00258255004882812 0.278030395507813 -0.0758819580078125
0.0294532775878906 0.00300216674804688 -0.258636474609375 0.0374908447265626
0.0114898681640625 -0.00820255279541015 -0.210906982421875 -0.249191284179687
0.0184650421142578 0.00946998596191406 0.082275390625 -0.496551513671875
0.0126361846923828 0.0177326202392578 0.561187744140625 -0.4107666015625
-0.0224266052246094 -0.00595855712890626 0.75830078125 0.267822265625
-0.0382728576660156 -0.0516586303710938 0.25335693359375 0.8958740234375
0.0291290283203125 -0.011077880859375 -0.3568115234375 0.672119140625
0.070953369140625 0.01141357421875 0.0526161193847656 0.0456886291503906
0.0336666107177734 -0.0339984893798828 0.4361572265625 -0.7061767578125
-0.0129585266113281 -0.0426483154296875 -0.30712890625 -0.951904296875
-0.0247783660888672 -0.0107975006103516 -0.8231201171875 -0.12689208984375
0.00592517852783203 0.0151147842407227 -0.4161376953125 0.495208740234375
0.0174236297607422 0.0116071701049805 0.043121337890625 0.497894287109375
-0.000693321228027344 -0.00559473037719726 0.307891845703125 0.19921875
0.0381584167480469 -0.000762939453125 0.282318115234375 -0.075408935546875
0.0266895294189453 0.00253868103027344 -0.255950927734375 0.0379486083984376
0.0114755630493164 -0.0136680603027344 -0.206161499023437 -0.249649047851563
0.0251483917236328 0.00282669067382813 0.0858154296875 -0.49102783203125
0.0241317749023438 0.0135517120361328 0.56591796875 -0.4051513671875
-0.0155906677246094 0.000520706176757813 0.7591552734375 0.275390625
-0.0376663208007813 -0.0452194213867187 0.2508544921875 0.9013671875
0.0254878997802734 -0.0119781494140625 -0.3597412109375 0.6734619140625
0.0672187805175781 0.00685501098632813 0.0545234680175781 0.0464553833007813
0.0305976867675781 -0.0351791381835938 0.428466796875 -0.71002197265625
-0.0108642578125 -0.0362739562988281 -0.31207275390625 -0.94525146484375
-0.0154924392700195 -0.00671005249023438 -0.822998046875 -0.1201171875
0.0165891647338867 0.0126352310180664 -0.41217041015625 0.498870849609375
0.02081298828125 0.00712013244628906 0.0477294921875 0.50164794921875
-0.000552177429199219 -0.0102615356445312 0.308319091796875 0.20013427734375
0.0333118438720703 0.00049591064453125 0.281646728515625 -0.07330322265625
0.0221309661865234 0.00353240966796875 -0.255233764648438 0.0351715087890625
0.0120773315429687 -0.0214862823486328 -0.209442138671875 -0.249786376953125
0.0282535552978516 -0.00633621215820313 0.08123779296875 -0.492401123046875
0.0332870483398438 0.0130176544189453 0.56439208984375 -0.40435791015625
-0.00636434555053711 0.00316715240478516 0.7596435546875 0.275146484375
-0.0363807678222656 -0.0391998291015625 0.25439453125 0.9041748046875
0.0216751098632813 -0.0099029541015625 -0.35577392578125 0.67352294921875
0.0656776428222656 0.0016021728515625 0.0570487976074219 0.0470504760742188
0.0276546478271484 -0.0343551635742187 0.43157958984375 -0.7083740234375
-0.00897789001464843 -0.0311107635498047 -0.30987548828125 -0.9443359375
-0.0057830810546875 -0.00332975387573242 -0.8216552734375 -0.11749267578125
0.0263805389404297 0.00578880310058594 -0.4124755859375 0.5015869140625
0.0246849060058594 -0.00260543823242188 0.0435485839843749 0.50396728515625
-0.00230884552001953 -0.017486572265625 0.305084228515625 0.200531005859375
0.0283260345458984 -0.000776290893554688 0.283203125 -0.073028564453125
0.0161685943603516 0.00395679473876953 -0.259445190429688 0.03485107421875
0.0117225646972656 -0.0260772705078125 -0.215179443359375 -0.251907348632812
0.0315532684326172 -0.0136737823486328 0.072296142578125 -0.492767333984375
0.0442047119140625 0.0121002197265625 0.559326171875 -0.408477783203125
0.0043792724609375 0.0102415084838867 0.76318359375 0.26629638671875
-0.0341472625732422 -0.0325241088867187 0.265869140625 0.89984130859375
0.0191173553466797 -0.0111885070800781 -0.34747314453125 0.67584228515625
0.0635452270507813 -0.00042724609375 0.0581169128417969 0.0494728088378906
0.0234775543212891 -0.0341243743896484 0.437744140625 -0.7034912109375
-0.00719642639160156 -0.0243263244628906 -0.29949951171875 -0.94805908203125
0.00595903396606445 0.00109100341796875 -0.82110595703125 -0.12432861328125
0.0330410003662109 0.00207901000976563 -0.419281005859375 0.49725341796875
0.0284843444824219 -0.00720787048339844 0.035888671875 0.5050048828125
-0.00256729125976563 -0.0235767364501953 0.299591064453125 0.2022705078125
0.0264739990234375 -0.000158309936523438 0.280014038085938 -0.0754852294921875
0.0325832366943359 0.00282859802246094 -0.287445068359375 0.032012939453125
0.0114030838012695 -0.00675487518310547 -0.250289916992188 -0.251296997070312
0.0101490020751953 0.0124931335449219 0.03277587890625 -0.511688232421875
0.0035247802734375 0.0260066986083984 0.519500732421875 -0.466278076171875
-0.0268783569335938 0.00211334228515624 0.7630615234375 0.19195556640625
-0.03753662109375 -0.0431671142578125 0.308837890625 0.85174560546875
0.0369987487792969 -0.00695037841796875 -0.31353759765625 0.67987060546875
0.0759048461914063 0.0176315307617188 0.06201171875 0.0601387023925781
0.0433998107910156 -0.0235862731933594 0.48834228515625 -0.6943359375
-0.00713348388671875 -0.038787841796875 -0.23846435546875 -0.99554443359375
-0.0316505432128906 -0.0106487274169922 -0.83099365234375 -0.20355224609375
-0.0040740966796875 0.021697998046875 -0.463287353515625 0.4532470703125
0.0113162994384766 0.0167770385742188 0.00219726562499998 0.483978271484375
-0.0013434886932373 -0.00289034843444824 0.28118896484375 0.1982421875
0.0390167236328125 -0.000537872314453125 0.265716552734375 -0.08673095703125
0.0347366333007813 0.000942230224609375 -0.279754638671875 0.0337677001953125
0.0110912322998047 -0.00404739379882813 -0.238128662109375 -0.250778198242188
0.00988197326660156 0.0179767608642578 0.0451049804687499 -0.509552001953125
0.001129150390625 0.0229358673095703 0.5308837890625 -0.45220947265625
-0.0319290161132813 -0.00113296508789062 0.76263427734375 0.2091064453125
-0.0384101867675781 -0.0482025146484375 0.294677734375 0.86322021484375
0.0372047424316406 -0.00826644897460938 -0.32647705078125 0.67633056640625
0.0759811401367188 0.0187835693359375 0.0574073791503906 0.0562858581542969
0.043304443359375 -0.0296707153320313 0.4749755859375 -0.698486328125
-0.007476806640625 -0.0444450378417969 -0.25872802734375 -0.98443603515625
-0.0355682373046875 -0.0125045776367188 -0.82916259765625 -0.18499755859375
-0.00730133056640625 0.0204753875732422 -0.452789306640625 0.46441650390625
0.00771522521972656 0.0201549530029297 0.017242431640625 0.487396240234375
0.000700950622558594 -0.00104498863220215 0.29144287109375 0.197174072265625
0.0381622314453125 -0.00142669677734375 0.270050048828125 -0.084442138671875
0.0334300994873047 0.00183868408203125 -0.271820068359375 0.0369415283203125
0.0106840133666992 -0.00407028198242188 -0.2276611328125 -0.249710083007813
0.0104694366455078 0.0158958435058594 0.059814453125 -0.503143310546875
0.00231170654296875 0.0224590301513672 0.54266357421875 -0.43853759765625
-0.0318431854248047 -0.00667572021484375 0.75909423828125 0.230712890625
-0.0402908325195313 -0.0536613464355469 0.2730712890625 0.872314453125
0.0345993041992188 -0.00983428955078125 -0.3408203125 0.67529296875
0.0759429931640625 0.0183181762695313 0.05438232421875 0.0520286560058594
0.0415496826171875 -0.0302848815917969 0.463134765625 -0.70135498046875
-0.0101280212402344 -0.0462455749511719 -0.27587890625 -0.97259521484375
-0.0356597900390625 -0.0148506164550781 -0.8282470703125 -0.166015625
-0.00766944885253906 0.0205421447753906 -0.44012451171875 0.4757080078125
0.00889396667480469 0.0181026458740234 0.028717041015625 0.492340087890625
-0.000201940536499023 -0.000627756118774414 0.30145263671875 0.19732666015625
0.036468505859375 -0.00112533569335938 0.276123046875 -0.0818328857421875
0.0329132080078125 0.00288772583007813 -0.265579223632813 0.035247802734375
0.0116415023803711 -0.00464630126953125 -0.217117309570313 -0.251861572265625
0.013575553894043 0.0141201019287109 0.071685791015625 -0.5008544921875
0.00708580017089844 0.0185317993164063 0.554718017578125 -0.424652099609375
-0.0295982360839844 -0.00448799133300781 0.76031494140625 0.2525634765625
-0.0418128967285156 -0.0517921447753906 0.26446533203125 0.88702392578125
0.0331001281738281 -0.0102443695068359 -0.3489990234375 0.67376708984375
0.071197509765625 0.0167312622070313 0.0532722473144531 0.0493087768554688
0.0397300720214844 -0.03131103515625 0.44561767578125 -0.7081298828125
-0.0114936828613281 -0.0437278747558594 -0.29571533203125 -0.96240234375
-0.0326900482177734 -0.0134391784667969 -0.8270263671875 -0.144775390625
-0.00250816345214844 0.0177059173583984 -0.427459716796875 0.488006591796875
0.0134611129760742 0.0163135528564453 0.03790283203125 0.4964599609375
-0.00102049112319946 0.000551104545593262 0.305084228515625 0.197906494140625
0.0372314453125 -0.002777099609375 0.279708862304688 -0.0777435302734375
0.0304946899414062 0.00203323364257812 -0.259048461914063 0.038360595703125
0.0125446319580078 -0.00794029235839844 -0.210647583007813 -0.250152587890625
0.0169086456298828 0.0110034942626953 0.07977294921875 -0.49749755859375
0.0136089324951172 0.0180168151855469 0.56298828125 -0.4134521484375
-0.0258941650390625 -0.00474357604980469 0.7591552734375 0.26629638671875
-0.0377159118652344 -0.0492210388183594 0.25189208984375 0.89642333984375
0.0296459197998047 -0.0109672546386719 -0.3575439453125 0.6741943359375
0.0717010498046875 0.009368896484375 0.0530014038085938 0.04681396484375
0.0349445343017578 -0.0342388153076172 0.43499755859375 -0.70751953125
-0.0114212036132813 -0.0405731201171875 -0.30828857421875 -0.95404052734375
-0.0258140563964844 -0.0114326477050781 -0.82806396484375 -0.126708984375
0.00522232055664062 0.0144538879394531 -0.41552734375 0.4947509765625
0.0174131393432617 0.0130586624145508 0.046417236328125 0.499420166015625
-0.000890254974365235 -0.00560760498046875 0.3074951171875 0.199737548828125
0.0341472625732422 -0.00210189819335938 0.282470703125 -0.075836181640625
0.0272941589355469 0.00221443176269531 -0.256668090820313 0.038299560546875
0.0108098983764648 -0.0127658843994141 -0.208023071289063 -0.25048828125
0.0230274200439453 0.00185394287109375 0.0833740234375 -0.493896484375
0.0246410369873047 0.0135993957519531 0.5667724609375 -0.40435791015625
-0.0166769027709961 -0.00106334686279297 0.76007080078125 0.2772216796875
-0.0378570556640625 -0.0455741882324219 0.2490234375 0.90240478515625
0.0256996154785156 -0.0112514495849609 -0.36181640625 0.67333984375
0.0674362182617188 0.00870513916015625 0.0533676147460938 0.0451164245605469
0.0307407379150391 -0.0342121124267578 0.43060302734375 -0.70843505859375
-0.0091094970703125 -0.0392112731933594 -0.3118896484375 -0.94830322265625
-0.015711784362793 -0.00699996948242188 -0.82781982421875 -0.11907958984375
0.0166683197021484 0.00836849212646484 -0.411224365234375 0.502044677734375
0.0207099914550781 0.00611686706542969 0.045684814453125 0.503814697265625
-0.00273609161376953 -0.00962257385253906 0.309112548828125 0.19915771484375
0.0335445404052734 -0.00241851806640625 0.282257080078125 -0.075042724609375
0.0225753784179688 0.00171279907226563 -0.258529663085937 0.037200927734375
0.0129890441894531 -0.0214729309082031 -0.209197998046875 -0.250762939453125
0.0280303955078125 -0.00383186340332031 0.080718994140625 -0.492950439453125
0.0342082977294922 0.013641357421875 0.56219482421875 -0.40582275390625
-0.00442647933959961 0.00345182418823242 0.76007080078125 0.2786865234375
-0.0348663330078125 -0.0369834899902344 0.252685546875 0.906005859375
0.0207748413085938 -0.0109615325927734 -0.359375 0.6739501953125
0.0665321350097656 0.0022735595703125 0.0541229248046875 0.0469474792480469
0.0269107818603516 -0.0346145629882812 0.4334716796875 -0.70843505859375
-0.0076904296875 -0.0289192199707031 -0.3118896484375 -0.947998046875
-0.00532865524291992 -0.00455141067504883 -0.82269287109375 -0.1171875
0.0246734619140625 0.00685501098632812 -0.413970947265625 0.50201416015625
0.0242118835449219 -0.002471923828125 0.042999267578125 0.5067138671875
-0.00240898132324219 -0.0164289474487305 0.307098388671875 0.2010498046875
0.0295372009277344 -0.00023651123046875 0.28466796875 -0.074493408203125
0.0190219879150391 0.00143051147460937 -0.262542724609375 0.0359954833984375
0.0134716033935547 -0.0254764556884766 -0.216598510742187 -0.250991821289063
0.0327625274658203 -0.0133628845214844 0.072662353515625 -0.4927978515625
0.0441017150878906 0.0124740600585938 0.55999755859375 -0.412567138671875
0.00153732299804688 0.00902557373046875 0.76422119140625 0.26898193359375
-0.0341453552246094 -0.0320091247558594 0.26617431640625 0.9034423828125
0.0192356109619141 -0.0115222930908203 -0.35009765625 0.6796875
0.0637664794921875 -0.000255584716796875 0.0580253601074219 0.0493736267089844
0.0252170562744141 -0.0339164733886719 0.44024658203125 -0.70635986328125
-0.00574493408203125 -0.0252437591552734 -0.301513671875 -0.952392578125
0.00336694717407227 0.00210952758789063 -0.8218994140625 -0.12603759765625
0.0337886810302734 0.000705718994140625 -0.421295166015625 0.49981689453125
0.0287857055664063 -0.00760459899902344 0.03704833984375 0.505096435546875
-0.00156021118164063 -0.0235309600830078 0.29913330078125 0.201202392578125
0.0258293151855469 -0.00122642517089844 0.278823852539063 -0.075225830078125
0.0342864990234375 0.0005340576171875 -0.289031982421875 0.032989501953125
0.011164665222168 -0.006683349609375 -0.253921508789063 -0.252349853515625
0.0117645263671875 0.0134077072143555 0.030548095703125 -0.51226806640625
0.00598526000976563 0.0242767333984375 0.520965576171875 -0.469757080078125
-0.0286293029785156 0.00129127502441406 0.76580810546875 0.1927490234375
-0.0363502502441406 -0.0436058044433594 0.31036376953125 0.857666015625
0.0369529724121094 -0.00623703002929688 -0.31475830078125 0.68255615234375
0.0773849487304688 0.0181045532226563 0.0589332580566406 0.0587501525878906
0.0445823669433594 -0.0266456604003906 0.49310302734375 -0.69677734375
-0.00653457641601563 -0.0396232604980469 -0.240234375 -1.00030517578125
-0.0324993133544922 -0.0102806091308594 -0.83447265625 -0.203369140625
-0.00527191162109375 0.0208988189697266 -0.4661865234375 0.456268310546875
0.00924968719482422 0.0167694091796875 0.00509643554687501 0.487518310546875
-0.000668048858642578 -0.00248336791992187 0.281585693359375 0.1986083984375
0.0371131896972656 -0.00307083129882813 0.26605224609375 -0.087615966796875
0.0344371795654297 0.00133132934570313 -0.28118896484375 0.035430908203125
0.0119848251342773 -0.00466251373291016 -0.2401123046875 -0.252395629882813
0.00990009307861328 0.0164251327514648 0.042877197265625 -0.51177978515625
0.00205230712890625 0.0250244140625 0.532318115234375 -0.456207275390625
-0.0331439971923828 -0.00273704528808594 0.7626953125 0.2105712890625
-0.038238525390625 -0.0494422912597656 0.29168701171875 0.86761474609375
0.0378990173339844 -0.00812149047851563 -0.32861328125 0.67919921875
0.0779190063476563 0.0174026489257813 0.0572662353515625 0.0553512573242188
0.0440177917480469 -0.02728271484375 0.4783935546875 -0.70147705078125
-0.00911331176757812 -0.0436973571777344 -0.2603759765625 -0.98944091796875
-0.0380630493164062 -0.0134086608886719 -0.83197021484375 -0.18280029296875
-0.00805091857910156 0.0209941864013672 -0.45440673828125 0.467529296875
0.0087432861328125 0.0193672180175781 0.01861572265625 0.490020751953125
-0.0013657808303833 -0.000419735908508301 0.291900634765625 0.196990966796875
0.0381088256835938 -0.00271987915039063 0.271316528320313 -0.0851898193359375
0.0341129302978516 0.000707626342773438 -0.273605346679688 0.0374908447265625
0.0108842849731445 -0.00335407257080078 -0.230026245117188 -0.250350952148438
0.00994873046875 0.0154209136962891 0.057342529296875 -0.505218505859375
0.00379371643066406 0.0232810974121094 0.542694091796875 -0.440460205078125
-0.0335674285888672 -0.00547981262207031 0.75933837890625 0.23138427734375
-0.0394706726074219 -0.0528907775878906 0.2747802734375 0.88055419921875
0.0350456237792969 -0.00868988037109375 -0.34405517578125 0.67803955078125
0.0747299194335938 0.0166778564453125 0.0550117492675781 0.05242919921875
0.0402450561523438 -0.0294036865234375 0.46331787109375 -0.70611572265625
-0.0119209289550781 -0.0478553771972656 -0.2735595703125 -0.978271484375
-0.0361557006835937 -0.0149116516113281 -0.82830810546875 -0.1658935546875
-0.00588226318359375 0.0202598571777344 -0.44110107421875 0.47894287109375
0.00949668884277344 0.0204391479492188 0.029388427734375 0.492706298828125
-0.000490427017211914 -0.00124537944793701 0.30267333984375 0.197662353515625
0.0393104553222656 -0.00101089477539063 0.27655029296875 -0.08197021484375
0.0353889465332031 0.000133514404296875 -0.265213012695313 0.03643798828125
0.012181282043457 -0.00443935394287109 -0.21875 -0.250564575195312
0.0151748657226563 0.0136814117431641 0.0707092285156251 -0.5028076171875
0.00474357604980469 0.01953125 0.5546875 -0.4293212890625
-0.0303859710693359 -0.00601768493652344 0.76129150390625 0.25323486328125
-0.0397987365722656 -0.0527877807617188 0.26348876953125 0.892333984375
0.0341053009033203 -0.00957298278808594 -0.3548583984375 0.67486572265625
0.0736312866210938 0.0141143798828125 0.0526542663574219 0.0489540100097656
0.0389747619628906 -0.0309104919433594 0.448486328125 -0.70770263671875
-0.0118484497070313 -0.0445404052734375 -0.29620361328125 -0.9666748046875
-0.0325527191162109 -0.0139141082763672 -0.83038330078125 -0.1451416015625
-0.00234317779541016 0.0174846649169922 -0.4296875 0.491180419921875
0.0119075775146484 0.0179386138916016 0.03887939453125 0.4996337890625
-0.000386655330657959 -0.00108379125595093 0.3076171875 0.199188232421875
0.0382804870605469 -0.00352859497070313 0.27978515625 -0.0774383544921875
0.0313282012939453 0.000677108764648438 -0.261703491210938 0.0394744873046875
0.0124111175537109 -0.00931930541992188 -0.212661743164062 -0.250869750976563
0.0194435119628906 0.0089874267578125 0.079681396484375 -0.49871826171875
0.0125904083251953 0.017298698425293 0.562744140625 -0.41656494140625
-0.0256233215332031 -0.00491714477539062 0.7601318359375 0.266845703125
-0.0384368896484375 -0.0503158569335937 0.25042724609375 0.90216064453125
0.0299339294433594 -0.0109329223632813 -0.36138916015625 0.67559814453125
0.0705337524414063 0.0111083984375 0.0519828796386719 0.0469093322753906
0.0354270935058594 -0.0333137512207031 0.4373779296875 -0.709716796875
-0.0124740600585938 -0.0416603088378906 -0.309326171875 -0.9580078125
-0.0251083374023437 -0.0112113952636719 -0.82879638671875 -0.12725830078125
0.00631046295166016 0.0136594772338867 -0.42138671875 0.500091552734375
0.0162134170532227 0.0124759674072266 0.045440673828125 0.500152587890625
-4.86373901367192E-05 -0.00551462173461914 0.31256103515625 0.198028564453125
0.0356712341308594 -0.00339889526367187 0.28424072265625 -0.076202392578125
0.0285758972167969 0.00261306762695313 -0.258224487304688 0.0402069091796875
0.013005256652832 -0.0141124725341797 -0.209701538085938 -0.250457763671875
0.0230770111083984 0.00198554992675781 0.08209228515625 -0.497650146484375
0.0221061706542969 0.0150146484375 0.56494140625 -0.40899658203125
-0.0165548324584961 -0.00116348266601563 0.76092529296875 0.2772216796875
-0.0368766784667969 -0.0448570251464844 0.249755859375 0.90869140625
0.0265846252441406 -0.0109996795654297 -0.3638916015625 0.67742919921875
0.0663070678710938 0.00702667236328125 0.0535049438476563 0.0450325012207031
0.0307102203369141 -0.0340328216552734 0.4342041015625 -0.7120361328125
-0.0109901428222656 -0.0359382629394531 -0.3148193359375 -0.95220947265625
-0.0171146392822266 -0.00789356231689453 -0.82763671875 -0.1197509765625
0.0143775939941406 0.00892257690429688 -0.41571044921875 0.5023193359375
0.0220832824707031 0.00609016418457031 0.04827880859375 0.505279541015625
-0.00135231018066406 -0.0104646682739258 0.312408447265625 0.19842529296875
0.0332221984863281 -0.00244712829589844 0.284393310546875 -0.07611083984375
0.02337646484375 0.00223731994628906 -0.258773803710938 0.037841796875
0.0108375549316406 -0.01983642578125 -0.212570190429687 -0.251205444335938
0.0268592834472656 -0.00450897216796875 0.078948974609375 -0.49578857421875
0.0338020324707031 0.0112190246582031 0.5675048828125 -0.40753173828125
-0.00828075408935547 0.00464296340942383 0.76324462890625 0.2786865234375
-0.0360450744628906 -0.0398483276367187 0.25323486328125 0.90869140625
0.0231151580810547 -0.0117073059082031 -0.36181640625 0.67803955078125
0.066314697265625 0.00320816040039063 0.0547027587890625 0.045867919921875
0.0272617340087891 -0.0343055725097656 0.43487548828125 -0.71295166015625
-0.00904655456542968 -0.0297012329101563 -0.3125 -0.9512939453125
-0.00630617141723633 -0.00192451477050781 -0.82666015625 -0.11712646484375
0.0257396697998047 0.00400352478027344 -0.415435791015625 0.506072998046875
0.0247154235839844 -0.000608444213867188 0.046295166015625 0.506744384765625
-0.002685546875 -0.0172348022460937 0.30865478515625 0.197723388671875
0.0293922424316406 -0.00312614440917969 0.2855224609375 -0.07537841796875
0.0186805725097656 0.00170135498046875 -0.263656616210937 0.0381774902343749
0.0127620697021484 -0.0267086029052734 -0.220138549804687 -0.251190185546875
0.0335636138916016 -0.0135574340820313 0.069915771484375 -0.49627685546875
0.0438575744628906 0.0109710693359375 0.560211181640625 -0.41357421875
0.00144863128662109 0.00831031799316406 0.76495361328125 0.2694091796875
-0.0344257354736328 -0.0327320098876953 0.26519775390625 0.905029296875
0.0201244354248047 -0.0114479064941406 -0.35577392578125 0.680908203125
0.0631980895996094 3.814697265625E-06 0.0563507080078125 0.0485496520996094
0.0247535705566406 -0.0334262847900391 0.4437255859375 -0.7078857421875
-0.00608634948730469 -0.0237350463867188 -0.303466796875 -0.955078125
0.00366330146789551 0.00172328948974609 -0.825927734375 -0.1256103515625
0.0345325469970703 0.000623703002929688 -0.421356201171875 0.502716064453125
0.0293521881103516 -0.00819015502929688 0.037322998046875 0.50640869140625
-0.00283432006835938 -0.0216484069824219 0.302825927734375 0.2000732421875
0.0263500213623047 -0.00182151794433594 0.283599853515625 -0.07489013671875
0.0333080291748047 0.00173377990722656 -0.2921142578125 0.03302001953125
0.0110673904418945 -0.00944328308105469 -0.254928588867188 -0.2530517578125
0.0114831924438477 0.0126094818115234 0.027984619140625 -0.51678466796875
0.00490188598632812 0.0236892700195313 0.5179443359375 -0.472930908203125
-0.0302791595458984 0.000961303710937505 0.76776123046875 0.19354248046875
-0.0381393432617188 -0.043365478515625 0.31201171875 0.86102294921875
0.0387802124023438 -0.00651931762695312 -0.316650390625 0.6849365234375
0.0771484375 0.0164566040039063 0.0600509643554688 0.0582847595214844
0.0440216064453125 -0.0258750915527344 0.49456787109375 -0.7008056640625
-0.00537872314453125 -0.0397148132324219 -0.24029541015625 -1.004638671875
-0.0332584381103516 -0.0108242034912109 -0.8369140625 -0.201904296875
-0.00479698181152344 0.0192890167236328 -0.464813232421875 0.460906982421875
0.00915241241455078 0.0168361663818359 0.004974365234375 0.490478515625
-0.00104403495788574 -0.0025627613067627 0.285614013671875 0.196502685546875
0.0389518737792969 -0.0022735595703125 0.266921997070313 -0.0895843505859375
0.0349578857421875 4.38690185546875E-05 -0.282806396484375 0.0349731445312501
0.0124998092651367 -0.00452899932861328 -0.244186401367188 -0.251083374023437
0.0098733901977539 0.0167951583862305 0.041351318359375 -0.512115478515625
0.00165748596191406 0.0247840881347656 0.532073974609375 -0.460723876953125
-0.0322151184082031 -0.00339508056640625 0.7655029296875 0.20928955078125
-0.0387992858886719 -0.0484199523925781 0.2945556640625 0.871337890625
0.0386390686035156 -0.00769805908203125 -0.33026123046875 0.683349609375
0.0787887573242188 0.01715087890625 0.0565605163574219 0.0555572509765625
0.0437278747558594 -0.0263442993164063 0.479736328125 -0.7037353515625
-0.009033203125 -0.0435981750488281 -0.2650146484375 -0.99285888671875
-0.036773681640625 -0.0120391845703125 -0.836181640625 -0.18304443359375
-0.00905990600585937 0.0208778381347656 -0.45562744140625 0.4722900390625
0.00834846496582031 0.0183143615722656 0.0204467773437501 0.49237060546875
-0.00028681755065918 0.00207030773162842 0.294677734375 0.195556640625
0.0385475158691406 -0.00281524658203125 0.27215576171875 -0.0876007080078125
0.0355262756347656 0 -0.276473999023438 0.03814697265625
0.0121364593505859 -0.00460243225097656 -0.2320556640625 -0.250381469726562
0.010645866394043 0.0175638198852539 0.055328369140625 -0.509063720703125
0.00202751159667969 0.0222969055175781 0.542694091796875 -0.445526123046875
-0.0335750579833984 -0.0070343017578125 0.76287841796875 0.23260498046875
-0.0390090942382812 -0.052520751953125 0.27606201171875 0.88177490234375
0.0374412536621094 -0.00816726684570312 -0.34564208984375 0.6812744140625
0.0754318237304687 0.0164031982421875 0.0535240173339844 0.0529823303222656
0.0424957275390625 -0.0286788940429688 0.468017578125 -0.70782470703125
-0.0118560791015625 -0.0458755493164063 -0.278564453125 -0.98272705078125
-0.0385627746582031 -0.0153007507324219 -0.83453369140625 -0.16375732421875
-0.00718879699707031 0.0200634002685547 -0.44219970703125 0.48199462890625
0.00918006896972656 0.0199241638183594 0.0303955078125 0.49542236328125
-0.0005837082862854 0.00044935941696167 0.305084228515625 0.19549560546875
0.0392112731933594 -0.0048828125 0.277572631835938 -0.0839385986328125
0.0350379943847656 0.000186920166015625 -0.26800537109375 0.0391998291015624
0.0106058120727539 -0.00525665283203125 -0.222030639648437 -0.251113891601563
0.0135936737060547 0.0151472091674805 0.068511962890625 -0.508148193359375
0.00537300109863281 0.0197105407714844 0.55621337890625 -0.43255615234375
-0.0317459106445313 -0.005615234375 0.765625 0.251708984375
-0.0380516052246094 -0.0513191223144531 0.26446533203125 0.8973388671875
0.0341644287109375 -0.0112075805664063 -0.353515625 0.67974853515625
0.0730972290039063 0.0148773193359375 0.0536994934082031 0.0485038757324219
0.0388526916503906 -0.0307388305664063 0.450439453125 -0.7117919921875
-0.011932373046875 -0.0444183349609375 -0.29833984375 -0.97149658203125
-0.0328254699707031 -0.0136356353759766 -0.8359375 -0.14178466796875
-0.00177764892578125 0.0177059173583984 -0.43084716796875 0.4932861328125
0.0130348205566406 0.0176162719726563 0.04266357421875 0.501190185546875
-0.00131821632385254 -0.000365972518920899 0.3104248046875 0.196990966796875
0.0377998352050781 -0.00334548950195313 0.2823486328125 -0.079925537109375
0.032745361328125 -0.000331878662109375 -0.262725830078125 0.0395660400390624
0.0128164291381836 -0.00848579406738281 -0.21661376953125 -0.249862670898438
0.0201568603515625 0.00887680053710938 0.0776672363281251 -0.501739501953125
0.0131168365478516 0.0149345397949219 0.56304931640625 -0.4188232421875
-0.0267715454101563 -0.00502586364746093 0.76336669921875 0.26812744140625
-0.0377845764160156 -0.0499191284179688 0.25396728515625 0.90667724609375
0.0313529968261719 -0.0108909606933594 -0.3643798828125 0.6790771484375
0.0705718994140625 0.0113983154296875 0.0518035888671875 0.0462112426757813
0.0352363586425781 -0.0329399108886719 0.43896484375 -0.71258544921875
-0.011383056640625 -0.041534423828125 -0.312255859375 -0.9635009765625
-0.0261287689208984 -0.0104846954345703 -0.8341064453125 -0.12713623046875
0.00472545623779297 0.0137977600097656 -0.4193115234375 0.503204345703125
0.0172672271728516 0.0127754211425781 0.04754638671875 0.504058837890625
-0.000632286071777344 -0.00353288650512695 0.314666748046875 0.197784423828125
0.0371360778808594 -0.00487899780273437 0.284393310546875 -0.0770263671875
0.0279979705810547 0.000932693481445313 -0.260177612304688 0.0393829345703126
0.0131616592407227 -0.0152082443237305 -0.212783813476562 -0.250717163085938
0.0240745544433594 0.0016632080078125 0.07928466796875 -0.500579833984375
0.0227127075195313 0.0151252746582031 0.56854248046875 -0.41033935546875
-0.0180759429931641 -0.00251960754394532 0.76312255859375 0.2774658203125
-0.0368385314941406 -0.0436286926269531 0.2523193359375 0.91204833984375
0.0264339447021484 -0.0119743347167969 -0.3653564453125 0.67938232421875
0.0684547424316406 0.00692367553710937 0.0519676208496094 0.0469245910644531
0.0303516387939453 -0.0334720611572266 0.43438720703125 -0.71539306640625
-0.0102462768554688 -0.0360565185546875 -0.317138671875 -0.9591064453125
-0.016850471496582 -0.00785446166992187 -0.83197021484375 -0.11846923828125
0.0145721435546875 0.00962162017822266 -0.41607666015625 0.50933837890625
0.0218410491943359 0.00676536560058594 0.049407958984375 0.5064697265625
-0.00280475616455078 -0.00977802276611328 0.31439208984375 0.197265625
0.0340709686279297 -0.00344085693359375 0.28607177734375 -0.07720947265625
0.0232276916503906 0.00119400024414063 -0.261993408203125 0.0387420654296875
0.0136528015136719 -0.0216102600097656 -0.214752197265625 -0.250747680664063
0.0282325744628906 -0.00433540344238281 0.0784912109375 -0.498321533203125
0.033782958984375 0.0124721527099609 0.5662841796875 -0.41180419921875
-0.00890636444091797 0.00277996063232422 0.76409912109375 0.27899169921875
-0.0357933044433594 -0.0390205383300781 0.25286865234375 0.91387939453125
0.0223636627197266 -0.011749267578125 -0.3638916015625 0.68194580078125
0.0650100708007813 0.00224685668945313 0.0542449951171875 0.0460548400878906
0.02789306640625 -0.0348854064941406 0.43798828125 -0.7125244140625
-0.00915336608886719 -0.0298995971679688 -0.3155517578125 -0.95648193359375
-0.00600290298461914 -0.00279521942138672 -0.82977294921875 -0.11614990234375
0.0250110626220703 0.00347709655761719 -0.41656494140625 0.50946044921875
0.0247440338134766 0.00025177001953125 0.048919677734375 0.512359619140625
-0.000953674316406248 -0.0158309936523438 0.312774658203125 0.198272705078125
0.0299358367919922 -0.00185585021972656 0.284912109375 -0.07696533203125
0.0210361480712891 0.00132942199707031 -0.264556884765625 0.0371246337890625
0.0123786926269531 -0.0259876251220703 -0.22283935546875 -0.253387451171875
0.0302925109863281 -0.01220703125 0.069854736328125 -0.49822998046875
0.0416221618652344 0.0101280212402344 0.56207275390625 -0.415924072265625
0.000873565673828125 0.00875759124755859 0.76904296875 0.26837158203125
-0.0325260162353516 -0.0335502624511719 0.26629638671875 0.90887451171875
0.0199241638183594 -0.0121250152587891 -0.3582763671875 0.68548583984375
0.0633888244628906 -0.000946044921875 0.0550994873046875 0.0503196716308594
0.0249214172363281 -0.0342063903808594 0.445068359375 -0.70947265625
-0.0063629150390625 -0.0240592956542969 -0.30450439453125 -0.9625244140625
0.00280380249023438 0.00136947631835938 -0.8302001953125 -0.1229248046875
0.0336971282958984 0.00135612487792969 -0.422607421875 0.50726318359375
0.0296115875244141 -0.00633430480957031 0.03961181640625 0.511383056640625
-0.00232696533203125 -0.0218544006347656 0.304718017578125 0.198760986328125
0.0261745452880859 -0.00164604187011719 0.282958984375 -0.077178955078125
0.0362701416015625 -0.00048065185546875 -0.294097900390625 0.03497314453125
0.0109853744506836 -0.00668716430664062 -0.257675170898437 -0.25213623046875
0.0108976364135742 0.0136747360229492 0.0240478515625 -0.518585205078125
0.00295448303222656 0.0240821838378906 0.51910400390625 -0.477630615234375
-0.0320224761962891 0.001495361328125 0.77105712890625 0.1893310546875
-0.0357780456542969 -0.0443229675292969 0.3143310546875 0.864013671875
0.0393943786621094 -0.0071563720703125 -0.3179931640625 0.6910400390625
0.0781936645507812 0.0166702270507812 0.0602874755859375 0.0590362548828125
0.0461807250976563 -0.0247344970703125 0.4947509765625 -0.70562744140625
-0.00634765625 -0.0400161743164063 -0.24639892578125 -1.0107421875
-0.0343189239501953 -0.0093841552734375 -0.84417724609375 -0.20135498046875
-0.00648307800292969 0.020904541015625 -0.468658447265625 0.465423583984375
0.00922107696533203 0.017430305480957 0.00781250000000003 0.4927978515625
0.000226497650146484 -0.00250768661499023 0.286468505859375 0.195587158203125
0.0373916625976563 -0.00339889526367188 0.268905639648438 -0.090667724609375
0.0374221801757813 -0.00011444091796875 -0.28729248046875 0.038787841796875
0.0118560791015625 -0.00241374969482422 -0.246063232421875 -0.251571655273438
0.0100040435791016 0.0186004638671875 0.038055419921875 -0.51776123046875
-0.000667572021484373 0.0235939025878906 0.533966064453125 -0.463409423828125
-0.0344181060791016 -0.00444030761718749 0.768310546875 0.20916748046875
-0.037994384765625 -0.04986572265625 0.29864501953125 0.8778076171875
0.0402069091796875 -0.0086517333984375 -0.33184814453125 0.6875
0.0784378051757813 0.0181427001953125 0.0576248168945313 0.0565567016601563
0.0441055297851563 -0.0257949829101563 0.4808349609375 -0.7078857421875
-0.00807952880859375 -0.0427398681640625 -0.266357421875 -1.0008544921875
-0.038055419921875 -0.0137557983398438 -0.843017578125 -0.1829833984375
-0.00853347778320313 0.0195465087890625 -0.454833984375 0.4761962890625
0.008758544921875 0.0191001892089844 0.0230712890625 0.495697021484375
0.000139474868774414 0.00111794471740723 0.298492431640625 0.19525146484375
0.041168212890625 -0.00337982177734375 0.273635864257813 -0.0871124267578125
0.0359573364257813 -0.0001220703125 -0.276901245117188 0.03973388671875
0.0103788375854492 -0.00340652465820313 -0.235198974609375 -0.251266479492188
0.0114421844482422 0.0188179016113281 0.053070068359375 -0.512298583984375
0.00133705139160156 0.0223731994628906 0.543670654296875 -0.449615478515625
-0.0347671508789063 -0.00594139099121094 0.76654052734375 0.2279052734375
-0.0396804809570313 -0.0513687133789063 0.2772216796875 0.88800048828125
0.0373497009277344 -0.00871658325195313 -0.346435546875 0.68695068359375
0.0745162963867188 0.0157699584960938 0.0534172058105469 0.0512504577636719
0.0413360595703125 -0.0282402038574219 0.46807861328125 -0.7122802734375
-0.0108299255371094 -0.0444183349609375 -0.28265380859375 -0.98846435546875
-0.0387001037597656 -0.0137748718261719 -0.83978271484375 -0.1624755859375
-0.00760459899902344 0.0193195343017578 -0.44207763671875 0.486053466796875
0.0100421905517578 0.0206336975097656 0.033355712890625 0.4970703125
0.000408768653869629 0.000769734382629395 0.308380126953125 0.194854736328125
0.0382347106933594 -0.0026092529296875 0.280868530273437 -0.086029052734375
0.0363082885742188 -0.00140762329101563 -0.272232055664063 0.0415039062500001
0.0135908126831055 -0.0039520263671875 -0.224258422851563 -0.252899169921875
0.0155315399169922 0.0148134231567383 0.06671142578125 -0.50860595703125
0.00443267822265625 0.0196647644042969 0.557403564453125 -0.435943603515625
-0.0317058563232422 -0.00496292114257813 0.767822265625 0.2503662109375
-0.0390357971191406 -0.0517807006835937 0.26519775390625 0.90338134765625
0.0349388122558594 -0.0104579925537109 -0.35626220703125 0.6837158203125
0.0732192993164063 0.0137176513671875 0.0512008666992188 0.0476417541503906
0.0386314392089844 -0.0316390991210938 0.45220947265625 -0.71630859375
-0.0132179260253906 -0.0448684692382812 -0.3045654296875 -0.977783203125
-0.0345115661621094 -0.0142059326171875 -0.84149169921875 -0.1439208984375
-0.00333595275878906 0.0183086395263672 -0.4306640625 0.49871826171875
0.0127124786376953 0.0168037414550781 0.0452880859375 0.50390625
-0.000782370567321777 0.00166833400726318 0.312835693359375 0.1966552734375
0.0377655029296875 -0.00483322143554688 0.28424072265625 -0.08270263671875
0.0344200134277344 -0.00118446350097656 -0.26507568359375 0.041473388671875
0.0113563537597656 -0.00803184509277344 -0.218475341796875 -0.25030517578125
0.0187187194824219 0.00902938842773437 0.075927734375 -0.506134033203125
0.0135688781738281 0.0173816680908203 0.56622314453125 -0.42633056640625
-0.0264434814453125 -0.00653839111328125 0.76806640625 0.26611328125
-0.03643798828125 -0.0500068664550781 0.2545166015625 0.91253662109375
0.0316696166992188 -0.0113563537597656 -0.36444091796875 0.68304443359375
0.07183837890625 0.0108184814453125 0.0498275756835938 0.0451202392578125
0.0355606079101563 -0.0319709777832031 0.44036865234375 -0.7186279296875
-0.0108642578125 -0.0405464172363281 -0.31512451171875 -0.967041015625
-0.0299663543701172 -0.0113029479980469 -0.83941650390625 -0.1251220703125
0.00428199768066406 0.0142011642456055 -0.420745849609375 0.507598876953125
0.0170936584472656 0.0123777389526367 0.0533447265625 0.506988525390625
-0.00148320198059082 -0.00313830375671387 0.31524658203125 0.1976318359375
0.036376953125 -0.00413131713867188 0.2862548828125 -0.079315185546875
0.0292606353759766 -0.000608444213867188 -0.263519287109375 0.0412445068359375
0.0113191604614258 -0.0136985778808594 -0.217376708984375 -0.2515869140625
0.0230846405029297 0.00252723693847656 0.07708740234375 -0.504150390625
0.0219554901123047 0.0136146545410156 0.57196044921875 -0.41632080078125
-0.0188732147216797 -0.00182151794433594 0.7679443359375 0.27569580078125
-0.0375709533691406 -0.0445823669433594 0.25347900390625 0.91595458984375
0.0272846221923828 -0.0123710632324219 -0.36834716796875 0.68505859375
0.0688705444335938 0.006805419921875 0.0521316528320313 0.0466194152832031
0.0312824249267578 -0.0330677032470703 0.43585205078125 -0.720458984375
-0.0093841552734375 -0.0364112854003906 -0.3221435546875 -0.9605712890625
-0.0176372528076172 -0.0086212158203125 -0.836669921875 -0.11767578125
0.0150327682495117 0.0104217529296875 -0.415069580078125 0.512969970703125
0.0201587677001953 0.00594329833984375 0.0521240234375 0.5115966796875
-0.00255107879638672 -0.00940132141113281 0.316741943359375 0.19586181640625
0.0350399017333984 -0.00476264953613281 0.285919189453125 -0.07763671875
0.0262584686279297 0.00138473510742187 -0.263320922851563 0.0408782958984375
0.0147285461425781 -0.0211715698242188 -0.217788696289063 -0.250137329101563
0.0276165008544922 -0.00617790222167969 0.07403564453125 -0.502197265625
0.0335159301757812 0.0119495391845703 0.56756591796875 -0.41717529296875
-0.00982284545898438 0.0041208267211914 0.76849365234375 0.2760009765625
-0.0356025695800781 -0.0382499694824219 0.25640869140625 0.919189453125
0.0239372253417969 -0.0130748748779297 -0.3656005859375 0.685791015625
0.0662345886230469 0.00273513793945313 0.0542144775390625 0.0454063415527344
0.0272560119628906 -0.0320014953613281 0.43865966796875 -0.718017578125
-0.00824356079101562 -0.029937744140625 -0.3189697265625 -0.9632568359375
-0.00708580017089844 -0.00353527069091797 -0.83642578125 -0.1162109375
0.0257740020751953 0.00510406494140625 -0.416748046875 0.5147705078125
0.0259647369384766 -0.00175285339355469 0.050811767578125 0.5142822265625
-0.00185012817382813 -0.0148582458496094 0.312744140625 0.196075439453125
0.0298652648925781 -0.00493812561035156 0.2862548828125 -0.077178955078125
0.0205097198486328 0.00093841552734375 -0.269317626953125 0.03753662109375
0.0125827789306641 -0.0258541107177734 -0.224136352539062 -0.252288818359375
0.0331153869628906 -0.0107707977294922 0.0662841796875001 -0.50164794921875
0.0434989929199219 0.0100440979003906 0.56243896484375 -0.42095947265625
1.3351440429687E-05 0.0101404190063477 0.772705078125 0.26959228515625
-0.0323257446289063 -0.0336112976074219 0.26739501953125 0.9144287109375
0.0217189788818359 -0.0129203796386719 -0.3575439453125 0.687255859375
0.0634765625 -0.00164413452148437 0.0555267333984375 0.04937744140625
0.0243587493896484 -0.0330924987792969 0.44439697265625 -0.71575927734375
-0.00485038757324219 -0.0224685668945313 -0.3067626953125 -0.9635009765625
0.00215601921081543 0.0022273063659668 -0.835205078125 -0.12091064453125
0.0338726043701172 0.00125694274902344 -0.4227294921875 0.513275146484375
0.0292720794677734 -0.00523185729980469 0.04364013671875 0.512786865234375
-0.00258827209472656 -0.0221748352050781 0.308563232421875 0.199615478515625
0.0265598297119141 -0.00255203247070313 0.285186767578125 -0.082275390625
0.0353317260742188 -0.000553131103515625 -0.297210693359375 0.038604736328125
0.0124750137329102 -0.00615215301513672 -0.261932373046875 -0.252822875976563
0.0115442276000977 0.0143327713012695 0.02093505859375 -0.524139404296875
0.00455474853515625 0.0238265991210938 0.5205078125 -0.484039306640625
-0.0300865173339844 0.000375747680664062 0.7750244140625 0.18994140625
-0.0369491577148438 -0.0435409545898437 0.32049560546875 0.8719482421875
0.0409584045410156 -0.00756072998046875 -0.31817626953125 0.696533203125
0.07769775390625 0.0160369873046875 0.0592689514160156 0.0599479675292969
0.0469398498535156 -0.0253868103027344 0.498046875 -0.71063232421875
-0.00315475463867188 -0.0385780334472656 -0.253173828125 -1.0155029296875
-0.03533935546875 -0.0101242065429687 -0.85113525390625 -0.19842529296875
-0.00690650939941406 0.0180721282958984 -0.470550537109375 0.47113037109375
0.00898551940917969 0.0193881988525391 0.00985717773437499 0.497100830078125
-0.000909030437469483 -0.00091397762298584 0.290191650390625 0.194976806640625
0.0384445190429688 -0.00307464599609375 0.270599365234375 -0.093719482421875
0.0375480651855469 -0.002471923828125 -0.286956787109375 0.040069580078125
0.0118207931518555 -0.00368881225585938 -0.249786376953125 -0.252029418945312
0.0109596252441406 0.0179958343505859 0.033843994140625 -0.520416259765625
0.00112152099609375 0.0233421325683594 0.53411865234375 -0.47039794921875
-0.0346488952636719 -0.00341415405273438 0.7734375 0.206298828125
-0.0381584167480469 -0.0477409362792969 0.3033447265625 0.880859375
0.0408821105957031 -0.00940322875976563 -0.33184814453125 0.6947021484375
0.0768203735351562 0.0159835815429687 0.0565834045410156 0.0568351745605469
0.0446281433105469 -0.0255508422851563 0.48345947265625 -0.71453857421875
-0.0080108642578125 -0.0438690185546875 -0.27313232421875 -1.005859375
-0.04052734375 -0.0131759643554687 -0.8492431640625 -0.180908203125
-0.0101070404052734 0.0202102661132813 -0.456085205078125 0.482086181640625
0.00848770141601563 0.0191497802734375 0.02587890625 0.49737548828125
-0.00162291526794434 0.0030980110168457 0.30218505859375 0.194580078125
0.0397682189941406 -0.00441741943359375 0.27496337890625 -0.0902252197265625
0.0357131958007813 -0.00195693969726563 -0.278610229492188 0.0429840087890624
0.0122604370117188 -0.00492763519287109 -0.239273071289063 -0.251617431640625
0.0116539001464844 0.0177459716796875 0.04949951171875 -0.517425537109375
9.53674316406234E-05 0.0209999084472656 0.546722412109375 -0.458282470703125
-0.0363121032714844 -0.00780105590820313 0.770263671875 0.22979736328125
-0.0383796691894531 -0.0521774291992187 0.28192138671875 0.89447021484375
0.0370826721191406 -0.00967025756835938 -0.34686279296875 0.68939208984375
0.0754547119140625 0.0179367065429688 0.0525321960449219 0.0516242980957031
0.0431709289550781 -0.0282249450683594 0.46881103515625 -0.71728515625
-0.0108413696289063 -0.04583740234375 -0.28729248046875 -0.99359130859375
-0.0397682189941406 -0.0141754150390625 -0.8468017578125 -0.16082763671875
-0.00821685791015625 0.0196952819824219 -0.44439697265625 0.4910888671875
0.00989151000976562 0.0196990966796875 0.0364990234375 0.50152587890625
-0.000432968139648437 0.00255727767944336 0.311065673828125 0.194610595703125
0.0396080017089844 -0.00252914428710938 0.283203125 -0.089691162109375
0.0377044677734375 -0.0014495849609375 -0.2740478515625 0.0425262451171875
0.0118865966796875 -0.00528240203857422 -0.228485107421875 -0.251678466796875
0.0146217346191406 0.014246940612793 0.060791015625 -0.51422119140625
0.00449562072753906 0.0191116333007813 0.557586669921875 -0.44329833984375
-0.0322685241699219 -0.00756072998046876 0.7728271484375 0.25286865234375
-0.0387687683105469 -0.0532302856445312 0.27154541015625 0.9091796875
0.0348052978515625 -0.0110874176025391 -0.35772705078125 0.6904296875
0.0737457275390625 0.0134048461914063 0.051300048828125 0.0486335754394531
0.039337158203125 -0.0318145751953125 0.45172119140625 -0.72332763671875
-0.0110282897949219 -0.0423774719238281 -0.30743408203125 -0.98236083984375
-0.0357704162597656 -0.0142898559570313 -0.846923828125 -0.14111328125
-0.0030059814453125 0.0184288024902344 -0.432098388671875 0.5037841796875
0.0133762359619141 0.0175666809082031 0.048797607421875 0.5078125
0.000572681427001953 0.00214731693267822 0.316192626953125 0.195037841796875
0.0400047302246094 -0.00531768798828125 0.28497314453125 -0.0836181640625
0.0342388153076172 0.000225067138671875 -0.267059326171875 0.0433349609375
0.0115451812744141 -0.00908946990966797 -0.221710205078125 -0.252716064453125
0.0190696716308594 0.0103874206542969 0.071075439453125 -0.509521484375
0.0131206512451172 0.0168685913085938 0.5672607421875 -0.43084716796875
-0.0270252227783203 -0.00397300720214843 0.7723388671875 0.26568603515625
-0.0379409790039063 -0.04998779296875 0.259765625 0.9185791015625
0.0314617156982422 -0.0105552673339844 -0.36639404296875 0.68914794921875
0.0714340209960938 0.00804901123046875 0.0509605407714844 0.0466842651367188
0.0350341796875 -0.0310478210449219 0.4415283203125 -0.72381591796875
-0.0122108459472656 -0.0428619384765625 -0.32403564453125 -0.9749755859375
-0.0281887054443359 -0.0107383728027344 -0.844482421875 -0.1219482421875
0.00368404388427734 0.0143461227416992 -0.419281005859375 0.513671875
0.01824951171875 0.0125808715820313 0.0544433593750001 0.51129150390625
-0.000602960586547852 -0.00311994552612305 0.320709228515625 0.19342041015625
0.0366439819335938 -0.00438690185546875 0.2891845703125 -0.08197021484375
0.0305767059326172 0.000879287719726563 -0.264495849609375 0.0422515869140625
0.0128564834594727 -0.0148172378540039 -0.217269897460938 -0.251022338867188
0.0238094329833984 0.00233268737792969 0.073822021484375 -0.50653076171875
0.0220394134521484 0.0141944885253906 0.56988525390625 -0.4224853515625
-0.0206356048583984 -0.00107002258300782 0.77423095703125 0.2760009765625
-0.0376129150390625 -0.0469970703125 0.25628662109375 0.92376708984375
0.0277576446533203 -0.0109596252441406 -0.36798095703125 0.69036865234375
0.0711517333984375 0.0063934326171875 0.0520591735839844 0.0466499328613281
0.0319499969482422 -0.0345420837402344 0.4366455078125 -0.726806640625
-0.00929832458496094 -0.0346565246582031 -0.3258056640625 -0.97003173828125
-0.0183238983154297 -0.00741195678710937 -0.84344482421875 -0.1160888671875
0.0125102996826172 0.00835132598876953 -0.41644287109375 0.520477294921875
0.0218582153320312 0.00555610656738281 0.055450439453125 0.51434326171875
-0.00244903564453125 -0.00882148742675781 0.319427490234375 0.1956787109375
0.0341091156005859 -0.00475883483886719 0.288665771484375 -0.080474853515625
0.0273342132568359 0.000980377197265625 -0.265625 0.0423126220703124
0.0118942260742187 -0.0203227996826172 -0.221847534179688 -0.252288818359375
0.0280132293701172 -0.00493812561035156 0.0723876953125 -0.50555419921875
0.0331993103027344 0.0122566223144531 0.56805419921875 -0.4239501953125
-0.00927829742431641 0.00251388549804688 0.77374267578125 0.27557373046875
-0.0345993041992187 -0.0399208068847656 0.259765625 0.92529296875
0.0263404846191406 -0.0129833221435547 -0.3646240234375 0.69134521484375
0.0672149658203125 0.00226593017578125 0.0532684326171875 0.0471000671386719
0.0263271331787109 -0.0345058441162109 0.438232421875 -0.7254638671875
-0.00768852233886719 -0.0293636322021484 -0.32537841796875 -0.966552734375
-0.00752687454223633 -0.00390434265136719 -0.8421630859375 -0.1129150390625
0.0241222381591797 0.00259208679199219 -0.419708251953125 0.522430419921875
0.0261726379394531 -0.00171661376953125 0.054473876953125 0.51641845703125
-0.00382328033447265 -0.0145740509033203 0.31781005859375 0.1961669921875
0.0313377380371094 -0.00408172607421875 0.28839111328125 -0.080230712890625
0.0220451354980469 -0.00055694580078125 -0.2696533203125 0.0426483154296875
0.0119266510009766 -0.026031494140625 -0.22869873046875 -0.253936767578125
0.0336055755615234 -0.0129337310791016 0.061767578125 -0.50775146484375
0.0418663024902344 0.00866317749023438 0.5633544921875 -0.4278564453125
0.000423431396484376 0.00907707214355469 0.7767333984375 0.26947021484375
-0.0331954956054687 -0.0328445434570313 0.2724609375 0.92041015625
0.0226497650146484 -0.0124912261962891 -0.3570556640625 0.696044921875
0.064178466796875 -0.00128555297851563 0.0562248229980469 0.0494499206542969
0.0256748199462891 -0.0341300964355469 0.4461669921875 -0.72119140625
-0.00558853149414062 -0.0232982635498047 -0.315185546875 -0.96820068359375
0.00197339057922363 0.0016634464263916 -0.841552734375 -0.11865234375
0.0317325592041016 -0.00126457214355469 -0.42376708984375 0.51776123046875
0.0297775268554688 -0.00680351257324219 0.047027587890625 0.517791748046875
-0.00391769409179688 -0.0198097229003906 0.3133544921875 0.1973876953125
0.0267143249511719 -0.00276565551757813 0.28753662109375 -0.082000732421875
0.0365257263183594 -0.000675201416015625 -0.298309326171875 0.04052734375
0.010289192199707 -0.00742244720458984 -0.267333984375 -0.25238037109375
0.0115985870361328 0.0149784088134766 0.015625 -0.526824951171875
0.00278282165527344 0.02313232421875 0.51959228515625 -0.491790771484375
-0.0309791564941406 0.00144195556640625 0.780517578125 0.1856689453125
-0.03802490234375 -0.0437545776367188 0.3255615234375 0.87408447265625
0.041259765625 -0.00787734985351563 -0.31597900390625 0.70281982421875
0.0785903930664063 0.0164718627929688 0.0587310791015625 0.0605201721191406
0.0463409423828125 -0.0254898071289062 0.4976806640625 -0.71844482421875
-0.00415802001953125 -0.0384292602539062 -0.25921630859375 -1.0201416015625
-0.0374641418457031 -0.00970458984375 -0.85736083984375 -0.1954345703125
-0.006103515625 0.0197067260742188 -0.46990966796875 0.478790283203125
0.0108985900878906 0.0177764892578125 0.014404296875 0.500518798828125
-0.00119161605834961 0.000175833702087402 0.295501708984375 0.1947021484375
0.0394325256347656 -0.00481414794921875 0.271942138671875 -0.0973968505859375
0.0381393432617187 -0.0029754638671875 -0.2900390625 0.0420227050781249
0.0122032165527344 -0.00401687622070313 -0.254638671875 -0.25201416015625
0.0113544464111328 0.0176277160644531 0.030731201171875 -0.526397705078125
-0.000494003295898438 0.0248394012451172 0.533355712890625 -0.477630615234375
-0.0374107360839844 -0.00405120849609374 0.7794189453125 0.2042236328125
-0.0383796691894531 -0.0492897033691406 0.3084716796875 0.8865966796875
0.0412559509277344 -0.00920867919921875 -0.332763671875 0.699462890625
0.0786361694335938 0.01654052734375 0.0564155578613281 0.0578155517578125
0.0444564819335938 -0.0264968872070313 0.480712890625 -0.7216796875
-0.00914382934570313 -0.0420761108398438 -0.27996826171875 -1.01043701171875
-0.0409698486328125 -0.0128250122070313 -0.8570556640625 -0.17510986328125
-0.0103225708007812 0.0208473205566406 -0.45709228515625 0.48974609375
0.00856208801269531 0.0202236175537109 0.028564453125 0.501983642578125
-0.00137972831726074 0.00158464908599854 0.3046875 0.193817138671875
0.0402412414550781 -0.005584716796875 0.278030395507813 -0.0937957763671875
0.0373077392578125 -0.00264739990234375 -0.282470703125 0.045928955078125
0.0123538970947266 -0.00339221954345703 -0.244552612304688 -0.250106811523437
0.0114498138427734 0.0176811218261719 0.044891357421875 -0.520111083984375
-0.000446319580078125 0.0223388671875 0.544158935546875 -0.46514892578125
-0.0374984741210938 -0.00703811645507812 0.77740478515625 0.22607421875
-0.0385398864746094 -0.0526123046875 0.28955078125 0.89996337890625
0.0397834777832031 -0.00894927978515625 -0.34661865234375 0.697265625
0.07647705078125 0.0164642333984375 0.0526771545410156 0.0528297424316406
0.0434532165527344 -0.0281524658203125 0.4652099609375 -0.7257080078125
-0.0121421813964844 -0.0460548400878906 -0.29583740234375 -0.99981689453125
-0.0407142639160156 -0.0140838623046875 -0.8536376953125 -0.15582275390625
-0.0103397369384766 0.0204048156738281 -0.444305419921875 0.499481201171875
0.0107688903808594 0.0196266174316406 0.041961669921875 0.506439208984375
-0.000741720199584961 0.00302505493164063 0.315338134765625 0.190887451171875
0.04052734375 -0.00608062744140625 0.282684326171875 -0.09033203125
0.0382766723632813 -0.0025482177734375 -0.275421142578125 0.044219970703125
0.0128173828125 -0.00343132019042969 -0.232589721679688 -0.252883911132812
0.0148019790649414 0.0139131546020508 0.057647705078125 -0.519134521484375
0.00448417663574219 0.0196380615234375 0.557708740234375 -0.452392578125
-0.0351791381835938 -0.00683212280273438 0.77740478515625 0.24755859375
-0.0399894714355469 -0.0521087646484375 0.2772216796875 0.913330078125
0.0370903015136719 -0.0120391845703125 -0.355712890625 0.696533203125
0.0742340087890625 0.01385498046875 0.0516281127929688 0.0490341186523438
0.0402297973632813 -0.0309867858886719 0.44927978515625 -0.73028564453125
-0.0123214721679687 -0.0445709228515625 -0.3179931640625 -0.98876953125
-0.0368537902832031 -0.0141181945800781 -0.85333251953125 -0.134521484375
-0.00471687316894531 0.0176219940185547 -0.430938720703125 0.51220703125
0.0134782791137695 0.0167121887207031 0.05303955078125 0.511199951171875
-0.00121617317199707 0.00234007835388184 0.319915771484375 0.193603515625
0.0386962890625 -0.00799560546875 0.286865234375 -0.08563232421875
0.0340747833251953 -0.00222396850585938 -0.270721435546875 0.045440673828125
0.0112123489379883 -0.00758934020996094 -0.226089477539062 -0.252731323242188
0.0197582244873047 0.0100288391113281 0.06689453125 -0.514404296875
0.0122261047363281 0.0172338485717773 0.56658935546875 -0.4368896484375
-0.0282402038574219 -0.00495338439941407 0.778564453125 0.261474609375
-0.0384521484375 -0.049713134765625 0.2652587890625 0.92535400390625
0.0311870574951172 -0.0115203857421875 -0.36566162109375 0.69561767578125
0.0727310180664063 0.0101776123046875 0.0497627258300781 0.0471839904785156
0.0350456237792969 -0.0334835052490234 0.44061279296875 -0.7294921875
-0.0109367370605469 -0.0411148071289063 -0.33087158203125 -0.97906494140625
-0.0294971466064453 -0.0102748870849609 -0.8516845703125 -0.11883544921875
0.00379180908203125 0.0140247344970703 -0.4188232421875 0.520477294921875
0.0174446105957031 0.0135011672973633 0.05902099609375 0.5150146484375
-0.000820636749267578 -0.0022280216217041 0.32623291015625 0.19281005859375
0.0364303588867188 -0.00727462768554688 0.290618896484375 -0.084625244140625
0.0316696166992188 -0.00387954711914063 -0.266555786132813 0.044158935546875
0.0119266510009766 -0.0157747268676758 -0.22314453125 -0.250930786132813
0.0242938995361328 0.00181770324707031 0.0697021484375 -0.513153076171875
0.0217666625976563 0.013519287109375 0.5692138671875 -0.43145751953125
-0.0198955535888672 -0.0014495849609375 0.77923583984375 0.272705078125
-0.0373001098632813 -0.0457916259765625 0.26470947265625 0.9306640625
0.0287876129150391 -0.0128631591796875 -0.369140625 0.69647216796875
0.0698318481445313 0.00516891479492188 0.0518035888671875 0.0470809936523438
0.0317096710205078 -0.0339183807373047 0.4351806640625 -0.733154296875
-0.0117454528808594 -0.0352439880371094 -0.3350830078125 -0.97265625
-0.01934814453125 -0.00778388977050781 -0.850341796875 -0.1107177734375
0.0143451690673828 0.00840377807617188 -0.416229248046875 0.5262451171875
0.0223503112792969 0.00655364990234375 0.05889892578125 0.518768310546875
-0.00254440307617188 -0.00651884078979492 0.326416015625 0.19305419921875
0.0359649658203125 -0.0055999755859375 0.2923583984375 -0.08282470703125
0.0277519226074219 -0.000213623046875 -0.26751708984375 0.0442047119140625
0.0128841400146484 -0.0204677581787109 -0.226760864257813 -0.2529296875
0.0288658142089844 -0.00570869445800781 0.067626953125 -0.509490966796875
0.0334644317626953 0.0102977752685547 0.567626953125 -0.43072509765625
-0.0102939605712891 0.00296211242675781 0.7794189453125 0.2728271484375
-0.0346946716308594 -0.0394935607910156 0.26995849609375 0.93206787109375
0.02423095703125 -0.0129241943359375 -0.36700439453125 0.69830322265625
0.0660629272460938 0.00133132934570313 0.0537872314453125 0.0469093322753906
0.0270748138427734 -0.0344390869140625 0.4375 -0.730712890625
-0.0062255859375 -0.0291538238525391 -0.33428955078125 -0.9730224609375
-0.00800371170043945 -0.00401926040649414 -0.85015869140625 -0.10791015625
0.0233707427978516 0.00429916381835938 -0.417022705078125 0.527923583984375
0.0260047912597656 -0.000946044921875 0.057647705078125 0.521209716796875
-0.00390815734863281 -0.0136957168579102 0.321929931640625 0.194915771484375
0.030029296875 -0.00379180908203125 0.291534423828125 -0.08349609375
0.0229625701904297 -9.5367431640625E-05 -0.272735595703125 0.0439300537109375
0.0116977691650391 -0.027740478515625 -0.232131958007813 -0.25347900390625
0.0325431823730469 -0.0138797760009766 0.058258056640625 -0.510223388671875
0.0423393249511719 0.00983047485351563 0.5626220703125 -0.43524169921875
-3.52859497070305E-05 0.00834131240844727 0.783203125 0.26397705078125
-0.0337944030761719 -0.032501220703125 0.278564453125 0.925048828125
0.0223598480224609 -0.0136623382568359 -0.35595703125 0.70281982421875
0.0647392272949219 -0.00191879272460938 0.0543327331542969 0.0502738952636719
0.0258388519287109 -0.032806396484375 0.44659423828125 -0.72802734375
-0.00499153137207031 -0.0221614837646484 -0.3218994140625 -0.97540283203125
0.00278878211975098 0.00173830986022949 -0.84918212890625 -0.11480712890625
0.0325031280517578 -0.000667572021484375 -0.423828125 0.52490234375
0.0297775268554687 -0.00627326965332031 0.050445556640625 0.520233154296875
-0.00184822082519531 -0.0203342437744141 0.3160400390625 0.196014404296875
0.0267906188964844 -0.00531578063964844 0.28961181640625 -0.0843505859375
0.0364990234375 -0.00409317016601563 -0.30029296875 0.042572021484375
0.0105304718017578 -0.00697898864746094 -0.270950317382813 -0.252578735351563
0.0121278762817383 0.01434326171875 0.010650634765625 -0.532470703125
0.00358200073242188 0.0226631164550781 0.517913818359375 -0.499603271484375
-0.0329227447509766 0.00157737731933594 0.78594970703125 0.1827392578125
-0.0376052856445313 -0.0435829162597656 0.332763671875 0.87933349609375
0.0417213439941406 -0.00768661499023438 -0.31585693359375 0.70928955078125
0.0798416137695313 0.016357421875 0.059844970703125 0.0597000122070313
0.045745849609375 -0.02655029296875 0.49658203125 -0.7254638671875
-0.00457382202148437 -0.0383224487304687 -0.2691650390625 -1.02789306640625
-0.0358543395996094 -0.00905990600585938 -0.86517333984375 -0.18963623046875
-0.00806617736816406 0.0191459655761719 -0.469329833984375 0.48870849609375
0.00975322723388672 0.0172758102416992 0.0220947265625 0.504791259765625
-0.00193321704864502 -0.000114083290100098 0.29913330078125 0.19207763671875
0.0392036437988281 -0.006561279296875 0.274826049804687 -0.100006103515625
0.0382308959960938 -0.00348663330078125 -0.291778564453125 0.0453796386718751
0.0111417770385742 -0.00374603271484375 -0.261505126953125 -0.251296997070313
0.0112590789794922 0.0176506042480469 0.02264404296875 -0.528900146484375
-0.000364303588867187 0.023834228515625 0.53082275390625 -0.487548828125
-0.0380477905273438 -0.00278854370117187 0.7838134765625 0.1998291015625
-0.0387725830078125 -0.0489501953125 0.31549072265625 0.89178466796875
0.0421028137207031 -0.00902175903320313 -0.3287353515625 0.706787109375
0.0788803100585937 0.01678466796875 0.0560684204101563 0.0570793151855469
0.0466995239257813 -0.0262413024902344 0.4813232421875 -0.7303466796875
-0.00785064697265625 -0.043243408203125 -0.28973388671875 -1.01531982421875
-0.0402069091796875 -0.0114822387695312 -0.8636474609375 -0.1695556640625
-0.0102405548095703 0.0203132629394531 -0.45489501953125 0.49627685546875
0.00897598266601563 0.0213451385498047 0.033905029296875 0.506072998046875
-0.000897169113159179 0.00306820869445801 0.308837890625 0.190216064453125
0.0401573181152344 -0.0064697265625 0.279464721679688 -0.0972747802734375
0.0383796691894531 -0.00255966186523438 -0.283721923828125 0.0491943359375
0.0115585327148438 -0.00267791748046875 -0.248794555664063 -0.250503540039063
0.0129833221435547 0.0185489654541016 0.039337158203125 -0.52337646484375
-0.000936508178710936 0.0224227905273438 0.542938232421875 -0.470947265625
-0.0390357971191406 -0.00689697265625001 0.7816162109375 0.222412109375
-0.0387611389160156 -0.0523796081542969 0.296875 0.9078369140625
0.0394859313964844 -0.00923919677734375 -0.34490966796875 0.70489501953125
0.0766677856445313 0.0160064697265625 0.0521621704101563 0.0535545349121094
0.0429039001464844 -0.0284309387207031 0.4638671875 -0.73419189453125
-0.0106430053710937 -0.0434722900390625 -0.3057861328125 -1.00335693359375
-0.0407638549804688 -0.014007568359375 -0.86090087890625 -0.150146484375
-0.00904273986816406 0.0200977325439453 -0.4429931640625 0.506103515625
0.00962257385253906 0.0205974578857422 0.0472412109375 0.50897216796875
-0.00134491920471191 0.0020066499710083 0.319122314453125 0.19061279296875
0.0389595031738281 -0.0066070556640625 0.28497314453125 -0.094268798828125
0.0378532409667969 -0.003814697265625 -0.276870727539063 0.0481567382812499
0.0111465454101563 -0.00353050231933594 -0.237564086914062 -0.251708984375
0.0149927139282227 0.0143489837646484 0.0518798828125 -0.524200439453125
0.00373649597167969 0.0194492340087891 0.558380126953125 -0.45947265625
-0.0359573364257812 -0.00684738159179688 0.78448486328125 0.244384765625
-0.0385971069335938 -0.0529670715332031 0.2855224609375 0.91986083984375
0.0374984741210938 -0.0124702453613281 -0.354736328125 0.7030029296875
0.0741195678710938 0.0142669677734375 0.0495223999023438 0.0498504638671875
0.0401115417480469 -0.0320625305175781 0.449462890625 -0.73699951171875
-0.0113601684570313 -0.0433273315429688 -0.32904052734375 -0.99176025390625
-0.0375251770019531 -0.0125617980957031 -0.86102294921875 -0.12921142578125
-0.00405979156494141 0.0165681838989258 -0.42926025390625 0.519012451171875
0.0134983062744141 0.0173578262329102 0.0575561523437499 0.51531982421875
0.000171184539794922 0.00193679332733154 0.32373046875 0.190155029296875
0.0386123657226563 -0.00799942016601563 0.288482666015625 -0.089202880859375
0.0347080230712891 -0.0042572021484375 -0.271530151367188 0.04791259765625
0.010655403137207 -0.00702762603759766 -0.231201171875 -0.251861572265625
0.0199851989746094 0.00996017456054688 0.05999755859375 -0.52008056640625
0.0115938186645508 0.0154800415039062 0.5655517578125 -0.44647216796875
-0.0282363891601563 -0.00535774230957031 0.78460693359375 0.25762939453125
-0.0383949279785156 -0.0503616333007812 0.2740478515625 0.92803955078125
0.0328350067138672 -0.0128822326660156 -0.36279296875 0.70318603515625
0.0726852416992187 0.0087432861328125 0.0504493713378906 0.047576904296875
0.0355262756347656 -0.0332565307617188 0.4383544921875 -0.7379150390625
-0.0120773315429688 -0.0393943786621094 -0.34259033203125 -0.98406982421875
-0.0294990539550781 -0.00997352600097656 -0.859619140625 -0.11114501953125
0.00279998779296875 0.013920783996582 -0.4169921875 0.528900146484375
0.0182170867919922 0.0129299163818359 0.06402587890625 0.518402099609375
-0.000483453273773193 -0.000996530055999756 0.328216552734375 0.190216064453125
0.0373191833496094 -0.0070648193359375 0.29248046875 -0.08721923828125
0.0321140289306641 -0.00343132019042969 -0.269622802734375 0.0473327636718751
0.0106124877929688 -0.0146245956420898 -0.227767944335938 -0.251541137695312
0.0245437622070313 0.0026702880859375 0.06610107421875 -0.517120361328125
0.0212268829345703 0.0141239166259766 0.57086181640625 -0.43988037109375
-0.020599365234375 -0.00110816955566407 0.7860107421875 0.2691650390625
-0.0372657775878906 -0.0460395812988281 0.27197265625 0.9344482421875
0.0294399261474609 -0.0128307342529297 -0.3663330078125 0.7032470703125
0.0702972412109375 0.00551605224609375 0.051422119140625 0.0480117797851563
0.0317916870117188 -0.0336246490478516 0.43328857421875 -0.7401123046875
-0.0103607177734375 -0.0338153839111328 -0.34564208984375 -0.97607421875
-0.0192184448242188 -0.00566482543945313 -0.8580322265625 -0.1021728515625
0.0131950378417969 0.00719928741455078 -0.412994384765625 0.53607177734375
0.0223674774169922 0.00767898559570313 0.065887451171875 0.521087646484375
-0.00183296203613281 -0.00592374801635742 0.328857421875 0.190338134765625
0.0339641571044922 -0.00668144226074219 0.292877197265625 -0.085968017578125
0.0285568237304688 -0.00101470947265625 -0.269912719726563 0.04803466796875
0.0128917694091797 -0.0220985412597656 -0.231414794921875 -0.253463745117188
0.0295047760009766 -0.00609588623046875 0.061309814453125 -0.5167236328125
0.033599853515625 0.0112075805664062 0.56927490234375 -0.4388427734375
-0.0113887786865234 0.00242233276367188 0.78668212890625 0.26837158203125
-0.0351448059082031 -0.040313720703125 0.27569580078125 0.9359130859375
0.0250205993652344 -0.0123920440673828 -0.36328125 0.70599365234375
0.06695556640625 0.000698089599609375 0.0546073913574219 0.0479583740234375
0.0289897918701172 -0.0340118408203125 0.43621826171875 -0.73980712890625
-0.00956153869628906 -0.0291061401367188 -0.3416748046875 -0.97796630859375
-0.00852203369140625 -0.00194644927978516 -0.85809326171875 -0.101318359375
0.0231113433837891 0.00249862670898438 -0.41552734375 0.536529541015625
0.0254592895507813 -0.00069427490234375 0.06427001953125 0.524871826171875
-0.00247955322265625 -0.0135231018066406 0.325927734375 0.191192626953125
0.0304927825927734 -0.00605010986328125 0.29248046875 -0.085174560546875
0.0216865539550781 -0.000429153442382812 -0.273834228515625 0.0453033447265625
0.0108318328857422 -0.0264778137207031 -0.237945556640625 -0.25201416015625
0.0338573455810547 -0.0131359100341797 0.05157470703125 -0.51483154296875
0.0428428649902344 0.00934600830078125 0.56329345703125 -0.44268798828125
-0.0018010139465332 0.00777721405029297 0.78955078125 0.26019287109375
-0.0336532592773438 -0.0325851440429688 0.28753662109375 0.9310302734375
0.0223197937011719 -0.0124034881591797 -0.35491943359375 0.70849609375
0.0639686584472656 -0.00241470336914063 0.0561714172363281 0.0506629943847656
0.0258140563964844 -0.0333461761474609 0.44232177734375 -0.73614501953125
-0.00592422485351563 -0.0216293334960937 -0.3348388671875 -0.97930908203125
0.00083613395690918 0.00244998931884766 -0.856201171875 -0.1097412109375
0.0320911407470703 -0.00119781494140625 -0.422027587890625 0.53167724609375
0.0297775268554688 -0.00732994079589844 0.05474853515625 0.5260009765625
-0.00419807434082031 -0.0187625885009766 0.320465087890625 0.1927490234375
0.0273761749267578 -0.00721549987792969 0.291534423828125 -0.087371826171875
0.0378227233886719 -0.00403976440429688 -0.303009033203125 0.0466003417968751
0.0110311508178711 -0.00748729705810547 -0.278854370117188 -0.250961303710938
0.0108242034912109 0.014399528503418 0.00286865234375 -0.535552978515625
0.00467491149902344 0.0237140655517578 0.514404296875 -0.508056640625
-0.032135009765625 0.00170516967773437 0.79266357421875 0.1759033203125
-0.0364456176757813 -0.0414695739746094 0.34442138671875 0.88299560546875
0.043212890625 -0.0081634521484375 -0.312744140625 0.7158203125
0.078399658203125 0.0144577026367187 0.0587158203125 0.0607185363769531
0.0468978881835938 -0.0239372253417969 0.49322509765625 -0.734130859375
-0.00524139404296875 -0.0384368896484375 -0.28094482421875 -1.03192138671875
-0.0379066467285156 -0.00709152221679688 -0.8740234375 -0.18218994140625
-0.00810813903808594 0.0195236206054688 -0.468109130859375 0.49554443359375
0.0103206634521484 0.0181121826171875 0.02618408203125 0.508544921875
-0.00152361392974854 0.000871539115905762 0.30389404296875 0.187713623046875
0.040008544921875 -0.00640106201171875 0.274307250976563 -0.102752685546875
0.0378341674804688 -0.00522613525390625 -0.29388427734375 0.050140380859375
0.0108652114868164 -0.00327968597412109 -0.265243530273438 -0.250198364257813
0.0120487213134766 0.0178604125976563 0.018707275390625 -0.535125732421875
-0.00203704833984375 0.0239372253417969 0.527618408203125 -0.495452880859375
-0.0383224487304688 -0.00278472900390625 0.7908935546875 0.19415283203125
-0.0405197143554688 -0.0479469299316406 0.32208251953125 0.89434814453125
0.0423660278320313 -0.0105934143066406 -0.3275146484375 0.71478271484375
0.0787124633789063 0.0165176391601563 0.0560264587402344 0.0587539672851562
0.0459785461425781 -0.0273551940917969 0.47723388671875 -0.7384033203125
-0.0100936889648437 -0.0433807373046875 -0.29852294921875 -1.01971435546875
-0.0428695678710938 -0.0117645263671875 -0.8707275390625 -0.1632080078125
-0.0110664367675781 0.0213851928710938 -0.45538330078125 0.506439208984375
0.0105075836181641 0.0217227935791016 0.0406494140625 0.509124755859375
5.03063201904299E-05 0.00263333320617676 0.3138427734375 0.188507080078125
0.040069580078125 -0.007049560546875 0.281585693359375 -0.100189208984375
0.0387115478515625 -0.00372695922851563 -0.284515380859375 0.052581787109375
0.0122861862182617 -0.00312900543212891 -0.25439453125 -0.250717163085938
0.0122871398925781 0.0178184509277344 0.033203125 -0.5286865234375
-0.000905990600585936 0.0229301452636719 0.543304443359375 -0.482177734375
-0.0396347045898438 -0.00566101074218751 0.78839111328125 0.216552734375
-0.0409126281738281 -0.050537109375 0.30596923828125 0.907470703125
0.0395240783691406 -0.01190185546875 -0.34039306640625 0.714599609375
0.0765457153320312 0.0174179077148437 0.0521926879882813 0.0520706176757813
0.0435714721679688 -0.0284767150878906 0.4630126953125 -0.74267578125
-0.0123291015625 -0.0455970764160156 -0.31689453125 -1.0078125
-0.041778564453125 -0.0126266479492188 -0.8675537109375 -0.14208984375
-0.00957679748535156 0.0205554962158203 -0.441131591796875 0.515350341796875
0.0100345611572266 0.0203628540039063 0.052978515625 0.51153564453125
-6.15119934082035E-05 0.00539493560791016 0.322418212890625 0.18731689453125
0.0405044555664063 -0.0070953369140625 0.28753662109375 -0.097503662109375
0.0391998291015625 -0.0056610107421875 -0.278945922851562 0.0513458251953124
0.0127763748168945 -0.00220870971679688 -0.242996215820313 -0.250381469726563
0.0154438018798828 0.0149240493774414 0.045318603515625 -0.527313232421875
0.00489997863769531 0.0200176239013672 0.554931640625 -0.468170166015625
-0.0360336303710938 -0.0057373046875 0.7940673828125 0.23822021484375
-0.0396766662597656 -0.0523796081542969 0.293701171875 0.9232177734375
0.0383338928222656 -0.0111160278320313 -0.35052490234375 0.71051025390625
0.0763702392578125 0.01190185546875 0.0506057739257813 0.0502128601074219
0.0398597717285156 -0.0303955078125 0.4443359375 -0.74530029296875
-0.0111732482910156 -0.0439300537109375 -0.33795166015625 -0.998779296875
-0.0384407043457031 -0.0126762390136719 -0.87042236328125 -0.1217041015625
-0.00442886352539063 0.015568733215332 -0.427154541015625 0.52679443359375
0.013545036315918 0.017277717590332 0.064300537109375 0.518707275390625
-0.000123262405395508 0.0041654109954834 0.330413818359375 0.1885986328125
0.0390892028808594 -0.00880813598632813 0.29156494140625 -0.093597412109375
0.0352897644042969 -0.0039825439453125 -0.27447509765625 0.05230712890625
0.0110321044921875 -0.00687694549560547 -0.23675537109375 -0.251449584960938
0.0200481414794922 0.0103912353515625 0.055023193359375 -0.52410888671875
0.0114965438842773 0.015507698059082 0.56353759765625 -0.455322265625
-0.0310440063476562 -0.0042877197265625 0.791748046875 0.25390625
-0.0392341613769531 -0.0496406555175781 0.2841796875 0.932861328125
0.033782958984375 -0.0115718841552734 -0.3602294921875 0.71075439453125
0.0729904174804688 0.00994873046875 0.0506401062011719 0.0483207702636719
0.0350418090820313 -0.033050537109375 0.4366455078125 -0.74725341796875
-0.0114326477050781 -0.0396842956542969 -0.3524169921875 -0.98626708984375
-0.0296573638916016 -0.010101318359375 -0.86700439453125 -0.10595703125
0.00195598602294922 0.0139379501342773 -0.41571044921875 0.535919189453125
0.0180854797363281 0.0140876770019531 0.070556640625 0.522613525390625
-0.00128960609436035 -0.000337839126586914 0.33306884765625 0.18743896484375
0.0384254455566406 -0.007598876953125 0.293731689453125 -0.092620849609375
0.0328273773193359 -0.00213623046875 -0.272109985351563 0.05133056640625
0.0123720169067383 -0.013920783996582 -0.2333984375 -0.251129150390625
0.0257682800292969 0.00324058532714844 0.057373046875 -0.519287109375
0.0216159820556641 0.0128993988037109 0.56829833984375 -0.449951171875
-0.0210609436035156 -0.00118255615234375 0.79278564453125 0.26416015625
-0.0383377075195313 -0.0445556640625 0.28289794921875 0.9403076171875
0.0294437408447266 -0.0131683349609375 -0.36334228515625 0.7108154296875
0.0689849853515625 0.00482940673828125 0.0508956909179688 0.0476341247558594
0.0329246520996094 -0.0336456298828125 0.4305419921875 -0.7503662109375
-0.0120429992675781 -0.035888671875 -0.35614013671875 -0.98248291015625
-0.0213031768798828 -0.00724220275878907 -0.8634033203125 -0.0961914062499999
0.0131378173828125 0.00747108459472656 -0.41107177734375 0.5440673828125
0.0242919921875 0.0067291259765625 0.071990966796875 0.524688720703125
-0.00171136856079102 -0.00715065002441406 0.3341064453125 0.18768310546875
0.0363693237304687 -0.0086517333984375 0.295623779296875 -0.089691162109375
0.0291690826416016 -0.0029296875 -0.272674560546875 0.0497894287109375
0.0118179321289063 -0.0220699310302734 -0.236709594726563 -0.250778198242188
0.0305500030517578 -0.00449943542480469 0.054779052734375 -0.520355224609375
0.0333518981933594 0.0110855102539062 0.56756591796875 -0.44677734375
-0.0104293823242188 0.00268268585205078 0.7923583984375 0.2637939453125
-0.0356025695800781 -0.0394744873046875 0.2843017578125 0.941162109375
0.0254573822021484 -0.0139961242675781 -0.35986328125 0.71307373046875
0.0675582885742188 0.00078582763671875 0.0522270202636719 0.0482635498046875
0.0280685424804688 -0.0337123870849609 0.43218994140625 -0.750244140625
-0.00881576538085938 -0.0274734497070313 -0.35491943359375 -0.97998046875
-0.00911140441894531 -0.00295543670654297 -0.86431884765625 -0.095703125
0.0240440368652344 0.00304794311523438 -0.411346435546875 0.54327392578125
0.0267410278320313 -0.000823974609375 0.07147216796875 0.527679443359375
-0.00266361236572266 -0.012725830078125 0.3311767578125 0.189208984375
0.0313262939453125 -0.00758552551269531 0.29541015625 -0.08984375
0.02410888671875 -0.00326347351074219 -0.277618408203125 0.0488433837890625
0.0115261077880859 -0.0271816253662109 -0.243881225585937 -0.252166748046875
0.0336875915527344 -0.0139331817626953 0.0464477539062501 -0.51837158203125
0.0423431396484375 0.008758544921875 0.55975341796875 -0.454010009765625
-0.00202083587646484 0.00936603546142578 0.79815673828125 0.25653076171875
-0.0347805023193359 -0.0323944091796875 0.2979736328125 0.93682861328125
0.0222530364990234 -0.0131950378417969 -0.3515625 0.718505859375
0.0660133361816406 -0.00252532958984375 0.0559654235839844 0.0504264831542969
0.0264091491699219 -0.033447265625 0.440673828125 -0.74493408203125
-0.00499916076660156 -0.0229110717773438 -0.3428955078125 -0.9859619140625
0.00164532661437988 0.00262188911437988 -0.8636474609375 -0.1024169921875
0.0331954956054687 -0.000551223754882813 -0.419158935546875 0.540618896484375
0.0301723480224609 -0.00668907165527344 0.06109619140625 0.52972412109375
-0.00325965881347656 -0.0193767547607422 0.32342529296875 0.19134521484375
0.0272312164306641 -0.00644302368164063 0.293182373046875 -0.09051513671875
0.0395545959472656 -0.00594711303710938 -0.3050537109375 0.051605224609375
0.0114021301269531 -0.00843620300292969 -0.283905029296875 -0.247802734375
0.0116548538208008 0.0149269104003906 -0.00515747070312499 -0.540435791015625
0.00318336486816406 0.0246162414550781 0.509521484375 -0.51873779296875
-0.0342617034912109 0.00072669982910157 0.79681396484375 0.16748046875
-0.0386581420898437 -0.0417709350585938 0.3538818359375 0.88629150390625
0.0427513122558594 -0.00916290283203125 -0.3065185546875 0.72515869140625
0.0789871215820313 0.0151519775390625 0.0595359802246094 0.0611839294433594
0.0477523803710938 -0.0263748168945313 0.48760986328125 -0.7421875
-0.00565719604492187 -0.039764404296875 -0.2926025390625 -1.0357666015625
-0.0384483337402344 -0.00777053833007812 -0.87921142578125 -0.173583984375
-0.00813674926757812 0.0208549499511719 -0.464508056640625 0.502593994140625
0.0109367370605469 0.0192203521728516 0.032440185546875 0.509796142578125
-6.71148300170898E-05 0.00104808807373047 0.307830810546875 0.185089111328125
0.0403289794921875 -0.009246826171875 0.276031494140625 -0.107162475585938
0.0391921997070313 -0.00590896606445313 -0.296783447265625 0.05462646484375
0.0111446380615234 -0.00383281707763672 -0.272293090820313 -0.248199462890625
0.0115528106689453 0.0180587768554687 0.009124755859375 -0.5372314453125
-0.00104904174804687 0.0233821868896484 0.5263671875 -0.50592041015625
-0.0410652160644531 -0.00308609008789062 0.79425048828125 0.18621826171875
-0.0392646789550781 -0.04718017578125 0.33660888671875 0.89678955078125
0.0427474975585938 -0.010986328125 -0.3206787109375 0.7213134765625
0.0790328979492188 0.01422119140625 0.05712890625 0.0576210021972656
0.0471954345703125 -0.0293235778808594 0.47088623046875 -0.7474365234375
-0.0088348388671875 -0.0432929992675781 -0.31298828125 -1.0223388671875
-0.0441627502441406 -0.0102119445800781 -0.877685546875 -0.1522216796875
-0.0113677978515625 0.0211296081542969 -0.44927978515625 0.514404296875
0.00980186462402344 0.0194568634033203 0.046356201171875 0.511993408203125
-0.000156402587890625 0.00437831878662109 0.318115234375 0.185546875
0.0421142578125 -0.008880615234375 0.28021240234375 -0.104843139648438
0.0394668579101562 -0.00510406494140625 -0.2891845703125 0.0545654296875
0.0121641159057617 -0.00331592559814453 -0.259918212890625 -0.245895385742188
0.0137405395507813 0.0182628631591797 0.02471923828125 -0.533782958984375
0.000226974487304686 0.0221481323242188 0.537841796875 -0.488861083984375
-0.0404777526855469 -0.00525283813476562 0.79425048828125 0.20709228515625
-0.0410957336425781 -0.0511894226074219 0.31591796875 0.91009521484375
0.0402603149414062 -0.0115699768066406 -0.33648681640625 0.722900390625
0.0774459838867188 0.0149917602539063 0.0522613525390625 0.0544967651367187
0.0440673828125 -0.0293540954589844 0.457275390625 -0.751708984375
-0.0110054016113281 -0.0429840087890625 -0.33050537109375 -1.013427734375
-0.0430908203125 -0.0123176574707031 -0.87469482421875 -0.134765625
-0.00965309143066406 0.0205135345458984 -0.436187744140625 0.52532958984375
0.0106143951416016 0.0211353302001953 0.06103515625 0.51324462890625
-9.1075897216797E-05 0.00554752349853516 0.328277587890625 0.183135986328125
0.0410881042480469 -0.00939178466796875 0.28729248046875 -0.101593017578125
0.0391464233398438 -0.0066375732421875 -0.28204345703125 0.054595947265625
0.0116434097290039 -0.00491714477539063 -0.248428344726563 -0.2486572265625
0.0161819458007813 0.0161943435668945 0.03875732421875 -0.532470703125
0.00319671630859375 0.0196952819824219 0.5506591796875 -0.47747802734375
-0.0367279052734375 -0.00660324096679688 0.79888916015625 0.22900390625
-0.0402793884277344 -0.0510940551757813 0.30584716796875 0.924072265625
0.0383491516113281 -0.0124473571777344 -0.347900390625 0.71832275390625
0.0770111083984375 0.0117034912109375 0.0506324768066406 0.0499000549316406
0.0410881042480469 -0.0305252075195313 0.4405517578125 -0.75384521484375
-0.0125083923339844 -0.0416145324707031 -0.349365234375 -0.99932861328125
-0.0402679443359375 -0.0108489990234375 -0.87548828125 -0.112548828125
-0.00393486022949219 0.0176467895507813 -0.422607421875 0.535888671875
0.0151805877685547 0.0183010101318359 0.0708007812500001 0.519378662109375
-0.000309467315673828 0.00243473052978516 0.33380126953125 0.183868408203125
0.0398368835449219 -0.010162353515625 0.291290283203125 -0.09722900390625
0.0354270935058594 -0.00702667236328125 -0.276092529296875 0.0563507080078125
0.0119457244873047 -0.00803852081298828 -0.24169921875 -0.248641967773437
0.0203113555908203 0.0107746124267578 0.04864501953125 -0.526641845703125
0.0110177993774414 0.0170526504516602 0.5596923828125 -0.466033935546875
-0.0308609008789062 -0.00482177734374999 0.79736328125 0.24603271484375
-0.0397758483886719 -0.048004150390625 0.29449462890625 0.93255615234375
0.0337409973144531 -0.0130786895751953 -0.356201171875 0.7197265625
0.0727462768554688 0.0095062255859375 0.0516586303710938 0.0496101379394531
0.0354156494140625 -0.0319366455078125 0.42987060546875 -0.7554931640625
-0.0123558044433594 -0.0398521423339844 -0.36370849609375 -0.987060546875
-0.0309123992919922 -0.00881576538085937 -0.8731689453125 -0.0950927734375
0.00433921813964844 0.0133552551269531 -0.41094970703125 0.543548583984375
0.0179405212402344 0.0129470825195313 0.079376220703125 0.52325439453125
-0.00058668851852417 -0.00031745433807373 0.33770751953125 0.183746337890625
0.0381240844726563 -0.00843048095703125 0.29412841796875 -0.09393310546875
0.0333957672119141 -0.00459861755371094 -0.272369384765625 0.0553741455078125
0.0114307403564453 -0.0135326385498047 -0.238922119140625 -0.248214721679688
0.0243167877197266 0.00300025939941406 0.05218505859375 -0.525390625
0.0203208923339844 0.0139579772949219 0.56390380859375 -0.45953369140625
-0.0229549407958984 -0.00185966491699219 0.800048828125 0.2562255859375
-0.0379905700683594 -0.0453414916992188 0.293212890625 0.9412841796875
0.0294857025146484 -0.0123519897460938 -0.3555908203125 0.7188720703125
0.0687294006347656 0.00402069091796875 0.0514984130859375 0.0475807189941406
0.0328216552734375 -0.0349140167236328 0.42388916015625 -0.758056640625
-0.0114517211914063 -0.0355033874511719 -0.37060546875 -0.98272705078125
-0.0203113555908203 -0.00651741027832031 -0.8712158203125 -0.0865478515625002
0.0133390426635742 0.00771236419677734 -0.406524658203125 0.552154541015625
0.0223236083984375 0.00518417358398438 0.08001708984375 0.52825927734375
-0.00348520278930664 -0.0044403076171875 0.338470458984375 0.183563232421875
0.0359382629394531 -0.00872039794921875 0.2965087890625 -0.09405517578125
0.028411865234375 -0.00355720520019531 -0.274673461914063 0.05517578125
0.0103359222412109 -0.0198192596435547 -0.241500854492188 -0.250961303710938
0.0292167663574219 -0.00565910339355469 0.047332763671875 -0.523040771484375
0.0334682464599609 0.0102958679199219 0.56304931640625 -0.45556640625
-0.0136089324951172 0.0029745101928711 0.79931640625 0.25836181640625
-0.0379486083984375 -0.0386276245117187 0.296630859375 0.94329833984375
0.0254077911376953 -0.0144271850585937 -0.35565185546875 0.719482421875
0.067413330078125 -0.00136947631835938 0.05389404296875 0.0480384826660156
0.0284080505371094 -0.0340728759765625 0.4261474609375 -0.75762939453125
-0.00860214233398437 -0.0294399261474609 -0.3670654296875 -0.98126220703125
-0.0100698471069336 -0.000931739807128907 -0.8697509765625 -0.0848999023437502
0.0231571197509766 0.00302696228027344 -0.406829833984375 0.552398681640625
0.0289649963378906 8.20159912109375E-05 0.0760498046875 0.5277099609375
-0.00236225128173828 -0.0118227005004883 0.335296630859375 0.1844482421875
0.0319786071777344 -0.00790214538574219 0.29534912109375 -0.0936279296875
0.0238761901855469 -0.00295257568359375 -0.279006958007813 0.05413818359375
0.0107097625732422 -0.0266780853271484 -0.248886108398438 -0.2503662109375
0.0332050323486328 -0.0131645202636719 0.037322998046875 -0.52288818359375
0.0439453125 0.00916671752929688 0.55908203125 -0.462860107421875
-0.00286006927490234 0.00866365432739258 0.802734375 0.24798583984375
-0.0352401733398438 -0.0324516296386719 0.3099365234375 0.9365234375
0.0222415924072266 -0.0127124786376953 -0.3450927734375 0.7254638671875
0.0651016235351563 -0.00421142578125 0.0559425354003906 0.0511054992675781
0.0249614715576172 -0.0343837738037109 0.4332275390625 -0.75244140625
-0.00581550598144531 -0.0216217041015625 -0.3565673828125 -0.98638916015625
0.000780105590820313 0.00290155410766602 -0.869384765625 -0.0923461914062502
0.0313529968261719 -0.00137710571289062 -0.41497802734375 0.5509033203125
0.0300235748291016 -0.00757217407226563 0.0700073242187499 0.5289306640625
-0.0032501220703125 -0.0186710357666016 0.329437255859375 0.18707275390625
0.0275478363037109 -0.0083160400390625 0.292755126953125 -0.094146728515625
0.0385475158691406 -0.0068206787109375 -0.30706787109375 0.05615234375
0.0101804733276367 -0.00699329376220703 -0.28875732421875 -0.243621826171875
0.0120716094970703 0.0143928527832031 -0.0126037597656249 -0.541748046875
0.00405311584472656 0.023651123046875 0.504638671875 -0.526702880859375
-0.0352210998535156 0.00316238403320313 0.80328369140625 0.15765380859375
-0.0383224487304687 -0.0423011779785156 0.36492919921875 0.88543701171875
0.0431632995605469 -0.0102577209472656 -0.29876708984375 0.73187255859375
0.0803680419921875 0.0140457153320313 0.060760498046875 0.0618019104003906
0.0471839904785156 -0.0271568298339844 0.4805908203125 -0.75262451171875
-0.00662612915039062 -0.0369300842285156 -0.3084716796875 -1.034912109375
-0.0391960144042969 -0.00683975219726563 -0.8856201171875 -0.16436767578125
-0.00862503051757813 0.0202503204345703 -0.46063232421875 0.512939453125
0.0113353729248047 0.0185737609863281 0.041229248046875 0.512847900390625
-0.000573515892028809 0.00214314460754395 0.311187744140625 0.180572509765625
0.0396041870117188 -0.0104446411132813 0.276321411132813 -0.111968994140625
0.0397758483886719 -0.00815963745117188 -0.29876708984375 0.05816650390625
0.0102453231811523 -0.00327396392822266 -0.276458740234375 -0.245452880859375
0.0118122100830078 0.0186214447021484 0.000732421875000034 -0.539703369140625
-0.000980377197265622 0.0248737335205078 0.51995849609375 -0.514862060546875
-0.04083251953125 -0.0022430419921875 0.8009033203125 0.17645263671875
-0.0404739379882813 -0.0471687316894531 0.347412109375 0.8975830078125
0.0428581237792969 -0.0116653442382813 -0.31585693359375 0.7301025390625
0.08013916015625 0.0137481689453125 0.0570068359375 0.0578689575195313
0.0450630187988281 -0.0273857116699219 0.46600341796875 -0.75518798828125
-0.0092010498046875 -0.0433311462402344 -0.32928466796875 -1.02252197265625
-0.0421028137207031 -0.00940322875976562 -0.8841552734375 -0.14398193359375
-0.0111865997314453 0.0204124450683594 -0.4451904296875 0.523681640625
0.0100898742675781 0.0214576721191406 0.054473876953125 0.513458251953125
-6.05583190917964E-05 0.00597524642944336 0.32177734375 0.179901123046875
0.0407524108886719 -0.0106544494628906 0.281524658203125 -0.10986328125
0.0388946533203125 -0.008209228515625 -0.289794921875 0.059967041015625
0.012385368347168 -0.00289344787597656 -0.26531982421875 -0.24456787109375
0.0131587982177734 0.018218994140625 0.01751708984375 -0.5360107421875
-0.000177383422851563 0.0234794616699219 0.532928466796875 -0.50115966796875
-0.0420112609863281 -0.0047149658203125 0.80126953125 0.19854736328125
-0.0416488647460937 -0.0506820678710938 0.330078125 0.908935546875
0.0417861938476563 -0.012542724609375 -0.32708740234375 0.72802734375
0.0781173706054688 0.014404296875 0.0532798767089844 0.0548095703125
0.0423927307128906 -0.0298004150390625 0.448974609375 -0.75927734375
-0.0129203796386719 -0.0445289611816406 -0.34466552734375 -1.011474609375
-0.0443840026855469 -0.00976943969726562 -0.88006591796875 -0.12164306640625
-0.0108127593994141 0.0199356079101563 -0.4305419921875 0.532745361328125
0.0108604431152344 0.0221004486083984 0.06695556640625 0.516082763671875
0.000305652618408203 0.00513315200805664 0.331756591796875 0.178497314453125
0.0404243469238281 -0.0096893310546875 0.2877197265625 -0.106475830078125
0.0384941101074219 -0.00859832763671875 -0.2818603515625 0.0599975585937501
0.010676383972168 -0.00413417816162109 -0.254119873046875 -0.246292114257812
0.0159177780151367 0.0158567428588867 0.028839111328125 -0.534393310546875
0.00373268127441406 0.0196037292480469 0.546722412109375 -0.486083984375
-0.0392646789550781 -0.00486373901367187 0.8038330078125 0.22119140625
-0.0411796569824219 -0.0511054992675781 0.3179931640625 0.92584228515625
0.0376625061035156 -0.01202392578125 -0.33935546875 0.726806640625
0.07501220703125 0.00968170166015625 0.0518112182617188 0.0522880554199219
0.0416755676269531 -0.0320091247558594 0.4320068359375 -0.760498046875
-0.0126495361328125 -0.0435562133789063 -0.36578369140625 -0.99810791015625
-0.0404853820800781 -0.0102157592773438 -0.87945556640625 -0.102783203125
-0.00508308410644531 0.0181407928466797 -0.4158935546875 0.54400634765625
0.0149612426757813 0.0176372528076172 0.077972412109375 0.523101806640625
-0.00114297866821289 0.00549793243408203 0.33929443359375 0.17828369140625
0.0396308898925781 -0.01165771484375 0.2919921875 -0.10247802734375
0.0372467041015625 -0.00695419311523438 -0.276840209960938 0.0612945556640625
0.0114412307739258 -0.00748443603515625 -0.247726440429687 -0.246322631835937
0.0198898315429688 0.0103626251220703 0.038330078125 -0.531036376953125
0.0107240676879883 0.0158452987670898 0.555084228515625 -0.476043701171875
-0.0322532653808594 -0.00518035888671874 0.80389404296875 0.23663330078125
-0.042022705078125 -0.048583984375 0.30743408203125 0.93682861328125
0.0341300964355469 -0.0150108337402344 -0.34832763671875 0.72564697265625
0.0717086791992188 0.00724029541015625 0.0509719848632813 0.0476455688476562
0.0359153747558594 -0.0341377258300781 0.42327880859375 -0.76214599609375
-0.0131034851074219 -0.0403366088867187 -0.3804931640625 -0.9891357421875
-0.0323772430419922 -0.00835800170898438 -0.87860107421875 -0.0850830078125001
0.00380039215087891 0.012939453125 -0.40484619140625 0.553955078125
0.0193881988525391 0.0117912292480469 0.08697509765625 0.52459716796875
-0.00146257877349854 -0.000188350677490234 0.341888427734375 0.17926025390625
0.0372314453125 -0.01068115234375 0.2957763671875 -0.099761962890625
0.0328617095947266 -0.00607490539550781 -0.274368286132813 0.0595245361328125
0.0115842819213867 -0.0138826370239258 -0.245223999023438 -0.246505737304687
0.0257759094238281 0.00320625305175781 0.0428466796875 -0.527679443359375
0.0214900970458984 0.0133056640625 0.561981201171875 -0.467926025390625
-0.0234642028808594 -0.000978469848632808 0.8045654296875 0.24713134765625
-0.0396690368652344 -0.0435142517089844 0.3065185546875 0.942626953125
0.0289268493652344 -0.01409912109375 -0.3502197265625 0.7269287109375
0.0693931579589844 0.00231170654296875 0.050201416015625 0.0473785400390625
0.0316734313964844 -0.035400390625 0.4169921875 -0.76507568359375
-0.0102977752685547 -0.0350742340087891 -0.3836669921875 -0.983154296875
-0.0214900970458984 -0.0050506591796875 -0.874267578125 -0.0754394531249999
0.0124740600585938 0.00740909576416016 -0.399688720703125 0.5582275390625
0.0230503082275391 0.00639533996582031 0.088775634765625 0.529449462890625
-0.00118207931518555 -0.00454282760620117 0.3427734375 0.178436279296875
0.0344696044921875 -0.0104026794433594 0.29620361328125 -0.09808349609375
0.0281867980957031 -0.00538825988769531 -0.276947021484375 0.0597991943359375
0.0113620758056641 -0.0211658477783203 -0.247268676757812 -0.248947143554688
0.0293540954589844 -0.00502967834472656 0.03814697265625 -0.5247802734375
0.0321388244628906 0.0109596252441406 0.559600830078125 -0.46612548828125
-0.0125846862792969 0.00377750396728516 0.80609130859375 0.2481689453125
-0.0373764038085937 -0.0385208129882813 0.30999755859375 0.94366455078125
0.0259723663330078 -0.0142936706542969 -0.3477783203125 0.7288818359375
0.068267822265625 -0.00052642822265625 0.0528564453125 0.0480117797851563
0.0282096862792969 -0.0352401733398438 0.41876220703125 -0.76470947265625
-0.00893211364746094 -0.0279788970947266 -0.382568359375 -0.9820556640625
-0.0101184844970703 -0.00121593475341797 -0.87469482421875 -0.0756835937499999
0.022064208984375 0.00158500671386719 -0.39984130859375 0.560546875
0.0275630950927734 -0.0004730224609375 0.0853271484375 0.531524658203125
-0.00269031524658203 -0.0119686126708984 0.34051513671875 0.180877685546875
0.0311965942382812 -0.00974464416503906 0.296234130859375 -0.099151611328125
0.0250988006591797 -0.00404930114746094 -0.280120849609375 0.05804443359375
0.011138916015625 -0.0264530181884766 -0.254425048828125 -0.247802734375
0.0335197448730469 -0.0139751434326172 0.02923583984375 -0.52655029296875
0.0439643859863281 0.0077972412109375 0.55352783203125 -0.4716796875
-0.00299739837646484 0.00944423675537109 0.80810546875 0.239501953125
-0.0352096557617188 -0.0322799682617187 0.3206787109375 0.938232421875
0.0224895477294922 -0.014923095703125 -0.33868408203125 0.73052978515625
0.0647010803222656 -0.00423812866210938 0.0558815002441406 0.051788330078125
0.024261474609375 -0.0352058410644531 0.42633056640625 -0.7611083984375
-0.00516700744628906 -0.0232257843017578 -0.3697509765625 -0.98724365234375
-3.38554382324222E-05 0.00319170951843262 -0.87164306640625 -0.0808715820312499
0.0313529968261719 -0.00121116638183594 -0.4083251953125 0.558074951171875
0.0306167602539063 -0.00927162170410156 0.0779724121093749 0.53253173828125
-0.00228500366210938 -0.0176620483398437 0.33380126953125 0.18267822265625
0.0275440216064453 -0.00931930541992188 0.293792724609375 -0.097869873046875
0.03875732421875 -0.00862884521484375 -0.30780029296875 0.0621032714843749
0.0104179382324219 -0.00662708282470703 -0.294342041015625 -0.2408447265625
0.012486457824707 0.0145730972290039 -0.021881103515625 -0.542694091796875
0.00316619873046875 0.0252037048339844 0.49810791015625 -0.537689208984375
-0.0359382629394531 0.00313568115234374 0.80584716796875 0.1473388671875
-0.0392112731933594 -0.0416984558105469 0.37774658203125 0.884033203125
0.0435104370117187 -0.0117073059082031 -0.2904052734375 0.73681640625
0.0807723999023438 0.0129241943359375 0.0606880187988281 0.0628471374511719
0.0467910766601563 -0.0260543823242188 0.47216796875 -0.759765625
-0.00647735595703125 -0.0376014709472656 -0.3223876953125 -1.03387451171875
-0.0403709411621094 -0.00639343261718749 -0.88995361328125 -0.15093994140625
-0.00874519348144531 0.0205135345458984 -0.45281982421875 0.522308349609375
0.0113773345947266 0.0192470550537109 0.04888916015625 0.512908935546875
0.000265836715698242 0.00232124328613281 0.316864013671875 0.175811767578125
0.0404205322265625 -0.0114784240722656 0.276123046875 -0.114608764648438
0.0402908325195313 -0.00905227661132813 -0.298858642578125 0.06298828125
0.00990867614746094 -0.00350570678710937 -0.281341552734375 -0.240997314453125
0.0119132995605469 0.0201053619384766 -0.00802612304687503 -0.53985595703125
-0.000205993652343752 0.0238685607910156 0.511260986328125 -0.52398681640625
-0.0412826538085938 -0.00118637084960938 0.8040771484375 0.1668701171875
-0.040191650390625 -0.0466384887695313 0.35986328125 0.89544677734375
0.042938232421875 -0.0118331909179688 -0.30462646484375 0.73541259765625
0.0797882080078125 0.0132369995117188 0.0567054748535156 0.0575218200683594
0.046722412109375 -0.0282325744628906 0.4549560546875 -0.7633056640625
-0.00981521606445313 -0.0422325134277344 -0.341796875 -1.0206298828125
-0.0432548522949219 -0.00874710083007813 -0.88690185546875 -0.12933349609375
-0.0119915008544922 0.0219573974609375 -0.438873291015625 0.531524658203125
0.0105876922607422 0.0213813781738281 0.06353759765625 0.51422119140625
0.000874042510986328 0.00610876083374023 0.32696533203125 0.174285888671875
0.0424728393554688 -0.0118980407714844 0.28125 -0.114044189453125
0.0386695861816406 -0.00820541381835938 -0.28955078125 0.065673828125
0.0112495422363281 -0.001922607421875 -0.270050048828125 -0.240097045898437
0.0138092041015625 0.0194759368896484 0.00906372070312499 -0.5372314453125
-0.000755310058593752 0.0225048065185547 0.524139404296875 -0.5103759765625
-0.0423965454101563 -0.00539779663085938 0.80438232421875 0.18988037109375
-0.0424270629882812 -0.05072021484375 0.34063720703125 0.90972900390625
0.0413780212402344 -0.012451171875 -0.3197021484375 0.73199462890625
0.0771560668945313 0.014129638671875 0.0534896850585938 0.0551681518554688
0.0427474975585938 -0.0315589904785156 0.44146728515625 -0.76483154296875
-0.0125617980957031 -0.0443611145019531 -0.3572998046875 -1.00872802734375
-0.0439567565917969 -0.00942993164062499 -0.8856201171875 -0.1099853515625
-0.0104446411132813 0.0217247009277344 -0.42333984375 0.54290771484375
0.0116710662841797 0.0211544036865234 0.074798583984375 0.51666259765625
-0.000267982482910157 0.00545120239257813 0.337127685546875 0.17291259765625
0.0406455993652344 -0.0127639770507812 0.287506103515625 -0.110137939453125
0.0394058227539062 -0.0093994140625 -0.282379150390625 0.065277099609375
0.0107097625732422 -0.00374126434326172 -0.259994506835938 -0.243576049804687
0.0165681838989258 0.0155143737792969 0.020416259765625 -0.53607177734375
0.00209236145019531 0.0200443267822266 0.539825439453125 -0.496734619140625
-0.0391998291015625 -0.0052947998046875 0.806884765625 0.21051025390625
-0.0418777465820313 -0.0501289367675781 0.33013916015625 0.92352294921875
0.0371131896972656 -0.0137062072753906 -0.33172607421875 0.73162841796875
0.0755538940429688 0.0104446411132813 0.05072021484375 0.0501937866210938
0.0411872863769531 -0.0338973999023438 0.42205810546875 -0.769775390625
-0.0136528015136719 -0.0438575744628906 -0.37957763671875 -0.99755859375
-0.0399398803710938 -0.00932693481445313 -0.88299560546875 -0.0905761718749999
-0.00511550903320313 0.0171909332275391 -0.40887451171875 0.55291748046875
0.0144538879394531 0.0181541442871094 0.0877685546875 0.5225830078125
-0.00121068954467773 0.00557088851928711 0.340850830078125 0.173736572265625
0.0398330688476563 -0.0119667053222656 0.291717529296875 -0.10614013671875
0.0362129211425781 -0.00731658935546875 -0.277297973632813 0.0660858154296874
0.0106267929077148 -0.00786209106445312 -0.253204345703125 -0.24395751953125
0.0192375183105469 0.0104427337646484 0.0294799804687499 -0.533172607421875
0.0108146667480469 0.0155267715454102 0.548614501953125 -0.48541259765625
-0.0342426300048828 -0.00370597839355469 0.80841064453125 0.2266845703125
-0.0407600402832031 -0.0486984252929688 0.32122802734375 0.93438720703125
0.0334396362304688 -0.0145206451416016 -0.3408203125 0.7327880859375
0.0710372924804688 0.0061798095703125 0.0511131286621094 0.0482711791992188
0.0355148315429688 -0.0351409912109375 0.4117431640625 -0.7718505859375
-0.0134010314941406 -0.0397529602050781 -0.39459228515625 -0.98504638671875
-0.0325393676757813 -0.00808525085449219 -0.8804931640625 -0.0717773437499999
0.00271224975585937 0.0129194259643555 -0.397308349609375 0.56158447265625
0.0192394256591797 0.0130844116210938 0.0946044921875 0.525177001953125
0.000216484069824219 0.00117146968841553 0.34661865234375 0.174224853515625
0.0370140075683594 -0.0109596252441406 0.29595947265625 -0.104461669921875
0.0340747833251953 -0.00867843627929688 -0.27459716796875 0.065521240234375
0.0104618072509766 -0.0137538909912109 -0.24920654296875 -0.24371337890625
0.0247554779052734 0.00253868103027344 0.033782958984375 -0.528900146484375
0.0216903686523438 0.0117301940917969 0.5540771484375 -0.477203369140625
-0.0252456665039063 -0.000579833984375 0.81048583984375 0.23760986328125
-0.0395584106445312 -0.0444145202636719 0.31982421875 0.93865966796875
0.0301475524902344 -0.0143775939941406 -0.34259033203125 0.73284912109375
0.0697097778320312 0.00236892700195313 0.0504341125488281 0.0468864440917969
0.0315780639648438 -0.0343608856201172 0.40740966796875 -0.77227783203125
-0.0115299224853516 -0.0349502563476563 -0.39892578125 -0.9798583984375
-0.0225200653076172 -0.00463294982910157 -0.876953125 -0.0654296875
0.0125570297241211 0.00698184967041016 -0.3917236328125 0.56884765625
0.0238227844238281 0.00562858581542969 0.096466064453125 0.528076171875
-0.00112724304199219 -0.0040283203125 0.3475341796875 0.17327880859375
0.0357551574707031 -0.0120162963867188 0.296112060546875 -0.10302734375
0.0288944244384766 -0.00674629211425781 -0.277084350585938 0.0632781982421876
0.00957107543945313 -0.0208492279052734 -0.25213623046875 -0.244064331054688
0.03021240234375 -0.00583839416503906 0.031036376953125 -0.527191162109375
0.03289794921875 0.00947952270507813 0.5538330078125 -0.47637939453125
-0.0147933959960938 0.0029134750366211 0.81182861328125 0.239501953125
-0.0367965698242188 -0.0373344421386719 0.319580078125 0.94110107421875
0.0259418487548828 -0.0162525177001953 -0.33856201171875 0.735595703125
0.0667381286621094 -0.00091552734375 0.0537071228027344 0.0477180480957031
0.0277786254882813 -0.0345134735107422 0.41046142578125 -0.7703857421875
-0.00911903381347656 -0.0299835205078125 -0.39642333984375 -0.97979736328125
-0.0104341506958008 0.000190734863281248 -0.87677001953125 -0.0614013671874998
0.0230731964111328 0.00101852416992187 -0.394775390625 0.57049560546875
0.0265598297119141 -0.0010833740234375 0.094818115234375 0.531829833984375
-0.00310230255126953 -0.011474609375 0.34381103515625 0.175384521484375
0.0319175720214844 -0.0111560821533203 0.29571533203125 -0.102630615234375
0.0250835418701172 -0.00542068481445313 -0.281524658203125 0.0623168945312501
0.0100879669189453 -0.0270404815673828 -0.258804321289063 -0.245376586914062
0.0326652526855469 -0.0141544342041016 0.020965576171875 -0.5279541015625
0.041961669921875 0.00757980346679688 0.546600341796875 -0.48016357421875
-0.0042271614074707 0.00866031646728515 0.81298828125 0.22930908203125
-0.0348129272460938 -0.0312652587890625 0.3343505859375 0.93572998046875
0.0232105255126953 -0.0156936645507813 -0.33233642578125 0.7384033203125
0.0658149719238281 -0.00474929809570313 0.056549072265625 0.0512962341308594
0.0244674682617188 -0.0352783203125 0.4195556640625 -0.76800537109375
-0.00627326965332031 -0.0223503112792969 -0.38665771484375 -0.984619140625
0.000386953353881836 0.00314235687255859 -0.87579345703125 -0.0693359375000001
0.0314178466796875 -0.00264930725097656 -0.4007568359375 0.566162109375
0.0309791564941406 -0.007232666015625 0.086822509765625 0.5333251953125
-0.00347518920898437 -0.0162210464477539 0.337066650390625 0.17767333984375
0.0280590057373047 -0.0108127593994141 0.29486083984375 -0.102508544921875
0.0389595031738281 -0.00952529907226563 -0.306396484375 0.066986083984375
0.0100259780883789 -0.00572395324707031 -0.298919677734375 -0.237091064453125
0.0126504898071289 0.0160531997680664 -0.031158447265625 -0.5428466796875
0.00190925598144531 0.0252799987792969 0.4879150390625 -0.545867919921875
-0.0373573303222656 0.00519943237304688 0.80712890625 0.136474609375
-0.0405654907226563 -0.0403327941894531 0.388671875 0.87890625
0.0428237915039063 -0.0134811401367188 -0.281494140625 0.73980712890625
0.081298828125 0.0126495361328125 0.0612220764160156 0.0621719360351563
0.04644775390625 -0.0267448425292969 0.46221923828125 -0.7655029296875
-0.00727081298828125 -0.03582763671875 -0.33551025390625 -1.02880859375
-0.0399971008300781 -0.006439208984375 -0.8944091796875 -0.13970947265625
-0.00937843322753906 0.0208549499511719 -0.44525146484375 0.528045654296875
0.0124130249023438 0.0191097259521484 0.056427001953125 0.5120849609375
-0.000229358673095703 0.00506019592285156 0.31854248046875 0.1695556640625
0.0393829345703125 -0.0116233825683594 0.275314331054688 -0.120986938476563
0.0402488708496094 -0.0112495422363281 -0.29931640625 0.0675354003906251
0.0108957290649414 -0.00403976440429688 -0.285614013671875 -0.23590087890625
0.0120525360107422 0.0187225341796875 -0.0186767578125001 -0.5416259765625
-0.00133132934570312 0.0245170593261719 0.50250244140625 -0.531524658203125
-0.0419235229492188 -0.00115203857421875 0.806640625 0.15667724609375
-0.0421829223632813 -0.04693603515625 0.372314453125 0.88995361328125
0.0418243408203125 -0.0128555297851563 -0.2967529296875 0.7391357421875
0.0794296264648438 0.0129852294921875 0.0583724975585938 0.0576286315917969
0.0463066101074219 -0.0282135009765625 0.44549560546875 -0.76800537109375
-0.0103416442871094 -0.0399131774902344 -0.35595703125 -1.01739501953125
-0.0439720153808594 -0.00682067871093751 -0.89080810546875 -0.11712646484375
-0.0108814239501953 0.0229549407958984 -0.42987060546875 0.538238525390625
0.00962448120117187 0.0208702087402344 0.071380615234375 0.5133056640625
0.00110387802124023 0.00573301315307617 0.329803466796875 0.16845703125
0.0401878356933594 -0.0136032104492187 0.280227661132813 -0.118927001953125
0.0396766662597656 -0.00992584228515625 -0.28948974609375 0.0714721679687499
0.0120449066162109 -0.00237083435058594 -0.27447509765625 -0.237564086914062
0.0146198272705078 0.0192604064941406 -0.00149536132812502 -0.537994384765625
-0.000659942626953123 0.0225658416748047 0.5164794921875 -0.519378662109375
-0.0439224243164063 -0.00442886352539062 0.806396484375 0.17681884765625
-0.040985107421875 -0.0498161315917969 0.35418701171875 0.90576171875
0.0400238037109375 -0.013275146484375 -0.3118896484375 0.7369384765625
0.0779800415039063 0.0124740600585937 0.0537071228027344 0.0557746887207031
0.0432281494140625 -0.0305938720703125 0.43115234375 -0.77117919921875
-0.0124359130859375 -0.0430412292480469 -0.37310791015625 -1.00628662109375
-0.0456733703613281 -0.0104789733886719 -0.8861083984375 -0.0986938476562501
-0.0101757049560547 0.0211067199707031 -0.416961669921875 0.54925537109375
0.0130634307861328 0.0208473205566406 0.0848388671875 0.5157470703125
0.000272274017333984 0.0073246955871582 0.34033203125 0.167724609375
0.0413017272949219 -0.0125045776367187 0.286163330078125 -0.116455078125
0.0398368835449219 -0.0105705261230469 -0.283050537109375 0.069915771484375
0.0112266540527344 -0.00406360626220703 -0.2626953125 -0.23974609375
0.0152721405029297 0.0157546997070313 0.0111083984375 -0.53802490234375
0.00327873229980469 0.0178680419921875 0.53289794921875 -0.505157470703125
-0.0403213500976563 -0.00394821166992187 0.8116455078125 0.19964599609375
-0.0416908264160156 -0.0505561828613281 0.3426513671875 0.92095947265625
0.0366859436035156 -0.0138893127441406 -0.322021484375 0.73516845703125
0.0758209228515625 0.0095977783203125 0.0513877868652344 0.0515708923339844
0.0390853881835938 -0.0336875915527344 0.41064453125 -0.77655029296875
-0.0143699645996094 -0.0433464050292969 -0.39410400390625 -0.99224853515625
-0.0408058166503906 -0.00751113891601563 -0.8841552734375 -0.0782470703124999
-0.00603485107421875 0.0177078247070313 -0.400909423828125 0.559173583984375
0.0161285400390625 0.0169916152954102 0.0946655273437501 0.523193359375
-0.0009765625 0.00595808029174805 0.3448486328125 0.167877197265625
0.0387763977050781 -0.0151138305664063 0.291656494140625 -0.111846923828125
0.0356788635253906 -0.0101165771484375 -0.27874755859375 0.07086181640625
0.0123491287231445 -0.00751113891601563 -0.258285522460938 -0.23992919921875
0.0204925537109375 0.0108776092529297 0.018768310546875 -0.533721923828125
0.0101070404052734 0.0162353515625 0.54296875 -0.492828369140625
-0.0344810485839844 -0.00285530090332031 0.81103515625 0.213623046875
-0.0407257080078125 -0.047576904296875 0.33380126953125 0.93035888671875
0.0346775054931641 -0.0150833129882812 -0.3316650390625 0.7369384765625
0.0726470947265625 0.0054473876953125 0.0523681640625 0.0475807189941406
0.03656005859375 -0.0330238342285156 0.4014892578125 -0.777099609375
-0.01202392578125 -0.0411300659179688 -0.40765380859375 -0.98260498046875
-0.0332012176513672 -0.00570869445800781 -0.882568359375 -0.059326171875
0.0025339126586914 0.0129537582397461 -0.3885498046875 0.5670166015625
0.0190258026123047 0.0128440856933594 0.103485107421875 0.52349853515625
0.000165939331054688 0.00222182273864746 0.3494873046875 0.16546630859375
0.0361061096191406 -0.0128288269042969 0.293975830078125 -0.10784912109375
0.0330066680908203 -0.00847244262695313 -0.274749755859375 0.0702362060546875
0.0110177993774414 -0.0151386260986328 -0.2548828125 -0.239761352539062
0.0246715545654297 0.00135231018066406 0.023529052734375 -0.531707763671875
0.0203666687011719 0.0110263824462891 0.5467529296875 -0.487457275390625
-0.0239315032958984 0.000310897827148435 0.8140869140625 0.22564697265625
-0.0418052673339844 -0.0427398681640625 0.3309326171875 0.937255859375
0.0303211212158203 -0.0163555145263672 -0.33074951171875 0.7369384765625
0.0694007873535156 0.00171279907226563 0.0507621765136719 0.0482177734375
0.0312957763671875 -0.0360374450683594 0.3983154296875 -0.7774658203125
-0.0104331970214844 -0.0336551666259766 -0.4114990234375 -0.97442626953125
-0.0226097106933594 -0.00336647033691406 -0.880615234375 -0.0505371093750002
0.0132656097412109 0.00583839416503906 -0.38201904296875 0.574462890625
0.0250110626220703 0.0043487548828125 0.106719970703125 0.52825927734375
-0.0010075569152832 -0.00221776962280273 0.349609375 0.169097900390625
0.0351009368896484 -0.0124988555908203 0.294464111328125 -0.10687255859375
0.0293483734130859 -0.00658798217773438 -0.278305053710938 0.0693511962890625
0.0101470947265625 -0.0198383331298828 -0.257858276367188 -0.23980712890625
0.0296096801757813 -0.0048675537109375 0.0203857421875 -0.530517578125
0.0331230163574219 0.00777244567871094 0.546051025390625 -0.48583984375
-0.0166120529174805 0.00418376922607422 0.8125 0.2283935546875
-0.0375633239746094 -0.0373115539550781 0.3355712890625 0.93896484375
0.0264530181884766 -0.0156612396240234 -0.33087158203125 0.739013671875
0.0672035217285156 -0.00321578979492188 0.0543403625488281 0.0489234924316406
0.0280323028564453 -0.0350360870361328 0.399169921875 -0.7764892578125
-0.0100536346435547 -0.0293693542480469 -0.41015625 -0.97454833984375
-0.0104093551635742 0.000431060791015625 -0.87896728515625 -0.0495605468750001
0.0218257904052734 0.000886917114257813 -0.38690185546875 0.5736083984375
0.0281562805175781 -0.000141143798828125 0.104248046875 0.53082275390625
-0.00197029113769531 -0.0104494094848633 0.346588134765625 0.1673583984375
0.0331077575683594 -0.0117053985595703 0.294891357421875 -0.107391357421875
0.0234107971191406 -0.00687789916992188 -0.282073974609375 0.0684814453124999
0.00975608825683594 -0.0268096923828125 -0.264892578125 -0.240036010742188
0.0345191955566406 -0.0140419006347656 0.0108032226562499 -0.529205322265625
0.0422897338867188 0.00645065307617188 0.539825439453125 -0.49041748046875
-0.00431156158447266 0.00871467590332031 0.8167724609375 0.2176513671875
-0.0350379943847656 -0.0305385589599609 0.34844970703125 0.93206787109375
0.0240211486816406 -0.0167827606201172 -0.322265625 0.74090576171875
0.0644798278808594 -0.00670242309570312 0.0573692321777344 0.0520248413085938
0.0250835418701172 -0.0349502563476563 0.40850830078125 -0.77447509765625
-0.0070953369140625 -0.0221328735351563 -0.39898681640625 -0.97894287109375
-0.000777006149291992 0.00298857688903809 -0.87786865234375 -0.05841064453125
0.0322589874267578 -0.00289154052734375 -0.392822265625 0.57208251953125
0.031982421875 -0.00887489318847656 0.0968017578125 0.532440185546875
-0.00259017944335938 -0.0162019729614258 0.34063720703125 0.17156982421875
0.0269126892089844 -0.0106754302978516 0.29254150390625 -0.10711669921875
0.0378570556640625 -0.0128440856933594 -0.3076171875 0.072052001953125
0.00979423522949219 -0.00673294067382813 -0.301727294921875 -0.229461669921875
0.0149765014648438 0.0139636993408203 -0.039276123046875 -0.539398193359375
0.00370597839355469 0.0237216949462891 0.47821044921875 -0.55255126953125
-0.0379257202148437 0.00455474853515626 0.80438232421875 0.126220703125
-0.0394554138183594 -0.0403366088867188 0.40081787109375 0.87188720703125
0.0437507629394531 -0.0140190124511719 -0.27191162109375 0.74444580078125
0.0801849365234375 0.012725830078125 0.0622749328613281 0.0611038208007813
0.0467910766601563 -0.0271835327148437 0.45098876953125 -0.77020263671875
-0.00686264038085938 -0.0372581481933594 -0.350830078125 -1.02587890625
-0.0389823913574219 -0.00519180297851563 -0.89312744140625 -0.12481689453125
-0.00811386108398438 0.0213203430175781 -0.436370849609375 0.535430908203125
0.0122814178466797 0.0195884704589844 0.066375732421875 0.51043701171875
0.000240087509155274 0.00399875640869141 0.3212890625 0.164031982421875
0.0392417907714844 -0.0138778686523438 0.273025512695313 -0.123794555664063
0.0399322509765625 -0.0120964050292969 -0.2979736328125 0.07244873046875
0.00977420806884766 -0.00429725646972656 -0.29046630859375 -0.2315673828125
0.0143365859985352 0.0172023773193359 -0.027069091796875 -0.53717041015625
-0.00062751770019531 0.0244731903076172 0.49432373046875 -0.538116455078125
-0.0433692932128906 7.62939453124971E-05 0.807373046875 0.14404296875
-0.0430870056152344 -0.0449943542480469 0.38348388671875 0.88385009765625
0.0420722961425781 -0.01318359375 -0.2862548828125 0.741943359375
0.0796737670898438 0.0123825073242188 0.0569000244140625 0.0578689575195312
0.0451011657714844 -0.0294075012207031 0.43402099609375 -0.7716064453125
-0.0114250183105469 -0.0403327941894531 -0.36968994140625 -1.0120849609375
-0.0439414978027344 -0.00613403320312499 -0.889892578125 -0.10693359375
-0.0111885070800781 0.021575927734375 -0.421722412109375 0.54376220703125
0.0116634368896484 0.0215854644775391 0.079864501953125 0.511993408203125
0.0019221305847168 0.00599861145019531 0.331390380859375 0.16314697265625
0.0416946411132813 -0.014556884765625 0.277725219726563 -0.122238159179688
0.0395927429199219 -0.0109977722167969 -0.28924560546875 0.074371337890625
0.0117435455322266 -0.00203990936279297 -0.278701782226563 -0.232406616210937
0.0149478912353516 0.0192012786865234 -0.00970458984375006 -0.536529541015625
-0.000364303588867188 0.0231113433837891 0.5074462890625 -0.525115966796875
-0.044647216796875 -0.00312042236328125 0.80731201171875 0.16680908203125
-0.0438995361328125 -0.04779052734375 0.36480712890625 0.8992919921875
0.041961669921875 -0.0140151977539063 -0.30194091796875 0.73931884765625
0.0772247314453125 0.00933074951171875 0.0544242858886719 0.0545883178710937
0.04241943359375 -0.0305404663085937 0.42108154296875 -0.77532958984375
-0.0121040344238281 -0.0413742065429688 -0.3861083984375 -0.9981689453125
-0.0452804565429688 -0.00954055786132812 -0.8841552734375 -0.08416748046875
-0.0112094879150391 0.0207862854003906 -0.405670166015625 0.55328369140625
0.0118465423583984 0.0208301544189453 0.093536376953125 0.513336181640625
0.000774860382080078 0.00633335113525391 0.34014892578125 0.160614013671875
0.0404129028320313 -0.0145034790039062 0.284942626953125 -0.11907958984375
0.0392951965332031 -0.0129966735839844 -0.2830810546875 0.073577880859375
0.0102348327636719 -0.00417900085449219 -0.268341064453125 -0.233917236328125
0.0179195404052734 0.0174293518066406 0.00305175781249996 -0.5367431640625
0.00250434875488281 0.0187492370605469 0.522613525390625 -0.512420654296875
-0.040802001953125 -0.00302505493164062 0.8099365234375 0.19036865234375
-0.0415725708007813 -0.0488739013671875 0.353759765625 0.9129638671875
0.0378303527832031 -0.0153160095214844 -0.31304931640625 0.73931884765625
0.0757675170898438 0.00765228271484375 0.0515823364257813 0.0517654418945313
0.03973388671875 -0.0335426330566406 0.40216064453125 -0.77880859375
-0.0130233764648438 -0.0420722961425781 -0.40802001953125 -0.9859619140625
-0.0411949157714844 -0.00753402709960938 -0.8841552734375 -0.0652465820312499
-0.00638961791992188 0.0169467926025391 -0.39239501953125 0.56524658203125
0.0150928497314453 0.0173406600952148 0.1033935546875 0.51837158203125
-9.15527343749997E-05 0.00662994384765625 0.347320556640625 0.159759521484375
0.0393562316894531 -0.0157623291015625 0.289459228515625 -0.1141357421875
0.0352058410644531 -0.0107421875 -0.2786865234375 0.0756683349609375
0.00998973846435547 -0.00809097290039062 -0.261581420898438 -0.234603881835938
0.0216598510742188 0.0101299285888672 0.012237548828125 -0.53302001953125
0.0100984573364258 0.0167140960693359 0.53314208984375 -0.50244140625
-0.0349864959716797 -0.00318145751953125 0.81195068359375 0.20562744140625
-0.0413703918457031 -0.0484046936035156 0.343994140625 0.92364501953125
0.0350112915039063 -0.0168285369873047 -0.320068359375 0.7391357421875
0.0727615356445313 0.0035247802734375 0.0514793395996094 0.0491790771484375
0.0359954833984375 -0.0349311828613281 0.39208984375 -0.78033447265625
-0.0139923095703125 -0.038421630859375 -0.4205322265625 -0.9725341796875
-0.0327415466308594 -0.00679397583007812 -0.87982177734375 -0.0450439453124998
0.00300025939941406 0.0122060775756836 -0.3804931640625 0.57342529296875
0.0190067291259766 0.0123443603515625 0.110870361328125 0.521209716796875
0.000331401824951172 0.00204563140869141 0.35198974609375 0.161407470703125
0.0364990234375 -0.0149116516113281 0.293243408203125 -0.114227294921875
0.0327548980712891 -0.00961875915527344 -0.274383544921875 0.0734405517578126
0.010009765625 -0.0137901306152344 -0.259597778320313 -0.235321044921875
0.0260810852050781 0.0020751953125 0.015380859375 -0.530029296875
0.0215396881103516 0.0112762451171875 0.53857421875 -0.49517822265625
-0.0264663696289063 0.000535964965820309 0.813232421875 0.2156982421875
-0.0407028198242188 -0.0410041809082031 0.3433837890625 0.9324951171875
0.0309028625488281 -0.0167617797851563 -0.32232666015625 0.74176025390625
0.0687294006347656 0.000885009765625 0.0516014099121094 0.0480995178222656
0.0314369201660156 -0.0352020263671875 0.38763427734375 -0.78021240234375
-0.0125370025634766 -0.0339775085449219 -0.42791748046875 -0.96832275390625
-0.0236473083496094 -0.00356101989746094 -0.87701416015625 -0.0419921875
0.012965202331543 0.00830173492431641 -0.3760986328125 0.57855224609375
0.0239639282226563 0.00547027587890625 0.1136474609375 0.52642822265625
-0.000690221786499023 -0.00269746780395508 0.352874755859375 0.162384033203125
0.0345897674560547 -0.0130538940429688 0.294158935546875 -0.111907958984375
0.0270595550537109 -0.00929641723632813 -0.277145385742188 0.0740966796875
0.0106430053710938 -0.02056884765625 -0.261810302734375 -0.234848022460938
0.0306758880615234 -0.005279541015625 0.011627197265625 -0.528778076171875
0.0316028594970703 0.00732421875 0.53692626953125 -0.49188232421875
-0.0145368576049805 0.00365161895751953 0.81396484375 0.2159423828125
-0.0386123657226563 -0.0366935729980469 0.34686279296875 0.93121337890625
0.0254993438720703 -0.0159111022949219 -0.32098388671875 0.74102783203125
0.0663986206054688 -0.00400543212890625 0.0554542541503906 0.0479698181152344
0.0264320373535156 -0.0354690551757812 0.386962890625 -0.780029296875
-0.00894927978515625 -0.0283527374267578 -0.4222412109375 -0.96856689453125
-0.012761116027832 -0.00176525115966797 -0.87506103515625 -0.0385131835937501
0.0218391418457031 0.000591278076171875 -0.37615966796875 0.57952880859375
0.0281314849853516 -0.00183296203613281 0.112274169921875 0.528106689453125
-0.00136375427246094 -0.0107431411743164 0.34893798828125 0.164337158203125
0.0315666198730469 -0.0122413635253906 0.293914794921875 -0.11138916015625
0.0240650177001953 -0.0085906982421875 -0.28094482421875 0.0721893310546874
0.00911521911621094 -0.0268955230712891 -0.269027709960938 -0.235946655273437
0.0342464447021484 -0.01531982421875 0.00262451171874997 -0.52838134765625
0.0423393249511719 0.00589752197265625 0.531402587890625 -0.49853515625
-0.00479984283447266 0.00947952270507813 0.81658935546875 0.20648193359375
-0.035858154296875 -0.0295333862304687 0.3572998046875 0.92535400390625
0.0218486785888672 -0.0170764923095703 -0.31085205078125 0.74444580078125
0.0632209777832031 -0.00672531127929688 0.0573921203613281 0.0525283813476562
0.0235481262207031 -0.0357894897460938 0.39666748046875 -0.777587890625
-0.00721359252929687 -0.0212821960449219 -0.41107177734375 -0.971435546875
-0.000347137451171875 0.00345420837402344 -0.87603759765625 -0.04486083984375
0.0306949615478516 -0.00382804870605469 -0.38311767578125 0.578369140625
0.0314464569091797 -0.0105457305908203 0.104034423828125 0.52838134765625
-0.0034170150756836 -0.0164699554443359 0.3419189453125 0.166015625
0.0271987915039063 -0.0119495391845703 0.2921142578125 -0.112579345703125
0.0375785827636719 -0.0135383605957031 -0.305938720703125 0.0770263671875
0.00871038436889648 -0.00660943984985352 -0.30633544921875 -0.22467041015625
0.0132036209106445 0.0159578323364258 -0.050262451171875 -0.537994384765625
0.0027313232421875 0.0240669250488281 0.46905517578125 -0.556671142578125
-0.0373344421386719 0.00479125976562501 0.8052978515625 0.115234375
-0.0398826599121094 -0.0393562316894531 0.41131591796875 0.8660888671875
0.0427360534667969 -0.0143966674804688 -0.25958251953125 0.74395751953125
0.0795059204101563 0.0106887817382813 0.0603904724121094 0.0614967346191406
0.0464515686035156 -0.0277214050292969 0.440185546875 -0.7724609375
-0.00726699829101562 -0.0354270935058594 -0.3629150390625 -1.015380859375
-0.0408744812011719 -0.00194931030273438 -0.8924560546875 -0.11322021484375
-0.00894737243652344 0.0206050872802734 -0.42791748046875 0.539215087890625
0.0118370056152344 0.0184097290039063 0.073455810546875 0.510284423828125
-0.000535964965820313 0.00328564643859863 0.321197509765625 0.158660888671875
0.0393486022949219 -0.016693115234375 0.270584106445313 -0.128448486328125
0.0378265380859375 -0.0133552551269531 -0.29693603515625 0.077239990234375
0.00997638702392578 -0.00206947326660156 -0.294586181640625 -0.22454833984375
0.0142955780029297 0.0191802978515625 -0.035919189453125 -0.535980224609375
-0.000486373901367185 0.0232639312744141 0.4837646484375 -0.5440673828125
-0.0443267822265625 0.00067138671875 0.8033447265625 0.13507080078125
-0.0422286987304688 -0.0434112548828125 0.39422607421875 0.876708984375
0.0426597595214844 -0.015594482421875 -0.2767333984375 0.74249267578125
0.0798568725585938 0.0119857788085938 0.0578041076660156 0.0578536987304687
0.0450706481933594 -0.0299072265625 0.423828125 -0.7760009765625
-0.0110054016113281 -0.0405731201171875 -0.38201904296875 -1.002197265625
-0.0447769165039063 -0.00600433349609375 -0.89007568359375 -0.0944213867187498
-0.0116634368896484 0.0211048126220703 -0.41180419921875 0.5482177734375
0.0108184814453125 0.0216808319091797 0.0870361328125 0.5089111328125
0.00225114822387695 0.00669431686401367 0.332733154296875 0.156707763671875
0.0412483215332031 -0.0152626037597656 0.277511596679688 -0.125930786132813
0.0380058288574219 -0.0118675231933594 -0.289276123046875 0.0802001953125
0.0111083984375 -0.00242710113525391 -0.28399658203125 -0.2264404296875
0.0135993957519531 0.0176734924316406 -0.019744873046875 -0.534332275390625
-0.00154495239257812 0.0223445892333984 0.497344970703125 -0.53192138671875
-0.0439720153808594 -0.00146102905273437 0.805908203125 0.15496826171875
-0.0442657470703125 -0.0470542907714844 0.37548828125 0.89190673828125
0.0400924682617188 -0.0141487121582031 -0.2918701171875 0.7415771484375
0.0770492553710938 0.0100631713867188 0.05352783203125 0.0552444458007813
0.04296875 -0.0305633544921875 0.40771484375 -0.77728271484375
-0.0141868591308594 -0.0418891906738281 -0.398681640625 -0.9906005859375
-0.0449714660644531 -0.00691604614257812 -0.8839111328125 -0.0751953125000002
-0.0103569030761719 0.0209541320800781 -0.3974609375 0.557525634765625
0.0124092102050781 0.0205821990966797 0.1007080078125 0.509765625
0.00204610824584961 0.00739192962646484 0.341949462890625 0.154144287109375
0.0392341613769531 -0.0163955688476563 0.282257080078125 -0.1217041015625
0.0380210876464844 -0.0133781433105469 -0.2806396484375 0.0782470703124999
0.0111017227172852 -0.00335597991943359 -0.273468017578125 -0.228927612304688
0.0175437927246094 0.01519775390625 -0.00921630859374995 -0.534423828125
0.00319290161132813 0.0186824798583984 0.513885498046875 -0.51934814453125
-0.0416297912597656 -0.00314712524414062 0.81103515625 0.17724609375
-0.04345703125 -0.0478858947753906 0.364990234375 0.90692138671875
0.0380592346191406 -0.0173149108886719 -0.301513671875 0.74078369140625
0.0749359130859375 0.00710296630859375 0.0519371032714844 0.0511245727539063
0.0398101806640625 -0.0330238342285156 0.39300537109375 -0.78118896484375
-0.0146713256835937 -0.0410118103027344 -0.419189453125 -0.9764404296875
-0.0404624938964844 -0.00598526000976563 -0.88330078125 -0.0529785156249999
-0.0052642822265625 0.0184421539306641 -0.3839111328125 0.56878662109375
0.0163021087646484 0.0178012847900391 0.111724853515625 0.517303466796875
0.000849723815917969 0.00594425201416016 0.348785400390625 0.1546630859375
0.0405845642089844 -0.017822265625 0.288238525390625 -0.118927001953125
0.0357551574707031 -0.0127677917480469 -0.276016235351563 0.07989501953125
0.010955810546875 -0.00775051116943359 -0.265731811523437 -0.230682373046875
0.0207424163818359 0.010009765625 0.00201416015624994 -0.5318603515625
0.0101375579833984 0.0156211853027344 0.523284912109375 -0.508544921875
-0.0350456237792969 -0.00200271606445313 0.81085205078125 0.19232177734375
-0.0425987243652344 -0.0458602905273438 0.35418701171875 0.91741943359375
0.0344619750976562 -0.0158290863037109 -0.30999755859375 0.7425537109375
0.071990966796875 0.0041351318359375 0.0521965026855469 0.0496101379394531
0.03631591796875 -0.0349197387695313 0.38165283203125 -0.7801513671875
-0.0150833129882813 -0.0377998352050781 -0.4322509765625 -0.9642333984375
-0.0341033935546875 -0.00497627258300781 -0.87762451171875 -0.0342407226562499
0.00288581848144531 0.0134353637695312 -0.37017822265625 0.57733154296875
0.0206413269042969 0.0119876861572266 0.119110107421875 0.51806640625
0.000483274459838867 0.00214123725891113 0.35382080078125 0.154998779296875
0.0361099243164063 -0.0158195495605469 0.291961669921875 -0.1168212890625
0.0325355529785156 -0.0106372833251953 -0.273727416992188 0.0778656005859375
0.00961589813232422 -0.0122623443603516 -0.26287841796875 -0.230255126953125
0.0266704559326172 0.00217819213867188 0.00646972656250005 -0.53021240234375
0.0207023620605469 0.0112705230712891 0.528656005859375 -0.5010986328125
-0.0261249542236328 0.00121116638183594 0.81396484375 0.20318603515625
-0.0397872924804688 -0.041015625 0.3531494140625 0.9239501953125
0.0290241241455078 -0.0182228088378906 -0.31207275390625 0.74163818359375
0.0681266784667969 -8.0108642578125E-05 0.051177978515625 0.0466995239257813
0.0307350158691406 -0.0362548828125 0.37347412109375 -0.7828369140625
-0.0127506256103516 -0.0339813232421875 -0.43603515625 -0.9598388671875
-0.0230293273925781 -0.00334548950195313 -0.8763427734375 -0.0281372070312498
0.0118646621704102 0.00577640533447266 -0.36431884765625 0.5830078125
0.0255031585693359 0.00419044494628906 0.120574951171875 0.52178955078125
0.000824451446533203 -0.00157392024993896 0.35382080078125 0.155792236328125
0.0350170135498047 -0.0155792236328125 0.29248046875 -0.115081787109375
0.0294322967529297 -0.00976181030273438 -0.274627685546875 0.077423095703125
0.0082244873046875 -0.0199260711669922 -0.26336669921875 -0.230865478515625
0.0290355682373047 -0.00670242309570313 0.00332641601562502 -0.526824951171875
0.0319919586181641 0.00730323791503906 0.527069091796875 -0.500152587890625
-0.0165262222290039 0.00424003601074219 0.81573486328125 0.2044677734375
-0.0395469665527344 -0.0350303649902344 0.35614013671875 0.92608642578125
0.0261917114257813 -0.0167579650878906 -0.30963134765625 0.74383544921875
0.0651969909667969 -0.00466156005859375 0.0535163879394531 0.0482444763183594
0.0264320373535156 -0.0371208190917969 0.37762451171875 -0.78228759765625
-0.00864791870117188 -0.0276813507080078 -0.43408203125 -0.9595947265625
-0.0120973587036133 -0.00117778778076172 -0.87493896484375 -0.0253906250000002
0.0221118927001953 0.000616073608398438 -0.36676025390625 0.58526611328125
0.0290031433105469 -0.0019683837890625 0.12042236328125 0.525115966796875
-0.00179767608642578 -0.00866556167602539 0.35028076171875 0.15643310546875
0.0304164886474609 -0.0145320892333984 0.292388916015625 -0.114990234375
0.0249557495117188 -0.00842475891113281 -0.27972412109375 0.0766448974609375
0.0080413818359375 -0.0272312164306641 -0.272598266601563 -0.230819702148438
0.0330390930175781 -0.0146636962890625 -0.00613403320312503 -0.5262451171875
0.0419235229492188 0.005401611328125 0.521453857421875 -0.505828857421875
-0.00599575042724609 0.0108356475830078 0.818603515625 0.1937255859375
-0.0364532470703125 -0.0284919738769531 0.36883544921875 0.9190673828125
0.0216217041015625 -0.0175361633300781 -0.3001708984375 0.74505615234375
0.0644645690917969 -0.0076141357421875 0.0568351745605469 0.0509452819824219
0.0228347778320313 -0.0358657836914063 0.38494873046875 -0.77978515625
-0.00596046447753906 -0.0214939117431641 -0.4244384765625 -0.96502685546875
-0.000597953796386719 0.00435900688171387 -0.8746337890625 -0.0341796875000001
0.0298347473144531 -0.00425338745117188 -0.373779296875 0.58172607421875
0.0313568115234375 -0.00960350036621094 0.112457275390625 0.527069091796875
-0.00306320190429687 -0.0159749984741211 0.343414306640625 0.159515380859375
0.0277976989746094 -0.0141544342041016 0.29046630859375 -0.11474609375
0.0365867614746094 -0.0138664245605469 -0.304412841796875 0.0811767578125
0.00930023193359375 -0.00519657135009766 -0.30908203125 -0.21917724609375
0.0144824981689453 0.015625 -0.058868408203125 -0.53558349609375
0.00218963623046875 0.0245780944824219 0.458221435546875 -0.560516357421875
-0.0389862060546875 0.00662231445312501 0.80267333984375 0.1058349609375
-0.0415115356445312 -0.0382080078125 0.416748046875 0.85784912109375
0.0422401428222656 -0.0153770446777344 -0.25152587890625 0.74359130859375
0.0792694091796875 0.0103912353515625 0.0618820190429688 0.0611228942871094
0.0465888977050781 -0.0273551940917969 0.43035888671875 -0.77294921875
-0.00842666625976563 -0.0355377197265625 -0.37420654296875 -1.007568359375
-0.039825439453125 -0.00153732299804687 -0.88922119140625 -0.1014404296875
-0.00784873962402344 0.0204868316650391 -0.41851806640625 0.544830322265625
0.0121192932128906 0.0182228088378906 0.080291748046875 0.506072998046875
0.00226712226867676 0.0040583610534668 0.323455810546875 0.15313720703125
0.0394859313964844 -0.0158576965332031 0.268600463867188 -0.130142211914063
0.0393714904785156 -0.014404296875 -0.2933349609375 0.081268310546875
0.00999259948730469 -0.00198554992675781 -0.297576904296875 -0.219879150390625
0.0147342681884766 0.0198345184326172 -0.045745849609375 -0.5347900390625
-0.00171089172363281 0.02410888671875 0.472137451171875 -0.548065185546875
-0.0438270568847656 0.00156021118164063 0.8031005859375 0.12237548828125
-0.0430488586425781 -0.0428810119628906 0.403076171875 0.87109375
0.0420303344726563 -0.0145683288574219 -0.2669677734375 0.74261474609375
0.0780563354492187 0.0106582641601562 0.0585212707519531 0.0575141906738281
0.0457077026367188 -0.0296058654785156 0.41375732421875 -0.7764892578125
-0.0116653442382812 -0.0397186279296875 -0.392578125 -0.99371337890625
-0.0463218688964844 -0.00383758544921876 -0.88671875 -0.0810546875
-0.0111961364746094 0.0216388702392578 -0.402862548828125 0.553009033203125
0.0114021301269531 0.0208911895751953 0.093505859375 0.50482177734375
0.0011897087097168 0.00846052169799805 0.333770751953125 0.150970458984375
0.0403404235839844 -0.0172157287597656 0.274307250976563 -0.129135131835938
0.0367927551269531 -0.0142860412597656 -0.287200927734375 0.083343505859375
0.0110101699829102 -0.00132465362548828 -0.285247802734375 -0.220977783203125
0.0161247253417969 0.0190925598144531 -0.028411865234375 -0.532989501953125
-0.000968933105468751 0.0229167938232422 0.48748779296875 -0.5345458984375
-0.0456733703613281 -0.00250625610351563 0.80328369140625 0.146484375
-0.0445137023925781 -0.0467338562011719 0.38360595703125 0.88592529296875
0.0397758483886719 -0.0153274536132813 -0.28302001953125 0.7421875
0.0780410766601562 0.00962066650390625 0.054840087890625 0.0544166564941406
0.0413627624511719 -0.0317344665527344 0.40008544921875 -0.7796630859375
-0.0139846801757813 -0.0407485961914063 -0.411865234375 -0.98046875
-0.0448875427246094 -0.00660705566406249 -0.8807373046875 -0.0620727539062499
-0.0105705261230469 0.0207099914550781 -0.387451171875 0.55999755859375
0.0129852294921875 0.0202293395996094 0.1068115234375 0.507293701171875
0.00152206420898438 0.00839710235595703 0.344024658203125 0.1483154296875
0.0396766662597656 -0.0163116455078125 0.28070068359375 -0.127639770507812
0.0374069213867188 -0.0138130187988281 -0.278366088867188 0.0816192626953126
0.0109100341796875 -0.00267124176025391 -0.274459838867188 -0.223785400390625
0.0183811187744141 0.0154914855957031 -0.0162048339843751 -0.5316162109375
0.00289726257324219 0.0203342437744141 0.503662109375 -0.523895263671875
-0.0424652099609375 -0.00265884399414063 0.8087158203125 0.1669921875
-0.0433807373046875 -0.0469856262207031 0.3729248046875 0.89666748046875
0.0370635986328125 -0.0166740417480469 -0.29144287109375 0.74017333984375
0.073272705078125 0.0063934326171875 0.0525703430175781 0.0518913269042969
0.0381698608398437 -0.0333442687988281 0.38214111328125 -0.78228759765625
-0.0147933959960937 -0.0403633117675781 -0.429443359375 -0.967529296875
-0.0425987243652344 -0.00634765625 -0.87908935546875 -0.0433349609374998
-0.00492668151855469 0.0188732147216797 -0.3726806640625 0.5709228515625
0.0166158676147461 0.0171661376953125 0.1168212890625 0.512237548828125
0.00191974639892578 0.0074009895324707 0.348663330078125 0.14984130859375
0.0387992858886719 -0.0176353454589844 0.285858154296875 -0.1234130859375
0.0345668792724609 -0.0131721496582031 -0.276351928710938 0.0822296142578124
0.00959110260009766 -0.00646877288818359 -0.2685546875 -0.224960327148437
0.0205211639404297 0.00983619689941406 -0.00744628906249994 -0.529937744140625
0.00984954833984375 0.0152454376220703 0.51226806640625 -0.5118408203125
-0.0361480712890625 -0.00160598754882812 0.80816650390625 0.1832275390625
-0.0429801940917969 -0.0452117919921875 0.3624267578125 0.90911865234375
0.0328273773193359 -0.0173492431640625 -0.300537109375 0.74041748046875
0.0717239379882813 0.00263214111328125 0.0520477294921875 0.0487136840820312
0.0330352783203125 -0.0343532562255859 0.37115478515625 -0.7806396484375
-0.0143508911132812 -0.037933349609375 -0.4403076171875 -0.9556884765625
-0.0339088439941406 -0.00412750244140625 -0.87451171875 -0.0254516601562499
0.00267410278320313 0.012516975402832 -0.36163330078125 0.5794677734375
0.0203437805175781 0.0108604431152344 0.126617431640625 0.513885498046875
0.000138998031616211 0.00411581993103027 0.35394287109375 0.148895263671875
0.0367546081542969 -0.0169296264648437 0.289642333984375 -0.120880126953125
0.0325889587402344 -0.0116195678710937 -0.272918701171875 0.080413818359375
0.00973415374755859 -0.0120487213134766 -0.265670776367188 -0.225936889648438
0.0264396667480469 0.00278091430664063 -0.00180053710937502 -0.527587890625
0.0189838409423828 0.0112533569335937 0.51763916015625 -0.505584716796875
-0.0267829895019531 0.00108909606933593 0.81292724609375 0.19195556640625
-0.0405769348144531 -0.0408096313476563 0.36309814453125 0.9151611328125
0.0294589996337891 -0.0184116363525391 -0.3028564453125 0.741455078125
0.067626953125 -0.00077056884765625 0.0528984069824219 0.0477218627929688
0.03009033203125 -0.0367393493652344 0.365234375 -0.782958984375
-0.0122795104980469 -0.0334968566894531 -0.4462890625 -0.95147705078125
-0.0221042633056641 -0.00181007385253906 -0.874267578125 -0.016357421875
0.011723518371582 0.00617313385009766 -0.3565673828125 0.58502197265625
0.0242652893066406 0.00584602355957031 0.1282958984375 0.517974853515625
6.84261322021486E-05 -0.0030369758605957 0.353179931640625 0.14910888671875
0.0337028503417969 -0.0164031982421875 0.291168212890625 -0.11846923828125
0.0289077758789063 -0.0115718841552734 -0.27459716796875 0.081512451171875
0.00911521911621094 -0.0199375152587891 -0.267578125 -0.224563598632812
0.0301914215087891 -0.00673484802246094 -0.00585937499999996 -0.524993896484375
0.0306301116943359 0.00727272033691406 0.519012451171875 -0.505645751953125
-0.0178947448730469 0.0062408447265625 0.81390380859375 0.192626953125
-0.0386238098144531 -0.0347366333007813 0.36663818359375 0.91815185546875
0.0257854461669922 -0.0166645050048828 -0.29925537109375 0.7425537109375
0.0642967224121094 -0.00566482543945313 0.0532875061035156 0.0482673645019531
0.0254096984863281 -0.0363311767578125 0.36700439453125 -0.7821044921875
-0.0101318359375 -0.0271682739257813 -0.4456787109375 -0.9501953125
-0.011444091796875 0.000136375427246094 -0.87152099609375 -0.0158691406250002
0.0219783782958984 -0.000352859497070312 -0.3565673828125 0.58636474609375
0.0281753540039062 -0.0030059814453125 0.126861572265625 0.520050048828125
-0.00114011764526367 -0.00772857666015625 0.351806640625 0.150543212890625
0.0319347381591797 -0.0161857604980469 0.291656494140625 -0.118316650390625
0.02349853515625 -0.00975418090820313 -0.2781982421875 0.0796356201171875
0.008056640625 -0.0261688232421875 -0.274871826171875 -0.226150512695312
0.0333995819091797 -0.0149898529052734 -0.0155029296875001 -0.523345947265625
0.0411567687988281 0.004608154296875 0.5107421875 -0.509368896484375
-0.00632667541503906 0.00966453552246094 0.81512451171875 0.18511962890625
-0.0367774963378906 -0.028411865234375 0.3778076171875 0.91082763671875
0.0206718444824219 -0.0177860260009766 -0.29180908203125 0.74444580078125
0.063232421875 -0.00859832763671875 0.0574951171875 0.0508651733398438
0.0237464904785156 -0.035675048828125 0.37652587890625 -0.780517578125
-0.00609779357910156 -0.0207080841064453 -0.431884765625 -0.95416259765625
7.15255737304719E-06 0.00346255302429199 -0.87261962890625 -0.0235595703125
0.0306549072265625 -0.00474929809570313 -0.36541748046875 0.58526611328125
0.0306968688964844 -0.00974655151367187 0.119110107421875 0.52252197265625
-0.00214385986328125 -0.0145273208618164 0.345489501953125 0.1527099609375
0.0281028747558594 -0.0150547027587891 0.2880859375 -0.119049072265625
0.0371322631835937 -0.0153350830078125 -0.3018798828125 0.0848693847656251
0.00964450836181641 -0.00530052185058594 -0.312408447265625 -0.21258544921875
0.0146007537841797 0.0163679122924805 -0.0663757324218749 -0.531097412109375
0.00263786315917969 0.0235710144042969 0.448486328125 -0.56524658203125
-0.0402450561523438 0.00584030151367187 0.79730224609375 0.09478759765625
-0.0399093627929687 -0.037139892578125 0.4234619140625 0.84771728515625
0.0423316955566406 -0.0141868591308594 -0.24176025390625 0.74163818359375
0.0780792236328125 0.00942230224609375 0.0621299743652344 0.0617713928222656
0.0456962585449219 -0.0280265808105469 0.41943359375 -0.77288818359375
-0.00833892822265625 -0.0361175537109375 -0.38262939453125 -0.9970703125
-0.0398330688476563 -0.00238418579101562 -0.88385009765625 -0.0927734374999999
-0.0087432861328125 0.0218696594238281 -0.40924072265625 0.54443359375
0.0118465423583984 0.0192527770996094 0.0888671875 0.5023193359375
0.00380325317382813 0.00436091423034668 0.323455810546875 0.146881103515625
0.0374565124511719 -0.0179061889648438 0.265350341796875 -0.13311767578125
0.0394210815429688 -0.0152702331542969 -0.292999267578125 0.0861206054687499
0.0110569000244141 -0.00314521789550781 -0.298370361328125 -0.21527099609375
0.0143146514892578 0.0185127258300781 -0.05206298828125 -0.531524658203125
-0.00128746032714844 0.0243473052978516 0.4635009765625 -0.55059814453125
-0.0441093444824219 0.00277328491210938 0.7982177734375 0.1136474609375
-0.0436592102050781 -0.0433807373046875 0.408203125 0.86163330078125
0.040863037109375 -0.01470947265625 -0.25848388671875 0.7425537109375
0.0774002075195313 0.00959014892578125 0.0584182739257813 0.0574493408203125
0.0448226928710937 -0.0302391052246094 0.40240478515625 -0.77484130859375
-0.0116119384765625 -0.0398483276367188 -0.40057373046875 -0.98565673828125
-0.0437126159667969 -0.00459671020507813 -0.88433837890625 -0.0731201171875
-0.01092529296875 0.022003173828125 -0.393310546875 0.556671142578125
0.0125942230224609 0.0206890106201172 0.100250244140625 0.50091552734375
0.00195932388305664 0.00876808166503906 0.3341064453125 0.14544677734375
0.0391197204589844 -0.0181655883789063 0.272903442382813 -0.131088256835938
0.0378875732421875 -0.0146484375 -0.284881591796875 0.086517333984375
0.0105705261230469 -0.0035247802734375 -0.28875732421875 -0.217071533203125
0.0141372680664063 0.0176734924316406 -0.03717041015625 -0.52972412109375
-0.00259971618652344 0.0220527648925781 0.477508544921875 -0.539947509765625
-0.0453300476074219 -0.00188827514648438 0.79791259765625 0.13604736328125
-0.0436363220214844 -0.0449638366699219 0.3890380859375 0.876220703125
0.0384979248046875 -0.0155677795410156 -0.27142333984375 0.73974609375
0.0758132934570313 0.0085601806640625 0.0539703369140625 0.0550422668457031
0.04107666015625 -0.0314407348632813 0.3853759765625 -0.77886962890625
-0.0139808654785156 -0.0403861999511719 -0.41827392578125 -0.97210693359375
-0.0451507568359375 -0.006988525390625 -0.877197265625 -0.0520019531250001
-0.0105056762695313 0.0207996368408203 -0.376922607421875 0.56219482421875
0.0142650604248047 0.0217208862304688 0.11395263671875 0.50189208984375
0.00108814239501953 0.00690174102783203 0.34423828125 0.143402099609375
0.0386428833007813 -0.0159683227539063 0.277877807617187 -0.12896728515625
0.036773681640625 -0.0154647827148438 -0.279708862304688 0.0850524902343749
0.0123844146728516 -0.00226020812988281 -0.27587890625 -0.218399047851563
0.0185012817382813 0.0153064727783203 -0.024322509765625 -0.527862548828125
0.00130844116210937 0.0184726715087891 0.492218017578125 -0.5267333984375
-0.0419502258300781 -0.00207519531250001 0.80499267578125 0.15869140625
-0.0443496704101563 -0.0450210571289062 0.38116455078125 0.8907470703125
0.0373954772949219 -0.0189399719238281 -0.28472900390625 0.73944091796875
0.0740966796875 0.00537872314453125 0.0520858764648438 0.0494461059570313
0.0388069152832031 -0.03289794921875 0.3690185546875 -0.780517578125
-0.0145950317382813 -0.041534423828125 -0.43951416015625 -0.95782470703125
-0.0413856506347656 -0.00588226318359376 -0.87445068359375 -0.0327758789062502
-0.00505638122558594 0.0187397003173828 -0.3631591796875 0.5731201171875
0.0177555084228516 0.0176048278808594 0.124786376953125 0.508209228515625
0.00213861465454102 0.00686407089233398 0.349365234375 0.14471435546875
0.0387763977050781 -0.0198593139648438 0.28411865234375 -0.124969482421875
0.0348854064941406 -0.0149250030517578 -0.274612426757813 0.087066650390625
0.00835943222045898 -0.00633668899536133 -0.269500732421875 -0.218917846679688
0.0213890075683594 0.00860977172851563 -0.01422119140625 -0.525390625
0.00968551635742188 0.0143346786499023 0.502655029296875 -0.51629638671875
-0.0363540649414062 -0.000625610351562495 0.805908203125 0.17291259765625
-0.0422439575195313 -0.0451393127441406 0.37103271484375 0.9000244140625
0.0318145751953125 -0.0181427001953125 -0.29119873046875 0.7392578125
0.0700225830078125 0.00187301635742187 0.0512771606445313 0.0479774475097656
0.0329513549804688 -0.0361709594726563 0.3603515625 -0.7803955078125
-0.013458251953125 -0.0365791320800781 -0.450439453125 -0.94683837890625
-0.0332927703857422 -0.0042724609375 -0.87091064453125 -0.0127563476562499
0.00180149078369141 0.0131731033325195 -0.3511962890625 0.58148193359375
0.0208187103271484 0.00942611694335938 0.13287353515625 0.5106201171875
0.00152707099914551 0.00282764434814453 0.354827880859375 0.14288330078125
0.0367279052734375 -0.0174140930175781 0.287689208984375 -0.1231689453125
0.0324287414550781 -0.0142841339111328 -0.27056884765625 0.0847930908203125
0.00989151000976563 -0.0126314163208008 -0.267349243164063 -0.221908569335937
0.0266838073730469 0.000871658325195312 -0.012237548828125 -0.52374267578125
0.0203819274902344 0.0105018615722656 0.50799560546875 -0.509002685546875
-0.0260581970214844 0.00201034545898438 0.8101806640625 0.1812744140625
-0.0412254333496094 -0.0395088195800781 0.37115478515625 0.9068603515625
0.0294456481933594 -0.0186748504638672 -0.2952880859375 0.74017333984375
0.0677070617675781 -0.00159835815429688 0.053375244140625 0.0476036071777344
0.0303764343261719 -0.0364723205566406 0.35516357421875 -0.78106689453125
-0.0115795135498047 -0.0317878723144531 -0.45526123046875 -0.94024658203125
-0.0236225128173828 -0.00251960754394531 -0.8677978515625 -0.00537109374999994
0.0114345550537109 0.00541591644287109 -0.3458251953125 0.58502197265625
0.0251007080078125 0.0033416748046875 0.135101318359375 0.51312255859375
0.00016641616821289 -0.00287842750549316 0.35394287109375 0.1441650390625
0.0331516265869141 -0.0177860260009766 0.28863525390625 -0.121368408203125
0.0284385681152344 -0.0117855072021484 -0.27191162109375 0.0829010009765624
0.00871086120605469 -0.01959228515625 -0.271194458007813 -0.220184326171875
0.0304183959960938 -0.00596809387207031 -0.013275146484375 -0.522430419921875
0.0294399261474609 0.00683403015136719 0.5079345703125 -0.508758544921875
-0.0177936553955078 0.00517463684082031 0.81097412109375 0.1842041015625
-0.040496826171875 -0.0334396362304687 0.3741455078125 0.9078369140625
0.0244674682617188 -0.0162677764892578 -0.290771484375 0.74005126953125
0.0640640258789063 -0.00522994995117188 0.0541343688964844 0.047119140625
0.026031494140625 -0.036102294921875 0.355224609375 -0.7822265625
-0.00838851928710938 -0.027008056640625 -0.4515380859375 -0.93853759765625
-0.0113668441772461 0.00090503692626953 -0.867919921875 -0.00482177734374998
0.0207748413085938 -0.00142288208007813 -0.345947265625 0.58721923828125
0.0283126831054688 -0.00341224670410156 0.13262939453125 0.51513671875
-0.0018305778503418 -0.00826692581176758 0.3497314453125 0.144622802734375
0.0288200378417969 -0.0158176422119141 0.2884521484375 -0.12237548828125
0.0226821899414063 -0.0121326446533203 -0.27777099609375 0.0830078125
0.008453369140625 -0.0265045166015625 -0.276779174804688 -0.22216796875
0.0324821472167969 -0.0156936645507813 -0.02178955078125 -0.520050048828125
0.0410690307617188 0.00356292724609375 0.5035400390625 -0.5128173828125
-0.00706195831298828 0.0108375549316406 0.8138427734375 0.17633056640625
-0.0366325378417969 -0.0271835327148437 0.3853759765625 0.902099609375
0.0223960876464844 -0.0173625946044922 -0.28314208984375 0.7435302734375
0.0617141723632813 -0.00825881958007813 0.0570182800292969 0.0513916015625
0.0229339599609375 -0.0359954833984375 0.36578369140625 -0.77838134765625
-0.006805419921875 -0.020050048828125 -0.44146728515625 -0.94573974609375
-0.00240278244018555 0.00368165969848633 -0.86785888671875 -0.0126342773437501
0.0300712585449219 -0.00491714477539063 -0.353515625 0.584716796875
0.0291671752929688 -0.00989723205566406 0.125518798828125 0.5191650390625
-0.00146865844726563 -0.0142908096313477 0.345001220703125 0.14788818359375
0.0270748138427734 -0.0148754119873047 0.28564453125 -0.123809814453125
0.0377311706542969 -0.0175819396972656 -0.30047607421875 0.08880615234375
0.00651645660400391 -0.00668954849243164 -0.313995361328125 -0.208099365234375
0.015385627746582 0.0161199569702148 -0.073638916015625 -0.526641845703125
0.00245475769042969 0.0227890014648438 0.43792724609375 -0.56536865234375
-0.0403518676757813 0.00646209716796876 0.79351806640625 0.08807373046875
-0.0395469665527344 -0.0358543395996094 0.42803955078125 0.8370361328125
0.0400276184082031 -0.0141639709472656 -0.2342529296875 0.73907470703125
0.0778656005859375 0.00701141357421875 0.0624313354492188 0.0608367919921875
0.0458183288574219 -0.0289382934570313 0.40924072265625 -0.77239990234375
-0.00823783874511719 -0.0350093841552734 -0.39031982421875 -0.98736572265625
-0.0401611328125 -0.0013580322265625 -0.8818359375 -0.0814819335937499
-0.00758552551269531 0.0201568603515625 -0.401824951171875 0.546478271484375
0.0131988525390625 0.0179328918457031 0.091766357421875 0.49737548828125
0.00246715545654297 0.00426268577575684 0.322723388671875 0.142425537109375
0.03826904296875 -0.0192832946777344 0.2633056640625 -0.136062622070313
0.0371627807617188 -0.0167694091796875 -0.29193115234375 0.0906066894531251
0.00957679748535156 -0.00204086303710937 -0.30108642578125 -0.208587646484375
0.0151424407958984 0.0189685821533203 -0.058837890625 -0.52679443359375
-0.00271415710449219 0.023895263671875 0.4537353515625 -0.55426025390625
-0.0442695617675781 0.00408935546875 0.793212890625 0.107421875
-0.0416145324707031 -0.0406303405761719 0.413330078125 0.852294921875
0.0412101745605469 -0.0164871215820313 -0.24951171875 0.7357177734375
0.0782089233398438 0.0091705322265625 0.0583724975585938 0.0575942993164063
0.0453262329101563 -0.0308914184570313 0.392333984375 -0.7738037109375
-0.0120887756347656 -0.0382728576660156 -0.4072265625 -0.9739990234375
-0.0449142456054688 -0.00400543212890624 -0.87628173828125 -0.0609741210937501
-0.0109844207763672 0.0209732055664063 -0.384674072265625 0.555816650390625
0.0115852355957031 0.0199642181396484 0.1043701171875 0.497833251953125
0.00147819519042969 0.00657510757446289 0.333038330078125 0.1405029296875
0.0379524230957031 -0.0184326171875 0.26910400390625 -0.134033203125
0.0358390808105469 -0.0158500671386719 -0.28253173828125 0.08929443359375
0.0119495391845703 -0.00203895568847656 -0.288970947265625 -0.211669921875
0.015899658203125 0.0188331604003906 -0.046234130859375 -0.524383544921875
-0.00199317932128906 0.0218219757080078 0.46734619140625 -0.541290283203125
-0.0458145141601563 -0.000423431396484366 0.79583740234375 0.1270751953125
-0.0418891906738281 -0.0439262390136719 0.3956298828125 0.86578369140625
0.0390357971191406 -0.0162620544433594 -0.2640380859375 0.737548828125
0.074798583984375 0.00693511962890625 0.0544242858886719 0.0531997680664062
0.0416755676269531 -0.0326118469238281 0.3768310546875 -0.77728271484375
-0.0152435302734375 -0.0390739440917969 -0.42315673828125 -0.958984375
-0.0461692810058594 -0.00468826293945313 -0.8714599609375 -0.0432128906249998
-0.00976181030273437 0.0203590393066406 -0.37091064453125 0.563232421875
0.0126857757568359 0.0207920074462891 0.1180419921875 0.49566650390625
0.00179576873779297 0.00849294662475586 0.343231201171875 0.13629150390625
0.0383872985839844 -0.019439697265625 0.276443481445313 -0.131393432617188
0.036773681640625 -0.0160598754882813 -0.276565551757812 0.0891571044921874
0.00927257537841797 -0.00341129302978516 -0.278778076171875 -0.21502685546875
0.0189247131347656 0.0150737762451172 -0.032745361328125 -0.524444580078125
0.00183677673339844 0.0183277130126953 0.482879638671875 -0.529876708984375
-0.0443267822265625 2.67028808593842E-05 0.80120849609375 0.14825439453125
-0.0439224243164063 -0.0448951721191406 0.38519287109375 0.87939453125
0.0354232788085938 -0.0174751281738281 -0.274658203125 0.737060546875
0.0726547241210938 0.005340576171875 0.0519180297851563 0.0510749816894531
0.0383415222167969 -0.03594970703125 0.36077880859375 -0.777099609375
-0.0160408020019531 -0.0390281677246094 -0.4434814453125 -0.94586181640625
-0.0417747497558594 -0.00432586669921875 -0.86932373046875 -0.0225830078125001
-0.00488567352294922 0.0172996520996094 -0.3555908203125 0.574462890625
0.0155887603759766 0.0163793563842773 0.1302490234375 0.503631591796875
0.00364065170288086 0.00713920593261719 0.349029541015625 0.1376953125
0.0378570556640625 -0.0203666687011719 0.280670166015625 -0.127822875976562
0.0346088409423828 -0.0158843994140625 -0.272384643554688 0.0889129638671875
0.0103206634521484 -0.00681495666503906 -0.27276611328125 -0.214996337890625
0.0236606597900391 0.00875282287597656 -0.0216064453124999 -0.523284912109375
0.0102119445800781 0.0149850845336914 0.493255615234375 -0.520416259765625
-0.0356674194335938 0.000503540039062494 0.80194091796875 0.16278076171875
-0.04119873046875 -0.0422744750976563 0.374267578125 0.8916015625
0.0314197540283203 -0.0186901092529297 -0.283935546875 0.73870849609375
0.0676345825195313 0.0010833740234375 0.0524215698242188 0.0486984252929687
0.0327587127685547 -0.0347518920898438 0.35015869140625 -0.7789306640625
-0.0145416259765625 -0.037872314453125 -0.45635986328125 -0.93597412109375
-0.0342693328857422 -0.00248527526855469 -0.86614990234375 -0.00567626953124982
0.00276374816894531 0.0124082565307617 -0.342529296875 0.580322265625
0.0206203460693359 0.0105304718017578 0.1376953125 0.50384521484375
0.00256490707397461 0.00416231155395508 0.3526611328125 0.13751220703125
0.0343914031982422 -0.0192241668701172 0.28594970703125 -0.1256103515625
0.0310802459716797 -0.0146713256835937 -0.269088745117188 0.0868377685546875
0.0104084014892578 -0.0129461288452148 -0.269210815429688 -0.215408325195313
0.0275478363037109 0.00286674499511719 -0.01690673828125 -0.5185546875
0.01947021484375 0.00937652587890625 0.497711181640625 -0.513641357421875
-0.0272903442382813 0.00187110900878907 0.804931640625 0.17193603515625
-0.041961669921875 -0.038665771484375 0.3760986328125 0.89874267578125
0.0275726318359375 -0.0183238983154297 -0.28271484375 0.73822021484375
0.066741943359375 -0.00104904174804688 0.05108642578125 0.048004150390625
0.0292167663574219 -0.0363426208496094 0.345458984375 -0.77923583984375
-0.0131683349609375 -0.0309486389160156 -0.460205078125 -0.92864990234375
-0.0236263275146484 -0.002105712890625 -0.864501953125 0.00268554687499991
0.0103378295898438 0.00617027282714844 -0.3382568359375 0.58734130859375
0.0240077972412109 0.004852294921875 0.139923095703125 0.50909423828125
0.0008392333984375 -0.00158452987670898 0.35223388671875 0.138031005859375
0.0333080291748047 -0.0187664031982422 0.285064697265625 -0.123138427734375
0.0278072357177734 -0.013214111328125 -0.269851684570313 0.087249755859375
0.0091094970703125 -0.0194625854492188 -0.27239990234375 -0.21478271484375
0.0299148559570312 -0.00687789916992187 -0.020538330078125 -0.51776123046875
0.0280971527099609 0.00714302062988281 0.499359130859375 -0.51190185546875
-0.0173025131225586 0.00584030151367187 0.80572509765625 0.1754150390625
-0.0389823913574219 -0.0326385498046875 0.37945556640625 0.89813232421875
0.0237083435058594 -0.0171661376953125 -0.28240966796875 0.7392578125
0.0637855529785156 -0.00632476806640625 0.0536117553710938 0.0482292175292969
0.025787353515625 -0.0363426208496094 0.3443603515625 -0.77813720703125
-0.0086669921875 -0.0274734497070313 -0.45794677734375 -0.9288330078125
-0.011988639831543 0.00087547302246094 -0.86090087890625 0.00378417968750001
0.0206298828125 -0.00144004821777344 -0.3372802734375 0.586669921875
0.0270709991455078 -0.00256156921386719 0.1387939453125 0.51092529296875
-0.00106143951416016 -0.00787019729614258 0.34979248046875 0.140380859375
0.0301189422607422 -0.0182456970214844 0.284881591796875 -0.122711181640625
0.0229854583740234 -0.0118618011474609 -0.276123046875 0.0864105224609374
0.00731658935546875 -0.0256366729736328 -0.279647827148437 -0.2152099609375
0.0327816009521484 -0.0152721405029297 -0.0291748046875 -0.516815185546875
0.0407218933105469 0.00351715087890625 0.491241455078125 -0.51654052734375
-0.00577831268310547 0.0106401443481445 0.807373046875 0.166748046875
-0.0347805023193359 -0.0269660949707031 0.3909912109375 0.89068603515625
0.0204849243164063 -0.0178108215332031 -0.27313232421875 0.74005126953125
0.0615692138671875 -0.0100326538085938 0.0566368103027344 0.0499420166015625
0.0225753784179688 -0.036376953125 0.3564453125 -0.77655029296875
-0.00660324096679687 -0.0211105346679688 -0.44732666015625 -0.9342041015625
0.000866174697875976 0.00378799438476563 -0.86175537109375 -0.00341796875000001
0.0283985137939453 -0.00571060180664063 -0.34417724609375 0.5859375
0.0316066741943359 -0.0110797882080078 0.132232666015625 0.513336181640625
-0.00256061553955078 -0.0136022567749023 0.345062255859375 0.141998291015625
0.0260181427001953 -0.0178775787353516 0.283111572265625 -0.1241455078125
0.0343914031982422 -0.0171184539794922 -0.29766845703125 0.0914001464843751
0.00801420211791992 -0.00555610656738281 -0.314300537109375 -0.202117919921875
0.0159263610839844 0.015742301940918 -0.081024169921875 -0.522735595703125
0.00143814086914063 0.0238895416259766 0.428466796875 -0.564697265625
-0.0394630432128906 0.00735855102539063 0.7862548828125 0.0784912109375
-0.0393714904785156 -0.0363578796386719 0.43267822265625 0.82891845703125
0.04058837890625 -0.0157012939453125 -0.228515625 0.73388671875
0.076934814453125 0.0087432861328125 0.0626296997070313 0.0612640380859375
0.0457420349121094 -0.0276832580566406 0.3994140625 -0.76812744140625
-0.0074310302734375 -0.0334606170654297 -0.39703369140625 -0.97662353515625
-0.0395584106445312 -4.19616699218774E-05 -0.87506103515625 -0.0731201171875001
-0.00833320617675781 0.0210380554199219 -0.39093017578125 0.54705810546875
0.0134296417236328 0.0180377960205078 0.09698486328125 0.4918212890625
0.00255727767944336 0.00490522384643555 0.322662353515625 0.1361083984375
0.0372085571289063 -0.0204734802246094 0.261276245117188 -0.136810302734375
0.0370330810546875 -0.0172233581542969 -0.290679931640625 0.0914306640625
0.00987625122070313 -0.00168228149414063 -0.301177978515625 -0.204925537109375
0.0164146423339844 0.0191459655761719 -0.06640625 -0.522430419921875
-0.00267982482910156 0.0231761932373047 0.4444580078125 -0.554290771484375
-0.0441436767578125 0.00480270385742188 0.78759765625 0.0987548828125
-0.0420684814453125 -0.0394935607910156 0.41839599609375 0.8426513671875
0.0404052734375 -0.0169677734375 -0.24310302734375 0.73388671875
0.0763473510742188 0.00921630859375 0.0587692260742188 0.0576438903808594
0.0439834594726563 -0.0307464599609375 0.382568359375 -0.770751953125
-0.011627197265625 -0.0379791259765625 -0.41461181640625 -0.9613037109375
-0.0450859069824219 -0.00143814086914062 -0.87176513671875 -0.0537719726562499
-0.0120658874511719 0.0219001770019531 -0.37677001953125 0.5552978515625
0.0122566223144531 0.0205917358398438 0.109222412109375 0.493682861328125
0.00261878967285156 0.00767278671264648 0.33233642578125 0.135467529296875
0.0386085510253906 -0.0208282470703125 0.26605224609375 -0.134292602539063
0.0360832214355469 -0.017181396484375 -0.27996826171875 0.09307861328125
0.00989151000976563 -0.00152587890625 -0.2908935546875 -0.2054443359375
0.0153369903564453 0.0190582275390625 -0.050079345703125 -0.519439697265625
-0.00171279907226563 0.0212535858154297 0.456573486328125 -0.542144775390625
-0.0462875366210938 0.000965118408203123 0.79052734375 0.1187744140625
-0.0442886352539063 -0.0430068969726563 0.401123046875 0.857666015625
0.0388832092285156 -0.0160140991210938 -0.2579345703125 0.73211669921875
0.0747451782226563 0.0085906982421875 0.0552024841308594 0.0538139343261719
0.0398216247558594 -0.0314254760742188 0.36920166015625 -0.77264404296875
-0.0147018432617187 -0.0393409729003906 -0.43121337890625 -0.95013427734375
-0.0453033447265625 -0.00284576416015625 -0.86639404296875 -0.0352172851562499
-0.00892066955566407 0.018829345703125 -0.3616943359375 0.56475830078125
0.0138301849365234 0.0186824798583984 0.12249755859375 0.49273681640625
0.0028076171875 0.00772237777709961 0.34112548828125 0.13287353515625
0.0376434326171875 -0.021270751953125 0.272109985351563 -0.133331298828125
0.0362663269042969 -0.0178260803222656 -0.274520874023438 0.090911865234375
0.00967025756835938 -0.00276470184326172 -0.28021240234375 -0.20947265625
0.0189476013183594 0.0157394409179688 -0.03826904296875 -0.520904541015625
0.00102138519287109 0.0175132751464844 0.473785400390625 -0.530303955078125
-0.0426597595214844 -0.000354766845703131 0.79638671875 0.140625
-0.0425682067871094 -0.0441246032714844 0.38995361328125 0.86993408203125
0.0360603332519531 -0.0183258056640625 -0.266845703125 0.732421875
0.0721206665039063 0.0040283203125 0.0525016784667969 0.0517044067382813
0.0371360778808594 -0.0334510803222656 0.3529052734375 -0.7747802734375
-0.0152626037597656 -0.0384559631347656 -0.4490966796875 -0.935791015625
-0.0414772033691406 -0.00434875488281251 -0.86505126953125 -0.0146484375000002
-0.00618171691894531 0.0176143646240234 -0.34686279296875 0.5728759765625
0.016362190246582 0.0166311264038086 0.133758544921875 0.497222900390625
0.0025029182434082 0.00769424438476563 0.34674072265625 0.13348388671875
0.0367965698242188 -0.0200462341308594 0.278793334960938 -0.13037109375
0.0323848724365234 -0.0153636932373047 -0.268783569335937 0.0919189453125
0.0103836059570313 -0.00670242309570313 -0.273834228515625 -0.210418701171875
0.0225315093994141 0.00910186767578125 -0.027984619140625 -0.51763916015625
0.00858783721923828 0.0147304534912109 0.4825439453125 -0.51837158203125
-0.0379104614257813 -0.000118255615234377 0.7967529296875 0.15521240234375
-0.0412483215332031 -0.0422630310058594 0.38079833984375 0.881591796875
0.0315322875976563 -0.0174331665039063 -0.27569580078125 0.73333740234375
0.06744384765625 0.00217056274414062 0.0506019592285156 0.0477294921875
0.0326728820800781 -0.035736083984375 0.34149169921875 -0.77593994140625
-0.0143814086914063 -0.0359535217285156 -0.4609375 -0.92572021484375
-0.0344676971435547 -0.0030517578125 -0.85931396484375 0.00238037109374997
0.00144767761230469 0.0125179290771484 -0.3353271484375 0.5799560546875
0.0198612213134766 0.0107250213623047 0.14044189453125 0.498138427734375
0.0024878978729248 0.00433540344238281 0.3504638671875 0.132354736328125
0.0348396301269531 -0.0202884674072266 0.282989501953125 -0.1295166015625
0.0309333801269531 -0.0147647857666016 -0.266006469726563 0.0887603759765625
0.00999832153320313 -0.0138788223266602 -0.271209716796875 -0.211044311523437
0.0264034271240234 0.00142478942871094 -0.02264404296875 -0.51611328125
0.0186767578125 0.01141357421875 0.48846435546875 -0.514068603515625
-0.028900146484375 0.00274276733398437 0.80029296875 0.16436767578125
-0.0401382446289063 -0.0374374389648438 0.38262939453125 0.889892578125
0.0273151397705078 -0.0181102752685547 -0.27734375 0.734375
0.0652580261230469 -0.00332260131835938 0.0517501831054688 0.0469398498535156
0.02886962890625 -0.0353889465332031 0.33673095703125 -0.77618408203125
-0.0116710662841797 -0.0317478179931641 -0.46661376953125 -0.918212890625
-0.0227985382080078 -0.000322341918945311 -0.85736083984375 0.0110473632812501
0.0110864639282227 0.00530624389648437 -0.3280029296875 0.58453369140625
0.0233898162841797 0.00361442565917969 0.14556884765625 0.504425048828125
0.000945091247558594 -0.00131809711456299 0.351470947265625 0.131744384765625
0.0317649841308594 -0.0200023651123047 0.282928466796875 -0.124908447265625
0.0265827178955078 -0.0137195587158203 -0.268173217773438 0.0902099609375
0.00861930847167969 -0.0196533203125 -0.27392578125 -0.212081909179687
0.0302257537841797 -0.00746536254882813 -0.026763916015625 -0.513427734375
0.0281753540039063 0.00484848022460938 0.489593505859375 -0.511932373046875
-0.0172128677368164 0.00537586212158203 0.80267333984375 0.16741943359375
-0.0382766723632813 -0.0323257446289062 0.38323974609375 0.88916015625
0.0234470367431641 -0.0175933837890625 -0.27581787109375 0.73565673828125
0.0627784729003906 -0.00616836547851563 0.0535964965820313 0.0484161376953125
0.0254096984863281 -0.0345115661621094 0.3369140625 -0.77703857421875
-0.0106220245361328 -0.0254135131835938 -0.4620361328125 -0.9158935546875
-0.0131053924560547 0.0023345947265625 -0.8570556640625 0.0108642578125001
0.0194950103759766 -0.000459671020507813 -0.3316650390625 0.5859375
0.0283164978027344 -0.00301170349121094 0.14202880859375 0.506072998046875
1.90734863281334E-06 -0.0085139274597168 0.348602294921875 0.1337890625
0.0297870635986328 -0.0189132690429688 0.283172607421875 -0.125762939453125
0.0227298736572266 -0.0124034881591797 -0.272994995117187 0.0886688232421875
0.00756454467773437 -0.0245037078857422 -0.280990600585938 -0.210403442382812
0.0320682525634766 -0.0156402587890625 -0.0346679687499999 -0.51287841796875
0.0394706726074219 0.0019073486328125 0.481964111328125 -0.515411376953125
-0.00805187225341797 0.0103206634521484 0.80267333984375 0.15484619140625
-0.0362510681152344 -0.0253791809082031 0.39581298828125 0.8818359375
0.0206985473632813 -0.0178012847900391 -0.266357421875 0.73748779296875
0.0602264404296875 -0.00978469848632813 0.0560569763183594 0.0494422912597656
0.0223808288574219 -0.0355186462402344 0.34649658203125 -0.7744140625
-0.006561279296875 -0.019744873046875 -0.45281982421875 -0.923095703125
-0.00155925750732422 0.00339341163635254 -0.85772705078125 0.00445556640625001
0.0286769866943359 -0.00725936889648438 -0.3370361328125 0.58404541015625
0.0305519104003906 -0.0102634429931641 0.134765625 0.50836181640625
-0.00136566162109375 -0.0124969482421875 0.34375 0.13623046875
0.0265712738037109 -0.0176734924316406 0.28076171875 -0.126083374023438
0.0345249176025391 -0.017669677734375 -0.2955322265625 0.094329833984375
0.0085606575012207 -0.00604104995727539 -0.3133544921875 -0.197784423828125
0.0144977569580078 0.0158672332763672 -0.08453369140625 -0.51800537109375
0.00209999084472656 0.0227108001708984 0.420654296875 -0.56298828125
-0.0410385131835938 0.00825500488281249 0.78131103515625 0.07354736328125
-0.0391426086425781 -0.0348892211914063 0.4334716796875 0.82025146484375
0.0402870178222656 -0.0163841247558594 -0.22222900390625 0.7305908203125
0.0764236450195313 0.00662994384765625 0.0631256103515625 0.060791015625
0.0449333190917969 -0.02880859375 0.3916015625 -0.76470947265625
-0.00749397277832032 -0.0336513519287109 -0.4007568359375 -0.9669189453125
-0.0390777587890625 0.00113296508789062 -0.8685302734375 -0.0663452148437498
-0.00856590270996094 0.0196266174316406 -0.384002685546875 0.546966552734375
0.0129413604736328 0.0171957015991211 0.10028076171875 0.488922119140625
0.00236368179321289 0.00460958480834961 0.321136474609375 0.13299560546875
0.0361099243164063 -0.0198478698730469 0.257415771484375 -0.138137817382813
0.0367012023925781 -0.0177345275878906 -0.287139892578125 0.09307861328125
0.00899124145507813 -0.00216293334960938 -0.30224609375 -0.19927978515625
0.0156917572021484 0.0189895629882813 -0.07037353515625 -0.516876220703125
-0.00255393981933594 0.0231304168701172 0.435394287109375 -0.55413818359375
-0.04541015625 0.00405502319335938 0.78350830078125 0.09259033203125
-0.0425872802734375 -0.0391769409179688 0.41839599609375 0.8328857421875
0.0393447875976563 -0.0173568725585938 -0.2359619140625 0.72882080078125
0.0759658813476563 0.0083465576171875 0.057159423828125 0.0563240051269531
0.0443458557128906 -0.0296745300292969 0.375732421875 -0.76678466796875
-0.0134620666503906 -0.0376129150390625 -0.41717529296875 -0.95196533203125
-0.0450477600097656 -0.00217056274414062 -0.86517333984375 -0.046630859375
-0.0110111236572266 0.0215072631835938 -0.3702392578125 0.554046630859375
0.0117855072021484 0.0192451477050781 0.11260986328125 0.488677978515625
0.00286245346069336 0.00776386260986328 0.329925537109375 0.12945556640625
0.0375137329101563 -0.0215377807617188 0.263717651367188 -0.138275146484375
0.0354804992675781 -0.0165786743164063 -0.27880859375 0.0942230224609376
0.011845588684082 -0.000849723815917969 -0.290008544921875 -0.2005615234375
0.0154895782470703 0.0200634002685547 -0.054840087890625 -0.5147705078125
-0.002960205078125 0.0216102600097656 0.45025634765625 -0.5426025390625
-0.0467033386230469 0.000488281249999995 0.78436279296875 0.114013671875
-0.0420455932617188 -0.0412979125976562 0.40106201171875 0.84576416015625
0.0378532409667969 -0.0173110961914062 -0.25213623046875 0.72979736328125
0.0745086669921875 0.0068511962890625 0.0537872314453125 0.05401611328125
0.0402679443359375 -0.0323715209960938 0.361572265625 -0.76885986328125
-0.0153236389160156 -0.0384979248046875 -0.43328857421875 -0.9398193359375
-0.0462684631347656 -0.0024261474609375 -0.861083984375 -0.0269165039062501
-0.0108776092529297 0.0206279754638672 -0.353118896484375 0.56103515625
0.0117683410644531 0.0195579528808594 0.12506103515625 0.487701416015625
0.00392913818359375 0.00903797149658203 0.3404541015625 0.127777099609375
0.0361099243164063 -0.0215682983398438 0.270095825195313 -0.136489868164063
0.0354156494140625 -0.019775390625 -0.271575927734375 0.0926361083984375
0.0100545883178711 -0.00281238555908203 -0.280776977539063 -0.204681396484375
0.0199470520019531 0.0152244567871094 -0.042205810546875 -0.51513671875
0.00104236602783203 0.0174198150634766 0.46624755859375 -0.531219482421875
-0.0430145263671875 -0.000232696533203121 0.7906494140625 0.13470458984375
-0.0425567626953125 -0.0416412353515625 0.3927001953125 0.86004638671875
0.0351676940917969 -0.017547607421875 -0.26153564453125 0.72906494140625
0.071380615234375 0.00502777099609375 0.0521774291992188 0.0505218505859375
0.0362052917480469 -0.0342826843261719 0.3455810546875 -0.771240234375
-0.0141410827636719 -0.0391616821289063 -0.45440673828125 -0.92620849609375
-0.0418701171875 -0.00230407714843749 -0.85699462890625 -0.0106201171875001
-0.00569248199462891 0.0172948837280273 -0.33856201171875 0.5711669921875
0.0166072845458984 0.0164985656738281 0.136688232421875 0.494476318359375
0.00322818756103516 0.00749111175537109 0.345794677734375 0.129180908203125
0.0354576110839844 -0.0212783813476563 0.2744140625 -0.130905151367188
0.0317821502685547 -0.0179977416992188 -0.26849365234375 0.09344482421875
0.0104560852050781 -0.00608158111572266 -0.274368286132813 -0.206283569335937
0.0223674774169922 0.00929832458496094 -0.0331726074218751 -0.5133056640625
0.00879955291748047 0.0132675170898438 0.476898193359375 -0.52093505859375
-0.0377082824707031 0.00092315673828125 0.7930908203125 0.1480712890625
-0.0430984497070312 -0.0405731201171875 0.38128662109375 0.871826171875
0.0316829681396484 -0.0189380645751953 -0.269287109375 0.72821044921875
0.0678329467773438 0.000965118408203125 0.0507049560546875 0.0491561889648438
0.0330009460449219 -0.0349445343017578 0.334228515625 -0.77203369140625
-0.0141181945800781 -0.0356597900390625 -0.46527099609375 -0.913818359375
-0.0350856781005859 -0.00195693969726562 -0.85272216796875 0.00830078124999995
0.001708984375 0.0116462707519531 -0.32952880859375 0.579833984375
0.0200538635253906 0.0117740631103516 0.145172119140625 0.493499755859375
0.00253009796142578 0.00460243225097656 0.35137939453125 0.1280517578125
0.0333118438720703 -0.0208969116210937 0.28033447265625 -0.129180908203125
0.0296649932861328 -0.0167064666748047 -0.265289306640625 0.0923004150390625
0.00828838348388672 -0.0116920471191406 -0.271255493164063 -0.206619262695313
0.0269031524658203 0.00155830383300781 -0.0298767089843749 -0.51202392578125
0.0181617736816406 0.0112323760986328 0.480743408203125 -0.51568603515625
-0.0294704437255859 0.00417900085449218 0.7960205078125 0.1578369140625
-0.0402755737304688 -0.0366554260253906 0.38372802734375 0.8798828125
0.0264720916748047 -0.0189876556396484 -0.27154541015625 0.72900390625
0.0646743774414063 -0.00197219848632812 0.0506935119628906 0.047576904296875
0.0293769836425781 -0.0364036560058594 0.32958984375 -0.77276611328125
-0.0134029388427734 -0.0300426483154297 -0.47100830078125 -0.909423828125
-0.0238494873046875 -0.000490188598632814 -0.8494873046875 0.01605224609375
0.0107202529907227 0.00513839721679688 -0.3221435546875 0.5830078125
0.0238590240478516 0.00533676147460938 0.146728515625 0.49822998046875
0.0013740062713623 -0.00115656852722168 0.34967041015625 0.1285400390625
0.0324859619140625 -0.0210323333740234 0.27935791015625 -0.127288818359375
0.0263462066650391 -0.014984130859375 -0.264938354492188 0.0915985107421875
0.00812530517578125 -0.0199317932128906 -0.27349853515625 -0.2060546875
0.0292110443115234 -0.0077056884765625 -0.03326416015625 -0.51007080078125
0.0300045013427734 0.00558662414550781 0.480499267578125 -0.5128173828125
-0.0163402557373047 0.00619029998779297 0.79864501953125 0.15936279296875
-0.03814697265625 -0.0312423706054687 0.3861083984375 0.87847900390625
0.0229396820068359 -0.0188312530517578 -0.2672119140625 0.729736328125
0.061614990234375 -0.00559234619140625 0.0534934997558594 0.0471420288085937
0.0252914428710938 -0.0367889404296875 0.33160400390625 -0.771484375
-0.0103378295898437 -0.0251941680908203 -0.46826171875 -0.90948486328125
-0.0126428604125977 0.000986099243164063 -0.8489990234375 0.0167236328125001
0.0206127166748047 -0.001708984375 -0.3243408203125 0.5858154296875
0.0284595489501953 -0.00251388549804688 0.145416259765625 0.50042724609375
-4.43458557128899E-05 -0.00633668899536133 0.347808837890625 0.13067626953125
0.026702880859375 -0.0192584991455078 0.280929565429688 -0.126876831054688
0.0217742919921875 -0.0140247344970703 -0.2703857421875 0.09063720703125
0.0067291259765625 -0.0243244171142578 -0.28045654296875 -0.207107543945312
0.0330657958984375 -0.0159626007080078 -0.040679931640625 -0.509063720703125
0.039794921875 0.0031585693359375 0.473846435546875 -0.5167236328125
-0.00777816772460938 0.0101423263549805 0.799072265625 0.149658203125
-0.0348720550537109 -0.0258293151855469 0.39739990234375 0.87353515625
0.0196609497070313 -0.0191326141357422 -0.25836181640625 0.73223876953125
0.0601768493652344 -0.00994110107421875 0.0580291748046875 0.0483322143554687
0.0213413238525391 -0.0345191955566406 0.3397216796875 -0.7684326171875
-0.00565910339355469 -0.020843505859375 -0.45703125 -0.91375732421875
-0.00185489654541016 0.00414299964904785 -0.84991455078125 0.0103759765624999
0.0280799865722656 -0.00637054443359375 -0.33056640625 0.58331298828125
0.0293560028076172 -0.0102176666259766 0.140960693359375 0.50286865234375
-0.0013418197631836 -0.0137119293212891 0.3424072265625 0.1317138671875
0.0249786376953125 -0.0179843902587891 0.279647827148438 -0.127517700195313
0.0346755981445313 -0.0200138092041016 -0.293060302734375 0.09490966796875
0.00832366943359375 -0.00566244125366211 -0.31317138671875 -0.194671630859375
0.0152978897094727 0.016993522644043 -0.08843994140625 -0.511871337890625
0.00136566162109375 0.0239715576171875 0.41204833984375 -0.56231689453125
-0.03900146484375 0.0109062194824219 0.77398681640625 0.07086181640625
-0.0387840270996094 -0.0334358215332031 0.43414306640625 0.81256103515625
0.0398368835449219 -0.0152740478515625 -0.2164306640625 0.72430419921875
0.0745849609375 0.0069427490234375 0.0620384216308594 0.0606956481933594
0.0433502197265625 -0.0276603698730469 0.3856201171875 -0.75982666015625
-0.00679206848144532 -0.0332508087158203 -0.4002685546875 -0.9569091796875
-0.0400466918945312 -0.000545501708984378 -0.86419677734375 -0.0606689453124998
-0.00849151611328125 0.0210800170898438 -0.378936767578125 0.543914794921875
0.012883186340332 0.017333984375 0.101806640625 0.481475830078125
0.00264263153076172 0.00648403167724609 0.318115234375 0.129608154296875
0.0366935729980469 -0.02008056640625 0.254318237304688 -0.139266967773438
0.0349273681640625 -0.0201683044433594 -0.2825927734375 0.0954895019531251
0.00886917114257813 -0.00258064270019531 -0.301605224609375 -0.195556640625
0.0151195526123047 0.0189323425292969 -0.0748291015625 -0.512451171875
-0.0015716552734375 0.0231266021728516 0.427276611328125 -0.55224609375
-0.045745849609375 0.005279541015625 0.77471923828125 0.08746337890625
-0.0399627685546875 -0.0404853820800781 0.42034912109375 0.82421875
0.0402870178222656 -0.0159263610839844 -0.23321533203125 0.723876953125
0.074737548828125 0.00727081298828125 0.0548286437988281 0.056884765625
0.0425453186035156 -0.0295257568359375 0.36932373046875 -0.76080322265625
-0.0109634399414062 -0.0365257263183594 -0.41851806640625 -0.94525146484375
-0.0456352233886719 -0.0010223388671875 -0.85931396484375 -0.04315185546875
-0.0122051239013672 0.0218925476074219 -0.36328125 0.551971435546875
0.013641357421875 0.0198040008544922 0.11553955078125 0.483306884765625
0.00422906875610352 0.00776767730712891 0.329254150390625 0.1273193359375
0.0357475280761719 -0.0230255126953125 0.262771606445313 -0.139816284179688
0.0344982147216797 -0.0188140869140625 -0.276229858398438 0.096038818359375
0.00907707214355469 -0.00189685821533203 -0.290191650390625 -0.197021484375
0.0171966552734375 0.0192317962646484 -0.059844970703125 -0.5101318359375
-0.00282096862792969 0.0205707550048828 0.441925048828125 -0.54132080078125
-0.04718017578125 0.00156402587890626 0.778076171875 0.1085205078125
-0.0433578491210938 -0.0411567687988281 0.401123046875 0.84136962890625
0.0361900329589844 -0.0155410766601562 -0.244384765625 0.72430419921875
0.0731887817382812 0.007720947265625 0.0542182922363281 0.0529403686523438
0.0406646728515625 -0.0320510864257813 0.357177734375 -0.76470947265625
-0.016082763671875 -0.0389823913574219 -0.4339599609375 -0.9310302734375
-0.0464401245117187 -0.00267028808593751 -0.85382080078125 -0.0226440429687498
-0.0105018615722656 0.0204563140869141 -0.347747802734375 0.55902099609375
0.0134696960449219 0.0200767517089844 0.12799072265625 0.483123779296875
0.00593376159667969 0.00953578948974609 0.337799072265625 0.123138427734375
0.0369033813476563 -0.0209312438964844 0.266998291015625 -0.136566162109375
0.0346584320068359 -0.0196647644042969 -0.270645141601563 0.095489501953125
0.0105743408203125 -0.00363540649414063 -0.281112670898437 -0.201644897460938
0.0191116333007813 0.0154533386230469 -0.0469970703125 -0.511627197265625
0.001434326171875 0.0178165435791016 0.455535888671875 -0.528717041015625
-0.0445175170898438 0.001251220703125 0.78363037109375 0.12896728515625
-0.0423507690429688 -0.0435867309570312 0.39404296875 0.853515625
0.0330257415771484 -0.0183811187744141 -0.25714111328125 0.72509765625
0.0719070434570313 0.00263214111328125 0.0515174865722656 0.05078125
0.0345840454101563 -0.0354232788085938 0.33917236328125 -0.76519775390625
-0.015350341796875 -0.0375633239746094 -0.4544677734375 -0.91693115234375
-0.0414657592773438 -0.00157928466796874 -0.85247802734375 -0.00598144531250005
-0.00603866577148438 0.0169830322265625 -0.33465576171875 0.5697021484375
0.0163679122924805 0.0150346755981445 0.1405029296875 0.48779296875
0.00327873229980469 0.00819969177246094 0.345550537109375 0.124755859375
0.0351104736328125 -0.0221824645996094 0.274490356445313 -0.132171630859375
0.0331249237060547 -0.0179595947265625 -0.266830444335938 0.0936737060546875
0.0080413818359375 -0.00635576248168945 -0.27520751953125 -0.20306396484375
0.0241775512695313 0.0097198486328125 -0.039581298828125 -0.5101318359375
0.00700950622558594 0.0127887725830078 0.467864990234375 -0.519622802734375
-0.0377159118652344 0.00110244750976562 0.78436279296875 0.14251708984375
-0.0406379699707031 -0.0413475036621094 0.3843994140625 0.8641357421875
0.0305252075195313 -0.0183696746826172 -0.26751708984375 0.72491455078125
0.0672874450683594 0.00226211547851562 0.0520858764648438 0.0465621948242188
0.0329856872558594 -0.036346435546875 0.3280029296875 -0.7657470703125
-0.0156841278076172 -0.0337734222412109 -0.46685791015625 -0.90472412109375
-0.0337944030761719 -0.00147438049316406 -0.8466796875 0.0127563476562502
4.3869018554687E-05 0.0110502243041992 -0.32269287109375 0.57598876953125
0.0200824737548828 0.0121078491210938 0.14599609375 0.4888916015625
0.00275564193725586 0.00523138046264648 0.34716796875 0.125946044921875
0.0333766937255859 -0.0225505828857422 0.278152465820313 -0.128341674804688
0.0294723510742188 -0.0164756774902344 -0.26385498046875 0.09295654296875
0.0101957321166992 -0.0103282928466797 -0.272018432617188 -0.203323364257812
0.0282402038574219 0.00165176391601563 -0.036468505859375 -0.50689697265625
0.0171346664428711 0.00966358184814453 0.474151611328125 -0.513275146484375
-0.0294284820556641 0.00597763061523437 0.7901611328125 0.15350341796875
-0.0392875671386719 -0.0356407165527344 0.3841552734375 0.870849609375
0.0273303985595703 -0.0182952880859375 -0.26702880859375 0.72265625
0.0629234313964844 -0.00240325927734375 0.0517463684082031 0.0476760864257813
0.0273113250732422 -0.0350151062011719 0.3226318359375 -0.765625
-0.0131473541259766 -0.0304775238037109 -0.471923828125 -0.89776611328125
-0.0245189666748047 5.53131103515586E-05 -0.84539794921875 0.0192871093749999
0.00907611846923828 0.00555992126464844 -0.31597900390625 0.5821533203125
0.0248622894287109 0.00202560424804688 0.150238037109375 0.492889404296875
0.00139486789703369 0.000380754470825195 0.34881591796875 0.124908447265625
0.0309505462646484 -0.0217304229736328 0.279953002929688 -0.127044677734375
0.0248489379882813 -0.0153598785400391 -0.26348876953125 0.0914154052734375
0.00950431823730469 -0.0189170837402344 -0.2745361328125 -0.2032470703125
0.0313529968261719 -0.0074310302734375 -0.03741455078125 -0.5062255859375
0.0282802581787109 0.00723075866699219 0.47259521484375 -0.510986328125
-0.0189647674560547 0.00543785095214844 0.7886962890625 0.154052734375
-0.0391693115234375 -0.0319061279296875 0.3880615234375 0.87139892578125
0.0222949981689453 -0.0178623199462891 -0.2652587890625 0.7236328125
0.0607757568359375 -0.00665283203125 0.0525054931640625 0.0463600158691406
0.0244178771972656 -0.0357666015625 0.3260498046875 -0.7667236328125
-0.0102081298828125 -0.0263042449951172 -0.4677734375 -0.89984130859375
-0.0116376876831055 0.00103664398193359 -0.84326171875 0.0236816406250001
0.0177173614501953 -0.00277519226074219 -0.31707763671875 0.5816650390625
0.0262241363525391 -0.00369834899902344 0.147918701171875 0.495574951171875
0.00152349472045898 -0.00533342361450195 0.3475341796875 0.126220703125
0.0276374816894531 -0.0206260681152344 0.278640747070313 -0.127532958984375
0.0203914642333984 -0.013397216796875 -0.269500732421875 0.092681884765625
0.00661849975585938 -0.0269031524658203 -0.280303955078125 -0.203598022460938
0.0325489044189453 -0.0142307281494141 -0.04510498046875 -0.504241943359375
0.0387115478515625 0.003662109375 0.464111328125 -0.516326904296875
-0.00907516479492188 0.0101680755615234 0.7911376953125 0.1451416015625
-0.0354270935058594 -0.0254364013671875 0.39947509765625 0.864990234375
0.0195903778076172 -0.0195827484130859 -0.25457763671875 0.726318359375
0.0596199035644531 -0.0104713439941406 0.0585441589355469 0.0503005981445313
0.0225410461425781 -0.0346145629882813 0.33282470703125 -0.76495361328125
-0.00613594055175781 -0.0184440612792969 -0.45758056640625 -0.90533447265625
-0.00118923187255859 0.00499582290649414 -0.84393310546875 0.01409912109375
0.0282173156738281 -0.00666236877441406 -0.32421875 0.58233642578125
0.0293636322021484 -0.0108680725097656 0.141143798828125 0.498046875
-0.000425338745117189 -0.0128250122070313 0.34033203125 0.129486083984375
0.0256462097167969 -0.0181961059570313 0.276443481445312 -0.128662109375
0.0328502655029297 -0.0193214416503906 -0.29229736328125 0.09576416015625
0.00859689712524414 -0.00494480133056641 -0.312957763671875 -0.189605712890625
0.0150995254516602 0.0139694213867188 -0.0906982421875 -0.506866455078125
0.00128364562988281 0.0222969055175781 0.405426025390625 -0.560302734375
-0.0384597778320313 0.00825119018554688 0.7684326171875 0.065185546875
-0.0387001037597656 -0.0330543518066406 0.43310546875 0.806640625
0.0389022827148438 -0.0159492492675781 -0.21685791015625 0.71942138671875
0.0735244750976563 0.0070648193359375 0.0612640380859375 0.0608253479003906
0.0447578430175781 -0.0286521911621094 0.3817138671875 -0.75457763671875
-0.00719261169433594 -0.0324249267578125 -0.40081787109375 -0.94915771484375
-0.0401992797851563 0.00228118896484375 -0.85711669921875 -0.05804443359375
-0.00878334045410156 0.0204086303710938 -0.37371826171875 0.54254150390625
0.0131244659423828 0.0169944763183594 0.104339599609375 0.47821044921875
0.00363492965698242 0.00531387329101563 0.317718505859375 0.125579833984375
0.0355987548828125 -0.0229721069335938 0.254318237304688 -0.1405029296875
0.0353164672851563 -0.0208206176757813 -0.282379150390625 0.0963134765625
0.00937843322753906 -0.00211334228515625 -0.300567626953125 -0.1932373046875
0.0153083801269531 0.0185012817382813 -0.077545166015625 -0.507904052734375
-0.00256919860839844 0.0227603912353516 0.421295166015625 -0.55157470703125
-0.0449752807617188 0.00584030151367187 0.77069091796875 0.083740234375
-0.0402641296386719 -0.0383224487304688 0.4173583984375 0.82080078125
0.0394477844238281 -0.0164642333984375 -0.22900390625 0.7205810546875
0.0751724243164063 0.007598876953125 0.0583419799804688 0.0571670532226562
0.0434646606445313 -0.0309410095214844 0.3656005859375 -0.7562255859375
-0.0109214782714844 -0.0366363525390625 -0.41973876953125 -0.937255859375
-0.0452957153320313 0.000190734863281241 -0.85345458984375 -0.0397338867187502
-0.0112342834472656 0.0200004577636719 -0.359130859375 0.5501708984375
0.0112094879150391 0.0207710266113281 0.115478515625 0.47796630859375
0.00387287139892578 0.0078577995300293 0.326751708984375 0.123809814453125
0.0359039306640625 -0.0223922729492187 0.25958251953125 -0.137771606445313
0.03265380859375 -0.0194244384765625 -0.275772094726562 0.0981903076171875
0.00978183746337891 -0.00249958038330078 -0.289886474609375 -0.194488525390625
0.0171451568603516 0.0196876525878906 -0.062530517578125 -0.506683349609375
-0.00410652160644531 0.0215091705322266 0.435699462890625 -0.539306640625
-0.0474662780761719 0.00211715698242187 0.769287109375 0.10638427734375
-0.0422935485839844 -0.0412330627441406 0.3985595703125 0.83294677734375
0.0359077453613281 -0.0177497863769531 -0.24322509765625 0.71929931640625
0.0728759765625 0.007171630859375 0.0533905029296875 0.0536766052246094
0.0407333374023437 -0.0317192077636719 0.35174560546875 -0.75787353515625
-0.0148773193359375 -0.0381507873535156 -0.43536376953125 -0.923828125
-0.043914794921875 -0.00186920166015624 -0.8492431640625 -0.0206298828125002
-0.0102596282958984 0.0200080871582031 -0.34466552734375 0.5562744140625
0.0123252868652344 0.0191860198974609 0.12939453125 0.480743408203125
0.00361251831054688 0.0080723762512207 0.3369140625 0.120361328125
0.0340576171875 -0.0230445861816406 0.26654052734375 -0.13580322265625
0.0337142944335938 -0.0202693939208984 -0.267852783203125 0.0956420898437499
0.0115690231323242 -0.00332355499267578 -0.281402587890625 -0.197845458984375
0.0207233428955078 0.0146617889404297 -0.0494384765625 -0.507965087890625
-5.53131103515638E-05 0.0177040100097656 0.451416015625 -0.52801513671875
-0.0438346862792969 0.00217056274414063 0.7791748046875 0.12506103515625
-0.0421676635742187 -0.0412864685058594 0.39288330078125 0.84588623046875
0.0350608825683594 -0.0172672271728516 -0.2540283203125 0.71826171875
0.0692024230957031 0.00395584106445313 0.0517997741699219 0.0504074096679688
0.0358390808105469 -0.0338287353515625 0.3358154296875 -0.7611083984375
-0.0155868530273437 -0.03717041015625 -0.45428466796875 -0.90753173828125
-0.0424690246582031 6.86645507812528E-05 -0.84735107421875 0.000122070312499836
-0.00581073760986328 0.0173721313476563 -0.32952880859375 0.56689453125
0.0165901184082031 0.0152349472045898 0.1417236328125 0.482391357421875
0.00496053695678711 0.00830698013305664 0.341888427734375 0.12249755859375
0.0336837768554688 -0.0232009887695313 0.271530151367188 -0.132339477539063
0.030792236328125 -0.0205478668212891 -0.263778686523437 0.095123291015625
0.01129150390625 -0.00560951232910156 -0.274459838867187 -0.199325561523438
0.0223770141601563 0.00882339477539063 -0.04046630859375 -0.50390625
0.00682926177978516 0.0137529373168945 0.461334228515625 -0.516845703125
-0.0374565124511719 0.001434326171875 0.77978515625 0.139404296875
-0.0410308837890625 -0.0408134460449219 0.38238525390625 0.85693359375
0.0304183959960938 -0.0184955596923828 -0.2615966796875 0.7166748046875
0.0658073425292969 0.0003204345703125 0.0510406494140625 0.047607421875
0.032257080078125 -0.0360145568847656 0.32330322265625 -0.7607421875
-0.0151176452636719 -0.0351715087890625 -0.46514892578125 -0.8973388671875
-0.0336380004882813 -0.00158309936523438 -0.841796875 0.0160522460937501
0.00131034851074219 0.0119562149047852 -0.3165283203125 0.573974609375
0.0194511413574219 0.00996971130371094 0.148406982421875 0.4832763671875
0.00362586975097656 0.00403833389282227 0.34588623046875 0.12225341796875
0.0317802429199219 -0.0228767395019531 0.276153564453125 -0.131622314453125
0.0288429260253906 -0.0164909362792969 -0.261993408203125 0.0941619873046875
0.00963497161865234 -0.0126571655273438 -0.271820068359375 -0.200836181640625
0.0267410278320313 0.00218582153320313 -0.038238525390625 -0.503204345703125
0.0172262191772461 0.0097503662109375 0.467071533203125 -0.51171875
-0.0297660827636719 0.00414466857910156 0.78369140625 0.150634765625
-0.0385971069335938 -0.0363082885742188 0.38360595703125 0.86248779296875
0.0250587463378906 -0.0192432403564453 -0.2628173828125 0.71875
0.0640144348144531 -0.00233078002929688 0.0508995056152344 0.0468521118164063
0.026702880859375 -0.0358047485351563 0.31903076171875 -0.76226806640625
-0.0129528045654297 -0.0303115844726563 -0.47027587890625 -0.891845703125
-0.0241508483886719 5.91278076171827E-05 -0.84014892578125 0.0213623046875001
0.00950813293457031 0.00582599639892578 -0.31256103515625 0.5765380859375
0.0239620208740234 0.00313758850097656 0.151641845703125 0.488800048828125
0.00229954719543457 0.000196218490600586 0.345977783203125 0.12115478515625
0.0299472808837891 -0.0219974517822266 0.277572631835938 -0.128219604492188
0.0248146057128906 -0.0162277221679688 -0.264068603515625 0.093719482421875
0.00802040100097656 -0.0186595916748047 -0.274200439453125 -0.199600219726563
0.0304737091064453 -0.00792884826660156 -0.0406494140625 -0.500732421875
0.0279731750488281 0.00479888916015625 0.4659423828125 -0.510772705078125
-0.0192279815673828 0.00656700134277343 0.78314208984375 0.15008544921875
-0.0375709533691406 -0.0302810668945313 0.38641357421875 0.8603515625
0.0214004516601563 -0.0187606811523438 -0.26043701171875 0.71868896484375
0.0599479675292969 -0.007171630859375 0.054473876953125 0.0473098754882813
0.0243949890136719 -0.0365447998046875 0.322265625 -0.75933837890625
-0.00951194763183594 -0.0256595611572266 -0.4661865234375 -0.89154052734375
-0.0124702453613281 0.00211906433105469 -0.83843994140625 0.0227661132812499
0.0196628570556641 -0.00212669372558594 -0.31170654296875 0.57940673828125
0.0265140533447266 -0.00214767456054688 0.150604248046875 0.49188232421875
0.000853061676025391 -0.00678300857543945 0.343597412109375 0.123260498046875
0.0276203155517578 -0.0218257904052734 0.276016235351563 -0.129470825195313
0.0209064483642578 -0.0137557983398437 -0.26812744140625 0.0923309326171875
0.00895309448242188 -0.0241889953613281 -0.28076171875 -0.19964599609375
0.033416748046875 -0.0140228271484375 -0.046905517578125 -0.50018310546875
0.0380401611328125 0.00275421142578125 0.45941162109375 -0.514434814453125
-0.00765323638916016 0.0105524063110352 0.786865234375 0.141357421875
-0.0353126525878906 -0.0239486694335938 0.39697265625 0.8564453125
0.0197124481201172 -0.019775390625 -0.25140380859375 0.7218017578125
0.05877685546875 -0.00875473022460938 0.0570030212402344 0.0495681762695313
0.0214614868164062 -0.0356407165527344 0.33050537109375 -0.75933837890625
-0.00585174560546875 -0.0197696685791016 -0.4583740234375 -0.894775390625
-0.00104236602783203 0.00495719909667969 -0.83648681640625 0.01824951171875
0.0262413024902344 -0.00702476501464844 -0.3193359375 0.57745361328125
0.0297183990478516 -0.0108070373535156 0.14239501953125 0.492950439453125
-0.00156784057617188 -0.0122289657592773 0.33740234375 0.125396728515625
0.0226364135742188 -0.0205707550048828 0.274459838867188 -0.129623413085938
0.0328273773193359 -0.01995849609375 -0.2900390625 0.0966796875
0.00929450988769531 -0.00590705871582031 -0.31231689453125 -0.1883544921875
0.0154552459716797 0.0153360366821289 -0.0927734375 -0.504180908203125
-3.81469726562488E-05 0.0229778289794922 0.400421142578125 -0.55889892578125
-0.0393753051757813 0.00882339477539063 0.762939453125 0.0657958984375
-0.0385932922363281 -0.0339546203613281 0.43060302734375 0.8004150390625
0.0384788513183594 -0.0165634155273438 -0.2127685546875 0.71722412109375
0.0746688842773438 0.0074462890625 0.0609855651855469 0.0595893859863281
0.0446662902832031 -0.0286483764648438 0.376708984375 -0.74884033203125
-0.00739860534667969 -0.0337162017822266 -0.40185546875 -0.94293212890625
-0.0401649475097656 0.00247573852539062 -0.85272216796875 -0.0563964843750001
-0.00848388671875 0.0205917358398438 -0.37017822265625 0.5384521484375
0.0126848220825195 0.0165529251098633 0.10345458984375 0.473724365234375
0.00370597839355469 0.00465154647827148 0.31640625 0.122528076171875
0.0337905883789063 -0.0241031646728516 0.253021240234375 -0.139938354492188
0.0333957672119141 -0.0201454162597656 -0.281036376953125 0.096923828125
0.0101890563964844 -0.00199317932128906 -0.30047607421875 -0.190399169921875
0.0160179138183594 0.0184955596923828 -0.080780029296875 -0.504425048828125
-0.0043182373046875 0.0241336822509766 0.41571044921875 -0.54766845703125
-0.0454444885253906 0.00496292114257812 0.76507568359375 0.0826416015625
-0.0400352478027344 -0.037933349609375 0.41644287109375 0.81256103515625
0.0400009155273438 -0.0171241760253906 -0.2283935546875 0.71466064453125
0.0739517211914062 0.00894927978515625 0.0583610534667969 0.0577011108398438
0.0430259704589844 -0.0306816101074219 0.36224365234375 -0.751953125
-0.0102729797363281 -0.0361595153808594 -0.41680908203125 -0.92950439453125
-0.0445556640625 -0.00167846679687501 -0.84783935546875 -0.0378417968749998
-0.0123577117919922 0.0202655792236328 -0.35296630859375 0.547943115234375
0.0124015808105469 0.0186195373535156 0.11663818359375 0.474945068359375
0.00333309173583984 0.00842094421386719 0.324310302734375 0.120513916015625
0.0352401733398438 -0.0238609313964844 0.258346557617187 -0.137939453125
0.0326290130615234 -0.0201606750488281 -0.274322509765625 0.0985565185546875
0.0104589462280273 -0.00104141235351563 -0.288543701171875 -0.19256591796875
0.0169191360473633 0.0171775817871094 -0.064422607421875 -0.501220703125
-0.00342559814453125 0.0214424133300781 0.4288330078125 -0.53729248046875
-0.0458526611328125 0.00165939331054687 0.764892578125 0.1007080078125
-0.0419883728027344 -0.0404930114746094 0.39923095703125 0.82879638671875
0.0373611450195313 -0.0161323547363281 -0.242431640625 0.7154541015625
0.0709991455078125 0.0062255859375 0.0531044006347656 0.0541534423828125
0.0401496887207031 -0.0316085815429688 0.347900390625 -0.75408935546875
-0.0138320922851563 -0.0369606018066406 -0.433349609375 -0.9166259765625
-0.0451812744140625 -0.000919342041015617 -0.84423828125 -0.01837158203125
-0.0116024017333984 0.0188941955566406 -0.337646484375 0.55499267578125
0.013824462890625 0.0201072692871094 0.12957763671875 0.475738525390625
0.00406265258789063 0.00931167602539063 0.333251953125 0.11846923828125
0.0344467163085938 -0.0247650146484375 0.263031005859375 -0.135894775390625
0.0329399108886719 -0.0201511383056641 -0.268142700195313 0.0968017578125
0.00970840454101563 -0.00275516510009766 -0.279922485351563 -0.195571899414063
0.0197830200195313 0.0147552490234375 -0.05316162109375 -0.503997802734375
-0.000240325927734377 0.0181541442871094 0.4442138671875 -0.5263671875
-0.0436286926269531 0.00233840942382813 0.7730712890625 0.12347412109375
-0.0407638549804688 -0.0413551330566406 0.3902587890625 0.84161376953125
0.0334911346435547 -0.0185756683349609 -0.25177001953125 0.71392822265625
0.0674858093261719 0.00427627563476563 0.0518302917480469 0.0509185791015625
0.0368843078613281 -0.0347251892089844 0.330810546875 -0.75372314453125
-0.0151596069335938 -0.0381240844726563 -0.45269775390625 -0.89984130859375
-0.0419197082519531 -0.00255203247070313 -0.8411865234375 -0.000366210937499889
-0.00608539581298828 0.0155811309814453 -0.3243408203125 0.56329345703125
0.01617431640625 0.0161113739013672 0.141571044921875 0.480133056640625
0.00417089462280273 0.00798797607421875 0.34124755859375 0.119293212890625
0.0341777801513672 -0.0241794586181641 0.271240234375 -0.1324462890625
0.0306186676025391 -0.0196685791015625 -0.262466430664063 0.0965728759765625
0.00992870330810547 -0.00551795959472656 -0.27459716796875 -0.1981201171875
0.0231113433837891 0.00925636291503906 -0.043060302734375 -0.501922607421875
0.00635337829589844 0.0136880874633789 0.454559326171875 -0.516265869140625
-0.0371170043945313 0.00203323364257812 0.775390625 0.13641357421875
-0.0407333374023438 -0.0406913757324219 0.38189697265625 0.84967041015625
0.0299510955810547 -0.0185356140136719 -0.25921630859375 0.71282958984375
0.0661659240722656 0.00150680541992188 0.0504417419433594 0.0482673645019531
0.0306797027587891 -0.0342121124267578 0.32147216796875 -0.756103515625
-0.0141677856445313 -0.0344676971435547 -0.4656982421875 -0.8896484375
-0.033843994140625 -0.002166748046875 -0.83709716796875 0.0166015624999998
0.000649452209472655 0.0108585357666016 -0.3135986328125 0.56939697265625
0.0193252563476563 0.0100803375244141 0.1478271484375 0.480743408203125
0.00443792343139649 0.00471687316894531 0.344482421875 0.119598388671875
0.0315589904785156 -0.0228042602539063 0.274765014648438 -0.131088256835938
0.0295505523681641 -0.0185527801513672 -0.260406494140625 0.09405517578125
0.00923347473144531 -0.0116672515869141 -0.2713623046875 -0.197372436523438
0.02642822265625 -0.000284194946289063 -0.0379638671875 -0.500213623046875
0.0172357559204102 0.00950336456298828 0.460479736328125 -0.508544921875
-0.0305137634277344 0.004486083984375 0.777587890625 0.146728515625
-0.0389175415039063 -0.0351371765136719 0.382080078125 0.85809326171875
0.0260009765625 -0.0187721252441406 -0.2607421875 0.7142333984375
0.06219482421875 -0.0042572021484375 0.0517959594726563 0.0483665466308594
0.0276069641113281 -0.0359344482421875 0.31707763671875 -0.75543212890625
-0.0132350921630859 -0.0309123992919922 -0.46893310546875 -0.88421630859375
-0.0233612060546875 0.000265121459960935 -0.83392333984375 0.0255126953124999
0.00883388519287109 0.00449752807617188 -0.307861328125 0.5753173828125
0.0241241455078125 0.00296974182128906 0.151641845703125 0.486541748046875
0.0018240213394165 -0.000298261642456055 0.345245361328125 0.119171142578125
0.0298995971679688 -0.0232830047607422 0.277328491210938 -0.129180908203125
0.0230007171630859 -0.0172328948974609 -0.26171875 0.09490966796875
0.00847911834716797 -0.017481803894043 -0.274017333984375 -0.197708129882813
0.0305767059326172 -0.00751113891601562 -0.0445861816406251 -0.4964599609375
0.0275936126708984 0.00595664978027344 0.4619140625 -0.50750732421875
-0.0194721221923828 0.00785446166992188 0.7774658203125 0.1483154296875
-0.0365028381347656 -0.030364990234375 0.385009765625 0.85723876953125
0.0224266052246094 -0.0203208923339844 -0.25994873046875 0.7161865234375
0.0589103698730469 -0.00616836547851563 0.0529556274414063 0.04766845703125
0.0216522216796875 -0.0371818542480469 0.31829833984375 -0.756103515625
-0.00899124145507813 -0.0252475738525391 -0.467529296875 -0.885498046875
-0.013092041015625 0.00168514251708984 -0.83258056640625 0.02557373046875
0.0185604095458984 -0.00238418579101563 -0.30828857421875 0.5771484375
0.0279445648193359 -0.0032806396484375 0.150848388671875 0.488677978515625
0.00119924545288086 -0.00633859634399414 0.342529296875 0.12017822265625
0.0275096893310547 -0.0218620300292969 0.27484130859375 -0.128997802734375
0.0205020904541016 -0.0155601501464844 -0.266510009765625 0.0946197509765625
0.00774765014648438 -0.0241241455078125 -0.279510498046875 -0.197006225585937
0.0328445434570313 -0.0147304534912109 -0.052398681640625 -0.496307373046875
0.0374336242675781 0.00222396850585938 0.45220947265625 -0.5137939453125
-0.00870323181152344 0.00998020172119141 0.77978515625 0.13812255859375
-0.0346050262451172 -0.0241794586181641 0.39544677734375 0.84942626953125
0.0200347900390625 -0.0193672180175781 -0.2486572265625 0.71630859375
0.0574226379394531 -0.00968551635742187 0.0555191040039063 0.0488014221191406
0.0210304260253906 -0.03594970703125 0.3260498046875 -0.75299072265625
-0.00635910034179688 -0.0191764831542969 -0.45635986328125 -0.8896484375
-0.00182485580444336 0.00476264953613281 -0.83349609375 0.01739501953125
0.0274696350097656 -0.0075836181640625 -0.3155517578125 0.57513427734375
0.02923583984375 -0.0105705261230469 0.14385986328125 0.48883056640625
-7.43865966796888E-05 -0.0128469467163086 0.33587646484375 0.1221923828125
0.0227470397949219 -0.0214061737060547 0.273544311523437 -0.128982543945312
0.0324211120605469 -0.0195198059082031 -0.289093017578125 0.0965881347656251
0.00783443450927734 -0.00543785095214844 -0.312164306640625 -0.18438720703125
0.016352653503418 0.0146875381469727 -0.095367431640625 -0.50103759765625
0.000209808349609375 0.0231742858886719 0.39617919921875 -0.55535888671875
-0.0409011840820312 0.00978851318359376 0.75787353515625 0.065185546875
-0.0365867614746094 -0.032989501953125 0.42694091796875 0.7962646484375
0.0397796630859375 -0.0169410705566406 -0.2122802734375 0.712890625
0.0730361938476563 0.00666046142578125 0.063140869140625 0.060089111328125
0.0432815551757813 -0.028961181640625 0.3779296875 -0.74554443359375
-0.00720977783203125 -0.0321998596191406 -0.400390625 -0.93792724609375
-0.0407485961914063 0.00193023681640624 -0.8480224609375 -0.0558471679687499
-0.00831413269042969 0.0191326141357422 -0.368377685546875 0.538848876953125
0.0130853652954102 0.0168247222900391 0.104278564453125 0.474945068359375
0.00315284729003906 0.00647640228271484 0.314453125 0.123138427734375
0.0330410003662109 -0.0240707397460938 0.2509765625 -0.140853881835938
0.0336666107177734 -0.0214633941650391 -0.280715942382812 0.098846435546875
0.00828075408935547 -0.00199604034423828 -0.300750732421875 -0.18963623046875
0.0156135559082031 0.0185375213623047 -0.082427978515625 -0.50140380859375
-0.00514411926269532 0.0229206085205078 0.410247802734375 -0.545989990234375
-0.0463066101074219 0.00564193725585937 0.760498046875 0.08099365234375
-0.0400390625 -0.0370368957519531 0.41387939453125 0.8111572265625
0.0388565063476563 -0.0168495178222656 -0.22845458984375 0.71136474609375
0.0728759765625 0.00676727294921875 0.0569572448730469 0.057373046875
0.0439987182617188 -0.0300636291503906 0.35968017578125 -0.7476806640625
-0.0110206604003906 -0.035919189453125 -0.4144287109375 -0.9254150390625
-0.0446929931640625 -0.00179290771484375 -0.84515380859375 -0.0376586914062499
-0.0130825042724609 0.0198841094970703 -0.350860595703125 0.545867919921875
0.0113239288330078 0.0201187133789063 0.11724853515625 0.471923828125
0.0037531852722168 0.00853967666625977 0.32391357421875 0.120361328125
0.0340003967285156 -0.024261474609375 0.258331298828125 -0.137924194335937
0.0327816009521484 -0.0200691223144531 -0.271408081054688 0.098602294921875
0.0102519989013672 -0.00164127349853516 -0.289093017578125 -0.189453125
0.0179538726806641 0.0183315277099609 -0.065887451171875 -0.499481201171875
-0.00307846069335937 0.0231513977050781 0.42608642578125 -0.534637451171875
-0.0473785400390625 0.00298309326171874 0.759033203125 0.1019287109375
-0.0407447814941406 -0.0400886535644531 0.39727783203125 0.8262939453125
0.0360488891601562 -0.0170135498046875 -0.241455078125 0.710205078125
0.0709915161132812 0.00713348388671875 0.0525131225585938 0.0542030334472656
0.0390357971191406 -0.0317039489746094 0.34747314453125 -0.74786376953125
-0.0136222839355469 -0.0370140075683594 -0.4307861328125 -0.91131591796875
-0.0449142456054687 -0.00138854980468751 -0.8377685546875 -0.01885986328125
-0.0117664337158203 0.0195140838623047 -0.336639404296875 0.552581787109375
0.0117702484130859 0.0194873809814453 0.13043212890625 0.472259521484375
0.00420665740966797 0.00885200500488281 0.33258056640625 0.11749267578125
0.0338916778564453 -0.0243911743164063 0.26416015625 -0.136917114257813
0.0329475402832031 -0.0222606658935547 -0.267562866210938 0.0957794189453126
0.0101661682128906 -0.00340461730957031 -0.279159545898437 -0.193572998046875
0.0203876495361328 0.0142326354980469 -0.054046630859375 -0.50067138671875
-0.000585556030273438 0.0178623199462891 0.440155029296875 -0.5244140625
-0.0434951782226562 0.00197982788085937 0.76849365234375 0.12152099609375
-0.0408287048339844 -0.0411605834960938 0.3900146484375 0.835693359375
0.0345001220703125 -0.0174121856689453 -0.25140380859375 0.7086181640625
0.0684661865234375 0.00554275512695313 0.0509719848632813 0.0503997802734375
0.0357017517089844 -0.0332298278808594 0.3294677734375 -0.75079345703125
-0.0148391723632813 -0.0371742248535156 -0.45220947265625 -0.89752197265625
-0.0422515869140625 -0.00325775146484376 -0.837646484375 0.00170898437499986
-0.00625133514404297 0.0166959762573242 -0.322021484375 0.560089111328125
0.0175266265869141 0.0155925750732422 0.14154052734375 0.47686767578125
0.00379419326782227 0.00672388076782226 0.33905029296875 0.11724853515625
0.0334892272949219 -0.0245933532714844 0.269821166992188 -0.132843017578125
0.0291767120361328 -0.0183887481689453 -0.26190185546875 0.0969085693359375
0.00901317596435547 -0.00597667694091797 -0.273651123046875 -0.195037841796875
0.0235729217529297 0.00948905944824219 -0.044769287109375 -0.499359130859375
0.00677967071533203 0.0134897232055664 0.450714111328125 -0.5150146484375
-0.0389060974121094 0.00101852416992187 0.7706298828125 0.13775634765625
-0.0387535095214844 -0.0403022766113281 0.3804931640625 0.846435546875
0.0289402008056641 -0.0179615020751953 -0.25946044921875 0.7109375
0.0650405883789063 0.0020904541015625 0.0506324768066406 0.0497055053710938
0.0308456420898438 -0.0355224609375 0.31927490234375 -0.75
-0.0141849517822266 -0.034637451171875 -0.461669921875 -0.88629150390625
-0.0325736999511719 -0.000896453857421878 -0.83319091796875 0.0170898437499999
0.000176429748535157 0.00929069519042969 -0.3109130859375 0.5682373046875
0.0201168060302734 0.0110721588134766 0.149871826171875 0.479217529296875
0.00385117530822754 0.00437092781066895 0.34228515625 0.11749267578125
0.03143310546875 -0.0241374969482422 0.273895263671875 -0.129562377929688
0.0277118682861328 -0.0189304351806641 -0.2601318359375 0.09539794921875
0.00847816467285156 -0.0114707946777344 -0.27008056640625 -0.194992065429688
0.0274658203125 0.00147247314453125 -0.041748046875 -0.496124267578125
0.0163173675537109 0.00925254821777344 0.45672607421875 -0.508270263671875
-0.0296535491943359 0.00444221496582031 0.77142333984375 0.14642333984375
-0.0374984741210938 -0.0340766906738281 0.3804931640625 0.85498046875
0.0256423950195313 -0.0178375244140625 -0.26251220703125 0.7095947265625
0.0624542236328125 -0.0035247802734375 0.05145263671875 0.0474052429199219
0.027496337890625 -0.0363349914550781 0.31463623046875 -0.75140380859375
-0.0116901397705078 -0.0299320220947266 -0.4683837890625 -0.88037109375
-0.0241241455078125 0.00061798095703125 -0.8314208984375 0.0249633789062499
0.00870037078857422 0.00406932830810547 -0.3057861328125 0.57293701171875
0.024261474609375 0.00400161743164063 0.151336669921875 0.4837646484375
0.00261902809143066 -0.000448465347290039 0.34344482421875 0.117645263671875
0.0286312103271484 -0.0246429443359375 0.27532958984375 -0.128860473632813
0.02410888671875 -0.0166053771972656 -0.260360717773438 0.0955657958984375
0.00848007202148438 -0.0182533264160156 -0.273727416992188 -0.19549560546875
0.0313873291015625 -0.00708961486816406 -0.044708251953125 -0.493011474609375
0.0263080596923828 0.00718879699707031 0.45623779296875 -0.507568359375
-0.0202102661132813 0.00819587707519531 0.77313232421875 0.14630126953125
-0.0354194641113281 -0.0299339294433594 0.38189697265625 0.850830078125
0.0226726531982422 -0.0193080902099609 -0.25921630859375 0.71026611328125
0.0595359802246094 -0.00699615478515625 0.0538597106933594 0.0483932495117188
0.0234146118164063 -0.0376548767089844 0.317626953125 -0.75274658203125
-0.00999259948730469 -0.0231857299804688 -0.46514892578125 -0.88018798828125
-0.0131158828735352 0.00184822082519531 -0.82830810546875 0.0250854492187498
0.0184001922607422 -0.00320625305175781 -0.30511474609375 0.573486328125
0.0266475677490234 -0.00390625 0.1500244140625 0.484893798828125
0.00220346450805664 -0.00645065307617188 0.33935546875 0.11993408203125
0.0254764556884766 -0.0222835540771484 0.275100708007813 -0.128570556640625
0.0206985473632813 -0.0160255432128906 -0.26654052734375 0.0947113037109376
0.00803947448730469 -0.0248851776123047 -0.280838012695313 -0.19427490234375
0.0329341888427734 -0.0154285430908203 -0.05279541015625 -0.4925537109375
0.0355758666992188 0.0015716552734375 0.448089599609375 -0.51043701171875
-0.00939464569091797 0.0101900100708008 0.77471923828125 0.13720703125
-0.0337734222412109 -0.0247993469238281 0.39202880859375 0.8458251953125
0.0198993682861328 -0.0183010101318359 -0.24945068359375 0.71197509765625
0.0577430725097656 -0.00901412963867188 0.0569267272949219 0.0504684448242187
0.0214195251464844 -0.0361900329589844 0.32354736328125 -0.74853515625
-0.00649070739746094 -0.0203227996826172 -0.4532470703125 -0.88665771484375
-0.00267124176025391 0.00429892539978027 -0.8289794921875 0.01904296875
0.0272579193115234 -0.008087158203125 -0.31439208984375 0.5732421875
0.0291290283203125 -0.0103321075439453 0.1429443359375 0.486572265625
-0.000553131103515625 -0.01263427734375 0.33441162109375 0.121551513671875
0.0229339599609375 -0.0223941802978516 0.272369384765625 -0.129226684570313
0.03131103515625 -0.0199642181396484 -0.28924560546875 0.099090576171875
0.00844955444335938 -0.0057673454284668 -0.31158447265625 -0.184051513671875
0.0156307220458984 0.0155401229858398 -0.096923828125 -0.49896240234375
-0.000877380371093751 0.0225563049316406 0.393798828125 -0.555877685546875
-0.0407638549804687 0.00880050659179688 0.75439453125 0.06536865234375
-0.0360450744628906 -0.0327491760253906 0.42449951171875 0.7938232421875
0.03936767578125 -0.0169105529785156 -0.21258544921875 0.7086181640625
0.072174072265625 0.0068511962890625 0.0632171630859375 0.060333251953125
0.0444984436035156 -0.0289840698242188 0.37689208984375 -0.74139404296875
-0.00730514526367187 -0.0321159362792969 -0.39385986328125 -0.9346923828125
-0.0406570434570313 0.00283813476562499 -0.84527587890625 -0.0562133789062498
-0.0100994110107422 0.0195102691650391 -0.3670654296875 0.535186767578125
0.0122547149658203 0.0162363052368164 0.103729248046875 0.4703369140625
0.00342082977294922 0.00534820556640625 0.31036376953125 0.120208740234375
0.033416748046875 -0.0255050659179688 0.251556396484375 -0.140365600585938
0.0333824157714844 -0.0214672088623047 -0.280181884765625 0.09759521484375
0.00866794586181641 -0.00139951705932617 -0.300567626953125 -0.18603515625
0.0164623260498047 0.0187644958496094 -0.081939697265625 -0.497802734375
-0.00501251220703125 0.0226688385009766 0.40924072265625 -0.542633056640625
-0.0462608337402344 0.00645065307617187 0.75457763671875 0.0831298828125
-0.0391120910644531 -0.0373382568359375 0.409912109375 0.8045654296875
0.0390548706054688 -0.0174522399902344 -0.22900390625 0.707763671875
0.0727005004882813 0.00849151611328125 0.0582275390625 0.056915283203125
0.0425949096679687 -0.0308189392089844 0.36102294921875 -0.7423095703125
-0.00989913940429688 -0.0370635986328125 -0.41363525390625 -0.919677734375
-0.044189453125 -0.000999450683593757 -0.84088134765625 -0.03765869140625
-0.0111484527587891 0.0210609436035156 -0.350128173828125 0.541717529296875
0.0120506286621094 0.0181636810302734 0.117401123046875 0.469390869140625
0.00407552719116211 0.00786447525024414 0.321502685546875 0.11907958984375
0.0328350067138672 -0.0255393981933594 0.258453369140625 -0.1368408203125
0.0317344665527344 -0.0212669372558594 -0.2723388671875 0.09771728515625
0.00905513763427734 -0.000277519226074219 -0.288726806640625 -0.18865966796875
0.0170564651489258 0.0173578262329102 -0.0678405761718749 -0.4969482421875
-0.00390625 0.0209674835205078 0.421600341796875 -0.53179931640625
-0.0496330261230469 0.00293350219726563 0.75714111328125 0.103515625
-0.0402030944824219 -0.0407600402832031 0.39385986328125 0.82012939453125
0.035186767578125 -0.0177764892578125 -0.24139404296875 0.70465087890625
0.0704193115234375 0.0072174072265625 0.0539398193359375 0.0528640747070313
0.0388832092285156 -0.0324249267578125 0.3465576171875 -0.74725341796875
-0.0131416320800781 -0.0382347106933594 -0.42828369140625 -0.90911865234375
-0.0452308654785156 -0.00239181518554687 -0.83648681640625 -0.01751708984375
-0.0108070373535156 0.0206375122070313 -0.334136962890625 0.54962158203125
0.0137863159179688 0.0185565948486328 0.13006591796875 0.471038818359375
0.00463390350341797 0.00849485397338867 0.331024169921875 0.116668701171875
0.0331954956054688 -0.0248222351074219 0.262954711914062 -0.136672973632812
0.0322456359863281 -0.0213565826416016 -0.266876220703125 0.0968017578125
0.00997161865234375 -0.00183868408203125 -0.279220581054687 -0.191741943359375
0.0205631256103516 0.0147819519042969 -0.05572509765625 -0.495574951171875
-0.000511169433593748 0.0182666778564453 0.43829345703125 -0.522491455078125
-0.0448036193847656 0.00223159790039063 0.7646484375 0.123046875
-0.0403404235839844 -0.0425262451171875 0.384765625 0.83331298828125
0.0320148468017578 -0.0179214477539063 -0.25164794921875 0.705810546875
0.0684165954589844 0.0044403076171875 0.0506706237792969 0.0516777038574219
0.0357246398925781 -0.0345420837402344 0.3310546875 -0.7489013671875
-0.0143470764160156 -0.0360527038574219 -0.45001220703125 -0.89129638671875
-0.0404510498046875 -0.00201034545898437 -0.83489990234375 1.02119278430461E-16
-0.006134033203125 0.0150775909423828 -0.3223876953125 0.559112548828125
0.0165681838989258 0.0160369873046875 0.141021728515625 0.47552490234375
0.00559663772583008 0.00877618789672852 0.33685302734375 0.11700439453125
0.0327186584472656 -0.0251235961914063 0.270172119140625 -0.131072998046875
0.0284976959228516 -0.0222949981689453 -0.262725830078125 0.0960388183593751
0.00919628143310547 -0.00594902038574219 -0.274490356445313 -0.193206787109375
0.0232372283935547 0.00914764404296875 -0.04736328125 -0.495819091796875
0.00551033020019531 0.0135955810546875 0.447662353515625 -0.5106201171875
-0.0390281677246094 0.002838134765625 0.764404296875 0.1363525390625
-0.0388450622558594 -0.0389404296875 0.37652587890625 0.84552001953125
0.0291328430175781 -0.0177783966064453 -0.2607421875 0.70513916015625
0.0647544860839844 0.00143051147460937 0.0510673522949219 0.0499305725097656
0.0301933288574219 -0.0363082885742188 0.3212890625 -0.747314453125
-0.0140953063964844 -0.0337104797363281 -0.4605712890625 -0.8836669921875
-0.0340042114257813 -0.000566482543945308 -0.8292236328125 0.0158691406250001
-0.000668525695800782 0.0110454559326172 -0.310546875 0.5643310546875
0.0196952819824219 0.01153564453125 0.14935302734375 0.4766845703125
0.00508356094360352 0.00545167922973633 0.340728759765625 0.116790771484375
0.0302257537841797 -0.0262393951416016 0.273773193359375 -0.130996704101563
0.0281505584716797 -0.0195198059082031 -0.260040283203125 0.0936737060546875
0.00911426544189453 -0.0133018493652344 -0.270751953125 -0.1951904296875
0.0264873504638672 0.000156402587890625 -0.04193115234375 -0.49371337890625
0.0155620574951172 0.00906753540039063 0.4525146484375 -0.506500244140625
-0.02960205078125 0.00498580932617188 0.77008056640625 0.1474609375
-0.0360565185546875 -0.0349769592285156 0.37738037109375 0.8502197265625
0.0253543853759766 -0.0192852020263672 -0.26116943359375 0.70697021484375
0.0622062683105469 -0.00336837768554688 0.0524253845214844 0.0467338562011719
0.0274429321289063 -0.0365219116210937 0.315185546875 -0.74871826171875
-0.0122032165527344 -0.0300045013427734 -0.46435546875 -0.87615966796875
-0.0235843658447266 -0.000663757324218749 -0.8267822265625 0.0248413085937499
0.0084848403930664 0.00329732894897461 -0.3033447265625 0.57000732421875
0.0234107971191406 0.00325393676757812 0.15252685546875 0.481231689453125
0.00115370750427246 -7.23600387573242E-05 0.34088134765625 0.116424560546875
0.0292072296142578 -0.0256118774414063 0.274200439453125 -0.129898071289062
0.0234928131103516 -0.0168266296386719 -0.262115478515625 0.093841552734375
0.00709724426269531 -0.0186538696289063 -0.275115966796875 -0.19476318359375
0.0315799713134766 -0.00830268859863281 -0.04595947265625 -0.490478515625
0.0258121490478516 0.00408172607421875 0.4547119140625 -0.506103515625
-0.0199985504150391 0.00779342651367188 0.76983642578125 0.14752197265625
-0.0341873168945313 -0.0299854278564453 0.37738037109375 0.8485107421875
0.0225334167480469 -0.0176506042480469 -0.257568359375 0.70623779296875
0.0586357116699219 -0.007843017578125 0.0528755187988281 0.0467643737792969
0.0228157043457031 -0.0356597900390625 0.31585693359375 -0.7496337890625
-0.0105609893798828 -0.0254096984863281 -0.4617919921875 -0.8775634765625
-0.0130805969238281 0.00188636779785156 -0.82525634765625 0.02587890625
0.0180759429931641 -0.00170326232910156 -0.304931640625 0.5712890625
0.0275669097900391 -0.00317764282226563 0.150787353515625 0.483184814453125
0.00104379653930664 -0.00637197494506836 0.339202880859375 0.118194580078125
0.0259895324707031 -0.0236377716064453 0.27301025390625 -0.12823486328125
0.0194435119628906 -0.0172176361083984 -0.267318725585938 0.0930023193359375
0.00711250305175781 -0.0242156982421875 -0.281143188476563 -0.194198608398437
0.0333728790283203 -0.0147914886474609 -0.054595947265625 -0.489654541015625
0.0351676940917969 0.00235366821289063 0.4473876953125 -0.51025390625
-0.00960636138916016 0.0115108489990234 0.77288818359375 0.13690185546875
-0.0319805145263672 -0.0240936279296875 0.38946533203125 0.843994140625
0.0198764801025391 -0.0184173583984375 -0.248779296875 0.706787109375
0.0567436218261719 -0.00954818725585938 0.0574951171875 0.047821044921875
0.0207786560058594 -0.0358467102050781 0.32586669921875 -0.7442626953125
-0.00497627258300781 -0.0201492309570313 -0.452392578125 -0.88275146484375
-0.00197458267211914 0.00438570976257324 -0.824462890625 0.01715087890625
0.0266437530517578 -0.00789451599121094 -0.3126220703125 0.571044921875
0.0290927886962891 -0.0104999542236328 0.14361572265625 0.484832763671875
-0.00023365020751953 -0.012293815612793 0.33392333984375 0.120574951171875
0.0230693817138672 -0.0224819183349609 0.270980834960938 -0.129974365234375
0.0312786102294922 -0.0216808319091797 -0.289306640625 0.0974426269531251
0.00760746002197266 -0.00549650192260742 -0.31182861328125 -0.18408203125
0.0161170959472656 0.0131263732910156 -0.097442626953125 -0.4974365234375
-0.0010528564453125 0.0233554840087891 0.391143798828125 -0.552581787109375
-0.040924072265625 0.00943374633789062 0.75115966796875 0.06494140625
-0.0363311767578125 -0.0329551696777344 0.423095703125 0.7943115234375
0.0390701293945313 -0.0162887573242188 -0.21466064453125 0.707275390625
0.072052001953125 0.00661468505859375 0.0610504150390625 0.0602226257324219
0.0430526733398438 -0.0281600952148438 0.377197265625 -0.73956298828125
-0.007049560546875 -0.0327186584472656 -0.3924560546875 -0.9312744140625
-0.0395088195800781 0.00156402587890625 -0.8441162109375 -0.0556030273437499
-0.00958633422851562 0.0191898345947266 -0.36614990234375 0.532073974609375
0.0132923126220703 0.0177421569824219 0.104400634765625 0.468597412109375
0.00474309921264648 0.00535964965820313 0.312103271484375 0.120697021484375
0.0335941314697266 -0.0252590179443359 0.253738403320313 -0.14031982421875
0.0320072174072266 -0.0213603973388672 -0.28076171875 0.0970764160156249
0.00788784027099609 -0.00221729278564453 -0.300262451171875 -0.186065673828125
0.0159597396850586 0.0174102783203125 -0.08441162109375 -0.4971923828125
-0.00423240661621094 0.0234184265136719 0.4063720703125 -0.543121337890625
-0.047821044921875 0.00693893432617187 0.753173828125 0.08148193359375
-0.0390968322753906 -0.0368461608886719 0.40777587890625 0.8055419921875
0.0383415222167969 -0.0166358947753906 -0.2283935546875 0.70538330078125
0.073089599609375 0.0092010498046875 0.0568733215332031 0.0582733154296875
0.0429801940917969 -0.0299758911132813 0.36456298828125 -0.74090576171875
-0.0116157531738281 -0.036041259765625 -0.41156005859375 -0.9197998046875
-0.0449333190917969 -0.00114059448242188 -0.8416748046875 -0.0386352539062502
-0.0122318267822266 0.0191764831542969 -0.349151611328125 0.541900634765625
0.0118732452392578 0.019317626953125 0.11669921875 0.46832275390625
0.00445699691772461 0.00805282592773438 0.322052001953125 0.117950439453125
0.0340118408203125 -0.0258502960205078 0.258255004882813 -0.139007568359375
0.0325355529785156 -0.0213489532470703 -0.273422241210938 0.098968505859375
0.00900840759277344 -0.000965118408203125 -0.29022216796875 -0.18621826171875
0.0169200897216797 0.0173606872558594 -0.0689697265625 -0.495574951171875
-0.00467109680175781 0.0206489562988281 0.42205810546875 -0.5322265625
-0.0486106872558594 0.00275802612304688 0.753662109375 0.10406494140625
-0.0402679443359375 -0.0412864685058594 0.39068603515625 0.821044921875
0.0367279052734375 -0.0181541442871094 -0.24359130859375 0.7047119140625
0.0692253112792969 0.00852584838867188 0.0529327392578125 0.0552711486816406
0.039520263671875 -0.0320053100585938 0.34735107421875 -0.740966796875
-0.0128250122070313 -0.0372085571289063 -0.4259033203125 -0.906005859375
-0.0452384948730469 -0.002716064453125 -0.83392333984375 -0.0181274414062501
-0.0110111236572266 0.0187282562255859 -0.335296630859375 0.54901123046875
0.0128345489501953 0.0187969207763672 0.12884521484375 0.4697265625
0.0048680305480957 0.00812816619873047 0.3306884765625 0.11517333984375
0.0328559875488281 -0.0247383117675781 0.263534545898438 -0.13543701171875
0.0309047698974609 -0.0213031768798828 -0.268386840820313 0.09649658203125
0.00995731353759766 -0.00205802917480469 -0.27935791015625 -0.1910400390625
0.0197906494140625 0.0145988464355469 -0.05718994140625 -0.49603271484375
-0.00164413452148438 0.0183849334716797 0.436431884765625 -0.521240234375
-0.0455818176269531 0.00261306762695312 0.76263427734375 0.12353515625
-0.0393600463867188 -0.0420684814453125 0.3819580078125 0.83355712890625
0.0320262908935547 -0.0170841217041016 -0.25439453125 0.70257568359375
0.0657272338867188 0.00455093383789063 0.0513763427734375 0.0506935119628906
0.0363578796386719 -0.0345458984375 0.32989501953125 -0.74456787109375
-0.0148506164550781 -0.03717041015625 -0.4478759765625 -0.891357421875
-0.0422630310058594 -0.00220489501953125 -0.833984375 -0.000732421874999866
-0.00743865966796875 0.0152072906494141 -0.322601318359375 0.557952880859375
0.0168113708496094 0.0151357650756836 0.1395263671875 0.4752197265625
0.00476360321044922 0.00779533386230469 0.33660888671875 0.11627197265625
0.0330543518066406 -0.0270442962646484 0.270111083984375 -0.132278442382813
0.0291042327880859 -0.0199260711669922 -0.261917114257813 0.0959320068359374
0.00840663909912109 -0.00548267364501953 -0.274749755859375 -0.192794799804687
0.0240345001220703 0.00848770141601563 -0.0484619140625 -0.494842529296875
0.00540637969970703 0.0132617950439453 0.447723388671875 -0.509552001953125
-0.0392189025878906 0.0020751953125 0.7635498046875 0.13800048828125
-0.0394439697265625 -0.0399665832519531 0.37298583984375 0.84552001953125
0.0294570922851563 -0.0192527770996094 -0.2608642578125 0.701904296875
0.0639610290527344 0.00301742553710938 0.0503349304199219 0.0484886169433594
0.0310592651367187 -0.0355491638183594 0.32147216796875 -0.74664306640625
-0.0136928558349609 -0.0343666076660156 -0.458740234375 -0.88201904296875
-0.0350208282470703 -0.00231170654296875 -0.8292236328125 0.0163574218749999
0.000164985656738282 0.0106563568115234 -0.30914306640625 0.56329345703125
0.0207424163818359 0.0104217529296875 0.1470947265625 0.474578857421875
0.00429415702819824 0.00383210182189941 0.3406982421875 0.115966796875
0.0311965942382813 -0.0255470275878906 0.275177001953125 -0.130233764648438
0.0257015228271484 -0.0200099945068359 -0.26080322265625 0.0948944091796875
0.00714778900146484 -0.0120553970336914 -0.2725830078125 -0.194473266601563
0.0269317626953125 0.000886917114257813 -0.04248046875 -0.491973876953125
0.01507568359375 0.00973320007324219 0.453338623046875 -0.505523681640625
-0.0301132202148437 0.00421142578125 0.76611328125 0.1473388671875
-0.0372314453125 -0.0368118286132813 0.37042236328125 0.850830078125
0.0254440307617188 -0.0194740295410156 -0.26239013671875 0.7047119140625
0.0616035461425781 -0.00300216674804687 0.0509986877441406 0.0477294921875
0.0270729064941406 -0.0367889404296875 0.31707763671875 -0.74530029296875
-0.0115337371826172 -0.0303134918212891 -0.46258544921875 -0.87530517578125
-0.0221958160400391 0.001068115234375 -0.8260498046875 0.0225830078125
0.00882339477539063 0.00385379791259766 -0.3046875 0.56982421875
0.0239658355712891 0.00374603271484375 0.15093994140625 0.4796142578125
0.00267434120178223 -0.000391006469726563 0.339324951171875 0.11572265625
0.0278759002685547 -0.0257740020751953 0.275344848632813 -0.127792358398438
0.0221080780029297 -0.016845703125 -0.26287841796875 0.0945587158203125
0.00804805755615234 -0.0166168212890625 -0.275497436523438 -0.193954467773438
0.0308551788330078 -0.00776481628417969 -0.04595947265625 -0.4912109375
0.0262565612792969 0.00483322143554688 0.452056884765625 -0.503753662109375
-0.0196323394775391 0.00805854797363281 0.7672119140625 0.14776611328125
-0.0349540710449219 -0.0307712554931641 0.3763427734375 0.84906005859375
0.0211372375488281 -0.0183448791503906 -0.2598876953125 0.70367431640625
0.0583686828613281 -0.0057373046875 0.0534706115722656 0.04736328125
0.0218238830566406 -0.0362739562988281 0.31866455078125 -0.74481201171875
-0.00943374633789062 -0.0257854461669922 -0.46142578125 -0.87652587890625
-0.0134735107421875 0.000692367553710936 -0.82391357421875 0.0241088867187499
0.0156946182250977 -0.00264072418212891 -0.3055419921875 0.57073974609375
0.027099609375 -0.004058837890625 0.149871826171875 0.48309326171875
0.00169992446899414 -0.00668525695800781 0.338287353515625 0.11810302734375
0.0245590209960938 -0.024566650390625 0.275192260742188 -0.128982543945313
0.0189971923828125 -0.0183486938476563 -0.266311645507813 0.093719482421875
0.00694656372070313 -0.0249156951904297 -0.2821044921875 -0.1932373046875
0.0326728820800781 -0.0152111053466797 -0.05596923828125 -0.489410400390625
0.0352020263671875 0.00326156616210938 0.445098876953125 -0.507781982421875
-0.00883102416992187 0.0115976333618164 0.76922607421875 0.138671875
-0.0318412780761719 -0.0254173278808594 0.388916015625 0.843017578125
0.0178184509277344 -0.0188694000244141 -0.249755859375 0.70562744140625
0.0566940307617188 -0.00928878784179688 0.056732177734375 0.0484771728515625
0.0196571350097656 -0.0369224548339844 0.3255615234375 -0.742919921875
-0.0058746337890625 -0.0191535949707031 -0.45147705078125 -0.88031005859375
-0.0016474723815918 0.005035400390625 -0.82440185546875 0.0171508789062501
0.0242576599121094 -0.00745773315429688 -0.3121337890625 0.56829833984375
0.0291481018066406 -0.0104293823242188 0.14337158203125 0.484954833984375
0.0015716552734375 -0.0123929977416992 0.332305908203125 0.1199951171875
0.0218982696533203 -0.023101806640625 0.271438598632813 -0.129425048828125
0.0307826995849609 -0.0230712890625 -0.288787841796875 0.096710205078125
0.00826406478881836 -0.00593662261962891 -0.312469482421875 -0.182586669921875
0.0146818161010742 0.0149135589599609 -0.099700927734375 -0.4962158203125
-0.000833511352539061 0.0228919982910156 0.391448974609375 -0.55157470703125
-0.04168701171875 0.00911331176757813 0.7509765625 0.0670166015625
-0.0357093811035156 -0.0330581665039062 0.42095947265625 0.795654296875
0.039825439453125 -0.0152511596679688 -0.216552734375 0.70452880859375
0.0718536376953125 0.00753021240234375 0.0620079040527344 0.0613136291503906
0.0447731018066406 -0.0296821594238281 0.38043212890625 -0.73846435546875
-0.00684928894042969 -0.0314083099365234 -0.392578125 -0.9339599609375
-0.0404167175292969 0.00312423706054687 -0.842529296875 -0.0587768554687501
-0.0105342864990234 0.0189895629882812 -0.366302490234375 0.532928466796875
0.0130195617675781 0.0164480209350586 0.1033935546875 0.47027587890625
0.00369024276733398 0.00524139404296875 0.312042236328125 0.119964599609375
0.0318107604980469 -0.0258445739746094 0.254196166992188 -0.13970947265625
0.0320358276367188 -0.0227794647216797 -0.2823486328125 0.098602294921875
0.00737667083740234 -0.00206375122070312 -0.30157470703125 -0.18597412109375
0.0151901245117188 0.0180377960205078 -0.0845947265624999 -0.49755859375
-0.00577545166015625 0.0229530334472656 0.406494140625 -0.5428466796875
-0.0471115112304688 0.00660324096679687 0.752197265625 0.08404541015625
-0.0382843017578125 -0.0378074645996094 0.4044189453125 0.8074951171875
0.0393447875976563 -0.0164871215820313 -0.2305908203125 0.70465087890625
0.071380615234375 0.008453369140625 0.057098388671875 0.0583839416503906
0.0421180725097656 -0.0306472778320312 0.36419677734375 -0.74029541015625
-0.0104141235351562 -0.0359954833984375 -0.41094970703125 -0.91998291015625
-0.0445213317871094 -0.000102996826171881 -0.839111328125 -0.0394897460937501
-0.0130348205566406 0.0199108123779297 -0.35150146484375 0.541290283203125
0.0120086669921875 0.0194969177246094 0.116455078125 0.469024658203125
0.00468063354492188 0.00790834426879883 0.3206787109375 0.117340087890625
0.0331573486328125 -0.0276012420654297 0.258880615234375 -0.137298583984375
0.0306415557861328 -0.022308349609375 -0.273391723632813 0.098602294921875
0.00894355773925781 -0.00161266326904297 -0.291229248046875 -0.186737060546875
0.0168704986572266 0.0177078247070313 -0.070068359375 -0.495880126953125
-0.00571823120117188 0.0216121673583984 0.42010498046875 -0.53094482421875
-0.0500335693359375 0.00229263305664063 0.7537841796875 0.10479736328125
-0.0395355224609375 -0.0404624938964844 0.38812255859375 0.82080078125
0.0367889404296875 -0.0163497924804688 -0.2459716796875 0.70428466796875
0.069366455078125 0.00768661499023438 0.0539169311523438 0.0550689697265625
0.0381622314453125 -0.0318183898925781 0.34979248046875 -0.74139404296875
-0.0138778686523438 -0.0370216369628906 -0.424072265625 -0.90863037109375
-0.046539306640625 -0.00117874145507813 -0.83392333984375 -0.0206909179687498
-0.0115299224853516 0.0192070007324219 -0.33685302734375 0.549591064453125
0.0140323638916016 0.0197811126708984 0.12847900390625 0.469482421875
0.00478649139404297 0.00815677642822266 0.329986572265625 0.114776611328125
0.0314178466796875 -0.0262317657470703 0.26483154296875 -0.13470458984375
0.0297603607177734 -0.0219841003417969 -0.268203735351563 0.0965423583984376
0.0100774765014648 -0.0024566650390625 -0.281036376953125 -0.191314697265625
0.0203342437744141 0.0134983062744141 -0.05926513671875 -0.497222900390625
-0.00193405151367188 0.017486572265625 0.43475341796875 -0.521087646484375
-0.0462684631347656 0.00151824951171874 0.760498046875 0.1256103515625
-0.0386123657226562 -0.0414886474609375 0.3780517578125 0.8333740234375
0.0331859588623047 -0.0183296203613281 -0.25604248046875 0.7021484375
0.0675621032714844 0.00518417358398438 0.0519180297851563 0.0507087707519531
0.0356674194335937 -0.0348167419433594 0.3321533203125 -0.7420654296875
-0.0141563415527344 -0.0362586975097656 -0.4443359375 -0.89239501953125
-0.0422248840332031 -0.00120162963867188 -0.8328857421875 -0.00195312500000005
-0.0068206787109375 0.0147333145141602 -0.321380615234375 0.558563232421875
0.0167636871337891 0.0161619186401367 0.141387939453125 0.474578857421875
0.00563621520996094 0.00911617279052734 0.33563232421875 0.115966796875
0.0324192047119141 -0.0260753631591797 0.271499633789063 -0.131622314453125
0.0289478302001953 -0.0215435028076172 -0.263778686523438 0.0975494384765626
0.00895214080810547 -0.00616836547851563 -0.275985717773438 -0.191680908203125
0.0237712860107422 0.00878334045410156 -0.047088623046875 -0.493743896484375
0.00526237487792969 0.0131816864013672 0.445587158203125 -0.509735107421875
-0.0399093627929688 0.00188064575195312 0.762939453125 0.13836669921875
-0.0386314392089844 -0.0401573181152344 0.37030029296875 0.84417724609375
0.0288467407226563 -0.0181503295898438 -0.2618408203125 0.7017822265625
0.06341552734375 0.00244903564453125 0.0510787963867188 0.0473594665527344
0.0295219421386719 -0.0357818603515625 0.32330322265625 -0.7447509765625
-0.0141048431396484 -0.0348644256591797 -0.456787109375 -0.88201904296875
-0.0338954925537109 -0.00105476379394531 -0.82830810546875 0.01422119140625
0.000406265258789062 0.0109405517578125 -0.31011962890625 0.56439208984375
0.0202674865722656 0.0102405548095703 0.149444580078125 0.476165771484375
0.00460433959960938 0.0038905143737793 0.339996337890625 0.1156005859375
0.0298233032226563 -0.0261249542236328 0.275497436523438 -0.132049560546875
0.0258026123046875 -0.0197677612304688 -0.26287841796875 0.0953826904296875
0.00839424133300781 -0.012761116027832 -0.271942138671875 -0.193496704101562
0.0268898010253906 0.000349044799804688 -0.04364013671875 -0.49176025390625
0.0156745910644531 0.0101432800292969 0.450164794921875 -0.505035400390625
-0.0309009552001953 0.00372886657714844 0.7652587890625 0.1483154296875
-0.0368156433105469 -0.0345649719238281 0.3726806640625 0.85028076171875
0.0253887176513672 -0.0185642242431641 -0.2646484375 0.70196533203125
0.0605545043945312 -0.00220489501953125 0.0503158569335938 0.0482330322265625
0.0264701843261719 -0.0371475219726563 0.31744384765625 -0.74468994140625
-0.0130100250244141 -0.0302715301513672 -0.46142578125 -0.8795166015625
-0.0243587493896484 -0.000188827514648441 -0.82763671875 0.02227783203125
0.00713109970092773 0.00464630126953125 -0.3043212890625 0.56787109375
0.0232830047607422 0.00431251525878906 0.15301513671875 0.47906494140625
0.00477218627929688 -6.866455078125E-05 0.340362548828125 0.11663818359375
0.0279464721679688 -0.0263690948486328 0.277374267578125 -0.128448486328125
0.0221843719482422 -0.0191707611083984 -0.264190673828125 0.094573974609375
0.00750160217285156 -0.0176315307617188 -0.276397705078125 -0.193283081054688
0.0299663543701172 -0.00861167907714844 -0.04840087890625 -0.489532470703125
0.0256061553955078 0.00676345825195313 0.4512939453125 -0.503509521484375
-0.0210685729980469 0.00776481628417969 0.76715087890625 0.14849853515625
-0.03521728515625 -0.031005859375 0.3731689453125 0.84918212890625
0.0223369598388672 -0.0183238983154297 -0.2628173828125 0.701416015625
0.057769775390625 -0.00636672973632813 0.0531082153320313 0.0480270385742188
0.0222816467285156 -0.0368804931640625 0.317626953125 -0.741943359375
-0.009613037109375 -0.0254402160644531 -0.45855712890625 -0.87579345703125
-0.014277458190918 0.00269794464111328 -0.82550048828125 0.0224609375000001
0.0183639526367188 -0.00228118896484375 -0.30584716796875 0.56939697265625
0.0273513793945313 -0.00375175476074219 0.14923095703125 0.4818115234375
0.00261068344116211 -0.00619268417358398 0.339202880859375 0.1175537109375
0.0247077941894531 -0.0250682830810547 0.277099609375 -0.1287841796875
0.0181159973144531 -0.0162925720214844 -0.267593383789063 0.0944061279296875
0.00655746459960937 -0.0234146118164063 -0.28350830078125 -0.191558837890625
0.0322628021240234 -0.0172767639160156 -0.0565185546875 -0.487762451171875
0.0342903137207031 0.00255203247070313 0.44366455078125 -0.508575439453125
-0.0113325119018555 0.0106019973754883 0.76776123046875 0.13836669921875
-0.0317707061767578 -0.0253677368164063 0.3851318359375 0.8436279296875
0.0195960998535156 -0.0192432403564453 -0.2523193359375 0.70489501953125
0.0563163757324219 -0.0093536376953125 0.0554313659667969 0.0506439208984375
0.0196266174316406 -0.0359039306640625 0.32818603515625 -0.74163818359375
-0.00553131103515625 -0.0208969116210937 -0.44964599609375 -0.8800048828125
-0.0024104118347168 0.00523090362548828 -0.8262939453125 0.0139160156250001
0.0258541107177734 -0.00824928283691406 -0.3115234375 0.56829833984375
0.0303668975830078 -0.0104541778564453 0.143096923828125 0.4844970703125
0.000922203063964845 -0.0117826461791992 0.331878662109375 0.120269775390625
0.0211410522460938 -0.0244846343994141 0.274307250976563 -0.129425048828125
0.0302448272705078 -0.0223941802978516 -0.29071044921875 0.098480224609375
0.00803995132446289 -0.00625991821289063 -0.31402587890625 -0.182281494140625
0.0168304443359375 0.0143632888793945 -0.09967041015625 -0.49749755859375
-0.0017547607421875 0.0228672027587891 0.390411376953125 -0.553802490234375
-0.0413475036621094 0.0104141235351563 0.7513427734375 0.06707763671875
-0.0354843139648438 -0.0340309143066406 0.4189453125 0.79656982421875
0.0398979187011719 -0.0168266296386719 -0.21893310546875 0.7039794921875
0.0724945068359375 0.00787353515625 0.0628204345703125 0.0612945556640625
0.0438957214355469 -0.0301132202148438 0.3809814453125 -0.73822021484375
-0.00703811645507812 -0.0324497222900391 -0.39202880859375 -0.9349365234375
-0.0407524108886719 0.00152206420898438 -0.84564208984375 -0.0572509765624998
-0.0107860565185547 0.0183277130126953 -0.3675537109375 0.534027099609375
0.0138406753540039 0.0160179138183594 0.102386474609375 0.469940185546875
0.00431299209594726 0.00623989105224609 0.312652587890625 0.119110107421875
0.0311641693115234 -0.0276603698730469 0.254257202148438 -0.1397705078125
0.0305900573730469 -0.022918701171875 -0.283050537109375 0.0994873046874999
0.00854301452636719 -0.00163888931274414 -0.302581787109375 -0.186248779296875
0.0167427062988281 0.0182743072509766 -0.086090087890625 -0.49639892578125
-0.00643730163574219 0.0237522125244141 0.40484619140625 -0.543243408203125
-0.0475120544433594 0.00563812255859376 0.75250244140625 0.0865478515625
-0.0369758605957031 -0.0383338928222656 0.40704345703125 0.808837890625
0.0398445129394531 -0.017486572265625 -0.2344970703125 0.70428466796875
0.0720672607421875 0.00716400146484375 0.0577507019042969 0.0580863952636719
0.0429344177246094 -0.0308685302734375 0.3658447265625 -0.7384033203125
-0.0117073059082031 -0.0346775054931641 -0.409423828125 -0.92236328125
-0.0455780029296875 0.000164031982421866 -0.8421630859375 -0.0405273437500001
-0.0130977630615234 0.0192375183105469 -0.35174560546875 0.543548583984375
0.0121555328369141 0.0190010070800781 0.11627197265625 0.468963623046875
0.00467014312744141 0.00778579711914063 0.323089599609375 0.11688232421875
0.0329761505126953 -0.0287055969238281 0.26165771484375 -0.138336181640625
0.0305290222167969 -0.0220088958740234 -0.275588989257813 0.099212646484375
0.0104074478149414 -0.00119876861572266 -0.291900634765625 -0.187164306640625
0.0167942047119141 0.0183029174804688 -0.070159912109375 -0.496002197265625
-0.00649452209472657 0.020538330078125 0.4189453125 -0.532562255859375
-0.0502853393554687 0.00270843505859375 0.75390625 0.1075439453125
-0.0390205383300781 -0.0401077270507812 0.3865966796875 0.82440185546875
0.0370292663574219 -0.0175819396972656 -0.2474365234375 0.7042236328125
0.0691642761230469 0.0078887939453125 0.0539627075195313 0.0555229187011719
0.038665771484375 -0.0325202941894531 0.3514404296875 -0.74041748046875
-0.0130577087402344 -0.0368766784667969 -0.42401123046875 -0.91064453125
-0.0477981567382813 -0.00178909301757813 -0.83538818359375 -0.0220947265625001
-0.0110855102539063 0.0188388824462891 -0.33758544921875 0.55047607421875
0.0136203765869141 0.0193367004394531 0.12896728515625 0.4700927734375
0.00490379333496094 0.00889968872070313 0.33111572265625 0.1146240234375
0.0312156677246094 -0.0266838073730469 0.26617431640625 -0.136703491210938
0.0298824310302734 -0.0232028961181641 -0.270553588867188 0.0966796875
0.00834798812866211 -0.00183486938476563 -0.28265380859375 -0.190277099609375
0.0196075439453125 0.0139789581298828 -0.058837890625 -0.497650146484375
-0.00198745727539062 0.0177478790283203 0.43316650390625 -0.5225830078125
-0.0466117858886719 0.00111007690429688 0.76007080078125 0.12615966796875
-0.0384292602539063 -0.0426406860351562 0.378173828125 0.83709716796875
0.0329113006591797 -0.0175743103027344 -0.25738525390625 0.70208740234375
0.0662384033203125 0.004669189453125 0.0527381896972656 0.0521087646484375
0.0353279113769531 -0.0357017517089844 0.33636474609375 -0.74334716796875
-0.0149116516113281 -0.0374984741210938 -0.445068359375 -0.89483642578125
-0.0419921875 -0.00123977661132812 -0.83502197265625 -0.00256347656249982
-0.00817680358886719 0.01531982421875 -0.322509765625 0.5594482421875
0.0172758102416992 0.0158157348632812 0.1416015625 0.474090576171875
0.00557708740234375 0.00880813598632813 0.337799072265625 0.11572265625
0.0314826965332031 -0.0277843475341797 0.272674560546875 -0.133529663085938
0.0273532867431641 -0.0235843658447266 -0.267135620117187 0.098419189453125
0.00821208953857422 -0.00539159774780273 -0.278335571289063 -0.192276000976563
0.0240001678466797 0.00737762451171875 -0.050537109375 -0.494354248046875
0.00478458404541016 0.0142116546630859 0.44451904296875 -0.510101318359375
-0.0391273498535156 0.00160980224609375 0.76171875 0.1405029296875
-0.0382347106933594 -0.0406723022460938 0.37042236328125 0.8466796875
0.0296115875244141 -0.0184917449951172 -0.265869140625 0.7032470703125
0.0631942749023438 0.00238800048828125 0.0516281127929688 0.0491905212402344
0.0303955078125 -0.0355491638183594 0.32470703125 -0.74444580078125
-0.0139389038085938 -0.0352592468261719 -0.4560546875 -0.8834228515625
-0.0344638824462891 -0.00168037414550782 -0.83056640625 0.013671875
-0.000980377197265625 0.00957965850830078 -0.3106689453125 0.56561279296875
0.0202674865722656 0.0110416412353516 0.148712158203125 0.4761962890625
0.00404071807861328 0.00490379333496094 0.340728759765625 0.114501953125
0.0293312072753906 -0.0266056060791016 0.278045654296875 -0.131240844726563
0.0256671905517578 -0.0207805633544922 -0.264144897460938 0.0958404541015625
0.00791835784912109 -0.0120925903320313 -0.274642944335938 -0.193679809570312
0.027618408203125 8.58306884765625E-05 -0.045623779296875 -0.492279052734375
0.0141868591308594 0.00946044921875 0.450408935546875 -0.504974365234375
-0.0314979553222656 0.00443840026855469 0.7672119140625 0.1484375
-0.0370216369628906 -0.0360527038574219 0.369873046875 0.85162353515625
0.0248756408691406 -0.0194721221923828 -0.2672119140625 0.70416259765625
0.0601425170898438 -0.00210952758789063 0.0522575378417969 0.0483932495117188
0.0268936157226563 -0.0354995727539063 0.3193359375 -0.7437744140625
-0.0112686157226563 -0.03082275390625 -0.461669921875 -0.87713623046875
-0.0248298645019531 3.62396240234359E-05 -0.8272705078125 0.02203369140625
0.00755071640014648 0.00380611419677734 -0.30633544921875 0.56976318359375
0.0239105224609375 0.00268745422363281 0.150970458984375 0.479949951171875
0.00385260581970215 0.00103282928466797 0.3394775390625 0.116302490234375
0.0265026092529297 -0.02764892578125 0.278152465820313 -0.129119873046875
0.0210475921630859 -0.0197792053222656 -0.265106201171875 0.096343994140625
0.00714111328125 -0.0190258026123047 -0.2784423828125 -0.192886352539063
0.0305690765380859 -0.00880241394042969 -0.0484619140625 -0.48968505859375
0.0246410369873047 0.00556755065917969 0.451263427734375 -0.504547119140625
-0.0212230682373047 0.00751304626464843 0.76708984375 0.15008544921875
-0.0371742248535156 -0.0316619873046875 0.3719482421875 0.8524169921875
0.0216217041015625 -0.0194797515869141 -0.26513671875 0.70208740234375
0.0576820373535156 -0.00518417358398438 0.0536651611328125 0.0485992431640625
0.02252197265625 -0.03802490234375 0.32183837890625 -0.743896484375
-0.0109672546386719 -0.0251255035400391 -0.459228515625 -0.87811279296875
-0.0145463943481445 0.00311756134033203 -0.825927734375 0.0216064453125001
0.0164661407470703 -0.00396442413330078 -0.30426025390625 0.5704345703125
0.02801513671875 -0.0027618408203125 0.15081787109375 0.48297119140625
0.00444698333740234 -0.00603342056274414 0.3388671875 0.1175537109375
0.0231456756591797 -0.0251083374023437 0.276992797851563 -0.129257202148438
0.0189437866210938 -0.018218994140625 -0.268341064453125 0.09429931640625
0.00738334655761719 -0.0236015319824219 -0.283721923828125 -0.19329833984375
0.0339469909667969 -0.0158576965332031 -0.05718994140625 -0.48919677734375
0.0348472595214844 0.00317192077636719 0.444244384765625 -0.507110595703125
-0.0113382339477539 0.0112543106079102 0.76776123046875 0.13958740234375
-0.0309734344482422 -0.0252628326416016 0.3819580078125 0.8458251953125
0.0193595886230469 -0.0193119049072266 -0.25579833984375 0.702880859375
0.0568618774414063 -0.00919723510742188 0.0562019348144531 0.0503501892089844
0.018890380859375 -0.0364990234375 0.32904052734375 -0.74163818359375
-0.0047760009765625 -0.0196037292480469 -0.44879150390625 -0.88330078125
-0.00335979461669922 0.0045313835144043 -0.82745361328125 0.0139770507812499
0.0248298645019531 -0.00785255432128906 -0.3116455078125 0.5692138671875
0.0296707153320313 -0.0100669860839844 0.1436767578125 0.483306884765625
0.00135707855224609 -0.0123510360717773 0.332275390625 0.119781494140625
0.0195941925048828 -0.0254497528076172 0.275558471679688 -0.12939453125
0.0286674499511719 -0.0239276885986328 -0.293182373046875 0.100006103515625
0.00733757019042969 -0.00417232513427734 -0.31561279296875 -0.18310546875
0.0162811279296875 0.0145206451416016 -0.1014404296875 -0.499053955078125
-0.00322151184082031 0.02191162109375 0.390594482421875 -0.555908203125
-0.0433502197265625 0.00988388061523438 0.75469970703125 0.0684814453125
-0.0349502563476562 -0.0338134765625 0.4190673828125 0.8011474609375
0.0381889343261719 -0.0173568725585937 -0.2215576171875 0.70672607421875
0.0716400146484375 0.00772857666015625 0.0618515014648438 0.0608482360839844
0.0437507629394531 -0.0293350219726562 0.3863525390625 -0.7393798828125
-0.00676918029785156 -0.0317306518554688 -0.39154052734375 -0.9373779296875
-0.0403518676757813 0.000518798828125006 -0.849365234375 -0.0590820312499999
-0.00928688049316406 0.0184001922607422 -0.369903564453125 0.536529541015625
0.0122032165527344 0.0176868438720703 0.10479736328125 0.472900390625
0.0041346549987793 0.00402975082397461 0.312225341796875 0.119964599609375
0.0315074920654297 -0.0284023284912109 0.256698608398438 -0.141464233398438
0.0307960510253906 -0.0222206115722656 -0.285675048828125 0.098663330078125
0.00846433639526367 -0.00264883041381836 -0.3056640625 -0.185699462890625
0.0162563323974609 0.0185756683349609 -0.0872802734375 -0.4979248046875
-0.00610160827636718 0.0227394104003906 0.405364990234375 -0.545257568359375
-0.04803466796875 0.00682449340820313 0.7550048828125 0.08758544921875
-0.0365676879882813 -0.0373039245605469 0.4041748046875 0.81402587890625
0.03973388671875 -0.0166816711425781 -0.2379150390625 0.70477294921875
0.0725860595703125 0.009063720703125 0.0592689514160156 0.0588150024414063
0.042327880859375 -0.0309677124023438 0.36944580078125 -0.74017333984375
-0.0100765228271484 -0.0346221923828125 -0.408447265625 -0.9271240234375
-0.04608154296875 -1.14440917968651E-05 -0.8447265625 -0.0418090820312501
-0.0139312744140625 0.0193767547607422 -0.353302001953125 0.544708251953125
0.0128231048583984 0.0189304351806641 0.115631103515625 0.470458984375
0.0048832893371582 0.00827503204345703 0.322174072265625 0.118194580078125
0.0325584411621094 -0.0286579132080078 0.263290405273438 -0.139984130859375
0.030059814453125 -0.0215530395507812 -0.276763916015625 0.0997772216796875
0.00850963592529297 -0.000414371490478516 -0.292572021484375 -0.186798095703125
0.0182247161865234 0.0171718597412109 -0.07275390625 -0.49658203125
-0.00530624389648437 0.0218982696533203 0.41888427734375 -0.534576416015625
-0.0486564636230469 0.00385665893554687 0.75518798828125 0.1080322265625
-0.0391731262207031 -0.0410881042480469 0.38690185546875 0.82659912109375
0.0364036560058594 -0.0162887573242187 -0.25140380859375 0.7059326171875
0.0700607299804688 0.00828170776367188 0.0549659729003906 0.0541152954101562
0.0385093688964844 -0.0324287414550781 0.3555908203125 -0.74371337890625
-0.0132255554199219 -0.0372657775878906 -0.4254150390625 -0.91351318359375
-0.0470657348632813 -0.000976562500000001 -0.839599609375 -0.0224609375
-0.0112533569335938 0.0192356109619141 -0.337615966796875 0.55084228515625
0.0149517059326172 0.0197639465332031 0.12945556640625 0.470855712890625
0.00524616241455078 0.00951385498046875 0.331512451171875 0.114593505859375
0.0313205718994141 -0.0277118682861328 0.268447875976562 -0.1376953125
0.0289516448974609 -0.0231914520263672 -0.27239990234375 0.0979766845703126
0.00967979431152344 -0.000985145568847656 -0.286285400390625 -0.192230224609375
0.0202407836914063 0.0137653350830078 -0.060699462890625 -0.49822998046875
-0.00275421142578125 0.0187168121337891 0.435546875 -0.52325439453125
-0.0471878051757813 0.002197265625 0.760498046875 0.1280517578125
-0.0391845703125 -0.0430068969726562 0.3785400390625 0.84271240234375
0.0342884063720703 -0.0172843933105469 -0.26318359375 0.703857421875
0.0680122375488281 0.00637054443359375 0.0520133972167969 0.0516281127929688
0.0340480804443359 -0.0348701477050781 0.33807373046875 -0.7451171875
-0.0161857604980469 -0.0374374389648438 -0.44439697265625 -0.89825439453125
-0.0425224304199219 -0.00185394287109375 -0.839599609375 -0.00292968749999987
-0.00791645050048828 0.0153350830078125 -0.324310302734375 0.56005859375
0.0178871154785156 0.0159568786621094 0.141632080078125 0.47662353515625
0.00679206848144531 0.00878286361694336 0.336212158203125 0.11431884765625
0.0314960479736328 -0.0287342071533203 0.274246215820313 -0.133438110351563
0.0276699066162109 -0.0212345123291016 -0.268798828125 0.0978851318359375
0.00995349884033203 -0.00607967376708984 -0.279190063476563 -0.1934814453125
0.0245227813720703 0.00693511962890625 -0.050018310546875 -0.49456787109375
0.00398635864257813 0.0147418975830078 0.447662353515625 -0.511474609375
-0.040863037109375 0.00258636474609374 0.76629638671875 0.1427001953125
-0.03839111328125 -0.0402717590332031 0.36773681640625 0.85101318359375
0.0303974151611328 -0.0190200805664063 -0.26678466796875 0.7044677734375
0.0628776550292969 0.00239944458007813 0.0514297485351563 0.0489692687988281
0.0297813415527344 -0.0368423461914063 0.328857421875 -0.745361328125
-0.0132770538330078 -0.0339908599853516 -0.45697021484375 -0.88800048828125
-0.0342960357666016 -0.000574111938476565 -0.83349609375 0.0139160156250001
-0.000691413879394531 0.0101890563964844 -0.31439208984375 0.5660400390625
0.0201892852783203 0.00994873046875 0.149139404296875 0.4788818359375
0.00614690780639648 0.00382280349731445 0.34210205078125 0.115081787109375
0.0293064117431641 -0.0275363922119141 0.278823852539063 -0.132232666015625
0.0243968963623047 -0.021270751953125 -0.264556884765625 0.0974578857421876
0.00767326354980469 -0.00996780395507813 -0.276229858398438 -0.193023681640625
0.0269050598144531 -0.000514984130859375 -0.0467529296875 -0.49462890625
0.014348030090332 0.010777473449707 0.451904296875 -0.50592041015625
-0.0317459106445313 0.00501251220703125 0.76641845703125 0.15130615234375
-0.0357627868652344 -0.0375022888183594 0.36907958984375 0.855224609375
0.0258102416992188 -0.0195846557617188 -0.2689208984375 0.70330810546875
0.0606613159179687 -0.00111770629882812 0.0521583557128906 0.0490837097167969
0.0261688232421875 -0.0382423400878906 0.3233642578125 -0.7459716796875
-0.0108108520507813 -0.0291862487792969 -0.462158203125 -0.8800048828125
-0.0251750946044922 0.000890731811523442 -0.83245849609375 0.0218505859375
0.00859498977661133 0.00353813171386719 -0.306396484375 0.57275390625
0.0250282287597656 0.00364494323730469 0.151641845703125 0.484161376953125
0.00316691398620606 -0.00174689292907715 0.341156005859375 0.1148681640625
0.0263252258300781 -0.0284519195556641 0.280227661132812 -0.12847900390625
0.0226802825927734 -0.0198688507080078 -0.26715087890625 0.0946655273437499
0.00745105743408203 -0.0171880722045898 -0.27984619140625 -0.19244384765625
0.031829833984375 -0.00971412658691406 -0.050750732421875 -0.49163818359375
0.0258159637451172 0.00538063049316406 0.4525146484375 -0.505645751953125
-0.0216331481933594 0.00698280334472656 0.76947021484375 0.15167236328125
-0.0340404510498047 -0.0330524444580078 0.371826171875 0.8551025390625
0.0236568450927734 -0.0186252593994141 -0.2659912109375 0.70428466796875
0.057586669921875 -0.00570297241210938 0.0541877746582031 0.0469894409179688
0.0217132568359375 -0.0385856628417969 0.32464599609375 -0.74822998046875
-0.00930976867675781 -0.0259838104248047 -0.45977783203125 -0.880615234375
-0.0143709182739258 0.00136852264404297 -0.83050537109375 0.0219116210937499
0.0164394378662109 -0.00407028198242188 -0.30718994140625 0.5732421875
0.0283012390136719 -0.00283432006835938 0.149444580078125 0.483154296875
0.00269079208374023 -0.00669050216674805 0.339691162109375 0.11676025390625
0.0237312316894531 -0.0267601013183594 0.28057861328125 -0.13092041015625
0.016901969909668 -0.0173425674438477 -0.271820068359375 0.0960693359374999
0.00668907165527344 -0.0238227844238281 -0.285858154296875 -0.19366455078125
0.0330429077148438 -0.0154285430908203 -0.059173583984375 -0.488311767578125
0.0344715118408203 0.00299072265625 0.444580078125 -0.510650634765625
-0.0114421844482422 0.0119924545288086 0.76904296875 0.14306640625
-0.0321521759033203 -0.0266456604003906 0.38409423828125 0.847412109375
0.0181694030761719 -0.0186576843261719 -0.2584228515625 0.70538330078125
0.0567474365234375 -0.00827789306640625 0.0568580627441406 0.0499916076660156
0.0190544128417969 -0.0374908447265625 0.3326416015625 -0.74407958984375
-0.00601387023925781 -0.0201473236083984 -0.44793701171875 -0.886962890625
-0.00380897521972656 0.00521278381347656 -0.8291015625 0.0138549804687499
0.0247097015380859 -0.0071868896484375 -0.3145751953125 0.57159423828125
0.0299758911132812 -0.0116329193115234 0.143096923828125 0.487701416015625
0.00242328643798828 -0.0125455856323242 0.33447265625 0.120452880859375
0.0193901062011719 -0.0252361297607422 0.277008056640625 -0.131423950195313
0.0297508239746094 -0.0225677490234375 -0.296112060546875 0.100372314453125
0.00668764114379883 -0.00522470474243164 -0.318603515625 -0.18389892578125
0.0153894424438477 0.0156764984130859 -0.102203369140625 -0.500457763671875
-0.00261116027832031 0.0230941772460938 0.39105224609375 -0.55859375
-0.0443801879882813 0.00971221923828125 0.75750732421875 0.07080078125
-0.0344200134277344 -0.0340309143066406 0.421630859375 0.805419921875
0.0390625 -0.0174751281738281 -0.22412109375 0.70965576171875
0.0730514526367188 0.0079193115234375 0.0625534057617188 0.0615882873535156
0.0427627563476563 -0.0299186706542969 0.3865966796875 -0.74212646484375
-0.00725936889648438 -0.0325565338134766 -0.39398193359375 -0.94427490234375
-0.0411186218261719 0.00370407104492188 -0.85205078125 -0.0598754882812502
-0.0096893310546875 0.0186538696289063 -0.37054443359375 0.5399169921875
0.0134105682373047 0.0172843933105469 0.1053466796875 0.47467041015625
0.00440025329589844 0.0046839714050293 0.315093994140625 0.120086669921875
0.0303688049316406 -0.0284042358398438 0.257904052734375 -0.142257690429688
0.0295867919921875 -0.0228290557861328 -0.28680419921875 0.10089111328125
0.00740194320678711 -0.00207710266113281 -0.307891845703125 -0.1846923828125
0.0166301727294922 0.0179729461669922 -0.089569091796875 -0.4984130859375
-0.0065155029296875 0.0228481292724609 0.40606689453125 -0.548858642578125
-0.04901123046875 0.00608444213867188 0.75775146484375 0.08721923828125
-0.0371208190917969 -0.0396919250488281 0.40576171875 0.8172607421875
0.0392837524414063 -0.0180778503417969 -0.2366943359375 0.708251953125
0.0726470947265625 0.00885772705078125 0.0589485168457031 0.0596542358398438
0.0432281494140625 -0.0322151184082031 0.3721923828125 -0.74359130859375
-0.0109214782714844 -0.0363693237304688 -0.4117431640625 -0.93115234375
-0.0464935302734375 0.00108337402343749 -0.848388671875 -0.0416870117187499
-0.01336669921875 0.0192966461181641 -0.354583740234375 0.546783447265625
0.0125656127929688 0.0182647705078125 0.116943359375 0.4735107421875
0.0060882568359375 0.00742101669311523 0.32501220703125 0.1162109375
0.0315055847167969 -0.0294189453125 0.263565063476563 -0.141952514648438
0.0288448333740234 -0.0237636566162109 -0.279922485351563 0.101760864257812
0.00946044921875 -0.0012664794921875 -0.2977294921875 -0.186492919921875
0.0168390274047852 0.0173273086547852 -0.07318115234375 -0.498779296875
-0.00679206848144531 0.0211696624755859 0.419677734375 -0.536712646484375
-0.0511207580566406 0.00259017944335938 0.75982666015625 0.10870361328125
-0.0381393432617188 -0.04144287109375 0.3875732421875 0.8304443359375
0.0375328063964844 -0.0181083679199219 -0.2532958984375 0.70880126953125
0.0702095031738281 0.00809860229492188 0.0550422668457031 0.0563735961914063
0.038909912109375 -0.0339546203613281 0.35650634765625 -0.746826171875
-0.0141677856445312 -0.03704833984375 -0.42608642578125 -0.917724609375
-0.047088623046875 -0.000263214111328126 -0.8436279296875 -0.02044677734375
-0.0131130218505859 0.0178050994873047 -0.340301513671875 0.55419921875
0.0134048461914063 0.0194873809814453 0.12896728515625 0.473876953125
0.00531196594238281 0.00889015197753906 0.33270263671875 0.114501953125
0.0317554473876953 -0.0295276641845703 0.272140502929688 -0.139373779296875
0.0283432006835938 -0.023406982421875 -0.275360107421875 0.0994110107421875
0.00888919830322266 -0.000699996948242188 -0.288299560546875 -0.1912841796875
0.0210208892822266 0.0135822296142578 -0.0627746582031249 -0.499908447265625
-0.00400733947753906 0.0195217132568359 0.436798095703125 -0.526763916015625
-0.04779052734375 0.00278091430664062 0.76531982421875 0.12908935546875
-0.0385856628417969 -0.0426521301269531 0.3785400390625 0.844482421875
0.0329914093017578 -0.0185947418212891 -0.26446533203125 0.7054443359375
0.0668487548828125 0.00522613525390625 0.0536727905273438 0.0519142150878906
0.0335273742675781 -0.0357666015625 0.3399658203125 -0.74835205078125
-0.0146522521972656 -0.0372962951660156 -0.44732666015625 -0.90313720703125
-0.0431175231933594 -0.0020599365234375 -0.843017578125 -0.00372314453125014
-0.00786876678466797 0.0151433944702148 -0.326171875 0.56268310546875
0.0177974700927734 0.0163249969482422 0.142974853515625 0.478057861328125
0.00612115859985352 0.0080418586730957 0.339141845703125 0.113433837890625
0.0312023162841797 -0.0302352905273438 0.277603149414063 -0.135589599609375
0.0270824432373047 -0.0229835510253906 -0.2701416015625 0.100204467773437
0.00789165496826172 -0.00648069381713867 -0.28155517578125 -0.1932373046875
0.0233821868896484 0.00824546813964844 -0.053009033203125 -0.49737548828125
0.00441455841064453 0.0135345458984375 0.446990966796875 -0.5155029296875
-0.0413551330566406 0.00199890136718751 0.76763916015625 0.14202880859375
-0.0374794006347656 -0.0412139892578125 0.3699951171875 0.85601806640625
0.0287437438964844 -0.0184535980224609 -0.271240234375 0.70635986328125
0.0642013549804688 0.0016632080078125 0.0531196594238281 0.0497398376464844
0.0300521850585938 -0.0365676879882813 0.330078125 -0.74896240234375
-0.0139198303222656 -0.0351066589355469 -0.45806884765625 -0.89129638671875
-0.0350246429443359 -0.00111961364746093 -0.8387451171875 0.0136108398437498
-0.00185298919677734 0.00979042053222656 -0.3135986328125 0.56927490234375
0.0203857421875 0.0103664398193359 0.149322509765625 0.47882080078125
0.00525236129760742 0.00456666946411133 0.34326171875 0.11383056640625
0.028472900390625 -0.0284767150878906 0.28173828125 -0.13360595703125
0.0243816375732422 -0.0223522186279297 -0.267837524414063 0.0968780517578125
0.0075531005859375 -0.0113325119018555 -0.278884887695312 -0.194183349609375
0.0274162292480469 0.000642776489257813 -0.047882080078125 -0.494903564453125
0.0129299163818359 0.00967502593994141 0.452789306640625 -0.510955810546875
-0.0326519012451172 0.00449752807617188 0.76995849609375 0.15252685546875
-0.0356254577636719 -0.0375175476074219 0.3707275390625 0.8612060546875
0.0253448486328125 -0.0195484161376953 -0.271484375 0.70758056640625
0.060089111328125 -0.00228500366210938 0.0525856018066406 0.0488357543945313
0.0246849060058594 -0.0380630493164063 0.32568359375 -0.7491455078125
-0.0123863220214844 -0.0302467346191406 -0.46490478515625 -0.8863525390625
-0.0261363983154297 0.00165748596191406 -0.83599853515625 0.0202636718749999
0.00679874420166016 0.00315475463867187 -0.30908203125 0.57373046875
0.0259113311767578 0.00426673889160156 0.152557373046875 0.484954833984375
0.00558328628540039 -0.00127935409545898 0.34344482421875 0.1151123046875
0.0274238586425781 -0.0288791656494141 0.282501220703125 -0.13140869140625
0.0205039978027344 -0.0201911926269531 -0.2698974609375 0.0965423583984375
0.00721359252929687 -0.0182380676269531 -0.28271484375 -0.19366455078125
0.0307941436767578 -0.00799179077148438 -0.05340576171875 -0.493194580078125
0.0235118865966797 0.00529861450195313 0.452239990234375 -0.50885009765625
-0.0218639373779297 0.00829315185546876 0.77130126953125 0.15228271484375
-0.0338611602783203 -0.0337905883789063 0.37249755859375 0.85968017578125
0.0217571258544922 -0.0185909271240234 -0.26885986328125 0.707275390625
0.0580062866210938 -0.00584793090820313 0.0544242858886719 0.0479660034179687
0.0217742919921875 -0.0382308959960938 0.3260498046875 -0.74774169921875
-0.00983238220214844 -0.0253391265869141 -0.4617919921875 -0.88555908203125
-0.0136127471923828 0.0024118423461914 -0.83392333984375 0.02325439453125
0.0163593292236328 -0.00336837768554688 -0.30987548828125 0.57550048828125
0.0282478332519531 -0.00333023071289063 0.15264892578125 0.486785888671875
0.00359630584716797 -0.00676536560058594 0.3414306640625 0.117919921875
0.0232181549072266 -0.0273628234863281 0.282318115234375 -0.130584716796875
0.0165157318115234 -0.0188369750976563 -0.273300170898438 0.0967864990234375
0.00589942932128906 -0.0246543884277344 -0.28857421875 -0.192840576171875
0.0326442718505859 -0.0165596008300781 -0.05908203125 -0.49151611328125
0.0345134735107422 0.00279426574707031 0.445587158203125 -0.512451171875
-0.0113868713378906 0.0114564895629883 0.77276611328125 0.142822265625
-0.0309104919433594 -0.0261898040771484 0.38409423828125 0.85302734375
0.0192985534667969 -0.019256591796875 -0.2598876953125 0.7080078125
0.0563507080078125 -0.00946044921875 0.05792236328125 0.0514945983886719
0.0193443298339844 -0.0382728576660156 0.33428955078125 -0.746826171875
-0.00554275512695313 -0.0203971862792969 -0.450927734375 -0.889404296875
-0.00394725799560547 0.00546073913574219 -0.8350830078125 0.01556396484375
0.02490234375 -0.00836372375488281 -0.31658935546875 0.57415771484375
0.0318603515625 -0.00983428955078125 0.144927978515625 0.486907958984375
0.00223350524902344 -0.0119285583496094 0.33575439453125 0.11944580078125
0.0192279815673828 -0.0266513824462891 0.279586791992188 -0.13323974609375
0.0285396575927734 -0.0242729187011719 -0.29840087890625 0.102325439453125
0.0073237419128418 -0.004852294921875 -0.3232421875 -0.182952880859375
0.0155191421508789 0.0149002075195313 -0.1051025390625 -0.5010986328125
-0.00297355651855469 0.0236415863037109 0.389801025390625 -0.5614013671875
-0.0455169677734375 0.00959777832031251 0.75933837890625 0.06964111328125
-0.0344581604003906 -0.0345516204833984 0.42333984375 0.8121337890625
0.0401039123535156 -0.0174636840820313 -0.2252197265625 0.71405029296875
0.0727920532226563 0.0080108642578125 0.0630111694335938 0.0619468688964844
0.042724609375 -0.031646728515625 0.389404296875 -0.746337890625
-0.00650215148925781 -0.0319137573242187 -0.3983154296875 -0.94921875
-0.0414962768554688 0.00378417968749999 -0.8582763671875 -0.0576782226562499
-0.0109272003173828 0.0180377960205078 -0.372528076171875 0.542816162109375
0.0124473571777344 0.0176525115966797 0.10601806640625 0.47723388671875
0.00508308410644531 0.00451374053955078 0.3175048828125 0.118377685546875
0.0306529998779297 -0.0297527313232422 0.261337280273438 -0.144454956054688
0.0287513732910156 -0.0249671936035156 -0.29058837890625 0.103302001953125
0.00722408294677734 -0.000906467437744141 -0.312042236328125 -0.18560791015625
0.0165901184082031 0.0183219909667969 -0.092041015625 -0.501922607421875
-0.00687789916992188 0.0232009887695312 0.40618896484375 -0.551239013671875
-0.0505294799804688 0.00693893432617188 0.76190185546875 0.088134765625
-0.0377540588378906 -0.0403213500976563 0.40771484375 0.8240966796875
0.0384407043457031 -0.0175971984863281 -0.2410888671875 0.7139892578125
0.0723724365234375 0.00972747802734375 0.0598564147949219 0.0589218139648438
0.0417327880859375 -0.0327644348144531 0.37371826171875 -0.7491455078125
-0.0105438232421875 -0.0354118347167969 -0.41473388671875 -0.93511962890625
-0.047332763671875 0.000934600830078131 -0.85516357421875 -0.0383911132812499
-0.0143852233886719 0.0190372467041016 -0.35626220703125 0.551361083984375
0.0128631591796875 0.0204753875732422 0.119415283203125 0.475616455078125
0.00506448745727539 0.00731849670410156 0.3265380859375 0.117523193359375
0.0305519104003906 -0.0305709838867188 0.266952514648438 -0.14324951171875
0.0285663604736328 -0.0230655670166016 -0.28253173828125 0.103057861328125
0.00881671905517578 -0.000479698181152344 -0.30084228515625 -0.18798828125
0.0169925689697266 0.0180301666259766 -0.07855224609375 -0.500762939453125
-0.00721931457519531 0.0222816467285156 0.42132568359375 -0.540557861328125
-0.0517692565917969 0.00461578369140624 0.76385498046875 0.109619140625
-0.0395851135253906 -0.0422744750976563 0.39208984375 0.83709716796875
0.0371971130371094 -0.0170211791992188 -0.2530517578125 0.71063232421875
0.0705795288085938 0.0085906982421875 0.0549736022949219 0.056182861328125
0.0383415222167969 -0.0332756042480469 0.358642578125 -0.7508544921875
-0.0148887634277344 -0.0382347106933594 -0.43023681640625 -0.92205810546875
-0.0480499267578125 -0.000114440917968743 -0.8477783203125 -0.02032470703125
-0.0134735107421875 0.0193595886230469 -0.34173583984375 0.5579833984375
0.0151786804199219 0.0202140808105469 0.132354736328125 0.476470947265625
0.00636386871337891 0.00896263122558594 0.334320068359375 0.11456298828125
0.0315418243408203 -0.0306053161621094 0.273086547851563 -0.141937255859375
0.0286178588867188 -0.0248298645019531 -0.278656005859375 0.101409912109375
0.00870466232299805 -0.0019831657409668 -0.29217529296875 -0.191558837890625
0.0204811096191406 0.0147361755371094 -0.065216064453125 -0.50164794921875
-0.00399971008300781 0.0192642211914063 0.436981201171875 -0.5303955078125
-0.0489616394042969 0.00198364257812501 0.77008056640625 0.12841796875
-0.038543701171875 -0.0442466735839844 0.3809814453125 0.85107421875
0.0348930358886719 -0.0176372528076172 -0.26666259765625 0.7109375
0.068145751953125 0.00500106811523438 0.053985595703125 0.0519256591796875
0.0342903137207031 -0.0360336303710937 0.3421630859375 -0.7520751953125
-0.0153923034667969 -0.0382652282714844 -0.45269775390625 -0.90911865234375
-0.0439262390136719 -0.00143051147460938 -0.848876953125 -0.00164794921875008
-0.00788784027099609 0.0141992568969727 -0.32586669921875 0.56842041015625
0.0182285308837891 0.0159187316894531 0.145904541015625 0.481170654296875
0.00647497177124023 0.00795364379882812 0.342620849609375 0.114288330078125
0.0300216674804688 -0.0317764282226563 0.279541015625 -0.136383056640625
0.0262908935546875 -0.0225601196289063 -0.27301025390625 0.10076904296875
0.00756692886352539 -0.00528049468994141 -0.28387451171875 -0.194122314453125
0.0241489410400391 0.00787925720214844 -0.055938720703125 -0.49908447265625
0.00386428833007812 0.0142307281494141 0.44903564453125 -0.520233154296875
-0.04217529296875 0.00328826904296874 0.77099609375 0.14300537109375
-0.0381507873535156 -0.0425529479980469 0.373291015625 0.8590087890625
0.0301971435546875 -0.0193271636962891 -0.27313232421875 0.71038818359375
0.0631866455078125 0.00200653076171875 0.0534782409667969 0.0489082336425781
0.0287132263183594 -0.0378074645996094 0.33172607421875 -0.75390625
-0.0147972106933594 -0.0341510772705078 -0.463623046875 -0.89605712890625
-0.0357398986816406 -0.000396728515625005 -0.8427734375 0.0145263671875
-0.00233650207519531 0.00946617126464844 -0.3135986328125 0.5745849609375
0.0219097137451172 0.011199951171875 0.1536865234375 0.481353759765625
0.00640296936035156 0.00377082824707031 0.34649658203125 0.11395263671875
0.0271377563476563 -0.0308303833007813 0.284088134765625 -0.1358642578125
0.0245399475097656 -0.0216274261474609 -0.271011352539063 0.0999298095703125
0.00763034820556641 -0.0114374160766602 -0.28240966796875 -0.1939697265625
0.0286140441894531 -0.000654220581054688 -0.0498046875 -0.497650146484375
0.0134620666503906 0.0103378295898438 0.4530029296875 -0.512969970703125
-0.0347309112548828 0.00493621826171876 0.7745361328125 0.152099609375
-0.0354461669921875 -0.0385246276855469 0.3720703125 0.8670654296875
0.0254840850830078 -0.0208148956298828 -0.272705078125 0.711669921875
0.061004638671875 -0.0021820068359375 0.054168701171875 0.047149658203125
0.0247688293457031 -0.0381813049316406 0.32598876953125 -0.7542724609375
-0.0115013122558594 -0.0311965942382813 -0.468994140625 -0.8909912109375
-0.0268707275390625 0.00114822387695313 -0.84112548828125 0.0227050781250001
0.00758647918701172 0.00240850448608398 -0.30975341796875 0.578857421875
0.0263385772705078 0.00378990173339844 0.15582275390625 0.48626708984375
0.00545930862426758 -0.000197887420654297 0.346893310546875 0.114837646484375
0.02545166015625 -0.0286827087402344 0.285552978515625 -0.134307861328125
0.0199260711669922 -0.0207901000976563 -0.272369384765625 0.0988159179687499
0.00710868835449219 -0.0179214477539063 -0.285400390625 -0.194061279296875
0.0311145782470703 -0.008453369140625 -0.053192138671875 -0.49578857421875
0.0234451293945313 0.00537109375 0.451385498046875 -0.51287841796875
-0.0238380432128906 0.00858497619628906 0.77655029296875 0.15216064453125
-0.0343894958496094 -0.0335464477539062 0.3765869140625 0.86590576171875
0.0227336883544922 -0.0200920104980469 -0.2705078125 0.7099609375
0.0578155517578125 -0.00518798828125 0.0562362670898438 0.0479774475097656
0.0210075378417969 -0.0385818481445313 0.330078125 -0.753173828125
-0.0108509063720703 -0.0257339477539062 -0.46636962890625 -0.89154052734375
-0.0160245895385742 0.00269126892089844 -0.83880615234375 0.0236816406249998
0.0154008865356445 -0.00549221038818359 -0.3096923828125 0.5799560546875
0.0284328460693359 -0.00460052490234375 0.154083251953125 0.48895263671875
0.00256109237670898 -0.00698423385620117 0.343414306640625 0.1160888671875
0.0212593078613281 -0.0280818939208984 0.284881591796875 -0.1328125
0.0167140960693359 -0.0193138122558594 -0.276382446289062 0.097808837890625
0.00618171691894531 -0.0251979827880859 -0.292938232421875 -0.1943359375
0.0335559844970703 -0.01708984375 -0.0631103515625 -0.493743896484375
0.0348720550537109 0.00186920166015625 0.4464111328125 -0.51641845703125
-0.012669563293457 0.0111770629882812 0.77777099609375 0.1451416015625
-0.0310077667236328 -0.0269145965576172 0.3863525390625 0.85699462890625
0.0179271697998047 -0.0208034515380859 -0.26171875 0.71136474609375
0.0557708740234375 -0.00997543334960938 0.0586090087890625 0.0495376586914063
0.018798828125 -0.0381507873535156 0.3369140625 -0.751953125
-0.00588226318359375 -0.0196437835693359 -0.45556640625 -0.89556884765625
-0.00283098220825195 0.00576210021972656 -0.8389892578125 0.01629638671875
0.0245265960693359 -0.0103130340576172 -0.3165283203125 0.5792236328125
0.0331459045410156 -0.0108909606933594 0.147308349609375 0.490509033203125
0.00338840484619141 -0.012639045715332 0.337799072265625 0.118133544921875
0.0193634033203125 -0.0269260406494141 0.282867431640625 -0.133636474609375
0.0279407501220703 -0.024810791015625 -0.299957275390625 0.105072021484375
0.00663614273071289 -0.00543069839477539 -0.326629638671875 -0.18267822265625
0.016575813293457 0.0141820907592773 -0.10858154296875 -0.503875732421875
-0.00275993347167968 0.0232257843017578 0.38897705078125 -0.5677490234375
-0.0449562072753906 0.0100555419921875 0.7646484375 0.0694580078125
-0.0346641540527344 -0.0348682403564453 0.42828369140625 0.81658935546875
0.0406951904296875 -0.0169601440429688 -0.22503662109375 0.7186279296875
0.0731582641601563 0.0078277587890625 0.0642929077148438 0.0625724792480469
0.0426101684570313 -0.0311508178710938 0.3924560546875 -0.75341796875
-0.00624275207519531 -0.0332965850830078 -0.4029541015625 -0.955810546875
-0.0428581237792969 0.00353240966796875 -0.864501953125 -0.056640625
-0.0121269226074219 0.0179729461669922 -0.373260498046875 0.54864501953125
0.014918327331543 0.0169258117675781 0.10919189453125 0.4798583984375
0.0052485466003418 0.00548982620239258 0.319854736328125 0.118194580078125
0.0293102264404297 -0.0315532684326172 0.262481689453125 -0.147781372070313
0.0291957855224609 -0.0244827270507813 -0.292755126953125 0.1064453125
0.00668716430664063 -0.00182342529296875 -0.31439208984375 -0.184814453125
0.0170078277587891 0.0180950164794922 -0.095184326171875 -0.504974365234375
-0.00787353515625 0.0229129791259766 0.408416748046875 -0.556182861328125
-0.0519599914550781 0.0075531005859375 0.76641845703125 0.0867919921875
-0.0362396240234375 -0.0395393371582031 0.41259765625 0.8272705078125
0.038909912109375 -0.0184898376464844 -0.24139404296875 0.71826171875
0.0730133056640625 0.0086212158203125 0.0599746704101563 0.0577049255371094
0.0416526794433594 -0.0334053039550781 0.376220703125 -0.7548828125
-0.0104255676269531 -0.0363960266113281 -0.4197998046875 -0.94012451171875
-0.0474090576171875 0.00159835815429688 -0.8607177734375 -0.0379028320312499
-0.0146694183349609 0.0193119049072266 -0.35894775390625 0.557281494140625
0.0134143829345703 0.0191516876220703 0.123199462890625 0.480499267578125
0.00579690933227539 0.00770998001098633 0.328826904296875 0.115814208984375
0.0307979583740234 -0.0311985015869141 0.270034790039063 -0.145858764648438
0.0289764404296875 -0.0245018005371094 -0.28546142578125 0.106201171875
0.00862741470336914 -6.96182250976563E-05 -0.305328369140625 -0.186798095703125
0.0188007354736328 0.0182056427001953 -0.0799255371093749 -0.50286865234375
-0.00727653503417969 0.022186279296875 0.4210205078125 -0.546112060546875
-0.0522804260253906 0.00321197509765626 0.76727294921875 0.10797119140625
-0.0384597778320313 -0.0409507751464844 0.3963623046875 0.843017578125
0.03717041015625 -0.0179824829101562 -0.255126953125 0.718017578125
0.0705795288085937 0.00821685791015625 0.0572776794433594 0.0545692443847656
0.0390281677246094 -0.0332603454589844 0.362548828125 -0.75830078125
-0.0137481689453125 -0.0377922058105469 -0.43853759765625 -0.92742919921875
-0.0492973327636719 0.00027084350585937 -0.85723876953125 -0.0189208984374999
-0.0142765045166016 0.0186309814453125 -0.3421630859375 0.56494140625
0.0147247314453125 0.0178279876708984 0.136322021484375 0.4794921875
0.00609350204467773 0.0081329345703125 0.338043212890625 0.1142578125
0.0305442810058594 -0.0302906036376953 0.274581909179688 -0.145156860351563
0.0275211334228516 -0.023834228515625 -0.279571533203125 0.104598999023438
0.00835943222045898 -0.00129508972167969 -0.29571533203125 -0.191314697265625
0.0205268859863281 0.0137519836425781 -0.067901611328125 -0.50665283203125
-0.00387001037597656 0.0187091827392578 0.4364013671875 -0.53607177734375
-0.0513839721679688 0.0025787353515625 0.7764892578125 0.12652587890625
-0.0399322509765625 -0.044891357421875 0.3868408203125 0.8548583984375
0.0337142944335938 -0.0186882019042969 -0.26513671875 0.71551513671875
0.0673484802246094 0.00628280639648438 0.0537261962890625 0.0524253845214844
0.0341644287109375 -0.037445068359375 0.3426513671875 -0.7574462890625
-0.0147132873535156 -0.0380325317382812 -0.45831298828125 -0.91192626953125
-0.0444374084472656 -0.0011444091796875 -0.85321044921875 0.000976562500000003
-0.00795555114746094 0.0146999359130859 -0.3265380859375 0.5723876953125
0.0183792114257813 0.0155372619628906 0.147613525390625 0.48486328125
0.00705671310424805 0.00867986679077148 0.34637451171875 0.113555908203125
0.0307121276855469 -0.0319480895996094 0.281036376953125 -0.140167236328125
0.0253448486328125 -0.0233211517333984 -0.276504516601563 0.10308837890625
0.0086212158203125 -0.00548839569091797 -0.289886474609375 -0.1929931640625
0.0241661071777344 0.00679588317871094 -0.05975341796875 -0.502471923828125
0.00228691101074219 0.0149316787719727 0.4473876953125 -0.52569580078125
-0.0430755615234375 0.00284576416015624 0.775634765625 0.14111328125
-0.0390434265136719 -0.0428009033203125 0.37701416015625 0.864990234375
0.0302009582519531 -0.0195465087890625 -0.273193359375 0.714111328125
0.0631103515625 0.00185394287109375 0.0539665222167969 0.0489692687988281
0.028045654296875 -0.0381813049316406 0.33306884765625 -0.75897216796875
-0.0153656005859375 -0.0357627868652344 -0.4688720703125 -0.9031982421875
-0.0357551574707031 -0.000495910644531242 -0.85107421875 0.0165405273437498
-0.00192832946777344 0.00904655456542969 -0.3157958984375 0.57928466796875
0.021148681640625 0.0104846954345703 0.155517578125 0.48553466796875
0.00573253631591797 0.00303411483764648 0.349090576171875 0.11199951171875
0.0267467498779297 -0.03118896484375 0.2861328125 -0.138824462890625
0.0225276947021484 -0.0222263336181641 -0.274261474609375 0.1014404296875
0.00699138641357422 -0.0117254257202148 -0.28717041015625 -0.19439697265625
0.0282001495361328 -0.000823974609375 -0.05499267578125 -0.4996337890625
0.012660026550293 0.0104227066040039 0.45489501953125 -0.518524169921875
-0.0346870422363281 0.00618553161621093 0.78106689453125 0.1533203125
-0.0367012023925781 -0.0383453369140625 0.37786865234375 0.8721923828125
0.0253143310546875 -0.0198936462402344 -0.2750244140625 0.716064453125
0.0609092712402344 -0.00200653076171875 0.0536842346191406 0.0481834411621094
0.0244369506835938 -0.0384063720703125 0.3270263671875 -0.75933837890625
-0.0131187438964844 -0.0305671691894531 -0.47259521484375 -0.8958740234375
-0.0270919799804688 0.000917434692382814 -0.84698486328125 0.0247192382812499
0.00735759735107422 0.00146865844726562 -0.30963134765625 0.5848388671875
0.0257740020751953 0.002899169921875 0.159271240234375 0.488861083984375
0.00580596923828125 -0.000596523284912109 0.349609375 0.11444091796875
0.0245399475097656 -0.0310306549072266 0.288116455078125 -0.136749267578125
0.0196590423583984 -0.0215988159179688 -0.275894165039063 0.100341796875
0.00717926025390625 -0.0176124572753906 -0.28955078125 -0.194091796875
0.0304851531982422 -0.00926589965820313 -0.056671142578125 -0.497406005859375
0.0243453979492188 0.00567626953125 0.452880859375 -0.517608642578125
-0.0245590209960938 0.00881385803222656 0.783447265625 0.1513671875
-0.03460693359375 -0.0340671539306641 0.3812255859375 0.87158203125
0.0227546691894531 -0.0205802917480469 -0.2720947265625 0.71563720703125
0.0583877563476562 -0.00732421875 0.0570907592773438 0.0482711791992187
0.0202484130859375 -0.0394096374511719 0.328857421875 -0.7591552734375
-0.00949478149414063 -0.0257911682128906 -0.471435546875 -0.8946533203125
-0.0146875381469727 0.00444602966308593 -0.8441162109375 0.0253906249999999
0.0158472061157227 -0.00545024871826172 -0.31005859375 0.58453369140625
0.0291500091552734 -0.00491523742675781 0.157501220703125 0.4925537109375
0.00345849990844727 -0.0072789192199707 0.347503662109375 0.115142822265625
0.0218334197998047 -0.0304012298583984 0.287933349609375 -0.13665771484375
0.0167751312255859 -0.0195369720458984 -0.27984619140625 0.101043701171875
0.00499343872070312 -0.0240497589111328 -0.2958984375 -0.191314697265625
0.0334243774414063 -0.0164413452148437 -0.065093994140625 -0.49676513671875
0.0334949493408203 0.00213050842285156 0.446746826171875 -0.522735595703125
-0.0124015808105469 0.0120525360107422 0.78253173828125 0.143310546875
-0.0316162109375 -0.027557373046875 0.39154052734375 0.86346435546875
0.0187530517578125 -0.0201435089111328 -0.263427734375 0.71588134765625
0.0556869506835938 -0.00984954833984375 0.0594863891601563 0.0498313903808594
0.0179557800292969 -0.0383262634277344 0.33709716796875 -0.75848388671875
-0.00667381286621094 -0.0201969146728516 -0.46234130859375 -0.89923095703125
-0.00417375564575195 0.00545406341552734 -0.8465576171875 0.0199584960937498
0.0239295959472656 -0.0101451873779297 -0.319091796875 0.58465576171875
0.032440185546875 -0.0106906890869141 0.150360107421875 0.494049072265625
0.00319480895996094 -0.0138530731201172 0.34197998046875 0.117919921875
0.0181121826171875 -0.0302143096923828 0.284912109375 -0.136932373046875
0.0263080596923828 -0.0252304077148438 -0.30535888671875 0.108306884765625
0.00648021697998047 -0.0042119026184082 -0.330657958984375 -0.181396484375
0.0156402587890625 0.0144033432006836 -0.114715576171875 -0.506866455078125
-0.00430679321289062 0.0239906311035156 0.39068603515625 -0.57452392578125
-0.0469093322753906 0.0116462707519531 0.7716064453125 0.06549072265625
-0.0345001220703125 -0.0353507995605469 0.4356689453125 0.82037353515625
0.0393943786621094 -0.0185012817382813 -0.22650146484375 0.72674560546875
0.07366943359375 0.00754547119140625 0.0652503967285156 0.0605697631835938
0.0429344177246094 -0.0315284729003906 0.3935546875 -0.7596435546875
-0.00782012939453125 -0.0328445434570313 -0.41015625 -0.95904541015625
-0.0438270568847656 0.00298690795898437 -0.87261962890625 -0.0526733398437499
-0.0121841430664063 0.0199966430664063 -0.3731689453125 0.5556640625
0.0145359039306641 0.0173168182373047 0.1121826171875 0.4842529296875
0.00495576858520508 0.00522661209106445 0.32159423828125 0.11834716796875
0.0289897918701172 -0.0324764251708984 0.265396118164062 -0.15020751953125
0.0293846130371094 -0.026123046875 -0.295166015625 0.10882568359375
0.0081939697265625 -0.00114917755126953 -0.318115234375 -0.183197021484375
0.0168876647949219 0.0181961059570312 -0.10028076171875 -0.507568359375
-0.00790214538574219 0.0238323211669922 0.4088134765625 -0.56365966796875
-0.0509681701660156 0.00680160522460937 0.7735595703125 0.08428955078125
-0.0378761291503906 -0.0395965576171875 0.4185791015625 0.8358154296875
0.039031982421875 -0.018310546875 -0.24114990234375 0.72406005859375
0.0732192993164063 0.00751495361328125 0.0624771118164063 0.0584373474121094
0.0420417785644531 -0.0328865051269531 0.37640380859375 -0.76263427734375
-0.010772705078125 -0.0353736877441406 -0.428466796875 -0.94537353515625
-0.0486297607421875 0.0014801025390625 -0.86956787109375 -0.0323486328125
-0.0147380828857422 0.0186710357666016 -0.35736083984375 0.56365966796875
0.0136070251464844 0.0195159912109375 0.12493896484375 0.483123779296875
0.00629186630249023 0.00827550888061523 0.33258056640625 0.114044189453125
0.0295867919921875 -0.0335750579833984 0.271575927734375 -0.14996337890625
0.0269699096679688 -0.0251674652099609 -0.28955078125 0.10992431640625
0.00770854949951172 -0.00107622146606445 -0.309661865234375 -0.1861572265625
0.0182533264160156 0.018890380859375 -0.0855712890625 -0.50665283203125
-0.00811386108398438 0.0236263275146484 0.4202880859375 -0.55169677734375
-0.0523605346679688 0.00418853759765624 0.77508544921875 0.10467529296875
-0.0391616821289063 -0.0418930053710937 0.399658203125 0.84832763671875
0.0366706848144531 -0.0183792114257813 -0.2564697265625 0.72442626953125
0.0707778930664062 0.0082244873046875 0.0573158264160156 0.0549125671386719
0.0367431640625 -0.0343132019042969 0.36102294921875 -0.7652587890625
-0.0147323608398438 -0.0377616882324219 -0.44549560546875 -0.93267822265625
-0.0498046875 9.53674316406296E-05 -0.864013671875 -0.01519775390625
-0.0136470794677734 0.0180759429931641 -0.3416748046875 0.5699462890625
0.0154762268066406 0.0184307098388672 0.139129638671875 0.482269287109375
0.00644063949584961 0.00760126113891601 0.341461181640625 0.1119384765625
0.0296688079833984 -0.0326786041259766 0.277206420898438 -0.148269653320313
0.0275230407714844 -0.0250568389892578 -0.283660888671875 0.108001708984375
0.00881290435791016 -0.00191116333007813 -0.300201416015625 -0.18939208984375
0.0207138061523437 0.0144863128662109 -0.072540283203125 -0.50836181640625
-0.00450515747070312 0.0199565887451172 0.4356689453125 -0.541778564453125
-0.0506744384765625 0.00279617309570313 0.7822265625 0.1248779296875
-0.0400810241699219 -0.043609619140625 0.3900146484375 0.86248779296875
0.0344085693359375 -0.0192928314208984 -0.2667236328125 0.720703125
0.0667076110839844 0.00585556030273438 0.0544166564941406 0.0516815185546875
0.0330352783203125 -0.037078857421875 0.3428955078125 -0.76715087890625
-0.0160789489746094 -0.0382537841796875 -0.465576171875 -0.91650390625
-0.04498291015625 1.90734863281262E-05 -0.86053466796875 0.00592041015624997
-0.00879001617431641 0.0139045715332031 -0.3275146484375 0.57830810546875
0.0188884735107422 0.0156383514404297 0.154388427734375 0.48895263671875
0.00754356384277344 0.00783634185791016 0.348175048828125 0.11297607421875
0.0291481018066406 -0.0344696044921875 0.284698486328125 -0.1436767578125
0.0241851806640625 -0.0244503021240234 -0.278274536132813 0.106338500976563
0.00730228424072266 -0.00517845153808594 -0.292938232421875 -0.192535400390625
0.0232276916503906 0.00832557678222656 -0.062286376953125 -0.505523681640625
0.00381946563720703 0.014042854309082 0.448455810546875 -0.532012939453125
-0.0436515808105469 0.00334167480468751 0.78363037109375 0.14129638671875
-0.0385055541992188 -0.0431365966796875 0.38275146484375 0.86785888671875
0.0302028656005859 -0.0187911987304687 -0.27374267578125 0.72137451171875
0.065155029296875 0.00176620483398438 0.0547561645507813 0.04864501953125
0.0286598205566406 -0.0374336242675781 0.33154296875 -0.767822265625
-0.0156707763671875 -0.0373497009277344 -0.4771728515625 -0.906982421875
-0.0369682312011719 0.00110626220703125 -0.8570556640625 0.0216064453124999
-0.00099945068359375 0.00830078125 -0.31427001953125 0.5855712890625
0.0222320556640625 0.0102062225341797 0.15972900390625 0.48944091796875
0.00766849517822266 0.00297164916992188 0.354156494140625 0.111419677734375
0.0261306762695312 -0.0320243835449219 0.288818359375 -0.14117431640625
0.0240650177001953 -0.0225982666015625 -0.275497436523437 0.104278564453125
0.00708103179931641 -0.0110702514648438 -0.2913818359375 -0.193450927734375
0.0282802581787109 -0.0007476806640625 -0.058013916015625 -0.505462646484375
0.0133342742919922 0.0105104446411133 0.453704833984375 -0.525360107421875
-0.0339298248291016 0.00588798522949218 0.78466796875 0.1497802734375
-0.0365943908691406 -0.038116455078125 0.38287353515625 0.8770751953125
0.0252513885498047 -0.0208377838134766 -0.2763671875 0.72149658203125
0.0602149963378906 -0.00235748291015625 0.0556831359863281 0.0482826232910156
0.0234909057617188 -0.0404396057128906 0.32708740234375 -0.76593017578125
-0.0130424499511719 -0.0315971374511719 -0.4833984375 -0.89898681640625
-0.0260124206542969 0.001617431640625 -0.853515625 0.03033447265625
0.00671577453613281 0.000743389129638672 -0.310302734375 0.59088134765625
0.0271224975585938 0.00340843200683594 0.16339111328125 0.49261474609375
0.00495672225952148 -0.000927925109863281 0.353179931640625 0.1134033203125
0.0234241485595703 -0.0328769683837891 0.29071044921875 -0.13970947265625
0.0195407867431641 -0.0211906433105469 -0.276565551757813 0.10345458984375
0.00714874267578125 -0.0179767608642578 -0.2950439453125 -0.1929931640625
0.0313453674316406 -0.00954818725585938 -0.0622863769531249 -0.50067138671875
0.0234279632568359 0.00600814819335938 0.45233154296875 -0.524383544921875
-0.0250625610351563 0.00951766967773438 0.788330078125 0.1495361328125
-0.0337181091308594 -0.0344638824462891 0.38409423828125 0.87615966796875
0.0219440460205078 -0.0209598541259766 -0.2708740234375 0.72174072265625
0.0584144592285156 -0.0061492919921875 0.0566864013671875 0.0465278625488281
0.0197906494140625 -0.0396041870117188 0.32843017578125 -0.7657470703125
-0.0105743408203125 -0.0252704620361328 -0.47857666015625 -0.899658203125
-0.015620231628418 0.00461006164550781 -0.85418701171875 0.0303344726562499
0.0154314041137695 -0.00644016265869141 -0.3096923828125 0.593505859375
0.0302925109863281 -0.0029296875 0.1610107421875 0.49639892578125
0.00343847274780273 -0.00750160217285156 0.350067138671875 0.11431884765625
0.02142333984375 -0.0298233032226563 0.289703369140625 -0.139434814453125
0.0143661499023437 -0.0197772979736328 -0.282989501953125 0.104400634765625
0.00565338134765625 -0.0236282348632813 -0.301361083984375 -0.191436767578125
0.033538818359375 -0.0177288055419922 -0.069244384765625 -0.501678466796875
0.03399658203125 0.00301742553710938 0.445526123046875 -0.529052734375
-0.0127735137939453 0.0134057998657227 0.78997802734375 0.14129638671875
-0.0315895080566406 -0.0277805328369141 0.39813232421875 0.87060546875
0.01904296875 -0.0206031799316406 -0.2618408203125 0.72235107421875
0.056549072265625 -0.0103836059570313 0.0608024597167969 0.0495948791503906
0.0171012878417969 -0.0384292602539063 0.338623046875 -0.76361083984375
-0.00697135925292969 -0.0202522277832031 -0.47021484375 -0.9052734375
-0.00313377380371094 0.00536108016967773 -0.8531494140625 0.0238037109374998
0.0237693786621094 -0.0113449096679688 -0.31842041015625 0.59124755859375
0.0337619781494141 -0.0113887786865234 0.15509033203125 0.498260498046875
0.00333023071289062 -0.0147209167480469 0.344635009765625 0.1170654296875
0.0169582366943359 -0.0299091339111328 0.288238525390625 -0.141326904296875
0.0268077850341797 -0.025360107421875 -0.307586669921875 0.1124267578125
0.00538921356201172 -0.00347995758056641 -0.33648681640625 -0.18017578125
0.0166330337524414 0.0156612396240234 -0.119964599609375 -0.50994873046875
-0.00389480590820313 0.0251274108886719 0.388427734375 -0.5833740234375
-0.0478439331054687 0.0121192932128906 0.77825927734375 0.06109619140625
-0.0344123840332031 -0.0359344482421875 0.4429931640625 0.82684326171875
0.0393753051757812 -0.0182304382324219 -0.22314453125 0.7301025390625
0.0731735229492187 0.0075225830078125 0.0667991638183594 0.0607833862304687
0.0420303344726563 -0.0336074829101562 0.391357421875 -0.77069091796875
-0.00711441040039062 -0.0321331024169922 -0.42022705078125 -0.965576171875
-0.0436019897460938 0.00425720214843751 -0.8802490234375 -0.0480346679687501
-0.0115947723388672 0.0185985565185547 -0.37420654296875 0.56256103515625
0.0150775909423828 0.0172309875488281 0.116790771484375 0.48614501953125
0.00566244125366211 0.00408840179443359 0.32720947265625 0.11505126953125
0.0282707214355469 -0.0327796936035156 0.267257690429688 -0.154464721679688
0.0283317565917969 -0.025390625 -0.299560546875 0.113067626953125
0.0062565803527832 -0.000639438629150391 -0.3240966796875 -0.18206787109375
0.0169582366943359 0.0182590484619141 -0.106689453125 -0.511260986328125
-0.00866127014160157 0.0251502990722656 0.404296875 -0.5718994140625
-0.0532264709472656 0.00819396972656249 0.78118896484375 0.08013916015625
-0.0388755798339844 -0.0403633117675781 0.42755126953125 0.83892822265625
0.03973388671875 -0.0191192626953125 -0.23992919921875 0.7305908203125
0.073333740234375 0.00798797607421875 0.0626373291015625 0.0580940246582031
0.0399856567382813 -0.0342559814453125 0.37493896484375 -0.7708740234375
-0.0116920471191406 -0.0368461608886719 -0.4381103515625 -0.95159912109375
-0.0489616394042969 0.00270080566406251 -0.876220703125 -0.028076171875
-0.0151195526123047 0.0188827514648438 -0.35626220703125 0.56988525390625
0.0149822235107422 0.0194873809814453 0.1312255859375 0.484466552734375
0.00618457794189453 0.00813579559326172 0.337432861328125 0.113372802734375
0.0297813415527344 -0.0336074829101563 0.2734375 -0.15234375
0.0264968872070313 -0.0243854522705078 -0.29034423828125 0.11492919921875
0.00787448883056641 2.6702880859375E-05 -0.31451416015625 -0.18389892578125
0.0191993713378906 0.0182838439941406 -0.0894775390625 -0.509918212890625
-0.00976943969726563 0.0238094329833984 0.418670654296875 -0.5604248046875
-0.0546073913574219 0.00453948974609375 0.7811279296875 0.10174560546875
-0.0396652221679688 -0.0443572998046875 0.40911865234375 0.85369873046875
0.0375480651855469 -0.0186347961425781 -0.254638671875 0.73095703125
0.0708694458007812 0.00815582275390625 0.0577278137207031 0.0547332763671875
0.0363273620605469 -0.035491943359375 0.35955810546875 -0.77398681640625
-0.0147514343261719 -0.0380516052246094 -0.4547119140625 -0.93902587890625
-0.050537109375 -0.000404357910156243 -0.87158203125 -0.0079345703125001
-0.0141782760620117 0.0172481536865234 -0.34088134765625 0.5767822265625
0.0159740447998047 0.0185050964355469 0.143890380859375 0.487274169921875
0.00703525543212891 0.00702762603759766 0.345458984375 0.108917236328125
0.0296897888183594 -0.0330429077148437 0.28076171875 -0.151901245117187
0.0266132354736328 -0.0262985229492187 -0.285003662109375 0.110443115234375
0.00852537155151367 -0.000669479370117188 -0.305755615234375 -0.18914794921875
0.0208549499511719 0.0135097503662109 -0.0769042968750001 -0.5120849609375
-0.00394821166992188 0.018585205078125 0.4344482421875 -0.5491943359375
-0.0513648986816406 0.00418472290039064 0.7894287109375 0.12188720703125
-0.0397262573242188 -0.0454444885253906 0.398193359375 0.86676025390625
0.0346183776855469 -0.0190544128417969 -0.26458740234375 0.72650146484375
0.0681495666503906 0.00468826293945313 0.056243896484375 0.0513648986816406
0.0330123901367188 -0.0373001098632813 0.34271240234375 -0.77392578125
-0.0153999328613281 -0.0383071899414062 -0.47607421875 -0.92230224609375
-0.0450057983398438 0.000675201416015623 -0.86883544921875 0.0116577148437498
-0.00930213928222656 0.0144357681274414 -0.32562255859375 0.58746337890625
0.020111083984375 0.0159511566162109 0.157318115234375 0.490875244140625
0.00800752639770508 0.00754547119140625 0.35272216796875 0.110076904296875
0.0285491943359375 -0.0347366333007813 0.28643798828125 -0.14837646484375
0.0248565673828125 -0.0240993499755859 -0.281982421875 0.111083984375
0.00820207595825195 -0.00503396987915039 -0.298492431640625 -0.190521240234375
0.0239925384521484 0.00797843933105469 -0.0689697265625 -0.510345458984375
0.00305843353271484 0.0147581100463867 0.44525146484375 -0.538970947265625
-0.0453262329101563 0.00392532348632812 0.790771484375 0.13580322265625
-0.0387039184570313 -0.0437164306640625 0.39007568359375 0.876708984375
0.0305347442626953 -0.0197086334228516 -0.2720947265625 0.73016357421875
0.0640678405761719 0.00149154663085938 0.0554924011230469 0.0486640930175781
0.0275611877441406 -0.0391845703125 0.33209228515625 -0.77587890625
-0.015472412109375 -0.0365791320800781 -0.48687744140625 -0.9111328125
-0.037506103515625 0.000148773193359372 -0.8660888671875 0.0274047851562501
-0.00242185592651367 0.00796365737915039 -0.31170654296875 0.59222412109375
0.0237407684326172 0.00954246520996094 0.166015625 0.49139404296875
0.00722646713256836 0.00402402877807617 0.356536865234375 0.10955810546875
0.0263919830322266 -0.0338554382324219 0.2913818359375 -0.145660400390625
0.0223369598388672 -0.0237579345703125 -0.280227661132813 0.109283447265625
0.00723838806152344 -0.0102386474609375 -0.297027587890625 -0.19195556640625
0.0291614532470703 -0.00183677673339844 -0.0636596679687501 -0.508148193359375
0.0123491287231445 0.0103788375854492 0.453765869140625 -0.534576416015625
-0.0362548828125 0.00500106811523437 0.7939453125 0.14544677734375
-0.0364418029785156 -0.03936767578125 0.39202880859375 0.8843994140625
0.0253925323486328 -0.0215358734130859 -0.2742919921875 0.7276611328125
0.0624542236328125 -0.00246810913085937 0.0554237365722656 0.0469207763671875
0.022308349609375 -0.0405616760253906 0.3272705078125 -0.77557373046875
-0.0129413604736328 -0.0311393737792969 -0.49310302734375 -0.9036865234375
-0.0275669097900391 0.00255203247070312 -0.8626708984375 0.0360107421875
0.00714588165283203 0.000601291656494141 -0.30853271484375 0.59912109375
0.0265998840332031 0.00263023376464844 0.16900634765625 0.49725341796875
0.00577449798583984 -0.000969886779785156 0.356842041015625 0.111785888671875
0.0243320465087891 -0.0327053070068359 0.29351806640625 -0.143707275390625
0.0195407867431641 -0.0220870971679688 -0.2816162109375 0.108734130859375
0.00599479675292969 -0.0183582305908203 -0.2999267578125 -0.191925048828125
0.0313358306884766 -0.0102558135986328 -0.06756591796875 -0.50445556640625
0.0234527587890625 0.00623321533203125 0.45233154296875 -0.53131103515625
-0.0250301361083984 0.00897026062011718 0.7962646484375 0.14678955078125
-0.0352592468261719 -0.0345191955566406 0.3961181640625 0.8802490234375
0.0221538543701172 -0.0209026336669922 -0.2708740234375 0.7296142578125
0.0586967468261719 -0.0076446533203125 0.058502197265625 0.04742431640625
0.0189666748046875 -0.0404930114746094 0.32843017578125 -0.77691650390625
-0.0108528137207031 -0.0268573760986328 -0.4891357421875 -0.90478515625
-0.0154762268066406 0.00391292572021484 -0.85888671875 0.0369873046874999
0.0153589248657227 -0.00506973266601563 -0.3065185546875 0.60040283203125
0.0302867889404297 -0.00621604919433594 0.167816162109375 0.500457763671875
0.00396394729614258 -0.0086207389831543 0.355133056640625 0.1124267578125
0.0208053588867187 -0.0317935943603516 0.292327880859375 -0.143646240234375
0.0156669616699219 -0.0198230743408203 -0.285369873046875 0.108306884765625
0.00572395324707031 -0.0246200561523438 -0.30615234375 -0.189788818359375
0.0347537994384766 -0.0182743072509766 -0.074798583984375 -0.503570556640625
0.0341339111328125 0.00253486633300781 0.44537353515625 -0.537200927734375
-0.013916015625 0.0122642517089844 0.79736328125 0.13775634765625
-0.0327739715576172 -0.0281467437744141 0.404541015625 0.874755859375
0.0185737609863281 -0.0213127136230469 -0.26123046875 0.73126220703125
0.056365966796875 -0.0116043090820313 0.0607452392578125 0.0491752624511719
0.01641845703125 -0.0402603149414063 0.33636474609375 -0.77362060546875
-0.00680160522460938 -0.019989013671875 -0.47906494140625 -0.9090576171875
-0.00383853912353516 0.00728416442871094 -0.8597412109375 0.0298461914062499
0.0233516693115234 -0.0109138488769531 -0.31658935546875 0.598876953125
0.0332984924316406 -0.0124359130859375 0.160888671875 0.501556396484375
0.00314521789550781 -0.0146312713623047 0.3489990234375 0.114501953125
0.0168018341064453 -0.0300579071044922 0.28924560546875 -0.144805908203125
0.0272388458251953 -0.0260448455810547 -0.31011962890625 0.1171875
0.00565385818481445 -0.00433492660522461 -0.3428955078125 -0.177215576171875
0.0171985626220703 0.0155858993530273 -0.12646484375 -0.514495849609375
-0.00326728820800781 0.0247077941894531 0.3846435546875 -0.5908203125
-0.0481071472167969 0.0128707885742187 0.7828369140625 0.05517578125
-0.0359115600585937 -0.03607177734375 0.45526123046875 0.82989501953125
0.0401077270507813 -0.0194473266601563 -0.219970703125 0.73968505859375
0.0744781494140625 0.00704193115234375 0.06805419921875 0.0597343444824219
0.041412353515625 -0.0332221984863281 0.3876953125 -0.7791748046875
-0.00802421569824219 -0.0326881408691406 -0.431884765625 -0.96929931640625
-0.043365478515625 0.00594329833984375 -0.8875732421875 -0.0399169921874998
-0.0121164321899414 0.0174798965454102 -0.3731689453125 0.57232666015625
0.0165843963623047 0.0170965194702148 0.12322998046875 0.489227294921875
0.00628042221069336 0.00372695922851562 0.330718994140625 0.11297607421875
0.0277805328369141 -0.0350074768066406 0.269058227539063 -0.160614013671875
0.0278663635253906 -0.0267105102539063 -0.301361083984375 0.11663818359375
0.00638198852539062 -0.00113344192504883 -0.330169677734375 -0.18048095703125
0.0176029205322266 0.0182666778564453 -0.112945556640625 -0.512908935546875
-0.0081329345703125 0.0253829956054688 0.40045166015625 -0.57904052734375
-0.0537910461425781 0.00826263427734376 0.78619384765625 0.07440185546875
-0.0378189086914063 -0.0407829284667969 0.4390869140625 0.84356689453125
0.0401458740234375 -0.0196304321289063 -0.2359619140625 0.7388916015625
0.0745620727539063 0.00688934326171875 0.0647926330566406 0.05767822265625
0.0394401550292969 -0.0346717834472656 0.37213134765625 -0.77996826171875
-0.01202392578125 -0.0366859436035156 -0.450439453125 -0.95452880859375
-0.0497665405273438 0.00394821166992188 -0.88470458984375 -0.0208129882812501
-0.0155754089355469 0.0191593170166016 -0.3548583984375 0.578857421875
0.0153617858886719 0.0190105438232422 0.13543701171875 0.4893798828125
0.00669384002685547 0.0065155029296875 0.340728759765625 0.110198974609375
0.0279960632324219 -0.03619384765625 0.276168823242188 -0.158447265625
0.0270366668701172 -0.0259056091308594 -0.292633056640625 0.117462158203125
0.00761890411376953 -0.00147438049316406 -0.319976806640625 -0.182342529296875
0.0177803039550781 0.0181026458740234 -0.097381591796875 -0.5147705078125
-0.00876426696777344 0.0228996276855469 0.41680908203125 -0.56964111328125
-0.0566062927246094 0.00499725341796874 0.78936767578125 0.09686279296875
-0.0401268005371094 -0.0452423095703125 0.41888427734375 0.85845947265625
0.0380096435546875 -0.0192947387695313 -0.2520751953125 0.7398681640625
0.0718917846679688 0.00769805908203125 0.059173583984375 0.0537605285644531
0.0373191833496094 -0.0356407165527344 0.35662841796875 -0.7841796875
-0.0150985717773437 -0.0380630493164063 -0.46588134765625 -0.94305419921875
-0.0500297546386719 0.00034332275390626 -0.8785400390625 -0.000915527343750058
-0.0137748718261719 0.0185165405273438 -0.3392333984375 0.58685302734375
0.0164203643798828 0.0172576904296875 0.14935302734375 0.489959716796875
0.00731611251831055 0.00743865966796875 0.3504638671875 0.1063232421875
0.0281562805175781 -0.0348834991455078 0.2821044921875 -0.15625
0.0263690948486328 -0.0269622802734375 -0.288543701171875 0.11529541015625
0.00768136978149414 -0.00110673904418945 -0.310699462890625 -0.187164306640625
0.0212154388427734 0.0139560699462891 -0.08380126953125 -0.515594482421875
-0.00518798828125 0.0198497772216797 0.432098388671875 -0.5579833984375
-0.0528831481933594 0.00460052490234374 0.7962646484375 0.1146240234375
-0.0395469665527344 -0.0455970764160156 0.4097900390625 0.87152099609375
0.0342540740966797 -0.0205478668212891 -0.2628173828125 0.73577880859375
0.0684089660644531 0.0042877197265625 0.0570755004882813 0.0499687194824219
0.0316390991210938 -0.0379562377929688 0.3388671875 -0.78460693359375
-0.0179328918457031 -0.0384750366210937 -0.488525390625 -0.92486572265625
-0.0465736389160156 0.00164794921875001 -0.87811279296875 0.0186157226562501
-0.00920581817626953 0.0139827728271484 -0.32421875 0.5950927734375
0.0194797515869141 0.0148448944091797 0.16363525390625 0.49383544921875
0.00655603408813477 0.00675582885742188 0.35711669921875 0.107025146484375
0.0275955200195312 -0.0364456176757813 0.28973388671875 -0.15277099609375
0.0234260559082031 -0.0251922607421875 -0.28509521484375 0.115692138671875
0.00718069076538086 -0.00503349304199219 -0.3046875 -0.187774658203125
0.0245094299316406 0.00773811340332031 -0.073638916015625 -0.512298583984375
0.00201511383056641 0.0153417587280273 0.444488525390625 -0.5484619140625
-0.0453872680664063 0.00534820556640624 0.79815673828125 0.13043212890625
-0.040313720703125 -0.043853759765625 0.39996337890625 0.88134765625
0.0297985076904297 -0.0209102630615234 -0.269775390625 0.7364501953125
0.0635795593261719 0.00162887573242187 0.0571670532226563 0.0474967956542969
0.0272293090820312 -0.0403289794921875 0.3292236328125 -0.78424072265625
-0.0156059265136719 -0.0363960266113281 -0.4989013671875 -0.9129638671875
-0.0383071899414063 0.00123977661132812 -0.87200927734375 0.03546142578125
-0.00124216079711914 0.00862646102905273 -0.31158447265625 0.60174560546875
0.0226688385009766 0.00954055786132813 0.17120361328125 0.493621826171875
0.00717544555664063 0.00325632095336914 0.361846923828125 0.107330322265625
0.0253734588623047 -0.0347766876220703 0.2943115234375 -0.15093994140625
0.0219440460205078 -0.0232295989990234 -0.282501220703125 0.113037109375
0.00743675231933594 -0.0105915069580078 -0.302581787109375 -0.190643310546875
0.0283164978027344 -0.00118255615234375 -0.0704345703125 -0.51055908203125
0.0119361877441406 0.0100994110107422 0.45257568359375 -0.54150390625
-0.0360679626464844 0.00639343261718751 0.802978515625 0.1396484375
-0.0359535217285156 -0.0401382446289063 0.40203857421875 0.88775634765625
0.0261020660400391 -0.0214767456054687 -0.2703857421875 0.7344970703125
0.061431884765625 -0.00351333618164063 0.0572319030761719 0.0462989807128906
0.0216293334960938 -0.041290283203125 0.323486328125 -0.78466796875
-0.0149345397949219 -0.0315914154052734 -0.50469970703125 -0.9075927734375
-0.0268096923828125 0.00282669067382812 -0.8701171875 0.0425415039062501
0.00589084625244141 0.00105524063110352 -0.3052978515625 0.6063232421875
0.0277690887451172 0.000959396362304688 0.175689697265625 0.49920654296875
0.00555515289306641 -0.00288057327270508 0.361328125 0.10784912109375
0.022552490234375 -0.0341320037841797 0.29705810546875 -0.149566650390625
0.0180835723876953 -0.0221881866455078 -0.28424072265625 0.112579345703125
0.0052337646484375 -0.0190143585205078 -0.3062744140625 -0.189910888671875
0.0320167541503906 -0.00968360900878906 -0.073883056640625 -0.50830078125
0.0237789154052734 0.00559806823730469 0.4503173828125 -0.540008544921875
-0.0257186889648438 0.00992012023925781 0.8035888671875 0.1417236328125
-0.036224365234375 -0.03424072265625 0.4041748046875 0.8863525390625
0.0220050811767578 -0.0215129852294922 -0.2672119140625 0.73565673828125
0.0576095581054688 -0.00782394409179688 0.0596237182617188 0.0449943542480469
0.0185928344726563 -0.0399627685546875 0.3251953125 -0.7833251953125
-0.0113010406494141 -0.0265083312988281 -0.50390625 -0.9058837890625
-0.0159416198730469 0.00429153442382812 -0.8675537109375 0.0454101562500001
0.0141239166259766 -0.00598907470703125 -0.30560302734375 0.60760498046875
0.0310497283935547 -0.00690460205078125 0.17376708984375 0.5015869140625
0.00519466400146484 -0.00837612152099609 0.358184814453125 0.110076904296875
0.01885986328125 -0.0330524444580078 0.2955322265625 -0.148651123046875
0.0148372650146484 -0.0212173461914063 -0.287139892578125 0.112091064453125
0.00481796264648437 -0.0239658355712891 -0.312896728515625 -0.187713623046875
0.0348606109619141 -0.0188446044921875 -0.0819702148437501 -0.5074462890625
0.0347766876220703 0.00147438049316406 0.443389892578125 -0.54510498046875
-0.0150489807128906 0.0135478973388672 0.80426025390625 0.13116455078125
-0.0320014953613281 -0.0284404754638672 0.41650390625 0.87969970703125
0.0186672210693359 -0.0229320526123047 -0.25885009765625 0.73773193359375
0.0561065673828125 -0.0116767883300781 0.0628280639648438 0.0473747253417969
0.0154685974121094 -0.0407600402832031 0.33447265625 -0.783203125
-0.00779914855957031 -0.0188407897949219 -0.49114990234375 -0.91412353515625
-0.00531721115112305 0.00633907318115234 -0.867431640625 0.0386962890624999
0.0238075256347656 -0.0129833221435547 -0.31317138671875 0.60675048828125
0.0330944061279297 -0.0138645172119141 0.16650390625 0.50384521484375
0.00360774993896484 -0.0160007476806641 0.353179931640625 0.11175537109375
0.014801025390625 -0.0318412780761719 0.2921142578125 -0.150482177734375
0.0260467529296875 -0.0268173217773438 -0.31317138671875 0.123138427734375
0.00587749481201172 -0.00336027145385742 -0.348236083984375 -0.17498779296875
0.0182476043701172 0.0150604248046875 -0.134063720703125 -0.51556396484375
-0.00351715087890625 0.0253143310546875 0.38018798828125 -0.599853515625
-0.0476493835449219 0.0137290954589844 0.7904052734375 0.04827880859375
-0.0348854064941406 -0.037017822265625 0.4644775390625 0.83319091796875
0.0405807495117188 -0.0205955505371094 -0.216552734375 0.74755859375
0.0749435424804687 0.00557708740234375 0.0690574645996094 0.0605354309082031
0.0406532287597656 -0.0338668823242188 0.38592529296875 -0.790771484375
-0.00918960571289062 -0.0325679779052734 -0.44427490234375 -0.9744873046875
-0.0431632995605469 0.0064849853515625 -0.89532470703125 -0.0314941406250001
-0.0129547119140625 0.0185222625732422 -0.3695068359375 0.57891845703125
0.0155439376831055 0.0162439346313477 0.129150390625 0.49224853515625
0.00645542144775391 0.00332880020141602 0.335205078125 0.109466552734375
0.0258026123046875 -0.0366325378417969 0.271194458007813 -0.165313720703125
0.0273418426513672 -0.0262165069580078 -0.303924560546875 0.12359619140625
0.00768947601318359 -0.000619411468505859 -0.336456298828125 -0.176483154296875
0.0185089111328125 0.0190067291259766 -0.12030029296875 -0.51605224609375
-0.00885200500488281 0.024810791015625 0.39599609375 -0.5894775390625
-0.0534858703613281 0.0105438232421875 0.79388427734375 0.06781005859375
-0.0381851196289063 -0.0420112609863281 0.4486083984375 0.84613037109375
0.0406761169433594 -0.0199623107910156 -0.23046875 0.7449951171875
0.0751953125 0.0081634521484375 0.0655517578125 0.055267333984375
0.0392341613769531 -0.035919189453125 0.3695068359375 -0.79156494140625
-0.0134811401367188 -0.0365753173828125 -0.4654541015625 -0.95989990234375
-0.04986572265625 0.00416564941406251 -0.89251708984375 -0.0103149414062498
-0.0161914825439453 0.0184879302978516 -0.352783203125 0.588623046875
0.0163192749023438 0.0180854797363281 0.143646240234375 0.4921875
0.00634765625 0.00628376007080078 0.34539794921875 0.10595703125
0.02783203125 -0.03662109375 0.276824951171875 -0.163543701171875
0.0267772674560547 -0.0257968902587891 -0.29510498046875 0.123046875
0.00784206390380859 -0.000247001647949219 -0.325592041015625 -0.180877685546875
0.0193462371826172 0.0172710418701172 -0.103759765625 -0.516845703125
-0.00939559936523438 0.0233612060546875 0.412109375 -0.5772705078125
-0.0569648742675781 0.00563812255859375 0.7958984375 0.09063720703125
-0.0401649475097656 -0.0431060791015625 0.4322509765625 0.86279296875
0.036895751953125 -0.0194969177246094 -0.2459716796875 0.74530029296875
0.0716018676757813 0.0070037841796875 0.0602073669433594 0.0521736145019531
0.0353202819824219 -0.0370826721191406 0.35284423828125 -0.79144287109375
-0.0161056518554688 -0.0384750366210938 -0.47845458984375 -0.9453125
-0.0497550964355469 0.00221633911132813 -0.88629150390625 0.00781249999999994
-0.0144758224487305 0.0175657272338867 -0.3363037109375 0.5950927734375
0.0171127319335938 0.0180778503417969 0.1572265625 0.493377685546875
0.00635766983032227 0.00793361663818359 0.353790283203125 0.103179931640625
0.0279998779296875 -0.0348548889160156 0.28411865234375 -0.160675048828125
0.0261440277099609 -0.0254497528076172 -0.291351318359375 0.12066650390625
0.00730609893798828 -0.00042724609375 -0.316650390625 -0.183929443359375
0.02197265625 0.0146198272705078 -0.09173583984375 -0.516815185546875
-0.00403594970703125 0.0198516845703125 0.42987060546875 -0.564453125
-0.0541114807128906 0.00486373901367188 0.8028564453125 0.109375
-0.0406646728515625 -0.0460395812988281 0.4227294921875 0.873046875
0.0343704223632813 -0.0216636657714844 -0.2601318359375 0.74371337890625
0.0684928894042969 0.00345993041992188 0.0586357116699219 0.0488510131835938
0.0314445495605469 -0.0377998352050781 0.3353271484375 -0.7943115234375
-0.0157699584960938 -0.0380783081054688 -0.4991455078125 -0.92877197265625
-0.0464935302734375 0.00059509277343751 -0.88323974609375 0.0279541015625001
-0.0096435546875 0.0137643814086914 -0.319580078125 0.6048583984375
0.0208663940429688 0.0145397186279297 0.170654296875 0.494720458984375
0.00808334350585938 0.00626087188720703 0.36083984375 0.103546142578125
0.0265769958496094 -0.037445068359375 0.290863037109375 -0.158721923828125
0.0246353149414062 -0.0250358581542969 -0.286376953125 0.120391845703125
0.00789546966552734 -0.00381994247436523 -0.310455322265625 -0.185882568359375
0.0253467559814453 0.00766754150390625 -0.080169677734375 -0.5152587890625
0.00333976745605469 0.0164203643798828 0.441375732421875 -0.5577392578125
-0.0468063354492188 0.00483322143554687 0.8048095703125 0.12493896484375
-0.0400962829589844 -0.0435028076171875 0.4139404296875 0.885498046875
0.0300045013427734 -0.0208892822265625 -0.26556396484375 0.7432861328125
0.0654449462890625 -0.000946044921875 0.0578346252441406 0.0461883544921875
0.0256729125976563 -0.0398216247558594 0.32379150390625 -0.7935791015625
-0.0172271728515625 -0.0357589721679688 -0.512939453125 -0.91595458984375
-0.0384101867675781 0.00282669067382813 -0.8785400390625 0.0444335937499999
-0.00255727767944336 0.00685930252075195 -0.30743408203125 0.61041259765625
0.0236492156982422 0.00938987731933594 0.17681884765625 0.49676513671875
0.00741243362426758 0.00247287750244141 0.3658447265625 0.10302734375
0.0241127014160156 -0.035552978515625 0.2952880859375 -0.15606689453125
0.0221443176269531 -0.0249805450439453 -0.2864990234375 0.117767333984375
0.00661563873291016 -0.00973701477050781 -0.308624267578125 -0.1883544921875
0.0295925140380859 -0.00101852416992188 -0.0762939453125 -0.514862060546875
0.0138273239135742 0.00920581817626953 0.44818115234375 -0.549560546875
-0.0376930236816406 0.00761413574218751 0.80963134765625 0.1336669921875
-0.0367393493652344 -0.0411720275878906 0.4127197265625 0.89007568359375
0.0263824462890625 -0.0214519500732422 -0.2686767578125 0.74285888671875
0.0611381530761719 -0.004241943359375 0.0587005615234375 0.0448760986328125
0.0217247009277344 -0.0415802001953125 0.31689453125 -0.7935791015625
-0.0159778594970703 -0.0328750610351563 -0.51678466796875 -0.90948486328125
-0.0270938873291016 0.00371742248535156 -0.87628173828125 0.0537109375000002
0.00601673126220703 0.000226497650146484 -0.30255126953125 0.615478515625
0.0276966094970703 0.000322341918945313 0.182647705078125 0.502471923828125
0.00693082809448242 -0.00182533264160156 0.366729736328125 0.105194091796875
0.0211563110351562 -0.0347976684570313 0.2967529296875 -0.154022216796875
0.0182704925537109 -0.022064208984375 -0.28643798828125 0.117950439453125
0.00473785400390625 -0.0170316696166992 -0.310089111328125 -0.18804931640625
0.0331840515136719 -0.0106830596923828 -0.0805053710937499 -0.509246826171875
0.0230083465576172 0.00510597229003906 0.44671630859375 -0.55084228515625
-0.0261993408203125 0.0105819702148438 0.8118896484375 0.1343994140625
-0.0359573364257813 -0.0346832275390625 0.41485595703125 0.88873291015625
0.0216407775878906 -0.0215892791748047 -0.263916015625 0.7431640625
0.0577468872070313 -0.00867080688476563 0.0609703063964844 0.044403076171875
0.0172920227050781 -0.0415420532226563 0.32012939453125 -0.7928466796875
-0.0120258331298828 -0.0262928009033203 -0.516357421875 -0.90850830078125
-0.0146188735961914 0.00432300567626953 -0.8743896484375 0.0554809570312498
0.0152158737182617 -0.00810909271240234 -0.3028564453125 0.61688232421875
0.0327548980712891 -0.00745201110839844 0.1826171875 0.504119873046875
0.0045781135559082 -0.00818586349487305 0.363189697265625 0.1065673828125
0.0174541473388672 -0.0335254669189453 0.298187255859375 -0.1546630859375
0.0131702423095703 -0.0208587646484375 -0.2900390625 0.117584228515625
0.00467872619628906 -0.0242671966552734 -0.318450927734375 -0.187164306640625
0.0346584320068359 -0.0183296203613281 -0.0897216796875 -0.5091552734375
0.0331325531005859 0.000581741333007812 0.44000244140625 -0.55316162109375
-0.0150156021118164 0.0134296417236328 0.81219482421875 0.12506103515625
-0.0328254699707031 -0.0281543731689453 0.4271240234375 0.88134765625
0.0188331604003906 -0.0218563079833984 -0.25567626953125 0.7427978515625
0.0571784973144531 -0.0129890441894531 0.0642738342285156 0.04638671875
0.0149040222167969 -0.0401573181152344 0.32763671875 -0.79071044921875
-0.00813674926757813 -0.0198554992675781 -0.5040283203125 -0.91497802734375
-0.00372600555419922 0.00726318359375 -0.8753662109375 0.0487060546875001
0.0237255096435547 -0.0141029357910156 -0.309326171875 0.61474609375
0.0333175659179688 -0.0143337249755859 0.172454833984375 0.507415771484375
0.00327682495117188 -0.015904426574707 0.3565673828125 0.108245849609375
0.0153656005859375 -0.032806396484375 0.294830322265625 -0.15380859375
0.0260467529296875 -0.0272197723388672 -0.313232421875 0.12969970703125
0.00497055053710938 -0.00246095657348633 -0.354095458984375 -0.1695556640625
0.0186882019042969 0.0138912200927734 -0.142852783203125 -0.51708984375
-0.00465011596679687 0.0262260437011719 0.37322998046875 -0.60906982421875
-0.0497665405273438 0.0138397216796875 0.79608154296875 0.03973388671875
-0.0370521545410156 -0.0369453430175781 0.47967529296875 0.83294677734375
0.0404815673828125 -0.0211601257324219 -0.208984375 0.75408935546875
0.0747833251953125 0.005035400390625 0.0699653625488281 0.0576324462890625
0.0411911010742188 -0.0349159240722656 0.37762451171875 -0.7996826171875
-0.00821304321289063 -0.0328121185302734 -0.45941162109375 -0.97479248046875
-0.0450325012207031 0.00803756713867186 -0.90264892578125 -0.0195312499999998
-0.01300048828125 0.0185050964355469 -0.3642578125 0.589599609375
0.0160865783691406 0.0154056549072266 0.137481689453125 0.495635986328125
0.00498867034912109 0.00421667098999023 0.33819580078125 0.105194091796875
0.0252723693847656 -0.0368919372558594 0.270706176757813 -0.171524047851563
0.0267429351806641 -0.0272884368896484 -0.304901123046875 0.129180908203125
0.00700998306274414 -0.000249862670898438 -0.34320068359375 -0.1724853515625
0.0200958251953125 0.0198917388916016 -0.129486083984375 -0.51934814453125
-0.00772666931152344 0.0259265899658203 0.388916015625 -0.598388671875
-0.0559577941894531 0.0107498168945313 0.800537109375 0.060302734375
-0.0397567749023438 -0.0415267944335938 0.4620361328125 0.8477783203125
0.0407142639160156 -0.0214500427246094 -0.2257080078125 0.75518798828125
0.0740890502929688 0.00525665283203125 0.0655174255371094 0.0545501708984375
0.0390968322753906 -0.0352439880371094 0.35992431640625 -0.80145263671875
-0.0136070251464844 -0.0370292663574219 -0.47802734375 -0.96063232421875
-0.0511207580566406 0.00432205200195312 -0.89752197265625 0.000610351562500093
-0.0160865783691406 0.0193462371826172 -0.3486328125 0.5965576171875
0.0158424377441406 0.0183963775634766 0.151519775390625 0.49224853515625
0.00670289993286133 0.00558614730834961 0.348724365234375 0.1025390625
0.0264244079589844 -0.0382194519042969 0.278549194335938 -0.170166015625
0.0264301300048828 -0.0262851715087891 -0.29656982421875 0.129669189453125
0.0092315673828125 0.000193595886230469 -0.330352783203125 -0.17596435546875
0.0188159942626953 0.0177536010742188 -0.113128662109375 -0.51788330078125
-0.00863456726074219 0.0247783660888672 0.40704345703125 -0.58929443359375
-0.0574302673339844 0.00749588012695312 0.802490234375 0.08135986328125
-0.0408058166503906 -0.0439186096191406 0.44488525390625 0.86236572265625
0.0392608642578125 -0.0207366943359375 -0.24072265625 0.754150390625
0.071685791015625 0.00713348388671875 0.0613975524902344 0.0529441833496094
0.0348968505859375 -0.0370254516601563 0.34466552734375 -0.80377197265625
-0.0160369873046875 -0.0379409790039063 -0.49462890625 -0.94598388671875
-0.0523529052734375 0.00278091430664063 -0.89312744140625 0.0198974609374999
-0.0157279968261719 0.0189895629882813 -0.33038330078125 0.6055908203125
0.0184478759765625 0.0168991088867188 0.165008544921875 0.493133544921875
0.00729131698608398 0.00598955154418945 0.35675048828125 0.09796142578125
0.0258598327636719 -0.038055419921875 0.283111572265625 -0.16778564453125
0.0245609283447266 -0.02618408203125 -0.293853759765625 0.127349853515625
0.00887012481689453 7.62939453125E-05 -0.32244873046875 -0.180389404296875
0.0226554870605469 0.0139179229736328 -0.0999755859374999 -0.5196533203125
-0.00536155700683594 0.0207538604736328 0.4215087890625 -0.57757568359375
-0.0543899536132812 0.00763702392578125 0.81103515625 0.1002197265625
-0.0414276123046875 -0.0458717346191406 0.4349365234375 0.87506103515625
0.0343704223632813 -0.0210456848144531 -0.2515869140625 0.752197265625
0.068878173828125 0.0038604736328125 0.0590934753417969 0.0467071533203125
0.030059814453125 -0.0411834716796875 0.32659912109375 -0.80316162109375
-0.0171928405761719 -0.0380630493164063 -0.517578125 -0.9268798828125
-0.0472030639648438 0.00275802612304688 -0.8892822265625 0.04150390625
-0.0115270614624023 0.0138206481933594 -0.31219482421875 0.6136474609375
0.0219097137451172 0.0132102966308594 0.1788330078125 0.497467041015625
0.0082097053527832 0.00726175308227539 0.36468505859375 0.099609375
0.0251579284667969 -0.0386886596679688 0.291717529296875 -0.164764404296875
0.0238933563232422 -0.0263290405273438 -0.288848876953125 0.127685546875
0.00690650939941406 -0.00493955612182617 -0.31689453125 -0.182098388671875
0.0257282257080078 0.00704574584960938 -0.090667724609375 -0.51708984375
0.00201225280761719 0.0159072875976562 0.4351806640625 -0.56658935546875
-0.0475997924804688 0.00563430786132813 0.81256103515625 0.115966796875
-0.0407829284667969 -0.0449943542480469 0.42578125 0.88653564453125
0.0295639038085937 -0.0208549499511719 -0.2593994140625 0.7496337890625
0.0651931762695313 -0.00201034545898438 0.0584678649902344 0.0438194274902344
0.0255279541015625 -0.0398826599121094 0.31671142578125 -0.8023681640625
-0.0177669525146484 -0.0349330902099609 -0.526123046875 -0.9171142578125
-0.0390853881835938 0.00255584716796874 -0.88409423828125 0.0579833984374999
-0.0016937255859375 0.0068206787109375 -0.30078125 0.61962890625
0.0242729187011719 0.00713157653808594 0.185760498046875 0.498077392578125
0.0084238052368164 0.00264072418212891 0.370635986328125 0.099212646484375
0.023590087890625 -0.0370025634765625 0.296661376953125 -0.163299560546875
0.0208606719970703 -0.0240650177001953 -0.287261962890625 0.123809814453125
0.00765895843505859 -0.0110073089599609 -0.31378173828125 -0.18560791015625
0.0293769836425781 -0.000951766967773438 -0.087188720703125 -0.515960693359375
0.0130376815795898 0.00951290130615235 0.443817138671875 -0.560089111328125
-0.0373153686523437 0.00979614257812501 0.816162109375 0.126220703125
-0.0385322570800781 -0.0405654907226562 0.4256591796875 0.8927001953125
0.0252227783203125 -0.0223731994628906 -0.26123046875 0.7509765625
0.0618133544921875 -0.00355911254882813 0.0587615966796875 0.0427894592285156
0.0203285217285156 -0.0407791137695313 0.3115234375 -0.804443359375
-0.0158786773681641 -0.0303745269775391 -0.53363037109375 -0.90765380859375
-0.0298271179199219 0.00302314758300782 -0.88116455078125 0.0655517578125001
0.00517702102661133 -0.000696182250976563 -0.2938232421875 0.62457275390625
0.0276603698730469 0.000316619873046875 0.19122314453125 0.50177001953125
0.00693130493164062 -0.00335073471069336 0.369598388671875 0.10089111328125
0.020111083984375 -0.0368461608886719 0.29876708984375 -0.161102294921875
0.0176296234130859 -0.0216255187988281 -0.286895751953125 0.12518310546875
0.00427722930908203 -0.0174770355224609 -0.317230224609375 -0.183807373046875
0.0328922271728516 -0.0106410980224609 -0.0895996093750001 -0.512451171875
0.0235519409179688 0.00421714782714844 0.44122314453125 -0.55950927734375
-0.0265045166015625 0.0109786987304688 0.81768798828125 0.1246337890625
-0.0367088317871094 -0.0341262817382813 0.42822265625 0.89056396484375
0.0219039916992187 -0.0222225189208984 -0.25738525390625 0.7508544921875
0.0576705932617188 -0.00873565673828125 0.0604820251464844 0.0436210632324219
0.0169677734375 -0.0412139892578125 0.31298828125 -0.80267333984375
-0.0127849578857422 -0.0249500274658203 -0.5296630859375 -0.9090576171875
-0.0161685943603516 0.00520706176757813 -0.8785400390625 0.0673217773437501
0.0141611099243164 -0.00717639923095703 -0.29449462890625 0.6265869140625
0.0318031311035156 -0.00874137878417969 0.190216064453125 0.506988525390625
0.00466442108154297 -0.0112752914428711 0.3673095703125 0.1015625
0.0179100036621094 -0.0353469848632813 0.298187255859375 -0.16058349609375
0.0134525299072266 -0.0221748352050781 -0.292633056640625 0.123779296875
0.0040130615234375 -0.0231361389160156 -0.32464599609375 -0.1832275390625
0.0356178283691406 -0.0178298950195313 -0.097747802734375 -0.509979248046875
0.0341434478759766 0.00286102294921875 0.4326171875 -0.563232421875
-0.0149621963500977 0.0143356323242188 0.8192138671875 0.11590576171875
-0.0309257507324219 -0.0282669067382812 0.4420166015625 0.88494873046875
0.0180683135986328 -0.0233516693115234 -0.2479248046875 0.7513427734375
0.0567817687988281 -0.0134124755859375 0.0638771057128906 0.0455780029296875
0.013946533203125 -0.0411872863769531 0.32293701171875 -0.8018798828125
-0.00872993469238281 -0.0204563140869141 -0.5189208984375 -0.9141845703125
-0.00432157516479492 0.00779056549072266 -0.88134765625 0.0595703124999999
0.0243816375732422 -0.0136566162109375 -0.302490234375 0.62530517578125
0.0346889495849609 -0.0151805877685547 0.183197021484375 0.508392333984375
0.00344944000244141 -0.0161371231079102 0.362548828125 0.104034423828125
0.012298583984375 -0.0343914031982422 0.295745849609375 -0.161651611328125
0.0245780944824219 -0.0275154113769531 -0.314849853515625 0.1370849609375
0.00486898422241211 -0.00262308120727539 -0.3594970703125 -0.164215087890625
0.0192241668701172 0.0158061981201172 -0.153594970703125 -0.518280029296875
-0.0032958984375 0.0262355804443359 0.36346435546875 -0.617431640625
-0.0500717163085938 0.0160179138183594 0.80181884765625 0.02789306640625
-0.0350379943847656 -0.0372734069824219 0.4935302734375 0.83197021484375
0.0404930114746094 -0.0215721130371094 -0.20037841796875 0.76171875
0.0756072998046875 0.00357818603515625 0.0711746215820313 0.0574722290039063
0.0390281677246094 -0.0364189147949219 0.36724853515625 -0.81072998046875
-0.00929832458496094 -0.0322532653808594 -0.47540283203125 -0.97296142578125
-0.0449180603027344 0.00777435302734375 -0.90716552734375 -0.00604248046875001
-0.0132293701171875 0.0176677703857422 -0.35626220703125 0.59930419921875
0.0172901153564453 0.0153951644897461 0.145416259765625 0.49493408203125
0.00611782073974609 0.00244760513305664 0.343719482421875 0.100372314453125
0.0242195129394531 -0.03863525390625 0.270187377929688 -0.177337646484375
0.0261497497558594 -0.0282230377197266 -0.304901123046875 0.13677978515625
0.00703763961791992 0.000532150268554688 -0.347747802734375 -0.16748046875
0.0190029144287109 0.0186786651611328 -0.13848876953125 -0.519287109375
-0.00803184509277344 0.0267658233642578 0.38232421875 -0.608154296875
-0.0558319091796875 0.0123672485351562 0.8048095703125 0.04718017578125
-0.0396499633789062 -0.0421867370605469 0.47930908203125 0.8455810546875
0.0405921936035156 -0.0218772888183594 -0.21783447265625 0.76043701171875
0.0753326416015625 0.00510406494140625 0.0667686462402344 0.0531005859375
0.0378684997558594 -0.0376167297363281 0.35198974609375 -0.809326171875
-0.0139503479003906 -0.0365486145019531 -0.4945068359375 -0.95709228515625
-0.0494918823242188 0.00645446777343749 -0.90496826171875 0.0145874023437499
-0.0166244506835937 0.0191192626953125 -0.33984375 0.60577392578125
0.0163869857788086 0.0175447463989258 0.1597900390625 0.4927978515625
0.00706338882446289 0.00532388687133789 0.35296630859375 0.0972900390625
0.0244598388671875 -0.0394401550292969 0.27685546875 -0.175857543945312
0.0259418487548828 -0.027618408203125 -0.297454833984375 0.135162353515625
0.0080561637878418 0.00237035751342773 -0.337371826171875 -0.169219970703125
0.0202407836914063 0.0172805786132813 -0.123931884765625 -0.518524169921875
-0.00928497314453125 0.0246944427490234 0.3988037109375 -0.59552001953125
-0.0566024780273438 0.00889205932617186 0.80865478515625 0.06890869140625
-0.042083740234375 -0.0442657470703125 0.45867919921875 0.8636474609375
0.0381431579589844 -0.0215568542480469 -0.2340087890625 0.75933837890625
0.07208251953125 0.00458526611328125 0.0623321533203125 0.0493316650390625
0.0358428955078125 -0.0365753173828125 0.33587646484375 -0.813720703125
-0.0169296264648438 -0.0378379821777344 -0.51025390625 -0.94439697265625
-0.0513877868652344 0.00390624999999999 -0.89813232421875 0.0322265625000002
-0.0158290863037109 0.0166349411010742 -0.32379150390625 0.6134033203125
0.0180206298828125 0.0166168212890625 0.17303466796875 0.49420166015625
0.00769567489624023 0.00623321533203125 0.361907958984375 0.093994140625
0.0239982604980469 -0.0382080078125 0.28350830078125 -0.17529296875
0.0253543853759766 -0.0266628265380859 -0.293792724609375 0.133209228515625
0.0082855224609375 0.000512599945068359 -0.3282470703125 -0.17510986328125
0.0236434936523438 0.0146579742431641 -0.111541748046875 -0.519012451171875
-0.00610733032226562 0.0208702087402344 0.41632080078125 -0.58697509765625
-0.0556182861328125 0.00739669799804688 0.81512451171875 0.0888671875
-0.0419502258300781 -0.0465087890625 0.44970703125 0.8741455078125
0.0337085723876953 -0.0235996246337891 -0.2431640625 0.7591552734375
0.0694808959960938 0.00189971923828125 0.0605010986328125 0.0470924377441406
0.0286865234375 -0.0390586853027344 0.3173828125 -0.81298828125
-0.0186347961425781 -0.0374031066894531 -0.531982421875 -0.92279052734375
-0.0471229553222656 0.00314712524414062 -0.89434814453125 0.0548706054687499
-0.010711669921875 0.0127935409545898 -0.306640625 0.6220703125
0.0210933685302734 0.0128822326660156 0.186981201171875 0.49658203125
0.00770282745361328 0.00572395324707031 0.368133544921875 0.0924072265625
0.0236587524414063 -0.0379447937011719 0.2921142578125 -0.1707763671875
0.0225143432617188 -0.0269393920898437 -0.2891845703125 0.132537841796875
0.0079946517944336 -0.00400543212890625 -0.321990966796875 -0.17645263671875
0.0260467529296875 0.00674819946289062 -0.09942626953125 -0.51788330078125
0.00223636627197266 0.0157136917114258 0.4281005859375 -0.57843017578125
-0.04833984375 0.0080413818359375 0.81744384765625 0.10479736328125
-0.0412940979003906 -0.0442657470703125 0.440673828125 0.8856201171875
0.0299587249755859 -0.022216796875 -0.25006103515625 0.75897216796875
0.065277099609375 -0.000598907470703125 0.0586624145507813 0.0442161560058594
0.0242691040039063 -0.0405426025390625 0.3076171875 -0.81268310546875
-0.0186100006103516 -0.0348033905029297 -0.54248046875 -0.9124755859375
-0.0384788513183594 0.00284957885742188 -0.88818359375 0.0708007812499998
-0.00275945663452148 0.00645112991333008 -0.2935791015625 0.6279296875
0.0250225067138672 0.00778388977050781 0.1976318359375 0.49755859375
0.00807476043701172 0.00301170349121094 0.3743896484375 0.092681884765625
0.0212669372558594 -0.0385818481445313 0.29644775390625 -0.16943359375
0.0212078094482422 -0.0251407623291016 -0.288787841796875 0.130340576171875
0.00684070587158203 -0.00940895080566406 -0.32037353515625 -0.17987060546875
0.0301513671875 -0.00142669677734375 -0.095977783203125 -0.51800537109375
0.0120439529418945 0.010533332824707 0.4354248046875 -0.5706787109375
-0.0382843017578125 0.00969696044921875 0.8238525390625 0.11212158203125
-0.0392532348632813 -0.0408935546875 0.44146728515625 0.89105224609375
0.0253791809082031 -0.0222072601318359 -0.2532958984375 0.75909423828125
0.0622940063476563 -0.006439208984375 0.0592193603515625 0.0427894592285156
0.0201911926269531 -0.0424842834472656 0.30169677734375 -0.8114013671875
-0.0154933929443359 -0.0308418273925781 -0.548095703125 -0.90570068359375
-0.0285053253173828 0.00407409667968749 -0.88470458984375 0.0792846679687498
0.00522089004516602 0.000137805938720703 -0.28741455078125 0.6309814453125
0.0295810699462891 -0.0012359619140625 0.2017822265625 0.503173828125
0.0063481330871582 -0.00397157669067383 0.376190185546875 0.093536376953125
0.0188789367675781 -0.037841796875 0.298126220703125 -0.167388916015625
0.017974853515625 -0.0231800079345703 -0.2891845703125 0.130401611328125
0.00629711151123047 -0.0170526504516602 -0.323272705078125 -0.178131103515625
0.0330886840820313 -0.0113925933837891 -0.099395751953125 -0.513427734375
0.0232181549072266 0.00487136840820313 0.43438720703125 -0.5694580078125
-0.0266551971435547 0.0115203857421875 0.8238525390625 0.11566162109375
-0.0366401672363281 -0.0351409912109375 0.4442138671875 0.889892578125
0.0217552185058594 -0.023162841796875 -0.24945068359375 0.7586669921875
0.0588798522949219 -0.0101089477539063 0.0614471435546875 0.0410423278808594
0.0144767761230469 -0.0414161682128906 0.30267333984375 -0.81219482421875
-0.0125713348388672 -0.0259075164794922 -0.54656982421875 -0.90618896484375
-0.0164670944213867 0.00515174865722656 -0.8839111328125 0.0795898437500001
0.0129919052124023 -0.00969314575195313 -0.28692626953125 0.63427734375
0.0321674346923828 -0.00920867919921875 0.199951171875 0.505401611328125
0.00473880767822266 -0.00973987579345703 0.37200927734375 0.09613037109375
0.0159912109375 -0.0362815856933594 0.298797607421875 -0.1668701171875
0.0136032104492187 -0.0219020843505859 -0.2916259765625 0.1304931640625
0.00247383117675781 -0.0226879119873047 -0.32940673828125 -0.17669677734375
0.0345916748046875 -0.0193309783935547 -0.109954833984375 -0.511810302734375
0.0337543487548828 0.00152397155761719 0.42578125 -0.57232666015625
-0.0147809982299805 0.0158290863037109 0.8231201171875 0.103759765625
-0.0339431762695313 -0.0291500091552734 0.45556640625 0.8831787109375
0.0183677673339844 -0.0237064361572266 -0.23944091796875 0.75897216796875
0.0557861328125 -0.0144081115722656 0.0648269653320313 0.0428428649902344
0.0124931335449219 -0.0418930053710938 0.3106689453125 -0.81243896484375
-0.009735107421875 -0.0198955535888672 -0.53704833984375 -0.911376953125
-0.00390863418579101 0.0074920654296875 -0.88446044921875 0.0725708007812499
0.0228500366210937 -0.0156745910644531 -0.2952880859375 0.6334228515625
0.0343456268310547 -0.0165176391601563 0.194488525390625 0.507598876953125
0.00341129302978515 -0.0169506072998047 0.366729736328125 0.099365234375
0.0111122131347656 -0.0349063873291016 0.29595947265625 -0.168609619140625
0.0247726440429688 -0.0287532806396484 -0.31451416015625 0.142181396484375
0.00481796264648438 -0.00211334228515625 -0.36419677734375 -0.157867431640625
0.0189571380615234 0.0159282684326172 -0.163604736328125 -0.516082763671875
-0.00413703918457031 0.026611328125 0.35394287109375 -0.62591552734375
-0.0504035949707031 0.0152091979980469 0.80450439453125 0.016357421875
-0.0369491577148437 -0.03759765625 0.50726318359375 0.82781982421875
0.040557861328125 -0.0223731994628906 -0.19091796875 0.7666015625
0.0743865966796875 0.00301361083984375 0.0714950561523438 0.05499267578125
0.0381736755371094 -0.0357398986816406 0.35894775390625 -0.8172607421875
-0.0101737976074219 -0.0319080352783203 -0.4940185546875 -0.96697998046875
-0.0446243286132813 0.00863265991210937 -0.9124755859375 0.01055908203125
-0.0141963958740234 0.0165128707885742 -0.3475341796875 0.6085205078125
0.0175228118896484 0.0135841369628906 0.157012939453125 0.49517822265625
0.00621604919433594 0.00225067138671875 0.3453369140625 0.094482421875
0.0221366882324219 -0.0397148132324219 0.270172119140625 -0.182388305664063
0.0254898071289063 -0.0291633605957031 -0.3056640625 0.142822265625
0.00691461563110352 0.00184726715087891 -0.35284423828125 -0.162139892578125
0.0199527740478516 0.0181655883789063 -0.1500244140625 -0.51806640625
-0.0083770751953125 0.0269374847412109 0.37255859375 -0.615966796875
-0.056060791015625 0.0140571594238281 0.80682373046875 0.03558349609375
-0.0395622253417969 -0.0418624877929687 0.4925537109375 0.84222412109375
0.0395622253417969 -0.0228309631347656 -0.205810546875 0.76568603515625
0.0750579833984375 0.00374603271484375 0.0669174194335938 0.0513687133789063
0.0365676879882812 -0.0372428894042969 0.34014892578125 -0.81854248046875
-0.0143585205078125 -0.0363311767578125 -0.51226806640625 -0.952880859375
-0.0503196716308594 0.00708389282226562 -0.90814208984375 0.0296630859375002
-0.0161056518554687 0.0189628601074219 -0.329833984375 0.6156005859375
0.0180130004882813 0.0167636871337891 0.169158935546875 0.4935302734375
0.00700521469116211 0.0046839714050293 0.353790283203125 0.090057373046875
0.0238113403320313 -0.0399703979492188 0.275894165039063 -0.18243408203125
0.0251426696777344 -0.0273971557617188 -0.296142578125 0.1419677734375
0.00896549224853516 0.00121212005615234 -0.34320068359375 -0.16424560546875
0.0206451416015625 0.0174999237060547 -0.13458251953125 -0.518585205078125
-0.00753974914550781 0.0240917205810547 0.3890380859375 -0.60552978515625
-0.0585136413574219 0.0114402770996094 0.8114013671875 0.05731201171875
-0.0424156188964844 -0.0446052551269531 0.47406005859375 0.859130859375
0.0371208190917969 -0.0219764709472656 -0.22210693359375 0.76513671875
0.0723037719726563 0.00362396240234375 0.0621337890625 0.0487518310546875
0.0323829650878906 -0.0382347106933594 0.3248291015625 -0.8197021484375
-0.0176277160644531 -0.0368576049804688 -0.528564453125 -0.93634033203125
-0.0516319274902344 0.00663375854492188 -0.89794921875 0.0471801757812501
-0.0158166885375977 0.0171012878417969 -0.3121337890625 0.62115478515625
0.0183238983154297 0.0165882110595703 0.183837890625 0.491943359375
0.0065608024597168 0.00559902191162109 0.36578369140625 0.087860107421875
0.0229415893554687 -0.0387954711914062 0.28192138671875 -0.18121337890625
0.0239810943603516 -0.0276279449462891 -0.292510986328125 0.14093017578125
0.00853157043457031 0.00105667114257813 -0.333251953125 -0.169647216796875
0.0242481231689453 0.0139446258544922 -0.120391845703125 -0.521636962890625
-0.00514411926269531 0.020172119140625 0.40521240234375 -0.59552001953125
-0.0553436279296875 0.00839996337890624 0.82061767578125 0.0771484375
-0.0425796508789063 -0.045928955078125 0.4658203125 0.87261962890625
0.033477783203125 -0.0233612060546875 -0.2320556640625 0.76446533203125
0.069183349609375 0.00122833251953125 0.0605201721191406 0.0449409484863281
0.0277175903320313 -0.0401496887207031 0.30743408203125 -0.8197021484375
-0.0202827453613281 -0.0371932983398438 -0.5472412109375 -0.918701171875
-0.0478553771972656 0.00423812866210937 -0.8970947265625 0.0702514648437501
-0.01116943359375 0.0138702392578125 -0.29681396484375 0.6287841796875
0.0215282440185547 0.0117778778076172 0.196746826171875 0.496551513671875
0.00879192352294922 0.00474643707275391 0.3720703125 0.08660888671875
0.02252197265625 -0.0404624938964844 0.291412353515625 -0.17828369140625
0.0225620269775391 -0.0258445739746094 -0.28912353515625 0.13983154296875
0.00923633575439453 -0.00310516357421875 -0.3260498046875 -0.172119140625
0.0277137756347656 0.00647163391113281 -0.110748291015625 -0.51806640625
0.002777099609375 0.0158071517944336 0.4185791015625 -0.58636474609375
-0.04852294921875 0.00971603393554689 0.82257080078125 0.091064453125
-0.0425148010253906 -0.0447616577148438 0.4552001953125 0.88189697265625
0.0292072296142578 -0.02410888671875 -0.24127197265625 0.7647705078125
0.0648422241210938 -0.00141143798828125 0.0587005615234375 0.0417556762695313
0.0229339599609375 -0.0417098999023438 0.29571533203125 -0.821044921875
-0.02008056640625 -0.0341167449951172 -0.5582275390625 -0.90557861328125
-0.0385627746582031 0.00437545776367187 -0.8909912109375 0.0868530273437499
-0.00465154647827148 0.00519800186157227 -0.2840576171875 0.63494873046875
0.0252590179443359 0.00676155090332031 0.207122802734375 0.497283935546875
0.00777530670166016 0.00178956985473633 0.376739501953125 0.086639404296875
0.0202598571777344 -0.0390853881835938 0.2945556640625 -0.175384521484375
0.0213432312011719 -0.0251140594482422 -0.287506103515625 0.136260986328125
0.00681304931640625 -0.00891494750976563 -0.32562255859375 -0.173583984375
0.0302867889404297 -0.00255584716796875 -0.107818603515625 -0.51800537109375
0.0126314163208008 0.0104141235351563 0.4266357421875 -0.58013916015625
-0.0390510559082031 0.0101737976074219 0.82659912109375 0.099365234375
-0.0405197143554688 -0.0406646728515625 0.45672607421875 0.8875732421875
0.0247421264648438 -0.0241870880126953 -0.243408203125 0.76336669921875
0.0614509582519531 -0.00722122192382812 0.0595169067382813 0.040252685546875
0.0182685852050781 -0.0413780212402344 0.2886962890625 -0.82135009765625
-0.0161819458007813 -0.0308399200439453 -0.56378173828125 -0.89947509765625
-0.0282344818115234 0.00541114807128906 -0.88800048828125 0.0942382812500001
0.00344562530517578 -0.0014045238494873 -0.27691650390625 0.6409912109375
0.0291786193847656 -0.00231361389160156 0.2117919921875 0.501190185546875
0.00619840621948242 -0.00460577011108398 0.3778076171875 0.086639404296875
0.0174674987792969 -0.0382652282714844 0.297821044921875 -0.173828125
0.0151863098144531 -0.0223751068115234 -0.288665771484375 0.13824462890625
0.00470161437988281 -0.0165300369262695 -0.32763671875 -0.172698974609375
0.0326442718505859 -0.0107879638671875 -0.11041259765625 -0.51422119140625
0.0231590270996094 0.00456428527832031 0.42578125 -0.5784912109375
-0.0277957916259766 0.0123615264892578 0.828369140625 0.10150146484375
-0.0371017456054687 -0.0352020263671875 0.458251953125 0.8878173828125
0.0206527709960938 -0.0239067077636719 -0.23883056640625 0.76239013671875
0.0585289001464844 -0.0114173889160156 0.062469482421875 0.0390396118164062
0.0135993957519531 -0.0421600341796875 0.291748046875 -0.81976318359375
-0.0138416290283203 -0.0242500305175781 -0.5614013671875 -0.89996337890625
-0.0160560607910156 0.00654029846191406 -0.8861083984375 0.095703125
0.012913703918457 -0.0101947784423828 -0.27667236328125 0.6412353515625
0.0328407287597656 -0.0100555419921875 0.209686279296875 0.50335693359375
0.00502109527587891 -0.0105476379394531 0.3751220703125 0.0885009765625
0.0144081115722656 -0.037078857421875 0.29718017578125 -0.174041748046875
0.0132675170898437 -0.0214443206787109 -0.29345703125 0.137451171875
0.00300025939941406 -0.02392578125 -0.33575439453125 -0.171600341796875
0.0349349975585938 -0.0204906463623047 -0.117279052734375 -0.51214599609375
0.0346088409423828 -0.000417709350585938 0.41754150390625 -0.582763671875
-0.0147380828857422 0.0160121917724609 0.82763671875 0.09173583984375
-0.0342750549316406 -0.0294303894042969 0.47222900390625 0.87811279296875
0.0181674957275391 -0.0239181518554688 -0.23004150390625 0.763671875
0.0564918518066406 -0.0155220031738281 0.0649528503417969 0.0411529541015625
0.0107917785644531 -0.0412330627441406 0.300048828125 -0.81768798828125
-0.00986862182617187 -0.0190086364746094 -0.5526123046875 -0.904296875
-0.00463056564331055 0.00761556625366211 -0.8861083984375 0.0882568359375001
0.0207328796386719 -0.0156269073486328 -0.284912109375 0.64080810546875
0.0341815948486328 -0.0175285339355469 0.20098876953125 0.50604248046875
0.00342655181884766 -0.0174169540405273 0.369781494140625 0.092315673828125
0.00983619689941406 -0.035064697265625 0.29498291015625 -0.174530029296875
0.0241985321044922 -0.028411865234375 -0.31231689453125 0.150634765625
0.00498294830322266 -0.00150060653686523 -0.36865234375 -0.14959716796875
0.0203323364257813 0.014556884765625 -0.173431396484375 -0.514556884765625
-0.0028533935546875 0.0257148742675781 0.34136962890625 -0.63330078125
-0.0499076843261719 0.0192489624023438 0.805908203125 0.00103759765625
-0.0370140075683594 -0.0365524291992188 0.5208740234375 0.81982421875
0.039764404296875 -0.0224533081054688 -0.1790771484375 0.7681884765625
0.074371337890625 0.002838134765625 0.0723800659179687 0.0527725219726562
0.0363883972167969 -0.0353736877441406 0.34564208984375 -0.82440185546875
-0.0106697082519531 -0.0316848754882813 -0.510986328125 -0.95843505859375
-0.0438766479492187 0.0105171203613281 -0.91229248046875 0.0241699218750001
-0.0131940841674805 0.0175628662109375 -0.33673095703125 0.61480712890625
0.0179004669189453 0.0134925842285156 0.164886474609375 0.49310302734375
0.00677156448364258 0.0020747184753418 0.347076416015625 0.086944580078125
0.0214767456054688 -0.0406112670898438 0.267242431640625 -0.189956665039063
0.0253181457519531 -0.0288848876953125 -0.30450439453125 0.1490478515625
0.00682163238525391 0.00118350982666016 -0.35699462890625 -0.154449462890625
0.0209770202636719 0.0179786682128906 -0.1593017578125 -0.51629638671875
-0.00792694091796875 0.0268306732177734 0.35882568359375 -0.6221923828125
-0.0566673278808594 0.0157432556152344 0.8106689453125 0.01983642578125
-0.0408287048339844 -0.0415916442871094 0.50689697265625 0.83624267578125
0.0413551330566406 -0.0246963500976563 -0.194580078125 0.76861572265625
0.0743560791015625 0.002227783203125 0.066802978515625 0.0493354797363281
0.0357742309570312 -0.0376510620117187 0.32696533203125 -0.826904296875
-0.0144996643066406 -0.0353889465332031 -0.52886962890625 -0.9432373046875
-0.05108642578125 0.00809860229492188 -0.90863037109375 0.0451660156250001
-0.0158214569091797 0.0176410675048828 -0.31927490234375 0.62274169921875
0.0174407958984375 0.0170459747314453 0.1798095703125 0.490234375
0.00650215148925781 0.00467157363891602 0.358306884765625 0.084014892578125
0.0222625732421875 -0.0408554077148438 0.273910522460937 -0.188507080078125
0.0250473022460937 -0.0289363861083984 -0.2962646484375 0.150360107421875
0.0086507797241211 0.00255012512207031 -0.345794677734375 -0.157318115234375
0.0213718414306641 0.0186862945556641 -0.1441650390625 -0.51568603515625
-0.00846672058105469 0.0255889892578125 0.37591552734375 -0.61309814453125
-0.0587387084960938 0.0129203796386719 0.8116455078125 0.04364013671875
-0.0441932678222656 -0.0447921752929688 0.49017333984375 0.851318359375
0.0361518859863281 -0.0238494873046875 -0.2110595703125 0.7706298828125
0.0713729858398438 0.002777099609375 0.0618400573730469 0.045989990234375
0.0318756103515625 -0.0376548767089844 0.31085205078125 -0.82684326171875
-0.0185165405273438 -0.0366477966308594 -0.54473876953125 -0.93060302734375
-0.0519371032714844 0.00775909423828125 -0.9005126953125 0.06365966796875
-0.0165348052978516 0.0179290771484375 -0.3017578125 0.62896728515625
0.0203571319580078 0.01483154296875 0.1923828125 0.487030029296875
0.00872278213500977 0.00649738311767578 0.3675537109375 0.08135986328125
0.0212554931640625 -0.0408058166503906 0.281585693359375 -0.187286376953125
0.0253658294677734 -0.0285530090332031 -0.291748046875 0.147247314453125
0.00794124603271484 0.00121974945068359 -0.3370361328125 -0.162689208984375
0.0244922637939453 0.0131111145019531 -0.1319580078125 -0.516998291015625
-0.00508880615234375 0.0211238861083984 0.39453125 -0.60400390625
-0.0555763244628906 0.00983047485351563 0.82220458984375 0.06231689453125
-0.0440330505371094 -0.0451202392578125 0.4798583984375 0.865234375
0.0345268249511719 -0.0239524841308594 -0.220458984375 0.76739501953125
0.0678176879882813 0.000942230224609375 0.0600547790527344 0.0424346923828125
0.0256576538085938 -0.0395736694335938 0.29254150390625 -0.82684326171875
-0.0204849243164063 -0.036895751953125 -0.565185546875 -0.91033935546875
-0.0481033325195313 0.00598526000976563 -0.8975830078125 0.0859375000000001
-0.0117416381835937 0.0130624771118164 -0.28594970703125 0.63543701171875
0.0226764678955078 0.0118560791015625 0.20654296875 0.49188232421875
0.00760030746459961 0.00565147399902344 0.37554931640625 0.08074951171875
0.0206031799316406 -0.0412826538085938 0.288604736328125 -0.18408203125
0.0220222473144531 -0.0256061553955078 -0.286346435546875 0.145965576171875
0.00759172439575195 -0.00257492065429687 -0.331451416015625 -0.164764404296875
0.0279579162597656 0.00590133666992187 -0.12188720703125 -0.51824951171875
0.00206279754638672 0.0156717300415039 0.40838623046875 -0.5946044921875
-0.0479774475097656 0.0091094970703125 0.82586669921875 0.0775146484375
-0.0427780151367188 -0.0448341369628906 0.47186279296875 0.8770751953125
0.028594970703125 -0.0245857238769531 -0.22943115234375 0.766845703125
0.0648727416992188 -0.00374603271484375 0.06024169921875 0.0389442443847656
0.0199356079101563 -0.0414009094238281 0.28271484375 -0.82611083984375
-0.0203952789306641 -0.0338516235351563 -0.57440185546875 -0.895751953125
-0.0400314331054687 0.0055999755859375 -0.8909912109375 0.1043701171875
-0.00506019592285156 0.00665855407714844 -0.27215576171875 0.640869140625
0.0257568359375 0.00461959838867188 0.2174072265625 0.4951171875
0.00803089141845703 0.00102901458740234 0.37841796875 0.0784912109375
0.0188560485839844 -0.04010009765625 0.293426513671875 -0.182861328125
0.020538330078125 -0.0251617431640625 -0.284881591796875 0.14422607421875
0.00775623321533203 -0.00751495361328125 -0.32958984375 -0.16741943359375
0.0309543609619141 -0.0023956298828125 -0.116058349609375 -0.51611328125
0.0115156173706055 0.00894260406494141 0.414306640625 -0.5867919921875
-0.0393447875976563 0.0113601684570313 0.8284912109375 0.08544921875
-0.0404052734375 -0.0400581359863281 0.4713134765625 0.88134765625
0.0237941741943359 -0.0247135162353516 -0.23101806640625 0.76593017578125
0.0611076354980469 -0.008880615234375 0.0590591430664063 0.0388870239257813
0.0165786743164063 -0.0412178039550781 0.27581787109375 -0.825927734375
-0.0175838470458984 -0.0302257537841797 -0.58099365234375 -0.89111328125
-0.0293426513671875 0.00626182556152343 -0.8876953125 0.1107177734375
0.00502300262451172 -0.00120210647583008 -0.26495361328125 0.6480712890625
0.0303001403808594 -0.00310516357421875 0.22100830078125 0.4979248046875
0.00714302062988281 -0.00359487533569336 0.379791259765625 0.07916259765625
0.0155296325683594 -0.0406837463378906 0.297088623046875 -0.18267822265625
0.0171012878417969 -0.0238285064697266 -0.287261962890625 0.14373779296875
0.00491237640380859 -0.0171642303466797 -0.332183837890625 -0.16546630859375
0.0329017639160156 -0.012115478515625 -0.11822509765625 -0.511749267578125
0.0238857269287109 0.00437164306640625 0.41510009765625 -0.58551025390625
-0.0266914367675781 0.0140666961669922 0.83050537109375 0.08740234375
-0.0374641418457031 -0.0347023010253906 0.47491455078125 0.880859375
0.0207843780517578 -0.0255546569824219 -0.228271484375 0.76837158203125
0.0581436157226563 -0.0117607116699219 0.0623435974121094 0.0377845764160156
0.0131759643554688 -0.0422286987304688 0.27911376953125 -0.82598876953125
-0.0141983032226562 -0.0258655548095703 -0.57806396484375 -0.8907470703125
-0.0160903930664063 0.0077981948852539 -0.88427734375 0.1123046875
0.012904167175293 -0.00970649719238281 -0.26544189453125 0.64776611328125
0.0326251983642578 -0.0110015869140625 0.219207763671875 0.50103759765625
0.00490760803222656 -0.0107250213623047 0.377716064453125 0.08331298828125
0.0122146606445313 -0.0380821228027344 0.295379638671875 -0.18060302734375
0.0132980346679688 -0.0211200714111328 -0.2911376953125 0.14349365234375
0.00222206115722656 -0.0228328704833984 -0.340576171875 -0.163970947265625
0.0358009338378906 -0.020721435546875 -0.129913330078125 -0.50830078125
0.0336189270019531 -0.000829696655273438 0.40594482421875 -0.58929443359375
-0.015263557434082 0.0160293579101563 0.83270263671875 0.078857421875
-0.0349941253662109 -0.0290031433105469 0.4866943359375 0.8712158203125
0.0173568725585938 -0.0244903564453125 -0.22015380859375 0.76824951171875
0.0550422668457031 -0.0161285400390625 0.0657806396484375 0.0379142761230469
0.01080322265625 -0.0405235290527344 0.28741455078125 -0.8233642578125
-0.00853157043457031 -0.0193004608154297 -0.5684814453125 -0.89483642578125
-0.00391387939453125 0.00794076919555664 -0.88555908203125 0.1060791015625
0.0207195281982422 -0.0155563354492188 -0.27362060546875 0.64739990234375
0.0342216491699219 -0.0189056396484375 0.212890625 0.503448486328125
0.00296211242675781 -0.0177955627441406 0.371185302734375 0.0855712890625
0.0082855224609375 -0.0366554260253906 0.293060302734375 -0.181549072265625
0.0236873626708984 -0.0291061401367188 -0.30908203125 0.157135009765625
0.00533676147460938 -0.00287866592407227 -0.3714599609375 -0.14166259765625
0.0207748413085938 0.014373779296875 -0.18353271484375 -0.5089111328125
-0.00370597839355469 0.0258026123046875 0.32965087890625 -0.63812255859375
-0.0506362915039063 0.0194587707519531 0.8026123046875 -0.00897216796875
-0.0389442443847656 -0.0366935729980469 0.53375244140625 0.81024169921875
0.0400161743164063 -0.0250015258789063 -0.16552734375 0.770751953125
0.0755462646484375 0.00151824951171875 0.0717697143554688 0.049835205078125
0.0347862243652344 -0.035186767578125 0.32977294921875 -0.82867431640625
-0.0102024078369141 -0.030303955078125 -0.52435302734375 -0.95208740234375
-0.0436859130859375 0.0118293762207031 -0.91131591796875 0.0429077148437499
-0.012904167175293 0.0168237686157227 -0.32666015625 0.6192626953125
0.0176067352294922 0.0129356384277344 0.1749267578125 0.4876708984375
0.00653886795043945 0.000385761260986328 0.34912109375 0.0809326171875
0.0180168151855469 -0.041046142578125 0.263504028320313 -0.194717407226562
0.0245761871337891 -0.0285186767578125 -0.30120849609375 0.157135009765625
0.00743007659912109 0.00108242034912109 -0.359710693359375 -0.146453857421875
0.0208854675292969 0.0175380706787109 -0.1707763671875 -0.51068115234375
-0.00746726989746093 0.0274124145507812 0.3475341796875 -0.6275634765625
-0.0559654235839844 0.0167884826660156 0.80718994140625 0.00830078125
-0.0410118103027344 -0.04034423828125 0.519775390625 0.825927734375
0.0400619506835938 -0.0250663757324219 -0.18359375 0.7701416015625
0.073883056640625 0.0011138916015625 0.0674896240234375 0.0474166870117188
0.0340499877929688 -0.0371360778808594 0.313232421875 -0.83056640625
-0.0143241882324219 -0.0353927612304688 -0.54266357421875 -0.932861328125
-0.0501022338867187 0.00960540771484374 -0.9078369140625 0.0614624023437499
-0.0175666809082031 0.0192394256591797 -0.30792236328125 0.62689208984375
0.0177021026611328 0.0158138275146484 0.189117431640625 0.4873046875
0.0077509880065918 0.00457429885864258 0.357452392578125 0.076995849609375
0.0204696655273438 -0.0402412414550781 0.270889282226563 -0.194549560546875
0.0234813690185547 -0.0275669097900391 -0.2930908203125 0.15679931640625
0.00725603103637695 0.00268745422363281 -0.349273681640625 -0.150299072265625
0.0220489501953125 0.0172538757324219 -0.15380859375 -0.513214111328125
-0.0080718994140625 0.0251903533935547 0.36572265625 -0.6177978515625
-0.0578269958496094 0.0140190124511719 0.8125 0.02716064453125
-0.0446090698242188 -0.04473876953125 0.50311279296875 0.84368896484375
0.0352897644042969 -0.0237693786621094 -0.198486328125 0.77117919921875
0.072906494140625 0.00139617919921875 0.0627212524414063 0.0445060729980469
0.0317878723144531 -0.0389060974121094 0.29705810546875 -0.831787109375
-0.018463134765625 -0.0369110107421875 -0.55712890625 -0.918212890625
-0.0509529113769531 0.00930023193359376 -0.899169921875 0.0792236328125001
-0.0158329010009766 0.0170106887817383 -0.2919921875 0.6341552734375
0.0189952850341797 0.0137004852294922 0.202117919921875 0.48443603515625
0.00754499435424805 0.00467729568481445 0.368377685546875 0.07257080078125
0.0194511413574219 -0.0398826599121094 0.27691650390625 -0.19342041015625
0.0252494812011719 -0.0291347503662109 -0.288818359375 0.15423583984375
0.00908756256103516 0.00127029418945313 -0.34197998046875 -0.15557861328125
0.0246829986572266 0.01361083984375 -0.14044189453125 -0.516204833984375
-0.00373649597167969 0.0211372375488281 0.383056640625 -0.6107177734375
-0.055450439453125 0.0122489929199219 0.8218994140625 0.04888916015625
-0.0444793701171875 -0.0458259582519531 0.4942626953125 0.857666015625
0.0340576171875 -0.0237712860107422 -0.2103271484375 0.76824951171875
0.0688972473144531 0.000148773193359375 0.0619087219238281 0.0400924682617188
0.0250816345214844 -0.0406494140625 0.279541015625 -0.83062744140625
-0.0199661254882813 -0.0366325378417969 -0.5787353515625 -0.90087890625
-0.0466995239257813 0.00816726684570312 -0.8939208984375 0.10223388671875
-0.0126171112060547 0.0134944915771484 -0.274169921875 0.640380859375
0.0227756500244141 0.00998878479003906 0.216064453125 0.488067626953125
0.00892162322998047 0.00429248809814453 0.376129150390625 0.07275390625
0.0191726684570313 -0.0414047241210938 0.2855224609375 -0.190399169921875
0.0220966339111328 -0.0282745361328125 -0.285003662109375 0.154083251953125
0.00873231887817383 -0.00273323059082031 -0.33551025390625 -0.157012939453125
0.0274124145507812 0.00571060180664062 -0.13189697265625 -0.51336669921875
0.00283241271972656 0.0167636871337891 0.39697265625 -0.6005859375
-0.0489959716796875 0.0100517272949219 0.826416015625 0.06396484375
-0.0437736511230469 -0.0442962646484375 0.48516845703125 0.8671875
0.0283355712890625 -0.0255794525146484 -0.21826171875 0.76953125
0.0642929077148438 -0.00297164916992188 0.0593299865722656 0.0359573364257813
0.0192680358886719 -0.0404472351074219 0.267578125 -0.829345703125
-0.0196094512939453 -0.0329799652099609 -0.58807373046875 -0.8846435546875
-0.0396728515625 0.00801086425781251 -0.88714599609375 0.11834716796875
-0.00410842895507813 0.0056610107421875 -0.25994873046875 0.6431884765625
0.0271205902099609 0.00312232971191406 0.22509765625 0.488922119140625
0.00838708877563477 0.000832557678222656 0.380462646484375 0.071807861328125
0.015960693359375 -0.0405960083007813 0.290802001953125 -0.189544677734375
0.0192890167236328 -0.0262851715087891 -0.283294677734375 0.151092529296875
0.00683498382568359 -0.00807762145996094 -0.335052490234375 -0.1600341796875
0.0316867828369141 -0.00328445434570313 -0.127899169921875 -0.512847900390625
0.0131874084472656 0.0110569000244141 0.40264892578125 -0.5936279296875
-0.0388870239257813 0.0121917724609375 0.82977294921875 0.0714111328125
-0.0415763854980469 -0.0394515991210938 0.48486328125 0.87213134765625
0.0244979858398437 -0.0265979766845703 -0.220947265625 0.76995849609375
0.0604515075683594 -0.00992584228515625 0.0597801208496094 0.0355796813964844
0.0141105651855469 -0.0420188903808594 0.26092529296875 -0.83050537109375
-0.0176448822021484 -0.0294418334960938 -0.5946044921875 -0.87799072265625
-0.0289688110351563 0.0070953369140625 -0.88409423828125 0.12628173828125
0.00311279296875 -0.00214362144470215 -0.25360107421875 0.65106201171875
0.0290546417236328 -0.004364013671875 0.2301025390625 0.492431640625
0.00660610198974609 -0.00566196441650391 0.38067626953125 0.072601318359375
0.0157585144042969 -0.0389556884765625 0.29290771484375 -0.187530517578125
0.0165481567382813 -0.0223979949951172 -0.28460693359375 0.151519775390625
0.00472068786621094 -0.0144386291503906 -0.337005615234375 -0.158294677734375
0.0346126556396484 -0.0118217468261719 -0.129241943359375 -0.50860595703125
0.0238304138183594 0.00513076782226563 0.40277099609375 -0.5928955078125
-0.0284385681152344 0.0130691528320313 0.83233642578125 0.07354736328125
-0.0386199951171875 -0.0350799560546875 0.4879150390625 0.87158203125
0.0205955505371094 -0.0251598358154297 -0.21551513671875 0.768310546875
0.0564117431640625 -0.0117111206054688 0.0612220764160156 0.0348129272460938
0.0118637084960938 -0.0420417785644531 0.263916015625 -0.8289794921875
-0.0152721405029297 -0.0236091613769531 -0.59130859375 -0.87994384765625
-0.0154190063476562 0.00576305389404297 -0.88262939453125 0.127197265625
0.0109014511108398 -0.0102987289428711 -0.25360107421875 0.65191650390625
0.032470703125 -0.0126247406005859 0.22918701171875 0.49530029296875
0.00445556640625 -0.0118522644042969 0.38018798828125 0.073883056640625
0.0102310180664063 -0.0378265380859375 0.293365478515625 -0.187744140625
0.0122356414794922 -0.0216255187988281 -0.28863525390625 0.151092529296875
0.00183486938476563 -0.0217971801757813 -0.344329833984375 -0.15802001953125
0.034576416015625 -0.0218601226806641 -0.139251708984375 -0.506439208984375
0.0338859558105469 -0.00142478942871094 0.39520263671875 -0.5943603515625
-0.0149173736572266 0.0165205001831055 0.83245849609375 0.0631103515625
-0.0346660614013672 -0.0286140441894531 0.5001220703125 0.862060546875
0.0180377960205078 -0.0256328582763672 -0.20654296875 0.76995849609375
0.0547294616699219 -0.0165290832519531 0.0643348693847656 0.0366668701171875
0.00896072387695313 -0.039947509765625 0.27264404296875 -0.82720947265625
-0.0101070404052734 -0.0196285247802734 -0.58441162109375 -0.88385009765625
-0.00234794616699219 0.00942802429199219 -0.8826904296875 0.11993408203125
0.0198764801025391 -0.0177536010742188 -0.261474609375 0.65167236328125
0.0351982116699219 -0.0209197998046875 0.220916748046875 0.498992919921875
0.00281047821044922 -0.0174341201782227 0.37255859375 0.078033447265625
0.00668716430664063 -0.0371589660644531 0.290191650390625 -0.188262939453125
0.022369384765625 -0.0279026031494141 -0.305908203125 0.16290283203125
0.00618219375610352 -0.00209522247314453 -0.375091552734375 -0.134033203125
0.0217685699462891 0.0139617919921875 -0.193450927734375 -0.504058837890625
-0.00152969360351562 0.0266475677490234 0.31646728515625 -0.64031982421875
-0.0499038696289063 0.019500732421875 0.801025390625 -0.02374267578125
-0.0385665893554687 -0.0370368957519531 0.54571533203125 0.7996826171875
0.0387954711914063 -0.0259170532226562 -0.1572265625 0.76873779296875
0.074127197265625 -0.00084686279296875 0.071868896484375 0.0482406616210937
0.034820556640625 -0.0373039245605469 0.315673828125 -0.83233642578125
-0.0108318328857422 -0.0308284759521484 -0.53875732421875 -0.93914794921875
-0.042877197265625 0.0126228332519531 -0.90533447265625 0.056884765625
-0.0142898559570313 0.0172290802001953 -0.31341552734375 0.62567138671875
0.0197982788085938 0.0120658874511719 0.18316650390625 0.484832763671875
0.0062718391418457 0.000894069671630859 0.3499755859375 0.075103759765625
0.0181427001953125 -0.0406570434570312 0.259780883789063 -0.199447631835938
0.0241622924804688 -0.0290470123291016 -0.298309326171875 0.163299560546875
0.0083932876586914 0.00194644927978516 -0.36346435546875 -0.139190673828125
0.0220794677734375 0.0165863037109375 -0.179779052734375 -0.506988525390625
-0.00664901733398438 0.0278205871582031 0.3349609375 -0.63201904296875
-0.0557746887207031 0.0184707641601562 0.803955078125 -0.00537109375
-0.0414161682128906 -0.0404090881347656 0.53216552734375 0.81549072265625
0.0394096374511719 -0.0250282287597656 -0.1712646484375 0.7705078125
0.0729446411132813 0.00106048583984375 0.0671234130859375 0.0447044372558594
0.0338325500488281 -0.03790283203125 0.29925537109375 -0.833251953125
-0.0154705047607422 -0.0341854095458984 -0.55352783203125 -0.92022705078125
-0.0498771667480469 0.0114555358886719 -0.90087890625 0.0763549804687499
-0.0168666839599609 0.0183753967285156 -0.29620361328125 0.63079833984375
0.0190105438232422 0.0126094818115234 0.197540283203125 0.48028564453125
0.00647401809692383 0.00491905212402344 0.359619140625 0.068634033203125
0.0187339782714844 -0.0402755737304688 0.267471313476563 -0.2005615234375
0.0231151580810547 -0.0293693542480469 -0.289642333984375 0.1622314453125
0.00923252105712891 0.00236797332763672 -0.3514404296875 -0.14208984375
0.0232143402099609 0.0174808502197266 -0.163604736328125 -0.507415771484375
-0.00771522521972656 0.0259971618652344 0.35223388671875 -0.62103271484375
-0.0585784912109375 0.0148429870605469 0.80975341796875 0.0177001953125
-0.0428428649902344 -0.0430908203125 0.5142822265625 0.8328857421875
0.0361137390136719 -0.0249710083007813 -0.1878662109375 0.77154541015625
0.0715484619140625 -3.814697265625E-05 0.0643844604492188 0.0417022705078125
0.0304298400878906 -0.0388755798339844 0.28424072265625 -0.83135986328125
-0.0194797515869141 -0.0349159240722656 -0.5701904296875 -0.90704345703125
-0.0520286560058594 0.00815200805664062 -0.892333984375 0.0931396484375
-0.0162620544433594 0.0164737701416016 -0.2794189453125 0.63568115234375
0.0200061798095703 0.0136661529541016 0.21038818359375 0.48028564453125
0.00813674926757813 0.00475358963012695 0.3682861328125 0.0648193359375
0.0190200805664062 -0.0404396057128906 0.2725830078125 -0.198440551757813
0.0236320495605469 -0.0289211273193359 -0.2855224609375 0.15985107421875
0.00961875915527344 0.00165462493896484 -0.343963623046875 -0.147796630859375
0.0250930786132813 0.0121040344238281 -0.150848388671875 -0.51068115234375
-0.00482749938964844 0.0214900970458984 0.36920166015625 -0.61395263671875
-0.056304931640625 0.0128059387207031 0.8193359375 0.0350341796875
-0.04388427734375 -0.0450553894042969 0.50592041015625 0.8470458984375
0.0328998565673828 -0.0253562927246094 -0.19866943359375 0.77020263671875
0.0672836303710938 -0.00172042846679688 0.0599479675292969 0.0387344360351563
0.0236625671386719 -0.0391502380371094 0.2642822265625 -0.8311767578125
-0.0208969116210938 -0.0345306396484375 -0.5889892578125 -0.88494873046875
-0.0470008850097656 0.00897216796875001 -0.8890380859375 0.11761474609375
-0.0129146575927734 0.0127849578857422 -0.26123046875 0.64385986328125
0.0225563049316406 0.0100955963134766 0.224365234375 0.483795166015625
0.00829410552978516 0.00364446640014648 0.3763427734375 0.0657958984375
0.0172309875488281 -0.0425758361816406 0.2825927734375 -0.196441650390625
0.0208110809326172 -0.0269451141357422 -0.282135009765625 0.15911865234375
0.00772857666015625 -0.00220060348510742 -0.33782958984375 -0.15020751953125
0.0273418426513672 0.00469779968261719 -0.142669677734375 -0.508880615234375
0.00280189514160156 0.0165061950683594 0.3828125 -0.6048583984375
-0.0487403869628906 0.0128517150878906 0.82513427734375 0.050537109375
-0.0431022644042969 -0.0435562133789063 0.49658203125 0.85601806640625
0.0279312133789063 -0.0256938934326172 -0.20550537109375 0.7706298828125
0.0636100769042969 -0.00461196899414062 0.0590858459472656 0.0351181030273437
0.0183258056640625 -0.0414161682128906 0.25457763671875 -0.83245849609375
-0.0205478668212891 -0.0326442718505859 -0.60113525390625 -0.8729248046875
-0.0382575988769531 0.00809097290039063 -0.879150390625 0.13372802734375
-0.00542879104614258 0.0061955451965332 -0.2471923828125 0.648681640625
0.0256557464599609 0.00274276733398438 0.235260009765625 0.482635498046875
0.00775003433227539 -0.000411510467529297 0.37994384765625 0.064544677734375
0.0156173706054688 -0.0415725708007813 0.28680419921875 -0.1939697265625
0.0191020965576172 -0.0258541107177734 -0.282989501953125 0.158111572265625
0.00768566131591797 -0.00797891616821289 -0.337158203125 -0.152313232421875
0.0314159393310547 -0.00532913208007813 -0.13861083984375 -0.506622314453125
0.0125751495361328 0.0101690292358398 0.38946533203125 -0.59918212890625
-0.03924560546875 0.0128173828125 0.8265380859375 0.05938720703125
-0.0417289733886719 -0.0398674011230469 0.49664306640625 0.8626708984375
0.0228595733642578 -0.0257911682128906 -0.2080078125 0.768798828125
0.05938720703125 -0.00934219360351563 0.0593643188476562 0.0328636169433594
0.0131721496582031 -0.0423545837402344 0.24871826171875 -0.83074951171875
-0.0181999206542969 -0.0284023284912109 -0.60498046875 -0.86383056640625
-0.0274333953857422 0.00716400146484375 -0.878662109375 0.143310546875
0.00207138061523438 -0.0021212100982666 -0.24114990234375 0.65350341796875
0.0301074981689453 -0.0051422119140625 0.23895263671875 0.487579345703125
0.00680971145629883 -0.00501871109008789 0.3817138671875 0.064971923828125
0.012481689453125 -0.0400199890136719 0.28948974609375 -0.19378662109375
0.0156154632568359 -0.0245380401611328 -0.28192138671875 0.15618896484375
0.00611972808837891 -0.0148372650146484 -0.33917236328125 -0.150970458984375
0.0347557067871094 -0.0136833190917969 -0.139190673828125 -0.504302978515625
0.0227737426757812 0.00471878051757813 0.3896484375 -0.5966796875
-0.0265178680419922 0.0151500701904297 0.83056640625 0.058837890625
-0.0391960144042969 -0.0345344543457031 0.50006103515625 0.86248779296875
0.0191631317138672 -0.0265941619873047 -0.20416259765625 0.7689208984375
0.05621337890625 -0.0142745971679688 0.0610885620117188 0.0344429016113281
0.00952911376953125 -0.0407028198242188 0.25152587890625 -0.8328857421875
-0.014984130859375 -0.0229721069335938 -0.60272216796875 -0.86700439453125
-0.0150012969970703 0.00758647918701172 -0.87591552734375 0.14129638671875
0.0112504959106445 -0.0107603073120117 -0.24102783203125 0.65460205078125
0.0322437286376953 -0.0142307281494141 0.237060546875 0.489654541015625
0.00494861602783203 -0.012537956237793 0.378326416015625 0.066558837890625
0.00885009765624999 -0.0386276245117188 0.287994384765625 -0.19281005859375
0.0111618041992188 -0.0220699310302734 -0.286956787109375 0.15673828125
0.00244522094726563 -0.0213909149169922 -0.347198486328125 -0.14947509765625
0.0355682373046875 -0.0225944519042969 -0.149322509765625 -0.501190185546875
0.0334949493408203 -0.00171279907226563 0.38153076171875 -0.60107421875
-0.0153388977050781 0.0183925628662109 0.828369140625 0.0521240234375
-0.0350456237792969 -0.0287151336669922 0.50909423828125 0.85345458984375
0.0160026550292969 -0.0258960723876953 -0.1953125 0.76922607421875
0.0543289184570313 -0.0191001892089844 0.063720703125 0.0342330932617188
0.00778579711914062 -0.0407295227050781 0.2578125 -0.8292236328125
-0.00917625427246094 -0.0183582305908203 -0.59210205078125 -0.87139892578125
-0.002899169921875 0.00931644439697266 -0.8773193359375 0.13336181640625
0.0181541442871094 -0.0173759460449219 -0.24920654296875 0.65625
0.0340194702148437 -0.0225048065185547 0.229827880859375 0.49224853515625
0.00121879577636719 -0.0177650451660156 0.37371826171875 0.070526123046875
0.00555419921874999 -0.037200927734375 0.28668212890625 -0.1929931640625
0.0218486785888672 -0.029144287109375 -0.30169677734375 0.169281005859375
0.00628852844238281 -0.0012822151184082 -0.374847412109375 -0.125823974609375
0.0222930908203125 0.014007568359375 -0.200958251953125 -0.496978759765625
-0.00214958190917969 0.0266551971435547 0.30230712890625 -0.6417236328125
-0.0499458312988281 0.0219497680664063 0.79486083984375 -0.036865234375
-0.0383949279785156 -0.0367622375488281 0.55596923828125 0.78936767578125
0.0382575988769531 -0.0262603759765625 -0.14300537109375 0.7684326171875
0.0736160278320313 -0.0024261474609375 0.0718841552734375 0.0459213256835938
0.0338478088378906 -0.0360870361328125 0.30047607421875 -0.8319091796875
-0.01043701171875 -0.0296401977539063 -0.548828125 -0.922607421875
-0.0428886413574219 0.0137863159179688 -0.90045166015625 0.0692138671874999
-0.0142192840576172 0.0170488357543945 -0.2994384765625 0.6279296875
0.0190544128417969 0.0112419128417969 0.191162109375 0.47760009765625
0.00602293014526367 0.000231742858886719 0.350372314453125 0.06646728515625
0.0152091979980469 -0.0407485961914062 0.255599975585938 -0.204925537109375
0.0245380401611328 -0.0300884246826172 -0.29437255859375 0.169281005859375
0.0081477165222168 0.00219440460205078 -0.363616943359375 -0.13031005859375
0.0229740142822266 0.0167217254638672 -0.188690185546875 -0.499267578125
-0.00822257995605469 0.0279617309570312 0.32183837890625 -0.63238525390625
-0.0564002990722656 0.0188369750976563 0.80010986328125 -0.01702880859375
-0.0422782897949219 -0.0400238037109375 0.539306640625 0.8031005859375
0.0379447937011719 -0.0262680053710937 -0.15863037109375 0.7684326171875
0.0732269287109375 -0.000457763671875 0.0664863586425781 0.0436248779296875
0.0320510864257813 -0.0375595092773438 0.28338623046875 -0.83203125
-0.0145664215087891 -0.0322837829589844 -0.56719970703125 -0.90618896484375
-0.0491371154785156 0.0133094787597656 -0.89581298828125 0.0906982421875001
-0.0177249908447266 0.0193939208984375 -0.281982421875 0.6331787109375
0.0184726715087891 0.0136432647705078 0.203369140625 0.474822998046875
0.00640249252319336 0.00412750244140625 0.357879638671875 0.063079833984375
0.0174179077148437 -0.0415763854980469 0.263076782226563 -0.203033447265625
0.0236320495605469 -0.0288734436035156 -0.28570556640625 0.1685791015625
0.00965023040771485 0.00469970703125 -0.3531494140625 -0.134674072265625
0.0240726470947266 0.0159053802490234 -0.172515869140625 -0.501556396484375
-0.00787162780761719 0.0267505645751953 0.339111328125 -0.62335205078125
-0.0596237182617188 0.0164642333984375 0.8067626953125 0.00384521484375
-0.0435562133789063 -0.0436477661132813 0.52447509765625 0.8203125
0.0351352691650391 -0.0249462127685547 -0.175048828125 0.770263671875
0.070404052734375 -0.00080108642578125 0.061309814453125 0.0400390625
0.0276641845703125 -0.0362434387207031 0.26861572265625 -0.8314208984375
-0.0192127227783203 -0.0343799591064453 -0.5809326171875 -0.88970947265625
-0.0494384765625 0.011138916015625 -0.8865966796875 0.10986328125
-0.016754150390625 0.0176830291748047 -0.26727294921875 0.63812255859375
0.019500732421875 0.0120944976806641 0.21868896484375 0.4730224609375
0.00679302215576172 0.00348949432373047 0.366729736328125 0.058380126953125
0.0167999267578125 -0.0414161682128906 0.269378662109375 -0.20361328125
0.0233879089355469 -0.0294075012207031 -0.282135009765625 0.164947509765625
0.00903606414794922 0.00229835510253906 -0.34674072265625 -0.14044189453125
0.0255508422851563 0.0124797821044922 -0.160675048828125 -0.50360107421875
-0.00532150268554687 0.0227031707763672 0.35638427734375 -0.61669921875
-0.0555076599121094 0.0141143798828125 0.8155517578125 0.0220947265625
-0.0440177917480469 -0.0447959899902344 0.51580810546875 0.8348388671875
0.0314311981201172 -0.0250720977783203 -0.18548583984375 0.76727294921875
0.0664901733398438 -0.00370407104492188 0.0602645874023438 0.0363845825195313
0.0224761962890625 -0.0399971008300781 0.25067138671875 -0.83074951171875
-0.0214900970458984 -0.0345935821533203 -0.60076904296875 -0.86981201171875
-0.04638671875 0.00904083251953125 -0.8837890625 0.13092041015625
-0.0127182006835937 0.0124149322509766 -0.2490234375 0.6448974609375
0.0229167938232422 0.00849723815917969 0.22991943359375 0.476409912109375
0.00756168365478516 0.00307035446166992 0.37493896484375 0.057220458984375
0.0155181884765625 -0.0417060852050781 0.277099609375 -0.201217651367188
0.0210514068603516 -0.0280017852783203 -0.278457641601563 0.165069580078125
0.00892353057861328 -0.00162220001220703 -0.339385986328125 -0.141693115234375
0.0285873413085938 0.00456809997558594 -0.149993896484375 -0.502471923828125
0.00268936157226562 0.0170965194702148 0.37030029296875 -0.60589599609375
-0.0482063293457031 0.0134506225585938 0.81884765625 0.0374755859375
-0.0430145263671875 -0.0416221618652344 0.50604248046875 0.84405517578125
0.0279045104980469 -0.0260105133056641 -0.19537353515625 0.76708984375
0.0620765686035156 -0.00589370727539063 0.0577850341796875 0.0333671569824219
0.0168571472167969 -0.0401840209960938 0.2386474609375 -0.83074951171875
-0.0212821960449219 -0.0305671691894531 -0.61065673828125 -0.85662841796875
-0.0378341674804688 0.00825119018554687 -0.8739013671875 0.14910888671875
-0.00701093673706055 0.00534296035766602 -0.235107421875 0.6494140625
0.0260143280029297 0.00258445739746094 0.24200439453125 0.47686767578125
0.00738430023193359 -0.00139045715332031 0.38134765625 0.057098388671875
0.0139923095703125 -0.04095458984375 0.28338623046875 -0.19952392578125
0.0188407897949219 -0.0269870758056641 -0.27728271484375 0.1629638671875
0.00731277465820313 -0.00733423233032226 -0.3380126953125 -0.1444091796875
0.032318115234375 -0.00602149963378906 -0.146392822265625 -0.501190185546875
0.0120134353637695 0.0081777572631836 0.37738037109375 -0.6007080078125
-0.0385894775390625 0.0138664245605469 0.82427978515625 0.04608154296875
-0.0418624877929688 -0.0386695861816406 0.50628662109375 0.8509521484375
0.0222949981689453 -0.027435302734375 -0.1964111328125 0.7684326171875
0.0567817687988281 -0.0102882385253906 0.0593109130859375 0.0322608947753906
0.012237548828125 -0.0407752990722656 0.23468017578125 -0.82977294921875
-0.0179920196533203 -0.0276851654052734 -0.6138916015625 -0.84967041015625
-0.0264568328857422 0.00802993774414063 -0.8709716796875 0.15350341796875
0.00164675712585449 -0.00278997421264648 -0.22760009765625 0.65460205078125
0.0296459197998047 -0.00659370422363281 0.24725341796875 0.480224609375
0.0058140754699707 -0.00586605072021484 0.3807373046875 0.056976318359375
0.010284423828125 -0.0399246215820313 0.2857666015625 -0.197357177734375
0.01507568359375 -0.0243873596191406 -0.27874755859375 0.161911010742188
0.00623512268066406 -0.0152683258056641 -0.339996337890625 -0.14404296875
0.0341529846191406 -0.0137462615966797 -0.147857666015625 -0.4986572265625
0.0231151580810547 0.00319671630859375 0.3760986328125 -0.60003662109375
-0.025909423828125 0.0155754089355469 0.8248291015625 0.04608154296875
-0.0388603210449219 -0.0333442687988281 0.51251220703125 0.8486328125
0.0191211700439453 -0.0263576507568359 -0.19219970703125 0.76641845703125
0.0550079345703125 -0.0146217346191406 0.0599632263183594 0.0306968688964844
0.00799179077148438 -0.0398750305175781 0.23614501953125 -0.82855224609375
-0.0145549774169922 -0.0225753784179688 -0.6134033203125 -0.85028076171875
-0.0151176452636719 0.00844097137451172 -0.8701171875 0.154541015625
0.00967979431152344 -0.0114126205444336 -0.22808837890625 0.65570068359375
0.0302886962890625 -0.0138607025146484 0.245147705078125 0.48388671875
0.00436496734619141 -0.0119733810424805 0.37860107421875 0.059356689453125
0.00754547119140625 -0.0388336181640625 0.285736083984375 -0.19879150390625
0.0106391906738281 -0.0210552215576172 -0.2823486328125 0.1622314453125
0.00347709655761719 -0.0210037231445313 -0.348785400390625 -0.14111328125
0.0355567932128906 -0.0227127075195313 -0.157501220703125 -0.494415283203125
0.0336589813232422 -0.00174331665039063 0.36865234375 -0.6031494140625
-0.0156822204589844 0.017822265625 0.82379150390625 0.0390625
-0.0352249145507813 -0.0291671752929688 0.52105712890625 0.840576171875
0.0155105590820312 -0.0263023376464844 -0.18212890625 0.76702880859375
0.0536155700683594 -0.0194664001464844 0.063323974609375 0.0323944091796875
0.0060272216796875 -0.0394096374511719 0.24462890625 -0.828125
-0.0101566314697266 -0.0175914764404297 -0.60186767578125 -0.857421875
-0.00333118438720703 0.0086369514465332 -0.8699951171875 0.14837646484375
0.0188102722167969 -0.0184803009033203 -0.23748779296875 0.655029296875
0.0336399078369141 -0.0222396850585938 0.237396240234375 0.485015869140625
0.0018310546875 -0.0185413360595703 0.370758056640625 0.06402587890625
0.00413131713867187 -0.0364227294921875 0.281112670898437 -0.1988525390625
0.0216293334960937 -0.0289344787597656 -0.297119140625 0.17425537109375
0.00751447677612305 0.000415325164794922 -0.373748779296875 -0.11663818359375
0.0220355987548828 0.0129489898681641 -0.209228515625 -0.489990234375
-0.00255393981933593 0.0273628234863281 0.2891845703125 -0.64105224609375
-0.0499458312988281 0.0234527587890625 0.78814697265625 -0.0443115234375
-0.0378303527832031 -0.0354461669921875 0.56182861328125 0.77423095703125
0.0387458801269531 -0.0276908874511719 -0.1324462890625 0.7655029296875
0.0725479125976563 -0.00341796875 0.0712432861328125 0.0441665649414062
0.0318489074707031 -0.0350494384765625 0.2861328125 -0.828857421875
-0.009918212890625 -0.0284175872802734 -0.55596923828125 -0.9080810546875
-0.0428314208984375 0.0147018432617188 -0.893798828125 0.0835571289062502
-0.0145597457885742 0.0169172286987305 -0.2889404296875 0.62689208984375
0.0195369720458984 0.00966644287109375 0.197357177734375 0.4710693359375
0.0048823356628418 0.00166940689086914 0.347137451171875 0.061767578125
0.0142974853515625 -0.0424957275390625 0.252609252929688 -0.208251953125
0.0235767364501953 -0.0305404663085938 -0.290618896484375 0.173431396484375
0.00892448425292969 0.0031280517578125 -0.36309814453125 -0.122161865234375
0.0225830078125 0.0165843963623047 -0.19482421875 -0.49224853515625
-0.00605392456054688 0.0274391174316406 0.30682373046875 -0.63330078125
-0.0560150146484375 0.0195121765136719 0.7939453125 -0.0269775390625
-0.0421104431152344 -0.0406761169433594 0.545654296875 0.78955078125
0.0378684997558594 -0.0266571044921875 -0.146728515625 0.76446533203125
0.0723648071289063 -0.00147247314453125 0.0649070739746094 0.0401649475097656
0.0313758850097656 -0.0375556945800781 0.269287109375 -0.82867431640625
-0.0153045654296875 -0.0314178466796875 -0.57537841796875 -0.89111328125
-0.0495948791503906 0.0136756896972656 -0.8875732421875 0.10296630859375
-0.0181674957275391 0.0193233489990234 -0.27020263671875 0.63348388671875
0.0187187194824219 0.0126247406005859 0.2108154296875 0.469146728515625
0.00657176971435547 0.00468158721923828 0.35662841796875 0.055450439453125
0.0162010192871094 -0.0414581298828125 0.257919311523438 -0.20794677734375
0.0231380462646484 -0.0286407470703125 -0.28155517578125 0.173095703125
0.00980663299560547 0.00479888916015625 -0.35443115234375 -0.1273193359375
0.0223598480224609 0.0157279968261719 -0.180908203125 -0.49310302734375
-0.0068206787109375 0.0274658203125 0.32537841796875 -0.6246337890625
-0.0587005615234375 0.0175971984863281 0.79827880859375 -0.00732421875
-0.0440826416015625 -0.0422134399414062 0.53125 0.8067626953125
0.0340480804443359 -0.0261955261230469 -0.163330078125 0.76507568359375
0.0685806274414063 -0.000614166259765625 0.0618438720703125 0.0383834838867187
0.0265312194824219 -0.0372238159179687 0.25506591796875 -0.82958984375
-0.0189876556396484 -0.0340099334716797 -0.58917236328125 -0.87353515625
-0.0497856140136719 0.0115013122558594 -0.87872314453125 0.121826171875
-0.0167064666748047 0.016632080078125 -0.2530517578125 0.63653564453125
0.0190334320068359 0.0126132965087891 0.22332763671875 0.466827392578125
0.00757312774658203 0.00382518768310547 0.365753173828125 0.05145263671875
0.0149497985839844 -0.0410614013671875 0.264617919921875 -0.206695556640625
0.0223159790039063 -0.0293369293212891 -0.278457641601563 0.170013427734375
0.00956153869628906 0.00221347808837891 -0.34539794921875 -0.1312255859375
0.0269069671630859 0.0115833282470703 -0.167510986328125 -0.495452880859375
-0.00433921813964844 0.02142333984375 0.34381103515625 -0.6171875
-0.0553741455078125 0.0162620544433594 0.806884765625 0.01141357421875
-0.045074462890625 -0.0440254211425781 0.52557373046875 0.82037353515625
0.0308246612548828 -0.0270423889160156 -0.1749267578125 0.765380859375
0.0648880004882812 -0.00278472900390625 0.0572471618652344 0.0338211059570312
0.0211067199707031 -0.0394363403320313 0.23553466796875 -0.82818603515625
-0.0209674835205078 -0.0331211090087891 -0.606201171875 -0.85565185546875
-0.0450553894042969 0.0111351013183594 -0.87322998046875 0.1424560546875
-0.0136661529541016 0.0123662948608398 -0.2366943359375 0.64361572265625
0.0237026214599609 0.00829315185546875 0.23907470703125 0.469573974609375
0.00855255126953125 0.00277805328369141 0.372589111328125 0.051727294921875
0.0136642456054688 -0.0424041748046875 0.272735595703125 -0.205047607421875
0.021087646484375 -0.0270156860351563 -0.274368286132813 0.169296264648437
0.00885391235351563 -0.00141143798828125 -0.340484619140625 -0.135040283203125
0.02911376953125 0.00407600402832031 -0.15777587890625 -0.49530029296875
0.00180625915527344 0.0176486968994141 0.35589599609375 -0.60675048828125
-0.0486412048339844 0.0149879455566406 0.8111572265625 0.02667236328125
-0.0441780090332031 -0.0416221618652344 0.51409912109375 0.83013916015625
0.0281581878662109 -0.0267333984375 -0.1842041015625 0.763427734375
0.0607681274414063 -0.00606536865234375 0.057159423828125 0.032012939453125
0.0165786743164063 -0.0396652221679688 0.2259521484375 -0.824951171875
-0.0203227996826172 -0.0305213928222656 -0.61834716796875 -0.8399658203125
-0.0371437072753906 0.00902557373046875 -0.8642578125 0.15899658203125
-0.00592565536499023 0.00544548034667969 -0.2215576171875 0.64813232421875
0.0258598327636719 0.000810623168945313 0.247833251953125 0.46868896484375
0.00745630264282226 -0.000834941864013672 0.376983642578125 0.0499267578125
0.0130233764648438 -0.040771484375 0.278945922851562 -0.204483032226562
0.0178604125976563 -0.0269794464111328 -0.273345947265625 0.167449951171875
0.00709390640258789 -0.00789213180541992 -0.340240478515625 -0.135986328125
0.0311985015869141 -0.00603866577148438 -0.153472900390625 -0.49493408203125
0.0116548538208008 0.00924873352050781 0.36358642578125 -0.6016845703125
-0.0387611389160156 0.0153160095214844 0.81634521484375 0.03350830078125
-0.0412101745605469 -0.0384597778320313 0.51422119140625 0.83868408203125
0.0216236114501953 -0.0276546478271484 -0.18548583984375 0.76287841796875
0.0569534301757813 -0.0113334655761719 0.0566024780273438 0.0292129516601562
0.0113487243652344 -0.039520263671875 0.21868896484375 -0.82745361328125
-0.0177993774414063 -0.0256328582763672 -0.6220703125 -0.83514404296875
-0.0262794494628906 0.00906944274902344 -0.862060546875 0.16650390625
0.000750541687011719 -0.00284886360168457 -0.2154541015625 0.65301513671875
0.0288600921630859 -0.00683212280273437 0.251373291015625 0.471466064453125
0.00556182861328125 -0.00608730316162109 0.378814697265625 0.0499267578125
0.010833740234375 -0.0399017333984375 0.2803955078125 -0.201934814453125
0.0153713226318359 -0.0245704650878906 -0.274658203125 0.167465209960937
0.00534152984619141 -0.0143299102783203 -0.341583251953125 -0.13555908203125
0.0338478088378906 -0.0143604278564453 -0.154937744140625 -0.49078369140625
0.0219039916992188 0.00424575805664063 0.36474609375 -0.600830078125
-0.0265693664550781 0.0160102844238281 0.82061767578125 0.03424072265625
-0.0391807556152344 -0.0345382690429687 0.51910400390625 0.83514404296875
0.0176868438720703 -0.0261344909667969 -0.18011474609375 0.762939453125
0.054931640625 -0.0148124694824219 0.0594825744628906 0.0284919738769531
0.00749588012695313 -0.0393943786621094 0.22174072265625 -0.82568359375
-0.0143070220947266 -0.0235424041748047 -0.617431640625 -0.83477783203125
-0.0138521194458008 0.00827121734619141 -0.85968017578125 0.16876220703125
0.00829887390136719 -0.0112752914428711 -0.21661376953125 0.65472412109375
0.0303363800048828 -0.0154495239257813 0.252044677734375 0.475494384765625
0.00432491302490234 -0.0126829147338867 0.3779296875 0.052764892578125
0.00537109375 -0.0374412536621094 0.27984619140625 -0.202468872070313
0.0111026763916016 -0.0225181579589844 -0.27935791015625 0.167953491210938
0.00355911254882813 -0.0204334259033203 -0.34783935546875 -0.132720947265625
0.0342941284179688 -0.0223712921142578 -0.16485595703125 -0.48724365234375
0.0318450927734375 -0.00127792358398438 0.3551025390625 -0.60272216796875
-0.0137767791748047 0.0184726715087891 0.818115234375 0.02545166015625
-0.0336742401123047 -0.0284042358398438 0.5262451171875 0.8275146484375
0.0162296295166016 -0.0268058776855469 -0.1732177734375 0.761962890625
0.0520515441894531 -0.0188255310058594 0.0624504089355469 0.0293998718261719
0.0048370361328125 -0.0388603210449219 0.23114013671875 -0.8243408203125
-0.00965404510498047 -0.0170574188232422 -0.61126708984375 -0.84063720703125
-0.00306606292724609 0.0093536376953125 -0.86187744140625 0.161376953125
0.0164890289306641 -0.0183124542236328 -0.22369384765625 0.65460205078125
0.0331954956054688 -0.0236415863037109 0.244384765625 0.477508544921875
0.00123214721679688 -0.0173463821411133 0.370880126953125 0.056121826171875
0.00250244140625 -0.0357666015625 0.276580810546875 -0.2041015625
0.0221881866455078 -0.0301609039306641 -0.291748046875 0.178924560546875
0.00761985778808594 -0.000958442687988281 -0.37359619140625 -0.109405517578125
0.0238304138183594 0.0132484436035156 -0.215606689453125 -0.481689453125
-0.00247383117675781 0.0268936157226563 0.2772216796875 -0.6373291015625
-0.0482406616210938 0.0230941772460938 0.78125 -0.05572509765625
-0.0381507873535156 -0.0361824035644531 0.56658935546875 0.7603759765625
0.0380897521972656 -0.0281867980957031 -0.12353515625 0.75823974609375
0.0723724365234375 -0.002899169921875 0.0684585571289063 0.0419540405273437
0.0310935974121094 -0.0362014770507813 0.27264404296875 -0.82525634765625
-0.0102291107177734 -0.0280170440673828 -0.5638427734375 -0.89263916015625
-0.0414199829101563 0.0157661437988281 -0.88250732421875 0.09539794921875
-0.0141754150390625 0.0171823501586914 -0.27685546875 0.6260986328125
0.0185585021972656 0.009552001953125 0.203399658203125 0.46429443359375
0.00404191017150879 0.000589609146118164 0.345703125 0.0557861328125
0.0141868591308594 -0.0427131652832031 0.2467041015625 -0.211013793945313
0.0222206115722656 -0.0311336517333984 -0.28521728515625 0.17742919921875
0.0109691619873047 0.00154590606689453 -0.36285400390625 -0.115509033203125
0.0241336822509766 0.0156917572021484 -0.2020263671875 -0.4840087890625
-0.007415771484375 0.0278263092041016 0.2957763671875 -0.6307373046875
-0.0547256469726563 0.0201377868652344 0.784912109375 -0.037353515625
-0.0405426025390625 -0.0387725830078125 0.55438232421875 0.77508544921875
0.0369453430175781 -0.0270309448242188 -0.13836669921875 0.75927734375
0.0712203979492188 -0.00212860107421875 0.0643463134765625 0.0400428771972656
0.0292778015136719 -0.0370254516601563 0.255859375 -0.8250732421875
-0.01544189453125 -0.0315952301025391 -0.57928466796875 -0.87469482421875
-0.0481834411621094 0.0134696960449219 -0.87811279296875 0.11370849609375
-0.0180397033691406 0.0190029144287109 -0.25921630859375 0.62994384765625
0.0177974700927734 0.0118904113769531 0.215667724609375 0.46148681640625
0.00558376312255859 0.00357437133789063 0.354278564453125 0.049591064453125
0.0142059326171875 -0.0421905517578125 0.25299072265625 -0.210311889648438
0.0213203430175781 -0.0305690765380859 -0.277359008789063 0.177154541015625
0.0106706619262695 0.00340175628662109 -0.352569580078125 -0.119659423828125
0.0242118835449219 0.0159740447998047 -0.185943603515625 -0.48699951171875
-0.00648689270019532 0.0261039733886719 0.31292724609375 -0.6219482421875
-0.0577354431152344 0.0170402526855469 0.79034423828125 -0.01776123046875
-0.0443687438964844 -0.0419654846191406 0.5382080078125 0.79266357421875
0.0350170135498047 -0.0275936126708984 -0.15447998046875 0.75921630859375
0.0683059692382813 -0.002227783203125 0.0594444274902344 0.0372161865234375
0.0264472961425781 -0.035980224609375 0.24151611328125 -0.82342529296875
-0.0184650421142578 -0.0321578979492187 -0.59381103515625 -0.86102294921875
-0.0474472045898437 0.0124435424804688 -0.86712646484375 0.13232421875
-0.0161972045898437 0.0164976119995117 -0.241455078125 0.63519287109375
0.0201053619384766 0.0115299224853516 0.229888916015625 0.460235595703125
0.00717639923095703 0.00313043594360352 0.363250732421875 0.046173095703125
0.0135383605957031 -0.0409202575683594 0.261154174804688 -0.210006713867188
0.0220870971679688 -0.0300312042236328 -0.273574829101563 0.174087524414062
0.00949573516845703 0.000960350036621094 -0.344482421875 -0.124176025390625
0.0270175933837891 0.0102500915527344 -0.173126220703125 -0.490570068359375
-0.0046844482421875 0.0221881866455078 0.3311767578125 -0.6143798828125
-0.0550956726074219 0.0165519714355469 0.80108642578125 0.000854492187500001
-0.0460205078125 -0.0432319641113281 0.52801513671875 0.80914306640625
0.0298748016357422 -0.0271072387695312 -0.16436767578125 0.759521484375
0.0650863647460937 -0.004180908203125 0.0556640625 0.0340347290039062
0.0193023681640625 -0.0381851196289063 0.22430419921875 -0.8233642578125
-0.0207843780517578 -0.031097412109375 -0.6104736328125 -0.8406982421875
-0.0451889038085937 0.012115478515625 -0.86224365234375 0.154296875
-0.0141115188598633 0.0127763748168945 -0.2230224609375 0.6402587890625
0.0237903594970703 0.00635147094726562 0.24200439453125 0.461212158203125
0.00831985473632812 0.00200319290161133 0.370330810546875 0.04498291015625
0.0123634338378906 -0.0423126220703125 0.268325805664062 -0.208084106445312
0.0206890106201172 -0.0281295776367188 -0.269088745117188 0.173416137695313
0.00927734375 -0.000385284423828125 -0.340057373046875 -0.126739501953125
0.0291652679443359 0.00292587280273438 -0.16448974609375 -0.489105224609375
0.00277614593505859 0.0168619155883789 0.34429931640625 -0.60540771484375
-0.0479011535644531 0.0149345397949219 0.8046875 0.0159912109375
-0.0451698303222656 -0.0410995483398438 0.52093505859375 0.8184814453125
0.0261058807373047 -0.0267333984375 -0.1756591796875 0.75909423828125
0.05908203125 -0.00672149658203125 0.0564537048339844 0.0303993225097656
0.015869140625 -0.0383529663085937 0.21295166015625 -0.8204345703125
-0.0206298828125 -0.0294895172119141 -0.6221923828125 -0.8262939453125
-0.0363082885742188 0.01007080078125 -0.85479736328125 0.1695556640625
-0.00718927383422852 0.00621318817138672 -0.21148681640625 0.64471435546875
0.0261192321777344 0.000898361206054687 0.253082275390625 0.460601806640625
0.0078730583190918 -0.00111532211303711 0.3758544921875 0.04351806640625
0.0103950500488281 -0.0407981872558594 0.27294921875 -0.206314086914063
0.0182209014892578 -0.0261726379394531 -0.269760131835937 0.170196533203125
0.00802040100097656 -0.00719356536865234 -0.337554931640625 -0.129608154296875
0.0321216583251953 -0.00597763061523438 -0.1610107421875 -0.486572265625
0.0111703872680664 0.00976657867431641 0.35235595703125 -0.60076904296875
-0.0373992919921875 0.0157203674316406 0.81103515625 0.02398681640625
-0.0422019958496094 -0.0386543273925781 0.5203857421875 0.8226318359375
0.0214214324951172 -0.0270252227783203 -0.17633056640625 0.75604248046875
0.055633544921875 -0.0117950439453125 0.0560684204101563 0.0281982421875
0.00951004028320312 -0.0390472412109375 0.20745849609375 -0.82080078125
-0.0180892944335938 -0.0241641998291016 -0.62591552734375 -0.8173828125
-0.0254020690917969 0.00866127014160157 -0.85003662109375 0.1771240234375
0.00047612190246582 -0.00403141975402832 -0.203857421875 0.651123046875
0.0277442932128906 -0.00857734680175781 0.25762939453125 0.46484375
0.0059056282043457 -0.00655603408813476 0.375732421875 0.044281005859375
0.00775146484375 -0.0404548645019531 0.27587890625 -0.205734252929688
0.0156021118164062 -0.0248317718505859 -0.269973754882813 0.170974731445312
0.00572395324707031 -0.0150642395019531 -0.341156005859375 -0.126739501953125
0.0337257385253906 -0.0158348083496094 -0.161865234375 -0.4833984375
0.0235481262207031 0.00401115417480469 0.3507080078125 -0.599365234375
-0.0265102386474609 0.0166912078857422 0.8118896484375 0.02349853515625
-0.039031982421875 -0.0329170227050781 0.5235595703125 0.82159423828125
0.0178756713867188 -0.0265674591064453 -0.1719970703125 0.75604248046875
0.0522613525390625 -0.0148162841796875 0.0580062866210937 0.0280303955078125
0.0057525634765625 -0.0385589599609375 0.20916748046875 -0.819580078125
-0.0145797729492187 -0.0214462280273438 -0.62371826171875 -0.817138671875
-0.0142221450805664 0.00945663452148438 -0.84912109375 0.178466796875
0.00780200958251953 -0.0113239288330078 -0.20361328125 0.65130615234375
0.0294418334960938 -0.0168533325195313 0.255889892578125 0.4677734375
0.00374126434326172 -0.0122661590576172 0.374664306640625 0.0478515625
0.0051116943359375 -0.038360595703125 0.276443481445313 -0.206069946289063
0.0115413665771484 -0.0227947235107422 -0.272872924804687 0.170608520507812
0.00431251525878906 -0.0199794769287109 -0.346527099609375 -0.126129150390625
0.0341281890869141 -0.0244960784912109 -0.171783447265625 -0.480987548828125
0.0312862396240234 -0.00269317626953125 0.34271240234375 -0.6019287109375
-0.0144538879394531 0.0186119079589844 0.81048583984375 0.015869140625
-0.0347251892089844 -0.0285835266113281 0.53271484375 0.8125
0.0144577026367188 -0.0271015167236328 -0.16387939453125 0.7562255859375
0.0511589050292969 -0.0185089111328125 0.0605010986328125 0.0283126831054688
0.00485992431640625 -0.0373382568359375 0.218017578125 -0.8197021484375
-0.0104703903198242 -0.0163602828979492 -0.61395263671875 -0.82421875
-0.00179195404052734 0.0099191665649414 -0.85076904296875 0.1688232421875
0.0162792205810547 -0.0190048217773437 -0.21240234375 0.6507568359375
0.0322990417480469 -0.0247745513916016 0.248992919921875 0.470245361328125
0.00178909301757812 -0.0188198089599609 0.3692626953125 0.05108642578125
0.00127029418945312 -0.0360832214355469 0.27276611328125 -0.206207275390625
0.0214557647705078 -0.0297870635986328 -0.288421630859375 0.181243896484375
0.00799798965454102 -0.000601291656494141 -0.371826171875 -0.10345458984375
0.0234241485595703 0.0122661590576172 -0.22015380859375 -0.472686767578125
-0.00336265563964844 0.0276126861572266 0.2657470703125 -0.6317138671875
-0.0470657348632813 0.0247802734375 0.7706298828125 -0.06341552734375
-0.0378570556640625 -0.0359725952148438 0.56658935546875 0.7471923828125
0.0360450744628906 -0.0289764404296875 -0.1134033203125 0.75030517578125
0.0694694519042969 -0.00357437133789063 0.067779541015625 0.0409736633300781
0.0300979614257813 -0.0348606109619141 0.26220703125 -0.8187255859375
-0.00994491577148438 -0.0271759033203125 -0.56549072265625 -0.87603759765625
-0.0406417846679687 0.0161666870117187 -0.8714599609375 0.1044921875
-0.0157737731933594 0.017608642578125 -0.265869140625 0.62213134765625
0.0186309814453125 0.00854682922363281 0.207275390625 0.456298828125
0.00462436676025391 -0.000713825225830078 0.342620849609375 0.04986572265625
0.01190185546875 -0.0411796569824219 0.2430419921875 -0.213104248046875
0.0222492218017578 -0.0306301116943359 -0.2801513671875 0.180740356445312
0.00970554351806641 0.00324630737304688 -0.360565185546875 -0.107879638671875
0.0237770080566406 0.0147533416748047 -0.2064208984375 -0.47503662109375
-0.00616073608398437 0.0277557373046875 0.28350830078125 -0.62725830078125
-0.0553092956542969 0.0227317810058594 0.77532958984375 -0.0458984375
-0.0424079895019531 -0.0386314392089844 0.55462646484375 0.7618408203125
0.0365562438964844 -0.0283584594726563 -0.1300048828125 0.75225830078125
0.0694465637207031 -0.00273895263671875 0.0626182556152344 0.0384407043457031
0.0287246704101563 -0.0354042053222656 0.24713134765625 -0.81817626953125
-0.0161266326904297 -0.0299606323242187 -0.58038330078125 -0.85882568359375
-0.0462112426757813 0.0144424438476562 -0.86651611328125 0.1246337890625
-0.0182476043701172 0.0180072784423828 -0.24957275390625 0.6280517578125
0.0185317993164063 0.0102500915527344 0.219146728515625 0.4539794921875
0.00627422332763672 0.00334453582763672 0.35186767578125 0.0440673828125
0.0119895935058594 -0.0422935485839844 0.249267578125 -0.21234130859375
0.0219326019287109 -0.0291538238525391 -0.27215576171875 0.179458618164063
0.0111293792724609 0.00343418121337891 -0.351043701171875 -0.11376953125
0.0263042449951172 0.0147991180419922 -0.190826416015625 -0.479278564453125
-0.00760650634765625 0.0271396636962891 0.30010986328125 -0.618896484375
-0.0562858581542969 0.0199737548828125 0.78070068359375 -0.026611328125
-0.0435905456542969 -0.0414161682128906 0.54052734375 0.7796630859375
0.0332489013671875 -0.027801513671875 -0.1453857421875 0.75347900390625
0.0670585632324219 -0.00179672241210937 0.0580558776855469 0.0347557067871094
0.0254669189453125 -0.0367965698242188 0.23101806640625 -0.81878662109375
-0.0187911987304688 -0.0317707061767578 -0.596435546875 -0.84466552734375
-0.0482444763183594 0.0141868591308594 -0.85662841796875 0.1409912109375
-0.0175189971923828 0.0170974731445313 -0.2305908203125 0.63092041015625
0.019561767578125 0.010009765625 0.2322998046875 0.452728271484375
0.00753021240234375 0.00423717498779297 0.360595703125 0.040496826171875
0.0125160217285156 -0.0415878295898438 0.256561279296875 -0.212142944335938
0.0218334197998047 -0.0297718048095703 -0.268936157226563 0.17755126953125
0.011749267578125 0.00197505950927734 -0.343048095703125 -0.118072509765625
0.0280399322509766 0.0104484558105469 -0.178375244140625 -0.480621337890625
-0.00440025329589844 0.0220203399658203 0.318115234375 -0.61187744140625
-0.0533981323242188 0.0173759460449219 0.7918701171875 -0.00872802734375
-0.0446968078613281 -0.0428390502929688 0.53271484375 0.79266357421875
0.0298805236816406 -0.0276374816894531 -0.15789794921875 0.75213623046875
0.0632858276367188 -0.00345611572265625 0.0553970336914063 0.0308685302734375
0.0201187133789063 -0.0381660461425781 0.21240234375 -0.81488037109375
-0.0205249786376953 -0.0305442810058594 -0.613525390625 -0.82330322265625
-0.04461669921875 0.0124282836914062 -0.8521728515625 0.161865234375
-0.0130634307861328 0.0124320983886719 -0.21337890625 0.63861083984375
0.0227870941162109 0.00606918334960937 0.246185302734375 0.45318603515625
0.00771236419677734 0.00246810913085938 0.367156982421875 0.039642333984375
0.0112266540527344 -0.0423698425292969 0.264389038085938 -0.211318969726562
0.0197982788085937 -0.0290737152099609 -0.264328002929688 0.175827026367187
0.0107955932617188 -0.00257587432861328 -0.33770751953125 -0.12005615234375
0.0298252105712891 0.00247383117675781 -0.169158935546875 -0.479522705078125
0.00317764282226563 0.016632080078125 0.33154296875 -0.60382080078125
-0.0474014282226563 0.01617431640625 0.7969970703125 0.00592041015625
-0.0442390441894531 -0.0408821105957031 0.5225830078125 0.80413818359375
0.0252418518066406 -0.0273704528808594 -0.165771484375 0.75115966796875
0.060211181640625 -0.00714492797851563 0.0555305480957031 0.0291557312011719
0.0136909484863281 -0.0367584228515625 0.2027587890625 -0.81500244140625
-0.0201168060302734 -0.0290508270263672 -0.62384033203125 -0.80908203125
-0.0355567932128906 0.0105972290039062 -0.84326171875 0.17791748046875
-0.00741195678710938 0.00597572326660156 -0.20074462890625 0.64068603515625
0.0246257781982422 0.000814437866210937 0.25555419921875 0.4532470703125
0.00739431381225586 -0.00145101547241211 0.372589111328125 0.037811279296875
0.00894546508789063 -0.0403251647949219 0.269775390625 -0.210479736328125
0.0189857482910156 -0.0259971618652344 -0.263641357421875 0.174285888671875
0.00988388061523438 -0.0073699951171875 -0.33697509765625 -0.1229248046875
0.0315570831298828 -0.00694656372070312 -0.164886474609375 -0.480133056640625
0.0120458602905273 0.0103092193603516 0.34149169921875 -0.59808349609375
-0.0369873046875 0.0159416198730469 0.80279541015625 0.0146484375
-0.0419998168945312 -0.0384254455566406 0.52362060546875 0.81036376953125
0.0208168029785156 -0.0280227661132812 -0.16729736328125 0.75079345703125
0.0557212829589844 -0.0108070373535156 0.0541572570800781 0.0260505676269531
0.00952911376953125 -0.0372161865234375 0.19580078125 -0.81451416015625
-0.0181655883789062 -0.0249061584472656 -0.6259765625 -0.80224609375
-0.0256862640380859 0.00913810729980469 -0.84234619140625 0.1861572265625
-0.000171661376953125 -0.00278472900390625 -0.19415283203125 0.64593505859375
0.0285167694091797 -0.00965118408203125 0.260528564453125 0.456024169921875
0.00575780868530273 -0.00594186782836914 0.373382568359375 0.038299560546875
0.00727081298828124 -0.0398941040039062 0.271255493164063 -0.208053588867188
0.0145282745361328 -0.0235385894775391 -0.265304565429688 0.174407958984375
0.00588130950927735 -0.0134248733520508 -0.340087890625 -0.121490478515625
0.0339412689208984 -0.0159053802490234 -0.167205810546875 -0.473907470703125
0.0227737426757813 0.00389480590820313 0.3394775390625 -0.59588623046875
-0.0261173248291016 0.0170917510986328 0.80303955078125 0.01361083984375
-0.039337158203125 -0.0328903198242188 0.5269775390625 0.806884765625
0.0171279907226562 -0.0272598266601562 -0.16400146484375 0.75164794921875
0.0516853332519531 -0.0154190063476562 0.0571212768554688 0.02581787109375
0.00484466552734375 -0.0372352600097656 0.19879150390625 -0.81353759765625
-0.014251708984375 -0.0202121734619141 -0.625244140625 -0.80316162109375
-0.0130252838134766 0.00880908966064453 -0.83837890625 0.18536376953125
0.00732803344726562 -0.0118045806884766 -0.19366455078125 0.64862060546875
0.0301132202148438 -0.0171527862548828 0.260467529296875 0.458038330078125
0.00257778167724609 -0.0124731063842773 0.371246337890625 0.040435791015625
0.00367355346679688 -0.03753662109375 0.270767211914063 -0.207733154296875
0.0106945037841797 -0.0224971771240234 -0.268936157226562 0.17474365234375
0.00343513488769531 -0.0210590362548828 -0.34619140625 -0.1192626953125
0.0353507995605469 -0.024169921875 -0.174774169921875 -0.472625732421875
0.0324840545654297 -0.00167655944824219 0.33245849609375 -0.5982666015625
-0.0143089294433594 0.0195350646972656 0.80401611328125 0.00811767578125
-0.0347213745117187 -0.02764892578125 0.5357666015625 0.7994384765625
0.0141239166259766 -0.0279884338378906 -0.154296875 0.75
0.0493278503417969 -0.0192146301269531 0.0599555969238281 0.0268707275390625
0.00391769409179688 -0.0363311767578125 0.2069091796875 -0.813232421875
-0.00936508178710938 -0.0159778594970703 -0.6158447265625 -0.8116455078125
-0.00193405151367188 0.0101051330566406 -0.8399658203125 0.1785888671875
0.0144424438476563 -0.0181884765625 -0.20361328125 0.64788818359375
0.0325431823730469 -0.0252838134765625 0.25341796875 0.461334228515625
-0.000143051147460937 -0.0189895629882812 0.3663330078125 0.044158935546875
0.000366210937500002 -0.0363655090332031 0.269210815429688 -0.207778930664063
0.0195980072021484 -0.0301189422607422 -0.28265380859375 0.18365478515625
0.00832843780517578 0.000160694122314453 -0.368988037109375 -0.097412109375
0.0241489410400391 0.0120887756347656 -0.22271728515625 -0.46466064453125
-0.00190162658691406 0.0279006958007813 0.2568359375 -0.62872314453125
-0.047637939453125 0.0245437622070312 0.7607421875 -0.068115234375
-0.0384597778320313 -0.0340003967285156 0.569091796875 0.736083984375
0.0351390838623047 -0.0281162261962891 -0.1094970703125 0.74261474609375
0.0683517456054688 -0.00416946411132813 0.0662117004394531 0.0392532348632813
0.0288581848144531 -0.0339813232421875 0.25115966796875 -0.8111572265625
-0.0110836029052734 -0.0273971557617188 -0.566162109375 -0.861328125
-0.0395050048828125 0.0168075561523438 -0.86181640625 0.111083984375
-0.0153188705444336 0.0174770355224609 -0.257080078125 0.61785888671875
0.0183734893798828 0.00675201416015625 0.208770751953125 0.449981689453125
0.00474643707275391 -0.000313758850097656 0.33978271484375 0.044769287109375
0.0111732482910156 -0.0407600402832031 0.238800048828125 -0.213653564453125
0.0223808288574219 -0.0303287506103516 -0.274505615234375 0.181320190429688
0.0098123550415039 0.00249576568603516 -0.35791015625 -0.102203369140625
0.0246543884277344 0.0146522521972656 -0.2093505859375 -0.468353271484375
-0.00625991821289063 0.0281143188476562 0.27301025390625 -0.6217041015625
-0.0533409118652344 0.02215576171875 0.76678466796875 -0.0499267578125
-0.0421829223632813 -0.0382041931152344 0.55596923828125 0.74981689453125
0.0348873138427734 -0.0293178558349609 -0.12353515625 0.7447509765625
0.06787109375 -0.00290298461914063 0.0613670349121094 0.0372314453125
0.0271682739257812 -0.0348606109619141 0.23638916015625 -0.809814453125
-0.0142307281494141 -0.0302829742431641 -0.5804443359375 -0.84283447265625
-0.0453872680664063 0.0161781311035156 -0.8548583984375 0.12908935546875
-0.0188808441162109 0.0193843841552734 -0.240234375 0.622802734375
0.0183277130126953 0.0100955963134766 0.22216796875 0.447845458984375
0.00651645660400391 0.00238466262817383 0.3497314453125 0.04052734375
0.0117073059082031 -0.0414199829101563 0.24530029296875 -0.2132568359375
0.0217113494873047 -0.0298652648925781 -0.266860961914063 0.1826171875
0.011286735534668 0.00322055816650391 -0.34783935546875 -0.107635498046875
0.0252132415771484 0.0143547058105469 -0.1939697265625 -0.470855712890625
-0.00594329833984375 0.026123046875 0.29168701171875 -0.61395263671875
-0.0563011169433594 0.0194053649902344 0.7734375 -0.02972412109375
-0.045379638671875 -0.0418281555175781 0.5391845703125 0.76873779296875
0.0320453643798828 -0.0281028747558594 -0.14013671875 0.74481201171875
0.0653228759765625 -0.002197265625 0.0557746887207031 0.0346183776855469
0.023468017578125 -0.0355033874511719 0.22015380859375 -0.80889892578125
-0.0177345275878906 -0.0306510925292969 -0.5955810546875 -0.82940673828125
-0.0474815368652344 0.0148124694824219 -0.845947265625 0.1473388671875
-0.0175132751464844 0.0171785354614258 -0.222900390625 0.6251220703125
0.0188426971435547 0.00958824157714844 0.234893798828125 0.445526123046875
0.0064539909362793 0.00315570831298828 0.357025146484375 0.03521728515625
0.0105438232421875 -0.0405082702636719 0.2525634765625 -0.212417602539063
0.0212039947509766 -0.0295829772949219 -0.263717651367187 0.179702758789063
0.0114288330078125 0.00176811218261719 -0.341064453125 -0.111846923828125
0.0283126831054688 0.00989341735839844 -0.181549072265625 -0.47198486328125
-0.00445175170898438 0.0224800109863281 0.30841064453125 -0.6070556640625
-0.0523834228515625 0.0171432495117188 0.78240966796875 -0.01422119140625
-0.0447578430175781 -0.0419654846191406 0.5318603515625 0.78125
0.0291786193847656 -0.0279102325439453 -0.1512451171875 0.74395751953125
0.0623817443847656 -0.00481796264648438 0.0542335510253906 0.0311088562011719
0.0198402404785156 -0.0361671447753906 0.20208740234375 -0.808837890625
-0.0199718475341797 -0.0302810668945313 -0.61248779296875 -0.810302734375
-0.0432052612304688 0.0120925903320312 -0.83935546875 0.16796875
-0.0138950347900391 0.0121040344238281 -0.20758056640625 0.6319580078125
0.0224113464355469 0.00538063049316406 0.248046875 0.446868896484375
0.00776004791259766 0.00270557403564453 0.363525390625 0.035430908203125
0.0100250244140625 -0.0416183471679688 0.26025390625 -0.211380004882813
0.0192031860351563 -0.0279827117919922 -0.260040283203125 0.17779541015625
0.0116710662841797 -0.00199127197265625 -0.335601806640625 -0.1142578125
0.0301361083984375 0.00185775756835937 -0.1737060546875 -0.473846435546875
0.00236034393310547 0.0164937973022461 0.321533203125 -0.59783935546875
-0.0470123291015625 0.0162734985351563 0.78765869140625 0.001220703125
-0.043670654296875 -0.0407867431640625 0.52386474609375 0.79254150390625
0.0251388549804688 -0.0279140472412109 -0.160400390625 0.74395751953125
0.0576057434082031 -0.00727081298828125 0.05377197265625 0.0270538330078125
0.0129356384277344 -0.0371208190917969 0.19281005859375 -0.80682373046875
-0.0194454193115234 -0.0276336669921875 -0.622314453125 -0.7943115234375
-0.034698486328125 0.0110797882080078 -0.83209228515625 0.18243408203125
-0.00747537612915039 0.00600051879882813 -0.19207763671875 0.636474609375
0.0245609283447266 -0.00132942199707031 0.258544921875 0.4451904296875
0.00605344772338867 -0.00194406509399414 0.368408203125 0.0325927734375
0.00782012939453125 -0.0404701232910156 0.264694213867188 -0.209869384765625
0.0169467926025391 -0.0256519317626953 -0.260498046875 0.175888061523437
0.00915050506591797 -0.00737380981445312 -0.335235595703125 -0.11676025390625
0.0326671600341797 -0.00671577453613281 -0.168731689453125 -0.470794677734375
0.0120229721069336 0.00976943969726563 0.32928466796875 -0.59368896484375
-0.0368614196777344 0.0178337097167969 0.79254150390625 0.00933837890625
-0.0423622131347656 -0.0375709533691406 0.5250244140625 0.79730224609375
0.0199470520019531 -0.0282688140869141 -0.16204833984375 0.742919921875
0.0543403625488281 -0.0110816955566406 0.051910400390625 0.0253677368164063
0.00806808471679688 -0.0360260009765625 0.18597412109375 -0.80645751953125
-0.0175971984863281 -0.0245132446289063 -0.62640380859375 -0.78662109375
-0.0251178741455078 0.0114154815673828 -0.82806396484375 0.19091796875
-0.00122642517089844 -0.00313854217529297 -0.18377685546875 0.64111328125
0.0271453857421875 -0.0093841552734375 0.26336669921875 0.447296142578125
0.00564050674438477 -0.00623464584350586 0.368988037109375 0.0340576171875
0.00675201416015625 -0.039337158203125 0.267440795898438 -0.209609985351563
0.0135250091552734 -0.0245876312255859 -0.260772705078125 0.1761474609375
0.00629520416259766 -0.0140218734741211 -0.33740234375 -0.115753173828125
0.0332813262939453 -0.0166702270507813 -0.171356201171875 -0.46722412109375
0.0221385955810547 0.00312423706054688 0.329833984375 -0.5931396484375
-0.0255336761474609 0.0186100006103516 0.7955322265625 0.00927734375
-0.0378684997558594 -0.03277587890625 0.5294189453125 0.79559326171875
0.0155429840087891 -0.0278530120849609 -0.1572265625 0.7421875
0.05078125 -0.0152244567871094 0.0546760559082031 0.0243721008300781
0.00458526611328125 -0.03570556640625 0.189697265625 -0.80548095703125
-0.0145511627197266 -0.0206584930419922 -0.621337890625 -0.78857421875
-0.0129337310791016 0.0104398727416992 -0.827392578125 0.19122314453125
0.00697231292724609 -0.0121183395385742 -0.18609619140625 0.6424560546875
0.0297012329101563 -0.0179653167724609 0.262298583984375 0.452545166015625
0.00313377380371094 -0.0123348236083984 0.36773681640625 0.03741455078125
0.001678466796875 -0.036956787109375 0.266891479492188 -0.210861206054688
0.0105323791503906 -0.0230560302734375 -0.264419555664063 0.1763916015625
0.00523567199707031 -0.0193672180175781 -0.344573974609375 -0.113250732421875
0.0335788726806641 -0.0253658294677734 -0.17828369140625 -0.464691162109375
0.0312900543212891 -0.00228309631347656 0.32257080078125 -0.59326171875
-0.0130615234375 0.0202426910400391 0.79437255859375 6.10351562500012E-05
-0.0348033905029297 -0.0272312164306641 0.53692626953125 0.786865234375
0.013031005859375 -0.027313232421875 -0.149658203125 0.74176025390625
0.0485916137695312 -0.0189552307128906 0.05743408203125 0.0263252258300781
0.00236129760742188 -0.0361061096191406 0.1986083984375 -0.80474853515625
-0.00865840911865234 -0.0150289535522461 -0.6143798828125 -0.795654296875
-0.000909805297851563 0.00956630706787109 -0.828125 0.183349609375
0.0136890411376953 -0.0194034576416016 -0.1949462890625 0.6419677734375
0.0306205749511719 -0.0258312225341797 0.25537109375 0.45458984375
-0.000795364379882811 -0.0191707611083984 0.36236572265625 0.040008544921875
-0.0013885498046875 -0.0344619750976563 0.263534545898438 -0.2093505859375
0.0204601287841797 -0.0296707153320313 -0.278274536132813 0.185211181640625
0.00917911529541016 -0.000840187072753906 -0.364959716796875 -0.0921325683593749
0.0242862701416016 0.0109233856201172 -0.22412109375 -0.4564208984375
-0.00152969360351562 0.0265312194824219 0.24786376953125 -0.621337890625
-0.0461807250976563 0.0262374877929687 0.75152587890625 -0.0718994140625
-0.0374946594238281 -0.0354080200195313 0.5665283203125 0.72393798828125
0.0347671508789063 -0.0287113189697266 -0.10498046875 0.73480224609375
0.0679893493652344 -0.00464248657226563 0.0637550354003906 0.0389366149902344
0.0279216766357422 -0.0334396362304688 0.24346923828125 -0.8035888671875
-0.00872230529785156 -0.0258827209472656 -0.56524658203125 -0.84869384765625
-0.0383262634277344 0.01678466796875 -0.851318359375 0.116943359375
-0.0160846710205078 0.0168771743774414 -0.249755859375 0.61260986328125
0.0176944732666016 0.00671577453613281 0.210479736328125 0.444244384765625
0.00450849533081055 -0.000279426574707031 0.336181640625 0.04241943359375
0.00883865356445312 -0.0415191650390625 0.234115600585937 -0.2144775390625
0.0208892822265625 -0.0303516387939453 -0.270309448242188 0.18292236328125
0.0110998153686523 0.00269126892089844 -0.355224609375 -0.0983276367187499
0.0243396759033203 0.0138130187988281 -0.210693359375 -0.459808349609375
-0.006195068359375 0.029327392578125 0.26617431640625 -0.61553955078125
-0.0518989562988281 0.0233612060546875 0.75634765625 -0.05462646484375
-0.0413017272949219 -0.0377197265625 0.55389404296875 0.73944091796875
0.0337371826171875 -0.0289802551269531 -0.11920166015625 0.7357177734375
0.0671920776367188 -0.00294876098632813 0.0596504211425781 0.035675048828125
0.0269222259521484 -0.0339164733886719 0.2274169921875 -0.802978515625
-0.0136184692382813 -0.0291976928710937 -0.58123779296875 -0.83172607421875
-0.0443115234375 0.0160331726074219 -0.84490966796875 0.1339111328125
-0.0189189910888672 0.0188751220703125 -0.2325439453125 0.61767578125
0.017730712890625 0.00967216491699219 0.222320556640625 0.44097900390625
0.00563144683837891 0.00201082229614258 0.344207763671875 0.036407470703125
0.0102806091308594 -0.0409088134765625 0.239532470703125 -0.214889526367187
0.0218696594238281 -0.0299758911132813 -0.263092041015625 0.183212280273437
0.0121679306030273 0.00204086303710938 -0.34539794921875 -0.102325439453125
0.02606201171875 0.0129871368408203 -0.1954345703125 -0.462890625
-0.0068206787109375 0.0270290374755859 0.28265380859375 -0.607421875
-0.05560302734375 0.0213584899902344 0.76409912109375 -0.03436279296875
-0.0447235107421875 -0.0415840148925781 0.5386962890625 0.75653076171875
0.0309505462646484 -0.0281715393066406 -0.13519287109375 0.737548828125
0.0664405822753906 -0.00242996215820312 0.0548286437988281 0.0325202941894531
0.0235862731933594 -0.0354118347167969 0.2120361328125 -0.801513671875
-0.0177726745605469 -0.0294399261474609 -0.59466552734375 -0.81634521484375
-0.0461387634277344 0.0154495239257812 -0.83349609375 0.15032958984375
-0.0172576904296875 0.0183258056640625 -0.215576171875 0.621337890625
0.0183315277099609 0.00924491882324219 0.23553466796875 0.43719482421875
0.00610589981079101 0.00332880020141602 0.35260009765625 0.032684326171875
0.00856781005859375 -0.04010009765625 0.2479248046875 -0.21343994140625
0.0218124389648438 -0.0293140411376953 -0.259567260742188 0.182098388671875
0.0137453079223633 0.00182056427001953 -0.338897705078125 -0.10626220703125
0.0284080505371094 0.00847434997558594 -0.18487548828125 -0.464385986328125
-0.00407981872558593 0.0228729248046875 0.30206298828125 -0.60137939453125
-0.0526695251464844 0.0185470581054688 0.77392578125 -0.0174560546875
-0.0440597534179688 -0.0419692993164063 0.53057861328125 0.7698974609375
0.0280246734619141 -0.0283164978027344 -0.14556884765625 0.7369384765625
0.0598526000976563 -0.00510025024414063 0.0509452819824219 0.0300407409667969
0.0180740356445313 -0.0349235534667969 0.1953125 -0.800048828125
-0.0191593170166016 -0.0284557342529297 -0.60980224609375 -0.795166015625
-0.0417251586914063 0.0126991271972656 -0.82891845703125 0.1695556640625
-0.01446533203125 0.0121555328369141 -0.198974609375 0.62823486328125
0.0215053558349609 0.00415611267089844 0.249725341796875 0.4384765625
0.00719738006591797 0.00148630142211914 0.360565185546875 0.030517578125
0.00904083251953125 -0.0417251586914063 0.2559814453125 -0.211471557617188
0.0188484191894531 -0.0282211303710938 -0.255783081054688 0.180068969726563
0.0114173889160156 -0.000668525695800781 -0.333404541015625 -0.1094970703125
0.029022216796875 0.00148391723632813 -0.174774169921875 -0.46441650390625
0.00249385833740234 0.0166568756103516 0.3157958984375 -0.59326171875
-0.0464096069335938 0.0173797607421875 0.7781982421875 -0.00408935546875
-0.0446891784667969 -0.0399703979492188 0.52191162109375 0.78125
0.0235233306884766 -0.0282001495361328 -0.15435791015625 0.73675537109375
0.0564842224121094 -0.00802993774414063 0.0504798889160156 0.0264015197753906
0.0124626159667969 -0.0356063842773438 0.1864013671875 -0.79901123046875
-0.0192127227783203 -0.0261974334716797 -0.6192626953125 -0.7823486328125
-0.0334300994873047 0.0113372802734375 -0.82110595703125 0.1861572265625
-0.00821208953857422 0.00543355941772461 -0.18487548828125 0.63079833984375
0.0242118835449219 -0.00111770629882813 0.258758544921875 0.43878173828125
0.00682306289672851 -0.00222063064575195 0.365020751953125 0.029449462890625
0.00623321533203125 -0.0408134460449219 0.261016845703125 -0.211685180664063
0.0163650512695312 -0.0262794494628906 -0.255050659179688 0.177566528320313
0.00992774963378906 -0.00653362274169922 -0.33184814453125 -0.112274169921875
0.0320472717285156 -0.00785636901855469 -0.17071533203125 -0.463653564453125
0.0126781463623047 0.0106105804443359 0.3226318359375 -0.5892333984375
-0.0355415344238281 0.0172386169433594 0.7833251953125 0.0040283203125
-0.0421676635742188 -0.0365753173828125 0.52386474609375 0.786376953125
0.0188655853271484 -0.0281333923339844 -0.1572265625 0.735595703125
0.0524940490722656 -0.0112648010253906 0.0515975952148438 0.0242195129394531
0.00835037231445313 -0.0349102020263672 0.18084716796875 -0.79840087890625
-0.016571044921875 -0.0238933563232422 -0.6243896484375 -0.7745361328125
-0.0243091583251953 0.0112876892089844 -0.818115234375 0.19415283203125
-0.00122165679931641 -0.0022130012512207 -0.17755126953125 0.63616943359375
0.0264034271240234 -0.00997161865234375 0.262786865234375 0.44024658203125
0.00486564636230469 -0.007049560546875 0.366424560546875 0.030517578125
0.00336456298828125 -0.0386085510253906 0.26318359375 -0.210723876953125
0.0138492584228516 -0.0253124237060547 -0.255294799804688 0.178512573242188
0.00802230834960937 -0.012700080871582 -0.33587646484375 -0.111572265625
0.0324115753173828 -0.0163536071777344 -0.174560546875 -0.460540771484375
0.0213775634765625 0.00366020202636719 0.32086181640625 -0.58734130859375
-0.0246696472167969 0.0190811157226563 0.7852783203125 0.00421142578125
-0.0381622314453125 -0.0325546264648437 0.5267333984375 0.78265380859375
0.0151996612548828 -0.0283641815185547 -0.153564453125 0.7353515625
0.0496139526367188 -0.0150489807128906 0.0526084899902344 0.0239753723144531
0.004638671875 -0.0352058410644531 0.181884765625 -0.79827880859375
-0.01336669921875 -0.0187282562255859 -0.62030029296875 -0.77667236328125
-0.0121421813964844 0.00949382781982422 -0.8165283203125 0.19476318359375
0.00496673583984375 -0.0113277435302734 -0.1766357421875 0.6363525390625
0.0291385650634766 -0.01837158203125 0.263916015625 0.44293212890625
0.00245285034179688 -0.0130138397216797 0.363525390625 0.032440185546875
0.00111007690429688 -0.0371932983398437 0.2625732421875 -0.209976196289063
0.0104160308837891 -0.0222663879394531 -0.260910034179688 0.1783447265625
0.0045318603515625 -0.0199222564697266 -0.34173583984375 -0.10791015625
0.0343818664550781 -0.0245609283447266 -0.181427001953125 -0.456695556640625
0.0302734375 -0.00154685974121094 0.31317138671875 -0.58905029296875
-0.0134124755859375 0.0200996398925781 0.78472900390625 -0.00372314453125
-0.0341072082519531 -0.0271377563476563 0.5352783203125 0.77227783203125
0.0133590698242188 -0.0280227661132813 -0.14373779296875 0.73272705078125
0.0475044250488281 -0.0176582336425781 0.0555076599121094 0.0247573852539063
0.0019378662109375 -0.0344791412353516 0.1893310546875 -0.79730224609375
-0.0090179443359375 -0.0147714614868164 -0.6124267578125 -0.7816162109375
-0.000612258911132812 0.0106687545776367 -0.817138671875 0.18634033203125
0.0133819580078125 -0.0192317962646484 -0.1856689453125 0.63671875
0.0307388305664063 -0.0265617370605469 0.257171630859375 0.446441650390625
0.000537872314453125 -0.0193042755126953 0.35919189453125 0.036712646484375
-0.00185203552246093 -0.0348262786865234 0.259796142578125 -0.21160888671875
0.0202178955078125 -0.0301761627197266 -0.273452758789063 0.18695068359375
0.00946331024169922 -0.000617027282714844 -0.362640380859375 -0.0888671875
0.0241851806640625 0.0111713409423828 -0.225616455078125 -0.44927978515625
-0.00151443481445312 0.0270214080810547 0.24163818359375 -0.61541748046875
-0.0451164245605469 0.0261459350585938 0.7445068359375 -0.07305908203125
-0.0372543334960938 -0.0345039367675781 0.56390380859375 0.71514892578125
0.0338134765625 -0.0295810699462891 -0.10345458984375 0.72650146484375
0.0664634704589844 -0.0046844482421875 0.0621757507324219 0.0384864807128906
0.0286407470703125 -0.0320453643798828 0.23834228515625 -0.794921875
-0.00937652587890625 -0.0253124237060547 -0.56134033203125 -0.83819580078125
-0.0369377136230469 0.0169639587402344 -0.84027099609375 0.11785888671875
-0.016697883605957 0.0167102813720703 -0.24310302734375 0.60772705078125
0.0177936553955078 0.00611305236816406 0.21099853515625 0.438873291015625
0.00449943542480469 -0.000601291656494141 0.333160400390625 0.039398193359375
0.00855636596679687 -0.0396003723144531 0.231246948242188 -0.215316772460938
0.0211563110351562 -0.0304775238037109 -0.266342163085938 0.185028076171875
0.0113964080810547 0.00220775604248047 -0.350982666015625 -0.09320068359375
0.0255413055419922 0.0129547119140625 -0.212493896484375 -0.4521484375
-0.005828857421875 0.0282917022705078 0.259033203125 -0.61029052734375
-0.0521774291992188 0.0236358642578125 0.74920654296875 -0.05682373046875
-0.04150390625 -0.0379104614257813 0.552001953125 0.730224609375
0.0325412750244141 -0.0289421081542969 -0.11724853515625 0.730712890625
0.0669212341308594 -0.00218963623046875 0.0577774047851563 0.0351409912109375
0.02581787109375 -0.0328426361083984 0.223388671875 -0.7943115234375
-0.0146446228027344 -0.0279350280761719 -0.57470703125 -0.820556640625
-0.0434188842773438 0.0170173645019531 -0.8353271484375 0.13604736328125
-0.0196666717529297 0.0192718505859375 -0.2266845703125 0.61114501953125
0.0180721282958984 0.00948905944824219 0.223541259765625 0.43450927734375
0.00525808334350586 0.00301647186279297 0.34130859375 0.034423828125
0.0100517272949219 -0.04034423828125 0.238372802734375 -0.21429443359375
0.0212574005126953 -0.0302028656005859 -0.25836181640625 0.185012817382812
0.0123624801635742 0.00317668914794922 -0.34271240234375 -0.097930908203125
0.0260066986083984 0.0122776031494141 -0.1973876953125 -0.455718994140625
-0.00607490539550781 0.0258216857910156 0.2767333984375 -0.60284423828125
-0.0540580749511719 0.0210075378417969 0.75421142578125 -0.03631591796875
-0.0429306030273438 -0.0395050048828125 0.53607177734375 0.74713134765625
0.0312213897705078 -0.0276088714599609 -0.13262939453125 0.7301025390625
0.0645484924316406 -0.00268936157226562 0.0531463623046875 0.0321578979492188
0.0227985382080078 -0.0334606170654297 0.2073974609375 -0.79400634765625
-0.0181961059570313 -0.0294628143310547 -0.5894775390625 -0.804931640625
-0.04351806640625 0.0146331787109375 -0.82568359375 0.1533203125
-0.0186996459960938 0.0182418823242187 -0.20941162109375 0.6165771484375
0.0184688568115234 0.00811958312988281 0.236572265625 0.43109130859375
0.0067753791809082 0.00294923782348633 0.350006103515625 0.0303955078125
0.00901412963867187 -0.0387687683105469 0.243759155273437 -0.214767456054688
0.0211315155029297 -0.030792236328125 -0.255645751953125 0.181655883789062
0.0126819610595703 0.00202751159667969 -0.33685302734375 -0.103790283203125
0.0285930633544922 0.00803184509277344 -0.185821533203125 -0.458343505859375
-0.00469779968261719 0.022613525390625 0.293212890625 -0.5941162109375
-0.0506172180175781 0.0202674865722656 0.76409912109375 -0.020263671875
-0.0439949035644531 -0.0413284301757812 0.5277099609375 0.760498046875
0.0267162322998047 -0.0282249450683594 -0.1435546875 0.72845458984375
0.06103515625 -0.00443267822265625 0.0506019592285156 0.0283584594726563
0.0165805816650391 -0.0340137481689453 0.19122314453125 -0.79058837890625
-0.0190315246582031 -0.0285167694091797 -0.60516357421875 -0.78497314453125
-0.0403327941894531 0.0141029357910156 -0.81988525390625 0.17266845703125
-0.0152835845947266 0.0121335983276367 -0.1934814453125 0.62188720703125
0.0202999114990234 0.00382232666015625 0.248443603515625 0.43328857421875
0.00693464279174805 0.00192642211914062 0.35675048828125 0.027069091796875
0.00787353515625 -0.0407638549804688 0.252914428710938 -0.213104248046875
0.0182437896728516 -0.0283031463623047 -0.252365112304688 0.1807861328125
0.0121879577636719 -0.00178050994873047 -0.3309326171875 -0.1068115234375
0.0308742523193359 0.000318527221679688 -0.175933837890625 -0.458740234375
0.00186538696289063 0.0168962478637695 0.30804443359375 -0.5872802734375
-0.0453987121582031 0.0177230834960938 0.77032470703125 -0.0047607421875
-0.0432472229003906 -0.0405960083007813 0.5206298828125 0.77081298828125
0.0235176086425781 -0.0263519287109375 -0.15081787109375 0.7281494140625
0.0559234619140625 -0.00693511962890625 0.0498046875 0.0258102416992187
0.0120162963867188 -0.0344390869140625 0.18243408203125 -0.7890625
-0.0192642211914063 -0.0265693664550781 -0.61505126953125 -0.7694091796875
-0.032745361328125 0.0114517211914062 -0.81085205078125 0.1885986328125
-0.0085902214050293 0.0059046745300293 -0.1795654296875 0.62432861328125
0.0240192413330078 -0.00214195251464844 0.257415771484375 0.432281494140625
0.00537872314453125 -0.00104093551635742 0.360107421875 0.02734375
0.00526809692382813 -0.0404167175292969 0.257476806640625 -0.212371826171875
0.0165824890136719 -0.0268630981445312 -0.251724243164063 0.1773681640625
0.00978755950927734 -0.00728797912597656 -0.330657958984375 -0.10833740234375
0.0321292877197266 -0.00835990905761719 -0.1722412109375 -0.45745849609375
0.0112552642822266 0.00982761383056641 0.31298828125 -0.58294677734375
-0.0356826782226563 0.0176200866699219 0.77447509765625 0.00115966796875
-0.0407943725585938 -0.036346435546875 0.5205078125 0.7750244140625
0.0188083648681641 -0.0275344848632813 -0.153076171875 0.7274169921875
0.0519256591796875 -0.0109138488769531 0.0485420227050781 0.0234260559082031
0.007843017578125 -0.0346240997314453 0.17431640625 -0.7916259765625
-0.0164642333984375 -0.0229701995849609 -0.61920166015625 -0.76385498046875
-0.0227146148681641 0.0111656188964844 -0.8072509765625 0.19427490234375
-0.00297641754150391 -0.00279402732849121 -0.17327880859375 0.62982177734375
0.0259246826171875 -0.00999069213867188 0.26409912109375 0.435333251953125
0.00477361679077148 -0.00703239440917969 0.362762451171875 0.0279541015625
0.0033111572265625 -0.0378875732421875 0.259628295898438 -0.210800170898437
0.0137195587158203 -0.0246734619140625 -0.251953125 0.179244995117188
0.00836658477783203 -0.0139646530151367 -0.332611083984375 -0.106353759765625
0.0345134735107422 -0.0175685882568359 -0.17523193359375 -0.453521728515625
0.0216140747070313 0.00327301025390625 0.31365966796875 -0.58074951171875
-0.0241985321044922 0.0191059112548828 0.77716064453125 0.0020751953125
-0.0387344360351563 -0.0316963195800781 0.5230712890625 0.7742919921875
0.0148429870605469 -0.0280551910400391 -0.1507568359375 0.72772216796875
0.0489006042480469 -0.0153884887695313 0.0510063171386719 0.0228691101074219
0.00444602966308594 -0.0337791442871094 0.1759033203125 -0.7889404296875
-0.0131111145019531 -0.019195556640625 -0.6143798828125 -0.76348876953125
-0.0124950408935547 0.00987052917480469 -0.803466796875 0.1981201171875
0.0051727294921875 -0.0107030868530273 -0.17333984375 0.63116455078125
0.0283985137939453 -0.0180206298828125 0.263671875 0.436981201171875
0.00170516967773437 -0.0126619338989258 0.35986328125 0.030120849609375
-0.000320434570312504 -0.0359764099121094 0.258834838867188 -0.209793090820313
0.0104694366455078 -0.0224761962890625 -0.256607055664063 0.177963256835938
0.00537109375 -0.0190925598144531 -0.33917236328125 -0.104583740234375
0.0337276458740234 -0.02520751953125 -0.18194580078125 -0.450164794921875
0.0308437347412109 -0.00159835815429688 0.3076171875 -0.58453369140625
-0.0131626129150391 0.0204296112060547 0.77520751953125 -0.0069580078125
-0.0339927673339844 -0.0275611877441406 0.53216552734375 0.7647705078125
0.0114231109619141 -0.0282630920410156 -0.1405029296875 0.72552490234375
0.0463638305664063 -0.0181312561035156 0.0529251098632813 0.0244255065917969
0.00146675109863281 -0.0329055786132813 0.18621826171875 -0.7890625
-0.00827121734619141 -0.0141239166259766 -0.60662841796875 -0.7711181640625
-0.000384330749511719 0.00977420806884766 -0.806396484375 0.1883544921875
0.0129814147949219 -0.0178432464599609 -0.18023681640625 0.63043212890625
0.0303916931152344 -0.0267524719238281 0.256500244140625 0.44024658203125
-0.000267028808593751 -0.0185546875 0.3551025390625 0.03533935546875
-0.00357818603515625 -0.0332508087158203 0.256881713867188 -0.210617065429688
0.0191478729248047 -0.0300235748291016 -0.27056884765625 0.186981201171875
0.00958919525146484 -0.000110626220703125 -0.35943603515625 -0.085205078125
0.0243968963623047 0.0102882385253906 -0.22552490234375 -0.4429931640625
-0.00132942199707031 0.0266761779785156 0.23773193359375 -0.6087646484375
-0.044525146484375 0.0260696411132813 0.73626708984375 -0.07305908203125
-0.0373382568359375 -0.0333404541015625 0.55828857421875 0.706787109375
0.0323657989501953 -0.028350830078125 -0.1025390625 0.72015380859375
0.066253662109375 -0.00312423706054687 0.0608139038085938 0.0372352600097656
0.0280132293701172 -0.0307159423828125 0.23388671875 -0.785888671875
-0.00878524780273437 -0.0252857208251953 -0.55560302734375 -0.82843017578125
-0.0369796752929688 0.01678466796875 -0.83099365234375 0.11846923828125
-0.0169038772583008 0.0169792175292969 -0.23858642578125 0.60247802734375
0.0170354843139648 0.00510597229003906 0.21002197265625 0.43316650390625
0.00326299667358398 -0.00128030776977539 0.3289794921875 0.037628173828125
0.00665664672851562 -0.0394706726074219 0.228408813476563 -0.2139892578125
0.0208740234375 -0.0310325622558594 -0.263015747070313 0.18450927734375
0.0108718872070313 0.00248908996582031 -0.348846435546875 -0.090362548828125
0.0258312225341797 0.0125865936279297 -0.212188720703125 -0.446319580078125
-0.00555229187011719 0.0284500122070313 0.25433349609375 -0.6019287109375
-0.0510292053222656 0.0247421264648438 0.740234375 -0.05712890625
-0.0416374206542969 -0.0386886596679688 0.5462646484375 0.722900390625
0.0319747924804688 -0.0283069610595703 -0.1158447265625 0.72210693359375
0.0655250549316406 -0.00180816650390625 0.0557403564453125 0.0347061157226563
0.0268039703369141 -0.0316314697265625 0.2183837890625 -0.7867431640625
-0.0131244659423828 -0.0281448364257812 -0.5716552734375 -0.81134033203125
-0.0429344177246094 0.016815185546875 -0.824951171875 0.1363525390625
-0.0196437835693359 0.01885986328125 -0.221435546875 0.606689453125
0.0162754058837891 0.00821208953857422 0.223114013671875 0.428802490234375
0.00466728210449219 0.00205278396606445 0.338958740234375 0.031982421875
0.00741958618164063 -0.0404243469238281 0.234756469726563 -0.21356201171875
0.0204372406005859 -0.0295581817626953 -0.256484985351562 0.183486938476563
0.0131216049194336 0.00293636322021484 -0.3404541015625 -0.095733642578125
0.0254611968994141 0.0121669769287109 -0.197265625 -0.4501953125
-0.00592231750488281 0.0262222290039062 0.272705078125 -0.5958251953125
-0.0524177551269531 0.021575927734375 0.74725341796875 -0.03717041015625
-0.043548583984375 -0.0404052734375 0.532470703125 0.7406005859375
0.0304412841796875 -0.0278987884521484 -0.13201904296875 0.72314453125
0.0632781982421875 -0.00166702270507813 0.0515823364257813 0.0320243835449219
0.0226573944091797 -0.0330905914306641 0.20330810546875 -0.78485107421875
-0.0168056488037109 -0.0288734436035156 -0.58258056640625 -0.7957763671875
-0.0440406799316406 0.0150032043457031 -0.81640625 0.15277099609375
-0.0192451477050781 0.0173606872558594 -0.205810546875 0.6114501953125
0.0181961059570313 0.00760459899902344 0.2353515625 0.42559814453125
0.0067138671875 0.002593994140625 0.346832275390625 0.027862548828125
0.00820159912109375 -0.0401268005371094 0.242965698242188 -0.213714599609375
0.0201530456542969 -0.0299797058105469 -0.251174926757813 0.182418823242188
0.0130767822265625 0.00261497497558594 -0.33270263671875 -0.100830078125
0.0281333923339844 0.00797843933105469 -0.1861572265625 -0.453155517578125
-0.00363540649414062 0.0234355926513672 0.28900146484375 -0.589111328125
-0.0513496398925781 0.0194168090820312 0.7568359375 -0.02081298828125
-0.0454216003417969 -0.0405197143554688 0.5235595703125 0.7529296875
0.0268459320068359 -0.0281143188476563 -0.14227294921875 0.722412109375
0.0591621398925781 -0.00326919555664062 0.0486221313476563 0.028472900390625
0.01715087890625 -0.0328083038330078 0.1873779296875 -0.7843017578125
-0.0192451477050781 -0.0280933380126953 -0.59930419921875 -0.77581787109375
-0.0406036376953125 0.0137252807617187 -0.8101806640625 0.17303466796875
-0.0150909423828125 0.0124006271362305 -0.1893310546875 0.6153564453125
0.0213947296142578 0.00352096557617188 0.248626708984375 0.42742919921875
0.00651979446411133 0.00176715850830078 0.35382080078125 0.02606201171875
0.00791549682617187 -0.0403327941894531 0.249603271484375 -0.211471557617188
0.0186424255371094 -0.0284614562988281 -0.24884033203125 0.181015014648438
0.0126743316650391 -0.00143909454345703 -0.327972412109375 -0.1041259765625
0.0301475524902344 0.000520706176757813 -0.177337646484375 -0.45220947265625
0.00246429443359375 0.0172252655029297 0.30218505859375 -0.5809326171875
-0.0437545776367188 0.0182037353515625 0.7607421875 -0.00531005859375
-0.0427665710449219 -0.039306640625 0.516357421875 0.76385498046875
0.0224723815917969 -0.0281219482421875 -0.15118408203125 0.72216796875
0.0554122924804688 -0.00600051879882813 0.0472297668457031 0.0247573852539063
0.0116043090820312 -0.0333251953125 0.1768798828125 -0.78057861328125
-0.0180206298828125 -0.0259895324707031 -0.60986328125 -0.7630615234375
-0.0328826904296875 0.0122013092041016 -0.80126953125 0.189208984375
-0.00874948501586914 0.00490427017211914 -0.173583984375 0.619140625
0.0233039855957031 -0.00281333923339844 0.258270263671875 0.42706298828125
0.00532341003417969 -0.00214862823486328 0.358612060546875 0.025421142578125
0.00634765625 -0.0385093688964844 0.25396728515625 -0.212005615234375
0.0172557830810547 -0.0275402069091797 -0.248275756835938 0.178512573242187
0.010498046875 -0.00718402862548828 -0.327423095703125 -0.105072021484375
0.0319328308105469 -0.00730133056640625 -0.173248291015625 -0.450592041015625
0.01123046875 0.0104751586914063 0.30987548828125 -0.57818603515625
-0.0346946716308594 0.0182247161865234 0.7664794921875 0.00140380859375
-0.0415534973144531 -0.0366859436035156 0.51605224609375 0.7701416015625
0.0180091857910156 -0.027252197265625 -0.154296875 0.72015380859375
0.0513420104980469 -0.00988388061523438 0.0468368530273438 0.0231361389160156
0.00750923156738281 -0.0332584381103516 0.171630859375 -0.78070068359375
-0.0154647827148438 -0.0220508575439453 -0.6119384765625 -0.754150390625
-0.0219917297363281 0.0111904144287109 -0.7965087890625 0.1959228515625
-0.00232076644897461 -0.00258612632751465 -0.16864013671875 0.62347412109375
0.0262279510498047 -0.0109176635742188 0.263641357421875 0.4298095703125
0.00320196151733398 -0.00712013244628906 0.3583984375 0.025360107421875
0.0021209716796875 -0.0378684997558594 0.256393432617188 -0.210464477539063
0.0129356384277344 -0.0242805480957031 -0.24932861328125 0.178268432617187
0.00769138336181641 -0.0127983093261719 -0.328765869140625 -0.103607177734375
0.0328865051269531 -0.0175590515136719 -0.1741943359375 -0.44683837890625
0.0209903717041016 0.00414466857910156 0.3094482421875 -0.57440185546875
-0.0248069763183594 0.0185089111328125 0.76904296875 0.0015869140625
-0.0380630493164063 -0.0322914123535156 0.519287109375 0.7662353515625
0.0140914916992188 -0.0280647277832031 -0.14892578125 0.720458984375
0.0488777160644531 -0.0142860412597656 0.0493583679199219 0.0233993530273438
0.0041961669921875 -0.0332412719726563 0.1741943359375 -0.78240966796875
-0.0123701095581055 -0.0175676345825195 -0.60931396484375 -0.755615234375
-0.011322021484375 0.0109977722167969 -0.79547119140625 0.19451904296875
0.0047607421875 -0.0106410980224609 -0.1693115234375 0.62420654296875
0.0276336669921875 -0.0178546905517578 0.262115478515625 0.432708740234375
0.00160312652587891 -0.0125274658203125 0.356414794921875 0.02825927734375
-0.000350952148437498 -0.0356941223144531 0.256546020507813 -0.210845947265625
0.00966453552246094 -0.0230236053466797 -0.253936767578125 0.177993774414063
0.00507354736328125 -0.01959228515625 -0.33563232421875 -0.10101318359375
0.0332546234130859 -0.0255889892578125 -0.182769775390625 -0.443817138671875
0.0310783386230469 -0.00152587890625 0.30169677734375 -0.57781982421875
-0.011932373046875 0.0202674865722656 0.76947021484375 -0.00616455078125
-0.0348892211914062 -0.0268707275390625 0.52789306640625 0.7574462890625
0.0118370056152344 -0.0270919799804688 -0.14007568359375 0.7193603515625
0.0451278686523438 -0.0182266235351563 0.0521621704101563 0.0232200622558594
0.00181770324707031 -0.0313606262207031 0.18292236328125 -0.77838134765625
-0.00762462615966797 -0.0139532089233398 -0.60040283203125 -0.76318359375
0.000827789306640624 0.009979248046875 -0.7982177734375 0.18756103515625
0.0119113922119141 -0.0179195404052734 -0.17559814453125 0.624267578125
0.0292587280273437 -0.0257968902587891 0.256988525390625 0.435546875
-0.000408172607421875 -0.0187835693359375 0.3531494140625 0.0321044921875
-0.003875732421875 -0.0340805053710938 0.25341796875 -0.210662841796875
0.0195503234863281 -0.0302581787109375 -0.26763916015625 0.186630249023438
0.00968265533447265 -0.000515937805175781 -0.356597900390625 -0.08349609375
0.0248069763183594 0.0091552734375 -0.22406005859375 -0.439178466796875
-0.00121688842773437 0.0261440277099609 0.2342529296875 -0.60333251953125
-0.0441818237304687 0.0256690979003906 0.72894287109375 -0.07159423828125
-0.0366668701171875 -0.034576416015625 0.555419921875 0.70263671875
0.0324630737304688 -0.0285320281982422 -0.1024169921875 0.7135009765625
0.0645179748535156 -0.00336837768554688 0.0592994689941406 0.0367813110351563
0.0277061462402344 -0.0300998687744141 0.23291015625 -0.78009033203125
-0.00768852233886719 -0.0249118804931641 -0.55126953125 -0.82171630859375
-0.0358428955078125 0.0170860290527344 -0.82305908203125 0.11688232421875
-0.0174493789672852 0.0169658660888672 -0.23516845703125 0.59893798828125
0.0170440673828125 0.00514507293701172 0.20977783203125 0.427947998046875
0.00407814979553223 0.000257730484008789 0.3272705078125 0.03582763671875
0.00666046142578125 -0.038116455078125 0.227401733398438 -0.212509155273437
0.0206680297851563 -0.0307960510253906 -0.260604858398438 0.184768676757813
0.0121383666992188 0.00235843658447266 -0.346282958984375 -0.0887451171875
0.0253486633300781 0.0114231109619141 -0.211273193359375 -0.4404296875
-0.0062103271484375 0.0282993316650391 0.24957275390625 -0.59716796875
-0.0508995056152344 0.0251960754394531 0.73388671875 -0.0557861328125
-0.040771484375 -0.0376510620117187 0.54217529296875 0.71722412109375
0.0324249267578125 -0.0288944244384766 -0.11639404296875 0.7152099609375
0.0651931762695313 -0.00225830078125 0.0543479919433594 0.0349502563476563
0.0261287689208984 -0.0307693481445313 0.21600341796875 -0.7772216796875
-0.0126152038574219 -0.0269565582275391 -0.56451416015625 -0.8026123046875
-0.041107177734375 0.0156364440917969 -0.81573486328125 0.1346435546875
-0.0195522308349609 0.0195808410644531 -0.2191162109375 0.60137939453125
0.0157842636108398 0.00809383392333984 0.2216796875 0.423736572265625
0.00454950332641602 0.00328397750854492 0.3353271484375 0.031707763671875
0.0075531005859375 -0.0392990112304687 0.233627319335938 -0.213470458984375
0.02044677734375 -0.0291595458984375 -0.252471923828125 0.185287475585937
0.0131645202636719 0.00352001190185547 -0.337921142578125 -0.0925292968749999
0.02569580078125 0.0124492645263672 -0.197021484375 -0.44451904296875
-0.00701332092285156 0.0258922576904297 0.26788330078125 -0.58929443359375
-0.0521278381347656 0.0223541259765625 0.74005126953125 -0.03521728515625
-0.0428848266601563 -0.0399665832519531 0.52545166015625 0.73248291015625
0.0295639038085938 -0.0282688140869141 -0.1319580078125 0.71630859375
0.0621566772460938 -0.0016937255859375 0.0485916137695313 0.0320243835449219
0.0221996307373047 -0.0302963256835937 0.20208740234375 -0.777587890625
-0.015899658203125 -0.0282077789306641 -0.578125 -0.78851318359375
-0.0431976318359375 0.01470947265625 -0.80950927734375 0.15301513671875
-0.0185680389404297 0.0184192657470703 -0.203125 0.60491943359375
0.0167732238769531 0.00727748870849609 0.23455810546875 0.423004150390625
0.00591039657592773 0.00370359420776367 0.344512939453125 0.025970458984375
0.00714492797851563 -0.0388221740722656 0.239593505859375 -0.213897705078125
0.0205173492431641 -0.0303230285644531 -0.250015258789063 0.182144165039063
0.0140819549560547 0.00215911865234375 -0.330780029296875 -0.0979614257812499
0.0271282196044922 0.0073089599609375 -0.18609619140625 -0.446502685546875
-0.0031890869140625 0.0238075256347656 0.2862548828125 -0.584716796875
-0.0499458312988281 0.0193595886230469 0.7506103515625 -0.0194091796875
-0.0426216125488281 -0.0408210754394531 0.51806640625 0.74725341796875
0.0259418487548828 -0.0273685455322266 -0.14190673828125 0.71539306640625
0.0586509704589844 -0.00339889526367188 0.0469970703125 0.0279502868652344
0.0170154571533203 -0.0316486358642578 0.18548583984375 -0.7747802734375
-0.0171298980712891 -0.0273590087890625 -0.5941162109375 -0.7679443359375
-0.0393943786621094 0.0129280090332031 -0.80157470703125 0.172119140625
-0.0159177780151367 0.0127468109130859 -0.1849365234375 0.60980224609375
0.0211353302001953 0.002716064453125 0.247283935546875 0.423370361328125
0.00640726089477539 0.00171279907226562 0.35125732421875 0.024871826171875
0.00598907470703125 -0.0395126342773438 0.247406005859375 -0.212539672851563
0.0184803009033203 -0.0288276672363281 -0.245590209960938 0.180496215820312
0.012354850769043 -0.00255012512207031 -0.32611083984375 -0.100921630859375
0.0293636322021484 0.00022125244140625 -0.176177978515625 -0.44744873046875
0.00304985046386719 0.0172595977783203 0.299560546875 -0.5748291015625
-0.0430374145507813 0.0189857482910156 0.755126953125 -0.005859375
-0.0429306030273438 -0.0390052795410156 0.5115966796875 0.75872802734375
0.0210838317871094 -0.0269069671630859 -0.15185546875 0.7149658203125
0.0548934936523438 -0.00664138793945313 0.0457954406738281 0.0248260498046875
0.0109634399414062 -0.0326728820800781 0.17694091796875 -0.7738037109375
-0.0173530578613281 -0.0251789093017578 -0.6024169921875 -0.7550048828125
-0.031158447265625 0.0128078460693359 -0.795166015625 0.1868896484375
-0.00999832153320313 0.00546455383300781 -0.17291259765625 0.61334228515625
0.0233840942382813 -0.00370407104492187 0.2568359375 0.42218017578125
0.00618839263916016 -0.00112771987915039 0.35528564453125 0.024169921875
0.00316238403320313 -0.0380973815917969 0.252197265625 -0.212066650390625
0.0166969299316406 -0.0266857147216797 -0.245254516601563 0.177993774414063
0.0109882354736328 -0.00758171081542969 -0.325439453125 -0.102081298828125
0.0319252014160156 -0.00942802429199219 -0.17193603515625 -0.444244384765625
0.0124225616455078 0.0103988647460937 0.30767822265625 -0.5716552734375
-0.0345478057861328 0.0183238983154297 0.7607421875 0.00128173828125
-0.0409202575683594 -0.0362510681152344 0.51141357421875 0.76214599609375
0.0176105499267578 -0.0277194976806641 -0.15423583984375 0.7149658203125
0.0509376525878906 -0.00930404663085938 0.0452613830566406 0.0226631164550781
0.00805854797363281 -0.0317401885986328 0.16986083984375 -0.77313232421875
-0.0160942077636719 -0.0215129852294922 -0.60565185546875 -0.74859619140625
-0.0230350494384766 0.0108757019042969 -0.79095458984375 0.19427490234375
-0.00295877456665039 -0.00251388549804688 -0.1649169921875 0.618408203125
0.0264854431152344 -0.0115566253662109 0.261474609375 0.4259033203125
0.00474929809570313 -0.00693321228027344 0.355560302734375 0.023895263671875
0.00258255004882812 -0.037445068359375 0.2547607421875 -0.210891723632813
0.0145282745361328 -0.0245246887207031 -0.24774169921875 0.177825927734375
0.00938796997070312 -0.0125703811645508 -0.326995849609375 -0.10107421875
0.0336818695068359 -0.0173511505126953 -0.173248291015625 -0.4412841796875
0.0217208862304688 0.00407028198242188 0.3056640625 -0.56890869140625
-0.0236930847167969 0.0188522338867187 0.761474609375 0.0013427734375
-0.0386543273925781 -0.0324859619140625 0.51507568359375 0.760986328125
0.0137825012207031 -0.0288925170898438 -0.1507568359375 0.71405029296875
0.047943115234375 -0.0140647888183594 0.0469169616699219 0.0224380493164063
0.00453376770019531 -0.0319004058837891 0.1729736328125 -0.77227783203125
-0.0108442306518555 -0.0166492462158203 -0.603759765625 -0.7481689453125
-0.00915908813476563 0.0107021331787109 -0.78851318359375 0.19525146484375
0.00454425811767578 -0.0104484558105469 -0.1650390625 0.61932373046875
0.0275306701660156 -0.0189590454101563 0.26068115234375 0.427764892578125
0.00144481658935547 -0.0129003524780273 0.354278564453125 0.026031494140625
-0.0013275146484375 -0.0353622436523438 0.254074096679688 -0.210037231445313
0.0107250213623047 -0.0229415893554688 -0.250961303710938 0.179351806640625
0.0061187744140625 -0.019195556640625 -0.333648681640625 -0.097442626953125
0.0343379974365234 -0.0258636474609375 -0.18206787109375 -0.439239501953125
0.0304222106933594 -0.00150871276855469 0.2979736328125 -0.572509765625
-0.0121917724609375 0.0205345153808594 0.76092529296875 -0.0072021484375
-0.0341167449951172 -0.0273609161376953 0.52264404296875 0.7510986328125
0.0108013153076172 -0.0272865295410156 -0.14019775390625 0.7125244140625
0.0445442199707031 -0.0176925659179688 0.05029296875 0.0236091613769531
0.00159072875976562 -0.0302295684814453 0.1800537109375 -0.773681640625
-0.00693130493164063 -0.0139036178588867 -0.59405517578125 -0.754638671875
-5.91278076171875E-05 0.0109100341796875 -0.788818359375 0.18609619140625
0.0107154846191406 -0.0174465179443359 -0.1748046875 0.6187744140625
0.02777099609375 -0.0272636413574219 0.254180908203125 0.431304931640625
-0.000877380371093748 -0.0179061889648438 0.348297119140625 0.0296630859375
-0.00415992736816406 -0.0325698852539063 0.2515869140625 -0.210922241210938
0.0184764862060547 -0.030181884765625 -0.26568603515625 0.184906005859375
0.0117015838623047 -0.000597000122070313 -0.354888916015625 -0.0820922851562501
0.0248298645019531 0.00858116149902344 -0.22149658203125 -0.433685302734375
-0.00121688842773437 0.0265312194824219 0.23016357421875 -0.596435546875
-0.0431251525878906 0.0269241333007812 0.72430419921875 -0.07012939453125
-0.0364608764648437 -0.0330429077148438 0.54925537109375 0.6978759765625
0.0310192108154297 -0.0286350250244141 -0.10516357421875 0.70953369140625
0.0643463134765625 -0.00339508056640625 0.0578117370605469 0.0377349853515625
0.0274868011474609 -0.0293502807617188 0.23272705078125 -0.771728515625
-0.00656890869140625 -0.0248546600341797 -0.54364013671875 -0.8138427734375
-0.0344028472900391 0.0181255340576172 -0.8167724609375 0.1156005859375
-0.0176429748535156 0.0172805786132813 -0.23284912109375 0.5933837890625
0.0165748596191406 0.00388240814208984 0.20843505859375 0.42633056640625
0.00356769561767578 0.000668525695800781 0.324432373046875 0.0350341796875
0.00654220581054688 -0.0389022827148437 0.225067138671875 -0.212448120117188
0.0203704833984375 -0.0307216644287109 -0.257858276367188 0.18292236328125
0.0130634307861328 0.00361919403076172 -0.345855712890625 -0.08685302734375
0.02593994140625 0.0123043060302734 -0.210205078125 -0.436248779296875
-0.0059051513671875 0.0281352996826172 0.25079345703125 -0.59002685546875
-0.0494537353515625 0.0250625610351562 0.72930908203125 -0.05419921875
-0.041107177734375 -0.0382232666015625 0.53662109375 0.71307373046875
0.0312309265136719 -0.0283012390136719 -0.11968994140625 0.709716796875
0.0638923645019531 -0.00171279907226563 0.0528297424316406 0.0347747802734375
0.0258712768554688 -0.0309944152832031 0.21759033203125 -0.771240234375
-0.0118312835693359 -0.02685546875 -0.5592041015625 -0.79681396484375
-0.0401268005371094 0.0162849426269531 -0.8109130859375 0.13262939453125
-0.0195217132568359 0.0191478729248047 -0.21710205078125 0.5963134765625
0.0169076919555664 0.00678253173828125 0.220458984375 0.421478271484375
0.0043034553527832 0.00294899940490723 0.33343505859375 0.030059814453125
0.00627517700195312 -0.0404853820800781 0.2310791015625 -0.21282958984375
0.0193119049072266 -0.0302906036376953 -0.249740600585938 0.183059692382813
0.0137710571289062 0.00251293182373047 -0.335052490234375 -0.0914306640625001
0.0256977081298828 0.0113773345947266 -0.193939208984375 -0.44012451171875
-0.00686454772949219 0.0272960662841797 0.26458740234375 -0.5838623046875
-0.0515327453613281 0.021820068359375 0.73388671875 -0.03460693359375
-0.0424613952636719 -0.0393714904785156 0.52386474609375 0.7294921875
0.0299167633056641 -0.0275516510009766 -0.13323974609375 0.71240234375
0.0624198913574219 -0.00110626220703125 0.0483779907226563 0.0309791564941406
0.0215396881103516 -0.0301017761230469 0.199951171875 -0.7701416015625
-0.0142669677734375 -0.0275611877441406 -0.5703125 -0.782958984375
-0.0420875549316406 0.0143890380859375 -0.80133056640625 0.14862060546875
-0.0195846557617188 0.0167655944824219 -0.20184326171875 0.60107421875
0.0181503295898438 0.00720405578613281 0.232757568359375 0.419830322265625
0.00471401214599609 0.00250577926635742 0.340728759765625 0.025909423828125
0.00663375854492188 -0.038116455078125 0.238372802734375 -0.21258544921875
0.0196895599365234 -0.0303382873535156 -0.247726440429688 0.180816650390625
0.0143260955810547 0.00161075592041016 -0.328857421875 -0.0958251953125001
0.0281257629394531 0.00706672668457031 -0.184844970703125 -0.442352294921875
-0.00321769714355469 0.0230216979980469 0.2825927734375 -0.57855224609375
-0.0498847961425781 0.0193099975585938 0.744140625 -0.01678466796875
-0.0419654846191406 -0.0404739379882812 0.51361083984375 0.74139404296875
0.0242233276367188 -0.0278472900390625 -0.14276123046875 0.70916748046875
0.0571098327636719 -0.00225448608398438 0.0444145202636719 0.0272750854492188
0.0166606903076172 -0.0302581787109375 0.18487548828125 -0.76708984375
-0.0178775787353516 -0.0272502899169922 -0.587158203125 -0.76300048828125
-0.0389404296875 0.0139312744140625 -0.79559326171875 0.171142578125
-0.0164098739624023 0.0134544372558594 -0.18408203125 0.60504150390625
0.0205097198486328 0.00280189514160156 0.246612548828125 0.421783447265625
0.00623416900634766 0.00136852264404297 0.348785400390625 0.02392578125
0.00657272338867188 -0.0387763977050781 0.245956420898437 -0.212722778320312
0.0178089141845703 -0.0284652709960938 -0.243408203125 0.180740356445313
0.0123929977416992 -0.0016021728515625 -0.325042724609375 -0.0994873046875001
0.0309123992919922 -7.62939453125E-06 -0.174224853515625 -0.44305419921875
0.00354862213134766 0.0172929763793945 0.2969970703125 -0.57012939453125
-0.042694091796875 0.0187263488769531 0.7498779296875 -0.004150390625
-0.0427398681640625 -0.03955078125 0.5057373046875 0.7535400390625
0.0216236114501953 -0.0270862579345703 -0.1539306640625 0.70947265625
0.0527915954589844 -0.00585174560546875 0.0440673828125 0.0246047973632813
0.0107517242431641 -0.0309009552001953 0.17535400390625 -0.76580810546875
-0.0175895690917969 -0.0248985290527344 -0.59710693359375 -0.7506103515625
-0.0308704376220703 0.0123348236083984 -0.78759765625 0.18572998046875
-0.0104255676269531 0.00618934631347656 -0.17169189453125 0.60845947265625
0.0220127105712891 -0.00316429138183594 0.25543212890625 0.41864013671875
0.00511980056762695 -0.000874042510986328 0.351837158203125 0.023284912109375
0.00317764282226563 -0.0373725891113281 0.250732421875 -0.210418701171875
0.016510009765625 -0.0274677276611328 -0.243515014648437 0.178253173828125
0.0116634368896484 -0.00696086883544922 -0.3231201171875 -0.100189208984375
0.0320186614990234 -0.0100479125976563 -0.171600341796875 -0.440155029296875
0.0106468200683594 0.0113639831542969 0.30389404296875 -0.56683349609375
-0.0334129333496094 0.0190868377685547 0.75482177734375 0.0025634765625
-0.0410690307617188 -0.0361862182617188 0.5062255859375 0.75830078125
0.0161209106445313 -0.0272426605224609 -0.15435791015625 0.7093505859375
0.0492935180664063 -0.008758544921875 0.0450820922851563 0.0234451293945313
0.00800323486328125 -0.0317153930664063 0.169677734375 -0.76580810546875
-0.014434814453125 -0.0224819183349609 -0.60009765625 -0.74114990234375
-0.0208206176757813 0.0112075805664063 -0.7830810546875 0.1915283203125
-0.00376462936401367 -0.0019373893737793 -0.1654052734375 0.6121826171875
0.024993896484375 -0.0124340057373047 0.259307861328125 0.421173095703125
0.0021672248840332 -0.00576257705688477 0.353271484375 0.023345947265625
0.00124359130859375 -0.0363426208496094 0.254592895507813 -0.210296630859375
0.0138378143310547 -0.0255165100097656 -0.244827270507812 0.178451538085938
0.00969982147216797 -0.013514518737793 -0.325164794921875 -0.0990600585937501
0.0340385437011719 -0.0177402496337891 -0.1734619140625 -0.43853759765625
0.0211448669433594 0.00420951843261719 0.30224609375 -0.56353759765625
-0.0227947235107422 0.0179080963134766 0.75665283203125 0.00201416015625
-0.0376930236816406 -0.0327033996582031 0.50958251953125 0.75665283203125
0.0122261047363281 -0.0267715454101563 -0.15234375 0.70672607421875
0.0476531982421875 -0.0135040283203125 0.0459709167480469 0.0219650268554688
0.00359535217285156 -0.0315113067626953 0.1739501953125 -0.7645263671875
-0.0112705230712891 -0.0186290740966797 -0.597412109375 -0.74310302734375
-0.0107336044311523 0.00982952117919922 -0.78216552734375 0.19140625
0.00387859344482422 -0.0106048583984375 -0.1632080078125 0.613525390625
0.0268764495849609 -0.0210170745849609 0.25860595703125 0.427032470703125
0.00193691253662109 -0.0128030776977539 0.35113525390625 0.024688720703125
-0.00125503540039062 -0.0352134704589844 0.252456665039063 -0.2098388671875
0.0105266571044922 -0.0233955383300781 -0.24786376953125 0.178192138671875
0.00644302368164063 -0.0182247161865234 -0.331207275390625 -0.0978088378906251
0.0345840454101563 -0.0267295837402344 -0.1802978515625 -0.434356689453125
0.0306529998779297 -0.00220298767089844 0.29608154296875 -0.56634521484375
-0.0112628936767578 0.0204410552978516 0.75604248046875 -0.00372314453125
-0.0348587036132812 -0.0264186859130859 0.51885986328125 0.7470703125
0.0112514495849609 -0.0266017913818359 -0.1419677734375 0.70648193359375
0.0448875427246094 -0.0169715881347656 0.0491447448730469 0.0235671997070313
0.00199317932128906 -0.0307788848876953 0.1795654296875 -0.763916015625
-0.00672531127929687 -0.0132846832275391 -0.589599609375 -0.7496337890625
0.00114917755126953 0.0102462768554688 -0.7845458984375 0.185302734375
0.00998878479003906 -0.017852783203125 -0.1728515625 0.6151123046875
0.0282001495361328 -0.0272502899169922 0.253936767578125 0.4256591796875
-0.00112533569335937 -0.0183506011962891 0.348236083984375 0.029632568359375
-0.0045166015625 -0.0315971374511719 0.251022338867187 -0.211318969726563
0.0194892883300781 -0.0296230316162109 -0.264266967773438 0.185821533203125
0.011265754699707 -0.000819206237792969 -0.3521728515625 -0.0804443359374999
0.0246677398681641 0.00934982299804688 -0.22015380859375 -0.431365966796875
-0.000762939453124999 0.0277233123779297 0.23223876953125 -0.5921630859375
-0.0417022705078125 0.0265274047851563 0.72003173828125 -0.06488037109375
-0.0366363525390625 -0.0345649719238281 0.54241943359375 0.69659423828125
0.0318660736083984 -0.0283718109130859 -0.10693359375 0.70416259765625
0.0639419555664063 -0.0017852783203125 0.0553169250488281 0.0380363464355469
0.0274848937988281 -0.0286159515380859 0.23162841796875 -0.76544189453125
-0.00667572021484375 -0.0249481201171875 -0.5374755859375 -0.81097412109375
-0.0338096618652344 0.0174732208251953 -0.81298828125 0.1136474609375
-0.0168132781982422 0.0176029205322266 -0.23260498046875 0.5877685546875
0.0166606903076172 0.00389385223388672 0.20648193359375 0.423614501953125
0.00307989120483398 0.000957489013671875 0.322845458984375 0.03460693359375
0.00437164306640625 -0.0374565124511719 0.22357177734375 -0.213333129882813
0.0207672119140625 -0.0303668975830078 -0.256393432617187 0.183975219726563
0.0124349594116211 0.00318050384521484 -0.34283447265625 -0.0858154296875001
0.0261421203613281 0.0108394622802734 -0.2091064453125 -0.433319091796875
-0.00458145141601562 0.0280323028564453 0.2469482421875 -0.58599853515625
-0.0503196716308594 0.0236930847167969 0.72552490234375 -0.05047607421875
-0.0394172668457031 -0.0381851196289063 0.531494140625 0.71075439453125
0.0301246643066406 -0.0279960632324219 -0.12158203125 0.7064208984375
0.0628166198730469 -0.00060272216796875 0.0500564575195313 0.0341415405273438
0.0252609252929688 -0.0283622741699219 0.2174072265625 -0.76434326171875
-0.0111751556396484 -0.0259666442871094 -0.55267333984375 -0.79534912109375
-0.0402069091796875 0.0168724060058594 -0.8055419921875 0.12933349609375
-0.0212268829345703 0.0192852020263672 -0.21624755859375 0.5919189453125
0.0151357650756836 0.00725746154785156 0.219207763671875 0.41961669921875
0.00353479385375977 0.00427699089050293 0.331817626953125 0.029693603515625
0.00640487670898438 -0.0384979248046875 0.231430053710938 -0.212066650390625
0.0204658508300781 -0.0300636291503906 -0.248931884765625 0.18408203125
0.0136442184448242 0.00353813171386719 -0.333984375 -0.0911865234375
0.0272121429443359 0.0106983184814453 -0.1959228515625 -0.436431884765625
-0.00675773620605469 0.0271453857421875 0.2652587890625 -0.58062744140625
-0.0510177612304688 0.023101806640625 0.72979736328125 -0.02996826171875
-0.042999267578125 -0.0401878356933594 0.51666259765625 0.72796630859375
0.028228759765625 -0.0265312194824219 -0.13616943359375 0.70782470703125
0.0611114501953125 0.000385284423828125 0.0459365844726563 0.0312461853027344
0.0218830108642578 -0.0299968719482422 0.202880859375 -0.763427734375
-0.0145111083984375 -0.0281829833984375 -0.5653076171875 -0.78033447265625
-0.0408935546875 0.0164299011230469 -0.7969970703125 0.14788818359375
-0.0194187164306641 0.0184707641601563 -0.201171875 0.59661865234375
0.0173778533935547 0.00632095336914063 0.230865478515625 0.41790771484375
0.00395941734313965 0.00351715087890625 0.340179443359375 0.026580810546875
0.0049896240234375 -0.0389060974121094 0.237564086914063 -0.212356567382813
0.0203037261962891 -0.0301361083984375 -0.246566772460938 0.180755615234375
0.013824462890625 0.00228214263916016 -0.32720947265625 -0.094482421875
0.0283164978027344 0.00690460205078125 -0.183563232421875 -0.4381103515625
-0.003265380859375 0.0226497650146484 0.28302001953125 -0.57403564453125
-0.0489616394042969 0.0200538635253906 0.74041748046875 -0.01446533203125
-0.0429000854492188 -0.0405960083007812 0.51068115234375 0.73968505859375
0.0255184173583984 -0.0268230438232422 -0.146728515625 0.70452880859375
0.0570907592773438 -0.00231552124023438 0.0442581176757813 0.0291061401367187
0.0167713165283203 -0.0309257507324219 0.18768310546875 -0.76153564453125
-0.0160808563232422 -0.0267677307128906 -0.58062744140625 -0.75994873046875
-0.0375099182128906 0.0141716003417969 -0.78936767578125 0.166259765625
-0.016357421875 0.0131969451904297 -0.1829833984375 0.60162353515625
0.0197601318359375 0.00244331359863281 0.243621826171875 0.4189453125
0.00576686859130859 0.00281572341918945 0.34564208984375 0.024200439453125
0.00500106811523437 -0.0386161804199219 0.245880126953125 -0.212371826171875
0.0185012817382812 -0.0296802520751953 -0.243148803710938 0.179244995117187
0.0141181945800781 -0.000726699829101563 -0.321868896484375 -0.0971374511718749
0.0295238494873047 -0.000520706176757812 -0.174774169921875 -0.439727783203125
0.00341987609863281 0.0175914764404297 0.29443359375 -0.5657958984375
-0.0421676635742188 0.0187759399414063 0.7440185546875 -0.0018310546875
-0.0420608520507813 -0.039337158203125 0.50091552734375 0.750732421875
0.0208244323730469 -0.0262470245361328 -0.156494140625 0.7049560546875
0.0529022216796875 -0.0040283203125 0.04364013671875 0.0255470275878906
0.0116481781005859 -0.0296955108642578 0.17852783203125 -0.76092529296875
-0.0164070129394531 -0.0247554779052734 -0.59063720703125 -0.74755859375
-0.0293655395507813 0.0126800537109375 -0.7816162109375 0.18121337890625
-0.0104045867919922 0.00597667694091797 -0.16961669921875 0.6048583984375
0.0215682983398438 -0.00384712219238281 0.25408935546875 0.4185791015625
0.00558662414550781 -0.00165319442749023 0.3504638671875 0.0225830078125
0.00360488891601562 -0.0360603332519531 0.249862670898438 -0.21014404296875
0.0173091888427734 -0.0277595520019531 -0.24200439453125 0.178421020507812
0.0118942260742188 -0.00686550140380859 -0.32110595703125 -0.0989685058593749
0.0330295562744141 -0.00928306579589844 -0.17041015625 -0.43780517578125
0.0111656188964844 0.0107431411743164 0.30267333984375 -0.56268310546875
-0.0338706970214844 0.0191287994384766 0.75067138671875 0.00592041015625
-0.0403785705566406 -0.0364151000976563 0.50042724609375 0.75592041015625
0.0165119171142578 -0.0271568298339844 -0.15765380859375 0.70428466796875
0.0493850708007813 -0.00917816162109375 0.0425148010253906 0.0233268737792969
0.00688552856445312 -0.0310459136962891 0.17108154296875 -0.75830078125
-0.0142478942871094 -0.02130126953125 -0.5938720703125 -0.7401123046875
-0.01947021484375 0.0117435455322266 -0.7784423828125 0.189453125
-0.00407838821411133 -0.00202560424804688 -0.16357421875 0.6099853515625
0.0252037048339844 -0.0103302001953125 0.2589111328125 0.418609619140625
0.00321292877197266 -0.00602912902832031 0.352264404296875 0.02337646484375
-0.000381469726562501 -0.0356521606445313 0.253189086914063 -0.20904541015625
0.0135021209716797 -0.0254364013671875 -0.244918823242187 0.178390502929688
0.00967025756835938 -0.012028694152832 -0.32476806640625 -0.09814453125
0.0337886810302734 -0.0189037322998047 -0.170745849609375 -0.43487548828125
0.0210857391357422 0.00382232666015625 0.302703857421875 -0.5592041015625
-0.0217933654785156 0.0201072692871094 0.75128173828125 0.0059814453125
-0.0373458862304688 -0.0325126647949219 0.504638671875 0.75286865234375
0.0125904083251953 -0.0271968841552734 -0.153076171875 0.704345703125
0.0456695556640625 -0.0128326416015625 0.043304443359375 0.0232582092285156
0.00338172912597656 -0.0295467376708984 0.173583984375 -0.75927734375
-0.0101175308227539 -0.0173177719116211 -0.59088134765625 -0.7421875
-0.00853347778320312 0.00982761383056641 -0.77740478515625 0.1884765625
0.00291919708251953 -0.00942039489746094 -0.16326904296875 0.60845947265625
0.0266571044921875 -0.0205364227294922 0.257415771484375 0.423583984375
9.34600830078125E-05 -0.0117692947387695 0.350616455078125 0.02618408203125
-0.00189018249511719 -0.033782958984375 0.252761840820313 -0.20916748046875
0.00942420959472657 -0.0232448577880859 -0.24835205078125 0.177810668945312
0.00737380981445312 -0.0193309783935547 -0.32916259765625 -0.0961608886718751
0.0339546203613281 -0.02618408203125 -0.178497314453125 -0.430450439453125
0.0290317535400391 -0.000125885009765625 0.2950439453125 -0.56134033203125
-0.0114574432373047 0.0213623046875 0.75262451171875 -0.00213623046875
-0.0327892303466797 -0.0271797180175781 0.51312255859375 0.74481201171875
0.00914382934570313 -0.0264854431152344 -0.14556884765625 0.70111083984375
0.0435104370117188 -0.0162162780761719 0.0465278625488281 0.0238838195800781
0.00108909606933594 -0.0285301208496094 0.18194580078125 -0.75946044921875
-0.00610446929931641 -0.0124368667602539 -0.582763671875 -0.7467041015625
0.00160026550292969 0.0110301971435547 -0.77899169921875 0.1810302734375
0.0100412368774414 -0.0168857574462891 -0.17120361328125 0.60986328125
0.0283069610595703 -0.0265274047851562 0.25189208984375 0.424896240234375
-0.00174331665039063 -0.0181484222412109 0.34552001953125 0.029052734375
-0.00546646118164063 -0.0320606231689453 0.24945068359375 -0.209625244140625
0.0191745758056641 -0.0305137634277344 -0.262680053710937 0.184417724609375
0.0112705230712891 -0.000959396362304687 -0.35174560546875 -0.081268310546875
0.0246162414550781 0.00842857360839844 -0.21966552734375 -0.4288330078125
-0.00155067443847656 0.0275936126708984 0.232177734375 -0.58978271484375
-0.0423126220703125 0.0267868041992188 0.71697998046875 -0.0626220703125
-0.0359725952148438 -0.0341415405273438 0.54010009765625 0.69659423828125
0.0309066772460938 -0.0274925231933594 -0.11175537109375 0.70196533203125
0.0633964538574219 -0.00203704833984375 0.0536460876464844 0.0379905700683594
0.0272541046142578 -0.0273303985595703 0.23602294921875 -0.75994873046875
-0.00537109375 -0.0241241455078125 -0.5302734375 -0.8115234375
-0.0334682464599609 0.0179634094238281 -0.8094482421875 0.109619140625
-0.0175628662109375 0.0167608261108398 -0.23388671875 0.58441162109375
0.0157241821289063 0.00442218780517578 0.206024169921875 0.42303466796875
0.00265383720397949 0.000184535980224609 0.321441650390625 0.03521728515625
0.0055694580078125 -0.0376472473144531 0.225143432617187 -0.211990356445312
0.0195388793945312 -0.030975341796875 -0.25604248046875 0.1834716796875
0.0133848190307617 0.00230026245117188 -0.341278076171875 -0.08563232421875
0.0255641937255859 0.0107021331787109 -0.207794189453125 -0.432952880859375
-0.00559234619140625 0.0289859771728516 0.2490234375 -0.582275390625
-0.0484657287597656 0.0236663818359375 0.72235107421875 -0.046630859375
-0.0392074584960938 -0.0380134582519531 0.52667236328125 0.71142578125
0.0302658081054687 -0.0279197692871094 -0.12591552734375 0.702880859375
0.06317138671875 0.000202178955078125 0.0491600036621094 0.0358543395996094
0.0259418487548828 -0.0284233093261719 0.2205810546875 -0.76025390625
-0.00991249084472656 -0.0262126922607422 -0.5458984375 -0.79443359375
-0.0392646789550781 0.0166130065917969 -0.8017578125 0.12591552734375
-0.0212535858154297 0.0195732116699219 -0.216552734375 0.5888671875
0.0145587921142578 0.00700759887695313 0.217041015625 0.419891357421875
0.00402998924255371 0.0028839111328125 0.330963134765625 0.030731201171875
0.0058746337890625 -0.0381126403808594 0.231338500976563 -0.212020874023438
0.0202884674072266 -0.030487060546875 -0.248748779296875 0.182708740234375
0.0151996612548828 0.00269126892089844 -0.332183837890625 -0.0902709960937501
0.0263519287109375 0.0106410980224609 -0.193145751953125 -0.43438720703125
-0.00675010681152343 0.0270023345947266 0.2650146484375 -0.5745849609375
-0.0515098571777344 0.0214729309082031 0.72711181640625 -0.02825927734375
-0.04217529296875 -0.0404014587402344 0.51177978515625 0.7269287109375
0.0282211303710938 -0.0280246734619141 -0.1400146484375 0.705810546875
0.0604934692382813 0.0004119873046875 0.0456161499023438 0.0333175659179688
0.0224552154541016 -0.0271263122558594 0.20452880859375 -0.758544921875
-0.0135154724121094 -0.0271453857421875 -0.55914306640625 -0.77813720703125
-0.0403556823730469 0.015106201171875 -0.79217529296875 0.14453125
-0.0206012725830078 0.0184383392333984 -0.2000732421875 0.5936279296875
0.0155458450317383 0.00618743896484375 0.229766845703125 0.416595458984375
0.00422239303588867 0.00417518615722656 0.336944580078125 0.0257568359375
0.00577545166015625 -0.0378837585449219 0.237213134765625 -0.212295532226563
0.0203227996826172 -0.0300636291503906 -0.246414184570313 0.1805419921875
0.0151643753051758 0.00179672241210937 -0.326019287109375 -0.0939636230468749
0.0291728973388672 0.0054473876953125 -0.182281494140625 -0.43621826171875
-0.0035400390625 0.0232582092285156 0.28216552734375 -0.57000732421875
-0.0488510131835938 0.0201988220214844 0.7379150390625 -0.01324462890625
-0.0432662963867188 -0.0406455993652344 0.50323486328125 0.73974609375
0.0248222351074219 -0.0271835327148438 -0.148681640625 0.701416015625
0.0570030212402344 -0.00127410888671875 0.0420646667480469 0.0295524597167969
0.0169925689697266 -0.0290374755859375 0.18792724609375 -0.75738525390625
-0.0158596038818359 -0.0266990661621094 -0.5762939453125 -0.758056640625
-0.0367431640625 0.0135269165039062 -0.78668212890625 0.1634521484375
-0.0168418884277344 0.0139713287353516 -0.18505859375 0.5997314453125
0.0187664031982422 0.00176048278808594 0.24346923828125 0.416412353515625
0.00490188598632813 0.0022435188293457 0.344635009765625 0.0235595703125
0.00367355346679687 -0.0378799438476563 0.245330810546875 -0.210433959960937
0.0187301635742188 -0.0272903442382813 -0.2421875 0.179519653320312
0.014317512512207 -0.00257301330566406 -0.321441650390625 -0.096923828125
0.0299243927001953 -0.00101852416992188 -0.173492431640625 -0.436492919921875
0.00228118896484375 0.0178165435791016 0.296630859375 -0.55963134765625
-0.0421218872070313 0.0190544128417969 0.74224853515625 0.0015869140625
-0.0423851013183594 -0.0393257141113281 0.49530029296875 0.7503662109375
0.0203342437744141 -0.0264854431152344 -0.1590576171875 0.70220947265625
0.052154541015625 -0.002960205078125 0.0413742065429688 0.0248947143554688
0.0114822387695313 -0.0290260314941406 0.17926025390625 -0.7554931640625
-0.0155467987060547 -0.0241947174072266 -0.5853271484375 -0.7469482421875
-0.0293216705322266 0.0118865966796875 -0.78057861328125 0.1773681640625
-0.0111474990844727 0.00669574737548828 -0.1719970703125 0.60174560546875
0.0219364166259766 -0.00341415405273437 0.25177001953125 0.416015625
0.00532865524291992 -0.000697135925292969 0.3492431640625 0.0234375
0.0023040771484375 -0.0365715026855469 0.251129150390625 -0.210128784179688
0.0170936584472656 -0.0276031494140625 -0.241119384765625 0.177139282226562
0.0120601654052734 -0.00735092163085937 -0.319732666015625 -0.09820556640625
0.0339450836181641 -0.00956153869628906 -0.16778564453125 -0.4346923828125
0.0108728408813477 0.0107631683349609 0.30255126953125 -0.557769775390625
-0.0337772369384766 0.0195465087890625 0.74774169921875 0.0101318359375
-0.0401535034179687 -0.0358238220214844 0.496826171875 0.75482177734375
0.0163021087646484 -0.0273876190185547 -0.16162109375 0.6995849609375
0.0490531921386719 -0.00778961181640625 0.0412712097167969 0.0238571166992188
0.00723075866699219 -0.0290374755859375 0.173828125 -0.75628662109375
-0.0131874084472656 -0.0202999114990234 -0.58782958984375 -0.7393798828125
-0.01953125 0.0116119384765625 -0.775634765625 0.18572998046875
-0.00412344932556152 -0.00168871879577637 -0.16314697265625 0.60546875
0.0236778259277344 -0.0111083984375 0.256988525390625 0.4180908203125
0.00327205657958984 -0.00571012496948242 0.350433349609375 0.0230712890625
0.000408172607421874 -0.0358085632324219 0.252334594726563 -0.209991455078125
0.0129909515380859 -0.0262374877929687 -0.242919921875 0.177993774414062
0.0103445053100586 -0.0131006240844727 -0.323150634765625 -0.0975646972656251
0.0339279174804688 -0.01885986328125 -0.16900634765625 -0.43133544921875
0.0214614868164062 0.00525283813476563 0.302947998046875 -0.55712890625
-0.0218563079833984 0.0196247100830078 0.7479248046875 0.0091552734375
-0.036529541015625 -0.0320777893066406 0.4996337890625 0.75347900390625
0.0118312835693359 -0.0269775390625 -0.15936279296875 0.69964599609375
0.0454978942871094 -0.0119552612304687 0.0425605773925781 0.0228157043457031
0.00350379943847656 -0.0280437469482422 0.17584228515625 -0.756103515625
-0.0100183486938477 -0.016026496887207 -0.58502197265625 -0.74090576171875
-0.00791168212890625 0.010258674621582 -0.7757568359375 0.18524169921875
0.00204372406005859 -0.00962543487548828 -0.16326904296875 0.6065673828125
0.0263462066650391 -0.0202426910400391 0.257049560546875 0.42138671875
0.00106048583984375 -0.0119123458862305 0.34844970703125 0.02581787109375
-0.00348281860351563 -0.0328922271728516 0.25042724609375 -0.209548950195312
0.0100231170654297 -0.0233440399169922 -0.24676513671875 0.177734375
0.007904052734375 -0.0190925598144531 -0.3284912109375 -0.094818115234375
0.0334606170654297 -0.0256271362304688 -0.17633056640625 -0.428009033203125
0.0302524566650391 -0.00119972229003906 0.295379638671875 -0.556915283203125
-0.0116558074951172 0.0205459594726563 0.74884033203125 0.00274658203125
-0.0332870483398438 -0.0275325775146484 0.5091552734375 0.74603271484375
0.00979042053222656 -0.0274639129638672 -0.1484375 0.69842529296875
0.0435638427734375 -0.0156135559082031 0.0448722839355469 0.0237312316894531
0.00146675109863281 -0.0287227630615234 0.18353271484375 -0.75457763671875
-0.00472545623779297 -0.0120086669921875 -0.576904296875 -0.74615478515625
0.00201892852783203 0.0111675262451172 -0.77587890625 0.17803955078125
0.00969219207763672 -0.0160980224609375 -0.17279052734375 0.60833740234375
0.0280551910400391 -0.0275592803955078 0.250091552734375 0.423919677734375
-0.000831604003906251 -0.0175447463989258 0.34381103515625 0.030853271484375
-0.00553131103515625 -0.031036376953125 0.249862670898438 -0.2091064453125
0.0186519622802734 -0.0303955078125 -0.263031005859375 0.18438720703125
0.0117864608764648 -0.000128746032714844 -0.351226806640625 -0.080291748046875
0.0255184173583984 0.00848770141601563 -0.2188720703125 -0.427703857421875
-0.00150489807128906 0.0276374816894531 0.23248291015625 -0.58526611328125
-0.0426483154296875 0.0269737243652344 0.71685791015625 -0.0577392578125
-0.0351753234863281 -0.0357398986816406 0.5364990234375 0.6982421875
0.0315361022949219 -0.0280170440673828 -0.1141357421875 0.69940185546875
0.0633506774902344 -0.0007476806640625 0.05230712890625 0.0388031005859375
0.0266475677490234 -0.0266666412353516 0.23748779296875 -0.75830078125
-0.00498390197753906 -0.0231494903564453 -0.52630615234375 -0.81134033203125
-0.0338420867919922 0.0173511505126953 -0.8062744140625 0.10760498046875
-0.0185165405273438 0.0178680419921875 -0.236328125 0.58416748046875
0.0151271820068359 0.00508689880371094 0.202545166015625 0.42169189453125
0.00301361083984375 0.00113391876220703 0.320465087890625 0.036224365234375
0.00426101684570312 -0.0385589599609375 0.224990844726562 -0.212020874023438
0.0207290649414063 -0.0306987762451172 -0.255661010742188 0.183334350585937
0.0141792297363281 0.00296401977539063 -0.340972900390625 -0.0854492187499999
0.0270137786865234 0.010589599609375 -0.20684814453125 -0.431365966796875
-0.00552940368652344 0.0291614532470703 0.2506103515625 -0.5799560546875
-0.0491180419921875 0.0239334106445312 0.72113037109375 -0.04193115234375
-0.0386276245117188 -0.0385894775390625 0.5230712890625 0.71392822265625
0.0299911499023437 -0.0275554656982422 -0.1287841796875 0.70159912109375
0.0626602172851563 0.00168228149414063 0.0475730895996094 0.035308837890625
0.0254478454589844 -0.0273284912109375 0.2242431640625 -0.75604248046875
-0.00982093811035156 -0.0255374908447266 -0.541015625 -0.79461669921875
-0.0394515991210938 0.0160789489746094 -0.80096435546875 0.12255859375
-0.0205154418945312 0.0203380584716797 -0.21820068359375 0.58831787109375
0.0147266387939453 0.00628852844238281 0.215240478515625 0.41912841796875
0.00374817848205566 0.0039064884185791 0.32904052734375 0.031341552734375
0.0045166015625 -0.0380172729492188 0.232086181640625 -0.21160888671875
0.0201816558837891 -0.0301132202148438 -0.248092651367187 0.182235717773438
0.0155296325683594 0.0026397705078125 -0.332733154296875 -0.089508056640625
0.0265140533447266 0.00976181030273438 -0.19110107421875 -0.434356689453125
-0.00637435913085938 0.0273838043212891 0.26641845703125 -0.5718994140625
-0.05108642578125 0.0215873718261719 0.727294921875 -0.0235595703125
-0.0416412353515625 -0.0407447814941406 0.50933837890625 0.7305908203125
0.0282325744628906 -0.0263023376464844 -0.14544677734375 0.70111083984375
0.0604324340820312 0.00152206420898437 0.0433769226074219 0.0330352783203125
0.0212688446044922 -0.0271987915039062 0.2086181640625 -0.7569580078125
-0.0129280090332031 -0.0271644592285156 -0.55426025390625 -0.7796630859375
-0.0399665832519531 0.0153045654296875 -0.79278564453125 0.1402587890625
-0.0203018188476563 0.0181350708007813 -0.2015380859375 0.593017578125
0.0155115127563477 0.00501918792724609 0.228607177734375 0.41748046875
0.00424385070800781 0.00454282760620117 0.3370361328125 0.025970458984375
0.00485610961914062 -0.0376930236816406 0.237442016601563 -0.211532592773438
0.0202293395996094 -0.0307502746582031 -0.245712280273438 0.181991577148438
0.015782356262207 0.00170993804931641 -0.32513427734375 -0.0933837890625
0.0286521911621094 0.00594711303710938 -0.181243896484375 -0.4368896484375
-0.00446319580078125 0.0235061645507813 0.283203125 -0.56549072265625
-0.0495986938476563 0.0193519592285156 0.73681640625 -0.00848388671875
-0.0431022644042969 -0.0410270690917969 0.502197265625 0.74383544921875
0.0238933563232422 -0.0264244079589844 -0.15496826171875 0.701171875
0.0556678771972656 -0.00048828125 0.0406074523925781 0.0296134948730469
0.0165748596191406 -0.0291099548339844 0.1917724609375 -0.75604248046875
-0.0144481658935547 -0.0262031555175781 -0.57012939453125 -0.761474609375
-0.03607177734375 0.0134506225585937 -0.78668212890625 0.16033935546875
-0.0173454284667969 0.0142946243286133 -0.185546875 0.5963134765625
0.01934814453125 0.00252342224121094 0.24224853515625 0.41766357421875
0.00578927993774414 0.00301885604858398 0.344451904296875 0.0242919921875
0.0042266845703125 -0.0381698608398438 0.24615478515625 -0.21063232421875
0.0181789398193359 -0.0294589996337891 -0.242233276367187 0.17913818359375
0.0150041580200195 -0.00150966644287109 -0.3201904296875 -0.0974426269531249
0.0304546356201172 -0.00111198425292969 -0.1715087890625 -0.435150146484375
0.00274276733398438 0.0179729461669922 0.29754638671875 -0.55908203125
-0.0427665710449219 0.0179328918457031 0.74114990234375 0.00567626953125
-0.042205810546875 -0.0401763916015625 0.49298095703125 0.75225830078125
0.0209865570068359 -0.02606201171875 -0.1624755859375 0.7005615234375
0.0526504516601563 -0.00390243530273438 0.0393218994140625 0.026092529296875
0.0117454528808594 -0.0273971557617188 0.18255615234375 -0.754150390625
-0.0149250030517578 -0.0252628326416016 -0.58001708984375 -0.74713134765625
-0.0292568206787109 0.0123863220214844 -0.77740478515625 0.17376708984375
-0.0114860534667969 0.00804424285888672 -0.17333984375 0.60101318359375
0.0212326049804688 -0.0031280517578125 0.25201416015625 0.416595458984375
0.00560379028320313 -0.000516891479492188 0.34857177734375 0.0223388671875
0.00190353393554688 -0.0366783142089844 0.250900268554688 -0.210830688476563
0.0165004730224609 -0.0275058746337891 -0.241912841796875 0.177337646484375
0.012721061706543 -0.00771903991699219 -0.320037841796875 -0.0985412597656249
0.0321636199951172 -0.0102329254150391 -0.167694091796875 -0.435638427734375
0.0106067657470703 0.011138916015625 0.30511474609375 -0.554229736328125
-0.0327205657958984 0.0185966491699219 0.7459716796875 0.01220703125
-0.0398941040039062 -0.0354347229003906 0.4935302734375 0.75390625
0.0156803131103516 -0.0267791748046875 -0.16583251953125 0.69891357421875
0.0488662719726562 -0.00616836547851562 0.0406608581542969 0.0248527526855469
0.00713729858398437 -0.0286808013916016 0.17767333984375 -0.75189208984375
-0.0133724212646484 -0.0208892822265625 -0.58154296875 -0.740478515625
-0.0199661254882813 0.0108814239501953 -0.77587890625 0.18133544921875
-0.00330519676208496 -0.00217986106872559 -0.16619873046875 0.6044921875
0.0243396759033203 -0.0116310119628906 0.255859375 0.4193115234375
0.00306177139282227 -0.00612974166870117 0.34942626953125 0.025177001953125
-0.000122070312499998 -0.0353584289550781 0.254058837890625 -0.210952758789063
0.0147342681884766 -0.0248489379882813 -0.243804931640625 0.177932739257813
0.0108375549316406 -0.0130128860473633 -0.322357177734375 -0.097076416015625
0.0340652465820313 -0.0185317993164063 -0.169189453125 -0.430450439453125
0.0215072631835938 0.00558662414550781 0.30584716796875 -0.554931640625
-0.0226116180419922 0.0188217163085938 0.7476806640625 0.013427734375
-0.0369300842285156 -0.0320854187011719 0.49822998046875 0.75347900390625
0.012359619140625 -0.0265693664550781 -0.16217041015625 0.69866943359375
0.04498291015625 -0.0108299255371094 0.0407485961914063 0.0232429504394531
0.00414276123046875 -0.0285682678222656 0.17926025390625 -0.7509765625
-0.00835418701171875 -0.0167570114135742 -0.5791015625 -0.74163818359375
-0.00795841217041016 0.00978469848632813 -0.7735595703125 0.18170166015625
0.00322532653808594 -0.00870323181152344 -0.1658935546875 0.60595703125
0.0262031555175781 -0.0198459625244141 0.255706787109375 0.420989990234375
0.000439643859863282 -0.0122575759887695 0.34857177734375 0.026336669921875
-0.00303459167480468 -0.0327987670898438 0.253646850585938 -0.207626342773437
0.0115699768066406 -0.0232887268066406 -0.24713134765625 0.177703857421875
0.00961685180664063 -0.0198326110839844 -0.328460693359375 -0.0949401855468751
0.0349769592285156 -0.0266170501708984 -0.176910400390625 -0.427215576171875
0.0305080413818359 0.000223159790039063 0.298492431640625 -0.556549072265625
-0.0108547210693359 0.0201435089111328 0.7474365234375 0.006103515625
-0.0326805114746094 -0.0278987884521484 0.505126953125 0.74725341796875
0.00839424133300781 -0.0272998809814453 -0.154052734375 0.69781494140625
0.0425682067871094 -0.015380859375 0.0426864624023437 0.0252494812011719
0.00150108337402344 -0.027099609375 0.1861572265625 -0.750732421875
-0.00544643402099609 -0.0117197036743164 -0.57293701171875 -0.74609375
0.00226593017578125 0.00992870330810547 -0.77532958984375 0.17498779296875
0.00944900512695312 -0.0158901214599609 -0.1746826171875 0.6064453125
0.0272369384765625 -0.0275497436523438 0.247528076171875 0.423187255859375
-0.00201988220214844 -0.0176906585693359 0.343048095703125 0.03045654296875
-0.00586318969726562 -0.0313091278076172 0.24951171875 -0.209335327148438
0.0197257995605469 -0.0304336547851563 -0.262496948242187 0.18585205078125
0.0123233795166016 -0.00207710266113281 -0.352447509765625 -0.08001708984375
0.0258674621582031 0.00760269165039063 -0.216522216796875 -0.425201416015625
-0.0025787353515625 0.0275058746337891 0.2342529296875 -0.58306884765625
-0.0428276062011719 0.0266799926757813 0.7169189453125 -0.056396484375
-0.0358085632324219 -0.0347366333007812 0.534423828125 0.7000732421875
0.0308475494384766 -0.0272693634033203 -0.1197509765625 0.69854736328125
0.0631637573242188 0.00122833251953125 0.0503997802734375 0.0383529663085938
0.0264415740966797 -0.0243644714355469 0.2410888671875 -0.75616455078125
-0.00516510009765625 -0.0224246978759766 -0.52471923828125 -0.81243896484375
-0.0316085815429688 0.0179042816162109 -0.80853271484375 0.10260009765625
-0.0196304321289063 0.0177841186523438 -0.2359619140625 0.58251953125
0.0146703720092773 0.00420570373535156 0.203643798828125 0.421112060546875
0.00244426727294922 0.000359058380126953 0.322052001953125 0.0364990234375
0.00399017333984375 -0.0376968383789063 0.226089477539063 -0.213912963867188
0.0211219787597656 -0.0304946899414062 -0.254745483398438 0.183486938476563
0.0134506225585938 0.00367927551269531 -0.341705322265625 -0.08587646484375
0.0267314910888672 0.0104751586914062 -0.205596923828125 -0.4298095703125
-0.00497055053710937 0.0300579071044922 0.25067138671875 -0.57769775390625
-0.0489006042480469 0.0236930847167969 0.7213134765625 -0.038818359375
-0.0383872985839844 -0.0388870239257813 0.52203369140625 0.7154541015625
0.0306320190429688 -0.0281238555908203 -0.13226318359375 0.70135498046875
0.0630302429199219 0.00210952758789062 0.04656982421875 0.0357666015625
0.0262584686279297 -0.0266304016113281 0.22613525390625 -0.75445556640625
-0.00903892517089844 -0.0264415740966797 -0.538818359375 -0.79644775390625
-0.0379714965820313 0.0158767700195313 -0.80133056640625 0.119873046875
-0.0232925415039063 0.0194301605224609 -0.22027587890625 0.5885009765625
0.0136022567749023 0.00645732879638672 0.21630859375 0.4185791015625
0.00415229797363281 0.00220704078674316 0.329864501953125 0.030029296875
0.00477218627929687 -0.0380287170410156 0.233047485351562 -0.21258544921875
0.0212612152099609 -0.0302562713623047 -0.248870849609375 0.182479858398438
0.0152311325073242 0.00298500061035156 -0.333465576171875 -0.089996337890625
0.0272617340087891 0.00979804992675781 -0.19207763671875 -0.43182373046875
-0.00609588623046875 0.0275764465332031 0.26995849609375 -0.57037353515625
-0.0502662658691406 0.0216064453125 0.7279052734375 -0.01953125
-0.042266845703125 -0.0415191650390625 0.50567626953125 0.73321533203125
0.0277194976806641 -0.0266342163085937 -0.1474609375 0.700927734375
0.058868408203125 0.00136566162109375 0.0426063537597656 0.0335884094238281
0.0226325988769531 -0.0258312225341797 0.2110595703125 -0.75543212890625
-0.0124130249023437 -0.0255832672119141 -0.55072021484375 -0.7841796875
-0.0395164489746094 0.0146827697753906 -0.79193115234375 0.13836669921875
-0.0209197998046875 0.0179977416992188 -0.20263671875 0.591064453125
0.0163898468017578 0.00527000427246094 0.22637939453125 0.4173583984375
0.00472784042358398 0.00313615798950195 0.33734130859375 0.02728271484375
0.00431442260742188 -0.0366744995117188 0.23919677734375 -0.213211059570313
0.0210933685302734 -0.0296001434326172 -0.24530029296875 0.181594848632813
0.0154151916503906 0.00102424621582031 -0.32574462890625 -0.093475341796875
0.0287628173828125 0.00533866882324219 -0.1798095703125 -0.43426513671875
-0.00324630737304688 0.0232276916503906 0.28668212890625 -0.56524658203125
-0.0477180480957031 0.0197486877441406 0.73822021484375 -0.00482177734375
-0.0425262451171875 -0.0418739318847656 0.497314453125 0.744140625
0.0242366790771484 -0.0251083374023438 -0.159423828125 0.69769287109375
0.0571632385253906 0.00168228149414062 0.0396385192871094 0.0293045043945313
0.0156841278076172 -0.0271072387695313 0.19647216796875 -0.75335693359375
-0.01470947265625 -0.0262641906738281 -0.5675048828125 -0.76312255859375
-0.0358390808105469 0.0125312805175781 -0.7880859375 0.15789794921875
-0.0184307098388672 0.0141620635986328 -0.18756103515625 0.59674072265625
0.019134521484375 0.00340080261230469 0.2418212890625 0.418212890625
0.00446033477783203 0.00292825698852539 0.344940185546875 0.02618408203125
0.0040130615234375 -0.0376319885253906 0.246261596679688 -0.211669921875
0.0191268920898437 -0.0305919647216797 -0.242019653320313 0.180374145507812
0.0146694183349609 -0.00298786163330078 -0.32196044921875 -0.0967712402343749
0.0322475433349609 -0.00205230712890625 -0.171539306640625 -0.435638427734375
0.00376319885253906 0.0189399719238281 0.2987060546875 -0.55596923828125
-0.0431938171386719 0.0192070007324219 0.74163818359375 0.00909423828125
-0.0418663024902344 -0.0401344299316406 0.490234375 0.7581787109375
0.0187797546386719 -0.0247478485107422 -0.16693115234375 0.69927978515625
0.052703857421875 -0.0023651123046875 0.0379638671875 0.0270118713378906
0.0118598937988281 -0.0269947052001953 0.1865234375 -0.75201416015625
-0.0134811401367187 -0.0235652923583984 -0.5751953125 -0.7515869140625
-0.0293521881103516 0.011260986328125 -0.77960205078125 0.17242431640625
-0.0111942291259766 0.00781059265136719 -0.1748046875 0.6011962890625
0.0206508636474609 -0.00313568115234375 0.250732421875 0.41668701171875
0.00383710861206055 -0.000733137130737305 0.348846435546875 0.024932861328125
0.00133895874023437 -0.0364799499511719 0.251510620117188 -0.210906982421875
0.0154628753662109 -0.0275955200195313 -0.24273681640625 0.178802490234375
0.0134792327880859 -0.00610923767089844 -0.320892333984375 -0.09869384765625
0.0333614349365234 -0.0107593536376953 -0.167755126953125 -0.433685302734375
0.0124969482421875 0.0122585296630859 0.3065185546875 -0.55352783203125
-0.0335330963134766 0.0186176300048828 0.7464599609375 0.01824951171875
-0.0392112731933594 -0.0365524291992187 0.4901123046875 0.759765625
0.0153121948242188 -0.0256938934326172 -0.16900634765625 0.7005615234375
0.0474777221679688 -0.00588226318359375 0.0374488830566406 0.0266799926757813
0.00780487060546875 -0.02703857421875 0.181640625 -0.75048828125
-0.0116825103759766 -0.0198192596435547 -0.57861328125 -0.7425537109375
-0.0184783935546875 0.0107975006103516 -0.7772216796875 0.17803955078125
-0.0054936408996582 0.000286579132080079 -0.16754150390625 0.60284423828125
0.0257186889648438 -0.0111312866210938 0.256103515625 0.419189453125
0.00254344940185547 -0.00389337539672852 0.35198974609375 0.024658203125
-0.00019073486328125 -0.0346832275390625 0.254791259765625 -0.210433959960938
0.0142440795898437 -0.0257453918457031 -0.244659423828125 0.177764892578125
0.0113143920898438 -0.0131874084472656 -0.322540283203125 -0.09771728515625
0.035430908203125 -0.019012451171875 -0.168365478515625 -0.4302978515625
0.0214214324951172 0.00610160827636719 0.304107666015625 -0.553497314453125
-0.0211219787597656 0.0188388824462891 0.74761962890625 0.016357421875
-0.0364799499511719 -0.0335655212402344 0.49407958984375 0.75823974609375
0.0120487213134766 -0.0272216796875 -0.165771484375 0.697021484375
0.0443801879882813 -0.00925064086914062 0.0377273559570313 0.0241622924804688
0.00490760803222656 -0.0276279449462891 0.1829833984375 -0.7525634765625
-0.00770473480224609 -0.0157737731933594 -0.5750732421875 -0.74407958984375
-0.00641822814941406 0.00996208190917969 -0.77484130859375 0.17889404296875
0.00133895874023438 -0.00889301300048828 -0.16876220703125 0.60394287109375
0.0255794525146484 -0.0194187164306641 0.25439453125 0.42333984375
0.000785827636718749 -0.012272834777832 0.347198486328125 0.026214599609375
-0.00370025634765625 -0.0326614379882813 0.2537841796875 -0.210235595703125
0.0104751586914063 -0.0236434936523438 -0.248382568359375 0.179428100585938
0.00795555114746094 -0.0193157196044922 -0.330108642578125 -0.0941162109374999
0.03558349609375 -0.0266342163085937 -0.17578125 -0.427001953125
0.0311203002929688 0.00116539001464844 0.2989501953125 -0.553466796875
-0.0103816986083984 0.0211410522460938 0.74859619140625 0.00787353515625
-0.0324745178222656 -0.0284748077392578 0.5032958984375 0.74969482421875
0.00984954833984375 -0.0278415679931641 -0.15704345703125 0.69708251953125
0.0441017150878906 -0.0131454467773437 0.0418357849121094 0.0250282287597656
0.00127220153808594 -0.0262794494628906 0.190673828125 -0.74945068359375
-0.00374889373779297 -0.0131568908691406 -0.5670166015625 -0.74749755859375
0.00467872619628906 0.0100574493408203 -0.77374267578125 0.172119140625
0.00957107543945313 -0.0159788131713867 -0.1766357421875 0.60516357421875
0.0273914337158203 -0.0287055969238281 0.2474365234375 0.425689697265625
-0.000974655151367188 -0.0165929794311523 0.344085693359375 0.030120849609375
-0.00623893737792969 -0.0312385559082031 0.250274658203125 -0.209945678710938
0.0201492309570313 -0.0324287414550781 -0.2637939453125 0.185821533203125
0.0131072998046875 -0.000460624694824219 -0.351898193359375 -0.081268310546875
0.0248031616210938 0.00767135620117188 -0.21746826171875 -0.427093505859375
-0.00218391418457031 0.0286235809326172 0.23675537109375 -0.5836181640625
-0.0426712036132813 0.0263214111328125 0.72015380859375 -0.052490234375
-0.0353622436523438 -0.0361824035644531 0.53326416015625 0.70611572265625
0.0298728942871094 -0.0274715423583984 -0.1239013671875 0.70269775390625
0.0631828308105469 0.000843048095703125 0.0495147705078125 0.0396041870117187
0.0271186828613281 -0.0257129669189453 0.2457275390625 -0.75726318359375
-0.00386619567871094 -0.0230255126953125 -0.520263671875 -0.81781005859375
-0.0319480895996094 0.0177783966064453 -0.8074951171875 0.10113525390625
-0.0190410614013672 0.0185928344726562 -0.23699951171875 0.58319091796875
0.014399528503418 0.00434780120849609 0.2037353515625 0.424102783203125
0.0030977725982666 0.000939130783081055 0.321502685546875 0.03729248046875
0.00377273559570312 -0.0377845764160156 0.228256225585938 -0.213150024414063
0.0203647613525391 -0.0316371917724609 -0.256256103515625 0.184646606445313
0.014948844909668 0.00217437744140625 -0.343292236328125 -0.0859680175781251
0.0263023376464844 0.0103778839111328 -0.20550537109375 -0.4307861328125
-0.0050048828125 0.028961181640625 0.25299072265625 -0.57843017578125
-0.048187255859375 0.0247383117675781 0.72540283203125 -0.03643798828125
-0.0385475158691406 -0.0377044677734375 0.52227783203125 0.72088623046875
0.0298423767089844 -0.0279140472412109 -0.1385498046875 0.70074462890625
0.0630683898925781 0.00299835205078125 0.0453529357910156 0.0370941162109375
0.02545166015625 -0.0260467529296875 0.228759765625 -0.75408935546875
-0.00753974914550781 -0.0260944366455078 -0.53570556640625 -0.8018798828125
-0.038238525390625 0.0158920288085938 -0.80279541015625 0.1171875
-0.0230064392089844 0.0197162628173828 -0.221923828125 0.5872802734375
0.0146951675415039 0.006011962890625 0.21563720703125 0.421234130859375
0.00317168235778809 0.00385117530822754 0.330780029296875 0.032684326171875
0.00475692749023437 -0.0375137329101563 0.23419189453125 -0.213165283203125
0.0194263458251953 -0.0303955078125 -0.249526977539062 0.183395385742188
0.0169210433959961 0.0034942626953125 -0.33392333984375 -0.089599609375
0.0264225006103516 0.00819206237792969 -0.19073486328125 -0.432281494140625
-0.00599479675292969 0.0282878875732422 0.270751953125 -0.56939697265625
-0.051300048828125 0.021759033203125 0.72857666015625 -0.01654052734375
-0.0417861938476563 -0.0413818359375 0.50579833984375 0.73797607421875
0.0275173187255859 -0.0259513854980469 -0.1529541015625 0.70281982421875
0.0599288940429688 0.00345993041992188 0.0412406921386719 0.033416748046875
0.0229091644287109 -0.0257968902587891 0.21600341796875 -0.7535400390625
-0.0118255615234375 -0.0265865325927734 -0.5478515625 -0.78668212890625
-0.0401229858398438 0.0148468017578125 -0.79632568359375 0.13568115234375
-0.0213470458984375 0.0185070037841797 -0.20428466796875 0.591552734375
0.0154991149902344 0.00696754455566406 0.228546142578125 0.41986083984375
0.00416374206542969 0.0046992301940918 0.338653564453125 0.027313232421875
0.00465011596679688 -0.0366020202636719 0.240158081054687 -0.213455200195313
0.0204410552978516 -0.0315780639648438 -0.246383666992188 0.182418823242188
0.0163850784301758 0.00144863128662109 -0.326507568359375 -0.0933837890624999
0.0291347503662109 0.00489234924316406 -0.179290771484375 -0.434539794921875
-0.00325584411621094 0.02349853515625 0.2869873046875 -0.5631103515625
-0.0497055053710937 0.0193824768066406 0.73870849609375 -0.00213623046875
-0.0421142578125 -0.0418167114257813 0.4974365234375 0.7479248046875
0.0232696533203125 -0.0256233215332031 -0.16265869140625 0.70086669921875
0.0566291809082031 0.00099945068359375 0.0381698608398438 0.0297813415527344
0.0168972015380859 -0.0256843566894531 0.1998291015625 -0.7530517578125
-0.0138607025146484 -0.0267429351806641 -0.564453125 -0.766845703125
-0.0359230041503906 0.0127296447753906 -0.788330078125 0.15399169921875
-0.0183544158935547 0.0149307250976563 -0.18896484375 0.59686279296875
0.0176067352294922 0.00189399719238281 0.24114990234375 0.41839599609375
0.0060887336730957 0.00375032424926758 0.345489501953125 0.02520751953125
0.00348281860351563 -0.038665771484375 0.247390747070313 -0.212417602539063
0.0185794830322266 -0.0294075012207031 -0.243942260742188 0.180511474609375
0.0162715911865234 -0.00168514251708984 -0.322357177734375 -0.0967712402343751
0.031524658203125 -0.00104522705078125 -0.171142578125 -0.436248779296875
0.00279045104980469 0.0177440643310547 0.301544189453125 -0.557220458984375
-0.0428047180175781 0.0188140869140625 0.74346923828125 0.01275634765625
-0.0423164367675781 -0.0407028198242187 0.48846435546875 0.75958251953125
0.0190906524658203 -0.0253677368164063 -0.1724853515625 0.70159912109375
0.05157470703125 -0.00133514404296875 0.0373497009277344 0.0273170471191406
0.0119457244873047 -0.0262966156005859 0.18707275390625 -0.75274658203125
-0.0141391754150391 -0.0246505737304687 -0.5748291015625 -0.7525634765625
-0.0285587310791016 0.0122623443603516 -0.7806396484375 0.16912841796875
-0.0116462707519531 0.00753593444824218 -0.17559814453125 0.600341796875
0.0211200714111328 -0.00430107116699219 0.249969482421875 0.4178466796875
0.00482702255249023 -0.00176620483398437 0.349761962890625 0.024200439453125
0.00168991088867188 -0.0359916687011719 0.252838134765625 -0.212753295898438
0.0172405242919922 -0.0281352996826172 -0.2437744140625 0.17864990234375
0.0145397186279297 -0.0070037841796875 -0.321380615234375 -0.09716796875
0.0331687927246094 -0.0110874176025391 -0.1669921875 -0.433624267578125
0.0114021301269531 0.0123014450073242 0.30889892578125 -0.553497314453125
-0.0328540802001953 0.0179862976074219 0.74908447265625 0.01983642578125
-0.0398712158203125 -0.0369338989257813 0.4893798828125 0.76434326171875
0.0151481628417969 -0.0266647338867188 -0.1737060546875 0.7005615234375
0.0481491088867188 -0.00516891479492188 0.0369911193847656 0.0269241333007813
0.00664520263671875 -0.0258102416992188 0.18218994140625 -0.7513427734375
-0.0118293762207031 -0.0210437774658203 -0.57452392578125 -0.74676513671875
-0.0183067321777344 0.0103549957275391 -0.7777099609375 0.177490234375
-0.00583457946777344 -0.000298023223876953 -0.16949462890625 0.6055908203125
0.0241279602050781 -0.0114212036132813 0.254852294921875 0.421234130859375
0.00349998474121094 -0.00489616394042969 0.35064697265625 0.02447509765625
-0.00186538696289063 -0.035064697265625 0.256134033203125 -0.211090087890625
0.0154590606689453 -0.0262107849121094 -0.244537353515625 0.178680419921875
0.0116329193115234 -0.01470947265625 -0.32452392578125 -0.097198486328125
0.0352363586425781 -0.0193939208984375 -0.167266845703125 -0.429656982421875
0.0220565795898438 0.00625419616699219 0.30877685546875 -0.550872802734375
-0.0215816497802734 0.0187644958496094 0.7503662109375 0.0201416015625
-0.0367965698242188 -0.0337104797363281 0.49212646484375 0.7623291015625
0.0105457305908203 -0.0273418426513672 -0.17047119140625 0.699951171875
0.04541015625 -0.009063720703125 0.0389747619628906 0.0240440368652344
0.00417518615722656 -0.0253372192382813 0.1861572265625 -0.75
-0.00705337524414062 -0.0162763595581055 -0.5731201171875 -0.74664306640625
-0.007110595703125 0.011073112487793 -0.775634765625 0.17779541015625
0.00218963623046875 -0.00858020782470703 -0.16839599609375 0.6068115234375
0.0264053344726563 -0.0196762084960938 0.25439453125 0.423370361328125
-0.000226020812988281 -0.0110759735107422 0.349853515625 0.027313232421875
-0.00425529479980469 -0.0326042175292969 0.25494384765625 -0.211578369140625
0.0109519958496094 -0.0243167877197266 -0.248016357421875 0.178985595703125
0.00885772705078125 -0.0196971893310547 -0.32958984375 -0.09393310546875
0.0346088409423828 -0.0276622772216797 -0.17578125 -0.42767333984375
0.0316638946533203 0.000272750854492188 0.301910400390625 -0.553375244140625
-0.0110874176025391 0.0212593078613281 0.74957275390625 0.01251220703125
-0.0331802368164063 -0.0283203125 0.50189208984375 0.75128173828125
0.00879287719726563 -0.0262660980224609 -0.1629638671875 0.69915771484375
0.0435104370117188 -0.0130424499511719 0.0403289794921875 0.026214599609375
0.00290679931640625 -0.0252647399902344 0.1937255859375 -0.74871826171875
-0.00324249267578125 -0.0125541687011719 -0.566162109375 -0.75335693359375
0.00347232818603516 0.010828971862793 -0.77728271484375 0.17022705078125
0.00907611846923828 -0.0156335830688477 -0.1768798828125 0.60589599609375
0.0275211334228516 -0.0274982452392578 0.248260498046875 0.425140380859375
-0.00148487091064453 -0.0170860290527344 0.344146728515625 0.03143310546875
-0.00757217407226563 -0.0306453704833984 0.251419067382813 -0.210968017578125
