TRXV5
3
4
4
9
string Extension=J
integer IsArchMeasurement=1
integer IsSpherical=1
string Generator=SPM
string GeneratorVersion=1.3.1 Dev
double ArchRadius=0.449999988079071
integer FrequencyAxisIndex=0
integer AzimuthAxisIndex=1
integer ElevationAxisIndex=2
Frequency
5 201 700000000 800000000 LIN
Azimuth
7 8 0 2.74889357189107 LIN
Elevation
7 15 -2.74889357189107 2.74889357189107 LIN
Polar H Real Part
13
Polar H Imaginary Part
14
Polar V Real Part
13
Polar V Imaginary Part
14
Polar H Magnitude (dB)
12 0xC0000002 0 1
Polar H Phase
7 0xC0000003 0 1
Polar V Magnitude (dB)
12 0xC0000002 2 3
Polar V Phase
7 0xC0000003 2 3
0.0263404846191406 -0.0393486022949219 -0.29425048828125 -0.07098388671875
-0.0042877197265625 -0.0232658386230469 -0.155426025390625 -0.32843017578125
0.0204505920410156 -0.0130348205566406 0.18426513671875 -0.45257568359375
0.02215576171875 0.0117301940917969 0.58837890625 -0.26617431640625
0.00384902954101562 0.0569534301757812 0.598388671875 0.36859130859375
-0.03021240234375 0.112930297851562 0.12548828125 0.8245849609375
-0.119659423828125 0.183349609375 -0.28875732421875 0.56988525390625
-0.201889038085938 0.142013549804688 0.0406417846679687 0.0704421997070313
-0.157363891601562 0.143264770507813 0.486083984375 -0.490142822265625
-0.0355224609375 0.130386352539063 0.0909423828124999 -0.926025390625
0.00933074951171876 0.0641059875488281 -0.63824462890625 -0.531005859375
0.0142002105712891 -0.00839996337890625 -0.6380615234375 0.16192626953125
0.0192928314208984 -0.00387763977050781 -0.2623291015625 0.408935546875
0.00414085388183594 -0.0239963531494141 0.127731323242187 0.27581787109375
0.021453857421875 -0.053558349609375 0.2735595703125 0.03729248046875
0.0276756286621094 -0.0344562530517578 -0.285064697265625 -0.0932922363281251
-0.00119304656982422 -0.0174760818481445 -0.098388671875 -0.341766357421875
0.0229778289794922 -0.00446701049804688 0.2900390625 -0.412353515625
0.0154953002929688 0.0181407928466797 0.6640625 -0.113525390625
-0.0142745971679688 0.0527915954589844 0.501007080078125 0.539825439453125
-0.0522079467773438 0.105476379394531 -0.0664672851562499 0.84881591796875
-0.142333984375 0.167739868164063 -0.333953857421875 0.468841552734375
-0.190536499023437 0.13629150390625 0.129783630371094 -0.0104904174804687
-0.123344421386719 0.139373779296875 0.42510986328125 -0.611328125
-0.0107498168945312 0.111335754394531 -0.12396240234375 -0.89971923828125
0.017120361328125 0.0458412170410156 -0.71282958984375 -0.3359375
0.00668525695800781 -0.0138578414916992 -0.54852294921875 0.29681396484375
0.0122270584106445 -0.00610446929931641 -0.153900146484375 0.443450927734375
-0.00191307067871094 -0.02423095703125 0.17742919921875 0.255279541015625
0.0220069885253906 -0.0536766052246094 0.278839111328125 0.018798828125
0.0285453796386719 -0.0271987915039063 -0.273681640625 -0.110244750976563
0.00331592559814453 -0.00609779357910156 -0.044921875 -0.345703125
0.0222682952880859 0.00506210327148438 0.375244140625 -0.351409912109375
0.00219535827636719 0.0197219848632813 0.694580078125 0.04779052734375
-0.0307693481445312 0.0354118347167969 0.37139892578125 0.6827392578125
-0.0599594116210937 0.0718460083007813 -0.2548828125 0.83245849609375
-0.132026672363281 0.125442504882813 -0.357086181640625 0.365997314453125
-0.1439208984375 0.11285400390625 0.207611083984375 -0.08428955078125
-0.0806655883789063 0.10650634765625 0.34246826171875 -0.70428466796875
0.00328826904296876 0.0738067626953125 -0.29888916015625 -0.8333740234375
0.0154457092285156 0.0250282287597656 -0.73406982421875 -0.15716552734375
0.000374794006347656 -0.0126771926879883 -0.443511962890625 0.3953857421875
0.00704669952392578 -0.00506496429443359 -0.05224609375 0.46087646484375
-0.0037689208984375 -0.0202274322509766 0.220672607421875 0.234527587890625
0.0216941833496094 -0.0497779846191406 0.28485107421875 0.001983642578125
0.0313949584960938 -0.0164222717285156 -0.264373779296875 -0.12286376953125
0.00784492492675781 0.0041041374206543 -0.00592041015625 -0.34124755859375
0.0197715759277344 0.0145854949951172 0.43267822265625 -0.290435791015625
-0.00948238372802735 0.017186164855957 0.69451904296875 0.1815185546875
-0.0359878540039063 0.00530624389648437 0.2440185546875 0.77508544921875
-0.0359268188476563 0.0199928283691406 -0.39923095703125 0.79290771484375
-0.0780563354492188 0.0721664428710938 -0.36004638671875 0.28265380859375
-0.0705795288085938 0.0717239379882813 0.259246826171875 -0.140090942382813
-0.0395545959472656 0.0507774353027344 0.26739501953125 -0.755126953125
0.00156211853027343 0.0292129516601563 -0.41522216796875 -0.7589111328125
0.00249004364013672 0.0114755630493164 -0.72412109375 -0.0214843749999999
-0.00514936447143555 -0.00670480728149414 -0.3526611328125 0.454132080078125
0.00762748718261719 -0.000266075134277344 0.022735595703125 0.46258544921875
-0.00218105316162109 -0.0128002166748047 0.251663208007813 0.21649169921875
0.0242958068847656 -0.0413475036621094 0.2938232421875 -0.010986328125
0.0312213897705078 -0.00465774536132813 -0.258270263671875 -0.125015258789063
0.0122890472412109 0.0138301849365234 0.0130615234375 -0.33148193359375
0.0159454345703125 0.0220203399658203 0.454864501953125 -0.25146484375
-0.0183200836181641 0.0104503631591797 0.6842041015625 0.25689697265625
-0.0298080444335938 -0.0309085845947266 0.16925048828125 0.81964111328125
0.0114212036132813 -0.0380744934082031 -0.4732666015625 0.76300048828125
0.0105352401733398 0.0163946151733398 -0.3624267578125 0.239013671875
0.0196247100830078 0.0179882049560547 0.276748657226563 -0.167892456054688
-0.00666046142578125 -0.0131340026855469 0.21929931640625 -0.7783203125
-0.00876331329345703 -0.0161838531494141 -0.4654541015625 -0.7113037109375
-0.0136337280273437 0.00207710266113281 -0.70855712890625 0.0440673828125
-0.00731086730957031 0.00230312347412109 -0.30291748046875 0.482147216796875
0.0107269287109375 0.00699806213378906 0.060333251953125 0.46209716796875
0.00102376937866211 -0.00392389297485352 0.266311645507813 0.206954956054688
0.0241050720214844 -0.0298385620117188 0.300811767578125 -0.016204833984375
0.034271240234375 0.00656890869140625 -0.254989624023438 -0.12200927734375
0.0162792205810547 0.0219783782958984 0.00573730468749998 -0.325958251953125
0.0146579742431641 0.0266208648681641 0.447113037109375 -0.247802734375
-0.0226612091064453 0.00441932678222656 0.6790771484375 0.2548828125
-0.0232925415039063 -0.0651054382324219 0.17431640625 0.8193359375
0.0634765625 -0.0976638793945313 -0.4700927734375 0.76397705078125
0.109344482421875 -0.0429458618164062 -0.370574951171875 0.237548828125
0.112846374511719 -0.0360565185546875 0.260498046875 -0.164657592773438
0.02630615234375 -0.079498291015625 0.21270751953125 -0.76947021484375
-0.0213890075683594 -0.0578155517578125 -0.4627685546875 -0.70928955078125
-0.0308990478515625 -0.00425338745117188 -0.70867919921875 0.0440673828124999
-0.00941181182861328 0.0112676620483398 -0.303375244140625 0.484222412109375
0.0152730941772461 0.0128355026245117 0.06103515625 0.46533203125
0.00464010238647461 0.00460100173950195 0.267318725585938 0.208969116210938
0.0234470367431641 -0.0153694152832031 0.3057861328125 -0.0135498046875
0.0333900451660156 0.0155258178710938 -0.25714111328125 -0.113006591796875
0.0230064392089844 0.0248622894287109 -0.017669677734375 -0.324981689453125
0.0165119171142578 0.0303936004638672 0.40966796875 -0.280792236328125
-0.0267963409423828 0.00418472290039062 0.6859130859375 0.18267822265625
-0.0255355834960938 -0.0851821899414063 0.26092529296875 0.781982421875
0.090087890625 -0.152236938476563 -0.3870849609375 0.8026123046875
0.1806640625 -0.101852416992188 -0.387420654296875 0.281951904296875
0.194931030273438 -0.083343505859375 0.211105346679687 -0.13275146484375
0.0656890869140625 -0.137413024902344 0.24786376953125 -0.73846435546875
-0.0230484008789062 -0.0990829467773438 -0.4049072265625 -0.7529296875
-0.0445060729980469 -0.0158271789550781 -0.7225341796875 -0.02557373046875
-0.0129156112670898 0.0164690017700195 -0.35418701171875 0.464874267578125
0.0193195343017578 0.0173816680908203 0.02252197265625 0.476043701171875
0.00723457336425781 0.0109748840332031 0.254776000976563 0.22808837890625
0.0203933715820313 -0.00186729431152344 0.310089111328125 -0.00225830078125
0.0321083068847656 0.0223579406738281 -0.263504028320313 -0.096466064453125
0.0285015106201172 0.0265445709228516 -0.060028076171875 -0.324310302734375
0.0215110778808594 0.031402587890625 0.341217041015625 -0.33807373046875
-0.0254936218261719 0.0115776062011719 0.6793212890625 0.05157470703125
-0.03826904296875 -0.0855636596679688 0.39215087890625 0.6873779296875
0.07818603515625 -0.19207763671875 -0.233642578125 0.84307861328125
0.20880126953125 -0.158370971679688 -0.3876953125 0.365020751953125
0.253067016601563 -0.11761474609375 0.137039184570313 -0.0737838745117188
0.112594604492188 -0.17730712890625 0.31219482421875 -0.673583984375
-0.00749969482421874 -0.135490417480469 -0.282958984375 -0.81842041015625
-0.0521965026855469 -0.032440185546875 -0.7281494140625 -0.15814208984375
-0.017578125 0.0152702331542969 -0.442291259765625 0.4061279296875
0.0224361419677734 0.0210208892822266 -0.054840087890625 0.480712890625
0.0118284225463867 0.0137720108032227 0.226333618164063 0.253402709960938
0.0200481414794922 0.00963211059570312 0.309600830078125 0.0147705078125
0.0266380310058594 -0.0396919250488281 -0.296112060546875 -0.0710144042968749
-0.0040740966796875 -0.0228748321533203 -0.157470703125 -0.329193115234375
0.0206642150878906 -0.0128078460693359 0.185577392578125 -0.45550537109375
0.0227756500244141 0.0117607116699219 0.59344482421875 -0.2662353515625
0.00268173217773438 0.0564956665039063 0.59912109375 0.3724365234375
-0.0302963256835938 0.114273071289063 0.1236572265625 0.82977294921875
-0.119537353515625 0.1832275390625 -0.2913818359375 0.5723876953125
-0.203353881835937 0.141845703125 0.0400161743164062 0.0703964233398438
-0.15948486328125 0.144577026367188 0.48968505859375 -0.48883056640625
-0.0349502563476563 0.13323974609375 0.0927124023437499 -0.92730712890625
0.00796127319335938 0.0659942626953125 -0.63812255859375 -0.5328369140625
0.0135154724121094 -0.00823879241943359 -0.6412353515625 0.161376953125
0.0195789337158203 -0.00357818603515625 -0.26263427734375 0.41192626953125
0.00409698486328125 -0.0246009826660156 0.126754760742188 0.277328491210938
0.0200347900390625 -0.0536231994628906 0.275421142578125 0.0374908447265625
0.0280055999755859 -0.0351352691650391 -0.286865234375 -0.0936279296875
-0.00194358825683594 -0.0153369903564453 -0.10064697265625 -0.342498779296875
0.0240306854248047 -0.00354385375976562 0.289703369140625 -0.413238525390625
0.0147552490234375 0.0191307067871094 0.6639404296875 -0.11224365234375
-0.015655517578125 0.0533943176269531 0.50299072265625 0.5438232421875
-0.0525131225585938 0.10577392578125 -0.06988525390625 0.8511962890625
-0.143203735351563 0.168960571289063 -0.33978271484375 0.468414306640625
-0.19195556640625 0.139007568359375 0.130775451660156 -0.00917816162109374
-0.12542724609375 0.14031982421875 0.4268798828125 -0.61248779296875
-0.0105514526367187 0.112884521484375 -0.1214599609375 -0.903076171875
0.0168991088867187 0.0472068786621094 -0.71405029296875 -0.33917236328125
0.00693893432617188 -0.0138454437255859 -0.550140380859375 0.29644775390625
0.0112838745117187 -0.00505828857421875 -0.1552734375 0.446441650390625
-0.0016021728515625 -0.0249061584472656 0.177978515625 0.256851196289063
0.0208625793457031 -0.0544319152832031 0.2818603515625 0.019805908203125
0.03009033203125 -0.0271720886230469 -0.276702880859375 -0.110092163085938
0.00258445739746094 -0.00666236877441406 -0.04541015625 -0.347564697265625
0.0226383209228516 0.00647735595703125 0.37689208984375 -0.351318359375
0.00235939025878906 0.0220947265625 0.69873046875 0.0498046875
-0.0313987731933594 0.0368690490722656 0.3719482421875 0.68701171875
-0.0597152709960937 0.07220458984375 -0.25653076171875 0.8345947265625
-0.133163452148437 0.127052307128906 -0.359954833984375 0.365692138671875
-0.145034790039063 0.114166259765625 0.208648681640625 -0.0839691162109375
-0.0824356079101563 0.106964111328125 0.34625244140625 -0.705078125
0.00327301025390626 0.0739059448242188 -0.2962646484375 -0.8367919921875
0.0146942138671875 0.0267658233642578 -0.738037109375 -0.15887451171875
-0.00103569030761719 -0.0134544372558594 -0.444061279296875 0.394989013671875
0.00759792327880859 -0.00513839721679688 -0.05389404296875 0.462249755859375
-0.00363540649414063 -0.0210380554199219 0.22174072265625 0.234390258789063
0.0220870971679687 -0.0506439208984375 0.287994384765625 0.001251220703125
0.0315456390380859 -0.0174617767333984 -0.266311645507813 -0.123367309570313
0.00678920745849609 0.00490427017211914 -0.00787353515625002 -0.342010498046875
0.0213584899902344 0.0144615173339844 0.433197021484375 -0.289794921875
-0.00995063781738281 0.0180015563964844 0.69891357421875 0.18426513671875
-0.035003662109375 0.00549316406250001 0.24542236328125 0.78045654296875
-0.0375099182128906 0.0201988220214844 -0.4029541015625 0.794921875
-0.0788955688476563 0.0726470947265625 -0.36383056640625 0.28375244140625
-0.0713272094726562 0.0728836059570313 0.258453369140625 -0.139907836914063
-0.0418739318847656 0.0525856018066406 0.26898193359375 -0.76019287109375
0.00344085693359375 0.0296058654785156 -0.4127197265625 -0.763916015625
0.00213241577148438 0.0116786956787109 -0.72528076171875 -0.0239868164062501
-0.00545167922973633 -0.0067596435546875 -0.355377197265625 0.45501708984375
0.00738620758056641 0.000349044799804688 0.020843505859375 0.464935302734375
-0.00250911712646484 -0.0131502151489258 0.251083374023438 0.21759033203125
0.0230255126953125 -0.0430564880371094 0.296844482421875 -0.0103759765625
0.0336246490478516 -0.00320816040039063 -0.258163452148438 -0.125579833984375
0.0129213333129883 0.0146884918212891 0.011505126953125 -0.333892822265625
0.0169963836669922 0.0207901000976563 0.457489013671875 -0.249969482421875
-0.0180187225341797 0.0115947723388672 0.6868896484375 0.2603759765625
-0.0302257537841797 -0.0323390960693359 0.16973876953125 0.8248291015625
0.0120849609375 -0.0382194519042969 -0.479248046875 0.766845703125
0.0104436874389648 0.0159683227539063 -0.365966796875 0.23736572265625
0.0192699432373047 0.0198879241943359 0.276565551757813 -0.168319702148438
-0.00663089752197266 -0.0119438171386719 0.222900390625 -0.78143310546875
-0.00847339630126953 -0.0146408081054687 -0.4676513671875 -0.71429443359375
-0.0126924514770508 0.00196266174316406 -0.71014404296875 0.0417480468750001
-0.00756359100341797 0.00221443176269531 -0.3038330078125 0.4833984375
0.0107326507568359 0.00688934326171875 0.061248779296875 0.464874267578125
-0.000222206115722656 -0.00475978851318359 0.268356323242188 0.207916259765625
0.0232410430908203 -0.0292835235595703 0.303466796875 -0.015716552734375
0.0343399047851563 0.00766181945800781 -0.256500244140625 -0.121490478515625
0.0182743072509766 0.0206165313720703 0.00662231445312502 -0.32635498046875
0.0149459838867188 0.0274524688720703 0.44805908203125 -0.2462158203125
-0.0251331329345703 0.00310707092285156 0.6822509765625 0.259033203125
-0.0225448608398438 -0.0640068054199219 0.17449951171875 0.82525634765625
0.0640182495117188 -0.0966415405273438 -0.474853515625 0.76580810546875
0.109107971191406 -0.042694091796875 -0.376129150390625 0.23846435546875
0.113021850585938 -0.035980224609375 0.259979248046875 -0.166290283203125
0.0266494750976563 -0.0774993896484375 0.21551513671875 -0.77264404296875
-0.0206298828125 -0.0580329895019531 -0.46221923828125 -0.71533203125
-0.0304031372070313 -0.00498580932617188 -0.7108154296875 0.0413818359375
-0.00905323028564453 0.0108327865600586 -0.30450439453125 0.487152099609375
0.0146198272705078 0.0112113952636719 0.0608520507812499 0.4686279296875
0.00319170951843262 0.00338864326477051 0.269775390625 0.210723876953125
0.0221481323242187 -0.0146656036376953 0.30780029296875 -0.012939453125
0.0335102081298828 0.0156517028808594 -0.258392333984375 -0.113082885742187
0.0238685607910156 0.0243873596191406 -0.01947021484375 -0.325164794921875
0.0163478851318359 0.0295867919921875 0.412506103515625 -0.279205322265625
-0.0267829895019531 0.00413703918457031 0.68768310546875 0.1854248046875
-0.0258331298828125 -0.085418701171875 0.2607421875 0.78741455078125
0.0917205810546875 -0.152740478515625 -0.38934326171875 0.804931640625
0.182022094726562 -0.103179931640625 -0.39117431640625 0.282196044921875
0.194107055664063 -0.0831298828125 0.210525512695312 -0.1331787109375
0.0666885375976563 -0.137527465820313 0.25152587890625 -0.7398681640625
-0.0205917358398438 -0.099578857421875 -0.4029541015625 -0.7567138671875
-0.0449905395507812 -0.01593017578125 -0.72344970703125 -0.026611328125
-0.0131721496582031 0.0170793533325195 -0.355194091796875 0.465667724609375
0.0193271636962891 0.0171298980712891 0.02313232421875 0.4781494140625
0.00838088989257813 0.0117521286010742 0.256362915039063 0.227310180664063
0.0219554901123047 -0.00089263916015625 0.310791015625 -0.002471923828125
0.0328617095947266 0.0210666656494141 -0.264633178710937 -0.0986175537109375
0.0297889709472656 0.0249233245849609 -0.0618896484375 -0.323516845703125
0.0195293426513672 0.0308761596679687 0.344696044921875 -0.337432861328125
-0.0252933502197266 0.0119152069091797 0.68145751953125 0.05194091796875
-0.0379562377929688 -0.0858383178710938 0.39276123046875 0.69342041015625
0.07904052734375 -0.191299438476563 -0.23455810546875 0.8458251953125
0.210342407226562 -0.158599853515625 -0.391387939453125 0.36578369140625
0.254684448242188 -0.116806030273438 0.138053894042969 -0.07476806640625
0.114288330078125 -0.176223754882813 0.3134765625 -0.67596435546875
-0.00797271728515624 -0.136161804199219 -0.28277587890625 -0.82305908203125
-0.0513458251953125 -0.0342330932617188 -0.7301025390625 -0.1595458984375
-0.0174493789672852 0.0159387588500977 -0.44580078125 0.408721923828125
0.0217094421386719 0.0195102691650391 -0.0543212890625 0.48126220703125
0.0114860534667969 0.0157012939453125 0.226608276367188 0.253738403320313
0.018798828125 0.00908470153808594 0.311187744140625 0.014556884765625
0.0269432067871094 -0.0408401489257812 -0.298004150390625 -0.0705871582031249
-0.00281715393066406 -0.0224742889404297 -0.1590576171875 -0.3299560546875
0.0204620361328125 -0.0121879577636719 0.1856689453125 -0.459197998046875
0.0222949981689453 0.010986328125 0.59539794921875 -0.264404296875
0.00188446044921875 0.0570335388183594 0.6026611328125 0.37860107421875
-0.0307159423828125 0.11383056640625 0.12152099609375 0.83404541015625
-0.121261596679687 0.184783935546875 -0.2965087890625 0.57489013671875
-0.206436157226563 0.142501831054688 0.0391082763671875 0.070465087890625
-0.161483764648437 0.145187377929688 0.493621826171875 -0.49066162109375
-0.03509521484375 0.133995056152344 0.096435546875 -0.93389892578125
0.00901031494140626 0.0660171508789062 -0.64215087890625 -0.5379638671875
0.0129842758178711 -0.00794792175292969 -0.6456298828125 0.1630859375
0.0188236236572266 -0.00361061096191406 -0.262237548828125 0.415130615234375
0.00358390808105469 -0.0243988037109375 0.128005981445312 0.278594970703125
0.0199546813964844 -0.0552406311035156 0.278427124023438 0.037872314453125
0.0277328491210938 -0.0361900329589844 -0.28997802734375 -0.0930480957031251
0.000350952148437501 -0.0153112411499023 -0.102264404296875 -0.34503173828125
0.0222148895263672 -0.00339317321777344 0.2911376953125 -0.415740966796875
0.0137386322021484 0.0197677612304688 0.66845703125 -0.1107177734375
-0.0162162780761719 0.0546836853027344 0.504608154296875 0.54986572265625
-0.0532684326171875 0.10589599609375 -0.0716552734375 0.86004638671875
-0.1448974609375 0.168441772460938 -0.341461181640625 0.47015380859375
-0.195938110351563 0.13897705078125 0.131629943847656 -0.0114212036132812
-0.126998901367188 0.140975952148438 0.43157958984375 -0.6146240234375
-0.011016845703125 0.113662719726562 -0.120849609375 -0.90972900390625
0.0168724060058594 0.0473365783691406 -0.7178955078125 -0.34075927734375
0.00621128082275391 -0.0133838653564453 -0.553375244140625 0.298828125
0.0130643844604492 -0.00533008575439453 -0.155487060546875 0.449066162109375
-0.00238037109375 -0.0236320495605469 0.178970336914063 0.258148193359375
0.0206375122070313 -0.0554656982421875 0.28369140625 0.019195556640625
0.0295581817626953 -0.0266742706298828 -0.279296875 -0.112167358398438
0.00433349609375 -0.00589561462402344 -0.047882080078125 -0.348724365234375
0.0237503051757812 0.00571823120117187 0.37933349609375 -0.3533935546875
0.00156211853027344 0.0215167999267578 0.7021484375 0.05218505859375
-0.0317573547363281 0.0369110107421875 0.37115478515625 0.69439697265625
-0.0612869262695313 0.0725784301757813 -0.26123046875 0.84210205078125
-0.13433837890625 0.126319885253906 -0.3646240234375 0.366058349609375
-0.14532470703125 0.115386962890625 0.207672119140625 -0.0851898193359375
-0.0822372436523438 0.108848571777344 0.34783935546875 -0.706787109375
0.003173828125 0.0741729736328125 -0.2974853515625 -0.8419189453125
0.0146522521972656 0.0266819000244141 -0.7412109375 -0.15936279296875
-0.00023651123046875 -0.0130014419555664 -0.448394775390625 0.398406982421875
0.00638055801391601 -0.00462722778320313 -0.054595947265625 0.46600341796875
-0.00450706481933594 -0.0210361480712891 0.222518920898437 0.236709594726563
0.0207786560058594 -0.0505180358886719 0.291259765625 0.0015869140625
0.0321197509765625 -0.0158214569091797 -0.268463134765625 -0.12347412109375
0.00921058654785156 0.00491905212402344 -0.00799560546875 -0.34405517578125
0.0212249755859375 0.0144710540771484 0.435546875 -0.290618896484375
-0.00879859924316406 0.0176258087158203 0.7012939453125 0.18658447265625
-0.03759765625 0.00519943237304688 0.2447509765625 0.78729248046875
-0.0370674133300781 0.0200042724609375 -0.40631103515625 0.79766845703125
-0.0799560546875 0.0730209350585938 -0.36651611328125 0.2823486328125
-0.0726547241210937 0.0734939575195313 0.259689331054688 -0.14080810546875
-0.0429153442382813 0.0531578063964844 0.27154541015625 -0.764404296875
0.00249671936035157 0.0297050476074219 -0.41375732421875 -0.766845703125
0.00352573394775391 0.0122146606445313 -0.72894287109375 -0.02679443359375
-0.00556182861328125 -0.00584268569946289 -0.356536865234375 0.458526611328125
0.00747060775756836 0.000281333923339844 0.021728515625 0.469207763671875
-0.00328826904296875 -0.0122556686401367 0.251907348632813 0.218612670898438
0.0224723815917969 -0.0424156188964844 0.299041748046875 -0.01123046875
0.0338821411132813 -0.00543594360351563 -0.261123657226563 -0.1273193359375
0.0130729675292969 0.0146360397338867 0.00952148437499996 -0.335784912109375
0.0173473358154297 0.0223941802978516 0.4599609375 -0.251251220703125
-0.0192852020263672 0.0107173919677734 0.6895751953125 0.262939453125
-0.029022216796875 -0.0310764312744141 0.16900634765625 0.8297119140625
0.0132560729980469 -0.038238525390625 -0.48260498046875 0.7706298828125
0.00968265533447266 0.0160884857177734 -0.369842529296875 0.237701416015625
0.0190448760986328 0.0199909210205078 0.27734375 -0.168731689453125
-0.00684261322021484 -0.0122976303100586 0.22332763671875 -0.7838134765625
-0.00819015502929687 -0.0144815444946289 -0.468505859375 -0.7210693359375
-0.0128297805786133 0.00253009796142578 -0.71337890625 0.0418701171875
-0.00761890411376953 0.00223398208618164 -0.3056640625 0.486419677734375
0.0106420516967773 0.00651264190673828 0.062774658203125 0.467620849609375
0.000685930252075195 -0.00316905975341797 0.270599365234375 0.208633422851563
0.0210723876953125 -0.0293140411376953 0.30621337890625 -0.016357421875
0.0348911285400391 0.00646400451660156 -0.258712768554688 -0.1229248046875
0.0173625946044922 0.0203933715820313 0.00711059570312502 -0.328094482421875
0.0162563323974609 0.0267620086669922 0.45111083984375 -0.24578857421875
-0.0246200561523438 0.00380706787109375 0.68829345703125 0.26300048828125
-0.0231056213378906 -0.0644950866699219 0.1741943359375 0.8331298828125
0.0658493041992188 -0.098663330078125 -0.4791259765625 0.7723388671875
0.109977722167969 -0.0427017211914063 -0.379425048828125 0.2386474609375
0.113273620605469 -0.0348892211914063 0.260345458984375 -0.166946411132813
0.02655029296875 -0.077362060546875 0.21954345703125 -0.7760009765625
-0.0189285278320313 -0.058837890625 -0.46295166015625 -0.7198486328125
-0.0304679870605469 -0.00461769104003907 -0.7135009765625 0.0407714843750001
-0.00985336303710937 0.0110006332397461 -0.306640625 0.488800048828125
0.0149984359741211 0.0124235153198242 0.062103271484375 0.4708251953125
0.0043332576751709 0.00412464141845703 0.273193359375 0.212066650390625
0.0215816497802734 -0.0158195495605469 0.311279296875 -0.013671875
0.0347080230712891 0.0151748657226563 -0.26104736328125 -0.112075805664063
0.0241775512695313 0.0244255065917969 -0.0205078125 -0.326080322265625
0.0165462493896484 0.0303058624267578 0.414581298828125 -0.282135009765625
-0.0265789031982422 0.00425529479980469 0.69305419921875 0.18963623046875
-0.025604248046875 -0.085968017578125 0.26043701171875 0.7950439453125
0.0919189453125 -0.153366088867188 -0.39276123046875 0.80975341796875
0.182830810546875 -0.1033935546875 -0.3936767578125 0.2835693359375
0.197402954101563 -0.0835113525390625 0.21124267578125 -0.132293701171875
0.066253662109375 -0.135932922363281 0.25299072265625 -0.7421875
-0.0224533081054688 -0.0997238159179688 -0.40362548828125 -0.76068115234375
-0.0451622009277344 -0.0175094604492187 -0.7286376953125 -0.0281372070312501
-0.0143346786499023 0.0173158645629883 -0.357177734375 0.467681884765625
0.0192527770996094 0.0167465209960938 0.021697998046875 0.481658935546875
0.00821971893310547 0.0123367309570313 0.257583618164063 0.230560302734375
0.021148681640625 -0.00092315673828125 0.314971923828125 -0.00201416015625
0.0328578948974609 0.0215740203857422 -0.267578125 -0.0974578857421875
0.0293121337890625 0.0251426696777344 -0.062957763671875 -0.325775146484375
0.0200824737548828 0.0307159423828125 0.3447265625 -0.33807373046875
-0.0240077972412109 0.0120449066162109 0.6861572265625 0.05487060546875
-0.0366363525390625 -0.08642578125 0.39508056640625 0.6986083984375
0.0794677734375 -0.192276000976563 -0.239990234375 0.8509521484375
0.211029052734375 -0.160659790039063 -0.397216796875 0.36676025390625
0.256439208984375 -0.116607666015625 0.137413024902344 -0.0744781494140625
0.114532470703125 -0.176132202148438 0.31805419921875 -0.67755126953125
-0.00651550292968751 -0.136642456054688 -0.28179931640625 -0.82867431640625
-0.0518989562988281 -0.0330429077148437 -0.7335205078125 -0.1619873046875
-0.0181045532226563 0.0171794891357422 -0.449432373046875 0.411376953125
0.0209922790527344 0.0205707550048828 -0.05364990234375 0.484161376953125
0.0116872787475586 0.0164461135864258 0.228164672851563 0.256179809570313
0.0178508758544922 0.00896835327148438 0.314697265625 0.01483154296875
0.0268669128417969 -0.0407752990722656 -0.301300048828125 -0.0689697265625
-0.00299453735351562 -0.0211448669433594 -0.1624755859375 -0.331817626953125
0.0215072631835938 -0.0122241973876953 0.185760498046875 -0.4617919921875
0.0217723846435547 0.0135955810546875 0.60009765625 -0.266357421875
0.00254440307617187 0.0572853088378906 0.60516357421875 0.38067626953125
-0.0304107666015625 0.114273071289063 0.12408447265625 0.843505859375
-0.122329711914062 0.185073852539063 -0.298583984375 0.57855224609375
-0.208755493164063 0.144790649414063 0.0373382568359375 0.070343017578125
-0.162765502929687 0.148529052734375 0.497467041015625 -0.4908447265625
-0.034820556640625 0.135513305664063 0.09698486328125 -0.93878173828125
0.00913238525390624 0.0674209594726563 -0.647216796875 -0.54052734375
0.0130167007446289 -0.00691127777099609 -0.6494140625 0.1663818359375
0.0197105407714844 -0.00374412536621094 -0.265533447265625 0.417327880859375
0.00409507751464844 -0.0250110626220703 0.129470825195313 0.280105590820313
0.0199050903320313 -0.05572509765625 0.280838012695313 0.039276123046875
0.0297126770019531 -0.0364151000976563 -0.29205322265625 -0.093109130859375
0.00089263916015625 -0.0146751403808594 -0.1053466796875 -0.3466796875
0.0227565765380859 -0.00446319580078125 0.29058837890625 -0.417755126953125
0.0138149261474609 0.0186271667480469 0.67303466796875 -0.11279296875
-0.0151710510253906 0.0549507141113281 0.50732421875 0.5550537109375
-0.05389404296875 0.106719970703125 -0.0731201171875 0.86651611328125
-0.145034790039063 0.170303344726562 -0.344757080078125 0.472686767578125
-0.195663452148438 0.141098022460938 0.131790161132812 -0.0100936889648437
-0.128768920898438 0.1434326171875 0.43408203125 -0.6170654296875
-0.0116806030273437 0.115249633789062 -0.11920166015625 -0.91461181640625
0.0164794921875 0.0486221313476563 -0.72271728515625 -0.34326171875
0.00482177734375 -0.01422119140625 -0.556732177734375 0.301177978515625
0.0123996734619141 -0.00585556030273438 -0.154876708984375 0.454071044921875
-0.00328636169433594 -0.0244941711425781 0.18048095703125 0.261001586914063
0.0201568603515625 -0.0552291870117188 0.287322998046875 0.018463134765625
0.0304183959960938 -0.028350830078125 -0.282135009765625 -0.1109619140625
0.00497198104858398 -0.00633049011230469 -0.050323486328125 -0.350830078125
0.0242080688476563 0.00592231750488281 0.379150390625 -0.35626220703125
0.00106239318847656 0.0217113494873047 0.70635986328125 0.05401611328125
-0.0324325561523438 0.036376953125 0.37298583984375 0.70013427734375
-0.0609970092773438 0.0723190307617188 -0.26287841796875 0.8504638671875
-0.135536193847656 0.128089904785156 -0.367828369140625 0.368927001953125
-0.149795532226563 0.117233276367187 0.208908081054687 -0.085693359375
-0.0848770141601562 0.109977722167969 0.352294921875 -0.71331787109375
0.0019683837890625 0.0767135620117188 -0.2978515625 -0.846435546875
0.0141754150390625 0.0274562835693359 -0.74615478515625 -0.160888671875
-0.00223445892333984 -0.0128622055053711 -0.4501953125 0.402252197265625
0.00662469863891601 -0.00441217422485352 -0.05328369140625 0.47027587890625
-0.00495147705078125 -0.0203647613525391 0.224578857421875 0.238510131835937
0.0203742980957031 -0.0516586303710938 0.293609619140625 0.000427246093749997
0.0319881439208984 -0.0174160003662109 -0.2723388671875 -0.123062133789062
0.00911617279052734 0.00609302520751953 -0.01068115234375 -0.347442626953125
0.0218582153320313 0.0148696899414062 0.43829345703125 -0.29278564453125
-0.0101251602172852 0.0174779891967773 0.70751953125 0.189697265625
-0.0382881164550781 0.00625991821289063 0.24652099609375 0.79345703125
-0.0379104614257812 0.0210533142089844 -0.4091796875 0.8060302734375
-0.0820846557617188 0.0723419189453125 -0.373321533203125 0.284210205078125
-0.0732040405273437 0.0734176635742188 0.259918212890625 -0.141632080078125
-0.0434455871582031 0.0538749694824219 0.27301025390625 -0.76837158203125
0.00195121765136719 0.0306377410888672 -0.41656494140625 -0.7730712890625
0.00273418426513672 0.0116281509399414 -0.735107421875 -0.0263671875
-0.00705862045288086 -0.00621271133422852 -0.359527587890625 0.46258544921875
0.00824069976806641 0.000113964080810547 0.024688720703125 0.470947265625
-0.00348663330078125 -0.0143308639526367 0.254226684570313 0.21929931640625
0.0213432312011719 -0.042755126953125 0.30157470703125 -0.011199951171875
0.0335216522216797 -0.00654220581054688 -0.263580322265625 -0.126449584960938
0.0141019821166992 0.0131502151489258 0.0107421875 -0.3367919921875
0.0158329010009766 0.0216121673583984 0.4615478515625 -0.25299072265625
-0.0185432434082031 0.0102558135986328 0.69647216796875 0.26513671875
-0.0299282073974609 -0.0319747924804687 0.169921875 0.8382568359375
0.0114936828613281 -0.0387153625488281 -0.486572265625 0.77496337890625
0.0103826522827148 0.0152778625488281 -0.3741455078125 0.23974609375
0.0191230773925781 0.0209827423095703 0.279006958007813 -0.170028686523438
-0.00727081298828125 -0.0119390487670898 0.2266845703125 -0.78765869140625
-0.00800609588623047 -0.0144023895263672 -0.47015380859375 -0.7255859375
-0.0121431350708008 0.0029144287109375 -0.719482421875 0.0425415039062499
-0.00806188583374023 0.00263595581054687 -0.308441162109375 0.488525390625
0.00965118408203125 0.0073699951171875 0.0650329589843749 0.471282958984375
3.2663345336914E-05 -0.00376319885253906 0.271499633789063 0.209930419921875
0.0212268829345703 -0.0302333831787109 0.30853271484375 -0.017852783203125
0.0343971252441406 0.0048980712890625 -0.261856079101563 -0.1239013671875
0.0188484191894531 0.0202789306640625 0.00558471679687503 -0.32904052734375
0.0167732238769531 0.0265865325927734 0.45379638671875 -0.247772216796875
-0.0243339538574219 0.00574302673339844 0.692626953125 0.26568603515625
-0.0228996276855469 -0.0654449462890625 0.1739501953125 0.83905029296875
0.0662994384765625 -0.097991943359375 -0.48236083984375 0.7777099609375
0.107711791992188 -0.0428543090820313 -0.38385009765625 0.23822021484375
0.113754272460937 -0.035430908203125 0.260833740234375 -0.168563842773437
0.026611328125 -0.0768203735351563 0.21875 -0.78082275390625
-0.0193672180175781 -0.0587043762207031 -0.46722412109375 -0.72430419921875
-0.0296192169189453 -0.00406074523925781 -0.71844482421875 0.04205322265625
-0.011317253112793 0.0110235214233398 -0.308258056640625 0.49261474609375
0.0155611038208008 0.0127639770507812 0.0621337890625 0.474761962890625
0.00295209884643555 0.00516796112060547 0.273529052734375 0.212066650390625
0.0213298797607422 -0.0149688720703125 0.312774658203125 -0.0159912109375
0.0346088409423828 0.0141696929931641 -0.264236450195313 -0.1136474609375
0.0245418548583984 0.0245838165283203 -0.02252197265625 -0.32733154296875
0.0180416107177734 0.0295543670654297 0.415313720703125 -0.28216552734375
-0.0263729095458984 0.00533103942871094 0.69683837890625 0.18865966796875
-0.0245590209960937 -0.0873031616210938 0.26220703125 0.79931640625
0.0934600830078125 -0.155548095703125 -0.3956298828125 0.81512451171875
0.184341430664062 -0.10552978515625 -0.398101806640625 0.284759521484375
0.198165893554688 -0.082122802734375 0.211578369140625 -0.13360595703125
0.0684280395507813 -0.136207580566406 0.25616455078125 -0.74810791015625
-0.022491455078125 -0.100601196289063 -0.40692138671875 -0.76641845703125
-0.0452690124511719 -0.0159759521484375 -0.73175048828125 -0.0299072265625
-0.0113105773925781 0.0186805725097656 -0.3603515625 0.471343994140625
0.0197811126708984 0.0185565948486328 0.023162841796875 0.484375
0.00730514526367187 0.0130729675292969 0.259963989257813 0.232696533203125
0.0210666656494141 -0.0009613037109375 0.3173828125 -0.003021240234375
0.03179931640625 0.0216827392578125 -0.270294189453125 -0.0987701416015625
0.0307693481445312 0.0241947174072266 -0.064208984375 -0.326873779296875
0.0201587677001953 0.0322990417480469 0.34564208984375 -0.34088134765625
-0.0250015258789062 0.0129623413085938 0.69091796875 0.05596923828125
-0.0381622314453125 -0.0863876342773438 0.3958740234375 0.703369140625
0.0817718505859375 -0.1943359375 -0.240234375 0.85986328125
0.213104248046875 -0.1605224609375 -0.40093994140625 0.369598388671875
0.258865356445313 -0.115005493164063 0.136642456054688 -0.0751800537109375
0.117568969726562 -0.176971435546875 0.31988525390625 -0.68170166015625
-0.00715637207031249 -0.137825012207031 -0.2818603515625 -0.83392333984375
-0.0529365539550781 -0.0327224731445313 -0.73828125 -0.1630859375
-0.0181541442871094 0.0178279876708984 -0.45025634765625 0.414459228515625
0.0224056243896484 0.0198631286621094 -0.05194091796875 0.48773193359375
0.0114889144897461 0.0169095993041992 0.229965209960937 0.258056640625
0.0177650451660156 0.0105609893798828 0.316650390625 0.012451171875
0.0278701782226563 -0.0419807434082031 -0.3046875 -0.07000732421875
-0.00140762329101562 -0.0214900970458984 -0.165740966796875 -0.33282470703125
0.0214214324951172 -0.0124950408935547 0.18231201171875 -0.46612548828125
0.0215053558349609 0.0125274658203125 0.60040283203125 -0.27197265625
0.00148010253906251 0.0590553283691406 0.61126708984375 0.38543701171875
-0.0294189453125 0.117607116699219 0.1248779296875 0.84954833984375
-0.122604370117188 0.1871337890625 -0.30029296875 0.5833740234375
-0.209991455078125 0.14605712890625 0.0387496948242187 0.0713653564453125
-0.164047241210938 0.150588989257812 0.499542236328125 -0.49566650390625
-0.0356369018554688 0.137359619140625 0.0961303710937501 -0.9451904296875
0.00918197631835937 0.0689620971679688 -0.65338134765625 -0.54534912109375
0.0120029449462891 -0.00708580017089844 -0.65496826171875 0.1666259765625
0.02069091796875 -0.00462913513183594 -0.26519775390625 0.422821044921875
0.0032806396484375 -0.0254001617431641 0.131317138671875 0.28167724609375
0.0199012756347656 -0.0556297302246094 0.283538818359375 0.037261962890625
0.0298347473144531 -0.0372886657714844 -0.2958984375 -0.091278076171875
0.000992774963378908 -0.0139284133911133 -0.10870361328125 -0.349609375
0.0242366790771484 -0.00304222106933594 0.290924072265625 -0.421661376953125
0.0132331848144531 0.0208740234375 0.67724609375 -0.113037109375
-0.0167007446289063 0.0557746887207031 0.51239013671875 0.557525634765625
-0.0532989501953125 0.107444763183594 -0.0728759765625 0.87432861328125
-0.147109985351563 0.171218872070312 -0.347503662109375 0.477783203125
-0.19830322265625 0.142227172851562 0.131088256835938 -0.0121383666992187
-0.131103515625 0.146820068359375 0.43853759765625 -0.62469482421875
-0.0106430053710937 0.117416381835938 -0.12335205078125 -0.92291259765625
0.0178565979003906 0.0487785339355469 -0.7296142578125 -0.34417724609375
0.00444507598876953 -0.0139827728271484 -0.561492919921875 0.304351806640625
0.0117835998535156 -0.00574588775634766 -0.15447998046875 0.45745849609375
-0.00203323364257812 -0.0238933563232422 0.182388305664063 0.2618408203125
0.01922607421875 -0.0558280944824219 0.28955078125 0.018524169921875
0.0297622680664062 -0.0304145812988281 -0.285400390625 -0.1121826171875
0.00532388687133789 -0.00594711303710938 -0.05377197265625 -0.353851318359375
0.0235347747802734 0.00514030456542969 0.380950927734375 -0.35845947265625
0.00174903869628906 0.0225296020507813 0.71173095703125 0.05267333984375
-0.0320663452148438 0.0372543334960938 0.3804931640625 0.70709228515625
-0.0615310668945312 0.0732803344726562 -0.26483154296875 0.85809326171875
-0.13671875 0.128570556640625 -0.370849609375 0.37060546875
-0.149581909179687 0.117752075195313 0.209564208984375 -0.087249755859375
-0.0851669311523438 0.11163330078125 0.3529052734375 -0.7186279296875
0.00295257568359374 0.0769119262695313 -0.30224609375 -0.8548583984375
0.0151233673095703 0.0268955230712891 -0.7509765625 -0.15777587890625
-0.00202465057373047 -0.0118932723999023 -0.451995849609375 0.4052734375
0.00765085220336914 -0.00517177581787109 -0.051422119140625 0.472930908203125
-0.00465965270996094 -0.0195102691650391 0.227218627929687 0.238983154296875
0.020050048828125 -0.0521240234375 0.2977294921875 -0.000396728515625003
0.0328235626220703 -0.0177841186523438 -0.27557373046875 -0.121353149414063
0.00868654251098633 0.00577592849731445 -0.013641357421875 -0.347869873046875
0.0230484008789063 0.0158805847167969 0.439849853515625 -0.295166015625
-0.0104637145996094 0.0187225341796875 0.71392822265625 0.1890869140625
-0.0375938415527344 0.00576019287109374 0.251708984375 0.80230712890625
-0.0371742248535156 0.0203819274902344 -0.41278076171875 0.81585693359375
-0.0817413330078125 0.0729522705078125 -0.37615966796875 0.286712646484375
-0.07318115234375 0.0747528076171875 0.261627197265625 -0.143722534179687
-0.0442848205566406 0.0565834045410156 0.273193359375 -0.775634765625
0.00266265869140625 0.0311908721923828 -0.4190673828125 -0.7789306640625
0.00383758544921875 0.0122385025024414 -0.73907470703125 -0.0251464843749998
-0.00661468505859375 -0.00646448135375977 -0.360595703125 0.466766357421875
0.00745725631713867 0.000663280487060547 0.0264892578125 0.47674560546875
-0.00430583953857422 -0.0123510360717773 0.257583618164063 0.220138549804688
0.0205841064453125 -0.0443344116210938 0.305755615234375 -0.012939453125
0.0342769622802734 -0.0077362060546875 -0.26806640625 -0.126312255859375
0.0141019821166992 0.013484001159668 0.00671386718750003 -0.3375244140625
0.0168514251708984 0.0214424133300781 0.464752197265625 -0.2542724609375
-0.0194644927978516 0.0113544464111328 0.70367431640625 0.2666015625
-0.0311145782470703 -0.0331630706787109 0.17120361328125 0.84552001953125
0.0122756958007812 -0.038665771484375 -0.48858642578125 0.782470703125
0.00947761535644531 0.0169563293457031 -0.3782958984375 0.241302490234375
0.0186710357666016 0.0204315185546875 0.278717041015625 -0.171600341796875
-0.00730133056640625 -0.0100021362304688 0.2261962890625 -0.79522705078125
-0.00865650177001953 -0.0145797729492188 -0.4749755859375 -0.73150634765625
-0.0135459899902344 0.00285530090332031 -0.7242431640625 0.04364013671875
-0.00848293304443359 0.00215625762939453 -0.30877685546875 0.4937744140625
0.0111627578735352 0.00595474243164063 0.0677795410156251 0.473114013671875
-0.00173687934875488 -0.00275754928588867 0.275634765625 0.208877563476562
0.0215549468994141 -0.0299320220947266 0.311737060546875 -0.017608642578125
0.0354995727539063 0.00506591796875 -0.264144897460938 -0.121322631835938
0.0187969207763672 0.0202751159667969 0.00256347656250002 -0.331390380859375
0.0152320861816406 0.0255813598632813 0.456573486328125 -0.251220703125
-0.0230007171630859 0.00615692138671875 0.698974609375 0.26470947265625
-0.0239295959472656 -0.0660133361816406 0.177734375 0.84649658203125
0.0660171508789063 -0.09991455078125 -0.48529052734375 0.785400390625
0.109481811523438 -0.0440216064453125 -0.388916015625 0.239654541015625
0.11444091796875 -0.0347976684570313 0.261062622070312 -0.16912841796875
0.0268173217773437 -0.0761947631835938 0.22125244140625 -0.78717041015625
-0.0193405151367187 -0.0591011047363281 -0.469970703125 -0.72900390625
-0.0307521820068359 -0.00368881225585938 -0.72412109375 0.04449462890625
-0.00913619995117187 0.01202392578125 -0.30975341796875 0.49774169921875
0.0161542892456055 0.0125961303710938 0.0653686523437501 0.47705078125
0.00222969055175781 0.00557041168212891 0.277450561523438 0.213348388671875
0.0199508666992188 -0.0155887603759766 0.31842041015625 -0.01641845703125
0.0352745056152344 0.0144233703613281 -0.267013549804688 -0.112289428710938
0.0256366729736328 0.0241012573242187 -0.023193359375 -0.329925537109375
0.0175189971923828 0.0310020446777344 0.4180908203125 -0.285888671875
-0.0255641937255859 0.00551033020019531 0.70391845703125 0.19049072265625
-0.0255889892578125 -0.0862045288085938 0.2685546875 0.808837890625
0.09442138671875 -0.1566162109375 -0.398681640625 0.82415771484375
0.185470581054688 -0.10498046875 -0.401123046875 0.287322998046875
0.199127197265625 -0.0841064453125 0.211349487304688 -0.135208129882813
0.0684051513671875 -0.136749267578125 0.25567626953125 -0.7528076171875
-0.0217437744140625 -0.100570678710938 -0.40887451171875 -0.77178955078125
-0.0453567504882813 -0.0171127319335937 -0.73760986328125 -0.0285034179687501
-0.012847900390625 0.0177135467529297 -0.360595703125 0.474365234375
0.0181236267089844 0.0178127288818359 0.024139404296875 0.487762451171875
0.00764656066894531 0.0124292373657227 0.262100219726562 0.231399536132812
0.0191116333007813 -0.00126075744628906 0.320709228515625 -0.00518798828125
0.0332832336425781 0.0200347900390625 -0.275009155273438 -0.0984039306640625
0.0296993255615234 0.0250358581542969 -0.068878173828125 -0.328033447265625
0.0226402282714844 0.0317287445068359 0.347320556640625 -0.34210205078125
-0.0238800048828125 0.0130996704101562 0.69866943359375 0.05511474609375
-0.0385818481445312 -0.088714599609375 0.40289306640625 0.709228515625
0.08135986328125 -0.19659423828125 -0.24127197265625 0.86553955078125
0.211990356445313 -0.160598754882813 -0.40521240234375 0.373260498046875
0.260406494140625 -0.116851806640625 0.137771606445313 -0.07568359375
0.117263793945313 -0.177825927734375 0.320068359375 -0.6864013671875
-0.00528717041015624 -0.139663696289063 -0.28594970703125 -0.84075927734375
-0.0520095825195313 -0.0333595275878906 -0.7425537109375 -0.1634521484375
-0.0204105377197266 0.0171432495117187 -0.453765869140625 0.419464111328125
0.0218009948730469 0.0206336975097656 -0.051727294921875 0.49334716796875
0.0106639862060547 0.0178203582763672 0.232406616210938 0.259231567382813
0.0180644989013672 0.00996589660644531 0.3199462890625 0.013275146484375
0.0289535522460938 -0.0429153442382813 -0.308746337890625 -0.0680541992187499
-0.000751495361328124 -0.0208034515380859 -0.1702880859375 -0.33392333984375
0.0228004455566406 -0.0123558044433594 0.181976318359375 -0.4705810546875
0.0226383209228516 0.0137958526611328 0.60528564453125 -0.27471923828125
0.00175094604492188 0.0603408813476563 0.61627197265625 0.3868408203125
-0.031036376953125 0.118026733398438 0.12908935546875 0.85858154296875
-0.123687744140625 0.18902587890625 -0.30328369140625 0.58770751953125
-0.210983276367187 0.149337768554688 0.0380783081054687 0.0718154907226563
-0.166107177734375 0.15399169921875 0.503753662109375 -0.50213623046875
-0.03460693359375 0.139251708984375 0.09588623046875 -0.95440673828125
0.01104736328125 0.0706710815429688 -0.658447265625 -0.54620361328125
0.011204719543457 -0.00721645355224609 -0.66015625 0.17266845703125
0.0195579528808594 -0.004425048828125 -0.265106201171875 0.427154541015625
0.00352096557617187 -0.0248165130615234 0.13360595703125 0.28448486328125
0.0183296203613281 -0.0562019348144531 0.288116455078125 0.0361328125
0.0309028625488281 -0.0376396179199219 -0.29974365234375 -0.0908203125
0.00170230865478516 -0.0150003433227539 -0.1124267578125 -0.350311279296875
0.0250205993652344 -0.00420951843261719 0.291656494140625 -0.4263916015625
0.0142822265625 0.0211219787597656 0.68243408203125 -0.11590576171875
-0.0164108276367188 0.0576667785644531 0.517333984375 0.5643310546875
-0.0540084838867188 0.108757019042969 -0.0684814453125001 0.881591796875
-0.148956298828125 0.173263549804688 -0.349273681640625 0.481964111328125
-0.1990966796875 0.145050048828125 0.13092041015625 -0.0135269165039062
-0.13104248046875 0.149749755859375 0.43798828125 -0.63018798828125
-0.010894775390625 0.118865966796875 -0.12628173828125 -0.9296875
0.0191688537597656 0.0485572814941406 -0.7381591796875 -0.3424072265625
0.00354385375976563 -0.0138692855834961 -0.56390380859375 0.31121826171875
0.0127201080322266 -0.00686931610107422 -0.153564453125 0.462554931640625
-0.00287628173828125 -0.0243854522705078 0.186065673828125 0.263290405273438
0.0196418762207031 -0.0568389892578125 0.293853759765625 0.016693115234375
0.032440185546875 -0.0292587280273438 -0.28955078125 -0.1087646484375
0.0059199333190918 -0.00522947311401367 -0.0570068359375 -0.355926513671875
0.0249919891357422 0.00631904602050781 0.38055419921875 -0.361907958984375
0.0023193359375 0.0241966247558594 0.719482421875 0.0521240234375
-0.0326995849609375 0.0387535095214844 0.3848876953125 0.712158203125
-0.061309814453125 0.0744781494140625 -0.2652587890625 0.86578369140625
-0.137313842773437 0.131019592285156 -0.373992919921875 0.375152587890625
-0.150558471679687 0.119308471679688 0.209609985351563 -0.087860107421875
-0.0864944458007813 0.115219116210937 0.3515625 -0.72357177734375
0.00375366210937501 0.0774154663085937 -0.30718994140625 -0.8614501953125
0.0157871246337891 0.0281848907470703 -0.75775146484375 -0.158935546875
-0.00401592254638672 -0.0122337341308594 -0.45623779296875 0.4117431640625
0.00727319717407227 -0.00472164154052734 -0.051055908203125 0.4779052734375
-0.00519752502441406 -0.0203475952148437 0.2305908203125 0.24017333984375
0.0184745788574219 -0.0520706176757813 0.30108642578125 -0.001739501953125
0.0332221984863281 -0.0189228057861328 -0.279434204101563 -0.122314453125
0.0108833312988281 0.00508975982666016 -0.0162353515625 -0.3492431640625
0.021820068359375 0.0145759582519531 0.441497802734375 -0.299407958984375
-0.00925064086914062 0.0197620391845703 0.71917724609375 0.18865966796875
-0.0386314392089844 0.00650787353515625 0.25360107421875 0.80975341796875
-0.0374069213867188 0.0217552185058594 -0.41412353515625 0.82366943359375
-0.083831787109375 0.0742263793945313 -0.378631591796875 0.28985595703125
-0.0760269165039063 0.0754013061523438 0.26116943359375 -0.14715576171875
-0.0444869995117187 0.0582351684570313 0.2724609375 -0.78033447265625
0.00303459167480469 0.0323619842529297 -0.4237060546875 -0.78326416015625
0.00391387939453125 0.0118093490600586 -0.74493408203125 -0.0217285156250002
-0.00601673126220703 -0.00593185424804687 -0.3616943359375 0.473602294921875
0.00778818130493164 0.000338077545166016 0.029571533203125 0.479766845703125
-0.00343132019042969 -0.0124301910400391 0.262420654296875 0.221603393554687
0.019500732421875 -0.0449867248535156 0.308502197265625 -0.01513671875
0.0347232818603516 -0.0065765380859375 -0.27239990234375 -0.12701416015625
0.0151348114013672 0.0136184692382813 0.00418090820312498 -0.340545654296875
0.0183143615722656 0.0217189788818359 0.467315673828125 -0.259002685546875
-0.0186710357666016 0.0137157440185547 0.7098388671875 0.26666259765625
-0.0317153930664063 -0.0318527221679688 0.17681884765625 0.8543701171875
0.012542724609375 -0.0392112731933594 -0.49066162109375 0.79217529296875
0.00887107849121094 0.0152721405029297 -0.38067626953125 0.244873046875
0.0179557800292969 0.0221042633056641 0.279769897460938 -0.173934936523438
-0.00972175598144531 -0.00844860076904297 0.22760009765625 -0.802978515625
-0.00860595703125 -0.0130643844604492 -0.47998046875 -0.735107421875
-0.0128087997436523 0.00382518768310547 -0.7288818359375 0.0476684570312499
-0.0102853775024414 0.00331497192382812 -0.307373046875 0.49920654296875
0.0105743408203125 0.00617408752441406 0.070037841796875 0.479095458984375
-0.000272750854492188 -0.00258088111877441 0.2791748046875 0.209793090820313
0.0211715698242187 -0.0301685333251953 0.315399169921875 -0.019775390625
0.0358047485351563 0.00444793701171875 -0.27069091796875 -0.122589111328125
0.0195274353027344 0.0206508636474609 -6.10351562499688E-05 -0.333587646484375
0.0151004791259766 0.0265312194824219 0.460113525390625 -0.25372314453125
-0.0236606597900391 0.00617408752441406 0.70751953125 0.26611328125
-0.024627685546875 -0.0666847229003906 0.18182373046875 0.85443115234375
0.0668716430664063 -0.100265502929688 -0.48565673828125 0.79437255859375
0.108108520507812 -0.0436935424804688 -0.39202880859375 0.243743896484375
0.115264892578125 -0.0334548950195313 0.261978149414063 -0.172454833984375
0.0276260375976562 -0.0779190063476563 0.220703125 -0.79547119140625
-0.0191802978515625 -0.0592842102050781 -0.47576904296875 -0.73431396484375
-0.0304317474365234 -0.00544357299804687 -0.7276611328125 0.0462646484375
-0.00999069213867187 0.0129499435424805 -0.3094482421875 0.50225830078125
0.0152511596679688 0.0114374160766602 0.0687255859375 0.482879638671875
0.00389671325683594 0.00638484954833984 0.280746459960938 0.212112426757812
0.0198020935058594 -0.0151176452636719 0.320037841796875 -0.01800537109375
0.0356483459472656 0.0132637023925781 -0.272018432617188 -0.112823486328125
0.0257148742675781 0.0235500335693359 -0.027099609375 -0.331512451171875
0.0193901062011719 0.0294361114501953 0.41888427734375 -0.2877197265625
-0.0259571075439453 0.00539970397949219 0.71209716796875 0.18890380859375
-0.0268402099609375 -0.08673095703125 0.27154541015625 0.81414794921875
0.095123291015625 -0.159072875976562 -0.39801025390625 0.83221435546875
0.184921264648438 -0.106414794921875 -0.406219482421875 0.291351318359375
0.200942993164063 -0.0837860107421875 0.212127685546875 -0.13739013671875
0.0676116943359375 -0.137657165527344 0.2557373046875 -0.75933837890625
-0.0234375 -0.102012634277344 -0.41552734375 -0.77777099609375
-0.0453376770019531 -0.0164260864257812 -0.74371337890625 -0.0244750976562501
-0.0146617889404297 0.0186328887939453 -0.361907958984375 0.4820556640625
0.0191841125488281 0.0181312561035156 0.028656005859375 0.492279052734375
0.00843620300292969 0.0135221481323242 0.267837524414063 0.232315063476563
0.0188922882080078 -0.00107765197753906 0.325225830078125 -0.00567626953125
0.0340366363525391 0.0200691223144531 -0.277984619140625 -0.09814453125
0.0313930511474609 0.0243415832519531 -0.070556640625 -0.330352783203125
0.0219173431396484 0.0312786102294922 0.350311279296875 -0.346343994140625
-0.0253410339355469 0.0134677886962891 0.70452880859375 0.0535888671875
-0.0391998291015625 -0.0887908935546875 0.41009521484375 0.71612548828125
0.082000732421875 -0.198150634765625 -0.2391357421875 0.87506103515625
0.212203979492188 -0.163177490234375 -0.40936279296875 0.3785400390625
0.263198852539063 -0.118408203125 0.1365966796875 -0.07684326171875
0.116806030273438 -0.179000854492188 0.3204345703125 -0.694091796875
-0.00608825683593749 -0.139633178710938 -0.29254150390625 -0.84716796875
-0.0531120300292969 -0.0337562561035156 -0.75146484375 -0.163330078125
-0.0197601318359375 0.0172214508056641 -0.454193115234375 0.4244384765625
0.0209102630615234 0.0202579498291016 -0.049346923828125 0.4974365234375
0.0115604400634766 0.0180606842041016 0.2366943359375 0.25921630859375
0.0184001922607422 0.0113811492919922 0.324249267578125 0.0106201171875
0.0311470031738281 -0.0426406860351563 -0.312408447265625 -0.0649108886718751
-0.000223159790039063 -0.0210800170898438 -0.176483154296875 -0.336395263671875
0.0232162475585938 -0.0140819549560547 0.178955078125 -0.475830078125
0.0224037170410156 0.0130577087402344 0.60565185546875 -0.2801513671875
0.00181198120117188 0.0595245361328125 0.62548828125 0.388916015625
-0.0287857055664062 0.118507385253906 0.13616943359375 0.86688232421875
-0.123458862304687 0.191299438476563 -0.30230712890625 0.5960693359375
-0.212066650390625 0.15264892578125 0.03753662109375 0.071685791015625
-0.165817260742188 0.15631103515625 0.505279541015625 -0.509063720703125
-0.033538818359375 0.1409912109375 0.0916137695312499 -0.96185302734375
0.011444091796875 0.070343017578125 -0.66912841796875 -0.54632568359375
0.0101776123046875 -0.00755691528320313 -0.66387939453125 0.179443359375
0.0196151733398438 -0.00333023071289063 -0.263214111328125 0.4344482421875
0.00174140930175781 -0.0249118804931641 0.137359619140625 0.2845458984375
0.0172500610351563 -0.0588417053222656 0.292022705078125 0.03521728515625
0.0284385681152344 -0.0383949279785156 -0.30499267578125 -0.0894775390625001
0.00363636016845703 -0.0153865814208984 -0.11859130859375 -0.35186767578125
0.0241756439208984 -0.00381851196289063 0.289306640625 -0.432037353515625
0.0139751434326172 0.0234279632568359 0.68817138671875 -0.123779296875
-0.014923095703125 0.0582427978515625 0.52581787109375 0.567138671875
-0.05401611328125 0.111579895019531 -0.06427001953125 0.89324951171875
-0.148086547851563 0.175750732421875 -0.350860595703125 0.487701416015625
-0.201202392578125 0.1473388671875 0.131538391113281 -0.013519287109375
-0.131301879882813 0.152191162109375 0.43804931640625 -0.63702392578125
-0.00732421874999999 0.120857238769531 -0.13165283203125 -0.937255859375
0.0196037292480469 0.0499496459960938 -0.74658203125 -0.3404541015625
0.00304412841796875 -0.0139942169189453 -0.5687255859375 0.31793212890625
0.0126848220825195 -0.00702095031738281 -0.151214599609375 0.46893310546875
-0.00292205810546875 -0.0252838134765625 0.189804077148438 0.264266967773438
0.0178604125976562 -0.0576095581054687 0.297210693359375 0.01470947265625
0.0316562652587891 -0.0307254791259766 -0.294525146484375 -0.1051025390625
0.00870561599731445 -0.00478601455688477 -0.06146240234375 -0.356964111328125
0.0247268676757813 0.00609779357910156 0.382415771484375 -0.36962890625
0.00267219543457031 0.0224704742431641 0.72381591796875 0.04608154296875
-0.0330085754394531 0.0397911071777344 0.39227294921875 0.719482421875
-0.0608139038085938 0.0770034790039062 -0.260009765625 0.8759765625
-0.137939453125 0.131729125976563 -0.37530517578125 0.3818359375
-0.152679443359375 0.124618530273438 0.2110595703125 -0.0906219482421875
-0.0862503051757813 0.117454528808594 0.3551025390625 -0.732666015625
0.0054168701171875 0.0789794921875 -0.315185546875 -0.86627197265625
0.0173854827880859 0.0272445678710938 -0.76715087890625 -0.15283203125
-0.00396156311035156 -0.0131855010986328 -0.45648193359375 0.417266845703125
0.00756406784057617 -0.00473690032958984 -0.045135498046875 0.48406982421875
-0.00580787658691406 -0.0206146240234375 0.234024047851563 0.241317749023438
0.018707275390625 -0.0530891418457031 0.305267333984375 -0.00262451171875
0.0341358184814453 -0.0203685760498047 -0.28350830078125 -0.1204833984375
0.0106916427612305 0.00507640838623047 -0.019134521484375 -0.352447509765625
0.0218505859375 0.0150012969970703 0.4425048828125 -0.304351806640625
-0.0106525421142578 0.0196189880371094 0.73114013671875 0.18646240234375
-0.0388984680175781 0.00678634643554687 0.261474609375 0.81500244140625
-0.0390777587890625 0.0208206176757812 -0.41229248046875 0.83233642578125
-0.0839996337890625 0.0744552612304688 -0.38226318359375 0.295440673828125
-0.0763626098632813 0.0781631469726563 0.2618408203125 -0.147369384765625
-0.0440673828125 0.0606613159179688 0.274169921875 -0.78717041015625
0.00290107727050781 0.0320415496826172 -0.4324951171875 -0.788330078125
0.00515174865722656 0.0119562149047852 -0.75335693359375 -0.0171508789062499
-0.0070500373840332 -0.00606822967529297 -0.361419677734375 0.477691650390625
0.00940704345703125 0.00150775909423828 0.034912109375 0.483245849609375
-0.00441932678222656 -0.0125064849853516 0.2659912109375 0.22149658203125
0.0202293395996094 -0.0452804565429688 0.311279296875 -0.016082763671875
0.0357666015625 -0.00763320922851562 -0.276870727539063 -0.125534057617187
0.0157051086425781 0.0126399993896484 0.000152587890624968 -0.344024658203125
0.0193195343017578 0.0212478637695313 0.469451904296875 -0.2626953125
-0.0192718505859375 0.0131950378417969 0.7188720703125 0.26318359375
-0.0321044921875 -0.0312881469726563 0.1810302734375 0.858642578125
0.0118255615234375 -0.0404052734375 -0.49139404296875 0.802734375
0.00841426849365234 0.0159740447998047 -0.383544921875 0.248321533203125
0.0179901123046875 0.0225162506103516 0.28125 -0.17755126953125
-0.00705623626708984 -0.00837230682373047 0.222900390625 -0.81170654296875
-0.00702857971191406 -0.0149612426757813 -0.48822021484375 -0.7392578125
-0.0119266510009766 0.00167369842529297 -0.7357177734375 0.0508422851562501
-0.00937080383300781 0.00335502624511719 -0.309600830078125 0.507354736328125
0.0103244781494141 0.00760078430175781 0.0759277343750001 0.482025146484375
-0.000306367874145508 -0.00202631950378418 0.2833251953125 0.210235595703125
0.0205287933349609 -0.0311851501464844 0.318450927734375 -0.022613525390625
0.0353164672851563 0.0037384033203125 -0.273361206054688 -0.121261596679687
0.0197792053222656 0.0225162506103516 -0.00601196289062497 -0.334259033203125
0.0179252624511719 0.0266494750976563 0.458740234375 -0.259033203125
-0.0236701965332031 0.00774765014648437 0.7130126953125 0.2628173828125
-0.0243110656738281 -0.0655975341796875 0.18878173828125 0.8646240234375
0.066802978515625 -0.102012634277344 -0.48577880859375 0.804443359375
0.110176086425781 -0.0445709228515625 -0.394256591796875 0.24774169921875
0.115974426269531 -0.0361251831054688 0.261810302734375 -0.172988891601563
0.0257797241210938 -0.0767288208007813 0.21685791015625 -0.8031005859375
-0.0191650390625 -0.0598373413085938 -0.48223876953125 -0.73956298828125
-0.030517578125 -0.00369644165039062 -0.73455810546875 0.0509643554687501
-0.0112600326538086 0.0129108428955078 -0.309295654296875 0.508270263671875
0.0138368606567383 0.0121755599975586 0.07330322265625 0.485748291015625
0.00434637069702148 0.00574111938476563 0.285003662109375 0.2147216796875
0.0196514129638672 -0.0138797760009766 0.326629638671875 -0.020843505859375
0.0357666015625 0.0128135681152344 -0.277313232421875 -0.111663818359375
0.0260772705078125 0.0253124237060547 -0.03094482421875 -0.332489013671875
0.0193729400634766 0.0277023315429688 0.419677734375 -0.294891357421875
-0.0275058746337891 0.00722503662109376 0.7218017578125 0.18768310546875
-0.0263595581054687 -0.0885543823242188 0.28289794921875 0.82098388671875
0.0953521728515625 -0.162185668945313 -0.39691162109375 0.84356689453125
0.184906005859375 -0.1092529296875 -0.40985107421875 0.294342041015625
0.202346801757813 -0.0856170654296875 0.213623046875 -0.139297485351563
0.06817626953125 -0.136039733886719 0.253662109375 -0.76544189453125
-0.0216064453125 -0.102165222167969 -0.42340087890625 -0.78277587890625
-0.0454597473144531 -0.0141372680664062 -0.75030517578125 -0.0223388671874999
-0.0141315460205078 0.0167131423950195 -0.36004638671875 0.489105224609375
0.0207939147949219 0.0167484283447266 0.034515380859375 0.497955322265625
0.00805377960205078 0.0148248672485352 0.272506713867188 0.232879638671875
0.0186004638671875 -0.00064849853515625 0.32818603515625 -0.00946044921875
0.0330772399902344 0.019500732421875 -0.282257080078125 -0.095703125
0.0322837829589844 0.0226764678955078 -0.075775146484375 -0.331787109375
0.0227413177490234 0.0321750640869141 0.347991943359375 -0.35076904296875
-0.0238933563232422 0.0153102874755859 0.71160888671875 0.05029296875
-0.0398178100585938 -0.0883331298828125 0.41778564453125 0.7230224609375
0.082855224609375 -0.201889038085938 -0.23529052734375 0.8856201171875
0.213088989257813 -0.165756225585938 -0.411102294921875 0.3846435546875
0.264495849609375 -0.119430541992187 0.134124755859375 -0.076202392578125
0.119384765625 -0.17962646484375 0.31878662109375 -0.70257568359375
-0.00706481933593749 -0.141098022460938 -0.29736328125 -0.853271484375
-0.0515632629394531 -0.0351333618164062 -0.75823974609375 -0.1583251953125
-0.0188446044921875 0.0189113616943359 -0.454833984375 0.43182373046875
0.0222244262695313 0.0192508697509766 -0.046478271484375 0.5018310546875
0.0100994110107422 0.0188407897949219 0.241119384765625 0.26123046875
0.0169582366943359 0.0100250244140625 0.327423095703125 0.00677490234375
0.0299453735351562 -0.0453376770019531 -0.313507080078125 -0.061004638671875
5.53131103515629E-05 -0.0211563110351563 -0.1806640625 -0.336090087890625
0.0236930847167969 -0.0130157470703125 0.173858642578125 -0.478668212890625
0.0217247009277344 0.0136508941650391 0.60968017578125 -0.2872314453125
0.00328826904296875 0.0610885620117188 0.6343994140625 0.38787841796875
-0.0281143188476563 0.120460510253906 0.14459228515625 0.87432861328125
-0.122314453125 0.193832397460938 -0.30242919921875 0.60284423828125
-0.214691162109375 0.156082153320313 0.0378494262695312 0.0725250244140625
-0.16705322265625 0.161666870117188 0.506561279296875 -0.516510009765625
-0.0335235595703125 0.142852783203125 0.0843505859374999 -0.9718017578125
0.0129852294921875 0.0703811645507813 -0.67791748046875 -0.54534912109375
0.0103559494018555 -0.00769138336181641 -0.66943359375 0.18682861328125
0.0212669372558594 -0.0060882568359375 -0.261932373046875 0.440399169921875
0.00321769714355468 -0.0240917205810547 0.142333984375 0.287841796875
0.0160331726074219 -0.0579261779785156 0.294525146484375 0.033203125
0.0309944152832031 -0.03924560546875 -0.307373046875 -0.0863037109375
0.00221633911132812 -0.0147323608398437 -0.123870849609375 -0.353607177734375
0.0263385772705078 -0.00417709350585938 0.286865234375 -0.4359130859375
0.0133552551269531 0.0199699401855469 0.69207763671875 -0.1270751953125
-0.0164604187011719 0.0588150024414063 0.53564453125 0.568603515625
-0.053314208984375 0.110862731933594 -0.05657958984375 0.90045166015625
-0.148971557617188 0.178482055664063 -0.351898193359375 0.495849609375
-0.202423095703125 0.151214599609375 0.130279541015625 -0.0150680541992187
-0.13140869140625 0.156326293945313 0.4385986328125 -0.64459228515625
-0.00681304931640626 0.121940612792969 -0.14007568359375 -0.94146728515625
0.0209007263183594 0.0522727966308594 -0.75518798828125 -0.33929443359375
0.00157546997070312 -0.0123615264892578 -0.56854248046875 0.32666015625
0.0118627548217773 -0.00660419464111328 -0.148681640625 0.474822998046875
-0.00189971923828125 -0.0243358612060547 0.1947021484375 0.267898559570313
0.01544189453125 -0.0586624145507813 0.302001953125 0.012359619140625
0.0315208435058594 -0.03167724609375 -0.298431396484375 -0.105743408203125
0.00573444366455078 -0.00476980209350586 -0.067169189453125 -0.358245849609375
0.0242938995361328 0.00538063049316406 0.3809814453125 -0.374267578125
0.00270462036132812 0.0255680084228516 0.732177734375 0.042724609375
-0.03448486328125 0.0425224304199219 0.4012451171875 0.7237548828125
-0.0610427856445312 0.0771102905273438 -0.25531005859375 0.88531494140625
-0.139266967773438 0.133804321289063 -0.377227783203125 0.38665771484375
-0.153900146484375 0.1240234375 0.209854125976563 -0.092437744140625
-0.0870742797851562 0.1214599609375 0.34893798828125 -0.7427978515625
0.0072021484375 0.0812911987304688 -0.31927490234375 -0.8697509765625
0.0157394409179688 0.0286312103271484 -0.77166748046875 -0.14849853515625
-0.00559711456298828 -0.0117387771606445 -0.456207275390625 0.427276611328125
0.00701379776000977 -0.00481176376342773 -0.042572021484375 0.489227294921875
-0.0053558349609375 -0.0188407897949219 0.239212036132813 0.240142822265625
0.0176925659179688 -0.0537223815917969 0.307464599609375 -0.006195068359375
0.0340518951416016 -0.0202274322509766 -0.289215087890625 -0.11907958984375
0.0113668441772461 0.00486373901367188 -0.025726318359375 -0.354034423828125
0.0226173400878906 0.0141983032226563 0.44427490234375 -0.31103515625
-0.00910186767578125 0.0223255157470703 0.73699951171875 0.18292236328125
-0.0379600524902344 0.007659912109375 0.2706298828125 0.82342529296875
-0.0375328063964844 0.0233917236328125 -0.41107177734375 0.84698486328125
-0.0862045288085938 0.0754852294921875 -0.3858642578125 0.298797607421875
-0.07684326171875 0.0795364379882812 0.263442993164062 -0.151565551757813
-0.0446395874023437 0.0620155334472656 0.26904296875 -0.796875
0.00457763671875 0.03271484375 -0.4393310546875 -0.7926025390625
0.0059347152709961 0.0122852325439453 -0.75689697265625 -0.0111083984375001
-0.00820589065551758 -0.00493574142456055 -0.36053466796875 0.486785888671875
0.00687170028686523 -0.000142574310302734 0.03790283203125 0.488433837890625
-0.00453853607177734 -0.0123205184936523 0.270172119140625 0.220596313476562
0.0179519653320313 -0.045989990234375 0.315643310546875 -0.020538330078125
0.0350627899169922 -0.009735107421875 -0.281524658203125 -0.120697021484375
0.016932487487793 0.0117454528808594 -0.004119873046875 -0.344146728515625
0.0194091796875 0.0218029022216797 0.4691162109375 -0.267578125
-0.0196094512939453 0.013824462890625 0.7294921875 0.26275634765625
-0.0314044952392578 -0.0321216583251953 0.19354248046875 0.866943359375
0.0125198364257813 -0.0396766662597656 -0.4912109375 0.8116455078125
0.00720119476318359 0.0161199569702148 -0.38836669921875 0.255645751953125
0.0180702209472656 0.02496337890625 0.279647827148437 -0.179458618164063
-0.00909328460693359 -0.0073099136352539 0.21820068359375 -0.8197021484375
-0.0074462890625 -0.0122442245483398 -0.4986572265625 -0.74102783203125
-0.0124950408935547 0.00400447845458984 -0.74176025390625 0.0596923828125001
-0.00929164886474609 0.00451850891113281 -0.30670166015625 0.51220703125
0.0116443634033203 0.00714111328125 0.080291748046875 0.486480712890625
-0.00190353393554688 -0.00181126594543457 0.286590576171875 0.2088623046875
0.0197677612304688 -0.0328884124755859 0.32305908203125 -0.027252197265625
0.0372161865234375 0.00328826904296875 -0.27911376953125 -0.11651611328125
0.0186595916748047 0.0200519561767578 -0.00909423828125 -0.33795166015625
0.018402099609375 0.0256919860839844 0.461669921875 -0.26654052734375
-0.0224037170410156 0.00755119323730469 0.72515869140625 0.26025390625
-0.0258712768554688 -0.0672073364257813 0.1995849609375 0.87060546875
0.0682449340820313 -0.103050231933594 -0.48431396484375 0.81512451171875
0.109870910644531 -0.04669189453125 -0.399810791015625 0.253082275390625
0.117561340332031 -0.033905029296875 0.261138916015625 -0.179046630859375
0.0272598266601563 -0.0752716064453125 0.21392822265625 -0.8109130859375
-0.0213165283203125 -0.0588188171386719 -0.49285888671875 -0.74041748046875
-0.0305976867675781 -0.00427055358886719 -0.7412109375 0.0557250976562502
-0.0113916397094727 0.0135087966918945 -0.309967041015625 0.517364501953125
0.0172939300537109 0.0134992599487305 0.080322265625 0.490386962890625
0.00408697128295898 0.00762605667114258 0.290985107421875 0.21240234375
0.0204315185546875 -0.0148258209228516 0.328216552734375 -0.02490234375
0.0376091003417969 0.0124549865722656 -0.28021240234375 -0.1083984375
0.0258731842041016 0.0234794616699219 -0.0355224609375 -0.335601806640625
0.0189895629882813 0.0302524566650391 0.421966552734375 -0.297119140625
-0.0264072418212891 0.00901985168457031 0.72955322265625 0.1832275390625
-0.028472900390625 -0.0883026123046875 0.29058837890625 0.8272705078125
0.0953216552734375 -0.163330078125 -0.391845703125 0.851806640625
0.184783935546875 -0.1104736328125 -0.41162109375 0.30157470703125
0.203323364257813 -0.0872039794921875 0.210159301757813 -0.140457153320312
0.0687103271484375 -0.138916015625 0.2509765625 -0.77545166015625
-0.0234832763671875 -0.102973937988281 -0.43060302734375 -0.788818359375
-0.0456085205078125 -0.0165023803710938 -0.75469970703125 -0.0164794921875001
-0.0130863189697266 0.0189170837402344 -0.361114501953125 0.49505615234375
0.0195541381835938 0.0158920288085937 0.0382080078125 0.50067138671875
0.00883674621582031 0.0153694152832031 0.275604248046875 0.231353759765625
0.0199069976806641 -0.000675201416015625 0.33349609375 -0.014251708984375
0.0352287292480469 0.0187149047851563 -0.286651611328125 -0.093902587890625
0.0328292846679688 0.0229167938232422 -0.078338623046875 -0.3331298828125
0.0245742797851563 0.0310459136962891 0.35028076171875 -0.35589599609375
-0.0250701904296875 0.0154743194580078 0.71966552734375 0.044677734375
-0.0399932861328125 -0.0890655517578125 0.4263916015625 0.72760009765625
0.0802764892578125 -0.204559326171875 -0.23089599609375 0.89471435546875
0.21435546875 -0.165695190429688 -0.4129638671875 0.389068603515625
0.266220092773438 -0.122940063476563 0.134910583496094 -0.0795822143554688
0.1187744140625 -0.181289672851563 0.31787109375 -0.708740234375
-0.00715637207031251 -0.140869140625 -0.30633544921875 -0.85968017578125
-0.053863525390625 -0.0344429016113281 -0.7645263671875 -0.15484619140625
-0.0197658538818359 0.0178775787353516 -0.45635986328125 0.4400634765625
0.0231990814208984 0.0212306976318359 -0.040069580078125 0.50592041015625
0.0123805999755859 0.0186290740966797 0.245956420898438 0.260528564453125
0.0180530548095703 0.00927352905273438 0.333251953125 0.004669189453125
0.0300064086914063 -0.0467071533203125 -0.320343017578125 -0.0592346191406251
0.000347137451171875 -0.0203781127929688 -0.189178466796875 -0.335723876953125
0.0245532989501953 -0.0138206481933594 0.17034912109375 -0.486083984375
0.0223159790039063 0.0141067504882813 0.61175537109375 -0.29669189453125
0.00405120849609375 0.061767578125 0.6435546875 0.38470458984375
-0.0279312133789063 0.121337890625 0.155029296875 0.87945556640625
-0.123184204101562 0.196701049804688 -0.29705810546875 0.6119384765625
-0.214309692382813 0.159927368164062 0.0385818481445312 0.0723648071289063
-0.168991088867188 0.16473388671875 0.50543212890625 -0.524139404296875
-0.0280609130859375 0.1455078125 0.0770263671875001 -0.97930908203125
0.0137557983398438 0.071533203125 -0.6885986328125 -0.54388427734375
0.00914192199707031 -0.00647735595703125 -0.67242431640625 0.19500732421875
0.0197105407714844 -0.00719261169433594 -0.26019287109375 0.4482421875
0.00222206115722656 -0.0247783660888672 0.145843505859375 0.2889404296875
0.0156211853027344 -0.0595016479492188 0.29998779296875 0.028961181640625
0.0321159362792969 -0.0397377014160156 -0.31304931640625 -0.0853271484375
0.00413322448730469 -0.0134334564208984 -0.131256103515625 -0.3543701171875
0.0268764495849609 -0.00465011596679688 0.28387451171875 -0.4449462890625
0.0133743286132812 0.0227546691894531 0.6959228515625 -0.13531494140625
-0.0145378112792969 0.0596504211425781 0.5469970703125 0.57122802734375
-0.0524520874023437 0.113815307617188 -0.0488891601562499 0.90997314453125
-0.150009155273438 0.181961059570312 -0.351776123046875 0.504302978515625
-0.201492309570313 0.154571533203125 0.131744384765625 -0.0155792236328125
-0.131820678710938 0.158920288085937 0.4342041015625 -0.65478515625
-0.00534057617187501 0.124610900878906 -0.14788818359375 -0.9486083984375
0.0229644775390625 0.0513267517089844 -0.763427734375 -0.3330078125
0.00257015228271484 -0.0121707916259766 -0.57098388671875 0.33465576171875
0.0119752883911133 -0.00792980194091797 -0.144744873046875 0.4814453125
-0.00298881530761719 -0.0237808227539063 0.199905395507813 0.265213012695313
0.0158348083496094 -0.0597305297851563 0.304718017578125 0.008880615234375
0.0321331024169922 -0.0332145690917969 -0.303009033203125 -0.1024169921875
0.00734710693359375 -0.00517129898071289 -0.074462890625 -0.361083984375
0.0269069671630859 0.00329399108886719 0.3782958984375 -0.38140869140625
0.00128364562988281 0.0251045227050781 0.740478515625 0.03436279296875
-0.0326385498046875 0.0400428771972656 0.41229248046875 0.727294921875
-0.0605850219726563 0.0783233642578125 -0.24920654296875 0.896728515625
-0.140640258789063 0.1361083984375 -0.37939453125 0.3946533203125
-0.15234375 0.127426147460937 0.210052490234375 -0.0962066650390625
-0.0869293212890625 0.123062133789062 0.34625244140625 -0.752197265625
0.00780487060546875 0.0810470581054688 -0.3304443359375 -0.87567138671875
0.0172939300537109 0.0274562835693359 -0.7808837890625 -0.14239501953125
-0.00441074371337891 -0.013005256652832 -0.454681396484375 0.435699462890625
0.00777435302734375 -0.00515317916870117 -0.036407470703125 0.493896484375
-0.00586891174316406 -0.0200405120849609 0.244003295898437 0.24072265625
0.0153846740722656 -0.0555648803710938 0.3114013671875 -0.010772705078125
0.0338230133056641 -0.0238265991210938 -0.292144775390625 -0.116119384765625
0.0128259658813477 0.00494861602783203 -0.031982421875 -0.355804443359375
0.0248165130615234 0.0143680572509766 0.445098876953125 -0.316253662109375
-0.0104026794433594 0.0227928161621094 0.74774169921875 0.17669677734375
-0.0387420654296875 0.00812530517578126 0.281494140625 0.827392578125
-0.0392227172851563 0.0228157043457031 -0.40557861328125 0.85626220703125
-0.0861892700195312 0.0787429809570313 -0.385040283203125 0.3062744140625
-0.0765380859375 0.0818557739257813 0.260177612304688 -0.154815673828125
-0.0456924438476563 0.0653877258300781 0.2635498046875 -0.80731201171875
0.00493812561035156 0.0333118438720703 -0.449951171875 -0.794677734375
0.00535297393798828 0.0122337341308594 -0.76300048828125 -0.0046386718749999
-0.00983142852783203 -0.00464820861816406 -0.357940673828125 0.4935302734375
0.00870561599731445 0.000357627868652344 0.045684814453125 0.493072509765625
-0.00567340850830078 -0.011967658996582 0.2747802734375 0.220321655273437
0.0167236328125 -0.0463790893554687 0.318572998046875 -0.023590087890625
0.0351009368896484 -0.0105991363525391 -0.28643798828125 -0.12030029296875
0.0153741836547852 0.0126256942749023 -0.00921630859375 -0.345703125
0.0198383331298828 0.0203456878662109 0.469512939453125 -0.275177001953125
-0.0177822113037109 0.0146846771240234 0.73651123046875 0.25616455078125
-0.0335330963134766 -0.0316753387451172 0.20281982421875 0.8746337890625
0.0119476318359375 -0.0411033630371094 -0.48663330078125 0.82574462890625
0.00718402862548828 0.0160770416259766 -0.38922119140625 0.25909423828125
0.0184154510498047 0.0237884521484375 0.279815673828125 -0.184738159179688
-0.00858497619628906 -0.00580978393554687 0.21142578125 -0.8258056640625
-0.00830364227294922 -0.0131721496582031 -0.50616455078125 -0.7449951171875
-0.0122556686401367 0.00229835510253906 -0.74468994140625 0.0639038085937501
-0.009552001953125 0.00348663330078125 -0.304412841796875 0.521759033203125
0.0116157531738281 0.00573825836181641 0.08685302734375 0.489227294921875
-0.0016331672668457 -0.00220870971679688 0.293304443359375 0.20867919921875
0.0187492370605469 -0.0318202972412109 0.325927734375 -0.030548095703125
0.0369033813476563 0.00341415405273437 -0.28375244140625 -0.117034912109375
0.0214576721191406 0.0181598663330078 -0.01324462890625 -0.33935546875
0.017913818359375 0.0246963500976563 0.462799072265625 -0.27069091796875
-0.0243625640869141 0.00858497619628906 0.7353515625 0.256103515625
-0.0276565551757813 -0.0664634704589844 0.21026611328125 0.87420654296875
0.0670623779296875 -0.105667114257812 -0.4803466796875 0.82550048828125
0.108757019042969 -0.0457687377929688 -0.401031494140625 0.25787353515625
0.115623474121094 -0.0362625122070312 0.26129150390625 -0.1822509765625
0.0266342163085938 -0.0756912231445313 0.2080078125 -0.81878662109375
-0.0207672119140625 -0.0595283508300781 -0.50421142578125 -0.74267578125
-0.0313129425048828 -0.00486946105957032 -0.7462158203125 0.0651245117187501
-0.0110559463500977 0.0123634338378906 -0.305908203125 0.522430419921875
0.0165777206420898 0.0118284225463867 0.0853271484375 0.493255615234375
0.00405263900756836 0.0071110725402832 0.294281005859375 0.2100830078125
0.0181846618652344 -0.01605224609375 0.331878662109375 -0.028472900390625
0.035552978515625 0.0120925903320313 -0.287567138671875 -0.10675048828125
0.0276355743408203 0.0221176147460938 -0.041259765625 -0.336517333984375
0.0199527740478516 0.030029296875 0.423614501953125 -0.30328369140625
-0.0262718200683594 0.00927162170410156 0.73931884765625 0.17657470703125
-0.0276870727539063 -0.0896453857421875 0.30145263671875 0.83099365234375
0.094146728515625 -0.164443969726563 -0.38824462890625 0.86480712890625
0.185394287109375 -0.112335205078125 -0.416412353515625 0.309051513671875
0.204238891601562 -0.0873870849609375 0.211502075195312 -0.143630981445312
0.0687255859375 -0.14129638671875 0.2442626953125 -0.78167724609375
-0.0237350463867188 -0.104080200195313 -0.4412841796875 -0.78961181640625
-0.0458335876464844 -0.0160102844238281 -0.76324462890625 -0.00793457031249986
-0.0133762359619141 0.0177993774414063 -0.358367919921875 0.50408935546875
0.0189132690429688 0.0159034729003906 0.045379638671875 0.50347900390625
0.00806427001953125 0.0137710571289063 0.28167724609375 0.229583740234375
0.0170001983642578 0.000267982482910156 0.336700439453125 -0.01812744140625
0.034027099609375 0.0182609558105469 -0.291778564453125 -0.09234619140625
0.03253173828125 0.0229969024658203 -0.086669921875 -0.332855224609375
0.0233592987060547 0.0311679840087891 0.349822998046875 -0.360015869140625
-0.0228862762451172 0.0159397125244141 0.7271728515625 0.0367431640625
-0.0430831909179687 -0.0914764404296875 0.43768310546875 0.7269287109375
0.0798797607421875 -0.207260131835938 -0.2236328125 0.903564453125
0.214385986328125 -0.171142578125 -0.41351318359375 0.396575927734375
0.268295288085938 -0.125534057617188 0.135009765625 -0.0789794921875
0.118515014648438 -0.184173583984375 0.31353759765625 -0.71856689453125
-0.00886535644531249 -0.142257690429688 -0.31610107421875 -0.86273193359375
-0.05279541015625 -0.0333976745605469 -0.77545166015625 -0.1490478515625
-0.0190067291259766 0.0202980041503906 -0.4539794921875 0.44775390625
0.0227413177490234 0.0203628540039063 -0.03607177734375 0.509857177734375
0.0121326446533203 0.0177135467529297 0.251937866210938 0.259445190429688
0.0179271697998047 0.0123958587646484 0.33599853515625 0.000762939453125001
0.0306129455566406 -0.0469322204589844 -0.323883056640625 -0.055145263671875
0.002197265625 -0.0218391418457031 -0.1947021484375 -0.33538818359375
0.0255718231201172 -0.0118312835693359 0.162689208984375 -0.488922119140625
0.0219821929931641 0.0159282684326172 0.61138916015625 -0.304443359375
0.00470352172851562 0.0623893737792969 0.6488037109375 0.3819580078125
-0.0262527465820312 0.123283386230469 0.167724609375 0.8857421875
-0.123092651367188 0.199737548828125 -0.29498291015625 0.62103271484375
-0.214111328125 0.16448974609375 0.0370635986328125 0.0719528198242188
-0.167373657226563 0.168121337890625 0.502471923828125 -0.533599853515625
-0.02813720703125 0.145889282226563 0.0684814453124999 -0.988525390625
0.014434814453125 0.0723953247070313 -0.6995849609375 -0.5382080078125
0.0100374221801758 -0.00622844696044922 -0.67681884765625 0.20501708984375
0.0210895538330078 -0.00480270385742187 -0.25390625 0.45538330078125
0.00365066528320313 -0.0248146057128906 0.149810791015625 0.288482666015625
0.0143890380859375 -0.0591621398925781 0.303619384765625 0.02398681640625
0.0318527221679687 -0.0421066284179688 -0.31787109375 -0.079925537109375
0.00461959838867187 -0.0122222900390625 -0.13665771484375 -0.355224609375
0.0268440246582031 -0.00391578674316406 0.278411865234375 -0.44879150390625
0.0137748718261719 0.0242538452148437 0.69952392578125 -0.1439208984375
-0.0135612487792969 0.0624618530273438 0.556396484375 0.567138671875
-0.050079345703125 0.115455627441406 -0.04034423828125 0.9193115234375
-0.14776611328125 0.1859130859375 -0.348480224609375 0.50958251953125
-0.20147705078125 0.158554077148438 0.130149841308594 -0.0168075561523437
-0.130645751953125 0.163558959960938 0.431640625 -0.6639404296875
-0.004669189453125 0.125259399414063 -0.15802001953125 -0.955078125
0.0215263366699219 0.0509262084960938 -0.772705078125 -0.327880859375
0.00168418884277344 -0.0135984420776367 -0.569580078125 0.343994140625
0.0140924453735352 -0.00778484344482422 -0.137939453125 0.4871826171875
-0.00387954711914062 -0.0244331359863281 0.202545166015625 0.263961791992188
0.014678955078125 -0.0596809387207031 0.308258056640625 0.004669189453125
0.0338764190673828 -0.0349521636962891 -0.308746337890625 -0.099884033203125
0.00738906860351563 -0.00633478164672852 -0.079498291015625 -0.360870361328125
0.0265178680419922 0.00417709350585938 0.375579833984375 -0.38580322265625
0.00164413452148438 0.0263595581054688 0.746337890625 0.02825927734375
-0.0334396362304688 0.0436820983886719 0.42529296875 0.72772216796875
-0.06072998046875 0.0789871215820313 -0.24169921875 0.90545654296875
-0.140304565429687 0.1407470703125 -0.379302978515625 0.401153564453125
-0.154190063476563 0.13037109375 0.209686279296875 -0.0987091064453125
-0.0858917236328125 0.126388549804688 0.3399658203125 -0.75860595703125
0.00869750976562499 0.0840072631835937 -0.343017578125 -0.87994384765625
0.01727294921875 0.0283584594726563 -0.78582763671875 -0.13336181640625
-0.00450897216796875 -0.00926017761230469 -0.45184326171875 0.44537353515625
0.00803136825561523 -0.00428962707519531 -0.02960205078125 0.497283935546875
-0.00464820861816406 -0.0198650360107422 0.246902465820313 0.237228393554688
0.016265869140625 -0.0575332641601563 0.313262939453125 -0.014739990234375
0.0340862274169922 -0.0221271514892578 -0.2982177734375 -0.1131591796875
0.0127573013305664 0.00506591796875 -0.038482666015625 -0.357208251953125
0.0236015319824219 0.0134716033935547 0.44134521484375 -0.3238525390625
-0.0100994110107422 0.021270751953125 0.7557373046875 0.17144775390625
-0.0404853820800781 0.008209228515625 0.29290771484375 0.830078125
-0.0406913757324219 0.0239295959472656 -0.39837646484375 0.86590576171875
-0.086944580078125 0.0812606811523438 -0.387237548828125 0.313446044921875
-0.077484130859375 0.0840301513671875 0.25982666015625 -0.160797119140625
-0.044403076171875 0.0683670043945313 0.255126953125 -0.81475830078125
0.00594329833984375 0.0336933135986328 -0.46490478515625 -0.7960205078125
0.00556373596191406 0.0134515762329102 -0.7677001953125 0.00695800781249984
-0.0103540420532227 -0.00575065612792969 -0.354736328125 0.505218505859375
0.00870323181152344 -0.00107431411743164 0.05322265625 0.495330810546875
-0.00353908538818359 -0.0104389190673828 0.278823852539063 0.217498779296875
0.0153083801269531 -0.046051025390625 0.322021484375 -0.026824951171875
0.0369758605957031 -0.0101737976074219 -0.291778564453125 -0.11572265625
0.0173530578613281 0.0147571563720703 -0.015533447265625 -0.346221923828125
0.0208988189697266 0.0219249725341797 0.469635009765625 -0.28057861328125
-0.0203304290771484 0.0162754058837891 0.74591064453125 0.24981689453125
-0.0330715179443359 -0.032318115234375 0.215576171875 0.87890625
0.0114860534667969 -0.0402145385742188 -0.47613525390625 0.83489990234375
0.0057373046875 0.0174274444580078 -0.39117431640625 0.26605224609375
0.0188827514648438 0.0245609283447266 0.278030395507813 -0.188323974609375
-0.0107288360595703 -0.00544166564941406 0.205078125 -0.83392333984375
-0.00886249542236328 -0.0146560668945312 -0.51776123046875 -0.743408203125
-0.0119476318359375 0.00391864776611328 -0.751708984375 0.0727539062499999
-0.00911045074462891 0.00435543060302734 -0.29931640625 0.52911376953125
0.0123691558837891 0.00422573089599609 0.0931091308593749 0.493499755859375
-0.00147771835327148 -0.00316619873046875 0.296356201171875 0.205718994140625
0.0165119171142578 -0.0314731597900391 0.328155517578125 -0.03564453125
0.0376853942871094 0.00130844116210938 -0.287811279296875 -0.11322021484375
0.0221614837646484 0.0179977416992188 -0.020111083984375 -0.33978271484375
0.0189743041992187 0.0270786285400391 0.46405029296875 -0.2757568359375
-0.0234279632568359 0.0107669830322266 0.74444580078125 0.24884033203125
-0.0285873413085937 -0.0667457580566406 0.2200927734375 0.88067626953125
0.0653762817382813 -0.106758117675781 -0.4742431640625 0.83587646484375
0.108940124511719 -0.048736572265625 -0.40191650390625 0.263641357421875
0.118019104003906 -0.0361251831054688 0.259414672851563 -0.182281494140625
0.02593994140625 -0.0766448974609375 0.197998046875 -0.822998046875
-0.0216636657714844 -0.0608139038085938 -0.51373291015625 -0.74151611328125
-0.0305385589599609 -0.00397872924804687 -0.7491455078125 0.0713500976562499
-0.0108919143676758 0.0149869918823242 -0.298065185546875 0.53277587890625
0.016270637512207 0.0135822296142578 0.0931396484375 0.493072509765625
0.00392627716064453 0.00796699523925781 0.29913330078125 0.20855712890625
0.0173711776733398 -0.0172004699707031 0.33404541015625 -0.03466796875
0.03765869140625 0.0112113952636719 -0.292205810546875 -0.103668212890625
0.0274448394775391 0.0213394165039063 -0.0465087890625 -0.33648681640625
0.0202064514160156 0.0300559997558594 0.42169189453125 -0.30865478515625
-0.0258502960205078 0.0102081298828125 0.74603271484375 0.16998291015625
-0.0326156616210938 -0.0902328491210938 0.311279296875 0.83343505859375
0.09307861328125 -0.167694091796875 -0.382080078125 0.87359619140625
0.184463500976563 -0.112533569335938 -0.415802001953125 0.314544677734375
0.205718994140625 -0.0888519287109375 0.208831787109375 -0.146896362304688
0.0667953491210937 -0.139625549316406 0.2353515625 -0.791259765625
-0.026031494140625 -0.103401184082031 -0.451416015625 -0.78948974609375
-0.0473823547363281 -0.0189781188964844 -0.76788330078125 0.000366210937500128
-0.0138702392578125 0.0199108123779297 -0.3564453125 0.5125732421875
0.0196151733398437 0.0166053771972656 0.05303955078125 0.509490966796875
0.00601768493652344 0.0140933990478516 0.286712646484375 0.227783203125
0.0168123245239258 -0.00129604339599609 0.336181640625 -0.02239990234375
0.0359611511230469 0.0175437927246094 -0.294708251953125 -0.0884399414062501
0.0327987670898438 0.0226211547851563 -0.09039306640625 -0.333709716796875
0.0249080657958984 0.0324954986572266 0.346710205078125 -0.36712646484375
-0.0230960845947266 0.0170936584472656 0.73284912109375 0.02825927734375
-0.044525146484375 -0.088775634765625 0.4482421875 0.72784423828125
0.079132080078125 -0.209808349609375 -0.215576171875 0.9130859375
0.212554931640625 -0.174285888671875 -0.412994384765625 0.405975341796875
0.269256591796875 -0.126434326171875 0.13433837890625 -0.0809555053710938
0.116729736328125 -0.18438720703125 0.31121826171875 -0.72674560546875
-0.00949096679687499 -0.1439208984375 -0.32672119140625 -0.86590576171875
-0.0544662475585938 -0.0352134704589844 -0.77764892578125 -0.14117431640625
-0.0189437866210938 0.0202369689941406 -0.451690673828125 0.457244873046875
0.021453857421875 0.0217437744140625 -0.027740478515625 0.5135498046875
0.0138301849365234 0.0202407836914063 0.257797241210938 0.258392333984375
0.0149745941162109 0.00951576232910156 0.337493896484375 -0.005401611328125
0.0275306701660156 -0.0493316650390625 -0.32745361328125 -0.0494995117187499
0.004119873046875 -0.0199527740478516 -0.2030029296875 -0.331634521484375
0.0245456695556641 -0.0146541595458984 0.155548095703125 -0.4947509765625
0.0240917205810547 0.0162982940673828 0.6107177734375 -0.31500244140625
0.00249099731445313 0.0642051696777344 0.65863037109375 0.37713623046875
-0.0245285034179688 0.124473571777344 0.18048095703125 0.8892822265625
-0.1185302734375 0.202957153320313 -0.2860107421875 0.62579345703125
-0.21417236328125 0.168991088867188 0.0386810302734375 0.0730972290039063
-0.167922973632813 0.173736572265625 0.49884033203125 -0.5419921875
-0.026947021484375 0.1480712890625 0.05645751953125 -0.992431640625
0.0165786743164063 0.0735702514648438 -0.71099853515625 -0.53326416015625
0.00754547119140625 -0.00566196441650391 -0.6732177734375 0.21728515625
0.0214805603027344 -0.00555801391601562 -0.24945068359375 0.462005615234375
0.00395011901855469 -0.0244178771972656 0.156036376953125 0.290252685546875
0.013275146484375 -0.061614990234375 0.306243896484375 0.0201416015625
0.0317764282226563 -0.0443496704101563 -0.318695068359375 -0.0748291015625
0.00545310974121094 -0.0130176544189453 -0.14495849609375 -0.354034423828125
0.0254745483398438 -0.00505256652832031 0.2733154296875 -0.456329345703125
0.0138626098632812 0.0243434906005859 0.7000732421875 -0.15277099609375
-0.0132179260253906 0.0619621276855469 0.56719970703125 0.56640625
-0.0470352172851563 0.119865417480469 -0.03009033203125 0.9229736328125
-0.14697265625 0.184173583984375 -0.344970703125 0.51861572265625
-0.19976806640625 0.164230346679687 0.132110595703125 -0.0188827514648437
-0.13067626953125 0.169235229492188 0.42376708984375 -0.67120361328125
-0.0013885498046875 0.12396240234375 -0.1712646484375 -0.95660400390625
0.0231704711914063 0.0493545532226563 -0.77813720703125 -0.319580078125
-0.000382423400878906 -0.0122337341308594 -0.5697021484375 0.35455322265625
0.0134420394897461 -0.0082550048828125 -0.1312255859375 0.491455078125
-0.00686073303222657 -0.0242214202880859 0.209747314453125 0.262405395507813
0.0129585266113281 -0.0595474243164063 0.30865478515625 0.000213623046874996
0.0325679779052734 -0.0349254608154297 -0.31121826171875 -0.0939941406250001
0.0105781555175781 -0.00835800170898438 -0.086944580078125 -0.358184814453125
0.0289497375488281 0.00441741943359375 0.3724365234375 -0.391937255859375
0.00315475463867187 0.0264396667480469 0.74908447265625 0.016845703125
-0.0334053039550781 0.0438117980957031 0.434326171875 0.72955322265625
-0.0624008178710938 0.07989501953125 -0.23126220703125 0.91314697265625
-0.140365600585938 0.141143798828125 -0.376007080078125 0.407440185546875
-0.150802612304688 0.134963989257813 0.208343505859375 -0.10150146484375
-0.085296630859375 0.128326416015625 0.33270263671875 -0.76690673828125
0.0126876831054688 0.0832672119140625 -0.3526611328125 -0.880126953125
0.0191001892089844 0.0280628204345703 -0.7938232421875 -0.12335205078125
-0.00530529022216797 -0.0104274749755859 -0.450164794921875 0.454681396484375
0.00790214538574219 -0.00682258605957031 -0.021514892578125 0.501007080078125
-0.00693321228027343 -0.0212631225585937 0.253646850585938 0.237579345703125
0.0145454406738281 -0.0566940307617188 0.3157958984375 -0.01776123046875
0.0345382690429688 -0.0237503051757813 -0.304931640625 -0.10894775390625
0.0122661590576172 0.00496578216552734 -0.04315185546875 -0.35626220703125
0.0246849060058594 0.0110874176025391 0.43914794921875 -0.32879638671875
-0.00634765625 0.0238723754882812 0.7623291015625 0.16265869140625
-0.0396804809570313 0.0117073059082031 0.30682373046875 0.831787109375
-0.0400657653808594 0.026702880859375 -0.388671875 0.8763427734375
-0.0878524780273438 0.0818252563476562 -0.38629150390625 0.320556640625
-0.0756759643554688 0.0867080688476562 0.260269165039063 -0.16253662109375
-0.0446395874023437 0.0688819885253906 0.24591064453125 -0.82159423828125
0.00626754760742188 0.0322284698486328 -0.47314453125 -0.792236328125
0.00496864318847656 0.0107250213623047 -0.7745361328125 0.0125122070312499
-0.00990200042724609 -0.00233745574951172 -0.349212646484375 0.51043701171875
0.00492143630981445 -0.00149869918823242 0.0596923828125 0.496826171875
-0.00380325317382813 -0.0102663040161133 0.285430908203125 0.21392822265625
0.0159721374511719 -0.0458946228027344 0.326141357421875 -0.0340576171875
0.037109375 -0.0128059387207031 -0.295257568359375 -0.11541748046875
0.0153102874755859 0.0112724304199219 -0.023681640625 -0.348419189453125
0.0207862854003906 0.0201282501220703 0.469207763671875 -0.287811279296875
-0.0165281295776367 0.0162563323974609 0.7528076171875 0.24114990234375
-0.0351409912109375 -0.0298328399658203 0.2281494140625 0.8829345703125
0.0114669799804688 -0.0435295104980469 -0.47210693359375 0.8441162109375
0.00365447998046875 0.0177383422851563 -0.388092041015625 0.271575927734375
0.0204658508300781 0.026458740234375 0.274459838867188 -0.194534301757812
-0.00749444961547852 -0.00320196151733398 0.19598388671875 -0.8427734375
-0.00830459594726562 -0.0134105682373047 -0.5289306640625 -0.74090576171875
-0.0118188858032227 0.00245285034179687 -0.7550048828125 0.083984375
-0.0109996795654297 0.00639247894287109 -0.2935791015625 0.533905029296875
0.0134639739990234 0.00480747222900391 0.10302734375 0.49169921875
0.00100421905517578 -0.00243306159973145 0.301849365234375 0.20037841796875
0.0154209136962891 -0.0342426300048828 0.330108642578125 -0.0400390625
0.0347251892089844 0.000492095947265625 -0.293304443359375 -0.108123779296875
0.0204715728759766 0.0185699462890625 -0.02557373046875 -0.339111328125
0.0211067199707031 0.0255451202392578 0.46246337890625 -0.28179931640625
-0.0224037170410156 0.00965690612792969 0.7496337890625 0.24224853515625
-0.0288581848144531 -0.0664787292480469 0.234130859375 0.8843994140625
0.0641250610351563 -0.108909606933594 -0.46343994140625 0.84735107421875
0.108505249023438 -0.0475082397460938 -0.402923583984375 0.271759033203125
0.116806030273437 -0.0395050048828125 0.258804321289062 -0.189712524414062
0.0284500122070312 -0.0757522583007812 0.191162109375 -0.83184814453125
-0.0216140747070312 -0.0584526062011719 -0.52752685546875 -0.74224853515625
-0.0304641723632812 -0.00250244140625001 -0.752197265625 0.0821533203125001
-0.00999736785888672 0.0144214630126953 -0.293243408203125 0.539337158203125
0.0171880722045898 0.0134878158569336 0.104034423828125 0.495758056640625
0.00313854217529297 0.00888347625732422 0.3038330078125 0.205810546875
0.0146408081054687 -0.0160818099975586 0.3343505859375 -0.038330078125
0.0370063781738281 0.00933456420898437 -0.295257568359375 -0.102203369140625
0.0297088623046875 0.0213775634765625 -0.05169677734375 -0.33642578125
0.0202007293701172 0.0274887084960937 0.42095947265625 -0.315673828125
-0.02349853515625 0.00863456726074218 0.75384521484375 0.16259765625
-0.0313720703125 -0.0904006958007813 0.32635498046875 0.835205078125
0.091400146484375 -0.167831420898438 -0.3724365234375 0.8841552734375
0.1805419921875 -0.116714477539062 -0.41302490234375 0.323883056640625
0.206710815429688 -0.095001220703125 0.206649780273438 -0.150527954101563
0.064300537109375 -0.142532348632813 0.2301025390625 -0.79833984375
-0.025634765625 -0.105323791503906 -0.46466064453125 -0.78887939453125
-0.0457611083984375 -0.0157356262207031 -0.77252197265625 0.0114746093750001
-0.0114002227783203 0.0216579437255859 -0.35028076171875 0.5179443359375
0.0206947326660156 0.0141391754150391 0.06158447265625 0.5069580078125
0.00760555267333984 0.0161647796630859 0.291259765625 0.2252197265625
0.0162220001220703 -0.00144386291503906 0.340850830078125 -0.028778076171875
0.0349311828613281 0.0148639678955078 -0.29913330078125 -0.08258056640625
0.0350704193115234 0.0208454132080078 -0.0960693359375 -0.333984375
0.0267238616943359 0.0320720672607422 0.343780517578125 -0.3692626953125
-0.0209903717041016 0.0171432495117188 0.73724365234375 0.01885986328125
-0.0484466552734375 -0.0898818969726563 0.45867919921875 0.725830078125
0.076171875 -0.2120361328125 -0.204833984375 0.9188232421875
0.210922241210938 -0.177337646484375 -0.4111328125 0.41339111328125
0.267745971679688 -0.132293701171875 0.130210876464844 -0.08258056640625
0.117202758789063 -0.185775756835938 0.3011474609375 -0.73175048828125
-0.0122833251953125 -0.144500732421875 -0.34033203125 -0.8642578125
-0.0531692504882812 -0.0323295593261719 -0.78826904296875 -0.1317138671875
-0.0169258117675781 0.0189609527587891 -0.449615478515625 0.4644775390625
0.0221271514892578 0.0204868316650391 -0.019073486328125 0.5150146484375
0.0126533508300781 0.0215778350830078 0.259719848632813 0.255035400390625
0.0176029205322266 0.0107250213623047 0.341064453125 -0.009033203125
0.0297126770019531 -0.0493736267089844 -0.32958984375 -0.04473876953125
0.00256156921386719 -0.0219192504882812 -0.21051025390625 -0.330078125
0.0251731872558594 -0.0157661437988281 0.14666748046875 -0.499359130859375
0.0224628448486328 0.0151958465576172 0.60540771484375 -0.3228759765625
0.005035400390625 0.0657463073730469 0.6669921875 0.37115478515625
-0.0217666625976563 0.124595642089844 0.1925048828125 0.8883056640625
-0.117141723632813 0.20306396484375 -0.2806396484375 0.63165283203125
-0.211715698242187 0.17352294921875 0.0384292602539062 0.0725784301757813
-0.164993286132813 0.176467895507813 0.490692138671875 -0.549896240234375
-0.0233612060546875 0.149688720703125 0.0433959960937499 -0.99615478515625
0.0174789428710937 0.0743179321289063 -0.71917724609375 -0.52288818359375
0.00707864761352539 -0.00596237182617188 -0.6741943359375 0.2254638671875
0.0223770141601563 -0.00764083862304688 -0.242767333984375 0.468231201171875
0.00321006774902344 -0.0238666534423828 0.16033935546875 0.286895751953125
0.0128135681152344 -0.061279296875 0.307037353515625 0.016021728515625
0.0306205749511719 -0.0442657470703125 -0.32159423828125 -0.06719970703125
0.00477504730224609 -0.0161972045898438 -0.15252685546875 -0.351287841796875
0.0282058715820313 -0.00774383544921875 0.262908935546875 -0.461090087890625
0.0157871246337891 0.0254020690917969 0.6998291015625 -0.16461181640625
-0.0148277282714844 0.0626983642578125 0.57647705078125 0.560302734375
-0.0478744506835938 0.117332458496094 -0.0148925781249999 0.92816162109375
-0.14483642578125 0.189529418945313 -0.33917236328125 0.5238037109375
-0.200057983398437 0.167755126953125 0.127769470214844 -0.021087646484375
-0.128997802734375 0.172378540039063 0.41748046875 -0.6800537109375
-0.000251770019531239 0.127708435058594 -0.18463134765625 -0.95623779296875
0.0242958068847656 0.0499839782714844 -0.7869873046875 -0.307861328125
0.00109100341796875 -0.010991096496582 -0.567138671875 0.3643798828125
0.0134477615356445 -0.00792884826660156 -0.123077392578125 0.494903564453125
-0.00399208068847656 -0.0242195129394531 0.21258544921875 0.261932373046875
0.0114479064941406 -0.0619049072265625 0.311370849609375 -0.005340576171875
0.0321693420410156 -0.0354537963867188 -0.31414794921875 -0.08807373046875
0.00942420959472656 -0.00606441497802734 -0.094879150390625 -0.360321044921875
0.0287570953369141 0.00308799743652344 0.365753173828125 -0.40045166015625
0.00307273864746094 0.0280971527099609 0.751953125 0.0078125
-0.0328865051269531 0.0455856323242188 0.44952392578125 0.72369384765625
-0.0582275390625 0.0810012817382813 -0.21942138671875 0.921875
-0.139801025390625 0.144378662109375 -0.3739013671875 0.4156494140625
-0.149581909179688 0.13909912109375 0.203262329101563 -0.1053466796875
-0.0819168090820313 0.132049560546875 0.32177734375 -0.7740478515625
0.0123977661132812 0.083404541015625 -0.367431640625 -0.8753662109375
0.0186805725097656 0.0281238555908203 -0.7977294921875 -0.11468505859375
-0.00689029693603516 -0.0120878219604492 -0.445343017578125 0.4625244140625
0.00768756866455078 -0.00635766983032227 -0.01422119140625 0.503204345703125
-0.00568580627441406 -0.0179882049560547 0.259292602539063 0.2332763671875
0.0126190185546875 -0.0573883056640625 0.31744384765625 -0.024139404296875
0.0353012084960938 -0.0249176025390625 -0.308349609375 -0.102447509765625
0.0113286972045898 0.00348854064941406 -0.05126953125 -0.3568115234375
0.0265884399414062 0.0129489898681641 0.43524169921875 -0.336181640625
-0.00831222534179687 0.0227394104003906 0.76605224609375 0.15167236328125
-0.0393562316894531 0.0113639831542969 0.31890869140625 0.8323974609375
-0.0383567810058594 0.0248489379882813 -0.37847900390625 0.88385009765625
-0.086669921875 0.0840301513671875 -0.383148193359375 0.326019287109375
-0.0737152099609375 0.0895767211914063 0.255096435546875 -0.165603637695313
-0.0414962768554687 0.0703277587890625 0.2349853515625 -0.828125
0.00718116760253906 0.0342292785644531 -0.484375 -0.78997802734375
0.00761795043945313 0.0120649337768555 -0.77227783203125 0.0242919921875001
-0.0106344223022461 -0.00397491455078125 -0.343780517578125 0.5191650390625
0.00895309448242188 -0.000307083129882813 0.068145751953125 0.498199462890625
-0.00479602813720703 -0.0117435455322266 0.290435791015625 0.2108154296875
0.0136642456054688 -0.0483169555664063 0.324615478515625 -0.039581298828125
0.0364036560058594 -0.0133514404296875 -0.298431396484375 -0.1065673828125
0.0173406600952148 0.0124177932739258 -0.029449462890625 -0.347442626953125
0.0220584869384766 0.0200881958007813 0.46624755859375 -0.29449462890625
-0.0184535980224609 0.0167179107666016 0.76043701171875 0.232177734375
-0.0366287231445313 -0.0293922424316406 0.24017333984375 0.88189697265625
0.0110626220703125 -0.0420417785644531 -0.459716796875 0.85540771484375
0.00432395935058594 0.0178089141845703 -0.389251708984375 0.277740478515625
0.0208854675292969 0.0256385803222656 0.272369384765625 -0.196762084960938
-0.00746583938598633 -0.00196409225463867 0.184326171875 -0.8466796875
-0.00776386260986328 -0.0139265060424805 -0.5404052734375 -0.73492431640625
-0.0127429962158203 0.00438213348388672 -0.754150390625 0.0936279296874999
-0.0104207992553711 0.00648307800292969 -0.287353515625 0.541839599609375
0.0125598907470703 0.00594520568847656 0.112548828125 0.491455078125
-0.00150048732757568 -0.000344514846801758 0.30731201171875 0.197540283203125
0.0148849487304687 -0.0322494506835938 0.331512451171875 -0.0460205078125
0.0361137390136719 -0.00157546997070313 -0.2977294921875 -0.10400390625
0.0215873718261719 0.0174980163574219 -0.031097412109375 -0.3382568359375
0.0198287963867188 0.0255146026611328 0.4591064453125 -0.289520263671875
-0.0225925445556641 0.0118064880371094 0.75885009765625 0.231201171875
-0.0301742553710937 -0.0664596557617187 0.2474365234375 0.88336181640625
0.063629150390625 -0.110092163085938 -0.455810546875 0.85772705078125
0.105918884277344 -0.05096435546875 -0.40106201171875 0.2789306640625
0.117935180664062 -0.03955078125 0.253509521484375 -0.191177368164063
0.0243377685546875 -0.0766067504882813 0.17901611328125 -0.83563232421875
-0.0216178894042969 -0.0580825805664063 -0.53704833984375 -0.7371826171875
-0.0291881561279297 -0.00406074523925782 -0.75146484375 0.0935058593750002
-0.0106935501098633 0.0159702301025391 -0.286407470703125 0.54638671875
0.0165681838989258 0.0128860473632813 0.11236572265625 0.4959716796875
0.00421047210693359 0.00774574279785156 0.30841064453125 0.200408935546875
0.016143798828125 -0.01806640625 0.336944580078125 -0.0457763671875
0.0378494262695312 0.0099029541015625 -0.298431396484375 -0.095794677734375
0.0277938842773438 0.0213470458984375 -0.0576171875 -0.334716796875
0.0211639404296875 0.0285491943359375 0.41998291015625 -0.32183837890625
-0.0247917175292969 0.0107536315917969 0.75982666015625 0.14935302734375
-0.033905029296875 -0.0889511108398438 0.338623046875 0.83447265625
0.089202880859375 -0.172271728515625 -0.363525390625 0.890380859375
0.183135986328125 -0.119110107421875 -0.410980224609375 0.3284912109375
0.205673217773438 -0.09454345703125 0.205612182617187 -0.151763916015625
0.06524658203125 -0.140914916992188 0.21722412109375 -0.80120849609375
-0.0273895263671875 -0.103874206542969 -0.47576904296875 -0.78460693359375
-0.0475387573242188 -0.0137557983398437 -0.77313232421875 0.0193481445312501
-0.0136909484863281 0.0223255157470703 -0.342926025390625 0.5255126953125
0.0209083557128906 0.0162734985351563 0.067901611328125 0.509307861328125
0.00745296478271484 0.0157499313354492 0.295257568359375 0.2203369140625
0.0160312652587891 -0.00136089324951172 0.341827392578125 -0.03338623046875
0.0361518859863281 0.0177536010742188 -0.303314208984375 -0.08001708984375
0.0332450866699219 0.0207576751708984 -0.1041259765625 -0.33245849609375
0.0262851715087891 0.0304069519042969 0.339019775390625 -0.37713623046875
-0.0216426849365234 0.0181617736816406 0.74066162109375 0.00885009765625
-0.0464630126953125 -0.0900802612304688 0.47607421875 0.72381591796875
0.073150634765625 -0.213333129882813 -0.1912841796875 0.92730712890625
0.2083740234375 -0.181808471679688 -0.4107666015625 0.420928955078125
0.268096923828125 -0.135269165039063 0.130035400390625 -0.0844879150390625
0.114303588867187 -0.187057495117188 0.28961181640625 -0.737060546875
-0.012420654296875 -0.143936157226563 -0.35247802734375 -0.86309814453125
-0.0554122924804687 -0.0330238342285156 -0.78900146484375 -0.12005615234375
-0.0196094512939453 0.0199604034423828 -0.443084716796875 0.474639892578125
0.0254993438720703 0.0199432373046875 -0.012298583984375 0.51910400390625
0.0130596160888672 0.0191478729248047 0.264785766601562 0.250778198242187
0.0150661468505859 0.00969505310058594 0.34259033203125 -0.0157470703125
0.025787353515625 -0.0496597290039063 -0.327606201171875 -0.04058837890625
-0.000656127929687502 -0.022064208984375 -0.216064453125 -0.32781982421875
0.025421142578125 -0.0155506134033203 0.139312744140625 -0.49945068359375
0.0250263214111328 0.0164165496826172 0.60107421875 -0.33245849609375
0.00437164306640625 0.0633468627929688 0.67376708984375 0.360595703125
-0.0179290771484375 0.124412536621094 0.20745849609375 0.88671875
-0.112472534179688 0.207489013671875 -0.2730712890625 0.635986328125
-0.207382202148438 0.178115844726562 0.0386276245117187 0.0732345581054688
-0.1636962890625 0.179306030273438 0.48748779296875 -0.5582275390625
-0.0204010009765625 0.14984130859375 0.0303955078125001 -0.9957275390625
0.0193099975585938 0.0718765258789063 -0.7276611328125 -0.51483154296875
0.00452661514282227 -0.00700616836547852 -0.67242431640625 0.23773193359375
0.0198841094970703 -0.00835037231445313 -0.2340087890625 0.474212646484375
0.0025177001953125 -0.0245819091796875 0.169342041015625 0.28314208984375
0.0109672546386719 -0.0612411499023438 0.310028076171875 0.012847900390625
0.0287055969238281 -0.0472450256347656 -0.3277587890625 -0.06195068359375
0.00420665740966797 -0.0162076950073242 -0.158416748046875 -0.347076416015625
0.0296306610107422 -0.0070037841796875 0.25543212890625 -0.465423583984375
0.0143051147460938 0.0275669097900391 0.69903564453125 -0.17425537109375
-0.0134468078613281 0.0623397827148437 0.5853271484375 0.55389404296875
-0.0439529418945312 0.119621276855469 5.43608732510561E-17 0.9317626953125
-0.144668579101563 0.191070556640625 -0.33203125 0.528594970703125
-0.1947021484375 0.1724853515625 0.127265930175781 -0.0205917358398437
-0.127349853515625 0.174270629882812 0.40740966796875 -0.68792724609375
-0.00136566162109375 0.127891540527344 -0.19580078125 -0.956298828125
0.0256271362304687 0.0527458190917969 -0.79315185546875 -0.29638671875
-0.00201129913330078 -0.0140953063964844 -0.558502197265625 0.374053955078125
0.0135717391967773 -0.00928115844726562 -0.112213134765625 0.49713134765625
-0.00267982482910156 -0.0234031677246094 0.219085693359375 0.25616455078125
0.0104713439941406 -0.0620269775390625 0.312042236328125 -0.00912475585937501
0.0325355529785156 -0.0377311706542969 -0.317596435546875 -0.08270263671875
0.00495004653930664 -0.00541925430297852 -0.100372314453125 -0.360260009765625
0.0300197601318359 0.00497817993164062 0.35772705078125 -0.403961181640625
0.00337982177734375 0.0294857025146484 0.75262451171875 -0.00323486328125
-0.0316276550292969 0.0484275817871094 0.45654296875 0.71875
-0.059234619140625 0.0840072631835938 -0.2059326171875 0.92620849609375
-0.13525390625 0.147308349609375 -0.366241455078125 0.41912841796875
-0.149276733398438 0.141281127929688 0.201446533203125 -0.1083984375
-0.0804901123046875 0.132858276367188 0.31005859375 -0.781494140625
0.0123519897460937 0.0839996337890625 -0.37786865234375 -0.87384033203125
0.0208511352539063 0.0263195037841797 -0.79931640625 -0.1082763671875
-0.00857210159301758 -0.00798988342285156 -0.43902587890625 0.471710205078125
0.0108728408813477 -0.00553703308105469 -0.00546264648437498 0.502716064453125
-0.006805419921875 -0.0193328857421875 0.262969970703125 0.230972290039063
0.0111122131347656 -0.0559883117675781 0.318115234375 -0.030609130859375
0.0325431823730469 -0.0264892578125 -0.3082275390625 -0.096771240234375
0.0151691436767578 0.00428295135498047 -0.05621337890625 -0.353668212890625
0.024383544921875 0.0120677947998047 0.429962158203125 -0.341705322265625
-0.00886917114257813 0.0255260467529297 0.76763916015625 0.137451171875
-0.0417747497558594 0.0152702331542969 0.3321533203125 0.82867431640625
-0.037200927734375 0.0270309448242187 -0.3671875 0.89154052734375
-0.0873260498046875 0.0839614868164063 -0.383758544921875 0.331451416015625
-0.075103759765625 0.08868408203125 0.251480102539063 -0.17022705078125
-0.04217529296875 0.0740585327148438 0.22344970703125 -0.83203125
0.00562667846679687 0.0351829528808594 -0.4976806640625 -0.78643798828125
0.002655029296875 0.0125083923339844 -0.773681640625 0.0357666015625
-0.00879764556884766 -0.00353240966796875 -0.33258056640625 0.522735595703125
0.00972557067871094 -0.000841140747070313 0.076751708984375 0.4981689453125
-0.00421237945556641 -0.0117626190185547 0.29241943359375 0.20477294921875
0.0129127502441406 -0.0477752685546875 0.321868896484375 -0.04449462890625
0.0361480712890625 -0.0155410766601563 -0.305938720703125 -0.10308837890625
0.017730712890625 0.0112075805664062 -0.03607177734375 -0.346771240234375
0.0201168060302734 0.0192451477050781 0.462615966796875 -0.300811767578125
-0.0162372589111328 0.0182228088378906 0.76776123046875 0.21856689453125
-0.0384445190429688 -0.0294075012207031 0.254638671875 0.88043212890625
0.00940322875976563 -0.0441436767578125 -0.44805908203125 0.86224365234375
0.00745391845703125 0.0195732116699219 -0.386322021484375 0.284637451171875
0.0223159790039063 0.0286369323730469 0.271148681640625 -0.199050903320312
-0.00626325607299805 0.000486850738525391 0.17071533203125 -0.85137939453125
-0.00617027282714844 -0.0119972229003906 -0.55267333984375 -0.7322998046875
-0.0101585388183594 0.00357532501220703 -0.75201416015625 0.1058349609375
-0.0119342803955078 0.00747203826904297 -0.277069091796875 0.5504150390625
0.0140848159790039 0.00622272491455078 0.11920166015625 0.4892578125
-0.00025177001953125 -0.00231742858886719 0.311767578125 0.193115234375
0.0145473480224609 -0.0336036682128906 0.33074951171875 -0.05279541015625
0.0360183715820313 -0.00030517578125 -0.3013916015625 -0.095489501953125
0.0224895477294922 0.015777587890625 -0.037200927734375 -0.33966064453125
0.0199928283691406 0.0246963500976563 0.45709228515625 -0.29595947265625
-0.0201187133789063 0.00862693786621094 0.7620849609375 0.22003173828125
-0.032440185546875 -0.0670814514160156 0.26397705078125 0.88067626953125
0.0627517700195313 -0.11199951171875 -0.44580078125 0.8653564453125
0.107765197753906 -0.0514602661132813 -0.395843505859375 0.285797119140625
0.117774963378906 -0.0400619506835938 0.250411987304688 -0.192886352539063
0.0265045166015625 -0.076385498046875 0.169189453125 -0.83892822265625
-0.0222091674804688 -0.0591812133789063 -0.5452880859375 -0.7288818359375
-0.0277004241943359 -0.00356483459472657 -0.75335693359375 0.10357666015625
-0.00951290130615234 0.0162868499755859 -0.27740478515625 0.55072021484375
0.0192203521728516 0.0121555328369141 0.12005615234375 0.49493408203125
0.00390052795410156 0.00857877731323242 0.31256103515625 0.197113037109375
0.0149879455566406 -0.0170125961303711 0.3404541015625 -0.050994873046875
0.037872314453125 0.00885772705078125 -0.301849365234375 -0.08837890625
0.0273647308349609 0.0209865570068359 -0.06414794921875 -0.33447265625
0.0207099914550781 0.0253162384033203 0.412994384765625 -0.327362060546875
-0.0269641876220703 0.0116939544677734 0.76678466796875 0.137451171875
-0.0336837768554688 -0.0879745483398438 0.3536376953125 0.8291015625
0.0840606689453125 -0.174728393554687 -0.345947265625 0.89959716796875
0.180404663085938 -0.12274169921875 -0.4090576171875 0.336517333984375
0.205047607421875 -0.098602294921875 0.203536987304688 -0.155563354492188
0.064483642578125 -0.141525268554687 0.20281982421875 -0.80560302734375
-0.0301971435546875 -0.103569030761719 -0.48968505859375 -0.78289794921875
-0.0492744445800781 -0.0138702392578125 -0.775390625 0.0303344726562502
-0.0121707916259766 0.0253829956054688 -0.3333740234375 0.53363037109375
0.0255241394042969 0.0168895721435547 0.08258056640625 0.50933837890625
0.00829124450683594 0.0137233734130859 0.3021240234375 0.21673583984375
0.0135822296142578 -0.000409126281738281 0.341796875 -0.03790283203125
0.0383338928222656 0.0158805847167969 -0.306121826171875 -0.071319580078125
0.032470703125 0.0214023590087891 -0.10858154296875 -0.330078125
0.0232830047607422 0.0302677154541016 0.3336181640625 -0.38250732421875
-0.0226554870605469 0.0180149078369141 0.74407958984375 -0.0028076171875
-0.0471878051757813 -0.0882492065429688 0.48614501953125 0.71893310546875
0.06903076171875 -0.213775634765625 -0.1783447265625 0.93243408203125
0.20782470703125 -0.183349609375 -0.405181884765625 0.42791748046875
0.267837524414063 -0.13946533203125 0.128349304199219 -0.0844802856445313
0.116043090820313 -0.192718505859375 0.2789306640625 -0.7451171875
-0.012298583984375 -0.145034790039062 -0.36309814453125 -0.858154296875
-0.0561027526855469 -0.0291900634765625 -0.794677734375 -0.11029052734375
-0.0176372528076172 0.02203369140625 -0.43743896484375 0.478973388671875
0.0221481323242188 0.0191917419433594 -0.00027465820312497 0.519775390625
0.0134296417236328 0.0185813903808594 0.270217895507813 0.248153686523438
0.0158481597900391 0.00960826873779297 0.345123291015625 -0.0213623046875
0.0277252197265625 -0.0526580810546875 -0.33294677734375 -0.031646728515625
0.00220870971679687 -0.0212802886962891 -0.221649169921875 -0.319732666015625
0.0259513854980469 -0.0145893096923828 0.128936767578125 -0.499908447265625
0.0234546661376953 0.0176467895507813 0.594482421875 -0.34100341796875
0.00792312622070313 0.0675315856933594 0.6773681640625 0.34857177734375
-0.0170745849609375 0.125923156738281 0.21820068359375 0.88458251953125
-0.107711791992187 0.207992553710938 -0.2640380859375 0.638427734375
-0.207015991210938 0.1795654296875 0.0377960205078125 0.0725021362304688
-0.160171508789063 0.18353271484375 0.47705078125 -0.56439208984375
-0.0195770263671875 0.151763916015625 0.01556396484375 -0.997314453125
0.0215377807617188 0.0718841552734375 -0.73577880859375 -0.50433349609375
0.0038909912109375 -0.00701475143432617 -0.6690673828125 0.2490234375
0.0227737426757813 -0.00845527648925781 -0.2281494140625 0.47662353515625
0.00320243835449219 -0.0262718200683594 0.1671142578125 0.279281616210938
0.0111579895019531 -0.0599327087402344 0.309417724609375 0.0050048828125
0.031280517578125 -0.0493240356445313 -0.324432373046875 -0.057037353515625
0.00547599792480469 -0.0166759490966797 -0.16119384765625 -0.345184326171875
0.0307044982910156 -0.00512504577636719 0.24969482421875 -0.465972900390625
0.0145988464355469 0.0234546661376953 0.69671630859375 -0.184326171875
-0.0145988464355469 0.063690185546875 0.59674072265625 0.545654296875
-0.0447921752929687 0.118881225585938 0.0109252929687499 0.93194580078125
-0.141189575195313 0.195114135742188 -0.322113037109375 0.534271240234375
-0.196060180664063 0.174942016601562 0.126998901367188 -0.020355224609375
-0.121078491210938 0.176177978515625 0.3941650390625 -0.6898193359375
0.00592041015625001 0.126197814941406 -0.21002197265625 -0.95147705078125
0.02734375 0.0501976013183594 -0.7979736328125 -0.28741455078125
-0.000324249267578126 -0.00821542739868164 -0.55523681640625 0.38592529296875
0.0118007659912109 -0.00732231140136719 -0.107635498046875 0.49969482421875
-0.0037078857421875 -0.0250816345214844 0.22100830078125 0.256759643554688
0.0127792358398437 -0.0639762878417969 0.31109619140625 -0.0130615234375
0.0279541015625 -0.0382232666015625 -0.320098876953125 -0.080230712890625
0.00708913803100586 -0.00480556488037109 -0.1087646484375 -0.351715087890625
0.0274028778076172 -0.000497817993164063 0.35223388671875 -0.411468505859375
0.00469398498535156 0.029388427734375 0.75299072265625 -0.01416015625
-0.02874755859375 0.0481224060058594 0.4697265625 0.7103271484375
-0.0572128295898437 0.0850143432617188 -0.195068359375 0.9283447265625
-0.136062622070313 0.151290893554688 -0.363311767578125 0.423858642578125
-0.148208618164062 0.14019775390625 0.19854736328125 -0.109420776367187
-0.0792160034179687 0.136138916015625 0.29803466796875 -0.78326416015625
0.0131378173828125 0.0845947265625 -0.3900146484375 -0.86651611328125
0.0204887390136719 0.0294857025146484 -0.80010986328125 -0.0919189453124998
-0.00991630554199219 -0.0111322402954102 -0.429412841796875 0.475860595703125
0.00567531585693359 -0.00752401351928711 0.00698852539062503 0.500640869140625
-0.0052642822265625 -0.0183830261230469 0.270767211914063 0.223892211914063
0.00829315185546875 -0.0598258972167969 0.31878662109375 -0.034271240234375
0.0311203002929688 -0.0278644561767578 -0.31268310546875 -0.08941650390625
0.0151519775390625 0.00223255157470703 -0.0640869140625 -0.351593017578125
0.0240879058837891 0.0138835906982422 0.425384521484375 -0.3485107421875
-0.00420188903808594 0.0278110504150391 0.77191162109375 0.12701416015625
-0.0405235290527344 0.0124168395996094 0.34112548828125 0.8221435546875
-0.0402984619140625 0.0244255065917969 -0.35186767578125 0.89703369140625
-0.0810775756835938 0.0867996215820313 -0.377716064453125 0.336090087890625
-0.069122314453125 0.089630126953125 0.249038696289063 -0.1722412109375
-0.0389938354492188 0.074005126953125 0.2139892578125 -0.83380126953125
0.0117263793945313 0.0382461547851562 -0.50677490234375 -0.77862548828125
0.00612068176269531 0.0121879577636719 -0.77001953125 0.0477294921874999
-0.0105504989624023 -0.000494003295898437 -0.326080322265625 0.52728271484375
0.00943183898925781 -0.0020751953125 0.082244873046875 0.495849609375
-0.00624608993530274 -0.00869417190551758 0.294952392578125 0.20208740234375
0.0116043090820312 -0.0511856079101563 0.323089599609375 -0.04827880859375
0.0368804931640625 -0.0136642456054687 -0.304107666015625 -0.095672607421875
0.0178127288818359 0.0104618072509766 -0.03936767578125 -0.3446044921875
0.0212345123291016 0.0187568664550781 0.454559326171875 -0.307830810546875
-0.0170211791992187 0.0177497863769531 0.768310546875 0.20819091796875
-0.0368118286132813 -0.0270767211914062 0.2718505859375 0.87628173828125
0.00568008422851562 -0.0407867431640625 -0.439208984375 0.8687744140625
0.00565910339355469 0.0196189880371094 -0.38165283203125 0.288665771484375
0.0249671936035156 0.0260162353515625 0.263214111328125 -0.202239990234375
-0.00906276702880859 -0.000581741333007811 0.16046142578125 -0.8497314453125
-0.00950431823730469 -0.0104360580444336 -0.5634765625 -0.72467041015625
-0.0114345550537109 0.00422859191894531 -0.7484130859375 0.1142578125
-0.00725889205932617 0.00471878051757813 -0.267730712890625 0.551544189453125
0.0116806030273438 0.00598335266113281 0.12750244140625 0.4871826171875
-0.0014793872833252 -0.00107860565185547 0.313690185546875 0.1875
0.00964164733886719 -0.0318222045898437 0.332275390625 -0.058380126953125
0.0385551452636719 -0.00344085693359375 -0.301177978515625 -0.09423828125
0.0202522277832031 0.0162391662597656 -0.04705810546875 -0.334442138671875
0.0219917297363281 0.0249195098876953 0.44970703125 -0.30029296875
-0.0203189849853516 0.0123615264892578 0.76922607421875 0.20806884765625
-0.0347137451171875 -0.0651359558105469 0.27386474609375 0.879150390625
0.0627975463867188 -0.113433837890625 -0.43194580078125 0.870849609375
0.101898193359375 -0.0495071411132813 -0.393096923828125 0.291412353515625
0.111038208007813 -0.0421676635742188 0.246597290039063 -0.197723388671875
0.02386474609375 -0.0736236572265625 0.1568603515625 -0.84423828125
-0.0265235900878906 -0.0573387145996094 -0.56005859375 -0.72076416015625
-0.0296802520751953 -0.00137901306152344 -0.75067138671875 0.11224365234375
-0.0103340148925781 0.0190219879150391 -0.2696533203125 0.553436279296875
0.0198574066162109 0.0108814239501953 0.130401611328125 0.49053955078125
0.00385951995849609 0.0100526809692383 0.318145751953125 0.1900634765625
0.011906623840332 -0.0161266326904297 0.3385009765625 -0.05572509765625
0.0355720520019531 0.00671768188476563 -0.30377197265625 -0.08294677734375
0.0282154083251953 0.0208015441894531 -0.06817626953125 -0.331695556640625
0.0213527679443359 0.0241794586181641 0.40667724609375 -0.3321533203125
-0.0255889892578125 0.0100059509277344 0.76556396484375 0.13067626953125
-0.0360641479492188 -0.0889129638671875 0.36688232421875 0.82550048828125
0.0847625732421875 -0.172653198242188 -0.3359375 0.9002685546875
0.175338745117188 -0.123687744140625 -0.4049072265625 0.341156005859375
0.20361328125 -0.101394653320312 0.19952392578125 -0.153854370117188
0.0630340576171875 -0.14434814453125 0.19244384765625 -0.8084716796875
-0.0276565551757812 -0.102188110351563 -0.49664306640625 -0.77325439453125
-0.0492439270019531 -0.0147743225097656 -0.77435302734375 0.0422363281250001
-0.0101203918457031 0.0217952728271484 -0.325897216796875 0.535400390625
0.0201988220214844 0.0157051086425781 0.087432861328125 0.506378173828125
0.0075836181640625 0.014042854309082 0.300323486328125 0.210968017578125
0.0150051116943359 -0.00117588043212891 0.340911865234375 -0.04364013671875
0.0329360961914062 0.0122413635253906 -0.309417724609375 -0.0688781738281251
0.0318279266357422 0.0222854614257813 -0.114776611328125 -0.32696533203125
0.0248813629150391 0.0301952362060547 0.32855224609375 -0.38250732421875
-0.019927978515625 0.0201549530029297 0.74029541015625 -0.014892578125
-0.0510177612304687 -0.0831146240234375 0.4976806640625 0.7108154296875
0.068267822265625 -0.216293334960938 -0.165283203125 0.93011474609375
0.20294189453125 -0.188629150390625 -0.399749755859375 0.4349365234375
0.264022827148438 -0.138626098632812 0.1265869140625 -0.0897369384765625
0.110427856445313 -0.190658569335938 0.26690673828125 -0.74530029296875
-0.0159912109375 -0.143234252929688 -0.37640380859375 -0.852783203125
-0.0573577880859375 -0.0313873291015625 -0.7923583984375 -0.10107421875
-0.0225582122802734 0.0211524963378906 -0.4278564453125 0.48931884765625
0.0245170593261719 0.0184726715087891 0.00747680664062498 0.51898193359375
0.0123977661132812 0.0178642272949219 0.2745361328125 0.243804931640625
0.0176868438720703 0.0091705322265625 0.341217041015625 -0.028533935546875
0.0270233154296875 -0.0517158508300781 -0.33050537109375 -0.0268554687499999
0.00256538391113281 -0.0219650268554688 -0.228363037109375 -0.31591796875
0.0242080688476563 -0.0168190002441406 0.12188720703125 -0.500762939453125
0.0224933624267578 0.0173511505126953 0.58941650390625 -0.34747314453125
0.00716781616210938 0.0637397766113281 0.6806640625 0.34100341796875
-0.0162582397460938 0.124000549316406 0.23236083984375 0.876708984375
-0.107391357421875 0.209686279296875 -0.2547607421875 0.64208984375
-0.2041015625 0.182159423828125 0.0374298095703125 0.070648193359375
-0.158737182617187 0.188232421875 0.467041015625 -0.56854248046875
-0.0142364501953125 0.150604248046875 0.00311279296875001 -0.993408203125
0.0224838256835937 0.072296142578125 -0.73944091796875 -0.48980712890625
0.00531482696533203 -0.00539350509643555 -0.6614990234375 0.2581787109375
0.0205478668212891 -0.00850868225097656 -0.216705322265625 0.4786376953125
0.00148773193359375 -0.0242557525634766 0.173065185546875 0.27862548828125
0.00685882568359374 -0.0605735778808594 0.309478759765625 0.000457763671874996
0.0289421081542969 -0.0500411987304688 -0.3262939453125 -0.052581787109375
0.00449752807617187 -0.015751838684082 -0.1702880859375 -0.34014892578125
0.0294265747070312 -0.00788688659667969 0.241058349609375 -0.46734619140625
0.0155601501464844 0.0252494812011719 0.68780517578125 -0.19427490234375
-0.0123672485351562 0.0654563903808594 0.60015869140625 0.5362548828125
-0.0421524047851563 0.119537353515625 0.0278320312500001 0.92340087890625
-0.137802124023438 0.195053100585938 -0.318023681640625 0.5380859375
-0.190322875976562 0.177291870117187 0.124702453613281 -0.02520751953125
-0.122039794921875 0.180145263671875 0.38775634765625 -0.69158935546875
0.00590515136718751 0.126785278320313 -0.220703125 -0.945556640625
0.0270881652832031 0.0510177612304687 -0.7977294921875 -0.27374267578125
-0.00326442718505859 -0.0109357833862305 -0.5457763671875 0.39031982421875
0.0133543014526367 -0.00961208343505859 -0.097076416015625 0.50030517578125
-0.00332450866699219 -0.0245990753173828 0.226470947265625 0.249496459960938
0.00732040405273438 -0.0628929138183594 0.312530517578125 -0.020477294921875
0.031646728515625 -0.0396499633789063 -0.32080078125 -0.0702514648437501
0.0088968276977539 -0.00745773315429687 -0.11492919921875 -0.351348876953125
0.0279350280761719 5.14984130859375E-05 0.343414306640625 -0.414215087890625
0.00544929504394531 0.0295772552490234 0.7490234375 -0.02496337890625
-0.0308647155761719 0.0475425720214844 0.47698974609375 0.70361328125
-0.05438232421875 0.0843505859375 -0.17901611328125 0.92816162109375
-0.13433837890625 0.150924682617188 -0.35797119140625 0.42816162109375
-0.144271850585938 0.145904541015625 0.195068359375 -0.1121826171875
-0.0785675048828125 0.138633728027344 0.2884521484375 -0.78253173828125
0.0153274536132812 0.0827178955078125 -0.40130615234375 -0.857177734375
0.0215530395507813 0.0275363922119141 -0.7947998046875 -0.0800170898437499
-0.00996017456054687 -0.0107221603393555 -0.42138671875 0.479705810546875
0.00838327407836914 -0.00635671615600586 0.01165771484375 0.502960205078125
-0.00693511962890625 -0.0179672241210938 0.266937255859375 0.2188720703125
0.00699615478515624 -0.0569267272949219 0.31756591796875 -0.040740966796875
0.0321216583251953 -0.0257644653320313 -0.313629150390625 -0.085052490234375
0.0126428604125977 0.003204345703125 -0.070159912109375 -0.350250244140625
0.0239505767822266 0.0110759735107422 0.41650390625 -0.35455322265625
-0.00523948669433594 0.026702880859375 0.76861572265625 0.11724853515625
-0.0397834777832031 0.0135498046875 0.35516357421875 0.81634521484375
-0.0380325317382813 0.0268325805664063 -0.3387451171875 0.896484375
-0.0825424194335938 0.086822509765625 -0.37213134765625 0.34228515625
-0.068756103515625 0.0916061401367188 0.245376586914062 -0.174591064453125
-0.0390777587890625 0.0766830444335938 0.19775390625 -0.83209228515625
0.00914955139160156 0.0351028442382813 -0.513671875 -0.76861572265625
0.00673007965087891 0.0110769271850586 -0.76861572265625 0.0582275390624999
-0.0117311477661133 -0.00282669067382813 -0.31646728515625 0.53179931640625
0.0099029541015625 0.000491142272949219 0.093963623046875 0.49090576171875
-0.00504112243652344 -0.0102062225341797 0.2987060546875 0.19683837890625
0.00914764404296875 -0.0484237670898437 0.32403564453125 -0.05670166015625
0.0355987548828125 -0.0145835876464844 -0.3067626953125 -0.0914001464843749
0.0173501968383789 0.00991535186767578 -0.046142578125 -0.339019775390625
0.0229434967041016 0.0185165405273438 0.45111083984375 -0.312591552734375
-0.0143108367919922 0.0201663970947266 0.7708740234375 0.198486328125
-0.0364608764648438 -0.0273551940917969 0.28179931640625 0.87115478515625
0.00813674926757812 -0.0412826538085938 -0.42327880859375 0.87066650390625
0.00474166870117188 0.0191688537597656 -0.378326416015625 0.29425048828125
0.0214881896972656 0.0268650054931641 0.26031494140625 -0.205810546875
-0.00660037994384766 0.00412225723266602 0.1475830078125 -0.8494873046875
-0.00640583038330078 -0.0115156173706055 -0.56768798828125 -0.71417236328125
-0.0128498077392578 0.00283432006835938 -0.74603271484375 0.12567138671875
-0.0103349685668945 0.00612926483154297 -0.2586669921875 0.553375244140625
0.0129461288452148 0.00466442108154297 0.135528564453125 0.485443115234375
-0.0010535717010498 -0.000569999217987061 0.314910888671875 0.182098388671875
0.00897407531738281 -0.0341033935546875 0.329010009765625 -0.064056396484375
0.0345821380615234 -0.00344467163085938 -0.304718017578125 -0.0868225097656249
0.0227584838867188 0.0171451568603516 -0.0496826171875 -0.33221435546875
0.0193901062011719 0.0256500244140625 0.444976806640625 -0.30755615234375
-0.0201702117919922 0.0124931335449219 0.7681884765625 0.19744873046875
-0.0333595275878906 -0.0665550231933594 0.288330078125 0.8699951171875
0.058807373046875 -0.111732482910156 -0.41973876953125 0.872314453125
0.103065490722656 -0.0518646240234375 -0.3900146484375 0.295623779296875
0.114936828613281 -0.0430908203125 0.24127197265625 -0.199844360351563
0.0213775634765625 -0.0751419067382813 0.14324951171875 -0.83978271484375
-0.0244598388671875 -0.0581092834472656 -0.563720703125 -0.7115478515625
-0.0306663513183594 -0.00138092041015625 -0.74554443359375 0.1243896484375
-0.0109424591064453 0.0163116455078125 -0.260162353515625 0.556121826171875
0.0197505950927734 0.0118465423583984 0.1365966796875 0.48980712890625
0.00361013412475586 0.00865650177001953 0.317962646484375 0.186614990234375
0.0135431289672852 -0.0158548355102539 0.336212158203125 -0.0638427734375
0.0355873107910156 0.0083160400390625 -0.305206298828125 -0.0780639648437501
0.0274276733398438 0.0201587677001953 -0.07623291015625 -0.327392578125
0.0225048065185547 0.0294647216796875 0.4017333984375 -0.3370361328125
-0.0227165222167969 0.0127086639404297 0.76678466796875 0.115478515625
-0.0386123657226562 -0.087188720703125 0.3741455078125 0.81842041015625
0.0807037353515625 -0.175994873046875 -0.32208251953125 0.9013671875
0.17742919921875 -0.123046875 -0.399322509765625 0.3450927734375
0.2008056640625 -0.100997924804687 0.192123413085938 -0.158126831054688
0.0603179931640625 -0.144012451171875 0.181396484375 -0.80535888671875
-0.031524658203125 -0.102088928222656 -0.50494384765625 -0.76519775390625
-0.0480155944824219 -0.0136947631835937 -0.76904296875 0.0533447265624999
-0.0118217468261719 0.02374267578125 -0.316162109375 0.54193115234375
0.0213451385498047 0.0148277282714844 0.094451904296875 0.5018310546875
0.00926876068115234 0.0156126022338867 0.3040771484375 0.204620361328125
0.013981819152832 -4.86373901367187E-05 0.339111328125 -0.05169677734375
0.0338973999023438 0.015380859375 -0.310150146484375 -0.06146240234375
0.0334281921386719 0.0189189910888672 -0.120086669921875 -0.320281982421875
0.0266036987304688 0.0295391082763672 0.3226318359375 -0.38934326171875
-0.0176982879638672 0.018341064453125 0.74029541015625 -0.02545166015625
-0.0514450073242188 -0.0881118774414062 0.50677490234375 0.70233154296875
0.062103271484375 -0.217193603515625 -0.15240478515625 0.92999267578125
0.201629638671875 -0.185104370117188 -0.3927001953125 0.4383544921875
0.262847900390625 -0.14324951171875 0.124336242675781 -0.0859298706054688
0.108642578125 -0.193069458007813 0.25726318359375 -0.74639892578125
-0.0210723876953125 -0.143539428710937 -0.3858642578125 -0.84967041015625
-0.0549049377441406 -0.0296287536621094 -0.79278564453125 -0.0874633789062501
-0.0170879364013672 0.0219097137451172 -0.41943359375 0.49163818359375
0.0251426696777344 0.0208702087402344 0.01531982421875 0.516815185546875
0.0151767730712891 0.0200462341308594 0.277999877929688 0.238876342773437
0.0143766403198242 0.0119009017944336 0.343414306640625 -0.032196044921875
0.0252342224121094 -0.0554122924804688 -0.330718994140625 -0.021759033203125
0.000198364257812498 -0.0225601196289063 -0.232666015625 -0.308624267578125
0.0243015289306641 -0.0176162719726563 0.112396240234375 -0.497894287109375
0.0238723754882812 0.0168876647949219 0.5797119140625 -0.35321044921875
0.00936126708984374 0.0616912841796875 0.681396484375 0.33404541015625
-0.0166549682617188 0.124786376953125 0.238525390625 0.87017822265625
-0.1051025390625 0.209609985351563 -0.2469482421875 0.64105224609375
-0.19976806640625 0.184478759765625 0.0379219055175781 0.0692329406738282
-0.155990600585938 0.190673828125 0.45916748046875 -0.5706787109375
-0.0158233642578125 0.151504516601563 -0.00488281249999996 -0.98785400390625
0.0241012573242188 0.0715103149414063 -0.7423095703125 -0.47772216796875
0.00592947006225586 -0.00478458404541016 -0.6571044921875 0.265380859375
0.0214099884033203 -0.0106544494628906 -0.210113525390625 0.479156494140625
0.00154495239257812 -0.0240345001220703 0.175628662109375 0.274520874023438
0.0046844482421875 -0.0622215270996094 0.307342529296875 -0.00347900390625
0.0281867980957031 -0.0504341125488281 -0.326812744140625 -0.044677734375
0.00479507446289062 -0.0179214477539063 -0.17547607421875 -0.33416748046875
0.0291786193847656 -0.00812339782714844 0.232452392578125 -0.4677734375
0.0165481567382813 0.0250778198242188 0.6842041015625 -0.19989013671875
-0.00878143310546875 0.0663871765136719 0.6064453125 0.52825927734375
-0.0395965576171875 0.119384765625 0.03759765625 0.9212646484375
-0.1341552734375 0.196258544921875 -0.311126708984375 0.537445068359375
-0.18853759765625 0.178497314453125 0.123367309570312 -0.0264663696289062
-0.1195068359375 0.182235717773438 0.37493896484375 -0.69500732421875
0.00846099853515625 0.126441955566406 -0.23291015625 -0.94024658203125
0.0278358459472656 0.0495414733886719 -0.79559326171875 -0.26214599609375
-0.00149250030517578 -0.0115318298339844 -0.53778076171875 0.394927978515625
0.012852668762207 -0.00877666473388672 -0.08941650390625 0.499847412109375
-0.00634002685546875 -0.0236968994140625 0.22845458984375 0.245330810546875
0.00529479980468751 -0.0618743896484375 0.3109130859375 -0.025115966796875
0.0284919738769531 -0.0393638610839844 -0.32159423828125 -0.0654296875000001
0.00796890258789063 -0.00885200500488281 -0.11981201171875 -0.34527587890625
0.0286197662353516 0.00294685363769531 0.337982177734375 -0.4158935546875
0.00475502014160156 0.0295734405517578 0.7457275390625 -0.032958984375
-0.030853271484375 0.0477714538574219 0.48492431640625 0.6976318359375
-0.0540390014648437 0.0846786499023438 -0.1650390625 0.9271240234375
-0.133102416992187 0.151840209960938 -0.3505859375 0.430145263671875
-0.141677856445313 0.146575927734375 0.192626953125 -0.113540649414062
-0.0759124755859375 0.1414794921875 0.275390625 -0.781982421875
0.014373779296875 0.083404541015625 -0.40997314453125 -0.84954833984375
0.0205287933349609 0.0255031585693359 -0.79443359375 -0.0690307617187499
-0.00998783111572266 -0.00787067413330078 -0.4124755859375 0.483428955078125
0.0083165168762207 -0.00756072998046875 0.019927978515625 0.501220703125
-0.00604438781738281 -0.0172119140625 0.269699096679688 0.214691162109375
0.0046844482421875 -0.0578231811523438 0.314788818359375 -0.04364013671875
0.0333003997802734 -0.0283527374267578 -0.3154296875 -0.0809326171875
0.0128211975097656 0.00410747528076172 -0.075439453125 -0.3438720703125
0.0267295837402344 0.0102157592773438 0.410552978515625 -0.3555908203125
-0.0060882568359375 0.0252628326416016 0.76898193359375 0.10748291015625
-0.0398139953613281 0.0144195556640625 0.36279296875 0.8099365234375
-0.0380172729492188 0.0257720947265625 -0.32904052734375 0.898193359375
-0.0847015380859375 0.0886383056640625 -0.366363525390625 0.34674072265625
-0.0683822631835938 0.0929794311523437 0.238983154296875 -0.176025390625
-0.0384521484375 0.0767059326171875 0.18914794921875 -0.83050537109375
0.010650634765625 0.0351905822753906 -0.5224609375 -0.757080078125
0.00383663177490234 0.0110654830932617 -0.762939453125 0.0667114257812502
-0.0118436813354492 -0.000230789184570312 -0.306549072265625 0.533447265625
0.0077509880065918 -0.00222301483154297 0.100555419921875 0.491058349609375
-0.00521373748779297 -0.0118312835693359 0.29937744140625 0.189727783203125
0.00803756713867188 -0.0479545593261719 0.32220458984375 -0.0604248046875
0.0324974060058594 -0.0159912109375 -0.308380126953125 -0.08233642578125
0.0172624588012695 0.0101203918457031 -0.05291748046875 -0.33770751953125
0.022247314453125 0.0171318054199219 0.444488525390625 -0.314300537109375
-0.0134906768798828 0.0191268920898438 0.7694091796875 0.1859130859375
-0.0380592346191406 -0.0265121459960937 0.2921142578125 0.86346435546875
0.00722885131835937 -0.0446853637695313 -0.41217041015625 0.87420654296875
0.00374412536621094 0.0187625885009766 -0.376434326171875 0.29638671875
0.0216178894042969 0.0272846221923828 0.253936767578125 -0.2071533203125
-0.0071873664855957 0.00227117538452148 0.1358642578125 -0.84686279296875
-0.00851917266845703 -0.0116195678710938 -0.57391357421875 -0.70404052734375
-0.0116910934448242 0.00286102294921875 -0.74169921875 0.1339111328125
-0.0123634338378906 0.0074930191040039 -0.25115966796875 0.55419921875
0.0119485855102539 0.00404262542724609 0.14251708984375 0.48193359375
-0.000909090042114258 -0.00107604265213013 0.31634521484375 0.175872802734375
0.0102405548095703 -0.0310554504394531 0.327606201171875 -0.06951904296875
0.0365524291992188 -0.00455474853515625 -0.306243896484375 -0.083404541015625
0.0217514038085938 0.0166568756103516 -0.0543212890625 -0.328155517578125
0.0201606750488281 0.0228443145751953 0.4393310546875 -0.30889892578125
-0.0188941955566406 0.0127830505371094 0.7685546875 0.18682861328125
-0.0368614196777344 -0.0638580322265625 0.2957763671875 0.86480712890625
0.057159423828125 -0.113639831542969 -0.4071044921875 0.87261962890625
0.103218078613281 -0.0519638061523438 -0.3857421875 0.297698974609375
0.113883972167969 -0.0429534912109375 0.237213134765625 -0.200881958007813
0.0234909057617187 -0.0733566284179688 0.13226318359375 -0.83575439453125
-0.0259475708007812 -0.0552520751953125 -0.572509765625 -0.70318603515625
-0.0321922302246094 -0.00209236145019531 -0.73968505859375 0.13031005859375
-0.0111207962036133 0.0158348083496094 -0.251617431640625 0.557952880859375
0.0186347961425781 0.0101299285888672 0.144134521484375 0.48455810546875
0.00356292724609375 0.00797653198242188 0.318389892578125 0.180267333984375
0.0101184844970703 -0.0156126022338867 0.334075927734375 -0.067962646484375
0.0357551574707031 0.00785446166992188 -0.30615234375 -0.0707702636718749
0.0266056060791016 0.0182361602783203 -0.079315185546875 -0.321990966796875
0.0212841033935547 0.0275630950927734 0.396453857421875 -0.338470458984375
-0.019378662109375 0.0121288299560547 0.76397705078125 0.10552978515625
-0.0381851196289063 -0.0850143432617188 0.3848876953125 0.8089599609375
0.078369140625 -0.1766357421875 -0.3106689453125 0.90313720703125
0.174728393554688 -0.12603759765625 -0.3939208984375 0.351104736328125
0.198516845703125 -0.103652954101563 0.190292358398438 -0.16058349609375
0.0581512451171875 -0.141937255859375 0.17108154296875 -0.8070068359375
-0.031524658203125 -0.10028076171875 -0.51422119140625 -0.75567626953125
-0.0487327575683594 -0.0128707885742187 -0.76519775390625 0.0616455078124999
-0.0139884948730469 0.0228672027587891 -0.30670166015625 0.543212890625
0.0226535797119141 0.0158653259277344 0.102874755859375 0.498748779296875
0.00969505310058594 0.0164051055908203 0.3067626953125 0.2005615234375
0.0136651992797852 -0.000267982482910156 0.337921142578125 -0.05682373046875
0.0332527160644531 0.0143070220947266 -0.30999755859375 -0.054901123046875
0.0332908630371094 0.019622802734375 -0.12457275390625 -0.315185546875
0.0299224853515625 0.0289878845214844 0.31573486328125 -0.388458251953125
-0.0181045532226563 0.0193290710449219 0.7369384765625 -0.0323486328125
-0.0528564453125 -0.087310791015625 0.5140380859375 0.69268798828125
0.0603179931640625 -0.21759033203125 -0.13885498046875 0.9315185546875
0.196853637695313 -0.186538696289062 -0.38232421875 0.441619873046875
0.260330200195313 -0.14605712890625 0.120513916015625 -0.0858917236328125
0.106964111328125 -0.193023681640625 0.24908447265625 -0.7447509765625
-0.0184326171875 -0.142852783203125 -0.39385986328125 -0.84039306640625
-0.0554542541503906 -0.0308952331542969 -0.78985595703125 -0.078857421875
-0.0175418853759766 0.0233154296875 -0.41064453125 0.498992919921875
0.0236587524414063 0.0169181823730469 0.023223876953125 0.514556884765625
0.014495849609375 0.0191783905029297 0.279083251953125 0.23333740234375
0.0142793655395508 0.0109529495239258 0.34002685546875 -0.038818359375
0.0254898071289063 -0.0539703369140625 -0.329498291015625 -0.015655517578125
0.00236892700195313 -0.0218048095703125 -0.23529052734375 -0.303985595703125
0.0252532958984375 -0.0176811218261719 0.104522705078125 -0.49615478515625
0.0245552062988281 0.0184841156005859 0.57135009765625 -0.35675048828125
0.00771331787109375 0.06488037109375 0.68310546875 0.3236083984375
-0.013824462890625 0.122955322265625 0.24896240234375 0.862548828125
-0.1036376953125 0.209701538085937 -0.23651123046875 0.64111328125
-0.19439697265625 0.186981201171875 0.0383148193359375 0.0703353881835938
-0.15032958984375 0.19171142578125 0.450439453125 -0.5697021484375
-0.0117645263671875 0.149932861328125 -0.0173950195312501 -0.984619140625
0.0254096984863281 0.0696983337402344 -0.74176025390625 -0.46832275390625
0.00527620315551758 -0.00341176986694336 -0.6475830078125 0.273193359375
0.0207176208496094 -0.00885963439941406 -0.201141357421875 0.47882080078125
0.00246620178222656 -0.0236549377441406 0.177825927734375 0.27142333984375
0.00537109375000001 -0.0599441528320313 0.305877685546875 -0.00769042968750001
0.0262908935546875 -0.0491828918457031 -0.3262939453125 -0.039154052734375
0.00503158569335938 -0.0158109664916992 -0.1829833984375 -0.330169677734375
0.0282096862792969 -0.00992393493652344 0.225433349609375 -0.467254638671875
0.0185680389404297 0.0264530181884766 0.67437744140625 -0.2059326171875
-0.00872039794921876 0.0642547607421875 0.606201171875 0.517822265625
-0.0380325317382813 0.119087219238281 0.04742431640625 0.9154052734375
-0.1329345703125 0.197662353515625 -0.303955078125 0.537353515625
-0.184967041015625 0.178085327148438 0.120819091796875 -0.02728271484375
-0.1168212890625 0.1837158203125 0.36578369140625 -0.6932373046875
0.0111312866210938 0.126914978027344 -0.24224853515625 -0.93328857421875
0.0280876159667969 0.0509910583496094 -0.79412841796875 -0.24957275390625
-0.00466632843017578 -0.0107250213623047 -0.529205322265625 0.402008056640625
0.0119333267211914 -0.0106678009033203 -0.082611083984375 0.49713134765625
-0.00370597839355469 -0.0233001708984375 0.231353759765625 0.2391357421875
0.00283432006835937 -0.0620689392089844 0.309722900390625 -0.0299072265625
0.0288772583007813 -0.0421867370605469 -0.322845458984375 -0.0595703125
0.00845956802368164 -0.00846242904663086 -0.125152587890625 -0.339569091796875
0.0285396575927734 0.000600814819335938 0.32806396484375 -0.41400146484375
0.00869560241699219 0.0300273895263672 0.74176025390625 -0.04351806640625
-0.0299339294433594 0.0479850769042969 0.49127197265625 0.68585205078125
-0.0523757934570313 0.0847015380859375 -0.15985107421875 0.9232177734375
-0.128692626953125 0.153411865234375 -0.344268798828125 0.431304931640625
-0.138427734375 0.147918701171875 0.190811157226563 -0.113540649414062
-0.0728302001953125 0.14111328125 0.26409912109375 -0.78094482421875
0.0182952880859375 0.0819854736328125 -0.41558837890625 -0.84033203125
0.0220413208007812 0.0261802673339844 -0.79058837890625 -0.05975341796875
-0.00919437408447265 -0.00831508636474609 -0.40167236328125 0.488983154296875
0.00793647766113281 -0.00774574279785156 0.0269165039062501 0.496307373046875
-0.00697040557861328 -0.0159101486206055 0.272262573242188 0.210128784179688
0.0035400390625 -0.0581283569335938 0.314422607421875 -0.050872802734375
0.0315170288085938 -0.0296249389648438 -0.315399169921875 -0.0746154785156251
0.0123453140258789 0.00199222564697266 -0.08050537109375 -0.341705322265625
0.0251121520996094 0.0103759765625 0.40167236328125 -0.357269287109375
-0.00624656677246094 0.0270004272460937 0.767822265625 0.097412109375
-0.0388755798339844 0.0131378173828125 0.3721923828125 0.801513671875
-0.0378990173339844 0.0266647338867187 -0.31622314453125 0.8985595703125
-0.0827713012695312 0.0898513793945313 -0.36419677734375 0.34527587890625
-0.0665435791015625 0.0930862426757813 0.234725952148437 -0.177947998046875
-0.0366058349609375 0.0776290893554688 0.17669677734375 -0.826904296875
0.0110569000244141 0.034393310546875 -0.52587890625 -0.74993896484375
0.00966072082519531 0.0113658905029297 -0.759521484375 0.07501220703125
-0.0116062164306641 -0.00152111053466797 -0.29791259765625 0.53533935546875
0.00941944122314453 -0.00299739837646484 0.10791015625 0.484649658203125
-0.00538158416748047 -0.0114603042602539 0.30224609375 0.18328857421875
0.00626754760742188 -0.0467910766601563 0.32110595703125 -0.063720703125
0.0333328247070313 -0.0174961090087891 -0.30987548828125 -0.0788269042968749
0.018218994140625 0.00994682312011719 -0.056976318359375 -0.334381103515625
0.0233173370361328 0.0171165466308594 0.438690185546875 -0.31707763671875
-0.0124244689941406 0.0185718536376953 0.7684326171875 0.1763916015625
-0.0378494262695312 -0.0267677307128906 0.2974853515625 0.85882568359375
0.0052490234375 -0.0422821044921875 -0.40130615234375 0.8726806640625
0.00497627258300781 0.0202560424804688 -0.370849609375 0.299407958984375
0.0223426818847656 0.0264205932617188 0.250457763671875 -0.207443237304688
-0.00535440444946289 0.00249338150024414 0.123779296875 -0.843017578125
-0.00755596160888672 -0.0113611221313477 -0.57928466796875 -0.69342041015625
-0.010767936706543 0.00450420379638672 -0.73284912109375 0.14239501953125
-0.011693000793457 0.00764083862304688 -0.241363525390625 0.5537109375
0.0121641159057617 0.00433540344238281 0.149017333984375 0.474334716796875
-0.000157773494720459 0.000810027122497558 0.316131591796875 0.1693115234375
0.00887298583984375 -0.0314807891845703 0.325286865234375 -0.0716552734375
0.0364570617675781 -0.00456619262695313 -0.3062744140625 -0.0744934082031251
0.0212173461914063 0.0153141021728516 -0.0595703125 -0.32501220703125
0.0211200714111328 0.0244197845458984 0.433685302734375 -0.313446044921875
-0.0169210433959961 0.0111427307128906 0.7657470703125 0.17742919921875
-0.0348320007324219 -0.0630455017089844 0.30572509765625 0.856201171875
0.053863525390625 -0.113540649414063 -0.39605712890625 0.8721923828125
0.099212646484375 -0.0517196655273438 -0.3817138671875 0.301055908203125
0.115501403808594 -0.0448379516601562 0.232833862304688 -0.200927734375
0.0221176147460937 -0.071868896484375 0.11993408203125 -0.831787109375
-0.0265312194824219 -0.0548629760742188 -0.5745849609375 -0.69256591796875
-0.0326957702636719 -0.00251007080078125 -0.73406982421875 0.140380859375
-0.00959014892578125 0.017033576965332 -0.241943359375 0.5567626953125
0.0178432464599609 0.00984764099121094 0.149078369140625 0.478363037109375
0.00374937057495117 0.0082240104675293 0.3184814453125 0.173492431640625
0.0100383758544922 -0.0148639678955078 0.3311767578125 -0.07220458984375
0.0362358093261719 0.00615692138671875 -0.307861328125 -0.0672912597656251
0.0254573822021484 0.0196590423583984 -0.084808349609375 -0.318603515625
0.0220508575439453 0.0265350341796875 0.391357421875 -0.340362548828125
-0.01904296875 0.0124874114990234 0.76031494140625 0.094970703125
-0.0395660400390625 -0.0851364135742188 0.39178466796875 0.80194091796875
0.0748291015625 -0.175674438476563 -0.29888916015625 0.90057373046875
0.170623779296875 -0.124252319335937 -0.388946533203125 0.35296630859375
0.19781494140625 -0.104217529296875 0.186080932617188 -0.160324096679688
0.058807373046875 -0.140296936035156 0.16192626953125 -0.79998779296875
-0.0346221923828125 -0.0999908447265625 -0.51861572265625 -0.74615478515625
-0.0472183227539063 -0.0118484497070313 -0.75946044921875 0.0705566406250001
-0.0124721527099609 0.0228023529052734 -0.2987060546875 0.5421142578125
0.0217208862304688 0.0147686004638672 0.109527587890625 0.49609375
0.0106372833251953 0.0150985717773438 0.305633544921875 0.195159912109375
0.0111522674560547 0.000745773315429687 0.334625244140625 -0.062469482421875
0.0352096557617188 0.0149765014648437 -0.31158447265625 -0.0542297363281251
0.0314140319824219 0.0167598724365234 -0.128387451171875 -0.3096923828125
0.0278949737548828 0.0272254943847656 0.311737060546875 -0.390289306640625
-0.0173835754394531 0.0204410552978516 0.7318115234375 -0.04248046875
-0.0540313720703125 -0.0847320556640625 0.52117919921875 0.68389892578125
0.0560455322265625 -0.217086791992188 -0.12933349609375 0.9244384765625
0.195526123046875 -0.1876220703125 -0.379364013671875 0.441864013671875
0.2564697265625 -0.147537231445313 0.119926452636719 -0.0866165161132813
0.103408813476563 -0.190780639648438 0.23895263671875 -0.74176025390625
-0.0208587646484375 -0.14178466796875 -0.400634765625 -0.83160400390625
-0.0560531616210938 -0.0292854309082031 -0.78692626953125 -0.0690917968749999
-0.0171928405761719 0.0221614837646484 -0.4013671875 0.50054931640625
0.0228786468505859 0.0178089141845703 0.030670166015625 0.50909423828125
0.0142440795898438 0.0192794799804688 0.28173828125 0.228485107421875
0.0133457183837891 0.0118007659912109 0.33721923828125 -0.04339599609375
0.0251388549804688 -0.0546875 -0.325958251953125 -0.011077880859375
0.00197982788085938 -0.0221843719482422 -0.2406005859375 -0.297149658203125
0.0220584869384766 -0.0180912017822266 0.096405029296875 -0.491546630859375
0.0265274047851562 0.0172882080078125 0.56512451171875 -0.35809326171875
0.0100059509277344 0.0637969970703125 0.68182373046875 0.3170166015625
-0.012420654296875 0.122184753417969 0.2548828125 0.8560791015625
-0.0993804931640625 0.208206176757812 -0.231689453125 0.63922119140625
-0.192611694335937 0.187408447265625 0.0379066467285156 0.070068359375
-0.148666381835938 0.193222045898437 0.4404296875 -0.5716552734375
-0.00871276855468751 0.148910522460938 -0.0264892578125001 -0.97607421875
0.0235977172851562 0.0691680908203125 -0.741943359375 -0.45489501953125
0.00316238403320313 -0.00527715682983398 -0.6400146484375 0.2789306640625
0.0201549530029297 -0.0105495452880859 -0.196441650390625 0.47869873046875
0.00258445739746094 -0.0241603851318359 0.180572509765625 0.267471313476563
0.00101852416992188 -0.06231689453125 0.305267333984375 -0.012725830078125
0.0246505737304687 -0.0500068664550781 -0.324798583984375 -0.036102294921875
0.00386714935302734 -0.0165882110595703 -0.18255615234375 -0.32366943359375
0.0262260437011719 -0.0122718811035156 0.217315673828125 -0.46392822265625
0.0177059173583984 0.0260887145996094 0.671142578125 -0.21356201171875
-0.010711669921875 0.0654411315917969 0.6099853515625 0.508056640625
-0.0376205444335937 0.118446350097656 0.05645751953125 0.908935546875
-0.129562377929688 0.198135375976563 -0.298797607421875 0.537872314453125
-0.18231201171875 0.18017578125 0.118515014648437 -0.0267791748046875
-0.112930297851562 0.185821533203125 0.35736083984375 -0.69097900390625
0.0122756958007813 0.125724792480469 -0.24664306640625 -0.92327880859375
0.0286140441894531 0.048095703125 -0.79107666015625 -0.24114990234375
-0.00319242477416992 -0.00796318054199219 -0.5223388671875 0.404815673828125
0.0125856399536133 -0.0102138519287109 -0.07525634765625 0.496063232421875
-0.00420188903808594 -0.0224418640136719 0.229629516601563 0.237472534179688
0.00176620483398437 -0.0616912841796875 0.30755615234375 -0.031768798828125
0.0282707214355469 -0.0415267944335938 -0.320648193359375 -0.055450439453125
0.00786352157592773 -0.00811576843261719 -0.1279296875 -0.3350830078125
0.0287818908691406 -0.00121307373046875 0.3218994140625 -0.41485595703125
0.0068511962890625 0.0309677124023438 0.73565673828125 -0.05169677734375
-0.0287818908691406 0.05035400390625 0.493896484375 0.6802978515625
-0.0530624389648438 0.0840682983398438 -0.1474609375 0.91961669921875
-0.12664794921875 0.152313232421875 -0.34002685546875 0.432281494140625
-0.13739013671875 0.1483154296875 0.187454223632813 -0.114517211914062
-0.07000732421875 0.142898559570313 0.254638671875 -0.7769775390625
0.0192947387695313 0.0837554931640625 -0.420166015625 -0.8319091796875
0.0212497711181641 0.0253448486328125 -0.7855224609375 -0.0515136718750001
-0.00941848754882813 -0.00795459747314453 -0.39471435546875 0.491058349609375
0.00700187683105469 -0.00630426406860352 0.032379150390625 0.4915771484375
-0.0069580078125 -0.01885986328125 0.27215576171875 0.206466674804688
0.00421905517578124 -0.056121826171875 0.311126708984375 -0.0526123046875
0.0305290222167969 -0.0295124053955078 -0.313751220703125 -0.0674438476562499
0.0128631591796875 0.00128650665283203 -0.084442138671875 -0.335601806640625
0.02606201171875 0.00894737243652344 0.395965576171875 -0.3570556640625
-0.00347328186035156 0.0279197692871094 0.76165771484375 0.09027099609375
-0.0387001037597656 0.0150032043457031 0.37823486328125 0.79400634765625
-0.0374526977539063 0.0254402160644531 -0.3046875 0.89373779296875
-0.0821609497070313 0.0894851684570313 -0.357330322265625 0.34649658203125
-0.0652923583984375 0.0933074951171875 0.228164672851563 -0.177398681640625
-0.0348434448242188 0.078582763671875 0.169677734375 -0.8218994140625
0.0105781555175781 0.0352783203125 -0.529541015625 -0.73907470703125
0.00495433807373047 0.0112066268920898 -0.75177001953125 0.080810546875
-0.012725830078125 -0.00100421905517578 -0.291900634765625 0.5340576171875
0.00797224044799805 -0.00305747985839844 0.112884521484375 0.47930908203125
-0.00623226165771484 -0.0105438232421875 0.29974365234375 0.180450439453125
0.00513458251953126 -0.0458564758300781 0.317169189453125 -0.06866455078125
0.0322036743164063 -0.0182151794433594 -0.309600830078125 -0.0730895996093749
0.0161237716674805 0.00964260101318359 -0.060516357421875 -0.32830810546875
0.0228691101074219 0.016845703125 0.431549072265625 -0.319427490234375
-0.0129413604736328 0.0178756713867188 0.76434326171875 0.1661376953125
-0.0386848449707031 -0.0252113342285156 0.30352783203125 0.84796142578125
0.00445175170898438 -0.0423355102539063 -0.3883056640625 0.86871337890625
0.00451469421386719 0.0203151702880859 -0.365203857421875 0.2996826171875
0.023590087890625 0.0253372192382812 0.24310302734375 -0.209274291992187
-0.00686883926391602 0.00420475006103516 0.1160888671875 -0.83660888671875
-0.0066070556640625 -0.0103521347045898 -0.58154296875 -0.68402099609375
-0.011845588684082 0.00304889678955078 -0.7298583984375 0.1494140625
-0.0119266510009766 0.00891685485839843 -0.236083984375 0.553436279296875
0.0124902725219727 0.00557518005371094 0.154296875 0.47039794921875
-0.00102311372756958 -0.000758767127990723 0.318145751953125 0.167755126953125
0.00623893737792968 -0.0320796966552734 0.3212890625 -0.075347900390625
0.0333576202392578 -0.00506401062011719 -0.305938720703125 -0.071533203125
0.0207767486572266 0.01531982421875 -0.0631103515625 -0.319580078125
0.020904541015625 0.0226039886474609 0.427001953125 -0.31365966796875
-0.0165128707885742 0.0130233764648437 0.76300048828125 0.16729736328125
-0.0353584289550781 -0.0630683898925781 0.30999755859375 0.84661865234375
0.0521469116210938 -0.112823486328125 -0.3853759765625 0.86907958984375
0.0975875854492188 -0.0524673461914063 -0.378021240234375 0.30328369140625
0.115310668945312 -0.0448226928710938 0.228225708007813 -0.200164794921875
0.0209197998046875 -0.0712966918945313 0.11187744140625 -0.82611083984375
-0.0263633728027344 -0.0541419982910156 -0.57757568359375 -0.6849365234375
-0.0313243865966797 -0.00201988220214844 -0.72772216796875 0.14501953125
-0.0100164413452148 0.0165786743164063 -0.233856201171875 0.5548095703125
0.0184555053710938 0.00874137878417969 0.154510498046875 0.471954345703125
0.00399398803710938 0.00717544555664063 0.31842041015625 0.169403076171875
0.0106744766235352 -0.0142059326171875 0.32647705078125 -0.07611083984375
0.0354270935058594 0.0054931640625 -0.306060791015625 -0.06341552734375
0.0262241363525391 0.0191688537597656 -0.087127685546875 -0.3140869140625
0.0234622955322266 0.0256137847900391 0.385528564453125 -0.344024658203125
-0.0185146331787109 0.0135593414306641 0.75634765625 0.08795166015625
-0.0421905517578125 -0.0854415893554688 0.39959716796875 0.794921875
0.0728759765625 -0.175521850585937 -0.28955078125 0.89666748046875
0.167724609375 -0.124740600585938 -0.384735107421875 0.35504150390625
0.195907592773438 -0.106277465820313 0.184371948242188 -0.160064697265625
0.0561447143554687 -0.140228271484375 0.1534423828125 -0.79595947265625
-0.034332275390625 -0.097137451171875 -0.520263671875 -0.7392578125
-0.0479087829589844 -0.0115547180175781 -0.75341796875 0.0772705078124999
-0.0123825073242187 0.0228824615478516 -0.2877197265625 0.540557861328125
0.0217075347900391 0.0138816833496094 0.1138916015625 0.489227294921875
0.00927066802978516 0.0141420364379883 0.3060302734375 0.190032958984375
0.010711669921875 0.000619888305664063 0.3331298828125 -0.066009521484375
0.0340366363525391 0.0152130126953125 -0.30755615234375 -0.045623779296875
0.0315055847167969 0.017120361328125 -0.1314697265625 -0.306396484375
0.0276622772216797 0.0283794403076172 0.3048095703125 -0.38970947265625
-0.0156784057617188 0.0191860198974609 0.72735595703125 -0.04925537109375
-0.0532302856445313 -0.0832290649414063 0.5235595703125 0.67486572265625
0.053924560546875 -0.215911865234375 -0.11761474609375 0.9207763671875
0.190841674804688 -0.187850952148438 -0.37310791015625 0.444122314453125
0.254486083984375 -0.150177001953125 0.117362976074219 -0.08660888671875
0.102264404296875 -0.190689086914063 0.2301025390625 -0.738525390625
-0.0211715698242187 -0.13983154296875 -0.40570068359375 -0.8248291015625
-0.0552978515625 -0.02880859375 -0.7816162109375 -0.0582275390625
-0.0164642333984375 0.0234298706054688 -0.391998291015625 0.49945068359375
0.025146484375 0.0155963897705078 0.0364990234375 0.505889892578125
0.0131549835205078 0.0188770294189453 0.279266357421875 0.223159790039062
0.0132894515991211 0.0118598937988281 0.333282470703125 -0.04608154296875
0.0233802795410156 -0.0550498962402344 -0.3258056640625 -0.00695800781249996
0.00291252136230469 -0.0226001739501953 -0.23919677734375 -0.292572021484375
0.0239105224609375 -0.0184402465820313 0.090484619140625 -0.48828125
0.0265159606933594 0.0168800354003906 0.55712890625 -0.361541748046875
0.00980377197265624 0.0638580322265625 0.67816162109375 0.30816650390625
-0.0107955932617187 0.12152099609375 0.26171875 0.84796142578125
-0.0977935791015625 0.208724975585938 -0.22552490234375 0.63751220703125
-0.189697265625 0.187362670898438 0.0375175476074219 0.0682868957519532
-0.145584106445312 0.192352294921875 0.43280029296875 -0.56988525390625
-0.00765991210937501 0.148696899414063 -0.03192138671875 -0.9693603515625
0.0260391235351563 0.0704421997070313 -0.73919677734375 -0.44769287109375
0.0042870044708252 -0.00323486328125 -0.631591796875 0.28253173828125
0.0200424194335938 -0.00941848754882813 -0.187713623046875 0.47845458984375
0.00243568420410156 -0.0231971740722656 0.181655883789063 0.263565063476563
0.00182723999023437 -0.0595932006835938 0.30279541015625 -0.01556396484375
0.0255775451660156 -0.0503082275390625 -0.324615478515625 -0.0314941406249999
0.00487804412841797 -0.0157175064086914 -0.187530517578125 -0.31719970703125
0.0274524688720703 -0.0103397369384766 0.210601806640625 -0.46209716796875
0.02020263671875 0.0264911651611328 0.66351318359375 -0.21600341796875
-0.00909423828125 0.0645904541015625 0.60821533203125 0.5
-0.03802490234375 0.116371154785156 0.06134033203125 0.902587890625
-0.126312255859375 0.197891235351562 -0.2919921875 0.535247802734375
-0.178436279296875 0.180892944335938 0.116058349609375 -0.0281982421875
-0.11053466796875 0.183609008789063 0.3485107421875 -0.68963623046875
0.0130996704101563 0.124481201171875 -0.25213623046875 -0.9146728515625
0.0296211242675781 0.0466499328613281 -0.78631591796875 -0.23358154296875
-0.00308561325073242 -0.00800466537475586 -0.513641357421875 0.40594482421875
0.0116701126098633 -0.0106067657470703 -0.069671630859375 0.492340087890625
-0.00455665588378906 -0.0236301422119141 0.23089599609375 0.232803344726563
0.000473022460937495 -0.0606269836425781 0.305419921875 -0.03570556640625
0.0287971496582031 -0.0414657592773438 -0.31988525390625 -0.050628662109375
0.00829410552978516 -0.00812864303588867 -0.1328125 -0.329864501953125
0.0282802581787109 0.0001220703125 0.31475830078125 -0.41314697265625
0.00726699829101563 0.0285968780517578 0.730712890625 -0.05633544921875
-0.0290641784667969 0.04840087890625 0.4967041015625 0.67132568359375
-0.0516128540039063 0.0839385986328125 -0.13922119140625 0.9130859375
-0.126373291015625 0.153182983398437 -0.333221435546875 0.431549072265625
-0.133926391601562 0.149032592773438 0.182891845703125 -0.114334106445312
-0.0684967041015625 0.143692016601563 0.24835205078125 -0.773193359375
0.0200347900390625 0.0819625854492188 -0.42333984375 -0.82440185546875
0.0222587585449219 0.0252246856689453 -0.77996826171875 -0.045654296875
-0.0105857849121094 -0.00756168365478516 -0.387237548828125 0.489593505859375
0.00784826278686523 -0.00772476196289063 0.0369873046875 0.4891357421875
-0.007781982421875 -0.0174427032470703 0.27191162109375 0.201828002929688
0.00191879272460937 -0.0552101135253906 0.30975341796875 -0.055206298828125
0.0309257507324219 -0.0306663513183594 -0.313568115234375 -0.062408447265625
0.0112094879150391 0.00144290924072266 -0.0885009765625 -0.329986572265625
0.0262165069580078 0.00998497009277344 0.38958740234375 -0.359344482421875
-0.00242424011230469 0.0264511108398438 0.7578125 0.08380126953125
-0.0373764038085938 0.0170516967773437 0.3802490234375 0.78558349609375
-0.0376319885253906 0.026123046875 -0.29681396484375 0.8895263671875
-0.0801849365234375 0.0900650024414063 -0.351470947265625 0.346588134765625
-0.0628128051757812 0.0922393798828125 0.226104736328125 -0.176620483398438
-0.0329666137695313 0.0802383422851563 0.159912109375 -0.8179931640625
0.0106544494628906 0.0349292755126953 -0.53253173828125 -0.733642578125
0.00581264495849609 0.0114974975585938 -0.74554443359375 0.08770751953125
-0.0119142532348633 -0.000595092773437498 -0.282501220703125 0.5333251953125
0.00763654708862305 -0.00220346450805664 0.116607666015625 0.47344970703125
-0.00612258911132812 -0.0106239318847656 0.2994384765625 0.175933837890625
0.00275802612304688 -0.0461692810058594 0.314422607421875 -0.070648193359375
0.0328578948974609 -0.0191078186035156 -0.308502197265625 -0.0679931640625001
0.0148077011108398 0.00899791717529297 -0.063751220703125 -0.322723388671875
0.0231361389160156 0.0163364410400391 0.426300048828125 -0.318939208984375
-0.0113010406494141 0.0186386108398438 0.76226806640625 0.1600341796875
-0.0380783081054688 -0.0254631042480469 0.310791015625 0.8388671875
0.0049896240234375 -0.0413970947265625 -0.37860107421875 0.8662109375
0.00289535522460938 0.0208206176757813 -0.361968994140625 0.302001953125
0.0230064392089844 0.025543212890625 0.239212036132813 -0.207122802734375
-0.00566720962524414 0.00503778457641602 0.10888671875 -0.83148193359375
-0.00722694396972656 -0.0106287002563477 -0.58123779296875 -0.67572021484375
-0.0134038925170898 0.00403499603271485 -0.72003173828125 0.1505126953125
-0.0127153396606445 0.00879859924316406 -0.22650146484375 0.550811767578125
0.0126190185546875 0.00404930114746094 0.15594482421875 0.46478271484375
-0.00158369541168213 -0.00064384937286377 0.315460205078125 0.162322998046875
0.00485992431640625 -0.0312042236328125 0.31915283203125 -0.078460693359375
0.0340614318847656 -0.00710487365722656 -0.305908203125 -0.065643310546875
0.021148681640625 0.0142097473144531 -0.0657958984375 -0.315399169921875
0.0210285186767578 0.0214385986328125 0.422332763671875 -0.314544677734375
-0.0165443420410156 0.0119857788085938 0.7579345703125 0.158935546875
-0.0347633361816406 -0.0610084533691406 0.3167724609375 0.837890625
0.0503692626953125 -0.112159729003906 -0.374755859375 0.86663818359375
0.0972900390625 -0.0508575439453125 -0.372100830078125 0.303619384765625
0.112930297851563 -0.0439071655273438 0.224075317382812 -0.200714111328125
0.0215911865234375 -0.0708694458007813 0.10406494140625 -0.82000732421875
-0.0258102416992188 -0.05389404296875 -0.57879638671875 -0.67572021484375
-0.0311050415039062 -0.00185394287109375 -0.7222900390625 0.14959716796875
-0.0102729797363281 0.0179386138916016 -0.227447509765625 0.553741455078125
0.0183906555175781 0.00929832458496094 0.15838623046875 0.46881103515625
0.00377416610717773 0.00871992111206055 0.316986083984375 0.165557861328125
0.00948143005371094 -0.0151481628417969 0.324462890625 -0.07928466796875
0.0345001220703125 0.00388145446777344 -0.30560302734375 -0.05706787109375
0.026214599609375 0.0182838439941406 -0.089752197265625 -0.30889892578125
0.0239582061767578 0.0255279541015625 0.38031005859375 -0.34112548828125
-0.0178375244140625 0.0117206573486328 0.753173828125 0.0816650390625
-0.0402755737304688 -0.0831527709960938 0.4022216796875 0.7841796875
0.068817138671875 -0.174774169921875 -0.28076171875 0.89263916015625
0.164962768554688 -0.124710083007812 -0.37933349609375 0.355255126953125
0.19293212890625 -0.10638427734375 0.179107666015625 -0.157440185546875
0.0562896728515625 -0.138427734375 0.14483642578125 -0.79083251953125
-0.0322036743164062 -0.0981292724609375 -0.5250244140625 -0.72857666015625
-0.0478630065917969 -0.0115737915039063 -0.747314453125 0.0833740234374999
-0.0113067626953125 0.0240116119384766 -0.283050537109375 0.540924072265625
0.0216789245605469 0.0134220123291016 0.1185302734375 0.48284912109375
0.00942325592041015 0.0150861740112305 0.307403564453125 0.186553955078125
0.0117702484130859 0.000635147094726563 0.328704833984375 -0.0697021484375
0.0335845947265625 0.0132236480712891 -0.308807373046875 -0.040863037109375
0.0309734344482422 0.0168247222900391 -0.13409423828125 -0.300018310546875
0.0267486572265625 0.0279026031494141 0.298828125 -0.38812255859375
-0.0152359008789062 0.0191135406494141 0.72283935546875 -0.05584716796875
-0.0550537109375 -0.0830001831054688 0.5252685546875 0.6634521484375
0.0514984130859375 -0.216293334960938 -0.11212158203125 0.91412353515625
0.188217163085938 -0.185012817382813 -0.369110107421875 0.443634033203125
0.25201416015625 -0.14862060546875 0.114494323730469 -0.0860824584960938
0.1002197265625 -0.189895629882812 0.222900390625 -0.7337646484375
-0.0220870971679688 -0.139305114746094 -0.40899658203125 -0.81463623046875
-0.0560646057128906 -0.0284881591796875 -0.775146484375 -0.0552368164062499
-0.0164642333984375 0.0240440368652344 -0.384246826171875 0.49725341796875
0.0239067077636719 0.0163917541503906 0.040924072265625 0.499847412109375
0.0151996612548828 0.0181198120117188 0.28167724609375 0.2200927734375
0.0135164260864258 0.0130653381347656 0.3321533203125 -0.05072021484375
0.0229988098144531 -0.0557518005371094 -0.3231201171875 -0.00531005859375005
0.00252342224121094 -0.0218906402587891 -0.24163818359375 -0.2857666015625
0.0236396789550781 -0.0171184539794922 0.085845947265625 -0.482513427734375
0.0267105102539063 0.0167217254638672 0.551361083984375 -0.361602783203125
0.0100021362304688 0.0642051696777344 0.67462158203125 0.30462646484375
-0.0112380981445313 0.120841979980469 0.2645263671875 0.83892822265625
-0.0967254638671875 0.208404541015625 -0.22039794921875 0.63250732421875
-0.185592651367188 0.188140869140625 0.0366096496582031 0.0675888061523438
-0.143096923828125 0.19439697265625 0.42657470703125 -0.56817626953125
-0.00592041015624999 0.148330688476563 -0.0372924804687499 -0.96368408203125
0.0270538330078125 0.0694580078125 -0.73590087890625 -0.439697265625
0.00328946113586426 -0.00297212600708008 -0.624267578125 0.28497314453125
0.0203800201416016 -0.0106983184814453 -0.182220458984375 0.475372314453125
0.00172233581542969 -0.0247421264648438 0.1826171875 0.260513305664063
0.00114822387695312 -0.0591621398925781 0.30169677734375 -0.017059326171875
0.0246734619140625 -0.0511589050292969 -0.322540283203125 -0.02789306640625
0.00450515747070313 -0.0173883438110352 -0.18853759765625 -0.31085205078125
0.0271205902099609 -0.00971794128417969 0.2044677734375 -0.459442138671875
0.0188388824462891 0.0254478454589844 0.657470703125 -0.2174072265625
-0.00830841064453124 0.0648727416992188 0.6068115234375 0.4954833984375
-0.0365524291992187 0.116432189941406 0.0675048828124999 0.8961181640625
-0.126144409179687 0.196624755859375 -0.28759765625 0.534332275390625
-0.176055908203125 0.18048095703125 0.114501953125 -0.0279312133789062
-0.107894897460937 0.1849365234375 0.34149169921875 -0.68450927734375
0.0133209228515625 0.123611450195313 -0.25616455078125 -0.907470703125
0.0294303894042969 0.0465927124023438 -0.7822265625 -0.22686767578125
-0.00490570068359375 -0.00753879547119141 -0.505584716796875 0.405792236328125
0.0114831924438477 -0.0105953216552734 -0.0640869140624999 0.48895263671875
-0.00509071350097656 -0.0218677520751953 0.231887817382813 0.230026245117188
-2.28881835937506E-05 -0.0609855651855469 0.303985595703125 -0.03753662109375
0.02801513671875 -0.0424346923828125 -0.31878662109375 -0.046905517578125
0.00840568542480469 -0.00797033309936523 -0.13360595703125 -0.32470703125
0.0284137725830078 -0.00136375427246094 0.310150146484375 -0.412078857421875
0.00913238525390625 0.0300941467285156 0.72515869140625 -0.06005859375
-0.0278739929199219 0.0484542846679687 0.49761962890625 0.6651611328125
-0.0504074096679688 0.0832595825195313 -0.13360595703125 0.90692138671875
-0.12506103515625 0.152786254882813 -0.329620361328125 0.431793212890625
-0.131240844726563 0.148223876953125 0.1793212890625 -0.113189697265625
-0.0676422119140625 0.14349365234375 0.24273681640625 -0.76708984375
0.0198822021484375 0.0832672119140625 -0.42327880859375 -0.81414794921875
0.0208206176757812 0.0254631042480469 -0.7742919921875 -0.03985595703125
-0.0108852386474609 -0.00558757781982422 -0.3809814453125 0.487701416015625
0.00763273239135742 -0.00744962692260742 0.040191650390625 0.48406982421875
-0.007904052734375 -0.0184135437011719 0.272964477539063 0.19769287109375
0.00053787231445312 -0.0557975769042969 0.306793212890625 -0.05780029296875
0.0288658142089844 -0.031219482421875 -0.311676025390625 -0.059661865234375
0.0120115280151367 0.00139522552490234 -0.09228515625 -0.32513427734375
0.0265064239501953 0.00899505615234375 0.385589599609375 -0.356170654296875
-0.00266456604003906 0.0265789031982422 0.75225830078125 0.0770263671875
-0.0375480651855469 0.0161056518554688 0.384033203125 0.779052734375
-0.0357513427734375 0.0258026123046875 -0.2889404296875 0.8831787109375
-0.0797348022460938 0.0907974243164062 -0.349761962890625 0.34649658203125
-0.0627365112304688 0.0935821533203125 0.2215576171875 -0.177017211914063
-0.0315628051757812 0.081146240234375 0.15484619140625 -0.81134033203125
0.0103759765625 0.0346298217773437 -0.531982421875 -0.7232666015625
0.00571918487548828 0.0107812881469727 -0.739501953125 0.0912475585937499
-0.0134649276733398 -0.000325202941894533 -0.27728271484375 0.531402587890625
0.00865793228149414 -0.0023503303527832 0.12054443359375 0.470489501953125
-0.00533485412597656 -0.0101938247680664 0.29931640625 0.1719970703125
0.00213623046875 -0.0465202331542969 0.312225341796875 -0.073577880859375
0.0323829650878906 -0.0188617706298828 -0.307373046875 -0.0646972656249999
0.0150442123413086 0.00812625885009766 -0.066619873046875 -0.319244384765625
0.0232734680175781 0.0151863098144531 0.4207763671875 -0.319427490234375
-0.0100841522216797 0.01922607421875 0.75701904296875 0.15380859375
-0.0367050170898437 -0.0242805480957031 0.31317138671875 0.83197021484375
0.00423431396484375 -0.0428848266601563 -0.3720703125 0.86187744140625
0.00329017639160156 0.0218868255615234 -0.358673095703125 0.30181884765625
0.0232868194580078 0.0252628326416016 0.235702514648438 -0.20721435546875
-0.00450658798217774 0.0055842399597168 0.10357666015625 -0.8262939453125
-0.00682163238525391 -0.0102500915527344 -0.58013916015625 -0.66766357421875
-0.0127954483032227 0.00426959991455078 -0.71392822265625 0.15460205078125
-0.0119543075561523 0.00975990295410156 -0.22149658203125 0.548553466796875
0.0123472213745117 0.00335502624511719 0.160247802734375 0.457427978515625
-0.00110149383544922 0.000821948051452637 0.31256103515625 0.159271240234375
0.00484657287597656 -0.0320491790771484 0.316436767578125 -0.081329345703125
0.0332546234130859 -0.0061492919921875 -0.304046630859375 -0.0625610351562501
0.0207061767578125 0.0161647796630859 -0.067779541015625 -0.310089111328125
0.0219459533691406 0.0216407775878906 0.418060302734375 -0.313507080078125
-0.0145854949951172 0.0113086700439453 0.75433349609375 0.1536865234375
-0.0350799560546875 -0.0613822937011719 0.31988525390625 0.83026123046875
0.0497894287109375 -0.111610412597656 -0.36798095703125 0.86279296875
0.0956344604492188 -0.0513763427734375 -0.368927001953125 0.303070068359375
0.112312316894531 -0.0448837280273437 0.219497680664063 -0.199325561523438
0.0227890014648438 -0.0698928833007813 0.09930419921875 -0.81475830078125
-0.0262336730957031 -0.0529441833496094 -0.5787353515625 -0.66790771484375
-0.0306682586669922 0.000251770019531256 -0.712890625 0.1524658203125
-0.0113372802734375 0.0176467895507813 -0.221923828125 0.551422119140625
0.0174331665039063 0.0100040435791016 0.16070556640625 0.462982177734375
0.00445365905761719 0.00743198394775391 0.317718505859375 0.162384033203125
0.00815486907958984 -0.0133085250854492 0.322052001953125 -0.08099365234375
0.0338859558105469 0.00503158569335938 -0.304290771484375 -0.0541687011718749
0.0262908935546875 0.0167980194091797 -0.091278076171875 -0.304534912109375
0.0247459411621094 0.0245170593261719 0.3758544921875 -0.341766357421875
-0.0163307189941406 0.0117282867431641 0.747802734375 0.07476806640625
-0.0411148071289063 -0.0821990966796875 0.40509033203125 0.77691650390625
0.0692596435546875 -0.17523193359375 -0.27288818359375 0.88623046875
0.163223266601563 -0.123641967773438 -0.373931884765625 0.353912353515625
0.191238403320313 -0.104629516601563 0.176162719726563 -0.156509399414063
0.0549240112304688 -0.138298034667969 0.141357421875 -0.78411865234375
-0.0334701538085938 -0.0978851318359375 -0.525146484375 -0.71978759765625
-0.0476646423339844 -0.01068115234375 -0.7410888671875 0.0857543945312501
-0.0109920501708984 0.0238971710205078 -0.27789306640625 0.539215087890625
0.0217380523681641 0.0125255584716797 0.122283935546875 0.478790283203125
0.00937652587890625 0.0161008834838867 0.306365966796875 0.18316650390625
0.0094919204711914 0.00226116180419922 0.326324462890625 -0.0706787109375
0.0340538024902344 0.0124053955078125 -0.3082275390625 -0.038726806640625
0.0314617156982422 0.0172653198242188 -0.13592529296875 -0.296783447265625
0.0272064208984375 0.0260505676269531 0.29498291015625 -0.38800048828125
-0.0147647857666016 0.0177192687988281 0.71575927734375 -0.0604248046875
-0.0537643432617188 -0.081634521484375 0.52569580078125 0.65594482421875
0.0502777099609375 -0.2138671875 -0.10626220703125 0.90704345703125
0.185440063476563 -0.185791015625 -0.364013671875 0.44158935546875
0.249298095703125 -0.149063110351562 0.111915588378906 -0.0853347778320313
0.0989532470703125 -0.188995361328125 0.2164306640625 -0.72796630859375
-0.0228729248046875 -0.137474060058594 -0.41156005859375 -0.8060302734375
-0.0559616088867188 -0.0287895202636719 -0.7696533203125 -0.0488891601562499
-0.0154170989990234 0.0251331329345703 -0.378204345703125 0.496002197265625
0.0241374969482422 0.0164260864257813 0.04443359375 0.495452880859375
0.0148391723632812 0.0188426971435547 0.278594970703125 0.216827392578125
0.0124721527099609 0.0136966705322266 0.328826904296875 -0.05230712890625
0.0231781005859375 -0.0563888549804687 -0.320831298828125 -0.00244140625
0.00365829467773438 -0.0232124328613281 -0.243377685546875 -0.281341552734375
0.0241661071777344 -0.0178413391113281 0.082427978515625 -0.48046875
0.0263938903808594 0.0175495147705078 0.5438232421875 -0.361785888671875
0.0112495422363281 0.0641670227050781 0.67266845703125 0.2994384765625
-0.0108413696289063 0.1187744140625 0.26483154296875 0.8331298828125
-0.0950775146484375 0.207199096679688 -0.216796875 0.62872314453125
-0.183364868164062 0.18658447265625 0.0356979370117187 0.0683441162109375
-0.140411376953125 0.19305419921875 0.42034912109375 -0.56475830078125
-0.00498962402343749 0.146041870117188 -0.0401611328124999 -0.95587158203125
0.0258636474609375 0.0691108703613281 -0.73223876953125 -0.43115234375
0.00247049331665039 -0.00244140625 -0.6181640625 0.28533935546875
0.0197792053222656 -0.0104904174804688 -0.178436279296875 0.471527099609375
0.00284957885742188 -0.02410888671875 0.18194580078125 0.257431030273438
-0.000110626220703119 -0.058135986328125 0.299072265625 -0.019195556640625
0.0248451232910156 -0.0516929626464844 -0.32086181640625 -0.0242919921875
0.00475978851318359 -0.0160894393920898 -0.1905517578125 -0.306488037109375
0.0264320373535156 -0.0111293792724609 0.19927978515625 -0.45404052734375
0.0199451446533203 0.0262546539306641 0.65087890625 -0.2186279296875
-0.00762939453125 0.0651130676269531 0.6051025390625 0.4892578125
-0.0360336303710938 0.115043640136719 0.068603515625 0.88909912109375
-0.123611450195313 0.196319580078125 -0.283416748046875 0.530426025390625
-0.173248291015625 0.179916381835937 0.113677978515625 -0.0280838012695312
-0.10546875 0.18389892578125 0.33734130859375 -0.68212890625
0.0145034790039063 0.122077941894531 -0.25537109375 -0.9013671875
0.0282516479492188 0.0470771789550781 -0.776611328125 -0.22332763671875
-0.00523042678833008 -0.00706863403320312 -0.499053955078125 0.406280517578125
0.0118598937988281 -0.0110969543457031 -0.060150146484375 0.485626220703125
-0.00446128845214843 -0.0229701995849609 0.231735229492188 0.227066040039063
-0.0013885498046875 -0.0590553283691406 0.30133056640625 -0.039642333984375
0.0262069702148438 -0.0422439575195313 -0.31689453125 -0.043609619140625
0.00859546661376953 -0.00936698913574219 -0.1358642578125 -0.319915771484375
0.0288963317871094 -0.00144767761230469 0.305419921875 -0.407745361328125
0.00978469848632813 0.0292320251464844 0.720703125 -0.0614013671875
-0.0277214050292969 0.0488815307617188 0.49737548828125 0.6583251953125
-0.0505294799804688 0.0825881958007813 -0.126953125 0.90185546875
-0.123626708984375 0.152633666992188 -0.32550048828125 0.42938232421875
-0.130615234375 0.147476196289063 0.177734375 -0.113449096679687
-0.0651702880859375 0.144744873046875 0.23529052734375 -0.76416015625
0.020172119140625 0.0812911987304688 -0.42559814453125 -0.80780029296875
0.0215110778808594 0.0248374938964844 -0.76678466796875 -0.0368652343749999
-0.0106925964355469 -0.00495243072509765 -0.375335693359375 0.4859619140625
0.00724458694458008 -0.0079188346862793 0.044403076171875 0.481048583984375
-0.00820159912109375 -0.0184288024902344 0.270660400390625 0.194564819335938
-0.00116348266601563 -0.0558090209960937 0.3046875 -0.05877685546875
0.0291042327880859 -0.0319728851318359 -0.310394287109375 -0.056060791015625
0.0113487243652344 0.000958442687988281 -0.0931396484375 -0.32086181640625
0.0257568359375 0.00749015808105469 0.381317138671875 -0.355499267578125
-0.00112342834472656 0.0273265838623047 0.7471923828125 0.071044921875
-0.0385932922363281 0.0163078308105469 0.3819580078125 0.77191162109375
-0.0364303588867188 0.0262832641601563 -0.28387451171875 0.87847900390625
-0.0778732299804688 0.0912322998046875 -0.34588623046875 0.345123291015625
-0.0622406005859375 0.0925750732421875 0.218902587890625 -0.17401123046875
-0.03045654296875 0.0794448852539062 0.15057373046875 -0.80535888671875
0.0113983154296875 0.0355377197265625 -0.52935791015625 -0.71673583984375
0.00583648681640625 0.0112018585205078 -0.732666015625 0.09185791015625
-0.0138425827026367 -0.000398635864257811 -0.271636962890625 0.528778076171875
0.0072789192199707 -0.00231742858886719 0.122161865234375 0.4656982421875
-0.006103515625 -0.0101385116577148 0.2978515625 0.16729736328125
0.000415802001953127 -0.0446929931640625 0.30950927734375 -0.074432373046875
0.0307426452636719 -0.0186519622802734 -0.305084228515625 -0.06134033203125
0.0152587890625 0.00908946990966797 -0.06884765625 -0.314605712890625
0.0242710113525391 0.0150432586669922 0.41650390625 -0.317840576171875
-0.00964927673339844 0.0186214447021484 0.75286865234375 0.14825439453125
-0.0372352600097656 -0.0237503051757813 0.31329345703125 0.82513427734375
0.00381088256835937 -0.040924072265625 -0.36639404296875 0.856201171875
0.00359916687011719 0.021820068359375 -0.354736328125 0.30126953125
0.0233192443847656 0.0254554748535156 0.2325439453125 -0.204757690429688
-0.00353527069091797 0.0067286491394043 0.097412109375 -0.817626953125
-0.00718021392822266 -0.00933170318603516 -0.5782470703125 -0.6602783203125
-0.0124530792236328 0.00408267974853516 -0.70770263671875 0.1552734375
-0.0122289657592773 0.00944232940673828 -0.21661376953125 0.545379638671875
0.012639045715332 0.00189208984375 0.1634521484375 0.45477294921875
-0.00183558464050293 -0.00115776062011719 0.311676025390625 0.156219482421875
0.00431442260742188 -0.0298595428466797 0.31536865234375 -0.082763671875
0.0319766998291016 -0.00568199157714844 -0.30340576171875 -0.0583190917968751
0.019744873046875 0.0136528015136719 -0.06890869140625 -0.3067626953125
0.0220508575439453 0.0209560394287109 0.413970947265625 -0.3115234375
-0.0139446258544922 0.0118722915649414 0.7510986328125 0.14739990234375
-0.0356674194335938 -0.0608062744140625 0.32110595703125 0.8240966796875
0.047882080078125 -0.111366271972656 -0.36029052734375 0.85760498046875
0.0948410034179688 -0.0497360229492188 -0.366729736328125 0.30279541015625
0.111549377441406 -0.0447311401367188 0.216079711914062 -0.19805908203125
0.0230827331542969 -0.0688018798828125 0.09674072265625 -0.80780029296875
-0.0262641906738281 -0.0516433715820313 -0.5760498046875 -0.66253662109375
-0.0313816070556641 -0.00188446044921875 -0.70849609375 0.15484619140625
-0.0107841491699219 0.0183353424072266 -0.216278076171875 0.54638671875
0.0175180435180664 0.00835227966308594 0.163909912109375 0.457000732421875
0.00363683700561523 0.00852298736572266 0.31561279296875 0.157958984375
0.007781982421875 -0.0139808654785156 0.319549560546875 -0.082733154296875
0.0331859588623047 0.00453567504882813 -0.30303955078125 -0.04949951171875
0.0254955291748047 0.0169963836669922 -0.091461181640625 -0.299530029296875
0.0240898132324219 0.0243892669677734 0.372222900390625 -0.340606689453125
-0.0159263610839844 0.0105562210083008 0.7431640625 0.071044921875
-0.0409469604492188 -0.0816268920898437 0.40521240234375 0.7686767578125
0.0671539306640625 -0.17291259765625 -0.26800537109375 0.88043212890625
0.162109375 -0.1217041015625 -0.37127685546875 0.354034423828125
0.190597534179688 -0.104782104492188 0.172927856445312 -0.154617309570313
0.054840087890625 -0.136848449707031 0.13592529296875 -0.77691650390625
-0.0337982177734375 -0.0962142944335937 -0.52301025390625 -0.71356201171875
-0.0467262268066406 -0.0103416442871094 -0.73553466796875 0.0872192382812499
-0.0123805999755859 0.0234184265136719 -0.272308349609375 0.5355224609375
0.0211887359619141 0.0134391784667969 0.123138427734375 0.473968505859375
0.0102415084838867 0.0153656005859375 0.302947998046875 0.180450439453125
0.0104808807373047 0.00268077850341797 0.323455810546875 -0.07147216796875
0.0324954986572266 0.0132637023925781 -0.30615234375 -0.035369873046875
0.0311737060546875 0.0163860321044922 -0.13580322265625 -0.291259765625
0.0279827117919922 0.0263690948486328 0.29217529296875 -0.38592529296875
-0.0138950347900391 0.0185756683349609 0.710693359375 -0.06439208984375
-0.0532302856445313 -0.0810928344726563 0.5255126953125 0.64892578125
0.04730224609375 -0.2135009765625 -0.1007080078125 0.90167236328125
0.1837158203125 -0.183120727539063 -0.359588623046875 0.441680908203125
0.246963500976563 -0.147933959960938 0.109886169433594 -0.0838088989257813
0.0983123779296875 -0.1868896484375 0.21270751953125 -0.722900390625
-0.0236892700195313 -0.136817932128906 -0.41064453125 -0.800048828125
-0.0566558837890625 -0.0285301208496094 -0.76373291015625 -0.04522705078125
-0.016510009765625 0.0242481231689453 -0.3739013671875 0.494964599609375
0.0241279602050781 0.0155525207519531 0.04803466796875 0.491607666015625
0.0146579742431641 0.0182151794433594 0.278839111328125 0.214248657226562
0.0115070343017578 0.0155973434448242 0.326629638671875 -0.054840087890625
0.02239990234375 -0.0568199157714844 -0.31927490234375 -0.000335693359374961
0.003204345703125 -0.0224494934082031 -0.2423095703125 -0.277557373046875
0.0230121612548828 -0.0186653137207031 0.07965087890625 -0.475006103515625
0.0268764495849609 0.0170097351074219 0.538665771484375 -0.358978271484375
0.0106582641601562 0.0648536682128906 0.6683349609375 0.29681396484375
-0.00976562499999999 0.116661071777344 0.26611328125 0.8275146484375
-0.092987060546875 0.2060546875 -0.21478271484375 0.62603759765625
-0.181076049804688 0.186508178710937 0.0357780456542969 0.0676460266113281
-0.138748168945313 0.19287109375 0.4171142578125 -0.56256103515625
-0.00434875488281251 0.146682739257813 -0.042724609375 -0.94964599609375
0.0267181396484375 0.0677223205566406 -0.72686767578125 -0.4271240234375
0.00124669075012207 -0.00215482711791992 -0.61358642578125 0.285888671875
0.0196571350097656 -0.0112209320068359 -0.1737060546875 0.468841552734375
0.00327110290527343 -0.0246620178222656 0.182586669921875 0.255355834960938
-0.000617980957031253 -0.058807373046875 0.2987060546875 -0.021148681640625
0.0235099792480469 -0.0525016784667969 -0.31939697265625 -0.0224914550781251
0.00450325012207031 -0.0161314010620117 -0.190704345703125 -0.30352783203125
0.0271530151367188 -0.0112018585205078 0.195587158203125 -0.4520263671875
0.0206146240234375 0.0262413024902344 0.64727783203125 -0.22027587890625
-0.00800704956054688 0.0660858154296875 0.6007080078125 0.4866943359375
-0.0357437133789063 0.114761352539063 0.07177734375 0.88470458984375
-0.123199462890625 0.194503784179688 -0.281036376953125 0.52752685546875
-0.172073364257812 0.179840087890625 0.1109619140625 -0.027313232421875
-0.104904174804688 0.18487548828125 0.334228515625 -0.67840576171875
0.0145645141601562 0.122901916503906 -0.25640869140625 -0.89593505859375
0.02911376953125 0.0454559326171875 -0.7723388671875 -0.21923828125
-0.00532293319702148 -0.00638151168823242 -0.4949951171875 0.4068603515625
0.011469841003418 -0.0110626220703125 -0.05914306640625 0.481964111328125
-0.00474166870117188 -0.0226459503173828 0.229736328125 0.225387573242188
-0.00346755981445312 -0.0596733093261719 0.300872802734375 -0.040191650390625
0.0266799926757813 -0.0440750122070313 -0.316650390625 -0.040802001953125
0.00808238983154297 -0.0090179443359375 -0.1361083984375 -0.3150634765625
0.0280647277832031 -0.00137138366699219 0.302032470703125 -0.40673828125
0.00910186767578125 0.0300273895263672 0.71661376953125 -0.06292724609375
-0.026824951171875 0.0494537353515625 0.494873046875 0.65350341796875
-0.051177978515625 0.081817626953125 -0.126220703125 0.89520263671875
-0.123046875 0.152938842773438 -0.324249267578125 0.427337646484375
-0.128997802734375 0.147003173828125 0.174423217773438 -0.111892700195312
-0.064178466796875 0.143447875976563 0.23358154296875 -0.75750732421875
0.0208969116210938 0.0809173583984375 -0.42462158203125 -0.8033447265625
0.0216312408447266 0.0248241424560547 -0.76318359375 -0.0348510742187499
-0.0121269226074219 -0.00480937957763672 -0.370758056640625 0.4853515625
0.00716400146484375 -0.00771999359130859 0.046600341796875 0.477783203125
-0.00792694091796875 -0.0174217224121094 0.26971435546875 0.192611694335938
-0.003204345703125 -0.0540351867675781 0.303741455078125 -0.0604248046875
0.0286693572998047 -0.0323162078857422 -0.311279296875 -0.053131103515625
0.0114307403564453 0.000966072082519531 -0.09332275390625 -0.316375732421875
0.0264072418212891 0.0081787109375 0.37701416015625 -0.35443115234375
-0.0010223388671875 0.0260429382324219 0.74310302734375 0.07098388671875
-0.0372695922851562 0.0166015625 0.38079833984375 0.765869140625
-0.0375709533691406 0.0256233215332031 -0.280517578125 0.87432861328125
-0.078460693359375 0.0907363891601562 -0.343475341796875 0.34527587890625
-0.0603256225585938 0.0931243896484375 0.21502685546875 -0.17413330078125
-0.0302352905273438 0.0810012817382813 0.1466064453125 -0.801025390625
0.011871337890625 0.0347690582275391 -0.5283203125 -0.711181640625
0.00577831268310547 0.0109033584594727 -0.72735595703125 0.09283447265625
-0.0135698318481445 0.000713348388671873 -0.26812744140625 0.52716064453125
0.00820493698120117 -0.00301027297973633 0.1224365234375 0.46063232421875
-0.00561904907226562 -0.0093536376953125 0.297607421875 0.165740966796875
0.000793457031249998 -0.0443801879882813 0.307037353515625 -0.074371337890625
0.0302715301513672 -0.0189533233642578 -0.30572509765625 -0.059539794921875
0.0146627426147461 0.00810718536376953 -0.069061279296875 -0.310394287109375
0.0227890014648438 0.0147628784179688 0.413116455078125 -0.316314697265625
-0.00893020629882813 0.0183658599853516 0.7493896484375 0.1451416015625
-0.0367050170898438 -0.0236053466796875 0.3135986328125 0.81951904296875
0.00293731689453125 -0.0410575866699219 -0.363037109375 0.85211181640625
0.00340461730957031 0.021820068359375 -0.354339599609375 0.30072021484375
0.0235881805419922 0.0259227752685547 0.228927612304688 -0.202102661132813
-0.00300025939941406 0.00735712051391602 0.0973510742187499 -0.81304931640625
-0.00653791427612305 -0.00873136520385742 -0.5767822265625 -0.6578369140625
-0.0125360488891602 0.00371646881103516 -0.70147705078125 0.15673828125
-0.0122814178466797 0.00975608825683594 -0.213287353515625 0.541717529296875
0.011540412902832 0.00380516052246094 0.163177490234375 0.451446533203125
-0.00177991390228271 -6.09159469604493E-05 0.31146240234375 0.153717041015625
0.00379180908203125 -0.0293922424316406 0.311767578125 -0.0836181640625
0.032196044921875 -0.00642585754394531 -0.301361083984375 -0.05609130859375
0.0196895599365234 0.0139408111572266 -0.0697021484375 -0.3017578125
0.0228118896484375 0.0205135345458984 0.410247802734375 -0.311614990234375
-0.0136308670043945 0.0113048553466797 0.7457275390625 0.144775390625
-0.0350875854492187 -0.0601463317871094 0.32159423828125 0.819091796875
0.0474090576171875 -0.111343383789063 -0.35723876953125 0.85174560546875
0.0942764282226563 -0.0486297607421875 -0.364105224609375 0.30322265625
0.110328674316406 -0.0433197021484375 0.212890625 -0.195281982421875
0.0228614807128906 -0.0687522888183594 0.09259033203125 -0.8043212890625
-0.0244865417480469 -0.0513381958007813 -0.573974609375 -0.65899658203125
-0.0307159423828125 -0.00181007385253906 -0.70440673828125 0.155029296875
-0.0107269287109375 0.0181941986083984 -0.214141845703125 0.54473876953125
0.017547607421875 0.00888347625732422 0.1644287109375 0.45355224609375
0.00367164611816406 0.00919342041015625 0.31243896484375 0.15625
0.00655937194824219 -0.0128688812255859 0.317291259765625 -0.083892822265625
0.0329093933105469 0.00329971313476563 -0.302703857421875 -0.0477905273437501
0.0248794555664063 0.0163593292236328 -0.093536376953125 -0.295562744140625
0.0239696502685547 0.0241641998291016 0.370269775390625 -0.33880615234375
-0.0159158706665039 0.0102405548095703 0.739990234375 0.06689453125
-0.0409774780273437 -0.0808334350585938 0.40484619140625 0.76318359375
0.065521240234375 -0.172744750976563 -0.2642822265625 0.87689208984375
0.160552978515625 -0.120803833007813 -0.368927001953125 0.351898193359375
0.188812255859375 -0.104400634765625 0.171676635742188 -0.153488159179688
0.0549774169921875 -0.135810852050781 0.13458251953125 -0.7740478515625
-0.0323333740234375 -0.0948257446289062 -0.52178955078125 -0.70953369140625
-0.0465965270996094 -0.0102920532226562 -0.73040771484375 0.0883178710937501
-0.0121402740478516 0.0235919952392578 -0.26800537109375 0.531890869140625
0.0210647583007813 0.0128173828125 0.126373291015625 0.468902587890625
0.00938129425048828 0.0157709121704102 0.302947998046875 0.177703857421875
0.00879383087158203 0.00369453430175781 0.321868896484375 -0.073211669921875
0.0322856903076172 0.0124931335449219 -0.304443359375 -0.033599853515625
0.0314540863037109 0.0161647796630859 -0.136932373046875 -0.287994384765625
0.0292110443115234 0.0257530212402344 0.29058837890625 -0.383056640625
-0.0127677917480469 0.0172996520996094 0.70843505859375 -0.06671142578125
-0.0537872314453125 -0.0797042846679688 0.5250244140625 0.64532470703125
0.047393798828125 -0.211761474609375 -0.0975341796875001 0.89703369140625
0.182998657226563 -0.181625366210938 -0.357513427734375 0.44091796875
0.245452880859375 -0.147979736328125 0.108047485351563 -0.0827713012695313
0.0993804931640625 -0.185211181640625 0.2098388671875 -0.71942138671875
-0.0228042602539062 -0.13568115234375 -0.41107177734375 -0.79449462890625
-0.0563926696777344 -0.0275154113769531 -0.76025390625 -0.0438842773437498
-0.0168170928955078 0.0235538482666016 -0.37005615234375 0.490936279296875
0.0231418609619141 0.0163726806640625 0.05059814453125 0.487640380859375
0.0144138336181641 0.0194110870361328 0.278594970703125 0.21221923828125
0.0119075775146484 0.0151157379150391 0.325286865234375 -0.055328369140625
0.022552490234375 -0.05731201171875 -0.31884765625 0.00183105468750004
0.00308418273925781 -0.0229320526123047 -0.242782592773438 -0.273788452148437
0.0231094360351563 -0.0190639495849609 0.07818603515625 -0.471771240234375
0.0266628265380859 0.0166950225830078 0.53558349609375 -0.35693359375
0.0120697021484375 0.0641670227050781 0.66644287109375 0.29498291015625
-0.00928497314453126 0.116104125976563 0.26513671875 0.82244873046875
-0.092254638671875 0.205093383789063 -0.21441650390625 0.6224365234375
-0.180145263671875 0.184890747070313 0.0348930358886719 0.0678291320800782
-0.137924194335937 0.193191528320313 0.41485595703125 -0.55767822265625
-0.0047454833984375 0.146514892578125 -0.0417480468749999 -0.94384765625
0.0276260375976562 0.0677642822265625 -0.72430419921875 -0.42413330078125
0.00204634666442871 -0.00176703929901123 -0.6087646484375 0.2862548828125
0.0197067260742188 -0.0113544464111328 -0.170440673828125 0.467315673828125
0.00232505798339844 -0.0243625640869141 0.182052612304688 0.25469970703125
-0.00161743164062501 -0.0579147338867188 0.297607421875 -0.0206298828125
0.0237693786621094 -0.0519371032714844 -0.317962646484375 -0.020050048828125
0.00517940521240234 -0.017364501953125 -0.18975830078125 -0.29815673828125
0.0275917053222656 -0.0105571746826172 0.195037841796875 -0.449249267578125
0.0202789306640625 0.0263710021972656 0.642578125 -0.21728515625
-0.00751113891601562 0.0657501220703125 0.5997314453125 0.48370361328125
-0.0358963012695313 0.113494873046875 0.0708618164062499 0.879150390625
-0.121002197265625 0.194839477539063 -0.281158447265625 0.525848388671875
-0.170745849609375 0.17864990234375 0.108810424804687 -0.0262374877929687
-0.104248046875 0.184967041015625 0.330322265625 -0.672607421875
0.0165863037109375 0.121612548828125 -0.254150390625 -0.89093017578125
0.0295524597167969 0.0461387634277344 -0.767822265625 -0.21759033203125
-0.00506210327148437 -0.00590610504150391 -0.49072265625 0.403900146484375
0.0106906890869141 -0.0111331939697266 -0.0562744140625 0.4803466796875
-0.00462532043457031 -0.0217781066894531 0.229141235351563 0.22283935546875
-0.00357818603515625 -0.0587692260742188 0.29901123046875 -0.041839599609375
0.0272064208984375 -0.0430679321289063 -0.3148193359375 -0.037994384765625
0.00743913650512695 -0.00846242904663086 -0.136444091796875 -0.31121826171875
0.0282344818115234 -0.00249862670898438 0.299102783203125 -0.403472900390625
0.0106563568115234 0.0294017791748047 0.710693359375 -0.06365966796875
-0.0262794494628906 0.048309326171875 0.49444580078125 0.6500244140625
-0.0500640869140625 0.0811386108398438 -0.12579345703125 0.89105224609375
-0.120864868164063 0.152862548828125 -0.323516845703125 0.425262451171875
-0.128738403320313 0.146621704101563 0.171356201171875 -0.11126708984375
-0.06317138671875 0.1431884765625 0.23260498046875 -0.754150390625
0.02154541015625 0.0820999145507813 -0.4217529296875 -0.79840087890625
0.0221500396728516 0.0242519378662109 -0.75775146484375 -0.03485107421875
-0.0115766525268555 -0.00532150268554688 -0.36724853515625 0.481231689453125
0.00627279281616211 -0.00786685943603516 0.04815673828125 0.473663330078125
-0.0072021484375 -0.0174989700317383 0.269332885742188 0.191070556640625
-0.00221633911132812 -0.0534324645996094 0.30218505859375 -0.060302734375
0.0282363891601563 -0.0324077606201172 -0.309478759765625 -0.0509033203125
0.0119705200195313 0.00135231018066406 -0.09368896484375 -0.3121337890625
0.0270481109619141 0.00783348083496094 0.3740234375 -0.351593017578125
0.000396728515625001 0.0259304046630859 0.74029541015625 0.06976318359375
-0.0374336242675781 0.0167655944824219 0.38262939453125 0.7620849609375
-0.0370254516601563 0.025238037109375 -0.278564453125 0.86993408203125
-0.0781326293945313 0.0909576416015625 -0.342498779296875 0.342742919921875
-0.0600128173828125 0.0924224853515625 0.21319580078125 -0.171188354492187
-0.0286026000976563 0.0803909301757813 0.14599609375 -0.7950439453125
0.0128211975097656 0.0351638793945313 -0.5255126953125 -0.7081298828125
0.00582504272460937 0.00979423522949219 -0.7235107421875 0.093505859375
-0.01318359375 0.0016632080078125 -0.264892578125 0.5230712890625
0.00773525238037109 -0.00279092788696289 0.124969482421875 0.458282470703125
-0.00661945343017578 -0.00962638854980469 0.295623779296875 0.16571044921875
-0.000297546386718748 -0.0430984497070313 0.305450439453125 -0.076416015625
0.029876708984375 -0.0191574096679687 -0.30450439453125 -0.0567321777343749
0.0156984329223633 0.00783252716064453 -0.06976318359375 -0.30743408203125
0.0238323211669922 0.0152511596679688 0.41192626953125 -0.3154296875
-0.00815105438232422 0.0170383453369141 0.74462890625 0.14324951171875
-0.03704833984375 -0.0228805541992188 0.3148193359375 0.8143310546875
0.00235748291015625 -0.0412216186523438 -0.360595703125 0.84820556640625
0.00276565551757813 0.0224838256835938 -0.353668212890625 0.29864501953125
0.0236644744873047 0.0261898040771484 0.2264404296875 -0.20025634765625
-0.00192165374755859 0.00653648376464844 0.0961914062499999 -0.80810546875
-0.00610828399658203 -0.0096893310546875 -0.5726318359375 -0.6531982421875
-0.0132303237915039 0.00357723236083985 -0.698974609375 0.15631103515625
-0.0127649307250977 0.0100269317626953 -0.210235595703125 0.53936767578125
0.0124330520629883 0.00358200073242188 0.16302490234375 0.44769287109375
-0.00221109390258789 -0.000204324722290039 0.310028076171875 0.1524658203125
0.00191116333007812 -0.0285511016845703 0.31011962890625 -0.084625244140625
0.0322418212890625 -0.00782394409179688 -0.301116943359375 -0.0545349121093751
0.019073486328125 0.0139331817626953 -0.069580078125 -0.299896240234375
0.0231609344482422 0.0196857452392578 0.409454345703125 -0.310546875
-0.012486457824707 0.0113000869750977 0.7442626953125 0.14166259765625
-0.0348548889160156 -0.0602378845214844 0.3187255859375 0.8138427734375
0.0457229614257813 -0.109519958496094 -0.35662841796875 0.847900390625
0.0936279296875 -0.0476226806640625 -0.36083984375 0.301483154296875
0.110969543457031 -0.0431594848632812 0.211288452148438 -0.191970825195313
0.0232810974121094 -0.0665626525878906 0.0943603515624999 -0.7972412109375
-0.0241813659667969 -0.0514984130859375 -0.5706787109375 -0.6539306640625
-0.0305404663085938 -0.00173187255859375 -0.69854736328125 0.154541015625
-0.0110397338867187 0.0183544158935547 -0.211395263671875 0.541046142578125
0.017085075378418 0.00810527801513672 0.16546630859375 0.449920654296875
0.00347185134887695 0.00794792175292969 0.31146240234375 0.155059814453125
0.00591087341308594 -0.0110006332397461 0.315155029296875 -0.084197998046875
0.0328216552734375 0.00448036193847656 -0.300537109375 -0.044830322265625
0.0244617462158203 0.0160846710205078 -0.09271240234375 -0.292724609375
0.0248889923095703 0.0230350494384766 0.36724853515625 -0.337310791015625
-0.0157032012939453 0.0100440979003906 0.735595703125 0.0655517578125
-0.0412521362304688 -0.0810089111328125 0.4041748046875 0.7579345703125
0.0648345947265625 -0.170974731445313 -0.2615966796875 0.87164306640625
0.160400390625 -0.11968994140625 -0.367584228515625 0.35040283203125
0.188430786132812 -0.103988647460937 0.1689453125 -0.15240478515625
0.0556793212890625 -0.134803771972656 0.13262939453125 -0.767822265625
-0.0322723388671875 -0.093902587890625 -0.5179443359375 -0.7054443359375
-0.0479278564453125 -0.00986099243164062 -0.725341796875 0.08758544921875
-0.0115776062011719 0.0237464904785156 -0.265838623046875 0.529693603515625
0.0205821990966797 0.0130672454833984 0.126312255859375 0.46539306640625
0.00977611541748047 0.0151605606079102 0.302154541015625 0.17578125
0.00971698760986328 0.00383949279785156 0.320159912109375 -0.073455810546875
0.0312137603759766 0.0123214721679688 -0.302490234375 -0.032012939453125
0.0300846099853516 0.0157394409179688 -0.135467529296875 -0.284149169921875
0.0286617279052734 0.0246143341064453 0.2896728515625 -0.382904052734375
-0.0126180648803711 0.0166511535644531 0.70379638671875 -0.0670166015625
-0.0535888671875 -0.079254150390625 0.5223388671875 0.6416015625
0.04571533203125 -0.209854125976563 -0.09698486328125 0.89166259765625
0.181411743164063 -0.1800537109375 -0.354522705078125 0.438629150390625
0.245269775390625 -0.146591186523438 0.106544494628906 -0.0821685791015625
0.099273681640625 -0.183975219726563 0.20904541015625 -0.71307373046875
-0.0223541259765625 -0.135566711425781 -0.40771484375 -0.78912353515625
-0.0556831359863281 -0.0273818969726562 -0.75567626953125 -0.0424194335937501
-0.0158023834228516 0.0249767303466797 -0.365234375 0.48895263671875
0.0240745544433594 0.015045166015625 0.05096435546875 0.4835205078125
0.0141830444335938 0.0190677642822266 0.2786865234375 0.20916748046875
0.0115213394165039 0.0164041519165039 0.323028564453125 -0.05609130859375
0.0220146179199219 -0.0590782165527344 -0.317626953125 0.00247192382812504
0.00387954711914063 -0.0217571258544922 -0.241348266601563 -0.272064208984375
0.0236587524414063 -0.0185699462890625 0.076202392578125 -0.467529296875
0.0276527404785156 0.0180950164794922 0.533935546875 -0.354248046875
0.01165771484375 0.0645484924316406 0.66314697265625 0.295166015625
-0.00997161865234375 0.115577697753906 0.2623291015625 0.8206787109375
-0.0917510986328125 0.204071044921875 -0.21319580078125 0.6187744140625
-0.178604125976563 0.185256958007813 0.0339813232421875 0.0677070617675781
-0.136978149414062 0.193283081054688 0.4127197265625 -0.55584716796875
-0.00424194335937499 0.144943237304688 -0.0411376953125001 -0.94158935546875
0.0266609191894531 0.0668296813964844 -0.7208251953125 -0.42333984375
0.00156915187835693 -0.000742197036743164 -0.60418701171875 0.28460693359375
0.0187187194824219 -0.0120811462402344 -0.168365478515625 0.46441650390625
0.00362014770507813 -0.0241508483886719 0.18072509765625 0.2523193359375
-0.002685546875 -0.0571174621582031 0.29705810546875 -0.021240234375
0.0232810974121094 -0.0532913208007813 -0.316741943359375 -0.018707275390625
0.0053558349609375 -0.0162363052368164 -0.190338134765625 -0.296630859375
0.0280628204345703 -0.0113182067871094 0.193878173828125 -0.44537353515625
0.0211753845214844 0.0264606475830078 0.64251708984375 -0.2177734375
-0.00654220581054687 0.0652236938476563 0.597900390625 0.4835205078125
-0.0355606079101562 0.1121826171875 0.0698242187500001 0.87628173828125
-0.121551513671875 0.193588256835938 -0.279815673828125 0.523590087890625
-0.1688232421875 0.178207397460938 0.10919189453125 -0.0257644653320312
-0.102325439453125 0.184188842773438 0.32867431640625 -0.66949462890625
0.015045166015625 0.120925903320313 -0.2529296875 -0.886962890625
0.0283203125 0.0455093383789063 -0.7633056640625 -0.21630859375
-0.00551080703735352 -0.00540351867675781 -0.48822021484375 0.401702880859375
0.011408805847168 -0.0121650695800781 -0.053680419921875 0.477020263671875
-0.00390243530273438 -0.0220451354980469 0.229568481445312 0.221878051757812
-0.00447463989257812 -0.0578689575195313 0.298858642578125 -0.04083251953125
0.025115966796875 -0.0438079833984375 -0.314239501953125 -0.037078857421875
0.00931739807128906 -0.00934410095214844 -0.136993408203125 -0.308746337890625
0.0281658172607422 -0.00217628479003906 0.298797607421875 -0.402618408203125
0.0111961364746094 0.0297889709472656 0.70965576171875 -0.06201171875
-0.0258712768554687 0.0487213134765625 0.49224853515625 0.64801025390625
-0.0502166748046875 0.0809860229492188 -0.1246337890625 0.887939453125
-0.12127685546875 0.151718139648438 -0.323150634765625 0.4234619140625
-0.125595092773437 0.14581298828125 0.170913696289063 -0.109222412109375
-0.061981201171875 0.143585205078125 0.232666015625 -0.7484130859375
0.0224456787109375 0.0812911987304687 -0.41961669921875 -0.79638671875
0.0200557708740234 0.0247783660888672 -0.75347900390625 -0.0340576171874998
-0.0121021270751953 -0.00442409515380859 -0.365234375 0.479827880859375
0.00748300552368164 -0.00838613510131836 0.04864501953125 0.4710693359375
-0.00725936889648438 -0.0175876617431641 0.268539428710938 0.189865112304688
-0.00389862060546875 -0.0528411865234375 0.3001708984375 -0.061370849609375
0.0278453826904297 -0.0342826843261719 -0.309173583984375 -0.04913330078125
0.0113735198974609 0.00067901611328125 -0.094085693359375 -0.309173583984375
0.0266170501708984 0.00665092468261719 0.37384033203125 -0.34954833984375
0.000514984130859374 0.0256710052490234 0.7371826171875 0.069580078125
-0.0363044738769531 0.0168800354003906 0.3812255859375 0.75994873046875
-0.0377311706542969 0.0252723693847656 -0.278076171875 0.8660888671875
-0.0780868530273437 0.0909194946289063 -0.342437744140625 0.341217041015625
-0.0601959228515625 0.0919036865234375 0.211166381835938 -0.1702880859375
-0.0291748046875 0.0804672241210937 0.14495849609375 -0.79107666015625
0.0129604339599609 0.0349063873291016 -0.5224609375 -0.7061767578125
0.0057373046875 0.0108480453491211 -0.72052001953125 0.0920410156249999
-0.0140304565429688 0.00212860107421875 -0.264190673828125 0.52081298828125
0.00747489929199219 -0.00348186492919922 0.1256103515625 0.4556884765625
-0.00631046295166016 -0.009765625 0.294097900390625 0.165130615234375
-0.00135040283203125 -0.0427322387695313 0.304656982421875 -0.07513427734375
0.0293083190917969 -0.0207157135009766 -0.303375244140625 -0.054473876953125
0.0143098831176758 0.00794124603271484 -0.070159912109375 -0.30352783203125
0.0246410369873047 0.0140228271484375 0.409912109375 -0.31341552734375
-0.00776958465576172 0.0160245895385742 0.7427978515625 0.1422119140625
-0.0366058349609375 -0.0239295959472656 0.31317138671875 0.81195068359375
0.0019683837890625 -0.0411720275878906 -0.36016845703125 0.8455810546875
0.00293540954589844 0.0231704711914063 -0.35198974609375 0.297271728515625
0.0244884490966797 0.02606201171875 0.224868774414063 -0.198638916015625
-0.00150918960571289 0.00772714614868164 0.09613037109375 -0.80352783203125
-0.00610923767089844 -0.00807476043701172 -0.57098388671875 -0.6517333984375
-0.0124473571777344 0.0040130615234375 -0.69659423828125 0.15460205078125
-0.0116453170776367 0.0107851028442383 -0.2099609375 0.5347900390625
0.0122032165527344 0.00232410430908203 0.163482666015625 0.44482421875
-0.002166748046875 -4.74452972412113E-05 0.308868408203125 0.149627685546875
0.00148963928222656 -0.0281600952148438 0.31024169921875 -0.08477783203125
0.0310001373291016 -0.00770950317382813 -0.30023193359375 -0.0516357421875001
0.0192489624023438 0.0123500823974609 -0.070037841796875 -0.29693603515625
0.0224876403808594 0.01922607421875 0.408233642578125 -0.308349609375
-0.0130453109741211 0.00945949554443359 0.7396240234375 0.14105224609375
-0.0351715087890625 -0.0598678588867187 0.3194580078125 0.81158447265625
0.0455474853515625 -0.108802795410156 -0.3541259765625 0.84527587890625
0.0933151245117188 -0.0483779907226563 -0.36175537109375 0.300018310546875
0.110885620117187 -0.0433807373046875 0.2088623046875 -0.191421508789063
0.0244216918945312 -0.0666923522949219 0.093505859375 -0.7943115234375
-0.0236244201660156 -0.0515098571777344 -0.56793212890625 -0.65216064453125
-0.0314350128173828 -0.000995635986328129 -0.6962890625 0.1517333984375
-0.00976943969726563 0.0178184509277344 -0.210479736328125 0.53948974609375
0.0172414779663086 0.00766468048095703 0.16546630859375 0.447509765625
0.00404548645019531 0.00939369201660156 0.310577392578125 0.153717041015625
0.0048065185546875 -0.0101833343505859 0.314056396484375 -0.08447265625
0.0315227508544922 0.00364875793457031 -0.300628662109375 -0.04278564453125
0.0241184234619141 0.0166168212890625 -0.093414306640625 -0.290496826171875
0.0247154235839844 0.0223941802978516 0.367645263671875 -0.33685302734375
-0.0148811340332031 0.00855064392089844 0.7332763671875 0.06414794921875
-0.0403823852539062 -0.0811538696289062 0.40386962890625 0.75689697265625
0.064727783203125 -0.169952392578125 -0.2606201171875 0.86834716796875
0.160110473632812 -0.11822509765625 -0.3673095703125 0.34979248046875
0.187515258789063 -0.102813720703125 0.16796875 -0.149459838867187
0.05572509765625 -0.133956909179688 0.13336181640625 -0.7646484375
-0.0322723388671875 -0.094573974609375 -0.5179443359375 -0.7022705078125
-0.0468559265136719 -0.00945663452148438 -0.7244873046875 0.0871582031249999
-0.0110549926757812 0.0242805480957031 -0.263702392578125 0.5274658203125
0.0207881927490234 0.0121002197265625 0.126739501953125 0.462615966796875
0.00911521911621094 0.0152111053466797 0.300933837890625 0.175079345703125
0.00908946990966797 0.00483798980712891 0.319183349609375 -0.073638916015625
0.0314426422119141 0.0116348266601563 -0.302276611328125 -0.0305786132812501
0.0307598114013672 0.0164394378662109 -0.135223388671875 -0.2816162109375
0.0298023223876953 0.0244712829589844 0.28826904296875 -0.3792724609375
-0.0118570327758789 0.0164051055908203 0.7021484375 -0.06707763671875
-0.0529022216796875 -0.0790939331054688 0.52117919921875 0.639892578125
0.0458526611328125 -0.208892822265625 -0.0977172851562499 0.8868408203125
0.180801391601563 -0.178390502929688 -0.354583740234375 0.4359130859375
0.244857788085938 -0.145919799804688 0.106605529785156 -0.0791168212890625
0.099700927734375 -0.184463500976563 0.20733642578125 -0.71002197265625
-0.0214309692382812 -0.134796142578125 -0.40655517578125 -0.78729248046875
-0.0552635192871094 -0.0276832580566406 -0.75213623046875 -0.0426025390625
-0.0156688690185547 0.0258617401123047 -0.3638916015625 0.48583984375
0.0236606597900391 0.0154075622558594 0.05218505859375 0.480926513671875
0.0149688720703125 0.0187606811523438 0.276596069335938 0.20916748046875
0.0113515853881836 0.0163307189941406 0.3216552734375 -0.055816650390625
0.0219841003417969 -0.0583763122558594 -0.31646728515625 0.00393676757812506
0.00408554077148438 -0.0241069793701172 -0.242965698242187 -0.26751708984375
0.0244331359863281 -0.019256591796875 0.076141357421875 -0.465606689453125
0.0276374816894531 0.0176124572753906 0.533050537109375 -0.3541259765625
0.0117835998535156 0.0638809204101563 0.66064453125 0.2965087890625
-0.0107269287109375 0.114814758300781 0.26171875 0.819580078125
-0.0916900634765625 0.204696655273438 -0.21429443359375 0.617431640625
-0.178268432617188 0.183792114257813 0.0328369140625 0.06732177734375
-0.137222290039062 0.194229125976563 0.411651611328125 -0.5537109375
-0.0045013427734375 0.144363403320313 -0.0382080078125 -0.9398193359375
0.0263214111328125 0.06732177734375 -0.7191162109375 -0.42218017578125
0.0014878511428833 -2.72989273071289E-05 -0.6038818359375 0.283203125
0.0192050933837891 -0.0122261047363281 -0.168975830078125 0.46234130859375
0.00242042541503907 -0.024810791015625 0.180694580078125 0.252212524414063
-0.00308227539062501 -0.0576972961425781 0.296051025390625 -0.021881103515625
0.0230331420898438 -0.0544166564941406 -0.316650390625 -0.0181884765625001
0.00516033172607422 -0.0167484283447266 -0.190277099609375 -0.294464111328125
0.0277900695800781 -0.0117969512939453 0.19317626953125 -0.443603515625
0.0222244262695313 0.0255126953125 0.6395263671875 -0.21612548828125
-0.00738906860351563 0.0643234252929688 0.59735107421875 0.4840087890625
-0.0358963012695312 0.112106323242188 0.070556640625 0.872802734375
-0.121597290039063 0.193954467773438 -0.27978515625 0.521331787109375
-0.168960571289062 0.177658081054688 0.107620239257812 -0.0245590209960937
-0.101974487304687 0.184051513671875 0.3277587890625 -0.6668701171875
0.0158004760742188 0.120864868164063 -0.25128173828125 -0.8873291015625
0.0284423828125 0.046173095703125 -0.75982666015625 -0.2171630859375
-0.00661325454711914 -0.00470209121704102 -0.485595703125 0.40118408203125
0.0118560791015625 -0.0107336044311523 -0.053802490234375 0.4759521484375
-0.00471115112304688 -0.0234050750732422 0.228179931640625 0.221633911132813
-0.0054779052734375 -0.0573806762695312 0.29840087890625 -0.042266845703125
0.0256118774414062 -0.0456886291503906 -0.3128662109375 -0.035247802734375
0.008636474609375 -0.00890827178955078 -0.137359619140625 -0.306121826171875
0.0286369323730469 -0.00193977355957031 0.2984619140625 -0.400665283203125
0.0118789672851563 0.0291175842285156 0.70782470703125 -0.061279296875
-0.0253524780273437 0.0484352111816406 0.4921875 0.646484375
-0.050048828125 0.0800704956054688 -0.12628173828125 0.885986328125
-0.1207275390625 0.151870727539062 -0.3236083984375 0.42266845703125
-0.126358032226562 0.144515991210938 0.170501708984375 -0.107742309570313
-0.062530517578125 0.144393920898438 0.23046875 -0.74755859375
0.0221023559570313 0.0810165405273438 -0.417724609375 -0.79400634765625
0.0210857391357422 0.0243396759033203 -0.75225830078125 -0.0354614257812501
-0.0123720169067383 -0.00438308715820313 -0.36358642578125 0.478668212890625
0.00663471221923828 -0.00789642333984375 0.049041748046875 0.468780517578125
-0.00805473327636719 -0.0177116394042969 0.267059326171875 0.188812255859375
-0.0045013427734375 -0.0520858764648438 0.300811767578125 -0.0615234375
0.0271968841552734 -0.0348548889160156 -0.30877685546875 -0.0473937988281251
0.0117340087890625 0.000392913818359375 -0.093719482421875 -0.30712890625
0.0270195007324219 0.0063323974609375 0.372650146484375 -0.347991943359375
0.000597000122070314 0.0251579284667969 0.73583984375 0.06793212890625
-0.0358238220214844 0.0171585083007813 0.38031005859375 0.75665283203125
-0.0373725891113281 0.0258369445800781 -0.279296875 0.864013671875
-0.0773544311523437 0.0914840698242188 -0.34222412109375 0.339935302734375
-0.0586318969726563 0.0918426513671875 0.2093505859375 -0.168121337890625
-0.0279159545898438 0.081573486328125 0.14599609375 -0.78863525390625
0.0132942199707031 0.035308837890625 -0.52154541015625 -0.70550537109375
0.00555133819580078 0.0100135803222656 -0.7181396484375 0.0901489257812499
-0.0138826370239258 0.00295734405517578 -0.263153076171875 0.5184326171875
0.00745725631713867 -0.00244331359863281 0.124786376953125 0.4530029296875
-0.00620174407958984 -0.00939273834228516 0.293182373046875 0.163970947265625
-0.00209426879882812 -0.0419158935546875 0.30474853515625 -0.076080322265625
0.0292816162109375 -0.0202369689941406 -0.303436279296875 -0.053558349609375
0.0144205093383789 0.00819301605224609 -0.06976318359375 -0.301605224609375
0.0242099761962891 0.0135822296142578 0.409820556640625 -0.312255859375
-0.00660896301269531 0.0164041519165039 0.74114990234375 0.140625
-0.0365104675292969 -0.0238990783691406 0.31134033203125 0.81072998046875
0.00203704833984375 -0.0401840209960938 -0.3604736328125 0.84033203125
0.00286865234375 0.0236663818359375 -0.352813720703125 0.297088623046875
0.0236892700195313 0.0261955261230469 0.223983764648437 -0.196090698242187
0.000275611877441407 0.00832653045654297 0.09698486328125 -0.8004150390625
-0.00536394119262695 -0.00844144821166992 -0.5684814453125 -0.65032958984375
-0.0132112503051758 0.00373554229736328 -0.694580078125 0.15264892578125
-0.0129117965698242 0.0119647979736328 -0.209503173828125 0.535247802734375
0.0117511749267578 0.00314617156982422 0.164276123046875 0.44378662109375
-0.00212001800537109 -9.53674316406418E-07 0.308013916015625 0.14984130859375
0.00120162963867188 -0.0272750854492188 0.308868408203125 -0.0850830078125
0.0297603607177734 -0.00847434997558594 -0.30108642578125 -0.0501708984375
0.0176544189453125 0.0139942169189453 -0.068939208984375 -0.2943115234375
0.0230903625488281 0.0182723999023438 0.40814208984375 -0.30767822265625
-0.011723518371582 0.00893402099609375 0.7386474609375 0.1407470703125
-0.0346908569335938 -0.0588760375976562 0.31646728515625 0.80810546875
0.0449600219726562 -0.108894348144531 -0.35443115234375 0.84210205078125
0.0935821533203125 -0.0459136962890625 -0.3609619140625 0.299896240234375
0.110527038574219 -0.0414886474609375 0.20745849609375 -0.189926147460937
0.0253067016601562 -0.0672035217285156 0.0939331054687499 -0.79107666015625
-0.0230331420898438 -0.0507545471191406 -0.56707763671875 -0.6513671875
-0.03057861328125 -0.000682830810546879 -0.69464111328125 0.1513671875
-0.0104427337646484 0.0188980102539063 -0.210296630859375 0.537139892578125
0.0164775848388672 0.00846004486083984 0.165069580078125 0.4454345703125
0.00324821472167969 0.0095224380493164 0.3096923828125 0.15545654296875
0.00470066070556641 -0.00943946838378906 0.313262939453125 -0.084197998046875
0.0319900512695313 0.00452804565429688 -0.29931640625 -0.04248046875
0.0244274139404297 0.0161724090576172 -0.092315673828125 -0.2882080078125
0.0244388580322266 0.0221023559570312 0.3673095703125 -0.33416748046875
-0.0136871337890625 0.00886249542236328 0.73114013671875 0.063720703125
-0.0397796630859375 -0.0808639526367188 0.4005126953125 0.754638671875
0.0638580322265625 -0.170318603515625 -0.26116943359375 0.8656005859375
0.159957885742188 -0.11785888671875 -0.36566162109375 0.348541259765625
0.188400268554688 -0.101699829101563 0.166427612304688 -0.14886474609375
0.0577621459960937 -0.134323120117188 0.13421630859375 -0.76177978515625
-0.0310821533203125 -0.0945510864257813 -0.51458740234375 -0.70233154296875
-0.0458221435546875 -0.0107803344726563 -0.72265625 0.0864868164062502
-0.0113811492919922 0.0244331359863281 -0.2626953125 0.524322509765625
0.0211982727050781 0.0124740600585938 0.127166748046875 0.46087646484375
0.00911331176757813 0.0157985687255859 0.3013916015625 0.174346923828125
0.00796175003051758 0.0057530403137207 0.316864013671875 -0.07427978515625
0.0309238433837891 0.0112190246582031 -0.30194091796875 -0.028594970703125
0.0301017761230469 0.0156078338623047 -0.134490966796875 -0.279022216796875
0.0289993286132812 0.0229110717773437 0.2891845703125 -0.378021240234375
-0.0106945037841797 0.0143890380859375 0.7012939453125 -0.06842041015625
-0.0531997680664062 -0.0793228149414063 0.52008056640625 0.637939453125
0.04425048828125 -0.207595825195313 -0.0974121093750001 0.8851318359375
0.181625366210938 -0.178268432617188 -0.353424072265625 0.434539794921875
0.245040893554687 -0.144729614257813 0.105575561523438 -0.0786285400390625
0.0994720458984375 -0.183349609375 0.20819091796875 -0.70587158203125
-0.0220794677734375 -0.134292602539063 -0.40478515625 -0.78564453125
-0.0552215576171875 -0.0263595581054687 -0.75006103515625 -0.0449829101562499
-0.015899658203125 0.0252399444580078 -0.3634033203125 0.484039306640625
0.0230979919433594 0.0146999359130859 0.051239013671875 0.4783935546875
0.0140190124511719 0.0197429656982422 0.275177001953125 0.208389282226562
0.0103578567504883 0.0175304412841797 0.32110595703125 -0.0567626953125
0.0218009948730469 -0.0602073669433594 -0.316192626953125 0.00469970703125
0.0035858154296875 -0.0244216918945313 -0.242507934570313 -0.266815185546875
0.0246524810791016 -0.0191555023193359 0.07672119140625 -0.464752197265625
0.0285015106201172 0.017547607421875 0.532623291015625 -0.352264404296875
0.0125198364257813 0.0646018981933594 0.66082763671875 0.29815673828125
-0.0114898681640625 0.114715576171875 0.259765625 0.8173828125
-0.092041015625 0.203262329101563 -0.21636962890625 0.61639404296875
-0.17840576171875 0.18328857421875 0.0327644348144531 0.0672531127929688
-0.137191772460937 0.19305419921875 0.413238525390625 -0.551116943359375
-0.00408935546875001 0.144851684570313 -0.0371704101562501 -0.9384765625
0.0267524719238281 0.0677108764648438 -0.71551513671875 -0.4232177734375
0.00139641761779785 0.000428080558776855 -0.60260009765625 0.2843017578125
0.0182819366455078 -0.0127410888671875 -0.167236328125 0.46136474609375
0.00254058837890625 -0.0244045257568359 0.180709838867188 0.251419067382813
-0.00396728515625 -0.0560379028320312 0.29595947265625 -0.021881103515625
0.0237083435058594 -0.055694580078125 -0.31695556640625 -0.0169677734375
0.00514984130859375 -0.0177364349365234 -0.191925048828125 -0.29205322265625
0.0277385711669922 -0.0111179351806641 0.193389892578125 -0.441131591796875
0.0220394134521484 0.0260257720947266 0.63818359375 -0.21514892578125
-0.00672149658203125 0.0641212463378906 0.5968017578125 0.48480224609375
-0.0362396240234375 0.1123046875 0.0667724609375 0.8734130859375
-0.12164306640625 0.19366455078125 -0.2811279296875 0.52001953125
-0.167877197265625 0.176742553710938 0.106033325195312 -0.0235671997070312
-0.102264404296875 0.185211181640625 0.3291015625 -0.6654052734375
0.0167388916015625 0.122016906738281 -0.24884033203125 -0.8865966796875
0.0295867919921875 0.0459556579589844 -0.75946044921875 -0.21881103515625
-0.00708675384521484 -0.00435876846313476 -0.48614501953125 0.4002685546875
0.0115413665771484 -0.0120725631713867 -0.0523376464843751 0.473846435546875
-0.00508308410644531 -0.0231571197509766 0.227737426757813 0.22137451171875
-0.005126953125 -0.0562553405761719 0.298583984375 -0.042236328125
0.0246124267578125 -0.045379638671875 -0.313873291015625 -0.033538818359375
0.0084543228149414 -0.00896835327148438 -0.137969970703125 -0.304656982421875
0.0289478302001953 -0.00323295593261719 0.2972412109375 -0.397491455078125
0.0121536254882812 0.0287017822265625 0.7076416015625 -0.06365966796875
-0.0257453918457031 0.048248291015625 0.48907470703125 0.64703369140625
-0.0509719848632812 0.0803146362304688 -0.12725830078125 0.88446044921875
-0.120880126953125 0.151809692382813 -0.32366943359375 0.422821044921875
-0.126785278320313 0.144119262695313 0.168701171875 -0.106231689453125
-0.0618743896484375 0.144760131835938 0.23297119140625 -0.74542236328125
0.0223541259765625 0.0813140869140625 -0.41302490234375 -0.7955322265625
0.0200996398925781 0.0251560211181641 -0.75250244140625 -0.0375366210937502
-0.0128059387207031 -0.0029764175415039 -0.36407470703125 0.477691650390625
0.00703859329223633 -0.00831270217895508 0.0482177734375 0.46820068359375
-0.0076751708984375 -0.0172281265258789 0.267486572265625 0.189498901367188
-0.0049285888671875 -0.0521202087402344 0.301849365234375 -0.06121826171875
0.0274944305419922 -0.0349578857421875 -0.30804443359375 -0.0463562011718749
0.0114946365356445 -0.000443458557128906 -0.093963623046875 -0.304473876953125
0.0272464752197266 0.00629806518554688 0.373779296875 -0.3465576171875
0.00200271606445312 0.0242023468017578 0.7362060546875 0.06939697265625
-0.0368270874023437 0.0159835815429687 0.3775634765625 0.75885009765625
-0.03863525390625 0.0254707336425781 -0.28094482421875 0.862060546875
-0.0773391723632812 0.0908660888671875 -0.34283447265625 0.339202880859375
-0.0591964721679688 0.0919342041015625 0.209121704101563 -0.166839599609375
-0.0274887084960938 0.0820236206054687 0.14727783203125 -0.7862548828125
0.0128173828125 0.0344791412353516 -0.517822265625 -0.70538330078125
0.00605010986328125 0.0110044479370117 -0.71923828125 0.0889282226562501
-0.0138263702392578 0.00274467468261719 -0.263916015625 0.517822265625
0.00763416290283203 -0.00274419784545898 0.125518798828125 0.4515380859375
-0.00694751739501953 -0.00952720642089844 0.29302978515625 0.16363525390625
-0.00231170654296875 -0.0417976379394531 0.305450439453125 -0.076812744140625
0.0278778076171875 -0.0203666687011719 -0.302947998046875 -0.051025390625
0.0139102935791016 0.00788688659667969 -0.068939208984375 -0.2991943359375
0.0238914489746094 0.0118427276611328 0.410888671875 -0.3111572265625
-0.00601387023925781 0.0155544281005859 0.74066162109375 0.14251708984375
-0.0366592407226563 -0.0228004455566406 0.3106689453125 0.80902099609375
0.00118637084960937 -0.0401268005371094 -0.3607177734375 0.83746337890625
0.00322151184082031 0.0237636566162109 -0.352294921875 0.295745849609375
0.0235042572021484 0.0268325805664062 0.221694946289063 -0.19439697265625
-0.00037860870361328 0.00923824310302734 0.0982666015624999 -0.7994384765625
-0.00490283966064453 -0.00914192199707031 -0.567138671875 -0.65289306640625
-0.0118532180786133 0.00468635559082031 -0.69378662109375 0.1507568359375
-0.0122756958007812 0.0122766494750977 -0.20867919921875 0.53497314453125
0.0119619369506836 0.00287914276123047 0.164306640625 0.441314697265625
-0.00254487991333008 0.000482559204101563 0.307403564453125 0.150360107421875
0.00152587890625 -0.0265083312988281 0.308807373046875 -0.084991455078125
0.028839111328125 -0.00803947448730469 -0.30023193359375 -0.049041748046875
0.018157958984375 0.0138320922851563 -0.06854248046875 -0.291900634765625
0.0229530334472656 0.0181064605712891 0.407318115234375 -0.306884765625
-0.0114898681640625 0.00778770446777344 0.73760986328125 0.14019775390625
-0.0362434387207031 -0.0604019165039063 0.316162109375 0.80828857421875
0.0446929931640625 -0.10845947265625 -0.35650634765625 0.8382568359375
0.0936737060546875 -0.0461807250976563 -0.36138916015625 0.2979736328125
0.111366271972656 -0.04193115234375 0.208404541015625 -0.186416625976563
0.0258903503417969 -0.06585693359375 0.09539794921875 -0.7890625
-0.0228385925292969 -0.0508689880371094 -0.56475830078125 -0.65252685546875
-0.0309524536132812 -0.000482559204101562 -0.695556640625 0.149658203125
-0.0104808807373047 0.0193061828613281 -0.208587646484375 0.536102294921875
0.0160512924194336 0.00773525238037109 0.166229248046875 0.4456787109375
0.00337123870849609 0.00901222229003906 0.310028076171875 0.1539306640625
0.00548648834228516 -0.00880146026611328 0.31396484375 -0.085052490234375
0.0302162170410156 0.00372886657714844 -0.300933837890625 -0.040740966796875
0.0226669311523438 0.0162563323974609 -0.0911865234375 -0.286407470703125
0.024566650390625 0.0222759246826172 0.369110107421875 -0.33441162109375
-0.0135431289672852 0.00732612609863281 0.73223876953125 0.0645751953125
-0.0403366088867188 -0.0803909301757813 0.39910888671875 0.75469970703125
0.0631561279296875 -0.169647216796875 -0.2635498046875 0.86346435546875
0.15948486328125 -0.117401123046875 -0.3668212890625 0.3465576171875
0.187469482421875 -0.101608276367187 0.16607666015625 -0.146697998046875
0.0586700439453125 -0.132591247558594 0.1356201171875 -0.75958251953125
-0.0307998657226562 -0.0933837890625 -0.51336669921875 -0.70355224609375
-0.0459556579589844 -0.0098419189453125 -0.72100830078125 0.08441162109375
-0.0115184783935547 0.0244522094726563 -0.262664794921875 0.52410888671875
0.021453857421875 0.0130424499511719 0.127410888671875 0.460235595703125
0.00894832611083985 0.015838623046875 0.299652099609375 0.17578125
0.00830984115600586 0.00653696060180664 0.318084716796875 -0.0748291015625
0.0308189392089844 0.0109329223632812 -0.303009033203125 -0.028076171875
0.0285186767578125 0.0162525177001953 -0.133956909179687 -0.278518676757813
0.029815673828125 0.0228424072265625 0.2900390625 -0.37725830078125
-0.0113792419433594 0.0136260986328125 0.700927734375 -0.06744384765625
-0.0530929565429688 -0.0784683227539063 0.52020263671875 0.636962890625
0.0439300537109375 -0.208358764648438 -0.0992431640625001 0.88311767578125
0.18212890625 -0.177230834960938 -0.35516357421875 0.43426513671875
0.244888305664063 -0.144119262695313 0.104736328125 -0.076812744140625
0.101150512695312 -0.182388305664063 0.2091064453125 -0.7042236328125
-0.020538330078125 -0.1353759765625 -0.40313720703125 -0.786865234375
-0.0552749633789062 -0.026885986328125 -0.75006103515625 -0.0463867187499999
-0.0150871276855469 0.0246067047119141 -0.36279296875 0.4830322265625
0.0233631134033203 0.0156898498535156 0.05169677734375 0.477447509765625
0.0145320892333984 0.0199432373046875 0.276718139648438 0.208755493164063
0.0109119415283203 0.0179615020751953 0.32049560546875 -0.05572509765625
0.0207061767578125 -0.0605583190917969 -0.316375732421875 0.00393676757812501
0.00465965270996094 -0.0241165161132813 -0.243148803710938 -0.265457153320313
0.0245380401611328 -0.0203304290771484 0.07733154296875 -0.464202880859375
0.0292758941650391 0.0169010162353516 0.53375244140625 -0.352294921875
0.0123329162597656 0.0645980834960937 0.66046142578125 0.30010986328125
-0.0111007690429688 0.113876342773437 0.25860595703125 0.8206787109375
-0.092071533203125 0.204299926757813 -0.21820068359375 0.6160888671875
-0.176895141601562 0.183502197265625 0.0312080383300781 0.0685806274414063
-0.135223388671875 0.194625854492188 0.41400146484375 -0.551513671875
-0.0044708251953125 0.1444091796875 -0.0343017578125 -0.93994140625
0.0263633728027344 0.0661582946777344 -0.7154541015625 -0.4259033203125
0.0012669563293457 0.00182187557220459 -0.60174560546875 0.280517578125
0.0187244415283203 -0.0126152038574219 -0.16851806640625 0.46221923828125
0.00262451171875 -0.0248813629150391 0.181640625 0.252426147460938
-0.00385284423828125 -0.0562057495117188 0.296539306640625 -0.02294921875
0.0223274230957031 -0.055999755859375 -0.31671142578125 -0.0169067382812499
0.00657844543457031 -0.0187625885009766 -0.190887451171875 -0.291107177734375
0.027374267578125 -0.0120258331298828 0.1943359375 -0.441192626953125
0.0232830047607422 0.0251197814941406 0.640869140625 -0.2137451171875
-0.00662612915039063 0.0652885437011719 0.5965576171875 0.48687744140625
-0.0384597778320313 0.111343383789063 0.06488037109375 0.87530517578125
-0.121978759765625 0.193649291992188 -0.283111572265625 0.520965576171875
-0.16937255859375 0.17669677734375 0.103858947753906 -0.022918701171875
-0.102386474609375 0.18524169921875 0.33074951171875 -0.6654052734375
0.016448974609375 0.122039794921875 -0.247802734375 -0.88714599609375
0.0286216735839844 0.0464744567871094 -0.75958251953125 -0.22027587890625
-0.00716638565063477 -0.00398969650268555 -0.4862060546875 0.3988037109375
0.0116920471191406 -0.0120973587036133 -0.0513916015625 0.47406005859375
-0.00430870056152344 -0.0232906341552734 0.2281494140625 0.221755981445313
-0.00514602661132812 -0.0568923950195313 0.298736572265625 -0.0421142578125
0.0239715576171875 -0.0463523864746094 -0.3150634765625 -0.03265380859375
0.008148193359375 -0.0104246139526367 -0.136993408203125 -0.303375244140625
0.0286674499511719 -0.00255775451660156 0.298553466796875 -0.398284912109375
0.0129566192626953 0.02874755859375 0.71002197265625 -0.06097412109375
-0.0266189575195312 0.0484275817871094 0.48895263671875 0.64935302734375
-0.0516586303710937 0.080780029296875 -0.1295166015625 0.8846435546875
-0.1207275390625 0.151840209960938 -0.32568359375 0.419403076171875
-0.126968383789063 0.14434814453125 0.1680908203125 -0.106414794921875
-0.0614471435546875 0.144790649414063 0.23419189453125 -0.7445068359375
0.023345947265625 0.0807876586914063 -0.41259765625 -0.7974853515625
0.0219898223876953 0.0250701904296875 -0.752197265625 -0.0399169921875
-0.0130510330200195 -0.00222396850585938 -0.365142822265625 0.476318359375
0.00583171844482422 -0.00895786285400391 0.0494384765625 0.46832275390625
-0.00812721252441407 -0.0176963806152344 0.266891479492188 0.1893310546875
-0.00579833984375 -0.0513954162597656 0.3018798828125 -0.061309814453125
0.0266819000244141 -0.0346240997314453 -0.3095703125 -0.04541015625
0.0114202499389648 -0.00078582763671875 -0.094573974609375 -0.302703857421875
0.0275382995605469 0.00531959533691406 0.374542236328125 -0.34637451171875
0.00316810607910156 0.0236015319824219 0.73553466796875 0.069091796875
-0.0364151000976563 0.0167160034179687 0.37744140625 0.7584228515625
-0.0385780334472656 0.0246810913085938 -0.28057861328125 0.8619384765625
-0.0782852172851563 0.0913925170898438 -0.34503173828125 0.338226318359375
-0.05841064453125 0.0914306640625 0.20892333984375 -0.165863037109375
-0.0273513793945313 0.0823974609375 0.14990234375 -0.78619384765625
0.0129814147949219 0.0355873107910156 -0.51904296875 -0.70843505859375
0.00538921356201172 0.0107154846191406 -0.718994140625 0.0880126953125001
-0.0145740509033203 0.00398826599121094 -0.263031005859375 0.518310546875
0.00678586959838867 -0.00208854675292969 0.1260986328125 0.4515380859375
-0.0065765380859375 -0.00913619995117187 0.293060302734375 0.162841796875
-0.00295257568359375 -0.0406303405761719 0.305267333984375 -0.077117919921875
0.0272998809814453 -0.0206146240234375 -0.3035888671875 -0.050567626953125
0.0137052536010742 0.00782680511474609 -0.068634033203125 -0.299285888671875
0.0248184204101563 0.012298583984375 0.410919189453125 -0.31060791015625
-0.00545120239257813 0.015711784362793 0.7427978515625 0.14349365234375
-0.0364837646484375 -0.023773193359375 0.30975341796875 0.81024169921875
0.00106048583984375 -0.040374755859375 -0.3626708984375 0.8392333984375
0.00409698486328125 0.0246181488037109 -0.353759765625 0.2952880859375
0.0245323181152344 0.0261325836181641 0.222412109375 -0.19354248046875
0.000613689422607422 0.00848007202148438 0.10052490234375 -0.8004150390625
-0.00483560562133789 -0.00819730758666992 -0.56597900390625 -0.6544189453125
-0.0137205123901367 0.00468158721923828 -0.69573974609375 0.14910888671875
-0.0129308700561523 0.0120887756347656 -0.210052490234375 0.532867431640625
0.0114622116088867 0.00247287750244141 0.16400146484375 0.4410400390625
-0.00255036354064941 0.000571489334106446 0.3074951171875 0.150146484375
0.00108146667480469 -0.0245952606201172 0.308502197265625 -0.08538818359375
0.0290279388427734 -0.00728607177734375 -0.3013916015625 -0.0489807128906251
0.0188388824462891 0.0137176513671875 -0.068634033203125 -0.292236328125
0.0240917205810547 0.0165348052978516 0.4102783203125 -0.306182861328125
-0.0118236541748047 0.00820255279541015 0.73858642578125 0.14154052734375
-0.0348777770996094 -0.0600395202636719 0.3155517578125 0.80999755859375
0.0441131591796875 -0.108070373535156 -0.35711669921875 0.83831787109375
0.09326171875 -0.04510498046875 -0.363739013671875 0.2957763671875
0.110687255859375 -0.0419158935546875 0.207382202148438 -0.186004638671875
0.0262985229492187 -0.0650291442871094 0.09832763671875 -0.7906494140625
-0.0227737426757813 -0.049957275390625 -0.56512451171875 -0.6541748046875
-0.0309047698974609 -0.000833511352539061 -0.69769287109375 0.14825439453125
-0.0107002258300781 0.019927978515625 -0.209320068359375 0.535888671875
0.0163335800170898 0.00763511657714844 0.164764404296875 0.44427490234375
0.00328636169433594 0.00865840911865234 0.31011962890625 0.153350830078125
0.00429487228393555 -0.00772523880004883 0.31414794921875 -0.0850830078125
0.0301132202148438 0.00336265563964844 -0.302093505859375 -0.040008544921875
0.023406982421875 0.0175113677978516 -0.09112548828125 -0.2855224609375
0.0253982543945313 0.0216407775878906 0.368377685546875 -0.334014892578125
-0.0138263702392578 0.00722408294677734 0.73199462890625 0.06463623046875
-0.0405654907226563 -0.0803680419921875 0.39892578125 0.75567626953125
0.0643157958984375 -0.169021606445313 -0.26458740234375 0.8642578125
0.161148071289063 -0.116683959960938 -0.370208740234375 0.3482666015625
0.189193725585938 -0.101028442382813 0.166183471679688 -0.145309448242188
0.0586929321289062 -0.133575439453125 0.137451171875 -0.7596435546875
-0.02978515625 -0.093719482421875 -0.51324462890625 -0.706787109375
-0.0467071533203125 -0.00914382934570313 -0.72265625 0.08416748046875
-0.0113620758056641 0.0251846313476563 -0.263336181640625 0.523834228515625
0.0209751129150391 0.0128192901611328 0.12615966796875 0.459197998046875
0.00949001312255859 0.0159235000610352 0.299774169921875 0.176116943359375
0.0077061653137207 0.00736284255981445 0.31756591796875 -0.075958251953125
0.0300483703613281 0.0133647918701172 -0.302825927734375 -0.02655029296875
0.0287418365478516 0.0166969299316406 -0.1341552734375 -0.27777099609375
0.0290393829345703 0.0236625671386719 0.292449951171875 -0.377044677734375
-0.0104284286499023 0.0134553909301758 0.7025146484375 -0.06683349609375
-0.05267333984375 -0.0792999267578125 0.51898193359375 0.63958740234375
0.0443572998046875 -0.208114624023438 -0.1015625 0.88519287109375
0.1832275390625 -0.176101684570312 -0.356689453125 0.434844970703125
0.246139526367188 -0.143936157226563 0.1044921875 -0.0754165649414063
0.1015625 -0.182601928710938 0.21295166015625 -0.70489501953125
-0.0194778442382812 -0.135665893554688 -0.4022216796875 -0.78704833984375
-0.0554695129394531 -0.0269622802734375 -0.74981689453125 -0.0478515625
-0.0148296356201172 0.0249958038330078 -0.3634033203125 0.483795166015625
0.0237655639648438 0.0144405364990234 0.0513916015625 0.4769287109375
0.0141067504882813 0.0196762084960938 0.276565551757813 0.21026611328125
0.0108890533447266 0.0186405181884766 0.321929931640625 -0.0570068359375
0.02142333984375 -0.0616569519042969 -0.31781005859375 0.00582885742187497
0.00381278991699219 -0.0244522094726562 -0.243560791015625 -0.266799926757813
0.0253219604492187 -0.0196743011474609 0.077972412109375 -0.462677001953125
0.0307559967041016 0.0171928405761719 0.53759765625 -0.352996826171875
0.0110244750976562 0.0643196105957031 0.66375732421875 0.30328369140625
-0.012176513671875 0.114311218261719 0.2567138671875 0.82159423828125
-0.092681884765625 0.203704833984375 -0.2198486328125 0.61767578125
-0.177703857421875 0.183578491210937 0.0306434631347656 0.0699501037597656
-0.137435913085938 0.196197509765625 0.416473388671875 -0.55108642578125
-0.00357055664062501 0.14520263671875 -0.03155517578125 -0.9423828125
0.0273246765136719 0.0667839050292969 -0.71575927734375 -0.42657470703125
0.00133728981018066 0.00162851810455322 -0.604736328125 0.28131103515625
0.0191612243652344 -0.0139045715332031 -0.165985107421875 0.46240234375
0.00332069396972656 -0.0264377593994141 0.180709838867188 0.253005981445313
-0.00403213500976563 -0.0560874938964844 0.2979736328125 -0.02276611328125
0.0227317810058594 -0.0562667846679688 -0.318572998046875 -0.014984130859375
0.00706291198730469 -0.0182952880859375 -0.19073486328125 -0.28924560546875
0.028778076171875 -0.0125255584716797 0.19415283203125 -0.440032958984375
0.0237770080566406 0.0247421264648438 0.64251708984375 -0.21343994140625
-0.00600814819335937 0.065338134765625 0.5958251953125 0.490478515625
-0.0377120971679688 0.111610412597656 0.0644531250000001 0.87664794921875
-0.12225341796875 0.193649291992187 -0.284027099609375 0.520111083984375
-0.168212890625 0.176361083984375 0.105758666992187 -0.0225601196289062
-0.10205078125 0.186386108398438 0.3341064453125 -0.66571044921875
0.015625 0.121833801269531 -0.24615478515625 -0.89068603515625
0.028656005859375 0.0463714599609375 -0.76055908203125 -0.2225341796875
-0.00722885131835938 -0.00255346298217773 -0.489105224609375 0.400482177734375
0.010645866394043 -0.012481689453125 -0.0518798828125 0.474578857421875
-0.00425529479980469 -0.0236759185791016 0.228927612304688 0.221633911132813
-0.00616836547851562 -0.0560722351074219 0.3001708984375 -0.043060302734375
0.0232353210449219 -0.0476570129394531 -0.3155517578125 -0.032958984375
0.00982570648193359 -0.00950813293457031 -0.137603759765625 -0.302337646484375
0.0297279357910156 -0.00386619567871094 0.298797607421875 -0.397705078125
0.0141124725341797 0.0290012359619141 0.71087646484375 -0.060546875
-0.0265388488769531 0.0480690002441406 0.4908447265625 0.6546630859375
-0.053558349609375 0.080352783203125 -0.13037109375 0.8878173828125
-0.12115478515625 0.151824951171875 -0.3271484375 0.422149658203125
-0.126190185546875 0.14447021484375 0.16650390625 -0.1058349609375
-0.0617828369140625 0.145919799804687 0.23699951171875 -0.7445068359375
0.0236053466796875 0.0827713012695313 -0.4136962890625 -0.7998046875
0.0202178955078125 0.0256557464599609 -0.753173828125 -0.0423583984375
-0.012354850769043 -0.0012664794921875 -0.364898681640625 0.4783935546875
0.00560474395751953 -0.00916290283203125 0.050567626953125 0.468505859375
-0.00832939147949219 -0.0186614990234375 0.267776489257813 0.189773559570312
-0.00601577758789063 -0.051177978515625 0.30340576171875 -0.062164306640625
0.0262451171875 -0.036102294921875 -0.3094482421875 -0.0453796386718751
0.0103855133056641 -0.000795364379882813 -0.094818115234375 -0.302947998046875
0.0275974273681641 0.00461769104003906 0.37646484375 -0.346282958984375
0.00238037109375 0.0238227844238281 0.73968505859375 0.06982421875
-0.03656005859375 0.0162925720214844 0.3779296875 0.7640380859375
-0.0388603210449219 0.0249671936035156 -0.284423828125 0.8634033203125
-0.0777587890625 0.0931396484375 -0.345947265625 0.34039306640625
-0.0596084594726563 0.0906143188476563 0.207351684570313 -0.163055419921875
-0.0271377563476563 0.083404541015625 0.1512451171875 -0.78790283203125
0.0147857666015625 0.0359992980957031 -0.51861572265625 -0.7113037109375
0.00477313995361328 0.0102672576904297 -0.72119140625 0.0857543945312501
-0.0144863128662109 0.00375843048095703 -0.26470947265625 0.519866943359375
0.00689220428466797 -0.00414323806762695 0.12725830078125 0.452880859375
-0.00650405883789062 -0.00891494750976563 0.294647216796875 0.16363525390625
-0.00235366821289062 -0.0401382446289063 0.30755615234375 -0.078033447265625
0.0274715423583984 -0.0204105377197266 -0.303314208984375 -0.0499267578125
0.0139999389648438 0.00677490234375 -0.069122314453125 -0.29779052734375
0.0253391265869141 0.0116748809814453 0.414398193359375 -0.30975341796875
-0.00610828399658203 0.0138206481933594 0.74481201171875 0.14398193359375
-0.0369377136230469 -0.0233802795410156 0.30975341796875 0.8121337890625
0.000556945800781252 -0.0395393371582031 -0.3660888671875 0.84051513671875
0.00330352783203125 0.0242557525634766 -0.355499267578125 0.295501708984375
0.025146484375 0.0263729095458984 0.222564697265625 -0.192108154296875
0.00150489807128906 0.00882816314697266 0.10223388671875 -0.80157470703125
-0.00498199462890625 -0.00775241851806641 -0.56768798828125 -0.658447265625
-0.0122709274291992 0.00415992736816406 -0.69781494140625 0.1474609375
-0.0126333236694336 0.0117301940917969 -0.210357666015625 0.53387451171875
0.0113229751586914 0.00232696533203125 0.165008544921875 0.4417724609375
-0.0017392635345459 -0.000383973121643067 0.30853271484375 0.15045166015625
-3.24249267578114E-05 -0.0242328643798828 0.310272216796875 -0.086700439453125
0.0286407470703125 -0.00819778442382813 -0.30029296875 -0.0467834472656251
0.0174188613891602 0.0132417678833008 -0.06787109375 -0.291168212890625
0.0233936309814453 0.0172023773193359 0.411834716796875 -0.307037353515625
-0.0105390548706055 0.00695610046386719 0.74005126953125 0.1400146484375
-0.0346870422363281 -0.0611114501953125 0.316162109375 0.81243896484375
0.0449600219726562 -0.107658386230469 -0.3594970703125 0.8382568359375
0.094482421875 -0.0457305908203125 -0.368255615234375 0.29827880859375
0.111259460449219 -0.0411834716796875 0.206924438476562 -0.184524536132813
0.0275802612304688 -0.0658226013183594 0.0987548828125 -0.79034423828125
-0.0219383239746094 -0.0509033203125 -0.56512451171875 -0.657470703125
-0.0313835144042969 -0.000694274902343755 -0.6986083984375 0.146240234375
-0.00963783264160156 0.0202713012695313 -0.210784912109375 0.538787841796875
0.0161466598510742 0.00827884674072266 0.16546630859375 0.44488525390625
0.00339698791503906 0.00981998443603516 0.3126220703125 0.1544189453125
0.00418519973754883 -0.00751829147338867 0.3157958984375 -0.086090087890625
0.0294399261474609 0.00337600708007812 -0.30255126953125 -0.040191650390625
0.0221652984619141 0.0161991119384766 -0.091796875 -0.28509521484375
0.0254802703857422 0.0200004577636719 0.371734619140625 -0.335174560546875
-0.0127992630004883 0.00566959381103515 0.7344970703125 0.0643310546875
-0.0398025512695312 -0.0807571411132813 0.39910888671875 0.75787353515625
0.0640716552734375 -0.169418334960938 -0.26617431640625 0.8643798828125
0.161376953125 -0.11541748046875 -0.371185302734375 0.347137451171875
0.189956665039063 -0.101104736328125 0.166305541992188 -0.1434326171875
0.0595245361328125 -0.13287353515625 0.13836669921875 -0.7613525390625
-0.02972412109375 -0.0937728881835938 -0.513671875 -0.70849609375
-0.0458450317382812 -0.00949859619140625 -0.724365234375 0.0821533203124999
-0.0113849639892578 0.0251579284667969 -0.26483154296875 0.525238037109375
0.0200958251953125 0.0128669738769531 0.1278076171875 0.4595947265625
0.00956821441650391 0.0171165466308594 0.301483154296875 0.1754150390625
0.00776863098144531 0.00842094421386719 0.31927490234375 -0.074920654296875
0.0302639007568359 0.0131988525390625 -0.303863525390625 -0.0255432128906249
0.0290470123291016 0.0157451629638672 -0.134628295898438 -0.27685546875
0.0298442840576172 0.0221500396728516 0.291351318359375 -0.378265380859375
-0.0108251571655273 0.0134458541870117 0.703369140625 -0.06689453125
-0.0531082153320312 -0.0795822143554688 0.519775390625 0.642578125
0.0452423095703125 -0.2080078125 -0.10284423828125 0.884033203125
0.18511962890625 -0.175704956054688 -0.35943603515625 0.4345703125
0.246566772460938 -0.143447875976563 0.104225158691406 -0.0745849609375
0.103805541992188 -0.182601928710938 0.2139892578125 -0.7041015625
-0.01898193359375 -0.13592529296875 -0.4014892578125 -0.7906494140625
-0.0554771423339844 -0.02764892578125 -0.7528076171875 -0.0485229492187499
-0.0158329010009766 0.0261440277099609 -0.36651611328125 0.484619140625
0.0223197937011719 0.0153141021728516 0.052459716796875 0.476531982421875
0.0138893127441406 0.0197257995605469 0.275604248046875 0.210235595703125
0.0108547210693359 0.0186271667480469 0.322845458984375 -0.058197021484375
0.0201873779296875 -0.0628738403320313 -0.31939697265625 0.00625610351562494
0.00428199768066406 -0.0256385803222656 -0.243499755859375 -0.264816284179688
0.0263462066650391 -0.0203132629394531 0.07733154296875 -0.465301513671875
0.0298099517822266 0.0176582336425781 0.538421630859375 -0.35321044921875
0.0118980407714844 0.0643501281738281 0.667724609375 0.306396484375
-0.0131454467773438 0.114608764648438 0.25811767578125 0.8262939453125
-0.0931854248046875 0.204696655273438 -0.22296142578125 0.62158203125
-0.178665161132813 0.183639526367188 0.0302848815917969 0.0701446533203125
-0.136978149414063 0.196243286132813 0.419830322265625 -0.552337646484375
-0.00337219238281249 0.146163940429688 -0.03253173828125 -0.94708251953125
0.0267753601074219 0.0679473876953125 -0.71868896484375 -0.4300537109375
0.00188338756561279 0.00199055671691895 -0.60650634765625 0.28094482421875
0.0191459655761719 -0.0131778717041016 -0.167449951171875 0.464141845703125
0.00322151184082031 -0.0258159637451172 0.182525634765625 0.254409790039063
-0.00450515747070312 -0.0559234619140625 0.300537109375 -0.02264404296875
0.0225753784179687 -0.0579948425292969 -0.320068359375 -0.0143737792968749
0.00601959228515625 -0.0191841125488281 -0.19293212890625 -0.2896728515625
0.0298480987548828 -0.0140552520751953 0.195587158203125 -0.441619873046875
0.0245018005371094 0.025115966796875 0.64752197265625 -0.216064453125
-0.00656127929687501 0.0655975341796875 0.59881591796875 0.4935302734375
-0.0392379760742188 0.112014770507812 0.06390380859375 0.8812255859375
-0.123275756835938 0.19354248046875 -0.287689208984375 0.5225830078125
-0.169219970703125 0.176925659179688 0.104476928710937 -0.0218048095703125
-0.10247802734375 0.188507080078125 0.3360595703125 -0.66796875
0.0168228149414062 0.122314453125 -0.24713134765625 -0.89495849609375
0.0297431945800781 0.0462226867675781 -0.765380859375 -0.223876953125
-0.00708627700805664 -0.00199365615844727 -0.48974609375 0.400634765625
0.0111017227172852 -0.012939453125 -0.0517578125 0.47552490234375
-0.00398063659667969 -0.0242023468017578 0.229873657226563 0.224456787109375
-0.00644302368164062 -0.0564918518066406 0.303131103515625 -0.041778564453125
0.0236778259277344 -0.0477104187011719 -0.3173828125 -0.030731201171875
0.00879383087158203 -0.0109186172485352 -0.138916015625 -0.302642822265625
0.0304412841796875 -0.00456809997558594 0.30133056640625 -0.398712158203125
0.0133647918701172 0.0284042358398437 0.7158203125 -0.06109619140625
-0.0263595581054688 0.0489311218261719 0.49322509765625 0.65789794921875
-0.0532913208007812 0.0793685913085938 -0.13250732421875 0.89111328125
-0.12188720703125 0.152542114257812 -0.328826904296875 0.422760009765625
-0.12744140625 0.144989013671875 0.168212890625 -0.103347778320312
-0.0609283447265625 0.146881103515625 0.24017333984375 -0.74688720703125
0.0225753784179688 0.0817947387695313 -0.4129638671875 -0.80584716796875
0.0211009979248047 0.0250034332275391 -0.7569580078125 -0.04248046875
-0.012425422668457 -0.00140953063964844 -0.368011474609375 0.480224609375
0.00673484802246094 -0.00945472717285156 0.05072021484375 0.470123291015625
-0.00776290893554687 -0.0180797576904297 0.269561767578125 0.19012451171875
-0.00562667846679687 -0.0498847961425781 0.304901123046875 -0.061737060546875
0.0259284973144531 -0.0356483459472656 -0.30963134765625 -0.0445251464843751
0.0111656188964844 -0.00127029418945313 -0.09368896484375 -0.30364990234375
0.0285758972167969 0.00367355346679688 0.377349853515625 -0.3475341796875
0.00328445434570313 0.0235042572021484 0.7413330078125 0.06982421875
-0.0361595153808594 0.0164108276367188 0.3804931640625 0.7652587890625
-0.0406074523925781 0.0247230529785156 -0.2872314453125 0.8668212890625
-0.0779953002929688 0.0917282104492188 -0.3489990234375 0.33984375
-0.0589218139648438 0.0916061401367188 0.209442138671875 -0.163482666015625
-0.026824951171875 0.0836944580078125 0.1524658203125 -0.7923583984375
0.0128936767578125 0.0363388061523438 -0.5194091796875 -0.7188720703125
0.00582695007324219 0.0113306045532227 -0.72491455078125 0.0862426757812499
-0.0147676467895508 0.00438594818115234 -0.266326904296875 0.522308349609375
0.00757265090942383 -0.00374078750610352 0.1268310546875 0.4534912109375
-0.00769901275634766 -0.0105257034301758 0.294891357421875 0.164154052734375
-0.00329208374023437 -0.0395469665527344 0.3087158203125 -0.07818603515625
0.0272407531738281 -0.0219955444335938 -0.3070068359375 -0.048675537109375
0.0137672424316406 0.00711631774902344 -0.06903076171875 -0.29779052734375
0.0249996185302734 0.0115280151367188 0.417633056640625 -0.31195068359375
-0.00516700744628906 0.014404296875 0.74591064453125 0.14605712890625
-0.0379409790039063 -0.0234184265136719 0.31024169921875 0.81683349609375
-0.000114440917968748 -0.040435791015625 -0.36834716796875 0.84063720703125
0.00315093994140625 0.0247173309326172 -0.358795166015625 0.295257568359375
0.0247802734375 0.0262546539306641 0.223297119140625 -0.191436767578125
0.00190639495849609 0.00997066497802734 0.10369873046875 -0.8028564453125
-0.00519466400146484 -0.00655221939086914 -0.56951904296875 -0.66412353515625
-0.0134124755859375 0.00447273254394531 -0.7010498046875 0.14752197265625
-0.0125980377197266 0.0129375457763672 -0.212158203125 0.53643798828125
0.01171875 0.00252819061279297 0.165283203125 0.442840576171875
-0.00267934799194336 -1.3113021850586E-05 0.309295654296875 0.1524658203125
0.000253677368164064 -0.0241603851318359 0.3121337890625 -0.087158203125
0.0286026000976563 -0.0082855224609375 -0.304046630859375 -0.046722412109375
0.0168600082397461 0.0133142471313477 -0.066986083984375 -0.290618896484375
0.0232124328613281 0.0158939361572266 0.414459228515625 -0.30810546875
-0.0104007720947266 0.00667953491210938 0.74560546875 0.14227294921875
-0.0356903076171875 -0.0606880187988281 0.31793212890625 0.8167724609375
0.0444793701171875 -0.108833312988281 -0.363525390625 0.8399658203125
0.094207763671875 -0.0447540283203125 -0.368743896484375 0.297637939453125
0.111412048339844 -0.041534423828125 0.208465576171875 -0.184173583984375
0.0292739868164063 -0.0661697387695313 0.1009521484375 -0.7923583984375
-0.0218467712402344 -0.050506591796875 -0.56707763671875 -0.6624755859375
-0.0310726165771484 -0.00156211853027344 -0.701904296875 0.144287109375
-0.00985908508300782 0.0203857421875 -0.212554931640625 0.539276123046875
0.0160427093505859 0.00823783874511719 0.167327880859375 0.446075439453125
0.00258350372314453 0.0101747512817383 0.312164306640625 0.1553955078125
0.00324630737304687 -0.00684118270874023 0.31793212890625 -0.086212158203125
0.0298500061035156 0.00429534912109375 -0.30401611328125 -0.03948974609375
0.0209827423095703 0.0160312652587891 -0.091217041015625 -0.284393310546875
0.0256214141845703 0.0195484161376953 0.373321533203125 -0.33599853515625
-0.0134248733520508 0.00617599487304688 0.7376708984375 0.06671142578125
-0.0407180786132813 -0.0807723999023438 0.40093994140625 0.76165771484375
0.063568115234375 -0.17010498046875 -0.26898193359375 0.868896484375
0.162216186523438 -0.116500854492188 -0.373809814453125 0.347564697265625
0.190643310546875 -0.100753784179688 0.1669921875 -0.141738891601563
0.0619125366210938 -0.1337890625 0.1417236328125 -0.7633056640625
-0.0295333862304688 -0.0952529907226563 -0.51458740234375 -0.71356201171875
-0.0459785461425781 -0.00941085815429687 -0.728271484375 0.0805664062500001
-0.0114707946777344 0.0257568359375 -0.26776123046875 0.5272216796875
0.0207080841064453 0.0127143859863281 0.1273193359375 0.4609375
0.009368896484375 0.0175857543945313 0.302032470703125 0.1773681640625
0.00780963897705078 0.00946235656738281 0.3209228515625 -0.0748291015625
0.0293483734130859 0.0133056640625 -0.30621337890625 -0.0252075195312499
0.0279369354248047 0.0159645080566406 -0.134292602539063 -0.277633666992188
0.0290794372558594 0.0211753845214844 0.2965087890625 -0.379364013671875
-0.0110759735107422 0.0121068954467773 0.707275390625 -0.06707763671875
-0.0533523559570312 -0.0806350708007813 0.5206298828125 0.646240234375
0.0447235107421875 -0.208648681640625 -0.10418701171875 0.88970947265625
0.184814453125 -0.176345825195312 -0.362396240234375 0.435577392578125
0.248916625976563 -0.143905639648438 0.103759765625 -0.0733566284179688
0.104400634765625 -0.183624267578125 0.217041015625 -0.70703125
-0.0187454223632813 -0.136695861816406 -0.40338134765625 -0.79681396484375
-0.0550804138183594 -0.0273971557617188 -0.75634765625 -0.0496826171875
-0.0150203704833984 0.02655029296875 -0.368621826171875 0.485382080078125
0.0224361419677734 0.0149078369140625 0.050201416015625 0.479095458984375
0.0135860443115234 0.0206165313720703 0.279510498046875 0.211013793945313
0.0100078582763672 0.0217323303222656 0.323760986328125 -0.05810546875
0.0202140808105469 -0.0640487670898437 -0.321258544921875 0.00665283203124997
0.00412368774414063 -0.0262470245361328 -0.247390747070313 -0.265762329101563
0.0255928039550781 -0.0202274322509766 0.077392578125 -0.467437744140625
0.0309295654296875 0.0171051025390625 0.540985107421875 -0.353851318359375
0.0124855041503906 0.0655364990234375 0.6722412109375 0.31011962890625
-0.013519287109375 0.114753723144531 0.26025390625 0.83135986328125
-0.0930938720703125 0.206649780273438 -0.22320556640625 0.62408447265625
-0.1788330078125 0.184249877929687 0.0284347534179687 0.0705490112304688
-0.138626098632812 0.19769287109375 0.421844482421875 -0.55499267578125
-0.00335693359375002 0.1466064453125 -0.03082275390625 -0.9521484375
0.027618408203125 0.0680274963378906 -0.722900390625 -0.433349609375
0.000145673751831054 0.00266408920288086 -0.60955810546875 0.28271484375
0.0192375183105469 -0.0137939453125 -0.167510986328125 0.465057373046875
0.00261688232421875 -0.0266628265380859 0.182998657226563 0.256683349609375
-0.00519180297851563 -0.0553131103515625 0.302886962890625 -0.022796630859375
0.0215530395507812 -0.0593452453613281 -0.32135009765625 -0.0146484375
0.0061492919921875 -0.0199432373046875 -0.194061279296875 -0.29083251953125
0.0290718078613281 -0.0147132873535156 0.19659423828125 -0.444549560546875
0.0251502990722656 0.0248203277587891 0.64923095703125 -0.21636962890625
-0.0065155029296875 0.0655632019042969 0.60430908203125 0.49725341796875
-0.0398101806640625 0.112632751464844 0.0635986328124999 0.88714599609375
-0.122314453125 0.19525146484375 -0.289215087890625 0.527557373046875
-0.170242309570313 0.178329467773438 0.104904174804687 -0.0208740234375
-0.103744506835938 0.1898193359375 0.33837890625 -0.67169189453125
0.0176467895507813 0.123825073242188 -0.24822998046875 -0.90216064453125
0.0300979614257813 0.0463104248046875 -0.76959228515625 -0.2259521484375
-0.00641441345214844 -0.0016932487487793 -0.492889404296875 0.402923583984375
0.0106105804443359 -0.0121183395385742 -0.05133056640625 0.47869873046875
-0.00489997863769531 -0.0245857238769531 0.231781005859375 0.224716186523438
-0.00716781616210937 -0.0564384460449219 0.3045654296875 -0.04364013671875
0.0237350463867188 -0.049041748046875 -0.31787109375 -0.031646728515625
0.00848770141601563 -0.010523796081543 -0.13946533203125 -0.302490234375
0.0301380157470703 -0.00533294677734375 0.302398681640625 -0.40167236328125
0.0148220062255859 0.0279960632324219 0.7197265625 -0.060546875
-0.0266876220703125 0.04931640625 0.496337890625 0.66119384765625
-0.0532913208007813 0.0811843872070312 -0.1324462890625 0.8958740234375
-0.12274169921875 0.153823852539063 -0.332733154296875 0.42578125
-0.126358032226563 0.145355224609375 0.167526245117188 -0.103057861328125
-0.061309814453125 0.1480712890625 0.2398681640625 -0.7528076171875
0.0235748291015625 0.0818634033203125 -0.41461181640625 -0.8115234375
0.0209903717041016 0.0255908966064453 -0.76123046875 -0.04376220703125
-0.0131072998046875 0.000146865844726564 -0.3692626953125 0.4818115234375
0.00627517700195312 -0.00973892211914063 0.051788330078125 0.472015380859375
-0.00765419006347656 -0.0184879302978516 0.270660400390625 0.191375732421875
-0.00643539428710937 -0.0507583618164063 0.3070068359375 -0.06304931640625
0.0250434875488281 -0.0362892150878906 -0.31256103515625 -0.0427856445312499
0.0104837417602539 -0.00213241577148438 -0.09442138671875 -0.303619384765625
0.0287551879882812 0.00307655334472656 0.380950927734375 -0.34881591796875
0.004150390625 0.0220699310302734 0.74737548828125 0.06964111328125
-0.0377197265625 0.0172386169433594 0.38177490234375 0.77154541015625
-0.0417098999023438 0.0259742736816406 -0.28826904296875 0.87139892578125
-0.0790939331054688 0.0920257568359375 -0.350830078125 0.34234619140625
-0.0595474243164062 0.0924072265625 0.208969116210938 -0.162445068359375
-0.0263824462890625 0.0845413208007813 0.15557861328125 -0.79437255859375
0.0146598815917969 0.0372810363769531 -0.52227783203125 -0.7218017578125
0.00526523590087891 0.0104913711547852 -0.7298583984375 0.084228515625
-0.0148601531982422 0.00524616241455078 -0.268585205078125 0.525909423828125
0.00697612762451172 -0.0036163330078125 0.12957763671875 0.455841064453125
-0.00795841217041015 -0.00934505462646485 0.2969970703125 0.1656494140625
-0.00356292724609375 -0.0403861999511719 0.31085205078125 -0.078887939453125
0.0262794494628906 -0.0212287902832031 -0.308380126953125 -0.0475463867187501
0.0131616592407227 0.00754833221435547 -0.069122314453125 -0.29876708984375
0.0259628295898438 0.0101337432861328 0.41986083984375 -0.3138427734375
-0.00512313842773437 0.0126857757568359 0.75152587890625 0.14495849609375
-0.0370216369628906 -0.0242767333984375 0.31317138671875 0.82354736328125
-0.00151443481445312 -0.0391883850097656 -0.3719482421875 0.84716796875
0.00368881225585938 0.0247898101806641 -0.360870361328125 0.297332763671875
0.0251998901367188 0.0271968841552734 0.223464965820313 -0.191207885742188
0.00234508514404297 0.00979137420654297 0.10400390625 -0.806884765625
-0.00354528427124024 -0.00805950164794922 -0.57147216796875 -0.66717529296875
-0.012486457824707 0.00512313842773438 -0.70672607421875 0.14959716796875
-0.0120449066162109 0.0136184692382812 -0.21240234375 0.540130615234375
0.0113515853881836 0.00257492065429688 0.16943359375 0.44451904296875
-0.00264430046081543 0.00107693672180176 0.311431884765625 0.151397705078125
-0.000377655029296874 -0.0239982604980469 0.31439208984375 -0.0882568359375
0.0279026031494141 -0.00764083862304688 -0.305023193359375 -0.04608154296875
0.0164241790771484 0.0133743286132812 -0.068359375 -0.292572021484375
0.0234642028808594 0.0154895782470703 0.417266845703125 -0.3109130859375
-0.0105695724487305 0.00570583343505859 0.74884033203125 0.14288330078125
-0.0351943969726563 -0.060943603515625 0.31982421875 0.82122802734375
0.0435638427734375 -0.1077880859375 -0.36505126953125 0.84490966796875
0.0951156616210938 -0.0455551147460938 -0.371337890625 0.300872802734375
0.113517761230469 -0.041595458984375 0.208221435546875 -0.183837890625
0.0295982360839844 -0.0653762817382813 0.10247802734375 -0.7978515625
-0.0222320556640625 -0.0514373779296875 -0.5704345703125 -0.66607666015625
-0.0307502746582031 -0.000699996948242183 -0.7071533203125 0.14605712890625
-0.00962638854980469 0.021636962890625 -0.214630126953125 0.54327392578125
0.0164299011230469 0.00781345367431641 0.1685791015625 0.447021484375
0.0030059814453125 0.0100994110107422 0.314178466796875 0.15460205078125
0.0041956901550293 -0.00620651245117188 0.31793212890625 -0.087371826171875
0.0297718048095703 0.0048065185546875 -0.30572509765625 -0.03741455078125
0.0214138031005859 0.0163173675537109 -0.091583251953125 -0.286712646484375
0.0252208709716797 0.0193462371826172 0.377227783203125 -0.33740234375
-0.0125808715820313 0.00467491149902344 0.74273681640625 0.06463623046875
-0.0409774780273438 -0.0819778442382813 0.4046630859375 0.766845703125
0.06256103515625 -0.169937133789063 -0.271240234375 0.87164306640625
0.164581298828125 -0.115921020507813 -0.377227783203125 0.34979248046875
0.19287109375 -0.1014404296875 0.167327880859375 -0.141708374023438
0.0626373291015625 -0.134773254394531 0.1427001953125 -0.76690673828125
-0.0290756225585937 -0.0958404541015625 -0.51812744140625 -0.71978759765625
-0.04730224609375 -0.0102005004882813 -0.73284912109375 0.08184814453125
-0.0114002227783203 0.0260524749755859 -0.268096923828125 0.53057861328125
0.02117919921875 0.0123462677001953 0.1285400390625 0.464324951171875
0.00886726379394531 0.0177097320556641 0.305206298828125 0.1768798828125
0.00820827484130859 0.0100641250610352 0.323211669921875 -0.0770263671875
0.0291805267333984 0.0135402679443359 -0.308135986328125 -0.0249938964843749
0.0275936126708984 0.0164661407470703 -0.1348876953125 -0.277755737304688
0.0295257568359375 0.0213642120361328 0.29742431640625 -0.38360595703125
-0.0110044479370117 0.0106267929077148 0.71044921875 -0.06829833984375
-0.0533676147460938 -0.0811767578125 0.52496337890625 0.64959716796875
0.0439605712890625 -0.209609985351563 -0.1033935546875 0.89312744140625
0.185989379882813 -0.17706298828125 -0.36431884765625 0.43798828125
0.251358032226563 -0.143539428710938 0.105125427246094 -0.0726318359375
0.10687255859375 -0.18463134765625 0.21875 -0.71124267578125
-0.01898193359375 -0.136711120605469 -0.40521240234375 -0.80120849609375
-0.0552101135253906 -0.0272407531738281 -0.760986328125 -0.0507812500000001
-0.0151100158691406 0.0262413024902344 -0.369293212890625 0.488525390625
0.0223789215087891 0.0161876678466797 0.052398681640625 0.481231689453125
0.0143146514892578 0.0208873748779297 0.280242919921875 0.212066650390625
0.0109272003173828 0.0230484008789063 0.326812744140625 -0.05999755859375
0.0186538696289063 -0.0659294128417969 -0.322509765625 0.00830078125
0.00445556640625 -0.0270404815673828 -0.248703002929687 -0.265609741210937
0.0263080596923828 -0.0205287933349609 0.07647705078125 -0.47088623046875
0.0327777862548828 0.0170803070068359 0.54595947265625 -0.359588623046875
0.0130500793457031 0.066436767578125 0.67724609375 0.31146240234375
-0.0139541625976563 0.115165710449219 0.26300048828125 0.83819580078125
-0.0931243896484375 0.207763671875 -0.224365234375 0.6290283203125
-0.18035888671875 0.18603515625 0.02911376953125 0.071929931640625
-0.137771606445313 0.200897216796875 0.423187255859375 -0.55853271484375
-0.003082275390625 0.148452758789063 -0.0321044921874999 -0.96197509765625
0.0280799865722656 0.0683860778808594 -0.72833251953125 -0.43426513671875
0.000964641571044922 0.00376176834106445 -0.613525390625 0.28668212890625
0.0187129974365234 -0.0139923095703125 -0.166839599609375 0.468719482421875
0.00320243835449219 -0.02716064453125 0.185028076171875 0.257064819335938
-0.00522613525390626 -0.0557632446289063 0.305511474609375 -0.02435302734375
0.0204620361328125 -0.0607032775878906 -0.32440185546875 -0.01275634765625
0.00568389892578125 -0.0199871063232422 -0.196014404296875 -0.2911376953125
0.0300827026367188 -0.0137271881103516 0.196746826171875 -0.4481201171875
0.0263633728027344 0.0246067047119141 0.65472412109375 -0.21881103515625
-0.00701904296874999 0.0657539367675781 0.6121826171875 0.5003662109375
-0.0402450561523438 0.11273193359375 0.067626953125 0.8931884765625
-0.123428344726563 0.197463989257812 -0.290496826171875 0.529937744140625
-0.17059326171875 0.179061889648438 0.105522155761719 -0.0206832885742187
-0.103759765625 0.191497802734375 0.33795166015625 -0.676025390625
0.0179214477539063 0.124031066894531 -0.2508544921875 -0.909912109375
0.0308456420898438 0.0471115112304688 -0.7752685546875 -0.22760009765625
-0.00643110275268555 -0.00103235244750977 -0.495635986328125 0.408203125
0.0105094909667969 -0.0139999389648438 -0.0498046875 0.4815673828125
-0.00522994995117188 -0.0234317779541016 0.234390258789063 0.226303100585938
-0.00695419311523438 -0.0562400817871094 0.30743408203125 -0.045654296875
0.0227394104003906 -0.0499420166015625 -0.320281982421875 -0.0294189453125001
0.00769901275634766 -0.0122852325439453 -0.141021728515625 -0.30340576171875
0.030426025390625 -0.00644302368164062 0.30413818359375 -0.403900146484375
0.0155906677246094 0.0274085998535156 0.724365234375 -0.0645751953125
-0.027008056640625 0.0495796203613281 0.50177001953125 0.6651611328125
-0.0556716918945313 0.0809783935546875 -0.13201904296875 0.90362548828125
-0.124282836914063 0.15423583984375 -0.334075927734375 0.42864990234375
-0.12786865234375 0.1473388671875 0.16778564453125 -0.103744506835938
-0.0615692138671875 0.149887084960938 0.2410888671875 -0.75830078125
0.023956298828125 0.0837554931640625 -0.42047119140625 -0.81768798828125
0.0214405059814453 0.0248641967773437 -0.767822265625 -0.04254150390625
-0.0127878189086914 -0.000297546386718751 -0.36968994140625 0.4871826171875
0.00552082061767578 -0.00971794128417969 0.05523681640625 0.475128173828125
-0.0083770751953125 -0.0193767547607422 0.273681640625 0.192535400390625
-0.00709533691406251 -0.050750732421875 0.309783935546875 -0.0653076171875
0.0256195068359375 -0.0371856689453125 -0.3154296875 -0.041290283203125
0.00949287414550781 -0.00110149383544922 -0.096038818359375 -0.303955078125
0.0285625457763672 0.00220870971679688 0.382415771484375 -0.352935791015625
0.00436782836914062 0.0218696594238281 0.75274658203125 0.06866455078125
-0.0382270812988281 0.0165977478027344 0.38629150390625 0.7752685546875
-0.041107177734375 0.0254631042480469 -0.29058837890625 0.8763427734375
-0.0789566040039063 0.0926437377929687 -0.354034423828125 0.345794677734375
-0.0593643188476563 0.0936813354492187 0.210250854492188 -0.1627197265625
-0.0253982543945313 0.0861740112304688 0.15411376953125 -0.798828125
0.014190673828125 0.0381240844726563 -0.5272216796875 -0.72882080078125
0.00540733337402344 0.0114574432373047 -0.734375 0.0861816406250001
-0.0142288208007813 0.00595283508300781 -0.269073486328125 0.52825927734375
0.00614595413208008 -0.00347614288330078 0.131591796875 0.4583740234375
-0.00696468353271484 -0.00895500183105469 0.2999267578125 0.1654052734375
-0.00428390502929688 -0.0393028259277344 0.3128662109375 -0.082275390625
0.0262298583984375 -0.0221748352050781 -0.310150146484375 -0.0456237792968751
0.0125198364257813 0.00759506225585938 -0.070831298828125 -0.29974365234375
0.0254135131835938 0.0097503662109375 0.4227294921875 -0.31683349609375
-0.00417327880859375 0.0126848220825195 0.75750732421875 0.143310546875
-0.0377883911132813 -0.0244789123535156 0.3160400390625 0.82830810546875
-0.0010833740234375 -0.0399284362792969 -0.37225341796875 0.85235595703125
0.00309944152832032 0.0257091522216797 -0.363525390625 0.300140380859375
0.0248565673828125 0.0261363983154297 0.224212646484375 -0.190750122070313
0.00309944152832031 0.0106315612792969 0.10382080078125 -0.814453125
-0.00384616851806641 -0.00769615173339844 -0.57818603515625 -0.6737060546875
-0.0131158828735352 0.00545978546142578 -0.710205078125 0.15045166015625
-0.0118179321289063 0.01434326171875 -0.212860107421875 0.5443115234375
0.0110006332397461 0.00262260437011719 0.172088623046875 0.447418212890625
-0.00319981575012207 0.000270843505859375 0.31500244140625 0.152008056640625
-0.000625610351562498 -0.02374267578125 0.31732177734375 -0.089324951171875
0.0276069641113281 -0.00712013244628906 -0.306884765625 -0.044219970703125
0.0165853500366211 0.0128107070922852 -0.07025146484375 -0.292755126953125
0.0240211486816406 0.0151004791259766 0.42059326171875 -0.31298828125
-0.0103120803833008 0.00458812713623047 0.75335693359375 0.141845703125
-0.0364608764648438 -0.0607643127441406 0.32183837890625 0.82757568359375
0.043701171875 -0.109954833984375 -0.3680419921875 0.8531494140625
0.096710205078125 -0.0447311401367188 -0.371307373046875 0.30224609375
0.113533020019531 -0.042083740234375 0.210403442382813 -0.183395385742187
0.0295600891113281 -0.0659637451171875 0.10308837890625 -0.8018798828125
-0.021697998046875 -0.0524444580078125 -0.57568359375 -0.67279052734375
-0.0309906005859375 6.10351562499949E-05 -0.712158203125 0.14996337890625
-0.00922393798828125 0.0201015472412109 -0.214202880859375 0.54705810546875
0.016514778137207 0.00841617584228516 0.171051025390625 0.449188232421875
0.00238037109375 0.0105628967285156 0.31646728515625 0.155487060546875
0.00436067581176758 -0.00551271438598633 0.32122802734375 -0.089141845703125
0.0288639068603516 0.00471305847167969 -0.309295654296875 -0.036834716796875
0.0211524963378906 0.0170688629150391 -0.09259033203125 -0.2872314453125
0.024932861328125 0.0182743072509766 0.379852294921875 -0.34100341796875
-0.0131025314331055 0.00419330596923828 0.747314453125 0.0635986328125
-0.0412368774414063 -0.0828323364257813 0.40728759765625 0.7723388671875
0.0636749267578125 -0.171401977539063 -0.27362060546875 0.8790283203125
0.165176391601562 -0.117416381835937 -0.37847900390625 0.352996826171875
0.194427490234375 -0.102462768554688 0.167892456054688 -0.14202880859375
0.0638275146484375 -0.135826110839844 0.14398193359375 -0.773681640625
-0.029998779296875 -0.09698486328125 -0.52264404296875 -0.7216796875
-0.04644775390625 -0.0109786987304688 -0.73883056640625 0.08245849609375
-0.0101242065429687 0.0261363983154297 -0.269134521484375 0.533905029296875
0.0204944610595703 0.0129680633544922 0.131622314453125 0.465423583984375
0.00941085815429687 0.0182228088378906 0.30615234375 0.17822265625
0.00828075408935547 0.0101861953735352 0.325408935546875 -0.07989501953125
0.0282402038574219 0.0133266448974609 -0.310577392578125 -0.0228271484375
0.0275001525878906 0.0174236297607422 -0.13623046875 -0.279159545898438
0.030029296875 0.0212135314941406 0.299407958984375 -0.38726806640625
-0.0109090805053711 0.0112838745117188 0.71466064453125 -0.0692138671875
-0.05462646484375 -0.081298828125 0.53118896484375 0.654296875
0.044586181640625 -0.211181640625 -0.10479736328125 0.90106201171875
0.18695068359375 -0.178070068359375 -0.3662109375 0.441925048828125
0.253555297851563 -0.146331787109375 0.105026245117188 -0.0725479125976563
0.108535766601563 -0.18621826171875 0.21795654296875 -0.715576171875
-0.0184478759765625 -0.138877868652344 -0.41046142578125 -0.80596923828125
-0.0552978515625 -0.0275306701660156 -0.7681884765625 -0.04840087890625
-0.0151634216308594 0.0274143218994141 -0.37164306640625 0.49169921875
0.0224227905273437 0.0158138275146484 0.05450439453125 0.48223876953125
0.0142688751220703 0.0206966400146484 0.282928466796875 0.21466064453125
0.0121097564697266 0.0231704711914063 0.32855224609375 -0.06109619140625
0.0170669555664062 -0.0672416687011719 -0.326171875 0.00973510742187503
0.00387001037597656 -0.0276679992675781 -0.2530517578125 -0.26611328125
0.0266780853271484 -0.0220985412597656 0.076080322265625 -0.472900390625
0.0331592559814453 0.0160713195800781 0.5489501953125 -0.36590576171875
0.0136451721191406 0.0673789978027344 0.6849365234375 0.3121337890625
-0.0145492553710937 0.116622924804688 0.26837158203125 0.84625244140625
-0.0932464599609375 0.209640502929687 -0.22314453125 0.63482666015625
-0.179672241210938 0.187042236328125 0.0288314819335938 0.072906494140625
-0.138015747070312 0.202667236328125 0.425048828125 -0.5638427734375
-0.00224304199218749 0.150039672851563 -0.0341186523437501 -0.96588134765625
0.02886962890625 0.0696182250976563 -0.735595703125 -0.43804931640625
0.00117897987365723 0.00422453880310059 -0.617919921875 0.29095458984375
0.0192852020263672 -0.0143623352050781 -0.164947509765625 0.474090576171875
0.00254249572753906 -0.0271224975585937 0.18914794921875 0.258758544921875
-0.00539779663085937 -0.0559349060058594 0.3089599609375 -0.0250244140625
0.01971435546875 -0.0613212585449219 -0.325836181640625 -0.009979248046875
0.00490951538085938 -0.0217533111572266 -0.199462890625 -0.291046142578125
0.029998779296875 -0.0154094696044922 0.196075439453125 -0.451812744140625
0.0265541076660156 0.0240364074707031 0.66064453125 -0.22271728515625
-0.00559234619140625 0.0672531127929688 0.61822509765625 0.5028076171875
-0.0398635864257812 0.114356994628906 0.0694580078125 0.9013671875
-0.124374389648437 0.198562622070313 -0.29248046875 0.536224365234375
-0.171722412109375 0.180130004882813 0.105262756347656 -0.0196456909179687
-0.102127075195313 0.193435668945313 0.34039306640625 -0.6805419921875
0.0186386108398437 0.125572204589844 -0.25494384765625 -0.915283203125
0.0312461853027344 0.0481300354003906 -0.783203125 -0.22698974609375
-0.00700569152832031 -0.000655174255371094 -0.497772216796875 0.4127197265625
0.0108060836791992 -0.014094352722168 -0.047332763671875 0.48468017578125
-0.0050048828125 -0.0244979858398438 0.237884521484375 0.2255859375
-0.00803756713867187 -0.0566177368164063 0.310333251953125 -0.046539306640625
0.0216560363769531 -0.0506477355957031 -0.3228759765625 -0.027374267578125
0.00752162933349609 -0.0118408203125 -0.143768310546875 -0.305450439453125
0.0310993194580078 -0.0072479248046875 0.30615234375 -0.406951904296875
0.0166225433349609 0.0265369415283203 0.7305908203125 -0.06524658203125
-0.0272712707519531 0.0506820678710938 0.50872802734375 0.6712646484375
-0.0564041137695313 0.0825119018554688 -0.1307373046875 0.90972900390625
-0.123825073242187 0.155838012695313 -0.336578369140625 0.43365478515625
-0.128311157226562 0.147811889648438 0.168838500976563 -0.103378295898438
-0.06072998046875 0.152374267578125 0.24017333984375 -0.7635498046875
0.024444580078125 0.084075927734375 -0.42559814453125 -0.8232421875
0.0222225189208984 0.0256061553955078 -0.77459716796875 -0.0407104492187498
-0.012542724609375 -0.000231742858886718 -0.372283935546875 0.493377685546875
0.00629520416259766 -0.00970649719238281 0.05731201171875 0.47808837890625
-0.00910186767578125 -0.0186042785644531 0.27667236328125 0.19293212890625
-0.00758743286132812 -0.0503120422363281 0.313507080078125 -0.068145751953125
0.0239906311035156 -0.0384750366210938 -0.31884765625 -0.0394287109374999
0.00904464721679688 -0.00172328948974609 -0.098297119140625 -0.30657958984375
0.0289497375488281 0.0014495849609375 0.3843994140625 -0.35565185546875
0.00400924682617187 0.0216064453125 0.7596435546875 0.068359375
-0.03875732421875 0.0162277221679688 0.3914794921875 0.78253173828125
-0.0426177978515625 0.0265846252441406 -0.2906494140625 0.8863525390625
-0.0794143676757812 0.094390869140625 -0.356048583984375 0.349517822265625
-0.0587844848632813 0.0935592651367187 0.2113037109375 -0.163589477539063
-0.0254440307617187 0.086669921875 0.15264892578125 -0.8074951171875
0.0160179138183594 0.037628173828125 -0.53466796875 -0.73406982421875
0.00527095794677734 0.0118579864501953 -0.740478515625 0.0880737304687501
-0.0146093368530273 0.00595760345458984 -0.2686767578125 0.534027099609375
0.00699377059936523 -0.00396919250488281 0.13525390625 0.461273193359375
-0.00816726684570313 -0.00917434692382813 0.303741455078125 0.16522216796875
-0.00508880615234375 -0.0389366149902344 0.315338134765625 -0.0831298828125
0.0257167816162109 -0.0221614837646484 -0.314361572265625 -0.044708251953125
0.0128059387207031 0.00675868988037109 -0.071075439453125 -0.301361083984375
0.0254669189453125 0.00783348083496094 0.425537109375 -0.32025146484375
-0.00536251068115234 0.0114517211914062 0.76422119140625 0.1427001953125
-0.0382919311523438 -0.0245475769042969 0.32049560546875 0.83416748046875
-0.00170516967773438 -0.0407943725585938 -0.373779296875 0.86102294921875
0.00306129455566406 0.0254421234130859 -0.366851806640625 0.30389404296875
0.0261383056640625 0.0270767211914063 0.224090576171875 -0.1915283203125
0.00338935852050781 0.0108671188354492 0.10284423828125 -0.81884765625
-0.00343513488769531 -0.00735712051391602 -0.5850830078125 -0.6763916015625
-0.0133705139160156 0.00438880920410156 -0.71539306640625 0.15350341796875
-0.0119400024414062 0.0141019821166992 -0.21142578125 0.549713134765625
0.0110816955566406 0.00227069854736328 0.173583984375 0.449371337890625
-0.0035855770111084 0.00123167037963867 0.319305419921875 0.152557373046875
-0.00159835815429688 -0.0228557586669922 0.319366455078125 -0.0926513671875
0.0274219512939453 -0.00795745849609375 -0.310211181640625 -0.042266845703125
0.0163049697875977 0.0140924453735352 -0.070892333984375 -0.29388427734375
0.0236606597900391 0.0147457122802734 0.42193603515625 -0.317291259765625
-0.010040283203125 0.00394725799560547 0.76202392578125 0.14007568359375
-0.0369453430175781 -0.0616264343261719 0.327880859375 0.832763671875
0.0438079833984375 -0.109764099121094 -0.36944580078125 0.8587646484375
0.0968399047851563 -0.0460739135742188 -0.37603759765625 0.305877685546875
0.116317749023438 -0.0425643920898438 0.210891723632813 -0.183837890625
0.0308647155761719 -0.0669593811035156 0.09814453125 -0.80975341796875
-0.0217819213867188 -0.0520668029785156 -0.58447265625 -0.6763916015625
-0.0312919616699219 -0.000123977661132811 -0.71759033203125 0.15325927734375
-0.00976753234863281 0.0217323303222656 -0.213623046875 0.55145263671875
0.0153512954711914 0.00639247894287109 0.174774169921875 0.452911376953125
0.00261688232421875 0.0104742050170898 0.32086181640625 0.156158447265625
0.00469160079956055 -0.00481462478637695 0.3240966796875 -0.092376708984375
0.0282020568847656 0.00457954406738281 -0.31085205078125 -0.03369140625
0.0207786560058594 0.0172481536865234 -0.092864990234375 -0.28765869140625
0.0254573822021484 0.0179004669189453 0.382965087890625 -0.34503173828125
-0.0124177932739258 0.00280570983886719 0.75323486328125 0.06109619140625
-0.0432281494140625 -0.0833663940429687 0.41583251953125 0.77581787109375
0.064117431640625 -0.172500610351563 -0.27276611328125 0.885009765625
0.165985107421875 -0.118179321289063 -0.381439208984375 0.356597900390625
0.195816040039063 -0.103683471679688 0.168594360351563 -0.141845703125
0.0657196044921875 -0.136817932128906 0.141357421875 -0.77777099609375
-0.0295257568359375 -0.097442626953125 -0.5302734375 -0.728271484375
-0.0469398498535156 -0.0102500915527344 -0.7442626953125 0.08575439453125
-0.0106735229492188 0.0271148681640625 -0.26873779296875 0.538970947265625
0.0207157135009766 0.0124034881591797 0.13372802734375 0.467681884765625
0.00846099853515625 0.0180091857910156 0.31121826171875 0.17852783203125
0.00889492034912109 0.011749267578125 0.3282470703125 -0.081085205078125
0.0294055938720703 0.0142822265625 -0.313201904296875 -0.02197265625
0.0269222259521484 0.0176334381103516 -0.138580322265625 -0.280746459960938
0.0301246643066406 0.0199394226074219 0.300048828125 -0.389862060546875
-0.0107975006103516 0.010746955871582 0.720703125 -0.073486328125
-0.0559616088867188 -0.082061767578125 0.5377197265625 0.65740966796875
0.0439453125 -0.2120361328125 -0.10400390625 0.9080810546875
0.18768310546875 -0.180023193359375 -0.368438720703125 0.4453125
0.255142211914063 -0.1475830078125 0.106361389160156 -0.0720367431640625
0.108734130859375 -0.187454223632813 0.21978759765625 -0.72198486328125
-0.0193634033203125 -0.14013671875 -0.4156494140625 -0.812255859375
-0.0557861328125 -0.0273780822753906 -0.7745361328125 -0.047119140625
-0.0148658752441406 0.0272922515869141 -0.3739013671875 0.498199462890625
0.0224971771240234 0.0160579681396484 0.05828857421875 0.485626220703125
0.0143890380859375 0.0223312377929688 0.28662109375 0.21337890625
0.0112819671630859 0.0247001647949219 0.33111572265625 -0.063201904296875
0.0167121887207031 -0.069366455078125 -0.32855224609375 0.013153076171875
0.00365447998046875 -0.0283527374267578 -0.255874633789063 -0.265167236328125
0.026885986328125 -0.0229740142822266 0.075347900390625 -0.476104736328125
0.0337009429931641 0.0155277252197266 0.551239013671875 -0.369842529296875
0.0139846801757813 0.0670547485351563 0.69451904296875 0.31146240234375
-0.014801025390625 0.117713928222656 0.27569580078125 0.85064697265625
-0.0930023193359375 0.210830688476563 -0.22381591796875 0.64251708984375
-0.179931640625 0.189010620117188 0.0288467407226563 0.0738067626953125
-0.138015747070313 0.206451416015625 0.42645263671875 -0.5706787109375
-0.00155639648437499 0.150924682617188 -0.03936767578125 -0.9775390625
0.0287361145019531 0.0697288513183594 -0.7447509765625 -0.436767578125
0.0012660026550293 0.00489234924316406 -0.62042236328125 0.29852294921875
0.0181751251220703 -0.0147380828857422 -0.164154052734375 0.477020263671875
0.00228309631347656 -0.0277309417724609 0.191558837890625 0.260162353515625
-0.006072998046875 -0.0562744140625 0.3114013671875 -0.0291748046875
0.0190353393554687 -0.0629310607910156 -0.33013916015625 -0.00738525390625001
0.00550270080566406 -0.0221385955810547 -0.202484130859375 -0.2919921875
0.0302295684814453 -0.0165252685546875 0.1954345703125 -0.455535888671875
0.0273571014404297 0.0235500335693359 0.66510009765625 -0.23052978515625
-0.00618362426757812 0.06756591796875 0.6265869140625 0.50518798828125
-0.041290283203125 0.114891052246094 0.0761718749999999 0.90740966796875
-0.124542236328125 0.20086669921875 -0.293243408203125 0.542816162109375
-0.171966552734375 0.182586669921875 0.10491943359375 -0.0195770263671875
-0.101882934570312 0.196853637695313 0.33935546875 -0.68798828125
0.0190353393554688 0.126731872558594 -0.26116943359375 -0.92254638671875
0.0319480895996094 0.0481834411621094 -0.7899169921875 -0.2252197265625
-0.00660800933837891 0.000364303588867187 -0.499237060546875 0.41851806640625
0.0100212097167969 -0.014225959777832 -0.045074462890625 0.488616943359375
-0.00571823120117187 -0.0243358612060547 0.23980712890625 0.227188110351563
-0.00883483886718751 -0.05609130859375 0.31304931640625 -0.049774169921875
0.0210609436035156 -0.0513992309570313 -0.32586669921875 -0.02435302734375
0.00759506225585938 -0.0129318237304688 -0.1463623046875 -0.305084228515625
0.030792236328125 -0.00819778442382813 0.30657958984375 -0.4122314453125
0.0169563293457031 0.0268192291259766 0.737548828125 -0.07183837890625
-0.02691650390625 0.0510063171386719 0.51800537109375 0.67315673828125
-0.0558013916015625 0.082855224609375 -0.1282958984375 0.91851806640625
-0.124618530273438 0.157745361328125 -0.33770751953125 0.437469482421875
-0.127792358398438 0.149139404296875 0.168701171875 -0.104110717773437
-0.0592041015625 0.154220581054688 0.2384033203125 -0.76983642578125
0.0263748168945312 0.0853729248046875 -0.43389892578125 -0.83111572265625
0.0226593017578125 0.0262069702148438 -0.78167724609375 -0.03839111328125
-0.0125846862792969 0.00109481811523438 -0.37164306640625 0.498199462890625
0.00562953948974609 -0.0100460052490234 0.062103271484375 0.479949951171875
-0.00877952575683594 -0.0186672210693359 0.28076171875 0.192108154296875
-0.00832748413085938 -0.050628662109375 0.315399169921875 -0.0716552734375
0.0232391357421875 -0.0381660461425781 -0.3211669921875 -0.0367431640625
0.00897979736328125 -0.00195217132568359 -0.100830078125 -0.30712890625
0.0289688110351563 2.288818359375E-05 0.387115478515625 -0.360321044921875
0.004974365234375 0.0202083587646484 0.7650146484375 0.06292724609375
-0.0383110046386719 0.0167121887207031 0.400146484375 0.7874755859375
-0.0444679260253906 0.02655029296875 -0.28814697265625 0.89312744140625
-0.08013916015625 0.095672607421875 -0.358795166015625 0.354095458984375
-0.0591659545898437 0.094268798828125 0.21148681640625 -0.165283203125
-0.0236968994140625 0.0884933471679688 0.15155029296875 -0.813720703125
0.0167236328125 0.0379066467285156 -0.54400634765625 -0.73638916015625
0.00632667541503906 0.0120182037353516 -0.74822998046875 0.0924072265625
-0.0139093399047852 0.00753498077392578 -0.266998291015625 0.54058837890625
0.00593137741088867 -0.00519084930419922 0.1405029296875 0.46356201171875
-0.00739288330078125 -0.00939655303955078 0.30712890625 0.164825439453125
-0.00562286376953125 -0.0389976501464844 0.3179931640625 -0.0867919921875
0.0252323150634766 -0.0223274230957031 -0.31683349609375 -0.0416259765625
0.0107555389404297 0.0068817138671875 -0.074188232421875 -0.30218505859375
0.0253467559814453 0.00706672668457031 0.427703857421875 -0.326629638671875
-0.0045166015625 0.0107955932617187 0.772705078125 0.13836669921875
-0.038970947265625 -0.0245552062988281 0.32696533203125 0.84033203125
-0.00228118896484375 -0.0406227111816406 -0.37164306640625 0.867919921875
0.00349998474121094 0.0257492065429688 -0.3692626953125 0.308074951171875
0.0264225006103516 0.0271511077880859 0.225997924804688 -0.193023681640625
0.00444698333740234 0.0116605758666992 0.0999145507812499 -0.8265380859375
-0.00307464599609375 -0.00788688659667969 -0.59368896484375 -0.68096923828125
-0.0131626129150391 0.00416946411132812 -0.72283935546875 0.1573486328125
-0.012059211730957 0.0147628784179688 -0.211578369140625 0.55615234375
0.0104703903198242 0.00142288208007813 0.178619384765625 0.45172119140625
-0.00360655784606934 0.000893115997314453 0.32305908203125 0.151641845703125
-0.000793457031249998 -0.0228462219238281 0.321197509765625 -0.095733642578125
0.0266704559326172 -0.00797080993652344 -0.31396484375 -0.0400085449218751
0.0158748626708984 0.0142173767089844 -0.072662353515625 -0.295806884765625
0.0240383148193359 0.0130653381347656 0.425506591796875 -0.322509765625
-0.0106086730957031 0.00307655334472656 0.769775390625 0.13787841796875
-0.0373153686523437 -0.0624122619628906 0.3363037109375 0.83953857421875
0.0424880981445313 -0.110458374023438 -0.36749267578125 0.86761474609375
0.097625732421875 -0.0462417602539063 -0.37811279296875 0.309326171875
0.115524291992188 -0.0438385009765625 0.210357666015625 -0.185317993164063
0.031494140625 -0.0671958923339844 0.0986328125 -0.8160400390625
-0.0216484069824219 -0.0519371032714844 -0.59381103515625 -0.68084716796875
-0.0317649841308594 0.000492095947265624 -0.723876953125 0.1553955078125
-0.00917434692382813 0.0229701995849609 -0.212158203125 0.55810546875
0.0159769058227539 0.00789546966552734 0.1793212890625 0.454376220703125
0.00274562835693359 0.0108585357666016 0.324249267578125 0.1551513671875
0.00392246246337891 -0.00431513786315918 0.325927734375 -0.095123291015625
0.0292110443115234 0.00510215759277344 -0.314544677734375 -0.03240966796875
0.0202865600585938 0.0176868438720703 -0.096466064453125 -0.2899169921875
0.0250396728515625 0.0172767639160156 0.384246826171875 -0.35150146484375
-0.0136823654174805 0.00228595733642578 0.76153564453125 0.0570068359375
-0.0433807373046875 -0.083709716796875 0.42022705078125 0.783203125
0.06292724609375 -0.17388916015625 -0.2723388671875 0.89324951171875
0.167251586914063 -0.11981201171875 -0.383819580078125 0.360809326171875
0.197311401367188 -0.106460571289063 0.168960571289063 -0.143325805664063
0.0659332275390625 -0.138221740722656 0.14013671875 -0.78497314453125
-0.0298538208007813 -0.0978469848632813 -0.53839111328125 -0.7332763671875
-0.0477867126464844 -0.00969314575195313 -0.7508544921875 0.0909423828124999
-0.0103664398193359 0.0275173187255859 -0.2684326171875 0.54498291015625
0.0210933685302734 0.0123310089111328 0.1385498046875 0.4713134765625
0.0103378295898438 0.0185260772705078 0.314727783203125 0.178680419921875
0.00891304016113281 0.0126180648803711 0.331268310546875 -0.08453369140625
0.0290870666503906 0.014617919921875 -0.316497802734375 -0.0191650390625
0.0263442993164063 0.0172386169433594 -0.141510009765625 -0.281524658203125
0.0300998687744141 0.0200176239013672 0.302032470703125 -0.3980712890625
-0.0113277435302734 0.00994205474853515 0.727294921875 -0.07806396484375
-0.0569992065429687 -0.082916259765625 0.5467529296875 0.6605224609375
0.042633056640625 -0.213729858398438 -0.0984497070312501 0.91644287109375
0.189117431640625 -0.1826171875 -0.3701171875 0.451416015625
0.257064819335937 -0.150802612304687 0.106300354003906 -0.0713119506835938
0.109893798828125 -0.191543579101563 0.2188720703125 -0.7275390625
-0.019500732421875 -0.140716552734375 -0.4228515625 -0.8189697265625
-0.0567245483398438 -0.0275764465332031 -0.78106689453125 -0.0453491210937499
-0.0142917633056641 0.0282917022705078 -0.373992919921875 0.503753662109375
0.0228862762451172 0.0151824951171875 0.060821533203125 0.490081787109375
0.0151176452636719 0.0218944549560547 0.291412353515625 0.212738037109375
0.0124111175537109 0.0246124267578125 0.3328857421875 -0.065887451171875
0.0160865783691406 -0.0695724487304688 -0.332183837890625 0.016693115234375
0.00305938720703125 -0.0288524627685547 -0.261245727539063 -0.264083862304688
0.0269966125488281 -0.0245399475097656 0.070281982421875 -0.479766845703125
0.0353050231933594 0.0141792297363281 0.5523681640625 -0.377227783203125
0.0146522521972656 0.0672264099121094 0.70416259765625 0.31011962890625
-0.01409912109375 0.118812561035156 0.28363037109375 0.85772705078125
-0.0923309326171875 0.21343994140625 -0.22003173828125 0.64892578125
-0.180801391601563 0.191757202148437 0.0291976928710937 0.0754241943359375
-0.136016845703125 0.21002197265625 0.42437744140625 -0.57818603515625
4.57763671875103E-05 0.152923583984375 -0.0445556640625 -0.9849853515625
0.0309333801269531 0.0701408386230469 -0.75244140625 -0.43670654296875
0.00143194198608398 0.00535964965820312 -0.6239013671875 0.30413818359375
0.0186386108398438 -0.0155258178710937 -0.160308837890625 0.482147216796875
0.00213813781738281 -0.0289535522460938 0.194976806640625 0.260269165039063
-0.00737380981445313 -0.0565605163574219 0.31402587890625 -0.031341552734375
0.0181999206542969 -0.0639381408691406 -0.3326416015625 -0.00344848632812502
0.00503349304199219 -0.0225467681884766 -0.2060546875 -0.291473388671875
0.0312576293945313 -0.017364501953125 0.19451904296875 -0.461334228515625
0.0279350280761719 0.0232353210449219 0.6690673828125 -0.2359619140625
-0.00508117675781251 0.0675888061523438 0.636962890625 0.50494384765625
-0.0412445068359375 0.116142272949219 0.08154296875 0.91510009765625
-0.12371826171875 0.20269775390625 -0.29071044921875 0.5487060546875
-0.170196533203125 0.185226440429687 0.106132507324219 -0.0204544067382812
-0.101470947265625 0.199417114257813 0.337646484375 -0.6976318359375
0.0212860107421875 0.127754211425781 -0.2698974609375 -0.9295654296875
0.0326309204101563 0.047821044921875 -0.800048828125 -0.220947265625
-0.00693702697753906 -0.000277519226074219 -0.500762939453125 0.425628662109375
0.0102777481079102 -0.0147237777709961 -0.0401611328125 0.49285888671875
-0.0058135986328125 -0.0255165100097656 0.2449951171875 0.227401733398438
-0.0093841552734375 -0.0557403564453125 0.31573486328125 -0.05364990234375
0.0204391479492187 -0.0533294677734375 -0.328704833984375 -0.021331787109375
0.00654983520507813 -0.0128993988037109 -0.15081787109375 -0.305328369140625
0.0304164886474609 -0.00913047790527344 0.30633544921875 -0.417449951171875
0.0172805786132813 0.0256996154785156 0.744140625 -0.077392578125
-0.0269660949707031 0.0512886047363281 0.52752685546875 0.67718505859375
-0.0576400756835938 0.0837249755859375 -0.1226806640625 0.92919921875
-0.125320434570313 0.159759521484375 -0.338287353515625 0.4444580078125
-0.1279296875 0.151504516601563 0.169296264648438 -0.105621337890625
-0.0587615966796875 0.156768798828125 0.2344970703125 -0.7763671875
0.027374267578125 0.0859375 -0.44268798828125 -0.83453369140625
0.0232219696044922 0.0255832672119141 -0.79022216796875 -0.0338134765625001
-0.0123872756958008 0.00168704986572266 -0.371612548828125 0.504730224609375
0.00533771514892578 -0.0104312896728516 0.066558837890625 0.48431396484375
-0.00987052917480469 -0.0183792114257812 0.284088134765625 0.19171142578125
-0.00836181640625 -0.0504226684570312 0.31854248046875 -0.073883056640625
0.0222015380859375 -0.038909912109375 -0.324920654296875 -0.033966064453125
0.00829124450683594 -0.00210380554199219 -0.103759765625 -0.308349609375
0.0288543701171875 -0.000804901123046875 0.387115478515625 -0.36785888671875
0.0053863525390625 0.0195789337158203 0.7740478515625 0.0576171875
-0.0393409729003906 0.0168685913085938 0.409912109375 0.79345703125
-0.0442771911621094 0.0281028747558594 -0.28375244140625 0.9033203125
-0.0798797607421875 0.0976028442382813 -0.358642578125 0.358612060546875
-0.0586700439453125 0.0957489013671875 0.211334228515625 -0.16558837890625
-0.0227813720703125 0.0895004272460938 0.14581298828125 -0.8209228515625
0.0172843933105469 0.0390892028808594 -0.5535888671875 -0.7412109375
0.00615406036376953 0.0116758346557617 -0.7540283203125 0.0986938476562499
-0.0141258239746094 0.00665664672851563 -0.265228271484375 0.5474853515625
0.00632810592651367 -0.00434112548828125 0.145721435546875 0.4654541015625
-0.00823974609375 -0.00911426544189453 0.31103515625 0.16485595703125
-0.005401611328125 -0.0386543273925781 0.321441650390625 -0.090728759765625
0.0253448486328125 -0.0230216979980469 -0.319854736328125 -0.0397338867187499
0.0112743377685547 0.00747108459472656 -0.07659912109375 -0.3038330078125
0.0251636505126953 0.00716972351074219 0.429473876953125 -0.33099365234375
-0.00480175018310547 0.0102148056030273 0.77947998046875 0.13446044921875
-0.0403327941894531 -0.0240821838378906 0.3372802734375 0.84539794921875
-0.00304794311523438 -0.0405426025390625 -0.3702392578125 0.87774658203125
0.0040435791015625 0.0262546539306641 -0.369873046875 0.313140869140625
0.0269737243652344 0.0267658233642578 0.225936889648437 -0.194717407226562
0.00525569915771484 0.0117826461791992 0.0951538085937499 -0.83349609375
-0.00198078155517578 -0.00787687301635742 -0.60345458984375 -0.68316650390625
-0.0131216049194336 0.00492477416992188 -0.72918701171875 0.16314697265625
-0.0117082595825195 0.015040397644043 -0.209014892578125 0.561767578125
0.0112628936767578 0.00135231018066406 0.18560791015625 0.4527587890625
-0.0036613941192627 0.00108575820922852 0.325714111328125 0.150543212890625
-0.00167083740234375 -0.0222511291503906 0.32403564453125 -0.09893798828125
0.0271015167236328 -0.00806427001953125 -0.317413330078125 -0.0377197265625
0.0156793594360352 0.0144920349121094 -0.075531005859375 -0.29730224609375
0.0240306854248047 0.0118961334228516 0.429046630859375 -0.328033447265625
-0.0104494094848633 0.00182628631591797 0.77825927734375 0.132080078125
-0.0387229919433594 -0.062652587890625 0.345458984375 0.8436279296875
0.0422744750976563 -0.111526489257813 -0.364990234375 0.87652587890625
0.0982208251953125 -0.0468521118164063 -0.380218505859375 0.316009521484375
0.117118835449219 -0.0454254150390625 0.212020874023438 -0.187240600585938
0.0318145751953125 -0.0682144165039063 0.09466552734375 -0.82183837890625
-0.0214614868164062 -0.0519142150878906 -0.6029052734375 -0.68438720703125
-0.03118896484375 0.000545501708984377 -0.72979736328125 0.16278076171875
-0.00875473022460938 0.0229320526123047 -0.21051025390625 0.5653076171875
0.0157232284545898 0.0068359375 0.1849365234375 0.45574951171875
0.00240612030029297 0.0112943649291992 0.32916259765625 0.15460205078125
0.00359535217285156 -0.00397086143493652 0.32843017578125 -0.100189208984375
0.0292720794677734 0.00581932067871094 -0.3182373046875 -0.02862548828125
0.0209293365478516 0.0175552368164063 -0.1002197265625 -0.2901611328125
0.0254764556884766 0.0169715881347656 0.3856201171875 -0.357391357421875
-0.0142078399658203 0.00226974487304688 0.7694091796875 0.0521240234375
-0.0448760986328125 -0.0846786499023437 0.4327392578125 0.7861328125
0.0615997314453125 -0.174850463867187 -0.2672119140625 0.90264892578125
0.166961669921875 -0.121505737304688 -0.385284423828125 0.3665771484375
0.19873046875 -0.108230590820313 0.170257568359375 -0.144256591796875
0.066131591796875 -0.140884399414063 0.136474609375 -0.79095458984375
-0.0308761596679688 -0.0980987548828125 -0.5484619140625 -0.73626708984375
-0.0483589172363281 -0.00988388061523438 -0.75830078125 0.0963134765624999
-0.00926589965820312 0.0283699035644531 -0.266815185546875 0.55303955078125
0.020599365234375 0.0122528076171875 0.144744873046875 0.473175048828125
0.0100021362304688 0.019256591796875 0.319488525390625 0.177703857421875
0.00950050354003906 0.0136470794677734 0.3330078125 -0.0882568359375
0.0291328430175781 0.0153522491455078 -0.320281982421875 -0.0161132812500001
0.0263233184814453 0.0179767608642578 -0.144927978515625 -0.280624389648438
0.0300579071044922 0.0191268920898437 0.300445556640625 -0.402862548828125
-0.0110130310058594 0.00914573669433594 0.73284912109375 -0.085205078125
-0.0590744018554687 -0.08306884765625 0.55694580078125 0.66131591796875
0.0417022705078125 -0.216156005859375 -0.0935058593749999 0.92449951171875
0.189376831054688 -0.184677124023438 -0.371337890625 0.45770263671875
0.257797241210938 -0.1539306640625 0.106864929199219 -0.0718307495117188
0.11053466796875 -0.19281005859375 0.21429443359375 -0.73468017578125
-0.02008056640625 -0.142852783203125 -0.43218994140625 -0.82232666015625
-0.0568580627441406 -0.027252197265625 -0.7890625 -0.0411376953125001
-0.0138969421386719 0.0292072296142578 -0.37261962890625 0.51171875
0.0225257873535156 0.0154323577880859 0.0646057128906251 0.493499755859375
0.0147933959960938 0.0217876434326172 0.29541015625 0.21405029296875
0.0126304626464844 0.0257759094238281 0.336883544921875 -0.0697021484375
0.0139808654785156 -0.0702285766601563 -0.334716796875 0.020111083984375
0.00107002258300781 -0.0295906066894531 -0.264999389648438 -0.263290405273438
0.0277748107910156 -0.025054931640625 0.0664367675781251 -0.484222412109375
0.0355186462402344 0.0151748657226563 0.55413818359375 -0.384002685546875
0.0146141052246094 0.0679512023925781 0.714599609375 0.30743408203125
-0.0147476196289063 0.119705200195313 0.29339599609375 0.8623046875
-0.0916290283203125 0.215850830078125 -0.21832275390625 0.65576171875
-0.1795654296875 0.194656372070313 0.030303955078125 0.0758514404296875
-0.136306762695312 0.212432861328125 0.423095703125 -0.58599853515625
0.00151062011718749 0.153778076171875 -0.0556030273437501 -0.993408203125
0.0316047668457031 0.0696868896484375 -0.763427734375 -0.43359375
0.00154972076416016 0.00531768798828125 -0.628662109375 0.31201171875
0.0185432434082031 -0.0156497955322266 -0.157501220703125 0.48583984375
0.00177001953125 -0.0290298461914063 0.198974609375 0.260757446289063
-0.008758544921875 -0.0561904907226562 0.316436767578125 -0.03509521484375
0.0158805847167969 -0.064239501953125 -0.33599853515625 -0.000793457031250004
0.00481605529785156 -0.0214004516601563 -0.21044921875 -0.2906494140625
0.0305366516113281 -0.0188655853271484 0.1915283203125 -0.465362548828125
0.0301914215087891 0.0226364135742188 0.67059326171875 -0.24310302734375
-0.00564193725585938 0.0685310363769531 0.64764404296875 0.505126953125
-0.040985107421875 0.117401123046875 0.091796875 0.92254638671875
-0.123611450195312 0.205856323242188 -0.29046630859375 0.554931640625
-0.170318603515625 0.1876220703125 0.106246948242188 -0.0204086303710937
-0.099822998046875 0.203170776367188 0.33636474609375 -0.7039794921875
0.0235824584960937 0.1287841796875 -0.2802734375 -0.9361572265625
0.0340118408203125 0.04766845703125 -0.80792236328125 -0.216552734375
-0.00674962997436523 0.000881195068359375 -0.501617431640625 0.434356689453125
0.00927257537841797 -0.0153465270996094 -0.034942626953125 0.497161865234375
-0.00597381591796875 -0.0260906219482422 0.250457763671875 0.226791381835938
-0.0105438232421875 -0.0554428100585938 0.31951904296875 -0.056304931640625
0.018096923828125 -0.0535736083984375 -0.332275390625 -0.017425537109375
0.00553035736083984 -0.0125017166137695 -0.154052734375 -0.30560302734375
0.0308876037597656 -0.0103492736816406 0.30523681640625 -0.4246826171875
0.0186367034912109 0.0251598358154297 0.748291015625 -0.0853271484375
-0.0278968811035156 0.0506973266601563 0.53790283203125 0.67742919921875
-0.056976318359375 0.0856857299804688 -0.11663818359375 0.9359130859375
-0.124237060546875 0.16278076171875 -0.3370361328125 0.450653076171875
-0.127487182617188 0.152816772460938 0.169448852539063 -0.106704711914062
-0.0573272705078125 0.158966064453125 0.23101806640625 -0.7879638671875
0.0287857055664063 0.0869293212890625 -0.45458984375 -0.841064453125
0.0238113403320313 0.0255947113037109 -0.7958984375 -0.0272827148437502
-0.0124082565307617 0.00310516357421875 -0.370361328125 0.513885498046875
0.00464820861816406 -0.0110912322998047 0.0706787109375 0.487579345703125
-0.00963211059570313 -0.0187053680419922 0.288909912109375 0.190673828125
-0.0102272033691406 -0.0500373840332031 0.32098388671875 -0.07818603515625
0.021636962890625 -0.0395317077636719 -0.328369140625 -0.029571533203125
0.00737380981445313 -0.00344514846801758 -0.10821533203125 -0.30792236328125
0.0278358459472656 -0.00215339660644531 0.38836669921875 -0.37396240234375
0.005279541015625 0.0199775695800781 0.78375244140625 0.05035400390625
-0.03948974609375 0.0171127319335938 0.4200439453125 0.79351806640625
-0.0452308654785156 0.0282135009765625 -0.28106689453125 0.91162109375
-0.0796661376953125 0.098114013671875 -0.35955810546875 0.365570068359375
-0.0581436157226562 0.0963821411132813 0.211959838867187 -0.166595458984375
-0.0220489501953125 0.0908584594726563 0.141357421875 -0.829345703125
0.01800537109375 0.0391921997070313 -0.56658935546875 -0.74468994140625
0.00671577453613281 0.0116138458251953 -0.75994873046875 0.1063232421875
-0.0142354965209961 0.00746345520019531 -0.263580322265625 0.5540771484375
0.0064692497253418 -0.00548028945922852 0.15234375 0.468597412109375
-0.00839805603027344 -0.00957965850830078 0.31591796875 0.16229248046875
-0.00604629516601562 -0.0393142700195313 0.3221435546875 -0.0947265625
0.0245151519775391 -0.0232620239257812 -0.323272705078125 -0.0360412597656251
0.0102005004882813 0.00708866119384766 -0.079498291015625 -0.303985595703125
0.0245380401611328 0.00570297241210937 0.43157958984375 -0.339599609375
-0.00515174865722656 0.00927257537841797 0.7886962890625 0.12860107421875
-0.0417442321777344 -0.0248794555664063 0.348388671875 0.8499755859375
-0.00493621826171875 -0.0397834777832031 -0.3671875 0.88677978515625
0.00337982177734375 0.0267753601074219 -0.372772216796875 0.3182373046875
0.0282878875732422 0.0257701873779297 0.225051879882813 -0.197113037109375
0.00598812103271485 0.0117263793945313 0.09063720703125 -0.84161376953125
-0.00196743011474609 -0.0066065788269043 -0.61749267578125 -0.6845703125
-0.01275634765625 0.00563716888427735 -0.7349853515625 0.1712646484375
-0.0118875503540039 0.01568603515625 -0.20501708984375 0.56964111328125
0.0104761123657227 0.00220775604248047 0.191436767578125 0.4556884765625
-0.0028693675994873 0.000974893569946289 0.33038330078125 0.147369384765625
-0.00170707702636719 -0.0217151641845703 0.325653076171875 -0.10479736328125
0.0261020660400391 -0.00709915161132812 -0.319061279296875 -0.03350830078125
0.0155420303344727 0.0155429840087891 -0.079071044921875 -0.297576904296875
0.0240383148193359 0.0110492706298828 0.43072509765625 -0.336212158203125
-0.0104312896728516 0.00114059448242188 0.7862548828125 0.1270751953125
-0.0401344299316406 -0.0626792907714844 0.35467529296875 0.84832763671875
0.0408172607421875 -0.112464904785156 -0.36199951171875 0.88720703125
0.0974502563476563 -0.0473861694335938 -0.380218505859375 0.319610595703125
0.118721008300781 -0.0461959838867188 0.211090087890625 -0.189910888671875
0.0329971313476562 -0.0693511962890625 0.0870971679687499 -0.83056640625
-0.0223197937011719 -0.053314208984375 -0.612060546875 -0.68560791015625
-0.0329418182373047 -0.000558853149414063 -0.73516845703125 0.171630859375
-0.00919723510742188 0.0229129791259766 -0.205322265625 0.57177734375
0.0150966644287109 0.00711822509765625 0.190582275390625 0.457305908203125
0.00297641754150391 0.0115394592285156 0.334930419921875 0.15325927734375
0.00360321998596191 -0.00338292121887207 0.3311767578125 -0.10406494140625
0.0290489196777344 0.00539970397949219 -0.3218994140625 -0.0247192382812501
0.0202159881591797 0.0183658599853516 -0.103240966796875 -0.290679931640625
0.0254077911376953 0.0159416198730469 0.38446044921875 -0.36468505859375
-0.0146589279174805 0.000986099243164063 0.77618408203125 0.043701171875
-0.0466384887695312 -0.0843887329101563 0.443115234375 0.78900146484375
0.0609893798828125 -0.17626953125 -0.26275634765625 0.91241455078125
0.167953491210938 -0.12298583984375 -0.3865966796875 0.373199462890625
0.199615478515625 -0.110214233398438 0.169235229492188 -0.14459228515625
0.0655364990234375 -0.143142700195313 0.1318359375 -0.79791259765625
-0.0309219360351562 -0.0997543334960937 -0.55999755859375 -0.7381591796875
-0.0481719970703125 -0.00859832763671875 -0.76446533203125 0.10357666015625
-0.00963783264160156 0.0287189483642578 -0.26446533203125 0.56060791015625
0.0215129852294922 0.0122432708740234 0.150634765625 0.47503662109375
0.00892066955566406 0.0184803009033203 0.325164794921875 0.17608642578125
0.00892829895019531 0.0144252777099609 0.3360595703125 -0.093475341796875
0.0302028656005859 0.0150279998779297 -0.32379150390625 -0.0120239257812499
0.0265827178955078 0.0184726715087891 -0.147796630859375 -0.282257080078125
0.0290927886962891 0.0181331634521484 0.300811767578125 -0.40936279296875
-0.0118427276611328 0.00887584686279297 0.739990234375 -0.094482421875
-0.0597076416015625 -0.0835189819335938 0.56976318359375 0.6632080078125
0.040374755859375 -0.216995239257813 -0.08795166015625 0.93023681640625
0.1890869140625 -0.187896728515625 -0.371826171875 0.46612548828125
0.25897216796875 -0.15771484375 0.107246398925781 -0.0728073120117188
0.109893798828125 -0.195816040039062 0.21142578125 -0.74139404296875
-0.021728515625 -0.143783569335938 -0.4434814453125 -0.82763671875
-0.0573463439941406 -0.0266761779785156 -0.79730224609375 -0.0358276367187502
-0.0129203796386719 0.0284137725830078 -0.370697021484375 0.5186767578125
0.0227413177490234 0.0164928436279297 0.0704650878906249 0.49627685546875
0.0156059265136719 0.0223255157470703 0.300933837890625 0.21343994140625
0.0127525329589844 0.0260009765625 0.338836669921875 -0.074798583984375
0.0122222900390625 -0.0711517333984375 -0.337860107421875 0.0246582031249999
0.00170326232910156 -0.0305995941162109 -0.270675659179688 -0.261795043945313
0.0274906158447266 -0.0256900787353516 0.06072998046875 -0.48822021484375
0.0361480712890625 0.0124664306640625 0.5552978515625 -0.395660400390625
0.0157546997070312 0.06787109375 0.72357177734375 0.3026123046875
-0.0142440795898438 0.121047973632813 0.3062744140625 0.86639404296875
-0.0894927978515625 0.21734619140625 -0.2127685546875 0.6632080078125
-0.178466796875 0.196258544921875 0.0307235717773437 0.0768280029296875
-0.134506225585937 0.217041015625 0.42254638671875 -0.59478759765625
0.00372314453125001 0.155181884765625 -0.0648193359375 -1.00341796875
0.033935546875 0.0702056884765625 -0.77447509765625 -0.4298095703125
0.00199651718139648 0.00682306289672852 -0.62933349609375 0.323486328125
0.0175952911376953 -0.0165042877197266 -0.153076171875 0.491180419921875
0.00172042846679687 -0.0300540924072266 0.203598022460938 0.26116943359375
-0.00849151611328125 -0.0562324523925781 0.319366455078125 -0.04010009765625
0.014251708984375 -0.0656852722167969 -0.337799072265625 0.00436401367187505
0.003570556640625 -0.0225315093994141 -0.217529296875 -0.289581298828125
0.0306739807128906 -0.0203475952148438 0.187896728515625 -0.471588134765625
0.0299644470214844 0.0214653015136719 0.67510986328125 -0.25323486328125
-0.0044403076171875 0.0700263977050781 0.65875244140625 0.5010986328125
-0.0416107177734375 0.119834899902344 0.10235595703125 0.92999267578125
-0.12255859375 0.208114624023438 -0.2857666015625 0.56243896484375
-0.1695556640625 0.190521240234375 0.105850219726563 -0.0209121704101562
-0.0985565185546875 0.205795288085938 0.3302001953125 -0.71337890625
0.0245513916015625 0.129829406738281 -0.2926025390625 -0.94171142578125
0.0339622497558594 0.0476608276367188 -0.818603515625 -0.21051025390625
-0.00610113143920899 0.00178718566894531 -0.500701904296875 0.444183349609375
0.0100612640380859 -0.0154914855957031 -0.029449462890625 0.500030517578125
-0.00656700134277344 -0.0251255035400391 0.25360107421875 0.226181030273438
-0.0109825134277344 -0.0561065673828125 0.3214111328125 -0.06298828125
0.0169105529785156 -0.0536155700683594 -0.3359375 -0.0128479003906249
0.00571537017822266 -0.0124721527099609 -0.159912109375 -0.30462646484375
0.0310516357421875 -0.0115070343017578 0.30267333984375 -0.429168701171875
0.0184154510498047 0.0230464935302734 0.7540283203125 -0.09503173828125
-0.0270156860351562 0.0530586242675781 0.55047607421875 0.67864990234375
-0.0577926635742187 0.0865554809570313 -0.10650634765625 0.945068359375
-0.123947143554687 0.164459228515625 -0.333892822265625 0.45648193359375
-0.126968383789063 0.1544189453125 0.1689453125 -0.1072998046875
-0.0555419921875 0.160797119140625 0.22442626953125 -0.79437255859375
0.0292816162109375 0.08642578125 -0.4669189453125 -0.840576171875
0.0238590240478516 0.0261383056640625 -0.80352783203125 -0.0200195312499999
-0.012141227722168 0.0032968521118164 -0.36663818359375 0.5224609375
0.00483798980712891 -0.0114469528198242 0.0783691406249999 0.488037109375
-0.0095672607421875 -0.01837158203125 0.292999267578125 0.18914794921875
-0.0109901428222656 -0.050506591796875 0.323028564453125 -0.083892822265625
0.0218315124511719 -0.0400123596191406 -0.331512451171875 -0.024322509765625
0.00777578353881836 -0.00282096862792969 -0.112884521484375 -0.3082275390625
0.0286140441894531 -0.00241661071777344 0.387786865234375 -0.38165283203125
0.00596046447753906 0.0183506011962891 0.7877197265625 0.04248046875
-0.0399856567382813 0.0186233520507812 0.43292236328125 0.797607421875
-0.0462188720703125 0.0304679870605469 -0.27227783203125 0.9212646484375
-0.0797119140625 0.100425720214844 -0.35943603515625 0.370208740234375
-0.0584259033203125 0.0980758666992187 0.21142578125 -0.169540405273438
-0.0200424194335937 0.0915756225585938 0.13330078125 -0.83624267578125
0.0182113647460938 0.0383567810058594 -0.5787353515625 -0.7457275390625
0.00728034973144531 0.0118579864501953 -0.7659912109375 0.1151123046875
-0.0142765045166016 0.00835132598876953 -0.25848388671875 0.5604248046875
0.00588893890380859 -0.00618505477905273 0.15960693359375 0.467681884765625
-0.00793170928955078 -0.00932216644287109 0.3193359375 0.159912109375
-0.0069580078125 -0.0382499694824219 0.324981689453125 -0.09930419921875
0.0240726470947266 -0.0238056182861328 -0.32647705078125 -0.031005859375
0.00986194610595703 0.00744152069091797 -0.085540771484375 -0.304931640625
0.0250606536865234 0.00400161743164063 0.43170166015625 -0.345184326171875
-0.00395107269287109 0.00910472869873047 0.796142578125 0.12066650390625
-0.042144775390625 -0.0243988037109375 0.361083984375 0.852294921875
-0.00587844848632813 -0.0407676696777344 -0.361572265625 0.89898681640625
0.00297164916992187 0.0271072387695313 -0.3714599609375 0.322021484375
0.0279808044433594 0.0263080596923828 0.225784301757813 -0.199905395507813
0.00770759582519531 0.0124645233154297 0.0802001953125 -0.847412109375
-0.00273990631103516 -0.00753355026245117 -0.62799072265625 -0.68511962890625
-0.013545036315918 0.00594043731689453 -0.73809814453125 0.1812744140625
-0.0115604400634766 0.0162992477416992 -0.199462890625 0.57562255859375
0.0103349685668945 0.00131893157958984 0.198760986328125 0.45501708984375
-0.0041358470916748 0.00138568878173828 0.33453369140625 0.1456298828125
-0.00161170959472656 -0.0215263366699219 0.328460693359375 -0.109344482421875
0.0264835357666016 -0.00794601440429688 -0.32470703125 -0.02947998046875
0.0153970718383789 0.0141029357910156 -0.08319091796875 -0.297119140625
0.0237884521484375 0.0106410980224609 0.42926025390625 -0.34381103515625
-0.0115261077880859 0.00111961364746094 0.79547119140625 0.11761474609375
-0.041351318359375 -0.0630149841308594 0.36700439453125 0.8509521484375
0.0401535034179688 -0.112777709960938 -0.35479736328125 0.89666748046875
0.0979080200195313 -0.0478057861328125 -0.38232421875 0.325775146484375
0.118606567382813 -0.0474929809570313 0.2108154296875 -0.190673828125
0.0336112976074219 -0.0702171325683594 0.0816040039062501 -0.837890625
-0.0219192504882813 -0.0535850524902344 -0.62664794921875 -0.6845703125
-0.0318813323974609 0.00023651123046875 -0.74005126953125 0.17974853515625
-0.00922584533691406 0.0235977172851563 -0.20068359375 0.58056640625
0.0164260864257813 0.0072174072265625 0.19830322265625 0.45849609375
0.0034332275390625 0.0114564895629883 0.339019775390625 0.14996337890625
0.00440549850463867 -0.00306272506713867 0.333099365234375 -0.108978271484375
0.0290145874023438 0.00643348693847656 -0.324432373046875 -0.021514892578125
0.0198287963867188 0.0183086395263672 -0.106964111328125 -0.29144287109375
0.0241565704345703 0.0153656005859375 0.38531494140625 -0.3704833984375
-0.0145015716552734 0.00142955780029297 0.78265380859375 0.0361328125
-0.0482559204101563 -0.0849685668945313 0.45538330078125 0.78912353515625
0.058349609375 -0.178314208984375 -0.2554931640625 0.919921875
0.168060302734375 -0.126052856445313 -0.3861083984375 0.3798828125
0.200729370117188 -0.113861083984375 0.170074462890625 -0.146682739257813
0.065765380859375 -0.144058227539063 0.1231689453125 -0.80670166015625
-0.032135009765625 -0.100234985351563 -0.57342529296875 -0.7386474609375
-0.0487594604492188 -0.00930786132812499 -0.7694091796875 0.1134033203125
-0.0085601806640625 0.0289211273193359 -0.259033203125 0.56878662109375
0.021453857421875 0.0122241973876953 0.15869140625 0.477325439453125
0.0103015899658203 0.0189685821533203 0.328765869140625 0.173492431640625
0.0103893280029297 0.0141525268554687 0.33697509765625 -0.09820556640625
0.0302333831787109 0.0151729583740234 -0.327850341796875 -0.00729370117187498
0.0271091461181641 0.0184078216552734 -0.152496337890625 -0.282196044921875
0.0299263000488281 0.0181503295898438 0.300048828125 -0.416778564453125
-0.0122957229614258 0.00913238525390625 0.74462890625 -0.10260009765625
-0.0613632202148438 -0.0825042724609375 0.58111572265625 0.66180419921875
0.0381927490234375 -0.218246459960938 -0.0797119140625 0.93798828125
0.188995361328125 -0.190948486328125 -0.36968994140625 0.47137451171875
0.259674072265625 -0.161392211914063 0.106857299804688 -0.07330322265625
0.1097412109375 -0.199569702148438 0.20465087890625 -0.7503662109375
-0.0225372314453125 -0.144866943359375 -0.45574951171875 -0.82818603515625
-0.058319091796875 -0.0261573791503906 -0.803955078125 -0.0252685546875001
-0.0127334594726563 0.0288829803466797 -0.367584228515625 0.52813720703125
0.0237636566162109 0.0152072906494141 0.07586669921875 0.4991455078125
0.0163383483886719 0.0228614807128906 0.304656982421875 0.21234130859375
0.0131587982177734 0.0279293060302734 0.341064453125 -0.079010009765625
0.0108566284179687 -0.0721969604492188 -0.338836669921875 0.03009033203125
0.000125885009765622 -0.0308704376220703 -0.276504516601563 -0.258956909179688
0.0266914367675781 -0.0277671813964844 0.055450439453125 -0.4908447265625
0.0363578796386719 0.0122337341308594 0.553802490234375 -0.403778076171875
0.0170173645019531 0.0676116943359375 0.73388671875 0.29638671875
-0.0128860473632813 0.121498107910156 0.31781005859375 0.8675537109375
-0.0882568359375 0.219696044921875 -0.20587158203125 0.66876220703125
-0.176376342773438 0.1995849609375 0.0313949584960937 0.077667236328125
-0.132217407226563 0.220321655273437 0.41595458984375 -0.6026611328125
0.005615234375 0.156814575195313 -0.077392578125 -1.00665283203125
0.0346221923828125 0.0697784423828125 -0.78521728515625 -0.423095703125
0.00229883193969726 0.00642013549804688 -0.62860107421875 0.33160400390625
0.0182781219482422 -0.0172061920166016 -0.147308349609375 0.495574951171875
0.000999450683593752 -0.029937744140625 0.208328247070313 0.26007080078125
-0.00931930541992188 -0.0568351745605469 0.321746826171875 -0.045745849609375
0.0138397216796875 -0.0670661926269531 -0.340087890625 0.00836181640624998
0.00214385986328125 -0.0237560272216797 -0.2216796875 -0.28692626953125
0.0305519104003906 -0.0219402313232422 0.182403564453125 -0.47515869140625
0.0300350189208984 0.0196552276611328 0.67559814453125 -0.26300048828125
-0.00401687622070312 0.0698890686035156 0.670166015625 0.49774169921875
-0.0411529541015625 0.121406555175781 0.11456298828125 0.93414306640625
-0.120742797851562 0.210525512695313 -0.28155517578125 0.56805419921875
-0.16827392578125 0.192474365234375 0.106544494628906 -0.0216522216796875
-0.0951995849609375 0.208328247070312 0.32275390625 -0.71978759765625
0.0264205932617187 0.130783081054688 -0.306396484375 -0.9456787109375
0.0353660583496094 0.0475044250488281 -0.82568359375 -0.20013427734375
-0.00627565383911133 0.00223398208618164 -0.4979248046875 0.452728271484375
0.00907707214355469 -0.0158519744873047 -0.0225830078125 0.502960205078125
-0.00706672668457032 -0.0260543823242188 0.25848388671875 0.223617553710938
-0.0122947692871094 -0.0560264587402344 0.323486328125 -0.0673828125
0.0165023803710938 -0.0555992126464844 -0.337493896484375 -0.00845336914062503
0.00531959533691406 -0.0131244659423828 -0.16448974609375 -0.3035888671875
0.0301036834716797 -0.0121192932128906 0.29901123046875 -0.436920166015625
0.0185070037841797 0.0230293273925781 0.759033203125 -0.10650634765625
-0.0269088745117187 0.0535354614257813 0.5638427734375 0.67669677734375
-0.057708740234375 0.0888290405273438 -0.09625244140625 0.95159912109375
-0.123016357421875 0.166168212890625 -0.331207275390625 0.4635009765625
-0.125045776367188 0.157485961914062 0.168685913085938 -0.10870361328125
-0.0533447265625 0.16351318359375 0.2159423828125 -0.802001953125
0.0319137573242188 0.0878677368164063 -0.48309326171875 -0.84344482421875
0.0249595642089844 0.0261707305908203 -0.80926513671875 -0.0095825195312499
-0.0122671127319336 0.00390052795410156 -0.363494873046875 0.52996826171875
0.00458240509033203 -0.0115966796875 0.086669921875 0.4891357421875
-0.0108146667480469 -0.0193138122558594 0.29730224609375 0.1864013671875
-0.0110130310058594 -0.0501441955566406 0.324066162109375 -0.0887451171875
0.0201835632324219 -0.0409507751464844 -0.334136962890625 -0.020050048828125
0.00708770751953125 -0.00196933746337891 -0.117706298828125 -0.307403564453125
0.0279006958007813 -0.00401115417480469 0.386260986328125 -0.38824462890625
0.005889892578125 0.0174360275268555 0.795654296875 0.03369140625
-0.0410804748535156 0.0187339782714844 0.44525146484375 0.79791259765625
-0.0467185974121094 0.0311241149902344 -0.26336669921875 0.92919921875
-0.0796279907226563 0.10125732421875 -0.357177734375 0.376953125
-0.0571670532226563 0.0982666015625 0.210479736328125 -0.172149658203125
-0.0183944702148437 0.0935592651367187 0.12506103515625 -0.84271240234375
0.0203628540039063 0.0391426086425781 -0.59228515625 -0.74371337890625
0.00611114501953125 0.0115728378295898 -0.76922607421875 0.12335205078125
-0.0133857727050781 0.00887012481689453 -0.2535400390625 0.5687255859375
0.00547933578491211 -0.00584077835083008 0.164764404296875 0.468780517578125
-0.00875186920166015 -0.00891399383544922 0.323883056640625 0.1563720703125
-0.00760269165039063 -0.0377235412597656 0.325103759765625 -0.106353759765625
0.0230560302734375 -0.0233306884765625 -0.3294677734375 -0.02557373046875
0.010767936706543 0.00767040252685547 -0.0894775390625 -0.304229736328125
0.0253543853759766 0.0037384033203125 0.430633544921875 -0.3541259765625
-0.00393533706665039 0.00787687301635742 0.80316162109375 0.10968017578125
-0.042938232421875 -0.0242156982421875 0.3729248046875 0.85455322265625
-0.00663375854492188 -0.0398139953613281 -0.3538818359375 0.90582275390625
0.00335693359375 0.027008056640625 -0.371795654296875 0.329315185546875
0.0287208557128906 0.0259914398193359 0.22491455078125 -0.20220947265625
0.00891780853271484 0.0119590759277344 0.0719604492187499 -0.853759765625
-0.00134992599487305 -0.00774002075195312 -0.64227294921875 -0.68255615234375
-0.0134096145629883 0.00607681274414063 -0.74237060546875 0.19091796875
-0.0105705261230469 0.0166397094726563 -0.1929931640625 0.58270263671875
0.0104751586914063 0.000597953796386719 0.205718994140625 0.4552001953125
-0.00389409065246582 0.00158476829528809 0.33953857421875 0.14178466796875
-0.00214958190917969 -0.0215930938720703 0.32904052734375 -0.114654541015625
0.0266685485839844 -0.00789833068847656 -0.327545166015625 -0.02362060546875
0.0145158767700195 0.0156822204589844 -0.0872802734375 -0.2977294921875
0.023040771484375 0.00954437255859375 0.430023193359375 -0.3507080078125
-0.0119028091430664 0.00075531005859375 0.8006591796875 0.10687255859375
-0.0423431396484375 -0.0621604919433594 0.37994384765625 0.85205078125
0.0382537841796875 -0.1136474609375 -0.34906005859375 0.9052734375
0.0982894897460938 -0.0504074096679688 -0.379302978515625 0.332427978515625
0.118316650390625 -0.0500411987304688 0.21075439453125 -0.19403076171875
0.0329971313476562 -0.071319580078125 0.07012939453125 -0.84259033203125
-0.0223503112792969 -0.0532379150390625 -0.63885498046875 -0.68218994140625
-0.0328235626220703 0.000724792480468747 -0.7418212890625 0.19061279296875
-0.00812530517578125 0.0240669250488281 -0.1943359375 0.58587646484375
0.0163984298706055 0.00697994232177734 0.206024169921875 0.458251953125
0.00334930419921875 0.0122995376586914 0.343017578125 0.146087646484375
0.0040438175201416 -0.00143313407897949 0.333282470703125 -0.114410400390625
0.0294322967529297 0.00606155395507812 -0.327545166015625 -0.0151062011718751
0.0205821990966797 0.0194740295410156 -0.111419677734375 -0.2919921875
0.024261474609375 0.0149936676025391 0.383331298828125 -0.37957763671875
-0.0155210494995117 0.000144004821777345 0.789794921875 0.027099609375
-0.0494003295898438 -0.0851821899414063 0.46856689453125 0.78985595703125
0.0571136474609375 -0.179306030273438 -0.24835205078125 0.92864990234375
0.167510986328125 -0.1282958984375 -0.382537841796875 0.3853759765625
0.19976806640625 -0.116226196289062 0.16888427734375 -0.147811889648438
0.0648956298828125 -0.146377563476563 0.11627197265625 -0.81134033203125
-0.0328750610351563 -0.100364685058594 -0.58642578125 -0.73565673828125
-0.0490798950195313 -0.00861358642578126 -0.77325439453125 0.12396240234375
-0.00893020629882813 0.0292816162109375 -0.2532958984375 0.57635498046875
0.0212650299072266 0.0117702484130859 0.164276123046875 0.47601318359375
0.0100555419921875 0.0194377899169922 0.3338623046875 0.170928955078125
0.0104179382324219 0.0156278610229492 0.339080810546875 -0.10308837890625
0.0297107696533203 0.0164833068847656 -0.329345703125 -0.00210571289062501
0.0262870788574219 0.0183086395263672 -0.157241821289063 -0.2794189453125
0.0297298431396484 0.0171794891357422 0.2955322265625 -0.4229736328125
-0.0120534896850586 0.00789737701416016 0.748046875 -0.11322021484375
-0.0626678466796875 -0.08282470703125 0.5927734375 0.65887451171875
0.0343017578125 -0.2188720703125 -0.0690917968750001 0.94488525390625
0.188446044921875 -0.1939697265625 -0.367706298828125 0.479644775390625
0.25933837890625 -0.165252685546875 0.10748291015625 -0.074462890625
0.10919189453125 -0.203628540039062 0.198974609375 -0.756591796875
-0.024200439453125 -0.146331787109375 -0.4681396484375 -0.82806396484375
-0.0587882995605469 -0.0259017944335937 -0.8095703125 -0.01397705078125
-0.0123863220214844 0.0295047760009766 -0.3653564453125 0.536895751953125
0.0232830047607422 0.0157756805419922 0.082366943359375 0.499176025390625
0.0168476104736328 0.0234107971191406 0.310211181640625 0.208831787109375
0.0149993896484375 0.0282154083251953 0.3426513671875 -0.08447265625
0.00876617431640624 -0.073944091796875 -0.3399658203125 0.035064697265625
0.000230789184570312 -0.0305080413818359 -0.282257080078125 -0.253753662109375
0.0268096923828125 -0.0289573669433594 0.0482177734375001 -0.49444580078125
0.037506103515625 0.0104866027832031 0.551788330078125 -0.4156494140625
0.0181617736816406 0.0677833557128906 0.74200439453125 0.28759765625
-0.0123062133789063 0.123397827148437 0.3311767578125 0.86810302734375
-0.0851287841796875 0.222213745117188 -0.19866943359375 0.67559814453125
-0.174911499023438 0.202743530273438 0.0316848754882812 0.077911376953125
-0.129501342773438 0.2225341796875 0.4100341796875 -0.61090087890625
0.00808715820312499 0.157485961914063 -0.0931396484375001 -1.01263427734375
0.0359230041503906 0.070220947265625 -0.79620361328125 -0.41522216796875
0.00211143493652344 0.00725173950195313 -0.626708984375 0.34210205078125
0.0178146362304688 -0.0179214477539063 -0.13983154296875 0.499542236328125
0.000530242919921872 -0.0306205749511719 0.214126586914063 0.2584228515625
-0.0108757019042969 -0.0567665100097656 0.322418212890625 -0.049591064453125
0.0124740600585938 -0.0673828125 -0.341583251953125 0.015350341796875
0.00171852111816406 -0.0236854553222656 -0.227691650390625 -0.283782958984375
0.0292911529541016 -0.021728515625 0.17633056640625 -0.482330322265625
0.0307159423828125 0.020263671875 0.67694091796875 -0.27490234375
-0.00352478027343749 0.0705413818359375 0.681640625 0.49102783203125
-0.039886474609375 0.122833251953125 0.1270751953125 0.9356689453125
-0.119598388671875 0.212738037109375 -0.275634765625 0.5753173828125
-0.166275024414063 0.194839477539063 0.106536865234375 -0.0220947265625
-0.09222412109375 0.211395263671875 0.3153076171875 -0.72821044921875
0.0297927856445312 0.131568908691406 -0.32135009765625 -0.94451904296875
0.0366096496582031 0.0471267700195313 -0.83349609375 -0.19073486328125
-0.00563287734985352 0.00219249725341797 -0.492706298828125 0.462921142578125
0.00856494903564453 -0.0156784057617188 -0.014312744140625 0.50469970703125
-0.00728607177734375 -0.0268211364746094 0.263031005859375 0.220794677734375
-0.0131072998046875 -0.0561370849609375 0.32366943359375 -0.0731201171875
0.0149955749511719 -0.0552711486816406 -0.339996337890625 -0.002227783203125
0.00444698333740234 -0.0136680603027344 -0.170440673828125 -0.301483154296875
0.02996826171875 -0.0136871337890625 0.294281005859375 -0.444244384765625
0.0189533233642578 0.0214691162109375 0.76226806640625 -0.116943359375
-0.0263252258300781 0.0532722473144531 0.577392578125 0.6732177734375
-0.0578842163085937 0.0909194946289063 -0.0855712890624999 0.9566650390625
-0.121490478515625 0.169570922851562 -0.328887939453125 0.46881103515625
-0.123794555664063 0.158843994140625 0.167922973632813 -0.111175537109375
-0.0508270263671875 0.165237426757813 0.20611572265625 -0.807861328125
0.033599853515625 0.08770751953125 -0.4954833984375 -0.8388671875
0.0260791778564453 0.0253925323486328 -0.81396484375 0.00250244140625014
-0.0114679336547852 0.00375080108642578 -0.35540771484375 0.53887939453125
0.00443840026855469 -0.0114650726318359 0.094482421875 0.49176025390625
-0.0112419128417969 -0.0194606781005859 0.30206298828125 0.18316650390625
-0.0125083923339844 -0.0495643615722656 0.32415771484375 -0.0946044921875
0.0201454162597656 -0.0408210754394531 -0.3358154296875 -0.01483154296875
0.00688076019287109 -0.00202608108520508 -0.121826171875 -0.305419921875
0.0272502899169922 -0.00580215454101563 0.382110595703125 -0.39617919921875
0.00591850280761719 0.0166540145874023 0.8009033203125 0.020751953125
-0.0410118103027344 0.0190811157226563 0.45965576171875 0.795166015625
-0.0472145080566406 0.0329551696777344 -0.251708984375 0.93743896484375
-0.0796356201171875 0.102104187011719 -0.355010986328125 0.383270263671875
-0.055999755859375 0.0995330810546875 0.209457397460938 -0.17474365234375
-0.0175094604492188 0.0947113037109375 0.11474609375 -0.848388671875
0.0212593078613281 0.0386085510253906 -0.60491943359375 -0.73797607421875
0.00775909423828125 0.0120000839233398 -0.77197265625 0.13494873046875
-0.0132741928100586 0.00927352905273437 -0.24627685546875 0.57574462890625
0.00605010986328125 -0.00587606430053711 0.174346923828125 0.467376708984375
-0.00892162322998047 -0.00931262969970703 0.32879638671875 0.15338134765625
-0.00827789306640625 -0.0376319885253906 0.326812744140625 -0.111968994140625
0.0235996246337891 -0.0234355926513672 -0.33270263671875 -0.0205078124999999
0.00953102111816406 0.00792884826660156 -0.09320068359375 -0.30438232421875
0.0239086151123047 0.0038299560546875 0.42779541015625 -0.36212158203125
-0.00530719757080078 0.0073089599609375 0.80841064453125 0.098876953125
-0.0435562133789063 -0.0230560302734375 0.38623046875 0.854248046875
-0.00769805908203125 -0.0394363403320313 -0.34429931640625 0.914306640625
0.00374794006347656 0.0271854400634766 -0.368011474609375 0.336029052734375
0.0293331146240234 0.0258903503417969 0.223617553710938 -0.204452514648438
0.00877761840820313 0.0121736526489258 0.0609130859375001 -0.85943603515625
-0.000795841217041015 -0.00791645050048828 -0.65631103515625 -0.67767333984375
-0.0118646621704102 0.00560283660888672 -0.74365234375 0.20172119140625
-0.0103139877319336 0.0170831680297852 -0.18609619140625 0.5882568359375
0.0105838775634766 0.000291824340820313 0.2139892578125 0.452545166015625
-0.00324273109436035 0.00196433067321777 0.3431396484375 0.13775634765625
-0.001800537109375 -0.0212039947509766 0.32916259765625 -0.12042236328125
0.0258579254150391 -0.00760459899902344 -0.329833984375 -0.017974853515625
0.0143642425537109 0.015625 -0.091766357421875 -0.2974853515625
0.0225315093994141 0.00876426696777344 0.425323486328125 -0.35797119140625
-0.0116415023803711 -0.000885009765624999 0.80615234375 0.09600830078125
-0.0438461303710937 -0.0619049072265625 0.392578125 0.85015869140625
0.0364990234375 -0.113990783691406 -0.34002685546875 0.9140625
0.0975341796875 -0.0513992309570313 -0.37957763671875 0.337890625
0.118400573730469 -0.0521392822265625 0.208572387695313 -0.196182250976563
0.03289794921875 -0.072052001953125 0.05963134765625 -0.84686279296875
-0.0232658386230469 -0.0537528991699219 -0.651611328125 -0.6778564453125
-0.0327682495117188 0.00224494934082031 -0.74609375 0.20391845703125
-0.00782203674316406 0.0251598358154297 -0.186279296875 0.59173583984375
0.01678466796875 0.00646305084228516 0.213104248046875 0.454864501953125
0.00417995452880859 0.0123052597045898 0.3472900390625 0.1429443359375
0.00490522384643555 -0.00133132934570313 0.3328857421875 -0.12066650390625
0.0292072296142578 0.00609588623046875 -0.33026123046875 -0.010162353515625
0.0201358795166016 0.0194187164306641 -0.116729736328125 -0.289947509765625
0.0248146057128906 0.0140743255615234 0.38079833984375 -0.3876953125
-0.0152769088745117 -0.000264167785644532 0.7943115234375 0.01519775390625
-0.05108642578125 -0.084564208984375 0.48065185546875 0.7864990234375
0.0542144775390625 -0.180511474609375 -0.23748779296875 0.93487548828125
0.166091918945312 -0.130615234375 -0.3824462890625 0.39312744140625
0.19891357421875 -0.120895385742188 0.167373657226563 -0.150741577148438
0.063812255859375 -0.149093627929688 0.10693359375 -0.81768798828125
-0.0339279174804688 -0.100448608398438 -0.59881591796875 -0.73193359375
-0.0496444702148437 -0.00782394409179688 -0.77606201171875 0.1361083984375
-0.00803375244140625 0.0293483734130859 -0.24560546875 0.5821533203125
0.0212631225585937 0.0119400024414063 0.172698974609375 0.474945068359375
0.0112094879150391 0.0200252532958984 0.338287353515625 0.16705322265625
0.0109720230102539 0.0155210494995117 0.338470458984375 -0.1102294921875
0.0303306579589844 0.0158443450927734 -0.3316650390625 0.00430297851562498
0.0265274047851563 0.0192184448242188 -0.16192626953125 -0.278640747070313
0.0292301177978516 0.0166378021240234 0.29217529296875 -0.430206298828125
-0.0122785568237305 0.00800228118896484 0.75 -0.12542724609375
-0.0639190673828125 -0.0814437866210938 0.6055908203125 0.6529541015625
0.0319366455078125 -0.219818115234375 -0.0563964843749999 0.949462890625
0.185867309570313 -0.197479248046875 -0.364349365234375 0.487091064453125
0.25946044921875 -0.16900634765625 0.106254577636719 -0.0747756958007813
0.1085205078125 -0.20550537109375 0.1884765625 -0.7601318359375
-0.026336669921875 -0.1458740234375 -0.4833984375 -0.82708740234375
-0.0589866638183594 -0.0261878967285156 -0.8150634765625 -0.00201416015624984
-0.0119781494140625 0.0305194854736328 -0.357879638671875 0.544769287109375
0.0238761901855469 0.0150604248046875 0.0907592773437501 0.499481201171875
0.0172863006591797 0.0231571197509766 0.314788818359375 0.20623779296875
0.0154914855957031 0.0282020568847656 0.342681884765625 -0.090118408203125
0.00696563720703125 -0.0736846923828125 -0.341827392578125 0.0413818359375
-0.000804901123046875 -0.0312614440917969 -0.28692626953125 -0.250457763671875
0.026031494140625 -0.0307407379150391 0.0396728515625 -0.494964599609375
0.03759765625 0.0093841552734375 0.545379638671875 -0.422119140625
0.0181007385253906 0.0682601928710938 0.7498779296875 0.2760009765625
-0.0118026733398437 0.123802185058594 0.3460693359375 0.86474609375
-0.0834808349609375 0.223342895507813 -0.18890380859375 0.68035888671875
-0.172866821289063 0.205184936523438 0.0333099365234375 0.0782852172851563
-0.1253662109375 0.225784301757813 0.40216064453125 -0.617919921875
0.01092529296875 0.15814208984375 -0.10675048828125 -1.01470947265625
0.0384101867675781 0.0698432922363281 -0.80377197265625 -0.40093994140625
0.00328874588012695 0.00711679458618164 -0.623046875 0.353515625
0.0170955657958984 -0.0183048248291016 -0.1324462890625 0.501556396484375
-0.00049400329589844 -0.0305900573730469 0.218719482421875 0.255874633789063
-0.0115737915039062 -0.0557289123535156 0.3238525390625 -0.05548095703125
0.00993347167968749 -0.0676307678222656 -0.343017578125 0.020660400390625
0.000801086425781252 -0.0239429473876953 -0.233642578125 -0.280792236328125
0.0288772583007813 -0.0235824584960938 0.171722412109375 -0.485931396484375
0.0310554504394531 0.0176792144775391 0.67449951171875 -0.287841796875
-0.00222778320312501 0.070556640625 0.69305419921875 0.482421875
-0.0384674072265625 0.123634338378906 0.1416015625 0.9366455078125
-0.11651611328125 0.215194702148438 -0.26739501953125 0.5802001953125
-0.163253784179688 0.197036743164063 0.105941772460937 -0.022613525390625
-0.0886077880859375 0.214263916015625 0.3040771484375 -0.73504638671875
0.0318222045898437 0.131118774414063 -0.3349609375 -0.9451904296875
0.0378494262695313 0.0463523864746094 -0.8389892578125 -0.17889404296875
-0.00577163696289063 0.00400686264038086 -0.48834228515625 0.4715576171875
0.00878238677978515 -0.0169677734375 -0.00598144531249999 0.506927490234375
-0.0081787109375 -0.0266551971435547 0.267990112304688 0.217025756835938
-0.013916015625 -0.0549163818359375 0.3245849609375 -0.07830810546875
0.0136070251464844 -0.0564155578613281 -0.341339111328125 0.00451660156250001
0.00398159027099609 -0.0133333206176758 -0.174530029296875 -0.299041748046875
0.0288486480712891 -0.0159683227539063 0.290252685546875 -0.448944091796875
0.0196437835693359 0.0204334259033203 0.76226806640625 -0.1287841796875
-0.0266685485839844 0.0537757873535156 0.58837890625 0.6654052734375
-0.0570526123046875 0.0915679931640625 -0.07086181640625 0.9610595703125
-0.12017822265625 0.170822143554687 -0.322723388671875 0.476043701171875
-0.12255859375 0.160888671875 0.165863037109375 -0.112319946289062
-0.04766845703125 0.166702270507813 0.1961669921875 -0.81390380859375
0.0354080200195313 0.0872955322265625 -0.51104736328125 -0.8343505859375
0.026702880859375 0.024993896484375 -0.8177490234375 0.0145874023437499
-0.0116186141967773 0.00323581695556641 -0.34979248046875 0.545318603515625
0.00358772277832031 -0.0119791030883789 0.10400390625 0.489410400390625
-0.0113105773925781 -0.0185928344726563 0.305908203125 0.1785888671875
-0.0135955810546875 -0.0494499206542969 0.32330322265625 -0.101470947265625
0.0182456970214844 -0.0410499572753906 -0.337310791015625 -0.00823974609374993
0.00643491744995117 -0.00148153305053711 -0.126922607421875 -0.305419921875
0.0268688201904297 -0.0063934326171875 0.37823486328125 -0.403411865234375
0.00555229187011719 0.0150661468505859 0.8023681640625 0.00811767578125
-0.0412521362304688 0.0200538635253906 0.47357177734375 0.79071044921875
-0.0469741821289063 0.0336418151855469 -0.2393798828125 0.9427490234375
-0.0785140991210937 0.103965759277344 -0.352081298828125 0.387298583984375
-0.0556411743164062 0.0999298095703125 0.206710815429688 -0.177398681640625
-0.0152816772460938 0.0957107543945313 0.1004638671875 -0.85272216796875
0.021636962890625 0.0390205383300781 -0.619140625 -0.73345947265625
0.00767803192138672 0.0108852386474609 -0.7730712890625 0.14739990234375
-0.0120210647583008 0.0107383728027344 -0.23736572265625 0.58148193359375
0.00469732284545898 -0.00598478317260742 0.18194580078125 0.46685791015625
-0.00998401641845703 -0.00838470458984375 0.33233642578125 0.14849853515625
-0.009033203125 -0.037017822265625 0.32635498046875 -0.117340087890625
0.0230941772460938 -0.0247955322265625 -0.33465576171875 -0.0138244628906249
0.00989913940429687 0.00844383239746094 -0.09814453125 -0.3017578125
0.0236701965332031 0.00241851806640625 0.42303466796875 -0.370819091796875
-0.00506687164306641 0.0056610107421875 0.81365966796875 0.08624267578125
-0.0450820922851563 -0.0232124328613281 0.4031982421875 0.84991455078125
-0.0087738037109375 -0.039031982421875 -0.33258056640625 0.920166015625
0.00374412536621094 0.0270633697509766 -0.3670654296875 0.341064453125
0.0297317504882812 0.0234127044677734 0.220291137695313 -0.207305908203125
0.0101518630981445 0.0113058090209961 0.0498046875 -0.8609619140625
-0.000113964080810547 -0.0068507194519043 -0.66741943359375 -0.671630859375
-0.0123634338378906 0.00575828552246094 -0.7435302734375 0.21527099609375
-0.00990676879882813 0.0174283981323242 -0.17626953125 0.5919189453125
0.0102777481079102 0.00052642822265625 0.22076416015625 0.44879150390625
-0.00369882583618164 0.00187349319458008 0.346435546875 0.1331787109375
-0.00240707397460938 -0.0204868316650391 0.32806396484375 -0.127777099609375
0.0263862609863281 -0.00776481628417969 -0.33148193359375 -0.01220703125
0.0150241851806641 0.0154857635498047 -0.096435546875 -0.296539306640625
0.0217742919921875 0.00807380676269531 0.421844482421875 -0.36761474609375
-0.012481689453125 -0.000655174255371091 0.80926513671875 0.083251953125
-0.0455169677734375 -0.062042236328125 0.408203125 0.84869384765625
0.0349884033203125 -0.114860534667969 -0.32708740234375 0.92041015625
0.0970458984375 -0.0521469116210938 -0.376922607421875 0.344757080078125
0.1192626953125 -0.053985595703125 0.206085205078125 -0.19891357421875
0.0331878662109375 -0.0735092163085938 0.0494384765624999 -0.85003662109375
-0.0236358642578125 -0.0529556274414063 -0.66583251953125 -0.66943359375
-0.0319175720214844 0.00238037109375 -0.74468994140625 0.21441650390625
-0.00741767883300781 0.0241069793701172 -0.178955078125 0.5966796875
0.0166091918945313 0.00598621368408203 0.221527099609375 0.451568603515625
0.00429916381835938 0.0121822357177734 0.349456787109375 0.13739013671875
0.00428318977355957 -0.000836133956909179 0.332855224609375 -0.12554931640625
0.0297374725341797 0.00641250610351563 -0.33233642578125 -0.00390624999999996
0.0200252532958984 0.0199260711669922 -0.121429443359375 -0.288299560546875
0.0237770080566406 0.0137996673583984 0.376220703125 -0.395660400390625
-0.0164976119995117 -3.33786010742161E-05 0.7969970703125 0.00250244140625
-0.0528411865234375 -0.082855224609375 0.49420166015625 0.7822265625
0.0517730712890625 -0.181289672851563 -0.22467041015625 0.941162109375
0.164657592773438 -0.132537841796875 -0.378997802734375 0.3983154296875
0.198348999023437 -0.123138427734375 0.165802001953125 -0.152679443359375
0.06292724609375 -0.150985717773438 0.0948486328125 -0.82269287109375
-0.0347824096679688 -0.100906372070312 -0.6123046875 -0.72515869140625
-0.0492935180664063 -0.00770568847656251 -0.77703857421875 0.14788818359375
-0.00693130493164062 0.0299301147460938 -0.2381591796875 0.5885009765625
0.0216865539550781 0.0121059417724609 0.180450439453125 0.472869873046875
0.0109958648681641 0.0202617645263672 0.3419189453125 0.160980224609375
0.0118827819824219 0.0165634155273438 0.3385009765625 -0.11602783203125
0.03192138671875 0.0169486999511719 -0.333740234375 0.00915527343749993
0.0266132354736328 0.0204582214355469 -0.167007446289063 -0.27655029296875
0.0297698974609375 0.0157489776611328 0.2880859375 -0.436187744140625
-0.0129995346069336 0.00743484497070313 0.7506103515625 -0.1375732421875
-0.0666046142578125 -0.0806350708007813 0.6187744140625 0.64794921875
0.028961181640625 -0.220703125 -0.0422973632812499 0.95184326171875
0.184860229492188 -0.20062255859375 -0.35736083984375 0.491912841796875
0.257339477539062 -0.173416137695312 0.105323791503906 -0.0757522583007813
0.105056762695312 -0.208908081054687 0.17913818359375 -0.76788330078125
-0.028106689453125 -0.146774291992188 -0.49639892578125 -0.82257080078125
-0.0598716735839844 -0.0246925354003906 -0.81719970703125 0.00994873046874988
-0.0106849670410156 0.0309638977050781 -0.349273681640625 0.553863525390625
0.0237350463867188 0.0149955749511719 0.099822998046875 0.499664306640625
0.0178356170654297 0.0224819183349609 0.321136474609375 0.201263427734375
0.016876220703125 0.0287380218505859 0.342315673828125 -0.096343994140625
0.0045928955078125 -0.0727996826171875 -0.341339111328125 0.047271728515625
-0.00176239013671875 -0.0316925048828125 -0.291351318359375 -0.24420166015625
0.0254573822021484 -0.0309314727783203 0.033050537109375 -0.495269775390625
0.0373687744140625 0.00807571411132813 0.540130615234375 -0.432464599609375
0.0193710327148438 0.0672149658203125 0.75732421875 0.266357421875
-0.00997924804687499 0.125205993652344 0.3599853515625 0.86151123046875
-0.079742431640625 0.224319458007813 -0.180419921875 0.68499755859375
-0.169174194335937 0.207260131835938 0.0339202880859375 0.078369140625
-0.121734619140625 0.229324340820313 0.392578125 -0.62255859375
0.014190673828125 0.157882690429688 -0.1219482421875 -1.01385498046875
0.0395736694335938 0.0693168640136719 -0.81121826171875 -0.391845703125
0.00365781784057617 0.00765657424926758 -0.61785888671875 0.3642578125
0.0164318084716797 -0.0184268951416016 -0.12469482421875 0.504638671875
-0.00110816955566406 -0.0313205718994141 0.224395751953125 0.252395629882813
-0.0129852294921875 -0.0561943054199219 0.32391357421875 -0.06134033203125
0.00877380371093751 -0.0678977966308594 -0.34423828125 0.026519775390625
0.00113677978515625 -0.0239601135253906 -0.23760986328125 -0.276519775390625
0.0280990600585938 -0.0245914459228516 0.1624755859375 -0.4864501953125
0.0312042236328125 0.0166912078857422 0.67138671875 -0.2965087890625
-0.00154876708984376 0.0701217651367187 0.70184326171875 0.47137451171875
-0.0380783081054688 0.125068664550781 0.1551513671875 0.93499755859375
-0.114181518554688 0.216384887695312 -0.2606201171875 0.58380126953125
-0.161483764648437 0.200698852539063 0.105110168457031 -0.0239410400390625
-0.08477783203125 0.2159423828125 0.29443359375 -0.737548828125
0.0349884033203125 0.131355285644531 -0.35186767578125 -0.9405517578125
0.0377464294433594 0.0464439392089844 -0.84112548828125 -0.164306640625
-0.005035400390625 0.00333499908447266 -0.480926513671875 0.480712890625
0.00790119171142578 -0.0174713134765625 0.00210571289062503 0.505584716796875
-0.00836753845214844 -0.0267829895019531 0.272705078125 0.213790893554687
-0.0160293579101562 -0.0554656982421875 0.323394775390625 -0.08502197265625
0.011810302734375 -0.0560035705566406 -0.342559814453125 0.00973510742187502
0.00341796875 -0.0137205123901367 -0.180267333984375 -0.295562744140625
0.0287628173828125 -0.0156345367431641 0.28155517578125 -0.454833984375
0.0190620422363281 0.0194168090820313 0.760986328125 -0.14154052734375
-0.0261116027832031 0.0549201965332031 0.6009521484375 0.66021728515625
-0.0565032958984375 0.0940017700195312 -0.0574951171875 0.96112060546875
-0.1177978515625 0.172897338867188 -0.316497802734375 0.480194091796875
-0.118789672851563 0.161575317382813 0.165237426757813 -0.114089965820312
-0.0436553955078125 0.16802978515625 0.1826171875 -0.81781005859375
0.0378570556640625 0.087249755859375 -0.52508544921875 -0.83001708984375
0.0268707275390625 0.0247364044189453 -0.8197021484375 0.0275268554687501
-0.0114831924438477 0.00485038757324219 -0.3404541015625 0.55218505859375
0.00399303436279297 -0.0116252899169922 0.11126708984375 0.487335205078125
-0.0118141174316406 -0.0181598663330078 0.309112548828125 0.17425537109375
-0.0140914916992187 -0.0491867065429688 0.3233642578125 -0.10693359375
0.017578125 -0.0412940979003906 -0.338531494140625 -0.00256347656250005
0.00573205947875977 -0.00221157073974609 -0.132659912109375 -0.30218505859375
0.0263557434082031 -0.00710105895996094 0.372314453125 -0.4090576171875
0.00587177276611328 0.0157461166381836 0.80487060546875 -0.0040283203125
-0.0415916442871094 0.0214424133300781 0.48736572265625 0.7840576171875
-0.0471763610839844 0.0348243713378906 -0.228515625 0.94635009765625
-0.0767898559570313 0.105903625488281 -0.34619140625 0.394927978515625
-0.0537338256835938 0.10015869140625 0.204193115234375 -0.179519653320312
-0.0122299194335937 0.0952301025390625 0.0881958007812499 -0.8541259765625
0.0233917236328125 0.03887939453125 -0.6309814453125 -0.72515869140625
0.00793552398681641 0.0114841461181641 -0.7728271484375 0.16241455078125
-0.0118789672851563 0.0102272033691406 -0.2259521484375 0.58587646484375
0.00521755218505859 -0.00620126724243164 0.190216064453125 0.461822509765625
-0.00980281829833984 -0.00912952423095703 0.33514404296875 0.143218994140625
-0.0100555419921875 -0.03680419921875 0.324920654296875 -0.1240234375
0.0222110748291016 -0.0247020721435547 -0.333953857421875 -0.00765991210937502
0.00982856750488281 0.00843048095703125 -0.10284423828125 -0.300262451171875
0.0234432220458984 0.000520706176757813 0.4190673828125 -0.37774658203125
-0.00621986389160156 0.00560426712036133 0.816650390625 0.07373046875
-0.0457000732421875 -0.0220451354980469 0.41448974609375 0.84576416015625
-0.00954437255859375 -0.0380973815917969 -0.31951904296875 0.9266357421875
0.00406837463378906 0.0283603668212891 -0.36181640625 0.34625244140625
0.0301399230957031 0.0237140655517578 0.217758178710938 -0.209564208984375
0.0116682052612305 0.0115022659301758 0.0355224609375001 -0.86138916015625
-0.000193119049072266 -0.00801658630371094 -0.67987060546875 -0.661865234375
-0.0127487182617187 0.00624942779541016 -0.74261474609375 0.2276611328125
-0.00883197784423828 0.01702880859375 -0.1669921875 0.59661865234375
0.00954914093017578 -0.000143051147460938 0.228668212890625 0.44586181640625
-0.00403332710266113 0.00214767456054688 0.349639892578125 0.126739501953125
-0.00343132019042969 -0.0192298889160156 0.326934814453125 -0.134063720703125
0.0262413024902344 -0.00800895690917969 -0.332275390625 -0.00457763671874993
0.0141010284423828 0.015777587890625 -0.10186767578125 -0.294097900390625
0.0214138031005859 0.007171630859375 0.41741943359375 -0.37469482421875
-0.0132637023925781 -0.00152397155761719 0.8134765625 0.07000732421875
-0.0473747253417969 -0.0602836608886719 0.42144775390625 0.8438720703125
0.0331954956054688 -0.114166259765625 -0.314453125 0.92608642578125
0.095489501953125 -0.0539169311523438 -0.37322998046875 0.3497314453125
0.117073059082031 -0.0561065673828125 0.204147338867188 -0.20159912109375
0.03271484375 -0.0744171142578125 0.0340576171875001 -0.8516845703125
-0.0238113403320313 -0.0539436340332031 -0.6781005859375 -0.6607666015625
-0.0315074920654297 0.00202560424804688 -0.742919921875 0.22662353515625
-0.00649261474609375 0.0243244171142578 -0.1683349609375 0.59918212890625
0.0161657333374023 0.00574779510498047 0.228912353515625 0.44891357421875
0.00369930267333985 0.0129499435424805 0.3526611328125 0.132476806640625
0.00455951690673828 -0.000184535980224609 0.331085205078125 -0.133880615234375
0.0297946929931641 0.00603485107421875 -0.333221435546875 0.00213623046875
0.0208053588867188 0.0203094482421875 -0.1256103515625 -0.286224365234375
0.0240287780761719 0.0129184722900391 0.369964599609375 -0.401702880859375
-0.0165109634399414 -0.000195503234863282 0.79742431640625 -0.010986328125
-0.0553131103515625 -0.082763671875 0.50775146484375 0.774658203125
0.048095703125 -0.181243896484375 -0.21136474609375 0.9453125
0.162155151367188 -0.13543701171875 -0.373443603515625 0.405487060546875
0.1968994140625 -0.12677001953125 0.164337158203125 -0.154159545898438
0.0619354248046875 -0.153106689453125 0.08331298828125 -0.82171630859375
-0.0366897583007812 -0.100776672363281 -0.6263427734375 -0.71783447265625
-0.0496749877929688 -0.00647354125976562 -0.77545166015625 0.16033935546875
-0.00614738464355469 0.0292072296142578 -0.2283935546875 0.5919189453125
0.0221652984619141 0.0111560821533203 0.189422607421875 0.469818115234375
0.010894775390625 0.0191631317138672 0.34613037109375 0.1556396484375
0.0116548538208008 0.0169792175292969 0.336334228515625 -0.1217041015625
0.0327243804931641 0.0165977478027344 -0.33428955078125 0.015777587890625
0.0265960693359375 0.0195083618164062 -0.171051025390625 -0.272781372070313
0.0292015075683594 0.0152072906494141 0.280364990234375 -0.44195556640625
-0.0135555267333984 0.00722980499267578 0.74896240234375 -0.1490478515625
-0.06854248046875 -0.0804290771484375 0.62896728515625 0.63690185546875
0.024871826171875 -0.221221923828125 -0.0291748046875 0.955322265625
0.1812744140625 -0.202850341796875 -0.35321044921875 0.499969482421875
0.255645751953125 -0.177978515625 0.105171203613281 -0.0765838623046875
0.102645874023438 -0.211593627929687 0.169677734375 -0.7703857421875
-0.0293426513671875 -0.147247314453125 -0.5107421875 -0.81781005859375
-0.0603675842285156 -0.0243186950683594 -0.81768798828125 0.022705078125
-0.0103740692138672 0.0304317474365234 -0.342193603515625 0.55908203125
0.0236911773681641 0.0144691467285156 0.107177734375 0.49786376953125
0.0178432464599609 0.0222988128662109 0.32550048828125 0.195709228515625
0.0178375244140625 0.0295009613037109 0.342559814453125 -0.103363037109375
0.00225067138671876 -0.0735015869140625 -0.340484619140625 0.053314208984375
-0.00261688232421875 -0.0307598114013672 -0.295867919921875 -0.23834228515625
0.0244274139404297 -0.0312995910644531 0.024200439453125 -0.4959716796875
0.0369453430175781 0.00605392456054688 0.533294677734375 -0.44061279296875
0.0201339721679688 0.0672950744628906 0.760498046875 0.25341796875
-0.00892639160156249 0.125907897949219 0.37286376953125 0.8553466796875
-0.077423095703125 0.225372314453125 -0.16876220703125 0.68450927734375
-0.165802001953125 0.208511352539063 0.0352706909179687 0.0782546997070313
-0.1170654296875 0.230804443359375 0.38232421875 -0.62860107421875
0.0157928466796875 0.157516479492187 -0.138427734375 -1.01123046875
0.0405845642089844 0.0680923461914063 -0.81793212890625 -0.37725830078125
0.00366497039794922 0.00815057754516602 -0.6109619140625 0.3734130859375
0.0162124633789063 -0.0190620422363281 -0.114349365234375 0.504180908203125
-0.00107192993164062 -0.030914306640625 0.228164672851563 0.248809814453125
-0.0132064819335937 -0.055755615234375 0.3232421875 -0.068572998046875
0.00670623779296876 -0.0679855346679688 -0.342926025390625 0.0330200195312501
-0.00063514709472656 -0.0242958068847656 -0.241806030273437 -0.271133422851563
0.0279560089111328 -0.0262966156005859 0.154449462890625 -0.48980712890625
0.0304355621337891 0.0153427124023438 0.66644287109375 -0.30767822265625
-0.000350952148437504 0.0702552795410156 0.7099609375 0.46112060546875
-0.0363922119140625 0.125831604003906 0.1685791015625 0.93267822265625
-0.110687255859375 0.218231201171875 -0.250732421875 0.5869140625
-0.157806396484375 0.200912475585937 0.104896545410156 -0.024932861328125
-0.07977294921875 0.2176513671875 0.28228759765625 -0.7415771484375
0.03643798828125 0.130882263183594 -0.3658447265625 -0.933349609375
0.0397148132324219 0.0452842712402344 -0.84442138671875 -0.15191650390625
-0.00498008728027344 0.00383853912353516 -0.472808837890625 0.488067626953125
0.00733184814453125 -0.0175180435180664 0.010650634765625 0.504669189453125
-0.00902366638183594 -0.0273532867431641 0.275360107421875 0.209091186523437
-0.015899658203125 -0.0551033020019531 0.322174072265625 -0.0906982421875
0.010345458984375 -0.0565414428710937 -0.341156005859375 0.016876220703125
0.00312995910644531 -0.0130205154418945 -0.18499755859375 -0.290374755859375
0.0273189544677734 -0.0174274444580078 0.275970458984375 -0.458404541015625
0.0192813873291016 0.0188541412353516 0.76019287109375 -0.1533203125
-0.0253524780273437 0.0558662414550781 0.61138916015625 0.64727783203125
-0.0552749633789062 0.0948410034179688 -0.04400634765625 0.96087646484375
-0.115554809570312 0.175521850585938 -0.30908203125 0.48345947265625
-0.11700439453125 0.163543701171875 0.163589477539062 -0.115509033203125
-0.0413818359375 0.168853759765625 0.1689453125 -0.81756591796875
0.0400161743164062 0.0862808227539062 -0.5372314453125 -0.82061767578125
0.0272884368896484 0.024261474609375 -0.8187255859375 0.0399780273437498
-0.0114965438842773 0.00479412078857422 -0.33087158203125 0.557464599609375
0.00340557098388672 -0.0127344131469727 0.118988037109375 0.484039306640625
-0.0120220184326172 -0.0189380645751953 0.311737060546875 0.167694091796875
-0.0149955749511719 -0.0483360290527344 0.3218994140625 -0.112548828125
0.0163116455078125 -0.0417137145996094 -0.33831787109375 0.00381469726562506
0.00586414337158203 -0.00180196762084961 -0.137054443359375 -0.29827880859375
0.0256309509277344 -0.0081329345703125 0.365203857421875 -0.415496826171875
0.00514507293701172 0.0137033462524414 0.80303955078125 -0.0174560546875
-0.0406990051269531 0.0215568542480469 0.500244140625 0.77734375
-0.0469322204589844 0.0359649658203125 -0.2135009765625 0.94818115234375
-0.0761032104492188 0.106666564941406 -0.340545654296875 0.398681640625
-0.0515823364257813 0.10125732421875 0.201309204101563 -0.181228637695313
-0.0101547241210937 0.095184326171875 0.0753784179687501 -0.853759765625
0.0251922607421875 0.037506103515625 -0.64227294921875 -0.71533203125
0.00847911834716797 0.0105562210083008 -0.76904296875 0.17340087890625
-0.0117053985595703 0.00978279113769531 -0.21820068359375 0.589111328125
0.00453805923461914 -0.00638055801391602 0.19769287109375 0.457611083984375
-0.00979042053222656 -0.00856781005859375 0.336761474609375 0.137237548828125
-0.0105819702148437 -0.0358619689941406 0.321868896484375 -0.129913330078125
0.0218029022216797 -0.0242366790771484 -0.33441162109375 -0.000579833984375037
0.0100822448730469 0.00794029235839844 -0.10809326171875 -0.296539306640625
0.0220737457275391 -0.000782012939453125 0.41326904296875 -0.3853759765625
-0.00575780868530273 0.00481605529785156 0.81610107421875 0.05828857421875
-0.0467300415039063 -0.0214881896972656 0.42852783203125 0.83892822265625
-0.0100326538085938 -0.0376129150390625 -0.30828857421875 0.92926025390625
0.00397300720214844 0.0286865234375 -0.3585205078125 0.35198974609375
0.0303821563720703 0.0229816436767578 0.21417236328125 -0.21197509765625
0.0118446350097656 0.0109052658081055 0.0223388671875 -0.860595703125
0.000823497772216796 -0.00797939300537109 -0.68988037109375 -0.6512451171875
-0.0123586654663086 0.00595760345458984 -0.73773193359375 0.24041748046875
-0.00874710083007813 0.0177707672119141 -0.1551513671875 0.598876953125
0.00908470153808594 -0.000220298767089844 0.235931396484375 0.439666748046875
-0.00391578674316406 0.00244045257568359 0.351318359375 0.12152099609375
-0.00322723388671875 -0.0187969207763672 0.323822021484375 -0.139434814453125
0.0259819030761719 -0.00817680358886719 -0.332061767578125 0.000915527343750022
0.0147066116333008 0.0161447525024414 -0.105743408203125 -0.291229248046875
0.0208740234375 0.00679206848144531 0.41082763671875 -0.3828125
-0.0137453079223633 -0.00132369995117188 0.81396484375 0.0576171875
-0.0478897094726563 -0.0594596862792969 0.4351806640625 0.8338623046875
0.031219482421875 -0.11407470703125 -0.30206298828125 0.9298095703125
0.0949935913085938 -0.0541763305664063 -0.368377685546875 0.355010986328125
0.116439819335938 -0.0570526123046875 0.201187133789063 -0.20343017578125
0.0311279296875 -0.0745391845703125 0.02154541015625 -0.85150146484375
-0.024139404296875 -0.0529937744140625 -0.68792724609375 -0.65093994140625
-0.0320243835449219 0.00234603881835938 -0.7386474609375 0.2398681640625
-0.00620841979980469 0.02471923828125 -0.15716552734375 0.60211181640625
0.0160760879516602 0.00612926483154297 0.237060546875 0.443084716796875
0.00400257110595703 0.0126476287841797 0.35504150390625 0.126556396484375
0.00526523590087891 -0.000154972076416016 0.32891845703125 -0.140380859375
0.0291175842285156 0.00579643249511719 -0.3323974609375 0.00952148437500003
0.0200443267822266 0.0206680297851563 -0.130035400390625 -0.2823486328125
0.0231189727783203 0.0121936798095703 0.364898681640625 -0.40887451171875
-0.0170488357543945 -0.00117969512939453 0.7962646484375 -0.02496337890625
-0.0561752319335937 -0.0818328857421875 0.520263671875 0.7652587890625
0.0458984375 -0.181411743164062 -0.19744873046875 0.9462890625
0.160110473632813 -0.137496948242188 -0.3682861328125 0.409698486328125
0.19476318359375 -0.12921142578125 0.16156005859375 -0.155990600585938
0.0595855712890625 -0.153717041015625 0.0711669921875001 -0.8236083984375
-0.0377731323242187 -0.100006103515625 -0.6353759765625 -0.7073974609375
-0.0496063232421875 -0.00575637817382812 -0.77294921875 0.17376708984375
-0.00606536865234375 0.028961181640625 -0.218017578125 0.59576416015625
0.0217323303222656 0.0110034942626953 0.197540283203125 0.465484619140625
0.0119819641113281 0.0205593109130859 0.3494873046875 0.150665283203125
0.0123128890991211 0.0162715911865234 0.334564208984375 -0.127899169921875
0.0320911407470703 0.0159130096435547 -0.33380126953125 0.022735595703125
0.0272483825683594 0.0210609436035156 -0.175064086914063 -0.268630981445313
0.0288677215576172 0.0145244598388672 0.27264404296875 -0.446044921875
-0.0130958557128906 0.0066375732421875 0.74627685546875 -0.16204833984375
-0.069671630859375 -0.0790634155273438 0.63916015625 0.6268310546875
0.021942138671875 -0.221115112304687 -0.0155029296875001 0.9527587890625
0.177627563476562 -0.205352783203125 -0.3448486328125 0.504302978515625
0.25286865234375 -0.182235717773438 0.10430908203125 -0.0776138305664063
0.100799560546875 -0.213897705078125 0.15728759765625 -0.77056884765625
-0.0314788818359375 -0.146759033203125 -0.5230712890625 -0.80865478515625
-0.0595779418945312 -0.0232048034667969 -0.81658935546875 0.0356445312499999
-0.00975418090820313 0.0297431945800781 -0.3310546875 0.563720703125
0.0243129730224609 0.0141735076904297 0.115447998046875 0.494384765625
0.0185756683349609 0.0224342346191406 0.328826904296875 0.19024658203125
0.0179958343505859 0.0293521881103516 0.33953857421875 -0.109222412109375
0.000701904296875002 -0.0743484497070313 -0.33892822265625 0.0581359863281249
-0.00312614440917969 -0.0309505462646484 -0.299468994140625 -0.23114013671875
0.0239734649658203 -0.032318115234375 0.0162353515625 -0.492767333984375
0.0368804931640625 0.00518417358398438 0.5245361328125 -0.44921875
0.02081298828125 0.0667800903320313 0.76416015625 0.24041748046875
-0.0077972412109375 0.125144958496094 0.38348388671875 0.84588623046875
-0.072998046875 0.226333618164063 -0.159423828125 0.6851806640625
-0.163009643554688 0.210205078125 0.0363616943359375 0.0780410766601563
-0.11322021484375 0.23236083984375 0.37213134765625 -0.63165283203125
0.019287109375 0.156906127929688 -0.153076171875 -1.0081787109375
0.0410881042480469 0.0673446655273438 -0.81964111328125 -0.3642578125
0.00437688827514648 0.00860404968261719 -0.60400390625 0.38250732421875
0.0156230926513672 -0.0194835662841797 -0.107330322265625 0.50372314453125
-0.00181388854980469 -0.0315113067626953 0.232086181640625 0.244644165039063
-0.0140342712402344 -0.0547370910644531 0.3212890625 -0.07403564453125
0.00439071655273437 -0.0681076049804688 -0.341400146484375 0.038726806640625
-0.00111579895019531 -0.0237598419189453 -0.24566650390625 -0.264617919921875
0.0271739959716797 -0.0265350341796875 0.146453857421875 -0.489715576171875
0.0301380157470703 0.0135326385498047 0.6593017578125 -0.31689453125
0.000537872314453124 0.0693702697753906 0.716552734375 0.45050048828125
-0.0354232788085937 0.126457214355469 0.182861328125 0.92572021484375
-0.10693359375 0.219833374023438 -0.24285888671875 0.58837890625
-0.154190063476563 0.201522827148437 0.1043701171875 -0.0248947143554687
-0.07720947265625 0.218765258789063 0.2705078125 -0.74365234375
0.0391387939453125 0.12969970703125 -0.37835693359375 -0.92730712890625
0.0407867431640625 0.0441360473632813 -0.8458251953125 -0.13726806640625
-0.00494861602783203 0.00474309921264648 -0.464599609375 0.493499755859375
0.00735092163085937 -0.0176639556884766 0.01947021484375 0.50164794921875
-0.00928306579589844 -0.0266399383544922 0.278060913085938 0.203811645507813
-0.0171699523925781 -0.0543708801269531 0.319915771484375 -0.096527099609375
0.00953292846679687 -0.0566215515136719 -0.340087890625 0.022613525390625
0.00187492370605469 -0.0132369995117187 -0.189361572265625 -0.28656005859375
0.0274162292480469 -0.0180263519287109 0.268157958984375 -0.46038818359375
0.0193080902099609 0.0167694091796875 0.754638671875 -0.1658935546875
-0.0246543884277344 0.0564079284667969 0.62078857421875 0.63616943359375
-0.0546722412109375 0.095306396484375 -0.0299072265625 0.9588623046875
-0.112930297851562 0.176239013671875 -0.302703857421875 0.487213134765625
-0.1153564453125 0.16387939453125 0.160873413085938 -0.117202758789062
-0.037445068359375 0.16900634765625 0.15789794921875 -0.81768798828125
0.0413284301757813 0.0850753784179688 -0.5484619140625 -0.8114013671875
0.0280742645263672 0.0228595733642578 -0.81695556640625 0.0531005859374999
-0.0105714797973633 0.00612354278564453 -0.32086181640625 0.5604248046875
0.00333786010742188 -0.012786865234375 0.126617431640625 0.48095703125
-0.0124988555908203 -0.0180168151855469 0.31378173828125 0.16259765625
-0.0165939331054688 -0.0472908020019531 0.3184814453125 -0.118011474609375
0.0162162780761719 -0.0414390563964844 -0.337615966796875 0.0100708007812499
0.00585031509399414 -0.00198125839233398 -0.140106201171875 -0.295135498046875
0.0247879028320313 -0.00922393798828125 0.358001708984375 -0.4188232421875
0.00477981567382813 0.0134315490722656 0.80108642578125 -0.0313720703125
-0.0418205261230469 0.0228271484375 0.510986328125 0.76568603515625
-0.0477218627929688 0.0375213623046875 -0.19921875 0.94921875
-0.07421875 0.1075439453125 -0.336639404296875 0.40228271484375
-0.0509796142578125 0.101020812988281 0.197952270507813 -0.181884765625
-0.00746917724609374 0.0954513549804688 0.06329345703125 -0.8529052734375
0.0269203186035156 0.0377655029296875 -0.6527099609375 -0.70477294921875
0.00925636291503906 0.0110569000244141 -0.7664794921875 0.1849365234375
-0.0117063522338867 0.0110073089599609 -0.2066650390625 0.5908203125
0.0042724609375 -0.00647687911987305 0.203582763671875 0.452056884765625
-0.0102987289428711 -0.0088968276977539 0.339019775390625 0.131561279296875
-0.0107078552246094 -0.0352897644042969 0.319671630859375 -0.13543701171875
0.0210781097412109 -0.0238304138183594 -0.334381103515625 0.00509643554687501
0.00918769836425781 0.00919532775878906 -0.112060546875 -0.2935791015625
0.0216960906982422 -0.000406265258789063 0.405029296875 -0.3897705078125
-0.00620031356811524 0.00471305847167969 0.8153076171875 0.04559326171875
-0.0465545654296875 -0.0200119018554687 0.43994140625 0.828369140625
-0.0110588073730469 -0.0364913940429688 -0.29461669921875 0.93017578125
0.00395011901855469 0.0285720825195312 -0.3529052734375 0.35589599609375
0.0302276611328125 0.0225086212158203 0.210433959960938 -0.214096069335938
0.0112857818603516 0.0106515884399414 0.01190185546875 -0.85858154296875
0.000648021697998047 -0.00817537307739258 -0.69927978515625 -0.63970947265625
-0.0130796432495117 0.00546836853027344 -0.73321533203125 0.24993896484375
-0.00947856903076172 0.0175714492797852 -0.1475830078125 0.599365234375
0.00971031188964844 -0.000654220581054688 0.2415771484375 0.434326171875
-0.00386905670166016 0.0025784969329834 0.35150146484375 0.11614990234375
-0.00371170043945313 -0.0183010101318359 0.3209228515625 -0.14447021484375
0.0253562927246094 -0.0082244873046875 -0.331451416015625 0.00741577148437494
0.0149402618408203 0.0165538787841797 -0.110382080078125 -0.28717041015625
0.0201644897460938 0.006011962890625 0.406524658203125 -0.3876953125
-0.014857292175293 -0.00170421600341797 0.81182861328125 0.0430908203125
-0.0496978759765625 -0.0586471557617187 0.446533203125 0.8267822265625
0.0291976928710937 -0.112815856933594 -0.28814697265625 0.929443359375
0.0939712524414063 -0.0545120239257813 -0.364166259765625 0.3594970703125
0.115013122558594 -0.0596694946289063 0.196914672851563 -0.2052001953125
0.0310516357421875 -0.0764389038085938 0.00958251953124999 -0.84808349609375
-0.0233917236328125 -0.0530891418457031 -0.69439697265625 -0.63818359375
-0.0311679840087891 0.0025482177734375 -0.73388671875 0.25091552734375
-0.00497245788574219 0.0245933532714844 -0.14508056640625 0.60260009765625
0.0162086486816406 0.00532436370849609 0.24285888671875 0.43756103515625
0.00465869903564453 0.0116043090820313 0.356781005859375 0.120635986328125
0.00485467910766602 0.000682353973388672 0.3245849609375 -0.146026611328125
0.0297889709472656 0.00597381591796875 -0.332000732421875 0.014678955078125
0.0205821990966797 0.0207271575927734 -0.1334228515625 -0.278335571289062
0.0233001708984375 0.0114498138427734 0.358001708984375 -0.41357421875
-0.0168552398681641 -0.00174236297607422 0.794189453125 -0.03643798828125
-0.0579757690429687 -0.0795516967773438 0.53045654296875 0.75634765625
0.042694091796875 -0.181228637695313 -0.18524169921875 0.94671630859375
0.157333374023438 -0.138931274414063 -0.3631591796875 0.4146728515625
0.191497802734375 -0.132415771484375 0.158645629882813 -0.15618896484375
0.057098388671875 -0.155532836914063 0.0581054687500001 -0.82110595703125
-0.03875732421875 -0.0996475219726563 -0.64654541015625 -0.69744873046875
-0.049224853515625 -0.0045013427734375 -0.76922607421875 0.18438720703125
-0.00487518310546875 0.0285835266113281 -0.2080078125 0.597900390625
0.0216178894042969 0.0100746154785156 0.202056884765625 0.46075439453125
0.0122547149658203 0.020172119140625 0.351531982421875 0.144287109375
0.0130596160888672 0.0173711776733398 0.332275390625 -0.133819580078125
0.0325546264648438 0.0170536041259766 -0.33331298828125 0.029052734375
0.0262546539306641 0.0203056335449219 -0.179092407226562 -0.26422119140625
0.0286369323730469 0.0140037536621094 0.263580322265625 -0.44976806640625
-0.014225959777832 0.0069732666015625 0.74151611328125 -0.1748046875
-0.07110595703125 -0.0771484375 0.6461181640625 0.6153564453125
0.0180511474609375 -0.219573974609375 -0.00256347656250006 0.9495849609375
0.17401123046875 -0.206207275390625 -0.337921142578125 0.50726318359375
0.248443603515625 -0.184600830078125 0.102333068847656 -0.0788116455078125
0.097320556640625 -0.215133666992188 0.14501953125 -0.771240234375
-0.033477783203125 -0.146820068359375 -0.534912109375 -0.79827880859375
-0.0601272583007812 -0.0230941772460937 -0.81451416015625 0.0498657226562501
-0.00916862487792969 0.0300865173339844 -0.321533203125 0.567626953125
0.0242729187011719 0.0137348175048828 0.12091064453125 0.490631103515625
0.0189552307128906 0.0218982696533203 0.332427978515625 0.185546875
0.0186939239501953 0.0306739807128906 0.337249755859375 -0.11480712890625
-0.00138092041015625 -0.0731430053710937 -0.336639404296875 0.06463623046875
-0.00462913513183594 -0.0321483612060547 -0.30108642578125 -0.226104736328125
0.0243606567382813 -0.0330123901367188 0.00982666015625001 -0.490386962890625
0.0364456176757812 0.00413131713867188 0.5159912109375 -0.45330810546875
0.0220184326171875 0.0661354064941406 0.76544189453125 0.22918701171875
-0.00702667236328125 0.12554931640625 0.3941650390625 0.83807373046875
-0.0699615478515625 0.226226806640625 -0.1500244140625 0.68408203125
-0.158950805664063 0.210723876953125 0.0368423461914062 0.0775299072265625
-0.107818603515625 0.233306884765625 0.361572265625 -0.6329345703125
0.0214996337890625 0.156463623046875 -0.16595458984375 -0.99993896484375
0.0425567626953125 0.065826416015625 -0.821533203125 -0.35052490234375
0.00414562225341797 0.00855445861816406 -0.59515380859375 0.388916015625
0.0148715972900391 -0.0191440582275391 -0.098419189453125 0.500579833984375
-0.00239753723144531 -0.0318889617919922 0.234512329101563 0.239837646484375
-0.0157546997070312 -0.0543403625488281 0.3194580078125 -0.078826904296875
0.00303268432617188 -0.0676651000976563 -0.3402099609375 0.044525146484375
-0.00176239013671875 -0.0234279632568359 -0.249664306640625 -0.258682250976563
0.0258808135986328 -0.0262699127197266 0.13861083984375 -0.48968505859375
0.0306720733642578 0.0135383605957031 0.65277099609375 -0.32672119140625
0.000801086425781253 0.0707778930664063 0.71978759765625 0.43572998046875
-0.033294677734375 0.12762451171875 0.19293212890625 0.9189453125
-0.104385375976562 0.219635009765625 -0.2340087890625 0.5889892578125
-0.15167236328125 0.202011108398437 0.102867126464844 -0.0260772705078125
-0.072723388671875 0.219497680664063 0.25982666015625 -0.741943359375
0.04132080078125 0.128608703613281 -0.39056396484375 -0.91522216796875
0.0411224365234375 0.0433998107910156 -0.84283447265625 -0.1253662109375
-0.00356245040893555 0.0041651725769043 -0.453338623046875 0.49957275390625
0.00637435913085937 -0.0177745819091797 0.026702880859375 0.499176025390625
-0.0096588134765625 -0.0264816284179687 0.280014038085938 0.198715209960938
-0.0179519653320312 -0.0524978637695313 0.317779541015625 -0.101959228515625
0.00870132446289063 -0.055511474609375 -0.338897705078125 0.0285339355468749
0.00156879425048828 -0.0128774642944336 -0.193389892578125 -0.280181884765625
0.0263004302978516 -0.0175571441650391 0.260162353515625 -0.4620361328125
0.0181999206542969 0.016937255859375 0.7503662109375 -0.17449951171875
-0.0247306823730469 0.0561943054199219 0.62713623046875 0.62322998046875
-0.053253173828125 0.0976715087890625 -0.015869140625 0.95367431640625
-0.1107177734375 0.176971435546875 -0.29376220703125 0.489227294921875
-0.11163330078125 0.164138793945313 0.158416748046875 -0.118209838867188
-0.03466796875 0.168365478515625 0.145263671875 -0.81512451171875
0.0427780151367188 0.084381103515625 -0.5601806640625 -0.79986572265625
0.0281085968017578 0.0220680236816406 -0.81134033203125 0.06475830078125
-0.0105085372924805 0.00523471832275391 -0.3101806640625 0.56365966796875
0.00268268585205078 -0.0126762390136719 0.133941650390625 0.474945068359375
-0.0136814117431641 -0.0182437896728516 0.31561279296875 0.1566162109375
-0.0164108276367188 -0.0472984313964844 0.316192626953125 -0.123382568359375
0.014434814453125 -0.0411529541015625 -0.33489990234375 0.016754150390625
0.00547885894775391 -0.00116252899169922 -0.145172119140625 -0.290008544921875
0.02398681640625 -0.0102519989013672 0.3511962890625 -0.422607421875
0.00494956970214844 0.0122032165527344 0.79669189453125 -0.04193115234375
-0.0407943725585938 0.0230941772460937 0.51690673828125 0.75787353515625
-0.046722412109375 0.0385475158691406 -0.1868896484375 0.94482421875
-0.0736770629882813 0.10797119140625 -0.33038330078125 0.4046630859375
-0.0485687255859375 0.100845336914063 0.19500732421875 -0.183990478515625
-0.00563812255859375 0.0940780639648437 0.05078125 -0.84808349609375
0.0274734497070313 0.0369033813476563 -0.65972900390625 -0.69140625
0.00880050659179688 0.0103492736816406 -0.75970458984375 0.19549560546875
-0.0115175247192383 0.0109443664550781 -0.19635009765625 0.5902099609375
0.00357723236083984 -0.00673961639404297 0.209564208984375 0.444671630859375
-0.0111465454101562 -0.00823974609375 0.338714599609375 0.125640869140625
-0.0114669799804688 -0.0341415405273437 0.316802978515625 -0.140411376953125
0.0197582244873047 -0.0238704681396484 -0.332611083984375 0.011077880859375
0.00915622711181641 0.00903511047363281 -0.11480712890625 -0.289581298828125
0.0218486785888672 -0.00146484375 0.39959716796875 -0.39483642578125
-0.00715255737304687 0.00405693054199219 0.81317138671875 0.033935546875
-0.0474205017089844 -0.018646240234375 0.4503173828125 0.81842041015625
-0.0122947692871094 -0.0357894897460938 -0.27947998046875 0.93060302734375
0.004425048828125 0.0286979675292969 -0.347198486328125 0.357452392578125
0.0306415557861328 0.0215854644775391 0.206405639648438 -0.214614868164063
0.0126676559448242 0.00953865051269531 -0.00219726562499998 -0.85302734375
0.00131654739379883 -0.00783014297485352 -0.7032470703125 -0.62603759765625
-0.0105915069580078 0.0068206787109375 -0.72637939453125 0.2608642578125
-0.00736808776855469 0.0172643661499023 -0.1358642578125 0.5986328125
0.00885772705078125 -0.000782966613769531 0.247802734375 0.42828369140625
-0.00371837615966797 0.00253152847290039 0.352142333984375 0.1090087890625
-0.00421142578125 -0.017364501953125 0.316864013671875 -0.149993896484375
0.025054931640625 -0.00873374938964844 -0.33038330078125 0.01312255859375
0.0141687393188477 0.0173244476318359 -0.113677978515625 -0.283477783203125
0.0200119018554688 0.00519943237304688 0.397979736328125 -0.393280029296875
-0.0159730911254883 -0.00126743316650391 0.8079833984375 0.0308837890625
-0.0496139526367187 -0.056793212890625 0.45751953125 0.81597900390625
0.0274200439453125 -0.112098693847656 -0.27569580078125 0.9302978515625
0.0916748046875 -0.055999755859375 -0.3575439453125 0.362335205078125
0.114250183105469 -0.0608139038085938 0.192886352539063 -0.205413818359375
0.0303878784179687 -0.0768051147460938 -0.00109863281249997 -0.84283447265625
-0.0247573852539063 -0.0525245666503906 -0.7034912109375 -0.62481689453125
-0.0316581726074219 0.00326728820800781 -0.72601318359375 0.26031494140625
-0.00485420227050781 0.0241565704345703 -0.13604736328125 0.60174560546875
0.0153398513793945 0.00457668304443359 0.247772216796875 0.430755615234375
0.00521183013916016 0.012476921081543 0.35662841796875 0.1121826171875
0.00555753707885742 0.00100183486938477 0.3214111328125 -0.14947509765625
0.0292453765869141 0.00574302673339844 -0.32989501953125 0.021636962890625
0.0202007293701172 0.0208225250244141 -0.137176513671875 -0.274642944335937
0.0222530364990234 0.0107917785644531 0.3489990234375 -0.417999267578125
-0.0181865692138672 -0.000953674316406251 0.789306640625 -0.04803466796875
-0.058990478515625 -0.0778121948242188 0.53948974609375 0.74505615234375
0.03985595703125 -0.17926025390625 -0.17230224609375 0.94342041015625
0.155075073242188 -0.13958740234375 -0.3568115234375 0.41741943359375
0.189300537109375 -0.13409423828125 0.156692504882813 -0.157379150390625
0.0550079345703125 -0.156265258789062 0.048095703125 -0.81683349609375
-0.0398025512695313 -0.0995407104492188 -0.65325927734375 -0.68328857421875
-0.0492172241210938 -0.00530624389648437 -0.76287841796875 0.1954345703125
-0.00509262084960937 0.0297775268554688 -0.1951904296875 0.59649658203125
0.0212574005126953 0.00970458984375 0.207916259765625 0.455322265625
0.0118465423583984 0.0196170806884766 0.351531982421875 0.1376953125
0.0133638381958008 0.0175561904907227 0.328277587890625 -0.139923095703125
0.0331459045410156 0.0159683227539063 -0.331207275390625 0.0348510742187501
0.0270442962646484 0.0209236145019531 -0.182342529296875 -0.259353637695313
0.0287361145019531 0.0132846832275391 0.256805419921875 -0.45269775390625
-0.0138235092163086 0.00622272491455078 0.73565673828125 -0.18402099609375
-0.0723419189453125 -0.074951171875 0.65289306640625 0.6009521484375
0.0162811279296875 -0.218612670898438 0.00994873046875003 0.94635009765625
0.169769287109375 -0.207321166992188 -0.32891845703125 0.5093994140625
0.245162963867187 -0.187911987304687 0.100479125976563 -0.079010009765625
0.09356689453125 -0.21551513671875 0.13531494140625 -0.76959228515625
-0.0356903076171875 -0.146835327148437 -0.54296875 -0.78546142578125
-0.0606727600097656 -0.0221366882324219 -0.81170654296875 0.0618896484374999
-0.00800132751464844 0.02978515625 -0.31207275390625 0.56884765625
0.0239677429199219 0.013275146484375 0.127899169921875 0.4852294921875
0.0187892913818359 0.0224361419677734 0.332489013671875 0.1785888671875
0.0209140777587891 0.0308513641357422 0.33306884765625 -0.1195068359375
-0.002838134765625 -0.0727005004882812 -0.3338623046875 0.0690612792968751
-0.00495529174804688 -0.0308151245117188 -0.302520751953125 -0.218780517578125
0.0220870971679688 -0.0342597961425781 0.00390625000000005 -0.485595703125
0.0360870361328125 0.00302505493164062 0.5072021484375 -0.4583740234375
0.0215988159179687 0.0651664733886719 0.76300048828125 0.21649169921875
-0.00524902343749999 0.126235961914062 0.40386962890625 0.82586669921875
-0.068084716796875 0.225753784179688 -0.13970947265625 0.67950439453125
-0.154739379882813 0.2099609375 0.0371551513671875 0.0761032104492188
-0.103164672851562 0.233306884765625 0.3516845703125 -0.63177490234375
0.02435302734375 0.154373168945312 -0.17919921875 -0.99072265625
0.0430793762207031 0.0644912719726563 -0.8204345703125 -0.33648681640625
0.00532913208007813 0.00808429718017578 -0.585693359375 0.39447021484375
0.0143623352050781 -0.0201663970947266 -0.0909118652343749 0.498382568359375
-0.00321769714355469 -0.0327320098876953 0.237075805664062 0.236099243164063
-0.0162277221679688 -0.0536766052246094 0.31591796875 -0.08343505859375
0.00177001953125 -0.0677375793457031 -0.3382568359375 0.0504150390625
-0.00208282470703125 -0.0227603912353516 -0.252059936523438 -0.251754760742188
0.0257568359375 -0.0277538299560547 0.131378173828125 -0.48828125
0.0297183990478516 0.0117549896240234 0.6441650390625 -0.33184814453125
0.00152206420898437 0.0701789855957031 0.72137451171875 0.42327880859375
-0.03204345703125 0.128211975097656 0.2037353515625 0.911376953125
-0.101364135742187 0.2197265625 -0.22711181640625 0.58856201171875
-0.147979736328125 0.202407836914062 0.101661682128906 -0.0268936157226562
-0.069183349609375 0.218673706054688 0.24676513671875 -0.7410888671875
0.04327392578125 0.127273559570313 -0.39990234375 -0.90582275390625
0.041168212890625 0.0416145324707031 -0.84051513671875 -0.11273193359375
-0.00326061248779297 0.0048975944519043 -0.444091796875 0.5009765625
0.00566864013671875 -0.0175046920776367 0.03240966796875 0.493682861328125
-0.0103206634521484 -0.0259799957275391 0.280197143554688 0.192459106445313
-0.0189170837402344 -0.0523490905761719 0.31439208984375 -0.106170654296875
0.00702667236328125 -0.0558586120605469 -0.336334228515625 0.033660888671875
0.00173664093017578 -0.0125455856323242 -0.195602416992188 -0.275955200195313
0.0256214141845703 -0.0198707580566406 0.252685546875 -0.461822509765625
0.0177249908447266 0.0164394378662109 0.74310302734375 -0.18548583984375
-0.0233840942382812 0.0564384460449219 0.63116455078125 0.61163330078125
-0.053375244140625 0.09814453125 -0.00592041015624991 0.948486328125
-0.10888671875 0.177230834960937 -0.28662109375 0.488037109375
-0.10955810546875 0.163787841796875 0.156082153320313 -0.11920166015625
-0.031494140625 0.168548583984375 0.1336669921875 -0.811767578125
0.0444564819335938 0.0838241577148438 -0.5640869140625 -0.78765869140625
0.0286445617675781 0.0211353302001953 -0.805419921875 0.0768432617187501
-0.00952625274658203 0.00556182861328125 -0.30133056640625 0.56243896484375
0.00185012817382812 -0.0128364562988281 0.13916015625 0.4683837890625
-0.0133857727050781 -0.0179195404052734 0.316192626953125 0.152191162109375
-0.0175514221191406 -0.046966552734375 0.312347412109375 -0.1273193359375
0.0127410888671875 -0.041839599609375 -0.334320068359375 0.0223388671875
0.00507736206054688 -0.00157260894775391 -0.146575927734375 -0.285614013671875
0.0224742889404297 -0.0112724304199219 0.3436279296875 -0.42584228515625
0.00459194183349609 0.0116863250732422 0.79193115234375 -0.0543212890625
-0.040863037109375 0.0243911743164063 0.52667236328125 0.74432373046875
-0.0461311340332031 0.0399055480957031 -0.17559814453125 0.94244384765625
-0.071868896484375 0.11041259765625 -0.324310302734375 0.40673828125
-0.0474090576171875 0.100570678710938 0.190673828125 -0.183807373046875
-0.00450134277343749 0.094451904296875 0.03997802734375 -0.84332275390625
0.0282421112060547 0.0350437164306641 -0.66552734375 -0.67877197265625
0.00872898101806641 0.00958251953125 -0.75244140625 0.2041015625
-0.0114879608154297 0.0110626220703125 -0.187744140625 0.58697509765625
0.0047149658203125 -0.00719165802001953 0.215576171875 0.439178466796875
-0.0105819702148438 -0.00797271728515625 0.3389892578125 0.119842529296875
-0.0119533538818359 -0.0340938568115234 0.311370849609375 -0.144134521484375
0.0192470550537109 -0.0247478485107422 -0.33013916015625 0.016998291015625
0.008514404296875 0.00870084762573242 -0.11865234375 -0.284942626953125
0.0202903747558594 -0.0029296875 0.390655517578125 -0.39849853515625
-0.00792980194091797 0.00411128997802734 0.8057861328125 0.0223388671875
-0.0474891662597656 -0.0185432434082031 0.458740234375 0.8065185546875
-0.0117168426513672 -0.0343456268310547 -0.2669677734375 0.92645263671875
0.00452995300292969 0.0294513702392578 -0.341094970703125 0.360076904296875
0.0305442810058594 0.0204105377197266 0.20208740234375 -0.214553833007813
0.013728141784668 0.00901889801025391 -0.0124511718749999 -0.84893798828125
0.00183963775634766 -0.00896930694580078 -0.708984375 -0.61370849609375
-0.0124130249023437 0.00558853149414062 -0.71893310546875 0.26837158203125
-0.00792407989501953 0.0171995162963867 -0.1270751953125 0.59619140625
0.00950050354003906 -0.00133419036865234 0.252410888671875 0.42071533203125
-0.00322890281677246 0.0021207332611084 0.35247802734375 0.103729248046875
-0.00384807586669922 -0.0168228149414063 0.312744140625 -0.15399169921875
0.0249767303466797 -0.00876426696777344 -0.328521728515625 0.0189514160156249
0.0146760940551758 0.0170974731445313 -0.1158447265625 -0.279525756835938
0.0191020965576172 0.00426673889160156 0.389556884765625 -0.396484375
-0.01483154296875 -0.00259780883789063 0.8050537109375 0.0196533203125
-0.0511894226074219 -0.0555038452148438 0.4658203125 0.8056640625
0.0261154174804687 -0.111732482910156 -0.263671875 0.92626953125
0.0907516479492188 -0.0564041137695312 -0.351165771484375 0.364715576171875
0.11151123046875 -0.0620193481445313 0.189849853515625 -0.205902099609375
0.02984619140625 -0.0767440795898438 -0.010986328125 -0.8375244140625
-0.0238075256347656 -0.0521049499511719 -0.70703125 -0.612548828125
-0.0316810607910156 0.00447845458984374 -0.7181396484375 0.27020263671875
-0.0041656494140625 0.023895263671875 -0.1268310546875 0.59954833984375
0.0152292251586914 0.00577449798583984 0.253204345703125 0.425048828125
0.00454807281494141 0.0126934051513672 0.357330322265625 0.109344482421875
0.00539588928222656 0.000964164733886719 0.31683349609375 -0.1552734375
0.029937744140625 0.00559616088867188 -0.327239990234375 0.0269775390625001
0.0205307006835937 0.0209941864013672 -0.139389038085938 -0.270492553710938
0.0212287902832031 0.0101337432861328 0.341064453125 -0.4193115234375
-0.0175685882568359 -0.00164222717285156 0.78265380859375 -0.0604248046875
-0.0599365234375 -0.0770187377929687 0.54705810546875 0.731689453125
0.0376129150390625 -0.179336547851563 -0.16064453125 0.939208984375
0.152267456054688 -0.140487670898437 -0.35003662109375 0.419464111328125
0.18603515625 -0.1358642578125 0.153594970703125 -0.157440185546875
0.0536041259765625 -0.156036376953125 0.0387573242187501 -0.81158447265625
-0.0406646728515625 -0.0989913940429688 -0.65704345703125 -0.67156982421875
-0.0482025146484375 -0.00467300415039063 -0.75445556640625 0.2064208984375
-0.00349617004394531 0.0296554565429688 -0.18634033203125 0.5965576171875
0.0208377838134766 0.0102443695068359 0.21197509765625 0.44635009765625
0.0125598907470703 0.0193862915039063 0.352813720703125 0.132843017578125
0.0144405364990234 0.0177993774414063 0.323089599609375 -0.1441650390625
0.0326728820800781 0.0159664154052734 -0.329620361328125 0.040618896484375
0.0270347595214844 0.0209980010986328 -0.18499755859375 -0.254547119140625
0.0274524688720703 0.0130214691162109 0.249542236328125 -0.45391845703125
-0.0142583847045898 0.00732994079589844 0.72845458984375 -0.19097900390625
-0.07269287109375 -0.0730667114257813 0.6568603515625 0.588134765625
0.013641357421875 -0.217193603515625 0.02056884765625 0.93695068359375
0.167388916015625 -0.207901000976562 -0.321990966796875 0.50927734375
0.240798950195313 -0.189193725585938 0.0996322631835938 -0.0787734985351563
0.090667724609375 -0.216293334960938 0.124755859375 -0.76470947265625
-0.0363311767578125 -0.145431518554688 -0.5506591796875 -0.77435302734375
-0.0601005554199219 -0.0212135314941406 -0.8043212890625 0.0716552734375
-0.00767326354980468 0.030303955078125 -0.30108642578125 0.56884765625
0.0243034362792969 0.0132770538330078 0.134063720703125 0.479766845703125
0.0185680389404297 0.0226459503173828 0.333526611328125 0.17352294921875
0.0205211639404297 0.0300617218017578 0.3302001953125 -0.1241455078125
-0.00405883789062501 -0.0707321166992188 -0.330535888671875 0.07275390625
-0.00555992126464844 -0.0304946899414063 -0.30328369140625 -0.2122802734375
0.0212841033935547 -0.03350830078125 -0.00277709960937495 -0.481964111328125
0.034820556640625 0.00241470336914063 0.49676513671875 -0.459442138671875
0.0224189758300781 0.0649986267089844 0.76190185546875 0.20587158203125
-0.00414276123046876 0.126060485839844 0.40869140625 0.81689453125
-0.06500244140625 0.225479125976563 -0.13232421875 0.67535400390625
-0.151687622070313 0.209121704101562 0.037200927734375 0.0761795043945313
-0.0995025634765625 0.2327880859375 0.3414306640625 -0.63116455078125
0.02655029296875 0.153213500976563 -0.18731689453125 -0.98211669921875
0.0434417724609375 0.0633811950683594 -0.8175048828125 -0.32366943359375
0.00538492202758789 0.00875473022460938 -0.57733154296875 0.3990478515625
0.0147552490234375 -0.0207176208496094 -0.0831604003906249 0.495819091796875
-0.003326416015625 -0.0322856903076172 0.238250732421875 0.230026245117188
-0.016845703125 -0.0524749755859375 0.312591552734375 -0.08746337890625
-7.24792480468756E-05 -0.066802978515625 -0.33441162109375 0.0538330078125
-0.0026702880859375 -0.0227184295654297 -0.251907348632812 -0.245773315429688
0.0245494842529297 -0.0281867980957031 0.125946044921875 -0.485076904296875
0.0288467407226563 0.0109500885009766 0.63525390625 -0.33953857421875
0.00213623046874999 0.0694503784179688 0.72119140625 0.412109375
-0.0308685302734375 0.128005981445313 0.2122802734375 0.90130615234375
-0.09869384765625 0.219558715820313 -0.21875 0.58465576171875
-0.144760131835938 0.201751708984375 0.100189208984375 -0.0273895263671875
-0.065521240234375 0.2183837890625 0.23809814453125 -0.73638916015625
0.04522705078125 0.125160217285156 -0.40911865234375 -0.89556884765625
0.0420303344726563 0.0415115356445313 -0.834716796875 -0.1016845703125
-0.00379657745361328 0.00475168228149414 -0.43328857421875 0.50177001953125
0.00514030456542969 -0.0178604125976563 0.03851318359375 0.4881591796875
-0.0109882354736328 -0.0260391235351563 0.28155517578125 0.18890380859375
-0.0191841125488281 -0.0523643493652344 0.310394287109375 -0.108978271484375
0.00583648681640625 -0.0554733276367188 -0.332733154296875 0.03814697265625
0.001556396484375 -0.0123872756958008 -0.196044921875 -0.270095825195313
0.0243778228759766 -0.0200538635253906 0.244842529296875 -0.4620361328125
0.0172824859619141 0.0154180526733398 0.73486328125 -0.19329833984375
-0.0227241516113281 0.0565376281738281 0.63519287109375 0.59991455078125
-0.050933837890625 0.0990066528320313 0.00457763671875007 0.94085693359375
-0.105880737304687 0.177597045898438 -0.28082275390625 0.486541748046875
-0.107589721679687 0.163116455078125 0.153366088867188 -0.11865234375
-0.02825927734375 0.167770385742188 0.12225341796875 -0.80279541015625
0.0452423095703125 0.0818710327148438 -0.56915283203125 -0.77496337890625
0.0284080505371094 0.0209140777587891 -0.79888916015625 0.08514404296875
-0.0104255676269531 0.00623798370361328 -0.290771484375 0.56304931640625
0.00242042541503906 -0.0132303237915039 0.143341064453125 0.46221923828125
-0.0135078430175781 -0.0181007385253906 0.31524658203125 0.146942138671875
-0.0184059143066406 -0.0450515747070312 0.307952880859375 -0.131103515625
0.0128097534179687 -0.04168701171875 -0.33099365234375 0.0267944335937501
0.00463724136352539 -0.00102472305297852 -0.149078369140625 -0.280258178710938
0.0220985412597656 -0.0106830596923828 0.33587646484375 -0.424591064453125
0.00322723388671875 0.011286735534668 0.7860107421875 -0.0634765625
-0.0403327941894531 0.0239295959472656 0.5308837890625 0.73101806640625
-0.0450973510742188 0.0415382385253906 -0.164794921875 0.93695068359375
-0.0705337524414063 0.109161376953125 -0.31768798828125 0.406158447265625
-0.0457534790039062 0.0993804931640625 0.18756103515625 -0.183258056640625
-0.00240325927734375 0.0935745239257813 0.0301513671874999 -0.83544921875
0.0289535522460937 0.0358848571777344 -0.668701171875 -0.66644287109375
0.00836181640625 0.00965404510498047 -0.74444580078125 0.21258544921875
-0.0106668472290039 0.0109071731567383 -0.17974853515625 0.58697509765625
0.00310277938842773 -0.00746059417724609 0.218505859375 0.43115234375
-0.0099945068359375 -0.00797462463378906 0.3382568359375 0.115020751953125
-0.0127296447753906 -0.0334930419921875 0.308197021484375 -0.14813232421875
0.0193119049072266 -0.0237064361572266 -0.3272705078125 0.021697998046875
0.00863361358642578 0.00987052917480469 -0.120620727539062 -0.280670166015625
0.0186920166015625 -0.00231170654296875 0.38226318359375 -0.399169921875
-0.00863075256347656 0.00358819961547852 0.8013916015625 0.0137939453125
-0.0488014221191406 -0.0164527893066406 0.46270751953125 0.795166015625
-0.0123214721679687 -0.0324459075927734 -0.2567138671875 0.922607421875
0.00396347045898437 0.0293064117431641 -0.337677001953125 0.362274169921875
0.0306663513183594 0.0205249786376953 0.198348999023438 -0.21441650390625
0.0136165618896484 0.00925350189208984 -0.02215576171875 -0.8404541015625
0.00236415863037109 -0.0090188980102539 -0.7117919921875 -0.6007080078125
-0.0121364593505859 0.00604915618896484 -0.70947265625 0.27496337890625
-0.00734424591064453 0.0173282623291016 -0.11700439453125 0.59344482421875
0.00887775421142578 -0.000700950622558594 0.255126953125 0.412811279296875
-0.00419092178344727 0.0021815299987793 0.351165771484375 0.098358154296875
-0.00369358062744141 -0.0172519683837891 0.309417724609375 -0.1563720703125
0.0245265960693359 -0.00788116455078125 -0.3255615234375 0.02362060546875
0.0140190124511719 0.0171346664428711 -0.118408203125 -0.274917602539063
0.0186977386474609 0.00439262390136719 0.382232666015625 -0.398040771484375
-0.0158023834228516 -0.00332736968994141 0.79815673828125 0.0089111328125
-0.0510444641113281 -0.0545501708984375 0.47027587890625 0.79217529296875
0.0229263305664063 -0.11065673828125 -0.2520751953125 0.922119140625
0.0888671875 -0.0559921264648438 -0.347564697265625 0.365509033203125
0.11029052734375 -0.0629348754882813 0.1854248046875 -0.205276489257813
0.0294418334960938 -0.0777130126953125 -0.0192260742187501 -0.82958984375
-0.0246963500976563 -0.0519828796386719 -0.7086181640625 -0.5986328125
-0.0313053131103516 0.00469970703125001 -0.71142578125 0.27496337890625
-0.00367355346679688 0.024169921875 -0.119140625 0.595947265625
0.0149698257446289 0.00434017181396484 0.2550048828125 0.41766357421875
0.00573825836181641 0.0128974914550781 0.356231689453125 0.102264404296875
0.00583410263061523 0.00144386291503906 0.311981201171875 -0.157318115234375
0.0291309356689453 0.005645751953125 -0.325531005859375 0.0318603515625001
0.0205974578857422 0.0209636688232422 -0.141525268554688 -0.266159057617188
0.0212078094482422 0.00946235656738281 0.33380126953125 -0.421112060546875
-0.0189876556396484 -0.00130653381347656 0.7760009765625 -0.0684814453125
-0.0598907470703125 -0.0748214721679687 0.550537109375 0.72125244140625
0.0352020263671875 -0.176895141601562 -0.150634765625 0.93463134765625
0.149093627929688 -0.140777587890625 -0.343505859375 0.4197998046875
0.183670043945312 -0.137435913085938 0.150527954101563 -0.15753173828125
0.0519256591796875 -0.15643310546875 0.02752685546875 -0.80487060546875
-0.0416946411132812 -0.0976409912109375 -0.66107177734375 -0.6583251953125
-0.0490570068359375 -0.00320816040039063 -0.745849609375 0.21435546875
-0.00354385375976562 0.0283718109130859 -0.17626953125 0.59442138671875
0.0205554962158203 0.00964927673339844 0.216522216796875 0.4410400390625
0.0122318267822266 0.0189628601074219 0.350921630859375 0.126861572265625
0.0146903991699219 0.0179405212402344 0.318359375 -0.14642333984375
0.0331153869628906 0.0161933898925781 -0.325775146484375 0.04571533203125
0.0267620086669922 0.0206565856933594 -0.186004638671875 -0.250289916992188
0.0271511077880859 0.0117511749267578 0.2420654296875 -0.4537353515625
-0.0144548416137695 0.00641250610351563 0.72113037109375 -0.2015380859375
-0.0728836059570313 -0.0709915161132812 0.6572265625 0.57537841796875
0.010223388671875 -0.214813232421875 0.0279541015624999 0.9307861328125
0.163604736328125 -0.207061767578125 -0.316436767578125 0.509613037109375
0.236572265625 -0.19012451171875 0.0990219116210938 -0.0785064697265625
0.087615966796875 -0.217239379882813 0.11602783203125 -0.75958251953125
-0.0384063720703125 -0.144760131835938 -0.5552978515625 -0.76019287109375
-0.0601577758789063 -0.0201339721679687 -0.7960205078125 0.0821533203125
-0.00760650634765625 0.0293540954589844 -0.2908935546875 0.5679931640625
0.0239772796630859 0.0129776000976563 0.13861083984375 0.472900390625
0.0189132690429688 0.0214462280273437 0.332977294921875 0.168121337890625
0.0212516784667969 0.0298690795898438 0.32550048828125 -0.127777099609375
-0.00588226318359375 -0.0717086791992188 -0.32769775390625 0.0758056640624999
-0.00543403625488281 -0.0296859741210937 -0.30218505859375 -0.205841064453125
0.0212650299072266 -0.0344219207763672 -0.00839233398437503 -0.47784423828125
0.0341033935546875 0.00227546691894531 0.48883056640625 -0.461029052734375
0.0223655700683594 0.0643043518066406 0.75799560546875 0.19561767578125
-0.00308227539062501 0.125312805175781 0.4130859375 0.804443359375
-0.063720703125 0.223297119140625 -0.12603759765625 0.6705322265625
-0.14935302734375 0.208328247070313 0.0380935668945312 0.0754776000976563
-0.09637451171875 0.231201171875 0.33197021484375 -0.62738037109375
0.02764892578125 0.1510009765625 -0.19677734375 -0.970703125
0.04376220703125 0.0627632141113281 -0.8133544921875 -0.3134765625
0.00611019134521484 0.00881481170654297 -0.5662841796875 0.39996337890625
0.0134525299072266 -0.0200443267822266 -0.078338623046875 0.490325927734375
-0.00387954711914063 -0.0314559936523438 0.238555908203125 0.22625732421875
-0.017791748046875 -0.0518760681152344 0.309417724609375 -0.089447021484375
-0.000274658203124993 -0.0662155151367188 -0.332000732421875 0.057098388671875
-0.00290679931640625 -0.0231208801269531 -0.251998901367188 -0.241287231445313
0.0228919982910156 -0.0291919708251953 0.118896484375 -0.483551025390625
0.0281257629394531 0.00985908508300781 0.62762451171875 -0.34075927734375
0.00101852416992187 0.0685691833496094 0.72021484375 0.401611328125
-0.0302810668945313 0.12713623046875 0.21728515625 0.8912353515625
-0.0961151123046875 0.217681884765625 -0.212890625 0.58135986328125
-0.142791748046875 0.201309204101563 0.0990447998046875 -0.02764892578125
-0.0608673095703125 0.215789794921875 0.228271484375 -0.73199462890625
0.0459976196289062 0.123573303222656 -0.4117431640625 -0.88348388671875
0.0424003601074219 0.0400886535644531 -0.82867431640625 -0.0925292968749999
-0.00291776657104492 0.00534200668334961 -0.4246826171875 0.503021240234375
0.00572109222412109 -0.0171680450439453 0.04388427734375 0.48333740234375
-0.0108966827392578 -0.0257530212402344 0.2802734375 0.183425903320313
-0.0204963684082031 -0.0512046813964844 0.30596923828125 -0.110748291015625
0.00403594970703125 -0.0552101135253906 -0.330169677734375 0.0429687499999999
0.000359535217285156 -0.0123319625854492 -0.197784423828125 -0.265106201171875
0.0232353210449219 -0.0202484130859375 0.23773193359375 -0.4605712890625
0.0166769027709961 0.0140151977539063 0.72698974609375 -0.20123291015625
-0.0228729248046875 0.0572700500488281 0.634765625 0.587158203125
-0.0498580932617187 0.0988235473632813 0.0125732421875 0.9305419921875
-0.10406494140625 0.177093505859375 -0.276123046875 0.4840087890625
-0.104949951171875 0.162094116210937 0.150466918945313 -0.117431640625
-0.025970458984375 0.165985107421875 0.11492919921875 -0.796630859375
0.046142578125 0.081390380859375 -0.57513427734375 -0.76446533203125
0.02862548828125 0.0202255249023438 -0.79156494140625 0.0930175781250001
-0.00928878784179688 0.00641632080078125 -0.283203125 0.560333251953125
0.00189781188964844 -0.0134782791137695 0.14813232421875 0.4556884765625
-0.0137081146240234 -0.0179481506347656 0.31463623046875 0.1424560546875
-0.0184669494628906 -0.0443840026855469 0.304779052734375 -0.1331787109375
0.0124969482421875 -0.040130615234375 -0.328369140625 0.030609130859375
0.0044407844543457 -0.000767230987548828 -0.149200439453125 -0.274520874023438
0.0213375091552734 -0.0129852294921875 0.32916259765625 -0.425811767578125
0.00287437438964844 0.0111875534057617 0.77703857421875 -0.069580078125
-0.0404129028320313 0.0259628295898437 0.53302001953125 0.72100830078125
-0.0446968078613281 0.042236328125 -0.15643310546875 0.9281005859375
-0.0682830810546875 0.110427856445313 -0.31280517578125 0.40496826171875
-0.0452041625976562 0.0979995727539063 0.18377685546875 -0.18328857421875
-0.000152587890625004 0.0928115844726563 0.02313232421875 -0.8280029296875
0.0297470092773438 0.0344181060791016 -0.6695556640625 -0.65484619140625
0.00868892669677734 0.00888156890869141 -0.7362060546875 0.218994140625
-0.00991344451904297 0.0115880966186523 -0.1707763671875 0.583740234375
0.00373029708862305 -0.00675725936889648 0.221343994140625 0.42462158203125
-0.0113277435302734 -0.00823974609375 0.336212158203125 0.109649658203125
-0.0125675201416016 -0.0330867767333984 0.30352783203125 -0.15045166015625
0.0192451477050781 -0.0241031646728516 -0.32415771484375 0.0262451171874999
0.00856304168701172 0.00901699066162109 -0.122177124023438 -0.275787353515625
0.0181961059570313 -0.00286293029785156 0.37493896484375 -0.399627685546875
-0.00863456726074219 0.00442218780517578 0.795654296875 0.00433349609375
-0.0469131469726563 -0.0156364440917969 0.46820068359375 0.78289794921875
-0.0131092071533203 -0.0324897766113281 -0.24609375 0.914306640625
0.00389671325683594 0.0295925140380859 -0.331817626953125 0.362274169921875
0.0297107696533203 0.0192317962646484 0.195541381835938 -0.214065551757813
0.015070915222168 0.00774097442626953 -0.028564453125 -0.8330078125
0.00212287902832031 -0.00915908813476563 -0.7120361328125 -0.58843994140625
-0.01202392578125 0.00578784942626953 -0.7012939453125 0.279052734375
-0.00619125366210938 0.0172176361083984 -0.11114501953125 0.58935546875
0.00811147689819336 -0.000966548919677734 0.25634765625 0.405975341796875
-0.00397896766662598 0.00206112861633301 0.3486328125 0.093841552734375
-0.00431251525878906 -0.0164308547973633 0.30426025390625 -0.159576416015625
0.0251045227050781 -0.00872421264648438 -0.322296142578125 0.0270690917968749
0.0146951675415039 0.0166769027709961 -0.11962890625 -0.271713256835938
0.0185203552246094 0.00316810607910156 0.374664306640625 -0.39892578125
-0.0160732269287109 -0.00262451171875 0.7904052734375 0.00042724609375
-0.0519294738769531 -0.0531158447265625 0.47406005859375 0.7796630859375
0.023468017578125 -0.109367370605469 -0.242919921875 0.91546630859375
0.0877609252929688 -0.05670166015625 -0.342864990234375 0.3662109375
0.109107971191406 -0.06292724609375 0.182540893554688 -0.203338623046875
0.0284881591796875 -0.0779190063476563 -0.0266723632812501 -0.8221435546875
-0.0245933532714844 -0.0523185729980469 -0.7091064453125 -0.58709716796875
-0.029937744140625 0.00378227233886719 -0.70098876953125 0.2801513671875
-0.00302314758300781 0.0235023498535156 -0.11175537109375 0.5909423828125
0.0156087875366211 0.00481033325195312 0.257110595703125 0.410400390625
0.00367546081542969 0.0119619369506836 0.354339599609375 0.09796142578125
0.00521612167358398 0.00176239013671875 0.30694580078125 -0.161285400390625
0.0298175811767578 0.00613212585449219 -0.3228759765625 0.0369873046875
0.0216732025146484 0.0203971862792969 -0.14263916015625 -0.262100219726562
0.0206966400146484 0.00943183898925781 0.328887939453125 -0.420745849609375
-0.0195064544677734 -0.0010223388671875 0.76971435546875 -0.07696533203125
-0.060943603515625 -0.073516845703125 0.551513671875 0.70916748046875
0.0344696044921875 -0.176498413085938 -0.1409912109375 0.92626953125
0.146728515625 -0.139907836914063 -0.33880615234375 0.418670654296875
0.180084228515625 -0.137100219726563 0.147781372070312 -0.15673828125
0.049957275390625 -0.156539916992188 0.02020263671875 -0.79791259765625
-0.041717529296875 -0.09771728515625 -0.66241455078125 -0.64599609375
-0.0475425720214844 -0.00334548950195312 -0.7373046875 0.218017578125
-0.00358772277832032 0.0287437438964844 -0.1708984375 0.58978271484375
0.0200424194335938 0.00966644287109375 0.2191162109375 0.434051513671875
0.0130729675292969 0.0192546844482422 0.34979248046875 0.122528076171875
0.0142860412597656 0.0181236267089844 0.314788818359375 -0.149139404296875
0.0337982177734375 0.0165367126464844 -0.322784423828125 0.0494079589843749
0.0264434814453125 0.0204925537109375 -0.187789916992188 -0.245132446289062
0.0263881683349609 0.0111579895019531 0.237060546875 -0.453277587890625
-0.0146074295043945 0.00607013702392578 0.7135009765625 -0.20648193359375
-0.0734024047851563 -0.0698318481445313 0.657958984375 0.564697265625
0.0097808837890625 -0.213333129882813 0.0366821289062499 0.92242431640625
0.160446166992188 -0.206634521484375 -0.3094482421875 0.508880615234375
0.233871459960938 -0.1907958984375 0.0972061157226563 -0.0775833129882813
0.08526611328125 -0.216354370117188 0.1083984375 -0.75286865234375
-0.038665771484375 -0.142532348632813 -0.55816650390625 -0.74981689453125
-0.0595359802246094 -0.0194015502929688 -0.79083251953125 0.0877075195312501
-0.00622940063476563 0.0292644500732422 -0.28240966796875 0.5660400390625
0.0239944458007813 0.0130805969238281 0.14154052734375 0.468017578125
0.0190048217773438 0.0214099884033203 0.3330078125 0.16241455078125
0.0228919982910156 0.0292491912841797 0.321258544921875 -0.131072998046875
-0.00703430175781249 -0.07086181640625 -0.32415771484375 0.077972412109375
-0.0067138671875 -0.0291500091552734 -0.30181884765625 -0.200164794921875
0.0202064514160156 -0.0360260009765625 -0.00997924804687497 -0.47344970703125
0.0341281890869141 0.000703811645507813 0.4815673828125 -0.46087646484375
0.0226211547851563 0.0648193359375 0.75360107421875 0.18975830078125
-0.00316619873046874 0.12506103515625 0.4139404296875 0.79400634765625
-0.061614990234375 0.221633911132813 -0.122802734375 0.66632080078125
-0.146759033203125 0.206222534179688 0.0376434326171875 0.0738601684570313
-0.0923614501953125 0.229751586914063 0.32476806640625 -0.621337890625
0.0294647216796875 0.149017333984375 -0.201416015625 -0.96014404296875
0.0445709228515625 0.061492919921875 -0.80938720703125 -0.30426025390625
0.00614833831787109 0.00885772705078125 -0.558807373046875 0.400360107421875
0.0135326385498047 -0.0209865570068359 -0.07379150390625 0.486663818359375
-0.00440025329589843 -0.0306529998779297 0.237991333007812 0.22198486328125
-0.0186767578125 -0.0512924194335938 0.305023193359375 -0.092926025390625
-0.00114822387695313 -0.0654487609863281 -0.32769775390625 0.060272216796875
-0.00371170043945312 -0.0226173400878906 -0.251953125 -0.235702514648438
0.0224246978759766 -0.0297489166259766 0.11431884765625 -0.4769287109375
0.0271625518798828 0.00843048095703125 0.62017822265625 -0.34503173828125
0.00210952758789062 0.0694313049316406 0.71759033203125 0.392578125
-0.0284881591796875 0.128067016601563 0.22198486328125 0.88250732421875
-0.09375 0.217208862304688 -0.2080078125 0.578125
-0.14068603515625 0.1995849609375 0.0980911254882812 -0.0276031494140625
-0.059234619140625 0.214981079101563 0.22076416015625 -0.72503662109375
0.0472030639648437 0.121726989746094 -0.4154052734375 -0.872314453125
0.0418357849121094 0.0388031005859375 -0.82000732421875 -0.0839233398437499
-0.00204563140869141 0.00415325164794922 -0.4166259765625 0.5010986328125
0.00518989562988281 -0.0187759399414063 0.04669189453125 0.476593017578125
-0.0114917755126953 -0.0262680053710938 0.279586791992188 0.18011474609375
-0.0194664001464844 -0.0504570007324219 0.30364990234375 -0.115386962890625
0.0041046142578125 -0.0554771423339844 -0.32672119140625 0.045440673828125
0.000746726989746094 -0.0129365921020508 -0.197357177734375 -0.260040283203125
0.0224571228027344 -0.0222396850585938 0.233001708984375 -0.457061767578125
0.0167341232299805 0.0138578414916992 0.71881103515625 -0.2025146484375
-0.021759033203125 0.0572700500488281 0.6336669921875 0.5794677734375
-0.0497894287109375 0.0998001098632813 0.018798828125 0.924072265625
-0.10205078125 0.176284790039062 -0.27166748046875 0.481597900390625
-0.1031494140625 0.16107177734375 0.14862060546875 -0.11865234375
-0.023223876953125 0.165069580078125 0.10943603515625 -0.7913818359375
0.0480880737304688 0.0794601440429687 -0.5732421875 -0.7523193359375
0.0278968811035156 0.019287109375 -0.78350830078125 0.0975341796875
-0.00829696655273438 0.00663614273071289 -0.27545166015625 0.556640625
0.00119876861572266 -0.0133638381958008 0.148590087890625 0.449737548828125
-0.0140228271484375 -0.0181427001953125 0.31304931640625 0.138671875
-0.0186958312988281 -0.0432624816894531 0.30072021484375 -0.1358642578125
0.0110359191894531 -0.040863037109375 -0.324005126953125 0.03363037109375
0.00432562828063965 -0.000437736511230469 -0.151626586914062 -0.271514892578125
0.0205745697021484 -0.0129299163818359 0.321807861328125 -0.424468994140625
0.00212287902832031 0.00949573516845703 0.7723388671875 -0.07635498046875
-0.0405654907226562 0.0255355834960938 0.5335693359375 0.70880126953125
-0.044219970703125 0.0429611206054688 -0.14892578125 0.9212646484375
-0.068267822265625 0.110275268554687 -0.309234619140625 0.403228759765625
-0.0437393188476562 0.098358154296875 0.180953979492187 -0.18145751953125
0.000816345214843758 0.0913238525390625 0.0172119140625 -0.81890869140625
0.0290508270263672 0.0330486297607422 -0.668701171875 -0.64349365234375
0.00819110870361328 0.00907039642333984 -0.72686767578125 0.223876953125
-0.0108537673950195 0.0105485916137695 -0.164794921875 0.57861328125
0.00365591049194336 -0.00752115249633789 0.22186279296875 0.418670654296875
-0.0108499526977539 -0.00841045379638672 0.3355712890625 0.105682373046875
-0.0128669738769531 -0.0333328247070312 0.29876708984375 -0.15264892578125
0.0186100006103516 -0.0231094360351563 -0.32110595703125 0.0289916992187499
0.00902080535888672 0.00976848602294922 -0.122650146484375 -0.2723388671875
0.0182075500488281 -0.00484848022460938 0.370025634765625 -0.399505615234375
-0.00914573669433594 0.00347232818603516 0.78704833984375 -0.0030517578125
-0.0477714538574219 -0.0153846740722656 0.46917724609375 0.77191162109375
-0.0129528045654297 -0.0305271148681641 -0.240478515625 0.9090576171875
0.00445175170898437 0.0299873352050781 -0.32666015625 0.360687255859375
0.0293712615966797 0.0192737579345703 0.191879272460938 -0.212860107421875
0.0146760940551758 0.00668716430664062 -0.03240966796875 -0.82525634765625
0.00372695922851562 -0.0102300643920898 -0.7100830078125 -0.578125
-0.0114679336547852 0.00479507446289062 -0.6927490234375 0.2830810546875
-0.00638198852539063 0.017669677734375 -0.10595703125 0.58441162109375
0.00719308853149414 -0.00250816345214844 0.257659912109375 0.400054931640625
-0.00408315658569336 0.00301504135131836 0.347686767578125 0.0909423828125
-0.00380706787109375 -0.016148567199707 0.29949951171875 -0.1611328125
0.0252494812011719 -0.00903701782226563 -0.319244384765625 0.0322265625000001
0.0136661529541016 0.0171194076538086 -0.120697021484375 -0.26727294921875
0.0163116455078125 0.0028839111328125 0.369384765625 -0.3988037109375
-0.0170688629150391 -0.00373649597167969 0.78424072265625 -0.005126953125
-0.0522727966308594 -0.052154541015625 0.47393798828125 0.76898193359375
0.0228118896484375 -0.108612060546875 -0.23724365234375 0.90716552734375
0.0863800048828125 -0.0555877685546875 -0.337738037109375 0.36517333984375
0.108070373535156 -0.0645980834960938 0.179962158203125 -0.201705932617188
0.0284194946289062 -0.0789642333984375 -0.0313720703124999 -0.815185546875
-0.0245361328125 -0.0524444580078125 -0.70819091796875 -0.57763671875
-0.03009033203125 0.00341796875 -0.69140625 0.28228759765625
-0.0030670166015625 0.0242080688476562 -0.10504150390625 0.5863037109375
0.0140085220336914 0.00374889373779297 0.257537841796875 0.40283203125
0.00345325469970703 0.0123929977416992 0.352783203125 0.092926025390625
0.00559854507446289 0.00152206420898438 0.30389404296875 -0.161895751953125
0.0301628112792969 0.00459098815917969 -0.319976806640625 0.038604736328125
0.0197906494140625 0.0215435028076172 -0.142074584960938 -0.2578125
0.0198497772216797 0.00915718078613281 0.320892333984375 -0.4200439453125
-0.0198402404785156 -0.0019378662109375 0.76116943359375 -0.0821533203125
-0.0610580444335938 -0.0724334716796875 0.55224609375 0.697998046875
0.0326995849609375 -0.174301147460938 -0.13531494140625 0.9185791015625
0.1441650390625 -0.137283325195313 -0.333587646484375 0.4183349609375
0.177764892578125 -0.137603759765625 0.144851684570313 -0.155303955078125
0.048828125 -0.15625 0.01507568359375 -0.79107666015625
-0.0414657592773437 -0.0972137451171875 -0.6610107421875 -0.63604736328125
-0.0481185913085938 -0.00317764282226563 -0.72955322265625 0.2225341796875
-0.00229454040527344 0.0280113220214844 -0.16455078125 0.58575439453125
0.0196704864501953 0.00982284545898438 0.2205810546875 0.427337646484375
0.0122203826904297 0.0192089080810547 0.34759521484375 0.11749267578125
0.0164680480957031 0.0184326171875 0.3099365234375 -0.150054931640625
0.0332393646240234 0.0166263580322266 -0.32110595703125 0.0523681640624999
0.0265159606933594 0.0217227935791016 -0.185760498046875 -0.240447998046875
0.02484130859375 0.0121307373046875 0.23101806640625 -0.45074462890625
-0.0152435302734375 0.00656986236572265 0.7047119140625 -0.2110595703125
-0.07330322265625 -0.0683822631835937 0.6561279296875 0.55523681640625
0.0074005126953125 -0.210494995117188 0.0410766601562499 0.913818359375
0.15869140625 -0.205535888671875 -0.304107666015625 0.508026123046875
0.228713989257813 -0.191818237304688 0.0954437255859375 -0.07806396484375
0.0824127197265625 -0.216690063476563 0.10247802734375 -0.7474365234375
-0.0399169921875 -0.142074584960938 -0.55841064453125 -0.74053955078125
-0.0583724975585938 -0.019256591796875 -0.78082275390625 0.0948486328125001
-0.00580787658691406 0.0297451019287109 -0.2745361328125 0.56268310546875
0.0228614807128906 0.0128402709960937 0.143524169921875 0.460540771484375
0.0181560516357422 0.0223178863525391 0.330413818359375 0.15802001953125
0.0231838226318359 0.0300178527832031 0.3182373046875 -0.13336181640625
-0.00774002075195312 -0.0699462890625 -0.32086181640625 0.0810546874999999
-0.0068206787109375 -0.0297203063964844 -0.30078125 -0.196441650390625
0.0195159912109375 -0.0356101989746094 -0.013153076171875 -0.46820068359375
0.0323600769042969 0.00026702880859375 0.47509765625 -0.459716796875
0.0216598510742188 0.0642204284667969 0.748779296875 0.18194580078125
-0.001739501953125 0.125717163085938 0.4140625 0.78515625
-0.059661865234375 0.220367431640625 -0.11822509765625 0.65972900390625
-0.144561767578125 0.204803466796875 0.0371475219726563 0.0728302001953125
-0.0905914306640625 0.22808837890625 0.318359375 -0.61907958984375
0.030120849609375 0.147491455078125 -0.204345703125 -0.95135498046875
0.0441017150878906 0.0607414245605469 -0.803466796875 -0.2972412109375
0.00663280487060547 0.00864362716674805 -0.550872802734375 0.40020751953125
0.0121803283691406 -0.0212116241455078 -0.07086181640625 0.479949951171875
-0.00552749633789063 -0.0319881439208984 0.237640380859375 0.21929931640625
-0.0174446105957031 -0.0498886108398438 0.3023681640625 -0.094757080078125
-0.00202560424804688 -0.0650787353515625 -0.32501220703125 0.0626831054687499
-0.00317955017089844 -0.0228061676025391 -0.249526977539063 -0.232101440429688
0.0222511291503906 -0.0293827056884766 0.11212158203125 -0.473968505859375
0.0268936157226563 0.00852394104003906 0.6114501953125 -0.3443603515625
0.00101852416992187 0.0693130493164063 0.71356201171875 0.3846435546875
-0.0275650024414062 0.127815246582031 0.22412109375 0.87310791015625
-0.0928192138671875 0.216110229492187 -0.2052001953125 0.5736083984375
-0.137619018554688 0.198074340820313 0.0975418090820313 -0.028076171875
-0.0564727783203125 0.213104248046875 0.214111328125 -0.71942138671875
0.04827880859375 0.119926452636719 -0.416748046875 -0.86346435546875
0.0421028137207031 0.038330078125 -0.8160400390625 -0.0781249999999999
-0.00164270401000977 0.00614786148071289 -0.409881591796875 0.499114990234375
0.005126953125 -0.0180931091308594 0.047698974609375 0.471893310546875
-0.0118198394775391 -0.0260486602783203 0.279617309570313 0.177169799804688
-0.021240234375 -0.04974365234375 0.299957275390625 -0.116485595703125
0.00348281860351562 -0.0548477172851563 -0.325042724609375 0.0478515624999999
-0.00033283233642578 -0.0117645263671875 -0.197616577148438 -0.255508422851562
0.0218639373779297 -0.0219173431396484 0.229248046875 -0.45538330078125
0.0153331756591797 0.0131206512451172 0.71136474609375 -0.20538330078125
-0.0225830078125 0.0563316345214844 0.6318359375 0.5677490234375
-0.0483856201171875 0.0993499755859375 0.021240234375 0.91534423828125
-0.100250244140625 0.175521850585938 -0.267913818359375 0.47802734375
-0.10162353515625 0.159255981445313 0.1463623046875 -0.116928100585938
-0.0222015380859375 0.163238525390625 0.10333251953125 -0.7838134765625
0.0479049682617188 0.0779571533203125 -0.57244873046875 -0.7432861328125
0.0278778076171875 0.0187492370605469 -0.776123046875 0.102294921875
-0.0083012580871582 0.00646209716796875 -0.268707275390625 0.553009033203125
0.00110912322998047 -0.0139055252075195 0.150634765625 0.4444580078125
-0.013763427734375 -0.0172939300537109 0.311676025390625 0.134613037109375
-0.0189247131347656 -0.0425491333007813 0.29644775390625 -0.13726806640625
0.0117912292480469 -0.0401077270507813 -0.321533203125 0.0361633300781249
0.00481796264648438 -0.000547885894775391 -0.151229858398438 -0.266754150390625
0.0195217132568359 -0.0127029418945313 0.317352294921875 -0.424102783203125
0.00258636474609375 0.009735107421875 0.76397705078125 -0.080810546875
-0.040252685546875 0.0260238647460938 0.531005859375 0.70062255859375
-0.0426559448242187 0.042633056640625 -0.14532470703125 0.91400146484375
-0.067108154296875 0.109664916992188 -0.304534912109375 0.40130615234375
-0.0438003540039063 0.0968780517578125 0.179428100585937 -0.180694580078125
0.00100708007812501 0.0899658203125 0.0137939453124999 -0.81207275390625
0.0307579040527344 0.0332298278808594 -0.66656494140625 -0.6341552734375
0.00934410095214844 0.00815582275390625 -0.71917724609375 0.2242431640625
-0.00942707061767578 0.0105485916137695 -0.159423828125 0.5753173828125
0.00268077850341797 -0.00773477554321289 0.221588134765625 0.4130859375
-0.0103816986083984 -0.00726127624511719 0.33258056640625 0.103057861328125
-0.0126552581787109 -0.0306835174560547 0.29644775390625 -0.15380859375
0.0180377960205078 -0.0247020721435547 -0.319427490234375 0.03143310546875
0.00855350494384765 0.00960636138916015 -0.123123168945312 -0.268600463867188
0.0172300338745117 -0.0035858154296875 0.36480712890625 -0.3990478515625
-0.00951004028320312 0.00277996063232422 0.78070068359375 -0.00823974609375
-0.04791259765625 -0.0143356323242187 0.46807861328125 0.76214599609375
-0.0129814147949219 -0.0301361083984375 -0.23486328125 0.90081787109375
0.00446891784667969 0.0302944183349609 -0.32470703125 0.359527587890625
0.0287532806396484 0.0184974670410156 0.189422607421875 -0.210784912109375
0.0156879425048828 0.00709724426269531 -0.0374145507812501 -0.81646728515625
0.00311851501464844 -0.0101699829101563 -0.70745849609375 -0.57012939453125
-0.0106220245361328 0.00534629821777344 -0.684326171875 0.28631591796875
-0.00595283508300782 0.0166025161743164 -0.100341796875 0.57940673828125
0.00783920288085938 -0.00164985656738281 0.257568359375 0.39361572265625
-0.00433564186096191 0.00297403335571289 0.34552001953125 0.0882568359375
-0.00326824188232422 -0.0151596069335937 0.29608154296875 -0.161041259765625
0.0242519378662109 -0.00838851928710938 -0.31646728515625 0.0346679687499999
0.0144071578979492 0.0173368453979492 -0.120361328125 -0.263870239257812
0.0163288116455078 0.00330734252929688 0.364776611328125 -0.3973388671875
-0.0170326232910156 -0.00297451019287109 0.77716064453125 -0.0107421875
-0.0514640808105469 -0.0508346557617188 0.474853515625 0.7606201171875
0.022491455078125 -0.106071472167969 -0.23272705078125 0.9000244140625
0.0851974487304688 -0.0547103881835937 -0.33489990234375 0.3641357421875
0.104934692382813 -0.0635757446289063 0.176864624023438 -0.201019287109375
0.0280380249023437 -0.0782470703125 -0.036865234375 -0.80816650390625
-0.0245018005371094 -0.0525932312011719 -0.7052001953125 -0.57012939453125
-0.0308170318603516 0.00317573547363281 -0.6837158203125 0.28668212890625
-0.00286483764648438 0.0237884521484375 -0.1011962890625 0.58209228515625
0.0137262344360352 0.00409412384033203 0.257781982421875 0.396820068359375
0.00355339050292969 0.0118188858032227 0.349395751953125 0.091217041015625
0.00657224655151367 0.00260782241821289 0.299774169921875 -0.161285400390625
0.0299873352050781 0.00536346435546875 -0.31591796875 0.0423278808593751
0.0212936401367187 0.0231456756591797 -0.143112182617187 -0.254364013671875
0.0191974639892578 0.00811195373535156 0.317138671875 -0.418975830078125
-0.0200614929199219 -0.00138092041015625 0.75384521484375 -0.0865478515625
-0.0611114501953125 -0.0713119506835938 0.548583984375 0.68780517578125
0.031768798828125 -0.171463012695313 -0.13128662109375 0.911376953125
0.1434326171875 -0.137451171875 -0.3304443359375 0.41693115234375
0.175277709960938 -0.137130737304688 0.143478393554688 -0.154190063476563
0.0465087890625 -0.155746459960938 0.0111694335937501 -0.7830810546875
-0.0419158935546875 -0.0966033935546875 -0.65887451171875 -0.62744140625
-0.0470657348632813 -0.00346755981445312 -0.72265625 0.22613525390625
-0.00193595886230468 0.0279598236083984 -0.15875244140625 0.5814208984375
0.0193710327148438 0.00864219665527344 0.219940185546875 0.42193603515625
0.011474609375 0.018585205078125 0.3447265625 0.115814208984375
0.0164642333984375 0.0184001922607422 0.307098388671875 -0.151947021484375
0.0336685180664063 0.0156116485595703 -0.317291259765625 0.0552978515625
0.0266742706298828 0.0221443176269531 -0.187103271484375 -0.236679077148437
0.0248813629150391 0.0109653472900391 0.226043701171875 -0.4478759765625
-0.0151710510253906 0.00584030151367187 0.696533203125 -0.21307373046875
-0.0718765258789062 -0.0673294067382813 0.653564453125 0.5462646484375
0.00679016113281248 -0.207351684570313 0.044921875 0.904541015625
0.154525756835938 -0.202880859375 -0.300018310546875 0.50518798828125
0.226150512695313 -0.190048217773438 0.0934524536132813 -0.0775146484375
0.080230712890625 -0.216140747070313 0.097412109375 -0.74078369140625
-0.040130615234375 -0.141143798828125 -0.55877685546875 -0.72955322265625
-0.0591964721679688 -0.0188522338867188 -0.7728271484375 0.09698486328125
-0.00568962097167969 0.0289077758789063 -0.26922607421875 0.5595703125
0.02288818359375 0.0124435424804688 0.144622802734375 0.4556884765625
0.0187129974365234 0.0209865570068359 0.33001708984375 0.154998779296875
0.0230770111083984 0.0296249389648438 0.31298828125 -0.134185791015625
-0.0082855224609375 -0.0693893432617188 -0.31939697265625 0.081329345703125
-0.00695037841796875 -0.0294609069824219 -0.298583984375 -0.191436767578125
0.0191574096679688 -0.0358314514160156 -0.013336181640625 -0.463592529296875
0.0322990417480469 0.000856399536132813 0.470001220703125 -0.4573974609375
0.02142333984375 0.0641899108886719 0.74468994140625 0.17889404296875
-0.00170898437500001 0.12530517578125 0.4158935546875 0.7779541015625
-0.058746337890625 0.218399047851563 -0.1163330078125 0.65521240234375
-0.143096923828125 0.202804565429688 0.0366744995117187 0.0738372802734375
-0.0889892578125 0.226791381835938 0.31439208984375 -0.61309814453125
0.0312652587890625 0.146331787109375 -0.20599365234375 -0.944091796875
0.0441970825195313 0.0599098205566406 -0.79705810546875 -0.2919921875
0.00715208053588867 0.00876522064208985 -0.545318603515625 0.39813232421875
0.0123958587646484 -0.0204143524169922 -0.06915283203125 0.47674560546875
-0.00530052185058594 -0.0322837829589844 0.236328125 0.2169189453125
-0.0176925659179688 -0.0499000549316406 0.299530029296875 -0.0948486328125
-0.00355911254882812 -0.0640830993652344 -0.321258544921875 0.0633239746093751
-0.00403404235839844 -0.0217514038085938 -0.249649047851563 -0.2279052734375
0.0211277008056641 -0.0311965942382812 0.108642578125 -0.4697265625
0.0260887145996094 0.00844764709472656 0.60565185546875 -0.34661865234375
0.00118255615234375 0.0689620971679688 0.70904541015625 0.3807373046875
-0.0282440185546875 0.127677917480469 0.22393798828125 0.8653564453125
-0.09210205078125 0.214630126953125 -0.20233154296875 0.569091796875
-0.136810302734375 0.195907592773437 0.0949783325195312 -0.0268096923828125
-0.05328369140625 0.2109375 0.21160888671875 -0.71417236328125
0.0487518310546875 0.119331359863281 -0.4163818359375 -0.8546142578125
0.0417900085449219 0.0378799438476563 -0.808349609375 -0.0753784179687501
-0.00137901306152344 0.00468301773071289 -0.4033203125 0.49627685546875
0.00397300720214844 -0.01873779296875 0.048675537109375 0.466278076171875
-0.0124397277832031 -0.0258407592773438 0.277816772460938 0.174087524414063
-0.019989013671875 -0.0491447448730469 0.296356201171875 -0.1158447265625
0.00315475463867187 -0.0535202026367188 -0.3214111328125 0.0485229492187501
-0.000143051147460938 -0.0118188858032227 -0.195953369140625 -0.250885009765625
0.0211315155029297 -0.0220623016357422 0.22601318359375 -0.452606201171875
0.0152368545532227 0.0127744674682617 0.7076416015625 -0.20855712890625
-0.0225143432617188 0.0561866760253906 0.629150390625 0.56109619140625
-0.0477752685546875 0.099822998046875 0.0225830078125 0.9083251953125
-0.09912109375 0.17425537109375 -0.26593017578125 0.47589111328125
-0.10125732421875 0.158370971679688 0.144439697265625 -0.115386962890625
-0.020965576171875 0.161865234375 0.1007080078125 -0.77667236328125
0.0476760864257812 0.0763092041015625 -0.5703125 -0.73468017578125
0.0281524658203125 0.0191001892089844 -0.76971435546875 0.10498046875
-0.00809574127197266 0.00594043731689453 -0.266387939453125 0.55010986328125
-0.000118255615234376 -0.0128488540649414 0.149871826171875 0.439697265625
-0.0149421691894531 -0.0182075500488281 0.30950927734375 0.131927490234375
-0.0191841125488281 -0.0420341491699219 0.293670654296875 -0.137359619140625
0.0103225708007813 -0.0401649475097656 -0.319244384765625 0.039215087890625
0.0033421516418457 3.19480895996094E-05 -0.150253295898438 -0.26324462890625
0.0188121795654297 -0.0133838653564453 0.31427001953125 -0.4212646484375
0.00120353698730469 0.00952243804931641 0.75634765625 -0.0841064453125
-0.0394821166992188 0.026885986328125 0.53094482421875 0.6932373046875
-0.0431785583496094 0.0436134338378906 -0.1431884765625 0.90716552734375
-0.0659713745117188 0.109062194824219 -0.303070068359375 0.398895263671875
-0.042816162109375 0.0962295532226563 0.176834106445313 -0.177703857421875
0.00222778320312499 0.0888824462890625 0.0123291015625001 -0.8052978515625
0.0312767028808594 0.0310745239257813 -0.66357421875 -0.62811279296875
0.00905418395996094 0.00801658630371094 -0.71417236328125 0.2257080078125
-0.00960731506347656 0.0101385116577148 -0.15496826171875 0.57177734375
0.00179910659790039 -0.00778865814208984 0.221710205078125 0.40704345703125
-0.0117654800415039 -0.00854110717773437 0.331268310546875 0.10150146484375
-0.01312255859375 -0.0306510925292969 0.2919921875 -0.15380859375
0.0174541473388672 -0.0236854553222656 -0.315704345703125 0.033477783203125
0.00825405120849609 0.00894927978515625 -0.12286376953125 -0.266372680664063
0.0155515670776367 -0.00465679168701172 0.36077880859375 -0.396484375
-0.00928497314453125 0.00229644775390625 0.7755126953125 -0.01165771484375
-0.0475273132324219 -0.014404296875 0.4671630859375 0.756103515625
-0.0129680633544922 -0.0295314788818359 -0.23272705078125 0.8946533203125
0.00522613525390625 0.0293846130371094 -0.3216552734375 0.356964111328125
0.0292987823486328 0.0184516906738281 0.186614990234375 -0.208251953125
0.0149965286254883 0.00596809387207031 -0.03948974609375 -0.810546875
0.00263595581054688 -0.0106048583984375 -0.70721435546875 -0.56317138671875
-0.011357307434082 0.00541305541992187 -0.67767333984375 0.2850341796875
-0.00606060028076172 0.0159130096435547 -0.0961914062499999 0.57470703125
0.0066523551940918 -0.00297117233276367 0.256927490234375 0.390228271484375
-0.00507640838623047 0.00380802154541016 0.343292236328125 0.0853271484375
-0.00406265258789063 -0.0146894454956055 0.293243408203125 -0.161163330078125
0.0235366821289063 -0.00809478759765625 -0.3138427734375 0.0361022949218751
0.0140409469604492 0.0170078277587891 -0.11981201171875 -0.26031494140625
0.0153751373291016 0.00222492218017578 0.35955810546875 -0.39666748046875
-0.0176563262939453 -0.00408744812011718 0.77227783203125 -0.0150146484375
-0.0519065856933594 -0.0493736267089844 0.471435546875 0.7540283203125
0.0217132568359375 -0.104866027832031 -0.228515625 0.8951416015625
0.0846481323242187 -0.0544357299804687 -0.33172607421875 0.3624267578125
0.105216979980469 -0.0631942749023438 0.1746826171875 -0.198928833007813
0.0278778076171875 -0.077545166015625 -0.0380859375000001 -0.79962158203125
-0.0233306884765625 -0.0523796081542969 -0.70208740234375 -0.562255859375
-0.0310535430908203 0.00299072265625 -0.67755126953125 0.28558349609375
-0.00287437438964844 0.0222129821777344 -0.0968627929687501 0.57672119140625
0.0133476257324219 0.00405025482177734 0.256744384765625 0.3922119140625
0.00464057922363281 0.012049674987793 0.346832275390625 0.087615966796875
0.00599098205566406 0.00268793106079102 0.296356201171875 -0.162933349609375
0.0302848815917969 0.00569915771484375 -0.31390380859375 0.0430297851562501
0.0202407836914063 0.0216865539550781 -0.142730712890625 -0.25054931640625
0.0187587738037109 0.00784492492675781 0.312225341796875 -0.417236328125
-0.0202140808105469 -0.00174713134765625 0.74847412109375 -0.0894775390625
-0.0599479675292969 -0.0696449279785156 0.54718017578125 0.682861328125
0.032440185546875 -0.17022705078125 -0.1285400390625 0.904541015625
0.141754150390625 -0.13677978515625 -0.327667236328125 0.41546630859375
0.173355102539063 -0.13763427734375 0.141128540039063 -0.152542114257812
0.0457916259765625 -0.1566162109375 0.0107421875 -0.77783203125
-0.0415267944335938 -0.0964431762695312 -0.6568603515625 -0.62127685546875
-0.046844482421875 -0.00330352783203125 -0.71502685546875 0.22650146484375
-0.00124549865722656 0.0275249481201172 -0.1549072265625 0.576171875
0.0190811157226563 0.00796890258789063 0.2183837890625 0.417999267578125
0.0117721557617188 0.0188255310058594 0.344940185546875 0.11328125
0.0165443420410156 0.0187740325927734 0.30340576171875 -0.151123046875
0.0336189270019531 0.0154170989990234 -0.315216064453125 0.0562744140625
0.0257968902587891 0.0220069885253906 -0.1849365234375 -0.233993530273438
0.0241641998291016 0.0103607177734375 0.223724365234375 -0.447265625
-0.0153799057006836 0.00585651397705078 0.69183349609375 -0.2149658203125
-0.072540283203125 -0.0668716430664063 0.64892578125 0.54046630859375
0.00640869140625 -0.2064208984375 0.0447998046875001 0.89892578125
0.153549194335938 -0.201934814453125 -0.297607421875 0.50213623046875
0.224502563476563 -0.190048217773437 0.093048095703125 -0.07562255859375
0.07879638671875 -0.214126586914063 0.0949096679687499 -0.73504638671875
-0.0397796630859375 -0.141281127929688 -0.55810546875 -0.72296142578125
-0.0588188171386719 -0.0187339782714844 -0.76751708984375 0.10028076171875
-0.00604057312011719 0.0285568237304688 -0.2635498046875 0.554901123046875
0.0222511291503906 0.0110397338867188 0.14447021484375 0.451019287109375
0.0180759429931641 0.0216236114501953 0.3292236328125 0.151641845703125
0.0227909088134766 0.0299587249755859 0.309326171875 -0.133819580078125
-0.00852966308593749 -0.0683250427246094 -0.31689453125 0.08209228515625
-0.00792121887207031 -0.0296745300292969 -0.296539306640625 -0.18817138671875
0.0177001953125 -0.0365104675292969 -0.015777587890625 -0.46026611328125
0.032196044921875 -6.866455078125E-05 0.465972900390625 -0.456634521484375
0.0208244323730469 0.0634002685546875 0.73980712890625 0.17645263671875
-0.000907897949218748 0.124351501464844 0.4107666015625 0.77227783203125
-0.0587158203125 0.217086791992188 -0.1165771484375 0.64910888671875
-0.1419677734375 0.200271606445313 0.0356292724609375 0.0723342895507813
-0.0866851806640625 0.225112915039063 0.31109619140625 -0.6082763671875
0.0313720703125 0.144683837890625 -0.203857421875 -0.93536376953125
0.0438613891601563 0.058135986328125 -0.791015625 -0.28826904296875
0.00716686248779297 0.00837802886962891 -0.538970947265625 0.397552490234375
0.012237548828125 -0.0207366943359375 -0.068115234375 0.47186279296875
-0.00654220581054687 -0.0322055816650391 0.235519409179687 0.214202880859375
-0.0175933837890625 -0.0490837097167969 0.297088623046875 -0.09576416015625
-0.00393295288085937 -0.0638847351074219 -0.319915771484375 0.0644836425781251
-0.00407028198242187 -0.0212383270263672 -0.24822998046875 -0.224212646484375
0.0210781097412109 -0.0310707092285156 0.106048583984375 -0.467132568359375
0.0251674652099609 0.00854110717773438 0.6019287109375 -0.34320068359375
0.00219345092773437 0.0697517395019531 0.7060546875 0.3743896484375
-0.027313232421875 0.126396179199219 0.221923828125 0.8590087890625
-0.0906982421875 0.21331787109375 -0.201416015625 0.565185546875
-0.13482666015625 0.193756103515625 0.0943069458007812 -0.0266036987304687
-0.0526275634765625 0.209426879882813 0.2086181640625 -0.707275390625
0.0491256713867188 0.117897033691406 -0.4146728515625 -0.84747314453125
0.0415077209472656 0.0366439819335938 -0.8017578125 -0.07421875
-0.000992774963378906 0.00509023666381836 -0.400299072265625 0.49322509765625
0.00424385070800781 -0.0196685791015625 0.0499267578125 0.461883544921875
-0.01220703125 -0.0264663696289063 0.276718139648438 0.17291259765625
-0.0196266174316406 -0.0483932495117187 0.294891357421875 -0.117523193359375
0.00197219848632812 -0.0542831420898438 -0.318817138671875 0.051116943359375
-2.47955322265619E-05 -0.0118694305419922 -0.195358276367188 -0.24853515625
0.0203647613525391 -0.0219154357910156 0.222900390625 -0.45074462890625
0.013890266418457 0.0121984481811523 0.7005615234375 -0.2081298828125
-0.022674560546875 0.0572662353515625 0.62640380859375 0.555908203125
-0.0475997924804688 0.0992279052734375 0.022705078125 0.90106201171875
-0.0987396240234375 0.173812866210938 -0.265411376953125 0.47344970703125
-0.100082397460938 0.156082153320313 0.143035888671875 -0.113967895507813
-0.01910400390625 0.160202026367187 0.0999145507812501 -0.76959228515625
0.0488204956054688 0.076446533203125 -0.56988525390625 -0.72943115234375
0.0276718139648438 0.0189609527587891 -0.76287841796875 0.106689453125
-0.00779294967651367 0.00544309616088867 -0.262420654296875 0.5457763671875
0.000392913818359374 -0.0138874053955078 0.15032958984375 0.434722900390625
-0.0147628784179688 -0.0180187225341797 0.30810546875 0.132232666015625
-0.0185432434082031 -0.0414199829101563 0.2923583984375 -0.13739013671875
0.0110435485839844 -0.0405731201171875 -0.3167724609375 0.03973388671875
0.00277423858642578 -0.00100302696228027 -0.150604248046875 -0.260696411132813
0.0180282592773438 -0.0143280029296875 0.309722900390625 -0.4197998046875
0.000849723815917968 0.00931167602539063 0.750244140625 -0.08673095703125
-0.0402259826660156 0.0273895263671875 0.52740478515625 0.68670654296875
-0.0432586669921875 0.0435295104980469 -0.1405029296875 0.89984130859375
-0.066253662109375 0.108291625976562 -0.3013916015625 0.396728515625
-0.0428314208984375 0.0949478149414063 0.174636840820313 -0.176483154296875
0.00250244140625 0.0883560180664063 0.0108642578125 -0.79962158203125
0.0305309295654297 0.0310993194580078 -0.66180419921875 -0.62225341796875
0.0100135803222656 0.00809478759765625 -0.70550537109375 0.22509765625
-0.009429931640625 0.0109272003173828 -0.1531982421875 0.56732177734375
0.00200223922729492 -0.00766897201538086 0.22021484375 0.4024658203125
-0.0112724304199219 -0.00755977630615234 0.32928466796875 0.099700927734375
-0.0119228363037109 -0.0298595428466797 0.289154052734375 -0.15399169921875
0.0178318023681641 -0.0234184265136719 -0.31414794921875 0.03497314453125
0.00854778289794922 0.00995731353759766 -0.121841430664062 -0.262741088867188
0.0150833129882813 -0.00483512878417969 0.358306884765625 -0.397674560546875
-0.0102663040161133 0.00171566009521484 0.76861572265625 -0.0152587890625
-0.0473785400390625 -0.0130691528320312 0.46478271484375 0.7496337890625
-0.0123195648193359 -0.0277462005615234 -0.23052978515625 0.889892578125
0.0042572021484375 0.0309505462646484 -0.320465087890625 0.35528564453125
0.0285720825195313 0.018585205078125 0.185134887695313 -0.205795288085938
0.0165510177612305 0.00505161285400391 -0.03973388671875 -0.80291748046875
0.00316143035888672 -0.0110492706298828 -0.70184326171875 -0.558349609375
-0.0113315582275391 0.00483226776123047 -0.67230224609375 0.2847900390625
-0.0053863525390625 0.0163307189941406 -0.094482421875 0.5711669921875
0.00695371627807617 -0.00157642364501953 0.254852294921875 0.384765625
-0.00417971611022949 0.00256204605102539 0.342498779296875 0.084320068359375
-0.00403499603271484 -0.0145320892333984 0.290985107421875 -0.16253662109375
0.0239677429199219 -0.00777626037597656 -0.31170654296875 0.037200927734375
0.0138959884643555 0.0174036026000977 -0.120086669921875 -0.25762939453125
0.0140018463134766 0.00217723846435547 0.355438232421875 -0.394805908203125
-0.0184154510498047 -0.00300407409667969 0.76605224609375 -0.01544189453125
-0.0510749816894531 -0.0496826171875 0.46875 0.74676513671875
0.0226974487304687 -0.10400390625 -0.2271728515625 0.88897705078125
0.0839996337890625 -0.0532989501953125 -0.3306884765625 0.3603515625
0.104080200195312 -0.062744140625 0.172988891601562 -0.1966552734375
0.026824951171875 -0.0775222778320313 -0.0399169921875 -0.7939453125
-0.023590087890625 -0.0525856018066406 -0.698486328125 -0.55694580078125
-0.0299205780029297 0.00342559814453125 -0.6732177734375 0.28558349609375
-0.00261497497558594 0.0221023559570313 -0.0941162109375 0.5732421875
0.0124883651733398 0.00354385375976563 0.25469970703125 0.388519287109375
0.00399303436279297 0.0117712020874023 0.346160888671875 0.087554931640625
0.00645875930786133 0.00356721878051758 0.2935791015625 -0.16339111328125
0.0307197570800781 0.00620841979980469 -0.31170654296875 0.04522705078125
0.0204048156738281 0.0218124389648438 -0.142608642578125 -0.247695922851563
0.0178642272949219 0.00771141052246094 0.30889892578125 -0.41595458984375
-0.0204296112060547 -0.00236129760742187 0.7425537109375 -0.0909423828125
-0.0602188110351562 -0.0685653686523438 0.54510498046875 0.67559814453125
0.031646728515625 -0.168716430664063 -0.12774658203125 0.8983154296875
0.14111328125 -0.135940551757813 -0.3265380859375 0.4114990234375
0.1715087890625 -0.136138916015625 0.140518188476563 -0.151199340820313
0.0461883544921875 -0.156341552734375 0.00860595703125006 -0.7706298828125
-0.0407867431640625 -0.0964736938476563 -0.6544189453125 -0.614501953125
-0.0473365783691406 -0.00310134887695313 -0.7086181640625 0.2255859375
-0.00244712829589844 0.0263442993164063 -0.1512451171875 0.57208251953125
0.0177059173583984 0.00859451293945313 0.218017578125 0.41357421875
0.0112400054931641 0.0193958282470703 0.34307861328125 0.11029052734375
0.0171585083007813 0.018585205078125 0.300933837890625 -0.152801513671875
0.0335540771484375 0.0157241821289063 -0.312347412109375 0.058258056640625
0.0272045135498047 0.0216064453125 -0.184722900390625 -0.231689453125
0.0237102508544922 0.0100269317626953 0.220306396484375 -0.4434814453125
-0.016326904296875 0.00518321990966797 0.685546875 -0.21453857421875
-0.0714111328125 -0.0644912719726563 0.6463623046875 0.534423828125
0.0062408447265625 -0.204391479492188 0.0450439453125 0.89093017578125
0.152755737304688 -0.200180053710937 -0.29534912109375 0.499237060546875
0.22235107421875 -0.188934326171875 0.0921173095703125 -0.0759506225585938
0.077972412109375 -0.214340209960937 0.0940551757812499 -0.7296142578125
-0.041046142578125 -0.141571044921875 -0.55419921875 -0.7158203125
-0.0589637756347656 -0.0181121826171875 -0.759521484375 0.10198974609375
-0.00468826293945312 0.0275173187255859 -0.26141357421875 0.55096435546875
0.0228900909423828 0.0115985870361328 0.1441650390625 0.445831298828125
0.0190811157226563 0.0213699340820313 0.326904296875 0.15008544921875
0.0238857269287109 0.0300102233886719 0.307769775390625 -0.133880615234375
-0.00938796997070313 -0.0677375793457031 -0.314849853515625 0.083404541015625
-0.00736045837402344 -0.0295543670654297 -0.295166015625 -0.186676025390625
0.0184402465820312 -0.0360298156738281 -0.015106201171875 -0.457733154296875
0.0304317474365234 0.000379562377929688 0.46319580078125 -0.45416259765625
0.0217094421386719 0.0639076232910156 0.73699951171875 0.1751708984375
-0.00152587890624999 0.124435424804687 0.40887451171875 0.76751708984375
-0.058197021484375 0.216049194335938 -0.11602783203125 0.64697265625
-0.141189575195313 0.199188232421875 0.0346755981445312 0.0721206665039063
-0.0848846435546875 0.224655151367188 0.309814453125 -0.60382080078125
0.0319061279296875 0.144287109375 -0.20458984375 -0.92962646484375
0.0435104370117188 0.05731201171875 -0.7861328125 -0.28607177734375
0.00809478759765625 0.0081181526184082 -0.535888671875 0.39520263671875
0.0121059417724609 -0.0205745697021484 -0.06732177734375 0.468292236328125
-0.00613784790039062 -0.0315895080566406 0.235122680664063 0.212905883789063
-0.0172882080078125 -0.0497932434082031 0.295654296875 -0.095611572265625
-0.00402069091796876 -0.06304931640625 -0.318206787109375 0.064239501953125
-0.0037994384765625 -0.0224494934082031 -0.247543334960938 -0.221923828125
0.0199489593505859 -0.0305633544921875 0.107025146484375 -0.464874267578125
0.0260429382324219 0.00816917419433594 0.59747314453125 -0.34375
0.00195693969726563 0.0687751770019531 0.7020263671875 0.37152099609375
-0.0270843505859375 0.126480102539063 0.222412109375 0.85296630859375
-0.09051513671875 0.212677001953125 -0.200469970703125 0.56121826171875
-0.13482666015625 0.191436767578125 0.0934982299804687 -0.0264129638671875
-0.0523834228515625 0.208099365234375 0.208251953125 -0.70379638671875
0.0484237670898438 0.11749267578125 -0.41510009765625 -0.84246826171875
0.0399742126464844 0.0358734130859375 -0.79736328125 -0.07373046875
-0.000738382339477539 0.00400948524475098 -0.3966064453125 0.4903564453125
0.00343513488769531 -0.0193138122558594 0.050445556640625 0.4576416015625
-0.0127410888671875 -0.0270595550537109 0.27447509765625 0.172348022460938
-0.0200462341308594 -0.048248291015625 0.293121337890625 -0.11688232421875
0.00168991088867188 -0.0540237426757813 -0.31744384765625 0.0506591796875001
-0.00178146362304688 -0.012507438659668 -0.194473266601563 -0.247039794921875
0.0198726654052734 -0.0236568450927734 0.22174072265625 -0.4464111328125
0.0138998031616211 0.012364387512207 0.6956787109375 -0.20672607421875
-0.0218124389648438 0.0561637878417969 0.62237548828125 0.554443359375
-0.0468597412109375 0.09906005859375 0.0224609375000001 0.8953857421875
-0.0979156494140625 0.173828125 -0.263671875 0.471221923828125
-0.099334716796875 0.15460205078125 0.141921997070312 -0.112335205078125
-0.0190582275390625 0.159133911132813 0.097900390625 -0.763671875
0.0483322143554688 0.0748138427734375 -0.5662841796875 -0.72528076171875
0.0274677276611328 0.0183849334716797 -0.75726318359375 0.10552978515625
-0.00724220275878906 0.00505161285400391 -0.2586669921875 0.541351318359375
-0.000293731689453125 -0.0130538940429688 0.149017333984375 0.4305419921875
-0.0147571563720703 -0.0168943405151367 0.305999755859375 0.130035400390625
-0.0186843872070313 -0.0409317016601563 0.290496826171875 -0.13836669921875
0.00981521606445313 -0.0396080017089844 -0.314666748046875 0.039459228515625
0.00319623947143555 0.000192165374755859 -0.14990234375 -0.257568359375
0.0180587768554688 -0.0143299102783203 0.308624267578125 -0.417236328125
0.000252723693847656 0.00913715362548828 0.74755859375 -0.0867919921875
-0.0395355224609375 0.0273323059082031 0.52545166015625 0.68212890625
-0.0426788330078125 0.0435791015625 -0.14306640625 0.89581298828125
-0.065399169921875 0.108154296875 -0.30145263671875 0.39508056640625
-0.0439376831054688 0.0942611694335938 0.17376708984375 -0.174423217773438
0.00370025634765625 0.0875244140625 0.00976562500000007 -0.79425048828125
0.0310497283935547 0.0309238433837891 -0.659423828125 -0.61785888671875
0.00852584838867188 0.00737428665161133 -0.7012939453125 0.22528076171875
-0.00907611846923828 0.00971698760986328 -0.15093994140625 0.56292724609375
0.00104331970214844 -0.00792407989501953 0.219696044921875 0.400665283203125
-0.0117197036743164 -0.00786781311035156 0.327423095703125 0.0986328125
-0.0118579864501953 -0.0303058624267578 0.288604736328125 -0.153533935546875
0.0169296264648438 -0.0233001708984375 -0.311798095703125 0.03643798828125
0.0081491470336914 0.0104284286499023 -0.121917724609375 -0.260711669921875
0.0145263671875 -0.00482273101806641 0.353546142578125 -0.394439697265625
-0.0109653472900391 0.00117778778076172 0.76458740234375 -0.0142822265625
-0.0466766357421875 -0.0129356384277344 0.46295166015625 0.74493408203125
-0.01239013671875 -0.0271873474121094 -0.23248291015625 0.88470458984375
0.0040740966796875 0.0310764312744141 -0.319854736328125 0.352508544921875
0.0289840698242188 0.0169734954833984 0.1834716796875 -0.203903198242188
0.0165500640869141 0.00522708892822266 -0.0401000976562501 -0.79803466796875
0.00377273559570312 -0.0115213394165039 -0.69757080078125 -0.55401611328125
-0.0117406845092773 0.00466823577880859 -0.6673583984375 0.28472900390625
-0.00655078887939453 0.0161190032958984 -0.09356689453125 0.56732177734375
0.00630283355712891 -0.00241279602050781 0.25421142578125 0.38262939453125
-0.00537443161010742 0.0029597282409668 0.340606689453125 0.082672119140625
-0.00361156463623047 -0.0134983062744141 0.289093017578125 -0.1619873046875
0.0234622955322266 -0.00803947448730469 -0.31024169921875 0.0391235351562499
0.013519287109375 0.0177860260009766 -0.11962890625 -0.25628662109375
0.0142126083374023 0.00140476226806641 0.354461669921875 -0.392913818359375
-0.0181674957275391 -0.00354957580566406 0.7615966796875 -0.01727294921875
-0.0519142150878906 -0.0487594604492188 0.46734619140625 0.741455078125
0.0215606689453125 -0.103385925292969 -0.22772216796875 0.8828125
0.08416748046875 -0.0527572631835938 -0.32965087890625 0.35772705078125
0.103294372558594 -0.0630264282226563 0.172042846679688 -0.194793701171875
0.0265426635742187 -0.0777130126953125 -0.0357666015625 -0.7874755859375
-0.0239181518554688 -0.0521125793457031 -0.6949462890625 -0.553466796875
-0.0297946929931641 0.00322914123535156 -0.66748046875 0.2845458984375
-0.00312614440917969 0.0224189758300781 -0.09381103515625 0.56976318359375
0.0124492645263672 0.00347709655761719 0.252685546875 0.386444091796875
0.00415706634521484 0.0128631591796875 0.345062255859375 0.0867919921875
0.00711393356323242 0.00433731079101563 0.291656494140625 -0.163055419921875
0.0304298400878906 0.00559806823730469 -0.309906005859375 0.0468444824218751
0.0196571350097656 0.0225944519042969 -0.141143798828125 -0.247100830078125
0.0160427093505859 0.00734615325927734 0.307861328125 -0.41448974609375
-0.0195579528808594 -0.00254440307617187 0.73736572265625 -0.091552734375
-0.0607337951660156 -0.0687980651855469 0.54119873046875 0.670654296875
0.0314788818359375 -0.168365478515625 -0.1287841796875 0.8922119140625
0.140396118164063 -0.134109497070313 -0.324615478515625 0.4102783203125
0.171768188476563 -0.135406494140625 0.138748168945312 -0.1494140625
0.0454559326171875 -0.155517578125 0.00891113281249993 -0.76617431640625
-0.0414199829101563 -0.0967254638671875 -0.6494140625 -0.61181640625
-0.0461044311523438 -0.00305938720703124 -0.70355224609375 0.22589111328125
-0.00130653381347656 0.0262298583984375 -0.14935302734375 0.56756591796875
0.0178966522216797 0.00798225402832031 0.216827392578125 0.410064697265625
0.0123100280761719 0.0193367004394531 0.34124755859375 0.109130859375
0.0177574157714844 0.018798828125 0.298370361328125 -0.151824951171875
0.0350360870361328 0.0166606903076172 -0.31121826171875 0.058685302734375
0.0266380310058594 0.0215396881103516 -0.183013916015625 -0.228195190429688
0.0228595733642578 0.0107269287109375 0.21868896484375 -0.441497802734375
-0.0160808563232422 0.00502300262451172 0.68035888671875 -0.21368408203125
-0.0713348388671875 -0.064788818359375 0.642333984375 0.53167724609375
0.00650024414062499 -0.203277587890625 0.0426025390625 0.885986328125
0.152084350585938 -0.197998046875 -0.29620361328125 0.4964599609375
0.220809936523438 -0.187942504882813 0.0913467407226563 -0.0732192993164063
0.077728271484375 -0.213180541992188 0.09478759765625 -0.72430419921875
-0.03997802734375 -0.140853881835938 -0.55035400390625 -0.7117919921875
-0.0582351684570312 -0.0189781188964844 -0.75518798828125 0.100341796875
-0.00513458251953125 0.0264930725097656 -0.261016845703125 0.5477294921875
0.0218582153320313 0.0122203826904297 0.143707275390625 0.44281005859375
0.0177726745605469 0.0209674835205078 0.32501220703125 0.148040771484375
0.0244045257568359 0.0294876098632813 0.3050537109375 -0.134246826171875
-0.00935745239257813 -0.0668792724609375 -0.313995361328125 0.0834045410156249
-0.00800514221191407 -0.029541015625 -0.29412841796875 -0.185791015625
0.0176429748535156 -0.03704833984375 -0.0146484375 -0.453887939453125
0.0307140350341797 -0.000581741333007813 0.46044921875 -0.45233154296875
0.0210342407226563 0.0638923645019531 0.733154296875 0.17236328125
-0.00171661376953126 0.124610900878906 0.4053955078125 0.76348876953125
-0.058837890625 0.215103149414063 -0.11749267578125 0.64202880859375
-0.140945434570313 0.19781494140625 0.0347824096679687 0.072509765625
-0.084259033203125 0.221435546875 0.3099365234375 -0.60052490234375
0.031402587890625 0.142791748046875 -0.202880859375 -0.92694091796875
0.0431671142578125 0.0573921203613281 -0.78240966796875 -0.2828369140625
0.00772619247436524 0.00799131393432617 -0.532440185546875 0.393280029296875
0.0113716125488281 -0.0206775665283203 -0.068206787109375 0.465545654296875
-0.00633049011230468 -0.0320415496826172 0.234161376953125 0.211715698242188
-0.0181388854980469 -0.0483970642089844 0.2945556640625 -0.096160888671875
-0.00455856323242188 -0.06280517578125 -0.3170166015625 0.0659179687500001
-0.00484466552734375 -0.0213661193847656 -0.246368408203125 -0.22100830078125
0.0193080902099609 -0.0317859649658203 0.106475830078125 -0.461761474609375
0.0243587493896484 0.00813674926757813 0.59564208984375 -0.341552734375
0.00111007690429687 0.0695419311523438 0.6995849609375 0.3702392578125
-0.0277099609375 0.127861022949219 0.21820068359375 0.8499755859375
-0.0912017822265625 0.211395263671875 -0.2015380859375 0.558837890625
-0.134689331054688 0.190185546875 0.093658447265625 -0.0250473022460937
-0.0513153076171875 0.206253051757813 0.20697021484375 -0.6978759765625
0.049041748046875 0.115921020507812 -0.40936279296875 -0.83868408203125
0.04119873046875 0.03607177734375 -0.792724609375 -0.0725708007812499
-0.000993728637695313 0.00503110885620117 -0.39483642578125 0.4881591796875
0.00341033935546875 -0.018951416015625 0.048126220703125 0.456756591796875
-0.0129356384277344 -0.0256824493408203 0.273757934570313 0.170761108398438
-0.020416259765625 -0.04803466796875 0.29132080078125 -0.117767333984375
0.0015106201171875 -0.053314208984375 -0.31646728515625 0.05126953125
-0.000222206115722657 -0.0112524032592773 -0.192794799804688 -0.244766235351562
0.0182838439941406 -0.0226783752441406 0.22113037109375 -0.445220947265625
0.0141181945800781 0.0117702484130859 0.69305419921875 -0.20782470703125
-0.0218849182128906 0.0579185485839844 0.61968994140625 0.5499267578125
-0.04693603515625 0.0998458862304687 0.0203857421875 0.89141845703125
-0.09844970703125 0.172561645507813 -0.26422119140625 0.46875
-0.100418090820312 0.15435791015625 0.141616821289063 -0.11175537109375
-0.0179290771484375 0.157867431640625 0.0994873046875 -0.76202392578125
0.0488128662109375 0.0740203857421875 -0.56414794921875 -0.72076416015625
0.0276718139648438 0.0172824859619141 -0.7535400390625 0.105224609375
-0.00806379318237305 0.00516176223754883 -0.25750732421875 0.540283203125
-0.0003204345703125 -0.0137224197387695 0.1485595703125 0.4288330078125
-0.0150547027587891 -0.0172443389892578 0.3052978515625 0.12945556640625
-0.0186042785644531 -0.0405120849609375 0.2882080078125 -0.138397216796875
0.0093536376953125 -0.0385169982910156 -0.314239501953125 0.0417785644531249
0.00305628776550293 9.17911529541015E-05 -0.14837646484375 -0.257308959960937
0.0163764953613281 -0.0147686004638672 0.30804443359375 -0.414520263671875
0.000628471374511718 0.00775146484375 0.744140625 -0.08514404296875
-0.0393333435058594 0.0274276733398437 0.5211181640625 0.678955078125
-0.0422172546386719 0.044708251953125 -0.14501953125 0.8897705078125
-0.0649337768554687 0.108261108398438 -0.300933837890625 0.392333984375
-0.0436935424804688 0.0932998657226563 0.172775268554688 -0.173614501953125
0.0034942626953125 0.0860214233398438 0.00994873046875005 -0.7899169921875
0.0313682556152344 0.0293216705322266 -0.65625 -0.61676025390625
0.00806140899658203 0.00751066207885742 -0.69873046875 0.22314453125
-0.00841426849365234 0.00998878479003906 -0.149810791015625 0.561248779296875
0.000871658325195312 -0.00742721557617188 0.21734619140625 0.39752197265625
-0.0117597579956055 -0.00663375854492188 0.32659912109375 0.09771728515625
-0.0121555328369141 -0.0295352935791016 0.28643798828125 -0.153839111328125
0.017486572265625 -0.0231380462646484 -0.310760498046875 0.037506103515625
0.00796699523925781 0.0102806091308594 -0.121124267578125 -0.258468627929688
0.0133562088012695 -0.00539875030517578 0.353668212890625 -0.39404296875
-0.0115642547607422 0.00165557861328125 0.7630615234375 -0.01470947265625
-0.0464973449707031 -0.0126571655273437 0.458251953125 0.7412109375
-0.0123767852783203 -0.0275421142578125 -0.232666015625 0.877685546875
0.00366783142089844 0.0310001373291016 -0.31976318359375 0.35211181640625
0.0275135040283203 0.0165805816650391 0.183853149414063 -0.201614379882812
0.0148983001708984 0.00419712066650391 -0.037109375 -0.7939453125
0.00379467010498047 -0.0120716094970703 -0.6944580078125 -0.5526123046875
-0.0105953216552734 0.00507354736328125 -0.66400146484375 0.2828369140625
-0.00515651702880859 0.0158300399780273 -0.092041015625 0.5643310546875
0.00615978240966797 -0.00270223617553711 0.251739501953125 0.379364013671875
-0.00497817993164063 0.00326919555664063 0.3389892578125 0.083404541015625
-0.00304508209228516 -0.0134315490722656 0.28704833984375 -0.1619873046875
0.0237884521484375 -0.00795364379882813 -0.309326171875 0.03924560546875
0.0135726928710938 0.0182094573974609 -0.119064331054687 -0.2537841796875
0.0129365921020508 0.00223636627197266 0.35186767578125 -0.39276123046875
-0.0186214447021484 -0.00482940673828125 0.7567138671875 -0.01739501953125
-0.0507850646972656 -0.04827880859375 0.463623046875 0.7401123046875
0.0225296020507813 -0.101898193359375 -0.2269287109375 0.8790283203125
0.0830612182617188 -0.0521316528320313 -0.33026123046875 0.356353759765625
0.1021728515625 -0.0629425048828125 0.170974731445313 -0.192626953125
0.0269699096679687 -0.0791397094726563 -0.0363769531249999 -0.78485107421875
-0.0236244201660156 -0.05377197265625 -0.6917724609375 -0.54962158203125
-0.0295085906982422 0.00334358215332031 -0.6651611328125 0.28265380859375
-0.00272560119628906 0.0216464996337891 -0.09326171875 0.56658935546875
0.0125446319580078 0.00315761566162109 0.25164794921875 0.38323974609375
0.0031585693359375 0.0120697021484375 0.3433837890625 0.086273193359375
0.00813055038452148 0.00357389450073242 0.290130615234375 -0.16278076171875
0.0307655334472656 0.00640296936035156 -0.309844970703125 0.0470275878906249
0.0196132659912109 0.0229339599609375 -0.141021728515625 -0.244979858398438
0.0162792205810547 0.00813484191894531 0.306304931640625 -0.412353515625
-0.0209560394287109 -0.00259017944335938 0.73394775390625 -0.09075927734375
-0.0593032836914062 -0.0679512023925781 0.53802490234375 0.66925048828125
0.032012939453125 -0.166946411132813 -0.13018798828125 0.88787841796875
0.139938354492188 -0.1329345703125 -0.324920654296875 0.4075927734375
0.170089721679688 -0.1343994140625 0.138702392578125 -0.148193359375
0.044219970703125 -0.15460205078125 0.0106201171875 -0.762451171875
-0.0406112670898438 -0.0962600708007813 -0.646728515625 -0.60980224609375
-0.04644775390625 -0.00333023071289062 -0.7005615234375 0.22320556640625
-0.00268173217773438 0.0257701873779297 -0.149169921875 0.5655517578125
0.0175352096557617 0.00849246978759766 0.215850830078125 0.409088134765625
0.0113697052001953 0.0189323425292969 0.340423583984375 0.10797119140625
0.0170574188232422 0.0193042755126953 0.297027587890625 -0.1519775390625
0.0343761444091797 0.016387939453125 -0.310272216796875 0.0598754882812499
0.026123046875 0.0225906372070313 -0.182571411132813 -0.227584838867187
0.0215797424316406 0.0107707977294922 0.2171630859375 -0.441009521484375
-0.0162267684936523 0.00621986389160156 0.67681884765625 -0.214111328125
-0.0714263916015625 -0.0643844604492188 0.63812255859375 0.52850341796875
0.00769042968749998 -0.201736450195313 0.040771484375 0.8809814453125
0.151931762695313 -0.196990966796875 -0.294464111328125 0.494720458984375
0.2193603515625 -0.1873779296875 0.0914154052734375 -0.0736160278320313
0.076690673828125 -0.2127685546875 0.09228515625 -0.7203369140625
-0.0400314331054688 -0.14019775390625 -0.54766845703125 -0.7109375
-0.0576858520507813 -0.0186271667480469 -0.75067138671875 0.10052490234375
-0.00553703308105469 0.0266551971435547 -0.25933837890625 0.54534912109375
0.021484375 0.0112514495849609 0.141937255859375 0.4415283203125
0.0175323486328125 0.0216388702392578 0.32623291015625 0.14691162109375
0.0240535736083984 0.029632568359375 0.304443359375 -0.134368896484375
-0.00929641723632813 -0.0665512084960938 -0.31298828125 0.0836181640625
-0.00705909729003906 -0.0296707153320313 -0.29412841796875 -0.18426513671875
0.0166969299316406 -0.0378608703613281 -0.0135498046875 -0.452972412109375
0.0292282104492188 -0.000802993774414063 0.460418701171875 -0.451019287109375
0.0199165344238281 0.063995361328125 0.73089599609375 0.17340087890625
-0.00228881835937499 0.125083923339844 0.40374755859375 0.761962890625
-0.0589752197265625 0.21478271484375 -0.1187744140625 0.64013671875
-0.14215087890625 0.195587158203125 0.0337982177734375 0.0718612670898438
-0.0841522216796875 0.22100830078125 0.30828857421875 -0.59765625
0.03118896484375 0.141799926757812 -0.20062255859375 -0.92303466796875
0.04229736328125 0.0569610595703125 -0.77874755859375 -0.2845458984375
0.00803709030151367 0.00808954238891602 -0.532196044921875 0.391082763671875
0.0111827850341797 -0.0213527679443359 -0.0691833496093751 0.463714599609375
-0.00649261474609375 -0.0327434539794922 0.23321533203125 0.211563110351562
-0.0175094604492188 -0.0484390258789063 0.294036865234375 -0.09649658203125
-0.00431442260742188 -0.0635757446289063 -0.316131591796875 0.06536865234375
-0.00521087646484375 -0.0224018096923828 -0.245010375976562 -0.220321655273438
0.0186004638671875 -0.0316276550292969 0.106231689453125 -0.4605712890625
0.0242633819580078 0.00751304626464844 0.5948486328125 -0.3399658203125
0.00112533569335938 0.0698471069335938 0.69927978515625 0.37054443359375
-0.0268402099609375 0.128135681152344 0.21661376953125 0.8475341796875
-0.09088134765625 0.210891723632813 -0.20465087890625 0.5567626953125
-0.135589599609375 0.189346313476563 0.0923538208007812 -0.0246810913085937
-0.051300048828125 0.206619262695313 0.20947265625 -0.69512939453125
0.0489425659179687 0.115119934082031 -0.40765380859375 -0.8363037109375
0.0415611267089844 0.0364227294921875 -0.78973388671875 -0.072998046875
-0.000621318817138672 0.00478506088256836 -0.394317626953125 0.485748291015625
0.00306892395019531 -0.0196704864501953 0.046783447265625 0.453216552734375
-0.0136909484863281 -0.0260086059570313 0.273468017578125 0.16973876953125
-0.0199203491210938 -0.0473518371582031 0.290679931640625 -0.117218017578125
0.00174713134765625 -0.0528831481933594 -0.315887451171875 0.052520751953125
-0.00122737884521484 -0.0110769271850586 -0.193496704101562 -0.244461059570313
0.0179176330566406 -0.0232143402099609 0.222015380859375 -0.443878173828125
0.0132255554199219 0.0115175247192383 0.69219970703125 -0.207763671875
-0.0222511291503906 0.0571975708007813 0.6177978515625 0.54888916015625
-0.0473480224609375 0.099151611328125 0.0161132812499999 0.88818359375
-0.098602294921875 0.172760009765625 -0.26611328125 0.465850830078125
-0.1002197265625 0.152847290039063 0.141220092773438 -0.110137939453125
-0.01904296875 0.156524658203125 0.10089111328125 -0.75762939453125
0.048828125 0.073455810546875 -0.56097412109375 -0.72021484375
0.0275917053222656 0.0177478790283203 -0.7509765625 0.104248046875
-0.00667619705200195 0.00556468963623047 -0.258056640625 0.537628173828125
-0.000519752502441407 -0.0143833160400391 0.145721435546875 0.42633056640625
-0.0150375366210937 -0.0170469284057617 0.304718017578125 0.12994384765625
-0.0187149047851562 -0.0408592224121094 0.28851318359375 -0.138031005859375
0.00970077514648438 -0.0389747619628906 -0.313232421875 0.041961669921875
0.00298118591308594 0.000422000885009766 -0.14764404296875 -0.255615234375
0.0157642364501953 -0.0142679214477539 0.308990478515625 -0.41424560546875
-0.00118875503540039 0.00838422775268555 0.7423095703125 -0.08551025390625
-0.0400390625 0.0274848937988281 0.52130126953125 0.67803955078125
-0.0422134399414063 0.0443916320800781 -0.146484375 0.88714599609375
-0.0651779174804688 0.107704162597656 -0.3021240234375 0.392364501953125
-0.0438461303710937 0.092315673828125 0.172760009765625 -0.17242431640625
0.00376892089843751 0.0844192504882813 0.0128173828124999 -0.78656005859375
0.0304737091064453 0.0286426544189453 -0.653564453125 -0.6168212890625
0.00752878189086914 0.00713539123535156 -0.69598388671875 0.222412109375
-0.00933074951171875 0.00964641571044922 -0.15093994140625 0.5579833984375
0.000362873077392578 -0.007843017578125 0.216033935546875 0.395721435546875
-0.0124568939208984 -0.00678539276123047 0.324859619140625 0.09814453125
-0.0117130279541016 -0.0295581817626953 0.285736083984375 -0.15374755859375
0.0169887542724609 -0.023956298828125 -0.3096923828125 0.0372314453125
0.00741767883300781 0.0104990005493164 -0.120635986328125 -0.2579345703125
0.0122032165527344 -0.00525569915771484 0.352996826171875 -0.391265869140625
-0.011662483215332 0.000990867614746095 0.75927734375 -0.0146484375
-0.0462760925292969 -0.011260986328125 0.456298828125 0.7388916015625
-0.0125713348388672 -0.0267524719238281 -0.23638916015625 0.8760986328125
0.00371551513671875 0.0311908721923828 -0.321319580078125 0.350921630859375
0.0279655456542969 0.0163383483886719 0.183074951171875 -0.2001953125
0.0161113739013672 0.00310707092285156 -0.0353393554687501 -0.789794921875
0.00326633453369141 -0.0123500823974609 -0.6912841796875 -0.55194091796875
-0.0116643905639648 0.00520515441894531 -0.6629638671875 0.28094482421875
-0.00598621368408203 0.0157146453857422 -0.0931396484375 0.5616455078125
0.00564765930175781 -0.00151157379150391 0.250274658203125 0.377410888671875
-0.00548601150512695 0.00340366363525391 0.339019775390625 0.081695556640625
-0.00238609313964844 -0.0131568908691406 0.28521728515625 -0.162506103515625
0.0241317749023438 -0.00780677795410156 -0.308074951171875 0.040496826171875
0.0131549835205078 0.0186920166015625 -0.117446899414062 -0.252899169921875
0.0112409591674805 0.00243759155273438 0.354034423828125 -0.390411376953125
-0.0191078186035156 -0.00390625 0.7557373046875 -0.01812744140625
-0.0505485534667969 -0.0478324890136719 0.46185302734375 0.73663330078125
0.02203369140625 -0.101692199707031 -0.23046875 0.87542724609375
0.083526611328125 -0.0505447387695313 -0.33050537109375 0.355804443359375
0.101669311523438 -0.0622329711914062 0.171051025390625 -0.190811157226563
0.026947021484375 -0.0796051025390625 -0.0356445312500001 -0.78094482421875
-0.0227928161621094 -0.0533447265625 -0.69049072265625 -0.5518798828125
-0.0294723510742188 0.00264167785644531 -0.66143798828125 0.2796630859375
-0.00243759155273437 0.0216693878173828 -0.093017578125 0.5635986328125
0.0123844146728516 0.00363063812255859 0.24951171875 0.381866455078125
0.0029449462890625 0.0126419067382813 0.34320068359375 0.08648681640625
0.00785732269287109 0.00350809097290039 0.289581298828125 -0.161224365234375
0.0305957794189453 0.00678634643554688 -0.308319091796875 0.0473937988281251
0.0199737548828125 0.0232276916503906 -0.1400146484375 -0.243896484375
0.0144863128662109 0.00765895843505859 0.304962158203125 -0.4127197265625
-0.0209388732910156 -0.00189018249511719 0.73126220703125 -0.0892333984375
-0.0588531494140625 -0.0672721862792969 0.53497314453125 0.6666259765625
0.03228759765625 -0.165817260742188 -0.13250732421875 0.88629150390625
0.138908386230469 -0.130561828613281 -0.32708740234375 0.408660888671875
0.169357299804688 -0.133407592773438 0.138870239257813 -0.146499633789063
0.0445709228515625 -0.155242919921875 0.0125122070312499 -0.76055908203125
-0.0413360595703125 -0.097015380859375 -0.64459228515625 -0.60772705078125
-0.046295166015625 -0.00354003906249999 -0.69818115234375 0.22271728515625
-0.00207710266113281 0.0252857208251953 -0.14923095703125 0.5623779296875
0.0177478790283203 0.00756645202636719 0.213470458984375 0.40545654296875
0.0121421813964844 0.0195045471191406 0.3394775390625 0.1080322265625
0.0181007385253906 0.0196857452392578 0.296295166015625 -0.151519775390625
0.0342483520507813 0.0159339904785156 -0.3092041015625 0.060638427734375
0.0258579254150391 0.0230026245117187 -0.181976318359375 -0.22625732421875
0.0198516845703125 0.0106639862060547 0.21734619140625 -0.440948486328125
-0.0168600082397461 0.00422573089599609 0.6754150390625 -0.213134765625
-0.0709762573242188 -0.0640792846679687 0.636474609375 0.52630615234375
0.00856018066406249 -0.200729370117187 0.0371093750000001 0.8802490234375
0.151626586914063 -0.196533203125 -0.2962646484375 0.493194580078125
0.219757080078125 -0.186965942382813 0.0914993286132813 -0.0722732543945313
0.0765228271484375 -0.213821411132812 0.09564208984375 -0.72003173828125
-0.0401458740234375 -0.140518188476563 -0.54583740234375 -0.70623779296875
-0.0573310852050781 -0.020111083984375 -0.7484130859375 0.0980834960937499
-0.00553131103515625 0.0263462066650391 -0.259613037109375 0.54119873046875
0.0198650360107422 0.0120449066162109 0.14105224609375 0.441131591796875
0.0179367065429688 0.0222835540771484 0.325408935546875 0.146820068359375
0.0255012512207031 0.0296363830566406 0.30328369140625 -0.1341552734375
-0.00994110107421875 -0.0667152404785156 -0.3131103515625 0.084014892578125
-0.008697509765625 -0.0296134948730469 -0.294158935546875 -0.184783935546875
0.0164031982421875 -0.0385169982910156 -0.01275634765625 -0.45184326171875
0.0287818908691406 -0.000692367553710938 0.4600830078125 -0.451416015625
0.0201797485351562 0.0653724670410156 0.73089599609375 0.17340087890625
-0.00344085693359375 0.125900268554688 0.40045166015625 0.76275634765625
-0.0599365234375 0.214141845703125 -0.1219482421875 0.64031982421875
-0.14190673828125 0.194717407226563 0.033050537109375 0.0726089477539063
-0.0839385986328125 0.220382690429688 0.31036376953125 -0.59490966796875
0.0315093994140625 0.141387939453125 -0.19708251953125 -0.9219970703125
0.04229736328125 0.0567436218261719 -0.77545166015625 -0.284912109375
0.0082859992980957 0.00685739517211914 -0.531768798828125 0.38970947265625
0.0109386444091797 -0.0215435028076172 -0.069671630859375 0.46209716796875
-0.00708961486816406 -0.0327129364013672 0.233428955078125 0.211334228515625
-0.0177116394042969 -0.0483589172363281 0.293426513671875 -0.09686279296875
-0.00457763671875 -0.0626602172851563 -0.316253662109375 0.065673828125
-0.00540924072265625 -0.0218544006347656 -0.24462890625 -0.218353271484375
0.0181026458740234 -0.0325565338134766 0.1070556640625 -0.46026611328125
0.0236167907714844 0.00779151916503906 0.59307861328125 -0.3404541015625
0.000453948974609371 0.06982421875 0.69696044921875 0.369873046875
-0.0278854370117187 0.127784729003906 0.212890625 0.84832763671875
-0.091339111328125 0.211318969726563 -0.20489501953125 0.556182861328125
-0.13531494140625 0.187789916992188 0.0918502807617187 -0.024078369140625
-0.050689697265625 0.205551147460938 0.21112060546875 -0.69219970703125
0.0489273071289062 0.115142822265625 -0.4058837890625 -0.83685302734375
0.0399208068847656 0.0359458923339844 -0.784912109375 -0.0742797851562498
-0.00142240524291992 0.00429034233093262 -0.39337158203125 0.483917236328125
0.00280570983886719 -0.0195465087890625 0.0460205078125 0.4530029296875
-0.0133590698242187 -0.0264701843261719 0.271728515625 0.170303344726563
-0.0201835632324219 -0.047698974609375 0.2900390625 -0.118316650390625
0.00170516967773438 -0.05255126953125 -0.316070556640625 0.0518493652343751
-0.00140571594238281 -0.0119609832763672 -0.192245483398437 -0.243728637695313
0.016387939453125 -0.0234031677246094 0.22125244140625 -0.443450927734375
0.0126075744628906 0.0111207962036133 0.69183349609375 -0.20574951171875
-0.0224876403808594 0.0575752258300781 0.61724853515625 0.55078125
-0.0473861694335938 0.100250244140625 0.01300048828125 0.88787841796875
-0.0991363525390625 0.171798706054688 -0.268157958984375 0.466033935546875
-0.100997924804688 0.1517333984375 0.140853881835938 -0.109359741210937
-0.0185394287109375 0.15673828125 0.1036376953125 -0.75543212890625
0.0490264892578125 0.073455810546875 -0.56085205078125 -0.7208251953125
0.0274372100830078 0.0168285369873047 -0.74981689453125 0.1011962890625
-0.0072016716003418 0.00474405288696289 -0.25701904296875 0.5362548828125
-0.00131797790527344 -0.0145244598388672 0.14495849609375 0.42559814453125
-0.0154380798339844 -0.0178928375244141 0.30401611328125 0.129638671875
-0.0180435180664063 -0.0412864685058594 0.287994384765625 -0.137542724609375
0.0101547241210938 -0.0386772155761719 -0.313018798828125 0.042633056640625
0.00301003456115723 0.000121116638183594 -0.14617919921875 -0.254348754882813
0.0138721466064453 -0.0143337249755859 0.309417724609375 -0.413330078125
-0.000902175903320313 0.00801181793212891 0.7410888671875 -0.08563232421875
-0.0398674011230469 0.027557373046875 0.516357421875 0.679931640625
-0.0420455932617187 0.0457115173339844 -0.15045166015625 0.88653564453125
-0.0656051635742188 0.108840942382813 -0.304412841796875 0.39178466796875
-0.0442657470703125 0.0915985107421875 0.173492431640625 -0.169952392578125
0.00431823730468751 0.0847854614257813 0.01531982421875 -0.78289794921875
0.0312309265136719 0.0284366607666016 -0.65118408203125 -0.61700439453125
0.00855731964111328 0.00732564926147461 -0.69598388671875 0.2210693359375
-0.00811386108398438 0.00997161865234375 -0.150787353515625 0.556549072265625
-0.000227451324462891 -0.00824069976806641 0.21539306640625 0.395050048828125
-0.0123624801635742 -0.00750923156738281 0.325592041015625 0.09747314453125
-0.0113639831542969 -0.0290508270263672 0.286163330078125 -0.154449462890625
0.0173282623291016 -0.0226497650146484 -0.309783935546875 0.038055419921875
0.00708389282226562 0.0103836059570312 -0.11883544921875 -0.256881713867188
0.0114498138427734 -0.00541210174560547 0.35400390625 -0.391448974609375
-0.012476921081543 0.000278472900390623 0.75897216796875 -0.01397705078125
-0.0464973449707031 -0.0120391845703125 0.45343017578125 0.7392578125
-0.0116691589355469 -0.0265064239501953 -0.2376708984375 0.8736572265625
0.00392532348632813 0.0320720672607422 -0.322296142578125 0.3489990234375
0.026458740234375 0.0166149139404297 0.183547973632813 -0.197845458984375
0.0163259506225586 0.0029144287109375 -0.033203125 -0.7901611328125
0.00376319885253906 -0.0135107040405273 -0.68841552734375 -0.552490234375
-0.0112648010253906 0.00377559661865234 -0.66180419921875 0.279541015625
-0.00637435913085937 0.0152912139892578 -0.093963623046875 0.560089111328125
0.0047612190246582 -0.00234270095825195 0.249176025390625 0.37689208984375
-0.0054011344909668 0.00391149520874023 0.33795166015625 0.08367919921875
-0.00265312194824219 -0.0127696990966797 0.2861328125 -0.16217041015625
0.0239849090576172 -0.00712013244628906 -0.30780029296875 0.039794921875
0.0136833190917969 0.0189380645751953 -0.117645263671875 -0.252120971679688
0.011713981628418 0.00183868408203125 0.352020263671875 -0.39068603515625
-0.0193767547607422 -0.00460624694824219 0.75360107421875 -0.0172119140625
-0.0508613586425781 -0.0478096008300781 0.45880126953125 0.73675537109375
0.02294921875 -0.101394653320313 -0.23565673828125 0.8739013671875
0.0838851928710938 -0.05035400390625 -0.3326416015625 0.355316162109375
0.101325988769531 -0.06280517578125 0.1717529296875 -0.189346313476562
0.0268020629882812 -0.08062744140625 -0.0321044921875 -0.78094482421875
-0.0231246948242187 -0.0548629760742188 -0.68896484375 -0.55072021484375
-0.0294303894042969 0.00225448608398438 -0.66192626953125 0.27886962890625
-0.00307464599609375 0.0216445922851563 -0.0947265625 0.5623779296875
0.011322021484375 0.00361156463623047 0.248809814453125 0.380950927734375
0.00316715240478516 0.0131740570068359 0.342864990234375 0.0855712890625
0.00815010070800781 0.00432825088500977 0.28924560546875 -0.162017822265625
0.0310497283935547 0.00662803649902344 -0.307342529296875 0.048065185546875
0.0200691223144531 0.0234508514404297 -0.139236450195313 -0.242462158203125
0.0136642456054688 0.00822353363037109 0.305755615234375 -0.410858154296875
-0.0217876434326172 -0.00347900390625 0.73089599609375 -0.08935546875
-0.0586509704589844 -0.0666313171386719 0.53314208984375 0.6658935546875
0.032684326171875 -0.164993286132813 -0.1356201171875 0.88519287109375
0.13946533203125 -0.130928039550781 -0.328155517578125 0.408203125
0.168960571289063 -0.133712768554688 0.139907836914062 -0.14447021484375
0.0443878173828125 -0.155548095703125 0.01397705078125 -0.75738525390625
-0.0402679443359375 -0.0974655151367188 -0.642822265625 -0.6092529296875
-0.0458984375 -0.00407791137695312 -0.69696044921875 0.220703125
-0.00207901000976563 0.0252742767333984 -0.15087890625 0.561370849609375
0.0172538757324219 0.00913619995117188 0.21209716796875 0.405364990234375
0.0114860534667969 0.0196590423583984 0.340118408203125 0.108154296875
0.0188465118408203 0.0197334289550781 0.2957763671875 -0.151214599609375
0.0345993041992188 0.0160980224609375 -0.308746337890625 0.061187744140625
0.0259227752685547 0.0234451293945312 -0.181427001953125 -0.225082397460938
0.0202789306640625 0.0105171203613281 0.21771240234375 -0.4385986328125
-0.0173759460449219 0.0037994384765625 0.67291259765625 -0.21337890625
-0.0703659057617188 -0.0631179809570313 0.63275146484375 0.526611328125
0.00791931152343748 -0.2010498046875 0.0346069335937499 0.87860107421875
0.152206420898438 -0.19451904296875 -0.296783447265625 0.493560791015625
0.218917846679688 -0.185440063476563 0.0902862548828125 -0.0714797973632813
0.0760040283203125 -0.213653564453125 0.0961303710937499 -0.71746826171875
-0.03961181640625 -0.141525268554688 -0.5426025390625 -0.70709228515625
-0.0576705932617187 -0.0190658569335937 -0.7474365234375 0.0960693359375001
-0.00542831420898438 0.0255260467529297 -0.2589111328125 0.540985107421875
0.0200004577636719 0.0116481781005859 0.13897705078125 0.438690185546875
0.0180644989013672 0.0221805572509766 0.324554443359375 0.146728515625
0.0258998870849609 0.0302410125732422 0.303497314453125 -0.133056640625
-0.0101127624511719 -0.0673065185546875 -0.31414794921875 0.0833129882812499
-0.00946044921875 -0.0300388336181641 -0.294036865234375 -0.183807373046875
0.0159797668457031 -0.039031982421875 -0.011962890625 -0.45257568359375
0.0292816162109375 -0.0009613037109375 0.462371826171875 -0.45111083984375
0.0201644897460937 0.0656967163085938 0.73260498046875 0.17626953125
-0.00274658203125001 0.126617431640625 0.3985595703125 0.76446533203125
-0.060638427734375 0.2152099609375 -0.1246337890625 0.640869140625
-0.14349365234375 0.193283081054688 0.0323944091796875 0.07318115234375
-0.0831451416015625 0.219390869140625 0.31146240234375 -0.59228515625
0.03106689453125 0.141159057617188 -0.1961669921875 -0.92431640625
0.0424118041992188 0.0572509765625 -0.7734375 -0.28619384765625
0.00835657119750977 0.00800561904907227 -0.532623291015625 0.3883056640625
0.0104236602783203 -0.0222454071044922 -0.0716552734375001 0.46270751953125
-0.00800704956054687 -0.0329055786132813 0.233642578125 0.211166381835937
-0.0179901123046875 -0.0494346618652344 0.2945556640625 -0.096588134765625
-0.0052642822265625 -0.0629844665527344 -0.315948486328125 0.066070556640625
-0.00620651245117188 -0.0220718383789063 -0.244430541992187 -0.218963623046875
0.0176010131835937 -0.0333175659179688 0.10882568359375 -0.459686279296875
0.0238265991210938 0.00732994079589844 0.59661865234375 -0.34014892578125
0.000488281249999994 0.070465087890625 0.6961669921875 0.3734130859375
-0.0284423828125 0.12841796875 0.21075439453125 0.8497314453125
-0.0927734375 0.21099853515625 -0.207977294921875 0.555999755859375
-0.136642456054688 0.1864013671875 0.0914993286132812 -0.0230712890625
-0.0505218505859375 0.205047607421875 0.212158203125 -0.69036865234375
0.0488815307617188 0.114227294921875 -0.4046630859375 -0.83782958984375
0.0407295227050781 0.034942626953125 -0.7857666015625 -0.0770263671874998
-0.000417232513427734 0.00413632392883301 -0.39410400390625 0.4844970703125
0.00259971618652344 -0.0197181701660156 0.046051025390625 0.451568603515625
-0.0138931274414062 -0.02587890625 0.2735595703125 0.169906616210938
-0.0194473266601563 -0.0472602844238281 0.291656494140625 -0.116851806640625
0.00121688842773438 -0.0531044006347656 -0.31524658203125 0.0523681640625
-0.00162315368652344 -0.0106029510498047 -0.1923828125 -0.24346923828125
0.0166053771972656 -0.0241641998291016 0.22235107421875 -0.4425048828125
0.0122499465942383 0.0106077194213867 0.6929931640625 -0.20562744140625
-0.021942138671875 0.058380126953125 0.6158447265625 0.55145263671875
-0.0479583740234375 0.100181579589844 0.010986328125 0.88848876953125
-0.099578857421875 0.172134399414062 -0.270477294921875 0.466033935546875
-0.102401733398438 0.150650024414063 0.140594482421875 -0.107681274414062
-0.01849365234375 0.15655517578125 0.10394287109375 -0.75555419921875
0.0491409301757813 0.072113037109375 -0.558837890625 -0.7227783203125
0.0272884368896484 0.0168113708496094 -0.749267578125 0.10064697265625
-0.00675296783447266 0.00493144989013672 -0.2589111328125 0.5352783203125
-0.00246715545654297 -0.0151786804199219 0.14569091796875 0.42523193359375
-0.0156726837158203 -0.0165586471557617 0.304718017578125 0.13037109375
-0.0177497863769531 -0.0404815673828125 0.288543701171875 -0.137664794921875
0.00968170166015625 -0.0391998291015625 -0.313751220703125 0.0418701171875
0.0025942325592041 0.000152826309204102 -0.146987915039063 -0.254180908203125
0.0138635635375977 -0.0144166946411133 0.310546875 -0.413299560546875
-0.00104999542236328 0.00811576843261719 0.74237060546875 -0.0836181640625
-0.0394973754882812 0.0280952453613281 0.51568603515625 0.6798095703125
-0.0427818298339844 0.0457839965820313 -0.1522216796875 0.886474609375
-0.065948486328125 0.108306884765625 -0.30633544921875 0.390838623046875
-0.0448837280273437 0.0907516479492188 0.172714233398438 -0.168975830078125
0.0033111572265625 0.0847702026367187 0.0183715820312501 -0.78460693359375
0.0308055877685547 0.0278663635253906 -0.65142822265625 -0.61785888671875
0.00832557678222656 0.00774574279785156 -0.6951904296875 0.2186279296875
-0.00880813598632812 0.00875759124755859 -0.151947021484375 0.5562744140625
0.000366210937499999 -0.00785017013549805 0.21441650390625 0.395538330078125
-0.0122222900390625 -0.00686264038085937 0.32537841796875 0.098785400390625
-0.0115852355957031 -0.0292892456054688 0.28643798828125 -0.153839111328125
0.0169677734375 -0.0236034393310547 -0.310089111328125 0.038330078125
0.00763607025146484 0.0110282897949219 -0.12017822265625 -0.25732421875
0.0108156204223633 -0.00541400909423828 0.35565185546875 -0.392059326171875
-0.0136709213256836 -0.000320434570312499 0.759033203125 -0.01141357421875
-0.0462570190429688 -0.011505126953125 0.4525146484375 0.7412109375
-0.0113792419433594 -0.025665283203125 -0.24261474609375 0.87518310546875
0.003631591796875 0.0317611694335938 -0.32574462890625 0.349884033203125
0.0264987945556641 0.0172080993652344 0.183364868164062 -0.197052001953125
0.0157346725463867 0.00246334075927734 -0.031494140625 -0.78997802734375
0.00394153594970703 -0.0137462615966797 -0.69110107421875 -0.55487060546875
-0.0112504959106445 0.00430965423583985 -0.661376953125 0.27825927734375
-0.00611591339111328 0.0157880783081055 -0.0951232910156251 0.561309814453125
0.00414371490478516 -0.00168657302856445 0.24859619140625 0.37725830078125
-0.00548744201660156 0.00288105010986328 0.3394775390625 0.082427978515625
-0.00169467926025391 -0.0129423141479492 0.286163330078125 -0.162933349609375
0.0239448547363281 -0.00730323791503906 -0.308624267578125 0.0402832031249999
0.0129566192626953 0.0188045501708984 -0.11639404296875 -0.252365112304688
0.00985240936279297 0.00178623199462891 0.354156494140625 -0.390472412109375
-0.0192070007324219 -0.00441169738769531 0.7542724609375 -0.01641845703125
-0.0501785278320312 -0.0468368530273438 0.4569091796875 0.7371826171875
0.0233154296875 -0.101051330566406 -0.2393798828125 0.8740234375
0.0832748413085938 -0.0493545532226562 -0.33526611328125 0.354949951171875
0.101264953613281 -0.0624618530273438 0.171768188476563 -0.188674926757813
0.0265884399414062 -0.080291748046875 -0.02996826171875 -0.7813720703125
-0.023284912109375 -0.0551834106445313 -0.68731689453125 -0.55340576171875
-0.0298309326171875 0.00302505493164063 -0.66253662109375 0.27899169921875
-0.0030364990234375 0.0214118957519531 -0.0953369140625 0.562103271484375
0.0109491348266602 0.00425624847412109 0.248291015625 0.382415771484375
0.00285434722900391 0.0126867294311523 0.3447265625 0.0869140625
0.00842714309692383 0.00423336029052734 0.2899169921875 -0.162841796875
0.0305767059326172 0.00675201416015625 -0.30828857421875 0.0487060546875
0.0198841094970703 0.0240554809570313 -0.139450073242188 -0.2418212890625
0.0123357772827148 0.00824165344238281 0.30706787109375 -0.4111328125
-0.0216350555419922 -0.00391960144042969 0.73248291015625 -0.0904541015625
-0.0584564208984375 -0.0672721862792969 0.5306396484375 0.669189453125
0.0332183837890625 -0.164825439453125 -0.1395263671875 0.88690185546875
0.14019775390625 -0.129371643066406 -0.330902099609375 0.407440185546875
0.16986083984375 -0.132400512695313 0.139846801757813 -0.143157958984375
0.0437469482421875 -0.157394409179688 0.01580810546875 -0.75787353515625
-0.040985107421875 -0.0984954833984375 -0.6429443359375 -0.61029052734375
-0.0463829040527344 -0.00367355346679687 -0.6971435546875 0.2181396484375
-0.00312042236328125 0.0238170623779297 -0.152679443359375 0.562042236328125
0.0163440704345703 0.00828933715820313 0.212127685546875 0.406463623046875
0.0115737915039063 0.019927978515625 0.340789794921875 0.108245849609375
0.0186901092529297 0.0196533203125 0.296905517578125 -0.151580810546875
0.035369873046875 0.0165748596191406 -0.309722900390625 0.0616455078125
0.0265712738037109 0.0235595703125 -0.181854248046875 -0.225448608398438
0.0200901031494141 0.0110626220703125 0.21893310546875 -0.438934326171875
-0.0168666839599609 0.00430679321289062 0.675537109375 -0.2125244140625
-0.0703506469726562 -0.063629150390625 0.63330078125 0.52899169921875
0.00930786132812498 -0.200912475585937 0.0323486328125 0.880615234375
0.152679443359375 -0.194869995117187 -0.2994384765625 0.493194580078125
0.21905517578125 -0.184341430664063 0.0907135009765625 -0.0704421997070313
0.0767974853515625 -0.214630126953125 0.09820556640625 -0.71636962890625
-0.040191650390625 -0.142868041992188 -0.54046630859375 -0.7095947265625
-0.0572624206542969 -0.0199813842773438 -0.7474365234375 0.09344482421875
-0.00554084777832031 0.0248832702636719 -0.260162353515625 0.53985595703125
0.0200920104980469 0.0120887756347656 0.137451171875 0.439788818359375
0.0183315277099609 0.0219707489013672 0.324615478515625 0.146240234375
0.0264301300048828 0.0296859741210938 0.3038330078125 -0.13360595703125
-0.010589599609375 -0.0672874450683594 -0.314971923828125 0.08392333984375
-0.00953102111816406 -0.0310115814208984 -0.29443359375 -0.184417724609375
0.0158500671386719 -0.0391693115234375 -0.011566162109375 -0.4532470703125
0.0292453765869141 -0.000753402709960938 0.46466064453125 -0.451446533203125
0.0199775695800781 0.066131591796875 0.73455810546875 0.1756591796875
-0.00360870361328124 0.12725830078125 0.3963623046875 0.7657470703125
-0.06201171875 0.215988159179687 -0.127197265625 0.64306640625
-0.144805908203125 0.193389892578125 0.0326461791992188 0.07366943359375
-0.0828704833984375 0.218765258789063 0.31298828125 -0.5916748046875
0.031097412109375 0.141586303710938 -0.19293212890625 -0.926025390625
0.0426902770996094 0.0565986633300781 -0.7752685546875 -0.28741455078125
0.00755071640014648 0.00737714767456055 -0.535369873046875 0.38922119140625
0.0108051300048828 -0.0217933654785156 -0.072113037109375 0.461639404296875
-0.00822067260742187 -0.0333766937255859 0.234298706054688 0.213714599609375
-0.0177268981933594 -0.0489883422851563 0.29541015625 -0.09765625
-0.00433731079101563 -0.0634765625 -0.31829833984375 0.067840576171875
-0.00702667236328125 -0.0227565765380859 -0.245025634765625 -0.218338012695313
0.0160884857177734 -0.0328121185302734 0.110137939453125 -0.4609375
0.0234470367431641 0.0076904296875 0.5980224609375 -0.34027099609375
0.0015869140625 0.0711669921875 0.6981201171875 0.37542724609375
-0.0289230346679688 0.129608154296875 0.207763671875 0.8525390625
-0.093109130859375 0.211746215820313 -0.21063232421875 0.557159423828125
-0.13787841796875 0.187057495117187 0.0917892456054687 -0.022613525390625
-0.050689697265625 0.205856323242187 0.2142333984375 -0.69183349609375
0.0486984252929688 0.115127563476563 -0.403076171875 -0.83929443359375
0.0399932861328125 0.036041259765625 -0.78814697265625 -0.0773315429687499
-0.000119686126708985 0.00416326522827148 -0.39569091796875 0.484954833984375
0.00176620483398437 -0.0195331573486328 0.04534912109375 0.452117919921875
-0.0140743255615234 -0.0265617370605469 0.274429321289063 0.171539306640625
-0.0207099914550781 -0.0467758178710938 0.292633056640625 -0.118072509765625
0.00128173828125 -0.05377197265625 -0.31689453125 0.0531616210937499
-0.00251293182373047 -0.0117263793945313 -0.191802978515625 -0.242965698242188
0.0160408020019531 -0.0242996215820313 0.224029541015625 -0.4437255859375
0.0109462738037109 0.0100774765014648 0.6954345703125 -0.20501708984375
-0.0230522155761719 0.0583457946777344 0.615966796875 0.55426025390625
-0.0481338500976563 0.102745056152344 0.00738525390625002 0.8909912109375
-0.10052490234375 0.173583984375 -0.2730712890625 0.466339111328125
-0.103271484375 0.150390625 0.141632080078125 -0.10711669921875
-0.0178985595703125 0.155563354492188 0.1055908203125 -0.7567138671875
0.0487823486328125 0.0737152099609375 -0.558349609375 -0.723876953125
0.0265026092529297 0.0168914794921875 -0.75164794921875 0.0991210937500001
-0.00728321075439453 0.00438737869262695 -0.259857177734375 0.536773681640625
-0.00152969360351563 -0.0146636962890625 0.143768310546875 0.426025390625
-0.0153045654296875 -0.0173854827880859 0.3062744140625 0.130279541015625
-0.0181465148925781 -0.0399703979492187 0.289398193359375 -0.137908935546875
0.0103836059570312 -0.0379829406738281 -0.31463623046875 0.0432434082031251
0.00169551372528076 1.32322311401367E-05 -0.14691162109375 -0.254928588867187
0.012812614440918 -0.0152225494384766 0.3101806640625 -0.414581298828125
-0.00248479843139648 0.00733470916748047 0.7447509765625 -0.0833740234375
-0.0402793884277344 0.0287399291992188 0.5152587890625 0.681884765625
-0.0419578552246094 0.0468559265136719 -0.15631103515625 0.887939453125
-0.06622314453125 0.109657287597656 -0.307769775390625 0.391326904296875
-0.04559326171875 0.0907821655273438 0.173248291015625 -0.168167114257813
0.00357055664062501 0.0838775634765625 0.01861572265625 -0.78533935546875
0.0308742523193359 0.0276355743408203 -0.6502685546875 -0.6221923828125
0.00804519653320313 0.0066075325012207 -0.69805908203125 0.218017578125
-0.00916862487792969 0.00958061218261719 -0.151519775390625 0.557159423828125
-0.000463485717773438 -0.00923442840576172 0.213348388671875 0.394989013671875
-0.0123815536499023 -0.00655078887939453 0.327301025390625 0.098602294921875
-0.0110301971435547 -0.0293502807617188 0.28729248046875 -0.15447998046875
0.0175590515136719 -0.0233078002929688 -0.312255859375 0.04052734375
0.00703716278076172 0.0114860534667969 -0.119094848632812 -0.257186889648438
0.0103054046630859 -0.00488567352294922 0.3570556640625 -0.39190673828125
-0.0131635665893555 0.000659942626953127 0.76007080078125 -0.0125732421875
-0.0466156005859375 -0.010650634765625 0.45306396484375 0.744384765625
-0.0110702514648437 -0.0259685516357422 -0.2467041015625 0.8760986328125
0.00360488891601562 0.0331497192382813 -0.329071044921875 0.351470947265625
0.0259323120117188 0.0169277191162109 0.18438720703125 -0.196395874023438
0.0158796310424805 0.00167560577392578 -0.029052734375 -0.79071044921875
0.00408172607421875 -0.014134407043457 -0.69091796875 -0.5572509765625
-0.011052131652832 0.00351905822753907 -0.66290283203125 0.27685546875
-0.00584125518798828 0.0155858993530273 -0.09710693359375 0.5621337890625
0.00463724136352539 -0.00197982788085938 0.248992919921875 0.37786865234375
-0.00630760192871094 0.00521087646484375 0.339752197265625 0.08123779296875
-0.00191307067871094 -0.0121479034423828 0.286529541015625 -0.1639404296875
0.0243110656738281 -0.00677108764648438 -0.309967041015625 0.041473388671875
0.0133247375488281 0.0195541381835937 -0.115615844726563 -0.252410888671875
0.00877666473388672 0.00237417221069336 0.3551025390625 -0.392547607421875
-0.0205192565917969 -0.00611495971679688 0.755859375 -0.01531982421875
-0.0509071350097656 -0.0471458435058594 0.4564208984375 0.74005126953125
0.0233383178710938 -0.101394653320312 -0.24163818359375 0.87567138671875
0.0832138061523437 -0.048431396484375 -0.3365478515625 0.3565673828125
0.101226806640625 -0.0624160766601563 0.172927856445313 -0.188217163085938
0.0267562866210937 -0.08099365234375 -0.0283203125000001 -0.78326416015625
-0.0235328674316406 -0.0555610656738281 -0.68719482421875 -0.55450439453125
-0.0291690826416016 0.00126266479492187 -0.66363525390625 0.27716064453125
-0.0030059814453125 0.0206050872802734 -0.09552001953125 0.561248779296875
0.0105428695678711 0.00467395782470703 0.2481689453125 0.382293701171875
0.00247955322265625 0.0142354965209961 0.346527099609375 0.0859375
0.00846481323242187 0.00341701507568359 0.291168212890625 -0.162872314453125
0.0305023193359375 0.00739097595214844 -0.309967041015625 0.0498046874999999
0.0188083648681641 0.0244674682617188 -0.138351440429687 -0.241836547851563
0.0121803283691406 0.00886821746826172 0.30828857421875 -0.413116455078125
-0.0220241546630859 -0.00291061401367188 0.7333984375 -0.0904541015625
-0.0590591430664063 -0.0668067932128906 0.531982421875 0.670654296875
0.0338592529296875 -0.164596557617188 -0.14385986328125 0.88543701171875
0.14154052734375 -0.1298828125 -0.333251953125 0.40863037109375
0.17071533203125 -0.133377075195313 0.140548706054688 -0.14276123046875
0.044769287109375 -0.157089233398438 0.0191040039062501 -0.7593994140625
-0.0404815673828125 -0.099884033203125 -0.64007568359375 -0.6126708984375
-0.0459938049316406 -0.00385284423828124 -0.6981201171875 0.2183837890625
-0.00216293334960937 0.0255546569824219 -0.15264892578125 0.561553955078125
0.0158443450927734 0.00917530059814453 0.21099853515625 0.408294677734375
0.0122509002685547 0.0210323333740234 0.342987060546875 0.108154296875
0.0194530487060547 0.0195446014404297 0.295440673828125 -0.1510009765625
0.0357933044433594 0.0170631408691406 -0.309906005859375 0.0626220703124999
0.0261363983154297 0.0237712860107422 -0.18060302734375 -0.224945068359375
0.0198287963867188 0.0118541717529297 0.218841552734375 -0.441162109375
-0.0176124572753906 0.00303268432617187 0.677001953125 -0.21270751953125
-0.0705413818359375 -0.0622100830078125 0.63214111328125 0.53179931640625
0.00952148437500002 -0.201278686523438 0.0290527343749999 0.88287353515625
0.154830932617188 -0.1939697265625 -0.30316162109375 0.4949951171875
0.21990966796875 -0.184951782226563 0.0907440185546875 -0.0695037841796875
0.076568603515625 -0.213729858398438 0.1005859375 -0.71710205078125
-0.039886474609375 -0.143630981445313 -0.54168701171875 -0.713623046875
-0.0578079223632813 -0.0194282531738281 -0.74896240234375 0.0931396484375
-0.006561279296875 0.0243110656738281 -0.26177978515625 0.53973388671875
0.0193061828613281 0.0122585296630859 0.138397216796875 0.441619873046875
0.0189552307128906 0.0230426788330078 0.326324462890625 0.147979736328125
0.0276679992675781 0.0311927795410156 0.3048095703125 -0.134368896484375
-0.01116943359375 -0.0673179626464844 -0.3162841796875 0.085235595703125
-0.0103893280029297 -0.0299797058105469 -0.295684814453125 -0.183380126953125
0.0146064758300781 -0.0404434204101563 -0.010986328125 -0.454803466796875
0.0280952453613281 -0.00087738037109375 0.464263916015625 -0.45355224609375
0.019683837890625 0.067169189453125 0.737548828125 0.177734375
-0.00305938720703125 0.128929138183594 0.3990478515625 0.77191162109375
-0.0618743896484375 0.216567993164063 -0.12933349609375 0.6448974609375
-0.145645141601562 0.193954467773438 0.031280517578125 0.0736465454101563
-0.0847625732421875 0.219589233398438 0.31658935546875 -0.5931396484375
0.0301513671875 0.14166259765625 -0.1939697265625 -0.92919921875
0.0416641235351563 0.0566253662109375 -0.77484130859375 -0.28973388671875
0.00950908660888672 0.00672245025634766 -0.536407470703125 0.389739990234375
0.00985336303710938 -0.0227947235107422 -0.073333740234375 0.461944580078125
-0.00802803039550782 -0.0338211059570313 0.235336303710937 0.2138671875
-0.0171661376953125 -0.0487747192382813 0.297271728515625 -0.098297119140625
-0.00466156005859376 -0.0640907287597656 -0.31951904296875 0.067626953125
-0.00695419311523437 -0.0222053527832031 -0.246597290039063 -0.218368530273437
0.0155620574951172 -0.033660888671875 0.11181640625 -0.462890625
0.0225830078125 0.007232666015625 0.60137939453125 -0.34136962890625
0.000221252441406256 0.0715103149414063 0.70001220703125 0.37744140625
-0.028961181640625 0.130485534667969 0.20660400390625 0.85650634765625
-0.09442138671875 0.212814331054687 -0.213470458984375 0.558929443359375
-0.1397705078125 0.186782836914063 0.0916748046875 -0.0225753784179687
-0.051055908203125 0.205886840820313 0.21551513671875 -0.693603515625
0.0479354858398438 0.114524841308594 -0.40313720703125 -0.84393310546875
0.0396804809570313 0.0353546142578125 -0.7882080078125 -0.0786132812499999
-0.000991821289062499 0.00441741943359375 -0.398406982421875 0.485076904296875
0.00052642822265625 -0.0202121734619141 0.04534912109375 0.452911376953125
-0.0155143737792969 -0.0274372100830078 0.2757568359375 0.171295166015625
-0.0199127197265625 -0.0481681823730469 0.292755126953125 -0.118408203125
0.000736236572265623 -0.0530052185058594 -0.319793701171875 0.053741455078125
-0.00328540802001953 -0.0110588073730469 -0.192642211914062 -0.243865966796875
0.0150489807128906 -0.0244579315185547 0.225555419921875 -0.446319580078125
0.0111484527587891 0.0103111267089844 0.69659423828125 -0.20550537109375
-0.0224151611328125 0.0591964721679688 0.617431640625 0.55670166015625
-0.0474929809570313 0.102325439453125 0.00537109374999991 0.8948974609375
-0.10064697265625 0.173843383789063 -0.27484130859375 0.469390869140625
-0.104156494140625 0.150054931640625 0.141021728515625 -0.107345581054687
-0.018035888671875 0.155624389648438 0.108642578125 -0.75787353515625
0.0489883422851563 0.0728073120117188 -0.55914306640625 -0.7266845703125
0.0268096923828125 0.0175724029541016 -0.75189208984375 0.0985107421874999
-0.00733327865600586 0.00485563278198242 -0.261138916015625 0.537811279296875
-0.00193214416503906 -0.0149507522583008 0.142913818359375 0.428802490234375
-0.0170183181762695 -0.0171785354614258 0.306915283203125 0.13104248046875
-0.0180282592773438 -0.0410003662109375 0.290618896484375 -0.14013671875
0.00956344604492187 -0.0391845703125 -0.315155029296875 0.043548583984375
0.00130057334899902 0.00161540508270264 -0.147369384765625 -0.255325317382813
0.0124502182006836 -0.0146141052246094 0.313690185546875 -0.415802001953125
-0.00241899490356445 0.00730371475219726 0.74639892578125 -0.08349609375
-0.0402183532714844 0.0292282104492187 0.51806640625 0.68560791015625
-0.0434532165527344 0.0463218688964844 -0.159423828125 0.89202880859375
-0.0670318603515625 0.109817504882813 -0.311309814453125 0.39361572265625
-0.0462722778320313 0.0913314819335938 0.174026489257813 -0.167312622070313
0.0033111572265625 0.0841903686523438 0.0206909179687501 -0.7874755859375
0.0312786102294922 0.0272941589355469 -0.65362548828125 -0.62469482421875
0.00680160522460938 0.00640344619750977 -0.6995849609375 0.218017578125
-0.00813961029052735 0.00961017608642578 -0.1536865234375 0.5579833984375
-0.00160789489746094 -0.00868844985961914 0.2149658203125 0.396759033203125
-0.0123281478881836 -0.00668811798095703 0.32818603515625 0.0987548828125
-0.0116329193115234 -0.0293331146240234 0.2879638671875 -0.154541015625
0.0176486968994141 -0.0227165222167969 -0.312744140625 0.0404052734375
0.00629234313964844 0.011683464050293 -0.11981201171875 -0.256988525390625
0.00916385650634766 -0.00518703460693359 0.3587646484375 -0.393829345703125
-0.0131025314331055 -0.000408172607421877 0.762451171875 -0.01361083984375
-0.04736328125 -0.0116233825683594 0.4552001953125 0.7469482421875
-0.0110073089599609 -0.0253219604492188 -0.2513427734375 0.878662109375
0.00337409973144531 0.0333423614501953 -0.329925537109375 0.3524169921875
0.0254955291748047 0.0165424346923828 0.1865234375 -0.196014404296875
0.0155467987060547 0.00183391571044922 -0.0272216796875 -0.793212890625
0.00353336334228516 -0.0144491195678711 -0.69281005859375 -0.558349609375
-0.0115156173706055 0.00401687622070312 -0.666015625 0.2762451171875
-0.00586414337158203 0.0145587921142578 -0.09417724609375 0.56243896484375
0.00345897674560547 -0.00137710571289063 0.247955322265625 0.37994384765625
-0.00587606430053711 0.00456428527832031 0.34149169921875 0.08404541015625
-0.00219154357910156 -0.0131759643554688 0.288177490234375 -0.1644287109375
0.0240612030029297 -0.00715446472167969 -0.310577392578125 0.0426025390625
0.0123958587646484 0.0202236175537109 -0.116897583007813 -0.252593994140625
0.00908470153808594 0.00210762023925781 0.357086181640625 -0.394195556640625
-0.0213966369628906 -0.00523567199707031 0.75872802734375 -0.01513671875
-0.0502586364746094 -0.0471992492675781 0.4580078125 0.74517822265625
0.0246658325195312 -0.100509643554688 -0.244384765625 0.88018798828125
0.0841598510742188 -0.0478744506835938 -0.339447021484375 0.357330322265625
0.101692199707031 -0.0628433227539063 0.173629760742188 -0.185943603515625
0.02593994140625 -0.0820465087890625 -0.02667236328125 -0.7838134765625
-0.0242691040039063 -0.0560073852539063 -0.69061279296875 -0.55810546875
-0.0292205810546875 0.00253486633300782 -0.66741943359375 0.27685546875
-0.00300979614257812 0.0204887390136719 -0.0978393554687499 0.564208984375
0.0102405548095703 0.00403499603271484 0.24853515625 0.384735107421875
0.00401878356933594 0.0138874053955078 0.346923828125 0.0859375
0.00885581970214844 0.0042266845703125 0.29156494140625 -0.1636962890625
0.0304698944091797 0.00658988952636719 -0.31011962890625 0.050537109375
0.0197906494140625 0.0255622863769531 -0.138992309570312 -0.243301391601563
0.0129909515380859 0.00796604156494141 0.309539794921875 -0.414520263671875
-0.0234031677246094 -0.005096435546875 0.73675537109375 -0.0889892578125
-0.0589942932128906 -0.0672721862792969 0.53271484375 0.6737060546875
0.0339508056640625 -0.1649169921875 -0.14508056640625 0.89141845703125
0.142898559570313 -0.128433227539063 -0.333984375 0.410369873046875
0.170578002929688 -0.133377075195313 0.141265869140625 -0.1424560546875
0.0447540283203125 -0.157943725585938 0.01898193359375 -0.7620849609375
-0.0410614013671875 -0.100738525390625 -0.64398193359375 -0.6163330078125
-0.046173095703125 -0.00522613525390624 -0.70184326171875 0.2181396484375
-0.00275993347167969 0.0248298645019531 -0.15185546875 0.5623779296875
0.015777587890625 0.00907135009765625 0.211822509765625 0.409759521484375
0.0119667053222656 0.0206031799316406 0.34368896484375 0.10906982421875
0.0199127197265625 0.0191078186035156 0.29833984375 -0.153045654296875
0.0360870361328125 0.0161056518554688 -0.3115234375 0.0632629394531249
0.0271644592285156 0.0254077911376953 -0.181106567382813 -0.224777221679687
0.0194778442382813 0.0116310119628906 0.221435546875 -0.443267822265625
-0.0180187225341797 0.0035400390625 0.679443359375 -0.21429443359375
-0.0706253051757813 -0.0634613037109375 0.634765625 0.53411865234375
0.010528564453125 -0.201614379882812 0.026123046875 0.8885498046875
0.155105590820313 -0.193771362304688 -0.305084228515625 0.49688720703125
0.221145629882812 -0.184738159179688 0.090911865234375 -0.0697021484375
0.0760040283203125 -0.216033935546875 0.10235595703125 -0.71966552734375
-0.0411376953125 -0.1446533203125 -0.54400634765625 -0.71661376953125
-0.0581130981445313 -0.02008056640625 -0.75286865234375 0.0910644531250001
-0.00607109069824219 0.0248680114746094 -0.263671875 0.541961669921875
0.0207500457763672 0.0121040344238281 0.138336181640625 0.4432373046875
0.0185966491699219 0.0229473114013672 0.3287353515625 0.147491455078125
0.0272731781005859 0.0303497314453125 0.305267333984375 -0.13433837890625
-0.0111503601074219 -0.0677833557128906 -0.31854248046875 0.08673095703125
-0.0113983154296875 -0.0303936004638672 -0.2972412109375 -0.181976318359375
0.0142707824707031 -0.0412445068359375 -0.011688232421875 -0.45654296875
0.0286922454833984 -0.00142097473144531 0.46868896484375 -0.456085205078125
0.0207290649414062 0.0671615600585937 0.74169921875 0.1771240234375
-0.00283050537109376 0.129753112792969 0.39959716796875 0.7757568359375
-0.0623016357421875 0.2171630859375 -0.13006591796875 0.64764404296875
-0.14715576171875 0.193801879882812 0.0304718017578125 0.0745391845703125
-0.0851287841796875 0.220077514648438 0.31878662109375 -0.59649658203125
0.031158447265625 0.14154052734375 -0.1934814453125 -0.93310546875
0.0415534973144531 0.0571517944335938 -0.7796630859375 -0.29345703125
0.00860357284545899 0.00710439682006836 -0.538421630859375 0.392059326171875
0.00860786437988281 -0.0229244232177734 -0.075103759765625 0.46514892578125
-0.00882339477539062 -0.0337295532226563 0.237960815429688 0.214202880859375
-0.0180091857910156 -0.0493583679199219 0.298004150390625 -0.098419189453125
-0.00547027587890624 -0.0645027160644531 -0.321258544921875 0.068634033203125
-0.00825119018554687 -0.0214900970458984 -0.2479248046875 -0.218673706054688
0.0153045654296875 -0.0352745056152344 0.11102294921875 -0.46466064453125
0.0219440460205078 0.00717926025390625 0.60302734375 -0.3441162109375
-0.000358581542968754 0.0729446411132813 0.705810546875 0.37762451171875
-0.0293960571289063 0.132843017578125 0.20574951171875 0.8626708984375
-0.0954132080078125 0.21466064453125 -0.215576171875 0.56256103515625
-0.140243530273438 0.187057495117187 0.0903701782226563 -0.0217819213867187
-0.0518951416015625 0.20660400390625 0.21917724609375 -0.69476318359375
0.0491714477539063 0.115234375 -0.40545654296875 -0.84722900390625
0.0416221618652344 0.0362663269042969 -0.7921142578125 -0.0789794921875
-1.90734863281254E-05 0.00387048721313477 -0.398956298828125 0.487640380859375
0.00135612487792969 -0.0206146240234375 0.042938232421875 0.456390380859375
-0.0152187347412109 -0.027191162109375 0.277694702148437 0.17181396484375
-0.0192031860351562 -0.0484580993652344 0.29461669921875 -0.120452880859375
0.000392913818359378 -0.0537948608398438 -0.3206787109375 0.0553894042968751
-0.00315761566162109 -0.0118494033813477 -0.194656372070312 -0.243438720703125
0.0138072967529297 -0.025299072265625 0.2274169921875 -0.448394775390625
0.0109062194824219 0.0108022689819336 0.70068359375 -0.20892333984375
-0.0225486755371094 0.0599136352539063 0.6239013671875 0.55859375
-0.048919677734375 0.103790283203125 0.00396728515624995 0.90008544921875
-0.10076904296875 0.175689697265625 -0.278839111328125 0.4720458984375
-0.105743408203125 0.149978637695313 0.142547607421875 -0.10675048828125
-0.0186004638671875 0.157333374023438 0.1104736328125 -0.760986328125
0.04998779296875 0.0718841552734375 -0.56201171875 -0.7322998046875
0.0263881683349609 0.0174427032470703 -0.75482177734375 0.0986938476562501
-0.00687217712402344 0.00485849380493164 -0.263031005859375 0.541412353515625
-0.00345802307128906 -0.0148029327392578 0.144287109375 0.42852783203125
-0.0166358947753906 -0.0175971984863281 0.30987548828125 0.131591796875
-0.0181846618652344 -0.0418052673339844 0.292755126953125 -0.141571044921875
0.00870513916015625 -0.0399971008300781 -0.316680908203125 0.0449218749999999
0.000830531120300293 0.000842869281768799 -0.14764404296875 -0.2557373046875
0.0112543106079102 -0.0164566040039063 0.315093994140625 -0.417449951171875
-0.00254440307617188 0.0070185661315918 0.75030517578125 -0.0859375
-0.0408782958984375 0.0294647216796875 0.52008056640625 0.69024658203125
-0.0428085327148437 0.0483856201171875 -0.161376953125 0.8973388671875
-0.068511962890625 0.111297607421875 -0.31402587890625 0.3963623046875
-0.0470657348632813 0.0910720825195312 0.175811767578125 -0.167098999023438
0.00201416015625 0.0835342407226563 0.0213012695312501 -0.79296875
0.0320682525634766 0.0273265838623047 -0.65771484375 -0.62701416015625
0.00791072845458984 0.00730514526367188 -0.70343017578125 0.21820068359375
-0.00918483734130859 0.00929546356201172 -0.154815673828125 0.560211181640625
-0.000743389129638671 -0.00832939147949219 0.214019775390625 0.397979736328125
-0.0129070281982422 -0.00615406036376953 0.331787109375 0.099517822265625
-0.0126285552978516 -0.0289897918701172 0.288818359375 -0.157196044921875
0.0176563262939453 -0.0236167907714844 -0.314361572265625 0.041168212890625
0.00726318359375 0.0118675231933594 -0.11962890625 -0.257308959960937
0.00731372833251953 -0.00550937652587891 0.360260009765625 -0.39788818359375
-0.0143909454345703 -0.000920295715332033 0.76654052734375 -0.01446533203125
-0.0470085144042969 -0.0104942321777344 0.45538330078125 0.750732421875
-0.0110988616943359 -0.0249061584472656 -0.25238037109375 0.885498046875
0.00432968139648438 0.0343818664550781 -0.333953857421875 0.352996826171875
0.0251560211181641 0.0169677734375 0.187530517578125 -0.195068359375
0.0165023803710938 0.00149631500244141 -0.0255126953125001 -0.79620361328125
0.00446128845214844 -0.0159025192260742 -0.6986083984375 -0.5635986328125
-0.0117473602294922 0.00429248809814453 -0.669677734375 0.27825927734375
-0.00711250305175782 0.0152006149291992 -0.09735107421875 0.56414794921875
0.00362443923950195 -0.00217032432556152 0.2503662109375 0.380645751953125
-0.00613069534301758 0.00479221343994141 0.344635009765625 0.083251953125
-0.00174522399902344 -0.0139017105102539 0.2894287109375 -0.16656494140625
0.0252876281738281 -0.00726127624511719 -0.31341552734375 0.043731689453125
0.0132331848144531 0.0208187103271484 -0.116912841796875 -0.253433227539063
0.00758695602416992 0.00297260284423828 0.359283447265625 -0.39739990234375
-0.0212955474853516 -0.00542449951171875 0.76104736328125 -0.01605224609375
-0.0501747131347656 -0.0461616516113281 0.45806884765625 0.74932861328125
0.0248641967773438 -0.101577758789063 -0.24957275390625 0.8858642578125
0.0856399536132812 -0.0476837158203125 -0.341094970703125 0.36102294921875
0.100967407226563 -0.0629043579101563 0.175369262695313 -0.187057495117188
0.0246734619140625 -0.082855224609375 -0.02716064453125 -0.788330078125
-0.0242233276367188 -0.0569610595703125 -0.6915283203125 -0.5611572265625
-0.0298519134521484 0.00206184387207032 -0.6708984375 0.27886962890625
-0.00328636169433594 0.0202522277832031 -0.0970458984375 0.5662841796875
0.00963115692138672 0.00406551361083984 0.248687744140625 0.3856201171875
0.00279903411865234 0.0140876770019531 0.34893798828125 0.085845947265625
0.00938034057617188 0.00409126281738281 0.292510986328125 -0.165924072265625
0.0325679779052734 0.00685501098632813 -0.31317138671875 0.052459716796875
0.0199604034423828 0.0256404876708984 -0.139511108398437 -0.243133544921875
0.0123214721679687 0.00856590270996094 0.31231689453125 -0.418731689453125
-0.0238971710205078 -0.00530815124511719 0.73883056640625 -0.09051513671875
-0.0596427917480469 -0.068267822265625 0.53369140625 0.67767333984375
0.0353240966796875 -0.165756225585938 -0.14923095703125 0.89593505859375
0.144180297851563 -0.128753662109375 -0.338287353515625 0.413238525390625
0.170578002929688 -0.134033203125 0.141708374023438 -0.142547607421875
0.0435943603515625 -0.15887451171875 0.0203857421875 -0.7650146484375
-0.041259765625 -0.101585388183594 -0.647216796875 -0.618408203125
-0.0468711853027344 -0.00550460815429688 -0.70623779296875 0.21893310546875
-0.00222015380859375 0.0244712829589844 -0.15472412109375 0.564453125
0.0154790878295898 0.00865364074707031 0.213287353515625 0.410858154296875
0.0124053955078125 0.0213203430175781 0.3468017578125 0.10858154296875
0.0210285186767578 0.0197238922119141 0.299346923828125 -0.154571533203125
0.0362739562988281 0.0170516967773438 -0.31158447265625 0.06475830078125
0.0271549224853516 0.0261745452880859 -0.181869506835938 -0.226715087890625
0.0191230773925781 0.0117206573486328 0.22247314453125 -0.4459228515625
-0.0189781188964844 0.00324058532714844 0.68145751953125 -0.2144775390625
-0.0703659057617187 -0.0644607543945313 0.638671875 0.53839111328125
0.0113372802734375 -0.203323364257813 0.0240478515625001 0.8907470703125
0.156723022460938 -0.19476318359375 -0.307159423828125 0.499481201171875
0.221786499023438 -0.18524169921875 0.0922622680664063 -0.0683822631835938
0.0755767822265625 -0.217315673828125 0.10455322265625 -0.72296142578125
-0.040924072265625 -0.145217895507813 -0.547119140625 -0.7193603515625
-0.0575065612792969 -0.0210609436035156 -0.7552490234375 0.09161376953125
-0.00576972961425781 0.0250625610351562 -0.266204833984375 0.54437255859375
0.0191745758056641 0.0127830505371094 0.1375732421875 0.445068359375
0.0179290771484375 0.0228309631347656 0.331298828125 0.147613525390625
0.0290088653564453 0.0302886962890625 0.30706787109375 -0.13568115234375
-0.0120887756347656 -0.0682182312011719 -0.320709228515625 0.088165283203125
-0.0107688903808594 -0.0307693481445313 -0.29974365234375 -0.18255615234375
0.01336669921875 -0.0419692993164062 -0.0115966796875 -0.46087646484375
0.0275325775146484 -0.00193405151367187 0.47113037109375 -0.458709716796875
0.0218276977539063 0.0679092407226563 0.74700927734375 0.17901611328125
-0.00305938720703125 0.131034851074219 0.4019775390625 0.7806396484375
-0.0643463134765625 0.218963623046875 -0.1334228515625 0.65240478515625
-0.148696899414062 0.194564819335938 0.02978515625 0.0758743286132813
-0.08428955078125 0.221389770507813 0.31890869140625 -0.598388671875
0.0306396484375 0.143585205078125 -0.196533203125 -0.9388427734375
0.0417442321777344 0.0570640563964844 -0.782958984375 -0.2943115234375
0.00891017913818359 0.00657081604003906 -0.541900634765625 0.3941650390625
0.00968170166015625 -0.0236930847167969 -0.0751953124999999 0.4678955078125
-0.00865745544433593 -0.0334148406982422 0.240234375 0.215560913085938
-0.01702880859375 -0.0500907897949219 0.30047607421875 -0.101165771484375
-0.00629425048828126 -0.0647239685058594 -0.324310302734375 0.0715026855468751
-0.00717735290527344 -0.0217533111572266 -0.25079345703125 -0.218643188476563
0.0140342712402344 -0.0353851318359375 0.111541748046875 -0.467132568359375
0.0223064422607422 0.00601577758789063 0.60638427734375 -0.346923828125
0.000259399414062504 0.0728302001953125 0.70965576171875 0.3802490234375
-0.0288238525390625 0.133155822753906 0.2069091796875 0.8663330078125
-0.09521484375 0.215225219726563 -0.218017578125 0.567138671875
-0.141952514648437 0.186935424804688 0.0904617309570312 -0.0216827392578125
-0.05145263671875 0.206771850585937 0.21929931640625 -0.69927978515625
0.0487594604492187 0.114753723144531 -0.40936279296875 -0.8514404296875
0.0409049987792969 0.0361213684082031 -0.7952880859375 -0.0800170898437501
-0.000784158706665039 0.00399160385131836 -0.4014892578125 0.490142822265625
0.001190185546875 -0.0205287933349609 0.044891357421875 0.456878662109375
-0.0152797698974609 -0.0260257720947266 0.280258178710938 0.172683715820313
-0.0195655822753906 -0.0483245849609375 0.296966552734375 -0.1236572265625
0.000438690185546869 -0.0532646179199219 -0.322418212890625 0.05743408203125
-0.00413894653320312 -0.011387825012207 -0.196685791015625 -0.24334716796875
0.0130558013916016 -0.0244846343994141 0.228424072265625 -0.451171875
0.0109825134277344 0.0104885101318359 0.70367431640625 -0.2113037109375
-0.0235710144042969 0.0611305236816406 0.62542724609375 0.5635986328125
-0.049957275390625 0.106033325195313 0.0028686523437499 0.9056396484375
-0.102371215820313 0.17730712890625 -0.28094482421875 0.475006103515625
-0.107070922851563 0.151763916015625 0.142425537109375 -0.105743408203125
-0.0185699462890625 0.155136108398437 0.1107177734375 -0.76397705078125
0.0488967895507813 0.07232666015625 -0.567138671875 -0.736572265625
0.02703857421875 0.0168380737304688 -0.761474609375 0.10009765625
-0.00716590881347656 0.00531864166259766 -0.26348876953125 0.5445556640625
-0.00300025939941406 -0.0144853591918945 0.14495849609375 0.42999267578125
-0.016840934753418 -0.0171890258789063 0.3126220703125 0.130584716796875
-0.0186767578125 -0.0407485961914063 0.29290771484375 -0.14288330078125
0.00846099853515625 -0.0396537780761719 -0.31854248046875 0.04656982421875
0.0010833740234375 0.00282597541809082 -0.150421142578125 -0.2559814453125
0.0112628936767578 -0.0166034698486328 0.31756591796875 -0.422088623046875
-0.0036158561706543 0.00598335266113281 0.75457763671875 -0.08807373046875
-0.0404281616210938 0.0301055908203125 0.52349853515625 0.6939697265625
-0.0431442260742187 0.0485877990722656 -0.16363525390625 0.9049072265625
-0.0674819946289062 0.113456726074219 -0.31781005859375 0.39910888671875
-0.048583984375 0.091033935546875 0.175537109375 -0.167465209960937
0.0040435791015625 0.0856857299804688 0.0218505859374999 -0.7943115234375
0.0315685272216797 0.0274982452392578 -0.6611328125 -0.62982177734375
0.00856781005859375 0.00713968276977539 -0.70654296875 0.21881103515625
-0.00941658020019531 0.00805282592773438 -0.153076171875 0.56317138671875
-0.00236940383911133 -0.00783491134643555 0.21771240234375 0.399688720703125
-0.0144224166870117 -0.00606441497802735 0.334808349609375 0.098724365234375
-0.0109386444091797 -0.0295867919921875 0.291259765625 -0.158782958984375
0.0178050994873047 -0.0233383178710938 -0.3157958984375 0.0435180664062501
0.00611305236816406 0.012934684753418 -0.120864868164062 -0.257247924804688
0.00668764114379883 -0.00704193115234375 0.362518310546875 -0.400238037109375
-0.0146017074584961 -0.00146102905273438 0.77142333984375 -0.01556396484375
-0.0497016906738281 -0.0106315612792969 0.45794677734375 0.75543212890625
-0.0115318298339844 -0.0242233276367188 -0.25628662109375 0.8912353515625
0.00481033325195312 0.03521728515625 -0.3365478515625 0.358856201171875
0.0251922607421875 0.0159759521484375 0.18682861328125 -0.196136474609375
0.0153312683105469 0.000274658203125 -0.0262451171875 -0.80126953125
0.00382518768310547 -0.0151252746582031 -0.70318603515625 -0.5650634765625
-0.0119438171386719 0.00353527069091797 -0.67156982421875 0.27960205078125
-0.00648975372314453 0.0154619216918945 -0.09716796875 0.56768798828125
0.00307226181030273 -0.00161528587341309 0.252105712890625 0.38189697265625
-0.00545787811279297 0.00593996047973633 0.3475341796875 0.08392333984375
-0.00124073028564453 -0.0131759643554688 0.2913818359375 -0.16741943359375
0.0249862670898438 -0.00759506225585938 -0.31488037109375 0.046051025390625
0.0134105682373047 0.0208911895751953 -0.117263793945312 -0.253860473632813
0.00645160675048828 0.00236225128173828 0.361968994140625 -0.40106201171875
-0.0226612091064453 -0.00621223449707031 0.76666259765625 -0.01873779296875
-0.0506515502929687 -0.0470504760742188 0.46209716796875 0.75421142578125
0.0243682861328125 -0.100486755371094 -0.2506103515625 0.89068603515625
0.0875396728515625 -0.0481719970703125 -0.34564208984375 0.363372802734375
0.101356506347656 -0.0622177124023438 0.17669677734375 -0.187576293945313
0.0245361328125 -0.083282470703125 -0.0252685546875001 -0.79193115234375
-0.0233650207519531 -0.0580291748046875 -0.69805908203125 -0.56353759765625
-0.0303115844726563 0.0022430419921875 -0.67236328125 0.2799072265625
-0.00341224670410156 0.0210075378417969 -0.09765625 0.57049560546875
0.00972175598144531 0.00361442565917969 0.250885009765625 0.3858642578125
0.00454616546630859 0.0162782669067383 0.352996826171875 0.085723876953125
0.00996208190917969 0.00417327880859375 0.293487548828125 -0.16790771484375
0.0326690673828125 0.00643348693847656 -0.31512451171875 0.0540771484374999
0.019622802734375 0.0267810821533203 -0.140487670898438 -0.243118286132813
0.0109615325927734 0.00930309295654297 0.314208984375 -0.422271728515625
-0.0248241424560547 -0.00473976135253906 0.74273681640625 -0.0926513671875
-0.0589485168457031 -0.068206787109375 0.5386962890625 0.68212890625
0.0363922119140625 -0.167007446289063 -0.1505126953125 0.90191650390625
0.145065307617188 -0.129684448242188 -0.339813232421875 0.4169921875
0.170944213867188 -0.134307861328125 0.1429443359375 -0.142562866210938
0.0435791015625 -0.159774780273438 0.02069091796875 -0.76959228515625
-0.0436630249023438 -0.102485656738281 -0.65283203125 -0.62176513671875
-0.0467567443847656 -0.00436019897460937 -0.71014404296875 0.2205810546875
-0.00303459167480469 0.0246734619140625 -0.15521240234375 0.56732177734375
0.0153942108154297 0.00904464721679687 0.214385986328125 0.413299560546875
0.0138702392578125 0.021209716796875 0.349456787109375 0.108673095703125
0.0216217041015625 0.0203323364257812 0.300048828125 -0.1568603515625
0.0372390747070312 0.0155372619628906 -0.3170166015625 0.0670776367187501
0.0270004272460937 0.0271244049072266 -0.183914184570312 -0.225723266601563
0.0182437896728516 0.0108852386474609 0.222991943359375 -0.449371337890625
-0.0188407897949219 0.00303459167480469 0.6868896484375 -0.2174072265625
-0.07049560546875 -0.0648727416992187 0.6422119140625 0.5408935546875
0.0117034912109375 -0.203903198242188 0.0259399414062501 0.896240234375
0.15789794921875 -0.194961547851562 -0.309844970703125 0.505340576171875
0.222564697265625 -0.18804931640625 0.09185791015625 -0.0688552856445313
0.076141357421875 -0.219253540039063 0.10443115234375 -0.72698974609375
-0.0413055419921875 -0.147537231445312 -0.55059814453125 -0.7222900390625
-0.0575408935546875 -0.0212783813476562 -0.76043701171875 0.0927734374999999
-0.00601768493652344 0.0247516632080078 -0.26702880859375 0.548126220703125
0.0202484130859375 0.0128746032714844 0.1383056640625 0.448150634765625
0.0197620391845703 0.0240421295166016 0.334228515625 0.14703369140625
0.0279865264892578 0.0298938751220703 0.308349609375 -0.137939453125
-0.0140914916992188 -0.0670433044433594 -0.3232421875 0.0912780761718749
-0.0133075714111328 -0.0297946929931641 -0.302978515625 -0.181915283203125
0.0115585327148438 -0.0415496826171875 -0.013397216796875 -0.46240234375
0.0289363861083984 -0.00108718872070313 0.471893310546875 -0.465850830078125
0.0203094482421875 0.0691299438476563 0.75250244140625 0.1793212890625
-0.00283050537109374 0.133216857910156 0.408447265625 0.78790283203125
-0.0631866455078125 0.22222900390625 -0.1339111328125 0.66021728515625
-0.149703979492188 0.196029663085937 0.0299911499023437 0.0767974853515625
-0.084808349609375 0.223052978515625 0.320556640625 -0.60198974609375
0.0315093994140625 0.143508911132813 -0.19830322265625 -0.943115234375
0.0423660278320313 0.0563392639160156 -0.78857421875 -0.29595947265625
0.00932407379150391 0.00815486907958984 -0.542999267578125 0.397857666015625
0.00887870788574219 -0.0235366821289063 -0.074493408203125 0.469573974609375
-0.00908660888671875 -0.0340671539306641 0.24285888671875 0.217025756835938
-0.0180931091308594 -0.0501785278320313 0.300323486328125 -0.10296630859375
-0.00925827026367188 -0.0652923583984375 -0.325836181640625 0.07293701171875
-0.00873565673828125 -0.0230770111083984 -0.252639770507813 -0.219100952148438
0.0134773254394531 -0.0354690551757813 0.111083984375 -0.470947265625
0.0216941833496094 0.00698089599609375 0.60943603515625 -0.35400390625
0.00125122070312499 0.0744247436523438 0.71734619140625 0.38116455078125
-0.0274581909179688 0.135459899902344 0.2120361328125 0.8734130859375
-0.0953369140625 0.218719482421875 -0.21954345703125 0.57232666015625
-0.14208984375 0.189071655273437 0.0914993286132813 -0.0210189819335937
-0.0522003173828125 0.208648681640625 0.22113037109375 -0.703125
0.0504684448242188 0.11541748046875 -0.41302490234375 -0.85784912109375
0.0403099060058594 0.0351943969726563 -0.7999267578125 -0.0794677734374999
-0.000712394714355469 0.00349283218383789 -0.40216064453125 0.494781494140625
0.00151252746582031 -0.0205001831054687 0.044952392578125 0.460540771484375
-0.0157279968261719 -0.0269374847412109 0.28436279296875 0.17315673828125
-0.0215911865234375 -0.0495719909667969 0.29791259765625 -0.125457763671875
-8.77380371093692E-05 -0.0550117492675781 -0.32470703125 0.0595703125
-0.00440692901611328 -0.0111989974975586 -0.1983642578125 -0.243743896484375
0.0123634338378906 -0.02557373046875 0.228515625 -0.45635986328125
0.0103769302368164 0.00926017761230469 0.7095947265625 -0.21771240234375
-0.0227546691894531 0.0620346069335937 0.63299560546875 0.56329345703125
-0.04901123046875 0.106712341308594 0.00524902343749993 0.9139404296875
-0.102203369140625 0.179901123046875 -0.28143310546875 0.4822998046875
-0.10675048828125 0.152938842773438 0.143508911132813 -0.106155395507813
-0.018829345703125 0.15863037109375 0.10943603515625 -0.76953125
0.0498275756835938 0.0724334716796875 -0.57257080078125 -0.7396240234375
0.0272789001464844 0.0164470672607422 -0.76544189453125 0.10113525390625
-0.00747108459472656 0.00448179244995117 -0.26324462890625 0.5487060546875
-0.00296878814697266 -0.0146055221557617 0.1483154296875 0.43316650390625
-0.0174045562744141 -0.0185947418212891 0.316314697265625 0.12939453125
-0.0182991027832031 -0.0420951843261719 0.2958984375 -0.14666748046875
0.00888824462890625 -0.0403900146484375 -0.32293701171875 0.049468994140625
0.00061488151550293 0.00235199928283691 -0.151718139648438 -0.256423950195313
0.0103731155395508 -0.0146274566650391 0.317138671875 -0.4271240234375
-0.00479936599731445 0.00603389739990234 0.759033203125 -0.09173583984375
-0.040283203125 0.0308837890625 0.53045654296875 0.69732666015625
-0.0429496765136719 0.0498847961425781 -0.1622314453125 0.9102783203125
-0.0675582885742188 0.114494323730469 -0.320098876953125 0.404510498046875
-0.04937744140625 0.0923995971679688 0.178314208984375 -0.168594360351563
0.00335693359375001 0.083648681640625 0.02093505859375 -0.7996826171875
0.0322170257568359 0.0268573760986328 -0.66851806640625 -0.632080078125
0.00786542892456055 0.0070037841796875 -0.7093505859375 0.2247314453125
-0.00899028778076172 0.00875377655029297 -0.153076171875 0.56878662109375
-0.00271701812744141 -0.00832939147949219 0.218292236328125 0.401885986328125
-0.0135564804077148 -0.00662517547607422 0.337921142578125 0.09832763671875
-0.0112152099609375 -0.0288219451904297 0.291717529296875 -0.162109375
0.0170917510986328 -0.0233078002929688 -0.31927490234375 0.04620361328125
0.00579357147216797 0.0135326385498047 -0.123275756835938 -0.259170532226562
0.00756692886352539 -0.00510215759277344 0.364715576171875 -0.404388427734375
-0.0159177780151367 -6.77108764648449E-05 0.77813720703125 -0.0185546875
-0.0480766296386719 -0.0099029541015625 0.461181640625 0.76177978515625
-0.0112285614013672 -0.0237960815429688 -0.25579833984375 0.89923095703125
0.00464248657226562 0.0363426208496094 -0.33782958984375 0.362548828125
0.02447509765625 0.0162696838378906 0.18939208984375 -0.196243286132813
0.015294075012207 0.000547409057617188 -0.02728271484375 -0.8062744140625
0.00356101989746094 -0.0169258117675781 -0.7105712890625 -0.56573486328125
-0.0115089416503906 0.00389289855957031 -0.67730712890625 0.28350830078125
-0.0063323974609375 0.0145587921142578 -0.09527587890625 0.57257080078125
0.00314879417419434 -0.00143909454345703 0.25543212890625 0.38507080078125
-0.00554895401000976 0.00604486465454101 0.350433349609375 0.081146240234375
-0.00164508819580078 -0.0135250091552734 0.29217529296875 -0.169769287109375
0.025390625 -0.00769615173339844 -0.316497802734375 0.04827880859375
0.0134696960449219 0.0216999053955078 -0.120010375976562 -0.255050659179688
0.00707006454467773 0.00293397903442383 0.36407470703125 -0.405853271484375
-0.0232601165771484 -0.00613784790039063 0.77056884765625 -0.02178955078125
-0.0513038635253906 -0.0473899841308594 0.46795654296875 0.75787353515625
0.0258941650390625 -0.101829528808594 -0.2520751953125 0.897705078125
0.0879669189453125 -0.04766845703125 -0.347381591796875 0.3671875
0.101959228515625 -0.0645980834960938 0.178726196289063 -0.188247680664063
0.0242385864257812 -0.0848617553710938 -0.02752685546875 -0.79852294921875
-0.0258674621582031 -0.0592041015625 -0.70513916015625 -0.56640625
-0.0306568145751953 0.00249099731445313 -0.67828369140625 0.28289794921875
-0.00393867492675781 0.019744873046875 -0.0963745117187499 0.57373046875
0.00976371765136719 0.00454044342041016 0.254180908203125 0.38897705078125
0.0041351318359375 0.0148839950561523 0.355316162109375 0.083770751953125
0.0118646621704102 0.00398921966552734 0.2952880859375 -0.169158935546875
0.0323524475097656 0.00593376159667969 -0.31610107421875 0.055450439453125
0.021209716796875 0.0292835235595703 -0.143142700195313 -0.24456787109375
0.0113744735717773 0.0103855133056641 0.314666748046875 -0.4266357421875
-0.0253543853759766 -0.00510597229003906 0.7476806640625 -0.095947265625
-0.05963134765625 -0.0681953430175781 0.54583740234375 0.6865234375
0.037200927734375 -0.167556762695313 -0.149658203125 0.91107177734375
0.145477294921875 -0.130218505859375 -0.34161376953125 0.42242431640625
0.172470092773438 -0.135238647460938 0.1436767578125 -0.14276123046875
0.0428924560546875 -0.162384033203125 0.0201416015625 -0.77398681640625
-0.0433273315429688 -0.103439331054688 -0.65924072265625 -0.62457275390625
-0.0477104187011719 -0.00455856323242188 -0.71417236328125 0.222900390625
-0.00267219543457031 0.0254898071289063 -0.154541015625 0.57147216796875
0.0153799057006836 0.00958538055419922 0.216033935546875 0.414337158203125
0.0124263763427734 0.0215053558349609 0.354583740234375 0.107635498046875
0.0214366912841797 0.019012451171875 0.302734375 -0.160888671875
0.0371437072753906 0.0169944763183594 -0.3167724609375 0.06915283203125
0.0285186767578125 0.0274143218994141 -0.186248779296875 -0.226577758789062
0.0184822082519531 0.0119590759277344 0.224395751953125 -0.45367431640625
-0.0192089080810547 0.00296592712402344 0.68890380859375 -0.223876953125
-0.07183837890625 -0.0646133422851563 0.64947509765625 0.5418701171875
0.01043701171875 -0.204055786132813 0.0270996093750001 0.90496826171875
0.159683227539063 -0.197097778320313 -0.3116455078125 0.510772705078125
0.224609375 -0.18927001953125 0.0926055908203125 -0.067535400390625
0.07501220703125 -0.221694946289063 0.1019287109375 -0.732666015625
-0.043121337890625 -0.149398803710938 -0.55743408203125 -0.72711181640625
-0.0576858520507813 -0.0211677551269531 -0.76556396484375 0.0955810546875
-0.00562858581542969 0.0248584747314453 -0.26800537109375 0.550994873046875
0.0184555053710938 0.0124740600585938 0.14044189453125 0.451019287109375
0.0190105438232422 0.0237197875976562 0.338134765625 0.147705078125
0.0297012329101563 0.0304851531982422 0.30975341796875 -0.1400146484375
-0.0142364501953125 -0.0689735412597656 -0.325958251953125 0.09375
-0.0139312744140625 -0.0297279357910156 -0.306549072265625 -0.179931640625
0.0107917785644531 -0.0430641174316406 -0.015838623046875 -0.465301513671875
0.0292034149169922 -0.00116729736328125 0.473785400390625 -0.474212646484375
0.0224685668945312 0.0700836181640625 0.76116943359375 0.1744384765625
-0.00160980224609376 0.135124206542969 0.412353515625 0.79107666015625
-0.0625 0.223739624023438 -0.132080078125 0.66522216796875
-0.150131225585937 0.198074340820313 0.030364990234375 0.0784530639648438
-0.084320068359375 0.22430419921875 0.3212890625 -0.6072998046875
0.0329437255859375 0.144622802734375 -0.20281982421875 -0.9501953125
0.0425033569335938 0.0570144653320312 -0.795654296875 -0.29296875
0.00883102416992188 0.00753498077392578 -0.5452880859375 0.40228271484375
0.00729942321777344 -0.0242843627929688 -0.072845458984375 0.474639892578125
-0.0107192993164063 -0.0346908569335937 0.246505737304688 0.215866088867188
-0.017974853515625 -0.0511856079101563 0.30389404296875 -0.106781005859375
-0.00850677490234374 -0.0648345947265625 -0.328948974609375 0.0761108398437499
-0.00932121276855469 -0.0218658447265625 -0.256362915039063 -0.217605590820312
0.0124053955078125 -0.036468505859375 0.109893798828125 -0.475860595703125
0.0217094421386719 0.00653457641601563 0.61279296875 -0.35955810546875
0.0024261474609375 0.0757827758789062 0.7261962890625 0.37939453125
-0.0295944213867187 0.138458251953125 0.21820068359375 0.87823486328125
-0.0957794189453125 0.220916748046875 -0.21844482421875 0.579345703125
-0.144027709960938 0.191162109375 0.0915069580078125 -0.0206451416015625
-0.05072021484375 0.21002197265625 0.21868896484375 -0.70947265625
0.051239013671875 0.116096496582031 -0.42120361328125 -0.861328125
0.0399932861328125 0.0358810424804688 -0.80767822265625 -0.07598876953125
-0.000174283981323242 0.00314784049987793 -0.403045654296875 0.5010986328125
-0.000823974609374999 -0.0218563079833984 0.048126220703125 0.464508056640625
-0.0165767669677734 -0.0273284912109375 0.2877197265625 0.1722412109375
-0.0209007263183594 -0.0496635437011719 0.299896240234375 -0.128204345703125
-0.00141525268554687 -0.0549125671386719 -0.327423095703125 0.062591552734375
-0.00497913360595703 -0.0113010406494141 -0.201324462890625 -0.24346923828125
0.0119056701660156 -0.0253944396972656 0.22955322265625 -0.460968017578125
0.00946235656738281 0.00970840454101563 0.7125244140625 -0.22259521484375
-0.0229530334472656 0.0634498596191406 0.64068603515625 0.56536865234375
-0.048370361328125 0.109085083007812 0.00866699218749994 0.92156982421875
-0.101974487304688 0.180999755859375 -0.28363037109375 0.48516845703125
-0.107711791992187 0.154083251953125 0.1436767578125 -0.107070922851562
-0.018951416015625 0.159378051757812 0.1080322265625 -0.7760009765625
0.0512619018554688 0.0721054077148438 -0.5799560546875 -0.74139404296875
0.0275421142578125 0.0168972015380859 -0.77032470703125 0.1060791015625
-0.00789976119995117 0.00496912002563477 -0.2628173828125 0.5533447265625
-0.00449275970458985 -0.0152177810668945 0.150390625 0.4361572265625
-0.0177783966064453 -0.0175838470458984 0.31939697265625 0.12957763671875
-0.0190963745117187 -0.0425529479980469 0.29608154296875 -0.14910888671875
0.00846099853515625 -0.0401954650878906 -0.324005126953125 0.05316162109375
0.000415325164794922 0.0034339427947998 -0.153427124023438 -0.256423950195313
0.0099029541015625 -0.0152511596679688 0.3189697265625 -0.43121337890625
-0.00419330596923828 0.00643444061279297 0.76409912109375 -0.09686279296875
-0.0410308837890625 0.0312919616699219 0.5390625 0.70123291015625
-0.0432243347167969 0.0516891479492188 -0.16204833984375 0.9197998046875
-0.0673370361328125 0.115806579589844 -0.32012939453125 0.408660888671875
-0.0489730834960938 0.0924301147460937 0.176986694335938 -0.168853759765625
0.003997802734375 0.0854415893554688 0.0164184570312501 -0.80621337890625
0.0322628021240234 0.0265064239501953 -0.67547607421875 -0.63531494140625
0.00809621810913086 0.00621891021728516 -0.71624755859375 0.228515625
-0.00937366485595703 0.00915813446044922 -0.15325927734375 0.57379150390625
-0.00315046310424805 -0.0078582763671875 0.22259521484375 0.404266357421875
-0.0142812728881836 -0.00655841827392578 0.341705322265625 0.096832275390625
-0.0115299224853516 -0.0306262969970703 0.29345703125 -0.164886474609375
0.0168380737304688 -0.0236034393310547 -0.321075439453125 0.04779052734375
0.00508213043212891 0.0147409439086914 -0.1241455078125 -0.260086059570312
0.0065922737121582 -0.00548267364501953 0.36785888671875 -0.41070556640625
-0.0168647766113281 -0.00115585327148438 0.7818603515625 -0.0238037109375
-0.0483627319335938 -0.00967788696289062 0.4720458984375 0.7646484375
-0.0106620788574219 -0.0241184234619141 -0.2548828125 0.90826416015625
0.00574874877929688 0.0374794006347656 -0.3387451171875 0.36810302734375
0.0234489440917969 0.0164413452148438 0.190826416015625 -0.1981201171875
0.0150737762451172 0.000529289245605469 -0.0328369140624999 -0.8128662109375
0.00315952301025391 -0.0173797607421875 -0.7188720703125 -0.56829833984375
-0.0121574401855469 0.0035867691040039 -0.6793212890625 0.28900146484375
-0.0064401626586914 0.0151700973510742 -0.09259033203125 0.576416015625
0.00208592414855957 -0.001656174659729 0.2596435546875 0.38653564453125
-0.00647497177124024 0.00516700744628906 0.35491943359375 0.07958984375
-0.00110721588134766 -0.0125503540039063 0.29266357421875 -0.174224853515625
0.0262660980224609 -0.00741195678710938 -0.31927490234375 0.05126953125
0.0139636993408203 0.0236473083496094 -0.121002197265625 -0.254898071289063
0.00708627700805664 0.00283336639404297 0.36456298828125 -0.411041259765625
-0.0242843627929687 -0.00614356994628907 0.7763671875 -0.024658203125
-0.0521659851074219 -0.0476188659667969 0.47589111328125 0.76153564453125
0.02618408203125 -0.102279663085938 -0.25103759765625 0.90765380859375
0.0887985229492188 -0.047698974609375 -0.348175048828125 0.372528076171875
0.102668762207031 -0.0650787353515625 0.178070068359375 -0.188690185546875
0.0249786376953125 -0.08563232421875 -0.03094482421875 -0.8031005859375
-0.02642822265625 -0.0592269897460938 -0.7152099609375 -0.56707763671875
-0.0302944183349609 0.00238609313964844 -0.68060302734375 0.289306640625
-0.00412750244140625 0.0198516845703125 -0.0931396484375 0.57958984375
0.00820064544677734 0.00504875183105469 0.257843017578125 0.39093017578125
0.00341129302978516 0.0153369903564453 0.359405517578125 0.08221435546875
0.0102500915527344 0.00432205200195312 0.296478271484375 -0.173736572265625
0.0332469940185547 0.00582122802734375 -0.3192138671875 0.05914306640625
0.0212230682373047 0.0268974304199219 -0.145172119140625 -0.24530029296875
0.00983905792236328 0.00979900360107422 0.3150634765625 -0.43280029296875
-0.0264873504638672 -0.00612258911132812 0.75311279296875 -0.10223388671875
-0.0609893798828125 -0.0679283142089844 0.5513916015625 0.68798828125
0.035797119140625 -0.168975830078125 -0.14849853515625 0.9183349609375
0.147171020507813 -0.131393432617188 -0.341827392578125 0.4266357421875
0.172698974609375 -0.137588500976563 0.143661499023438 -0.143081665039063
0.0424346923828125 -0.164306640625 0.01806640625 -0.77923583984375
-0.045806884765625 -0.104843139648438 -0.6656494140625 -0.62652587890625
-0.04833984375 -0.00446319580078124 -0.7181396484375 0.2279052734375
-0.00266647338867188 0.0240211486816406 -0.1529541015625 0.57861328125
0.0144777297973633 0.0103063583374023 0.22064208984375 0.415191650390625
0.0134563446044922 0.0217533111572266 0.357208251953125 0.106353759765625
0.022186279296875 0.0191593170166016 0.3033447265625 -0.16217041015625
0.0394058227539063 0.0175285339355469 -0.3194580078125 0.071136474609375
0.027984619140625 0.0281848907470703 -0.187332153320312 -0.227005004882813
0.0178050994873047 0.0118904113769531 0.2230224609375 -0.460296630859375
-0.0199375152587891 0.002227783203125 0.69537353515625 -0.22845458984375
-0.0724868774414063 -0.065338134765625 0.6556396484375 0.54498291015625
0.0104217529296875 -0.207305908203125 0.0311279296874999 0.9140625
0.160934448242188 -0.1981201171875 -0.3104248046875 0.515472412109375
0.22381591796875 -0.190292358398438 0.0931549072265625 -0.06951904296875
0.0738677978515625 -0.223785400390625 0.10205078125 -0.73724365234375
-0.0452117919921875 -0.150619506835938 -0.56292724609375 -0.7288818359375
-0.058807373046875 -0.0216445922851563 -0.77081298828125 0.09942626953125
-0.00593376159667969 0.0252838134765625 -0.26715087890625 0.557525634765625
0.0183677673339844 0.0130939483642578 0.1441650390625 0.4527587890625
0.0200462341308594 0.0240497589111328 0.34197998046875 0.14569091796875
0.0297832489013672 0.0300273895263672 0.311614990234375 -0.143585205078125
-0.0149421691894531 -0.0690155029296875 -0.327606201171875 0.098114013671875
-0.0154628753662109 -0.0303859710693359 -0.310699462890625 -0.1783447265625
0.0109024047851563 -0.0441246032714844 -0.0186767578125 -0.4698486328125
0.0278911590576172 -0.00227928161621094 0.473175048828125 -0.48077392578125
0.0227203369140625 0.0710830688476563 0.76788330078125 0.169921875
-0.000617980957031261 0.136917114257813 0.42156982421875 0.7965087890625
-0.0615386962890625 0.226516723632813 -0.12945556640625 0.67333984375
-0.150146484375 0.199203491210937 0.0296173095703125 0.0791778564453125
-0.083526611328125 0.226547241210938 0.321044921875 -0.6146240234375
0.03363037109375 0.144577026367188 -0.20989990234375 -0.9581298828125
0.0437774658203125 0.0572929382324219 -0.8017578125 -0.29205322265625
0.0100555419921875 0.00594711303710938 -0.548095703125 0.409393310546875
0.00707054138183594 -0.0241565704345703 -0.0717163085937499 0.47882080078125
-0.0108528137207031 -0.0353126525878906 0.249221801757813 0.215225219726563
-0.0203819274902344 -0.0528068542480469 0.304656982421875 -0.1107177734375
-0.00949859619140626 -0.0653419494628906 -0.331695556640625 0.079620361328125
-0.00978851318359375 -0.0225543975830078 -0.260223388671875 -0.215789794921875
0.0109748840332031 -0.0358200073242188 0.108673095703125 -0.480499267578125
0.02142333984375 0.00541877746582031 0.61553955078125 -0.36749267578125
0.00222015380859375 0.0767364501953125 0.734619140625 0.377197265625
-0.0278854370117188 0.140220642089844 0.2244873046875 0.8853759765625
-0.0943756103515625 0.222930908203125 -0.21820068359375 0.58587646484375
-0.144271850585938 0.19305419921875 0.0920562744140625 -0.0196609497070312
-0.0503692626953125 0.212478637695313 0.2169189453125 -0.71600341796875
0.0522308349609375 0.116455078125 -0.427490234375 -0.865478515625
0.0409965515136719 0.0350379943847656 -0.81494140625 -0.0721435546874998
-0.000699758529663086 0.00329303741455078 -0.403717041015625 0.5074462890625
1.71661376953106E-05 -0.0207080841064453 0.0501708984375 0.466217041015625
-0.0166587829589844 -0.0282382965087891 0.2913818359375 0.171875
-0.021392822265625 -0.0501327514648437 0.301849365234375 -0.131439208984375
-0.00133895874023437 -0.0554122924804688 -0.32958984375 0.0662231445312499
-0.0053558349609375 -0.00992679595947266 -0.2049560546875 -0.242568969726562
0.0103683471679688 -0.0261325836181641 0.228485107421875 -0.4671630859375
0.00898170471191406 0.0101165771484375 0.716796875 -0.23028564453125
-0.02288818359375 0.0645637512207031 0.65008544921875 0.56597900390625
-0.0487518310546875 0.111076354980469 0.0135498046875 0.9283447265625
-0.102798461914063 0.184463500976563 -0.284027099609375 0.492950439453125
-0.108245849609375 0.156143188476562 0.14410400390625 -0.108078002929687
-0.0167694091796875 0.160614013671875 0.1053466796875 -0.781982421875
0.0524444580078125 0.0729598999023438 -0.59033203125 -0.74481201171875
0.0271530151367188 0.016510009765625 -0.77508544921875 0.111572265625
-0.00736474990844726 0.00396490097045899 -0.260894775390625 0.55975341796875
-0.00466156005859375 -0.0147533416748047 0.155059814453125 0.43792724609375
-0.0179996490478516 -0.0173301696777344 0.3233642578125 0.12750244140625
-0.0198745727539063 -0.0428314208984375 0.2974853515625 -0.153228759765625
0.00793075561523438 -0.0410079956054688 -0.327606201171875 0.055908203125
0.000505685806274415 0.00366830825805664 -0.156631469726563 -0.256423950195313
0.00717830657958984 -0.0157985687255859 0.318939208984375 -0.43829345703125
-0.00439548492431641 0.00608491897583008 0.77008056640625 -0.10308837890625
-0.0404548645019531 0.0319366455078125 0.5484619140625 0.70306396484375
-0.0426521301269531 0.0532684326171875 -0.158447265625 0.9302978515625
-0.06695556640625 0.11798095703125 -0.321624755859375 0.415283203125
-0.0493698120117188 0.0936660766601562 0.17877197265625 -0.170150756835938
0.00299835205078124 0.0849227905273438 0.0140380859374999 -0.81182861328125
0.0331058502197266 0.0258464813232422 -0.685302734375 -0.63519287109375
0.00811004638671875 0.00609731674194336 -0.7213134765625 0.2347412109375
-0.00970268249511719 0.00884056091308594 -0.1507568359375 0.57867431640625
-0.0045323371887207 -0.00798511505126953 0.227142333984375 0.406402587890625
-0.0146217346191406 -0.00634860992431641 0.34503173828125 0.094879150390625
-0.0119571685791016 -0.0306606292724609 0.294281005859375 -0.170623779296875
0.0174732208251953 -0.0234127044677734 -0.323516845703125 0.05181884765625
0.00659656524658203 0.0153665542602539 -0.127243041992188 -0.2593994140625
0.00612926483154297 -0.00411844253540039 0.367645263671875 -0.4169921875
-0.0179634094238281 -0.00185394287109375 0.7869873046875 -0.0299072265625
-0.0487518310546875 -0.00895690917968751 0.47906494140625 0.76763916015625
-0.0110034942626953 -0.0231304168701172 -0.25262451171875 0.917724609375
0.00609970092773438 0.0373420715332031 -0.340911865234375 0.374053955078125
0.0244121551513672 0.0160923004150391 0.190460205078125 -0.199127197265625
0.0146379470825195 -0.00100898742675781 -0.03765869140625 -0.8162841796875
0.00370407104492187 -0.0177230834960938 -0.7274169921875 -0.56927490234375
-0.0122470855712891 0.00488948822021484 -0.68414306640625 0.2943115234375
-0.00706672668457031 0.0143442153930664 -0.09124755859375 0.5821533203125
0.00165128707885742 -0.000503063201904297 0.2625732421875 0.386444091796875
-0.00678253173828125 0.00528955459594727 0.358612060546875 0.078369140625
-0.00168323516845703 -0.0138912200927734 0.294769287109375 -0.1787109375
0.0262031555175781 -0.00678443908691406 -0.320709228515625 0.054351806640625
0.0139675140380859 0.0241317749023438 -0.123428344726563 -0.255615234375
0.00488138198852539 0.00451803207397461 0.365570068359375 -0.417266845703125
-0.0250358581542969 -0.0060882568359375 0.782958984375 -0.0303955078125
-0.053009033203125 -0.0472183227539063 0.48406982421875 0.76629638671875
0.025390625 -0.102813720703125 -0.24945068359375 0.9166259765625
0.0895767211914063 -0.0470504760742188 -0.350860595703125 0.379547119140625
0.102630615234375 -0.0665512084960938 0.177932739257813 -0.190750122070313
0.0243453979492187 -0.0865478515625 -0.03448486328125 -0.80877685546875
-0.0269660949707031 -0.06134033203125 -0.72467041015625 -0.56683349609375
-0.0310878753662109 0.00186538696289063 -0.68426513671875 0.295166015625
-0.00336837768554688 0.0206584930419922 -0.09149169921875 0.58331298828125
0.00863790512084961 0.00601768493652344 0.263427734375 0.391143798828125
0.00331211090087891 0.0155878067016602 0.364501953125 0.080047607421875
0.0100593566894531 0.00476646423339844 0.29730224609375 -0.1776123046875
0.0342388153076172 0.00715255737304688 -0.32159423828125 0.0628051757812499
0.0220451354980469 0.0288810729980469 -0.14697265625 -0.24493408203125
0.00966167449951172 0.0100584030151367 0.315338134765625 -0.439849853515625
-0.0270290374755859 -0.00557136535644531 0.7598876953125 -0.108154296875
-0.0613212585449219 -0.0682525634765625 0.5615234375 0.6925048828125
0.036163330078125 -0.17144775390625 -0.14666748046875 0.92755126953125
0.147811889648438 -0.133453369140625 -0.34332275390625 0.43377685546875
0.173171997070313 -0.14019775390625 0.14385986328125 -0.146133422851563
0.04046630859375 -0.165847778320313 0.0133056640624999 -0.78521728515625
-0.04638671875 -0.105789184570312 -0.67529296875 -0.6279296875
-0.0467987060546875 -0.00616836547851562 -0.722412109375 0.2344970703125
-0.00328254699707031 0.0244407653808594 -0.15203857421875 0.5830078125
0.0153627395629883 0.0102310180664063 0.226959228515625 0.4189453125
0.0127315521240234 0.0218582153320313 0.3597412109375 0.102203369140625
0.0222644805908203 0.0195789337158203 0.303924560546875 -0.166229248046875
0.0397148132324219 0.0173721313476563 -0.323150634765625 0.0770568847656251
0.0293731689453125 0.0287551879882813 -0.191238403320313 -0.226470947265625
0.0171718597412109 0.0126094818115234 0.221435546875 -0.467071533203125
-0.0212154388427734 0.00345993041992187 0.69818115234375 -0.234619140625
-0.0734710693359375 -0.0643997192382813 0.6661376953125 0.54510498046875
0.00985717773437499 -0.207870483398438 0.0350952148437501 0.92144775390625
0.161422729492188 -0.201278686523438 -0.31048583984375 0.52294921875
0.224945068359375 -0.193374633789063 0.0942764282226563 -0.0687408447265625
0.072479248046875 -0.225967407226563 0.0985717773437501 -0.74395751953125
-0.0464935302734375 -0.151870727539063 -0.57354736328125 -0.73223876953125
-0.0602531433105469 -0.0216255187988281 -0.77593994140625 0.1041259765625
-0.00643539428710938 0.0241622924804688 -0.26568603515625 0.5634765625
0.0192623138427734 0.0137081146240234 0.148193359375 0.455963134765625
0.0201358795166016 0.0251655578613281 0.3453369140625 0.144775390625
0.0312004089355469 0.0301952362060547 0.3134765625 -0.146148681640625
-0.0154304504394531 -0.0695953369140625 -0.329498291015625 0.1026611328125
-0.0153827667236328 -0.02935791015625 -0.314178466796875 -0.175750732421875
0.00943756103515625 -0.0443496704101563 -0.02203369140625 -0.473846435546875
0.0280170440673828 -0.00230598449707031 0.473785400390625 -0.48870849609375
0.0246353149414063 0.0717239379882812 0.7779541015625 0.1640625
0.000335693359375 0.139022827148438 0.43060302734375 0.79962158203125
-0.060546875 0.22808837890625 -0.12652587890625 0.68072509765625
-0.151473999023437 0.201705932617188 0.0300521850585937 0.0795440673828125
-0.0825958251953125 0.228363037109375 0.318603515625 -0.62109375
0.0349273681640625 0.145950317382812 -0.218505859375 -0.963134765625
0.0443687438964844 0.0578651428222656 -0.809326171875 -0.28936767578125
0.0105056762695313 0.00650596618652344 -0.549346923828125 0.417999267578125
0.00661468505859375 -0.0246086120605469 -0.068359375 0.483673095703125
-0.0115013122558594 -0.0349578857421875 0.2550048828125 0.215301513671875
-0.02008056640625 -0.0523681640625 0.307769775390625 -0.11431884765625
-0.0099029541015625 -0.0654716491699219 -0.33319091796875 0.085693359375
-0.0114479064941406 -0.0220756530761719 -0.263626098632813 -0.214813232421875
0.0102424621582031 -0.0367774963378906 0.104461669921875 -0.48590087890625
0.0213546752929687 0.00530624389648438 0.6153564453125 -0.37664794921875
0.00376892089843749 0.0773696899414062 0.74310302734375 0.3748779296875
-0.02618408203125 0.142654418945313 0.232421875 0.8914794921875
-0.093292236328125 0.226638793945313 -0.2152099609375 0.59283447265625
-0.144332885742187 0.195114135742187 0.0912704467773437 -0.0202865600585937
-0.0481414794921875 0.21307373046875 0.21331787109375 -0.721435546875
0.0530014038085938 0.115936279296875 -0.4381103515625 -0.86883544921875
0.0414505004882813 0.0349540710449219 -0.8203125 -0.0659179687500001
-0.000247001647949218 0.00302386283874512 -0.4024658203125 0.51397705078125
-0.00192642211914063 -0.0219383239746094 0.0545349121093751 0.470489501953125
-0.0177745819091797 -0.0274372100830078 0.296234130859375 0.17041015625
-0.0231246948242188 -0.0505523681640625 0.302764892578125 -0.1357421875
-0.00268936157226562 -0.0561561584472656 -0.33233642578125 0.070526123046875
-0.0055999755859375 -0.00988674163818359 -0.208160400390625 -0.242050170898438
0.0097198486328125 -0.0263042449951172 0.226806640625 -0.47161865234375
0.00984096527099609 0.00948333740234375 0.7213134765625 -0.23870849609375
-0.0226478576660156 0.0650520324707031 0.6617431640625 0.56695556640625
-0.0470809936523438 0.112922668457031 0.02105712890625 0.9384765625
-0.1014404296875 0.187393188476563 -0.281829833984375 0.499176025390625
-0.108047485351562 0.157363891601563 0.144805908203125 -0.108734130859375
-0.016448974609375 0.1611328125 0.0992431640625 -0.7879638671875
0.0522918701171875 0.0723190307617188 -0.59954833984375 -0.74420166015625
0.0276050567626953 0.0162906646728516 -0.78009033203125 0.11907958984375
-0.0071864128112793 0.00456380844116211 -0.25848388671875 0.56622314453125
-0.00629329681396484 -0.0151090621948242 0.159332275390625 0.439208984375
-0.0191631317138672 -0.0176181793212891 0.3270263671875 0.12640380859375
-0.0201072692871094 -0.0428581237792969 0.297821044921875 -0.1583251953125
0.0077056884765625 -0.04083251953125 -0.329559326171875 0.06024169921875
-3.52859497070315E-05 0.00442123413085938 -0.15960693359375 -0.257034301757813
0.00826168060302734 -0.0154829025268555 0.318084716796875 -0.444854736328125
-0.00663328170776367 0.00635671615600586 0.7742919921875 -0.11090087890625
-0.0411758422851563 0.0337715148925781 0.555908203125 0.703125
-0.0421600341796875 0.0543251037597656 -0.15301513671875 0.93792724609375
-0.0664749145507812 0.119873046875 -0.321868896484375 0.422332763671875
-0.0497360229492188 0.09466552734375 0.178680419921875 -0.171524047851563
0.00457000732421875 0.0861358642578125 0.00836181640625001 -0.8179931640625
0.0334243774414063 0.0259876251220703 -0.6961669921875 -0.634033203125
0.00805425643920898 0.00594902038574219 -0.72308349609375 0.239990234375
-0.00956439971923828 0.00902462005615235 -0.145751953125 0.58563232421875
-0.00376462936401367 -0.008148193359375 0.23211669921875 0.406768798828125
-0.0142812728881836 -0.00550174713134766 0.348907470703125 0.09185791015625
-0.0135498046875 -0.0303821563720703 0.29473876953125 -0.1751708984375
0.0174751281738281 -0.0240554809570313 -0.325347900390625 0.05621337890625
0.00665092468261719 0.0158290863037109 -0.129379272460938 -0.26007080078125
0.00484514236450195 -0.00451231002807617 0.36663818359375 -0.42474365234375
-0.0183677673339844 -0.000944137573242185 0.7926025390625 -0.03741455078125
-0.0489845275878906 -0.00883865356445312 0.49078369140625 0.769287109375
-0.0101528167724609 -0.0232868194580078 -0.248291015625 0.92681884765625
0.00711441040039062 0.0379562377929688 -0.340301513671875 0.379638671875
0.0245170593261719 0.0166530609130859 0.190017700195312 -0.20147705078125
0.0144538879394531 -0.000931739807128906 -0.0423583984375 -0.82373046875
0.00286865234375 -0.0179424285888672 -0.73785400390625 -0.56756591796875
-0.0113725662231445 0.00428199768066406 -0.6881103515625 0.3026123046875
-0.00664043426513672 0.0153026580810547 -0.086669921875 0.58636474609375
0.00141763687133789 -0.00075995922088623 0.26873779296875 0.38690185546875
-0.00527000427246094 0.00562286376953125 0.361328125 0.074798583984375
-0.00163459777832031 -0.0132455825805664 0.293975830078125 -0.181793212890625
0.0266456604003906 -0.00831985473632813 -0.323333740234375 0.05914306640625
0.014312744140625 0.0247573852539063 -0.125885009765625 -0.255523681640625
0.00567960739135742 0.00416660308837891 0.3658447265625 -0.424652099609375
-0.0251312255859375 -0.00644111633300781 0.788330078125 -0.0396728515625
-0.0534324645996094 -0.0471649169921875 0.49359130859375 0.76751708984375
0.02471923828125 -0.102813720703125 -0.24383544921875 0.92694091796875
0.090576171875 -0.0486373901367188 -0.34991455078125 0.385009765625
0.102531433105469 -0.0672149658203125 0.178237915039063 -0.192520141601563
0.0223770141601563 -0.087554931640625 -0.0413818359375 -0.81396484375
-0.0276756286621094 -0.0602645874023437 -0.73504638671875 -0.565185546875
-0.0309200286865234 0.00214385986328124 -0.68682861328125 0.30255126953125
-0.00413322448730469 0.0202465057373047 -0.08636474609375 0.58837890625
0.00863027572631836 0.00588607788085938 0.268524169921875 0.391876220703125
0.003814697265625 0.0153512954711914 0.367706298828125 0.07550048828125
0.0106716156005859 0.00375556945800781 0.296905517578125 -0.18255615234375
0.0350093841552734 0.00617218017578125 -0.322662353515625 0.067657470703125
0.022125244140625 0.0288486480712891 -0.149017333984375 -0.245330810546875
0.00966930389404297 0.0106182098388672 0.314300537109375 -0.44598388671875
-0.0279541015625 -0.00456619262695312 0.762939453125 -0.11517333984375
-0.0624504089355469 -0.0680007934570313 0.57049560546875 0.69122314453125
0.035369873046875 -0.171478271484375 -0.14068603515625 0.93609619140625
0.148681640625 -0.134841918945313 -0.342620849609375 0.440673828125
0.172805786132813 -0.1416015625 0.145172119140625 -0.146133422851563
0.0389556884765625 -0.167892456054688 0.00616455078124992 -0.79248046875
-0.04766845703125 -0.106834411621094 -0.68634033203125 -0.62664794921875
-0.0477371215820312 -0.00476455688476562 -0.7274169921875 0.2421875
-0.00360298156738281 0.0247592926025391 -0.14794921875 0.588134765625
0.0147943496704102 0.0112009048461914 0.231689453125 0.421234130859375
0.0130786895751953 0.0233078002929687 0.365997314453125 0.100067138671875
0.0234470367431641 0.0192337036132813 0.305145263671875 -0.170562744140625
0.04083251953125 0.0162315368652344 -0.324249267578125 0.0808715820312499
0.0301113128662109 0.0296459197998047 -0.19390869140625 -0.226425170898438
0.0171947479248047 0.0133752822875977 0.2200927734375 -0.47314453125
-0.0221843719482422 0.00245475769042969 0.70172119140625 -0.24346923828125
-0.0741119384765625 -0.0649642944335938 0.6763916015625 0.54388427734375
0.00909423828125 -0.2093505859375 0.042724609375 0.9285888671875
0.161529541015625 -0.204116821289063 -0.309326171875 0.5311279296875
0.224472045898438 -0.196212768554688 0.0947418212890625 -0.0704498291015625
0.0713653564453125 -0.227981567382813 0.094482421875 -0.74896240234375
-0.049102783203125 -0.152542114257813 -0.582763671875 -0.7342529296875
-0.0601692199707031 -0.0212440490722656 -0.78167724609375 0.11187744140625
-0.00663185119628906 0.0251083374023438 -0.26324462890625 0.56854248046875
0.0189895629882813 0.0144443511962891 0.1544189453125 0.458831787109375
0.0200271606445313 0.0237712860107422 0.351226806640625 0.14178466796875
0.0322170257568359 0.0295562744140625 0.3138427734375 -0.150390625
-0.0173873901367188 -0.0692710876464844 -0.331634521484375 0.106964111328125
-0.0167083740234375 -0.0298252105712891 -0.31951904296875 -0.1717529296875
0.00716400146484375 -0.045074462890625 -0.02618408203125 -0.476318359375
0.0279178619384766 -0.00386238098144531 0.472503662109375 -0.497833251953125
0.0247802734375 0.0721282958984375 0.783935546875 0.1568603515625
0.00195312499999999 0.141387939453125 0.44110107421875 0.8004150390625
-0.0584716796875 0.23126220703125 -0.1209716796875 0.6865234375
-0.151382446289063 0.204010009765625 0.0309295654296875 0.0807037353515625
-0.0799407958984375 0.230880737304688 0.3153076171875 -0.62603759765625
0.0353240966796875 0.146102905273438 -0.22991943359375 -0.96539306640625
0.0448989868164063 0.0584068298339844 -0.8167724609375 -0.28466796875
0.00921630859375 0.00636959075927734 -0.5477294921875 0.42510986328125
0.00596427917480469 -0.0245170593261719 -0.06414794921875 0.486663818359375
-0.0120849609375 -0.0352897644042969 0.2591552734375 0.213272094726562
-0.0210914611816406 -0.0531272888183594 0.30712890625 -0.11932373046875
-0.01165771484375 -0.0649642944335938 -0.335540771484375 0.0902099609374999
-0.0116806030273438 -0.0207614898681641 -0.267974853515625 -0.211898803710938
0.00853347778320313 -0.0371322631835938 0.101959228515625 -0.490447998046875
0.0211429595947266 0.00431060791015625 0.61639404296875 -0.3857421875
0.004119873046875 0.0782546997070313 0.75274658203125 0.36962890625
-0.0247802734375 0.14495849609375 0.24346923828125 0.89801025390625
-0.0912628173828125 0.229888916015625 -0.21185302734375 0.59942626953125
-0.144363403320313 0.197418212890625 0.09271240234375 -0.0201568603515625
-0.046661376953125 0.214523315429688 0.20782470703125 -0.728515625
0.0549545288085937 0.116867065429687 -0.4503173828125 -0.86944580078125
0.0421714782714844 0.0350456237792969 -0.826416015625 -0.0609741210937499
-0.000107049942016601 0.00364208221435547 -0.39996337890625 0.52142333984375
-0.00284576416015625 -0.0212974548339844 0.059417724609375 0.47216796875
-0.0187015533447266 -0.0276699066162109 0.299468994140625 0.167755126953125
-0.0231361389160156 -0.0506706237792969 0.30328369140625 -0.140960693359375
-0.00364303588867187 -0.055511474609375 -0.334136962890625 0.076019287109375
-0.00626277923583985 -0.00893306732177734 -0.211593627929687 -0.240646362304687
0.00834465026855469 -0.0263786315917969 0.223876953125 -0.477935791015625
0.00835323333740234 0.00956535339355469 0.721435546875 -0.248291015625
-0.0213546752929687 0.0662384033203125 0.67156982421875 0.5638427734375
-0.0457992553710937 0.115455627441406 0.0286254882812501 0.94378662109375
-0.0995941162109375 0.188751220703125 -0.280364990234375 0.506622314453125
-0.107498168945313 0.15911865234375 0.145217895507813 -0.109756469726562
-0.0150604248046875 0.1622314453125 0.0941162109374999 -0.79327392578125
0.053741455078125 0.0721664428710938 -0.61187744140625 -0.74444580078125
0.0280704498291016 0.0159320831298828 -0.7847900390625 0.126220703125
-0.00798177719116211 0.00399637222290039 -0.25482177734375 0.5726318359375
-0.0060577392578125 -0.0142765045166016 0.164703369140625 0.4405517578125
-0.0194625854492188 -0.0173206329345703 0.331573486328125 0.122894287109375
-0.0212173461914062 -0.0428886413574219 0.298675537109375 -0.16265869140625
0.00751113891601563 -0.0410423278808594 -0.331787109375 0.0659790039062499
0.000654220581054687 0.00461673736572266 -0.163070678710938 -0.255264282226563
0.00670242309570313 -0.0139980316162109 0.31561279296875 -0.452484130859375
-0.00652217864990234 0.006011962890625 0.7777099609375 -0.12109375
-0.0409317016601563 0.0350532531738281 0.5675048828125 0.70318603515625
-0.0417518615722656 0.055267333984375 -0.1451416015625 0.94580078125
-0.0645370483398438 0.121742248535156 -0.319915771484375 0.4296875
-0.0495452880859375 0.095733642578125 0.178543090820313 -0.174087524414063
0.00513458251953125 0.0869903564453125 0.00170898437499996 -0.82257080078125
0.0336093902587891 0.0259819030761719 -0.7066650390625 -0.63275146484375
0.00816726684570313 0.00626182556152344 -0.726806640625 0.249267578125
-0.0094757080078125 0.00978183746337891 -0.140869140625 0.58880615234375
-0.00403213500976562 -0.00738430023193359 0.2371826171875 0.406890869140625
-0.0150537490844727 -0.00502681732177734 0.352569580078125 0.08795166015625
-0.0133209228515625 -0.0306720733642578 0.29486083984375 -0.17913818359375
0.0177555084228516 -0.0243949890136719 -0.328033447265625 0.06146240234375
0.006622314453125 0.0163211822509766 -0.132736206054688 -0.259872436523438
0.00395011901855469 -0.00391936302185059 0.364410400390625 -0.4327392578125
-0.0196628570556641 -0.00160026550292969 0.7978515625 -0.04522705078125
-0.0499343872070312 -0.00759506225585937 0.49969482421875 0.77093505859375
-0.010467529296875 -0.0218734741210938 -0.2423095703125 0.93609619140625
0.00860977172851563 0.0388374328613281 -0.33984375 0.38677978515625
0.0246810913085937 0.0159435272216797 0.190811157226563 -0.202987670898438
0.0149574279785156 -0.000713348388671875 -0.0490112304687501 -0.82696533203125
0.00260353088378906 -0.0188350677490234 -0.74884033203125 -0.56494140625
-0.0119733810424805 0.00322341918945312 -0.68804931640625 0.31103515625
-0.00684356689453125 0.015568733215332 -0.0802612304687501 0.590576171875
0.00163030624389648 -0.000186324119567871 0.273681640625 0.386383056640625
-0.00607872009277344 0.00595426559448242 0.36688232421875 0.07037353515625
-0.00216293334960937 -0.0128564834594727 0.293914794921875 -0.187744140625
0.0271129608154297 -0.00864219665527344 -0.325286865234375 0.064178466796875
0.0154228210449219 0.0254135131835938 -0.129669189453125 -0.256484985351562
0.00496053695678711 0.00427436828613281 0.363372802734375 -0.43280029296875
-0.0265369415283203 -0.00669097900390625 0.79266357421875 -0.0477294921875
-0.0542678833007812 -0.0462989807128906 0.5042724609375 0.76861572265625
0.0244674682617188 -0.103912353515625 -0.23736572265625 0.93560791015625
0.0911178588867187 -0.0504150390625 -0.34912109375 0.392333984375
0.102424621582031 -0.068817138671875 0.178863525390625 -0.19451904296875
0.0216751098632813 -0.0886459350585938 -0.0486450195312501 -0.8182373046875
-0.0291366577148438 -0.0614700317382812 -0.74578857421875 -0.56201171875
-0.0307159423828125 0.00212669372558594 -0.68951416015625 0.31036376953125
-0.003692626953125 0.0206623077392578 -0.0811767578125 0.59344482421875
0.00906181335449219 0.0070037841796875 0.27447509765625 0.391845703125
0.00450325012207031 0.0160531997680664 0.370941162109375 0.073883056640625
0.0112619400024414 0.00378608703613281 0.297576904296875 -0.1876220703125
0.0360336303710937 0.00551223754882812 -0.325836181640625 0.0726623535156249
0.0231761932373047 0.0302066802978516 -0.1529541015625 -0.245697021484375
0.00899314880371094 0.0105361938476563 0.310546875 -0.453155517578125
-0.0288372039794922 -0.00484275817871093 0.76678466796875 -0.1246337890625
-0.0636482238769531 -0.0676345825195313 0.58148193359375 0.690673828125
0.0342864990234375 -0.173660278320313 -0.13348388671875 0.9449462890625
0.149017333984375 -0.136947631835938 -0.340301513671875 0.446563720703125
0.1724853515625 -0.144821166992187 0.14471435546875 -0.148269653320313
0.0371856689453125 -0.169158935546875 6.10351562500457E-05 -0.7977294921875
-0.0497665405273437 -0.106880187988281 -0.69744873046875 -0.6241455078125
-0.0484161376953125 -0.00541305541992188 -0.7288818359375 0.250244140625
-0.00379180908203125 0.0247402191162109 -0.14202880859375 0.59490966796875
0.0158319473266602 0.0113697052001953 0.23712158203125 0.41943359375
0.0137462615966797 0.0225067138671875 0.369903564453125 0.096160888671875
0.0231666564941406 0.0189437866210938 0.304290771484375 -0.17498779296875
0.0423431396484375 0.0157699584960938 -0.325347900390625 0.0858154296875
0.0305213928222656 0.0292987823486328 -0.196456909179688 -0.224563598632812
0.0173120498657227 0.0142126083374023 0.21551513671875 -0.478118896484375
-0.0231342315673828 0.00410270690917968 0.70330810546875 -0.25323486328125
-0.0749359130859375 -0.0642471313476562 0.68560791015625 0.5390625
0.00680541992187502 -0.210906982421875 0.04986572265625 0.93609619140625
0.161880493164063 -0.206680297851563 -0.307159423828125 0.53826904296875
0.224502563476562 -0.199844360351563 0.0944137573242188 -0.070159912109375
0.0686187744140625 -0.231201171875 0.0885009765624999 -0.756103515625
-0.04998779296875 -0.153457641601563 -0.5943603515625 -0.73272705078125
-0.0606269836425781 -0.0209732055664062 -0.78564453125 0.12017822265625
-0.00580406188964843 0.025360107421875 -0.26092529296875 0.57586669921875
0.0192699432373047 0.0148086547851563 0.157989501953125 0.45977783203125
0.0206642150878906 0.0248355865478516 0.354827880859375 0.13800048828125
0.0325431823730469 0.0293102264404297 0.3140869140625 -0.155670166015625
-0.0188064575195313 -0.0691680908203125 -0.332427978515625 0.11322021484375
-0.0173454284667969 -0.0276737213134766 -0.32269287109375 -0.168212890625
0.00608444213867187 -0.044708251953125 -0.031982421875 -0.47930908203125
0.0279808044433594 -0.00442695617675781 0.468597412109375 -0.507080078125
0.0274505615234375 0.0732650756835938 0.78948974609375 0.14886474609375
0.00402832031249999 0.142562866210938 0.45166015625 0.80169677734375
-0.0554046630859375 0.233428955078125 -0.114501953125 0.6920166015625
-0.149520874023438 0.20635986328125 0.0316314697265625 0.0820388793945313
-0.0774993896484375 0.23309326171875 0.3115234375 -0.6317138671875
0.0380859375 0.146102905273438 -0.239501953125 -0.9674072265625
0.0451889038085938 0.0575981140136719 -0.8258056640625 -0.27801513671875
0.00985145568847656 0.00634288787841797 -0.547088623046875 0.43304443359375
0.00512886047363281 -0.0245876312255859 -0.0592956542968749 0.490325927734375
-0.0133857727050781 -0.0350990295410156 0.263076782226563 0.211776733398438
-0.0221290588378906 -0.0529060363769531 0.3076171875 -0.122833251953125
-0.0118026733398438 -0.0657577514648438 -0.3350830078125 0.0955505371093751
-0.0121631622314453 -0.0206127166748047 -0.2720947265625 -0.208236694335938
0.00789260864257812 -0.037750244140625 0.09710693359375 -0.494110107421875
0.0202159881591797 0.00487136840820313 0.6156005859375 -0.396484375
0.00480651855468751 0.0795211791992188 0.7626953125 0.362548828125
-0.0228729248046875 0.145645141601563 0.25341796875 0.90008544921875
-0.088714599609375 0.231903076171875 -0.20721435546875 0.608154296875
-0.143661499023437 0.19940185546875 0.0932159423828125 -0.0201416015625
-0.04498291015625 0.216964721679688 0.20196533203125 -0.7333984375
0.056610107421875 0.116706848144531 -0.46148681640625 -0.86981201171875
0.0429344177246094 0.0352249145507813 -0.83056640625 -0.052490234375
-0.000447273254394532 0.00358033180236816 -0.396575927734375 0.529510498046875
-0.00252342224121094 -0.0210475921630859 0.06689453125 0.475799560546875
-0.0188217163085938 -0.0278682708740234 0.3037109375 0.165252685546875
-0.025177001953125 -0.0505828857421875 0.303680419921875 -0.147003173828125
-0.00341415405273438 -0.0551834106445313 -0.334564208984375 0.0799560546875
-0.00631380081176758 -0.00834941864013672 -0.21588134765625 -0.238052368164063
0.00726890563964843 -0.0267353057861328 0.219512939453125 -0.48565673828125
0.00628376007080078 0.00885200500488281 0.72320556640625 -0.2574462890625
-0.019378662109375 0.0680961608886719 0.68145751953125 0.55975341796875
-0.0446624755859375 0.117431640625 0.03948974609375 0.9508056640625
-0.09686279296875 0.191558837890625 -0.275787353515625 0.5133056640625
-0.107208251953125 0.16156005859375 0.1444091796875 -0.11053466796875
-0.0125579833984375 0.164154052734375 0.08544921875 -0.79766845703125
0.054840087890625 0.0715866088867188 -0.6231689453125 -0.74261474609375
0.0284099578857422 0.0160942077636719 -0.7855224609375 0.135986328125
-0.00678730010986328 0.00527143478393555 -0.249267578125 0.57861328125
-0.00665569305419922 -0.0139055252075195 0.17083740234375 0.44219970703125
-0.0201778411865234 -0.0172100067138672 0.33477783203125 0.1187744140625
-0.0215568542480469 -0.0425758361816406 0.298492431640625 -0.1671142578125
0.0067138671875 -0.0407447814941406 -0.33172607421875 0.0712585449218751
-5.72204589843746E-05 0.00559377670288086 -0.16650390625 -0.2537841796875
0.00433731079101563 -0.0157155990600586 0.314178466796875 -0.4599609375
-0.0068817138671875 0.00594663619995117 0.781005859375 -0.13311767578125
-0.0409393310546875 0.0361557006835937 0.5787353515625 0.70050048828125
-0.0409355163574219 0.0568389892578125 -0.1376953125 0.95343017578125
-0.0627212524414063 0.123191833496094 -0.31610107421875 0.43414306640625
-0.04931640625 0.096405029296875 0.178741455078125 -0.175445556640625
0.00671386718749999 0.0867538452148438 -0.00573730468749992 -0.828125
0.0337810516357422 0.0243606567382813 -0.7191162109375 -0.6280517578125
0.00875711441040039 0.00646495819091797 -0.7276611328125 0.25738525390625
-0.00980854034423828 0.010223388671875 -0.135498046875 0.59429931640625
-0.00436496734619141 -0.00634193420410156 0.24481201171875 0.406341552734375
-0.0140867233276367 -0.00510120391845703 0.35699462890625 0.0841064453125
-0.0128898620605469 -0.0301685333251953 0.29443359375 -0.183624267578125
0.0171737670898438 -0.0245227813720703 -0.328094482421875 0.0677490234375001
0.00833892822265625 0.0167703628540039 -0.135696411132813 -0.259384155273438
0.00460529327392578 -0.00339698791503906 0.361968994140625 -0.440093994140625
-0.0198287963867188 -0.00192832946777344 0.80029296875 -0.05572509765625
-0.0496978759765625 -0.00745391845703124 0.511474609375 0.7685546875
-0.010162353515625 -0.0217990875244141 -0.23333740234375 0.94549560546875
0.00965499877929687 0.0390586853027344 -0.33685302734375 0.3927001953125
0.0240325927734375 0.01617431640625 0.189407348632813 -0.205337524414063
0.0140743255615234 0.000172615051269531 -0.0583496093750001 -0.83074951171875
0.00243949890136719 -0.0183696746826172 -0.7576904296875 -0.55859375
-0.0113105773925781 0.00382804870605469 -0.68914794921875 0.31988525390625
-0.00716304779052734 0.015620231628418 -0.0740356445312499 0.5955810546875
0.00105184316635132 0.00043797492980957 0.28076171875 0.386383056640625
-0.00548505783081055 0.00509881973266602 0.3682861328125 0.065216064453125
-0.00214576721191406 -0.0138149261474609 0.292816162109375 -0.19268798828125
0.026885986328125 -0.00814056396484375 -0.32623291015625 0.0693359375
0.0154876708984375 0.0265483856201172 -0.132797241210938 -0.255340576171875
0.00475597381591797 0.00563287734985352 0.35858154296875 -0.439422607421875
-0.0280017852783203 -0.00620651245117188 0.79547119140625 -0.055908203125
-0.0553512573242188 -0.0451583862304687 0.515380859375 0.76715087890625
0.0248260498046875 -0.10479736328125 -0.229248046875 0.94403076171875
0.0931015014648438 -0.05169677734375 -0.34552001953125 0.39874267578125
0.102020263671875 -0.0701980590820312 0.177383422851563 -0.195770263671875
0.0205535888671875 -0.0890731811523438 -0.0573730468749999 -0.822265625
-0.0303153991699219 -0.0622978210449219 -0.7554931640625 -0.5557861328125
-0.0308456420898438 0.00233650207519531 -0.69085693359375 0.31976318359375
-0.00436782836914063 0.0211963653564453 -0.07537841796875 0.5965576171875
0.00822687149047852 0.00605869293212891 0.279815673828125 0.38983154296875
0.005096435546875 0.016200065612793 0.374267578125 0.068572998046875
0.0116395950317383 0.00440692901611328 0.297027587890625 -0.1917724609375
0.0364456176757813 0.00541305541992188 -0.32568359375 0.0780029296875
0.0237045288085938 0.0308895111083984 -0.155029296875 -0.24493408203125
0.00947284698486328 0.0114803314208984 0.30816650390625 -0.461151123046875
-0.0302562713623047 -0.00455856323242188 0.767578125 -0.1346435546875
-0.0640220642089844 -0.0673332214355469 0.59307861328125 0.68804931640625
0.03204345703125 -0.175430297851563 -0.12432861328125 0.95281982421875
0.150054931640625 -0.140045166015625 -0.338623046875 0.454437255859375
0.171844482421875 -0.146636962890625 0.144699096679688 -0.149566650390625
0.034881591796875 -0.170074462890625 -0.00860595703125003 -0.8028564453125
-0.0513153076171875 -0.107780456542969 -0.70843505859375 -0.61993408203125
-0.0486640930175781 -0.00468826293945312 -0.73089599609375 0.259033203125
-0.00337028503417969 0.0256366729736328 -0.13665771484375 0.59942626953125
0.0159549713134766 0.0124921798706055 0.244171142578125 0.420867919921875
0.0145797729492187 0.0238037109375 0.37298583984375 0.091705322265625
0.0248432159423828 0.0196399688720703 0.30426025390625 -0.17950439453125
0.0429420471191406 0.016387939453125 -0.326934814453125 0.091583251953125
0.0317134857177734 0.0301513671875 -0.199661254882812 -0.222702026367188
0.0173854827880859 0.0147457122802734 0.211090087890625 -0.485198974609375
-0.0234470367431641 0.00323677062988281 0.703369140625 -0.261962890625
-0.0760345458984375 -0.062713623046875 0.69525146484375 0.5343017578125
0.004852294921875 -0.211532592773438 0.06201171875 0.9410400390625
0.160537719726563 -0.20965576171875 -0.301177978515625 0.544677734375
0.223861694335938 -0.20245361328125 0.0947418212890625 -0.0706710815429688
0.064910888671875 -0.233551025390625 0.0821533203125 -0.7613525390625
-0.05218505859375 -0.15399169921875 -0.605712890625 -0.73162841796875
-0.0612754821777344 -0.0215415954589844 -0.78802490234375 0.12969970703125
-0.00658226013183594 0.0252666473388672 -0.2540283203125 0.581787109375
0.0196743011474609 0.0152359008789063 0.164703369140625 0.45965576171875
0.0215702056884766 0.0256118774414063 0.358612060546875 0.13433837890625
0.0344142913818359 0.0290660858154297 0.314208984375 -0.16082763671875
-0.0200576782226563 -0.0691261291503906 -0.332794189453125 0.11883544921875
-0.0183544158935547 -0.0268058776855469 -0.326568603515625 -0.16339111328125
0.00482177734375 -0.045654296875 -0.03826904296875 -0.481201171875
0.0266628265380859 -0.00451469421386719 0.463592529296875 -0.515960693359375
0.0282669067382812 0.072784423828125 0.79864501953125 0.13873291015625
0.00573730468749999 0.144210815429687 0.464111328125 0.80181884765625
-0.05340576171875 0.235671997070313 -0.10589599609375 0.69793701171875
-0.148361206054687 0.207992553710938 0.0327606201171875 0.0832748413085938
-0.0758209228515625 0.233963012695313 0.3045654296875 -0.6378173828125
0.0392608642578125 0.145706176757813 -0.25323486328125 -0.97076416015625
0.0457229614257813 0.0572280883789062 -0.8314208984375 -0.26904296875
0.0104789733886719 0.00630378723144531 -0.543701171875 0.44171142578125
0.00388526916503907 -0.0242996215820313 -0.05242919921875 0.492950439453125
-0.0137653350830078 -0.0351333618164063 0.26849365234375 0.208984375
-0.0228157043457031 -0.0538749694824219 0.30767822265625 -0.1275634765625
-0.0139122009277344 -0.0658149719238281 -0.33697509765625 0.100830078125
-0.0132236480712891 -0.02001953125 -0.275009155273437 -0.204666137695313
0.00658035278320313 -0.0374221801757813 0.092071533203125 -0.498138427734375
0.0205287933349609 0.00457382202148437 0.6131591796875 -0.4072265625
0.0068359375 0.0804977416992188 0.77020263671875 0.3544921875
-0.0208892822265625 0.14898681640625 0.2655029296875 0.89996337890625
-0.0865936279296875 0.23431396484375 -0.20184326171875 0.61419677734375
-0.142868041992188 0.202560424804688 0.0930557250976562 -0.0199508666992187
-0.042755126953125 0.218032836914062 0.19451904296875 -0.7384033203125
0.058746337890625 0.116218566894531 -0.4735107421875 -0.869140625
0.0428543090820313 0.0351181030273438 -0.8343505859375 -0.04266357421875
-4.05311584472651E-06 0.00306415557861328 -0.392730712890625 0.5347900390625
-0.00374794006347656 -0.0190544128417969 0.0703125 0.4742431640625
-0.0199432373046875 -0.0277633666992188 0.3076171875 0.161590576171875
-0.0255889892578125 -0.0518150329589844 0.3023681640625 -0.152130126953125
-0.00407791137695312 -0.0549697875976563 -0.3360595703125 0.0872497558593749
-0.00648975372314453 -0.00795841217041016 -0.21917724609375 -0.235107421875
0.00605010986328125 -0.0247840881347656 0.21405029296875 -0.491180419921875
0.00653553009033203 0.00790882110595703 0.72216796875 -0.27069091796875
-0.0194435119628906 0.0692062377929688 0.69110107421875 0.55145263671875
-0.042144775390625 0.118537902832031 0.05078125 0.9552001953125
-0.09503173828125 0.194351196289063 -0.27117919921875 0.51959228515625
-0.10626220703125 0.162796020507812 0.144256591796875 -0.1109619140625
-0.01116943359375 0.16412353515625 0.0780639648437499 -0.80084228515625
0.0557403564453125 0.071197509765625 -0.6328125 -0.73638916015625
0.029144287109375 0.0163135528564453 -0.7889404296875 0.1451416015625
-0.00800752639770508 0.00528049468994141 -0.24224853515625 0.5830078125
-0.00686550140380859 -0.0132083892822266 0.17681884765625 0.441162109375
-0.0214710235595703 -0.0172309875488281 0.3388671875 0.114715576171875
-0.0234527587890625 -0.0431938171386719 0.29730224609375 -0.17230224609375
0.0062713623046875 -0.0418510437011719 -0.33221435546875 0.0776672363281251
9.34600830078124E-05 0.00603771209716797 -0.169464111328125 -0.252090454101563
0.00537490844726562 -0.0141820907592773 0.309051513671875 -0.465850830078125
-0.00777244567871094 0.00605010986328125 0.7838134765625 -0.14178466796875
-0.0399703979492188 0.0367851257324219 0.58990478515625 0.69610595703125
-0.0396041870117188 0.059356689453125 -0.1265869140625 0.9620361328125
-0.0613784790039062 0.124794006347656 -0.313568115234375 0.441558837890625
-0.04852294921875 0.097808837890625 0.177108764648437 -0.176742553710938
0.00737762451171875 0.0871124267578125 -0.0161743164062499 -0.82965087890625
0.0340938568115234 0.024139404296875 -0.7294921875 -0.6224365234375
0.00861215591430664 0.00592899322509766 -0.727294921875 0.2691650390625
-0.00920391082763672 0.0109395980834961 -0.12957763671875 0.597900390625
-0.00551939010620117 -0.00635051727294922 0.24932861328125 0.404327392578125
-0.0152683258056641 -0.00554370880126953 0.35986328125 0.07904052734375
-0.0143795013427734 -0.0301342010498047 0.29205322265625 -0.188873291015625
0.0178337097167969 -0.0251178741455078 -0.328460693359375 0.07257080078125
0.00778388977050781 0.0178871154785156 -0.138671875 -0.257476806640625
0.00371408462524414 -0.00303196907043457 0.357818603515625 -0.448516845703125
-0.0206851959228516 -0.00078773498535156 0.8028564453125 -0.06524658203125
-0.0501747131347656 -0.00536727905273437 0.52398681640625 0.7657470703125
-0.0107860565185547 -0.021759033203125 -0.2244873046875 0.95208740234375
0.011016845703125 0.0401992797851563 -0.334930419921875 0.399810791015625
0.0239734649658203 0.0148696899414063 0.189163208007813 -0.208358764648438
0.014312744140625 -0.00156593322753906 -0.0684814453125001 -0.834228515625
0.00171470642089844 -0.0195484161376953 -0.76776123046875 -0.55010986328125
-0.011683464050293 0.00334548950195312 -0.68829345703125 0.3302001953125
-0.00764751434326172 0.0159358978271484 -0.06732177734375 0.59979248046875
0.000851869583129883 0.000860512256622314 0.286468505859375 0.38372802734375
-0.00643444061279297 0.00607013702392578 0.3719482421875 0.06103515625
-0.00234603881835938 -0.0129251480102539 0.29205322265625 -0.197418212890625
0.0268497467041016 -0.00924873352050781 -0.32666015625 0.075592041015625
0.0165443420410156 0.0256023406982422 -0.136260986328125 -0.253677368164063
0.00401020050048828 0.00609540939331055 0.355560302734375 -0.447967529296875
-0.0293560028076172 -0.00493049621582032 0.7991943359375 -0.0679931640625
-0.0561866760253906 -0.04498291015625 0.5283203125 0.7630615234375
0.0231704711914063 -0.105194091796875 -0.221923828125 0.9512939453125
0.093109130859375 -0.0519866943359375 -0.343292236328125 0.40557861328125
0.10162353515625 -0.0711822509765625 0.176712036132812 -0.198226928710938
0.0184478759765625 -0.0893402099609375 -0.0673828125 -0.825439453125
-0.0308685302734375 -0.0623703002929688 -0.7657470703125 -0.54913330078125
-0.0304374694824219 0.00229072570800781 -0.6890869140625 0.3294677734375
-0.00391197204589844 0.0212039947509766 -0.0687255859375 0.60125732421875
0.00854873657226563 0.00714349746704102 0.286163330078125 0.389495849609375
0.00551509857177734 0.0163764953613281 0.378082275390625 0.06219482421875
0.0117988586425781 0.00367069244384766 0.294219970703125 -0.197052001953125
0.0385246276855469 0.00460052490234375 -0.325439453125 0.0838012695312501
0.0254726409912109 0.0302867889404297 -0.160400390625 -0.241912841796875
0.00872230529785156 0.0124750137329102 0.30218505859375 -0.46929931640625
-0.0309028625488281 -0.00481605529785156 0.7679443359375 -0.145751953125
-0.0647125244140625 -0.0663185119628906 0.60595703125 0.68304443359375
0.0320587158203125 -0.175567626953125 -0.1124267578125 0.95867919921875
0.14984130859375 -0.143234252929688 -0.334136962890625 0.461029052734375
0.170547485351563 -0.14874267578125 0.143875122070313 -0.15118408203125
0.0333251953125 -0.171600341796875 -0.0169677734374999 -0.8037109375
-0.0534820556640625 -0.107200622558594 -0.7216796875 -0.6124267578125
-0.0477867126464844 -0.00362014770507814 -0.7315673828125 0.2686767578125
-0.00322341918945312 0.0250186920166016 -0.1287841796875 0.6053466796875
0.01593017578125 0.0119466781616211 0.249267578125 0.418182373046875
0.0157718658447266 0.0225143432617188 0.377349853515625 0.08673095703125
0.0250453948974609 0.0196285247802734 0.303497314453125 -0.1842041015625
0.0452079772949219 0.0164566040039062 -0.32635498046875 0.09832763671875
0.03253173828125 0.0306529998779297 -0.20428466796875 -0.2215576171875
0.0174121856689453 0.0151548385620117 0.20465087890625 -0.491119384765625
-0.0241565704345703 0.00417900085449219 0.70184326171875 -0.27410888671875
-0.0772323608398438 -0.0633087158203125 0.705322265625 0.527099609375
0.00378417968750001 -0.213516235351562 0.07421875 0.943359375
0.159957885742187 -0.211761474609375 -0.295989990234375 0.55145263671875
0.22198486328125 -0.207046508789063 0.0936355590820313 -0.0717849731445313
0.062835693359375 -0.2347412109375 0.0712280273437501 -0.76397705078125
-0.05584716796875 -0.15350341796875 -0.6177978515625 -0.72601318359375
-0.0612068176269531 -0.0200119018554688 -0.790283203125 0.13714599609375
-0.0059051513671875 0.0247726440429688 -0.2491455078125 0.5869140625
0.0197410583496094 0.0146408081054688 0.171234130859375 0.460174560546875
0.0227375030517578 0.0244941711425781 0.363983154296875 0.129425048828125
0.0341110229492187 0.0282402038574219 0.315185546875 -0.1658935546875
-0.0214576721191406 -0.068115234375 -0.33123779296875 0.124114990234375
-0.0189743041992188 -0.0263748168945313 -0.32891845703125 -0.158477783203125
0.00243759155273437 -0.0444526672363281 -0.0457763671875 -0.482635498046875
0.0258255004882812 -0.00504112243652344 0.45770263671875 -0.52490234375
0.0297164916992187 0.0735092163085938 0.802490234375 0.12835693359375
0.008880615234375 0.14605712890625 0.47723388671875 0.79620361328125
-0.0485687255859375 0.23712158203125 -0.09832763671875 0.70037841796875
-0.147232055664063 0.210281372070313 0.0346527099609375 0.0835647583007813
-0.0735015869140625 0.234634399414062 0.29864501953125 -0.64324951171875
0.04168701171875 0.145751953125 -0.2652587890625 -0.96893310546875
0.0473709106445313 0.0575790405273438 -0.836181640625 -0.26092529296875
0.0100440979003906 0.00554943084716797 -0.53863525390625 0.449493408203125
0.00424003601074218 -0.0234489440917969 -0.048553466796875 0.494049072265625
-0.01409912109375 -0.0353813171386719 0.27069091796875 0.206100463867187
-0.024139404296875 -0.0520362854003906 0.30450439453125 -0.134124755859375
-0.0172615051269531 -0.0641365051269531 -0.337005615234375 0.1070556640625
-0.0129604339599609 -0.0179920196533203 -0.278823852539063 -0.20013427734375
0.00556182861328125 -0.03753662109375 0.085357666015625 -0.502655029296875
0.0180549621582031 0.00468063354492188 0.60809326171875 -0.418212890625
0.00830078125 0.0808792114257813 0.77838134765625 0.34332275390625
-0.018310546875 0.150527954101562 0.2764892578125 0.902099609375
-0.0831451416015625 0.236831665039063 -0.1951904296875 0.61724853515625
-0.140884399414063 0.203765869140625 0.0948333740234375 -0.0209808349609375
-0.03985595703125 0.217803955078125 0.1861572265625 -0.74169921875
0.0587310791015625 0.114959716796875 -0.48443603515625 -0.86578369140625
0.0439605712890625 0.0325355529785156 -0.83856201171875 -0.03302001953125
-0.000401735305786133 0.00338530540466309 -0.384521484375 0.541168212890625
-0.00479888916015625 -0.0209674835205078 0.077972412109375 0.475067138671875
-0.0199203491210938 -0.0261688232421875 0.313690185546875 0.155914306640625
-0.0260658264160156 -0.0504150390625 0.299835205078125 -0.154632568359375
-0.00653076171875 -0.05712890625 -0.335662841796875 0.092559814453125
-0.00586128234863281 -0.00649642944335937 -0.224227905273438 -0.23291015625
0.00470733642578125 -0.0260124206542969 0.20892333984375 -0.4945068359375
0.00731086730957031 0.00827550888061523 0.72052001953125 -0.2818603515625
-0.0180854797363281 0.0695152282714844 0.70294189453125 0.54168701171875
-0.040771484375 0.120796203613281 0.06280517578125 0.95745849609375
-0.091705322265625 0.196853637695313 -0.2650146484375 0.5245361328125
-0.104843139648438 0.164215087890625 0.143020629882813 -0.113128662109375
-0.00801086425781249 0.165573120117188 0.0659790039062499 -0.80377197265625
0.0570602416992187 0.070648193359375 -0.6448974609375 -0.7313232421875
0.029693603515625 0.0163440704345703 -0.78704833984375 0.156005859375
-0.00653314590454101 0.00508213043212891 -0.2366943359375 0.5870361328125
-0.0062713623046875 -0.0136508941650391 0.18133544921875 0.44061279296875
-0.0204505920410156 -0.0172405242919922 0.34295654296875 0.110321044921875
-0.0247726440429688 -0.0430221557617187 0.295257568359375 -0.17767333984375
0.00604248046875 -0.0412712097167969 -0.331787109375 0.08251953125
0.00260114669799805 0.00612783432006836 -0.173324584960937 -0.248703002929688
0.003753662109375 -0.0143775939941406 0.30499267578125 -0.473541259765625
-0.00953483581542969 0.00777530670166016 0.78143310546875 -0.15472412109375
-0.0401344299316406 0.0382766723632813 0.600830078125 0.6904296875
-0.0378456115722656 0.0592460632324219 -0.1146240234375 0.9678955078125
-0.0595855712890625 0.126762390136719 -0.309417724609375 0.446868896484375
-0.048309326171875 0.096923828125 0.177490234375 -0.178634643554688
0.00953674316406249 0.0877227783203125 -0.02630615234375 -0.83258056640625
0.0350532531738281 0.0235748291015625 -0.7376708984375 -0.6134033203125
0.00915050506591797 0.00681114196777344 -0.72650146484375 0.2794189453125
-0.0102157592773438 0.0094757080078125 -0.12255859375 0.60260009765625
-0.00620412826538086 -0.00589752197265625 0.257415771484375 0.4007568359375
-0.0165195465087891 -0.00480365753173828 0.361175537109375 0.07452392578125
-0.0135116577148438 -0.0296726226806641 0.288970947265625 -0.193572998046875
0.0186805725097656 -0.0250816345214844 -0.327301025390625 0.078399658203125
0.009063720703125 0.0185089111328125 -0.141998291015625 -0.255569458007812
0.00250530242919922 -0.00121402740478516 0.3548583984375 -0.453216552734375
-0.0215263366699219 0.000583648681640623 0.80419921875 -0.076904296875
-0.0494575500488281 -0.00427627563476563 0.5372314453125 0.7615966796875
-0.0108013153076172 -0.0196571350097656 -0.2115478515625 0.95806884765625
0.0115394592285156 0.0392189025878906 -0.330474853515625 0.405548095703125
0.0243663787841797 0.0150661468505859 0.185440063476562 -0.21044921875
0.0139284133911133 -0.000718116760253906 -0.0798339843750001 -0.83563232421875
0.000570297241210935 -0.0206031799316406 -0.77764892578125 -0.54302978515625
-0.0112695693969727 0.00573825836181641 -0.68603515625 0.33941650390625
-0.00670623779296875 0.0159511566162109 -0.0593872070312499 0.60150146484375
0.00237631797790527 0.00080108642578125 0.291900634765625 0.377166748046875
-0.00554943084716797 0.00751876831054687 0.3756103515625 0.054290771484375
-0.00391960144042969 -0.0138740539550781 0.288482666015625 -0.202606201171875
0.0279884338378906 -0.0103168487548828 -0.32635498046875 0.081939697265625
0.0175247192382813 0.0266170501708984 -0.140365600585938 -0.252822875976563
0.00317668914794922 0.00867986679077148 0.349456787109375 -0.455474853515625
-0.0298080444335938 -0.00501823425292969 0.79974365234375 -0.0802001953125
-0.0565567016601563 -0.0439071655273438 0.54058837890625 0.75933837890625
0.022735595703125 -0.105064392089844 -0.20770263671875 0.95941162109375
0.09332275390625 -0.052520751953125 -0.33831787109375 0.4117431640625
0.100433349609375 -0.07183837890625 0.175582885742187 -0.200057983398437
0.0179061889648438 -0.089691162109375 -0.0755615234375 -0.8270263671875
-0.0313835144042969 -0.0623130798339844 -0.77484130859375 -0.54022216796875
-0.0310077667236328 0.00196266174316406 -0.6851806640625 0.34014892578125
-0.00327682495117188 0.020263671875 -0.06201171875 0.60296630859375
0.00886154174804688 0.00878238677978516 0.29302978515625 0.384429931640625
0.00521373748779297 0.0161762237548828 0.379364013671875 0.055755615234375
0.010711669921875 0.00424575805664063 0.29052734375 -0.202484130859375
0.0368537902832031 0.00304412841796875 -0.32568359375 0.09124755859375
0.0262775421142578 0.0307350158691406 -0.16259765625 -0.240493774414062
0.0102415084838867 0.0118179321289063 0.296112060546875 -0.47564697265625
-0.0310115814208984 -0.00367355346679688 0.76953125 -0.15716552734375
-0.0652961730957031 -0.0644264221191406 0.61553955078125 0.678955078125
0.0294189453125 -0.17730712890625 -0.0993652343750001 0.961181640625
0.148605346679688 -0.14410400390625 -0.32916259765625 0.46710205078125
0.169525146484375 -0.150802612304688 0.142364501953125 -0.153152465820312
0.0313568115234375 -0.172271728515625 -0.02655029296875 -0.806396484375
-0.0559158325195313 -0.105888366699219 -0.72772216796875 -0.6075439453125
-0.0480422973632813 -0.00386047363281249 -0.73065185546875 0.27764892578125
-0.00117683410644531 0.0251293182373047 -0.12249755859375 0.608154296875
0.0162162780761719 0.0139312744140625 0.25634765625 0.414825439453125
0.0140743255615234 0.023101806640625 0.379364013671875 0.080810546875
0.0253620147705078 0.0187301635742188 0.301361083984375 -0.189117431640625
0.0458106994628906 0.0144081115722656 -0.326507568359375 0.102813720703125
0.0347328186035156 0.0309486389160156 -0.205154418945313 -0.217666625976563
0.0186386108398438 0.0159187316894531 0.198516845703125 -0.497283935546875
-0.0238456726074219 0.00350570678710937 0.70172119140625 -0.28289794921875
-0.0774917602539063 -0.0622482299804688 0.715087890625 0.52056884765625
0.00183105468749999 -0.214248657226563 0.08538818359375 0.94720458984375
0.158767700195312 -0.214874267578125 -0.290496826171875 0.556854248046875
0.218887329101563 -0.21051025390625 0.0929641723632813 -0.0735855102539063
0.05938720703125 -0.236053466796875 0.0631103515625001 -0.76824951171875
-0.059051513671875 -0.154098510742188 -0.627197265625 -0.72021484375
-0.0610237121582031 -0.0197830200195313 -0.78948974609375 0.14984130859375
-0.00710296630859375 0.0251083374023438 -0.24200439453125 0.59521484375
0.0201072692871094 0.0149669647216797 0.175933837890625 0.459136962890625
0.02276611328125 0.0253124237060547 0.3656005859375 0.122528076171875
0.0352249145507812 0.0284156799316406 0.312164306640625 -0.1697998046875
-0.0209197998046875 -0.0667915344238281 -0.329986572265625 0.132568359375
-0.0188961029052734 -0.0239028930664063 -0.331451416015625 -0.152801513671875
0.000354766845703126 -0.0448837280273438 -0.05023193359375 -0.482269287109375
0.0268669128417969 -0.00593185424804687 0.451507568359375 -0.53216552734375
0.0297088623046875 0.0730133056640625 0.8045654296875 0.11676025390625
0.01177978515625 0.146926879882813 0.4888916015625 0.791015625
-0.0453033447265625 0.237655639648438 -0.0894775390625 0.70355224609375
-0.145248413085938 0.213104248046875 0.033782958984375 0.08563232421875
-0.071563720703125 0.237258911132813 0.28936767578125 -0.646728515625
0.0442047119140625 0.145950317382813 -0.27618408203125 -0.96807861328125
0.049285888671875 0.0565452575683594 -0.8408203125 -0.24981689453125
0.0119476318359375 0.00501251220703125 -0.53460693359375 0.456756591796875
0.00381278991699219 -0.0240898132324219 -0.042266845703125 0.495574951171875
-0.0158615112304688 -0.0357017517089844 0.274642944335938 0.2008056640625
-0.0253753662109375 -0.0524826049804687 0.305023193359375 -0.1396484375
-0.01593017578125 -0.06494140625 -0.33563232421875 0.114288330078125
-0.0122909545898438 -0.0173559188842773 -0.281768798828125 -0.194488525390625
0.00411224365234375 -0.0368766784667969 0.07879638671875 -0.503936767578125
0.0187549591064453 0.00484275817871094 0.60406494140625 -0.42626953125
0.00933837890625001 0.0805740356445313 0.782470703125 0.334716796875
-0.0170745849609375 0.149215698242188 0.2900390625 0.89892578125
-0.079559326171875 0.238510131835938 -0.187255859375 0.62213134765625
-0.138458251953125 0.206146240234375 0.0920867919921875 -0.0204238891601562
-0.0374908447265625 0.219497680664062 0.1778564453125 -0.7442626953125
0.0607681274414063 0.114776611328125 -0.49859619140625 -0.8587646484375
0.0457878112792969 0.0336494445800781 -0.83734130859375 -0.0245361328125
0.000720500946044922 0.00219821929931641 -0.37884521484375 0.54986572265625
-0.00538253784179687 -0.0209369659423828 0.084564208984375 0.476593017578125
-0.0210647583007813 -0.0266647338867187 0.31561279296875 0.153533935546875
-0.0278396606445312 -0.0508880615234375 0.29864501953125 -0.16033935546875
-0.00646209716796875 -0.0540122985839844 -0.33612060546875 0.0981750488281249
-0.00746488571166992 -0.00550222396850586 -0.225967407226563 -0.227279663085938
0.00453948974609375 -0.0249519348144531 0.2034912109375 -0.49847412109375
0.00637722015380859 0.009124755859375 0.718017578125 -0.29351806640625
-0.0172958374023437 0.071746826171875 0.70947265625 0.53515625
-0.03692626953125 0.123870849609375 0.0736083984375 0.95849609375
-0.089996337890625 0.197067260742188 -0.25860595703125 0.530517578125
-0.10211181640625 0.164962768554687 0.142379760742188 -0.113815307617188
-0.00698852539062501 0.16552734375 0.0588378906250001 -0.80517578125
0.0579757690429688 0.0717697143554688 -0.6549072265625 -0.725830078125
0.0298938751220703 0.0145435333251953 -0.78753662109375 0.16387939453125
-0.00757360458374024 0.00475168228149414 -0.2279052734375 0.59161376953125
-0.00800228118896484 -0.0123004913330078 0.18731689453125 0.4375
-0.0207366943359375 -0.0151996612548828 0.34393310546875 0.105010986328125
-0.0241661071777344 -0.0419578552246094 0.292266845703125 -0.182373046875
0.00641250610351562 -0.0417098999023437 -0.33203125 0.0898437499999999
0.00196981430053711 0.0070652961730957 -0.17596435546875 -0.2462158203125
0.00312232971191406 -0.0117511749267578 0.298736572265625 -0.478668212890625
-0.00937557220458984 0.00719070434570313 0.78216552734375 -0.16314697265625
-0.0392684936523437 0.0397377014160156 0.611083984375 0.6826171875
-0.0366020202636719 0.061279296875 -0.1025390625 0.9708251953125
-0.05694580078125 0.127250671386719 -0.3026123046875 0.45318603515625
-0.0464935302734375 0.0992431640625 0.174835205078125 -0.1800537109375
0.00955963134765624 0.088470458984375 -0.0367431640625 -0.83074951171875
0.0352592468261719 0.0218925476074219 -0.747314453125 -0.603515625
0.00811386108398438 0.0073094367980957 -0.7227783203125 0.28680419921875
-0.00885677337646485 0.00966167449951172 -0.11395263671875 0.60382080078125
-0.00422430038452148 -0.0051579475402832 0.2618408203125 0.39862060546875
-0.0170755386352539 -0.00454330444335938 0.36376953125 0.06890869140625
-0.0159282684326172 -0.0284290313720703 0.288330078125 -0.19879150390625
0.0182819366455078 -0.0267753601074219 -0.328857421875 0.083709716796875
0.00850868225097656 0.0187129974365234 -0.145416259765625 -0.25201416015625
0.0035703182220459 -0.00284481048583984 0.347198486328125 -0.461395263671875
-0.0232124328613281 0.00101852416992188 0.80267333984375 -0.08978271484375
-0.050140380859375 -0.0023651123046875 0.54559326171875 0.75628662109375
-0.00826454162597656 -0.0204219818115234 -0.20196533203125 0.9638671875
0.0139999389648438 0.0395088195800781 -0.325439453125 0.41204833984375
0.0242252349853516 0.0153846740722656 0.185592651367188 -0.212127685546875
0.0134401321411133 -0.000627517700195312 -0.08685302734375 -0.835693359375
0.000865936279296873 -0.0196762084960938 -0.787841796875 -0.53302001953125
-0.0112810134887695 0.00363445281982422 -0.68310546875 0.3482666015625
-0.00647449493408203 0.0166301727294922 -0.05084228515625 0.6043701171875
0.00146830081939697 0.00190961360931396 0.299346923828125 0.377471923828125
-0.00544834136962891 0.00671482086181641 0.376251220703125 0.04937744140625
-0.00284290313720703 -0.0132036209106445 0.28607177734375 -0.207305908203125
0.0286598205566406 -0.0104503631591797 -0.324920654296875 0.087158203125
0.0194358825683594 0.0276374816894531 -0.141098022460938 -0.249664306640625
0.00448942184448242 0.006988525390625 0.344451904296875 -0.463134765625
-0.0319652557373047 -0.00618934631347656 0.798095703125 -0.0897216796875
-0.0558128356933594 -0.0416221618652344 0.55078125 0.7547607421875
0.0201034545898437 -0.104934692382813 -0.20013427734375 0.96331787109375
0.0908203125 -0.055328369140625 -0.333404541015625 0.41766357421875
0.100425720214844 -0.0725021362304688 0.1734619140625 -0.201065063476563
0.0165481567382813 -0.0903854370117187 -0.08587646484375 -0.82763671875
-0.032745361328125 -0.0624504089355469 -0.78643798828125 -0.53021240234375
-0.0314121246337891 0.00291061401367187 -0.683837890625 0.349609375
-0.00368881225585937 0.0227279663085937 -0.0529785156250001 0.604736328125
0.00907516479492188 0.00940227508544922 0.298004150390625 0.38201904296875
0.00492000579833984 0.0170831680297852 0.382354736328125 0.0506591796875
0.0107107162475586 0.00509071350097656 0.290313720703125 -0.206756591796875
0.0378913879394531 0.00283432006835938 -0.3251953125 0.096160888671875
0.0283393859863281 0.0310611724853516 -0.165084838867188 -0.238555908203125
0.00870990753173828 0.0122966766357422 0.29058837890625 -0.48077392578125
-0.0318031311035156 -0.00300979614257813 0.76812744140625 -0.16619873046875
-0.066986083984375 -0.0639686584472656 0.62762451171875 0.66845703125
0.0265960693359375 -0.177536010742188 -0.0900878906250001 0.9659423828125
0.148452758789063 -0.147430419921875 -0.323089599609375 0.473602294921875
0.167587280273438 -0.1529541015625 0.141998291015625 -0.154739379882813
0.0286102294921875 -0.172195434570313 -0.0343017578124999 -0.80767822265625
-0.0570526123046875 -0.1077880859375 -0.737548828125 -0.59625244140625
-0.0491294860839844 -0.00296783447265625 -0.72833251953125 0.28851318359375
-0.00191307067871094 0.0261592864990234 -0.114990234375 0.6092529296875
0.0151968002319336 0.0124330520629883 0.2608642578125 0.412200927734375
0.0153236389160156 0.0233383178710937 0.3824462890625 0.075958251953125
0.0259304046630859 0.017303466796875 0.29888916015625 -0.194091796875
0.0476531982421875 0.0132865905761719 -0.3240966796875 0.109466552734375
0.0366973876953125 0.0293693542480469 -0.2100830078125 -0.216354370117188
0.0176181793212891 0.0153217315673828 0.1917724609375 -0.50128173828125
-0.0259475708007813 0.00425338745117188 0.697509765625 -0.29327392578125
-0.0784072875976563 -0.0596466064453125 0.72344970703125 0.510986328125
-0.00180053710937498 -0.21490478515625 0.09600830078125 0.9466552734375
0.15655517578125 -0.217086791992188 -0.283050537109375 0.56219482421875
0.21710205078125 -0.211761474609375 0.0936660766601563 -0.0731201171875
0.0550994873046875 -0.2369384765625 0.05419921875 -0.76873779296875
-0.06195068359375 -0.154281616210938 -0.63702392578125 -0.713623046875
-0.0617904663085937 -0.0197944641113281 -0.79150390625 0.15985107421875
-0.00506210327148437 0.0259323120117188 -0.235595703125 0.5968017578125
0.0214805603027344 0.0149269104003906 0.183441162109375 0.456939697265625
0.0232715606689453 0.0235214233398438 0.3697509765625 0.11846923828125
0.0336666107177734 0.0266532897949219 0.31005859375 -0.17572021484375
-0.0233879089355469 -0.0659217834472656 -0.329376220703125 0.1373291015625
-0.0198612213134766 -0.0250892639160156 -0.333465576171875 -0.145263671875
0.00054168701171875 -0.0446205139160156 -0.0572509765625 -0.481292724609375
0.0249385833740234 -0.00482177734375 0.441162109375 -0.538848876953125
0.0305328369140625 0.07379150390625 0.80682373046875 0.10601806640625
0.01361083984375 0.147079467773437 0.499755859375 0.78680419921875
-0.041778564453125 0.238296508789063 -0.0795288085937501 0.70556640625
-0.142074584960937 0.21417236328125 0.0356674194335937 0.083343505859375
-0.0667266845703125 0.237548828125 0.28125 -0.64984130859375
0.04559326171875 0.145217895507813 -0.28948974609375 -0.96337890625
0.0479774475097656 0.0562515258789062 -0.84271240234375 -0.23883056640625
0.00976181030273438 0.00488185882568359 -0.526275634765625 0.46435546875
0.0035247802734375 -0.0239791870117187 -0.03546142578125 0.495697021484375
-0.0151786804199219 -0.0363311767578125 0.277755737304687 0.197036743164062
-0.0280113220214844 -0.0524177551269531 0.301300048828125 -0.14300537109375
-0.0169906616210938 -0.0629234313964844 -0.33453369140625 0.120086669921875
-0.0145673751831055 -0.016749382019043 -0.28387451171875 -0.191070556640625
0.00271987915039063 -0.0380668640136719 0.072601318359375 -0.50445556640625
0.0181655883789063 0.00354957580566406 0.59783935546875 -0.43585205078125
0.00996398925781251 0.0815048217773438 0.78826904296875 0.3216552734375
-0.0132904052734375 0.151992797851562 0.3035888671875 0.89508056640625
-0.0766448974609375 0.238525390625 -0.17791748046875 0.62420654296875
-0.136199951171875 0.207778930664062 0.0922775268554687 -0.021942138671875
-0.031585693359375 0.220932006835938 0.1695556640625 -0.7449951171875
0.0637130737304688 0.113883972167969 -0.507080078125 -0.85235595703125
0.0453872680664063 0.0334014892578125 -0.83807373046875 -0.0128173828125001
0.000369071960449219 0.0034639835357666 -0.371826171875 0.5526123046875
-0.00436210632324219 -0.0197429656982422 0.088775634765625 0.472625732421875
-0.02301025390625 -0.0254631042480469 0.315673828125 0.147247314453125
-0.0290641784667969 -0.0493736267089844 0.29638671875 -0.1666259765625
-0.0062713623046875 -0.0549736022949219 -0.332244873046875 0.10430908203125
-0.00594139099121094 -0.00375509262084961 -0.2301025390625 -0.224014282226562
0.00289726257324219 -0.0243759155273438 0.19537353515625 -0.5028076171875
0.00608539581298828 0.00926017761230469 0.7135009765625 -0.3017578125
-0.0168533325195312 0.07208251953125 0.7178955078125 0.524658203125
-0.0356903076171875 0.124320983886719 0.0880737304687499 0.95806884765625
-0.085418701171875 0.1995849609375 -0.24981689453125 0.5347900390625
-0.101806640625 0.167282104492188 0.141387939453125 -0.115066528320313
-0.003265380859375 0.164276123046875 0.0485839843750001 -0.8040771484375
0.05828857421875 0.0691184997558594 -0.66497802734375 -0.7156982421875
0.0301418304443359 0.0147342681884766 -0.78363037109375 0.17559814453125
-0.00802803039550781 0.00470972061157227 -0.2215576171875 0.5960693359375
-0.00787830352783203 -0.0128011703491211 0.1953125 0.43389892578125
-0.0216312408447266 -0.0152339935302734 0.3458251953125 0.1009521484375
-0.0264244079589844 -0.0406913757324219 0.289337158203125 -0.18597412109375
0.00628280639648437 -0.0420913696289062 -0.330535888671875 0.0956420898437499
0.00228977203369141 0.00683307647705078 -0.179183959960938 -0.2425537109375
0.00471019744873047 -0.013422966003418 0.291168212890625 -0.482818603515625
-0.00987434387207031 0.00857925415039062 0.77667236328125 -0.1761474609375
-0.0383033752441406 0.0413589477539063 0.62237548828125 0.67510986328125
-0.0363197326660156 0.0611419677734375 -0.0908203125 0.971923828125
-0.0545120239257813 0.128662109375 -0.297332763671875 0.45623779296875
-0.047119140625 0.0994796752929688 0.17236328125 -0.180984497070313
0.0101089477539063 0.0882034301757813 -0.04656982421875 -0.829345703125
0.0360679626464844 0.0224838256835938 -0.75604248046875 -0.5938720703125
0.00983047485351563 0.00549030303955078 -0.71875 0.2974853515625
-0.00880050659179688 0.0105352401733398 -0.10321044921875 0.605712890625
-0.00657892227172851 -0.0042424201965332 0.2662353515625 0.394500732421875
-0.0152196884155273 -0.00442314147949219 0.36474609375 0.06365966796875
-0.0168132781982422 -0.0287513732910156 0.283905029296875 -0.20245361328125
0.0169239044189453 -0.0250148773193359 -0.3272705078125 0.090911865234375
0.0104255676269531 0.0188636779785156 -0.1485595703125 -0.25225830078125
0.00199615955352783 -0.00190210342407227 0.340667724609375 -0.466217041015625
-0.0224208831787109 3.62396240234331E-05 0.80047607421875 -0.10015869140625
-0.0502662658691406 -0.00329208374023438 0.55535888671875 0.74774169921875
-0.00856781005859375 -0.0202178955078125 -0.192138671875 0.965087890625
0.0147933959960938 0.0399932861328125 -0.319305419921875 0.41583251953125
0.0248317718505859 0.0145416259765625 0.184432983398437 -0.213104248046875
0.0154228210449219 -0.000593185424804687 -0.0986328125 -0.831787109375
0.000766754150390627 -0.0210800170898438 -0.79266357421875 -0.52166748046875
-0.0108747482299805 0.0047607421875 -0.67889404296875 0.35858154296875
-0.00618076324462891 0.0154533386230469 -0.04248046875 0.605224609375
0.00233101844787598 0.00198793411254883 0.30303955078125 0.3721923828125
-0.00575399398803711 0.00670719146728516 0.37677001953125 0.043914794921875
-0.00339508056640625 -0.0132122039794922 0.28424072265625 -0.21087646484375
0.0287456512451172 -0.00943756103515625 -0.32421875 0.093170166015625
0.0201454162597656 0.026519775390625 -0.1434326171875 -0.248519897460938
0.00382852554321289 0.00676965713500977 0.33831787109375 -0.466949462890625
-0.0297126770019531 -0.00221824645996094 0.79656982421875 -0.1019287109375
-0.0556678771972656 -0.0401954650878906 0.56134033203125 0.74505615234375
0.02197265625 -0.107040405273438 -0.18536376953125 0.9630126953125
0.0933990478515625 -0.0554962158203125 -0.32818603515625 0.421844482421875
0.0974655151367188 -0.0754165649414063 0.172454833984375 -0.204498291015625
0.014190673828125 -0.0901031494140625 -0.09735107421875 -0.82525634765625
-0.0328788757324219 -0.0606231689453125 -0.79071044921875 -0.52099609375
-0.0305194854736328 0.00240707397460937 -0.67791748046875 0.356201171875
-0.00224113464355469 0.0214576721191406 -0.04425048828125 0.60650634765625
0.00945568084716797 0.00874519348144531 0.30377197265625 0.37847900390625
0.00569725036621094 0.0154972076416016 0.381103515625 0.04730224609375
0.0122041702270508 0.00265884399414062 0.287445068359375 -0.210784912109375
0.0396766662597656 0.00305557250976563 -0.323760986328125 0.102081298828125
0.0290031433105469 0.0319728851318359 -0.166488647460937 -0.236251831054688
0.00849437713623047 0.0134506225585938 0.28204345703125 -0.48614501953125
-0.0318336486816406 -0.00203132629394532 0.7640380859375 -0.1763916015625
-0.0676994323730469 -0.0634002685546875 0.63507080078125 0.66265869140625
0.0253143310546875 -0.17828369140625 -0.0775146484375001 0.968017578125
0.147018432617188 -0.148117065429688 -0.31817626953125 0.476470947265625
0.165176391601563 -0.153961181640625 0.139984130859375 -0.155548095703125
0.0248870849609375 -0.172775268554688 -0.04608154296875 -0.80657958984375
-0.0594863891601562 -0.106346130371094 -0.74530029296875 -0.58544921875
-0.048736572265625 -0.00318145751953125 -0.722412109375 0.29833984375
-0.00311851501464844 0.0242633819580078 -0.10650634765625 0.61175537109375
0.0161752700805664 0.0141849517822266 0.267181396484375 0.410308837890625
0.0155315399169922 0.0229339599609375 0.383331298828125 0.07012939453125
0.0249404907226563 0.0180034637451172 0.29803466796875 -0.198028564453125
0.0478515625 0.0124855041503906 -0.32415771484375 0.1156005859375
0.0361480712890625 0.0308685302734375 -0.211395263671875 -0.213668823242187
0.0174884796142578 0.0151739120483398 0.18438720703125 -0.505706787109375
-0.0253505706787109 0.0060272216796875 0.6903076171875 -0.3033447265625
-0.0794219970703125 -0.0575027465820313 0.7296142578125 0.50213623046875
-0.00376892089843751 -0.214920043945313 0.106689453125 0.94488525390625
0.1536865234375 -0.219558715820313 -0.27410888671875 0.56500244140625
0.213150024414062 -0.215667724609375 0.09344482421875 -0.0726547241210938
0.052459716796875 -0.237716674804687 0.04559326171875 -0.76788330078125
-0.0636749267578125 -0.15203857421875 -0.6490478515625 -0.70294189453125
-0.0628662109375 -0.0184707641601563 -0.78948974609375 0.16900634765625
-0.00575065612792969 0.0254592895507813 -0.2271728515625 0.59979248046875
0.0213985443115234 0.0148487091064453 0.1900634765625 0.455291748046875
0.0222511291503906 0.0253791809082031 0.371795654296875 0.1121826171875
0.0366744995117188 0.0285530090332031 0.308563232421875 -0.180023193359375
-0.0248641967773437 -0.0668601989746094 -0.326416015625 0.142364501953125
-0.0193271636962891 -0.0230560302734375 -0.335052490234375 -0.138519287109375
-0.00107955932617188 -0.0453987121582031 -0.06365966796875 -0.48077392578125
0.0246257781982422 -0.00589561462402344 0.432647705078125 -0.542022705078125
0.0323944091796875 0.0734024047851562 0.80828857421875 0.0926513671875
0.0164947509765625 0.147415161132813 0.5096435546875 0.77618408203125
-0.0390777587890625 0.239212036132812 -0.0712280273437499 0.70648193359375
-0.141082763671875 0.2132568359375 0.0377197265625 0.0827865600585938
-0.0625152587890625 0.237701416015625 0.27398681640625 -0.65008544921875
0.045623779296875 0.14654541015625 -0.3016357421875 -0.957275390625
0.0510673522949219 0.0563545227050781 -0.84283447265625 -0.2296142578125
0.00976181030273438 0.00671768188476563 -0.518157958984375 0.46832275390625
0.00054740905761719 -0.0238704681396484 -0.029022216796875 0.493255615234375
-0.0174789428710937 -0.0354766845703125 0.28240966796875 0.192535400390625
-0.0283393859863281 -0.0521392822265625 0.300018310546875 -0.1483154296875
-0.0142631530761719 -0.0632476806640625 -0.33221435546875 0.1263427734375
-0.0128383636474609 -0.0160369873046875 -0.285400390625 -0.185272216796875
0.00121307373046875 -0.034576416015625 0.06500244140625 -0.50531005859375
0.0176868438720703 0.00311470031738281 0.58697509765625 -0.442626953125
0.0133819580078125 0.0821456909179688 0.794189453125 0.30914306640625
-0.00886535644531249 0.152053833007813 0.31329345703125 0.8927001953125
-0.0706939697265625 0.24017333984375 -0.171875 0.6253662109375
-0.132369995117187 0.208358764648438 0.0943222045898438 -0.0203704833984375
-0.0310211181640625 0.22015380859375 0.15875244140625 -0.745849609375
0.0644683837890625 0.112930297851562 -0.51702880859375 -0.84564208984375
0.0467300415039063 0.0316123962402344 -0.83782958984375 -0.00036621093750004
0.000467300415039063 0.00370097160339356 -0.362457275390625 0.556427001953125
-0.00555706024169922 -0.0159587860107422 0.0946044921875 0.470489501953125
-0.0235729217529297 -0.0269432067871094 0.31768798828125 0.143157958984375
-0.0313491821289062 -0.0501785278320313 0.293365478515625 -0.169403076171875
-0.00770187377929688 -0.0552291870117187 -0.330841064453125 0.11114501953125
-0.00626230239868164 -0.00470495223999023 -0.229339599609375 -0.217941284179688
0.00253105163574219 -0.0252876281738281 0.18914794921875 -0.504730224609375
0.0057520866394043 0.00724315643310547 0.70831298828125 -0.3131103515625
-0.0142059326171875 0.0730438232421875 0.72216796875 0.5133056640625
-0.0336456298828125 0.125381469726563 0.100830078125 0.9521484375
-0.08245849609375 0.200302124023438 -0.243621826171875 0.534637451171875
-0.1005859375 0.168121337890625 0.140625 -0.114578247070312
-0.00236511230468751 0.163864135742187 0.03668212890625 -0.802001953125
0.0576515197753906 0.0670623779296875 -0.671630859375 -0.70550537109375
0.0295467376708984 0.014678955078125 -0.78326416015625 0.18121337890625
-0.00868654251098633 0.00502490997314453 -0.21282958984375 0.59637451171875
-0.00739479064941406 -0.0114107131958008 0.201324462890625 0.431243896484375
-0.0234203338623047 -0.0169925689697266 0.347137451171875 0.096160888671875
-0.0269889831542969 -0.0402450561523438 0.2872314453125 -0.19171142578125
0.00318145751953125 -0.0426216125488281 -0.32818603515625 0.0993652343749999
0.00134801864624023 0.00777196884155273 -0.181198120117187 -0.238861083984375
0.00264549255371094 -0.0116386413574219 0.284454345703125 -0.48577880859375
-0.0119056701660156 0.007781982421875 0.77374267578125 -0.18487548828125
-0.0363922119140625 0.0401229858398437 0.62774658203125 0.66326904296875
-0.0346488952636719 0.0622901916503906 -0.0785522460937499 0.9698486328125
-0.0523834228515625 0.129226684570313 -0.28900146484375 0.45916748046875
-0.0443649291992188 0.0995254516601562 0.171173095703125 -0.181838989257813
0.0122756958007813 0.0887451171875 -0.05670166015625 -0.82757568359375
0.0369300842285156 0.0213394165039063 -0.761962890625 -0.58123779296875
0.00951004028320313 0.005706787109375 -0.71478271484375 0.30413818359375
-0.00936603546142578 0.0121145248413086 -0.097900390625 0.6083984375
-0.00448894500732422 -0.00395679473876953 0.273040771484375 0.3892822265625
-0.0166110992431641 -0.00386714935302734 0.36480712890625 0.05816650390625
-0.0165691375732422 -0.0279006958007812 0.28143310546875 -0.206085205078125
0.0176048278808594 -0.0251655578613281 -0.32305908203125 0.097412109375
0.0119266510009766 0.0196342468261719 -0.15045166015625 -0.247756958007812
0.00227665901184082 -0.000994443893432617 0.3336181640625 -0.4697265625
-0.02349853515625 0.00165557861328125 0.7974853515625 -0.111328125
-0.0507431030273438 -0.00103759765625001 0.564697265625 0.739501953125
-0.00955581665039062 -0.0182380676269531 -0.17803955078125 0.965087890625
0.01519775390625 0.0388526916503906 -0.31329345703125 0.41839599609375
0.0232524871826172 0.0139026641845703 0.180709838867188 -0.216339111328125
0.0144748687744141 0.000225067138671875 -0.1065673828125 -0.829833984375
-0.000917434692382813 -0.0194225311279297 -0.798828125 -0.51123046875
-0.0110769271850586 0.00298118591308594 -0.672607421875 0.3668212890625
-0.00526905059814453 0.0161828994750977 -0.03509521484375 0.60406494140625
0.00302457809448242 0.00217366218566895 0.306671142578125 0.366546630859375
-0.00636148452758789 0.00796842575073242 0.3775634765625 0.039825439453125
-0.00129985809326172 -0.0127534866333008 0.27764892578125 -0.216232299804688
0.0285682678222656 -0.0119514465332031 -0.321533203125 0.09820556640625
0.0199012756347656 0.0265712738037109 -0.1439208984375 -0.2459716796875
0.00050210952758789 0.00736141204833984 0.328399658203125 -0.472991943359375
-0.0301265716552734 -0.00317192077636719 0.78961181640625 -0.1102294921875
-0.0579032897949219 -0.0406684875488281 0.5677490234375 0.73541259765625
0.0205230712890625 -0.105415344238281 -0.17425537109375 0.966064453125
0.0927886962890625 -0.0569076538085938 -0.323638916015625 0.4261474609375
0.0970230102539062 -0.0741348266601562 0.169052124023437 -0.202194213867188
0.0142822265625 -0.0909347534179688 -0.10546875 -0.82183837890625
-0.0353927612304688 -0.0603904724121094 -0.79638671875 -0.5091552734375
-0.0324020385742188 0.00321006774902344 -0.67236328125 0.36639404296875
-0.00408935546875 0.020721435546875 -0.03448486328125 0.6070556640625
0.00984954833984375 0.00918102264404297 0.308868408203125 0.371551513671875
0.00679206848144531 0.0182647705078125 0.38214111328125 0.0386962890625
0.0128116607666016 0.00473976135253906 0.282623291015625 -0.214752197265625
0.0416030883789062 0.001556396484375 -0.321502685546875 0.107696533203125
0.0314884185791016 0.0305614471435547 -0.170379638671875 -0.232574462890625
0.0105600357055664 0.0143566131591797 0.272857666015625 -0.48883056640625
-0.0317916870117188 -0.00104522705078125 0.759521484375 -0.18731689453125
-0.0689697265625 -0.0614814758300781 0.6429443359375 0.65191650390625
0.023834228515625 -0.178558349609375 -0.0670166015625001 0.96673583984375
0.143951416015625 -0.149124145507813 -0.30889892578125 0.479339599609375
0.161956787109375 -0.155426025390625 0.138656616210938 -0.156814575195313
0.021942138671875 -0.173004150390625 -0.054931640625 -0.80401611328125
-0.060028076171875 -0.104522705078125 -0.75152587890625 -0.57537841796875
-0.050048828125 -0.00135421752929688 -0.718017578125 0.3070068359375
-0.00245857238769531 0.0253276824951172 -0.09515380859375 0.610107421875
0.0155315399169922 0.0150651931762695 0.272491455078125 0.4051513671875
0.0165500640869141 0.0216941833496094 0.3846435546875 0.063934326171875
0.0266208648681641 0.0166854858398438 0.293487548828125 -0.201446533203125
0.0487442016601563 0.0131683349609375 -0.319671630859375 0.120330810546875
0.0389556884765625 0.0286674499511719 -0.2127685546875 -0.209213256835938
0.0181350708007813 0.0155563354492188 0.175506591796875 -0.50811767578125
-0.0240974426269531 0.00385093688964843 0.68572998046875 -0.31182861328125
-0.0780258178710938 -0.0570602416992187 0.73699951171875 0.49029541015625
-0.0053863525390625 -0.215133666992187 0.12353515625 0.9417724609375
0.152755737304688 -0.22113037109375 -0.2672119140625 0.56927490234375
0.211044311523438 -0.21881103515625 0.0921249389648438 -0.0724334716796875
0.0488128662109375 -0.2369384765625 0.03497314453125 -0.764404296875
-0.06689453125 -0.15093994140625 -0.65447998046875 -0.69464111328125
-0.0625534057617188 -0.0193710327148438 -0.78466796875 0.17645263671875
-0.00631523132324219 0.0243511199951172 -0.21875 0.6025390625
0.0235061645507812 0.0148353576660156 0.196258544921875 0.452606201171875
0.0240917205810547 0.0261459350585938 0.373077392578125 0.1070556640625
0.0369682312011719 0.0279884338378906 0.3043212890625 -0.18267822265625
-0.024658203125 -0.0649147033691406 -0.322540283203125 0.146240234375
-0.020050048828125 -0.0198974609375 -0.331878662109375 -0.136077880859375
-0.000728607177734379 -0.0433769226074219 -0.06683349609375 -0.478118896484375
0.0243206024169922 -0.00705528259277344 0.423309326171875 -0.5479736328125
0.0336685180664063 0.0721893310546875 0.80670166015625 0.082763671875
0.0203399658203125 0.147674560546875 0.51947021484375 0.7708740234375
-0.0372161865234375 0.240020751953125 -0.0596923828125001 0.702880859375
-0.139266967773438 0.213485717773438 0.040557861328125 0.08489990234375
-0.061187744140625 0.237167358398438 0.26495361328125 -0.6505126953125
0.0500946044921875 0.142044067382813 -0.312255859375 -0.95001220703125
0.0509834289550781 0.0549697875976563 -0.843017578125 -0.2177734375
0.0109176635742188 0.00539588928222656 -0.5130615234375 0.474517822265625
5.91278076171867E-05 -0.0218105316162109 -0.02410888671875 0.494171142578125
-0.0172214508056641 -0.0343723297119141 0.282196044921875 0.186614990234375
-0.0284805297851563 -0.0510940551757813 0.297210693359375 -0.150177001953125
-0.0179290771484375 -0.0651473999023438 -0.327911376953125 0.12957763671875
-0.0111942291259766 -0.0146608352661133 -0.28741455078125 -0.176513671875
0.000968933105468749 -0.035552978515625 0.056060791015625 -0.505096435546875
0.0167293548583984 0.00373077392578125 0.58050537109375 -0.45062255859375
0.0139846801757813 0.0835418701171875 0.7928466796875 0.298583984375
-0.00727844238281249 0.151702880859375 0.32342529296875 0.88494873046875
-0.066619873046875 0.236907958984375 -0.16217041015625 0.626953125
-0.130783081054688 0.208419799804688 0.0938796997070312 -0.0232925415039062
-0.0281829833984375 0.220809936523438 0.1497802734375 -0.74224853515625
0.0651626586914063 0.11053466796875 -0.52447509765625 -0.83465576171875
0.0465087890625 0.0324554443359375 -0.8343505859375 0.0089111328125001
-0.00166559219360352 0.00332403182983398 -0.35595703125 0.555450439453125
-0.00562477111816406 -0.0182476043701172 0.09954833984375 0.467376708984375
-0.0235595703125 -0.0263118743896484 0.3172607421875 0.1363525390625
-0.0320549011230469 -0.0500450134277344 0.29058837890625 -0.17529296875
-0.00649261474609375 -0.0545883178710937 -0.329986572265625 0.115875244140625
-0.00623798370361328 -0.00338363647460938 -0.232467651367188 -0.213592529296875
0.00483512878417969 -0.0240898132324219 0.179962158203125 -0.507080078125
0.00433063507080078 0.00975990295410156 0.69818115234375 -0.31951904296875
-0.0136184692382813 0.0727081298828125 0.72442626953125 0.503662109375
-0.0324554443359375 0.124435424804687 0.113525390625 0.95184326171875
-0.07891845703125 0.19903564453125 -0.23773193359375 0.53607177734375
-0.098358154296875 0.166168212890625 0.136734008789063 -0.11578369140625
-0.00106811523437499 0.164749145507813 0.0296630859375 -0.8004150390625
0.0585289001464844 0.0657882690429688 -0.67950439453125 -0.69342041015625
0.0305728912353516 0.0149917602539063 -0.7750244140625 0.19158935546875
-0.00661230087280273 0.00592565536499023 -0.2042236328125 0.5987548828125
-0.00980567932128906 -0.0118570327758789 0.20391845703125 0.425506591796875
-0.0231304168701172 -0.0187740325927734 0.346771240234375 0.090484619140625
-0.0264091491699219 -0.0393829345703125 0.282135009765625 -0.19439697265625
0.00577545166015625 -0.039886474609375 -0.32684326171875 0.1060791015625
0.00303030014038086 0.00846958160400391 -0.182464599609375 -0.236526489257812
0.00250434875488281 -0.0118331909179688 0.276885986328125 -0.490386962890625
-0.00979137420654297 0.00982189178466797 0.76788330078125 -0.19659423828125
-0.0361251831054688 0.0443038940429688 0.63482666015625 0.65484619140625
-0.0312309265136719 0.0631370544433594 -0.06878662109375 0.968505859375
-0.0517959594726562 0.129554748535156 -0.28375244140625 0.464080810546875
-0.0434646606445312 0.0986175537109375 0.167892456054688 -0.184494018554688
0.0124969482421875 0.0868606567382813 -0.0660400390625 -0.82269287109375
0.0367469787597656 0.019927978515625 -0.76727294921875 -0.57086181640625
0.0092010498046875 0.00535488128662109 -0.7081298828125 0.3116455078125
-0.00980281829833984 0.0117359161376953 -0.08880615234375 0.60369873046875
-0.00541305541992188 -0.00329732894897461 0.27520751953125 0.387542724609375
-0.0163602828979492 -0.00564384460449219 0.365875244140625 0.052734375
-0.0159530639648437 -0.0293159484863281 0.278488159179688 -0.210205078125
0.0182170867919922 -0.0270328521728516 -0.322998046875 0.103546142578125
0.0102806091308594 0.0197792053222656 -0.152374267578125 -0.243072509765625
0.00279688835144043 -0.00154709815979004 0.324737548828125 -0.475006103515625
-0.0246486663818359 0.00342941284179687 0.79144287109375 -0.119873046875
-0.0475082397460937 0.00184631347656251 0.57183837890625 0.72784423828125
-0.00967597961425782 -0.0171689987182617 -0.16729736328125 0.9617919921875
0.0182075500488281 0.0396080017089844 -0.305419921875 0.421234130859375
0.024444580078125 0.0155925750732422 0.178955078125 -0.216384887695313
0.0142221450805664 -0.00145626068115234 -0.11614990234375 -0.8245849609375
-0.000417709350585939 -0.0199623107910156 -0.7998046875 -0.50042724609375
-0.0127229690551758 0.00411605834960937 -0.66412353515625 0.37261962890625
-0.00735282897949219 0.0174694061279297 -0.0274658203125001 0.60052490234375
0.00285983085632324 0.00341892242431641 0.31219482421875 0.362396240234375
-0.00309562683105469 0.00779151916503906 0.375091552734375 0.0333251953125
-0.00327682495117187 -0.0109615325927734 0.274520874023437 -0.218505859375
0.0323429107666016 -0.0135631561279297 -0.316741943359375 0.102996826171875
0.0218753814697266 0.0255832672119141 -0.151626586914062 -0.242111206054688
0.0027623176574707 0.00764036178588867 0.320587158203125 -0.47552490234375
-0.0320205688476563 -0.00397109985351562 0.783935546875 -0.12237548828125
-0.0574951171875 -0.0373992919921875 0.5755615234375 0.7259521484375
0.0214920043945313 -0.107070922851563 -0.16302490234375 0.9605712890625
0.093963623046875 -0.05877685546875 -0.31744384765625 0.425628662109375
0.09375 -0.077789306640625 0.167556762695313 -0.203842163085938
0.012451171875 -0.089874267578125 -0.11444091796875 -0.81585693359375
-0.036773681640625 -0.0602951049804688 -0.79791259765625 -0.49615478515625
-0.028961181640625 0.00285911560058593 -0.6654052734375 0.37371826171875
-0.00441932678222656 0.0223369598388672 -0.02880859375 0.60369873046875
0.00825881958007813 0.00966072082519531 0.310791015625 0.366546630859375
0.00649642944335937 0.0185050964355469 0.382293701171875 0.03363037109375
0.0135335922241211 0.00252532958984375 0.279373168945313 -0.217086791992188
0.04083251953125 -0.000682830810546875 -0.31427001953125 0.113494873046875
0.0304775238037109 0.0309810638427734 -0.171798706054688 -0.229110717773438
0.00908565521240234 0.0147418975830078 0.268524169921875 -0.494781494140625
-0.0328521728515625 0.000883102416992182 0.75201416015625 -0.19677734375
-0.0669708251953125 -0.0603981018066406 0.6492919921875 0.63970947265625
0.019866943359375 -0.176834106445313 -0.0517578124999999 0.963134765625
0.143218994140625 -0.150115966796875 -0.303955078125 0.480438232421875
0.158355712890625 -0.15771484375 0.138351440429688 -0.154312133789063
0.020294189453125 -0.17431640625 -0.0639648437500001 -0.79876708984375
-0.0620803833007813 -0.105766296386719 -0.75555419921875 -0.56683349609375
-0.0466880798339844 -0.00288009643554687 -0.7088623046875 0.31719970703125
-0.00314712524414062 0.0247478485107422 -0.09124755859375 0.6092529296875
0.0162267684936523 0.0128288269042969 0.276092529296875 0.40057373046875
0.0172157287597656 0.0246505737304688 0.3851318359375 0.05908203125
0.0285243988037109 0.0183734893798828 0.29058837890625 -0.205657958984375
0.0495529174804688 0.0107650756835938 -0.31939697265625 0.129852294921875
0.0396385192871094 0.0296974182128906 -0.214035034179687 -0.202316284179688
0.0199012756347656 0.0147781372070313 0.167144775390625 -0.50860595703125
-0.0256977081298828 0.00764274597167969 0.67840576171875 -0.32208251953125
-0.0807952880859375 -0.0561370849609375 0.73773193359375 0.47930908203125
-0.0058135986328125 -0.215286254882813 0.1318359375 0.94073486328125
0.148452758789063 -0.22247314453125 -0.25799560546875 0.56793212890625
0.209259033203125 -0.217178344726562 0.0905532836914063 -0.07244873046875
0.045257568359375 -0.236297607421875 0.0275878906249999 -0.76275634765625
-0.0695648193359375 -0.15118408203125 -0.6611328125 -0.683349609375
-0.0658645629882813 -0.0150375366210938 -0.7791748046875 0.18798828125
-0.00485992431640625 0.0239410400390625 -0.2093505859375 0.60369873046875
0.0220947265625 0.0155773162841797 0.202911376953125 0.446441650390625
0.0226497650146484 0.0260486602783203 0.373626708984375 0.098541259765625
0.0358543395996094 0.0234031677246094 0.302978515625 -0.186676025390625
-0.0234451293945313 -0.0650825500488281 -0.319305419921875 0.151824951171875
-0.0193214416503906 -0.0206222534179688 -0.33282470703125 -0.1278076171875
-0.00415802001953125 -0.0433349609375 -0.074615478515625 -0.477294921875
0.0228137969970703 -0.00353431701660156 0.413909912109375 -0.55108642578125
0.0358352661132812 0.0707855224609375 0.80242919921875 0.072021484375
0.02227783203125 0.146484375 0.52471923828125 0.76202392578125
-0.0325927734375 0.238571166992188 -0.05419921875 0.70306396484375
-0.13427734375 0.214691162109375 0.03948974609375 0.08319091796875
-0.0576934814453125 0.23712158203125 0.25823974609375 -0.65069580078125
0.0494842529296875 0.1417236328125 -0.3179931640625 -0.94384765625
0.0518608093261719 0.0539665222167969 -0.8416748046875 -0.2098388671875
0.0105123519897461 0.00457763671875 -0.50396728515625 0.476898193359375
0.00150299072265625 -0.0222930908203125 -0.020111083984375 0.4910888671875
-0.0193080902099609 -0.0338459014892578 0.28369140625 0.182373046875
-0.0311431884765625 -0.0504531860351562 0.294403076171875 -0.153411865234375
-0.0172042846679688 -0.0637741088867188 -0.3255615234375 0.13543701171875
-0.0136432647705078 -0.0138406753540039 -0.285400390625 -0.17181396484375
0.000720977783203122 -0.0368232727050781 0.0505065917968749 -0.5048828125
0.0164165496826172 0.00397014617919922 0.57183837890625 -0.45452880859375
0.0140838623046875 0.08123779296875 0.794189453125 0.287109375
-0.00527954101562501 0.153060913085938 0.330810546875 0.87664794921875
-0.064422607421875 0.2398681640625 -0.1522216796875 0.625244140625
-0.129074096679688 0.20697021484375 0.0931472778320313 -0.0223312377929687
-0.0259246826171875 0.220230102539063 0.1414794921875 -0.740234375
0.06396484375 0.111114501953125 -0.53076171875 -0.82598876953125
0.0469017028808594 0.0306434631347656 -0.831298828125 0.0147094726562498
0.0012507438659668 0.00443363189697266 -0.34735107421875 0.559173583984375
-0.006622314453125 -0.0190277099609375 0.10540771484375 0.464691162109375
-0.0222873687744141 -0.0253467559814453 0.31976318359375 0.133758544921875
-0.0324859619140625 -0.0476646423339844 0.2872314453125 -0.17620849609375
-0.00678634643554687 -0.054962158203125 -0.32672119140625 0.1192626953125
-0.00482749938964844 -0.00190162658691406 -0.23248291015625 -0.209640502929688
0.00201797485351562 -0.0226936340332031 0.173583984375 -0.505828857421875
0.00396347045898438 0.00965023040771485 0.692626953125 -0.32647705078125
-0.0136184692382812 0.072479248046875 0.72772216796875 0.49029541015625
-0.0282440185546875 0.12567138671875 0.12066650390625 0.94775390625
-0.0779876708984375 0.2021484375 -0.22802734375 0.538330078125
-0.0971832275390625 0.168075561523438 0.137908935546875 -0.115692138671875
0.00242614746093749 0.16424560546875 0.02410888671875 -0.7955322265625
0.06085205078125 0.0663070678710938 -0.68377685546875 -0.684814453125
0.030120849609375 0.0124626159667969 -0.77069091796875 0.20037841796875
-0.00622367858886719 0.00533342361450195 -0.196044921875 0.59747314453125
-0.00789451599121094 -0.0105342864990234 0.207763671875 0.422882080078125
-0.0225887298583984 -0.0134830474853516 0.34564208984375 0.08514404296875
-0.0279808044433594 -0.0392799377441406 0.278793334960937 -0.197418212890625
0.00557327270507813 -0.0428085327148437 -0.3221435546875 0.110321044921875
0.00316333770751953 0.0101814270019531 -0.18389892578125 -0.231826782226563
0.00183486938476563 -0.0124387741088867 0.268096923828125 -0.491455078125
-0.0109872817993164 0.00843620300292968 0.7623291015625 -0.2027587890625
-0.0355300903320312 0.0433273315429688 0.638427734375 0.64312744140625
-0.0301628112792969 0.0628280639648437 -0.05694580078125 0.96417236328125
-0.0466766357421875 0.127845764160156 -0.27630615234375 0.461761474609375
-0.0435409545898437 0.101516723632813 0.16571044921875 -0.18353271484375
0.0136337280273437 0.0852127075195313 -0.0731201171874999 -0.8194580078125
0.0359535217285156 0.0212516784667969 -0.769287109375 -0.5618896484375
0.0118684768676758 0.00423717498779297 -0.7021484375 0.3189697265625
-0.00921058654785156 0.0108194351196289 -0.0816650390625 0.60284423828125
-0.00583028793334961 -0.00365114212036133 0.2789306640625 0.37994384765625
-0.014862060546875 -0.0033559799194336 0.3651123046875 0.046905517578125
-0.0168991088867188 -0.0276870727539063 0.273406982421875 -0.212860107421875
0.0165328979492188 -0.0284042358398437 -0.319061279296875 0.1072998046875
0.0119361877441406 0.0196495056152344 -0.15521240234375 -0.241622924804687
0.0017247200012207 -0.000851035118103027 0.31878662109375 -0.476226806640625
-0.0242881774902344 0.0034637451171875 0.7869873046875 -0.12841796875
-0.0498237609863281 0.00204849243164063 0.577392578125 0.71966552734375
-0.00676727294921875 -0.0208835601806641 -0.15679931640625 0.961181640625
0.0177001953125 0.036285400390625 -0.3031005859375 0.420867919921875
0.0228500366210938 0.0150108337402344 0.175338745117187 -0.215225219726563
0.0130977630615234 -0.00192737579345703 -0.12457275390625 -0.81988525390625
-0.000144958496093752 -0.02032470703125 -0.803955078125 -0.48846435546875
-0.0116796493530273 0.00220203399658203 -0.6580810546875 0.37799072265625
-0.00679302215576172 0.0164051055908203 -0.0200805664062499 0.59869384765625
0.000792145729064941 0.00187587738037109 0.3128662109375 0.35552978515625
-0.00615739822387695 0.00838899612426758 0.3753662109375 0.027435302734375
-0.003204345703125 -0.0107202529907227 0.271484375 -0.220870971679688
0.0298137664794922 -0.0134258270263672 -0.316497802734375 0.109222412109375
0.0221080780029297 0.0265140533447266 -0.151016235351562 -0.239089965820312
0.00579309463500976 0.00758171081542969 0.31341552734375 -0.47784423828125
-0.0319252014160156 -0.00142669677734375 0.7808837890625 -0.13055419921875
-0.0573005676269531 -0.037567138671875 0.58135986328125 0.71600341796875
0.0188369750976562 -0.105270385742187 -0.153564453125 0.9627685546875
0.0909881591796875 -0.0594024658203125 -0.310455322265625 0.430694580078125
0.094146728515625 -0.0738906860351563 0.164093017578125 -0.207000732421875
0.0125961303710938 -0.0898590087890625 -0.12249755859375 -0.809814453125
-0.0375785827636719 -0.0610542297363281 -0.79986572265625 -0.4871826171875
-0.0318374633789063 0.0032501220703125 -0.6583251953125 0.37841796875
-0.00256538391113281 0.0218582153320313 -0.020751953125 0.60064697265625
0.0108089447021484 0.00917530059814453 0.31353759765625 0.36077880859375
0.00707244873046875 0.0167160034179688 0.381011962890625 0.028167724609375
0.0147848129272461 0.00459957122802734 0.274948120117188 -0.219955444335938
0.0416259765625 0.00075531005859375 -0.31561279296875 0.11737060546875
0.0337467193603516 0.0298976898193359 -0.173431396484375 -0.225570678710937
0.0108127593994141 0.0137367248535156 0.258758544921875 -0.491790771484375
-0.0332508087158203 0.00232124328613282 0.74835205078125 -0.202880859375
-0.0686569213867188 -0.0587005615234375 0.6510009765625 0.63153076171875
0.020477294921875 -0.177444458007813 -0.0450439453124999 0.96002197265625
0.140625 -0.15411376953125 -0.294708251953125 0.48187255859375
0.156967163085938 -0.159393310546875 0.135177612304688 -0.156707763671875
0.0183563232421875 -0.172286987304688 -0.0733032226562499 -0.7938232421875
-0.0633010864257812 -0.103767395019531 -0.75836181640625 -0.55230712890625
-0.047760009765625 -0.0013885498046875 -0.70318603515625 0.3206787109375
-0.00133132934570313 0.0245075225830078 -0.0807495117187501 0.60797119140625
0.0169496536254883 0.0132789611816406 0.278045654296875 0.395904541015625
0.0152854919433594 0.0236320495605469 0.382080078125 0.051788330078125
0.029815673828125 0.018798828125 0.28533935546875 -0.2108154296875
0.0494041442871094 0.00922012329101563 -0.31494140625 0.132476806640625
0.0396766662597656 0.0285797119140625 -0.214096069335937 -0.200836181640625
0.0188274383544922 0.0156307220458984 0.159912109375 -0.5086669921875
-0.0268363952636719 0.00561332702636719 0.670654296875 -0.3255615234375
-0.0786514282226562 -0.0546875 0.739013671875 0.46917724609375
-0.0117950439453125 -0.214096069335938 0.13861083984375 0.9310302734375
0.147674560546875 -0.223251342773438 -0.25164794921875 0.57086181640625
0.203399658203125 -0.218414306640625 0.0910263061523438 -0.074371337890625
0.043121337890625 -0.236190795898437 0.0201416015625 -0.75921630859375
-0.0685272216796875 -0.149093627929688 -0.66595458984375 -0.6732177734375
-0.0636024475097656 -0.0177574157714844 -0.77362060546875 0.1927490234375
-0.00408554077148438 0.0248947143554688 -0.2015380859375 0.6026611328125
0.0226936340332031 0.0153160095214844 0.204620361328125 0.442413330078125
0.0239524841308594 0.0251712799072266 0.37384033203125 0.093902587890625
0.0390281677246094 0.0262069702148438 0.2967529296875 -0.189788818359375
-0.0249557495117188 -0.0623703002929687 -0.31549072265625 0.154388427734375
-0.0202255249023438 -0.0173473358154297 -0.3292236328125 -0.122589111328125
-0.00439453125 -0.0432281494140625 -0.0777587890625 -0.474456787109375
0.0219326019287109 -0.00777816772460938 0.406005859375 -0.550323486328125
0.0380630493164062 0.0717010498046875 0.79833984375 0.06256103515625
0.0262908935546875 0.145751953125 0.530517578125 0.7503662109375
-0.0295257568359375 0.236221313476563 -0.043212890625 0.698486328125
-0.13214111328125 0.213851928710937 0.0393753051757812 0.0818252563476563
-0.0542449951171875 0.238571166992187 0.25390625 -0.64599609375
0.0514984130859375 0.141555786132813 -0.32763671875 -0.93609619140625
0.0512466430664063 0.0537834167480469 -0.836669921875 -0.20172119140625
0.0103168487548828 0.00749588012695312 -0.49853515625 0.481719970703125
0.000665664672851562 -0.0219841003417969 -0.015869140625 0.487640380859375
-0.0174827575683594 -0.0332546234130859 0.28497314453125 0.177947998046875
-0.0306625366210938 -0.0479965209960938 0.2908935546875 -0.15618896484375
-0.014862060546875 -0.0606231689453125 -0.323944091796875 0.138519287109375
-0.014068603515625 -0.0108604431152344 -0.28668212890625 -0.170013427734375
0.000492095947265623 -0.0373039245605469 0.0462646484375 -0.501129150390625
0.0135498046875 0.00199794769287109 0.56610107421875 -0.4573974609375
0.015960693359375 0.0840225219726563 0.7899169921875 0.27947998046875
-0.000305175781250002 0.150802612304688 0.33734130859375 0.86749267578125
-0.0635528564453125 0.239944458007813 -0.1458740234375 0.62432861328125
-0.12579345703125 0.208633422851563 0.091552734375 -0.0215530395507812
-0.0214385986328125 0.215988159179688 0.13616943359375 -0.73492431640625
0.0656585693359375 0.111801147460938 -0.53350830078125 -0.81695556640625
0.045135498046875 0.0291976928710938 -0.82403564453125 0.0250854492187501
0.00139522552490234 0.00525331497192383 -0.33966064453125 0.560272216796875
-0.00523567199707031 -0.0175676345825195 0.10955810546875 0.46051025390625
-0.0226345062255859 -0.0256919860839844 0.320892333984375 0.13043212890625
-0.0351715087890625 -0.0464286804199219 0.283538818359375 -0.178955078125
-0.0053253173828125 -0.051605224609375 -0.321624755859375 0.125732421875
-0.00712490081787109 -0.00239229202270508 -0.233261108398438 -0.204818725585938
0.000989913940429686 -0.0240669250488281 0.166259765625 -0.507171630859375
0.0045619010925293 0.00834321975708008 0.6824951171875 -0.3309326171875
-0.0109405517578125 0.0708236694335938 0.7279052734375 0.482666015625
-0.0283279418945313 0.125801086425781 0.12786865234375 0.9410400390625
-0.0723419189453125 0.197097778320312 -0.224395751953125 0.53619384765625
-0.0949554443359375 0.165252685546875 0.136589050292969 -0.114723205566406
0.00407409667968748 0.166168212890625 0.013916015625 -0.79022216796875
0.0625267028808594 0.0666160583496094 -0.684814453125 -0.6729736328125
0.0332965850830078 0.0140342712402344 -0.7637939453125 0.20770263671875
-0.0062861442565918 0.00491619110107422 -0.19091796875 0.59637451171875
-0.00650787353515625 -0.0120162963867188 0.211212158203125 0.418182373046875
-0.0253620147705078 -0.0161094665527344 0.3460693359375 0.0789794921875
-0.027008056640625 -0.0389480590820313 0.272506713867188 -0.19775390625
0.003814697265625 -0.0422897338867188 -0.3170166015625 0.115753173828125
0.00514888763427734 0.0091705322265625 -0.182830810546875 -0.228073120117187
0.000216484069824218 -0.0108757019042969 0.262542724609375 -0.49285888671875
-0.0111236572265625 0.0106649398803711 0.7532958984375 -0.2056884765625
-0.0351142883300781 0.0441551208496094 0.6422119140625 0.63262939453125
-0.0291938781738281 0.0609626770019531 -0.050048828125 0.9571533203125
-0.0472030639648437 0.127128601074219 -0.27392578125 0.46380615234375
-0.0442047119140625 0.100784301757812 0.165145874023438 -0.183547973632812
0.01434326171875 0.0855178833007812 -0.0781250000000001 -0.80987548828125
0.0364303588867188 0.0204734802246094 -0.77081298828125 -0.54803466796875
0.009796142578125 0.00251960754394531 -0.69635009765625 0.323486328125
-0.00634860992431641 0.0111942291259766 -0.0737915039062501 0.603515625
-0.00303316116333008 -0.00220894813537598 0.2789306640625 0.373626708984375
-0.0164051055908203 -0.00125503540039063 0.362335205078125 0.04437255859375
-0.0150222778320312 -0.0262374877929688 0.269973754882813 -0.213348388671875
0.0193557739257813 -0.0272426605224609 -0.3167724609375 0.11175537109375
0.0146617889404297 0.020172119140625 -0.155075073242188 -0.23638916015625
3.21865081787126E-06 -0.00176441669464111 0.313507080078125 -0.47869873046875
-0.0248699188232422 0.00343894958496094 0.78167724609375 -0.13299560546875
-0.0496826171875 0.00194931030273438 0.57867431640625 0.71087646484375
-0.00775337219238281 -0.0195713043212891 -0.14569091796875 0.9586181640625
0.01947021484375 0.03546142578125 -0.298583984375 0.422149658203125
0.0243015289306641 0.0134677886962891 0.175704956054688 -0.216842651367188
0.0140199661254883 -0.00353622436523438 -0.1292724609375 -0.81365966796875
0.00201988220214844 -0.0233974456787109 -0.80291748046875 -0.4776611328125
-0.0102119445800781 0.00344657897949219 -0.65203857421875 0.38140869140625
-0.00579261779785156 0.01617431640625 -0.01263427734375 0.5927734375
0.00197315216064453 0.00165176391601563 0.314910888671875 0.35272216796875
-0.00336551666259766 0.010040283203125 0.3773193359375 0.02142333984375
-0.00190639495849609 -0.0133857727050781 0.268905639648438 -0.22332763671875
0.03057861328125 -0.0159587860107422 -0.314056396484375 0.11346435546875
0.0249214172363281 0.0273456573486328 -0.15203857421875 -0.2349853515625
0.00669050216674805 0.00813007354736328 0.308868408203125 -0.479461669921875
-0.0306739807128906 0.001678466796875 0.7763671875 -0.13458251953125
-0.0585556030273438 -0.034881591796875 0.58746337890625 0.7081298828125
0.0195541381835938 -0.1053466796875 -0.1444091796875 0.95721435546875
0.0946502685546875 -0.0616607666015625 -0.3021240234375 0.429962158203125
0.0940475463867187 -0.07745361328125 0.16070556640625 -0.208206176757813
0.0120391845703125 -0.087799072265625 -0.12823486328125 -0.8062744140625
-0.0362510681152344 -0.0595588684082031 -0.800048828125 -0.47650146484375
-0.0296363830566406 0.00199699401855469 -0.65447998046875 0.38262939453125
-0.00252342224121094 0.0194854736328125 -0.01251220703125 0.59844970703125
0.0114994049072266 0.00853729248046875 0.318878173828125 0.354461669921875
0.00391674041748047 0.0162992477416992 0.38128662109375 0.023468017578125
0.0123796463012695 0.00239944458007813 0.271682739257813 -0.222671508789063
0.0438652038574219 -0.0043182373046875 -0.308807373046875 0.12109375
0.0299644470214844 0.0284080505371094 -0.17401123046875 -0.221328735351563
0.00827407836914063 0.0143642425537109 0.250091552734375 -0.4925537109375
-0.0333747863769531 -0.00075721740722656 0.7408447265625 -0.20904541015625
-0.0673713684082031 -0.0570182800292969 0.655029296875 0.62225341796875
0.01806640625 -0.175369262695313 -0.0356445312499999 0.9522705078125
0.13916015625 -0.152816772460938 -0.28814697265625 0.483795166015625
0.153884887695313 -0.156341552734375 0.136260986328125 -0.158798217773438
0.0162811279296875 -0.172225952148438 -0.0810546875 -0.7864990234375
-0.0667572021484375 -0.103057861328125 -0.76239013671875 -0.54150390625
-0.0485649108886719 -0.00471878051757812 -0.69573974609375 0.32659912109375
-0.00298881530761719 0.0223770141601563 -0.0764160156250001 0.60321044921875
0.0204048156738281 0.0132694244384766 0.283905029296875 0.38720703125
0.0174465179443359 0.0247783660888672 0.38421630859375 0.0465087890625
0.0273075103759766 0.0166664123535156 0.280746459960937 -0.213119506835937
0.0505943298339844 0.00567626953125 -0.312042236328125 0.13128662109375
0.0413436889648438 0.0266914367675781 -0.21429443359375 -0.1986083984375
0.0178871154785156 0.0157737731933594 0.151336669921875 -0.50531005859375
-0.0284347534179688 0.0082855224609375 0.66571044921875 -0.3289794921875
-0.0785675048828125 -0.0550613403320313 0.73907470703125 0.4578857421875
-0.011962890625 -0.212997436523437 0.1468505859375 0.92291259765625
0.145584106445313 -0.22222900390625 -0.24627685546875 0.57110595703125
0.200469970703125 -0.219528198242188 0.0894088745117188 -0.0773773193359375
0.0424346923828125 -0.234542846679688 0.013671875 -0.7554931640625
-0.0699920654296875 -0.148910522460938 -0.66943359375 -0.6649169921875
-0.0634803771972656 -0.0191841125488281 -0.76715087890625 0.20257568359375
-0.00365447998046875 0.0237407684326172 -0.19586181640625 0.60284423828125
0.0219707489013672 0.01593017578125 0.211090087890625 0.43804931640625
0.0240688323974609 0.0282077789306641 0.37249755859375 0.092315673828125
0.041351318359375 0.0284347534179688 0.297027587890625 -0.1943359375
-0.02410888671875 -0.0657234191894531 -0.3172607421875 0.158355712890625
-0.0176906585693359 -0.0176639556884766 -0.329010009765625 -0.11907958984375
-0.0020599365234375 -0.0413017272949219 -0.083740234375 -0.470672607421875
0.0216712951660156 -0.00497245788574219 0.39727783203125 -0.5523681640625
0.0369873046875 0.071563720703125 0.79339599609375 0.05413818359375
0.024383544921875 0.145294189453125 0.53155517578125 0.74267578125
-0.0264892578125 0.234634399414063 -0.0390014648437501 0.69482421875
-0.129928588867187 0.213531494140625 0.0393295288085937 0.0837860107421875
-0.0523529052734375 0.234786987304688 0.2440185546875 -0.643310546875
0.0528106689453125 0.139862060546875 -0.331787109375 -0.92681884765625
0.050445556640625 0.0516700744628906 -0.8338623046875 -0.19549560546875
0.0076899528503418 0.00503444671630859 -0.4892578125 0.48077392578125
-0.00045013427734375 -0.0187931060791016 -0.0101318359375 0.486907958984375
-0.020233154296875 -0.0325736999511719 0.2843017578125 0.176849365234375
-0.0316162109375 -0.0475883483886719 0.285614013671875 -0.157318115234375
-0.0199050903320313 -0.0628242492675781 -0.3167724609375 0.14208984375
-0.0133142471313477 -0.0101022720336914 -0.285858154296875 -0.163299560546875
0.000835418701171872 -0.0334281921386719 0.0401611328125 -0.502532958984375
0.0143318176269531 0.00310611724853516 0.5545654296875 -0.457733154296875
0.0168304443359375 0.0811233520507813 0.78704833984375 0.26495361328125
-0.000228881835937515 0.150375366210938 0.33905029296875 0.85791015625
-0.0615386962890625 0.236740112304688 -0.13897705078125 0.62078857421875
-0.126129150390625 0.208221435546875 0.0937957763671875 -0.0252761840820312
-0.0206451416015625 0.218399047851563 0.13043212890625 -0.7335205078125
0.0665054321289062 0.108039855957031 -0.5384521484375 -0.80584716796875
0.0428504943847656 0.0297393798828125 -0.81890869140625 0.0286865234375
-0.00185120105743408 0.00216293334960938 -0.332794189453125 0.560943603515625
-0.00618171691894531 -0.0177688598632813 0.112274169921875 0.457244873046875
-0.0242366790771484 -0.0251140594482422 0.32196044921875 0.121002197265625
-0.0335731506347656 -0.0433921813964844 0.279541015625 -0.178985595703125
-0.00833511352539063 -0.053131103515625 -0.3193359375 0.12939453125
-0.00560379028320313 -0.00175094604492187 -0.231903076171875 -0.199569702148438
0.004364013671875 -0.0237846374511719 0.162261962890625 -0.502960205078125
0.0072164535522461 0.0131101608276367 0.6778564453125 -0.334716796875
-0.0101089477539062 0.071441650390625 0.728515625 0.473388671875
-0.0240097045898438 0.124771118164063 0.1346435546875 0.93304443359375
-0.0732269287109375 0.20306396484375 -0.217132568359375 0.535858154296875
-0.091461181640625 0.170303344726562 0.135658264160156 -0.115829467773437
0.0085601806640625 0.164230346679688 0.00592041015625001 -0.7852783203125
0.0646553039550781 0.0655136108398438 -0.6844482421875 -0.6646728515625
0.0311431884765625 0.0129890441894531 -0.75823974609375 0.20928955078125
-0.00699377059936524 0.00429534912109375 -0.181396484375 0.59088134765625
-0.00998115539550781 -0.00957584381103516 0.214324951171875 0.41131591796875
-0.0239009857177734 -0.0139255523681641 0.34295654296875 0.0755615234375
-0.0294342041015625 -0.0357894897460938 0.272354125976563 -0.198806762695313
0.00698089599609375 -0.0431632995605469 -0.316314697265625 0.11956787109375
0.00605869293212891 0.00904178619384766 -0.184829711914063 -0.226287841796875
0.00274181365966797 -0.0125198364257813 0.2564697265625 -0.49273681640625
-0.0151214599609375 0.0125551223754883 0.74627685546875 -0.21307373046875
-0.0352020263671875 0.0446891784667969 0.64031982421875 0.62554931640625
-0.0297698974609375 0.0599632263183594 -0.041259765625 0.9583740234375
-0.0424880981445312 0.124542236328125 -0.2664794921875 0.46307373046875
-0.043212890625 0.103660583496094 0.1612548828125 -0.18328857421875
0.01556396484375 0.083526611328125 -0.08502197265625 -0.804443359375
0.0373039245605469 0.0213356018066406 -0.76885986328125 -0.5428466796875
0.00961971282958984 0.00548839569091797 -0.6859130859375 0.32940673828125
-0.0099191665649414 0.00840473175048828 -0.0683593749999999 0.59979248046875
-0.0043339729309082 -0.00557899475097656 0.282257080078125 0.3701171875
-0.018096923828125 -0.00254058837890625 0.360595703125 0.040435791015625
-0.0168037414550781 -0.0242042541503906 0.262069702148438 -0.218521118164063
0.0171432495117188 -0.0270538330078125 -0.3099365234375 0.113800048828125
0.0128612518310547 0.0191497802734375 -0.15545654296875 -0.23309326171875
-0.000376522541046143 6.10649585723877E-05 0.30596923828125 -0.476318359375
-0.0235824584960938 0.00657272338867187 0.77362060546875 -0.14166259765625
-0.0469779968261719 0.0025177001953125 0.5797119140625 0.701416015625
-0.00445747375488281 -0.0203514099121094 -0.139404296875 0.95489501953125
0.0209922790527344 0.0370292663574219 -0.2904052734375 0.423187255859375
0.0209980010986328 0.0157833099365234 0.170578002929688 -0.212783813476563
0.0136833190917969 0.000337600708007813 -0.1357421875 -0.8065185546875
0.000780105590820314 -0.0218486785888672 -0.80572509765625 -0.46832275390625
-0.0136842727661133 0.00398731231689453 -0.6451416015625 0.38470458984375
-0.00727653503417969 0.0182838439941406 -0.00714111328125006 0.59124755859375
0.000852584838867187 0.00440692901611328 0.31793212890625 0.346466064453125
-0.00653743743896485 0.00931549072265625 0.37054443359375 0.022308349609375
-0.00221824645996094 -0.0120840072631836 0.26397705078125 -0.225448608398438
0.0299949645996094 -0.0160694122314453 -0.309295654296875 0.11334228515625
0.0208911895751953 0.0246124267578125 -0.15386962890625 -0.232574462890625
0.00721883773803711 0.00511312484741211 0.2965087890625 -0.479095458984375
-0.0343475341796875 0.00160408020019531 0.771240234375 -0.13970947265625
-0.0540122985839844 -0.0343475341796875 0.58538818359375 0.6954345703125
0.0176773071289062 -0.104278564453125 -0.13739013671875 0.95477294921875
0.0911331176757813 -0.0621719360351563 -0.29730224609375 0.429107666015625
0.08953857421875 -0.0761032104492188 0.161392211914063 -0.205093383789063
0.0101547241210937 -0.087005615234375 -0.13409423828125 -0.79864501953125
-0.0363311767578125 -0.0570640563964844 -0.796630859375 -0.46441650390625
-0.0321578979492187 0.00137710571289062 -0.64837646484375 0.38507080078125
6.29425048828129E-05 0.0198955535888672 -0.00793457031250002 0.59625244140625
0.0129489898681641 0.00942516326904297 0.317413330078125 0.3565673828125
0.006072998046875 0.0220890045166016 0.379486083984375 0.017303466796875
0.0147075653076172 0.00130939483642578 0.268722534179688 -0.222442626953125
0.0428352355957031 -0.00080108642578125 -0.304595947265625 0.1239013671875
0.0345439910888672 0.0286388397216797 -0.175216674804688 -0.223556518554688
0.0135812759399414 0.0165691375732422 0.241363525390625 -0.4991455078125
-0.0317058563232422 0.00113105773925782 0.7369384765625 -0.21112060546875
-0.0665512084960938 -0.0555534362792969 0.6531982421875 0.6142578125
0.0180206298828125 -0.17724609375 -0.03045654296875 0.9505615234375
0.137435913085938 -0.155029296875 -0.28656005859375 0.482452392578125
0.153076171875 -0.161163330078125 0.133255004882813 -0.15374755859375
0.016265869140625 -0.1707763671875 -0.08685302734375 -0.78253173828125
-0.06475830078125 -0.0992507934570312 -0.75872802734375 -0.53143310546875
-0.047943115234375 -0.00161743164062501 -0.69158935546875 0.33087158203125
-0.00289535522460938 0.0259380340576172 -0.0694580078124999 0.6029052734375
0.0198421478271484 0.0118846893310547 0.28204345703125 0.38311767578125
0.0167980194091797 0.0228633880615234 0.379638671875 0.043304443359375
0.0253238677978516 0.0154342651367187 0.281158447265625 -0.215179443359375
0.0522842407226562 0.0052032470703125 -0.310791015625 0.1407470703125
0.0452957153320313 0.02728271484375 -0.21429443359375 -0.193817138671875
0.0179481506347656 0.0139122009277344 0.146728515625 -0.5015869140625
-0.0234889984130859 0.00717544555664062 0.65557861328125 -0.33453369140625
-0.0804672241210938 -0.053558349609375 0.73895263671875 0.45245361328125
-0.01385498046875 -0.212554931640625 0.15435791015625 0.91217041015625
0.140594482421875 -0.226791381835937 -0.23699951171875 0.5689697265625
0.196685791015625 -0.219467163085938 0.0907363891601563 -0.074920654296875
0.0359039306640625 -0.2320556640625 0.00653076171874994 -0.7532958984375
-0.0737762451171875 -0.146881103515625 -0.66912841796875 -0.65631103515625
-0.0643959045410156 -0.0166015625 -0.762939453125 0.20220947265625
-0.00437545776367188 0.0242996215820313 -0.18792724609375 0.59967041015625
0.0234718322753906 0.0161399841308594 0.210296630859375 0.43475341796875
0.0248374938964844 0.0217170715332031 0.370819091796875 0.08831787109375
0.03936767578125 0.0265274047851563 0.29083251953125 -0.1962890625
-0.0237960815429688 -0.0640754699707031 -0.311004638671875 0.16058349609375
-0.0183753967285156 -0.0171623229980469 -0.327972412109375 -0.11248779296875
-0.00346755981445312 -0.0426826477050781 -0.084808349609375 -0.46636962890625
0.0194873809814453 -0.00609016418457031 0.3922119140625 -0.55267333984375
0.0375747680664063 0.071502685546875 0.78961181640625 0.0479736328125
0.0278167724609375 0.144622802734375 0.53369140625 0.734130859375
-0.0255126953125 0.233749389648438 -0.0371704101562501 0.691650390625
-0.128707885742187 0.214157104492188 0.0427017211914062 0.08251953125
-0.049530029296875 0.233749389648438 0.2418212890625 -0.6390380859375
0.0519256591796875 0.138412475585938 -0.33306884765625 -0.9183349609375
0.0511894226074219 0.0518455505371094 -0.83087158203125 -0.1893310546875
0.0109758377075195 0.00528144836425781 -0.4862060546875 0.48046875
0.00113677978515625 -0.0217761993408203 -0.00817871093749997 0.4830322265625
-0.0195751190185547 -0.03387451171875 0.282867431640625 0.171600341796875
-0.0319061279296875 -0.0475425720214844 0.28515625 -0.157867431640625
-0.0186805725097656 -0.0611343383789063 -0.314727783203125 0.14544677734375
-0.0112829208374023 -0.0106525421142578 -0.28375244140625 -0.159942626953125
-0.00120353698730469 -0.0335578918457031 0.03741455078125 -0.498016357421875
0.0161237716674805 0.00551033020019531 0.547515869140625 -0.46075439453125
0.0172805786132813 0.0818328857421875 0.783203125 0.26141357421875
0.00157165527343751 0.150924682617188 0.348388671875 0.85284423828125
-0.0562286376953125 0.236236572265625 -0.134765625 0.61859130859375
-0.123519897460937 0.208145141601563 0.0920257568359375 -0.0236663818359375
-0.0184326171875 0.214691162109375 0.12353515625 -0.7313232421875
0.0676498413085937 0.106246948242188 -0.53961181640625 -0.798583984375
0.0468063354492188 0.0285224914550781 -0.814208984375 0.0323486328124999
0.000385284423828125 0.00373077392578125 -0.326995849609375 0.559661865234375
-0.00547122955322266 -0.0172910690307617 0.11279296875 0.452423095703125
-0.0254592895507813 -0.0238666534423828 0.318695068359375 0.122894287109375
-0.0350799560546875 -0.0436439514160156 0.276931762695313 -0.179763793945313
-0.00846099853515626 -0.0533828735351563 -0.31451416015625 0.13140869140625
-0.00353884696960449 -0.00223159790039062 -0.231124877929687 -0.19818115234375
0.00181770324707031 -0.021514892578125 0.157989501953125 -0.501983642578125
0.00378036499023437 0.0112533569335938 0.670654296875 -0.33782958984375
-0.007598876953125 0.075286865234375 0.72576904296875 0.46270751953125
-0.0239791870117188 0.124282836914062 0.13800048828125 0.92584228515625
-0.0696868896484375 0.19830322265625 -0.212860107421875 0.5323486328125
-0.09375 0.168655395507813 0.133216857910156 -0.116081237792969
0.00743103027343751 0.16107177734375 0.00701904296875008 -0.7799072265625
0.0608978271484375 0.063385009765625 -0.68499755859375 -0.656005859375
0.0289020538330078 0.0126476287841797 -0.75384521484375 0.21282958984375
-0.00699520111083984 0.00684165954589844 -0.17718505859375 0.590576171875
-0.00782966613769531 -0.0103282928466797 0.213134765625 0.40966796875
-0.022796630859375 -0.0149917602539062 0.34320068359375 0.07232666015625
-0.0274734497070312 -0.035552978515625 0.26898193359375 -0.20074462890625
0.00616836547851563 -0.0426101684570313 -0.312225341796875 0.12103271484375
0.00590991973876953 0.00912094116210938 -0.184219360351562 -0.221160888671875
0.00262641906738281 -0.0112075805664063 0.2501220703125 -0.49029541015625
-0.0109434127807617 0.0119085311889648 0.73870849609375 -0.216552734375
-0.0333786010742188 0.0456657409667969 0.64129638671875 0.61639404296875
-0.0264244079589844 0.063446044921875 -0.0370483398437501 0.952392578125
-0.0410995483398438 0.127853393554688 -0.264678955078125 0.4610595703125
-0.0402755737304688 0.0998611450195313 0.160110473632813 -0.181427001953125
0.0166473388671875 0.0833511352539063 -0.08673095703125 -0.8023681640625
0.0351123809814453 0.0200901031494141 -0.7679443359375 -0.53326416015625
0.0103645324707031 0.00290870666503906 -0.680419921875 0.3316650390625
-0.00786685943603516 0.0106935501098633 -0.064697265625 0.59381103515625
-0.0036158561706543 -0.00290203094482422 0.2802734375 0.363372802734375
-0.0165519714355469 -0.00146675109863281 0.36029052734375 0.035736083984375
-0.0179443359375 -0.0250415802001953 0.262435913085938 -0.217041015625
0.0180778503417969 -0.0290431976318359 -0.30841064453125 0.11761474609375
0.0145530700683594 0.0187034606933594 -0.15509033203125 -0.2303466796875
0.00168025493621826 -0.000511884689331055 0.2982177734375 -0.4761962890625
-0.0232391357421875 0.00675010681152343 0.76641845703125 -0.145263671875
-0.0451850891113281 0.00484466552734376 0.5821533203125 0.69171142578125
-0.00554084777832031 -0.0176753997802734 -0.1337890625 0.94927978515625
0.0201950073242187 0.0354270935058594 -0.28692626953125 0.42266845703125
0.0226230621337891 0.0141086578369141 0.169235229492188 -0.213546752929688
0.0141992568969727 -0.000823974609375 -0.1373291015625 -0.800048828125
-0.00220489501953125 -0.0198230743408203 -0.8004150390625 -0.46112060546875
-0.0107736587524414 0.00377655029296875 -0.6376953125 0.3870849609375
-0.0053110122680664 0.0167083740234375 -0.00311279296874999 0.5882568359375
0.00350666046142578 0.00409460067749024 0.31524658203125 0.34185791015625
-0.00519895553588867 0.00767898559570313 0.370849609375 0.01751708984375
-0.00314712524414063 -0.00966358184814453 0.26177978515625 -0.222900390625
0.0300483703613281 -0.0157318115234375 -0.3045654296875 0.119903564453125
0.0244541168212891 0.0262680053710938 -0.151473999023437 -0.23040771484375
0.00531339645385742 0.0058598518371582 0.29571533203125 -0.478912353515625
-0.0309791564941406 -0.000261306762695307 0.76409912109375 -0.14630126953125
-0.0555458068847656 -0.0331878662109375 0.58807373046875 0.69036865234375
0.0188522338867188 -0.105644226074219 -0.12945556640625 0.94927978515625
0.090301513671875 -0.0616302490234375 -0.29425048828125 0.429473876953125
0.089935302734375 -0.0763015747070313 0.15838623046875 -0.204498291015625
0.0103073120117188 -0.0883102416992187 -0.1361083984375 -0.79425048828125
-0.0383338928222656 -0.0578498840332031 -0.7957763671875 -0.4578857421875
-0.0304069519042969 0.00332832336425781 -0.63885498046875 0.38836669921875
-0.00181961059570312 0.0220623016357422 -0.00579833984374994 0.59185791015625
0.0099496841430664 0.0102767944335938 0.316162109375 0.3446044921875
0.00621318817138672 0.0172023773193359 0.375885009765625 0.017333984375
0.0142698287963867 0.00321483612060547 0.262313842773438 -0.225250244140625
0.0423545837402344 -0.0042266845703125 -0.30450439453125 0.127716064453125
0.0338115692138672 0.0299739837646484 -0.175262451171875 -0.218307495117188
0.0109376907348633 0.0125026702880859 0.237884521484375 -0.491607666015625
-0.0332489013671875 0.00165367126464844 0.72833251953125 -0.21563720703125
-0.0660667419433594 -0.0540046691894531 0.6536865234375 0.604736328125
0.018218994140625 -0.174484252929687 -0.0240478515625 0.94549560546875
0.136642456054688 -0.153121948242188 -0.27880859375 0.48333740234375
0.150772094726563 -0.158676147460938 0.13031005859375 -0.15777587890625
0.0139007568359375 -0.16827392578125 -0.0845336914062499 -0.77716064453125
-0.066650390625 -0.0992813110351563 -0.757080078125 -0.5223388671875
-0.0485153198242188 -0.00247573852539062 -0.684814453125 0.3311767578125
-0.000429153442382815 0.0245723724365234 -0.0655517578125 0.5985107421875
0.0185165405273438 0.0121994018554688 0.28497314453125 0.381072998046875
0.0174674987792969 0.0231151580810547 0.3775634765625 0.040435791015625
0.0287742614746094 0.0173397064208984 0.274505615234375 -0.212738037109375
0.0514678955078125 0.00379180908203125 -0.304840087890625 0.1412353515625
0.0436897277832031 0.0269279479980469 -0.21502685546875 -0.191299438476563
0.0187301635742187 0.0163478851318359 0.14154052734375 -0.5035400390625
-0.0250453948974609 0.00780105590820312 0.65234375 -0.33551025390625
-0.0776138305664063 -0.0518722534179687 0.736083984375 0.443115234375
-0.0125885009765625 -0.209426879882813 0.15545654296875 0.9140625
0.138809204101563 -0.224227905273437 -0.23394775390625 0.56597900390625
0.19476318359375 -0.21942138671875 0.0887603759765625 -0.0748443603515625
0.0362396240234375 -0.23248291015625 0.00372314453124999 -0.74755859375
-0.07379150390625 -0.144943237304688 -0.6683349609375 -0.64654541015625
-0.0624923706054687 -0.0175819396972656 -0.7559814453125 0.208740234375
-0.00428199768066406 0.0245227813720703 -0.18212890625 0.59649658203125
0.0219573974609375 0.0141944885253906 0.211029052734375 0.42962646484375
0.0257949829101563 0.0250930786132813 0.3709716796875 0.080413818359375
0.0387458801269531 0.0266036987304688 0.2900390625 -0.197723388671875
-0.0238533020019531 -0.0625343322753906 -0.306732177734375 0.162750244140625
-0.0181427001953125 -0.0168743133544922 -0.32647705078125 -0.111602783203125
-0.00378799438476562 -0.0426597595214844 -0.087310791015625 -0.464752197265625
0.019683837890625 -0.00495719909667969 0.385833740234375 -0.54931640625
0.0367965698242187 0.0712203979492188 0.7861328125 0.0460205078125
0.027191162109375 0.14508056640625 0.5340576171875 0.72821044921875
-0.0239105224609375 0.23199462890625 -0.0321655273437499 0.686279296875
-0.127670288085938 0.212661743164063 0.0421676635742187 0.082794189453125
-0.049346923828125 0.23260498046875 0.23602294921875 -0.63885498046875
0.0524063110351563 0.138832092285156 -0.33380126953125 -0.911865234375
0.051544189453125 0.0512046813964844 -0.8260498046875 -0.18341064453125
0.0116071701049805 0.00276279449462891 -0.480224609375 0.480712890625
0.00275993347167969 -0.0210857391357422 -0.00631713867187504 0.479888916015625
-0.0218009948730469 -0.032806396484375 0.283660888671875 0.169769287109375
-0.0322837829589844 -0.0472373962402344 0.28271484375 -0.15863037109375
-0.0185699462890625 -0.0608978271484375 -0.3135986328125 0.14691162109375
-0.0108757019042969 -0.0102033615112305 -0.280776977539063 -0.15576171875
-0.000368118286132815 -0.0324039459228516 0.0338134765625 -0.496124267578125
0.0135421752929688 0.00426101684570313 0.541778564453125 -0.4598388671875
0.0183639526367188 0.0812911987304688 0.7811279296875 0.25604248046875
0.0031890869140625 0.15093994140625 0.34735107421875 0.8475341796875
-0.05615234375 0.234954833984375 -0.1314697265625 0.6153564453125
-0.123184204101562 0.207061767578125 0.093017578125 -0.0233383178710937
-0.0179290771484375 0.214431762695313 0.12298583984375 -0.72381591796875
0.0669937133789063 0.106712341308594 -0.538330078125 -0.793701171875
0.0462265014648438 0.0297622680664063 -0.8095703125 0.036376953125
-0.00145196914672852 0.00489664077758789 -0.321441650390625 0.557098388671875
-0.00648307800292969 -0.0181484222412109 0.114105224609375 0.450042724609375
-0.0244693756103516 -0.0246791839599609 0.31683349609375 0.119140625
-0.033935546875 -0.043426513671875 0.274398803710938 -0.1805419921875
-0.00862884521484375 -0.0541038513183594 -0.311676025390625 0.1341552734375
-0.00435709953308105 -0.00107359886169434 -0.22979736328125 -0.19390869140625
0.000356674194335936 -0.019989013671875 0.1534423828125 -0.501556396484375
0.00343418121337891 0.0125017166137695 0.66290283203125 -0.34088134765625
-0.0087738037109375 0.0728912353515625 0.7227783203125 0.4580078125
-0.0205001831054687 0.123764038085937 0.14410400390625 0.92254638671875
-0.0667572021484375 0.196990966796875 -0.210693359375 0.53192138671875
-0.091888427734375 0.166183471679688 0.132362365722656 -0.114921569824219
0.00743103027343749 0.15997314453125 0.0030517578125 -0.77471923828125
0.0614471435546875 0.0621376037597656 -0.68341064453125 -0.64923095703125
0.0294837951660156 0.0108985900878906 -0.748779296875 0.2135009765625
-0.0078582763671875 0.0053558349609375 -0.17315673828125 0.58892822265625
-0.00787734985351563 -0.00932693481445312 0.213897705078125 0.40399169921875
-0.0231971740722656 -0.0135402679443359 0.34197998046875 0.070159912109375
-0.0286369323730469 -0.0334663391113281 0.26568603515625 -0.202056884765625
0.00535964965820312 -0.0430183410644531 -0.308685302734375 0.12420654296875
0.00491762161254883 0.0077362060546875 -0.18475341796875 -0.218215942382813
0.000543594360351562 -0.0105867385864258 0.247528076171875 -0.4879150390625
-0.0121679306030273 0.0116348266601562 0.7366943359375 -0.21905517578125
-0.0310096740722656 0.0464553833007813 0.63897705078125 0.6097412109375
-0.0246543884277344 0.0629692077636719 -0.0338134765625 0.9427490234375
-0.0406570434570312 0.124282836914063 -0.257598876953125 0.460784912109375
-0.0424423217773438 0.099761962890625 0.159896850585938 -0.181900024414063
0.0179061889648438 0.0845108032226563 -0.08941650390625 -0.79541015625
0.0347537994384766 0.0193538665771484 -0.7666015625 -0.5255126953125
0.00947284698486328 0.0021209716796875 -0.6766357421875 0.3319091796875
-0.00816535949707031 0.0122051239013672 -0.0594482421875 0.5926513671875
-0.00432634353637695 -0.00227642059326172 0.280792236328125 0.3603515625
-0.0162715911865234 -0.00177383422851563 0.357940673828125 0.03509521484375
-0.0178928375244141 -0.0224246978759766 0.258941650390625 -0.215179443359375
0.0181293487548828 -0.0300064086914063 -0.30438232421875 0.119415283203125
0.0149440765380859 0.0193920135498047 -0.154739379882813 -0.231369018554688
0.003082275390625 -0.000430822372436523 0.29364013671875 -0.478302001953125
-0.0229778289794922 0.00693702697753906 0.76348876953125 -0.14508056640625
-0.044952392578125 0.00499343872070313 0.580810546875 0.685302734375
-0.00508880615234375 -0.0180320739746094 -0.131591796875 0.94647216796875
0.0193881988525391 0.0347633361816406 -0.2822265625 0.420501708984375
0.0224399566650391 0.0136528015136719 0.168045043945312 -0.213027954101563
0.0154476165771484 -0.00178813934326172 -0.13775634765625 -0.79742431640625
-0.00239181518554687 -0.0188789367675781 -0.79864501953125 -0.45281982421875
-0.0106563568115234 0.00211715698242187 -0.6343994140625 0.38720703125
-0.0067138671875 0.0172300338745117 -0.000976562499999947 0.5849609375
0.00334596633911133 0.00443220138549805 0.3167724609375 0.338104248046875
-0.00518894195556641 0.00984287261962891 0.36907958984375 0.01361083984375
-0.002960205078125 -0.0104236602783203 0.258148193359375 -0.224273681640625
0.0297679901123047 -0.0150108337402344 -0.302154541015625 0.12274169921875
0.0252876281738281 0.0255355834960938 -0.152435302734375 -0.228286743164063
0.00427579879760742 0.00719261169433594 0.288604736328125 -0.475738525390625
-0.0316753387451172 0.000289916992187497 0.75994873046875 -0.14752197265625
-0.0544013977050781 -0.033233642578125 0.58612060546875 0.68414306640625
0.0165481567382812 -0.106132507324219 -0.12493896484375 0.94580078125
0.0892333984375 -0.0626220703125 -0.292327880859375 0.4287109375
0.0887451171875 -0.075408935546875 0.157379150390625 -0.203353881835938
0.00807189941406251 -0.089202880859375 -0.1373291015625 -0.78814697265625
-0.0376663208007813 -0.0579986572265625 -0.79449462890625 -0.453369140625
-0.0303821563720703 0.00272178649902344 -0.63330078125 0.38818359375
-0.00220870971679688 0.0211715698242187 -0.00244140625000003 0.5882568359375
0.0115489959716797 0.00783443450927734 0.317962646484375 0.342315673828125
0.00655746459960938 0.0168428421020508 0.37664794921875 0.0140380859375
0.0131921768188477 0.0019989013671875 0.262344360351563 -0.224761962890625
0.0408859252929688 -0.00439834594726562 -0.302093505859375 0.12957763671875
0.0358009338378906 0.0270233154296875 -0.173110961914062 -0.21612548828125
0.0103588104248047 0.0136146545410156 0.234375 -0.491180419921875
-0.0311870574951172 0.00282859802246094 0.722412109375 -0.2196044921875
-0.0640792846679688 -0.0549850463867188 0.65185546875 0.59686279296875
0.0165557861328125 -0.17327880859375 -0.01910400390625 0.93804931640625
0.135787963867188 -0.155181884765625 -0.2767333984375 0.481475830078125
0.148025512695313 -0.156890869140625 0.1280517578125 -0.156234741210938
0.012481689453125 -0.168060302734375 -0.08819580078125 -0.7733154296875
-0.0665206909179687 -0.0983428955078125 -0.754638671875 -0.517333984375
-0.0481452941894531 -0.00216293334960938 -0.67822265625 0.3328857421875
-0.000148773193359374 0.0241050720214844 -0.0624389648437499 0.59674072265625
0.0188694000244141 0.0133171081542969 0.2847900390625 0.3748779296875
0.0175819396972656 0.0221347808837891 0.376190185546875 0.03570556640625
0.0306892395019531 0.01593017578125 0.271682739257812 -0.214614868164062
0.0500068664550781 0.00428009033203125 -0.30035400390625 0.141815185546875
0.04205322265625 0.0274429321289063 -0.216934204101563 -0.186691284179688
0.0188140869140625 0.0146121978759766 0.137054443359375 -0.5001220703125
-0.0255699157714844 0.00863838195800781 0.6439208984375 -0.338134765625
-0.0751953125 -0.0500869750976562 0.73388671875 0.4365234375
-0.01580810546875 -0.209930419921875 0.158203125 0.90704345703125
0.136260986328125 -0.224288940429688 -0.22894287109375 0.5634765625
0.190048217773438 -0.217483520507813 0.0876922607421875 -0.07391357421875
0.0364990234375 -0.23065185546875 4.76306395857733E-17 -0.74139404296875
-0.0717010498046875 -0.143035888671875 -0.66607666015625 -0.63934326171875
-0.0626144409179688 -0.015533447265625 -0.750244140625 0.21282958984375
-0.00343704223632812 0.0234909057617187 -0.17974853515625 0.59490966796875
0.0241794586181641 0.0151042938232422 0.2139892578125 0.425323486328125
0.0261268615722656 0.0241413116455078 0.368988037109375 0.077850341796875
0.0399208068847656 0.0238914489746094 0.284881591796875 -0.196502685546875
-0.0245132446289063 -0.0619697570800781 -0.30438232421875 0.166290283203125
-0.0158367156982422 -0.01776123046875 -0.32391357421875 -0.10833740234375
-0.00576400756835938 -0.0411872863769531 -0.0908203125 -0.4608154296875
0.0188007354736328 -0.00477409362792969 0.381011962890625 -0.549468994140625
0.0375213623046875 0.0719375610351563 0.781982421875 0.04052734375
0.0273590087890625 0.142868041992188 0.53460693359375 0.7215576171875
-0.0216522216796875 0.230728149414063 -0.0289306640625 0.6854248046875
-0.12713623046875 0.21063232421875 0.0408782958984375 0.0826339721679688
-0.0490570068359375 0.231460571289063 0.23565673828125 -0.63238525390625
0.0517959594726563 0.136642456054688 -0.3348388671875 -0.90570068359375
0.0506820678710938 0.0510940551757813 -0.82135009765625 -0.18255615234375
0.0102005004882813 0.00377178192138672 -0.474273681640625 0.479156494140625
0.00283050537109375 -0.0200843811035156 -0.00466918945312503 0.478668212890625
-0.0216503143310547 -0.0322265625 0.282989501953125 0.167205810546875
-0.0317916870117188 -0.0476493835449219 0.280899047851563 -0.160491943359375
-0.017974853515625 -0.062652587890625 -0.30908203125 0.150054931640625
-0.0109834671020508 -0.00946521759033203 -0.279571533203125 -0.155975341796875
-0.00156593322753907 -0.0340156555175781 0.031219482421875 -0.49444580078125
0.0138072967529297 0.00717353820800781 0.536376953125 -0.4599609375
0.0189437866210938 0.0814208984375 0.77545166015625 0.2513427734375
0.00395202636718751 0.149688720703125 0.349365234375 0.84271240234375
-0.054107666015625 0.232589721679688 -0.1297607421875 0.61334228515625
-0.12249755859375 0.20623779296875 0.0908126831054687 -0.023468017578125
-0.01678466796875 0.21173095703125 0.11871337890625 -0.72021484375
0.067626953125 0.104873657226563 -0.5374755859375 -0.78662109375
0.0477027893066406 0.0293312072753906 -0.80499267578125 0.0374755859375
0.000237226486206055 0.00223422050476074 -0.320037841796875 0.55560302734375
-0.00699424743652344 -0.0165615081787109 0.11407470703125 0.44793701171875
-0.0260906219482422 -0.0221710205078125 0.31640625 0.117218017578125
-0.0337142944335938 -0.0437965393066406 0.272384643554688 -0.183303833007813
-0.00927352905273438 -0.0539131164550781 -0.309326171875 0.1365966796875
-0.000988125801086426 0.0016244649887085 -0.228363037109375 -0.1925048828125
0.00171089172363281 -0.0228214263916016 0.1500244140625 -0.500457763671875
0.00237274169921875 0.0121736526489258 0.660400390625 -0.339111328125
-0.00736236572265625 0.0738067626953125 0.72308349609375 0.45318603515625
-0.0214920043945312 0.122955322265625 0.14569091796875 0.91595458984375
-0.0664520263671875 0.19464111328125 -0.2080078125 0.531219482421875
-0.0903167724609375 0.165664672851562 0.133186340332031 -0.115013122558594
0.00791931152343749 0.1595458984375 0.00323486328124993 -0.770751953125
0.0612220764160156 0.0618667602539063 -0.68231201171875 -0.6446533203125
0.0283489227294922 0.0129966735839844 -0.74365234375 0.215576171875
-0.00617599487304688 0.00497865676879883 -0.16705322265625 0.58624267578125
-0.00680065155029297 -0.00969409942626953 0.2158203125 0.40283203125
-0.0244712829589844 -0.0115795135498047 0.342376708984375 0.068359375
-0.0294113159179688 -0.03533935546875 0.26446533203125 -0.201202392578125
0.00464630126953125 -0.0427818298339844 -0.30694580078125 0.125885009765625
0.00581455230712891 0.00949859619140625 -0.181671142578125 -0.21527099609375
-0.000222206115722656 -0.00971317291259766 0.240264892578125 -0.48712158203125
-0.0103540420532227 0.0116062164306641 0.73089599609375 -0.2196044921875
-0.0294685363769531 0.046905517578125 0.63653564453125 0.603515625
-0.0244331359863281 0.0657272338867188 -0.0306396484375 0.94232177734375
-0.0399932861328125 0.123954772949219 -0.257080078125 0.458160400390625
-0.0408477783203125 0.0990447998046875 0.158218383789063 -0.182540893554687
0.0186843872070313 0.0844268798828125 -0.0892333984375 -0.78997802734375
0.0350456237792969 0.020172119140625 -0.76123046875 -0.51947021484375
0.00733518600463867 0.00339651107788086 -0.67291259765625 0.331787109375
-0.00808048248291016 0.0121316909790039 -0.0552978515625 0.58831787109375
-0.00455522537231445 -0.00177669525146484 0.280975341796875 0.358123779296875
-0.0163850784301758 -0.00235271453857422 0.355712890625 0.031463623046875
-0.0188846588134766 -0.0246658325195313 0.255996704101562 -0.217056274414062
0.0174026489257813 -0.0308208465576172 -0.301177978515625 0.121917724609375
0.0173721313476563 0.0176162719726563 -0.15411376953125 -0.227294921875
0.00193572044372559 -0.00112676620483398 0.289581298828125 -0.47576904296875
-0.0241279602050781 0.00697135925292968 0.7586669921875 -0.147216796875
-0.045623779296875 0.00512695312500001 0.580078125 0.681884765625
-0.00389671325683594 -0.0183544158935547 -0.12677001953125 0.9407958984375
0.0205554962158203 0.0342350006103516 -0.2802734375 0.420806884765625
0.0211963653564453 0.0143680572509766 0.167922973632813 -0.210098266601563
0.0127592086791992 -0.00164222717285156 -0.14251708984375 -0.7916259765625
0.000770568847656252 -0.0210552215576172 -0.79644775390625 -0.4493408203125
-0.0103721618652344 0.00169658660888672 -0.6290283203125 0.38946533203125
-0.0057830810546875 0.0177745819091797 -6.10351562500379E-05 0.58233642578125
0.00333476066589356 0.00246191024780273 0.31768798828125 0.333953857421875
-0.00557994842529297 0.0109338760375977 0.368072509765625 0.010955810546875
-0.00163555145263672 -0.0108013153076172 0.255096435546875 -0.224899291992188
0.0284023284912109 -0.0171585083007813 -0.2999267578125 0.122161865234375
0.0252227783203125 0.0243129730224609 -0.151962280273438 -0.226455688476563
0.00468778610229492 0.00768852233886719 0.2860107421875 -0.47662353515625
-0.0319595336914063 0.000797271728515629 0.75299072265625 -0.1488037109375
-0.0536727905273437 -0.0297966003417969 0.58349609375 0.67803955078125
0.0161361694335938 -0.10455322265625 -0.12322998046875 0.93865966796875
0.087799072265625 -0.06280517578125 -0.288238525390625 0.426483154296875
0.0881576538085938 -0.0772933959960938 0.155410766601563 -0.204666137695312
0.007781982421875 -0.0863494873046875 -0.13763427734375 -0.78192138671875
-0.0387496948242188 -0.05792236328125 -0.7911376953125 -0.44720458984375
-0.0290241241455078 0.00282859802246093 -0.63006591796875 0.38836669921875
-0.00331687927246094 0.0214653015136719 6.10351562499462E-05 0.5843505859375
0.0124845504760742 0.00899219512939453 0.31646728515625 0.33807373046875
0.00925827026367187 0.0178451538085938 0.373016357421875 0.011566162109375
0.0157270431518555 0.00597953796386719 0.258834838867188 -0.225631713867188
0.041351318359375 -0.00548171997070313 -0.2982177734375 0.131439208984375
0.0362815856933594 0.0280952453613281 -0.17413330078125 -0.214035034179688
0.0115175247192383 0.0123634338378906 0.2298583984375 -0.489654541015625
-0.0323734283447266 0.00251579284667968 0.7186279296875 -0.2198486328125
-0.0644721984863281 -0.0518035888671875 0.6500244140625 0.59124755859375
0.0155792236328125 -0.174728393554688 -0.0188598632812501 0.93389892578125
0.135910034179687 -0.155410766601562 -0.27215576171875 0.47833251953125
0.148910522460938 -0.156814575195313 0.126907348632813 -0.154830932617188
0.0131072998046875 -0.167709350585938 -0.08880615234375 -0.76959228515625
-0.0663604736328125 -0.0976333618164063 -0.75201416015625 -0.51434326171875
-0.0476570129394531 -0.00255584716796875 -0.67376708984375 0.33416748046875
-0.000896453857421873 0.0246906280517578 -0.0591430664062499 0.59405517578125
0.0191154479980469 0.00994873046875 0.282470703125 0.37274169921875
0.0196304321289063 0.0232334136962891 0.374786376953125 0.03387451171875
0.0288200378417969 0.0153942108154297 0.26806640625 -0.215667724609375
0.04974365234375 0.0020904541015625 -0.296783447265625 0.14556884765625
0.0452880859375 0.02728271484375 -0.213043212890625 -0.187149047851563
0.0205612182617188 0.0143394470214844 0.13433837890625 -0.499420166015625
-0.0248241424560547 0.00925064086914063 0.641357421875 -0.3363037109375
-0.0753326416015625 -0.0481414794921875 0.73052978515625 0.43267822265625
-0.0149383544921875 -0.209579467773438 0.156982421875 0.90203857421875
0.134658813476563 -0.224411010742187 -0.225982666015625 0.561248779296875
0.191574096679688 -0.218170166015625 0.0869827270507813 -0.0757064819335938
0.0328826904296875 -0.231613159179687 -0.00146484374999992 -0.73590087890625
-0.0725250244140625 -0.143386840820312 -0.66607666015625 -0.6328125
-0.0612602233886719 -0.0171318054199219 -0.74530029296875 0.2132568359375
-0.00474166870117188 0.0250015258789063 -0.177001953125 0.59027099609375
0.0253143310546875 0.0133323669433594 0.213836669921875 0.422088623046875
0.0253925323486328 0.0240020751953125 0.3680419921875 0.072998046875
0.0393447875976563 0.0228309631347656 0.282318115234375 -0.199798583984375
-0.0240859985351563 -0.062774658203125 -0.3028564453125 0.16668701171875
-0.0163097381591797 -0.0158319473266602 -0.321685791015625 -0.10528564453125
-0.00657272338867188 -0.0416641235351563 -0.0909423828125 -0.459503173828125
0.0187664031982422 -0.00445365905761719 0.378021240234375 -0.54852294921875
0.0403289794921875 0.0709686279296875 0.776611328125 0.0372314453125
0.03167724609375 0.143585205078125 0.53466796875 0.717041015625
-0.0224151611328125 0.2308349609375 -0.0275268554687501 0.6822509765625
-0.127639770507813 0.209945678710937 0.0419845581054687 0.0817413330078125
-0.046875 0.22900390625 0.2335205078125 -0.6309814453125
0.0531082153320312 0.137741088867187 -0.337158203125 -0.90228271484375
0.0521926879882813 0.0516128540039063 -0.82025146484375 -0.18017578125
0.0108413696289063 0.00444889068603516 -0.469085693359375 0.480255126953125
0.00108909606933594 -0.0202445983886719 -0.003692626953125 0.476654052734375
-0.0213737487792969 -0.0326690673828125 0.281890869140625 0.163177490234375
-0.0325965881347656 -0.0460662841796875 0.278350830078125 -0.160873413085938
-0.01861572265625 -0.0609703063964844 -0.30682373046875 0.151611328125
-0.0100574493408203 -0.00997257232666016 -0.278305053710938 -0.151824951171875
-0.0029449462890625 -0.0342483520507813 0.030181884765625 -0.49298095703125
0.0149965286254883 0.00598239898681641 0.533447265625 -0.459136962890625
0.0199050903320313 0.0815353393554687 0.77410888671875 0.24749755859375
0.004302978515625 0.149612426757812 0.349609375 0.83697509765625
-0.0528564453125 0.233795166015625 -0.12890625 0.6107177734375
-0.120834350585937 0.204421997070312 0.090972900390625 -0.0225677490234375
-0.0156097412109375 0.213287353515625 0.11920166015625 -0.71661376953125
0.06689453125 0.106040954589844 -0.53656005859375 -0.7808837890625
0.0456924438476563 0.0290603637695313 -0.80206298828125 0.0398559570312501
8.5353851318359E-05 0.00376200675964355 -0.31536865234375 0.553466796875
-0.00505924224853516 -0.016169548034668 0.115478515625 0.4439697265625
-0.0255069732666016 -0.0235671997070313 0.31671142578125 0.11505126953125
-0.0332298278808594 -0.0427742004394531 0.269515991210938 -0.182083129882813
-0.00902557373046874 -0.0530128479003906 -0.3052978515625 0.138397216796875
-0.00267910957336426 -0.0011286735534668 -0.228302001953125 -0.191146850585937
0.000373840332031252 -0.0214500427246094 0.147247314453125 -0.498016357421875
0.00346183776855469 0.0133953094482422 0.65362548828125 -0.34002685546875
-0.00588226318359376 0.074493408203125 0.718017578125 0.449462890625
-0.0201950073242188 0.125259399414063 0.14349365234375 0.911376953125
-0.0644073486328125 0.194625854492188 -0.205413818359375 0.52947998046875
-0.091522216796875 0.165603637695313 0.132431030273438 -0.11444091796875
0.00910949707031252 0.160110473632813 0.00341796874999999 -0.76495361328125
0.0616569519042969 0.0625076293945313 -0.6785888671875 -0.637451171875
0.0295429229736328 0.0102291107177734 -0.738525390625 0.21588134765625
-0.00690031051635742 0.00603961944580078 -0.1676025390625 0.5859375
-0.00733566284179688 -0.00771427154541015 0.214447021484375 0.4007568359375
-0.0242919921875 -0.0114879608154297 0.3406982421875 0.067779541015625
-0.0291213989257813 -0.0351943969726563 0.262008666992188 -0.201324462890625
0.00468826293945312 -0.0432968139648438 -0.301910400390625 0.127532958984375
0.00611305236816406 0.0108652114868164 -0.183319091796875 -0.214065551757813
0.00209999084472656 -0.0117368698120117 0.23974609375 -0.48675537109375
-0.010676383972168 0.0121240615844727 0.72576904296875 -0.2200927734375
-0.0290565490722656 0.0457229614257812 0.63665771484375 0.5992431640625
-0.0232048034667969 0.0629997253417969 -0.0280761718750001 0.93701171875
-0.0390701293945312 0.123916625976562 -0.2550048828125 0.4578857421875
-0.04071044921875 0.0989837646484375 0.158401489257813 -0.180221557617188
0.017608642578125 0.0827255249023438 -0.0910034179687499 -0.7860107421875
0.0361862182617188 0.0182342529296875 -0.75958251953125 -0.51751708984375
0.00930500030517578 0.00154495239257813 -0.6693115234375 0.3314208984375
-0.00930595397949219 0.0124216079711914 -0.05609130859375 0.5865478515625
-0.00379443168640137 -0.000473260879516601 0.282684326171875 0.356781005859375
-0.0159759521484375 -0.000705718994140626 0.35614013671875 0.03057861328125
-0.0168972015380859 -0.0233345031738281 0.25537109375 -0.215682983398438
0.018585205078125 -0.0299587249755859 -0.29998779296875 0.121917724609375
0.0168666839599609 0.0190448760986328 -0.154739379882813 -0.22662353515625
0.00078195333480835 -0.000273406505584717 0.285858154296875 -0.476104736328125
-0.0227279663085938 0.00709915161132812 0.75439453125 -0.14892578125
-0.0428352355957031 0.00696182250976563 0.578125 0.677978515625
-0.00361251831054688 -0.0181713104248047 -0.12445068359375 0.938720703125
0.0213279724121094 0.0336971282958984 -0.27911376953125 0.418975830078125
0.0227432250976563 0.0144138336181641 0.166213989257812 -0.211593627929688
0.0143308639526367 -0.00199031829833984 -0.1412353515625 -0.78607177734375
-0.0023193359375 -0.0201549530029297 -0.79193115234375 -0.44512939453125
-0.0112133026123047 0.00192356109619141 -0.62493896484375 0.38775634765625
-0.00496482849121094 0.0149946212768555 0.00177001953125003 0.57940673828125
0.00250101089477539 0.00480461120605469 0.31573486328125 0.330902099609375
-0.00587940216064453 0.00943756103515625 0.36639404296875 0.007904052734375
-0.00200176239013672 -0.00925636291503906 0.253387451171875 -0.22589111328125
0.0298957824707031 -0.0183124542236328 -0.297088623046875 0.124114990234375
0.0265045166015625 0.0257225036621094 -0.151824951171875 -0.22479248046875
0.0045924186706543 0.00779485702514648 0.28216552734375 -0.4749755859375
-0.0317001342773438 0.00292587280273438 0.7498779296875 -0.1488037109375
-0.051849365234375 -0.0318794250488281 0.58258056640625 0.673095703125
0.0190048217773438 -0.10467529296875 -0.1219482421875 0.93719482421875
0.08758544921875 -0.062530517578125 -0.28564453125 0.42535400390625
0.0876235961914063 -0.0755081176757813 0.154541015625 -0.201217651367187
0.00801849365234376 -0.0871429443359375 -0.1383056640625 -0.7799072265625
-0.0384788513183594 -0.0567626953125 -0.7904052734375 -0.4437255859375
-0.0310611724853516 0.000942230224609377 -0.62420654296875 0.3870849609375
-0.000888824462890624 0.0212211608886719 0.00183105468749994 0.58245849609375
0.0118656158447266 0.00891590118408203 0.315948486328125 0.335693359375
0.00817298889160156 0.0182876586914063 0.372406005859375 0.009918212890625
0.0161418914794922 0.00399684906005859 0.258132934570313 -0.224075317382813
0.0405769348144531 -0.00732040405273438 -0.294708251953125 0.131866455078125
0.0366554260253906 0.0275650024414062 -0.172698974609375 -0.210968017578125
0.00877094268798828 0.0126399993896484 0.227325439453125 -0.487274169921875
-0.0309257507324219 0.00230979919433594 0.71417236328125 -0.22149658203125
-0.0630340576171875 -0.0518836975097656 0.64886474609375 0.5870361328125
0.017608642578125 -0.174423217773437 -0.0171508789062499 0.93133544921875
0.132781982421875 -0.156112670898438 -0.27032470703125 0.477874755859375
0.146087646484375 -0.158157348632813 0.126846313476562 -0.151824951171875
0.01165771484375 -0.166824340820312 -0.09051513671875 -0.76300048828125
-0.0661087036132813 -0.097808837890625 -0.75177001953125 -0.50933837890625
-0.0502853393554687 -0.00312423706054688 -0.669677734375 0.3333740234375
0.000204086303710939 0.0234203338623047 -0.056640625 0.5908203125
0.0200767517089844 0.0137977600097656 0.28619384765625 0.36932373046875
0.0183334350585938 0.0243587493896484 0.372802734375 0.0316162109375
0.0309543609619141 0.0162467956542969 0.267608642578125 -0.215545654296875
0.0479621887207031 0.0009918212890625 -0.294769287109375 0.146270751953125
0.0433807373046875 0.0258445739746094 -0.21392822265625 -0.183914184570313
0.017852783203125 0.0146903991699219 0.12860107421875 -0.498504638671875
-0.0251445770263672 0.00810432434082031 0.63543701171875 -0.3348388671875
-0.0745315551757813 -0.0462722778320312 0.72869873046875 0.42938232421875
-0.0135498046875 -0.208969116210938 0.159423828125 0.89788818359375
0.135391235351563 -0.224441528320313 -0.224578857421875 0.558685302734375
0.189041137695313 -0.216949462890625 0.0860595703125 -0.073577880859375
0.0339813232421875 -0.228759765625 -0.00140380859375005 -0.733154296875
-0.07489013671875 -0.14154052734375 -0.66217041015625 -0.6300048828125
-0.0631790161132813 -0.0158920288085937 -0.74127197265625 0.213623046875
-0.00452041625976563 0.0239429473876953 -0.17364501953125 0.589111328125
0.0248184204101563 0.0139923095703125 0.2125244140625 0.418609619140625
0.0260601043701172 0.0249748229980469 0.36712646484375 0.072509765625
0.0409660339355469 0.0233154296875 0.281341552734375 -0.197998046875
-0.0241470336914063 -0.0619735717773437 -0.30157470703125 0.16729736328125
-0.0156660079956055 -0.0154190063476563 -0.32098388671875 -0.103546142578125
-0.00632476806640625 -0.0410995483398438 -0.09271240234375 -0.459136962890625
0.0191612243652344 -0.00444602966308594 0.374847412109375 -0.545440673828125
0.0393600463867188 0.0712432861328125 0.7763671875 0.0369873046875
0.0328826904296875 0.142196655273437 0.531982421875 0.713623046875
-0.020965576171875 0.230728149414062 -0.0272216796874999 0.67779541015625
-0.127593994140625 0.209854125976563 0.042205810546875 0.0815811157226563
-0.0458526611328125 0.228729248046875 0.2330322265625 -0.6282958984375
0.0527420043945313 0.137298583984375 -0.33282470703125 -0.89984130859375
0.050811767578125 0.0507316589355469 -0.8165283203125 -0.17889404296875
0.0108404159545898 0.00441646575927734 -0.467498779296875 0.478302001953125
0.00171089172363281 -0.0205497741699219 -0.00244140625000002 0.475555419921875
-0.0225734710693359 -0.0317249298095703 0.28265380859375 0.1640625
-0.0327033996582031 -0.0448646545410156 0.278167724609375 -0.1593017578125
-0.0186500549316406 -0.061370849609375 -0.306427001953125 0.15234375
-0.00970172882080078 -0.0101642608642578 -0.277145385742188 -0.15106201171875
-0.00173759460449218 -0.0330047607421875 0.0279541015625 -0.490692138671875
0.0136995315551758 0.00658226013183594 0.52899169921875 -0.458404541015625
0.0207290649414062 0.0813064575195313 0.7718505859375 0.245361328125
0.00561523437499999 0.149017333984375 0.34869384765625 0.8323974609375
-0.0525360107421875 0.231613159179688 -0.126708984375 0.6080322265625
-0.121002197265625 0.203231811523438 0.0905990600585938 -0.0221939086914062
-0.014862060546875 0.210433959960938 0.11773681640625 -0.71588134765625
0.0675735473632813 0.105560302734375 -0.53668212890625 -0.7783203125
0.0460433959960938 0.0277519226074219 -0.7984619140625 0.0405883789062499
0.00120043754577637 0.00347542762756348 -0.31268310546875 0.55181884765625
-0.00479888916015625 -0.0162792205810547 0.116241455078125 0.44403076171875
-0.0250434875488281 -0.0228214263916016 0.315216064453125 0.11474609375
-0.0329818725585938 -0.0420875549316406 0.269744873046875 -0.1827392578125
-0.00879287719726562 -0.0540199279785156 -0.30511474609375 0.138946533203125
-0.00241708755493164 -0.000281333923339844 -0.22711181640625 -0.187911987304688
4.00543212890616E-05 -0.0227088928222656 0.145294189453125 -0.497100830078125
0.00399589538574219 0.0132713317871094 0.65087890625 -0.3377685546875
-0.00554656982421875 0.0753097534179688 0.7158203125 0.44561767578125
-0.0179519653320312 0.124000549316406 0.14459228515625 0.90814208984375
-0.06329345703125 0.193771362304688 -0.20404052734375 0.524932861328125
-0.0908355712890625 0.166122436523438 0.131446838378906 -0.113044738769531
0.01116943359375 0.158126831054688 0.00292968749999996 -0.76348876953125
0.0609283447265625 0.0622901916503906 -0.67730712890625 -0.63604736328125
0.0291938781738281 0.0102825164794922 -0.7374267578125 0.21624755859375
-0.00539207458496094 0.00594425201416016 -0.16552734375 0.58258056640625
-0.00727939605712891 -0.00907039642333985 0.214630126953125 0.3985595703125
-0.0246620178222656 -0.0122241973876953 0.340301513671875 0.066375732421875
-0.0274562835693359 -0.0332756042480469 0.259963989257812 -0.203399658203125
0.00369644165039062 -0.0437355041503906 -0.30145263671875 0.129547119140625
0.00688457489013672 0.0100011825561523 -0.181442260742187 -0.212493896484375
0.000976562500000001 -0.0118217468261719 0.237701416015625 -0.485992431640625
-0.0115890502929687 0.0127973556518555 0.72332763671875 -0.2208251953125
-0.0281143188476563 0.0484390258789062 0.635986328125 0.5985107421875
-0.0226478576660156 0.0629653930664062 -0.02880859375 0.93304443359375
-0.03863525390625 0.12335205078125 -0.253387451171875 0.45611572265625
-0.04119873046875 0.09857177734375 0.15753173828125 -0.181167602539063
0.0195159912109375 0.0837020874023438 -0.0888671875000001 -0.78387451171875
0.0343360900878906 0.018890380859375 -0.75982666015625 -0.51318359375
0.00866174697875976 0.00286865234375 -0.66650390625 0.3314208984375
-0.00735759735107422 0.0121011734008789 -0.0555419921875 0.58416748046875
-0.00286555290222168 -0.00226044654846191 0.2806396484375 0.354644775390625
-0.0160579681396484 -0.000871658325195313 0.3558349609375 0.02789306640625
-0.0170269012451172 -0.02239990234375 0.255050659179688 -0.217514038085938
0.0179176330566406 -0.0303173065185547 -0.297576904296875 0.12396240234375
0.0159358978271484 0.018280029296875 -0.153472900390625 -0.224746704101563
0.00156104564666748 0.000136017799377441 0.284942626953125 -0.473846435546875
-0.0223979949951172 0.00614547729492188 0.75164794921875 -0.1488037109375
-0.0425643920898438 0.00608444213867188 0.57940673828125 0.67431640625
-0.00419807434082031 -0.0194187164306641 -0.12359619140625 0.93389892578125
0.0207843780517578 0.03277587890625 -0.279266357421875 0.41802978515625
0.0211467742919922 0.0132122039794922 0.165573120117188 -0.209762573242187
0.0146274566650391 -0.00206756591796875 -0.14019775390625 -0.78509521484375
-0.00173187255859375 -0.0201969146728516 -0.79058837890625 -0.44287109375
-0.0122346878051758 0.00184822082519531 -0.62298583984375 0.3858642578125
-0.0049591064453125 0.0165681838989258 0.00451660156249997 0.57794189453125
0.00347089767456055 0.00508260726928711 0.315826416015625 0.33154296875
-0.0049591064453125 0.0103635787963867 0.365081787109375 0.008026123046875
-0.00160408020019531 -0.00929927825927734 0.252349853515625 -0.224624633789063
0.0302200317382813 -0.0180606842041016 -0.293853759765625 0.12591552734375
0.0262050628662109 0.0249500274658203 -0.150344848632813 -0.2236328125
0.00465822219848633 0.00821542739868164 0.27960205078125 -0.4739990234375
-0.0306072235107422 0.00121307373046875 0.7469482421875 -0.15081787109375
-0.0512428283691406 -0.0312690734863281 0.58270263671875 0.6719970703125
0.017120361328125 -0.103424072265625 -0.1217041015625 0.93408203125
0.0882492065429688 -0.0638046264648438 -0.28582763671875 0.42474365234375
0.0864639282226563 -0.0758514404296875 0.15380859375 -0.201568603515625
0.0081634521484375 -0.0868377685546875 -0.138427734375 -0.7783203125
-0.0388336181640625 -0.0572013854980469 -0.78662109375 -0.44207763671875
-0.0301532745361328 0.00242042541503907 -0.6219482421875 0.38873291015625
-0.00130844116210937 0.0217533111572266 0.00341796874999997 0.57952880859375
0.0123329162597656 0.00802421569824219 0.316375732421875 0.33563232421875
0.00853347778320313 0.0187339782714844 0.372802734375 0.006439208984375
0.015650749206543 0.00366401672363281 0.254501342773438 -0.225234985351562
0.0411262512207031 -0.00734329223632813 -0.293212890625 0.13299560546875
0.0362815856933594 0.0273094177246094 -0.172470092773437 -0.2105712890625
0.00968170166015625 0.0138750076293945 0.22509765625 -0.486114501953125
-0.0314044952392578 0.00332450866699219 0.7135009765625 -0.22064208984375
-0.0633926391601563 -0.0520439147949219 0.64886474609375 0.5855712890625
0.0170745849609375 -0.17401123046875 -0.0177001953125001 0.92803955078125
0.13360595703125 -0.155197143554688 -0.270538330078125 0.47723388671875
0.145721435546875 -0.156295776367188 0.12689208984375 -0.15277099609375
0.0113067626953125 -0.165328979492188 -0.0895385742187499 -0.7607421875
-0.0660247802734375 -0.0974273681640625 -0.74969482421875 -0.5067138671875
-0.0487289428710938 -0.00282669067382812 -0.66766357421875 0.33251953125
-0.00164222717285156 0.0243892669677734 -0.05596923828125 0.587158203125
0.0200519561767578 0.0130882263183594 0.284698486328125 0.3685302734375
0.0195465087890625 0.0240993499755859 0.37353515625 0.03131103515625
0.0308361053466797 0.0151691436767578 0.266159057617188 -0.214599609375
0.0494232177734375 0.00100326538085938 -0.292694091796875 0.146575927734375
0.0439529418945313 0.0268440246582031 -0.2127685546875 -0.18292236328125
0.0190315246582031 0.0143032073974609 0.12835693359375 -0.49652099609375
-0.0264339447021484 0.008087158203125 0.6334228515625 -0.33642578125
-0.0733718872070313 -0.0485610961914062 0.7269287109375 0.42718505859375
-0.0145263671875 -0.2069091796875 0.15948486328125 0.89569091796875
0.134140014648438 -0.2235107421875 -0.222564697265625 0.5579833984375
0.188247680664063 -0.215988159179687 0.085357666015625 -0.073883056640625
0.0326995849609375 -0.228668212890625 -0.00219726562500002 -0.73175048828125
-0.0750274658203125 -0.139907836914063 -0.6611328125 -0.62646484375
-0.0616722106933594 -0.0160369873046875 -0.7396240234375 0.2139892578125
-0.00383186340332031 0.0245037078857422 -0.17205810546875 0.58624267578125
0.02471923828125 0.0160198211669922 0.214111328125 0.4189453125
0.0265274047851562 0.0251312255859375 0.36676025390625 0.0709228515625
0.0411376953125 0.0232315063476563 0.28076171875 -0.198883056640625
-0.0246200561523437 -0.061309814453125 -0.299224853515625 0.16925048828125
-0.0155344009399414 -0.0158824920654297 -0.319488525390625 -0.10260009765625
-0.0068206787109375 -0.0401077270507813 -0.093170166015625 -0.456207275390625
0.0196895599365234 -0.00337028503417969 0.372528076171875 -0.54522705078125
0.040313720703125 0.0715789794921875 0.77313232421875 0.03363037109375
0.0342254638671875 0.142669677734375 0.53131103515625 0.71246337890625
-0.0198822021484375 0.228988647460937 -0.02581787109375 0.67755126953125
-0.12664794921875 0.209762573242188 0.0425338745117187 0.081756591796875
-0.0457763671875 0.227981567382813 0.23175048828125 -0.62646484375
0.0533523559570313 0.136161804199219 -0.33343505859375 -0.89739990234375
0.0510482788085937 0.0504035949707031 -0.81610107421875 -0.17803955078125
0.0104026794433594 0.00404071807861328 -0.469085693359375 0.477508544921875
0.00159645080566406 -0.0205135345458984 -0.00405883789062505 0.47418212890625
-0.0223255157470703 -0.0324363708496094 0.2822265625 0.162445068359375
-0.0333328247070313 -0.0445289611816406 0.277679443359375 -0.161239624023438
-0.0197715759277344 -0.0617332458496094 -0.304718017578125 0.154632568359375
-0.00921440124511719 -0.00947952270507813 -0.275924682617188 -0.148681640625
-0.003570556640625 -0.0332298278808594 0.02606201171875 -0.489044189453125
0.0143394470214844 0.00725078582763672 0.52703857421875 -0.4569091796875
0.02197265625 0.082763671875 0.77069091796875 0.24462890625
0.00679016113281251 0.149398803710938 0.34881591796875 0.8331298828125
-0.05145263671875 0.230865478515625 -0.12646484375 0.6063232421875
-0.121109008789063 0.2044677734375 0.091217041015625 -0.022369384765625
-0.015167236328125 0.211654663085938 0.1192626953125 -0.7125244140625
0.0682830810546875 0.105674743652344 -0.53668212890625 -0.7763671875
0.0450553894042969 0.0286331176757813 -0.7974853515625 0.0405273437499999
2.45571136474608E-05 0.00274562835693359 -0.3125 0.551513671875
-0.00501537322998047 -0.016606330871582 0.116455078125 0.44366455078125
-0.0260906219482422 -0.0224475860595703 0.316009521484375 0.113616943359375
-0.0336799621582031 -0.0412178039550781 0.269088745117188 -0.18243408203125
-0.00899505615234376 -0.0538101196289062 -0.3031005859375 0.140350341796875
-0.000764310359954834 -0.000409483909606934 -0.22503662109375 -0.1881103515625
0.000167846679687502 -0.0218315124511719 0.142547607421875 -0.49658203125
0.00406360626220703 0.0132894515991211 0.64892578125 -0.33697509765625
-0.00518035888671875 0.0736312866210938 0.715576171875 0.44512939453125
-0.0169525146484375 0.123130798339844 0.1451416015625 0.90728759765625
-0.0629730224609375 0.19244384765625 -0.204010009765625 0.5257568359375
-0.090606689453125 0.165420532226563 0.131080627441406 -0.112899780273437
0.00915527343750001 0.15777587890625 0.00299072265624994 -0.762451171875
0.0606231689453125 0.0627593994140625 -0.67620849609375 -0.63592529296875
0.0299358367919922 0.0102939605712891 -0.73602294921875 0.21649169921875
-0.0051727294921875 0.00707769393920898 -0.16522216796875 0.58056640625
-0.00664901733398437 -0.00859451293945313 0.213653564453125 0.396881103515625
-0.0246028900146484 -0.0121402740478516 0.339385986328125 0.0655517578125
-0.0278682708740234 -0.0326919555664063 0.25927734375 -0.202560424804688
0.00460052490234375 -0.0433349609375 -0.300262451171875 0.130950927734375
0.00741672515869141 0.010767936706543 -0.18115234375 -0.211395263671875
0.000969886779785155 -0.0106801986694336 0.23541259765625 -0.485809326171875
-0.00967979431152344 0.0129451751708984 0.721435546875 -0.220947265625
-0.02667236328125 0.0473480224609375 0.63555908203125 0.5970458984375
-0.0217781066894531 0.0618515014648438 -0.0296630859375 0.9327392578125
-0.0386734008789062 0.123268127441406 -0.25323486328125 0.45587158203125
-0.0408706665039063 0.0980987548828125 0.157196044921875 -0.179183959960938
0.0193862915039063 0.0825119018554688 -0.0897216796875 -0.78094482421875
0.0350513458251953 0.0182418823242188 -0.7574462890625 -0.51116943359375
0.00834369659423828 0.00300168991088867 -0.66455078125 0.332763671875
-0.00763893127441406 0.011652946472168 -0.05413818359375 0.58233642578125
-0.00313305854797363 -0.00130438804626465 0.28106689453125 0.35272216796875
-0.0162935256958008 0.000781059265136717 0.356201171875 0.02764892578125
-0.016265869140625 -0.0221900939941406 0.253494262695313 -0.217025756835938
0.0180416107177734 -0.0298004150390625 -0.2952880859375 0.12451171875
0.0172595977783203 0.0184898376464844 -0.152099609375 -0.2236328125
0.00213956832885742 1.47819519042969E-05 0.283477783203125 -0.4735107421875
-0.0227985382080078 0.00644493103027343 0.7508544921875 -0.14910888671875
-0.0415191650390625 0.0075225830078125 0.57708740234375 0.67291259765625
-0.00445747375488281 -0.0177021026611328 -0.125 0.9351806640625
0.0213851928710938 0.0324974060058594 -0.278076171875 0.417633056640625
0.0212459564208984 0.0142383575439453 0.165618896484375 -0.209808349609375
0.014155387878418 -0.00227165222167969 -0.13922119140625 -0.78228759765625
-0.00110244750976563 -0.0209674835205078 -0.788818359375 -0.44195556640625
-0.0120143890380859 0.00168323516845703 -0.6195068359375 0.3870849609375
-0.00536346435546875 0.0166759490966797 0.00531005859375 0.57684326171875
0.00477313995361328 0.00551080703735352 0.3150634765625 0.32855224609375
-0.00447559356689453 0.0107002258300781 0.365386962890625 0.006988525390625
-0.00042724609375 -0.00981903076171875 0.251174926757813 -0.2254638671875
0.0290451049804688 -0.0189685821533203 -0.29254150390625 0.126617431640625
0.0266227722167969 0.0255851745605469 -0.149459838867188 -0.222946166992187
0.00409412384033203 0.0073246955871582 0.278533935546875 -0.472625732421875
-0.0295791625976563 0.00197982788085938 0.746826171875 -0.15106201171875
-0.0502471923828125 -0.0307159423828125 0.58074951171875 0.669677734375
0.0186386108398438 -0.105339050292969 -0.12249755859375 0.93341064453125
0.0892562866210937 -0.0633773803710938 -0.284271240234375 0.424163818359375
0.0860443115234375 -0.0746841430664063 0.155548095703125 -0.198562622070313
0.00813293457031249 -0.0862350463867188 -0.138671875 -0.77630615234375
-0.0384445190429687 -0.0558624267578125 -0.78436279296875 -0.439697265625
-0.0300979614257813 0.00235939025878906 -0.6212158203125 0.3873291015625
-0.00111579895019531 0.0222206115722656 0.00372314453125006 0.57830810546875
0.012608528137207 0.00977802276611328 0.317413330078125 0.334716796875
0.00830078125 0.0188617706298828 0.3726806640625 0.00628662109375
0.0167388916015625 0.00347518920898437 0.253814697265625 -0.225845336914063
0.0418739318847656 -0.0080413818359375 -0.29180908203125 0.1341552734375
0.0359611511230469 0.0274620056152344 -0.172500610351563 -0.209686279296875
0.00988864898681641 0.0146808624267578 0.223419189453125 -0.486602783203125
-0.0318756103515625 0.00213241577148438 0.71142578125 -0.2210693359375
-0.0622711181640625 -0.0514793395996094 0.6463623046875 0.58465576171875
0.0176239013671875 -0.17303466796875 -0.0186157226562499 0.92889404296875
0.132705688476562 -0.155410766601562 -0.2681884765625 0.475921630859375
0.144790649414063 -0.155410766601563 0.126144409179688 -0.15216064453125
0.01055908203125 -0.165878295898438 -0.08984375 -0.76165771484375
-0.0659637451171875 -0.096649169921875 -0.74725341796875 -0.50567626953125
-0.0489883422851563 -0.00268936157226562 -0.6651611328125 0.332275390625
-0.00121879577636719 0.0230064392089844 -0.05389404296875 0.5877685546875
0.0204410552978516 0.0124340057373047 0.285552978515625 0.366302490234375
0.0200252532958984 0.0243682861328125 0.373748779296875 0.02813720703125
0.0312404632568359 0.0149402618408203 0.264068603515625 -0.214950561523438
0.0499801635742188 -1.1444091796875E-05 -0.291534423828125 0.146392822265625
0.0451622009277344 0.0264053344726562 -0.212478637695313 -0.182647705078125
0.0178184509277344 0.0138835906982422 0.128326416015625 -0.49603271484375
-0.0244731903076172 0.00872039794921875 0.63128662109375 -0.3372802734375
-0.073150634765625 -0.04779052734375 0.72607421875 0.4246826171875
-0.01470947265625 -0.20697021484375 0.15948486328125 0.89434814453125
0.133926391601562 -0.223922729492187 -0.222137451171875 0.555755615234375
0.187118530273438 -0.216049194335938 0.0864334106445313 -0.0729217529296875
0.0313720703125 -0.228347778320312 -0.00317382812500002 -0.73016357421875
-0.0740509033203125 -0.140762329101563 -0.65997314453125 -0.62518310546875
-0.06304931640625 -0.0173187255859375 -0.73687744140625 0.2139892578125
-0.00449562072753906 0.0240974426269531 -0.1697998046875 0.58612060546875
0.0253257751464844 0.0138492584228516 0.212615966796875 0.417816162109375
0.0263080596923828 0.025665283203125 0.366485595703125 0.0693359375
0.0416030883789063 0.0223121643066406 0.279129028320313 -0.199691772460938
-0.0240898132324219 -0.0614852905273438 -0.29815673828125 0.17108154296875
-0.0152769088745117 -0.0146265029907227 -0.319366455078125 -0.10113525390625
-0.00667190551757813 -0.0406990051269531 -0.093414306640625 -0.455718994140625
0.0193080902099609 -0.00296401977539062 0.372802734375 -0.544189453125
0.04150390625 0.0720748901367187 0.77197265625 0.03424072265625
0.0341796875 0.143081665039062 0.53167724609375 0.712158203125
-0.020050048828125 0.22882080078125 -0.0280151367187499 0.67901611328125
-0.127487182617188 0.209884643554688 0.0422210693359375 0.0823287963867188
-0.046722412109375 0.228164672851563 0.23309326171875 -0.62640380859375
0.053466796875 0.137809753417969 -0.33343505859375 -0.897705078125
0.0513763427734375 0.0506210327148438 -0.81781005859375 -0.17779541015625
0.0109806060791016 0.00457954406738281 -0.46844482421875 0.4781494140625
0.00244712829589844 -0.0215129852294922 -0.00271606445312505 0.473602294921875
-0.0228061676025391 -0.0313758850097656 0.2818603515625 0.162811279296875
-0.032928466796875 -0.0440597534179688 0.276565551757813 -0.161697387695312
-0.018280029296875 -0.0611152648925781 -0.302978515625 0.15509033203125
-0.00839805603027344 -0.00910663604736328 -0.2750244140625 -0.14752197265625
-0.00391769409179687 -0.0329399108886719 0.02593994140625 -0.490081787109375
0.0137968063354492 0.00697135925292969 0.528411865234375 -0.457366943359375
0.0232086181640625 0.0827789306640625 0.76959228515625 0.2432861328125
0.00782775878906249 0.149154663085938 0.3475341796875 0.83099365234375
-0.0512237548828125 0.230712890625 -0.12786865234375 0.6075439453125
-0.121673583984375 0.20379638671875 0.09063720703125 -0.0215377807617187
-0.0147552490234375 0.2115478515625 0.11944580078125 -0.71295166015625
0.0677490234375 0.1058349609375 -0.5355224609375 -0.77532958984375
0.0445480346679688 0.0279731750488281 -0.7965087890625 0.0401611328125001
0.0011298656463623 0.00365447998046875 -0.312469482421875 0.551605224609375
-0.00439262390136719 -0.0158271789550781 0.1151123046875 0.442779541015625
-0.026031494140625 -0.0228328704833984 0.31524658203125 0.112457275390625
-0.0331916809082031 -0.0411453247070313 0.269851684570313 -0.182952880859375
-0.00897979736328126 -0.0539970397949219 -0.30230712890625 0.141845703125
-0.000844478607177734 0.000551044940948486 -0.225570678710938 -0.186721801757812
-0.000885009765625002 -0.0213642120361328 0.144378662109375 -0.497039794921875
0.003448486328125 0.0135478973388672 0.64984130859375 -0.33831787109375
-0.00316619873046875 0.074981689453125 0.7137451171875 0.4456787109375
-0.0162887573242188 0.123451232910156 0.1446533203125 0.90643310546875
-0.062530517578125 0.193069458007813 -0.20452880859375 0.52508544921875
-0.091766357421875 0.164901733398438 0.130767822265625 -0.113555908203125
0.0106048583984375 0.157241821289063 0.00488281250000005 -0.76141357421875
0.0606040954589844 0.0633392333984375 -0.67669677734375 -0.63446044921875
0.0293865203857422 0.0114383697509766 -0.7354736328125 0.217041015625
-0.00616264343261719 0.00654029846191406 -0.1640625 0.58172607421875
-0.0062093734741211 -0.00796031951904297 0.21478271484375 0.398162841796875
-0.0244522094726562 -0.0114688873291016 0.34039306640625 0.064300537109375
-0.0276317596435547 -0.0331096649169922 0.259979248046875 -0.202468872070313
0.00465774536132812 -0.0440292358398438 -0.299041748046875 0.13165283203125
0.00776195526123047 0.00988578796386719 -0.178695678710938 -0.21051025390625
0.000347137451171875 -0.00981330871582031 0.234130859375 -0.485107421875
-0.0103731155395508 0.012639045715332 0.7205810546875 -0.22100830078125
-0.0253219604492187 0.0477981567382813 0.6339111328125 0.5972900390625
-0.0214614868164062 0.0628433227539063 -0.028564453125 0.93218994140625
-0.0373382568359375 0.122169494628906 -0.25286865234375 0.456298828125
-0.041168212890625 0.099029541015625 0.157669067382813 -0.1781005859375
0.0190200805664062 0.0829620361328125 -0.0880126953125 -0.78076171875
0.0352821350097656 0.0183677673339844 -0.75616455078125 -0.512451171875
0.00781822204589844 0.00293922424316406 -0.6644287109375 0.33148193359375
-0.00768184661865234 0.0110769271850586 -0.05218505859375 0.58441162109375
-0.00392985343933105 -0.00128316879272461 0.281951904296875 0.353515625
-0.0162363052368164 0.000697135925292966 0.35614013671875 0.02685546875
-0.0147380828857422 -0.0220527648925781 0.251739501953125 -0.21832275390625
0.0180301666259766 -0.0313568115234375 -0.294769287109375 0.12701416015625
0.0184383392333984 0.0194816589355469 -0.152435302734375 -0.22320556640625
0.000739574432373047 3.64184379577637E-05 0.28314208984375 -0.474029541015625
-0.0221462249755859 0.00644493103027343 0.7509765625 -0.1492919921875
-0.0392112731933594 0.00729751586914063 0.57916259765625 0.67230224609375
-0.00390243530273437 -0.0187473297119141 -0.12725830078125 0.9346923828125
0.0213432312011719 0.0317897796630859 -0.278350830078125 0.418365478515625
0.0218257904052734 0.0145339965820313 0.166107177734375 -0.208633422851563
0.0143375396728516 -0.00205039978027344 -0.1380615234375 -0.7825927734375
-0.000930786132812498 -0.0193729400634766 -0.7906494140625 -0.44183349609375
-0.0115032196044922 0.00187301635742187 -0.62005615234375 0.38543701171875
-0.00450611114501953 0.0164299011230469 0.00543212890625 0.575927734375
0.00440597534179688 0.00478124618530273 0.3167724609375 0.328277587890625
-0.00495719909667969 0.0101642608642578 0.3658447265625 0.004974365234375
0.000209808349609374 -0.00875711441040039 0.249374389648438 -0.224960327148438
0.0291061401367187 -0.0198078155517578 -0.29180908203125 0.1290283203125
0.0280570983886719 0.0247097015380859 -0.149200439453125 -0.22265625
0.00383901596069336 0.00845670700073242 0.276702880859375 -0.4747314453125
-0.0302238464355469 0.00171470642089843 0.74578857421875 -0.1500244140625
-0.0492706298828125 -0.0313568115234375 0.582763671875 0.66937255859375
0.0185775756835938 -0.104209899902344 -0.12188720703125 0.93304443359375
0.0879974365234375 -0.0638351440429688 -0.285003662109375 0.424163818359375
0.0858230590820313 -0.0740127563476563 0.154281616210938 -0.198333740234375
0.00881958007812501 -0.0868606567382813 -0.13677978515625 -0.77545166015625
-0.0391311645507813 -0.0562858581542969 -0.78515625 -0.44012451171875
-0.0312652587890625 0.00248527526855468 -0.6204833984375 0.38714599609375
-0.00177574157714844 0.0211734771728516 0.00280761718750002 0.57794189453125
0.0130462646484375 0.00964927673339844 0.31524658203125 0.33428955078125
0.00830459594726562 0.0192108154296875 0.3729248046875 0.004974365234375
0.0163116455078125 0.0042877197265625 0.252975463867188 -0.226806640625
0.0414352416992188 -0.00817108154296875 -0.28997802734375 0.1361083984375
0.0376472473144531 0.0270652770996094 -0.171630859375 -0.209701538085937
0.00937175750732422 0.0139646530151367 0.22296142578125 -0.486297607421875
-0.0306034088134766 0.00249290466308593 0.71185302734375 -0.22381591796875
-0.0607566833496094 -0.0512237548828125 0.648193359375 0.58343505859375
0.018157958984375 -0.17437744140625 -0.0180053710937499 0.92926025390625
0.131881713867188 -0.155014038085938 -0.26953125 0.4761962890625
0.144927978515625 -0.156112670898438 0.12713623046875 -0.152801513671875
0.01202392578125 -0.165435791015625 -0.087646484375 -0.7603759765625
-0.066864013671875 -0.09588623046875 -0.74639892578125 -0.50579833984375
-0.0499343872070313 -0.00151824951171875 -0.66656494140625 0.333984375
-0.00128364562988281 0.0245780944824219 -0.055419921875 0.5875244140625
0.0205440521240234 0.0121479034423828 0.284576416015625 0.366485595703125
0.0196876525878906 0.0236263275146484 0.37322998046875 0.0279541015625
0.0321865081787109 0.0154857635498047 0.264511108398437 -0.215499877929687
0.0507087707519531 -0.00194931030273437 -0.290008544921875 0.1484375
0.0462760925292969 0.0257034301757812 -0.21209716796875 -0.182708740234375
0.0178661346435547 0.0145988464355469 0.126068115234375 -0.49554443359375
-0.0251445770263672 0.0084075927734375 0.63262939453125 -0.33740234375
-0.072845458984375 -0.0477218627929687 0.7254638671875 0.42559814453125
-0.0149383544921875 -0.208206176757813 0.15765380859375 0.89434814453125
0.1336669921875 -0.224517822265625 -0.2232666015625 0.55633544921875
0.186676025390625 -0.21551513671875 0.08642578125 -0.0738525390625
0.03167724609375 -0.22894287109375 -0.00146484374999998 -0.72979736328125
-0.0746841430664063 -0.140190124511719 -0.66009521484375 -0.62420654296875
-0.0626144409179688 -0.0165138244628906 -0.73681640625 0.215576171875
-0.0037841796875 0.0244255065917969 -0.17010498046875 0.58636474609375
0.0247268676757813 0.0144729614257813 0.2130126953125 0.417236328125
0.0266971588134766 0.0252113342285156 0.366943359375 0.0672607421875
0.0418891906738281 0.0229225158691406 0.279525756835937 -0.200454711914062
-0.0232124328613281 -0.0625648498535156 -0.29736328125 0.172027587890625
-0.0142288208007812 -0.0145320892333984 -0.319061279296875 -0.099639892578125
-0.00783920288085938 -0.0396652221679688 -0.095306396484375 -0.456146240234375
0.0198020935058594 -0.00312614440917969 0.37158203125 -0.545867919921875
0.0420379638671875 0.0728912353515625 0.771484375 0.03497314453125
0.035491943359375 0.144241333007813 0.5323486328125 0.711669921875
-0.0200958251953125 0.229080200195313 -0.02691650390625 0.67706298828125
-0.128280639648438 0.2093505859375 0.0417404174804687 0.0819091796875
-0.0449066162109375 0.22760009765625 0.235107421875 -0.6236572265625
0.0533981323242188 0.137344360351563 -0.3316650390625 -0.896728515625
0.0515975952148438 0.050048828125 -0.81591796875 -0.18048095703125
0.0116424560546875 0.00318145751953125 -0.4671630859375 0.476837158203125
0.00196266174316406 -0.0214252471923828 -0.00228881835937498 0.474212646484375
-0.0227756500244141 -0.0304489135742188 0.283721923828125 0.162017822265625
-0.0331192016601562 -0.0440673828125 0.2763671875 -0.161727905273438
-0.0173377990722656 -0.0613327026367187 -0.30255126953125 0.15716552734375
-0.0084691047668457 -0.00868463516235351 -0.274505615234375 -0.146469116210937
-0.00376319885253906 -0.0326290130615234 0.024688720703125 -0.489044189453125
0.0146389007568359 0.00677967071533203 0.528656005859375 -0.456878662109375
0.0239181518554687 0.0823745727539062 0.77069091796875 0.2425537109375
0.00848388671874999 0.150466918945313 0.34918212890625 0.83172607421875
-0.0512542724609375 0.231475830078125 -0.12677001953125 0.60760498046875
-0.122772216796875 0.203872680664063 0.0914230346679687 -0.0210113525390625
-0.0135955810546875 0.211196899414063 0.12017822265625 -0.71197509765625
0.068267822265625 0.106407165527344 -0.53411865234375 -0.7779541015625
0.0447578430175781 0.0282821655273437 -0.7978515625 0.0387573242187501
0.00154733657836914 0.00309300422668457 -0.311004638671875 0.551605224609375
-0.00469207763671875 -0.0162878036499023 0.11572265625 0.442626953125
-0.0265846252441406 -0.0218544006347656 0.3172607421875 0.11187744140625
-0.0338211059570313 -0.0402984619140625 0.2689208984375 -0.184112548828125
-0.00840759277343751 -0.0546417236328125 -0.300811767578125 0.14324951171875
-0.000542402267456055 0.000653982162475586 -0.224746704101562 -0.1854248046875
-0.00133705139160156 -0.0209636688232422 0.143280029296875 -0.498291015625
0.00400924682617188 0.0146760940551758 0.65020751953125 -0.33746337890625
-0.00273895263671875 0.0762863159179688 0.71405029296875 0.44659423828125
-0.0161285400390625 0.123619079589844 0.142822265625 0.908203125
-0.06182861328125 0.192398071289063 -0.20501708984375 0.525634765625
-0.0919036865234375 0.165298461914063 0.131294250488281 -0.112258911132812
0.0113983154296875 0.158218383789063 0.00543212890625007 -0.76129150390625
0.0610580444335938 0.0617828369140625 -0.6751708984375 -0.63360595703125
0.0291004180908203 0.0104923248291016 -0.7362060546875 0.2174072265625
-0.0065460205078125 0.00630664825439453 -0.16461181640625 0.5833740234375
-0.00674343109130859 -0.00909900665283203 0.215179443359375 0.39739990234375
-0.0250301361083984 -0.0109539031982422 0.341156005859375 0.063079833984375
-0.02728271484375 -0.0327129364013672 0.259017944335938 -0.203628540039063
0.00498199462890625 -0.0446395874023438 -0.298309326171875 0.1328125
0.00876522064208984 0.0112438201904297 -0.179718017578125 -0.21099853515625
-0.000790596008300781 -0.00949001312255859 0.234954833984375 -0.48431396484375
-0.0109596252441406 0.0137004852294922 0.721923828125 -0.220947265625
-0.0247039794921875 0.0482406616210938 0.633544921875 0.59661865234375
-0.0214271545410156 0.0632247924804688 -0.0301513671874999 0.93402099609375
-0.037750244140625 0.121269226074219 -0.25567626953125 0.456024169921875
-0.041717529296875 0.09967041015625 0.1571044921875 -0.17767333984375
0.0190277099609375 0.0825958251953125 -0.0872192382812501 -0.78131103515625
0.0357551574707031 0.0190582275390625 -0.75616455078125 -0.513427734375
0.00775051116943359 0.0025639533996582 -0.66424560546875 0.33203125
-0.00820827484130859 0.0126304626464844 -0.0538330078125 0.58343505859375
-0.00423812866210938 -0.00146651268005371 0.28125 0.35400390625
-0.0166778564453125 0.00113391876220703 0.356658935546875 0.026214599609375
-0.0151920318603516 -0.0231380462646484 0.252548217773438 -0.218887329101562
0.0172710418701172 -0.0322647094726562 -0.29327392578125 0.126953125
0.0187263488769531 0.0197620391845703 -0.151275634765625 -0.223007202148438
0.000973284244537354 0.000608265399932861 0.2818603515625 -0.474945068359375
-0.0218772888183594 0.00716209411621094 0.75335693359375 -0.14886474609375
-0.0384979248046875 0.00797653198242188 0.578125 0.67437744140625
-0.00296211242675781 -0.019378662109375 -0.126708984375 0.93463134765625
0.0215568542480469 0.0318164825439453 -0.279998779296875 0.418914794921875
0.020416259765625 0.0145626068115234 0.165878295898438 -0.207321166992187
0.0147762298583984 -0.00172519683837891 -0.13677978515625 -0.7822265625
-0.000997543334960936 -0.0191593170166016 -0.78851318359375 -0.440673828125
-0.0112781524658203 0.00214290618896485 -0.621337890625 0.388427734375
-0.00496101379394531 0.0177402496337891 0.00531005859375001 0.57666015625
0.00461864471435547 0.00511932373046875 0.31561279296875 0.329132080078125
-0.00456619262695313 0.0112161636352539 0.36688232421875 0.005157470703125
4.95910644531243E-05 -0.00891017913818359 0.249435424804687 -0.225677490234375
0.0302696228027344 -0.0201301574707031 -0.290374755859375 0.1300048828125
0.0282325744628906 0.0248241424560547 -0.148956298828125 -0.223251342773437
0.0035090446472168 0.00878477096557617 0.2774658203125 -0.47442626953125
-0.0299358367919922 0.00200271606445312 0.74713134765625 -0.1510009765625
-0.0482978820800781 -0.0308036804199219 0.5821533203125 0.67120361328125
0.0183563232421875 -0.10443115234375 -0.12359619140625 0.93463134765625
0.0893630981445313 -0.0644378662109375 -0.285186767578125 0.425262451171875
0.0858306884765625 -0.0746383666992188 0.15460205078125 -0.198760986328125
0.0084075927734375 -0.086517333984375 -0.13677978515625 -0.77569580078125
-0.0394172668457031 -0.0557975769042969 -0.7841796875 -0.439697265625
-0.0308170318603516 0.00249671936035156 -0.62017822265625 0.38787841796875
-0.00154876708984375 0.0215015411376953 0.00457763671874997 0.578125
0.0131673812866211 0.00985431671142578 0.317047119140625 0.33294677734375
0.00902175903320313 0.0200614929199219 0.373138427734375 0.004058837890625
0.0177345275878906 0.00464248657226563 0.252914428710938 -0.225616455078125
0.0415878295898438 -0.0101699829101563 -0.289459228515625 0.13677978515625
0.0384521484375 0.0267562866210938 -0.17169189453125 -0.209136962890625
0.0100736618041992 0.0136957168579102 0.221343994140625 -0.486297607421875
-0.0311794281005859 0.00243759155273438 0.7122802734375 -0.22216796875
-0.0601577758789063 -0.0522994995117188 0.64678955078125 0.5859375
0.01702880859375 -0.174484252929688 -0.02056884765625 0.929443359375
0.132217407226563 -0.155075073242188 -0.26898193359375 0.47576904296875
0.144485473632813 -0.15557861328125 0.128005981445312 -0.150848388671875
0.01177978515625 -0.165725708007813 -0.0872192382812501 -0.76092529296875
-0.0665664672851562 -0.0965423583984375 -0.74676513671875 -0.50616455078125
-0.0485954284667969 -0.00242614746093749 -0.66522216796875 0.3330078125
-0.00112152099609375 0.0239353179931641 -0.0545654296875 0.58746337890625
0.0210361480712891 0.0124454498291016 0.2850341796875 0.3663330078125
0.0203876495361328 0.0241756439208984 0.375030517578125 0.026397705078125
0.032745361328125 0.0154323577880859 0.26409912109375 -0.21697998046875
0.0500221252441406 -0.00214385986328125 -0.29010009765625 0.15020751953125
0.0466957092285156 0.026031494140625 -0.212554931640625 -0.182708740234375
0.0172939300537109 0.0157566070556641 0.12677001953125 -0.49530029296875
-0.0251941680908203 0.00898361206054687 0.63238525390625 -0.33740234375
-0.0725250244140625 -0.0487594604492188 0.726806640625 0.42364501953125
-0.014373779296875 -0.208755493164062 0.156494140625 0.89678955078125
0.132492065429688 -0.224197387695312 -0.222076416015625 0.556732177734375
0.187210083007812 -0.215576171875 0.0861129760742188 -0.07196044921875
0.03216552734375 -0.228363037109375 -0.00115966796874993 -0.72821044921875
-0.0756301879882812 -0.139579772949219 -0.66107177734375 -0.625244140625
-0.0627861022949219 -0.0170059204101563 -0.73760986328125 0.214599609375
-0.00346755981445312 0.0242977142333984 -0.16943359375 0.5855712890625
0.0255699157714844 0.0142574310302734 0.214874267578125 0.417999267578125
0.0270519256591797 0.0252189636230469 0.367034912109375 0.066436767578125
0.0416641235351563 0.0220489501953125 0.278305053710938 -0.201080322265625
-0.0239677429199219 -0.0630073547363281 -0.297210693359375 0.17340087890625
-0.0128650665283203 -0.0144157409667969 -0.31866455078125 -0.098358154296875
-0.00793838500976563 -0.0395240783691406 -0.095916748046875 -0.456512451171875
0.0197200775146484 -0.00271797180175781 0.373138427734375 -0.545440673828125
0.0432815551757812 0.0727005004882812 0.7724609375 0.0343017578125
0.036590576171875 0.144302368164063 0.53302001953125 0.7119140625
-0.01922607421875 0.228485107421875 -0.027099609375 0.68023681640625
-0.129074096679688 0.209671020507813 0.0427017211914063 0.0823822021484375
-0.0448455810546875 0.22802734375 0.23504638671875 -0.6280517578125
0.0535812377929687 0.138389587402344 -0.331787109375 -0.89898681640625
0.0518112182617188 0.0513458251953125 -0.8160400390625 -0.1800537109375
0.0116710662841797 0.00408649444580078 -0.468780517578125 0.47845458984375
0.00156784057617187 -0.0203971862792969 -0.00369262695312497 0.474822998046875
-0.0239238739013672 -0.0307788848876953 0.2840576171875 0.1617431640625
-0.0326728820800781 -0.0431556701660156 0.277130126953125 -0.16387939453125
-0.0178070068359375 -0.0618934631347656 -0.302001953125 0.15936279296875
-0.00774860382080078 -0.00800895690917969 -0.2752685546875 -0.146240234375
-0.0047607421875 -0.0318832397460938 0.023895263671875 -0.4903564453125
0.0142269134521484 0.00800514221191406 0.52947998046875 -0.457244873046875
0.024627685546875 0.0833816528320313 0.77203369140625 0.2452392578125
0.00993347167968749 0.15008544921875 0.346923828125 0.83447265625
-0.05059814453125 0.230636596679687 -0.1282958984375 0.6097412109375
-0.123672485351563 0.203628540039062 0.090728759765625 -0.0205307006835937
-0.0122528076171875 0.211212158203125 0.12152099609375 -0.7125244140625
0.0683441162109375 0.1064453125 -0.53387451171875 -0.778564453125
0.0456314086914063 0.0290069580078125 -0.79962158203125 0.0393066406250001
0.000968456268310547 0.00405550003051758 -0.31134033203125 0.552459716796875
-0.00504684448242188 -0.0165805816650391 0.11566162109375 0.443450927734375
-0.0269775390625 -0.0217514038085938 0.318634033203125 0.112396240234375
-0.0336875915527344 -0.040740966796875 0.2686767578125 -0.18560791015625
-0.00795745849609374 -0.0547218322753906 -0.300262451171875 0.1451416015625
0.000388860702514648 0.00104355812072754 -0.224395751953125 -0.184799194335938
-0.00224685668945312 -0.0213165283203125 0.142608642578125 -0.497528076171875
0.00376605987548828 0.0142574310302734 0.65093994140625 -0.33831787109375
-0.000846862792968758 0.0756759643554688 0.71722412109375 0.446044921875
-0.0154647827148438 0.123954772949219 0.14324951171875 0.91058349609375
-0.0619659423828125 0.192214965820313 -0.20635986328125 0.526153564453125
-0.092498779296875 0.164993286132813 0.131820678710938 -0.112709045410156
0.0115203857421875 0.158233642578125 0.00476074218749997 -0.7630615234375
0.0616264343261719 0.0624427795410156 -0.67791748046875 -0.63665771484375
0.0285453796386719 0.0106563568115234 -0.7388916015625 0.216552734375
-0.00554418563842773 0.00687551498413086 -0.16473388671875 0.58306884765625
-0.00682973861694336 -0.00856113433837891 0.214874267578125 0.399200439453125
-0.0245933532714844 -0.0100135803222656 0.34124755859375 0.063079833984375
-0.0278301239013672 -0.0326347351074219 0.259414672851563 -0.204925537109375
0.00475692749023437 -0.0449867248535156 -0.2974853515625 0.134002685546875
0.00920391082763672 0.01092529296875 -0.179794311523438 -0.210617065429688
-0.00132465362548828 -0.00996017456054688 0.2352294921875 -0.486724853515625
-0.0103693008422852 0.0133581161499023 0.72271728515625 -0.220947265625
-0.02410888671875 0.0482254028320313 0.63568115234375 0.5980224609375
-0.0204544067382813 0.0631217956542969 -0.03192138671875 0.93719482421875
-0.0372314453125 0.12115478515625 -0.255340576171875 0.45709228515625
-0.0430984497070313 0.0988006591796875 0.158279418945312 -0.17706298828125
0.0194931030273438 0.0826263427734375 -0.0877685546875 -0.7830810546875
0.0359039306640625 0.0190277099609375 -0.7579345703125 -0.5123291015625
0.00874805450439453 0.00314855575561523 -0.66717529296875 0.33251953125
-0.00756549835205078 0.0123262405395508 -0.0513916015625 0.5855712890625
-0.00344419479370117 -0.00106096267700195 0.2823486328125 0.35406494140625
-0.0164966583251953 0.00116348266601562 0.358856201171875 0.0252685546875
-0.0157279968261719 -0.0223541259765625 0.252166748046875 -0.219680786132813
0.0177059173583984 -0.0329856872558594 -0.293670654296875 0.129669189453125
0.0187015533447266 0.0198249816894531 -0.152008056640625 -0.222625732421875
-0.000215530395507812 0.000627458095550537 0.2825927734375 -0.475189208984375
-0.0225811004638672 0.00769805908203125 0.75390625 -0.1505126953125
-0.0381736755371094 0.00751113891601563 0.5787353515625 0.6754150390625
-0.0028533935546875 -0.0189037322998047 -0.12762451171875 0.93988037109375
0.0215530395507812 0.0308189392089844 -0.278961181640625 0.421142578125
0.0214729309082031 0.0153083801269531 0.166061401367188 -0.207656860351563
0.0154266357421875 -0.00218296051025391 -0.136474609375 -0.7838134765625
-0.00213050842285156 -0.0197429656982422 -0.7899169921875 -0.4425048828125
-0.0123147964477539 0.00212383270263672 -0.62188720703125 0.3895263671875
-0.00431346893310547 0.0170097351074219 0.00695800781250002 0.5775146484375
0.00454044342041016 0.00413751602172852 0.31658935546875 0.3297119140625
-0.00372314453125 0.012537956237793 0.3685302734375 0.00360107421875
0.000324249267578125 -0.0085291862487793 0.249374389648438 -0.226760864257813
0.0292263031005859 -0.0208225250244141 -0.289886474609375 0.130889892578125
0.0289897918701172 0.0252590179443359 -0.148880004882813 -0.221969604492188
0.00300407409667969 0.00841903686523438 0.277435302734375 -0.4755859375
-0.0302562713623047 0.00216484069824218 0.7506103515625 -0.15380859375
-0.04815673828125 -0.0308952331542969 0.58306884765625 0.67144775390625
0.017547607421875 -0.104537963867188 -0.12347412109375 0.9371337890625
0.0884628295898438 -0.064666748046875 -0.28619384765625 0.426055908203125
0.08612060546875 -0.0742721557617188 0.155120849609375 -0.19818115234375
0.00850677490234375 -0.0870513916015625 -0.13720703125 -0.77728271484375
-0.0391502380371094 -0.0569305419921875 -0.78497314453125 -0.4395751953125
-0.0312461853027344 0.00234413146972656 -0.6226806640625 0.39031982421875
-0.00212478637695313 0.0212821960449219 0.00610351562500003 0.578369140625
0.0133867263793945 0.00983428955078125 0.31756591796875 0.333160400390625
0.00965690612792969 0.0211105346679688 0.373779296875 0.00201416015625
0.0180568695068359 0.00501441955566406 0.25335693359375 -0.2274169921875
0.0411567687988281 -0.0105018615722656 -0.28955078125 0.13873291015625
0.0386695861816406 0.0267257690429688 -0.172164916992188 -0.209564208984375
0.00935649871826172 0.013972282409668 0.2203369140625 -0.486480712890625
-0.0313529968261719 0.00173187255859375 0.71295166015625 -0.22479248046875
-0.0594902038574219 -0.0522613525390625 0.65008544921875 0.58447265625
0.0174102783203125 -0.174362182617188 -0.01885986328125 0.9327392578125
0.132125854492188 -0.156417846679688 -0.270751953125 0.478607177734375
0.143783569335938 -0.155136108398437 0.127410888671875 -0.151153564453125
0.01019287109375 -0.166229248046875 -0.0875854492187501 -0.7613525390625
-0.067047119140625 -0.0963058471679687 -0.7464599609375 -0.507080078125
-0.0490570068359375 -0.00252151489257812 -0.6656494140625 0.335693359375
-0.000932693481445311 0.0241203308105469 -0.05438232421875 0.5880126953125
0.0207080841064453 0.0126209259033203 0.28607177734375 0.366973876953125
0.0209064483642578 0.0244331359863281 0.376129150390625 0.02484130859375
0.032867431640625 0.015167236328125 0.263885498046875 -0.217666625976563
0.0504798889160156 -0.00310897827148438 -0.289886474609375 0.1512451171875
0.0471572875976563 0.0241889953613281 -0.2132568359375 -0.1822509765625
0.0179576873779297 0.0155582427978516 0.125091552734375 -0.49560546875
-0.0246562957763672 0.0084381103515625 0.63494873046875 -0.33953857421875
-0.0709686279296875 -0.0492477416992188 0.72833251953125 0.42584228515625
-0.0139923095703125 -0.208908081054688 0.15814208984375 0.89801025390625
0.13360595703125 -0.225570678710937 -0.22265625 0.558135986328125
0.187149047851562 -0.215545654296875 0.0865020751953125 -0.0719833374023438
0.0312957763671875 -0.228378295898437 -0.00103759765624994 -0.7315673828125
-0.0750503540039062 -0.140449523925781 -0.66046142578125 -0.62664794921875
-0.063140869140625 -0.0166702270507813 -0.73919677734375 0.21527099609375
-0.00356483459472656 0.0242996215820313 -0.17083740234375 0.58770751953125
0.0257663726806641 0.0140304565429688 0.21636962890625 0.419921875
0.0283203125 0.0253200531005859 0.3680419921875 0.065338134765625
0.0421562194824219 0.0221633911132813 0.27911376953125 -0.202484130859375
-0.02471923828125 -0.0640411376953125 -0.2967529296875 0.177093505859375
-0.0129508972167969 -0.0142021179199219 -0.319580078125 -0.0970764160156249
-0.00860595703125 -0.0401649475097656 -0.097412109375 -0.457916259765625
0.0196895599365234 -0.00358772277832031 0.373565673828125 -0.54803466796875
0.0443801879882813 0.072235107421875 0.77520751953125 0.03302001953125
0.038116455078125 0.144546508789063 0.53466796875 0.71435546875
-0.0186614990234375 0.22900390625 -0.0278320312499999 0.68157958984375
-0.130416870117188 0.209991455078125 0.041748046875 0.0832138061523438
-0.0441741943359375 0.228988647460938 0.23602294921875 -0.62799072265625
0.0538177490234375 0.138824462890625 -0.33416748046875 -0.9027099609375
0.0519752502441406 0.0514297485351563 -0.82037353515625 -0.18096923828125
0.0115022659301758 0.00407505035400391 -0.469085693359375 0.480377197265625
0.00149917602539063 -0.0220165252685547 -0.00457763671875 0.477935791015625
-0.0239810943603516 -0.0307502746582031 0.285797119140625 0.162017822265625
-0.0325851440429687 -0.0439033508300781 0.277557373046875 -0.165359497070313
-0.0182876586914063 -0.0629310607910156 -0.30194091796875 0.1610107421875
-0.0067906379699707 -0.00771188735961914 -0.275650024414062 -0.145843505859375
-0.0052032470703125 -0.0320205688476563 0.024078369140625 -0.49163818359375
0.0149126052856445 0.00783348083496094 0.530303955078125 -0.46026611328125
0.025543212890625 0.08349609375 0.77447509765625 0.24407958984375
0.011260986328125 0.151718139648438 0.349365234375 0.8359375
-0.0500030517578125 0.23095703125 -0.12725830078125 0.61029052734375
-0.123703002929687 0.2044677734375 0.0908126831054687 -0.020599365234375
-0.0125732421875 0.212112426757812 0.12286376953125 -0.7149658203125
0.0691375732421875 0.106620788574219 -0.5380859375 -0.77996826171875
0.0460853576660156 0.0290985107421875 -0.802734375 0.04132080078125
0.00174045562744141 0.00375914573669434 -0.312164306640625 0.555084228515625
-0.00514888763427734 -0.0167083740234375 0.115936279296875 0.445098876953125
-0.0273494720458984 -0.0216541290283203 0.320526123046875 0.11126708984375
-0.0329933166503906 -0.0401649475097656 0.269424438476563 -0.186599731445313
-0.00824356079101562 -0.0558662414550781 -0.3009033203125 0.147430419921875
0.00160098075866699 0.000926733016967773 -0.2239990234375 -0.1854248046875
-0.00287437438964844 -0.0208663940429687 0.142059326171875 -0.498260498046875
0.00387287139892578 0.0141544342041016 0.65374755859375 -0.34075927734375
0.000595092773437508 0.0758895874023438 0.720703125 0.4471435546875
-0.0147781372070312 0.124359130859375 0.14324951171875 0.913818359375
-0.06219482421875 0.192047119140625 -0.20574951171875 0.530029296875
-0.0928192138671875 0.165603637695313 0.132583618164063 -0.111373901367188
0.0113983154296875 0.158447265625 0.00634765625000005 -0.76513671875
0.0633506774902344 0.0627212524414063 -0.681396484375 -0.6380615234375
0.0294170379638672 0.0112323760986328 -0.74005126953125 0.21917724609375
-0.00613784790039063 0.00636625289916992 -0.16363525390625 0.58514404296875
-0.00615406036376953 -0.0089874267578125 0.215850830078125 0.399444580078125
-0.0253639221191406 -0.00958824157714844 0.343841552734375 0.061859130859375
-0.0275249481201172 -0.0326995849609375 0.259490966796875 -0.206466674804688
0.00454330444335937 -0.0464859008789063 -0.297027587890625 0.13702392578125
0.0104293823242188 0.0106668472290039 -0.179306030273438 -0.210678100585938
-0.00121212005615234 -0.00922298431396484 0.23443603515625 -0.490020751953125
-0.0101785659790039 0.0131044387817383 0.7254638671875 -0.22406005859375
-0.0228805541992188 0.048187255859375 0.63751220703125 0.6011962890625
-0.0199623107910156 0.0632476806640625 -0.0313720703125 0.94183349609375
-0.0376434326171875 0.12078857421875 -0.256134033203125 0.460113525390625
-0.043212890625 0.0994644165039062 0.15863037109375 -0.177413940429687
0.0191497802734375 0.0825042724609375 -0.08721923828125 -0.78607177734375
0.0364570617675781 0.0194206237792969 -0.761474609375 -0.5147705078125
0.00823545455932617 0.00279617309570313 -0.66748046875 0.33612060546875
-0.008209228515625 0.0118207931518555 -0.05084228515625 0.586181640625
-0.00287985801696777 -0.0016322135925293 0.283660888671875 0.354888916015625
-0.0165777206420898 0.00257015228271484 0.3599853515625 0.023284912109375
-0.0148429870605469 -0.0217800140380859 0.251846313476563 -0.221633911132813
0.0174140930175781 -0.0331935882568359 -0.293609619140625 0.130462646484375
0.0193958282470703 0.0190830230712891 -0.152267456054688 -0.223236083984375
-0.000245153903961182 0.00107938051223755 0.282806396484375 -0.47723388671875
-0.022705078125 0.00737190246582031 0.75762939453125 -0.152099609375
-0.0371971130371094 0.00720596313476562 0.58197021484375 0.6776123046875
-0.00213050842285156 -0.0193347930908203 -0.12786865234375 0.94097900390625
0.0217266082763672 0.0311985015869141 -0.279571533203125 0.422943115234375
0.0202159881591797 0.0156459808349609 0.167068481445312 -0.208099365234375
0.0154666900634766 -0.00173282623291016 -0.1380615234375 -0.7864990234375
-0.00116729736328125 -0.0190658569335937 -0.7943115234375 -0.44305419921875
-0.0118942260742187 0.0026092529296875 -0.62481689453125 0.3905029296875
-0.00556755065917969 0.0177745819091797 0.00756835937500003 0.5802001953125
0.00486326217651367 0.00524044036865234 0.320281982421875 0.329833984375
-0.00401115417480469 0.0124444961547852 0.370758056640625 0.002655029296875
0.00139617919921875 -0.00885391235351563 0.24993896484375 -0.228836059570312
0.0303268432617188 -0.0220069885253906 -0.28973388671875 0.132354736328125
0.0303363800048828 0.0246200561523438 -0.1505126953125 -0.223220825195313
0.00323390960693359 0.0088653564453125 0.2762451171875 -0.4774169921875
-0.0307102203369141 0.00131988525390625 0.75262451171875 -0.15496826171875
-0.0467987060546875 -0.0313720703125 0.586181640625 0.67315673828125
0.0187301635742187 -0.10577392578125 -0.12481689453125 0.94146728515625
0.0897903442382813 -0.0659332275390625 -0.286834716796875 0.429412841796875
0.0862045288085938 -0.0740509033203125 0.155899047851562 -0.198577880859375
0.00925445556640625 -0.087493896484375 -0.13702392578125 -0.77978515625
-0.0391159057617187 -0.0571708679199219 -0.78802490234375 -0.44195556640625
-0.0310287475585938 0.00209236145019531 -0.62384033203125 0.39324951171875
-0.00143051147460938 0.022216796875 0.00653076171874994 0.58123779296875
0.013401985168457 0.00955963134765625 0.319244384765625 0.33453369140625
0.0105152130126953 0.0206375122070313 0.37591552734375 0.0020751953125
0.0180015563964844 0.00397109985351562 0.251953125 -0.2288818359375
0.0418472290039063 -0.0125808715820313 -0.28961181640625 0.1395263671875
0.0393142700195313 0.0272445678710938 -0.17254638671875 -0.210922241210938
0.00936412811279297 0.0146360397338867 0.21954345703125 -0.48956298828125
-0.0317745208740234 0.00242233276367188 0.715087890625 -0.225341796875
-0.0590744018554688 -0.0526580810546875 0.65252685546875 0.588623046875
0.01727294921875 -0.175994873046875 -0.01947021484375 0.93505859375
0.132095336914063 -0.158233642578125 -0.26995849609375 0.480072021484375
0.144760131835938 -0.155792236328125 0.127838134765625 -0.150634765625
0.01043701171875 -0.1671142578125 -0.0867919921874999 -0.76416015625
-0.06719970703125 -0.0974960327148438 -0.75067138671875 -0.50714111328125
-0.0502395629882813 -0.00266647338867187 -0.66802978515625 0.3389892578125
-0.000768661499023438 0.0237350463867187 -0.0537109375 0.5906982421875
0.0212268829345703 0.0125064849853516 0.28826904296875 0.368133544921875
0.0217208862304688 0.0256118774414062 0.376800537109375 0.023345947265625
0.0329627990722656 0.0142974853515625 0.264724731445313 -0.219192504882812
0.0496063232421875 -0.00409698486328125 -0.289398193359375 0.15301513671875
0.0478782653808594 0.0253868103027344 -0.21435546875 -0.182083129882812
0.0182571411132812 0.0168018341064453 0.124542236328125 -0.49786376953125
-0.0257816314697266 0.008575439453125 0.6356201171875 -0.3427734375
-0.070404052734375 -0.0503463745117187 0.7320556640625 0.4271240234375
-0.01409912109375 -0.209686279296875 0.15728759765625 0.90087890625
0.13323974609375 -0.226699829101563 -0.22314453125 0.56005859375
0.187408447265625 -0.215530395507813 0.0880279541015625 -0.0725479125976563
0.0312652587890625 -0.22967529296875 -0.000793457031249924 -0.73321533203125
-0.0753326416015625 -0.140083312988281 -0.6630859375 -0.62799072265625
-0.0634841918945313 -0.0174674987792969 -0.74072265625 0.21771240234375
-0.00335502624511719 0.0240802764892578 -0.1700439453125 0.591552734375
0.0262088775634766 0.0141963958740234 0.217071533203125 0.420379638671875
0.0289134979248047 0.0255508422851563 0.369781494140625 0.063507080078125
0.0434036254882813 0.0217933654785156 0.279769897460938 -0.20355224609375
-0.0235252380371094 -0.063873291015625 -0.297882080078125 0.178314208984375
-0.0125703811645508 -0.0137720108032227 -0.321044921875 -0.096160888671875
-0.00980377197265625 -0.0399284362792969 -0.098663330078125 -0.45745849609375
0.0195198059082031 -0.00352287292480469 0.3740234375 -0.55218505859375
0.0459136962890625 0.0732955932617188 0.77923583984375 0.03082275390625
0.039642333984375 0.1456298828125 0.53759765625 0.71490478515625
-0.0181732177734375 0.2301025390625 -0.02630615234375 0.68548583984375
-0.13116455078125 0.211105346679687 0.0422286987304687 0.0833511352539063
-0.043975830078125 0.229583740234375 0.2373046875 -0.6297607421875
0.0558090209960938 0.140304565429688 -0.3358154296875 -0.906005859375
0.0528450012207031 0.0514144897460938 -0.82427978515625 -0.18157958984375
0.011134147644043 0.00472736358642578 -0.47088623046875 0.484527587890625
0.001739501953125 -0.0220470428466797 -0.00204467773437498 0.480194091796875
-0.0248737335205078 -0.0302391052246094 0.28741455078125 0.160736083984375
-0.0337944030761719 -0.04345703125 0.278457641601563 -0.166915893554688
-0.0188140869140625 -0.0634841918945313 -0.3009033203125 0.1629638671875
-0.00633144378662109 -0.00773334503173828 -0.276123046875 -0.144882202148438
-0.00631332397460937 -0.0318222045898438 0.02203369140625 -0.49267578125
0.0146560668945313 0.00807666778564453 0.531829833984375 -0.464141845703125
0.0279617309570313 0.0839157104492188 0.77764892578125 0.2442626953125
0.011688232421875 0.151565551757813 0.3525390625 0.84002685546875
-0.0496826171875 0.23193359375 -0.127197265625 0.61456298828125
-0.1248779296875 0.206222534179688 0.0912933349609375 -0.0206756591796875
-0.012237548828125 0.212966918945313 0.12164306640625 -0.71697998046875
0.0702438354492188 0.107513427734375 -0.54046630859375 -0.78369140625
0.0464820861816406 0.02923583984375 -0.80584716796875 0.0401000976562501
0.00116109848022461 0.00385427474975586 -0.312530517578125 0.55841064453125
-0.00459766387939453 -0.0168142318725586 0.118408203125 0.44793701171875
-0.0277729034423828 -0.0206737518310547 0.3226318359375 0.11090087890625
-0.0330772399902344 -0.0401878356933594 0.269561767578125 -0.188079833984375
-0.00858688354492188 -0.0573196411132813 -0.300323486328125 0.149169921875
0.00203776359558105 0.00036931037902832 -0.225494384765625 -0.18450927734375
-0.00326347351074219 -0.0209598541259766 0.141021728515625 -0.5023193359375
0.00416660308837891 0.0141229629516602 0.65509033203125 -0.34405517578125
0.0010986328125 0.0758209228515625 0.7237548828125 0.447021484375
-0.012908935546875 0.125679016113281 0.1451416015625 0.91802978515625
-0.0618438720703125 0.193740844726563 -0.207122802734375 0.533416748046875
-0.092620849609375 0.166854858398437 0.132705688476563 -0.112541198730469
0.013153076171875 0.158355712890625 0.00567626953124992 -0.76751708984375
0.0633468627929688 0.0629119873046875 -0.685302734375 -0.639404296875
0.0290355682373047 0.0105800628662109 -0.74359130859375 0.22186279296875
-0.00558376312255859 0.00708675384521484 -0.1622314453125 0.58856201171875
-0.00655841827392578 -0.00859737396240234 0.217864990234375 0.401824951171875
-0.0243244171142578 -0.00916099548339844 0.346649169921875 0.061004638671875
-0.0263748168945313 -0.0321121215820313 0.259918212890625 -0.208343505859375
0.00465774536132813 -0.0468292236328125 -0.297332763671875 0.139556884765625
0.0113716125488281 0.0104093551635742 -0.180374145507812 -0.21038818359375
-0.00155544281005859 -0.00889778137207031 0.23382568359375 -0.490966796875
-0.0104742050170898 0.0135154724121094 0.72906494140625 -0.225830078125
-0.0220184326171875 0.0486297607421875 0.6422119140625 0.6033935546875
-0.0193328857421875 0.0636062622070313 -0.031005859375 0.94744873046875
-0.0372238159179688 0.121337890625 -0.2567138671875 0.464324951171875
-0.0431671142578125 0.0997161865234375 0.159347534179688 -0.17779541015625
0.0207061767578125 0.0831451416015625 -0.08770751953125 -0.78839111328125
0.0359077453613281 0.0198554992675781 -0.76568603515625 -0.515869140625
0.00812435150146484 0.00299692153930664 -0.66961669921875 0.33917236328125
-0.00798130035400391 0.0115184783935547 -0.0501708984375 0.58966064453125
-0.00251460075378418 -0.0017240047454834 0.28680419921875 0.355255126953125
-0.0166702270507813 0.00324535369873047 0.362884521484375 0.022430419921875
-0.0147056579589844 -0.0220451354980469 0.253036499023438 -0.223312377929688
0.0174369812011719 -0.0344867706298828 -0.29376220703125 0.133514404296875
0.0203437805175781 0.0194950103759766 -0.152923583984375 -0.2242431640625
-0.000812292098999024 0.00116860866546631 0.28173828125 -0.480804443359375
-0.0228729248046875 0.00728988647460938 0.76031494140625 -0.1553955078125
-0.0353507995605469 0.00694274902343751 0.58526611328125 0.68011474609375
-0.0018310546875 -0.0196304321289062 -0.12799072265625 0.94683837890625
0.0220680236816406 0.0304737091064453 -0.280670166015625 0.4266357421875
0.0205974578857422 0.0156269073486328 0.167434692382813 -0.208297729492187
0.0155210494995117 -0.00224876403808594 -0.13916015625 -0.78985595703125
-0.00135040283203125 -0.0200328826904297 -0.79669189453125 -0.44195556640625
-0.0122528076171875 0.00182914733886719 -0.6256103515625 0.39459228515625
-0.00546550750732422 0.0173721313476563 0.01007080078125 0.58221435546875
0.00484037399291992 0.00512456893920898 0.32147216796875 0.330352783203125
-0.00318241119384766 0.0130414962768555 0.372161865234375 0.000671386718750001
0.00142335891723633 -0.00878047943115235 0.248779296875 -0.230239868164063
0.0286903381347656 -0.0221061706542969 -0.29010009765625 0.134307861328125
0.0305690765380859 0.0251712799072266 -0.150100708007813 -0.223800659179687
0.00172233581542969 0.00931835174560547 0.276397705078125 -0.481048583984375
-0.0307426452636719 0.00152397155761718 0.75592041015625 -0.15777587890625
-0.0468711853027344 -0.031646728515625 0.59100341796875 0.67633056640625
0.019256591796875 -0.106216430664063 -0.1246337890625 0.94647216796875
0.0899658203125 -0.0658645629882813 -0.28717041015625 0.430511474609375
0.086181640625 -0.0746307373046875 0.156173706054687 -0.1986083984375
0.00798797607421876 -0.0883941650390625 -0.1375732421875 -0.78314208984375
-0.0395774841308594 -0.0567169189453125 -0.7940673828125 -0.44207763671875
-0.0317020416259766 0.00233840942382813 -0.62579345703125 0.3939208984375
-0.000539779663085936 0.0225067138671875 0.00842285156249997 0.58331298828125
0.0135822296142578 0.00968647003173828 0.321990966796875 0.334686279296875
0.0108222961425781 0.0204811096191406 0.378875732421875 -0.00164794921875
0.0181713104248047 0.00370407104492188 0.253692626953125 -0.230728149414063
0.0415687561035156 -0.01251220703125 -0.289459228515625 0.14251708984375
0.0412826538085938 0.0268745422363281 -0.173583984375 -0.209945678710938
0.00980377197265625 0.0152730941772461 0.220977783203125 -0.492584228515625
-0.0323257446289062 0.00179672241210937 0.71929931640625 -0.23046875
-0.0581398010253906 -0.0546150207519531 0.65655517578125 0.5892333984375
0.0172271728515625 -0.176498413085938 -0.0192260742187501 0.940673828125
0.1317138671875 -0.158782958984375 -0.270538330078125 0.4830322265625
0.146087646484375 -0.155563354492188 0.1287841796875 -0.150863647460938
0.0105743408203125 -0.167495727539063 -0.0888671875 -0.76959228515625
-0.0678024291992188 -0.0970611572265625 -0.75628662109375 -0.50750732421875
-0.0502090454101563 -0.00330734252929688 -0.67010498046875 0.34027099609375
-0.00066947937011719 0.0249290466308594 -0.0531005859375 0.59307861328125
0.0219058990478516 0.0125274658203125 0.289764404296875 0.369140625
0.0214939117431641 0.0263156890869141 0.379913330078125 0.021728515625
0.0341777801513672 0.0139560699462891 0.264785766601563 -0.220123291015625
0.0504379272460937 -0.00551605224609375 -0.289398193359375 0.15618896484375
0.0489501953125 0.0247917175292969 -0.214889526367188 -0.181808471679688
0.0185585021972656 0.0168876647949219 0.123046875 -0.500762939453125
-0.0261878967285156 0.00771522521972656 0.63995361328125 -0.34619140625
-0.0701713562011719 -0.0503501892089844 0.73614501953125 0.42742919921875
-0.0137481689453125 -0.212020874023438 0.15899658203125 0.906005859375
0.133285522460937 -0.2271728515625 -0.22296142578125 0.5626220703125
0.187210083007813 -0.216506958007813 0.0867767333984375 -0.0718841552734375
0.0305938720703125 -0.23052978515625 -0.000793457031249972 -0.73651123046875
-0.0769805908203125 -0.1412353515625 -0.66693115234375 -0.6295166015625
-0.0632171630859375 -0.0175552368164063 -0.7431640625 0.22039794921875
-0.00414276123046875 0.0235881805419922 -0.16912841796875 0.5921630859375
0.0256977081298828 0.0144233703613281 0.22052001953125 0.421478271484375
0.0288639068603516 0.0261878967285156 0.371795654296875 0.060943603515625
0.0442657470703125 0.0208892822265625 0.280258178710938 -0.206451416015625
-0.0244331359863281 -0.0650978088378906 -0.2978515625 0.181396484375
-0.0119743347167969 -0.0138006210327148 -0.32183837890625 -0.094635009765625
-0.0102653503417969 -0.0391311645507813 -0.10211181640625 -0.461090087890625
0.0192184448242188 -0.00245285034179688 0.374542236328125 -0.5543212890625
0.0469894409179687 0.072998046875 0.783447265625 0.02935791015625
0.041534423828125 0.14703369140625 0.54376220703125 0.71868896484375
-0.0173187255859375 0.23095703125 -0.02520751953125 0.68865966796875
-0.131179809570313 0.212112426757813 0.0429000854492187 0.0852127075195313
-0.042572021484375 0.230331420898438 0.23583984375 -0.63427734375
0.0560836791992188 0.14031982421875 -0.3409423828125 -0.90966796875
0.0525360107421875 0.0518150329589844 -0.827880859375 -0.1795654296875
0.0110769271850586 0.00400352478027344 -0.47137451171875 0.488037109375
0.00224113464355469 -0.0221939086914063 -0.000915527343749995 0.4847412109375
-0.0251846313476563 -0.0297260284423828 0.291107177734375 0.160797119140625
-0.0328712463378906 -0.0434112548828125 0.279876708984375 -0.169479370117188
-0.0194854736328125 -0.06353759765625 -0.30242919921875 0.166107177734375
-0.00535202026367188 -0.00784635543823242 -0.277374267578125 -0.14373779296875
-0.00637626647949219 -0.0311737060546875 0.019439697265625 -0.496551513671875
0.014765739440918 0.00764274597167969 0.5335693359375 -0.470733642578125
0.0287857055664063 0.0832901000976562 0.7845458984375 0.24163818359375
0.0141754150390625 0.152969360351563 0.35650634765625 0.843994140625
-0.0482177734375 0.232452392578125 -0.1279296875 0.617919921875
-0.125930786132812 0.20721435546875 0.0922622680664062 -0.0200271606445312
-0.010528564453125 0.212692260742187 0.12164306640625 -0.7203369140625
0.0707855224609375 0.108489990234375 -0.54437255859375 -0.78619384765625
0.0464897155761719 0.0283355712890625 -0.81011962890625 0.04583740234375
0.00163722038269043 0.00341701507568359 -0.311767578125 0.561370849609375
-0.00417137145996094 -0.0171051025390625 0.12042236328125 0.450408935546875
-0.0280113220214844 -0.020660400390625 0.32513427734375 0.109130859375
-0.0338935852050781 -0.0402603149414063 0.269821166992188 -0.190994262695313
-0.008392333984375 -0.0574455261230469 -0.300506591796875 0.15325927734375
0.00275826454162598 0.0008544921875 -0.226791381835938 -0.183563232421875
-0.00282859802246094 -0.0207805633544922 0.139129638671875 -0.5050048828125
0.00388526916503906 0.0149059295654297 0.658935546875 -0.34954833984375
0.00318145751953125 0.0770721435546875 0.72967529296875 0.44769287109375
-0.012542724609375 0.126014709472656 0.14752197265625 0.9237060546875
-0.06085205078125 0.193511962890625 -0.207183837890625 0.53564453125
-0.09375 0.16876220703125 0.133941650390625 -0.112930297851562
0.01324462890625 0.159576416015625 0.00433349609374992 -0.772705078125
0.0649757385253906 0.0630531311035156 -0.6900634765625 -0.64141845703125
0.0293045043945312 0.0109882354736328 -0.74700927734375 0.22503662109375
-0.00618362426757812 0.00631332397460938 -0.16033935546875 0.592529296875
-0.00633716583251953 -0.00922489166259766 0.220794677734375 0.404083251953125
-0.0253639221191406 -0.0087738037109375 0.349273681640625 0.0601806640625
-0.0270137786865234 -0.0321235656738281 0.260223388671875 -0.211669921875
0.0042877197265625 -0.0475234985351563 -0.29803466796875 0.14276123046875
0.0119781494140625 0.0110263824462891 -0.18145751953125 -0.210723876953125
-0.00199699401855469 -0.00816011428833008 0.23388671875 -0.4971923828125
-0.0109052658081055 0.0135068893432617 0.73394775390625 -0.23077392578125
-0.0205726623535156 0.0490989685058594 0.64990234375 0.6043701171875
-0.0183830261230469 0.0637435913085938 -0.0288085937499999 0.95172119140625
-0.0362548828125 0.121353149414063 -0.256988525390625 0.46746826171875
-0.0427322387695312 0.100852966308594 0.159652709960937 -0.179092407226563
0.0203399658203125 0.083251953125 -0.08990478515625 -0.79388427734375
0.0377616882324219 0.0190925598144531 -0.77142333984375 -0.5147705078125
0.00866174697875977 0.00324869155883789 -0.67388916015625 0.34320068359375
-0.00708198547363281 0.0125455856323242 -0.047607421875 0.59295654296875
-0.00281906127929688 -0.000842094421386719 0.28814697265625 0.35748291015625
-0.0160751342773438 0.00291156768798828 0.364227294921875 0.019195556640625
-0.0155372619628906 -0.0219631195068359 0.251922607421875 -0.225143432617188
0.0171775817871094 -0.0355339050292969 -0.293060302734375 0.13641357421875
0.0212802886962891 0.0199089050292969 -0.153640747070313 -0.224700927734375
-0.00126898288726807 0.000962018966674805 0.280303955078125 -0.485137939453125
-0.0235977172851562 0.00679969787597656 0.76495361328125 -0.15924072265625
-0.0364494323730469 0.00653457641601562 0.59075927734375 0.6815185546875
-0.00253868103027344 -0.0196056365966797 -0.12481689453125 0.95501708984375
0.0228252410888672 0.0308971405029297 -0.279083251953125 0.42926025390625
0.0200996398925781 0.0157241821289063 0.1680908203125 -0.2091064453125
0.0164413452148438 -0.00246047973632813 -0.14263916015625 -0.79351806640625
-0.000814437866210938 -0.0198326110839844 -0.8043212890625 -0.44281005859375
-0.0119810104370117 0.00247573852539063 -0.62750244140625 0.3984375
-0.00496292114257813 0.0177707672119141 0.0118408203125 0.5853271484375
0.00434494018554688 0.00422763824462891 0.325408935546875 0.332275390625
-0.00327587127685547 0.013432502746582 0.37615966796875 -0.00225830078125
0.00209426879882813 -0.00973796844482422 0.249374389648438 -0.23260498046875
0.0298233032226563 -0.0245685577392578 -0.290008544921875 0.137481689453125
0.0316448211669922 0.0250263214111328 -0.151412963867188 -0.224395751953125
0.00234127044677734 0.00929832458496094 0.277191162109375 -0.48492431640625
-0.0307846069335938 0.00147438049316406 0.7586669921875 -0.16033935546875
-0.0469779968261719 -0.0329360961914063 0.59771728515625 0.67681884765625
0.0186386108398438 -0.107452392578125 -0.12347412109375 0.95269775390625
0.089263916015625 -0.0680389404296875 -0.2867431640625 0.436065673828125
0.0860443115234375 -0.075286865234375 0.156936645507813 -0.200027465820313
0.00733184814453125 -0.0893096923828125 -0.1405029296875 -0.7882080078125
-0.03997802734375 -0.0573692321777344 -0.800048828125 -0.44207763671875
-0.0324001312255859 0.00320243835449218 -0.6268310546875 0.40020751953125
-0.00123023986816406 0.0222835540771484 0.01141357421875 0.58673095703125
0.0138015747070312 0.00944328308105469 0.32623291015625 0.33575439453125
0.0110626220703125 0.0217514038085938 0.380218505859375 -0.0030517578125
0.0188522338867188 0.00390052795410156 0.252532958984375 -0.233322143554688
0.0411796569824219 -0.0140151977539063 -0.29010009765625 0.14453125
0.0419502258300781 0.0264205932617188 -0.174514770507813 -0.210800170898438
0.00823402404785156 0.0149202346801758 0.219635009765625 -0.49627685546875
-0.0320014953613281 0.00258064270019531 0.720947265625 -0.23504638671875
-0.0581703186035156 -0.0529441833496094 0.662841796875 0.588623046875
0.01702880859375 -0.17852783203125 -0.0166625976562501 0.94744873046875
0.1317138671875 -0.159881591796875 -0.270050048828125 0.48785400390625
0.145156860351563 -0.157882690429688 0.129592895507813 -0.151397705078125
0.0102386474609375 -0.168106079101563 -0.0916137695312501 -0.77117919921875
-0.069091796875 -0.0972061157226563 -0.76129150390625 -0.51019287109375
-0.0501174926757813 -0.00271606445312501 -0.67254638671875 0.34521484375
-4.38690185546869E-05 0.0246734619140625 -0.05084228515625 0.5965576171875
0.0221424102783203 0.0122222900390625 0.292510986328125 0.37176513671875
0.0231399536132813 0.0257167816162109 0.3819580078125 0.01983642578125
0.0342082977294922 0.0137825012207031 0.265426635742188 -0.22442626953125
0.0502510070800781 -0.00676345825195312 -0.2890625 0.158538818359375
0.050994873046875 0.0230979919433594 -0.215408325195313 -0.182342529296875
0.0177192687988281 0.0168533325195313 0.12188720703125 -0.504119873046875
-0.0264320373535156 0.00836563110351563 0.640380859375 -0.3509521484375
-0.07086181640625 -0.0519561767578125 0.74176025390625 0.4263916015625
-0.014129638671875 -0.211593627929688 0.162109375 0.9102783203125
0.133346557617188 -0.229690551757813 -0.22186279296875 0.5677490234375
0.188034057617188 -0.217666625976562 0.0884552001953125 -0.0718536376953125
0.0294342041015625 -0.232940673828125 -0.00262451171874993 -0.7412109375
-0.07696533203125 -0.141464233398438 -0.6724853515625 -0.63128662109375
-0.0645828247070313 -0.0168304443359375 -0.74639892578125 0.223388671875
-0.00341987609863281 0.0245380401611328 -0.16876220703125 0.59539794921875
0.0266857147216797 0.0137958526611328 0.224151611328125 0.4228515625
0.0300216674804687 0.025909423828125 0.374420166015625 0.0599365234375
0.0446586608886719 0.0210685729980469 0.280075073242188 -0.208206176757813
-0.0246047973632812 -0.0658645629882812 -0.29766845703125 0.185272216796875
-0.01116943359375 -0.0132713317871094 -0.323944091796875 -0.093048095703125
-0.011322021484375 -0.039306640625 -0.10540771484375 -0.462432861328125
0.020111083984375 -0.002838134765625 0.373321533203125 -0.56109619140625
0.0489501953125 0.0732192993164063 0.7877197265625 0.02313232421875
0.042694091796875 0.146728515625 0.54827880859375 0.71978759765625
-0.0148468017578125 0.231292724609375 -0.0200805664062499 0.694091796875
-0.13140869140625 0.214401245117188 0.0433349609375 0.0846328735351563
-0.04156494140625 0.23162841796875 0.235595703125 -0.63897705078125
0.05810546875 0.141586303710937 -0.3466796875 -0.914794921875
0.05352783203125 0.0521202087402344 -0.83526611328125 -0.17755126953125
0.0112943649291992 0.00370979309082031 -0.471405029296875 0.492523193359375
0.00172615051269531 -0.02239990234375 0.000518798828124985 0.4874267578125
-0.0253143310546875 -0.0298652648925781 0.294036865234375 0.15960693359375
-0.0336456298828125 -0.0438232421875 0.2808837890625 -0.171844482421875
-0.0190048217773437 -0.0647354125976563 -0.301422119140625 0.16986083984375
-0.00484848022460938 -0.00750732421875 -0.278900146484375 -0.14215087890625
-0.006988525390625 -0.0317497253417969 0.01751708984375 -0.4991455078125
0.0144939422607422 0.00840950012207031 0.533966064453125 -0.47515869140625
0.0294876098632812 0.0837936401367188 0.78839111328125 0.23895263671875
0.0159454345703125 0.154937744140625 0.36163330078125 0.8468017578125
-0.0481414794921875 0.234451293945313 -0.12469482421875 0.62347412109375
-0.125701904296875 0.208648681640625 0.0930328369140625 -0.02020263671875
-0.00981140136718752 0.21405029296875 0.118896484375 -0.7252197265625
0.0732192993164063 0.108924865722656 -0.55157470703125 -0.78875732421875
0.0475311279296875 0.0289344787597656 -0.8153076171875 0.0477294921875002
0.00222468376159668 0.00403428077697754 -0.31121826171875 0.56732177734375
-0.00442695617675781 -0.0175933837890625 0.122772216796875 0.4537353515625
-0.0284290313720703 -0.0198822021484375 0.32891845703125 0.107452392578125
-0.03375244140625 -0.0393524169921875 0.271194458007813 -0.194534301757813
-0.00849533081054688 -0.058441162109375 -0.300445556640625 0.156097412109375
0.00405740737915039 0.00107765197753906 -0.228622436523438 -0.18328857421875
-0.00469589233398438 -0.0193557739257813 0.138946533203125 -0.509857177734375
0.00325870513916015 0.0145778656005859 0.6610107421875 -0.35455322265625
0.003326416015625 0.07708740234375 0.7359619140625 0.4476318359375
-0.0115966796875 0.126983642578125 0.15203857421875 0.92889404296875
-0.06036376953125 0.194061279296875 -0.205810546875 0.541900634765625
-0.0937957763671875 0.169601440429688 0.133644104003906 -0.113677978515625
0.014739990234375 0.16021728515625 0.000488281250000086 -0.775390625
0.0648422241210938 0.0627975463867187 -0.69830322265625 -0.6416015625
0.0296459197998047 0.0114479064941406 -0.750244140625 0.23004150390625
-0.00650930404663086 0.00732803344726563 -0.1595458984375 0.5965576171875
-0.00673198699951172 -0.00845479965209961 0.223388671875 0.404144287109375
-0.0258026123046875 -0.0086212158203125 0.3526611328125 0.057159423828125
-0.0277633666992187 -0.0321235656738281 0.260406494140625 -0.214370727539063
0.00374603271484375 -0.0490760803222656 -0.2969970703125 0.145294189453125
0.012822151184082 0.0111799240112305 -0.182510375976562 -0.211502075195313
-0.00185537338256836 -0.00844335556030273 0.23095703125 -0.500244140625
-0.0102014541625977 0.0136098861694336 0.73699951171875 -0.23773193359375
-0.0195732116699219 0.0489997863769531 0.65576171875 0.60247802734375
-0.0175971984863281 0.0639610290527344 -0.0231933593749999 0.9576416015625
-0.0365829467773438 0.123008728027344 -0.256744384765625 0.473602294921875
-0.043701171875 0.101356506347656 0.160629272460938 -0.17962646484375
0.022308349609375 0.083343505859375 -0.09356689453125 -0.79840087890625
0.0374794006347656 0.0195426940917969 -0.77911376953125 -0.5159912109375
0.00809144973754883 0.00231456756591797 -0.6761474609375 0.34661865234375
-0.00746536254882812 0.0131244659423828 -0.0438232421874999 0.5975341796875
-0.00341510772705078 -0.00107741355895996 0.292938232421875 0.35791015625
-0.016392707824707 0.00226020812988281 0.36761474609375 0.01763916015625
-0.0143871307373047 -0.0222187042236328 0.252517700195313 -0.227691650390625
0.0174407958984375 -0.0365753173828125 -0.29254150390625 0.138671875
0.0220146179199219 0.0194778442382813 -0.155975341796875 -0.225433349609375
-0.000757217407226563 0.0019681453704834 0.280914306640625 -0.489532470703125
-0.0235252380371094 0.00702857971191406 0.7681884765625 -0.166748046875
-0.0352516174316406 0.00687789916992187 0.5980224609375 0.68096923828125
-0.000894546508789062 -0.0207004547119141 -0.1224365234375 0.9608154296875
0.0218219757080078 0.0300979614257813 -0.281005859375 0.433258056640625
0.0204753875732422 0.0158309936523438 0.169418334960938 -0.2108154296875
0.0158157348632813 -0.00363540649414063 -0.1446533203125 -0.79962158203125
-0.000959396362304687 -0.0198040008544922 -0.8115234375 -0.44183349609375
-0.0128421783447266 0.00252342224121094 -0.62969970703125 0.405029296875
-0.00503730773925781 0.0184307098388672 0.0153808593750001 0.58917236328125
0.0057682991027832 0.0053248405456543 0.3272705078125 0.331024169921875
-0.00265121459960937 0.0137720108032227 0.378326416015625 -0.004852294921875
0.00219535827636719 -0.00904273986816406 0.248565673828125 -0.23583984375
0.0286540985107422 -0.0249900817871094 -0.290069580078125 0.141357421875
0.0327243804931641 0.0247516632080078 -0.153213500976563 -0.22418212890625
0.00213813781738281 0.00965976715087891 0.275054931640625 -0.48974609375
-0.0314693450927734 0.000999450683593753 0.76446533203125 -0.1669921875
-0.0457496643066406 -0.0329437255859375 0.60382080078125 0.6798095703125
0.0180740356445312 -0.108283996582031 -0.12005615234375 0.95928955078125
0.089141845703125 -0.06854248046875 -0.287322998046875 0.43951416015625
0.0860824584960937 -0.07586669921875 0.158233642578125 -0.200775146484375
0.0072174072265625 -0.0898590087890625 -0.1463623046875 -0.792724609375
-0.0401992797851563 -0.0569648742675781 -0.8052978515625 -0.4407958984375
-0.0318565368652344 0.00207138061523437 -0.62811279296875 0.4056396484375
-0.00105667114257812 0.0219974517822266 0.011962890625 0.59100341796875
0.0147380828857422 0.00906467437744141 0.328948974609375 0.337005615234375
0.0116462707519531 0.0216064453125 0.383758544921875 -0.0074462890625
0.0199165344238281 0.00406837463378906 0.253204345703125 -0.23577880859375
0.0418319702148438 -0.01605224609375 -0.289886474609375 0.1478271484375
0.0429153442382812 0.0265083312988281 -0.176223754882813 -0.21044921875
0.00924396514892578 0.0156631469726563 0.21893310546875 -0.500732421875
-0.0329914093017578 0.00162887573242188 0.72601318359375 -0.24169921875
-0.0594596862792969 -0.0547523498535156 0.668212890625 0.590576171875
0.01617431640625 -0.180130004882813 -0.0116577148437499 0.9534912109375
0.132308959960938 -0.162246704101563 -0.269561767578125 0.491851806640625
0.144454956054688 -0.15899658203125 0.130264282226563 -0.151580810546875
0.00827026367187498 -0.16961669921875 -0.0965576171875 -0.77703857421875
-0.0693893432617187 -0.09796142578125 -0.767578125 -0.509033203125
-0.0509605407714844 -0.00203323364257812 -0.67425537109375 0.350341796875
-0.000106811523437501 0.0247611999511719 -0.0471191406250001 0.5999755859375
0.0217666625976563 0.0125541687011719 0.297271728515625 0.371490478515625
0.0246238708496094 0.0262775421142578 0.3846435546875 0.014312744140625
0.0351715087890625 0.0139198303222656 0.264450073242188 -0.226425170898438
0.0496139526367188 -0.0082855224609375 -0.290313720703125 0.16064453125
0.05108642578125 0.0234489440917969 -0.217697143554688 -0.182296752929687
0.0179996490478516 0.0174694061279297 0.1192626953125 -0.507354736328125
-0.0268955230712891 0.00836372375488281 0.6434326171875 -0.35614013671875
-0.071044921875 -0.0524215698242188 0.74749755859375 0.42437744140625
-0.0153961181640625 -0.214218139648438 0.16693115234375 0.91748046875
0.131851196289063 -0.231842041015625 -0.221435546875 0.5728759765625
0.187667846679688 -0.219741821289063 0.0878448486328125 -0.072052001953125
0.0291290283203125 -0.23492431640625 -0.00646972656250004 -0.74505615234375
-0.0780181884765625 -0.141921997070312 -0.6793212890625 -0.633056640625
-0.0650978088378906 -0.0172882080078125 -0.74993896484375 0.22857666015625
-0.00309371948242187 0.024505615234375 -0.16632080078125 0.60302734375
0.0269756317138672 0.0135059356689453 0.227691650390625 0.423858642578125
0.0311107635498047 0.0267906188964844 0.37884521484375 0.0562744140625
0.0450782775878906 0.0212783813476563 0.280685424804688 -0.211395263671875
-0.0246353149414062 -0.066650390625 -0.2974853515625 0.189971923828125
-0.0106143951416016 -0.0133161544799805 -0.326019287109375 -0.089813232421875
-0.0119056701660156 -0.0397377014160156 -0.109588623046875 -0.46484375
0.0192184448242188 -0.00310897827148438 0.37432861328125 -0.56671142578125
0.0504074096679687 0.072265625 0.79620361328125 0.02105712890625
0.0464324951171875 0.14788818359375 0.55694580078125 0.72216796875
-0.014068603515625 0.233749389648438 -0.018310546875 0.698486328125
-0.131805419921875 0.215667724609375 0.0434799194335937 0.085205078125
-0.04058837890625 0.23345947265625 0.23614501953125 -0.64483642578125
0.0594482421875 0.14166259765625 -0.35369873046875 -0.918701171875
0.053802490234375 0.0519599914550781 -0.84246826171875 -0.175048828125
0.0120334625244141 0.00428295135498047 -0.472320556640625 0.5
0.00125694274902344 -0.0228614807128906 0.002777099609375 0.491424560546875
-0.026214599609375 -0.0300121307373047 0.29754638671875 0.1575927734375
-0.0341033935546875 -0.0447273254394531 0.281036376953125 -0.17626953125
-0.0201873779296875 -0.0654411315917969 -0.301177978515625 0.173858642578125
-0.00478982925415039 -0.00805902481079102 -0.2808837890625 -0.141586303710938
-0.00702857971191406 -0.0307407379150391 0.0133056640625 -0.501953125
0.0150957107543945 0.00821781158447266 0.53497314453125 -0.48040771484375
0.0315093994140625 0.0844268798828125 0.7972412109375 0.235595703125
0.017669677734375 0.154754638671875 0.36920166015625 0.8525390625
-0.0460968017578125 0.235198974609375 -0.1231689453125 0.62823486328125
-0.125701904296875 0.211044311523438 0.0923843383789062 -0.0199203491210937
-0.00782775878906251 0.215438842773438 0.11761474609375 -0.73089599609375
0.07489013671875 0.108932495117188 -0.5596923828125 -0.79046630859375
0.0477790832519531 0.02886962890625 -0.8209228515625 0.0532836914062498
0.00111150741577148 0.00343632698059082 -0.309326171875 0.5733642578125
-0.00501632690429688 -0.0176486968994141 0.126220703125 0.45660400390625
-0.0282630920410156 -0.0192661285400391 0.33087158203125 0.104644775390625
-0.0343399047851562 -0.0397109985351563 0.27142333984375 -0.197891235351563
-0.00946044921874999 -0.0601043701171875 -0.300323486328125 0.160186767578125
0.00452661514282227 0.000588893890380859 -0.229995727539063 -0.18450927734375
-0.00382614135742187 -0.0191783905029297 0.134735107421875 -0.513824462890625
0.00457859039306641 0.0147457122802734 0.662841796875 -0.36273193359375
0.005340576171875 0.0772552490234375 0.7432861328125 0.4454345703125
-0.00996398925781249 0.127365112304688 0.15753173828125 0.9354248046875
-0.05902099609375 0.19464111328125 -0.203826904296875 0.546539306640625
-0.0933990478515625 0.170440673828125 0.133682250976563 -0.114700317382812
0.0150299072265625 0.159988403320313 -0.00280761718749996 -0.78271484375
0.0662574768066406 0.0640716552734375 -0.7056884765625 -0.6416015625
0.0296154022216797 0.0107021331787109 -0.75433349609375 0.23638916015625
-0.00581550598144531 0.00752353668212891 -0.15771484375 0.6005859375
-0.00604867935180664 -0.00798988342285156 0.2281494140625 0.407135009765625
-0.0259876251220703 -0.00763702392578125 0.355712890625 0.0540771484375
-0.0277347564697266 -0.0319156646728516 0.261428833007812 -0.217788696289063
0.00366973876953125 -0.0503807067871094 -0.298858642578125 0.147216796875
0.0126962661743164 0.0106639862060547 -0.18408203125 -0.211517333984375
-0.00305843353271484 -0.00730037689208984 0.229888916015625 -0.505126953125
-0.0108633041381836 0.0139646530151367 0.7418212890625 -0.24444580078125
-0.0184135437011719 0.0490226745605469 0.66583251953125 0.60455322265625
-0.0176467895507813 0.06451416015625 -0.02142333984375 0.9647216796875
-0.0357284545898438 0.122238159179688 -0.255157470703125 0.476959228515625
-0.0432510375976563 0.102546691894531 0.1602783203125 -0.181289672851563
0.023040771484375 0.083221435546875 -0.09881591796875 -0.8018798828125
0.0380210876464844 0.0182609558105469 -0.78814697265625 -0.513671875
0.00843667984008789 0.00401973724365234 -0.67913818359375 0.35467529296875
-0.00773143768310547 0.0134792327880859 -0.041015625 0.6015625
-0.00261545181274414 -0.00155091285705566 0.29681396484375 0.3587646484375
-0.0160446166992188 0.00466632843017578 0.371124267578125 0.01348876953125
-0.0146408081054688 -0.0220756530761719 0.251785278320313 -0.2320556640625
0.0170326232910156 -0.037750244140625 -0.2933349609375 0.1424560546875
0.0220832824707031 0.0191020965576172 -0.157470703125 -0.225311279296875
-0.000710487365722656 0.00189149379730225 0.280487060546875 -0.495513916015625
-0.0224761962890625 0.00776290893554687 0.77392578125 -0.17047119140625
-0.035308837890625 0.00625228881835938 0.60772705078125 0.6854248046875
-0.00174903869628906 -0.0213661193847656 -0.11920166015625 0.97027587890625
0.0227298736572266 0.0293941497802734 -0.280029296875 0.43896484375
0.0197505950927734 0.0162429809570313 0.169418334960938 -0.21185302734375
0.0154867172241211 -0.00278854370117187 -0.1500244140625 -0.804931640625
-0.0016632080078125 -0.0207557678222656 -0.81683349609375 -0.43963623046875
-0.0122365951538086 0.00267696380615234 -0.63079833984375 0.41204833984375
-0.00486564636230469 0.0175619125366211 0.0198974609374999 0.591552734375
0.00484180450439453 0.00522947311401367 0.33416748046875 0.332000732421875
-0.00203990936279297 0.0145063400268555 0.3798828125 -0.008941650390625
0.00282001495361328 -0.00975227355957031 0.249343872070313 -0.239151000976563
0.0287761688232422 -0.0269584655761719 -0.290863037109375 0.14495849609375
0.0341854095458984 0.0238037109375 -0.155197143554687 -0.225494384765625
0.00296783447265625 0.0107145309448242 0.273529052734375 -0.495208740234375
-0.0325527191162109 0.00096511840820312 0.76837158203125 -0.17486572265625
-0.0454788208007813 -0.0335960388183594 0.61248779296875 0.68084716796875
0.0186691284179687 -0.109527587890625 -0.1158447265625 0.9693603515625
0.089263916015625 -0.0692596435546875 -0.287017822265625 0.44451904296875
0.086822509765625 -0.0757217407226562 0.158523559570313 -0.202285766601563
0.00640869140625 -0.0897216796875 -0.15130615234375 -0.79632568359375
-0.041473388671875 -0.0574569702148437 -0.81396484375 -0.43994140625
-0.0322685241699219 0.00218009948730469 -0.6300048828125 0.41033935546875
-0.00113105773925781 0.0219879150390625 0.0181884765625 0.595458984375
0.0137720108032227 0.00986957550048828 0.332611083984375 0.33563232421875
0.0136241912841797 0.0218143463134766 0.387603759765625 -0.00921630859375
0.0206546783447266 0.00299835205078125 0.253463745117188 -0.2391357421875
0.0413131713867187 -0.0175743103027344 -0.289093017578125 0.152496337890625
0.0434913635253906 0.025604248046875 -0.17864990234375 -0.210342407226563
0.00929641723632812 0.0163669586181641 0.21527099609375 -0.506744384765625
-0.0331974029541016 0.00205039978027344 0.729248046875 -0.24932861328125
-0.05889892578125 -0.0559616088867188 0.67608642578125 0.59014892578125
0.0155029296875 -0.1817626953125 -0.00671386718749995 0.9603271484375
0.131210327148438 -0.163772583007813 -0.268035888671875 0.495819091796875
0.145156860351563 -0.16058349609375 0.129470825195313 -0.15362548828125
0.00791931152343752 -0.171310424804688 -0.0988769531249999 -0.78094482421875
-0.0701828002929687 -0.0989532470703125 -0.77593994140625 -0.50860595703125
-0.0516586303710938 -0.00254058837890624 -0.6761474609375 0.35638427734375
-5.53131103515624E-05 0.0254898071289063 -0.0435791015625 0.60650634765625
0.0229396820068359 0.0124053955078125 0.303192138671875 0.372314453125
0.0246715545654297 0.0262413024902344 0.387359619140625 0.011993408203125
0.0353584289550781 0.0132369995117188 0.264556884765625 -0.230239868164062
0.04998779296875 -0.00954818725585938 -0.28924560546875 0.164886474609375
0.0518913269042969 0.0231399536132813 -0.219284057617188 -0.181594848632813
0.0185699462890625 0.0174350738525391 0.11676025390625 -0.511199951171875
-0.0268917083740234 0.00759506225585937 0.644287109375 -0.365234375
-0.0711898803710937 -0.052520751953125 0.7559814453125 0.42205810546875
-0.0163726806640625 -0.216262817382813 0.1710205078125 0.92315673828125
0.1319580078125 -0.234817504882813 -0.21771240234375 0.57891845703125
0.188446044921875 -0.222915649414063 0.089691162109375 -0.0716018676757813
0.0273590087890625 -0.235702514648438 -0.01007080078125 -0.74957275390625
-0.0797119140625 -0.143936157226563 -0.689697265625 -0.6324462890625
-0.065185546875 -0.0163497924804688 -0.7528076171875 0.234130859375
-0.00416374206542969 0.0237922668457031 -0.16424560546875 0.6068115234375
0.0268707275390625 0.0143527984619141 0.2301025390625 0.427825927734375
0.0321388244628906 0.0265293121337891 0.381103515625 0.052947998046875
0.0452995300292969 0.018768310546875 0.281463623046875 -0.21539306640625
-0.0257186889648438 -0.0685043334960938 -0.29656982421875 0.19354248046875
-0.00867748260498047 -0.0141334533691406 -0.328216552734375 -0.0879211425781249
-0.0121994018554687 -0.0389404296875 -0.11407470703125 -0.466827392578125
0.0194892883300781 -0.00358390808105469 0.37176513671875 -0.575439453125
0.0520858764648437 0.07244873046875 0.79974365234375 0.013427734375
0.04864501953125 0.14825439453125 0.5654296875 0.7216796875
-0.0132598876953125 0.234771728515625 -0.01275634765625 0.70379638671875
-0.13201904296875 0.218521118164062 0.044342041015625 0.0858154296875
-0.0392303466796875 0.23406982421875 0.23199462890625 -0.65081787109375
0.061676025390625 0.141265869140625 -0.36199951171875 -0.9228515625
0.0557708740234375 0.052886962890625 -0.84967041015625 -0.17059326171875
0.011296272277832 0.00303363800048828 -0.4720458984375 0.506988525390625
0.000482559204101562 -0.0231456756591797 0.00756835937499998 0.49542236328125
-0.02667236328125 -0.0293750762939453 0.30157470703125 0.154388427734375
-0.0354270935058594 -0.043609619140625 0.281646728515625 -0.180084228515625
-0.0194816589355469 -0.0667190551757813 -0.302032470703125 0.1785888671875
-0.00325536727905273 -0.00808191299438477 -0.284149169921875 -0.139129638671875
-0.00771141052246093 -0.0302104949951172 0.01055908203125 -0.5052490234375
0.0148820877075195 0.00787448883056641 0.5347900390625 -0.4901123046875
0.0339126586914063 0.0843734741210938 0.802734375 0.23077392578125
0.0206146240234375 0.156356811523438 0.376220703125 0.85540771484375
-0.04443359375 0.236801147460937 -0.11944580078125 0.6343994140625
-0.12652587890625 0.213348388671875 0.0934219360351563 -0.021148681640625
-0.00650024414062501 0.215347290039062 0.11328125 -0.7366943359375
0.077606201171875 0.108665466308594 -0.56915283203125 -0.79345703125
0.0481643676757813 0.0289535522460938 -0.8271484375 0.06103515625
0.00164890289306641 0.00434160232543945 -0.30743408203125 0.58111572265625
-0.00468540191650391 -0.017486572265625 0.131927490234375 0.45745849609375
-0.0297508239746094 -0.0184574127197266 0.336181640625 0.102630615234375
-0.0347251892089844 -0.0391731262207031 0.27056884765625 -0.20111083984375
-0.00978088378906249 -0.0610389709472656 -0.30096435546875 0.164306640625
0.00546741485595703 0.000536441802978516 -0.23291015625 -0.181976318359375
-0.004730224609375 -0.0196342468261719 0.131927490234375 -0.518890380859375
0.00379371643066406 0.015167236328125 0.66448974609375 -0.3707275390625
0.00700378417968749 0.0771026611328125 0.7530517578125 0.44189453125
-0.00758361816406251 0.128349304199219 0.16534423828125 0.94036865234375
-0.0583648681640625 0.196929931640625 -0.20166015625 0.551788330078125
-0.093475341796875 0.173019409179688 0.133598327636719 -0.115570068359375
0.018157958984375 0.160385131835938 -0.00677490234374998 -0.78912353515625
0.0673446655273438 0.0636634826660156 -0.7161865234375 -0.64129638671875
0.0302219390869141 0.0113639831542969 -0.75640869140625 0.2432861328125
-0.00574636459350586 0.00788640975952148 -0.15277099609375 0.60723876953125
-0.00669384002685547 -0.00937175750732422 0.234161376953125 0.40765380859375
-0.0247097015380859 -0.00673484802246094 0.359405517578125 0.051910400390625
-0.0275135040283203 -0.0320148468017578 0.26025390625 -0.219955444335938
0.00312042236328125 -0.0512161254882813 -0.297119140625 0.15283203125
0.0145721435546875 0.0100164413452148 -0.18731689453125 -0.210617065429687
-0.00334262847900391 -0.00810956954956055 0.227874755859375 -0.51092529296875
-0.0107221603393555 0.0141868591308594 0.74591064453125 -0.25244140625
-0.0176010131835938 0.0493354797363281 0.67193603515625 0.60345458984375
-0.0159492492675781 0.0642852783203125 -0.01361083984375 0.9737548828125
-0.03546142578125 0.122611999511719 -0.253570556640625 0.48345947265625
-0.0431442260742188 0.103736877441406 0.160751342773438 -0.182388305664063
0.0237197875976562 0.0825958251953125 -0.10406494140625 -0.80828857421875
0.0385780334472656 0.0182113647460938 -0.79638671875 -0.51129150390625
0.00828075408935547 0.00374841690063477 -0.67877197265625 0.36199951171875
-0.00733089447021484 0.0139923095703125 -0.0372314453125 0.60589599609375
-0.0033118724822998 -0.00152063369750977 0.30279541015625 0.35736083984375
-0.015106201171875 0.00484752655029297 0.373687744140625 0.010833740234375
-0.0141944885253906 -0.0233631134033203 0.2515869140625 -0.235687255859375
0.0167236328125 -0.0404624938964844 -0.292816162109375 0.146728515625
0.0237445831298828 0.0187110900878906 -0.160140991210938 -0.22601318359375
-0.000406026840209961 0.00252771377563477 0.276702880859375 -0.500396728515625
-0.0238075256347656 0.00715446472167969 0.77691650390625 -0.1795654296875
-0.0339641571044922 0.00552749633789063 0.6171875 0.684326171875
-0.000490188598632813 -0.0212669372558594 -0.11346435546875 0.97601318359375
0.0222911834716797 0.0287647247314453 -0.279296875 0.443817138671875
0.0206661224365234 0.0162792205810547 0.168441772460938 -0.213546752929688
0.0160150527954102 -0.00370407104492188 -0.15716552734375 -0.80908203125
-0.000572204589843751 -0.0208759307861328 -0.82794189453125 -0.43548583984375
-0.0131998062133789 0.00269031524658203 -0.6329345703125 0.419677734375
-0.00403213500976562 0.0183277130126953 0.0233154296875 0.59552001953125
0.00499248504638672 0.0048980712890625 0.3394775390625 0.331787109375
-0.00116825103759766 0.0146398544311523 0.384033203125 -0.013427734375
0.00258541107177734 -0.00908565521240235 0.248062133789062 -0.241256713867188
0.0292415618896484 -0.0277462005615234 -0.290069580078125 0.14794921875
0.0345478057861328 0.0229988098144531 -0.157470703125 -0.225738525390625
0.00337982177734375 0.0111532211303711 0.270172119140625 -0.500823974609375
-0.0316123962402344 0.000900268554687504 0.770263671875 -0.18359375
-0.0460357666015625 -0.0343856811523437 0.6221923828125 0.6802978515625
0.0178985595703125 -0.111038208007813 -0.10968017578125 0.9757080078125
0.0892715454101563 -0.0713348388671875 -0.284820556640625 0.45068359375
0.0853958129882813 -0.0777664184570313 0.157455444335938 -0.2041015625
0.00507354736328124 -0.0918350219726563 -0.1568603515625 -0.80029296875
-0.0414886474609375 -0.057525634765625 -0.82391357421875 -0.4346923828125
-0.0321388244628906 0.00289535522460938 -0.631591796875 0.41845703125
-0.000680923461914062 0.0229282379150391 0.022705078125 0.597412109375
0.0149812698364258 0.0100975036621094 0.340576171875 0.33624267578125
0.0140666961669922 0.0221042633056641 0.38934326171875 -0.01434326171875
0.0200634002685547 0.00311279296875 0.252593994140625 -0.242965698242188
0.0412368774414063 -0.0184707641601563 -0.289825439453125 0.15545654296875
0.0454139709472656 0.0246086120605469 -0.181365966796875 -0.211105346679688
0.00911903381347656 0.0165910720825195 0.213714599609375 -0.511260986328125
-0.0340976715087891 0.00197601318359375 0.7315673828125 -0.2576904296875
-0.0594635009765625 -0.0565948486328125 0.688232421875 0.58642578125
0.0135955810546875 -0.18389892578125 -0.00177001953124997 0.9686279296875
0.13153076171875 -0.166717529296875 -0.266082763671875 0.50164794921875
0.144760131835938 -0.161895751953125 0.130172729492188 -0.15447998046875
0.00540161132812499 -0.172561645507813 -0.10589599609375 -0.78509521484375
-0.0713272094726563 -0.0984420776367188 -0.78582763671875 -0.50543212890625
-0.0517921447753906 -0.00165939331054687 -0.679443359375 0.36456298828125
-0.000135421752929689 0.0246181488037109 -0.0406494140625 0.6083984375
0.0233173370361328 0.0127143859863281 0.308197021484375 0.371734619140625
0.0261478424072266 0.0257663726806641 0.389923095703125 0.007049560546875
0.03668212890625 0.0126876831054688 0.265869140625 -0.234817504882813
0.0493659973144531 -0.0112495422363281 -0.289947509765625 0.169219970703125
0.0535926818847656 0.0228614807128906 -0.223281860351562 -0.180404663085938
0.0193710327148438 0.0170516967773438 0.11297607421875 -0.5164794921875
-0.0276947021484375 0.00807762145996093 0.645751953125 -0.3719482421875
-0.0708694458007813 -0.0523147583007812 0.76312255859375 0.42047119140625
-0.0185699462890625 -0.218490600585938 0.18048095703125 0.92816162109375
0.131240844726563 -0.236770629882813 -0.21612548828125 0.5831298828125
0.18634033203125 -0.224700927734375 0.0886001586914063 -0.0725936889648438
0.0251617431640625 -0.236984252929688 -0.0142822265624999 -0.7557373046875
-0.0822296142578125 -0.143081665039062 -0.69854736328125 -0.63079833984375
-0.0666351318359375 -0.0165557861328125 -0.7562255859375 0.2412109375
-0.00263786315917969 0.0250911712646484 -0.16082763671875 0.61138916015625
0.0278186798095703 0.0126514434814453 0.237213134765625 0.427154541015625
0.0332508087158203 0.0263595581054687 0.385894775390625 0.04925537109375
0.0474929809570313 0.0192031860351563 0.281112670898438 -0.219985961914063
-0.0266914367675781 -0.0688552856445313 -0.295989990234375 0.198883056640625
-0.00894260406494141 -0.0141754150390625 -0.33056640625 -0.083648681640625
-0.0133438110351562 -0.0381240844726563 -0.11907958984375 -0.4678955078125
0.0190296173095703 -0.00375938415527344 0.3671875 -0.5816650390625
0.05438232421875 0.0726547241210938 0.8050537109375 0.00543212890625
0.050384521484375 0.148223876953125 0.57470703125 0.72222900390625
-0.01055908203125 0.235153198242188 -0.00750732421874994 0.7081298828125
-0.131454467773438 0.220947265625 0.0449066162109375 0.0861892700195313
-0.0367584228515625 0.236038208007813 0.2276611328125 -0.655517578125
0.0639801025390625 0.143569946289063 -0.3740234375 -0.92535400390625
0.0568504333496094 0.0521926879882813 -0.856689453125 -0.16424560546875
0.0126829147338867 0.00427436828613281 -0.470672607421875 0.51361083984375
0.00136184692382813 -0.0235557556152344 0.01239013671875 0.498443603515625
-0.0275669097900391 -0.0289783477783203 0.305419921875 0.1529541015625
-0.03521728515625 -0.0425910949707031 0.28204345703125 -0.1844482421875
-0.0206565856933594 -0.0667762756347656 -0.301025390625 0.183563232421875
-0.00236654281616211 -0.00808095932006836 -0.286956787109375 -0.136383056640625
-0.00889968872070313 -0.0312252044677734 0.00384521484374997 -0.5086669921875
0.0147266387939453 0.00737476348876953 0.533721923828125 -0.49908447265625
0.0362014770507812 0.0830612182617188 0.81182861328125 0.225341796875
0.023223876953125 0.157241821289063 0.38568115234375 0.8565673828125
-0.0420684814453125 0.237411499023438 -0.1141357421875 0.63946533203125
-0.1248779296875 0.215362548828125 0.0937271118164062 -0.02197265625
-0.00349426269531249 0.21783447265625 0.1080322265625 -0.7425537109375
0.0781631469726563 0.108932495117188 -0.58050537109375 -0.7933349609375
0.0491752624511719 0.0284500122070313 -0.8299560546875 0.0665893554687501
0.00228357315063477 0.00470161437988281 -0.30328369140625 0.58624267578125
-0.00626373291015625 -0.0171279907226563 0.137359619140625 0.460113525390625
-0.0294094085693359 -0.0186271667480469 0.337890625 0.09930419921875
-0.0351142883300781 -0.0399246215820313 0.270919799804688 -0.205902099609375
-0.0116729736328125 -0.061859130859375 -0.299285888671875 0.16912841796875
0.0059819221496582 0.000394344329833984 -0.235702514648438 -0.18048095703125
-0.00579071044921875 -0.0188236236572266 0.128082275390625 -0.5230712890625
0.00394821166992187 0.0151767730712891 0.66583251953125 -0.379150390625
0.00858306884765625 0.0777511596679688 0.7623291015625 0.43865966796875
-0.00634765625000001 0.128471374511719 0.17401123046875 0.9456787109375
-0.055938720703125 0.197647094726563 -0.1983642578125 0.55828857421875
-0.09332275390625 0.173843383789062 0.134246826171875 -0.11700439453125
0.020172119140625 0.160797119140625 -0.0145874023437499 -0.79266357421875
0.0697784423828125 0.062652587890625 -0.7264404296875 -0.63885498046875
0.0299053192138672 0.0110511779785156 -0.75958251953125 0.25238037109375
-0.00507688522338867 0.00764274597167969 -0.14886474609375 0.61224365234375
-0.00697612762451172 -0.00899887084960937 0.238525390625 0.4080810546875
-0.0248317718505859 -0.006439208984375 0.361328125 0.046783447265625
-0.0281448364257812 -0.0324077606201172 0.259353637695313 -0.225311279296875
0.00157928466796875 -0.0523948669433594 -0.296539306640625 0.157562255859375
0.0150432586669922 0.00975513458251953 -0.18988037109375 -0.210891723632812
-0.00316619873046875 -0.0068354606628418 0.223968505859375 -0.5162353515625
-0.0109882354736328 0.0138778686523438 0.7459716796875 -0.26116943359375
-0.0167922973632813 0.0486984252929687 0.68292236328125 0.60076904296875
-0.015289306640625 0.0645523071289063 -0.00427246093750002 0.97955322265625
-0.0338516235351562 0.123893737792969 -0.249542236328125 0.487548828125
-0.0430374145507813 0.104713439941406 0.160446166992188 -0.184371948242187
0.0245361328125 0.0835113525390625 -0.11175537109375 -0.81103515625
0.0391502380371094 0.0178031921386719 -0.8045654296875 -0.50714111328125
0.0086369514465332 0.00299072265625 -0.680908203125 0.37091064453125
-0.00658893585205078 0.0127019882202148 -0.0302124023437501 0.609130859375
-0.00317168235778809 -0.00100207328796387 0.31011962890625 0.35858154296875
-0.0151758193969727 0.00543689727783203 0.3760986328125 0.00543212890625
-0.0145912170410156 -0.0213985443115234 0.2510986328125 -0.240081787109375
0.0159149169921875 -0.0416603088378906 -0.29241943359375 0.1513671875
0.0252666473388672 0.0179920196533203 -0.161972045898437 -0.225006103515625
-0.0014345645904541 0.00234222412109375 0.27337646484375 -0.506805419921875
-0.0242023468017578 0.00784492492675781 0.77911376953125 -0.1904296875
-0.0331974029541016 0.00638198852539062 0.62713623046875 0.68255615234375
-0.000915527343750002 -0.0227108001708984 -0.10540771484375 0.98614501953125
0.0230484008789063 0.0278701782226563 -0.275238037109375 0.450897216796875
0.0196151733398438 0.0152225494384766 0.168472290039063 -0.2161865234375
0.0155448913574219 -0.00402545928955078 -0.16412353515625 -0.81201171875
-0.0013427734375 -0.0206813812255859 -0.8370361328125 -0.43157958984375
-0.0127401351928711 0.00209140777587891 -0.6317138671875 0.4281005859375
-0.0041961669921875 0.0186958312988281 0.03057861328125 0.599365234375
0.00572061538696289 0.00526237487792969 0.345062255859375 0.3299560546875
-0.000245094299316407 0.0150146484375 0.38519287109375 -0.018096923828125
0.00331401824951172 -0.01007080078125 0.24725341796875 -0.246322631835938
0.0280570983886719 -0.0298290252685547 -0.29058837890625 0.153045654296875
0.0354118347167969 0.0234298706054688 -0.1605224609375 -0.225631713867188
0.00208091735839844 0.0115604400634766 0.266632080078125 -0.50823974609375
-0.0323562622070312 0.00180244445800782 0.7725830078125 -0.19244384765625
-0.0457191467285156 -0.033660888671875 0.63287353515625 0.67742919921875
0.0175094604492188 -0.1121826171875 -0.10467529296875 0.98504638671875
0.0887603759765625 -0.0730209350585938 -0.2821044921875 0.454986572265625
0.0854339599609375 -0.0784454345703125 0.156646728515625 -0.205947875976562
0.0047607421875 -0.0923995971679687 -0.16436767578125 -0.80316162109375
-0.0423851013183594 -0.0578193664550781 -0.83245849609375 -0.4307861328125
-0.032745361328125 0.00225257873535157 -0.6297607421875 0.42913818359375
-0.000141143798828125 0.0225868225097656 0.0289916992187499 0.60125732421875
0.0152149200439453 0.008758544921875 0.345611572265625 0.334075927734375
0.0148067474365234 0.0219974517822266 0.389862060546875 -0.02008056640625
0.0213871002197266 0.00202369689941406 0.251632690429688 -0.247665405273438
0.0397605895996094 -0.01971435546875 -0.289825439453125 0.160491943359375
0.0460662841796875 0.0240478515625 -0.183517456054688 -0.209976196289063
0.00939083099365234 0.016545295715332 0.208587646484375 -0.518096923828125
-0.0349941253662109 0.00290870666503906 0.73419189453125 -0.2667236328125
-0.059356689453125 -0.0569877624511719 0.6971435546875 0.5838623046875
0.0127716064453125 -0.185302734375 0.0061645507812499 0.9754638671875
0.1292724609375 -0.169281005859375 -0.262939453125 0.507598876953125
0.144195556640625 -0.164169311523438 0.13006591796875 -0.155960083007813
0.00430297851562501 -0.17425537109375 -0.11383056640625 -0.78912353515625
-0.0726318359375 -0.098388671875 -0.79351806640625 -0.50091552734375
-0.0519180297851562 -0.00123977661132812 -0.6795654296875 0.37225341796875
0.000755310058593748 0.0247993469238281 -0.0333251953124999 0.61328125
0.0237789154052734 0.0125637054443359 0.315032958984375 0.37017822265625
0.0264072418212891 0.0263557434082031 0.392852783203125 0.00213623046875
0.0377693176269531 0.0123634338378906 0.26458740234375 -0.238876342773438
0.0495452880859375 -0.0128402709960937 -0.28851318359375 0.17327880859375
0.0546226501464844 0.0205764770507813 -0.226318359375 -0.178619384765625
0.0190067291259766 0.017242431640625 0.106903076171875 -0.521820068359375
-0.0289402008056641 0.00850486755371094 0.64581298828125 -0.38226318359375
-0.0715255737304688 -0.0522994995117188 0.771484375 0.41510009765625
-0.0211181640625 -0.218490600585938 0.1905517578125 0.9346923828125
0.128005981445313 -0.240386962890625 -0.211181640625 0.58868408203125
0.185348510742188 -0.22674560546875 0.0888824462890625 -0.0742416381835938
0.0233306884765625 -0.239837646484375 -0.0214843750000001 -0.759033203125
-0.08331298828125 -0.14306640625 -0.70782470703125 -0.62908935546875
-0.0679359436035156 -0.0159492492675781 -0.7578125 0.25030517578125
-0.00336456298828125 0.0243911743164062 -0.155517578125 0.61639404296875
0.0288028717041016 0.0130329132080078 0.24346923828125 0.42803955078125
0.0340690612792969 0.0263843536376953 0.386688232421875 0.043182373046875
0.0476951599121094 0.01898193359375 0.280990600585938 -0.224945068359375
-0.0278549194335938 -0.0692901611328125 -0.2943115234375 0.20355224609375
-0.00779056549072265 -0.0148429870605469 -0.3326416015625 -0.08038330078125
-0.0140495300292969 -0.0375213623046875 -0.124267578125 -0.46923828125
0.0197048187255859 -0.00328826904296875 0.36212158203125 -0.59033203125
0.0561447143554688 0.0712051391601563 0.8074951171875 -0.00225830078125
0.053192138671875 0.147064208984375 0.5859375 0.72027587890625
-0.00756835937500002 0.235092163085938 -0.00146484375000006 0.7110595703125
-0.12994384765625 0.22247314453125 0.046783447265625 0.0864181518554688
-0.034912109375 0.236038208007813 0.22271728515625 -0.66180419921875
0.067352294921875 0.142745971679688 -0.38348388671875 -0.92559814453125
0.0584564208984375 0.0523719787597656 -0.86383056640625 -0.1578369140625
0.011998176574707 0.00369739532470703 -0.466400146484375 0.522369384765625
0.000200271606445312 -0.02410888671875 0.01806640625 0.501373291015625
-0.0279541015625 -0.0283756256103516 0.309326171875 0.14947509765625
-0.0352439880371094 -0.0427742004394531 0.28021240234375 -0.189178466796875
-0.0222434997558594 -0.0691871643066406 -0.29937744140625 0.188720703125
-0.00196456909179687 -0.00798702239990234 -0.288482666015625 -0.133636474609375
-0.0098724365234375 -0.0301837921142578 -0.00122070312499999 -0.512847900390625
0.0150928497314453 0.00733852386474609 0.530670166015625 -0.50787353515625
0.0368118286132813 0.0836944580078125 0.8172607421875 0.21759033203125
0.0249481201171875 0.156646728515625 0.39788818359375 0.8587646484375
-0.0401763916015625 0.237762451171875 -0.10809326171875 0.64361572265625
-0.123672485351563 0.218246459960937 0.0938491821289062 -0.022064208984375
-0.00157165527343751 0.217041015625 0.10205078125 -0.7469482421875
0.0804443359375 0.108474731445312 -0.5914306640625 -0.7904052734375
0.0499076843261719 0.0283470153808594 -0.83514404296875 0.07708740234375
0.00218915939331055 0.00398921966552734 -0.29766845703125 0.59271240234375
-0.00637054443359375 -0.0169944763183594 0.14288330078125 0.46185302734375
-0.0298118591308594 -0.0179939270019531 0.342254638671875 0.095855712890625
-0.0350494384765625 -0.039642333984375 0.269027709960938 -0.210128784179688
-0.0124740600585938 -0.0630950927734375 -0.298980712890625 0.173065185546875
0.00687503814697266 -0.000626087188720703 -0.237319946289063 -0.17822265625
-0.00600051879882813 -0.0176982879638672 0.12127685546875 -0.527496337890625
0.00331211090087891 0.0145654678344727 0.664794921875 -0.388916015625
0.010589599609375 0.0770416259765625 0.76983642578125 0.43212890625
-0.00393676757812499 0.129173278808594 0.18499755859375 0.95025634765625
-0.05517578125 0.198593139648438 -0.19293212890625 0.562744140625
-0.09246826171875 0.1766357421875 0.133476257324219 -0.118179321289062
0.0212249755859375 0.160858154296875 -0.0218505859375 -0.7960205078125
0.0707931518554687 0.0624618530273437 -0.73724365234375 -0.63427734375
0.0310115814208984 0.0109939575195313 -0.76275634765625 0.26226806640625
-0.00464105606079102 0.00821924209594727 -0.14166259765625 0.617431640625
-0.0071868896484375 -0.00961875915527344 0.245758056640625 0.40899658203125
-0.0249900817871094 -0.00645256042480469 0.364715576171875 0.041961669921875
-0.0288162231445312 -0.0321369171142578 0.25787353515625 -0.229034423828125
0.00118637084960937 -0.0544357299804688 -0.29473876953125 0.16162109375
0.0165519714355469 0.00987339019775391 -0.192276000976562 -0.208023071289063
-0.00282049179077148 -0.00652408599853516 0.21875 -0.52301025390625
-0.0114402770996094 0.0145196914672852 0.7479248046875 -0.27276611328125
-0.0157737731933594 0.0487022399902344 0.692626953125 0.59625244140625
-0.0135116577148438 0.0648117065429688 0.00427246093750009 0.98529052734375
-0.0331344604492188 0.123062133789063 -0.2469482421875 0.49432373046875
-0.0414581298828125 0.105659484863281 0.1593017578125 -0.18695068359375
0.0258026123046875 0.0828018188476562 -0.11895751953125 -0.81378173828125
0.0408515930175781 0.0173873901367187 -0.81549072265625 -0.49932861328125
0.00908851623535156 0.00319671630859375 -0.67974853515625 0.38018798828125
-0.00752067565917969 0.0135107040405273 -0.024169921875 0.61334228515625
-0.00263619422912598 -0.000721216201782227 0.315216064453125 0.35516357421875
-0.0145654678344727 0.00528907775878906 0.378265380859375 0.000518798828125
-0.0140304565429688 -0.0220794677734375 0.249191284179688 -0.243072509765625
0.0144500732421875 -0.0424156188964844 -0.290802001953125 0.15582275390625
0.0259552001953125 0.0175380706787109 -0.165328979492188 -0.224273681640625
-0.00117635726928711 0.00338530540466309 0.268646240234375 -0.51361083984375
-0.0245838165283203 0.00766563415527344 0.780517578125 -0.20013427734375
-0.0335884094238281 0.00547599792480469 0.6380615234375 0.67913818359375
-0.00144577026367188 -0.022491455078125 -0.09710693359375 0.99176025390625
0.0226554870605469 0.0271968841552734 -0.27197265625 0.45721435546875
0.0200061798095703 0.0162334442138672 0.167312622070313 -0.218124389648438
0.0154333114624023 -0.00452613830566406 -0.1728515625 -0.814697265625
-0.000736236572265623 -0.0211944580078125 -0.845947265625 -0.4237060546875
-0.0124311447143555 0.00234603881835937 -0.62921142578125 0.4373779296875
-0.00388526916503906 0.018707275390625 0.0368652343749999 0.60321044921875
0.00612735748291016 0.00554466247558594 0.350311279296875 0.3287353515625
0.000405311584472656 0.0151243209838867 0.387939453125 -0.02459716796875
0.00377559661865234 -0.00947189331054688 0.246170043945312 -0.251251220703125
0.0270652770996094 -0.0308265686035156 -0.28826904296875 0.156890869140625
0.0363998413085938 0.021942138671875 -0.1630859375 -0.224288940429688
0.00245571136474609 0.0113716125488281 0.26177978515625 -0.512908935546875
-0.0328216552734375 0.00148963928222656 0.77703857421875 -0.20391845703125
-0.0458908081054687 -0.0340805053710938 0.6409912109375 0.67535400390625
0.016510009765625 -0.11383056640625 -0.0923461914062501 0.99072265625
0.08770751953125 -0.0746231079101563 -0.278076171875 0.46307373046875
0.0848617553710938 -0.0795822143554688 0.156661987304688 -0.208084106445313
0.00368499755859374 -0.0931167602539063 -0.17266845703125 -0.8084716796875
-0.04376220703125 -0.0575294494628906 -0.84112548828125 -0.4229736328125
-0.0332126617431641 0.00310325622558593 -0.62945556640625 0.436767578125
8.39233398437519E-05 0.0227279663085938 0.0361328125 0.6038818359375
0.0154018402099609 0.00943374633789063 0.35308837890625 0.331451416015625
0.01544189453125 0.0219478607177734 0.393829345703125 -0.02716064453125
0.0217571258544922 0.000883102416992188 0.248916625976563 -0.251174926757812
0.0390243530273438 -0.0218315124511719 -0.28668212890625 0.164886474609375
0.0475349426269531 0.0226516723632813 -0.187286376953125 -0.209274291992188
0.0101480484008789 0.0166845321655273 0.2022705078125 -0.522491455078125
-0.0353164672851563 0.00285720825195313 0.73388671875 -0.2774658203125
-0.05999755859375 -0.05682373046875 0.7069091796875 0.58135986328125
0.0100555419921875 -0.186614990234375 0.0155029296875 0.97857666015625
0.128005981445313 -0.17120361328125 -0.25927734375 0.51214599609375
0.142120361328125 -0.165542602539063 0.128982543945313 -0.1578369140625
0.00132751464843751 -0.174713134765625 -0.12322998046875 -0.79217529296875
-0.0742950439453125 -0.098236083984375 -0.80352783203125 -0.49560546875
-0.0513229370117188 -0.00113296508789063 -0.67864990234375 0.383056640625
0.000244140624999997 0.0264930725097656 -0.02545166015625 0.61724853515625
0.0240516662597656 0.0117568969726563 0.320343017578125 0.3685302734375
0.0285720825195313 0.0248794555664063 0.39569091796875 -0.003143310546875
0.0376968383789063 0.010528564453125 0.262664794921875 -0.24365234375
0.0480384826660156 -0.0151710510253906 -0.288116455078125 0.178619384765625
0.0556716918945313 0.0194664001464844 -0.22772216796875 -0.178207397460937
0.0195541381835938 0.0184974670410156 0.101898193359375 -0.525909423828125
-0.0285682678222656 0.0083770751953125 0.6439208984375 -0.39166259765625
-0.0725326538085938 -0.053009033203125 0.78204345703125 0.40911865234375
-0.0237884521484375 -0.220550537109375 0.20037841796875 0.93646240234375
0.126220703125 -0.242446899414062 -0.20501708984375 0.5943603515625
0.183822631835938 -0.23040771484375 0.0896530151367188 -0.0749359130859375
0.0201873779296875 -0.240951538085938 -0.0294189453125001 -0.7640380859375
-0.08514404296875 -0.142959594726563 -0.7178955078125 -0.6240234375
-0.0674552917480469 -0.0156517028808594 -0.75994873046875 0.26007080078125
-0.00258255004882813 0.0246791839599609 -0.15008544921875 0.62255859375
0.0287742614746094 0.0125503540039063 0.251190185546875 0.42669677734375
0.0359077453613281 0.0264434814453125 0.39019775390625 0.038421630859375
0.0484275817871094 0.0172195434570313 0.279449462890625 -0.228836059570312
-0.028594970703125 -0.0713424682617188 -0.2926025390625 0.208526611328125
-0.00721549987792969 -0.0146770477294922 -0.334259033203125 -0.0765991210937501
-0.0141220092773438 -0.0381660461425781 -0.131195068359375 -0.46893310546875
0.0184974670410156 -0.00334739685058594 0.356689453125 -0.59765625
0.0579605102539062 0.0704116821289063 0.81219482421875 -0.01251220703125
0.056640625 0.147857666015625 0.5933837890625 0.7158203125
-0.00482177734375 0.236251831054688 0.00830078124999994 0.71417236328125
-0.128936767578125 0.2249755859375 0.0471572875976562 0.0878067016601563
-0.0321197509765625 0.237075805664063 0.21600341796875 -0.666015625
0.0695343017578125 0.142654418945313 -0.3963623046875 -0.92388916015625
0.0589485168457031 0.0517044067382813 -0.86859130859375 -0.14520263671875
0.0129289627075195 0.00293731689453125 -0.46124267578125 0.5303955078125
0.000125885009765625 -0.0241832733154297 0.02471923828125 0.503936767578125
-0.0281352996826172 -0.0279655456542969 0.311920166015625 0.144683837890625
-0.0357284545898438 -0.0434989929199219 0.279647827148438 -0.193710327148438
-0.0234107971191406 -0.0702133178710938 -0.296844482421875 0.19305419921875
-0.00092792510986328 -0.00905132293701172 -0.291839599609375 -0.130035400390625
-0.00992965698242188 -0.0291767120361328 -0.00714111328125005 -0.51361083984375
0.0150899887084961 0.00712871551513672 0.526611328125 -0.516510009765625
0.0394821166992187 0.0822601318359375 0.82476806640625 0.207275390625
0.0275115966796875 0.155899047851563 0.40863037109375 0.8570556640625
-0.0375213623046875 0.23870849609375 -0.1007080078125 0.649169921875
-0.123321533203125 0.219985961914062 0.0942306518554687 -0.022216796875
0.00114440917968752 0.217864990234375 0.0935058593750001 -0.75079345703125
0.0822677612304688 0.107284545898438 -0.6031494140625 -0.786376953125
0.0507011413574219 0.0272026062011719 -0.83740234375 0.0859375000000001
0.0022580623626709 0.00352072715759277 -0.29290771484375 0.59906005859375
-0.00648117065429688 -0.0174331665039063 0.15069580078125 0.462677001953125
-0.0303459167480469 -0.0180683135986328 0.344970703125 0.090118408203125
-0.0358314514160156 -0.0383834838867188 0.267135620117188 -0.214447021484375
-0.0136795043945312 -0.0641441345214844 -0.29705810546875 0.17901611328125
0.00778388977050781 -0.000704765319824219 -0.240264892578125 -0.1754150390625
-0.00596046447753906 -0.0181198120117188 0.115447998046875 -0.530853271484375
0.00396633148193359 0.0149354934692383 0.66290283203125 -0.40081787109375
0.01165771484375 0.0767669677734375 0.7789306640625 0.4239501953125
-0.00175476074218749 0.129280090332031 0.1966552734375 0.9512939453125
-0.052154541015625 0.20013427734375 -0.18682861328125 0.56842041015625
-0.0908355712890625 0.17840576171875 0.133560180664063 -0.119224548339844
0.0233154296875 0.160888671875 -0.0296630859375 -0.7977294921875
0.0725326538085938 0.06146240234375 -0.7470703125 -0.62823486328125
0.0309829711914063 0.0100784301757813 -0.76153564453125 0.2725830078125
-0.00485134124755859 0.0077056884765625 -0.1339111328125 0.6224365234375
-0.00765132904052734 -0.00922298431396484 0.252166748046875 0.40692138671875
-0.0251750946044922 -0.00500106811523438 0.366973876953125 0.03631591796875
-0.0288658142089844 -0.0317344665527344 0.255752563476563 -0.234420776367187
-0.000827789306640623 -0.0553550720214844 -0.293487548828125 0.16766357421875
0.0164966583251953 0.00861167907714844 -0.195831298828125 -0.207061767578125
-0.00341415405273438 -0.00593709945678711 0.213287353515625 -0.525543212890625
-0.0113162994384766 0.0144405364990234 0.74774169921875 -0.284423828125
-0.0142898559570312 0.0483512878417969 0.70184326171875 0.589599609375
-0.0132179260253906 0.0648880004882813 0.0147705078125 0.98956298828125
-0.0319290161132812 0.123634338378906 -0.240447998046875 0.498077392578125
-0.04150390625 0.107070922851563 0.157821655273438 -0.188613891601562
0.0266265869140625 0.0833816528320313 -0.13043212890625 -0.8157958984375
0.0415229797363281 0.0162849426269531 -0.82586669921875 -0.492431640625
0.00875711441040039 0.00222158432006836 -0.6771240234375 0.38897705078125
-0.00672817230224609 0.0139656066894531 -0.01593017578125 0.61614990234375
-0.00333595275878906 -0.00116777420043945 0.321685791015625 0.353759765625
-0.0138320922851563 0.00626373291015625 0.379974365234375 -0.006591796875
-0.0140628814697266 -0.021697998046875 0.24609375 -0.247589111328125
0.0130462646484375 -0.0443077087402344 -0.289276123046875 0.16143798828125
0.0267734527587891 0.0165996551513672 -0.168594360351563 -0.222824096679688
-0.00132179260253906 0.00424695014953613 0.261566162109375 -0.51910400390625
-0.0250072479248047 0.00821685791015625 0.7811279296875 -0.2127685546875
-0.0326595306396484 0.00603675842285157 0.647705078125 0.67230224609375
-0.00104141235351562 -0.0222873687744141 -0.085205078125 0.99664306640625
0.0235710144042969 0.0269050598144531 -0.267730712890625 0.460845947265625
0.0203037261962891 0.0159873962402344 0.166152954101563 -0.220199584960938
0.0159015655517578 -0.00531768798828125 -0.184326171875 -0.8160400390625
-0.00133705139160156 -0.0221195220947266 -0.85455322265625 -0.41644287109375
-0.0130233764648438 0.00286006927490234 -0.62677001953125 0.44757080078125
-0.0032958984375 0.0200366973876953 0.04632568359375 0.60418701171875
0.00629901885986328 0.00572538375854492 0.3565673828125 0.323760986328125
0.000571250915527343 0.0155954360961914 0.388916015625 -0.028900146484375
0.00349140167236328 -0.0104351043701172 0.24310302734375 -0.255294799804688
0.0254592895507812 -0.0326023101806641 -0.28717041015625 0.16168212890625
0.0372505187988281 0.0209541320800781 -0.166580200195312 -0.223358154296875
0.00292682647705078 0.0118312835693359 0.255035400390625 -0.519256591796875
-0.0335407257080078 0.0029144287109375 0.77593994140625 -0.2142333984375
-0.0459442138671875 -0.0339813232421875 0.65289306640625 0.66888427734375
0.0145721435546875 -0.113861083984375 -0.08221435546875 0.99603271484375
0.0867996215820313 -0.0769119262695313 -0.273101806640625 0.465728759765625
0.0840682983398438 -0.08056640625 0.156051635742187 -0.209716796875
0.00205230712890624 -0.09320068359375 -0.18267822265625 -0.80877685546875
-0.0444259643554688 -0.0578422546386719 -0.84967041015625 -0.41265869140625
-0.0337200164794922 0.00351333618164062 -0.62591552734375 0.4454345703125
-0.000139236450195312 0.0230522155761719 0.04351806640625 0.6064453125
0.0164394378662109 0.00944042205810547 0.359466552734375 0.329132080078125
0.0168437957763672 0.0226268768310547 0.394073486328125 -0.032379150390625
0.0221347808837891 2.86102294921875E-05 0.246627807617188 -0.256027221679688
0.03802490234375 -0.0228157043457031 -0.286224365234375 0.1702880859375
0.0480804443359375 0.0222969055175781 -0.190261840820313 -0.20733642578125
0.0101737976074219 0.0169334411621094 0.194854736328125 -0.52703857421875
-0.0360183715820312 0.00325393676757812 0.73345947265625 -0.28826904296875
-0.0607109069824219 -0.0564346313476563 0.71636962890625 0.5732421875
0.00849914550781249 -0.187881469726563 0.0279541015625 0.983642578125
0.126205444335938 -0.173934936523438 -0.25262451171875 0.518524169921875
0.141159057617188 -0.168045043945313 0.128952026367188 -0.158721923828125
-0.000961303710937496 -0.176025390625 -0.1318359375 -0.79571533203125
-0.076446533203125 -0.0977020263671875 -0.8125 -0.48779296875
-0.0519561767578125 -0.000289916992187504 -0.6761474609375 0.39276123046875
0.000648498535156252 0.0250434875488281 -0.01947021484375 0.61962890625
0.0244197845458984 0.0117244720458984 0.32659912109375 0.36578369140625
0.0294857025146484 0.0252666473388672 0.395263671875 -0.009124755859375
0.0385780334472656 0.0101547241210938 0.259902954101563 -0.248031616210938
0.047271728515625 -0.0160942077636719 -0.28546142578125 0.1837158203125
0.0560760498046875 0.0182723999023438 -0.231353759765625 -0.174713134765625
0.0202846527099609 0.01751708984375 0.094329833984375 -0.529022216796875
-0.0282497406005859 0.0101642608642578 0.642333984375 -0.4022216796875
-0.073455810546875 -0.0526504516601563 0.7891845703125 0.399658203125
-0.0261688232421875 -0.222427368164063 0.212646484375 0.93951416015625
0.12347412109375 -0.245529174804688 -0.197998046875 0.5992431640625
0.181549072265625 -0.232086181640625 0.0893478393554688 -0.0751724243164063
0.01690673828125 -0.242401123046875 -0.0390625 -0.7655029296875
-0.0872039794921875 -0.1429443359375 -0.7271728515625 -0.61834716796875
-0.0670738220214844 -0.0152435302734375 -0.75860595703125 0.26837158203125
-0.00250625610351562 0.024627685546875 -0.1427001953125 0.62603759765625
0.0296459197998047 0.0121784210205078 0.2562255859375 0.424713134765625
0.0370025634765625 0.02520751953125 0.391082763671875 0.0316162109375
0.0485610961914063 0.0166282653808594 0.2779541015625 -0.234344482421875
-0.0300827026367187 -0.0720901489257812 -0.289031982421875 0.213897705078125
-0.0062265396118164 -0.0148200988769531 -0.33465576171875 -0.0711975097656251
-0.0156822204589844 -0.0375099182128906 -0.13885498046875 -0.4686279296875
0.0192604064941406 -0.00372886657714844 0.34967041015625 -0.604248046875
0.0594635009765625 0.0696029663085938 0.81414794921875 -0.02374267578125
0.0595550537109375 0.14654541015625 0.6072998046875 0.71002197265625
-0.00173950195312499 0.236236572265625 0.0177001953125 0.7177734375
-0.126739501953125 0.226898193359375 0.0487442016601563 0.0873489379882813
-0.0287322998046875 0.237548828125 0.20849609375 -0.67047119140625
0.0717010498046875 0.141754150390625 -0.408935546875 -0.9227294921875
0.0602836608886719 0.0505409240722656 -0.87347412109375 -0.13671875
0.0125875473022461 0.00309085845947266 -0.456146240234375 0.53662109375
0.000150680541992185 -0.0244674682617188 0.03173828125 0.505523681640625
-0.0287399291992187 -0.0270290374755859 0.315460205078125 0.141204833984375
-0.03692626953125 -0.0419769287109375 0.277511596679688 -0.196792602539062
-0.0252304077148437 -0.0705413818359375 -0.294158935546875 0.19952392578125
-4.8637390136718E-05 -0.0102872848510742 -0.293426513671875 -0.12579345703125
-0.0106525421142578 -0.0285835266113281 -0.014312744140625 -0.51519775390625
0.014923095703125 0.00812339782714844 0.52191162109375 -0.525787353515625
0.0416793823242188 0.0816650390625 0.82879638671875 0.1981201171875
0.030975341796875 0.155410766601562 0.4193115234375 0.85498046875
-0.0347137451171875 0.239730834960938 -0.09381103515625 0.65185546875
-0.119354248046875 0.221725463867188 0.0933074951171875 -0.0234222412109375
0.00396728515625001 0.21771240234375 0.0866699218750001 -0.75408935546875
0.0844039916992188 0.106277465820313 -0.61395263671875 -0.77947998046875
0.051513671875 0.0274620056152344 -0.83758544921875 0.0965576171874999
0.00240325927734375 0.00348591804504394 -0.28485107421875 0.60333251953125
-0.00591850280761719 -0.0174789428710938 0.156646728515625 0.461761474609375
-0.0296745300292969 -0.0174560546875 0.346832275390625 0.08526611328125
-0.0356597900390625 -0.0397682189941406 0.265365600585938 -0.219619750976563
-0.0150566101074219 -0.0654716491699219 -0.2933349609375 0.1846923828125
0.00837230682373047 -0.0022435188293457 -0.24285888671875 -0.173171997070313
-0.00646781921386719 -0.0175571441650391 0.109405517578125 -0.53399658203125
0.00346660614013672 0.0148420333862305 0.6590576171875 -0.41070556640625
0.0134735107421875 0.0763092041015625 0.785888671875 0.4169921875
0.000617980957031238 0.128395080566406 0.2088623046875 0.951416015625
-0.0500030517578125 0.200057983398438 -0.1800537109375 0.5728759765625
-0.089935302734375 0.179595947265625 0.132637023925781 -0.120353698730469
0.0253448486328125 0.16094970703125 -0.0400390625000001 -0.800048828125
0.0740585327148438 0.0605545043945312 -0.75677490234375 -0.618896484375
0.0316333770751953 0.00974845886230469 -0.759033203125 0.281005859375
-0.00528430938720703 0.00814151763916016 -0.1259765625 0.625244140625
-0.0075230598449707 -0.00837039947509766 0.25848388671875 0.403350830078125
-0.02471923828125 -0.00473594665527344 0.3677978515625 0.030364990234375
-0.0282764434814453 -0.0317783355712891 0.253753662109375 -0.238433837890625
-0.00210952758789063 -0.0572357177734375 -0.291290283203125 0.172821044921875
0.0175361633300781 0.00775241851806641 -0.197784423828125 -0.205352783203125
-0.00404834747314453 -0.0065150260925293 0.20623779296875 -0.532470703125
-0.0113773345947266 0.0146923065185547 0.74273681640625 -0.29400634765625
-0.0135612487792969 0.0485076904296875 0.71160888671875 0.58258056640625
-0.0120010375976562 0.06475830078125 0.02679443359375 0.9932861328125
-0.0304107666015625 0.123085021972656 -0.235931396484375 0.50360107421875
-0.0410614013671875 0.107261657714844 0.156478881835938 -0.189956665039063
0.0282135009765625 0.0820465087890625 -0.14044189453125 -0.81561279296875
0.0424308776855469 0.0156059265136719 -0.83349609375 -0.48199462890625
0.00893688201904297 0.00192546844482422 -0.67333984375 0.39776611328125
-0.00682926177978516 0.014678955078125 -0.00708007812500006 0.61700439453125
-0.00210392475128174 -0.000356554985046387 0.327972412109375 0.3497314453125
-0.0137195587158203 0.00685691833496094 0.381195068359375 -0.012237548828125
-0.0143699645996094 -0.0232257843017578 0.243377685546875 -0.251174926757813
0.0115318298339844 -0.0450820922851563 -0.28790283203125 0.1663818359375
0.027069091796875 0.015228271484375 -0.171234130859375 -0.221435546875
-0.00131559371948242 0.00468730926513672 0.254791259765625 -0.524505615234375
-0.0254745483398438 0.008636474609375 0.7791748046875 -0.22369384765625
-0.0325107574462891 0.0060882568359375 0.6590576171875 0.66595458984375
-0.0015716552734375 -0.0239181518554688 -0.072509765625 1.0030517578125
0.0231819152832031 0.0270938873291016 -0.261688232421875 0.465606689453125
0.0201873779296875 0.0151557922363281 0.16436767578125 -0.22198486328125
0.0154008865356445 -0.00572776794433594 -0.19482421875 -0.81536865234375
-0.00143241882324219 -0.0225086212158203 -0.86151123046875 -0.4051513671875
-0.0132579803466797 0.00240421295166016 -0.62066650390625 0.45672607421875
-0.00276947021484375 0.0198574066162109 0.05426025390625 0.6044921875
0.00657129287719726 0.00542259216308594 0.36248779296875 0.320343017578125
0.00153350830078125 0.0160503387451172 0.38916015625 -0.036865234375
0.00391864776611328 -0.0109748840332031 0.240097045898438 -0.25970458984375
0.0238628387451172 -0.0345306396484375 -0.2835693359375 0.166961669921875
0.0379981994628906 0.0194854736328125 -0.169387817382813 -0.2215576171875
0.00250816345214844 0.0120086669921875 0.24871826171875 -0.524810791015625
-0.0346145629882813 0.00322341918945312 0.77392578125 -0.22552490234375
-0.0467681884765625 -0.0349769592285156 0.6630859375 0.6634521484375
0.0126419067382813 -0.115463256835938 -0.0695190429687501 1.00054931640625
0.0854949951171875 -0.0780029296875 -0.266937255859375 0.473175048828125
0.08251953125 -0.0821304321289063 0.1527099609375 -0.211456298828125
0.000625610351562498 -0.09393310546875 -0.19317626953125 -0.8092041015625
-0.0454330444335937 -0.0575065612792969 -0.85589599609375 -0.40570068359375
-0.0331764221191406 0.00407600402832031 -0.62139892578125 0.4549560546875
0.000543594360351564 0.0237140655517578 0.05303955078125 0.60626220703125
0.0169105529785156 0.00987720489501953 0.364013671875 0.324310302734375
0.0177421569824219 0.0216999053955078 0.3941650390625 -0.0400390625
0.0227699279785156 0.000371932983398438 0.243072509765625 -0.260482788085938
0.0367927551269531 -0.0242118835449219 -0.2838134765625 0.17498779296875
0.0480155944824219 0.0205955505371094 -0.192916870117187 -0.20477294921875
0.0108242034912109 0.0165214538574219 0.190093994140625 -0.531280517578125
-0.0360527038574219 0.00372314453125 0.72930908203125 -0.29852294921875
-0.0614700317382813 -0.056610107421875 0.7249755859375 0.56488037109375
0.00601196289062501 -0.188720703125 0.03924560546875 0.98712158203125
0.123489379882812 -0.1759033203125 -0.245758056640625 0.522186279296875
0.138412475585938 -0.16949462890625 0.127334594726563 -0.160507202148437
-0.00358581542968749 -0.175811767578125 -0.14129638671875 -0.79632568359375
-0.0778656005859375 -0.0978164672851563 -0.81890869140625 -0.47735595703125
-0.0520782470703125 -0.000598907470703125 -0.672119140625 0.40106201171875
0.00131607055664063 0.0258312225341797 -0.00970458984374994 0.62237548828125
0.0255279541015625 0.0112342834472656 0.333343505859375 0.3623046875
0.0310764312744141 0.0244312286376953 0.39703369140625 -0.016998291015625
0.0393333435058594 0.009185791015625 0.256759643554688 -0.251953125
0.0457496643066406 -0.0181808471679688 -0.2838134765625 0.188690185546875
0.0564193725585937 0.0173454284667969 -0.23406982421875 -0.17291259765625
0.0206298828125 0.0168075561523438 0.08734130859375 -0.529449462890625
-0.0288257598876953 0.0093994140625 0.63592529296875 -0.41326904296875
-0.0739364624023438 -0.0525436401367188 0.796142578125 0.39080810546875
-0.0292816162109375 -0.222427368164063 0.22344970703125 0.93798828125
0.119552612304687 -0.247238159179688 -0.18994140625 0.60174560546875
0.178817749023438 -0.234466552734375 0.0890884399414063 -0.0758285522460938
0.0130462646484375 -0.243392944335937 -0.0479736328125 -0.76727294921875
-0.0902862548828125 -0.142074584960937 -0.7376708984375 -0.6109619140625
-0.0678329467773438 -0.0144844055175781 -0.7567138671875 0.2799072265625
-0.00235748291015625 0.0248298645019531 -0.13275146484375 0.63067626953125
0.0297279357910156 0.0120468139648437 0.2635498046875 0.422454833984375
0.0383110046386719 0.0244598388671875 0.391998291015625 0.025787353515625
0.0496711730957031 0.0157546997070313 0.27484130859375 -0.238723754882813
-0.0312652587890625 -0.072113037109375 -0.285614013671875 0.219635009765625
-0.00597095489501953 -0.0157556533813477 -0.336151123046875 -0.0661315917968751
-0.0164222717285156 -0.0356712341308594 -0.145172119140625 -0.46575927734375
0.0190925598144531 -0.00402069091796875 0.3416748046875 -0.60986328125
0.0606689453125 0.0681686401367188 0.81353759765625 -0.03509521484375
0.06317138671875 0.145217895507812 0.61517333984375 0.70135498046875
0.00135803222656249 0.235031127929688 0.0264892578125 0.7183837890625
-0.124282836914062 0.22845458984375 0.0497283935546875 0.0867538452148438
-0.0240325927734375 0.23760986328125 0.2020263671875 -0.67340087890625
0.07366943359375 0.140655517578125 -0.4189453125 -0.91748046875
0.0600013732910156 0.04998779296875 -0.87628173828125 -0.1241455078125
0.0126132965087891 0.0031890869140625 -0.449249267578125 0.544342041015625
-0.00103759765625 -0.0238170623779297 0.038330078125 0.505767822265625
-0.0291824340820312 -0.0268630981445313 0.317718505859375 0.135162353515625
-0.037322998046875 -0.0422706604003906 0.27459716796875 -0.202133178710937
-0.0267105102539063 -0.0716629028320313 -0.290740966796875 0.204254150390625
0.000486373901367189 -0.0106477737426758 -0.29400634765625 -0.121063232421875
-0.0118789672851563 -0.028472900390625 -0.0220947265625 -0.5159912109375
0.014399528503418 0.00734519958496094 0.514862060546875 -0.5325927734375
0.0428085327148438 0.0804443359375 0.8316650390625 0.1859130859375
0.034027099609375 0.15484619140625 0.4307861328125 0.85101318359375
-0.031158447265625 0.238861083984375 -0.08544921875 0.65350341796875
-0.118331909179687 0.223373413085938 0.0941848754882813 -0.0238418579101562
0.00624084472656251 0.216934204101563 0.07476806640625 -0.75506591796875
0.0863037109375 0.106208801269531 -0.62359619140625 -0.77337646484375
0.0518760681152344 0.0272865295410156 -0.8358154296875 0.10797119140625
0.00286197662353516 0.00402426719665527 -0.27642822265625 0.60687255859375
-0.00729751586914062 -0.0175142288208008 0.163055419921875 0.459320068359375
-0.0292720794677734 -0.0160884857177734 0.34918212890625 0.07958984375
-0.03680419921875 -0.03857421875 0.26177978515625 -0.222885131835938
-0.017242431640625 -0.0656585693359375 -0.2906494140625 0.1890869140625
0.00865507125854492 -0.00217962265014648 -0.244796752929688 -0.169235229492188
-0.00667381286621094 -0.0170917510986328 0.101226806640625 -0.537506103515625
0.00334930419921875 0.0154438018798828 0.65283203125 -0.41998291015625
0.014404296875 0.0754165649414063 0.792236328125 0.404541015625
0.00206756591796875 0.129409790039063 0.22100830078125 0.95257568359375
-0.0470123291015625 0.199005126953125 -0.17181396484375 0.57666015625
-0.0873565673828125 0.181106567382812 0.131057739257813 -0.121536254882812
0.027587890625 0.159759521484375 -0.0514526367187499 -0.80078125
0.0755462646484375 0.0588760375976563 -0.76446533203125 -0.60980224609375
0.0322036743164063 0.00908088684082031 -0.75762939453125 0.2919921875
-0.00464534759521484 0.00830602645874023 -0.1165771484375 0.62640380859375
-0.00716400146484375 -0.00866413116455078 0.264739990234375 0.40179443359375
-0.0249862670898438 -0.00492477416992187 0.369354248046875 0.024688720703125
-0.0284271240234375 -0.0317516326904297 0.249603271484375 -0.241806030273438
-0.00399398803710937 -0.0580520629882813 -0.28814697265625 0.17694091796875
0.0179500579833984 0.00709915161132813 -0.199951171875 -0.201614379882812
-0.00396490097045898 -0.0061802864074707 0.197906494140625 -0.53594970703125
-0.0115289688110352 0.0148324966430664 0.73956298828125 -0.30474853515625
-0.0122184753417969 0.0481109619140625 0.72076416015625 0.57421875
-0.0105056762695313 0.0646171569824219 0.0409545898437501 0.99468994140625
-0.0294952392578125 0.123237609863281 -0.228729248046875 0.507659912109375
-0.0401153564453125 0.108131408691406 0.15484619140625 -0.191238403320312
0.0287017822265625 0.0819473266601563 -0.15185546875 -0.81591796875
0.0425758361816406 0.0151443481445313 -0.84014892578125 -0.47247314453125
0.0087289810180664 0.00174713134765625 -0.66851806640625 0.40869140625
-0.00617408752441406 0.0140876770019531 0.00140380859375003 0.6180419921875
-0.0024573802947998 0.000202417373657226 0.3338623046875 0.345916748046875
-0.013484001159668 0.00657081604003906 0.3809814453125 -0.0185546875
-0.0147228240966797 -0.0223903656005859 0.240036010742188 -0.255523681640625
0.0095977783203125 -0.0459098815917969 -0.283660888671875 0.171112060546875
0.0279045104980469 0.0148143768310547 -0.1734619140625 -0.219528198242188
-0.0011136531829834 0.00353312492370605 0.248199462890625 -0.52862548828125
-0.025360107421875 0.00935745239257813 0.77667236328125 -0.23583984375
-0.0316276550292969 0.00605010986328125 0.667724609375 0.65948486328125
-0.00177955627441407 -0.0239696502685547 -0.0601806640625 1.00537109375
0.0238933563232422 0.0260410308837891 -0.255279541015625 0.469024658203125
0.0198574066162109 0.0162086486816406 0.161758422851563 -0.223114013671875
0.0153188705444336 -0.00680065155029297 -0.20477294921875 -0.81341552734375
-0.00194931030273438 -0.0219936370849609 -0.86834716796875 -0.3941650390625
-0.0131816864013672 0.002838134765625 -0.61676025390625 0.4638671875
-0.00323104858398437 0.0196037292480469 0.0628662109375 0.6058349609375
0.00627660751342773 0.00572109222412109 0.36773681640625 0.315338134765625
0.00259304046630859 0.0156288146972656 0.388916015625 -0.04248046875
0.00380229949951172 -0.0118989944458008 0.236709594726563 -0.262832641601563
0.0222282409667969 -0.0355033874511719 -0.28094482421875 0.171905517578125
0.0386581420898438 0.0185089111328125 -0.172164916992187 -0.218460083007813
0.00264930725097656 0.0118045806884766 0.24066162109375 -0.528411865234375
-0.0344600677490234 0.00398635864257812 0.7708740234375 -0.23675537109375
-0.04693603515625 -0.0345039367675781 0.6722412109375 0.65380859375
0.0110931396484375 -0.115257263183594 -0.0569458007812499 1.00244140625
0.084136962890625 -0.0793609619140625 -0.2608642578125 0.47772216796875
0.081939697265625 -0.0824127197265625 0.151290893554688 -0.21319580078125
-0.00154113769531251 -0.0935745239257813 -0.2049560546875 -0.80572509765625
-0.0458145141601563 -0.0568313598632813 -0.8623046875 -0.3931884765625
-0.0328693389892578 0.0043182373046875 -0.614013671875 0.4632568359375
0.00109672546386719 0.0230464935302734 0.0606689453125 0.6051025390625
0.0173177719116211 0.00877952575683594 0.370758056640625 0.3187255859375
0.0184421539306641 0.0213623046875 0.393951416015625 -0.045745849609375
0.0227642059326172 -0.00112533569335938 0.239639282226563 -0.263809204101563
0.0347042083740234 -0.0261249542236328 -0.281143188476563 0.18060302734375
0.04901123046875 0.0193862915039062 -0.196044921875 -0.202377319335938
0.0107460021972656 0.0178737640380859 0.181640625 -0.534637451171875
-0.0370521545410156 0.0046539306640625 0.72442626953125 -0.3109130859375
-0.0620307922363281 -0.0563812255859375 0.73333740234375 0.55712890625
0.0034637451171875 -0.189208984375 0.0528564453125 0.987060546875
0.120986938476562 -0.176666259765625 -0.2388916015625 0.526153564453125
0.137420654296875 -0.17132568359375 0.1259765625 -0.161529541015625
-0.00575256347656252 -0.175796508789063 -0.15362548828125 -0.79345703125
-0.0797271728515625 -0.0965499877929688 -0.82830810546875 -0.46746826171875
-0.0524368286132812 0.000579833984375006 -0.66650390625 0.41015625
0.00222206115722656 0.0256423950195313 -0.000122070312500068 0.62200927734375
0.0259666442871094 0.0113887786865234 0.339111328125 0.356658935546875
0.0319480895996094 0.0238914489746094 0.396331787109375 -0.024749755859375
0.0387763977050781 0.00822830200195313 0.253677368164063 -0.256561279296875
0.0441513061523438 -0.0190582275390625 -0.28045654296875 0.193374633789063
0.0575828552246094 0.0153732299804688 -0.2357177734375 -0.169036865234375
0.0208377838134766 0.0172386169433594 0.078857421875 -0.533111572265625
-0.0298004150390625 0.0105209350585938 0.63006591796875 -0.42279052734375
-0.0742568969726562 -0.052215576171875 0.8023681640625 0.37933349609375
-0.0328216552734375 -0.222564697265625 0.23681640625 0.9385986328125
0.116012573242187 -0.249313354492187 -0.18157958984375 0.605224609375
0.175033569335938 -0.236160278320313 0.0891342163085938 -0.0772323608398438
0.00941467285156249 -0.242904663085937 -0.058837890625 -0.7662353515625
-0.09271240234375 -0.1416015625 -0.7459716796875 -0.599853515625
-0.0678596496582031 -0.014190673828125 -0.75433349609375 0.29010009765625
-0.00158119201660156 0.0245456695556641 -0.12457275390625 0.63189697265625
0.0306243896484375 0.0117759704589844 0.271026611328125 0.418365478515625
0.0388641357421875 0.0235748291015625 0.39178466796875 0.01910400390625
0.0502052307128906 0.0139122009277344 0.270858764648438 -0.243972778320312
-0.0338897705078125 -0.0723419189453125 -0.282379150390625 0.223907470703125
-0.00519561767578125 -0.0170793533325195 -0.3360595703125 -0.0599975585937499
-0.0174674987792969 -0.036163330078125 -0.151641845703125 -0.46380615234375
0.0177536010742188 -0.00428390502929688 0.33306884765625 -0.6146240234375
0.0621185302734375 0.0660972595214844 0.812744140625 -0.0472412109375
0.065277099609375 0.143508911132812 0.622802734375 0.69476318359375
0.00425720214843748 0.23321533203125 0.0372314453125 0.71661376953125
-0.121292114257812 0.229995727539063 0.0507659912109375 0.0866317749023438
-0.02227783203125 0.23724365234375 0.1929931640625 -0.67425537109375
0.0761642456054688 0.139076232910156 -0.431396484375 -0.91314697265625
0.0618820190429688 0.0489425659179688 -0.87646484375 -0.11553955078125
0.0137109756469727 0.00286865234375 -0.44183349609375 0.549407958984375
-0.00125885009765625 -0.0233249664306641 0.046539306640625 0.50555419921875
-0.0296726226806641 -0.0265254974365234 0.32025146484375 0.129425048828125
-0.0380744934082031 -0.0422439575195313 0.271591186523437 -0.207122802734375
-0.0287628173828125 -0.072052001953125 -0.287567138671875 0.208953857421875
0.00109291076660156 -0.0116548538208008 -0.295257568359375 -0.11688232421875
-0.0117759704589844 -0.027740478515625 -0.02984619140625 -0.514556884765625
0.0148019790649414 0.00679588317871094 0.50555419921875 -0.542205810546875
0.0444564819335938 0.080413818359375 0.83355712890625 0.17523193359375
0.03607177734375 0.153778076171875 0.44091796875 0.84619140625
-0.0286865234375 0.238784790039063 -0.075927734375 0.656005859375
-0.115142822265625 0.224563598632813 0.0935745239257812 -0.0246658325195312
0.00996398925781249 0.217208862304687 0.06689453125 -0.75628662109375
0.088348388671875 0.103530883789062 -0.6343994140625 -0.76629638671875
0.0518531799316406 0.0257644653320313 -0.83502197265625 0.11968994140625
0.00260591506958008 0.00400948524475098 -0.26824951171875 0.61224365234375
-0.00707244873046875 -0.0171880722045898 0.168548583984375 0.457977294921875
-0.0312728881835938 -0.0157070159912109 0.35003662109375 0.072845458984375
-0.0375022888183594 -0.0382232666015625 0.259231567382813 -0.228042602539063
-0.0187492370605469 -0.0664482116699219 -0.28662109375 0.193389892578125
0.00951576232910156 -0.00292587280273438 -0.246017456054687 -0.166061401367188
-0.00747776031494141 -0.0168418884277344 0.093414306640625 -0.53729248046875
0.00359153747558594 0.0143222808837891 0.64813232421875 -0.4302978515625
0.0159378051757813 0.0742340087890625 0.797607421875 0.394775390625
0.00476837158203125 0.128135681152344 0.23248291015625 0.94732666015625
-0.0457916259765625 0.19927978515625 -0.164306640625 0.5777587890625
-0.0859375 0.182144165039063 0.129508972167969 -0.122344970703125
0.030517578125 0.15972900390625 -0.0599975585937499 -0.79937744140625
0.0758743286132813 0.057220458984375 -0.77239990234375 -0.60040283203125
0.0316638946533203 0.00840568542480469 -0.751708984375 0.30145263671875
-0.00420856475830078 0.00860834121704102 -0.10809326171875 0.62890625
-0.0071563720703125 -0.00835084915161133 0.27069091796875 0.397674560546875
-0.0246925354003906 -0.00430488586425781 0.37005615234375 0.01739501953125
-0.0292205810546875 -0.0318260192871094 0.245376586914063 -0.245559692382813
-0.00544357299804688 -0.0583076477050781 -0.284088134765625 0.182037353515625
0.0182209014892578 0.00540542602539062 -0.202178955078125 -0.199005126953125
-0.00353670120239258 -0.00539636611938477 0.190093994140625 -0.538543701171875
-0.0113849639892578 0.0155887603759766 0.73486328125 -0.31683349609375
-0.0113258361816406 0.0478935241699219 0.72821044921875 0.56390380859375
-0.01025390625 0.0640792846679688 0.0540771484374999 0.99505615234375
-0.0286483764648438 0.12347412109375 -0.222991943359375 0.51129150390625
-0.0391693115234375 0.109291076660156 0.152847290039063 -0.192520141601563
0.02923583984375 0.0807571411132813 -0.1610107421875 -0.81365966796875
0.0432395935058594 0.0144462585449219 -0.84649658203125 -0.46234130859375
0.0090169906616211 0.000646591186523438 -0.662353515625 0.41668701171875
-0.0057210922241211 0.0144233703613281 0.01104736328125 0.61749267578125
-0.00240778923034668 -0.000312089920043945 0.3382568359375 0.339874267578125
-0.0128259658813477 0.00658607482910156 0.38018798828125 -0.025115966796875
-0.0146465301513672 -0.0229759216308594 0.235794067382813 -0.258499145507813
0.00771331787109375 -0.0466384887695313 -0.280563354492187 0.17498779296875
0.0276985168457031 0.0136241912841797 -0.175872802734375 -0.21649169921875
-0.00133323669433594 0.00449752807617188 0.2408447265625 -0.532623291015625
-0.0267715454101562 0.00930595397949219 0.77203369140625 -0.2471923828125
-0.0321102142333984 0.00605201721191406 0.677490234375 0.6500244140625
-0.00241470336914063 -0.0238170623779297 -0.0465087890625001 1.0068359375
0.0229015350341797 0.0244026184082031 -0.24810791015625 0.472747802734375
0.0206069946289063 0.0154819488525391 0.159271240234375 -0.224655151367188
0.0142784118652344 -0.00688362121582031 -0.21551513671875 -0.81103515625
-0.00173759460449219 -0.0227413177490234 -0.87261962890625 -0.3812255859375
-0.012969970703125 0.00254249572753906 -0.610107421875 0.4708251953125
-0.00208854675292969 0.0192718505859375 0.07257080078125 0.602294921875
0.00697135925292969 0.00590801239013672 0.37274169921875 0.309661865234375
0.00337696075439453 0.0148582458496094 0.388214111328125 -0.04937744140625
0.00405979156494141 -0.0122079849243164 0.232650756835938 -0.265884399414063
0.0202865600585938 -0.0352935791015625 -0.277664184570313 0.17608642578125
0.0387382507324219 0.0176429748535156 -0.175308227539063 -0.216232299804688
0.00356960296630859 0.0122385025024414 0.233245849609375 -0.531341552734375
-0.0353012084960938 0.00412368774414062 0.76708984375 -0.2491455078125
-0.0469398498535156 -0.0341682434082031 0.6798095703125 0.64605712890625
0.0088043212890625 -0.115821838378906 -0.04437255859375 1.004150390625
0.0830307006835937 -0.0804290771484375 -0.253814697265625 0.47900390625
0.080810546875 -0.0832595825195313 0.1500244140625 -0.214492797851563
-0.00241088867187501 -0.094268798828125 -0.21636962890625 -0.80419921875
-0.0468978881835937 -0.0571975708007813 -0.8673095703125 -0.38018798828125
-0.0331859588623047 0.00455093383789063 -0.60845947265625 0.47052001953125
0.00189781188964844 0.0229721069335938 0.07037353515625 0.60516357421875
0.0177211761474609 0.00924491882324219 0.373870849609375 0.312591552734375
0.020294189453125 0.0208168029785156 0.391510009765625 -0.052947998046875
0.0224723815917969 -0.00134849548339844 0.235015869140625 -0.267791748046875
0.0327930450439453 -0.0265560150146484 -0.277191162109375 0.184341430664062
0.0494880676269531 0.0178756713867188 -0.197662353515625 -0.200439453125
0.01104736328125 0.0170106887817383 0.173431396484375 -0.53643798828125
-0.0368614196777344 0.00467681884765625 0.7188720703125 -0.32049560546875
-0.0624046325683594 -0.055328369140625 0.73956298828125 0.54705810546875
-0.000228881835937513 -0.189071655273438 0.0640869140624999 0.9866943359375
0.117904663085938 -0.178955078125 -0.231842041015625 0.52850341796875
0.133865356445313 -0.172256469726563 0.124176025390625 -0.16259765625
-0.0102386474609375 -0.17608642578125 -0.16302490234375 -0.79229736328125
-0.0808181762695313 -0.0957183837890625 -0.83184814453125 -0.45587158203125
-0.0518112182617188 0.000984191894531248 -0.660888671875 0.41778564453125
0.00266075134277344 0.0252532958984375 0.00836181640624999 0.62139892578125
0.0260028839111328 0.0100936889648438 0.344696044921875 0.35186767578125
0.0319633483886719 0.0232505798339844 0.3956298828125 -0.030487060546875
0.039581298828125 0.00707626342773438 0.250350952148438 -0.26116943359375
0.0432281494140625 -0.0204353332519531 -0.276290893554688 0.19793701171875
0.0584945678710938 0.0142745971679688 -0.2371826171875 -0.164520263671875
0.0211811065673828 0.0175724029541016 0.071563720703125 -0.534820556640625
-0.0290088653564453 0.0113029479980469 0.62408447265625 -0.43084716796875
-0.074554443359375 -0.0509414672851563 0.80487060546875 0.37017822265625
-0.035888671875 -0.222076416015625 0.2469482421875 0.9344482421875
0.111923217773438 -0.250228881835938 -0.17449951171875 0.6068115234375
0.17315673828125 -0.237991333007813 0.0875701904296875 -0.0778121948242188
0.00569152832031248 -0.243194580078125 -0.06866455078125 -0.76531982421875
-0.0945205688476563 -0.139907836914063 -0.75323486328125 -0.5906982421875
-0.0678939819335938 -0.0132942199707031 -0.7490234375 0.29864501953125
-0.00153732299804688 0.0239906311035156 -0.1160888671875 0.63348388671875
0.0304012298583984 0.0101661682128906 0.277069091796875 0.41461181640625
0.0403099060058594 0.0229721069335937 0.392486572265625 0.011993408203125
0.0496292114257813 0.0118980407714844 0.266921997070313 -0.247451782226563
-0.0347747802734375 -0.0727920532226563 -0.276580810546875 0.228622436523438
-0.00570297241210938 -0.0182228088378906 -0.3349609375 -0.05462646484375
-0.0181694030761719 -0.034210205078125 -0.1583251953125 -0.461578369140625
0.0169305801391602 -0.00470447540283203 0.32513427734375 -0.61676025390625
0.0631942749023438 0.0657272338867188 0.81060791015625 -0.057373046875
0.0682373046875 0.14141845703125 0.6309814453125 0.6854248046875
0.00732421874999999 0.232147216796875 0.04510498046875 0.71527099609375
-0.1187744140625 0.23101806640625 0.0517578125 0.0860824584960938
-0.019439697265625 0.235519409179688 0.18408203125 -0.67535400390625
0.0783843994140625 0.136482238769531 -0.442138671875 -0.9049072265625
0.0626258850097656 0.0490341186523437 -0.87506103515625 -0.1031494140625
0.0136985778808594 0.00286006927490234 -0.433013916015625 0.5546875
-0.00135040283203125 -0.0245532989501953 0.051910400390625 0.503662109375
-0.0295543670654297 -0.0259780883789063 0.321533203125 0.12420654296875
-0.0387496948242187 -0.0413932800292969 0.26763916015625 -0.210922241210938
-0.030487060546875 -0.0729293823242187 -0.282257080078125 0.21234130859375
0.000793457031249999 -0.0116119384765625 -0.29498291015625 -0.111724853515625
-0.0122394561767578 -0.0270175933837891 -0.035858154296875 -0.513458251953125
0.0135936737060547 0.00709724426269531 0.497467041015625 -0.546630859375
0.0459976196289063 0.0779876708984375 0.8333740234375 0.1644287109375
0.03961181640625 0.152618408203125 0.45037841796875 0.8380126953125
-0.025634765625 0.237472534179688 -0.0671386718749999 0.65557861328125
-0.113601684570313 0.225753784179687 0.093841552734375 -0.02471923828125
0.0119171142578125 0.21527099609375 0.056640625 -0.7550048828125
0.0894699096679688 0.102027893066406 -0.6422119140625 -0.7548828125
0.0531158447265625 0.0255699157714844 -0.83184814453125 0.1290283203125
0.00314164161682129 0.00368809700012207 -0.2576904296875 0.6134033203125
-0.00742530822753906 -0.0177478790283203 0.175628662109375 0.45391845703125
-0.0298995971679688 -0.0158538818359375 0.350433349609375 0.06756591796875
-0.0380363464355469 -0.037872314453125 0.255355834960938 -0.231109619140625
-0.0202560424804687 -0.0673942565917969 -0.282440185546875 0.1981201171875
0.0095672607421875 -0.00411128997802734 -0.247207641601563 -0.161636352539063
-0.00757980346679687 -0.0165596008300781 0.0866394042968749 -0.536865234375
0.00336360931396484 0.0151424407958984 0.6383056640625 -0.43817138671875
0.0176925659179687 0.0739288330078125 0.7994384765625 0.38275146484375
0.00653076171875 0.127357482910156 0.24371337890625 0.9451904296875
-0.0434722900390625 0.198150634765625 -0.15557861328125 0.57843017578125
-0.0829010009765625 0.182373046875 0.128509521484375 -0.123725891113281
0.03179931640625 0.1585693359375 -0.0709838867187501 -0.79779052734375
0.076568603515625 0.0560836791992188 -0.77777099609375 -0.58868408203125
0.032562255859375 0.00818634033203125 -0.74566650390625 0.31060791015625
-0.0036616325378418 0.00832462310791015 -0.098388671875 0.62799072265625
-0.00751209259033203 -0.00813531875610352 0.276214599609375 0.39190673828125
-0.0240650177001953 -0.00382232666015625 0.36920166015625 0.011993408203125
-0.0298023223876953 -0.0313262939453125 0.241744995117188 -0.248519897460938
-0.00802230834960937 -0.0585861206054688 -0.280517578125 0.1861572265625
0.0187263488769531 0.00481414794921875 -0.204010009765625 -0.19537353515625
-0.00448226928710937 -0.00532102584838867 0.182708740234375 -0.540069580078125
-0.0114526748657227 0.0155353546142578 0.727294921875 -0.32464599609375
-0.0107154846191406 0.0468330383300781 0.7344970703125 0.55218505859375
-0.00936126708984375 0.0636787414550781 0.0642700195312499 0.9910888671875
-0.0270233154296875 0.1226806640625 -0.214569091796875 0.51385498046875
-0.0373306274414063 0.108505249023438 0.150405883789063 -0.19390869140625
0.0300979614257813 0.079864501953125 -0.16900634765625 -0.80889892578125
0.0427169799804687 0.0128326416015625 -0.84783935546875 -0.449951171875
0.00849246978759766 0.00113153457641602 -0.65496826171875 0.42474365234375
-0.00623226165771484 0.0151815414428711 0.0203247070312501 0.6162109375
-0.00187003612518311 6.3657760620117E-05 0.34320068359375 0.334747314453125
-0.0120038986206055 0.00708293914794922 0.379547119140625 -0.031646728515625
-0.0152606964111328 -0.0238037109375 0.23162841796875 -0.261764526367188
0.005950927734375 -0.0474662780761719 -0.276702880859375 0.179824829101563
0.0283222198486328 0.0115470886230469 -0.177993774414063 -0.213912963867188
-0.000958919525146484 0.00480747222900391 0.2320556640625 -0.534759521484375
-0.0256366729736328 0.00985527038574219 0.76751708984375 -0.25750732421875
-0.0309524536132812 0.00586700439453125 0.6842041015625 0.63824462890625
-0.00240325927734375 -0.0238838195800781 -0.0332031249999999 1.0062255859375
0.0225791931152344 0.0244560241699219 -0.24102783203125 0.4761962890625
0.0198860168457031 0.01605224609375 0.15704345703125 -0.2259521484375
0.0147581100463867 -0.00729751586914063 -0.2259521484375 -0.806884765625
-0.00237083435058594 -0.0225238800048828 -0.8758544921875 -0.36871337890625
-0.0123271942138672 0.00296688079833985 -0.59991455078125 0.4788818359375
-0.00196647644042969 0.0202255249023438 0.0803222656249999 0.60040283203125
0.00811910629272461 0.00570869445800781 0.37628173828125 0.304443359375
0.00383472442626953 0.0150852203369141 0.38580322265625 -0.056793212890625
0.00421142578125 -0.0132236480712891 0.227447509765625 -0.26971435546875
0.0190620422363281 -0.0363845825195313 -0.273330688476563 0.1800537109375
0.0394821166992188 0.0160484313964844 -0.177139282226562 -0.213531494140625
0.00341701507568359 0.0117511749267578 0.22564697265625 -0.533935546875
-0.0354766845703125 0.00510025024414063 0.76104736328125 -0.2586669921875
-0.0468215942382813 -0.033172607421875 0.6888427734375 0.63427734375
0.00823211669921874 -0.116012573242188 -0.03057861328125 1.00335693359375
0.0807113647460937 -0.0807876586914063 -0.2449951171875 0.482147216796875
0.0795974731445313 -0.0834197998046875 0.147201538085938 -0.214797973632813
-0.00386810302734375 -0.0930023193359375 -0.2235107421875 -0.7987060546875
-0.0478172302246094 -0.0562324523925781 -0.870361328125 -0.3680419921875
-0.0331382751464844 0.0052642822265625 -0.5997314453125 0.47698974609375
0.0020599365234375 0.0233993530273437 0.0792236328125 0.60302734375
0.0177974700927734 0.00888252258300781 0.379669189453125 0.3052978515625
0.0199432373046875 0.0197219848632813 0.39105224609375 -0.058837890625
0.0229949951171875 -0.00239181518554688 0.230926513671875 -0.270355224609375
0.0320091247558594 -0.0272502899169922 -0.272750854492187 0.1881103515625
0.0492515563964844 0.0169906616210938 -0.1986083984375 -0.196365356445313
0.0114564895629883 0.0168132781982422 0.16595458984375 -0.53875732421875
-0.0375099182128906 0.00606918334960937 0.71356201171875 -0.3311767578125
-0.0633964538574219 -0.0552787780761719 0.7457275390625 0.5347900390625
-0.003143310546875 -0.188934326171875 0.07794189453125 0.984375
0.114715576171875 -0.179428100585938 -0.223480224609375 0.52947998046875
0.131240844726563 -0.173171997070313 0.123199462890625 -0.164276123046875
-0.0121917724609375 -0.174957275390625 -0.17279052734375 -0.78668212890625
-0.081573486328125 -0.093780517578125 -0.83612060546875 -0.4449462890625
-0.0520591735839844 0.00221633911132813 -0.65289306640625 0.4256591796875
0.00309562683105469 0.0252285003662109 0.01654052734375 0.61907958984375
0.0265712738037109 0.009613037109375 0.34912109375 0.345703125
0.0333461761474609 0.0216808319091797 0.39385986328125 -0.03778076171875
0.0397186279296875 0.00591278076171875 0.244125366210938 -0.264068603515625
0.0412673950195313 -0.0209579467773438 -0.271560668945313 0.201858520507813
0.0581398010253906 0.0126686096191406 -0.238937377929688 -0.161453247070313
0.0208549499511719 0.0169906616210938 0.0631103515624999 -0.534149169921875
-0.0304374694824219 0.0113964080810547 0.61419677734375 -0.43804931640625
-0.0751571655273438 -0.0512542724609375 0.8096923828125 0.3592529296875
-0.03887939453125 -0.221649169921875 0.25897216796875 0.9300537109375
0.107086181640625 -0.250213623046875 -0.16632080078125 0.60693359375
0.16925048828125 -0.23944091796875 0.08770751953125 -0.0789031982421875
0.002227783203125 -0.242385864257813 -0.078857421875 -0.76239013671875
-0.0963897705078125 -0.138710021972656 -0.7596435546875 -0.57818603515625
-0.0682754516601563 -0.0126228332519531 -0.74346923828125 0.30743408203125
-0.00118827819824219 0.0241794586181641 -0.107177734375 0.6329345703125
0.0311450958251953 0.00961494445800781 0.2828369140625 0.409393310546875
0.0401725769042969 0.0212249755859375 0.390716552734375 0.004241943359375
0.0494499206542969 0.011199951171875 0.263473510742188 -0.252105712890625
-0.0368881225585937 -0.0731964111328125 -0.271926879882813 0.23150634765625
-0.0052490234375 -0.0184326171875 -0.334259033203125 -0.04962158203125
-0.0188789367675781 -0.035400390625 -0.164154052734375 -0.456634521484375
0.0172414779663086 -0.00410270690917969 0.3140869140625 -0.6197509765625
0.0639076232910156 0.0631256103515625 0.8067626953125 -0.06744384765625
0.0694732666015625 0.140060424804688 0.63568115234375 0.6756591796875
0.00923156738281248 0.23138427734375 0.05426025390625 0.71124267578125
-0.116104125976563 0.230880737304688 0.0529937744140625 0.085968017578125
-0.01727294921875 0.234878540039063 0.17547607421875 -0.6756591796875
0.0790481567382813 0.134880065917969 -0.451171875 -0.8956298828125
0.0632400512695313 0.047332763671875 -0.872314453125 -0.09356689453125
0.013707160949707 0.00244998931884766 -0.423309326171875 0.55810546875
-0.00202178955078125 -0.0244522094726563 0.0604248046875001 0.501434326171875
-0.0301418304443359 -0.0251998901367188 0.321441650390625 0.1190185546875
-0.0384941101074219 -0.0413589477539063 0.264572143554688 -0.213119506835938
-0.0323944091796875 -0.0732650756835938 -0.2786865234375 0.216644287109375
0.000492095947265624 -0.0135440826416016 -0.295379638671875 -0.107147216796875
-0.0126323699951172 -0.0273914337158203 -0.042266845703125 -0.51019287109375
0.0136375427246094 0.00705718994140625 0.486663818359375 -0.552398681640625
0.046722412109375 0.0769882202148438 0.83209228515625 0.15325927734375
0.041229248046875 0.150985717773437 0.458740234375 0.8297119140625
-0.023040771484375 0.236068725585938 -0.0572509765625 0.6531982421875
-0.110321044921875 0.224807739257813 0.0935440063476563 -0.0251083374023437
0.0147552490234375 0.214248657226563 0.04852294921875 -0.752685546875
0.0901641845703125 0.0997390747070313 -0.64898681640625 -0.7447509765625
0.0524635314941406 0.0248641967773438 -0.82635498046875 0.13671875
0.0042109489440918 0.00301980972290039 -0.2493896484375 0.614501953125
-0.00760078430175781 -0.0176830291748047 0.1815185546875 0.449310302734375
-0.0303058624267578 -0.0147705078125 0.349822998046875 0.061187744140625
-0.0379753112792969 -0.0379142761230469 0.251327514648438 -0.233688354492188
-0.0225677490234375 -0.0674896240234375 -0.278182983398437 0.201065063476563
0.00871992111206055 -0.00545787811279297 -0.248016357421875 -0.156875610351563
-0.00806903839111328 -0.0156068801879883 0.078521728515625 -0.53662109375
0.00365829467773438 0.0151567459106445 0.6309814453125 -0.4454345703125
0.0189056396484375 0.0723114013671875 0.80096435546875 0.37152099609375
0.0086822509765625 0.126228332519531 0.25408935546875 0.9378662109375
-0.0410614013671875 0.197555541992188 -0.148681640625 0.578369140625
-0.0819091796875 0.182418823242188 0.126884460449219 -0.123405456542969
0.0333709716796875 0.15728759765625 -0.0803222656249999 -0.79302978515625
0.0771026611328125 0.0537567138671875 -0.7825927734375 -0.57647705078125
0.0326194763183594 0.00830650329589844 -0.73809814453125 0.31683349609375
-0.00351524353027344 0.00846385955810547 -0.0911254882812499 0.6251220703125
-0.007476806640625 -0.00813865661621094 0.27972412109375 0.387115478515625
-0.0238609313964844 -0.00342178344726562 0.36822509765625 0.006561279296875
-0.0299472808837891 -0.0314388275146484 0.237701416015625 -0.251007080078125
-0.00982666015625 -0.0594329833984375 -0.275146484375 0.189346313476562
0.0195541381835938 0.00432586669921875 -0.205535888671875 -0.192611694335938
-0.00426149368286133 -0.00481224060058594 0.1734619140625 -0.54034423828125
-0.0118198394775391 0.0159988403320313 0.72149658203125 -0.3360595703125
-0.00942611694335937 0.047088623046875 0.73760986328125 0.5416259765625
-0.00775146484375001 0.06329345703125 0.0784912109375001 0.9891357421875
-0.0269775390625 0.122817993164062 -0.205841064453125 0.513763427734375
-0.0358123779296875 0.108795166015625 0.147628784179688 -0.193283081054687
0.0308914184570313 0.0794448852539063 -0.1798095703125 -0.80352783203125
0.0429267883300781 0.0120925903320313 -0.85076904296875 -0.435546875
0.00873804092407227 0.00142621994018555 -0.64727783203125 0.43017578125
-0.00464153289794922 0.014256477355957 0.02728271484375 0.61212158203125
-0.00189173221588135 -0.00092005729675293 0.345947265625 0.32830810546875
-0.0115528106689453 0.00661373138427734 0.37652587890625 -0.03717041015625
-0.0156955718994141 -0.0233249664306641 0.22601318359375 -0.263702392578125
0.00359725952148437 -0.0476646423339844 -0.271133422851563 0.183685302734375
0.0281181335449219 0.0108604431152344 -0.1800537109375 -0.210739135742188
-0.000669956207275391 0.00446367263793945 0.22418212890625 -0.534912109375
-0.0259170532226563 0.0111885070800781 0.75958251953125 -0.26568603515625
-0.0308914184570313 0.00506210327148438 0.68780517578125 0.628662109375
-0.00237464904785156 -0.0242233276367188 -0.02252197265625 1.00347900390625
0.0221939086914063 0.0239334106445313 -0.233917236328125 0.476837158203125
0.0197353363037109 0.0152225494384766 0.15411376953125 -0.225341796875
0.0140008926391602 -0.00795841217041015 -0.2347412109375 -0.79998779296875
-0.00286102294921875 -0.0232601165771484 -0.87664794921875 -0.35797119140625
-0.0127830505371094 0.00288200378417969 -0.59295654296875 0.4835205078125
-0.00173568725585937 0.0194797515869141 0.08685302734375 0.59564208984375
0.00840902328491211 0.00519895553588867 0.3787841796875 0.2957763671875
0.00464725494384766 0.0140256881713867 0.382049560546875 -0.06195068359375
0.00282669067382813 -0.0129718780517578 0.22283935546875 -0.27142333984375
0.0167503356933594 -0.0371017456054687 -0.268692016601562 0.183380126953125
0.0394325256347656 0.0146751403808594 -0.178695678710938 -0.210159301757813
0.00381946563720703 0.0121660232543945 0.216400146484375 -0.53350830078125
-0.0358772277832031 0.00537109375000001 0.7535400390625 -0.26751708984375
-0.0475120544433594 -0.0339012145996094 0.694091796875 0.6240234375
0.00649261474609375 -0.11627197265625 -0.0191650390624999 0.9981689453125
0.079254150390625 -0.0814361572265625 -0.23773193359375 0.48126220703125
0.0768203735351563 -0.0834884643554688 0.1444091796875 -0.215835571289063
-0.00579833984374999 -0.0934371948242188 -0.23193359375 -0.79315185546875
-0.048492431640625 -0.0561180114746094 -0.87164306640625 -0.35662841796875
-0.0330963134765625 0.005035400390625 -0.5906982421875 0.48187255859375
0.00214004516601562 0.0228481292724609 0.08599853515625 0.59906005859375
0.0182895660400391 0.00773429870605469 0.38134765625 0.298980712890625
0.0210037231445312 0.0195064544677734 0.387603759765625 -0.06561279296875
0.0227584838867187 -0.00315284729003906 0.22662353515625 -0.272262573242188
0.0290489196777344 -0.0276470184326172 -0.267852783203125 0.192581176757813
0.0507354736328125 0.0148200988769531 -0.2001953125 -0.192642211914062
0.0121221542358398 0.0171175003051758 0.157928466796875 -0.538330078125
-0.0381240844726563 0.00701141357421874 0.7042236328125 -0.33740234375
-0.0626792907714844 -0.0539016723632812 0.748046875 0.52215576171875
-0.00508117675781252 -0.187820434570313 0.0872192382812499 0.9818115234375
0.111557006835937 -0.1796875 -0.213653564453125 0.5303955078125
0.12890625 -0.174026489257813 0.120620727539063 -0.164260864257813
-0.014495849609375 -0.175064086914063 -0.18133544921875 -0.7818603515625
-0.0830078125 -0.0937271118164063 -0.8377685546875 -0.4322509765625
-0.0525665283203125 0.00188446044921874 -0.64453125 0.431396484375
0.00328254699707031 0.0249443054199219 0.0245971679687499 0.617431640625
0.0265960693359375 0.00907516479492188 0.352783203125 0.33843994140625
0.0342006683349609 0.0208911895751953 0.39166259765625 -0.044952392578125
0.0396842956542969 0.0045013427734375 0.240249633789063 -0.266311645507813
0.0395393371582031 -0.0216217041015625 -0.266616821289063 0.2047119140625
0.0582656860351562 0.0106277465820312 -0.23907470703125 -0.157485961914063
0.0222206115722656 0.0161209106445313 0.05535888671875 -0.53228759765625
-0.0301017761230469 0.0131072998046875 0.60699462890625 -0.44488525390625
-0.0750961303710937 -0.0503005981445313 0.81048583984375 0.3465576171875
-0.041473388671875 -0.220565795898437 0.26910400390625 0.92401123046875
0.103775024414063 -0.250030517578125 -0.15753173828125 0.607421875
0.165267944335938 -0.23931884765625 0.0867080688476563 -0.0790557861328125
-0.0020599365234375 -0.240814208984375 -0.08709716796875 -0.75750732421875
-0.0976638793945312 -0.137199401855469 -0.76287841796875 -0.5673828125
-0.0677566528320313 -0.0122451782226563 -0.7354736328125 0.3143310546875
-0.000600814819335937 0.0239391326904297 -0.09637451171875 0.6314697265625
0.0315666198730469 0.00931167602539063 0.2879638671875 0.40338134765625
0.0414314270019531 0.0204124450683594 0.388336181640625 -0.002655029296875
0.0500068664550781 0.0100326538085938 0.25823974609375 -0.254653930664063
-0.0389862060546875 -0.0730438232421875 -0.266754150390625 0.234405517578125
-0.00548362731933594 -0.0194931030273438 -0.333251953125 -0.04571533203125
-0.0185985565185547 -0.0336990356445313 -0.167694091796875 -0.4510498046875
0.0173053741455078 -0.00383186340332031 0.3046875 -0.6195068359375
0.0647087097167969 0.0615959167480469 0.79998779296875 -0.076171875
0.072479248046875 0.137283325195313 0.64007568359375 0.66656494140625
0.010986328125 0.228851318359375 0.06280517578125 0.70721435546875
-0.114105224609375 0.230545043945313 0.0537109375 0.0854873657226563
-0.014312744140625 0.231674194335937 0.1654052734375 -0.67254638671875
0.0809326171875 0.133140563964844 -0.4583740234375 -0.88653564453125
0.0640487670898438 0.0463714599609375 -0.8690185546875 -0.0833740234374999
0.0132980346679688 0.00260829925537109 -0.414459228515625 0.558837890625
-0.00234603881835937 -0.0249614715576172 0.0654296875 0.499176025390625
-0.0300788879394531 -0.0247154235839844 0.32122802734375 0.112823486328125
-0.0386734008789063 -0.040985107421875 0.260589599609375 -0.215469360351563
-0.0341262817382812 -0.0730743408203125 -0.272918701171875 0.218902587890625
0.000930786132812501 -0.0134611129760742 -0.294097900390625 -0.102508544921875
-0.0135002136230469 -0.0265331268310547 -0.04852294921875 -0.5074462890625
0.013545036315918 0.00674724578857422 0.477447509765625 -0.55523681640625
0.047576904296875 0.075714111328125 0.829833984375 0.1416015625
0.0428314208984375 0.149398803710938 0.46514892578125 0.822265625
-0.0204620361328125 0.23406982421875 -0.0496826171874999 0.65087890625
-0.1080322265625 0.225540161132812 0.092742919921875 -0.0257339477539062
0.017608642578125 0.211502075195313 0.04083251953125 -0.74749755859375
0.0918502807617188 0.0974807739257813 -0.6534423828125 -0.73370361328125
0.0543632507324219 0.023468017578125 -0.81939697265625 0.1455078125
0.00359034538269043 0.00376462936401367 -0.2401123046875 0.61590576171875
-0.00791168212890625 -0.0167675018310547 0.18682861328125 0.445220947265625
-0.0294303894042969 -0.0148983001708984 0.3487548828125 0.055419921875
-0.0390853881835937 -0.0371437072753906 0.246841430664062 -0.235610961914062
-0.0252838134765625 -0.0673179626464844 -0.27294921875 0.20440673828125
0.00874805450439453 -0.00647783279418945 -0.248275756835938 -0.152816772460937
-0.00799179077148438 -0.0153083801269531 0.071014404296875 -0.53369140625
0.00351238250732422 0.0148963928222656 0.6221923828125 -0.450439453125
0.019195556640625 0.0714340209960937 0.80218505859375 0.3603515625
0.0104598999023437 0.124717712402344 0.26287841796875 0.93157958984375
-0.0396270751953125 0.196182250976562 -0.1392822265625 0.57806396484375
-0.0793304443359375 0.182083129882813 0.125175476074219 -0.123291015625
0.034942626953125 0.154220581054688 -0.0870361328124999 -0.78826904296875
0.0774307250976563 0.0527420043945312 -0.78448486328125 -0.56494140625
0.031890869140625 0.00691032409667969 -0.73016357421875 0.32476806640625
-0.00362920761108399 0.00848245620727539 -0.0819091796875 0.624755859375
-0.00754022598266602 -0.00869417190551758 0.2845458984375 0.381317138671875
-0.0232982635498047 -0.00274085998535156 0.365570068359375 -0.000335693359375
-0.0301361083984375 -0.0313568115234375 0.233200073242188 -0.253067016601563
-0.0117835998535156 -0.0588302612304688 -0.270965576171875 0.191726684570312
0.0194377899169922 0.00253677368164063 -0.205886840820312 -0.188446044921875
-0.00455141067504883 -0.00469064712524414 0.16693115234375 -0.5391845703125
-0.0119132995605469 0.0164451599121094 0.7125244140625 -0.341064453125
-0.00855636596679688 0.0457839965820313 0.73876953125 0.52874755859375
-0.007537841796875 0.0635833740234375 0.0883178710937501 0.98345947265625
-0.0249404907226563 0.121116638183594 -0.198211669921875 0.51251220703125
-0.0358505249023437 0.10833740234375 0.146316528320313 -0.19384765625
0.0315093994140625 0.0774688720703125 -0.187744140625 -0.79705810546875
0.042327880859375 0.0103034973144531 -0.8507080078125 -0.42486572265625
0.00914287567138672 0.00151157379150391 -0.6387939453125 0.43719482421875
-0.00489711761474609 0.0146350860595703 0.03570556640625 0.60870361328125
-0.00185942649841309 0.000144720077514648 0.35003662109375 0.32232666015625
-0.0112552642822266 0.00694370269775391 0.374176025390625 -0.04327392578125
-0.0147914886474609 -0.0230274200439453 0.223114013671875 -0.2652587890625
0.00145721435546875 -0.0477981567382813 -0.266464233398437 0.18572998046875
0.0284900665283203 0.00989723205566406 -0.17999267578125 -0.20782470703125
-0.00102615356445313 0.00454044342041016 0.215972900390625 -0.535858154296875
-0.0258407592773438 0.0108814239501953 0.75164794921875 -0.27508544921875
-0.0296497344970703 0.00580024719238281 0.693359375 0.61676025390625
-0.00489997863769531 -0.0242328643798828 -0.0107421875 0.99786376953125
0.0210399627685547 0.0232028961181641 -0.22747802734375 0.476165771484375
0.0194473266601563 0.0154685974121094 0.152679443359375 -0.225784301757813
0.0132503509521484 -0.00783920288085938 -0.24163818359375 -0.79278564453125
-0.00380134582519531 -0.0235385894775391 -0.875244140625 -0.34613037109375
-0.0123491287231445 0.00226402282714844 -0.5836181640625 0.4862060546875
-0.00101089477539063 0.0201377868652344 0.0937500000000001 0.591064453125
0.00826644897460938 0.00498008728027344 0.380340576171875 0.289794921875
0.00544834136962891 0.0144844055175781 0.380401611328125 -0.068267822265625
0.00306129455566406 -0.0135993957519531 0.218185424804688 -0.27197265625
0.0145721435546875 -0.035858154296875 -0.26409912109375 0.186431884765625
0.0392532348632813 0.0142021179199219 -0.18023681640625 -0.207778930664062
0.00417613983154297 0.0122013092041016 0.208221435546875 -0.5345458984375
-0.0356864929199219 0.00598144531250001 0.74505615234375 -0.27532958984375
-0.0468177795410156 -0.0333938598632813 0.6954345703125 0.613037109375
0.00483703613281249 -0.11553955078125 -0.00732421875000011 0.99444580078125
0.076629638671875 -0.0823440551757813 -0.2313232421875 0.481597900390625
0.0760726928710938 -0.085113525390625 0.14202880859375 -0.214630126953125
-0.0073089599609375 -0.092803955078125 -0.23992919921875 -0.78399658203125
-0.0490646362304688 -0.0554084777832031 -0.870849609375 -0.34539794921875
-0.0326824188232422 0.00533676147460938 -0.58197021484375 0.4859619140625
0.00285911560058594 0.0222587585449219 0.09326171875 0.59417724609375
0.0188121795654297 0.0077667236328125 0.383209228515625 0.292449951171875
0.0218219757080078 0.0179996490478516 0.38421630859375 -0.071868896484375
0.0221138000488281 -0.00466156005859375 0.220901489257813 -0.2742919921875
0.0273704528808594 -0.0280265808105469 -0.2633056640625 0.194793701171875
0.0494270324707031 0.0137062072753906 -0.202484130859375 -0.189468383789063
0.0126132965087891 0.0167055130004883 0.14825439453125 -0.537567138671875
-0.0378341674804688 0.00737762451171875 0.69708251953125 -0.3448486328125
-0.0628814697265625 -0.0547103881835938 0.7496337890625 0.5123291015625
-0.00762939453125 -0.186782836914062 0.0992431640625 0.97686767578125
0.108062744140625 -0.179733276367188 -0.207305908203125 0.529510498046875
0.125457763671875 -0.173110961914063 0.120071411132813 -0.16485595703125
-0.017059326171875 -0.172470092773437 -0.1895751953125 -0.77459716796875
-0.0839691162109375 -0.0920486450195312 -0.83843994140625 -0.41937255859375
-0.0519256591796875 0.00175857543945312 -0.63543701171875 0.43621826171875
0.0035552978515625 0.0241794586181641 0.0314331054687501 0.6126708984375
0.0269870758056641 0.00850296020507812 0.356109619140625 0.33270263671875
0.0343284606933594 0.0198631286621094 0.387603759765625 -0.050018310546875
0.0387649536132813 0.00323867797851563 0.23504638671875 -0.267959594726563
0.0374221801757813 -0.0220794677734375 -0.26153564453125 0.207229614257813
0.0581092834472656 0.008758544921875 -0.238876342773438 -0.153793334960937
0.0221080780029297 0.016448974609375 0.04644775390625 -0.52972412109375
-0.0299701690673828 0.0128974914550781 0.596923828125 -0.44952392578125
-0.0759658813476562 -0.0494384765625 0.80938720703125 0.3336181640625
-0.044281005859375 -0.21905517578125 0.27874755859375 0.91644287109375
0.0999908447265625 -0.249526977539063 -0.14959716796875 0.605712890625
0.160751342773438 -0.239593505859375 0.0867080688476563 -0.0789794921875
-0.00474548339843751 -0.239822387695313 -0.0963134765624999 -0.75164794921875
-0.0987014770507812 -0.134742736816406 -0.76287841796875 -0.554931640625
-0.0672645568847656 -0.0112991333007813 -0.72796630859375 0.3206787109375
-0.000354766845703124 0.0229949951171875 -0.08966064453125 0.6298828125
0.0315761566162109 0.00881004333496094 0.289947509765625 0.396697998046875
0.0418472290039063 0.0195884704589844 0.3846435546875 -0.006378173828125
0.049407958984375 0.00883102416992188 0.253311157226563 -0.25762939453125
-0.0406570434570312 -0.0728988647460938 -0.262283325195313 0.236358642578125
-0.00566673278808594 -0.0199718475341797 -0.330078125 -0.040191650390625
-0.0194969177246094 -0.0329113006591797 -0.1712646484375 -0.446990966796875
0.0161581039428711 -0.00438308715820312 0.29595947265625 -0.61932373046875
0.0657310485839844 0.0605697631835937 0.79425048828125 -0.0848388671875
0.0728530883789063 0.1351318359375 0.642822265625 0.65582275390625
0.013031005859375 0.226425170898438 0.07025146484375 0.700927734375
-0.1116943359375 0.229873657226563 0.0545806884765625 0.0839309692382813
-0.0118408203125 0.230560302734375 0.158447265625 -0.66986083984375
0.0821685791015625 0.131027221679688 -0.46380615234375 -0.8763427734375
0.0640716552734375 0.0452461242675781 -0.86395263671875 -0.0736694335937499
0.0135679244995117 0.00170040130615234 -0.406768798828125 0.559112548828125
-0.00254440307617188 -0.0250492095947266 0.070159912109375 0.49481201171875
-0.0295734405517578 -0.0248336791992187 0.32061767578125 0.108154296875
-0.0392303466796875 -0.0407562255859375 0.256805419921875 -0.217514038085938
-0.0364761352539063 -0.071868896484375 -0.268600463867188 0.221145629882813
0.00102615356445312 -0.0145673751831055 -0.292266845703125 -0.0989685058593751
-0.0136642456054687 -0.0251731872558594 -0.05419921875 -0.5028076171875
0.013422966003418 0.00728416442871094 0.468780517578125 -0.5560302734375
0.0486297607421875 0.0739822387695313 0.82513427734375 0.13336181640625
0.0449981689453125 0.14739990234375 0.4686279296875 0.8115234375
-0.0184173583984375 0.232315063476563 -0.04315185546875 0.64715576171875
-0.105117797851562 0.224227905273438 0.0920257568359375 -0.0264816284179687
0.0184783935546875 0.209564208984375 0.0308837890625 -0.74456787109375
0.0925521850585938 0.0953750610351562 -0.6572265625 -0.722412109375
0.0530891418457031 0.0224189758300781 -0.81317138671875 0.15338134765625
0.00354146957397461 0.00311136245727539 -0.231201171875 0.61181640625
-0.00720500946044922 -0.0173196792602539 0.191009521484375 0.43988037109375
-0.0295372009277344 -0.0138397216796875 0.346466064453125 0.050567626953125
-0.037384033203125 -0.0375213623046875 0.241943359375 -0.237136840820313
-0.0266151428222656 -0.0670013427734375 -0.268753051757812 0.2071533203125
0.00947952270507813 -0.00716972351074219 -0.24737548828125 -0.149765014648438
-0.00783920288085938 -0.0144290924072266 0.064361572265625 -0.5313720703125
0.00321388244628906 0.0154180526733398 0.6131591796875 -0.45361328125
0.0211410522460938 0.0707778930664063 0.799560546875 0.3509521484375
0.0109634399414063 0.123481750488281 0.2706298828125 0.92547607421875
-0.0386199951171875 0.195083618164063 -0.134033203125 0.57568359375
-0.078582763671875 0.18121337890625 0.124076843261719 -0.123382568359375
0.0355682373046875 0.15350341796875 -0.0948486328125001 -0.78094482421875
0.077392578125 0.0519638061523438 -0.784912109375 -0.55401611328125
0.0319957733154297 0.00680160522460938 -0.72308349609375 0.3289794921875
-0.00294876098632812 0.00890445709228516 -0.0746459960937501 0.62042236328125
-0.00723457336425781 -0.00790214538574219 0.28717041015625 0.37548828125
-0.0234794616699219 -0.00327682495117187 0.36334228515625 -0.0048828125
-0.0307235717773437 -0.0316619873046875 0.226974487304687 -0.254501342773438
-0.014129638671875 -0.0586585998535156 -0.266265869140625 0.19464111328125
0.0188179016113281 0.00229072570800781 -0.206283569335937 -0.184600830078125
-0.00397706031799316 -0.00426650047302246 0.1600341796875 -0.5367431640625
-0.0124301910400391 0.0166263580322266 0.7032470703125 -0.34735107421875
-0.00739669799804688 0.0457534790039063 0.740234375 0.52001953125
-0.00603485107421876 0.0629234313964844 0.0973510742187499 0.97589111328125
-0.0243911743164062 0.120903015136719 -0.192108154296875 0.511474609375
-0.0339431762695313 0.108489990234375 0.14447021484375 -0.193695068359375
0.0325927734375 0.0761642456054688 -0.19366455078125 -0.78973388671875
0.0420646667480469 0.01043701171875 -0.85101318359375 -0.4139404296875
0.00848388671875 0.000638008117675781 -0.6292724609375 0.43768310546875
-0.00389194488525391 0.0139074325561523 0.0430908203125 0.604248046875
-0.000905811786651611 -0.00061643123626709 0.349884033203125 0.316314697265625
-0.0107669830322266 0.00649356842041016 0.3714599609375 -0.048248291015625
-0.016265869140625 -0.0225925445556641 0.217010498046875 -0.267440795898438
-0.000667572021484371 -0.0479240417480469 -0.262191772460938 0.18829345703125
0.0285739898681641 0.00954055786132813 -0.180938720703125 -0.204299926757813
-0.000681877136230469 0.00487470626831055 0.208282470703125 -0.534698486328125
-0.0259571075439453 0.0109386444091797 0.74188232421875 -0.2803955078125
-0.0292644500732422 0.00501441955566406 0.69244384765625 0.60430908203125
-0.003204345703125 -0.0244426727294922 -0.00128173828125005 0.99200439453125
0.0211372375488281 0.0232143402099609 -0.2203369140625 0.47540283203125
0.0188484191894531 0.0150032043457031 0.149978637695313 -0.22503662109375
0.0122833251953125 -0.00742530822753906 -0.2464599609375 -0.78448486328125
-0.00328636169433594 -0.0233631134033203 -0.87188720703125 -0.33416748046875
-0.0131034851074219 0.00249195098876953 -0.57464599609375 0.4891357421875
-0.000625610351562499 0.0197162628173828 0.10040283203125 0.58795166015625
0.0089120864868164 0.00414848327636719 0.382781982421875 0.283050537109375
0.00573062896728516 0.0134696960449219 0.37548828125 -0.07275390625
0.00301551818847656 -0.0143728256225586 0.21234130859375 -0.273208618164063
0.0125198364257813 -0.0367279052734375 -0.259567260742188 0.189300537109375
0.0389366149902344 0.0123443603515625 -0.1800537109375 -0.20428466796875
0.00407505035400391 0.0121831893920898 0.200531005859375 -0.53271484375
-0.03533935546875 0.00696563720703125 0.73626708984375 -0.28094482421875
-0.0465850830078125 -0.0330581665039063 0.6982421875 0.60009765625
0.00327301025390626 -0.115318298339844 0.00146484375000007 0.98944091796875
0.0753326416015625 -0.0815887451171875 -0.224273681640625 0.480010986328125
0.0737838745117187 -0.0836410522460938 0.14056396484375 -0.215576171875
-0.00868988037109374 -0.0924606323242188 -0.2479248046875 -0.77777099609375
-0.0491256713867187 -0.0543251037597656 -0.8681640625 -0.3359375
-0.0323467254638672 0.00479125976562499 -0.5736083984375 0.4871826171875
0.00259590148925781 0.0216197967529297 0.098876953125 0.5897216796875
0.0188694000244141 0.00703620910644531 0.38525390625 0.284759521484375
0.0215702056884766 0.0178756713867187 0.38067626953125 -0.07623291015625
0.0215950012207031 -0.00489425659179688 0.215988159179687 -0.27447509765625
0.0258312225341797 -0.0278720855712891 -0.25811767578125 0.1966552734375
0.0486335754394531 0.0125999450683594 -0.201568603515625 -0.18658447265625
0.0121641159057617 0.0169038772583008 0.142608642578125 -0.536651611328125
-0.0370635986328125 0.00741195678710938 0.6865234375 -0.3504638671875
-0.0631599426269531 -0.0539360046386719 0.7501220703125 0.50091552734375
-0.00944519042968748 -0.186065673828125 0.108154296875 0.9696044921875
0.104690551757813 -0.1795654296875 -0.200592041015625 0.527496337890625
0.122955322265625 -0.172821044921875 0.118118286132813 -0.164306640625
-0.0190277099609375 -0.171676635742188 -0.196044921875 -0.76739501953125
-0.08526611328125 -0.0903778076171875 -0.83660888671875 -0.40802001953125
-0.0523757934570313 0.00278854370117187 -0.627197265625 0.43817138671875
0.00472068786621094 0.0238857269287109 0.0377197265625001 0.607421875
0.0273189544677734 0.00769805908203125 0.3558349609375 0.325714111328125
0.034393310546875 0.0185890197753906 0.3846435546875 -0.055145263671875
0.0379600524902344 0.002471923828125 0.22955322265625 -0.269195556640625
0.0356025695800781 -0.0220260620117187 -0.2568359375 0.210418701171875
0.0576400756835938 0.00764846801757813 -0.238250732421875 -0.150344848632813
0.0220699310302734 0.0160617828369141 0.042724609375 -0.52593994140625
-0.0301933288574219 0.0129222869873047 0.5872802734375 -0.45458984375
-0.0761260986328125 -0.048614501953125 0.807861328125 0.3243408203125
-0.04547119140625 -0.216812133789063 0.2847900390625 0.908447265625
0.09613037109375 -0.248504638671875 -0.14166259765625 0.601318359375
0.157440185546875 -0.239410400390625 0.0856704711914063 -0.0798492431640625
-0.00811767578124998 -0.238082885742188 -0.10223388671875 -0.7469482421875
-0.100486755371094 -0.132453918457031 -0.7650146484375 -0.5430908203125
-0.0686874389648438 -0.0108528137207031 -0.719482421875 0.32452392578125
0.00032997131347656 0.0231113433837891 -0.0822143554687501 0.62603759765625
0.0318870544433594 0.00719833374023438 0.29412841796875 0.389892578125
0.0417671203613281 0.0179252624511719 0.381927490234375 -0.012969970703125
0.0486640930175781 0.00795745849609375 0.248580932617188 -0.258819580078125
-0.0419464111328125 -0.0723648071289063 -0.257064819335938 0.237213134765625
-0.00455474853515625 -0.0216083526611328 -0.32720947265625 -0.03680419921875
-0.0195217132568359 -0.0319747924804688 -0.173980712890625 -0.44091796875
0.0159873962402344 -0.00403976440429688 0.28765869140625 -0.61737060546875
0.0660133361816406 0.0600013732910156 0.7864990234375 -0.0899658203125
0.0749359130859375 0.133415222167969 0.6431884765625 0.646240234375
0.013671875 0.224899291992188 0.07513427734375 0.69647216796875
-0.110260009765625 0.228958129882813 0.0552978515625 0.0836868286132813
-0.010284423828125 0.228424072265625 0.15362548828125 -0.66607666015625
0.0830841064453125 0.129615783691406 -0.46722412109375 -0.86590576171875
0.0643272399902344 0.0436935424804688 -0.85986328125 -0.0657348632812501
0.0136852264404297 0.00182247161865234 -0.39825439453125 0.5592041015625
-0.0025177001953125 -0.0253696441650391 0.0748291015625 0.490447998046875
-0.0303611755371094 -0.0239276885986328 0.3187255859375 0.103759765625
-0.0391731262207031 -0.0406379699707031 0.2523193359375 -0.218063354492188
-0.0376358032226563 -0.0719757080078125 -0.263137817382813 0.2225341796875
0.001190185546875 -0.0150117874145508 -0.29022216796875 -0.09423828125
-0.0139141082763672 -0.0247116088867187 -0.0581970214843751 -0.4993896484375
0.0125761032104492 0.00685405731201172 0.45977783203125 -0.557342529296875
0.0490875244140625 0.0718994140625 0.821044921875 0.125
0.04632568359375 0.1456298828125 0.47406005859375 0.8040771484375
-0.018035888671875 0.230239868164063 -0.03704833984375 0.64190673828125
-0.10308837890625 0.223648071289063 0.0922927856445313 -0.026458740234375
0.0203857421875 0.207611083984375 0.0281982421875 -0.73828125
0.0926895141601562 0.0938720703125 -0.6552734375 -0.71270751953125
0.0525436401367188 0.0217742919921875 -0.80682373046875 0.158935546875
0.00392699241638184 0.0029149055480957 -0.22491455078125 0.6090087890625
-0.00792789459228516 -0.0173635482788086 0.19366455078125 0.435577392578125
-0.0302600860595703 -0.0135478973388672 0.34490966796875 0.046417236328125
-0.0387191772460938 -0.0373458862304687 0.238235473632813 -0.238235473632813
-0.0287590026855469 -0.0664863586425781 -0.263870239257812 0.208221435546875
0.00993061065673828 -0.00805950164794922 -0.245559692382813 -0.14581298828125
-0.00853252410888672 -0.014399528503418 0.0593566894531249 -0.529205322265625
0.00224876403808594 0.0152425765991211 0.60296630859375 -0.4569091796875
0.021759033203125 0.0688285827636719 0.7969970703125 0.34136962890625
0.0135879516601563 0.122390747070313 0.27520751953125 0.91644287109375
-0.0362701416015625 0.194168090820312 -0.12762451171875 0.57196044921875
-0.0758056640625 0.180389404296875 0.1234130859375 -0.123344421386719
0.0356597900390625 0.150375366210938 -0.0983276367187499 -0.77490234375
0.0771865844726563 0.0494155883789063 -0.78363037109375 -0.54364013671875
0.0321998596191406 0.00513267517089844 -0.71563720703125 0.33221435546875
-0.00240468978881836 0.00812721252441406 -0.0684814453125001 0.61676025390625
-0.00696611404418945 -0.00865602493286133 0.2889404296875 0.369842529296875
-0.0231475830078125 -0.00330543518066407 0.3607177734375 -0.009185791015625
-0.0307369232177734 -0.0314121246337891 0.2236328125 -0.254226684570313
-0.0156822204589844 -0.0580673217773438 -0.2613525390625 0.196685791015625
0.0185756683349609 0.00103187561035156 -0.20428466796875 -0.18133544921875
-0.00452709197998047 -0.00402641296386719 0.152923583984375 -0.535308837890625
-0.0113763809204102 0.0166969299316406 0.6937255859375 -0.35101318359375
-0.00675582885742188 0.0450706481933594 0.73944091796875 0.50958251953125
-0.00550079345703125 0.0619468688964844 0.103271484375 0.97113037109375
-0.0240325927734375 0.120269775390625 -0.186767578125 0.50921630859375
-0.033966064453125 0.107711791992188 0.142654418945313 -0.193252563476563
0.0318984985351562 0.075927734375 -0.19921875 -0.78338623046875
0.0417861938476563 0.0093841552734375 -0.8470458984375 -0.404296875
0.00873184204101563 0.000464439392089844 -0.62109375 0.4400634765625
-0.00363349914550781 0.0145463943481445 0.04620361328125 0.5986328125
-0.000885725021362305 -0.00114798545837402 0.3514404296875 0.309783935546875
-0.010350227355957 0.00609970092773437 0.367218017578125 -0.051483154296875
-0.0167522430419922 -0.0237178802490234 0.212554931640625 -0.266860961914063
-0.00205230712890625 -0.0473289489746094 -0.2579345703125 0.189788818359375
0.0280551910400391 0.00778388977050781 -0.180938720703125 -0.201797485351562
-0.000977993011474609 0.00487136840820312 0.20196533203125 -0.533233642578125
-0.0260086059570313 0.0116348266601562 0.735107421875 -0.28387451171875
-0.0291919708251953 0.00434684753417968 0.69342041015625 0.59600830078125
-0.00390052795410156 -0.0241718292236328 0.00592041015625003 0.9859619140625
0.0197105407714844 0.0223598480224609 -0.214202880859375 0.47314453125
0.0182628631591797 0.0147342681884766 0.147781372070313 -0.224945068359375
0.012089729309082 -0.00749778747558594 -0.25164794921875 -0.77655029296875
-0.00434684753417969 -0.0235500335693359 -0.86895751953125 -0.32293701171875
-0.0135259628295898 0.0026397705078125 -0.5662841796875 0.4910888671875
-0.000423431396484373 0.0188922882080078 0.10479736328125 0.58111572265625
0.00887012481689453 0.00481319427490234 0.38311767578125 0.27728271484375
0.00538158416748047 0.0131864547729492 0.372833251953125 -0.075927734375
0.00269126892089844 -0.0148630142211914 0.208389282226562 -0.274459838867188
0.0105781555175781 -0.03643798828125 -0.254531860351563 0.189743041992188
0.0383224487304688 0.0117034912109375 -0.180007934570312 -0.20159912109375
0.00384807586669922 0.0128536224365234 0.1944580078125 -0.531890869140625
-0.0349864959716797 0.00663566589355469 0.72772216796875 -0.285888671875
-0.0465087890625 -0.0332832336425781 0.6978759765625 0.59014892578125
0.00232696533203124 -0.113761901855469 0.0108642578124999 0.98406982421875
0.0725784301757813 -0.0811920166015625 -0.218963623046875 0.478912353515625
0.07244873046875 -0.082916259765625 0.139480590820313 -0.214950561523438
-0.00899505615234375 -0.0907211303710938 -0.25213623046875 -0.77117919921875
-0.0502510070800781 -0.0539474487304688 -0.8629150390625 -0.32452392578125
-0.0311164855957031 0.00594902038574219 -0.56414794921875 0.4892578125
0.00348472595214844 0.0221080780029297 0.1036376953125 0.58135986328125
0.0188999176025391 0.00595474243164063 0.38433837890625 0.2784423828125
0.0230159759521484 0.0162220001220703 0.37591552734375 -0.08074951171875
0.021240234375 -0.00469207763671875 0.211593627929687 -0.275634765625
0.0235061645507813 -0.0280475616455078 -0.252777099609375 0.197860717773438
0.0492515563964844 0.0119514465332031 -0.201828002929688 -0.183303833007813
0.0119647979736328 0.0162544250488281 0.135528564453125 -0.533538818359375
-0.0377426147460937 0.00829696655273437 0.677978515625 -0.35247802734375
-0.0631103515625 -0.0532989501953125 0.75042724609375 0.49163818359375
-0.0110626220703125 -0.185150146484375 0.11553955078125 0.961669921875
0.102279663085937 -0.178024291992188 -0.194061279296875 0.524627685546875
0.120590209960938 -0.172714233398438 0.1163330078125 -0.163864135742188
-0.020965576171875 -0.169937133789063 -0.2015380859375 -0.7611083984375
-0.0854110717773437 -0.0890274047851563 -0.8333740234375 -0.39990234375
-0.0516014099121094 0.00174331665039062 -0.619384765625 0.44024658203125
0.00445938110351563 0.0235691070556641 0.04443359375 0.60284423828125
0.0270042419433594 0.00694656372070313 0.3570556640625 0.31890869140625
0.0348224639892578 0.0175952911376953 0.3804931640625 -0.060089111328125
0.0378684997558594 0.00222015380859375 0.225067138671875 -0.269287109375
0.0337562561035156 -0.0227088928222656 -0.250869750976563 0.210662841796875
0.0575828552246094 0.00799560546875 -0.2374267578125 -0.146881103515625
0.0228309631347656 0.0161037445068359 0.037017822265625 -0.52294921875
-0.0294971466064453 0.0139236450195313 0.5799560546875 -0.455322265625
-0.0751876831054688 -0.0479812622070313 0.80548095703125 0.31512451171875
-0.04791259765625 -0.21429443359375 0.291259765625 0.900634765625
0.092681884765625 -0.24713134765625 -0.13531494140625 0.5970458984375
0.155319213867188 -0.238601684570313 0.0853729248046875 -0.0799484252929688
-0.0106658935546875 -0.235885620117188 -0.10638427734375 -0.73895263671875
-0.100807189941406 -0.1312255859375 -0.76336669921875 -0.53472900390625
-0.0672645568847656 -0.010498046875 -0.71087646484375 0.32830810546875
0.000494003295898436 0.0221195220947266 -0.076416015625 0.6217041015625
0.0316867828369141 0.00691413879394531 0.296630859375 0.383575439453125
0.0418701171875 0.0166435241699219 0.37860107421875 -0.01727294921875
0.0481758117675781 0.00697708129882812 0.24322509765625 -0.258804321289063
-0.0439071655273438 -0.0728073120117187 -0.25299072265625 0.23809814453125
-0.00447845458984375 -0.0224037170410156 -0.324920654296875 -0.03448486328125
-0.0205802917480469 -0.0317611694335938 -0.17596435546875 -0.43701171875
0.015843391418457 -0.00433921813964844 0.2816162109375 -0.615234375
0.0658721923828125 0.05767822265625 0.7823486328125 -0.094970703125
0.0764923095703125 0.130912780761719 0.64202880859375 0.63916015625
0.014404296875 0.2220458984375 0.080322265625 0.690673828125
-0.108154296875 0.228530883789063 0.0557479858398438 0.082855224609375
-0.00939941406250001 0.226608276367188 0.147216796875 -0.6610107421875
0.082855224609375 0.126716613769531 -0.4703369140625 -0.85687255859375
0.0638656616210938 0.0435333251953125 -0.85455322265625 -0.0618286132812498
0.014500617980957 0.00131511688232422 -0.3919677734375 0.557281494140625
-0.00289344787597656 -0.0253200531005859 0.07794189453125 0.486602783203125
-0.0294551849365234 -0.0235538482666016 0.317291259765625 0.099273681640625
-0.0401687622070312 -0.0396957397460937 0.248977661132813 -0.219314575195313
-0.039459228515625 -0.0714187622070313 -0.258880615234375 0.224151611328125
0.000947952270507813 -0.0157651901245117 -0.28900146484375 -0.09130859375
-0.0139694213867187 -0.0239906311035156 -0.060546875 -0.494903564453125
0.0117387771606445 0.00745964050292969 0.45330810546875 -0.557586669921875
0.0493011474609375 0.07061767578125 0.81573486328125 0.11834716796875
0.0485076904296875 0.143539428710938 0.473876953125 0.7960205078125
-0.0169525146484375 0.2275390625 -0.03204345703125 0.637939453125
-0.1021728515625 0.22198486328125 0.0916061401367188 -0.0265731811523437
0.0203857421875 0.205459594726563 0.0218505859375 -0.73345947265625
0.09222412109375 0.0925674438476562 -0.65631103515625 -0.70458984375
0.0523223876953125 0.0215187072753906 -0.80035400390625 0.16168212890625
0.00410723686218262 0.00261569023132324 -0.21929931640625 0.60699462890625
-0.00754356384277344 -0.0176753997802734 0.1964111328125 0.43170166015625
-0.0303497314453125 -0.0141754150390625 0.342437744140625 0.042022705078125
-0.0391082763671875 -0.0378646850585938 0.234466552734375 -0.237960815429687
-0.0304794311523437 -0.0669403076171875 -0.259201049804688 0.20953369140625
0.00914859771728516 -0.00940322875976563 -0.244277954101562 -0.142501831054688
-0.00872516632080078 -0.0140113830566406 0.05706787109375 -0.52606201171875
0.00286102294921875 0.0158796310424805 0.595458984375 -0.45599365234375
0.0223503112792969 0.0678558349609375 0.79241943359375 0.33502197265625
0.0141143798828125 0.122146606445312 0.28076171875 0.909423828125
-0.036102294921875 0.191360473632813 -0.1220703125 0.56927490234375
-0.07562255859375 0.180130004882813 0.121788024902344 -0.123199462890625
0.03729248046875 0.149169921875 -0.1033935546875 -0.7689208984375
0.0774993896484375 0.0483016967773437 -0.78118896484375 -0.5362548828125
0.0320262908935547 0.00548362731933594 -0.70648193359375 0.33465576171875
-0.0025181770324707 0.00784921646118164 -0.0631103515625 0.61175537109375
-0.00685739517211914 -0.00826692581176758 0.291259765625 0.364105224609375
-0.0224742889404297 -0.0039520263671875 0.357940673828125 -0.01190185546875
-0.0311031341552734 -0.031982421875 0.218994140625 -0.25421142578125
-0.0180854797363281 -0.0581207275390625 -0.257736206054687 0.197097778320313
0.0180644989013672 0.000408172607421875 -0.2039794921875 -0.178634643554688
-0.00483369827270508 -0.00378561019897461 0.148284912109375 -0.533538818359375
-0.0119647979736328 0.0160608291625977 0.68670654296875 -0.35382080078125
-0.00556564331054687 0.0444869995117188 0.73651123046875 0.50103759765625
-0.0058441162109375 0.0615081787109375 0.1077880859375 0.96343994140625
-0.0230178833007812 0.119140625 -0.18048095703125 0.506256103515625
-0.033660888671875 0.106117248535156 0.140762329101563 -0.191986083984375
0.0309677124023437 0.0740432739257813 -0.20184326171875 -0.77557373046875
0.0413627624511719 0.00878143310546875 -0.84344482421875 -0.39617919921875
0.00838518142700195 0.000477790832519531 -0.61285400390625 0.44036865234375
-0.00396823883056641 0.0134315490722656 0.05059814453125 0.5938720703125
-0.00104224681854248 -0.00143313407897949 0.351287841796875 0.304229736328125
-0.010075569152832 0.00608444213867188 0.364013671875 -0.054443359375
-0.0162067413330078 -0.0236644744873047 0.208770751953125 -0.266845703125
-0.00383377075195312 -0.0465545654296875 -0.254013061523438 0.1905517578125
0.0289669036865234 0.00739479064941406 -0.179718017578125 -0.198333740234375
-0.00084686279296875 0.00500631332397461 0.197479248046875 -0.53131103515625
-0.0258922576904297 0.0121212005615234 0.72747802734375 -0.287841796875
-0.02801513671875 0.00448417663574218 0.69287109375 0.586181640625
-0.00439262390136719 -0.0244388580322266 0.0136718749999999 0.97998046875
0.0194892883300781 0.0222644805908203 -0.208984375 0.470855712890625
0.0180797576904297 0.0148468017578125 0.146163940429688 -0.2239990234375
0.0116348266601563 -0.00807952880859375 -0.25537109375 -0.7701416015625
-0.00390052795410156 -0.0229530334472656 -0.86395263671875 -0.31805419921875
-0.0132369995117188 0.00165176391601562 -0.558135986328125 0.490509033203125
-0.000316619873046876 0.0185623168945313 0.10968017578125 0.57623291015625
0.00972843170166016 0.00305747985839844 0.381744384765625 0.271575927734375
0.00635051727294922 0.0118942260742188 0.36846923828125 -0.078765869140625
0.00203704833984375 -0.0147733688354492 0.204452514648438 -0.273147583007813
0.00928497314453125 -0.0359039306640625 -0.25054931640625 0.190643310546875
0.0392990112304687 0.0111122131347656 -0.17987060546875 -0.199661254882812
0.00436782836914062 0.0124177932739258 0.189605712890625 -0.5286865234375
-0.0359153747558594 0.00820159912109376 0.7215576171875 -0.28912353515625
-0.0458297729492188 -0.0334930419921875 0.696533203125 0.5810546875
0.00173187255859375 -0.113533020019531 0.0163574218749999 0.97607421875
0.0708160400390625 -0.0808944702148437 -0.213592529296875 0.475738525390625
0.0713958740234375 -0.0826568603515625 0.1375732421875 -0.214218139648438
-0.01092529296875 -0.091033935546875 -0.2532958984375 -0.76361083984375
-0.0499839782714844 -0.0528526306152344 -0.85906982421875 -0.31805419921875
-0.0329723358154297 0.00512313842773437 -0.55755615234375 0.487823486328125
0.00315093994140625 0.0211753845214844 0.108154296875 0.57757568359375
0.0187244415283203 0.00562667846679688 0.385009765625 0.27227783203125
0.0224227905273438 0.0154399871826172 0.3721923828125 -0.084075927734375
0.020782470703125 -0.00586891174316406 0.20751953125 -0.274642944335937
0.0223674774169922 -0.0275688171386719 -0.24853515625 0.199188232421875
0.0490646362304688 0.0105705261230469 -0.201217651367188 -0.180709838867188
0.0123758316040039 0.0162820816040039 0.132049560546875 -0.53033447265625
-0.0371246337890625 0.008331298828125 0.67169189453125 -0.353759765625
-0.0617179870605469 -0.0533943176269531 0.74627685546875 0.4832763671875
-0.012176513671875 -0.182785034179687 0.1207275390625 0.954833984375
0.0999908447265625 -0.176956176757813 -0.188201904296875 0.519775390625
0.117691040039063 -0.17144775390625 0.115127563476563 -0.163543701171875
-0.021484375 -0.168228149414063 -0.203125 -0.75384521484375
-0.085662841796875 -0.0875244140625 -0.83050537109375 -0.3912353515625
-0.0520401000976562 0.00230407714843751 -0.61065673828125 0.43988037109375
0.00432205200195313 0.0231971740722656 0.0469970703124999 0.598388671875
0.026641845703125 0.0055389404296875 0.35711669921875 0.312835693359375
0.0358161926269531 0.0175018310546875 0.37677001953125 -0.06243896484375
0.03717041015625 0.00115585327148438 0.221923828125 -0.269546508789063
0.032135009765625 -0.0222740173339844 -0.247344970703125 0.210845947265625
0.056884765625 0.00616836547851562 -0.236190795898438 -0.14483642578125
0.0213184356689453 0.01495361328125 0.0322265625 -0.519500732421875
-0.0307941436767578 0.0146636962890625 0.57183837890625 -0.45648193359375
-0.0746078491210938 -0.0490646362304688 0.79986572265625 0.30810546875
-0.0480194091796875 -0.213714599609375 0.2957763671875 0.89471435546875
0.090484619140625 -0.245208740234375 -0.130859375 0.592529296875
0.152542114257813 -0.236343383789062 0.0843505859375 -0.0803680419921875
-0.0119781494140625 -0.232711791992188 -0.11077880859375 -0.7330322265625
-0.1016845703125 -0.13006591796875 -0.76141357421875 -0.52642822265625
-0.0679092407226563 -0.00958633422851563 -0.704833984375 0.32928466796875
0.000570297241210939 0.0219993591308594 -0.07122802734375 0.6175537109375
0.0311546325683594 0.00593948364257813 0.296600341796875 0.379058837890625
0.0416030883789062 0.0163230895996094 0.3748779296875 -0.020599365234375
0.0476264953613281 0.0070648193359375 0.239532470703125 -0.258468627929688
-0.0460891723632813 -0.071685791015625 -0.24920654296875 0.238845825195312
-0.00511932373046875 -0.0224113464355469 -0.320892333984375 -0.03106689453125
-0.0191001892089844 -0.0306129455566406 -0.17803955078125 -0.432952880859375
0.0154237747192383 -0.00334644317626953 0.27606201171875 -0.61419677734375
0.0661659240722656 0.05584716796875 0.77557373046875 -0.09796142578125
0.0757293701171875 0.129402160644531 0.64080810546875 0.63214111328125
0.0149688720703125 0.220794677734375 0.0828857421875 0.68621826171875
-0.107101440429688 0.2275390625 0.056304931640625 0.08148193359375
-0.00857543945312501 0.224319458007812 0.1435546875 -0.65728759765625
0.0831146240234375 0.126060485839844 -0.4693603515625 -0.84930419921875
0.0651626586914063 0.0430450439453125 -0.84722900390625 -0.0578002929687501
0.0140476226806641 0.00123977661132813 -0.38482666015625 0.55535888671875
-0.00257682800292969 -0.0250644683837891 0.080963134765625 0.48260498046875
-0.030609130859375 -0.0234298706054687 0.31549072265625 0.095550537109375
-0.0398330688476562 -0.0405082702636719 0.24566650390625 -0.220291137695312
-0.0423660278320313 -0.071136474609375 -0.255233764648438 0.224105834960938
0.000364303588867188 -0.0169467926025391 -0.2847900390625 -0.0888671875
-0.0144844055175781 -0.0234966278076172 -0.0631713867187499 -0.491607666015625
0.0122442245483398 0.00710678100585937 0.446746826171875 -0.556182861328125
0.0506706237792969 0.0690956115722656 0.80950927734375 0.11566162109375
0.0483551025390625 0.1424560546875 0.474853515625 0.78765869140625
-0.0164794921875 0.226638793945313 -0.0294189453125001 0.6343994140625
-0.101287841796875 0.221343994140625 0.0916976928710937 -0.026641845703125
0.022125244140625 0.203277587890625 0.0184326171875 -0.72833251953125
0.0921173095703125 0.0905075073242188 -0.65496826171875 -0.694580078125
0.0526123046875 0.0207138061523438 -0.79327392578125 0.163818359375
0.00439453125 0.00310087203979492 -0.21356201171875 0.60247802734375
-0.00770378112792969 -0.0179576873779297 0.197479248046875 0.4268798828125
-0.0296840667724609 -0.0146293640136719 0.339447021484375 0.03955078125
-0.0394554138183594 -0.0373611450195313 0.231674194335938 -0.238601684570313
-0.0317611694335937 -0.06524658203125 -0.254730224609375 0.209884643554688
0.00893306732177734 -0.00887870788574219 -0.241622924804688 -0.139846801757813
-0.008575439453125 -0.0132884979248047 0.052337646484375 -0.5220947265625
0.00297164916992188 0.015742301940918 0.58892822265625 -0.45849609375
0.0224189758300781 0.0664863586425781 0.7899169921875 0.32623291015625
0.0150680541992187 0.120285034179688 0.2823486328125 0.9010009765625
-0.035064697265625 0.19000244140625 -0.117919921875 0.56475830078125
-0.0751953125 0.178329467773438 0.121124267578125 -0.122123718261719
0.0370025634765625 0.14788818359375 -0.105712890625 -0.76300048828125
0.0765228271484375 0.04742431640625 -0.77593994140625 -0.5274658203125
0.0309181213378906 0.00499343872070313 -0.69927978515625 0.33502197265625
-0.00173377990722656 0.00826025009155273 -0.0604248046875 0.60845947265625
-0.00728702545166016 -0.00910663604736328 0.290374755859375 0.360198974609375
-0.0229225158691406 -0.00371742248535156 0.35418701171875 -0.015380859375
-0.0312099456787109 -0.0312232971191406 0.216720581054688 -0.25335693359375
-0.0196571350097656 -0.0581474304199219 -0.252914428710938 0.197799682617188
0.0185279846191406 -0.000743865966796875 -0.202789306640625 -0.177291870117188
-0.0038459300994873 -0.00327777862548828 0.144195556640625 -0.5296630859375
-0.0118341445922852 0.0169544219970703 0.6795654296875 -0.35491943359375
-0.00648117065429687 0.042877197265625 0.7332763671875 0.493896484375
-0.00531387329101562 0.0615005493164063 0.11285400390625 0.9560546875
-0.0238265991210938 0.11810302734375 -0.175140380859375 0.505401611328125
-0.0336151123046875 0.106521606445313 0.13970947265625 -0.191207885742188
0.0307846069335938 0.0734024047851562 -0.20538330078125 -0.76898193359375
0.040985107421875 0.00822830200195312 -0.83929443359375 -0.3896484375
0.00764846801757813 -0.000792980194091797 -0.6082763671875 0.43951416015625
-0.00339317321777344 0.0137872695922852 0.0562744140625 0.58856201171875
-0.00107300281524658 -0.00183975696563721 0.35125732421875 0.29925537109375
-0.00991153717041016 0.00608730316162109 0.361083984375 -0.057525634765625
-0.0171375274658203 -0.0238819122314453 0.204803466796875 -0.2662353515625
-0.00544357299804688 -0.0468559265136719 -0.249176025390625 0.191070556640625
0.0284767150878906 0.00623130798339844 -0.178375244140625 -0.196273803710938
-0.000581741333007812 0.00569820404052734 0.191680908203125 -0.52642822265625
-0.0262527465820313 0.0122776031494141 0.72027587890625 -0.2908935546875
-0.0279483795166016 0.00455284118652343 0.69183349609375 0.5794677734375
-0.00406646728515625 -0.0235462188720703 0.01849365234375 0.97308349609375
0.0190353393554688 0.0220832824707031 -0.204803466796875 0.468475341796875
0.0178203582763672 0.01483154296875 0.144729614257812 -0.22247314453125
0.0113048553466797 -0.00776958465576172 -0.2567138671875 -0.762451171875
-0.00481796264648438 -0.0232200622558594 -0.85992431640625 -0.3114013671875
-0.0137805938720703 0.00144195556640625 -0.552459716796875 0.488006591796875
-0.000392913818359374 0.0185661315917969 0.11114501953125 0.57122802734375
0.0086665153503418 0.00261735916137695 0.38128662109375 0.265167236328125
0.00643062591552734 0.0117435455322266 0.36505126953125 -0.081634521484375
0.00205421447753906 -0.0150823593139648 0.200408935546875 -0.272964477539062
0.00753021240234375 -0.0356864929199219 -0.24578857421875 0.190780639648437
0.0384712219238281 0.00904464721679688 -0.178955078125 -0.196334838867188
0.0036468505859375 0.0117502212524414 0.18377685546875 -0.52728271484375
-0.0353851318359375 0.00878524780273438 0.71435546875 -0.29095458984375
-0.0451850891113281 -0.0332260131835938 0.69512939453125 0.5745849609375
0.000488281250000004 -0.111984252929688 0.0197143554687501 0.9708251953125
0.0699462890625 -0.0810775756835938 -0.208831787109375 0.473358154296875
0.0700607299804688 -0.0821380615234375 0.135726928710938 -0.212493896484375
-0.0116043090820313 -0.0889205932617188 -0.2554931640625 -0.75421142578125
-0.0498847961425781 -0.0521278381347656 -0.8536376953125 -0.31048583984375
-0.0322647094726563 0.0054473876953125 -0.5494384765625 0.48675537109375
0.00390243530273438 0.0202846527099609 0.10980224609375 0.57305908203125
0.0193500518798828 0.00503921508789063 0.382904052734375 0.26885986328125
0.0226612091064453 0.0154819488525391 0.368743896484375 -0.08642578125
0.0198898315429688 -0.00675582885742188 0.203384399414063 -0.272933959960938
0.0209121704101563 -0.0271148681640625 -0.245040893554688 0.198944091796875
0.0481071472167969 0.00905990600585938 -0.199920654296875 -0.178421020507813
0.0124063491821289 0.0162649154663086 0.126495361328125 -0.527923583984375
-0.0366859436035156 0.009185791015625 0.66461181640625 -0.357666015625
-0.0623664855957031 -0.0524826049804688 0.7457275390625 0.475341796875
-0.012939453125 -0.182235717773438 0.12615966796875 0.948486328125
0.097869873046875 -0.175582885742188 -0.185516357421875 0.517364501953125
0.1160888671875 -0.1707763671875 0.114776611328125 -0.163558959960938
-0.0226287841796875 -0.166610717773438 -0.20550537109375 -0.74658203125
-0.0854644775390625 -0.0870208740234375 -0.827392578125 -0.38568115234375
-0.0512542724609375 0.00263977050781251 -0.60504150390625 0.4405517578125
0.00480270385742188 0.0227317810058594 0.04962158203125 0.59326171875
0.0267219543457031 0.00567626953125 0.356536865234375 0.30755615234375
0.0350894927978516 0.01593017578125 0.372711181640625 -0.065185546875
0.0369415283203125 0.000766754150390625 0.216796875 -0.267776489257813
0.0307064056396484 -0.021636962890625 -0.243316650390625 0.211746215820312
0.0565261840820313 0.00511550903320313 -0.234619140625 -0.142684936523438
0.0222816467285156 0.0153121948242188 0.02813720703125 -0.515838623046875
-0.0296802520751953 0.0141239166259766 0.56390380859375 -0.4571533203125
-0.0736770629882813 -0.0483627319335937 0.79669189453125 0.30145263671875
-0.050018310546875 -0.212234497070313 0.29815673828125 0.8865966796875
0.0882110595703125 -0.243988037109375 -0.1268310546875 0.5889892578125
0.149551391601563 -0.2353515625 0.0845108032226563 -0.0804290771484375
-0.01361083984375 -0.230667114257813 -0.1129150390625 -0.72723388671875
-0.101570129394531 -0.129013061523437 -0.758544921875 -0.51947021484375
-0.0661048889160156 -0.00971984863281249 -0.69873046875 0.330810546875
0.000753402709960935 0.0222377777099609 -0.06744384765625 0.61376953125
0.0316123962402344 0.0052032470703125 0.296905517578125 0.37445068359375
0.0415306091308594 0.0156288146972656 0.371673583984375 -0.023040771484375
0.0468635559082031 0.00596237182617188 0.2354736328125 -0.25860595703125
-0.046417236328125 -0.0715789794921875 -0.244766235351562 0.239501953125
-0.00537300109863281 -0.0228443145751953 -0.31787109375 -0.028472900390625
-0.0195865631103516 -0.0304985046386719 -0.17633056640625 -0.42803955078125
0.0146942138671875 -0.00345802307128906 0.27166748046875 -0.61029052734375
0.0664482116699219 0.0544357299804688 0.7691650390625 -0.09912109375
0.0768661499023438 0.12786865234375 0.63836669921875 0.628173828125
0.014739990234375 0.218063354492188 0.0841674804687501 0.67962646484375
-0.106765747070313 0.22491455078125 0.0562515258789062 0.0810775756835938
-0.00831604003906251 0.222396850585938 0.140625 -0.65277099609375
0.08221435546875 0.123977661132813 -0.46942138671875 -0.84173583984375
0.0643348693847656 0.0420112609863281 -0.84283447265625 -0.0552978515625
0.0147829055786133 0.000457763671875 -0.381317138671875 0.55072021484375
-0.00272750854492188 -0.0257053375244141 0.082122802734375 0.477630615234375
-0.0306072235107422 -0.0229625701904297 0.313018798828125 0.09332275390625
-0.040679931640625 -0.0396690368652344 0.2420654296875 -0.2198486328125
-0.0422286987304688 -0.0704193115234375 -0.250213623046875 0.224502563476562
0.0012969970703125 -0.0181865692138672 -0.282684326171875 -0.086517333984375
-0.0138931274414063 -0.0233631134033203 -0.0651550292968749 -0.487518310546875
0.0125770568847656 0.00796127319335938 0.440765380859375 -0.553619384765625
0.0497322082519531 0.0681648254394531 0.80413818359375 0.11138916015625
0.049285888671875 0.140426635742188 0.4742431640625 0.782958984375
-0.016265869140625 0.224441528320313 -0.02606201171875 0.62860107421875
-0.100372314453125 0.219940185546875 0.0912551879882813 -0.026611328125
0.02191162109375 0.202255249023438 0.01556396484375 -0.7218017578125
0.0916824340820313 0.0894851684570313 -0.6522216796875 -0.68798828125
0.0531997680664062 0.0205154418945313 -0.78741455078125 0.16424560546875
0.00411510467529297 0.00229620933532715 -0.20928955078125 0.59808349609375
-0.0076141357421875 -0.0185184478759766 0.19818115234375 0.422393798828125
-0.0296611785888672 -0.013275146484375 0.33746337890625 0.036529541015625
-0.0396003723144531 -0.0372505187988281 0.228607177734375 -0.237442016601563
-0.0335273742675781 -0.0653457641601563 -0.25054931640625 0.20989990234375
0.00881767272949219 -0.0102033615112305 -0.2398681640625 -0.137664794921875
-0.00882625579833985 -0.0136137008666992 0.04962158203125 -0.51904296875
0.002105712890625 0.0156736373901367 0.58258056640625 -0.45654296875
0.0228919982910156 0.0656890869140625 0.7860107421875 0.32366943359375
0.015411376953125 0.118980407714844 0.28375244140625 0.89544677734375
-0.0350494384765625 0.189285278320313 -0.114410400390625 0.561279296875
-0.074310302734375 0.177734375 0.121070861816406 -0.121429443359375
0.0369873046875 0.146728515625 -0.10797119140625 -0.7557373046875
0.0764007568359375 0.047088623046875 -0.77337646484375 -0.52154541015625
0.0312232971191406 0.00548362731933594 -0.69476318359375 0.33489990234375
-0.00153589248657226 0.00728511810302734 -0.05615234375 0.60369873046875
-0.00717830657958984 -0.00921154022216797 0.290191650390625 0.35528564453125
-0.0223159790039063 -0.00387763977050782 0.351318359375 -0.018096923828125
-0.0321178436279297 -0.0318431854248047 0.2142333984375 -0.254013061523438
-0.0209312438964844 -0.0568122863769531 -0.24920654296875 0.197479248046875
0.0182552337646484 -0.00167655944824219 -0.20074462890625 -0.174484252929688
-0.00428414344787598 -0.00390434265136719 0.1419677734375 -0.5267333984375
-0.0125465393066406 0.0173330307006836 0.67230224609375 -0.35504150390625
-0.00494384765624999 0.0430831909179688 0.73114013671875 0.4871826171875
-0.00414276123046874 0.0603713989257813 0.1160888671875 0.949951171875
-0.0240859985351563 0.116691589355469 -0.1741943359375 0.499603271484375
-0.0340194702148437 0.106346130371094 0.138992309570312 -0.189849853515625
0.031463623046875 0.0730819702148438 -0.20574951171875 -0.76239013671875
0.0413932800292969 0.00792694091796875 -0.834228515625 -0.3831787109375
0.00801753997802734 -0.000454425811767578 -0.60113525390625 0.4385986328125
-0.00284004211425781 0.0134544372558594 0.05755615234375 0.581787109375
-0.000548958778381348 -0.00195086002349854 0.3494873046875 0.29620361328125
-0.00898361206054688 0.00512313842773437 0.357696533203125 -0.0599365234375
-0.0175914764404297 -0.0241012573242188 0.202713012695312 -0.264938354492187
-0.00683212280273438 -0.0460548400878906 -0.246185302734375 0.189804077148438
0.0276165008544922 0.00532341003417969 -0.178665161132813 -0.193923950195312
-0.000739574432373047 0.0056462287902832 0.187896728515625 -0.52642822265625
-0.0263442993164063 0.0121841430664062 0.712890625 -0.2904052734375
-0.0280342102050781 0.00360298156738281 0.68890380859375 0.57171630859375
-0.00391387939453125 -0.0242500305175781 0.01995849609375 0.9659423828125
0.0186576843261719 0.0223140716552734 -0.20233154296875 0.4658203125
0.0163764953613281 0.01470947265625 0.144805908203125 -0.221420288085938
0.0113191604614258 -0.00772285461425781 -0.25787353515625 -0.7568359375
-0.00534439086914063 -0.0229244232177734 -0.85357666015625 -0.30694580078125
-0.014033317565918 0.00240993499755859 -0.546783447265625 0.486114501953125
-0.00049591064453125 0.0181064605712891 0.11328125 0.5655517578125
0.00929927825927734 0.00225067138671875 0.378875732421875 0.26177978515625
0.00715160369873047 0.0107879638671875 0.361358642578125 -0.0836181640625
0.00137996673583984 -0.0150861740112305 0.197555541992188 -0.271041870117188
0.00594711303710938 -0.0346298217773438 -0.242721557617188 0.191146850585937
0.0383567810058594 0.00887680053710938 -0.177383422851563 -0.194412231445312
0.00411033630371094 0.0125789642333984 0.17999267578125 -0.52362060546875
-0.0352897644042969 0.00823593139648437 0.70721435546875 -0.29241943359375
-0.045166015625 -0.0334510803222656 0.6923828125 0.568115234375
0.000335693359375004 -0.111373901367188 0.0240478515625 0.96270751953125
0.06854248046875 -0.080047607421875 -0.20562744140625 0.469573974609375
0.0683746337890625 -0.0815582275390625 0.135009765625 -0.212020874023437
-0.0119476318359375 -0.0892105102539063 -0.25567626953125 -0.74981689453125
-0.0495986938476562 -0.0516242980957031 -0.84808349609375 -0.30548095703125
-0.0331516265869141 0.00476264953613281 -0.544097900390625 0.485504150390625
0.00348663330078125 0.0210762023925781 0.11248779296875 0.56695556640625
0.0185623168945313 0.00435829162597656 0.381744384765625 0.264312744140625
0.0227470397949219 0.0142917633056641 0.3643798828125 -0.087921142578125
0.0195102691650391 -0.00616073608398438 0.201171875 -0.272430419921875
0.0197696685791016 -0.0259780883789063 -0.2412109375 0.199249267578125
0.0482711791992187 0.00898361206054688 -0.19818115234375 -0.177230834960938
0.0124263763427734 0.0152368545532227 0.12255859375 -0.523101806640625
-0.0367050170898437 0.00947189331054688 0.65771484375 -0.3565673828125
-0.0620346069335937 -0.0533638000488281 0.74169921875 0.468994140625
-0.0141448974609375 -0.180557250976563 0.12713623046875 0.9415283203125
0.0968170166015625 -0.173751831054688 -0.182159423828125 0.514739990234375
0.115066528320312 -0.1695556640625 0.1131591796875 -0.16180419921875
-0.0240478515625 -0.16522216796875 -0.20574951171875 -0.74041748046875
-0.0857925415039063 -0.0855941772460937 -0.82080078125 -0.37969970703125
-0.05133056640625 0.00261688232421876 -0.59954833984375 0.4368896484375
0.00442695617675781 0.022308349609375 0.05328369140625 0.5880126953125
0.0270442962646484 0.00550270080566406 0.3544921875 0.30389404296875
0.0352783203125 0.0149765014648438 0.36798095703125 -0.067169189453125
0.0361213684082031 0.000732421875 0.214340209960938 -0.267715454101563
0.0286731719970703 -0.0208892822265625 -0.23895263671875 0.21240234375
0.0564537048339844 0.00376129150390625 -0.233245849609375 -0.1400146484375
0.0216884613037109 0.015228271484375 0.027069091796875 -0.511871337890625
-0.0298004150390625 0.0143585205078125 0.557861328125 -0.455963134765625
-0.0726318359375 -0.0485610961914063 0.7926025390625 0.29730224609375
-0.0503082275390625 -0.2103271484375 0.2998046875 0.88104248046875
0.0863800048828125 -0.240737915039063 -0.12322998046875 0.5828857421875
0.147247314453125 -0.2332763671875 0.0830078125 -0.0797653198242188
-0.0142974853515625 -0.229049682617187 -0.11474609375 -0.7203369140625
-0.101943969726563 -0.126327514648437 -0.75274658203125 -0.51324462890625
-0.0665931701660156 -0.0102729797363281 -0.69183349609375 0.32867431640625
0.00144577026367188 0.020843505859375 -0.06451416015625 0.60894775390625
0.0308418273925781 0.00503921508789063 0.2965087890625 0.368896484375
0.0408592224121094 0.0146064758300781 0.367279052734375 -0.025848388671875
0.046112060546875 0.00507354736328125 0.23150634765625 -0.25909423828125
-0.0480422973632812 -0.071502685546875 -0.242141723632812 0.238861083984375
-0.00590896606445313 -0.0242366790771484 -0.3155517578125 -0.027069091796875
-0.0197505950927734 -0.0300426483154297 -0.1761474609375 -0.4256591796875
0.0139856338500977 -0.00327777862548828 0.268798828125 -0.60791015625
0.0665359497070313 0.053314208984375 0.76397705078125 -0.09912109375
0.0773391723632813 0.125968933105469 0.6341552734375 0.62249755859375
0.0140228271484375 0.216659545898438 0.08453369140625 0.6763916015625
-0.106048583984375 0.223464965820313 0.056060791015625 0.0814666748046875
-0.00848388671875 0.220306396484375 0.13800048828125 -0.64849853515625
0.0821762084960938 0.123390197753906 -0.46649169921875 -0.83685302734375
0.0633392333984375 0.0419158935546875 -0.83746337890625 -0.0547485351562501
0.0142812728881836 0.000652313232421875 -0.3760986328125 0.54998779296875
-0.00323486328125 -0.0261039733886719 0.082977294921875 0.474700927734375
-0.0301704406738281 -0.0223464965820313 0.31036376953125 0.090118408203125
-0.0402679443359375 -0.040008544921875 0.240692138671875 -0.219512939453125
-0.0442543029785156 -0.0697517395019531 -0.247528076171875 0.224197387695312
-0.000152587890624999 -0.0187644958496094 -0.28131103515625 -0.084228515625
-0.0142879486083984 -0.0230960845947266 -0.065704345703125 -0.4833984375
0.0123605728149414 0.00750637054443359 0.435791015625 -0.55108642578125
0.0507240295410156 0.0663604736328125 0.80078125 0.109130859375
0.0495681762695313 0.138511657714844 0.4744873046875 0.7763671875
-0.0160064697265625 0.222610473632813 -0.0244140625000001 0.62518310546875
-0.10028076171875 0.217864990234375 0.0906753540039063 -0.0266189575195312
0.0212554931640625 0.199798583984375 0.0157470703125 -0.71661376953125
0.0906906127929687 0.0888214111328125 -0.64776611328125 -0.68341064453125
0.0518875122070313 0.0197525024414063 -0.78240966796875 0.16375732421875
0.00425434112548828 0.00255608558654785 -0.2078857421875 0.59515380859375
-0.00797462463378906 -0.0181255340576172 0.197235107421875 0.4185791015625
-0.0289783477783203 -0.01397705078125 0.334869384765625 0.035186767578125
-0.0402488708496094 -0.036865234375 0.225204467773438 -0.237747192382813
-0.0352935791015625 -0.0648002624511719 -0.247695922851563 0.209564208984375
0.00789451599121094 -0.0110235214233398 -0.238845825195313 -0.137283325195313
-0.00834274291992188 -0.0134382247924805 0.04754638671875 -0.516510009765625
0.00253677368164063 0.0163650512695313 0.578125 -0.45587158203125
0.0226821899414062 0.0645637512207031 0.78167724609375 0.32049560546875
0.0157623291015625 0.11773681640625 0.28497314453125 0.8902587890625
-0.0345306396484375 0.188095092773438 -0.11285400390625 0.55853271484375
-0.074859619140625 0.176605224609375 0.119926452636719 -0.121208190917969
0.036224365234375 0.14520263671875 -0.10797119140625 -0.7509765625
0.0761642456054688 0.0464096069335938 -0.76971435546875 -0.51678466796875
0.0303516387939453 0.00416946411132813 -0.688232421875 0.33258056640625
-0.00268459320068359 0.00686788558959961 -0.05364990234375 0.59808349609375
-0.00734043121337891 -0.0102577209472656 0.28753662109375 0.35223388671875
-0.0221118927001953 -0.0034027099609375 0.3489990234375 -0.019378662109375
-0.0324211120605469 -0.0315723419189453 0.210861206054687 -0.253036499023438
-0.0223808288574219 -0.0561332702636719 -0.2457275390625 0.1971435546875
0.0178680419921875 -0.00265693664550781 -0.199676513671875 -0.174209594726562
-0.00439929962158203 -0.00308465957641602 0.1392822265625 -0.52484130859375
-0.0123872756958008 0.0173625946044922 0.6678466796875 -0.35589599609375
-0.00593185424804687 0.0417633056640625 0.727294921875 0.48419189453125
-0.00348663330078124 0.0602493286132813 0.1168212890625 0.94488525390625
-0.0248031616210937 0.116744995117188 -0.17120361328125 0.49627685546875
-0.0343780517578125 0.105194091796875 0.138458251953125 -0.1893310546875
0.0310592651367188 0.072021484375 -0.2044677734375 -0.7574462890625
0.0402946472167969 0.00732421875 -0.83013916015625 -0.37939453125
0.00754690170288086 4.14848327636719E-05 -0.596435546875 0.43511962890625
-0.00361537933349609 0.013249397277832 0.0588989257812499 0.57891845703125
-0.000533103942871094 -0.00244235992431641 0.348602294921875 0.291473388671875
-0.00842905044555664 0.00565385818481445 0.354766845703125 -0.061126708984375
-0.0176715850830078 -0.0243415832519531 0.199661254882813 -0.26446533203125
-0.00870513916015625 -0.0447158813476563 -0.242813110351563 0.189239501953125
0.0270366668701172 0.00495529174804687 -0.176803588867187 -0.192474365234375
-0.00125741958618164 0.00510740280151367 0.1861572265625 -0.522430419921875
-0.0265998840332031 0.0130538940429687 0.70751953125 -0.29144287109375
-0.0281715393066406 0.00280570983886719 0.685302734375 0.568359375
-0.0041351318359375 -0.0232772827148438 0.02081298828125 0.96209716796875
0.0177650451660156 0.0222454071044922 -0.199676513671875 0.463043212890625
0.0158748626708984 0.0148000717163086 0.143295288085937 -0.220458984375
0.010310173034668 -0.0081939697265625 -0.25628662109375 -0.75115966796875
-0.0046539306640625 -0.0228176116943359 -0.84796142578125 -0.30328369140625
-0.0127353668212891 0.00249290466308594 -0.543548583984375 0.483489990234375
0.000405311584472655 0.0172338485717773 0.114013671875 0.560577392578125
0.00917720794677734 0.00178241729736328 0.376678466796875 0.2572021484375
0.00640773773193359 0.0109834671020508 0.3587646484375 -0.08544921875
0.000518798828125 -0.0152730941772461 0.19573974609375 -0.26922607421875
0.00500679016113281 -0.0340042114257813 -0.239700317382813 0.190505981445313
0.0380897521972656 0.00834274291992188 -0.176803588867188 -0.193145751953125
0.00371932983398438 0.0126857757568359 0.17718505859375 -0.521484375
-0.0345573425292969 0.00894737243652343 0.69927978515625 -0.29071044921875
-0.0446357727050781 -0.0334243774414063 0.6876220703125 0.561279296875
-0.000198364257812504 -0.110244750976563 0.02484130859375 0.95880126953125
0.06732177734375 -0.0788803100585938 -0.20367431640625 0.466339111328125
0.0679168701171875 -0.080902099609375 0.134414672851562 -0.210769653320313
-0.01226806640625 -0.08782958984375 -0.2552490234375 -0.7431640625
-0.0501289367675781 -0.0514564514160156 -0.84393310546875 -0.3037109375
-0.0329875946044922 0.00515937805175781 -0.540435791015625 0.482208251953125
0.00373077392578125 0.0206108093261719 0.11175537109375 0.56268310546875
0.0180759429931641 0.00514984130859375 0.378875732421875 0.26007080078125
0.0235195159912109 0.0135669708251953 0.36163330078125 -0.088653564453125
0.0184764862060547 -0.00673675537109375 0.198150634765625 -0.271438598632813
0.0175342559814453 -0.0256080627441406 -0.238662719726562 0.197784423828125
0.0476455688476563 0.00774383544921875 -0.197250366210938 -0.175247192382813
0.0121088027954102 0.0159378051757813 0.120635986328125 -0.52044677734375
-0.0365943908691406 0.0100936889648437 0.65277099609375 -0.35614013671875
-0.0608596801757812 -0.0529403686523438 0.73748779296875 0.46484375
-0.014801025390625 -0.179718017578125 0.126708984375 0.93536376953125
0.0945281982421875 -0.172286987304688 -0.17999267578125 0.51055908203125
0.113174438476563 -0.168014526367188 0.11334228515625 -0.16204833984375
-0.0243682861328125 -0.163284301757812 -0.2039794921875 -0.7357177734375
-0.0850753784179688 -0.0851898193359375 -0.81573486328125 -0.375732421875
-0.0507583618164063 0.00278854370117187 -0.59423828125 0.433349609375
0.00432777404785156 0.0220184326171875 0.0523681640625 0.58306884765625
0.0266304016113281 0.00481605529785156 0.352935791015625 0.299102783203125
0.0356864929199219 0.0146713256835938 0.365509033203125 -0.068511962890625
0.0346279144287109 -0.000482559204101563 0.211746215820312 -0.266220092773438
0.0273723602294922 -0.0199527740478516 -0.236175537109375 0.210845947265625
0.0554084777832031 0.00383377075195313 -0.231903076171875 -0.139938354492188
0.0226001739501953 0.0155868530273437 0.024200439453125 -0.509613037109375
-0.0294017791748047 0.0151309967041016 0.552520751953125 -0.45367431640625
-0.07275390625 -0.0480804443359375 0.7894287109375 0.29339599609375
-0.0503692626953125 -0.208831787109375 0.29888916015625 0.8736572265625
0.085052490234375 -0.238204956054688 -0.12139892578125 0.578857421875
0.146820068359375 -0.231246948242188 0.0826339721679688 -0.0797958374023438
-0.015167236328125 -0.227310180664063 -0.114990234375 -0.71429443359375
-0.101539611816406 -0.125923156738281 -0.7491455078125 -0.50897216796875
-0.0663299560546875 -0.00975418090820313 -0.687744140625 0.32757568359375
0.00114822387695312 0.0215415954589844 -0.0639038085937501 0.603759765625
0.0306358337402344 0.00460624694824219 0.293609619140625 0.3656005859375
0.0408668518066406 0.0138130187988281 0.3651123046875 -0.02679443359375
0.0458946228027344 0.005218505859375 0.22900390625 -0.256362915039063
-0.0500564575195313 -0.0701789855957031 -0.239334106445313 0.237777709960938
-0.00638771057128906 -0.0253047943115234 -0.3133544921875 -0.0266723632812499
-0.0194492340087891 -0.0290985107421875 -0.1771240234375 -0.421966552734375
0.0141839981079102 -0.00296115875244141 0.2657470703125 -0.60479736328125
0.0652427673339844 0.0525856018066406 0.76007080078125 -0.09967041015625
0.0773696899414063 0.124473571777344 0.63238525390625 0.619384765625
0.0141143798828125 0.2149658203125 0.0859375 0.6722412109375
-0.105880737304687 0.222488403320313 0.05560302734375 0.0803985595703125
-0.00903320312499998 0.219100952148438 0.13909912109375 -0.6427001953125
0.0818557739257813 0.122016906738281 -0.46533203125 -0.8330078125
0.0636100769042969 0.0409011840820313 -0.83172607421875 -0.0545043945312501
0.0144453048706055 0.000115394592285156 -0.374969482421875 0.54583740234375
-0.00369453430175781 -0.0260066986083984 0.083221435546875 0.471038818359375
-0.0299644470214844 -0.022491455078125 0.307952880859375 0.0892333984375
-0.04193115234375 -0.0397911071777344 0.237884521484375 -0.2181396484375
-0.0456390380859375 -0.0706329345703125 -0.24456787109375 0.22357177734375
-0.000295639038085936 -0.0190162658691406 -0.2783203125 -0.084197998046875
-0.0143699645996094 -0.02252197265625 -0.066986083984375 -0.481903076171875
0.0117740631103516 0.00774383544921875 0.433074951171875 -0.550201416015625
0.050506591796875 0.0654945373535156 0.79608154296875 0.107421875
0.0491790771484375 0.137283325195313 0.47015380859375 0.77410888671875
-0.0167236328125 0.221435546875 -0.02423095703125 0.62158203125
-0.100845336914063 0.217681884765625 0.0911026000976563 -0.0257568359375
0.02032470703125 0.198150634765625 0.01605224609375 -0.712646484375
0.090911865234375 0.0879669189453125 -0.6473388671875 -0.68084716796875
0.0519142150878906 0.0192756652832031 -0.77734375 0.16455078125
0.00410628318786621 0.00211024284362793 -0.205810546875 0.59063720703125
-0.00828361511230469 -0.0182895660400391 0.197174072265625 0.41632080078125
-0.0288791656494141 -0.0141124725341797 0.33270263671875 0.033905029296875
-0.0403099060058594 -0.0370025634765625 0.224761962890625 -0.2371826171875
-0.0360870361328125 -0.0643539428710937 -0.245223999023438 0.208740234375
0.00831508636474609 -0.0114517211914063 -0.236846923828125 -0.135452270507812
-0.00817394256591797 -0.0123157501220703 0.047271728515625 -0.51324462890625
0.00218486785888672 0.0160684585571289 0.57257080078125 -0.4547119140625
0.0234603881835938 0.0640182495117188 0.77655029296875 0.31683349609375
0.0160598754882813 0.117362976074219 0.282470703125 0.88507080078125
-0.035675048828125 0.1864013671875 -0.1109619140625 0.5556640625
-0.07562255859375 0.175537109375 0.120658874511719 -0.121086120605469
0.0359344482421875 0.144668579101562 -0.1072998046875 -0.747314453125
0.0752182006835938 0.0460128784179688 -0.76617431640625 -0.51458740234375
0.0297889709472656 0.00454521179199219 -0.68658447265625 0.33050537109375
-0.00166177749633789 0.00726747512817383 -0.0541992187500001 0.5955810546875
-0.0072784423828125 -0.00979709625244141 0.28790283203125 0.348480224609375
-0.0221500396728516 -0.00328445434570312 0.346710205078125 -0.02020263671875
-0.0328369140625 -0.0309829711914063 0.209182739257812 -0.251983642578125
-0.0240287780761719 -0.0555267333984375 -0.243087768554688 0.197067260742188
0.0171995162963867 -0.00275707244873047 -0.1983642578125 -0.172256469726562
-0.00508308410644531 -0.00307369232177734 0.1375732421875 -0.52105712890625
-0.012481689453125 0.0172281265258789 0.66326904296875 -0.35455322265625
-0.00518798828125 0.0407791137695313 0.72442626953125 0.48199462890625
-0.00394058227539062 0.0587310791015625 0.11639404296875 0.94073486328125
-0.0243682861328125 0.11663818359375 -0.17034912109375 0.494354248046875
-0.0348968505859375 0.104835510253906 0.138031005859375 -0.188064575195313
0.0304183959960938 0.0719451904296875 -0.2047119140625 -0.75299072265625
0.0409469604492188 0.00739669799804688 -0.82568359375 -0.377685546875
0.00734090805053711 0.000553131103515625 -0.59356689453125 0.43359375
-0.00274848937988281 0.0129146575927734 0.05841064453125 0.57598876953125
-0.000822067260742188 -0.00292110443115234 0.3468017578125 0.288818359375
-0.00940132141113281 0.00457477569580078 0.3525390625 -0.0621337890625
-0.0185012817382813 -0.0245895385742187 0.197998046875 -0.262161254882813
-0.00954818725585937 -0.0441017150878906 -0.23974609375 0.1895751953125
0.02667236328125 0.00399017333984375 -0.17547607421875 -0.191818237304687
-0.000936508178710937 0.00561141967773438 0.184295654296875 -0.520263671875
-0.0268096923828125 0.0128040313720703 0.70318603515625 -0.28924560546875
-0.0275325775146484 0.00255966186523438 0.68182373046875 0.5640869140625
-0.00383567810058594 -0.0232086181640625 0.0214233398437501 0.9554443359375
0.0169811248779297 0.0223178863525391 -0.19775390625 0.459228515625
0.0152606964111328 0.0155706405639648 0.142852783203125 -0.220062255859375
0.00984954833984375 -0.00745391845703125 -0.25408935546875 -0.7459716796875
-0.00479888916015625 -0.0219192504882813 -0.8446044921875 -0.30145263671875
-0.013432502746582 0.0013113021850586 -0.539154052734375 0.479705810546875
4.95910644531263E-05 0.018402099609375 0.113922119140625 0.557342529296875
0.0088043212890625 0.00165271759033203 0.37548828125 0.254913330078125
0.00801944732666016 0.0100889205932617 0.356536865234375 -0.085693359375
-7.24792480468738E-05 -0.0150032043457031 0.193359375 -0.268447875976563
0.00324440002441406 -0.0336952209472656 -0.236373901367187 0.189865112304688
0.0371932983398437 0.00742340087890625 -0.175430297851563 -0.193099975585937
0.00385665893554687 0.0126953125 0.17523193359375 -0.5194091796875
-0.0354423522949219 0.00943756103515626 0.69622802734375 -0.2919921875
-0.0445556640625 -0.0335006713867188 0.68487548828125 0.558837890625
4.57763671875004E-05 -0.110298156738281 0.0263671874999999 0.95330810546875
0.0671463012695313 -0.0776824951171875 -0.202056884765625 0.4642333984375
0.0671005249023438 -0.079620361328125 0.134124755859375 -0.20977783203125
-0.0124588012695313 -0.0876007080078125 -0.25433349609375 -0.73907470703125
-0.0501480102539062 -0.0514564514160156 -0.8367919921875 -0.3004150390625
-0.0327072143554688 0.00526237487792969 -0.537750244140625 0.479766845703125
0.0035400390625 0.0209388732910156 0.112640380859375 0.55975341796875
0.0188617706298828 0.00322723388671875 0.376068115234375 0.256744384765625
0.0219783782958984 0.0133171081542969 0.358673095703125 -0.0894775390625
0.0185623168945313 -0.00697898864746094 0.19622802734375 -0.269912719726563
0.0172672271728516 -0.0250186920166016 -0.2353515625 0.19732666015625
0.0467643737792969 0.0074462890625 -0.196029663085938 -0.174697875976563
0.0123920440673828 0.0158939361572266 0.1177978515625 -0.51806640625
-0.0369873046875 0.0108985900878906 0.64825439453125 -0.35504150390625
-0.0615234375 -0.05291748046875 0.73443603515625 0.4613037109375
-0.01434326171875 -0.178207397460938 0.127685546875 0.93206787109375
0.09405517578125 -0.170669555664063 -0.177032470703125 0.50579833984375
0.1126708984375 -0.166488647460938 0.1129150390625 -0.161605834960938
-0.025390625 -0.162979125976563 -0.20330810546875 -0.72998046875
-0.08465576171875 -0.0847702026367188 -0.81280517578125 -0.37274169921875
-0.0515098571777344 0.00214004516601564 -0.5916748046875 0.43157958984375
0.0040130615234375 0.0215911865234375 0.0533447265625 0.5787353515625
0.0272636413574219 0.00466537475585938 0.352691650390625 0.296661376953125
0.0352554321289063 0.0137786865234375 0.363311767578125 -0.071014404296875
0.0350246429443359 -0.000141143798828125 0.208602905273438 -0.264663696289063
0.0261363983154297 -0.0194549560546875 -0.23358154296875 0.210662841796875
0.0547676086425781 0.0018768310546875 -0.230819702148438 -0.139724731445313
0.0221691131591797 0.0150012969970703 0.023162841796875 -0.50732421875
-0.0293712615966797 0.0151214599609375 0.548553466796875 -0.45208740234375
-0.073211669921875 -0.0487213134765625 0.7843017578125 0.2908935546875
-0.0502471923828125 -0.207778930664063 0.298583984375 0.868896484375
0.084716796875 -0.237228393554688 -0.12115478515625 0.57586669921875
0.14617919921875 -0.229415893554688 0.0828094482421875 -0.079986572265625
-0.0160980224609375 -0.225738525390625 -0.11328125 -0.71124267578125
-0.101325988769531 -0.125068664550781 -0.74688720703125 -0.5048828125
-0.0664596557617188 -0.0103034973144531 -0.68402099609375 0.3253173828125
0.000597000122070312 0.0205726623535156 -0.062255859375 0.60064697265625
0.0300979614257812 0.00358963012695312 0.293487548828125 0.3624267578125
0.0408248901367188 0.0128669738769531 0.36181640625 -0.027618408203125
0.0455970764160156 0.00464248657226563 0.227569580078125 -0.256057739257813
-0.051300048828125 -0.069976806640625 -0.23663330078125 0.237655639648438
-0.00595283508300781 -0.025665283203125 -0.310546875 -0.025543212890625
-0.0195770263671875 -0.028594970703125 -0.176055908203125 -0.422088623046875
0.013397216796875 -0.00266265869140625 0.2645263671875 -0.60296630859375
0.0662574768066406 0.0511512756347656 0.75811767578125 -0.09820556640625
0.0769195556640625 0.123336791992188 0.62982177734375 0.6180419921875
0.013031005859375 0.213943481445313 0.0849609375 0.6680908203125
-0.107345581054687 0.220870971679688 0.0559005737304687 0.0802459716796875
-0.00920104980468752 0.21759033203125 0.13873291015625 -0.64129638671875
0.0811843872070313 0.121246337890625 -0.46356201171875 -0.8299560546875
0.0633430480957031 0.0410614013671875 -0.83026123046875 -0.0540161132812501
0.0143241882324219 -0.000789642333984375 -0.37432861328125 0.54229736328125
-0.00385284423828125 -0.0260028839111328 0.08355712890625 0.468658447265625
-0.0305595397949219 -0.0229568481445313 0.307525634765625 0.0885009765625
-0.0418548583984375 -0.0392875671386719 0.236709594726563 -0.218399047851563
-0.0467605590820313 -0.0691566467285156 -0.243682861328125 0.223388671875
-0.000219345092773435 -0.0198993682861328 -0.27691650390625 -0.08331298828125
-0.0144176483154297 -0.0222187042236328 -0.064605712890625 -0.4794921875
0.0110416412353516 0.00810718536376953 0.4306640625 -0.547332763671875
0.0501136779785156 0.0655174255371094 0.79351806640625 0.10894775390625
0.049285888671875 0.136573791503906 0.46978759765625 0.7730712890625
-0.01788330078125 0.221206665039062 -0.02313232421875 0.61676025390625
-0.101654052734375 0.216217041015625 0.090545654296875 -0.02593994140625
0.0204925537109375 0.196990966796875 0.01654052734375 -0.710693359375
0.09075927734375 0.086883544921875 -0.64263916015625 -0.67779541015625
0.0517501831054688 0.0191993713378906 -0.77362060546875 0.16204833984375
0.00473546981811523 0.00127506256103516 -0.20318603515625 0.58978271484375
-0.00847053527832031 -0.0195655822753906 0.19744873046875 0.413482666015625
-0.0295162200927734 -0.0144729614257813 0.3310546875 0.031951904296875
-0.0405235290527344 -0.0371208190917969 0.2220458984375 -0.235992431640625
-0.0382080078125 -0.0629920959472656 -0.243133544921875 0.208404541015625
0.00789070129394531 -0.0128211975097656 -0.234268188476562 -0.135574340820313
-0.00908946990966797 -0.0128355026245117 0.048095703125 -0.511566162109375
0.00170135498046875 0.0167236328125 0.57098388671875 -0.4537353515625
0.0239524841308594 0.06304931640625 0.7763671875 0.3167724609375
0.0166702270507812 0.115989685058594 0.28253173828125 0.88262939453125
-0.0364837646484375 0.185897827148437 -0.11187744140625 0.551788330078125
-0.075958251953125 0.175201416015625 0.119377136230469 -0.119796752929687
0.0359039306640625 0.143295288085938 -0.1065673828125 -0.74481201171875
0.075225830078125 0.0455474853515625 -0.76275634765625 -0.51312255859375
0.0304851531982422 0.00443458557128906 -0.68426513671875 0.32855224609375
-0.00212860107421875 0.00689840316772461 -0.05267333984375 0.5926513671875
-0.00694561004638672 -0.0104827880859375 0.287139892578125 0.3470458984375
-0.0215721130371094 -0.00373458862304687 0.344329833984375 -0.021392822265625
-0.0329055786132813 -0.0314579010009766 0.206985473632812 -0.250747680664063
-0.0247726440429687 -0.0553207397460938 -0.24041748046875 0.196212768554688
0.0167684555053711 -0.00385379791259766 -0.196823120117188 -0.17205810546875
-0.00514364242553711 -0.00291204452514648 0.136322021484375 -0.51971435546875
-0.0129890441894531 0.0179290771484375 0.658935546875 -0.3526611328125
-0.00549697875976563 0.0397796630859375 0.72283935546875 0.479248046875
-0.00403594970703125 0.0583152770996094 0.1148681640625 0.93902587890625
-0.0248565673828125 0.115402221679688 -0.167816162109375 0.491302490234375
-0.0363540649414063 0.105186462402344 0.138916015625 -0.187835693359375
0.0298538208007813 0.0709609985351563 -0.2003173828125 -0.74951171875
0.0401992797851563 0.008453369140625 -0.8216552734375 -0.37725830078125
0.00692319869995117 -0.000390052795410156 -0.59112548828125 0.4305419921875
-0.00310325622558594 0.012782096862793 0.05950927734375 0.572265625
-0.00046849250793457 -0.00294351577758789 0.346160888671875 0.2874755859375
-0.00831270217895508 0.00511074066162109 0.351226806640625 -0.06298828125
-0.0186443328857422 -0.0242195129394531 0.196929931640625 -0.261672973632813
-0.0106658935546875 -0.043548583984375 -0.237777709960938 0.189971923828125
0.0265159606933594 0.00391769409179688 -0.174575805664063 -0.191574096679687
-0.00147628784179687 0.00579404830932617 0.182464599609375 -0.520355224609375
-0.0267009735107422 0.0134449005126953 0.700927734375 -0.29022216796875
-0.0271663665771484 0.00166702270507812 0.67828369140625 0.5626220703125
-0.00436210632324219 -0.0235691070556641 0.02191162109375 0.95233154296875
0.0163383483886719 0.02288818359375 -0.195953369140625 0.456298828125
0.0148992538452148 0.0153608322143555 0.14361572265625 -0.218154907226562
0.00965309143066406 -0.008087158203125 -0.252197265625 -0.74285888671875
-0.00465583801269531 -0.0228443145751953 -0.84088134765625 -0.30169677734375
-0.0147304534912109 0.00159931182861328 -0.537994384765625 0.478057861328125
-0.000444412231445313 0.0168857574462891 0.112823486328125 0.554290771484375
0.00829887390136719 0.000975608825683594 0.37445068359375 0.25311279296875
0.00684642791748047 0.0102100372314453 0.354461669921875 -0.0867919921875
-0.00137615203857422 -0.0156326293945313 0.191070556640625 -0.267379760742188
0.00256729125976562 -0.0326385498046875 -0.23516845703125 0.189224243164062
0.0368499755859375 0.00638198852539063 -0.175048828125 -0.191986083984375
0.00414180755615234 0.0122222900390625 0.17425537109375 -0.517486572265625
-0.0356597900390625 0.00885009765625001 0.6929931640625 -0.2886962890625
-0.0443611145019531 -0.0339813232421875 0.68194580078125 0.55633544921875
-7.62939453124955E-05 -0.109657287597656 0.02618408203125 0.9501953125
0.0672225952148438 -0.0772628784179688 -0.20135498046875 0.4603271484375
0.0659332275390625 -0.07916259765625 0.134872436523438 -0.20892333984375
-0.0124893188476563 -0.087005615234375 -0.25323486328125 -0.73712158203125
-0.0500755310058594 -0.0514717102050781 -0.8353271484375 -0.299560546875
-0.0332069396972656 0.00521087646484375 -0.53631591796875 0.477020263671875
0.00367927551269531 0.0206089019775391 0.111328125 0.55633544921875
0.018157958984375 0.00382423400878906 0.37579345703125 0.255889892578125
0.0229644775390625 0.0119647979736328 0.356170654296875 -0.091400146484375
0.0179481506347656 -0.00756645202636719 0.195266723632813 -0.269515991210938
0.0151844024658203 -0.0245018005371094 -0.234161376953125 0.196609497070313
0.0467567443847656 0.00609970092773438 -0.19488525390625 -0.175155639648438
0.012354850769043 0.0158882141113281 0.11737060546875 -0.51641845703125
-0.0363121032714844 0.0100898742675781 0.643798828125 -0.353759765625
-0.0608139038085938 -0.0537834167480469 0.7303466796875 0.46051025390625
-0.014404296875 -0.178009033203125 0.126220703125 0.92840576171875
0.0941009521484375 -0.168960571289063 -0.1788330078125 0.502655029296875
0.111709594726563 -0.164962768554688 0.113525390625 -0.16058349609375
-0.025543212890625 -0.1614990234375 -0.20196533203125 -0.72772216796875
-0.0854415893554688 -0.0842056274414063 -0.80914306640625 -0.37310791015625
-0.0506477355957031 0.00227355957031251 -0.5894775390625 0.4296875
0.00451278686523437 0.0212421417236328 0.0536499023437501 0.57720947265625
0.0256996154785156 0.00380897521972656 0.349884033203125 0.29461669921875
0.0347175598144531 0.0128250122070313 0.360382080078125 -0.070281982421875
0.0337162017822266 -0.000576019287109375 0.208236694335938 -0.264404296875
0.0256214141845703 -0.0187625885009766 -0.23150634765625 0.209548950195313
0.0542793273925781 0.00187301635742188 -0.22894287109375 -0.1396484375
0.0231761932373047 0.0149326324462891 0.0227355957031249 -0.50433349609375
-0.0292263031005859 0.0160617828369141 0.545074462890625 -0.450775146484375
-0.0717086791992187 -0.0492019653320313 0.7821044921875 0.2894287109375
-0.050079345703125 -0.20758056640625 0.2952880859375 0.86834716796875
0.0840911865234375 -0.235549926757813 -0.12091064453125 0.57373046875
0.145919799804688 -0.227752685546875 0.0829238891601563 -0.0798721313476563
-0.0164947509765625 -0.224151611328125 -0.11065673828125 -0.707763671875
-0.100257873535156 -0.124504089355469 -0.7421875 -0.50213623046875
-0.0666122436523437 -0.0101699829101562 -0.68017578125 0.32318115234375
0.000318527221679686 0.0202789306640625 -0.0621337890624999 0.59857177734375
0.0302448272705078 0.0035400390625 0.29205322265625 0.35986328125
0.0406341552734375 0.012237548828125 0.36004638671875 -0.0289306640625
0.0447273254394531 0.00440216064453125 0.225906372070313 -0.255508422851563
-0.0531272888183594 -0.0699615478515625 -0.234695434570313 0.237518310546875
-0.0063934326171875 -0.0263042449951172 -0.30877685546875 -0.0258483886718751
-0.0197601318359375 -0.0288543701171875 -0.1744384765625 -0.41925048828125
0.0130424499511719 -0.002777099609375 0.2646484375 -0.6026611328125
0.0657730102539062 0.0515174865722656 0.75799560546875 -0.0972900390625
0.0771560668945312 0.12249755859375 0.62786865234375 0.61883544921875
0.0120697021484375 0.213424682617188 0.0849609375 0.66717529296875
-0.107894897460938 0.220245361328125 0.0556793212890625 0.0801544189453125
-0.0100250244140625 0.216644287109375 0.13909912109375 -0.6383056640625
0.0810623168945313 0.120979309082031 -0.46124267578125 -0.82781982421875
0.0630722045898438 0.0410728454589844 -0.82904052734375 -0.0565795898437498
0.0139560699462891 -0.000885963439941406 -0.37213134765625 0.5401611328125
-0.0050201416015625 -0.0261306762695312 0.08203125 0.468353271484375
-0.0305137634277344 -0.0223007202148437 0.3055419921875 0.086822509765625
-0.0427284240722656 -0.0400886535644531 0.2369384765625 -0.218765258789063
-0.0481376647949219 -0.0689544677734375 -0.2413330078125 0.223495483398437
-0.000608444213867189 -0.0214042663574219 -0.274871826171875 -0.0838470458984375
-0.0143871307373047 -0.0224056243896484 -0.06475830078125 -0.478790283203125
0.0108308792114258 0.00826168060302734 0.431182861328125 -0.546783447265625
0.0507164001464844 0.0642738342285156 0.7908935546875 0.1082763671875
0.0501327514648437 0.1361083984375 0.468505859375 0.7730712890625
-0.0181732177734375 0.2205810546875 -0.0238647460937501 0.61651611328125
-0.1025390625 0.215377807617188 0.0911483764648438 -0.0259475708007812
0.01934814453125 0.196197509765625 0.01727294921875 -0.70806884765625
0.0906448364257813 0.087493896484375 -0.6396484375 -0.67816162109375
0.0516815185546875 0.0196723937988281 -0.773193359375 0.15899658203125
0.00399494171142578 0.000920534133911133 -0.20391845703125 0.58648681640625
-0.00841140747070313 -0.0192165374755859 0.19525146484375 0.412139892578125
-0.0294609069824219 -0.0144519805908203 0.3297119140625 0.031982421875
-0.0421943664550781 -0.0374565124511719 0.22161865234375 -0.235580444335938
-0.03875732421875 -0.0626373291015625 -0.241683959960938 0.208114624023437
0.00669002532958984 -0.0131597518920898 -0.233261108398438 -0.135711669921875
-0.00857067108154297 -0.0128259658813477 0.048126220703125 -0.51123046875
0.00102710723876953 0.0160970687866211 0.5697021484375 -0.45269775390625
0.0231361389160156 0.0617713928222656 0.77386474609375 0.31719970703125
0.0167465209960937 0.116195678710938 0.279052734375 0.882568359375
-0.03582763671875 0.185546875 -0.11187744140625 0.55029296875
-0.0768890380859375 0.175369262695313 0.120460510253906 -0.119377136230469
0.034942626953125 0.1431884765625 -0.1051025390625 -0.7412109375
0.0745010375976563 0.04541015625 -0.75933837890625 -0.51300048828125
0.0296401977539063 0.00357437133789063 -0.682373046875 0.32623291015625
-0.00202226638793945 0.0065159797668457 -0.05322265625 0.58966064453125
-0.00764560699462891 -0.010594367980957 0.28558349609375 0.34564208984375
-0.0223655700683594 -0.00413703918457031 0.343902587890625 -0.022003173828125
-0.0337352752685547 -0.0315971374511719 0.206314086914063 -0.250167846679688
-0.0266075134277344 -0.0539703369140625 -0.240020751953125 0.195877075195312
0.0167570114135742 -0.00439739227294922 -0.195571899414062 -0.171875
-0.00495147705078125 -0.00296592712402344 0.134857177734375 -0.521697998046875
-0.0138263702392578 0.0180168151855469 0.658447265625 -0.3536376953125
-0.0043182373046875 0.0393753051757813 0.7191162109375 0.47845458984375
-0.00328445434570312 0.0583724975585938 0.1143798828125 0.9366455078125
-0.0257720947265625 0.115402221679688 -0.168365478515625 0.489532470703125
-0.0364303588867188 0.105110168457031 0.139083862304688 -0.186935424804687
0.0294418334960937 0.07135009765625 -0.19952392578125 -0.747802734375
0.0397186279296875 0.007171630859375 -0.81988525390625 -0.37689208984375
0.00639438629150391 -0.000208377838134766 -0.59014892578125 0.42840576171875
-0.00278091430664063 0.0124969482421875 0.05792236328125 0.569580078125
-0.000794649124145508 -0.0028376579284668 0.34466552734375 0.2861328125
-0.00915908813476562 0.00366783142089844 0.349090576171875 -0.063232421875
-0.0194110870361328 -0.0236377716064453 0.195938110351563 -0.261505126953125
-0.0124244689941406 -0.0424728393554687 -0.236602783203125 0.188980102539062
0.0259246826171875 0.00253677368164063 -0.173110961914063 -0.191757202148437
-0.00126123428344727 0.0057978630065918 0.18145751953125 -0.518310546875
-0.0271110534667969 0.0137557983398438 0.69744873046875 -0.287841796875
-0.0269317626953125 0.00157928466796875 0.6768798828125 0.56109619140625
-0.003814697265625 -0.0234451293945313 0.02081298828125 0.9525146484375
0.0168247222900391 0.0233135223388672 -0.19671630859375 0.454681396484375
0.014704704284668 0.0162143707275391 0.1436767578125 -0.217880249023438
0.00916385650634766 -0.00754547119140625 -0.25042724609375 -0.7418212890625
-0.00439453125 -0.0228290557861328 -0.84033203125 -0.3011474609375
-0.0143165588378906 0.00189208984375 -0.5372314453125 0.475982666015625
8.96453857421885E-05 0.0168704986572266 0.1123046875 0.55364990234375
0.00867605209350586 0.00168132781982422 0.37371826171875 0.251800537109375
0.00720977783203125 0.00895118713378906 0.3525390625 -0.087677001953125
-0.00112628936767578 -0.0151281356811523 0.190567016601563 -0.266677856445313
0.0012359619140625 -0.0313034057617188 -0.2333984375 0.189163208007813
0.0364723205566406 0.006195068359375 -0.174057006835938 -0.1922607421875
0.00387954711914063 0.0128593444824219 0.173248291015625 -0.51605224609375
-0.0358619689941406 0.0101699829101563 0.68939208984375 -0.2896728515625
-0.0443229675292969 -0.0343742370605469 0.68170166015625 0.5570068359375
-3.81469726562587E-05 -0.109725952148438 0.0246582031250001 0.94677734375
0.0661468505859375 -0.075836181640625 -0.201751708984375 0.45892333984375
0.065521240234375 -0.0780563354492188 0.135086059570313 -0.208541870117187
-0.0136795043945312 -0.0860824584960938 -0.2493896484375 -0.73388671875
-0.0497970581054688 -0.0505256652832031 -0.83380126953125 -0.30059814453125
-0.0329151153564453 0.00488090515136719 -0.5367431640625 0.474639892578125
0.00347328186035156 0.0198631286621094 0.10943603515625 0.553680419921875
0.0181369781494141 0.00349044799804688 0.374908447265625 0.25531005859375
0.0228061676025391 0.0114402770996094 0.3541259765625 -0.091400146484375
0.0171566009521484 -0.00714206695556641 0.193756103515625 -0.2684326171875
0.01409912109375 -0.0230216979980469 -0.232406616210938 0.196762084960937
0.0458755493164063 0.00614547729492188 -0.194381713867187 -0.175079345703125
0.0120477676391602 0.0160465240478516 0.1175537109375 -0.515625
-0.0366859436035156 0.0100822448730469 0.64141845703125 -0.35272216796875
-0.0598526000976562 -0.0531883239746094 0.72882080078125 0.45916748046875
-0.013885498046875 -0.178146362304688 0.12530517578125 0.92620849609375
0.0938568115234375 -0.168258666992188 -0.17755126953125 0.499908447265625
0.110931396484375 -0.163650512695312 0.11334228515625 -0.160110473632813
-0.0255889892578125 -0.16082763671875 -0.19927978515625 -0.72515869140625
-0.0848922729492187 -0.0841827392578125 -0.805908203125 -0.37188720703125
-0.0506858825683594 0.00215911865234376 -0.5888671875 0.42877197265625
0.00375556945800781 0.0213203430175781 0.05303955078125 0.57403564453125
0.0261459350585938 0.00335311889648438 0.34893798828125 0.292755126953125
0.0342044830322266 0.0116195678710937 0.358551025390625 -0.07012939453125
0.0337123870849609 -0.000101089477539063 0.207717895507813 -0.2640380859375
0.0251388549804687 -0.0175819396972656 -0.230499267578125 0.20928955078125
0.0539894104003906 0.00101852416992187 -0.227020263671875 -0.139785766601562
0.0222492218017578 0.0154933929443359 0.022064208984375 -0.503082275390625
-0.0298595428466797 0.0158443450927734 0.545928955078125 -0.451416015625
-0.0717849731445312 -0.0492782592773437 0.78192138671875 0.2900390625
-0.0505828857421875 -0.207412719726562 0.29473876953125 0.8656005859375
0.084869384765625 -0.233993530273438 -0.1199951171875 0.5693359375
0.145156860351563 -0.225967407226562 0.0827789306640625 -0.0790481567382813
-0.016754150390625 -0.222671508789063 -0.1103515625 -0.70501708984375
-0.0997848510742188 -0.123771667480469 -0.73876953125 -0.50341796875
-0.0662498474121094 -0.0111122131347656 -0.6815185546875 0.32061767578125
0.000486373901367186 0.0196876525878906 -0.0615234375 0.59564208984375
0.0294685363769531 0.00398635864257813 0.28961181640625 0.359619140625
0.0410499572753906 0.0121040344238281 0.356964111328125 -0.03009033203125
0.0439414978027344 0.00471878051757813 0.224655151367188 -0.254730224609375
-0.0535736083984375 -0.0695571899414063 -0.234939575195313 0.237808227539063
-0.00683784484863281 -0.0272846221923828 -0.30731201171875 -0.025634765625
-0.0191631317138672 -0.0287208557128906 -0.173980712890625 -0.421234130859375
0.012629508972168 -0.00292778015136719 0.264404296875 -0.60076904296875
0.0657310485839844 0.0510940551757813 0.75653076171875 -0.0960693359375
0.0778884887695313 0.122337341308594 0.62860107421875 0.62115478515625
0.010406494140625 0.21429443359375 0.0844726562499999 0.66680908203125
-0.109939575195313 0.220962524414062 0.0557708740234375 0.08013916015625
-0.01092529296875 0.216583251953125 0.140625 -0.63629150390625
0.0814666748046875 0.12078857421875 -0.4573974609375 -0.82757568359375
0.0631027221679688 0.0402488708496094 -0.82562255859375 -0.0592651367187499
0.0138587951660156 -0.000843048095703125 -0.3739013671875 0.538665771484375
-0.00507164001464844 -0.0266304016113281 0.083343505859375 0.468170166015625
-0.0308132171630859 -0.0227031707763672 0.305023193359375 0.087493896484375
-0.0428619384765625 -0.0398216247558594 0.236434936523437 -0.217864990234375
-0.0496444702148437 -0.0677223205566406 -0.240432739257812 0.223037719726563
-0.000846862792968752 -0.0216236114501953 -0.273849487304688 -0.0834808349609375
-0.0138607025146484 -0.0213813781738281 -0.06396484375 -0.4794921875
0.0104970932006836 0.00888824462890625 0.430694580078125 -0.546478271484375
0.050384521484375 0.0639686584472656 0.7906494140625 0.1107177734375
0.0506210327148438 0.136077880859375 0.46710205078125 0.77471923828125
-0.0193939208984375 0.220474243164062 -0.024169921875 0.61590576171875
-0.104339599609375 0.216323852539063 0.0912322998046875 -0.0259475708007812
0.01910400390625 0.196029663085938 0.01971435546875 -0.7071533203125
0.0904083251953125 0.0869216918945313 -0.63861083984375 -0.6787109375
0.0512351989746094 0.0189437866210937 -0.77398681640625 0.156982421875
0.00407814979553223 0.00108432769775391 -0.20526123046875 0.5853271484375
-0.0090179443359375 -0.0200901031494141 0.1953125 0.411651611328125
-0.0290718078613281 -0.0137290954589844 0.3297119140625 0.03076171875
-0.0425987243652344 -0.0380287170410156 0.222183227539063 -0.234939575195313
-0.0406951904296875 -0.0617637634277344 -0.241134643554688 0.208786010742187
0.0064849853515625 -0.0138273239135742 -0.232345581054688 -0.13568115234375
-0.0088958740234375 -0.0123424530029297 0.048126220703125 -0.51190185546875
0.000816345214843752 0.0174627304077148 0.57025146484375 -0.45184326171875
0.0226860046386719 0.0613288879394531 0.77349853515625 0.3182373046875
0.0166091918945313 0.114952087402344 0.27801513671875 0.88446044921875
-0.0378265380859375 0.1854248046875 -0.11248779296875 0.548614501953125
-0.0785980224609375 0.175430297851563 0.120811462402344 -0.118927001953125
0.0343017578125 0.142669677734375 -0.1031494140625 -0.74249267578125
0.0751800537109375 0.0449981689453125 -0.75823974609375 -0.5150146484375
0.0297870635986328 0.00433540344238281 -0.68408203125 0.3255615234375
-0.00215053558349609 0.00604867935180664 -0.05419921875 0.5892333984375
-0.00820255279541016 -0.0107412338256836 0.28558349609375 0.346160888671875
-0.0220623016357422 -0.00479316711425781 0.342437744140625 -0.022125244140625
-0.0344715118408203 -0.0322322845458984 0.207183837890625 -0.249771118164063
-0.0272369384765625 -0.0530776977539063 -0.237960815429687 0.195953369140625
0.0156326293945313 -0.00413703918457031 -0.194671630859375 -0.172210693359375
-0.00476408004760742 -0.00257587432861328 0.137237548828125 -0.51953125
-0.0140609741210938 0.018157958984375 0.6583251953125 -0.35205078125
-0.00538253784179688 0.0385971069335938 0.72003173828125 0.48052978515625
-0.00302886962890626 0.0586166381835937 0.11248779296875 0.93658447265625
-0.0263824462890625 0.115646362304688 -0.169952392578125 0.489410400390625
-0.0376739501953125 0.104820251464844 0.140274047851563 -0.186294555664063
0.0283126831054688 0.0716094970703125 -0.19622802734375 -0.74884033203125
0.0395698547363281 0.0074310302734375 -0.81903076171875 -0.37823486328125
0.00552940368652344 -0.000125408172607422 -0.59210205078125 0.4259033203125
-0.00316238403320313 0.0128049850463867 0.05804443359375 0.5699462890625
-0.00135612487792969 -0.00309324264526367 0.34454345703125 0.28466796875
-0.00926971435546875 0.00338172912597656 0.34881591796875 -0.064422607421875
-0.0196056365966797 -0.0247554779052734 0.195724487304688 -0.260177612304688
-0.0130691528320313 -0.0423164367675781 -0.235931396484375 0.188446044921875
0.0255088806152344 0.00231742858886719 -0.17279052734375 -0.193069458007813
-0.00230216979980469 0.00564336776733398 0.18011474609375 -0.518035888671875
-0.0273933410644531 0.0139884948730469 0.697509765625 -0.28790283203125
-0.0267105102539063 0.00111007690429687 0.6776123046875 0.5618896484375
-0.00405120849609375 -0.0239944458007813 0.01788330078125 0.9525146484375
0.0155010223388672 0.0241489410400391 -0.19854736328125 0.4539794921875
0.0128412246704102 0.0171184539794922 0.144729614257812 -0.2177734375
0.00909423828125 -0.00736236572265625 -0.2486572265625 -0.74169921875
-0.00450897216796875 -0.0228080749511719 -0.837646484375 -0.302490234375
-0.0151681900024414 0.001495361328125 -0.537353515625 0.474639892578125
8.86917114257825E-05 0.0167274475097656 0.1103515625 0.552154541015625
0.00818252563476563 0.000641345977783203 0.372589111328125 0.250518798828125
0.00664901733398438 0.00973224639892578 0.352691650390625 -0.08660888671875
-0.00177192687988281 -0.0152854919433594 0.190292358398437 -0.265594482421875
0.000673294067382816 -0.031768798828125 -0.232315063476562 0.188629150390625
0.0356407165527344 0.00534820556640625 -0.173477172851563 -0.192626953125
0.00334072113037109 0.0126304626464844 0.173553466796875 -0.51629638671875
-0.0361900329589844 0.00992202758789062 0.68994140625 -0.2880859375
-0.0450363159179687 -0.0355262756347656 0.679443359375 0.55712890625
-7.62939453125928E-06 -0.110183715820313 0.0232543945312501 0.94927978515625
0.0656509399414063 -0.0742645263671875 -0.202911376953125 0.458343505859375
0.0651779174804688 -0.0766448974609375 0.136581420898438 -0.20819091796875
-0.0141220092773437 -0.085906982421875 -0.24755859375 -0.73406982421875
-0.0500373840332031 -0.050750732421875 -0.83203125 -0.302490234375
-0.0333194732666016 0.00454521179199219 -0.53607177734375 0.472259521484375
0.00327301025390625 0.0194358825683594 0.109771728515625 0.5548095703125
0.0185871124267578 0.0026702880859375 0.37469482421875 0.254364013671875
0.0229816436767578 0.0111045837402344 0.35455322265625 -0.09149169921875
0.0162887573242188 -0.00674247741699219 0.194061279296875 -0.26776123046875
0.0139980316162109 -0.0220222473144531 -0.231674194335938 0.195571899414062
0.0458030700683594 0.00565338134765625 -0.19403076171875 -0.175704956054687
0.0123386383056641 0.016230583190918 0.116790771484375 -0.5155029296875
-0.036895751953125 0.0113258361816406 0.642578125 -0.35089111328125
-0.0615463256835937 -0.0544281005859375 0.72845458984375 0.4591064453125
-0.014007568359375 -0.176742553710938 0.123291015625 0.9276123046875
0.09381103515625 -0.16693115234375 -0.179718017578125 0.499847412109375
0.111892700195313 -0.162429809570313 0.113021850585938 -0.159454345703125
-0.0250396728515625 -0.160385131835938 -0.19866943359375 -0.724365234375
-0.0839691162109375 -0.0841217041015625 -0.80572509765625 -0.374755859375
-0.0513801574707031 0.00197219848632812 -0.5897216796875 0.42510986328125
0.00370216369628906 0.0208492279052734 0.05181884765625 0.57373046875
0.0259227752685547 0.00401496887207031 0.347625732421875 0.29229736328125
0.0347404479980469 0.0129222869873047 0.35858154296875 -0.070404052734375
0.032928466796875 -0.000118255615234375 0.207061767578125 -0.2635498046875
0.0237560272216797 -0.0173435211181641 -0.229537963867188 0.208969116210938
0.0535392761230469 0.00105667114257813 -0.227996826171875 -0.140228271484375
0.0222625732421875 0.0151519775390625 0.022247314453125 -0.502532958984375
-0.0297584533691406 0.016357421875 0.54388427734375 -0.449432373046875
-0.0723037719726563 -0.0505599975585937 0.78021240234375 0.29150390625
-0.0489959716796875 -0.206787109375 0.292236328125 0.866455078125
0.08551025390625 -0.232894897460938 -0.12261962890625 0.56805419921875
0.144927978515625 -0.2247314453125 0.0837173461914063 -0.0791244506835938
-0.01654052734375 -0.222396850585937 -0.10784912109375 -0.70465087890625
-0.100112915039063 -0.124153137207031 -0.736572265625 -0.50494384765625
-0.0658721923828125 -0.0105972290039063 -0.6795654296875 0.31927490234375
-0.000738143920898437 0.0198612213134766 -0.0643310546874999 0.59527587890625
0.0290279388427734 0.00329780578613281 0.290191650390625 0.357757568359375
0.0409965515136719 0.0118217468261719 0.35662841796875 -0.02984619140625
0.0428085327148438 0.00522232055664063 0.223739624023437 -0.254806518554688
-0.0554237365722656 -0.0697135925292969 -0.233612060546875 0.238037109375
-0.00740623474121094 -0.0283927917480469 -0.30712890625 -0.025177001953125
-0.0203037261962891 -0.02886962890625 -0.174407958984375 -0.42181396484375
0.0121307373046875 -0.00191211700439453 0.265625 -0.60211181640625
0.0658073425292969 0.049591064453125 0.75848388671875 -0.0947265625
0.078277587890625 0.121292114257813 0.6279296875 0.6229248046875
0.0101776123046875 0.214141845703125 0.08245849609375 0.66827392578125
-0.11175537109375 0.219619750976563 0.0562286376953125 0.079803466796875
-0.0118255615234375 0.215835571289063 0.1422119140625 -0.63519287109375
0.081085205078125 0.120521545410156 -0.45709228515625 -0.83258056640625
0.0632591247558594 0.0403289794921875 -0.8291015625 -0.0617675781250001
0.0140228271484375 -0.00114345550537109 -0.376068115234375 0.539215087890625
-0.00560760498046875 -0.0274276733398438 0.081756591796875 0.467376708984375
-0.0313529968261719 -0.0231056213378906 0.304473876953125 0.086700439453125
-0.0444374084472656 -0.0407218933105469 0.236251831054688 -0.218597412109375
-0.0504951477050781 -0.067901611328125 -0.239654541015625 0.223388671875
-0.00124549865722656 -0.0225238800048828 -0.273941040039063 -0.08349609375
-0.01458740234375 -0.0220050811767578 -0.0636596679687501 -0.481414794921875
0.00960922241210938 0.00913524627685547 0.432281494140625 -0.5472412109375
0.0493698120117188 0.0626335144042969 0.7928466796875 0.111572265625
0.0508880615234375 0.135704040527344 0.46624755859375 0.7791748046875
-0.0202484130859375 0.220443725585938 -0.02667236328125 0.6156005859375
-0.1063232421875 0.215591430664063 0.0921478271484375 -0.0267562866210937
0.0170440673828125 0.195968627929688 0.0224609375 -0.70648193359375
0.0893325805664063 0.0868377685546875 -0.63787841796875 -0.681396484375
0.0514259338378906 0.0190315246582031 -0.7744140625 0.156005859375
0.0049896240234375 0.000658988952636719 -0.2059326171875 0.5863037109375
-0.0100669860839844 -0.0204868316650391 0.195281982421875 0.411712646484375
-0.0297431945800781 -0.0141067504882812 0.32916259765625 0.030029296875
-0.0429840087890625 -0.0376625061035156 0.22137451171875 -0.235000610351562
-0.0420417785644531 -0.0621109008789062 -0.240005493164062 0.20855712890625
0.006622314453125 -0.0150957107543945 -0.231491088867188 -0.135757446289062
-0.00885009765625 -0.0117311477661133 0.04827880859375 -0.512542724609375
0.000215530395507813 0.0179653167724609 0.5693359375 -0.45159912109375
0.0228424072265625 0.0609092712402344 0.77484130859375 0.32061767578125
0.0167465209960938 0.114921569824219 0.27899169921875 0.885498046875
-0.0384674072265625 0.186599731445312 -0.11236572265625 0.548431396484375
-0.079376220703125 0.1751708984375 0.121185302734375 -0.119468688964844
0.033355712890625 0.143051147460938 -0.10101318359375 -0.74102783203125
0.0755615234375 0.0452194213867188 -0.75946044921875 -0.5157470703125
0.0302505493164062 0.00437736511230469 -0.6842041015625 0.3233642578125
-0.00265979766845703 0.00540304183959961 -0.05535888671875 0.5880126953125
-0.00762844085693359 -0.0114650726318359 0.285247802734375 0.345367431640625
-0.0219039916992188 -0.00472259521484375 0.342620849609375 -0.02252197265625
-0.0350723266601563 -0.0319690704345703 0.206985473632812 -0.250152587890625
-0.028839111328125 -0.0531883239746094 -0.238143920898437 0.196151733398438
0.015477180480957 -0.00510787963867188 -0.193862915039063 -0.173080444335938
-0.0057830810546875 -0.00233554840087891 0.136932373046875 -0.5201416015625
-0.0136222839355469 0.0195636749267578 0.65960693359375 -0.35089111328125
-0.00551986694335937 0.0381393432617187 0.719970703125 0.48284912109375
-0.00339889526367188 0.0577507019042969 0.11328125 0.9393310546875
-0.0266036987304687 0.116744995117187 -0.169677734375 0.4871826171875
-0.0380859375 0.105560302734375 0.14056396484375 -0.187026977539063
0.0286636352539063 0.0712661743164063 -0.1953125 -0.74920654296875
0.0404129028320313 0.00701522827148438 -0.81878662109375 -0.38201904296875
0.00621843338012695 -0.000313758850097656 -0.59405517578125 0.42547607421875
-0.00288581848144531 0.0128202438354492 0.0557861328125 0.5689697265625
-0.00132060050964355 -0.00407481193542481 0.34405517578125 0.28594970703125
-0.00837516784667969 0.00337648391723633 0.3482666015625 -0.064208984375
-0.0203762054443359 -0.0243320465087891 0.195175170898438 -0.260009765625
-0.0143661499023437 -0.041229248046875 -0.234817504882813 0.188522338867187
0.0253734588623047 0.00208854675292969 -0.17364501953125 -0.192703247070312
-0.00200319290161133 0.0058283805847168 0.181976318359375 -0.51824951171875
-0.0275974273681641 0.0150127410888672 0.6993408203125 -0.287841796875
-0.02642822265625 0.000711441040039065 0.6768798828125 0.562744140625
-0.0044708251953125 -0.0242919921875 0.01715087890625 0.9522705078125
0.0154991149902344 0.0247611999511719 -0.1983642578125 0.45263671875
0.0124626159667969 0.0176296234130859 0.145492553710938 -0.217559814453125
0.00804853439331055 -0.00715494155883789 -0.24658203125 -0.74346923828125
-0.00415992736816406 -0.0228176116943359 -0.838623046875 -0.30438232421875
-0.0153369903564453 0.00266361236572266 -0.538726806640625 0.4732666015625
-0.000303268432617186 0.0165166854858398 0.11126708984375 0.55194091796875
0.0081934928894043 0.00105953216552734 0.3721923828125 0.25244140625
0.00708293914794922 0.00877714157104492 0.35186767578125 -0.0882568359375
-0.00296592712402344 -0.0155963897705078 0.190414428710937 -0.26690673828125
-0.000846862792968752 -0.0304355621337891 -0.232345581054688 0.188919067382812
0.0351181030273438 0.00530433654785156 -0.172866821289063 -0.193511962890625
0.00419902801513672 0.0134601593017578 0.173126220703125 -0.51544189453125
-0.0355682373046875 0.0105705261230469 0.69085693359375 -0.28729248046875
-0.0437889099121094 -0.0351943969726563 0.67926025390625 0.55908203125
0.000640869140625011 -0.109825134277344 0.0218505859375001 0.94903564453125
0.0661544799804688 -0.074127197265625 -0.203460693359375 0.45660400390625
0.0652236938476563 -0.07659912109375 0.136398315429687 -0.20855712890625
-0.0143051147460938 -0.0859146118164063 -0.24639892578125 -0.73406982421875
-0.0505905151367188 -0.0508155822753906 -0.8338623046875 -0.3018798828125
-0.0327930450439453 0.00432014465332031 -0.539337158203125 0.47198486328125
0.00329780578613281 0.0192394256591797 0.109466552734375 0.553985595703125
0.0177669525146484 0.00324058532714844 0.374542236328125 0.254180908203125
0.0221843719482422 0.0107269287109375 0.352935791015625 -0.09259033203125
0.0163421630859375 -0.00696468353271484 0.193710327148437 -0.26800537109375
0.0128574371337891 -0.0219764709472656 -0.23040771484375 0.195541381835937
0.0453453063964844 0.0056915283203125 -0.193099975585938 -0.175628662109375
0.0119390487670898 0.0162630081176758 0.11614990234375 -0.5164794921875
-0.0376663208007813 0.0113410949707031 0.64215087890625 -0.3521728515625
-0.0600929260253906 -0.0546951293945312 0.72943115234375 0.4613037109375
-0.0137786865234375 -0.177871704101563 0.12091064453125 0.92816162109375
0.094024658203125 -0.166473388671875 -0.17974853515625 0.5006103515625
0.112533569335938 -0.161941528320313 0.11468505859375 -0.160186767578125
-0.02569580078125 -0.16021728515625 -0.19683837890625 -0.725341796875
-0.0846176147460938 -0.0840225219726562 -0.80560302734375 -0.37762451171875
-0.050872802734375 0.00186920166015626 -0.591064453125 0.42498779296875
0.00384140014648437 0.0210609436035156 0.051025390625 0.57501220703125
0.0254936218261719 0.00362586975097656 0.347869873046875 0.293060302734375
0.0345497131347656 0.0112667083740234 0.35772705078125 -0.071258544921875
0.0319309234619141 -0.000133514404296875 0.207046508789063 -0.262496948242188
0.0231246948242188 -0.01568603515625 -0.228668212890625 0.2095947265625
0.0529441833496094 0.0009613037109375 -0.227294921875 -0.141204833984375
0.0228004455566406 0.0153427124023438 0.0220947265625 -0.503326416015625
-0.0300178527832031 0.0164051055908203 0.54718017578125 -0.45001220703125
-0.07110595703125 -0.0513229370117188 0.78070068359375 0.2918701171875
-0.0490875244140625 -0.208023071289063 0.292236328125 0.86865234375
0.084564208984375 -0.232772827148438 -0.12408447265625 0.5670166015625
0.145401000976563 -0.223785400390625 0.0830841064453125 -0.0801620483398438
-0.0165863037109375 -0.221710205078125 -0.10699462890625 -0.70587158203125
-0.10015869140625 -0.124961853027344 -0.73846435546875 -0.5067138671875
-0.0656166076660156 -0.0115013122558594 -0.682861328125 0.31732177734375
-0.000556945800781249 0.0197200775146484 -0.0643310546875 0.595703125
0.0290279388427734 0.00404167175292969 0.2899169921875 0.358428955078125
0.0398330688476563 0.0111732482910156 0.35552978515625 -0.029876708984375
0.0432281494140625 0.00458526611328125 0.224456787109375 -0.254608154296875
-0.056671142578125 -0.0687904357910156 -0.233139038085938 0.239761352539062
-0.00764656066894531 -0.0286140441894531 -0.3077392578125 -0.025970458984375
-0.0195579528808594 -0.0283775329589844 -0.174224853515625 -0.422607421875
0.0121145248413086 -0.00135040283203125 0.2667236328125 -0.60406494140625
0.0661697387695313 0.0492630004882813 0.7611083984375 -0.09326171875
0.0789337158203125 0.122573852539063 0.62762451171875 0.62432861328125
0.00897216796875001 0.215087890625 0.0822753906249999 0.66864013671875
-0.113037109375 0.221603393554687 0.0557479858398437 0.0801849365234375
-0.0130767822265625 0.215866088867188 0.1448974609375 -0.63726806640625
0.0809173583984375 0.120758056640625 -0.4576416015625 -0.8326416015625
0.0638084411621094 0.0408172607421875 -0.83135986328125 -0.06231689453125
0.0143499374389648 -0.00103473663330078 -0.37518310546875 0.5386962890625
-0.00616836547851563 -0.0281867980957031 0.082550048828125 0.468109130859375
-0.0309867858886719 -0.0228214263916016 0.3052978515625 0.0858154296875
-0.0453643798828125 -0.0405693054199219 0.237106323242188 -0.219406127929687
-0.0527801513671875 -0.0673027038574219 -0.239608764648437 0.224822998046875
-0.00241661071777344 -0.0234012603759766 -0.27349853515625 -0.083587646484375
-0.0141677856445312 -0.0220260620117188 -0.06427001953125 -0.4822998046875
0.00893402099609375 0.0101108551025391 0.43292236328125 -0.548553466796875
0.0498619079589844 0.0632286071777344 0.79595947265625 0.11358642578125
0.050933837890625 0.13525390625 0.46661376953125 0.78082275390625
-0.0210418701171875 0.22137451171875 -0.02691650390625 0.617919921875
-0.107711791992187 0.217178344726563 0.0929946899414063 -0.0263671875
0.0177154541015625 0.1962890625 0.02227783203125 -0.708984375
0.0895538330078125 0.08740234375 -0.63897705078125 -0.6824951171875
0.0510711669921875 0.0190620422363281 -0.77691650390625 0.1556396484375
0.00456809997558594 -0.000169754028320313 -0.20745849609375 0.5869140625
-0.00969123840332031 -0.0214748382568359 0.1956787109375 0.41192626953125
-0.0303382873535156 -0.0144767761230469 0.32952880859375 0.02947998046875
-0.0440292358398438 -0.0379104614257813 0.221710205078125 -0.23651123046875
-0.0433006286621094 -0.0620155334472656 -0.239761352539063 0.209503173828125
0.00592803955078125 -0.0153541564941406 -0.232162475585938 -0.136825561523437
-0.00840091705322266 -0.0123386383056641 0.0486145019531251 -0.51239013671875
0.000356674194335939 0.0178680419921875 0.57220458984375 -0.45263671875
0.0226936340332031 0.0603599548339844 0.7769775390625 0.321533203125
0.0169601440429687 0.114593505859375 0.2791748046875 0.888916015625
-0.0384979248046875 0.186233520507813 -0.11529541015625 0.5498046875
-0.0807952880859375 0.176483154296875 0.122291564941406 -0.119720458984375
0.033477783203125 0.143356323242188 -0.0994873046875 -0.7432861328125
0.0753860473632812 0.0446701049804687 -0.7606201171875 -0.51898193359375
0.02978515625 0.00467491149902344 -0.6881103515625 0.32305908203125
-0.0019831657409668 0.00612831115722656 -0.05462646484375 0.59088134765625
-0.00840473175048828 -0.010777473449707 0.28521728515625 0.345123291015625
-0.0222091674804688 -0.00526237487792969 0.343505859375 -0.02294921875
-0.0361518859863281 -0.0320854187011719 0.207168579101563 -0.249954223632813
-0.0302963256835938 -0.0525016784667969 -0.236846923828125 0.197067260742188
0.0152711868286133 -0.00557231903076172 -0.194564819335937 -0.174407958984375
-0.00523090362548828 -0.00268793106079101 0.13763427734375 -0.522674560546875
-0.0142021179199219 0.0197792053222656 0.66229248046875 -0.3516845703125
-0.00522994995117187 0.0371818542480469 0.72247314453125 0.483642578125
-0.00301742553710938 0.0575981140136719 0.11090087890625 0.94140625
-0.0276641845703125 0.117034912109375 -0.17138671875 0.488677978515625
-0.0392379760742187 0.106491088867188 0.141448974609375 -0.187026977539062
0.0284500122070313 0.0719070434570312 -0.19403076171875 -0.7508544921875
0.0401229858398438 0.0073089599609375 -0.8212890625 -0.38232421875
0.00589704513549805 -0.000447750091552734 -0.5960693359375 0.42681884765625
-0.00325965881347656 0.0114908218383789 0.05633544921875 0.5701904296875
-0.00181865692138672 -0.00370121002197266 0.34417724609375 0.284515380859375
-0.0089559555053711 0.00249290466308594 0.348907470703125 -0.0653076171875
-0.0223217010498047 -0.0243244171142578 0.19573974609375 -0.261703491210938
-0.0152702331542969 -0.0406417846679687 -0.234909057617188 0.19024658203125
0.0248603820800781 0.000955581665039063 -0.172760009765625 -0.193862915039063
-0.00177574157714844 0.006072998046875 0.18115234375 -0.519012451171875
-0.0275096893310547 0.0147247314453125 0.6998291015625 -0.28759765625
-0.0269985198974609 0.00120925903320313 0.6788330078125 0.56549072265625
-0.00361442565917969 -0.0242729187011719 0.0169067382812499 0.95562744140625
0.0157184600830078 0.0251426696777344 -0.198974609375 0.45257568359375
0.0123176574707031 0.0180759429931641 0.1466064453125 -0.218215942382812
0.00837802886962891 -0.00680208206176758 -0.24676513671875 -0.74462890625
-0.00453567504882812 -0.0230236053466797 -0.83905029296875 -0.306396484375
-0.0150852203369141 0.001922607421875 -0.542572021484375 0.473663330078125
-0.000413894653320314 0.0169754028320313 0.111175537109375 0.553436279296875
0.00845527648925781 0.000362396240234375 0.37261962890625 0.251007080078125
0.00728702545166016 0.00821876525878906 0.352386474609375 -0.088775634765625
-0.00293922424316406 -0.0158042907714844 0.190689086914063 -0.265777587890625
-0.00156593322753906 -0.0290641784667969 -0.23150634765625 0.190704345703125
0.0350017547607422 0.00539398193359375 -0.17315673828125 -0.19451904296875
0.00356674194335937 0.0126228332519531 0.1729736328125 -0.51837158203125
-0.0361099243164063 0.0110702514648438 0.692138671875 -0.28875732421875
-0.0440483093261719 -0.0361480712890625 0.681640625 0.558837890625
0.000190734863281256 -0.110031127929688 0.01983642578125 0.952392578125
0.0661239624023437 -0.0744781494140625 -0.204742431640625 0.456085205078125
0.0656051635742188 -0.0758438110351563 0.137649536132813 -0.208877563476563
-0.0140609741210938 -0.086273193359375 -0.24615478515625 -0.73748779296875
-0.05023193359375 -0.0507431030273438 -0.83477783203125 -0.305419921875
-0.0340957641601563 0.00455093383789063 -0.5413818359375 0.471466064453125
0.00333976745605469 0.0197086334228516 0.109527587890625 0.554229736328125
0.0181446075439453 0.00322341918945312 0.375274658203125 0.2537841796875
0.0223922729492187 0.0104160308837891 0.353057861328125 -0.092987060546875
0.0150585174560547 -0.00658988952636719 0.193756103515625 -0.267303466796875
0.0116863250732422 -0.0204372406005859 -0.230331420898438 0.197479248046875
0.0450325012207031 0.00541305541992188 -0.19384765625 -0.177032470703125
0.0125751495361328 0.0159339904785156 0.1163330078125 -0.517364501953125
-0.0377578735351563 0.0121803283691406 0.64385986328125 -0.352294921875
-0.0599899291992188 -0.0555305480957031 0.7314453125 0.46270751953125
-0.013336181640625 -0.177719116210938 0.1202392578125 0.93157958984375
0.0945587158203125 -0.165817260742188 -0.18194580078125 0.499969482421875
0.11236572265625 -0.16064453125 0.11602783203125 -0.159942626953125
-0.0258026123046875 -0.160324096679688 -0.1953125 -0.7271728515625
-0.084686279296875 -0.0849151611328125 -0.80780029296875 -0.38018798828125
-0.051422119140625 0.00179290771484376 -0.59490966796875 0.4241943359375
0.00341796875 0.0210628509521484 0.051513671875 0.57574462890625
0.0251979827880859 0.00339698791503906 0.34747314453125 0.293914794921875
0.0342121124267578 0.0116596221923828 0.357391357421875 -0.072265625
0.0326156616210938 0.000593185424804688 0.20684814453125 -0.2637939453125
0.0229225158691406 -0.0153865814208984 -0.2279052734375 0.209884643554687
0.0526580810546875 -1.52587890625E-05 -0.228134155273437 -0.141921997070313
0.0221481323242187 0.0154743194580078 0.021087646484375 -0.504364013671875
-0.0298213958740234 0.0174465179443359 0.54583740234375 -0.450653076171875
-0.071868896484375 -0.0516281127929688 0.782958984375 0.29339599609375
-0.0488739013671875 -0.208572387695313 0.29229736328125 0.8726806640625
0.086334228515625 -0.232833862304688 -0.125244140625 0.56878662109375
0.146728515625 -0.223251342773438 0.084075927734375 -0.0800628662109375
-0.0165863037109375 -0.222183227539062 -0.105712890625 -0.708251953125
-0.10009765625 -0.124725341796875 -0.739501953125 -0.50927734375
-0.0664329528808594 -0.0117530822753906 -0.68536376953125 0.317138671875
-0.000144958496093752 0.0193710327148438 -0.06524658203125 0.595947265625
0.0289287567138672 0.00301933288574219 0.2890625 0.358917236328125
0.0404891967773438 0.0114860534667969 0.3563232421875 -0.030731201171875
0.0421371459960937 0.004974365234375 0.224777221679688 -0.255203247070313
-0.05926513671875 -0.068817138671875 -0.23358154296875 0.240798950195313
-0.00820350646972656 -0.0301704406738281 -0.307708740234375 -0.0250244140625
-0.0201091766357422 -0.0286006927490234 -0.17535400390625 -0.423919677734375
0.0115060806274414 1.9073486328125E-05 0.267578125 -0.60797119140625
0.0659217834472656 0.0492515563964844 0.76593017578125 -0.0946044921875
0.080291748046875 0.121269226074219 0.631591796875 0.63079833984375
0.00967407226562499 0.215896606445313 0.0817871093750001 0.67156982421875
-0.11505126953125 0.223236083984375 0.05657958984375 0.0799789428710938
-0.0138092041015625 0.216873168945313 0.14581298828125 -0.63958740234375
0.0814971923828125 0.121437072753906 -0.4588623046875 -0.83758544921875
0.0645065307617188 0.0409889221191406 -0.83428955078125 -0.06524658203125
0.0140190124511719 -0.00148391723632813 -0.377716064453125 0.541046142578125
-0.00646018981933594 -0.0281352996826172 0.081573486328125 0.47125244140625
-0.0321388244628906 -0.0226078033447266 0.305877685546875 0.08624267578125
-0.0461158752441406 -0.0414466857910156 0.237319946289063 -0.220748901367188
-0.053375244140625 -0.0670738220214844 -0.239654541015625 0.225799560546875
-0.0025482177734375 -0.0237197875976563 -0.273788452148438 -0.084716796875
-0.0137596130371094 -0.0209312438964844 -0.064239501953125 -0.483795166015625
0.00928211212158203 0.00987052917480469 0.43414306640625 -0.551513671875
0.0504226684570313 0.0625877380371094 0.80108642578125 0.11383056640625
0.0517425537109375 0.134529113769531 0.4703369140625 0.78424072265625
-0.021820068359375 0.22222900390625 -0.02801513671875 0.62030029296875
-0.108474731445313 0.217987060546875 0.0921173095703125 -0.0265579223632812
0.0164642333984375 0.196670532226563 0.02349853515625 -0.710205078125
0.0909194946289063 0.0871810913085938 -0.642578125 -0.6881103515625
0.0514678955078125 0.0196456909179688 -0.7811279296875 0.1539306640625
0.00380730628967285 4.52995300292969E-06 -0.2086181640625 0.58831787109375
-0.0102214813232422 -0.0212783813476562 0.196136474609375 0.412872314453125
-0.0301780700683594 -0.0146198272705078 0.33050537109375 0.0296630859375
-0.0447044372558594 -0.0380058288574219 0.222335815429688 -0.238052368164063
-0.0450363159179687 -0.0613174438476563 -0.24017333984375 0.210189819335938
0.00550365447998047 -0.0158519744873047 -0.232177734375 -0.136398315429688
-0.00868606567382813 -0.0120029449462891 0.04888916015625 -0.517059326171875
-5.34057617187507E-05 0.0187797546386719 0.5740966796875 -0.4559326171875
0.0228271484375 0.0606346130371094 0.7813720703125 0.32177734375
0.0178680419921875 0.115226745605469 0.27911376953125 0.893798828125
-0.0400543212890625 0.187301635742188 -0.1163330078125 0.550811767578125
-0.0821533203125 0.178146362304688 0.123252868652344 -0.120315551757812
0.0322418212890625 0.14373779296875 -0.09808349609375 -0.74542236328125
0.0757980346679688 0.04473876953125 -0.76263427734375 -0.521484375
0.0299301147460938 0.00432968139648438 -0.6898193359375 0.32293701171875
-0.00250244140625 0.00654983520507812 -0.05517578125 0.59246826171875
-0.00885486602783203 -0.0121488571166992 0.28741455078125 0.34674072265625
-0.0235404968261719 -0.00475502014160156 0.343536376953125 -0.024322509765625
-0.0371513366699219 -0.0313568115234375 0.206878662109375 -0.251602172851563
-0.0319328308105469 -0.0511016845703125 -0.238067626953125 0.198150634765625
0.0148067474365234 -0.00659465789794922 -0.194732666015625 -0.175094604492187
-0.0052490234375 -0.00207042694091797 0.13653564453125 -0.52557373046875
-0.0144329071044922 0.0204849243164063 0.6617431640625 -0.353515625
-0.00576400756835937 0.037445068359375 0.72637939453125 0.4847412109375
-0.00310897827148438 0.0573921203613281 0.1114501953125 0.9476318359375
-0.028106689453125 0.117362976074219 -0.17230224609375 0.4896240234375
-0.0397720336914063 0.107673645019531 0.143112182617188 -0.188034057617188
0.0273361206054687 0.0724334716796875 -0.19482421875 -0.75274658203125
0.0406303405761719 0.00661468505859375 -0.82366943359375 -0.38433837890625
0.00624561309814453 -0.000565052032470703 -0.59686279296875 0.42578125
-0.00318241119384766 0.0122652053833008 0.05535888671875 0.571533203125
-0.00196981430053711 -0.00510931015014648 0.345123291015625 0.285064697265625
-0.00938701629638672 0.00279808044433594 0.349761962890625 -0.06646728515625
-0.0221405029296875 -0.0244846343994141 0.1956787109375 -0.262115478515625
-0.0165214538574219 -0.0393142700195313 -0.2347412109375 0.190841674804687
0.0245399475097656 0.00145912170410156 -0.17364501953125 -0.1956787109375
-0.00191354751586914 0.00582647323608398 0.180816650390625 -0.521881103515625
-0.0274658203125 0.0163249969482422 0.700927734375 -0.2908935546875
-0.0274734497070313 6.29425048828132E-05 0.6810302734375 0.5673828125
-0.00394630432128907 -0.0246543884277344 0.0161132812499999 0.96258544921875
0.0153064727783203 0.0255374908447266 -0.201019287109375 0.454833984375
0.0120449066162109 0.0202178955078125 0.14837646484375 -0.21942138671875
0.00756359100341797 -0.00685739517211914 -0.24688720703125 -0.748291015625
-0.00528144836425782 -0.0232276916503906 -0.84478759765625 -0.307861328125
-0.0157194137573242 0.00198936462402344 -0.543701171875 0.472991943359375
-0.000677108764648436 0.0165748596191406 0.1099853515625 0.55438232421875
0.00808143615722656 0.000140190124511719 0.37457275390625 0.251373291015625
0.00662660598754883 0.00772285461425781 0.35235595703125 -0.0899658203125
-0.00426769256591797 -0.0151405334472656 0.191192626953125 -0.266845703125
-0.00347328186035157 -0.0281333923339844 -0.231903076171875 0.191314697265625
0.0342597961425781 0.00443077087402344 -0.174163818359375 -0.195968627929688
0.00356864929199219 0.0130691528320313 0.17327880859375 -0.520355224609375
-0.0359153747558594 0.0118370056152344 0.69390869140625 -0.29095458984375
-0.0442008972167969 -0.0364952087402344 0.68572998046875 0.560546875
4.57763671875002E-05 -0.111221313476562 0.0208129882812499 0.95660400390625
0.066986083984375 -0.0736770629882813 -0.206085205078125 0.458740234375
0.0654373168945313 -0.0748748779296875 0.138595581054688 -0.210037231445312
-0.0154342651367187 -0.085418701171875 -0.2452392578125 -0.74114990234375
-0.0497207641601562 -0.0510406494140625 -0.8387451171875 -0.307861328125
-0.0338611602783203 0.00433921813964844 -0.543975830078125 0.47320556640625
0.00361442565917969 0.0195178985595703 0.109375 0.556427001953125
0.0186481475830078 0.00316047668457031 0.376068115234375 0.253875732421875
0.0223636627197266 0.0110969543457031 0.3538818359375 -0.093597412109375
0.0151796340942383 -0.00630474090576172 0.194656372070313 -0.26904296875
0.01116943359375 -0.0187053680419922 -0.230239868164062 0.198471069335938
0.0445823669433594 0.00491714477539063 -0.195327758789063 -0.177703857421875
0.0126991271972656 0.0162534713745117 0.115509033203125 -0.519439697265625
-0.0375289916992188 0.0124855041503906 0.64495849609375 -0.3546142578125
-0.0601882934570313 -0.0568199157714844 0.7335205078125 0.46514892578125
-0.0136871337890625 -0.179443359375 0.12176513671875 0.9366455078125
0.0959930419921875 -0.165679931640625 -0.182159423828125 0.502227783203125
0.112518310546875 -0.160934448242188 0.115615844726563 -0.161224365234375
-0.026336669921875 -0.16009521484375 -0.1953125 -0.73077392578125
-0.0847320556640625 -0.0850906372070313 -0.8104248046875 -0.38140869140625
-0.0515098571777344 0.00244140625000001 -0.5975341796875 0.42474365234375
0.00369644165039063 0.0206127166748047 0.05047607421875 0.57635498046875
0.0246238708496094 0.00252723693847656 0.3492431640625 0.294891357421875
0.0340633392333984 0.0106544494628906 0.358489990234375 -0.073089599609375
0.0317420959472656 5.340576171875E-05 0.207550048828125 -0.264434814453125
0.02239990234375 -0.0136184692382813 -0.228073120117187 0.21051025390625
0.0523567199707031 0.00054168701171875 -0.229568481445313 -0.142425537109375
0.0226364135742188 0.0147495269775391 0.02288818359375 -0.506744384765625
-0.0303802490234375 0.0174427032470703 0.548095703125 -0.45220947265625
-0.0725631713867188 -0.0526885986328125 0.78631591796875 0.29388427734375
-0.0494232177734375 -0.209762573242188 0.292236328125 0.8759765625
0.0861053466796875 -0.231826782226563 -0.1263427734375 0.57049560546875
0.147476196289063 -0.222747802734375 0.0836181640625 -0.079986572265625
-0.0169525146484375 -0.222183227539063 -0.10479736328125 -0.7093505859375
-0.100914001464844 -0.125473022460938 -0.741943359375 -0.51239013671875
-0.0663719177246094 -0.0125160217285156 -0.689208984375 0.31781005859375
-0.000902175903320311 0.0201263427734375 -0.06622314453125 0.59844970703125
0.0288829803466797 0.00351715087890625 0.29144287109375 0.35968017578125
0.0403709411621094 0.0103302001953125 0.357208251953125 -0.031585693359375
0.0418319702148438 0.00556182861328125 0.225921630859375 -0.256484985351563
-0.060455322265625 -0.0677604675292969 -0.232879638671875 0.242263793945312
-0.00897407531738281 -0.0304164886474609 -0.308319091796875 -0.02557373046875
-0.020416259765625 -0.0284481048583984 -0.178436279296875 -0.4273681640625
0.010951042175293 0.000243186950683594 0.26678466796875 -0.61175537109375
0.0668716430664063 0.0484962463378906 0.77056884765625 -0.0947265625
0.0809783935546875 0.12042236328125 0.6358642578125 0.63421630859375
0.00846862792968749 0.217529296875 0.0827026367187501 0.674560546875
-0.116531372070313 0.22528076171875 0.0561447143554687 0.0804214477539063
-0.01373291015625 0.218307495117188 0.14727783203125 -0.6427001953125
0.0824737548828125 0.121864318847656 -0.46160888671875 -0.841552734375
0.0649147033691406 0.0408058166503906 -0.8389892578125 -0.0667724609375001
0.0139760971069336 -0.00218868255615234 -0.37847900390625 0.544189453125
-0.00696754455566406 -0.0289478302001953 0.082794189453125 0.4727783203125
-0.0325183868408203 -0.0229721069335937 0.307281494140625 0.085723876953125
-0.047515869140625 -0.0409774780273438 0.23834228515625 -0.222946166992188
-0.0558586120605469 -0.0661506652832031 -0.239395141601562 0.22802734375
-0.00388717651367188 -0.0247364044189453 -0.274978637695313 -0.08465576171875
-0.0142555236816406 -0.0205574035644531 -0.066131591796875 -0.486083984375
0.00912952423095703 0.0107669830322266 0.434814453125 -0.556304931640625
0.0508804321289063 0.0624275207519531 0.80633544921875 0.11273193359375
0.0530319213867188 0.135505676269531 0.47296142578125 0.7884521484375
-0.0218048095703125 0.222869873046875 -0.02789306640625 0.62255859375
-0.110488891601563 0.219650268554688 0.093017578125 -0.0268936157226562
0.0168914794921875 0.198348999023438 0.02349853515625 -0.71466064453125
0.0914306640625 0.0872421264648437 -0.645751953125 -0.68975830078125
0.0516624450683594 0.019317626953125 -0.7864990234375 0.1551513671875
0.00428557395935059 0.000449657440185547 -0.2086181640625 0.59027099609375
-0.0106182098388672 -0.0215034484863281 0.198333740234375 0.416046142578125
-0.0312976837158203 -0.0141716003417969 0.331512451171875 0.02850341796875
-0.046234130859375 -0.0382499694824219 0.222457885742188 -0.239944458007813
-0.046661376953125 -0.0602226257324219 -0.239532470703125 0.212844848632813
0.00497531890869141 -0.015925407409668 -0.233444213867188 -0.13775634765625
-0.00951290130615234 -0.0110073089599609 0.0467529296875 -0.5185546875
7.43865966796887E-05 0.0198040008544922 0.57568359375 -0.45977783203125
0.0228500366210938 0.0604171752929687 0.78668212890625 0.3253173828125
0.0184402465820312 0.115280151367187 0.28271484375 0.900146484375
-0.0402984619140625 0.188858032226563 -0.115386962890625 0.555328369140625
-0.0838470458984375 0.179168701171875 0.123313903808594 -0.120475769042969
0.032135009765625 0.144287109375 -0.0994262695312501 -0.749755859375
0.0769424438476562 0.0452423095703125 -0.7679443359375 -0.52508544921875
0.0292110443115234 0.00482940673828125 -0.6953125 0.32208251953125
-0.00245523452758789 0.00648736953735351 -0.0554809570312499 0.594970703125
-0.0091552734375 -0.0125408172607422 0.288909912109375 0.346588134765625
-0.0235080718994141 -0.0047607421875 0.344696044921875 -0.02581787109375
-0.0382423400878906 -0.0321807861328125 0.207778930664062 -0.25323486328125
-0.032684326171875 -0.0507431030273438 -0.236557006835938 0.20013427734375
0.0143337249755859 -0.00728797912597656 -0.196380615234375 -0.175888061523437
-0.00553321838378906 -0.00177431106567383 0.136383056640625 -0.528167724609375
-0.0139999389648438 0.0207996368408203 0.666015625 -0.3577880859375
-0.005157470703125 0.0371856689453125 0.73077392578125 0.487548828125
-0.00281143188476563 0.0574111938476562 0.11370849609375 0.95294189453125
-0.028533935546875 0.1182861328125 -0.17315673828125 0.492156982421875
-0.0413589477539063 0.109169006347656 0.143585205078125 -0.189010620117188
0.0277786254882812 0.0724716186523438 -0.19586181640625 -0.75830078125
0.0406112670898438 0.00649261474609375 -0.82867431640625 -0.3865966796875
0.00619697570800781 -0.000735759735107422 -0.60272216796875 0.4290771484375
-0.00361251831054687 0.0114231109619141 0.0570068359375 0.57403564453125
-0.00239062309265137 -0.00404214859008789 0.347381591796875 0.286346435546875
-0.00900745391845703 0.00225353240966797 0.35137939453125 -0.068389892578125
-0.0233592987060547 -0.0236968994140625 0.196136474609375 -0.263778686523438
-0.0180854797363281 -0.0383491516113281 -0.234939575195313 0.192184448242187
0.0242424011230469 0.000505447387695313 -0.174346923828125 -0.196517944335937
-0.00164556503295898 0.00604486465454102 0.181060791015625 -0.524810791015625
-0.0277938842773438 0.016571044921875 0.70556640625 -0.29168701171875
-0.0273609161376953 -0.000501632690429689 0.68548583984375 0.57000732421875
-0.00402641296386719 -0.0249366760253906 0.0188598632812499 0.96563720703125
0.0154075622558594 0.0263462066650391 -0.201507568359375 0.458465576171875
0.0117301940917969 0.01934814453125 0.148513793945313 -0.220123291015625
0.00698566436767578 -0.00704288482666016 -0.248291015625 -0.75201416015625
-0.00529098510742188 -0.0241432189941406 -0.84991455078125 -0.30780029296875
-0.0155143737792969 0.00200557708740234 -0.547271728515625 0.47686767578125
-0.000696182250976563 0.0165767669677734 0.11151123046875 0.557708740234375
0.00814962387084961 0.000704765319824219 0.37677001953125 0.251373291015625
0.00662517547607422 0.00682163238525391 0.353851318359375 -0.091766357421875
-0.00507164001464844 -0.0151538848876953 0.192291259765625 -0.269287109375
-0.00415611267089843 -0.0264415740966797 -0.231552124023438 0.191650390625
0.0346717834472656 0.00396347045898438 -0.175521850585938 -0.197647094726562
0.00325107574462891 0.0129222869873047 0.172027587890625 -0.524139404296875
-0.0359077453613281 0.0121498107910156 0.69659423828125 -0.29327392578125
-0.0445213317871094 -0.0373764038085938 0.6888427734375 0.56243896484375
0.000640869140625 -0.111724853515625 0.0194091796875 0.962158203125
0.0667953491210938 -0.0735702514648438 -0.205657958984375 0.461334228515625
0.0657806396484375 -0.0743865966796875 0.13885498046875 -0.210830688476563
-0.0147628784179688 -0.0857315063476563 -0.24639892578125 -0.7452392578125
-0.0509376525878906 -0.0517768859863281 -0.84326171875 -0.30841064453125
-0.0346050262451172 0.00484085083007813 -0.547119140625 0.475677490234375
0.00245475769042969 0.0197277069091797 0.111297607421875 0.55810546875
0.017822265625 0.00256919860839844 0.37835693359375 0.254547119140625
0.0225772857666016 0.0103645324707031 0.355377197265625 -0.095703125
0.0145864486694336 -0.00541210174560547 0.1942138671875 -0.270538330078125
0.0101299285888672 -0.0184326171875 -0.231002807617188 0.19952392578125
0.0449943542480469 0.00396347045898438 -0.196060180664062 -0.179946899414063
0.0124015808105469 0.0167341232299805 0.11492919921875 -0.52166748046875
-0.0367584228515625 0.0132827758789063 0.6474609375 -0.35565185546875
-0.0603904724121094 -0.0570640563964844 0.73883056640625 0.4654541015625
-0.01409912109375 -0.180282592773438 0.12249755859375 0.94183349609375
0.0952301025390625 -0.166595458984375 -0.183380126953125 0.504119873046875
0.11395263671875 -0.160537719726563 0.116867065429688 -0.162429809570313
-0.026947021484375 -0.160720825195312 -0.1982421875 -0.73492431640625
-0.0863723754882813 -0.0847244262695313 -0.81329345703125 -0.38299560546875
-0.0519981384277344 0.00197219848632812 -0.601806640625 0.4281005859375
0.00331878662109375 0.0206546783447266 0.05108642578125 0.57977294921875
0.0254611968994141 0.00247955322265625 0.352630615234375 0.293426513671875
0.0350589752197266 0.0104007720947266 0.359649658203125 -0.0738525390625
0.0317630767822266 0.000860214233398438 0.207992553710938 -0.266433715820313
0.0208015441894531 -0.0130023956298828 -0.227935791015625 0.212860107421875
0.0521430969238281 -0.000179290771484375 -0.231033325195312 -0.142837524414063
0.0234222412109375 0.0147304534912109 0.021026611328125 -0.510406494140625
-0.0300216674804688 0.0189285278320313 0.550048828125 -0.4554443359375
-0.0727767944335938 -0.053497314453125 0.79150390625 0.29400634765625
-0.0500030517578125 -0.210647583007813 0.29486083984375 0.88043212890625
0.08770751953125 -0.233535766601563 -0.1273193359375 0.57318115234375
0.14801025390625 -0.22357177734375 0.0836868286132813 -0.0804367065429688
-0.017822265625 -0.222747802734375 -0.10693359375 -0.71282958984375
-0.101364135742187 -0.125648498535156 -0.74700927734375 -0.51318359375
-0.0672416687011719 -0.0120964050292969 -0.692138671875 0.3187255859375
-0.000556945800781251 0.0202236175537109 -0.0648193359375 0.6011962890625
0.0282917022705078 0.00283432006835938 0.29205322265625 0.36309814453125
0.0410270690917969 0.0103721618652344 0.358154296875 -0.032623291015625
0.0426788330078125 0.005828857421875 0.226226806640625 -0.25830078125
-0.0622596740722656 -0.0672531127929687 -0.232879638671875 0.245132446289063
-0.00972747802734375 -0.0312480926513672 -0.3101806640625 -0.024169921875
-0.0199241638183594 -0.0285396575927734 -0.179931640625 -0.42803955078125
0.0110950469970703 0.00100326538085938 0.26727294921875 -0.61712646484375
0.0666961669921875 0.0483818054199219 0.7772216796875 -0.09814453125
0.08203125 0.121070861816406 0.642578125 0.636962890625
0.00892639160156248 0.21820068359375 0.0848388671875 0.67779541015625
-0.117828369140625 0.227645874023438 0.0564727783203125 0.0802993774414063
-0.014129638671875 0.219619750976563 0.1466064453125 -0.6466064453125
0.082977294921875 0.121795654296875 -0.4658203125 -0.8460693359375
0.0652999877929688 0.0417671203613281 -0.84661865234375 -0.0659179687499998
0.0141305923461914 -0.00153446197509766 -0.379364013671875 0.548431396484375
-0.00814437866210938 -0.0285186767578125 0.08367919921875 0.4757080078125
-0.0332546234130859 -0.0232620239257813 0.308990478515625 0.084442138671875
-0.0491142272949219 -0.0409011840820313 0.238510131835938 -0.225341796875
-0.0578956604003906 -0.0662612915039063 -0.239044189453125 0.230697631835938
-0.004608154296875 -0.0249443054199219 -0.275985717773437 -0.0850982666015625
-0.0141239166259766 -0.0212059020996094 -0.06915283203125 -0.4898681640625
0.0088510513305664 0.0121393203735352 0.43707275390625 -0.560882568359375
0.0510597229003906 0.062591552734375 0.81390380859375 0.1116943359375
0.05377197265625 0.135536193847656 0.47967529296875 0.7943115234375
-0.022216796875 0.225372314453125 -0.027099609375 0.62603759765625
-0.111297607421875 0.222366333007813 0.093780517578125 -0.02728271484375
0.0162200927734375 0.199310302734375 0.0236206054687499 -0.718994140625
0.0918045043945313 0.0879287719726563 -0.65203857421875 -0.69293212890625
0.0520515441894531 0.0203170776367188 -0.79052734375 0.156982421875
0.00405550003051758 1.26361846923828E-05 -0.2086181640625 0.5938720703125
-0.0115203857421875 -0.0210895538330078 0.19927978515625 0.41778564453125
-0.0315170288085938 -0.0143051147460937 0.333587646484375 0.027008056640625
-0.0481834411621094 -0.0375213623046875 0.223678588867188 -0.240798950195313
-0.0487861633300781 -0.0593338012695313 -0.23974609375 0.214889526367188
0.0040435791015625 -0.0166711807250977 -0.23406982421875 -0.138656616210938
-0.00929641723632813 -0.0111074447631836 0.044921875 -0.5224609375
-0.000564575195312499 0.0206813812255859 0.57696533203125 -0.46466064453125
0.0239410400390625 0.0600242614746094 0.79351806640625 0.3245849609375
0.0193328857421875 0.114311218261719 0.28668212890625 0.90533447265625
-0.040771484375 0.190078735351563 -0.115509033203125 0.55902099609375
-0.0849151611328125 0.181488037109375 0.124656677246094 -0.121650695800781
0.032440185546875 0.144668579101563 -0.10052490234375 -0.75335693359375
0.0768203735351563 0.0455322265625 -0.77435302734375 -0.5267333984375
0.0293827056884766 0.00393486022949219 -0.69927978515625 0.32733154296875
-0.00301694869995117 0.0058751106262207 -0.0541381835937501 0.5980224609375
-0.00975513458251953 -0.0118865966796875 0.292205810546875 0.34820556640625
-0.0234279632568359 -0.00482749938964843 0.3470458984375 -0.02740478515625
-0.03997802734375 -0.0319328308105469 0.2078857421875 -0.256927490234375
-0.0344200134277344 -0.0497093200683594 -0.237197875976563 0.20196533203125
0.0136528015136719 -0.0074310302734375 -0.197616577148437 -0.17718505859375
-0.00553035736083984 -0.00110054016113281 0.1351318359375 -0.530975341796875
-0.014739990234375 0.0219764709472656 0.66925048828125 -0.36090087890625
-0.0048980712890625 0.0369186401367188 0.7388916015625 0.4884033203125
-0.00258636474609375 0.0572280883789062 0.11773681640625 0.9576416015625
-0.0283126831054687 0.119171142578125 -0.17333984375 0.496673583984375
-0.0417098999023437 0.111053466796875 0.14385986328125 -0.190567016601563
0.0273818969726562 0.0727005004882813 -0.1976318359375 -0.76361083984375
0.0412483215332031 0.00600051879882813 -0.835205078125 -0.38653564453125
0.00514125823974609 -0.000277519226074219 -0.6065673828125 0.43157958984375
-0.00386333465576172 0.0123605728149414 0.05926513671875 0.57843017578125
-0.00188159942626953 -0.00491142272949219 0.351959228515625 0.28594970703125
-0.00952911376953125 0.00234794616699219 0.3524169921875 -0.0704345703125
-0.0243396759033203 -0.0245819091796875 0.19659423828125 -0.265426635742188
-0.0189056396484375 -0.0381965637207031 -0.234161376953125 0.194107055664063
0.0236225128173828 7.43865966796875E-05 -0.175674438476562 -0.197830200195313
-0.00141286849975586 0.00664424896240234 0.181060791015625 -0.52960205078125
-0.0278244018554688 0.0174446105957031 0.7083740234375 -0.29656982421875
-0.0274829864501953 -0.000471115112304685 0.6922607421875 0.57171630859375
-0.00424957275390625 -0.0249080657958984 0.0211791992187501 0.974609375
0.0152416229248047 0.0267906188964844 -0.201934814453125 0.459625244140625
0.0107917785644531 0.0213661193847656 0.149368286132812 -0.221847534179687
0.00718832015991211 -0.00647878646850586 -0.251708984375 -0.7576904296875
-0.00578880310058593 -0.0239639282226562 -0.85516357421875 -0.3089599609375
-0.0157871246337891 0.00268936157226563 -0.550994873046875 0.480438232421875
-0.000714302062988282 0.017268180847168 0.115142822265625 0.561248779296875
0.00822877883911133 0.000125885009765625 0.37957763671875 0.25115966796875
0.00600051879882813 0.00636196136474609 0.354705810546875 -0.09442138671875
-0.00600051879882812 -0.0152978897094727 0.191390991210938 -0.270721435546875
-0.00462532043457032 -0.0262126922607422 -0.2313232421875 0.193405151367188
0.0342082977294922 0.00448417663574219 -0.1767578125 -0.198165893554688
0.00347328186035156 0.0132322311401367 0.17138671875 -0.526702880859375
-0.036468505859375 0.0135688781738281 0.69891357421875 -0.2952880859375
-0.0447616577148438 -0.038238525390625 0.69378662109375 0.56500244140625
-9.91821289062484E-05 -0.112258911132813 0.0229492187500001 0.9681396484375
0.0670547485351563 -0.0734786987304688 -0.206573486328125 0.46319580078125
0.066436767578125 -0.0737533569335938 0.139923095703125 -0.212539672851563
-0.0160369873046875 -0.0854873657226563 -0.24932861328125 -0.7491455078125
-0.0509376525878906 -0.0518722534179687 -0.8492431640625 -0.308349609375
-0.0354652404785156 0.00465011596679688 -0.549163818359375 0.479095458984375
0.00310516357421875 0.020172119140625 0.11212158203125 0.5615234375
0.0178337097167969 0.00258255004882813 0.380645751953125 0.254547119140625
0.0224227905273438 0.00930976867675781 0.35626220703125 -0.09869384765625
0.0145025253295898 -0.00569534301757813 0.195068359375 -0.272445678710938
0.00964069366455078 -0.0168266296386719 -0.23004150390625 0.202011108398438
0.0445899963378906 0.0042266845703125 -0.198501586914063 -0.180419921875
0.0127763748168945 0.016697883605957 0.11334228515625 -0.525421142578125
-0.0371322631835938 0.0144500732421875 0.6510009765625 -0.36138916015625
-0.0606803894042969 -0.0576744079589844 0.74578857421875 0.4669189453125
-0.015045166015625 -0.181106567382813 0.1256103515625 0.9473876953125
0.0963287353515625 -0.166656494140625 -0.18408203125 0.5068359375
0.11407470703125 -0.159637451171875 0.116531372070313 -0.162796020507812
-0.02752685546875 -0.160614013671875 -0.1998291015625 -0.73895263671875
-0.0866928100585938 -0.0860595703125 -0.82012939453125 -0.38189697265625
-0.0531234741210937 0.00205230712890624 -0.6038818359375 0.4305419921875
0.00276947021484375 0.0207424163818359 0.0522460937499999 0.58367919921875
0.0249347686767578 0.00256538391113281 0.35565185546875 0.295501708984375
0.0346412658691406 0.0105705261230469 0.36077880859375 -0.07598876953125
0.0309848785400391 0.00137138366699219 0.207778930664063 -0.26824951171875
0.0209140777587891 -0.0118293762207031 -0.22796630859375 0.214813232421875
0.0515899658203125 -0.00112152099609375 -0.233139038085938 -0.143524169921875
0.0232467651367188 0.0149993896484375 0.01751708984375 -0.511199951171875
-0.0294532775878906 0.0186214447021484 0.551910400390625 -0.460235595703125
-0.0732955932617188 -0.0545196533203125 0.79510498046875 0.29278564453125
-0.0508575439453125 -0.21221923828125 0.2994384765625 0.885986328125
0.0872344970703125 -0.23419189453125 -0.12615966796875 0.57647705078125
0.14849853515625 -0.224136352539063 0.0843658447265625 -0.0812530517578125
-0.018280029296875 -0.223251342773438 -0.1072998046875 -0.71710205078125
-0.102729797363281 -0.1259765625 -0.752197265625 -0.5162353515625
-0.0683059692382813 -0.0126800537109375 -0.69793701171875 0.32318115234375
-0.00120925903320312 0.0202674865722656 -0.0656738281249999 0.60455322265625
0.0288105010986328 0.00268363952636719 0.29498291015625 0.363189697265625
0.0406074523925781 0.00986480712890625 0.3592529296875 -0.034637451171875
0.0423545837402344 0.00571060180664063 0.226043701171875 -0.259246826171875
-0.0649528503417969 -0.0671195983886719 -0.232498168945312 0.248153686523438
-0.0108890533447266 -0.0311851501464844 -0.31170654296875 -0.02288818359375
-0.02081298828125 -0.0284690856933594 -0.182708740234375 -0.431365966796875
0.0118284225463867 0.00218963623046875 0.2674560546875 -0.6231689453125
0.0677719116210938 0.0477638244628906 0.78143310546875 -0.10198974609375
0.0838623046875 0.119369506835938 0.65008544921875 0.640625
0.00888061523437503 0.220657348632813 0.0860595703125 0.682373046875
-0.118621826171875 0.23028564453125 0.0576095581054688 0.0810394287109375
-0.01422119140625 0.2210693359375 0.14642333984375 -0.65020751953125
0.0834732055664063 0.122482299804688 -0.47198486328125 -0.85150146484375
0.0656394958496094 0.0415763854980469 -0.8543701171875 -0.0631713867187502
0.0141677856445312 -0.00174808502197266 -0.381378173828125 0.551116943359375
-0.00900840759277343 -0.0293445587158203 0.086029052734375 0.478424072265625
-0.0334968566894531 -0.0237045288085938 0.311798095703125 0.082366943359375
-0.0507087707519531 -0.0407829284667969 0.238418579101563 -0.227813720703125
-0.0600624084472656 -0.0652122497558594 -0.238800048828125 0.234420776367187
-0.00481033325195313 -0.0261344909667969 -0.278823852539063 -0.0842437744140625
-0.0153064727783203 -0.0211696624755859 -0.0711669921875 -0.49359130859375
0.00895977020263672 0.0128049850463867 0.4373779296875 -0.567626953125
0.0515251159667969 0.0619544982910156 0.821533203125 0.1103515625
0.0560379028320313 0.13482666015625 0.48602294921875 0.79931640625
-0.020965576171875 0.227142333984375 -0.0247802734375 0.63037109375
-0.112411499023438 0.225067138671875 0.0939102172851563 -0.0279922485351562
0.016937255859375 0.200164794921875 0.0221557617187499 -0.72283935546875
0.0937118530273438 0.087982177734375 -0.65802001953125 -0.69732666015625
0.0527267456054687 0.0194778442382812 -0.79876708984375 0.16009521484375
0.00370121002197266 -6.81877136230469E-05 -0.20892333984375 0.59967041015625
-0.0122203826904297 -0.0214729309082031 0.203521728515625 0.419158935546875
-0.0320549011230469 -0.0147514343261719 0.335296630859375 0.024871826171875
-0.0490570068359375 -0.0381317138671875 0.223526000976563 -0.244720458984375
-0.0493316650390625 -0.05865478515625 -0.239364624023438 0.21868896484375
0.00367832183837891 -0.0175056457519531 -0.236236572265625 -0.138809204101563
-0.00999736785888672 -0.0118274688720703 0.0429687499999999 -0.527587890625
-0.00040435791015625 0.0209465026855469 0.57952880859375 -0.4716796875
0.0239982604980469 0.0600776672363281 0.80010986328125 0.32427978515625
0.0201034545898438 0.114936828613281 0.2923583984375 0.912353515625
-0.0406494140625 0.19189453125 -0.11529541015625 0.5628662109375
-0.085052490234375 0.184066772460937 0.125564575195313 -0.123451232910156
0.03302001953125 0.14666748046875 -0.10369873046875 -0.760009765625
0.0778274536132813 0.0442962646484375 -0.781005859375 -0.52734375
0.0298099517822266 0.00449180603027344 -0.7032470703125 0.33135986328125
-0.00260448455810547 0.00557422637939453 -0.0525512695312499 0.60107421875
-0.0103340148925781 -0.0117149353027344 0.295257568359375 0.349761962890625
-0.023651123046875 -0.00553703308105468 0.348663330078125 -0.030426025390625
-0.0410118103027344 -0.0315361022949219 0.208282470703125 -0.25860595703125
-0.0361175537109375 -0.04913330078125 -0.238021850585938 0.204986572265625
0.0131807327270508 -0.00742626190185547 -0.199462890625 -0.178436279296875
-0.00502300262451172 -0.00193166732788086 0.134674072265625 -0.536956787109375
-0.0149860382080078 0.0229625701904297 0.672119140625 -0.36810302734375
-0.00535202026367187 0.0368156433105469 0.7452392578125 0.48834228515625
-0.00243759155273438 0.0575904846191406 0.12200927734375 0.9666748046875
-0.02886962890625 0.120346069335937 -0.17303466796875 0.500274658203125
-0.0426254272460938 0.112884521484375 0.144866943359375 -0.19183349609375
0.0269546508789063 0.0742263793945312 -0.2025146484375 -0.76800537109375
0.0414352416992188 0.00568389892578125 -0.84283447265625 -0.38983154296875
0.00535821914672852 0.000554561614990234 -0.60906982421875 0.4375
-0.00371074676513672 0.012669563293457 0.0623779296875 0.58062744140625
-0.00211334228515625 -0.00497198104858398 0.35516357421875 0.287017822265625
-0.00980472564697266 0.00230598449707031 0.35394287109375 -0.072967529296875
-0.0253849029541016 -0.02325439453125 0.196578979492187 -0.268218994140625
-0.0208625793457031 -0.0364608764648438 -0.2349853515625 0.197189331054687
0.0225429534912109 -0.0002593994140625 -0.177459716796875 -0.19879150390625
-0.00183677673339844 0.00727748870849609 0.178955078125 -0.53497314453125
-0.0280590057373047 0.0180377960205078 0.71160888671875 -0.302734375
-0.0275993347167969 -0.000938415527343753 0.69970703125 0.5723876953125
-0.00362396240234375 -0.0254859924316406 0.0249023437500001 0.980224609375
0.0158634185791016 0.0272407531738281 -0.20166015625 0.462677001953125
0.0108299255371094 0.0222282409667969 0.150054931640625 -0.224212646484375
0.00657796859741211 -0.00581216812133789 -0.25439453125 -0.76031494140625
-0.00465965270996094 -0.024322509765625 -0.86212158203125 -0.30810546875
-0.0152101516723633 0.00237846374511719 -0.554443359375 0.485504150390625
-0.000456809997558593 0.0172119140625 0.11749267578125 0.56201171875
0.00806665420532227 -9.58442687988281E-05 0.38336181640625 0.25140380859375
0.00579261779785156 0.0068202018737793 0.355560302734375 -0.09783935546875
-0.00606727600097656 -0.0142173767089844 0.192535400390625 -0.273635864257813
-0.00503349304199219 -0.0246829986572266 -0.232040405273438 0.197250366210937
0.0339241027832031 0.00412750244140625 -0.17926025390625 -0.199325561523438
0.00402545928955078 0.0137929916381836 0.169952392578125 -0.531280517578125
-0.0365180969238281 0.0134124755859375 0.703125 -0.3018798828125
-0.0452423095703125 -0.0383720397949219 0.7039794921875 0.56622314453125
-0.000434875488281255 -0.113792419433594 0.0286254882812501 0.97650146484375
0.0673141479492188 -0.07354736328125 -0.206329345703125 0.465576171875
0.0662078857421875 -0.0743865966796875 0.140213012695312 -0.215133666992187
-0.016571044921875 -0.0860137939453125 -0.254150390625 -0.7537841796875
-0.0514144897460938 -0.0521430969238281 -0.85491943359375 -0.3082275390625
-0.0353775024414063 0.00539779663085938 -0.55291748046875 0.4849853515625
0.00302314758300781 0.0198421478271484 0.1146240234375 0.565185546875
0.0177249908447266 0.00195693969726563 0.384857177734375 0.25299072265625
0.0223541259765625 0.00911331176757813 0.358001708984375 -0.100921630859375
0.0138444900512695 -0.0055084228515625 0.194732666015625 -0.274993896484375
0.00948524475097656 -0.0166454315185547 -0.229354858398437 0.203414916992188
0.0440025329589844 0.00440597534179688 -0.200332641601562 -0.181182861328125
0.0129022598266602 0.0166530609130859 0.112152099609375 -0.529937744140625
-0.03662109375 0.0153121948242187 0.65350341796875 -0.3673095703125
-0.0616607666015625 -0.0593147277832031 0.75103759765625 0.46661376953125
-0.0151519775390625 -0.183074951171875 0.1309814453125 0.95611572265625
0.0966949462890625 -0.167892456054688 -0.18414306640625 0.51043701171875
0.115386962890625 -0.16162109375 0.117416381835938 -0.164886474609375
-0.0288238525390625 -0.16143798828125 -0.20184326171875 -0.7430419921875
-0.088409423828125 -0.0861892700195313 -0.82818603515625 -0.383056640625
-0.0531578063964844 0.00205230712890625 -0.60760498046875 0.43658447265625
0.00380134582519531 0.021453857421875 0.05401611328125 0.58721923828125
0.0253658294677734 0.00290298461914062 0.357940673828125 0.294403076171875
0.0341148376464844 0.00960159301757813 0.361053466796875 -0.078857421875
0.0312728881835938 0.00142669677734375 0.207916259765625 -0.271255493164063
0.0206928253173828 -0.0111045837402344 -0.228057861328125 0.21661376953125
0.0523490905761719 -0.00130081176757812 -0.235015869140625 -0.144577026367187
0.0240631103515625 0.0160102844238281 0.016021728515625 -0.51605224609375
-0.0296478271484375 0.0196208953857422 0.55316162109375 -0.46673583984375
-0.0741500854492188 -0.054779052734375 0.80389404296875 0.2935791015625
-0.0520782470703125 -0.214279174804688 0.304931640625 0.89227294921875
0.087371826171875 -0.23638916015625 -0.1260986328125 0.5802001953125
0.150558471679687 -0.225112915039062 0.0846328735351563 -0.0821914672851563
-0.0201263427734375 -0.223419189453125 -0.10980224609375 -0.7227783203125
-0.104393005371094 -0.127265930175781 -0.75830078125 -0.51727294921875
-0.0685882568359375 -0.0127334594726563 -0.70318603515625 0.326904296875
-0.00134849548339844 0.0197525024414063 -0.0628662109375 0.609130859375
0.0291881561279297 0.00316810607910156 0.298248291015625 0.364501953125
0.0408248901367188 0.00935745239257813 0.36151123046875 -0.036285400390625
0.0415000915527344 0.00702285766601562 0.2259521484375 -0.2628173828125
-0.0663375854492187 -0.0657234191894531 -0.231842041015625 0.251953125
-0.0117359161376953 -0.0326957702636719 -0.31396484375 -0.0208435058593751
-0.0204849243164062 -0.0276660919189453 -0.18682861328125 -0.432647705078125
0.0113525390625 0.00231552124023437 0.26513671875 -0.63031005859375
0.0686988830566406 0.0463294982910156 0.79010009765625 -0.1077880859375
0.0852203369140625 0.11981201171875 0.6607666015625 0.64154052734375
0.0110931396484375 0.222244262695313 0.0904541015625 0.68682861328125
-0.119552612304687 0.233230590820313 0.0572509765625 0.0808258056640625
-0.0135650634765625 0.222946166992188 0.14410400390625 -0.65545654296875
0.0851287841796875 0.121994018554688 -0.47979736328125 -0.8538818359375
0.0666961669921875 0.0409317016601562 -0.86199951171875 -0.0613403320312499
0.014251708984375 -0.00171089172363281 -0.38128662109375 0.557281494140625
-0.00948333740234375 -0.0297031402587891 0.089813232421875 0.480987548828125
-0.0347270965576172 -0.0230827331542969 0.313323974609375 0.0810546875
-0.0525588989257813 -0.0398178100585937 0.238632202148438 -0.231735229492188
-0.0614013671875 -0.0644264221191406 -0.238037109375 0.237167358398438
-0.00615882873535156 -0.0267105102539063 -0.27996826171875 -0.0827484130859376
-0.0150241851806641 -0.0215091705322266 -0.0738525390625 -0.496795654296875
0.00870895385742188 0.013707160949707 0.4365234375 -0.57373046875
0.0517578125 0.0613059997558594 0.82861328125 0.105712890625
0.0571441650390625 0.134956359863281 0.49578857421875 0.8037109375
-0.021026611328125 0.228775024414062 -0.02197265625 0.63555908203125
-0.113296508789063 0.228683471679688 0.0943374633789063 -0.0283203125
0.0172119140625 0.201553344726563 0.01904296875 -0.728759765625
0.0942611694335938 0.08782958984375 -0.66845703125 -0.6988525390625
0.0532493591308594 0.0193901062011719 -0.80450439453125 0.16485595703125
0.00329971313476563 0.00048518180847168 -0.2081298828125 0.604248046875
-0.0132255554199219 -0.0224533081054687 0.20684814453125 0.42059326171875
-0.0331687927246094 -0.0152111053466797 0.338531494140625 0.022491455078125
-0.0514717102050781 -0.0372428894042969 0.2235107421875 -0.247695922851562
-0.0519065856933594 -0.0570640563964844 -0.238861083984375 0.22186279296875
0.00223922729492187 -0.0181159973144531 -0.238983154296875 -0.138473510742188
-0.00998783111572266 -0.0113229751586914 0.039764404296875 -0.53228759765625
-0.000442504882812502 0.0229034423828125 0.58154296875 -0.479248046875
0.0244941711425781 0.0596809387207031 0.80963134765625 0.31927490234375
0.0206680297851562 0.114845275878906 0.29937744140625 0.9188232421875
-0.039459228515625 0.193374633789062 -0.11163330078125 0.56805419921875
-0.085784912109375 0.186904907226563 0.125022888183594 -0.12420654296875
0.0334014892578125 0.147201538085938 -0.1072998046875 -0.76483154296875
0.0787506103515625 0.0436782836914063 -0.79058837890625 -0.528076171875
0.0300865173339844 0.00446891784667969 -0.70770263671875 0.3372802734375
-0.00294017791748047 0.00649213790893555 -0.050537109375 0.60650634765625
-0.00985145568847656 -0.0124053955078125 0.3001708984375 0.3492431640625
-0.0246963500976563 -0.00594520568847656 0.351287841796875 -0.03314208984375
-0.0421142578125 -0.0308380126953125 0.207427978515625 -0.260910034179688
-0.0367355346679687 -0.0476493835449219 -0.236679077148438 0.208297729492187
0.0126724243164062 -0.00847911834716797 -0.201583862304688 -0.17877197265625
-0.00646018981933594 -0.00175142288208008 0.13079833984375 -0.543060302734375
-0.0142841339111328 0.0234889984130859 0.67413330078125 -0.3740234375
-0.005126953125 0.0368499755859375 0.753662109375 0.489013671875
-0.00176239013671874 0.0574760437011719 0.128173828125 0.9737548828125
-0.0279388427734375 0.122421264648438 -0.172210693359375 0.504150390625
-0.0421676635742188 0.115013122558594 0.145584106445313 -0.19403076171875
0.0276336669921875 0.0741958618164063 -0.206787109375 -0.77252197265625
0.0415229797363281 0.00536727905273438 -0.85162353515625 -0.38763427734375
0.00596380233764648 -0.000280857086181641 -0.61187744140625 0.44287109375
-0.00441360473632812 0.0125236511230469 0.06561279296875 0.58563232421875
-0.002227783203125 -0.00417447090148926 0.35919189453125 0.28509521484375
-0.0105800628662109 0.0017232894897461 0.3558349609375 -0.076202392578125
-0.0260257720947266 -0.0231151580810547 0.19610595703125 -0.271347045898438
-0.0211296081542969 -0.0361366271972656 -0.23370361328125 0.200119018554687
0.0226860046386719 -0.000101089477539063 -0.180267333984375 -0.199691772460938
-0.00199794769287109 0.00731086730957031 0.1771240234375 -0.53973388671875
-0.0277843475341797 0.0193614959716797 0.7149658203125 -0.30914306640625
-0.028228759765625 -0.00119209289550781 0.70751953125 0.57196044921875
-0.00414657592773438 -0.0262680053710938 0.02996826171875 0.98797607421875
0.0152683258056641 0.0275974273681641 -0.199859619140625 0.4677734375
0.0109996795654297 0.0232124328613281 0.150375366210938 -0.226715087890625
0.00669050216674805 -0.00587034225463867 -0.2598876953125 -0.76678466796875
-0.00559806823730469 -0.0249099731445312 -0.87176513671875 -0.30743408203125
-0.0167999267578125 0.00340366363525391 -0.555206298828125 0.49310302734375
-0.000823974609375001 0.0176925659179688 0.122802734375 0.5665283203125
0.00762128829956055 0.000174999237060547 0.387725830078125 0.249847412109375
0.00647449493408203 0.00704813003540039 0.357025146484375 -0.100738525390625
-0.00629806518554687 -0.0133895874023438 0.190963745117188 -0.27679443359375
-0.00640487670898438 -0.0231990814208984 -0.231185913085937 0.199859619140625
0.0337028503417969 0.00344657897949219 -0.181121826171875 -0.200759887695312
0.00400352478027344 0.0138282775878906 0.167633056640625 -0.535858154296875
-0.0365791320800781 0.0145797729492188 0.70745849609375 -0.30767822265625
-0.0450286865234375 -0.0388908386230469 0.7108154296875 0.56536865234375
-0.00166320800781251 -0.114311218261719 0.033203125 0.983154296875
0.0684356689453125 -0.0735015869140625 -0.205841064453125 0.472198486328125
0.0665817260742188 -0.0742416381835938 0.14031982421875 -0.216827392578125
-0.0177764892578125 -0.0863189697265625 -0.25811767578125 -0.75811767578125
-0.0522880554199219 -0.0530548095703125 -0.8646240234375 -0.30450439453125
-0.0353775024414063 0.00555419921875 -0.555755615234375 0.4921875
0.00290298461914063 0.0199108123779297 0.11810302734375 0.5689697265625
0.0180683135986328 0.00271034240722656 0.388702392578125 0.25360107421875
0.0224647521972656 0.00856399536132813 0.358551025390625 -0.104522705078125
0.0127553939819336 -0.00464248657226563 0.19500732421875 -0.27764892578125
0.00894546508789063 -0.0151023864746094 -0.2294921875 0.206512451171875
0.0440559387207031 0.00321197509765625 -0.202529907226562 -0.18212890625
0.0131006240844727 0.0163946151733398 0.109527587890625 -0.533355712890625
-0.0369186401367188 0.015777587890625 0.65625 -0.37213134765625
-0.0622711181640625 -0.0591621398925781 0.7593994140625 0.46575927734375
-0.01708984375 -0.184921264648437 0.13665771484375 0.96026611328125
0.0964202880859375 -0.16900634765625 -0.18267822265625 0.5157470703125
0.115707397460938 -0.161331176757813 0.117355346679688 -0.16650390625
-0.0302276611328125 -0.161529541015625 -0.20635986328125 -0.7491455078125
-0.0897216796875 -0.086517333984375 -0.8355712890625 -0.38134765625
-0.0534629821777344 0.00196456909179688 -0.61260986328125 0.44287109375
0.0040283203125 0.0218353271484375 0.0584716796875 0.5899658203125
0.0255107879638672 0.00214385986328125 0.36187744140625 0.294586181640625
0.0341053009033203 0.00886917114257813 0.36328125 -0.08184814453125
0.0308799743652344 0.00203323364257813 0.20819091796875 -0.274581909179688
0.0198478698730469 -0.00946426391601563 -0.227493286132813 0.220687866210937
0.0524711608886719 -0.00174713134765625 -0.237899780273437 -0.143997192382813
0.0232582092285156 0.0149745941162109 0.013092041015625 -0.51873779296875
-0.0290718078613281 0.0204658508300781 0.55450439453125 -0.47296142578125
-0.0742568969726563 -0.0552520751953125 0.81243896484375 0.28851318359375
-0.0540618896484375 -0.215072631835938 0.31243896484375 0.89794921875
0.0875244140625 -0.23699951171875 -0.12457275390625 0.58673095703125
0.149993896484375 -0.226760864257813 0.085052490234375 -0.0825042724609375
-0.021240234375 -0.2254638671875 -0.11273193359375 -0.72747802734375
-0.106109619140625 -0.127906799316406 -0.7666015625 -0.515380859375
-0.0689735412597656 -0.0118598937988281 -0.70733642578125 0.33380126953125
-0.000959396362304689 0.0199851989746094 -0.0626831054687499 0.615234375
0.0285282135009766 0.00228500366210938 0.302276611328125 0.3629150390625
0.0412521362304688 0.00858306884765625 0.361846923828125 -0.03973388671875
0.0418243408203125 0.00735855102539063 0.227081298828125 -0.26641845703125
-0.06890869140625 -0.0642242431640625 -0.230438232421875 0.256668090820313
-0.0131092071533203 -0.03387451171875 -0.31494140625 -0.018310546875
-0.0213966369628906 -0.0283889770507812 -0.192840576171875 -0.434356689453125
0.0115327835083008 0.00282955169677734 0.2613525390625 -0.637451171875
0.0693473815917969 0.0463714599609375 0.7967529296875 -0.11712646484375
0.08734130859375 0.118972778320312 0.67095947265625 0.643798828125
0.0121002197265625 0.225143432617187 0.095458984375 0.69171142578125
-0.119598388671875 0.236984252929687 0.058349609375 0.0807266235351563
-0.0132598876953125 0.224456787109375 0.141845703125 -0.663330078125
0.0869674682617188 0.1231689453125 -0.489990234375 -0.85858154296875
0.0674171447753906 0.0409317016601563 -0.8690185546875 -0.0558471679687501
0.0138893127441406 -0.00228977203369141 -0.37957763671875 0.5643310546875
-0.0107707977294922 -0.0301704406738281 0.0943603515625 0.484161376953125
-0.0361328125 -0.0234565734863281 0.3160400390625 0.079071044921875
-0.053863525390625 -0.0391807556152344 0.23883056640625 -0.235015869140625
-0.0638999938964844 -0.0633163452148437 -0.23651123046875 0.240966796875
-0.00673294067382812 -0.0274524688720703 -0.28155517578125 -0.0811767578124999
-0.0155391693115234 -0.0208644866943359 -0.079437255859375 -0.499664306640625
0.00926589965820313 0.0144796371459961 0.435546875 -0.5838623046875
0.0525627136230469 0.0612106323242187 0.836669921875 0.0989990234375
0.0582733154296875 0.134605407714844 0.504638671875 0.8076171875
-0.0198516845703125 0.2308349609375 -0.0175170898437499 0.6409912109375
-0.112640380859375 0.232009887695313 0.0946197509765625 -0.0294876098632812
0.0189208984375 0.203048706054687 0.0152587890625001 -0.73370361328125
0.0959701538085938 0.08734130859375 -0.6763916015625 -0.698486328125
0.0539779663085938 0.0192947387695313 -0.8095703125 0.1705322265625
0.00357174873352051 9.5367431640625E-07 -0.203857421875 0.6092529296875
-0.0132503509521484 -0.0216407775878906 0.212310791015625 0.421783447265625
-0.0332660675048828 -0.0151615142822266 0.339752197265625 0.01953125
-0.0525398254394531 -0.0366859436035156 0.223373413085938 -0.25164794921875
-0.0537147521972656 -0.0571365356445313 -0.237533569335938 0.225418090820312
0.00124359130859375 -0.0184497833251953 -0.240386962890625 -0.138214111328125
-0.00982952117919922 -0.0107994079589844 0.03619384765625 -0.53607177734375
0.000606536865234375 0.02252197265625 0.5826416015625 -0.48748779296875
0.0249900817871094 0.059722900390625 0.81927490234375 0.316650390625
0.0218429565429688 0.115592956542969 0.3106689453125 0.9232177734375
-0.0384674072265625 0.195785522460938 -0.1094970703125 0.57373046875
-0.085662841796875 0.189956665039063 0.125381469726563 -0.126564025878906
0.034332275390625 0.148086547851563 -0.111083984375 -0.76959228515625
0.0796051025390625 0.0435104370117188 -0.80133056640625 -0.52716064453125
0.0299301147460937 0.00413322448730469 -0.71173095703125 0.3427734375
-0.00355243682861328 0.00620460510253906 -0.04656982421875 0.6094970703125
-0.0106725692749023 -0.0121116638183594 0.3050537109375 0.35028076171875
-0.0253639221191406 -0.00565147399902344 0.3526611328125 -0.0367431640625
-0.0436172485351563 -0.0298843383789062 0.206466674804687 -0.265594482421875
-0.0392036437988281 -0.0474815368652344 -0.234954833984375 0.211532592773438
0.0113449096679688 -0.00822162628173828 -0.203842163085938 -0.178375244140625
-0.00566577911376953 -0.00150012969970703 0.1282958984375 -0.547698974609375
-0.0136909484863281 0.024932861328125 0.67645263671875 -0.38421630859375
-0.004638671875 0.0369338989257812 0.76513671875 0.48468017578125
-0.00156402587890625 0.0570144653320313 0.13623046875 0.97900390625
-0.0272216796875 0.123695373535156 -0.170257568359375 0.50946044921875
-0.0419158935546875 0.117225646972656 0.144287109375 -0.19683837890625
0.0281982421875 0.0746231079101563 -0.211669921875 -0.77679443359375
0.0412178039550781 0.004913330078125 -0.86077880859375 -0.3843994140625
0.00545024871826172 -0.000769615173339844 -0.61468505859375 0.45111083984375
-0.00446891784667969 0.0128622055053711 0.0690307617187501 0.5882568359375
-0.00353097915649414 -0.00501060485839844 0.364105224609375 0.284210205078125
-0.0108375549316406 0.00181102752685547 0.356536865234375 -0.08087158203125
-0.0285377502441406 -0.0227317810058594 0.195556640625 -0.274185180664063
-0.0229015350341797 -0.0339794158935547 -0.233306884765625 0.203872680664063
0.0221786499023438 -0.000963211059570312 -0.1824951171875 -0.200027465820313
-0.00242996215820313 0.00779151916503906 0.174041748046875 -0.545806884765625
-0.0270519256591797 0.0203971862792969 0.71588134765625 -0.31610107421875
-0.0277462005615234 -0.0015716552734375 0.71820068359375 0.56988525390625
-0.0045013427734375 -0.0268344879150391 0.03912353515625 0.9962158203125
0.0165367126464844 0.0282211303710938 -0.19927978515625 0.47357177734375
0.0111446380615234 0.0248622894287109 0.149063110351563 -0.22955322265625
0.00587654113769531 -0.00541067123413086 -0.2669677734375 -0.7705078125
-0.00609588623046875 -0.0252876281738281 -0.87939453125 -0.3038330078125
-0.0166845321655273 0.00263595581054688 -0.55780029296875 0.50018310546875
-0.000383377075195314 0.0181770324707031 0.12725830078125 0.56817626953125
0.0077204704284668 -6.19888305664063E-05 0.391082763671875 0.247772216796875
0.00643205642700195 0.00645875930786133 0.359161376953125 -0.103607177734375
-0.00692939758300781 -0.0125675201416016 0.1903076171875 -0.279403686523438
-0.00661468505859375 -0.022308349609375 -0.229812622070313 0.203018188476562
0.0336799621582031 0.00347900390625 -0.184280395507813 -0.20098876953125
0.00385475158691406 0.0139646530151367 0.1650390625 -0.5413818359375
-0.0360298156738281 0.0157127380371094 0.708740234375 -0.3148193359375
-0.0464286804199219 -0.0395698547363281 0.71929931640625 0.56475830078125
-0.00276184082031251 -0.115150451660156 0.03912353515625 0.98992919921875
0.0676116943359375 -0.0752639770507813 -0.204345703125 0.47686767578125
0.0666961669921875 -0.0733489990234375 0.139266967773438 -0.218948364257812
-0.0184478759765625 -0.08599853515625 -0.26580810546875 -0.7623291015625
-0.0532722473144531 -0.0525550842285156 -0.8731689453125 -0.30108642578125
-0.0361900329589844 0.00591659545898437 -0.557342529296875 0.498260498046875
0.00329971313476562 0.020599365234375 0.12371826171875 0.57098388671875
0.0177574157714844 0.00173187255859375 0.3931884765625 0.2513427734375
0.0228157043457031 0.00835800170898437 0.360931396484375 -0.108978271484375
0.0129318237304688 -0.0037841796875 0.193389892578125 -0.28179931640625
0.00860881805419922 -0.0143299102783203 -0.22894287109375 0.210891723632813
0.0442848205566406 0.002655029296875 -0.20574951171875 -0.181777954101563
0.0135860443115234 0.0163860321044922 0.106414794921875 -0.538818359375
-0.0363655090332031 0.0166015625 0.65777587890625 -0.38128662109375
-0.0631790161132812 -0.0597114562988281 0.76910400390625 0.46240234375
-0.0184326171875 -0.185714721679687 0.1451416015625 0.96722412109375
0.0962066650390625 -0.170700073242188 -0.181060791015625 0.520538330078125
0.115493774414063 -0.1629638671875 0.117294311523438 -0.168350219726563
-0.0322265625 -0.161941528320313 -0.2156982421875 -0.75250244140625
-0.0907440185546875 -0.0867843627929687 -0.8427734375 -0.37823486328125
-0.0541343688964844 0.00222396850585937 -0.61474609375 0.45037841796875
0.00417900085449219 0.0220508575439453 0.0635375976562501 0.59539794921875
0.0252914428710938 0.00206756591796875 0.366424560546875 0.293182373046875
0.0348320007324219 0.00802230834960938 0.364013671875 -0.08697509765625
0.0315418243408203 0.0028076171875 0.207199096679688 -0.277389526367188
0.0204868316650391 -0.00897026062011719 -0.226959228515625 0.224151611328125
0.052215576171875 -0.00194931030273437 -0.240509033203125 -0.143264770507813
0.0242042541503906 0.0151538848876953 0.00863647460937502 -0.524139404296875
-0.0285129547119141 0.0210742950439453 0.5545654296875 -0.4798583984375
-0.0757904052734375 -0.0555572509765625 0.81976318359375 0.2835693359375
-0.0562286376953125 -0.21746826171875 0.32183837890625 0.9014892578125
0.0864105224609375 -0.239410400390625 -0.12139892578125 0.59088134765625
0.149551391601562 -0.228729248046875 0.0852813720703125 -0.0845260620117188
-0.0234527587890625 -0.225173950195312 -0.11810302734375 -0.7333984375
-0.108078002929688 -0.127853393554687 -0.7769775390625 -0.51519775390625
-0.0702056884765625 -0.0120086669921875 -0.7108154296875 0.3402099609375
-0.000728607177734375 0.0208091735839844 -0.05926513671875 0.619873046875
0.0288925170898438 0.00219917297363281 0.30682373046875 0.364013671875
0.0411720275878906 0.00817108154296875 0.364166259765625 -0.043701171875
0.0418663024902344 0.00671768188476563 0.225677490234375 -0.269882202148437
-0.0705642700195313 -0.062957763671875 -0.228042602539062 0.26043701171875
-0.0150165557861328 -0.0342750549316406 -0.31622314453125 -0.015350341796875
-0.0218238830566406 -0.0273876190185547 -0.19769287109375 -0.435516357421875
0.0112028121948242 0.00367355346679688 0.25738525390625 -0.6444091796875
0.0702056884765625 0.0455322265625 0.80255126953125 -0.1260986328125
0.0897750854492188 0.118118286132813 0.68218994140625 0.64337158203125
0.014862060546875 0.226242065429688 0.10150146484375 0.695068359375
-0.118545532226562 0.241287231445313 0.05902099609375 0.0812225341796875
-0.01171875 0.225509643554688 0.1380615234375 -0.66796875
0.0880050659179688 0.122596740722656 -0.50152587890625 -0.86041259765625
0.0685920715332031 0.0403175354003906 -0.87750244140625 -0.0505371093749999
0.0139341354370117 -0.00221347808837891 -0.378173828125 0.5706787109375
-0.0120677947998047 -0.0302371978759766 0.099578857421875 0.485595703125
-0.035919189453125 -0.0228462219238281 0.318817138671875 0.07635498046875
-0.0561561584472656 -0.0377197265625 0.237564086914063 -0.239364624023438
-0.0659408569335937 -0.0620155334472656 -0.23516845703125 0.245132446289062
-0.00787353515625 -0.0278739929199219 -0.28411865234375 -0.0789794921875
-0.0159664154052734 -0.0208168029785156 -0.084747314453125 -0.501922607421875
0.00984096527099609 0.0148553848266602 0.432373046875 -0.59393310546875
0.0535163879394531 0.0602760314941406 0.84405517578125 0.09063720703125
0.06036376953125 0.134315490722656 0.5172119140625 0.80767822265625
-0.0177154541015625 0.233016967773437 -0.0125732421875 0.64471435546875
-0.111923217773438 0.235427856445312 0.09454345703125 -0.03045654296875
0.02056884765625 0.204193115234375 0.00811767578124998 -0.73980712890625
0.0978012084960938 0.0859909057617188 -0.68609619140625 -0.699462890625
0.0546646118164063 0.0190658569335938 -0.81524658203125 0.17822265625
0.00341939926147461 -0.000133991241455078 -0.1993408203125 0.61474609375
-0.0137119293212891 -0.0223598480224609 0.216094970703125 0.421630859375
-0.03436279296875 -0.0144023895263672 0.341339111328125 0.016448974609375
-0.0545539855957031 -0.0347824096679687 0.221511840820313 -0.255599975585938
-0.0549736022949219 -0.0547828674316406 -0.236984252929687 0.229736328125
0.000120162963867188 -0.0185089111328125 -0.243194580078125 -0.136611938476562
-0.00989913940429687 -0.0118370056152344 0.0316162109375 -0.540313720703125
0.000337600708007812 0.0244693756103516 0.58135986328125 -0.49725341796875
0.0249137878417969 0.0592613220214844 0.82867431640625 0.3087158203125
0.02349853515625 0.114631652832031 0.32159423828125 0.9298095703125
-0.038055419921875 0.197097778320313 -0.10498046875 0.57635498046875
-0.0843048095703125 0.192764282226563 0.124588012695312 -0.127975463867188
0.035552978515625 0.149078369140625 -0.12127685546875 -0.77423095703125
0.080169677734375 0.0427322387695312 -0.81072998046875 -0.52313232421875
0.0306720733642578 0.0045013427734375 -0.71533203125 0.35284423828125
-0.00344324111938476 0.00600242614746094 -0.0410766601562501 0.61370849609375
-0.0114717483520508 -0.0127420425415039 0.30877685546875 0.348388671875
-0.0253448486328125 -0.00573921203613281 0.3536376953125 -0.041107177734375
-0.04547119140625 -0.0296974182128906 0.205215454101562 -0.26910400390625
-0.0402870178222656 -0.0460777282714844 -0.234115600585937 0.215621948242188
0.0106000900268555 -0.00922775268554688 -0.20770263671875 -0.178115844726563
-0.00673866271972656 -0.00138282775878906 0.122894287109375 -0.5528564453125
-0.0141792297363281 0.0258255004882813 0.67669677734375 -0.39324951171875
-0.00436019897460938 0.0369071960449219 0.7742919921875 0.4798583984375
-0.00101852416992188 0.0575637817382813 0.14764404296875 0.9859619140625
-0.02667236328125 0.124649047851563 -0.16693115234375 0.514923095703125
-0.042083740234375 0.119758605957031 0.143997192382813 -0.198837280273438
0.0281295776367188 0.0753173828125 -0.2216796875 -0.78155517578125
0.0423812866210938 0.00440216064453125 -0.86962890625 -0.3802490234375
0.0048828125 0.000211238861083984 -0.6162109375 0.45953369140625
-0.00368690490722656 0.0128717422485352 0.074951171875 0.59075927734375
-0.00313663482666015 -0.00514459609985352 0.369232177734375 0.281982421875
-0.0116767883300781 0.00146579742431641 0.357818603515625 -0.0848388671875
-0.0285987854003906 -0.0216350555419922 0.19329833984375 -0.278045654296875
-0.0239143371582031 -0.03314208984375 -0.231094360351563 0.20770263671875
0.0216636657714844 -0.00167465209960937 -0.18572998046875 -0.199539184570312
-0.00252056121826172 0.0071415901184082 0.169219970703125 -0.549560546875
-0.0271053314208984 0.0211639404296875 0.71728515625 -0.3255615234375
-0.0280494689941406 -0.00187873840332031 0.7286376953125 0.56903076171875
-0.00522804260253907 -0.0268592834472656 0.0466918945312499 1.0023193359375
0.0163459777832031 0.0290393829345703 -0.196807861328125 0.47882080078125
0.0119781494140625 0.0261287689208984 0.148880004882812 -0.23193359375
0.00555849075317383 -0.00519466400146484 -0.27435302734375 -0.7742919921875
-0.00600051879882813 -0.0250473022460938 -0.88818359375 -0.29730224609375
-0.0164384841918945 0.00361442565917969 -0.558349609375 0.50885009765625
-0.000410079956054689 0.0181388854980469 0.13201904296875 0.57171630859375
0.00757551193237305 -0.000568866729736328 0.397003173828125 0.24566650390625
0.0050506591796875 0.00596237182617188 0.359771728515625 -0.110595703125
-0.00796794891357422 -0.0121192932128906 0.189208984375 -0.28369140625
-0.00725936889648437 -0.0218563079833984 -0.228408813476563 0.20758056640625
0.0327701568603516 0.002410888671875 -0.187667846679688 -0.20037841796875
0.00421524047851563 0.0144214630126953 0.161468505859375 -0.54638671875
-0.0352249145507813 0.0166511535644531 0.7098388671875 -0.32525634765625
-0.0465126037597656 -0.0392684936523438 0.7291259765625 0.55987548828125
-0.00426483154296875 -0.116226196289063 0.04827880859375 0.99755859375
0.0674819946289063 -0.0753021240234375 -0.201202392578125 0.480621337890625
0.0667800903320313 -0.0729293823242188 0.138687133789063 -0.221893310546875
-0.019744873046875 -0.0856857299804688 -0.2742919921875 -0.7652587890625
-0.0550155639648438 -0.0530433654785156 -0.8819580078125 -0.29473876953125
-0.0365562438964844 0.00635910034179687 -0.557403564453125 0.507232666015625
0.00383186340332031 0.0211868286132813 0.130126953125 0.57366943359375
0.0176639556884766 0.0015716552734375 0.39874267578125 0.249420166015625
0.0228843688964844 0.00791549682617188 0.360443115234375 -0.11273193359375
0.0134592056274414 -0.00345802307128906 0.192352294921875 -0.28472900390625
0.00866889953613281 -0.012847900390625 -0.226943969726562 0.214279174804688
0.0437278747558594 0.00215530395507813 -0.209487915039062 -0.18121337890625
0.0134305953979492 0.0169277191162109 0.100982666015625 -0.54364013671875
-0.0360183715820313 0.0168228149414062 0.65692138671875 -0.38958740234375
-0.0646400451660156 -0.06048583984375 0.77801513671875 0.4586181640625
-0.0207672119140625 -0.187911987304688 0.15411376953125 0.971923828125
0.0963897705078125 -0.172012329101563 -0.1776123046875 0.525146484375
0.115707397460937 -0.163833618164063 0.11676025390625 -0.170166015625
-0.033935546875 -0.162261962890625 -0.2237548828125 -0.7554931640625
-0.093017578125 -0.08642578125 -0.85369873046875 -0.37225341796875
-0.0546798706054688 0.00365829467773437 -0.61590576171875 0.4605712890625
0.00399589538574219 0.0219173431396484 0.068115234375 0.59710693359375
0.0252933502197266 0.00250625610351563 0.37103271484375 0.291717529296875
0.0347003936767578 0.007965087890625 0.3651123046875 -0.09063720703125
0.0308876037597656 0.00334930419921875 0.205474853515625 -0.281280517578125
0.0209503173828125 -0.00738143920898438 -0.22503662109375 0.227630615234375
0.0520401000976563 -0.0018310546875 -0.244873046875 -0.142593383789063
0.0243206024169922 0.0156021118164063 0.00390624999999999 -0.5257568359375
-0.0280399322509766 0.0215778350830078 0.552154541015625 -0.490234375
-0.0767822265625 -0.056884765625 0.82763671875 0.2774658203125
-0.058837890625 -0.2196044921875 0.33258056640625 0.90472412109375
0.0853271484375 -0.241165161132813 -0.11724853515625 0.59710693359375
0.15045166015625 -0.230010986328125 0.08392333984375 -0.085723876953125
-0.025726318359375 -0.226455688476562 -0.12628173828125 -0.73565673828125
-0.109931945800781 -0.127861022949219 -0.7857666015625 -0.51318359375
-0.0704727172851563 -0.0111083984375 -0.71343994140625 0.3487548828125
-6.86645507812518E-05 0.0209674835205078 -0.053955078125 0.62371826171875
0.0282363891601563 0.00195693969726563 0.31317138671875 0.362152099609375
0.0407829284667969 0.0075225830078125 0.366180419921875 -0.047149658203125
0.0428123474121094 0.00815963745117188 0.224166870117187 -0.274093627929688
-0.0729522705078125 -0.061492919921875 -0.225601196289062 0.265167236328125
-0.0159721374511719 -0.0348491668701172 -0.318603515625 -0.0118408203125
-0.0225505828857422 -0.0275249481201172 -0.203582763671875 -0.436798095703125
0.0112724304199219 0.00477218627929688 0.24969482421875 -0.65252685546875
0.0710372924804687 0.043975830078125 0.8067626953125 -0.13787841796875
0.0915679931640625 0.116287231445313 0.69281005859375 0.63995361328125
0.0168304443359375 0.227386474609375 0.10992431640625 0.7005615234375
-0.117782592773438 0.2442626953125 0.0591888427734375 0.08148193359375
-0.00950622558593751 0.227691650390625 0.1324462890625 -0.6728515625
0.0898895263671875 0.122093200683594 -0.51373291015625 -0.86053466796875
0.0702438354492188 0.039703369140625 -0.883544921875 -0.0411987304687502
0.0144767761230469 -0.00285243988037109 -0.37554931640625 0.578369140625
-0.0128288269042969 -0.0297698974609375 0.10565185546875 0.486236572265625
-0.0370140075683594 -0.0224800109863281 0.3212890625 0.072052001953125
-0.0577430725097656 -0.0356330871582031 0.236236572265625 -0.244125366210938
-0.0672683715820312 -0.0603904724121094 -0.2327880859375 0.250534057617187
-0.00987815856933593 -0.0281162261962891 -0.2864990234375 -0.0767211914062501
-0.0161266326904297 -0.0202522277832031 -0.09033203125 -0.505035400390625
0.00993537902832031 0.0157289505004883 0.42730712890625 -0.601318359375
0.0541725158691406 0.0594711303710937 0.85235595703125 0.081298828125
0.0624237060546875 0.13323974609375 0.52911376953125 0.8092041015625
-0.0159454345703125 0.234786987304688 -0.00634765625000007 0.65032958984375
-0.110610961914062 0.23895263671875 0.09466552734375 -0.0313720703125
0.0219573974609375 0.20526123046875 0.00238037109375008 -0.74468994140625
0.0994033813476563 0.0851821899414063 -0.6993408203125 -0.69720458984375
0.0546646118164063 0.0183753967285156 -0.82061767578125 0.18896484375
0.00365805625915527 -0.000350236892700195 -0.19549560546875 0.619873046875
-0.0151615142822266 -0.0218544006347656 0.2230224609375 0.42156982421875
-0.0349712371826172 -0.0147838592529297 0.343505859375 0.011322021484375
-0.05633544921875 -0.034027099609375 0.219985961914063 -0.259597778320313
-0.0571479797363281 -0.0532608032226563 -0.232757568359375 0.234100341796875
0.000133514404296875 -0.0193920135498047 -0.246383666992187 -0.135269165039063
-0.0108118057250977 -0.0106010437011719 0.0249633789062501 -0.54547119140625
0.00223159790039063 0.0248222351074219 0.57928466796875 -0.5074462890625
0.0261116027832031 0.0589828491210937 0.83734130859375 0.30072021484375
0.02447509765625 0.114418029785156 0.3333740234375 0.9326171875
-0.0359039306640625 0.199127197265625 -0.10009765625 0.5821533203125
-0.08349609375 0.196151733398438 0.124443054199219 -0.130661010742188
0.0369110107421875 0.150344848632813 -0.12823486328125 -0.77813720703125
0.0808563232421875 0.0421295166015625 -0.8216552734375 -0.5184326171875
0.0303859710693359 0.00418281555175781 -0.715087890625 0.36224365234375
-0.00254726409912109 0.00627517700195313 -0.0350341796875 0.618408203125
-0.0121240615844727 -0.0127887725830078 0.315338134765625 0.345367431640625
-0.0262603759765625 -0.00518798828125 0.354766845703125 -0.04522705078125
-0.0469474792480469 -0.0276756286621094 0.203384399414063 -0.273422241210938
-0.0413665771484375 -0.0445404052734375 -0.232284545898438 0.22015380859375
0.0101766586303711 -0.00941658020019531 -0.20965576171875 -0.177169799804687
-0.00596284866333008 -0.00182819366455078 0.11785888671875 -0.55755615234375
-0.0125408172607422 0.0267715454101562 0.67462158203125 -0.4036865234375
-0.0045166015625 0.0362319946289062 0.7850341796875 0.4722900390625
-0.000926971435546879 0.0573234558105469 0.158447265625 0.99029541015625
-0.0261154174804688 0.125831604003906 -0.1627197265625 0.51800537109375
-0.0409164428710938 0.121604919433594 0.142532348632813 -0.20147705078125
0.0298233032226562 0.0758514404296875 -0.22979736328125 -0.7843017578125
0.0429191589355469 0.00372314453125 -0.8800048828125 -0.37139892578125
0.00525283813476562 0.000937461853027344 -0.6162109375 0.4688720703125
-0.0028543472290039 0.0128107070922852 0.0817871093750001 0.59368896484375
-0.00321674346923828 -0.00513172149658203 0.37432861328125 0.278472900390625
-0.0118789672851562 0.00207233428955078 0.357940673828125 -0.09027099609375
-0.0298690795898438 -0.0202732086181641 0.19189453125 -0.282073974609375
-0.0242824554443359 -0.0318946838378906 -0.228958129882813 0.211105346679688
0.0210456848144531 -0.00207328796386719 -0.189300537109375 -0.199920654296875
-0.00200700759887695 0.00731468200683594 0.162841796875 -0.556793212890625
-0.0262584686279297 0.0220317840576172 0.71868896484375 -0.3363037109375
-0.0284023284912109 -0.00184822082519532 0.738037109375 0.56268310546875
-0.00566291809082031 -0.0278186798095703 0.05853271484375 1.0091552734375
0.0167293548583984 0.0290393829345703 -0.193450927734375 0.482818603515625
0.0125179290771484 0.0269374847412109 0.147720336914063 -0.234390258789063
0.00526666641235352 -0.00393438339233399 -0.28424072265625 -0.77630615234375
-0.00715827941894532 -0.0255546569824219 -0.898193359375 -0.29058837890625
-0.0174531936645508 0.00408077239990235 -0.557891845703125 0.516845703125
2.86102294921876E-05 0.0183353424072266 0.1390380859375 0.57305908203125
0.00707864761352539 -0.000529289245605469 0.401519775390625 0.243072509765625
0.00521945953369141 0.00572109222412109 0.35870361328125 -0.115447998046875
-0.00817298889160156 -0.0110263824462891 0.185760498046875 -0.286651611328125
-0.00748825073242188 -0.0202980041503906 -0.226104736328125 0.210845947265625
0.0326709747314453 0.00185775756835938 -0.191024780273438 -0.200912475585938
0.00384521484375 0.0140371322631836 0.154815673828125 -0.55242919921875
-0.034820556640625 0.0177478790283203 0.7105712890625 -0.335205078125
-0.0477447509765625 -0.03997802734375 0.74017333984375 0.55572509765625
-0.00554656982421876 -0.117317199707031 0.0589599609375 1.00262451171875
0.0677566528320313 -0.0760040283203125 -0.197265625 0.487518310546875
0.0670166015625 -0.0734329223632813 0.137619018554687 -0.223861694335938
-0.0208740234375 -0.085693359375 -0.28448486328125 -0.7684326171875
-0.0564346313476562 -0.0531463623046875 -0.88983154296875 -0.2882080078125
-0.0363349914550781 0.00639724731445313 -0.555877685546875 0.515960693359375
0.00369834899902344 0.0214252471923828 0.13641357421875 0.57598876953125
0.0181407928466797 0.00129890441894531 0.403106689453125 0.244964599609375
0.0217113494873047 0.00694084167480469 0.35980224609375 -0.118682861328125
0.0132541656494141 -0.00224208831787109 0.19000244140625 -0.28851318359375
0.00790977478027344 -0.0118951797485352 -0.225494384765625 0.218414306640625
0.0431251525878906 0.00257492065429688 -0.212783813476563 -0.18048095703125
0.0137500762939453 0.017669677734375 0.095062255859375 -0.54742431640625
-0.0353050231933594 0.0177001953125 0.65673828125 -0.4007568359375
-0.06561279296875 -0.0604209899902344 0.7877197265625 0.45013427734375
-0.0227508544921875 -0.188323974609375 0.16558837890625 0.97796630859375
0.095062255859375 -0.173751831054688 -0.17327880859375 0.5301513671875
0.114715576171875 -0.1646728515625 0.115966796875 -0.171661376953125
-0.035888671875 -0.162124633789063 -0.23089599609375 -0.75958251953125
-0.0941925048828125 -0.0858383178710938 -0.86383056640625 -0.36602783203125
-0.0545196533203125 0.00381088256835938 -0.614990234375 0.46966552734375
0.00373268127441406 0.0217075347900391 0.0728149414062501 0.60076904296875
0.0254669189453125 0.00146293640136719 0.377166748046875 0.288421630859375
0.0350093841552734 0.00775527954101563 0.366119384765625 -0.09649658203125
0.0316734313964844 0.00331497192382813 0.2041015625 -0.28497314453125
0.0206832885742188 -0.00649833679199219 -0.222488403320312 0.231826782226563
0.0513114929199219 -0.00330734252929687 -0.247650146484375 -0.140853881835938
0.0258617401123047 0.0152492523193359 -0.00280761718750003 -0.529998779296875
-0.0278396606445313 0.0225734710693359 0.550323486328125 -0.49853515625
-0.0781631469726563 -0.0563583374023437 0.83441162109375 0.2718505859375
-0.06207275390625 -0.219955444335938 0.34429931640625 0.90740966796875
0.0835418701171875 -0.243148803710938 -0.111083984375 0.60052490234375
0.149673461914063 -0.2327880859375 0.0838165283203125 -0.085906982421875
-0.0273895263671875 -0.227279663085938 -0.13323974609375 -0.73895263671875
-0.11328125 -0.127914428710938 -0.7972412109375 -0.50677490234375
-0.0705642700195313 -0.0114517211914062 -0.716064453125 0.35919189453125
6.67572021484385E-05 0.020477294921875 -0.04718017578125 0.6282958984375
0.0291500091552734 0.00128555297851563 0.318572998046875 0.362548828125
0.0416336059570313 0.00743865966796875 0.366790771484375 -0.0513916015625
0.0430068969726563 0.00768661499023437 0.222824096679688 -0.278091430664063
-0.0741729736328125 -0.0591583251953125 -0.2222900390625 0.269302368164063
-0.0172004699707031 -0.0342483520507813 -0.31927490234375 -0.00765991210937495
-0.0226840972900391 -0.0276565551757813 -0.209808349609375 -0.437530517578125
0.0117301940917969 0.00500869750976562 0.2451171875 -0.65960693359375
0.071441650390625 0.0434112548828125 0.8094482421875 -0.1478271484375
0.0934066772460938 0.11370849609375 0.70703125 0.6343994140625
0.01934814453125 0.2291259765625 0.1170654296875 0.70281982421875
-0.115615844726563 0.2476806640625 0.0601348876953125 0.0805511474609375
-0.00736999511718752 0.228546142578125 0.12420654296875 -0.67767333984375
0.0919647216796875 0.121635437011719 -0.52557373046875 -0.8590087890625
0.0704803466796875 0.0390701293945313 -0.89068603515625 -0.03155517578125
0.0135641098022461 -0.00318145751953125 -0.37017822265625 0.5850830078125
-0.0130062103271484 -0.0293598175048828 0.112091064453125 0.488983154296875
-0.0383567810058594 -0.0222663879394531 0.322296142578125 0.068756103515625
-0.0594444274902344 -0.0349349975585938 0.233734130859375 -0.247802734375
-0.0696792602539063 -0.0585403442382812 -0.229522705078125 0.254959106445313
-0.0103130340576172 -0.0286598205566406 -0.287628173828125 -0.0733032226562499
-0.0167350769042969 -0.0205936431884766 -0.096282958984375 -0.507049560546875
0.0104284286499023 0.0164461135864258 0.42230224609375 -0.61114501953125
0.0549736022949219 0.0586662292480469 0.85784912109375 0.06890869140625
0.0642318725585937 0.131950378417969 0.543212890625 0.80712890625
-0.01336669921875 0.236358642578125 0.00177001953124994 0.65325927734375
-0.10986328125 0.24298095703125 0.0948028564453125 -0.03192138671875
0.0237884521484375 0.206512451171875 -0.00634765625000001 -0.74920654296875
0.100532531738281 0.0847625732421875 -0.7122802734375 -0.691650390625
0.055755615234375 0.0177040100097656 -0.822509765625 0.197265625
0.00318098068237305 -0.000145673751831055 -0.1888427734375 0.62554931640625
-0.0158557891845703 -0.0215950012207031 0.230255126953125 0.4205322265625
-0.0358505249023438 -0.0139808654785156 0.3448486328125 0.006561279296875
-0.0574111938476563 -0.0322647094726563 0.216476440429688 -0.26458740234375
-0.05792236328125 -0.0525016784667969 -0.23052978515625 0.23858642578125
-0.000986099243164064 -0.0185737609863281 -0.248565673828125 -0.132919311523437
-0.0110740661621094 -0.0109329223632813 0.0175476074218749 -0.548675537109375
0.00244522094726563 0.0255031585693359 0.57366943359375 -0.51715087890625
0.0271148681640625 0.05914306640625 0.84600830078125 0.29217529296875
0.0261611938476562 0.114067077636719 0.34735107421875 0.93170166015625
-0.0341033935546875 0.200042724609375 -0.0943603515625 0.58551025390625
-0.0821533203125 0.198638916015625 0.124137878417969 -0.132087707519531
0.0384674072265625 0.150558471679688 -0.13818359375 -0.781494140625
0.0822067260742188 0.0401687622070313 -0.830810546875 -0.50982666015625
0.0300254821777344 0.00369453430175781 -0.71661376953125 0.3721923828125
-0.00341415405273438 0.00677824020385742 -0.0285034179687499 0.621337890625
-0.0124607086181641 -0.0120277404785156 0.321075439453125 0.342987060546875
-0.0268802642822266 -0.00533485412597656 0.35491943359375 -0.05059814453125
-0.0481834411621094 -0.0262565612792969 0.200637817382813 -0.276779174804688
-0.0434226989746094 -0.0428123474121094 -0.230117797851563 0.224945068359375
0.008331298828125 -0.0095367431640625 -0.213485717773438 -0.175582885742188
-0.00609016418457031 -0.00122165679931641 0.11114501953125 -0.56243896484375
-0.0121917724609375 0.0275917053222656 0.67449951171875 -0.41461181640625
-0.00405502319335937 0.0367164611816406 0.794921875 0.46435546875
-0.000183105468750006 0.0570831298828125 0.17352294921875 0.99456787109375
-0.0243682861328125 0.126800537109375 -0.155975341796875 0.5244140625
-0.0393753051757813 0.123886108398438 0.14117431640625 -0.204498291015625
0.0295181274414062 0.0768356323242188 -0.24029541015625 -0.7857666015625
0.0418624877929688 0.00278472900390625 -0.888671875 -0.36328125
0.00507831573486328 0.000293731689453125 -0.61474609375 0.4786376953125
-0.00360012054443359 0.0132389068603516 0.0895996093750001 0.5953369140625
-0.0042881965637207 -0.00502634048461914 0.379302978515625 0.275115966796875
-0.0124902725219727 0.00128841400146484 0.357269287109375 -0.096282958984375
-0.0304718017578125 -0.0188579559326172 0.18829345703125 -0.2857666015625
-0.0257644653320313 -0.0306301116943359 -0.227005004882813 0.215972900390625
0.0200729370117188 -0.0019683837890625 -0.192855834960938 -0.198715209960938
-0.00242328643798828 0.00773715972900391 0.15582275390625 -0.56109619140625
-0.0255641937255859 0.0231952667236328 0.7166748046875 -0.346923828125
-0.02801513671875 -0.00171089172363281 0.74951171875 0.5540771484375
-0.00693702697753906 -0.0275287628173828 0.07098388671875 1.01385498046875
0.0173549652099609 0.0289154052734375 -0.18798828125 0.486541748046875
0.0128688812255859 0.027618408203125 0.1463623046875 -0.237716674804687
0.00540733337402344 -0.00408458709716797 -0.2972412109375 -0.77667236328125
-0.00753402709960937 -0.0260066986083984 -0.9061279296875 -0.2821044921875
-0.0169000625610352 0.00391387939453125 -0.554962158203125 0.525909423828125
0.000450134277343751 0.0186882019042969 0.14752197265625 0.57391357421875
0.007110595703125 -0.00126791000366211 0.40557861328125 0.238250732421875
0.00499677658081055 0.00509119033813477 0.3587646484375 -0.120574951171875
-0.00899028778076172 -0.0105371475219727 0.183380126953125 -0.289520263671875
-0.00840377807617188 -0.0185661315917969 -0.223785400390625 0.214950561523438
0.0323410034179688 0.00234603881835938 -0.194686889648438 -0.198883056640625
0.00445270538330078 0.0140628814697266 0.14764404296875 -0.556243896484375
-0.0343818664550781 0.0177440643310547 0.70892333984375 -0.34564208984375
-0.0487060546875 -0.0397796630859375 0.75079345703125 0.54620361328125
-0.0071563720703125 -0.118171691894531 0.0716552734375 1.00604248046875
0.0675277709960938 -0.07672119140625 -0.192413330078125 0.4915771484375
0.0668716430664063 -0.07373046875 0.135665893554688 -0.227096557617188
-0.0222702026367188 -0.0841598510742188 -0.29461669921875 -0.77056884765625
-0.0572166442871094 -0.0521926879882812 -0.899169921875 -0.2799072265625
-0.036590576171875 0.0081329345703125 -0.553070068359375 0.525421142578125
0.00419044494628906 0.0212020874023438 0.14471435546875 0.5775146484375
0.018280029296875 0.00069427490234375 0.408050537109375 0.239837646484375
0.0217952728271484 0.00699043273925781 0.360076904296875 -0.1241455078125
0.0129690170288086 -0.00199604034423828 0.186065673828125 -0.2918701171875
0.00937271118164063 -0.0104589462280273 -0.222518920898438 0.221572875976563
0.0433616638183594 0.00145339965820313 -0.216033935546875 -0.178985595703125
0.0143795013427734 0.0173635482788086 0.088592529296875 -0.55194091796875
-0.0349025726318359 0.0180835723876953 0.653564453125 -0.40887451171875
-0.0666389465332031 -0.0605545043945313 0.79718017578125 0.44354248046875
-0.0255584716796875 -0.18963623046875 0.17974853515625 0.9818115234375
0.0937042236328125 -0.175140380859375 -0.1668701171875 0.5355224609375
0.1141357421875 -0.1666259765625 0.113906860351563 -0.173965454101563
-0.0375518798828125 -0.1612548828125 -0.24169921875 -0.76068115234375
-0.0964889526367188 -0.0855712890625 -0.872314453125 -0.35888671875
-0.0557899475097656 0.00347900390625 -0.61322021484375 0.47930908203125
0.00465965270996094 0.0221652984619141 0.0814208984375001 0.6025390625
0.0256023406982422 0.00115585327148438 0.3824462890625 0.28387451171875
0.0345172882080078 0.00758552551269531 0.36492919921875 -0.10137939453125
0.0312137603759766 0.00354766845703125 0.200897216796875 -0.28948974609375
0.0210418701171875 -0.00523757934570313 -0.21978759765625 0.236373901367187
0.051239013671875 -0.00391769409179687 -0.250503540039063 -0.138992309570313
0.0245170593261719 0.0151920318603516 -0.011749267578125 -0.532958984375
-0.0267543792724609 0.0235099792480469 0.5465087890625 -0.50933837890625
-0.0797119140625 -0.05615234375 0.84271240234375 0.2611083984375
-0.06494140625 -0.22052001953125 0.3580322265625 0.9090576171875
0.0809783935546875 -0.244277954101562 -0.10565185546875 0.60528564453125
0.148574829101563 -0.234832763671875 0.0833511352539063 -0.0873641967773438
-0.0305328369140625 -0.226272583007813 -0.14288330078125 -0.74224853515625
-0.114830017089844 -0.126693725585937 -0.8062744140625 -0.49993896484375
-0.0719375610351563 -0.0102767944335938 -0.71624755859375 0.36883544921875
-0.000278472900390624 0.0213356018066406 -0.04150390625 0.63250732421875
0.0288887023925781 0.00119209289550781 0.322998046875 0.358612060546875
0.04144287109375 0.00679397583007813 0.365081787109375 -0.05694580078125
0.043212890625 0.00844192504882813 0.2200927734375 -0.282623291015625
-0.0757904052734375 -0.0576324462890625 -0.217987060546875 0.2744140625
-0.0189476013183594 -0.03558349609375 -0.320220947265625 -0.00335693359374999
-0.0236492156982422 -0.0266532897949219 -0.217529296875 -0.434661865234375
0.0130825042724609 0.00607395172119141 0.23541259765625 -0.66632080078125
0.0715713500976563 0.0415496826171875 0.810546875 -0.16156005859375
0.0944137573242188 0.11181640625 0.71905517578125 0.6290283203125
0.0224761962890625 0.229629516601563 0.12738037109375 0.70458984375
-0.113143920898438 0.251876831054688 0.061279296875 0.0813980102539063
-0.00437927246093749 0.230743408203125 0.1180419921875 -0.682373046875
0.0929107666015625 0.120429992675781 -0.5384521484375 -0.8553466796875
0.0706024169921875 0.0387954711914063 -0.8956298828125 -0.0213623046875
0.0136127471923828 -0.00319099426269531 -0.36474609375 0.59088134765625
-0.0137481689453125 -0.0286102294921875 0.1192626953125 0.488677978515625
-0.0392608642578125 -0.0218048095703125 0.323760986328125 0.063751220703125
-0.0612831115722656 -0.0333251953125 0.2308349609375 -0.252548217773438
-0.0709609985351562 -0.0567474365234375 -0.225372314453125 0.259246826171875
-0.0126399993896484 -0.0285224914550781 -0.28961181640625 -0.069305419921875
-0.0165996551513672 -0.0201435089111328 -0.1064453125 -0.508270263671875
0.0111799240112305 0.017491340637207 0.414306640625 -0.61920166015625
0.0566825866699219 0.0573158264160156 0.86212158203125 0.0589599609375
0.0666961669921875 0.13043212890625 0.5592041015625 0.8031005859375
-0.00988769531250001 0.23760986328125 0.00903320312500006 0.65582275390625
-0.107040405273438 0.24603271484375 0.0941314697265625 -0.0327682495117187
0.0268707275390625 0.2078857421875 -0.01702880859375 -0.75189208984375
0.101997375488281 0.0831832885742188 -0.7213134765625 -0.6856689453125
0.0555267333984375 0.0169563293457031 -0.8250732421875 0.20916748046875
0.00320768356323242 -0.000137567520141602 -0.18212890625 0.6292724609375
-0.0169315338134766 -0.0216770172119141 0.236602783203125 0.417877197265625
-0.0371894836425781 -0.0127716064453125 0.34521484375 0.001007080078125
-0.0592079162597656 -0.03082275390625 0.213653564453125 -0.267898559570313
-0.0598068237304687 -0.0499839782714844 -0.227569580078125 0.242507934570313
-0.00202751159667969 -0.0196743011474609 -0.251693725585937 -0.130233764648438
-0.0110750198364258 -0.0104303359985352 0.011138916015625 -0.550079345703125
0.00355720520019531 0.0263290405273438 0.56854248046875 -0.52874755859375
0.0272712707519531 0.0578765869140625 0.85321044921875 0.283203125
0.0282135009765625 0.112876892089844 0.36395263671875 0.9320068359375
-0.0316619873046875 0.202117919921875 -0.08697509765625 0.59051513671875
-0.080108642578125 0.201889038085938 0.122383117675781 -0.133651733398438
0.0409698486328125 0.150466918945312 -0.14947509765625 -0.782958984375
0.0830535888671875 0.0394363403320313 -0.84088134765625 -0.5032958984375
0.0305595397949219 0.00350761413574219 -0.71673583984375 0.38311767578125
-0.00279092788696289 0.00636672973632813 -0.01959228515625 0.623046875
-0.0133886337280273 -0.0128307342529297 0.326507568359375 0.3385009765625
-0.0278205871582031 -0.00585365295410156 0.35467529296875 -0.057220458984375
-0.04913330078125 -0.0249862670898438 0.197372436523438 -0.280670166015625
-0.0437164306640625 -0.0410270690917969 -0.225204467773437 0.228897094726563
0.00830078125 -0.00992488861083985 -0.215408325195312 -0.174392700195313
-0.00633049011230469 -0.000257968902587892 0.10198974609375 -0.56524658203125
-0.0106201171875 0.0284156799316406 0.669921875 -0.4273681640625
-0.00397872924804688 0.0359725952148437 0.80389404296875 0.455810546875
4.57763671875002E-05 0.0563316345214844 0.18658447265625 0.997314453125
-0.0227813720703125 0.127922058105469 -0.150604248046875 0.528656005859375
-0.0382003784179687 0.125930786132812 0.138153076171875 -0.205581665039063
0.030059814453125 0.0773696899414063 -0.25262451171875 -0.78546142578125
0.0430984497070312 0.001739501953125 -0.896240234375 -0.35302734375
0.00488710403442383 0.000899314880371094 -0.6123046875 0.48834228515625
-0.00366592407226563 0.0134983062744141 0.0972900390625 0.59649658203125
-0.00457620620727539 -0.00591707229614258 0.383514404296875 0.27081298828125
-0.0133199691772461 0.0015716552734375 0.35662841796875 -0.10186767578125
-0.0317630767822266 -0.0174026489257813 0.184844970703125 -0.288818359375
-0.0264244079589844 -0.0284576416015625 -0.223587036132812 0.219573974609375
0.0196266174316406 -0.00281143188476563 -0.19610595703125 -0.196548461914062
-0.002227783203125 0.00808286666870117 0.1494140625 -0.56524658203125
-0.0250835418701172 0.0239315032958984 0.712646484375 -0.35870361328125
-0.0290889739990234 -0.00175666809082031 0.75982666015625 0.54718017578125
-0.00706863403320312 -0.0287628173828125 0.0864868164062499 1.01519775390625
0.01763916015625 0.0296077728271484 -0.181976318359375 0.4921875
0.0134239196777344 0.0283584594726562 0.144012451171875 -0.239303588867187
0.00499916076660156 -0.00411653518676758 -0.30474853515625 -0.776611328125
-0.00835990905761719 -0.0261554718017578 -0.913818359375 -0.26947021484375
-0.0167627334594727 0.00446224212646484 -0.551239013671875 0.5367431640625
0.000312805175781249 0.0185108184814453 0.15423583984375 0.5736083984375
0.00719308853149414 -0.00133657455444336 0.410064697265625 0.23223876953125
0.00494003295898438 0.00594425201416016 0.356719970703125 -0.125518798828125
-0.009124755859375 -0.00919246673583984 0.179290771484375 -0.293670654296875
-0.00840091705322266 -0.0173206329345703 -0.220367431640625 0.218597412109375
0.0317554473876953 0.0013275146484375 -0.19744873046875 -0.197677612304687
0.00496959686279297 0.0144071578979492 0.139129638671875 -0.56182861328125
-0.0339279174804688 0.0183277130126953 0.70556640625 -0.35675048828125
-0.0488052368164063 -0.0395088195800781 0.7596435546875 0.53863525390625
-0.00941467285156249 -0.118850708007813 0.0853271484374999 1.00994873046875
0.0665206909179688 -0.07757568359375 -0.185516357421875 0.495330810546875
0.0667953491210938 -0.07366943359375 0.133834838867188 -0.229583740234375
-0.0239715576171875 -0.084320068359375 -0.30682373046875 -0.7686767578125
-0.0583076477050781 -0.0518341064453125 -0.9061279296875 -0.26910400390625
-0.0362625122070313 0.00784301757812501 -0.55029296875 0.53533935546875
0.0048828125 0.0213737487792969 0.1514892578125 0.576416015625
0.0179958343505859 0.000749588012695313 0.41107177734375 0.23333740234375
0.0215358734130859 0.00672531127929688 0.358306884765625 -0.12860107421875
0.0121126174926758 -0.00123405456542969 0.182464599609375 -0.29583740234375
0.00830173492431641 -0.00924301147460938 -0.219390869140625 0.226516723632812
0.0430641174316406 0.000713348388671875 -0.22015380859375 -0.176544189453125
0.0134134292602539 0.0173559188842773 0.080291748046875 -0.55523681640625
-0.0348472595214844 0.0193233489990234 0.64935302734375 -0.42059326171875
-0.067230224609375 -0.0603713989257813 0.80462646484375 0.43499755859375
-0.0286102294921875 -0.189163208007813 0.1925048828125 0.98272705078125
0.0925750732421875 -0.1771240234375 -0.159942626953125 0.538482666015625
0.112777709960938 -0.167861938476563 0.112838745117187 -0.176651000976563
-0.04071044921875 -0.160049438476563 -0.25140380859375 -0.76055908203125
-0.0978927612304687 -0.08441162109375 -0.87872314453125 -0.34832763671875
-0.0554847717285156 0.00446701049804688 -0.6099853515625 0.48773193359375
0.00536346435546875 0.0219039916992188 0.0901489257812499 0.60406494140625
0.0249004364013672 0.00104522705078125 0.386932373046875 0.278717041015625
0.0341148376464844 0.00724983215332031 0.363372802734375 -0.106689453125
0.0324306488037109 0.00452613830566406 0.19830322265625 -0.292694091796875
0.0215015411376953 -0.00440406799316406 -0.216522216796875 0.239944458007813
0.0511550903320313 -0.0048980712890625 -0.25341796875 -0.135757446289062
0.0253868103027344 0.0143318176269531 -0.0186767578125 -0.5338134765625
-0.0258655548095703 0.0232677459716797 0.540069580078125 -0.517822265625
-0.0813751220703125 -0.0564956665039062 0.849853515625 0.24896240234375
-0.0696563720703125 -0.221176147460938 0.37091064453125 0.90850830078125
0.0786895751953125 -0.246902465820313 -0.0972900390625 0.609130859375
0.146270751953125 -0.236724853515625 0.0828018188476563 -0.0880050659179688
-0.0336151123046875 -0.226272583007813 -0.15411376953125 -0.7418212890625
-0.118072509765625 -0.125114440917969 -0.81524658203125 -0.4921875
-0.072265625 -0.00966644287109374 -0.71533203125 0.38031005859375
0.00157737731933594 0.0210418701171875 -0.032470703125 0.63470458984375
0.0286788940429687 0.00110435485839844 0.330810546875 0.35595703125
0.0410346984863281 0.0059814453125 0.3668212890625 -0.062713623046875
0.0440483093261719 0.0081329345703125 0.216339111328125 -0.2869873046875
-0.0779647827148437 -0.0556106567382813 -0.213088989257813 0.278350830078125
-0.019744873046875 -0.0352020263671875 -0.32012939453125 0.000946044921874962
-0.0234756469726563 -0.0265464782714844 -0.22515869140625 -0.433502197265625
0.0130729675292969 0.00590229034423828 0.224853515625 -0.67242431640625
0.072265625 0.0397109985351563 0.810546875 -0.1739501953125
0.09649658203125 0.109359741210938 0.7301025390625 0.6192626953125
0.0261077880859375 0.2291259765625 0.138916015625 0.70440673828125
-0.110519409179688 0.253982543945313 0.0618362426757812 0.080413818359375
-0.00263977050781251 0.2305908203125 0.109375 -0.6861572265625
0.0950698852539063 0.120193481445313 -0.551513671875 -0.85015869140625
0.072021484375 0.03814697265625 -0.8988037109375 -0.00799560546875004
0.0139589309692383 -0.00302028656005859 -0.3590087890625 0.596923828125
-0.0156230926513672 -0.0295238494873047 0.125762939453125 0.487335205078125
-0.0400772094726563 -0.0207672119140625 0.32513427734375 0.05859375
-0.0624542236328125 -0.0308761596679688 0.226943969726563 -0.256423950195313
-0.0724258422851563 -0.0538253784179688 -0.22088623046875 0.264236450195313
-0.0138626098632813 -0.0285930633544922 -0.29083251953125 -0.0659484863281251
-0.0175991058349609 -0.0202770233154297 -0.1121826171875 -0.5074462890625
0.0123777389526367 0.0173921585083008 0.4056396484375 -0.62640380859375
0.0566825866699219 0.0567588806152344 0.8658447265625 0.0430908203125
0.0690078735351563 0.128921508789062 0.57147216796875 0.7962646484375
-0.0067291259765625 0.23809814453125 0.0191650390625 0.65753173828125
-0.103744506835938 0.2489013671875 0.09381103515625 -0.033935546875
0.0288238525390625 0.207351684570313 -0.0263671875000001 -0.75311279296875
0.102699279785156 0.0821762084960938 -0.734619140625 -0.67669677734375
0.0559234619140625 0.0160980224609375 -0.826416015625 0.2218017578125
0.00354480743408203 0.000321626663208008 -0.1734619140625 0.63311767578125
-0.0179576873779297 -0.0215969085693359 0.241180419921875 0.4151611328125
-0.0378341674804688 -0.0125083923339844 0.34521484375 -0.004180908203125
-0.0609054565429688 -0.0287208557128906 0.2100830078125 -0.271896362304688
-0.0604209899902344 -0.0484619140625 -0.22271728515625 0.247268676757813
-0.00359344482421875 -0.0199775695800781 -0.253036499023438 -0.127243041992187
-0.0107908248901367 -0.0107641220092773 0.00158691406250006 -0.552642822265625
0.00376510620117188 0.0266265869140625 0.56231689453125 -0.53973388671875
0.0274696350097656 0.057098388671875 0.85943603515625 0.2686767578125
0.0291290283203125 0.112701416015625 0.3779296875 0.92724609375
-0.029205322265625 0.203521728515625 -0.07830810546875 0.59326171875
-0.0768585205078125 0.204010009765625 0.120803833007812 -0.135917663574219
0.0432891845703125 0.15008544921875 -0.1602783203125 -0.782958984375
0.0834884643554688 0.0379867553710938 -0.85003662109375 -0.490966796875
0.0303478240966797 0.00295257568359375 -0.71466064453125 0.39300537109375
-0.00330066680908203 0.00715208053588867 -0.01239013671875 0.6246337890625
-0.0138835906982422 -0.0124979019165039 0.3314208984375 0.3343505859375
-0.0277824401855469 -0.00403022766113281 0.354034423828125 -0.0626220703125
-0.0505638122558594 -0.0223503112792969 0.1925048828125 -0.28350830078125
-0.0441207885742188 -0.03887939453125 -0.221572875976563 0.232574462890625
0.00755691528320312 -0.00980377197265625 -0.219100952148437 -0.172073364257812
-0.0067744255065918 -0.000328063964843749 0.09490966796875 -0.5687255859375
-0.0102367401123047 0.0285816192626953 0.6639404296875 -0.43780517578125
-0.00327301025390625 0.0360488891601562 0.8125 0.44512939453125
0.00111007690429688 0.0559577941894531 0.20416259765625 0.99615478515625
-0.0213546752929688 0.128868103027344 -0.14385986328125 0.531280517578125
-0.0357894897460937 0.127700805664063 0.13714599609375 -0.208450317382812
0.0315170288085938 0.0772323608398438 -0.2620849609375 -0.7850341796875
0.0428085327148438 0.00081634521484375 -0.90386962890625 -0.34136962890625
0.00509548187255859 0.000701904296875 -0.60675048828125 0.4989013671875
-0.00272655487060547 0.0135974884033203 0.10467529296875 0.59442138671875
-0.00400114059448242 -0.00530624389648437 0.3880615234375 0.264007568359375
-0.0132045745849609 0.00192070007324219 0.355560302734375 -0.106689453125
-0.0320701599121094 -0.0159320831298828 0.18084716796875 -0.29241943359375
-0.0264091491699219 -0.0274295806884766 -0.218994140625 0.222991943359375
0.0187759399414063 -0.00201797485351563 -0.199188232421875 -0.195526123046875
-0.00164127349853516 0.00824546813964844 0.141845703125 -0.56976318359375
-0.0240840911865234 0.02423095703125 0.710205078125 -0.370849609375
-0.0289478302001953 -0.00226974487304688 0.7696533203125 0.53656005859375
-0.0078887939453125 -0.0286426544189453 0.1004638671875 1.017578125
0.0181102752685547 0.0295352935791016 -0.17547607421875 0.4957275390625
0.0146217346191406 0.0301589965820313 0.141448974609375 -0.241592407226563
0.00466060638427734 -0.00361108779907227 -0.31951904296875 -0.77362060546875
-0.0084228515625 -0.0257682800292969 -0.918212890625 -0.25738525390625
-0.0170679092407227 0.0049276351928711 -0.5458984375 0.5450439453125
0.00147438049316406 0.0188732147216797 0.1612548828125 0.57275390625
0.00664234161376953 -0.00150442123413086 0.41387939453125 0.2249755859375
0.00362586975097656 0.00503349304199219 0.355712890625 -0.131011962890625
-0.00982856750488281 -0.00835514068603515 0.175689697265625 -0.297393798828125
-0.00864028930664062 -0.0160732269287109 -0.215652465820313 0.221603393554688
0.0312633514404297 0.001190185546875 -0.201141357421875 -0.19573974609375
0.00443363189697266 0.0148591995239258 0.1314697265625 -0.56524658203125
-0.0326824188232422 0.0197582244873047 0.70159912109375 -0.3671875
-0.0493736267089844 -0.0399513244628906 0.76971435546875 0.5299072265625
-0.0120086669921875 -0.11810302734375 0.10137939453125 1.01348876953125
0.0656890869140625 -0.0778884887695313 -0.179534912109375 0.4990234375
0.0666732788085938 -0.074554443359375 0.132125854492187 -0.231491088867187
-0.02471923828125 -0.0832443237304688 -0.31689453125 -0.76708984375
-0.0597648620605469 -0.05108642578125 -0.9112548828125 -0.2579345703125
-0.0364112854003906 0.00852966308593749 -0.5426025390625 0.544158935546875
0.00539207458496094 0.0214080810546875 0.160400390625 0.57537841796875
0.0172586441040039 0.00022125244140625 0.415679931640625 0.228851318359375
0.0212078094482422 0.0072784423828125 0.355865478515625 -0.134307861328125
0.0131855010986328 -0.000820159912109375 0.17962646484375 -0.298126220703125
0.00859451293945313 -0.00856971740722656 -0.214630126953125 0.2298583984375
0.0427742004394531 0.000354766845703125 -0.223281860351563 -0.174209594726562
0.0142173767089844 0.0171089172363281 0.0716857910156251 -0.556182861328125
-0.033203125 0.0196323394775391 0.64471435546875 -0.43084716796875
-0.0693473815917969 -0.059906005859375 0.8125 0.42315673828125
-0.0323333740234375 -0.189651489257812 0.2049560546875 0.98297119140625
0.089324951171875 -0.177719116210938 -0.154205322265625 0.541351318359375
0.11248779296875 -0.169601440429688 0.110610961914062 -0.177459716796875
-0.042633056640625 -0.159393310546875 -0.264404296875 -0.75848388671875
-0.100410461425781 -0.0828170776367188 -0.88751220703125 -0.33709716796875
-0.0558738708496094 0.00617980957031249 -0.60662841796875 0.49859619140625
0.00575447082519532 0.0220317840576172 0.0972900390624999 0.60467529296875
0.0259075164794922 0.000425338745117188 0.39215087890625 0.274627685546875
0.0344047546386719 0.00586318969726563 0.362701416015625 -0.111663818359375
0.032684326171875 0.00501060485839844 0.193511962890625 -0.2965087890625
0.0211696624755859 -0.00350379943847656 -0.211502075195312 0.243927001953125
0.0508842468261719 -0.00517654418945313 -0.2564697265625 -0.131866455078125
0.0250682830810547 0.0145263671875 -0.027069091796875 -0.53411865234375
-0.0249710083007812 0.0234527587890625 0.53515625 -0.526153564453125
-0.0818328857421875 -0.0557098388671875 0.8544921875 0.23809814453125
-0.0728912353515625 -0.220535278320313 0.38519287109375 0.9056396484375
0.0753326416015625 -0.247772216796875 -0.08880615234375 0.61065673828125
0.144744873046875 -0.23846435546875 0.0826187133789063 -0.0893096923828125
-0.0366668701171875 -0.224945068359375 -0.1639404296875 -0.74298095703125
-0.119293212890625 -0.123764038085938 -0.82513427734375 -0.48431396484375
-0.0725479125976563 -0.00910186767578126 -0.71136474609375 0.39019775390625
0.000507354736328125 0.0205326080322266 -0.0245971679687501 0.6370849609375
0.0285682678222656 0.000879287719726563 0.335693359375 0.352294921875
0.0411911010742188 0.006378173828125 0.364776611328125 -0.066619873046875
0.0446014404296875 0.00880050659179688 0.212188720703125 -0.289886474609375
-0.0786056518554688 -0.0534133911132812 -0.207733154296875 0.28204345703125
-0.0217227935791016 -0.0348320007324219 -0.319488525390625 0.00558471679687497
-0.0241546630859375 -0.0262718200683594 -0.230712890625 -0.43109130859375
0.0134754180908203 0.00676918029785156 0.2138671875 -0.67694091796875
0.0730972290039063 0.0385971069335938 0.81134033203125 -0.18798828125
0.0988082885742188 0.107063293457031 0.74053955078125 0.61004638671875
0.02886962890625 0.228866577148438 0.148193359375 0.70379638671875
-0.10638427734375 0.257293701171875 0.0624771118164062 0.0799102783203125
0.000427246093749977 0.230926513671875 0.098876953125 -0.6856689453125
0.0968399047851563 0.118247985839844 -0.56298828125 -0.84173583984375
0.0730819702148438 0.0364608764648438 -0.8994140625 0.00439453125000008
0.0133190155029297 -0.00324058532714844 -0.349609375 0.60107421875
-0.0167579650878906 -0.029144287109375 0.131988525390625 0.485809326171875
-0.0410995483398438 -0.019561767578125 0.32476806640625 0.0526123046875
-0.0635261535644531 -0.0288314819335937 0.223175048828125 -0.26031494140625
-0.0735397338867188 -0.0518569946289062 -0.215057373046875 0.266677856445313
-0.0155410766601562 -0.0285606384277344 -0.29058837890625 -0.06201171875
-0.0177955627441406 -0.019378662109375 -0.120758056640625 -0.507232666015625
0.0131855010986328 0.0179424285888672 0.395263671875 -0.63592529296875
0.0569000244140625 0.0550308227539063 0.86773681640625 0.02972412109375
0.0701675415039063 0.127471923828125 0.5853271484375 0.78802490234375
-0.00369262695312501 0.23919677734375 0.02972412109375 0.6595458984375
-0.100418090820313 0.251556396484375 0.092803955078125 -0.0348739624023437
0.0313262939453125 0.20660400390625 -0.03619384765625 -0.75396728515625
0.103553771972656 0.0807342529296875 -0.7445068359375 -0.66546630859375
0.0565910339355469 0.0157508850097656 -0.82073974609375 0.23291015625
0.00349617004394531 -0.0004425048828125 -0.1666259765625 0.63421630859375
-0.0179424285888672 -0.0219745635986328 0.248077392578125 0.41204833984375
-0.0389289855957031 -0.0120468139648438 0.3443603515625 -0.009735107421875
-0.0614013671875 -0.025360107421875 0.206024169921875 -0.275070190429688
-0.0626182556152344 -0.045684814453125 -0.21759033203125 0.250320434570313
-0.00405120849609375 -0.0202198028564453 -0.254425048828125 -0.123550415039062
-0.0117177963256836 -0.00997638702392578 -0.00741577148437503 -0.553497314453125
0.00495147705078125 0.0278072357177734 0.552764892578125 -0.5472412109375
0.0282325744628906 0.0558586120605469 0.863037109375 0.25360107421875
0.0298538208007812 0.111412048339844 0.3912353515625 0.924072265625
-0.0262908935546875 0.203765869140625 -0.0691528320312501 0.59521484375
-0.07440185546875 0.206649780273438 0.118095397949219 -0.136375427246094
0.043548583984375 0.150238037109375 -0.17218017578125 -0.7816162109375
0.0835647583007813 0.03643798828125 -0.85736083984375 -0.479736328125
0.0309123992919922 0.00273323059082031 -0.7093505859375 0.40472412109375
-0.00270462036132813 0.00678157806396484 -0.00299072265624997 0.62322998046875
-0.0142641067504883 -0.012761116027832 0.336395263671875 0.3287353515625
-0.0288200378417969 -0.00425338745117187 0.352020263671875 -0.068145751953125
-0.0504646301269531 -0.0204505920410156 0.18902587890625 -0.287200927734375
-0.0458297729492188 -0.037322998046875 -0.216690063476563 0.236221313476562
0.00632572174072266 -0.0105218887329102 -0.221466064453125 -0.169204711914062
-0.00712919235229492 -0.000508785247802733 0.08416748046875 -0.57183837890625
-0.0087127685546875 0.0290756225585937 0.65692138671875 -0.44927978515625
-0.00291061401367187 0.0353431701660156 0.81732177734375 0.43316650390625
0.001556396484375 0.0562782287597656 0.2181396484375 0.99346923828125
-0.019317626953125 0.129486083984375 -0.135009765625 0.53387451171875
-0.0334243774414063 0.128807067871094 0.134429931640625 -0.209869384765625
0.0324249267578125 0.0769271850585937 -0.27471923828125 -0.7813720703125
0.0421829223632813 0.000347137451171875 -0.90863037109375 -0.327880859375
0.00510978698730469 0.00124025344848633 -0.6016845703125 0.507568359375
-0.00261497497558594 0.0133695602416992 0.112548828125 0.59368896484375
-0.00551605224609375 -0.00652265548706055 0.3914794921875 0.257537841796875
-0.0139808654785156 0.00204944610595703 0.352935791015625 -0.11328125
-0.0326004028320313 -0.0145397186279297 0.176025390625 -0.294525146484375
-0.0271053314208984 -0.0253810882568359 -0.214248657226563 0.225128173828125
0.0181407928466797 -0.00240898132324219 -0.201736450195313 -0.193328857421875
-0.00232410430908203 0.00890922546386719 0.13128662109375 -0.57012939453125
-0.0229568481445313 0.0251522064208984 0.703369140625 -0.38031005859375
-0.0291843414306641 -0.00201797485351562 0.77777099609375 0.525390625
-0.00787353515625 -0.0285301208496094 0.1148681640625 1.01568603515625
0.0188045501708984 0.0295886993408203 -0.167266845703125 0.4971923828125
0.0153083801269531 0.0302581787109375 0.137893676757812 -0.24322509765625
0.00432181358337402 -0.00244450569152832 -0.33038330078125 -0.7696533203125
-0.00952529907226562 -0.0258712768554688 -0.92218017578125 -0.24578857421875
-0.0172443389892578 0.00522422790527343 -0.53851318359375 0.553253173828125
0.00170707702636719 0.0181789398193359 0.171142578125 0.56951904296875
0.0063328742980957 -0.000975131988525391 0.417022705078125 0.21942138671875
0.0040287971496582 0.00569391250610352 0.352020263671875 -0.136993408203125
-0.0098114013671875 -0.00667953491210937 0.171356201171875 -0.298736572265625
-0.00885391235351563 -0.014613151550293 -0.21112060546875 0.225494384765625
0.0305233001708984 0.00107002258300781 -0.204727172851563 -0.19293212890625
0.00459098815917969 0.0139675140380859 0.12310791015625 -0.56597900390625
-0.0316314697265625 0.0197277069091797 0.6949462890625 -0.37921142578125
-0.0502548217773438 -0.0393218994140625 0.77593994140625 0.5172119140625
-0.0137100219726563 -0.118301391601563 0.11444091796875 1.01104736328125
0.064727783203125 -0.0792770385742188 -0.171478271484375 0.501708984375
0.066131591796875 -0.07525634765625 0.1287841796875 -0.232162475585938
-0.0260696411132813 -0.0823287963867188 -0.32794189453125 -0.76239013671875
-0.0601577758789063 -0.0503005981445312 -0.91534423828125 -0.24334716796875
-0.0361404418945312 0.00918197631835938 -0.53570556640625 0.552978515625
0.00621795654296875 0.0207672119140625 0.1678466796875 0.57379150390625
0.0171794891357422 -0.000254631042480469 0.419708251953125 0.2210693359375
0.0206680297851563 0.00615882873535156 0.352874755859375 -0.13958740234375
0.0132274627685547 -6.67572021484375E-06 0.173919677734375 -0.300750732421875
0.0084834098815918 -0.00660324096679688 -0.210281372070313 0.2333984375
0.04248046875 8.392333984375E-05 -0.225784301757813 -0.17120361328125
0.0150346755981445 0.0171136856079102 0.0625305175781249 -0.55755615234375
-0.0331611633300781 0.019500732421875 0.63787841796875 -0.44073486328125
-0.0702857971191406 -0.059600830078125 0.81829833984375 0.41015625
-0.0349273681640625 -0.189208984375 0.21990966796875 0.978759765625
0.0876617431640625 -0.178512573242188 -0.14556884765625 0.544097900390625
0.110992431640625 -0.170501708984375 0.1087646484375 -0.179458618164063
-0.045440673828125 -0.158126831054688 -0.27410888671875 -0.755615234375
-0.101051330566406 -0.0802993774414062 -0.8914794921875 -0.32403564453125
-0.0555839538574219 0.00589752197265625 -0.5986328125 0.507080078125
0.00672721862792968 0.0217647552490234 0.10687255859375 0.60284423828125
0.0256233215332031 -0.000362396240234375 0.39599609375 0.26727294921875
0.0338020324707031 0.00525093078613281 0.360748291015625 -0.11822509765625
0.0338497161865234 0.00502204895019531 0.18829345703125 -0.29937744140625
0.0221614837646484 -0.00312614440917969 -0.20751953125 0.246627807617188
0.0502281188964844 -0.00532913208007813 -0.257659912109375 -0.12933349609375
0.0260658264160156 0.0148296356201172 -0.035797119140625 -0.533905029296875
-0.0244979858398437 0.0239009857177734 0.52490234375 -0.535308837890625
-0.08282470703125 -0.0557708740234375 0.85662841796875 0.2252197265625
-0.0771331787109375 -0.219268798828125 0.398193359375 0.90032958984375
0.07220458984375 -0.24774169921875 -0.08050537109375 0.61279296875
0.1419677734375 -0.240005493164062 0.0806503295898438 -0.0899429321289063
-0.0396270751953125 -0.224334716796875 -0.17437744140625 -0.74090576171875
-0.12158203125 -0.122100830078125 -0.832275390625 -0.4697265625
-0.0724563598632813 -0.00806427001953126 -0.70635986328125 0.402587890625
0.00108146667480469 0.0203857421875 -0.0151367187500001 0.63836669921875
0.0280399322509766 -0.00012969970703125 0.3397216796875 0.346527099609375
0.0416793823242188 0.00572586059570312 0.362823486328125 -0.073089599609375
0.0446014404296875 0.008697509765625 0.208465576171875 -0.29278564453125
-0.0801925659179688 -0.05072021484375 -0.20220947265625 0.28466796875
-0.0230464935302734 -0.0341358184814453 -0.317657470703125 0.01202392578125
-0.0246696472167969 -0.0260505676269531 -0.237060546875 -0.426513671875
0.0145177841186523 0.00727653503417969 0.203125 -0.67926025390625
0.07244873046875 0.0366363525390625 0.8057861328125 -0.2000732421875
0.099456787109375 0.104377746582031 0.749755859375 0.59808349609375
0.031707763671875 0.228912353515625 0.1578369140625 0.7008056640625
-0.1025390625 0.257568359375 0.063079833984375 0.0804443359375
0.00332641601562499 0.2305908203125 0.08880615234375 -0.68646240234375
0.0976791381835938 0.11602783203125 -0.574462890625 -0.8321533203125
0.073150634765625 0.035858154296875 -0.89874267578125 0.0162353515624999
0.0135736465454102 -0.00362968444824219 -0.34100341796875 0.60400390625
-0.0178623199462891 -0.0283699035644531 0.13861083984375 0.48193359375
-0.0420608520507813 -0.0191726684570312 0.32415771484375 0.047821044921875
-0.0638198852539062 -0.0266342163085938 0.218170166015625 -0.26300048828125
-0.075347900390625 -0.0502243041992188 -0.209060668945313 0.269989013671875
-0.01629638671875 -0.0284385681152344 -0.29071044921875 -0.056976318359375
-0.0189208984375 -0.0188159942626953 -0.128997802734375 -0.504058837890625
0.014556884765625 0.0178756713867187 0.38470458984375 -0.64056396484375
0.0577812194824219 0.0538864135742188 0.86492919921875 0.01568603515625
0.0711517333984375 0.124336242675781 0.59552001953125 0.78021240234375
-0.000564575195312498 0.238296508789063 0.0387573242187501 0.6571044921875
-0.0959930419921875 0.253433227539063 0.092620849609375 -0.0353317260742187
0.0342864990234375 0.205978393554688 -0.0483398437499999 -0.7513427734375
0.104820251464844 0.0789413452148438 -0.75390625 -0.6536865234375
0.0560989379882813 0.0148468017578125 -0.819580078125 0.24298095703125
0.00352311134338379 -0.000280141830444336 -0.15667724609375 0.63494873046875
-0.0194454193115234 -0.0210113525390625 0.252960205078125 0.407440185546875
-0.0395088195800781 -0.0112953186035156 0.342132568359375 -0.015869140625
-0.061553955078125 -0.0234870910644531 0.200851440429688 -0.277496337890625
-0.0635566711425781 -0.0439529418945313 -0.212570190429688 0.253082275390625
-0.00618362426757813 -0.0194034576416016 -0.254745483398438 -0.120315551757813
-0.0120487213134766 -0.00935649871826172 -0.017242431640625 -0.551910400390625
0.00574874877929688 0.0271968841552734 0.541839599609375 -0.555633544921875
0.0295639038085938 0.055267333984375 0.8665771484375 0.23919677734375
0.0321197509765625 0.110336303710938 0.4058837890625 0.91583251953125
-0.0240020751953125 0.203781127929688 -0.0601196289062501 0.593505859375
-0.0704498291015625 0.20819091796875 0.117080688476562 -0.137893676757812
0.0458984375 0.15008544921875 -0.18267822265625 -0.77740478515625
0.0840835571289063 0.0362014770507813 -0.86474609375 -0.4656982421875
0.0311927795410156 0.0030517578125 -0.70367431640625 0.414306640625
-0.00293111801147461 0.00656414031982422 0.00573730468750007 0.6234130859375
-0.0148811340332031 -0.0121250152587891 0.341522216796875 0.322509765625
-0.0292739868164062 -0.00306892395019531 0.3492431640625 -0.074310302734375
-0.0503997802734375 -0.0187606811523438 0.18365478515625 -0.28839111328125
-0.0464363098144531 -0.0353507995605469 -0.211257934570312 0.238174438476563
0.00490856170654297 -0.0106363296508789 -0.222915649414062 -0.16632080078125
-0.00675487518310547 3.29017639160152E-05 0.0753173828125 -0.5706787109375
-0.00834083557128906 0.0296134948730469 0.64764404296875 -0.457275390625
-0.00215339660644531 0.0350475311279297 0.823974609375 0.41741943359375
0.0013885498046875 0.054931640625 0.232177734375 0.98773193359375
-0.0177688598632812 0.1287841796875 -0.126678466796875 0.534820556640625
-0.032135009765625 0.129783630371094 0.131515502929688 -0.211212158203125
0.0338058471679687 0.0761489868164063 -0.2850341796875 -0.774658203125
0.0417098999023438 -0.00025177001953125 -0.912841796875 -0.31561279296875
0.00511598587036133 0.000886917114257812 -0.59295654296875 0.51568603515625
-0.00266170501708984 0.0136508941650391 0.12152099609375 0.590576171875
-0.00557136535644531 -0.00473213195800781 0.39410400390625 0.251312255859375
-0.0142745971679688 0.00243854522705078 0.3492431640625 -0.11846923828125
-0.0321865081787109 -0.0125179290771484 0.171051025390625 -0.296966552734375
-0.0276966094970703 -0.0239791870117188 -0.208969116210937 0.228469848632813
0.0175609588623047 -0.00314140319824219 -0.204971313476562 -0.1900634765625
-0.00215816497802734 0.00910568237304688 0.12237548828125 -0.5732421875
-0.0216236114501953 0.0251102447509766 0.69390869140625 -0.39019775390625
-0.0292873382568359 -0.00145721435546875 0.78143310546875 0.5113525390625
-0.0101318359375 -0.0287036895751953 0.12896728515625 1.01141357421875
0.01947021484375 0.0290298461914062 -0.158416748046875 0.49798583984375
0.0171623229980469 0.0303859710693359 0.13525390625 -0.244308471679688
0.00465917587280273 -0.00176525115966797 -0.340087890625 -0.76312255859375
-0.0106697082519531 -0.0255641937255859 -0.9244384765625 -0.2314453125
-0.0168886184692383 0.00620651245117187 -0.53131103515625 0.55999755859375
0.0011138916015625 0.0184898376464844 0.17864990234375 0.5653076171875
0.00664091110229492 -0.00216817855834961 0.418731689453125 0.212005615234375
0.00344133377075195 0.00479650497436523 0.347900390625 -0.142913818359375
-0.00893688201904297 -0.00557041168212891 0.165985107421875 -0.301300048828125
-0.00885677337646484 -0.0135726928710938 -0.206893920898438 0.228118896484375
0.0296592712402344 0.000551223754882813 -0.207183837890625 -0.190109252929687
0.00484848022460938 0.0146045684814453 0.113037109375 -0.5675048828125
-0.0301742553710938 0.0198822021484375 0.68609619140625 -0.38775634765625
-0.0509834289550781 -0.0393829345703125 0.7816162109375 0.50439453125
-0.0157699584960938 -0.1173095703125 0.1295166015625 1.006591796875
0.06341552734375 -0.0788345336914063 -0.16375732421875 0.5013427734375
0.065765380859375 -0.0749893188476563 0.125869750976563 -0.233978271484375
-0.02752685546875 -0.0808868408203125 -0.3387451171875 -0.75531005859375
-0.0614204406738281 -0.0490570068359375 -0.9173583984375 -0.2314453125
-0.0362052917480469 0.00902175903320313 -0.529144287109375 0.55828857421875
0.00619888305664062 0.020965576171875 0.17547607421875 0.56884765625
0.0166530609130859 -0.000218391418457031 0.420562744140625 0.214935302734375
0.0204963684082031 0.006195068359375 0.35015869140625 -0.14501953125
0.0142879486083984 0.000924110412597656 0.16925048828125 -0.302825927734375
0.00918769836425781 -0.00592231750488281 -0.205810546875 0.235885620117188
0.0410079956054688 -0.000453948974609375 -0.2279052734375 -0.168075561523438
0.0150203704833984 0.0171985626220703 0.053253173828125 -0.556884765625
-0.0315189361572266 0.0201568603515625 0.62774658203125 -0.448486328125
-0.0702285766601563 -0.0585823059082031 0.82171630859375 0.39801025390625
-0.037872314453125 -0.188446044921875 0.23431396484375 0.9727783203125
0.0848541259765625 -0.179046630859375 -0.136962890625 0.5450439453125
0.109222412109375 -0.170181274414063 0.106887817382812 -0.180084228515625
-0.046905517578125 -0.15667724609375 -0.2862548828125 -0.74871826171875
-0.102378845214844 -0.0789718627929688 -0.89312744140625 -0.3126220703125
-0.0552978515625 0.0066375732421875 -0.59197998046875 0.516357421875
0.00621414184570312 0.0218448638916016 0.11419677734375 0.599853515625
0.0251331329345703 -0.000410079956054688 0.397735595703125 0.26177978515625
0.0333652496337891 0.00513648986816406 0.35601806640625 -0.122802734375
0.0339870452880859 0.00532150268554688 0.18328857421875 -0.30084228515625
0.0214195251464844 -0.00246047973632813 -0.201812744140625 0.249130249023438
0.0492401123046875 -0.006103515625 -0.260574340820313 -0.1251220703125
0.0259819030761719 0.0139884948730469 -0.0438232421875 -0.53118896484375
-0.0238208770751953 0.0237083435058594 0.514617919921875 -0.54241943359375
-0.083526611328125 -0.054901123046875 0.8580322265625 0.21112060546875
-0.0806884765625 -0.218002319335938 0.4110107421875 0.89178466796875
0.06866455078125 -0.248382568359375 -0.0703125 0.6123046875
0.140396118164062 -0.24078369140625 0.080169677734375 -0.0904541015625
-0.0427093505859375 -0.222503662109375 -0.1844482421875 -0.7353515625
-0.123550415039063 -0.118972778320312 -0.83612060546875 -0.45819091796875
-0.07232666015625 -0.00721740722656251 -0.6995849609375 0.412109375
0.00220680236816406 0.0207118988037109 -0.00811767578125001 0.6378173828125
0.0282573699951172 -0.000646591186523438 0.344207763671875 0.34014892578125
0.0406875610351563 0.00494384765625 0.360321044921875 -0.078155517578125
0.0452423095703125 0.00841903686523438 0.20196533203125 -0.295928955078125
-0.0802001953125 -0.0484237670898438 -0.1953125 0.286895751953125
-0.0260181427001953 -0.0341892242431641 -0.316253662109375 0.01641845703125
-0.0253276824951172 -0.02490234375 -0.240936279296875 -0.421661376953125
0.0149126052856445 0.00786781311035156 0.1903076171875 -0.67889404296875
0.0719985961914063 0.0350570678710938 0.79937744140625 -0.21466064453125
0.0998764038085938 0.101829528808594 0.75634765625 0.586669921875
0.0345306396484375 0.227264404296875 0.1668701171875 0.696533203125
-0.0985107421875 0.259613037109375 0.0633926391601563 0.0797195434570313
0.00669860839843747 0.230056762695313 0.07879638671875 -0.6856689453125
0.09857177734375 0.115127563476563 -0.58331298828125 -0.82098388671875
0.0733795166015625 0.0348968505859375 -0.89715576171875 0.0289916992187499
0.0131759643554688 -0.00352573394775391 -0.33197021484375 0.6064453125
-0.0181713104248047 -0.0280742645263672 0.144744873046875 0.47808837890625
-0.0419769287109375 -0.0176277160644531 0.322967529296875 0.04345703125
-0.0643539428710938 -0.0233612060546875 0.21343994140625 -0.2655029296875
-0.0758132934570313 -0.0478744506835937 -0.202972412109375 0.27215576171875
-0.0175533294677734 -0.0283432006835938 -0.289794921875 -0.05291748046875
-0.0185565948486328 -0.0196418762207031 -0.136749267578125 -0.4998779296875
0.0145969390869141 0.0176887512207031 0.37158203125 -0.644287109375
0.0581245422363281 0.0519599914550781 0.86102294921875 0.00189208984375
0.0719833374023437 0.121879577636719 0.60504150390625 0.76702880859375
0.00218200683593748 0.237518310546875 0.0466918945312501 0.6539306640625
-0.0922698974609375 0.254257202148437 0.0915451049804688 -0.0359878540039062
0.0364532470703125 0.205520629882813 -0.05743408203125 -0.748291015625
0.105316162109375 0.07659912109375 -0.75836181640625 -0.64239501953125
0.0562896728515625 0.014495849609375 -0.81329345703125 0.25408935546875
0.00395727157592773 -0.000145673751831055 -0.14801025390625 0.634521484375
-0.0193138122558594 -0.0202140808105469 0.257110595703125 0.399871826171875
-0.0399513244628906 -0.0108909606933594 0.34014892578125 -0.020294189453125
-0.06182861328125 -0.0217514038085938 0.1961669921875 -0.278640747070313
-0.0643463134765625 -0.0414161682128906 -0.205963134765625 0.254959106445313
-0.00733184814453125 -0.0195274353027344 -0.255889892578125 -0.115875244140625
-0.0119705200195313 -0.00923252105712891 -0.025970458984375 -0.549346923828125
0.00705909729003907 0.0275630950927734 0.53118896484375 -0.56085205078125
0.0302581787109375 0.0549964904785156 0.86468505859375 0.2247314453125
0.0332489013671875 0.108451843261719 0.41754150390625 0.905029296875
-0.0205535888671875 0.203399658203125 -0.05108642578125 0.59259033203125
-0.0676727294921875 0.208770751953125 0.113990783691406 -0.138282775878906
0.0476226806640625 0.148208618164063 -0.191650390625 -0.77093505859375
0.0841751098632812 0.034423828125 -0.8675537109375 -0.45361328125
0.0305271148681641 0.00234413146972656 -0.69586181640625 0.423095703125
-0.0020904541015625 0.00621747970581055 0.01446533203125 0.6207275390625
-0.015838623046875 -0.0121555328369141 0.343109130859375 0.316070556640625
-0.0303230285644531 -0.00222015380859375 0.34661865234375 -0.078826904296875
-0.0502090454101563 -0.0170059204101562 0.179046630859375 -0.290191650390625
-0.0471839904785156 -0.0332145690917969 -0.204788208007812 0.240020751953125
0.00417423248291016 -0.00990009307861328 -0.224761962890625 -0.16302490234375
-0.00727748870849609 -7.29560852050797E-05 0.06695556640625 -0.57073974609375
-0.00685691833496094 0.0287647247314453 0.6365966796875 -0.4652099609375
-0.00229072570800781 0.0341262817382813 0.82513427734375 0.403076171875
0.00188446044921875 0.0549163818359375 0.24407958984375 0.98126220703125
-0.0159225463867187 0.129013061523438 -0.115631103515625 0.53472900390625
-0.0295791625976562 0.131332397460937 0.128509521484375 -0.211685180664063
0.0335769653320313 0.077117919921875 -0.29437255859375 -0.76904296875
0.04168701171875 -0.00104522705078125 -0.91229248046875 -0.30291748046875
0.00521659851074219 0.0010991096496582 -0.5855712890625 0.52142333984375
-0.00184059143066406 0.0137128829956055 0.12908935546875 0.58612060546875
-0.00611591339111328 -0.00571537017822266 0.39556884765625 0.244293212890625
-0.0147838592529297 0.00288772583007813 0.34539794921875 -0.122711181640625
-0.0318889617919922 -0.0113544464111328 0.1666259765625 -0.297210693359375
-0.0276508331298828 -0.0222148895263672 -0.203369140625 0.2294921875
0.017237663269043 -0.00249671936035156 -0.206802368164063 -0.186553955078125
-0.00185346603393555 0.00866937637329101 0.1129150390625 -0.57196044921875
-0.0204505920410156 0.0252609252929688 0.68475341796875 -0.3974609375
-0.0289993286132813 -0.00189590454101563 0.78350830078125 0.49664306640625
-0.0104045867919922 -0.0278396606445313 0.1444091796875 1.006591796875
0.0190639495849609 0.0294303894042969 -0.15216064453125 0.49810791015625
0.0173244476318359 0.0306110382080078 0.131683349609375 -0.245925903320313
0.00348019599914551 -0.00186467170715332 -0.3497314453125 -0.75439453125
-0.0110244750976563 -0.0250396728515625 -0.9227294921875 -0.21826171875
-0.0168924331665039 0.00556182861328125 -0.5220947265625 0.5654296875
0.00255584716796875 0.0182838439941406 0.184234619140625 0.560333251953125
0.00623750686645508 -0.00242424011230469 0.418487548828125 0.205047607421875
0.0029292106628418 0.00479316711425781 0.342864990234375 -0.14739990234375
-0.00864982604980469 -0.00475740432739258 0.160797119140625 -0.301513671875
-0.00820064544677734 -0.0119762420654297 -0.200775146484375 0.229461669921875
0.0293121337890625 0.0009918212890625 -0.209274291992187 -0.186248779296875
0.00456905364990234 0.0146942138671875 0.1043701171875 -0.56561279296875
-0.0296611785888672 0.0203933715820312 0.6756591796875 -0.39569091796875
-0.05145263671875 -0.0385284423828125 0.78594970703125 0.490234375
-0.0178756713867188 -0.117240905761719 0.14215087890625 1.00006103515625
0.0626144409179688 -0.0789642333984375 -0.15618896484375 0.5006103515625
0.0654830932617187 -0.0748672485351563 0.121826171875 -0.234268188476563
-0.0279998779296875 -0.0794677734375 -0.3486328125 -0.7459716796875
-0.0624313354492188 -0.0481796264648438 -0.9180908203125 -0.21844482421875
-0.0358123779296875 0.0100021362304688 -0.5189208984375 0.56439208984375
0.00630950927734375 0.0204200744628906 0.1824951171875 0.5634765625
0.0164785385131836 -0.000578880310058594 0.42059326171875 0.207427978515625
0.0203361511230469 0.0052947998046875 0.344940185546875 -0.14947509765625
0.0144538879394531 0.00110530853271484 0.16448974609375 -0.304046630859375
0.008941650390625 -0.00512504577636719 -0.199951171875 0.236846923828125
0.0405158996582031 -0.00012969970703125 -0.230804443359375 -0.163894653320312
0.0155439376831055 0.0170145034790039 0.045074462890625 -0.55615234375
-0.0314922332763672 0.0199146270751953 0.6185302734375 -0.45513916015625
-0.0705184936523438 -0.058685302734375 0.82354736328125 0.3839111328125
-0.040985107421875 -0.186599731445312 0.24609375 0.9674072265625
0.0820159912109375 -0.177932739257813 -0.1287841796875 0.544219970703125
0.107574462890625 -0.171249389648438 0.104782104492188 -0.18011474609375
-0.0489349365234375 -0.154678344726563 -0.29327392578125 -0.740966796875
-0.103584289550781 -0.0774917602539063 -0.89453125 -0.29888916015625
-0.0552101135253906 0.00763702392578126 -0.5826416015625 0.52154541015625
0.00694465637207031 0.0210494995117188 0.12127685546875 0.5950927734375
0.0240554809570312 -0.00110626220703125 0.39898681640625 0.254638671875
0.0339775085449219 0.00478172302246094 0.352386474609375 -0.127227783203125
0.0338001251220703 0.00572967529296875 0.178619384765625 -0.30218505859375
0.0231132507324219 -0.00163078308105469 -0.196441650390625 0.250350952148438
0.0492286682128906 -0.00632476806640625 -0.261947631835938 -0.121063232421875
0.0258693695068359 0.0132770538330078 -0.0509033203125 -0.529937744140625
-0.0228385925292969 0.0238876342773438 0.503692626953125 -0.546051025390625
-0.0846405029296875 -0.0540695190429688 0.8563232421875 0.19635009765625
-0.0836029052734375 -0.215316772460938 0.4208984375 0.8834228515625
0.0657501220703125 -0.24725341796875 -0.0611572265625001 0.61102294921875
0.136932373046875 -0.242034912109375 0.0790863037109375 -0.0907135009765625
-0.0450592041015625 -0.219558715820312 -0.19354248046875 -0.72857666015625
-0.125335693359375 -0.116630554199219 -0.8388671875 -0.44580078125
-0.0730133056640625 -0.00674438476562501 -0.6944580078125 0.41839599609375
0.00266838073730469 0.0201911926269531 0.00183105468750005 0.635009765625
0.0276145935058594 -0.00077056884765625 0.346160888671875 0.334808349609375
0.0401039123535156 0.00322341918945313 0.355743408203125 -0.083251953125
0.0471534729003906 0.00863265991210938 0.1976318359375 -0.297454833984375
-0.08050537109375 -0.0459213256835937 -0.188323974609375 0.28741455078125
-0.0261516571044922 -0.0333976745605469 -0.313323974609375 0.0200500488281251
-0.0260124206542969 -0.0249366760253906 -0.246551513671875 -0.415313720703125
0.0162544250488281 0.00743961334228516 0.18072509765625 -0.6810302734375
0.0718231201171875 0.0334014892578125 0.793212890625 -0.2259521484375
0.0994796752929688 0.0975799560546875 0.7603759765625 0.57183837890625
0.03643798828125 0.225814819335938 0.17645263671875 0.69049072265625
-0.0953369140625 0.260299682617188 0.0636825561523438 0.0789413452148438
0.0081634521484375 0.228683471679688 0.0695190429687499 -0.6815185546875
0.099609375 0.113151550292969 -0.58984375 -0.8095703125
0.07391357421875 0.0334014892578125 -0.8917236328125 0.0410156249999998
0.0137109756469727 -0.00444412231445313 -0.32427978515625 0.60772705078125
-0.0193843841552734 -0.02728271484375 0.14886474609375 0.473236083984375
-0.0423431396484375 -0.017181396484375 0.3203125 0.038787841796875
-0.0643577575683594 -0.021453857421875 0.20867919921875 -0.266510009765625
-0.0755386352539063 -0.0453567504882812 -0.196334838867187 0.272964477539063
-0.0190258026123047 -0.0274276733398438 -0.288360595703125 -0.048828125
-0.018280029296875 -0.0185680389404297 -0.14166259765625 -0.4949951171875
0.01605224609375 0.0182895660400391 0.36004638671875 -0.646240234375
0.0572242736816406 0.0505561828613281 0.85784912109375 -0.01220703125
0.0732879638671875 0.119865417480469 0.61358642578125 0.7547607421875
0.00502014160156249 0.235702514648438 0.0567626953124999 0.65057373046875
-0.089202880859375 0.254470825195312 0.0900421142578125 -0.0363235473632812
0.0389251708984375 0.203964233398438 -0.06683349609375 -0.74176025390625
0.104904174804688 0.07501220703125 -0.7620849609375 -0.62908935546875
0.0566596984863281 0.013153076171875 -0.805419921875 0.2613525390625
0.00384187698364258 -0.00106215476989746 -0.14056396484375 0.63153076171875
-0.0210113525390625 -0.0191001892089844 0.261566162109375 0.39501953125
-0.039642333984375 -0.00901031494140626 0.336669921875 -0.024932861328125
-0.0618171691894531 -0.0188217163085938 0.190811157226563 -0.27960205078125
-0.0648956298828125 -0.0397987365722656 -0.19921875 0.256057739257812
-0.00809669494628906 -0.0194149017333984 -0.255706787109375 -0.112457275390625
-0.0125875473022461 -0.00901603698730468 -0.0320434570312499 -0.547271728515625
0.00766563415527344 0.0271110534667969 0.51983642578125 -0.56549072265625
0.0298309326171875 0.0530815124511719 0.86248779296875 0.21185302734375
0.0332183837890625 0.106697082519531 0.427734375 0.89453125
-0.01837158203125 0.201766967773438 -0.04241943359375 0.58978271484375
-0.064971923828125 0.209976196289062 0.112159729003906 -0.138771057128906
0.0491943359375 0.147552490234375 -0.1998291015625 -0.7640380859375
0.0831146240234375 0.0323638916015625 -0.86676025390625 -0.439208984375
0.0306930541992188 0.00208473205566406 -0.68695068359375 0.4298095703125
-0.00197505950927734 0.0068359375 0.02056884765625 0.6153564453125
-0.0156650543212891 -0.0119924545288086 0.343719482421875 0.30908203125
-0.0303821563720703 -0.00194168090820312 0.34234619140625 -0.082763671875
-0.0512619018554688 -0.0145988464355469 0.173553466796875 -0.290740966796875
-0.0468368530273438 -0.0313796997070312 -0.199752807617188 0.240219116210938
0.00352764129638672 -0.010066032409668 -0.225296020507812 -0.160110473632813
-0.0067439079284668 0.000847816467285155 0.05706787109375 -0.5682373046875
-0.00529670715332031 0.0298213958740234 0.62591552734375 -0.470703125
-0.00162887573242187 0.0338573455810547 0.8231201171875 0.390625
0.0026092529296875 0.0543594360351563 0.256103515625 0.9708251953125
-0.01507568359375 0.128997802734375 -0.1099853515625 0.532073974609375
-0.0267562866210937 0.130706787109375 0.126312255859375 -0.212127685546875
0.0340728759765625 0.0762939453125 -0.30413818359375 -0.76116943359375
0.0408782958984375 -0.00146865844726563 -0.9122314453125 -0.28851318359375
0.00524234771728516 0.000847816467285156 -0.5765380859375 0.5263671875
-0.00169944763183594 0.0133686065673828 0.135498046875 0.58038330078125
-0.00646305084228516 -0.00472450256347656 0.395538330078125 0.23773193359375
-0.0147619247436523 0.00309085845947266 0.3406982421875 -0.126678466796875
-0.0317554473876953 -0.009490966796875 0.161529541015625 -0.29730224609375
-0.0278396606445313 -0.0204753875732422 -0.197052001953125 0.231491088867188
0.015772819519043 -0.00223731994628906 -0.20831298828125 -0.18359375
-0.00187492370605469 0.00822782516479492 0.10443115234375 -0.56982421875
-0.0202655792236328 0.0249710083007813 0.67388916015625 -0.40625
-0.0299472808837891 -0.00172996520996093 0.7864990234375 0.48541259765625
-0.0110397338867187 -0.0276603698730469 0.1544189453125 0.998046875
0.0194377899169922 0.0289402008056641 -0.143951416015625 0.497100830078125
0.0185165405273438 0.0314674377441406 0.127761840820313 -0.24554443359375
0.0040590763092041 -0.00131058692932129 -0.35675048828125 -0.74884033203125
-0.0112323760986328 -0.0251178741455078 -0.9237060546875 -0.2061767578125
-0.0172510147094727 0.00608158111572266 -0.51153564453125 0.5709228515625
0.00242042541503906 0.0178890228271484 0.190155029296875 0.554656982421875
0.00568914413452148 -0.00182485580444336 0.418121337890625 0.1982421875
0.00272893905639648 0.00556421279907226 0.3389892578125 -0.150909423828125
-0.0084385871887207 -0.00392055511474609 0.156494140625 -0.30145263671875
-0.00830841064453125 -0.0101146697998047 -0.196075439453125 0.230560302734375
0.0287303924560547 0.000967025756835938 -0.210678100585938 -0.183135986328125
0.00538825988769531 0.0146408081054688 0.09417724609375 -0.5638427734375
-0.0289020538330078 0.0202236175537109 0.66607666015625 -0.4027099609375
-0.0522537231445312 -0.0386810302734375 0.7864990234375 0.47857666015625
-0.0197830200195312 -0.115806579589844 0.15509033203125 0.993896484375
0.0614242553710938 -0.0790252685546875 -0.148651123046875 0.500091552734375
0.064849853515625 -0.0747451782226563 0.11968994140625 -0.234161376953125
-0.0291595458984375 -0.0781326293945313 -0.355712890625 -0.73944091796875
-0.0627212524414063 -0.0470619201660156 -0.9156494140625 -0.2060546875
-0.0355148315429688 0.0106201171875 -0.5079345703125 0.5689697265625
0.00756072998046875 0.0203361511230469 0.188446044921875 0.5584716796875
0.0158147811889648 -0.00105762481689453 0.421478271484375 0.201263427734375
0.0197696685791016 0.00586128234863281 0.3399658203125 -0.1534423828125
0.0145301818847656 0.00249385833740234 0.15966796875 -0.303741455078125
0.00963211059570313 -0.00389480590820312 -0.195465087890625 0.237869262695313
0.0399894714355469 -0.0001068115234375 -0.230758666992188 -0.160720825195313
0.0151996612548828 0.0161123275756836 0.0375976562500001 -0.55316162109375
-0.0303287506103516 0.0206699371337891 0.60693359375 -0.46038818359375
-0.0720748901367188 -0.0574417114257812 0.82147216796875 0.37164306640625
-0.044097900390625 -0.18511962890625 0.2584228515625 0.957275390625
0.0800323486328125 -0.1783447265625 -0.120880126953125 0.541351318359375
0.105484008789063 -0.170806884765625 0.1021728515625 -0.180160522460938
-0.0503082275390625 -0.152359008789063 -0.3011474609375 -0.73297119140625
-0.104087829589844 -0.0758590698242188 -0.89422607421875 -0.28717041015625
-0.0550155639648438 0.00815963745117188 -0.57366943359375 0.5274658203125
0.007659912109375 0.0207290649414063 0.1273193359375 0.59051513671875
0.0244121551513672 -0.00155448913574219 0.399383544921875 0.247711181640625
0.0326728820800781 0.00513076782226563 0.348114013671875 -0.1317138671875
0.0349006652832031 0.00538063049316406 0.173095703125 -0.30242919921875
0.0237770080566406 -0.000833511352539063 -0.190628051757813 0.251434326171875
0.0483589172363281 -0.00667190551757813 -0.26202392578125 -0.117141723632813
0.0268878936767578 0.0137786865234375 -0.059814453125 -0.524383544921875
-0.0210857391357422 0.0238628387451172 0.491607666015625 -0.54791259765625
-0.085113525390625 -0.0539169311523437 0.8546142578125 0.18438720703125
-0.087005615234375 -0.213363647460938 0.4296875 0.87255859375
0.0625152587890625 -0.246688842773437 -0.05401611328125 0.606201171875
0.134323120117188 -0.241653442382813 0.0774002075195313 -0.0910415649414063
-0.04827880859375 -0.217376708984375 -0.202880859375 -0.72308349609375
-0.126327514648438 -0.11444091796875 -0.84063720703125 -0.43170166015625
-0.0723114013671875 -0.00577545166015627 -0.68426513671875 0.4268798828125
0.00166893005371094 0.0194263458251953 0.00842285156249998 0.63067626953125
0.0277748107910156 -0.000415802001953125 0.348907470703125 0.328582763671875
0.0399398803710938 0.0036468505859375 0.353485107421875 -0.08734130859375
0.0467758178710937 0.00863265991210937 0.192413330078125 -0.297607421875
-0.0805740356445313 -0.0435791015625 -0.182342529296875 0.28741455078125
-0.0273456573486328 -0.0329837799072266 -0.309356689453125 0.0232849121093749
-0.0255584716796875 -0.0239524841308594 -0.250457763671875 -0.410491943359375
0.0163192749023438 0.00779628753662109 0.1707763671875 -0.677734375
0.0707550048828125 0.0318069458007813 0.78375244140625 -0.23431396484375
0.0997543334960937 0.0947036743164062 0.76507568359375 0.5599365234375
0.03924560546875 0.223175048828125 0.1829833984375 0.68341064453125
-0.0913848876953125 0.2606201171875 0.0644454956054687 0.0783462524414063
0.0105743408203125 0.227005004882813 0.0632934570312501 -0.6767578125
0.0998306274414063 0.1109619140625 -0.59478759765625 -0.7984619140625
0.0743179321289063 0.0327224731445313 -0.88641357421875 0.04931640625
0.0136556625366211 -0.00484371185302734 -0.3160400390625 0.60638427734375
-0.0195789337158203 -0.02655029296875 0.153533935546875 0.467742919921875
-0.043670654296875 -0.0154991149902344 0.31756591796875 0.03424072265625
-0.0640068054199219 -0.0190963745117188 0.203506469726563 -0.267379760742188
-0.0767288208007813 -0.0429611206054687 -0.190200805664063 0.27313232421875
-0.0205631256103516 -0.026824951171875 -0.286590576171875 -0.04632568359375
-0.0196361541748047 -0.0177631378173828 -0.147552490234375 -0.49072265625
0.0166778564453125 0.0182361602783203 0.35028076171875 -0.646484375
0.057769775390625 0.0491600036621094 0.850341796875 -0.024169921875
0.0727691650390625 0.116767883300781 0.61865234375 0.7425537109375
0.00744628906250002 0.233917236328125 0.0637207031249999 0.6461181640625
-0.0845947265625 0.254806518554688 0.0898284912109375 -0.0368881225585937
0.0401611328125 0.2027587890625 -0.0751953125 -0.736328125
0.105400085449219 0.0736083984375 -0.76373291015625 -0.616455078125
0.0566139221191406 0.0134391784667969 -0.79949951171875 0.2698974609375
0.00390768051147461 -0.000394821166992187 -0.1331787109375 0.6280517578125
-0.0218048095703125 -0.0197010040283203 0.261505126953125 0.38909912109375
-0.0402946472167969 -0.00812149047851563 0.333587646484375 -0.02923583984375
-0.0619773864746094 -0.0168838500976563 0.186248779296875 -0.280029296875
-0.0647735595703125 -0.0374565124511719 -0.1937255859375 0.256607055664063
-0.0102443695068359 -0.0181751251220703 -0.254501342773438 -0.108566284179687
-0.0129766464233398 -0.008544921875 -0.0395812988281249 -0.54388427734375
0.00848960876464844 0.0275840759277344 0.50732421875 -0.56939697265625
0.029998779296875 0.051971435546875 0.85882568359375 0.19891357421875
0.0337905883789063 0.104942321777344 0.4356689453125 0.88446044921875
-0.01611328125 0.201614379882813 -0.03509521484375 0.5863037109375
-0.0613250732421875 0.209701538085938 0.10986328125 -0.138900756835938
0.0493011474609375 0.1473388671875 -0.2081298828125 -0.75604248046875
0.083526611328125 0.0315399169921875 -0.86639404296875 -0.42742919921875
0.0306377410888672 0.00170516967773438 -0.679443359375 0.434326171875
-0.00167942047119141 0.00581216812133789 0.0267333984375 0.61090087890625
-0.0169963836669922 -0.0110025405883789 0.3450927734375 0.302703857421875
-0.0306434631347656 -0.00152206420898437 0.338043212890625 -0.08673095703125
-0.0505790710449219 -0.0131607055664063 0.168487548828125 -0.289764404296875
-0.0476837158203125 -0.0294761657714844 -0.194229125976563 0.240432739257813
0.00241947174072266 -0.00958061218261719 -0.224990844726563 -0.155990600585938
-0.0072779655456543 0.000750541687011718 0.05023193359375 -0.564208984375
-0.00480461120605469 0.0293121337890625 0.61468505859375 -0.474365234375
-0.00198173522949219 0.0327968597412109 0.8216552734375 0.3770751953125
0.00204849243164062 0.0528755187988281 0.266357421875 0.9608154296875
-0.0126266479492187 0.128196716308594 -0.102264404296875 0.529052734375
-0.0252609252929687 0.131057739257813 0.123062133789063 -0.210983276367188
0.0353546142578125 0.0758743286132813 -0.3099365234375 -0.75189208984375
0.0404052734375 -0.00180435180664062 -0.9095458984375 -0.27569580078125
0.00561761856079101 0.00137710571289062 -0.56640625 0.53131103515625
-0.00135326385498047 0.0130434036254883 0.139404296875 0.57427978515625
-0.00642919540405274 -0.00529956817626953 0.394775390625 0.23004150390625
-0.01519775390625 0.00364208221435547 0.336883544921875 -0.13092041015625
-0.0317535400390625 -0.00833129882812499 0.15692138671875 -0.29705810546875
-0.0277042388916016 -0.0193824768066406 -0.192611694335938 0.231277465820312
0.0150232315063477 -0.00258445739746094 -0.208709716796875 -0.179641723632813
-0.00287055969238281 0.00903987884521484 0.0958251953125 -0.566650390625
-0.0192985534667969 0.0252647399902344 0.6654052734375 -0.40966796875
-0.0292186737060547 -0.00189018249511719 0.78515625 0.47161865234375
-0.0118007659912109 -0.0276985168457031 0.16448974609375 0.9896240234375
0.0202007293701172 0.0290451049804688 -0.137298583984375 0.49298095703125
0.0195789337158203 0.0310649871826172 0.125335693359375 -0.24432373046875
0.00413227081298828 -0.000565528869628906 -0.3629150390625 -0.73712158203125
-0.0115699768066406 -0.0252532958984375 -0.91851806640625 -0.19317626953125
-0.0164794921875 0.00670623779296875 -0.502197265625 0.5726318359375
0.00333595275878906 0.0184650421142578 0.195648193359375 0.546783447265625
0.0058293342590332 -0.00216913223266602 0.417510986328125 0.18975830078125
0.00220632553100586 0.00553464889526367 0.333770751953125 -0.153594970703125
-0.00824928283691406 -0.00281143188476563 0.150604248046875 -0.30029296875
-0.00870609283447266 -0.00959300994873047 -0.19049072265625 0.230606079101562
0.0275917053222656 0.000949859619140625 -0.211395263671875 -0.180068969726563
0.00480175018310547 0.0144233703613281 0.0864562988281249 -0.561309814453125
-0.0287094116210938 0.0201358795166016 0.656005859375 -0.4058837890625
-0.0521621704101562 -0.0385475158691406 0.7852783203125 0.46575927734375
-0.0216827392578125 -0.114891052246094 0.1639404296875 0.982666015625
0.0599746704101562 -0.0792922973632813 -0.141632080078125 0.497467041015625
0.0647735595703125 -0.0748291015625 0.117385864257812 -0.234481811523438
-0.0294952392578125 -0.0765151977539063 -0.36285400390625 -0.7286376953125
-0.0632514953613281 -0.0457420349121094 -0.90948486328125 -0.1953125
-0.0353469848632812 0.0106620788574219 -0.5008544921875 0.56988525390625
0.00744056701660156 0.0196914672851563 0.1920166015625 0.55194091796875
0.0156793594360352 -0.00180912017822266 0.42034912109375 0.193389892578125
0.019622802734375 0.00576400756835938 0.33599853515625 -0.15557861328125
0.0153074264526367 0.00197887420654297 0.1544189453125 -0.303131103515625
0.0101089477539063 -0.00272464752197266 -0.18896484375 0.236892700195313
0.0391349792480469 -0.00081634521484375 -0.231918334960937 -0.156539916992188
0.0152254104614258 0.0165815353393555 0.028564453125 -0.54730224609375
-0.0291004180908203 0.0201053619384766 0.5970458984375 -0.46307373046875
-0.071380615234375 -0.0571823120117188 0.81787109375 0.3592529296875
-0.0461883544921875 -0.183502197265625 0.26617431640625 0.94952392578125
0.0779876708984375 -0.177398681640625 -0.114013671875 0.5382080078125
0.103897094726562 -0.170654296875 0.0995025634765625 -0.179611206054688
-0.05047607421875 -0.149856567382813 -0.30706787109375 -0.72552490234375
-0.104667663574219 -0.0741119384765625 -0.8909912109375 -0.2744140625
-0.0544891357421875 0.00855636596679687 -0.5654296875 0.530029296875
0.0066375732421875 0.0203723907470703 0.1339111328125 0.58367919921875
0.0236167907714844 -0.00141143798828125 0.398651123046875 0.240203857421875
0.0324134826660156 0.00399398803710938 0.343353271484375 -0.134063720703125
0.0351409912109375 0.00534629821777344 0.16888427734375 -0.301666259765625
0.0235157012939453 -0.000791549682617188 -0.185043334960938 0.25042724609375
0.0474700927734375 -0.00677108764648438 -0.261459350585938 -0.113235473632812
0.0262489318847656 0.0134525299072266 -0.065185546875 -0.51947021484375
-0.0201015472412109 0.0233383178710938 0.482208251953125 -0.551513671875
-0.0854949951171875 -0.0522537231445313 0.84967041015625 0.17218017578125
-0.089385986328125 -0.210556030273437 0.4361572265625 0.861572265625
0.059906005859375 -0.244720458984375 -0.04669189453125 0.6021728515625
0.130905151367188 -0.240631103515625 0.0772552490234375 -0.0915298461914063
-0.0496978759765625 -0.214431762695313 -0.2091064453125 -0.71533203125
-0.126632690429688 -0.112205505371094 -0.83880615234375 -0.42022705078125
-0.0727310180664063 -0.00553131103515627 -0.6754150390625 0.43109130859375
0.00266838073730469 0.0191535949707031 0.01531982421875 0.6270751953125
0.0267333984375 -0.000699996948242188 0.350189208984375 0.321502685546875
0.0395164489746094 0.00383377075195312 0.3489990234375 -0.09088134765625
0.0477638244628906 0.00832366943359375 0.18597412109375 -0.298370361328125
-0.0809860229492188 -0.0420455932617187 -0.1766357421875 0.286590576171875
-0.0283317565917969 -0.0314159393310547 -0.307037353515625 0.0262451171875
-0.0254096984863281 -0.0233173370361328 -0.252716064453125 -0.40484619140625
0.0167312622070313 0.00726509094238281 0.1612548828125 -0.67626953125
0.0703125 0.0310745239257812 0.77520751953125 -0.23980712890625
0.0992889404296875 0.0925674438476563 0.762451171875 0.54681396484375
0.04046630859375 0.221435546875 0.1876220703125 0.67681884765625
-0.0874786376953125 0.259246826171875 0.0647659301757813 0.0781326293945313
0.011810302734375 0.224746704101562 0.0556640625 -0.672607421875
0.099945068359375 0.109840393066406 -0.59649658203125 -0.786376953125
0.0736160278320313 0.0316238403320313 -0.88079833984375 0.0570068359375001
0.0135259628295898 -0.00511932373046875 -0.30938720703125 0.604736328125
-0.0204334259033203 -0.026702880859375 0.155548095703125 0.462249755859375
-0.0437850952148438 -0.0147438049316406 0.315338134765625 0.030853271484375
-0.0629539489746094 -0.0166549682617188 0.199249267578125 -0.267501831054688
-0.0768814086914063 -0.0413284301757812 -0.185531616210937 0.272125244140625
-0.020965576171875 -0.0260601043701172 -0.283782958984375 -0.042449951171875
-0.0196170806884766 -0.0183544158935547 -0.152191162109375 -0.485198974609375
0.0175495147705078 0.0182151794433594 0.3385009765625 -0.644287109375
0.0571174621582031 0.0478019714355469 0.84423828125 -0.032470703125
0.0726699829101563 0.114341735839844 0.620849609375 0.7313232421875
0.00965881347656252 0.232772827148438 0.0694580078124999 0.64013671875
-0.0821533203125 0.254074096679688 0.0890655517578125 -0.0366134643554687
0.0409088134765625 0.200637817382812 -0.0795288085937501 -0.73004150390625
0.104911804199219 0.0718154907226562 -0.76165771484375 -0.60546875
0.0565910339355469 0.0129203796386719 -0.79052734375 0.276611328125
0.00398969650268555 -0.00138306617736816 -0.1268310546875 0.6246337890625
-0.0217323303222656 -0.0188140869140625 0.262176513671875 0.382843017578125
-0.0407485961914063 -0.00773620605468749 0.329803466796875 -0.031646728515625
-0.0613555908203125 -0.0143623352050781 0.181488037109375 -0.278289794921875
-0.0646934509277344 -0.0356636047363281 -0.18853759765625 0.255416870117188
-0.0103626251220703 -0.01776123046875 -0.253265380859375 -0.10601806640625
-0.0124654769897461 -0.00874900817871094 -0.044647216796875 -0.53729248046875
0.00947952270507813 0.0269184112548828 0.49664306640625 -0.5687255859375
0.0295600891113281 0.0511970520019531 0.85467529296875 0.187255859375
0.0341415405273438 0.103080749511719 0.44049072265625 0.87274169921875
-0.014068603515625 0.200180053710938 -0.02899169921875 0.581787109375
-0.05816650390625 0.209228515625 0.109245300292969 -0.138099670410156
0.05029296875 0.145736694335938 -0.21295166015625 -0.74884033203125
0.0828933715820313 0.0301284790039063 -0.8642578125 -0.41680908203125
0.0307102203369141 0.00237655639648438 -0.67071533203125 0.4378662109375
-0.00169944763183594 0.00725317001342773 0.03033447265625 0.60595703125
-0.0174312591552734 -0.0111579895019531 0.343841552734375 0.29656982421875
-0.0309162139892578 -0.000825881958007816 0.333770751953125 -0.088531494140625
-0.0494537353515625 -0.0104866027832031 0.165130615234375 -0.289276123046875
-0.0475273132324219 -0.0284538269042969 -0.189163208007813 0.240280151367188
0.00226783752441406 -0.00937652587890625 -0.224761962890625 -0.152145385742188
-0.0072636604309082 0.00118207931518555 0.0434265136718749 -0.561004638671875
-0.003631591796875 0.0286788940429688 0.6044921875 -0.47674560546875
-0.00191497802734375 0.0327186584472656 0.81768798828125 0.36572265625
0.00258255004882812 0.0528144836425781 0.27337646484375 0.9490966796875
-0.0115585327148437 0.127365112304688 -0.0966491699218751 0.525054931640625
-0.0229415893554687 0.131271362304688 0.120391845703125 -0.211227416992187
0.0354766845703125 0.0754547119140625 -0.31304931640625 -0.74261474609375
0.0404701232910156 -0.00227737426757813 -0.90472412109375 -0.2667236328125
0.00551414489746094 0.000802040100097656 -0.5596923828125 0.53240966796875
-0.00146484375 0.0125942230224609 0.1436767578125 0.567626953125
-0.00713300704956055 -0.00517463684082031 0.39306640625 0.22491455078125
-0.0148401260375977 0.00391387939453125 0.3311767578125 -0.13226318359375
-0.0308818817138672 -0.00679969787597657 0.15234375 -0.29571533203125
-0.02752685546875 -0.0179405212402344 -0.187973022460938 0.230331420898438
0.0141811370849609 -0.00157642364501953 -0.209686279296875 -0.176361083984375
-0.0017547607421875 0.00902557373046875 0.0886230468750001 -0.56280517578125
-0.018585205078125 0.024932861328125 0.6534423828125 -0.412353515625
-0.0291156768798828 -0.00191116333007812 0.7822265625 0.46051025390625
-0.0121555328369141 -0.0262470245361328 0.17437744140625 0.97979736328125
0.0199241638183594 0.0290412902832031 -0.130157470703125 0.490936279296875
0.0198688507080078 0.0312957763671875 0.122756958007812 -0.243789672851563
0.00394129753112793 8.32080841064453E-05 -0.36724853515625 -0.7291259765625
-0.0124111175537109 -0.0245513916015625 -0.9119873046875 -0.1845703125
-0.015772819519043 0.00701808929443359 -0.4942626953125 0.57244873046875
0.00343799591064453 0.017359733581543 0.19744873046875 0.541412353515625
0.00491571426391602 -0.00258350372314453 0.416046142578125 0.184417724609375
0.0020899772644043 0.00579261779785156 0.3282470703125 -0.154205322265625
-0.00728416442871094 -0.00190448760986328 0.14764404296875 -0.2996826171875
-0.00759649276733398 -0.00826883316040039 -0.186141967773437 0.229263305664063
0.0273075103759766 0.000659942626953125 -0.2122802734375 -0.176666259765625
0.00546550750732422 0.0145988464355469 0.081146240234375 -0.556304931640625
-0.0275325775146484 0.0196056365966797 0.64495849609375 -0.40814208984375
-0.0521812438964844 -0.0377922058105469 0.78033447265625 0.45574951171875
-0.0226287841796875 -0.113563537597656 0.17138671875 0.97412109375
0.059906005859375 -0.0785446166992188 -0.13470458984375 0.49322509765625
0.0637969970703125 -0.0743484497070313 0.114349365234375 -0.233535766601562
-0.0298690795898437 -0.0741653442382813 -0.36468505859375 -0.721435546875
-0.0631179809570313 -0.0439491271972656 -0.90655517578125 -0.18646240234375
-0.0346775054931641 0.0110187530517578 -0.49224853515625 0.571044921875
0.00746536254882812 0.0194206237792969 0.194488525390625 0.54681396484375
0.0155868530273438 -0.001617431640625 0.41717529296875 0.18896484375
0.0189247131347656 0.00556373596191406 0.3309326171875 -0.15771484375
0.0162525177001953 0.00252437591552734 0.149993896484375 -0.301910400390625
0.0100431442260742 -0.00221920013427734 -0.184661865234375 0.236892700195313
0.0392036437988281 9.1552734375E-05 -0.23211669921875 -0.153762817382812
0.0150489807128906 0.015838623046875 0.024627685546875 -0.544342041015625
-0.0291042327880859 0.0196743011474609 0.5875244140625 -0.4642333984375
-0.0722122192382812 -0.056793212890625 0.81524658203125 0.34844970703125
-0.048553466796875 -0.181243896484375 0.27154541015625 0.938720703125
0.0756378173828125 -0.176528930664063 -0.107940673828125 0.53424072265625
0.102630615234375 -0.170394897460937 0.0981597900390625 -0.179718017578125
-0.0521087646484375 -0.147384643554687 -0.3118896484375 -0.7156982421875
-0.104057312011719 -0.0726242065429687 -0.886474609375 -0.26580810546875
-0.0543022155761719 0.00872039794921876 -0.557586669921875 0.530853271484375
0.00756645202636719 0.0197639465332031 0.1361083984375 0.5777587890625
0.0232429504394531 -0.000957489013671875 0.398284912109375 0.235260009765625
0.0316143035888672 0.00406646728515625 0.3377685546875 -0.1358642578125
0.0364036560058594 0.00565719604492187 0.164215087890625 -0.30078125
0.0241851806640625 0.0001983642578125 -0.181671142578125 0.250701904296875
0.0460052490234375 -0.00721359252929688 -0.26055908203125 -0.109786987304688
0.0266456604003906 0.0129795074462891 -0.0702514648437501 -0.5152587890625
-0.0203495025634766 0.0229854583740234 0.472259521484375 -0.549774169921875
-0.0850677490234375 -0.0518569946289062 0.84234619140625 0.1661376953125
-0.0908355712890625 -0.20721435546875 0.44024658203125 0.8504638671875
0.0565948486328125 -0.242767333984375 -0.0391845703125 0.59716796875
0.129241943359375 -0.240081787109375 0.076171875 -0.0907516479492188
-0.0511932373046875 -0.21142578125 -0.2147216796875 -0.70635986328125
-0.126380920410156 -0.109642028808594 -0.83526611328125 -0.40936279296875
-0.0718154907226562 -0.0048980712890625 -0.66802978515625 0.43505859375
0.00268936157226562 0.0180168151855469 0.020751953125 0.62213134765625
0.0262947082519531 -0.00110244750976563 0.34930419921875 0.316497802734375
0.0394744873046875 0.00330734252929688 0.344818115234375 -0.0928955078125
0.048370361328125 0.00818252563476563 0.182647705078125 -0.296966552734375
-0.0809707641601562 -0.0397567749023438 -0.17071533203125 0.285186767578125
-0.0302257537841797 -0.0308933258056641 -0.303436279296875 0.027984619140625
-0.0259437561035156 -0.0232391357421875 -0.253692626953125 -0.4005126953125
0.0173635482788086 0.00754833221435547 0.15338134765625 -0.6719970703125
0.0687942504882813 0.0302619934082031 0.7659912109375 -0.24774169921875
0.0980300903320313 0.0901870727539063 0.76336669921875 0.53704833984375
0.0423583984375 0.220046997070312 0.19305419921875 0.67095947265625
-0.08563232421875 0.25860595703125 0.0648880004882813 0.0777740478515625
0.01348876953125 0.223403930664063 0.049560546875 -0.66485595703125
0.0998306274414063 0.107589721679688 -0.59808349609375 -0.77587890625
0.0735321044921875 0.0312652587890625 -0.8741455078125 0.0637817382812502
0.013728141784668 -0.00516414642333984 -0.30364990234375 0.60052490234375
-0.0209503173828125 -0.0260124206542969 0.157684326171875 0.457244873046875
-0.0434913635253906 -0.0136032104492188 0.31195068359375 0.027984619140625
-0.0618438720703125 -0.0148048400878906 0.194198608398438 -0.266143798828125
-0.076171875 -0.038482666015625 -0.179672241210938 0.271743774414063
-0.0225715637207031 -0.025787353515625 -0.281494140625 -0.040283203125
-0.0192070007324219 -0.0176410675048828 -0.154327392578125 -0.4803466796875
0.0171623229980469 0.0173730850219727 0.33087158203125 -0.643798828125
0.0560417175292969 0.0467987060546875 0.8367919921875 -0.038818359375
0.0725021362304687 0.111343383789063 0.62255859375 0.71905517578125
0.01129150390625 0.229736328125 0.07501220703125 0.634765625
-0.079833984375 0.253448486328125 0.0882415771484375 -0.0362396240234375
0.0424346923828125 0.1990966796875 -0.08477783203125 -0.721923828125
0.104736328125 0.069580078125 -0.76177978515625 -0.5947265625
0.0562248229980469 0.0120773315429688 -0.7841796875 0.27935791015625
0.00398850440979004 -0.000794172286987305 -0.1229248046875 0.6217041015625
-0.0223846435546875 -0.0189685821533203 0.263458251953125 0.37762451171875
-0.0410003662109375 -0.00706100463867187 0.3260498046875 -0.034149169921875
-0.0602493286132813 -0.0129241943359375 0.177780151367187 -0.279266357421875
-0.0646476745605469 -0.033935546875 -0.183074951171875 0.25396728515625
-0.0112991333007812 -0.017364501953125 -0.252456665039062 -0.103805541992188
-0.0129804611206055 -0.0081329345703125 -0.0489501953125 -0.533203125
0.0105190277099609 0.0266056060791016 0.48651123046875 -0.56768798828125
0.0292701721191406 0.0502738952636719 0.84698486328125 0.17779541015625
0.03369140625 0.101852416992188 0.44342041015625 0.8612060546875
-0.012786865234375 0.198837280273438 -0.0236816406249999 0.57708740234375
-0.056427001953125 0.2083740234375 0.107688903808594 -0.137542724609375
0.0509033203125 0.14398193359375 -0.2166748046875 -0.742431640625
0.0817947387695313 0.0292129516601563 -0.859619140625 -0.40667724609375
0.0305919647216797 0.00306510925292969 -0.66259765625 0.44012451171875
-0.00117158889770508 0.00625848770141602 0.03509521484375 0.5997314453125
-0.0169467926025391 -0.0106687545776367 0.34259033203125 0.29150390625
-0.0308551788330078 -0.000526428222656245 0.329681396484375 -0.09051513671875
-0.0493316650390625 -0.00979995727539063 0.161102294921875 -0.288238525390625
-0.0479278564453125 -0.0257530212402344 -0.18402099609375 0.23907470703125
0.00079059600830078 -0.00835180282592773 -0.224197387695313 -0.149734497070313
-0.00745773315429688 0.000800609588623048 0.038787841796875 -0.556427001953125
-0.00344467163085938 0.0291099548339844 0.59332275390625 -0.4769287109375
-0.00168037414550782 0.0322761535644531 0.8131103515625 0.3548583984375
0.00214004516601562 0.0518341064453125 0.27764892578125 0.9395751953125
-0.0105514526367188 0.126373291015625 -0.0897216796875 0.5218505859375
-0.0215225219726563 0.130874633789062 0.119033813476562 -0.20977783203125
0.0355377197265625 0.0746612548828125 -0.316162109375 -0.73382568359375
0.0390701293945313 -0.00299835205078125 -0.89849853515625 -0.25799560546875
0.00583887100219727 0.000906944274902344 -0.550323486328125 0.5322265625
-0.00153827667236328 0.0127849578857422 0.144927978515625 0.56036376953125
-0.00735139846801758 -0.00567293167114258 0.390167236328125 0.218017578125
-0.0160274505615234 0.00474166870117188 0.327178955078125 -0.132080078125
-0.0298690795898437 -0.00534439086914063 0.14923095703125 -0.29400634765625
-0.0273284912109375 -0.0154933929443359 -0.183029174804687 0.229690551757812
0.0127649307250977 -0.00163173675537109 -0.20880126953125 -0.1741943359375
-0.00239419937133789 0.00854730606079102 0.08282470703125 -0.5577392578125
-0.0173053741455078 0.0244712829589844 0.6435546875 -0.41204833984375
-0.0296478271484375 -0.00219535827636719 0.7777099609375 0.44891357421875
-0.0130290985107422 -0.0266342163085938 0.17877197265625 0.969482421875
0.0206413269042969 0.0294837951660156 -0.124847412109375 0.487030029296875
0.0211353302001953 0.0309238433837891 0.120407104492188 -0.243438720703125
0.00392055511474609 0.000724077224731445 -0.36981201171875 -0.71942138671875
-0.0123710632324219 -0.0234794616699219 -0.9068603515625 -0.17547607421875
-0.0154953002929688 0.00721836090087891 -0.48370361328125 0.57244873046875
0.00285434722900391 0.0171003341674805 0.198150634765625 0.536163330078125
0.00418472290039063 -0.00301313400268555 0.41192626953125 0.179443359375
0.00185775756835937 0.00606584548950195 0.324493408203125 -0.1551513671875
-0.00627517700195312 -0.00150871276855469 0.1436767578125 -0.297760009765625
-0.00772953033447266 -0.00730085372924805 -0.181976318359375 0.228164672851562
0.0258350372314453 0.0016021728515625 -0.211257934570313 -0.173736572265625
0.00537776947021484 0.0144538879394531 0.073760986328125 -0.55194091796875
-0.0266742706298828 0.0189952850341797 0.63677978515625 -0.40966796875
-0.0520706176757813 -0.03729248046875 0.77667236328125 0.4443359375
-0.0238723754882812 -0.111968994140625 0.1783447265625 0.965087890625
0.058441162109375 -0.0774688720703125 -0.13037109375 0.489227294921875
0.0633926391601563 -0.0738906860351563 0.11285400390625 -0.2322998046875
-0.02972412109375 -0.0737762451171875 -0.3682861328125 -0.7110595703125
-0.0629463195800781 -0.0436286926269531 -0.89874267578125 -0.1773681640625
-0.0345687866210938 0.0110340118408203 -0.4842529296875 0.57159423828125
0.00699806213378906 0.0188999176025391 0.195953369140625 0.540313720703125
0.0153675079345703 -0.00165939331054688 0.4141845703125 0.184112548828125
0.0184745788574219 0.00495147705078125 0.326690673828125 -0.158843994140625
0.0173158645629883 0.00287628173828125 0.147064208984375 -0.299591064453125
0.0111551284790039 -0.00129318237304688 -0.1800537109375 0.23486328125
0.0381813049316406 -0.000354766845703125 -0.23138427734375 -0.150070190429687
0.0150699615478516 0.0159397125244141 0.019287109375 -0.537994384765625
-0.0283298492431641 0.0201644897460937 0.5787353515625 -0.4632568359375
-0.0723876953125 -0.0560684204101563 0.80975341796875 0.34039306640625
-0.0489044189453125 -0.178436279296875 0.2762451171875 0.92822265625
0.0745086669921875 -0.174407958984375 -0.10321044921875 0.52984619140625
0.101028442382812 -0.168838500976563 0.09661865234375 -0.179061889648438
-0.0520782470703125 -0.145721435546875 -0.31494140625 -0.70849609375
-0.104522705078125 -0.0702667236328125 -0.880859375 -0.2548828125
-0.052947998046875 0.00915145874023439 -0.547515869140625 0.531005859375
0.00831222534179687 0.0191059112548828 0.138671875 0.5733642578125
0.0226840972900391 -0.000925064086914063 0.3963623046875 0.231201171875
0.0316791534423828 0.00454902648925781 0.333892822265625 -0.137481689453125
0.0365982055664063 0.00579833984375 0.161163330078125 -0.299652099609375
0.0244960784912109 0.000585556030273438 -0.176071166992187 0.248077392578125
0.045806884765625 -0.00664138793945313 -0.26055908203125 -0.106353759765625
0.0260009765625 0.0123748779296875 -0.073028564453125 -0.509613037109375
-0.0194072723388672 0.0226459503173828 0.463165283203125 -0.548919677734375
-0.0854415893554688 -0.0511322021484375 0.83685302734375 0.15692138671875
-0.09222412109375 -0.205047607421875 0.44439697265625 0.84033203125
0.055816650390625 -0.24102783203125 -0.0347900390625 0.5919189453125
0.127685546875 -0.239212036132813 0.0746688842773438 -0.090667724609375
-0.051116943359375 -0.209274291992188 -0.21612548828125 -0.698974609375
-0.126861572265625 -0.107559204101563 -0.83148193359375 -0.40087890625
-0.0713653564453125 -0.0037841796875 -0.6590576171875 0.43524169921875
0.00258827209472656 0.0184612274169922 0.0259399414062499 0.6165771484375
0.0256538391113281 -0.000928878784179687 0.348236083984375 0.3115234375
0.0383796691894531 0.00279998779296875 0.340972900390625 -0.09521484375
0.0483665466308594 0.00783538818359375 0.17919921875 -0.296295166015625
-0.0807037353515625 -0.0376052856445313 -0.166778564453125 0.283966064453125
-0.0311241149902344 -0.0303077697753906 -0.300537109375 0.0295104980468751
-0.0263175964355469 -0.0230617523193359 -0.254852294921875 -0.394744873046875
0.0180797576904297 0.00713920593261719 0.14544677734375 -0.66717529296875
0.0684051513671875 0.0288238525390625 0.7572021484375 -0.2523193359375
0.0965347290039062 0.0878524780273438 0.7596435546875 0.52630615234375
0.04241943359375 0.217315673828125 0.19586181640625 0.66473388671875
-0.08233642578125 0.257431030273438 0.0648345947265625 0.0771560668945313
0.0144500732421875 0.221954345703125 0.04669189453125 -0.65899658203125
0.0986099243164063 0.106826782226563 -0.59808349609375 -0.76495361328125
0.0732879638671875 0.030059814453125 -0.86846923828125 0.0679931640625001
0.0135698318481445 -0.00576686859130859 -0.29876708984375 0.59722900390625
-0.0209903717041016 -0.0255680084228516 0.158111572265625 0.451629638671875
-0.0433273315429688 -0.0130119323730469 0.308807373046875 0.026031494140625
-0.0611763000488281 -0.0134811401367188 0.191253662109375 -0.265579223632813
-0.075775146484375 -0.037017822265625 -0.175262451171875 0.268600463867188
-0.0227394104003906 -0.0252017974853516 -0.279205322265625 -0.037841796875
-0.0192909240722656 -0.0165290832519531 -0.156768798828125 -0.475250244140625
0.0182819366455078 0.0174732208251953 0.32171630859375 -0.64093017578125
0.0560264587402344 0.0457954406738281 0.8272705078125 -0.04534912109375
0.07220458984375 0.110527038574219 0.62158203125 0.708740234375
0.01275634765625 0.228561401367188 0.07757568359375 0.626708984375
-0.0766448974609375 0.2520751953125 0.0874099731445313 -0.03643798828125
0.0432891845703125 0.197418212890625 -0.0890502929687501 -0.71441650390625
0.10400390625 0.0693435668945313 -0.7598876953125 -0.5869140625
0.056182861328125 0.0125656127929688 -0.777099609375 0.2825927734375
0.0038294792175293 -0.00126457214355469 -0.11932373046875 0.61578369140625
-0.0226631164550781 -0.0178356170654297 0.262237548828125 0.37255859375
-0.0410346984863281 -0.0058135986328125 0.322784423828125 -0.035858154296875
-0.0593757629394531 -0.010711669921875 0.174591064453125 -0.27728271484375
-0.064849853515625 -0.0317611694335938 -0.178298950195312 0.252365112304688
-0.0122814178466797 -0.0161981582641602 -0.250106811523438 -0.1019287109375
-0.0126743316650391 -0.00859355926513672 -0.0527954101562499 -0.528472900390625
0.0111217498779297 0.0259037017822266 0.47772216796875 -0.56640625
0.0296745300292969 0.0487327575683594 0.84014892578125 0.1710205078125
0.03369140625 0.100639343261719 0.4462890625 0.85174560546875
-0.0114898681640625 0.197113037109375 -0.01947021484375 0.57122802734375
-0.0540008544921875 0.207611083984375 0.106475830078125 -0.136398315429688
0.0516815185546875 0.143508911132813 -0.22100830078125 -0.733642578125
0.0808486938476563 0.0283203125 -0.8563232421875 -0.39788818359375
0.0308494567871094 0.00239181518554688 -0.65625 0.43994140625
-0.000904560089111329 0.0060272216796875 0.0380859375 0.59429931640625
-0.017399787902832 -0.0106992721557617 0.341156005859375 0.28656005859375
-0.0310859680175781 6.10351562499977E-05 0.32562255859375 -0.092071533203125
-0.0484046936035156 -0.00806808471679688 0.15802001953125 -0.28656005859375
-0.0470848083496094 -0.0243797302246094 -0.1800537109375 0.237350463867187
0.000407218933105468 -0.00756120681762695 -0.223114013671875 -0.147872924804688
-0.00762557983398438 0.000454425811767579 0.03424072265625 -0.5517578125
-0.0029296875 0.0274257659912109 0.583251953125 -0.47796630859375
-0.00166893005371094 0.0309638977050781 0.80755615234375 0.34588623046875
0.00177764892578125 0.0512275695800781 0.28118896484375 0.93145751953125
-0.00917053222656251 0.125663757324219 -0.085968017578125 0.516937255859375
-0.0196762084960937 0.130058288574219 0.1173095703125 -0.208831787109375
0.0359344482421875 0.0747451782226562 -0.31878662109375 -0.72711181640625
0.0384941101074219 -0.00300216674804688 -0.89263916015625 -0.2509765625
0.00540018081665039 0.00163555145263672 -0.543853759765625 0.53125
-0.000322341918945312 0.0132150650024414 0.146575927734375 0.556488037109375
-0.00798416137695313 -0.00491094589233398 0.388427734375 0.213592529296875
-0.0159673690795898 0.00426578521728516 0.322113037109375 -0.1341552734375
-0.0294036865234375 -0.00478935241699218 0.146087646484375 -0.29229736328125
-0.0271797180175781 -0.015380859375 -0.179244995117188 0.22802734375
0.0122880935668945 -0.00112247467041016 -0.209121704101563 -0.172012329101563
-0.00289344787597656 0.00891685485839844 0.079071044921875 -0.553558349609375
-0.0173759460449219 0.0233440399169922 0.635986328125 -0.41229248046875
-0.0289630889892578 -0.00217056274414063 0.77252197265625 0.4412841796875
-0.0136051177978516 -0.0257377624511719 0.1832275390625 0.96038818359375
0.0199184417724609 0.02825927734375 -0.1197509765625 0.48260498046875
0.0217399597167969 0.0311012268066406 0.118927001953125 -0.241714477539062
0.00450658798217773 0.00143861770629883 -0.3709716796875 -0.7120361328125
-0.0123386383056641 -0.0240745544433594 -0.9007568359375 -0.17108154296875
-0.0156421661376953 0.00688552856445312 -0.47906494140625 0.57012939453125
0.00324249267578125 0.0165624618530273 0.199432373046875 0.5289306640625
0.00365734100341797 -0.00242257118225098 0.409393310546875 0.17413330078125
0.00147294998168945 0.00647497177124023 0.320526123046875 -0.157135009765625
-0.00555610656738281 -0.000377655029296875 0.1405029296875 -0.296905517578125
-0.00679588317871094 -0.00581216812133789 -0.178131103515625 0.22650146484375
0.0257511138916016 0.00174331665039063 -0.2110595703125 -0.171051025390625
0.0049896240234375 0.0137548446655273 0.070404052734375 -0.54718017578125
-0.0264606475830078 0.0192337036132813 0.62701416015625 -0.40997314453125
-0.0521469116210938 -0.0375137329101562 0.77215576171875 0.43658447265625
-0.02447509765625 -0.109992980957031 0.180908203125 0.9564208984375
0.057525634765625 -0.0774383544921875 -0.125640869140625 0.48394775390625
0.0636062622070313 -0.0730667114257813 0.110916137695312 -0.231201171875
-0.0298004150390625 -0.0720748901367188 -0.368896484375 -0.70343017578125
-0.063507080078125 -0.0425529479980469 -0.893798828125 -0.17047119140625
-0.0342960357666016 0.0118618011474609 -0.4757080078125 0.569580078125
0.007415771484375 0.0178813934326172 0.198150634765625 0.53515625
0.0142040252685547 -0.00166511535644531 0.41180419921875 0.1795654296875
0.0180454254150391 0.00531578063964844 0.321624755859375 -0.15966796875
0.0176124572753906 0.00268363952636719 0.143951416015625 -0.29833984375
0.0112590789794922 -0.00100898742675781 -0.176284790039062 0.233657836914063
0.0369377136230469 0.000629425048828125 -0.230316162109375 -0.148239135742188
0.014617919921875 0.0158615112304688 0.015472412109375 -0.534423828125
-0.0273647308349609 0.018890380859375 0.56854248046875 -0.4619140625
-0.0728225708007813 -0.0559234619140625 0.80316162109375 0.332275390625
-0.05035400390625 -0.175918579101563 0.27838134765625 0.91827392578125
0.0729522705078125 -0.173370361328125 -0.098876953125 0.524200439453125
0.10089111328125 -0.167633056640625 0.095703125 -0.178268432617188
-0.05255126953125 -0.143508911132813 -0.315673828125 -0.6995849609375
-0.103530883789062 -0.068450927734375 -0.873291015625 -0.2498779296875
-0.0532798767089844 0.00904464721679689 -0.53955078125 0.530120849609375
0.00780868530273437 0.0184459686279297 0.1407470703125 0.56744384765625
0.0219039916992188 -0.000703811645507813 0.393157958984375 0.226043701171875
0.0312347412109375 0.00414657592773438 0.330291748046875 -0.138092041015625
0.0371818542480469 0.005889892578125 0.15740966796875 -0.297760009765625
0.0253467559814453 0.00106430053710938 -0.173294067382813 0.24627685546875
0.0457687377929688 -0.00597000122070313 -0.259506225585938 -0.104263305664063
0.0263404846191406 0.0124549865722656 -0.077239990234375 -0.50390625
-0.0192337036132812 0.0219802856445313 0.45452880859375 -0.54510498046875
-0.0857467651367188 -0.050537109375 0.82843017578125 0.15045166015625
-0.092529296875 -0.202743530273438 0.44378662109375 0.83111572265625
0.0531463623046875 -0.239334106445312 -0.03179931640625 0.58489990234375
0.126327514648438 -0.238113403320313 0.074249267578125 -0.0907745361328125
-0.0512847900390625 -0.206710815429687 -0.21942138671875 -0.692626953125
-0.126205444335938 -0.106307983398438 -0.8272705078125 -0.39202880859375
-0.0708541870117188 -0.00443267822265626 -0.651611328125 0.43634033203125
0.00282478332519531 0.0178260803222656 0.02618408203125 0.6114501953125
0.0256290435791016 -0.000871658325195312 0.34771728515625 0.305999755859375
0.0383949279785156 0.00251388549804688 0.33648681640625 -0.095611572265625
0.04888916015625 0.0075225830078125 0.17437744140625 -0.2945556640625
-0.0802688598632813 -0.03692626953125 -0.16259765625 0.28155517578125
-0.0321578979492188 -0.0290241241455078 -0.2965087890625 0.0301513671875
-0.0262393951416016 -0.0226001739501953 -0.255096435546875 -0.3902587890625
0.0182075500488281 0.00684165954589844 0.13909912109375 -0.66259765625
0.0674591064453125 0.0286865234375 0.74822998046875 -0.25439453125
0.0961685180664062 0.0861740112304687 0.75799560546875 0.518310546875
0.042572021484375 0.215835571289063 0.19708251953125 0.65802001953125
-0.0803375244140625 0.2564697265625 0.06494140625 0.0770111083984375
0.015167236328125 0.220352172851562 0.04345703125 -0.65447998046875
0.0990219116210937 0.105613708496094 -0.59576416015625 -0.756591796875
0.07281494140625 0.0308990478515625 -0.86212158203125 0.0709838867187501
0.0136032104492188 -0.00557231903076172 -0.29443359375 0.5933837890625
-0.0226192474365234 -0.0244064331054688 0.158172607421875 0.44708251953125
-0.0440406799316406 -0.0121803283691406 0.305450439453125 0.025146484375
-0.0603828430175781 -0.0115852355957031 0.188308715820312 -0.264068603515625
-0.0765762329101563 -0.0359649658203125 -0.171005249023438 0.267227172851563
-0.0239639282226563 -0.0236682891845703 -0.275665283203125 -0.0370025634765625
-0.0196399688720703 -0.0169830322265625 -0.15802001953125 -0.470123291015625
0.0187892913818359 0.0173377990722656 0.31378173828125 -0.63653564453125
0.0549468994140625 0.0452804565429688 0.81988525390625 -0.04962158203125
0.0705413818359375 0.108161926269531 0.620849609375 0.6995849609375
0.0126953125 0.22705078125 0.08154296875 0.62213134765625
-0.074310302734375 0.251663208007813 0.087249755859375 -0.0354690551757812
0.043304443359375 0.196029663085938 -0.08966064453125 -0.70849609375
0.103790283203125 0.0682373046875 -0.7550048828125 -0.5782470703125
0.0557403564453125 0.0128326416015625 -0.77166748046875 0.28253173828125
0.00328636169433594 -0.00196337699890137 -0.1160888671875 0.6124267578125
-0.0226955413818359 -0.0178966522216797 0.26031494140625 0.3685302734375
-0.0403900146484375 -0.00558090209960937 0.319183349609375 -0.03662109375
-0.058868408203125 -0.0098419189453125 0.17144775390625 -0.27520751953125
-0.0643043518066406 -0.0302619934082031 -0.174942016601562 0.250137329101563
-0.0134782791137695 -0.0163230895996094 -0.248184204101563 -0.099365234375
-0.0129909515380859 -0.00812149047851563 -0.05572509765625 -0.524749755859375
0.0116825103759766 0.0254554748535156 0.469970703125 -0.56390380859375
0.02899169921875 0.048858642578125 0.8331298828125 0.16534423828125
0.0330276489257812 0.0992050170898438 0.4461669921875 0.8408203125
-0.0104827880859375 0.196243286132813 -0.0151977539062499 0.5665283203125
-0.0521697998046875 0.207275390625 0.105262756347656 -0.135536193847656
0.05126953125 0.141387939453125 -0.22076416015625 -0.72509765625
0.0808944702148438 0.0276870727539063 -0.85015869140625 -0.39263916015625
0.0303382873535156 0.00168037414550781 -0.64849853515625 0.43939208984375
-0.00182104110717773 0.00550127029418945 0.03839111328125 0.59039306640625
-0.0179443359375 -0.00966262817382813 0.3388671875 0.281951904296875
-0.0315380096435547 0.000598907470703124 0.3226318359375 -0.09326171875
-0.047027587890625 -0.00697708129882813 0.1558837890625 -0.284088134765625
-0.0470161437988281 -0.0228538513183594 -0.17626953125 0.235763549804688
-0.00133037567138672 -0.00691604614257813 -0.221435546875 -0.146636962890625
-0.00808000564575195 0.00066852569580078 0.0308837890625001 -0.547210693359375
-0.00235557556152343 0.0282611846923828 0.57623291015625 -0.47430419921875
-0.00177001953125 0.0313034057617188 0.80029296875 0.34088134765625
0.00131988525390625 0.0510025024414063 0.28326416015625 0.92022705078125
-0.00920104980468749 0.125152587890625 -0.08282470703125 0.510345458984375
-0.0183029174804688 0.130172729492188 0.116668701171875 -0.208038330078125
0.0359878540039063 0.0741500854492188 -0.31903076171875 -0.7178955078125
0.0379524230957031 -0.00252914428710938 -0.88909912109375 -0.24468994140625
0.00580596923828125 0.00211715698242188 -0.538421630859375 0.530120849609375
-0.00102996826171875 0.0118093490600586 0.147430419921875 0.551177978515625
-0.00837230682373047 -0.00533390045166016 0.38519287109375 0.209747314453125
-0.0160856246948242 0.00496768951416016 0.3184814453125 -0.134429931640625
-0.0287113189697266 -0.00378608703613282 0.143646240234375 -0.290557861328125
-0.0265522003173828 -0.0127410888671875 -0.175613403320313 0.2254638671875
0.0118331909179688 -0.00115299224853516 -0.208114624023437 -0.169815063476563
-0.00231170654296875 0.00909996032714844 0.0753479003906249 -0.55010986328125
-0.0160255432128906 0.023223876953125 0.62841796875 -0.41302490234375
-0.0296669006347656 -0.00287055969238282 0.76641845703125 0.43304443359375
-0.0143413543701172 -0.0257205963134766 0.184326171875 0.95245361328125
0.0201988220214844 0.0282363891601563 -0.11651611328125 0.4783935546875
0.0225048065185547 0.0311489105224609 0.117340087890625 -0.241302490234375
0.00366353988647461 0.00209403038024902 -0.36895751953125 -0.7044677734375
-0.0123939514160156 -0.0239295959472656 -0.89520263671875 -0.1658935546875
-0.0142049789428711 0.0066680908203125 -0.47265625 0.56842041015625
0.00408554077148437 0.0166540145874023 0.19891357421875 0.5250244140625
0.00377821922302246 -0.00248336791992188 0.4066162109375 0.171783447265625
0.00118064880371094 0.00663614273071289 0.316375732421875 -0.1563720703125
-0.00469446182250977 6.05583190917964E-05 0.138702392578125 -0.2945556640625
-0.00619411468505859 -0.00548171997070312 -0.174850463867188 0.224288940429688
0.0255413055419922 0.00154876708984375 -0.211212158203125 -0.169265747070312
0.00519847869873047 0.0144281387329102 0.067718505859375 -0.54296875
-0.0254497528076172 0.0185146331787109 0.619873046875 -0.408203125
-0.0519981384277344 -0.0368232727050781 0.76702880859375 0.429931640625
-0.0242080688476563 -0.108657836914063 0.18243408203125 0.9466552734375
0.0577545166015625 -0.07672119140625 -0.12261962890625 0.481597900390625
0.0633926391601563 -0.072723388671875 0.109054565429687 -0.2301025390625
-0.0294761657714844 -0.0700149536132812 -0.3682861328125 -0.69598388671875
-0.0631179809570313 -0.0412673950195312 -0.88623046875 -0.166748046875
-0.0335655212402344 0.0107688903808594 -0.47210693359375 0.5675048828125
0.00865554809570313 0.0178775787353516 0.19866943359375 0.530609130859375
0.0142421722412109 -0.00139331817626953 0.408599853515625 0.176788330078125
0.018157958984375 0.00554656982421875 0.317962646484375 -0.159698486328125
0.0179347991943359 0.00294685363769531 0.14190673828125 -0.2969970703125
0.0113058090209961 0.000452041625976563 -0.17388916015625 0.232650756835938
0.0370140075683594 0.00086212158203125 -0.229965209960938 -0.146240234375
0.0159139633178711 0.0154247283935547 0.0132446289062499 -0.52899169921875
-0.02685546875 0.0182247161865234 0.56170654296875 -0.45947265625
-0.0718154907226563 -0.055084228515625 0.79925537109375 0.326416015625
-0.05072021484375 -0.174057006835938 0.2803955078125 0.9100341796875
0.072174072265625 -0.171142578125 -0.094970703125 0.51849365234375
0.099456787109375 -0.16705322265625 0.0942840576171875 -0.178573608398438
-0.0517425537109375 -0.141845703125 -0.3160400390625 -0.6929931640625
-0.103797912597656 -0.0674514770507813 -0.86932373046875 -0.24468994140625
-0.0528488159179688 0.00859451293945312 -0.53515625 0.52923583984375
0.00738525390625 0.0182895660400391 0.142578125 0.5633544921875
0.0221309661865234 -0.00115013122558594 0.390838623046875 0.221527099609375
0.0310420989990234 0.00430488586425781 0.32574462890625 -0.138031005859375
0.0372085571289063 0.00541305541992188 0.1541748046875 -0.296234130859375
0.0255470275878906 0.00191497802734375 -0.169631958007813 0.24505615234375
0.0450439453125 -0.0053863525390625 -0.257675170898438 -0.102203369140625
0.0256748199462891 0.0123195648193359 -0.076385498046875 -0.498992919921875
-0.0183525085449219 0.0217647552490234 0.448577880859375 -0.54327392578125
-0.08612060546875 -0.0507583618164062 0.82122802734375 0.146240234375
-0.0932769775390625 -0.199508666992188 0.44403076171875 0.8223876953125
0.053497314453125 -0.23651123046875 -0.02874755859375 0.5804443359375
0.124404907226562 -0.236480712890625 0.0737075805664063 -0.0910873413085938
-0.0509185791015625 -0.203125 -0.21966552734375 -0.685302734375
-0.125358581542969 -0.104377746582031 -0.82330322265625 -0.38671875
-0.0712356567382813 -0.00462341308593751 -0.64581298828125 0.43609619140625
0.00274848937988281 0.0171670913696289 0.0297241210937501 0.60736083984375
0.0256023406982422 -0.000751495361328125 0.345123291015625 0.30255126953125
0.0383949279785156 0.00329208374023438 0.33367919921875 -0.096405029296875
0.0497398376464844 0.00772857666015625 0.1719970703125 -0.293670654296875
-0.080413818359375 -0.0351333618164063 -0.159637451171875 0.27923583984375
-0.0323696136474609 -0.028564453125 -0.2935791015625 0.031341552734375
-0.0260562896728516 -0.0218696594238281 -0.254486083984375 -0.386260986328125
0.0192623138427734 0.00681495666503906 0.1373291015625 -0.65887451171875
0.0664024353027344 0.0272865295410156 0.7408447265625 -0.2564697265625
0.0938186645507813 0.0852279663085938 0.75390625 0.5128173828125
0.042724609375 0.21405029296875 0.1990966796875 0.65203857421875
-0.0794830322265625 0.255859375 0.0655975341796875 0.07611083984375
0.01483154296875 0.218887329101563 0.04156494140625 -0.650634765625
0.098968505859375 0.104461669921875 -0.5924072265625 -0.75054931640625
0.0731582641601563 0.0299072265625 -0.85595703125 0.0740966796875001
0.0126314163208008 -0.00597667694091797 -0.2921142578125 0.5892333984375
-0.0227584838867187 -0.0235061645507813 0.15704345703125 0.444732666015625
-0.0438957214355469 -0.0118522644042969 0.303466796875 0.0235595703125
-0.059478759765625 -0.0105323791503906 0.18658447265625 -0.2633056640625
-0.0760421752929688 -0.0336837768554687 -0.167404174804688 0.264678955078125
-0.0250988006591797 -0.0228099822998047 -0.274658203125 -0.036712646484375
-0.0196285247802734 -0.0165386199951172 -0.159027099609375 -0.466583251953125
0.0199146270751953 0.0170497894287109 0.30908203125 -0.63201904296875
0.0537071228027344 0.0436058044433594 0.81182861328125 -0.05364990234375
0.070556640625 0.106781005859375 0.61883544921875 0.69207763671875
0.0128936767578125 0.224899291992187 0.0831298828125 0.61676025390625
-0.0723724365234375 0.25030517578125 0.0870895385742188 -0.0353546142578125
0.0432891845703125 0.194473266601563 -0.0930786132812501 -0.702880859375
0.102859497070313 0.0680313110351563 -0.75091552734375 -0.57342529296875
0.0555152893066406 0.0122299194335938 -0.76513671875 0.2823486328125
0.00335264205932617 -0.00193595886230469 -0.1153564453125 0.60748291015625
-0.0229721069335937 -0.0174007415771484 0.25946044921875 0.364959716796875
-0.0416145324707031 -0.00457382202148438 0.316192626953125 -0.03765869140625
-0.0575332641601563 -0.00881576538085938 0.16961669921875 -0.273971557617188
-0.0636482238769531 -0.0285797119140625 -0.172714233398438 0.2486572265625
-0.0140523910522461 -0.0150394439697266 -0.246749877929687 -0.0986175537109375
-0.013585090637207 -0.00752925872802735 -0.057769775390625 -0.520721435546875
0.0114288330078125 0.024810791015625 0.462921142578125 -0.561431884765625
0.0279808044433594 0.0476913452148438 0.82427978515625 0.16168212890625
0.0323715209960938 0.0980377197265625 0.44573974609375 0.83294677734375
-0.0102386474609375 0.193939208984375 -0.0133056640625001 0.561370849609375
-0.0509796142578125 0.205886840820313 0.1044921875 -0.135459899902344
0.0518035888671875 0.141433715820313 -0.22015380859375 -0.71929931640625
0.08038330078125 0.0280990600585938 -0.84454345703125 -0.38690185546875
0.0306491851806641 0.002288818359375 -0.64385986328125 0.4390869140625
-0.00129032135009766 0.00520706176757813 0.03863525390625 0.58612060546875
-0.0181465148925781 -0.0104579925537109 0.335968017578125 0.280242919921875
-0.0314083099365234 0.00148963928222657 0.3189697265625 -0.092987060546875
-0.0461006164550781 -0.00595855712890625 0.153350830078125 -0.28277587890625
-0.0456695556640625 -0.0209693908691406 -0.173126220703125 0.233062744140625
-0.0017247200012207 -0.00641965866088867 -0.220916748046875 -0.144683837890625
-0.00793123245239258 0.00150251388549805 0.0281982421875 -0.54229736328125
-0.00200080871582031 0.0267124176025391 0.56988525390625 -0.47357177734375
-0.00207710266113281 0.0310535430908203 0.7940673828125 0.3358154296875
0.001190185546875 0.0499343872070313 0.283203125 0.9129638671875
-0.00818634033203126 0.124641418457031 -0.080718994140625 0.506927490234375
-0.0173721313476563 0.12908935546875 0.116058349609375 -0.206863403320312
0.03582763671875 0.074127197265625 -0.31793212890625 -0.71112060546875
0.0378837585449219 -0.00336837768554687 -0.8826904296875 -0.23956298828125
0.00636196136474609 0.0018610954284668 -0.5323486328125 0.528778076171875
-0.00032329559326172 0.0115575790405273 0.14715576171875 0.548187255859375
-0.00859165191650391 -0.00457954406738281 0.383056640625 0.2093505859375
-0.0165748596191406 0.00594139099121094 0.315093994140625 -0.1336669921875
-0.027252197265625 -0.00360488891601563 0.141632080078125 -0.28900146484375
-0.0259914398193359 -0.0117473602294922 -0.173690795898438 0.2239990234375
0.0114994049072266 0.000517845153808594 -0.207412719726562 -0.168014526367188
-0.00279617309570313 0.00937461853027344 0.07208251953125 -0.545318603515625
-0.0159339904785156 0.0233421325683594 0.6217041015625 -0.41021728515625
-0.0294933319091797 -0.00284385681152344 0.76214599609375 0.4296875
-0.0142822265625 -0.0250930786132813 0.1851806640625 0.9434814453125
0.0210552215576172 0.0288906097412109 -0.11480712890625 0.47314453125
0.0226821899414063 0.0306606292724609 0.116500854492188 -0.2396240234375
0.00450515747070313 0.0020599365234375 -0.36932373046875 -0.69805908203125
-0.0127601623535156 -0.0234642028808594 -0.88824462890625 -0.161865234375
-0.0143489837646484 0.00655269622802734 -0.468017578125 0.565673828125
0.00337314605712891 0.0156259536743164 0.19854736328125 0.52105712890625
0.00262236595153809 -0.00225400924682617 0.404632568359375 0.1693115234375
0.00150823593139649 0.00712347030639649 0.3123779296875 -0.156646728515625
-0.00374531745910644 0.00022125244140625 0.136444091796875 -0.291900634765625
-0.00542831420898438 -0.00371694564819336 -0.17279052734375 0.222213745117188
0.0241565704345703 0.00289726257324219 -0.209732055664063 -0.166854858398437
0.00449180603027344 0.0141334533691406 0.065032958984375 -0.5390625
-0.0252628326416016 0.0186748504638672 0.61328125 -0.40570068359375
-0.0518150329589844 -0.0371055603027344 0.7596435546875 0.4271240234375
-0.0257110595703125 -0.107406616210938 0.1851806640625 0.93951416015625
0.056732177734375 -0.0752410888671875 -0.12109375 0.475311279296875
0.063201904296875 -0.0721511840820313 0.109024047851562 -0.228927612304688
-0.0291824340820312 -0.0693397521972656 -0.3682861328125 -0.68841552734375
-0.0622367858886719 -0.04058837890625 -0.88134765625 -0.16314697265625
-0.0332374572753906 0.0113697052001953 -0.46746826171875 0.56439208984375
0.00798702239990234 0.0170173645019531 0.19757080078125 0.5247802734375
0.0134868621826172 -0.00187969207763672 0.40521240234375 0.172454833984375
0.0175142288208008 0.00510883331298828 0.315277099609375 -0.157470703125
0.0187149047851563 0.00362014770507812 0.13922119140625 -0.29437255859375
0.0124902725219727 0.000739097595214844 -0.170822143554688 0.229537963867187
0.0361404418945313 0.000881195068359375 -0.228729248046875 -0.1441650390625
0.0148553848266602 0.0157489776611328 0.0111083984374999 -0.524658203125
-0.0264091491699219 0.0182456970214844 0.55499267578125 -0.457305908203125
-0.0720596313476563 -0.0554351806640625 0.791748046875 0.32232666015625
-0.0518798828125 -0.17156982421875 0.27978515625 0.90411376953125
0.0715179443359375 -0.170013427734375 -0.094085693359375 0.514190673828125
0.0989227294921875 -0.16632080078125 0.0938568115234375 -0.1767578125
-0.0516586303710938 -0.139625549316406 -0.31512451171875 -0.68621826171875
-0.103385925292969 -0.0665512084960937 -0.86346435546875 -0.241455078125
-0.0515975952148438 0.00846099853515624 -0.5296630859375 0.526397705078125
0.0074615478515625 0.0180587768554688 0.14178466796875 0.558258056640625
0.0218315124511719 -0.00131607055664063 0.38787841796875 0.218902587890625
0.0305995941162109 0.0044097900390625 0.32391357421875 -0.137969970703125
0.0383110046386719 0.00561904907226562 0.152252197265625 -0.29437255859375
0.0262832641601563 0.00247001647949219 -0.1669921875 0.242538452148438
0.0445022583007813 -0.00496673583984375 -0.256683349609375 -0.100982666015625
0.0252189636230469 0.012359619140625 -0.077484130859375 -0.494476318359375
-0.0181713104248047 0.021484375 0.441925048828125 -0.538177490234375
-0.0857467651367188 -0.0502700805664062 0.81591796875 0.14251708984375
-0.0940093994140625 -0.197311401367188 0.4423828125 0.8162841796875
0.0523834228515625 -0.23529052734375 -0.0264892578125 0.57476806640625
0.124359130859375 -0.234664916992188 0.0736312866210938 -0.091033935546875
-0.0515899658203125 -0.2012939453125 -0.2188720703125 -0.6787109375
-0.124588012695313 -0.1036376953125 -0.8179931640625 -0.38214111328125
-0.070037841796875 -0.00497817993164062 -0.6385498046875 0.4371337890625
0.00262355804443359 0.0167007446289063 0.029541015625 0.60333251953125
0.0240421295166016 -0.000885009765625 0.343048095703125 0.2998046875
0.0377388000488281 0.00319671630859375 0.329925537109375 -0.095489501953125
0.0499763488769531 0.00807952880859375 0.169952392578125 -0.2919921875
-0.0801773071289063 -0.0335922241210937 -0.156265258789063 0.276901245117188
-0.0326957702636719 -0.0280437469482422 -0.29095458984375 0.0311279296875
-0.0263252258300781 -0.0219898223876953 -0.254058837890625 -0.38323974609375
0.0195426940917969 0.007598876953125 0.1312255859375 -0.6552734375
0.0643997192382813 0.0273094177246094 0.73321533203125 -0.256591796875
0.0920562744140625 0.0839614868164063 0.75054931640625 0.50701904296875
0.043212890625 0.212722778320313 0.199462890625 0.646240234375
-0.0771636962890625 0.254074096679688 0.0646591186523438 0.07647705078125
0.0156402587890625 0.218170166015625 0.04058837890625 -0.64501953125
0.0976715087890625 0.103836059570312 -0.58837890625 -0.743896484375
0.0734329223632813 0.029541015625 -0.85015869140625 0.0736694335937501
0.0126495361328125 -0.0054168701171875 -0.28948974609375 0.5859375
-0.0233001708984375 -0.0226192474365234 0.156494140625 0.441070556640625
-0.0443267822265625 -0.0105247497558594 0.300048828125 0.02349853515625
-0.0583610534667969 -0.00989151000976562 0.18524169921875 -0.261871337890625
-0.0755386352539062 -0.0325927734375 -0.165695190429688 0.262298583984375
-0.0255985260009766 -0.0223617553710938 -0.271804809570313 -0.0357666015625
-0.020294189453125 -0.0163192749023437 -0.158905029296875 -0.463897705078125
0.0194492340087891 0.0165977478027344 0.3037109375 -0.62921142578125
0.05255126953125 0.043975830078125 0.8048095703125 -0.05523681640625
0.0687255859375 0.1053466796875 0.6160888671875 0.686767578125
0.013275146484375 0.223495483398437 0.0862426757812499 0.61138916015625
-0.0716400146484375 0.249099731445313 0.0866775512695313 -0.035858154296875
0.0433807373046875 0.194107055664063 -0.09124755859375 -0.697509765625
0.102584838867188 0.0670318603515625 -0.74591064453125 -0.56884765625
0.0562019348144531 0.0115242004394531 -0.7603759765625 0.28271484375
0.00322747230529785 -0.00185918807983398 -0.11529541015625 0.6041259765625
-0.0241718292236328 -0.0169258117675781 0.2586669921875 0.36285400390625
-0.0415229797363281 -0.00377655029296876 0.31402587890625 -0.0377197265625
-0.0560989379882813 -0.00799179077148437 0.168136596679688 -0.272613525390625
-0.0633697509765625 -0.0272064208984375 -0.168502807617188 0.24578857421875
-0.0149612426757813 -0.0146493911743164 -0.244964599609375 -0.0982666015625
-0.0135507583618164 -0.00754261016845703 -0.057891845703125 -0.51739501953125
0.0126590728759766 0.0243301391601562 0.45794677734375 -0.557708740234375
0.0271492004394531 0.0482254028320313 0.8184814453125 0.1580810546875
0.0316162109375 0.0967330932617187 0.4427490234375 0.8262939453125
-0.00994873046875001 0.193084716796875 -0.01190185546875 0.5570068359375
-0.0504302978515625 0.205062866210938 0.104705810546875 -0.134681701660156
0.051605224609375 0.141082763671875 -0.22052001953125 -0.71533203125
0.0801849365234375 0.0275039672851562 -0.8399658203125 -0.38433837890625
0.0310688018798828 0.00159835815429688 -0.64080810546875 0.4356689453125
-0.00130939483642578 0.00492286682128906 0.038330078125 0.5816650390625
-0.0186271667480469 -0.00986289978027344 0.333984375 0.276763916015625
-0.0314235687255859 0.00181770324707031 0.315887451171875 -0.0928955078125
-0.04547119140625 -0.0053863525390625 0.152252197265625 -0.280853271484375
-0.0461769104003906 -0.0203514099121094 -0.171722412109375 0.2305908203125
-0.00203037261962891 -0.00598859786987305 -0.219955444335938 -0.144012451171875
-0.00803184509277344 0.00147342681884765 0.0271301269531249 -0.539154052734375
-0.00112152099609375 0.0256843566894531 0.564697265625 -0.4696044921875
-0.00200271606445312 0.0306396484375 0.788818359375 0.33111572265625
0.000831604003906252 0.050018310546875 0.28277587890625 0.90625
-0.00891876220703126 0.123886108398437 -0.0802001953125 0.502960205078125
-0.01727294921875 0.127540588378906 0.115264892578125 -0.205764770507813
0.0358428955078125 0.0741424560546875 -0.31689453125 -0.70660400390625
0.0377349853515625 -0.00255203247070312 -0.87677001953125 -0.23944091796875
0.00594806671142578 0.00190210342407227 -0.528076171875 0.526031494140625
-0.000467300415039062 0.0114736557006836 0.14556884765625 0.541900634765625
-0.00904369354248047 -0.00493335723876953 0.37994384765625 0.206878662109375
-0.0167713165283203 0.00540924072265625 0.312225341796875 -0.134307861328125
-0.0266094207763672 -0.00293731689453125 0.139862060546875 -0.286590576171875
-0.0262031555175781 -0.0109405517578125 -0.171234130859375 0.221572875976563
0.0108232498168945 0.000698089599609375 -0.2059326171875 -0.1669921875
-0.00212287902832031 0.00975894927978516 0.0714111328125 -0.541778564453125
-0.01507568359375 0.0227489471435547 0.61322021484375 -0.4068603515625
-0.0297431945800781 -0.00324630737304687 0.75482177734375 0.4239501953125
-0.0144309997558594 -0.0244464874267578 0.18402099609375 0.93646240234375
0.0199508666992188 0.0286064147949219 -0.1126708984375 0.468658447265625
0.0231208801269531 0.0307044982910156 0.116195678710937 -0.238128662109375
0.00496149063110352 0.00307035446166992 -0.3660888671875 -0.6912841796875
-0.0130653381347656 -0.0231590270996094 -0.88232421875 -0.1590576171875
-0.0144853591918945 0.00694561004638672 -0.4652099609375 0.56280517578125
0.00364589691162109 0.0153522491455078 0.196533203125 0.51708984375
0.00269961357116699 -0.00212502479553223 0.40118408203125 0.1669921875
0.00133991241455078 0.00673913955688477 0.310211181640625 -0.155426025390625
-0.00335311889648437 0.000309467315673828 0.13482666015625 -0.29071044921875
-0.00560760498046875 -0.00206422805786133 -0.169296264648437 0.2208251953125
0.0245189666748047 0.00279617309570312 -0.209121704101563 -0.165756225585938
0.00490760803222656 0.013554573059082 0.0640869140625 -0.534759521484375
-0.0250320434570313 0.0178604125976562 0.6092529296875 -0.40203857421875
-0.0524024963378906 -0.0376472473144531 0.75445556640625 0.42132568359375
-0.0262985229492187 -0.106369018554687 0.18267822265625 0.93408203125
0.05694580078125 -0.0747146606445313 -0.1207275390625 0.47100830078125
0.0644912719726562 -0.072479248046875 0.107894897460938 -0.228302001953125
-0.0283966064453125 -0.0690841674804688 -0.3658447265625 -0.68511962890625
-0.0621528625488281 -0.0407943725585937 -0.87548828125 -0.1602783203125
-0.0325336456298828 0.0103225708007813 -0.46533203125 0.561981201171875
0.00762939453125 0.0179519653320312 0.195068359375 0.521728515625
0.0128021240234375 -0.00149726867675781 0.402252197265625 0.171112060546875
0.0171070098876953 0.00600910186767578 0.311279296875 -0.157958984375
0.0199146270751953 0.00340843200683594 0.1385498046875 -0.29278564453125
0.012721061706543 0.00134468078613281 -0.168365478515625 0.227294921875
0.0365142822265625 0.00102615356445312 -0.2281494140625 -0.1427001953125
0.0146045684814453 0.0156822204589844 0.00942993164062497 -0.521728515625
-0.0263748168945312 0.0176868438720703 0.55035400390625 -0.455780029296875
-0.0722808837890625 -0.0563201904296875 0.786376953125 0.319091796875
-0.051605224609375 -0.169662475585938 0.27899169921875 0.89654541015625
0.0715484619140625 -0.169021606445313 -0.092926025390625 0.50946044921875
0.0993194580078125 -0.165069580078125 0.09259033203125 -0.176361083984375
-0.0510711669921875 -0.137458801269531 -0.312744140625 -0.68011474609375
-0.102020263671875 -0.0656661987304688 -0.8599853515625 -0.23895263671875
-0.0524482727050781 0.0078582763671875 -0.5262451171875 0.5238037109375
0.0074453353881836 0.0174665451049805 0.139862060546875 0.55517578125
0.0212421417236328 -0.00139236450195313 0.386138916015625 0.216644287109375
0.0303955078125 0.00556373596191406 0.320465087890625 -0.136138916015625
0.0394744873046875 0.00557708740234375 0.1513671875 -0.293487548828125
0.0270748138427734 0.00284767150878906 -0.165191650390625 0.2412109375
0.0439338684082031 -0.00425338745117188 -0.255294799804688 -0.0996551513671875
0.0260334014892578 0.011932373046875 -0.0792236328125 -0.491851806640625
-0.0190162658691406 0.0207977294921875 0.43853759765625 -0.5340576171875
-0.0852813720703125 -0.0508575439453125 0.8089599609375 0.14111328125
-0.0939178466796875 -0.196273803710938 0.44061279296875 0.81072998046875
0.0519866943359375 -0.232833862304688 -0.02679443359375 0.56982421875
0.124496459960938 -0.233978271484375 0.0728836059570313 -0.0908355712890625
-0.0506439208984375 -0.199478149414062 -0.2177734375 -0.67315673828125
-0.124031066894531 -0.101524353027344 -0.81365966796875 -0.378173828125
-0.0699043273925781 -0.00511932373046876 -0.63568115234375 0.43255615234375
0.00296497344970703 0.0164432525634766 0.02978515625 0.599609375
0.02490234375 -0.000762939453125 0.34149169921875 0.29541015625
0.0370216369628906 0.00266647338867188 0.327667236328125 -0.09527587890625
0.04998779296875 0.0079803466796875 0.168548583984375 -0.29046630859375
-0.0805282592773438 -0.0323028564453125 -0.155410766601563 0.274200439453125
-0.0343208312988281 -0.0270900726318359 -0.289520263671875 0.03057861328125
-0.0267086029052734 -0.0224342346191406 -0.25244140625 -0.380218505859375
0.01995849609375 0.00704193115234375 0.1300048828125 -0.64984130859375
0.0640792846679688 0.0268592834472656 0.72869873046875 -0.25634765625
0.0907669067382813 0.082855224609375 0.74676513671875 0.50445556640625
0.042572021484375 0.2113037109375 0.19989013671875 0.642578125
-0.077239990234375 0.253097534179687 0.0656967163085938 0.0762557983398438
0.0147247314453125 0.217071533203125 0.041015625 -0.640380859375
0.0974349975585937 0.103134155273437 -0.58721923828125 -0.7423095703125
0.0734024047851563 0.029510498046875 -0.84832763671875 0.0739746093750001
0.0125913619995117 -0.00602626800537109 -0.290771484375 0.5833740234375
-0.0234012603759766 -0.0224781036376953 0.15521240234375 0.439971923828125
-0.0441513061523438 -0.0104446411132813 0.29815673828125 0.0230712890625
-0.0569686889648438 -0.00853347778320314 0.1834716796875 -0.260162353515625
-0.0759124755859375 -0.0315628051757812 -0.162628173828125 0.260162353515625
-0.0265274047851563 -0.0214443206787109 -0.270645141601563 -0.0361175537109375
-0.0194320678710937 -0.0168552398681641 -0.159576416015625 -0.460540771484375
0.0202522277832031 0.0166835784912109 0.30072021484375 -0.62548828125
0.0521507263183594 0.0436515808105469 0.8004150390625 -0.0572509765625
0.0678863525390625 0.104728698730469 0.61273193359375 0.68218994140625
0.0129547119140625 0.222671508789063 0.085693359375 0.60736083984375
-0.0708770751953125 0.247787475585938 0.0861968994140625 -0.0352020263671875
0.04217529296875 0.194000244140625 -0.09124755859375 -0.69342041015625
0.10186767578125 0.0665206909179688 -0.74346923828125 -0.5653076171875
0.0559043884277344 0.0120697021484375 -0.75732421875 0.2821044921875
0.00362372398376465 -0.00112438201904297 -0.11639404296875 0.60003662109375
-0.0239067077636719 -0.0168800354003906 0.256439208984375 0.360565185546875
-0.0419197082519531 -0.00421142578125 0.3114013671875 -0.037017822265625
-0.0551567077636719 -0.00682830810546875 0.167129516601562 -0.2711181640625
-0.0636749267578125 -0.0263481140136719 -0.167282104492188 0.244293212890625
-0.0157909393310547 -0.0136547088623047 -0.242843627929688 -0.0985412597656249
-0.0130586624145508 -0.0070953369140625 -0.058746337890625 -0.513946533203125
0.0125389099121094 0.02410888671875 0.45361328125 -0.555328369140625
0.0267295837402344 0.0467796325683594 0.812744140625 0.15582275390625
0.0303573608398438 0.0963211059570313 0.44140625 0.8212890625
-0.00955200195312502 0.191986083984375 -0.01165771484375 0.552215576171875
-0.049041748046875 0.203933715820312 0.104560852050781 -0.133949279785156
0.0513916015625 0.140792846679688 -0.218017578125 -0.70947265625
0.0794448852539063 0.0266571044921875 -0.83612060546875 -0.3826904296875
0.0316181182861328 0.00216484069824219 -0.63702392578125 0.43408203125
-0.00196075439453125 0.00488901138305664 0.0362548828125 0.579345703125
-0.0188159942626953 -0.0101947784423828 0.33258056640625 0.27471923828125
-0.0318126678466797 0.00234031677246094 0.314483642578125 -0.09210205078125
-0.0444259643554687 -0.00503540039062501 0.150909423828125 -0.279205322265625
-0.0463142395019531 -0.0186500549316406 -0.169677734375 0.229019165039063
-0.00309848785400391 -0.00458002090454102 -0.218276977539062 -0.14263916015625
-0.00835752487182617 0.00145578384399414 0.026397705078125 -0.53472900390625
-0.000339508056640624 0.0262660980224609 0.55963134765625 -0.467620849609375
-0.00317955017089844 0.0301666259765625 0.78314208984375 0.33026123046875
-0.00029373168945313 0.0498809814453125 0.28094482421875 0.90093994140625
-0.00853729248046874 0.123443603515625 -0.077362060546875 0.497894287109375
-0.0156936645507813 0.127761840820313 0.1142578125 -0.204421997070313
0.0361251831054687 0.0737457275390625 -0.315185546875 -0.7015380859375
0.0371894836425781 -0.00325393676757812 -0.87261962890625 -0.23748779296875
0.00682544708251953 0.00178289413452148 -0.527069091796875 0.523162841796875
-6.38961791992189E-05 0.0112791061401367 0.144805908203125 0.54010009765625
-0.00937461853027344 -0.0050058364868164 0.376739501953125 0.205108642578125
-0.0167741775512695 0.00636005401611328 0.3101806640625 -0.13311767578125
-0.0247631072998047 -0.00234794616699219 0.139373779296875 -0.28497314453125
-0.0254383087158203 -0.00977897644042969 -0.16961669921875 0.218994140625
0.0102901458740234 0.00183296203613281 -0.205474853515625 -0.166091918945312
-0.00312614440917969 0.00911903381347656 0.071258544921875 -0.538543701171875
-0.0150604248046875 0.0229358673095703 0.6104736328125 -0.40435791015625
-0.0293159484863281 -0.00312614440917969 0.7509765625 0.42376708984375
-0.0156059265136719 -0.0242156982421875 0.18408203125 0.93170166015625
0.0211772918701172 0.0285263061523438 -0.112548828125 0.4649658203125
0.0243301391601563 0.03082275390625 0.11553955078125 -0.237548828125
0.00458765029907227 0.00403261184692383 -0.36419677734375 -0.6893310546875
-0.0126991271972656 -0.0239982604980469 -0.87744140625 -0.16107177734375
-0.01446533203125 0.00638389587402344 -0.462127685546875 0.56060791015625
0.00386619567871094 0.0146512985229492 0.195587158203125 0.514739990234375
0.00248885154724121 -0.00198054313659668 0.39764404296875 0.1663818359375
0.000528335571289063 0.00747203826904297 0.308349609375 -0.155242919921875
-0.0021965503692627 0.00105667114257812 0.134063720703125 -0.289215087890625
-0.00465250015258789 -0.00166034698486328 -0.168350219726563 0.218475341796875
0.0238666534423828 0.00437164306640625 -0.208282470703125 -0.16510009765625
0.00404262542724609 0.0144271850585937 0.0631408691406249 -0.53143310546875
-0.0249042510986328 0.0174808502197266 0.60430908203125 -0.39923095703125
-0.0525360107421875 -0.0373306274414063 0.750244140625 0.41961669921875
-0.0259323120117188 -0.105293273925781 0.18084716796875 0.92742919921875
0.05657958984375 -0.07427978515625 -0.11944580078125 0.468505859375
0.0641098022460938 -0.072021484375 0.107757568359375 -0.227798461914063
-0.0280685424804688 -0.0676002502441406 -0.3634033203125 -0.67913818359375
-0.0620384216308594 -0.0396347045898437 -0.87225341796875 -0.15911865234375
-0.0322360992431641 0.0101814270019531 -0.462554931640625 0.559326171875
0.00712490081787109 0.016876220703125 0.193389892578125 0.519989013671875
0.0125665664672852 -0.000582695007324219 0.40020751953125 0.169769287109375
0.0175561904907227 0.00616359710693359 0.31072998046875 -0.15655517578125
0.0204410552978516 0.00365066528320313 0.137298583984375 -0.29083251953125
0.0143337249755859 0.00244998931884766 -0.167587280273438 0.226104736328125
0.0356025695800781 0.00217056274414063 -0.227005004882813 -0.14239501953125
0.014617919921875 0.0154781341552734 0.00946044921874996 -0.5184326171875
-0.0255355834960937 0.0163421630859375 0.54833984375 -0.450653076171875
-0.071685791015625 -0.0558013916015625 0.7813720703125 0.31866455078125
-0.0517730712890625 -0.168853759765625 0.27789306640625 0.89324951171875
0.071624755859375 -0.1671142578125 -0.09259033203125 0.50592041015625
0.09967041015625 -0.164932250976563 0.0927734375 -0.175918579101563
-0.0503387451171875 -0.136482238769531 -0.30914306640625 -0.67584228515625
-0.10174560546875 -0.0652542114257812 -0.85382080078125 -0.23736572265625
-0.0514564514160156 0.00724029541015624 -0.52398681640625 0.521514892578125
0.00758266448974609 0.0174579620361328 0.138824462890625 0.552276611328125
0.0206336975097656 -0.00103187561035156 0.382415771484375 0.215667724609375
0.0296649932861328 0.0048065185546875 0.3177490234375 -0.13531494140625
0.0398788452148438 0.00441741943359375 0.14996337890625 -0.291656494140625
0.0271739959716797 0.00342178344726563 -0.163055419921875 0.23907470703125
0.0435371398925781 -0.00420379638671875 -0.254257202148438 -0.0991058349609375
0.0257778167724609 0.0120658874511719 -0.07861328125 -0.488433837890625
-0.0181026458740234 0.0202236175537109 0.435699462890625 -0.53033447265625
-0.0850143432617188 -0.0504226684570313 0.803466796875 0.14111328125
-0.09326171875 -0.19384765625 0.43572998046875 0.80633544921875
0.0523529052734375 -0.231414794921875 -0.0267333984375 0.56494140625
0.124496459960938 -0.23333740234375 0.0731658935546875 -0.0904312133789063
-0.049530029296875 -0.197982788085938 -0.21649169921875 -0.66888427734375
-0.124053955078125 -0.10107421875 -0.80828857421875 -0.37835693359375
-0.0696983337402344 -0.00565338134765626 -0.633544921875 0.431884765625
0.00240707397460938 0.0162820816040039 0.02960205078125 0.59814453125
0.0243892669677734 -0.000322341918945313 0.339447021484375 0.293853759765625
0.0371780395507813 0.00310516357421875 0.3250732421875 -0.095550537109375
0.0512886047363281 0.00662612915039063 0.167144775390625 -0.288482666015625
-0.07977294921875 -0.0315933227539063 -0.153594970703125 0.272613525390625
-0.0345020294189453 -0.0264091491699219 -0.28790283203125 0.0302734375
-0.0273628234863281 -0.0223636627197266 -0.25177001953125 -0.380279541015625
0.0204486846923828 0.00602531433105469 0.12896728515625 -0.64691162109375
0.06329345703125 0.0274429321289063 0.72412109375 -0.255126953125
0.0896377563476563 0.08160400390625 0.7447509765625 0.50091552734375
0.042144775390625 0.210739135742188 0.20001220703125 0.6405029296875
-0.0759735107421875 0.2523193359375 0.0647354125976563 0.07586669921875
0.013671875 0.216827392578125 0.04217529296875 -0.6375732421875
0.0972900390625 0.102729797363281 -0.58197021484375 -0.73992919921875
0.0727081298828125 0.02947998046875 -0.84490966796875 0.0715332031250001
0.0125303268432617 -0.00669956207275391 -0.29144287109375 0.58087158203125
-0.0234661102294922 -0.0218334197998047 0.152618408203125 0.43743896484375
-0.0437049865722656 -0.00994110107421874 0.296966552734375 0.024261474609375
-0.0562744140625 -0.00786209106445312 0.18280029296875 -0.259368896484375
-0.0746917724609375 -0.029754638671875 -0.162445068359375 0.25811767578125
-0.0268955230712891 -0.0208244323730469 -0.269241333007813 -0.03668212890625
-0.0197620391845703 -0.0165309906005859 -0.159149169921875 -0.46014404296875
0.0206985473632812 0.0163631439208984 0.29840087890625 -0.62255859375
0.051788330078125 0.043487548828125 0.79473876953125 -0.0552978515625
0.066131591796875 0.103874206542969 0.6094970703125 0.680419921875
0.0127105712890625 0.222274780273437 0.0845336914062501 0.60504150390625
-0.0701904296875 0.246917724609375 0.0871124267578125 -0.0341567993164062
0.041748046875 0.19256591796875 -0.0891113281249999 -0.69134521484375
0.101425170898438 0.0663528442382813 -0.73907470703125 -0.56524658203125
0.0558967590332031 0.0116043090820313 -0.75537109375 0.27972412109375
0.00341606140136719 -0.0026395320892334 -0.1171875 0.59808349609375
-0.0250301361083984 -0.0160694122314453 0.253387451171875 0.359832763671875
-0.0411453247070312 -0.00293731689453124 0.309844970703125 -0.03704833984375
-0.0537223815917969 -0.00660324096679687 0.166427612304688 -0.270187377929688
-0.0635528564453125 -0.0249099731445313 -0.16619873046875 0.241668701171875
-0.0154848098754883 -0.0128688812255859 -0.242111206054688 -0.0985260009765625
-0.0138044357299805 -0.00790119171142578 -0.057647705078125 -0.512542724609375
0.0128669738769531 0.0240001678466797 0.451812744140625 -0.55084228515625
0.0266151428222656 0.0466880798339844 0.8096923828125 0.15643310546875
0.0300064086914063 0.0957183837890625 0.4395751953125 0.81884765625
-0.01019287109375 0.191116333007813 -0.0113525390625 0.549713134765625
-0.048095703125 0.202423095703125 0.104843139648438 -0.133148193359375
0.0503921508789063 0.139747619628906 -0.21710205078125 -0.70806884765625
0.0786972045898438 0.0262603759765625 -0.83160400390625 -0.38214111328125
0.0312385559082031 0.00172615051269531 -0.6375732421875 0.43280029296875
-0.00171446800231934 0.00435614585876465 0.03680419921875 0.57574462890625
-0.0196704864501953 -0.00910186767578125 0.32904052734375 0.274810791015625
-0.0318260192871094 0.0029449462890625 0.311920166015625 -0.091278076171875
-0.0432090759277344 -0.00344467163085937 0.15093994140625 -0.278564453125
-0.0455780029296875 -0.0178794860839844 -0.168319702148438 0.227127075195313
-0.00331878662109375 -0.00471830368041992 -0.217681884765625 -0.143630981445312
-0.00767612457275391 0.00135898590087891 0.02703857421875 -0.533660888671875
-0.000654220581054687 0.0257282257080078 0.557708740234375 -0.464080810546875
-0.00335502624511719 0.0297775268554688 0.77880859375 0.3284912109375
-0.000286102294921875 0.0494804382324219 0.2767333984375 0.89703369140625
-0.00840759277343751 0.123085021972656 -0.078460693359375 0.49554443359375
-0.0158615112304687 0.127647399902344 0.115829467773438 -0.203811645507813
0.0364532470703125 0.07421875 -0.31256103515625 -0.70062255859375
0.0371818542480469 -0.00360488891601563 -0.869140625 -0.23797607421875
0.00637674331665039 0.00156402587890625 -0.526031494140625 0.519256591796875
-0.000248908996582032 0.0109386444091797 0.14178466796875 0.53863525390625
-0.010101318359375 -0.00455856323242188 0.374237060546875 0.20391845703125
-0.0165910720825195 0.00711631774902344 0.3094482421875 -0.131011962890625
-0.0239238739013672 -0.00138473510742187 0.13885498046875 -0.284698486328125
-0.0252513885498047 -0.00818824768066406 -0.168930053710938 0.217117309570313
0.0104770660400391 0.00216293334960938 -0.2039794921875 -0.16650390625
-0.00296401977539062 0.00901603698730469 0.0697021484374999 -0.53570556640625
-0.0143661499023437 0.0207786560058594 0.60711669921875 -0.40118408203125
-0.0297470092773438 -0.003204345703125 0.746826171875 0.4227294921875
-0.0152111053466797 -0.0238056182861328 0.18072509765625 0.92877197265625
0.0209445953369141 0.0282783508300781 -0.11224365234375 0.4625244140625
0.0243396759033203 0.030517578125 0.11676025390625 -0.236709594726562
0.00487232208251953 0.00385141372680664 -0.3616943359375 -0.68511962890625
-0.0124263763427734 -0.0231266021728516 -0.8734130859375 -0.1605224609375
-0.0135946273803711 0.00614738464355469 -0.462982177734375 0.556915283203125
0.003387451171875 0.0144290924072266 0.1942138671875 0.512359619140625
0.0016939640045166 -0.00172173976898193 0.3963623046875 0.165924072265625
0.000158309936523438 0.00789690017700195 0.30657958984375 -0.15325927734375
-0.00174939632415771 0.00124585628509522 0.13372802734375 -0.28753662109375
-0.00422453880310059 -0.00081181526184082 -0.167816162109375 0.2164306640625
0.0233821868896484 0.00440597534179688 -0.20751953125 -0.164306640625
0.00458335876464844 0.0145788192749023 0.0632019042968749 -0.529510498046875
-0.0251750946044922 0.016937255859375 0.6019287109375 -0.39532470703125
-0.0520744323730469 -0.0376167297363281 0.745849609375 0.41943359375
-0.025909423828125 -0.104499816894531 0.179931640625 0.92608642578125
0.0567626953125 -0.073486328125 -0.12078857421875 0.4644775390625
0.0650405883789062 -0.0713119506835938 0.108489990234375 -0.227081298828125
-0.0274124145507813 -0.0665817260742187 -0.36016845703125 -0.677001953125
-0.0616607666015625 -0.0400466918945313 -0.86834716796875 -0.16143798828125
-0.0327396392822266 0.00973320007324219 -0.461334228515625 0.55584716796875
0.00728797912597656 0.0156745910644531 0.191986083984375 0.51776123046875
0.0119028091430664 -0.00106525421142578 0.398468017578125 0.170135498046875
0.0166110992431641 0.00652217864990234 0.308563232421875 -0.15460205078125
0.0205593109130859 0.00345993041992187 0.137908935546875 -0.289825439453125
0.0142192840576172 0.00312995910644531 -0.16656494140625 0.224273681640625
0.0357322692871094 0.00290298461914063 -0.226913452148438 -0.1414794921875
0.0144424438476563 0.0157442092895508 0.0106201171875 -0.515472412109375
-0.0258407592773437 0.0168972015380859 0.54595947265625 -0.449005126953125
-0.0723037719726563 -0.05560302734375 0.777099609375 0.319580078125
-0.0511627197265625 -0.16741943359375 0.275390625 0.8897705078125
0.0723114013671875 -0.166732788085937 -0.0941162109375 0.503143310546875
0.0999603271484375 -0.164443969726563 0.0930328369140625 -0.176437377929688
-0.0492172241210938 -0.135505676269531 -0.3074951171875 -0.674560546875
-0.101936340332031 -0.0659103393554687 -0.85052490234375 -0.23870849609375
-0.0514488220214844 0.00713348388671876 -0.5228271484375 0.518829345703125
0.00687408447265625 0.0167999267578125 0.137359619140625 0.551788330078125
0.0203380584716797 -0.000692367553710938 0.381500244140625 0.215118408203125
0.0295200347900391 0.00492668151855469 0.31671142578125 -0.134185791015625
0.0404548645019531 0.00504302978515625 0.149810791015625 -0.28936767578125
0.0282993316650391 0.00384140014648437 -0.16302490234375 0.237380981445313
0.0435562133789063 -0.00295257568359375 -0.25262451171875 -0.0985870361328125
0.0254497528076172 0.0116977691650391 -0.0785827636718749 -0.485687255859375
-0.0184440612792969 0.0197734832763672 0.436248779296875 -0.52935791015625
-0.085968017578125 -0.0513076782226563 0.7994384765625 0.14251708984375
-0.0931549072265625 -0.193161010742188 0.43341064453125 0.804443359375
0.0527496337890625 -0.230422973632812 -0.0294189453124999 0.561279296875
0.1246337890625 -0.232437133789063 0.0730361938476563 -0.0905838012695313
-0.0484619140625 -0.196914672851562 -0.215576171875 -0.6671142578125
-0.12322998046875 -0.1009521484375 -0.80584716796875 -0.3780517578125
-0.0690155029296875 -0.00562286376953126 -0.63226318359375 0.4285888671875
0.00168132781982422 0.0156383514404297 0.02728271484375 0.5968017578125
0.0241718292236328 -8.7738037109375E-05 0.336639404296875 0.295623779296875
0.0368919372558594 0.0033416748046875 0.32470703125 -0.093536376953125
0.0521583557128906 0.00689315795898437 0.167236328125 -0.287872314453125
-0.0796279907226563 -0.0301895141601563 -0.152557373046875 0.270782470703125
-0.0355644226074219 -0.0257453918457031 -0.28656005859375 0.0296630859375
-0.0272045135498047 -0.0218353271484375 -0.25030517578125 -0.378753662109375
0.0211219787597656 0.00687980651855469 0.12689208984375 -0.6453857421875
0.0621261596679688 0.0273399353027344 0.7215576171875 -0.2535400390625
0.0873489379882813 0.0815811157226563 0.742431640625 0.50201416015625
0.04156494140625 0.21063232421875 0.1983642578125 0.63897705078125
-0.076751708984375 0.252273559570313 0.0653152465820313 0.0762557983398438
0.01385498046875 0.216339111328125 0.043212890625 -0.63604736328125
0.0967483520507813 0.103073120117188 -0.580078125 -0.7388916015625
0.0737533569335938 0.0291061401367188 -0.84442138671875 0.0695800781249999
0.0128984451293945 -0.00640964508056641 -0.2939453125 0.57891845703125
-0.0239410400390625 -0.0210037231445313 0.15167236328125 0.437530517578125
-0.0445404052734375 -0.00886154174804688 0.29638671875 0.02392578125
-0.0551338195800781 -0.00693893432617186 0.18280029296875 -0.2584228515625
-0.0758132934570313 -0.0289764404296875 -0.161697387695312 0.256744384765625
-0.0274982452392578 -0.0197963714599609 -0.267929077148438 -0.0364837646484375
-0.0200462341308594 -0.016815185546875 -0.15704345703125 -0.458953857421875
0.02105712890625 0.0162086486816406 0.29736328125 -0.61956787109375
0.0510063171386719 0.0433387756347656 0.7918701171875 -0.05279541015625
0.0650253295898438 0.103477478027344 0.6080322265625 0.67840576171875
0.012115478515625 0.221160888671875 0.08306884765625 0.6029052734375
-0.0711669921875 0.246612548828125 0.087249755859375 -0.034271240234375
0.04119873046875 0.192703247070313 -0.0869140625 -0.6885986328125
0.100448608398438 0.0662002563476563 -0.7369384765625 -0.5648193359375
0.0565567016601563 0.0119171142578125 -0.75634765625 0.2774658203125
0.00306034088134766 -0.00272202491760254 -0.11981201171875 0.5958251953125
-0.0245132446289062 -0.0165271759033203 0.252532958984375 0.35888671875
-0.0417060852050781 -0.00226974487304688 0.308624267578125 -0.035308837890625
-0.0534629821777344 -0.00599670410156249 0.16729736328125 -0.269561767578125
-0.0633659362792969 -0.0238800048828125 -0.165298461914062 0.240203857421875
-0.0166788101196289 -0.0122137069702148 -0.241256713867187 -0.0984649658203125
-0.0136680603027344 -0.0076456069946289 -0.0568542480468749 -0.51171875
0.0134620666503906 0.0233783721923828 0.4501953125 -0.54998779296875
0.0257835388183594 0.0464248657226563 0.80462646484375 0.1580810546875
0.0283126831054687 0.0953140258789063 0.4349365234375 0.81640625
-0.010009765625 0.190887451171875 -0.011077880859375 0.547607421875
-0.048248291015625 0.202896118164063 0.105758666992187 -0.133262634277344
0.050506591796875 0.140396118164063 -0.2142333984375 -0.70556640625
0.0787353515625 0.0272369384765625 -0.82916259765625 -0.38214111328125
0.0317516326904297 0.00242996215820313 -0.6356201171875 0.4300537109375
-0.0011749267578125 0.00430035591125488 0.0328369140625 0.574951171875
-0.01934814453125 -0.00923728942871094 0.327178955078125 0.2755126953125
-0.0321273803710938 0.00321388244628906 0.31201171875 -0.0904541015625
-0.042083740234375 -0.00382614135742188 0.151092529296875 -0.27777099609375
-0.0457572937011719 -0.0160713195800781 -0.167465209960938 0.225341796875
-0.00424051284790039 -0.00354266166687012 -0.216827392578125 -0.143569946289062
-0.0086207389831543 0.0019068717956543 0.026641845703125 -0.533477783203125
-0.000833511352539062 0.0255622863769531 0.55517578125 -0.46240234375
-0.00384140014648437 0.0295181274414063 0.77593994140625 0.3302001953125
-0.0015106201171875 0.0495262145996094 0.2755126953125 0.8948974609375
-0.00806427001953125 0.122406005859375 -0.07843017578125 0.492584228515625
-0.015380859375 0.126838684082031 0.116165161132812 -0.203582763671875
0.0357208251953125 0.0741424560546875 -0.31097412109375 -0.6993408203125
0.0369338989257812 -0.00345611572265625 -0.86602783203125 -0.23944091796875
0.00777912139892578 0.00139141082763672 -0.52581787109375 0.51947021484375
-0.000833511352539063 0.0107698440551758 0.139434814453125 0.5367431640625
-0.0101127624511719 -0.00432300567626953 0.374298095703125 0.203582763671875
-0.0170192718505859 0.00721263885498047 0.30804443359375 -0.130157470703125
-0.0232944488525391 -0.00129127502441406 0.139617919921875 -0.283416748046875
-0.02410888671875 -0.00759696960449219 -0.16845703125 0.21600341796875
0.00954437255859375 0.00321578979492188 -0.203933715820313 -0.166976928710937
-0.00322437286376953 0.00979804992675781 0.07073974609375 -0.535552978515625
-0.0149078369140625 0.0206108093261719 0.60565185546875 -0.39764404296875
-0.0300102233886719 -0.00412750244140625 0.74310302734375 0.423828125
-0.0156078338623047 -0.0233230590820313 0.17919921875 0.9261474609375
0.0211200714111328 0.0286369323730469 -0.113311767578125 0.4600830078125
0.0246086120605469 0.0303573608398438 0.117660522460937 -0.2374267578125
0.00532722473144531 0.00423049926757813 -0.358642578125 -0.68438720703125
-0.0126495361328125 -0.022674560546875 -0.8717041015625 -0.16326904296875
-0.0130233764648438 0.00568580627441406 -0.46282958984375 0.55535888671875
0.00438690185546875 0.0145864486694336 0.19140625 0.5118408203125
0.00148320198059082 -0.00150716304779053 0.393951416015625 0.166412353515625
0.000390052795410155 0.00848102569580078 0.306427001953125 -0.152435302734375
-0.000931978225708008 0.00111615657806396 0.135040283203125 -0.286712646484375
-0.00392723083496094 0.000337839126586914 -0.16748046875 0.215560913085938
0.0238380432128906 0.00542831420898437 -0.20745849609375 -0.165115356445312
0.00444221496582031 0.0142269134521484 0.0641174316406251 -0.526885986328125
-0.0244140625 0.0163383483886719 0.60174560546875 -0.39361572265625
-0.05224609375 -0.0377693176269531 0.741943359375 0.42169189453125
-0.0258331298828125 -0.103744506835938 0.17559814453125 0.92462158203125
0.0570297241210938 -0.0728912353515625 -0.12005615234375 0.461395263671875
0.0656967163085938 -0.0716781616210938 0.108474731445312 -0.227447509765625
-0.0266380310058594 -0.0656051635742187 -0.35821533203125 -0.67669677734375
-0.0614662170410156 -0.0404090881347656 -0.86553955078125 -0.16217041015625
-0.0317821502685547 0.00944137573242187 -0.461639404296875 0.554840087890625
0.00705814361572266 0.0159692764282227 0.190093994140625 0.5181884765625
0.012333869934082 -0.000767707824707031 0.396209716796875 0.16986083984375
0.0164909362792969 0.00699329376220703 0.3084716796875 -0.153594970703125
0.0224876403808594 0.00318527221679687 0.137725830078125 -0.289337158203125
0.0154867172241211 0.00380325317382813 -0.166641235351562 0.223098754882813
0.0369300842285156 0.00419235229492188 -0.225494384765625 -0.141677856445312
0.0149374008178711 0.0156984329223633 0.010345458984375 -0.5140380859375
-0.0260543823242188 0.0159168243408203 0.544921875 -0.4454345703125
-0.0718536376953125 -0.0559921264648437 0.77288818359375 0.3211669921875
-0.05096435546875 -0.166549682617188 0.2701416015625 0.88909912109375
0.0727081298828125 -0.165817260742188 -0.094970703125 0.49969482421875
0.100540161132813 -0.164199829101563 0.093536376953125 -0.17608642578125
-0.0482864379882812 -0.135612487792969 -0.3060302734375 -0.6728515625
-0.101242065429688 -0.0655670166015625 -0.84814453125 -0.2410888671875
-0.0515251159667969 0.00717926025390624 -0.522552490234375 0.516632080078125
0.00720787048339844 0.0165176391601563 0.1361083984375 0.550628662109375
0.0197296142578125 -0.000295639038085937 0.379974365234375 0.214752197265625
0.0296897888183594 0.0054168701171875 0.316162109375 -0.134124755859375
0.0418243408203125 0.00467300415039063 0.149688720703125 -0.28936767578125
0.0296154022216797 0.00487136840820313 -0.162063598632813 0.2359619140625
0.0444145202636719 -0.00240707397460938 -0.252777099609375 -0.098419189453125
0.0253715515136719 0.0120487213134766 -0.0767822265624999 -0.48382568359375
-0.0184574127197266 0.01910400390625 0.434295654296875 -0.525726318359375
-0.0855560302734375 -0.05206298828125 0.79736328125 0.1441650390625
-0.093048095703125 -0.191680908203125 0.43133544921875 0.80364990234375
0.0541534423828125 -0.229049682617188 -0.02947998046875 0.557708740234375
0.125869750976563 -0.23193359375 0.072967529296875 -0.0904312133789063
-0.0482635498046875 -0.19580078125 -0.212158203125 -0.66357421875
-0.123542785644531 -0.100784301757812 -0.80364990234375 -0.37908935546875
-0.0697822570800781 -0.00632095336914063 -0.63177490234375 0.427490234375
0.00214385986328125 0.0147876739501953 0.02484130859375 0.596435546875
0.0242385864257813 0.000423431396484375 0.335418701171875 0.2935791015625
0.0370407104492188 0.0037841796875 0.323760986328125 -0.093841552734375
0.0521926879882813 0.00608444213867188 0.16705322265625 -0.28594970703125
-0.0802230834960938 -0.0282440185546875 -0.152053833007813 0.27020263671875
-0.0359725952148437 -0.0250244140625 -0.28509521484375 0.029052734375
-0.0276908874511719 -0.0224227905273438 -0.248748779296875 -0.378204345703125
0.0220146179199219 0.00619316101074219 0.12786865234375 -0.64508056640625
0.0619697570800781 0.0275802612304687 0.72052001953125 -0.2535400390625
0.0861282348632813 0.08160400390625 0.74041748046875 0.5020751953125
0.0413360595703125 0.210662841796875 0.19879150390625 0.63623046875
-0.076416015625 0.251174926757813 0.064666748046875 0.0765228271484375
0.012939453125 0.215835571289063 0.044677734375 -0.63385009765625
0.0966949462890625 0.1031494140625 -0.5765380859375 -0.73992919921875
0.074249267578125 0.0291366577148438 -0.844970703125 0.0697631835937501
0.0127582550048828 -0.00735092163085938 -0.29547119140625 0.57806396484375
-0.0246353149414063 -0.021881103515625 0.14996337890625 0.438140869140625
-0.0435943603515625 -0.00751876831054688 0.294677734375 0.024810791015625
-0.0541267395019531 -0.00662612915039062 0.182815551757813 -0.25872802734375
-0.0759811401367188 -0.0277023315429688 -0.161148071289063 0.256210327148438
-0.0286350250244141 -0.0187416076660156 -0.267425537109375 -0.0383453369140625
-0.02099609375 -0.0162086486816406 -0.15679931640625 -0.457672119140625
0.0209999084472656 0.0157299041748047 0.29693603515625 -0.61932373046875
0.0505447387695313 0.0436325073242187 0.79034423828125 -0.0531005859375
0.0636672973632812 0.103713989257813 0.60565185546875 0.679931640625
0.01220703125 0.22052001953125 0.0836181640624999 0.60174560546875
-0.0701904296875 0.246612548828125 0.0872726440429687 -0.0344696044921875
0.0412750244140625 0.192626953125 -0.0860595703125 -0.687255859375
0.10107421875 0.066986083984375 -0.73553466796875 -0.5672607421875
0.0572700500488281 0.0117568969726563 -0.7557373046875 0.2764892578125
0.00327944755554199 -0.00320553779602051 -0.12158203125 0.59649658203125
-0.0255374908447266 -0.0154209136962891 0.250762939453125 0.35980224609375
-0.0421485900878906 -0.00177001953125 0.30804443359375 -0.03558349609375
-0.0517921447753906 -0.00592041015625001 0.16748046875 -0.26861572265625
-0.0627593994140625 -0.022369384765625 -0.165557861328125 0.239242553710938
-0.017115592956543 -0.0110816955566406 -0.241195678710937 -0.100082397460938
-0.0138454437255859 -0.0070047378540039 -0.05657958984375 -0.5115966796875
0.0133934020996094 0.0237216949462891 0.45037841796875 -0.54718017578125
0.0253562927246094 0.0460586547851562 0.8028564453125 0.15985107421875
0.0278244018554688 0.0955810546875 0.43292236328125 0.8172607421875
-0.010101318359375 0.1903076171875 -0.012176513671875 0.5455322265625
-0.0479736328125 0.201492309570313 0.105606079101563 -0.132537841796875
0.0499343872070313 0.140495300292969 -0.21173095703125 -0.70513916015625
0.0785064697265625 0.0269393920898438 -0.8282470703125 -0.3853759765625
0.0324897766113281 0.00218582153320313 -0.63812255859375 0.428955078125
-0.00171279907226563 0.00400495529174805 0.0315551757812499 0.5753173828125
-0.0204677581787109 -0.00951957702636719 0.326812744140625 0.275299072265625
-0.0326480865478516 0.00357818603515625 0.311431884765625 -0.090179443359375
-0.0408058166503906 -0.00370025634765626 0.151931762695313 -0.277053833007813
-0.0443344116210938 -0.0148086547851562 -0.16815185546875 0.223556518554688
-0.00400972366333008 -0.00263714790344238 -0.21673583984375 -0.144088745117188
-0.00876426696777344 0.00174856185913086 0.027984619140625 -0.53240966796875
0.000320434570312498 0.0254268646240234 0.55511474609375 -0.457763671875
-0.0039215087890625 0.0289745330810547 0.77337646484375 0.33245849609375
-0.0017852783203125 0.0499763488769531 0.27191162109375 0.8958740234375
-0.00872802734375001 0.122627258300781 -0.079193115234375 0.489898681640625
-0.0149688720703125 0.126670837402344 0.1168212890625 -0.20379638671875
0.036285400390625 0.0749588012695313 -0.30859375 -0.69842529296875
0.0374755859375 -0.00334930419921875 -0.86529541015625 -0.2418212890625
0.00861692428588867 0.0010380744934082 -0.52667236328125 0.51751708984375
-0.000877380371093751 0.0107460021972656 0.13775634765625 0.538055419921875
-0.0113677978515625 -0.00433635711669922 0.3721923828125 0.205780029296875
-0.0164422988891602 0.00801467895507812 0.3074951171875 -0.12969970703125
-0.0225944519042969 -0.00113105773925781 0.140167236328125 -0.283203125
-0.0239734649658203 -0.00642204284667968 -0.168304443359375 0.21466064453125
0.0100498199462891 0.0039825439453125 -0.203536987304688 -0.167892456054688
-0.00285911560058594 0.0101137161254883 0.0703735351562501 -0.533538818359375
-0.0140819549560547 0.0210418701171875 0.60699462890625 -0.39556884765625
-0.0301799774169922 -0.00428962707519531 0.74066162109375 0.4254150390625
-0.0152816772460938 -0.0225925445556641 0.1751708984375 0.92718505859375
0.0209083557128906 0.0296821594238281 -0.1146240234375 0.457305908203125
0.0246906280517578 0.0304908752441406 0.11773681640625 -0.23675537109375
0.00603342056274414 0.00508975982666016 -0.35797119140625 -0.68450927734375
-0.0125198364257812 -0.0231876373291016 -0.8709716796875 -0.1617431640625
-0.0130777359008789 0.00628662109375 -0.46563720703125 0.554901123046875
0.00321674346923828 0.0144691467285156 0.189056396484375 0.512359619140625
0.001312255859375 -0.00170981884002686 0.393035888671875 0.16705322265625
3.19480895996092E-05 0.00866222381591797 0.30633544921875 -0.151458740234375
0.000380516052246094 0.0010683536529541 0.13494873046875 -0.28643798828125
-0.00292253494262695 0.00099492073059082 -0.16790771484375 0.214141845703125
0.0236301422119141 0.00567245483398438 -0.207061767578125 -0.166000366210938
0.00502109527587891 0.0147857666015625 0.06488037109375 -0.526092529296875
-0.0242595672607422 0.0160503387451172 0.601806640625 -0.3902587890625
-0.0526237487792969 -0.0384941101074219 0.73931884765625 0.4244384765625
-0.025299072265625 -0.102996826171875 0.17279052734375 0.92303466796875
0.0579452514648437 -0.07196044921875 -0.12164306640625 0.460174560546875
0.0658950805664063 -0.0714035034179688 0.110031127929687 -0.227157592773437
-0.0264663696289062 -0.0654869079589844 -0.356689453125 -0.676025390625
-0.0617141723632812 -0.0401458740234375 -0.86614990234375 -0.16644287109375
-0.0319080352783203 0.00900840759277343 -0.463134765625 0.552764892578125
0.00657939910888672 0.0156126022338867 0.187225341796875 0.517822265625
0.0120449066162109 -0.000617027282714844 0.394989013671875 0.171630859375
0.0167655944824219 0.00743675231933594 0.308074951171875 -0.1533203125
0.0228481292724609 0.00288009643554688 0.1378173828125 -0.28802490234375
0.0157766342163086 0.00481796264648438 -0.166900634765625 0.22216796875
0.0359916687011719 0.0040283203125 -0.225860595703125 -0.14239501953125
0.0151185989379883 0.0159082412719727 0.01220703125 -0.513275146484375
-0.0263614654541016 0.0157794952392578 0.543914794921875 -0.44244384765625
-0.0720367431640625 -0.0568313598632813 0.77227783203125 0.3236083984375
-0.0511016845703125 -0.166213989257813 0.26824951171875 0.8880615234375
0.0732269287109375 -0.164932250976563 -0.09527587890625 0.49688720703125
0.101776123046875 -0.16387939453125 0.094085693359375 -0.175399780273438
-0.04742431640625 -0.134635925292969 -0.30279541015625 -0.6732177734375
-0.101394653320313 -0.0651397705078125 -0.84759521484375 -0.24224853515625
-0.0513153076171875 0.00629806518554687 -0.52459716796875 0.51611328125
0.00685977935791016 0.0158176422119141 0.1334228515625 0.550506591796875
0.0197582244873047 0.000368118286132813 0.37750244140625 0.216217041015625
0.0294075012207031 0.00574111938476562 0.316253662109375 -0.1331787109375
0.0413856506347656 0.0051727294921875 0.150634765625 -0.289276123046875
0.0307483673095703 0.00565338134765625 -0.16253662109375 0.235366821289063
0.0445556640625 -0.00252532958984375 -0.25299072265625 -0.098724365234375
0.0248069763183594 0.0119743347167969 -0.0767822265625001 -0.484619140625
-0.0177421569824219 0.0186557769775391 0.434600830078125 -0.521942138671875
-0.0856781005859375 -0.0518569946289063 0.79559326171875 0.14666748046875
-0.092315673828125 -0.191024780273438 0.43017578125 0.80438232421875
0.054534912109375 -0.228805541992188 -0.031341552734375 0.556610107421875
0.126068115234375 -0.232147216796875 0.0736618041992188 -0.0909347534179688
-0.0467681884765625 -0.195419311523438 -0.20947265625 -0.66510009765625
-0.12188720703125 -0.100921630859375 -0.8021240234375 -0.38226318359375
-0.070220947265625 -0.00756072998046875 -0.63287353515625 0.4271240234375
0.00159358978271484 0.0144996643066406 0.0233764648437499 0.595703125
0.0237312316894531 0.000576019287109375 0.335235595703125 0.29534912109375
0.0374641418457031 0.00415420532226563 0.322784423828125 -0.092437744140625
0.0532341003417969 0.00634384155273438 0.167510986328125 -0.286529541015625
-0.0797653198242187 -0.0277557373046875 -0.152664184570312 0.268905639648438
-0.0365638732910156 -0.0234107971191406 -0.28631591796875 0.028106689453125
-0.0278873443603516 -0.0221271514892578 -0.250030517578125 -0.380126953125
0.0218925476074219 0.00627899169921875 0.12762451171875 -0.64453125
0.0610923767089844 0.0274314880371094 0.71966552734375 -0.25152587890625
0.0854415893554688 0.0816879272460938 0.74041748046875 0.50341796875
0.04107666015625 0.210494995117188 0.1978759765625 0.6373291015625
-0.0768890380859375 0.250762939453125 0.0656661987304688 0.0760421752929688
0.013214111328125 0.216644287109375 0.0477905273437499 -0.63330078125
0.0958633422851563 0.103355407714844 -0.57586669921875 -0.7420654296875
0.0752410888671875 0.0288543701171875 -0.845703125 0.0661621093749999
0.0118865966796875 -0.00713920593261719 -0.30047607421875 0.57891845703125
-0.0245170593261719 -0.0208911895751953 0.148040771484375 0.439117431640625
-0.0445785522460937 -0.00763702392578125 0.2955322265625 0.02581787109375
-0.0535736083984375 -0.0065765380859375 0.183639526367188 -0.2579345703125
-0.0759506225585938 -0.0260162353515625 -0.160980224609375 0.255447387695313
-0.0286827087402344 -0.0179538726806641 -0.266326904296875 -0.0383605957031249
-0.0212173461914063 -0.016357421875 -0.1566162109375 -0.458709716796875
0.0217628479003906 0.0157089233398438 0.29766845703125 -0.61810302734375
0.05029296875 0.0440902709960937 0.78997802734375 -0.05126953125
0.063323974609375 0.103599548339844 0.60528564453125 0.68170166015625
0.0120697021484375 0.221023559570313 0.08355712890625 0.6009521484375
-0.0702362060546875 0.246063232421875 0.087554931640625 -0.0337600708007812
0.04058837890625 0.193374633789063 -0.08380126953125 -0.68939208984375
0.10125732421875 0.0667877197265625 -0.73419189453125 -0.56982421875
0.0578460693359375 0.01214599609375 -0.75927734375 0.27508544921875
0.00331497192382813 -0.00326633453369141 -0.1248779296875 0.59735107421875
-0.0264263153076172 -0.0151100158691406 0.250091552734375 0.36090087890625
-0.0423088073730469 -0.00117492675781249 0.308135986328125 -0.03460693359375
-0.0510597229003906 -0.005401611328125 0.168792724609375 -0.268829345703125
-0.0637130737304688 -0.021087646484375 -0.165634155273438 0.238235473632813
-0.0175142288208008 -0.0109062194824219 -0.240951538085938 -0.100173950195312
-0.0142717361450195 -0.00759696960449219 -0.05572509765625 -0.511199951171875
0.0139636993408203 0.0233554840087891 0.451263427734375 -0.545928955078125
0.0248870849609375 0.0461082458496094 0.80218505859375 0.16009521484375
0.0266342163085937 0.0955276489257813 0.43212890625 0.8189697265625
-0.0105743408203125 0.190750122070313 -0.01336669921875 0.545806884765625
-0.0475616455078125 0.2022705078125 0.106834411621094 -0.132888793945313
0.0501708984375 0.14141845703125 -0.21026611328125 -0.70611572265625
0.0784683227539063 0.0268936157226563 -0.82904052734375 -0.3883056640625
0.0328426361083984 0.00213813781738281 -0.6400146484375 0.4290771484375
-0.0016324520111084 0.0041048526763916 0.02972412109375 0.57623291015625
-0.0207901000976563 -0.00924301147460938 0.32635498046875 0.276824951171875
-0.0326309204101563 0.00418281555175781 0.31195068359375 -0.08917236328125
-0.0405807495117188 -0.00319290161132813 0.152847290039063 -0.27764892578125
-0.0448074340820312 -0.013946533203125 -0.167282104492188 0.223846435546875
-0.00373983383178711 -0.0018460750579834 -0.216537475585938 -0.1456298828125
-0.00883769989013672 0.001800537109375 0.02789306640625 -0.53253173828125
-0.000123977661132812 0.0244693756103516 0.55712890625 -0.457916259765625
-0.00396919250488281 0.0292224884033203 0.77252197265625 0.3348388671875
-0.00183868408203125 0.0506248474121094 0.26995849609375 0.8970947265625
-0.00885009765625 0.122322082519531 -0.08013916015625 0.489013671875
-0.0146865844726563 0.126449584960937 0.117889404296875 -0.204696655273438
0.0363006591796875 0.074859619140625 -0.3067626953125 -0.70074462890625
0.0371589660644531 -0.00336074829101563 -0.86614990234375 -0.2454833984375
0.00756311416625977 0.000875473022460938 -0.529754638671875 0.517608642578125
-0.000725746154785156 0.00987339019775391 0.1363525390625 0.53936767578125
-0.0116815567016602 -0.00349140167236328 0.371551513671875 0.205718994140625
-0.0176639556884766 0.00893783569335937 0.308624267578125 -0.129364013671875
-0.0216922760009766 -0.000957489013671879 0.14093017578125 -0.283172607421875
-0.0240325927734375 -0.00502967834472657 -0.16796875 0.213973999023438
0.00967884063720703 0.00434398651123047 -0.203720092773438 -0.16827392578125
-0.00305366516113281 0.00970840454101563 0.072357177734375 -0.5340576171875
-0.0148754119873047 0.0208282470703125 0.6077880859375 -0.39508056640625
-0.0303974151611328 -0.0045928955078125 0.738037109375 0.4290771484375
-0.0163841247558594 -0.0227642059326172 0.17327880859375 0.9281005859375
0.0215415954589844 0.0293521881103516 -0.11651611328125 0.4573974609375
0.0257511138916016 0.0296974182128906 0.118972778320313 -0.236846923828125
0.0065150260925293 0.00501441955566406 -0.3572998046875 -0.684814453125
-0.0132350921630859 -0.0224971771240234 -0.8729248046875 -0.16571044921875
-0.0126485824584961 0.00527572631835937 -0.466033935546875 0.554473876953125
0.00345420837402344 0.0141525268554688 0.188323974609375 0.513641357421875
0.000268936157226563 -0.00137865543365479 0.392486572265625 0.168182373046875
0.000151634216308594 0.00923442840576172 0.30596923828125 -0.151580810546875
-0.000298738479614258 0.00083005428314209 0.13580322265625 -0.286346435546875
-0.00172662734985352 0.00173425674438477 -0.1685791015625 0.213272094726563
0.0236625671386719 0.00691604614257813 -0.207733154296875 -0.166778564453125
0.00436878204345703 0.0149335861206055 0.06573486328125 -0.52618408203125
-0.0250968933105469 0.0151309967041016 0.6024169921875 -0.38848876953125
-0.0526771545410156 -0.0389404296875 0.74029541015625 0.42669677734375
-0.0256881713867188 -0.102401733398438 0.1717529296875 0.92425537109375
0.0586471557617188 -0.0724258422851563 -0.1234130859375 0.45770263671875
0.0666885375976563 -0.0712432861328125 0.109954833984375 -0.22686767578125
-0.0255241394042969 -0.0656356811523438 -0.3553466796875 -0.67828369140625
-0.0614166259765625 -0.0405464172363281 -0.86669921875 -0.16839599609375
-0.0323085784912109 0.00953483581542969 -0.466278076171875 0.5538330078125
0.00651645660400391 0.0148534774780273 0.18560791015625 0.518890380859375
0.0117006301879883 -0.000317573547363281 0.39471435546875 0.171630859375
0.0169496536254883 0.00793361663818359 0.308563232421875 -0.151824951171875
0.0239048004150391 0.0028076171875 0.138702392578125 -0.28863525390625
0.0169000625610352 0.00534915924072266 -0.167068481445312 0.22088623046875
0.0361442565917969 0.004730224609375 -0.225860595703125 -0.14288330078125
0.014277458190918 0.0163698196411133 0.01202392578125 -0.51416015625
-0.026092529296875 0.0147380828857422 0.547698974609375 -0.440826416015625
-0.0732269287109375 -0.0577468872070313 0.7713623046875 0.32635498046875
-0.050628662109375 -0.16619873046875 0.2679443359375 0.89013671875
0.0740509033203125 -0.164535522460938 -0.0982666015625001 0.4964599609375
0.1021728515625 -0.163604736328125 0.0944061279296875 -0.177078247070313
-0.0469436645507813 -0.134719848632813 -0.30133056640625 -0.67474365234375
-0.100616455078125 -0.0654144287109375 -0.84918212890625 -0.24365234375
-0.0514030456542969 0.00579452514648438 -0.526824951171875 0.51495361328125
0.00651168823242188 0.0160551071166992 0.131317138671875 0.55328369140625
0.0201129913330078 0.000150680541992187 0.378875732421875 0.216766357421875
0.0299930572509766 0.00599288940429688 0.316741943359375 -0.132904052734375
0.0428543090820313 0.00400924682617188 0.150299072265625 -0.28912353515625
0.0309200286865234 0.00567626953125 -0.163833618164062 0.234786987304688
0.0451774597167969 -0.002044677734375 -0.25262451171875 -0.0994415283203125
0.0254898071289063 0.0127849578857422 -0.0758056640625 -0.484619140625
-0.0183067321777344 0.0180149078369141 0.436248779296875 -0.52203369140625
-0.086517333984375 -0.05224609375 0.79595947265625 0.148193359375
-0.0921173095703125 -0.19146728515625 0.4278564453125 0.80596923828125
0.055877685546875 -0.228530883789063 -0.03326416015625 0.556915283203125
0.127517700195313 -0.232208251953125 0.0731201171875 -0.0913543701171875
-0.04437255859375 -0.195770263671875 -0.20697021484375 -0.66583251953125
-0.122314453125 -0.100624084472656 -0.802490234375 -0.3836669921875
-0.0701828002929688 -0.00798416137695314 -0.63604736328125 0.4249267578125
0.00106906890869141 0.0145626068115234 0.021484375 0.596435546875
0.024505615234375 0.00116157531738281 0.33392333984375 0.295867919921875
0.0374565124511719 0.0036163330078125 0.32403564453125 -0.091400146484375
0.0537528991699219 0.0059051513671875 0.16748046875 -0.2869873046875
-0.0797195434570312 -0.02642822265625 -0.151535034179688 0.268875122070313
-0.0370216369628906 -0.0227279663085938 -0.285400390625 0.027801513671875
-0.0280380249023438 -0.0224876403808594 -0.250213623046875 -0.3819580078125
0.0225334167480469 0.005889892578125 0.12744140625 -0.64501953125
0.0615501403808594 0.0276947021484375 0.72100830078125 -0.25177001953125
0.084442138671875 0.0816650390625 0.7412109375 0.50628662109375
0.0402984619140625 0.211837768554687 0.19781494140625 0.63848876953125
-0.0765228271484375 0.251907348632813 0.0654678344726562 0.0770187377929688
0.01177978515625 0.217666625976563 0.0494384765624999 -0.63494873046875
0.0974578857421875 0.10369873046875 -0.57684326171875 -0.74652099609375
0.0750885009765625 0.0292739868164063 -0.8497314453125 0.06402587890625
0.0123100280761719 -0.00737762451171875 -0.3026123046875 0.58172607421875
-0.0252647399902344 -0.0210533142089844 0.146942138671875 0.441558837890625
-0.04437255859375 -0.00706863403320313 0.295989990234375 0.026092529296875
-0.0525665283203125 -0.00645446777343749 0.1846923828125 -0.2587890625
-0.075531005859375 -0.0255966186523438 -0.16058349609375 0.255325317382813
-0.0294475555419922 -0.0172328948974609 -0.26751708984375 -0.0396881103515625
-0.0216464996337891 -0.0155315399169922 -0.1566162109375 -0.46087646484375
0.0226001739501953 0.015045166015625 0.29925537109375 -0.6199951171875
0.0492820739746094 0.0440521240234375 0.79132080078125 -0.05169677734375
0.0615463256835938 0.103645324707031 0.60504150390625 0.68255615234375
0.01116943359375 0.221389770507812 0.082275390625 0.6007080078125
-0.070068359375 0.247085571289063 0.088592529296875 -0.0333786010742187
0.04052734375 0.19464111328125 -0.08306884765625 -0.69122314453125
0.100837707519531 0.0678024291992188 -0.73486328125 -0.57293701171875
0.0590972900390625 0.0122604370117187 -0.76214599609375 0.2745361328125
0.00334024429321289 -0.00326657295227051 -0.12799072265625 0.5992431640625
-0.026611328125 -0.0152511596679688 0.249664306640625 0.36138916015625
-0.0423660278320313 5.18817068693211E-18 0.30902099609375 -0.03399658203125
-0.0502700805664063 -0.0052642822265625 0.168441772460938 -0.2703857421875
-0.0631828308105469 -0.020599365234375 -0.164962768554688 0.238250732421875
-0.0185337066650391 -0.00953865051269531 -0.2413330078125 -0.10211181640625
-0.0150222778320313 -0.00715446472167969 -0.055877685546875 -0.514068603515625
0.0142993927001953 0.0227546691894531 0.451507568359375 -0.546844482421875
0.02490234375 0.0467262268066406 0.8040771484375 0.1640625
0.0257568359375 0.0961532592773438 0.43182373046875 0.8223876953125
-0.01092529296875 0.191299438476563 -0.01287841796875 0.544586181640625
-0.0482177734375 0.202972412109375 0.107383728027344 -0.133880615234375
0.0505828857421875 0.141998291015625 -0.21026611328125 -0.70733642578125
0.0796737670898438 0.0271835327148438 -0.83087158203125 -0.3917236328125
0.0336837768554688 0.00180816650390625 -0.6427001953125 0.43017578125
-0.00170755386352539 0.00387477874755859 0.02728271484375 0.5784912109375
-0.02154541015625 -0.00860023498535156 0.326812744140625 0.277862548828125
-0.0326557159423828 0.00429725646972656 0.312652587890625 -0.089752197265625
-0.0394401550292969 -0.00307083129882813 0.152313232421875 -0.27862548828125
-0.0443649291992187 -0.0130271911621094 -0.167938232421875 0.2235107421875
-0.0043950080871582 -0.0011439323425293 -0.21746826171875 -0.147048950195313
-0.00913810729980469 0.00202369689941406 0.029266357421875 -0.53350830078125
-0.00016593933105469 0.0241718292236328 0.5589599609375 -0.456329345703125
-0.00504493713378907 0.0287818908691406 0.77191162109375 0.3363037109375
-0.00269699096679688 0.0509109497070313 0.2674560546875 0.90032958984375
-0.0091552734375 0.12310791015625 -0.082794189453125 0.489166259765625
-0.0141067504882813 0.126419067382813 0.1190185546875 -0.205078125
0.0369949340820313 0.0758209228515625 -0.30731201171875 -0.70147705078125
0.0373954772949219 -0.00268936157226563 -0.8682861328125 -0.24609375
0.00843381881713867 0.000696182250976563 -0.53216552734375 0.518798828125
-0.000996589660644532 0.00989151000976562 0.134063720703125 0.541961669921875
-0.0112323760986328 -0.00310325622558594 0.371795654296875 0.207122802734375
-0.0177936553955078 0.00884246826171875 0.31011962890625 -0.128692626953125
-0.0208301544189453 -0.00167465209960937 0.141510009765625 -0.283905029296875
-0.0224227905273437 -0.00422286987304688 -0.1690673828125 0.2139892578125
0.0102634429931641 0.00541496276855469 -0.204299926757813 -0.16998291015625
-0.00359916687011719 0.0104341506958008 0.07275390625 -0.534576416015625
-0.0153350830078125 0.0196075439453125 0.60980224609375 -0.3934326171875
-0.0308074951171875 -0.00510025024414062 0.73968505859375 0.4329833984375
-0.0161113739013672 -0.0220355987548828 0.171875 0.9307861328125
0.0214157104492187 0.0294399261474609 -0.117706298828125 0.4541015625
0.0262603759765625 0.0296821594238281 0.120285034179688 -0.23846435546875
0.00718212127685547 0.0054783821105957 -0.35516357421875 -0.68902587890625
-0.0120964050292969 -0.0234584808349609 -0.87396240234375 -0.1690673828125
-0.0127401351928711 0.00534152984619141 -0.469085693359375 0.555450439453125
0.00356483459472656 0.0133476257324219 0.186065673828125 0.51611328125
1.11460685729981E-05 -0.000967919826507568 0.392578125 0.168670654296875
0.000609397888183594 0.00990009307861328 0.3077392578125 -0.15081787109375
0.00194573402404785 0.000339508056640625 0.136383056640625 -0.287322998046875
-0.00078129768371582 0.0026090145111084 -0.169036865234375 0.213363647460938
0.0240478515625 0.00735855102539063 -0.207626342773438 -0.167861938476562
0.00432682037353516 0.0151100158691406 0.065216064453125 -0.529052734375
-0.0250301361083984 0.0152015686035156 0.6048583984375 -0.38818359375
-0.0528755187988281 -0.0400810241699219 0.74005126953125 0.4298095703125
-0.0261077880859375 -0.102188110351563 0.17071533203125 0.92779541015625
0.0590896606445313 -0.0725631713867188 -0.125 0.457611083984375
0.0675048828125 -0.0721282958984375 0.11083984375 -0.228439331054688
-0.0250740051269531 -0.0655746459960938 -0.353759765625 -0.6785888671875
-0.0615615844726562 -0.0405158996582031 -0.87005615234375 -0.171630859375
-0.0323028564453125 0.00819969177246094 -0.46795654296875 0.55548095703125
0.00682640075683594 0.0150279998779297 0.1846923828125 0.522308349609375
0.0114116668701172 0.000142097473144531 0.395660400390625 0.17230224609375
0.0173511505126953 0.00835800170898438 0.309478759765625 -0.152557373046875
0.0243206024169922 0.00216865539550781 0.1396484375 -0.28900146484375
0.0183734893798828 0.00606918334960938 -0.168060302734375 0.221664428710938
0.0371170043945313 0.005401611328125 -0.227752685546875 -0.144485473632813
0.0145492553710938 0.0165004730224609 0.01336669921875 -0.515594482421875
-0.0263900756835937 0.0144596099853516 0.550201416015625 -0.44122314453125
-0.0730209350585937 -0.058135986328125 0.7738037109375 0.32843017578125
-0.0500030517578125 -0.165878295898438 0.2659912109375 0.89434814453125
0.074554443359375 -0.164810180664063 -0.0992431640625 0.496826171875
0.103164672851562 -0.16473388671875 0.0948028564453125 -0.177932739257813
-0.0457382202148438 -0.134231567382813 -0.3009033203125 -0.67626953125
-0.101470947265625 -0.0660400390625 -0.85162353515625 -0.24700927734375
-0.0516738891601563 0.00548171997070312 -0.5299072265625 0.51751708984375
0.00674724578857422 0.0156173706054687 0.131500244140625 0.555816650390625
0.0195465087890625 0.000669479370117188 0.378265380859375 0.21832275390625
0.0296134948730469 0.00701904296875 0.317535400390625 -0.132568359375
0.0434722900390625 0.004119873046875 0.152008056640625 -0.289703369140625
0.0319671630859375 0.00620841979980469 -0.164276123046875 0.235000610351563
0.0456657409667969 -0.00120162963867188 -0.253829956054688 -0.100067138671875
0.0254478454589844 0.0121707916259766 -0.073974609375 -0.48590087890625
-0.0186405181884766 0.0183868408203125 0.437774658203125 -0.52313232421875
-0.0868988037109375 -0.0532760620117187 0.79779052734375 0.15179443359375
-0.0921173095703125 -0.19049072265625 0.42669677734375 0.80963134765625
0.0567474365234375 -0.22802734375 -0.0357666015625 0.556884765625
0.128677368164063 -0.23248291015625 0.0738906860351563 -0.0924606323242188
-0.0451202392578125 -0.194992065429688 -0.20697021484375 -0.6668701171875
-0.121482849121094 -0.10150146484375 -0.80377197265625 -0.3865966796875
-0.0709686279296875 -0.00817108154296876 -0.6392822265625 0.42559814453125
0.000695228576660156 0.0145406723022461 0.01995849609375 0.60076904296875
0.024139404296875 0.0009765625 0.335357666015625 0.29644775390625
0.037322998046875 0.00460052490234375 0.325225830078125 -0.0916748046875
0.054931640625 0.00536346435546875 0.16943359375 -0.287322998046875
-0.080413818359375 -0.025726318359375 -0.152099609375 0.269256591796875
-0.0381011962890625 -0.0221214294433594 -0.286834716796875 0.02685546875
-0.0293979644775391 -0.0223140716552734 -0.250640869140625 -0.383880615234375
0.0227260589599609 0.00538444519042969 0.1273193359375 -0.64801025390625
0.0613632202148438 0.0288810729980469 0.723388671875 -0.25286865234375
0.0839385986328125 0.0823211669921875 0.745849609375 0.50726318359375
0.0406646728515625 0.212615966796875 0.19842529296875 0.6396484375
-0.0771636962890625 0.252944946289063 0.0665817260742188 0.0767288208007813
0.0117034912109375 0.219039916992188 0.0496826171875 -0.63818359375
0.0977249145507813 0.104545593261719 -0.57769775390625 -0.7508544921875
0.0762710571289063 0.0296630859375 -0.85614013671875 0.0645141601562501
0.012451171875 -0.00750064849853516 -0.30615234375 0.58404541015625
-0.0256519317626953 -0.0202312469482422 0.148681640625 0.443756103515625
-0.0450897216796875 -0.00641250610351562 0.297637939453125 0.026458740234375
-0.0516014099121094 -0.00601959228515624 0.184494018554688 -0.260772705078125
-0.0749435424804688 -0.0238113403320312 -0.161331176757812 0.255569458007813
-0.0298271179199219 -0.0166797637939453 -0.268112182617188 -0.039825439453125
-0.0222682952880859 -0.0157299041748047 -0.157867431640625 -0.46240234375
0.0220108032226563 0.0151748657226563 0.300537109375 -0.62139892578125
0.0496940612792969 0.0447311401367187 0.79278564453125 -0.049560546875
0.0614852905273437 0.104354858398437 0.60870361328125 0.6865234375
0.0114593505859375 0.221954345703125 0.0839843749999999 0.601806640625
-0.0704193115234375 0.247787475585938 0.0889205932617187 -0.0351028442382812
0.040924072265625 0.195388793945313 -0.0809326171875001 -0.6920166015625
0.101806640625 0.0670547485351563 -0.7396240234375 -0.5750732421875
0.0589065551757813 0.0114936828613281 -0.7677001953125 0.2763671875
0.00311660766601563 -0.00351810455322266 -0.12969970703125 0.604736328125
-0.0271739959716797 -0.0142478942871094 0.2491455078125 0.3646240234375
-0.0427055358886719 -0.000137329101562496 0.310546875 -0.03436279296875
-0.0498771667480469 -0.00557708740234374 0.169265747070313 -0.27154541015625
-0.0637893676757813 -0.0189895629882813 -0.165481567382813 0.238082885742187
-0.0184764862060547 -0.00864410400390625 -0.24249267578125 -0.102630615234375
-0.0148468017578125 -0.00646686553955078 -0.055572509765625 -0.515594482421875
0.0138092041015625 0.0225143432617188 0.4534912109375 -0.54913330078125
0.0244827270507812 0.0469779968261719 0.8046875 0.166015625
0.0255508422851563 0.0971832275390625 0.43292236328125 0.8232421875
-0.011749267578125 0.19171142578125 -0.013671875 0.546539306640625
-0.0479888916015625 0.20343017578125 0.108375549316406 -0.134963989257813
0.05084228515625 0.143035888671875 -0.20904541015625 -0.71014404296875
0.0796051025390625 0.027252197265625 -0.83428955078125 -0.3944091796875
0.0343875885009766 0.00124931335449219 -0.64727783203125 0.4329833984375
-0.00184345245361328 0.00314521789550781 0.0242919921875 0.582763671875
-0.021759033203125 -0.00773048400878906 0.32611083984375 0.2789306640625
-0.0332260131835937 0.00558280944824219 0.314239501953125 -0.088897705078125
-0.0388946533203125 -0.00313568115234375 0.153518676757813 -0.2794189453125
-0.0441551208496094 -0.0121726989746094 -0.1680908203125 0.223983764648438
-0.00465869903564453 -0.000558853149414063 -0.218109130859375 -0.147979736328125
-0.00949287414550781 0.002227783203125 0.02813720703125 -0.535888671875
0.000185012817382812 0.0239543914794922 0.56109619140625 -0.45758056640625
-0.00504493713378906 0.0292682647705078 0.77569580078125 0.34033203125
-0.00347900390625 0.0514869689941406 0.270751953125 0.90380859375
-0.00938415527343749 0.123710632324219 -0.08282470703125 0.489471435546875
-0.0141677856445312 0.126800537109375 0.120315551757813 -0.207077026367188
0.0372695922851563 0.0761489868164063 -0.30535888671875 -0.70556640625
0.0378990173339844 -0.003753662109375 -0.87200927734375 -0.24847412109375
0.00876188278198242 -9.5367431640625E-07 -0.5360107421875 0.5216064453125
-0.00164604187011719 0.00950241088867188 0.13458251953125 0.5445556640625
-0.0114221572875977 -0.00361156463623047 0.372650146484375 0.20965576171875
-0.0177726745605469 0.00967597961425781 0.31097412109375 -0.13092041015625
-0.0198402404785156 -0.00156021118164063 0.142974853515625 -0.284759521484375
-0.0220146179199219 -0.00377464294433593 -0.16973876953125 0.21429443359375
0.00984477996826172 0.00642490386962891 -0.205429077148437 -0.170730590820313
-0.00412082672119141 0.0102214813232422 0.0736694335937501 -0.53814697265625
-0.0149002075195313 0.0202751159667969 0.61334228515625 -0.3939208984375
-0.0312004089355469 -0.00536346435546876 0.7421875 0.43438720703125
-0.0166053771972656 -0.0217437744140625 0.17083740234375 0.9339599609375
0.0220088958740234 0.0293312072753906 -0.119476318359375 0.45538330078125
0.0266265869140625 0.0301685333251953 0.120101928710937 -0.240249633789062
0.00793695449829102 0.00522422790527344 -0.356689453125 -0.69073486328125
-0.0129356384277344 -0.0226039886474609 -0.8800048828125 -0.16876220703125
-0.0127124786376953 0.00482368469238281 -0.4730224609375 0.55914306640625
0.00357341766357422 0.0138654708862305 0.186187744140625 0.51953125
0.000308632850646973 6.29723072052002E-05 0.3941650390625 0.170654296875
-0.000474929809570311 0.00962543487548828 0.309356689453125 -0.151641845703125
0.00281691551208496 0.000145673751831055 0.137420654296875 -0.28857421875
-0.000295639038085938 0.00369620323181152 -0.169235229492188 0.213790893554688
0.0239162445068359 0.00767707824707031 -0.209548950195312 -0.16851806640625
0.00432586669921875 0.0155134201049805 0.066162109375 -0.530548095703125
-0.0247917175292969 0.0147800445556641 0.60736083984375 -0.39044189453125
-0.0537643432617188 -0.0405349731445313 0.743408203125 0.43267822265625
-0.0255126953125 -0.102699279785156 0.1690673828125 0.93292236328125
0.0597610473632813 -0.0720901489257813 -0.126190185546875 0.459259033203125
0.0684738159179688 -0.0731887817382813 0.111480712890625 -0.231246948242188
-0.0244216918945313 -0.0653724670410156 -0.35577392578125 -0.6827392578125
-0.0614051818847656 -0.04058837890625 -0.87249755859375 -0.17236328125
-0.0327072143554688 0.00809097290039063 -0.472259521484375 0.557952880859375
0.00660610198974609 0.0148229598999023 0.185272216796875 0.526153564453125
0.0113906860351563 0.000559806823730469 0.396453857421875 0.174102783203125
0.0175390243530273 0.00873565673828125 0.311065673828125 -0.153472900390625
0.025848388671875 0.00223541259765625 0.140289306640625 -0.29156494140625
0.0195999145507813 0.0068511962890625 -0.16845703125 0.222122192382813
0.0376434326171875 0.00606155395507813 -0.228485107421875 -0.144454956054687
0.015141487121582 0.015894889831543 0.0137023925781251 -0.51824951171875
-0.0266399383544922 0.0146503448486328 0.5523681640625 -0.442413330078125
-0.0736236572265625 -0.058685302734375 0.7762451171875 0.3323974609375
-0.0508575439453125 -0.165374755859375 0.2650146484375 0.89801025390625
0.076202392578125 -0.165008544921875 -0.10150146484375 0.4971923828125
0.104110717773438 -0.166290283203125 0.0958099365234375 -0.179397583007813
-0.0450439453125 -0.134849548339844 -0.30096435546875 -0.67987060546875
-0.101295471191406 -0.0665206909179688 -0.85546875 -0.2496337890625
-0.0524101257324219 0.00473785400390625 -0.533721923828125 0.519134521484375
0.00686073303222656 0.0155963897705078 0.130218505859375 0.559661865234375
0.0195846557617188 0.000972747802734375 0.380706787109375 0.21966552734375
0.0302333831787109 0.00690078735351563 0.3199462890625 -0.133026123046875
0.0446815490722656 0.00415420532226563 0.153167724609375 -0.29168701171875
0.0335540771484375 0.0063018798828125 -0.164581298828125 0.235519409179688
0.0462722778320313 -0.00133132934570313 -0.254989624023438 -0.101119995117187
0.0261287689208984 0.0125274658203125 -0.0760498046875 -0.489288330078125
-0.0192546844482422 0.0178756713867188 0.44189453125 -0.524200439453125
-0.0879669189453125 -0.0540237426757813 0.80120849609375 0.1529541015625
-0.09210205078125 -0.191253662109375 0.4290771484375 0.8154296875
0.0573883056640625 -0.229598999023438 -0.0359802246093749 0.55853271484375
0.12939453125 -0.234573364257813 0.074798583984375 -0.093780517578125
-0.044921875 -0.19659423828125 -0.20635986328125 -0.67120361328125
-0.122390747070313 -0.102210998535156 -0.80731201171875 -0.38836669921875
-0.07196044921875 -0.00930786132812499 -0.64202880859375 0.42669677734375
0.00100135803222656 0.0146923065185547 0.0197753906250001 0.60479736328125
0.0246448516845703 0.00180435180664063 0.33685302734375 0.29901123046875
0.0377883911132812 0.00502395629882812 0.326904296875 -0.0916748046875
0.0557975769042969 0.0042877197265625 0.1693115234375 -0.28857421875
-0.0803909301757813 -0.024261474609375 -0.152236938476563 0.270858764648438
-0.0385475158691406 -0.0216407775878906 -0.288177490234375 0.026611328125
-0.0299758911132813 -0.0218315124511719 -0.25286865234375 -0.38531494140625
0.0235767364501953 0.00529670715332031 0.12628173828125 -0.65130615234375
0.0611038208007813 0.0289077758789063 0.72662353515625 -0.25482177734375
0.0833816528320313 0.0831451416015625 0.7489013671875 0.50830078125
0.041290283203125 0.213851928710938 0.20172119140625 0.6417236328125
-0.0769195556640625 0.25396728515625 0.0672225952148438 0.07745361328125
0.0119476318359375 0.219879150390625 0.0504150390625 -0.63995361328125
0.0987167358398437 0.104690551757813 -0.58203125 -0.75396728515625
0.077484130859375 0.0292129516601563 -0.8609619140625 0.0667724609374998
0.0117177963256836 -0.00769138336181641 -0.3095703125 0.58782958984375
-0.0266494750976562 -0.0198211669921875 0.14849853515625 0.446319580078125
-0.045440673828125 -0.00528335571289063 0.29913330078125 0.026611328125
-0.0511322021484375 -0.00621795654296874 0.18658447265625 -0.2633056640625
-0.076263427734375 -0.0224380493164063 -0.161224365234375 0.256546020507813
-0.0302104949951172 -0.0156517028808594 -0.270111083984375 -0.0408477783203125
-0.0232143402099609 -0.0161819458007812 -0.158843994140625 -0.46575927734375
0.0220394134521484 0.0146999359130859 0.30078125 -0.62445068359375
0.0491523742675781 0.0445365905761719 0.79736328125 -0.0487060546875
0.0611724853515625 0.105278015136719 0.61151123046875 0.68939208984375
0.0110015869140625 0.224136352539062 0.08392333984375 0.60491943359375
-0.070587158203125 0.248687744140625 0.0901031494140625 -0.0357666015625
0.04144287109375 0.196487426757813 -0.08331298828125 -0.69769287109375
0.102584838867188 0.0672607421875 -0.74432373046875 -0.57952880859375
0.0602493286132812 0.0111503601074219 -0.7725830078125 0.27886962890625
0.00199294090270996 -0.00385832786560059 -0.13214111328125 0.60723876953125
-0.0278415679931641 -0.0144405364990234 0.250885009765625 0.366058349609375
-0.0423660278320313 0.000915527343749997 0.31207275390625 -0.034637451171875
-0.0494880676269531 -0.00492095947265626 0.170211791992187 -0.273361206054688
-0.0631370544433594 -0.0167655944824219 -0.166168212890625 0.239517211914063
-0.0186290740966797 -0.00769996643066407 -0.244110107421875 -0.103500366210938
-0.0161294937133789 -0.00678825378417969 -0.0574951171875 -0.5186767578125
0.0142269134521484 0.0224647521972656 0.4559326171875 -0.552520751953125
0.0243911743164063 0.0471878051757813 0.80926513671875 0.16461181640625
0.0254898071289063 0.097412109375 0.4351806640625 0.83038330078125
-0.011077880859375 0.193206787109375 -0.012847900390625 0.5472412109375
-0.048614501953125 0.204132080078125 0.108673095703125 -0.135757446289063
0.0509185791015625 0.143905639648438 -0.2099609375 -0.71484375
0.0802841186523438 0.0273971557617188 -0.83966064453125 -0.39532470703125
0.03497314453125 0.000919342041015625 -0.6500244140625 0.43377685546875
-0.00199389457702637 0.00306439399719238 0.02471923828125 0.58673095703125
-0.0224018096923828 -0.00810050964355469 0.3280029296875 0.280731201171875
-0.0330219268798828 0.00658798217773438 0.315277099609375 -0.0904541015625
-0.0385665893554687 -0.00349426269531251 0.154998779296875 -0.281890869140625
-0.044281005859375 -0.0109100341796875 -0.168701171875 0.224609375
-0.00419282913208008 0.000892877578735352 -0.220718383789062 -0.150054931640625
-0.00959682464599609 0.00297927856445313 0.02935791015625 -0.5408935546875
-0.000162124633789061 0.0236320495605469 0.5643310546875 -0.46124267578125
-0.00595283508300781 0.0290145874023438 0.7791748046875 0.3404541015625
-0.00297164916992187 0.052154541015625 0.27166748046875 0.90869140625
-0.00936126708984375 0.124160766601563 -0.082366943359375 0.49139404296875
-0.013519287109375 0.127593994140625 0.119873046875 -0.208114624023438
0.0369873046875 0.0772552490234375 -0.30853271484375 -0.70782470703125
0.0377998352050781 -0.00414276123046875 -0.8792724609375 -0.25018310546875
0.00863313674926758 0.000143051147460937 -0.540374755859375 0.524444580078125
-0.00178432464599609 0.00946617126464844 0.133636474609375 0.54779052734375
-0.0127553939819336 -0.00223541259765625 0.37432861328125 0.20941162109375
-0.01727294921875 0.00971508026123047 0.312896728515625 -0.130645751953125
-0.0199947357177734 -0.00171661376953125 0.1435546875 -0.287750244140625
-0.0215301513671875 -0.00260734558105469 -0.17041015625 0.215118408203125
0.0100278854370117 0.00624656677246094 -0.207168579101562 -0.171829223632812
-0.0036773681640625 0.0109634399414063 0.0723876953125 -0.540557861328125
-0.0150566101074219 0.0191764831542969 0.6153564453125 -0.396240234375
-0.0312862396240234 -0.00528907775878906 0.746826171875 0.43768310546875
-0.0165767669677734 -0.0210418701171875 0.1719970703125 0.9385986328125
0.0228347778320313 0.03076171875 -0.119659423828125 0.456573486328125
0.0273284912109375 0.029541015625 0.121017456054688 -0.242599487304688
0.00816583633422852 0.00613069534301758 -0.359619140625 -0.69647216796875
-0.0127944946289063 -0.0232009887695313 -0.8839111328125 -0.1710205078125
-0.0123348236083984 0.00358867645263672 -0.47735595703125 0.5626220703125
0.00225734710693359 0.013646125793457 0.187164306640625 0.52484130859375
-0.000123590230941772 0.000159010291099548 0.396270751953125 0.1710205078125
0.000428199768066405 0.0103349685668945 0.311004638671875 -0.152374267578125
0.0030055046081543 -0.000294685363769531 0.137603759765625 -0.290374755859375
0.000509262084960938 0.00449228286743164 -0.1700439453125 0.214157104492188
0.0253524780273438 0.00853157043457031 -0.211074829101563 -0.170074462890625
0.00455093383789063 0.0157499313354492 0.0663452148437501 -0.533966064453125
-0.0252666473388672 0.0147991180419922 0.61212158203125 -0.3912353515625
-0.0542831420898438 -0.0412979125976562 0.747314453125 0.43487548828125
-0.0258255004882812 -0.102836608886719 0.17169189453125 0.940185546875
0.0605850219726563 -0.0721435546875 -0.126953125 0.4600830078125
0.0689697265625 -0.0733413696289063 0.111968994140625 -0.232437133789063
-0.0245704650878906 -0.0660476684570312 -0.357666015625 -0.68609619140625
-0.0623512268066406 -0.0416450500488281 -0.8779296875 -0.17230224609375
-0.0327816009521484 0.00757408142089844 -0.4752197265625 0.561004638671875
0.00621414184570313 0.0148763656616211 0.186431884765625 0.52838134765625
0.0123109817504883 0.000773429870605469 0.39935302734375 0.173980712890625
0.0172023773193359 0.00959300994873047 0.312774658203125 -0.15386962890625
0.0263214111328125 0.00188827514648438 0.13995361328125 -0.292572021484375
0.0206394195556641 0.00685882568359375 -0.168960571289063 0.222412109375
0.0381927490234375 0.00613784790039063 -0.229782104492188 -0.145843505859375
0.0149936676025391 0.0163669586181641 0.01275634765625 -0.522979736328125
-0.0265178680419922 0.0143337249755859 0.55523681640625 -0.4456787109375
-0.0755081176757813 -0.05938720703125 0.78045654296875 0.3341064453125
-0.049835205078125 -0.165603637695313 0.26824951171875 0.90509033203125
0.0770721435546875 -0.165969848632813 -0.101806640625 0.4989013671875
0.105453491210937 -0.167007446289063 0.09527587890625 -0.180908203125
-0.0453033447265625 -0.135581970214844 -0.3026123046875 -0.683837890625
-0.101882934570312 -0.0667572021484375 -0.86199951171875 -0.24993896484375
-0.0535507202148438 0.00472259521484375 -0.538116455078125 0.524139404296875
0.00590133666992188 0.0152931213378906 0.130615234375 0.56329345703125
0.0199756622314453 0.00135231018066406 0.381988525390625 0.220306396484375
0.0314826965332031 0.00752067565917969 0.32110595703125 -0.134063720703125
0.0452995300292969 0.0027618408203125 0.153533935546875 -0.293243408203125
0.0349159240722656 0.00717926025390625 -0.16571044921875 0.237548828125
0.0469436645507813 -0.000606536865234375 -0.256851196289063 -0.101150512695313
0.0260524749755859 0.0126972198486328 -0.07525634765625 -0.49169921875
-0.018707275390625 0.0168476104736328 0.44287109375 -0.527801513671875
-0.0892410278320313 -0.0549087524414062 0.8052978515625 0.15472412109375
-0.094085693359375 -0.192520141601563 0.43170166015625 0.8193359375
0.058685302734375 -0.22991943359375 -0.036102294921875 0.56005859375
0.130706787109375 -0.23541259765625 0.0742340087890625 -0.094512939453125
-0.0444488525390625 -0.197113037109375 -0.20745849609375 -0.6737060546875
-0.123420715332031 -0.101898193359375 -0.812744140625 -0.39251708984375
-0.0723953247070313 -0.00975799560546876 -0.64520263671875 0.429931640625
0.000494003295898438 0.0144453048706055 0.01947021484375 0.6080322265625
0.0243034362792969 0.00179672241210938 0.33892822265625 0.300872802734375
0.0388603210449219 0.00464630126953125 0.328948974609375 -0.092864990234375
0.0564537048339844 0.00471878051757813 0.170440673828125 -0.29071044921875
-0.081329345703125 -0.022979736328125 -0.152313232421875 0.2728271484375
-0.0390625 -0.0206947326660156 -0.29058837890625 0.0283203124999999
-0.0302009582519531 -0.0218334197998047 -0.25640869140625 -0.387054443359375
0.0235786437988281 0.00480079650878906 0.12493896484375 -0.65509033203125
0.0614738464355469 0.029510498046875 0.73065185546875 -0.25628662109375
0.0834808349609375 0.0828628540039062 0.75537109375 0.51165771484375
0.04168701171875 0.214691162109375 0.20355224609375 0.64599609375
-0.076171875 0.255416870117188 0.0677871704101563 0.0779190063476563
0.01202392578125 0.221084594726563 0.0505981445312499 -0.64385986328125
0.0995941162109375 0.106109619140625 -0.5875244140625 -0.75927734375
0.0781784057617188 0.0295867919921875 -0.866943359375 0.0684814453124999
0.0123558044433594 -0.008636474609375 -0.31231689453125 0.5947265625
-0.0267925262451172 -0.0197734832763672 0.151031494140625 0.44964599609375
-0.0452003479003906 -0.00536727905273438 0.301483154296875 0.026031494140625
-0.0504913330078125 -0.00609970092773437 0.187210083007813 -0.265045166015625
-0.0771560668945313 -0.0213699340820313 -0.161392211914062 0.2581787109375
-0.0307025909423828 -0.0144309997558594 -0.270889282226563 -0.0411376953125
-0.0235080718994141 -0.0154514312744141 -0.16143798828125 -0.46929931640625
0.0234546661376953 0.0142879486083984 0.2994384765625 -0.630615234375
0.0497207641601563 0.0457763671875 0.80047607421875 -0.05133056640625
0.0611724853515625 0.105941772460938 0.61712646484375 0.6929931640625
0.0111236572265625 0.225753784179688 0.0855712890625 0.6064453125
-0.070220947265625 0.250091552734375 0.0914535522460938 -0.0362701416015625
0.041534423828125 0.197769165039063 -0.08392333984375 -0.70196533203125
0.103935241699219 0.0674896240234375 -0.75006103515625 -0.58270263671875
0.0614089965820313 0.0108375549316406 -0.77862548828125 0.283203125
0.00269579887390137 -0.00408196449279785 -0.13177490234375 0.6134033203125
-0.02874755859375 -0.0135345458984375 0.253631591796875 0.368896484375
-0.0425605773925781 0.00138092041015625 0.314422607421875 -0.03472900390625
-0.0491828918457031 -0.00481033325195312 0.170883178710938 -0.27593994140625
-0.0635261535644531 -0.0165443420410156 -0.166046142578125 0.240203857421875
-0.0190677642822266 -0.00634193420410156 -0.246017456054688 -0.105072021484375
-0.0154581069946289 -0.00676155090332031 -0.058258056640625 -0.522857666015625
0.0152492523193359 0.0218868255615234 0.45635986328125 -0.556182861328125
0.0245361328125 0.0479736328125 0.81524658203125 0.1654052734375
0.0251388549804687 0.0982589721679688 0.43988037109375 0.8349609375
-0.01104736328125 0.194427490234375 -0.0128479003906251 0.549713134765625
-0.0474090576171875 0.205398559570313 0.110206604003906 -0.136993408203125
0.0525665283203125 0.145248413085938 -0.21331787109375 -0.71905517578125
0.08148193359375 0.0269699096679688 -0.8480224609375 -0.39605712890625
0.0351905822753906 -0.000102996826171875 -0.65753173828125 0.43927001953125
-0.00234770774841309 0.00319623947143555 0.0246582031250001 0.591064453125
-0.0232410430908203 -0.007080078125 0.33062744140625 0.2822265625
-0.0325336456298828 0.00688362121582031 0.31683349609375 -0.09112548828125
-0.0383567810058594 -0.00374603271484375 0.154815673828125 -0.284027099609375
-0.0432662963867188 -0.00949096679687501 -0.1695556640625 0.225906372070313
-0.00499486923217773 0.00113868713378906 -0.221649169921875 -0.150100708007813
-0.00993728637695313 0.00332069396972656 0.027130126953125 -0.544036865234375
8.0108642578123E-05 0.0227260589599609 0.5665283203125 -0.4639892578125
-0.0048828125 0.029022216796875 0.7838134765625 0.3446044921875
-0.004608154296875 0.0529022216796875 0.274658203125 0.916259765625
-0.00825500488281249 0.125114440917969 -0.083648681640625 0.49261474609375
-0.0135421752929687 0.128257751464844 0.1207275390625 -0.211227416992188
0.03839111328125 0.0776596069335938 -0.31219482421875 -0.7127685546875
0.0382881164550781 -0.00378799438476563 -0.88446044921875 -0.2501220703125
0.00987720489501953 -0.000606536865234375 -0.54412841796875 0.5296630859375
-0.00120735168457031 0.00921916961669922 0.1353759765625 0.5528564453125
-0.0121383666992188 -0.00230312347412109 0.37750244140625 0.20880126953125
-0.0176372528076172 0.0108871459960938 0.314422607421875 -0.132537841796875
-0.0192470550537109 -0.00205039978027344 0.143890380859375 -0.289459228515625
-0.0208797454833984 -0.00130653381347656 -0.170928955078125 0.216323852539063
0.0104284286499023 0.00731658935546875 -0.209335327148438 -0.173614501953125
-0.00369644165039063 0.0110988616943359 0.0725708007812499 -0.5462646484375
-0.0148277282714844 0.0196208953857422 0.62017822265625 -0.39996337890625
-0.0324077606201172 -0.00599479675292968 0.7506103515625 0.4390869140625
-0.0167255401611328 -0.0214424133300781 0.1751708984375 0.94622802734375
0.0223884582519531 0.0301399230957031 -0.120147705078125 0.4588623046875
0.0278072357177734 0.0302753448486328 0.1221923828125 -0.245895385742188
0.00823307037353516 0.00608015060424805 -0.3623046875 -0.69873046875
-0.0130138397216797 -0.0235462188720703 -0.8935546875 -0.17138671875
-0.0123519897460938 0.00350856781005859 -0.47900390625 0.5679931640625
0.00267314910888672 0.0133199691772461 0.18865966796875 0.527587890625
-0.000247180461883545 -0.000402867794036865 0.399658203125 0.171173095703125
0.000701904296875 0.0111761093139648 0.3125 -0.1546630859375
0.00358486175537109 -0.000761985778808594 0.138580322265625 -0.293212890625
0.00153326988220215 0.00429677963256836 -0.170913696289063 0.216110229492188
0.0253829956054688 0.00930595397949219 -0.212677001953125 -0.171005249023438
0.00383472442626953 0.0156612396240234 0.06573486328125 -0.537994384765625
-0.0249156951904297 0.0146045684814453 0.61639404296875 -0.39569091796875
-0.0551643371582031 -0.0412940979003906 0.7540283203125 0.4378662109375
-0.0261459350585937 -0.101936340332031 0.1722412109375 0.9451904296875
0.0614852905273438 -0.0726547241210938 -0.128082275390625 0.461334228515625
0.0694732666015625 -0.074066162109375 0.112380981445313 -0.235565185546875
-0.0240402221679688 -0.0659866333007813 -0.3609619140625 -0.6920166015625
-0.0631065368652344 -0.0418281555175781 -0.8856201171875 -0.17340087890625
-0.0326023101806641 0.00673866271972656 -0.4776611328125 0.56683349609375
0.00623130798339844 0.0148248672485352 0.188629150390625 0.533966064453125
0.0116453170776367 0.00130844116210938 0.401123046875 0.175567626953125
0.0180244445800781 0.0098114013671875 0.315185546875 -0.156219482421875
0.0272712707519531 0.00134658813476563 0.140594482421875 -0.295074462890625
0.0219306945800781 0.0075836181640625 -0.169677734375 0.224258422851562
0.0390434265136719 0.00597763061523438 -0.233367919921875 -0.146728515625
0.0151262283325195 0.0168170928955078 0.0120849609375 -0.52484130859375
-0.0272331237792969 0.0142383575439453 0.5582275390625 -0.447479248046875
-0.076171875 -0.059814453125 0.78704833984375 0.3367919921875
-0.051055908203125 -0.167510986328125 0.26983642578125 0.91058349609375
0.077362060546875 -0.166549682617188 -0.10498046875 0.501251220703125
0.106063842773438 -0.168609619140625 0.0957183837890625 -0.182342529296875
-0.045562744140625 -0.136062622070313 -0.30615234375 -0.687255859375
-0.103401184082031 -0.0668411254882812 -0.86767578125 -0.25274658203125
-0.053558349609375 0.00362014770507814 -0.5408935546875 0.528564453125
0.00538444519042969 0.0154561996459961 0.13311767578125 0.56768798828125
0.0196056365966797 0.00188255310058594 0.384796142578125 0.221893310546875
0.0310745239257812 0.00691986083984375 0.323394775390625 -0.135650634765625
0.046630859375 0.0021514892578125 0.152984619140625 -0.2960205078125
0.0365829467773438 0.00724029541015625 -0.166030883789063 0.23834228515625
0.0483436584472656 -0.000202178955078125 -0.259674072265625 -0.101943969726563
0.0264759063720703 0.0124645233154297 -0.0771484375 -0.49420166015625
-0.0182228088378906 0.0168991088867188 0.4454345703125 -0.532257080078125
-0.09124755859375 -0.0558242797851563 0.810791015625 0.154296875
-0.094390869140625 -0.192398071289063 0.43597412109375 0.82623291015625
0.058624267578125 -0.231704711914063 -0.03656005859375 0.5633544921875
0.131683349609375 -0.238479614257813 0.0734405517578125 -0.0950088500976563
-0.044097900390625 -0.198516845703125 -0.20941162109375 -0.6787109375
-0.124359130859375 -0.10302734375 -0.821533203125 -0.3927001953125
-0.0735549926757813 -0.0102462768554688 -0.65106201171875 0.43603515625
4.76837158203136E-05 0.0145721435546875 0.02142333984375 0.6142578125
0.0245876312255859 0.00153160095214844 0.340728759765625 0.30340576171875
0.0385513305664063 0.004638671875 0.330810546875 -0.093902587890625
0.0582771301269531 0.0034942626953125 0.170867919921875 -0.29364013671875
-0.0814895629882813 -0.0219497680664062 -0.151809692382812 0.275177001953125
-0.0395889282226563 -0.0194969177246094 -0.291107177734375 0.02886962890625
-0.0312480926513672 -0.0219154357910156 -0.259307861328125 -0.389495849609375
0.0239887237548828 0.00438499450683594 0.12322998046875 -0.659912109375
0.0626945495605469 0.0291481018066406 0.73297119140625 -0.26214599609375
0.0832061767578125 0.0836334228515625 0.76275634765625 0.51361083984375
0.042449951171875 0.216964721679688 0.20941162109375 0.6475830078125
-0.075836181640625 0.257492065429688 0.06890869140625 0.0775833129882813
0.0135650634765625 0.22406005859375 0.04693603515625 -0.64874267578125
0.101119995117188 0.105812072753906 -0.595703125 -0.76202392578125
0.0794830322265625 0.02801513671875 -0.87567138671875 0.0736694335937498
0.0115976333618164 -0.00830745697021484 -0.31304931640625 0.60137939453125
-0.0272006988525391 -0.0184669494628906 0.15203857421875 0.452392578125
-0.0455856323242188 -0.00451278686523437 0.302581787109375 0.025146484375
-0.0508613586425781 -0.00659942626953126 0.187423706054688 -0.26812744140625
-0.0767822265625 -0.0199508666992188 -0.160934448242188 0.261428833007813
-0.0314693450927734 -0.0133399963378906 -0.272659301757813 -0.0408782958984375
-0.0246791839599609 -0.0149879455566406 -0.1639404296875 -0.47259521484375
0.0239009857177734 0.0147628784179688 0.2984619140625 -0.63543701171875
0.0508460998535156 0.0460128784179688 0.80633544921875 -0.0560302734375
0.060943603515625 0.106590270996094 0.62469482421875 0.697021484375
0.012786865234375 0.227432250976562 0.0899658203125 0.61004638671875
-0.0699005126953125 0.252059936523438 0.0918426513671875 -0.0366897583007812
0.04327392578125 0.199554443359375 -0.0855102539062499 -0.705078125
0.105308532714844 0.0673828125 -0.757568359375 -0.58538818359375
0.0617141723632813 0.00975418090820313 -0.78509521484375 0.28765869140625
0.00255632400512695 -0.00429177284240723 -0.13177490234375 0.62066650390625
-0.0289649963378906 -0.0131778717041016 0.256500244140625 0.3719482421875
-0.0431289672851563 0.00205230712890624 0.316375732421875 -0.037628173828125
-0.0490875244140625 -0.00484848022460938 0.172012329101563 -0.279266357421875
-0.0631446838378906 -0.0146102905273438 -0.166458129882813 0.242721557617187
-0.0189609527587891 -0.00533103942871094 -0.247817993164063 -0.104843139648438
-0.0159616470336914 -0.00629615783691406 -0.062164306640625 -0.52545166015625
0.0147762298583984 0.0216140747070313 0.457427978515625 -0.560882568359375
0.0250663757324219 0.0480575561523438 0.8226318359375 0.1650390625
0.02569580078125 0.098968505859375 0.4471435546875 0.8387451171875
-0.0104217529296875 0.19647216796875 -0.0106811523437501 0.552398681640625
-0.046722412109375 0.206558227539062 0.110313415527344 -0.138664245605469
0.0534515380859375 0.145889282226562 -0.21832275390625 -0.72491455078125
0.0813980102539062 0.0261459350585937 -0.85540771484375 -0.39862060546875
0.0357551574707031 -0.000492095947265625 -0.66021728515625 0.44586181640625
-0.00287699699401855 0.00318622589111328 0.02667236328125 0.59796142578125
-0.0233688354492188 -0.00744247436523437 0.333740234375 0.283538818359375
-0.0332355499267578 0.00780105590820312 0.3197021484375 -0.09381103515625
-0.0385589599609375 -0.00363540649414063 0.155120849609375 -0.28704833984375
-0.0436019897460937 -0.00806808471679687 -0.169448852539062 0.2276611328125
-0.00450563430786133 0.00238561630249023 -0.224044799804687 -0.15087890625
-0.010162353515625 0.00342273712158203 0.02410888671875 -0.549957275390625
0.000347137451171876 0.0233936309814453 0.56787109375 -0.47021484375
-0.00524330139160156 0.0292396545410156 0.7918701171875 0.34332275390625
-0.00380325317382812 0.0535469055175781 0.279296875 0.9197998046875
-0.00798797607421875 0.125953674316406 -0.082000732421875 0.49493408203125
-0.0126800537109375 0.129135131835937 0.12091064453125 -0.21380615234375
0.0390853881835938 0.0790786743164063 -0.31549072265625 -0.717041015625
0.0383682250976563 -0.00353240966796875 -0.89459228515625 -0.2496337890625
0.0100831985473633 -0.00122737884521484 -0.546722412109375 0.535858154296875
-0.00178909301757812 0.00927925109863281 0.138671875 0.557586669921875
-0.0133743286132813 -0.00159263610839844 0.38092041015625 0.20965576171875
-0.0173883438110352 0.0113372802734375 0.316925048828125 -0.134613037109375
-0.0188941955566406 -0.00242233276367188 0.14337158203125 -0.29278564453125
-0.0198307037353516 -0.000486373901367191 -0.171295166015625 0.218719482421875
0.0109729766845703 0.00879859924316406 -0.212005615234375 -0.174514770507813
-0.00350666046142578 0.0111284255981445 0.070953369140625 -0.550506591796875
-0.015228271484375 0.0191726684570313 0.62158203125 -0.4044189453125
-0.0325927734375 -0.00648689270019531 0.75799560546875 0.44146728515625
-0.0170879364013672 -0.0212345123291016 0.1806640625 0.95343017578125
0.0244827270507812 0.0305194854736328 -0.1209716796875 0.460357666015625
0.0282573699951172 0.0304222106933594 0.121353149414063 -0.24822998046875
0.00908374786376953 0.00635528564453125 -0.36749267578125 -0.7025146484375
-0.0132560729980469 -0.0240039825439453 -0.9007568359375 -0.17010498046875
-0.0124921798706055 0.00372314453125 -0.48138427734375 0.5755615234375
0.00219154357910156 0.0131940841674805 0.192108154296875 0.530181884765625
-0.000645935535430908 0.000819802284240723 0.401763916015625 0.169952392578125
0.000837326049804688 0.0106935501098633 0.314178466796875 -0.156890869140625
0.00463199615478516 -7.58171081542969E-05 0.137969970703125 -0.2952880859375
0.0029449462890625 0.00488615036010742 -0.171234130859375 0.217849731445313
0.0258884429931641 0.00984764099121094 -0.216262817382813 -0.17169189453125
0.00414657592773438 0.0156354904174805 0.0636596679687499 -0.5419921875
-0.0253543853759766 0.0152263641357422 0.61895751953125 -0.3995361328125
-0.0556678771972656 -0.0415802001953125 0.76019287109375 0.43878173828125
-0.0266571044921875 -0.1025390625 0.17645263671875 0.9527587890625
0.0615463256835938 -0.0739212036132813 -0.129608154296875 0.46392822265625
0.0703811645507813 -0.0755538940429688 0.111984252929688 -0.238845825195313
-0.0238075256347656 -0.0657882690429688 -0.36480712890625 -0.69549560546875
-0.0636329650878906 -0.0414848327636719 -0.8934326171875 -0.16986083984375
-0.0327053070068359 0.00659370422363282 -0.48150634765625 0.57403564453125
0.00589752197265625 0.0147619247436523 0.192047119140625 0.536285400390625
0.0114431381225586 0.00158405303955078 0.4051513671875 0.17449951171875
0.0176677703857422 0.00905799865722656 0.316619873046875 -0.15838623046875
0.0274696350097656 0.00112152099609375 0.14111328125 -0.297943115234375
0.0242557525634766 0.00783348083496094 -0.170028686523438 0.227279663085937
0.0406990051269531 0.00631332397460937 -0.23504638671875 -0.146804809570313
0.0159225463867188 0.0167484283447266 0.01025390625 -0.52838134765625
-0.0268478393554687 0.0133609771728516 0.56280517578125 -0.45526123046875
-0.07763671875 -0.0609512329101563 0.7939453125 0.335693359375
-0.0513153076171875 -0.167495727539063 0.2764892578125 0.91717529296875
0.0776214599609375 -0.168319702148437 -0.1033935546875 0.50445556640625
0.106048583984375 -0.170150756835938 0.0950775146484375 -0.185760498046875
-0.0452499389648438 -0.136894226074219 -0.31011962890625 -0.69110107421875
-0.103759765625 -0.0669326782226562 -0.874755859375 -0.25140380859375
-0.0545806884765625 0.00332641601562501 -0.544525146484375 0.536529541015625
0.00506973266601563 0.0147876739501953 0.13775634765625 0.57366943359375
0.0198230743408203 0.00248908996582031 0.38861083984375 0.222503662109375
0.0323314666748047 0.00677490234375 0.32550048828125 -0.138031005859375
0.0467376708984375 0.00217437744140625 0.152862548828125 -0.29864501953125
0.0372161865234375 0.00748062133789063 -0.166351318359375 0.240951538085938
0.04888916015625 -0.000659942626953125 -0.2623291015625 -0.100677490234375
0.0271053314208984 0.0128192901611328 -0.08135986328125 -0.498565673828125
-0.0184860229492188 0.0167140960693359 0.44854736328125 -0.536102294921875
-0.0918807983398438 -0.0557632446289063 0.81768798828125 0.1549072265625
-0.0949249267578125 -0.193435668945313 0.44281005859375 0.8314208984375
0.0595855712890625 -0.233673095703125 -0.0350341796875 0.56622314453125
0.131942749023438 -0.240478515625 0.074127197265625 -0.0971603393554688
-0.0450897216796875 -0.19952392578125 -0.21331787109375 -0.6817626953125
-0.125778198242188 -0.103622436523438 -0.82818603515625 -0.3934326171875
-0.0745162963867188 -0.0105972290039062 -0.65472412109375 0.44158935546875
-8.2969665527344E-05 0.0139579772949219 0.02349853515625 0.62017822265625
0.0246639251708984 0.00201797485351563 0.3448486328125 0.30462646484375
0.0391387939453125 0.00442123413085937 0.3323974609375 -0.095916748046875
0.0582809448242187 0.00313186645507812 0.1710205078125 -0.296356201171875
-0.08074951171875 -0.0199127197265625 -0.150527954101563 0.277786254882812
-0.0402679443359375 -0.0190353393554687 -0.29302978515625 0.030120849609375
-0.0320339202880859 -0.0212574005126953 -0.26629638671875 -0.391143798828125
0.0245990753173828 0.00385665893554687 0.11859130859375 -0.66571044921875
0.0624847412109375 0.0296096801757812 0.73638916015625 -0.26611328125
0.0834426879882812 0.0843734741210938 0.772216796875 0.51251220703125
0.0449371337890625 0.218246459960937 0.21441650390625 0.65020751953125
-0.075164794921875 0.259475708007813 0.0691452026367188 0.0781936645507813
0.0149078369140625 0.2254638671875 0.0469360351562501 -0.65338134765625
0.102386474609375 0.105567932128906 -0.60272216796875 -0.7666015625
0.0810317993164063 0.0276947021484375 -0.8824462890625 0.0784912109374999
0.0120868682861328 -0.00826835632324219 -0.3150634765625 0.60882568359375
-0.0275669097900391 -0.0192012786865234 0.155517578125 0.45587158203125
-0.0454025268554688 -0.00349807739257813 0.3055419921875 0.02349853515625
-0.05078125 -0.006134033203125 0.186447143554687 -0.271438598632813
-0.0770492553710937 -0.018646240234375 -0.159683227539062 0.262893676757813
-0.0319042205810547 -0.0132350921630859 -0.275131225585938 -0.039947509765625
-0.0247306823730469 -0.0152511596679688 -0.16900634765625 -0.4755859375
0.0234031677246094 0.0141124725341797 0.29705810546875 -0.64129638671875
0.0503997802734375 0.0458946228027344 0.80987548828125 -0.05865478515625
0.0609512329101563 0.107597351074219 0.63275146484375 0.69769287109375
0.0137786865234375 0.229278564453125 0.0928955078125001 0.61285400390625
-0.0684814453125 0.253952026367187 0.0921707153320313 -0.038177490234375
0.044097900390625 0.200775146484375 -0.0907592773437499 -0.71038818359375
0.106132507324219 0.067138671875 -0.76568603515625 -0.58575439453125
0.0630035400390625 0.00949859619140625 -0.788818359375 0.29388427734375
0.00216865539550781 -0.00487709045410156 -0.130859375 0.62774658203125
-0.0288352966308594 -0.0131454467773438 0.259521484375 0.3719482421875
-0.0433311462402344 0.0037994384765625 0.318756103515625 -0.039154052734375
-0.048553466796875 -0.00405120849609376 0.1705322265625 -0.28179931640625
-0.063568115234375 -0.0131454467773438 -0.165786743164063 0.24566650390625
-0.0190334320068359 -0.00489425659179687 -0.24969482421875 -0.104904174804688
-0.016484260559082 -0.00593757629394531 -0.065460205078125 -0.530426025390625
0.0150356292724609 0.0221443176269531 0.4564208984375 -0.56768798828125
0.0254783630371094 0.0484962463378906 0.82843017578125 0.16168212890625
0.0257720947265625 0.100257873535156 0.45318603515625 0.8427734375
-0.00865173339843749 0.197280883789063 -0.00903320312500001 0.554351806640625
-0.0454864501953125 0.208145141601563 0.110504150390625 -0.142288208007813
0.0554046630859375 0.147308349609375 -0.22210693359375 -0.72808837890625
0.08258056640625 0.0263824462890625 -0.8642578125 -0.3963623046875
0.0357513427734375 -0.000507354736328125 -0.6644287109375 0.45318603515625
-0.00278425216674805 0.00318193435668945 0.030029296875 0.6025390625
-0.0241641998291016 -0.00621414184570313 0.33685302734375 0.2835693359375
-0.0333766937255859 0.00829696655273438 0.321533203125 -0.096099853515625
-0.0381851196289063 -0.00310134887695313 0.15521240234375 -0.2906494140625
-0.0423698425292969 -0.00723266601562501 -0.168838500976562 0.229766845703125
-0.00437450408935547 0.00324654579162598 -0.227523803710937 -0.151779174804688
-0.00975227355957031 0.00339889526367188 0.021087646484375 -0.55352783203125
0.00054359436035156 0.0238685607910156 0.569091796875 -0.476318359375
-0.00589752197265625 0.0291042327880859 0.7982177734375 0.34124755859375
-0.00406646728515625 0.0535240173339844 0.28546142578125 0.9261474609375
-0.00659179687500001 0.126632690429688 -0.080810546875 0.496978759765625
-0.0124435424804688 0.130317687988281 0.120651245117187 -0.217315673828125
0.0401535034179688 0.0795974731445313 -0.32257080078125 -0.721923828125
0.0382423400878906 -0.00500106811523438 -0.9031982421875 -0.24688720703125
0.00995826721191406 -0.00192832946777344 -0.54925537109375 0.54376220703125
-0.00183677673339844 0.00947666168212891 0.141357421875 0.56182861328125
-0.0131940841674805 -0.00147628784179687 0.384674072265625 0.209075927734375
-0.0174131393432617 0.0119428634643555 0.31768798828125 -0.138519287109375
-0.0185089111328125 -0.00230598449707032 0.143157958984375 -0.295562744140625
-0.0188789367675781 0.00033378601074219 -0.170455932617188 0.220046997070313
0.011077880859375 0.0092620849609375 -0.214675903320313 -0.175384521484375
-0.00385284423828125 0.0116138458251953 0.06744384765625 -0.554046630859375
-0.0154304504394531 0.0192775726318359 0.6259765625 -0.41192626953125
-0.0338954925537109 -0.00651168823242188 0.76654052734375 0.4410400390625
-0.0174140930175781 -0.0207538604736328 0.1856689453125 0.961181640625
0.0239353179931641 0.0311298370361328 -0.11962890625 0.463409423828125
0.0278186798095703 0.0297698974609375 0.120681762695313 -0.251983642578125
0.0091094970703125 0.00607681274414063 -0.37384033203125 -0.706787109375
-0.0135746002197266 -0.0246315002441406 -0.9080810546875 -0.16656494140625
-0.0125217437744141 0.00254249572753906 -0.48138427734375 0.58355712890625
0.00242042541503906 0.0136203765869141 0.196258544921875 0.53546142578125
0.000491499900817871 0.00113558769226074 0.405029296875 0.16998291015625
0.00146865844726563 0.0120820999145508 0.31561279296875 -0.160491943359375
0.00503778457641602 -0.000911235809326172 0.1373291015625 -0.29931640625
0.00371170043945313 0.00666522979736328 -0.171340942382813 0.220489501953125
0.0270748138427734 0.0102386474609375 -0.2188720703125 -0.1719970703125
0.00513362884521484 0.0162734985351563 0.06011962890625 -0.5469970703125
-0.0256843566894531 0.0140724182128906 0.62091064453125 -0.40765380859375
-0.0573654174804687 -0.0428886413574219 0.76806640625 0.43792724609375
-0.0280532836914063 -0.103317260742187 0.18316650390625 0.9593505859375
0.0630340576171875 -0.074127197265625 -0.1275634765625 0.4674072265625
0.0710906982421875 -0.0764999389648438 0.11041259765625 -0.241455078125
-0.0235023498535156 -0.0664825439453125 -0.37060546875 -0.69873046875
-0.0640754699707031 -0.0419578552246094 -0.90240478515625 -0.1676025390625
-0.0342330932617188 0.006134033203125 -0.48150634765625 0.580322265625
0.00624370574951172 0.0153942108154297 0.196502685546875 0.540863037109375
0.0109281539916992 0.00157642364501953 0.40740966796875 0.17291259765625
0.0191802978515625 0.00984764099121094 0.318756103515625 -0.16131591796875
0.0286312103271484 -0.00017547607421875 0.13983154296875 -0.301605224609375
0.0251388549804687 0.0078277587890625 -0.170074462890625 0.229522705078125
0.040985107421875 0.00674057006835938 -0.23907470703125 -0.146484375
0.0157184600830078 0.0163307189941406 0.00680541992187505 -0.533935546875
-0.0270442962646484 0.0137672424316406 0.56488037109375 -0.460693359375
-0.0787124633789063 -0.0608444213867187 0.80059814453125 0.3343505859375
-0.0531768798828125 -0.167724609375 0.28271484375 0.922607421875
0.0785980224609375 -0.1697998046875 -0.102783203125 0.506195068359375
0.10589599609375 -0.172210693359375 0.094268798828125 -0.188095092773438
-0.0461273193359375 -0.137306213378906 -0.317626953125 -0.69512939453125
-0.105491638183594 -0.0671768188476563 -0.88568115234375 -0.2471923828125
-0.0557174682617188 0.00358963012695312 -0.54669189453125 0.542877197265625
0.00567150115966797 0.0147562026977539 0.139892578125 0.5777587890625
0.0210704803466797 0.00191307067871094 0.392120361328125 0.22064208984375
0.0327949523925781 0.0065765380859375 0.3267822265625 -0.141937255859375
0.0480079650878906 0.00100326538085938 0.15277099609375 -0.301727294921875
0.039276123046875 0.00699996948242188 -0.165115356445313 0.243194580078125
0.050384521484375 -0.0012054443359375 -0.2664794921875 -0.100067138671875
0.0277500152587891 0.0120639801025391 -0.0850524902343749 -0.502044677734375
-0.0196170806884766 0.0171318054199219 0.448089599609375 -0.543365478515625
-0.0939407348632813 -0.05609130859375 0.82513427734375 0.15203857421875
-0.09619140625 -0.19287109375 0.44952392578125 0.8355712890625
0.0587310791015625 -0.2352294921875 -0.03448486328125 0.569091796875
0.131607055664063 -0.243255615234375 0.0736465454101563 -0.0996017456054688
-0.0460357666015625 -0.2003173828125 -0.2178955078125 -0.68511962890625
-0.127632141113281 -0.103630065917969 -0.83648681640625 -0.391845703125
-0.0756454467773438 -0.0112686157226562 -0.65972900390625 0.44915771484375
-0.00063800811767578 0.013218879699707 0.0266113281249999 0.62518310546875
0.0254459381103516 0.00262260437011719 0.3489990234375 0.305877685546875
0.0405693054199219 0.004486083984375 0.335479736328125 -0.0992431640625
0.0591201782226563 0.002655029296875 0.1705322265625 -0.2996826171875
-0.0816268920898438 -0.0178756713867187 -0.148040771484375 0.279830932617188
-0.0408706665039063 -0.0171165466308594 -0.29449462890625 0.0322570800781249
-0.0323009490966797 -0.0204410552978516 -0.269683837890625 -0.392120361328125
0.0249595642089844 0.00408363342285156 0.11346435546875 -0.6708984375
0.0631790161132813 0.0296669006347656 0.738037109375 -0.273681640625
0.084381103515625 0.0849685668945313 0.78179931640625 0.510009765625
0.045684814453125 0.2200927734375 0.22125244140625 0.65252685546875
-0.0740203857421875 0.261001586914063 0.07122802734375 0.0784759521484375
0.01641845703125 0.227615356445313 0.0416259765625 -0.6578369140625
0.104118347167969 0.105560302734375 -0.6142578125 -0.769775390625
0.0821533203125 0.0262374877929688 -0.89031982421875 0.0855102539062499
0.0116605758666992 -0.0089874267578125 -0.31292724609375 0.616455078125
-0.02850341796875 -0.0176372528076172 0.159088134765625 0.4583740234375
-0.0453948974609375 -0.00291442871093751 0.307861328125 0.022613525390625
-0.0509681701660156 -0.00546264648437499 0.18634033203125 -0.274948120117188
-0.07696533203125 -0.0168609619140625 -0.158370971679688 0.266220092773438
-0.0313320159912109 -0.0118122100830078 -0.277542114257812 -0.0388946533203125
-0.0253200531005859 -0.0146865844726562 -0.17431640625 -0.478179931640625
0.0245838165283203 0.0137958526611328 0.29248046875 -0.6470947265625
0.0515174865722656 0.0461158752441406 0.8145751953125 -0.06561279296875
0.0620193481445312 0.108482360839844 0.64154052734375 0.69732666015625
0.01605224609375 0.23016357421875 0.0972900390625 0.61517333984375
-0.067108154296875 0.256988525390625 0.0927047729492188 -0.039337158203125
0.047454833984375 0.20196533203125 -0.0958251953125 -0.7137451171875
0.107826232910156 0.0663070678710938 -0.778564453125 -0.58428955078125
0.064361572265625 0.00872039794921875 -0.7940673828125 0.3026123046875
0.00106143951416016 -0.00399374961853027 -0.1273193359375 0.63482666015625
-0.029510498046875 -0.0123023986816406 0.26458740234375 0.37384033203125
-0.0433692932128906 0.00409317016601563 0.32110595703125 -0.04302978515625
-0.0481300354003906 -0.00467681884765626 0.169769287109375 -0.286224365234375
-0.0629653930664063 -0.0113639831542969 -0.164764404296875 0.248214721679688
-0.0192356109619141 -0.00391578674316406 -0.252899169921875 -0.104904174804688
-0.0167675018310547 -0.00584983825683594 -0.0706787109374999 -0.534210205078125
0.0157966613769531 0.0218429565429688 0.4569091796875 -0.5758056640625
0.0251731872558594 0.0486030578613281 0.8348388671875 0.15771484375
0.0261993408203125 0.101112365722656 0.46319580078125 0.8460693359375
-0.00802612304687501 0.198928833007813 -0.005615234375 0.558013916015625
-0.04443359375 0.209976196289062 0.109649658203125 -0.144378662109375
0.05621337890625 0.148040771484375 -0.22894287109375 -0.73260498046875
0.0842132568359375 0.0253982543945313 -0.873291015625 -0.393798828125
0.0368728637695313 -0.00238418579101562 -0.66741943359375 0.46136474609375
-0.00354242324829102 0.0027163028717041 0.0333251953125 0.6085205078125
-0.0243682861328125 -0.00625419616699219 0.342803955078125 0.28411865234375
-0.0327396392822266 0.00930404663085937 0.322265625 -0.0987548828125
-0.0370597839355469 -0.00320434570312499 0.15386962890625 -0.294708251953125
-0.0424461364746094 -0.00598526000976562 -0.16845703125 0.232666015625
-0.00427889823913574 0.00414752960205078 -0.229766845703125 -0.151763916015625
-0.010162353515625 0.00459861755371094 0.017578125 -0.55853271484375
0.00058555603027344 0.0234813690185547 0.56976318359375 -0.482666015625
-0.0060272216796875 0.0300369262695312 0.8072509765625 0.33843994140625
-0.0043182373046875 0.0553779602050781 0.2935791015625 0.932373046875
-0.00618743896484374 0.128211975097656 -0.07745361328125 0.500152587890625
-0.0115127563476562 0.129905700683594 0.119461059570313 -0.219696044921875
0.0412750244140625 0.0794143676757813 -0.33062744140625 -0.72406005859375
0.0391654968261719 -0.00622940063476563 -0.91156005859375 -0.24310302734375
0.0100345611572266 -0.00257301330566406 -0.548065185546875 0.553070068359375
-0.00246429443359375 0.00885295867919922 0.1461181640625 0.5667724609375
-0.0135688781738281 -0.00112628936767578 0.3876953125 0.208648681640625
-0.0172405242919922 0.0120038986206055 0.3197021484375 -0.141632080078125
-0.0178470611572266 -0.00189590454101563 0.141632080078125 -0.299163818359375
-0.0182743072509766 0.00138092041015625 -0.170379638671875 0.223159790039062
0.0115928649902344 0.00860214233398438 -0.218276977539063 -0.176284790039063
-0.00329303741455078 0.0123720169067383 0.062957763671875 -0.558135986328125
-0.0147075653076172 0.0192432403564453 0.627197265625 -0.41864013671875
-0.0333118438720703 -0.00616836547851563 0.77484130859375 0.4385986328125
-0.0180206298828125 -0.0211410522460938 0.19195556640625 0.966796875
0.0250282287597656 0.0307884216308594 -0.117767333984375 0.466644287109375
0.0296649932861328 0.0296859741210938 0.11871337890625 -0.255462646484375
0.0102090835571289 0.00675487518310547 -0.3800048828125 -0.70855712890625
-0.0142612457275391 -0.0245456695556641 -0.91796875 -0.161865234375
-0.0130529403686523 0.00266265869140625 -0.4842529296875 0.58807373046875
0.00267887115478516 0.0129537582397461 0.200531005859375 0.538360595703125
-0.000209808349609375 0.00130844116210938 0.410064697265625 0.167327880859375
0.00114727020263672 0.0117988586425781 0.315948486328125 -0.16436767578125
0.00533866882324219 -0.00127744674682617 0.136383056640625 -0.302703857421875
0.00495100021362305 0.0068202018737793 -0.171142578125 0.223007202148438
0.0276165008544922 0.00947952270507813 -0.221694946289063 -0.172348022460937
0.00486850738525391 0.0168771743774414 0.057098388671875 -0.551177978515625
-0.0248336791992188 0.0142478942871094 0.6248779296875 -0.41314697265625
-0.0583343505859375 -0.0422592163085938 0.776123046875 0.43695068359375
-0.0285263061523438 -0.103378295898438 0.190185546875 0.9652099609375
0.0631332397460938 -0.0751113891601563 -0.128265380859375 0.469390869140625
0.0702743530273437 -0.0774688720703125 0.109695434570313 -0.244522094726563
-0.0242843627929688 -0.0664443969726563 -0.37939453125 -0.6998291015625
-0.0646858215332031 -0.0409622192382813 -0.91162109375 -0.16217041015625
-0.0346183776855469 0.00598335266113282 -0.48126220703125 0.5889892578125
0.00583839416503906 0.0145998001098633 0.20001220703125 0.54498291015625
0.0117063522338867 0.00183391571044922 0.413543701171875 0.172332763671875
0.0198307037353516 0.00958442687988281 0.32073974609375 -0.16546630859375
0.0283699035644531 -0.00049591064453125 0.13885498046875 -0.3038330078125
0.0263023376464844 0.00805282592773438 -0.168701171875 0.232040405273438
0.041412353515625 0.006378173828125 -0.242233276367188 -0.147171020507812
0.0162458419799805 0.0170049667358398 0.00225830078124996 -0.537109375
-0.0266571044921875 0.013336181640625 0.56524658203125 -0.46917724609375
-0.0804443359375 -0.0612716674804688 0.8095703125 0.3323974609375
-0.054656982421875 -0.168472290039063 0.291259765625 0.92901611328125
0.0782318115234375 -0.170944213867188 -0.101318359375 0.51068115234375
0.10589599609375 -0.174606323242188 0.09320068359375 -0.190414428710938
-0.0467071533203125 -0.137809753417969 -0.32305908203125 -0.69781494140625
-0.107215881347656 -0.0667266845703125 -0.89263916015625 -0.24176025390625
-0.0561904907226563 0.00318527221679688 -0.546661376953125 0.551849365234375
0.00520515441894531 0.0144071578979492 0.14569091796875 0.58251953125
0.0208511352539063 0.002197265625 0.3973388671875 0.22088623046875
0.0331573486328125 0.00666999816894531 0.328338623046875 -0.145050048828125
0.0485572814941406 -0.0006103515625 0.1519775390625 -0.3050537109375
0.0417251586914062 0.00714492797851563 -0.164321899414063 0.24658203125
0.0510635375976563 -0.00165939331054687 -0.268478393554687 -0.0980987548828125
0.0282001495361328 0.0126361846923828 -0.08905029296875 -0.503692626953125
-0.0193424224853516 0.0173110961914063 0.448516845703125 -0.550567626953125
-0.0951385498046875 -0.056121826171875 0.8345947265625 0.14666748046875
-0.09881591796875 -0.193710327148438 0.4593505859375 0.83868408203125
0.0585174560546875 -0.235946655273437 -0.0322265625 0.57293701171875
0.130630493164063 -0.245590209960938 0.0717849731445313 -0.100479125976563
-0.046478271484375 -0.201629638671875 -0.2227783203125 -0.68853759765625
-0.129554748535156 -0.103401184082031 -0.8458251953125 -0.3885498046875
-0.0773773193359375 -0.0115509033203125 -0.66143798828125 0.45770263671875
-0.00105381011962891 0.0131464004516602 0.0308837890625 0.63116455078125
0.0262184143066406 0.00274658203125 0.35443115234375 0.303497314453125
0.0402679443359375 0.00359344482421875 0.337249755859375 -0.102569580078125
0.0598983764648438 0.00040435791015625 0.169158935546875 -0.303497314453125
-0.0817337036132813 -0.0172348022460938 -0.146148681640625 0.283416748046875
-0.0410995483398438 -0.0157470703125 -0.295684814453125 0.0355529785156251
-0.0342140197753906 -0.0198135375976563 -0.27447509765625 -0.3939208984375
0.0250911712646484 0.00314712524414063 0.10833740234375 -0.67596435546875
0.0634117126464844 0.0290031433105469 0.739013671875 -0.2821044921875
0.0848541259765625 0.0850143432617188 0.79107666015625 0.5052490234375
0.04833984375 0.220382690429687 0.227294921875 0.65301513671875
-0.071685791015625 0.263595581054687 0.0718841552734375 0.0779495239257813
0.0186004638671875 0.22845458984375 0.03839111328125 -0.66259765625
0.106399536132813 0.104667663574219 -0.62396240234375 -0.7698974609375
0.0834808349609375 0.0251235961914063 -0.89471435546875 0.0942382812499999
0.0111398696899414 -0.0092926025390625 -0.3118896484375 0.62530517578125
-0.0285320281982422 -0.0175933837890625 0.16461181640625 0.46038818359375
-0.0454483032226563 -0.00189971923828125 0.30975341796875 0.0189208984375
-0.0502357482910156 -0.00508499145507812 0.185089111328125 -0.279281616210938
-0.0765457153320312 -0.0150299072265625 -0.1561279296875 0.268508911132813
-0.0322742462158203 -0.0101127624511719 -0.279327392578125 -0.0372314453125
-0.0256919860839844 -0.0141124725341797 -0.180999755859375 -0.48004150390625
0.0252456665039063 0.0124874114990234 0.28948974609375 -0.6533203125
0.0520286560058594 0.0455551147460938 0.81903076171875 -0.0726318359375
0.0627975463867188 0.108711242675781 0.65447998046875 0.6966552734375
0.01849365234375 0.231948852539063 0.1048583984375 0.616943359375
-0.0651092529296875 0.258621215820313 0.0928802490234375 -0.041168212890625
0.0491485595703125 0.203872680664063 -0.10272216796875 -0.71881103515625
0.109306335449219 0.066070556640625 -0.7882080078125 -0.58343505859375
0.0650291442871094 0.0072021484375 -0.79901123046875 0.3126220703125
0.00136041641235352 -0.00419783592224121 -0.12237548828125 0.640380859375
-0.0298576354980469 -0.0112152099609375 0.26995849609375 0.374969482421875
-0.0434532165527344 0.00466156005859376 0.322357177734375 -0.045379638671875
-0.0486106872558594 -0.00414276123046875 0.16876220703125 -0.29046630859375
-0.0627098083496094 -0.0091094970703125 -0.162521362304687 0.250808715820313
-0.0186710357666016 -0.00315666198730469 -0.256744384765625 -0.102920532226563
-0.0173072814941406 -0.00533676147460938 -0.076416015625 -0.537994384765625
0.0163040161132813 0.0211009979248047 0.45452880859375 -0.581787109375
0.0258293151855469 0.0487098693847656 0.841552734375 0.15020751953125
0.0263137817382813 0.101966857910156 0.47381591796875 0.8475341796875
-0.00566101074218749 0.200180053710938 -0.00122070312499998 0.558685302734375
-0.043670654296875 0.211944580078125 0.1103515625 -0.146575927734375
0.058013916015625 0.14874267578125 -0.23516845703125 -0.73468017578125
0.0844879150390625 0.0241775512695313 -0.8861083984375 -0.38726806640625
0.0377540588378906 -0.00294876098632813 -0.66827392578125 0.47125244140625
-0.00321197509765625 0.00327825546264648 0.0367431640625 0.6142578125
-0.0253944396972656 -0.00446319580078125 0.345611572265625 0.28271484375
-0.0331172943115234 0.0104961395263672 0.325103759765625 -0.103302001953125
-0.0375099182128906 -0.00263595581054688 0.151519775390625 -0.297576904296875
-0.0411033630371094 -0.00492477416992188 -0.167190551757812 0.234878540039063
-0.0038752555847168 0.00464963912963867 -0.234207153320313 -0.15155029296875
-0.0103235244750977 0.00458049774169922 0.01104736328125 -0.56292724609375
0.00121307373046875 0.0233783721923828 0.5693359375 -0.49163818359375
-0.00575447082519531 0.0296478271484375 0.81634521484375 0.3349609375
-0.00390243530273438 0.0558090209960938 0.30548095703125 0.93548583984375
-0.00455474853515626 0.129127502441406 -0.07452392578125 0.502593994140625
-0.0097198486328125 0.1314697265625 0.117874145507812 -0.223403930664063
0.0425872802734375 0.0800018310546875 -0.33770751953125 -0.7286376953125
0.0397834777832031 -0.00577545166015625 -0.9217529296875 -0.23626708984375
0.0103178024291992 -0.00362682342529297 -0.550323486328125 0.562164306640625
-0.00241565704345703 0.00946807861328125 0.15234375 0.56988525390625
-0.0135717391967773 -0.000210762023925783 0.39239501953125 0.20703125
-0.0170326232910156 0.0124692916870117 0.320281982421875 -0.145751953125
-0.0179634094238281 -0.00275993347167969 0.139892578125 -0.303375244140625
-0.0166711807250977 0.00317573547363281 -0.168914794921875 0.226058959960937
0.011937141418457 0.00976085662841797 -0.22210693359375 -0.175827026367188
-0.00338459014892578 0.0124092102050781 0.05743408203125 -0.56494140625
-0.0150089263916016 0.0190048217773437 0.62744140625 -0.42724609375
-0.0349102020263672 -0.00652503967285157 0.78558349609375 0.435546875
-0.0180530548095703 -0.0201358795166016 0.20306396484375 0.9722900390625
0.0255966186523438 0.0302505493164063 -0.117462158203125 0.468414306640625
0.0296878814697266 0.0294113159179687 0.117691040039063 -0.258392333984375
0.0111246109008789 0.00722217559814453 -0.389892578125 -0.7115478515625
-0.0138721466064453 -0.0245246887207031 -0.92645263671875 -0.15460205078125
-0.0131673812866211 0.00196170806884765 -0.481201171875 0.600830078125
0.00246429443359375 0.0128965377807617 0.20709228515625 0.542633056640625
-0.00120329856872559 0.00197708606719971 0.41278076171875 0.166046142578125
0.00191783905029297 0.012730598449707 0.317291259765625 -0.168182373046875
0.00584745407104492 -0.00157642364501953 0.134796142578125 -0.3062744140625
0.0060114860534668 0.00704383850097656 -0.169403076171875 0.225692749023438
0.0289325714111328 0.0111713409423828 -0.225738525390625 -0.171707153320312
0.00537300109863281 0.0166807174682617 0.0525817871093749 -0.55621337890625
-0.0254592895507813 0.0142765045166016 0.62518310546875 -0.42266845703125
-0.0599327087402344 -0.0425071716308594 0.7857666015625 0.4337158203125
-0.0291061401367188 -0.103019714355469 0.2005615234375 0.9720458984375
0.0635147094726563 -0.075897216796875 -0.12567138671875 0.47467041015625
0.0707855224609375 -0.0786972045898438 0.107833862304687 -0.247695922851563
-0.0242271423339844 -0.0657005310058594 -0.38739013671875 -0.70294189453125
-0.0657691955566406 -0.0414772033691406 -0.9208984375 -0.15679931640625
-0.0354576110839844 0.00595855712890624 -0.480712890625 0.59844970703125
0.00597953796386719 0.0142717361450195 0.20806884765625 0.548919677734375
0.0126810073852539 0.00290012359619141 0.4180908203125 0.170623779296875
0.0204677581787109 0.00979042053222656 0.3203125 -0.170806884765625
0.02978515625 -0.00155830383300781 0.13677978515625 -0.30792236328125
0.0283794403076172 0.00844383239746094 -0.168258666992188 0.234939575195313
0.0426445007324219 0.0063018798828125 -0.246261596679688 -0.145217895507813
0.0166311264038086 0.0171213150024414 -0.00268554687499998 -0.541168212890625
-0.0271701812744141 0.0135040283203125 0.5650634765625 -0.4759521484375
-0.082122802734375 -0.0621261596679687 0.81793212890625 0.32806396484375
-0.0557861328125 -0.168731689453125 0.302978515625 0.93408203125
0.0778656005859375 -0.173248291015625 -0.1005859375 0.5140380859375
0.105148315429688 -0.176132202148437 0.0905609130859375 -0.193191528320313
-0.0476150512695313 -0.139213562011719 -0.3311767578125 -0.69970703125
-0.108253479003906 -0.0661163330078125 -0.9046630859375 -0.23748779296875
-0.0574455261230469 0.00312423706054688 -0.546875 0.5618896484375
0.00496768951416016 0.0141220092773438 0.151611328125 0.58624267578125
0.0218410491943359 0.00296401977539062 0.402862548828125 0.21954345703125
0.0335121154785156 0.00607872009277344 0.329132080078125 -0.150054931640625
0.0492782592773438 -0.000789642333984375 0.14959716796875 -0.309600830078125
0.042449951171875 0.00665664672851562 -0.163681030273438 0.249679565429688
0.0521087646484375 -0.00181198120117188 -0.271743774414063 -0.0965728759765624
0.0276622772216797 0.0121784210205078 -0.094879150390625 -0.50665283203125
-0.0191612243652344 0.0159969329833984 0.44488525390625 -0.5582275390625
-0.09747314453125 -0.0561752319335937 0.8408203125 0.14208984375
-0.10015869140625 -0.193832397460938 0.47039794921875 0.84136962890625
0.0579986572265625 -0.2392578125 -0.02850341796875 0.57647705078125
0.130218505859375 -0.24859619140625 0.0711288452148438 -0.10296630859375
-0.04840087890625 -0.2020263671875 -0.2305908203125 -0.69281005859375
-0.131851196289063 -0.103050231933594 -0.857421875 -0.38543701171875
-0.0793075561523438 -0.0111312866210938 -0.66497802734375 0.46844482421875
-0.000965118408203127 0.0134754180908203 0.0382690429687501 0.63800048828125
0.0263881683349609 0.00295829772949219 0.3602294921875 0.30462646484375
0.0411186218261719 0.0029754638671875 0.3388671875 -0.107574462890625
0.0605010986328125 -0.000263214111328125 0.167205810546875 -0.30804443359375
-0.0819015502929688 -0.0149917602539063 -0.14373779296875 0.287017822265625
-0.0411834716796875 -0.0145454406738281 -0.297149658203125 0.037933349609375
-0.0341243743896484 -0.0193252563476562 -0.281646728515625 -0.393035888671875
0.0263328552246094 0.00274848937988281 0.10009765625 -0.68182373046875
0.0638389587402344 0.0288124084472656 0.7412109375 -0.2911376953125
0.08551025390625 0.0857315063476563 0.802001953125 0.50054931640625
0.0509796142578125 0.221786499023438 0.23553466796875 0.65301513671875
-0.0691680908203125 0.265640258789063 0.0737075805664063 0.0779800415039063
0.02099609375 0.229812622070313 0.0322265625 -0.66656494140625
0.107337951660156 0.104560852050781 -0.63568115234375 -0.76873779296875
0.0842361450195313 0.0235671997070313 -0.9027099609375 0.1048583984375
0.0111198425292969 -0.0102834701538086 -0.30645751953125 0.6351318359375
-0.029266357421875 -0.0166435241699219 0.169586181640625 0.464019775390625
-0.0457725524902344 -0.00116729736328124 0.31201171875 0.015411376953125
-0.0511207580566406 -0.0051116943359375 0.1829833984375 -0.28411865234375
-0.0770721435546875 -0.0119781494140625 -0.154159545898437 0.272262573242188
-0.0325832366943359 -0.00903892517089844 -0.28216552734375 -0.0341796875
-0.0255203247070313 -0.01312255859375 -0.187225341796875 -0.48162841796875
0.0250053405761719 0.0125255584716797 0.28228759765625 -0.6612548828125
0.0530967712402344 0.0462646484375 0.825927734375 -0.0809326171875
0.06451416015625 0.109298706054687 0.6644287109375 0.69635009765625
0.021148681640625 0.232666015625 0.11224365234375 0.617431640625
-0.0626678466796875 0.260665893554688 0.0934829711914063 -0.04241943359375
0.0514068603515625 0.20465087890625 -0.1087646484375 -0.7205810546875
0.110382080078125 0.0645065307617188 -0.8016357421875 -0.58026123046875
0.0654258728027344 0.00534820556640625 -0.80145263671875 0.3232421875
0.00136470794677734 -0.00463628768920898 -0.11627197265625 0.646728515625
-0.0306777954101562 -0.010284423828125 0.273773193359375 0.374237060546875
-0.0431594848632812 0.00593948364257812 0.32403564453125 -0.05029296875
-0.0482711791992187 -0.00367355346679686 0.166839599609375 -0.294342041015625
-0.0621566772460937 -0.00788497924804687 -0.1600341796875 0.25347900390625
-0.0188827514648438 -0.002288818359375 -0.259902954101563 -0.101165771484375
-0.0173215866088867 -0.00461006164550782 -0.0833740234374999 -0.5406494140625
0.0166378021240234 0.0205535888671875 0.44952392578125 -0.5899658203125
0.026947021484375 0.0489730834960937 0.84796142578125 0.1435546875
0.0274429321289063 0.102584838867188 0.48583984375 0.8485107421875
-0.00350952148437501 0.20123291015625 0.00592041015625003 0.56109619140625
-0.04144287109375 0.212890625 0.108718872070312 -0.149368286132812
0.0604705810546875 0.148941040039062 -0.24542236328125 -0.73712158203125
0.0855178833007812 0.0236587524414062 -0.89453125 -0.38153076171875
0.0375633239746094 -0.00367355346679688 -0.66815185546875 0.48211669921875
-0.00352311134338379 0.00307869911193848 0.04608154296875 0.617431640625
-0.0253162384033203 -0.00403213500976563 0.3516845703125 0.28106689453125
-0.0330772399902344 0.0109348297119141 0.326141357421875 -0.10784912109375
-0.0369110107421875 -0.00263977050781249 0.1497802734375 -0.302490234375
-0.0407447814941406 -0.00219345092773438 -0.16583251953125 0.23773193359375
-0.00330448150634765 0.0053400993347168 -0.236785888671875 -0.150894165039063
-0.0102901458740234 0.00430965423583985 0.00524902343749994 -0.56488037109375
0.00153732299804687 0.0230731964111328 0.56707763671875 -0.5001220703125
-0.005767822265625 0.0292110443115234 0.82373046875 0.3306884765625
-0.00295257568359375 0.0571365356445312 0.31573486328125 0.9404296875
-0.00341033935546874 0.129547119140625 -0.07086181640625 0.507415771484375
-0.0082855224609375 0.132110595703125 0.11639404296875 -0.226425170898438
0.0440444946289063 0.0803909301757813 -0.3480224609375 -0.72857666015625
0.0394020080566406 -0.00650405883789063 -0.92889404296875 -0.22821044921875
0.0105743408203125 -0.00371742248535156 -0.54681396484375 0.57171630859375
-0.0023345947265625 0.009429931640625 0.15911865234375 0.57305908203125
-0.0135660171508789 0.000129699707031248 0.39703369140625 0.204681396484375
-0.0163516998291016 0.0132465362548828 0.32086181640625 -0.15057373046875
-0.0185222625732422 -0.00262069702148438 0.13739013671875 -0.306732177734375
-0.0164337158203125 0.00368404388427735 -0.168182373046875 0.228500366210938
0.0131759643554687 0.0105876922607422 -0.22589111328125 -0.174331665039063
-0.00329113006591797 0.0120439529418945 0.05242919921875 -0.5682373046875
-0.0141811370849609 0.019012451171875 0.6259765625 -0.43572998046875
-0.0346183776855469 -0.00654792785644532 0.7939453125 0.4326171875
-0.0186691284179688 -0.0191402435302734 0.2142333984375 0.9779052734375
0.0266361236572266 0.0305213928222656 -0.11279296875 0.471527099609375
0.0303306579589844 0.0288143157958984 0.114608764648438 -0.262664794921875
0.0115528106689453 0.00685596466064453 -0.40130615234375 -0.71136474609375
-0.015045166015625 -0.0252304077148437 -0.935546875 -0.14483642578125
-0.0140972137451172 0.00090503692626953 -0.47894287109375 0.6090087890625
0.00255775451660156 0.0129337310791016 0.21417236328125 0.54449462890625
-0.000548481941223145 0.00181496143341064 0.417694091796875 0.162567138671875
0.00232410430908203 0.0121250152587891 0.318450927734375 -0.1728515625
0.00612449645996094 -0.00258827209472656 0.131561279296875 -0.3095703125
0.00835227966308594 0.00718164443969727 -0.168136596679688 0.228988647460937
0.0299854278564453 0.0102748870849609 -0.22998046875 -0.171218872070313
0.00585365295410156 0.0169095993041992 0.04718017578125 -0.5604248046875
-0.0259895324707031 0.0138416290283203 0.6240234375 -0.4310302734375
-0.0611228942871094 -0.0425910949707031 0.7955322265625 0.42913818359375
-0.0307235717773437 -0.10345458984375 0.2144775390625 0.97515869140625
0.0631484985351563 -0.0770950317382813 -0.12322998046875 0.475921630859375
0.0703125 -0.080535888671875 0.104202270507812 -0.250961303710938
-0.0244483947753906 -0.0662460327148438 -0.3984375 -0.702392578125
-0.0672416687011719 -0.041046142578125 -0.92987060546875 -0.1455078125
-0.0357284545898438 0.00646209716796875 -0.4771728515625 0.6087646484375
0.00590229034423828 0.0144071578979492 0.214141845703125 0.55126953125
0.0125770568847656 0.00250434875488281 0.421295166015625 0.166290283203125
0.0204315185546875 0.0096435546875 0.320343017578125 -0.175079345703125
0.0293388366699219 -0.00224685668945313 0.13525390625 -0.312530517578125
0.0285968780517578 0.00819587707519531 -0.16717529296875 0.237274169921875
0.0438385009765625 0.0057373046875 -0.249130249023438 -0.143844604492188
0.0167970657348633 0.016265869140625 -0.00930786132812505 -0.54473876953125
-0.0284519195556641 0.0132980346679688 0.56256103515625 -0.48492431640625
-0.0830154418945313 -0.0624542236328125 0.8282470703125 0.32098388671875
-0.0582733154296875 -0.16888427734375 0.31402587890625 0.93695068359375
0.0775299072265625 -0.174606323242188 -0.09466552734375 0.5184326171875
0.104202270507813 -0.179214477539063 0.088714599609375 -0.195785522460938
-0.0495758056640625 -0.137870788574219 -0.34075927734375 -0.6998291015625
-0.110122680664063 -0.0652084350585937 -0.91302490234375 -0.22979736328125
-0.0590744018554688 0.00357818603515624 -0.54534912109375 0.5721435546875
0.00532436370849609 0.0148134231567383 0.15936279296875 0.5904541015625
0.0218830108642578 0.00171852111816406 0.406890869140625 0.2152099609375
0.0336151123046875 0.005828857421875 0.330230712890625 -0.1552734375
0.0498695373535156 -0.00300216674804687 0.147186279296875 -0.31341552734375
0.0436820983886719 0.00699615478515625 -0.162643432617188 0.253097534179688
0.0530738830566406 -0.0020294189453125 -0.275619506835937 -0.094512939453125
0.0287055969238281 0.012237548828125 -0.100189208984375 -0.509765625
-0.0190868377685547 0.0171527862548828 0.44293212890625 -0.56634521484375
-0.0987091064453125 -0.05523681640625 0.84906005859375 0.1341552734375
-0.103500366210938 -0.194168090820313 0.4815673828125 0.8404541015625
0.0555572509765625 -0.24139404296875 -0.02398681640625 0.579833984375
0.128082275390625 -0.25177001953125 0.0699844360351563 -0.104331970214844
-0.050689697265625 -0.203033447265625 -0.23883056640625 -0.69354248046875
-0.133056640625 -0.102691650390625 -0.86572265625 -0.3785400390625
-0.0804367065429688 -0.0104522705078125 -0.66162109375 0.478759765625
-5.05447387695317E-05 0.0133457183837891 0.0443725585937501 0.64141845703125
0.0268974304199219 0.00274085998535156 0.364715576171875 0.302032470703125
0.041534423828125 0.00324630737304688 0.339508056640625 -0.111358642578125
0.061309814453125 -0.00111007690429687 0.1639404296875 -0.3121337890625
-0.0826263427734375 -0.0128326416015625 -0.140045166015625 0.289093017578125
-0.0416221618652344 -0.0131378173828125 -0.2982177734375 0.041259765625
-0.0346183776855469 -0.0193023681640625 -0.28900146484375 -0.39239501953125
0.0260963439941406 0.00220680236816406 0.09161376953125 -0.685546875
0.065643310546875 0.0284004211425781 0.74163818359375 -0.3026123046875
0.087249755859375 0.08526611328125 0.81488037109375 0.49493408203125
0.05364990234375 0.222198486328125 0.24481201171875 0.6517333984375
-0.067596435546875 0.2677001953125 0.07513427734375 0.0771102905273438
0.0234527587890625 0.231918334960938 0.02362060546875 -0.66900634765625
0.110015869140625 0.103317260742188 -0.6485595703125 -0.76495361328125
0.0857696533203125 0.0227432250976563 -0.90673828125 0.11676025390625
0.0107440948486328 -0.0100212097167969 -0.30352783203125 0.64398193359375
-0.0295391082763672 -0.0157241821289062 0.175048828125 0.465362548828125
-0.0463371276855469 -0.000183105468749993 0.314300537109375 0.01263427734375
-0.0499610900878906 -0.00500488281250001 0.181060791015625 -0.28802490234375
-0.07696533203125 -0.0104217529296875 -0.15130615234375 0.274505615234375
-0.0326042175292969 -0.00815010070800781 -0.283905029296875 -0.0314941406249999
-0.0260200500488281 -0.0128517150878906 -0.194549560546875 -0.482696533203125
0.0262432098388672 0.0122089385986328 0.2755126953125 -0.66741943359375
0.0534706115722656 0.0452041625976563 0.82763671875 -0.09002685546875
0.0650405883789062 0.108291625976563 0.6788330078125 0.69195556640625
0.023345947265625 0.23394775390625 0.11883544921875 0.61834716796875
-0.06048583984375 0.2618408203125 0.093017578125 -0.0439300537109375
0.0542144775390625 0.204833984375 -0.11907958984375 -0.723876953125
0.112236022949219 0.0630645751953125 -0.81207275390625 -0.57366943359375
0.065887451171875 0.00472640991210938 -0.80255126953125 0.3355712890625
0.00115442276000977 -0.00466299057006836 -0.11175537109375 0.654052734375
-0.0309791564941406 -0.00938034057617188 0.279632568359375 0.3736572265625
-0.0435028076171875 0.00647735595703125 0.32513427734375 -0.054443359375
-0.0487823486328125 -0.00349426269531251 0.16387939453125 -0.2978515625
-0.0618553161621094 -0.00612258911132812 -0.157058715820313 0.256378173828125
-0.0183353424072266 -0.000286102294921875 -0.261398315429688 -0.0995330810546875
-0.0171222686767578 -0.00398540496826172 -0.090545654296875 -0.54241943359375
0.0173511505126953 0.0204238891601562 0.44427490234375 -0.59906005859375
0.0264167785644531 0.0482864379882812 0.8546142578125 0.13446044921875
0.0286941528320312 0.102455139160156 0.49871826171875 0.8487548828125
-0.00160217285156251 0.202850341796875 0.0104980468750001 0.5650634765625
-0.038665771484375 0.21392822265625 0.106796264648437 -0.15185546875
0.0624847412109375 0.149246215820313 -0.25445556640625 -0.73779296875
0.0858535766601562 0.021453857421875 -0.905517578125 -0.375
0.0386848449707031 -0.00454330444335938 -0.66644287109375 0.4942626953125
-0.00322318077087402 0.00235915184020996 0.0523681640625 0.62225341796875
-0.0250110626220703 -0.00345420837402343 0.355255126953125 0.278564453125
-0.0327377319335938 0.0119037628173828 0.32574462890625 -0.112548828125
-0.0378799438476562 -0.00262451171875 0.147125244140625 -0.30584716796875
-0.0398750305175781 -0.00120162963867187 -0.163589477539063 0.240341186523438
-0.00320529937744141 0.00598907470703125 -0.240936279296875 -0.149093627929688
-0.0102052688598633 0.00537586212158203 -0.00158691406249994 -0.5699462890625
0.00209236145019531 0.0230960845947266 0.564697265625 -0.5106201171875
-0.0054931640625 0.0294094085693359 0.8319091796875 0.32275390625
-0.00321197509765625 0.0569229125976563 0.3291015625 0.9405517578125
-0.00170135498046875 0.130401611328125 -0.0664367675781251 0.508697509765625
-0.00696563720703126 0.133354187011719 0.112838745117187 -0.2296142578125
0.0459747314453125 0.0803985595703125 -0.35693359375 -0.72869873046875
0.0388107299804687 -0.00765228271484375 -0.93914794921875 -0.220703125
0.00977325439453125 -0.00451278686523437 -0.5465087890625 0.58245849609375
-0.00213241577148438 0.00910282135009766 0.166748046875 0.57562255859375
-0.0135536193847656 0.00121593475341797 0.401123046875 0.20013427734375
-0.0159778594970703 0.0138187408447266 0.32177734375 -0.15484619140625
-0.0178508758544922 -0.00321769714355468 0.135009765625 -0.3106689453125
-0.0146665573120117 0.00355434417724609 -0.165512084960937 0.231704711914063
0.0135993957519531 0.0104732513427734 -0.230239868164062 -0.173095703125
-0.00289058685302734 0.0129623413085938 0.045166015625 -0.5726318359375
-0.0147495269775391 0.0189743041992188 0.62396240234375 -0.44482421875
-0.0360069274902344 -0.0054473876953125 0.80401611328125 0.42529296875
-0.0195770263671875 -0.0184688568115234 0.22625732421875 0.97979736328125
0.0269107818603516 0.0308380126953125 -0.108734130859375 0.47589111328125
0.0316791534423828 0.0293369293212891 0.112075805664063 -0.265716552734375
0.0121536254882813 0.00697040557861328 -0.41162109375 -0.71087646484375
-0.0153141021728516 -0.0258235931396484 -0.9427490234375 -0.13372802734375
-0.0143442153930664 0.00109100341796875 -0.47515869140625 0.62005615234375
0.00257205963134766 0.0124893188476563 0.2220458984375 0.54571533203125
-0.000321626663208008 0.00290822982788086 0.42120361328125 0.157684326171875
0.00262260437011719 0.0132427215576172 0.3184814453125 -0.1781005859375
0.00687456130981445 -0.00318145751953125 0.128814697265625 -0.312255859375
0.00949668884277344 0.00762557983398437 -0.165618896484375 0.231781005859375
0.0307331085205078 0.00979804992675781 -0.234375 -0.169570922851562
0.00576877593994141 0.0164375305175781 0.04058837890625 -0.563720703125
-0.0263385772705078 0.0136337280273438 0.62176513671875 -0.44097900390625
-0.0621223449707031 -0.0426712036132813 0.80474853515625 0.423095703125
-0.0321044921875 -0.102752685546875 0.2254638671875 0.97991943359375
0.0629196166992188 -0.0780487060546875 -0.11920166015625 0.4803466796875
0.0695648193359375 -0.0817794799804688 0.1014404296875 -0.254898071289063
-0.0255317687988281 -0.0669746398925781 -0.4072265625 -0.70147705078125
-0.0692176818847656 -0.0406112670898438 -0.93646240234375 -0.1378173828125
-0.0369148254394531 0.00528717041015625 -0.47412109375 0.61993408203125
0.00577068328857422 0.0139627456665039 0.22216796875 0.553802490234375
0.0129365921020508 0.0028533935546875 0.42620849609375 0.163604736328125
0.0215015411376953 0.00986289978027344 0.321136474609375 -0.179595947265625
0.0309772491455078 -0.00273895263671875 0.13128662109375 -0.3162841796875
0.0311050415039063 0.00847816467285156 -0.164505004882812 0.241806030273438
0.0441780090332031 0.0050811767578125 -0.253189086914063 -0.141921997070313
0.0173616409301758 0.0165796279907227 -0.01641845703125 -0.54608154296875
-0.027740478515625 0.0134029388427734 0.56207275390625 -0.493377685546875
-0.0858078002929688 -0.0617828369140625 0.83642578125 0.31341552734375
-0.0594482421875 -0.16864013671875 0.3260498046875 0.94036865234375
0.0759429931640625 -0.177032470703125 -0.091339111328125 0.51995849609375
0.103134155273438 -0.180953979492187 0.08685302734375 -0.198043823242188
-0.0509796142578125 -0.138740539550781 -0.35076904296875 -0.700927734375
-0.112228393554688 -0.0650405883789062 -0.920654296875 -0.21923828125
-0.0595626831054688 0.00308990478515625 -0.5426025390625 0.58245849609375
0.00472545623779297 0.0145492553710938 0.16693115234375 0.5928955078125
0.0224075317382812 0.00204849243164063 0.41131591796875 0.2127685546875
0.0347785949707031 0.00584220886230469 0.330047607421875 -0.159637451171875
0.0494232177734375 -0.00326919555664063 0.14404296875 -0.31695556640625
0.045684814453125 0.00612258911132813 -0.159393310546875 0.255966186523438
0.0538864135742187 -0.00242233276367187 -0.278579711914062 -0.091522216796875
0.0285854339599609 0.0120849609375 -0.10723876953125 -0.511077880859375
-0.0196876525878906 0.0166988372802734 0.43902587890625 -0.573974609375
-0.100807189941406 -0.054534912109375 0.85546875 0.1258544921875
-0.106033325195312 -0.192855834960938 0.49530029296875 0.8428955078125
0.0545806884765625 -0.243133544921875 -0.01751708984375 0.58380126953125
0.126235961914062 -0.25567626953125 0.0685806274414063 -0.105300903320313
-0.0529937744140625 -0.203018188476563 -0.24749755859375 -0.6964111328125
-0.135665893554688 -0.101142883300781 -0.8773193359375 -0.37091064453125
-0.0818252563476563 -0.0104446411132813 -0.66119384765625 0.48980712890625
-0.0017547607421875 0.0134372711181641 0.05328369140625 0.64691162109375
0.0269508361816406 0.00218009948730469 0.3714599609375 0.299102783203125
0.0425643920898437 0.00284957885742187 0.34033203125 -0.117095947265625
0.0618057250976563 -0.00272750854492188 0.1622314453125 -0.315887451171875
-0.0810699462890625 -0.0104217529296875 -0.135498046875 0.292755126953125
-0.0411834716796875 -0.0130538940429687 -0.298370361328125 0.044708251953125
-0.0347213745117187 -0.0188732147216797 -0.29571533203125 -0.3897705078125
0.0276088714599609 0.00122451782226563 0.0834960937499999 -0.68939208984375
0.0658340454101563 0.0273399353027344 0.74041748046875 -0.3126220703125
0.087432861328125 0.0852127075195313 0.8226318359375 0.4862060546875
0.057159423828125 0.221481323242187 0.2557373046875 0.64996337890625
-0.0647735595703125 0.26934814453125 0.075958251953125 0.0760345458984375
0.0269317626953125 0.23199462890625 0.01507568359375 -0.6729736328125
0.111778259277344 0.101905822753906 -0.66278076171875 -0.760498046875
0.086578369140625 0.0204925537109375 -0.91064453125 0.1307373046875
0.0105781555175781 -0.00942707061767578 -0.29583740234375 0.65130615234375
-0.0292816162109375 -0.0146369934082031 0.182586669921875 0.464019775390625
-0.0458297729492187 0.000957489013671879 0.315155029296875 0.00762939453125
-0.050933837890625 -0.00419235229492187 0.17718505859375 -0.292510986328125
-0.0763702392578125 -0.00786590576171875 -0.146148681640625 0.277755737304687
-0.0328750610351563 -0.00732040405273438 -0.28509521484375 -0.0283203124999999
-0.0261497497558594 -0.0131034851074219 -0.2022705078125 -0.481231689453125
0.0262222290039063 0.01141357421875 0.267578125 -0.673828125
0.0542793273925781 0.0437583923339844 0.82806396484375 -0.10235595703125
0.0659103393554688 0.109832763671875 0.6898193359375 0.68597412109375
0.02685546875 0.234359741210938 0.12725830078125 0.61785888671875
-0.0574798583984375 0.264663696289063 0.0930328369140625 -0.0458755493164062
0.056732177734375 0.205337524414062 -0.1279296875 -0.7249755859375
0.113288879394531 0.0615921020507812 -0.82452392578125 -0.56451416015625
0.0660400390625 0.00255584716796875 -0.80255126953125 0.34814453125
0.00138187408447266 -0.00505256652832031 -0.1033935546875 0.66070556640625
-0.0317306518554688 -0.00823211669921875 0.285369873046875 0.3731689453125
-0.0432205200195313 0.0076904296875 0.325286865234375 -0.05859375
-0.0482292175292969 -0.00250625610351563 0.16033935546875 -0.303009033203125
-0.061492919921875 -0.00459289550781251 -0.153762817382812 0.25927734375
-0.0188446044921875 4.95910644531235E-05 -0.264633178710938 -0.0967864990234376
-0.0171785354614258 -0.00394439697265625 -0.098907470703125 -0.543548583984375
0.0179042816162109 0.0199470520019531 0.4371337890625 -0.60650634765625
0.027496337890625 0.048614501953125 0.85821533203125 0.12567138671875
0.02935791015625 0.104080200195313 0.51348876953125 0.84429931640625
0.000305175781250006 0.203369140625 0.016845703125 0.5634765625
-0.036163330078125 0.214874267578125 0.104721069335938 -0.15460205078125
0.065032958984375 0.149276733398438 -0.26544189453125 -0.73699951171875
0.0861892700195313 0.0206375122070313 -0.9146728515625 -0.36395263671875
0.0381011962890625 -0.00667190551757813 -0.662353515625 0.50518798828125
-0.00403594970703125 0.0024714469909668 0.0596923828125 0.62640380859375
-0.0251560211181641 -0.0030059814453125 0.361846923828125 0.275634765625
-0.0330791473388672 0.01202392578125 0.325653076171875 -0.11749267578125
-0.0366935729980469 -0.00246047973632813 0.143829345703125 -0.3092041015625
-0.038116455078125 0.000240325927734372 -0.159774780273438 0.243270874023437
-0.00198078155517578 0.00649404525756836 -0.24420166015625 -0.147247314453125
-0.010676383972168 0.00548648834228516 -0.0108642578125 -0.57122802734375
0.00225639343261719 0.0222511291503906 0.559967041015625 -0.518768310546875
-0.00541877746582032 0.0295696258544922 0.8402099609375 0.3131103515625
-0.00263214111328125 0.0576667785644531 0.3424072265625 0.9405517578125
0.000305175781250008 0.131103515625 -0.059539794921875 0.5096435546875
-0.005462646484375 0.134323120117188 0.110641479492188 -0.232269287109375
0.0471954345703125 0.079803466796875 -0.3680419921875 -0.72589111328125
0.0394668579101563 -0.00825119018554688 -0.9471435546875 -0.20733642578125
0.00913047790527344 -0.00529003143310547 -0.54046630859375 0.59326171875
-0.00232124328613281 0.009429931640625 0.17523193359375 0.57708740234375
-0.0143222808837891 0.00170326232910156 0.405731201171875 0.196563720703125
-0.0156974792480469 0.014277458190918 0.3206787109375 -0.160614013671875
-0.0174551010131836 -0.00273704528808594 0.13067626953125 -0.313201904296875
-0.0137157440185547 0.00461959838867187 -0.162887573242187 0.23468017578125
0.0149745941162109 0.0103082656860352 -0.234344482421875 -0.171188354492188
-0.00300312042236328 0.0123624801635742 0.037353515625 -0.57427978515625
-0.0144081115722656 0.0187110900878906 0.6217041015625 -0.4541015625
-0.03607177734375 -0.005401611328125 0.81353759765625 0.41741943359375
-0.019195556640625 -0.0183868408203125 0.2418212890625 0.9814453125
0.0281219482421875 0.0306606292724609 -0.105224609375 0.476898193359375
0.0310344696044922 0.0288257598876953 0.107467651367188 -0.268173217773438
0.011713981628418 0.00767230987548828 -0.420654296875 -0.70831298828125
-0.0153942108154297 -0.0253582000732422 -0.94757080078125 -0.1224365234375
-0.0144433975219727 0.000342369079589847 -0.46905517578125 0.62860107421875
0.0024261474609375 0.0125656127929688 0.2301025390625 0.5460205078125
-0.000298976898193359 0.00303339958190918 0.4254150390625 0.15423583984375
0.00283718109130859 0.0127153396606445 0.317596435546875 -0.18377685546875
0.00641870498657227 -0.0038914680480957 0.124420166015625 -0.3157958984375
0.0107755661010742 0.00818443298339844 -0.163314819335938 0.2352294921875
0.0303153991699219 0.0101242065429688 -0.23809814453125 -0.166244506835937
0.00615787506103516 0.0166873931884766 0.0323486328125 -0.566162109375
-0.0249748229980469 0.0146045684814453 0.6199951171875 -0.44940185546875
-0.06365966796875 -0.0421524047851563 0.81329345703125 0.4151611328125
-0.033050537109375 -0.102714538574219 0.2384033203125 0.9814453125
0.06268310546875 -0.0785598754882813 -0.113494873046875 0.483367919921875
0.0687713623046875 -0.0828475952148438 0.09710693359375 -0.2567138671875
-0.0262565612792969 -0.0662422180175781 -0.4188232421875 -0.70037841796875
-0.0700035095214844 -0.0406761169433594 -0.94122314453125 -0.12481689453125
-0.037200927734375 0.00555801391601562 -0.46875 0.628173828125
0.00619697570800781 0.0136547088623047 0.230804443359375 0.552154541015625
0.0129728317260742 0.00324058532714844 0.42889404296875 0.15692138671875
0.0207767486572266 0.00904655456542969 0.319122314453125 -0.185028076171875
0.0302906036376953 -0.00398063659667969 0.127044677734375 -0.318572998046875
0.0323543548583984 0.00702285766601563 -0.16143798828125 0.243453979492188
0.0445442199707031 0.004974365234375 -0.257888793945313 -0.138565063476563
0.0171985626220703 0.0160818099975586 -0.0240478515625 -0.54962158203125
-0.0287513732910156 0.0129623413085938 0.557098388671875 -0.503875732421875
-0.0875701904296875 -0.0603866577148437 0.84490966796875 0.30474853515625
-0.0624847412109375 -0.16839599609375 0.339599609375 0.9405517578125
0.0748138427734375 -0.178634643554688 -0.086181640625 0.52294921875
0.101058959960938 -0.183502197265625 0.0826568603515625 -0.2000732421875
-0.0523757934570313 -0.138351440429688 -0.3612060546875 -0.69891357421875
-0.113578796386719 -0.0629348754882813 -0.92779541015625 -0.208251953125
-0.0609321594238281 0.00459671020507813 -0.53765869140625 0.59185791015625
0.00442409515380859 0.0145168304443359 0.177490234375 0.5933837890625
0.0232009887695313 0.00237846374511719 0.415740966796875 0.2076416015625
0.03436279296875 0.00555229187011719 0.329803466796875 -0.164947509765625
0.0503807067871094 -0.004241943359375 0.14019775390625 -0.320465087890625
0.0475692749023438 0.00481414794921875 -0.15576171875 0.259307861328125
0.0540046691894531 -0.00360107421875 -0.281524658203125 -0.0880126953125
0.0295581817626953 0.0109367370605469 -0.115234375 -0.511383056640625
-0.0205001831054688 0.0161323547363281 0.4326171875 -0.5831298828125
-0.103096008300781 -0.0543060302734375 0.86083984375 0.11541748046875
-0.109222412109375 -0.192367553710938 0.5098876953125 0.83953857421875
0.052490234375 -0.244598388671875 -0.0117187499999999 0.5859375
0.123382568359375 -0.257568359375 0.067169189453125 -0.107818603515625
-0.0548858642578125 -0.203582763671875 -0.2584228515625 -0.69390869140625
-0.13818359375 -0.100288391113281 -0.88519287109375 -0.35919189453125
-0.08294677734375 -0.009063720703125 -0.66015625 0.50152587890625
-0.00141620635986328 0.0133695602416992 0.06219482421875 0.64971923828125
0.0276451110839844 0.00186347961425781 0.37652587890625 0.296661376953125
0.0426445007324219 0.00154495239257813 0.3402099609375 -0.122100830078125
0.0611305236816406 -0.00323486328125 0.1580810546875 -0.31915283203125
-0.0814895629882813 -0.00872802734375002 -0.131561279296875 0.293548583984375
-0.0418167114257813 -0.0107192993164063 -0.297210693359375 0.0498046875
-0.035919189453125 -0.0180168151855469 -0.30181884765625 -0.386444091796875
0.0268669128417969 0.000680923461914063 0.0726928710937501 -0.6900634765625
0.066131591796875 0.0268669128417969 0.7364501953125 -0.32318115234375
0.0884780883789063 0.0844955444335938 0.8341064453125 0.47344970703125
0.0607452392578125 0.2215576171875 0.2642822265625 0.64642333984375
-0.061187744140625 0.27008056640625 0.0777053833007813 0.0743560791015625
0.030059814453125 0.231597900390625 0.00701904296874999 -0.6732177734375
0.11248779296875 0.0999069213867188 -0.67510986328125 -0.75244140625
0.0867156982421875 0.0187759399414063 -0.91156005859375 0.141845703125
0.0107965469360352 -0.0101900100708008 -0.289306640625 0.657958984375
-0.0297870635986328 -0.0137310028076172 0.189117431640625 0.462860107421875
-0.0451774597167969 0.00191116333007813 0.315765380859375 0.0030517578125
-0.0501441955566406 -0.00331497192382813 0.17327880859375 -0.294830322265625
-0.0747909545898438 -0.00663757324218749 -0.141983032226562 0.27972412109375
-0.03173828125 -0.0048980712890625 -0.2862548828125 -0.025238037109375
-0.0273685455322266 -0.012115478515625 -0.209320068359375 -0.478424072265625
0.0266494750976563 0.0111293792724609 0.257568359375 -0.6768798828125
0.054351806640625 0.0439109802246094 0.82916259765625 -0.1131591796875
0.0674819946289063 0.109428405761719 0.698974609375 0.67706298828125
0.0302581787109375 0.234848022460937 0.13525390625 0.61517333984375
-0.053802490234375 0.26495361328125 0.092376708984375 -0.0474319458007812
0.060333251953125 0.205459594726562 -0.1373291015625 -0.72357177734375
0.114181518554688 0.0593643188476563 -0.83343505859375 -0.55450439453125
0.0669403076171875 0.00096893310546875 -0.7998046875 0.36102294921875
0.000908851623535156 -0.00481414794921875 -0.09466552734375 0.66436767578125
-0.0312957763671875 -0.00696182250976563 0.291015625 0.369476318359375
-0.0427436828613281 0.00828933715820312 0.325653076171875 -0.06396484375
-0.0486831665039062 -0.00239562988281251 0.1563720703125 -0.30523681640625
-0.0597000122070313 -0.00246810913085938 -0.150604248046875 0.261367797851563
-0.0175666809082031 0.000437736511230466 -0.266677856445313 -0.0948333740234375
-0.0184230804443359 -0.00342559814453125 -0.1072998046875 -0.542816162109375
0.0176830291748047 0.0192813873291016 0.43011474609375 -0.61444091796875
0.0281600952148438 0.0483818054199219 0.86083984375 0.11285400390625
0.0306396484375 0.103935241699219 0.5225830078125 0.84051513671875
0.0040283203125 0.203628540039063 0.02581787109375 0.5638427734375
-0.032806396484375 0.216583251953125 0.102935791015625 -0.15557861328125
0.0680389404296875 0.149002075195313 -0.27532958984375 -0.73492431640625
0.0861587524414063 0.0190505981445313 -0.91986083984375 -0.3519287109375
0.0380096435546875 -0.00708389282226563 -0.65838623046875 0.5172119140625
-0.00386977195739746 0.002349853515625 0.06842041015625 0.6270751953125
-0.0251750946044922 -0.00107192993164063 0.366058349609375 0.270355224609375
-0.0323467254638672 0.013671875 0.32489013671875 -0.12298583984375
-0.0369796752929687 -0.00213241577148437 0.1390380859375 -0.3123779296875
-0.0377845764160156 0.00126647949218749 -0.155548095703125 0.245849609375
-0.00199413299560547 0.0071864128112793 -0.247665405273438 -0.1444091796875
-0.0104742050170898 0.00584697723388672 -0.0185546875 -0.5728759765625
0.0024261474609375 0.0227222442626953 0.553924560546875 -0.527252197265625
-0.00512886047363281 0.0306301116943359 0.84442138671875 0.30230712890625
-0.00198745727539062 0.0583915710449219 0.355712890625 0.9378662109375
0.00263214111328124 0.13116455078125 -0.054931640625 0.51019287109375
-0.00322723388671874 0.133811950683594 0.106643676757813 -0.235336303710938
0.04876708984375 0.0799407958984375 -0.37945556640625 -0.72198486328125
0.0384407043457031 -0.00915145874023438 -0.9515380859375 -0.1934814453125
0.00992774963378906 -0.00616359710693359 -0.5340576171875 0.60430908203125
-0.00202274322509766 0.00976371765136719 0.183349609375 0.5767822265625
-0.0135393142700195 0.0018148422241211 0.40826416015625 0.190460205078125
-0.0150146484375 0.0151834487915039 0.31842041015625 -0.16558837890625
-0.0173482894897461 -0.00285625457763672 0.126556396484375 -0.3165283203125
-0.0122137069702148 0.005615234375 -0.159408569335938 0.237350463867188
0.0147075653076172 0.010493278503418 -0.237503051757813 -0.168197631835938
-0.00295639038085937 0.0128564834594727 0.02899169921875 -0.57537841796875
-0.0141582489013672 0.0185813903808594 0.615966796875 -0.4658203125
-0.0371894836425781 -0.00551605224609376 0.82012939453125 0.40692138671875
-0.0194759368896484 -0.0173358917236328 0.254638671875 0.98126220703125
0.0288410186767578 0.0298805236816406 -0.099945068359375 0.478363037109375
0.0327243804931641 0.0282402038574219 0.10333251953125 -0.27056884765625
0.0125102996826172 0.00720500946044922 -0.431396484375 -0.70355224609375
-0.0170745849609375 -0.0257892608642578 -0.9530029296875 -0.10931396484375
-0.0152435302734375 -9.44137573242173E-05 -0.46234130859375 0.63787841796875
0.00249767303466797 0.0129365921020508 0.238525390625 0.543609619140625
3.91006469726563E-05 0.00385403633117676 0.4287109375 0.14788818359375
0.00307750701904297 0.0122442245483398 0.314849853515625 -0.188079833984375
0.00671052932739258 -0.00376796722412109 0.119873046875 -0.318572998046875
0.012974739074707 0.00809478759765625 -0.159423828125 0.236801147460938
0.0318565368652344 0.00974273681640625 -0.24188232421875 -0.163970947265625
0.00650596618652344 0.0163516998291016 0.0235595703125001 -0.56689453125
-0.0255947113037109 0.01324462890625 0.615234375 -0.460693359375
-0.0649604797363281 -0.0413894653320313 0.8221435546875 0.4019775390625
-0.0339584350585938 -0.101577758789063 0.25372314453125 0.97991943359375
0.0630111694335937 -0.08050537109375 -0.109283447265625 0.48419189453125
0.0686569213867188 -0.0835723876953125 0.0921478271484375 -0.257843017578125
-0.0265388488769531 -0.0658378601074219 -0.42926025390625 -0.6949462890625
-0.0700721740722656 -0.0394134521484375 -0.94598388671875 -0.11187744140625
-0.037384033203125 0.006072998046875 -0.46051025390625 0.6365966796875
0.006072998046875 0.0140867233276367 0.239715576171875 0.5516357421875
0.012904167175293 0.00344562530517578 0.433135986328125 0.15203857421875
0.0212745666503906 0.00901222229003906 0.3179931640625 -0.1912841796875
0.0302829742431641 -0.00479888916015625 0.122039794921875 -0.319976806640625
0.0338764190673828 0.00640296936035156 -0.15887451171875 0.246597290039062
0.0454673767089844 0.00368881225585938 -0.260055541992188 -0.134689331054687
0.0175991058349609 0.0158138275146484 -0.03173828125 -0.547760009765625
-0.0280876159667969 0.0135746002197266 0.551116943359375 -0.511444091796875
-0.0895843505859375 -0.0600662231445312 0.8494873046875 0.29364013671875
-0.063629150390625 -0.16650390625 0.35418701171875 0.936767578125
0.073211669921875 -0.179779052734375 -0.08099365234375 0.5244140625
0.0993194580078125 -0.185104370117188 0.0796661376953125 -0.2015380859375
-0.05419921875 -0.138084411621094 -0.37237548828125 -0.69476318359375
-0.114616394042969 -0.0622329711914063 -0.9324951171875 -0.19512939453125
-0.0613899230957031 0.00495147705078126 -0.530029296875 0.60150146484375
0.00563335418701172 0.0145378112792969 0.186279296875 0.5933837890625
0.0237636566162109 0.00269508361816406 0.420440673828125 0.203277587890625
0.0351905822753906 0.00530242919921875 0.327880859375 -0.170654296875
0.0505638122558594 -0.00580215454101563 0.134979248046875 -0.32305908203125
0.0487823486328125 0.00407028198242188 -0.152328491210938 0.26190185546875
0.0546379089355469 -0.00465774536132813 -0.284576416015625 -0.0838623046875
0.0294361114501953 0.0104579925537109 -0.123138427734375 -0.51116943359375
-0.0197868347167969 0.0162353515625 0.42645263671875 -0.58892822265625
-0.104583740234375 -0.0522689819335938 0.8642578125 0.103271484375
-0.110794067382812 -0.189926147460938 0.52252197265625 0.83447265625
0.0497894287109375 -0.245346069335938 -0.00506591796874999 0.58526611328125
0.12060546875 -0.25933837890625 0.0642852783203125 -0.108169555664063
-0.058013916015625 -0.202651977539062 -0.2669677734375 -0.69158935546875
-0.140396118164063 -0.0976104736328125 -0.892822265625 -0.34771728515625
-0.0844345092773438 -0.00849151611328127 -0.65228271484375 0.51263427734375
-0.00152206420898438 0.0127506256103516 0.0716552734375 0.65167236328125
0.02813720703125 0.0014801025390625 0.38134765625 0.291046142578125
0.0429306030273438 0.0015869140625 0.3389892578125 -0.127532958984375
0.0622634887695313 -0.00489425659179688 0.1533203125 -0.322509765625
-0.080322265625 -0.0061798095703125 -0.125579833984375 0.29498291015625
-0.0416526794433594 -0.00949096679687501 -0.29669189453125 0.052703857421875
-0.036865234375 -0.0160636901855469 -0.308929443359375 -0.381927490234375
0.0271224975585938 0.000104904174804688 0.0617065429687501 -0.6912841796875
0.066253662109375 0.0253524780273438 0.73065185546875 -0.3330078125
0.0891647338867187 0.0837478637695313 0.83868408203125 0.46356201171875
0.0643157958984375 0.221038818359375 0.27142333984375 0.63970947265625
-0.0567169189453125 0.271438598632813 0.0783004760742188 0.0735855102539063
0.0338134765625 0.231918334960937 -0.00201416015625003 -0.6734619140625
0.114463806152344 0.0980453491210937 -0.68682861328125 -0.743408203125
0.0867233276367187 0.0161285400390625 -0.90960693359375 0.15753173828125
0.0103654861450195 -0.0103511810302734 -0.278564453125 0.66534423828125
-0.0299549102783203 -0.0129470825195313 0.19500732421875 0.4608154296875
-0.0451316833496094 0.00252151489257812 0.31585693359375 -0.001983642578125
-0.0508384704589844 -0.00289154052734375 0.1688232421875 -0.298492431640625
-0.0751113891601563 -0.00424957275390626 -0.137496948242188 0.280929565429688
-0.0317878723144531 -0.00432777404785156 -0.286041259765625 -0.02166748046875
-0.0280303955078125 -0.0111732482910156 -0.218994140625 -0.475921630859375
0.0275001525878906 0.0101528167724609 0.24737548828125 -0.6807861328125
0.0557289123535156 0.0433769226074219 0.8275146484375 -0.12506103515625
0.0689849853515625 0.108787536621094 0.708984375 0.66632080078125
0.033966064453125 0.234664916992188 0.143310546875 0.6131591796875
-0.0498046875 0.265106201171875 0.0910720825195313 -0.0487136840820312
0.063690185546875 0.204559326171875 -0.14794921875 -0.72198486328125
0.114814758300781 0.0568695068359375 -0.84259033203125 -0.5406494140625
0.0669212341308594 -0.00031280517578125 -0.79656982421875 0.37384033203125
0.000972270965576172 -0.00543403625488281 -0.08587646484375 0.6668701171875
-0.0314731597900391 -0.00647354125976563 0.29718017578125 0.366424560546875
-0.0427780151367187 0.00999069213867188 0.325164794921875 -0.068603515625
-0.0480422973632813 -0.00205612182617187 0.15155029296875 -0.3077392578125
-0.0591239929199219 -0.000652313232421868 -0.145233154296875 0.263137817382813
-0.0179557800292969 0.00195884704589844 -0.269271850585938 -0.0911254882812501
-0.0183620452880859 -0.00332069396972656 -0.11669921875 -0.540313720703125
0.0183162689208984 0.0189247131347656 0.42059326171875 -0.62030029296875
0.0289840698242188 0.0481452941894531 0.86236572265625 0.10162353515625
0.0311508178710938 0.104164123535156 0.53680419921875 0.83319091796875
0.00785827636718749 0.203582763671875 0.032470703125 0.5611572265625
-0.02984619140625 0.217010498046875 0.099945068359375 -0.15802001953125
0.0704803466796875 0.147537231445313 -0.2860107421875 -0.73052978515625
0.0861358642578125 0.017364501953125 -0.92718505859375 -0.3387451171875
0.0372962951660156 -0.00905609130859375 -0.65264892578125 0.5263671875
-0.00363826751708984 0.00271248817443848 0.0782470703125 0.62738037109375
-0.0250644683837891 -0.0010986328125 0.368865966796875 0.2664794921875
-0.0318794250488281 0.0143547058105469 0.32293701171875 -0.128173828125
-0.0366554260253906 -0.00159454345703125 0.13336181640625 -0.31427001953125
-0.0363998413085938 0.00307464599609375 -0.150924682617188 0.247665405273438
-0.000987052917480469 0.00748920440673828 -0.250381469726563 -0.141464233398437
-0.0104761123657227 0.00553035736083984 -0.02679443359375 -0.57275390625
0.00313377380371094 0.0215263366699219 0.545745849609375 -0.534912109375
-0.00587844848632813 0.0297966003417969 0.84869384765625 0.2913818359375
-0.00159835815429687 0.0588302612304687 0.36920166015625 0.93084716796875
0.00458526611328123 0.13128662109375 -0.048919677734375 0.510986328125
-0.00209808349609375 0.133392333984375 0.102462768554687 -0.236679077148438
0.0501937866210937 0.0792160034179688 -0.3892822265625 -0.7164306640625
0.0374870300292969 -0.00927734375 -0.9537353515625 -0.18023681640625
0.00911808013916016 -0.00670814514160156 -0.52484130859375 0.61163330078125
-0.00194072723388672 0.00983333587646484 0.1915283203125 0.5748291015625
-0.0137901306152344 0.00276279449462891 0.411407470703125 0.18597412109375
-0.0149660110473633 0.0156774520874023 0.316619873046875 -0.170989990234375
-0.0175762176513672 -0.00241279602050781 0.122467041015625 -0.3179931640625
-0.0103893280029297 0.00610542297363281 -0.155685424804688 0.2386474609375
0.0157222747802734 0.0110006332397461 -0.241561889648437 -0.16552734375
-0.00287055969238281 0.0125293731689453 0.020751953125 -0.577392578125
-0.0136566162109375 0.0178585052490234 0.60888671875 -0.4736328125
-0.0377998352050781 -0.0050506591796875 0.82733154296875 0.39532470703125
-0.0200538635253906 -0.0167160034179688 0.2706298828125 0.97637939453125
0.0295543670654297 0.0291385650634766 -0.093353271484375 0.479644775390625
0.0332469940185547 0.027252197265625 0.098052978515625 -0.2725830078125
0.0134553909301758 0.00691318511962891 -0.44183349609375 -0.69598388671875
-0.0177631378173828 -0.0251598358154297 -0.95465087890625 -0.0951538085937501
-0.0152425765991211 -9.72747802734352E-05 -0.45379638671875 0.64605712890625
0.00204372406005859 0.0128583908081055 0.24774169921875 0.542022705078125
0.000554800033569336 0.00400733947753906 0.430572509765625 0.143096923828125
0.00376224517822266 0.0132226943969727 0.31207275390625 -0.194091796875
0.00661182403564453 -0.00465822219848633 0.11651611328125 -0.3204345703125
0.0144767761230469 0.00826263427734375 -0.156600952148438 0.238876342773437
0.0319175720214844 0.00950431823730469 -0.245895385742188 -0.161270141601563
0.00631141662597656 0.0163021087646484 0.01434326171875 -0.56695556640625
-0.0253524780273437 0.0136013031005859 0.6077880859375 -0.4674072265625
-0.0661163330078125 -0.0401115417480469 0.82806396484375 0.39324951171875
-0.036041259765625 -0.100196838378906 0.2689208984375 0.97625732421875
0.0611724853515625 -0.0812301635742188 -0.103668212890625 0.484893798828125
0.0676727294921875 -0.0846633911132813 0.08843994140625 -0.259902954101563
-0.0268135070800781 -0.0655326843261719 -0.43865966796875 -0.68792724609375
-0.071502685546875 -0.0378646850585938 -0.9483642578125 -0.097900390625
-0.03851318359375 0.00661087036132813 -0.4521484375 0.645263671875
0.00627040863037109 0.0139894485473633 0.247589111328125 0.54840087890625
0.0129909515380859 0.00266933441162109 0.436126708984375 0.14556884765625
0.0215587615966797 0.00917434692382813 0.314453125 -0.196502685546875
0.0306987762451172 -0.00585365295410156 0.1175537109375 -0.322906494140625
0.0353469848632813 0.00664138793945313 -0.154510498046875 0.24945068359375
0.0461082458496094 0.00372695922851563 -0.2628173828125 -0.131393432617187
0.0182781219482422 0.0165500640869141 -0.039306640625 -0.548583984375
-0.0278739929199219 0.0132274627685547 0.545013427734375 -0.52093505859375
-0.0902862548828125 -0.0580062866210938 0.85516357421875 0.28253173828125
-0.0666961669921875 -0.16485595703125 0.37005615234375 0.93206787109375
0.071075439453125 -0.180908203125 -0.074188232421875 0.525634765625
0.096343994140625 -0.18621826171875 0.07562255859375 -0.2021484375
-0.05596923828125 -0.136947631835938 -0.38134765625 -0.69012451171875
-0.115646362304688 -0.0602569580078125 -0.93560791015625 -0.18292236328125
-0.0621109008789063 0.00482177734375 -0.52276611328125 0.6092529296875
0.00520133972167969 0.0142621994018555 0.19500732421875 0.59197998046875
0.0231094360351563 0.00175094604492188 0.4239501953125 0.19677734375
0.0353546142578125 0.00399398803710938 0.325439453125 -0.17596435546875
0.0508537292480469 -0.00689315795898438 0.1300048828125 -0.32501220703125
0.0499763488769531 0.00292587280273437 -0.148590087890625 0.26470947265625
0.05462646484375 -0.0062408447265625 -0.285675048828125 -0.078216552734375
0.0295143127441406 0.00964736938476563 -0.132110595703125 -0.508697509765625
-0.0196571350097656 0.0160503387451172 0.4163818359375 -0.5966796875
-0.105239868164063 -0.050872802734375 0.86602783203125 0.0906982421875
-0.113784790039062 -0.18841552734375 0.53533935546875 0.82708740234375
0.0469970703125 -0.24664306640625 0.00207519531250004 0.58599853515625
0.116867065429687 -0.261428833007813 0.0624237060546875 -0.108940124511719
-0.06036376953125 -0.201339721679688 -0.277099609375 -0.6881103515625
-0.142364501953125 -0.09619140625 -0.89666748046875 -0.335205078125
-0.08514404296875 -0.00780487060546876 -0.64727783203125 0.5252685546875
-0.00164890289306641 0.0137357711791992 0.0816650390624999 0.65087890625
0.0284976959228516 0.00144767761230469 0.38543701171875 0.28668212890625
0.0422554016113281 0.001007080078125 0.337646484375 -0.133270263671875
0.0626373291015625 -0.00574111938476563 0.148468017578125 -0.325439453125
-0.0782241821289063 -0.00388336181640625 -0.1202392578125 0.295440673828125
-0.0411911010742188 -0.00820541381835937 -0.295257568359375 0.0564575195312499
-0.0370521545410156 -0.01568603515625 -0.315093994140625 -0.37579345703125
0.0275936126708984 -0.00043487548828125 0.04931640625 -0.6900634765625
0.066680908203125 0.0249786376953125 0.724609375 -0.34234619140625
0.0901641845703125 0.08294677734375 0.844970703125 0.44757080078125
0.0668487548828125 0.219070434570313 0.28094482421875 0.63421630859375
-0.053009033203125 0.271408081054688 0.0791244506835938 0.0720977783203125
0.0369415283203125 0.230987548828125 -0.01092529296875 -0.67047119140625
0.115570068359375 0.0962448120117188 -0.69683837890625 -0.732666015625
0.0872039794921875 0.01434326171875 -0.906494140625 0.1712646484375
0.0105133056640625 -0.0102596282958984 -0.268798828125 0.66912841796875
-0.0301952362060547 -0.01177978515625 0.201263427734375 0.45819091796875
-0.044464111328125 0.00421905517578125 0.3154296875 -0.006103515625
-0.0499458312988281 -0.00211334228515625 0.16351318359375 -0.29998779296875
-0.0731582641601563 -0.00267028808593749 -0.1317138671875 0.281829833984375
-0.0309047698974609 -0.00333595275878907 -0.28643798828125 -0.01751708984375
-0.0281009674072266 -0.0104465484619141 -0.2266845703125 -0.473052978515625
0.0273628234863281 0.00880622863769531 0.2366943359375 -0.68310546875
0.0559120178222656 0.0424003601074219 0.822021484375 -0.13720703125
0.0699386596679688 0.108795166015625 0.7197265625 0.6549072265625
0.037322998046875 0.23345947265625 0.151611328125 0.60650634765625
-0.0457611083984375 0.265640258789063 0.0897216796875 -0.0510025024414062
0.0659942626953125 0.203048706054687 -0.156982421875 -0.7174072265625
0.115325927734375 0.0555267333984375 -0.84808349609375 -0.5283203125
0.0666770935058594 -0.00204849243164063 -0.790283203125 0.385009765625
0.000283241271972657 -0.00507593154907227 -0.07489013671875 0.6673583984375
-0.0309543609619141 -0.00602912902832032 0.30084228515625 0.361083984375
-0.0418930053710938 0.0108528137207031 0.323486328125 -0.07391357421875
-0.0485954284667969 -0.00118255615234374 0.145843505859375 -0.309844970703125
-0.0571098327636719 0.00123596191406251 -0.140777587890625 0.263748168945313
-0.0173473358154297 0.00271511077880859 -0.269882202148437 -0.0873870849609375
-0.0187587738037109 -0.00259017944335938 -0.124267578125 -0.538665771484375
0.0187397003173828 0.0178775787353516 0.40936279296875 -0.62274169921875
0.0294952392578125 0.0472450256347656 0.8626708984375 0.0899658203125
0.0334625244140625 0.104110717773438 0.5478515625 0.824462890625
0.00979614257812499 0.202850341796875 0.038787841796875 0.558074951171875
-0.0272369384765625 0.216400146484375 0.0966033935546875 -0.159423828125
0.073211669921875 0.146896362304688 -0.29522705078125 -0.72418212890625
0.0864791870117188 0.0153732299804688 -0.9322509765625 -0.32232666015625
0.0369529724121094 -0.00971603393554688 -0.64306640625 0.537109375
-0.00392031669616699 0.00250244140625 0.08837890625 0.6253662109375
-0.0252170562744141 0.000432968139648434 0.371856689453125 0.260223388671875
-0.0309429168701172 0.0146636962890625 0.3199462890625 -0.132904052734375
-0.0367431640625 -0.000732421875000006 0.12921142578125 -0.316375732421875
-0.0347461700439453 0.00396728515625 -0.147415161132812 0.248733520507813
-0.000881195068359375 0.00829410552978516 -0.25311279296875 -0.13800048828125
-0.0103836059570312 0.00556373596191406 -0.03619384765625 -0.5689697265625
0.00341796875 0.0219802856445313 0.536712646484375 -0.542144775390625
-0.0058746337890625 0.0296859741210937 0.8536376953125 0.28021240234375
-0.000186920166015629 0.0594749450683594 0.383056640625 0.92596435546875
0.00672912597656249 0.130615234375 -0.04266357421875 0.50823974609375
0.000724792480468744 0.133247375488281 0.0977630615234375 -0.237686157226563
0.0522613525390625 0.0785598754882813 -0.3980712890625 -0.7086181640625
0.0375251770019531 -0.010345458984375 -0.9569091796875 -0.1671142578125
0.00815486907958984 -0.00740432739257813 -0.51556396484375 0.61895751953125
-0.00151920318603516 0.00955963134765625 0.20068359375 0.5712890625
-0.0131254196166992 0.00343704223632813 0.413330078125 0.179595947265625
-0.0146064758300781 0.0152368545532227 0.312469482421875 -0.17523193359375
-0.0178585052490234 -0.00239753723144532 0.1162109375 -0.319549560546875
-0.00903129577636719 0.00689125061035156 -0.151351928710937 0.238693237304688
0.0162897109985352 0.0107450485229492 -0.24383544921875 -0.16229248046875
-0.00303173065185547 0.0130252838134766 0.01141357421875 -0.575439453125
-0.0137157440185547 0.0185012817382813 0.6014404296875 -0.4803466796875
-0.0383071899414063 -0.00400924682617188 0.830322265625 0.38201904296875
-0.0199432373046875 -0.0159664154052734 0.28436279296875 0.9703369140625
0.0300235748291016 0.0290794372558594 -0.08819580078125 0.478057861328125
0.0333595275878906 0.0270671844482422 0.092620849609375 -0.273162841796875
0.0145034790039063 0.00674724578857422 -0.4515380859375 -0.68896484375
-0.0186939239501953 -0.0254592895507813 -0.9556884765625 -0.0816650390624998
-0.015172004699707 0.000358581542968748 -0.4423828125 0.65081787109375
0.0029449462890625 0.0126314163208008 0.2542724609375 0.537628173828125
0.000945329666137696 0.00399470329284668 0.431640625 0.135589599609375
0.00488090515136719 0.0134267807006836 0.308746337890625 -0.1986083984375
0.00687313079833984 -0.00346231460571289 0.10980224609375 -0.3209228515625
0.0153484344482422 0.00722217559814453 -0.1524658203125 0.24029541015625
0.0321025848388672 0.00997161865234375 -0.248077392578125 -0.157333374023438
0.00634288787841797 0.0159988403320313 0.00714111328125 -0.56732177734375
-0.0258102416992188 0.0137386322021484 0.598876953125 -0.47674560546875
-0.066864013671875 -0.0389900207519531 0.8311767578125 0.37945556640625
-0.0373611450195312 -0.0991134643554688 0.28271484375 0.9713134765625
0.0605316162109375 -0.082305908203125 -0.0980224609375 0.485931396484375
0.0665359497070313 -0.0852432250976563 0.083526611328125 -0.260467529296875
-0.0273628234863281 -0.0651664733886719 -0.44842529296875 -0.68115234375
-0.0721435546875 -0.0364608764648438 -0.947998046875 -0.0860595703124998
-0.0386810302734375 0.00634002685546875 -0.4425048828125 0.65234375
0.00647735595703125 0.0138387680053711 0.255645751953125 0.544097900390625
0.0136709213256836 0.00341320037841797 0.435882568359375 0.13970947265625
0.0222244262695312 0.00873947143554687 0.3114013671875 -0.20111083984375
0.0306015014648438 -0.00565719604492188 0.112396240234375 -0.324615478515625
0.0367317199707031 0.00513458251953125 -0.1507568359375 0.250473022460937
0.0462532043457031 0.00289535522460938 -0.265411376953125 -0.12664794921875
0.0180950164794922 0.01483154296875 -0.047821044921875 -0.546417236328125
-0.0278358459472656 0.0128669738769531 0.53521728515625 -0.526458740234375
-0.091796875 -0.0571517944335938 0.8565673828125 0.27020263671875
-0.068817138671875 -0.16339111328125 0.38232421875 0.92694091796875
0.069305419921875 -0.181304931640625 -0.067657470703125 0.525146484375
0.0941619873046875 -0.1881103515625 0.070648193359375 -0.203140258789063
-0.0571212768554687 -0.135932922363281 -0.3895263671875 -0.68145751953125
-0.117332458496094 -0.0578765869140625 -0.9378662109375 -0.16790771484375
-0.0626907348632813 0.0061492919921875 -0.51312255859375 0.6171875
0.00498199462890625 0.0140228271484375 0.2020263671875 0.5885009765625
0.0234813690185547 0.00147819519042969 0.425201416015625 0.18914794921875
0.0344409942626953 0.003631591796875 0.32257080078125 -0.182037353515625
0.0496101379394531 -0.00770950317382812 0.12506103515625 -0.325927734375
0.0511283874511719 0.00161361694335938 -0.143341064453125 0.265655517578125
0.0550880432128906 -0.00714874267578125 -0.287139892578125 -0.07501220703125
0.0292148590087891 0.0101127624511719 -0.13873291015625 -0.505035400390625
-0.0196743011474609 0.0156345367431641 0.40765380859375 -0.6011962890625
-0.106910705566406 -0.049652099609375 0.86505126953125 0.07781982421875
-0.115737915039062 -0.185226440429688 0.54656982421875 0.81719970703125
0.0435638427734375 -0.246856689453125 0.00903320312500005 0.585205078125
0.113052368164063 -0.261795043945313 0.0595550537109375 -0.109184265136719
-0.063079833984375 -0.200225830078125 -0.286376953125 -0.68267822265625
-0.143051147460937 -0.094024658203125 -0.90045166015625 -0.3223876953125
-0.0866851806640625 -0.00594329833984374 -0.63702392578125 0.5318603515625
-0.00178432464599609 0.0131053924560547 0.0915527343750001 0.6490478515625
0.0285930633544922 0.00130844116210938 0.38861083984375 0.279876708984375
0.0425491333007813 -0.000453948974609375 0.334503173828125 -0.138885498046875
0.0629425048828125 -0.00720977783203125 0.142578125 -0.3271484375
-0.0776519775390625 -0.00184631347656249 -0.1146240234375 0.295623779296875
-0.0407829284667969 -0.00716018676757813 -0.29266357421875 0.0604248046875
-0.0372428894042969 -0.0146369934082031 -0.317108154296875 -0.37109375
0.0275611877441406 -0.00160789489746094 0.04058837890625 -0.68621826171875
0.0666313171386719 0.0243301391601563 0.71466064453125 -0.3514404296875
0.0903167724609375 0.08245849609375 0.8466796875 0.437744140625
0.0694122314453125 0.217361450195312 0.28668212890625 0.62640380859375
-0.0492095947265625 0.2705078125 0.0795516967773438 0.070770263671875
0.0404205322265625 0.229354858398438 -0.0198974609374999 -0.66925048828125
0.116371154785156 0.0942459106445313 -0.70330810546875 -0.71746826171875
0.0874710083007813 0.01226806640625 -0.90203857421875 0.18359375
0.00994300842285156 -0.0108671188354492 -0.25836181640625 0.6715087890625
-0.0300731658935547 -0.0117073059082031 0.206146240234375 0.4547119140625
-0.0444831848144531 0.00496673583984375 0.313690185546875 -0.01123046875
-0.0503654479980469 -0.00163269042968751 0.158355712890625 -0.3017578125
-0.0711746215820313 -0.000205993652343742 -0.126251220703125 0.281768798828125
-0.0313262939453125 -0.00259017944335938 -0.285919189453125 -0.0145874023437499
-0.0282993316650391 -0.00984001159667969 -0.231597900390625 -0.467987060546875
0.0276298522949219 0.00870323181152344 0.22528076171875 -0.682861328125
0.05615234375 0.0421257019042969 0.8182373046875 -0.1453857421875
0.0706787109375 0.107337951660156 0.72607421875 0.6422119140625
0.0398101806640625 0.232284545898438 0.15777587890625 0.60064697265625
-0.0427398681640625 0.265335083007812 0.0886993408203125 -0.0512771606445312
0.0689239501953125 0.201324462890625 -0.16656494140625 -0.713134765625
0.115341186523437 0.053436279296875 -0.853271484375 -0.5146484375
0.0666084289550781 -0.00370025634765625 -0.7828369140625 0.39556884765625
0.000280380249023437 -0.00502872467041016 -0.0657958984375001 0.66754150390625
-0.0313453674316406 -0.00528717041015625 0.30426025390625 0.356231689453125
-0.0414848327636719 0.0114707946777344 0.320648193359375 -0.077606201171875
-0.0479469299316406 -0.000152587890625004 0.141571044921875 -0.310333251953125
-0.0560455322265625 0.00236129760742187 -0.13641357421875 0.264068603515625
-0.0168638229370117 0.00297355651855469 -0.270553588867188 -0.083709716796875
-0.0187091827392578 -0.00185585021972656 -0.13250732421875 -0.5345458984375
0.0185546875 0.0173053741455078 0.39886474609375 -0.62774658203125
0.0288887023925781 0.0464363098144531 0.86065673828125 0.07745361328125
0.034576416015625 0.103225708007813 0.5579833984375 0.8125
0.0138397216796875 0.20123291015625 0.045806884765625 0.55487060546875
-0.0230712890625 0.216079711914062 0.093719482421875 -0.160110473632813
0.074798583984375 0.144821166992188 -0.3038330078125 -0.71807861328125
0.0851974487304687 0.0140914916992187 -0.93243408203125 -0.30999755859375
0.0366096496582031 -0.0105628967285156 -0.634521484375 0.54638671875
-0.00275325775146484 0.00284290313720703 0.09613037109375 0.62310791015625
-0.0248565673828125 0.000907897949218746 0.373779296875 0.255401611328125
-0.0298061370849609 0.01556396484375 0.31719970703125 -0.137481689453125
-0.0366592407226563 -0.000461578369140618 0.12408447265625 -0.316802978515625
-0.0337047576904297 0.004547119140625 -0.143112182617188 0.249603271484375
-5.05447387695303E-05 0.00880146026611328 -0.25396728515625 -0.13385009765625
-0.0103693008422852 0.00666141510009766 -0.04541015625 -0.56854248046875
0.00337600708007812 0.0202503204345703 0.527130126953125 -0.5469970703125
-0.00497817993164062 0.0298442840576172 0.85205078125 0.26556396484375
-0.000202178955078129 0.0601997375488281 0.39483642578125 0.91796875
0.00882720947265624 0.12908935546875 -0.03546142578125 0.5064697265625
0.00290679931640626 0.133369445800781 0.0928955078125 -0.2374267578125
0.052703857421875 0.0771636962890625 -0.41021728515625 -0.70086669921875
0.036956787109375 -0.0108642578125 -0.9560546875 -0.1513671875
0.00782346725463867 -0.00774431228637695 -0.5054931640625 0.6243896484375
-0.00123023986816406 0.00967311859130859 0.20745849609375 0.5677490234375
-0.0133914947509766 0.0044097900390625 0.413787841796875 0.1744384765625
-0.0139780044555664 0.0161027908325195 0.309600830078125 -0.179107666015625
-0.0174551010131836 -0.00218391418457031 0.110870361328125 -0.319580078125
-0.00777769088745117 0.00685262680053711 -0.14678955078125 0.24029541015625
0.0162067413330078 0.0111684799194336 -0.246231079101562 -0.158126831054688
-0.00262069702148438 0.0127782821655273 0.00213623046874995 -0.57415771484375
-0.0138320922851562 0.0178031921386719 0.5927734375 -0.48712158203125
-0.0377006530761719 -0.00365829467773437 0.83251953125 0.37005615234375
-0.0204486846923828 -0.0148830413818359 0.2977294921875 0.96478271484375
0.0315818786621094 0.0280971527099609 -0.082763671875 0.47808837890625
0.0342502593994141 0.0264205932617188 0.0879364013671875 -0.27337646484375
0.0140581130981445 0.00604438781738281 -0.458740234375 -0.67987060546875
-0.0192432403564453 -0.0246181488037109 -0.95208740234375 -0.0667114257812501
-0.0162782669067383 -8.96453857421857E-05 -0.43194580078125 0.65802001953125
0.00288486480712891 0.0126667022705078 0.26141357421875 0.532623291015625
0.000966548919677734 0.00468540191650391 0.43133544921875 0.12969970703125
0.00512123107910156 0.01336669921875 0.304962158203125 -0.20281982421875
0.00735092163085937 -0.00481319427490234 0.1060791015625 -0.321990966796875
0.017512321472168 0.00716114044189453 -0.148193359375 0.241622924804688
0.0327854156494141 0.00850677490234375 -0.251312255859375 -0.153030395507813
0.00613880157470703 0.0160846710205078 -0.00152587890625 -0.56427001953125
-0.0256843566894531 0.0136260986328125 0.59033203125 -0.48126220703125
-0.0677680969238281 -0.0382080078125 0.83447265625 0.367919921875
-0.0379638671875 -0.0976486206054688 0.29437255859375 0.963134765625
0.0605316162109375 -0.0824813842773438 -0.092437744140625 0.483612060546875
0.0647659301757813 -0.0859375 0.0777435302734375 -0.260894775390625
-0.0269546508789063 -0.0642166137695313 -0.45587158203125 -0.6705322265625
-0.0725250244140625 -0.0362930297851563 -0.9466552734375 -0.0711669921875002
-0.0395469665527344 0.00731658935546875 -0.43157958984375 0.65521240234375
0.00562095642089844 0.0133094787597656 0.26287841796875 0.539794921875
0.0134859085083008 0.00313091278076172 0.436920166015625 0.13275146484375
0.0220317840576172 0.00832748413085938 0.307647705078125 -0.205230712890625
0.0308113098144531 -0.00665855407714844 0.107421875 -0.3243408203125
0.0382728576660156 0.00401687622070313 -0.146041870117187 0.251388549804688
0.0469627380371094 0.00214004516601562 -0.267227172851563 -0.12200927734375
0.0181865692138672 0.0148124694824219 -0.0552978515625 -0.54412841796875
-0.0285720825195312 0.0133056640625 0.525848388671875 -0.530853271484375
-0.0928878784179687 -0.0552597045898438 0.8597412109375 0.257568359375
-0.0702667236328125 -0.161346435546875 0.39532470703125 0.91583251953125
0.06689453125 -0.18145751953125 -0.061126708984375 0.523223876953125
0.0908355712890625 -0.187545776367188 0.0673370361328125 -0.203231811523437
-0.0581283569335937 -0.13421630859375 -0.39801025390625 -0.673095703125
-0.117454528808594 -0.0560684204101562 -0.9371337890625 -0.15289306640625
-0.0632095336914062 0.00663757324218751 -0.5035400390625 0.62384033203125
0.00488853454589844 0.0133132934570313 0.209716796875 0.5843505859375
0.0238456726074219 0.000719070434570313 0.4267578125 0.183563232421875
0.0351791381835938 0.002899169921875 0.318115234375 -0.185577392578125
0.0503311157226562 -0.00846481323242188 0.11944580078125 -0.32666015625
0.052978515625 0.000263214111328125 -0.1385498046875 0.267333984375
0.0553436279296875 -0.00795364379882812 -0.288299560546875 -0.0699768066406249
0.0286178588867188 0.00872421264648438 -0.1461181640625 -0.500701904296875
-0.0197219848632813 0.0155467987060547 0.39892578125 -0.60308837890625
-0.108253479003906 -0.0475616455078125 0.8624267578125 0.067626953125
-0.118545532226562 -0.1832275390625 0.5576171875 0.807861328125
0.0408477783203125 -0.246017456054688 0.016845703125 0.5826416015625
0.10955810546875 -0.261611938476563 0.0564041137695313 -0.109481811523438
-0.0641021728515625 -0.199066162109375 -0.2943115234375 -0.6741943359375
-0.143997192382813 -0.090850830078125 -0.90155029296875 -0.30902099609375
-0.0879287719726563 -0.00448608398437501 -0.6278076171875 0.5384521484375
-0.00246906280517578 0.0126476287841797 0.1007080078125 0.64727783203125
0.0292034149169922 0.00077056884765625 0.392303466796875 0.2733154296875
0.0421867370605469 -0.0008544921875 0.330718994140625 -0.142852783203125
0.0619544982910156 -0.00806427001953125 0.1363525390625 -0.32733154296875
-0.0757522583007813 -0.000434875488281246 -0.109161376953125 0.2945556640625
-0.0412635803222656 -0.00578689575195312 -0.2900390625 0.062255859375
-0.0375175476074219 -0.0137901306152344 -0.3214111328125 -0.3638916015625
0.0268936157226563 -0.00215911865234375 0.0308837890625 -0.68316650390625
0.0662460327148438 0.0231437683105469 0.70758056640625 -0.3585205078125
0.0902023315429688 0.0816726684570313 0.84942626953125 0.4215087890625
0.0719146728515625 0.214874267578125 0.29315185546875 0.6180419921875
-0.045501708984375 0.269378662109375 0.08013916015625 0.06842041015625
0.0434722900390625 0.22796630859375 -0.0269775390625 -0.663818359375
0.116744995117188 0.0916671752929688 -0.7105712890625 -0.70538330078125
0.0861587524414063 0.0101852416992188 -0.89459228515625 0.1943359375
0.00970363616943359 -0.0112094879150391 -0.24761962890625 0.67340087890625
-0.0301723480224609 -0.0110435485839844 0.21136474609375 0.4512939453125
-0.0443992614746094 0.00563812255859376 0.3114013671875 -0.015472412109375
-0.0493507385253906 -0.000438690185546877 0.153564453125 -0.303131103515625
-0.0695381164550781 0.00140380859375 -0.120803833007813 0.280807495117188
-0.0302753448486328 -0.00102996826171875 -0.284454345703125 -0.0109252929687499
-0.0281505584716797 -0.00914382934570312 -0.23681640625 -0.4617919921875
0.0275897979736328 0.00756454467773437 0.21649169921875 -0.68194580078125
0.0565986633300781 0.0413627624511719 0.80877685546875 -0.15545654296875
0.0716171264648438 0.1065673828125 0.72906494140625 0.63037109375
0.04296875 0.2301025390625 0.16424560546875 0.5946044921875
-0.039154052734375 0.264434814453125 0.0873641967773438 -0.0528488159179687
0.071502685546875 0.199310302734375 -0.175048828125 -0.7060546875
0.114387512207031 0.050872802734375 -0.85552978515625 -0.50128173828125
0.0653953552246094 -0.00498580932617187 -0.7718505859375 0.40692138671875
0.000420093536376953 -0.00473594665527344 -0.0567016601562499 0.6669921875
-0.0308704376220703 -0.00419425964355468 0.3076171875 0.350738525390625
-0.0411949157714844 0.0125579833984375 0.317718505859375 -0.082489013671875
-0.0478057861328125 0.000457763671874991 0.1363525390625 -0.3111572265625
-0.0546340942382813 0.00423431396484375 -0.131439208984375 0.264297485351563
-0.0164594650268555 0.00459003448486328 -0.271011352539062 -0.0807342529296875
-0.0188407897949219 -0.00193595886230469 -0.1397705078125 -0.5299072265625
0.0194950103759766 0.0169334411621094 0.38836669921875 -0.628173828125
0.0297698974609375 0.0461769104003906 0.856689453125 0.0665283203125
0.0354156494140625 0.103424072265625 0.5653076171875 0.80035400390625
0.0154876708984375 0.200439453125 0.051788330078125 0.54937744140625
-0.0206451416015625 0.215728759765625 0.0901336669921875 -0.160568237304688
0.0764617919921875 0.14361572265625 -0.31207275390625 -0.70977783203125
0.085479736328125 0.012939453125 -0.9312744140625 -0.29547119140625
0.0364761352539062 -0.01123046875 -0.62274169921875 0.55029296875
-0.00299382209777832 0.00271487236022949 0.10345458984375 0.62066650390625
-0.0242652893066406 0.00131988525390625 0.375152587890625 0.2501220703125
-0.0301876068115234 0.0160675048828125 0.313629150390625 -0.140716552734375
-0.0367317199707031 0.000396728515625002 0.11907958984375 -0.316925048828125
-0.0317955017089844 0.00634384155273437 -0.138015747070313 0.249237060546875
0.000487327575683593 0.00852823257446289 -0.2559814453125 -0.12994384765625
-0.0104837417602539 0.00625419616699218 -0.05303955078125 -0.56329345703125
0.00325775146484375 0.0194511413574219 0.517669677734375 -0.5482177734375
-0.00516510009765625 0.0300807952880859 0.85125732421875 0.25390625
0.000965118408203127 0.0599861145019531 0.40582275390625 0.9083251953125
0.0112838745117187 0.128654479980469 -0.031829833984375 0.503570556640625
0.00425720214843751 0.131393432617188 0.0886077880859375 -0.23858642578125
0.0540313720703125 0.0755691528320313 -0.41510009765625 -0.6912841796875
0.0361404418945313 -0.0116767883300781 -0.95245361328125 -0.138671875
0.0077204704284668 -0.00750112533569336 -0.4964599609375 0.62841796875
-0.00131893157958984 0.009368896484375 0.21429443359375 0.562744140625
-0.0124292373657227 0.0046243667602539 0.41302490234375 0.1663818359375
-0.0134143829345703 0.0163955688476563 0.3052978515625 -0.1834716796875
-0.0163545608520508 -0.00217628479003906 0.105987548828125 -0.318878173828125
-0.00547647476196289 0.00682210922241211 -0.1434326171875 0.239852905273438
0.0175132751464844 0.011256217956543 -0.248977661132812 -0.154129028320312
-0.00286388397216797 0.0127134323120117 -0.00500488281250005 -0.57012939453125
-0.0137548446655273 0.0171442031860352 0.5799560546875 -0.491455078125
-0.0388832092285156 -0.00319290161132812 0.8330078125 0.3568115234375
-0.0207023620605469 -0.0136375427246094 0.3079833984375 0.95562744140625
0.0312004089355469 0.0275039672851563 -0.0774841308593749 0.4752197265625
0.0347461700439453 0.0267047882080078 0.083404541015625 -0.272872924804688
0.0149545669555664 0.00620174407958984 -0.465087890625 -0.67071533203125
-0.0192070007324219 -0.024261474609375 -0.94952392578125 -0.0538330078124999
-0.0166416168212891 0.000682830810546873 -0.420654296875 0.65997314453125
0.00287628173828125 0.0124883651733398 0.267425537109375 0.528045654296875
0.00169610977172852 0.00409483909606934 0.4298095703125 0.123931884765625
0.00548267364501953 0.0133981704711914 0.300384521484375 -0.206146240234375
0.00661659240722656 -0.00492668151855469 0.100250244140625 -0.321502685546875
0.0187721252441406 0.00725746154785156 -0.143768310546875 0.242202758789063
0.0333957672119141 0.00877761840820313 -0.252090454101563 -0.14892578125
0.00663280487060547 0.0160388946533203 -0.00936889648437499 -0.560760498046875
-0.0259952545166016 0.0133304595947266 0.58087158203125 -0.48724365234375
-0.0681877136230469 -0.0375289916992188 0.833740234375 0.35595703125
-0.0382156372070312 -0.0957260131835938 0.30743408203125 0.9539794921875
0.0591506958007812 -0.0830001831054687 -0.087066650390625 0.482574462890625
0.0638427734375 -0.086822509765625 0.0737762451171875 -0.260055541992188
-0.0279045104980469 -0.0636558532714844 -0.46160888671875 -0.66046142578125
-0.0737075805664063 -0.03399658203125 -0.9442138671875 -0.0570678710937501
-0.0401611328125 0.00759887695312501 -0.42059326171875 0.658447265625
0.00610256195068359 0.0129098892211914 0.267822265625 0.535003662109375
0.0143852233886719 0.00303554534912109 0.435516357421875 0.126068115234375
0.0223178863525391 0.00835037231445313 0.30279541015625 -0.207855224609375
0.0303745269775391 -0.00727081298828125 0.102081298828125 -0.32403564453125
0.0393180847167969 0.00339889526367188 -0.142730712890625 0.2523193359375
0.0466651916503906 0.00158309936523438 -0.267410278320313 -0.118148803710937
0.0174980163574219 0.0140476226806641 -0.063079833984375 -0.53900146484375
-0.0286178588867188 0.0127334594726563 0.515594482421875 -0.534912109375
-0.0936431884765625 -0.0540695190429688 0.8572998046875 0.24542236328125
-0.0713653564453125 -0.158493041992188 0.40386962890625 0.90765380859375
0.06494140625 -0.18145751953125 -0.054718017578125 0.5223388671875
0.0889892578125 -0.187652587890625 0.06341552734375 -0.2020263671875
-0.0583877563476563 -0.133140563964844 -0.40472412109375 -0.66412353515625
-0.118545532226563 -0.0545425415039062 -0.93402099609375 -0.14117431640625
-0.0642662048339844 0.00780868530273438 -0.49139404296875 0.626708984375
0.00464916229248047 0.0137729644775391 0.21636962890625 0.57958984375
0.0238189697265625 0.00114059448242188 0.4263916015625 0.177276611328125
0.0344524383544922 0.002532958984375 0.314605712890625 -0.18994140625
0.0499000549316406 -0.0092926025390625 0.11395263671875 -0.326446533203125
0.0536880493164062 -0.00140762329101563 -0.135330200195313 0.266433715820313
0.0556983947753906 -0.00899887084960938 -0.28790283203125 -0.0655822753906249
0.0295181274414062 0.00915908813476562 -0.151519775390625 -0.49578857421875
-0.0199623107910156 0.0149059295654297 0.38763427734375 -0.60498046875
-0.109062194824219 -0.04620361328125 0.85955810546875 0.0556640625
-0.11920166015625 -0.18035888671875 0.56536865234375 0.79595947265625
0.0382232666015625 -0.245864868164063 0.0219116210937501 0.5775146484375
0.105850219726563 -0.26263427734375 0.05322265625 -0.109107971191406
-0.06597900390625 -0.196609497070313 -0.30047607421875 -0.66741943359375
-0.145462036132812 -0.0880126953125 -0.902587890625 -0.29400634765625
-0.0874481201171875 -0.00330352783203124 -0.6175537109375 0.54718017578125
-0.00187015533447266 0.0127344131469727 0.108642578125 0.642333984375
0.0290870666503906 0.000335693359375 0.393341064453125 0.267425537109375
0.0420913696289062 -0.00113296508789063 0.327178955078125 -0.14739990234375
0.0621414184570313 -0.0096893310546875 0.132049560546875 -0.327606201171875
-0.07452392578125 0.00121307373046873 -0.10369873046875 0.29315185546875
-0.0404586791992188 -0.004669189453125 -0.287841796875 0.065704345703125
-0.0380744934082031 -0.0124092102050781 -0.325225830078125 -0.3577880859375
0.0275173187255859 -0.00352287292480469 0.02178955078125 -0.677001953125
0.066253662109375 0.0227584838867188 0.69879150390625 -0.36285400390625
0.090362548828125 0.0799942016601563 0.84930419921875 0.40997314453125
0.0748443603515625 0.213287353515625 0.296630859375 0.60980224609375
-0.0426788330078125 0.268402099609375 0.0796585083007813 0.0676193237304688
0.045166015625 0.226104736328125 -0.0336914062500001 -0.65911865234375
0.116523742675781 0.0898666381835938 -0.71270751953125 -0.6917724609375
0.0853195190429688 0.00972747802734375 -0.8865966796875 0.20458984375
0.00921344757080078 -0.0104589462280273 -0.2401123046875 0.6728515625
-0.0297451019287109 -0.00977134704589843 0.21356201171875 0.446624755859375
-0.043609619140625 0.00663757324218749 0.308502197265625 -0.018829345703125
-0.0489540100097656 0.000427246093750009 0.14837646484375 -0.3028564453125
-0.0679893493652344 0.00267791748046875 -0.116775512695313 0.280242919921875
-0.029510498046875 -0.000764846801757815 -0.28253173828125 -0.00845336914062499
-0.0287590026855469 -0.00888633728027344 -0.24114990234375 -0.454742431640625
0.0269031524658203 0.00693130493164062 0.205322265625 -0.67779541015625
0.0558242797851563 0.0400009155273438 0.80450439453125 -0.16217041015625
0.0716094970703125 0.105674743652344 0.733154296875 0.61700439453125
0.04559326171875 0.227691650390625 0.16888427734375 0.5870361328125
-0.035491943359375 0.262542724609375 0.0852203369140625 -0.053619384765625
0.07342529296875 0.197738647460938 -0.179931640625 -0.69970703125
0.113792419433594 0.0495147705078125 -0.85711669921875 -0.48687744140625
0.0648689270019531 -0.00606536865234375 -0.762451171875 0.41241455078125
0.000687599182128906 -0.00507593154907226 -0.04864501953125 0.66412353515625
-0.0310478210449219 -0.00335311889648437 0.30908203125 0.34625244140625
-0.0409812927246094 0.0130538940429687 0.314361572265625 -0.084808349609375
-0.047210693359375 0.000560760498046882 0.130950927734375 -0.3106689453125
-0.0520095825195312 0.00507354736328126 -0.126693725585938 0.263626098632813
-0.0158424377441406 0.00530338287353515 -0.270751953125 -0.0772705078125001
-0.0191421508789063 -0.00173759460449219 -0.1444091796875 -0.524871826171875
0.0190486907958984 0.0159854888916016 0.3798828125 -0.62646484375
0.0294647216796875 0.0454483032226563 0.85040283203125 0.05731201171875
0.0364608764648437 0.10345458984375 0.5704345703125 0.7894287109375
0.018829345703125 0.199493408203125 0.05572509765625 0.5443115234375
-0.018890380859375 0.2144775390625 0.08746337890625 -0.161270141601563
0.078125 0.141921997070312 -0.31829833984375 -0.70086669921875
0.0842742919921875 0.0119171142578125 -0.9281005859375 -0.28424072265625
0.0353622436523437 -0.0127601623535156 -0.61346435546875 0.555908203125
-0.00367951393127441 0.00324225425720215 0.109375 0.61566162109375
-0.0248222351074219 0.00224685668945313 0.375579833984375 0.24444580078125
-0.0294036865234375 0.0164451599121094 0.30975341796875 -0.1446533203125
-0.0353965759277344 0.000736236572265621 0.114166259765625 -0.31549072265625
-0.0305347442626953 0.00641441345214843 -0.1343994140625 0.247787475585938
0.000624656677246093 0.00993442535400391 -0.25634765625 -0.126754760742187
-0.011256217956543 0.00713729858398437 -0.05914306640625 -0.558868408203125
0.00317955017089844 0.0191249847412109 0.50714111328125 -0.55029296875
-0.00494003295898438 0.0299606323242188 0.84686279296875 0.24395751953125
0.0018157958984375 0.06024169921875 0.41363525390625 0.89556884765625
0.0120391845703125 0.127296447753906 -0.026092529296875 0.49981689453125
0.00590515136718749 0.131813049316406 0.08465576171875 -0.23760986328125
0.0553665161132813 0.0747756958007813 -0.418701171875 -0.6817626953125
0.0349388122558594 -0.0120906829833984 -0.9488525390625 -0.1285400390625
0.00716114044189453 -0.0086064338684082 -0.48541259765625 0.63134765625
-0.00107383728027344 0.00949287414550781 0.21826171875 0.556671142578125
-0.0123529434204102 0.00495243072509765 0.412567138671875 0.162567138671875
-0.0129280090332031 0.0171184539794922 0.301483154296875 -0.185546875
-0.0169467926025391 -0.00160789489746094 0.101776123046875 -0.31884765625
-0.00440883636474609 0.00746917724609375 -0.13970947265625 0.240234375
0.0172281265258789 0.0111923217773437 -0.249664306640625 -0.150115966796875
-0.00319099426269531 0.0127620697021484 -0.0130615234375 -0.5657958984375
-0.0133295059204102 0.0171442031860352 0.572021484375 -0.4945068359375
-0.0390625 -0.00255584716796876 0.83001708984375 0.3463134765625
-0.0198040008544922 -0.0133514404296875 0.31622314453125 0.94476318359375
0.0318527221679688 0.0268726348876953 -0.0736083984375 0.472503662109375
0.0346946716308594 0.0258102416992187 0.0787200927734375 -0.271835327148438
0.0151128768920898 0.00598812103271484 -0.46905517578125 -0.6585693359375
-0.0197105407714844 -0.0239849090576172 -0.9442138671875 -0.0421752929687499
-0.0171918869018555 -1.9073486328131E-06 -0.411865234375 0.66064453125
0.00294303894042969 0.0123519897460938 0.27197265625 0.52264404296875
0.0018916130065918 0.00512981414794922 0.430511474609375 0.117950439453125
0.00524234771728516 0.013890266418457 0.29638671875 -0.207855224609375
0.00710153579711914 -0.00497579574584961 0.095977783203125 -0.3199462890625
0.0206794738769531 0.00616264343261719 -0.140274047851563 0.241012573242188
0.0336666107177734 0.00800704956054688 -0.254180908203125 -0.145462036132813
0.00613975524902344 0.0163516998291016 -0.01556396484375 -0.55743408203125
-0.0257568359375 0.01318359375 0.57080078125 -0.4906005859375
-0.0685462951660156 -0.0367507934570313 0.83282470703125 0.3438720703125
-0.0383453369140625 -0.0947265625 0.31451416015625 0.9447021484375
0.0583572387695313 -0.083038330078125 -0.082305908203125 0.48040771484375
0.0627822875976563 -0.085906982421875 0.0688934326171875 -0.257232666015625
-0.0278129577636719 -0.0626106262207031 -0.46600341796875 -0.651611328125
-0.073150634765625 -0.0326690673828125 -0.93865966796875 -0.0462036132812501
-0.0409164428710938 0.00834274291992188 -0.41131591796875 0.65826416015625
0.00544166564941406 0.0132541656494141 0.273162841796875 0.529876708984375
0.014246940612793 0.00258827209472656 0.433929443359375 0.121734619140625
0.0224132537841797 0.0077056884765625 0.298187255859375 -0.21173095703125
0.0304546356201172 -0.00748062133789062 0.097412109375 -0.32196044921875
0.0397529602050781 0.00220108032226563 -0.138092041015625 0.251815795898438
0.0467529296875 0.00167465209960938 -0.268966674804687 -0.113189697265625
0.0172824859619141 0.0147371292114258 -0.068084716796875 -0.535491943359375
-0.0284805297851563 0.0129337310791016 0.50689697265625 -0.535430908203125
-0.0937652587890625 -0.05291748046875 0.85345458984375 0.2347412109375
-0.07232666015625 -0.15625 0.4136962890625 0.8958740234375
0.063140869140625 -0.180953979492188 -0.051055908203125 0.51763916015625
0.0863494873046875 -0.18756103515625 0.059234619140625 -0.201126098632812
-0.0592727661132813 -0.131752014160156 -0.40875244140625 -0.65570068359375
-0.118980407714844 -0.0522689819335937 -0.930419921875 -0.1287841796875
-0.064483642578125 0.00767517089843751 -0.48101806640625 0.630615234375
0.00478839874267578 0.0129671096801758 0.2222900390625 0.57305908203125
0.0245819091796875 0.000949859619140625 0.42694091796875 0.171661376953125
0.0350189208984375 0.002471923828125 0.309600830078125 -0.192413330078125
0.0496940612792969 -0.0102005004882813 0.1097412109375 -0.325714111328125
0.0540046691894531 -0.00249481201171875 -0.130706787109375 0.26678466796875
0.0556144714355469 -0.00892257690429688 -0.287994384765625 -0.0606689453125
0.0292015075683594 0.008056640625 -0.156524658203125 -0.490997314453125
-0.0207786560058594 0.0151863098144531 0.3790283203125 -0.60443115234375
-0.109596252441406 -0.0445709228515625 0.85528564453125 0.0458984375
-0.119781494140625 -0.177322387695313 0.57012939453125 0.78485107421875
0.0364227294921875 -0.244277954101563 0.0270385742187501 0.5740966796875
0.102615356445313 -0.262039184570313 0.051177978515625 -0.108665466308594
-0.0678558349609375 -0.195083618164063 -0.3060302734375 -0.6591796875
-0.1461181640625 -0.0858001708984375 -0.8983154296875 -0.28411865234375
-0.0885086059570313 -0.00201416015624998 -0.6082763671875 0.55023193359375
-0.00244617462158203 0.0128297805786133 0.116455078125 0.6385498046875
0.0292873382568359 -0.000238418579101563 0.39495849609375 0.262054443359375
0.0419197082519531 -0.001434326171875 0.323760986328125 -0.151763916015625
0.062408447265625 -0.0102653503417969 0.12640380859375 -0.32763671875
-0.0721817016601563 0.00223541259765624 -0.100311279296875 0.2899169921875
-0.0387725830078125 -0.00366592407226562 -0.284637451171875 0.0673828125
-0.0377120971679688 -0.0116920471191406 -0.32598876953125 -0.352874755859375
0.0274829864501953 -0.00382614135742188 0.0155029296875 -0.67181396484375
0.0654754638671875 0.0220718383789063 0.68902587890625 -0.36688232421875
0.0902862548828125 0.0794601440429688 0.8458251953125 0.39617919921875
0.076263427734375 0.210540771484375 0.30078125 0.59832763671875
-0.040191650390625 0.266815185546875 0.08001708984375 0.06573486328125
0.0471038818359375 0.22381591796875 -0.04010009765625 -0.65362548828125
0.1158447265625 0.0871734619140625 -0.71575927734375 -0.67889404296875
0.0850982666015625 0.00786590576171875 -0.8765869140625 0.21173095703125
0.00943374633789063 -0.0108709335327148 -0.2320556640625 0.67138671875
-0.0297183990478516 -0.00930595397949219 0.216644287109375 0.442352294921875
-0.04327392578125 0.00726699829101562 0.306793212890625 -0.022369384765625
-0.0488510131835938 0.0016937255859375 0.144744873046875 -0.3018798828125
-0.0663032531738281 0.00391387939453126 -0.112899780273437 0.277481079101563
-0.0291385650634766 0.000471115112304694 -0.281890869140625 -0.00631713867187505
-0.0289573669433594 -0.00755691528320313 -0.24395751953125 -0.447540283203125
0.0269813537597656 0.00566482543945313 0.196533203125 -0.6729736328125
0.0560493469238281 0.0391921997070313 0.795166015625 -0.16796875
0.072662353515625 0.104721069335937 0.73394775390625 0.60479736328125
0.047393798828125 0.226593017578125 0.1719970703125 0.58001708984375
-0.0333404541015625 0.260238647460938 0.083465576171875 -0.0542755126953125
0.0747833251953125 0.195175170898438 -0.1871337890625 -0.691650390625
0.113288879394531 0.0486679077148438 -0.8546142578125 -0.47528076171875
0.0634841918945313 -0.00767135620117188 -0.75390625 0.41815185546875
0.000299930572509766 -0.00496292114257813 -0.04193115234375 0.66082763671875
-0.0301685333251953 -0.00251960754394532 0.308807373046875 0.34228515625
-0.0394515991210938 0.0139312744140625 0.31048583984375 -0.088348388671875
-0.0462074279785156 0.00208282470703125 0.126983642578125 -0.309967041015625
-0.0506629943847656 0.00632476806640626 -0.12371826171875 0.261077880859375
-0.0159778594970703 0.00542449951171875 -0.2698974609375 -0.07489013671875
-0.0190258026123047 -0.00031852722167969 -0.149169921875 -0.518646240234375
0.0193462371826172 0.0158023834228516 0.37127685546875 -0.6246337890625
0.0296478271484375 0.0451583862304688 0.84552001953125 0.0489501953125
0.036651611328125 0.102066040039063 0.57489013671875 0.77880859375
0.0202178955078125 0.19781494140625 0.059295654296875 0.539794921875
-0.0164031982421875 0.212234497070313 0.08477783203125 -0.160675048828125
0.0783157348632812 0.139755249023437 -0.32183837890625 -0.69085693359375
0.0831680297851562 0.010528564453125 -0.92535400390625 -0.27215576171875
0.0346240997314453 -0.0132503509521484 -0.603271484375 0.5595703125
-0.00357294082641602 0.00239729881286621 0.1158447265625 0.61163330078125
-0.0238151550292969 0.00321388244628907 0.374420166015625 0.239715576171875
-0.0290374755859375 0.0174026489257813 0.3056640625 -0.14630126953125
-0.0353546142578125 0.00119781494140624 0.109619140625 -0.3150634765625
-0.0276699066162109 0.00709342956542968 -0.130966186523437 0.247268676757813
0.000905990600585938 0.00966358184814453 -0.2567138671875 -0.12384033203125
-0.0104255676269531 0.00664615631103516 -0.0650634765625 -0.553924560546875
0.00365829467773437 0.0192356109619141 0.498077392578125 -0.55096435546875
-0.00561332702636719 0.0298442840576172 0.8446044921875 0.234619140625
0.00290298461914063 0.0600204467773438 0.41851806640625 0.88568115234375
0.013580322265625 0.126907348632813 -0.0218505859375 0.49493408203125
0.00725555419921876 0.130638122558594 0.0810699462890625 -0.235977172851563
0.0558547973632812 0.074066162109375 -0.42193603515625 -0.671875
0.0345172882080078 -0.0125541687011719 -0.9429931640625 -0.11749267578125
0.00612020492553711 -0.00829696655273438 -0.47540283203125 0.632080078125
-0.00170803070068359 0.009002685546875 0.223663330078125 0.5526123046875
-0.0116195678710938 0.00478649139404297 0.411102294921875 0.1578369140625
-0.0126218795776367 0.0174655914306641 0.296478271484375 -0.187896728515625
-0.0164070129394531 -0.00169181823730469 0.0982666015625 -0.31695556640625
-0.00267410278320312 0.007659912109375 -0.136260986328125 0.238235473632812
0.0173406600952148 0.0109472274780273 -0.250030517578125 -0.1468505859375
-0.00333595275878906 0.0131692886352539 -0.018157958984375 -0.561981201171875
-0.0136423110961914 0.0161724090576172 0.563720703125 -0.4954833984375
-0.038421630859375 -0.00245666503906251 0.82720947265625 0.3365478515625
-0.0194339752197266 -0.0116901397705078 0.323974609375 0.93438720703125
0.032745361328125 0.0259952545166016 -0.069580078125 0.4676513671875
0.0346221923828125 0.0260276794433594 0.0740966796875 -0.270278930664063
0.0152072906494141 0.00540637969970703 -0.470947265625 -0.6495361328125
-0.0202999114990234 -0.0231189727783203 -0.9388427734375 -0.0341796874999998
-0.0178165435791016 0.00057029724121094 -0.403076171875 0.66131591796875
0.00247478485107422 0.0120391845703125 0.275421142578125 0.51641845703125
0.00179338455200195 0.00464487075805664 0.426971435546875 0.1138916015625
0.00516891479492188 0.0136270523071289 0.291595458984375 -0.2103271484375
0.00754833221435547 -0.0047602653503418 0.092132568359375 -0.3189697265625
0.0216484069824219 0.00525474548339844 -0.137100219726563 0.240859985351563
0.0340843200683594 0.00776863098144531 -0.254928588867188 -0.141921997070313
0.00710868835449219 0.0163793563842773 -0.0210266113281251 -0.552764892578125
-0.0253753662109375 0.0124015808105469 0.5638427734375 -0.4910888671875
-0.0687904357910156 -0.0353050231933594 0.8299560546875 0.33453369140625
-0.0391616821289063 -0.0927734375 0.323974609375 0.93414306640625
0.0577774047851563 -0.0833892822265625 -0.07818603515625 0.476104736328125
0.0619964599609375 -0.0862503051757813 0.0654296875 -0.257080078125
-0.0275115966796875 -0.0622215270996094 -0.46905517578125 -0.64361572265625
-0.0743560791015625 -0.0318222045898437 -0.9312744140625 -0.03753662109375
-0.0402565002441406 0.00820541381835938 -0.401611328125 0.6590576171875
0.00584793090820313 0.0121393203735352 0.2762451171875 0.522430419921875
0.0146274566650391 0.00348854064941406 0.432159423828125 0.115478515625
0.0221424102783203 0.00806427001953125 0.2940673828125 -0.2125244140625
0.0300788879394531 -0.00816535949707031 0.0936279296875 -0.321197509765625
0.0416374206542969 0.00090789794921875 -0.134750366210938 0.250595092773438
0.047088623046875 0.000640869140625 -0.26904296875 -0.109115600585937
0.0164670944213867 0.0145978927612305 -0.0730285644531249 -0.530426025390625
-0.0286655426025391 0.0120639801025391 0.500701904296875 -0.53668212890625
-0.0937652587890625 -0.051300048828125 0.85009765625 0.2247314453125
-0.0725555419921875 -0.154571533203125 0.4190673828125 0.88525390625
0.06182861328125 -0.180282592773437 -0.046722412109375 0.514190673828125
0.0843505859375 -0.186599731445313 0.056365966796875 -0.198837280273437
-0.0602493286132812 -0.130714416503906 -0.41082763671875 -0.6456298828125
-0.118309020996094 -0.0493927001953125 -0.92431640625 -0.11834716796875
-0.0643463134765625 0.00939178466796876 -0.471435546875 0.63067626953125
0.00427436828613281 0.0123434066772461 0.22784423828125 0.56732177734375
0.0245609283447266 0.00078582763671875 0.424072265625 0.166015625
0.03411865234375 0.00168228149414062 0.3052978515625 -0.194366455078125
0.0495529174804687 -0.0108833312988281 0.105133056640625 -0.324188232421875
0.0547409057617187 -0.00382614135742187 -0.126693725585938 0.265701293945313
0.0553054809570313 -0.0107002258300781 -0.287139892578125 -0.056304931640625
0.0287227630615234 0.00749969482421875 -0.15972900390625 -0.485626220703125
-0.0201148986816406 0.0148582458496094 0.37054443359375 -0.604248046875
-0.109115600585938 -0.0431442260742188 0.84954833984375 0.03790283203125
-0.120513916015625 -0.173538208007813 0.5740966796875 0.7730712890625
0.03369140625 -0.242904663085937 0.03143310546875 0.5673828125
0.098419189453125 -0.260482788085938 0.0491104125976563 -0.107208251953125
-0.0679168701171875 -0.192398071289063 -0.31060791015625 -0.65106201171875
-0.145736694335938 -0.08349609375 -0.897705078125 -0.2711181640625
-0.0889739990234375 -0.00106048583984376 -0.596435546875 0.55389404296875
-0.00322532653808594 0.012690544128418 0.12176513671875 0.63299560546875
0.0298080444335938 -0.000593185424804688 0.39385986328125 0.256134033203125
0.0415840148925781 -0.00241851806640625 0.319549560546875 -0.153411865234375
0.0616073608398438 -0.0117416381835938 0.1212158203125 -0.3253173828125
-0.0705642700195312 0.00324249267578124 -0.09552001953125 0.2879638671875
-0.0384521484375 -0.00249099731445313 -0.28179931640625 0.068328857421875
-0.0379676818847656 -0.0108489990234375 -0.32568359375 -0.34521484375
0.0266952514648438 -0.00412368774414063 0.00946044921874996 -0.665283203125
0.0652084350585938 0.0207977294921875 0.67926025390625 -0.368408203125
0.0901336669921875 0.0790176391601563 0.843994140625 0.38726806640625
0.077423095703125 0.20770263671875 0.30206298828125 0.59112548828125
-0.0374908447265625 0.265151977539063 0.0794601440429688 0.064971923828125
0.0489044189453125 0.221649169921875 -0.04345703125 -0.647216796875
0.115470886230469 0.0855255126953125 -0.71417236328125 -0.66888427734375
0.083587646484375 0.00638580322265625 -0.86846923828125 0.21734619140625
0.00915336608886719 -0.0113773345947266 -0.2235107421875 0.66864013671875
-0.0286273956298828 -0.00883102416992188 0.218994140625 0.436309814453125
-0.0424842834472656 0.00783157348632812 0.302764892578125 -0.024658203125
-0.0482521057128906 0.00162506103515624 0.14044189453125 -0.30157470703125
-0.0644645690917969 0.00559616088867188 -0.1077880859375 0.275833129882813
-0.0283603668212891 0.00156211853027344 -0.27899169921875 -0.00407409667968752
-0.0285778045654297 -0.00680351257324218 -0.246673583984375 -0.442474365234375
0.0264892578125 0.00532341003417969 0.1900634765625 -0.66925048828125
0.0559539794921875 0.0384559631347656 0.78662109375 -0.17303466796875
0.0728988647460938 0.104393005371094 0.7335205078125 0.5928955078125
0.0485992431640625 0.223480224609375 0.1746826171875 0.5733642578125
-0.0312957763671875 0.2587890625 0.0814895629882813 -0.0535354614257812
0.0762176513671875 0.193161010742188 -0.188720703125 -0.68389892578125
0.112335205078125 0.0465164184570313 -0.85296630859375 -0.462890625
0.0626983642578125 -0.00846481323242188 -0.741943359375 0.4210205078125
5.72204589843751E-05 -0.00548458099365234 -0.03619384765625 0.65606689453125
-0.0297260284423828 -0.00269126892089844 0.309722900390625 0.337371826171875
-0.03924560546875 0.0142555236816406 0.307708740234375 -0.090484619140625
-0.0456504821777344 0.00292587280273437 0.123779296875 -0.3089599609375
-0.0482940673828125 0.00621795654296875 -0.119674682617187 0.25933837890625
-0.015009880065918 0.00592231750488281 -0.269546508789063 -0.0724334716796875
-0.0196857452392578 0.000694274902343748 -0.151641845703125 -0.512451171875
0.0186271667480469 0.0142650604248047 0.3621826171875 -0.62109375
0.0293655395507813 0.0446701049804687 0.83868408203125 0.04290771484375
0.0372238159179688 0.101753234863281 0.5765380859375 0.76617431640625
0.0222625732421875 0.195281982421875 0.061767578125 0.533050537109375
-0.013580322265625 0.210830688476563 0.0820159912109375 -0.1595458984375
0.07891845703125 0.138107299804688 -0.32464599609375 -0.68426513671875
0.0820388793945313 0.0103073120117188 -0.9185791015625 -0.26141357421875
0.0339069366455078 -0.012786865234375 -0.59368896484375 0.55908203125
-0.00352358818054199 0.00264835357666016 0.11883544921875 0.60546875
-0.0236225128173828 0.00271224975585938 0.373260498046875 0.23486328125
-0.0286769866943359 0.0181503295898438 0.301788330078125 -0.147674560546875
-0.0350341796875 0.00162696838378905 0.106353759765625 -0.31268310546875
-0.02606201171875 0.00741004943847656 -0.127883911132813 0.245223999023438
0.00258064270019531 0.0100908279418945 -0.2562255859375 -0.121078491210938
-0.011347770690918 0.00722885131835938 -0.06842041015625 -0.5487060546875
0.00311279296875 0.0190658569335938 0.489471435546875 -0.550506591796875
-0.00482177734375 0.029449462890625 0.83978271484375 0.2255859375
0.00326156616210938 0.0614891052246094 0.42230224609375 0.8748779296875
0.014556884765625 0.124801635742188 -0.020477294921875 0.49029541015625
0.0086669921875 0.129310607910156 0.0772705078125 -0.235000610351563
0.0569229125976563 0.07281494140625 -0.42431640625 -0.6622314453125
0.03399658203125 -0.0118885040283203 -0.93695068359375 -0.1080322265625
0.00595760345458984 -0.0091085433959961 -0.4661865234375 0.63104248046875
-0.00132846832275391 0.00858926773071289 0.2249755859375 0.546722412109375
-0.0118875503540039 0.00493431091308594 0.408782958984375 0.152099609375
-0.0121736526489258 0.0175094604492188 0.29302978515625 -0.189727783203125
-0.0162372589111328 -0.000632286071777344 0.0933837890625 -0.315521240234375
-0.000922203063964845 0.00665712356567383 -0.133514404296875 0.238113403320313
0.0183944702148438 0.0111656188964844 -0.24969482421875 -0.1429443359375
-0.00272941589355469 0.0133199691772461 -0.0206298828125 -0.556793212890625
-0.0134687423706055 0.0159759521484375 0.555389404296875 -0.496002197265625
-0.0384063720703125 -0.00164413452148438 0.8243408203125 0.32952880859375
-0.0197105407714844 -0.0112724304199219 0.32928466796875 0.9244384765625
0.0331535339355469 0.0259990692138672 -0.065460205078125 0.465301513671875
0.0349102020263672 0.0244064331054688 0.0710601806640625 -0.267227172851563
0.0158538818359375 0.00590038299560547 -0.473388671875 -0.64044189453125
-0.0210933685302734 -0.0222072601318359 -0.9310302734375 -0.0252075195312501
-0.0177993774414063 0.000715255737304684 -0.39337158203125 0.65985107421875
0.0025787353515625 0.0117559432983398 0.27703857421875 0.511932373046875
0.0020599365234375 0.00473356246948242 0.4246826171875 0.109588623046875
0.00551891326904297 0.0130233764648438 0.286865234375 -0.21160888671875
0.00708389282226563 -0.00521421432495117 0.0887451171875 -0.316375732421875
0.0232067108154297 0.00458335876464844 -0.134262084960938 0.239105224609375
0.0341949462890625 0.00683784484863281 -0.25384521484375 -0.137054443359375
0.00568580627441406 0.016484260559082 -0.0252685546874999 -0.548004150390625
-0.0260772705078125 0.0119380950927734 0.55401611328125 -0.491119384765625
-0.0690727233886719 -0.033905029296875 0.82562255859375 0.32623291015625
-0.0392837524414063 -0.0909423828125 0.327880859375 0.92486572265625
0.0572280883789063 -0.0831756591796875 -0.0760498046875 0.472198486328125
0.0614089965820313 -0.086029052734375 0.06121826171875 -0.254974365234375
-0.0275802612304688 -0.0615882873535156 -0.47198486328125 -0.63214111328125
-0.0736923217773438 -0.03057861328125 -0.92486572265625 -0.0289306640625001
-0.0405769348144531 0.00903701782226562 -0.3929443359375 0.65753173828125
0.00518989562988281 0.0120973587036133 0.27923583984375 0.516845703125
0.0147380828857422 0.00236415863037109 0.42877197265625 0.112457275390625
0.0220184326171875 0.00766563415527344 0.290069580078125 -0.214263916015625
0.0305805206298828 -0.00840187072753906 0.090667724609375 -0.319000244140625
0.0426216125488281 -0.0003814697265625 -0.131759643554687 0.249908447265625
0.0476188659667969 -0.000682830810546875 -0.268875122070313 -0.1063232421875
0.016871452331543 0.0150241851806641 -0.07696533203125 -0.525360107421875
-0.0289192199707031 0.0119571685791016 0.48956298828125 -0.536895751953125
-0.094757080078125 -0.0501327514648437 0.84393310546875 0.216796875
-0.0731353759765625 -0.15155029296875 0.4219970703125 0.875732421875
0.0605010986328125 -0.1788330078125 -0.04327392578125 0.511383056640625
0.08331298828125 -0.185699462890625 0.0533599853515625 -0.197250366210938
-0.059600830078125 -0.128753662109375 -0.41314697265625 -0.637451171875
-0.11773681640625 -0.0476760864257812 -0.9183349609375 -0.10809326171875
-0.0655555725097656 0.00997543334960937 -0.464111328125 0.6302490234375
0.00394630432128906 0.0124568939208984 0.2303466796875 0.5623779296875
0.0244426727294922 0.000226974487304687 0.422119140625 0.162261962890625
0.0349998474121094 0.00186920166015625 0.3009033203125 -0.195159912109375
0.0497360229492188 -0.011749267578125 0.10205078125 -0.321685791015625
0.0560379028320312 -0.0052490234375 -0.124237060546875 0.263626098632813
0.0552406311035156 -0.0111465454101563 -0.28619384765625 -0.0540771484374999
0.0279502868652344 0.0080108642578125 -0.161773681640625 -0.4801025390625
-0.0210685729980469 0.0143260955810547 0.363037109375 -0.6024169921875
-0.109024047851563 -0.0415115356445313 0.84320068359375 0.03155517578125
-0.119415283203125 -0.170913696289063 0.5767822265625 0.7625732421875
0.0321807861328125 -0.241561889648438 0.03546142578125 0.56390380859375
0.09661865234375 -0.259323120117188 0.047271728515625 -0.1065673828125
-0.06890869140625 -0.190689086914062 -0.31195068359375 -0.64105224609375
-0.14483642578125 -0.08099365234375 -0.8902587890625 -0.261962890625
-0.0893096923828125 -0.000228881835937484 -0.58758544921875 0.55364990234375
-0.00364208221435547 0.0117740631103516 0.12567138671875 0.6273193359375
0.0294265747070313 -0.00114059448242188 0.393707275390625 0.250701904296875
0.0412940979003906 -0.00244522094726562 0.3154296875 -0.15460205078125
0.0611534118652344 -0.0117607116699219 0.117919921875 -0.324554443359375
-0.0686492919921875 0.00460052490234376 -0.092376708984375 0.28521728515625
-0.0380516052246094 -0.00174331665039063 -0.279876708984375 0.0692901611328125
-0.0381660461425781 -0.0104179382324219 -0.32611083984375 -0.340667724609375
0.0267391204833984 -0.00490951538085938 0.00390624999999995 -0.659912109375
0.0651779174804688 0.0204544067382813 0.67352294921875 -0.36810302734375
0.090423583984375 0.0784378051757813 0.8392333984375 0.37591552734375
0.078277587890625 0.206649780273438 0.30194091796875 0.5833740234375
-0.03570556640625 0.26263427734375 0.0788192749023438 0.0637283325195313
0.0501708984375 0.219070434570313 -0.046875 -0.6419677734375
0.114837646484375 0.0835494995117188 -0.71185302734375 -0.6575927734375
0.0827255249023438 0.00519561767578125 -0.86065673828125 0.22198486328125
0.00903797149658203 -0.0117053985595703 -0.21820068359375 0.664794921875
-0.0287380218505859 -0.007781982421875 0.21954345703125 0.43267822265625
-0.042236328125 0.00805664062500001 0.30072021484375 -0.026275634765625
-0.0477142333984375 0.00278091430664063 0.137176513671875 -0.300262451171875
-0.0626068115234375 0.00644302368164061 -0.105361938476563 0.273223876953125
-0.0282649993896484 0.00215721130371094 -0.278335571289063 -0.00247192382812505
-0.0287723541259766 -0.00537109375 -0.24639892578125 -0.437713623046875
0.0265865325927734 0.00510787963867187 0.1834716796875 -0.6629638671875
0.05535888671875 0.0386581420898438 0.7796630859375 -0.17681884765625
0.07244873046875 0.10400390625 0.73089599609375 0.5843505859375
0.050018310546875 0.220352172851563 0.1751708984375 0.5660400390625
-0.0290069580078125 0.257232666015625 0.0808639526367188 -0.0542449951171875
0.0767822265625 0.191177368164063 -0.19097900390625 -0.677001953125
0.111190795898438 0.0449905395507813 -0.8486328125 -0.45465087890625
0.0620956420898438 -0.00878524780273438 -0.73431396484375 0.42242431640625
0.000545024871826172 -0.00566291809082031 -0.03094482421875 0.6544189453125
-0.0295467376708984 -0.00218391418457031 0.30950927734375 0.332305908203125
-0.0389671325683594 0.0145378112792969 0.304443359375 -0.091949462890625
-0.0451622009277344 0.003631591796875 0.120147705078125 -0.3070068359375
-0.0464324951171875 0.00687408447265626 -0.1163330078125 0.256668090820312
-0.0143098831176758 0.00650501251220703 -0.268798828125 -0.0704345703125
-0.0199203491210938 0.000873565673828123 -0.15411376953125 -0.50823974609375
0.0185108184814453 0.0135211944580078 0.355224609375 -0.6171875
0.0298194885253906 0.0446929931640625 0.833740234375 0.0367431640625
0.0372848510742187 0.101730346679688 0.57818603515625 0.75628662109375
0.0225982666015625 0.193557739257813 0.064361572265625 0.527801513671875
-0.0121917724609375 0.209884643554687 0.0796356201171875 -0.158370971679687
0.0799179077148438 0.137123107910156 -0.32672119140625 -0.67431640625
0.08123779296875 0.00984954833984375 -0.9149169921875 -0.25201416015625
0.0332202911376953 -0.0134735107421875 -0.58648681640625 0.5596923828125
-0.00334620475769043 0.00234842300415039 0.12322998046875 0.6011962890625
-0.0232048034667969 0.00348663330078125 0.371917724609375 0.231201171875
-0.0282516479492187 0.0184326171875 0.298797607421875 -0.14892578125
-0.0340499877929687 0.00243949890136719 0.103607177734375 -0.311614990234375
-0.0238742828369141 0.00779533386230469 -0.124404907226563 0.242996215820313
0.00268173217773438 0.0100908279418945 -0.25634765625 -0.118133544921875
-0.0120277404785156 0.00799369812011719 -0.07208251953125 -0.54339599609375
0.0027303695678711 0.0170354843139648 0.48236083984375 -0.5489501953125
-0.00484466552734375 0.0290794372558594 0.83392333984375 0.21893310546875
0.00365447998046875 0.0611381530761719 0.42547607421875 0.864013671875
0.01544189453125 0.12359619140625 -0.018310546875 0.485076904296875
0.00945281982421875 0.128211975097656 0.07550048828125 -0.232879638671875
0.0572586059570312 0.0720672607421875 -0.42486572265625 -0.65411376953125
0.032806396484375 -0.0123805999755859 -0.92999267578125 -0.10113525390625
0.00433254241943359 -0.00843954086303711 -0.4573974609375 0.63079833984375
-0.0012507438659668 0.00858449935913086 0.22686767578125 0.541015625
-0.0115327835083008 0.0059356689453125 0.406158447265625 0.147125244140625
-0.0118484497070312 0.0180091857910156 0.289154052734375 -0.189117431640625
-0.0148200988769531 -0.000739097595214845 0.09161376953125 -0.3138427734375
0.000983238220214843 0.00594091415405274 -0.13043212890625 0.23577880859375
0.018524169921875 0.0115947723388672 -0.250961303710938 -0.140335083007813
-0.00324916839599609 0.0136947631835937 -0.02557373046875 -0.55169677734375
-0.0139102935791016 0.0157184600830078 0.547607421875 -0.49365234375
-0.0389137268066406 -0.00110244750976563 0.8204345703125 0.32147216796875
-0.0187835693359375 -0.0103321075439453 0.331298828125 0.91461181640625
0.0331878662109375 0.0254917144775391 -0.062835693359375 0.46185302734375
0.0360603332519531 0.0242347717285156 0.0674591064453125 -0.265426635742188
0.0161409378051758 0.00562858581542969 -0.47308349609375 -0.63104248046875
-0.0214996337890625 -0.0216999053955078 -0.923583984375 -0.0183715820312501
-0.0187206268310547 0.000474929809570311 -0.38677978515625 0.65863037109375
0.00325870513916016 0.0115365982055664 0.2783203125 0.504730224609375
0.00274658203125 0.0047459602355957 0.4215087890625 0.10504150390625
0.00619316101074219 0.0131044387817383 0.28265380859375 -0.212432861328125
0.00758790969848633 -0.00496530532836914 0.08642578125 -0.314788818359375
0.0242710113525391 0.00321769714355469 -0.131912231445313 0.23822021484375
0.0343685150146484 0.00796127319335938 -0.254562377929688 -0.133575439453125
0.00598812103271485 0.0166511535644531 -0.02783203125 -0.54205322265625
-0.025787353515625 0.0121231079101562 0.548370361328125 -0.490692138671875
-0.0691108703613281 -0.0335655212402344 0.82122802734375 0.31878662109375
-0.0391311645507813 -0.0893783569335938 0.33184814453125 0.9169921875
0.0569000244140625 -0.0826873779296875 -0.0731201171875 0.46954345703125
0.0606002807617187 -0.0852813720703125 0.05889892578125 -0.252471923828125
-0.0276565551757813 -0.0606575012207031 -0.47015380859375 -0.62451171875
-0.0738677978515625 -0.029083251953125 -0.9183349609375 -0.02166748046875
-0.0406723022460938 0.00788116455078126 -0.38555908203125 0.6573486328125
0.00549793243408203 0.0113906860351562 0.279327392578125 0.511566162109375
0.0152082443237305 0.00252056121826172 0.426025390625 0.108245849609375
0.0223464965820313 0.00788688659667969 0.285369873046875 -0.21417236328125
0.0299148559570313 -0.00896072387695313 0.087738037109375 -0.31640625
0.0428047180175781 -0.00194931030273438 -0.128448486328125 0.248367309570312
0.0471916198730469 -0.000698089599609375 -0.26837158203125 -0.102951049804687
0.0170965194702148 0.0144796371459961 -0.079681396484375 -0.519866943359375
-0.02960205078125 0.0121994018554687 0.48248291015625 -0.53582763671875
-0.094085693359375 -0.04876708984375 0.83905029296875 0.20806884765625
-0.073211669921875 -0.14892578125 0.42559814453125 0.8634033203125
0.0592498779296875 -0.178298950195313 -0.040985107421875 0.504730224609375
0.08172607421875 -0.184310913085938 0.0509796142578125 -0.19610595703125
-0.0596771240234375 -0.127235412597656 -0.41497802734375 -0.63006591796875
-0.117507934570313 -0.0467453002929687 -0.91058349609375 -0.10174560546875
-0.0646247863769531 0.010711669921875 -0.4549560546875 0.62725830078125
0.00352668762207031 0.0121603012084961 0.23284912109375 0.55615234375
0.0246410369873047 0.00038909912109375 0.419830322265625 0.158416748046875
0.0346641540527344 0.00196266174316406 0.297576904296875 -0.197235107421875
0.0487937927246094 -0.0116767883300781 0.0986328125 -0.320098876953125
0.0565147399902344 -0.00705718994140625 -0.121368408203125 0.262863159179688
0.055389404296875 -0.0116310119628906 -0.284393310546875 -0.050506591796875
0.0279273986816406 0.0084991455078125 -0.163787841796875 -0.47528076171875
-0.0210247039794922 0.014495849609375 0.356201171875 -0.59967041015625
-0.108787536621094 -0.0402603149414063 0.834716796875 0.0255126953125
-0.119049072265625 -0.16851806640625 0.5777587890625 0.75225830078125
0.030609130859375 -0.240753173828125 0.037750244140625 0.5582275390625
0.0952301025390625 -0.257476806640625 0.044464111328125 -0.1048583984375
-0.0689544677734375 -0.18902587890625 -0.311767578125 -0.63519287109375
-0.144912719726563 -0.0783843994140625 -0.88568115234375 -0.253662109375
-0.0888290405273437 0.00111389160156249 -0.58038330078125 0.5535888671875
-0.00320529937744141 0.0119724273681641 0.13018798828125 0.6236572265625
0.0293025970458984 -0.0010528564453125 0.3917236328125 0.24627685546875
0.0413780212402344 -0.00220108032226563 0.31109619140625 -0.156951904296875
0.0608634948730469 -0.0129165649414063 0.113983154296875 -0.32220458984375
-0.0668563842773438 0.0044097900390625 -0.089080810546875 0.282318115234375
-0.03717041015625 -0.00126647949218749 -0.27703857421875 0.0689849853515625
-0.037994384765625 -0.00880813598632813 -0.32598876953125 -0.336151123046875
0.0260353088378906 -0.00555419921875 0.001953125 -0.65179443359375
0.0640830993652344 0.0202255249023438 0.66644287109375 -0.3680419921875
0.0893096923828125 0.0783004760742187 0.8336181640625 0.37030029296875
0.0790557861328125 0.204605102539063 0.30035400390625 0.57568359375
-0.035675048828125 0.261917114257813 0.0778961181640625 0.0630645751953125
0.0505218505859375 0.217544555664062 -0.04833984375 -0.6348876953125
0.1134033203125 0.0826950073242188 -0.709228515625 -0.64862060546875
0.081695556640625 0.0050506591796875 -0.853759765625 0.22515869140625
0.00861549377441406 -0.0116424560546875 -0.21234130859375 0.6630859375
-0.0291805267333984 -0.00669097900390626 0.219940185546875 0.428924560546875
-0.0409889221191406 0.00904846191406249 0.298492431640625 -0.027587890625
-0.0469703674316406 0.00331497192382813 0.134521484375 -0.29925537109375
-0.0605812072753906 0.00682449340820312 -0.10284423828125 0.270492553710937
-0.0274581909179688 0.00256538391113281 -0.276443481445313 -0.00160217285156247
-0.0291786193847656 -0.00467300415039063 -0.247467041015625 -0.4327392578125
0.0260353088378906 0.00444412231445313 0.17889404296875 -0.65838623046875
0.0552253723144531 0.0376853942871094 0.77276611328125 -0.17706298828125
0.0725173950195313 0.103256225585938 0.72845458984375 0.57476806640625
0.051910400390625 0.218795776367188 0.1741943359375 0.559356689453125
-0.0281524658203125 0.254959106445313 0.079559326171875 -0.05340576171875
0.077362060546875 0.189102172851563 -0.192626953125 -0.67041015625
0.109970092773438 0.0444564819335937 -0.84393310546875 -0.4468994140625
0.0607490539550781 -0.00883865356445312 -0.7283935546875 0.42578125
0.000190258026123047 -0.00543737411499023 -0.02789306640625 0.6492919921875
-0.0290126800537109 -0.00097846984863281 0.309661865234375 0.32952880859375
-0.0384559631347656 0.0152587890625 0.300872802734375 -0.092559814453125
-0.0443801879882813 0.00367355346679688 0.11737060546875 -0.305084228515625
-0.0444107055664062 0.00748443603515626 -0.114547729492188 0.254180908203125
-0.0134515762329102 0.00676918029785156 -0.26751708984375 -0.068634033203125
-0.0204982757568359 0.00041389465332031 -0.156768798828125 -0.5030517578125
0.0175466537475586 0.0131521224975586 0.3486328125 -0.614013671875
0.02972412109375 0.0440864562988281 0.825439453125 0.033935546875
0.0376205444335937 0.100555419921875 0.57489013671875 0.7479248046875
0.0241546630859375 0.191085815429687 0.06341552734375 0.52191162109375
-0.0112152099609375 0.207992553710938 0.0774993896484375 -0.157669067382813
0.0811691284179688 0.13519287109375 -0.32763671875 -0.66729736328125
0.0802764892578125 0.0088653564453125 -0.9100341796875 -0.2457275390625
0.0321140289306641 -0.0141105651855469 -0.57891845703125 0.5584716796875
-0.00397014617919922 0.00213980674743652 0.12591552734375 0.59765625
-0.0225849151611328 0.00372123718261719 0.368865966796875 0.22845458984375
-0.0274715423583984 0.0187702178955078 0.294677734375 -0.14923095703125
-0.0331935882568359 0.00289535522460937 0.1004638671875 -0.308868408203125
-0.0221080780029297 0.00716018676757813 -0.122879028320313 0.241806030273438
0.00264263153076172 0.0109653472900391 -0.256332397460938 -0.116378784179687
-0.0111894607543945 0.00851726531982422 -0.074737548828125 -0.53961181640625
0.00276756286621094 0.0166492462158203 0.47564697265625 -0.54425048828125
-0.00492477416992188 0.02947998046875 0.82843017578125 0.21337890625
0.00402450561523438 0.0609512329101563 0.42474365234375 0.856201171875
0.0170211791992188 0.122573852539063 -0.01690673828125 0.4814453125
0.00949096679687499 0.126625061035156 0.072479248046875 -0.230026245117187
0.0570449829101563 0.0719680786132813 -0.4244384765625 -0.6463623046875
0.0315761566162109 -0.0117530822753906 -0.92437744140625 -0.09527587890625
0.00423049926757813 -0.0086979866027832 -0.45098876953125 0.62567138671875
-0.00138664245605469 0.00790691375732422 0.22784423828125 0.537322998046875
-0.0106449127197266 0.00608921051025391 0.403656005859375 0.145751953125
-0.0115928649902344 0.0182113647460937 0.285980224609375 -0.189971923828125
-0.0143318176269531 -7.34329223632825E-05 0.0888671875 -0.311126708984375
0.0019993782043457 0.00580310821533203 -0.12860107421875 0.233978271484375
0.0196857452392578 0.0113506317138672 -0.250595092773438 -0.137176513671875
-0.00362491607666016 0.0143461227416992 -0.027984619140625 -0.547607421875
-0.0143566131591797 0.0145778656005859 0.542266845703125 -0.493133544921875
-0.0384368896484375 -0.0013427734375 0.81329345703125 0.31549072265625
-0.0180568695068359 -0.00971412658691406 0.3321533203125 0.90576171875
0.0332679748535156 0.0242805480957031 -0.062164306640625 0.4569091796875
0.035888671875 0.0236930847167969 0.0651702880859375 -0.263565063476563
0.0162992477416992 0.00488471984863281 -0.47247314453125 -0.62322998046875
-0.0218601226806641 -0.0211601257324219 -0.9169921875 -0.0125732421875
-0.0193309783935547 0.000391006469726563 -0.38037109375 0.65374755859375
0.00244426727294922 0.0107650756835938 0.27825927734375 0.5003662109375
0.00235414505004883 0.00531101226806641 0.41778564453125 0.1038818359375
0.00581169128417969 0.0138826370239258 0.280380249023438 -0.211578369140625
0.0076751708984375 -0.00551080703735352 0.08331298828125 -0.31268310546875
0.0252342224121094 0.00319671630859375 -0.129745483398438 0.236495971679688
0.0345134735107422 0.00760269165039063 -0.253875732421875 -0.131195068359375
0.00550270080566406 0.0167055130004883 -0.0309448242187499 -0.538726806640625
-0.0268764495849609 0.0112876892089844 0.541717529296875 -0.488494873046875
-0.0686874389648438 -0.0330429077148437 0.8155517578125 0.31414794921875
-0.0383377075195312 -0.0877227783203125 0.3338623046875 0.905517578125
0.0565032958984375 -0.0816116333007813 -0.07110595703125 0.466094970703125
0.0596847534179688 -0.0845489501953125 0.0564117431640625 -0.249038696289062
-0.0265846252441406 -0.060546875 -0.46795654296875 -0.616455078125
-0.0740432739257813 -0.0279998779296875 -0.91015625 -0.0163574218749999
-0.0414314270019531 0.00921630859375 -0.3802490234375 0.65185546875
0.00488376617431641 0.0114650726318359 0.27923583984375 0.5068359375
0.0154237747192383 0.00257968902587891 0.423583984375 0.10479736328125
0.0221767425537109 0.007415771484375 0.28228759765625 -0.214996337890625
0.0304183959960938 -0.00905799865722656 0.08599853515625 -0.314910888671875
0.0439414978027344 -0.00341415405273437 -0.12701416015625 0.24725341796875
0.0473175048828125 -0.000980377197265625 -0.267562866210938 -0.099822998046875
0.0162630081176758 0.014460563659668 -0.081634521484375 -0.514923095703125
-0.0294971466064453 0.0112476348876953 0.4786376953125 -0.5318603515625
-0.0941696166992188 -0.047943115234375 0.8336181640625 0.20477294921875
-0.0728607177734375 -0.148040771484375 0.427001953125 0.85382080078125
0.0581207275390625 -0.177963256835938 -0.038787841796875 0.501922607421875
0.08001708984375 -0.18414306640625 0.049530029296875 -0.194198608398438
-0.059417724609375 -0.12579345703125 -0.41259765625 -0.6220703125
-0.116455078125 -0.0453414916992187 -0.9061279296875 -0.09765625
-0.0655441284179688 0.0112266540527344 -0.4493408203125 0.62567138671875
0.00360774993896484 0.0126781463623047 0.232818603515625 0.551605224609375
0.0242805480957031 0.000762939453125 0.417205810546875 0.155059814453125
0.0344161987304688 0.00223922729492188 0.29339599609375 -0.19720458984375
0.0486831665039063 -0.0125579833984375 0.09619140625 -0.31787109375
0.0566825866699219 -0.008636474609375 -0.118560791015625 0.26092529296875
0.0553436279296875 -0.0119590759277344 -0.283905029296875 -0.0474243164062501
0.0276947021484375 0.00796127319335938 -0.165130615234375 -0.47161865234375
-0.0217208862304688 0.0142192840576172 0.35296630859375 -0.595703125
-0.108940124511719 -0.039642333984375 0.83087158203125 0.0224609375
-0.119216918945313 -0.166290283203125 0.57635498046875 0.7412109375
0.0310516357421875 -0.238616943359375 0.037750244140625 0.554412841796875
0.0934600830078125 -0.255325317382813 0.0435638427734375 -0.103599548339844
-0.0688018798828125 -0.186798095703125 -0.313720703125 -0.6285400390625
-0.144546508789063 -0.0771026611328125 -0.880126953125 -0.24725341796875
-0.08880615234375 0.00150299072265626 -0.57415771484375 0.5528564453125
-0.00312519073486328 0.0122165679931641 0.13323974609375 0.6180419921875
0.0294837951660156 -0.00135040283203125 0.391448974609375 0.242950439453125
0.0415229797363281 -0.00255584716796875 0.30810546875 -0.15673828125
0.0606231689453125 -0.0132675170898438 0.1121826171875 -0.319366455078125
-0.064697265625 0.00569152832031249 -0.0870819091796875 0.279144287109375
-0.0371551513671875 -0.000244140625000002 -0.276748657226563 0.068695068359375
-0.03753662109375 -0.00814056396484375 -0.324615478515625 -0.332611083984375
0.0252895355224609 -0.00607872009277344 -0.00128173828124994 -0.64666748046875
0.0640144348144531 0.0202789306640625 0.6600341796875 -0.36761474609375
0.0898666381835938 0.077911376953125 0.82958984375 0.3641357421875
0.07879638671875 0.201919555664063 0.29779052734375 0.56951904296875
-0.0341033935546875 0.259078979492188 0.0771713256835938 0.061676025390625
0.05029296875 0.215835571289063 -0.0490112304687499 -0.6297607421875
0.113037109375 0.0817642211914063 -0.7064208984375 -0.64044189453125
0.0810470581054688 0.00444793701171875 -0.84576416015625 0.22772216796875
0.00892448425292969 -0.0119867324829102 -0.2100830078125 0.65997314453125
-0.0285587310791016 -0.00708198547363281 0.218841552734375 0.42657470703125
-0.0412063598632813 0.00925445556640625 0.29595947265625 -0.028594970703125
-0.0458984375 0.00417709350585938 0.1324462890625 -0.296844482421875
-0.0590744018554688 0.00687026977539062 -0.100936889648438 0.266937255859375
-0.0263996124267578 0.00363540649414062 -0.275711059570313 -0.000900268554687481
-0.029449462890625 -0.00518035888671875 -0.246795654296875 -0.428680419921875
0.0255355834960938 0.00448036193847656 0.175537109375 -0.65362548828125
0.0542259216308594 0.0377655029296875 0.7674560546875 -0.17803955078125
0.0728378295898438 0.103103637695313 0.72552490234375 0.56866455078125
0.0518646240234375 0.21649169921875 0.175048828125 0.5531005859375
-0.027008056640625 0.253143310546875 0.078582763671875 -0.05322265625
0.077423095703125 0.187301635742188 -0.19354248046875 -0.6640625
0.109573364257813 0.0442123413085937 -0.83892822265625 -0.43994140625
0.0603294372558594 -0.00904464721679688 -0.7193603515625 0.4228515625
-0.000360488891601562 -0.00590944290161133 -0.02545166015625 0.645263671875
-0.0289173126220703 -0.000619888305664062 0.30712890625 0.3271484375
-0.0374069213867188 0.0155143737792969 0.298370361328125 -0.093292236328125
-0.0435752868652344 0.00451278686523438 0.116119384765625 -0.303802490234375
-0.0423126220703125 0.00807952880859376 -0.112380981445312 0.253097534179688
-0.0133981704711914 0.00772476196289062 -0.266250610351563 -0.0668029785156251
-0.0196208953857422 0.00192642211914063 -0.1568603515625 -0.498382568359375
0.0177822113037109 0.0130119323730469 0.3441162109375 -0.609619140625
0.0290069580078125 0.0440177917480469 0.81982421875 0.0316162109375
0.0384521484375 0.101226806640625 0.57440185546875 0.74029541015625
0.025054931640625 0.189987182617188 0.064239501953125 0.51763916015625
-0.010833740234375 0.206008911132813 0.0758209228515625 -0.156692504882813
0.0808563232421875 0.13360595703125 -0.3255615234375 -0.663330078125
0.0785980224609375 0.0089263916015625 -0.90283203125 -0.23974609375
0.0313701629638672 -0.0140304565429688 -0.572998046875 0.5570068359375
-0.00396037101745605 0.00257468223571777 0.126220703125 0.59283447265625
-0.0229339599609375 0.00436973571777344 0.36846923828125 0.2259521484375
-0.0273113250732422 0.0190277099609375 0.292755126953125 -0.15087890625
-0.0333747863769531 0.00334930419921875 0.099273681640625 -0.307098388671875
-0.0211067199707031 0.00628662109375 -0.1212158203125 0.239578247070312
0.00323677062988281 0.0111494064331055 -0.2559814453125 -0.113800048828125
-0.0116691589355469 0.00854873657226563 -0.075927734375 -0.534271240234375
0.00249481201171875 0.0165672302246094 0.469879150390625 -0.541748046875
-0.00564765930175782 0.0300121307373047 0.8216552734375 0.21246337890625
0.00491714477539063 0.0608749389648438 0.42645263671875 0.848388671875
0.016937255859375 0.121147155761719 -0.016693115234375 0.47662353515625
0.0119705200195313 0.125602722167969 0.0701751708984375 -0.228805541992188
0.0575752258300781 0.0698280334472656 -0.4239501953125 -0.63995361328125
0.0315799713134766 -0.0126476287841797 -0.91741943359375 -0.0917968750000001
0.00334930419921875 -0.00894641876220703 -0.44622802734375 0.62469482421875
-0.00184392929077148 0.0079808235168457 0.228729248046875 0.53302001953125
-0.0105056762695313 0.00579643249511719 0.401336669921875 0.144439697265625
-0.0112247467041016 0.0179729461669922 0.2833251953125 -0.190277099609375
-0.0144624710083008 -0.00102329254150391 0.086822509765625 -0.3096923828125
0.00338602066040039 0.00524663925170898 -0.127120971679687 0.233016967773438
0.0197620391845703 0.0120067596435547 -0.250778198242187 -0.1357421875
-0.00397300720214844 0.0145502090454102 -0.0306396484375 -0.542694091796875
-0.014470100402832 0.0147151947021484 0.536895751953125 -0.49017333984375
-0.0392036437988281 -0.000595092773437496 0.80908203125 0.31011962890625
-0.0179519653320313 -0.00917243957519532 0.33465576171875 0.89642333984375
0.0333080291748047 0.0237197875976563 -0.06085205078125 0.455108642578125
0.0352325439453125 0.0237197875976563 0.0628662109375 -0.260467529296875
0.0166721343994141 0.0049285888671875 -0.47235107421875 -0.61669921875
-0.0217609405517578 -0.0202350616455078 -0.90948486328125 -0.00946044921874993
-0.0196914672851563 0.000999450683593749 -0.3760986328125 0.65130615234375
0.00244235992431641 0.0112295150756836 0.279083251953125 0.497161865234375
0.00336742401123047 0.00547599792480469 0.416412353515625 0.1021728515625
0.00606536865234375 0.0140676498413086 0.277374267578125 -0.212005615234375
0.00871992111206055 -0.00521183013916016 0.08203125 -0.3101806640625
0.0264129638671875 0.000806808471679688 -0.127365112304688 0.235488891601562
0.03497314453125 0.00667381286621094 -0.254287719726563 -0.1282958984375
0.00477886199951172 0.0173254013061523 -0.033294677734375 -0.535003662109375
-0.0270252227783203 0.0110988616943359 0.536224365234375 -0.486572265625
-0.0688858032226562 -0.0320320129394531 0.8116455078125 0.30853271484375
-0.037811279296875 -0.0872039794921875 0.33453369140625 0.8963623046875
0.056640625 -0.0821304321289063 -0.069610595703125 0.461822509765625
0.0595626831054688 -0.0846023559570313 0.0548095703125 -0.247177124023438
-0.0263099670410156 -0.0602798461914063 -0.46856689453125 -0.61041259765625
-0.0732498168945313 -0.0266265869140625 -0.9044189453125 -0.0140380859375002
-0.0420379638671875 0.0092315673828125 -0.37396240234375 0.65020751953125
0.00535678863525391 0.0109233856201172 0.279571533203125 0.502166748046875
0.0151758193969727 0.00183582305908203 0.4208984375 0.102935791015625
0.0230255126953125 0.00852394104003906 0.279342651367188 -0.214309692382813
0.030303955078125 -0.00939369201660156 0.0833740234375 -0.3131103515625
0.0459403991699219 -0.00426483154296875 -0.124908447265625 0.245315551757812
0.0479850769042969 -0.00124359130859375 -0.266510009765625 -0.0966339111328126
0.016139030456543 0.0151901245117188 -0.08233642578125 -0.511749267578125
-0.0308208465576172 0.01123046875 0.47247314453125 -0.53076171875
-0.0943069458007812 -0.0470809936523438 0.8272705078125 0.20037841796875
-0.070831298828125 -0.145782470703125 0.426025390625 0.84771728515625
0.058685302734375 -0.177230834960938 -0.038543701171875 0.4981689453125
0.0787811279296875 -0.183395385742188 0.047760009765625 -0.191375732421875
-0.05902099609375 -0.124778747558594 -0.41107177734375 -0.61572265625
-0.116668701171875 -0.0439834594726563 -0.90032958984375 -0.0947875976562498
-0.0653915405273438 0.0115776062011719 -0.44329833984375 0.62353515625
0.00288486480712891 0.0122613906860352 0.2342529296875 0.549285888671875
0.0243301391601563 1.52587890625E-05 0.415618896484375 0.1524658203125
0.0347118377685547 0.00171852111816406 0.290740966796875 -0.197357177734375
0.0495033264160156 -0.01287841796875 0.09466552734375 -0.3155517578125
0.0563507080078125 -0.009613037109375 -0.116226196289063 0.259628295898437
0.0552520751953125 -0.012420654296875 -0.2822265625 -0.044342041015625
0.0275840759277344 0.007720947265625 -0.164886474609375 -0.465911865234375
-0.0223236083984375 0.013916015625 0.34716796875 -0.59295654296875
-0.108489990234375 -0.0382614135742187 0.8243408203125 0.01983642578125
-0.117965698242188 -0.164093017578125 0.5758056640625 0.735107421875
0.029937744140625 -0.2374267578125 0.037109375 0.5494384765625
0.09173583984375 -0.254837036132813 0.042266845703125 -0.102256774902344
-0.0681915283203125 -0.185043334960938 -0.3125 -0.62261962890625
-0.143463134765625 -0.0753326416015625 -0.87384033203125 -0.2425537109375
-0.0884170532226563 0.00247955322265624 -0.5667724609375 0.55206298828125
-0.00385856628417969 0.0119390487670898 0.13348388671875 0.613525390625
0.0292110443115234 -0.00181961059570312 0.389312744140625 0.240570068359375
0.0413627624511719 -0.00202178955078125 0.305084228515625 -0.15740966796875
0.0609970092773438 -0.0135269165039063 0.10943603515625 -0.3187255859375
-0.0636024475097656 0.005096435546875 -0.08648681640625 0.276657104492188
-0.0353469848632813 0.000698089599609376 -0.27496337890625 0.0688476562500001
-0.0383415222167969 -0.00777053833007812 -0.323822021484375 -0.33013916015625
0.0251102447509766 -0.0052947998046875 -0.00274658203124996 -0.642822265625
0.0638198852539063 0.0203628540039063 0.6561279296875 -0.365234375
0.089996337890625 0.0777435302734375 0.8240966796875 0.36175537109375
0.0791015625 0.200637817382813 0.29718017578125 0.5643310546875
-0.0329437255859375 0.258193969726563 0.0772933959960938 0.0608444213867188
0.0509185791015625 0.213760375976562 -0.050048828125 -0.625732421875
0.111343383789063 0.0809326171875 -0.7030029296875 -0.636962890625
0.0800094604492188 0.003936767578125 -0.84161376953125 0.22735595703125
0.00809478759765625 -0.0117073059082031 -0.20672607421875 0.65606689453125
-0.0285854339599609 -0.00652313232421875 0.217559814453125 0.424835205078125
-0.0403060913085938 0.00986099243164062 0.2935791015625 -0.029205322265625
-0.04608154296875 0.00442123413085938 0.13055419921875 -0.29638671875
-0.0572891235351563 0.00656509399414063 -0.0997161865234375 0.265167236328125
-0.0262832641601563 0.00423431396484375 -0.27423095703125 -0.00189208984374998
-0.0288772583007813 -0.00390625000000001 -0.24639892578125 -0.424407958984375
0.0251293182373047 0.00391197204589844 0.17413330078125 -0.64910888671875
0.0543594360351562 0.0376701354980469 0.76214599609375 -0.17724609375
0.0732192993164062 0.102104187011719 0.72149658203125 0.564697265625
0.0519256591796875 0.21533203125 0.172454833984375 0.548858642578125
-0.02618408203125 0.2518310546875 0.076812744140625 -0.0537109375
0.077667236328125 0.185821533203125 -0.19189453125 -0.6593017578125
0.108551025390625 0.0439071655273438 -0.8348388671875 -0.43499755859375
0.0600433349609375 -0.00986099243164063 -0.71527099609375 0.4219970703125
-0.000829696655273438 -0.00539445877075195 -0.02496337890625 0.64398193359375
-0.0288543701171875 -0.000724792480468748 0.306610107421875 0.32623291015625
-0.0367202758789063 0.0166091918945312 0.29608154296875 -0.094085693359375
-0.0431594848632813 0.00431060791015625 0.11407470703125 -0.3018798828125
-0.0413780212402344 0.0070037841796875 -0.11090087890625 0.250259399414063
-0.0122566223144531 0.00824069976806641 -0.266403198242188 -0.066558837890625
-0.0198154449462891 0.00218391418457031 -0.1573486328125 -0.49560546875
0.0170536041259766 0.0128583908081055 0.34124755859375 -0.60565185546875
0.0285072326660156 0.0432929992675781 0.8155517578125 0.0325927734375
0.0384902954101562 0.100692749023438 0.57177734375 0.73358154296875
0.026031494140625 0.188018798828125 0.06219482421875 0.513397216796875
-0.009765625 0.205047607421875 0.0742340087890625 -0.15484619140625
0.0803985595703125 0.13250732421875 -0.32489013671875 -0.65704345703125
0.078125 0.00940704345703125 -0.89874267578125 -0.23797607421875
0.0313911437988281 -0.0143642425537109 -0.5682373046875 0.555419921875
-0.00309991836547852 0.00173091888427734 0.1258544921875 0.5894775390625
-0.0221538543701172 0.00446510314941407 0.36700439453125 0.225616455078125
-0.0267505645751953 0.0197525024414062 0.289215087890625 -0.149322509765625
-0.0324478149414063 0.00354194641113281 0.097869873046875 -0.305755615234375
-0.0191020965576172 0.00571632385253906 -0.120498657226563 0.237838745117188
0.00380325317382812 0.0119056701660156 -0.255447387695312 -0.1126708984375
-0.0115032196044922 0.0092153549194336 -0.075927734375 -0.5302734375
0.00163555145263672 0.0161161422729492 0.4669189453125 -0.539031982421875
-0.00490188598632813 0.0300159454345703 0.81964111328125 0.209716796875
0.00558853149414063 0.0615158081054688 0.4256591796875 0.84173583984375
0.0177764892578125 0.119926452636719 -0.0174560546875 0.474700927734375
0.0110321044921875 0.124824523925781 0.0687408447265625 -0.22674560546875
0.0568389892578125 0.0698890686035156 -0.42132568359375 -0.6337890625
0.0305519104003906 -0.0110874176025391 -0.9114990234375 -0.0890502929687499
0.0042424201965332 -0.00848817825317383 -0.44232177734375 0.6243896484375
-0.00186729431152344 0.00830698013305664 0.228424072265625 0.5301513671875
-0.0105161666870117 0.00578689575195312 0.398406982421875 0.1434326171875
-0.0102348327636719 0.0181198120117188 0.281051635742188 -0.18963623046875
-0.0141429901123047 -0.000250816345214841 0.08612060546875 -0.307403564453125
0.00521421432495117 0.0041651725769043 -0.126190185546875 0.231307983398437
0.0208549499511719 0.0114517211914063 -0.2503662109375 -0.13348388671875
-0.00361824035644531 0.014704704284668 -0.030059814453125 -0.5400390625
-0.0145397186279297 0.0146608352661133 0.5322265625 -0.488067626953125
-0.0396461486816406 -0.000183105468750008 0.80419921875 0.30499267578125
-0.0169382095336914 -0.00861644744873046 0.3345947265625 0.88995361328125
0.0346031188964844 0.0235881805419922 -0.061859130859375 0.45013427734375
0.0356521606445313 0.0235748291015625 0.06121826171875 -0.258499145507813
0.0172243118286133 0.00461101531982422 -0.468505859375 -0.61248779296875
-0.0220241546630859 -0.0196895599365234 -0.9041748046875 -0.00866699218749989
-0.0203514099121094 0.00134658813476562 -0.371337890625 0.6494140625
0.00153732299804688 0.0111770629882812 0.27813720703125 0.4937744140625
0.00260257720947266 0.00494909286499023 0.41326904296875 0.099822998046875
0.00647544860839844 0.0141487121582031 0.274795532226563 -0.211471557617188
0.00922393798828125 -0.00545692443847656 0.080474853515625 -0.30859375
0.0271339416503906 9.34600830078125E-05 -0.126663208007812 0.233489990234375
0.0359649658203125 0.00701522827148438 -0.253128051757813 -0.126876831054687
0.00522994995117187 0.0169124603271484 -0.0335693359375 -0.53125
-0.0278339385986328 0.0114727020263672 0.531768798828125 -0.48516845703125
-0.0694427490234375 -0.0319442749023438 0.80731201171875 0.3040771484375
-0.03729248046875 -0.0864028930664063 0.33197021484375 0.88983154296875
0.0562896728515625 -0.082733154296875 -0.069427490234375 0.458160400390625
0.0589218139648438 -0.0842437744140625 0.05352783203125 -0.244979858398438
-0.0264778137207031 -0.058746337890625 -0.46453857421875 -0.60418701171875
-0.0733489990234375 -0.0269699096679687 -0.90032958984375 -0.01287841796875
-0.0421600341796875 0.00974655151367188 -0.37091064453125 0.64697265625
0.00435447692871094 0.0110855102539063 0.279327392578125 0.500518798828125
0.0154933929443359 0.00187397003173828 0.419403076171875 0.1016845703125
0.0225849151611328 0.00760269165039062 0.278076171875 -0.215179443359375
0.0307197570800781 -0.00998497009277344 0.0826416015625 -0.31103515625
0.045501708984375 -0.0057220458984375 -0.123870849609375 0.244049072265625
0.0480308532714844 -0.00127410888671875 -0.265853881835938 -0.0950775146484374
0.0162630081176758 0.0153102874755859 -0.082794189453125 -0.508453369140625
-0.0308780670166016 0.0114250183105469 0.469451904296875 -0.529144287109375
-0.093719482421875 -0.0459060668945312 0.82391357421875 0.19927978515625
-0.0702667236328125 -0.14410400390625 0.4239501953125 0.8424072265625
0.0579071044921875 -0.176300048828125 -0.038177490234375 0.495147705078125
0.0791778564453125 -0.181747436523438 0.0462188720703125 -0.189773559570313
-0.0582351684570313 -0.123886108398438 -0.41070556640625 -0.6103515625
-0.115631103515625 -0.0430450439453125 -0.89520263671875 -0.0908813476562498
-0.0652046203613281 0.0118064880371094 -0.43963623046875 0.62030029296875
0.00271320343017578 0.0117673873901367 0.23394775390625 0.54486083984375
0.0241603851318359 -0.000291824340820313 0.41302490234375 0.151458740234375
0.0351295471191406 0.00228691101074219 0.287811279296875 -0.19647216796875
0.0491142272949219 -0.0134620666503906 0.092681884765625 -0.3135986328125
0.057373046875 -0.0113372802734375 -0.114944458007812 0.257843017578125
0.055389404296875 -0.0121841430664063 -0.280609130859375 -0.0439453125
0.0272674560546875 0.00911903381347656 -0.16497802734375 -0.462249755859375
-0.0232715606689453 0.0139636993408203 0.34442138671875 -0.58941650390625
-0.108589172363281 -0.0381393432617187 0.81964111328125 0.018310546875
-0.116165161132813 -0.16339111328125 0.57452392578125 0.72998046875
0.0304718017578125 -0.23651123046875 0.03863525390625 0.54541015625
0.09161376953125 -0.253189086914063 0.042144775390625 -0.101051330566406
-0.067718505859375 -0.18408203125 -0.3114013671875 -0.6170654296875
-0.142822265625 -0.0738677978515625 -0.86956787109375 -0.23779296875
-0.0901336669921875 0.00341796875000001 -0.5640869140625 0.5499267578125
-0.00463390350341797 0.0116243362426758 0.13433837890625 0.6112060546875
0.0295829772949219 -0.00159835815429688 0.386810302734375 0.23687744140625
0.0408477783203125 -0.002716064453125 0.30322265625 -0.157470703125
0.0616416931152344 -0.0143318176269531 0.107635498046875 -0.315673828125
-0.0610389709472656 0.00570678710937499 -0.0854339599609375 0.274078369140625
-0.0353317260742188 0.000877380371093752 -0.273895263671875 0.0684661865234375
-0.0372734069824219 -0.00653076171875001 -0.32257080078125 -0.32806396484375
0.0253753662109375 -0.00565338134765625 -0.00128173828124997 -0.63836669921875
0.0630683898925781 0.0202713012695312 0.65203857421875 -0.364013671875
0.0896759033203125 0.0777587890625 0.82275390625 0.3585205078125
0.079559326171875 0.199249267578125 0.29364013671875 0.561004638671875
-0.032958984375 0.256484985351563 0.0759429931640625 0.061248779296875
0.051025390625 0.21234130859375 -0.050048828125 -0.62249755859375
0.110771179199219 0.0811538696289063 -0.69805908203125 -0.6324462890625
0.0794677734375 0.00289154052734375 -0.83721923828125 0.22833251953125
0.00811862945556641 -0.0110206604003906 -0.20452880859375 0.6558837890625
-0.0278053283691406 -0.00666618347167969 0.2177734375 0.4224853515625
-0.03955078125 0.0111885070800781 0.291351318359375 -0.029144287109375
-0.044281005859375 0.00470733642578125 0.12933349609375 -0.295013427734375
-0.0545196533203125 0.00645828247070312 -0.098846435546875 0.263137817382813
-0.0249671936035156 0.00410652160644531 -0.2735595703125 -0.00114440917968753
-0.0291290283203125 -0.00282096862792969 -0.24688720703125 -0.42279052734375
0.0242080688476563 0.00307083129882813 0.17156982421875 -0.64501953125
0.053985595703125 0.0376663208007813 0.75775146484375 -0.17730712890625
0.0729598999023438 0.102645874023438 0.7177734375 0.55780029296875
0.052337646484375 0.213455200195313 0.171234130859375 0.545745849609375
-0.0256805419921875 0.250747680664063 0.0761260986328125 -0.0528945922851562
0.0778656005859375 0.184402465820312 -0.19183349609375 -0.6539306640625
0.107650756835938 0.0432281494140625 -0.8319091796875 -0.43048095703125
0.0588607788085938 -0.0109329223632813 -0.71173095703125 0.42193603515625
-0.00125741958618164 -0.0057826042175293 -0.0242919921875 0.640625
-0.0283718109130859 -0.000724792480468751 0.304168701171875 0.325286865234375
-0.03582763671875 0.0169029235839844 0.29400634765625 -0.092987060546875
-0.0430564880371094 0.004913330078125 0.112579345703125 -0.30035400390625
-0.0392570495605469 0.00749588012695313 -0.110595703125 0.248138427734375
-0.0111761093139648 0.00867557525634765 -0.265914916992188 -0.0652923583984376
-0.0198726654052734 0.00234031677246094 -0.156524658203125 -0.492279052734375
0.0167398452758789 0.0122795104980469 0.3387451171875 -0.6031494140625
0.0284614562988281 0.0429954528808594 0.81036376953125 0.03204345703125
0.039337158203125 0.100593566894531 0.56976318359375 0.7303466796875
0.0258331298828125 0.18701171875 0.062286376953125 0.5108642578125
-0.01043701171875 0.203521728515625 0.07257080078125 -0.153701782226563
0.0799636840820313 0.131629943847656 -0.3236083984375 -0.6514892578125
0.0776443481445313 0.00983428955078125 -0.89263916015625 -0.23504638671875
0.0308856964111328 -0.0135555267333984 -0.5638427734375 0.55194091796875
-0.00429821014404297 0.00208592414855957 0.12615966796875 0.58795166015625
-0.0218715667724609 0.00426483154296875 0.364471435546875 0.224212646484375
-0.0263004302978516 0.0198707580566406 0.28753662109375 -0.149871826171875
-0.0314483642578125 0.00354766845703126 0.09661865234375 -0.304351806640625
-0.0174770355224609 0.00603771209716797 -0.119216918945313 0.235382080078125
0.00509929656982422 0.0111713409423828 -0.255020141601563 -0.111373901367188
-0.0120382308959961 0.00949859619140625 -0.077239990234375 -0.52728271484375
0.00158214569091797 0.0162382125854492 0.4637451171875 -0.53515625
-0.00539970397949219 0.029754638671875 0.81292724609375 0.20745849609375
0.00587081909179687 0.0608634948730469 0.42333984375 0.8359375
0.0181961059570313 0.119110107421875 -0.01666259765625 0.47149658203125
0.0112075805664063 0.12457275390625 0.0667724609375 -0.22467041015625
0.0572776794433594 0.0690879821777344 -0.41973876953125 -0.62982177734375
0.0301170349121094 -0.0109519958496094 -0.90704345703125 -0.0870361328124999
0.00341415405273437 -0.00863027572631836 -0.4403076171875 0.6192626953125
-0.00198936462402344 0.00733327865600586 0.228668212890625 0.5286865234375
-0.0104484558105469 0.00597858428955078 0.396514892578125 0.1427001953125
-0.0104293823242188 0.0186080932617188 0.278427124023438 -0.189407348632812
-0.0132503509521484 -0.000962257385253906 0.085601806640625 -0.30511474609375
0.0064234733581543 0.00302600860595703 -0.1251220703125 0.229629516601563
0.0205535888671875 0.011138916015625 -0.249954223632812 -0.132217407226563
-0.00413227081298828 0.014979362487793 -0.030975341796875 -0.5364990234375
-0.0161619186401367 0.0144548416137695 0.5289306640625 -0.484954833984375
-0.0389938354492188 -0.000385284423828121 0.80096435546875 0.304443359375
-0.0164651870727539 -0.0078897476196289 0.33258056640625 0.88623046875
0.0342750549316406 0.0231781005859375 -0.061614990234375 0.447662353515625
0.0355491638183594 0.02313232421875 0.060394287109375 -0.256591796875
0.0174407958984375 0.00506877899169922 -0.467041015625 -0.60748291015625
-0.0220203399658203 -0.0195560455322266 -0.90142822265625 -0.00665283203125006
-0.0199203491210938 0.00182723999023437 -0.36871337890625 0.6458740234375
0.00137424468994141 0.0103769302368164 0.276763916015625 0.492431640625
0.00273990631103516 0.00516176223754883 0.41290283203125 0.100555419921875
0.00716400146484375 0.0139980316162109 0.273391723632812 -0.210922241210937
0.00899887084960938 -0.00562763214111328 0.079803466796875 -0.306396484375
0.0284900665283203 -0.00119972229003906 -0.1258544921875 0.232711791992187
0.0362396240234375 0.00737762451171875 -0.253692626953125 -0.12451171875
0.00491142272949219 0.0171470642089844 -0.03369140625 -0.5269775390625
-0.0277004241943359 0.0109519958496094 0.530548095703125 -0.482391357421875
-0.0693168640136719 -0.0314598083496094 0.80194091796875 0.3048095703125
-0.0358505249023438 -0.0854339599609375 0.332763671875 0.884521484375
0.0565414428710938 -0.082672119140625 -0.07012939453125 0.4552001953125
0.0597076416015625 -0.0848617553710937 0.0517425537109375 -0.242767333984375
-0.0255470275878906 -0.0593223571777344 -0.4617919921875 -0.599365234375
-0.0726318359375 -0.0263137817382812 -0.89447021484375 -0.0100097656250001
-0.0427398681640625 0.0105018615722656 -0.36773681640625 0.64447021484375
0.00417137145996094 0.0108661651611328 0.2784423828125 0.498687744140625
0.0147895812988281 0.00230789184570312 0.416717529296875 0.100616455078125
0.0222663879394531 0.00844764709472656 0.27508544921875 -0.213394165039063
0.0315589904785156 -0.0106697082519531 0.0823974609375 -0.3089599609375
0.0466842651367188 -0.00658798217773438 -0.123550415039062 0.243026733398437
0.0477218627929688 -0.00164031982421875 -0.265487670898438 -0.092864990234375
0.0163745880126953 0.0154867172241211 -0.08270263671875 -0.50592041015625
-0.0316486358642578 0.0111141204833984 0.466583251953125 -0.526397705078125
-0.0943603515625 -0.0460739135742187 0.81829833984375 0.19671630859375
-0.0695953369140625 -0.143280029296875 0.423828125 0.835205078125
0.058135986328125 -0.175750732421875 -0.038360595703125 0.492218017578125
0.0787353515625 -0.1805419921875 0.0455474853515625 -0.18756103515625
-0.0575103759765625 -0.122802734375 -0.4073486328125 -0.6060791015625
-0.115516662597656 -0.0420913696289063 -0.88897705078125 -0.0894775390625001
-0.0655708312988281 0.0131072998046875 -0.43798828125 0.61773681640625
0.00205135345458984 0.0118894577026367 0.2332763671875 0.541839599609375
0.0248775482177734 -1.33514404296875E-05 0.411468505859375 0.149139404296875
0.0347843170166016 0.00234031677246094 0.2862548828125 -0.196868896484375
0.0498733520507812 -0.0140609741210937 0.0926513671875 -0.312744140625
0.0568084716796875 -0.0126075744628906 -0.115188598632812 0.25726318359375
0.0558357238769531 -0.0128898620605469 -0.2811279296875 -0.0422668457031249
0.0274543762207031 0.00835037231445313 -0.16412353515625 -0.46063232421875
-0.0227489471435547 0.0139274597167969 0.34161376953125 -0.58648681640625
-0.107978820800781 -0.0375747680664063 0.8165283203125 0.01849365234375
-0.115509033203125 -0.161880493164063 0.57098388671875 0.72589111328125
0.0297088623046875 -0.23553466796875 0.0366821289062501 0.542694091796875
0.09185791015625 -0.251998901367188 0.0409011840820313 -0.0998077392578125
-0.067169189453125 -0.182281494140625 -0.30865478515625 -0.61334228515625
-0.14227294921875 -0.0726165771484375 -0.864990234375 -0.2371826171875
-0.0896835327148438 0.00446319580078125 -0.55963134765625 0.5474853515625
-0.00530815124511719 0.0117597579956055 0.1346435546875 0.6072998046875
0.0292873382568359 -0.00140762329101563 0.38507080078125 0.23577880859375
0.0406112670898438 -0.00206375122070313 0.300537109375 -0.1572265625
0.0611953735351563 -0.0151214599609375 0.107421875 -0.314727783203125
-0.0596275329589844 0.00500488281250001 -0.08526611328125 0.272216796875
-0.0348415374755859 0.000846862792968757 -0.272994995117188 0.0677490234375
-0.0373649597167969 -0.00630569458007812 -0.320159912109375 -0.326202392578125
0.0243320465087891 -0.00611686706542969 -0.00323486328125006 -0.63525390625
0.0618934631347656 0.0194015502929687 0.6495361328125 -0.361083984375
0.0897445678710938 0.0781478881835938 0.81817626953125 0.3555908203125
0.0788726806640625 0.197280883789062 0.290771484375 0.556488037109375
-0.0328216552734375 0.25592041015625 0.0755767822265625 0.060516357421875
0.050994873046875 0.212020874023438 -0.04925537109375 -0.61920166015625
0.109062194824219 0.0811004638671875 -0.695556640625 -0.627197265625
0.07879638671875 0.00255584716796875 -0.83172607421875 0.2269287109375
0.00783824920654297 -0.0125579833984375 -0.20538330078125 0.654296875
-0.0280647277832031 -0.0066680908203125 0.2169189453125 0.42230224609375
-0.0389251708984375 0.0111923217773438 0.290557861328125 -0.0281982421875
-0.0438575744628906 0.00510025024414063 0.1285400390625 -0.293487548828125
-0.0531768798828125 0.00612258911132813 -0.0981903076171875 0.26043701171875
-0.0251007080078125 0.00498008728027343 -0.273651123046875 -0.00122070312500002
-0.0295143127441406 -0.00266647338867187 -0.2459716796875 -0.421142578125
0.0242938995361328 0.00281715393066406 0.17193603515625 -0.6414794921875
0.0536766052246094 0.0372734069824219 0.75531005859375 -0.1756591796875
0.07275390625 0.102890014648438 0.71575927734375 0.55657958984375
0.0523681640625 0.211959838867187 0.168548583984375 0.541961669921875
-0.0263671875 0.249649047851563 0.0758056640625 -0.0521316528320312
0.077178955078125 0.184051513671875 -0.1888427734375 -0.652099609375
0.105888366699219 0.0440292358398437 -0.82574462890625 -0.42901611328125
0.0583839416503906 -0.00951766967773438 -0.7098388671875 0.420166015625
-0.00124740600585937 -0.0054473876953125 -0.0230102539062499 0.6390380859375
-0.0289134979248047 -0.000232696533203125 0.303009033203125 0.323760986328125
-0.0361480712890625 0.0171051025390625 0.292205810546875 -0.092926025390625
-0.041595458984375 0.00482940673828125 0.1121826171875 -0.2991943359375
-0.0377922058105469 0.00600814819335937 -0.109756469726563 0.246078491210938
-0.0107183456420898 0.00901603698730469 -0.2667236328125 -0.064971923828125
-0.0198955535888672 0.00355911254882813 -0.15631103515625 -0.489654541015625
0.0160627365112305 0.0121355056762695 0.337890625 -0.5994873046875
0.0282821655273438 0.0430259704589844 0.8076171875 0.03192138671875
0.0386428833007812 0.100936889648437 0.56793212890625 0.7254638671875
0.025421142578125 0.185577392578125 0.060089111328125 0.506500244140625
-0.00958251953125001 0.203094482421875 0.07232666015625 -0.152664184570313
0.0802001953125 0.131240844726563 -0.3209228515625 -0.64874267578125
0.0767822265625 0.00969696044921875 -0.8895263671875 -0.2344970703125
0.0288410186767578 -0.0137119293212891 -0.5614013671875 0.549224853515625
-0.00458240509033203 0.00167989730834961 0.12530517578125 0.58642578125
-0.0223617553710938 0.00473594665527344 0.3636474609375 0.22393798828125
-0.0255756378173828 0.0198898315429687 0.285186767578125 -0.148956298828125
-0.0311450958251953 0.00272369384765625 0.09588623046875 -0.302734375
-0.0157041549682617 0.00529289245605469 -0.119186401367188 0.23492431640625
0.0056610107421875 0.0112361907958984 -0.255783081054688 -0.110610961914063
-0.0121583938598633 0.00995635986328125 -0.075531005859375 -0.52606201171875
0.00100898742675781 0.0164651870727539 0.4619140625 -0.533660888671875
-0.00511932373046875 0.0307083129882813 0.8087158203125 0.207763671875
0.00598144531249999 0.0612335205078125 0.42034912109375 0.8316650390625
0.0182647705078125 0.118370056152344 -0.0186767578125 0.468414306640625
0.0116195678710938 0.123550415039063 0.0665283203125 -0.224105834960937
0.0570755004882813 0.0682563781738281 -0.41644287109375 -0.626708984375
0.0299396514892578 -0.010498046875 -0.90185546875 -0.0863037109375001
0.00288963317871094 -0.00835895538330078 -0.43804931640625 0.61944580078125
-0.00325822830200195 0.0081486701965332 0.2259521484375 0.527069091796875
-0.0103321075439453 0.00575828552246094 0.3946533203125 0.142242431640625
-0.0102748870849609 0.0191307067871094 0.277252197265625 -0.189056396484375
-0.0133895874023438 -0.000503540039062497 0.084869384765625 -0.303680419921875
0.00718832015991211 0.00205039978027344 -0.12542724609375 0.228179931640625
0.0219249725341797 0.0114059448242188 -0.250213623046875 -0.130416870117187
-0.00403881072998047 0.0148563385009766 -0.030548095703125 -0.534027099609375
-0.0166692733764648 0.0142011642456055 0.527740478515625 -0.481719970703125
-0.0381050109863281 0.000190734863281245 0.79461669921875 0.30426025390625
-0.0156984329223633 -0.00768280029296875 0.330078125 0.880126953125
0.0343456268310547 0.02197265625 -0.06256103515625 0.445770263671875
0.0358505249023438 0.0226669311523438 0.0589752197265625 -0.254119873046875
0.0175857543945313 0.00543594360351563 -0.46307373046875 -0.60430908203125
-0.0219287872314453 -0.0185127258300781 -0.89544677734375 -0.00756835937499989
-0.0209541320800781 0.000717163085937498 -0.3687744140625 0.64501953125
0.00148582458496094 0.0101566314697266 0.27667236328125 0.4891357421875
0.00292730331420898 0.00496816635131836 0.41046142578125 0.099395751953125
0.00708198547363281 0.0146427154541016 0.271759033203125 -0.211212158203125
0.00943470001220703 -0.00586986541748047 0.0799560546875 -0.30517578125
0.0285663604736328 -0.00162124633789063 -0.126251220703125 0.232192993164063
0.0364265441894531 0.00680923461914063 -0.253570556640625 -0.123062133789063
0.00527286529541016 0.0175514221191406 -0.033782958984375 -0.525238037109375
-0.0290508270263672 0.0115337371826172 0.52899169921875 -0.48028564453125
-0.06878662109375 -0.0311164855957031 0.79833984375 0.30218505859375
-0.0349960327148437 -0.0847091674804688 0.33056640625 0.880859375
0.0567092895507813 -0.0830078125 -0.07086181640625 0.454437255859375
0.0600433349609375 -0.0841064453125 0.0511474609375 -0.24072265625
-0.0246238708496094 -0.0595970153808594 -0.4608154296875 -0.5965576171875
-0.0718841552734375 -0.02490234375 -0.89056396484375 -0.0111083984375002
-0.0426025390625 0.0105819702148438 -0.36749267578125 0.64276123046875
0.00401973724365235 0.0110282897949219 0.27752685546875 0.49639892578125
0.0146694183349609 0.00187778472900391 0.41558837890625 0.100860595703125
0.0224647521972656 0.00812149047851563 0.273773193359375 -0.21417236328125
0.0312080383300781 -0.0111579895019531 0.08111572265625 -0.307586669921875
0.0457992553710938 -0.00826644897460938 -0.122528076171875 0.242294311523438
0.0481948852539062 -0.00142288208007812 -0.265090942382813 -0.0912322998046875
0.0163364410400391 0.0151958465576172 -0.082275390625 -0.504119873046875
-0.0320796966552734 0.0107288360595703 0.4649658203125 -0.523895263671875
-0.093780517578125 -0.045654296875 0.81573486328125 0.195556640625
-0.067108154296875 -0.142776489257813 0.42138671875 0.83123779296875
0.0579071044921875 -0.176101684570313 -0.039459228515625 0.488494873046875
0.0787353515625 -0.1806640625 0.0443572998046875 -0.186111450195312
-0.0569992065429688 -0.122825622558594 -0.405517578125 -0.60272216796875
-0.115753173828125 -0.04095458984375 -0.885498046875 -0.0899658203125002
-0.066162109375 0.0132217407226563 -0.43536376953125 0.615966796875
0.001495361328125 0.0120744705200195 0.23333740234375 0.54217529296875
0.0248966217041016 -0.00067138671875 0.41046142578125 0.1483154296875
0.0350131988525391 0.00245475769042969 0.2850341796875 -0.19635009765625
0.0495338439941406 -0.0146751403808594 0.091766357421875 -0.31011962890625
0.05743408203125 -0.013671875 -0.114730834960938 0.256195068359375
0.0559120178222656 -0.0134468078613281 -0.279327392578125 -0.0401916503906249
0.0278434753417969 0.00901031494140625 -0.1639404296875 -0.459320068359375
-0.0240459442138672 0.0137863159179688 0.34185791015625 -0.586181640625
-0.107337951660156 -0.0370330810546875 0.8133544921875 0.01898193359375
-0.113845825195312 -0.16131591796875 0.5689697265625 0.72149658203125
0.0305023193359375 -0.2349853515625 0.035736083984375 0.53936767578125
0.0916595458984375 -0.251144409179688 0.0401840209960938 -0.098480224609375
-0.0665435791015625 -0.181930541992188 -0.3076171875 -0.61016845703125
-0.141342163085938 -0.0722503662109375 -0.85955810546875 -0.2349853515625
-0.0888900756835938 0.00416564941406249 -0.558624267578125 0.54583740234375
-0.00533866882324219 0.0119752883911133 0.13372802734375 0.60711669921875
0.0293159484863281 -0.00230979919433594 0.3834228515625 0.23541259765625
0.04193115234375 -0.00249862670898438 0.299285888671875 -0.1573486328125
0.0615158081054688 -0.0154838562011719 0.10650634765625 -0.3138427734375
-0.0584907531738281 0.00479888916015625 -0.0863037109375 0.270416259765625
-0.0333328247070313 0.00171279907226563 -0.27294921875 0.0666503906250001
-0.0380020141601563 -0.00524520874023437 -0.3197021484375 -0.324005126953125
0.0243148803710938 -0.00679588317871094 -0.00177001953125003 -0.63226318359375
0.0623741149902344 0.0201377868652344 0.64923095703125 -0.3583984375
0.08984375 0.0785980224609375 0.81500244140625 0.35565185546875
0.0797119140625 0.197189331054688 0.288482666015625 0.553985595703125
-0.0326995849609375 0.254974365234375 0.0752944946289063 0.0612640380859375
0.0500946044921875 0.210647583007813 -0.04833984375 -0.61602783203125
0.108871459960938 0.0809173583984375 -0.6920166015625 -0.6275634765625
0.0788040161132813 0.00287628173828125 -0.8299560546875 0.22576904296875
0.00780487060546875 -0.0120029449462891 -0.2042236328125 0.65264892578125
-0.0279273986816406 -0.00657081604003907 0.21588134765625 0.4219970703125
-0.0387229919433594 0.0113105773925781 0.288909912109375 -0.028350830078125
-0.0431632995605469 0.00475692749023437 0.127288818359375 -0.29229736328125
-0.0517234802246094 0.00579833984374999 -0.0988311767578125 0.2591552734375
-0.0241909027099609 0.00549507141113281 -0.273635864257813 -0.0019073486328125
-0.0293083190917969 -0.00172805786132812 -0.244476318359375 -0.41876220703125
0.0236358642578125 0.00330543518066406 0.17144775390625 -0.6396484375
0.0535202026367188 0.0374565124511719 0.75238037109375 -0.17352294921875
0.0724868774414063 0.103134155273437 0.71429443359375 0.55523681640625
0.0521240234375 0.211318969726563 0.16534423828125 0.539581298828125
-0.0260162353515625 0.24835205078125 0.0743408203125 -0.0517044067382812
0.076629638671875 0.182952880859375 -0.187255859375 -0.6502685546875
0.105339050292969 0.0438613891601563 -0.8231201171875 -0.42840576171875
0.0578384399414063 -0.010040283203125 -0.70733642578125 0.41925048828125
-0.00136089324951172 -0.00601577758789063 -0.02471923828125 0.63775634765625
-0.0282382965087891 0.000219345092773442 0.3023681640625 0.3236083984375
-0.0358314514160156 0.0175666809082031 0.29156494140625 -0.093109130859375
-0.0409393310546875 0.00551605224609375 0.11181640625 -0.298126220703125
-0.0360221862792969 0.00611114501953126 -0.110366821289063 0.244308471679688
-0.009552001953125 0.008636474609375 -0.266433715820313 -0.064361572265625
-0.0200481414794922 0.00395584106445313 -0.1553955078125 -0.488525390625
0.0158443450927734 0.0124492645263672 0.33697509765625 -0.59698486328125
0.0283241271972656 0.0444145202636719 0.805908203125 0.032958984375
0.0395355224609375 0.100807189941406 0.5662841796875 0.72467041015625
0.02587890625 0.184326171875 0.0589599609375 0.506011962890625
-0.00935363769531249 0.201995849609375 0.0714569091796875 -0.15191650390625
0.0799942016601563 0.130287170410156 -0.3187255859375 -0.646728515625
0.0760574340820312 0.010711669921875 -0.8863525390625 -0.233154296875
0.0299091339111328 -0.0136890411376953 -0.56329345703125 0.54827880859375
-0.00390815734863281 0.00244235992431641 0.12518310546875 0.5860595703125
-0.0216960906982422 0.00476264953613281 0.361602783203125 0.22320556640625
-0.0248851776123047 0.0200252532958984 0.286102294921875 -0.147705078125
-0.0297355651855469 0.00309371948242187 0.09619140625 -0.30157470703125
-0.0148773193359375 0.00407218933105469 -0.119537353515625 0.233062744140625
0.00557613372802734 0.011871337890625 -0.255645751953125 -0.110107421875
-0.0125112533569336 0.0102243423461914 -0.0758666992187499 -0.523956298828125
0.000450134277343749 0.0155429840087891 0.461395263671875 -0.5313720703125
-0.00515365600585938 0.0303783416748047 0.80767822265625 0.2095947265625
0.00656890869140624 0.0623016357421875 0.41949462890625 0.83123779296875
0.0186996459960937 0.117637634277344 -0.020355224609375 0.46527099609375
0.01239013671875 0.12335205078125 0.0659027099609375 -0.2225341796875
0.0573234558105469 0.068572998046875 -0.41375732421875 -0.6256103515625
0.0293445587158203 -0.0100440979003906 -0.90032958984375 -0.0866088867187499
0.00236368179321289 -0.00784206390380859 -0.43646240234375 0.616943359375
-0.00243997573852539 0.00804853439331055 0.224822998046875 0.526580810546875
-0.0101728439331055 0.00629329681396485 0.394439697265625 0.14288330078125
-0.00960159301757812 0.0189723968505859 0.27642822265625 -0.189208984375
-0.0122318267822266 -0.00143241882324219 0.084503173828125 -0.302947998046875
0.00835752487182617 0.00108528137207031 -0.125274658203125 0.2279052734375
0.0215568542480469 0.0116596221923828 -0.25006103515625 -0.129150390625
-0.00342273712158203 0.0158529281616211 -0.03009033203125 -0.531494140625
-0.0173540115356445 0.0141267776489258 0.52752685546875 -0.480010986328125
-0.0390815734863281 0.000301361083984374 0.794189453125 0.3057861328125
-0.0153102874755859 -0.00756263732910157 0.3306884765625 0.87823486328125
0.0345821380615234 0.0221900939941406 -0.0623779296875 0.444488525390625
0.0369033813476563 0.0223960876464844 0.058074951171875 -0.253509521484375
0.0177249908447266 0.00487136840820313 -0.4620361328125 -0.60272216796875
-0.0227565765380859 -0.0184860229492187 -0.893798828125 -0.00665283203124987
-0.0219268798828125 0.00203704833984375 -0.3673095703125 0.64398193359375
0.000779151916503907 0.010624885559082 0.274658203125 0.490936279296875
0.00340032577514648 0.00524425506591797 0.409088134765625 0.099578857421875
0.00771522521972656 0.0146808624267578 0.270645141601563 -0.211074829101563
0.00994205474853516 -0.00644397735595703 0.079132080078125 -0.303985595703125
0.0297107696533203 -0.00279998779296875 -0.1259765625 0.230636596679687
0.0374374389648438 0.00698089599609375 -0.25323486328125 -0.12237548828125
0.00498008728027344 0.0181465148925781 -0.0338134765625 -0.5242919921875
-0.0294609069824219 0.0112323760986328 0.527130126953125 -0.478912353515625
-0.06890869140625 -0.0301628112792969 0.7982177734375 0.30303955078125
-0.0345916748046875 -0.0841751098632813 0.32867431640625 0.877197265625
0.0574569702148437 -0.082305908203125 -0.072784423828125 0.452239990234375
0.0593109130859375 -0.0839080810546875 0.050689697265625 -0.23876953125
-0.0241279602050781 -0.0593070983886719 -0.45794677734375 -0.594970703125
-0.0727767944335938 -0.0247039794921875 -0.88739013671875 -0.0117797851562498
-0.0430450439453125 0.0104217529296875 -0.36761474609375 0.6424560546875
0.00328445434570312 0.0111494064331055 0.276153564453125 0.49627685546875
0.0149135589599609 0.00217056274414063 0.41522216796875 0.100067138671875
0.0238113403320312 0.00843429565429688 0.27294921875 -0.214080810546875
0.0318260192871094 -0.0114574432373047 0.081878662109375 -0.3062744140625
0.0468788146972656 -0.00994110107421875 -0.12286376953125 0.241180419921875
0.0495109558105469 -0.00236129760742188 -0.264694213867188 -0.0908966064453125
0.0160245895385742 0.0160951614379883 -0.082427978515625 -0.50299072265625
-0.0325965881347656 0.0106372833251953 0.46392822265625 -0.521392822265625
-0.0937576293945313 -0.04486083984375 0.81512451171875 0.19775390625
-0.066802978515625 -0.142227172851562 0.4200439453125 0.82763671875
0.058837890625 -0.175933837890625 -0.041412353515625 0.4888916015625
0.078765869140625 -0.180160522460938 0.0437469482421875 -0.183914184570313
-0.056610107421875 -0.122627258300781 -0.40399169921875 -0.60235595703125
-0.113876342773438 -0.0401840209960938 -0.88336181640625 -0.08856201171875
-0.0667762756347656 0.0136833190917969 -0.436279296875 0.61456298828125
0.000995635986328126 0.0119190216064453 0.23199462890625 0.5396728515625
0.0244483947753906 -0.000165939331054688 0.40911865234375 0.147857666015625
0.0353164672851563 0.00182723999023438 0.28314208984375 -0.196380615234375
0.0493202209472656 -0.0155372619628906 0.091705322265625 -0.30987548828125
0.0580329895019531 -0.01568603515625 -0.114166259765625 0.255050659179688
0.05633544921875 -0.0136985778808594 -0.27935791015625 -0.0394134521484375
0.0278701782226563 0.00893020629882813 -0.1632080078125 -0.457427978515625
-0.0241928100585938 0.0140247344970703 0.34124755859375 -0.5823974609375
-0.107437133789063 -0.0367202758789063 0.81085205078125 0.0181884765625
-0.11309814453125 -0.161163330078125 0.567138671875 0.72027587890625
0.0323944091796875 -0.234512329101562 0.0344543457031249 0.538604736328125
0.09161376953125 -0.25018310546875 0.0395050048828125 -0.0970535278320313
-0.065399169921875 -0.181838989257812 -0.3052978515625 -0.60870361328125
-0.140975952148438 -0.0713043212890625 -0.85845947265625 -0.2369384765625
-0.0900039672851563 0.00443267822265626 -0.556854248046875 0.54473876953125
-0.00543689727783203 0.0119915008544922 0.1328125 0.60748291015625
0.0290451049804688 -0.00224685668945312 0.3837890625 0.235076904296875
0.0414581298828125 -0.0015411376953125 0.2974853515625 -0.157379150390625
0.0612754821777344 -0.0160102844238281 0.106170654296875 -0.312286376953125
-0.0574073791503906 0.00465011596679688 -0.085052490234375 0.268112182617188
-0.0331954956054687 0.00160408020019531 -0.273773193359375 0.0665435791015625
-0.0377349853515625 -0.00497817993164062 -0.318115234375 -0.3236083984375
0.0238914489746094 -0.00671958923339844 -0.00128173828124995 -0.62969970703125
0.0625534057617188 0.0203514099121094 0.64898681640625 -0.3575439453125
0.0892105102539063 0.078765869140625 0.814453125 0.3551025390625
0.0783233642578125 0.196746826171875 0.285736083984375 0.5518798828125
-0.0338897705078125 0.254745483398438 0.073974609375 0.0607376098632813
0.050262451171875 0.210708618164063 -0.045654296875 -0.6138916015625
0.108329772949219 0.0820159912109375 -0.68988037109375 -0.62640380859375
0.078277587890625 0.00255584716796875 -0.83148193359375 0.22406005859375
0.00766658782958984 -0.0122251510620117 -0.20556640625 0.6522216796875
-0.0282688140869141 -0.00590705871582031 0.2152099609375 0.422210693359375
-0.0386772155761719 0.0120468139648437 0.2889404296875 -0.028564453125
-0.0422477722167969 0.00527191162109376 0.1268310546875 -0.292755126953125
-0.050445556640625 0.00486755371093749 -0.098419189453125 0.257064819335938
-0.0233592987060547 0.00566673278808594 -0.274154663085938 -0.00161743164062505
-0.0292739868164063 -0.00143814086914063 -0.243927001953125 -0.41845703125
0.0233573913574219 0.0027923583984375 0.17169189453125 -0.63751220703125
0.0533981323242188 0.0379447937011719 0.751220703125 -0.17181396484375
0.072540283203125 0.102867126464844 0.71087646484375 0.5537109375
0.051910400390625 0.210556030273438 0.164703369140625 0.537841796875
-0.0262603759765625 0.247634887695313 0.074005126953125 -0.05206298828125
0.076446533203125 0.182830810546875 -0.18536376953125 -0.6483154296875
0.105216979980469 0.0443801879882812 -0.8223876953125 -0.43060302734375
0.0579948425292969 -0.0104560852050781 -0.70794677734375 0.41802978515625
-0.00179719924926758 -0.00626516342163086 -0.02496337890625 0.63818359375
-0.0280265808105469 -0.000528335571289064 0.3021240234375 0.324615478515625
-0.0353240966796875 0.0172767639160156 0.291259765625 -0.093017578125
-0.0404434204101562 0.00530624389648437 0.111846923828125 -0.298736572265625
-0.0350131988525391 0.0052337646484375 -0.11083984375 0.243743896484375
-0.00925159454345703 0.00914764404296875 -0.266769409179688 -0.0645904541015625
-0.0206012725830078 0.00416183471679688 -0.1541748046875 -0.487884521484375
0.0144386291503906 0.0122900009155273 0.33966064453125 -0.595703125
0.0284194946289063 0.0436592102050781 0.806640625 0.0347900390625
0.0396728515625 0.101287841796875 0.56146240234375 0.72222900390625
0.025909423828125 0.183517456054687 0.055633544921875 0.503814697265625
-0.00984191894531252 0.20172119140625 0.0706024169921875 -0.151748657226563
0.080169677734375 0.130569458007813 -0.31634521484375 -0.64630126953125
0.0760574340820313 0.0104522705078125 -0.885009765625 -0.235107421875
0.0290088653564453 -0.0138397216796875 -0.562225341796875 0.54718017578125
-0.00497817993164063 0.00214481353759766 0.12432861328125 0.586669921875
-0.0214252471923828 0.00480270385742188 0.360992431640625 0.224334716796875
-0.0247039794921875 0.0211505889892578 0.28497314453125 -0.148406982421875
-0.0293502807617188 0.00317192077636718 0.095611572265625 -0.30145263671875
-0.0141830444335937 0.00377941131591797 -0.119964599609375 0.2325439453125
0.00655174255371094 0.0120811462402344 -0.256607055664063 -0.110076904296875
-0.0123481750488281 0.0112409591674805 -0.074615478515625 -0.522491455078125
-0.00024700164794922 0.0161523818969727 0.4630126953125 -0.5289306640625
-0.00613212585449219 0.0310630798339844 0.80645751953125 0.20916748046875
0.00727462768554687 0.0618972778320313 0.4176025390625 0.827880859375
0.018646240234375 0.116004943847656 -0.0216064453125 0.465972900390625
0.0113296508789062 0.122764587402344 0.065460205078125 -0.221649169921875
0.0570907592773438 0.0684318542480469 -0.4124755859375 -0.624755859375
0.0293407440185547 -0.00910758972167969 -0.89971923828125 -0.08721923828125
0.00117206573486328 -0.00779819488525391 -0.43768310546875 0.6148681640625
-0.00277233123779297 0.00786352157592774 0.22503662109375 0.525909423828125
-0.0104665756225586 0.00578498840332031 0.39422607421875 0.14324951171875
-0.0091094970703125 0.0192165374755859 0.276016235351563 -0.188446044921875
-0.0117597579956055 -0.00111579895019531 0.0849609375 -0.302886962890625
0.00904655456542969 0.000545501708984375 -0.125686645507813 0.2271728515625
0.0224189758300781 0.0114650726318359 -0.2508544921875 -0.1287841796875
-0.00417041778564453 0.0163068771362305 -0.0297851562500001 -0.531463623046875
-0.0179405212402344 0.0145206451416016 0.526275634765625 -0.47857666015625
-0.0386886596679688 0.000583648681640624 0.79315185546875 0.306396484375
-0.014094352722168 -0.00757789611816406 0.32769775390625 0.87701416015625
0.0353431701660156 0.0213088989257813 -0.06536865234375 0.44317626953125
0.0358200073242188 0.0222015380859375 0.057464599609375 -0.2518310546875
0.0171146392822266 0.00487804412841797 -0.45947265625 -0.60400390625
-0.0218524932861328 -0.0181789398193359 -0.8927001953125 -0.00817871093750015
-0.0208740234375 0.00190162658691406 -0.3673095703125 0.6414794921875
0.000182151794433593 0.0103607177734375 0.27447509765625 0.489959716796875
0.00281095504760742 0.00502204895019531 0.408966064453125 0.09991455078125
0.00745391845703125 0.0141286849975586 0.270767211914063 -0.210922241210938
0.00964927673339844 -0.00627613067626953 0.079864501953125 -0.303497314453125
0.03009033203125 -0.00430679321289063 -0.126144409179687 0.23077392578125
0.0374984741210938 0.006011962890625 -0.25250244140625 -0.120391845703125
0.00456619262695312 0.0186309814453125 -0.031463623046875 -0.525177001953125
-0.0308818817138672 0.0112514495849609 0.527069091796875 -0.475616455078125
-0.0685043334960938 -0.0301094055175781 0.797607421875 0.3033447265625
-0.0336151123046875 -0.083984375 0.32586669921875 0.8765869140625
0.056915283203125 -0.0838088989257812 -0.073577880859375 0.45135498046875
0.0602874755859375 -0.0846633911132813 0.0489959716796875 -0.237655639648438
-0.0238151550292969 -0.0588150024414063 -0.45501708984375 -0.594970703125
-0.07269287109375 -0.0242233276367187 -0.887939453125 -0.0114746093749998
-0.0437774658203125 0.010955810546875 -0.36822509765625 0.640380859375
0.00251960754394531 0.0110092163085938 0.275299072265625 0.496673583984375
0.0154314041137695 0.00210952758789063 0.4140625 0.10150146484375
0.0241508483886719 0.00837135314941406 0.272003173828125 -0.213577270507813
0.0318222045898438 -0.0124645233154297 0.081451416015625 -0.305908203125
0.0474777221679688 -0.0108909606933594 -0.123062133789063 0.241485595703125
0.0503311157226563 -0.00237274169921875 -0.264968872070313 -0.0887145996093751
0.0165367126464844 0.0160007476806641 -0.08062744140625 -0.501678466796875
-0.033294677734375 0.0116519927978516 0.46405029296875 -0.520843505859375
-0.0940933227539063 -0.0454635620117188 0.8150634765625 0.198486328125
-0.0655364990234375 -0.142318725585938 0.4180908203125 0.82708740234375
0.0594329833984375 -0.175674438476563 -0.042999267578125 0.487579345703125
0.079559326171875 -0.180435180664063 0.0433197021484375 -0.182846069335938
-0.0561370849609375 -0.122459411621094 -0.40167236328125 -0.59991455078125
-0.114349365234375 -0.0401458740234375 -0.882568359375 -0.0909423828124999
-0.0667304992675781 0.0139045715332031 -0.43475341796875 0.61370849609375
0.000298500061035157 0.0122995376586914 0.231475830078125 0.541229248046875
0.0242023468017578 -0.00118446350097656 0.40911865234375 0.1492919921875
0.035308837890625 0.00230026245117188 0.28314208984375 -0.195770263671875
0.0497169494628906 -0.01611328125 0.0924072265625 -0.309051513671875
0.0576248168945313 -0.0165824890136719 -0.114700317382813 0.25482177734375
0.0571250915527344 -0.014190673828125 -0.278900146484375 -0.0384674072265625
0.0274181365966797 0.00946235656738281 -0.162017822265625 -0.4573974609375
-0.0256557464599609 0.0140495300292969 0.34075927734375 -0.58258056640625
-0.108314514160156 -0.0368423461914062 0.81036376953125 0.01953125
-0.111968994140625 -0.159942626953125 0.5643310546875 0.720703125
0.032196044921875 -0.2347412109375 0.0321350097656249 0.536285400390625
0.0921630859375 -0.2503662109375 0.0389175415039063 -0.0959548950195313
-0.06463623046875 -0.18096923828125 -0.30462646484375 -0.60748291015625
-0.139923095703125 -0.0711441040039062 -0.85699462890625 -0.23858642578125
-0.0904159545898438 0.00522613525390625 -0.556488037109375 0.542633056640625
-0.00660324096679687 0.0117692947387695 0.1331787109375 0.60675048828125
0.0298671722412109 -0.00240898132324219 0.382720947265625 0.234771728515625
0.0417594909667969 -0.00193405151367188 0.29742431640625 -0.15740966796875
0.0612945556640625 -0.0159416198730469 0.106781005859375 -0.311767578125
-0.0563697814941406 0.00409698486328124 -0.0849151611328125 0.2672119140625
-0.0324134826660156 0.00229644775390624 -0.274581909179688 0.066558837890625
-0.0381698608398438 -0.00492095947265626 -0.318328857421875 -0.32525634765625
0.0239181518554687 -0.00699424743652344 0.000244140625000051 -0.630126953125
0.0625343322753906 0.0208549499511719 0.64874267578125 -0.3570556640625
0.0897216796875 0.0792999267578125 0.81292724609375 0.35662841796875
0.07904052734375 0.195831298828125 0.283599853515625 0.55267333984375
-0.0338287353515625 0.254653930664063 0.0742568969726563 0.0608291625976563
0.0492706298828125 0.210189819335938 -0.04559326171875 -0.61553955078125
0.108650207519531 0.082244873046875 -0.68963623046875 -0.6273193359375
0.0773696899414063 0.00279998779296875 -0.8304443359375 0.22412109375
0.00673103332519531 -0.0121870040893555 -0.20660400390625 0.654296875
-0.0284461975097656 -0.004608154296875 0.213714599609375 0.42596435546875
-0.0381126403808594 0.01177978515625 0.28851318359375 -0.027496337890625
-0.0410194396972656 0.00539398193359375 0.127685546875 -0.2928466796875
-0.0491981506347656 0.00524139404296875 -0.0995941162109375 0.256744384765625
-0.0226364135742188 0.00588417053222656 -0.274673461914063 -0.00184631347656254
-0.0297698974609375 -0.00121116638183594 -0.243499755859375 -0.41973876953125
0.0230560302734375 0.00276565551757812 0.1734619140625 -0.6373291015625
0.052947998046875 0.0378608703613281 0.7530517578125 -0.17059326171875
0.0729904174804688 0.103019714355469 0.71240234375 0.5548095703125
0.0519561767578125 0.210250854492187 0.161865234375 0.537811279296875
-0.0264739990234375 0.248153686523437 0.0733261108398437 -0.0510406494140625
0.0761871337890625 0.18255615234375 -0.18408203125 -0.64752197265625
0.10516357421875 0.0453033447265625 -0.82025146484375 -0.42926025390625
0.0570335388183594 -0.0100975036621094 -0.7086181640625 0.416748046875
-0.00130367279052734 -0.00537395477294922 -0.026611328125 0.63958740234375
-0.0279903411865234 0.000755310058593754 0.301483154296875 0.326507568359375
-0.0342845916748047 0.0180988311767578 0.29150390625 -0.092437744140625
-0.0395469665527344 0.00457763671875 0.112152099609375 -0.2991943359375
-0.0339641571044922 0.00493812561035156 -0.1107177734375 0.243698120117187
-0.00821590423583984 0.00993156433105469 -0.267044067382813 -0.06451416015625
-0.0208148956298828 0.0049285888671875 -0.15496826171875 -0.488861083984375
0.014124870300293 0.0123023986816406 0.33905029296875 -0.59539794921875
0.0280609130859375 0.0443382263183594 0.80645751953125 0.03717041015625
0.0398712158203125 0.101791381835938 0.5621337890625 0.72216796875
0.0260009765625 0.182571411132813 0.05419921875 0.504241943359375
-0.0104522705078125 0.20098876953125 0.070953369140625 -0.150772094726563
0.0799331665039063 0.13018798828125 -0.31597900390625 -0.646240234375
0.0757064819335938 0.0108108520507813 -0.885009765625 -0.23614501953125
0.0285587310791016 -0.0131568908691406 -0.5635986328125 0.54852294921875
-0.00447750091552734 0.00242185592651367 0.12286376953125 0.58819580078125
-0.0218067169189453 0.00498199462890625 0.36151123046875 0.225555419921875
-0.0239028930664063 0.0209121704101562 0.285308837890625 -0.149169921875
-0.0292816162109375 0.002349853515625 0.096771240234375 -0.30194091796875
-0.0131435394287109 0.00212669372558594 -0.12030029296875 0.231781005859375
0.00731658935546875 0.0119132995605469 -0.257461547851563 -0.108810424804687
-0.012049674987793 0.0114736557006836 -0.0745849609375 -0.52294921875
-0.00114822387695312 0.0162420272827148 0.463623046875 -0.528289794921875
-0.00602912902832031 0.0303363800048828 0.8072509765625 0.21185302734375
0.00695800781249999 0.0618515014648437 0.41680908203125 0.82879638671875
0.0191116333007812 0.115684509277344 -0.023162841796875 0.4658203125
0.0115966796875 0.122299194335938 0.0643463134765625 -0.22088623046875
0.0568771362304688 0.0679664611816406 -0.4119873046875 -0.6241455078125
0.0292873382568359 -0.00935935974121094 -0.8988037109375 -0.0875244140625002
0.00184917449951172 -0.00799179077148438 -0.4400634765625 0.61627197265625
-0.00390195846557617 0.0083928108215332 0.225982666015625 0.52923583984375
-0.0103282928466797 0.00634384155273437 0.393524169921875 0.14324951171875
-0.00933265686035156 0.01971435546875 0.275863647460938 -0.189590454101563
-0.0118646621704102 -0.0019826889038086 0.085479736328125 -0.302764892578125
0.00943470001220703 -0.00124549865722656 -0.126296997070312 0.227066040039063
0.0235481262207031 0.0114307403564453 -0.251876831054688 -0.127349853515625
-0.00444698333740234 0.0168542861938477 -0.02911376953125 -0.532257080078125
-0.0185565948486328 0.0148849487304687 0.52880859375 -0.480010986328125
-0.039093017578125 0.000671386718749993 0.79205322265625 0.30731201171875
-0.0142650604248047 -0.00634765625 0.32769775390625 0.87677001953125
0.0353546142578125 0.0206031799316406 -0.066558837890625 0.4434814453125
0.0364799499511719 0.0216331481933594 0.0570831298828125 -0.25079345703125
0.0179176330566406 0.00421524047851563 -0.45855712890625 -0.602783203125
-0.0219497680664063 -0.0170917510986328 -0.89361572265625 -0.00921630859375007
-0.0219783782958984 0.00188446044921875 -0.37030029296875 0.64105224609375
0.00065135955810547 0.0107154846191406 0.272857666015625 0.492156982421875
0.00417470932006836 0.00511693954467773 0.410552978515625 0.098663330078125
0.00852584838867187 0.015141487121582 0.270858764648437 -0.2113037109375
0.0108242034912109 -0.00790309906005859 0.0809326171875 -0.3023681640625
0.031097412109375 -0.00540351867675781 -0.1268310546875 0.230712890625
0.0382614135742188 0.0061187744140625 -0.25311279296875 -0.119888305664062
0.00531959533691406 0.019195556640625 -0.031646728515625 -0.52423095703125
-0.0308322906494141 0.0105113983154297 0.52850341796875 -0.476715087890625
-0.0686264038085938 -0.0307540893554688 0.79718017578125 0.3067626953125
-0.0332107543945312 -0.0835723876953125 0.3258056640625 0.8763427734375
0.0572662353515625 -0.08355712890625 -0.07568359375 0.45196533203125
0.0606002807617188 -0.084381103515625 0.0495758056640625 -0.2364501953125
-0.0236625671386719 -0.0590286254882813 -0.45526123046875 -0.59527587890625
-0.0718307495117188 -0.0242233276367188 -0.8876953125 -0.0115356445312501
-0.0439071655273437 0.0110931396484375 -0.36993408203125 0.6412353515625
0.00196647644042969 0.0116500854492188 0.276611328125 0.4989013671875
0.0155525207519531 0.00171852111816406 0.412872314453125 0.100341796875
0.0235271453857422 0.00826835632324219 0.272567749023438 -0.214080810546875
0.0321731567382812 -0.0125255584716797 0.0823974609375 -0.305419921875
0.0469627380371094 -0.012237548828125 -0.123260498046875 0.241561889648437
0.0498847961425781 -0.00285720825195313 -0.265457153320313 -0.0881195068359375
0.0171709060668945 0.0161657333374023 -0.079132080078125 -0.502288818359375
-0.0342750549316406 0.0117835998535156 0.4664306640625 -0.520904541015625
-0.0947799682617188 -0.0451202392578125 0.813720703125 0.200439453125
-0.065338134765625 -0.142868041992188 0.4158935546875 0.82916259765625
0.0605316162109375 -0.176727294921875 -0.044342041015625 0.48687744140625
0.080291748046875 -0.180740356445312 0.0436553955078125 -0.182342529296875
-0.0556259155273438 -0.123558044433594 -0.4000244140625 -0.6009521484375
-0.114166259765625 -0.0400619506835937 -0.88275146484375 -0.0908203125
-0.0669097900390625 0.0140037536621094 -0.43572998046875 0.61376953125
0.00064373016357422 0.0128946304321289 0.2318115234375 0.5433349609375
0.0249176025390625 -0.000249862670898438 0.409027099609375 0.1492919921875
0.0357627868652344 0.00241851806640625 0.2833251953125 -0.1964111328125
0.0503959655761719 -0.0163383483886719 0.092498779296875 -0.3099365234375
0.0574836730957031 -0.0179862976074219 -0.115127563476562 0.25531005859375
0.0574455261230469 -0.0145683288574219 -0.27911376953125 -0.0371856689453125
0.0273170471191406 0.00968742370605469 -0.1619873046875 -0.4578857421875
-0.0259609222412109 0.0145511627197266 0.34295654296875 -0.58148193359375
-0.108139038085938 -0.036834716796875 0.809814453125 0.02288818359375
-0.1109619140625 -0.161285400390625 0.56329345703125 0.71875
0.0326080322265625 -0.235641479492188 0.030303955078125 0.53717041015625
0.09326171875 -0.25006103515625 0.0386505126953125 -0.0953369140625
-0.0648040771484375 -0.182037353515625 -0.3037109375 -0.60748291015625
-0.139915466308594 -0.0706939697265625 -0.8560791015625 -0.23822021484375
-0.0910873413085938 0.00556945800781251 -0.55718994140625 0.542266845703125
-0.00606155395507812 0.0123205184936523 0.13348388671875 0.60693359375
0.0290260314941406 -0.00251579284667969 0.38336181640625 0.2353515625
0.0421371459960938 -0.00192642211914063 0.2977294921875 -0.157562255859375
0.0610771179199219 -0.0169830322265625 0.107086181640625 -0.312225341796875
-0.0559921264648437 0.003173828125 -0.0869293212890625 0.267257690429688
-0.0318260192871094 0.00267028808593749 -0.275482177734375 0.0665435791015625
-0.0374603271484375 -0.00372695922851563 -0.3193359375 -0.325439453125
0.0229225158691406 -0.00680351257324219 0.000549316406250016 -0.63104248046875
0.0627479553222656 0.0208320617675781 0.65142822265625 -0.3568115234375
0.09002685546875 0.0791778564453125 0.816650390625 0.35760498046875
0.078460693359375 0.195480346679688 0.282135009765625 0.552947998046875
-0.03338623046875 0.25518798828125 0.0736846923828125 0.0611343383789063
0.0501251220703125 0.211044311523438 -0.0443115234375 -0.61566162109375
0.107765197753906 0.08343505859375 -0.69110107421875 -0.629150390625
0.0783309936523437 0.00267791748046875 -0.83294677734375 0.2242431640625
0.00626373291015625 -0.0122041702270508 -0.20770263671875 0.65740966796875
-0.0281524658203125 -0.00601387023925782 0.21563720703125 0.427459716796875
-0.03802490234375 0.0119895935058594 0.28887939453125 -0.02764892578125
-0.0404205322265625 0.00469970703124999 0.1280517578125 -0.29315185546875
-0.0482368469238281 0.00472640991210938 -0.10003662109375 0.257003784179688
-0.0226573944091797 0.00695037841796875 -0.2762451171875 -0.00132751464843744
-0.0296573638916016 -0.000656127929687496 -0.24432373046875 -0.420806884765625
0.0224628448486328 0.00269889831542969 0.175048828125 -0.63787841796875
0.0534782409667969 0.0383720397949219 0.75555419921875 -0.16925048828125
0.07379150390625 0.103858947753906 0.7120361328125 0.556884765625
0.05218505859375 0.209945678710938 0.160247802734375 0.53857421875
-0.0267486572265625 0.24774169921875 0.0734634399414063 -0.050994873046875
0.076385498046875 0.182662963867188 -0.18475341796875 -0.64825439453125
0.105415344238281 0.0453872680664063 -0.82196044921875 -0.43182373046875
0.0571327209472656 -0.00983428955078125 -0.711669921875 0.41729736328125
-0.0020604133605957 -0.00541019439697266 -0.02679443359375 0.64141845703125
-0.0286998748779297 6.67572021484393E-05 0.303009033203125 0.32861328125
-0.0340995788574219 0.0188236236572266 0.291534423828125 -0.09332275390625
-0.0391654968261719 0.00462341308593749 0.11224365234375 -0.299957275390625
-0.0328102111816406 0.00413131713867187 -0.11175537109375 0.243255615234375
-0.00815582275390625 0.0102815628051758 -0.268264770507813 -0.064544677734375
-0.0206394195556641 0.00656509399414063 -0.1546630859375 -0.489044189453125
0.0138711929321289 0.0123796463012695 0.3406982421875 -0.595703125
0.0282821655273437 0.0447158813476563 0.80780029296875 0.0352783203125
0.039520263671875 0.101593017578125 0.56317138671875 0.724365234375
0.02581787109375 0.1827392578125 0.052886962890625 0.505096435546875
-0.0102996826171875 0.201095581054688 0.070220947265625 -0.150466918945313
0.0795516967773438 0.130813598632813 -0.31524658203125 -0.64691162109375
0.0757522583007813 0.0115432739257813 -0.88714599609375 -0.2362060546875
0.0286102294921875 -0.0139865875244141 -0.5640869140625 0.54901123046875
-0.00507164001464844 0.0013728141784668 0.1229248046875 0.59075927734375
-0.0221710205078125 0.00501251220703125 0.361663818359375 0.225921630859375
-0.0243167877197266 0.0216293334960937 0.28533935546875 -0.149169921875
-0.0290145874023438 0.0030364990234375 0.096221923828125 -0.301849365234375
-0.0117149353027344 0.00201129913330078 -0.120742797851562 0.232223510742188
0.00774097442626953 0.0128231048583984 -0.259140014648438 -0.108322143554688
-0.0118627548217773 0.0126609802246094 -0.074310302734375 -0.52508544921875
-0.00180625915527344 0.0166387557983398 0.46514892578125 -0.5274658203125
-0.00565910339355468 0.0313243865966797 0.8089599609375 0.2119140625
0.00754165649414062 0.0622406005859375 0.416748046875 0.83056640625
0.0182647705078125 0.115371704101563 -0.025726318359375 0.4658203125
0.011810302734375 0.121910095214844 0.0647735595703125 -0.220367431640625
0.0576591491699219 0.0687179565429688 -0.41143798828125 -0.6248779296875
0.0296573638916016 -0.00842475891113281 -0.90118408203125 -0.0870361328125
0.00180530548095703 -0.00809812545776367 -0.4403076171875 0.61834716796875
-0.00361776351928711 0.00762176513671875 0.2232666015625 0.5303955078125
-0.0107736587524414 0.006622314453125 0.39495849609375 0.144927978515625
-0.00845527648925781 0.0199851989746094 0.277023315429687 -0.189910888671875
-0.0109720230102539 -0.0015115737915039 0.086029052734375 -0.30419921875
0.0110006332397461 -0.00207614898681641 -0.127731323242188 0.227294921875
0.0237140655517578 0.0110702514648438 -0.25250244140625 -0.127304077148437
-0.00424766540527344 0.0176906585693359 -0.0294189453125 -0.533050537109375
-0.0191841125488281 0.0152931213378906 0.528900146484375 -0.479339599609375
-0.0394973754882813 0.000492095947265634 0.79443359375 0.310302734375
-0.0131721496582031 -0.00681495666503907 0.32757568359375 0.87762451171875
0.0359306335449219 0.0197486877441406 -0.06854248046875 0.4434814453125
0.0369758605957031 0.0219879150390625 0.0562744140625 -0.249969482421875
0.0188846588134766 0.00451087951660156 -0.45892333984375 -0.60504150390625
-0.0219287872314453 -0.0170764923095703 -0.89556884765625 -0.0103149414062499
-0.0226268768310547 0.00221633911132812 -0.37237548828125 0.644775390625
-0.00046253204345703 0.0113925933837891 0.275115966796875 0.495086669921875
0.00261640548706055 0.00520658493041992 0.409820556640625 0.10137939453125
0.00905418395996094 0.014866828918457 0.271011352539063 -0.211166381835938
0.0111408233642578 -0.00811004638671875 0.0810546875 -0.303863525390625
0.0313186645507813 -0.00738525390625 -0.127548217773437 0.232101440429688
0.0393943786621094 0.00616073608398438 -0.254714965820313 -0.118881225585938
0.00485610961914063 0.0194072723388672 -0.031585693359375 -0.524658203125
-0.0311222076416016 0.0116996765136719 0.531341552734375 -0.476226806640625
-0.0696563720703125 -0.0303153991699219 0.797607421875 0.30596923828125
-0.0319671630859375 -0.0837249755859375 0.32635498046875 0.8782958984375
0.0584030151367188 -0.085174560546875 -0.075714111328125 0.451934814453125
0.0610885620117188 -0.0847015380859375 0.0495147705078125 -0.23712158203125
-0.0234451293945313 -0.0601692199707031 -0.45587158203125 -0.595947265625
-0.072418212890625 -0.0235214233398437 -0.89044189453125 -0.01483154296875
-0.044097900390625 0.0116615295410156 -0.37091064453125 0.6431884765625
0.00162220001220703 0.0110998153686523 0.27783203125 0.499481201171875
0.0157098770141602 0.00210189819335938 0.416229248046875 0.102447509765625
0.0246543884277344 0.00836753845214844 0.273483276367188 -0.21417236328125
0.0326271057128906 -0.0128841400146484 0.082672119140625 -0.305755615234375
0.0474929809570313 -0.0136451721191406 -0.12359619140625 0.242950439453125
0.0506629943847656 -0.00356674194335938 -0.266815185546875 -0.0869903564453125
0.0171699523925781 0.0169696807861328 -0.079925537109375 -0.50433349609375
-0.0348930358886719 0.0124416351318359 0.46710205078125 -0.5213623046875
-0.0944595336914063 -0.0450820922851563 0.81610107421875 0.20159912109375
-0.0650787353515625 -0.1436767578125 0.41729736328125 0.83062744140625
0.0603485107421875 -0.176712036132813 -0.04638671875 0.4884033203125
0.080718994140625 -0.181198120117188 0.042755126953125 -0.181259155273438
-0.0551528930664062 -0.123359680175781 -0.4000244140625 -0.6015625
-0.114387512207031 -0.0392837524414063 -0.88360595703125 -0.0906982421874999
-0.0678253173828125 0.0145301818847656 -0.4373779296875 0.6170654296875
-0.000415802001953125 0.0123634338378906 0.231658935546875 0.54327392578125
0.0247917175292969 -0.000612258911132813 0.40985107421875 0.150665283203125
0.0365867614746094 0.00251388549804688 0.284027099609375 -0.197235107421875
0.0507316589355469 -0.0170516967773438 0.09197998046875 -0.3099365234375
0.0580558776855469 -0.0198898315429687 -0.115890502929688 0.256439208984375
0.0575637817382813 -0.0151252746582031 -0.280258178710938 -0.0363922119140624
0.0277481079101563 0.00966262817382813 -0.1614990234375 -0.459564208984375
-0.0262298583984375 0.0150032043457031 0.34423828125 -0.5833740234375
-0.108802795410156 -0.0361099243164063 0.81390380859375 0.0220947265625
-0.11041259765625 -0.161376953125 0.56500244140625 0.720458984375
0.032745361328125 -0.236846923828125 0.02880859375 0.5377197265625
0.09375 -0.250579833984375 0.0385055541992188 -0.0943832397460938
-0.0643310546875 -0.182266235351563 -0.3028564453125 -0.6092529296875
-0.140098571777344 -0.0699005126953125 -0.85845947265625 -0.23809814453125
-0.0920028686523437 0.00594329833984376 -0.560455322265625 0.544647216796875
-0.00683498382568359 0.0128011703491211 0.1329345703125 0.609375
0.0293407440185547 -0.00224494934082031 0.3837890625 0.23760986328125
0.0428466796875 -0.00182342529296875 0.29840087890625 -0.158721923828125
0.0614700317382813 -0.0180473327636719 0.106658935546875 -0.3125
-0.0550613403320313 0.00238037109375 -0.087005615234375 0.266708374023437
-0.0316581726074219 0.00328445434570312 -0.277679443359375 0.0666809082031251
-0.0378532409667969 -0.00301742553710937 -0.320648193359375 -0.32659912109375
0.022918701171875 -0.00646018981933594 0.0018310546875 -0.63311767578125
0.0624427795410156 0.0208511352539062 0.65435791015625 -0.357177734375
0.0911407470703125 0.080169677734375 0.8187255859375 0.35784912109375
0.07989501953125 0.196243286132813 0.28125 0.5550537109375
-0.0335845947265625 0.255569458007813 0.0733413696289063 0.0616531372070313
0.049652099609375 0.21112060546875 -0.0439453125 -0.617431640625
0.108833312988281 0.0836029052734375 -0.69061279296875 -0.630126953125
0.077362060546875 0.00336456298828125 -0.8372802734375 0.2249755859375
0.00665855407714844 -0.0125532150268555 -0.20806884765625 0.660888671875
-0.0278835296630859 -0.00513076782226563 0.21673583984375 0.429443359375
-0.0377693176269531 0.0133514404296875 0.28955078125 -0.028076171875
-0.0407485961914063 0.00549697875976562 0.12786865234375 -0.2947998046875
-0.04736328125 0.00324249267578126 -0.10009765625 0.256820678710937
-0.0214900970458984 0.00665855407714844 -0.278289794921875 -0.000915527343750005
-0.0298309326171875 0.000793457031250004 -0.245330810546875 -0.423431396484375
0.0228519439697266 0.00266265869140625 0.1761474609375 -0.63922119140625
0.0535621643066406 0.0387687683105469 0.75927734375 -0.17108154296875
0.074127197265625 0.104660034179688 0.7142333984375 0.56072998046875
0.0525054931640625 0.20947265625 0.159912109375 0.5394287109375
-0.026458740234375 0.24859619140625 0.0731582641601563 -0.0506820678710937
0.076171875 0.183029174804688 -0.1849365234375 -0.65228271484375
0.105201721191406 0.0459518432617188 -0.82501220703125 -0.43194580078125
0.0572090148925781 -0.0099639892578125 -0.71551513671875 0.4189453125
-0.00175762176513672 -0.00551271438598633 -0.0272216796874999 0.6458740234375
-0.0283908843994141 0.000169754028320308 0.30316162109375 0.329864501953125
-0.0346775054931641 0.0191688537597656 0.292572021484375 -0.094024658203125
-0.0389823913574219 0.0050811767578125 0.112823486328125 -0.300262451171875
-0.0319461822509766 0.00357246398925781 -0.112060546875 0.243209838867188
-0.00778675079345703 0.0104942321777344 -0.271591186523438 -0.06365966796875
-0.0208854675292969 0.0063629150390625 -0.15576171875 -0.492034912109375
0.0133085250854492 0.0124959945678711 0.34375 -0.597412109375
0.0274887084960938 0.0451545715332031 0.81219482421875 0.037353515625
0.0411605834960938 0.102096557617188 0.5662841796875 0.72784423828125
0.025726318359375 0.18267822265625 0.050689697265625 0.506103515625
-0.00993347167968748 0.201797485351562 0.0696258544921875 -0.150650024414062
0.0796661376953125 0.131217956542969 -0.31610107421875 -0.64984130859375
0.0757369995117188 0.0125198364257813 -0.88946533203125 -0.2369384765625
0.0288867950439453 -0.0130596160888672 -0.56732177734375 0.552001953125
-0.00600719451904297 0.00270605087280273 0.12310791015625 0.59417724609375
-0.0220108032226563 0.00529861450195312 0.363189697265625 0.22857666015625
-0.0235481262207031 0.0211048126220703 0.28643798828125 -0.1497802734375
-0.0289402008056641 0.00290870666503906 0.09722900390625 -0.30340576171875
-0.0113496780395508 0.000817298889160155 -0.121978759765625 0.233612060546875
0.00827503204345703 0.0127449035644531 -0.26129150390625 -0.108123779296875
-0.0122127532958984 0.0141277313232422 -0.0745849609375 -0.52752685546875
-0.00265216827392578 0.0174655914306641 0.467620849609375 -0.53106689453125
-0.00601768493652344 0.0312919616699219 0.813232421875 0.2144775390625
0.0087127685546875 0.0632209777832031 0.418212890625 0.83319091796875
0.0186538696289062 0.115653991699219 -0.02679443359375 0.467529296875
0.0120849609375 0.122337341308594 0.0636749267578125 -0.220474243164063
0.0581474304199219 0.0685653686523438 -0.413330078125 -0.626708984375
0.0297489166259766 -0.007781982421875 -0.9058837890625 -0.0900878906249999
0.000616073608398438 -0.0081024169921875 -0.4443359375 0.62030029296875
-0.00392246246337891 0.00806951522827148 0.2255859375 0.53363037109375
-0.0105133056640625 0.0065155029296875 0.396484375 0.1458740234375
-0.00826072692871094 0.0207290649414063 0.278152465820313 -0.19012451171875
-0.0107440948486328 -0.002593994140625 0.08697509765625 -0.30474853515625
0.0104227066040039 -0.00292491912841797 -0.127899169921875 0.2288818359375
0.0246734619140625 0.0116863250732422 -0.254592895507813 -0.127059936523437
-0.00447463989257813 0.0182285308837891 -0.028167724609375 -0.536285400390625
-0.0196743011474609 0.0152168273925781 0.533905029296875 -0.48114013671875
-0.0396499633789063 0.00136184692382813 0.79962158203125 0.3101806640625
-0.0120105743408203 -0.00643348693847657 0.3262939453125 0.88238525390625
0.0363998413085938 0.0198402404785156 -0.068939208984375 0.44580078125
0.0369644165039062 0.021026611328125 0.056732177734375 -0.25006103515625
0.0186443328857422 0.00397872924804688 -0.46014404296875 -0.6060791015625
-0.0224628448486328 -0.0164775848388672 -0.8984375 -0.0098266601562501
-0.0231475830078125 0.00238037109375 -0.3729248046875 0.6463623046875
-0.000868797302246093 0.0109882354736328 0.275146484375 0.497100830078125
0.00308418273925781 0.00500822067260742 0.41229248046875 0.100677490234375
0.00888919830322265 0.0154237747192383 0.27215576171875 -0.213058471679688
0.0107488632202148 -0.00856494903564453 0.081756591796875 -0.305023193359375
0.0316562652587891 -0.00857925415039063 -0.128997802734375 0.233428955078125
0.0391082763671875 0.00568008422851563 -0.256149291992187 -0.117645263671875
0.0048980712890625 0.0199089050292969 -0.03118896484375 -0.528717041015625
-0.0325546264648438 0.0118122100830078 0.533172607421875 -0.478851318359375
-0.06951904296875 -0.0309600830078125 0.80303955078125 0.3099365234375
-0.0312118530273437 -0.0841140747070313 0.3265380859375 0.88165283203125
0.0581512451171875 -0.0846023559570313 -0.07940673828125 0.453399658203125
0.0617218017578125 -0.0858230590820313 0.049346923828125 -0.236297607421875
-0.0231971740722656 -0.0599937438964844 -0.45611572265625 -0.59796142578125
-0.0722808837890625 -0.02301025390625 -0.89453125 -0.0134887695312499
-0.0448417663574219 0.012115478515625 -0.37353515625 0.64593505859375
0.00192546844482422 0.0119409561157227 0.277740478515625 0.503173828125
0.0157985687255859 0.00224113464355469 0.416717529296875 0.101715087890625
0.0246562957763672 0.00859642028808594 0.273941040039063 -0.216644287109375
0.0331592559814453 -0.0137062072753906 0.0831298828125 -0.306884765625
0.0476112365722656 -0.0156745910644531 -0.124069213867188 0.243911743164063
0.0511550903320312 -0.00388717651367187 -0.267440795898438 -0.08587646484375
0.0167388916015625 0.0171947479248047 -0.0810546875 -0.5062255859375
-0.0353736877441406 0.0123863220214844 0.47113037109375 -0.524932861328125
-0.0951080322265625 -0.0450820922851563 0.819580078125 0.20166015625
-0.06451416015625 -0.143310546875 0.41943359375 0.832275390625
0.06121826171875 -0.178634643554688 -0.04705810546875 0.48974609375
0.0812835693359375 -0.182937622070313 0.041839599609375 -0.180496215820313
-0.0550384521484375 -0.123863220214844 -0.4007568359375 -0.60302734375
-0.114143371582031 -0.0397491455078125 -0.88720703125 -0.0916748046875001
-0.0681343078613281 0.0144157409667969 -0.44024658203125 0.61920166015625
-0.000433921813964845 0.0127096176147461 0.2340087890625 0.5477294921875
0.0246696472167969 -0.000255584716796875 0.4114990234375 0.149810791015625
0.0368576049804688 0.003173828125 0.284027099609375 -0.19970703125
0.0506591796875 -0.0185317993164063 0.092254638671875 -0.311431884765625
0.0585098266601563 -0.0210723876953125 -0.1158447265625 0.257553100585938
0.0582237243652344 -0.015899658203125 -0.28179931640625 -0.0355224609375
0.027740478515625 0.0108184814453125 -0.16241455078125 -0.46075439453125
-0.0268688201904297 0.0148811340332031 0.34686279296875 -0.58648681640625
-0.110260009765625 -0.0374298095703125 0.8170166015625 0.02203369140625
-0.109878540039063 -0.16241455078125 0.56744384765625 0.72296142578125
0.03302001953125 -0.238143920898438 0.028289794921875 0.5400390625
0.09442138671875 -0.252532958984375 0.0376052856445313 -0.0938796997070313
-0.06402587890625 -0.18377685546875 -0.30364990234375 -0.61090087890625
-0.140899658203125 -0.069732666015625 -0.86138916015625 -0.23858642578125
-0.0924224853515625 0.00648498535156249 -0.5623779296875 0.546142578125
-0.0074920654296875 0.0130729675292969 0.135498046875 0.61328125
0.0303478240966797 -0.00220298767089844 0.3868408203125 0.238494873046875
0.0433616638183594 -0.00220489501953125 0.298828125 -0.159088134765625
0.0625877380371094 -0.0195121765136719 0.1060791015625 -0.313507080078125
-0.0540580749511719 0.00211715698242187 -0.0878143310546875 0.267776489257813
-0.0311679840087891 0.00304794311523437 -0.279434204101563 0.0677032470703125
-0.0381011962890625 -0.00180816650390625 -0.322540283203125 -0.32843017578125
0.0225391387939453 -0.00706863403320313 0.0015869140625 -0.63623046875
0.0634727478027344 0.0221138000488281 0.656982421875 -0.3587646484375
0.0922622680664063 0.0801925659179688 0.82318115234375 0.3580322265625
0.0802154541015625 0.196304321289063 0.28314208984375 0.5572509765625
-0.033782958984375 0.256515502929688 0.072998046875 0.0624465942382813
0.050048828125 0.211868286132813 -0.0433349609375 -0.6201171875
0.10882568359375 0.0845565795898438 -0.69549560546875 -0.63275146484375
0.0781631469726563 0.0028533935546875 -0.8408203125 0.22650146484375
0.00650310516357422 -0.012486457824707 -0.2083740234375 0.665771484375
-0.0283546447753906 -0.00488662719726563 0.218841552734375 0.433502197265625
-0.0370407104492188 0.013397216796875 0.291351318359375 -0.028564453125
-0.0401954650878906 0.00488281250000001 0.128509521484375 -0.2965087890625
-0.0464897155761719 0.00289535522460938 -0.100830078125 0.258224487304688
-0.0204181671142578 0.00747108459472656 -0.280487060546875 -3.05175781250031E-05
-0.029815673828125 0.00168037414550781 -0.247314453125 -0.423980712890625
0.0221958160400391 0.00349235534667969 0.17681884765625 -0.64288330078125
0.0544815063476563 0.0392608642578125 0.76361083984375 -0.173095703125
0.0751113891601563 0.105064392089844 0.71917724609375 0.55889892578125
0.0531005859375 0.209884643554688 0.159149169921875 0.54254150390625
-0.026214599609375 0.2498779296875 0.0724105834960938 -0.050506591796875
0.077056884765625 0.184371948242188 -0.1859130859375 -0.65411376953125
0.105545043945313 0.04693603515625 -0.829345703125 -0.43341064453125
0.0572013854980469 -0.0105094909667969 -0.71734619140625 0.42236328125
-0.00197935104370117 -0.00527238845825195 -0.0263671875 0.6490478515625
-0.0285587310791016 0.000930786132812495 0.306549072265625 0.332244873046875
-0.0337314605712891 0.0198345184326172 0.2940673828125 -0.094635009765625
-0.0381202697753906 0.00457763671875 0.1126708984375 -0.3018798828125
-0.0309200286865234 0.001983642578125 -0.112777709960938 0.244644165039063
-0.0064859390258789 0.0101490020751953 -0.274032592773438 -0.0630340576171875
-0.0204830169677734 0.00734710693359375 -0.15740966796875 -0.493438720703125
0.0132722854614258 0.0129976272583008 0.34356689453125 -0.60028076171875
0.0280723571777344 0.0457344055175781 0.81494140625 0.0380859375
0.041778564453125 0.102981567382813 0.56951904296875 0.7288818359375
0.026641845703125 0.182586669921875 0.05206298828125 0.50836181640625
-0.009063720703125 0.20306396484375 0.068939208984375 -0.15020751953125
0.0807418823242188 0.131271362304687 -0.317626953125 -0.65118408203125
0.0762557983398438 0.0120315551757813 -0.8944091796875 -0.23638916015625
0.0281982421875 -0.0133686065673828 -0.570556640625 0.5556640625
-0.0059199333190918 0.00194931030273438 0.12506103515625 0.59771728515625
-0.0226001739501953 0.00571632385253906 0.3663330078125 0.229156494140625
-0.0232830047607422 0.0219440460205078 0.28753662109375 -0.15142822265625
-0.0278472900390625 0.00300979614257812 0.09747314453125 -0.305206298828125
-0.0109739303588867 -0.000234603881835935 -0.122299194335937 0.234649658203125
0.00937461853027344 0.0122356414794922 -0.2630615234375 -0.106399536132813
-0.0123300552368164 0.0136270523071289 -0.075469970703125 -0.52899169921875
-0.00261402130126953 0.017308235168457 0.46990966796875 -0.534210205078125
-0.00575447082519531 0.0319061279296875 0.81890869140625 0.21429443359375
0.00864791870117188 0.0631217956542969 0.42083740234375 0.835693359375
0.0189743041992188 0.11553955078125 -0.02728271484375 0.468170166015625
0.0125503540039063 0.122627258300781 0.0632171630859375 -0.22027587890625
0.0584144592285156 0.0683708190917969 -0.41552734375 -0.62921142578125
0.0289421081542969 -0.00772857666015625 -0.9095458984375 -0.0893554687500001
0.000559806823730468 -0.0081028938293457 -0.445556640625 0.62493896484375
-0.00437355041503906 0.00828742980957031 0.227691650390625 0.5367431640625
-0.0108222961425781 0.00721359252929688 0.398284912109375 0.145843505859375
-0.00783157348632813 0.0201416015625 0.277877807617188 -0.191848754882813
-0.0106716156005859 -0.00324535369873047 0.086639404296875 -0.30706787109375
0.0118370056152344 -0.00443172454833984 -0.128433227539062 0.23004150390625
0.0255146026611328 0.0112648010253906 -0.256271362304688 -0.125503540039062
-0.00417709350585938 0.0191078186035156 -0.0295715332031249 -0.539154052734375
-0.0208683013916016 0.0161533355712891 0.53619384765625 -0.48419189453125
-0.0403213500976563 0.00167083740234374 0.80523681640625 0.3123779296875
-0.0122404098510742 -0.00698757171630859 0.3291015625 0.88372802734375
0.0362319946289063 0.0185966491699219 -0.0712890625 0.447418212890625
0.0379066467285156 0.0208091735839844 0.0557403564453125 -0.250442504882813
0.0187816619873047 0.00410270690917969 -0.4627685546875 -0.60797119140625
-0.0228767395019531 -0.0154514312744141 -0.90399169921875 -0.00927734374999989
-0.0235767364501953 0.00246429443359375 -0.37445068359375 0.6500244140625
-5.43594360351566E-05 0.0104284286499023 0.2779541015625 0.500762939453125
0.00317859649658203 0.00494956970214844 0.414031982421875 0.101715087890625
0.0102815628051758 0.0157432556152344 0.272384643554688 -0.215240478515625
0.010930061340332 -0.00852298736572266 0.081390380859375 -0.30682373046875
0.0318355560302734 -0.0107936859130859 -0.1290283203125 0.234512329101563
0.0401191711425781 0.00500106811523437 -0.258026123046875 -0.11700439453125
0.00573539733886719 0.0208301544189453 -0.032012939453125 -0.5301513671875
-0.0324382781982422 0.01263427734375 0.5355224609375 -0.4822998046875
-0.0702095031738281 -0.0301971435546875 0.80523681640625 0.3104248046875
-0.0309524536132813 -0.0849533081054688 0.329345703125 0.88519287109375
0.0590438842773438 -0.0864639282226563 -0.07855224609375 0.45648193359375
0.0614852905273438 -0.086456298828125 0.048309326171875 -0.236129760742188
-0.023223876953125 -0.0606651306152344 -0.45947265625 -0.59954833984375
-0.0726852416992188 -0.0234375 -0.89788818359375 -0.0117187500000001
-0.0454444885253906 0.0130233764648438 -0.3736572265625 0.65045166015625
0.00176811218261719 0.0121946334838867 0.27996826171875 0.50689697265625
0.0150737762451172 0.00254726409912109 0.420074462890625 0.1019287109375
0.0254688262939453 0.00860977172851563 0.274368286132813 -0.218307495117187
0.0324268341064453 -0.0149040222167969 0.0831298828125 -0.309722900390625
0.0478096008300781 -0.0174484252929688 -0.12481689453125 0.246307373046875
0.0516128540039063 -0.004730224609375 -0.269393920898438 -0.0850982666015625
0.0176868438720703 0.0180473327636719 -0.08282470703125 -0.508544921875
-0.0361557006835938 0.0132713317871094 0.471649169921875 -0.52703857421875
-0.09619140625 -0.0453033447265625 0.8253173828125 0.201904296875
-0.0638275146484375 -0.143783569335938 0.42041015625 0.83551025390625
0.0613250732421875 -0.180099487304688 -0.0474853515625 0.492279052734375
0.081207275390625 -0.18389892578125 0.0421142578125 -0.180755615234375
-0.0553817749023438 -0.124839782714844 -0.40380859375 -0.60577392578125
-0.114952087402344 -0.039398193359375 -0.89324951171875 -0.0906982421875002
-0.0690345764160156 0.015838623046875 -0.4432373046875 0.62310791015625
-0.000963211059570312 0.0128889083862305 0.236297607421875 0.550811767578125
0.0254497528076172 -0.00127029418945313 0.414093017578125 0.14990234375
0.0376472473144531 0.00244522094726563 0.284912109375 -0.200653076171875
0.0505142211914063 -0.0191459655761719 0.09271240234375 -0.312530517578125
0.0577049255371094 -0.0225410461425781 -0.115768432617188 0.25970458984375
0.0583343505859375 -0.0165214538574219 -0.28228759765625 -0.0338439941406251
0.0286293029785156 0.0105628967285156 -0.16424560546875 -0.463592529296875
-0.0275669097900391 0.0155620574951172 0.3472900390625 -0.58990478515625
-0.109748840332031 -0.0370559692382812 0.82183837890625 0.0218505859375
-0.110916137695313 -0.1641845703125 0.5712890625 0.72479248046875
0.0331573486328125 -0.239669799804688 0.02679443359375 0.5411376953125
0.09466552734375 -0.253372192382813 0.0377273559570313 -0.0922470092773438
-0.064239501953125 -0.183639526367188 -0.304443359375 -0.6136474609375
-0.14080810546875 -0.069671630859375 -0.866455078125 -0.240234375
-0.0933990478515625 0.0070953369140625 -0.56396484375 0.55108642578125
-0.00806617736816406 0.0134134292602539 0.13726806640625 0.61700439453125
0.0300464630126953 -0.00289726257324219 0.38836669921875 0.238006591796875
0.0437812805175781 -0.00226974487304688 0.299957275390625 -0.1614990234375
0.0620803833007813 -0.0202865600585938 0.10693359375 -0.315582275390625
-0.0535240173339844 0.00160980224609376 -0.0875396728515625 0.2677001953125
-0.0306739807128906 0.00331497192382812 -0.281341552734375 0.06866455078125
-0.0382537841796875 -0.000854492187500001 -0.32415771484375 -0.3291015625
0.0227336883544922 -0.00692558288574219 -0.000427246093749967 -0.637939453125
0.0638236999511719 0.0216827392578125 0.66015625 -0.363037109375
0.0935287475585938 0.0811538696289063 0.82916259765625 0.35791015625
0.0813140869140625 0.1962890625 0.28399658203125 0.55859375
-0.033416748046875 0.257736206054688 0.0732574462890625 0.0618667602539063
0.0504302978515625 0.212478637695313 -0.0445556640625 -0.622314453125
0.109283447265625 0.084442138671875 -0.70086669921875 -0.63360595703125
0.077728271484375 0.00214385986328125 -0.84521484375 0.23004150390625
0.00725364685058594 -0.0126237869262695 -0.207275390625 0.67041015625
-0.0288505554199219 -0.00513267517089843 0.220306396484375 0.4354248046875
-0.0366401672363281 0.0144081115722656 0.292724609375 -0.029296875
-0.039642333984375 0.00406265258789062 0.12823486328125 -0.29931640625
-0.046173095703125 0.00272369384765625 -0.100906372070313 0.258148193359375
-0.0204372406005859 0.00826454162597656 -0.28289794921875 0.000213623046875059
-0.0302772521972656 0.0023193359375 -0.25 -0.425537109375
0.0221614837646484 0.00350570678710937 0.17620849609375 -0.646484375
0.0532493591308594 0.0392189025878906 0.76849365234375 -0.17498779296875
0.0773239135742188 0.105316162109375 0.72442626953125 0.56182861328125
0.0540771484375 0.210617065429688 0.162078857421875 0.543548583984375
-0.025665283203125 0.250808715820313 0.0714187622070313 -0.05084228515625
0.077056884765625 0.185211181640625 -0.18792724609375 -0.65576171875
0.106475830078125 0.047332763671875 -0.8348388671875 -0.43408203125
0.0576820373535156 -0.0102920532226563 -0.71917724609375 0.42498779296875
-0.00245809555053711 -0.00563383102416992 -0.0252075195312499 0.6551513671875
-0.0284919738769531 0.000921249389648443 0.3106689453125 0.334197998046875
-0.0331268310546875 0.0201568603515625 0.294891357421875 -0.09710693359375
-0.0382308959960938 0.00417709350585938 0.11175537109375 -0.30426025390625
-0.0308761596679687 0.00108528137207031 -0.113510131835937 0.245635986328125
-0.00578784942626953 0.0114459991455078 -0.276397705078125 -0.0611572265625
-0.0210399627685547 0.008056640625 -0.15875244140625 -0.496185302734375
0.0121898651123047 0.0134296417236328 0.3460693359375 -0.60418701171875
0.0280799865722656 0.0460777282714844 0.82220458984375 0.03582763671875
0.0424880981445313 0.103233337402344 0.57452392578125 0.73211669921875
0.02728271484375 0.1834716796875 0.051971435546875 0.50982666015625
-0.00843811035156252 0.20269775390625 0.0688323974609375 -0.15087890625
0.0811996459960938 0.132164001464844 -0.32122802734375 -0.6536865234375
0.0763168334960937 0.0130538940429687 -0.89990234375 -0.2359619140625
0.0282173156738281 -0.0140724182128906 -0.57269287109375 0.56085205078125
-0.0056462287902832 0.00239658355712891 0.12701416015625 0.6014404296875
-0.0223960876464844 0.00543022155761719 0.3695068359375 0.230621337890625
-0.0226669311523438 0.0225772857666016 0.28814697265625 -0.154327392578125
-0.02825927734375 0.00179290771484375 0.096343994140625 -0.306488037109375
-0.00999832153320313 -0.00175762176513672 -0.123016357421875 0.236251831054688
0.0101413726806641 0.0128097534179687 -0.26605224609375 -0.105987548828125
-0.0126876831054688 0.0147886276245117 -0.0787353515624999 -0.5313720703125
-0.00351524353027344 0.0180091857910156 0.472198486328125 -0.53790283203125
-0.00613975524902343 0.0317592620849609 0.823486328125 0.21270751953125
0.00924301147460937 0.0628929138183594 0.425048828125 0.83807373046875
0.0195999145507813 0.114768981933594 -0.027374267578125 0.47161865234375
0.0133056640625 0.121986389160156 0.06280517578125 -0.22088623046875
0.0586967468261719 0.0692405700683594 -0.419189453125 -0.63079833984375
0.0299301147460938 -0.00724411010742188 -0.9141845703125 -0.0863037109375002
0.000646114349365235 -0.00741243362426758 -0.44610595703125 0.63018798828125
-0.00396728515625 0.00822687149047852 0.231842041015625 0.541534423828125
-0.0101499557495117 0.00701999664306641 0.401031494140625 0.146026611328125
-0.00712776184082031 0.0204124450683594 0.278152465820313 -0.1943359375
-0.0110225677490234 -0.00366115570068359 0.08612060546875 -0.30816650390625
0.0125322341918945 -0.00604057312011719 -0.128555297851563 0.232574462890625
0.0261974334716797 0.0112323760986328 -0.259048461914063 -0.124588012695312
-0.00408554077148438 0.0202274322509766 -0.03192138671875 -0.542877197265625
-0.0210552215576172 0.0160026550292969 0.53759765625 -0.487548828125
-0.0400047302246094 0.0013580322265625 0.80987548828125 0.31170654296875
-0.011775016784668 -0.00615119934082032 0.332275390625 0.887451171875
0.0365829467773438 0.017822265625 -0.070404052734375 0.44927978515625
0.0380592346191406 0.0206832885742188 0.054962158203125 -0.250579833984375
0.0191879272460938 0.0038299560546875 -0.46728515625 -0.6094970703125
-0.0225486755371094 -0.0155391693115234 -0.909912109375 -0.00531005859374989
-0.0239582061767578 0.0033111572265625 -0.37493896484375 0.65570068359375
-0.000360488891601562 0.0115814208984375 0.280517578125 0.504150390625
0.00265407562255859 0.00504302978515625 0.417205810546875 0.100311279296875
0.00992107391357422 0.015681266784668 0.272506713867188 -0.217498779296875
0.0111103057861328 -0.0098724365234375 0.081939697265625 -0.309051513671875
0.0319442749023438 -0.0115566253662109 -0.12884521484375 0.2371826171875
0.0409355163574219 0.00540924072265625 -0.260391235351562 -0.116180419921875
0.00595283508300781 0.0209770202636719 -0.0344543457031251 -0.532745361328125
-0.0334053039550781 0.0128841400146484 0.538116455078125 -0.485992431640625
-0.0702400207519531 -0.0300445556640625 0.81243896484375 0.30926513671875
-0.030914306640625 -0.0855636596679688 0.33343505859375 0.8863525390625
0.0586013793945312 -0.0879135131835938 -0.078338623046875 0.45782470703125
0.0616378784179688 -0.0872802734375 0.0471343994140625 -0.235809326171875
-0.0237693786621094 -0.0607414245605469 -0.46209716796875 -0.60107421875
-0.0732345581054688 -0.022705078125 -0.90228271484375 -0.00958251953125013
-0.0464515686035156 0.013641357421875 -0.373046875 0.6556396484375
0.00085926055908203 0.0124397277832031 0.2843017578125 0.50823974609375
0.0160436630249023 0.00190830230712891 0.421539306640625 0.100860595703125
0.0265312194824219 0.00884437561035156 0.274734497070313 -0.22216796875
0.0334358215332031 -0.0153560638427734 0.08160400390625 -0.31085205078125
0.0484962463378906 -0.0184974670410156 -0.1241455078125 0.24835205078125
0.0528106689453125 -0.00469589233398438 -0.27105712890625 -0.0835113525390625
0.0169277191162109 0.0182895660400391 -0.0838623046875 -0.511932373046875
-0.036773681640625 0.0133323669433594 0.472747802734375 -0.5328369140625
-0.096435546875 -0.0445709228515625 0.82904052734375 0.20111083984375
-0.06390380859375 -0.145370483398438 0.42657470703125 0.8377685546875
0.060791015625 -0.181671142578125 -0.048248291015625 0.494873046875
0.0820465087890625 -0.18475341796875 0.041107177734375 -0.180465698242187
-0.055572509765625 -0.125152587890625 -0.40728759765625 -0.60687255859375
-0.115364074707031 -0.0382308959960938 -0.89837646484375 -0.0903320312499999
-0.0697898864746094 0.0166778564453125 -0.44219970703125 0.62933349609375
-0.00123691558837891 0.0127677917480469 0.240234375 0.554351806640625
0.0259552001953125 -0.00107192993164063 0.416900634765625 0.14959716796875
0.0383644104003906 0.00206756591796875 0.285430908203125 -0.20404052734375
0.0508460998535156 -0.0193252563476563 0.092529296875 -0.31451416015625
0.0581932067871094 -0.0240402221679688 -0.115158081054688 0.260955810546875
0.0594520568847656 -0.0175323486328125 -0.284210205078125 -0.0316162109375
0.0288028717041016 0.0100479125976563 -0.167144775390625 -0.46588134765625
-0.0283107757568359 0.0158405303955078 0.347900390625 -0.59490966796875
-0.110786437988281 -0.0366287231445313 0.825927734375 0.01885986328125
-0.111068725585937 -0.164764404296875 0.57373046875 0.72735595703125
0.03240966796875 -0.2430419921875 0.02880859375 0.545623779296875
0.0940093994140625 -0.2562255859375 0.0369873046875 -0.09185791015625
-0.065032958984375 -0.185043334960938 -0.30731201171875 -0.61529541015625
-0.14208984375 -0.0695037841796875 -0.87005615234375 -0.23944091796875
-0.0939712524414063 0.00798797607421875 -0.5675048828125 0.55633544921875
-0.00794124603271485 0.0139760971069336 0.14111328125 0.62103271484375
0.0300979614257813 -0.00321769714355469 0.391326904296875 0.2381591796875
0.0448951721191406 -0.00275421142578125 0.30078125 -0.1639404296875
0.0626182556152344 -0.0213050842285156 0.10638427734375 -0.317413330078125
-0.0525932312011719 0.00112152099609375 -0.087615966796875 0.269607543945313
-0.0292224884033203 0.00410461425781251 -0.283538818359375 0.07110595703125
-0.0384941101074219 -0.000434875488281242 -0.328857421875 -0.32940673828125
0.0224952697753906 -0.00690078735351562 -0.00140380859375006 -0.64251708984375
0.0644912719726563 0.0217399597167969 0.66357421875 -0.36676025390625
0.0946273803710938 0.0804977416992188 0.83502197265625 0.35443115234375
0.0831298828125 0.195709228515625 0.28668212890625 0.5604248046875
-0.0323333740234375 0.258956909179688 0.0729446411132813 0.0627670288085938
0.0522003173828125 0.213516235351563 -0.0471801757812499 -0.625732421875
0.110221862792969 0.0859146118164062 -0.70660400390625 -0.633544921875
0.07794189453125 0.00252532958984375 -0.8463134765625 0.2357177734375
0.00658512115478516 -0.0126581192016602 -0.20587158203125 0.67681884765625
-0.0286788940429687 -0.00475120544433594 0.225738525390625 0.43865966796875
-0.0362739562988281 0.01483154296875 0.2940673828125 -0.03155517578125
-0.0394172668457031 0.0053253173828125 0.1265869140625 -0.302032470703125
-0.0447463989257813 0.00186920166015624 -0.1011962890625 0.260604858398437
-0.0191993713378906 0.0082550048828125 -0.28472900390625 0.00289916992187501
-0.0297508239746094 0.00292015075683594 -0.252838134765625 -0.427276611328125
0.0211696624755859 0.00380325317382813 0.1754150390625 -0.65087890625
0.0550689697265625 0.0396842956542969 0.77313232421875 -0.17901611328125
0.0774612426757813 0.105659484863281 0.73175048828125 0.56072998046875
0.055511474609375 0.21002197265625 0.161895751953125 0.5469970703125
-0.0253753662109375 0.25213623046875 0.0717010498046875 -0.050933837890625
0.0792999267578125 0.18548583984375 -0.1927490234375 -0.65826416015625
0.106597900390625 0.0470733642578125 -0.84149169921875 -0.432861328125
0.0573997497558594 -0.0108070373535156 -0.7235107421875 0.43377685546875
-0.00216579437255859 -0.00598859786987305 -0.0217285156250001 0.66094970703125
-0.0293331146240234 0.00124549865722657 0.31292724609375 0.336090087890625
-0.0330791473388672 0.0208568572998047 0.2965087890625 -0.09814453125
-0.0381698608398438 0.00436019897460937 0.111175537109375 -0.307464599609375
-0.0297603607177734 0.000556945800781249 -0.112808227539063 0.247650146484375
-0.00477886199951172 0.0110177993774414 -0.279144287109375 -0.0602569580078125
-0.0214500427246094 0.00947952270507812 -0.16278076171875 -0.498291015625
0.0126304626464844 0.0140552520751953 0.345458984375 -0.6087646484375
0.0292320251464844 0.0457305908203125 0.8265380859375 0.031494140625
0.0439834594726563 0.103569030761719 0.58135986328125 0.73291015625
0.0283050537109375 0.183395385742188 0.052947998046875 0.511566162109375
-0.0083770751953125 0.204116821289063 0.0670928955078125 -0.151443481445313
0.082183837890625 0.132713317871094 -0.32672119140625 -0.65447998046875
0.0770034790039063 0.0130386352539063 -0.90771484375 -0.23358154296875
0.0279140472412109 -0.0135231018066406 -0.57330322265625 0.56707763671875
-0.00585269927978516 0.00232934951782227 0.1307373046875 0.606201171875
-0.022186279296875 0.00644874572753906 0.37225341796875 0.22930908203125
-0.0222892761230469 0.0234470367431641 0.28839111328125 -0.156341552734375
-0.0281734466552734 0.00165176391601562 0.096343994140625 -0.30975341796875
-0.00952339172363281 -0.00278949737548828 -0.123382568359375 0.237869262695313
0.0116863250732422 0.0127840042114258 -0.2679443359375 -0.103286743164063
-0.0126190185546875 0.0161056518554687 -0.0807800292968749 -0.535919189453125
-0.00404739379882812 0.0178565979003906 0.4716796875 -0.5428466796875
-0.005340576171875 0.0327548980712891 0.829833984375 0.2108154296875
0.0100784301757813 0.0637779235839844 0.42913818359375 0.841552734375
0.0203628540039063 0.114051818847656 -0.026763916015625 0.474029541015625
0.0135345458984375 0.122856140136719 0.0615386962890625 -0.221832275390625
0.059906005859375 0.0688972473144531 -0.4241943359375 -0.6314697265625
0.0302181243896484 -0.00735282897949219 -0.92181396484375 -0.0816650390625
0.000483036041259766 -0.00725793838500977 -0.4459228515625 0.6353759765625
-0.00449895858764648 0.00813674926757813 0.234588623046875 0.543792724609375
-0.0102071762084961 0.00725650787353516 0.406036376953125 0.14459228515625
-0.00645256042480469 0.0209331512451172 0.278732299804688 -0.197921752929688
-0.0104856491088867 -0.00418472290039063 0.085693359375 -0.30999755859375
0.0128240585327148 -0.0073699951171875 -0.129623413085938 0.234710693359375
0.0265350341796875 0.0101356506347656 -0.260726928710938 -0.123428344726563
-0.0040740966796875 0.0204353332519531 -0.0347900390625 -0.5458984375
-0.0216770172119141 0.0163002014160156 0.539825439453125 -0.4927978515625
-0.04058837890625 0.00233078002929688 0.8153076171875 0.31072998046875
-0.0120420455932617 -0.00648975372314453 0.339111328125 0.8900146484375
0.0372047424316406 0.0174560546875 -0.07073974609375 0.452178955078125
0.0384941101074219 0.0200347900390625 0.05364990234375 -0.25201416015625
0.0201263427734375 0.00371551513671875 -0.4727783203125 -0.610595703125
-0.0225696563720703 -0.0150718688964844 -0.91436767578125 -0.00262451171875002
-0.02398681640625 0.00380516052246094 -0.37469482421875 0.6627197265625
-0.00130653381347656 0.0112361907958984 0.28558349609375 0.5062255859375
0.003326416015625 0.00556802749633789 0.41845703125 0.098968505859375
0.0104665756225586 0.0156717300415039 0.273544311523438 -0.220443725585938
0.0111207962036133 -0.0100898742675781 0.080291748046875 -0.31146240234375
0.0321083068847656 -0.0137538909912109 -0.128707885742188 0.239517211914063
0.0414543151855469 0.0039825439453125 -0.262054443359375 -0.114303588867188
0.00631904602050781 0.0218887329101563 -0.03717041015625 -0.537628173828125
-0.0346832275390625 0.0147266387939453 0.538848876953125 -0.49176025390625
-0.071014404296875 -0.0295486450195313 0.81829833984375 0.307373046875
-0.0305099487304688 -0.0857086181640625 0.33770751953125 0.889892578125
0.0586624145507813 -0.0888671875 -0.079620361328125 0.461181640625
0.06170654296875 -0.088836669921875 0.046417236328125 -0.2364501953125
-0.0239448547363281 -0.0618858337402344 -0.46783447265625 -0.6019287109375
-0.0734710693359375 -0.0214004516601562 -0.907470703125 -0.00482177734375003
-0.0467872619628906 0.0138778686523437 -0.37353515625 0.66265869140625
0.00109481811523438 0.0123767852783203 0.288848876953125 0.511505126953125
0.0164947509765625 0.00195693969726563 0.42584228515625 0.0997314453125
0.0263519287109375 0.00778388977050781 0.275665283203125 -0.224472045898438
0.0324821472167969 -0.0165252685546875 0.081390380859375 -0.3138427734375
0.0478973388671875 -0.0202255249023437 -0.123397827148438 0.25048828125
0.0532188415527344 -0.00591659545898438 -0.273147583007813 -0.0809326171875
0.0182437896728516 0.0182628631591797 -0.08673095703125 -0.514373779296875
-0.0375595092773438 0.0143699645996094 0.47412109375 -0.5386962890625
-0.0975341796875 -0.0451889038085937 0.83660888671875 0.19891357421875
-0.0653839111328125 -0.1461181640625 0.4305419921875 0.8402099609375
0.0603485107421875 -0.183639526367188 -0.047637939453125 0.498046875
0.081024169921875 -0.186965942382813 0.0403900146484375 -0.180267333984375
-0.056304931640625 -0.12579345703125 -0.41156005859375 -0.60748291015625
-0.116195678710937 -0.0375137329101563 -0.90338134765625 -0.0854492187499999
-0.0707473754882813 0.0170211791992188 -0.44305419921875 0.6370849609375
-0.00109386444091797 0.0135555267333984 0.244354248046875 0.55731201171875
0.0258121490478516 -0.0010986328125 0.420318603515625 0.148712158203125
0.0387649536132813 0.001800537109375 0.285614013671875 -0.207427978515625
0.0515022277832031 -0.0212287902832031 0.091796875 -0.3165283203125
0.0573463439941406 -0.0259933471679688 -0.114852905273437 0.263931274414063
0.0596809387207031 -0.0186653137207031 -0.285308837890625 -0.029052734375
0.0293483734130859 0.0106639862060547 -0.17022705078125 -0.468109130859375
-0.0292148590087891 0.0172138214111328 0.34820556640625 -0.59967041015625
-0.112930297851563 -0.0363998413085938 0.832763671875 0.01556396484375
-0.112594604492187 -0.165267944335938 0.5811767578125 0.72894287109375
0.03167724609375 -0.24420166015625 0.0306396484375 0.550048828125
0.093505859375 -0.258956909179688 0.0366668701171875 -0.0919189453125
-0.0655670166015625 -0.185577392578125 -0.31158447265625 -0.6162109375
-0.1427001953125 -0.0688018798828125 -0.877197265625 -0.23638916015625
-0.0946197509765625 0.00884246826171875 -0.5672607421875 0.56268310546875
-0.00870132446289063 0.0141372680664063 0.14508056640625 0.62506103515625
0.0302963256835938 -0.00309562683105469 0.39453125 0.23822021484375
0.0458908081054687 -0.00327301025390625 0.300201416015625 -0.166351318359375
0.0624313354492188 -0.0223617553710938 0.10552978515625 -0.320037841796875
-0.0525779724121094 0.000503540039062501 -0.08697509765625 0.27154541015625
-0.0289955139160156 0.00496673583984376 -0.284637451171875 0.0736083984375
-0.039093017578125 0.00051116943359375 -0.33203125 -0.330169677734375
0.0217056274414063 -0.00768661499023438 -0.00616455078125004 -0.64483642578125
0.0644416809082031 0.0217208862304687 0.66510009765625 -0.37310791015625
0.0960540771484375 0.0812530517578125 0.8433837890625 0.35272216796875
0.0837249755859375 0.19610595703125 0.290802001953125 0.56201171875
-0.0311279296875 0.260269165039063 0.073455810546875 0.0631179809570313
0.053314208984375 0.215240478515625 -0.05120849609375 -0.628662109375
0.111495971679688 0.0857925415039063 -0.71435546875 -0.63348388671875
0.0785751342773438 0.0018768310546875 -0.85400390625 0.24298095703125
0.0062551498413086 -0.0124435424804688 -0.20257568359375 0.68341064453125
-0.0294895172119141 -0.00391387939453126 0.228759765625 0.439605712890625
-0.0355720520019531 0.0148468017578125 0.295013427734375 -0.033355712890625
-0.0394744873046875 0.00437545776367188 0.125701904296875 -0.304351806640625
-0.0452919006347656 0.000869750976562495 -0.100738525390625 0.262619018554688
-0.0185775756835938 0.00824737548828125 -0.287353515625 0.00466918945312499
-0.0305919647216797 0.00444984436035156 -0.2578125 -0.42755126953125
0.0214290618896484 0.00402450561523438 0.173828125 -0.655029296875
0.0550079345703125 0.0401420593261719 0.77593994140625 -0.18414306640625
0.079559326171875 0.10595703125 0.73883056640625 0.559814453125
0.056732177734375 0.21063232421875 0.165679931640625 0.54803466796875
-0.023162841796875 0.253662109375 0.0702438354492188 -0.0518569946289062
0.0805511474609375 0.186904907226563 -0.19586181640625 -0.66015625
0.107734680175781 0.0474929809570313 -0.8460693359375 -0.43011474609375
0.058074951171875 -0.0114669799804688 -0.7247314453125 0.4398193359375
-0.0027003288269043 -0.00576496124267578 -0.01715087890625 0.66632080078125
-0.0296058654785156 0.00156211853027344 0.316802978515625 0.33563232421875
-0.0324993133544922 0.0212001800537109 0.296417236328125 -0.100555419921875
-0.0379371643066406 0.00421142578125 0.11053466796875 -0.309356689453125
-0.02874755859375 4.19616699218701E-05 -0.112884521484375 0.249649047851563
-0.0044097900390625 0.0114927291870117 -0.281219482421875 -0.058319091796875
-0.0209217071533203 0.0105476379394531 -0.165618896484375 -0.50250244140625
0.0127782821655273 0.0137138366699219 0.343994140625 -0.6146240234375
0.0297317504882813 0.0468940734863281 0.8323974609375 0.026611328125
0.0444564819335938 0.104103088378906 0.587158203125 0.73284912109375
0.0290069580078125 0.183059692382813 0.055206298828125 0.514312744140625
-0.00701904296874999 0.204330444335938 0.0666961669921875 -0.151840209960938
0.084259033203125 0.132652282714844 -0.3304443359375 -0.6571044921875
0.077484130859375 0.0128097534179687 -0.91302490234375 -0.2294921875
0.0284099578857422 -0.0144805908203125 -0.57354736328125 0.57379150390625
-0.00632381439208984 0.00303268432617187 0.13665771484375 0.60943603515625
-0.0226936340332031 0.00597572326660156 0.375152587890625 0.229217529296875
-0.0215129852294922 0.0226898193359375 0.289276123046875 -0.1597900390625
-0.0281696319580078 0.00182151794433593 0.094879150390625 -0.31158447265625
-0.00871896743774414 -0.00425195693969727 -0.12286376953125 0.241439819335938
0.0119237899780273 0.013035774230957 -0.270736694335937 -0.1024169921875
-0.0116710662841797 0.0161724090576172 -0.0848693847656251 -0.539520263671875
-0.00390434265136719 0.0186691284179688 0.47235107421875 -0.54913330078125
-0.00511741638183594 0.0330600738525391 0.8382568359375 0.2083740234375
0.0110397338867188 0.0641632080078125 0.4384765625 0.843505859375
0.0197372436523437 0.114494323730469 -0.02337646484375 0.476837158203125
0.0139236450195313 0.123512268066406 0.05963134765625 -0.222457885742188
0.0608634948730469 0.0681419372558594 -0.429931640625 -0.6322021484375
0.0297946929931641 -0.00677108764648438 -0.92645263671875 -0.0781249999999999
-0.000865936279296875 -0.0070500373840332 -0.445556640625 0.64398193359375
-0.00460338592529297 0.00874757766723633 0.24005126953125 0.546142578125
-0.0106487274169922 0.00767326354980469 0.40936279296875 0.14385986328125
-0.00574493408203125 0.0209636688232422 0.279205322265625 -0.20050048828125
-0.00972461700439453 -0.00457000732421875 0.08465576171875 -0.3121337890625
0.0128793716430664 -0.00874614715576172 -0.128204345703125 0.236953735351562
0.0281105041503906 0.00988578796386719 -0.263214111328125 -0.120269775390625
-0.00342178344726562 0.0214118957519531 -0.0391845703125 -0.548614501953125
-0.0216255187988281 0.01763916015625 0.540374755859375 -0.5006103515625
-0.0403099060058594 0.00216293334960937 0.822998046875 0.30767822265625
-0.0110979080200195 -0.00616931915283203 0.3448486328125 0.8929443359375
0.0370979309082031 0.0158462524414063 -0.0694580078125 0.454925537109375
0.0384559631347656 0.0191764831542969 0.05169677734375 -0.251678466796875
0.0203075408935547 0.00404167175292969 -0.47900390625 -0.61077880859375
-0.0232219696044922 -0.0141544342041016 -0.92059326171875 0.00372314453125012
-0.0242462158203125 0.00441169738769532 -0.373779296875 0.67071533203125
-0.000802040100097656 0.0117530822753906 0.29132080078125 0.50799560546875
0.00381278991699219 0.00516605377197266 0.423065185546875 0.09716796875
0.0114526748657227 0.0153064727783203 0.273056030273438 -0.224090576171875
0.0108356475830078 -0.0109663009643555 0.079437255859375 -0.313232421875
0.0326881408691406 -0.0154552459716797 -0.128326416015625 0.242141723632813
0.0419425964355469 0.00350189208984375 -0.26434326171875 -0.11175537109375
0.00639724731445313 0.0227737426757813 -0.040313720703125 -0.540924072265625
-0.0349922180175781 0.0146083831787109 0.54022216796875 -0.499267578125
-0.071380615234375 -0.0299301147460937 0.8251953125 0.3046875
-0.0310897827148437 -0.0862808227539063 0.34454345703125 0.89349365234375
0.0582733154296875 -0.09027099609375 -0.077606201171875 0.464385986328125
0.061767578125 -0.0899734497070312 0.0442962646484375 -0.236114501953125
-0.0242996215820313 -0.0615959167480469 -0.4737548828125 -0.60125732421875
-0.0735855102539063 -0.0209197998046875 -0.91351318359375 0.00158691406249987
-0.0467071533203125 0.0144119262695312 -0.37139892578125 0.66973876953125
0.000429153442382814 0.0129232406616211 0.294830322265625 0.515167236328125
0.0161657333374023 0.00190448760986328 0.4276123046875 0.0972900390625
0.0268363952636719 0.00786972045898438 0.274246215820313 -0.227813720703125
0.0327529907226563 -0.0174884796142578 0.080657958984375 -0.315643310546875
0.0478553771972656 -0.0222244262695313 -0.1234130859375 0.253463745117187
0.0541648864746094 -0.00716781616210938 -0.274429321289063 -0.078826904296875
0.018463134765625 0.019195556640625 -0.091156005859375 -0.517730712890625
-0.0376663208007813 0.0149650573730469 0.474578857421875 -0.545166015625
-0.0984344482421875 -0.044403076171875 0.84149169921875 0.1953125
-0.0655517578125 -0.1466064453125 0.43817138671875 0.84320068359375
0.0592498779296875 -0.185531616210938 -0.04583740234375 0.501953125
0.0809173583984375 -0.18890380859375 0.039459228515625 -0.180709838867187
-0.057586669921875 -0.126716613769531 -0.4168701171875 -0.60986328125
-0.117218017578125 -0.0364456176757812 -0.9102783203125 -0.0819091796875
-0.0718002319335938 0.018341064453125 -0.44232177734375 0.64166259765625
-0.00154781341552734 0.0138740539550781 0.24951171875 0.55938720703125
0.0254039764404297 -0.0009918212890625 0.42254638671875 0.147064208984375
0.0393180847167969 0.00127792358398438 0.28631591796875 -0.209686279296875
0.0503158569335938 -0.0225143432617188 0.0906982421875 -0.319427490234375
0.0573997497558594 -0.0282020568847656 -0.113815307617188 0.267333984375
0.0599288940429688 -0.0205459594726562 -0.28765869140625 -0.026153564453125
0.0299758911132813 0.0109748840332031 -0.175323486328125 -0.47198486328125
-0.0291805267333984 0.0180473327636719 0.34552001953125 -0.60675048828125
-0.113204956054688 -0.0360565185546875 0.8388671875 0.01092529296875
-0.113632202148437 -0.165298461914063 0.58880615234375 0.7283935546875
0.0297088623046875 -0.246414184570313 0.03228759765625 0.55169677734375
0.0932159423828125 -0.260665893554687 0.0362091064453125 -0.09130859375
-0.0673980712890625 -0.186767578125 -0.31768798828125 -0.6175537109375
-0.143234252929687 -0.067657470703125 -0.88385009765625 -0.2325439453125
-0.09661865234375 0.01019287109375 -0.56768798828125 0.569580078125
-0.00895500183105469 0.0142097473144531 0.14990234375 0.62982177734375
0.0300827026367188 -0.00336837768554688 0.398773193359375 0.23577880859375
0.0455474853515625 -0.003936767578125 0.301483154296875 -0.168853759765625
0.06268310546875 -0.0236968994140625 0.103851318359375 -0.32196044921875
-0.0525932312011719 0.000270843505859371 -0.085357666015625 0.273086547851563
-0.0290679931640625 0.00489997863769532 -0.2869873046875 0.0762939453125
-0.0397796630859375 0.0017242431640625 -0.33697509765625 -0.33013916015625
0.022491455078125 -0.0067291259765625 -0.00964355468749999 -0.64898681640625
0.0653533935546875 0.0217056274414062 0.6661376953125 -0.381591796875
0.098052978515625 0.0806884765625 0.84942626953125 0.34765625
0.0858154296875 0.195755004882813 0.2930908203125 0.5614013671875
-0.0288848876953125 0.26171875 0.0735397338867188 0.0628738403320313
0.0556793212890625 0.21490478515625 -0.054931640625 -0.63079833984375
0.112236022949219 0.086822509765625 -0.719970703125 -0.63348388671875
0.0781402587890625 0.00115966796875 -0.85577392578125 0.25018310546875
0.00576210021972656 -0.0124645233154297 -0.19891357421875 0.6895751953125
-0.0293121337890625 -0.00360298156738282 0.23419189453125 0.441802978515625
-0.0352287292480469 0.0152778625488281 0.295379638671875 -0.0360107421875
-0.038482666015625 0.00456237792968749 0.1251220703125 -0.307342529296875
-0.0444488525390625 5.72204589843727E-05 -0.0997467041015625 0.2637939453125
-0.0184497833251953 0.00835800170898438 -0.289581298828125 0.00878906249999999
-0.0308074951171875 0.00529670715332032 -0.26165771484375 -0.429656982421875
0.0211982727050781 0.00369071960449219 0.171875 -0.659423828125
0.055084228515625 0.0396881103515625 0.78033447265625 -0.19085693359375
0.0812225341796875 0.105758666992188 0.74664306640625 0.55755615234375
0.057769775390625 0.210357666015625 0.16845703125 0.5491943359375
-0.021820068359375 0.25433349609375 0.0710830688476563 -0.0511856079101562
0.082000732421875 0.186325073242188 -0.2001953125 -0.6622314453125
0.108367919921875 0.0475082397460938 -0.85308837890625 -0.42584228515625
0.0576095581054688 -0.0123100280761719 -0.72607421875 0.4473876953125
-0.00351715087890625 -0.00596857070922852 -0.01239013671875 0.671142578125
-0.0287189483642578 0.00265693664550782 0.321014404296875 0.33587646484375
-0.0322647094726562 0.0214176177978516 0.2967529296875 -0.103973388671875
-0.03759765625 0.00390243530273438 0.109283447265625 -0.3125
-0.0287628173828125 -0.000308990478515628 -0.112213134765625 0.251785278320313
-0.00305366516113281 0.010650634765625 -0.2835693359375 -0.0552978515625
-0.02081298828125 0.0113487243652344 -0.172149658203125 -0.5020751953125
0.0124568939208984 0.0140819549560547 0.3438720703125 -0.62078857421875
0.0300178527832031 0.0467910766601562 0.83770751953125 0.02081298828125
0.0460281372070312 0.10369873046875 0.595947265625 0.73175048828125
0.0299530029296875 0.182815551757813 0.05706787109375 0.515716552734375
-0.00622558593750002 0.20550537109375 0.0646820068359375 -0.151824951171875
0.0861892700195313 0.132080078125 -0.33770751953125 -0.65692138671875
0.0782546997070313 0.0133819580078125 -0.9169921875 -0.223876953125
0.0278778076171875 -0.0148391723632812 -0.57427978515625 0.5823974609375
-0.00625944137573242 0.00268125534057617 0.14306640625 0.613525390625
-0.0229415893554687 0.00688362121582032 0.38037109375 0.22845458984375
-0.0206356048583984 0.02398681640625 0.289520263671875 -0.162445068359375
-0.0273475646972656 0.00159835815429688 0.094482421875 -0.315216064453125
-0.0083456039428711 -0.00499057769775391 -0.122177124023438 0.242706298828125
0.0122785568237305 0.0126171112060547 -0.27301025390625 -0.099456787109375
-0.0120468139648438 0.0180644989013672 -0.0887145996093749 -0.542266845703125
-0.00377273559570312 0.0196990966796875 0.473052978515625 -0.554412841796875
-0.00535774230957031 0.03326416015625 0.84228515625 0.203857421875
0.0123176574707031 0.06402587890625 0.4443359375 0.84368896484375
0.0211410522460937 0.1142578125 -0.022369384765625 0.479156494140625
0.0150604248046875 0.122711181640625 0.05828857421875 -0.22235107421875
0.0610122680664063 0.0688591003417969 -0.43560791015625 -0.633056640625
0.0304813385009766 -0.00712013244628906 -0.93292236328125 -0.0701904296874999
-0.000300884246826172 -0.00676727294921875 -0.44378662109375 0.6500244140625
-0.00478935241699219 0.00885581970214844 0.2459716796875 0.5484619140625
-0.0102720260620117 0.00774097442626953 0.41204833984375 0.14202880859375
-0.00554656982421875 0.0215835571289063 0.278091430664063 -0.205001831054688
-0.0105371475219727 -0.00550460815429687 0.083038330078125 -0.314788818359375
0.0126752853393555 -0.00996875762939453 -0.127761840820313 0.239761352539062
0.0290241241455078 0.0099334716796875 -0.265762329101562 -0.118072509765625
-0.00266456604003906 0.0218505859375 -0.042083740234375 -0.551788330078125
-0.0222339630126953 0.0179634094238281 0.539093017578125 -0.506072998046875
-0.0402488708496094 0.00220870971679688 0.828857421875 0.30413818359375
-0.0110893249511719 -0.00717544555664062 0.35260009765625 0.89483642578125
0.0367584228515625 0.0151596069335937 -0.067108154296875 0.458953857421875
0.0394287109375 0.0186653137207031 0.0501251220703125 -0.252456665039063
0.020477294921875 0.00279045104980469 -0.4853515625 -0.6090087890625
-0.0226039886474609 -0.0143260955810547 -0.925537109375 0.0100708007812501
-0.0244274139404297 0.00469589233398437 -0.36968994140625 0.67718505859375
-0.000985145568847656 0.0120677947998047 0.295074462890625 0.5096435546875
0.00301885604858398 0.00579690933227539 0.425537109375 0.09466552734375
0.0121955871582031 0.0156641006469727 0.272903442382813 -0.227554321289062
0.0109214782714844 -0.0122928619384766 0.077606201171875 -0.316192626953125
0.0325984954833984 -0.0167942047119141 -0.126739501953125 0.24456787109375
0.0431098937988281 0.003387451171875 -0.26739501953125 -0.10919189453125
0.0072174072265625 0.0227832794189453 -0.045562744140625 -0.54266357421875
-0.0349559783935547 0.0155296325683594 0.53839111328125 -0.50543212890625
-0.0721893310546875 -0.0296783447265625 0.83343505859375 0.30072021484375
-0.03167724609375 -0.087249755859375 0.35150146484375 0.89459228515625
0.0577392578125 -0.0923309326171875 -0.0750732421875 0.467193603515625
0.0614242553710938 -0.0919570922851563 0.042938232421875 -0.236724853515625
-0.0244216918945313 -0.0621414184570313 -0.4814453125 -0.60076904296875
-0.0740966796875 -0.0199661254882812 -0.9190673828125 0.00793457031249997
-0.0481491088867188 0.0156707763671875 -0.37115478515625 0.67718505859375
0.000562667846679687 0.0129022598266602 0.3016357421875 0.514923095703125
0.015869140625 0.00141811370849609 0.4310302734375 0.0941162109375
0.0274581909179688 0.0075836181640625 0.27447509765625 -0.230743408203125
0.0322036743164063 -0.0177345275878906 0.07843017578125 -0.317962646484375
0.0469284057617188 -0.0233154296875 -0.12158203125 0.256393432617188
0.0548286437988281 -0.0086212158203125 -0.276016235351563 -0.0762481689453125
0.0190601348876953 0.0186367034912109 -0.095611572265625 -0.519073486328125
-0.0383377075195312 0.0165023803710938 0.47393798828125 -0.55072021484375
-0.0991897583007813 -0.0442276000976562 0.8497314453125 0.1903076171875
-0.0658111572265625 -0.147064208984375 0.44586181640625 0.84295654296875
0.05841064453125 -0.18829345703125 -0.04278564453125 0.503143310546875
0.0800323486328125 -0.190185546875 0.0380401611328125 -0.180450439453125
-0.0582656860351562 -0.127304077148438 -0.42401123046875 -0.607177734375
-0.117973327636719 -0.03558349609375 -0.91546630859375 -0.0755615234375
-0.0719833374023438 0.0193939208984375 -0.441650390625 0.64971923828125
-0.00176525115966797 0.0146150588989258 0.25640869140625 0.56268310546875
0.0256824493408203 -0.00108718872070313 0.426422119140625 0.14471435546875
0.0394363403320313 0.0010986328125 0.28521728515625 -0.213531494140625
0.0504074096679687 -0.0232810974121094 0.088043212890625 -0.32183837890625
0.0571975708007812 -0.0300712585449219 -0.11126708984375 0.270401000976563
0.0601387023925781 -0.0214157104492188 -0.288238525390625 -0.022705078125
0.0312690734863281 0.0114841461181641 -0.179718017578125 -0.47222900390625
-0.0292186737060547 0.0184440612792969 0.3446044921875 -0.613525390625
-0.113807678222656 -0.0346908569335937 0.8416748046875 0.00396728515625
-0.1142578125 -0.166275024414063 0.59661865234375 0.72784423828125
0.028656005859375 -0.247467041015625 0.034576416015625 0.5546875
0.0925750732421875 -0.262741088867187 0.03594970703125 -0.090972900390625
-0.0684814453125 -0.1875 -0.322265625 -0.6181640625
-0.14422607421875 -0.0669403076171875 -0.8897705078125 -0.228515625
-0.0971527099609375 0.0122451782226562 -0.56585693359375 0.5777587890625
-0.00863456726074219 0.0146312713623047 0.156005859375 0.6326904296875
0.0309066772460938 -0.00363349914550781 0.4024658203125 0.2352294921875
0.0461196899414063 -0.00412368774414063 0.300445556640625 -0.173309326171875
0.0625228881835937 -0.0244178771972656 0.101715087890625 -0.324676513671875
-0.0524520874023438 -0.000961303710937504 -0.0850067138671875 0.2760009765625
-0.0277347564697266 0.00543594360351563 -0.289154052734375 0.08074951171875
-0.0388107299804688 0.0027923583984375 -0.34136962890625 -0.32861328125
0.0216178894042969 -0.00681495666503906 -0.0137939453125 -0.653564453125
0.0653648376464844 0.0210723876953125 0.66876220703125 -0.38909912109375
0.0992584228515625 0.0801239013671875 0.85662841796875 0.34259033203125
0.0872650146484375 0.195556640625 0.2978515625 0.562744140625
-0.02685546875 0.26251220703125 0.074432373046875 0.0629730224609375
0.0572509765625 0.21588134765625 -0.06170654296875 -0.6331787109375
0.113845825195313 0.0867919921875 -0.72955322265625 -0.628662109375
0.0791854858398437 0.000457763671875 -0.85845947265625 0.25946044921875
0.00537395477294922 -0.0128164291381836 -0.19451904296875 0.6954345703125
-0.0301933288574219 -0.002655029296875 0.239776611328125 0.443511962890625
-0.0353317260742187 0.0164642333984375 0.296844482421875 -0.03900146484375
-0.0386085510253906 0.00424194335937499 0.121185302734375 -0.309814453125
-0.0437965393066406 -0.000350952148437494 -0.098236083984375 0.266876220703125
-0.0169334411621094 0.00875568389892578 -0.291778564453125 0.010986328125
-0.0301933288574219 0.00593757629394531 -0.265960693359375 -0.42999267578125
0.0208549499511719 0.00493621826171875 0.16729736328125 -0.66552734375
0.0569190979003906 0.0397262573242188 0.7843017578125 -0.19842529296875
0.0820846557617188 0.104721069335938 0.75592041015625 0.5537109375
0.0595855712890625 0.20977783203125 0.171356201171875 0.549652099609375
-0.020111083984375 0.255523681640625 0.0696258544921875 -0.0511474609375
0.0839996337890625 0.186431884765625 -0.20855712890625 -0.66326904296875
0.109481811523438 0.0475006103515625 -0.86468505859375 -0.4210205078125
0.0573196411132813 -0.0124015808105469 -0.72674560546875 0.4571533203125
-0.00341367721557617 -0.00595664978027344 -0.00677490234374993 0.67626953125
-0.0299510955810547 0.00270271301269532 0.325439453125 0.335784912109375
-0.0310726165771484 0.0217819213867187 0.29736328125 -0.106292724609375
-0.0375442504882813 0.00429153442382812 0.1070556640625 -0.31488037109375
-0.0289287567138672 -0.0023193359375 -0.111236572265625 0.254379272460938
-0.00203609466552734 0.0115880966186523 -0.285919189453125 -0.05255126953125
-0.0201988220214844 0.0126190185546875 -0.176910400390625 -0.504791259765625
0.0123510360717773 0.0144767761230469 0.3404541015625 -0.62725830078125
0.0311203002929687 0.0463371276855469 0.84326171875 0.01409912109375
0.0474166870117187 0.104324340820313 0.606201171875 0.73345947265625
0.031341552734375 0.182266235351563 0.0604248046875 0.51885986328125
-0.00494384765625 0.205307006835938 0.0627288818359375 -0.152114868164062
0.0864105224609375 0.13201904296875 -0.34375 -0.65606689453125
0.0791473388671875 0.0132675170898438 -0.92645263671875 -0.21820068359375
0.0277652740478516 -0.0144786834716797 -0.57159423828125 0.59161376953125
-0.00685787200927734 0.0029759407043457 0.1483154296875 0.61712646484375
-0.0231418609619141 0.00709915161132813 0.385101318359375 0.228240966796875
-0.0206241607666016 0.0243759155273438 0.28863525390625 -0.165802001953125
-0.0277175903320313 0.00057411193847656 0.09197998046875 -0.316864013671875
-0.00798463821411133 -0.00654411315917969 -0.121841430664063 0.2452392578125
0.0134696960449219 0.0114154815673828 -0.27618408203125 -0.0970916748046875
-0.0103778839111328 0.0182285308837891 -0.0943603515625 -0.544097900390625
-0.00392341613769531 0.0205936431884766 0.4697265625 -0.561981201171875
-0.00478553771972656 0.0332355499267578 0.84967041015625 0.197998046875
0.0130958557128906 0.0638084411621094 0.4552001953125 0.8427734375
0.0222396850585938 0.112907409667969 -0.019622802734375 0.481536865234375
0.0158767700195313 0.123001098632813 0.055450439453125 -0.221939086914062
0.0625343322753906 0.06842041015625 -0.4437255859375 -0.63134765625
0.0312461853027344 -0.00669670104980469 -0.93817138671875 -0.0615234374999999
-0.00111198425292969 -0.00663995742797852 -0.441650390625 0.6583251953125
-0.00522804260253906 0.00905895233154297 0.251922607421875 0.550262451171875
-0.0110321044921875 0.00833320617675781 0.415771484375 0.140350341796875
-0.00473594665527344 0.0210723876953125 0.278350830078125 -0.207809448242188
-0.0108661651611328 -0.00463104248046875 0.0799560546875 -0.3182373046875
0.0134429931640625 -0.0121736526489258 -0.12646484375 0.243392944335937
0.0299720764160156 0.00924873352050781 -0.2684326171875 -0.115890502929688
-0.00181770324707031 0.0225143432617188 -0.04656982421875 -0.555755615234375
-0.0220928192138672 0.0196380615234375 0.5389404296875 -0.514068603515625
-0.0405197143554687 0.00294113159179688 0.83697509765625 0.29852294921875
-0.0110511779785156 -0.00743293762207031 0.3616943359375 0.895263671875
0.0368003845214844 0.01422119140625 -0.06597900390625 0.4608154296875
0.0388412475585938 0.0180587768554688 0.0471649169921875 -0.252548217773438
0.0210437774658203 0.00239181518554688 -0.49249267578125 -0.60760498046875
-0.0231208801269531 -0.0131340026855469 -0.9305419921875 0.0177612304687501
-0.0249233245849609 0.00487136840820313 -0.36834716796875 0.68438720703125
-0.00126171112060547 0.0124139785766602 0.30462646484375 0.511566162109375
0.00362730026245117 0.00607919692993164 0.429046630859375 0.091064453125
0.01300048828125 0.0153045654296875 0.272216796875 -0.231796264648438
0.0108346939086914 -0.0128889083862305 0.07562255859375 -0.31756591796875
0.0317935943603516 -0.0185546875 -0.125244140625 0.247451782226563
0.0444564819335938 0.00131988525390625 -0.269119262695313 -0.105987548828125
0.00771903991699219 0.0230293273925781 -0.05023193359375 -0.54669189453125
-0.035064697265625 0.0167655944824219 0.537841796875 -0.512603759765625
-0.0730743408203125 -0.0283203125 0.84033203125 0.29644775390625
-0.0320587158203125 -0.087310791015625 0.36212158203125 0.89593505859375
0.0566558837890625 -0.093841552734375 -0.072906494140625 0.470062255859375
0.060943603515625 -0.0930328369140625 0.0404205322265625 -0.236846923828125
-0.0248680114746094 -0.0620956420898438 -0.48748779296875 -0.5994873046875
-0.0746231079101563 -0.0191574096679687 -0.92510986328125 0.0147094726562502
-0.0481147766113281 0.0165252685546875 -0.3671875 0.6845703125
0.00037384033203125 0.01336669921875 0.305755615234375 0.516632080078125
0.0167951583862305 0.00114917755126953 0.434906005859375 0.09112548828125
0.028350830078125 0.00791168212890625 0.273117065429688 -0.235214233398438
0.0321388244628906 -0.0197715759277344 0.076904296875 -0.3203125
0.0465431213378906 -0.0259323120117188 -0.119857788085938 0.259078979492188
0.054656982421875 -0.009552001953125 -0.277740478515625 -0.072601318359375
0.0192623138427734 0.0202007293701172 -0.100921630859375 -0.522186279296875
-0.0387535095214844 0.0175209045410156 0.47076416015625 -0.559051513671875
-0.0999984741210938 -0.043975830078125 0.855712890625 0.18304443359375
-0.0676422119140625 -0.148468017578125 0.4549560546875 0.843505859375
0.057220458984375 -0.18927001953125 -0.040985107421875 0.5078125
0.0781707763671875 -0.192276000976563 0.0361175537109375 -0.179702758789063
-0.0598831176757813 -0.127731323242188 -0.43035888671875 -0.60711669921875
-0.118232727050781 -0.0339202880859375 -0.92120361328125 -0.0668334960937498
-0.0730743408203125 0.0202713012695312 -0.4371337890625 0.65826416015625
-0.000919342041015627 0.0151224136352539 0.2633056640625 0.56298828125
0.0254421234130859 -0.00219535827636719 0.43115234375 0.1416015625
0.0404815673828125 -0.000682830810546875 0.285125732421875 -0.21807861328125
0.0498771667480469 -0.0237464904785156 0.08685302734375 -0.32513427734375
0.0560684204101563 -0.0317878723144531 -0.109573364257813 0.273025512695313
0.0611724853515625 -0.023712158203125 -0.290283203125 -0.019195556640625
0.0316181182861328 0.0109729766845703 -0.184234619140625 -0.472991943359375
-0.0294322967529297 0.0194721221923828 0.34161376953125 -0.621337890625
-0.115676879882813 -0.0353775024414063 0.849609375 -0.0029296875
-0.11724853515625 -0.166519165039063 0.60565185546875 0.7271728515625
0.0261688232421875 -0.250411987304687 0.039459228515625 0.557220458984375
0.0885467529296875 -0.265243530273438 0.0360260009765625 -0.0904922485351563
-0.07061767578125 -0.18798828125 -0.3291015625 -0.6182861328125
-0.145217895507813 -0.066009521484375 -0.8970947265625 -0.2208251953125
-0.097412109375 0.0134048461914062 -0.5657958984375 0.5869140625
-0.00921916961669922 0.0159091949462891 0.16375732421875 0.635498046875
0.0307598114013672 -0.00381851196289063 0.407073974609375 0.232757568359375
0.0465774536132813 -0.00528335571289063 0.300018310546875 -0.177032470703125
0.0624771118164063 -0.0263099670410156 0.100189208984375 -0.327484130859375
-0.052001953125 -0.000751495361328114 -0.0821685791015625 0.277130126953125
-0.0269813537597656 0.00605392456054687 -0.28961181640625 0.0836181640625
-0.0391883850097656 0.00413894653320312 -0.347076416015625 -0.32708740234375
0.0206165313720703 -0.00601387023925781 -0.02020263671875 -0.6572265625
0.0667381286621094 0.0214805603027344 0.66864013671875 -0.396484375
0.100662231445313 0.0787734985351563 0.86358642578125 0.3360595703125
0.0895843505859375 0.194183349609375 0.30438232421875 0.56268310546875
-0.0246429443359375 0.2642822265625 0.07415771484375 0.0632553100585938
0.0598297119140625 0.2159423828125 -0.0671997070312499 -0.63433837890625
0.114707946777344 0.0860061645507813 -0.73968505859375 -0.6256103515625
0.0794219970703125 0.00018310546875 -0.8602294921875 0.2694091796875
0.00551509857177734 -0.0121994018554688 -0.18804931640625 0.70208740234375
-0.0296516418457031 -0.00258064270019532 0.24554443359375 0.443511962890625
-0.0345993041992187 0.0159950256347656 0.297698974609375 -0.041595458984375
-0.0386772155761719 0.00438308715820312 0.11871337890625 -0.31292724609375
-0.0445899963378906 -0.000991821289062497 -0.0965728759765625 0.268600463867188
-0.01519775390625 0.00875759124755859 -0.293365478515625 0.01519775390625
-0.0304222106933594 0.00734329223632813 -0.2730712890625 -0.430938720703125
0.0212688446044922 0.00513267517089844 0.16082763671875 -0.66949462890625
0.0578498840332031 0.0394287109375 0.78497314453125 -0.2069091796875
0.0841445922851563 0.104690551757813 0.76324462890625 0.54791259765625
0.0614471435546875 0.209609985351563 0.177215576171875 0.550445556640625
-0.0174713134765625 0.255996704101563 0.0685234069824219 -0.0518989562988281
0.0862884521484375 0.187057495117188 -0.21502685546875 -0.66302490234375
0.110687255859375 0.0472335815429688 -0.8695068359375 -0.41619873046875
0.0567512512207031 -0.0130767822265625 -0.72662353515625 0.4674072265625
-0.00282526016235351 -0.00508546829223633 0.000183105468749986 0.6802978515625
-0.0297584533691406 0.00370979309082031 0.331756591796875 0.334991455078125
-0.0307445526123047 0.0222454071044922 0.297027587890625 -0.110382080078125
-0.0384750366210938 0.00442123413085937 0.10345458984375 -0.317657470703125
-0.02874755859375 -0.00349807739257813 -0.109298706054687 0.256759643554688
-0.00127220153808594 0.0112094879150391 -0.2886962890625 -0.048980712890625
-0.0195808410644531 0.0135955810546875 -0.183563232421875 -0.504913330078125
0.012049674987793 0.0159578323364258 0.3367919921875 -0.6337890625
0.0321197509765625 0.0469779968261719 0.84783935546875 0.00531005859375
0.048980712890625 0.103515625 0.61651611328125 0.73004150390625
0.032501220703125 0.1824951171875 0.0654296875 0.518707275390625
-0.00251770019531251 0.206085205078125 0.061248779296875 -0.1531982421875
0.0889434814453125 0.131599426269531 -0.35260009765625 -0.656005859375
0.0793533325195312 0.0133285522460937 -0.93121337890625 -0.20849609375
0.0279579162597656 -0.0141716003417969 -0.56939697265625 0.6015625
-0.00655126571655273 0.00283241271972656 0.1556396484375 0.619873046875
-0.0230140686035156 0.00730705261230469 0.388580322265625 0.225433349609375
-0.0197086334228516 0.0242042541503906 0.28863525390625 -0.170501708984375
-0.0284748077392578 0.001312255859375 0.08831787109375 -0.319976806640625
-0.00852251052856445 -0.00729513168334961 -0.118545532226563 0.248489379882812
0.01531982421875 0.0113792419433594 -0.278671264648438 -0.09332275390625
-0.0108242034912109 0.0192985534667969 -0.10198974609375 -0.546142578125
-0.00402259826660156 0.0215339660644531 0.46710205078125 -0.571533203125
-0.00401878356933594 0.0333232879638672 0.85662841796875 0.18865966796875
0.0133132934570313 0.0639877319335937 0.46337890625 0.8416748046875
0.022979736328125 0.113182067871094 -0.01580810546875 0.484161376953125
0.01715087890625 0.123382568359375 0.0527496337890625 -0.222824096679688
0.0636672973632813 0.0677871704101563 -0.45172119140625 -0.630126953125
0.0307960510253906 -0.00632858276367188 -0.94268798828125 -0.0543212890624999
-0.000823974609375 -0.00686502456665039 -0.4368896484375 0.6656494140625
-0.00514793395996094 0.00898170471191406 0.25836181640625 0.5517578125
-0.0108709335327148 0.00817108154296875 0.418182373046875 0.136749267578125
-0.00429344177246094 0.0216617584228516 0.2772216796875 -0.21240234375
-0.0111169815063477 -0.00602436065673828 0.077606201171875 -0.3199462890625
0.0122470855712891 -0.0129585266113281 -0.12445068359375 0.246337890625
0.0311794281005859 0.00876426696777344 -0.271209716796875 -0.111968994140625
-0.00165557861328125 0.0236167907714844 -0.0541992187499999 -0.558074951171875
-0.0227241516113281 0.0202121734619141 0.536468505859375 -0.52197265625
-0.0407791137695312 0.00351715087890626 0.84332275390625 0.29058837890625
-0.00986385345458985 -0.00729560852050781 0.37139892578125 0.89581298828125
0.0364608764648437 0.0139427185058594 -0.0614013671875 0.461700439453125
0.0394630432128906 0.0177536010742188 0.0445098876953125 -0.251998901367188
0.0210666656494141 0.0025177001953125 -0.49981689453125 -0.6043701171875
-0.0225143432617188 -0.0128326416015625 -0.93426513671875 0.0276489257812502
-0.0253028869628906 0.00570297241210937 -0.36297607421875 0.69268798828125
-0.000817298889160155 0.0117635726928711 0.311370849609375 0.51141357421875
0.00312042236328125 0.00630331039428711 0.43072509765625 0.08782958984375
0.013859748840332 0.0151157379150391 0.269607543945313 -0.2357177734375
0.00977420806884765 -0.0134563446044922 0.0723876953125 -0.320343017578125
0.0307750701904297 -0.0202121734619141 -0.123062133789063 0.251174926757813
0.0445175170898438 -0.000293731689453125 -0.270751953125 -0.102706909179688
0.00870895385742188 0.0236530303955078 -0.056976318359375 -0.549224853515625
-0.0352287292480469 0.0178337097167969 0.53497314453125 -0.52056884765625
-0.0740890502929688 -0.0288009643554687 0.84613037109375 0.287109375
-0.0325775146484375 -0.0874710083007813 0.3712158203125 0.896484375
0.0553512573242187 -0.0957107543945313 -0.068603515625 0.4720458984375
0.0600662231445313 -0.0940628051757813 0.0379791259765625 -0.2369384765625
-0.0258140563964844 -0.0623703002929688 -0.495361328125 -0.59808349609375
-0.0742340087890625 -0.017730712890625 -0.9288330078125 0.0256347656250001
-0.0484123229980469 0.0171852111816406 -0.3616943359375 0.6912841796875
0.00064849853515625 0.0133533477783203 0.313568115234375 0.517059326171875
0.0163297653198242 0.00162124633789063 0.436798095703125 0.088348388671875
0.0291786193847656 0.00716018676757812 0.271347045898438 -0.239974975585938
0.0318355560302734 -0.0210742950439453 0.074249267578125 -0.32293701171875
0.046356201171875 -0.0269317626953125 -0.116775512695312 0.262649536132813
0.0552215576171875 -0.0106849670410156 -0.279953002929688 -0.0690765380859375
0.0205440521240234 0.0194683074951172 -0.108123779296875 -0.522705078125
-0.0388450622558594 0.01812744140625 0.4677734375 -0.56719970703125
-0.101470947265625 -0.0428390502929687 0.86138916015625 0.1754150390625
-0.0694122314453125 -0.1483154296875 0.46575927734375 0.84375
0.054534912109375 -0.191802978515625 -0.0364685058593749 0.5084228515625
0.0760345458984375 -0.193893432617188 0.034393310546875 -0.179641723632813
-0.0610580444335938 -0.127029418945313 -0.43829345703125 -0.603271484375
-0.118728637695313 -0.0335159301757812 -0.9259033203125 -0.0578613281250002
-0.0725784301757813 0.0219802856445313 -0.43438720703125 0.66729736328125
-0.00196456909179687 0.0146293640136719 0.27020263671875 0.5653076171875
0.0258655548095703 -0.0021514892578125 0.433807373046875 0.13800048828125
0.0415420532226562 -0.000823974609375 0.282073974609375 -0.222503662109375
0.04888916015625 -0.0263786315917969 0.083251953125 -0.327392578125
0.0550155639648438 -0.0330924987792969 -0.106689453125 0.276168823242188
0.0606536865234375 -0.0249404907226562 -0.290863037109375 -0.015106201171875
0.0312385559082031 0.0106124877929687 -0.19171142578125 -0.474273681640625
-0.0293769836425781 0.0208911895751953 0.33807373046875 -0.62689208984375
-0.116706848144531 -0.0340576171875 0.85150146484375 -0.01123046875
-0.118331909179688 -0.16668701171875 0.61773681640625 0.7230224609375
0.023712158203125 -0.251876831054688 0.0433349609374999 0.56011962890625
0.08685302734375 -0.266754150390625 0.03411865234375 -0.0894241333007813
-0.071533203125 -0.187667846679687 -0.3353271484375 -0.61767578125
-0.146255493164063 -0.064422607421875 -0.90264892578125 -0.21246337890625
-0.0974960327148437 0.0146331787109375 -0.56243896484375 0.59515380859375
-0.00909519195556641 0.0153331756591797 0.169677734375 0.63739013671875
0.0312423706054688 -0.00415992736816406 0.41229248046875 0.230316162109375
0.047393798828125 -0.00579452514648438 0.2996826171875 -0.181671142578125
0.0610389709472656 -0.0275993347167969 0.096435546875 -0.330108642578125
-0.0523490905761719 -0.00149536132812499 -0.0801239013671875 0.278778076171875
-0.0261821746826172 0.00564575195312499 -0.290374755859375 0.0883178710937499
-0.038360595703125 0.00537109375 -0.351348876953125 -0.325164794921875
0.0213966369628906 -0.00623130798339844 -0.02685546875 -0.65887451171875
0.0671844482421875 0.0196113586425781 0.66656494140625 -0.40606689453125
0.10235595703125 0.0776596069335938 0.87115478515625 0.32598876953125
0.0912017822265625 0.192901611328125 0.30938720703125 0.560333251953125
-0.0220794677734375 0.2650146484375 0.07525634765625 0.063568115234375
0.061798095703125 0.215576171875 -0.07293701171875 -0.6357421875
0.117469787597656 0.085235595703125 -0.74560546875 -0.6192626953125
0.0787429809570313 -0.00074005126953125 -0.8604736328125 0.27880859375
0.00499725341796875 -0.0117206573486328 -0.17926025390625 0.7088623046875
-0.0301036834716797 -0.00165367126464844 0.25140380859375 0.44329833984375
-0.0341739654541016 0.0166759490966797 0.298431396484375 -0.045654296875
-0.0386619567871094 0.00467300415039063 0.11529541015625 -0.316162109375
-0.0442619323730469 -0.00189208984375 -0.0943145751953125 0.2703857421875
-0.0159797668457031 0.00848007202148437 -0.294219970703125 0.0194396972656251
-0.0293941497802734 0.008819580078125 -0.279510498046875 -0.42840576171875
0.0212345123291016 0.00519371032714844 0.1544189453125 -0.67425537109375
0.0589675903320312 0.0390205383300781 0.78564453125 -0.21893310546875
0.0855484008789063 0.104301452636719 0.7716064453125 0.541748046875
0.0632781982421875 0.20916748046875 0.183563232421875 0.55047607421875
-0.0147552490234375 0.256378173828125 0.0679512023925781 -0.0517807006835937
0.08966064453125 0.186233520507813 -0.22222900390625 -0.6624755859375
0.112739562988281 0.0465316772460938 -0.877197265625 -0.40777587890625
0.0571746826171875 -0.0137596130371094 -0.725341796875 0.4776611328125
-0.00377225875854492 -0.00583219528198242 0.00781250000000007 0.68377685546875
-0.0298900604248047 0.00423431396484375 0.336456298828125 0.333251953125
-0.0307197570800781 0.0230846405029297 0.296600341796875 -0.1146240234375
-0.0380744934082031 0.00463104248046874 0.099456787109375 -0.320526123046875
-0.0284194946289063 -0.00320816040039063 -0.106948852539063 0.259597778320313
-3.43322753906242E-05 0.0104827880859375 -0.28955078125 -0.0447387695312499
-0.0198211669921875 0.014556884765625 -0.1905517578125 -0.505218505859375
0.0128660202026367 0.016718864440918 0.331298828125 -0.64019775390625
0.0325202941894531 0.0464897155761719 0.852294921875 -0.00384521484375
0.0502548217773437 0.103591918945313 0.6265869140625 0.72406005859375
0.03424072265625 0.181869506835938 0.0698852539062501 0.521026611328125
-0.000305175781250006 0.206283569335938 0.0593109130859375 -0.15301513671875
0.0906524658203125 0.131210327148437 -0.35992431640625 -0.65301513671875
0.0800552368164062 0.0123825073242187 -0.937744140625 -0.19775390625
0.0269317626953125 -0.0153827667236328 -0.56427001953125 0.6114501953125
-0.00687551498413086 0.00365591049194336 0.16357421875 0.6195068359375
-0.0233917236328125 0.00843620300292968 0.391937255859375 0.222320556640625
-0.0192909240722656 0.0245571136474609 0.28668212890625 -0.173797607421875
-0.0277385711669922 0.00119400024414062 0.084930419921875 -0.32244873046875
-0.00830364227294922 -0.00879859924316406 -0.116851806640625 0.25091552734375
0.0161981582641602 0.0113143920898438 -0.280258178710938 -0.0898284912109375
-0.00989151000976563 0.0201988220214844 -0.108673095703125 -0.547332763671875
-0.00403022766113281 0.0219078063964844 0.4627685546875 -0.57794189453125
-0.00312042236328125 0.0338516235351563 0.86083984375 0.182861328125
0.014862060546875 0.0630645751953125 0.4754638671875 0.8402099609375
0.0234298706054687 0.111885070800781 -0.0133056640625 0.4864501953125
0.0181655883789062 0.122596740722656 0.050201416015625 -0.223846435546875
0.0647239685058594 0.0675201416015625 -0.45916748046875 -0.62554931640625
0.0310859680175781 -0.00660514831542969 -0.94659423828125 -0.0449829101562502
-0.00109386444091797 -0.0066218376159668 -0.43121337890625 0.67474365234375
-0.00518703460693359 0.00944995880126953 0.266204833984375 0.552001953125
-0.00985431671142578 0.00871467590332031 0.422027587890625 0.132476806640625
-0.00347137451171875 0.0218486785888672 0.274520874023438 -0.216690063476563
-0.0117549896240234 -0.00615978240966797 0.074127197265625 -0.321868896484375
0.0127124786376953 -0.014552116394043 -0.121261596679688 0.249053955078125
0.0314292907714844 0.00709724426269531 -0.273056030273438 -0.108978271484375
-0.000860214233398437 0.0232448577880859 -0.0616455078125 -0.559539794921875
-0.0218734741210938 0.0206184387207031 0.531982421875 -0.52972412109375
-0.0405807495117187 0.00336074829101563 0.85101318359375 0.2818603515625
-0.0107326507568359 -0.00767326354980469 0.38287353515625 0.8944091796875
0.0367240905761719 0.0121917724609375 -0.0565185546875 0.464935302734375
0.0391654968261719 0.0158042907714844 0.04156494140625 -0.252487182617188
0.0207653045654297 0.0019989013671875 -0.5084228515625 -0.5999755859375
-0.022552490234375 -0.0117683410644531 -0.93719482421875 0.0389404296875
-0.0254859924316406 0.00624656677246094 -0.356201171875 0.7025146484375
-0.000921249389648439 0.0123214721679688 0.317901611328125 0.510833740234375
0.00328874588012695 0.00610494613647461 0.435455322265625 0.083709716796875
0.0133657455444336 0.0148086547851562 0.2674560546875 -0.240203857421875
0.00971317291259766 -0.0141077041625977 0.0693359375 -0.322967529296875
0.0307712554931641 -0.0205974578857422 -0.120407104492188 0.25390625
0.0445289611816406 -0.00093841552734375 -0.273101806640625 -0.0989837646484375
0.00928878784179688 0.0241127014160156 -0.06463623046875 -0.550140380859375
-0.0353775024414063 0.0189285278320313 0.531524658203125 -0.530242919921875
-0.07440185546875 -0.0283889770507813 0.85467529296875 0.277587890625
-0.0332260131835938 -0.0879440307617188 0.3828125 0.89459228515625
0.05474853515625 -0.0966720581054688 -0.065948486328125 0.47369384765625
0.058349609375 -0.0955429077148438 0.0361175537109375 -0.236541748046875
-0.0261878967285156 -0.0628128051757813 -0.50299072265625 -0.593017578125
-0.0739288330078125 -0.0167160034179687 -0.93170166015625 0.0364379882812501
-0.0491943359375 0.0183219909667969 -0.35479736328125 0.70013427734375
0.00122451782226562 0.0136966705322266 0.321624755859375 0.51556396484375
0.0161590576171875 0.00168895721435547 0.439788818359375 0.082611083984375
0.0295734405517578 0.00608444213867188 0.269180297851563 -0.2435302734375
0.0310783386230469 -0.0208072662353516 0.07080078125 -0.3251953125
0.0440292358398437 -0.0284538269042969 -0.11395263671875 0.265777587890625
0.0559654235839844 -0.012939453125 -0.281158447265625 -0.0649566650390624
0.0215492248535156 0.0194950103759766 -0.1142578125 -0.52471923828125
-0.0383110046386719 0.01922607421875 0.46258544921875 -0.57421875
-0.102310180664063 -0.0426177978515625 0.866455078125 0.16595458984375
-0.0712738037109375 -0.14794921875 0.47576904296875 0.8408203125
0.052490234375 -0.193328857421875 -0.032012939453125 0.511322021484375
0.07452392578125 -0.196533203125 0.032867431640625 -0.17938232421875
-0.0622634887695313 -0.127403259277344 -0.4453125 -0.60028076171875
-0.118927001953125 -0.0310287475585937 -0.9298095703125 -0.0473632812500001
-0.0728302001953125 0.0231857299804688 -0.42706298828125 0.6748046875
-0.00184726715087891 0.0151157379150391 0.2786865234375 0.5631103515625
0.0260543823242188 -0.0024566650390625 0.437255859375 0.132843017578125
0.0410728454589844 -0.000885009765625 0.28094482421875 -0.226699829101563
0.0482711791992188 -0.0274200439453125 0.079925537109375 -0.3287353515625
0.0538673400878906 -0.0341606140136719 -0.103500366210938 0.27947998046875
0.0608596801757813 -0.0264053344726563 -0.291351318359375 -0.0105285644531251
0.0321483612060547 0.0101585388183594 -0.197174072265625 -0.47259521484375
-0.0288562774658203 0.0213489532470703 0.32867431640625 -0.63336181640625
-0.117828369140625 -0.031951904296875 0.85467529296875 -0.02294921875
-0.12078857421875 -0.166107177734375 0.62548828125 0.71820068359375
0.01995849609375 -0.253372192382813 0.049896240234375 0.560394287109375
0.0839385986328125 -0.26959228515625 0.0336532592773438 -0.0890350341796875
-0.0740203857421875 -0.187591552734375 -0.3411865234375 -0.61431884765625
-0.146728515625 -0.062774658203125 -0.90771484375 -0.202880859375
-0.0984573364257813 0.0166168212890625 -0.5572509765625 0.6051025390625
-0.00954246520996094 0.015716552734375 0.1800537109375 0.63787841796875
0.0314655303955078 -0.00528717041015625 0.415985107421875 0.2259521484375
0.0469551086425781 -0.00665664672851563 0.297821044921875 -0.1865234375
0.0610847473144531 -0.0290298461914062 0.09356689453125 -0.3328857421875
-0.0524063110351563 -0.00162506103515625 -0.0774688720703125 0.280349731445312
-0.0252895355224609 0.00492858886718751 -0.290191650390625 0.0933532714843751
-0.0379142761230469 0.00701141357421876 -0.35614013671875 -0.321807861328125
0.0212364196777344 -0.00604820251464844 -0.03338623046875 -0.6610107421875
0.0678367614746094 0.0203971862792969 0.662841796875 -0.414794921875
0.103370666503906 0.0760650634765625 0.87640380859375 0.31781005859375
0.0934906005859375 0.191757202148438 0.315948486328125 0.55694580078125
-0.0199432373046875 0.265380859375 0.0751876831054688 0.0632095336914063
0.064666748046875 0.21588134765625 -0.0803222656250001 -0.6365966796875
0.117866516113281 0.0848388671875 -0.75494384765625 -0.60968017578125
0.0795364379882813 -0.00240325927734375 -0.86041259765625 0.2918701171875
0.00409317016601563 -0.0128879547119141 -0.17169189453125 0.7115478515625
-0.0303916931152344 -0.000928878784179685 0.257720947265625 0.442535400390625
-0.0333385467529297 0.0173168182373047 0.2977294921875 -0.048736572265625
-0.0381698608398438 0.0050811767578125 0.112518310546875 -0.317779541015625
-0.0440483093261719 -0.00183486938476562 -0.091217041015625 0.272125244140625
-0.0145606994628906 0.00879764556884766 -0.295440673828125 0.023162841796875
-0.0289878845214844 0.00988006591796876 -0.28466796875 -0.42742919921875
0.0215778350830078 0.00480461120605469 0.14825439453125 -0.67889404296875
0.0595359802246094 0.0382347106933594 0.78570556640625 -0.2296142578125
0.08782958984375 0.103256225585937 0.78216552734375 0.53216552734375
0.06549072265625 0.207321166992188 0.187042236328125 0.548614501953125
-0.0128936767578125 0.25714111328125 0.0670051574707031 -0.052337646484375
0.09161376953125 0.185211181640625 -0.23077392578125 -0.66046142578125
0.113059997558594 0.0459060668945313 -0.8817138671875 -0.39642333984375
0.0570640563964844 -0.0141716003417969 -0.72210693359375 0.48773193359375
-0.00342702865600586 -0.00583410263061524 0.01727294921875 0.6873779296875
-0.0311164855957031 0.00468254089355469 0.342437744140625 0.3311767578125
-0.0295028686523438 0.02313232421875 0.295379638671875 -0.117767333984375
-0.03753662109375 0.00431442260742187 0.096405029296875 -0.32281494140625
-0.0287590026855469 -0.00440979003906249 -0.103866577148438 0.26123046875
0.000134468078613282 0.0102672576904297 -0.291839599609375 -0.0412597656249999
-0.0189743041992188 0.0151233673095703 -0.19708251953125 -0.50567626953125
0.0125713348388672 0.0168514251708984 0.32293701171875 -0.64569091796875
0.0340042114257813 0.0461158752441406 0.853515625 -0.01544189453125
0.0512466430664063 0.102630615234375 0.63427734375 0.7161865234375
0.0356597900390625 0.180923461914062 0.075286865234375 0.52069091796875
0.00161743164062498 0.206939697265625 0.0566864013671875 -0.1524658203125
0.0921859741210938 0.129837036132813 -0.36907958984375 -0.648681640625
0.0808486938476563 0.0123825073242188 -0.94061279296875 -0.1890869140625
0.027252197265625 -0.0151519775390625 -0.55926513671875 0.6187744140625
-0.00701522827148438 0.00335264205932617 0.17108154296875 0.620849609375
-0.0237827301025391 0.00879669189453124 0.39654541015625 0.2174072265625
-0.0182304382324219 0.0248527526855469 0.284759521484375 -0.177734375
-0.028533935546875 0.00133132934570312 0.081817626953125 -0.32403564453125
-0.00867557525634766 -0.0100412368774414 -0.113906860351563 0.253143310546875
0.0169839859008789 0.0103683471679688 -0.28265380859375 -0.085174560546875
-0.00950241088867187 0.0209789276123047 -0.115478515625 -0.548065185546875
-0.00383567810058594 0.0226306915283203 0.456298828125 -0.58624267578125
-0.00358963012695313 0.0337028503417969 0.86376953125 0.1707763671875
0.0157508850097656 0.0639305114746094 0.48577880859375 0.8350830078125
0.0247344970703125 0.111152648925781 -0.00680541992187498 0.486541748046875
0.0186920166015625 0.121650695800781 0.047607421875 -0.222198486328125
0.0649681091308594 0.0665397644042969 -0.46820068359375 -0.6197509765625
0.0319042205810547 -0.00592803955078125 -0.94891357421875 -0.0322265625000001
-0.00179958343505859 -0.00607633590698242 -0.42364501953125 0.683349609375
-0.00542163848876953 0.009429931640625 0.274078369140625 0.550201416015625
-0.0108461380004883 0.00943279266357422 0.424652099609375 0.126220703125
-0.00293922424316406 0.0214138031005859 0.272445678710938 -0.221908569335938
-0.0118846893310547 -0.00580787658691406 0.0709228515625 -0.32403564453125
0.0111732482910156 -0.0163049697875977 -0.118759155273437 0.251388549804688
0.0318527221679688 0.00584030151367188 -0.27459716796875 -0.104171752929688
0.000495910644531248 0.0245475769042969 -0.068115234375 -0.559326171875
-0.0224170684814453 0.0228271484375 0.52667236328125 -0.539031982421875
-0.04095458984375 0.00352859497070313 0.856201171875 0.27197265625
-0.0103397369384766 -0.00789928436279297 0.3927001953125 0.8909912109375
0.0362091064453125 0.0114860534667969 -0.05279541015625 0.466949462890625
0.0395545959472656 0.0161666870117188 0.0390625 -0.251327514648438
0.0207843780517578 0.0016021728515625 -0.515625 -0.5943603515625
-0.0222835540771484 -0.0111103057861328 -0.9393310546875 0.0503540039062499
-0.0262298583984375 0.00739288330078125 -0.3507080078125 0.70672607421875
-0.00116539001464844 0.0122594833374023 0.326263427734375 0.508697509765625
0.00327682495117187 0.00595331192016602 0.43572998046875 0.07763671875
0.0143814086914063 0.0144767761230469 0.264556884765625 -0.244613647460938
0.00875663757324219 -0.0147609710693359 0.06591796875 -0.324310302734375
0.0297050476074219 -0.0230617523193359 -0.116912841796875 0.257354736328125
0.0452423095703125 -0.00175094604492188 -0.274215698242188 -0.095245361328125
0.0104427337646484 0.0239124298095703 -0.071533203125 -0.550933837890625
-0.0353775024414063 0.0199203491210937 0.52764892578125 -0.536834716796875
-0.0745773315429688 -0.0272750854492188 0.8587646484375 0.26824951171875
-0.0344390869140625 -0.087921142578125 0.39093017578125 0.8909912109375
0.0531387329101563 -0.0979232788085938 -0.062042236328125 0.47674560546875
0.057769775390625 -0.0968399047851563 0.0330810546875 -0.235427856445313
-0.0267753601074219 -0.0630531311035156 -0.5113525390625 -0.58673095703125
-0.0747909545898438 -0.0156707763671875 -0.9317626953125 0.0474853515625
-0.0487899780273438 0.0190391540527344 -0.348876953125 0.7069091796875
0.000826835632324218 0.0138864517211914 0.330230712890625 0.513458251953125
0.0161247253417969 0.00141143798828125 0.442413330078125 0.078826904296875
0.0295581817626953 0.00509452819824219 0.265884399414063 -0.248687744140625
0.02978515625 -0.0217361450195313 0.0670166015625 -0.32647705078125
0.0432662963867188 -0.0302963256835938 -0.1104736328125 0.268844604492188
0.0550155639648438 -0.0143089294433594 -0.28192138671875 -0.061279296875
0.021820068359375 0.0190410614013672 -0.12158203125 -0.524169921875
-0.0380477905273438 0.020477294921875 0.45556640625 -0.581298828125
-0.103012084960938 -0.0414657592773437 0.870849609375 0.156494140625
-0.072052001953125 -0.147720336914063 0.485595703125 0.8360595703125
0.049285888671875 -0.193649291992188 -0.026123046875 0.51275634765625
0.07232666015625 -0.197677612304687 0.0313568115234375 -0.178070068359375
-0.0641021728515625 -0.127532958984375 -0.45379638671875 -0.59588623046875
-0.119247436523438 -0.03045654296875 -0.93218994140625 -0.0358276367187501
-0.0729598999023438 0.025360107421875 -0.419677734375 0.68353271484375
-0.000834465026855468 0.0153656005859375 0.28753662109375 0.56280517578125
0.0255947113037109 -0.00307846069335938 0.4384765625 0.128143310546875
0.0416984558105469 -0.00187301635742188 0.277801513671875 -0.231185913085938
0.0475234985351563 -0.0283279418945313 0.076446533203125 -0.331298828125
0.0535812377929688 -0.036956787109375 -0.099090576171875 0.281646728515625
0.0609397888183594 -0.0286140441894531 -0.29168701171875 -0.00643920898437503
0.0333003997802734 0.00920486450195313 -0.203521728515625 -0.472076416015625
-0.0291080474853516 0.0222663879394531 0.32220458984375 -0.63873291015625
-0.118873596191406 -0.0317306518554687 0.8560791015625 -0.03350830078125
-0.122085571289063 -0.165267944335937 0.6353759765625 0.71270751953125
0.016754150390625 -0.255126953125 0.054412841796875 0.561248779296875
0.080230712890625 -0.270950317382813 0.032958984375 -0.0881500244140625
-0.0763092041015625 -0.187225341796875 -0.3497314453125 -0.6103515625
-0.148361206054688 -0.0602569580078125 -0.91259765625 -0.19439697265625
-0.0988006591796875 0.0182952880859375 -0.55126953125 0.61273193359375
-0.00945377349853516 0.0165166854858398 0.18878173828125 0.636474609375
0.0309505462646484 -0.00468826293945313 0.41961669921875 0.221923828125
0.0477104187011719 -0.00760650634765625 0.295166015625 -0.1905517578125
0.05950927734375 -0.0288200378417969 0.089691162109375 -0.334075927734375
-0.0518913269042969 -0.00194931030273437 -0.074737548828125 0.281021118164063
-0.0248050689697266 0.00525856018066406 -0.288818359375 0.096893310546875
-0.0371780395507813 0.00809097290039063 -0.361328125 -0.318695068359375
0.0208053588867187 -0.00547027587890625 -0.0411376953124999 -0.6627197265625
0.0681571960449219 0.0189094543457031 0.65966796875 -0.4249267578125
0.104705810546875 0.0748977661132813 0.88134765625 0.30523681640625
0.095306396484375 0.190704345703125 0.320770263671875 0.553192138671875
-0.0168914794921875 0.265365600585938 0.075439453125 0.062713623046875
0.066680908203125 0.214385986328125 -0.08880615234375 -0.6324462890625
0.119873046875 0.0838088989257813 -0.761962890625 -0.60015869140625
0.079315185546875 -0.00284576416015625 -0.85638427734375 0.302001953125
0.00463771820068359 -0.0125656127929688 -0.161865234375 0.716552734375
-0.0304317474365234 0.000215530395507811 0.26397705078125 0.440338134765625
-0.0325050354003906 0.0177021026611328 0.296783447265625 -0.0526123046875
-0.0379371643066406 0.00450134277343751 0.107452392578125 -0.3197021484375
-0.0439529418945313 -0.00285720825195312 -0.0882415771484375 0.273147583007813
-0.0134830474853516 0.00836086273193359 -0.294921875 0.02777099609375
-0.0285129547119141 0.0114040374755859 -0.29046630859375 -0.4246826171875
0.0219898223876953 0.00595855712890625 0.13922119140625 -0.6807861328125
0.0600242614746094 0.0376968383789062 0.7840576171875 -0.23846435546875
0.0891265869140625 0.101203918457031 0.787109375 0.5224609375
0.0678253173828125 0.206222534179688 0.194061279296875 0.547821044921875
-0.0100860595703125 0.25634765625 0.0666313171386719 -0.0517120361328125
0.0930328369140625 0.184158325195313 -0.23907470703125 -0.65716552734375
0.113677978515625 0.0448837280273438 -0.8878173828125 -0.38629150390625
0.0569114685058594 -0.0144996643066406 -0.7144775390625 0.49853515625
-0.00377416610717773 -0.00539731979370117 0.0266723632812501 0.6875
-0.0308837890625 0.00590896606445312 0.346038818359375 0.327301025390625
-0.0287036895751953 0.0237884521484375 0.293243408203125 -0.12249755859375
-0.0381965637207031 0.00491714477539063 0.092010498046875 -0.323822021484375
-0.0294380187988281 -0.00495147705078125 -0.100326538085937 0.263336181640625
0.00157451629638672 0.00991249084472656 -0.292633056640625 -0.035888671875
-0.0179214477539062 0.0167007446289063 -0.2041015625 -0.50335693359375
0.0129489898681641 0.0178489685058594 0.3167724609375 -0.65008544921875
0.0341796875 0.0461578369140625 0.8531494140625 -0.026123046875
0.0532302856445313 0.101898193359375 0.6424560546875 0.70831298828125
0.037384033203125 0.180252075195313 0.08087158203125 0.520050048828125
0.0040283203125 0.205810546875 0.0551300048828125 -0.152145385742188
0.0937347412109375 0.129013061523438 -0.374267578125 -0.64385986328125
0.0816574096679688 0.012054443359375 -0.94244384765625 -0.17620849609375
0.026519775390625 -0.0153579711914062 -0.5531005859375 0.626953125
-0.00662851333618164 0.00314998626708984 0.1793212890625 0.62066650390625
-0.0233955383300781 0.00961112976074219 0.39837646484375 0.2137451171875
-0.0177288055419922 0.0252265930175781 0.281951904296875 -0.182342529296875
-0.0285453796386719 0.00125312805175781 0.0771484375 -0.325042724609375
-0.00920963287353515 -0.0102863311767578 -0.110305786132813 0.255508422851562
0.0170707702636719 0.00861644744873047 -0.282867431640625 -0.0816955566406251
-0.00794601440429688 0.0215072631835938 -0.123138427734375 -0.5472412109375
-0.00394248962402344 0.0238265991210938 0.45068359375 -0.59222412109375
-0.00319671630859375 0.0338535308837891 0.86737060546875 0.1566162109375
0.0163497924804688 0.0630989074707031 0.4974365234375 0.8306884765625
0.0253143310546875 0.110504150390625 -0.00244140624999998 0.48638916015625
0.0202865600585937 0.121925354003906 0.04412841796875 -0.221923828125
0.0665855407714844 0.0661163330078125 -0.47601318359375 -0.61273193359375
0.0316944122314453 -0.00605583190917969 -0.94970703125 -0.01959228515625
-0.00178670883178711 -0.00639009475708008 -0.4169921875 0.6888427734375
-0.0048685073852539 0.00984764099121094 0.2816162109375 0.547882080078125
-0.010838508605957 0.00986480712890625 0.425872802734375 0.122161865234375
-0.00205230712890625 0.0216388702392578 0.269607543945313 -0.224884033203125
-0.0116987228393555 -0.00648212432861328 0.06695556640625 -0.3245849609375
0.0107698440551758 -0.0172271728515625 -0.114944458007813 0.253250122070313
0.0330009460449219 0.0050048828125 -0.276351928710938 -0.10052490234375
0.000606536865234377 0.02496337890625 -0.076141357421875 -0.559783935546875
-0.021514892578125 0.0234470367431641 0.520263671875 -0.54461669921875
-0.0401954650878906 0.00433349609375001 0.85919189453125 0.259765625
-0.0102910995483398 -0.0080718994140625 0.4046630859375 0.88555908203125
0.035430908203125 0.0113410949707031 -0.047607421875 0.467864990234375
0.0390548706054688 0.0148468017578125 0.0352630615234375 -0.249862670898438
0.0215358734130859 0.00104331970214844 -0.52392578125 -0.5869140625
-0.0220775604248047 -0.0108375549316406 -0.9385986328125 0.0642089843750002
-0.0264015197753906 0.00717353820800782 -0.3404541015625 0.71356201171875
-0.00156116485595703 0.0128984451293945 0.33245849609375 0.504669189453125
0.00333786010742188 0.00579404830932617 0.43701171875 0.073150634765625
0.0146169662475586 0.0142917633056641 0.261886596679687 -0.247970581054687
0.00942134857177735 -0.0145902633666992 0.061767578125 -0.325775146484375
0.02783203125 -0.0241851806640625 -0.113311767578125 0.258514404296875
0.0454483032226563 -0.00305938720703125 -0.275192260742188 -0.0908966064453125
0.0110797882080078 0.0229778289794922 -0.078857421875 -0.550323486328125
-0.0343608856201172 0.0205135345458984 0.51959228515625 -0.543975830078125
-0.075927734375 -0.0273208618164062 0.8609619140625 0.25738525390625
-0.0353927612304688 -0.0876007080078125 0.4029541015625 0.8857421875
0.0514297485351562 -0.0986480712890625 -0.055999755859375 0.47711181640625
0.0565338134765625 -0.0971221923828125 0.0304107666015625 -0.23492431640625
-0.027801513671875 -0.0619354248046875 -0.51739501953125 -0.57818603515625
-0.0741119384765625 -0.014404296875 -0.93255615234375 0.058837890625
-0.0487556457519531 0.0202178955078125 -0.3382568359375 0.71148681640625
0.00125312805175781 0.014307975769043 0.335968017578125 0.50970458984375
0.0162954330444336 0.00236701965332031 0.44171142578125 0.07220458984375
0.0300788879394531 0.00539016723632813 0.262619018554688 -0.251800537109375
0.0296783447265625 -0.0230236053466797 0.06298828125 -0.327239990234375
0.0418167114257813 -0.0316543579101563 -0.10565185546875 0.270050048828125
0.0548782348632813 -0.0164566040039062 -0.28216552734375 -0.055694580078125
0.0228710174560547 0.0189399719238281 -0.128204345703125 -0.524017333984375
-0.0379219055175781 0.0218124389648438 0.44866943359375 -0.58782958984375
-0.103668212890625 -0.040252685546875 0.87371826171875 0.1446533203125
-0.0742034912109375 -0.146759033203125 0.49627685546875 0.82928466796875
0.0467071533203125 -0.19488525390625 -0.021514892578125 0.512969970703125
0.069488525390625 -0.198776245117187 0.028289794921875 -0.176712036132812
-0.0658340454101563 -0.126380920410156 -0.4610595703125 -0.58929443359375
-0.119270324707031 -0.0279998779296875 -0.932861328125 -0.0247802734375002
-0.073516845703125 0.0263290405273438 -0.41070556640625 0.68853759765625
-0.00156879425048828 0.015594482421875 0.294952392578125 0.559326171875
0.0260410308837891 -0.00312423706054688 0.44195556640625 0.122802734375
0.0417900085449219 -0.00266265869140625 0.274017333984375 -0.2347412109375
0.0475234985351563 -0.0284042358398438 0.07220458984375 -0.331878662109375
0.0516853332519531 -0.0380973815917969 -0.094451904296875 0.28314208984375
0.0599288940429688 -0.0304450988769531 -0.29144287109375 -0.000640869140624996
0.0336704254150391 0.00936508178710938 -0.210052490234375 -0.46929931640625
-0.0287761688232422 0.0234088897705078 0.31402587890625 -0.64508056640625
-0.119338989257812 -0.0303573608398438 0.85791015625 -0.04510498046875
-0.12451171875 -0.163681030273437 0.6441650390625 0.70361328125
0.013153076171875 -0.254608154296875 0.060821533203125 0.559722900390625
0.0764617919921875 -0.27239990234375 0.0323486328125 -0.0875778198242188
-0.078521728515625 -0.186599731445313 -0.3583984375 -0.605224609375
-0.14776611328125 -0.0587310791015625 -0.9139404296875 -0.18048095703125
-0.098388671875 0.0202560424804687 -0.5443115234375 0.62176513671875
-0.0093545913696289 0.0167551040649414 0.1976318359375 0.63623046875
0.0312213897705078 -0.00546073913574219 0.4229736328125 0.21685791015625
0.0475540161132813 -0.00824356079101562 0.291961669921875 -0.194793701171875
0.0582237243652344 -0.0308647155761719 0.08544921875 -0.336761474609375
-0.0518531799316406 -0.00177001953124999 -0.071563720703125 0.281463623046875
-0.0231704711914063 0.00534820556640626 -0.2879638671875 0.10107421875
-0.0364151000976563 0.00896835327148438 -0.3648681640625 -0.314544677734375
0.0213947296142578 -0.00493812561035156 -0.0489501953125001 -0.6607666015625
0.0679702758789063 0.0177574157714844 0.6524658203125 -0.4332275390625
0.10565185546875 0.0735549926757813 0.88409423828125 0.29327392578125
0.0959930419921875 0.1885986328125 0.325897216796875 0.54833984375
-0.0135498046875 0.263931274414063 0.0756759643554688 0.0622177124023438
0.0694122314453125 0.21307373046875 -0.09661865234375 -0.63043212890625
0.120567321777344 0.0829544067382813 -0.76788330078125 -0.59033203125
0.0787734985351563 -0.00421905517578125 -0.85302734375 0.314453125
0.00470352172851563 -0.0133371353149414 -0.15216064453125 0.71826171875
-0.0307865142822266 0.000896453857421881 0.2705078125 0.43756103515625
-0.03204345703125 0.0174064636230469 0.29583740234375 -0.056243896484375
-0.038330078125 0.0055999755859375 0.102630615234375 -0.32122802734375
-0.0444450378417969 -0.00271987915039062 -0.0849456787109375 0.273818969726563
-0.0124025344848633 0.00768470764160156 -0.2945556640625 0.0328674316406251
-0.0282058715820313 0.0125675201416016 -0.297393798828125 -0.419769287109375
0.0214958190917969 0.0067901611328125 0.1297607421875 -0.68292236328125
0.0605010986328125 0.0366783142089844 0.77862548828125 -0.25006103515625
0.0896072387695313 0.100196838378906 0.7921142578125 0.51177978515625
0.0685272216796875 0.204238891601563 0.198150634765625 0.543212890625
-0.00691223144531251 0.255584716796875 0.0646476745605469 -0.0510177612304687
0.0947723388671875 0.182357788085938 -0.24639892578125 -0.653076171875
0.114738464355469 0.0437393188476563 -0.89239501953125 -0.37384033203125
0.0564765930175781 -0.015380859375 -0.7081298828125 0.50604248046875
-0.00447607040405273 -0.00482034683227539 0.0357055664062499 0.687255859375
-0.0302696228027344 0.00747489929199219 0.350982666015625 0.3236083984375
-0.0285129547119141 0.0233745574951172 0.291839599609375 -0.125244140625
-0.0379600524902344 0.00464248657226562 0.0875244140625 -0.32513427734375
-0.0285301208496094 -0.00553321838378906 -0.09759521484375 0.264541625976563
0.00202274322509766 0.0103178024291992 -0.291961669921875 -0.0313110351562501
-0.0170459747314453 0.0170774459838867 -0.21112060546875 -0.498931884765625
0.0135250091552734 0.017547607421875 0.3074951171875 -0.654541015625
0.0349998474121094 0.0456504821777344 0.8519287109375 -0.03826904296875
0.0541000366210937 0.101242065429687 0.652587890625 0.69921875
0.03961181640625 0.178756713867188 0.0867919921875 0.518768310546875
0.00657653808593751 0.205673217773438 0.0529022216796875 -0.151031494140625
0.0953903198242187 0.127555847167969 -0.3843994140625 -0.63592529296875
0.0820846557617188 0.0114974975585938 -0.94586181640625 -0.16400146484375
0.0260276794433594 -0.0156383514404297 -0.5428466796875 0.63385009765625
-0.00670480728149414 0.00378131866455078 0.18798828125 0.6182861328125
-0.0231704711914063 0.0110530853271484 0.402069091796875 0.208740234375
-0.0170116424560547 0.0254878997802734 0.278839111328125 -0.18603515625
-0.0288333892822266 0.00120735168457031 0.07305908203125 -0.32611083984375
-0.00923061370849609 -0.0110998153686523 -0.106109619140625 0.256546020507812
0.0188121795654297 0.00835990905761719 -0.2845458984375 -0.076568603515625
-0.00672721862792969 0.0214328765869141 -0.131256103515625 -0.5450439453125
-0.002471923828125 0.0251407623291016 0.443359375 -0.59783935546875
-0.00207901000976563 0.0334815979003906 0.86810302734375 0.14453125
0.0170860290527344 0.0629348754882812 0.5059814453125 0.82049560546875
0.0260086059570312 0.109573364257812 0.00241088867187496 0.485687255859375
0.0215530395507813 0.1214599609375 0.0410614013671875 -0.220458984375
0.066497802734375 0.0651817321777344 -0.48272705078125 -0.60626220703125
0.0322551727294922 -0.00588417053222656 -0.94940185546875 -0.00866699218749984
-0.0023341178894043 -0.00576210021972656 -0.40716552734375 0.695556640625
-0.00478458404541016 0.00953769683837891 0.289215087890625 0.544525146484375
-0.0111484527587891 0.0100374221801758 0.427032470703125 0.116851806640625
-0.00134658813476562 0.0213603973388672 0.265899658203125 -0.228195190429687
-0.0124282836914063 -0.00674152374267578 0.062255859375 -0.326171875
0.00962638854980469 -0.0182838439941406 -0.1114501953125 0.255905151367188
0.0334587097167969 0.00371551513671875 -0.277069091796875 -0.095458984375
0.00111579895019531 0.0242538452148437 -0.083221435546875 -0.558502197265625
-0.0204715728759766 0.0242767333984375 0.512420654296875 -0.55126953125
-0.04058837890625 0.00443649291992188 0.86090087890625 0.24847412109375
-0.0104885101318359 -0.00771427154541015 0.4154052734375 0.87799072265625
0.036041259765625 0.0104866027832031 -0.0439453125 0.465576171875
0.0386810302734375 0.0144805908203125 0.032379150390625 -0.24945068359375
0.0210704803466797 0.000665664672851563 -0.52838134765625 -0.5770263671875
-0.0222091674804688 -0.0109214782714844 -0.935302734375 0.07513427734375
-0.0259037017822266 0.00817298889160156 -0.3311767578125 0.7161865234375
-0.00110530853271484 0.0129737854003906 0.3397216796875 0.50164794921875
0.00373458862304688 0.00618743896484375 0.43817138671875 0.06689453125
0.015009880065918 0.0141439437866211 0.257522583007813 -0.251480102539063
0.00724411010742188 -0.0148429870605469 0.05810546875 -0.326507568359375
0.0270595550537109 -0.0253314971923828 -0.10870361328125 0.260589599609375
0.0457229614257813 -0.00496292114257813 -0.27557373046875 -0.0856475830078125
0.0119304656982422 0.0235691070556641 -0.086700439453125 -0.549041748046875
-0.0339393615722656 0.0219917297363281 0.512359619140625 -0.550537109375
-0.0756454467773438 -0.0262451171875 0.86358642578125 0.2462158203125
-0.0356216430664063 -0.0869369506835938 0.41363525390625 0.87799072265625
0.05029296875 -0.10015869140625 -0.050506591796875 0.477569580078125
0.0541839599609375 -0.0982894897460938 0.02703857421875 -0.232696533203125
-0.0289306640625 -0.0620613098144531 -0.52386474609375 -0.57080078125
-0.0735702514648438 -0.0131607055664062 -0.93017578125 0.0720825195312498
-0.0485420227050781 0.0212326049804688 -0.33001708984375 0.71685791015625
0.000885009765625 0.0135202407836914 0.34375 0.505645751953125
0.0164241790771484 0.00163555145263672 0.44329833984375 0.0660400390625
0.0302524566650391 0.00512313842773438 0.257827758789063 -0.255569458007813
0.0287876129150391 -0.0233669281005859 0.0587158203125 -0.328216552734375
0.0408782958984375 -0.0328140258789063 -0.101333618164062 0.272659301757813
0.0547447204589844 -0.0180244445800781 -0.281524658203125 -0.051300048828125
0.0234565734863281 0.0181293487548828 -0.13629150390625 -0.5220947265625
-0.0370025634765625 0.0219230651855469 0.44073486328125 -0.5936279296875
-0.104873657226562 -0.0389404296875 0.8720703125 0.13397216796875
-0.076324462890625 -0.146484375 0.50579833984375 0.8214111328125
0.0442657470703125 -0.19586181640625 -0.014251708984375 0.5130615234375
0.066436767578125 -0.199554443359375 0.0269012451171875 -0.175796508789063
-0.0672225952148438 -0.125389099121094 -0.466064453125 -0.582275390625
-0.118972778320312 -0.0270919799804688 -0.93115234375 -0.0119628906249998
-0.0729217529296875 0.0277557373046875 -0.40234375 0.69317626953125
-0.00150299072265625 0.0148458480834961 0.301849365234375 0.5552978515625
0.0266265869140625 -0.003448486328125 0.44256591796875 0.1175537109375
0.0422286987304687 -0.00361251831054687 0.270919799804688 -0.238662719726563
0.0461006164550781 -0.029205322265625 0.0687255859375 -0.33251953125
0.0500030517578125 -0.0398368835449219 -0.089996337890625 0.28448486328125
0.0590400695800781 -0.0312461853027344 -0.2896728515625 0.00366210937499994
0.0340843200683594 0.00849533081054688 -0.217926025390625 -0.466156005859375
-0.0279541015625 0.0239086151123047 0.3038330078125 -0.6495361328125
-0.119407653808594 -0.0286865234375 0.85498046875 -0.056640625
-0.12701416015625 -0.162429809570313 0.65179443359375 0.69439697265625
0.00944519042968752 -0.253997802734375 0.067901611328125 0.55841064453125
0.073394775390625 -0.273056030273438 0.0312118530273438 -0.0865478515625
-0.08099365234375 -0.186065673828125 -0.36358642578125 -0.59930419921875
-0.148681640625 -0.0562286376953125 -0.9154052734375 -0.168212890625
-0.098480224609375 0.0215988159179688 -0.5350341796875 0.62744140625
-0.00934791564941406 0.0171079635620117 0.2066650390625 0.6334228515625
0.0311927795410156 -0.00625038146972656 0.425750732421875 0.210723876953125
0.0472984313964844 -0.00943374633789062 0.288818359375 -0.198974609375
0.0573043823242187 -0.0325851440429688 0.080657958984375 -0.33642578125
-0.0519790649414063 -0.00173568725585938 -0.068572998046875 0.282012939453125
-0.0225887298583984 0.00534820556640626 -0.285552978515625 0.10577392578125
-0.0363311767578125 0.0100364685058594 -0.36932373046875 -0.308868408203125
0.0211639404296875 -0.00597381591796875 -0.0585327148437499 -0.659912109375
0.0687026977539063 0.0166282653808594 0.64556884765625 -0.440185546875
0.106582641601563 0.07098388671875 0.88543701171875 0.281005859375
0.0982666015625 0.185836791992188 0.329833984375 0.5435791015625
-0.0106048583984375 0.26318359375 0.0758438110351563 0.0615310668945313
0.072113037109375 0.211395263671875 -0.10296630859375 -0.6263427734375
0.121932983398438 0.0812911987304688 -0.77362060546875 -0.5794677734375
0.0784988403320313 -0.00449371337890625 -0.84722900390625 0.3233642578125
0.00516128540039063 -0.0133142471313477 -0.14263916015625 0.71905517578125
-0.0300407409667969 0.00144195556640625 0.275115966796875 0.434326171875
-0.0311927795410156 0.0176334381103516 0.293212890625 -0.05865478515625
-0.0386543273925781 0.00524139404296875 0.097686767578125 -0.321807861328125
-0.0438194274902344 -0.00275421142578126 -0.0813140869140625 0.27447509765625
-0.0117626190185547 0.00774955749511719 -0.293426513671875 0.037261962890625
-0.0272808074951172 0.0134048461914062 -0.303436279296875 -0.415618896484375
0.0222206115722656 0.00671768188476562 0.121337890625 -0.68328857421875
0.0612030029296875 0.0349998474121094 0.7738037109375 -0.2587890625
0.0912094116210938 0.0987396240234375 0.79876708984375 0.4990234375
0.0704803466796875 0.201950073242188 0.202545166015625 0.53955078125
-0.00447082519531249 0.255279541015625 0.0633201599121094 -0.0506973266601562
0.0971527099609375 0.18084716796875 -0.25335693359375 -0.646728515625
0.115043640136719 0.0426788330078125 -0.89385986328125 -0.3616943359375
0.0558433532714844 -0.0160331726074219 -0.70025634765625 0.5146484375
-0.00378656387329101 -0.00504159927368164 0.0441284179687499 0.685302734375
-0.0303306579589844 0.00758171081542969 0.35430908203125 0.31781005859375
-0.0270652770996094 0.0242500305175781 0.28851318359375 -0.12908935546875
-0.0373001098632812 0.00477981567382813 0.082916259765625 -0.325836181640625
-0.0287704467773438 -0.0061492919921875 -0.094268798828125 0.26507568359375
0.00283432006835937 0.00849580764770508 -0.2923583984375 -0.027252197265625
-0.0163555145263672 0.0179557800292969 -0.21722412109375 -0.497100830078125
0.0144538879394531 0.0181293487548828 0.29803466796875 -0.65716552734375
0.0352935791015625 0.0448379516601563 0.85040283203125 -0.0489501953125
0.0556411743164062 0.0997390747070313 0.65765380859375 0.6878662109375
0.0399627685546875 0.1773681640625 0.090545654296875 0.514404296875
0.00848388671875001 0.204071044921875 0.0500030517578125 -0.149856567382813
0.0967330932617188 0.126113891601563 -0.38848876953125 -0.62969970703125
0.0817031860351563 0.00982666015625 -0.94305419921875 -0.1524658203125
0.0263671875 -0.0157451629638672 -0.5341796875 0.6387939453125
-0.00685977935791016 0.00321340560913086 0.19598388671875 0.61541748046875
-0.0230350494384766 0.0115413665771484 0.403076171875 0.20367431640625
-0.0167655944824219 0.0252628326416016 0.275909423828125 -0.18865966796875
-0.0285320281982422 0.00142478942871094 0.067901611328125 -0.3260498046875
-0.0101871490478516 -0.0124244689941406 -0.103622436523438 0.258438110351563
0.0184803009033203 0.00775337219238281 -0.284515380859375 -0.071014404296875
-0.00615692138671875 0.0220451354980469 -0.139495849609375 -0.54156494140625
-0.00203323364257813 0.0249538421630859 0.43310546875 -0.60150146484375
-0.00172996520996094 0.0332813262939453 0.8692626953125 0.13482666015625
0.0185089111328125 0.0623092651367187 0.51422119140625 0.81219482421875
0.0263290405273438 0.108718872070312 0.00784301757812501 0.483062744140625
0.0233230590820312 0.120254516601563 0.037933349609375 -0.21856689453125
0.0685577392578125 0.0639801025390625 -0.48590087890625 -0.59661865234375
0.0323753356933594 -0.00636672973632813 -0.94561767578125 0.00421142578124988
-0.00193357467651367 -0.00642681121826172 -0.39727783203125 0.69732666015625
-0.00483608245849609 0.00959682464599609 0.297210693359375 0.541168212890625
-0.010472297668457 0.0110988616943359 0.42718505859375 0.111572265625
-0.000959396362304689 0.0215587615966797 0.260910034179688 -0.231475830078125
-0.0128173828125 -0.0067291259765625 0.05853271484375 -0.3262939453125
0.00930213928222656 -0.0189113616943359 -0.10723876953125 0.256256103515625
0.0334205627441406 0.00228118896484375 -0.276580810546875 -0.0909271240234374
0.00217819213867188 0.0250816345214844 -0.0931701660156249 -0.55548095703125
-0.0200996398925781 0.0242176055908203 0.50225830078125 -0.555450439453125
-0.0409088134765625 0.00499343872070313 0.8623046875 0.236083984375
-0.0105218887329102 -0.00776958465576172 0.4237060546875 0.8707275390625
0.0347003936767578 0.00936126708984375 -0.039154052734375 0.465667724609375
0.03857421875 0.0136985778808594 0.0290374755859375 -0.24615478515625
0.0211009979248047 0.000339508056640625 -0.533447265625 -0.56884765625
-0.0212345123291016 -0.0103740692138672 -0.93255615234375 0.0841674804687501
-0.0255126953125 0.00874137878417969 -0.32061767578125 0.71868896484375
-0.00141620635986328 0.0121364593505859 0.34613037109375 0.495635986328125
0.00349187850952148 0.00681114196777344 0.43798828125 0.061798095703125
0.0151548385620117 0.0137224197387695 0.253158569335938 -0.25439453125
0.00712299346923828 -0.0153684616088867 0.05389404296875 -0.3255615234375
0.026214599609375 -0.0259609222412109 -0.10418701171875 0.261367797851563
0.0446319580078125 -0.0070343017578125 -0.275360107421875 -0.0814361572265625
0.0126266479492188 0.0232772827148438 -0.093231201171875 -0.5472412109375
-0.0330219268798828 0.0226345062255859 0.503082275390625 -0.556488037109375
-0.0758514404296875 -0.0252304077148438 0.8648681640625 0.234375
-0.0370559692382812 -0.0869598388671875 0.42156982421875 0.87139892578125
0.0481109619140625 -0.100135803222656 -0.04559326171875 0.4757080078125
0.0527725219726562 -0.0989532470703125 0.0246124267578125 -0.23052978515625
-0.028656005859375 -0.0621795654296875 -0.5306396484375 -0.56085205078125
-0.0733413696289063 -0.0120315551757813 -0.92767333984375 0.0819091796874998
-0.0483970642089844 0.021881103515625 -0.320068359375 0.71966552734375
0.00131797790527344 0.0140571594238281 0.348907470703125 0.50177001953125
0.0163326263427734 0.00139617919921875 0.4432373046875 0.06048583984375
0.0309066772460937 0.00364112854003906 0.254379272460938 -0.258407592773438
0.0278358459472656 -0.0234737396240234 0.054534912109375 -0.328155517578125
0.0394515991210938 -0.0341033935546875 -0.0963592529296875 0.2728271484375
0.0533638000488281 -0.0193405151367188 -0.279693603515625 -0.0469207763671875
0.02410888671875 0.0177421569824219 -0.14276123046875 -0.51776123046875
-0.0362968444824219 0.0227394104003906 0.43157958984375 -0.5977783203125
-0.106010437011719 -0.0377426147460938 0.8717041015625 0.1204833984375
-0.0774078369140625 -0.145782470703125 0.51318359375 0.8111572265625
0.0416259765625 -0.195343017578125 -0.010650634765625 0.51068115234375
0.0627288818359375 -0.199127197265625 0.024871826171875 -0.173797607421875
-0.0682449340820312 -0.123947143554688 -0.4708251953125 -0.57342529296875
-0.11761474609375 -0.0250091552734375 -0.9278564453125 -0.00103759765625001
-0.07269287109375 0.0284271240234375 -0.391357421875 0.697998046875
-0.00148582458496094 0.0159397125244141 0.310699462890625 0.55029296875
0.0257453918457031 -0.00340652465820312 0.443145751953125 0.110443115234375
0.041748046875 -0.00428390502929688 0.266403198242188 -0.241561889648438
0.0448226928710938 -0.0302047729492188 0.06341552734375 -0.332916259765625
0.04852294921875 -0.0409317016601562 -0.08447265625 0.28509521484375
0.05810546875 -0.0328941345214844 -0.288543701171875 0.00836181640624996
0.0342731475830078 0.00802040100097656 -0.22283935546875 -0.461700439453125
-0.0271415710449219 0.0237789154052734 0.29522705078125 -0.65057373046875
-0.120445251464844 -0.0274200439453125 0.8524169921875 -0.06634521484375
-0.127593994140625 -0.16082763671875 0.65655517578125 0.683837890625
0.00759887695312503 -0.2542724609375 0.0736083984375 0.557159423828125
0.0691070556640625 -0.272598266601562 0.0303421020507813 -0.0859146118164063
-0.0827789306640625 -0.184600830078125 -0.3695068359375 -0.5921630859375
-0.1473388671875 -0.053741455078125 -0.9141845703125 -0.15740966796875
-0.0988845825195313 0.0235519409179687 -0.52691650390625 0.63385009765625
-0.0100183486938477 0.0172262191772461 0.21484375 0.62921142578125
0.0307826995849609 -0.00659751892089844 0.426971435546875 0.204864501953125
0.04730224609375 -0.0106010437011719 0.28466796875 -0.202239990234375
0.0565414428710938 -0.03338623046875 0.076446533203125 -0.33648681640625
-0.0518417358398437 -0.00297546386718751 -0.0648193359375 0.2818603515625
-0.0225582122802734 0.00509071350097656 -0.283966064453125 0.10888671875
-0.0353736877441406 0.011138916015625 -0.3709716796875 -0.305267333984375
0.0216884613037109 -0.00559043884277344 -0.0645751953125 -0.656982421875
0.0686302185058594 0.0158195495605469 0.637939453125 -0.44537353515625
0.106353759765625 0.07012939453125 0.885009765625 0.26995849609375
0.0984039306640625 0.183639526367188 0.333282470703125 0.537384033203125
-0.00778198242187499 0.262069702148438 0.0752487182617188 0.061553955078125
0.0738372802734375 0.209991455078125 -0.109375 -0.6199951171875
0.1224365234375 0.0802993774414063 -0.7733154296875 -0.568603515625
0.0775375366210937 -0.00534820556640625 -0.8404541015625 0.33135986328125
0.00429725646972656 -0.0125350952148438 -0.1348876953125 0.71893310546875
-0.0299625396728516 0.0027313232421875 0.279449462890625 0.42962646484375
-0.0314369201660156 0.0191822052001953 0.291168212890625 -0.062469482421875
-0.0382804870605469 0.004791259765625 0.09344482421875 -0.32183837890625
-0.0438804626464844 -0.00389099121093749 -0.077423095703125 0.27435302734375
-0.0107631683349609 0.0075531005859375 -0.29229736328125 0.0408935546874999
-0.0261211395263672 0.0133991241455078 -0.306304931640625 -0.411773681640625
0.0229911804199219 0.00585174560546875 0.11376953125 -0.68365478515625
0.0608291625976562 0.0347557067871094 0.768310546875 -0.265625
0.0913009643554688 0.0971221923828125 0.79962158203125 0.48944091796875
0.0718231201171875 0.200790405273438 0.207244873046875 0.53485107421875
-0.0020751953125 0.253890991210938 0.0623397827148438 -0.0502548217773437
0.0992431640625 0.178680419921875 -0.25811767578125 -0.63909912109375
0.115974426269531 0.0418167114257813 -0.89306640625 -0.35125732421875
0.0557518005371094 -0.0167617797851563 -0.69195556640625 0.5205078125
-0.00400066375732422 -0.00535392761230469 0.0516357421875 0.68438720703125
-0.0303058624267578 0.00890159606933594 0.356292724609375 0.314239501953125
-0.027191162109375 0.0243072509765625 0.285858154296875 -0.13177490234375
-0.0374832153320312 0.00574111938476562 0.0787353515625 -0.325531005859375
-0.0293655395507813 -0.00780296325683594 -0.0893707275390625 0.265289306640625
0.00301933288574219 0.00727033615112305 -0.292236328125 -0.0227661132812499
-0.0155496597290039 0.017369270324707 -0.222137451171875 -0.492431640625
0.0143260955810547 0.0182781219482422 0.28924560546875 -0.659423828125
0.0356025695800781 0.0437850952148438 0.844970703125 -0.0582275390625
0.0566940307617188 0.0984420776367188 0.66351318359375 0.6781005859375
0.04095458984375 0.175552368164063 0.09490966796875 0.5115966796875
0.00958251953125001 0.202987670898438 0.0476531982421875 -0.148056030273437
0.0973663330078125 0.124160766601563 -0.39471435546875 -0.6209716796875
0.082763671875 0.00968170166015625 -0.94244384765625 -0.1417236328125
0.0256919860839844 -0.0160675048828125 -0.52587890625 0.64306640625
-0.0075840950012207 0.00369071960449219 0.2020263671875 0.6123046875
-0.0229969024658203 0.0121803283691406 0.403564453125 0.199615478515625
-0.0160045623779297 0.02587890625 0.2720947265625 -0.191085815429687
-0.0293865203857422 0.00172615051269532 0.06549072265625 -0.326080322265625
-0.0104637145996094 -0.0132436752319336 -0.09979248046875 0.258071899414063
0.01922607421875 0.0063934326171875 -0.284027099609375 -0.0668945312499999
-0.00624465942382812 0.0221385955810547 -0.145294189453125 -0.537689208984375
-0.00052833557128906 0.0242080688476562 0.42633056640625 -0.60589599609375
-0.00200653076171875 0.0331077575683594 0.8646240234375 0.12451171875
0.0186347961425781 0.0610122680664063 0.51922607421875 0.8023681640625
0.0262069702148438 0.107780456542969 0.013153076171875 0.48175048828125
0.02349853515625 0.119705200195312 0.0349578857421875 -0.21600341796875
0.0685462951660156 0.0622482299804688 -0.49066162109375 -0.58856201171875
0.0323772430419922 -0.00635147094726563 -0.94232177734375 0.0161132812500001
-0.00222396850585938 -0.00503158569335938 -0.38897705078125 0.6993408203125
-0.00448989868164063 0.009796142578125 0.300994873046875 0.5357666015625
-0.0107154846191406 0.0112876892089844 0.426727294921875 0.10693359375
-0.000165939331054688 0.0208053588867188 0.25714111328125 -0.233505249023438
-0.0126934051513672 -0.00586032867431641 0.05413818359375 -0.324859619140625
0.00755500793457031 -0.0202999114990234 -0.103485107421875 0.257110595703125
0.0329322814941406 0.00162124633789062 -0.277023315429688 -0.0858154296875001
0.00347328186035156 0.0246486663818359 -0.09832763671875 -0.552581787109375
-0.0190525054931641 0.0252246856689453 0.495849609375 -0.56121826171875
-0.040771484375 0.00515365600585938 0.86083984375 0.22564697265625
-0.0105323791503906 -0.00787162780761719 0.43212890625 0.8607177734375
0.0339984893798828 0.00860023498535156 -0.034088134765625 0.463775634765625
0.038177490234375 0.0134849548339844 0.0270843505859375 -0.244110107421875
0.0212173461914063 0.000249862670898438 -0.537078857421875 -0.559295654296875
-0.0211124420166016 -0.00925445556640626 -0.92803955078125 0.0971069335937499
-0.0258026123046875 0.00836944580078125 -0.31072998046875 0.72216796875
-0.000939369201660155 0.0127964019775391 0.351318359375 0.491180419921875
0.00377035140991211 0.0072789192199707 0.436065673828125 0.058013916015625
0.0157766342163086 0.0127792358398438 0.248947143554688 -0.256088256835938
0.00713539123535156 -0.0157051086425781 0.050201416015625 -0.32489013671875
0.02410888671875 -0.0273780822753906 -0.100967407226562 0.262069702148438
0.0450325012207031 -0.00745010375976563 -0.274398803710937 -0.076873779296875
0.0142765045166016 0.0227165222167969 -0.1002197265625 -0.54339599609375
-0.0318088531494141 0.0233974456787109 0.494781494140625 -0.5599365234375
-0.0758438110351563 -0.0241470336914063 0.8629150390625 0.22222900390625
-0.0387954711914063 -0.0858306884765625 0.4290771484375 0.860595703125
0.0459060668945312 -0.0998611450195313 -0.040557861328125 0.4736328125
0.0515289306640625 -0.0995101928710938 0.0224761962890625 -0.2281494140625
-0.0290069580078125 -0.0600967407226563 -0.531585693359375 -0.55389404296875
-0.0727767944335938 -0.0110015869140625 -0.924072265625 0.0928955078125001
-0.0486106872558594 0.0228614807128906 -0.31085205078125 0.71929931640625
0.000746726989746093 0.0139122009277344 0.353912353515625 0.4954833984375
0.0167913436889648 0.0012969970703125 0.440765380859375 0.055633544921875
0.0305728912353516 0.00344276428222656 0.24957275390625 -0.261016845703125
0.0264205932617188 -0.0233783721923828 0.051055908203125 -0.32794189453125
0.0377044677734375 -0.0345916748046875 -0.0927886962890625 0.272232055664063
0.0536079406738281 -0.0205001831054688 -0.2803955078125 -0.0415496826171875
0.0245647430419922 0.0178241729736328 -0.14923095703125 -0.51385498046875
-0.0354423522949219 0.0236701965332031 0.42364501953125 -0.598388671875
-0.105674743652344 -0.0375289916992188 0.869873046875 0.11138916015625
-0.0788421630859375 -0.143569946289062 0.51947021484375 0.80419921875
0.0384368896484375 -0.195510864257813 -0.00509643554687496 0.509124755859375
0.0606842041015625 -0.199737548828125 0.024261474609375 -0.17132568359375
-0.0691909790039063 -0.122802734375 -0.4737548828125 -0.56634521484375
-0.116744995117188 -0.0228042602539063 -0.9249267578125 0.01153564453125
-0.0715179443359375 0.0299453735351562 -0.38153076171875 0.70098876953125
-0.0019378662109375 0.016322135925293 0.314971923828125 0.544921875
0.0259628295898437 -0.00394248962402344 0.440948486328125 0.106048583984375
0.0423622131347656 -0.00497055053710938 0.262115478515625 -0.244277954101563
0.0441970825195312 -0.0301361083984375 0.05914306640625 -0.332611083984375
0.04638671875 -0.0414276123046875 -0.079376220703125 0.285369873046875
0.0573234558105469 -0.03521728515625 -0.286590576171875 0.0124206542968749
0.0348320007324219 0.00744056701660156 -0.229156494140625 -0.45745849609375
-0.0266952514648438 0.0243740081787109 0.2857666015625 -0.65167236328125
-0.120674133300781 -0.0262832641601563 0.8465576171875 -0.077880859375
-0.129257202148437 -0.158599853515625 0.66107177734375 0.67254638671875
0.00331115722656248 -0.252685546875 0.0783081054687499 0.552001953125
0.0655364990234375 -0.271896362304688 0.0302047729492188 -0.0837631225585938
-0.08428955078125 -0.181640625 -0.37384033203125 -0.5841064453125
-0.14727783203125 -0.052093505859375 -0.91217041015625 -0.1461181640625
-0.0977325439453125 0.0248260498046875 -0.51751708984375 0.6368408203125
-0.00873279571533203 0.0173702239990234 0.22198486328125 0.62603759765625
0.0316810607910156 -0.00629425048828125 0.426971435546875 0.199127197265625
0.0474014282226563 -0.0120086669921875 0.280960083007812 -0.2041015625
0.0557060241699219 -0.0334968566894531 0.071533203125 -0.33660888671875
-0.0516777038574219 -0.00270080566406249 -0.0613555908203125 0.28070068359375
-0.0213603973388672 0.00553131103515625 -0.281463623046875 0.112274169921875
-0.0335426330566406 0.0118217468261719 -0.37432861328125 -0.299468994140625
0.0217418670654297 -0.00561332702636719 -0.07269287109375 -0.65216064453125
0.0685882568359375 0.015350341796875 0.62957763671875 -0.45062255859375
0.106376647949219 0.06805419921875 0.8843994140625 0.2567138671875
0.09954833984375 0.180709838867188 0.336151123046875 0.529937744140625
-0.00569152832031247 0.259613037109375 0.0751495361328125 0.0603790283203125
0.07550048828125 0.207733154296875 -0.11370849609375 -0.6143798828125
0.122886657714844 0.0781936645507813 -0.77642822265625 -0.55645751953125
0.0774993896484375 -0.006378173828125 -0.8311767578125 0.338134765625
0.00434589385986328 -0.0129966735839844 -0.12567138671875 0.717041015625
-0.0297431945800781 0.00353050231933594 0.28271484375 0.4261474609375
-0.0305194854736328 0.0185356140136719 0.28887939453125 -0.064544677734375
-0.0377082824707031 0.0052032470703125 0.089019775390625 -0.3212890625
-0.0445976257324219 -0.0040740966796875 -0.07464599609375 0.273971557617188
-0.00980758666992188 0.00649642944335938 -0.289947509765625 0.0443725585937499
-0.0250015258789063 0.0132541656494141 -0.310028076171875 -0.40557861328125
0.0225563049316406 0.0059814453125 0.10589599609375 -0.68231201171875
0.0615005493164063 0.034210205078125 0.76043701171875 -0.27337646484375
0.091400146484375 0.0958404541015625 0.799560546875 0.476318359375
0.0724334716796875 0.1973876953125 0.210235595703125 0.529876708984375
-0.000595092773437479 0.25213623046875 0.0617103576660156 -0.0491714477539062
0.0991363525390625 0.17681884765625 -0.26214599609375 -0.63140869140625
0.115226745605469 0.0406875610351563 -0.89178466796875 -0.33929443359375
0.0548171997070313 -0.0164604187011719 -0.68365478515625 0.524658203125
-0.00487422943115234 -0.00552892684936523 0.05926513671875 0.680908203125
-0.0301876068115234 0.00917434692382813 0.358917236328125 0.309783935546875
-0.0259590148925781 0.02392578125 0.28216552734375 -0.134033203125
-0.0369911193847656 0.00592803955078124 0.07470703125 -0.325042724609375
-0.0302963256835937 -0.00761032104492188 -0.0867462158203125 0.26495361328125
0.00345659255981445 0.00699806213378906 -0.29022216796875 -0.017852783203125
-0.0139980316162109 0.0180816650390625 -0.227783203125 -0.486541748046875
0.0155487060546875 0.0189990997314453 0.28125 -0.6571044921875
0.0360183715820313 0.0428085327148438 0.83941650390625 -0.0679931640625
0.056732177734375 0.0973434448242187 0.667236328125 0.66790771484375
0.04254150390625 0.173919677734375 0.098480224609375 0.507354736328125
0.0113372802734375 0.202316284179688 0.0462188720703125 -0.146987915039063
0.0979156494140625 0.12225341796875 -0.39678955078125 -0.61236572265625
0.0821075439453125 0.009246826171875 -0.936767578125 -0.1307373046875
0.0250816345214844 -0.0162620544433594 -0.51629638671875 0.6455078125
-0.00708627700805664 0.00340652465820313 0.208251953125 0.60546875
-0.0227165222167969 0.0126895904541016 0.40374755859375 0.194091796875
-0.0150566101074219 0.0247459411621094 0.267898559570313 -0.193222045898438
-0.0291595458984375 0.00190925598144531 0.060211181640625 -0.325225830078125
-0.0117225646972656 -0.0141000747680664 -0.095672607421875 0.258468627929688
0.0179080963134766 0.00573158264160156 -0.283416748046875 -0.0632934570312501
-0.00419425964355469 0.0221366882324219 -0.150970458984375 -0.5345458984375
-0.000320434570312499 0.0251483917236328 0.414794921875 -0.60333251953125
-0.00138092041015625 0.0327339172363281 0.86004638671875 0.1131591796875
0.0191421508789062 0.0612258911132812 0.52545166015625 0.7923583984375
0.0266952514648438 0.105453491210938 0.015472412109375 0.479339599609375
0.023834228515625 0.118171691894531 0.033538818359375 -0.213882446289063
0.0685081481933594 0.0611381530761719 -0.49267578125 -0.5791015625
0.0329074859619141 -0.006500244140625 -0.93743896484375 0.0241699218750001
-0.00242805480957031 -0.00492286682128906 -0.37921142578125 0.70062255859375
-0.00543403625488281 0.00915050506591797 0.306243896484375 0.531158447265625
-0.0105218887329102 0.0109834671020508 0.42645263671875 0.10382080078125
0.000345230102539064 0.0209999084472656 0.252334594726562 -0.234970092773438
-0.0136499404907227 -0.00631618499755859 0.051025390625 -0.32476806640625
0.00623893737792969 -0.0206089019775391 -0.099945068359375 0.257644653320312
0.0324249267578125 -0.000112533569335937 -0.27557373046875 -0.0814208984375
0.00494575500488281 0.0243892669677734 -0.1044921875 -0.548370361328125
-0.0183506011962891 0.0253677368164063 0.48614501953125 -0.56365966796875
-0.0405197143554688 0.00537490844726563 0.85662841796875 0.215576171875
-0.0107793807983398 -0.0074005126953125 0.43585205078125 0.8511962890625
0.0335712432861328 0.00787353515625 -0.0297546386718749 0.461517333984375
0.0375175476074219 0.0119514465332031 0.0242156982421875 -0.241470336914063
0.0208377838134766 6.4849853515625E-05 -0.538177490234375 -0.549346923828125
-0.0202121734619141 -0.00842857360839844 -0.9229736328125 0.10479736328125
-0.0258636474609375 0.00961494445800781 -0.3026123046875 0.7210693359375
-0.00133991241455078 0.0122137069702148 0.355377197265625 0.485382080078125
0.00379467010498047 0.00740385055541992 0.433837890625 0.052276611328125
0.0164051055908203 0.0128469467163086 0.243423461914063 -0.258438110351563
0.00615310668945312 -0.0158805847167969 0.046661376953125 -0.32403564453125
0.0227737426757813 -0.0277996063232422 -0.0956573486328125 0.26287841796875
0.0438041687011719 -0.00933837890625 -0.273788452148438 -0.0724334716796875
0.0140247344970703 0.022491455078125 -0.10577392578125 -0.53839111328125
-0.0305938720703125 0.0234813690185547 0.487030029296875 -0.561248779296875
-0.076385498046875 -0.0235977172851563 0.85845947265625 0.2108154296875
-0.0383987426757813 -0.0849075317382813 0.4351806640625 0.85205078125
0.0446319580078125 -0.100051879882812 -0.036041259765625 0.471771240234375
0.0498580932617188 -0.0996170043945313 0.0206756591796875 -0.225753784179688
-0.02960205078125 -0.06011962890625 -0.53289794921875 -0.542816162109375
-0.0715255737304688 -0.00974273681640627 -0.91632080078125 0.103271484375
-0.0476341247558594 0.0233993530273437 -0.3004150390625 0.72283935546875
0.00135517120361328 0.0133495330810547 0.358428955078125 0.48980712890625
0.0164737701416016 0.00179862976074219 0.439239501953125 0.050750732421875
0.030303955078125 0.00286483764648438 0.244720458984375 -0.2625732421875
0.0259647369384766 -0.0237445831298828 0.047271728515625 -0.326995849609375
0.0362472534179688 -0.0359458923339844 -0.08782958984375 0.272735595703125
0.051544189453125 -0.0218925476074219 -0.278182983398438 -0.03875732421875
0.0246047973632813 0.0167617797851563 -0.153411865234375 -0.508575439453125
-0.0349807739257812 0.0241279602050781 0.4146728515625 -0.60089111328125
-0.106452941894531 -0.0362014770507812 0.8646240234375 0.09979248046875
-0.079376220703125 -0.1422119140625 0.52447509765625 0.79205322265625
0.0360107421875 -0.194122314453125 -0.000549316406250036 0.50665283203125
0.058349609375 -0.19873046875 0.022247314453125 -0.170028686523437
-0.0699310302734375 -0.121124267578125 -0.475860595703125 -0.555755615234375
-0.116973876953125 -0.0212554931640625 -0.91949462890625 0.02117919921875
-0.0713424682617188 0.0309219360351562 -0.3726806640625 0.7015380859375
-0.00170707702636719 0.0159835815429688 0.32147216796875 0.539337158203125
0.0262393951416016 -0.00374603271484375 0.440826416015625 0.1005859375
0.0422401428222656 -0.00585556030273438 0.2569580078125 -0.247085571289062
0.0420570373535156 -0.0298271179199219 0.055419921875 -0.331268310546875
0.0444984436035156 -0.0424461364746094 -0.0762939453125 0.285064697265625
0.0551490783691406 -0.035980224609375 -0.283477783203125 0.0165710449218751
0.0349750518798828 0.00690841674804688 -0.232666015625 -0.451812744140625
-0.0254783630371094 0.0247592926025391 0.2781982421875 -0.65118408203125
-0.121833801269531 -0.0244522094726562 0.84039306640625 -0.08544921875
-0.129531860351563 -0.156265258789063 0.66558837890625 0.66265869140625
-0.000335693359375003 -0.251663208007813 0.0821228027343751 0.54913330078125
0.0623931884765625 -0.271286010742187 0.0294036865234375 -0.0830841064453125
-0.08587646484375 -0.179916381835937 -0.3758544921875 -0.5772705078125
-0.147201538085938 -0.050750732421875 -0.90753173828125 -0.134521484375
-0.0970458984375 0.0266342163085938 -0.5064697265625 0.640380859375
-0.00933265686035156 0.0179538726806641 0.2275390625 0.62066650390625
0.0311698913574219 -0.00682640075683594 0.42840576171875 0.193817138671875
0.0471611022949219 -0.0125923156738281 0.276138305664063 -0.206954956054688
0.0544929504394531 -0.0336265563964844 0.06719970703125 -0.33502197265625
-0.0526885986328125 -0.00319290161132813 -0.0583038330078125 0.279495239257812
-0.0209064483642578 0.00449371337890625 -0.278411865234375 0.114425659179687
-0.0330696105957031 0.0126762390136719 -0.37445068359375 -0.293792724609375
0.0224609375 -0.00508499145507813 -0.07855224609375 -0.64788818359375
0.0678977966308594 0.01434326171875 0.62164306640625 -0.45404052734375
0.106163024902344 0.0665283203125 0.88067626953125 0.247314453125
0.100204467773438 0.179107666015625 0.33782958984375 0.5250244140625
-0.00466918945312501 0.25823974609375 0.0749282836914063 0.0608673095703125
0.076385498046875 0.205413818359375 -0.1185302734375 -0.60986328125
0.124069213867188 0.0766372680664063 -0.77423095703125 -0.54669189453125
0.0765609741210938 -0.00704193115234375 -0.823486328125 0.34332275390625
0.00359535217285156 -0.0130586624145508 -0.11724853515625 0.71405029296875
-0.0301189422607422 0.004547119140625 0.284393310546875 0.421661376953125
-0.0298080444335937 0.0184059143066406 0.286163330078125 -0.06695556640625
-0.0371894836425781 0.00651168823242188 0.085906982421875 -0.319549560546875
-0.0445404052734375 -0.00375747680664063 -0.07122802734375 0.27264404296875
-0.0100765228271484 0.00605583190917969 -0.2880859375 0.04681396484375
-0.0244331359863281 0.0143318176269531 -0.312255859375 -0.40020751953125
0.0237636566162109 0.00683021545410156 0.09771728515625 -0.67864990234375
0.0609817504882813 0.0327529907226563 0.7532958984375 -0.27935791015625
0.0923690795898438 0.0942153930664063 0.79913330078125 0.46636962890625
0.0730743408203125 0.19586181640625 0.212738037109375 0.52294921875
0.00209045410156248 0.25054931640625 0.0607261657714844 -0.0486831665039062
0.1007080078125 0.173858642578125 -0.26513671875 -0.623779296875
0.116058349609375 0.03900146484375 -0.8876953125 -0.32928466796875
0.0540313720703125 -0.0176239013671875 -0.67401123046875 0.52825927734375
-0.00431632995605469 -0.00570201873779297 0.06634521484375 0.67681884765625
-0.029327392578125 0.01007080078125 0.360015869140625 0.304779052734375
-0.0246925354003906 0.0246295928955078 0.279220581054687 -0.135818481445313
-0.0370597839355469 0.00591278076171875 0.0709228515625 -0.322967529296875
-0.0299701690673828 -0.00768089294433594 -0.082916259765625 0.264053344726562
0.00435876846313477 0.00608348846435547 -0.288482666015625 -0.0148620605468751
-0.0133113861083984 0.0184898376464844 -0.231292724609375 -0.482391357421875
0.0159950256347656 0.0189628601074219 0.27435302734375 -0.657470703125
0.0358238220214844 0.0423812866210938 0.83355712890625 -0.07366943359375
0.0563735961914063 0.0959091186523438 0.6680908203125 0.65594482421875
0.042999267578125 0.171859741210938 0.101531982421875 0.50177001953125
0.01190185546875 0.2005615234375 0.0444488525390625 -0.144943237304688
0.0986480712890625 0.120651245117188 -0.39947509765625 -0.60357666015625
0.0826339721679688 0.008544921875 -0.93115234375 -0.1221923828125
0.0248832702636719 -0.0162773132324219 -0.50750732421875 0.6470947265625
-0.00724029541015625 0.00386476516723633 0.21234130859375 0.6025390625
-0.0220584869384766 0.0135059356689453 0.4033203125 0.191070556640625
-0.0142631530761719 0.0252265930175781 0.264755249023438 -0.194992065429688
-0.0286846160888672 0.00201416015624999 0.057830810546875 -0.323089599609375
-0.0118532180786133 -0.0148334503173828 -0.092315673828125 0.257568359375
0.0183849334716797 0.00413131713867188 -0.28216552734375 -0.058868408203125
-0.00389671325683594 0.0224418640136719 -0.154052734375 -0.5279541015625
0.000648498535156252 0.0259456634521484 0.40771484375 -0.60589599609375
-0.00143051147460938 0.0321178436279297 0.85552978515625 0.10400390625
0.0189247131347656 0.0601768493652344 0.52911376953125 0.78094482421875
0.02783203125 0.105514526367188 0.019744873046875 0.474639892578125
0.0244979858398438 0.117034912109375 0.0301971435546875 -0.210983276367188
0.0687484741210938 0.0603675842285156 -0.49322509765625 -0.56890869140625
0.0333175659179688 -0.00615882873535156 -0.9312744140625 0.0335083007812499
-0.00258302688598633 -0.00459003448486328 -0.370361328125 0.70184326171875
-0.00445175170898438 0.0100278854370117 0.30975341796875 0.526336669921875
-0.00975322723388672 0.0114889144897461 0.42449951171875 0.098175048828125
0.000768661499023438 0.0205612182617188 0.2489013671875 -0.236083984375
-0.0141544342041016 -0.00603580474853516 0.0482177734375 -0.323394775390625
0.00604629516601562 -0.0217761993408203 -0.0960845947265625 0.256576538085937
0.0320911407470703 -0.000843048095703125 -0.274215698242187 -0.077972412109375
0.00481796264648437 0.0239124298095703 -0.110137939453125 -0.54364013671875
-0.0173377990722656 0.0253353118896484 0.478759765625 -0.5635986328125
-0.0402336120605469 0.00460815429687501 0.8526611328125 0.20611572265625
-0.0101585388183594 -0.00750923156738281 0.4412841796875 0.84136962890625
0.032470703125 0.00676155090332031 -0.026824951171875 0.4576416015625
0.0373420715332031 0.0117111206054688 0.0228271484375 -0.238449096679687
0.0210418701171875 0.000347137451171875 -0.53912353515625 -0.53973388671875
-0.0204658508300781 -0.00805091857910157 -0.91436767578125 0.11334228515625
-0.0257282257080078 0.0103549957275391 -0.2947998046875 0.719970703125
-0.00148105621337891 0.0125913619995117 0.3575439453125 0.479522705078125
0.00365591049194336 0.00739908218383789 0.43218994140625 0.0491943359375
0.0169038772583008 0.0118093490600586 0.239776611328125 -0.2586669921875
0.00551700592041016 -0.014984130859375 0.042999267578125 -0.322540283203125
0.0227279663085938 -0.0284805297851563 -0.0926055908203125 0.261886596679688
0.0430221557617188 -0.0105972290039063 -0.272003173828125 -0.069305419921875
0.0141773223876953 0.0221138000488281 -0.109527587890625 -0.53363037109375
-0.0308036804199219 0.0233364105224609 0.477447509765625 -0.562286376953125
-0.0765609741210938 -0.0232086181640625 0.8548583984375 0.2022705078125
-0.0389938354492187 -0.0839309692382813 0.43878173828125 0.841796875
0.0426483154296875 -0.0992431640625 -0.032958984375 0.4676513671875
0.047943115234375 -0.0988693237304687 0.018310546875 -0.222503662109375
-0.0301780700683594 -0.0599212646484375 -0.53179931640625 -0.532440185546875
-0.0713043212890625 -0.00941467285156251 -0.90985107421875 0.10919189453125
-0.0467529296875 0.0242805480957031 -0.2918701171875 0.71893310546875
0.000370979309082031 0.013763427734375 0.361328125 0.484405517578125
0.0162820816040039 0.00161170959472656 0.4371337890625 0.04644775390625
0.0312976837158203 0.00249099731445313 0.240127563476562 -0.263870239257813
0.0253238677978516 -0.0230579376220703 0.043609619140625 -0.325286865234375
0.034881591796875 -0.0355987548828125 -0.0835113525390625 0.272384643554688
0.0509910583496094 -0.0227432250976563 -0.275466918945313 -0.034088134765625
0.0255413055419922 0.0160617828369141 -0.15740966796875 -0.50341796875
-0.0333938598632813 0.0234146118164063 0.405517578125 -0.60101318359375
-0.106033325195313 -0.0348052978515625 0.86029052734375 0.09033203125
-0.0797653198242188 -0.140518188476563 0.52752685546875 0.78179931640625
0.033111572265625 -0.193191528320312 0.00326538085937503 0.50164794921875
0.0549163818359375 -0.198013305664063 0.0216217041015625 -0.167266845703125
-0.07061767578125 -0.119377136230469 -0.476715087890625 -0.5472412109375
-0.1156005859375 -0.020294189453125 -0.912841796875 0.0270385742187499
-0.07086181640625 0.0317840576171875 -0.3631591796875 0.70074462890625
-0.00194072723388672 0.0167560577392578 0.32489013671875 0.533447265625
0.0260543823242188 -0.00408363342285156 0.438262939453125 0.095916748046875
0.0415725708007813 -0.00613784790039062 0.252349853515625 -0.246353149414063
0.0420722961425781 -0.0311126708984375 0.05218505859375 -0.329193115234375
0.0428390502929688 -0.0421981811523438 -0.072265625 0.282928466796875
0.0546989440917969 -0.0364570617675781 -0.28057861328125 0.019927978515625
0.0355415344238281 0.00624465942382812 -0.235687255859375 -0.446075439453125
-0.0246353149414063 0.0250301361083984 0.26800537109375 -0.649658203125
-0.120887756347656 -0.0232315063476562 0.83404541015625 -0.09368896484375
-0.13055419921875 -0.153854370117188 0.666015625 0.6512451171875
-0.00219726562500001 -0.24908447265625 0.085296630859375 0.543548583984375
0.058807373046875 -0.26995849609375 0.0290679931640625 -0.080841064453125
-0.086669921875 -0.178436279296875 -0.377685546875 -0.56854248046875
-0.145904541015625 -0.0482330322265625 -0.9029541015625 -0.1263427734375
-0.0958480834960938 0.02764892578125 -0.496337890625 0.6405029296875
-0.0099029541015625 0.01800537109375 0.23150634765625 0.614990234375
0.03082275390625 -0.00733566284179688 0.42645263671875 0.188446044921875
0.0469436645507813 -0.0127029418945313 0.2724609375 -0.208114624023438
0.0536918640136719 -0.0340156555175781 0.063751220703125 -0.334014892578125
-0.0529632568359375 -0.00342178344726562 -0.056060791015625 0.277801513671875
-0.0201625823974609 0.00378227233886719 -0.27532958984375 0.1175537109375
-0.0320472717285156 0.0131149291992188 -0.37554931640625 -0.289154052734375
0.0226860046386719 -0.00498199462890625 -0.0823974609374999 -0.6441650390625
0.0677642822265625 0.0135955810546875 0.614990234375 -0.4556884765625
0.106201171875 0.0658416748046875 0.877685546875 0.23876953125
0.1004638671875 0.176315307617187 0.336883544921875 0.5179443359375
-0.0029296875 0.25567626953125 0.0752410888671875 0.0610198974609375
0.0775909423828125 0.203277587890625 -0.12213134765625 -0.60345458984375
0.123664855957031 0.0762252807617188 -0.7730712890625 -0.5372314453125
0.076019287109375 -0.0069427490234375 -0.813720703125 0.3475341796875
0.00362396240234375 -0.0128059387207031 -0.11273193359375 0.712158203125
-0.0289821624755859 0.0048980712890625 0.287689208984375 0.41729736328125
-0.0286521911621094 0.0188808441162109 0.28326416015625 -0.068084716796875
-0.0379142761230469 0.00559997558593751 0.08306884765625 -0.318267822265625
-0.0447044372558594 -0.00434112548828125 -0.0695648193359375 0.270736694335937
-0.00977706909179688 0.00590133666992188 -0.286376953125 0.04986572265625
-0.0229873657226563 0.0153465270996094 -0.315216064453125 -0.394744873046875
0.0242328643798828 0.00607681274414063 0.0911865234375 -0.67327880859375
0.0608673095703125 0.0321769714355469 0.74554443359375 -0.28326416015625
0.0920639038085938 0.0924530029296875 0.79742431640625 0.4556884765625
0.0730133056640625 0.193374633789063 0.2142333984375 0.518707275390625
0.00302124023437498 0.248886108398437 0.0596961975097656 -0.0470008850097656
0.100997924804687 0.171661376953125 -0.2674560546875 -0.6162109375
0.116378784179688 0.0379409790039063 -0.884521484375 -0.32037353515625
0.0541458129882812 -0.0168991088867188 -0.66522216796875 0.52996826171875
-0.00466537475585937 -0.00552988052368164 0.07110595703125 0.6729736328125
-0.0290107727050781 0.0103435516357422 0.360198974609375 0.302337646484375
-0.02410888671875 0.0249652862548828 0.275665283203125 -0.136734008789062
-0.0372238159179688 0.00673294067382812 0.067657470703125 -0.320709228515625
-0.030364990234375 -0.00839996337890625 -0.0811920166015625 0.263961791992188
0.00509071350097656 0.00506591796875 -0.2860107421875 -0.01165771484375
-0.0124359130859375 0.0182571411132813 -0.23541259765625 -0.476409912109375
0.0165424346923828 0.0179157257080078 0.2659912109375 -0.65576171875
0.0355148315429688 0.0411262512207031 0.82568359375 -0.0826416015625
0.05792236328125 0.0950546264648438 0.6690673828125 0.64593505859375
0.043212890625 0.17041015625 0.10302734375 0.499267578125
0.013427734375 0.19879150390625 0.0427703857421875 -0.141586303710938
0.0982742309570313 0.119209289550781 -0.40008544921875 -0.59649658203125
0.0825576782226562 0.0076904296875 -0.92730712890625 -0.11376953125
0.0248584747314453 -0.0161914825439453 -0.49951171875 0.64666748046875
-0.00721025466918945 0.00316524505615234 0.21661376953125 0.59747314453125
-0.0221271514892578 0.0140151977539062 0.403167724609375 0.185546875
-0.0143852233886719 0.0253486633300781 0.26019287109375 -0.195587158203125
-0.0294075012207031 0.00234794616699219 0.05487060546875 -0.321624755859375
-0.0129117965698242 -0.0141763687133789 -0.0897064208984375 0.256744384765625
0.018890380859375 0.00381851196289063 -0.279388427734375 -0.056427001953125
-0.00300407409667969 0.0222549438476563 -0.158294677734375 -0.523681640625
0.00155830383300781 0.0251865386962891 0.40081787109375 -0.6053466796875
-0.00121116638183593 0.0320053100585938 0.850341796875 0.09576416015625
0.0191230773925781 0.0601234436035156 0.53070068359375 0.77130126953125
0.027679443359375 0.104476928710938 0.0220947265625 0.471649169921875
0.0253829956054688 0.115974426269531 0.02996826171875 -0.208251953125
0.0682830810546875 0.0590171813964844 -0.493133544921875 -0.5601806640625
0.0330410003662109 -0.00739669799804688 -0.92535400390625 0.0390014648437501
-0.00286865234375 -0.00522708892822266 -0.36297607421875 0.70068359375
-0.00533390045166015 0.00979137420654297 0.312896728515625 0.52099609375
-0.00924873352050781 0.0128393173217773 0.421844482421875 0.094207763671875
0.000646591186523436 0.0202999114990234 0.245040893554688 -0.23675537109375
-0.014164924621582 -0.00548744201660157 0.045166015625 -0.32080078125
0.00491714477539063 -0.0214328765869141 -0.09228515625 0.256118774414063
0.0311698913574219 -0.00169754028320313 -0.272201538085938 -0.07440185546875
0.00552940368652344 0.0236701965332031 -0.112701416015625 -0.537872314453125
-0.0164794921875 0.0258064270019531 0.47052001953125 -0.56494140625
-0.040557861328125 0.00517654418945312 0.847412109375 0.1988525390625
-0.0106067657470703 -0.00685214996337891 0.44354248046875 0.83135986328125
0.0326881408691406 0.00692367553710938 -0.023590087890625 0.4556884765625
0.0364913940429688 0.0108642578125 0.02117919921875 -0.235015869140625
0.0205917358398438 -0.000303268432617188 -0.540374755859375 -0.5303955078125
-0.0193958282470703 -0.00844192504882812 -0.9075927734375 0.12078857421875
-0.0252971649169922 0.0107498168945312 -0.286865234375 0.71832275390625
-0.00102710723876953 0.0128459930419922 0.358734130859375 0.475128173828125
0.00418710708618164 0.00854110717773438 0.429595947265625 0.0455322265625
0.0174112319946289 0.0121841430664063 0.235198974609375 -0.25946044921875
0.00560188293457031 -0.0142498016357422 0.041595458984375 -0.32110595703125
0.020904541015625 -0.0281696319580078 -0.088226318359375 0.260971069335938
0.0426406860351562 -0.0106773376464844 -0.269287109375 -0.065643310546875
0.0141868591308594 0.0218410491943359 -0.114044189453125 -0.527313232421875
-0.0293560028076172 0.0235462188720703 0.4693603515625 -0.56256103515625
-0.0772628784179688 -0.0223846435546875 0.85009765625 0.19427490234375
-0.0401611328125 -0.083099365234375 0.44305419921875 0.83099365234375
0.0416717529296875 -0.0989227294921875 -0.030517578125 0.465606689453125
0.0465469360351563 -0.0990982055664063 0.017669677734375 -0.2198486328125
-0.0300979614257812 -0.0585403442382813 -0.532196044921875 -0.52423095703125
-0.0701866149902344 -0.00808334350585938 -0.9034423828125 0.1158447265625
-0.0465660095214844 0.0254135131835938 -0.28466796875 0.71722412109375
-6.67572021484329E-06 0.0150232315063477 0.3631591796875 0.479217529296875
0.0161943435668945 0.00120353698730469 0.433685302734375 0.044677734375
0.0305042266845703 0.00188255310058594 0.235565185546875 -0.263427734375
0.0246295928955078 -0.0235061645507812 0.04052734375 -0.323394775390625
0.0332908630371094 -0.0370368957519531 -0.0802001953125 0.270462036132813
0.0502815246582031 -0.0238380432128906 -0.273056030273438 -0.0316925048828125
0.0253028869628906 0.0159473419189453 -0.1617431640625 -0.498260498046875
-0.0328445434570312 0.0235633850097656 0.39794921875 -0.59942626953125
-0.105873107910156 -0.0340728759765625 0.85205078125 0.0838623046875
-0.080841064453125 -0.138984680175781 0.52838134765625 0.7696533203125
0.032073974609375 -0.191879272460938 0.00650024414062503 0.498046875
0.0528717041015625 -0.19561767578125 0.0207672119140625 -0.1641845703125
-0.0706329345703125 -0.118179321289062 -0.476654052734375 -0.53887939453125
-0.113517761230469 -0.0193710327148438 -0.905517578125 0.03460693359375
-0.0698814392089844 0.0328330993652344 -0.3551025390625 0.69873046875
-0.00165367126464844 0.0156993865966797 0.3260498046875 0.52825927734375
0.0259590148925781 -0.00345611572265625 0.43670654296875 0.091766357421875
0.0415763854980469 -0.00779342651367188 0.248672485351563 -0.247467041015625
0.039825439453125 -0.0306510925292969 0.049652099609375 -0.32763671875
0.0415840148925781 -0.0424003601074219 -0.06768798828125 0.281982421875
0.0528297424316406 -0.037994384765625 -0.277679443359375 0.022125244140625
0.0343151092529297 0.00468254089355469 -0.23724365234375 -0.44085693359375
-0.0243320465087891 0.0241947174072266 0.26116943359375 -0.6475830078125
-0.120628356933594 -0.022918701171875 0.8267822265625 -0.09814453125
-0.130477905273437 -0.15142822265625 0.6661376953125 0.640869140625
-0.00451660156250003 -0.247390747070313 0.08709716796875 0.539398193359375
0.057281494140625 -0.26800537109375 0.0286636352539063 -0.07928466796875
-0.0867462158203125 -0.176528930664063 -0.37847900390625 -0.560516357421875
-0.144317626953125 -0.0471649169921875 -0.89788818359375 -0.11956787109375
-0.0948867797851563 0.0286865234375 -0.48974609375 0.64178466796875
-0.00864219665527344 0.0177192687988281 0.23748779296875 0.6090087890625
0.0305805206298828 -0.00725173950195313 0.4249267578125 0.1844482421875
0.046630859375 -0.0129661560058594 0.267822265625 -0.209335327148438
0.051605224609375 -0.0345535278320313 0.06121826171875 -0.33160400390625
-0.052764892578125 -0.00380325317382812 -0.053955078125 0.276596069335937
-0.0199966430664063 0.00276947021484375 -0.273147583007813 0.118408203125
-0.0306529998779297 0.0137691497802734 -0.375732421875 -0.284881591796875
0.0230140686035156 -0.00518608093261719 -0.08453369140625 -0.6407470703125
0.0672264099121094 0.0126075744628906 0.60723876953125 -0.45623779296875
0.105522155761719 0.0650711059570313 0.87249755859375 0.2322998046875
0.09954833984375 0.174911499023438 0.337249755859375 0.512420654296875
-0.00134277343749998 0.254425048828125 0.0750656127929688 0.060791015625
0.0769500732421875 0.202041625976563 -0.12457275390625 -0.596923828125
0.123893737792969 0.0753250122070313 -0.77166748046875 -0.529541015625
0.0749359130859375 -0.0070343017578125 -0.80841064453125 0.35137939453125
0.002685546875 -0.0132017135620117 -0.1055908203125 0.708740234375
-0.0283679962158203 0.00577163696289062 0.28778076171875 0.4130859375
-0.0289020538330078 0.0192356109619141 0.28167724609375 -0.069915771484375
-0.0370826721191406 0.00633621215820313 0.079803466796875 -0.317230224609375
-0.044891357421875 -0.00506591796875001 -0.06671142578125 0.270111083984375
-0.00955104827880859 0.00453948974609375 -0.28387451171875 0.0523681640625
-0.0217514038085938 0.0153350830078125 -0.315887451171875 -0.390289306640625
0.0246906280517578 0.0060882568359375 0.0885620117187499 -0.672119140625
0.0612258911132813 0.0312309265136719 0.73870849609375 -0.28662109375
0.091583251953125 0.091552734375 0.79547119140625 0.44683837890625
0.072509765625 0.192123413085938 0.214874267578125 0.51580810546875
0.0045166015625 0.246017456054688 0.0593070983886719 -0.046356201171875
0.10076904296875 0.16998291015625 -0.26751708984375 -0.61004638671875
0.115631103515625 0.03704833984375 -0.8790283203125 -0.31280517578125
0.0534515380859375 -0.01727294921875 -0.6585693359375 0.53082275390625
-0.00485467910766601 -0.00472831726074219 0.07421875 0.66827392578125
-0.0282249450683594 0.0111904144287109 0.360076904296875 0.29693603515625
-0.0239219665527344 0.0246143341064453 0.27227783203125 -0.137588500976562
-0.0370674133300781 0.00609588623046875 0.065338134765625 -0.32012939453125
-0.0313377380371094 -0.00936317443847656 -0.07843017578125 0.26251220703125
0.00445079803466797 0.00498104095458984 -0.28399658203125 -0.00918579101562503
-0.0120601654052734 0.0185909271240234 -0.237213134765625 -0.472320556640625
0.0182743072509766 0.0188808441162109 0.2606201171875 -0.65325927734375
0.0351486206054688 0.0403213500976563 0.81903076171875 -0.086181640625
0.0574264526367188 0.0943756103515625 0.6673583984375 0.63653564453125
0.0439910888671875 0.168014526367188 0.104888916015625 0.49444580078125
0.0139923095703125 0.196243286132813 0.042236328125 -0.139747619628906
0.09918212890625 0.117332458496094 -0.39886474609375 -0.58782958984375
0.0818405151367187 0.006866455078125 -0.92034912109375 -0.1075439453125
0.0240707397460938 -0.0156440734863281 -0.493408203125 0.64666748046875
-0.00696325302124023 0.00396251678466797 0.21990966796875 0.5924072265625
-0.0209503173828125 0.0143566131591797 0.4017333984375 0.183624267578125
-0.0132331848144531 0.024993896484375 0.257080078125 -0.195831298828125
-0.0291976928710937 0.00271415710449219 0.052642822265625 -0.32000732421875
-0.0137166976928711 -0.0148744583129883 -0.0861968994140625 0.255569458007813
0.0188541412353516 0.00242424011230469 -0.277511596679688 -0.0535125732421875
-0.00205039978027344 0.0216732025146484 -0.160552978515625 -0.519073486328125
0.00248146057128906 0.0249519348144531 0.39324951171875 -0.6041259765625
-0.0009002685546875 0.0314502716064453 0.8436279296875 0.09130859375
0.0193061828613281 0.0591392517089844 0.53045654296875 0.761962890625
0.027191162109375 0.102699279785156 0.023223876953125 0.4676513671875
0.02490234375 0.11480712890625 0.029144287109375 -0.205245971679687
0.0685043334960938 0.0588111877441406 -0.4913330078125 -0.552093505859375
0.0328655242919922 -0.00715065002441406 -0.91802978515625 0.0451660156250002
-0.00278663635253906 -0.00496292114257813 -0.355712890625 0.6990966796875
-0.00450325012207031 0.010197639465332 0.31475830078125 0.51416015625
-0.00940322875976563 0.0135593414306641 0.42071533203125 0.09210205078125
0.00126838684082031 0.0194911956787109 0.241119384765625 -0.236328125
-0.0141868591308594 -0.00528335571289063 0.04302978515625 -0.31915283203125
0.00383949279785156 -0.0220546722412109 -0.089569091796875 0.255279541015625
0.0310420989990234 -0.00307846069335938 -0.27020263671875 -0.0715484619140625
0.0062713623046875 0.0235919952392578 -0.11614990234375 -0.535400390625
-0.0152473449707031 0.0259799957275391 0.4638671875 -0.56304931640625
-0.0399284362792969 0.00528717041015625 0.8424072265625 0.19219970703125
-0.0103578567504883 -0.00699615478515625 0.44384765625 0.82220458984375
0.0314369201660156 0.00676345825195313 -0.02130126953125 0.4515380859375
0.03631591796875 0.01141357421875 0.0196685791015625 -0.232040405273438
0.0212535858154297 -0.000951766967773438 -0.53485107421875 -0.52301025390625
-0.0189723968505859 -0.00796318054199219 -0.9007568359375 0.124755859375
-0.0257358551025391 0.0107765197753906 -0.28070068359375 0.716552734375
-0.00165271759033203 0.0126676559448242 0.360504150390625 0.469390869140625
0.0047149658203125 0.00802373886108398 0.42633056640625 0.0413818359375
0.0172328948974609 0.012115478515625 0.232147216796875 -0.259307861328125
0.00456619262695313 -0.0147066116333008 0.0384521484375 -0.31927490234375
0.0189990997314453 -0.028594970703125 -0.0845184326171875 0.259857177734375
0.0408248901367188 -0.0124168395996094 -0.26715087890625 -0.062835693359375
0.0152873992919922 0.0206222534179688 -0.1168212890625 -0.52435302734375
-0.0287971496582031 0.023712158203125 0.462371826171875 -0.561859130859375
-0.0766754150390625 -0.0223464965820313 0.84326171875 0.187744140625
-0.0390243530273438 -0.0821990966796875 0.44390869140625 0.8236083984375
0.04052734375 -0.0995101928710938 -0.02923583984375 0.461883544921875
0.0446014404296875 -0.0985260009765625 0.0169830322265625 -0.216812133789062
-0.0300369262695313 -0.0578880310058594 -0.52886962890625 -0.516815185546875
-0.0696830749511719 -0.00799560546875 -0.8946533203125 0.1217041015625
-0.0467071533203125 0.0249748229980469 -0.27789306640625 0.71514892578125
0.000562667846679688 0.0140361785888672 0.364227294921875 0.47393798828125
0.0167131423950195 0.00217914581298828 0.43218994140625 0.0411376953125
0.0311050415039063 0.00204658508300781 0.232620239257813 -0.2635498046875
0.0240688323974609 -0.0234184265136719 0.03875732421875 -0.32171630859375
0.0321922302246094 -0.0368881225585938 -0.0772705078125 0.2691650390625
0.0484504699707031 -0.0235404968261719 -0.270294189453125 -0.0295867919921875
0.0253238677978516 0.0149459838867188 -0.163116455078125 -0.49365234375
-0.0315303802490234 0.0236339569091797 0.38946533203125 -0.5987548828125
-0.106201171875 -0.033203125 0.84588623046875 0.0780029296875
-0.080535888671875 -0.13720703125 0.5296630859375 0.762939453125
0.02996826171875 -0.190582275390625 0.00842285156249996 0.49530029296875
0.050079345703125 -0.19512939453125 0.0201873779296875 -0.16253662109375
-0.0706100463867188 -0.1170654296875 -0.47662353515625 -0.529449462890625
-0.113388061523437 -0.01849365234375 -0.8992919921875 0.0398559570312498
-0.0688133239746094 0.0331077575683594 -0.34686279296875 0.69732666015625
-0.00216484069824219 0.0162820816040039 0.3270263671875 0.52294921875
0.0260105133056641 -0.00425338745117188 0.4345703125 0.088470458984375
0.0412673950195312 -0.00815582275390625 0.244232177734375 -0.247283935546875
0.0393447875976563 -0.0308761596679688 0.046905517578125 -0.326263427734375
0.0393028259277344 -0.0428924560546875 -0.064422607421875 0.28082275390625
0.0517234802246094 -0.0376739501953125 -0.274932861328125 0.024322509765625
0.035308837890625 0.0051727294921875 -0.23779296875 -0.435028076171875
-0.0233993530273437 0.0242805480957031 0.2547607421875 -0.64501953125
-0.12091064453125 -0.0211715698242188 0.8184814453125 -0.10174560546875
-0.129867553710938 -0.149795532226563 0.6634521484375 0.63201904296875
-0.00604248046875002 -0.245803833007813 0.0889892578125 0.53680419921875
0.054840087890625 -0.265731811523438 0.0290374755859375 -0.0776824951171875
-0.0879974365234375 -0.174484252929688 -0.376739501953125 -0.552886962890625
-0.14373779296875 -0.0461883544921875 -0.89215087890625 -0.11279296875
-0.0944900512695313 0.0293045043945312 -0.48126220703125 0.64013671875
-0.00905036926269531 0.0185146331787109 0.23968505859375 0.6033935546875
0.0306625366210937 -0.00780868530273437 0.422637939453125 0.179779052734375
0.0457000732421875 -0.0141563415527344 0.264205932617188 -0.208938598632813
0.0509605407714844 -0.0338516235351562 0.058380126953125 -0.331207275390625
-0.053375244140625 -0.0040435791015625 -0.0524444580078125 0.2747802734375
-0.0199661254882813 0.00227546691894531 -0.27032470703125 0.120712280273438
-0.0301685333251953 0.0136680603027344 -0.376495361328125 -0.280517578125
0.0235118865966797 -0.00500679016113281 -0.0888061523437501 -0.63653564453125
0.0672340393066406 0.0125045776367187 0.6019287109375 -0.45831298828125
0.10479736328125 0.0639801025390625 0.8671875 0.22467041015625
0.098663330078125 0.173309326171875 0.336578369140625 0.50726318359375
-0.000442504882812478 0.25299072265625 0.0742645263671875 0.0611114501953125
0.0778350830078125 0.19927978515625 -0.12469482421875 -0.5899658203125
0.124130249023438 0.0743179321289063 -0.76788330078125 -0.52215576171875
0.0750656127929688 -0.007110595703125 -0.80035400390625 0.3536376953125
0.00255203247070313 -0.0132713317871094 -0.101806640625 0.7047119140625
-0.0276088714599609 0.00600242614746094 0.289337158203125 0.410247802734375
-0.0279388427734375 0.0186347961425781 0.2786865234375 -0.0704803466796875
-0.0370330810546875 0.00642776489257812 0.0767822265625 -0.31573486328125
-0.0454025268554688 -0.00505828857421875 -0.064697265625 0.269012451171875
-0.00969696044921875 0.00434017181396484 -0.281646728515625 0.05401611328125
-0.0215167999267578 0.0156917572021484 -0.31640625 -0.3868408203125
0.025177001953125 0.00674057006835937 0.08209228515625 -0.66839599609375
0.060302734375 0.0306358337402344 0.7318115234375 -0.28973388671875
0.0913925170898438 0.0906143188476563 0.7916259765625 0.43853759765625
0.0730133056640625 0.19000244140625 0.214996337890625 0.50921630859375
0.00434875488281252 0.244888305664062 0.0583724975585938 -0.0447616577148437
0.101058959960938 0.168960571289063 -0.267822265625 -0.60205078125
0.116058349609375 0.0368499755859375 -0.87420654296875 -0.30615234375
0.0527915954589844 -0.0176849365234375 -0.652099609375 0.5333251953125
-0.00443696975708008 -0.00516939163208008 0.0787353515624999 0.66424560546875
-0.0278892517089844 0.0116996765136719 0.3599853515625 0.294647216796875
-0.0232658386230469 0.0244922637939453 0.2698974609375 -0.1383056640625
-0.0368080139160156 0.0068817138671875 0.06298828125 -0.31817626953125
-0.0309123992919922 -0.00976943969726562 -0.0758819580078125 0.26055908203125
0.00406241416931152 0.00372004508972168 -0.281463623046875 -0.00723266601562496
-0.0115165710449219 0.0183277130126953 -0.238525390625 -0.46771240234375
0.018463134765625 0.0178680419921875 0.252685546875 -0.65130615234375
0.0355949401855469 0.0401878356933594 0.81195068359375 -0.090576171875
0.0572586059570313 0.09344482421875 0.6651611328125 0.62762451171875
0.0429840087890625 0.166305541992188 0.10540771484375 0.490936279296875
0.013916015625 0.195205688476563 0.0419769287109375 -0.137855529785156
0.0981979370117188 0.115699768066406 -0.39971923828125 -0.58087158203125
0.0820846557617188 0.00707244873046875 -0.91595458984375 -0.10211181640625
0.0241336822509766 -0.0167713165283203 -0.48724365234375 0.6451416015625
-0.0069432258605957 0.00437211990356445 0.22308349609375 0.58935546875
-0.0208415985107422 0.0148124694824219 0.40093994140625 0.1805419921875
-0.0130558013916016 0.0248985290527344 0.253646850585938 -0.195419311523438
-0.0288009643554688 0.00312423706054687 0.050262451171875 -0.3184814453125
-0.0140752792358398 -0.0152511596679688 -0.084442138671875 0.255538940429688
0.0175104141235352 0.00239658355712891 -0.275680541992188 -0.050567626953125
-0.00219154357910156 0.0213661193847656 -0.16290283203125 -0.515167236328125
0.00321197509765625 0.0244960784912109 0.38641357421875 -0.60113525390625
-0.00148391723632812 0.0308208465576172 0.83721923828125 0.0867919921875
0.0197296142578125 0.0594329833984375 0.5311279296875 0.754150390625
0.0274887084960938 0.101760864257813 0.023773193359375 0.463226318359375
0.0252914428710937 0.113792419433594 0.027862548828125 -0.202728271484375
0.06829833984375 0.0576744079589844 -0.490753173828125 -0.54388427734375
0.0332984924316406 -0.0068206787109375 -0.91253662109375 0.04998779296875
-0.00301074981689453 -0.00526618957519531 -0.3504638671875 0.69488525390625
-0.00469970703125 0.00955581665039063 0.315277099609375 0.509674072265625
-0.0089111328125 0.0127077102661133 0.41754150390625 0.089263916015625
0.00151634216308594 0.0195388793945313 0.238296508789063 -0.235946655273438
-0.0144662857055664 -0.00507640838623047 0.041229248046875 -0.317962646484375
0.0035247802734375 -0.0225162506103516 -0.08709716796875 0.253143310546875
0.0308952331542969 -0.003143310546875 -0.26763916015625 -0.068603515625
0.00625038146972656 0.0224781036376953 -0.11773681640625 -0.528167724609375
-0.0149440765380859 0.0249118804931641 0.457977294921875 -0.5609130859375
-0.041015625 0.00532913208007813 0.8345947265625 0.18475341796875
-0.0105915069580078 -0.00664901733398438 0.4444580078125 0.81280517578125
0.0308284759521484 0.0067596435546875 -0.019866943359375 0.447509765625
0.0348739624023438 0.0108928680419922 0.020050048828125 -0.2288818359375
0.0211944580078125 -0.0005645751953125 -0.532135009765625 -0.51531982421875
-0.0189208984375 -0.00831031799316406 -0.89434814453125 0.12701416015625
-0.0250911712646484 0.0105323791503906 -0.27520751953125 0.7132568359375
-0.00119972229003906 0.0128030776977539 0.36041259765625 0.46484375
0.00498104095458984 0.00813055038452148 0.42486572265625 0.040771484375
0.0170135498046875 0.011052131652832 0.228042602539063 -0.259490966796875
0.00407600402832031 -0.0146923065185547 0.037261962890625 -0.3177490234375
0.018157958984375 -0.0289649963378906 -0.0834808349609375 0.25921630859375
0.0413360595703125 -0.0122528076171875 -0.265457153320313 -0.060394287109375
0.0156192779541016 0.0210971832275391 -0.11956787109375 -0.519012451171875
-0.0276870727539063 0.0229988098144531 0.4554443359375 -0.5594482421875
-0.0766143798828125 -0.0211105346679687 0.83837890625 0.1815185546875
-0.0387420654296875 -0.0811004638671875 0.44183349609375 0.8133544921875
0.0394668579101563 -0.0978012084960938 -0.027435302734375 0.45880126953125
0.0445098876953125 -0.09747314453125 0.0170135498046875 -0.213821411132812
-0.0299720764160156 -0.057464599609375 -0.52642822265625 -0.510528564453125
-0.0685157775878906 -0.00714874267578124 -0.8890380859375 0.12518310546875
-0.0462493896484375 0.0256538391113281 -0.2728271484375 0.7120361328125
0.000132560729980468 0.0136194229125977 0.3663330078125 0.470245361328125
0.0165815353393555 0.00167083740234375 0.428466796875 0.037811279296875
0.0314140319824219 0.000850677490234375 0.228302001953125 -0.263427734375
0.0232067108154297 -0.0234317779541016 0.038482666015625 -0.320343017578125
0.0305595397949219 -0.0363082885742188 -0.0740203857421875 0.26812744140625
0.04779052734375 -0.0249366760253906 -0.267791748046875 -0.026824951171875
0.0259361267089844 0.0141334533691406 -0.16510009765625 -0.489288330078125
-0.0315723419189453 0.0230159759521484 0.38507080078125 -0.59576416015625
-0.105697631835938 -0.0321731567382812 0.83941650390625 0.07342529296875
-0.0805740356445313 -0.13531494140625 0.52789306640625 0.752197265625
0.02947998046875 -0.189453125 0.00973510742187499 0.490570068359375
0.0497894287109375 -0.193405151367188 0.0204620361328125 -0.159835815429688
-0.0703125 -0.115531921386719 -0.47283935546875 -0.525421142578125
-0.111747741699219 -0.017120361328125 -0.89324951171875 0.0455322265624999
-0.0688934326171875 0.0331497192382813 -0.34405517578125 0.6942138671875
-0.00220012664794922 0.0161476135253906 0.330169677734375 0.517822265625
0.0259895324707031 -0.00487518310546875 0.43206787109375 0.08599853515625
0.0413818359375 -0.00817489624023438 0.241378784179688 -0.246383666992188
0.0405426025390625 -0.0303459167480469 0.04461669921875 -0.324462890625
0.0389595031738281 -0.0421142578125 -0.0616455078125 0.279129028320313
0.0500869750976563 -0.0396156311035156 -0.27093505859375 0.0258331298828125
0.0353317260742187 0.00399398803710937 -0.23895263671875 -0.431304931640625
-0.0225677490234375 0.0237216949462891 0.249755859375 -0.64154052734375
-0.12091064453125 -0.0204544067382813 0.81201171875 -0.106689453125
-0.1292724609375 -0.148284912109375 0.66357421875 0.62420654296875
-0.00686645507812502 -0.243423461914063 0.0914306640625 0.531768798828125
0.0528106689453125 -0.264205932617188 0.0295486450195313 -0.0762786865234375
-0.08734130859375 -0.172607421875 -0.3758544921875 -0.548675537109375
-0.142013549804688 -0.044525146484375 -0.88482666015625 -0.106201171875
-0.0944595336914063 0.0302658081054687 -0.47430419921875 0.6383056640625
-0.00882911682128906 0.0188045501708984 0.24310302734375 0.598388671875
0.0308723449707031 -0.00774383544921875 0.422515869140625 0.17645263671875
0.0453987121582031 -0.0143318176269531 0.260696411132813 -0.20880126953125
0.0501976013183594 -0.0334014892578125 0.05596923828125 -0.3275146484375
-0.0539321899414063 -0.00438308715820311 -0.0509033203125 0.273422241210938
-0.0200748443603516 0.00177383422851562 -0.26837158203125 0.12139892578125
-0.0297298431396484 0.0135898590087891 -0.37493896484375 -0.27825927734375
0.0237560272216797 -0.00531387329101563 -0.09039306640625 -0.6339111328125
0.0666351318359375 0.0127334594726562 0.59637451171875 -0.45843505859375
0.103462219238281 0.0631179809570313 0.8626708984375 0.21826171875
0.0984344482421875 0.171630859375 0.333221435546875 0.505340576171875
-0.000518798828124972 0.251739501953125 0.07415771484375 0.0611114501953125
0.0768890380859375 0.197799682617188 -0.1243896484375 -0.58636474609375
0.124176025390625 0.0737457275390625 -0.76312255859375 -0.5155029296875
0.0750885009765625 -0.00757598876953125 -0.79522705078125 0.35284423828125
0.00268650054931641 -0.0138826370239258 -0.0980224609375 0.701416015625
-0.0275173187255859 0.00683784484863281 0.290069580078125 0.407470703125
-0.0267925262451172 0.0185317993164063 0.275848388671875 -0.070587158203125
-0.0370025634765625 0.00579071044921875 0.07537841796875 -0.31402587890625
-0.0456657409667969 -0.00606536865234375 -0.06365966796875 0.266983032226563
-0.0088348388671875 0.00367450714111328 -0.279403686523438 0.055145263671875
-0.0208740234375 0.0156593322753906 -0.31597900390625 -0.382537841796875
0.0254859924316406 0.00610733032226563 0.0811767578125 -0.66522216796875
0.0600166320800781 0.0301551818847656 0.72613525390625 -0.289794921875
0.0904769897460938 0.0895004272460938 0.7894287109375 0.43365478515625
0.07318115234375 0.188201904296875 0.21435546875 0.505401611328125
0.00482177734375001 0.2432861328125 0.0581703186035156 -0.0436286926269531
0.100296020507813 0.166915893554688 -0.26776123046875 -0.595458984375
0.115394592285156 0.0366744995117188 -0.86798095703125 -0.302490234375
0.0525970458984375 -0.0173072814941406 -0.6466064453125 0.53082275390625
-0.00511360168457031 -0.00571966171264648 0.0810546875 0.66107177734375
-0.0274429321289062 0.0123291015625 0.35986328125 0.291229248046875
-0.0228805541992187 0.0243663787841797 0.267623901367188 -0.138092041015625
-0.0370979309082031 0.00704574584960938 0.06219482421875 -0.31658935546875
-0.0321083068847656 -0.00923347473144532 -0.0745391845703125 0.259490966796875
0.0042119026184082 0.00381016731262207 -0.27996826171875 -0.00538635253906252
-0.0111656188964844 0.0186061859130859 -0.239227294921875 -0.462921142578125
0.0192012786865234 0.0176105499267578 0.25054931640625 -0.6470947265625
0.0345726013183594 0.0396804809570313 0.80682373046875 -0.09197998046875
0.056854248046875 0.0930252075195312 0.66119384765625 0.6217041015625
0.043426513671875 0.165481567382813 0.105499267578125 0.486968994140625
0.014404296875 0.194107055664063 0.0416259765625 -0.134788513183594
0.09783935546875 0.115287780761719 -0.395751953125 -0.57537841796875
0.081695556640625 0.0065155029296875 -0.90887451171875 -0.0982666015625002
0.0237216949462891 -0.0154438018798828 -0.4794921875 0.6412353515625
-0.00747156143188476 0.00348901748657227 0.22259521484375 0.5863037109375
-0.0202655792236328 0.0151081085205078 0.400604248046875 0.1790771484375
-0.0124721527099609 0.0242385864257812 0.251953125 -0.194854736328125
-0.0289878845214844 0.003143310546875 0.0494384765625 -0.31707763671875
-0.0150651931762695 -0.0162954330444336 -0.082427978515625 0.253753662109375
0.0182266235351563 0.001495361328125 -0.273422241210938 -0.0484619140625
-0.000942230224609376 0.021881103515625 -0.16375732421875 -0.510650634765625
0.00332260131835938 0.0242023468017578 0.38189697265625 -0.60009765625
-0.00144195556640625 0.03125 0.831787109375 0.08282470703125
0.0201416015625 0.0583648681640625 0.5289306640625 0.74554443359375
0.026519775390625 0.100723266601563 0.02557373046875 0.45916748046875
0.0251617431640625 0.113914489746094 0.0278472900390625 -0.199981689453125
0.0682411193847656 0.0574417114257813 -0.487091064453125 -0.538818359375
0.0341091156005859 -0.00717353820800781 -0.9039306640625 0.0520019531249999
-0.00366449356079102 -0.00483465194702148 -0.34698486328125 0.6937255859375
-0.00479602813720703 0.00911808013916016 0.315399169921875 0.50787353515625
-0.008880615234375 0.0132627487182617 0.417266845703125 0.087615966796875
0.00176620483398438 0.0199432373046875 0.23602294921875 -0.235366821289063
-0.0146350860595703 -0.00455856323242188 0.040802001953125 -0.316680908203125
0.00200653076171875 -0.0229034423828125 -0.08441162109375 0.25244140625
0.0299320220947266 -0.0045318603515625 -0.2667236328125 -0.0663299560546875
0.00633621215820312 0.0228157043457031 -0.120513916015625 -0.524658203125
-0.0144882202148437 0.0245399475097656 0.451568603515625 -0.560150146484375
-0.0408401489257813 0.00572204589843749 0.830810546875 0.1815185546875
-0.010258674621582 -0.00601863861083984 0.44378662109375 0.80560302734375
0.0309314727783203 0.00693511962890625 -0.019775390625 0.445648193359375
0.0345973968505859 0.010528564453125 0.0195159912109375 -0.226226806640625
0.0204715728759766 -0.00067901611328125 -0.5296630859375 -0.510498046875
-0.0180816650390625 -0.00769233703613281 -0.888671875 0.1300048828125
-0.0248126983642578 0.0107612609863281 -0.2705078125 0.710693359375
-0.00130462646484375 0.0128412246704102 0.360931396484375 0.46221923828125
0.00489664077758789 0.00840330123901367 0.4207763671875 0.0380859375
0.0179367065429688 0.0113086700439453 0.225662231445313 -0.25799560546875
0.00448322296142578 -0.0137062072753906 0.03570556640625 -0.31573486328125
0.0164089202880859 -0.0290374755859375 -0.0799102783203125 0.256805419921875
0.0404891967773438 -0.0139617919921875 -0.26348876953125 -0.05792236328125
0.0158500671386719 0.0207748413085938 -0.119354248046875 -0.514617919921875
-0.0276050567626953 0.0229606628417969 0.450958251953125 -0.558258056640625
-0.0772247314453125 -0.0215377807617188 0.83270263671875 0.1796875
-0.0385208129882812 -0.0808258056640625 0.44219970703125 0.80548095703125
0.0384674072265625 -0.09783935546875 -0.026275634765625 0.4547119140625
0.0439224243164063 -0.096771240234375 0.0168914794921875 -0.211334228515625
-0.0301437377929687 -0.0573463439941406 -0.52203369140625 -0.50384521484375
-0.0676651000976563 -0.00703811645507812 -0.8824462890625 0.1275634765625
-0.0456581115722656 0.0263710021972656 -0.26806640625 0.70953369140625
0.00053119659423828 0.0137386322021484 0.365447998046875 0.46649169921875
0.017085075378418 0.00165748596191406 0.427398681640625 0.03582763671875
0.0315608978271484 0.000959396362304688 0.2257080078125 -0.2623291015625
0.0228004455566406 -0.0235118865966797 0.0369873046875 -0.318145751953125
0.02899169921875 -0.0358009338378906 -0.071319580078125 0.266983032226563
0.047027587890625 -0.0256195068359375 -0.265213012695313 -0.02471923828125
0.0255508422851563 0.0133075714111328 -0.166046142578125 -0.48565673828125
-0.0315093994140625 0.0230178833007812 0.37884521484375 -0.59429931640625
-0.106361389160156 -0.031280517578125 0.83447265625 0.0714111328125
-0.079925537109375 -0.134475708007812 0.5257568359375 0.74725341796875
0.0281219482421875 -0.1876220703125 0.01019287109375 0.48748779296875
0.0495147705078125 -0.192474365234375 0.0209808349609375 -0.157684326171875
-0.07049560546875 -0.114692687988281 -0.4696044921875 -0.51873779296875
-0.111228942871094 -0.0176010131835937 -0.88763427734375 0.0462036132812501
-0.0685653686523438 0.0334320068359375 -0.33819580078125 0.69097900390625
-0.00190067291259766 0.0167255401611328 0.329864501953125 0.515228271484375
0.0271873474121094 -0.00439453125 0.430084228515625 0.083892822265625
0.0413932800292969 -0.00868606567382813 0.236785888671875 -0.246917724609375
0.0382919311523438 -0.0302238464355469 0.043853759765625 -0.3228759765625
0.0365219116210937 -0.0419692993164063 -0.0582122802734375 0.277389526367188
0.0490341186523437 -0.0391159057617187 -0.268997192382813 0.0271759033203126
0.0348625183105469 0.00418853759765625 -0.239501953125 -0.427581787109375
-0.0221424102783203 0.0236129760742187 0.24542236328125 -0.63818359375
-0.12127685546875 -0.0196151733398438 0.80389404296875 -0.10931396484375
-0.129119873046875 -0.147384643554687 0.65985107421875 0.6171875
-0.00656127929687498 -0.242034912109375 0.089874267578125 0.5269775390625
0.051849365234375 -0.261764526367188 0.0306243896484375 -0.0747146606445313
-0.0868072509765625 -0.171432495117188 -0.37371826171875 -0.542938232421875
-0.140533447265625 -0.0447311401367188 -0.8807373046875 -0.10406494140625
-0.0930633544921875 0.0303421020507813 -0.4705810546875 0.63726806640625
-0.00977516174316406 0.0190486907958984 0.24383544921875 0.5943603515625
0.0300464630126953 -0.00723457336425781 0.418487548828125 0.17413330078125
0.0458717346191406 -0.0142555236816406 0.2578125 -0.208999633789063
0.0499534606933594 -0.0342941284179688 0.054351806640625 -0.32659912109375
-0.0531272888183594 -0.00426483154296875 -0.0503692626953125 0.272872924804688
-0.0188827514648437 0.00177764892578125 -0.266937255859375 0.12115478515625
-0.0283069610595703 0.0144615173339844 -0.374664306640625 -0.27471923828125
0.0246429443359375 -0.00566673278808594 -0.0921020507812499 -0.630126953125
0.0665817260742188 0.0111312866210938 0.59246826171875 -0.45709228515625
0.104545593261719 0.0627365112304688 0.85968017578125 0.2154541015625
0.0968780517578125 0.17071533203125 0.333099365234375 0.501678466796875
-0.000854492187499998 0.249374389648438 0.0742950439453125 0.0616912841796875
0.077728271484375 0.19610595703125 -0.122802734375 -0.58062744140625
0.12371826171875 0.0727920532226563 -0.760009765625 -0.51373291015625
0.07403564453125 -0.00722503662109375 -0.790771484375 0.35284423828125
0.00266551971435547 -0.0129537582397461 -0.09637451171875 0.69921875
-0.0273170471191406 0.00725936889648438 0.289398193359375 0.40606689453125
-0.0272483825683594 0.0186176300048828 0.274993896484375 -0.070770263671875
-0.0364151000976563 0.0064544677734375 0.07373046875 -0.311981201171875
-0.0460319519042969 -0.00616455078125001 -0.0630645751953125 0.266326904296875
-0.00909900665283203 0.00306606292724609 -0.277816772460938 0.05645751953125
-0.0200672149658203 0.0158214569091797 -0.314453125 -0.37994384765625
0.0262737274169922 0.00594902038574219 0.0783081054687499 -0.6607666015625
0.0593795776367188 0.0290679931640625 0.7215576171875 -0.2896728515625
0.09039306640625 0.0894088745117188 0.785400390625 0.42742919921875
0.0713653564453125 0.187057495117188 0.211944580078125 0.50262451171875
0.00457763671875001 0.240798950195313 0.0577621459960938 -0.0419425964355469
0.0997314453125 0.166366577148438 -0.2645263671875 -0.59259033203125
0.115890502929688 0.0360565185546875 -0.8646240234375 -0.2994384765625
0.0516548156738281 -0.0172233581542969 -0.64337158203125 0.52935791015625
-0.00527238845825195 -0.00465059280395508 0.081298828125 0.65875244140625
-0.0265827178955078 0.0130386352539062 0.35870361328125 0.290618896484375
-0.0223426818847656 0.0240955352783203 0.265975952148438 -0.1380615234375
-0.0363883972167969 0.00697326660156251 0.060516357421875 -0.31597900390625
-0.0326366424560547 -0.0101051330566406 -0.0742340087890625 0.258041381835938
0.00420641899108887 0.00314998626708984 -0.277999877929688 -0.00401306152343746
-0.0100078582763672 0.0178279876708984 -0.239227294921875 -0.46142578125
0.0199871063232422 0.0174312591552734 0.24688720703125 -0.64447021484375
0.0343551635742187 0.0398216247558594 0.80181884765625 -0.0924072265625
0.0566864013671875 0.092681884765625 0.66015625 0.615234375
0.0431365966796875 0.164413452148438 0.105194091796875 0.4844970703125
0.0147247314453125 0.193023681640625 0.0418701171875 -0.133293151855469
0.0979843139648438 0.114776611328125 -0.39373779296875 -0.5697021484375
0.0827865600585937 0.00615692138671875 -0.90399169921875 -0.0971679687500001
0.0235061645507812 -0.0156517028808594 -0.4776611328125 0.6414794921875
-0.00791788101196289 0.0038747787475586 0.2225341796875 0.58349609375
-0.0202293395996094 0.0154609680175781 0.397613525390625 0.177001953125
-0.0114307403564453 0.0240135192871094 0.248382568359375 -0.194595336914062
-0.0288772583007813 0.00284576416015625 0.0487060546875 -0.31646728515625
-0.0161924362182617 -0.0156478881835938 -0.080718994140625 0.25323486328125
0.01806640625 0.00102043151855469 -0.271926879882813 -0.047576904296875
-0.00123786926269531 0.0216045379638672 -0.164581298828125 -0.507781982421875
0.00496292114257812 0.0240859985351563 0.3797607421875 -0.59796142578125
-0.002197265625 0.0304946899414063 0.82568359375 0.07977294921875
0.01971435546875 0.0584335327148437 0.5263671875 0.73974609375
0.02593994140625 0.0999069213867188 0.0249938964843751 0.45782470703125
0.023895263671875 0.112480163574219 0.027923583984375 -0.197402954101563
0.0675010681152344 0.0571861267089844 -0.483489990234375 -0.534637451171875
0.0343132019042969 -0.00682830810546875 -0.900390625 0.0527343749999999
-0.00342249870300293 -0.00410652160644531 -0.3426513671875 0.69110107421875
-0.00579547882080078 0.00999641418457031 0.3162841796875 0.505889892578125
-0.00811958312988281 0.0138263702392578 0.415008544921875 0.0859375
0.00225448608398438 0.0194892883300781 0.233795166015625 -0.234664916992188
-0.0138788223266602 -0.00403022766113281 0.040008544921875 -0.31500244140625
0.000751495361328124 -0.0222301483154297 -0.0833892822265625 0.251251220703125
0.0293483734130859 -0.00429534912109375 -0.2637939453125 -0.065185546875
0.00655364990234375 0.0230674743652344 -0.120147705078125 -0.5218505859375
-0.0131187438964844 0.0243740081787109 0.447845458984375 -0.55615234375
-0.0404396057128906 0.00477218627929687 0.8260498046875 0.17987060546875
-0.00963878631591797 -0.0063323974609375 0.4423828125 0.79931640625
0.0303897857666016 0.00659561157226562 -0.0181884765625 0.442596435546875
0.03399658203125 0.0103988647460938 0.019805908203125 -0.222198486328125
0.0204200744628906 -0.000196456909179687 -0.527587890625 -0.5068359375
-0.016942024230957 -0.00850296020507813 -0.88275146484375 0.131103515625
-0.0250415802001953 0.0112743377685547 -0.26739501953125 0.70751953125
-0.00117874145507813 0.0132541656494141 0.3603515625 0.459228515625
0.00498247146606445 0.00849628448486328 0.419189453125 0.0367431640625
0.0172939300537109 0.0107460021972656 0.2232666015625 -0.258575439453125
0.00374984741210937 -0.0138673782348633 0.03472900390625 -0.3138427734375
0.0162601470947266 -0.0296573638916016 -0.0787811279296875 0.256484985351563
0.03863525390625 -0.013427734375 -0.261459350585938 -0.0573883056640625
0.0152168273925781 0.0204067230224609 -0.11968994140625 -0.51123046875
-0.0273551940917969 0.0224704742431641 0.44659423828125 -0.555328369140625
-0.0771255493164063 -0.021026611328125 0.82623291015625 0.17584228515625
-0.0386810302734375 -0.0798416137695312 0.4398193359375 0.80059814453125
0.0386581420898438 -0.0977096557617188 -0.026153564453125 0.451995849609375
0.0422134399414063 -0.0961837768554688 0.01708984375 -0.208282470703125
-0.0297050476074219 -0.0562934875488281 -0.52020263671875 -0.501251220703125
-0.0667648315429688 -0.00738143920898439 -0.8779296875 0.1292724609375
-0.0449333190917969 0.025848388671875 -0.2662353515625 0.70703125
-0.000349044799804688 0.0142030715942383 0.36492919921875 0.4632568359375
0.0171880722045898 0.000974655151367188 0.424163818359375 0.035064697265625
0.0305042266845703 -0.00030517578125 0.224563598632813 -0.262588500976562
0.0230197906494141 -0.0222129821777344 0.03546142578125 -0.316802978515625
0.0279388427734375 -0.0362281799316406 -0.069549560546875 0.264663696289063
0.0460205078125 -0.0259284973144531 -0.2625732421875 -0.0244903564453125
0.0247669219970703 0.0135574340820312 -0.165435791015625 -0.48089599609375
-0.0306854248046875 0.0221729278564453 0.375732421875 -0.5919189453125
-0.10638427734375 -0.0310287475585937 0.8289794921875 0.07061767578125
-0.079193115234375 -0.133377075195313 0.52392578125 0.7412109375
0.0270843505859375 -0.186599731445312 0.00958251953125005 0.485931396484375
0.0482635498046875 -0.190750122070313 0.0218353271484375 -0.156051635742188
-0.0702667236328125 -0.113166809082031 -0.465484619140625 -0.51519775390625
-0.110366821289063 -0.0176849365234375 -0.88140869140625 0.0488891601562499
-0.068328857421875 0.0342178344726562 -0.33447265625 0.68994140625
-0.00183200836181641 0.0163230895996094 0.330657958984375 0.51220703125
0.0268135070800781 -0.00398063659667969 0.42657470703125 0.082733154296875
0.0400047302246094 -0.00848388671875 0.235870361328125 -0.245758056640625
0.03839111328125 -0.0297698974609375 0.04302978515625 -0.3214111328125
0.0360298156738281 -0.0429725646972656 -0.05718994140625 0.275131225585938
0.0482444763183594 -0.0393905639648438 -0.265151977539062 0.0280456542968749
0.0347080230712891 0.00349617004394531 -0.2388916015625 -0.423309326171875
-0.0223789215087891 0.0226631164550781 0.241455078125 -0.63616943359375
-0.120590209960938 -0.0193405151367187 0.80029296875 -0.10888671875
-0.128646850585937 -0.146072387695313 0.65631103515625 0.611083984375
-0.00759887695312498 -0.240631103515625 0.09027099609375 0.523834228515625
0.0509185791015625 -0.260406494140625 0.030914306640625 -0.0738601684570313
-0.0865936279296875 -0.169830322265625 -0.369842529296875 -0.539276123046875
-0.139930725097656 -0.0442047119140625 -0.87646484375 -0.1024169921875
-0.0931777954101563 0.0308303833007812 -0.46697998046875 0.6341552734375
-0.00949478149414062 0.0185012817382813 0.243896484375 0.592529296875
0.0303668975830078 -0.008575439453125 0.4168701171875 0.17315673828125
0.0455360412597656 -0.0152359008789063 0.254379272460938 -0.208511352539063
0.0496025085449219 -0.0332260131835938 0.052886962890625 -0.32525634765625
-0.0543136596679687 -0.00445938110351564 -0.050445556640625 0.270797729492188
-0.0187854766845703 0.00132942199707031 -0.264190673828125 0.122756958007812
-0.0284194946289063 0.0141105651855469 -0.374542236328125 -0.274322509765625
0.0243415832519531 -0.0060882568359375 -0.0938110351562501 -0.6282958984375
0.0659828186035156 0.0115890502929688 0.5885009765625 -0.4566650390625
0.102340698242188 0.0625686645507813 0.8548583984375 0.212890625
0.096405029296875 0.169189453125 0.330596923828125 0.497650146484375
-0.000427246093750019 0.248641967773437 0.0734481811523438 0.0627899169921875
0.076446533203125 0.195541381835937 -0.121337890625 -0.57659912109375
0.123558044433594 0.0724945068359375 -0.75360107421875 -0.5096435546875
0.0730209350585938 -0.00749969482421875 -0.7855224609375 0.35296630859375
0.002227783203125 -0.0135459899902344 -0.09503173828125 0.69805908203125
-0.0261554718017578 0.00750350952148438 0.288909912109375 0.404266357421875
-0.0269947052001953 0.0187129974365234 0.273056030273438 -0.07025146484375
-0.0362701416015625 0.0065155029296875 0.072845458984375 -0.31121826171875
-0.0469245910644531 -0.00551605224609375 -0.062591552734375 0.265640258789063
-0.00876617431640625 0.00219440460205078 -0.275802612304688 0.0574645996093751
-0.0194072723388672 0.0156402587890625 -0.316253662109375 -0.3770751953125
0.0273761749267578 0.00570106506347656 0.0770263671875 -0.6595458984375
0.0591316223144531 0.0295562744140625 0.71820068359375 -0.29156494140625
0.0891647338867188 0.089141845703125 0.781005859375 0.4259033203125
0.0717010498046875 0.18597412109375 0.2115478515625 0.500091552734375
0.00373840332031252 0.240402221679688 0.0581092834472656 -0.0413551330566406
0.0990447998046875 0.1649169921875 -0.26239013671875 -0.58978271484375
0.115470886230469 0.035919189453125 -0.8609619140625 -0.29638671875
0.0518417358398437 -0.0175895690917969 -0.63909912109375 0.52734375
-0.00577306747436523 -0.005401611328125 0.08319091796875 0.65667724609375
-0.026458740234375 0.0132884979248047 0.357757568359375 0.290008544921875
-0.0222263336181641 0.0239486694335937 0.264205932617188 -0.137649536132813
-0.0363655090332031 0.00728988647460938 0.060455322265625 -0.314056396484375
-0.0332298278808594 -0.010711669921875 -0.073272705078125 0.257598876953125
0.00350689888000488 0.00281333923339844 -0.276046752929687 -0.00312805175781252
-0.00926017761230469 0.0184249877929688 -0.238800048828125 -0.457794189453125
0.0200595855712891 0.0164203643798828 0.2462158203125 -0.64288330078125
0.0344085693359375 0.0387344360351563 0.79681396484375 -0.0946044921875
0.0562362670898437 0.0920486450195313 0.6563720703125 0.61041259765625
0.0414581298828125 0.1632080078125 0.1033935546875 0.48175048828125
0.0138092041015625 0.192642211914063 0.041656494140625 -0.131072998046875
0.0970611572265625 0.113960266113281 -0.3916015625 -0.56610107421875
0.081817626953125 0.0059814453125 -0.89910888671875 -0.0949096679687502
0.0234107971191406 -0.0156173706054688 -0.47650146484375 0.6396484375
-0.0077519416809082 0.00316572189331055 0.22412109375 0.579833984375
-0.0199699401855469 0.0167560577392578 0.396209716796875 0.1768798828125
-0.0109443664550781 0.0240345001220703 0.248077392578125 -0.194381713867188
-0.0281162261962891 0.00302314758300781 0.04779052734375 -0.3143310546875
-0.0166616439819336 -0.0157537460327148 -0.0798187255859375 0.251571655273438
0.0176029205322266 0.000751495361328125 -0.2694091796875 -0.045196533203125
-0.000724792480468749 0.0205192565917969 -0.165069580078125 -0.5050048828125
0.00521278381347656 0.0226936340332031 0.37640380859375 -0.59368896484375
-0.00285148620605468 0.0306053161621094 0.82159423828125 0.07861328125
0.0197868347167969 0.0584754943847656 0.52349853515625 0.73516845703125
0.0264892578125 0.0991058349609375 0.023406982421875 0.455963134765625
0.0241012573242187 0.112213134765625 0.02862548828125 -0.194351196289063
0.0674858093261719 0.0565528869628906 -0.480804443359375 -0.529449462890625
0.0340671539306641 -0.00677680969238281 -0.89483642578125 0.0543823242187501
-0.0039668083190918 -0.0033726692199707 -0.34112548828125 0.68853759765625
-0.00523853302001953 0.0101909637451172 0.31591796875 0.503448486328125
-0.00769805908203125 0.0139961242675781 0.41302490234375 0.08538818359375
0.00264549255371094 0.0190544128417969 0.231491088867187 -0.234848022460937
-0.0142889022827148 -0.00421810150146484 0.039031982421875 -0.31365966796875
0.00013542175292969 -0.0224685668945313 -0.0817718505859375 0.249649047851563
0.0298576354980469 -0.00490951538085938 -0.26287841796875 -0.0644073486328125
0.00727272033691406 0.0218887329101562 -0.12054443359375 -0.519561767578125
-0.0131740570068359 0.0237216949462891 0.44476318359375 -0.555572509765625
-0.0411148071289062 0.00475311279296875 0.8182373046875 0.17889404296875
-0.0100622177124023 -0.0061492919921875 0.4393310546875 0.79461669921875
0.0298442840576172 0.00498008728027344 -0.0198974609375 0.44000244140625
0.0338535308837891 0.0106582641601563 0.0203704833984375 -0.220596313476563
0.0202426910400391 -0.000825881958007813 -0.522796630859375 -0.501129150390625
-0.0172176361083984 -0.00856113433837891 -0.87799072265625 0.1314697265625
-0.0251541137695312 0.0120182037353516 -0.26519775390625 0.706298828125
-0.00137233734130859 0.0129280090332031 0.362060546875 0.459381103515625
0.00537681579589844 0.00867223739624023 0.41839599609375 0.037353515625
0.0183486938476563 0.0106105804443359 0.22186279296875 -0.257705688476562
0.00398731231689453 -0.0131454467773438 0.03472900390625 -0.31378173828125
0.0147628784179688 -0.0287723541259766 -0.076629638671875 0.253997802734375
0.0388603210449219 -0.0130386352539062 -0.2586669921875 -0.0560760498046875
0.0149955749511719 0.0201549530029297 -0.12017822265625 -0.51007080078125
-0.0276317596435547 0.0220851898193359 0.44384765625 -0.552215576171875
-0.0779800415039063 -0.0208587646484375 0.8214111328125 0.1759033203125
-0.0377426147460937 -0.0792236328125 0.4375 0.79388427734375
0.038299560546875 -0.0961532592773438 -0.026702880859375 0.4498291015625
0.0419387817382813 -0.0955657958984375 0.018768310546875 -0.205795288085938
-0.0298652648925781 -0.0562744140625 -0.51641845703125 -0.496826171875
-0.0667724609375 -0.00740814208984374 -0.8724365234375 0.12872314453125
-0.0457382202148438 0.0262527465820313 -0.263916015625 0.7032470703125
-0.000472068786621093 0.0145854949951172 0.36529541015625 0.461334228515625
0.0178356170654297 0.00158500671386719 0.422637939453125 0.034515380859375
0.0313091278076172 2.09808349609375E-05 0.222122192382813 -0.260879516601563
0.0221481323242188 -0.0224056243896484 0.035308837890625 -0.316619873046875
0.0269088745117188 -0.0361976623535156 -0.067169189453125 0.263259887695313
0.0452308654785156 -0.0261039733886719 -0.260467529296875 -0.024322509765625
0.0246047973632812 0.0129528045654297 -0.164642333984375 -0.478515625
-0.0311508178710938 0.0222969055175781 0.37213134765625 -0.588134765625
-0.106582641601563 -0.0307083129882813 0.82275390625 0.06939697265625
-0.0791091918945312 -0.132652282714844 0.5205078125 0.73590087890625
0.0278167724609375 -0.185989379882813 0.00903320312499999 0.4815673828125
0.0474853515625 -0.189743041992188 0.0218505859375 -0.153900146484375
-0.0695419311523437 -0.113487243652344 -0.463104248046875 -0.51171875
-0.108810424804688 -0.0172882080078125 -0.877685546875 0.0482788085937502
-0.068206787109375 0.034271240234375 -0.331298828125 0.687255859375
-0.00182628631591797 0.0162477493286133 0.329498291015625 0.509124755859375
0.0263118743896484 -0.00459861755371094 0.42498779296875 0.08221435546875
0.0409507751464844 -0.00873947143554688 0.233383178710937 -0.24566650390625
0.0380096435546875 -0.0294723510742188 0.04229736328125 -0.319793701171875
0.0346031188964844 -0.0416831970214844 -0.05548095703125 0.272994995117187
0.0469627380371094 -0.0390892028808594 -0.262466430664063 0.02813720703125
0.0342235565185547 0.00287055969238281 -0.23895263671875 -0.421905517578125
-0.0221309661865234 0.0225353240966797 0.240234375 -0.6319580078125
-0.120857238769531 -0.0195159912109375 0.79510498046875 -0.10736083984375
-0.127792358398438 -0.1451416015625 0.654296875 0.60870361328125
-0.00770568847656252 -0.238998413085937 0.08795166015625 0.5213623046875
0.0494537353515625 -0.259017944335938 0.03173828125 -0.0726852416992188
-0.0866241455078125 -0.16876220703125 -0.3681640625 -0.534576416015625
-0.138801574707031 -0.04351806640625 -0.872314453125 -0.10003662109375
-0.092742919921875 0.0313644409179688 -0.46282958984375 0.63232421875
-0.00996780395507812 0.0189266204833984 0.24462890625 0.588623046875
0.0306568145751953 -0.00873947143554687 0.415863037109375 0.170562744140625
0.0452384948730469 -0.0144805908203125 0.253036499023438 -0.207839965820313
0.0494918823242188 -0.0325469970703125 0.052978515625 -0.3243408203125
-0.054779052734375 -0.00466156005859374 -0.049835205078125 0.26995849609375
-0.0192966461181641 0.000926971435546875 -0.263961791992188 0.1231689453125
-0.0273761749267578 0.0142955780029297 -0.373931884765625 -0.272186279296875
0.0251846313476562 -0.00583839416503906 -0.0928955078125 -0.6259765625
0.0659103393554688 0.0118942260742188 0.5863037109375 -0.45526123046875
0.102958679199219 0.0617599487304687 0.851806640625 0.2093505859375
0.095916748046875 0.167755126953125 0.328155517578125 0.495574951171875
-0.00102233886718752 0.247665405273438 0.074066162109375 0.063262939453125
0.0760345458984375 0.194717407226563 -0.1190185546875 -0.57269287109375
0.123756408691406 0.0721435546875 -0.75091552734375 -0.5087890625
0.07354736328125 -0.00714111328125 -0.78338623046875 0.35089111328125
0.00234699249267578 -0.0138092041015625 -0.09521484375 0.697021484375
-0.0254096984863281 0.00778961181640625 0.289154052734375 0.4024658203125
-0.0260143280029297 0.0188045501708984 0.272308349609375 -0.069793701171875
-0.0357322692871094 0.00654602050781251 0.071563720703125 -0.309967041015625
-0.0470161437988281 -0.00660705566406251 -0.06121826171875 0.263656616210938
-0.00951576232910156 0.00273036956787109 -0.27410888671875 0.05731201171875
-0.0189857482910156 0.0163288116455078 -0.31524658203125 -0.375
0.0266628265380859 0.00514793395996094 0.0750122070312499 -0.6583251953125
0.0584754943847656 0.0291862487792969 0.71356201171875 -0.28887939453125
0.089324951171875 0.0881729125976562 0.7772216796875 0.4207763671875
0.07086181640625 0.185501098632813 0.21063232421875 0.49847412109375
0.00379943847656252 0.239593505859375 0.057830810546875 -0.039093017578125
0.099578857421875 0.164749145507813 -0.259033203125 -0.58477783203125
0.115707397460938 0.035430908203125 -0.85662841796875 -0.29547119140625
0.0516204833984375 -0.0174407958984375 -0.6361083984375 0.5269775390625
-0.00623083114624023 -0.00535154342651367 0.08270263671875 0.6561279296875
-0.0263519287109375 0.0130748748779297 0.35797119140625 0.288818359375
-0.0220165252685547 0.0240364074707031 0.262451171875 -0.136154174804688
-0.0357131958007813 0.0070037841796875 0.060028076171875 -0.3138427734375
-0.0341281890869141 -0.0108985900878906 -0.0723114013671875 0.256179809570313
0.00388836860656738 0.00242424011230469 -0.274871826171875 -0.00251770019531246
-0.00874137878417969 0.01849365234375 -0.23895263671875 -0.455810546875
0.0200099945068359 0.0167331695556641 0.24456787109375 -0.6416015625
0.0338554382324219 0.0387802124023437 0.79290771484375 -0.09344482421875
0.056549072265625 0.091644287109375 0.65350341796875 0.6068115234375
0.041290283203125 0.161941528320312 0.101898193359375 0.479034423828125
0.013458251953125 0.192214965820312 0.0418624877929687 -0.129547119140625
0.0970001220703125 0.113265991210938 -0.38665771484375 -0.56298828125
0.082275390625 0.0061187744140625 -0.8955078125 -0.094482421875
0.0227680206298828 -0.0163631439208984 -0.4739990234375 0.638671875
-0.00838804244995117 0.00398159027099609 0.22344970703125 0.5799560546875
-0.0190315246582031 0.0161228179931641 0.395111083984375 0.1759033203125
-0.0109748840332031 0.0240840911865234 0.247100830078125 -0.193801879882812
-0.028167724609375 0.00443458557128906 0.0479736328125 -0.313232421875
-0.0170698165893555 -0.0166101455688477 -0.0786285400390625 0.2508544921875
0.0171041488647461 -0.000214576721191406 -0.268402099609375 -0.0450439453125
-0.000154495239257811 0.0204868316650391 -0.164581298828125 -0.503509521484375
0.00549697875976563 0.0227642059326172 0.37322998046875 -0.59088134765625
-0.00215530395507813 0.0305137634277344 0.81707763671875 0.07958984375
0.0194931030273437 0.0588455200195313 0.519775390625 0.730224609375
0.0260391235351562 0.0988616943359375 0.02374267578125 0.452423095703125
0.0235366821289062 0.112152099609375 0.029083251953125 -0.192276000976563
0.067138671875 0.0563697814941406 -0.47705078125 -0.526885986328125
0.0340499877929688 -0.00701522827148438 -0.8927001953125 0.05450439453125
-0.00365900993347168 -0.00379157066345215 -0.33905029296875 0.6875
-0.00511264801025391 0.00966644287109375 0.3150634765625 0.502716064453125
-0.00772666931152344 0.0137147903442383 0.412445068359375 0.086181640625
0.002471923828125 0.0193672180175781 0.230697631835937 -0.234222412109375
-0.0136804580688477 -0.00403881072998047 0.03924560546875 -0.31353759765625
-0.000791549682617186 -0.0227012634277344 -0.0804901123046875 0.24945068359375
0.0288162231445312 -0.00473594665527344 -0.260940551757813 -0.0637359619140625
0.00686454772949219 0.0222568511962891 -0.1219482421875 -0.51739501953125
-0.0131111145019531 0.0230770111083984 0.443145751953125 -0.552337646484375
-0.0413932800292969 0.005615234375 0.81463623046875 0.1793212890625
-0.0095052719116211 -0.00594711303710937 0.435791015625 0.7904052734375
0.0292758941650391 0.00536537170410156 -0.0218505859375 0.437408447265625
0.0334606170654297 0.0105266571044922 0.0214996337890625 -0.218093872070313
0.0206565856933594 -0.000200271606445313 -0.5189208984375 -0.4990234375
-0.0165176391601563 -0.00782966613769531 -0.8748779296875 0.1312255859375
-0.0254974365234375 0.0122032165527344 -0.264892578125 0.70361328125
-0.00245571136474609 0.0126667022705078 0.360443115234375 0.455596923828125
0.00570869445800781 0.00874042510986328 0.415618896484375 0.038787841796875
0.0177803039550781 0.01019287109375 0.220535278320313 -0.256973266601563
0.00394725799560547 -0.0128307342529297 0.034912109375 -0.3126220703125
0.0139522552490234 -0.0287189483642578 -0.0755615234375 0.253631591796875
0.0379180908203125 -0.0137138366699219 -0.257644653320313 -0.055511474609375
0.0148506164550781 0.0193939208984375 -0.1207275390625 -0.507171630859375
-0.0268039703369141 0.0220909118652344 0.4405517578125 -0.551116943359375
-0.0776824951171875 -0.0203094482421875 0.81683349609375 0.1751708984375
-0.0377655029296875 -0.0786361694335938 0.434814453125 0.791259765625
0.036834716796875 -0.0972061157226563 -0.02679443359375 0.447967529296875
0.04205322265625 -0.0947418212890625 0.018798828125 -0.204986572265625
-0.0289382934570312 -0.0558891296386719 -0.511627197265625 -0.49383544921875
-0.0662918090820313 -0.007843017578125 -0.86956787109375 0.12786865234375
-0.0452919006347656 0.0265350341796875 -0.26202392578125 0.70220947265625
-0.000180244445800783 0.0149106979370117 0.365142822265625 0.4598388671875
0.016758918762207 0.00156784057617188 0.4212646484375 0.03387451171875
0.0317897796630859 -0.000171661376953125 0.219284057617188 -0.261367797851563
0.0227546691894531 -0.0227432250976563 0.034912109375 -0.315277099609375
0.0257911682128906 -0.0354347229003906 -0.06622314453125 0.261703491210938
0.0438766479492188 -0.0259361267089844 -0.258132934570313 -0.0230255126953125
0.0247135162353516 0.0139732360839844 -0.164642333984375 -0.47589111328125
-0.03118896484375 0.0217742919921875 0.370361328125 -0.58660888671875
-0.106620788574219 -0.0300979614257813 0.821044921875 0.06829833984375
-0.0791244506835938 -0.1328125 0.517822265625 0.73333740234375
0.0268096923828125 -0.184967041015625 0.00662231445312504 0.48004150390625
0.047454833984375 -0.18853759765625 0.0234527587890625 -0.152816772460938
-0.068756103515625 -0.112579345703125 -0.459259033203125 -0.5096435546875
-0.108551025390625 -0.0166854858398437 -0.8736572265625 0.0486450195312502
-0.0678215026855469 0.0347557067871094 -0.33111572265625 0.685546875
-0.00256443023681641 0.0167646408081055 0.330047607421875 0.50775146484375
0.0262603759765625 -0.00475692749023437 0.4237060546875 0.081695556640625
0.04058837890625 -0.00907516479492188 0.231719970703125 -0.244583129882813
0.0383644104003906 -0.0294113159179688 0.042572021484375 -0.3187255859375
0.0342445373535156 -0.0409965515136719 -0.054595947265625 0.272354125976563
0.0464096069335938 -0.0392112731933594 -0.261154174804688 0.028167724609375
0.0344352722167969 0.00243759155273438 -0.237884521484375 -0.41876220703125
-0.0231056213378906 0.0213069915771484 0.238037109375 -0.63037109375
-0.121208190917969 -0.01849365234375 0.79034423828125 -0.10748291015625
-0.126968383789063 -0.144424438476562 0.6505126953125 0.6043701171875
-0.00834655761718748 -0.238571166992188 0.0879821777343751 0.5186767578125
0.0494537353515625 -0.257553100585938 0.0324783325195312 -0.0723342895507813
-0.08526611328125 -0.167892456054687 -0.363616943359375 -0.53363037109375
-0.138130187988281 -0.0434646606445313 -0.8680419921875 -0.10064697265625
-0.0923004150390625 0.0310897827148438 -0.46142578125 0.63140869140625
-0.0101070404052734 0.0186901092529297 0.24383544921875 0.58636474609375
0.0305690765380859 -0.0091552734375 0.41473388671875 0.171173095703125
0.0451736450195312 -0.0153541564941406 0.252029418945313 -0.207656860351563
0.0486793518066406 -0.0326194763183594 0.052276611328125 -0.322845458984375
-0.0556144714355469 -0.00463867187500001 -0.0499420166015625 0.269119262695313
-0.0191440582275391 0.00111579895019531 -0.262741088867188 0.123504638671875
-0.0266399383544922 0.0149097442626953 -0.37213134765625 -0.27227783203125
0.0252227783203125 -0.00636672973632813 -0.0938720703125 -0.62518310546875
0.0653953552246094 0.0115394592285156 0.584716796875 -0.453369140625
0.101760864257812 0.0621185302734375 0.84857177734375 0.20806884765625
0.095062255859375 0.168075561523437 0.32525634765625 0.49493408203125
-0.001190185546875 0.247360229492188 0.0739898681640625 0.0639114379882813
0.0755462646484375 0.194046020507812 -0.119140625 -0.57012939453125
0.123359680175781 0.071807861328125 -0.748291015625 -0.50604248046875
0.073394775390625 -0.0074005126953125 -0.781005859375 0.35052490234375
0.00200843811035156 -0.0132417678833008 -0.0926513671875 0.695556640625
-0.0260581970214844 0.00819587707519532 0.289031982421875 0.403167724609375
-0.0254573822021484 0.018341064453125 0.270156860351563 -0.069549560546875
-0.0356178283691406 0.00695419311523438 0.072113037109375 -0.309967041015625
-0.0477180480957031 -0.00643539428710938 -0.0612640380859375 0.263504028320313
-0.00903129577636719 0.00235176086425781 -0.272369384765625 0.0581207275390625
-0.0181999206542969 0.0157451629638672 -0.314453125 -0.375030517578125
0.0275325775146484 0.00434112548828125 0.07391357421875 -0.656982421875
0.058380126953125 0.0296096801757813 0.7110595703125 -0.2879638671875
0.08984375 0.0886459350585938 0.77593994140625 0.41888427734375
0.07000732421875 0.184280395507812 0.208465576171875 0.4967041015625
0.00344848632812499 0.238327026367188 0.0587005615234375 -0.0380516052246094
0.0987548828125 0.164321899414062 -0.25811767578125 -0.5836181640625
0.115196228027344 0.0353622436523438 -0.85394287109375 -0.2950439453125
0.0511360168457031 -0.0172348022460938 -0.63525390625 0.52545166015625
-0.00616550445556641 -0.00509786605834961 0.08233642578125 0.65289306640625
-0.0259590148925781 0.0139083862304687 0.355865478515625 0.287872314453125
-0.0215797424316406 0.0241069793701172 0.261215209960938 -0.135955810546875
-0.0360488891601563 0.00873184204101563 0.0594482421875 -0.313232421875
-0.0342979431152344 -0.0103073120117187 -0.070770263671875 0.25592041015625
0.00370025634765625 0.00169897079467773 -0.274017333984375 -0.00216674804687498
-0.00832557678222657 0.0179939270019531 -0.2381591796875 -0.454864501953125
0.020538330078125 0.0149707794189453 0.2421875 -0.63885498046875
0.0332374572753906 0.038055419921875 0.78924560546875 -0.09344482421875
0.0561065673828125 0.0920562744140625 0.65179443359375 0.6043701171875
0.0406341552734375 0.161514282226563 0.100860595703125 0.477203369140625
0.012115478515625 0.191390991210938 0.042236328125 -0.127586364746094
0.0961380004882813 0.112930297851563 -0.3846435546875 -0.5625
0.0822830200195313 0.0055999755859375 -0.89300537109375 -0.0955200195312501
0.0226402282714844 -0.0150833129882813 -0.4730224609375 0.6368408203125
-0.00801229476928711 0.00356578826904297 0.22381591796875 0.5810546875
-0.0187282562255859 0.0165157318115234 0.396240234375 0.176025390625
-0.0108909606933594 0.0245399475097656 0.246490478515625 -0.192520141601563
-0.0285472869873047 0.00429916381835937 0.04779052734375 -0.31365966796875
-0.0184154510498047 -0.0169296264648438 -0.0781402587890625 0.25054931640625
0.0170354843139648 0.000760078430175781 -0.267898559570313 -0.045196533203125
0.000284194946289063 0.0198879241943359 -0.16473388671875 -0.5001220703125
0.00518035888671875 0.0222034454345703 0.37286376953125 -0.59027099609375
-0.00291061401367188 0.0301532745361328 0.8128662109375 0.08013916015625
0.0192451477050781 0.0585823059082031 0.51861572265625 0.72705078125
0.0259323120117187 0.0982284545898438 0.02130126953125 0.451263427734375
0.0232009887695313 0.112068176269531 0.0300750732421875 -0.19085693359375
0.0674171447753906 0.0562896728515625 -0.4739990234375 -0.52435302734375
0.0343742370605469 -0.0073394775390625 -0.88995361328125 0.0532836914062501
-0.00412654876708984 -0.00325441360473633 -0.3397216796875 0.687744140625
-0.00628185272216797 0.0100240707397461 0.315399169921875 0.501983642578125
-0.00704669952392578 0.0140151977539062 0.411285400390625 0.085540771484375
0.00274658203125 0.0194625854492188 0.230148315429688 -0.233779907226563
-0.0138864517211914 -0.0039510726928711 0.038909912109375 -0.3134765625
-0.00129890441894531 -0.0230445861816406 -0.079132080078125 0.248565673828125
0.02880859375 -0.0051727294921875 -0.2591552734375 -0.0637664794921875
0.00707054138183594 0.0212745666503906 -0.1201171875 -0.51507568359375
-0.0125789642333984 0.0221385955810547 0.442291259765625 -0.550994873046875
-0.041473388671875 0.00550460815429688 0.8125 0.17901611328125
-0.00888919830322265 -0.00556182861328125 0.4322509765625 0.787353515625
0.0291042327880859 0.00542449951171875 -0.02197265625 0.43511962890625
0.0337944030761719 0.0117263793945313 0.023223876953125 -0.216781616210938
0.0210132598876953 -0.000444412231445313 -0.51715087890625 -0.499114990234375
-0.0161685943603516 -0.00859832763671875 -0.8729248046875 0.13153076171875
-0.0256671905517578 0.0121574401855469 -0.26434326171875 0.70294189453125
-0.0009918212890625 0.0132627487182617 0.362335205078125 0.457611083984375
0.00573825836181641 0.00909233093261719 0.416351318359375 0.038177490234375
0.0179176330566406 0.0100383758544922 0.22021484375 -0.25616455078125
0.00437641143798828 -0.0130281448364258 0.0350341796875 -0.312469482421875
0.0127906799316406 -0.028228759765625 -0.07391357421875 0.251846313476563
0.0372467041015625 -0.0137062072753906 -0.254913330078125 -0.0550537109375
0.0156784057617188 0.0196456909179688 -0.119964599609375 -0.506195068359375
-0.0273418426513672 0.0209789276123047 0.439544677734375 -0.5479736328125
-0.0780181884765625 -0.0206146240234375 0.814697265625 0.1768798828125
-0.0377960205078125 -0.0788726806640625 0.43267822265625 0.788330078125
0.0374603271484375 -0.0964889526367188 -0.029205322265625 0.44586181640625
0.0415267944335937 -0.094268798828125 0.0201263427734375 -0.202789306640625
-0.0295333862304688 -0.0557861328125 -0.509979248046875 -0.492950439453125
-0.0648841857910156 -0.00729370117187501 -0.867919921875 0.12890625
-0.0449867248535156 0.0261497497558594 -0.26263427734375 0.70062255859375
-0.000607490539550781 0.0141754150390625 0.364715576171875 0.45953369140625
0.0183258056640625 0.00172996520996094 0.420013427734375 0.033660888671875
0.0313930511474609 0.000112533569335938 0.2186279296875 -0.26031494140625
0.0219459533691406 -0.0225372314453125 0.035736083984375 -0.315093994140625
0.0247421264648438 -0.035308837890625 -0.0647735595703125 0.261199951171875
0.0445365905761719 -0.0259246826171875 -0.25726318359375 -0.0240631103515625
0.0247268676757813 0.0123271942138672 -0.164886474609375 -0.47564697265625
-0.0306262969970703 0.0204658508300781 0.3704833984375 -0.58343505859375
-0.107307434082031 -0.02978515625 0.816162109375 0.0704345703125
-0.0776138305664063 -0.132347106933594 0.51654052734375 0.731201171875
0.0272216796875 -0.183807373046875 0.00805664062499997 0.47772216796875
0.047027587890625 -0.18853759765625 0.0246429443359375 -0.149856567382813
-0.068603515625 -0.112815856933594 -0.4554443359375 -0.509063720703125
-0.108543395996094 -0.0172653198242187 -0.8709716796875 0.0502929687500001
-0.0673446655273438 0.0351791381835937 -0.329833984375 0.68603515625
-0.002288818359375 0.0175647735595703 0.330322265625 0.507537841796875
0.0265159606933594 -0.00505638122558594 0.422149658203125 0.080780029296875
0.0412178039550781 -0.00928878784179688 0.230926513671875 -0.244003295898438
0.0384368896484375 -0.0291633605957031 0.04266357421875 -0.31878662109375
0.0326576232910156 -0.0397415161132813 -0.05230712890625 0.271408081054688
0.0453758239746094 -0.0394287109375 -0.259445190429688 0.0285797119140625
0.03399658203125 0.00243759155273438 -0.237823486328125 -0.417388916015625
-0.0243091583251953 0.0208148956298828 0.2376708984375 -0.6280517578125
-0.121742248535156 -0.0179824829101563 0.7894287109375 -0.10589599609375
-0.12567138671875 -0.143661499023438 0.6461181640625 0.60205078125
-0.00927734374999998 -0.237091064453125 0.08587646484375 0.517852783203125
0.0496673583984375 -0.256362915039063 0.0334243774414062 -0.0709228515625
-0.085845947265625 -0.167984008789063 -0.36181640625 -0.5313720703125
-0.136688232421875 -0.0438003540039063 -0.865478515625 -0.10003662109375
-0.0923385620117188 0.0319900512695313 -0.4605712890625 0.62896728515625
-0.00955772399902344 0.0193462371826172 0.2457275390625 0.5853271484375
0.0303401947021484 -0.00913238525390625 0.413299560546875 0.1702880859375
0.0456008911132812 -0.0152130126953125 0.249954223632813 -0.207321166992188
0.0492324829101563 -0.0318794250488281 0.051910400390625 -0.322052001953125
-0.0559844970703125 -0.00490188598632813 -0.050537109375 0.26934814453125
-0.0197925567626953 0.000410079956054684 -0.262405395507813 0.12353515625
-0.0256175994873047 0.0148773193359375 -0.3719482421875 -0.2720947265625
0.0261669158935547 -0.00686454772949219 -0.0946044921875001 -0.62481689453125
0.0648193359375 0.0111427307128906 0.5853271484375 -0.4527587890625
0.1024169921875 0.0618057250976563 0.84722900390625 0.20794677734375
0.0941619873046875 0.1673583984375 0.323883056640625 0.4951171875
-0.00222778320312499 0.24713134765625 0.0745468139648438 0.06512451171875
0.0750579833984375 0.193161010742188 -0.114990234375 -0.57012939453125
0.12420654296875 0.0721893310546875 -0.7470703125 -0.5079345703125
0.07354736328125 -0.006622314453125 -0.7818603515625 0.34930419921875
0.00146198272705078 -0.0135812759399414 -0.093994140625 0.69427490234375
-0.0253257751464844 0.00941085815429687 0.290191650390625 0.4039306640625
-0.0256404876708984 0.0182876586914063 0.271148681640625 -0.0695953369140625
-0.0361480712890625 0.00722885131835938 0.071044921875 -0.309844970703125
-0.0490226745605469 -0.00678253173828125 -0.061248779296875 0.263580322265625
-0.00905895233154297 0.00179862976074219 -0.27239990234375 0.05792236328125
-0.01776123046875 0.0162696838378906 -0.314849853515625 -0.374053955078125
0.0285472869873047 0.00336837768554688 0.0737915039062499 -0.6566162109375
0.0575218200683594 0.0290260314941406 0.71063232421875 -0.2874755859375
0.0888137817382813 0.0891036987304687 0.772216796875 0.4158935546875
0.0691375732421875 0.18365478515625 0.205841064453125 0.4949951171875
0.0024261474609375 0.238525390625 0.0593109130859375 -0.0367851257324219
0.0982513427734375 0.16436767578125 -0.25543212890625 -0.58111572265625
0.115875244140625 0.035308837890625 -0.85162353515625 -0.295654296875
0.0515594482421875 -0.016998291015625 -0.63629150390625 0.52545166015625
-0.00550746917724609 -0.00498580932617187 0.0837402343749999 0.6563720703125
-0.0254249572753906 0.0142879486083984 0.356048583984375 0.28924560546875
-0.0213470458984375 0.0231609344482422 0.261337280273438 -0.136077880859375
-0.0354423522949219 0.00807952880859376 0.06005859375 -0.313934326171875
-0.0350360870361328 -0.0112247467041016 -0.071044921875 0.255462646484375
0.00426530838012695 0.000955104827880859 -0.273208618164063 -0.00222778320312499
-0.00834083557128907 0.0178909301757813 -0.238494873046875 -0.4542236328125
0.0212726593017578 0.0146903991699219 0.24072265625 -0.638671875
0.0337600708007813 0.0388336181640625 0.78759765625 -0.0921630859375
0.0560989379882813 0.0918197631835938 0.6483154296875 0.60198974609375
0.0401611328125 0.16058349609375 0.099456787109375 0.47589111328125
0.0118865966796875 0.1915283203125 0.04425048828125 -0.126129150390625
0.095184326171875 0.113868713378906 -0.381683349609375 -0.55975341796875
0.0829391479492188 0.005889892578125 -0.89215087890625 -0.09588623046875
0.0229835510253906 -0.0149936676025391 -0.4720458984375 0.636474609375
-0.00821733474731445 0.00383663177490234 0.22418212890625 0.58154296875
-0.0184211730957031 0.0161590576171875 0.395599365234375 0.177001953125
-0.0112152099609375 0.0235996246337891 0.245956420898438 -0.193984985351563
-0.0279121398925781 0.00418853759765625 0.047271728515625 -0.314697265625
-0.0192928314208984 -0.0163784027099609 -0.077239990234375 0.249679565429688
0.0162754058837891 -0.000330924987792969 -0.266586303710938 -0.0441741943359375
8.01086425781237E-05 0.0203800201416016 -0.1649169921875 -0.499755859375
0.00612449645996094 0.021759033203125 0.3709716796875 -0.59039306640625
-0.00301361083984375 0.0299873352050781 0.8109130859375 0.08294677734375
0.0199394226074219 0.0587120056152344 0.5146484375 0.72601318359375
0.0243911743164062 0.0978012084960938 0.02093505859375 0.44873046875
0.0229110717773438 0.112007141113281 0.0314483642578125 -0.188507080078125
0.0678901672363281 0.0570411682128906 -0.47149658203125 -0.52490234375
0.0348110198974609 -0.00735855102539063 -0.88916015625 0.05291748046875
-0.00391077995300293 -0.00353860855102539 -0.33990478515625 0.68719482421875
-0.00578784942626953 0.0103321075439453 0.31671142578125 0.504241943359375
-0.00640201568603516 0.0141105651855469 0.410614013671875 0.086090087890625
0.00354576110839844 0.0188980102539063 0.229400634765625 -0.233779907226563
-0.0137968063354492 -0.00385761260986328 0.03985595703125 -0.312103271484375
-0.00259780883789063 -0.0219058990478516 -0.0790557861328125 0.247802734375
0.0279560089111328 -0.0048980712890625 -0.258148193359375 -0.0636749267578126
0.00672340393066406 0.0217609405517578 -0.119903564453125 -0.513824462890625
-0.0121841430664063 0.0218067169189453 0.44110107421875 -0.550201416015625
-0.0427894592285156 0.005340576171875 0.80828857421875 0.179931640625
-0.00886154174804688 -0.00578689575195312 0.4300537109375 0.7857666015625
0.0291614532470703 0.00463294982910156 -0.02362060546875 0.434722900390625
0.0335865020751953 0.0114040374755859 0.0238037109375 -0.215560913085938
0.0208034515380859 -0.000484466552734375 -0.513702392578125 -0.4970703125
-0.0160579681396484 -0.00833606719970703 -0.87200927734375 0.13006591796875
-0.0250263214111328 0.0127372741699219 -0.264892578125 0.702880859375
-0.00215435028076172 0.0132246017456055 0.36029052734375 0.45635986328125
0.00580167770385742 0.00801849365234375 0.416046142578125 0.0372314453125
0.0182304382324219 0.0100650787353516 0.219558715820313 -0.255966186523438
0.00470542907714844 -0.0133895874023438 0.03515625 -0.312774658203125
0.0121555328369141 -0.0285873413085938 -0.0742645263671875 0.251358032226562
0.0380859375 -0.0149879455566406 -0.254837036132813 -0.05621337890625
0.0153102874755859 0.0191650390625 -0.119873046875 -0.505157470703125
-0.0267868041992188 0.0203132629394531 0.440399169921875 -0.54656982421875
-0.0779647827148437 -0.0196533203125 0.81103515625 0.17828369140625
-0.036529541015625 -0.0791702270507813 0.4288330078125 0.7886962890625
0.0371780395507813 -0.096466064453125 -0.0306396484375 0.444549560546875
0.0416946411132813 -0.09344482421875 0.022125244140625 -0.201187133789063
-0.0290908813476562 -0.0553932189941406 -0.50640869140625 -0.49310302734375
-0.0646896362304688 -0.00745010375976562 -0.86590576171875 0.1265869140625
-0.0454978942871094 0.0274772644042969 -0.26287841796875 0.70208740234375
1.04904174804697E-05 0.0150241851806641 0.364990234375 0.45928955078125
0.0185890197753906 0.00133132934570312 0.41943359375 0.035491943359375
0.0315361022949219 -0.000194549560546875 0.21807861328125 -0.260086059570313
0.0224857330322266 -0.0220260620117188 0.03546142578125 -0.31524658203125
0.024383544921875 -0.0348129272460938 -0.0646514892578125 0.259963989257813
0.0429191589355469 -0.0256843566894531 -0.256195068359375 -0.0235137939453124
0.0244941711425781 0.0127601623535156 -0.164581298828125 -0.475311279296875
-0.0311374664306641 0.0206069946289063 0.3697509765625 -0.58349609375
-0.107986450195313 -0.029541015625 0.8138427734375 0.07171630859375
-0.0767745971679687 -0.131973266601563 0.51239013671875 0.7288818359375
0.0273590087890625 -0.184463500976563 0.00448608398437502 0.47808837890625
0.04681396484375 -0.1881103515625 0.026458740234375 -0.149978637695313
-0.0674896240234375 -0.111923217773438 -0.453094482421875 -0.507598876953125
-0.107559204101563 -0.0174026489257813 -0.86956787109375 0.0492553710937499
-0.0672149658203125 0.0355186462402344 -0.3291015625 0.684326171875
-0.00278663635253906 0.0180072784423828 0.3311767578125 0.508544921875
0.0266399383544922 -0.0050048828125 0.42132568359375 0.0814208984375
0.0406379699707031 -0.0101394653320313 0.229629516601563 -0.244369506835938
0.0386810302734375 -0.0287704467773438 0.042083740234375 -0.31903076171875
0.0322113037109375 -0.0401115417480469 -0.054046630859375 0.269821166992188
0.0452766418457031 -0.0392913818359375 -0.258285522460938 0.0279693603515625
0.0343017578125 0.00238990783691406 -0.23773193359375 -0.41851806640625
-0.0233364105224609 0.0209827423095703 0.2371826171875 -0.62579345703125
-0.12261962890625 -0.0182266235351562 0.78741455078125 -0.1053466796875
-0.125839233398438 -0.143936157226563 0.64361572265625 0.60174560546875
-0.00900268554687502 -0.237533569335938 0.08343505859375 0.516845703125
0.049896240234375 -0.2552490234375 0.0354843139648438 -0.0699577331542969
-0.0843963623046875 -0.167724609375 -0.359405517578125 -0.53070068359375
-0.136947631835938 -0.0440139770507812 -0.86407470703125 -0.0997314453125
-0.0926513671875 0.03375244140625 -0.460693359375 0.6278076171875
-0.0104484558105469 0.0189323425292969 0.2452392578125 0.586181640625
0.0313186645507812 -0.00862884521484375 0.413421630859375 0.1708984375
0.0454940795898438 -0.0153579711914063 0.2498779296875 -0.206497192382813
0.0489883422851562 -0.0322494506835938 0.051971435546875 -0.321685791015625
-0.0566940307617188 -0.00515365600585938 -0.049957275390625 0.269210815429688
-0.0194969177246094 -0.00014305114746094 -0.262191772460938 0.123809814453125
-0.0255012512207031 0.014617919921875 -0.37298583984375 -0.2708740234375
0.0256195068359375 -0.00741767883300781 -0.0959472656250001 -0.62548828125
0.0652351379394531 0.0108985900878906 0.584228515625 -0.452392578125
0.1021728515625 0.0625152587890625 0.8485107421875 0.20550537109375
0.093902587890625 0.167495727539063 0.322845458984375 0.495849609375
-0.00276184082031249 0.24737548828125 0.0747909545898438 0.066162109375
0.074493408203125 0.194259643554688 -0.1138916015625 -0.57012939453125
0.124275207519531 0.0714492797851563 -0.74530029296875 -0.508056640625
0.0735855102539063 -0.00673675537109375 -0.78228759765625 0.350341796875
0.000689506530761717 -0.0134401321411133 -0.09393310546875 0.69744873046875
-0.0247821807861328 0.00896072387695312 0.29046630859375 0.404998779296875
-0.0256175994873047 0.0187301635742188 0.270843505859375 -0.0694122314453125
-0.0357475280761719 0.006683349609375 0.072174072265625 -0.31048583984375
-0.0484085083007812 -0.00656509399414063 -0.060394287109375 0.263473510742188
-0.00893020629882813 0.00139331817626953 -0.272186279296875 0.0577392578125
-0.0175323486328125 0.015437126159668 -0.31610107421875 -0.3734130859375
0.0274562835693359 0.00262641906738281 0.07366943359375 -0.65740966796875
0.0571098327636719 0.0292091369628906 0.7105712890625 -0.28778076171875
0.0889434814453125 0.088958740234375 0.7734375 0.41705322265625
0.0679168701171875 0.183029174804688 0.204254150390625 0.495452880859375
0.002288818359375 0.239395141601563 0.0597915649414063 -0.0359077453613281
0.0978546142578125 0.16424560546875 -0.25201416015625 -0.58172607421875
0.1162109375 0.034759521484375 -0.85113525390625 -0.29754638671875
0.0512161254882813 -0.0171470642089844 -0.63739013671875 0.526611328125
-0.00638914108276367 -0.00571107864379883 0.0836181640625 0.6571044921875
-0.0250282287597656 0.0149459838867188 0.357391357421875 0.29058837890625
-0.0209922790527344 0.0235652923583984 0.261489868164063 -0.13641357421875
-0.0359230041503906 0.00725173950195312 0.060089111328125 -0.313934326171875
-0.0355148315429688 -0.01116943359375 -0.0703125 0.25592041015625
0.00395083427429199 0.000774621963500977 -0.27337646484375 -0.00170898437499995
-0.00776863098144531 0.0176200866699219 -0.238983154296875 -0.4547119140625
0.0209903717041016 0.0146408081054687 0.24139404296875 -0.638427734375
0.0330238342285156 0.0393829345703125 0.7882080078125 -0.09136962890625
0.0557632446289062 0.0925140380859375 0.64703369140625 0.601806640625
0.039520263671875 0.16107177734375 0.0968017578125 0.475616455078125
0.0115203857421875 0.191879272460938 0.0448989868164063 -0.124702453613281
0.0968780517578125 0.113937377929688 -0.379852294921875 -0.559814453125
0.08306884765625 0.00528717041015625 -0.89361572265625 -0.0940551757812501
0.0223464965820313 -0.0161037445068359 -0.47418212890625 0.63787841796875
-0.0087437629699707 0.00344133377075195 0.22454833984375 0.5828857421875
-0.0181293487548828 0.0169944763183594 0.395782470703125 0.176177978515625
-0.0105457305908203 0.0237026214599609 0.245452880859375 -0.193679809570312
-0.0265769958496094 0.00416374206542969 0.048675537109375 -0.3148193359375
-0.0195846557617188 -0.0166301727294922 -0.0766143798828125 0.250152587890625
0.0165596008300781 -0.00119781494140625 -0.265640258789063 -0.0445404052734375
-0.00031280517578125 0.0202388763427734 -0.16461181640625 -0.5010986328125
0.00619125366210938 0.0207099914550781 0.372314453125 -0.5899658203125
-0.00402641296386719 0.0308818817138672 0.80987548828125 0.082275390625
0.0196609497070313 0.0584754943847656 0.513427734375 0.7249755859375
0.0245437622070312 0.0971603393554688 0.018341064453125 0.448760986328125
0.02215576171875 0.111618041992188 0.032806396484375 -0.188232421875
0.0671806335449219 0.0566902160644531 -0.470123291015625 -0.525726318359375
0.0355377197265625 -0.00805282592773438 -0.88824462890625 0.0517578125
-0.00376224517822266 -0.00374889373779297 -0.3397216796875 0.68585205078125
-0.00684356689453125 0.00943851470947266 0.316375732421875 0.50390625
-0.00685882568359375 0.0148458480834961 0.411285400390625 0.086639404296875
0.00353813171386719 0.0188236236572266 0.22833251953125 -0.234298706054688
-0.0137186050415039 -0.00321483612060547 0.03985595703125 -0.31414794921875
-0.00243377685546875 -0.022125244140625 -0.07781982421875 0.248489379882813
0.028289794921875 -0.00593757629394531 -0.25762939453125 -0.063568115234375
0.00792312622070313 0.0217056274414063 -0.1197509765625 -0.51422119140625
-0.0124225616455078 0.0212192535400391 0.441131591796875 -0.549072265625
-0.0432853698730469 0.00571823120117188 0.8082275390625 0.18084716796875
-0.00854015350341797 -0.00611400604248047 0.428955078125 0.78558349609375
0.0290126800537109 0.00463676452636719 -0.0252685546874999 0.434539794921875
0.0326519012451172 0.0116462707519531 0.025726318359375 -0.213302612304687
0.0213775634765625 -0.000333786010742188 -0.510986328125 -0.49755859375
-0.0158042907714844 -0.0083465576171875 -0.87188720703125 0.13055419921875
-0.0250072479248047 0.0127944946289063 -0.26373291015625 0.7042236328125
-0.00303936004638672 0.0135488510131836 0.361572265625 0.4583740234375
0.00717449188232422 0.00909805297851563 0.4154052734375 0.03875732421875
0.0185127258300781 0.00946044921875 0.219024658203125 -0.256576538085938
0.00356960296630859 -0.0133266448974609 0.035400390625 -0.3133544921875
0.0122299194335938 -0.0279426574707031 -0.0737152099609375 0.2508544921875
0.0367813110351563 -0.0143775939941406 -0.254043579101562 -0.0548858642578125
0.0149059295654297 0.0187721252441406 -0.11944580078125 -0.505279541015625
-0.0275688171386719 0.0198802947998047 0.43994140625 -0.547576904296875
-0.0789871215820313 -0.0197525024414062 0.810546875 0.17987060546875
-0.0363616943359375 -0.0784912109375 0.4259033203125 0.787353515625
0.036956787109375 -0.09698486328125 -0.03228759765625 0.44451904296875
0.0412826538085938 -0.093963623046875 0.022613525390625 -0.200119018554688
-0.0282745361328125 -0.0559349060058594 -0.50433349609375 -0.4932861328125
-0.0646171569824219 -0.00799560546875001 -0.8663330078125 0.1273193359375
-0.0457839965820313 0.0281333923339844 -0.26214599609375 0.70281982421875
-0.000823020935058594 0.0144710540771484 0.365692138671875 0.4615478515625
0.0190143585205078 0.00150871276855469 0.41998291015625 0.035858154296875
0.0318603515625 -0.000995635986328125 0.218399047851563 -0.260589599609375
0.0223350524902344 -0.0222377777099609 0.034912109375 -0.315826416015625
0.0232105255126953 -0.0347957611083984 -0.0642852783203125 0.25970458984375
0.0426788330078125 -0.0268096923828125 -0.2548828125 -0.0242767333984375
0.0249710083007812 0.0133209228515625 -0.163482666015625 -0.4759521484375
-0.0316123962402344 0.0196323394775391 0.37005615234375 -0.58258056640625
-0.108383178710938 -0.0291595458984375 0.81475830078125 0.07232666015625
-0.076629638671875 -0.132461547851563 0.51092529296875 0.73065185546875
0.02777099609375 -0.184356689453125 0.00265502929687499 0.476409912109375
0.047271728515625 -0.187088012695313 0.027069091796875 -0.14892578125
-0.0679931640625 -0.113166809082031 -0.45068359375 -0.5076904296875
-0.107307434082031 -0.0173568725585937 -0.87054443359375 0.0480957031250001
-0.0681533813476563 0.0368003845214844 -0.3306884765625 0.685302734375
-0.00254440307617187 0.0175333023071289 0.330902099609375 0.50958251953125
0.0276260375976563 -0.00513458251953125 0.420654296875 0.082550048828125
0.0417938232421875 -0.0106697082519531 0.229400634765625 -0.244659423828125
0.0382881164550781 -0.0295486450195313 0.041961669921875 -0.31939697265625
0.0315818786621094 -0.0396957397460938 -0.0518035888671875 0.269393920898438
0.0439720153808594 -0.0395660400390625 -0.257675170898437 0.02783203125
0.0338115692138672 0.00156211853027344 -0.236541748046875 -0.416748046875
-0.0236930847167969 0.0205421447753906 0.237548828125 -0.62603759765625
-0.122688293457031 -0.018035888671875 0.78656005859375 -0.1033935546875
-0.125244140625 -0.14459228515625 0.6412353515625 0.602294921875
-0.00726318359375 -0.237594604492188 0.08251953125 0.516815185546875
0.0505523681640625 -0.254776000976563 0.0360603332519531 -0.0695915222167969
-0.083343505859375 -0.1671142578125 -0.35760498046875 -0.531768798828125
-0.136672973632813 -0.0442886352539062 -0.86419677734375 -0.10235595703125
-0.0927505493164063 0.0329818725585937 -0.45941162109375 0.629638671875
-0.0103759765625 0.0200786590576172 0.24615478515625 0.58599853515625
0.0310726165771484 -0.00943565368652344 0.4129638671875 0.170867919921875
0.0456924438476563 -0.0164833068847656 0.249114990234375 -0.2069091796875
0.0497779846191406 -0.0326881408691406 0.051544189453125 -0.321258544921875
-0.0580406188964844 -0.00489425659179688 -0.0504150390625 0.270416259765625
-0.0195770263671875 -0.000667572021484372 -0.261825561523438 0.123641967773437
-0.0249614715576172 0.0153884887695313 -0.37469482421875 -0.272247314453125
0.0259838104248047 -0.00832748413085938 -0.0966796875 -0.6278076171875
0.0651741027832031 0.0105323791503906 0.58502197265625 -0.45526123046875
0.102500915527344 0.0628280639648438 0.8486328125 0.2066650390625
0.09368896484375 0.167449951171875 0.322540283203125 0.496673583984375
-0.00314331054687497 0.247711181640625 0.0750045776367188 0.0672454833984375
0.074462890625 0.194534301757813 -0.11126708984375 -0.56817626953125
0.124610900878906 0.0720596313476563 -0.7447509765625 -0.51092529296875
0.074005126953125 -0.00725555419921875 -0.7860107421875 0.34906005859375
0.000187873840332032 -0.0136337280273438 -0.09307861328125 0.7000732421875
-0.0253639221191406 0.00899887084960938 0.291107177734375 0.40704345703125
-0.0255527496337891 0.0187301635742188 0.271209716796875 -0.069183349609375
-0.0351371765136719 0.00722694396972656 0.07220458984375 -0.3109130859375
-0.0498771667480469 -0.00675964355468749 -0.061187744140625 0.26361083984375
-0.00914669036865234 0.00109386444091797 -0.272689819335938 0.0590057373046875
-0.0165748596191406 0.0152301788330078 -0.316925048828125 -0.37554931640625
0.0283145904541016 0.00253105163574219 0.0720214843750001 -0.65826416015625
0.0575065612792969 0.0295982360839844 0.7103271484375 -0.28778076171875
0.0890960693359375 0.08868408203125 0.7733154296875 0.417236328125
0.06768798828125 0.183563232421875 0.2030029296875 0.49749755859375
0.00273132324218749 0.240249633789063 0.0609779357910156 -0.0348854064941406
0.097900390625 0.164871215820313 -0.251953125 -0.58209228515625
0.116996765136719 0.0355987548828125 -0.85357666015625 -0.2996826171875
0.0507850646972656 -0.0171241760253906 -0.63836669921875 0.52557373046875
-0.00674676895141602 -0.00555992126464844 0.0833129882812501 0.65869140625
-0.0241947174072266 0.0147323608398438 0.3580322265625 0.292388916015625
-0.0204257965087891 0.0239124298095703 0.261764526367188 -0.1365966796875
-0.0348968505859375 0.00821304321289062 0.05914306640625 -0.315216064453125
-0.0365867614746094 -0.0113906860351562 -0.07135009765625 0.256271362304688
0.00422978401184082 0.000499963760375976 -0.272674560546875 -0.00218200683593753
-0.00796318054199219 0.0179023742675781 -0.23944091796875 -0.45684814453125
0.0215587615966797 0.0131893157958984 0.2423095703125 -0.63916015625
0.0322608947753906 0.0394477844238281 0.7877197265625 -0.09075927734375
0.0560226440429688 0.0921401977539063 0.6466064453125 0.603759765625
0.0392913818359375 0.1605224609375 0.09600830078125 0.477386474609375
0.011962890625 0.19195556640625 0.0467987060546875 -0.124282836914062
0.0958480834960938 0.1141357421875 -0.379364013671875 -0.561309814453125
0.08380126953125 0.00562286376953125 -0.895751953125 -0.0965576171874998
0.0226249694824219 -0.01513671875 -0.47894287109375 0.63970947265625
-0.00866079330444336 0.00336933135986328 0.22686767578125 0.583251953125
-0.0176353454589844 0.0170173645019531 0.397003173828125 0.17852783203125
-0.0102329254150391 0.023834228515625 0.24517822265625 -0.193557739257813
-0.0270709991455078 0.00357246398925781 0.048431396484375 -0.315399169921875
-0.0204105377197266 -0.0166454315185547 -0.0762786865234375 0.250595092773437
0.0168333053588867 -0.000493049621582031 -0.267105102539062 -0.0444793701171875
-0.000129699707031249 0.0201148986816406 -0.16632080078125 -0.5006103515625
0.00614547729492187 0.0199642181396484 0.3717041015625 -0.5909423828125
-0.00428009033203125 0.0307884216308594 0.8101806640625 0.085693359375
0.0196113586425781 0.0579566955566406 0.51251220703125 0.727294921875
0.02301025390625 0.0965652465820312 0.0162353515625 0.448638916015625
0.0225296020507812 0.11163330078125 0.0337677001953125 -0.186935424804688
0.0673675537109375 0.056549072265625 -0.467132568359375 -0.5267333984375
0.0358047485351563 -0.007598876953125 -0.891357421875 0.0526733398437502
-0.00402474403381348 -0.00309681892395019 -0.34173583984375 0.68798828125
-0.00702381134033203 0.0101213455200195 0.318023681640625 0.506561279296875
-0.00609207153320313 0.0148105621337891 0.41192626953125 0.08905029296875
0.00353050231933594 0.0187435150146484 0.228973388671875 -0.235061645507813
-0.0135536193847656 -0.00377273559570312 0.03997802734375 -0.31585693359375
-0.00393104553222656 -0.0220375061035156 -0.0777740478515625 0.248245239257812
0.0276126861572266 -0.00503349304199219 -0.25860595703125 -0.06475830078125
0.00773429870605469 0.0219669342041016 -0.121063232421875 -0.5152587890625
-0.0121841430664063 0.0204238891601563 0.44195556640625 -0.5491943359375
-0.0434112548828125 0.0063018798828125 0.80780029296875 0.182861328125
-0.00852108001708985 -0.00572824478149414 0.4256591796875 0.787353515625
0.0288066864013672 0.00406074523925781 -0.027313232421875 0.435394287109375
0.0329036712646484 0.0119552612304687 0.0266265869140625 -0.213912963867188
0.0219402313232422 -0.000125885009765625 -0.50994873046875 -0.499053955078125
-0.0149326324462891 -0.00895595550537109 -0.874267578125 0.1307373046875
-0.0254974365234375 0.0127487182617188 -0.26513671875 0.705322265625
-0.00333118438720703 0.0134611129760742 0.36279296875 0.459869384765625
0.00700998306274414 0.00851345062255859 0.4173583984375 0.038604736328125
0.019287109375 0.0096282958984375 0.218032836914063 -0.257705688476563
0.004119873046875 -0.0126314163208008 0.0355224609375 -0.314666748046875
0.0107212066650391 -0.0278377532958984 -0.0724945068359375 0.250808715820312
0.0365142822265625 -0.0150985717773438 -0.253753662109375 -0.0561065673828124
0.0158061981201172 0.0193557739257813 -0.119232177734375 -0.50616455078125
-0.0271320343017578 0.0192890167236328 0.441497802734375 -0.546905517578125
-0.0795440673828125 -0.0186309814453125 0.8116455078125 0.18145751953125
-0.0360946655273437 -0.079498291015625 0.42559814453125 0.78912353515625
0.0371246337890625 -0.0967025756835938 -0.032958984375 0.444854736328125
0.0412673950195313 -0.093170166015625 0.0248870849609375 -0.199691772460938
-0.028564453125 -0.0568122863769531 -0.50384521484375 -0.494720458984375
-0.0643424987792969 -0.00842666625976564 -0.868408203125 0.12432861328125
-0.0460662841796875 0.028076171875 -0.26434326171875 0.70416259765625
-0.000302314758300781 0.015385627746582 0.367095947265625 0.462249755859375
0.0185260772705078 0.00177764892578125 0.4202880859375 0.036468505859375
0.0318374633789063 -0.00131797790527344 0.21820068359375 -0.261581420898438
0.0230922698974609 -0.0224266052246094 0.035491943359375 -0.3167724609375
0.0230770111083984 -0.0340499877929688 -0.0637054443359375 0.260223388671875
0.042205810546875 -0.0261993408203125 -0.255050659179688 -0.02392578125
0.0245800018310547 0.0130348205566406 -0.16436767578125 -0.47503662109375
-0.0322494506835938 0.0198154449462891 0.3724365234375 -0.582763671875
-0.109626770019531 -0.0289688110351563 0.815673828125 0.07586669921875
-0.0765380859375 -0.132621765136719 0.50811767578125 0.7315673828125
0.0272674560546875 -0.184432983398437 0.000549316406250013 0.477020263671875
0.0476837158203125 -0.187026977539063 0.029266357421875 -0.149093627929688
-0.0674972534179688 -0.112991333007812 -0.4501953125 -0.508819580078125
-0.107658386230469 -0.0181732177734375 -0.8729248046875 0.04766845703125
-0.0686073303222656 0.036651611328125 -0.33251953125 0.6861572265625
-0.00296592712402344 0.0183620452880859 0.332000732421875 0.509613037109375
0.0270099639892578 -0.0052032470703125 0.423614501953125 0.083038330078125
0.0416030883789063 -0.01055908203125 0.229446411132813 -0.245132446289063
0.0389518737792969 -0.0294761657714844 0.042510986328125 -0.320220947265625
0.0304222106933594 -0.0396041870117188 -0.0511627197265625 0.268905639648438
0.0441322326660156 -0.0392608642578125 -0.257568359375 0.027313232421875
0.0336761474609375 0.00193977355957031 -0.23736572265625 -0.418365478515625
-0.0245800018310547 0.0205650329589844 0.23779296875 -0.6265869140625
-0.124298095703125 -0.017242431640625 0.78936767578125 -0.100830078125
-0.124984741210938 -0.144638061523438 0.64276123046875 0.60406494140625
-0.00811767578125 -0.238189697265625 0.08056640625 0.517181396484375
0.05078125 -0.255096435546875 0.0373153686523438 -0.0686836242675781
-0.083709716796875 -0.167739868164063 -0.355743408203125 -0.532318115234375
-0.136268615722656 -0.0442733764648438 -0.86474609375 -0.1019287109375
-0.093170166015625 0.033172607421875 -0.462158203125 0.63006591796875
-0.01019287109375 0.0204372406005859 0.24676513671875 0.5892333984375
0.0314731597900391 -0.00870513916015625 0.413909912109375 0.1710205078125
0.0461311340332031 -0.0163536071777344 0.248687744140625 -0.207321166992187
0.0504226684570313 -0.0319480895996094 0.05194091796875 -0.323028564453125
-0.0586891174316406 -0.00511932373046874 -0.0496368408203125 0.271621704101563
-0.0191326141357422 -0.00121879577636719 -0.262588500976563 0.125411987304687
-0.0245361328125 0.0150032043457031 -0.37664794921875 -0.272125244140625
0.0264415740966797 -0.00864410400390625 -0.0972900390625 -0.62969970703125
0.0648689270019531 0.0113258361816406 0.58587646484375 -0.45672607421875
0.103416442871094 0.0632553100585937 0.85150146484375 0.20452880859375
0.0928802490234375 0.167388916015625 0.32305908203125 0.498046875
-0.00373840332031251 0.248184204101563 0.0764999389648437 0.0675048828125
0.0751190185546875 0.195068359375 -0.11029052734375 -0.57073974609375
0.125885009765625 0.0720748901367188 -0.74725341796875 -0.51300048828125
0.07330322265625 -0.00696563720703125 -0.7874755859375 0.35186767578125
0.00043487548828125 -0.0139522552490234 -0.09246826171875 0.70245361328125
-0.0244636535644531 0.00924301147460938 0.29180908203125 0.4085693359375
-0.0247955322265625 0.0187206268310547 0.2724609375 -0.069244384765625
-0.0355224609375 0.00711059570312501 0.071624755859375 -0.312225341796875
-0.0510063171386719 -0.00668716430664063 -0.0607452392578125 0.266036987304688
-0.00906276702880859 0.000633239746093751 -0.2730712890625 0.0590667724609375
-0.0166893005371094 0.0155963897705078 -0.318267822265625 -0.376953125
0.0291786193847656 0.00202751159667969 0.07196044921875 -0.6607666015625
0.0577163696289063 0.0293197631835938 0.712646484375 -0.28863525390625
0.0891571044921875 0.0898513793945312 0.77252197265625 0.41802978515625
0.0677642822265625 0.18426513671875 0.201568603515625 0.4979248046875
0.00248718261718751 0.24090576171875 0.061279296875 -0.0339279174804687
0.098236083984375 0.165451049804688 -0.25 -0.58343505859375
0.117057800292969 0.035003662109375 -0.85546875 -0.30023193359375
0.0515937805175781 -0.0178451538085937 -0.64117431640625 0.5294189453125
-0.00688886642456055 -0.00478649139404297 0.08624267578125 0.66253662109375
-0.0242042541503906 0.0153064727783203 0.36077880859375 0.2935791015625
-0.0199680328369141 0.0237083435058594 0.262847900390625 -0.137405395507813
-0.0347270965576172 0.00781440734863281 0.058868408203125 -0.31683349609375
-0.0383529663085938 -0.0110397338867187 -0.070556640625 0.257049560546875
0.00365209579467773 0.000665426254272461 -0.274185180664063 -0.00230407714843752
-0.00751876831054688 0.0178413391113281 -0.240478515625 -0.45654296875
0.0220260620117188 0.0130901336669922 0.2412109375 -0.64154052734375
0.0320930480957031 0.0400581359863281 0.7894287109375 -0.090576171875
0.05670166015625 0.0929641723632813 0.64666748046875 0.60333251953125
0.0380096435546875 0.160476684570313 0.0950622558593749 0.477264404296875
0.011444091796875 0.193084716796875 0.0468215942382813 -0.123176574707031
0.0967254638671875 0.114089965820313 -0.377471923828125 -0.562164306640625
0.0832138061523438 0.00534820556640625 -0.89813232421875 -0.09735107421875
0.0223312377929688 -0.0143184661865234 -0.4775390625 0.64190673828125
-0.00937080383300781 0.00390911102294922 0.22723388671875 0.58709716796875
-0.0175533294677734 0.0176010131835937 0.398773193359375 0.179046630859375
-0.00888824462890625 0.0236053466796875 0.246353149414062 -0.195388793945312
-0.0271816253662109 0.0045623779296875 0.048126220703125 -0.3170166015625
-0.0215988159179688 -0.0169181823730469 -0.0764617919921875 0.25018310546875
0.0168590545654297 -0.001068115234375 -0.2666015625 -0.0447845458984375
0.000314712524414063 0.020355224609375 -0.166961669921875 -0.50213623046875
0.00498390197753906 0.0202980041503906 0.3741455078125 -0.59130859375
-0.00533485412597657 0.0311908721923828 0.81243896484375 0.08465576171875
0.0201950073242187 0.059112548828125 0.51220703125 0.7271728515625
0.0234298706054688 0.096832275390625 0.016937255859375 0.451324462890625
0.022308349609375 0.112213134765625 0.0353546142578125 -0.18585205078125
0.0685768127441406 0.0569534301757813 -0.466796875 -0.527099609375
0.0358314514160156 -0.0077362060546875 -0.89166259765625 0.0534057617187499
-0.00381231307983399 -0.00330376625061035 -0.3419189453125 0.69305419921875
-0.0069580078125 0.0103273391723633 0.321319580078125 0.508392333984375
-0.00647640228271484 0.0154581069946289 0.41448974609375 0.089141845703125
0.00428390502929688 0.0182209014892578 0.22894287109375 -0.235565185546875
-0.0130844116210938 -0.00333690643310547 0.040618896484375 -0.316864013671875
-0.00481605529785156 -0.0221958160400391 -0.0774078369140625 0.248046875
0.0274848937988281 -0.00665092468261719 -0.258163452148438 -0.06390380859375
0.00760269165039063 0.0211410522460938 -0.12060546875 -0.51751708984375
-0.01300048828125 0.0210437774658203 0.443084716796875 -0.54937744140625
-0.0442886352539063 0.00675582885742187 0.81060791015625 0.1849365234375
-0.00801706314086914 -0.00549507141113281 0.42742919921875 0.787841796875
0.0279884338378906 0.00374603271484375 -0.028411865234375 0.434173583984375
0.0335044860839844 0.0116462707519531 0.0280914306640625 -0.213104248046875
0.0214939117431641 0.000139236450195313 -0.51007080078125 -0.501190185546875
-0.0142641067504883 -0.00903987884521484 -0.87823486328125 0.13067626953125
-0.0259037017822266 0.0126514434814453 -0.2669677734375 0.7086181640625
-0.0032958984375 0.0138139724731445 0.3653564453125 0.462615966796875
0.0070347785949707 0.00862741470336914 0.41778564453125 0.0382080078125
0.0200004577636719 0.00937652587890625 0.218612670898438 -0.258865356445313
0.00502586364746094 -0.0134267807006836 0.035430908203125 -0.316986083984375
0.0104656219482422 -0.0279140472412109 -0.0715484619140625 0.251190185546875
0.0370712280273438 -0.01446533203125 -0.25445556640625 -0.0563507080078125
0.0153102874755859 0.0191879272460937 -0.120635986328125 -0.5069580078125
-0.0280399322509766 0.0190448760986328 0.442962646484375 -0.547821044921875
-0.0805282592773438 -0.0191574096679687 0.8134765625 0.1827392578125
-0.0357742309570313 -0.079437255859375 0.42437744140625 0.78997802734375
0.036529541015625 -0.0975189208984375 -0.035064697265625 0.446014404296875
0.0419464111328125 -0.093231201171875 0.02581787109375 -0.199981689453125
-0.0278472900390625 -0.0560798645019531 -0.503021240234375 -0.496978759765625
-0.0643653869628906 -0.00806427001953124 -0.8709716796875 0.12750244140625
-0.0460090637207031 0.0285911560058594 -0.26458740234375 0.70782470703125
-0.00107669830322265 0.015650749206543 0.368743896484375 0.46417236328125
0.0187873840332031 0.00100326538085938 0.422607421875 0.03564453125
0.0325584411621094 -0.00121116638183594 0.217422485351563 -0.262557983398438
0.0228824615478516 -0.0227298736572266 0.036041259765625 -0.31781005859375
0.0222377777099609 -0.0329914093017578 -0.0630035400390625 0.259979248046875
0.0416069030761719 -0.0268478393554688 -0.255752563476563 -0.0248870849609375
0.0242347717285156 0.0122776031494141 -0.16375732421875 -0.47637939453125
-0.0318260192871094 0.01934814453125 0.37298583984375 -0.583984375
-0.110435485839844 -0.0289382934570313 0.81719970703125 0.07781982421875
-0.0754623413085937 -0.133399963378906 0.5091552734375 0.73297119140625
0.0272064208984375 -0.18524169921875 -0.000427246093750028 0.478302001953125
0.0475921630859375 -0.188400268554688 0.03033447265625 -0.148468017578125
-0.067352294921875 -0.113815307617188 -0.4503173828125 -0.511505126953125
-0.10748291015625 -0.01861572265625 -0.8741455078125 0.047119140625
-0.0679893493652344 0.0369720458984375 -0.33172607421875 0.68994140625
-0.00283432006835938 0.0181808471679688 0.335601806640625 0.51104736328125
0.0270957946777344 -0.00569915771484375 0.424835205078125 0.082733154296875
0.0418777465820313 -0.0103073120117188 0.229705810546875 -0.246200561523438
0.0385475158691406 -0.0298233032226563 0.04241943359375 -0.321319580078125
0.0296745300292969 -0.039306640625 -0.050689697265625 0.269088745117188
0.043670654296875 -0.0402488708496094 -0.257614135742187 0.0274810791015625
0.0343189239501953 0.00222015380859375 -0.237213134765625 -0.418609619140625
-0.0247802734375 0.0206813812255859 0.2369384765625 -0.62689208984375
-0.124557495117188 -0.0168685913085937 0.790771484375 -0.1002197265625
-0.125900268554688 -0.145401000976563 0.641357421875 0.60675048828125
-0.00736999511718748 -0.238662719726562 0.0804443359375 0.51922607421875
0.051361083984375 -0.25506591796875 0.0383377075195313 -0.0690498352050781
-0.08355712890625 -0.16864013671875 -0.35467529296875 -0.534332275390625
-0.136695861816406 -0.0448837280273438 -0.8670654296875 -0.1025390625
-0.0933151245117187 0.0337448120117188 -0.46295166015625 0.6337890625
-0.0106220245361328 0.0200424194335938 0.249267578125 0.58953857421875
0.0309371948242187 -0.00953292846679688 0.4144287109375 0.173919677734375
0.0454788208007812 -0.0171012878417969 0.248458862304687 -0.207656860351563
0.0495948791503906 -0.0322837829589844 0.051910400390625 -0.324310302734375
-0.0594291687011719 -0.00479507446289063 -0.050140380859375 0.272933959960938
-0.0197296142578125 -0.00173568725585937 -0.262741088867188 0.126022338867188
-0.0241851806640625 0.0149345397949219 -0.37872314453125 -0.273468017578125
0.0263957977294922 -0.00986099243164063 -0.0997314453125001 -0.63232421875
0.0651893615722656 0.0113945007324219 0.58746337890625 -0.45867919921875
0.103164672851563 0.0625152587890625 0.852294921875 0.20318603515625
0.0932159423828125 0.168411254882813 0.3231201171875 0.49981689453125
-0.00341796875000001 0.249740600585937 0.0774459838867188 0.069000244140625
0.0738983154296875 0.19561767578125 -0.1092529296875 -0.57244873046875
0.125656127929688 0.0719223022460938 -0.75048828125 -0.51409912109375
0.0742416381835938 -0.00662994384765625 -0.7900390625 0.3546142578125
0.000162124633789061 -0.0134029388427734 -0.091796875 0.70599365234375
-0.0244789123535156 0.0101490020751953 0.2955322265625 0.410247802734375
-0.0248947143554687 0.0187721252441406 0.272201538085938 -0.0702667236328125
-0.0352973937988281 0.00691604614257812 0.0718994140625 -0.31439208984375
-0.0520706176757813 -0.00763702392578126 -0.0606689453125 0.265625
-0.00934600830078125 0.000526428222656248 -0.273818969726563 0.0606689453124999
-0.0163993835449219 0.0160694122314453 -0.320648193359375 -0.375885009765625
0.0286407470703125 0.00151252746582031 0.0704345703125 -0.66265869140625
0.0571174621582031 0.029510498046875 0.7135009765625 -0.29071044921875
0.0890731811523437 0.0902175903320313 0.77703857421875 0.41510009765625
0.0674285888671875 0.184463500976563 0.20355224609375 0.49835205078125
0.00177001953125001 0.242172241210938 0.0621757507324219 -0.0338630676269531
0.098175048828125 0.165863037109375 -0.24981689453125 -0.58416748046875
0.117607116699219 0.035308837890625 -0.8599853515625 -0.3006591796875
0.0516242980957031 -0.0177154541015625 -0.6451416015625 0.532958984375
-0.00761270523071289 -0.0050349235534668 0.08795166015625 0.6666259765625
-0.0246124267578125 0.0152740478515625 0.362396240234375 0.295501708984375
-0.0202083587646484 0.0236072540283203 0.263031005859375 -0.13818359375
-0.0346622467041016 0.00778579711914063 0.05950927734375 -0.3189697265625
-0.0382041931152344 -0.0114784240722656 -0.0698699951171875 0.25775146484375
0.00382661819458008 -0.000158071517944336 -0.275054931640625 -0.000961303710937535
-0.00723934173583984 0.0174674987792969 -0.2435302734375 -0.45770263671875
0.0220947265625 0.0128269195556641 0.2412109375 -0.64312744140625
0.032257080078125 0.0401191711425781 0.79022216796875 -0.09088134765625
0.056182861328125 0.0930252075195313 0.6484375 0.604248046875
0.03875732421875 0.160354614257813 0.094268798828125 0.479217529296875
0.01226806640625 0.193389892578125 0.0480194091796875 -0.123275756835938
0.0970840454101562 0.114555358886719 -0.3778076171875 -0.56451416015625
0.0847854614257813 0.004974365234375 -0.902099609375 -0.0979614257812502
0.0222721099853516 -0.0152568817138672 -0.47711181640625 0.646728515625
-0.00937747955322265 0.0043487548828125 0.2298583984375 0.59002685546875
-0.0175724029541016 0.0180549621582031 0.4013671875 0.180755615234375
-0.00948143005371094 0.0238914489746094 0.247024536132812 -0.195968627929687
-0.0272941589355469 0.00481224060058593 0.047637939453125 -0.31890869140625
-0.022491455078125 -0.0172405242919922 -0.075714111328125 0.251205444335938
0.0161418914794922 -0.00202465057373047 -0.267715454101563 -0.045501708984375
0.000125885009765626 0.0209217071533203 -0.167755126953125 -0.505767822265625
0.00587081909179688 0.0197315216064453 0.37353515625 -0.59222412109375
-0.00520515441894531 0.0314731597900391 0.814453125 0.0867919921875
0.0205574035644531 0.0591545104980469 0.5120849609375 0.72979736328125
0.0228424072265625 0.097320556640625 0.014923095703125 0.450408935546875
0.0229263305664063 0.113357543945312 0.0365142822265625 -0.185806274414063
0.06866455078125 0.0568923950195312 -0.46832275390625 -0.529022216796875
0.0362052917480469 -0.00805282592773437 -0.89642333984375 0.0532226562499999
-0.00378680229187012 -0.00326085090637207 -0.344970703125 0.69635009765625
-0.00665569305419922 0.0101356506347656 0.324310302734375 0.51007080078125
-0.00568389892578125 0.0153532028198242 0.415435791015625 0.0889892578125
0.00555992126464844 0.0182151794433594 0.229782104492187 -0.237228393554687
-0.013340950012207 -0.0042562484741211 0.03985595703125 -0.318328857421875
-0.00575637817382812 -0.0223922729492188 -0.0765533447265625 0.249237060546875
0.0275135040283203 -0.00679779052734375 -0.259506225585937 -0.0640716552734375
0.00714874267578125 0.02154541015625 -0.12261962890625 -0.518310546875
-0.0133628845214844 0.0200271606445313 0.444244384765625 -0.551971435546875
-0.0451087951660156 0.00688552856445312 0.811767578125 0.1871337890625
-0.00810432434082031 -0.00563907623291016 0.42724609375 0.79156494140625
0.0278797149658203 0.00344657897949219 -0.0301513671875 0.436492919921875
0.0335941314697266 0.0120429992675781 0.029571533203125 -0.2125244140625
0.0216178894042969 -0.000150680541992188 -0.50982666015625 -0.50262451171875
-0.0149898529052734 -0.00881385803222657 -0.88067626953125 0.13201904296875
-0.0260219573974609 0.0134754180908203 -0.26605224609375 0.71343994140625
-0.00306224822998047 0.0140533447265625 0.36822509765625 0.464019775390625
0.0070953369140625 0.00937271118164063 0.420074462890625 0.03790283203125
0.0198535919189453 0.00849151611328125 0.218170166015625 -0.259674072265625
0.0039520263671875 -0.012664794921875 0.035552978515625 -0.31793212890625
0.0103378295898438 -0.0278549194335938 -0.0713653564453125 0.25201416015625
0.0361099243164063 -0.0155105590820312 -0.254135131835938 -0.0567626953125
0.0156650543212891 0.0192203521728516 -0.121978759765625 -0.5086669921875
-0.0285320281982422 0.0186443328857422 0.44366455078125 -0.54901123046875
-0.0820236206054688 -0.0191497802734375 0.81634521484375 0.1854248046875
-0.0355377197265625 -0.0798797607421875 0.42388916015625 0.793701171875
0.0362548828125 -0.0981597900390625 -0.036956787109375 0.44744873046875
0.0420684814453125 -0.0928497314453125 0.026824951171875 -0.199005126953125
-0.0275344848632812 -0.0567588806152344 -0.503265380859375 -0.49737548828125
-0.0637168884277344 -0.00870513916015626 -0.8740234375 0.12762451171875
-0.0462722778320312 0.0288734436035156 -0.263671875 0.71185302734375
-0.00108242034912109 0.0155220031738281 0.373077392578125 0.46600341796875
0.0200042724609375 0.00119209289550781 0.42388916015625 0.037322998046875
0.0324363708496094 -0.00226593017578125 0.21832275390625 -0.263778686523437
0.0230216979980469 -0.0231113433837891 0.035552978515625 -0.319610595703125
0.0220413208007813 -0.0333347320556641 -0.06158447265625 0.259857177734375
0.0410957336425781 -0.0272331237792969 -0.25567626953125 -0.0242919921875
0.0246295928955078 0.0120449066162109 -0.16473388671875 -0.478057861328125
-0.0323982238769531 0.0190811157226562 0.3731689453125 -0.58526611328125
-0.110816955566406 -0.0281219482421875 0.81939697265625 0.07794189453125
-0.0762481689453125 -0.134025573730469 0.50909423828125 0.7349853515625
0.02667236328125 -0.186386108398438 -0.00064086914062497 0.481475830078125
0.0481414794921875 -0.1868896484375 0.03131103515625 -0.1488037109375
-0.0678558349609375 -0.113189697265625 -0.450225830078125 -0.513214111328125
-0.107704162597656 -0.0185928344726562 -0.879150390625 0.04974365234375
-0.0685310363769531 0.037384033203125 -0.333740234375 0.6934814453125
-0.00273323059082031 0.0186500549316406 0.33782958984375 0.51348876953125
0.0271778106689453 -0.00551223754882813 0.42681884765625 0.083465576171875
0.0420646667480469 -0.0110397338867188 0.229019165039063 -0.246902465820313
0.0389060974121094 -0.0292549133300781 0.04180908203125 -0.322998046875
0.0305023193359375 -0.0393524169921875 -0.050323486328125 0.26922607421875
0.0427932739257812 -0.0404090881347656 -0.258026123046875 0.0280303955078125
0.0334491729736328 0.00200080871582031 -0.23858642578125 -0.420135498046875
-0.0251102447509766 0.0193748474121094 0.2373046875 -0.6307373046875
-0.125564575195313 -0.0158233642578125 0.7919921875 -0.10015869140625
-0.125228881835938 -0.14630126953125 0.6434326171875 0.60699462890625
-0.00872802734374999 -0.239395141601563 0.0784912109375001 0.52093505859375
0.0504150390625 -0.255599975585938 0.0394515991210937 -0.0688247680664063
-0.0839385986328125 -0.1683349609375 -0.355560302734375 -0.536956787109375
-0.137252807617187 -0.0446395874023438 -0.8695068359375 -0.10296630859375
-0.0928192138671875 0.034881591796875 -0.46331787109375 0.6368408203125
-0.010772705078125 0.0210075378417969 0.2501220703125 0.59161376953125
0.0308513641357422 -0.00988006591796875 0.416473388671875 0.172821044921875
0.0462150573730469 -0.0174484252929688 0.249130249023438 -0.208953857421875
0.04962158203125 -0.0329856872558594 0.051513671875 -0.3258056640625
-0.0602340698242187 -0.00416946411132812 -0.0491790771484375 0.274642944335938
-0.0192089080810547 -0.00137519836425781 -0.26348876953125 0.128509521484375
-0.0237674713134766 0.0150394439697266 -0.3839111328125 -0.273101806640625
0.0262336730957031 -0.0101432800292969 -0.103515625 -0.634521484375
0.0648078918457031 0.0112991333007813 0.58721923828125 -0.4615478515625
0.103782653808594 0.0631790161132813 0.85662841796875 0.201171875
0.0928955078125 0.168609619140625 0.325439453125 0.50030517578125
-0.00309753417968751 0.251251220703125 0.0786666870117188 0.068939208984375
0.0752410888671875 0.196563720703125 -0.10955810546875 -0.572509765625
0.126777648925781 0.0717239379882813 -0.75482177734375 -0.51513671875
0.0741119384765625 -0.00667572021484375 -0.795654296875 0.35845947265625
0.000119209289550782 -0.0138254165649414 -0.0894775390625 0.71136474609375
-0.0239524841308594 0.00954055786132813 0.297760009765625 0.4146728515625
-0.0243186950683594 0.0187435150146484 0.273452758789063 -0.0708160400390625
-0.0351181030273438 0.00707626342773438 0.070343017578125 -0.31646728515625
-0.0526695251464844 -0.00679779052734375 -0.0599517822265625 0.267715454101563
-0.00924110412597656 -0.00059795379638672 -0.275131225585938 0.0613555908203125
-0.0159645080566406 0.0151128768920898 -0.3245849609375 -0.377899169921875
0.0290966033935547 0.0007171630859375 0.068115234375 -0.6671142578125
0.057586669921875 0.0296058654785156 0.71453857421875 -0.293212890625
0.0896759033203125 0.0896148681640625 0.779052734375 0.41497802734375
0.068084716796875 0.184478759765625 0.204925537109375 0.501434326171875
0.0027313232421875 0.242965698242187 0.0634918212890625 -0.0328102111816406
0.099334716796875 0.166366577148438 -0.25152587890625 -0.5860595703125
0.118972778320313 0.0343704223632813 -0.8624267578125 -0.30035400390625
0.0516471862792969 -0.016998291015625 -0.64642333984375 0.537841796875
-0.00798797607421875 -0.00565338134765625 0.09075927734375 0.67169189453125
-0.0234737396240234 0.0157890319824219 0.36578369140625 0.29534912109375
-0.0195999145507813 0.0247249603271484 0.263671875 -0.139129638671875
-0.0347461700439453 0.00799369812011718 0.058685302734375 -0.3214111328125
-0.0393562316894531 -0.010711669921875 -0.069488525390625 0.259201049804687
0.00388693809509277 -0.000450372695922852 -0.27630615234375 -0.000518798828125005
-0.00696563720703125 0.0180492401123047 -0.247283935546875 -0.45806884765625
0.0221595764160156 0.0127639770507812 0.23944091796875 -0.646484375
0.0321693420410156 0.0406875610351563 0.7947998046875 -0.0916748046875
0.0573501586914063 0.0943603515625 0.65081787109375 0.60491943359375
0.03839111328125 0.16094970703125 0.0958557128906249 0.479339599609375
0.0122833251953125 0.19439697265625 0.0490341186523437 -0.123725891113281
0.0979766845703125 0.114768981933594 -0.37896728515625 -0.56488037109375
0.0847549438476563 0.00473785400390625 -0.90423583984375 -0.0940551757812499
0.0223236083984375 -0.0151615142822266 -0.48016357421875 0.65411376953125
-0.0100164413452148 0.00362396240234375 0.234375 0.59197998046875
-0.0162372589111328 0.0178489685058594 0.405120849609375 0.1805419921875
-0.00888824462890625 0.0241050720214844 0.24615478515625 -0.197967529296875
-0.0266265869140625 0.00442886352539063 0.046844482421875 -0.322052001953125
-0.0233383178710937 -0.0164680480957031 -0.074249267578125 0.252304077148438
0.016911506652832 -0.00183010101318359 -0.269271850585938 -0.0448150634765624
0.000349044799804686 0.0199699401855469 -0.17138671875 -0.5054931640625
0.00603294372558594 0.0190658569335937 0.37347412109375 -0.5955810546875
-0.00551795959472656 0.0328845977783203 0.8187255859375 0.08551025390625
0.0204505920410156 0.059661865234375 0.5155029296875 0.73016357421875
0.0224533081054688 0.0970230102539063 0.01397705078125 0.453033447265625
0.0230712890625 0.113662719726563 0.0376739501953125 -0.185943603515625
0.0697250366210938 0.0564651489257813 -0.470550537109375 -0.530029296875
0.0369758605957031 -0.0088653564453125 -0.90045166015625 0.0571899414062499
-0.00385904312133789 -0.00285959243774414 -0.34356689453125 0.7017822265625
-0.00685977935791016 0.0106887817382813 0.327301025390625 0.513092041015625
-0.00520229339599609 0.0154781341552734 0.418975830078125 0.08831787109375
0.00564765930175782 0.0182456970214844 0.229660034179688 -0.240066528320313
-0.0124034881591797 -0.00349044799804688 0.038604736328125 -0.3211669921875
-0.00617027282714843 -0.0216503143310547 -0.075775146484375 0.249679565429688
0.0270652770996094 -0.00703620910644531 -0.260665893554688 -0.063629150390625
0.007568359375 0.0214500427246094 -0.124908447265625 -0.52099609375
-0.0134506225585938 0.0199089050292969 0.445159912109375 -0.55450439453125
-0.0451087951660156 0.00761795043945313 0.8172607421875 0.187744140625
-0.00780868530273438 -0.00603055953979492 0.427734375 0.79351806640625
0.0273818969726563 0.00366973876953125 -0.030548095703125 0.439117431640625
0.0333499908447266 0.0128421783447266 0.0298614501953125 -0.213043212890625
0.0223751068115234 -0.000637054443359375 -0.51226806640625 -0.502410888671875
-0.01513671875 -0.00840187072753906 -0.88458251953125 0.135498046875
-0.0263290405273437 0.0138912200927734 -0.2662353515625 0.717529296875
-0.00324249267578125 0.013981819152832 0.373748779296875 0.4659423828125
0.00762748718261719 0.00878381729125977 0.4228515625 0.038818359375
0.0205783843994141 0.00850868225097656 0.21826171875 -0.262939453125
0.00449848175048828 -0.0135841369628906 0.033966064453125 -0.32025146484375
0.00891304016113281 -0.027252197265625 -0.071075439453125 0.252838134765625
0.0364303588867188 -0.0158348083496094 -0.256195068359375 -0.0564117431640625
0.0153274536132813 0.0191249847412109 -0.12322998046875 -0.510528564453125
-0.0288467407226563 0.0187873840332031 0.444183349609375 -0.55401611328125
-0.0825729370117187 -0.0178604125976563 0.81951904296875 0.18603515625
-0.0361709594726563 -0.0796585083007813 0.4278564453125 0.79632568359375
0.0362777709960938 -0.0987396240234375 -0.038116455078125 0.449920654296875
0.0414276123046875 -0.0938491821289063 0.0281524658203125 -0.199844360351563
-0.027923583984375 -0.0564422607421875 -0.505645751953125 -0.498046875
-0.0640983581542969 -0.00802230834960936 -0.8779296875 0.13006591796875
-0.0461807250976563 0.03009033203125 -0.26348876953125 0.71661376953125
-0.00101089477539063 0.0163602828979492 0.37744140625 0.468353271484375
0.0196800231933594 0.000844955444335937 0.42547607421875 0.034698486328125
0.0333290100097656 -0.00303077697753906 0.217376708984375 -0.265701293945313
0.0231552124023437 -0.0229263305664062 0.03472900390625 -0.32257080078125
0.0211105346679688 -0.03326416015625 -0.0606231689453125 0.260971069335937
0.04156494140625 -0.0277442932128906 -0.256790161132813 -0.0235748291015625
0.0248680114746094 0.0123577117919922 -0.16748046875 -0.479766845703125
-0.0332012176513672 0.0189208984375 0.37261962890625 -0.58807373046875
-0.11273193359375 -0.0275497436523437 0.8243408203125 0.07794189453125
-0.0767822265625 -0.134170532226563 0.51116943359375 0.73822021484375
0.0262603759765625 -0.187088012695313 -0.002197265625 0.484222412109375
0.0477142333984375 -0.18804931640625 0.031768798828125 -0.149429321289063
-0.068023681640625 -0.113540649414063 -0.45306396484375 -0.515350341796875
-0.107994079589844 -0.01751708984375 -0.88238525390625 0.0512084960937499
-0.0686683654785156 0.0386466979980469 -0.332763671875 0.69873046875
-0.00371170043945313 0.0189609527587891 0.3408203125 0.5172119140625
0.0275821685791016 -0.0049285888671875 0.427886962890625 0.083404541015625
0.0418624877929688 -0.0113182067871094 0.228530883789063 -0.249008178710938
0.0390586853027344 -0.0303993225097656 0.041351318359375 -0.325408935546875
0.0292816162109375 -0.0391883850097656 -0.0497589111328125 0.270034790039063
0.0417251586914062 -0.0405006408691406 -0.258636474609375 0.0283203125
0.0341606140136719 0.00179862976074219 -0.241607666015625 -0.42083740234375
-0.0258502960205078 0.0208892822265625 0.23773193359375 -0.63238525390625
-0.126335144042969 -0.0151824951171875 0.7958984375 -0.1014404296875
-0.1260986328125 -0.146926879882813 0.647216796875 0.60845947265625
-0.00946044921874997 -0.240768432617188 0.07952880859375 0.523834228515625
0.0508270263671875 -0.257537841796875 0.0413436889648438 -0.0687179565429688
-0.084716796875 -0.1700439453125 -0.35723876953125 -0.538421630859375
-0.138015747070313 -0.0441818237304687 -0.87371826171875 -0.10150146484375
-0.09326171875 0.0346755981445312 -0.46380615234375 0.64227294921875
-0.0104789733886719 0.0201759338378906 0.2542724609375 0.5965576171875
0.0319232940673828 -0.0105686187744141 0.419891357421875 0.172576904296875
0.0460014343261719 -0.0184669494628906 0.24786376953125 -0.210906982421875
0.0494880676269531 -0.0331268310546875 0.050079345703125 -0.328033447265625
-0.0620079040527344 -0.00435256958007812 -0.0483856201171875 0.275970458984375
-0.0199832916259766 -0.00231361389160156 -0.264450073242188 0.12994384765625
-0.0236282348632813 0.0146636962890625 -0.387664794921875 -0.272369384765625
0.0267105102539063 -0.0101966857910156 -0.107177734375 -0.63653564453125
0.0648574829101563 0.0110549926757813 0.58917236328125 -0.467041015625
0.10394287109375 0.0634994506835938 0.859619140625 0.19775390625
0.0937347412109375 0.169036865234375 0.32647705078125 0.501708984375
-0.00117492675781247 0.252105712890625 0.0794219970703125 0.0694427490234375
0.0762939453125 0.196792602539063 -0.11212158203125 -0.57470703125
0.128074645996094 0.071685791015625 -0.7606201171875 -0.5150146484375
0.0751190185546875 -0.00708770751953125 -0.797607421875 0.3636474609375
-0.00119876861572266 -0.0135860443115234 -0.0872802734375 0.71759033203125
-0.0236988067626953 0.0103321075439453 0.30206298828125 0.415679931640625
-0.0234928131103516 0.0192756652832031 0.274520874023438 -0.072509765625
-0.0351982116699219 0.00727462768554688 0.06939697265625 -0.318206787109375
-0.0535011291503906 -0.00635910034179688 -0.058746337890625 0.26849365234375
-0.00879859924316406 -0.000634193420410156 -0.276397705078125 0.0625152587890626
-0.0151338577270508 0.0158357620239258 -0.32958984375 -0.378021240234375
0.0288810729980469 0.00037384033203125 0.0662841796875 -0.6695556640625
0.0574874877929687 0.0298118591308594 0.7164306640625 -0.29638671875
0.0902023315429688 0.090545654296875 0.782958984375 0.41436767578125
0.0675811767578125 0.184402465820313 0.204620361328125 0.501953125
0.00318908691406248 0.244491577148438 0.0647773742675781 -0.032379150390625
0.100448608398438 0.167327880859375 -0.25323486328125 -0.5888671875
0.120132446289062 0.0346527099609375 -0.86962890625 -0.29888916015625
0.0521392822265625 -0.0175895690917969 -0.64739990234375 0.5430908203125
-0.00778055191040039 -0.0048365592956543 0.0941162109375 0.6749267578125
-0.024169921875 0.0163707733154297 0.369842529296875 0.29656982421875
-0.018524169921875 0.0241374969482422 0.264373779296875 -0.141357421875
-0.0340328216552734 0.00849533081054687 0.0570068359375 -0.323638916015625
-0.0396575927734375 -0.0105247497558594 -0.0674591064453125 0.259811401367188
0.00331354141235352 -0.000756978988647461 -0.27801513671875 -0.000350952148437441
-0.00667762756347656 0.0177764892578125 -0.24920654296875 -0.459716796875
0.0219364166259766 0.0116462707519531 0.23944091796875 -0.64984130859375
0.0324325561523438 0.0404701232910156 0.79632568359375 -0.09527587890625
0.057220458984375 0.093536376953125 0.65582275390625 0.60321044921875
0.0390167236328125 0.16107177734375 0.096466064453125 0.482421875
0.0124053955078125 0.195281982421875 0.0497894287109375 -0.122596740722656
0.0984344482421875 0.115013122558594 -0.382568359375 -0.56658935546875
0.0856552124023438 0.0043487548828125 -0.91070556640625 -0.0914306640625
0.0226325988769531 -0.0154705047607422 -0.4798583984375 0.6583251953125
-0.00968360900878906 0.00470542907714844 0.2376708984375 0.59576416015625
-0.0169467926025391 0.0184669494628906 0.408203125 0.18023681640625
-0.00845527648925781 0.0235061645507813 0.246963500976563 -0.200225830078125
-0.0265274047851562 0.00474166870117188 0.045806884765625 -0.32354736328125
-0.0234508514404297 -0.0162849426269531 -0.0732879638671875 0.253738403320313
0.0159368515014648 -0.00298309326171875 -0.270721435546875 -0.0439758300781251
0.000717163085937499 0.0201282501220703 -0.1734619140625 -0.50714111328125
0.0055694580078125 0.0190467834472656 0.37188720703125 -0.60107421875
-0.00548171997070313 0.0330162048339844 0.8218994140625 0.086669921875
0.0215263366699219 0.0596351623535156 0.51983642578125 0.73260498046875
0.0225601196289063 0.09619140625 0.015289306640625 0.45501708984375
0.0242462158203125 0.114677429199219 0.0375823974609375 -0.186553955078125
0.0701904296875 0.0572319030761719 -0.473052978515625 -0.531585693359375
0.0375251770019531 -0.00897216796875 -0.9061279296875 0.06005859375
-0.00366425514221191 -0.00235533714294434 -0.34210205078125 0.7078857421875
-0.00755500793457031 0.0110063552856445 0.33123779296875 0.516021728515625
-0.00409412384033203 0.0155858993530273 0.422119140625 0.088043212890625
0.00534629821777344 0.0181179046630859 0.228729248046875 -0.242446899414063
-0.0131502151489258 -0.00424385070800782 0.03753662109375 -0.323760986328125
-0.00680351257324219 -0.0216884613037109 -0.0747528076171875 0.250869750976563
0.0272998809814453 -0.00728988647460938 -0.262313842773438 -0.0631561279296875
0.00777816772460937 0.0212306976318359 -0.126861572265625 -0.52178955078125
-0.0132389068603516 0.0192604064941406 0.44451904296875 -0.559112548828125
-0.0467491149902344 0.00858306884765624 0.820556640625 0.18701171875
-0.00775957107543945 -0.00598573684692383 0.43377685546875 0.79608154296875
0.0272274017333984 0.00274467468261719 -0.031463623046875 0.4410400390625
0.0339241027832031 0.0130252838134766 0.030731201171875 -0.21368408203125
0.0225772857666016 -4.00543212890625E-05 -0.51605224609375 -0.505035400390625
-0.0144586563110352 -0.00942039489746094 -0.88714599609375 0.13922119140625
-0.0252037048339844 0.0139503479003906 -0.26531982421875 0.7265625
-0.00323390960693359 0.0147132873535156 0.377838134765625 0.4669189453125
0.00775146484375 0.00930309295654297 0.425872802734375 0.037139892578125
0.02093505859375 0.00775337219238281 0.217727661132813 -0.265106201171875
0.00495529174804688 -0.0134391784667969 0.03387451171875 -0.32275390625
0.00789642333984375 -0.0272750854492187 -0.06915283203125 0.2537841796875
0.0351409912109375 -0.0163822174072266 -0.2569580078125 -0.05596923828125
0.0155754089355469 0.0190849304199219 -0.126373291015625 -0.5120849609375
-0.0293006896972656 0.0182456970214844 0.444488525390625 -0.5562744140625
-0.0831375122070313 -0.0172653198242188 0.8240966796875 0.1866455078125
-0.036224365234375 -0.0810775756835938 0.4310302734375 0.79974365234375
0.0353317260742188 -0.0988922119140625 -0.037109375 0.45220947265625
0.042236328125 -0.0938796997070313 0.028594970703125 -0.200042724609375
-0.0278282165527344 -0.05609130859375 -0.50701904296875 -0.50042724609375
-0.0644798278808594 -0.00739669799804687 -0.8822021484375 0.13604736328125
-0.0460052490234375 0.0304679870605469 -0.26116943359375 0.72247314453125
-0.00183582305908203 0.0169401168823242 0.38330078125 0.469024658203125
0.0191802978515625 0.000682830810546875 0.4285888671875 0.0343017578125
0.0344181060791016 -0.0023956298828125 0.216934204101563 -0.26788330078125
0.0234394073486328 -0.0243511199951172 0.033355712890625 -0.324676513671875
0.02081298828125 -0.0331306457519531 -0.060302734375 0.262039184570313
0.0415496826171875 -0.027923583984375 -0.25830078125 -0.0231475830078124
0.0244960784912109 0.0122909545898438 -0.17108154296875 -0.48162841796875
-0.0345573425292969 0.0194149017333984 0.37322998046875 -0.5933837890625
-0.113471984863281 -0.0270309448242187 0.82818603515625 0.07745361328125
-0.0767898559570313 -0.134941101074219 0.51666259765625 0.74090576171875
0.025543212890625 -0.188644409179688 -0.00204467773437498 0.486785888671875
0.0473175048828125 -0.18902587890625 0.032623291015625 -0.14935302734375
-0.0684585571289062 -0.1146240234375 -0.45477294921875 -0.514892578125
-0.107681274414062 -0.018402099609375 -0.8863525390625 0.0541381835937501
-0.0689811706542969 0.0397720336914062 -0.33123779296875 0.7032470703125
-0.0032501220703125 0.0186786651611328 0.34771728515625 0.517852783203125
0.0285072326660156 -0.00575447082519531 0.431060791015625 0.0831298828125
0.0429420471191406 -0.0125045776367187 0.228240966796875 -0.251449584960937
0.0393753051757813 -0.0299835205078125 0.039459228515625 -0.327606201171875
0.0295333862304688 -0.038238525390625 -0.0491790771484375 0.271163940429688
0.0414962768554688 -0.0420265197753906 -0.258544921875 0.029022216796875
0.0333824157714844 0.00185394287109375 -0.24322509765625 -0.421905517578125
-0.0255413055419922 0.0201396942138672 0.2373046875 -0.634765625
-0.128196716308594 -0.0137863159179687 0.79949951171875 -0.1044921875
-0.127105712890625 -0.147720336914063 0.64898681640625 0.61041259765625
-0.0107269287109375 -0.242156982421875 0.0798339843749999 0.526580810546875
0.0498199462890625 -0.2586669921875 0.0413780212402344 -0.0695037841796875
-0.0844879150390625 -0.170654296875 -0.36114501953125 -0.54052734375
-0.138496398925781 -0.0446853637695312 -0.87939453125 -0.0983886718750002
-0.0939483642578125 0.0363998413085937 -0.4637451171875 0.64813232421875
-0.0110130310058594 0.0220108032226562 0.2598876953125 0.59698486328125
0.0313339233398438 -0.0101737976074219 0.4241943359375 0.17401123046875
0.0464248657226563 -0.0188560485839844 0.24896240234375 -0.21282958984375
0.0502510070800781 -0.0337295532226563 0.04888916015625 -0.330810546875
-0.0623893737792969 -0.00332641601562499 -0.04656982421875 0.277175903320313
-0.0195102691650391 -0.00271034240722657 -0.265625 0.1317138671875
-0.0229511260986328 0.0154647827148438 -0.393341064453125 -0.270538330078125
0.0258426666259766 -0.0115394592285156 -0.1142578125 -0.6392822265625
0.0645751953125 0.0115509033203125 0.58856201171875 -0.47296142578125
0.10552978515625 0.0626678466796875 0.86322021484375 0.1939697265625
0.094146728515625 0.169174194335938 0.331024169921875 0.50311279296875
-0.0012054443359375 0.253509521484375 0.0811233520507813 0.0701522827148438
0.076934814453125 0.198074340820312 -0.11328125 -0.57794189453125
0.129898071289063 0.0714645385742188 -0.7659912109375 -0.5135498046875
0.07550048828125 -0.00833892822265625 -0.798828125 0.36834716796875
-0.00143909454345703 -0.0137977600097656 -0.0819702148437499 0.72344970703125
-0.0235061645507812 0.0103607177734375 0.307159423828125 0.417510986328125
-0.0234775543212891 0.0191001892089844 0.275497436523438 -0.07421875
-0.0347805023193359 0.00779914855957032 0.066864013671875 -0.320770263671875
-0.0542335510253906 -0.00593948364257812 -0.057342529296875 0.270339965820312
-0.00908946990966797 -0.000622749328613281 -0.2772216796875 0.0646514892578125
-0.0156459808349609 0.0159215927124023 -0.33441162109375 -0.37823486328125
0.0292987823486328 0.000324249267578125 0.0592041015625 -0.67340087890625
0.0577392578125 0.029693603515625 0.71905517578125 -0.29998779296875
0.09149169921875 0.0904006958007813 0.78765869140625 0.41046142578125
0.0683441162109375 0.185089111328125 0.20703125 0.50439453125
0.00424194335937501 0.24505615234375 0.0658950805664063 -0.0318832397460937
0.101776123046875 0.167251586914063 -0.25634765625 -0.58892822265625
0.120834350585938 0.0337142944335938 -0.874755859375 -0.296875
0.0524559020996094 -0.0180702209472656 -0.64886474609375 0.55194091796875
-0.008270263671875 -0.00511789321899414 0.0985107421874999 0.67926025390625
-0.0241336822509766 0.0168075561523438 0.3751220703125 0.297698974609375
-0.0189800262451172 0.0247783660888672 0.264373779296875 -0.143447875976563
-0.0343151092529297 0.00835609436035156 0.0557861328125 -0.32666015625
-0.0411834716796875 -0.0106239318847656 -0.0666961669921875 0.261077880859375
0.00318408012390137 -0.00045466423034668 -0.279342651367188 0.00184631347656245
-0.00712394714355469 0.0176906585693359 -0.2548828125 -0.460418701171875
0.0228672027587891 0.0115489959716797 0.236083984375 -0.6549072265625
0.0317573547363281 0.0413818359375 0.80084228515625 -0.09619140625
0.0588531494140625 0.0939178466796875 0.660400390625 0.60382080078125
0.03863525390625 0.160659790039063 0.096588134765625 0.484100341796875
0.0147705078125 0.195846557617188 0.0511627197265625 -0.123222351074219
0.100715637207031 0.1151123046875 -0.38519287109375 -0.56732177734375
0.086700439453125 0.00396728515625 -0.9144287109375 -0.0875854492187499
0.0233192443847656 -0.0156631469726563 -0.4781494140625 0.66644287109375
-0.0107259750366211 0.00384807586669922 0.24444580078125 0.60015869140625
-0.0168342590332031 0.019195556640625 0.412322998046875 0.179718017578125
-0.0076904296875 0.0237140655517578 0.247085571289063 -0.20233154296875
-0.0264930725097656 0.00495147705078125 0.043792724609375 -0.32733154296875
-0.0247097015380859 -0.0157947540283203 -0.072601318359375 0.254974365234375
0.016667366027832 -0.00328636169433594 -0.272171020507813 -0.0424957275390625
0.00141716003417969 0.0205726623535156 -0.177734375 -0.507965087890625
0.00572013854980469 0.0183086395263672 0.37213134765625 -0.60418701171875
-0.00603485107421875 0.03387451171875 0.82818603515625 0.08294677734375
0.021209716796875 0.059722900390625 0.5244140625 0.7335205078125
0.0226593017578125 0.0964889526367188 0.0159912109375 0.4578857421875
0.0246353149414063 0.114501953125 0.03875732421875 -0.187576293945313
0.0711898803710938 0.0567169189453125 -0.476409912109375 -0.532562255859375
0.0381088256835938 -0.00878143310546875 -0.9111328125 0.0651855468750001
-0.00406980514526367 -0.00179815292358398 -0.3416748046875 0.715087890625
-0.00804519653320312 0.0106735229492188 0.338348388671875 0.517669677734375
-0.0042266845703125 0.016261100769043 0.42626953125 0.086273193359375
0.00667572021484375 0.017730712890625 0.227752685546875 -0.24462890625
-0.01318359375 -0.00400543212890625 0.035247802734375 -0.325897216796875
-0.007537841796875 -0.0211277008056641 -0.07281494140625 0.252105712890625
0.0272331237792969 -0.007568359375 -0.263641357421875 -0.0611419677734375
0.00730323791503906 0.0218029022216797 -0.1304931640625 -0.523681640625
-0.0140285491943359 0.0196304321289063 0.44549560546875 -0.56304931640625
-0.0465965270996094 0.00923156738281251 0.82672119140625 0.186279296875
-0.00707149505615235 -0.00623321533203125 0.43780517578125 0.7962646484375
0.0263843536376953 0.00163650512695313 -0.02996826171875 0.443756103515625
0.0333843231201172 0.0121860504150391 0.03155517578125 -0.2139892578125
0.0233173370361328 -0.000890731811523438 -0.51934814453125 -0.50518798828125
-0.0148000717163086 -0.00933647155761719 -0.892822265625 0.1451416015625
-0.0261478424072266 0.0149440765380859 -0.26312255859375 0.73150634765625
-0.00290679931640625 0.0146646499633789 0.3841552734375 0.467071533203125
0.00912284851074219 0.0087432861328125 0.427825927734375 0.035430908203125
0.0210742950439453 0.00753021240234375 0.216629028320313 -0.267364501953125
0.00569725036621094 -0.0138082504272461 0.031097412109375 -0.325408935546875
0.0076446533203125 -0.0271091461181641 -0.06768798828125 0.2552490234375
0.035400390625 -0.0167770385742188 -0.258514404296875 -0.054229736328125
0.0156421661376953 0.0193233489990234 -0.129180908203125 -0.51324462890625
-0.0298175811767578 0.0186767578125 0.444915771484375 -0.560577392578125
-0.0844039916992188 -0.0163955688476563 0.83111572265625 0.18487548828125
-0.0367202758789063 -0.0813217163085938 0.43487548828125 0.80096435546875
0.034881591796875 -0.100250244140625 -0.03778076171875 0.4549560546875
0.0416641235351562 -0.0952682495117188 0.029754638671875 -0.200698852539063
-0.0275840759277344 -0.0563545227050781 -0.511962890625 -0.49993896484375
-0.0642623901367188 -0.00828933715820313 -0.8868408203125 0.1409912109375
-0.0468521118164063 0.0315666198730469 -0.2587890625 0.72900390625
-0.000743865966796875 0.0166454315185547 0.38861083984375 0.46954345703125
0.0200710296630859 0.000415802001953125 0.432098388671875 0.033111572265625
0.0344619750976563 -0.00377655029296875 0.216171264648437 -0.271163940429688
0.0233612060546875 -0.0229835510253906 0.031036376953125 -0.326507568359375
0.020263671875 -0.0327587127685547 -0.0582733154296875 0.262466430664063
0.041015625 -0.0288619995117187 -0.260009765625 -0.0222320556640625
0.0249271392822266 0.0122299194335938 -0.1732177734375 -0.4820556640625
-0.0346164703369141 0.0199012756347656 0.37347412109375 -0.59600830078125
-0.114967346191406 -0.02557373046875 0.83416748046875 0.07537841796875
-0.0779037475585938 -0.13531494140625 0.52178955078125 0.741943359375
0.0240631103515625 -0.189163208007813 -0.000976562500000031 0.489837646484375
0.046844482421875 -0.190399169921875 0.033538818359375 -0.149581909179688
-0.0688095092773438 -0.114776611328125 -0.4578857421875 -0.517547607421875
-0.108917236328125 -0.01763916015625 -0.89007568359375 0.0605468750000001
-0.0704879760742188 0.04083251953125 -0.3284912109375 0.71148681640625
-0.00361251831054688 0.0196628570556641 0.351837158203125 0.520263671875
0.0280246734619141 -0.00670051574707031 0.434844970703125 0.082763671875
0.0426254272460938 -0.0129470825195313 0.227798461914062 -0.253555297851563
0.039581298828125 -0.0311660766601563 0.0369873046875 -0.329864501953125
0.029022216796875 -0.0383796691894531 -0.04656982421875 0.272293090820313
0.0406532287597656 -0.0423622131347656 -0.260406494140625 0.0311431884765625
0.0338039398193359 0.00185585021972656 -0.24713134765625 -0.422119140625
-0.0277843475341797 0.0209083557128906 0.23553466796875 -0.640625
-0.1295166015625 -0.0125808715820313 0.80462646484375 -0.10687255859375
-0.128189086914062 -0.147369384765625 0.6549072265625 0.61181640625
-0.0118560791015625 -0.242568969726563 0.081451416015625 0.52996826171875
0.04913330078125 -0.259048461914063 0.0422897338867187 -0.0691642761230469
-0.0855255126953125 -0.170791625976563 -0.364105224609375 -0.542327880859375
-0.139083862304687 -0.0441360473632812 -0.8841552734375 -0.0946044921875001
-0.0944061279296875 0.0377731323242187 -0.46197509765625 0.6533203125
-0.0103645324707031 0.0218391418457031 0.264892578125 0.60113525390625
0.0319957733154297 -0.0107040405273437 0.42645263671875 0.171478271484375
0.0466804504394531 -0.0199127197265625 0.248199462890625 -0.215362548828125
0.050628662109375 -0.0342254638671875 0.047271728515625 -0.331817626953125
-0.0634880065917969 -0.00305557250976562 -0.0447845458984375 0.278778076171875
-0.0193805694580078 -0.00226783752441406 -0.265304565429688 0.13446044921875
-0.0228710174560547 0.0145549774169922 -0.39727783203125 -0.270050048828125
0.0255813598632813 -0.0124549865722656 -0.1195068359375 -0.64227294921875
0.0650100708007813 0.0109100341796875 0.58770751953125 -0.48004150390625
0.105781555175781 0.062042236328125 0.86749267578125 0.18817138671875
0.09576416015625 0.168975830078125 0.3326416015625 0.50341796875
0.00146484375000002 0.25433349609375 0.0826416015625 0.06976318359375
0.0785980224609375 0.198348999023438 -0.11529541015625 -0.5814208984375
0.130340576171875 0.0703048706054688 -0.774169921875 -0.5115966796875
0.0760040283203125 -0.008453369140625 -0.8023681640625 0.3780517578125
-0.00181007385253906 -0.01397705078125 -0.0776367187499999 0.728759765625
-0.0232486724853516 0.010589599609375 0.312347412109375 0.4178466796875
-0.0227031707763672 0.0189228057861328 0.27490234375 -0.07568359375
-0.0349922180175781 0.00812911987304687 0.06524658203125 -0.32403564453125
-0.0566329956054687 -0.00418472290039061 -0.0564117431640625 0.27178955078125
-0.00904178619384766 -0.00148200988769531 -0.278549194335938 0.0667877197265625
-0.0149145126342773 0.0159215927124023 -0.339508056640625 -0.37823486328125
0.0286674499511719 -0.00183296203613281 0.0553588867187499 -0.67584228515625
0.057769775390625 0.0306777954101563 0.7213134765625 -0.306396484375
0.0923919677734375 0.0907516479492188 0.7913818359375 0.4083251953125
0.0690460205078125 0.185348510742188 0.210052490234375 0.5052490234375
0.00660705566406249 0.24560546875 0.0668258666992188 -0.0326881408691406
0.103225708007812 0.168380737304688 -0.2596435546875 -0.58984375
0.121932983398437 0.0334930419921875 -0.8819580078125 -0.29095458984375
0.0526313781738281 -0.0179328918457031 -0.649169921875 0.560546875
-0.00894927978515625 -0.00415706634521484 0.1041259765625 0.68328857421875
-0.0231437683105469 0.0170116424560547 0.3782958984375 0.296112060546875
-0.0175685882568359 0.0245265960693359 0.264404296875 -0.146041870117188
-0.0345039367675781 0.00883102416992187 0.053009033203125 -0.329345703125
-0.0422248840332031 -0.0102767944335938 -0.0654449462890625 0.263107299804688
0.00318741798400879 -0.00202393531799316 -0.280792236328125 0.00367736816406245
-0.00672340393066406 0.0188617706298828 -0.259765625 -0.46075439453125
0.0221614837646484 0.0108833312988281 0.231689453125 -0.6590576171875
0.0323638916015625 0.0416679382324219 0.80499267578125 -0.102783203125
0.0587921142578125 0.0939712524414063 0.664794921875 0.602294921875
0.038482666015625 0.161331176757813 0.0994873046875 0.485137939453125
0.01580810546875 0.19732666015625 0.0512237548828125 -0.123497009277344
0.101188659667969 0.115242004394531 -0.3896484375 -0.5675048828125
0.0877532958984375 0.00305938720703125 -0.9200439453125 -0.0808715820312501
0.0232315063476563 -0.0149631500244141 -0.4779052734375 0.67242431640625
-0.0104179382324219 0.00497531890869141 0.2501220703125 0.602294921875
-0.0162582397460938 0.0187301635742188 0.416290283203125 0.17938232421875
-0.00678062438964844 0.0240211486816406 0.246627807617187 -0.2060546875
-0.0264778137207031 0.00508880615234375 0.041748046875 -0.329620361328125
-0.0255260467529297 -0.0147724151611328 -0.070770263671875 0.255722045898438
0.0159912109375 -0.00439834594726563 -0.274215698242188 -0.041046142578125
0.0010986328125 0.0202350616455078 -0.18280029296875 -0.50830078125
0.00608634948730469 0.0180168151855469 0.370361328125 -0.60931396484375
-0.00595474243164063 0.0338668823242187 0.83203125 0.0787353515625
0.0217704772949219 0.0601387023925781 0.5294189453125 0.73394775390625
0.0228347778320312 0.0962142944335937 0.017547607421875 0.45880126953125
0.0245285034179688 0.115768432617188 0.038604736328125 -0.18780517578125
0.07196044921875 0.0569000244140625 -0.4815673828125 -0.532928466796875
0.0374183654785156 -0.0100669860839844 -0.91522216796875 0.0738525390624999
-0.00455856323242188 -0.00193929672241211 -0.33782958984375 0.72149658203125
-0.00815200805664063 0.0121088027954102 0.344390869140625 0.518798828125
-0.00401687622070313 0.0162906646728516 0.42852783203125 0.084442138671875
0.00727558135986328 0.0170249938964844 0.227737426757812 -0.247940063476563
-0.0133724212646484 -0.00424480438232422 0.0328369140625 -0.328216552734375
-0.00857353210449219 -0.0212688446044922 -0.0716705322265625 0.253387451171875
0.0262355804443359 -0.00916671752929688 -0.265289306640625 -0.060699462890625
0.00784873962402344 0.0215187072753906 -0.134765625 -0.5242919921875
-0.0144062042236328 0.0191173553466797 0.4443359375 -0.56854248046875
-0.0471611022949219 0.00996780395507812 0.8328857421875 0.18206787109375
-0.00796651840209961 -0.0065159797668457 0.44244384765625 0.800537109375
0.0263442993164063 0.00186538696289063 -0.028961181640625 0.446441650390625
0.0339431762695312 0.0123214721679688 0.030731201171875 -0.214736938476563
0.0235366821289062 -0.00106239318847656 -0.524078369140625 -0.505340576171875
-0.014164924621582 -0.0097818374633789 -0.8951416015625 0.15081787109375
-0.025970458984375 0.0152301788330078 -0.2581787109375 0.73699951171875
-0.00386524200439453 0.0152006149291992 0.39068603515625 0.467315673828125
0.00861835479736328 0.00956153869628906 0.43060302734375 0.03314208984375
0.0217475891113281 0.00681877136230469 0.215728759765625 -0.270919799804688
0.00459384918212891 -0.0137672424316406 0.02911376953125 -0.32757568359375
0.00753211975097656 -0.0259304046630859 -0.06585693359375 0.255706787109375
0.0355148315429688 -0.0179405212402344 -0.2611083984375 -0.05316162109375
0.0155353546142578 0.019439697265625 -0.13275146484375 -0.516021728515625
-0.0301322937011719 0.0185050964355469 0.444091796875 -0.56439208984375
-0.0844192504882813 -0.014923095703125 0.8358154296875 0.18194580078125
-0.036865234375 -0.0800857543945313 0.44378662109375 0.80224609375
0.0342178344726562 -0.100448608398437 -0.03546142578125 0.45758056640625
0.0415725708007813 -0.0957870483398438 0.02978515625 -0.201187133789063
-0.0280342102050781 -0.057098388671875 -0.51654052734375 -0.500457763671875
-0.0645637512207031 -0.00781631469726561 -0.890869140625 0.14691162109375
-0.0467338562011719 0.0316886901855469 -0.25555419921875 0.7353515625
-0.00166797637939453 0.0174531936645508 0.395904541015625 0.470916748046875
0.0206394195556641 0.000741958618164063 0.434356689453125 0.02984619140625
0.0343914031982422 -0.0048370361328125 0.214630126953125 -0.274169921875
0.0232524871826172 -0.0243988037109375 0.029632568359375 -0.329498291015625
0.0197238922119141 -0.0323486328125 -0.0569915771484375 0.263595581054688
0.0401763916015625 -0.0290107727050781 -0.2601318359375 -0.0204162597656251
0.0244674682617187 0.0127105712890625 -0.178253173828125 -0.483734130859375
-0.0347328186035156 0.0196285247802734 0.37249755859375 -0.6015625
-0.115898132324219 -0.0243606567382812 0.8382568359375 0.07244873046875
-0.0791473388671875 -0.136146545410156 0.52728271484375 0.74371337890625
0.0232086181640625 -0.190994262695313 0.00115966796875003 0.4935302734375
0.0462646484375 -0.191085815429688 0.0338287353515625 -0.150924682617187
-0.0697708129882813 -0.113998413085938 -0.461700439453125 -0.51873779296875
-0.10919189453125 -0.017242431640625 -0.89373779296875 0.0651245117187501
-0.0689315795898437 0.0413970947265625 -0.32696533203125 0.7174072265625
-0.00304222106933594 0.0192985534667969 0.358154296875 0.519256591796875
0.0278396606445312 -0.00655746459960937 0.4383544921875 0.07958984375
0.0431938171386719 -0.0142402648925781 0.225677490234375 -0.256362915039063
0.0393447875976563 -0.0315933227539063 0.03497314453125 -0.3321533203125
0.0289382934570313 -0.0384254455566406 -0.044830322265625 0.273651123046875
0.0403709411621094 -0.0418853759765625 -0.261978149414062 0.0329132080078124
0.0334262847900391 0.00110816955566406 -0.2503662109375 -0.422821044921875
-0.0269317626953125 0.0205249786376953 0.231201171875 -0.64483642578125
-0.130088806152344 -0.0103073120117187 0.807861328125 -0.111083984375
-0.130264282226563 -0.1473388671875 0.661376953125 0.6092529296875
-0.013580322265625 -0.244476318359375 0.083953857421875 0.5322265625
0.04815673828125 -0.260772705078125 0.04351806640625 -0.069091796875
-0.0866546630859375 -0.171463012695313 -0.36688232421875 -0.543243408203125
-0.138664245605469 -0.0442657470703125 -0.88824462890625 -0.08935546875
-0.0934066772460938 0.0387496948242188 -0.46197509765625 0.65997314453125
-0.0103797912597656 0.0232067108154297 0.27093505859375 0.60247802734375
0.0318489074707031 -0.0109844207763672 0.430755615234375 0.170074462890625
0.0463790893554688 -0.0201835632324219 0.246688842773437 -0.217483520507812
0.0500526428222656 -0.0354957580566406 0.04443359375 -0.334442138671875
-0.0648193359375 -0.00205230712890624 -0.042999267578125 0.28131103515625
-0.019561767578125 -0.0029449462890625 -0.266555786132813 0.137069702148438
-0.0226306915283203 0.0156631469726563 -0.40203857421875 -0.2677001953125
0.0254402160644531 -0.0129165649414062 -0.12542724609375 -0.643798828125
0.0650062561035156 0.0103645324707031 0.586181640625 -0.48529052734375
0.106468200683594 0.0623092651367188 0.87200927734375 0.1812744140625
0.095855712890625 0.169235229492188 0.336334228515625 0.503326416015625
0.00209045410156252 0.255294799804688 0.0847015380859375 0.0704421997070313
0.079803466796875 0.1993408203125 -0.11834716796875 -0.58154296875
0.131851196289062 0.0704421997070313 -0.77978515625 -0.50958251953125
0.0765914916992188 -0.00920867919921875 -0.80401611328125 0.38641357421875
-0.00233554840087891 -0.0130891799926758 -0.071533203125 0.73455810546875
-0.0231227874755859 0.0119991302490234 0.318145751953125 0.41851806640625
-0.0227413177490234 0.0194740295410156 0.275665283203125 -0.0777740478515625
-0.0353279113769531 0.00727462768554688 0.06207275390625 -0.325714111328125
-0.0564651489257812 -0.00460815429687501 -0.0535736083984375 0.274139404296875
-0.00991630554199219 -0.00199699401855469 -0.27935791015625 0.0694732666015625
-0.0150337219238281 0.0161123275756836 -0.343994140625 -0.375396728515625
0.0284881591796875 -0.00174522399902344 0.051025390625 -0.67864990234375
0.0585174560546875 0.0306015014648438 0.7230224609375 -0.3123779296875
0.0934295654296875 0.09088134765625 0.79815673828125 0.4041748046875
0.06982421875 0.18585205078125 0.213623046875 0.506439208984375
0.00799560546875003 0.247543334960938 0.0680961608886719 -0.0331306457519531
0.105255126953125 0.168136596679687 -0.26275634765625 -0.5931396484375
0.122703552246094 0.031494140625 -0.88916015625 -0.28680419921875
0.0529861450195312 -0.0189590454101562 -0.6490478515625 0.56787109375
-0.0092763900756836 -0.00440502166748047 0.11181640625 0.68719482421875
-0.0227413177490234 0.0177783966064453 0.3841552734375 0.2962646484375
-0.0179309844970703 0.0245437622070313 0.263992309570312 -0.148544311523437
-0.0346660614013672 0.0084686279296875 0.049163818359375 -0.331329345703125
-0.04315185546875 -0.00907897949218751 -0.0629730224609375 0.265090942382813
0.00355434417724609 -0.00203037261962891 -0.283203125 0.00637817382812494
-0.00649261474609375 0.0188846588134766 -0.26513671875 -0.46124267578125
0.0224761962890625 0.0100574493408203 0.2283935546875 -0.6629638671875
0.0315780639648438 0.042022705078125 0.80767822265625 -0.10601806640625
0.0600814819335938 0.0944442749023438 0.671142578125 0.6007080078125
0.039337158203125 0.161346435546875 0.101959228515625 0.48858642578125
0.016845703125 0.197998046875 0.052093505859375 -0.123443603515625
0.102973937988281 0.115745544433594 -0.392333984375 -0.56915283203125
0.0872421264648438 0.0015869140625 -0.927001953125 -0.0753173828125002
0.0228538513183594 -0.0154170989990234 -0.476318359375 0.681396484375
-0.0102071762084961 0.00495433807373047 0.25811767578125 0.60357666015625
-0.0153484344482422 0.0194873809814453 0.419952392578125 0.17791748046875
-0.006103515625 0.0239658355712891 0.24591064453125 -0.208541870117188
-0.0267543792724609 0.00443458557128907 0.038726806640625 -0.332489013671875
-0.0259380340576172 -0.0151214599609375 -0.06842041015625 0.258209228515625
0.0157070159912109 -0.00450325012207031 -0.276611328125 -0.0378570556640625
0.00149154663085938 0.0207309722900391 -0.1873779296875 -0.510498046875
0.00604248046875 0.0178298950195313 0.3687744140625 -0.61376953125
-0.00553703308105469 0.0350837707519531 0.8353271484375 0.076416015625
0.022857666015625 0.0600433349609375 0.53594970703125 0.734619140625
0.0225906372070313 0.0970001220703125 0.019287109375 0.46124267578125
0.0261611938476562 0.114425659179688 0.0386810302734375 -0.187820434570312
0.0730819702148438 0.0571975708007813 -0.48388671875 -0.53167724609375
0.0381546020507812 -0.0106697082519531 -0.919921875 0.07818603515625
-0.00403332710266113 -0.00158476829528809 -0.33294677734375 0.73046875
-0.00783729553222656 0.0114297866821289 0.351165771484375 0.51873779296875
-0.00327682495117187 0.0171709060668945 0.433197021484375 0.081695556640625
0.00748443603515625 0.0168304443359375 0.225784301757813 -0.251052856445313
-0.0132827758789063 -0.00437545776367188 0.030609130859375 -0.3310546875
-0.00864982604980469 -0.0203571319580078 -0.0696868896484375 0.254562377929688
0.026702880859375 -0.00931358337402344 -0.268035888671875 -0.0583648681640625
0.00818443298339844 0.0213565826416016 -0.13885498046875 -0.52532958984375
-0.0142135620117187 0.0185127258300781 0.443115234375 -0.57342529296875
-0.0471153259277344 0.0113945007324219 0.83782958984375 0.1802978515625
-0.00830602645874023 -0.00485467910766601 0.44873046875 0.80084228515625
0.0257911682128906 0.00127792358398438 -0.02691650390625 0.448394775390625
0.0341987609863281 0.0119819641113281 0.0307769775390625 -0.215911865234375
0.0243167877197266 -0.00084686279296875 -0.52911376953125 -0.502777099609375
-0.0139265060424805 -0.0103559494018555 -0.8973388671875 0.157958984375
-0.0264511108398437 0.0166969299316406 -0.255859375 0.74395751953125
-0.00319004058837891 0.0151910781860352 0.396026611328125 0.468292236328125
0.00864601135253906 0.00956153869628906 0.434234619140625 0.03143310546875
0.0221366882324219 0.0058135986328125 0.214035034179688 -0.27410888671875
0.00522804260253906 -0.0150699615478516 0.027069091796875 -0.331207275390625
0.006622314453125 -0.0260105133056641 -0.0640106201171875 0.257125854492188
0.0342788696289063 -0.0186519622802734 -0.2620849609375 -0.0512542724609375
0.0152339935302734 0.0197467803955078 -0.138153076171875 -0.51678466796875
-0.0304450988769531 0.0188274383544922 0.444091796875 -0.571533203125
-0.0861434936523437 -0.0140151977539063 0.841552734375 0.17852783203125
-0.0375137329101562 -0.0806961059570313 0.4473876953125 0.8038330078125
0.0327529907226563 -0.102249145507813 -0.03369140625 0.4605712890625
0.0413360595703125 -0.09637451171875 0.029144287109375 -0.202285766601563
-0.0282478332519531 -0.057525634765625 -0.52264404296875 -0.499969482421875
-0.0648040771484375 -0.00770950317382813 -0.89251708984375 0.1536865234375
-0.0470046997070313 0.0330696105957031 -0.25042724609375 0.74169921875
-0.00138282775878906 0.0177726745605469 0.4019775390625 0.46923828125
0.0210666656494141 0.000820159912109375 0.437744140625 0.027587890625
0.0347652435302734 -0.00577735900878906 0.212249755859375 -0.277114868164063
0.0226325988769531 -0.0252704620361328 0.026611328125 -0.331451416015625
0.0189342498779297 -0.0314388275146484 -0.0545501708984375 0.265060424804688
0.0398216247558594 -0.0297012329101563 -0.261505126953125 -0.0184783935546874
0.0256404876708984 0.012420654296875 -0.181793212890625 -0.484283447265625
-0.0358390808105469 0.0199394226074219 0.3707275390625 -0.6072998046875
-0.1165771484375 -0.0231170654296875 0.8458251953125 0.0667724609375
-0.0804519653320313 -0.135894775390625 0.53271484375 0.744140625
0.0210113525390625 -0.19158935546875 0.00228881835937505 0.4940185546875
0.045257568359375 -0.193023681640625 0.0342254638671875 -0.15142822265625
-0.0703353881835938 -0.115127563476563 -0.46795654296875 -0.51751708984375
-0.109580993652344 -0.0167312622070312 -0.8980712890625 0.07232666015625
-0.069244384765625 0.0426177978515625 -0.322998046875 0.72430419921875
-0.003448486328125 0.0206108093261719 0.3648681640625 0.51953125
0.0293636322021484 -0.00694084167480469 0.44110107421875 0.0758056640625
0.0439109802246094 -0.0155754089355469 0.224517822265625 -0.259780883789062
0.0396194458007813 -0.0324745178222656 0.0322265625 -0.33453369140625
0.0279731750488281 -0.038665771484375 -0.0427703857421875 0.274505615234375
0.039794921875 -0.0431404113769531 -0.262710571289063 0.0345001220703125
0.0340900421142578 0.00105094909667969 -0.25579833984375 -0.42236328125
-0.0280990600585938 0.0218925476074219 0.2308349609375 -0.64862060546875
-0.130973815917969 -0.00913238525390623 0.8131103515625 -0.11614990234375
-0.1314697265625 -0.147705078125 0.669189453125 0.61138916015625
-0.01568603515625 -0.244400024414062 0.0865478515625 0.533966064453125
0.047149658203125 -0.262481689453125 0.0430908203125 -0.0713729858398438
-0.0877685546875 -0.171234130859375 -0.37158203125 -0.546051025390625
-0.140426635742188 -0.0438308715820313 -0.89361572265625 -0.0841064453125
-0.0943832397460938 0.0399703979492187 -0.45904541015625 0.66815185546875
-0.0114402770996094 0.0225582122802734 0.27685546875 0.604248046875
0.0317707061767578 -0.011932373046875 0.4342041015625 0.168701171875
0.0467720031738281 -0.0218620300292969 0.24603271484375 -0.221649169921875
0.0500564575195313 -0.0359001159667969 0.042755126953125 -0.337493896484375
0.0321016485591766 0.0212988665801425 -0.258898052226263 0.105725441977161
0.0325482160208683 0.000619945458706035 -0.250331888842921 -0.190626253156334
0.069414054814174 0.0239148468469492 0.0472565258380681 -0.523308175570423
-0.0114267008229877 0.0394534745480652 0.52598125778072 -0.411624169729278
-0.0896453163018867 -0.000629682513213117 0.757396940715796 0.298371986283893
-0.100445388051486 -0.153457852694937 0.183716685517545 0.871521187755261
0.0852114357921147 -0.200617905034877 -0.398286802138987 0.467840725701336
0.181364596464553 -0.162299535870833 -0.0527135779686022 0.102715824901855
0.123546646413074 -0.138556584137561 0.477309486429232 -0.343748126147371
0.0253254726078469 -0.131408498598411 0.068489468684935 -0.891618609786563
-0.0151058115187315 -0.0632473108529197 -0.739035469666902 -0.566323030157447
-0.00312488614205618 -0.0311516869377577 -0.713161001300541 0.274951294290933
0.0104833894457327 -0.0272104119731283 -0.179879755359496 0.482792946605954
0.0119728809799856 0.00852132869443737 0.197330298923199 0.202133245736164
0.0215241455979107 0.0401613286833548 0.290282304708292 -0.138563104943203
0.0272055617753215 0.0164301055423915 -0.260232961758205 0.0941267064393948
0.0291245765715815 -0.00329021108624307 -0.193614867712418 -0.233520110662981
0.0637473312941923 0.0282585114775971 0.178595627973542 -0.521401788371241
-0.0188209010224434 0.0349241528645136 0.639381823125165 -0.268015074329545
-0.0858582280832704 -0.0245306134977716 0.665212428283365 0.515324843949508
-0.0587182117995584 -0.181192210338425 -0.05091536668042 0.892185086903638
0.119948553198585 -0.184506386755198 -0.438323237932679 0.345518708507343
0.173611463460753 -0.154823018643219 0.0402281062872668 0.0409934026806471
0.0924821948467225 -0.139843923331582 0.432861296899739 -0.478598713718898
0.00308337564371287 -0.11460439682891 -0.166984361557066 -0.881630181812045
-0.0126939498487306 -0.0493602140590805 -0.83472344754923 -0.338459777517003
-0.00198148175961811 -0.0278941369922747 -0.58553710934166 0.421094203278635
0.00815355530053037 -0.0250463819352024 -0.0441692218062674 0.472994447831516
0.013596971747488 0.00579055831178038 0.253472044184366 0.157385719741058
0.0224555348557168 0.0380810159101303 0.288156753496501 -0.150134252113449
0.0189449238848883 0.00849191531061743 -0.257337560157643 0.082730247019687
0.0226896047675946 -0.0074741639604554 -0.136716847800448 -0.26373584233575
0.0564703332206807 0.0299996364669056 0.298062817768711 -0.489322089481581
-0.0186591241562571 0.0332882988891029 0.706693311612838 -0.100355415122313
-0.0699035569406049 -0.0335997080842151 0.518867462582909 0.699760505522845
-0.0191489683761176 -0.175111169474944 -0.279636630550181 0.855845184058079
0.120745612492883 -0.144121626539595 -0.451586816929872 0.232879477400731
0.133303169988326 -0.125087330208561 0.125909875911722 -0.0112163614051489
0.0570588528182487 -0.10790802756996 0.363115974552188 -0.58727087827579
-0.000144022289687677 -0.080424307176416 -0.357683371449062 -0.821911023352813
0.00193012552984368 -0.0352318688723623 -0.859950005548631 -0.127616118252552
-0.000889514891347039 -0.0290324552520315 -0.442480168410872 0.517322705380413
-0.000577226045590663 -0.0240598422731597 0.0729255719657591 0.440360891013055
0.00724303934706683 0.000990104686424976 0.296354649772631 0.113360515367619
0.0154200611096228 0.0348116498377332 0.281691840629812 -0.159426151014325
0.00615309371300748 -0.00140248494004949 -0.254664633829651 0.0757008319114152
0.013469383971708 -0.0121312634583818 -0.0932153665150621 -0.27583710900846
0.0468312207305294 0.0289879476463539 0.3839275341956 -0.437470618679152
-0.0131757481701433 0.0396112498442759 0.729208168024173 0.0437737624959096
-0.0524737693888514 -0.0171467257671189 0.366566330809593 0.81685635118977
-0.00677362074007295 -0.137582957046846 -0.449399325050206 0.786441956749022
0.0750057540781655 -0.0950422104949737 -0.445386598492927 0.153812332251819
0.0680232069838366 -0.0762947943465687 0.188663285553765 -0.0475857981507612
0.0278771225988124 -0.0490398798913473 0.301600322315695 -0.655424968428516
0.0178724379303239 -0.0416606037450208 -0.480866038844685 -0.747214103255196
0.0237308000846441 -0.0274588685271914 -0.836747362301386 0.0215001172164531
-0.00308124698766038 -0.0313051863284886 -0.320190081577839 0.565481045897796
-0.0133755306909584 -0.0235682626776036 0.157344255148455 0.401263893094944
-0.00542349704656582 -0.00383754338189172 0.323266897486491 0.0781929590928965
0.00283700841294627 0.0279931518570474 0.274857357663533 -0.164090079081637
-0.00690894179629875 -0.0121673155676611 -0.253917612084888 0.0761544217283001
0.00279045661190089 -0.0160438537547249 -0.0708266014276701 -0.274973380827424
0.0409810157818505 0.0257316348101938 0.42169030610891 -0.397426251975716
-0.00547176507712078 0.0536181302226689 0.729408028692108 0.12685681149673
-0.0429656436768153 0.0193767890982483 0.275050272071779 0.870052290080954
-0.031284326025173 -0.0789155723300317 -0.533976729301453 0.736953506579207
-0.0083542767987768 -0.0498123036358526 -0.438882949178856 0.118677171997485
-0.0122146331714981 -0.0174059764416281 0.220931296376196 -0.0622963606992032
0.00810241229273525 0.0236414332392097 0.267515809147075 -0.685354162931
0.0483806997703188 -0.00370346962717891 -0.533823220043864 -0.700047770323615
0.0479838295217861 -0.0240639896957585 -0.813578081046066 0.101399144190291
-0.00492873357970308 -0.0343924289555509 -0.253584467646032 0.585545639202521
-0.0290673183069304 -0.0239433278472556 0.20124070755641 0.376964562709099
-0.0209454932943377 -0.00713550037432275 0.336460064367653 0.0587594759567806
-0.0134577954589218 0.019422757597907 0.269338610771712 -0.165469557877087
-0.0202089683208761 -0.0218750425275678 -0.253108934868113 0.0857751258947845
-0.00991051320291349 -0.0180187679696926 -0.0749995737790523 -0.263533233399961
0.0334603155938619 0.0185601470421812 0.413562082071297 -0.390007284187942
0.00517757778646542 0.0678013366717246 0.72960353085149 0.124453944885083
-0.0351750002551778 0.0664182465356941 0.283118465010672 0.870191092321948
-0.0707174564701023 -0.0104428007196943 -0.526633661242099 0.73796580069206
-0.105006147721053 -0.00543250446843608 -0.443677883078568 0.128369650957725
-0.0971827982760091 0.0426414194170998 0.215614065735053 -0.0517919720348225
-0.0125801499836231 0.100812557731252 0.274128910217409 -0.676401304791754
0.0807736496185721 0.0347241940006701 -0.522041566322236 -0.700636716932611
0.0727988634326047 -0.019952736755554 -0.80766783236264 0.0995650793607605
-0.00469027279210333 -0.0375925050581288 -0.251881736732654 0.589170041322086
-0.0434401073315443 -0.0252591952491821 0.203664044838289 0.380063710768326
-0.0364018841833402 -0.00976396120013934 0.33731799457971 0.0582256855715953
-0.0294382523461607 0.0100285473628714 0.268644033882391 -0.16538558468076
-0.0327757432268364 -0.0303208245034986 -0.255828173115707 0.0994837330230961
-0.0230511932816978 -0.0170073504180892 -0.103929688872163 -0.246009937249904
0.0256206911242609 0.0110903849591563 0.360067862068398 -0.411613622049172
0.016710768227855 0.0732924116231501 0.727338560732037 0.0380650316592902
-0.0197459340293566 0.106265680737326 0.392362539778614 0.808616026254721
-0.0982192051915969 0.0598482658465492 -0.42606198648057 0.790146149265397
-0.181820058209598 0.0468354064715748 -0.45569152327244 0.188171103733958
-0.171503182283411 0.0946302721973051 0.177708574176388 -0.020316030408376
-0.0437535282106348 0.168790436868029 0.319915884073568 -0.63068576970984
0.103091099883447 0.0803330035811123 -0.447164905304321 -0.745857255867568
0.0981774586828333 -0.00780295431008692 -0.822177021867953 0.021049402382412
0.00107294684011518 -0.0403648040913795 -0.316120073485456 0.576802896788297
-0.0524476288148884 -0.0285623067749115 0.167038998080366 0.4083715669606
-0.0497486174298557 -0.0117110321627173 0.327402922728111 0.0778619600975716
-0.0430899426741303 0.000762155448647925 0.273006637595656 -0.16058722913027
-0.0437519945631467 -0.0350712989509515 -0.257367139690966 0.11599936994008
-0.0350620618714928 -0.014778159076248 -0.153471673146874 -0.219320167207158
0.0163094879765731 0.00323282275012441 0.266496767371542 -0.447190516230927
0.0252472770000297 0.0677101879965181 0.698264336121673 -0.107776681561664
0.0068278393939022 0.124942783303904 0.542788500956224 0.678087079032982
-0.0913191267636947 0.118214924764108 -0.243057762962297 0.846754092611163
-0.215777425925554 0.104879489100385 -0.456058880604221 0.281798756661318
-0.224109879763978 0.130117984985974 0.10958577485088 0.0283975982053858
-0.0898476145294417 0.214360631844815 0.388453122705483 -0.548158766233907
0.102889532081063 0.131190779370794 -0.306200555016127 -0.808634793559168
0.11901841871995 0.0167618816205467 -0.82966144537436 -0.134091642473954
0.0135280989380761 -0.0393682568878115 -0.433530757795909 0.533868527235462
-0.0557569812136706 -0.03388661426853 0.0866224129252692 0.453181189598113
-0.0576465468184982 -0.0126517452879425 0.302261760771902 0.115241787668831
-0.0521780803563569 -0.00598408001374079 0.28004311380412 -0.15428275574035
