TRXV5
3
4
4
9
string Extension=J
integer IsArchMeasurement=1
integer IsSpherical=1
string Generator=SPM
string GeneratorVersion=1.3.1 Dev
double ArchRadius=0.449999988079071
integer FrequencyAxisIndex=0
integer AzimuthAxisIndex=1
integer ElevationAxisIndex=2
Frequency
5 201 800000000 900000000 LIN
Azimuth
7 8 0 2.74889357189107 LIN
Elevation
7 15 -2.74889357189107 2.74889357189107 LIN
Polar H Real Part
13
Polar H Imaginary Part
14
Polar V Real Part
13
Polar V Imaginary Part
14
Polar H Magnitude (dB)
12 0xC0000002 0 1
Polar H Phase
7 0xC0000003 0 1
Polar V Magnitude (dB)
12 0xC0000002 2 3
Polar V Phase
7 0xC0000003 2 3
-0.0039670103090485 -0.0155874023183169 -0.157887877238094 0.136124246542875
0.0177776231611645 -0.00871310938386557 -0.0493307389412759 -0.162004161579722
0.037527393421238 0.00528141239265568 0.304336892475904 -0.256951723175013
-0.00825593214825938 0.0024896350857005 0.494874852548549 0.206385518624645
-0.0506655143420693 -0.0266377543748667 0.0278237735184723 0.818459957204809
-0.0230294797662648 -0.0912777708822386 -0.776119896318818 0.560724047523463
0.00246708288769572 -0.0587498766455573 -0.67907349510546 -0.162092222768026
0.00123364630830502 -0.0340366438570881 -0.0938313096038143 0.0575821908322177
-0.0479811370302731 -0.00914054198138727 0.678236314654402 0.25355783099293
-0.00548383365306846 0.0213310363910893 0.787733658262119 -0.506762721639809
0.0226988440157899 0.0115240822689723 -0.0566364455732053 -0.866303292272768
0.0354612227539724 -0.0254624614850604 -0.581055221485256 -0.226543484921836
0.0220328437156678 -0.0485945268798534 -0.313280194680833 0.236556473493191
0.0136117353119106 -0.0134060804538802 0.0653497605980995 0.136962531742161
0.00535156107570207 0.00652999629125044 0.165108741601123 -0.175639653693145
-0.00604612373635044 -0.0191922561689306 -0.156965383821689 0.138846166880808
0.0162769768755133 -0.0119663448463765 -0.0424506698878249 -0.161223262855671
0.037087613916675 0.00575770563996377 0.318311921086832 -0.251275788653576
-0.0044138869306277 0.00517506382907434 0.494142901946754 0.213731952750986
-0.0473355592833885 -0.0244241115153365 0.0050338195194197 0.811968880253044
-0.0237355718335535 -0.0915908081405907 -0.793272912208171 0.533609000278745
-0.00321431497303506 -0.0656666008492418 -0.675830952974847 -0.179825454607241
-0.00547419407690181 -0.043342915709023 -0.0898238529518653 0.0583158618972792
-0.0544698420854583 -0.0159532922017153 0.680725937424162 0.239308893978024
-0.00700887196267248 0.0212512531885432 0.770039285109682 -0.53116107182669
0.0276819021149312 0.0141335850384838 -0.0782283853068513 -0.869458189670067
0.040027916930824 -0.0231760689699032 -0.579554072508908 -0.216319823097457
0.0221870465575563 -0.0474869615494169 -0.298194689692705 0.240160734504499
0.0139195176793942 -0.0146045115785859 0.0747345814498198 0.138195397592431
0.00391808895960272 0.00412627264541372 0.168377222869625 -0.173351898990928
-0.0100380947137871 -0.0220317189736785 -0.152974920472939 0.142674685671388
0.0103615146407475 -0.0131039615532694 -0.0352011815193971 -0.157633660029122
0.0344291482421954 0.00795109441060926 0.326759674523291 -0.246488824837617
-0.00375895354420628 0.0115045421985244 0.496001195992031 0.219150214861635
-0.043958537137054 -0.0191139241553924 -0.012200199930127 0.808450635088141
-0.0261088820034997 -0.0889027536479264 -0.808628366082737 0.512147463861862
-0.010948438597993 -0.0708950535300343 -0.675789799299052 -0.193248841039269
-0.0139035010810837 -0.0518495277985464 -0.0882446564170638 0.0559678559869376
-0.0615472230976026 -0.0195124283040455 0.68200728968641 0.223902120335334
-0.00730765718333784 0.0247253109555453 0.755224875918131 -0.553270993973478
0.033191934273183 0.0195487465370595 -0.0962074009337562 -0.875011291502092
0.0433959867925432 -0.0173719400333535 -0.577176807034989 -0.211545457845907
0.0203934678017229 -0.0449171094463052 -0.288098942582481 0.243090636343553
0.00909214257565713 -0.0153397453780419 0.0811738123148508 0.139126998546147
-0.000116224139859833 0.00168026120611121 0.168098521048113 -0.171759131414929
-0.0187113630915595 -0.0244889529614254 -0.153066226785125 0.147114576666364
0.00385342773545813 -0.0130713239500154 -0.0309501529547622 -0.153565204848876
0.0289646948675024 0.0127701150466375 0.333177606608668 -0.244950326144232
-0.00288522273814797 0.0205328766528843 0.49882465030221 0.219179875715095
-0.0407315416519011 -0.00916041079787509 -0.0144146060177837 0.801432092860754
-0.0278368346870742 -0.0833903442418869 -0.814208531518864 0.495180568989778
-0.0162229024463687 -0.0737365750846936 -0.67916008724701 -0.206118102069506
-0.0215654099036909 -0.0584677613476579 -0.0902582819177564 0.049597441103516
-0.0678264254219066 -0.0203547940284805 0.67889760635931 0.212794566188345
-0.00784694043775415 0.0315544811825677 0.749548777750738 -0.564532228026151
0.0372223827429257 0.0294279390511403 -0.102265382375947 -0.879587150726096
0.0446890654815264 -0.00837344591542414 -0.575818442870071 -0.205137687348605
0.0141022973438034 -0.0404920971541472 -0.281010137246905 0.248534856224016
0.00288172888680154 -0.0160188333868633 0.0849881736648263 0.142932270591932
-0.00758221274655315 -0.000606285801074288 0.171588721898934 -0.165817410078756
-0.0282390300769488 -0.0258601560131111 -0.152695804425867 0.151233870894503
-0.00466529806052276 -0.0118960734041126 -0.0316625957905047 -0.148991316845868
0.0216342016217632 0.0180862831437617 0.337211469395264 -0.242059298444087
-0.00459998984645055 0.0310455855674834 0.502457027108765 0.216213338510846
-0.0380171332097139 0.000596766554203428 -0.0131543705323852 0.794636952574345
-0.0290089611338115 -0.0748411498573929 -0.811906107600791 0.489653113470538
-0.0222620105974807 -0.0734733179812493 -0.682526198099335 -0.211385630268785
-0.0272387388342634 -0.0614924990900662 -0.0955166398655884 0.0415335486780808
-0.0725461267028111 -0.0187712425441797 0.674594573199146 0.206267129130762
-0.00869181182755497 0.0401351940090858 0.747078869146836 -0.571110744317475
0.039358011753562 0.0401757813488338 -0.0987121856298225 -0.885828393202863
0.0416671032188462 0.00142737917358657 -0.571338543933936 -0.207680861305819
0.00772161391268584 -0.0348580518715518 -0.280402787535537 0.250275524030521
-0.00541785694762722 -0.016215915759913 0.0842647948782217 0.146479929871392
-0.0157236497769005 -0.00267141636096271 0.170147137918974 -0.16135463908172
-0.0379110454785062 -0.0254491539613974 -0.153480374813411 0.155193275426471
-0.0127820910698588 -0.00934927152627271 -0.0337348330723155 -0.145328177707324
0.0129748098171057 0.0250099153435673 0.333976641512827 -0.242462427482359
-0.00795547227653445 0.0401736604012913 0.507881068262841 0.21071900676216
-0.0356429250454426 0.0123792803059745 0.00158291378394913 0.787537754147694
-0.0296693719614035 -0.0659382025055373 -0.803499963242135 0.492677921768164
-0.0256097808729162 -0.0694748705156366 -0.685763893766213 -0.213383435922628
-0.0319019851690641 -0.0614869530369432 -0.10356931263564 0.033424815528071
-0.0758332747013226 -0.0152171848048198 0.667720256672439 0.208539959159879
-0.00932268340746299 0.0490381399797453 0.75351821663523 -0.564213210845748
0.0396645729572398 0.051326712693578 -0.0827820299889998 -0.890497834370022
0.0371073623596256 0.010171291739027 -0.570184411914116 -0.213748522257504
-0.00180414545563088 -0.0289197126086328 -0.284896423665032 0.250866686799165
-0.0136859409469751 -0.0141288571258232 0.0809865158363289 0.150134529590903
-0.0236096734572435 -0.00328019392717955 0.16857546784226 -0.157000963342852
-0.0461913762798107 -0.0236367163674622 -0.154009170391435 0.157411664498579
-0.0194970173119265 -0.00602708619803832 -0.0401978402962302 -0.142095779679492
0.00499210383928959 0.0298920686210369 0.327594060351916 -0.242068319696323
-0.0122077781673647 0.048305308507319 0.513004433514231 0.202585724455904
-0.0356288358863036 0.0218551922681058 0.0232684640495267 0.785692877070478
-0.0295760224924409 -0.0554341663383852 -0.79068369066458 0.504650166625565
-0.0268443099906769 -0.0630097915464033 -0.69147371691646 -0.20929489963697
-0.0323495692917255 -0.0578223997276156 -0.113147752722509 0.0243067897665409
-0.0767381330664149 -0.0102358551591319 0.660743455330779 0.214590224263036
-0.00975089023891935 0.0578695144558228 0.769046269638227 -0.546573894347811
0.0371291209699895 0.0595034920744356 -0.0624260796697485 -0.893125878024949
0.0320848753911437 0.0176428539337482 -0.568562645194172 -0.221937890414111
-0.00836527542619682 -0.0237088284590759 -0.294757333974583 0.249485470796884
-0.0201010655520577 -0.012023462865538 0.0738856730688637 0.153559212781118
-0.0309400267948288 -0.00280428785964981 0.167174657716052 -0.153379296444139
-0.0513029769427283 -0.0217237110949589 -0.155858845029823 0.159259947950839
-0.0240967888778478 -0.00274189638214765 -0.0480444690970689 -0.138948482695711
-0.00280843877410091 0.0345967786069588 0.318056717756307 -0.243727476233143
-0.018750623521964 0.05221142847256 0.515731994622714 0.194418204626905
-0.0371353939262861 0.0279877720825951 0.0470733741169055 0.783639203697431
-0.0292609850915673 -0.0472335307425703 -0.768048339784804 0.526747436508101
-0.0248811957274777 -0.0546119925004098 -0.696193213009784 -0.198107459460706
-0.0294145862854652 -0.0517435780994947 -0.121771877512276 0.0158722278770439
-0.0739295610031088 -0.00436749082450917 0.651851142909874 0.227084656416616
-0.0105552740463969 0.0628453412121699 0.787555350414202 -0.523123422457976
0.0344384413192952 0.0657941198583366 -0.0324059519241453 -0.892706559918837
0.0262051694324928 0.0236124166290493 -0.565856981858897 -0.236688129033245
-0.0137011470938062 -0.0201035827362115 -0.309142107844136 0.246851633261628
-0.0249607464989309 -0.00893594651174842 0.0641733335698066 0.155192868455168
-0.0360083902321588 -0.00166724007512698 0.163946477917743 -0.151979604485103
-0.00421811890203411 -0.0150770815831668 -0.157500064717406 0.138312459081572
0.0167408238679263 -0.00917730341368582 -0.0520372135332681 -0.163658328404677
0.0370959252011102 0.0057431890010975 0.304339786553279 -0.261180426687503
-0.00852214620758796 0.00241657292792739 0.498295925250509 0.200829151518117
-0.0515404534050393 -0.0259009235062481 0.0371369113778593 0.823359942505661
-0.0245305203179161 -0.0902181064365302 -0.772365003821766 0.571277471849382
0.00144189982071406 -0.0591211225172763 -0.684606945119378 -0.155660811709133
0.000826097353021012 -0.0347078890322205 -0.0942656641907921 0.0594296424426279
-0.0478828923897812 -0.00862786354483368 0.6855207009983 0.248691443085341
-0.00531490262407697 0.0212203042676465 0.785316371188111 -0.519543166573369
0.0230851771830087 0.011582111125035 -0.0693357709423957 -0.870490671502698
0.035403600688695 -0.0256348797397722 -0.588820261220925 -0.218790503931326
0.0211291234850892 -0.0494471836492061 -0.313667702972903 0.243890177959053
0.0134254098061983 -0.0135004506797465 0.0676103352172827 0.137792643539595
0.00467620996913783 0.00690663855320831 0.163883486517596 -0.177999353951562
-0.00643752856924672 -0.0181506173837596 -0.155574177423881 0.140483868483227
0.0148020110360372 -0.0118585492541546 -0.0449385366281696 -0.161831701890033
0.0366519670151591 0.00511579373326508 0.315183831508617 -0.257008840431552
-0.00569127921555589 0.00607816343285171 0.499927264248031 0.208648839279169
-0.0464342201915019 -0.0238109308820396 0.0151705779972834 0.816843424606694
-0.0250280678540258 -0.0910809429556843 -0.792431848131476 0.544998567491759
-0.00456110924939527 -0.0644987850419046 -0.681095614973295 -0.174267550822065
-0.0060118681375439 -0.0433523503604376 -0.0899925419197744 0.060096759277734
-0.0538910072972573 -0.0158070017842694 0.686829988592731 0.232018294270187
-0.00694071699890542 0.0209771427612915 0.766283180781983 -0.542536917752481
0.0293559048587155 0.0139288019678977 -0.0923722405656666 -0.873847211129636
0.0409083144936485 -0.0238356687839626 -0.586461257554908 -0.20948386701127
0.0212783572690431 -0.0479916768643032 -0.29811737489248 0.245717454982159
0.012542855960604 -0.0153444923684943 0.0763680410635228 0.137999473234623
0.00339490764238192 0.00440195780606396 0.167792051467602 -0.175910936777091
-0.0109744607316323 -0.022564440200226 -0.153670464095542 0.144748151711425
0.00989427964934802 -0.0130187811003993 -0.0373954921322996 -0.157694144243461
0.0344481573112615 0.00767019091311389 0.32478494803373 -0.252335001413384
-0.00375387121230469 0.0129109758457219 0.501878274995362 0.212590090346077
-0.0436734678327861 -0.0181646580996888 -0.00136485789334923 0.81340739926305
-0.0274595602835415 -0.0888062665060374 -0.805093811042139 0.523302738874978
-0.011682423528073 -0.0702851441972568 -0.681878833352066 -0.187473895252355
-0.0145925091016629 -0.0517211580178966 -0.0881003511928574 0.0584925733701131
-0.0623614571162241 -0.0188441455116687 0.687689600996604 0.21729785399293
-0.00736798999810991 0.0243131004259887 0.752753962117078 -0.5641198994646
0.0332812362894397 0.0198571054394127 -0.10826379482063 -0.878190700967032
0.0441725483045526 -0.0179081552076398 -0.584696108068262 -0.204349281037885
0.019735463333917 -0.0459827687798957 -0.287637426677851 0.249887180442387
0.00815696350777102 -0.0159146616581754 0.082741839486447 0.139951698376114
1.25539916570215E-06 0.00164848017614825 0.167560451567557 -0.173726866740818
-0.0194732891977454 -0.0242280927311775 -0.153168049807309 0.148569286838739
0.00322112912638723 -0.0133177958451098 -0.0337868930814856 -0.154326425139126
0.0289875046622955 0.0121586071811493 0.331864339313493 -0.250238061124485
-0.00286163148936879 0.0212968117341546 0.504447465719531 0.214174761721134
-0.0408565740962824 -0.00917244263585194 -0.00609912212077204 0.805442897962637
-0.0284106652558175 -0.0827210837656858 -0.811483029007022 0.506500704059004
-0.0176832667091322 -0.07257080521547 -0.683237726732202 -0.201378867855802
-0.0220652637682461 -0.0582451098462697 -0.09041418235901 0.0517228143041331
-0.0687348851319292 -0.0202540778122951 0.685203190406468 0.206361180406444
-0.00781109004648681 0.0310417168641138 0.745373599296322 -0.575250412471766
0.0384452102447694 0.0294529037607646 -0.114895234852905 -0.883019695657214
0.0449216622237914 -0.00908986839728861 -0.583208964167301 -0.19939411933512
0.0135217202960207 -0.0403491767212308 -0.279216746526608 0.254951365717738
0.00175416930344484 -0.016266202882566 0.0864519700481351 0.142792640028695
-0.00791534724620641 -0.000278893002350695 0.170327246092238 -0.167494178613401
-0.0289664752283791 -0.0248324051288951 -0.152820241443869 0.15273621634608
-0.00466751583738376 -0.0118133827138936 -0.0329395323200541 -0.150236191129988
0.0216830293722428 0.0185837463559487 0.335446815371665 -0.247991177309473
-0.00400092714530661 0.0309905117500887 0.508519883862286 0.211255670675367
-0.0373957340329355 0.00115888930140251 -0.00319676947931886 0.796942141395723
-0.0303385007361443 -0.0743807949921582 -0.809693826424374 0.499054944863257
-0.0237403386490354 -0.072841707112289 -0.688785507511468 -0.207021312680943
-0.0281343222563236 -0.0618483128308462 -0.0955547710277829 0.0443473185594539
-0.0737177139611007 -0.0177517093102167 0.680057805003637 0.199772596171305
-0.00827354597341951 0.0402627621048815 0.743071083159033 -0.582376595523983
0.040745747500432 0.0397453844516511 -0.112118036119649 -0.88873047854941
0.0418859430981355 -0.000314729174560709 -0.579545953189968 -0.201844758289054
0.00577036903992729 -0.0348040962240031 -0.278848062897602 0.256243644355511
-0.006603887532583 -0.0160647261412551 0.0868107009702433 0.147485140997165
-0.0157285463513805 -0.00192199219156669 0.169847141361781 -0.162635882886925
-0.0379300041840623 -0.0245023830294295 -0.152503416583504 0.1572415802752
-0.0127388812447324 -0.00886526745328716 -0.03588504927004 -0.146943263002678
0.0130000982388167 0.0246754748717555 0.332424464833326 -0.247737448998991
-0.00699997124738363 0.0413701776287002 0.514418514476468 0.205837616754514
-0.0350925893142596 0.0123489863497226 0.00917688643189806 0.792786813256802
-0.0305435102710875 -0.0652526370622044 -0.801267428714053 0.503621765710098
-0.0268534401362889 -0.0694745342853598 -0.693884797454563 -0.208018960029427
-0.0320205809056835 -0.0613323353584942 -0.103977424114182 0.0353368738695605
-0.0764076939125509 -0.0138593801613799 0.674515592332159 0.200880702753512
-0.00884842785423591 0.0499562711875767 0.752325531301893 -0.576080294188078
0.0405954976603453 0.0506554311643641 -0.096564508697022 -0.893029464605584
0.0384438281060641 0.00958668717063171 -0.576319516478997 -0.206348631007636
-0.0025074771214729 -0.0294920583548693 -0.285501590682083 0.257562230762091
-0.0142123699174129 -0.0145745337291301 0.0825331369734405 0.150347194207456
-0.0244042276941099 -0.00201804784763756 0.169027087836355 -0.158379902284593
-0.0460238066105544 -0.0226795912850308 -0.154075028798098 0.159047142204167
-0.0201655854463002 -0.00539132442563093 -0.0415438242389039 -0.142788050710258
0.00466161513972276 0.0300471585732523 0.32725590172692 -0.247907467294695
-0.0119481806906503 0.0484371700289756 0.518487603347967 0.196517049026231
-0.0354014070879661 0.0220448844357329 0.0317309137788769 0.789118531346296
-0.0295952322347353 -0.0556094505612212 -0.787385204338835 0.513399414364717
-0.028263550004862 -0.0626408662955038 -0.697648800184125 -0.202244194244596
-0.033260616832915 -0.0582160026776104 -0.112856723559188 0.0264442039784563
-0.0769313300742219 -0.00972886089802027 0.667225521977165 0.209393089785281
-0.00968756399111854 0.0581330377697696 0.765532330280832 -0.559926094464601
0.0387169895900592 0.0596446215488598 -0.0746689649549307 -0.894690261157257
0.0328113282998358 0.0176123065067309 -0.57463904005669 -0.215653660852057
-0.00890254491892352 -0.0237671377915233 -0.293049714521066 0.256745036774879
-0.0205998738678495 -0.0126283845732121 0.0758108619088876 0.152944915182201
-0.031005074576957 -0.00220228780790456 0.166204741207697 -0.155265008205037
-0.0522107622107722 -0.0198978379728464 -0.155347802948427 0.160841500128861
-0.0250740140575665 -0.0021973367412441 -0.0506067331382957 -0.13977884047667
-0.00281710149409554 0.034708778039017 0.317562964438373 -0.249073825155934
-0.0167892320653012 0.0532585158483208 0.520984414378368 0.18828592847355
-0.0361146363479925 0.0294640499143851 0.056630683271552 0.787334327843155
-0.0292428354978349 -0.047146085219098 -0.765934496181963 0.535375155290622
-0.0265087520281279 -0.0535541678741802 -0.701870279182457 -0.192752655521553
-0.0305269515075655 -0.051707668913349 -0.12256241150244 0.0182710797603838
-0.0741022906719873 -0.0036226955339985 0.65763101671405 0.221221122578982
-0.00991843340064941 0.0636764965200407 0.785724458593746 -0.53521692559925
0.0350563246474963 0.0653396565213954 -0.0452081355773951 -0.899012227483246
0.0267849632191602 0.023045672809287 -0.573385767346499 -0.228481424034695
-0.0140863021367307 -0.0195006558265862 -0.308397431356322 0.252953008488041
-0.0255577424035141 -0.00921117333202726 0.0663076043260024 0.155438232169404
-0.0353978977875151 -0.000430569180431446 0.163556766619983 -0.154170031404375
-0.00519659506475394 -0.0150766679841474 -0.156660589716002 0.140470846202073
0.0168574575781872 -0.00859553896141453 -0.0549028512830785 -0.163878200172365
0.036925065662229 0.00457128556642177 0.300888547125703 -0.267248923326383
-0.00879751824681701 0.00392971335211573 0.505404780450529 0.194685244155254
-0.0498832140286763 -0.025202146124937 0.0472632342896473 0.825685650145753
-0.0253580325318736 -0.0907234970398084 -0.767841560664074 0.581830244991965
0.00117896140146089 -0.057583157674478 -0.688552111997029 -0.151020510897632
0.000701957764190189 -0.0339908205502853 -0.0941453997321698 0.0621420213225392
-0.0486235284200893 -0.0083489906763724 0.692688204092291 0.241068701610735
-0.00576843716285513 0.0224322673177863 0.782807329505874 -0.531497816480821
0.0242522163786918 0.0110280116225022 -0.0829409354427793 -0.874603088111617
0.0353886672688643 -0.0264053604271319 -0.595041532906623 -0.212887844477278
0.0201859527534046 -0.0497128339124776 -0.311478760350889 0.2485269784829
0.0125782160241105 -0.0140109653766076 0.0693561417259232 0.137774356824104
0.00531016904658175 0.00644485807387243 0.161820570688328 -0.180644764774326
-0.00701091309462465 -0.0179922496705157 -0.155478962790851 0.142810816740581
0.0144734924105356 -0.0119086330654156 -0.0473666901339602 -0.163348789012096
0.0369021302394304 0.00570775420179211 0.313321075168696 -0.262552332451344
-0.00559050726367744 0.00604040856234389 0.504476911659774 0.20320074086751
-0.0472792064043645 -0.0234170385131703 0.0276973106642905 0.82062449516625
-0.0265425521342249 -0.0910901572212785 -0.787155186559241 0.557152142557723
-0.00473803175652735 -0.0650507244249389 -0.68633262678959 -0.166553119345723
-0.00610188210124606 -0.0431842018361344 -0.0900865279330791 0.0626075346720867
-0.0552323042112853 -0.0141152874359892 0.694824861801742 0.226941457496816
-0.00677668921355919 0.0216188475175445 0.764886063368362 -0.555191661680095
0.0296895423255556 0.0132177744444437 -0.105506381913486 -0.876820628840891
0.0410596166068113 -0.0244344058248424 -0.592788815400974 -0.200894175415895
0.0211370811125249 -0.0486943253111007 -0.297661869941374 0.251048639099729
0.0119607205674042 -0.0156129873680173 0.0786716306633177 0.13884892197954
0.0027915090225489 0.00440206619024406 0.166526127524739 -0.177719498899243
-0.0109795517173056 -0.0211586196652365 -0.151608557838649 0.146716131235773
0.00884310187056738 -0.0122524999649373 -0.0395835647198613 -0.158851009185201
0.0344718286246269 0.00714463975426003 0.322650834288487 -0.259822587710413
-0.00330472752584651 0.0125146627309904 0.506650140668804 0.207848618473239
-0.0434173938960602 -0.0175323426435064 0.00878635047803266 0.816695520588681
-0.0288193787498684 -0.0879818964700556 -0.800068771860705 0.535734946358565
-0.0122073473063048 -0.0694129381086988 -0.686707165545199 -0.182458349657836
-0.0150270568670496 -0.0515995981361904 -0.0885370094031974 0.0601347908760491
-0.0625628995847576 -0.0176049721179148 0.69403978700478 0.210824808109836
-0.00684687561919308 0.0245288287874319 0.751851757895425 -0.575869762007449
0.0343338800404621 0.0190735816073038 -0.122342028375537 -0.880884163971431
0.0436780409197632 -0.0181747363826151 -0.592292583703596 -0.196022569669619
0.0185422124358053 -0.0467977147989128 -0.285482440024261 0.255202669071818
0.00822901746437547 -0.0167557280256729 0.0845757982615663 0.139629167174159
-0.000834251084005314 0.00169911369727486 0.166772316762116 -0.176222260389881
-0.0196239828491229 -0.0229920941764419 -0.151733067635832 0.150762910563123
0.00228677737042022 -0.0125622541690923 -0.0361728135420688 -0.156301771327292
0.0285754412755868 0.0126140858692031 0.330200218507293 -0.257492591683481
-0.0030977400865033 0.0215690525648363 0.508983989312125 0.208662924155523
-0.0404129383002516 -0.00808747732081151 0.00426440243320441 0.807253601005441
-0.0293000656001894 -0.0826548813148521 -0.80876664257449 0.517883207698872
-0.0191599595025664 -0.0717700691303503 -0.688365907372604 -0.196175242880903
-0.0221622859459109 -0.0583956768567905 -0.0908360343667815 0.0533457233389802
-0.0688342313306912 -0.0188408705482899 0.691618317597339 0.200150766301893
-0.00792387463526064 0.0318273217816278 0.741785582230985 -0.587715213871535
0.0393745372448053 0.0288027615764614 -0.129046563897203 -0.887330373538684
0.0451468565089711 -0.00962872215595003 -0.589553724882184 -0.193140257250358
0.0130080242158257 -0.0411344748944184 -0.277540629255124 0.260602925948775
0.00120302195587479 -0.0161051990470893 0.0891171659644384 0.142925522146868
-0.0079298357807401 -0.000792510045143783 0.169603270543224 -0.169955122580852
-0.0289505289118031 -0.023515986648464 -0.151265799738629 0.154100347387994
-0.00590500151034277 -0.0102930542009577 -0.0352799819349759 -0.151554134425144
0.0211340665083709 0.0177346848821077 0.33271437121009 -0.253751053496903
-0.00364984503531048 0.0316293877813264 0.513704162828286 0.205384315256579
-0.0371968447188658 0.00158617628294945 0.0046275293131835 0.802191817098448
-0.0313417305235469 -0.0745348777121699 -0.807571034732057 0.510075978223344
-0.0245324987429921 -0.0726332753860099 -0.695031220465471 -0.201516638179044
-0.0296951970923285 -0.0613254387369328 -0.0961414081950759 0.0461149819114578
-0.0735472747456891 -0.0173525153586238 0.686273366332919 0.193845106266893
-0.00749094077027571 0.0405271174760961 0.740453396912055 -0.594851376960642
0.040661827489791 0.0391738277533904 -0.125005170621787 -0.889585083002119
0.0434004628292102 -0.000482724359013476 -0.585717091525468 -0.192405954845253
0.00573115397064482 -0.035721249352969 -0.277897432531703 0.262221788501515
-0.00681454673180085 -0.0163103604793309 0.0882856442008026 0.146992419145269
-0.0166481423588218 -0.00179131441770101 0.168836833341826 -0.1652060669081
-0.0382924932728565 -0.0229332980948203 -0.150482042823385 0.159110171840823
-0.0138559117816432 -0.00718368011953031 -0.0380595121328306 -0.146913073096519
0.0128958767306285 0.0254999499598174 0.332405595041589 -0.253737022094272
-0.00664293492041646 0.0409386598711526 0.518420298040899 0.199665673493275
-0.0357021413637642 0.0128235802592391 0.0208762866966939 0.796910953671435
-0.0316098683404752 -0.0643298781896381 -0.798726634643996 0.516154068492917
-0.0281584781616403 -0.0676567711756257 -0.698817941152612 -0.202936472254193
-0.033095877842676 -0.0610878807213419 -0.103946117753001 0.0370899396965545
-0.0770306035030509 -0.0140119642487159 0.680857130124071 0.195972396350061
-0.00793444420835199 0.0498458335163061 0.74762230999102 -0.588843825858981
0.0411670400186772 0.0508184045541647 -0.108950299319373 -0.896338008585527
0.0381906013123142 0.00910413013710216 -0.582195507040607 -0.199024383159369
-0.00230961071336759 -0.0296622946806886 -0.282815985208844 0.263807975888537
-0.0144736270587277 -0.0150577522513938 0.0850910755430815 0.150705814960092
-0.0246717760267676 -0.00219559721315746 0.167923938784356 -0.16084937607153
-0.0462847160218651 -0.0220180052156581 -0.152628402978127 0.160740009640803
-0.0205577644566466 -0.00474925989252476 -0.0449878662381025 -0.14378483158911
0.00427555057101514 0.0303380299159181 0.323829957703069 -0.253471355696171
-0.0112858077849684 0.0491333292538307 0.522629153799356 0.19091281231002
-0.0351333521716175 0.0227254649534473 0.0416201949934729 0.791520814384358
-0.0319540098285433 -0.0549672165076399 -0.783908318708549 0.526645153641885
-0.0296110273771077 -0.0611728849862533 -0.702887251958329 -0.195985466824365
-0.0345557549675619 -0.0577015693701132 -0.113389411754601 0.0286084790777523
-0.0777821143032994 -0.00906627989034029 0.67251238638398 0.204173034211083
-0.00965478844002718 0.0582482122484829 0.761669852883382 -0.57199651584113
0.0393537465739045 0.0590313771101768 -0.0869660998538463 -0.898175273968932
0.0332711313340751 0.0174426371631357 -0.581243169928626 -0.208588412886775
-0.00949956502735309 -0.0247154975276178 -0.292676119159449 0.262089579293303
-0.0215468699665323 -0.0121632654488411 0.078465969473241 0.15392905517477
-0.031695936198483 -0.000814863245255416 0.165530583821421 -0.157159908977142
-0.0516308241271122 -0.0192649319909276 -0.154117008248065 0.163520567750501
-0.0243306095669337 -0.00112492031919529 -0.0518558629250018 -0.1411969494798
-0.00288956669951173 0.0348331737304691 0.313995859353335 -0.254328780085969
-0.0172192951393804 0.053791236413242 0.526005756290332 0.181423943667077
-0.0357601690438158 0.0290738081302807 0.0666656776352949 0.789140455862274
-0.030519021018494 -0.0465339600041204 -0.76244459644205 0.548101096294614
-0.0275858700757058 -0.0538514998319106 -0.707794800241385 -0.185227724414971
-0.031663198492423 -0.0514682740886231 -0.123110376811555 0.0204497406039108
-0.0754224056189304 -0.00277685894140012 0.663331393353055 0.215698175546953
-0.00917803955492658 0.0643639875455802 0.782713998705629 -0.548955093560849
0.0365872531711645 0.0646005978148537 -0.0583612453176677 -0.900889030317471
0.028258640160956 0.0213227627760519 -0.580447500562503 -0.222047577534547
-0.0145525304975482 -0.0198658765014208 -0.306342411377373 0.259300916668884
-0.026455101003099 -0.00890215983923135 0.0691686013155498 0.155329067602162
-0.0363566329445574 0.000127667178745006 0.162668298148488 -0.156646422708445
-0.00475683464157298 -0.0139798890725492 -0.155211145104978 0.14097867258428
0.0158802148359773 -0.00781064240552264 -0.0581945181856165 -0.164920219908042
0.0358876818402821 0.00491101615929167 0.297286393390074 -0.273329680127426
-0.00814637177683331 0.00335590818061377 0.508479942929047 0.188314476110494
-0.0496844009909236 -0.0242956646901014 0.0581353665297098 0.828066982500105
-0.0263698470989409 -0.0892219534627929 -0.761791702476455 0.593536049003677
0.000144149889370615 -0.0577329873564714 -0.693273887260376 -0.142433082937797
0.00100420331763225 -0.0350175345148546 -0.0952336081326705 0.0637587562607225
-0.0488379905867832 -0.00784518332911595 0.696929770964925 0.233521159487724
-0.0051749618208907 0.0217841920751348 0.777958598892396 -0.542941601131423
0.0243298154536442 0.0113485933750841 -0.0954447512903709 -0.87567388426429
0.0348693291328008 -0.0270572363747096 -0.602361165652747 -0.202591136936809
0.0181612539957071 -0.0499484585126116 -0.30823883382862 0.255671823026517
0.0115836540728002 -0.014617047008796 0.0718656365564698 0.138120875387806
0.00390942072295857 0.00705433748218835 0.161285367199018 -0.18288158050155
-0.00694237421699857 -0.0165410137896678 -0.154212325835332 0.143686929259261
0.0141847175452078 -0.0110369742579754 -0.0496273169513233 -0.162974033397721
0.0364366599972812 0.00435031345585629 0.309914855670449 -0.267877773888577
-0.00550470011308905 0.00696714560372268 0.508601547588401 0.19541454003359
-0.0468442564400531 -0.0225830090762277 0.0354821862822406 0.823426737288936
-0.0279623041953073 -0.0906059140658907 -0.782224480240273 0.566637659961104
-0.00580132676997653 -0.0638191515506394 -0.68955096943263 -0.160825587838235
-0.00718196073423843 -0.0431493002314526 -0.0887586039058643 0.0651762861327871
-0.0562715832941901 -0.0140868944486722 0.699528553673098 0.217811004319345
-0.00615379188626564 0.0218337940712837 0.75940073624531 -0.567358292347007
0.0293791825834602 0.0126708146590155 -0.118737427140458 -0.876914940166839
0.0404831996067259 -0.0246304321971942 -0.600454365841362 -0.194991684972512
0.0197537224991927 -0.049427886531374 -0.2943690573792 0.257289055622408
0.0107029027322252 -0.0155177065560557 0.0810254909780816 0.138009836979032
0.0025444993097164 0.00458982131429592 0.164996745171243 -0.180855388154447
-0.011451942480535 -0.0205828989495022 -0.150395727385723 0.148499179671853
0.00914342868445725 -0.0119758518328777 -0.0417058882782953 -0.160597471099656
0.033562926609195 0.00685182626487089 0.318247112364438 -0.263834844381729
-0.00367331872524814 0.0132401928765418 0.510977635789855 0.201800797308872
-0.0436583693396307 -0.0170872920749068 0.01995568340626 0.818553102367792
-0.0295777423296354 -0.0878551264684666 -0.797353918409794 0.544941477121469
-0.0141915160921662 -0.0691946886270457 -0.690934863499873 -0.173612744998467
-0.0156984361396917 -0.0516213223845121 -0.0890791065718545 0.0617179322912602
-0.0632507261431005 -0.0170261541319145 0.699470796931762 0.204106810876273
-0.00637360515746941 0.0247096555031251 0.744351917649093 -0.588621857164438
0.0353077952215104 0.018741385046512 -0.134750290838305 -0.883573877381062
0.0449658711813532 -0.0185047070374078 -0.597221207938958 -0.187307941243194
0.0183008769353163 -0.0469207749989143 -0.282486878822893 0.260917361068543
0.00646404166418633 -0.016844420942185 0.0872092636819109 0.139660367633352
-0.000624831959114018 0.00232045591858976 0.165691311662582 -0.178236632085634
-0.0197658621583853 -0.022467057574651 -0.150297856334136 0.151655052516877
0.00220247868057303 -0.012636351362542 -0.0387526862736993 -0.156301974728666
0.0285357285025774 0.0116688239533468 0.325803116560387 -0.263148467301777
-0.00286434330318472 0.0221171795556462 0.514138508598315 0.201369243361746
-0.0398285596829253 -0.0079480055988027 0.0134017807298498 0.811126157458292
-0.0313637657997584 -0.0831859122335771 -0.804587432584659 0.529394503585811
-0.0197369773283264 -0.0712869767117491 -0.695002828986991 -0.186626575948677
-0.0240385525240347 -0.0577618671695201 -0.09070821677554 0.0556957899056271
-0.0695160644585743 -0.0184848863328658 0.696220759644106 0.19389395183441
-0.0073691147711423 0.0316130341902884 0.734633176138773 -0.598922793553891
0.0395622175412447 0.0284378273125359 -0.141592377732759 -0.886135143092579
0.0452630565410583 -0.0105331805874458 -0.59340974199632 -0.184384176300685
0.0125574703836632 -0.0413814513952889 -0.276639410099924 0.266488064105953
5.65885068150983E-05 -0.0177523726899891 0.0902409992628756 0.142287599569124
-0.00878000530583289 0.000429137009333055 0.16826945719941 -0.171706090490371
-0.0288455856330673 -0.0227830165706258 -0.150492737322129 0.156953700637046
-0.00535340135763428 -0.0103900942519476 -0.0378221186028195 -0.152440799466471
0.0217072628487496 0.0183534395769864 0.328818235606748 -0.259487978532581
-0.00341501652768787 0.0311475511119964 0.517144747191283 0.198608324561906
-0.0362734295567819 0.00222147572205195 0.0174895787211165 0.804819158619736
-0.0317846140379457 -0.0741432377595094 -0.80462883972508 0.520689060944571
-0.0260768760289923 -0.0713368959457003 -0.698240411185326 -0.192088970002767
-0.0302833229573638 -0.0611262475273407 -0.0958967250920958 0.0481149695382772
-0.0751844736198139 -0.0156252904464923 0.692646272180984 0.18689356472097
-0.00674678819852252 0.0406800025221347 0.734759211919143 -0.606149198566755
0.0418914107429181 0.0392932847632775 -0.138348774409131 -0.891196771133031
0.0433402637971317 -0.00121927368415819 -0.591037589409385 -0.184390754335063
0.00472959658507498 -0.0355242028539408 -0.274026132256688 0.268294436518557
-0.00770802255031755 -0.0163114224669238 0.0902967541467663 0.146136951899204
-0.0164478654963199 -0.000915789480363952 0.168723543900782 -0.167854718145229
-0.0383231604322651 -0.0225691985792805 -0.150180344030687 0.161483006354652
-0.0134633388705396 -0.00722381150227318 -0.0414603803653234 -0.148290526144415
0.0132838549626883 0.0252307449327017 0.327163309858694 -0.258328234492263
-0.00649665275067011 0.0415886092065697 0.521640590521727 0.191873172807413
-0.0349983994081327 0.0131873864085866 0.0311403181621854 0.798373866616597
-0.0326599297611803 -0.0644042916005258 -0.795276237140444 0.528340662180843
-0.0293240135582681 -0.0674171413191215 -0.703705447581939 -0.194259661165576
-0.0341975035749082 -0.0604875608445711 -0.103860547693302 0.0394860496522993
-0.0776112383215617 -0.013605854504824 0.684951288058926 0.187142719921351
-0.00769836954767473 0.0499231532123925 0.740984970010336 -0.599331989712627
0.0423928093920714 0.0500329775945301 -0.124526310098547 -0.898680736462831
0.0392437866537025 0.0082838484130991 -0.588242259441931 -0.190975404404128
-0.00230816723516464 -0.030250657644336 -0.280016899500544 0.269765795723021
-0.0154759641104473 -0.0149306390040801 0.0873983126665808 0.150274830891117
-0.0248183926136201 -0.00204057696116732 0.166721224401226 -0.163550982262699
-0.0460738015342352 -0.02087002198503 -0.151659181350859 0.162702850831813
-0.0202469887953984 -0.00353538785332408 -0.0463093185371751 -0.144354514926756
0.00595007275905088 0.0302663823821521 0.320522299054101 -0.259348892834065
-0.0108135666650085 0.0496181000184068 0.527761919635072 0.184688933097646
-0.0345664028436398 0.022796575553176 0.0527499495578608 0.793706721421092
-0.0321216480216688 -0.0546781491070702 -0.777189591462974 0.5384292908245
-0.0299749840504283 -0.0601539864389535 -0.708102490857969 -0.188575319137618
-0.0344922385511846 -0.0578914437295118 -0.114080383494467 0.0309613895600392
-0.078260805169075 -0.00778142604359039 0.676513091186729 0.195327728370849
-0.0084590152093884 0.0584231254023267 0.756931659145551 -0.584694759785858
0.0411144759967237 0.0583239393463696 -0.101440327010837 -0.899932567013744
0.034271735636205 0.0161360745591548 -0.588071761435355 -0.199481224458542
-0.00954070664813631 -0.0244662745491234 -0.291528566562692 0.267738907719207
-0.0218980061318521 -0.0121126947411371 0.0799379448845886 0.152884803806165
-0.0316202222585451 -0.00101167189091516 0.165448939077999 -0.159639532830569
-0.0512604405674708 -0.0168552792775845 -0.152456290247674 0.163685048107977
-0.025857684652068 -0.00040208418711689 -0.0552463424637139 -0.140545040321309
-0.0019587170352637 0.0347467554434645 0.309796806591106 -0.260544210564016
-0.0181743102177229 0.0540598902643163 0.529268972182959 0.175843130697908
-0.0344346074318884 0.0291248367242766 0.0769874974234031 0.791349671992941
-0.0315052079490667 -0.0461926882558338 -0.757942395970199 0.559142973754607
-0.028082023520841 -0.0531496751498499 -0.712103854298084 -0.177597889037133
-0.0322590870564588 -0.0516787454020945 -0.123409416764194 0.0234707953742909
-0.0747273445091784 -0.00240476507399791 0.669544395109721 0.207300909678016
-0.00778902112273524 0.0648997260942511 0.778795199557896 -0.560307345233494
0.0374936459639011 0.0643443686700778 -0.0726895266902738 -0.902354056211768
0.0291933632284125 0.0208752429558599 -0.586069160316447 -0.214303665865412
-0.0149655883086859 -0.0201182946228225 -0.303484583668429 0.265953597345218
-0.0260395332266148 -0.00911364452221547 0.0702641562269823 0.155738948892265
-0.0363363747638146 0.000640426835028249 0.161473245462168 -0.159047808176251
-0.00478020447422389 -0.0134086139293018 -0.1537368045822 0.142820942457828
0.015182777483748 -0.00797632110326358 -0.060983115682409 -0.164450192485064
0.0358868245461293 0.00408300687966334 0.292866092573561 -0.277907950715277
-0.00920704201879312 0.00448387232711844 0.51283765768171 0.181498390938091
-0.0496693900241256 -0.0238635482572712 0.0701211027997121 0.827959927074248
-0.0272485055028856 -0.0898252899293811 -0.756128885744436 0.602470355631627
-0.000622955504944216 -0.0561719516767702 -0.695897179513872 -0.134905389684968
0.000670993423372042 -0.0346079449214368 -0.0934931567581182 0.0658649443481975
-0.0487713881054238 -0.00705239915380837 0.70103945068918 0.225704273930639
-0.00489286780035481 0.0220047208831739 0.772751440628371 -0.555920310369425
0.0244379891135244 0.0102876459918561 -0.107296314892551 -0.874852249479207
0.0355056408017365 -0.0269303949844531 -0.607338303969693 -0.193753579060322
0.0182540983126585 -0.0507474091066476 -0.306155226933274 0.261353801055062
0.011080617620846 -0.0150526667538345 0.0726619946267817 0.1371027419088
0.00397789449179861 0.00765267867449273 0.159135250458806 -0.185082548590228
-0.00698951034233665 -0.0163827505646389 -0.153289084289032 0.145714433822642
0.0134492393678593 -0.0108697089746683 -0.0531256447002951 -0.164052880532133
0.0357411507138208 0.00460922439317245 0.306418237533909 -0.273425957066225
-0.00635120191172139 0.00648219773415493 0.511839610137839 0.189945602004758
-0.0471154873821681 -0.0220321683192888 0.0484872463543069 0.822729674249675
-0.0284670170884307 -0.0895953380147532 -0.774908611257703 0.577160176895464
-0.0065101636272595 -0.0631254869692285 -0.693404170635589 -0.151405389016235
-0.0081810015138423 -0.0434935562508241 -0.0893225866912448 0.0674063687026492
-0.0557357725882174 -0.012938308628853 0.704406957655383 0.209799323210379
-0.0061220811861495 0.0211162328421211 0.751482967342516 -0.577159302152367
0.0295418286120453 0.0131264143078277 -0.13139299401963 -0.875605614800564
0.0408921236835694 -0.0254460003977801 -0.604300250252596 -0.184224200939014
0.0187166531430816 -0.0501933589534155 -0.292610836795552 0.263401449821244
0.0104402470641721 -0.0164433071841343 0.082177135107392 0.137109521784499
0.00266367716552058 0.00472027222125786 0.163033226640474 -0.181318509325971
-0.0115719779754009 -0.0196831909084653 -0.149954229368665 0.149043298022803
0.00861784685097397 -0.0114756811645067 -0.0453369046441468 -0.160456037765539
0.0339839374426218 0.0061753579106558 0.313973323231915 -0.269182511138395
-0.0030633589389948 0.0141323979129547 0.51499714153799 0.194291175563976
-0.0432793743710589 -0.0163127269790243 0.0310984061103198 0.819213048768992
-0.0311343177167805 -0.0870197400555902 -0.789270990606528 0.556342541815957
-0.0145741072662247 -0.0677655034929913 -0.694081399836138 -0.166297068443879
-0.0173875543398719 -0.0514272195530693 -0.0882719674820076 0.0634048512721322
-0.0643450551280862 -0.0168354846181543 0.703335643348601 0.195624858795258
-0.00696460477719608 0.0256026763317675 0.737710370373479 -0.600626132615581
0.0356198587385016 0.0185300207221918 -0.148567133762684 -0.882609770028368
0.0448745903585181 -0.0192224300865495 -0.601755329224543 -0.179184653229092
0.0168279347057003 -0.0472382119721303 -0.280759815795392 0.267229258806266
0.00621076505883929 -0.0174629973921997 0.0882672509700574 0.137818669793164
-0.00141249710535439 0.00233085584756443 0.163700208525402 -0.180098668073241
-0.0201757886050564 -0.0207122199418062 -0.148799993890818 0.153572028340729
0.001518332762691 -0.0122365149571355 -0.0424291087334571 -0.156736920495286
0.0283201101633824 0.0121324581604025 0.323071038115578 -0.267107425113929
-0.00250050784728515 0.0221194192825158 0.517191920573621 0.195371524566309
-0.0397272253706184 -0.00775027851168298 0.024531699450433 0.812068511523058
-0.0318016381766281 -0.081153759501897 -0.797176660556499 0.538159554664806
-0.0208571617900742 -0.0707767904151285 -0.698321524001227 -0.178148483319864
-0.024628567372312 -0.056847041276926 -0.0895265241980477 0.057711926639706
-0.0698026887847914 -0.0171851286208515 0.700725491072546 0.184161782226538
-0.00706124777853069 0.0312850771545318 0.729122559079839 -0.610812428286383
0.0400317355239353 0.0274437996401261 -0.155791641355512 -0.886042642522504
0.0448717362500575 -0.0116154295274362 -0.599006795958753 -0.173936075981475
0.011988370328314 -0.0417852252497043 -0.272949778111468 0.271432944732848
-8.67360586467754E-05 -0.0173880372874994 0.0923483736160088 0.141421240656073
-0.00905336071453025 0.000843047111376005 0.166772628756778 -0.173921019027773
-0.029194070168773 -0.0218479304681147 -0.148629530109883 0.158346608828023
-0.00565370791039391 -0.00999898083806069 -0.0408661686745108 -0.152757026258315
0.0209137672740985 0.018657340256121 0.325321466167027 -0.264434295247917
-0.00348895339148443 0.0326058378888831 0.52189555794301 0.191889778862981
-0.0373963557790851 0.002384685539595 0.0267918304999513 0.807351470557446
-0.032614596376271 -0.0724699835502131 -0.797628296992661 0.532843369905068
-0.0264218981110896 -0.0696723050112248 -0.701693435305668 -0.185051409110299
-0.0317787743022476 -0.060093648875103 -0.0958965479244035 0.0506485419407202
-0.074546436600708 -0.0158995639387705 0.695171826434484 0.179191187329277
-0.00687948652366186 0.0411789379721098 0.727942868683083 -0.617048941235782
0.0426387275778019 0.0382979344964413 -0.153288426211361 -0.890505375758003
0.0429360566227883 -0.000734017867012163 -0.596005757421797 -0.17515861415689
0.00406407290564871 -0.0362353375812337 -0.272469378325621 0.273199793320958
-0.00826342387080097 -0.0164691458322361 0.09201511696652 0.145727424751727
-0.0166058463938817 -0.000801787115946997 0.166614891916624 -0.169651720126445
-0.0377777688223212 -0.0212196515897765 -0.147802843151957 0.161769606912192
-0.0143886766736102 -0.00631834454219342 -0.0428864088628719 -0.147900358832772
0.0139066112703079 0.0246716116617371 0.323136226066501 -0.263537074116849
-0.00616407139694949 0.0417884450634787 0.526400390116371 0.186834508944567
-0.0342785158874053 0.0139786821574027 0.0415052162133309 0.80094784755646
-0.0337397711367704 -0.0633553589009317 -0.787959529638278 0.537265545386894
-0.0306412524279246 -0.0661611439533285 -0.707689804332704 -0.184296465595031
-0.0357374733397663 -0.0608695760137632 -0.103985820380583 0.0423144747685976
-0.0784320839481746 -0.0119862469739974 0.688296108720774 0.180987884728318
-0.00777314067162743 0.0498847983715179 0.733780614878264 -0.610083278260063
0.0434061053576527 0.0490337119248041 -0.137053825230723 -0.897236236790326
0.0400242725683433 0.0071326192935844 -0.594312597297858 -0.18240460724011
-0.00389425780422085 -0.0299825557424569 -0.277425000637405 0.274462282969934
-0.0159721984610995 -0.0143548240869363 0.0880661151819877 0.149394620734348
-0.0248875114531999 -0.00115898878521572 0.165917560213445 -0.165449773373848
-0.0464735811795747 -0.0191671835768833 -0.149528874656657 0.164711463998034
-0.0206910016340661 -0.00309714238310737 -0.0491072740084204 -0.144163798678437
0.00550403149660815 0.0303149880637999 0.315509816221874 -0.264724171125575
-0.00997580120805865 0.0491072432019921 0.529586642317747 0.177769072846697
-0.0334721497138732 0.0234456146779058 0.063690372451572 0.796046385504736
-0.0327111122847893 -0.0537659422428164 -0.770796844910768 0.547103030247035
-0.0311626722398252 -0.0596986506016902 -0.712973665460517 -0.180337792059994
-0.0358693851652749 -0.057149203538595 -0.113374880917579 0.0336418892846018
-0.078667621955149 -0.00606615785038928 0.681547294609991 0.188405995021694
-0.007785311122295 0.0588050063766699 0.749402681857459 -0.595288578611374
0.0419017461779804 0.0579813885762251 -0.114308283910118 -0.899784650163115
0.035124877722458 0.0152600950895552 -0.593237372883452 -0.192220327956396
-0.0103060648240341 -0.0244171446015203 -0.287449911127674 0.2734716995777
-0.023122040905647 -0.0127677103770698 0.0819159287927251 0.152786335733631
-0.0320531886043699 -0.000177987987965103 0.163280037675078 -0.16098115881549
-0.0508607706035904 -0.0160261946077975 -0.150183158999642 0.165485580194162
-0.0255904552716502 0.000689613855933978 -0.0581196711722905 -0.141567730642868
-0.00178431313055001 0.0346343274333996 0.306222204639532 -0.265611659123964
-0.0157013517999389 0.0544522568339157 0.531761344189773 0.167602723764418
-0.0343698688442687 0.0303759097729572 0.0874925668069317 0.791896586502359
-0.0317715299214935 -0.0459229275124858 -0.749642777091683 0.567810309834475
-0.0291707853113724 -0.0521636079736167 -0.715976658668347 -0.169688185264995
-0.0327256359876882 -0.051236208843018 -0.123215592451328 0.0258078134074212
-0.0757814377810968 -0.00158025920727815 0.672478066129837 0.198847487534532
-0.00755659976709847 0.0640706172908821 0.769292941761752 -0.57103466965072
0.0391465829983707 0.064076009859254 -0.0861447426913526 -0.903998999448231
0.0297913086378208 0.0213468704701293 -0.590760920823213 -0.204566424735982
-0.0153955275954193 -0.0201516193161376 -0.302136620085427 0.271394667929059
-0.0264777435236921 -0.00871223743179125 0.0732253380423182 0.15489423362294
-0.03656751758719 0.00206847849901539 0.159840959257967 -0.159853560335798
-0.00505512294343384 -0.0126260269579978 -0.152706972148117 0.143441282081115
0.0147670910360589 -0.00747747055668148 -0.0631105555831894 -0.164271051451879
0.0360300914179143 0.00353131961386725 0.287472943765175 -0.28152500931402
-0.00964833484561759 0.0048676559574179 0.514752646963464 0.174262702474393
-0.0493336104128074 -0.0229163235056982 0.0809358188323172 0.827044134876241
-0.0285632547301291 -0.0888460109763581 -0.745831369136248 0.611515682448167
-0.00114974346531095 -0.0560892656271115 -0.69803591420309 -0.125784477470992
0.000189086632000267 -0.0338124015437877 -0.0927723110977619 0.067217315729873
-0.0492904383695642 -0.00631443338852005 0.705479954402631 0.217460825030066
-0.00508943593936232 0.0222668032252515 0.764905853790411 -0.564539114805247
0.0248115339830827 0.0104550368563386 -0.122334332348424 -0.875518281215865
0.035175491778965 -0.0276667929250871 -0.609231087063342 -0.185042691685688
0.0169105000287738 -0.0507135783959689 -0.302685990076995 0.266792174004736
0.0104168873331853 -0.0146236018804015 0.0748118017575308 0.136357125971375
0.00389243113885826 0.00732476722631891 0.156894280132411 -0.18605510205375
-0.00681959146702594 -0.0161384418981993 -0.150764599572128 0.146979234688417
0.012795836398501 -0.0105915460438845 -0.0554528626289708 -0.163042028506729
0.0360247823133588 0.00381459566062733 0.300016110232984 -0.277962039944817
-0.00488448978368227 0.00742556262355103 0.513509131717541 0.181940860430438
-0.0466516658118948 -0.0215945362493822 0.05833770170289 0.823947784465594
-0.0294676439126525 -0.0889917807302375 -0.767660176844741 0.586822834561813
-0.00706513603276366 -0.0618034077651949 -0.696356224465629 -0.143430469095704
-0.00855120136964865 -0.0432781030587848 -0.0885740111565324 0.0687492523846929
-0.0562039008904341 -0.0131875792063709 0.706112615902523 0.201445677873125
-0.0059034075757133 0.021992410663419 0.743279768937682 -0.589396615397527
0.0298823572781701 0.0126384298975997 -0.14557511588372 -0.875607644729219
0.0413483896298601 -0.0255134309999145 -0.608135463494828 -0.174536637578615
0.0180467602113316 -0.0492955783034987 -0.287615966992517 0.268709284619253
0.00888710611951179 -0.016768389421132 0.084299923240515 0.137114978660554
0.00302759523989642 0.0054368573626284 0.160644983076197 -0.183167829216886
-0.0112960426360274 -0.0190162647858919 -0.14766541467589 0.150603910242013
0.00783021383318578 -0.0116052540178724 -0.048102721849623 -0.161177223536923
0.0336432598903486 0.00618913734077577 0.310560120752752 -0.274081557256178
-0.0034671788264864 0.0136771083092067 0.517014536097344 0.187806896469311
-0.0432448405819987 -0.0155257527730079 0.0425270816439475 0.819847210655931
-0.0315690032917781 -0.0864450576031306 -0.783930077080646 0.56455638792663
-0.0153426087531669 -0.066798211267689 -0.696816833851808 -0.15881597434383
-0.0171156677361964 -0.0512390017221257 -0.0873252214107702 0.0662571335732074
-0.0638540593918627 -0.0159785855725493 0.705494272647732 0.185550952106842
-0.00645932421847044 0.0247161150626677 0.727066754158315 -0.610159971589566
0.0358500782740228 0.0184201379683084 -0.161487564891333 -0.880101674372142
0.0440747334001895 -0.0199213676097746 -0.606627815671507 -0.169106789606651
0.0161316898483534 -0.0465931234121718 -0.277021197012264 0.273487118283369
0.00557346315502701 -0.0169234383872129 0.0895227954460217 0.13721453858439
-0.00109376923213803 0.00269544159286182 0.161871307764271 -0.181267713899067
-0.0194192821690559 -0.0200310616477635 -0.14751371349986 0.154303229977606
0.00131913209541278 -0.0108421631234657 -0.0438398847995515 -0.156466276447591
0.0282773188473509 0.0115716416328346 0.318669220069031 -0.270679677700354
-0.00263663579401401 0.0226645857768504 0.519845140655175 0.18753731109069
-0.0392324013478298 -0.00753963416468267 0.0357241510961988 0.8131287434576
-0.0334267910661688 -0.0807128949342613 -0.790216321010176 0.549824593529835
-0.0216247274735603 -0.0688397117151542 -0.699434863117561 -0.170852542868316
-0.0255317814879829 -0.0566683049066191 -0.0896455233420144 0.0606443009677466
-0.0707559265856691 -0.0164808302193506 0.7038546872671 0.175975720669582
-0.0059018739459249 0.0320208654585282 0.719660435363535 -0.622420185604894
0.040767222526594 0.0271423349167623 -0.169333232814663 -0.88338892880518
0.0456684252681548 -0.0117449176066578 -0.601535445587695 -0.164879103125555
0.010882749351943 -0.0426739368368887 -0.268474154854662 0.275418846259099
-0.00137271727341726 -0.0174106434777037 0.0943360863895355 0.140717850140193
-0.00893214762765742 0.00154101136793533 0.16436640104765 -0.175997657156331
-0.0287557172245904 -0.0215008425089583 -0.146505658431345 0.159346216538624
-0.00672772149165558 -0.00937805494625476 -0.0437618270917276 -0.152166324857072
0.0208994268670248 0.0180994132483139 0.321532293108765 -0.269119929711162
-0.00272456653914206 0.0321965902812236 0.52400851059748 0.184401352647918
-0.0358394953131138 0.00251106866470157 0.0375768212065439 0.806399355197169
-0.0341944428093276 -0.0724334696195735 -0.791093432701368 0.541433485226669
-0.0278597413544681 -0.0682236303180545 -0.705241813453725 -0.176159345843857
-0.0319105091980165 -0.0604015501727876 -0.0947979903569958 0.0527251965057936
-0.0757468064450809 -0.0147255752666737 0.698394960401844 0.171274205321777
-0.00696530524580523 0.0412288416625654 0.718219279986128 -0.625720319967613
0.0437201726161106 0.0368937407098509 -0.166653975874495 -0.887503395750216
0.0438734843335316 -0.00219449580436255 -0.599187265654709 -0.166448134561903
0.00338512652716625 -0.0362738304145354 -0.268124639216894 0.279697985364725
-0.00914463753407254 -0.0168068083069001 0.0945762799142295 0.144821452621255
-0.0168592940519697 0.000116033328866536 0.164422844569683 -0.170742302625132
-0.0385974180740062 -0.0200393935709388 -0.146215281779106 0.163211893049678
-0.0142794485802832 -0.00524055224508915 -0.0461899478993201 -0.148526652992564
0.0146298406090075 0.0249741278459144 0.319106918936685 -0.268311790014746
-0.00509570958742364 0.0413448291146928 0.529065927381417 0.178156229324359
-0.0333061375534737 0.0133516569190923 0.0507706595491944 0.799992195829858
-0.0343417153261505 -0.0626244360000276 -0.781340672387191 0.546361690082241
-0.0314270928829205 -0.0652281334241535 -0.70997242771475 -0.176772676009352
-0.0361889214958152 -0.0604666908167731 -0.103559203566543 0.0442535653414916
-0.0779390060598106 -0.011051055433202 0.69146093811983 0.17077106329513
-0.00772794951336881 0.0500573816154601 0.726298512793931 -0.620431966291411
0.0438259281029569 0.0479812864525523 -0.151909895613607 -0.894863277413154
0.0403912766771041 0.00761240943462872 -0.596419597073482 -0.173411466352103
-0.00401274548053407 -0.030471628238279 -0.274028555899671 0.279187427739422
-0.0168986904545239 -0.0142828028717819 0.090611003839358 0.147842646905261
-0.0249694100433874 -9.72431253865157E-05 0.163746203076989 -0.166725391503736
-0.0457718540433395 -0.0178359563250226 -0.147309561137927 0.165846077199631
-0.0212262140375842 -0.00198191741637146 -0.051737604713482 -0.144712693147928
0.00548275371813967 0.0303907084971253 0.311863715140696 -0.26919837460597
-0.00997435594018555 0.0489992020914385 0.531621004648915 0.170032056218723
-0.0322974804144976 0.0236486538756864 0.0729084233502392 0.79382325475465
-0.0325718297900065 -0.0525541620222599 -0.765258452830033 0.555515345584565
-0.0321305441831096 -0.0580215862009814 -0.713573751025751 -0.171916634831311
-0.0368921590162594 -0.0566332123511754 -0.113188142670526 0.0352584529935717
-0.0792318342879005 -0.00534504312387142 0.683760816782509 0.179555816777432
-0.00767971025457921 0.0584877412454064 0.741106441069327 -0.604418282421033
0.0424323023793064 0.0568402645913619 -0.129752638011854 -0.89644895041127
0.035410480259827 0.0143927871813504 -0.595811994638312 -0.182026130262153
-0.0111572490817259 -0.0254486072079025 -0.28369979456837 0.280156792058587
-0.0233775167673651 -0.0119714565325387 0.0836233454603218 0.151739982256867
-0.0320775970080332 0.00107242377850958 0.161641516569524 -0.163841862008882
-0.0500594168337967 -0.0153528477487071 -0.149408087262204 0.166252575030992
-0.0265346092506865 0.00153676923052506 -0.060368315337272 -0.140868479946787
-0.00108980779651911 0.0345885208800193 0.302203046271212 -0.26933981462121
-0.0154901816105338 0.0546219120964539 0.534312890228425 0.161870941263404
-0.0328948179769406 0.0311455503931482 0.097693957429607 0.789290627973338
-0.0325895987473681 -0.0447593903206195 -0.742151147253348 0.576935834605436
-0.0306497112968766 -0.0507628050448532 -0.717852239324636 -0.160898915439143
-0.0340919687019481 -0.0503376451616181 -0.123303833253396 0.0280387772812418
-0.0757265759096386 0.000236160031032714 0.675613902579296 0.19148930746592
-0.00744448235200483 0.0648034754367622 0.762201498758426 -0.581679801392241
0.0400627402142279 0.0628105849441278 -0.100914575791324 -0.904202497182997
0.0307010202585245 0.020608513492584 -0.594925071422692 -0.195461202392971
-0.0153729135242322 -0.0201292913512391 -0.29624407647171 0.277202666521915
-0.0282123753806786 -0.00864805636211303 0.074768653966566 0.154208153515512
-0.0368906599229154 0.00305713878082345 0.158443929448552 -0.161150500400643
-0.00465041441716021 -0.0119392863983993 -0.15052152173789 0.14461507477252
0.0144501988135998 -0.00713815987419593 -0.0660076634648051 -0.164256551901003
0.0351402708588417 0.00311830389439352 0.282782575993587 -0.285609763378141
-0.00889736021317021 0.00445030449226192 0.51608669212206 0.166659694402599
-0.0491140473353201 -0.0223258274990229 0.0922550755895352 0.823964031294766
-0.029989547905329 -0.0876289728240914 -0.736799966260038 0.62069830347033
-0.00170521487390495 -0.0541444039794802 -0.698961447423282 -0.118330649810344
-0.000611047208898916 -0.0342884104126871 -0.0918928578254031 0.0694053283014212
-0.0487716656997111 -0.00597565208767731 0.705812007728063 0.207912720036792
-0.00454478074095546 0.0217450152405753 0.755812682313169 -0.572424970452003
0.0252753030322483 0.0100199673549876 -0.135534781326963 -0.872370693143855
0.0349784758448085 -0.0278293690255678 -0.613729954690377 -0.175523649305696
0.0158259618488368 -0.0516234783618501 -0.298355682993512 0.269988741400596
0.00908166596065043 -0.0157362525969196 0.0758654847817498 0.135770943299868
0.00358968227508672 0.00779475256010963 0.154761678693814 -0.186454826169947
-0.00630489658594262 -0.0153531769124954 -0.148451979624204 0.147596344398112
0.011732616080171 -0.00960315447938286 -0.0578341405975964 -0.16299497240087
0.0354278406316472 0.00425621395089485 0.296050934550911 -0.282076937856878
-0.00602036680711338 0.00798885621413517 0.515694066092073 0.174943233868704
-0.0456853263507158 -0.0208006244357069 0.0694463851690921 0.820706399578388
-0.0302800927852246 -0.0881099331660619 -0.758848359760929 0.592933623494253
-0.00788419686385767 -0.061344016442902 -0.696193498703818 -0.135962823284345
-0.00867194787497287 -0.0424545396627662 -0.0879974301395809 0.0700459092607786
-0.0561537536944261 -0.0111273139411712 0.708958613611925 0.192894435908407
-0.00506808994646641 0.0223619820710309 0.73473741484591 -0.596752112422675
0.0302580498918453 0.0119044146036073 -0.158512741273341 -0.872105879627252
0.0403990662216775 -0.0260301205769091 -0.611825409241088 -0.165143397389087
0.0169897513433821 -0.0503443101036928 -0.284838044102623 0.273253791300715
0.00899985121811922 -0.0177648193932263 0.0854234009530003 0.135761719663351
0.00215280911227358 0.00540903260720774 0.158830564528127 -0.184817885995177
-0.0113813488275003 -0.0185607581819333 -0.145416574406693 0.151450617801889
0.007177308421844 -0.0105580680901675 -0.0510709851036856 -0.160393006472216
0.033264897525232 0.00606870271845853 0.305333810568421 -0.2767790426817
-0.00357984787654192 0.0139894312694422 0.518198329475303 0.181324329903586
-0.0429919418627682 -0.0152314267249921 0.051899969908493 0.818650455839635
-0.0330846128851966 -0.0853047698372259 -0.773659166207821 0.57462663012516
-0.0163045288777389 -0.0657659840899754 -0.698912379739806 -0.149987286413516
-0.0183774489850064 -0.0506750190229272 -0.0861709646254085 0.0678917660781711
-0.0638734317578432 -0.0143651746150116 0.707920398028406 0.177891083075998
-0.00581371938164319 0.0247157783092851 0.718197443538837 -0.615977901448901
0.0356638229089138 0.0179325396050683 -0.175228334753913 -0.877093516785649
0.0447272344847944 -0.0203690403973877 -0.607633916820573 -0.160376996205404
0.0154783422404541 -0.0483177554365744 -0.273082007109203 0.276655824598438
0.00460521363192651 -0.0171852871364963 0.0917853399078407 0.137024249466076
-0.00166567209818785 0.00280476675096843 0.159410386861983 -0.182267362278301
-0.0197746990220762 -0.0193844203024697 -0.146272345512388 0.155463118515968
0.000734040534585232 -0.0105438805476241 -0.0476350719392539 -0.156679097165061
0.028191724972584 0.0119520127928075 0.313195852085994 -0.275382419802591
-0.00269544816146077 0.023327737106446 0.521336235471405 0.180783543042804
-0.0381921461143364 -0.00663629634313488 0.0455908249531385 0.8109280531286
-0.033482462957116 -0.0793106362720816 -0.783074271921129 0.557670386351908
-0.0227211299322106 -0.0675109925772157 -0.701518341429768 -0.162504224694355
-0.0255858147130462 -0.0565964976858808 -0.0893759693411129 0.0617411396206891
-0.0706062725646596 -0.0153598436738253 0.704822607679995 0.167620939065617
-0.00596341184012052 0.031527573726078 0.710619702909318 -0.630375220462748
0.0410176229121907 0.0270742535417003 -0.182019172513567 -0.881134299057106
0.0457627521890072 -0.0120499560700609 -0.604697761626733 -0.15596790423096
0.00972478662694815 -0.0423226525914855 -0.265109669768087 0.281344778490001
-0.00202420399447335 -0.0175985166218831 0.0954942544830136 0.139815761471405
-0.00940168681736661 0.00165175549412509 0.162034912020577 -0.176146540596132
-0.0286548605605502 -0.0197208013188663 -0.144745202422689 0.160494116523131
-0.00681846693877099 -0.00805652749030414 -0.0453713319051684 -0.152506247031608
0.0217715656775824 0.018246259591338 0.316976788272663 -0.272946356231568
-0.00354171097581283 0.0328806669782926 0.526313149244089 0.17803797577088
-0.0351956452075756 0.00326139548096602 0.0468194548795519 0.804834544983371
-0.0343164176624552 -0.0714952996441625 -0.782310870545503 0.550765797873964
-0.0281108008275693 -0.0672655142871722 -0.705775115076547 -0.168410041463018
-0.0328281054560555 -0.0592903594928587 -0.0950230421518415 0.0542778135113277
-0.0759207572639769 -0.0130996781730608 0.699434222984509 0.162153483988947
-0.00569215691831674 0.0405993353074517 0.707808973425884 -0.634090359273117
0.0435337230632986 0.0372761981014844 -0.177877523866809 -0.8866331458155
0.0437732782876742 -0.00308339213519258 -0.600539318723755 -0.156759360426842
0.00329267106828985 -0.0366695484433435 -0.263522093620777 0.282301727110037
-0.00947448338095874 -0.0163818946179283 0.0963573736389365 0.144253700621871
-0.0170190326509108 0.000359535371265802 0.162876731082335 -0.172662487604124
-0.0377349750754707 -0.0183190477313143 -0.144171891074676 0.16381333642503
-0.0147385379655736 -0.00455721468593256 -0.0488360165582086 -0.14780088796167
0.0138006783599747 0.0242589627446046 0.313298060184039 -0.27259003641878
-0.00474423409097799 0.0423569181191228 0.530368180232992 0.17251031627724
-0.0326297603111234 0.0131731913122836 0.0624761461073961 0.799052939399318
-0.0349918587768927 -0.0624353092113184 -0.774480723983125 0.554902799016272
-0.0316991027185522 -0.0638854320239402 -0.710811199142043 -0.167634775242807
-0.036325006660829 -0.0597615904732216 -0.103350995526427 0.0451330767540154
-0.0786285772487342 -0.00935085825229981 0.692694812608379 0.162954855919867
-0.00679464493258767 0.0499587683632026 0.71660469999851 -0.629797540872325
0.0444038581629194 0.0480348975966432 -0.163178913414854 -0.891933353240432
0.0403569997833838 0.00585632792444877 -0.600689512398351 -0.162077400080035
-0.00454244165842891 -0.030407362845257 -0.270756417364509 0.283999320503433
-0.0180231734089976 -0.0147908344799686 0.0922744952178553 0.147489711292729
-0.024552474080264 0.000563441745644613 0.161416217406477 -0.167981681991228
-0.0452366834128578 -0.016330392299815 -0.145705943122535 0.165455177806093
-0.021538757875844 -0.000711728430825551 -0.0539180396959214 -0.143584467353768
0.00616502572303119 0.0310763851226005 0.307900319339623 -0.272310204456636
-0.0100241993852564 0.0498074733592829 0.533786513960491 0.163242972240896
-0.0318468355255658 0.0232722250072661 0.0831600151692122 0.792702004094587
-0.0339459783158729 -0.0526876056111865 -0.757070569397736 0.565080591514651
-0.032984267315965 -0.0575530053567797 -0.714477709055019 -0.164408347381408
-0.037392675277516 -0.0561985691403801 -0.112951742530219 0.0368640705506229
-0.0788845016638414 -0.00468712276508615 0.684616895565462 0.171538667873969
-0.00694642694914141 0.0581814945909169 0.731797594493942 -0.613837571408696
0.0431851017729071 0.0567053234975498 -0.142879777957807 -0.89573622342182
0.0365394135385819 0.0145180785161992 -0.598488654133865 -0.172758615419535
-0.0109070618673185 -0.025090778365069 -0.279765086072806 0.282876323639031
-0.0234721678614013 -0.0110227556537709 0.0854427379264419 0.15110558520291
-0.0320256735654342 0.00184363527366655 0.160777122972042 -0.164085820165821
-0.0501992089750592 -0.0138128299542728 -0.146124590477929 0.16800422410508
-0.0250565193840185 0.00260579068038863 -0.0631522660487777 -0.141427822884987
-0.00124636703550156 0.034525699515684 0.296777925838347 -0.272033517897853
-0.0150718975877083 0.0547171426467107 0.535691827797851 0.153662086388919
-0.0323387387531509 0.0301384352418389 0.106986927366185 0.790085244606582
-0.0325928132653698 -0.0442532130718494 -0.734436419146973 0.585234984861489
-0.0306454010503185 -0.0487626736273131 -0.717908576789271 -0.150707401595327
-0.0342392605259465 -0.0497734420028515 -0.122623425103668 0.0300866875796146
-0.0760133170109352 4.05882859387356E-05 0.677728036735264 0.183707068986439
-0.00620216758772377 0.0633688364044461 0.752293446997442 -0.590756524518185
0.0402851422951093 0.062274841199241 -0.11308642865211 -0.898866614740555
0.0305334643119026 0.0197823658708975 -0.59766440659828 -0.186052459214358
-0.0161740616476719 -0.0200693282060352 -0.293345129665221 0.281224673923886
-0.0274689685175381 -0.00792159433201597 0.0761922885688467 0.153340027036661
-0.0357749666080669 0.00372855943513033 0.15653111749229 -0.162548692244867
-0.00416058224678155 -0.0117101007092057 -0.14891402316947 0.144974221994331
0.0143724738678719 -0.00601925098447155 -0.0682751873424758 -0.163231603313684
0.0349169606410183 0.00307810642845724 0.277660131364889 -0.28793790713913
-0.00938537561965337 0.00442291974349391 0.517321299315013 0.161626320722324
-0.0489192570709129 -0.0221197533938864 0.101355566279377 0.821240033920897
-0.0300401129906358 -0.0869671587619565 -0.727822468499512 0.625689197361432
-0.00239116854792482 -0.0535818947905223 -0.697698710181129 -0.110291303035585
-0.00117897333693542 -0.0339958188829457 -0.0910016478943311 0.0703975196569609
-0.0490673791828523 -0.00455069355960724 0.707344729660315 0.199589559910095
-0.00388234213384066 0.0221364048389851 0.747016223693598 -0.582303390549768
0.02484927479533 0.00973922405009336 -0.146495483319315 -0.868561021848702
0.0349388227497118 -0.0281391528283312 -0.613881239433212 -0.164722868139754
0.0147582496589229 -0.0510035124523287 -0.294876896760195 0.276657542216271
0.00866987930222818 -0.015623119719291 0.0763000124159265 0.135101177496333
0.00347887387584642 0.00821304578595499 0.152439758130345 -0.188329314709814
-0.00688975020630794 -0.0148428389575515 -0.147760581244914 0.148401092494606
0.0123922691004068 -0.00994657168607326 -0.0606696986129568 -0.162401080132333
0.0350942057961376 0.00407877981170079 0.291469781786876 -0.284256789662393
-0.00587315648397076 0.00738559388559601 0.516950275682805 0.168990817137748
-0.0454506213688524 -0.0202649630457859 0.0781355033276683 0.818199131633345
-0.0315897996950568 -0.087219529566632 -0.749601936168243 0.599846476638454
-0.00956983992288276 -0.0597406487004264 -0.694616643989004 -0.127574608687883
-0.00922543861251707 -0.0422582454710249 -0.0864171251153824 0.0713373805415027
-0.0566773440099553 -0.0105628715574146 0.708005952805818 0.185056666381072
-0.00553419451186501 0.0215653912150717 0.724165113408595 -0.605001309698421
0.0303345637406066 0.0118441822436155 -0.168671133583802 -0.86692135987035
0.0405463430117972 -0.0268778842273227 -0.612686372520869 -0.157127612281535
0.0155763093011176 -0.0501883979300865 -0.280107338197375 0.277670419664
0.0077575137032511 -0.017088498443969 0.0860650284406342 0.134454667262445
0.00180521762015696 0.00606608472495854 0.156909681853649 -0.185721556408911
-0.0109649702701136 -0.0175775330066312 -0.143617520870413 0.151196320031747
0.00653032752965046 -0.0102068318411248 -0.0533285502533134 -0.158472931171283
0.0327433899943563 0.00610830541719933 0.301207616814953 -0.28021909911876
-0.00371107460005829 0.0135758445728144 0.518067776827723 0.175028414495979
-0.0416243545950467 -0.0149415268194728 0.0610317711733156 0.816514247898606
-0.032993167972429 -0.0851467189696641 -0.765386484800188 0.581417533086618
-0.017295382530495 -0.0642872628758975 -0.698664793742227 -0.141785709529929
-0.0181931794224943 -0.0494909215949291 -0.0852047372822732 0.0689187050197635
-0.0645809323482647 -0.014190824149125 0.709000238768478 0.169832840571614
-0.00607659597271717 0.0245664852917147 0.709085846484137 -0.625671065140581
0.0365347339973779 0.017626982540901 -0.185199619617291 -0.871709838915983
0.0444266644707445 -0.0207975991257882 -0.609690845120554 -0.151465522180442
0.0138027526839571 -0.0476658880437128 -0.268642171612022 0.281279396081297
0.00404189494815706 -0.0181742671246665 0.092595025441336 0.135059344162396
-0.00198131037614301 0.00391810125012371 0.157309077319405 -0.183162475212595
-0.0195854855040291 -0.0189311338952838 -0.14339753447421 0.156304356471397
0.00048817074624014 -0.00940219007126731 -0.0487607500188662 -0.156531208038128
0.0281276260558976 0.0117835228910761 0.308278448004906 -0.278147231166102
-0.00260570106823282 0.0228566943558502 0.523876256068832 0.175669340463368
-0.0382835567579947 -0.00701734120057802 0.0546789074730841 0.807826873047553
-0.034331047235176 -0.0798278944381501 -0.773907508924446 0.56337298379815
-0.0236455505311064 -0.0666505662824125 -0.701271850011966 -0.154969814656923
-0.0269478389655031 -0.0557103528535572 -0.087608605080083 0.0631047125031167
-0.071299128597956 -0.0147562117933201 0.705283229240353 0.159692615207324
-0.00592446411334673 0.0316396232948931 0.701554709415695 -0.63625965406399
0.0410357011658726 0.025984913266967 -0.191945375984936 -0.874726327114441
0.0456940554402283 -0.0134522162294047 -0.606727854617449 -0.146786584313602
0.0093117450942966 -0.0422796199479363 -0.261861037186687 0.28482485893086
-0.00298955955719476 -0.0176128119769048 0.0964876779525498 0.138556470399186
-0.00920692939246809 0.00227122840446181 0.159802282245332 -0.177843433220961
-0.0288828496105191 -0.0196511540309062 -0.142605171950889 0.160907124608808
-0.00733784947976468 -0.0077136622909249 -0.0483424022301236 -0.151646653769452
0.0210263461234241 0.0178589353898521 0.311992125601109 -0.275591670864494
-0.00258657646018125 0.032737687614949 0.527163936661827 0.171683048259404
-0.0345240399337983 0.00296534878375796 0.0573510545208271 0.803005188536169
-0.0349225064609432 -0.0712713157598663 -0.773803436451839 0.556461035975012
-0.0294393976116888 -0.0662253500038141 -0.705553068587283 -0.159842263313838
-0.0331140260580181 -0.0586862320796526 -0.0931807112583621 0.0558120665146585
-0.07590121515386 -0.0121712517110328 0.699830577075278 0.15456854864389
-0.00618728665908393 0.0405636068821625 0.698551496470114 -0.641380224833132
0.0444008044421379 0.0369536799967318 -0.191392018672435 -0.881913392756175
0.0445314575537362 -0.00386156344907439 -0.603384233351921 -0.148768769757233
0.00236518651511193 -0.0372403038309896 -0.260477698384176 0.286450680930291
-0.0101394098285042 -0.0152908310865953 0.097028792848524 0.142348946092616
-0.0170100060029395 0.00112653786172932 0.16054544786968 -0.172770985724848
-0.0371770922242809 -0.0179453079303505 -0.142788549958856 0.164691084235506
-0.0146136634652854 -0.00340438502939831 -0.0507732167981898 -0.147394013357709
0.0137545815029266 0.0252207500862646 0.310282512861797 -0.274299267610436
-0.00532353250256803 0.042534839242943 0.53105246528709 0.165936814208576
-0.0318626687566458 0.013988892578876 0.0706889343504632 0.796273652283807
-0.0354487029114223 -0.0613949252093697 -0.763935281857877 0.562903045152444
-0.0323157630050379 -0.0619796930826231 -0.710862883622161 -0.160588167069184
-0.0371252910119837 -0.0580390138914095 -0.102202373111385 0.0472084411425075
-0.0783066953457915 -0.00865854216449682 0.692904840402123 0.154149529343832
-0.00643079761192794 0.0505920210231011 0.706266625368657 -0.635298546425505
0.0445342098405556 0.0467904432102514 -0.176278261615381 -0.885834871116197
0.0414788676481501 0.00524905979922089 -0.600585905490097 -0.154222311245305
-0.00519907030531877 -0.030173819502567 -0.265163168458588 0.287519562399799
-0.0185354125345724 -0.0144766012859083 0.0934146413434478 0.146626445292923
-0.0245610945754237 0.00133832000413909 0.159114703905229 -0.16854009487264
-0.0446330172192823 -0.0154575908177311 -0.14339309271198 0.166129200080435
-0.0204197311129124 0.000245447799932293 -0.0563186591727144 -0.144779444495098
0.00661016532761474 0.0306070646090115 0.302778091620502 -0.275721038695997
-0.00917159070673712 0.0485098037729034 0.533696407540075 0.157316952120857
-0.0307770443033469 0.0233063787839485 0.0909640159525078 0.788637971459732
-0.0349687747618415 -0.0513422651185603 -0.746762396406343 0.571718941193997
-0.0337553566250447 -0.0569568625715564 -0.716451767861972 -0.156555568347228
-0.038353434998303 -0.0550595271758534 -0.111426591651031 0.0387248833681784
-0.0796131310076814 -0.00340740640940401 0.686598651186135 0.164070830024601
-0.00654472133218526 0.0586455095778695 0.722811154997608 -0.619721074178629
0.0437097336738944 0.0550211610533268 -0.156083923371472 -0.890793442212268
0.0365244013721197 0.0131167382781374 -0.600549241800795 -0.163291870970456
-0.0123892469663169 -0.0248449991558395 -0.274356233375426 0.287862668217443
-0.0239774963673552 -0.0116942956941167 0.0868447490873429 0.150221012762561
-0.0318582862261979 0.00279488198410377 0.158001605783379 -0.164501747417451
-0.050316686606818 -0.0124333584090084 -0.143911920630533 0.167662797550272
-0.0260249137843515 0.00301920465175287 -0.0646458779891899 -0.140882368117304
0.000469203714000981 0.0351284747489099 0.291949025337388 -0.276210337655845
-0.0143034828031895 0.0544731002786525 0.537060786168925 0.147850748367027
-0.0312469118858676 0.0299409925749828 0.115789776694605 0.78590801782213
-0.0323573679348952 -0.0434320722115376 -0.726237659698297 0.591182326951221
-0.0312260950859704 -0.0484112654597579 -0.719024578268989 -0.14400373292542
-0.0351182504800624 -0.0492727834894296 -0.121780974007782 0.0319854555576102
-0.0761116015586019 0.00107070640155286 0.678252517450385 0.175197646639084
-0.00623609792274067 0.0633828010639605 0.743436342894841 -0.597985937654613
0.0419080293701535 0.0613649455799705 -0.125625586261097 -0.895537504426248
0.0311908880949333 0.0186236644910459 -0.599578418665258 -0.177307375972683
-0.0167141239847401 -0.0202013639882287 -0.288134744801043 0.285861296785074
-0.0282964954498301 -0.00776374124557017 0.0780272313233235 0.15297456305731
-0.0360675369885827 0.00394655581923117 0.154530844693506 -0.163489688878686
-0.00393080119445095 -0.011061729672451 -0.148104388225806 0.145950216666708
0.0140142216305825 -0.00619321572170638 -0.0710663903335841 -0.16319886140072
0.035123034034855 0.0030987017194059 0.273390692606315 -0.289892311769533
-0.00993384739110707 0.00541109490807464 0.516495884447902 0.154104989296713
-0.0484729733016027 -0.0219952773190507 0.110756260238387 0.81816074089923
-0.0308258563774431 -0.0860981578411554 -0.719418307547545 0.629762079654781
-0.00298500738125339 -0.0532623194152733 -0.69788276681595 -0.104212287621986
-0.00093767185245962 -0.0331722339494465 -0.0908109158879458 0.071481276990075
-0.049409418746951 -0.00361367085338024 0.707524113796164 0.19246684114359
-0.00434273661753975 0.0220450215233495 0.738492226470163 -0.588147753520392
0.0252846632821509 0.00946279676603111 -0.156227362763556 -0.863929114055142
0.0347401676594508 -0.0283984663924844 -0.614820004057506 -0.158004900125003
0.0143163532950587 -0.0511261621251184 -0.290143778306733 0.279794952983755
0.00830385402046505 -0.0160089337974108 0.0785877658887269 0.134147889582864
0.00320529764870123 0.0083600011700112 0.150744482762364 -0.187763177149814
-0.00672683535509345 -0.0139443862326289 -0.145354458461601 0.148248692669369
0.0118101901494483 -0.00838842288195256 -0.0634557819606887 -0.161762497951418
0.0351379255190701 0.00378624792800962 0.287086370018316 -0.285566233265199
-0.00590007274713776 0.00851934105473569 0.517321765089583 0.162456821670584
-0.0451782541874836 -0.0195127140340502 0.0860076503409278 0.814813001583951
-0.0322156388966077 -0.0862963264945301 -0.740162861319243 0.60674865485835
-0.00967739302774573 -0.0588893677647252 -0.694936053597963 -0.121448309611176
-0.00970958717593388 -0.0414372614957289 -0.0855619159904089 0.0721347809115506
-0.0574603561086525 -0.00958521316312508 0.709140497973614 0.178194564020757
-0.00544243772147347 0.0217045351857193 0.714822119305092 -0.610422369209376
0.030566891607903 0.011173717416792 -0.180593763217285 -0.862766680116166
0.0404619499551037 -0.0263615542582432 -0.612642435635359 -0.147896057169358
0.0148054709325415 -0.0500452411216597 -0.276322235073047 0.280963256563585
0.00726520346068824 -0.0174374708337311 0.0875356629755604 0.133763657177826
0.00112365601510892 0.00668641906580911 0.153863213913775 -0.186385774961907
-0.0108366572988054 -0.0165971597945447 -0.142503534937109 0.151962653654314
0.0074500601520902 -0.00985004349822892 -0.0558012310844209 -0.159674277876623
0.0328252857476676 0.00531828566078695 0.296458004826858 -0.282317110260979
-0.00351976944052034 0.0145237425572314 0.51921000110783 0.167080946723463
-0.0414858074297011 -0.0146143049318425 0.0721196645964994 0.812698175165046
-0.0341219535791121 -0.0839444156783097 -0.754206934426327 0.58643862031918
-0.0173796107362039 -0.0634730896733981 -0.697122528411876 -0.134817865316043
-0.0189106271738193 -0.0495095191141358 -0.0843579807218589 0.0699112542295896
-0.0643387568341649 -0.0133140926683405 0.707744372498926 0.160451261748524
-0.00549294306552105 0.0252178885828739 0.699275059584403 -0.630817923528535
0.0364855822614691 0.0173856881466466 -0.19542207168078 -0.865719332513463
0.0445271541374165 -0.0218404519377874 -0.610474019634447 -0.142795762893517
0.0132682216754926 -0.0479532327255266 -0.26531184430218 0.282665269266778
0.00338760441698322 -0.0175248512196796 0.0934408607655965 0.134175077440696
-0.00195197939299536 0.00359776969021944 0.155204422811712 -0.183844860945943
-0.0189256726966195 -0.0186168524047723 -0.142632520728991 0.15638281857928
-6.31378527732387E-05 -0.00901323582832304 -0.0519648532952568 -0.155376327764274
0.0280005566887043 0.0109509076746466 0.303546119669365 -0.280051561113151
-0.00237553279742616 0.0234677265454541 0.523535949698306 0.168972206289456
-0.0372610758098715 -0.00633524837242999 0.0634008664204711 0.806412614960953
-0.0347369385607006 -0.0784775460364135 -0.765706412208166 0.570406327716536
-0.0238867486122969 -0.065100022919243 -0.701082014232471 -0.147440774079942
-0.0270530883406347 -0.0546521000120972 -0.0869510429735117 0.0644437469280079
-0.0715250798124501 -0.0133604206511657 0.705384383955703 0.151743557467341
-0.00532850507336443 0.0310666399487363 0.689642644362004 -0.641344040974973
0.041351956881113 0.0255139188194946 -0.203858040823537 -0.871344214735912
0.0457476674527988 -0.0133301574940373 -0.606866144763138 -0.138454802695769
0.00827675684681353 -0.0428484877066369 -0.257337237378419 0.288267557098935
-0.00347387282320708 -0.0173786979304937 0.0975803996633592 0.138030459857098
-0.00953242704262953 0.00231359187073742 0.158086853787427 -0.178151666209882
-0.0277408969411639 -0.0181755671564672 -0.141211728342093 0.160530144941361
-0.00700299326921706 -0.00646232250716844 -0.0495887935538966 -0.151245693900654
0.0221038775813952 0.0180685787870403 0.307347366331491 -0.278855637767293
-0.00219128376061262 0.0331879895690051 0.526430391743469 0.165717318087086
-0.0342395398165879 0.00343602425451296 0.0664092984897782 0.799992062817458
-0.0352549659330102 -0.0701414305483128 -0.763633119301559 0.563174164634279
-0.0303907490177562 -0.0646433176565771 -0.705704971323203 -0.153481766398042
-0.0335971050938318 -0.0577811903200717 -0.0924808877648804 0.0575634005325223
-0.0770569600365904 -0.0112910326737315 0.70022905680584 0.1465982057495
-0.00546079838384939 0.0407325142120264 0.688519777332928 -0.64607977627445
0.0443462162358267 0.0356427190006228 -0.201593392181836 -0.876287039408029
0.0441154595703895 -0.00469907722059878 -0.602946268069813 -0.139173195103785
0.0012312856350052 -0.0364076299050447 -0.254775838124905 0.288974371290347
-0.0113227368353968 -0.0162645562615989 0.0981825514141906 0.142316301890036
-0.0168719309877046 0.00171117774727047 0.158016921668246 -0.173752363000369
-0.0363645776134499 -0.0165704827293942 -0.140200884123152 0.164747640123934
-0.0149788394692475 -0.00317087127851631 -0.0537407430016479 -0.14674888734626
0.0149003273594109 0.0252940833368233 0.30549284156903 -0.276932315740125
-0.00429437346037991 0.0422041686004027 0.530848800222701 0.158485341427866
-0.0316969543358317 0.0138179363132689 0.0792352302463469 0.791736405940975
-0.0352454134506984 -0.0605446953430827 -0.757510946241512 0.565943408321475
-0.0326771363168821 -0.0616433312925674 -0.711357839804202 -0.152981960680774
-0.037734925954181 -0.0574318792498952 -0.100782988231937 0.049004241277017
-0.0792200968624033 -0.00772655829738534 0.692199499354655 0.147324096798334
-0.00514434783928994 0.0491021174423845 0.696390787739414 -0.639828341283762
0.0456755935497804 0.0456826515523461 -0.185583347886209 -0.882058015729816
0.0412228760414505 0.00508220345976705 -0.601539814762769 -0.147202737993726
-0.00537836811934626 -0.0302829951787907 -0.261546749619454 0.290804654657225
-0.0192524557626078 -0.0146106318183465 0.0944341177800924 0.146198795607332
-0.024528670377728 0.0019351312215441 0.157323933164965 -0.168562446563251
-0.0437649228969873 -0.0143220582668336 -0.141553963509074 0.165930762636063
-0.0216410790289494 0.00102101845627252 -0.0581071401168673 -0.143096582282342
0.00721505099868631 0.0302898693608168 0.297800389336104 -0.277815641621315
-0.0089792143145698 0.0500383391064333 0.534574055383015 0.150876269170403
-0.0296726776239151 0.0227991364661348 0.0992921069639787 0.787148860852815
-0.035290445732275 -0.050944246974474 -0.739749537522196 0.577652395677145
-0.0340690629141099 -0.0551175283902411 -0.715608460129116 -0.147568341726767
-0.0389709882419808 -0.054513293702922 -0.111704846896967 0.0409107378020202
-0.0799200717540451 -0.00249207776436468 0.686164806306323 0.157389894325489
-0.00566975575173002 0.0574291753978693 0.710925052761619 -0.626280353760033
0.0441881667370089 0.0548317867565288 -0.164809752445681 -0.884549451993674
0.0366583715686454 0.0126445602713812 -0.601643755088321 -0.155588068254921
-0.0118217857390746 -0.0246850618736003 -0.270247621024875 0.29035681054046
-0.0245821210631884 -0.0114880741955822 0.0876127882988495 0.149266777520633
-0.0315405385514426 0.003759452077731 0.156598592538688 -0.164487186095291
-0.0491948070785367 -0.0115998913928447 -0.142429011404212 0.168068820018332
-0.0258300047982979 0.00476235878798318 -0.0662448469082183 -0.139751539941481
8.29596982525431E-05 0.0348570681312214 0.287808209720009 -0.277344546866065
-0.0141883300884278 0.0553118209984082 0.536267046446759 0.14093981761819
-0.0306885172007883 0.0302811203790567 0.125764565462257 0.782342035463692
-0.0328751582965162 -0.0431100214960019 -0.717325256141885 0.594719587746262
-0.0313080018589443 -0.0472498114915985 -0.719165711182263 -0.136531704411621
-0.0358349387395684 -0.0480327191016908 -0.121295796919382 0.0333920469924751
-0.076303206514513 0.00219384955421529 0.677419710653904 0.168274959146091
-0.00568621551838459 0.0633460632903037 0.735072488542558 -0.601895108838357
0.0417969793440799 0.0607014261525291 -0.135300525961318 -0.893051877969183
0.0325201321159911 0.0179718855076594 -0.599310427189895 -0.168278872889338
-0.0166223955276565 -0.0202232481112907 -0.282843423016084 0.289089920810098
-0.0289916322858734 -0.00851624398667201 0.0787409236637062 0.151636509782779
-0.0358618928961064 0.00522646304992649 0.153172951639978 -0.163712514847885
-0.00395945556513651 -0.0113825651469148 -0.145936364606466 0.145818063175472
0.0130109596747183 -0.00541714440050646 -0.0735515091031825 -0.162011446083195
0.034670554602417 0.00317221135566284 0.268774359964508 -0.291232300134238
-0.0097310232118346 0.00560788276110619 0.516975233471711 0.149939041782055
-0.0482697386069959 -0.0215554877320851 0.117901020787937 0.815413429414299
-0.0308791180153721 -0.0854246858529435 -0.711722857708221 0.632791617086223
-0.00297663742143426 -0.0517490791973858 -0.694838765971074 -0.097477578048441
-0.00135308805510038 -0.0325674526827818 -0.0890284203152066 0.0729420696042316
-0.0496972893146369 -0.00364906230736553 0.706621857400662 0.184430930877773
-0.00325766271759286 0.0209276732524276 0.727938185850262 -0.592926937239957
0.0256207684840242 0.00943483690570893 -0.165305723206346 -0.859162345042684
0.0348598875346528 -0.0294476059081228 -0.614976994552145 -0.15097134183133
0.0130627357348501 -0.0509830207730665 -0.28656293020563 0.28309134804087
0.00753449905638655 -0.0160931336786207 0.078194851596391 0.133003629750242
0.00371709451754524 0.00805923870366302 0.1477805163084 -0.188185039947472
-0.00641491941895032 -0.0137770754941419 -0.144557490898061 0.148616836808477
0.0116106870866437 -0.00860664348682027 -0.0655606856130976 -0.161277299335697
0.0346330949230182 0.00303933284550424 0.281890627721687 -0.287306137896422
-0.00547512268216522 0.00813523191594263 0.518619046231994 0.157670155432499
-0.0448172040884871 -0.0197942006793721 0.0936767165995741 0.81337306411568
-0.0324984243562253 -0.0859327308406154 -0.73226400625712 0.610053533984436
-0.00995069589500423 -0.0579532547446284 -0.694838627445153 -0.115239180435837
-0.00989314746186662 -0.0409309465411459 -0.0839966932807199 0.0734099314615153
-0.0569856184363263 -0.00884944025730339 0.70840481717776 0.17028296104161
-0.00430677409746548 0.0214414144900696 0.708058265202111 -0.61544594039919
0.0306719333394982 0.0105617785284865 -0.188903567632015 -0.858520067673223
0.0397783856436273 -0.0274287069566457 -0.612703382352478 -0.141619302469177
0.014371301289197 -0.0504912900173131 -0.273268246112005 0.283378634285383
0.0057412657614488 -0.0171721005119768 0.0877553604169792 0.13280861433139
0.00184867809250003 0.00687879370397614 0.152302175120831 -0.186233616934944
-0.0108829051637678 -0.0166748600917101 -0.14041286041753 0.152243170334204
0.00657751476855116 -0.00942821885997043 -0.0581628988285329 -0.158557746125736
0.0318559675131066 0.00615783390953812 0.291762358543206 -0.283188960761541
-0.00368470144827747 0.0142835379775011 0.520133028517433 0.163170073517093
-0.0413702815524685 -0.014702014758451 0.0762627960153936 0.807741901669653
-0.0347163091833701 -0.0832933471836345 -0.748241084310296 0.590544968815003
-0.0177821480483665 -0.0617335655787425 -0.696607165860947 -0.129842256525559
-0.0200220484311646 -0.0486134927142756 -0.0830955534442123 0.0711102613462031
-0.0649284139509094 -0.0117013048673326 0.707821876868119 0.155001214140062
-0.00539430526198124 0.025341898133952 0.691449586231644 -0.635056370950529
0.0361520214395898 0.0163241627109 -0.20567656858854 -0.861969533538357
0.044244927861101 -0.0218016657730924 -0.609217466028877 -0.135031175771527
0.0121934254614455 -0.0473700341260631 -0.26030345223291 0.287250345492582
0.00197882538181377 -0.0182041595796011 0.0942786634035081 0.133205982602264
-0.00204637917057792 0.00447191981732845 0.152798537867687 -0.184095022230758
-0.0189588382832771 -0.017518372626793 -0.140583071665251 0.156205469025328
0.000221926215071371 -0.00832979481777447 -0.0542257131829384 -0.155778100404501
0.028162549345714 0.0112069363138972 0.299060091068107 -0.28220686650199
-0.00266302672949084 0.0228555641544273 0.523423682328249 0.163976656033953
-0.0375136178537634 -0.00664272718070219 0.071114205989064 0.802924218875721
-0.0353995335898423 -0.0773387677263393 -0.756009787577436 0.573346066581372
-0.0245879737621641 -0.0639998021272695 -0.700396711428403 -0.141604798797774
-0.0277834440751882 -0.0544806890455857 -0.0860487185656779 0.0649007534417377
-0.0714371829374568 -0.0126069064072961 0.703444508620786 0.146082452485066
-0.00520279985853907 0.0311556616106676 0.679709876336477 -0.644969545853918
0.0425630874144316 0.0251934419063417 -0.212545239190761 -0.865232268239192
0.0452967625575607 -0.0148542420114068 -0.607278187130842 -0.13050336353435
0.00799079948957505 -0.0425754804876225 -0.253732444319615 0.288965028947398
-0.00454117980411602 -0.0170998468046856 0.0985831800635685 0.136717221088236
-0.00953214509693403 0.00297133721710408 0.155359954959373 -0.178918397356589
-0.0272901228646047 -0.0178286845938665 -0.139364140380232 0.16025675101221
-0.00722477407256007 -0.00529666562084432 -0.0530894814074139 -0.150726923683176
0.0212892904844996 0.0173148360051664 0.303867564382564 -0.279703911280991
-0.00310652292572816 0.0327601719078105 0.526389417604468 0.160698976701876
-0.0338812913124267 0.00313939344901678 0.0717437907097039 0.797788867370594
-0.0367327030792398 -0.0692537652173871 -0.756617767663069 0.568194711951097
-0.0308502033495376 -0.0636774599283247 -0.705219935469161 -0.146479616546304
-0.0338923356465974 -0.0571943973875843 -0.0913332943389467 0.0581633424127602
-0.0761695951812582 -0.0104024323442013 0.698679264551279 0.139366319011526
-0.00544406662870594 0.0399368079337426 0.679796003890461 -0.651552298943734
0.0443788089278761 0.0348328370097463 -0.210340728291773 -0.870852380247954
0.044957971990838 -0.00474018711151176 -0.603095636270651 -0.13219325787606
0.000997038851258324 -0.0370417246546033 -0.251932749569951 0.292015065341531
-0.011603003989481 -0.0158086502386666 0.0990903743077584 0.14114114453994
-0.016886262572835 0.00200103059040764 0.157090866165023 -0.174206803795069
-0.0364162797883235 -0.0164681311723051 -0.138557116970509 0.164062885595509
-0.0149247288871072 -0.00257361762283231 -0.0551478228743171 -0.146506067564231
0.0145024957953988 0.0238859534408128 0.300169024376841 -0.279745235760644
-0.00490003394312239 0.0420067791881197 0.530789540502073 0.153901060539957
-0.0308342265454576 0.0139544820882703 0.0872349127730885 0.789581271036115
-0.0363587040359906 -0.0596229687378894 -0.749050527060438 0.572983909531756
-0.0331408287558981 -0.0596391056522896 -0.710095320408622 -0.147408000292182
-0.0385019193778264 -0.0569127154980847 -0.100670401855672 0.0501564999982448
-0.0791314150623303 -0.00682224940212731 0.694322456095153 0.141072227353355
-0.00537085050143795 0.049500149749328 0.68807854960881 -0.644534743842653
0.0461752461262899 0.0457457361801351 -0.196122348620375 -0.876600744593011
0.040958557454105 0.00388072406035764 -0.60051954912554 -0.137104292228315
-0.00572217831727615 -0.0307296357975968 -0.257474837993776 0.293659242067657
-0.0185509768122341 -0.0135424456114457 0.0952592473345935 0.144749511772242
-0.0245903759850474 0.00294491931691983 0.155600757391416 -0.169615737750634
-0.043569369028646 -0.0136440542917657 -0.13972218640873 0.16700303385398
-0.0205285761363679 0.00124586905605566 -0.0613090327894254 -0.142950980516483
0.00677461907181937 0.0308955878728028 0.295038611517663 -0.279470642151555
-0.00774033354043697 0.049707039422454 0.534300219001907 0.144835999734792
-0.0298009723093309 0.0231491760153702 0.106694819788456 0.785418500194027
-0.0348416844745245 -0.0503693031635922 -0.731380067106113 0.581920236026223
-0.034128517128897 -0.0538766124324155 -0.714969690871858 -0.141816692732698
-0.0388528704152312 -0.0541672568768869 -0.110376005988516 0.042327805861042
-0.0802479389539477 -0.00255737016390958 0.685829074365855 0.149787138896885
-0.00530717284566395 0.0577783927275278 0.703675328712771 -0.631029100904444
0.0448120738270283 0.0533906272718189 -0.174396680852241 -0.880026020573115
0.0373914829816091 0.0120145859208176 -0.600500563615696 -0.148113242572137
-0.0122165789025299 -0.0250142518488074 -0.267321187659003 0.293942979291142
-0.0253117758616375 -0.0110971495156049 0.0886192140998619 0.148587757675842
-0.0310185709317953 0.00410774845753489 0.154009138584391 -0.165726038032802
-0.0479936734795187 -0.0110069110817725 -0.140369913994307 0.168031678196523
-0.0253884321496382 0.00517489144920981 -0.0686831212930189 -0.138896820036183
0.00034610412468488 0.0346226845025301 0.284212951115439 -0.278547038143908
-0.01330358741148 0.0545501521219804 0.535560791149078 0.134636825810165
-0.0292185113454477 0.0293140451195552 0.131294047349374 0.777938675800964
-0.0332884585053082 -0.0424540297915204 -0.710171056278957 0.600864162976936
-0.0312755564735149 -0.0455396633050183 -0.71771300548606 -0.129903922303797
-0.0369523147788576 -0.0479552132037682 -0.12014371904959 0.0350449127885098
-0.0765795851683796 0.00306335089497678 0.677650086163551 0.161780681897674
-0.00468317283178808 0.063561641765161 0.726108972752654 -0.607372234144082
0.0420985740156769 0.0601810895160307 -0.145679386794098 -0.886775089971322
0.0324446819571298 0.0178133978654906 -0.600445863596832 -0.161442549079101
-0.0167742884430869 -0.0205163270558043 -0.280709456840586 0.29132604438084
-0.0288101147607123 -0.00758525487389823 0.0794685107932391 0.151330313204186
-0.0349923266642399 0.00595864627828853 0.150770578054533 -0.164734045825693
-0.00657239447521581 -0.00644558531084673 -0.093588430533292 0.183009865538214
0.00976810655242821 -0.00900474362997184 -0.120929615381472 -0.131264723482422
0.0323879651409482 -0.0107988520588748 0.165052312084736 -0.358124101199393
-0.00350973263521536 0.00893377564106907 0.539955139737715 -0.0188661884119827
-0.0486640514920173 0.00346048584805354 0.361915413243843 0.736893060189627
-0.0646054845442739 -0.0624948689892889 -0.469032830954519 0.82613832093398
-0.0248547027131618 -0.048563557059108 -0.690056565521518 0.13480499801049
-0.0107806574477914 -0.0290407349238823 -0.0595525697045131 0.0970141619616539
-0.0463389039255363 0.012437214938073 0.722968886314024 -0.0433335234969294
0.000271852776330087 0.0209011779165846 0.509424836222331 -0.781312240437333
0.0287680285863297 0.000304121714384113 -0.421620928020875 -0.752889735745941
0.0251937446603346 -0.0385099277400924 -0.6257600289163 0.0447069550692571
-0.00234950395848381 -0.0520849543225387 -0.186091123458985 0.356055359129634
0.000728831377904637 -0.0183578553375779 0.11345065564743 0.103371557183098
0.00519998311569682 0.00959257533724729 0.0858230470049348 -0.218202266410021
-0.00991650522366077 -0.00901303631853067 -0.092105421738949 0.185236089299366
0.00682002890863846 -0.011646915356304 -0.113005375411028 -0.133222580462119
0.0324943255662458 -0.0116970564252774 0.179179437556822 -0.357383175234294
0.000563437311886447 0.0101729919581648 0.543609523327387 -0.00907150819318744
-0.0447440711302265 0.00344566070550514 0.340875473886897 0.742314649261257
-0.0668428423006579 -0.0634655744807189 -0.49735799592644 0.809663232661573
-0.0326969270731958 -0.0524678935514096 -0.693997444104268 0.11711290994801
-0.0215608494576145 -0.0353035502392234 -0.0548346724553807 0.095683702596125
-0.0545172206873322 0.00911895467499663 0.720109553805515 -0.0594663891259239
-0.00135429236922402 0.0209792277497008 0.481701325536989 -0.794548857612905
0.0347252437344676 0.000136563970004468 -0.44331196204948 -0.74401152614192
0.030895054618431 -0.0388724916866357 -0.619603472009487 0.0536869972503084
-0.00150081500517837 -0.0513884680064937 -0.171581785049213 0.352558366462004
-0.000846235640960098 -0.0189230778419649 0.122339218618454 0.100664678238319
0.00270329996130082 0.00732588958222458 0.0902080728825576 -0.217770101134212
-0.0151327295562936 -0.00998309640293347 -0.0867775425210306 0.18777394519719
0.00126237542484002 -0.0112494518927357 -0.105107869021865 -0.132455956078239
0.0317190821295065 -0.00767506486053527 0.188643211404284 -0.358249550239948
0.00476475424518297 0.0154415006761766 0.546445910022819 -0.00567953533230896
-0.0405451206377068 0.00695348957427947 0.322458588408615 0.745265155537864
-0.0674625522381984 -0.0600605290940783 -0.517016205916895 0.795616705573949
-0.0417284194282818 -0.0536646254639663 -0.701720631064706 0.10407962289232
-0.0333035984652486 -0.0387259510642266 -0.0537590322450784 0.0939653429912085
-0.0637286019714005 0.00827970461550599 0.714177792308023 -0.0719002174335616
-0.00149503776462794 0.0245004725725198 0.460552927520153 -0.806662023509839
0.0419800214332334 0.00322038487522386 -0.460242893531472 -0.744358262995986
0.0354238534018362 -0.0347223918113872 -0.614151066917602 0.0585177997906904
-0.00266015385095762 -0.0484454163101328 -0.160268908395867 0.352894387144758
-0.00484380790281717 -0.0178255333243807 0.129397845952748 0.0997132965133007
-0.000637739178093613 0.00616204940488532 0.0907523945801125 -0.215776058269504
-0.023002788859297 -0.00889813036068556 -0.0857874780870398 0.19078931841837
-0.00450599638843622 -0.00801474201897043 -0.0999045501844316 -0.131613191828272
0.0289019041511233 -0.0012164752530384 0.196360950548122 -0.358309851070438
0.00921562966222149 0.0226351549011267 0.549707529431798 -0.00608786586416342
-0.0344117335387776 0.0128704386016821 0.31301021171259 0.740644512052494
-0.0663417524169267 -0.0545463573470291 -0.52995247860201 0.782188317797403
-0.0488835280810361 -0.0539571994135367 -0.707199850819328 0.0957902024056518
-0.0431702553669752 -0.0418833917067138 -0.0576298493551145 0.0896022509100649
-0.0701607992167641 0.0105536773310736 0.709260659822189 -0.0808400873004228
0.00141627148801234 0.0306832006781269 0.448770074547995 -0.816014813734382
0.0490468264712038 0.010239625772057 -0.468108179574841 -0.74430296812669
0.0401201629427823 -0.0283673810505264 -0.611277947149487 0.0607985078721818
-0.00434981420770972 -0.0423737627251679 -0.150782085333654 0.352361134028176
-0.0108165825582831 -0.0157646939839096 0.133814070014216 0.10184652092153
-0.00800752216794018 0.00709461000539177 0.0948122812477007 -0.211026120311825
-0.0312594659790072 -0.0055480628750442 -0.0820577636280072 0.194449147859286
-0.0102636195790851 -0.00230675352445075 -0.0980290384407636 -0.127781429941607
0.0260099680448425 0.00753447846576943 0.20121848823113 -0.359043424072592
0.0125559708292284 0.0315520221521106 0.551296189880607 -0.0108183259434469
-0.0276348384760689 0.0215783109161084 0.314246203885478 0.734193584614622
-0.0651129356770054 -0.0461102404683131 -0.532973461899321 0.774207293500836
-0.0545884471174004 -0.0509599879282409 -0.712220756281167 0.0919963853434649
-0.0495017964142752 -0.0425228752556233 -0.0653194457086366 0.0844648026572774
-0.0740706973231891 0.0139111297082748 0.702513654104463 -0.0847253489168118
0.00293328836614373 0.0390567312516587 0.44502595815459 -0.819709038258018
0.0554214733191143 0.0182143081730694 -0.468868253253877 -0.749520820285177
0.0412310276825007 -0.0184276844377207 -0.608614557728622 0.058073583624915
-0.00972855703300642 -0.034196061134967 -0.149481032998723 0.355830965501578
-0.0172852613893315 -0.0122806287067687 0.135333831687172 0.105222087273504
-0.0162550084888154 0.00820309789368357 0.0977470505862296 -0.206665158777181
-0.0391607624320145 -0.00162524165766665 -0.0797303330134147 0.19748140728194
-0.0161938115995755 0.00331006747897322 -0.097715383835841 -0.123386222808586
0.0206397641083323 0.0153823431740495 0.198006274721394 -0.357871119599496
0.0135893139404677 0.0420618228733177 0.553459440983995 -0.0190936904925927
-0.021423514523211 0.0304738827546617 0.323769186286979 0.723856909329039
-0.0619804915322664 -0.0376436171146006 -0.524898862324979 0.774728812996221
-0.0569523017648325 -0.0468948821687305 -0.718878834263923 0.0925394990716225
-0.0523580962360109 -0.0413010266147431 -0.0765824914730944 0.0790460822318608
-0.0759998947913439 0.0187327279726412 0.696933065179509 -0.0808208405871934
0.00559750701725378 0.047945579058174 0.455516334704183 -0.814829922664206
0.0593031597744719 0.0270408191086241 -0.456972339515789 -0.758403159388609
0.0411515126211753 -0.00992690491682421 -0.609917871513874 0.0519742594351575
-0.0145503989403025 -0.0261724650396026 -0.153781369165441 0.357503825604724
-0.0234338654897785 -0.00806756228129347 0.133344865939963 0.109833251039087
-0.0230460235815742 0.0112882166075146 0.0983986595607932 -0.202473479811743
-0.0447433123853542 0.00299023743055508 -0.0807341307710899 0.199747983703814
-0.0206764381949756 0.00896244579183598 -0.10277128912003 -0.117943451469299
0.0156688474187076 0.02386797632798 0.191072767225023 -0.356522381704341
0.0124098399896369 0.0489587686285443 0.552204850758399 -0.027297246736143
-0.0172395734765112 0.0383372024345076 0.342209033173484 0.711533476777878
-0.0584939964203115 -0.0288569637113618 -0.504953190501271 0.78190481900705
-0.0552432714291722 -0.0406779762572309 -0.719668974568324 0.0992341034548463
-0.0527509332405383 -0.037690065865274 -0.0877888084397348 0.0751655493470774
-0.0750675393269608 0.0233383223647498 0.691990436899794 -0.0716635173563096
0.008386014037034 0.0551001724452596 0.471911079551227 -0.806869559567609
0.0605370258116808 0.0361578222799314 -0.437960194106315 -0.768976616781365
0.0397666245623303 -0.000994628192454029 -0.611142791383439 0.0432736417174144
-0.0192996903535821 -0.0188442257559275 -0.163035499662628 0.360038923150584
-0.028268043210992 -0.00360243942794499 0.128101940133345 0.115032765009513
-0.0293358625557455 0.0146343093418089 0.0983167335216806 -0.198145301860921
-0.0482783850400213 0.0075421734249039 -0.0814401519127384 0.200693903750645
-0.0237945426565767 0.0136426770896823 -0.108336497226152 -0.112655783132189
0.0110704340754223 0.0295776986585823 0.182115433340118 -0.352528367741616
0.00882319133886126 0.0558413820460481 0.551014106375919 -0.0373440698153044
-0.0156183110583768 0.0442714468766901 0.36171886940636 0.698091934746309
-0.0540849663532703 -0.0217168211453311 -0.479330473466025 0.791675976536095
-0.0508945968202072 -0.0343881751216026 -0.719670689652643 0.110799370488096
-0.0491060983526885 -0.0335599842677533 -0.0994204491734983 0.0719190780873946
-0.06994301779241 0.0267739099779551 0.688698934742344 -0.0557942146539039
0.0105084954145515 0.0607129549501195 0.499912169331402 -0.79323379664855
0.0597763730418931 0.0420491518689159 -0.41405365938953 -0.783974694304264
0.036557390802609 0.00620736241870556 -0.614552892782843 0.0288330864626426
-0.0213308950264009 -0.0135566461907541 -0.175590521678384 0.361654359768865
-0.0312399970765707 0.000972392789781674 0.120305491207023 0.120566998738479
-0.0330949892404944 0.0173368673269099 0.0958417359116916 -0.195720518049505
-0.00660232346035075 -0.00671413032860698 -0.0929687546742028 0.182735016939687
0.00934111477080923 -0.00892813177579942 -0.122724181075751 -0.129676394259868
0.0323544235294753 -0.0105377885162091 0.162310205111906 -0.358150598361231
-0.00465358895081365 0.00983258877492978 0.538951877857632 -0.0212051831130227
-0.0477587759833349 0.00254130316157812 0.366246259448646 0.73302772155319
-0.0646260594350825 -0.0616139578012295 -0.461207499033525 0.82286637473176
-0.0237323842312898 -0.0478488768702439 -0.685326079358237 0.138436097944469
-0.0112879964076329 -0.029014635122219 -0.0591245237279083 0.0973429236785448
-0.0463447636627257 0.0127611240020567 0.721214958563364 -0.0477775890140612
-0.000156237100401156 0.0203154921299443 0.499873415232909 -0.779929853225553
0.0290994940659195 -0.000357918680615067 -0.42703440150214 -0.746301755008636
0.0252532794521531 -0.0385847646155589 -0.623202528354447 0.0506381574063978
-0.00351266291149789 -0.0519481958488197 -0.182334915256548 0.357585377038309
8.53508708108137E-05 -0.016896998880922 0.114020319905474 0.102844100744516
0.00550715175167042 0.00830373488995086 0.083609177696443 -0.217407555221751
-0.00990974990803066 -0.00851686231137425 -0.0896764011992943 0.184199791575283
0.00618473035594654 -0.010590454970732 -0.114081919548362 -0.130864176841598
0.0325459820010863 -0.0105117858427343 0.176262035054112 -0.356841082243558
0.000159877229319356 0.0108144342160415 0.542529029114031 -0.0140829020288543
-0.0446079842235993 0.00350301738641881 0.344737120962275 0.736012662130696
-0.0667417038398245 -0.0616555124645193 -0.489088377312117 0.805967849935822
-0.0329261735781518 -0.0505009576894627 -0.690817674734202 0.120883219501132
-0.021630314863042 -0.0349439554928107 -0.0541599670628295 0.0965959197418628
-0.0547524725864667 0.0108075304024795 0.718229113021284 -0.0623520797888081
-0.00132831887725576 0.0204840570362026 0.473914866635488 -0.793167353648888
0.0347005389451666 -0.00030251934257652 -0.450462231562309 -0.735088347882217
0.0308340078290197 -0.0383074496288551 -0.617472860577414 0.0581964168025211
-0.00186186812779616 -0.0506080969833112 -0.167242108142601 0.352827967797243
-0.00154096653689862 -0.0187327243179188 0.122392277435732 0.100211299035685
0.00283633246922965 0.00814629881520537 0.0883088804983135 -0.21691233327443
-0.0142862232774925 -0.0100454163839456 -0.0855840329855562 0.18688586854847
0.00203274018424526 -0.0102665020966411 -0.10627481864766 -0.13121368520459
0.0312043080206723 -0.00731515523025809 0.18619768686205 -0.358502147305349
0.00408565298141672 0.0156207538181143 0.544589207405733 -0.00995099326819571
-0.0394673863971276 0.00655056127980646 0.326019001248765 0.742255778291235
-0.0671704421007786 -0.0585463733542907 -0.5084435237166 0.794344587922366
-0.0413758737341553 -0.0522672118187487 -0.69751250234655 0.108822903875809
-0.033012226655243 -0.0378953084888526 -0.0538567575675852 0.094116520479477
-0.0636930294508999 0.0100570407410568 0.711891356522589 -0.076924820290134
-0.00116183954461412 0.0245316372545472 0.453899651609314 -0.80863619493883
0.0417684108591633 0.00316768998888417 -0.466183256494955 -0.73393690563666
0.0356931049441734 -0.0344651202967991 -0.611606942278776 0.0633947119558438
-0.00298520142245709 -0.0482769227630245 -0.156835163389689 0.353003338411775
-0.00497982075351716 -0.0177981097718128 0.128872988702605 0.0979789544937886
-0.000989552776313474 0.00648628724482242 0.0900111321423983 -0.214954810105812
-0.0229661220537569 -0.00935382383683898 -0.0840355824607331 0.190424142516359
-0.00407152263329721 -0.0070347383991141 -0.101574702188294 -0.129886884881327
0.0290364565006896 -0.00159033925705502 0.192554933196624 -0.358659121184726
0.00870286543821572 0.0228207489828999 0.548072933188065 -0.00912731782899633
-0.0339611253763828 0.0138131017193905 0.319646252044702 0.737983015933743
-0.0669913814547239 -0.0528882427841209 -0.522778429228598 0.782625345390701
-0.0483655793455953 -0.0525522044000774 -0.70376825666931 0.0983597254946974
-0.0430578130146298 -0.0414772001589043 -0.057793599708045 0.0894710166707094
-0.0694632226731018 0.0113871119259587 0.705556593084366 -0.0844339164709354
0.0015835539449708 0.0311456144099404 0.440255840872306 -0.8148852282455
0.0494426747912384 0.00970383470519473 -0.472822611843735 -0.735020868128752
0.0393676789578313 -0.0287452383148439 -0.607717002430438 0.0670919122129301
-0.0061125645920507 -0.0414699740559297 -0.14742790485002 0.354219896512514
-0.0106345397961265 -0.0155117678357788 0.133504332798116 0.100698164604555
-0.00816748049099803 0.00735925451022735 0.0945224037733616 -0.21037211970686
-0.0312594682929609 -0.00535074530787346 -0.081313747326858 0.193701939904192
-0.00985842643295457 -0.00254813240475555 -0.0989074612592672 -0.126749508167953
0.0250541646263382 0.00635160663139763 0.197292516050443 -0.357038469624679
0.0118229933267738 0.0320842941966794 0.549839215559128 -0.013297717953098
-0.0268826355304017 0.021103125571234 0.31868002693299 0.730247039586981
-0.0646714960431316 -0.0461778115311208 -0.527856786033928 0.775407240485037
-0.053984097503927 -0.0504947483420835 -0.711236657966909 0.0963886816599231
-0.04983126698441 -0.0415126455833216 -0.0646347489576573 0.085073363164493
-0.0744564918406844 0.0148998149394491 0.698917889718641 -0.0888942696743183
0.00364352748292873 0.039670203214363 0.438055466348785 -0.819989144938514
0.0550436757275165 0.0178973274803583 -0.473574268336869 -0.742170442500196
0.041656493824102 -0.0197772988121646 -0.606233354555077 0.0636588646827292
-0.00996817796147464 -0.0344710949999441 -0.146169302805132 0.356152474048782
-0.0178177739831665 -0.0117976231288746 0.135957588926577 0.103973232113784
-0.0159303400626855 0.00920594985602094 0.096590594700728 -0.206140056551762
-0.0383231330503241 -0.0015408032247586 -0.0795787902810315 0.196565261009804
-0.0156356578417103 0.00320436629923838 -0.0999899100182254 -0.121789071196841
0.0214233960918003 0.0151417988195811 0.194728909283618 -0.356873946471284
0.0136408775047019 0.0414248471101394 0.552453461805541 -0.0218965847107943
-0.0213152166957279 0.0295831725258859 0.328554988583886 0.720054963639508
-0.0618509786473704 -0.0367329529831912 -0.515922481832462 0.776501141331245
-0.0564347350817126 -0.0457164265229545 -0.715345316157284 0.0977392815845989
-0.0538416248836251 -0.0401349169726285 -0.0753931190913841 0.0798686300090197
-0.0749928790108011 0.0193550538402981 0.694498494697969 -0.0849677772462472
0.00633063620050722 0.0476858920956464 0.447111418464173 -0.814868865811069
0.0593707094996093 0.02694933679769 -0.462215629986347 -0.749984372833071
0.0415380037100856 -0.010197546731668 -0.605177645101996 0.0576845628469693
-0.0152935985716322 -0.0265035025868393 -0.150249223802362 0.358268824506255
-0.0235996005138754 -0.00791210320206748 0.133152649327211 0.108274841247218
-0.0232761213427661 0.0116100136322164 0.0965626573637626 -0.202061394296187
-0.0444592470850806 0.00378265946120815 -0.0800866432671793 0.19884539180455
-0.0192537667063765 0.00961806190199259 -0.103934082005104 -0.116666545086852
0.0161781689711478 0.0235924163885156 0.188397989146275 -0.355310561843579
0.0123263530529613 0.0491078388027896 0.551383330020858 -0.0312294345886937
-0.0165905024712007 0.037580815993699 0.34409164528701 0.706270987116929
-0.0579169661107801 -0.0282016093105307 -0.498172714730446 0.779386169926658
-0.0543418277185059 -0.0391979254902768 -0.718359147527287 0.103163259591629
-0.052888203638157 -0.0370613838342043 -0.0867739180586764 0.0751025755594388
-0.0745966786725286 0.0238082608182611 0.689390046920156 -0.0753774329775564
0.00864956886985985 0.0548350219428381 0.466892495321227 -0.808439040266395
0.0610456261435514 0.0360724544843501 -0.442254942333104 -0.761959673286307
0.0395047070976773 -0.00119240545437977 -0.609997257868452 0.0491732025972128
-0.0190304226441762 -0.0190472945161945 -0.158602552218744 0.361219722584801
-0.0286894229189269 -0.00326041212936972 0.128729108145949 0.1149906965194
-0.0285034603046856 0.0141675853040466 0.0966658800323863 -0.197922077289427
-0.0476698405085926 0.00788420210881975 -0.0804963632328003 0.200653167175519
-0.0222156060235434 0.0141896253783388 -0.110704536349851 -0.112329922897804
0.0116140821156706 0.030161909006965 0.178458747092101 -0.353321578419316
0.00994840959909516 0.0564524603676654 0.549195305228275 -0.0414563138603144
-0.015239642601062 0.0441199527646366 0.366246594745345 0.693096053458373
-0.0537395242930734 -0.0210449809112704 -0.470849202078504 0.792163196311283
-0.0503349968286454 -0.0331002782765251 -0.716823557971046 0.115451361998408
-0.0480372215273254 -0.0319389431970665 -0.0992154645150827 0.0719539945086972
-0.0697641871364445 0.0276638058083889 0.686386527216443 -0.0611057799416361
0.010606764672595 0.0600371506431416 0.492065344570399 -0.792392003251337
0.0604128566802761 0.0414311369081884 -0.416341588294244 -0.777308279981065
0.0366715390292623 0.00492124377281104 -0.612157512299636 0.0346399727171836
-0.0215952356575846 -0.0131313874755697 -0.172672511373017 0.363662978337067
-0.0308911031046592 0.000923324464475954 0.120528423733504 0.120319800417027
-0.0318675825871148 0.0181158021891236 0.0940475347441556 -0.195332709986562
-0.00610677501389997 -0.00647039988648079 -0.0920742562482522 0.181357545577242
0.00976139754632068 -0.00817622726880925 -0.1249043552345 -0.128784500818263
0.0324319648502989 -0.0107749923534577 0.1575288650894 -0.356881887140247
-0.00395114159653435 0.00992674672321312 0.537121297073865 -0.0239875646778706
-0.0471950274148866 0.00321030606230195 0.370990134887583 0.728968570283064
-0.0639515269875131 -0.0606303638930496 -0.45414023249212 0.822970373010194
-0.0242701596544013 -0.0461352268249833 -0.683143371160834 0.139744159184761
-0.0116295992694368 -0.0287458640728703 -0.0580086706371162 0.0976232121215391
-0.0453948651478569 0.0137526835588074 0.718697068506653 -0.0524573397949551
-0.000525142156248964 0.02018359757129 0.493550905627809 -0.779629192222336
0.0288040644571268 -0.00029966179465203 -0.432092490277804 -0.738848679350873
0.0250921687397931 -0.0381770059783115 -0.620414196098989 0.0559781992704915
-0.00373972133997381 -0.0511410305667077 -0.178039212427018 0.358072950847054
-0.00119293387386255 -0.0169599709615407 0.114217875943695 0.102208946825599
0.00586056496740836 0.00981960953740975 0.0833695179244292 -0.21703507283111
-0.00967747551319266 -0.00959188273808258 -0.0898889821529634 0.184866925230726
0.00699678986926224 -0.0100774759155238 -0.115892443799614 -0.130103253684352
0.0328010622681634 -0.0100771898731505 0.173209255241632 -0.356695813958006
0.000818873533939883 0.0101798504388401 0.541950383864828 -0.0163004088400527
-0.0436665966302168 0.00294432325280359 0.346289908006442 0.732895310834941
-0.0661055134603901 -0.061069064704055 -0.483043517439378 0.807333358984448
-0.0326679946306428 -0.0496393289369648 -0.68844422417451 0.125239966714882
-0.0213519032227698 -0.0338148512363756 -0.0525915915908375 0.0965351666377075
-0.0546338349791409 0.0111435806769212 0.715043007978272 -0.0672010473020224
-0.00140612960957597 0.0213544185781657 0.465844847258005 -0.793194015117827
0.0350694302154753 -7.98510896583594E-05 -0.453888164325032 -0.731170252201557
0.030317771832004 -0.0389727652010988 -0.615481800088282 0.0645714053974649
-0.00210750255007594 -0.0505806694045742 -0.164533005635072 0.35384544968415
-0.002599202613425 -0.0179565546448932 0.123127523697416 0.0992279548897581
0.00347641964591833 0.00749211202866433 0.0876493916228394 -0.215781730435036
-0.0139815303875344 -0.00975876066381713 -0.0846640414609494 0.185733632894994
0.00184605185494469 -0.00928928356524656 -0.107909675280503 -0.130671920652859
0.0308746695030839 -0.00807882463848017 0.182179764329581 -0.35660163760621
0.00460465560035427 0.015935895509767 0.544644591502022 -0.0119657368604476
-0.0389729167679514 0.00738168535515843 0.331150335681988 0.736126559156564
-0.0676762470143003 -0.0581747523452148 -0.502610879913671 0.794034742818985
-0.0412197739341334 -0.0515528408202494 -0.694714634772864 0.111362623715793
-0.0332836933358183 -0.0377762936922591 -0.0527196130551007 0.0947258595855684
-0.0631949235745573 0.0103989842483236 0.709757374243175 -0.0797740768320585
-0.00126042557491191 0.0245967119516236 0.445653506412028 -0.806721692858461
0.0416398395382153 0.00228329512650636 -0.470794341723529 -0.728409064145698
0.0363571638622623 -0.035901167806514 -0.610380789173951 0.0686930222440146
-0.00346078870705239 -0.0478953670317749 -0.152718035114892 0.35318110832352
-0.00627723403523965 -0.0172490713136408 0.128991821068007 0.0977286576655897
-0.00137875011683428 0.00680757767145371 0.0887902451071372 -0.214045689589786
-0.021944492302128 -0.00868924853101561 -0.083238229746396 0.189360766136318
-0.00431909122441911 -0.00625188403649286 -0.102924242779232 -0.128638961892597
0.0289602179495321 -0.0012489425719805 0.189192715294076 -0.357785947394018
0.00924189946744915 0.0236806025012523 0.547347303083335 -0.0135406606170931
-0.0335729013234559 0.0132541131470708 0.323029319141538 0.734559394634811
-0.0670137236289721 -0.0529679491764661 -0.518476939720001 0.783292528114854
-0.0488813046629032 -0.0507577081861694 -0.701198550454601 0.103612141644943
-0.042689469831822 -0.0405562949095012 -0.0555753880466199 0.0898142533731238
-0.069715276034915 0.0132822883510234 0.704167346492536 -0.088659992513587
0.000823814428378339 0.0310736080808627 0.433572049677126 -0.813922108775028
0.048940991500849 0.0093641111049041 -0.478259508546839 -0.728420684202877
0.038971028319183 -0.0283889202706702 -0.60807635862301 0.0727070824962339
-0.0064870685300424 -0.0413987563906381 -0.143645298646975 0.354098638633883
-0.0120570161917519 -0.0155403507541501 0.134073216305244 0.0997137443613493
-0.00847575486343851 0.00810871539038218 0.0936577807113998 -0.209726127752957
-0.0299840334396509 -0.00555787502274184 -0.0806021859200699 0.193212815353358
-0.00978884943653188 -0.00156187371833413 -0.100379389736792 -0.125662766332252
0.0258310404778124 0.0066383000335401 0.194750102462499 -0.357479409776129
0.0129093725989129 0.0319174218135064 0.549629085112146 -0.0182700025399578
-0.0263461522706817 0.0201744384886539 0.321591151834002 0.726358365241005
-0.0647030640769471 -0.0452687723496882 -0.521370463784716 0.775779578288314
-0.0535588227771636 -0.0491741931618861 -0.707851440361781 0.0995345241621889
-0.0499929606650122 -0.0408430839945914 -0.0632566659251173 0.0852703309832401
-0.0733470525749062 0.0150533545420066 0.696210204216431 -0.0911191327896776
0.00424833092609839 0.0388754545997663 0.429098853914479 -0.817672497685141
0.0550616544926912 0.0177204818687119 -0.477289153010614 -0.735380967025512
0.0415092781577828 -0.0202215949585891 -0.605371528110783 0.0680699829763959
-0.0113514376459388 -0.0339169689970467 -0.142163832022025 0.35615348964683
-0.0176670447024005 -0.0114357541849732 0.135745070238315 0.103528071898536
-0.0154788526122394 0.00933442952257732 0.0943557530453279 -0.205594259110684
-0.037647601153436 -0.000615569450665009 -0.0787104436251145 0.195953619854115
-0.0142941850681392 0.00365471370118774 -0.10152288269936 -0.121243586581581
0.0207245678330338 0.0149112593297752 0.191702191962919 -0.355508899772867
0.0132331423552837 0.0410728586715089 0.551444409394801 -0.0252184782391798
-0.0213973098604741 0.0294769454963312 0.332008159882133 0.715532284483359
-0.0622438045305039 -0.0364383291719738 -0.509783504084289 0.778306352171649
-0.0560411952406232 -0.0440825855571213 -0.713181432268686 0.100687755058696
-0.0535512573678193 -0.0400700017362665 -0.0744009114184928 0.080972968389488
-0.075368849462836 0.0204486294035922 0.691077458046705 -0.0895134575118733
0.006274740516982 0.0476165251368727 0.440596149643156 -0.81531125811372
0.0591267549688812 0.0262963480026454 -0.465366439154368 -0.745117587784019
0.0410470814187844 -0.0106244249112967 -0.604298765359068 0.0620165426758964
-0.0152587473948142 -0.0259620177663848 -0.146606337947569 0.35944921800723
-0.0250959119032624 -0.00718335627075044 0.133480126151082 0.108624765149059
-0.0222611781130893 0.0120136882239838 0.0959278664377751 -0.200859144739294
-0.043510672002101 0.00421307012916579 -0.0792429885241153 0.198197140763367
-0.0193977086303379 0.00997784811349667 -0.105567095459103 -0.11590156099242
0.0165228751871145 0.0229791110211808 0.185121023604185 -0.353726611316791
0.0124386309302002 0.0497923851259957 0.551192614081716 -0.0344847326889627
-0.017158455981372 0.0373361131927768 0.350659970269458 0.704839835845904
-0.0579268245693016 -0.0276542340508283 -0.491006635593534 0.780581139055314
-0.0552234265104621 -0.0387587931941294 -0.715583674915411 0.105225107098191
-0.0536504612919337 -0.0370050032509643 -0.085837049659788 0.0760458563375152
-0.0741005594107273 0.0243733297327265 0.686992904566731 -0.0788628237770859
0.00835927955114991 0.0549880054019198 0.458665990121237 -0.806827247914171
0.0617796828291005 0.0352435445876085 -0.448030926865521 -0.754503192983997
0.0395293343911088 -0.00250966439936004 -0.607310571074304 0.0532248384752367
-0.0198853533174957 -0.0182544149271434 -0.155569777445939 0.361902030576681
-0.0286758586135637 -0.00247650123451695 0.129044886762271 0.113971571378872
-0.0284052739244969 0.0149842912096429 0.0955877761219437 -0.196375121049689
-0.0471438163568978 0.00766396034263771 -0.0795907158077273 0.199579551294691
-0.0215117173880428 0.0148247648505125 -0.11155941680455 -0.110892308110154
0.011470417941314 0.0300575847109056 0.176047429640118 -0.351613952674207
0.00922533177984424 0.0555163249099161 0.548913011086579 -0.0438628133324578
-0.0142346285781507 0.0423455396666246 0.369868870331681 0.690240748020646
-0.0530561313333031 -0.0206159536316477 -0.464514746479721 0.790351669307303
-0.0495737191965961 -0.0321620668881839 -0.713988431042705 0.118539243898764
-0.0488471107846925 -0.0322891336856743 -0.0979155695736979 0.0733282500165012
-0.0697822233934336 0.0274953807405938 0.684936737306967 -0.0642517608022463
0.0112597343116427 0.0596183713178165 0.484366611935455 -0.791588701909275
0.0604692329528689 0.0408777686338731 -0.423322316760294 -0.770636824446375
0.0370697894224626 0.00480567202879317 -0.611068502693907 0.0406093927825177
-0.0221937228882847 -0.012798710737312 -0.167457376945661 0.363981256852176
-0.0311022176254878 0.00155781431202539 0.120619498616553 0.119083998507173
-0.0313523233324224 0.0175898381552622 0.0938179620337739 -0.194775467637825
-0.00554320306278343 -0.00698812856805408 -0.0921381698346933 0.181298265834474
0.010576938177525 -0.00746077805446193 -0.125826901801649 -0.128212000418953
0.0317120161324681 -0.0105750273366197 0.155703841687666 -0.35777502450317
-0.00426750517647121 0.0103310428161022 0.537591717111726 -0.0289175479899528
-0.0468142291399933 0.00222216234607612 0.373435264723873 0.724109053295187
-0.0643477384233395 -0.060784360504583 -0.450488579256415 0.821887397774221
-0.0241685368248589 -0.0450498107871051 -0.680531371723415 0.143665709202483
-0.0115532481908006 -0.0282738563328724 -0.0576500389438685 0.0979460528398138
-0.0458079810511474 0.0141817927918273 0.716504558739056 -0.0560848233145472
7.77719417286785E-05 0.0204028963010143 0.487582262093267 -0.779055034804837
0.0291393255003234 -0.000517742392532661 -0.43578231393356 -0.735493673226086
0.0249311824952396 -0.0389963451796872 -0.618088935354887 0.0602059107039772
-0.00472443690025886 -0.0504387545646632 -0.174106215125283 0.358303134637928
-0.00114704144094774 -0.0174301906899871 0.114294521887258 0.101971353214947
0.00545757977261263 0.00947427091764477 0.0820330875305255 -0.216019503509592
-0.00962979007182407 -0.00972685583064529 -0.0881382409351566 0.18386827798097
0.00690304480279316 -0.00993336093765753 -0.117188237494727 -0.129875864558647
0.0325727777772063 -0.0102162111888464 0.170039195983947 -0.356107460657229
0.000270072399461268 0.0120569374405805 0.540564468416814 -0.0182464517195876
-0.0440230838361138 0.00301957833864408 0.352276026166841 0.72950817782231
-0.0665870431004978 -0.0603793586374279 -0.476191364641105 0.807540181093496
-0.0321194247799374 -0.0486723737890445 -0.686156510735363 0.126285395554139
-0.0219129511552935 -0.033628438859005 -0.0517265807640835 0.0969855072040381
-0.0549537241053688 0.0124286903437397 0.712220609482191 -0.0701078664376072
-0.000818464153842687 0.0207741237395749 0.460066893529164 -0.793705837602784
0.0351565941265616 -0.00048736898458459 -0.457873942175829 -0.725448189508545
0.0300071521534547 -0.0391591304801596 -0.612824820071268 0.0669650862952508
-0.00357847616880745 -0.0503427422258578 -0.161119093449342 0.355648438107943
-0.00280485329486418 -0.0176364790078607 0.122405770063834 0.0988386929220193
0.00322256816212325 0.00735638483936452 0.0864810172655119 -0.214598975079287
-0.0141499032327596 -0.00968387724628442 -0.08445129680432 0.184999799447345
0.00246135230684313 -0.0085229243947424 -0.109055395128323 -0.129710305720811
0.0312021668756973 -0.0077994791419159 0.17993209224688 -0.357008097167233
0.00382418591690267 0.0158445153387839 0.542838501991851 -0.0146335734070943
-0.0388514868326072 0.00640939675876174 0.334080760406038 0.733330121795784
-0.0664464366811978 -0.0580748624810885 -0.498813799670047 0.7941887799969
-0.0409738379332692 -0.0508006605997194 -0.692490079677039 0.115447919825956
-0.033407751947682 -0.0371915313345147 -0.0518981214302236 0.0948268494124434
-0.0632951560250188 0.0112278419269634 0.708987954143827 -0.0821512073511018
-0.000891626485026359 0.0249653081032077 0.438648960916997 -0.806458999154594
0.0414568116569873 0.00212655795063845 -0.472713843478203 -0.722608190903212
0.03539760187854 -0.0353608546887272 -0.607838033024096 0.0735727859414038
-0.00423658115587913 -0.047860373692633 -0.149613664851455 0.353812213082182
-0.00628171102676814 -0.0166792167473693 0.128665910938646 0.0974665167348753
-0.000736225334750061 0.0067420284689248 0.0875624089415908 -0.212731351350817
-0.0219317803893599 -0.00863647007662449 -0.0827560654644523 0.188879183788749
-0.00300364578086716 -0.00601821189981926 -0.104434817051472 -0.127735279614831
0.029250020759778 -0.0018199078443591 0.186847300673191 -0.357646942969575
0.00939559785038949 0.0238272420313064 0.545923661367642 -0.0156765643631892
-0.0333169990633847 0.0129456428398187 0.325618508342362 0.730592068974801
-0.0666969244781565 -0.0521374763482017 -0.511920701864306 0.782079937927103
-0.0484025057702995 -0.0501509700193425 -0.699739915682756 0.104963868707811
-0.0416983196823813 -0.0401451060427777 -0.0559963352642772 0.0908512522986184
-0.069208383165015 0.0131737491193316 0.701489666520892 -0.0921913700889748
0.00052856724846434 0.0309039965125356 0.427850563956549 -0.81309076667084
0.0489549385387389 0.00841505255362027 -0.481543445803167 -0.721775621128368
0.038902238402439 -0.0286037010321769 -0.6028085341206 0.0769856036454638
-0.00708874134066185 -0.0408035825518104 -0.141501210567121 0.355303477591098
-0.0125634144682614 -0.0143206400486222 0.133336870949102 0.0992142626296097
-0.00839414100035075 0.00780640916230123 0.0919640733759723 -0.208991972238284
-0.029621730304533 -0.00529057783744464 -0.0800358875574917 0.192381051199121
-0.0092214388943839 -0.000714754238084053 -0.101489912381818 -0.124911353714818
0.0251371500100081 0.00700681139438345 0.190539029758971 -0.357507773687223
0.0126279921085755 0.0323295326221872 0.549657924222669 -0.0213209333780121
-0.0262771420200525 0.0204544354256283 0.326278203442702 0.723119187963688
-0.0637408202427956 -0.044742562730837 -0.515715722055773 0.775582154977461
-0.0536264222193952 -0.0479143269302023 -0.706206528811788 0.102633922018413
-0.0493580717186036 -0.040315576160174 -0.0629560924173084 0.0854652297429024
-0.0734449217231287 0.0163190986970769 0.694975933173925 -0.0949787985652864
0.00369227698258216 0.0381634699076363 0.422391761333286 -0.818896220303329
0.0548535292566499 0.0168890669450351 -0.480851019556348 -0.729113342917788
0.0409942684809776 -0.0200636565656991 -0.600520903128679 0.0733358494406732
-0.0113983188618419 -0.0345419812317182 -0.138759424649654 0.355796145853087
-0.0184139415967365 -0.0103948365079889 0.135961461837046 0.103237058146575
-0.0155839045862384 0.00966865914602256 0.0946039817833399 -0.204575670655839
-0.03739797939886 -0.00141736591209235 -0.0787870412988856 0.195386325312328
-0.0137984947676408 0.00447091221513723 -0.102354912150994 -0.120435160090363
0.0213345557546853 0.01525383679617 0.190131422899793 -0.356991506311771
0.0138466045440068 0.0416960692691722 0.549188987184919 -0.0283920138966407
-0.0205068770564351 0.0286020503569497 0.335166335207023 0.714013509186996
-0.0619279619368789 -0.0367515599251955 -0.506859918431347 0.776455724979725
-0.0555803397165996 -0.0436106174416327 -0.710813901392332 0.103397555513176
-0.0530732610069025 -0.0388978846254108 -0.0738887311936921 0.080916756039195
-0.0747741136985348 0.0203965480774832 0.687854802517303 -0.0908635223294625
0.00637455433392536 0.0478244514312622 0.434618078023195 -0.813357044122745
0.0590214025389663 0.0260747809613628 -0.47038467253113 -0.739223898172833
0.0411435910637281 -0.0112343305981182 -0.60137662233604 0.0668955855947301
-0.0162916753111179 -0.0264584646462844 -0.143532589641501 0.359403924464797
-0.0246459094151078 -0.00692043229729994 0.134190310818258 0.107780426899163
-0.0221375799586717 0.0120789668764791 0.0945622303506052 -0.200220900658975
-0.0437316445533149 0.00384954212100732 -0.0780995210516754 0.197941840611298
-0.0182995441875574 0.0102564370562018 -0.106120662052283 -0.11544853672954
0.0166241330605815 0.0235398463573526 0.183046098161626 -0.353909597900638
0.0126111178091434 0.0502592157940003 0.547949740473444 -0.0377602609732409
-0.0166144747183521 0.0361243639233546 0.351122748045854 0.700716183108489
-0.0569246078307263 -0.027432505474342 -0.486478967423947 0.780275044937523
-0.0537766867957603 -0.0377883319368231 -0.714106930172069 0.110175528544733
-0.0530785812389078 -0.0360125199193421 -0.0854362398004296 0.0767966857884882
-0.073985304466876 0.0254848809687827 0.686029559163306 -0.0812470132948637
0.00902239716919724 0.0546684628283889 0.453436845031402 -0.805913951710179
0.0607106278709681 0.0346606439380329 -0.45061122659502 -0.750044869888975
0.0400595646003144 -0.00261912414028116 -0.605084738899653 0.0569893226218165
-0.019624105582335 -0.0190901306476389 -0.153753742446412 0.361463629677817
-0.0287175271661908 -0.00197364269411919 0.128709954886977 0.113248460347026
-0.0281397623749708 0.0149538701501505 0.0952645708487256 -0.195764950714296
-0.0463125123088717 0.00821837985386801 -0.078909021248894 0.198384756408275
-0.0214832334111964 0.0154822457146158 -0.113319132430208 -0.109032624284455
0.0117805545550306 0.0289234074571621 0.171648997508941 -0.35131199222267
0.00945854006560765 0.05656043966006 0.545907969439541 -0.0475780917905712
-0.0142115876134845 0.0422852480531342 0.371478509819423 0.687156370416057
-0.0529384039643216 -0.0198133668649505 -0.459105835088772 0.789743542577607
-0.049772525605037 -0.0305343492076963 -0.711926595293012 0.121301421863336
-0.0493563828808871 -0.032369480997112 -0.0970007857912069 0.0735368093275704
-0.0698979061894991 0.028262258438973 0.6817841414651 -0.067967781835633
0.0116037391699352 0.0593629021638662 0.479249399418142 -0.791860026846257
0.0606271383306458 0.0401937838634302 -0.427720454385221 -0.765852312789609
0.0365002900640298 0.00427822520416708 -0.609440286053587 0.0429148383772097
-0.0225500489632593 -0.013970716600478 -0.166239406148171 0.364422595598688
-0.031773805781876 0.0020080141757328 0.121266178777755 0.11900327690866
-0.0307296608655091 0.0182581889716145 0.0929391870605305 -0.193691947105968
-0.00592060276176109 -0.00657867208889754 -0.0913019007279494 0.180241491463625
0.0103601370778149 -0.00724234692887345 -0.127513985359918 -0.127000738524665
0.031747114351363 -0.0100434622793742 0.153600423907438 -0.355921911456347
-0.00324233163431795 0.0105047243591705 0.536273698711831 -0.0317010402830633
-0.0470099581967003 0.00233064045134846 0.376550382055244 0.721358709610342
-0.0641730749173269 -0.0595205075619729 -0.443769969755322 0.822170113812854
-0.0233816817267278 -0.0443712124354658 -0.680979558509443 0.144644492932524
-0.0109282789189055 -0.0280478844431775 -0.0572929665621664 0.0977696490655796
-0.0451504320570701 0.0151051667033071 0.71451879697397 -0.0580949025559738
-0.000416283774610823 0.0203449451477581 0.483018142882521 -0.780764143903851
0.0293178085687414 -0.000727277060442586 -0.438144911792161 -0.728471271654316
0.0240514250866371 -0.0387393838933888 -0.617441852062708 0.0637542947742059
-0.00562104787967673 -0.0503715136201199 -0.172971164788684 0.359478747044146
-0.00113429545070144 -0.0164243220805193 0.114617110180064 0.101949245867453
0.00524483884721324 0.00943675256494756 0.0806047383175389 -0.214831451029476
-0.00930642265339912 -0.00889981396241368 -0.0887233263050615 0.182466492585453
0.00794877316322912 -0.00907887175008345 -0.118845474824448 -0.128638932897728
0.0324220109204282 -0.0102138376972452 0.167494707025771 -0.355573516200558
0.00119255332580256 0.0121525996390545 0.539115692063124 -0.022675917277359
-0.0436022191570746 0.00247558577043691 0.35502930060852 0.726549403268762
-0.0654081964372898 -0.0602712260715102 -0.473554874686191 0.805540931480665
-0.0319471488623571 -0.0482321766595621 -0.684798116208981 0.129499327041543
-0.0216006981498372 -0.0323769171940392 -0.0512896351509003 0.0969338041208422
-0.0549584651868838 0.01187017846186 0.711211109478991 -0.0728551995739626
-0.00060327965717407 0.0208117922943916 0.455811405871587 -0.793954109254026
0.0346421032364901 -0.00133471817341355 -0.460164959116838 -0.720431524018337
0.029844903950447 -0.0386175017766858 -0.611386313796898 0.0726124043569916
-0.00430256792900693 -0.0500582882365567 -0.159286492521151 0.356558558070335
-0.00303033000081997 -0.0175114032481232 0.122733428812419 0.0993569567662739
0.00324476533317141 0.007433852511254 0.0859469544557726 -0.214638015795508
-0.0138436596448008 -0.010208656227667 -0.084303206267039 0.184408985739444
0.00289765162868436 -0.00836563190248481 -0.110770582494693 -0.128565927611092
0.0303656434527408 -0.00823912725661648 0.178074458294691 -0.356261953609746
0.00470767853923635 0.01686708666499 0.544146683617414 -0.0179564408574353
-0.0381919840056777 0.00655181455095506 0.337602709345603 0.730348290901891
-0.0665359375000489 -0.0570294608852259 -0.494371767968642 0.794588079304026
-0.0397618242139702 -0.0490623475820566 -0.6905638479128 0.11585059246736
-0.0329293047246453 -0.0361167878690541 -0.0507242374314163 0.0944353639243666
-0.0628360300281373 0.0122181728225856 0.706031407253446 -0.0865627480947182
-0.00097091266089791 0.0241437428011775 0.434487464119076 -0.806853791485042
0.0413492261018236 0.00195477979820011 -0.476010702540003 -0.718349037896918
0.0348461582230897 -0.0356051567278726 -0.60630198348191 0.0774877239101694
-0.0049137414270047 -0.0476180393032002 -0.148127082634002 0.355751804943908
-0.00676613719723354 -0.0164803352882271 0.128639251850401 0.0977033075340085
-0.0006880585762888 0.00682710102792275 0.0869278581010541 -0.212780019433047
-0.0222433647249217 -0.00824814801918148 -0.082828734019392 0.188752196257534
-0.00312713963754782 -0.00530998867873755 -0.105607403307383 -0.127746887032473
0.0283788593046838 -0.000800734685479389 0.185536516567375 -0.356140328265297
0.00877843877428382 0.0248790853702946 0.545970324128995 -0.018690054402944
-0.0330503696721501 0.0121859511583689 0.329380705191523 0.728104856011075
-0.0665050169756911 -0.0521912985533406 -0.507966870244648 0.78350589039743
-0.0482173697079222 -0.0496098005521762 -0.697307005741226 0.106549745222145
-0.0421989187724131 -0.0390607520572722 -0.0548336145380871 0.0901289045680518
-0.068572550346085 0.0139514523214723 0.699869253589676 -0.0936424675360488
0.000315986710702577 0.0308111770886627 0.423364702649467 -0.812092748983734
0.0490831395402722 0.00905337611009784 -0.484251302124984 -0.719494896483483
0.0388891271067857 -0.029166933175793 -0.60106534091313 0.0797592789294708
-0.00817768094078091 -0.0406901556417536 -0.139628230145046 0.356424050908727
-0.0123060101907009 -0.0141861591342196 0.134278378562002 0.0991738969909392
-0.00789088573657865 0.00794410086878625 0.0916219720290515 -0.208172400258497
-0.029253654434556 -0.00535494303890113 -0.0801763069840101 0.192152878879805
-0.00776282159893319 -0.000297970008405144 -0.10297817725404 -0.124480916889274
0.0251541377744437 0.00693995543148078 0.190132995745385 -0.356390229644544
0.0122303378036198 0.0335730965272211 0.548967838865008 -0.0225210030440394
-0.0264952366897653 0.0199102518198634 0.330221231374565 0.721380302074137
-0.0644701755376801 -0.0445572148579623 -0.510236405527434 0.774751817082205
-0.0537678927409511 -0.0462315469900055 -0.70350180561798 0.103095650144788
-0.0499597872437199 -0.0397477302899838 -0.0619348572450079 0.0855325094377056
-0.0734250317475334 0.0171081114771565 0.692316646985317 -0.0970677419834054
0.00388456569699788 0.0389825015610798 0.419925042729386 -0.819256510449093
0.0555487332397416 0.0162988858764059 -0.483364738662925 -0.723959720054758
0.0406498448659447 -0.0204326940814032 -0.599143898042808 0.0780312023285283
-0.0123117867071325 -0.0331279744864417 -0.137346968568373 0.357088873387312
-0.0187730440441345 -0.0105874902326216 0.136003237842975 0.102551941602818
-0.0153963281498547 0.00961101631349591 0.0942703011711157 -0.203905877481949
-0.0369436930424689 -0.00162580558718799 -0.0779883927235034 0.195518053482313
-0.0135973137541414 0.00501566340519933 -0.104041111976658 -0.119060728873282
0.0215843807909959 0.0147183563199733 0.185835735027152 -0.354954707955652
0.0139065380776402 0.0423534818213753 0.548877117201365 -0.0305255016022524
-0.0204283766983093 0.0284689717587972 0.338949297852758 0.710883674991098
-0.0616885518189095 -0.0354507795236321 -0.501854792673169 0.777324495254587
-0.0551325012522928 -0.0418651666859241 -0.708039992957542 0.105812357071797
-0.0536901188719574 -0.0387085631689283 -0.0729496968671538 0.0815792723018374
-0.0743872965624965 0.0210411680867708 0.686780823461528 -0.0931394647145703
0.00683308740334498 0.0470029157424482 0.428965627893763 -0.813271428786025
0.0591100422795095 0.0248298377185597 -0.472918926879982 -0.734281737029937
0.0408868377678551 -0.0112654598757161 -0.60074402192354 0.0701824283186635
-0.0165408757837533 -0.0254251729839725 -0.141322895866204 0.359990495140054
-0.0238154976261915 -0.00639969203612391 0.134414499240344 0.107123137072581
-0.0221324208687089 0.012184684787984 0.0943093816727729 -0.199611430434238
-0.042738575341486 0.00404964591936378 -0.0777336919553905 0.196959957050705
-0.0172242364367389 0.0106020011569956 -0.107501360000253 -0.114623061934293
0.0164624587181815 0.0231502003023601 0.181097500183336 -0.353968556526916
0.0130195856162044 0.0499738410739699 0.548933814382769 -0.0401554974579369
-0.0158407576134352 0.0360947943993188 0.35479215353285 0.697465329792276
-0.0564920490376107 -0.0269834576336294 -0.482696870980321 0.779637299547828
-0.0544168063747277 -0.0365954069218682 -0.712572733744633 0.112482790612217
-0.0539237376371188 -0.0355517607739692 -0.0848975925990534 0.0769873937631444
-0.0734746950328598 0.0253710810193412 0.683659770360646 -0.0834560108326404
0.00836685533484475 0.0546090434343625 0.44826246651208 -0.804495697573115
0.0606971726760739 0.0335760226764638 -0.454755171002035 -0.745000354235657
0.0389580324254531 -0.00277683559782002 -0.601683864510526 0.0620722421371842
-0.0203472376850338 -0.0186339462376501 -0.149616749747685 0.362572381943038
-0.028473637895189 -0.00134723539657572 0.128691734320484 0.113440779156978
-0.027552285236472 0.0154892908643945 0.094427391677763 -0.194925402137478
-0.0459294887258149 0.0086306764880103 -0.0792641699830673 0.198237877464167
-0.02019021411669 0.0154301226301525 -0.114359193484329 -0.109125207231196
0.0124503353891 0.0289325949098225 0.171228091124822 -0.351022063171984
0.00987449226905779 0.0562800168127143 0.546474954131459 -0.0496981405212349
-0.0146974134445 0.0418994157971511 0.37524144402078 0.683516125067901
-0.0523318771705583 -0.0205386429810132 -0.457842719184937 0.790397193766164
-0.0493739747449684 -0.0291101349252901 -0.708971578643158 0.124250650686913
-0.0492981971032274 -0.0322542806215434 -0.0957646343872892 0.074023230969722
-0.0687780425563397 0.028906910078908 0.67926589889744 -0.0693743065586521
0.0109348667247593 0.0597371780340149 0.474229469681673 -0.791429321033856
0.0606577944214908 0.039592958942342 -0.4299531976323 -0.760692275849415
0.0366025026721009 0.00337801356807073 -0.606516112134338 0.0469468897393116
-0.0227206614857709 -0.0130377687456197 -0.162742210388495 0.36498501090472
-0.0309472959094558 0.00231696889943447 0.121504468584812 0.118489787726617
-0.0304733333221752 0.0176645325662667 0.0929927440125478 -0.192963018983673
-0.00573692873797721 -0.00723996041150674 -0.0913522046863998 0.180524010112631
0.0106810553381299 -0.00698645125943335 -0.128074897738747 -0.124868042623099
0.0317967617108626 -0.0100062516632813 0.15246422308578 -0.355942284620904
-0.00308627334572043 0.0114709628132699 0.537042117306452 -0.033143542023452
-0.0467148821236684 0.00218477707286855 0.380700805387981 0.719477282741733
-0.0640877777994089 -0.0597373910572706 -0.443441247702848 0.82257649350985
-0.0234964569578778 -0.0430567744913461 -0.679586631590484 0.146584095965791
-0.0106446420362179 -0.0274552049163608 -0.0566748366732822 0.0976766951587745
-0.045887012261552 0.0146882911512596 0.713543389083317 -0.0607694803760989
-0.00139827143292987 0.0209251351259392 0.480270395437188 -0.779159521778911
0.0296691799076616 -0.00123296910081759 -0.442004565064574 -0.726966200372745
0.0239037666419606 -0.0388979631257029 -0.61597780995676 0.0678437165746212
-0.0060590494319106 -0.0502991863114245 -0.170372214088808 0.360611707083391
-0.00207365038075712 -0.0159797098324646 0.114898232035264 0.102072045374864
0.00582121873178158 0.00923794264393817 0.080457611703436 -0.214739404340591
-0.00904301340413156 -0.00999337513686287 -0.0895785319246053 0.182979171198309
0.00845358930974434 -0.00875932222578044 -0.12119202396533 -0.128054524111778
0.0317627686998651 -0.00934356862673633 0.166547130325793 -0.356439331493146
0.000429727078851354 0.0123459938824591 0.539726319102173 -0.0248560506826687
-0.0434404653967525 0.00268988234698653 0.358070075726952 0.725851103477837
-0.0653954158027912 -0.0600329401957801 -0.4700516777558 0.806852425144673
-0.0318859630443184 -0.0471916426844949 -0.684522505560424 0.131010569965944
-0.0218513640125663 -0.0328997895257069 -0.0524639484646683 0.0982422336267085
-0.0537047510717704 0.0124968634540344 0.709719930042991 -0.0733167311258668
-0.00128007331732859 0.0209413691151412 0.451054413798414 -0.794292477814491
0.0346283911690977 -0.00184676968720931 -0.46242149034168 -0.715577215090477
0.030457303098395 -0.0395937905366408 -0.611461847609716 0.0745926253954584
-0.00458720803192995 -0.0495569891493466 -0.157699155191655 0.356172527593758
-0.00371215665377438 -0.0166130872260306 0.123564573583005 0.100005089886378
0.00303756266298032 0.00774927131200802 0.0852466200969012 -0.213106887662867
-0.0138381321089306 -0.00957839110084672 -0.0838891836736075 0.185010284251187
0.00356632611419886 -0.00759816524453697 -0.111983263877601 -0.127402848716953
0.0305897907193038 -0.00671853332021109 0.178569301926304 -0.355487605285528
0.00455833797448331 0.0167834230779337 0.544567474417564 -0.0214128418253277
-0.0386624440389223 0.00579865750887728 0.341650881202753 0.73097796143274
-0.0663092691313936 -0.0564992413975525 -0.491802904302623 0.793488732465802
-0.0400277412915848 -0.0478196157179561 -0.690470844303914 0.11780145266207
-0.0328710884742221 -0.0364807046792971 -0.0504661673193395 0.0951129657047134
-0.0627215366371109 0.0124247812136383 0.704690373624279 -0.0872671099185226
-0.00143055388360371 0.0239872348694385 0.431786532588872 -0.80481483663781
0.0407731077232201 0.00231142497913479 -0.477537348564967 -0.714616835323039
0.035569122269274 -0.0359956617744455 -0.605907913880548 0.0791148049605
-0.00493824438581804 -0.0473156221933062 -0.145109561794308 0.356002443946821
-0.00705561161400379 -0.0152220468958838 0.129949140645411 0.0976747835791029
-5.56110466499891E-05 0.00672905394937485 0.0864406404331708 -0.213375881727745
-0.0217187874493722 -0.00894911321542497 -0.082110694661741 0.187752441849611
-0.00289260926192742 -0.00416277053631871 -0.106800042464616 -0.126299210913629
0.0288623171705209 -0.00117643137611556 0.184841823924672 -0.358325860255302
0.00841723544721993 0.0248335938910922 0.545981450765104 -0.0212031688426805
-0.0322400717822202 0.0116610916048612 0.332754346360778 0.728237184703794
-0.0666352229909006 -0.0513750076477718 -0.505418171651131 0.781531096624631
-0.0475075499543358 -0.0482390230637405 -0.698415572450585 0.110422290045645
-0.0421417514413091 -0.0391398204652201 -0.0548470475190902 0.0904816191467461
-0.0694642623132719 0.0143655545256592 0.699512022025631 -0.0954973947065267
0.00070771619183066 0.0312465670948637 0.418777328808141 -0.811189401414067
0.0493756962814339 0.00852184837508563 -0.48848432418653 -0.715389500907809
0.0388229940071072 -0.0288595895397482 -0.600443813097129 0.0827192220854318
-0.00865814410133639 -0.0413142945162515 -0.136424607189256 0.35777293148897
-0.012291821514037 -0.0134372281881866 0.135326754366417 0.099484816282984
-0.00750015986827837 0.00852800612826413 0.0913056323394436 -0.20803705493462
-0.0294663148982153 -0.0051768053812976 -0.0793221573289577 0.192184871073093
-0.00826203265248342 0.000686656487942039 -0.104428137057715 -0.123648755898517
0.025558451688183 0.00678572725317186 0.188657957263011 -0.356103341414628
0.0119486458479574 0.0338080312617858 0.548479452075893 -0.0252050596610194
-0.026091719149321 0.0199960253971446 0.331834496540578 0.721752325482095
-0.0643065594978999 -0.0435403566049824 -0.509482583419382 0.774118383367748
-0.0527561852851674 -0.0459787236859858 -0.703692988370725 0.105323300038607
-0.049528548551112 -0.0393709640333686 -0.0617782776782371 0.0860473277160043
-0.0730912603470673 0.0176405302110086 0.691855767191642 -0.10001056415289
0.0038254636166214 0.0383459293139669 0.415787507865042 -0.816339691377084
0.0551150277107144 0.0167344264802856 -0.488363844073924 -0.720376592382987
0.0410443515462272 -0.0206937731002623 -0.600164500327723 0.0802994803520358
-0.0127926369252274 -0.0342836041633337 -0.135251103650988 0.357981437500046
-0.0183100627977009 -0.0102204869617055 0.135723015097437 0.103005143675853
-0.0148308070999007 0.0101139545997612 0.0932050035222634 -0.20329014178557
-0.0373814410880895 -0.00139880343038538 -0.0778371000061856 0.194854279589031
-0.0130440715117467 0.00555627192881184 -0.104801318759557 -0.11785621517231
0.0211406077163252 0.014794835257684 0.186393420670278 -0.354864574499531
0.0141164445899658 0.0424396150233272 0.549733164528137 -0.0321548615450004
-0.0212530387887057 0.0278296919262556 0.340561504935156 0.710404043270914
-0.0610968604492786 -0.035880130281228 -0.50064626593162 0.779000456000175
-0.0546978273735466 -0.0410245220608146 -0.707934499175382 0.106608898355206
-0.0532477552422554 -0.0380759461840311 -0.0723222199958094 0.0821666243483806
-0.0745800825630601 0.0225751469875718 0.686345938736146 -0.0964504404494615
0.00660438084895673 0.0472126930218113 0.427527413239007 -0.813507995993836
0.0587424944657387 0.0248061435358591 -0.476617754999938 -0.730531115336267
0.0405997033810683 -0.0116505055109462 -0.599200506411069 0.0727884121028057
-0.017166183342383 -0.0261561674850756 -0.139777830921432 0.359868666070513
-0.0245856166971627 -0.00524220121949077 0.135446715375759 0.107788645788049
-0.0217700723261612 0.012051116266187 0.0940279485710908 -0.200490162822655
-0.0421869654094913 0.0028871142697783 -0.0787082755401827 0.196983471814246
-0.0173471435049783 0.0106146767270656 -0.109090473175142 -0.113216443388741
0.0169216267246979 0.02342909290739 0.180095694935926 -0.353437397223197
0.0130571609091624 0.0508026335585531 0.549609179964537 -0.0434929529930556
-0.0158984955687844 0.0359261062300436 0.358385974645994 0.697637589108017
-0.0567727630779695 -0.0268421861819865 -0.481191720862849 0.781784842547655
-0.0532779245046814 -0.0348955646513537 -0.710221830513542 0.112051895751735
-0.053611324561265 -0.0353247247265897 -0.0842139372017216 0.077065146349388
-0.0734565701441337 0.0266121143613004 0.681889900356562 -0.0867293556282392
0.00938325873692821 0.0548767221126427 0.445754050038429 -0.805573783329619
0.0607337766250799 0.0332693488280595 -0.457303756382738 -0.739768564530294
0.0400459329346066 -0.00269385631446504 -0.601372197686155 0.0655566250627395
-0.0201667567790425 -0.0184770005678162 -0.147313726362269 0.363610572787173
-0.0285366998538058 -0.00157032519505905 0.129495207791603 0.113202574522109
-0.0268466641854129 0.0148425475803602 0.0938568898668483 -0.195085835085568
-0.0454857116644157 0.00825529307063524 -0.078815606377113 0.198137610845086
-0.0199799809961462 0.015995364110098 -0.115842177418265 -0.10839531574664
0.0124055489945435 0.0292851223205005 0.168955783655006 -0.350740362921119
0.00962827154465625 0.0565447119165975 0.546991832954919 -0.0526846192602494
-0.013845344818413 0.0412881565210098 0.378612453517224 0.684109544959492
-0.0525685952524249 -0.019816023479342 -0.453784215341751 0.790448554895139
-0.0490139565747408 -0.0281133694889587 -0.710297326879992 0.126742764792423
-0.0492852795953046 -0.0305846118861416 -0.0965212831262819 0.0748162588233132
-0.0694043571245049 0.02949668628072 0.679481753034848 -0.0722015091374196
0.0111235599611944 0.058931269756196 0.470969513951508 -0.792095613223027
0.0603309782925603 0.0383221528155677 -0.432866017967531 -0.757996226619252
0.0368938513687054 0.00378919674601159 -0.605008069102552 0.049742565688022
-0.0228135590659724 -0.013196381410238 -0.160382387892858 0.366138421691609
-0.0307990367219576 0.0027438919703335 0.121795359120101 0.118986376736016
-0.0301332232992272 0.0183720888627964 0.0920969828350476 -0.19267625612592
-0.0058204784091002 -0.00717346771805108 -0.0917799871135995 0.18020100121289
0.011506509998819 -0.00613916872512301 -0.129705669712166 -0.12522624429469
0.0319308835104692 -0.0101098661974701 0.151669248982597 -0.354568876558357
-0.00391583850156382 0.0118961655132977 0.537719225584119 -0.0346255548620515
-0.046688823902771 0.0015607063383184 0.381736679741813 0.719701726388686
-0.0640216329329667 -0.0590728699751633 -0.439343123822476 0.823739814679466
-0.0219470670531223 -0.0425960414656086 -0.678425657926247 0.147787742876463
-0.0106051767247058 -0.0275569814001901 -0.0570497141994683 0.0988643969567205
-0.0449986306013068 0.0156578335411301 0.713315488680344 -0.0636336454987041
-0.000551091943832696 0.0206005599925342 0.476657884241235 -0.780094067862912
0.0293488883316056 -0.00132018400341287 -0.445109229611732 -0.724484105760245
0.0234749731481479 -0.0394055506251915 -0.615656909567736 0.0697372680688876
-0.00638916196694555 -0.0504530441130843 -0.168820475407393 0.361604204282576
-0.00188655431736067 -0.0156893717927569 0.115014158960137 0.102169862253439
0.00554734535191937 0.00913447485898731 0.0805193436232204 -0.214355843563232
-0.00906773302414404 -0.00897351111189485 -0.0891474901762583 0.181734071468239
0.00834088496868888 -0.00884603190260826 -0.122103058596348 -0.127031875437158
0.0317806138957473 -0.0107204784510325 0.165005689680011 -0.354899368617294
0.000742465031344897 0.0131005195055096 0.541916501637776 -0.0267143822849647
-0.0431670925010603 0.00152698474899983 0.36020240210853 0.725630212313436
-0.0651821092755672 -0.0597253898511541 -0.468503973504394 0.805478264042487
-0.0304218316425505 -0.0462897554997321 -0.683384339388952 0.131973618208737
-0.0217366995852907 -0.0324783857525292 -0.0514272299335155 0.0976215299777707
-0.0539875870394037 0.012683025118497 0.708819410304756 -0.076311212012524
-0.00195534544082113 0.0216396636724107 0.449292116041757 -0.792064505421506
0.0345987734665254 -0.00101683801025413 -0.46548714861883 -0.713686329767554
0.0301682919140218 -0.039468740860099 -0.611073312753712 0.0773228345871412
-0.00549942041335967 -0.0492620579666042 -0.155598330593203 0.358344789384022
-0.00299329725850631 -0.0159279861899017 0.123059089968108 0.0989533966913725
0.00369254032799728 0.00808352775642047 0.0840508600450334 -0.21360445559926
-0.0139420936982373 -0.0101953703454538 -0.0848023497959618 0.184399912572809
0.00368821324401451 -0.00753879156731569 -0.113854307211228 -0.127948973880325
0.0314979392102315 -0.00749139720699591 0.176016597232708 -0.357831136760158
0.00478566775607402 0.0176893231326048 0.544429260774568 -0.021740928187457
-0.0384777746819126 0.00522907894942621 0.344006556672384 0.7296027702561
-0.0664478675536352 -0.0564286757561219 -0.489821009054245 0.794849252592516
-0.0393697167405094 -0.0477050168322389 -0.689416768361924 0.120144028955049
-0.032439983713572 -0.0357068224720042 -0.0506755631991326 0.0950528989872413
-0.0621406827937605 0.0131307328153884 0.703873369032777 -0.0890667505842566
-0.0019236868707557 0.0241630750529555 0.428069521041893 -0.806190135513945
0.0412104628199336 0.0018205478186838 -0.482035248335432 -0.712257274968263
0.034555651295806 -0.0365030514254087 -0.604739075080112 0.0827477656365615
-0.00622143307259362 -0.0465398365771044 -0.143979547601598 0.356505682106753
-0.00725049587016188 -0.0155933622883985 0.12956838430401 0.0981248032826516
-0.000605004189392023 0.00695426136264592 0.0865149117308458 -0.211281915335562
-0.0215151053032547 -0.00897825376728346 -0.0827343916216043 0.187791370219443
-0.000938577955330392 -0.00523895731617904 -0.108409596249977 -0.124945460274746
0.0286516650098046 -0.000907700526461684 0.183462700028149 -0.357430439412447
0.00942573327990559 0.0251630305505368 0.547887231752017 -0.0235067116452422
-0.0320272713838645 0.0119313977086707 0.335487240809501 0.72598537073323
-0.0660498046726187 -0.0511216401144266 -0.502813739835177 0.783791566539093
-0.0476674250741471 -0.0468488596290533 -0.695490697611852 0.111460695931852
-0.0424579861565071 -0.03777212403347 -0.0542304248006048 0.0910361871202064
-0.0684695182643272 0.0146548509306105 0.697784368933101 -0.0969343368739958
0.00106001893582379 0.0313470787280812 0.417531657045015 -0.812525397012311
0.0494668445664018 0.00752916511557697 -0.49049348744082 -0.712557802620189
0.0386357873010141 -0.0296318185298301 -0.600300007869037 0.085985136929335
-0.00842331801808409 -0.0406464634507076 -0.134707518767106 0.356682555703498
-0.0124862700187438 -0.0128046009922523 0.134740658819184 0.0996392083008214
-0.0073945137230502 0.00800740138367866 0.0908819882910486 -0.207059999725474
-0.0287470642295355 -0.00600367681182201 -0.0798206055688944 0.191597146386066
-0.00681263725948471 0.000303200443440526 -0.105627104054526 -0.123308384829366
0.0257158865599006 0.00637216800347295 0.187474846441304 -0.356436302469366
0.0124696654507383 0.0337801763488342 0.549935140283747 -0.0278702613672202
-0.0264136410336721 0.0191823427850466 0.335607730013148 0.721241129746139
-0.0644868810321848 -0.0433645739550049 -0.506180041341323 0.775490139958329
-0.0524382541630086 -0.0441799490370872 -0.703682118521867 0.108692247917445
-0.0491624099605786 -0.0392139750967858 -0.0613151318709024 0.0866790724439583
-0.0723797781266787 0.0182047392545669 0.691440207965747 -0.101694891738138
0.00397127702185319 0.0386642228132986 0.413251491529279 -0.816602914241199
0.0543460052433241 0.0156090164905495 -0.488173494828536 -0.717110279788475
0.0401497886769718 -0.0213192684064988 -0.597867682675718 0.0836439658492872
-0.0131996724813544 -0.0335459242890882 -0.133697098872254 0.359228144453218
-0.0187275809379457 -0.00996566540792469 0.13685516196667 0.103626323166355
-0.0148704767016155 0.00971841180525839 0.0929528659094258 -0.203135082484323
-0.0364561660783685 -0.00176168281083432 -0.0782116442414125 0.194333813154588
-0.0122868554000835 0.00606436583567309 -0.105941554081186 -0.118292887130783
0.0211344941240941 0.0144926071011895 0.18539099080922 -0.355231019583474
0.0137855146450821 0.0432111582739083 0.550283401519261 -0.034349333147105
-0.0214857970147928 0.0271260507505919 0.344076005252375 0.710516058481238
-0.0612017837154197 -0.0361339354207409 -0.497245667531248 0.777926808446676
-0.0546861110702514 -0.0402448800486328 -0.707011918376214 0.109973831889637
-0.0536191715037114 -0.0374829535613425 -0.0724621080304415 0.0824830427824714
-0.0744852661263375 0.0234123880611142 0.685797078630413 -0.0984822424736907
0.00587036947640533 0.047304076222408 0.423203614080743 -0.812808280988254
0.0591079770590904 0.0240823506322677 -0.478165888990413 -0.727378995302264
0.0407558657976809 -0.0116655788398469 -0.598823885781989 0.0761575634373297
-0.0175538083837278 -0.0253426278890754 -0.1382049839727 0.362602135827133
-0.0250479343372666 -0.00594753705532574 0.134088013970704 0.107822191406834
-0.0217358942238726 0.0119709691031902 0.0940110246312973 -0.198868754898099
-0.0412892515717946 0.0035992637612831 -0.0777559381559068 0.196051860353881
-0.0170109434881071 0.0112774940346879 -0.110350851154131 -0.112306060974578
0.0179129608780784 0.0226760586446771 0.178115092530325 -0.354160701250803
0.0137374878471325 0.0504509067002628 0.549504832729886 -0.0431602519790152
-0.0162274356159838 0.0352292617962602 0.36150709905919 0.695944027647163
-0.0575795788936342 -0.0270249765936929 -0.477932587429716 0.783721724312894
-0.0533313033516203 -0.0343361475234775 -0.709861872616219 0.114927989635844
-0.0536173835124051 -0.035118616377559 -0.0840730436259743 0.0779870115806279
-0.0731178366188592 0.0265765289018872 0.682002483059734 -0.0871835231327002
0.00888145200542105 0.0546247669905104 0.441059544738999 -0.805559490695715
0.0610112321275174 0.0329189866810189 -0.461005727708581 -0.738386408333854
0.0396219275445278 -0.00385211915970819 -0.601939816969301 0.0666338109645286
-0.0215440558477391 -0.0188597418761036 -0.145032847161297 0.364507445454941
-0.0291613898979799 -0.00116569498598316 0.129935063605753 0.114138303914848
-0.0265078002694423 0.015997264752446 0.0941454257026731 -0.194163412532436
-0.0448266101779281 0.00742224235766504 -0.0784320907573456 0.197575251372627
-0.0194895999584616 0.0157763238895405 -0.117039756179384 -0.106953784998398
0.0126034346240335 0.0285735321887496 0.16780121766295 -0.350171593568164
0.010330650255188 0.0562370319074955 0.547021907473899 -0.0539053003584933
-0.0140389540301324 0.0406554534145541 0.381020318467923 0.681454850306482
-0.0529044914101282 -0.0202395314370956 -0.452316979115573 0.79126728596291
-0.0492540623784298 -0.0282487527328231 -0.70884416087521 0.128343261885507
-0.0492219871512985 -0.030564179222913 -0.0970622721198654 0.0755549950311407
-0.0692102974678718 0.0303842834107712 0.679180557050264 -0.072238152458013
0.0110382037951289 0.0582092263937356 0.466389432627069 -0.790694625922701
0.0601775124501091 0.0381923249375141 -0.436194954303338 -0.75395336593372
0.0371616282318483 0.00305605254428812 -0.605636262492712 0.052036385882472
-0.0235026626497327 -0.0130802674919427 -0.159643311333836 0.367298079627121
-0.0302112598029421 0.00314101554752342 0.122155795969588 0.118854634704684
-0.0302455549578058 0.0180789753249519 0.0923299346689722 -0.191908716714533
-0.00604767592454252 -0.00716311227302477 -0.0920955202027723 0.180034530863609
0.0112807116001201 -0.00646528217167579 -0.131670245542407 -0.124313145263317
0.0316700434933423 -0.0099063290069254 0.150892419335603 -0.356557304651264
-0.0034173270016577 0.0120553395634521 0.538732538956018 -0.0354265610965638
-0.0472981464956775 0.000762534648926297 0.385002272746488 0.721551688750503
-0.0634374344796674 -0.0592857874215283 -0.438243623996822 0.824631866009917
-0.0225969407424565 -0.0417127107912072 -0.678200766686976 0.150448337105249
-0.010386521503841 -0.0272081924535569 -0.0569236883236365 0.0988891675147686
-0.0450179594808416 0.0160916217840469 0.714598436895534 -0.0639595378207686
-0.000413106220339514 0.0199406317982762 0.474058730701111 -0.782754757091904
0.0289612912032375 -0.00211317746372927 -0.448051932524699 -0.721529242780165
0.0238574584479051 -0.0384555888778116 -0.614342814885487 0.0721210860204281
-0.00740278052265807 -0.0504619782618751 -0.166587323297591 0.363780911138603
-0.00181250101574749 -0.0148005695991691 0.115141780645917 0.103287467408435
0.00569701810759612 0.00928796350878426 0.0801849304553033 -0.214553385929365
-0.00919090634484596 -0.00948454670163553 -0.0892000763781553 0.181957964806606
0.00887316018862946 -0.00752987228137791 -0.122087565027824 -0.126532610571606
0.0319747811946047 -0.0097850247677304 0.165532703723108 -0.35682186350906
0.000926221142480577 0.0145015286445714 0.543207311234168 -0.0287835947558313
-0.0436997862298623 0.00172148673652186 0.364489807244575 0.726476978743711
-0.0655386220778305 -0.0594936133129097 -0.466033183755216 0.809016046264926
-0.0310748685611124 -0.0448241820839233 -0.683202650528968 0.1349306928895
-0.0215711394213152 -0.0316770271863008 -0.0513758697159835 0.0980010990549116
-0.053114510639694 0.0142887787234157 0.710206768746147 -0.0796075271560527
-0.00133608577093716 0.0208111333451672 0.447673123088788 -0.793833726368854
0.0342010193827893 -0.00152452718531453 -0.469812704929506 -0.712137950292244
0.0299541416046505 -0.0393100491323086 -0.610586219993279 0.081272919620899
-0.0059974789215676 -0.0495953609169603 -0.153724661150518 0.359691221115568
-0.0042722822578594 -0.0159938436945503 0.123971075368696 0.100641303908913
0.00336740688270496 0.00768309006846243 0.0852282068737579 -0.21311667811025
-0.0140501922134583 -0.010190502852577 -0.0845349503286678 0.184536454796823
0.00383898662576414 -0.00710097161128928 -0.115162111781697 -0.126578318420381
0.0307859119175161 -0.00729857792057978 0.17644670620032 -0.356396870599588
0.00515714454470674 0.0189775442834597 0.546120790039382 -0.0232371007693338
-0.0391383062190425 0.00499523964580177 0.34659381006388 0.731046995467951
-0.0673787598919636 -0.0565554283750018 -0.487003305616259 0.798585035639565
-0.0396589497248923 -0.0465451366675283 -0.690695051702164 0.122813733347071
-0.0326757794442049 -0.0356144730828746 -0.0515125048248741 0.0958084816748307
-0.0618243296920762 0.0135398169566733 0.705218164401959 -0.0911455873173911
-0.0012741191306526 0.0246003068939821 0.4255463091594 -0.806934442290934
0.0410612008273914 0.00193311978186645 -0.484154723493199 -0.709514755456064
0.0346516353513008 -0.0360571170749731 -0.605152922784517 0.0856037399863113
-0.00689044987193287 -0.0469919963373787 -0.141391159250795 0.358301621748229
-0.0076212074408279 -0.0149100225184859 0.130905229639322 0.0990869584822296
-0.000487940681715098 0.00715539325943563 0.0861829116282506 -0.211025133524652
-0.0210426423793952 -0.00863741136820565 -0.0822350562455843 0.18821995649644
-0.000651758354434144 -0.00466185726962948 -0.110525566238633 -0.125457413519538
0.0297302866907291 -0.00149300320083923 0.182453058484827 -0.358552541055315
0.00925102090340736 0.024880141196297 0.548183067895511 -0.02503853091142
-0.0330419145138329 0.0109319761383067 0.339068361814566 0.726567560163178
-0.0660637170772932 -0.051123667157244 -0.500626190991399 0.785744751801155
-0.0469095667001923 -0.0464064314543241 -0.699385101172663 0.114166857611004
-0.0416729681255969 -0.0378377635804185 -0.054442297973067 0.0913014476285833
-0.0685822452246047 0.015867891291615 0.699071136891158 -0.100125210056177
0.000435994326174999 0.0310757001091631 0.413911768300924 -0.813299414956133
0.049178249705778 0.0072277700440199 -0.495827669302953 -0.708408813341915
0.0381927013940373 -0.0290452527705319 -0.60022329960818 0.089218685592723
-0.00924285115193837 -0.0402616750105423 -0.132982815697883 0.359291974347422
-0.01310594030514 -0.0119688255349407 0.135786289683659 0.100499764822808
-0.00760445911272324 0.00757835261946884 0.0908991656888109 -0.2076046247312
-0.0295950772627383 -0.00532692471656123 -0.0796392889195274 0.191456383524602
-0.00635328885058321 0.000369766905534091 -0.106873841414647 -0.122289601968921
0.0262781373348862 0.006192416584772 0.18770258883461 -0.357298490820217
0.0124771896161435 0.0343894806809056 0.549699840943343 -0.029333155104911
-0.0263946669586729 0.0184498295623457 0.338529097583355 0.720616095270136
-0.0641645784270236 -0.0437142420903298 -0.504032547993301 0.778619290658619
-0.0525839192811761 -0.0436702724325866 -0.705189639360038 0.111009986051787
-0.0494795218712553 -0.0386452936263455 -0.061953016871144 0.0872044882187335
-0.0730859482090027 0.018592459570601 0.692091009930479 -0.101964572090741
0.00345602850129897 0.0387336638802913 0.411843523221677 -0.817083647558827
0.0545295944447791 0.0152831477981728 -0.493417332463849 -0.715533357244587
0.0409751931910993 -0.0209404912777956 -0.598983394227658 0.085996568129446
-0.0142685554208423 -0.0331765274466068 -0.131225158025444 0.360634070687323
-0.0189410087943178 -0.00985699551723385 0.137277074131411 0.103224475118324
-0.0140688834432756 0.00971165860437865 0.0931949467731135 -0.202609758277922
-0.0358799912970242 -0.00160010880748265 -0.0778675604260182 0.195022704526508
-0.0125504968060324 0.00622746151574491 -0.10720446849744 -0.117211645631037
0.0220246955684175 0.0143059580728968 0.183366516040726 -0.356364900857721
0.0144698215198042 0.043343496382091 0.550987013222399 -0.0371874708212568
-0.0207452546977501 0.0275955426048556 0.348100982906821 0.710715340007192
-0.0607347009115055 -0.0352544171710652 -0.496308781365933 0.781578332876241
-0.0551768162617406 -0.0394757082928049 -0.706558895144025 0.112652751941225
-0.0534356901529875 -0.0377405345202684 -0.0720921798136411 0.0830869916479057
-0.0739796907067174 0.0228002843976308 0.686367027740521 -0.0994509165966839
0.00651092252955632 0.0470432738801872 0.420416305283664 -0.813213608851312
0.0585245560285578 0.0241865581010344 -0.481767636220746 -0.724879493265973
0.0407686857220987 -0.0128238079908189 -0.599132760520711 0.0806227411224831
-0.0182568226237704 -0.0251538774260919 -0.137103733689396 0.363440912041084
-0.0246575457117766 -0.0053367092538022 0.135072729336936 0.108703368112543
-0.0212790826816446 0.0123002530534589 0.0941556856624072 -0.199133808638749
-0.0420316941592004 0.00406908235895877 -0.0769509861817183 0.196391988367262
-0.0158333873129197 0.0119045132406611 -0.111811750128693 -0.111992437760845
0.0176349578517897 0.0232188899203731 0.1779366608888 -0.354787719021976
0.0130294421309351 0.0510191749599935 0.550225485404623 -0.0472090769967776
-0.0166810316177892 0.0343422633266418 0.363988265181259 0.696438906144695
-0.0565875462308306 -0.0266255447922345 -0.476238236318801 0.783187203548505
-0.053174787564444 -0.0344920671672381 -0.711249244262376 0.117961659515942
-0.0531013324509638 -0.034727911369691 -0.0838210223619695 0.0797451317143307
-0.0732018833670873 0.0265508323562611 0.682744544368731 -0.0891323713485059
0.00862748704265091 0.0540759383933144 0.438213956584976 -0.806369294565512
0.0612106280135834 0.0324013706903934 -0.464708431593509 -0.735975535912825
0.0396552026077299 -0.00426195269036085 -0.60139966734498 0.0699965409381891
-0.0214821580223879 -0.0188425374332177 -0.144722860910076 0.366597103303862
-0.0289004949911433 -0.00046097795328088 0.13153188355922 0.114332084823776
-0.0266602841525648 0.0156432975413178 0.0949370330051248 -0.193947177781374
-0.0443969032510378 0.0082955574279416 -0.0795207284897438 0.196448879351657
-0.0183008215816243 0.0164166033893038 -0.118121288779999 -0.106585486967956
0.0131993167462787 0.0289203702230323 0.168114914959894 -0.351165559553102
0.0103359412701569 0.0567005950253278 0.54784350476957 -0.0551153272461173
-0.0141361650129796 0.0407727771342136 0.383914226849373 0.68357487578841
-0.0524679006474276 -0.0204852863098574 -0.449416806167092 0.792638644368996
-0.0484023762083272 -0.0268015181413133 -0.709586362055303 0.128821539792188
-0.0487783341928094 -0.0302518014763101 -0.0954892476757057 0.0754344224834907
-0.0687145121249157 0.0308646913157928 0.679544157487718 -0.0762836801931893
0.0108867335305122 0.0592056190408452 0.466048502546221 -0.791516433873746
0.060021953649311 0.0384555607256898 -0.439147765047525 -0.752380458354963
0.036753032411758 0.0034150354039778 -0.604757437304469 0.0558889904232402
-0.0247590790649831 -0.0130285975821381 -0.15738319642721 0.367800470394568
-0.0310494138184396 0.00265333170117517 0.123181080282574 0.119684101396938
-0.0296496959727235 0.0192031330052067 0.0920963167736086 -0.192109462580578
-0.00587814864168631 -0.00740707103464099 -0.0918168425720715 0.180522257527229
0.0121787923337322 -0.0052289285263042 -0.132489082862573 -0.123882921517961
0.0319003462042542 -0.00996395756904135 0.150943174705946 -0.357541154112715
-0.00344685444341401 0.0131317878518888 0.540560727962828 -0.0393808758385198
-0.0475766432432149 0.00128909818174414 0.390224043467297 0.721178233817814
-0.0639045144247224 -0.0592186364271677 -0.438576042278336 0.827608785161439
-0.0219215554572516 -0.0415727894160036 -0.681378796731376 0.150652808604658
-0.0103558457532121 -0.0270745304582297 -0.0563529179325059 0.0999565556119527
-0.044984434039265 0.0166253601836531 0.715266327341766 -0.0673276969226194
-0.000233032556856021 0.020710466265797 0.471261987308607 -0.783444281453449
0.0294367875470406 -0.0014155383354625 -0.452630499164002 -0.722162497380728
0.0240044380496514 -0.03898714093032 -0.616870532992458 0.0759956323870134
-0.00893070910405297 -0.0499098518330255 -0.166690448203431 0.365775932771228
-0.00201945358609601 -0.0156580276844266 0.115805007105648 0.103825050751587
0.00570035340959991 0.00917442423812711 0.0801035469717896 -0.213837922225101
-0.00980069289978439 -0.0105768923737597 -0.0900363960917005 0.18313508309224
0.00965128702673346 -0.00809030093319036 -0.125381427800361 -0.125906432838986
0.0322553144230352 -0.00957733602311637 0.165007536772771 -0.35765397297672
0.001005301036474 0.0149832680751392 0.543321046938112 -0.0313031691758048
-0.0437249199233559 0.00250619547619388 0.368045692251963 0.727136144387728
-0.0655548779481459 -0.0597616505105866 -0.465575455921258 0.811339546930166
-0.030138628186805 -0.0447254331924074 -0.684768777525308 0.136374198576587
-0.0217170809429429 -0.0319763003280943 -0.0508813371827807 0.0991331433401656
-0.0533585282349851 0.0151731632872429 0.712135307259711 -0.0807294564745886
-0.0017799971717111 0.0214684458097067 0.446263253291397 -0.79757134148967
0.0350582640602851 -0.00187873846489646 -0.474019029314551 -0.710623816341906
0.0296538722692682 -0.0397483705473228 -0.612569802873039 0.0840869119743335
-0.0063540452945751 -0.0495541763531343 -0.153209021004528 0.360828417587181
-0.00382839916086821 -0.0161337802548734 0.12472292364003 0.0999686961010326
0.00356935092917326 0.00752192507303194 0.0848439738791479 -0.212590996404075
-0.0138046578597271 -0.010863582282708 -0.0853748326214087 0.184594015238134
0.00450094979764407 -0.00645953315745156 -0.11678912594996 -0.125641313860682
0.0311157855670019 -0.0073861395320399 0.174257548979631 -0.358358722688321
0.00551505248878675 0.0188751238359423 0.54774402106468 -0.026358555168343
-0.0390397278465625 0.00515394588874914 0.352607970058371 0.73079635565903
-0.0666589063740857 -0.0560401170446145 -0.486514867331483 0.7995302358283
-0.0398671706029741 -0.045848563402458 -0.691242145509045 0.122928511942724
-0.0326858252010702 -0.0353346719273226 -0.0505564259174061 0.0960502921965825
-0.0619579392902456 0.0152881373997223 0.704920504412959 -0.0943281940113287
-0.00113274879123101 0.0250575914597318 0.42431102266084 -0.808125243808495
0.0415553483088946 0.00130041020737036 -0.488659931880753 -0.707688001650722
0.0348242681287928 -0.0361514408045416 -0.606317810716792 0.0879398896586868
-0.00773270805972653 -0.0464337933220515 -0.141794405873161 0.360005648348538
-0.00715291384841418 -0.0150115567716434 0.131166041525903 0.098822988466086
-0.00125791945739958 0.00720081136674104 0.0867982476009877 -0.211349424768218
-0.0225361596067942 -0.00879300888000316 -0.0824867199749739 0.187936393223283
5.6761534753591E-05 -0.0039264758337162 -0.11125152851395 -0.12439332611555
0.0285562501962399 -0.0016920073279388 0.182193667222349 -0.359048142634068
0.00930872428445936 0.026996430694659 0.55112190877067 -0.0281658154593184
-0.0329007082665127 0.0115833216416086 0.343182239090209 0.729126767908824
-0.0661639744921184 -0.0513701596591898 -0.499720271515956 0.788642838345572
-0.0465593279241365 -0.0455708189474382 -0.698548016215226 0.114736731201875
-0.0419843826405519 -0.0376118193319249 -0.0539475260029571 0.0918736892354255
-0.0689494239448557 0.0163639886379024 0.699853189617121 -0.102750388272761
0.000508515555404536 0.0312564485328801 0.41220103944659 -0.815423505697831
0.0494427627158863 0.00830527753451756 -0.497975807260918 -0.706981980010366
0.0384729493603065 -0.0302386787661693 -0.601630087430249 0.0916796125125939
-0.0105586171976399 -0.0411883867706274 -0.132155640485535 0.36071794415728
-0.0132753514861544 -0.0127942985458644 0.136581586683671 0.100716602646214
-0.00763214708820145 0.00864580105092784 0.0907325372379714 -0.20702249026165
-0.029393806023336 -0.00626198393586022 -0.0797268302354005 0.192551206236079
-0.00644166561020272 0.000924203540951594 -0.10772295663289 -0.120785365711072
0.0258640227959886 0.00711287666728087 0.186836121328654 -0.357555354032648
0.012971826184718 0.0357784219802907 0.552971436260466 -0.0317603076699107
-0.0268551685008996 0.0192005171557398 0.34369250693343 0.721923204079628
-0.0639756615421898 -0.0434958499033057 -0.503686555091018 0.781329973463008
-0.0520097006671813 -0.0426092039269684 -0.706436731797958 0.111138564965083
-0.0487991677434108 -0.0385042769401533 -0.0613949683068447 0.0885915199227702
-0.0721108142365241 0.0198233422990484 0.693462133773 -0.10646701362678
0.00336882185811834 0.0391992305116224 0.409365201161012 -0.819938228530194
0.0556405362135261 0.0148738742644978 -0.496712866393586 -0.713984985581654
0.0402753184397395 -0.0214817423180749 -0.599885237939693 0.0893023938958499
-0.0141164071398115 -0.0327866068459328 -0.130662929960693 0.363782519459954
-0.019082032088645 -0.00910967328428384 0.137813964479719 0.104589533944549
-0.0145122854221703 0.00951229058873448 0.0931454247246704 -0.202208033281848
-0.0366902946210067 -0.00107585061078121 -0.0788587658849571 0.194837827101294
-0.0118003443410553 0.00662230425859749 -0.109237951489684 -0.116215037907707
0.022053976288332 0.0150404593446515 0.184062512646918 -0.357637007852527
0.0146593126582649 0.0443837637327538 0.553953481977995 -0.0412939804245291
-0.0209685815241268 0.0260761341685646 0.351422589992518 0.711875965451145
-0.06149246319384 -0.0352793110213262 -0.495291075522076 0.783056299754095
-0.0537297917138573 -0.0382968033876317 -0.708405416469917 0.113291411005133
-0.0539057951852465 -0.0372756002670817 -0.0724608002164567 0.0839948752481492
-0.0744742537245625 0.0240385378819806 0.687897445480004 -0.101373385607362
0.00618585395896695 0.0476882631955413 0.418379531776003 -0.816279024165271
0.0593227847581343 0.0242033039570569 -0.485639636469789 -0.722345638935727
0.04128142828129 -0.0128375310612376 -0.600096232726658 0.0828439154530285
-0.0180385778486595 -0.0258696565482825 -0.134218617737011 0.364415391542388
-0.0246095559833159 -0.00496121352935905 0.135703227517421 0.109054152422112
-0.0216620837893328 0.0123470936642564 0.0934188052079332 -0.198866648574168
-0.0412010223938688 0.00365758132130132 -0.0784530950131565 0.196785016379367
-0.0149327387224747 0.0112685240017146 -0.113040765124936 -0.111276077868456
0.0174785831435188 0.0229285457577133 0.178187300334597 -0.355532063051333
0.0139543346841674 0.0514840178363456 0.551782020109317 -0.0481937131284832
-0.0168171937390489 0.0348389147758437 0.368656776687215 0.698664685905393
-0.0567990685266 -0.0270959554665244 -0.474561552948542 0.786449299378638
-0.0530221452642385 -0.0328704784448342 -0.710745698239669 0.120531162139473
-0.053553864755378 -0.0341045137239208 -0.0844158100640082 0.0804786001823323
-0.0733110785060261 0.028057861213882 0.683431484525615 -0.0920448298021466
0.00896528114777763 0.0549116420948124 0.438020689317643 -0.808400353511944
0.0613374624778679 0.032791252248245 -0.467408865735429 -0.737170302622939
0.0389864659931258 -0.00341040414712837 -0.601891307174933 0.0740512078178612
-0.0221748009246198 -0.0182198424377013 -0.143084498805376 0.368271851537009
-0.0286282785467223 -0.000243259443342869 0.131703256002652 0.114543893944073
-0.0269773102117139 0.015251302477737 0.0940934372973758 -0.193823871739753
-0.0443399657295482 0.00773197286440563 -0.0796508796427473 0.198270368261917
-0.0181610239170808 0.0173617720500234 -0.120445693029518 -0.106105519449251
0.0132021371260444 0.0291141369832144 0.166571597276404 -0.353565104387708
0.00974652202199684 0.0572249713122027 0.549786162477222 -0.0580766916344801
-0.0149286715988837 0.0400359785748685 0.386967237819237 0.682888607416051
-0.0521532999357383 -0.0205542936217138 -0.451390005572121 0.796313156506373
-0.0482379497596778 -0.0268999699016786 -0.711568311594665 0.130940105196162
-0.0491189214569731 -0.0303304380154424 -0.0959138575180947 0.0774157431520466
-0.0697761860938542 0.0313179771152378 0.681610492985576 -0.0762586259103129
0.0113780821208141 0.0591506717335723 0.462344738098574 -0.794702002911213
0.0607232237569945 0.0377346361740557 -0.44445196087065 -0.751038764157157
0.0373720779513985 0.00225772945022614 -0.60936681901737 0.0595203798024057
-0.024596923815834 -0.0125219526085914 -0.155396967736892 0.371256875388589
-0.031255900792703 0.0032444970318881 0.123442976711425 0.120843001549675
-0.028900880290213 0.0181108860163419 0.0924147843199849 -0.192023993873705
-0.00574168313193992 -0.00684528234683893 -0.0930198595525216 0.181176469583504
0.0129563593183584 -0.00483667118446027 -0.135798231112527 -0.123582014739086
0.0318780285941164 -0.0098115739915089 0.149438051601842 -0.359203369435721
-0.00320800380026886 0.0135359363846704 0.542937908966291 -0.0415419693296289
-0.0470249820617825 0.000583939892013639 0.394283221436131 0.72298025860512
-0.0639084282637301 -0.0589638475275702 -0.436027220586785 0.831488649869293
-0.0223678122458865 -0.040354301625364 -0.682912979171928 0.155512457224888
-0.0113874993457382 -0.0267502744264508 -0.0561779725108112 0.100808318228605
-0.0450462543998536 0.017151624291151 0.717593660596805 -0.0713513205298614
-0.000908677764518584 0.0210385390764639 0.469555675172368 -0.786410164621868
0.0290453637465053 -0.00170359117210116 -0.45586947443406 -0.718787172831484
0.0237978111111468 -0.0391039287724555 -0.617756307394312 0.0781354227541813
-0.00901817171666684 -0.0493656343127642 -0.163918708485294 0.367353435055596
-0.00250765252545733 -0.0155162779400478 0.11679424242757 0.10434739141769
0.00559924560680658 0.00938223387804981 0.0796856918377688 -0.213900091263026
-0.00937580534767051 -0.0096077946262981 -0.0899698572142502 0.183406405555894
0.0099407521484724 -0.00685203152648003 -0.126732104121717 -0.125765838278469
0.0321451449201426 -0.00924957147742496 0.165270374738069 -0.359136969348815
0.00177961654385179 0.0144339671726244 0.545535226581298 -0.0341709401362491
-0.0437799242793503 0.00101108382285224 0.373618020331559 0.729823178080438
-0.065608621749177 -0.0592957981890915 -0.462963232055358 0.816301454689404
-0.029599154918197 -0.0433827245489856 -0.686932274607533 0.13804158509679
-0.0206695339093686 -0.0310394263459178 -0.0504985808448827 0.0994122060375564
-0.0545494324689153 0.0148998219763946 0.715347828518473 -0.0835779011099652
-0.00183563627636468 0.0221790528152777 0.441728067859907 -0.800338245641093
0.0347158098156737 -0.00161317681523161 -0.478606794707539 -0.708669214536058
0.0301029170468545 -0.0398954535255074 -0.612171655522125 0.0864282867136368
-0.00763368393458076 -0.0496070050252413 -0.151107980429879 0.364056019303802
-0.00486781641987423 -0.0165234725446621 0.125397748073332 0.100952937421133
0.00365112626322316 0.00820525060512784 0.0840117716241457 -0.213525596264854
-0.0138719036497907 -0.0104985833280924 -0.0849528691660306 0.185583065672796
0.00550951342090379 -0.00562803212027578 -0.118929000680082 -0.125351781972834
0.0316732601631776 -0.00762712544531812 0.173890624119643 -0.360212717955328
0.00537783694883066 0.0195960147065007 0.550799040384685 -0.0299856313441264
-0.0396622165901606 0.00487590599127969 0.3558346091109 0.73268327958618
-0.0659314447087477 -0.0563950643730426 -0.485359202846265 0.804129728622483
-0.0389224847302293 -0.0450711470538955 -0.694033601829195 0.127518030471369
-0.0321838902673256 -0.0352295383123266 -0.0509952697859728 0.0973811385498634
-0.0616975096835495 0.0152228929826246 0.709501767202899 -0.0978522002771352
-0.000871562662074138 0.0249018256555737 0.421805278308573 -0.812859337292863
0.0416739896479176 0.00148081808706884 -0.494742340558877 -0.70688599464794
0.0351770241291497 -0.0369305642198886 -0.607596243814204 0.0918501039663541
-0.00854603623502475 -0.0467652930955482 -0.139176029606156 0.362529897123974
-0.00711515626883235 -0.0147762948391109 0.132832807342276 0.0996378686036549
-0.000520886369147895 0.00690117015448976 0.0858469621142366 -0.211787006442
-0.0215880037039854 -0.00880322604396418 -0.0823428040280362 0.189015140190817
0.000286539002614725 -0.00341545990288738 -0.112883548879035 -0.123857135524893
0.028257570698135 -0.000969240959004046 0.183033268871958 -0.361123998183645
0.00970576933634405 0.0260580552995413 0.551762420048367 -0.0303387435221014
-0.032846313938974 0.0102750144029338 0.347114523970702 0.729495279410008
-0.0660298152340902 -0.0513926047825851 -0.498732680880637 0.792549612228603
-0.04591430743697 -0.0454438372318274 -0.70120232998988 0.117881145743608
-0.0419969289964647 -0.0370424733204115 -0.0541434324194304 0.0938522120517864
-0.0684635842866289 0.0165654475053736 0.701281167185615 -0.105090112052102
0.000801728035382518 0.0319195495683513 0.410407913581053 -0.81906282111228
0.0494168756438703 0.00680455233707001 -0.501878733187766 -0.706856045710178
0.0383886481326975 -0.0300638202474953 -0.603788202481456 0.0951584607165452
-0.0112816783515534 -0.0405789309308354 -0.130665859138794 0.363206043294026
-0.0138082154867736 -0.0119218734291874 0.137982468277689 0.101366420847621
-0.00758676306741754 0.00794057864969873 0.0913065660290664 -0.207545690569793
-0.0295908111307897 -0.00576231118943204 -0.0803086293829326 0.192985617296454
-0.00470760601260006 0.000138389241110948 -0.110500888777428 -0.120644869352127
0.026046743606512 0.00659796376547729 0.187047154338151 -0.359367821150383
0.0129258828747753 0.0356641348048292 0.554371654824998 -0.0351756670694998
-0.0264838650870256 0.0182796056073708 0.347514599688413 0.723361015800651
-0.0641486889397005 -0.0442609406323083 -0.503633083090703 0.787113524005498
-0.0514155201968909 -0.0423046148210101 -0.707475172360952 0.114989371782716
-0.0491287646605105 -0.0380058304979213 -0.0613682749247341 0.0886502296045589
-0.0734962328070733 0.02047447799885 0.695327636991467 -0.108116876013784
0.00327114512592517 0.0390995847800945 0.405867724962752 -0.822834407192991
0.055756810199899 0.0147044929080091 -0.501543217912123 -0.712173015403942
0.0405216921136559 -0.0213806839129326 -0.600609149413772 0.0925116121870575
-0.0149849381283718 -0.0334097766071585 -0.127751548515292 0.364297892547339
-0.0194758102691113 -0.00872056441009985 0.139007083886192 0.104746096461854
-0.0143456854925344 0.00960351537663411 0.0935432099968225 -0.203210445622244
-0.0361884594481449 -0.00153067219633507 -0.0785029682610321 0.195521468188724
-0.0107816665947127 0.00625853434697419 -0.111066862682561 -0.115269852893918
0.0223202830959522 0.0143866026208704 0.182807752710079 -0.359654644157131
0.0152119118937872 0.0445286551212379 0.556502960991517 -0.0439104742615283
-0.0207357692498373 0.0266251979221838 0.358549317370317 0.713505078793657
-0.060737610018858 -0.0354397972769229 -0.49300590657246 0.788231603104417
-0.0544271442981183 -0.0376388912783969 -0.710260739180974 0.115758960737215
-0.0535431155197681 -0.0367633523121559 -0.0719360408020392 0.0847504202360082
-0.0753860054021846 0.0243382755583451 0.689578977484366 -0.105793372773903
0.00626995019955948 0.0481009643782711 0.416298522697827 -0.82222302285836
0.0591699963925257 0.0238569262212777 -0.491200718985783 -0.721965896259778
0.0414897146636939 -0.0124853560317177 -0.601382970359103 0.0856384340482974
-0.0190973403612672 -0.0254738644208294 -0.132681248869651 0.367005176694892
-0.0250484309830305 -0.00526413033440147 0.137426827150732 0.109445371107096
-0.0209575045120477 0.012293519509076 0.0944446414534058 -0.198945349661527
-0.0427481088518248 0.0037833272622113 -0.0785543636991805 0.197654293205177
-0.0138784809420261 0.0119987878379919 -0.11506420989353 -0.110724446153414
0.0173945396102568 0.0226793852336869 0.177468005425105 -0.358184586658572
0.0147723377486585 0.0517355559329435 0.554109242884243 -0.0534680130102178
-0.0169683411430064 0.0342757017374398 0.37366310257815 0.700087783511044
-0.0568124724376164 -0.0269078814225898 -0.474995484251842 0.790960797978952
-0.0537460129094324 -0.0316940701901395 -0.713863928502026 0.122995466444092
-0.0540038638960691 -0.0346474946944784 -0.0849855149657251 0.0806914269245197
-0.0732242411315941 0.0283569594373309 0.685339587209107 -0.0946478381695228
0.0086873964292461 0.0544180946064631 0.434157945624189 -0.812333704209043
0.0609758275012092 0.0309856130108498 -0.471324252080192 -0.734170855229763
0.0404896942735952 -0.00449296991520614 -0.604184207895022 0.0773926028195582
-0.0228574579759665 -0.0188276756216234 -0.140588132860891 0.371022869986285
-0.029081809448484 -0.000435521511904488 0.132901917228333 0.115624815538985
-0.0273191082704572 0.0150171081214793 0.0943615527530981 -0.194271987014096
-0.0444951395184218 0.00812664616793464 -0.0792214985534362 0.198554091425862
-0.0163687180972228 0.0169038058134667 -0.121531734901927 -0.104681123959074
0.0129924341093491 0.0284490820198006 0.165630965038436 -0.354294426894613
0.0105184603123736 0.0575376376620526 0.55161341880505 -0.0619870219040502
-0.0148986148826753 0.0398511629464835 0.393555423015393 0.687089258866816
-0.0528413050287248 -0.0206376146992197 -0.448729908931926 0.800306012567112
-0.0478579899851987 -0.0256419715232389 -0.71261606398058 0.134749146787438
-0.0493350061759322 -0.0292083416466186 -0.0948411295115323 0.0788226548673338
-0.0692499071096285 0.0320532616999654 0.682957530136061 -0.0808721499737438
0.0116044234303441 0.0593955942118368 0.461460252376132 -0.796919928030415
0.0603485790494356 0.0366227218544258 -0.448043587853358 -0.750340925320724
0.0373361045896091 0.00239771166324905 -0.608785432696119 0.0636880909233467
-0.0249942233038957 -0.0125833582436415 -0.154487865881257 0.37356655662477
-0.0314894997225338 0.00372555356478723 0.123796693742666 0.120947728574234
-0.0295989604495734 0.018376414963184 0.0924952300319046 -0.19231264040331
-0.00614468172908791 -0.00793375958924934 -0.0925204191213288 0.182031785991676
0.013496797191161 -0.00480528700956886 -0.137675360255771 -0.122795856411467
0.0318800271277777 -0.0100932465304377 0.148472976881853 -0.361866986514892
-0.00268354626406728 0.0141828815814727 0.545880092145356 -0.0465697984559457
-0.0472681258254711 0.000384990038237772 0.40196343215442 0.723766862265039
-0.0635158574649424 -0.0589319083941892 -0.435208829023433 0.835901887446249
-0.021599309497126 -0.0403113179567034 -0.68500292975755 0.157904561600639
-0.0103053817078017 -0.0269817578391911 -0.0569518325242562 0.101907340940831
-0.0451100436868298 0.0174256905716088 0.719268537886564 -0.0732695783145793
-0.0003944023168568 0.0214581381518004 0.468447822604906 -0.792155418720562
0.0297637936445893 -0.00166174895273092 -0.46201047668422 -0.718811205195101
0.0246805691569579 -0.0395089606903615 -0.621013835328664 0.0849673850598926
-0.00991113266861353 -0.049298355061172 -0.162600002173081 0.370635654199213
-0.00269581395397734 -0.0147768542324742 0.118522730306875 0.10499167830077
0.00602471506667395 0.00874952206935193 0.0798588011803251 -0.215010509737343
-0.00967435360606284 -0.0100467792336746 -0.0894362629823051 0.184765633330899
0.0107309252963059 -0.00670951341168352 -0.128731010723399 -0.124440591618726
0.0320280076497485 -0.00992805562439677 0.162731563867074 -0.361250796336288
0.00108059992155835 0.0158816043834775 0.54957039760153 -0.0377172946660582
-0.0438970628954903 0.00079823099468458 0.378560545601832 0.729064744671138
-0.0654911607636495 -0.059296319292662 -0.463096073906322 0.821799932742196
-0.0298492730272005 -0.0427247373000633 -0.689458136367526 0.141903695066088
-0.0208968895766925 -0.0308424867901422 -0.0506550869059519 0.100918985044641
-0.0536636187139581 0.0158743664054857 0.717883974974079 -0.0878675588560035
-0.00174249977957613 0.0221634357028934 0.441075460833048 -0.80408629491444
0.0347992903637825 -0.00232478840255832 -0.483263537108407 -0.70965535007321
0.0299130016527229 -0.0399887246753776 -0.614327696595556 0.0915577066851473
-0.00825639639048229 -0.049671579189226 -0.149382870217324 0.366035997399912
-0.00486414808394077 -0.0152102097940817 0.127268257890885 0.102281010932136
0.00298295642897384 0.00719941364725554 0.08359331641493 -0.213477129528392
-0.0144965714854877 -0.0110988212737512 -0.08466112666204 0.187122462049213
0.00565351564925263 -0.00619427057880912 -0.120704080904631 -0.124482725589852
0.0310611014978809 -0.00702594481164923 0.173735324649145 -0.362153283382814
0.00565735534055309 0.0200567188707454 0.553430065101716 -0.0328772158183005
-0.0396585385966649 0.00416496229290625 0.362983939954505 0.735563943677087
-0.0672693208808161 -0.057624621003834 -0.483231747327189 0.809294848786108
-0.0383096428176705 -0.0441666901522242 -0.695266148892942 0.130036506956315
-0.0326592224785528 -0.0345514270521662 -0.0504418753659906 0.0976223753437353
-0.0625330593128511 0.0153586690347922 0.711745159437539 -0.101100436757922
-0.00107679925220675 0.0255675489026124 0.419822191769598 -0.81688301868692
0.0420658432164763 0.000609280410075915 -0.501114295279506 -0.705613507170548
0.0345338656760076 -0.036694387102819 -0.610354030022193 0.0980518934240554
-0.00913444061663115 -0.0461234666126527 -0.136585960656538 0.365630534898865
-0.00807791797676669 -0.0149590016932365 0.133072439085763 0.100320336027511
3.78387096570693E-06 0.00673704914809447 0.0864701251793152 -0.212572048390429
-0.0221295823577766 -0.00879951231700083 -0.0822143787557785 0.189780157928869
-1.31320383888675E-05 -0.00340540651803246 -0.114719036474238 -0.122676260810611
0.0292342936030985 -0.00105924098200512 0.181425241452528 -0.363102612741797
0.0106199231394552 0.0273691267073293 0.557308961715133 -0.0344800346804374
-0.033706664208843 0.00987679655694907 0.354807680485394 0.730772552908642
-0.0661342701761223 -0.0515274943458727 -0.498074710306581 0.801237708809656
-0.0464032106466671 -0.0439005446001824 -0.703252326897357 0.122473989658903
-0.0422293838453497 -0.0374520997192397 -0.0536037255478784 0.0950506696521316
-0.0682313851249875 0.0171322580400652 0.704297157550959 -0.109167540371392
0.000614938677135586 0.0322340203423027 0.40709769669389 -0.822402856988398
0.0494291001799224 0.00698170646358554 -0.507750475119066 -0.705549920559422
0.0390390162230912 -0.0307429204893493 -0.605605026641804 0.0981254221987937
-0.0113464414839841 -0.040540335446535 -0.129506198832617 0.365917343880826
-0.0130475796081971 -0.0124491590415527 0.138225635317012 0.100727718067739
-0.00744522718390578 0.00760377136128004 0.0906298512923378 -0.208664768115607
-0.0302355373350172 -0.00547657445885604 -0.0801198770957281 0.193488122905503
-0.00491325824279989 0.00135364511437024 -0.112657374985854 -0.119701563592846
0.0254244810200514 0.00642481264334236 0.18563064427649 -0.362283898953864
0.0141286500363004 0.0361188048735036 0.557885374471562 -0.0376437689943849
-0.0275794267625869 0.0177011311307285 0.352544657635072 0.725422752973653
-0.0646176619073348 -0.0440983634932527 -0.500847249945583 0.792158634856075
-0.0510727789955834 -0.0409506748299512 -0.709254873413224 0.117996943745294
-0.0496760460638401 -0.0382279308098539 -0.0609382765419597 0.0905166893883187
-0.0728869033634139 0.020830948824284 0.697829386169017 -0.112143554913931
0.00357657768686664 0.040207911829964 0.404257092308305 -0.826358773493408
0.0558011377390847 0.015064602664522 -0.507670820695558 -0.710265109531942
0.0405526017672325 -0.0223237967754928 -0.602265634901424 0.0968611260307837
-0.0152301213097282 -0.0321628799726151 -0.125708485327262 0.366743377106363
-0.0193960476620934 -0.00906979135360573 0.140852356594074 0.10463550932052
-0.0145760684238718 0.00900004212933064 0.0929562918892747 -0.20354160471814
-0.0365660798385284 -0.00148481327832563 -0.0785637037617545 0.197301743379944
-0.00938759314157996 0.00671606367885702 -0.111994745384358 -0.115193492416274
0.02263626606258 0.0149744254160021 0.182711581117796 -0.361593300899066
0.0148802780581304 0.0443809824398167 0.55690546131985 -0.046561651097122
-0.0217993431197355 0.0264221066004605 0.363742585916209 0.715291660099083
-0.0617324570944111 -0.0352587148728814 -0.490265563287135 0.792697982811892
-0.0541401418999329 -0.0367193659663584 -0.713649735063844 0.120478025219298
-0.0536097446318035 -0.0363620369697385 -0.0716618000298658 0.0856481493397622
-0.0749717040344025 0.0253203822677664 0.692793968478389 -0.108376238595227
0.00652671134223112 0.0478268919401142 0.413368937769539 -0.823887724855143
0.0599903904811695 0.0236580016392033 -0.497513197833941 -0.719973133765785
0.041199445081032 -0.0132550979029704 -0.602906132742749 0.0897276201163155
-0.0195736511059203 -0.0253116783790321 -0.129977118870157 0.370171177886185
-0.0245541384207093 -0.00467179223384247 0.138981499930857 0.110165434637688
-0.0217187049580496 0.0122146699409239 0.094448360293479 -0.199788113346826
-0.0421059113970552 0.00365356159374285 -0.0787322343206586 0.199280224341767
-0.0130274854018286 0.0123640248776017 -0.116223777142131 -0.109186567184632
0.0178843623081818 0.0223499580260881 0.176593827387359 -0.359471255163726
0.0150481792338185 0.0523397125877379 0.558053768130775 -0.0565145933030327
-0.0170403318923715 0.0342293661117006 0.381217166751706 0.701527757506483
-0.056919331812735 -0.0269895185078426 -0.473033445543997 0.797007082838181
-0.0532037121166894 -0.0310798471829138 -0.716429013371159 0.127560246106813
-0.0542856253151946 -0.0337465766304665 -0.0837603705887173 0.0817021412125727
-0.073885261641124 0.0289753023212953 0.689007933815236 -0.0993086507238606
0.00883532177578658 0.0552003327456402 0.431965946159388 -0.815305034822118
0.061595597347608 0.0308772202792686 -0.479717650660951 -0.732909871827088
0.0394984895395556 -0.00521541634150036 -0.606367107686976 0.0818537823458598
-0.0233449285076279 -0.0178447132540522 -0.13884567781161 0.373228961728842
-0.0289850942354104 0.000844388128849947 0.133916997247039 0.115408369489671
-0.0262167303917663 0.0157839745058624 0.0946445497161074 -0.19534555485665
-0.044493104587203 0.0079119033702519 -0.0791623814788513 0.199378791458791
-0.0155989463544472 0.0174937954791368 -0.123636226070671 -0.104343338774478
0.0142404625443558 0.0287968282282654 0.166104153631815 -0.357147644092115
0.0106473731788915 0.057994082306075 0.556207358913809 -0.0653237888953471
-0.0153515424972696 0.0393264484547615 0.400434605080041 0.689133761415904
-0.0526282324232876 -0.0202430758160211 -0.446192751311803 0.806169372686911
-0.0484949435002414 -0.024589620221298 -0.715401855195118 0.139510226148878
-0.0493762196351685 -0.0297252895277208 -0.0958638465727083 0.0796376669137996
-0.0690850163519922 0.0326701359456935 0.685529063342054 -0.0847269786455859
0.0109270075113704 0.0594222382854758 0.460807329089952 -0.802241980709458
0.0611474709199576 0.0373678034472619 -0.453003825065511 -0.749881116265779
0.037635231718873 0.00136430745600816 -0.610904122186215 0.0680300120995179
-0.0256569932419604 -0.0131521188464317 -0.152372385446975 0.377037348313411
-0.0318716190459548 0.00417238814170874 0.127520740097879 0.120779963009922
-0.0296397826709829 0.0183271092456205 0.0931398224870198 -0.192762530670474
-0.00652758485329182 -0.00752273162468577 -0.0925064029481875 0.183561403485877
0.0141125837971325 -0.00500107362684707 -0.139303673543878 -0.121044430124274
0.0316442441833244 -0.0104216282568894 0.147964723349205 -0.363957996016426
-0.0022901194305555 0.0154992096378103 0.5480403948487 -0.0504610784725191
-0.0486912684600997 0.0005249014897768 0.409042022712539 0.727195251581044
-0.0634223558857181 -0.058924384043566 -0.431918463461824 0.842145748095584
-0.0206811910911605 -0.038834861204616 -0.687841927417394 0.162654647546737
-0.0105090705490907 -0.0262528958486234 -0.0556502595392078 0.102846160466502
-0.0443420917161628 0.0185600962201778 0.722742399363758 -0.0776815798287155
-0.000622799546158188 0.021471442848643 0.46515804013356 -0.797081057094349
0.0293934763298711 -0.00196243195974331 -0.469477504455182 -0.719331895457465
0.024390291487553 -0.0397347598091554 -0.623262899541588 0.0889503481576746
-0.0116770920377685 -0.0492754226967294 -0.160301576854042 0.374347408342281
-0.00304263646640748 -0.0147820842088746 0.120160520018591 0.105588112887551
0.00567430562664903 0.0091898292708105 0.0797154415971223 -0.215929957699904
-0.0107530441206435 -0.00965309764338971 -0.0902788438859543 0.185925483625132
0.011744708132118 -0.00720168930223227 -0.131883076889906 -0.123305292792759
0.0323989661897154 -0.00980292741103076 0.162125498377067 -0.364923802802856
0.00261395853836823 0.0163162007037354 0.553175632941641 -0.042789759244005
-0.0439096137164493 0.000892438736476028 0.386855723489889 0.732791453433685
-0.0659544348647482 -0.0604372970925251 -0.460942017314291 0.82837886541935
-0.0296060170463616 -0.0422121022951605 -0.691986113821191 0.146266178114719
-0.0214670832859893 -0.0316131407402485 -0.0504347039405149 0.102623327359369
-0.0536293909693127 0.0161243471628579 0.719057367792694 -0.0904885020514258
-0.0014447822581316 0.0221739605581197 0.437995950596142 -0.810269458991539
0.0353010839416509 -0.00198667416456476 -0.489744652138709 -0.708344635609039
0.0299225806443043 -0.0400106297467705 -0.61691504328344 0.0965535577478865
-0.00947904263142213 -0.0490030442435365 -0.147491598859203 0.37004434005357
-0.00386187595145233 -0.015529579720109 0.128335775898838 0.101457658027596
0.00313208944808399 0.00703706441753457 0.082990900367977 -0.214422719831705
-0.0151273333140624 -0.010526312217803 -0.0852333576521225 0.187996344049799
0.00685111394126085 -0.00643011861544952 -0.122755366487084 -0.123405478954764
0.0316804465498672 -0.00752833510336763 0.172456347683622 -0.364936022661521
0.00626484804993109 0.0201683682263063 0.556710552417893 -0.0392316175036699
-0.0402473452992128 0.00440977901847826 0.370484614884634 0.736977636548525
-0.0671444493634602 -0.0568008182893689 -0.482370580665302 0.815259822942529
-0.0384233568191058 -0.0434256345431701 -0.698480779897792 0.135070568630524
-0.0325377658193119 -0.0341683621049505 -0.049841523066645 0.0998870808676008
-0.0619971780138699 0.0158870251123556 0.714150426652449 -0.105264172790544
-0.000520911427926346 0.0260626822577426 0.417348317535738 -0.823963489967708
0.0428177841869313 0.000608049810652139 -0.506275454659086 -0.706322386044762
0.0345705352761971 -0.0372487096875221 -0.612001199014132 0.101113580420811
-0.00999054056189091 -0.0456751799446813 -0.134782245712873 0.368615828900849
-0.00773172623850875 -0.0144187884092138 0.13461804172624 0.100298788994774
-0.00130361882303607 0.00667097932431641 0.0847790751003109 -0.212739675535353
-0.0229979600559314 -0.00790637931059121 -0.0822182993150045 0.191118446575283
0.00245407677896536 -0.00367839777676825 -0.1181189288051 -0.122023692644137
0.0297853320612602 -0.00158831771166455 0.180084132546112 -0.365892550564313
0.0109750145918368 0.0282945176686456 0.559596473866516 -0.0384147508523073
-0.0342692567811714 0.0104244854880626 0.363007686079946 0.733775985325756
-0.0662342595092202 -0.0516533867854878 -0.495880668513855 0.804813325520037
-0.0458527260110005 -0.0432600278940307 -0.707068601094256 0.125250652507286
-0.0423790405853513 -0.036007627141983 -0.0532874799389336 0.0960017347875198
-0.0684805519430378 0.0186269350975748 0.707561200410607 -0.112386742130072
0.0011765275717159 0.0313268499813652 0.404163767537917 -0.827824646835152
0.049653930392356 0.0068029873495102 -0.515531183244624 -0.704043862552076
0.0388831640784949 -0.0305776509261498 -0.607623445395601 0.103617860331176
-0.0120704017495274 -0.0390114727503978 -0.126753072990591 0.368363817119368
-0.0130730903513069 -0.0121176833340542 0.140927291890637 0.101754815952705
-0.00799291692958516 0.00762722118669812 0.090205318603958 -0.209245455901546
-0.0300163708660213 -0.00598263454333711 -0.0800364510992748 0.19551822920193
-0.00349408616618435 0.0010181348781119 -0.114393075389723 -0.11839492312184
0.0269378846534607 0.00635211585920536 0.185471386400286 -0.36564349432048
0.0140462341249648 0.0369767100683617 0.562602678325571 -0.0422146717856995
-0.0281416165472711 0.0180545528455526 0.361404611912418 0.728204750594641
-0.0647448550631812 -0.0440766172162638 -0.499192758750934 0.797845978725718
-0.0507637938087495 -0.0397326040089369 -0.711449325650287 0.123427504926429
-0.0496521740620619 -0.0376583474123387 -0.060735505859304 0.0911324805777907
-0.0726840814877493 0.0222169705560633 0.701577205335722 -0.116222716992016
0.00411732014659524 0.0401809935435029 0.400752404669515 -0.832088585403021
0.0556454527858521 0.0141280688013811 -0.513759289798173 -0.711336499184285
0.0404100678129886 -0.0222254531126722 -0.604238795960783 0.101191416420981
-0.0160402159926745 -0.0323537100646771 -0.124826711047894 0.370492359167708
-0.0199633862699611 -0.00851212355280489 0.141967849929926 0.105673351225061
-0.0144832754441182 0.0101323667470899 0.0928834430356844 -0.20459988760346
-0.0369303830950008 -0.000740871888739286 -0.07751186587709 0.197704876677237
-0.00875085542132428 0.00688128214404062 -0.114296562872328 -0.113352860605231
0.021950389527333 0.014214630310969 0.180816577970462 -0.364206414115452
0.0160024295234651 0.0459496039282156 0.561543254687204 -0.0496169784407685
-0.020954165188095 0.0259073069717606 0.369680047447993 0.716092020615322
-0.060896811054481 -0.0349743615421227 -0.488485467540144 0.799692333647119
-0.0533116640427281 -0.0359787963985082 -0.71676383476045 0.123741395158766
-0.0547523094087284 -0.0354289168999963 -0.070803562742922 0.0870534339043687
-0.0745850485135862 0.0256823887022286 0.696640675525073 -0.112859386648378
0.0065893129391788 0.0486482842559035 0.412411509815857 -0.829986179376952
0.0603640160979021 0.0228754410689189 -0.503860454146811 -0.721036485337415
0.0410666690792174 -0.014433750252317 -0.606549024845964 0.094886746186144
-0.0204342289178198 -0.0253362067521095 -0.1281109444708 0.373890965581573
-0.0252211072395155 -0.00452036773304434 0.140401509093292 0.110258165246221
-0.0218889725727484 0.0122213370661165 0.0942160843647827 -0.200622517918148
-0.0419769361204149 0.00378041608642501 -0.0778997037026836 0.200160162301808
-0.0124348219665277 0.0124443368096163 -0.118361337203903 -0.108857564383563
0.0185282933194252 0.0222340953683236 0.174922301918048 -0.362047418964282
0.0158923192637392 0.0533755492155126 0.561513682869749 -0.0607172804742634
-0.0174105809391434 0.033436737598637 0.386280795308172 0.703405582632037
-0.057410922846021 -0.0266365028173986 -0.470286857837719 0.802497016198127
-0.0521844361716737 -0.0303177039112556 -0.718425539940151 0.131692994701741
-0.0545570568449289 -0.033174577118465 -0.0842544539447375 0.0830497196678543
-0.0732192673900178 0.0306940821522402 0.690974283361175 -0.103526208730098
0.00956843949474409 0.0563048099091761 0.431695239735454 -0.821820214096228
0.0618930455947246 0.0308100133984816 -0.485664810105324 -0.730137655024232
0.0398185954985568 -0.00559435312931626 -0.608511768178264 0.0874862393620303
-0.0237082361427732 -0.0170392939699114 -0.137152014523144 0.37645427315627
-0.0289640959427561 -0.000257405972750994 0.135049001929037 0.115964143412831
-0.0261911124477397 0.0158574066590673 0.0947276658320062 -0.196026490601085
-0.0443886040995932 0.00810634110108685 -0.0788734861282085 0.200865838150805
-0.0151139056807331 0.0170185438542116 -0.125323730491399 -0.102505126761226
0.0141663051664946 0.02931512982234 0.164565031291982 -0.360423849701749
0.011535564553662 0.0582227431960995 0.557729763815697 -0.070053151337011
-0.0151297279391073 0.0389764831698939 0.407304543490028 0.689180859706133
-0.0534446262080664 -0.0202148207705724 -0.442652705167274 0.812689302252644
-0.0475613343863498 -0.0236926050579527 -0.719271693931043 0.142419260927659
-0.0492510218334875 -0.0294238623356703 -0.094705907558328 0.0809751481165182
-0.0692336604323496 0.0326046158681743 0.689356540918779 -0.0869420823170849
0.0113295446815518 0.0601040884208311 0.457258627954864 -0.806287649339418
0.0612096004022904 0.0367097092917831 -0.462077639428513 -0.748371950326668
0.0374442841179501 0.00063236774793355 -0.614041571752589 0.0718357813478596
-0.0264138514685189 -0.012896468809147 -0.151132892428574 0.380643754837843
-0.0312079175552622 0.00425077740758955 0.127733877115325 0.121792338939743
-0.0287841589647343 0.0184851194699903 0.0914782850951885 -0.194647891225986
-0.00710635871721439 -0.00712787866612546 -0.0920114431258069 0.184956139323715
0.0154354184454199 -0.00449988915639592 -0.141389510302561 -0.120060648797652
0.0310763813001723 -0.0102825911494762 0.146891916762271 -0.367497150752679
-0.00220562000122171 0.0165438772229651 0.55259690986673 -0.0568115219141824
-0.0491821962304195 0.000137142966478758 0.418675323268315 0.727299402365565
-0.0643229579823078 -0.0592043457218318 -0.430311111424539 0.849882272418263
-0.019679153921272 -0.0382089613727607 -0.690771536026795 0.168006399858588
-0.00989006232214644 -0.0262464441790871 -0.055616508352056 0.104883327471817
-0.0445792795407025 0.018874086647009 0.726354606505268 -0.0836307422581534
3.90861839940845E-05 0.0212589305392902 0.462497595904983 -0.80375530094123
0.0295345883854287 -0.00191345416766122 -0.477501117340301 -0.717386042998627
0.0242740107337593 -0.039844338900903 -0.624925624747736 0.0935564976805518
-0.0112432086184712 -0.0489686699059446 -0.158154517447237 0.377507996175681
-0.00278170592214026 -0.0148108539028852 0.122536578253153 0.106073376634376
0.00477799152663002 0.00888394501501045 0.0783044230799231 -0.216584654667764
-0.010678927031904 -0.00982599212622428 -0.0894457014673232 0.186848028982885
0.0118351073025216 -0.00748941502846787 -0.133045374720227 -0.121591666257823
0.0321499889628435 -0.0105672554114083 0.16057342784735 -0.367972610830406
0.00247692958991975 0.0179577782253261 0.556412215328277 -0.0468517439331934
-0.0453426164005869 0.000989167366627942 0.396735416462555 0.733201590409109
-0.0665110189990669 -0.0598447965352436 -0.457051174299662 0.836303822909444
-0.028437784120975 -0.0415557174363404 -0.695367566271039 0.151395051715903
-0.0217829445190757 -0.0311062810152259 -0.0497398563902969 0.103409641491999
-0.0535639372599635 0.0171776583156427 0.722994547171088 -0.0959905832619057
-0.000545122584596387 0.0217981419029968 0.434543747816227 -0.818007332612007
0.0357687007798002 -0.00181849121427865 -0.497745377491155 -0.707061615551797
0.0287373842884059 -0.0407510261740314 -0.619073293474072 0.10256095491033
-0.01013752647404 -0.0490016699749458 -0.1457449933036 0.372467526423082
-0.00427732434799693 -0.0147517809017684 0.130602977819205 0.101953895757366
0.00372531909718209 0.00748612970481843 0.083210060910568 -0.216222218215147
-0.0158293817693495 -0.009826363939757 -0.084950503699407 0.189352952830479
0.00827697056692793 -0.00573786668334307 -0.124283331057835 -0.123061034300995
0.0311079952409522 -0.00780527295160255 0.172714277862676 -0.367358933725548
0.00622686101204047 0.0215173590031457 0.559290827595379 -0.0433877512328053
-0.0400192126171285 0.00405598237454284 0.378869356969875 0.739634090851013
-0.0674341964701878 -0.057441077662609 -0.480183434101151 0.823792709520502
-0.0382538725926985 -0.0420777399406418 -0.701384090783906 0.139629048448585
-0.0328290873759853 -0.0340790732591992 -0.0495864057326388 0.10138330179317
-0.0620370741637766 0.0170708500918992 0.717146421500322 -0.110200591716684
-0.00101584007977629 0.0258042827493625 0.414382314405666 -0.827901036158782
0.0422606246566782 0.000559809974646571 -0.514563825765825 -0.704112047624595
0.0349487984269389 -0.0371596776245576 -0.614718742473535 0.106945453472196
-0.0106498141823598 -0.0459123252924466 -0.13140664972712 0.371566250807106
-0.00883654305970372 -0.0145232355330057 0.137228976023204 0.101236803449356
-0.00150637199936646 0.00702348034864842 0.0847327551651404 -0.214305418418229
-0.0237303947621089 -0.0079118607693504 -0.0821298261959313 0.193015112804925
0.0015628653436371 -0.00392691871335703 -0.119772282209801 -0.121044682094156
0.029270073848778 -0.00140626306083789 0.180077255166422 -0.369373515563551
0.0110018057980818 0.0288489878042553 0.563691724418471 -0.0426446357353004
-0.0343911663224018 0.00955147382920595 0.369218335615483 0.737572801304514
-0.0664171587813018 -0.0513349230386707 -0.493785212669383 0.812770958309529
-0.0449100301375604 -0.0428175603924795 -0.70826398587984 0.129839095920502
-0.0429330013133521 -0.0363169598421349 -0.0524440419165153 0.0976415541901488
-0.0681609627628393 0.0188182512236892 0.710921086674112 -0.118756798032274
0.00133332920310572 0.0328328223633898 0.402916501430757 -0.832847042039908
0.0494241724587912 0.00620842187777829 -0.523315450695636 -0.704141932137102
0.0398648975256666 -0.0310524477280731 -0.609742356563921 0.110075187377071
-0.0129608761528975 -0.0394156795380487 -0.123432088047499 0.371389785948109
-0.0137893129014054 -0.0123360618515911 0.1423279667533 0.102891097595787
-0.00818611049445684 0.0069904333384036 0.0901618776419685 -0.210458840394046
-0.0306335635270922 -0.00537210079894439 -0.0800567082921554 0.196664135831829
-0.00398101600047128 0.00148829785690361 -0.11541089067693 -0.118591644001828
0.026494429031113 0.00591272488792288 0.183935201453236 -0.368368325992959
0.0153278004181465 0.037574937796359 0.5652894431525 -0.0484059370071072
-0.0283601424783278 0.0171902975579692 0.369827347269205 0.730548385448292
-0.0651941576570224 -0.0437245892187832 -0.49759894860842 0.806396117215985
-0.0511966469748033 -0.0393901621906649 -0.715471567872378 0.128118094731133
-0.0503462966477221 -0.037060529092006 -0.0603119318069967 0.0929489566538707
-0.0721265346230128 0.023092681033151 0.704605560540233 -0.122543119885385
0.00435937503131707 0.04026824146321 0.398970094025312 -0.839518790411062
0.0565684536862236 0.0140721730868289 -0.522642664549829 -0.70810088886643
0.0412763818905174 -0.022843130136274 -0.607684132103467 0.108093739288259
-0.017454747741461 -0.0318311316314817 -0.121899484696468 0.373983047747597
-0.0196543452991715 -0.00796026289951786 0.144010132777996 0.105773670116809
-0.014635777320549 0.0101179262352163 0.0915782198681451 -0.205611501020177
-0.0370285170911077 -0.000560940560564511 -0.0774390231317911 0.199136644838276
-0.00818241699826541 0.00617126962343438 -0.117565424950931 -0.112668702397666
0.0236109086423516 0.0144001295213731 0.181700513439415 -0.367557295603054
0.0167483009313366 0.0454047198966936 0.565499477781624 -0.0555462369790672
-0.0225873975392127 0.025113272541264 0.378253069691141 0.720064355737485
-0.0623315461740279 -0.0350676734847614 -0.486059514003563 0.80678876925934
-0.0530460934818085 -0.0349033531722619 -0.720630330066896 0.130417327805547
-0.0548775968033253 -0.0358915637781737 -0.0705279828617399 0.0879338052043317
-0.0746518635118972 0.0267848478030006 0.699262940836533 -0.117566022929935
0.00697801746845284 0.0489580997122878 0.40847283034659 -0.836362382402497
0.0604501616925276 0.0222051178398006 -0.513707847889718 -0.718623132833427
0.0412733064843514 -0.0140487951835279 -0.608191583250312 0.101007578165583
-0.0207934068148319 -0.0245512036268318 -0.125478686102492 0.377064457603571
-0.024973556801819 -0.00380985937878384 0.14268516681533 0.110233031497841
-0.0214237080994622 0.0124274513825852 0.0928962152482191 -0.201700368801019
-0.0419721693305816 0.00435591448860215 -0.0780381039864484 0.201343670468339
-0.0123381973325005 0.0123395080551646 -0.121626204090582 -0.108237322197226
0.0188925483970586 0.0220065304942428 0.174362942459246 -0.364370763679994
0.0163150904218739 0.0545095173043324 0.565709604669289 -0.0635604160702907
-0.0177263745008588 0.0332347949849382 0.395843207311728 0.704476890977796
-0.057748772860996 -0.0275805906131528 -0.468904755236501 0.811450566824624
-0.0510965364362454 -0.029654905059294 -0.721231983099312 0.136787372127886
-0.0550672211403035 -0.0328275329270099 -0.0830686940162533 0.0850997711085302
-0.0733664742720411 0.0307654382294447 0.694329399507753 -0.107472429254958
0.00915739320937021 0.0557142464186947 0.428131524506782 -0.82757269656332
0.0623292063193829 0.0300749763399629 -0.494274490945183 -0.730427738737371
0.0400488985648574 -0.00695926533618154 -0.611606827895601 0.0912728083866122
-0.0239599875841478 -0.0177477319841898 -0.135442299274594 0.380642758065971
-0.0294318625855006 0.000142327068907454 0.137244337544034 0.116395803814212
-0.0265155570750809 0.0156414031316141 0.0939080304646106 -0.197491973486283
-0.0449949788308671 0.00956135132209043 -0.0786817259379625 0.201926740648436
-0.0144019822857832 0.0175234262234202 -0.127426237495739 -0.102486281766017
0.0138007623711585 0.0283014300469479 0.163594448067179 -0.362253362956221
0.0127279898504449 0.0598229380113721 0.562809263610156 -0.0755789367520665
-0.015360168146718 0.0389334766821036 0.415018069679408 0.690860010695771
-0.0534639708864334 -0.0206302907660115 -0.440627494525532 0.819141528778359
-0.0469905043128572 -0.0229690488016318 -0.721692530449856 0.148464877891392
-0.04992580735652 -0.0295006263971382 -0.0955444933294966 0.0822124131953828
-0.0692329234732311 0.034108113356396 0.692023476141018 -0.0940382351806118
0.0121420178393934 0.0591962305061369 0.454767208560769 -0.814687369715208
0.0616729096045996 0.0365429084172148 -0.469277992205286 -0.7473684730216
0.0377914705015884 0.00132699608064275 -0.617088642142895 0.0778830541826429
-0.0263208387917576 -0.0123721832942785 -0.149426147091289 0.383709938131998
-0.0309463260612 0.00443394571110354 0.129725836854797 0.122545415996619
-0.0296300411032739 0.0184350204174634 0.0927659494153634 -0.195231240580664
-0.00846938716074028 -0.00719287512684749 -0.0921116382576221 0.187093318041548
0.0153489635363691 -0.00507494041887787 -0.143825635081244 -0.118952841399124
0.0315051822544585 -0.0116276754545701 0.143159159970712 -0.370244168857523
-0.00159901531351434 0.0175234541514467 0.556364625715821 -0.0627840804211394
-0.0484877869485265 0.000406207951310314 0.428059158762648 0.727315289478298
-0.0655622985528985 -0.0602322452813953 -0.424726790381187 0.857109278283517
-0.0203654682338918 -0.0375237745400075 -0.694244685159187 0.173568297712293
-0.0111732580419412 -0.0255694668093724 -0.0542640556866282 0.106711901716391
-0.0437758347789095 0.0199115644357797 0.728843236507501 -0.0910242393983316
0.000156090511962373 0.021872500640022 0.458171225602192 -0.811374571980576
0.0306419709334357 -0.00256010477899344 -0.487253961571367 -0.716251657148441
0.0235584539008799 -0.0400294163101699 -0.627756661024534 0.0986402121447431
-0.0124836534672878 -0.0487844905233202 -0.156215246971729 0.380720486207972
-0.00299742864528371 -0.0151040488892673 0.123031753093935 0.106064474891915
0.00561773464862529 0.00910140142278199 0.0771491742811697 -0.217147161086686
-0.0112442570820375 -0.00929289713800681 -0.0889519692469555 0.188456862049582
0.0129572804915736 -0.00689582989133047 -0.135478548324722 -0.120315768407868
0.0319226769686953 -0.0100785878930615 0.159326255438079 -0.371443394861056
0.00309382596249638 0.0183287488248178 0.55937705423976 -0.0536628042502665
-0.0453144298614955 0.00090251199487916 0.405689629943687 0.734742087042706
-0.0671338822853064 -0.0597411576612055 -0.452225293231638 0.843948077702464
-0.0284232759318045 -0.0408330370748955 -0.698380263139807 0.158519481404871
-0.0213907157981405 -0.030038324372207 -0.050087612559299 0.104609324981077
-0.0536336459364967 0.0187027154789933 0.725610917758956 -0.102955618999098
-0.000647067181166874 0.0228699655177914 0.429596916309353 -0.823073718403093
0.0353270554542542 -0.00285412215921017 -0.507334221115067 -0.705796942194621
0.0299052004232158 -0.0406909071799964 -0.620992912860807 0.107791061704687
-0.0111047378942727 -0.0485064515303016 -0.143239626741329 0.376566862583426
-0.00508968382313345 -0.0160048317718474 0.13136988346946 0.102731708368022
0.00287981545998929 0.00767963764546954 0.0819199229745869 -0.216042482683748
-0.0160193129886478 -0.0106397477089703 -0.0841633491413603 0.191328438523231
0.00786193932200245 -0.00617463722127441 -0.126938550291327 -0.120298818495959
0.0320393886465328 -0.00787684324595176 0.167769165362583 -0.371666093062167
0.00724251337163352 0.0225319236748302 0.564621837754746 -0.0481394179928175
-0.0404586096422393 0.00427309164415044 0.388039212148344 0.741136270808335
-0.0683451824799058 -0.057268788692022 -0.474873248465428 0.831777838707445
-0.0367295289021744 -0.0418611787928087 -0.703512500105015 0.146220418691939
-0.0329208194020412 -0.0337105512326183 -0.0486760966423864 0.102420763134145
-0.0619732828326564 0.018154835563073 0.720242226633393 -0.117291370586239
-0.000325729424741308 0.027135637190736 0.409524929799166 -0.835169240059031
0.042941222182561 0.000524453512510498 -0.52307586003722 -0.703084344437716
0.0346852699920029 -0.037606138326611 -0.61643774654179 0.113384930163042
-0.0118283024781388 -0.0460411097985978 -0.13020902425662 0.376007077465329
-0.00784846610962801 -0.0143905463612532 0.138186806052785 0.100382569009339
-0.000731102222195837 0.00727337527153509 0.0852150375954257 -0.215257766139543
-0.0227628207044168 -0.00886613146585141 -0.0812626361617817 0.194975331920787
0.00233513573424394 -0.00323674082419127 -0.120834864906355 -0.120311427586061
0.030282306492008 -0.00154438109850902 0.177400673976785 -0.373603989393888
0.0124241663134711 0.0294460649297668 0.566879784920335 -0.0488125337532495
-0.0341654231635955 0.0100425376512372 0.379243614077123 0.736547398730215
-0.0678115167613585 -0.0509506818701592 -0.489790186194379 0.820685829102929
-0.0453807735857808 -0.0419568698604288 -0.711895430864739 0.136848166859401
-0.0433258780463755 -0.0360928458314728 -0.0527030823726736 0.0989043647496219
-0.0685488874472224 0.0198630132107532 0.711805267063945 -0.124193798144042
0.00177687216155832 0.032580300348805 0.396399828052808 -0.842365594758598
0.0502701544596202 0.00600806812682524 -0.530539760749039 -0.700940247356016
0.0385834150032356 -0.0323598182744798 -0.611981284762408 0.115983143498256
-0.0142515217655335 -0.0392841442156771 -0.121469088535256 0.375531039812284
-0.0139156907734629 -0.0117080726263529 0.143686856199001 0.10145561669935
-0.00838664283749862 0.0073172309890512 0.0893734486233526 -0.211226277340009
-0.0307077859508323 -0.00512392013028933 -0.0786795081815154 0.197762355283642
-0.0025097895467308 0.00123109455917189 -0.118595124210005 -0.116845951695713
0.026896135596575 0.00618192338399685 0.182013016581353 -0.372643408146595
0.0167510715009438 0.0372964604840592 0.566762741802342 -0.0543615803272916
-0.0289752303602248 0.0180299223242425 0.379671980643096 0.732212990619884
-0.0654763354273609 -0.0439435793506312 -0.493009106655472 0.815878371293438
-0.0503548746156682 -0.0389553851708274 -0.718629293861356 0.133734625519574
-0.0509285540957882 -0.0365678478398821 -0.0596020904959323 0.094257839547808
-0.0731371180286437 0.0239147838321037 0.707590241243605 -0.127842930535767
0.00469016322884923 0.0405424760215173 0.393137483873703 -0.845418898722181
0.0568183575988485 0.0134881334375183 -0.531756305163105 -0.706575333746107
0.041094814473288 -0.0237857725697366 -0.610337377033365 0.112995591857067
-0.0176803445871338 -0.0314524757453275 -0.119118950264681 0.377552120988968
-0.0201913550067246 -0.00805416537917223 0.145601439483294 0.105664870901517
-0.0152178827164457 0.00964935187842274 0.0914964994273361 -0.207537084307418
-0.0374522367824634 -0.000431402604050279 -0.0770803073629621 0.201634471988011
-0.00743819796212314 0.00746062635287067 -0.11863433655026 -0.111489022236312
0.0234684842291102 0.0142072607930054 0.178787932062036 -0.372581192922518
0.0175884331987438 0.0469556619422485 0.569390126023481 -0.0618181748319435
-0.0222588837341844 0.0256447321459033 0.386544033026661 0.719245301420598
-0.0627867961005786 -0.0349532803212593 -0.482682676332959 0.815401509446315
-0.0527480308093197 -0.0337400394977532 -0.722978528375438 0.1359611148411
-0.0549727532649367 -0.0356186123808898 -0.0716928012230714 0.0898032017933995
-0.0743023522301167 0.0273305651945634 0.70101996977925 -0.124877109337965
0.00734763063207473 0.0488682689613531 0.403980650006438 -0.842161883968965
0.0606473235723673 0.0225456407179846 -0.521266480327375 -0.716152306951853
0.0411836978314918 -0.0142096758101379 -0.611239979528162 0.106141768833581
-0.0213590721645698 -0.0249454980377188 -0.123710319821622 0.379855847150406
-0.0255943018035054 -0.00360356861906491 0.143564302039381 0.110489049932497
-0.0219134595096411 0.0125427485505405 0.0929590785994765 -0.202244535722265
-0.0422695070717553 0.00481234921980188 -0.0761021838305295 0.20300081564634
-0.010833371756829 0.0121708888171135 -0.122952897523808 -0.106217831168968
0.0187394912389347 0.0226628730452705 0.172893781485505 -0.36976550112514
0.0164535002548549 0.0542380567545159 0.566553616076362 -0.0719992426201646
-0.0177364748167594 0.0327316237238995 0.403904317221755 0.706404862860593
-0.0580621348076207 -0.0263229771333668 -0.462981190547338 0.81924748860953
-0.0516242568876832 -0.029312594957704 -0.724352664096774 0.141580411556166
-0.0548622778540275 -0.0329080586320363 -0.0825251682140972 0.0867006627761323
-0.0734558009325908 0.0323332184412927 0.69750271793985 -0.114342164686054
0.0106245664773324 0.056555472865276 0.423436581324436 -0.834772586810729
0.0623503435279396 0.0296671569706916 -0.501773281853333 -0.728837736968244
0.0403326363849286 -0.00622923790335589 -0.615398119413142 0.098250975336986
-0.0246014063822689 -0.0168434376310425 -0.13242818327074 0.383105957686734
-0.0291036735007563 0.000818205861282482 0.13905025512123 0.116305950512162
-0.0265067569206071 0.0157457148473336 0.0941394604007795 -0.198147846663693
-0.0449891082163669 0.00906458312430118 -0.0774478638621356 0.20438329537254
-0.0131359045002562 0.0178832853335285 -0.129041520544083 -0.101074549248928
0.0147785238448328 0.0278277022437582 0.161319490458272 -0.366469492802903
0.0136562706729767 0.0593985068062024 0.563515420220806 -0.0811027479204055
-0.0159220101201979 0.0384794371626074 0.424982616898149 0.693522700409683
-0.0537932796945068 -0.020297200226961 -0.437512935556952 0.828212260473609
-0.0466140466062192 -0.0227507499806299 -0.724789856470787 0.155171682687553
-0.050395103787417 -0.0287949594279634 -0.0951672553759237 0.0840545261436633
-0.0685955664009163 0.0348787864380801 0.694016718658406 -0.098647513672938
0.0124743496839797 0.0601509667615614 0.45088844846777 -0.821927581627475
0.0622577201350527 0.0351736705955539 -0.476558536287725 -0.746085805954549
0.0381952686668798 0.000859335318763046 -0.618279272501807 0.0818649104346538
-0.0264188095710707 -0.011551425476701 -0.145448046588342 0.387419638394288
-0.0308208425853359 0.00455428380978368 0.131855241019351 0.122639703189754
-0.0293355799193309 0.0186109697215488 0.0918308973895113 -0.19629101935128
-0.007889268126477 -0.00653353962412608 -0.0916742633221012 0.187885963079752
0.0170019008075088 -0.00520732783443521 -0.146461670381037 -0.117406826987095
0.0312315060444146 -0.0113793171395468 0.142038846048748 -0.374100636771595
-0.00104904836587279 0.0173047380481611 0.556740754202633 -0.0675081922180745
-0.0491663566610368 0.00107620983584053 0.438842620828987 0.726522877122548
-0.0659890693832126 -0.0590217865335168 -0.418797713156484 0.864923456303737
-0.0192006669768087 -0.036463633185786 -0.693824136722594 0.180651293678528
-0.00971544303521286 -0.0254277218137659 -0.0541680553082327 0.107570139762364
-0.0434086401869603 0.0205274764552608 0.731740106526696 -0.0970692546588865
0.000802733882822336 0.0218430446248675 0.45213676460644 -0.818052156254484
0.0298967605742746 -0.00187809202145134 -0.495677874069837 -0.715185829032554
0.0239745034302467 -0.0406765711188304 -0.631433085693181 0.10857021303243
-0.0135657493849484 -0.047790068503609 -0.15194569044069 0.384840626244112
-0.00333749880993813 -0.014602146529805 0.125222362027386 0.106312623796472
0.00496869199683429 0.00876100953005368 0.0768259961260945 -0.21797660817087
-0.011522085225509 -0.00932612556291399 -0.0877379784622435 0.190816346216896
0.0130954407708873 -0.00721871550368499 -0.137294390326883 -0.119389082813158
0.0326823219688868 -0.0103844799633839 0.156588461981897 -0.375082872184777
0.00349905755874032 0.0185480602056745 0.56079285769477 -0.0600185880279317
-0.0463883384560134 0.00132734078841655 0.415890580841833 0.733525780882563
-0.0679300616413443 -0.060125066535397 -0.447162860123345 0.851165314701667
-0.0280489732479364 -0.0402297845433513 -0.69802263024157 0.164792620922585
-0.0215234026716771 -0.0310637546715427 -0.0493153458559972 0.105921482405308
-0.0530032770867152 0.0192541995456188 0.727875225448678 -0.110722947015179
-0.000576176448373225 0.0225113386269596 0.424040396447056 -0.831379869685778
0.0354925680643163 -0.00311937161303117 -0.517918412585654 -0.701791787090348
0.029809829616731 -0.0413358173855035 -0.623919359803201 0.115230339046946
-0.0121698191193815 -0.048023786394917 -0.139378081058747 0.382463636876723
-0.00545259666064469 -0.0154006949283315 0.133564553202957 0.101665647741564
0.00269966640534121 0.00729589430064723 0.0811291963885018 -0.217519026625578
-0.0162698755936168 -0.0104590203451229 -0.0829782456519515 0.193355001954998
0.00835801719538523 -0.00720558759185571 -0.12890426048228 -0.11949877614253
0.0320862102796973 -0.0078708966797461 0.167830436746928 -0.375760924903415
0.00829346177982641 0.0235579512902858 0.567401420634181 -0.0559569174278149
-0.0409359223644294 0.00424114204509086 0.400101190704061 0.740372273054622
-0.068754332207054 -0.0574870696103959 -0.469313971515061 0.841527945040301
-0.0371012761043169 -0.0409416629432416 -0.705829949197308 0.152839282412716
-0.0334793755823708 -0.0329537680570378 -0.0480783052022417 0.103724107253268
-0.0627409618158825 0.0193559182271439 0.722196791662692 -0.123717329205901
0.000526479736458585 0.0267850614461381 0.402356134663977 -0.843398839825456
0.0428380503686285 -0.000723897766273712 -0.53428425519808 -0.698371008325102
0.0338234606585463 -0.0382360620282083 -0.617857040650036 0.119843562755647
-0.0124117396930451 -0.0451129061194212 -0.125670077454847 0.379962488697032
-0.00902701754435219 -0.0141315657841885 0.14016951292714 0.100471694769175
-0.000997196817172207 0.00640656185721547 0.0828769924474193 -0.216499997731228
-0.0245449607186971 -0.00762919201799267 -0.0803928879993767 0.19674683639928
0.00368188731945676 -0.00289120414510109 -0.122958279985981 -0.11868274582892
0.029287328472838 -0.0019354352257767 0.174458007515723 -0.376067524861679
0.0134273486633223 0.0293697952046747 0.568247203884977 -0.0557191821340137
-0.0348142581451054 0.00946616688789331 0.389305722350589 0.737543469207471
-0.0681290693659321 -0.0511761190392744 -0.48270612644854 0.830958599505259
-0.04528332029173 -0.0409977204492329 -0.714682158344662 0.14410527498014
-0.0429947548903253 -0.0350878096915129 -0.0514410060688549 0.100620856917206
-0.0672840838296693 0.0212342773397127 0.714709100157785 -0.133548854032044
0.00188136605345825 0.0325214369358595 0.390514819196048 -0.847409627518949
0.0505637559951415 0.00492144950285408 -0.541650592409363 -0.698000425871359
0.0389085286499037 -0.0320662536987938 -0.614766610518392 0.124514851502466
-0.0145484544904342 -0.0391664161100303 -0.117983136890489 0.378846299950881
-0.0135628248410235 -0.0121374728629285 0.145400908754923 0.101201688587832
-0.00807563508360375 0.00700470234766455 0.0876992849788362 -0.212526985133484
-0.0316544747793032 -0.00494809418668452 -0.0781513629256015 0.200443261464022
-0.00144674293941247 0.00172739545229624 -0.12029020794063 -0.115236898715576
0.0265895836080739 0.00569902017305571 0.179226218084418 -0.376072820209117
0.0165926717328139 0.0376603442456275 0.570749271887345 -0.0593349757377471
-0.0284041324528019 0.0180575099686148 0.389611764479434 0.731024208144901
-0.0662223098662411 -0.0439093611635278 -0.487602211829873 0.823821748083602
-0.0500543318162606 -0.0379724630319936 -0.720776179291338 0.139494316363001
-0.0510807244358703 -0.0358372132235138 -0.0590720457480618 0.0965078950365332
-0.0720477793954901 0.0247576849364967 0.708790984863349 -0.135162491883061
0.00466281816346412 0.04084032411513 0.386385506438314 -0.852305789416803
0.0563776911287929 0.0132093232751716 -0.539368454274046 -0.70272660978241
0.041648390094548 -0.0239004826052631 -0.612167507185174 0.120239030390596
-0.018617979639504 -0.0319345753042168 -0.115966908527449 0.381227528984865
-0.0195991073288475 -0.0083251412244047 0.147637501687767 0.104982136216274
-0.0152906499341931 0.00926192788274949 0.0912596342742627 -0.207796909067565
-0.0375705177698493 0.000800535324837752 -0.0754429251406832 0.202867342314044
-0.0075825770216165 0.00695744193353835 -0.12103631446662 -0.109918473159223
0.0236452403937808 0.0143333606637451 0.176032257844071 -0.376187177864042
0.0185729784476421 0.0465266595520677 0.570197303856964 -0.0690911283663279
-0.0228578945199344 0.0257279261514233 0.399961870894314 0.721002446183425
-0.0628944639667984 -0.0355970263228815 -0.478398102794542 0.82464112071538
-0.053026729017407 -0.0332852440504238 -0.725460182665719 0.143183619835398
-0.0553951788080724 -0.0339871886006274 -0.0694589952508428 0.091598498337153
-0.0748675354262392 0.0288334231208137 0.7022627417258 -0.13174576230981
0.00880699783735833 0.0492106982352954 0.39680139655439 -0.849423635497811
0.0620276104781967 0.0217434367512268 -0.53061438462524 -0.71468715275781
0.0411917083335623 -0.0151941404983055 -0.612600492572774 0.112942263107446
-0.0221022887645278 -0.0234812136250735 -0.11871544098972 0.384778333909471
-0.025316836315677 -0.0039168989111909 0.146283705127086 0.110628757523147
-0.0219178636454678 0.0129955072413262 0.0912345545391517 -0.203910682937413
-0.042378982144369 0.0053111743986667 -0.0758220103179372 0.204631989833461
-0.0102371353187287 0.0130991689056058 -0.125029054080428 -0.104694551271644
0.0194664205063042 0.0217093069015547 0.170022021466853 -0.372460436666743
0.0179832979300647 0.0547167830051742 0.56875776811846 -0.0773786097288671
-0.0174293644497033 0.033190717398097 0.415445830792876 0.706480842259827
-0.0583951213637677 -0.0260941453180169 -0.458667130069894 0.827624970225782
-0.0520142496942333 -0.0280528115426886 -0.727335282377538 0.14955136678721
-0.0556782919130346 -0.0318532559207018 -0.0819872715280544 0.0890786336199038
-0.0735224230149274 0.0331214503659017 0.699252048327672 -0.123000488303425
0.010316784156026 0.0561906051121047 0.418070283078887 -0.841426668248013
0.0633289553636447 0.0298197396477561 -0.512934528656985 -0.726948694105716
0.0406544255151815 -0.00746248999036817 -0.616561331317568 0.105632675252635
-0.0252045808318021 -0.0164749446610091 -0.128370082366125 0.387966360028239
-0.0287609821732198 0.000682420324528788 0.14083403251325 0.116323568743777
-0.0273374246498468 0.0158703701358743 0.0923886307844083 -0.199399236665899
-0.0449840839546796 0.0103250196460358 -0.0772423954095613 0.205163031893549
-0.0124031055695623 0.0177792060723394 -0.130886500789362 -0.0980602307854205
0.0153797336813396 0.0282192600307391 0.158993790516467 -0.369278864868679
0.0147052022343787 0.059895744236032 0.566707884991173 -0.0882726021498736
-0.0160241272365231 0.0390903877390649 0.436561618264354 0.690567574302746
-0.0535580873574047 -0.0202395956515526 -0.43179269299792 0.834545059678809
-0.0465223661920478 -0.0212616842764305 -0.725295503381092 0.16099051028405
-0.0508809517218216 -0.027176187007544 -0.0942536767620497 0.0857808052103436
-0.0691060865591184 0.0363418722810621 0.697425682596375 -0.106613193803862
0.0134765944886537 0.0605597886254849 0.444317203657815 -0.827276796045835
0.062245274792371 0.0360960687559818 -0.486281082673273 -0.743699667047614
0.0380759329864086 9.73981276215508E-05 -0.622367550391569 0.0909028470266237
-0.0260594253269503 -0.0113011772225328 -0.141851411071145 0.390666777145309
-0.0314664947423656 0.0046751472880652 0.133524824987927 0.122877066704584
-0.0294565537127327 0.0188730575370374 0.090403814622446 -0.196712771435693
-0.00889076617644155 -0.00648442439770049 -0.08960764962634 0.189973651848036
0.016661584265214 -0.00592769475328224 -0.149298990609408 -0.11475101574926
0.0320799420052795 -0.0112949202942232 0.137988374934843 -0.377005270964553
-0.00109923413012376 0.0173476838173183 0.558874735345716 -0.0747645976194228
-0.0493314888275934 0.00109012895278334 0.449384755711245 0.724299300399397
-0.0662429469464839 -0.0603082580566494 -0.411215183470467 0.873591604368133
-0.0180165123724219 -0.0368436950285758 -0.697099549822929 0.189032887304671
-0.0106185461104199 -0.0258452343426193 -0.0531936361510686 0.108719384639895
-0.0441101455170297 0.0211760151522344 0.73473298327354 -0.104162040143333
0.000790517878930246 0.0218711132336581 0.443444946782626 -0.826721812190825
0.0302472405322386 -0.00309330703117743 -0.504979819276009 -0.709428938272319
0.0232554872035656 -0.0410031492728722 -0.631735371746721 0.116544114836793
-0.0145926490532901 -0.0473953127126499 -0.147960963419246 0.388938752569937
-0.00376448873961911 -0.0142422108953239 0.12777370097942 0.105556347773171
0.00440088585502911 0.00858127533128024 0.0751121863492074 -0.22027024115595
-0.0114382926903995 -0.00901622083896869 -0.0866718406441634 0.192515263189139
0.0137623715649856 -0.00765656223783335 -0.140485726230413 -0.117309921048113
0.0321210394974774 -0.0116918418954247 0.15342304981278 -0.377798837963696
0.00413213680276082 0.0192963808153211 0.563638691024547 -0.0690206545810292
-0.0457866682434391 0.00189074568439738 0.428324325872147 0.733724752333351
-0.0683536686571402 -0.0595553260646462 -0.439883823233557 0.86112576816312
-0.0277224531925783 -0.0388013565090128 -0.699621043685575 0.171980488374274
-0.0208450100439692 -0.0294699798189151 -0.047135768951498 0.10750224979588
-0.0530083974720495 0.0195946537661367 0.730548710506396 -0.11963066792936
-0.000100202719876111 0.0232329399989999 0.417134872941599 -0.838469050712938
0.0355952601674091 -0.00355392568861031 -0.527941135156069 -0.698156920196725
0.0294234975533315 -0.0413688419342228 -0.626443609386747 0.123736579613043
-0.0128325543415578 -0.0473363923351419 -0.13476758311297 0.384723828606981
-0.00557611244804 -0.0162281501103639 0.135543118744507 0.101582353364653
0.00278533984531071 0.00720461675148342 0.0799017835068739 -0.219530274855435
-0.0168816030910246 -0.00921495830693685 -0.0818115450617079 0.194520476696595
0.00962212166254887 -0.00616153529379499 -0.131398512109827 -0.117279036985964
0.0316145458597759 -0.00844131055013896 0.163941601729931 -0.379177150540935
0.00924632237939856 0.0238562858516194 0.568317307369691 -0.0638928395455319
-0.0418308856793303 0.00418255546450009 0.409320187068543 0.738939388935836
-0.0696749575536859 -0.0572257201487594 -0.463278768737398 0.848611246637133
-0.036319117154383 -0.040412980108457 -0.70779695759522 0.159324275885824
-0.0330654579640383 -0.0332495268021526 -0.046596853197906 0.105471125743275
-0.061361673486733 0.0199388333515259 0.722471362205169 -0.132609611107409
0.000250889027047056 0.0269931368559159 0.395162654701683 -0.848371333667143
0.0429031314772131 -0.000654360981133201 -0.542737195789213 -0.694883181942554
0.0349134723957141 -0.0384232220491972 -0.620417358636325 0.127754409087516
-0.0134545180423723 -0.0451491056310053 -0.121897313503779 0.384166283846402
-0.00881117671664819 -0.0141225769204139 0.14212888087276 0.0997598809910623
-0.00198281357111412 0.0068417911866581 0.0812339770893406 -0.217982054182352
-0.0250406735524967 -0.00707281146111469 -0.0792793768363741 0.197957259708123
0.00382306270562152 -0.00340980722982861 -0.125094011772724 -0.116175173245366
0.0293047702557738 -0.00265554099106292 0.17183616018261 -0.380582121342131
0.0142394502206173 0.0299900877620751 0.570337816646492 -0.0640507664461645
-0.0351339886836823 0.0112152989244882 0.401753785765929 0.736973141529096
-0.0691210429404222 -0.0508803637681049 -0.477116909138199 0.837899758287254
-0.0448747723495415 -0.0395647708516512 -0.715381856321156 0.153403781500372
-0.0436601864515187 -0.0350608621721281 -0.0506072882454908 0.101525614596684
-0.06864993050535 0.0225616028427886 0.716925390217911 -0.139635215841572
0.00265788573781585 0.0332026106067801 0.382457015181392 -0.854963649073528
0.0505634807300047 0.00516763812882023 -0.55075548053896 -0.693863326992374
0.0386977953623689 -0.0326931930178845 -0.616137062049618 0.130040531582422
-0.0153470776394614 -0.0384585568679805 -0.114003710780351 0.381591579340027
-0.0144794789522772 -0.0113860016312877 0.147622976477692 0.101182698273881
-0.00945909537924238 0.0076369019877905 0.0867103099543204 -0.212967773643002
-0.0313680978548362 -0.00433229344611603 -0.076895939700869 0.201385670918405
-0.000885047674388729 0.000622779696307953 -0.12291919204489 -0.11351367084664
0.0266478669263876 0.00542900746901722 0.177032873709813 -0.379526351810251
0.0177646884624707 0.0381164492082896 0.571600736532393 -0.0674451210315512
-0.0291664173581332 0.0179080511887029 0.39970822815183 0.731163957344017
-0.0669177571186834 -0.0438392163369273 -0.481692311145577 0.834600403818412
-0.0497797419960059 -0.0368717130675776 -0.721943726897721 0.148466438064178
-0.051343083608333 -0.0348640729210878 -0.0578774080827846 0.0974033139284412
-0.0727872244774184 0.0258534606151103 0.710420948901775 -0.144723236092221
0.00520560513016212 0.0409848521077697 0.379515306882322 -0.858860162462702
0.0565228413768035 0.0124000983810154 -0.550258247359692 -0.698138330624355
0.0414654942008953 -0.0247465557929664 -0.612226139305871 0.129275927675071
-0.0191222150845554 -0.0314611164397368 -0.110366423837515 0.383876786533978
-0.0200281544088239 -0.00784316861949497 0.14939139523053 0.104787143150893
-0.0157047536418249 0.00942742648162551 0.0897002133705305 -0.209455434164091
-0.0377511613456861 0.00132070032021904 -0.0740092490320236 0.20398578823628
-0.00620285324901495 0.00700551572263781 -0.123152197358359 -0.108348405599772
0.0235764824077771 0.0137478347616964 0.173189167135837 -0.379233307060529
0.0190361033398696 0.0468335865941228 0.573258565886384 -0.0758623171495401
-0.02257195473753 0.0254934083373013 0.410119212474111 0.71908993425226
-0.0633610581126776 -0.0354057147839294 -0.472994074855112 0.833338549727715
-0.0523354298789381 -0.0324958605172508 -0.72578760267649 0.151503986640439
-0.0554441604036197 -0.0339014133113547 -0.0684731685366831 0.0945312311487893
-0.0748547924579589 0.0295411757710718 0.704740472205706 -0.140471060261667
0.00898696630704623 0.0488770424900116 0.38945373441219 -0.85526957753551
0.0622597574294923 0.0210207546750167 -0.540192295363474 -0.709287399327706
0.0423364561299754 -0.0157993463832882 -0.613950650655582 0.120763077003953
-0.0223527396810269 -0.0234002035875755 -0.115793629356452 0.387921789028723
-0.0256441456339499 -0.00379237015227107 0.148289621294614 0.109378698399896
-0.0218546121950736 0.0124280248981794 0.0913727073576973 -0.205784162810274
-0.0426510850804667 0.0055305661046497 -0.0735460629662844 0.206369229490105
-0.00923988966405385 0.0124738827938177 -0.126763741519812 -0.103095144295449
0.0193189822698921 0.0213371644134036 0.16591042432546 -0.375396529335015
0.0198631257133225 0.0544506466179298 0.57224598138937 -0.0858768115660936
-0.0179282845556821 0.0334682794224642 0.426990582279443 0.705605703857309
-0.0586842877278641 -0.0269172274268516 -0.45355935820517 0.834454457815715
-0.0509479593801532 -0.0265758068016879 -0.727782814460562 0.158309361399716
-0.0557755328456966 -0.0316586438811239 -0.0811628997096563 0.0902257060624285
-0.0739296251501686 0.0338065659688147 0.700719854724758 -0.127678243873781
0.0116456339329211 0.0560528804340472 0.409835907274923 -0.848019282666531
0.0638455416303586 0.0283602173922549 -0.521806567797951 -0.722254632512013
0.0405996914064675 -0.00721535261681956 -0.617818756130054 0.113939651161585
-0.0255584039860105 -0.0166963946227688 -0.124602834298211 0.390555364337857
-0.0292394159151021 0.000642760259638195 0.143352647372541 0.115713294765292
-0.0269340704992869 0.0161909549490325 0.091017241227179 -0.201554821394026
-0.0451252018567294 0.0105974168651483 -0.0752674348538241 0.20633636990231
-0.0116262403301151 0.0170061271715792 -0.133466084675629 -0.0967549112660818
0.0158034696364745 0.0280526012473684 0.154880787355746 -0.373298123667343
0.0154700568927559 0.0607067849217613 0.567626525259555 -0.0951804836126732
-0.0156141028606029 0.0390270992437516 0.447029056592739 0.688116502240776
-0.0545327761311425 -0.0206454635237844 -0.424217152067402 0.845223976594168
-0.0461962816936265 -0.0205224471067387 -0.725869584176872 0.170545361433827
-0.0511741679347051 -0.0275165177448382 -0.093655286634743 0.0880579278909977
-0.068655663223944 0.0370182955930169 0.698829591823263 -0.114662201900903
0.0143950942886626 0.060816423508782 0.438451237335802 -0.834855309496081
0.0632813984199988 0.0343659472965603 -0.497948154115225 -0.740324607672831
0.0384426228024434 -0.000830031248431708 -0.622980441892423 0.0975364657711162
-0.0282049453981015 -0.0107511607798687 -0.13673059701737 0.394433486622917
-0.0313634601201588 0.00526118079434861 0.136254055241274 0.122383319017214
-0.0293966017893941 0.0186545935276521 0.0901518334340354 -0.198919050762956
-0.00845835084242134 -0.00602068825163346 -0.0878949425894941 0.192577219315243
0.018412626912957 -0.00539472706756117 -0.150320744634783 -0.113411125568952
0.0312199730852641 -0.011781130280957 0.135629248877864 -0.380904370154045
3.52352317117641E-05 0.0178505692359657 0.560629186705281 -0.0826231445938829
-0.0500335566338446 0.00144622032107748 0.4599147049101 0.723594292870531
-0.0679533009741144 -0.0601834006386209 -0.403481843150672 0.882745648201057
-0.0180830581695715 -0.035852416481502 -0.695451690297502 0.197176011786102
-0.00970378592955761 -0.0248328386381585 -0.0518011357009313 0.10978215287425
-0.0430259264857315 0.0218874378295923 0.734634694390329 -0.114357439911973
0.00139744986993137 0.0219679140025687 0.43628402197636 -0.833574505484499
0.0296946652400791 -0.00291598843817214 -0.514484584568517 -0.704918361819243
0.0224028433951115 -0.0412866657369609 -0.632847770524226 0.124074116899542
-0.0155880351479336 -0.0470520813390183 -0.144339729386222 0.392221440279177
-0.00404669211639605 -0.0141425894306343 0.128742188409499 0.104868497547854
0.00439696744414805 0.00871778987547873 0.0729939524057457 -0.220785259039824
-0.0124462647557206 -0.00787173993910969 -0.0854501222305494 0.194212994919335
0.0151856490756419 -0.00744979313363207 -0.141999936587782 -0.115370727215341
0.031504366678346 -0.0122066605952076 0.149930914527076 -0.381514401438506
0.0045518187098531 0.0195425315568029 0.565929380438435 -0.0755020991256112
-0.0475071356076051 0.00172502665777604 0.439993069329488 0.730278000429752
-0.06894731438773 -0.0597516272047005 -0.433998776451436 0.866907325903682
-0.0273129001469592 -0.0390404155299162 -0.700969777076996 0.181354014922384
-0.0205302903771288 -0.0292344001503551 -0.0464739313815913 0.109006907285092
-0.0516278743729996 0.0208637803428734 0.729759275947514 -0.12838780289626
0.000165600346241267 0.0235050674491643 0.409273204462921 -0.845778546211331
0.0356722934235141 -0.00363668249218931 -0.536053194081327 -0.693203525185311
0.0285455894150564 -0.0415359026806557 -0.626942242312566 0.13194308633623
-0.0133400749916557 -0.047607456913793 -0.12975405329374 0.387739661622993
-0.00569204525474899 -0.0157403746299668 0.137822548642224 0.100660879096113
0.00227455638638479 0.00661869062512671 0.0768049014571817 -0.219943869177075
-0.0171222099915533 -0.00872053560636419 -0.0800095802967856 0.196435594286372
0.010074355233105 -0.00638501190941436 -0.133364018915478 -0.116192384385338
0.0311279789989653 -0.00916223506771628 0.161156521946014 -0.381154231339169
0.0100679180227543 0.023883137062604 0.56939374415034 -0.0716536761853496
-0.0421161844436249 0.00533099677256855 0.421325751784368 0.737620306990253
-0.0706238362939871 -0.0567183922926473 -0.454910110900993 0.8578415144533
-0.0364744346304424 -0.0393213225715872 -0.707892223849801 0.169470168235259
-0.0334905551571836 -0.03226957216654 -0.0453401731486492 0.107661754940282
-0.0612881584522301 0.0210636821164944 0.724446151413526 -0.141057781278196
0.000795240970936591 0.0267081820863543 0.387123841269859 -0.854645802998789
0.0435946003815838 -0.000726846545442864 -0.551842538743602 -0.689594178061495
0.0339688273090827 -0.0393332092941619 -0.619977870047771 0.137605684843135
-0.01363703411315 -0.0434185346773808 -0.116322358848605 0.385088517701996
-0.00917974825920778 -0.0142568545702413 0.143972634095713 0.0989739689169261
-0.00223564875278603 0.00647249729506802 0.0797470385680086 -0.218543089040203
-0.0245270477841418 -0.00622617858867061 -0.0771054816767151 0.199363090150343
0.00411025879550679 -0.0035205017044939 -0.127580007592243 -0.114295509734742
0.0296038543278628 -0.00277375696799692 0.168880232887518 -0.383582350301244
0.0144694742020138 0.030514589259157 0.572282032330792 -0.071149784152621
-0.0353876050041782 0.0104164286150168 0.412448297872181 0.734432552559375
-0.0696373905655171 -0.0512074758039626 -0.470392691812208 0.847008836319253
-0.043688241142274 -0.0390916610769691 -0.716278472483384 0.160595485165604
-0.0435020673740622 -0.0344962165795991 -0.0489400697399358 0.102690472334538
-0.0680133844084442 0.0228893887681111 0.715972558578068 -0.148772100590845
0.00273686986585533 0.0325077461182873 0.375019822551426 -0.860748916457818
0.0506657010361692 0.0043611604987625 -0.560981643984823 -0.687490059896572
0.0386426255247028 -0.0334342046333188 -0.61710795791697 0.139883799606677
-0.0165208839123498 -0.0381555265213475 -0.109278933007804 0.386155132814448
-0.0146297994506082 -0.0116739668861284 0.14910331556345 0.100016036241605
-0.00885134902886103 0.00785481687289784 0.084534731942169 -0.214671050945685
-0.0319888835667471 -0.00326421091564962 -0.0736368789722344 0.203119750353075
-0.000740308895854623 0.000732341776479491 -0.124357135245706 -0.111158014993285
0.0271108196828874 0.00500329093432616 0.172144468952643 -0.383834457767963
0.01835660449093 0.0386715081285853 0.573529074688914 -0.0752052606682551
-0.0292111867333059 0.0175391580578383 0.412705335993985 0.728870459623655
-0.0678057865064766 -0.0432722044078691 -0.472357356300047 0.841081944910114
-0.0491367410678683 -0.0357652984360703 -0.722138033279082 0.158001876513307
-0.0517980237178297 -0.0343387561711395 -0.0563158454601222 0.100206059914167
-0.0719475546596367 0.0272536849361171 0.71042741406347 -0.152407082081822
0.00586404260058013 0.0411349797456354 0.370761108879653 -0.865536428976226
0.0572100972271043 0.0119736325255278 -0.558879470416822 -0.692915608841404
0.0410383109144374 -0.0248888804627056 -0.613745231565572 0.137426460736806
-0.019812873809549 -0.0306900350238318 -0.107717115580086 0.387803321880299
-0.0201946358467756 -0.00737219309095412 0.151878821555992 0.103724450160202
-0.016181517712092 0.00967437119739891 0.0881040279116252 -0.210201003761297
-0.0372166285656156 0.0014831055007937 -0.0724768119279672 0.205574416290327
-0.00473118089958386 0.00635814574988158 -0.125128701691526 -0.106484802928559
0.024221135522507 0.0131478932819572 0.168303542903083 -0.382161008135241
0.0209575707307202 0.0477609998556035 0.572875055041869 -0.0840692528448471
-0.0230209487132283 0.0250125594231408 0.420638309799502 0.716583125390636
-0.0646236578453785 -0.03429867900832 -0.462446290507696 0.841208627122869
-0.0519403143366182 -0.0318552907619637 -0.72853405903565 0.159786169553923
-0.0557772005621277 -0.032939179777521 -0.0682089786615533 0.0955685681327071
-0.0739366632678074 0.030776779553355 0.705449779618557 -0.147574133841733
0.00974418250076819 0.0493793918057657 0.380336873845498 -0.86197083006515
0.0618537889682001 0.0198989991869659 -0.549528727382371 -0.706211551257846
0.0413382190181426 -0.0153533204882852 -0.614628227953443 0.130937510819808
-0.0233525914313918 -0.0232227165669949 -0.111170788018844 0.391107963886786
-0.0254308358450925 -0.00340240322915554 0.150183391837907 0.108305804090803
-0.0227291932549244 0.0125500264570688 0.0894193937440441 -0.205925105780461
-0.0431665162015354 0.00689448500220535 -0.0724392391369045 0.208143596788691
-0.00891037975469322 0.0116623362000182 -0.129201068118132 -0.100458360127746
0.0201539822693557 0.0212653257984028 0.163273375519815 -0.379788169315152
0.0202010894641213 0.0546473606300876 0.572706476545848 -0.0919679846526324
-0.0178178382483203 0.0328860248874115 0.437578405741925 0.701140731811219
-0.0606891293761718 -0.0268248155221948 -0.444244566397546 0.843672648443681
-0.0500885344246037 -0.0263457196100341 -0.728767647095242 0.167806901435181
-0.0563960080520026 -0.0300082197900996 -0.0804890798171103 0.0914262356089599
-0.0732781159764648 0.0355474607562338 0.701347206535536 -0.137885499190589
0.0127817118279454 0.0559611374946498 0.400459384482341 -0.854191163098214
0.0637723679348136 0.0285295286454648 -0.533208737908732 -0.718249657222297
0.0405100825122631 -0.00742020162622941 -0.619879221607769 0.121849078669503
-0.0260077043450388 -0.0158579685024396 -0.119781588229903 0.39396936557536
-0.0287647221647229 0.00127128771470998 0.145471572435854 0.116046875848576
-0.0270701885752095 0.016100268549024 0.0904454784057884 -0.20203913382089
-0.0452200395263116 0.0118384769136449 -0.0728184332870549 0.208398337454554
-0.0105496446516982 0.0171505284444284 -0.135199782534264 -0.0943824761034698
0.0158899312351483 0.0276285522849013 0.152317392028373 -0.376984487257864
0.0165608184110111 0.0611979244374607 0.568919525014162 -0.104035770932415
-0.0153754753516991 0.0389181197640189 0.457707400166967 0.686320142521083
-0.0549771994384383 -0.0196310979451727 -0.416551614465215 0.851453256734013
-0.045476343024038 -0.0210370582868996 -0.726407883000108 0.180748162940267
-0.0509360898217879 -0.0264543538351497 -0.0921730771112588 0.0905673493032074
-0.0685749542965722 0.0378094547424787 0.699706900200737 -0.124667478239045
0.0147973266477147 0.0608257088789786 0.428028561040197 -0.84352175781741
0.0635455934090527 0.0335461688423941 -0.508156477139146 -0.734941707177128
0.0389990566651678 -0.00113006181989669 -0.62454861706191 0.106857703112996
-0.0281359830545097 -0.0101810416516153 -0.133517319913301 0.399528122406156
-0.0313236055363747 0.00605490384393361 0.138218259892676 0.121384130974291
-0.0303754334363003 0.0200387846854806 0.0888410753843439 -0.199652232261358
-0.00931971494259513 -0.00555965306621835 -0.0857795872308754 0.194436390962912
0.0187202585643082 -0.00630857803326269 -0.152799325917282 -0.109657210571734
0.0310890292494259 -0.0115931234622285 0.13094526828847 -0.382411630817809
0.000847329100681504 0.0193256315211164 0.5600656182796 -0.091765439062812
-0.0504985200213815 0.00185717493642889 0.473596358448337 0.71796062627388
-0.0676869485520632 -0.0593282645441931 -0.392387467912029 0.887552093551464
-0.0175250533528292 -0.0360246526094115 -0.696322441810462 0.205639574266686
-0.0096701266173328 -0.0242772857538629 -0.0500144635920391 0.111366298731328
-0.042608753409968 0.0227678284727227 0.734228625037949 -0.124044960400098
0.00269602545557151 0.0224732667903459 0.427181890868767 -0.838998547783977
0.0301317806369541 -0.00433883889883091 -0.525429875773084 -0.698060874450984
0.0227162250402506 -0.0411052403483299 -0.633963189426999 0.133494870833937
-0.0157053562252595 -0.0469824390527252 -0.138450376005612 0.39547672765739
-0.00396608788503471 -0.0142194283382707 0.130433225703568 0.104826726886497
0.00414400022135714 0.0082731633797374 0.0710187513155117 -0.221123792645674
-0.012819750934638 -0.00747342422714215 -0.0823874204796654 0.195755772037025
0.0151514615586073 -0.0077140405159291 -0.143575112386209 -0.111942979139997
0.0316630796591181 -0.0118250481132057 0.144422223413453 -0.383741277929817
0.00581042448302371 0.0198467530309877 0.56595167964853 -0.0832697147018481
-0.0469669119871867 0.00122194663416833 0.448971904154119 0.726937963818375
-0.0697899101016305 -0.0588851859712164 -0.423315094609804 0.875857233814297
-0.0265342590257218 -0.0382440880573799 -0.700172666326053 0.189348772474034
-0.021539730112409 -0.0291125159421644 -0.0448535450380604 0.110785880074746
-0.0514795519859667 0.0215265191139313 0.729423073255988 -0.138033547500352
0.00113438761671483 0.0232001609545546 0.39923042309591 -0.849924785699859
0.0362239911333192 -0.00445185689289261 -0.546624517727655 -0.687691057040047
0.0291118357216022 -0.0421000399423142 -0.626820190115455 0.141387460456507
-0.014071038158727 -0.045855572021587 -0.125778958354853 0.390972973963942
-0.00582376930891268 -0.0151930694298374 0.139623533842328 0.10005879890324
0.00182683434356479 0.00637348395572816 0.0754311125207044 -0.220896215852262
-0.017470647846105 -0.00783623909474423 -0.0769215942065096 0.198247110305561
0.0108467566129914 -0.0075511801400367 -0.135569710479349 -0.113253929419989
0.0309465534385235 -0.00896883015688496 0.156515024062711 -0.384719230214375
0.0107282045366436 0.023974279190464 0.56999971770025 -0.0789858060398449
-0.0422404848128509 0.00553108135479996 0.433828254381952 0.734828091620602
-0.0715114521692003 -0.0561833833912066 -0.444357152503806 0.866191973985057
-0.0362339161831668 -0.0391274022868192 -0.707753376100024 0.17719121684297
-0.0331105338739741 -0.0318341046119223 -0.0446756409032327 0.107664055536519
-0.0602153928082335 0.022137154874736 0.722574023733245 -0.151257214787681
0.00101075007162254 0.0265831508240223 0.377343214945611 -0.863439628920708
0.0439651034745369 -0.00209891851474783 -0.563400596149208 -0.682567806359894
0.0348922990648178 -0.0394389296375912 -0.621502685852502 0.147523813762161
-0.0145469755279888 -0.0431100708748292 -0.112353440835192 0.388313270399404
-0.00954744580533453 -0.0140235623414496 0.146509387567757 0.0975738754779094
-0.00256479949054465 0.00651565581909925 0.0787563795959914 -0.219449807411263
-0.0248833550579512 -0.00597958550229147 -0.0748802463323468 0.200993495645046
0.00546840374032917 -0.00412918312156871 -0.129543142272616 -0.111377002710925
0.0300060145611144 -0.00309216924430098 0.164602276008725 -0.386485776675691
0.0151377993032073 0.0303130883239666 0.57196864042897 -0.080737603448855
-0.0360430538898415 0.0110253804954224 0.425703692798023 0.730400080896097
-0.070422332375062 -0.0505904545096231 -0.458942102281782 0.855969940242267
-0.0433503629414811 -0.0385838151804345 -0.714635071204137 0.170143509962306
-0.0437561172913861 -0.0333403518830724 -0.0473467993621183 0.103756655924784
-0.0672076752418645 0.0243837768239396 0.716104552585799 -0.159549788002338
0.00361384035273322 0.0335799977445967 0.362719813479894 -0.865593020328331
0.0510093239363216 0.00388931409310578 -0.571474230849185 -0.679488934809771
0.0382479974251704 -0.0330686512914606 -0.61618079103277 0.148851683747384
-0.0166405420392507 -0.037081175412249 -0.103854003747151 0.388346598614196
-0.01452210529413 -0.0108857262328862 0.151700576336966 0.0997896866217946
-0.00870666826340267 0.00745137144288483 0.0829380413536828 -0.214838763989407
-0.0317836565696332 -0.00263714738781734 -0.0722191264408025 0.20475328871004
1.7861990413634E-06 0.00116848674303644 -0.126189319958653 -0.108960747303498
0.0273615432780988 0.00459158136469613 0.168196039396449 -0.387558386954894
0.0196125828579069 0.0391519581519658 0.574547926834029 -0.0833762634809426
-0.0292071960569193 0.0178626740257205 0.423871296515388 0.72548969117727
-0.068154980078092 -0.0426246486385787 -0.463060955501006 0.847411124115648
-0.0488671764970559 -0.0351119824343868 -0.721190547937968 0.16597511153399
-0.0517205976381944 -0.0338009101369712 -0.0546782033678618 0.100939130013139
-0.0709640860450081 0.0279264887344517 0.709921200886219 -0.161464089254848
0.00747912314057554 0.0410618957100537 0.359600678746145 -0.870445670243144
0.0580158124125962 0.0107813148685389 -0.569599125597814 -0.687253607214952
0.0414076861168809 -0.0256853678815127 -0.612355567250683 0.145343369101489
-0.0201572635099981 -0.0301167744620241 -0.101792779121853 0.389882361483909
-0.0207532824322635 -0.00818950971253541 0.153323263632682 0.102410202283346
-0.0161359677272156 0.00998233219274135 0.0861409929007108 -0.211026436537302
-0.0376343616290811 0.0020647039889327 -0.0701942678563348 0.208144142612961
-0.00431320640397406 0.00659678983885053 -0.126060408837004 -0.103294585473269
0.0241170515011537 0.0128279215629614 0.166015977036927 -0.386147004606008
0.022256305486334 0.0472446721078733 0.572326704292315 -0.0922341321398858
-0.0225508578704175 0.0271712539798418 0.43380335582819 0.711365441646637
-0.0645574619629037 -0.0350625661722559 -0.453227004869014 0.849610582287791
-0.0515983051117912 -0.0311799025530677 -0.72701047262593 0.169433301895183
-0.0560525420867344 -0.0320975588014495 -0.0663808060134599 0.0969956614800896
-0.0733519817784886 0.0329499584340301 0.704227471226251 -0.158263804095963
0.00984431604180037 0.0491059057781404 0.371254105543718 -0.869098700735889
0.062749360622782 0.0197167455807946 -0.559723348578791 -0.698636398292757
0.0410786817189314 -0.0163872114135951 -0.614722678858033 0.138805970377936
-0.0240293090469087 -0.0224383943074918 -0.106159490115121 0.394325249974325
-0.0257585140987855 -0.00338542268164604 0.152153170108508 0.10775010083816
-0.0222733711661267 0.0132589680896362 0.0879703510340674 -0.207573360903618
-0.042475702914691 0.00754146967764012 -0.0698855497720778 0.209041475389754
-0.00809381840995721 0.0121221165311386 -0.130134631092826 -0.0987921924205476
0.0208650552451877 0.0210805445148358 0.158570913486623 -0.384311175792404
0.0212423044578979 0.0547877688968088 0.573098268119378 -0.101362479576219
-0.0185167791532926 0.0335691641373671 0.448794923039618 0.697103876905646
-0.0603123169030621 -0.0263959910182941 -0.434323288833054 0.850815653220234
-0.0499953691632603 -0.024937967987301 -0.729741419009661 0.17585834817645
-0.0562923376340074 -0.0299576860348158 -0.0784224891158633 0.0938388379410637
-0.0722527064436716 0.036990509783951 0.701877085123152 -0.147050905325061
0.0138281402398825 0.0566493387340621 0.39230864203613 -0.861210250738972
0.0643897738919945 0.0275932269547896 -0.541448417864891 -0.711451744441281
0.0404524648475167 -0.00865037774265571 -0.618620152416423 0.130216170205559
-0.0265431533275608 -0.0151236166964006 -0.114817304344825 0.39694252659174
-0.0297967919479172 0.00106483737753554 0.147219342797044 0.114069403448694
-0.0271489431694483 0.016714381832225 0.0892249141565657 -0.202847074892581
-0.0444210232387947 0.012589908349674 -0.0705573769029281 0.210190728793948
-0.00938882016411283 0.0164926559536091 -0.136623734228335 -0.0929413203915806
0.0157924923543536 0.0272268328575308 0.14868609401743 -0.378741565713557
0.0182742629517699 0.0609995313433096 0.568186054299101 -0.111283896403335
-0.0160772461415271 0.0391445263708148 0.469318845832246 0.681504029151715
-0.0556254776099569 -0.0195485910390386 -0.405665759263704 0.85920651330132
-0.0442380686966921 -0.0191756614400953 -0.72723706910589 0.18826990147901
-0.0510998658616618 -0.0256302195395041 -0.0913109193261522 0.091905104530459
-0.068117190770979 0.0391986900921727 0.698315938575425 -0.13295927535454
0.0154621507202052 0.0604988154876778 0.419253927909136 -0.847322889038871
0.0642690315652674 0.0330527657127054 -0.519048226647602 -0.72920383935231
0.0387363689312691 -0.0019258711553098 -0.626462725313812 0.114379546166467
-0.0280745004144249 -0.00907225965649668 -0.128531726316452 0.400618171203197
-0.0309555765827875 0.00528530590285893 0.140205140519268 0.120656893902374
-0.0301370660231159 0.0201694176765238 0.086564985929195 -0.200164891295833
-0.00945534729709027 -0.00560980143350377 -0.0841353160439363 0.194857145510916
0.0194158789463621 -0.00666243796965679 -0.155058246580137 -0.107390331708128
0.0309668300922712 -0.0127399381935728 0.124496280584412 -0.385631313289787
0.00145925137431299 0.0184362560035911 0.559483620176998 -0.0985710397615116
-0.0507480923851652 0.00200628335841946 0.483223360616148 0.714565941799427
-0.0691653799950766 -0.0594741650418827 -0.382134281024016 0.894757933151626
-0.0161038561375704 -0.0348467839579929 -0.694544087679836 0.214086335507768
-0.00989601645438986 -0.024543499420912 -0.0489843020568595 0.113174573215449
-0.0412748209153602 0.0233815021805821 0.733941573960668 -0.133805385963228
0.00264895639030151 0.022761562203198 0.416551514973606 -0.846955789979488
0.0310418326920734 -0.00387769755799269 -0.535163832103283 -0.691463764240223
0.0225563851366374 -0.0418250148202484 -0.631967921512366 0.142013035475673
-0.0165644906941233 -0.0459439207207131 -0.133032835472561 0.398913789587396
-0.00418668844598248 -0.0146732793890626 0.132724060211521 0.103698468119106
0.00428422980565059 0.00827859724599456 0.0687127467922897 -0.221781718830866
-0.0126121772357014 -0.00727666989894471 -0.0810005012370158 0.196636854556153
0.0161833947584711 -0.00824956987109341 -0.145547852852431 -0.109906363077202
0.0313254927385523 -0.0117043509348479 0.140692024871554 -0.385765084980814
0.00629795084047511 0.020161986247461 0.565553793766315 -0.0918325971020745
-0.0476850181568513 0.00260101186277035 0.462452245836209 0.721182689007402
-0.0707632959584098 -0.0589466089199884 -0.411723903859203 0.881417625160747
-0.0254592260982538 -0.0375027171741913 -0.698594658441227 0.199496243151553
-0.0214232434991168 -0.0285465901118436 -0.0433972810164486 0.112280422706038
-0.0516912678971626 0.0225615449991074 0.729382100893457 -0.146593371033203
0.00145009119449221 0.0230510835968795 0.389128400808472 -0.856401392887438
0.0361354359919294 -0.00485497287977345 -0.556738810653801 -0.679890239601079
0.0278164335419712 -0.0431996464318718 -0.6249894292616 0.150395739918312
-0.0155644893352118 -0.0459535678661043 -0.120063068705384 0.39373767031995
-0.00627893286862273 -0.0153475054923155 0.141431235379141 0.0991888056581728
0.00106637214720777 0.00741093901201188 0.0735166662494513 -0.221607563080738
-0.0175315494712688 -0.0080380097106339 -0.0752398209654278 0.198646438771785
0.010687154387146 -0.00800732959811835 -0.136766751093376 -0.111029243374639
0.0309945552286318 -0.00948539448941355 0.15225829140937 -0.387758236481588
0.0119450127266496 0.0243639440500787 0.570211249497521 -0.0878647576289816
-0.0424050695728072 0.00595688864368224 0.445383003809189 0.72921095994864
-0.0716979450672954 -0.0560367986870741 -0.43424519496364 0.870611131181926
-0.035488443427273 -0.0382957497480348 -0.707491015099121 0.188011412502153
-0.0327593153558659 -0.0306799491568207 -0.0424225002011816 0.10946442785449
-0.0601812595251322 0.022402753310674 0.720938401424768 -0.160307492612652
0.00196670002456544 0.0269214398497641 0.366164981677107 -0.867938568960867
0.043220165169968 -0.00201938945308625 -0.57077910060925 -0.675156414001025
0.0343471740501189 -0.0401921387450135 -0.618874929320855 0.155725528256672
-0.0160955778544127 -0.0439039181487378 -0.106125773223648 0.391176580143373
-0.0101642704899609 -0.0141634540604038 0.147998645245812 0.0969150453734043
-0.00268921911947146 0.00742091995106185 0.0768258883515962 -0.220089116416584
-0.0248270943677065 -0.00544978874591324 -0.0732974354658426 0.202513723549635
0.00608642221174119 -0.0053941850609244 -0.131442633923765 -0.109647123933583
0.0297283914178904 -0.00386523317977837 0.159917234845054 -0.388954966087968
0.0168639464712049 0.0310226038832419 0.572645729321642 -0.0879046777931196
-0.0361560783594837 0.011099236087508 0.434778394811734 0.725691126089808
-0.0710185582305185 -0.0504896585358354 -0.449849442414934 0.863256027330504
-0.0428587522656281 -0.0374220527758788 -0.714554559610719 0.1785248936604
-0.0430132219255479 -0.0331426118624325 -0.0464120116876023 0.105783680751586
-0.0660476294804808 0.0258859162763936 0.716294037031132 -0.168288206902691
0.00384671872719672 0.0335018134635525 0.354437148869679 -0.87252796715524
0.0517568533014306 0.00338494881066898 -0.578684240903549 -0.67295943504393
0.0380500790568493 -0.0346047547210472 -0.615481990575225 0.158420364445089
-0.0173619090972095 -0.0364007047323923 -0.0989285557659835 0.39061063125368
-0.015360747509198 -0.0107618329838365 0.153875382968313 0.0982165396621531
-0.00978956266730873 0.00774390934828313 0.0812135482701818 -0.215839710080937
-0.0308570117578799 -0.00136808948000096 -0.069564698649392 0.205421837716346
0.00110925519829333 0.000908725260521484 -0.127453744617153 -0.106588563998559
0.0271838668164231 0.00442592571612707 0.162960001386134 -0.389233165072015
0.0212822264015836 0.0385958808195807 0.573944537265525 -0.0919985760552954
-0.0294817439561691 0.0176489054941117 0.435833522837667 0.72199395927952
-0.0694629203980629 -0.043069765286571 -0.4529862540285 0.857484385234642
-0.0486692972804842 -0.0345761618788025 -0.721897300132457 0.175112007207081
-0.0513643054729774 -0.0322407192761229 -0.0536812461292823 0.101965540070428
-0.0712963312154507 0.0290924128951702 0.707743898583831 -0.17051659229642
0.00745365002086248 0.0411345205388252 0.349938475148373 -0.87638246482887
0.0578561141814499 0.0100143776154234 -0.579426569877682 -0.678633102535688
0.0406018843468147 -0.0269364832281076 -0.613253692640226 0.156178179970767
-0.0201378954164177 -0.029777828562109 -0.0964682968741167 0.391125377288039
-0.0209032407764447 -0.00743228951435516 0.154856901886407 0.101033565857686
-0.0157598947481975 0.0100891517320754 0.0837979810006643 -0.212168650666983
-0.0372719455987665 0.00317712632647993 -0.0679964208381987 0.208551164915746
-0.0027685173256343 0.00606007063835044 -0.128522418175106 -0.102261883466844
0.0244676620089888 0.0126096459488225 0.161304529100373 -0.388196685565622
0.0224794284951073 0.0476031676895533 0.573578457429513 -0.100295969669408
-0.0226199518951127 0.0261431027827118 0.44487530366994 0.707183125985799
-0.0656731832218014 -0.0349920462289935 -0.443369466051934 0.857832637357353
-0.0507241390571409 -0.0303219451307687 -0.725424618054906 0.178563650952627
-0.0560952086874612 -0.0311668652172365 -0.0643035262469867 0.0985471718616585
-0.0728808386573355 0.032950064442113 0.702536702187351 -0.167181701472419
0.0116851093629188 0.0490032197681894 0.362106344267057 -0.87511876044425
0.0624175827894355 0.018104406713958 -0.569559675077841 -0.690411350059486
0.0418898140891061 -0.0175657526459282 -0.61387233567977 0.149112039665308
-0.0242325064709418 -0.0211859667688153 -0.099732225179622 0.396154013846547
-0.0259826400118686 -0.00322267443214458 0.154462105396946 0.106297672121898
-0.022491958011043 0.012929177112673 0.0861811541800785 -0.207546393550252
-0.0415639350605966 0.00879797620561921 -0.0664201410201028 0.210199829739325
-0.0060771452957231 0.011428812626736 -0.132128784280561 -0.0963084409376092
0.0207229513867693 0.0205202824232207 0.154254056145857 -0.384791308038487
0.0221474669718121 0.0547757663528072 0.572421586194542 -0.109635321277511
-0.0183482426971527 0.0329648107070561 0.460321430849157 0.69425547257765
-0.0602206045366411 -0.0262119755904702 -0.42493551784838 0.85769529232561
-0.0498524536079725 -0.0243461239255111 -0.727244638894537 0.187458897202724
-0.0567221840334131 -0.0287220705007807 -0.0776187292755767 0.0960345112897185
-0.0719593796175639 0.0368824503997159 0.699074859545107 -0.155661741964457
0.0132621288913553 0.0560523674208462 0.381520471644785 -0.865558569903801
0.0649816649936801 0.0261821327435506 -0.55298461336058 -0.703968012001144
0.0415799994120512 -0.00839546637184016 -0.617861615384796 0.140288954954001
-0.0268761218665734 -0.0144577055072464 -0.10925124513963 0.399677194107556
-0.0293072859457259 0.00167793790376227 0.149328327797129 0.11255354652668
-0.02734687359549 0.0172876501835794 0.0870745319485199 -0.203358090420651
-0.0438584963657037 0.0128347951585618 -0.0688003530434615 0.211451096918023
-0.00928883550400741 0.0165653015942551 -0.137506567047821 -0.0902101286324125
0.0168819034536454 0.027320211449311 0.144763483614336 -0.382482812638605
0.0195917016146372 0.060914838821335 0.569257459454601 -0.120755048938485
-0.0163090606211202 0.038939740256017 0.480062793702003 0.676663059677207
-0.0561986869501772 -0.0196851807806528 -0.39686785352811 0.865868964924439
-0.0438154918075463 -0.0188172066302612 -0.726084506693068 0.198611040588144
-0.0514712507916019 -0.026254994621272 -0.0903677414835986 0.093588593151152
-0.0672114596532911 0.0407644565974538 0.698329116864369 -0.140094483103166
0.0164509910537279 0.0598618514261205 0.40877108676916 -0.852699853254351
0.0644752299155541 0.0324619935797841 -0.526981144078929 -0.723632157327178
0.0384852378117164 -0.0030244928175984 -0.624889185911098 0.126425957332884
-0.0290530671612192 -0.00833020317305604 -0.123430626250644 0.40313035444358
-0.0311527144220565 0.00579424088414762 0.142095140036537 0.119693283804717
-0.0302633127974503 0.0199844435162282 0.0847342501531382 -0.201395871133486
-0.00938745985563353 -0.00452212780653665 -0.0812045906881986 0.195396527307117
0.0198386653385424 -0.00778196420958503 -0.156101889360662 -0.104025073531718
0.0314525390798711 -0.0122392510264458 0.120888742294777 -0.388126739971546
0.00250311443161592 0.0194275785311117 0.558322838225935 -0.108261361510973
-0.0513311300261216 0.00220654344253164 0.495117230394412 0.706727454772735
-0.0699600158904106 -0.0584181114653806 -0.371487073246176 0.90018639069622
-0.0160263368410004 -0.0341477797984277 -0.691123010878375 0.22335520228821
-0.00975255789098312 -0.0243334192803897 -0.0470451648095448 0.11416319805291
-0.0404409494422739 0.0250013555380759 0.731333144044235 -0.144672354794173
0.00289762809919909 0.0221091664425268 0.405847141071838 -0.850062537633529
0.0307311807174499 -0.00507969886798423 -0.543325878182523 -0.682815329538778
0.0221932750268623 -0.042365321024503 -0.630201829131818 0.152042520453319
-0.0169992089384298 -0.0455568832536698 -0.127762144640147 0.400698668462096
-0.00513111382637586 -0.0147549725430311 0.134204420770553 0.102271206034755
0.00337939531961356 0.00845122263706304 0.0670729748450036 -0.222506844978506
-0.0125836692159711 -0.00689887480367277 -0.0782610428390911 0.197923141219921
0.0168015918812369 -0.0103595898049635 -0.14738329370334 -0.107131897787136
0.0305478787802955 -0.0119041923782573 0.136227791064379 -0.38823547214308
0.00720129477688124 0.0199129511237576 0.563126753107539 -0.101116403601565
-0.0477535205537417 0.00225527744027362 0.473817001017618 0.714914937434565
-0.0715743928385158 -0.0590995542677626 -0.4019993866918 0.888570295623495
-0.0259563635310816 -0.0368785888555858 -0.695902826593141 0.207753660335527
-0.0205047993698871 -0.0282038118738392 -0.041960080923059 0.112582765526976
-0.0497785664914856 0.0231043069624664 0.726041904191395 -0.157685815804751
0.00145331047559831 0.023102230964835 0.377079192780367 -0.861716722881014
0.0357964764657159 -0.00551922202930266 -0.564835475532325 -0.670986585367235
0.0277992115376405 -0.0434229511981869 -0.623856222929994 0.159288518986949
-0.0152537804009978 -0.0455763590167631 -0.11402912781845 0.394890292495386
-0.00645553680296735 -0.0153183504406055 0.142773421237076 0.0979160615666671
0.00074145956165351 0.00697809974611054 0.0704814811023579 -0.221471292183426
-0.0179556964900963 -0.00704832369780155 -0.0725395994853766 0.200344385977063
0.0120881107154526 -0.00788775959204385 -0.138805661667887 -0.108146970295933
0.0309484910301629 -0.00997295775743296 0.146902151378268 -0.389588315661268
0.0121996400452027 0.0249265971970454 0.568839982721917 -0.0973235448306976
-0.0419893568422245 0.0062899693960759 0.457211326418546 0.722721857450888
-0.0724264788475759 -0.0551136762022125 -0.422620989468156 0.878195503298894
-0.0341184027247534 -0.0371233684685611 -0.704682746586324 0.197136216351303
-0.0329658578789008 -0.0302648584398837 -0.0401400815610158 0.109947207223864
-0.0595131993013749 0.0242355279319132 0.719242734875111 -0.170951077978916
0.00209302014842771 0.0268721535683464 0.355996928274301 -0.871074209599995
0.0439280824615553 -0.00282441079712784 -0.579129809282547 -0.664982242843679
0.0332920261188854 -0.0400273885563469 -0.618091465090605 0.164841487375614
-0.0165618123296187 -0.0421693307585301 -0.100898723071766 0.392454065518373
-0.00970829064674981 -0.0146022296521443 0.149293250502669 0.0952324389821917
-0.00329720774689933 0.00600758709221207 0.0731616583373888 -0.220398218202875
-0.0251809957769287 -0.00523978263406409 -0.06945732653039 0.203617461999077
0.00744536067051068 -0.00582868128671303 -0.132667320773885 -0.107578794239344
0.0294194531685864 -0.00365367307721174 0.154998505364913 -0.391617012653421
0.0172418862846304 0.0304531819646377 0.570343495218536 -0.0956479988164672
-0.0349083059530789 0.0113357808829019 0.447570850961822 0.717835344575591
-0.0719428696235712 -0.049390401502529 -0.437345561488001 0.868061733400452
-0.0423482015498111 -0.0369840047964331 -0.712334797545246 0.187227375036057
-0.0432281183142961 -0.0319901262351978 -0.0430849049670811 0.106575459767592
-0.0662894937872961 0.0267073300650816 0.712269086941585 -0.178759896007277
0.00528610915014675 0.0328394226628841 0.341337450839482 -0.87599277409478
0.0517992635021137 0.00213203204991959 -0.588443274117001 -0.664571111516526
0.0383961729339277 -0.0343411156916893 -0.613267848341374 0.167008479518211
-0.018336313666032 -0.0358422179496872 -0.0930404600201363 0.391907844210674
-0.0158682039354125 -0.0114087750835018 0.154393710295873 0.0966235809328903
-0.00953908839248718 0.00816856439375952 0.0784031458019582 -0.2165798585673
-0.0314120618020708 -0.000416652011861661 -0.0669218787980608 0.205683642798067
0.00192592007389303 -0.000929692044150863 -0.129579014461604 -0.103699358147872
0.0274971116369519 0.00380872745066243 0.159297887997754 -0.39123206874239
0.021938371571876 0.0392442118450047 0.572893853089711 -0.100867801669745
-0.0288614117288972 0.0181174742516573 0.445051016605304 0.713249760765595
-0.0695936094673335 -0.0421386751597862 -0.439868147300107 0.862375081146428
-0.0485495268655549 -0.0345134313193882 -0.718303411331717 0.18579041250014
-0.0509901994010594 -0.0320838798409532 -0.0523946258851001 0.102626874657826
-0.0701824479248326 0.0301006433164097 0.705654017058999 -0.180781218582149
0.00821252455381517 0.040734694003 0.338196311020926 -0.879659437012671
0.0582155883309636 0.00894818644807043 -0.586986961645495 -0.669356667174142
0.0410496419185094 -0.0268640912520691 -0.610275927538072 0.164560194653297
-0.0208458040941534 -0.0289780802288568 -0.0901830092894947 0.393134820631272
-0.0204603093369277 -0.00760772979204865 0.157008969133822 0.0995071256495579
-0.0159864040268363 0.0105797680452552 0.0816628593135051 -0.212785410157852
-0.0370321310221972 0.00389836104179544 -0.0645367925280171 0.20854381043627
-0.00261568963962008 0.00513172523066505 -0.128390254567022 -0.0993770865734311
0.0250451488092787 0.0119126476916259 0.154525972422185 -0.390676786320189
0.0239743700393359 0.0471113525166768 0.572052296651116 -0.108688749252072
-0.0232914196583471 0.0254710178394763 0.454415651518057 0.701367882924856
-0.0665583831598561 -0.0333930431070087 -0.429382610283878 0.861681968610845
-0.0502464939664901 -0.0292324605909427 -0.723444300889055 0.188399184084469
-0.0560820294260953 -0.0300800412196612 -0.0624908035703724 0.0995726544621815
-0.0718852996891153 0.0342892444563217 0.700577997971 -0.177520270048964
0.0117377770112764 0.0484312001733196 0.349019411769537 -0.876510079458495
0.0635569699349398 0.0172803032310781 -0.578316549834966 -0.68043555124452
0.0419184653694461 -0.0181029856963989 -0.612502566884874 0.157225236932354
-0.0239326351075784 -0.0209520921310102 -0.0962556795209396 0.398409656560543
-0.0259041568110892 -0.00322951315802341 0.155245056666756 0.105422668882618
-0.0224780481864685 0.0136119438720463 0.0841638415852421 -0.208174115050695
-0.0416451394134757 0.0090732565770981 -0.0647660150190434 0.210034399858893
-0.00630164104810993 0.0106487822746724 -0.133038181402346 -0.0933884976622362
0.0208507134000708 0.0207586771363573 0.149914374799049 -0.388573606613807
0.0240680939195199 0.0547679371382031 0.570036430780185 -0.118168704078396
-0.0184164118649565 0.0332461999751838 0.470965778004549 0.685657262782158
-0.0617453038703644 -0.0263693903113557 -0.412527087806484 0.862940590063856
-0.0484097707731898 -0.0233230092913901 -0.724936109290217 0.196554546028302
-0.0567123626344669 -0.0277952776506916 -0.0761908499486744 0.0975198325856977
-0.0712043365841529 0.0384755241566321 0.697723909019728 -0.16566969934192
0.0153025029990722 0.0558553066384927 0.369184688509253 -0.870211263058701
0.0651425437091389 0.0255226518289452 -0.560774294841531 -0.693712184951485
0.0407402559057643 -0.0100640472841156 -0.617630323830859 0.148651518217516
-0.0271460333546389 -0.0139272886656367 -0.103847199553823 0.401892731860381
-0.0293914434900319 0.0021861071827711 0.151516536192384 0.111301002357354
-0.026997326912178 0.0172506452175249 0.0852432436145918 -0.20449259108186
-0.0441404718726239 0.0140671154098148 -0.0648406917518684 0.21226948826924
-0.00718274990597053 0.015986125005167 -0.138957718995857 -0.0875976093657241
0.0177322423083758 0.0272975330442719 0.138893938833877 -0.384087122929294
0.0212219076050889 0.0610955064020216 0.566550833476432 -0.128698721023695
-0.0151605684348011 0.0385275206955505 0.490536191578049 0.669302819085852
-0.0563271510658149 -0.019302563752389 -0.385158085611402 0.87171981434492
-0.0430832401642429 -0.0173808219762616 -0.722573333275204 0.208562739615272
-0.0512030248238643 -0.0239314567908207 -0.0880977100893958 0.0946709397695258
-0.0665739313090762 0.0413170819117456 0.695961653354813 -0.149543438106698
0.0173200160957591 0.0601716295450798 0.396851223322189 -0.857031864716028
0.0646490673558257 0.0315518817636046 -0.536529992154836 -0.713105258199846
0.0392577881692055 -0.00356160158175885 -0.623780814705234 0.135076129588142
-0.0281721288309862 -0.00839237840590287 -0.117352682534847 0.405600055012793
-0.0310654231671539 0.00588185054356211 0.144443033922542 0.118240568190641
-0.029732789936866 0.0210853629019643 0.0831781062273456 -0.201772005955882
-0.00867300192337938 0.00187448165796334 -0.0569582446567497 0.201174907941731
0.0154599040626022 -0.0108352497768111 -0.166301173039095 -0.0815720541485748
0.0264774106468907 -0.0230280274489366 0.0732685851984462 -0.394192089203279
0.0155849269505898 0.0125199953076595 0.537789313614835 -0.176389969403962
-0.0329382332884538 0.0191072779282488 0.577266766746957 0.638864480778894
-0.0730301970215375 -0.0243427806328365 -0.256259371717962 0.924067849127384
-0.0265198157627091 -0.0229691758751578 -0.654878786703808 0.301903185869066
-0.011153776047483 -0.0209789852665968 -0.032920497435117 0.117905400620736
-0.0345238372137937 0.0200810124848295 0.712612915410689 -0.211808142733628
-0.00532006989095405 0.0155966057416069 0.328772414133872 -0.884728707073235
0.0215240757218116 -0.00259011385589953 -0.603016953978219 -0.626207940553924
0.0224225897658237 -0.0362511567983684 -0.617043622048163 0.207084305687304
-0.016585726538987 -0.0430766689624848 -0.0886458696173183 0.411940139526047
-0.00668491364443448 -0.0163058706311854 0.1436189165106 0.0902275196124231
0.00222070310228469 0.0082518216514847 0.0479599304985418 -0.225089212752844
-0.0127845560532637 -0.00056084566710223 -0.0534484619893597 0.202668620448136
0.0113620548754807 -0.0123862425811426 -0.158390257927993 -0.086197399756337
0.0275585047640287 -0.0243153008355158 0.0863683713976093 -0.398074824048305
0.0205297950579066 0.0124811406083699 0.543571675064969 -0.168694770065001
-0.0297930820173776 0.0199614896625769 0.556915415117573 0.651946948821322
-0.0756993955142632 -0.0238444991546295 -0.286702719346044 0.917118627091728
-0.0356110759410997 -0.02446233684936 -0.66277774881719 0.287019993150861
-0.0223941007488169 -0.0232231315825817 -0.0274808247057248 0.115434021621256
-0.0434692255744844 0.019583146814133 0.70754344824387 -0.225708159639246
-0.00699569408047006 0.0183186945119351 0.299891688116637 -0.894586969279423
0.0270247713776041 -0.00399768597494434 -0.622927022961741 -0.609035020575214
0.0277707034627623 -0.0382465321615426 -0.607839751310788 0.216387298765261
-0.014813149763298 -0.0437685874437692 -0.0775929206434253 0.406062343808069
-0.00837912495321804 -0.017271273537672 0.150914230656629 0.0848495303316249
-0.000736943002366978 0.00656298407131012 0.0529115594707332 -0.22440663767118
-0.0177042271975556 8.68564390658494E-05 -0.0477090496052569 0.203513154399947
0.00761770981433381 -0.00981410453493545 -0.149094077456012 -0.0889683136766984
0.0276410780880717 -0.0216235425706575 0.0985457644205676 -0.401134496880917
0.0265064411499823 0.0167491895409824 0.548886904950435 -0.164140614340029
-0.0251754071257865 0.0226833969479497 0.542066782831657 0.660436541390851
-0.0770549940999664 -0.0196407396545341 -0.310636285044414 0.90739027317667
-0.0453416049030863 -0.0231236454460944 -0.670097774708964 0.277813121623005
-0.0339028744063181 -0.0247408725407512 -0.0269567112366257 0.112700497028358
-0.0525525098741835 0.0224457010715833 0.69864360620921 -0.237146771788938
-0.00615037232876708 0.0222805466149735 0.275902487079483 -0.902771912153136
0.0350490928395168 -0.00257208850071585 -0.638018937137451 -0.603266799305089
0.0339247050872312 -0.0363400111614447 -0.602481399424476 0.219603914710495
-0.0150890339487857 -0.0405685338629136 -0.0648477880241052 0.403195066794706
-0.0122045159160951 -0.014776074009537 0.15883245709666 0.0826707477910052
-0.00534883460086165 0.00703168698660186 0.055785613016552 -0.223199103663147
-0.0234995025301982 0.00328098292638088 -0.0446281396912132 0.206756411968285
0.00295408221729622 -0.00675138522671149 -0.143872486486898 -0.0893977254529055
0.0273430558485402 -0.0150998518053417 0.10543594738693 -0.403559607395564
0.0327152364706599 0.0223676018485494 0.551381963067116 -0.164704270531971
-0.018639762536577 0.026868016518692 0.530776525411801 0.65809085940475
-0.0767387183203318 -0.0149881225085743 -0.32613267694755 0.901787830348458
-0.053369393807708 -0.0219610381290092 -0.679776366953928 0.26930251597949
-0.0453518739945743 -0.0250075284648939 -0.0305841192644537 0.109445208651575
-0.0584477671253694 0.0252559183164785 0.692244534467849 -0.245637086948819
-0.0027095630265815 0.0277662585639524 0.26138371872599 -0.906160080185295
0.043414658409631 0.00147940554586303 -0.64536722142513 -0.603040748845896
0.038847533159303 -0.032152662085069 -0.598025815865756 0.222910092416862
-0.0160760082514841 -0.0341809010728171 -0.0557157262105181 0.40138715613379
-0.0162683190590849 -0.0117375037755136 0.1636604111878 0.083396365959458
-0.0122458474213616 0.00842901407039389 0.0603831560834818 -0.220082613043717
-0.0295637754300489 0.00779209842203695 -0.0402862580291858 0.208983173948337
-0.00176805793682662 -0.0014015531550004 -0.139315365397972 -0.0866745319119162
0.0261300377090998 -0.00748574620982527 0.108791068227448 -0.40414484283273
0.0378636957578308 0.0285456138859647 0.550844702516327 -0.16966972755371
-0.01105971881659 0.0337104665973061 0.529612497555802 0.654325316148454
-0.0734344404513688 -0.00741176636801066 -0.331220367942982 0.894119800104677
-0.0591592301856413 -0.017798129117451 -0.685536566571862 0.267756781787977
-0.0523951575820433 -0.0241214009264229 -0.0381597092760317 0.106919091364146
-0.0633863132189737 0.0296730440515328 0.684866860713196 -0.247556288645756
0.000717510807923108 0.0351789155801037 0.259261269526348 -0.910588901900669
0.0501902716971034 0.00761021867165378 -0.646001892869568 -0.607592491654287
0.042190263993318 -0.0242358084055835 -0.595589100944746 0.217784042365073
-0.017647520277012 -0.0268924924485006 -0.0531647667084165 0.401387886281768
-0.0218545343168205 -0.00790428216845995 0.167012575848685 0.0857116307388696
-0.0181813738460468 0.0117530760120593 0.0648193067514526 -0.216277001356817
-0.03499866968847 0.0135966576704236 -0.0379551719541736 0.212127786178271
-0.0052429755939714 0.00425355564823801 -0.13868538573973 -0.0824051036518815
0.0248570937890848 0.00177829665079913 0.105734526373696 -0.404753630239834
0.0409523005389395 0.036611117940569 0.548604947477408 -0.176399561417445
-0.00313542124625218 0.0390380690763625 0.534949006534648 0.640471293980989
-0.0687144447838605 -0.000184034747571435 -0.322819316667839 0.894576052056785
-0.0603270734463582 -0.013213405297237 -0.689492072139896 0.271396927941951
-0.0568615457002649 -0.0216543290326546 -0.0496362654909032 0.10490942885796
-0.0646821842347063 0.0342437414796321 0.680030470376367 -0.241924230870374
0.00595241183969227 0.0423946831647646 0.269268830382804 -0.907928424913135
0.0566694992530315 0.0151441935082436 -0.637384956772454 -0.619020478998908
0.0435196414770328 -0.015893588112107 -0.597822075553961 0.212289337969201
-0.0200073497742298 -0.0184675681116864 -0.0570435113072833 0.405134249028825
-0.0262431303751899 -0.00266585201917105 0.165669599729003 0.0923748804366359
-0.0240700890921021 0.0154085175133761 0.0676464924734983 -0.212302156394631
-0.0385532671880643 0.0197796189878408 -0.0378409265007345 0.211915170858507
-0.00763485016335653 0.0103039784390797 -0.142855792355402 -0.0760202342649105
0.0218584528132158 0.00944307145637218 0.0987308053452026 -0.399258392047301
0.0423055039655209 0.0437336814641966 0.545107074779197 -0.186398905527443
0.00236960953948159 0.0454199388369835 0.548945086073671 0.62319458934453
-0.0626391940372749 0.00763408534998088 -0.300759245768862 0.894591357567126
-0.0575396994805706 -0.00707269040518991 -0.690574480473018 0.276573638575509
-0.0571698133329483 -0.0188989708666315 -0.0630259355392793 0.103154565231824
-0.0625854468457732 0.0385143834074009 0.677259865753973 -0.231854322374007
0.0094925576743073 0.0495655208699238 0.290936928218664 -0.903216901513415
0.0595565311826822 0.0221369480807212 -0.620670694892889 -0.633908199555882
0.0444684902610834 -0.00763988758771626 -0.604615446921569 0.202565834251883
-0.0221716233142621 -0.0114633645650345 -0.0648422123426042 0.411202605645819
-0.029555874611515 0.00271018745528144 0.163162494371283 0.0985899606038077
-0.0278009536756527 0.0204350387630659 0.068376677875979 -0.207952101438082
-0.0398712475999714 0.0239856427403083 -0.0382681296716667 0.2139955265416
-0.00821219630834502 0.015805107519349 -0.148836682308739 -0.06954939116718
0.018258737192408 0.0165050126661329 0.0891143434309523 -0.396020263106756
0.0397400784911053 0.0510425128415364 0.538708248052322 -0.195340295515077
0.00645660333358671 0.0492317936456413 0.565221410792281 0.605026245608486
-0.0557005891457772 0.0132382553501178 -0.274633212177713 0.897377129165791
-0.0518612947384407 -0.00235439382969933 -0.687402395405433 0.290338046437665
-0.052454527559189 -0.0158147443082587 -0.0747956262491421 0.102416727943537
-0.0579142498330733 0.0404503052401001 0.677978416817902 -0.21792595490399
0.0135769232356509 0.0531524117339331 0.320464131363528 -0.894533376899128
0.0591827453050201 0.0285269214671419 -0.599938115724398 -0.655423333678578
0.0426316886831783 0.00058377167084504 -0.609420563246579 0.188802557050213
-0.0223563295370162 -0.00478629114624605 -0.078631705382683 0.415438783804686
-0.0300515104785816 0.00679284881876756 0.156093983323913 0.105968048874416
-0.0300990076809259 0.0236976542149353 0.0674764432852244 -0.205099941176124
-0.009035665126904 0.00188793445639835 -0.0541406968698025 0.201086678335946
0.0149302842747368 -0.0116393514948411 -0.166046053355878 -0.0792406936073896
0.026417431560559 -0.0228483137851257 0.0695080281050158 -0.394740810170656
0.0164995360701077 0.0128764183292467 0.53415306359313 -0.183776122118354
-0.0321002959501232 0.0191915606757594 0.585862270671498 0.628507154220349
-0.0735413316132044 -0.0231484059869107 -0.242804555845318 0.923694839913052
-0.0256655571021364 -0.0225647247858341 -0.650010984209723 0.309913537975081
-0.00990136821965865 -0.0206788021645728 -0.0318405723136637 0.11777852710925
-0.0323674426453608 0.0207567882090904 0.707813691535246 -0.220883010982912
-0.00493469603718654 0.0155688668878597 0.316731299572974 -0.886575486352412
0.0222771993971172 -0.0036693210535978 -0.609607481115018 -0.614870102493387
0.0224819595988863 -0.0368613148414771 -0.612747087468279 0.215843597360633
-0.0165588246620217 -0.042192189658932 -0.0836153643725959 0.412826984737882
-0.00761781888149308 -0.0156086328994912 0.145473625307274 0.089023720496847
0.00194414035412544 0.00792011796330038 0.0454028416027054 -0.224276741361125
-0.0123637186392664 0.000672814201261092 -0.0507777154960465 0.20202474543521
0.0116232911606752 -0.0132462016101529 -0.158592136105229 -0.0827339596362183
0.0274136995497857 -0.0234268576572933 0.0820171991348078 -0.398191310391554
0.0215632618968554 0.0127243648500252 0.540079735329548 -0.175527137101165
-0.0302537409410612 0.0200719358003418 0.563852430933487 0.641797769516183
-0.0765907871617205 -0.0228908394664646 -0.2739907365115 0.916596954919676
-0.0347343923053697 -0.0236055274711862 -0.656758623608036 0.294647101013692
-0.0215019149572719 -0.0225169867890668 -0.0250691084939889 0.116013121563152
-0.0429827244174281 0.0210120362480154 0.702257539247091 -0.234473015715295
-0.00645376432047057 0.0171158530564168 0.286641787964187 -0.893373433095155
0.0264084784348016 -0.00470508351450993 -0.627347776165774 -0.599947919217201
0.0279570208757659 -0.0386709480915446 -0.60289115499405 0.222484010390305
-0.0149781138588874 -0.0425884948681461 -0.0708287860281065 0.405248627885098
-0.008548776995868 -0.0170559110306454 0.152995051473551 0.083779939553252
-0.00187143788581281 0.00687585430299167 0.0494535731917388 -0.223380384998691
-0.0169861169308855 -0.000181444220647016 -0.0447152213782111 0.204128011935089
0.007113835205321 -0.0114652237147951 -0.149561196960503 -0.0851225187969181
0.0266943002105951 -0.0210413323212378 0.0933029666642305 -0.400374990755136
0.0276175094431819 0.0160872134463967 0.545122075856681 -0.17188918505833
-0.0252590149111775 0.0220880884525686 0.54833690439002 0.650156026136607
-0.0774026482429261 -0.0198606699187054 -0.297500097065265 0.908262168308905
-0.0449990452617329 -0.0230580539441583 -0.664650367054146 0.284241196505207
-0.0342554849936178 -0.0245368765529769 -0.0249233483676379 0.113865520670309
-0.0509321873471251 0.0228426309228548 0.693785494085466 -0.245946545930243
-0.00455236831933515 0.021615273573011 0.263869363515686 -0.902701992399883
0.0346684987710461 -0.00267895499214754 -0.641748410501542 -0.593339586179914
0.033818154633365 -0.0370077378954496 -0.597606061182233 0.227063501627575
-0.015656782702544 -0.0401349806987083 -0.0588399452417779 0.402783371066617
-0.0126854554399332 -0.0152361484917468 0.159509632271686 0.0801792679395102
-0.0059649508846762 0.00719438403030345 0.0536831220021553 -0.223249099699252
-0.0240343877539105 0.00410030357809217 -0.0411322649405622 0.206130147307689
0.00355325012989661 -0.00792311074936615 -0.144090483589251 -0.0859382777056352
0.0269596081309697 -0.0152397318883634 0.100513576042377 -0.405507580292988
0.0331687019453512 0.0218860026666406 0.547298121598659 -0.171924356880965
-0.0179144310069257 0.0275239381424526 0.539023809074698 0.647115509976756
-0.0769453220346852 -0.0142269198341026 -0.313895730290663 0.901841451534416
-0.0518320680727099 -0.0201660280955718 -0.671811044070074 0.277254385043083
-0.0444027420438304 -0.024603560680177 -0.0286381447428867 0.110104115982134
-0.0579701263049872 0.026133781057336 0.686273520594917 -0.251981229671138
-0.00198615747816143 0.0278378171713057 0.250819484650235 -0.905047774899875
0.0430090878876574 0.00070098921251372 -0.65142224316852 -0.591327344620038
0.0381697637777127 -0.0326231963790669 -0.593239287562128 0.229594738587459
-0.0165314899898998 -0.0336222715785518 -0.0499407078133587 0.40048360454253
-0.0175541148404802 -0.0124605027690964 0.16498563994604 0.0813146021780008
-0.0125645655135622 0.00924633326503805 0.0585091677662864 -0.219456978624063
-0.0293934106055459 0.00867113269504913 -0.0383054773503203 0.209087827786673
-0.00138295293348059 -0.00208223391391388 -0.140616522572126 -0.0824701400305318
0.0260287450463559 -0.00755390817645486 0.103587360974526 -0.405136507542617
0.0379789830722872 0.0289321576704003 0.545810968439767 -0.175372488328455
-0.0103927926185136 0.033238195661144 0.536791059175986 0.643860548123589
-0.0740524879032723 -0.00733976553120489 -0.318526253340594 0.897229669932303
-0.0580079774622905 -0.0167556434447778 -0.680314716337773 0.277049078543696
-0.0528177774177312 -0.0229040743389419 -0.0363904038254691 0.107748456773505
-0.0624483263378275 0.0303843183458258 0.680254679757945 -0.254700799776147
0.0023825250313871 0.0345286496200042 0.246458729920741 -0.908328777675792
0.0512632188461753 0.00769720649404986 -0.649590720234911 -0.595615360819187
0.0418049258923218 -0.0243972268728931 -0.589326251062193 0.226525565743616
-0.0182729074553062 -0.0256301923704566 -0.047776731964325 0.40211016885511
-0.0223996028184743 -0.00731630887521955 0.167315520257277 0.0843939155218671
-0.0184414684612704 0.0126460090181431 0.0621374217404621 -0.216013190779339
-0.0348343258072452 0.0143921036306416 -0.0349542963347401 0.210129866539196
-0.00423171808239936 0.00351796398030168 -0.139314200224066 -0.0788644892125685
0.0245832498453385 0.000942895170853673 0.100110129619727 -0.404589489342712
0.0420268697178199 0.0361414471193333 0.543952266112216 -0.184221956547292
-0.00346814293940748 0.0382087751985366 0.542736495800551 0.6314740748852
-0.0686450237037339 -9.07755516766154E-05 -0.309969585609851 0.897991558757336
-0.059830691249603 -0.0126029947800529 -0.685008727350667 0.278867022959254
-0.0563590670297147 -0.0220429023509173 -0.0476604654006963 0.105242328288685
-0.0627753448611255 0.0349906172275129 0.675755774432451 -0.250453474930061
0.00709246079586224 0.0422809533933226 0.255962225455442 -0.907768720342168
0.0563011871128088 0.0149012298372475 -0.642940931822156 -0.608282548405067
0.0444852123020812 -0.0166263561902985 -0.592045594477854 0.220467440969862
-0.0200553912824203 -0.0181869198511297 -0.0513465649687326 0.406852295572971
-0.0265643281264644 -0.00286319750339556 0.166695181127374 0.089508161294604
-0.0235646087419611 0.0165507201941012 0.0645054054197229 -0.211398114159031
-0.0376948407292493 0.019840715799945 -0.034633675091979 0.212248410175889
-0.00667498510949951 0.010335736522448 -0.142094385284627 -0.0733145483425515
0.0220592904996915 0.00986316569004205 0.0949540964461643 -0.400545592907181
0.0425253034990293 0.0434027701175045 0.539915164684604 -0.193260085994368
0.00330871612049241 0.0450425012650538 0.557467416518338 0.614419889201359
-0.0624094108540928 0.00716433467426274 -0.290968139502447 0.894128976529378
-0.0571197109836175 -0.007182263156954 -0.683985264114397 0.285625624696641
-0.0576579243005542 -0.0184776630260818 -0.0597885812810876 0.103903745389765
-0.0610645054958939 0.0393045199125343 0.671698364553234 -0.239586278005977
0.0105590901176496 0.0482213178739648 0.27936046821488 -0.902509325151418
0.0596926175041188 0.0211094102729063 -0.626191198512535 -0.624405893193549
0.0440332782314098 -0.00866760530591912 -0.597845988159619 0.210382163165335
-0.0218638001084626 -0.0110180896295019 -0.0598596832642548 0.410320668247802
-0.0295689440324623 0.0025321237429743 0.163577160978733 0.0970262317769149
-0.0277884381927395 0.0200275194332188 0.0671190445019503 -0.207808388958426
-0.0386527155416763 0.0251736395801183 -0.0362768401136291 0.212872909208371
-0.00768015663918193 0.0148239106860861 -0.147911654501214 -0.0668302793898255
0.0189031522142906 0.0165027203674946 0.0841403792039006 -0.396083439667804
0.0405485617885216 0.0496343757815803 0.535362420529832 -0.203153995531817
0.00627156561987113 0.0493316455285152 0.573300885911298 0.593974015108453
-0.0564041208863432 0.0127818623716126 -0.261643158127031 0.899025908036616
-0.0501922986647198 -0.00158972435399921 -0.681826395442075 0.296211179347381
-0.0515431513594451 -0.0155577249690171 -0.0723515752384173 0.103217673514295
-0.0565462346491084 0.0408010708132538 0.671641859420371 -0.225338176137574
0.0142850054927078 0.0520863153366648 0.30853305079789 -0.894918647715229
0.0587289547477951 0.0270542298859148 -0.604828314956282 -0.644984133694176
0.0433941641510365 -0.000919852056831687 -0.606034175941954 0.197377886905915
-0.0224178511905271 -0.0052926067686477 -0.0727742266428394 0.416572923717451
-0.0311675041830892 0.00688587237836183 0.157505983470266 0.104092726304687
-0.0298017822602968 0.0234512545857195 0.0651400224310229 -0.205524434992215
-0.00852796643733776 0.00235180166218261 -0.0508831988362519 0.200550886830936
0.0148203972129875 -0.012251652515504 -0.166123617078734 -0.0760620933900998
0.0262134486870423 -0.0232774954056248 0.0621741429364746 -0.394138191371193
0.0175347526711868 0.0123425570492235 0.528046245746981 -0.187856518943536
-0.0328138373342197 0.0198867706108448 0.592323190087672 0.618041591994602
-0.0735738467708385 -0.0230005621993603 -0.231623396531561 0.923400471625927
-0.0244384263252068 -0.0215570647593473 -0.641464333637883 0.317281573356485
-0.00933096591663448 -0.0204183743895607 -0.0290504229616027 0.118022770108648
-0.0313990068733261 0.020663605863352 0.700316966899193 -0.22765402394076
-0.00474241683223049 0.0160991555733892 0.303667196862904 -0.882388044566138
0.0218358847594559 -0.00368461708284897 -0.612198209459334 -0.603765471357618
0.0216733368795821 -0.0366699583099914 -0.606544369213271 0.224043214954653
-0.0171242973096879 -0.0415073855053825 -0.0781624694562994 0.412051227582384
-0.00767859690101329 -0.0164338089653879 0.145236908228539 0.0875617873018969
0.00101473644626994 0.00793645266015803 0.043401528537878 -0.222764804980993
-0.0125383204151986 0.000836672048605883 -0.0473593692031153 0.20240541995523
0.0120567035481974 -0.0140358059609757 -0.158513820673148 -0.080115138547249
0.026963666191697 -0.0237808378186045 0.0767222499075232 -0.397569042355192
0.022025008297221 0.011915085302493 0.533878158717907 -0.180880395325946
-0.0299127935370433 0.0198240274208762 0.57066417859126 0.629113025833243
-0.0761465161586262 -0.0220411740299166 -0.260194257125635 0.915738767476911
-0.0337921147601958 -0.0232191948449466 -0.649378960161328 0.300738441132988
-0.0211641222008256 -0.022792057345189 -0.0237575105596961 0.115374677252674
-0.041542819926166 0.0211054012789296 0.694114108067991 -0.240742932300759
-0.00599235651331316 0.0173589840563977 0.274720729854109 -0.890653866234867
0.0273761104837269 -0.00485901468465359 -0.632259317140474 -0.589023797902913
0.0266551031414184 -0.0392607447832879 -0.59897247269619 0.232181810905625
-0.0151534850974472 -0.0417857732931414 -0.0669159454305732 0.406384476502433
-0.00966730129620742 -0.016896745131358 0.152558056348222 0.0814863078488375
-0.00133959450618237 0.00786219827329119 0.0490060817727133 -0.222905196374491
-0.0166720303188894 0.00093685540999219 -0.0430282565753086 0.202144388428814
0.00737131105016611 -0.0123713252326573 -0.149973146305025 -0.0818521263385129
0.0265045882907462 -0.0209248653295155 0.0878413460261023 -0.401176018965199
0.0284522906257269 0.0155616679961159 0.53936814035608 -0.177961820819738
-0.0250103827216297 0.0222868969674452 0.553267069239321 0.640110643371275
-0.0772093464970787 -0.0185112336856653 -0.284784316361645 0.907059001697129
-0.0427514521631836 -0.0220616045658388 -0.65862929138047 0.290240604856734
-0.0336839992858609 -0.0233531074337836 -0.0227744184687859 0.112868289305332
-0.0503543297023742 0.0230119781064557 0.686113086015578 -0.252990027643125
-0.00536287612600704 0.0217174385118562 0.251723865816205 -0.900412021043154
0.0343728047749735 -0.00391854671896266 -0.644907810655881 -0.580817404945851
0.0329186130894291 -0.037328521373574 -0.591355711169857 0.234614318225337
-0.0154116646050634 -0.0388494389348297 -0.0537613921047714 0.401092058865185
-0.0132554236982703 -0.0154172952923954 0.158706065185993 0.0789808501772225
-0.00590973799827674 0.00717240042496608 0.0511358552797229 -0.221704160026781
-0.0226991094478189 0.00469183341880755 -0.0385103112479124 0.205652613830235
0.00332730602131954 -0.00863934494575909 -0.143863406664443 -0.0836193802041473
0.0266282931331994 -0.0157299926324832 0.0945718723267615 -0.404129110718037
0.0341193809400105 0.0206836721886798 0.541461436812248 -0.179105132736345
-0.0174400050171728 0.0275956824002305 0.545762435690448 0.63850042651062
-0.0769483007703752 -0.0127047557064662 -0.300191431046565 0.902588945488009
-0.0511073659161625 -0.0202542072094869 -0.667343378979089 0.283171386973071
-0.043626643817177 -0.0235342199574385 -0.0265987571456663 0.110446563328675
-0.057444580457768 0.0271282181351178 0.677736151123991 -0.259052348519138
-0.00230891254850764 0.0273284664213783 0.238275266993543 -0.901047859380333
0.0434990251889714 0.000619474972201242 -0.654282456286843 -0.578869285604461
0.0380420724287332 -0.0325685544242927 -0.585869500594861 0.23695489882717
-0.0168837648247798 -0.0321050625871967 -0.0440427204329932 0.399528809652552
-0.017564959555434 -0.0115585734506468 0.165511902518825 0.0794029777412482
-0.0126027810872772 0.00939697538257324 0.0564718441533829 -0.218113896904143
-0.0289834762736782 0.00855189735473963 -0.0343394825946085 0.208379995317878
-0.000482744188626509 -0.0033347120842799 -0.140622649096452 -0.0814555973476861
0.02615121564994 -0.0080642634827228 0.0980954765591295 -0.404824976164955
0.0391248625790979 0.0274152313577149 0.541149151376311 -0.18124354785602
-0.0106917289714333 0.0330396663428209 0.542400036816597 0.633400163722997
-0.0739041979704879 -0.00606178491113176 -0.303817616855396 0.897177165898772
-0.0565551807598673 -0.016892524388296 -0.674127473331787 0.282036793504456
-0.051752361407701 -0.023122087727719 -0.0346238220797786 0.107570440338655
-0.0610687966383568 0.0316781648852711 0.670590291345029 -0.260670860530462
0.00243153110939166 0.0344761241398326 0.234135794640267 -0.906885401534847
0.0502346770102212 0.00651900092304029 -0.653779101059084 -0.583869856548751
0.0423874891414888 -0.0254950882254697 -0.58508387520379 0.233416688040022
-0.0185289336066054 -0.0247778525731388 -0.0425481487074928 0.399940378585727
-0.0221211314603084 -0.00680133063210533 0.168234460064244 0.0821581046597188
-0.0178423146403611 0.0125057942222563 0.0602156580652508 -0.215028077369961
-0.0339691425990069 0.0146137124372858 -0.0323121310229216 0.209923869913838
-0.00424705866934035 0.00320473665844934 -0.139203607552148 -0.0769264555885121
0.0250794156756656 0.00106771371581933 0.0954264056148462 -0.404248833541907
0.0431659601889009 0.03553859648485 0.538410045521994 -0.190178402325172
-0.00238563103093723 0.0384804905969014 0.548372968571742 0.620855100343227
-0.0690341753156891 0.000594918604676163 -0.297369849778562 0.894739228350778
-0.0582765534685257 -0.0113775769117549 -0.676826988975945 0.28576559294997
-0.0570225608000377 -0.0199426910791342 -0.0452768225505006 0.106045755237678
-0.0620761794190055 0.0359336834598475 0.668782099956588 -0.255755756499536
0.00671245384697301 0.0418045252912556 0.246063709046047 -0.905171444983538
0.0565597137353674 0.0136493466050921 -0.645547746786026 -0.595818266625867
0.0445413557378285 -0.0168250770555305 -0.586834707912562 0.2265625916215
-0.0203782276557186 -0.0169742291839927 -0.0461880209939546 0.404185438262421
-0.0266513560032353 -0.00198398257519174 0.168560116173209 0.0873104241049376
-0.0238402626141882 0.0167053512417066 0.0633553273679928 -0.210961316280272
-0.0376451699512259 0.0204940062596245 -0.0323518889218702 0.210771597241911
-0.00595177027935842 0.00987405855161135 -0.142078155455977 -0.0710169411962162
0.0218620713388625 0.00902107339998402 0.0892633805330046 -0.400225053150058
0.0433902361772305 0.0425677343741146 0.53460490970727 -0.199832984841427
0.00247818050346537 0.044366722664292 0.562474761981867 0.60297843476744
-0.0624232572017682 0.00802524337133696 -0.277571205581641 0.894170604510166
-0.0559944820214961 -0.00633830627023733 -0.677039710418033 0.292014125391418
-0.0563235924339852 -0.0179835208062517 -0.0585958543385689 0.103832714294038
-0.0607093926904386 0.0394989074367909 0.666883328531562 -0.247092429045659
0.0112004149616563 0.0485515691718902 0.2667811854511 -0.899856909833215
0.0598127113959831 0.0203936939982125 -0.63223788375882 -0.612409540667261
0.0450409250261688 -0.00837294983637605 -0.593745378296858 0.217966090040204
-0.0217253717133661 -0.0104723347278522 -0.0542956345670885 0.408836223892943
-0.0295182052878211 0.00301109947419277 0.164460704512013 0.0954582708281346
-0.027922995763431 0.0206326871124798 0.065197725249617 -0.207131360988593
-0.0376043138712151 0.0250543865880829 -0.033437863555001 0.211994354962374
-0.00664251896079366 0.0142630702825681 -0.147987520370389 -0.0641441119156266
0.0192078114116209 0.0166922000240188 0.0778276054182146 -0.395353573389106
0.0408683300480118 0.0483793316845867 0.531435592886359 -0.210089050674323
0.00553464207291602 0.0494849765035658 0.580364424197922 0.584884684557417
-0.0560709712817004 0.0136412324543405 -0.249890892174763 0.896663362425766
-0.049810781599389 -0.00169908717991374 -0.674851989500842 0.304342456080314
-0.0518047818136134 -0.0154614317948844 -0.0705440619369301 0.10471801890027
-0.0554171023374355 0.0414338961494253 0.664081724849566 -0.232016489805002
0.0142890055661448 0.0516525681024491 0.298056848585877 -0.892255022520739
0.0594542380409241 0.0264412926677528 -0.608647415891763 -0.63332579998481
0.0434472113342275 -0.00115988065186442 -0.600165677902569 0.203996988152639
-0.0225897430027751 -0.00470682588172034 -0.0666133749452256 0.415291766650324
-0.0298016562972586 0.00689762010225843 0.158640422547065 0.102580857931624
-0.0299517376059616 0.0243406327924524 0.0636188813073102 -0.20478385514597
-0.008884915136576 0.00225704813328559 -0.0480741559515342 0.200235187708357
0.0155762307966557 -0.0135390532025657 -0.165709891221159 -0.0736888605431545
0.0258820626072973 -0.0225223066404871 0.059291828043775 -0.392279764942151
0.0179127628863547 0.0119158825316656 0.521334012020965 -0.19318756610783
-0.0335242165445897 0.0196307505352197 0.595033571438802 0.607295783789499
-0.0734532532163758 -0.0220566365461968 -0.219722789543759 0.919489056483705
-0.023138402856786 -0.0213093925131154 -0.635739747398599 0.320693399585549
-0.00921178996767696 -0.0204210044215339 -0.0275675732492579 0.117666990823029
-0.0315330218277601 0.0217741959436986 0.693000634693786 -0.233443088471676
-0.00439507689547421 0.0156617788500172 0.292383921268186 -0.881870059770662
0.0216643972084846 -0.0043557529987656 -0.614309868914164 -0.591908499547554
0.0214935743032175 -0.0368161565428839 -0.599472997223115 0.227461893453289
-0.0171195296490316 -0.0400476335812418 -0.0729483416617248 0.411305185376608
-0.00799483449087168 -0.0157316290388163 0.146213722292712 0.085795464570386
0.000676279373773303 0.00820034920853945 0.0412628482787914 -0.221289964494317
-0.0121516768126879 0.0008077239281529 -0.0453058560912685 0.200814246967138
0.0115653302561067 -0.0147374607827315 -0.15747281659525 -0.0778994499718213
0.0262014628425341 -0.0233820047990197 0.0726812899046522 -0.396312796871922
0.0236466040088775 0.0125278347292588 0.52923637361307 -0.187261963552314
-0.0293583392055018 0.0197511942200305 0.574324091284379 0.618965150286588
-0.0763067825888294 -0.0216595708896321 -0.248616878959828 0.910925925966363
-0.0324713922473243 -0.0226972655453056 -0.641788648630006 0.304499718754592
-0.0204620125987073 -0.0221723047230494 -0.0219138597429178 0.115906919131996
-0.0405806203826331 0.0217318030573404 0.68693495418324 -0.24649552929173
-0.00503461489622251 0.0169184059957685 0.263391668179239 -0.888685823540855
0.0274289290696801 -0.00569778409254859 -0.63280658657285 -0.577101651590072
0.0276897069844444 -0.0384791458586826 -0.592416135994455 0.235831018301689
-0.0158815782732404 -0.0407167314772253 -0.0607789068631673 0.404196296158895
-0.0101905035160973 -0.0167101232171298 0.153405582389925 0.080557935191568
-0.00219532528551973 0.00763985710548672 0.0465033765426188 -0.2214001442626
-0.0168268871207489 0.00170117334926123 -0.0397353521600933 0.202364220362553
0.00752389566321149 -0.0125104295665645 -0.14882600386311 -0.0802506561762424
0.0272973820608666 -0.0213076669150114 0.0828740633841498 -0.400832361172384
0.0289353718008934 0.0150800470887473 0.53307209105036 -0.182771168821497
-0.0245915799110696 0.0223734252927662 0.559883585338871 0.629758874377909
-0.0781151430968546 -0.0183332758847544 -0.272339442067899 0.905255330027057
-0.0419823898101161 -0.0223731799834787 -0.650840306195348 0.296783408481766
-0.0330474035331216 -0.0232698368477604 -0.0211408893688221 0.112934132656146
-0.0493566267886814 0.0235503067165863 0.678655870495069 -0.25788526889872
-0.00510020443342897 0.0211687666353836 0.240239248225647 -0.89506978887356
0.0345597511195489 -0.00440019483257515 -0.648396964542187 -0.568582233598699
0.0330893191468069 -0.0369340296376238 -0.586139364861022 0.240333239037751
-0.0156150110497895 -0.0380435474286976 -0.0484271958559372 0.399367374840808
-0.0130772239409697 -0.0149931015831392 0.1596972142837 0.0770727270776941
-0.00658230360034429 0.00784456910593411 0.0482871819151599 -0.22010253168874
-0.0225209212033936 0.00507602878731521 -0.0363972542426893 0.204141568738399
0.00390372870135438 -0.00869669778763659 -0.143209930123717 -0.0802422888946183
0.0264831838932196 -0.0159135792556808 0.0901313142035014 -0.401363925403192
0.0350077707198147 0.0203835963703676 0.534268003610603 -0.185440174364452
-0.0167070264301955 0.0268892770472487 0.549349086406143 0.626857581271944
-0.0774703063472974 -0.0126590187813206 -0.289066944788424 0.900592476810911
-0.0494241070077311 -0.0196476560027777 -0.660904624374118 0.288322570765062
-0.0431564274803156 -0.0234646422074866 -0.0253870464063825 0.1096767477861
-0.0559176970392674 0.0271701044000679 0.671662985636386 -0.266167037207428
-0.00126668243613411 0.0276100986626669 0.226703964136318 -0.898554671541389
0.0421309420703403 -0.000406030052478707 -0.656007054405518 -0.568590448206456
0.0379943714988123 -0.0323461978848418 -0.581030720742732 0.243483886788649
-0.0172861884010103 -0.0320496317702877 -0.0396893482226984 0.399235202797311
-0.0180336761929749 -0.0114643784538422 0.165557372043397 0.0778103379127825
-0.0124042733215276 0.00937328377298197 0.0545592984437906 -0.217077133908191
-0.0290522962862801 0.00890516216326531 -0.0322032067051534 0.207319893533115
5.71090863562109E-05 -0.00380496222897279 -0.139593047396488 -0.0785225462460975
0.0248088157043731 -0.00787279438051357 0.0936612529668849 -0.402724438134628
0.0402742280543571 0.0273797239120257 0.534133109106828 -0.187353208110174
-0.00988983001177634 0.0329779990707566 0.547724025537346 0.624220853198643
-0.0740061493921996 -0.00526515547297741 -0.292056100930274 0.894984317001802
-0.0550657119816017 -0.016528065671603 -0.66628401577753 0.286998541438833
-0.0518846299021745 -0.0220601164389174 -0.0325142926909218 0.107488853460906
-0.0603545171663619 0.0316450093922602 0.66365770469881 -0.26667962313908
0.00289205793028923 0.0340083820512023 0.223788052427631 -0.901975425599477
0.0503541199351014 0.0053591934456026 -0.655616406642655 -0.572139572851242
0.0417620363707577 -0.0257813743509955 -0.580373888876181 0.238808208929383
-0.0181274734173163 -0.0242103845861026 -0.0386310974172238 0.398147577527156
-0.0225699936968205 -0.00733176008831304 0.168179829385547 0.0801333285665448
-0.0189307049746837 0.0130898421544095 0.0581010740701239 -0.213852291262265
-0.0340490998724105 0.0148834592563192 -0.0293826275480127 0.208845249145662
-0.00315414018057529 0.0033328746815529 -0.139517673377628 -0.0750098966784301
0.0248029616534439 -0.000260675110149013 0.0895126360790566 -0.402648506185069
0.0438332955164457 0.0351807366849682 0.534058810108891 -0.195174797202289
-0.00258946514859457 0.0382927421277195 0.553660537303036 0.609412131134582
-0.0682475564613758 0.00186164410857 -0.284471826568351 0.892142356319751
-0.056975452291685 -0.0107381222179219 -0.670595300751179 0.290703840642465
-0.0557545648161998 -0.0202681981819071 -0.0440901439336533 0.105446207696043
-0.0603524457802239 0.0361421205440633 0.660050426328926 -0.263011356805932
0.00779653431487997 0.0411218691226935 0.234519574807289 -0.900182348777543
0.0562205627924764 0.0120631728101306 -0.647913776550348 -0.584119050799849
0.0437327766581849 -0.0170264403215788 -0.581942673681444 0.23208132639337
-0.019916861126086 -0.0170761003113424 -0.0398719600645844 0.403081122843815
-0.0269238540373867 -0.0018204709913343 0.16721305637623 0.0859906469248072
-0.024065935499645 0.0167793845893688 0.0606036067349441 -0.210139535976781
-0.0362714552285602 0.0213881399899981 -0.0292318383124193 0.209792587203427
-0.00537394319321721 0.00821133419158307 -0.142203306353234 -0.0691298937053464
0.021633650818045 0.00842966006368055 0.082640653871608 -0.39850105749952
0.0449843730980433 0.0416857138429532 0.529734821100438 -0.205271292354952
0.00258930417183898 0.0443137366628965 0.563989709518895 0.59294923996042
-0.0623455263670753 0.00859310730157893 -0.265327779102122 0.890869345158717
-0.0545517978493621 -0.00641910126739208 -0.671538229985663 0.297226187171863
-0.0558272533156163 -0.017033372502811 -0.0558311280137584 0.104550797138163
-0.0592312392711681 0.0402514811492298 0.656335046661696 -0.252248942373828
0.0117601382033394 0.0474129849093319 0.256126401282868 -0.896993355552708
0.0587319781046575 0.0191751139134307 -0.632261551565939 -0.601109468894007
0.0447952032147635 -0.00862657249756746 -0.587234987373036 0.223897551687363
-0.0215905375513357 -0.00939473283319038 -0.0487155048450621 0.407659325067369
-0.0298926051238483 0.00219596788255134 0.164411734356179 0.0928245452843327
-0.0285772021199573 0.0209254811854809 0.0628122868587064 -0.206227254290177
-0.0375008551908796 0.0256579765725972 -0.0305324868819283 0.211170044657045
-0.00650643393782022 0.0138693188190584 -0.147463869812137 -0.0614195320864435
0.0196628455947971 0.0162644467066047 0.0740010405582029 -0.393496023203623
0.0423135965422466 0.0480342658180822 0.524777173319861 -0.21432782645103
0.00684295874493865 0.0488815502582695 0.580953968828632 0.572325817782894
-0.0558617118579367 0.0136448685833504 -0.238218206359455 0.893989135374546
-0.048684525565718 -0.00125736792034303 -0.667008038627795 0.310378317762073
-0.0505933202482568 -0.013942763377636 -0.0678632994224327 0.104120819852456
-0.0555715074583658 0.0422079157189946 0.658500374446671 -0.237903407153013
0.0148628414476084 0.050072506683722 0.285267195479503 -0.88949509975883
0.0588486150621178 0.0252575208761868 -0.611410029571442 -0.622685439769703
0.0432089382591938 -0.00129685199742675 -0.595160903609672 0.210388253554084
-0.0222017616985321 -0.00457237587868899 -0.0614370394401407 0.414033133463796
-0.0300671270009536 0.00717963598547195 0.158732257098008 0.0994844818051537
-0.0295186889706034 0.024692115239371 0.0612414463465653 -0.204049020088629
-0.00816950335564777 0.00290088152530006 -0.0462483381925306 0.198654547717372
0.0154410882070468 -0.0137059497546812 -0.165055976264105 -0.0708463826604104
0.0260339147087167 -0.0229937506145517 0.0540241793727285 -0.392458248293875
0.0191762284006483 0.0119238734649405 0.517302084783427 -0.19863601169738
-0.0325551994961622 0.0192698847131504 0.597732009377243 0.597046418832695
-0.0736215674753048 -0.0213543710438735 -0.208447606846834 0.916168066321609
-0.0216104569780185 -0.0218791023965271 -0.628924548193649 0.3233383602222
-0.0090941488782178 -0.0204358499064352 -0.0258023001723127 0.117929753973862
-0.0293758880603933 0.021443168633641 0.68563696578405 -0.237953302989002
-0.00430540258137188 0.0155981195158701 0.28296261903767 -0.876398981647748
0.0215997458044056 -0.00463355765715899 -0.615280594835587 -0.581023493935071
0.0219625091833697 -0.0362540738518818 -0.594894183046554 0.231985496887272
-0.0176766236761605 -0.0390046070108543 -0.0669200445339811 0.40847240474611
-0.00812343263309739 -0.0159705035284929 0.145868793649747 0.0835706998785909
2.23231863518466E-06 0.00837514044767094 0.0392972402901146 -0.220302246537916
-0.0126280888869308 0.00180715454566444 -0.0428097316391183 0.199542017321166
0.0123742449764955 -0.0157043979803601 -0.156787458124824 -0.0746072634609821
0.0260660489695086 -0.0231368944352316 0.0685582829983133 -0.395273385732277
0.0235995904329181 0.0124437588646713 0.522681438109009 -0.190597617907766
-0.0291640689119639 0.0190498328845593 0.579324859021271 0.608471282671436
-0.0770045086906506 -0.0208359058511629 -0.240032059391845 0.910560541820695
-0.0315390304889597 -0.0226700977806234 -0.63556091824565 0.309249901799649
-0.0198023611702762 -0.0221701960768294 -0.020869743792859 0.11576563969145
-0.0395725236602141 0.0221914540488293 0.67822399527642 -0.251705726213657
-0.00526189408201996 0.0169980127858807 0.253378980628208 -0.8851221716609
0.0268974521950258 -0.00499996331219986 -0.632404193025605 -0.566261989658068
0.0266278412591121 -0.0390740518424198 -0.584948090320594 0.239921327383679
-0.0158559398660345 -0.039872977738967 -0.0560934424380562 0.402669545196555
-0.0106047878530061 -0.0159111975203383 0.152966253624862 0.078558353366049
-0.00233999361537348 0.00767702219737051 0.0436458694059264 -0.219688412392066
-0.0168419888348746 0.00187327853615919 -0.0369230724369772 0.200645103555184
0.00763769633658918 -0.0132117124106237 -0.148244012099216 -0.0778914973762966
0.0266136288540055 -0.0211312416410401 0.0788759478322076 -0.397820911313724
0.0293735870624521 0.0150687556666315 0.527958477991641 -0.187100464754333
-0.0247086909369918 0.022600343935107 0.563940464570458 0.619016531396721
-0.0771504476050769 -0.0170794676473378 -0.26268836912253 0.901914127790683
-0.041317181107209 -0.0213705961581166 -0.643581297672069 0.300366967277761
-0.031886379948261 -0.0226096184356431 -0.0195202174143493 0.113055746400697
-0.0478418414687034 0.0240037612121653 0.670487402103861 -0.262837224273642
-0.00409681467994103 0.0208142132500874 0.230399623921222 -0.891964376545632
0.0347812237133241 -0.00470521335275856 -0.647629177975398 -0.558757407492261
0.0328095131038794 -0.0374944709290695 -0.579929300121598 0.246518409512034
-0.0156035063299742 -0.0360786640046002 -0.0433934922004249 0.398384322472815
-0.0135244184983343 -0.0147853552450165 0.160069952858747 0.075465340389558
-0.00671896210224244 0.00798491840752713 0.0469965235830431 -0.219082970584256
-0.0226015448496603 0.00589566501935802 -0.0336310953776624 0.203144405640777
0.00397405244720336 -0.0103769533881969 -0.142474808005945 -0.0785277114133298
0.0263587017401549 -0.0153936186894461 0.0859790107034037 -0.401874919365802
0.0359582494060281 0.0195040110587534 0.530031587153586 -0.187981722072622
-0.0175914968978169 0.0265972931107153 0.552720483727589 0.617521225728938
-0.0761159136284932 -0.0122334904885701 -0.279123531933989 0.896325594914425
-0.0487565718686196 -0.01865805157818 -0.652498463354109 0.292083853790059
-0.0430110025982096 -0.0228371258122956 -0.0233690508201817 0.109681480695699
-0.0546656981526961 0.0280843100938145 0.66288526244018 -0.26977739707085
-0.00151878701491902 0.0270106903698525 0.21758602075131 -0.893788636078036
0.0427794352680976 -0.000715652466563891 -0.656064036462889 -0.556699962099447
0.0384613741650344 -0.0324441796828518 -0.573621153848275 0.247047148842034
-0.0170099786305361 -0.030674093578228 -0.0354335278030718 0.395901448661164
-0.01830146893299 -0.0119364793275176 0.164995874108596 0.0755315880287917
-0.012929652903701 0.0101928506732615 0.0532593827864135 -0.215728901505707
-0.0283272329535877 0.0102656379005759 -0.0303781350111561 0.205274426598664
0.000986893882130314 -0.00370300731721629 -0.139020048711673 -0.0765786443681103
0.0250162985412959 -0.00815324599889102 0.0899599162208883 -0.401598330999044
0.0413851114804032 0.0268790716713166 0.529811127756306 -0.191003685928128
-0.0104740370315613 0.0320809689651919 0.549715258383569 0.61229820533764
-0.0732473343709492 -0.00477950221445807 -0.281805528686276 0.891205449007163
-0.0533788850114304 -0.0156312459445502 -0.658613065632984 0.291359575629621
-0.0508690171855111 -0.0218685442673303 -0.0307282569641399 0.106915210042426
-0.0588645411978218 0.0321833497049618 0.656401360588222 -0.271491664439329
0.00322095402947441 0.0336725597384187 0.21490281489904 -0.897805650796923
0.0502641472176885 0.00475512981587801 -0.655762347608542 -0.561552554713079
0.0421268997309462 -0.0257699562659989 -0.572183480358274 0.244002147080281
-0.0183984132705618 -0.0241218915300971 -0.0329584697851201 0.397030345057545
-0.0226085918682482 -0.00696199795806681 0.168070816193092 0.0786966579566302
-0.0185255312418322 0.0132291706952032 0.0565537247443225 -0.212260936676718
-0.0319605073744234 0.0147985375522191 -0.0273651744921311 0.206628990028901
-0.00231695964199208 0.00188293031610842 -0.138395958557619 -0.0725155476342724
0.0242786244661262 0.000149832178366477 0.0877710420177535 -0.401504846832204
0.0443415085207181 0.0333011302496153 0.527125374845399 -0.199290212622186
-0.00298874356559621 0.0375838316921118 0.556310555250219 0.600185281250905
-0.0678385398177179 0.00198781622941764 -0.274240473976657 0.889354950047699
-0.0556729478294091 -0.0108014776654185 -0.663018786170786 0.295850784415506
-0.05481820808068 -0.0195867157846424 -0.0419865122883392 0.105034344564177
-0.0593134664475016 0.0361003407530758 0.651193086985669 -0.267350818902107
0.00812640929742815 0.0403266054591021 0.224440351487144 -0.89753886377513
0.0560447522837121 0.0114767548540336 -0.649308759656282 -0.574643466725747
0.0431033203301947 -0.0177650626232554 -0.57441627206407 0.236923434352915
-0.0207708077991839 -0.0158874304668642 -0.0352483926729884 0.401701171347426
-0.0271016894817728 -0.00255415857096927 0.167430255202048 0.0839163908329357
-0.0243756715380803 0.0172463491778692 0.0587009614537064 -0.208661589332737
-0.0354361511127112 0.0210653694959693 -0.0280029972876132 0.207594532174861
-0.00529409954943043 0.00711910960062846 -0.141758671671103 -0.0658247423767961
0.0221448577864588 0.0083842585376864 0.0795790810740361 -0.397866658219935
0.0452402074506085 0.0416743729354405 0.524165096105393 -0.208454593681458
0.00210172275528338 0.0431484690460602 0.5678334902968 0.582754719156161
-0.0618241826481933 0.00956177247913493 -0.255969211372861 0.887865786347668
-0.0537761689758626 -0.0055781035759908 -0.661973666555973 0.301205873416913
-0.0553603730299159 -0.0170497562846105 -0.0541037982398644 0.104713479086275
-0.0582475542511602 0.0406123833739406 0.651328175381201 -0.254438435555939
0.0120149296010668 0.0466550986097203 0.24622120623759 -0.891084473160208
0.0584437139904946 0.0192499204503844 -0.632054397062522 -0.589035936025845
0.0438612662542267 -0.0101417100766984 -0.580487950373191 0.228086282490936
-0.0219543539875388 -0.00844267286438187 -0.0447370746941807 0.406232661563623
-0.029268752803491 0.00275122184445977 0.164916384189947 0.0917535696273297
-0.0276934857898544 0.021898632092694 0.0612731785890033 -0.205631217590822
-0.035913697606939 0.025427540255231 -0.0293937854231157 0.209774585591819
-0.00650077889040896 0.0129113697291933 -0.145879631617535 -0.0594309386172054
0.019006765178458 0.0153474362144458 0.0694119928893256 -0.391976986694116
0.0430908770389678 0.0466919615532683 0.518057701308464 -0.218309970460292
0.00612424714647195 0.0475580046012354 0.586067564571859 0.563620379894388
-0.0559864104370374 0.0135055124971263 -0.228955143903892 0.890537908870003
-0.047205180291296 -0.00107198029102878 -0.661215922041259 0.313601259706658
-0.0502917312594713 -0.014316058908132 -0.0677862921123749 0.105261354413562
-0.0534224927574795 0.0421891094310738 0.649255372342267 -0.240978452534833
0.0146566280699194 0.0496760203428215 0.275317980793213 -0.884562768795382
0.0585394285457762 0.0240750634306952 -0.612564858915062 -0.611555244919987
0.0434103695138585 -0.0027265703040446 -0.588126979513224 0.215880633351612
-0.0216143542115915 -0.00304320323651587 -0.056391910673193 0.412763476347262
-0.0298173984254731 0.00725467867272879 0.15831178422373 0.0986366041179053
-0.0292563410480542 0.0250710454323891 0.0602000909980084 -0.202657471557213
-0.00802993383081209 0.00326617249148628 -0.0451593390736702 0.197185187666851
0.0157830087047351 -0.0154617594145823 -0.164528242488812 -0.0685746102808457
0.0257324069489908 -0.0217896183845104 0.0525992761224382 -0.389209816549656
0.0192845001989639 0.0120810489835719 0.510810523964184 -0.200750701469449
-0.031971368650596 0.0197302102100134 0.599872330454657 0.587025417671244
-0.0730268597675055 -0.0218580873216644 -0.201361615031429 0.910308569421788
-0.0222578149435466 -0.0210474793403696 -0.621406777775271 0.325170435102744
-0.00820100735226064 -0.0205493495951103 -0.024626174647197 0.117908370759651
-0.0292132091169669 0.0215425673791903 0.677069172665424 -0.241690209257722
-0.00370793986052551 0.014720247647348 0.276139742128837 -0.873005509298941
0.0212048033912841 -0.00427684636649739 -0.614529044340098 -0.573344773733348
0.0211899364913266 -0.0361729080382961 -0.587122678449055 0.23534549785372
-0.0172858360208082 -0.0382711673312691 -0.0645279835870206 0.407387692920089
-0.00878696154989203 -0.0157494295020728 0.145626203426904 0.0826231136446388
-0.000347376766689486 0.00862651696918703 0.0383339070522968 -0.218029596781923
-0.012062073738404 0.00202276855942014 -0.0412993463575549 0.198151997034299
0.0123452404890258 -0.0161845797136743 -0.155989110058274 -0.0735642923126609
0.0261954734283417 -0.0229831182204764 0.0650773105630027 -0.392521068251401
0.0240606124426021 0.0114373458032366 0.518577775671344 -0.193026050704049
-0.0296143956042522 0.0197152063842832 0.579819037280087 0.599631943413622
-0.0757310825579779 -0.019789650563271 -0.230461887511445 0.903157030878142
-0.0306383392036476 -0.0225778030305253 -0.629236856409449 0.309975379066248
-0.0189013814880697 -0.0225662752171824 -0.0189976378176342 0.114975626129882
-0.037987074054423 0.0216265471551329 0.671950397200559 -0.254245076186969
-0.00474190764340558 0.017159557144242 0.245294238036485 -0.878476797579863
0.0270711941643949 -0.00577282073712614 -0.630831486330183 -0.557565609868511
0.0263251436372162 -0.0388269210608191 -0.579900036157298 0.243456549020952
-0.0159112251398726 -0.0383509424086565 -0.0520566434437627 0.399264766227219
-0.0107732756645056 -0.0158644524033907 0.152932091652022 0.0771472293074041
-0.0028393549625285 0.00827898996891756 0.0427467867284848 -0.218953319994812
-0.0166081327832272 0.0020055656813002 -0.0363778831276524 0.198815000239967
0.00844565363415646 -0.0137658081933691 -0.147765895231009 -0.0766829047054914
0.027551842577918 -0.021277105369661 0.07597452510431 -0.397225501484629
0.0302204505608727 0.0143926967432362 0.521560409510711 -0.189895015450806
-0.0246145058745219 0.0221590208331179 0.565338982449068 0.608635694609352
-0.0770576799924358 -0.0172345705620547 -0.252856763400824 0.898579705187473
-0.0400470260527779 -0.0219228429909034 -0.637183196350512 0.300331356232141
-0.0310902583747079 -0.0226600465050832 -0.0182763144774691 0.112648684740433
-0.0466976477398294 0.0241123824087429 0.663678808477231 -0.264496349411809
-0.00320394945581493 0.0202753165102507 0.223304690868015 -0.88438314055107
0.034038643464482 -0.00534212987842988 -0.645162154651058 -0.549864327556873
0.0329673679622262 -0.0368212405454049 -0.573802212423493 0.248499472427487
-0.0155016624418771 -0.0356743914501157 -0.0410979403507832 0.395062123348053
-0.0136708698169658 -0.0142049289183017 0.15888074357936 0.0744471975101226
-0.00711039023359946 0.00827160227029294 0.0456064551342502 -0.216951233743855
-0.0226447448303503 0.00584001958944492 -0.0323192853393129 0.201242923312182
0.00394259745227854 -0.0099908509154595 -0.141608456244464 -0.0756411569304235
0.0258606710723497 -0.0154362214238365 0.0834953162867935 -0.399715835713373
0.0362014089009988 0.0194010648577944 0.524521828605813 -0.190606419792296
-0.0181955426103772 0.0264078338278352 0.55390604909474 0.609355730097667
-0.0762418226003281 -0.0113058326837831 -0.26907716827145 0.893928612675946
-0.0482112893590463 -0.0194490968540439 -0.645610256855264 0.295453703522575
-0.0416298321347934 -0.0226745081466267 -0.0219065644286476 0.109312578941742
-0.0533529429868611 0.0281721829908484 0.655220626928851 -0.272496401205428
-0.000426236156348028 0.0266611471381258 0.209467281872559 -0.888324031328674
0.0428833363797772 -0.0013447293715176 -0.653334064996813 -0.54899040868826
0.0376247538661303 -0.0331844907922953 -0.570228458167588 0.24961779851174
-0.0159562954148888 -0.0302123635945586 -0.0331558857823135 0.39481170595378
-0.0182132090922061 -0.0110339610146545 0.1647405242895 0.0738259242521536
-0.0127047582114702 0.0104155341594661 0.051356721738099 -0.214619201926498
-0.0274876249818334 0.0100328504894366 -0.0287851666313527 0.204058712857316
0.00022754711922471 -0.00532282319864124 -0.138430208469082 -0.0746150833781776
0.0252591498835085 -0.0081558181168821 0.087629557134935 -0.399227760730344
0.0421542912194029 0.0253993829925263 0.524986666841182 -0.194853013171603
-0.0104985188647852 0.0316305148522164 0.552034340114601 0.604671455270842
-0.0733237439009722 -0.00515866915563291 -0.273858633645231 0.885759159877036
-0.0527851086949306 -0.01565874037391 -0.65223754114678 0.293171738238014
-0.0501342608890813 -0.0209971175988423 -0.0298794289517951 0.107191294613294
-0.0576333156447491 0.0321879165865543 0.648825807161052 -0.274974801878361
0.00322715663908706 0.0340003909224898 0.206714510590314 -0.891376980512045
0.0491968870221633 0.0042687026964478 -0.653677520961923 -0.552909649944924
0.041294475059262 -0.0254915578760369 -0.567216714168341 0.24561538553811
-0.0181673370619848 -0.0232578117212703 -0.0298435343296664 0.395404004271252
-0.0234964847916751 -0.00700206214951127 0.167392730563965 0.0774471399750849
-0.0185990883386956 0.0137421253870012 0.0546841949743311 -0.211640085759362
-0.0313855779266643 0.0158022180765606 -0.0259281827500266 0.205062276543973
-0.00320699362354507 0.00054092505070606 -0.137552823100046 -0.0701972759305727
0.0243921485095629 0.000332557637993867 0.082971375813571 -0.399669233278828
0.0453636954479515 0.0331775011261971 0.522725786426498 -0.201073855629946
-0.00227082719043951 0.0374248410112442 0.558798135089991 0.592264181377883
-0.0685077260930891 0.00272064361551118 -0.26615737843742 0.884922044675229
-0.054434170256199 -0.0100952383351995 -0.654850625923594 0.296888988900399
-0.0546478454267866 -0.0196065963331204 -0.0397839070144337 0.105292281462393
-0.0583188886287841 0.0365744862402229 0.645629612039399 -0.26890472736361
0.00788725006166966 0.0399530742046411 0.217135013332165 -0.888180912613642
0.0552057709568941 0.0109813659765438 -0.645981720007161 -0.565746040769007
0.0435228736828362 -0.0178946744152092 -0.570327947240192 0.239831294009817
-0.0202914298853768 -0.0147551370128524 -0.0327306117697249 0.400130011016348
-0.0266370594874926 -0.00203579389745767 0.166972842410238 0.0824322851030556
-0.0242566940278698 0.0176095716077808 0.0578593802638192 -0.207640616388275
-0.0347739317435676 0.0209964357790469 -0.026041385054889 0.206351161214959
-0.00482147973512949 0.00621671265680068 -0.140646584525949 -0.0644626236800072
0.0229738902885075 0.00833123864861293 0.0774783454784001 -0.395779164046058
0.0457051218031695 0.0405320368183158 0.518160106282083 -0.211299301317043
0.00213292899005447 0.0427307346647917 0.570191422071083 0.574745700760148
-0.0623512990223518 0.00906480344232826 -0.246159710622938 0.882822379053593
-0.0520624090253832 -0.00622882483948561 -0.65852783665163 0.3027897167416
-0.0547908463891701 -0.0172562752501259 -0.0524966691595582 0.104576427318256
-0.0568661541749533 0.0403132564644808 0.644230637774285 -0.257491595965934
0.0123208139494111 0.0465886768579217 0.238492808702433 -0.886867529558692
0.0581321229290578 0.0180319724099523 -0.632205035489939 -0.581182672114752
0.0444026026809604 -0.0102762959508145 -0.574797713127812 0.23189475788074
-0.0215600325172551 -0.00847084094581376 -0.0412573503049718 0.40394620784974
-0.0303385296503987 0.00308411434554876 0.164206325928745 0.0896929451980477
-0.0277724777658344 0.021793350494553 0.0593520483058182 -0.203780102146073
-0.0358014092071935 0.0252572358900535 -0.0273161914610451 0.207876378482469
-0.00570359907252621 0.0112372088075973 -0.145624405337639 -0.0574087497369431
0.0196308394220749 0.0148904268925406 0.0668114866603562 -0.389854211901384
0.0432570911033311 0.0454046656908357 0.51387632301923 -0.219913710779501
0.00628180976443856 0.0464849848569074 0.585918758858267 0.555265308158837
-0.0557939517154371 0.0131776995350392 -0.220184614931257 0.887401418338273
-0.0452756315933796 -0.00145418852761611 -0.65407943968464 0.314469465487237
-0.0497306836551438 -0.0142464092206039 -0.0654928420350864 0.103905243415861
-0.0520999101773885 0.0427335430960559 0.64273385181752 -0.245550286863662
0.0153283797679989 0.0499603236347758 0.267625260111527 -0.878462173591492
0.0588500825707489 0.0231166413606195 -0.611057374863594 -0.602734979550433
0.0426806390290831 -0.00342606152799374 -0.583009277872638 0.219456899499949
-0.0224392299758095 -0.00248983964789448 -0.0543789579177151 0.409973680318164
-0.0300286713240762 0.0072857691484682 0.158805061836266 0.0971903066433025
-0.0286934769701032 0.0253305343144965 0.0583181255761645 -0.200980900615743
-0.00777566590788438 0.00298626515533254 -0.0439867598863183 0.195112136848433
0.0152452921874758 -0.0163588374847042 -0.163015227403418 -0.0666602670130549
0.0262659435640146 -0.0228551737745327 0.049301060769284 -0.386945231437966
0.0206156525207881 0.0110325544946313 0.50548764051608 -0.202944966152246
-0.0323658875345649 0.0196783032826967 0.599036875660526 0.580148868348404
-0.0737298468457496 -0.0203260923557884 -0.193038604856278 0.905150676276446
-0.0196783758721166 -0.0213566075587792 -0.615870805274684 0.326211901524025
-0.00755730250402095 -0.0208923521907541 -0.0235818897058965 0.116533429494332
-0.0282553855902207 0.0217625608045546 0.669634834848771 -0.243729081318648
-0.00339769728889625 0.0158038457962503 0.268237906770088 -0.865537140637686
0.020868063182224 -0.0046890639861493 -0.612080086881337 -0.564289020116542
0.0219708495608204 -0.0362207632441784 -0.582683708146526 0.239235616466077
-0.017680243652976 -0.0374866508594411 -0.0615765435680336 0.40472601647105
-0.00938367782134198 -0.0150357089071997 0.145698349894869 0.0823505179422027
0.000190796218574625 0.00928171214180285 0.0383465235019629 -0.216379179142554
-0.0117660250369502 0.00206302412917452 -0.0404182545013652 0.195907372047947
0.0117155180867921 -0.016333011090376 -0.155629277076737 -0.0711074935658671
0.0262666387027897 -0.0232539282997226 0.0611595338703632 -0.391742268220015
0.0254024974847852 0.0116302022363973 0.512648796286372 -0.196699967761024
-0.0288036041026947 0.0200315076231557 0.580817470970687 0.592529003203018
-0.0759733966506898 -0.0201813811324084 -0.224608710414042 0.899566905477882
-0.0290345956582164 -0.0221716476376627 -0.622025231043682 0.312533479631883
-0.0184608361933333 -0.0226966209245868 -0.0179607099850823 0.11452354621182
-0.0369798087713383 0.0216245155741285 0.664272993170437 -0.255897763818273
-0.00474226896863198 0.0165077205002715 0.238024542336295 -0.872414441160828
0.0259963851459728 -0.0059383120988253 -0.630561334601145 -0.549756785897587
0.0270470036829041 -0.0390921701809739 -0.574184680343119 0.246998377197787
-0.0151509932016866 -0.0375466795184914 -0.0492388382331201 0.398698705948477
-0.0111457939493017 -0.0160009475409661 0.153010772262883 0.0762662822683722
-0.00359685819177151 0.00786127070932767 0.0414875077117138 -0.216681918339064
-0.0159124716211389 0.00231689376989682 -0.0339294247457688 0.196825580982215
0.00836446359627993 -0.0145645905621169 -0.146768728301399 -0.0736020722044558
0.0253704982825969 -0.0201327508599026 0.0740168949355796 -0.393729142035248
0.031511229301673 0.0143776897186841 0.516288030999768 -0.193040362511626
-0.0250067974677871 0.0221364758231955 0.563878310891951 0.601189053942168
-0.0766793624686318 -0.0171322453276263 -0.247190575388923 0.890789336148019
-0.0375390509006793 -0.0205775387762576 -0.630459731650041 0.303504378060306
-0.0307544755650303 -0.0226093407772347 -0.0171258429013032 0.111977121576651
-0.045427975768772 0.0241973887767033 0.656539930708866 -0.267894258257419
-0.00378040361100336 0.0203439593236119 0.215820127260224 -0.88018876826317
0.034037406861286 -0.00557766093683362 -0.645279783562286 -0.541155119031441
0.0328583278879486 -0.0374778582436706 -0.567224345825035 0.250209108934606
-0.0149970383567714 -0.0350529438019945 -0.0381812378150508 0.39296535280918
-0.0137514046725104 -0.014065403127386 0.160491558630384 0.0729493471720289
-0.00744819640076275 0.00862018560803185 0.0453015887649952 -0.215597323709339
-0.0219675642558677 0.00597554659886372 -0.0306713374810885 0.199444169537935
0.00401878975837732 -0.0109225109625013 -0.141528483575997 -0.0752139828481253
0.026758034464373 -0.0155438054414292 0.0799391597347924 -0.396727310600727
0.0369818537654981 0.0186514501496338 0.518806636085928 -0.193572402118485
-0.0177119444987936 0.0263430207435119 0.554342461961431 0.598839660231641
-0.0761775985485745 -0.0111486988237993 -0.263626734070195 0.88680063036039
-0.0461359408069335 -0.019037964647839 -0.640331227602269 0.296061495117302
-0.0413074996532339 -0.0228334485775112 -0.0214708703723653 0.108326568285757
-0.0522010517043284 0.0275473746229251 0.647918757653785 -0.275003412786322
-0.000440058969313449 0.0261427891088831 0.203926586777744 -0.881380777248165
0.0421130750357522 -0.0017608907934873 -0.650879038098336 -0.538466455935464
0.0378177060316495 -0.0333451671309904 -0.562838941252675 0.251727557033787
-0.0162663201092648 -0.0293886202731505 -0.0306571545511227 0.392358256753871
-0.0188321250932066 -0.0106815513853594 0.163942227451376 0.0732716852903205
-0.0137305904193343 0.0112997968663717 0.0512322671336633 -0.212358759537712
-0.0268557322213199 0.0097967900674661 -0.0282456151584324 0.201471790431771
0.000524695102903603 -0.00594741661854865 -0.136964221391369 -0.0732692386812576
0.0254428969790136 -0.00816948806277287 0.0834912926681709 -0.397665091782047
0.041456226134397 0.0242037557736444 0.520515517017633 -0.196516591730045
-0.00973461970717524 0.0314205050217021 0.551079827420417 0.595901330966631
-0.0732973815154655 -0.00436198737113623 -0.266638718958328 0.881351561979299
-0.0512295288829511 -0.015053649821684 -0.645873686506555 0.2952967584325
-0.0493082362416334 -0.0208981345162048 -0.0292199607834704 0.105889569671204
-0.0565752658206408 0.0321067026762177 0.641171847644707 -0.275725304279013
0.00386988460581838 0.0325055551174684 0.200517434981723 -0.884624380166081
0.0493305606009015 0.00342508498679826 -0.652410268578819 -0.543217867560541
0.0413982392430358 -0.0262965955359837 -0.56237408205811 0.249672705549124
-0.0179539751347756 -0.021749503272169 -0.0279192376615229 0.393488535957307
-0.0232366429793803 -0.00628206037810364 0.166684564142449 0.0762566775887118
-0.0188864487430758 0.0140240654287935 0.0539480478541618 -0.209553539416489
-0.0315319346856657 0.015622268469405 -0.0249019973362171 0.203038517626831
-0.00243655503810683 -0.000220107472261503 -0.136990181608548 -0.0690382433433933
0.0244979087863908 6.45759012531328E-05 0.0812218826981378 -0.397042439831681
0.0460729951165242 0.0325137738568535 0.516355399537814 -0.205250777478291
-0.0037117436367987 0.0367828254291831 0.558172239946829 0.582736917679459
-0.0683816875756635 0.00236741529427541 -0.257965806437357 0.881116173563938
-0.0530690529909889 -0.0107738339131677 -0.648842293652726 0.298334530488915
-0.0538001965666824 -0.0192055040357341 -0.0393838397964088 0.104890188741233
-0.057824313190722 0.0368169994805939 0.638628519101779 -0.269859711799546
0.00824809345009265 0.039241452711009 0.211049952629177 -0.884682067932681
0.0550622006556569 0.0109434356660139 -0.64543111592502 -0.557458899905382
0.0435570726930097 -0.0185341822621207 -0.56343694609108 0.243158290600763
-0.0197517463292816 -0.01481023746423 -0.0295185875760957 0.396461408231401
-0.027284510319505 -0.00195253822043253 0.166948543530417 0.0814071233376018
-0.0236536522783481 0.0183320797983462 0.0569475925095865 -0.206719607952567
-0.0344248204471408 0.0209431766925337 -0.0251605278869669 0.2041970583582
-0.00437956943637821 0.00539024873811959 -0.139481455239897 -0.0633199901476882
0.0225720264388669 0.0071586916337852 0.0738563259961784 -0.394056651106862
0.0462394717546968 0.0397013519590454 0.513813839089914 -0.211337479312523
0.002622166254373 0.0429899843741045 0.570283318104344 0.564972168328215
-0.06249834515989 0.00845541894937227 -0.240324875350769 0.87941587426387
-0.0506835492814015 -0.00594630612844563 -0.649960753798678 0.305792280995143
-0.0539815788802347 -0.0169221833832527 -0.0515606140387009 0.104597920127701
-0.0566555082597351 0.0409940700306639 0.637210077730122 -0.259809613677524
0.0120619941001398 0.0457640220319725 0.230585852915084 -0.880146347558709
0.0584653946844752 0.0169664888100459 -0.629553663364801 -0.573750249161376
0.0440989580889678 -0.0109299266473669 -0.570199820532087 0.234983815511039
-0.020346530034444 -0.00800789887222221 -0.0384066194783606 0.40259457719025
-0.0297515330048832 0.00293044481912827 0.164341945227227 0.0884949126550624
-0.0272914073579536 0.0219053757720033 0.0587362288721167 -0.202811235213402
-0.0352692194561943 0.0261433374640297 -0.0253806022455317 0.205218103510375
-0.00521688627090768 0.0105756467838306 -0.144458868339518 -0.0558837524424417
0.0196973037182368 0.0139235657519977 0.0639488258971868 -0.387810795136071
0.0440921196608075 0.0451651317528021 0.507749643922171 -0.222253701367272
0.00616007877105122 0.0465651704477501 0.585826404611782 0.546088245595268
-0.0564561315011342 0.0137580445949404 -0.214260346475285 0.882106199680249
-0.044684513383415 -0.00045982646389086 -0.645702261815604 0.316055280541141
-0.0486237455409868 -0.0140273486169885 -0.0631769933255196 0.104894916701621
-0.0509370237042854 0.0421819623136984 0.636271476893169 -0.245551917358706
0.0151932030264997 0.0481329035583853 0.259320419356247 -0.873198390079134
0.057946345671863 0.0225270499093716 -0.609064908852792 -0.593840128546129
0.0433503000471322 -0.00442172310335866 -0.579086282165719 0.222482100450273
-0.0207597000829705 -0.00252919139615123 -0.0507697219656345 0.407318384619824
-0.0297158432864223 0.00707792731260508 0.159128194885698 0.0954744176453508
-0.0286752635773349 0.0255502308373478 0.0578697340909055 -0.199861413510689
-0.00801895516516049 0.00348935082157144 -0.0424877439748612 0.194003401459878
0.0151356339766362 -0.0161545768258018 -0.161780532924675 -0.0646471303524408
0.0262874704376785 -0.0220302833692254 0.0470243159138815 -0.38448224448835
0.020748888283326 0.0117817851996246 0.503251310850685 -0.202705471584756
-0.032364395613061 0.0185155998257324 0.597983410042455 0.5718392915739
-0.0725863774657846 -0.0207819134622372 -0.188430821932745 0.89938417930676
-0.018596702221005 -0.0222958407506659 -0.610314111727037 0.325905220995862
-0.00748305463249998 -0.0205853737983265 -0.0226095333912274 0.115834070663734
-0.0280310419034599 0.020819541158619 0.663598432020066 -0.2443982285526
-0.0033660461231183 0.0145688674663125 0.262936036494769 -0.86108038027712
0.0211054919360884 -0.00518058573765265 -0.610335093349277 -0.557075422008603
0.0214596394250653 -0.0358701239448245 -0.578841774575068 0.240448954382461
-0.0159391673214174 -0.036033494128891 -0.0595314925260232 0.402452827597099
-0.00901821488744881 -0.0151736111224456 0.144997592003205 0.0813071652581692
-0.00110481033634146 0.00915448843593033 0.0377284567044074 -0.215056258781014
-0.010832306127079 0.00268802953331045 -0.0384491638565961 0.194855706465006
0.0124708114168873 -0.0173253537345974 -0.153789481100528 -0.0703197757211749
0.0268580276706738 -0.0222670423985387 0.0614302912309883 -0.389308669078876
0.0259506701670266 0.0104472467553167 0.507844888857072 -0.195569111189361
-0.029914825462179 0.019667884745451 0.578982345403555 0.584899675375379
-0.0754289199784897 -0.020356628111578 -0.219179837603839 0.892015175644222
-0.0280092637076122 -0.0226949580175675 -0.616395247346764 0.311041972774044
-0.0186840958522655 -0.0229201793567887 -0.017306733644219 0.112982927652272
-0.0368300453642879 0.0221530328149801 0.658602489461901 -0.256897494734857
-0.00542770815269174 0.0164629064998906 0.233129288317353 -0.865679886716077
0.0262019098633738 -0.00607358711460908 -0.626014984257714 -0.543015095378086
0.0263825330635675 -0.0391863533292796 -0.569313980607137 0.248451710418473
-0.015050300675232 -0.0369145256906472 -0.046707340415353 0.395995023782084
-0.0116634762022669 -0.0155794860630496 0.152624377745781 0.0758795353930314
-0.0039203048959456 0.00930455449095725 0.0412274636297319 -0.214801658312621
-0.016174926175147 0.00264273400047353 -0.0331716197409151 0.194299012486108
0.00841113086176035 -0.0159552568954827 -0.145626083566427 -0.0727016865354372
0.0269647942682927 -0.0204851227415688 0.0717760611745031 -0.393102678633978
0.0314709213811869 0.0133144893436919 0.512745477168932 -0.192054608572493
-0.0246962296640898 0.0218506889802941 0.56536361942578 0.594133063208771
-0.076330296261002 -0.0160628127648525 -0.240947152323547 0.887052012245855
-0.0373538494711129 -0.0203795068529192 -0.62486864935821 0.303265509688567
-0.0297931775178081 -0.0228983533239471 -0.0151932183540035 0.110992364120071
-0.0454501556113061 0.0242951468006421 0.649208239232981 -0.266342633653546
-0.00331643375997744 0.0209937231022527 0.212024884957477 -0.873490040602169
0.0330059034652097 -0.00567015530581252 -0.640843856576744 -0.533984027569143
0.0323730097254081 -0.0373278233952756 -0.563075307047413 0.252582993616937
-0.0153074373052758 -0.034260406626629 -0.0366569290031045 0.391241449624714
-0.0144579979667558 -0.0138457666091474 0.158111362982431 0.0720055556868794
-0.00803000262823837 0.00910672128762988 0.0449435918195529 -0.213204280071547
-0.022076551966941 0.00549886023241942 -0.0298865969049485 0.197433509594438
0.00391414979484019 -0.0126223603203844 -0.140943850205764 -0.0732844614370061
0.0264947552593909 -0.0155979409390602 0.0788827987624373 -0.396708368760421
0.0371034057619573 0.0178167901546466 0.513678904063838 -0.193533212272213
-0.0189468909838081 0.0261899452944628 0.554446610213725 0.594222849413729
-0.0755481586130997 -0.0109748959444202 -0.255503110507175 0.881977111426835
-0.0450438670087355 -0.0190428966473565 -0.632254622234627 0.296113631200459
-0.0405254633159723 -0.0227998340656223 -0.0203523781163792 0.108193793389215
-0.0512002958918551 0.0278170873332213 0.643299259461026 -0.274258008628879
-0.000789308366185931 0.0257716601600366 0.197932428207532 -0.874200810973547
0.0415230972997408 -0.00281856797251045 -0.648907149821881 -0.532642726512402
0.0374109734872918 -0.0332214047701505 -0.558028520754205 0.253772952135427
-0.0160888107709154 -0.0281309456455156 -0.0278249847419054 0.389670078498518
-0.0188661896311721 -0.0108908825131318 0.163555358151645 0.072317982360469
-0.0132896962757869 0.0112703228811062 0.0503394087166174 -0.210876122072377
-0.0268931907536629 0.0108460023385003 -0.026527336711124 0.20045351328312
0.000396691788764493 -0.00696209830423916 -0.136267655226742 -0.0727846898087248
0.0256404597114827 -0.0079007456478481 0.0813028315484525 -0.396374663361447
0.0415889420567741 0.0246053245515928 0.515693268332741 -0.194953458555579
-0.0112398355987813 0.0305376302659203 0.551371328227467 0.588922400807008
-0.07301256212667 -0.00445886153614255 -0.26045746871251 0.876743274212594
-0.0502440510941673 -0.0164027806864328 -0.639649742607776 0.294214238359729
-0.0479325923055708 -0.0214637499462527 -0.0276847228283005 0.106369427147357
-0.0551149658484089 0.0326838836339859 0.635751563867033 -0.274999735305001
0.00455419686190161 0.0322184654363619 0.194291759161643 -0.878937037419507
0.0492911516141946 0.00385821911152336 -0.648538143949522 -0.536556145244399
0.0414445796491167 -0.0266627477431411 -0.556872235097184 0.251129072662786
-0.0176287954016923 -0.0212766203255083 -0.0258420536333882 0.389828100328793
-0.0234130065810281 -0.00645803791922947 0.167326750397172 0.0747971148931024
-0.0194786627504494 0.0144713107584029 0.0535576745011531 -0.207945113452994
-0.0303074102361644 0.0160583806675524 -0.0247163228742866 0.201019792263554
-0.00229278614527299 -0.00107048337375477 -0.13578125346991 -0.0671514810991832
0.024444460386226 -0.000937664814213396 0.0777081607928432 -0.395935261393697
0.0454011346633077 0.0314445123109454 0.513210735609487 -0.203646076426119
-0.00390010726328353 0.0365315202438531 0.558731799094665 0.576245828701998
-0.0682138371724569 0.00257506912177184 -0.252021918836569 0.876792591587759
-0.0515352189997439 -0.0110493875174591 -0.642701918281625 0.297666285482592
-0.0532852690491127 -0.0195182688606744 -0.0381591584827392 0.10434890305302
-0.0570319609728541 0.0363742052340633 0.633576081723618 -0.270759392948206
0.00829684212755309 0.0394872785881557 0.20614264084505 -0.877846559892416
0.0538975498227656 0.00967747212872736 -0.642072988375975 -0.549557713582894
0.0430105829542764 -0.0189549191612967 -0.559941960457388 0.244251380292844
-0.0189926318133619 -0.0138422098422145 -0.0294319994464954 0.393557654570331
-0.0273208157975705 -0.0020632309660336 0.166173086087616 0.0799320733195635
-0.0236937508867035 0.0191112840474167 0.0564677871553175 -0.204654358392709
-0.0336863419259536 0.0219677706451322 -0.0237619964199233 0.201985810923303
-0.00484254030257125 0.00503642405675016 -0.138544783628483 -0.0612889355637014
0.0222269819351494 0.00746583058146332 0.0719432113778587 -0.391695262071808
0.0466584295789276 0.0385018610949446 0.508614359676662 -0.213495279397769
0.00248484430699527 0.0417841758346661 0.56979724858081 0.558821126077761
-0.0618225222284023 0.00953070168181793 -0.233091437222506 0.873162111261351
-0.0499035486723311 -0.0062952277806975 -0.643802106037242 0.305113608948657
-0.0532676340137511 -0.0164903594520607 -0.0496761384468629 0.103860343990848
-0.0548372401477836 0.0408117685596372 0.630360979731794 -0.262044407064448
0.0128214167172248 0.0445191611117532 0.226875884490653 -0.874442682747017
0.0575059852234054 0.0165881250070053 -0.626327055082569 -0.564614435738026
0.0439499288603491 -0.0113982218297272 -0.56500634326641 0.23565127444282
-0.0205385264315127 -0.0075803508009445 -0.0359801042958484 0.400718114486285
-0.0298892315973168 0.00298801489805605 0.164324373416302 0.0878042990994706
-0.0268458688021644 0.0229142905076763 0.0580882469389736 -0.200886514129639
-0.0337937704087878 0.0262119059969705 -0.0243354421895937 0.203146938627184
-0.00541404075429743 0.00970279887688948 -0.143473125863057 -0.0548412291261252
0.0195606029211535 0.0140793149115043 0.0622784703626909 -0.386528364412352
0.0449264515022909 0.0440396197220153 0.504148275215093 -0.223831555458883
0.0051064002343708 0.0458231583648176 0.584908716138578 0.541200268257281
-0.0559433963012661 0.0143876648288132 -0.208119912258495 0.874722298699606
-0.0436821735022578 -0.00147256401357201 -0.641403350745452 0.318070572921049
-0.0482984253468207 -0.014337859554956 -0.0628204967099085 0.103684691439733
-0.0504520750539464 0.0423429182466272 0.62830993180769 -0.24608401890553
0.0153866900354412 0.0478095619184331 0.255473225648072 -0.865982422724737
0.0578106967721431 0.0216323870093276 -0.607685356138689 -0.587693656490863
0.0432925301032781 -0.00403582014350156 -0.572995181884372 0.223496786849239
-0.0208750906381005 -0.00199131878947133 -0.047549078345465 0.405261032862378
-0.0300408601922152 0.0075516352034507 0.15851263737506 0.0942971416189151
-0.0283259570179917 0.0260755763707838 0.0570628766522562 -0.198304068588754
-0.00771947219684721 0.00421643540662198 -0.0413356333944071 0.191120252117231
0.0152594656800594 -0.0168250221829113 -0.160109834813485 -0.0638602556407458
0.0260520531092592 -0.0218226435470268 0.0458630044034992 -0.383588443760109
0.0216874227144662 0.00998074659753543 0.497057363872743 -0.203668913741387
-0.0324748772993408 0.018840207737999 0.596090148331299 0.564339319228904
-0.0726850328272456 -0.0209639336791112 -0.185989467984775 0.893991565707489
-0.0177431889614468 -0.0219773716919912 -0.603885739481967 0.326063613555953
-0.00680405621678795 -0.0209141194112244 -0.0220819071424878 0.115462936945352
-0.0267703182144433 0.0204554084508186 0.659729526731074 -0.243781437793589
-0.00358258834994318 0.0147273528523062 0.258417881330015 -0.855182808259408
0.0220404996641561 -0.00481620161500694 -0.607099406538233 -0.55164950511067
0.0222247141132251 -0.0368133220539011 -0.575551112950501 0.241146285988108
-0.0160641211120583 -0.0351357637368999 -0.0573469264805638 0.400660646994072
-0.00946610575701981 -0.015050064781807 0.14490901360143 0.0805238179432324
-0.00167190606240941 0.0102989925530873 0.0368626714661741 -0.211982972598964
-0.0111611692827551 0.00237149848431329 -0.0383412334065169 0.193100895185232
0.0110244807541572 -0.0172778979597858 -0.15253490745048 -0.0678708312304526
0.0264163391592352 -0.0224518933084606 0.0605291239065364 -0.388550419443577
0.0260122106475369 0.0107816015543748 0.503071073852703 -0.197271759793245
-0.0300564461974481 0.0200194850510468 0.577327190134028 0.579214841665023
-0.0755156505597947 -0.0197193180396201 -0.213290773326251 0.887084636962442
-0.0272922404790435 -0.022256736154617 -0.611205429542478 0.310814107073234
-0.0178042381396894 -0.0226330706449042 -0.0163023385069805 0.113349399225143
-0.0359335400562193 0.0217509190609684 0.653107567298102 -0.256693530699659
-0.00466025789067916 0.0155970404904818 0.232105959768162 -0.860157564543499
0.025547388357069 -0.0065386162872779 -0.624982173301907 -0.536441885499284
0.0276342172202226 -0.0385879130879891 -0.565735190211683 0.248172527026179
-0.0150365171973345 -0.0359959872448005 -0.045865492362137 0.394055156384695
-0.0120645357621757 -0.0151677930699545 0.152191365091716 0.0744629473316262
-0.00447288915824573 0.00971440016926086 0.0420874393969321 -0.213086281979626
-0.0165152024462698 0.00270061954755775 -0.0331151574427029 0.192940626733493
0.0080870984211207 -0.0158930774533205 -0.144879600389662 -0.0720348863323677
0.0256553971831617 -0.019863103529074 0.0702508786638727 -0.39032842139351
0.0312334694421963 0.0129999183405149 0.508914705925608 -0.193536651120278
-0.024412531420254 0.0208349027280146 0.561981865929271 0.588022709481523
-0.0764641460326986 -0.0156022579284852 -0.23638297291374 0.881845583797877
-0.0356239397716235 -0.0215738908977238 -0.620528075064954 0.302022858362809
-0.0300015131116276 -0.0232878842310715 -0.0156058712866406 0.110520857591373
-0.0442588844874323 0.0232512638640629 0.642789728407713 -0.266936116018147
-0.00278236813534385 0.0193523352642179 0.20931862477118 -0.868141617930785
0.0337264735868123 -0.00630505877112218 -0.637529339202811 -0.528902508295957
0.0327713170217366 -0.037735033206869 -0.558036617925936 0.251645201400979
-0.0150671347632797 -0.0330450163582598 -0.0348772285489206 0.389882604414251
-0.0146612856437271 -0.0144076211674545 0.157099557452094 0.0720348767607197
-0.00786534824521341 0.00937249032659577 0.0443309088717997 -0.211914674240487
-0.0216754317266138 0.00637386248628684 -0.0297054317411004 0.195692043550687
0.00415214371356289 -0.0129408664479827 -0.138638773786943 -0.0725902185489154
0.025903154953207 -0.0154928223387456 0.0765818265590565 -0.393575671766565
0.0377521940321447 0.0183859892631664 0.511316061062291 -0.1941510251977
-0.0176546289299798 0.0251864699782905 0.552912093448339 0.588357548354271
-0.076021191145453 -0.0107148964616805 -0.251737111771519 0.877119969329652
-0.0437489883024532 -0.0194399840629845 -0.628226761638479 0.295874203369461
-0.0402999829000128 -0.0224132247620465 -0.0191469436477949 0.107789057409739
-0.0507787544476576 0.0280246668404239 0.636513532000431 -0.275331602730417
5.74576847599262E-05 0.0255921530867643 0.195095245501679 -0.869374831326316
0.0415428951460114 -0.00219572696732852 -0.643651489578408 -0.526115694819707
0.0380393045372884 -0.0333488638756517 -0.555252236262706 0.253772512529724
-0.0152739248254803 -0.027323004480426 -0.0266159731387093 0.387818427052516
-0.0193768972980619 -0.010755235432533 0.163185681056056 0.0720370321828152
-0.0135428047533448 0.0126528009720716 0.0499139150068614 -0.209489149313842
-0.0266708315088951 0.0107150404878557 -0.0260170331678126 0.197200200542529
0.000218775872266469 -0.00783704419110838 -0.135350351659935 -0.0704849712117297
0.025548095985537 -0.00800266044497205 0.0805708980507699 -0.395288194745303
0.0417400054696816 0.0246272317827753 0.510795223637484 -0.197507606439206
-0.0110232308788032 0.0310731840824588 0.551780667437773 0.583017764717408
-0.0723281095279742 -0.00359303442505914 -0.258206014011619 0.870134417224976
-0.049466049210789 -0.0156850238416914 -0.636202460497079 0.295505611003182
-0.0479024081641596 -0.0214737137003141 -0.0270046338528294 0.104503693735456
-0.055196629835732 0.0318072518214767 0.631453837859539 -0.275706656335926
0.00360626999944387 0.0325787079990966 0.193365786735723 -0.873173926038597
0.0488882314170061 0.00340955538101075 -0.644818762502527 -0.53078393628602
0.0412758614499213 -0.0270950036343916 -0.552927595999983 0.251369735873879
-0.0165787907666921 -0.0210706471616431 -0.0254260945036527 0.387420465897553
-0.0233469535128108 -0.00663375096077854 0.166580088010541 0.0740491911803962
-0.0192936121620246 0.0144021922274515 0.052923931236923 -0.206738807222693
-0.0305380590699424 0.0161091473962435 -0.0234338019257062 0.199840478419075
-0.00257569282980394 -0.0018180513361033 -0.134635553220233 -0.0668710342293901
0.0239032428675233 -0.000663881474372332 0.07741182551975 -0.394321066699768
0.0465023731078493 0.030821863540003 0.508589587684109 -0.205824649067445
-0.00445483588373931 0.0366220071887623 0.557472436391589 0.571956585510605
-0.0678603789957449 0.00292270202349935 -0.247948627265398 0.869281297860462
-0.0507307243824535 -0.0114296169052087 -0.638211302626763 0.297773609501502
-0.053083763986755 -0.0190691583327225 -0.0373420163556793 0.104285881751987
-0.0567254862508486 0.0362451341384375 0.626139173102434 -0.270268994209856
0.00897603867835686 0.0384140019690914 0.204472074418146 -0.871687163816514
0.0535000611817358 0.00937690701086648 -0.637187739783916 -0.541428043975516
0.0434433747869619 -0.0186551722008186 -0.554885224656226 0.244665756087938
-0.0183926500688266 -0.0137119096448086 -0.0267106525669421 0.392147375899366
-0.0279596551304879 -0.00202246212552392 0.166109626233928 0.079986065786973
-0.0241872906259745 0.0189770027385538 0.0563684782759899 -0.203672058258358
-0.0325634420367648 0.0217850963480422 -0.0230073384542346 0.200834455490931
-0.00393213765295973 0.00432745902717904 -0.137778441122423 -0.0605654357165182
0.0224133450410122 0.00656295516933894 0.0692556226787472 -0.390063037543716
0.0463728803473405 0.0379171808091522 0.505609926597828 -0.212966194843351
0.00140894982561439 0.0413945260739641 0.568786945734547 0.555519122423496
-0.0616523753004318 0.00913922294718043 -0.230417173675498 0.866833443180565
-0.0487486523236968 -0.00691662934797407 -0.640307407595793 0.305878864533837
-0.0527674890368598 -0.0171446116686703 -0.0487995244869532 0.103348548744786
-0.0539213403032929 0.0400226567813924 0.625492652391162 -0.259756482627834
0.0120912873592633 0.0447979904402995 0.222430259281796 -0.869144248749941
0.0572363612474924 0.0162203369146782 -0.623225454092813 -0.558165218380697
0.0442462378959762 -0.0115669594870488 -0.561517718505096 0.237526532228171
-0.0199519742872903 -0.00696067530916602 -0.034293490559079 0.39771912967452
-0.029746131899692 0.0026492800332046 0.163498151584265 0.0863401680466593
-0.0275873407793459 0.0234151681519813 0.0573661360382892 -0.200037638177027
-0.0334947719982484 0.0263202493564561 -0.0236699327199145 0.200366872792054
-0.00524334530906727 0.00861412077094791 -0.142510242981315 -0.0542685505436635
0.0206578152214748 0.0141594921643233 0.060853269627364 -0.385164758829608
0.0449804068883104 0.0429272810634933 0.499469665473987 -0.222092161150255
0.00479902418861662 0.0452850286088301 0.584695012523843 0.53448248769656
-0.0555191212951819 0.0134573761724686 -0.203715302871933 0.870588897924369
-0.0434108539116282 -0.00187808503422547 -0.635867284129708 0.316845730486758
-0.047823657374559 -0.0140480535313049 -0.0607509464012577 0.103849059503321
-0.0499652490797126 0.0410128906737747 0.623261271156541 -0.246670675396902
0.0156170753617147 0.04769063681176 0.252405752555103 -0.863168346185992
0.0571061702540913 0.0211394321564139 -0.604803456871608 -0.580377814333088
0.0437865961855765 -0.00527111969920459 -0.57041519864807 0.222914552260993
-0.0199852991072128 -0.00165873077823736 -0.0471357716563834 0.404321149299933
-0.0297808628471772 0.00647446643110219 0.157577236133349 0.094785847821508
-0.0287937272803611 0.0263953943998994 0.0575025367557325 -0.196705906212784
-0.00732879661474802 0.00451745022496065 -0.0420048358750898 0.190237207998377
0.0146015401331089 -0.017293748024603 -0.159424812477085 -0.0642729734972944
0.0259106860966449 -0.0215921032321989 0.0462558995269959 -0.382095940787491
0.0218520192979484 0.0102233920612741 0.494193571930459 -0.202836063219345
-0.0329648433184623 0.0192068308633499 0.595249323111389 0.561066012930736
-0.0727371100416877 -0.020105017545507 -0.183130752709424 0.888542595847813
-0.0163431035129352 -0.022512349198783 -0.601426588263816 0.323699328614144
-0.00673989802966137 -0.0212028909861548 -0.0209887055372139 0.115093051141211
-0.0267661037899643 0.0204631208577474 0.653821256523535 -0.243204310864057
-0.00290533399361595 0.0145435231918952 0.258098818576595 -0.849832798063602
0.0203699645264507 -0.00553372107384209 -0.603774240674401 -0.548243801839927
0.0227138107143054 -0.0362869568522443 -0.571076551346727 0.24161232458605
-0.0146384403898587 -0.0340139244650568 -0.055212864147887 0.399338432318745
-0.0103838104066869 -0.0149118556109425 0.144697166126363 0.0806474410664935
-0.00104515413318381 0.0110204036366126 0.037465592543782 -0.211137409309788
-0.0110853078753876 0.00353218640058081 -0.038202068424443 0.1912438545143
0.011893927820614 -0.0186460502668883 -0.151717425176053 -0.0686260692092739
0.0260303527111532 -0.022561197259466 0.0588632936383506 -0.386366171744635
0.0267316583270914 0.00919818663179337 0.50046188441889 -0.195761532570873
-0.0302621816493983 0.0183992443117337 0.575264441611174 0.574614177567772
-0.0745360917941446 -0.0189588707452775 -0.212352469260088 0.881627583997641
-0.0260001193688222 -0.0226811860251389 -0.607968339238123 0.308916347108924
-0.0176581126219119 -0.0228730758833907 -0.0157524851552178 0.112594133682947
-0.0354582343450607 0.0215123421160663 0.649141073831998 -0.255874907968622
-0.00336087075844917 0.0160201737198908 0.228417054779746 -0.85489762552021
0.0258146788904234 -0.00618216109073102 -0.619816384821166 -0.531567055345383
0.027320085290516 -0.038476193266166 -0.562451629498836 0.24881717873079
-0.014134629466373 -0.0352844770594848 -0.0449352899338133 0.39134332786346
-0.0126560900781767 -0.0153015081692771 0.151614527434153 0.0747043426771105
-0.00441919416348959 0.00981870382751428 0.0409884816131623 -0.212021823944148
-0.0155824423514072 0.00391322542001131 -0.0333566804286354 0.191928631085502
0.00802312770870585 -0.0174430442671546 -0.143675904273934 -0.0713786719245944
0.0261594760191629 -0.02081677262041 0.070296907878074 -0.389470230930696
0.0321220918538381 0.0131196059746931 0.506253368876072 -0.192825988201006
-0.0254977343743638 0.0214193161260247 0.561323445706231 0.583679260583944
-0.0766370153659297 -0.0160827986779714 -0.233269908246518 0.876786902860321
-0.034158220340668 -0.0218594094716994 -0.61770685028493 0.301954090516502
-0.0283876633082178 -0.0234065512650889 -0.0148243655080198 0.10916765716096
-0.044006233147006 0.0235322223179089 0.638827770522414 -0.265291331832666
-0.00281980953476576 0.019214597283186 0.207598000382065 -0.861778684172734
0.03329293695901 -0.00583807057328856 -0.633431712325372 -0.525602267223424
0.033021111866104 -0.0375923679966765 -0.555957225736603 0.251503849999895
-0.0143832091933325 -0.0320832686139176 -0.0340690647304823 0.387769186716285
-0.0158940301688213 -0.0144249675460795 0.157284094893578 0.0719371700125787
-0.00824307004286306 0.00980478684345584 0.0445774333538287 -0.210415333091162
-0.0208071315527535 0.00646077041108982 -0.0287332114144667 0.19377592061489
0.00341937099733999 -0.0131865913947209 -0.138583126968869 -0.0713549311306835
0.0267697255328503 -0.0151788762948573 0.0764941673713318 -0.392560152211585
0.0378139191429281 0.0177644798151431 0.508002167733648 -0.192748844601419
-0.0187128554153226 0.0262567512931639 0.552404540358609 0.583148238347059
-0.075069716555981 -0.0106027837483568 -0.251171936431942 0.871212321131863
-0.0428065977155783 -0.0197072264330402 -0.624424195610242 0.295107642993469
-0.0393042328585762 -0.0225849352069555 -0.0177354244333729 0.107706082597049
-0.0502825033677425 0.0281254944017633 0.632875981953973 -0.274046684255778
-9.03170990061222E-05 0.0246747769990913 0.193983291966307 -0.863514265206867
0.0414325743291155 -0.00317186400692246 -0.641944225799133 -0.522592624812156
0.0374909325806684 -0.0339806349864429 -0.551381123781123 0.253688512137655
-0.0156526674695582 -0.0272131107855041 -0.0257559523486455 0.387732847488478
-0.0193937186510924 -0.0108821505789859 0.163278885269247 0.0717184902063738
-0.0145955256827792 0.0127591605916724 0.0493364113258639 -0.208007417089084
-0.0254054522655865 0.0114006204866256 -0.0249230736509635 0.195832170108777
-0.000405823818205107 -0.00844162330204138 -0.13437736065914 -0.0704960010447886
0.0265780830897736 -0.00866219934578008 0.0808809299338168 -0.392964043217573
0.0434784819162259 0.0237223081174564 0.50852625935414 -0.19725193882426
-0.0110784989065973 0.0304996405911514 0.548778545024871 0.578582664960422
-0.0730135356071545 -0.00404226828444976 -0.254895536707621 0.86673872890658
-0.0478695745252914 -0.0150943506190451 -0.629899285648991 0.292825052726758
-0.0473665978490046 -0.0213045316309497 -0.0256340226891393 0.104817490236391
-0.0541572524112702 0.0319417359416419 0.625696015580454 -0.274629855715529
0.00372187075491751 0.0319025581072728 0.191850273135894 -0.867577079329359
0.048867730704515 0.00258268544159001 -0.64130182106229 -0.528349049585823
0.0415819288222391 -0.0271511432038074 -0.548805509523744 0.249832725841322
-0.0163943568721521 -0.0208459251626543 -0.0232068928980793 0.386741571624108
-0.0241059697762988 -0.00688459773646411 0.165104474674786 0.0745761542993033
-0.0190221165776151 0.0154656057639972 0.0534537901806892 -0.205507793957852
-0.0298900683118161 0.0165259339130285 -0.0236938814169617 0.197182478698729
-0.0030518310578347 -0.00223535297245216 -0.134066142521865 -0.0657190328954694
0.0245973880697326 -0.000881069334745565 0.0774909043257371 -0.392318222912752
0.0457983301772276 0.0302870504935186 0.506720420725771 -0.204724244564765
-0.0044206834256281 0.0363416539649487 0.554877782144763 0.56558020465519
-0.067571433255991 0.00295553220354437 -0.245430131634969 0.865586374439889
-0.0492372757498912 -0.0114329496187052 -0.635782777509008 0.296757809912425
-0.0514755648073247 -0.0194774747383791 -0.036646622376676 0.103554675611963
-0.0553786490779555 0.0360796306517032 0.623958054477133 -0.268828025480664
0.0086765706699889 0.038203880192904 0.200995464904737 -0.866208638372277
0.0541189714681021 0.00901153315832146 -0.634600994453215 -0.538198729278494
0.0433842444723252 -0.0191297867849747 -0.549434348964886 0.244799851731926
-0.0183131212085463 -0.0136456681152971 -0.0263294128669698 0.39101052489784
-0.0280329231799725 -0.00185987108783508 0.165107450852077 0.0794407868352267
-0.0244112256317898 0.019393238899658 0.0558477634547446 -0.201598063725555
-0.0322389630525636 0.0217217981373204 -0.0221631166673954 0.198712206258133
-0.00485771601392282 0.00343737283283676 -0.135982778500953 -0.0604411447233717
0.02298940459188 0.00691537413666464 0.0695492007946246 -0.388754125213041
0.0468417068484373 0.0367745425441701 0.501923872476585 -0.21155939177
0.0011663466765088 0.0413954017321876 0.567613001319451 0.549361253952085
-0.061765825345743 0.00992088095563124 -0.228338436420157 0.863077358116683
-0.047471380135583 -0.00600449458165036 -0.636114263252989 0.303254265443997
-0.0524688062928011 -0.0167396423075731 -0.0479452738535178 0.103194863956071
-0.0540025770067393 0.039837234065806 0.620107124211457 -0.25739321566443
0.0123947913375357 0.043994871781843 0.221987297320165 -0.862604702529135
0.05665725504874 0.0159356947212851 -0.619327837516948 -0.554415505159157
0.044878642916301 -0.0114619676125694 -0.55692568830058 0.236857939382292
-0.0188807414906924 -0.00683627273692627 -0.0342215639312119 0.394960060151004
-0.0298871122120443 0.00301284837459307 0.162032871848355 0.0864573508184086
-0.0273761915653911 0.0233272182775102 0.0578547031016859 -0.198756729394616
-0.0316629382907036 0.0258785586916276 -0.0248176591278105 0.200306066721389
-0.00561596945607038 0.0079332799388881 -0.140797525657129 -0.0530373073009153
0.0199901877605475 0.0133116612619764 0.0608845219459081 -0.384083397730182
0.0449756073155496 0.042510836076957 0.497041398023891 -0.222260189926813
0.0030464934352431 0.0448914606411857 0.582288653297943 0.530807111605142
-0.0560752941444426 0.0142774489572767 -0.201387600944081 0.865931209058903
-0.0418616379280915 -0.00265470150855422 -0.631438545833065 0.314351227081123
-0.047773680822346 -0.0146989984212329 -0.0601370623731718 0.102697154309017
-0.049439485328355 0.0418409306469615 0.620211537366864 -0.245401898235209
0.0147656517486932 0.0473029268195337 0.249283790552379 -0.855193250779493
0.0566710284950949 0.0210068492159953 -0.600679173269526 -0.576796266172001
0.0429451741958803 -0.00549346170341456 -0.565369350387567 0.223643348335065
-0.020427031906695 -0.00178586148966765 -0.0457456526016481 0.402674743115642
-0.0296780245378011 0.00711103122366423 0.157227656424435 0.0932261825928018
-0.0289502449517089 0.0272954890679793 0.057457575427764 -0.19592532060497
-0.00703544548630775 0.00521786666306596 -0.0422502080804335 0.188783983063903
0.0147810818458842 -0.018364836798629 -0.158166912443349 -0.0629681402852177
0.0258634120420536 -0.0222551497377468 0.0468085327445373 -0.38162314687085
0.0224680445884743 0.00979453187808 0.491166838077111 -0.202461223103546
-0.0325035243401804 0.0185522338554278 0.593132935768456 0.55759919128719
-0.0727308525238816 -0.0200741971085673 -0.181980204505633 0.88457611008168
-0.016269142660366 -0.0225217319076979 -0.599810735322782 0.322772045359039
-0.0056964221016946 -0.0219080901640866 -0.0205588407164922 0.114313015416619
-0.0261032247692461 0.0206248706181063 0.651095397532621 -0.242400781102596
-0.00271309229368626 0.0140061608038208 0.255511030043513 -0.845752592179711
0.0207067577188994 -0.00507292829337975 -0.599082513291555 -0.545738086658204
0.0228967662784405 -0.0361615336315329 -0.567684702823936 0.242172559899907
-0.0153120516502687 -0.0338403798889271 -0.0558679824780035 0.397659258669174
-0.0106605794956249 -0.014495319649921 0.144327675449737 0.080114270242408
-0.00210674531748675 0.0109998317006834 0.0373663116672871 -0.209534790138595
-0.0107724065290759 0.00257834039194662 -0.0388418445193172 0.18934947608592
0.0111101635135054 -0.0193364191518713 -0.151346003436001 -0.067231990343238
0.0264944988954398 -0.0217093224744198 0.0600010449493298 -0.387287352971328
0.025946081933541 0.00961821490154618 0.498849138346989 -0.19449506951985
-0.0299373552062053 0.0190275564791505 0.57346327388327 0.569527529695606
-0.0757913942231598 -0.0198052115337082 -0.211740251656782 0.878189736233019
-0.0248966232600693 -0.0237963524653401 -0.60633224630105 0.309486271649921
-0.0171545225138826 -0.0234666010409805 -0.0149094961112127 0.111305575108113
-0.0343468991691382 0.0204385628823687 0.643941481867782 -0.253903750727965
-0.00432903447299645 0.0157770666285083 0.228623547636604 -0.850844599377422
0.0261811689857865 -0.00697122359470114 -0.618377689898992 -0.531450671983584
0.0283425926737152 -0.0381136657392979 -0.560134671581478 0.24952558998614
-0.0139900896334065 -0.0341735685692543 -0.0446231546084106 0.391551634985318
-0.0128205719215844 -0.0150361611450411 0.150987808489214 0.0750979822111589
-0.00515090106268462 0.0102950753487265 0.0427020894359037 -0.210532593151159
-0.0154360134503897 0.00483702001681365 -0.0326569541005983 0.19017567965194
0.00752798355449304 -0.0181653402613233 -0.142953835931866 -0.0706051386629289
0.026097706425217 -0.0204909491238005 0.069647374544681 -0.387693367910782
0.0328207641668978 0.0129121083352998 0.503799093837193 -0.192443995159202
-0.0257866792054549 0.0208199471658933 0.561210600660767 0.580325126273913
-0.076449881068736 -0.0160062810688665 -0.235086882066862 0.8731838916925
-0.034340343991926 -0.0216871605718814 -0.614264222602335 0.300567064995165
-0.0290276103884297 -0.0242754876650117 -0.0145067904313416 0.109730919775998
-0.0430495679798222 0.0232208240705466 0.636423709180257 -0.263509009758008
-0.00308256170902894 0.0193361788226815 0.205714108217678 -0.856662591152709
0.032997023375862 -0.00632264432209584 -0.630628643524197 -0.522660690427142
0.0336790930875741 -0.0374784411160006 -0.553134694523257 0.251706388567182
-0.0137937444375921 -0.0318316811686934 -0.0320789351946054 0.386069457385061
-0.0154784931073764 -0.0140355364169965 0.157545465348631 0.0717246706273924
-0.00840052176212947 0.0106453895984209 0.0448881687282136 -0.209105801424086
-0.0201618814767412 0.00736255104567763 -0.0300236862363477 0.192138792701456
0.00425175444605499 -0.0143382892693817 -0.137535457319496 -0.0712229009594757
0.0269660467465471 -0.0152417424157751 0.0769417606227687 -0.392008208517831
0.0380512803025781 0.0167593201275317 0.507147540165074 -0.192155566789537
-0.0190798703769497 0.025382233564029 0.551427283490076 0.581052164590046
-0.0759584151162954 -0.0106036742885214 -0.247665150321334 0.867984154923641
-0.04191772868193 -0.0193453925241446 -0.621439449314281 0.292669695589264
-0.0385644539245783 -0.0236593042926162 -0.0180782712721891 0.1064626355063
-0.0500877720930455 0.0275280805992808 0.629451649986062 -0.270340905049388
-0.000170494471565447 0.0249569464710388 0.194239496225094 -0.858191189704326
0.0409119229357662 -0.00264176703429013 -0.637640202467716 -0.520530448219544
0.0384526382374652 -0.0329103799906024 -0.548731401255433 0.253851782659179
-0.0143905447478366 -0.026522532672932 -0.0248315896726655 0.385312926730288
-0.0192966989432905 -0.0104474790108152 0.162282247562328 0.0718489556559281
-0.0143972083710689 0.0130035917142718 0.049875541884115 -0.207255703129761
-0.025195072899498 0.0114897074897254 -0.0254191623943528 0.193590769534632
0.000466255683052692 -0.00877089505336013 -0.133220261746943 -0.069835589390503
0.0262348458389886 -0.0084340844465685 0.0793020600369701 -0.392790694382657
0.0435521706327093 0.0232062500001999 0.507203675846196 -0.19627161161723
-0.0115708073775711 0.030793183843432 0.549513414716403 0.575393805705096
-0.0731040035100988 -0.00372158663845017 -0.25196284671753 0.862560933303213
-0.0471531188828449 -0.0164951896881685 -0.628126445366552 0.29104243025631
-0.047090476200182 -0.0220611151789472 -0.0253616231566552 0.104710801077712
-0.0537979218909973 0.0316616417742072 0.622402736327956 -0.272498431748296
0.00402746698331864 0.0314047835579678 0.189304522639595 -0.864177595850562
0.0481286768512447 0.00237436746206973 -0.637687068389438 -0.525183104057398
0.0421215140897352 -0.02758102297083 -0.548422054022204 0.250587611550276
-0.0157865380404757 -0.0200055182037671 -0.0223722413917864 0.385296580539854
-0.0245755547194963 -0.00576041725750838 0.164936730459235 0.0747215090875184
-0.0188908307917751 0.0162415277482707 0.0536825661459274 -0.204554507782643
-0.0291070759337291 0.0161929880071672 -0.0242933890928961 0.195959427686103
-0.00289359535946987 -0.002614245935813 -0.132757905174068 -0.0654019707979274
0.0248802036234346 -0.000719145752235164 0.0748982986061764 -0.391117665242391
0.0468610050948071 0.0294597230893913 0.503457201038182 -0.203507867149055
-0.00518100474732924 0.0363756570763832 0.55327365569261 0.563480279313149
-0.0681412813364061 0.00289486397153013 -0.244374749284876 0.861224758395589
-0.0484521316107897 -0.0118037718128457 -0.63141688447156 0.295833595231351
-0.0506095061379541 -0.0199749604218532 -0.0342719235552695 0.103344626550794
-0.0548469677102831 0.0357823874530917 0.619249497447657 -0.267806515428947
0.00873536885720958 0.0384149068430086 0.202087747948076 -0.862486452890583
0.0527550152781398 0.00898148192572836 -0.631640274941913 -0.536421615337755
0.0437501605263849 -0.0195531686624498 -0.550083310755403 0.244503766220196
-0.016890993622906 -0.0124602481602433 -0.0263590969821412 0.391158221254578
-0.0283243947599372 -0.00142424333702614 0.165320872957049 0.0790890783633171
-0.0236254946506414 0.0199542098409399 0.0571590051972631 -0.20074510180968
-0.0315426294238152 0.0218967999079565 -0.0222726064865761 0.19648216910401
-0.00462489871389477 0.00247067580923807 -0.136107943012759 -0.0593334064139285
0.0225634905510538 0.00678511064716593 0.069904058858444 -0.388478199613836
0.04789887365345 0.0357210734799021 0.500818874859382 -0.212169378860199
0.000756746459480123 0.0409786655957114 0.566609920360703 0.54749217182155
-0.0618459693329064 0.00942413472153768 -0.227142086160904 0.859800413197723
-0.0471139396583684 -0.00716543790467052 -0.633060429017844 0.302198069889713
-0.0508967028607525 -0.0167918578511633 -0.0473461680258408 0.1023029627863
-0.0528127316388709 0.0396188671910253 0.617044808546303 -0.258056589177061
0.0125306069898131 0.0434879112392072 0.219379047152081 -0.858929760776558
0.0565215230080126 0.0159339354632958 -0.618366582400899 -0.552288794784088
0.0443326226685243 -0.0127196738871068 -0.55542387331891 0.236844188716307
-0.0185941977793353 -0.00692938649642661 -0.0334975772424702 0.394807430586888
-0.0307944517129414 0.00268594459608879 0.162168515305022 0.0856824198481981
-0.0271650800542833 0.0238322779894131 0.0578582683242565 -0.197592587570671
-0.0324176609080203 0.0263842490840293 -0.0241096886096982 0.197085778643268
-0.00600321091286502 0.00708441764153996 -0.140792269743802 -0.0532175740230323
0.0203691906348207 0.0134762248641646 0.0605868301734238 -0.381923531674681
0.0451930636191409 0.0422356367579463 0.494333854990527 -0.221061529343124
0.00296786738939877 0.0456170769040578 0.58084752306279 0.528091566873353
-0.0562661304780229 0.0143805648596917 -0.199791831164807 0.861947926410318
-0.0411942833712659 -0.00362544254316825 -0.627448538073491 0.314427811567125
-0.0472511879264149 -0.0147006232422193 -0.0590530907275779 0.10190696790842
-0.048916085760955 0.0413836457533142 0.616600413777061 -0.243759295194682
0.014874068082603 0.0462238228584882 0.249815850063412 -0.850999080839732
0.0561507911828894 0.0210623480656897 -0.597935457915099 -0.571543150380952
0.0430473188506113 -0.00602081361316757 -0.563647597635018 0.225094824386839
-0.019120689967558 -0.00178973618868762 -0.0453650138499989 0.401198815822211
-0.0302885041765787 0.00710139466448369 0.157086565240373 0.0933335561539764
-0.027881326607998 0.0274560552947836 0.058132016046433 -0.195604982270362
-0.0067886033626575 0.00507676279903812 -0.0422457870032924 0.187345256637152
0.0152075364611319 -0.0186278750506377 -0.157857699359578 -0.0627876032846749
0.0266826826695914 -0.0218499646034574 0.0461936366160816 -0.381063916756458
0.021626987535306 0.00993481286243462 0.491284029474932 -0.201957345314073
-0.0332040402835722 0.019245202613787 0.592928289023418 0.556389037364673
-0.0730953253730398 -0.020202160866498 -0.180565224744288 0.881815996549847
-0.0145902099770139 -0.0234033973292941 -0.595586165381676 0.321416660352565
-0.00574727208231053 -0.0222968603649319 -0.0201041901311895 0.114252305552752
-0.0253142715501073 0.0200683791642581 0.64795978467284 -0.242370057145053
-0.00305943347858109 0.0139673453028135 0.256996099555757 -0.842614979056078
0.0207814510241921 -0.00618842864051101 -0.598016757310549 -0.545376983731794
0.0234778914707005 -0.0368251997676148 -0.567833709246174 0.242271661088985
-0.0142143253983996 -0.0336207319635537 -0.0564458525206953 0.397573167264859
-0.0112811338825613 -0.0138097396397721 0.143413637705614 0.080135634699894
-0.00199858883565932 0.0111701011245668 0.0377552568109265 -0.20928885029849
-0.0111550059518107 0.0037577395482223 -0.0386639160731065 0.18831826909897
0.0119256538490535 -0.020079857530848 -0.150549979632257 -0.067631963409224
0.0268328851776088 -0.0222963484330537 0.0598893846284272 -0.385424295219929
0.0264741475958134 0.00923532199450438 0.498508237918977 -0.194908190010024
-0.0304280297034219 0.0184602512660041 0.572357633421323 0.56866535231492
-0.0755685294676232 -0.0193402333439693 -0.210038771031404 0.876219488968209
-0.0238541114607896 -0.024264894500191 -0.604032732384029 0.306861428355818
-0.0163473381106717 -0.0236037380741501 -0.0145468588052482 0.111234634951105
-0.0343515773373212 0.0207144909770135 0.640768190127629 -0.252827547663383
-0.00411831276459261 0.015676106638302 0.228561482462495 -0.847641244186764
0.0262929907142667 -0.00697172054528997 -0.61339632436985 -0.528344628742206
0.0280213762176303 -0.0392593742466249 -0.557970825131958 0.24838146409487
-0.0122396854652341 -0.0338804185763876 -0.0454034356638828 0.389255870982596
-0.0131808326044031 -0.0152120243221614 0.15119549478801 0.0738939222134386
-0.00506412136496641 0.0110504466553322 0.0422897766605719 -0.210028924066542
-0.0150148152848844 0.00458074027540027 -0.0330376712865917 0.187816839252418
0.0076312081208953 -0.0176254738292383 -0.142002808503941 -0.0708593695651112
0.0268752314186981 -0.0202867967029221 0.0688728595738344 -0.388697207883908
0.0334393281531437 0.0119236402520664 0.502414081711324 -0.192460335226771
-0.0252699496150731 0.0211661063524713 0.55996062658516 0.577359057321849
-0.0766890636880244 -0.0153201426259259 -0.232844654098121 0.869271835330189
-0.0333666907585612 -0.0226025840402426 -0.611352252472941 0.298277490298909
-0.0287028414434081 -0.0232047041694331 -0.0143200296405862 0.109521645573786
-0.0424259210356791 0.0229244575885153 0.633793442246256 -0.263592604120454
-0.0029484799994349 0.01917678170376 0.206459844737466 -0.853664493221306
0.0327267923422978 -0.00635855112003504 -0.629131633075584 -0.52120763426573
0.0327755977110467 -0.0380284624978358 -0.551429324139025 0.252370145927317
-0.0129965591523177 -0.0315185413421783 -0.033205403427544 0.385897317135784
-0.0161831536032137 -0.0133054118222513 0.157013360671447 0.0712501236967684
-0.00815834546435291 0.0115127518345004 0.0450095568044818 -0.209083574400664
-0.0206210113465806 0.00751557466809467 -0.0299117473829763 0.190970296861231
0.0035107982468732 -0.0151061538306495 -0.137007875665445 -0.0719782589823759
0.0268736677067362 -0.0150744861396771 0.0770591475400466 -0.391920934195784
0.0383312931089412 0.0161032995913952 0.505458135811207 -0.19216120448947
-0.0191191247668161 0.0249568549777572 0.550182622831464 0.577296091892707
-0.0758194482089335 -0.00916137362231547 -0.248291592643652 0.862577496151595
-0.0411634279358564 -0.0200651398690177 -0.61972660623303 0.291542806296093
-0.0376285361316137 -0.0234025030176407 -0.0175447950989877 0.107203960878078
-0.0492429338320058 0.0268144002603629 0.626207920781724 -0.269881771808734
0.000238071505020386 0.0242040357284654 0.19512307639653 -0.855556601465952
0.0404619538932131 -0.00321640360733225 -0.635534910244883 -0.518101154264433
0.0390819201251918 -0.034049802333585 -0.548084026021978 0.254722714844434
-0.0130890185099523 -0.0253528554166889 -0.0260153603545198 0.384489584614457
-0.0199013860837089 -0.0100861554917886 0.161526680009891 0.0714068930648506
-0.0140409846645481 0.0134718669301221 0.0504336060992939 -0.2066681768014
-0.0248325908341216 0.0114928959706139 -0.0266855917765853 0.192952832539971
-0.000157853422878829 -0.00983077245794114 -0.132699556446973 -0.0692239521215124
0.0261090015811727 -0.00804730830664513 0.0805466622002405 -0.391642174716257
0.0435857862496331 0.0225696895059632 0.505252195399538 -0.196258027028428
-0.0122719085740062 0.0299772922614263 0.54636493159488 0.574376860156974
-0.0726730743971152 -0.00409992209318964 -0.251953322129439 0.858375312153786
-0.0453452244841461 -0.0169114510899613 -0.627445287909547 0.290717298867197
-0.047321155894133 -0.0222022327224288 -0.0240499545177055 0.103706058849052
-0.0528264581932757 0.0315559628063347 0.620311607834823 -0.269987217393945
0.00463973853845204 0.0308549319778308 0.191490239100746 -0.860293794541437
0.047386561532534 0.00210685524579933 -0.635160851035745 -0.523984620952892
0.0424595507013998 -0.0274293533224842 -0.546258967814162 0.249920428891723
-0.0154173002100749 -0.0198773582610064 -0.0230037449644125 0.38500240631221
-0.0248150206469973 -0.00606626579623786 0.165131957843823 0.0741146125896746
-0.0193028835007647 0.0166135434607794 0.054488603767197 -0.203681287751203
-0.0286232591447275 0.0170908599100458 -0.0232845381018695 0.193943852113279
-0.00281177762816613 -0.00426429416209327 -0.133163765347387 -0.0654971356493872
0.0254745433277315 -0.00104582856788047 0.0760879552424367 -0.39186420999113
0.0466066711914375 0.0291241731073098 0.502996982237008 -0.202624080597858
-0.00533753606973278 0.0361157312775781 0.553441307987391 0.560454672611081
-0.0680582228499452 0.00359891103103528 -0.243586071638589 0.858792250111731
-0.0476877496048893 -0.0130618499698394 -0.630032905520137 0.293499940360955
-0.050603755916312 -0.0205245562324557 -0.0341632106617122 0.102703924876488
-0.0539623247944838 0.0358891364029207 0.61805510784724 -0.266316200718843
0.0078462632045025 0.037097417273859 0.199681585329977 -0.858170112998021
0.0531426994327932 0.00892658311171322 -0.629104428299881 -0.536523416125564
0.0441348568478772 -0.0200123882031493 -0.548384583347513 0.243569062598037
-0.0163936287395401 -0.0124717240090794 -0.0256683882675718 0.388596149954648
-0.0284772690548904 -0.00152594436278556 0.165160615433952 0.0788127960640662
-0.0236810940478615 0.0205638619994223 0.0568664197084925 -0.199958567843995
-0.030841866748206 0.0216473289880278 -0.0237766637841392 0.195774929712096
-0.00502687435290779 0.00120153572430161 -0.134150155965316 -0.0605045730879441
0.0225840432839628 0.00645994717752303 0.070627899991589 -0.386926619131849
0.0477784016723386 0.0365834247395211 0.498918804032086 -0.210359498029664
-0.000337289691148913 0.0405157742498198 0.565963954818648 0.543091931541463
-0.0616906311501012 0.00972139738810129 -0.225854153933283 0.856621935844077
-0.0457846368304704 -0.0080490445912333 -0.629968951201155 0.301060563669756
-0.0507155685764833 -0.0176042309554507 -0.0470317216317128 0.101694615394685
-0.0531896098708514 0.0387817206222854 0.615276806033048 -0.256681420650514
0.0124254079195271 0.0426324727134353 0.220172170988955 -0.854438780717258
0.0568309051855846 0.0155204052264898 -0.613834559975594 -0.552216552076283
0.0446016631719255 -0.0132398658250827 -0.555620588328346 0.236061584527652
-0.0177739884879671 -0.00561499152707767 -0.0332372511689994 0.395394792546597
-0.0305492438726145 0.00288546000847647 0.161700412516868 0.0865627449131589
-0.0271229884225869 0.0240519436658211 0.0588678291395517 -0.197080669881587
-0.0312259030551974 0.0260688499244699 -0.0249795637144432 0.196351059588217
-0.00550603199771745 0.00596155752221008 -0.139215467365159 -0.0527458741920409
0.0201905283692649 0.0126023190999409 0.0600966261126774 -0.382862964084007
0.0454881419221237 0.0418087343451381 0.493637030797389 -0.220672595729183
0.00242649628903083 0.0447257970452497 0.57969397188425 0.52626323820869
-0.05586672409407 0.0135375306856217 -0.199217130048461 0.858032830803172
-0.0401272367849631 -0.0034736184881276 -0.626728670867057 0.313773382951229
-0.0461826412767645 -0.0146973919265432 -0.0589544635884118 0.101677915739911
-0.047995602613657 0.0401264443376941 0.614273388265837 -0.24168795155131
0.0151838985596521 0.046502855248964 0.249941827110054 -0.848863795992945
0.056666825336318 0.021040757944816 -0.595431802406993 -0.571440006767971
0.0441388952061885 -0.00635585125704842 -0.563599815381532 0.225000844489122
-0.0178985656842693 -0.00131753571826213 -0.0449901489893566 0.399662952502218
-0.031100725009139 0.00739112760691188 0.15651106095338 0.0926942354690809
-0.0280619511309718 0.0276192421865375 0.0582465543579994 -0.194637786664267
-0.00661854178695719 0.00484516151089877 -0.0425246875818985 0.186168943586877
0.0147860821582222 -0.0201564116057134 -0.158142114008928 -0.0629088597687014
0.0260118757362665 -0.0222767069052139 0.0469551805412945 -0.380584175257193
0.0224716469118471 0.00923283120941601 0.490553209666893 -0.20071711776744
-0.0342341526217741 0.018465144277666 0.591541163813047 0.555811707824048
-0.0726799574451845 -0.0200502721988388 -0.182372100268108 0.880110958800908
-0.0137931889687878 -0.0241888660533062 -0.596919369856173 0.319047558611853
-0.00529714254397132 -0.0225941871815474 -0.0203763036787829 0.114266790229912
-0.0256067139508396 0.0199524219413796 0.646224694026044 -0.237920793785014
-0.00253905961418054 0.0128272650006101 0.256784815934877 -0.841364325795295
0.0205841597378631 -0.00517085408054127 -0.595247257960571 -0.544874273673894
0.0232162649415155 -0.0370826389208336 -0.567039048528473 0.240500736731822
-0.0135772440140322 -0.0335269101964419 -0.0571517045568158 0.396466669757582
-0.0120484559991772 -0.0146354431761613 0.143733725118516 0.0803439540252021
-0.00233447117408851 0.012868889089224 0.0393882443581985 -0.209015439202219
-0.0103739298046245 0.00388921308640014 -0.0393915715090736 0.186994516372914
0.0116109426842192 -0.0199105488488902 -0.150404666695005 -0.0683443329907966
0.0270580296467195 -0.0220451375172622 0.0605355891302016 -0.385337685752458
0.0280682431254287 0.00971442513300321 0.497284524239793 -0.193719568493303
-0.0304871314816208 0.0188248795834526 0.574171704140083 0.567792215669421
-0.0758909899464935 -0.0192027789600236 -0.20977570214318 0.874207079955778
-0.0228096884881271 -0.02437177644248 -0.603942590080946 0.305051547472271
-0.0161278809893986 -0.0239736200540289 -0.0143911028665609 0.11207065295291
-0.0340263423761297 0.0207512779294985 0.640283889947358 -0.252392233297079
-0.00347784951968175 0.0151452438821469 0.231099232684005 -0.847340835931417
0.025642551873096 -0.00669516681063166 -0.614002520811221 -0.529117792193002
0.0293566116214444 -0.0394216054572902 -0.558912950347299 0.247999508289072
-0.0123409432740786 -0.0339940195027476 -0.0447294333218792 0.391719578597237
-0.0129759326582008 -0.0144966257450929 0.15112939977737 0.0749260178162881
-0.00488797242933601 0.012377168016612 0.0435864597360141 -0.209260894690837
-0.0144125216656277 0.00409683507551215 -0.0339979636701393 0.188779436902254
0.00668150658291464 -0.018948529105906 -0.14255515896573 -0.0709214232832546
0.0266699940885766 -0.0206224689079944 0.0705239051385458 -0.38891655758148
0.0334488663313973 0.0120953922757361 0.501875876520661 -0.191476303380977
-0.0265283807683521 0.0212807531510544 0.559298488058381 0.578487819700487
-0.0768766806614761 -0.0164850689709694 -0.235112296911513 0.868415669011654
-0.0322144979272746 -0.0233595012755403 -0.612166952811105 0.295104339623545
-0.0279676726882007 -0.02459416431881 -0.0138943473581359 0.109046515425882
-0.0428369978261402 0.0227165964451431 0.633064646806417 -0.260970008634729
-0.00292146605975019 0.0191355882222539 0.208693508775727 -0.851618033732844
0.032787373758663 -0.0062957645323593 -0.626085053502481 -0.522093746498996
0.0342293371121629 -0.0380252891223411 -0.552559464249387 0.250800873665454
-0.0126134065083322 -0.0316657548434051 -0.0340309591433061 0.386637361767051
-0.0169261206559448 -0.0129319210384507 0.157225893700856 0.0720146879968118
-0.00910706244473279 0.0124533257039281 0.0465145685084743 -0.20760244512295
-0.0199175732612638 0.00822039203804792 -0.0306188483558393 0.190354968733852
0.00323487697832068 -0.0150894913808514 -0.136073335846617 -0.0722905809302846
0.0271709627898931 -0.0152464101597778 0.0783289293568546 -0.392818102515528
0.0392045011301629 0.0157004032483172 0.504746485105221 -0.189793085538166
-0.0190466954026997 0.0253671990438456 0.550090589613676 0.576421251982699
-0.0759558511827647 -0.00936469877042581 -0.248140498480625 0.862350968943707
-0.0402692309512235 -0.0205207645572384 -0.620041983821352 0.288314228913447
-0.038820528487574 -0.0233201404749829 -0.015854258558213 0.106624238573267
-0.0488289772966536 0.0270883202987495 0.625766258865662 -0.2676086982307
-0.000161989278491571 0.0250494585962518 0.19568905604598 -0.853820577900297
0.0406980230427928 -0.00259272830487943 -0.633494332965217 -0.519235158864344
0.0397412074296984 -0.034322820489835 -0.548479094431309 0.252993382362579
-0.0127514859825052 -0.0259044402431713 -0.0260142800084111 0.384346219146063
-0.0211868533006141 -0.00961703472652289 0.162430314967256 0.0716186393105946
-0.0140048458352068 0.0144081360193864 0.0507405005636368 -0.205962910458999
-0.0251027084392386 0.0119153789895061 -0.0264753083677233 0.192730191872263
-4.83283509400247E-05 -0.0096693542024413 -0.132169387046005 -0.0702657663062081
0.0260853825887801 -0.0083371522334229 0.0799051305442219 -0.391295983603061
0.0435340583890913 0.0224248598922721 0.505399757409009 -0.194247352159827
-0.0140159692817654 0.0310069676576983 0.546421148688593 0.572934473756306
-0.0729123966224815 -0.0035581587339333 -0.252128386092574 0.85985613192425
-0.0448543916164499 -0.0175282340502303 -0.624755506399472 0.28768960025721
-0.0458707776992616 -0.0229224178484599 -0.0239852339399052 0.103938181239111
-0.0520609797744093 0.0315975306825527 0.618921028288387 -0.270424355665673
0.00386670038732456 0.0309086885860561 0.193381417288208 -0.857622401899063
0.0478019829821132 0.00240436124599673 -0.634304724516343 -0.524139014876996
0.042170390466547 -0.0278987467268106 -0.545814956313341 0.251798876740172
-0.0142703654409954 -0.0193414954074307 -0.0231698150911305 0.385498405773543
-0.0251054239494493 -0.00585376200146459 0.165337561288595 0.0747921981567994
-0.0194589663950738 0.0173936144240207 0.0556954987753155 -0.202968729835715
-0.0275867829674691 0.0166647867309506 -0.0254791939364984 0.193075007597215
-0.00340166708312817 -0.00465035736394224 -0.132360854705498 -0.0665173225402817
0.0250329904009566 -0.00107854228247388 0.0775582949561911 -0.391328981517729
0.0479545513333222 0.0291932298656314 0.502564426459445 -0.202495923591998
-0.00599884763377229 0.0359084991144565 0.553341302482891 0.560955028203222
-0.0689476302967878 0.00349834625676745 -0.24502186701405 0.856410264077407
-0.0470706786969445 -0.0124016550691902 -0.628662104979409 0.292376532733438
-0.0511059092605177 -0.0205406957647237 -0.0348877905076116 0.102981899117131
-0.0543060577699025 0.0356193462708787 0.615939991476426 -0.263714582082696
0.00844606105375146 0.037642823653344 0.202859362396524 -0.855985829111329
0.0522982524843585 0.0085620625366941 -0.625694685954276 -0.535932027189506
0.0448848076798299 -0.019713190689497 -0.547932926223426 0.242533150026352
-0.0164337967994594 -0.01220746676244 -0.0267594124203828 0.389535855510821
-0.0287612257701803 -0.0014167793505016 0.165045152384154 0.0799598467779744
-0.0247109622587789 0.0207146601294751 0.0574137915981762 -0.200449681874539
-0.0307056898796789 0.022732535925931 -0.0238101302442083 0.194513996055305
-0.00525340833860724 4.67679451246657E-05 -0.135108742046229 -0.0600825055199043
0.0226394730493659 0.00633582070887736 0.0711959341938117 -0.387793079657248
0.048435818787727 0.0358102841372439 0.499736168354784 -0.209854077784152
-0.00116587023543607 0.0415284613267116 0.563465628492664 0.544222686486532
-0.0618461948726255 0.00932460200837181 -0.22575085048985 0.856546254211625
-0.0453624375865858 -0.00817270411868838 -0.62932886080323 0.298723897623671
-0.0519067243719348 -0.0185974774932992 -0.0462777928119519 0.101519820955427
-0.0530442038428713 0.039202223779268 0.613132648082505 -0.254319567584146
0.012698607913704 0.0432890926044063 0.222996431624418 -0.854257786320877
0.0551727765686298 0.0154861312287157 -0.611873174136025 -0.550301376385505
0.0450372351605687 -0.0126849056473884 -0.553561663126689 0.235674477771689
-0.017177110535536 -0.00706830147937665 -0.0335643654927175 0.396284246363908
-0.0309568373158062 0.00352381219059885 0.16139613181546 0.0868748230856721
-0.0266118063583571 0.0247490671693148 0.0594050495492931 -0.196956249751291
-0.0300461529311239 0.0266349739763089 -0.0258004077096176 0.195193937438704
-0.00555018737767074 0.00519595854108797 -0.139422671772742 -0.0529525336724119
0.0208015358131145 0.0123259310119667 0.0615688963415676 -0.381117559187955
0.0461020311195545 0.04175261150056 0.492499990376012 -0.22020315797866
0.00227923307992212 0.046322839576989 0.579871231220455 0.525546557400803
-0.0568473100990449 0.0142190170762884 -0.199951186253416 0.857711499921676
-0.0396746154420159 -0.0050542757684687 -0.626459495238457 0.31104056662252
-0.0461472559131723 -0.0147942434678511 -0.058758616689258 0.102303902458553
-0.0482462967112651 0.0404838583755623 0.613020965107849 -0.241515360625973
0.0144187462569229 0.0464471272465034 0.25221588771939 -0.84708392071985
0.0559451614133097 0.0210485587533762 -0.593996743216995 -0.573016291105825
0.0434359499745724 -0.00727805159080712 -0.562572362748825 0.223915113541508
-0.0182416428160687 -0.000628937622534635 -0.0458096090756696 0.401104814760282
-0.0318071652571673 0.00668138154247088 0.156580924962566 0.094625365942144
-0.0280800947178481 0.0277483106969263 0.0590438892469292 -0.193926727928313
-0.0064235340934186 0.0054357516106941 -0.0440829761319144 0.18562784657662
0.0142728937252539 -0.019755070267352 -0.157184521417859 -0.0634392363377683
0.0265929547583753 -0.0219553686107641 0.0467772424298326 -0.382712259942497
0.0240520811584905 0.00957574915380132 0.492409256295105 -0.199854725727685
-0.0344731999790383 0.0192958861299003 0.592099084125942 0.555516386390977
-0.0734893869691995 -0.0204094660906123 -0.182963582026824 0.879082063587169
-0.0136072082781678 -0.0244479372491982 -0.597301532261262 0.316629577485362
-0.00508959441083192 -0.0225984690518563 -0.0198889529933587 0.114412898933362
-0.0244312589918439 0.0198970234137581 0.645153335710533 -0.237961025799647
-0.00244675645411645 0.0130993545695867 0.260479911091764 -0.839096396744791
0.0197397193699934 -0.00600657320026159 -0.593696789475148 -0.544871298426791
0.0239084928740007 -0.037094525896933 -0.569427694480156 0.240147850515478
-0.0129920095825052 -0.0336364752415473 -0.0569024844100148 0.397263326383018
-0.0118620922481594 -0.0135055304338247 0.144359004789774 0.081327448414821
-0.00209769628076955 0.0130027547877156 0.0395496337825522 -0.20834353793163
-0.010259245701332 0.0045611161231834 -0.0400391762323324 0.187471393497525
0.0113038571154407 -0.0212135222553792 -0.15023569382888 -0.0677272226719791
0.0272829837904609 -0.0220356712484065 0.0609896115428363 -0.385669543890614
0.0284240787265023 0.00915933178429979 0.497941257794408 -0.191847297903525
-0.0313533502918286 0.0190771114020966 0.573801420429607 0.568977592770884
-0.0759615900433382 -0.0179941067230245 -0.212115835245412 0.873090767737078
-0.0213909068794524 -0.0245658682938292 -0.604331260583781 0.302275249970129
-0.0158926741610414 -0.0241692548432121 -0.0145150676532991 0.111853169901221
-0.0339695861361289 0.0206382194134017 0.640758204507034 -0.249804280346127
-0.0040606713791755 0.015252692638664 0.232558812898083 -0.843056107079619
0.0252686540687671 -0.00638121829242692 -0.610939803708181 -0.529735466582257
0.0285061977095421 -0.039657247959771 -0.559655267318952 0.24767143845775
-0.0117348620024555 -0.0335164396034298 -0.0461832131332371 0.390792615273921
-0.0135399466188205 -0.0142030847034796 0.151029117933835 0.0747870062088276
-0.0052231756522455 0.0126509785731807 0.0447561340282603 -0.209484472696379
-0.0136698605773728 0.00530826205731539 -0.0360693385861739 0.187702487920835
0.00733915665277288 -0.0196430098645611 -0.142234770204631 -0.0712147727393554
0.0270782206462683 -0.0203810755021997 0.0707184676912495 -0.390473833246327
0.0344346831198744 0.0110155029383911 0.503540779594653 -0.190618168736358
-0.0275437271711534 0.0210828553673812 0.561881783969457 0.579407122034176
-0.0767994618920623 -0.01584480251643 -0.236223382478765 0.866521155454393
-0.0319492702448877 -0.0235335578546876 -0.611852791128017 0.294581108588773
-0.0275039674630637 -0.0244985356116944 -0.0134314194149828 0.109114477812771
-0.0423383939905486 0.0234607283636253 0.634322961265485 -0.260335630463339
-0.00335055560930713 0.0186890618911433 0.210192969303516 -0.850652662303303
0.032634035173635 -0.00594216297667542 -0.624946745968102 -0.522368715224307
0.0349806568914471 -0.0383805627633623 -0.553591322164389 0.250480208927921
-0.0113145723090189 -0.0314373084811153 -0.0353451832455251 0.38783174347735
-0.0173494095437589 -0.0129068324042725 0.156735938111587 0.0728366277079192
-0.00862476468657189 0.0128205966979219 0.0471813275457093 -0.20816949990221
-0.0199039306892002 0.00778269861019029 -0.0310046490516451 0.18973570618138
0.00286733774343296 -0.0159356815444557 -0.136722630412884 -0.0719729392153712
0.0273566527206919 -0.0151144150516298 0.0779184429807169 -0.393144780443405
0.0399262556666466 0.0163290849297392 0.505715610633719 -0.190587479277614
-0.0204512765188373 0.0258379096559513 0.550002229259217 0.578089397422349
-0.0757167324038064 -0.0100835515662107 -0.249487036581877 0.861606928348628
-0.0393377944957754 -0.0215789674112136 -0.62043988970737 0.287918598829105
-0.0384614788531666 -0.0244433669153553 -0.0163289072758148 0.106524633734377
-0.0482774189485694 0.0268773985737782 0.626496273685749 -0.266786981950703
0.000799196022681949 0.0246057904732692 0.19838267801557 -0.853741211148268
0.0406743188270451 -0.00249765030419221 -0.632525873223137 -0.520304229523688
0.0399859666276957 -0.0346670972505431 -0.549881182220769 0.252725387675712
-0.0126319118732344 -0.0261741428843482 -0.0266661752374937 0.385991563140351
-0.0211879836595018 -0.00987358334179349 0.162101606329282 0.071486770705296
-0.0143120719742777 0.0146576599511185 0.0523761949202258 -0.205199395690287
-0.0244658914256323 0.0112074364401747 -0.0281090593769879 0.190902702826838
-0.000502495522114566 -0.01105288998776 -0.132643215456452 -0.0700573770619229
0.0268308902355296 -0.0088591169782668 0.0804412203999547 -0.393219191715522
0.0445002391514028 0.0220252112625637 0.506110723146451 -0.193625320187932
-0.0135960066277347 0.0310472914083561 0.546324429235902 0.573281691873494
-0.0730808576315289 -0.0035817688724518 -0.253304697580934 0.858099832914071
-0.0441460076634115 -0.0182230513022428 -0.625751249145073 0.287995357130468
-0.0456152917586435 -0.0234402243783955 -0.023174426081632 0.103545474949554
-0.0528098192023419 0.0305338181639599 0.61873084740884 -0.26868652836071
0.00383251843455399 0.0308345011276607 0.195878935006635 -0.856576260918809
0.0477859869284515 0.00288790301727377 -0.631485570535414 -0.525368112198153
0.0430221769329965 -0.0288147217598074 -0.548094476151135 0.249889561700609
-0.0136991996008623 -0.0193316902392069 -0.0237526135052293 0.385638953040387
-0.0252416702001511 -0.00578676198973161 0.164864347615363 0.07521627616925
-0.0195690470764442 0.017768661044564 0.0561902760507772 -0.202217618090368
-0.0271934676476737 0.0163197611186422 -0.0254652023935106 0.193106778138278
-0.00216219932942358 -0.00479138158480086 -0.131555800357118 -0.0663508835314428
0.025432905868187 -0.0009117244415108 0.0781192399243133 -0.392111662451388
0.048412720682607 0.0291959646997978 0.50165434003802 -0.201132716031826
-0.00657117711166966 0.0365426261971999 0.553451929784022 0.561641820320642
-0.0687504427629855 0.0031716739444517 -0.247147253692948 0.855296797839261
-0.0472405250231921 -0.0130751433268525 -0.629914617648957 0.29065590906435
-0.0502492456825181 -0.021348131135285 -0.0344778651043267 0.102679536564193
-0.0542903475464093 0.0343682176732853 0.61535389498001 -0.264679301187128
0.007926212660198 0.0383111121727837 0.204276361022823 -0.855483148988157
0.0526116030884674 0.0092587999608459 -0.623955435002915 -0.536266822529802
0.0451415107669236 -0.020918400281471 -0.549379277262816 0.244290381932596
-0.0153718194313243 -0.0129643534867917 -0.0264267125305822 0.390137255551534
-0.0293910272180368 -0.000731763668740095 0.164927638737895 0.0797919050116588
-0.023426715946146 0.0216605454121321 0.0586020393613759 -0.199070656311063
-0.030848074363558 0.0218012137812446 -0.0255025097628597 0.194807526856294
-0.00496604488576142 0.000245389798905373 -0.134316962372805 -0.0602122289886343
0.0235600172267485 0.0066919969620236 0.0715579273580704 -0.389484504294191
0.0490887842203983 0.0352187803711822 0.500036104428019 -0.210314338760237
-0.00132863346293462 0.0418206134114445 0.564812094000084 0.541440367649837
-0.0625519157019716 0.00966154625260707 -0.227510784272536 0.854036739128199
-0.0459765230565491 -0.00908670459389729 -0.629940758769047 0.298231999575251
-0.0508139385805439 -0.0180180738160259 -0.0452773442223103 0.101289351991995
-0.0532060820413179 0.0384708619646434 0.613987548355403 -0.252119488183236
0.0126826908407992 0.0421262590738727 0.22528072324787 -0.852927571978221
0.0554349766726897 0.0155606789898854 -0.61102819019238 -0.552591611847467
0.0452275689642157 -0.0136733488747432 -0.555283772062142 0.235414712466602
-0.01641105160703 -0.00589639899783297 -0.0336802103857945 0.394344415750228
-0.0321803291599461 0.00377733726302129 0.162469848178521 0.0865330115210298
-0.0264934577841325 0.0258413259388818 0.0604003321217231 -0.19633004670445
-0.030396038057251 0.0269453517758567 -0.025905913927348 0.194176178573256
-0.00641599404368378 0.00426623117275562 -0.13884750271363 -0.0536073237091864
0.0206623284292359 0.0119780764142877 0.0610929461384336 -0.383270673976629
0.0461928505738608 0.0408815437128298 0.493891919324654 -0.218544131903125
0.00151398260516638 0.0454118514107891 0.578605487573704 0.526243884909729
-0.057488993982186 0.0135358857858627 -0.201839577707776 0.856779052031294
-0.0387895185844623 -0.0053838961822262 -0.627274210862726 0.308937114198759
-0.0468796162436081 -0.0155754539366275 -0.0579882246552105 0.10114069549907
-0.0481364507073142 0.0405652196650335 0.613338739149554 -0.238767472532398
0.014742691568709 0.0457609389662508 0.254334470502286 -0.844063299652226
0.0560070109079761 0.0207207925724104 -0.592121998482775 -0.574222794712682
0.0433006392073142 -0.00745848502486138 -0.562986677004288 0.224515436735635
-0.0181648223170145 -0.00120666822702864 -0.0445905175400216 0.401656741102127
-0.0319750324407012 0.00740035672894583 0.156656007832253 0.0943382559465854
-0.0286820163703092 0.0287319832582386 0.0600563217467838 -0.193703796204793
-0.00609765745948227 0.00576160288506515 -0.0447074397230603 0.184383002838308
0.0136906740491834 -0.0210316929600171 -0.158210129914191 -0.0631615463620354
0.0277975860387191 -0.0223113402785193 0.0471855726533986 -0.384694637192069
0.0242878609854037 0.00951134937306325 0.49112148216197 -0.200706974587336
-0.0348597585584561 0.0187479796522544 0.593158478014807 0.557229789957649
-0.0735052307041775 -0.0202461911135542 -0.184377486712142 0.879693647355985
-0.0128796205319198 -0.0249846467961562 -0.59918234537863 0.317094487095996
-0.00507669378085786 -0.0227731751571417 -0.0198170548634409 0.113994416930606
-0.0247616206633754 0.019372336422297 0.647370918378083 -0.235949706121333
-0.00273039032897882 0.0130013287391066 0.262769941402276 -0.838746902438994
0.0208230514497877 -0.00495773811638661 -0.594975267543251 -0.546692196307836
0.0249841346932003 -0.0379106305212539 -0.569505150446306 0.240414887034042
-0.011895928522235 -0.0329393747175888 -0.057117061044023 0.398516111851022
-0.0123808551364974 -0.0133923529893079 0.144350755320039 0.0816168073798488
-0.00246968594801216 0.0143725153146007 0.0412689153043999 -0.208669675728587
-0.00906212417690625 0.00458872124097701 -0.0411402429664543 0.186752204978922
0.0102695833246304 -0.0212318595891417 -0.149205715543096 -0.0672933423019238
0.0268677234756331 -0.0223394874656462 0.0614752350079504 -0.387637384511852
0.0278684463414527 0.00880274303398368 0.499804040394798 -0.193553869134895
-0.0325336532546951 0.0182114639278149 0.574220070737194 0.570867974691558
-0.0758346768948093 -0.0188996467858914 -0.214058870642954 0.874380000766751
-0.022062576979342 -0.0262357067197088 -0.605775448572907 0.302770888275808
-0.0162469205722008 -0.0251115056212979 -0.0141669897631556 0.112343690362324
-0.033628603202312 0.0206062675823143 0.641958804869435 -0.246678011333683
-0.00323926474110246 0.0146290661562118 0.233658630543562 -0.845581309014408
0.0260633853953751 -0.00678473564109591 -0.610446230401109 -0.531398554704676
0.0295387046119625 -0.03964715682601 -0.561644880486789 0.247134960056072
-0.0112900554007401 -0.0333734862573295 -0.0448101668877583 0.39334198462579
-0.013928606395349 -0.0138955270171298 0.151447379662563 0.0755733342660198
-0.00507567933906386 0.0129890557108145 0.0451958409808874 -0.208965716562006
-0.0138905796109022 0.00548025725536495 -0.0358551616985272 0.187379321335268
0.00651899465011946 -0.019665455918482 -0.141991490514435 -0.0720964673055204
0.0272773331063754 -0.0208625562073832 0.0716563835174829 -0.390768605637431
0.0347991896591457 0.0113960615157041 0.505089125479561 -0.189570376707193
-0.0274632142321281 0.0218196883020685 0.56080910651595 0.579355786671643
-0.0768667211679539 -0.0153291654617313 -0.236292164396957 0.867313445962332
-0.0311618800159886 -0.0242623837767361 -0.6138460684955 0.294879355564762
-0.0278647984532284 -0.0252094364612779 -0.0132378534955037 0.109289075855404
-0.0410036957464904 0.0224242436767478 0.63382392840361 -0.258979201331553
-0.00299429234806099 0.0183379047325154 0.213056412771289 -0.850917439573006
0.0325869216323374 -0.00613900723445799 -0.623846609662483 -0.525949435868702
0.0351042151964074 -0.0387061779700241 -0.554003495443073 0.251884565257672
-0.011053618070365 -0.0313256924676179 -0.035910854638533 0.388628033138253
-0.0173827998475308 -0.0121227387358646 0.157734551224204 0.0739211508402202
-0.00885731586046416 0.013581426720123 0.0473707233010807 -0.208133242655403
-0.0195113440063665 0.00876446876616015 -0.032412574200693 0.188226140719974
0.00313213993523588 -0.0164644154977865 -0.136898554112872 -0.0717120544936112
0.027521061810341 -0.0161430999199633 0.0788740006433695 -0.39343515006813
0.0402662894157548 0.0155939947215574 0.506277364899805 -0.190623584770503
-0.021243620869734 0.0261117812990447 0.552775233475736 0.579003013140539
-0.0762435009214676 -0.0103663597368619 -0.25220541862607 0.862555094480592
-0.0387815647309884 -0.0218413822893692 -0.622673117347101 0.285882886280954
-0.0387678817738926 -0.0245023980726517 -0.0165972369161615 0.106829129033921
-0.0483318239598307 0.0262303434033344 0.627476386152128 -0.263779780674153
0.000650513150763934 0.0245103529220424 0.200912506400868 -0.85218478349546
0.040320642785648 -0.00212779328364292 -0.631432720975014 -0.523111397347668
0.0398799937873098 -0.0345656420839103 -0.552168826044254 0.253879715607079
-0.010973986109342 -0.0261300899710574 -0.0277718140999856 0.387361911740167
-0.0215797456560434 -0.00895195095657065 0.162263583625941 0.0733497594455931
-0.0142283333171417 0.0160225003037289 0.0530874784915277 -0.205589440737857
-0.0240773387803875 0.0118599410963024 -0.0285386406433517 0.190736818913428
-0.000383210172942307 -0.012074642680845 -0.132539329381986 -0.0703239655699741
0.0266283275272344 -0.0086771460649233 0.0823043880900759 -0.395441217067737
0.0445394516987825 0.0219882562479831 0.508452597363721 -0.192550751113031
-0.0142120394166528 0.0304721319890232 0.550631481040448 0.574552659748468
-0.0735135419003147 -0.00356216343164795 -0.254384055823886 0.85815706857008
-0.0444705897106827 -0.0192085606983151 -0.626956343849654 0.285429248733138
-0.0459095089740972 -0.0238136045970991 -0.0237791914075421 0.103168509669076
-0.0522433321341113 0.030732193017737 0.621262441148167 -0.267468948914361
0.00489688448780088 0.0314439026027308 0.198091881721899 -0.857165932260695
0.0477252407399908 0.00328563774542593 -0.632413408934268 -0.526335423965581
0.043583331844426 -0.0283160952197791 -0.548060527444987 0.250902043645828
-0.012700589272567 -0.0194979115997522 -0.0240467000223857 0.388210704064716
-0.0260697508186154 -0.00535786233441329 0.165943091390947 0.0759173777882368
-0.0191097726335906 0.0183707476383847 0.0572488226899794 -0.202978245331944
-0.0272418492013573 0.0168744728241111 -0.0265029696249658 0.193257081254162
-0.00353569568753946 -0.00542655607565193 -0.132014348024562 -0.0667509689509689
0.0254230084254559 -0.00148786289317727 0.0775644848727912 -0.392936921370715
0.0489580378024963 0.0288349844110535 0.504096922593681 -0.201524886544317
-0.00738468786151578 0.0367264484883112 0.555153727004099 0.562151116483806
-0.0696357611326807 0.0034563316873943 -0.246637236408457 0.859082616459233
-0.0457432920867499 -0.0133309888263728 -0.631790239338303 0.289225173922898
-0.0502672401131448 -0.021500650030363 -0.0339315261743837 0.101986620524774
-0.0535352360503634 0.0346664671834723 0.616494937036875 -0.262034341987572
0.00845447955049156 0.0366825212183641 0.207390686471512 -0.85551013249805
0.0530805347546557 0.00879021996028537 -0.624854195833935 -0.538381964779657
0.0443748608017185 -0.0218158252656285 -0.550401127306059 0.245051031462035
-0.0153917950047927 -0.0125310134369654 -0.0261433781624798 0.390066003069463
-0.0296083962626728 -0.000466387507757018 0.165553898714413 0.0809286292918123
-0.0240095267929794 0.0225911595450678 0.0598442253702094 -0.200008729028222
-0.0293210588182645 0.0222856426450159 -0.0264493562831614 0.193869769131031
-0.00473536068475174 -0.000673437680878889 -0.134654350686783 -0.0613672965499437
0.0238222758667525 0.00553463152036479 0.0718988008321503 -0.389864135046408
0.0493825247059496 0.0347940311119829 0.500785389050649 -0.209446126699303
-0.00210664488382428 0.0416462626197994 0.565240759664508 0.545940061122854
-0.0632265089503959 0.00992085814608135 -0.229874360763908 0.855672673216487
-0.0438368522460197 -0.00964261408258758 -0.631907432888741 0.296474731607558
-0.0510017701175925 -0.0186403976577992 -0.0458374353697175 0.100906513728839
-0.0526864206635447 0.0384647433831231 0.613820515900809 -0.250147469894788
0.0114287248949736 0.0433361953796537 0.22791156985698 -0.853614133354187
0.0555803205939725 0.0151934953125176 -0.610385959967265 -0.552811937275831
0.0452187669559304 -0.0137203019433742 -0.558112445843456 0.235967180827247
-0.0158826017959275 -0.00648915729223266 -0.0347754732299183 0.396477384042786
-0.0318026255087637 0.00404703610987891 0.162241713099983 0.0878244161269339
-0.0271093965497488 0.0259626700309614 0.0614959747016762 -0.196869148959132
-0.0299777899770356 0.0263685899467287 -0.0281446456739139 0.194236897470973
-0.00588015638814716 0.00488753020580164 -0.139736293760168 -0.0543594783723647
0.0208368971014898 0.0120610849570851 0.0621906999808303 -0.384631521488008
0.046786261698439 0.0405316813422152 0.495183294810398 -0.21877418213862
0.000291464000912581 0.0455028385647168 0.582339949461647 0.527502705853327
-0.0564259581585339 0.0148795563016395 -0.203092591947881 0.85678388401761
-0.037995646665163 -0.00564181382643275 -0.627926495079487 0.308517938087374
-0.0464234410558145 -0.016665581189563 -0.0566334835254503 0.10146277296329
-0.0483829287295992 0.0401263035269498 0.613802927642168 -0.237347147255774
0.0147435106868432 0.0456968236131781 0.257105589345808 -0.844569811169993
0.0554819306247076 0.0206798107422677 -0.591646522779294 -0.576166655836416
0.0439176330784721 -0.00770415922378601 -0.564118456275516 0.224392263259537
-0.016471923924897 -0.00129694047188759 -0.0463538185507679 0.402490205009968
-0.031768621396547 0.00784959968255596 0.156995031562013 0.0944003625810638
-0.0280051846435246 0.0288899230999963 0.0605127550355405 -0.193664359802091
-0.00529624981686091 0.00666727074895133 -0.0459497596714273 0.18500317951042
0.0138888993355402 -0.0214774662016613 -0.158073493961971 -0.0640868801530788
0.0272192045388402 -0.0212945845925408 0.0492754084101073 -0.386067944960809
0.024394431573807 0.00909726814240111 0.495575778656795 -0.200129152136333
-0.0351103071051623 0.0186344625691845 0.596280367231578 0.559077821933066
-0.0734645365809525 -0.0194814604865881 -0.186490622833042 0.882580493126241
-0.0110914113554505 -0.0257187799658113 -0.601499901729077 0.316718920765498
-0.00482373305274869 -0.0237731473570551 -0.0190479011326224 0.113932874683024
-0.0246990231757474 0.0197390533119819 0.648817438590219 -0.235130648782093
-0.0025772721640029 0.0131122755236347 0.264656988994662 -0.84240609810991
0.0200907726985147 -0.00583241596138592 -0.59628049275308 -0.550250735440499
0.0253449505152703 -0.0377009390971803 -0.572807300518139 0.241669210567774
-0.0113800097016212 -0.0331681007868012 -0.0579097879944551 0.401298726931443
-0.0128889398412724 -0.0132667037991018 0.145325836815685 0.0825646474575968
-0.00280001876154498 0.015389151780525 0.0422486772317455 -0.20998362766407
-0.00920745325137355 0.00518019563994989 -0.0418342686019573 0.18623051500228
0.0101177396418475 -0.0221381490670813 -0.150683551477393 -0.0692355661165117
0.027528207709485 -0.0219275797272784 0.061516152719677 -0.39052186000568
0.0290564972314963 0.00927677967951277 0.502225051459355 -0.193420422565688
-0.032538168744204 0.0195559489705675 0.576174619176065 0.57313043774534
-0.0772766546006517 -0.0196943901264262 -0.215900918091597 0.877211949592637
-0.0213003949346424 -0.0263066582014552 -0.608374946797117 0.302513698985425
-0.0155954366390372 -0.0251238920873356 -0.0135354216520512 0.111910020887479
-0.0328568888396785 0.0205118140755617 0.642710456271475 -0.247259511287666
-0.00373717927921367 0.0147960128164353 0.237794317424924 -0.84805607804806
0.0262918652670464 -0.00653390327216014 -0.612034616629126 -0.534215808652927
0.0307494671028737 -0.0402196808215548 -0.564582251838262 0.247853752119668
-0.0100733008096594 -0.033772662360578 -0.0467903916790994 0.393962168896892
-0.0148387695678769 -0.0135161807595612 0.152044831793759 0.0774878967354056
-0.00529905081504128 0.0142606233240994 0.0460516264165147 -0.20908217180513
-0.0138467555266754 0.00522279686908985 -0.0369254899991971 0.187041499668703
0.00706754100266619 -0.0195499994860367 -0.142110574818059 -0.072182040172066
0.0283402673453893 -0.0209033966263048 0.0726104850553733 -0.393227157975733
0.0357688409225551 0.0111492572566724 0.50650057442131 -0.189935752855738
-0.0275369510071931 0.0217786747247837 0.562027361699107 0.581610835881902
-0.0775770287174346 -0.0157988718577147 -0.23771359119687 0.870315283611084
-0.0307134350186532 -0.0243601676661192 -0.617089464582257 0.293229718662551
-0.0273546399104895 -0.0252482857688895 -0.0116659628591171 0.109475832300629
-0.0417777784447168 0.0218569258710891 0.635549098669681 -0.258393595737622
-0.00300387539267797 0.0182906022149057 0.215817683008108 -0.854854854517863
0.0328833703133689 -0.00640729649278801 -0.624618466055261 -0.528717429913574
0.0354668596361148 -0.0395512669452876 -0.556951570358373 0.25151477234201
-0.0103863414528718 -0.0312313935140147 -0.0350095214163374 0.392030936731949
-0.0180008876268347 -0.0118431634520728 0.158114738301118 0.073966124742128
-0.00928322103909152 0.0141724956292786 0.0486606427549212 -0.20885962816028
-0.0188833504013315 0.00898909780111145 -0.0329626005941868 0.188662842393107
0.00226587782730302 -0.0169343269253019 -0.136896832558571 -0.0725408929874937
0.0279445787616043 -0.0156881700619114 0.0792207105036933 -0.398239586694682
0.0412173710485203 0.0157272286858623 0.507846499630172 -0.19025099280811
-0.0211263559142532 0.0258847677276308 0.553854004434746 0.580454325199985
-0.0772214938715616 -0.00968318956101457 -0.251014786292822 0.863627745397218
-0.0380795908931896 -0.0228018532925862 -0.622851494681146 0.287234555354362
-0.037812567874996 -0.0248546411345306 -0.0155448633601874 0.105846501634545
-0.0487677564330635 0.0261557443620895 0.628408619250815 -0.265748932296731
0.000604367300777411 0.0242730384086306 0.201497121134731 -0.856139276947085
0.0403872160727318 -0.00203415436483782 -0.634205985127675 -0.525527928556618
0.0403748443031681 -0.0350074921834166 -0.553091327843581 0.254547602008839
-0.0117613967852344 -0.0261992345218724 -0.0266126700495621 0.389545203978418
-0.0223659031100786 -0.00898872820600255 0.162963386606764 0.0740909181877319
-0.0144024517929351 0.0164386901478079 0.0553582537472362 -0.206654742420575
-0.0228402657997478 0.0125507521350727 -0.0300899216680242 0.190969905686357
-0.000976690454360553 -0.0122767572804298 -0.133399735922832 -0.070983102829311
0.0270533466823942 -0.00873576918388713 0.082844379431272 -0.39762433996435
0.0458106903873314 0.021537352568407 0.510088503274436 -0.195276348826055
-0.0135067306266985 0.032075705573523 0.550744524367371 0.575953333050796
-0.0731341275476549 -0.00352386168630304 -0.257968437963945 0.859796788229354
-0.0439841301047429 -0.0186903272134693 -0.630120065937572 0.284961481375368
-0.0462488270137747 -0.0241776267623434 -0.0229294712980752 0.10356720320391
-0.0523584565148853 0.0311311545918031 0.621547291919554 -0.266086715242933
0.00456421461418595 0.0309782228809521 0.199727547529445 -0.859819945353457
0.0469338278779463 0.00209710226460739 -0.633944875451667 -0.530879610353932
0.0430795566632999 -0.0288520349313938 -0.551582224248885 0.251984087788379
-0.0128125699105469 -0.0192208701771025 -0.0257799381383655 0.390049341452818
-0.0265434781835475 -0.00528322888635859 0.16548082866476 0.076469016203391
-0.0193012857608011 0.0191268811818818 0.0577579384644858 -0.204356939915768
-0.0272446074787443 0.0173764504519931 -0.0266180652919961 0.193270040391024
-0.00376967485987593 -0.00584956696267461 -0.131875608353986 -0.0669101000904221
0.0253375959929691 -0.00222160455735661 0.0787180040920789 -0.396134846379959
0.0490848360863308 0.0284908244396294 0.50614898482439 -0.201921956850498
-0.0082457350511132 0.037185361079993 0.557863860649555 0.564209068214928
-0.068972015586219 0.00361244922117784 -0.250239133118814 0.858633842554502
-0.0457392514024506 -0.0156435581430206 -0.634601216880363 0.290953336870287
-0.0505890421808553 -0.0216516788737528 -0.0333153608468914 0.101304187037376
-0.0540983507243912 0.0346330320866325 0.618390893247636 -0.261008309337487
0.00865706458570246 0.0379208637845796 0.210887539032769 -0.857071343968439
0.0529204535658156 0.0087286346210874 -0.626326409478439 -0.541764262862273
0.0456054106908573 -0.0214201531404617 -0.553898269508152 0.245152774280881
-0.0141698264654638 -0.0133035606696361 -0.0270812604136713 0.394103270325528
-0.0301305242899415 -0.000735229275211011 0.166145288857092 0.0817358025701497
-0.0238082676472524 0.0227928414860837 0.0603588442636975 -0.200055586797905
-0.0299609993206298 0.0219675487160372 -0.0270940592581867 0.194628782277282
-0.0055565832323676 -0.00128011699666357 -0.134183625565555 -0.0617529205363762
0.0239648326450598 0.00660766779122103 0.072384822233038 -0.391758155202875
0.0494557293754528 0.0352636896959731 0.503974338808688 -0.210266196746678
-0.00233409156022014 0.0415744456491181 0.567877145062927 0.549043879598759
-0.0634922281370933 0.0104695545751882 -0.23110160031432 0.857007591969138
-0.0444596579800236 -0.0101043293948023 -0.632831059927964 0.297856062417895
-0.0510175226495892 -0.0198637175147541 -0.0456728251136796 0.100932324723866
-0.0523086368142075 0.0389457811165818 0.616893245444618 -0.251885523133591
0.0117111903505873 0.042603968124879 0.230224864334797 -0.855231148815623
0.0552331722636519 0.0153591570315582 -0.612265170293835 -0.556992734411438
0.0456630824847296 -0.0149236498896909 -0.561335389905409 0.237180122567644
-0.0157234005476127 -0.00658505763240132 -0.035652691827992 0.398703149030894
-0.0322372566871207 0.00384583602689063 0.162421785456535 0.0881181839972762
-0.0259339174309531 0.0263832341364165 0.0626004143883782 -0.197422992534324
-0.0292332604023176 0.02657132706309 -0.0282953792671131 0.193919596789212
-0.00723442427162169 0.00328965480350158 -0.139793026881528 -0.055090127536241
0.0213786145702636 0.0110641736614447 0.0622629120563078 -0.386511317360426
0.0467534316838432 0.0404259403335039 0.497712099461418 -0.218043959314371
0.000355114509244622 0.0453886942821398 0.582632657373978 0.529552392807323
-0.0576110528124445 0.014610786971142 -0.207331901678475 0.859845795270593
-0.0381489672305848 -0.00586969642455479 -0.629495317840804 0.307681900576099
-0.0464996948476425 -0.0164361869947311 -0.0582347894421327 0.10119225258875
-0.0479831957363891 0.0402481684477568 0.617163313626979 -0.237264678157584
0.0151454286962198 0.0459657724067783 0.26008046576437 -0.847632917928338
0.0556984077175187 0.0202215939840888 -0.593097144154497 -0.578836645404596
0.0447547409666961 -0.0083362927202777 -0.569328653123343 0.223511620404676
-0.016344282983232 -0.00200150365170342 -0.0471027953323867 0.404711141995966
-0.0329887033921072 0.00726586691253179 0.157282114959361 0.0963357110736819
-0.0284679613796244 0.029917056163687 0.0627119113558645 -0.194745492036194
-0.00511776124522125 0.00689545344905384 -0.0470922907973998 0.184765869609996
0.0130330581812657 -0.0220631403954421 -0.158916612973148 -0.0645993913604233
0.0279312658703843 -0.0216341389781416 0.0482539262784221 -0.388815494804625
0.0265669401794523 0.00928063516221505 0.498161707791257 -0.201423683827471
-0.0361731054141008 0.0195941966226654 0.600317700899487 0.561657142723184
-0.0742880055387979 -0.0203975399789306 -0.187851806257885 0.886348416090944
-0.0119595461734765 -0.0260145533629815 -0.606808028790902 0.316522006764252
-0.00516115481851628 -0.0246525128984679 -0.0197368068921234 0.114430790045009
-0.0245701077549111 0.019361219247964 0.651837688749364 -0.235313303279235
-0.00227236317154076 0.0124358218872515 0.267443195954211 -0.845794609826022
0.0201381939686644 -0.00556918940085615 -0.597736519021224 -0.554773826846754
0.0257409441884283 -0.0386546803879499 -0.577035279987142 0.241710798411597
-0.0112526817136641 -0.0329830038376567 -0.0579222418387673 0.403493359061277
-0.0138940273402974 -0.0121994873521885 0.146540294721974 0.0831008795273296
-0.00232958214186589 0.0152185255489099 0.0423720037100993 -0.210126976833476
-0.00897391751975936 0.00555439500480603 -0.0430358881248374 0.18672190629801
0.0109485387177946 -0.0222336040447373 -0.150021679298989 -0.0701795909410664
0.0285844255369912 -0.0235684647414244 0.0616131525450392 -0.393511070001277
0.0303472425403708 0.00807567774453987 0.504581913314255 -0.19403806795032
-0.0337559406840306 0.0197779757999324 0.581825848763333 0.573065533788534
-0.0763065877817827 -0.0186855428937003 -0.217347105834671 0.879952472302248
-0.0206622971273005 -0.0261300441835989 -0.611758685468929 0.302689471381529
-0.015550209520834 -0.0259339684500596 -0.0135687160403737 0.112426913655621
-0.033536019980495 0.0207941954130284 0.645898304878681 -0.246948207270361
-0.00382496464133061 0.0149250305409773 0.240145320038085 -0.851050817710968
0.0256504310810146 -0.00815930929279279 -0.61481268149863 -0.538652636003001
0.031017926095429 -0.0412327293943806 -0.568761998315778 0.24999054934476
-0.00958662151310141 -0.0328979248744982 -0.0475972597597451 0.397433393695426
-0.0150977770571288 -0.013326504913876 0.152274864516711 0.0779655887678724
-0.00544250192218085 0.0149038237077669 0.0469686246394564 -0.210260811103218
-0.0120947448755775 0.00648018359957114 -0.037565617945024 0.187698144219858
0.00642130621289552 -0.021407338400872 -0.143316725383997 -0.0729616267152342
0.0283759613181024 -0.0214645049345506 0.0716798257584299 -0.396554929399742
0.035704329244949 0.0116124798582596 0.510197751602623 -0.190931605811498
-0.0282823678002283 0.0215443535985637 0.567131219026702 0.583023977910158
-0.0786951819109682 -0.0153456748382319 -0.239663214929278 0.874331893559692
-0.0300848012049816 -0.0255928364220527 -0.620587630300674 0.293278518470959
-0.0272922485192425 -0.0267329977100845 -0.0126154578206079 0.109285568637578
-0.0421413051088451 0.0221497941092452 0.639385265900683 -0.258924636658856
-0.00303718071746772 0.0185039864864139 0.217018043060561 -0.857247804485276
0.03245290018172 -0.00627799218883094 -0.627126821639233 -0.530688407445802
0.0358502813569967 -0.0403020322840187 -0.561374403731197 0.254294721194748
-0.00945758684359911 -0.0314243598112455 -0.0347147534524651 0.39309353946026
-0.0188503924621645 -0.0115976712015196 0.158693537448593 0.0748000683928805
-0.00873156847048754 0.0156693353440762 0.0498372232141921 -0.210036264777986
-0.0185728481256312 0.00848348644586424 -0.0341384172358441 0.189480130651785
0.00194202949426228 -0.0179137581016412 -0.137372367944249 -0.0727783283269752
0.0282138330754209 -0.0156763969217739 0.078793804018854 -0.400198753908381
0.0421935250431933 0.0156605941547776 0.511171224787064 -0.190844968597356
-0.0218427143499441 0.0257864842309738 0.55831821748879 0.583315635929447
-0.0774952215937272 -0.00986899215688487 -0.255545561673244 0.87038784732512
-0.0383409649703752 -0.0239917994093673 -0.627494445796494 0.288132592913883
-0.0374327865665025 -0.0257815863181303 -0.0160064027870575 0.106485139274567
-0.0484698830087262 0.0257562356068194 0.632325367781332 -0.265807955943327
0.000420896603898095 0.0239397715686807 0.204656681670915 -0.859120746663366
0.0403951398064029 -0.00223642745865597 -0.63636251503593 -0.529684028422554
0.0408661034040477 -0.036238479849791 -0.55673360790856 0.255420454682441
-0.0100889349557861 -0.026109687180491 -0.0274983320096777 0.391729313988453
-0.0222429331617542 -0.00849367734070295 0.164285944967781 0.0738340968825943
-0.0144010213839692 0.017086021268012 0.0550711395087678 -0.20659275810168
-0.0231482350101982 0.0129407846812242 -0.0304293435270516 0.191404275373885
-0.000381262231020202 -0.0134971734419138 -0.133866966254469 -0.0723064795412317
0.0277477572663509 -0.00920816274234405 0.0821071403023253 -0.399440825431161
0.0466857322229513 0.0224148923575158 0.51383448706727 -0.194882483265039
-0.0151555746657316 0.0315089971153628 0.554708378676264 0.578955784037089
-0.0746054829349275 -0.00297540922071599 -0.259910244356297 0.862451423097654
-0.0448140942856009 -0.0198793028172938 -0.633848707264751 0.286795199654131
-0.0462752129417926 -0.0247703218838772 -0.0230021784784032 0.103444587619103
-0.0518591227347984 0.0309566795531932 0.623940141030505 -0.267051041067859
0.00427518342325774 0.0305874383522035 0.201424421769349 -0.863602134840786
0.0474574051853237 0.00236252677255199 -0.636461124696949 -0.532800755679851
0.0439212589771169 -0.029931418834137 -0.554850266426142 0.254101529381866
-0.0116851915137001 -0.0203968782231873 -0.0242585368405505 0.392887728029162
-0.0268526950065417 -0.00364974306837052 0.167363706587489 0.0782389110011089
-0.0196137354640546 0.0197765888871299 0.0585070784017037 -0.20444135407637
-0.0266705567360215 0.0173957281195248 -0.028084609032321 0.193097977038549
-0.00409917382370795 -0.00664505096199007 -0.133950688317586 -0.0678493891810686
0.0263024349322839 -0.001996017894153 0.0792539415359974 -0.398763690273143
0.0487935100159237 0.0280997510567826 0.509739115039978 -0.202185528266443
-0.00865644703632799 0.0373355363339232 0.561232599356801 0.566604519375824
-0.0696707593618711 0.00398083081679169 -0.250273527337778 0.8626359063703
-0.045221917501907 -0.0157549036478109 -0.637553826130675 0.290335371494197
-0.0505529773157077 -0.0221263934924945 -0.033634650710136 0.101964439370659
-0.0538969391580861 0.0350064658245315 0.621759710440679 -0.262765714274102
0.00889217255589438 0.0373241301968748 0.211432621727599 -0.86142562836212
0.0528276989485459 0.00917504137989009 -0.628904720059792 -0.543960867480107
0.0460460124189468 -0.0228067327920367 -0.557724359781316 0.248763634197276
-0.0138426264971144 -0.0133122870482715 -0.027940658314357 0.395577616389888
-0.0299739469906405 -7.30839597687049E-05 0.166364168397449 0.0820357749665179
-0.0235733087782165 0.0237835036681697 0.0614682267583978 -0.20120957595402
-0.0289588836525151 0.0224847188660117 -0.0275888677009871 0.194658157984316
-0.00579696422443042 -0.00144502973807016 -0.135422244093098 -0.0619979980244006
0.0239838303854684 0.00521366313825172 0.0729285163733092 -0.397123932317665
0.0503231031465358 0.0347155971732528 0.506708235515669 -0.209921970887003
-0.0036098731533426 0.0424077309959039 0.572692316427228 0.55215436046095
-0.0640191337915892 0.00993371398939986 -0.232745182572695 0.861646971382113
-0.0440154264663683 -0.0112366179512815 -0.637942351216263 0.297297467449312
-0.0511858384663737 -0.0197325214037518 -0.0452718261597291 0.101297883266688
-0.0529812151040414 0.0389523488234151 0.618507984883409 -0.252016308176952
0.0124035415604865 0.0432920340847145 0.233371247722534 -0.859636351449565
0.0551979764697127 0.0150849089802164 -0.614610185285608 -0.561218887278634
0.0458300056591681 -0.0156314594316315 -0.563276354102704 0.237892486107388
-0.0151048782221314 -0.00731497738847407 -0.035776815442239 0.401992129096136
-0.0322516695748911 0.00511437061462196 0.164709618361203 0.0888578022602942
-0.027393248058271 0.026754783695149 0.0631566987310685 -0.198682132150698
-0.0290552239999711 0.0262937953927874 -0.0299290890152696 0.195133991985099
-0.00700660182368973 0.00324881438598161 -0.140788287369441 -0.0547816946817958
0.0206566760556033 0.0116685164441018 0.0637442807176322 -0.389465209382433
0.0479730852752298 0.0405164313846272 0.501323712139834 -0.22061386336982
0.000258860567227542 0.0465456556308063 0.588255686911653 0.530913053633736
-0.0585803945878311 0.0141772862732367 -0.207277811192723 0.863910213185428
-0.0380384446813435 -0.00643964752071844 -0.633981719857096 0.308216278560374
-0.0474983317793962 -0.017007791328248 -0.0574328897465351 0.101383900087781
-0.0477935712850001 0.0400879525309356 0.618964686187652 -0.238378146130863
0.0150102189538675 0.0458645961232281 0.261143562732885 -0.852187936118307
0.055358507101487 0.0203791250837583 -0.595109414154864 -0.582216190682929
0.0444977070273631 -0.0082644802868994 -0.572182883626819 0.22670344960428
-0.0158823373560972 -0.00195737679526814 -0.0467841710494901 0.406873388449843
-0.0325628762625846 0.00855898822250128 0.158163542848003 0.0962090325176185
-0.0277452079110779 0.0305385748237413 0.0627297680918645 -0.195883757416662
-0.00431825823083198 0.00705015839993035 -0.0477640838725862 0.185776847943266
0.0133532821868554 -0.0224085980221728 -0.159538725741411 -0.0648904678119154
0.0280352149922383 -0.0221021231407058 0.0491320291783828 -0.392764809255854
0.0260091711492731 0.00865010621203687 0.501514343541634 -0.203092456052492
-0.0365922735710788 0.0195264310563058 0.605047990369866 0.563259333739533
-0.0746078633941847 -0.0192284038199782 -0.187024465740434 0.890976726957423
-0.0112187885881637 -0.0270870508183908 -0.608391864349225 0.319233241162347
-0.0047246223380816 -0.0245917318764035 -0.0191669044372873 0.114502364322143
-0.0242826166078218 0.0197794169873917 0.655199656690914 -0.236305006116155
-0.00174654395412887 0.0133747780102902 0.269783651534759 -0.850462220954817
0.0201844901781046 -0.00605209530629894 -0.601968465227689 -0.557486436970971
0.0247538414986024 -0.0397811219122161 -0.580575130674304 0.244927354343902
-0.00985178415328183 -0.0335929327607235 -0.0577723611618684 0.407288119850135
-0.0141303644519542 -0.0111879017019519 0.147465060814115 0.0842307060192896
-0.00222083807824215 0.0168215583778274 0.042910291367387 -0.211740914355376
-0.00840903170375335 0.00582808411743707 -0.0437122804076315 0.187617516451065
0.010140778105928 -0.0234568299441483 -0.152030283306229 -0.0689997159204847
0.0293774153287142 -0.0230443872071327 0.0634062261501907 -0.39793625659385
0.0313495716200138 0.00854038253095176 0.508799006466126 -0.196095602962544
-0.033883663091337 0.0197456209738676 0.585897737265194 0.57735876817589
-0.0774023489766777 -0.0191291009691887 -0.218374577178907 0.885349070079542
-0.0202777053490965 -0.0268140174876998 -0.615956020057681 0.30552020844157
-0.0156099278549397 -0.026492067372362 -0.0142081175684013 0.112307586943374
-0.032976239603986 0.0203007540356196 0.649515809975492 -0.248627876257264
-0.0029819853056182 0.0148334399471573 0.241287627836645 -0.857274496196147
0.0261235033622984 -0.00710005721129492 -0.619326311238725 -0.541052994745801
0.0313624614493695 -0.0414681769498977 -0.572458954295034 0.251859439538928
-0.00924198764690063 -0.0342399758344052 -0.0465152090619745 0.40064447938619
-0.0158269427142896 -0.0123451421903744 0.153116371731487 0.0781642280283609
-0.00496823463540898 0.0156639641866243 0.0475659913679033 -0.212242178825825
-0.0123185525352535 0.00623630655567192 -0.0386971526813901 0.188225999583731
0.00623495642764313 -0.022072577892269 -0.143988426826357 -0.0724362805794771
0.0290459204857427 -0.020549256569085 0.0725917831765911 -0.400322077932873
0.0368009483957384 0.0105737835487954 0.512343057558701 -0.192814395158069
-0.0290324841933982 0.0221221790835888 0.572379287574341 0.58547328440684
-0.0787328452393883 -0.0146761224848183 -0.2403659787348 0.878409139456927
-0.030153329169447 -0.0260145082772185 -0.623648946898538 0.296498491224835
-0.0280056518607565 -0.026669840231591 -0.0122940640860386 0.110255552904829
-0.0409432756346138 0.0224759680344623 0.641305062332017 -0.261097038789493
-0.00279625352410624 0.0190591505425508 0.218854883664942 -0.863903518550305
0.0331558452581763 -0.0058242349645381 -0.631632875908493 -0.533012652611701
0.0357544549877757 -0.0412585980267777 -0.564821541979873 0.25645316807425
-0.00945574679621439 -0.030905188499379 -0.0348939068986084 0.396752003043967
-0.0185696513455418 -0.0115613398871539 0.160085902316049 0.075202872423135
-0.00877058375693728 0.0160194522301033 0.0507514556993664 -0.211013209851704
-0.0182779972810502 0.0093627770426993 -0.0349998597338335 0.190137598296611
0.00199812129302537 -0.0182992752534054 -0.138500367422262 -0.0735097910536568
0.0289012500580593 -0.0160549241883344 0.0787511493296 -0.403173251636527
0.0430670123894819 0.0153520241984388 0.515523730152586 -0.193316946545028
-0.0229424982323416 0.0271768103251999 0.562500127025675 0.584948865446498
-0.0779818941032425 -0.00929086269552732 -0.255395242985551 0.875468886103189
-0.0374375850207325 -0.0240901130268071 -0.632106635046544 0.288458052289104
-0.0380777443478729 -0.0266485704677924 -0.015637013315467 0.106955259656473
-0.0484193206061923 0.0263094200665153 0.635283132589928 -0.267387930745974
0.000722569678407149 0.0247584999974328 0.206297360340388 -0.866150413192475
0.0410200420445146 -0.0031984526697247 -0.642710000492364 -0.530926478447249
0.0408951825183991 -0.0374520487399198 -0.560969422868979 0.259681352065115
-0.00995570693373283 -0.0260107310673451 -0.0265297332390522 0.394684709411339
-0.0226176663563136 -0.00791622423596396 0.165915273480883 0.0754824886127793
-0.0143287476827426 0.0176764598560297 0.0555176925693662 -0.208406980565879
-0.0218915715271447 0.0124649609663047 -0.0314246910590582 0.192037644988223
-0.00105245233561948 -0.0131769806618642 -0.134760858766318 -0.0726194623412848
0.0277929055029485 -0.00962510351604985 0.0828577565441887 -0.4034683480185
0.0480445885848488 0.0223908051363906 0.516393235091619 -0.197732656128146
-0.0159276384506347 0.0319213045718089 0.558743589125646 0.582459477680472
-0.0750350683314403 -0.00191153310476793 -0.260031585495946 0.868705998732936
-0.0436502590085168 -0.0204124245228295 -0.637043361262467 0.286969193875088
-0.0464603080873015 -0.0246049847152906 -0.0225400740231868 0.104343052931766
-0.0521146832243902 0.0302361514977088 0.627092462450508 -0.269468275684061
0.00422386739307567 0.0301952230926394 0.203600831699393 -0.868853404624016
0.0480139352836051 0.00253873078077128 -0.640469523735675 -0.536714714009982
0.0443644639854372 -0.0309605541779898 -0.559155633533542 0.256614343936131
-0.0116850130080941 -0.0209793676709821 -0.0248964170885301 0.395957958800827
-0.0273674533340733 -0.00379164666408469 0.168057207109878 0.0780476495005764
-0.01930084048064 0.0205027463426539 0.0591653828749619 -0.205994416463982
-0.0263670034725488 0.0176851644901908 -0.0297966165264937 0.194004407446216
-0.0040854579510008 -0.00720052541894853 -0.13373722857511 -0.0677377420025923
0.0270848193204277 -0.00204498685409812 0.0791747773323852 -0.402853176575041
0.0512908995704716 0.0281806604110383 0.511703649564344 -0.203768031210679
-0.00800335742155169 0.037710347919709 0.566976834682162 0.569701409338034
-0.0703845338597117 0.00425462123654792 -0.252788489295012 0.868009992457163
-0.0452751080721631 -0.0158007960465596 -0.641243438049548 0.291434581474198
-0.0509526639326994 -0.0226163228717885 -0.0332882658039697 0.102753231065381
-0.0542536494214453 0.0356005338311358 0.625073884668823 -0.264044173387449
0.00851655733488008 0.0383673892701792 0.212665513377629 -0.867142804098587
0.0531415063742922 0.00928357819043562 -0.633150024463835 -0.548137236965095
0.0468900006721601 -0.0234407587928046 -0.560897441932658 0.249487964501907
-0.0132042588425827 -0.0135929789979835 -0.0261586703932896 0.399490552181539
-0.0313479628639386 0.000609855341546887 0.167838264496613 0.0836763304038694
-0.0235125610411524 0.0237524823744642 0.0628851941992374 -0.202564976698725
-0.0280920304353047 0.0221783547024118 -0.02897600648249 0.195266209626263
-0.00605836923896995 -0.00209003468101661 -0.13666332325954 -0.0628238767592469
0.0244884132779846 0.00543406841018044 0.0725571797996716 -0.399340850943824
0.0508620504894472 0.0347063351603805 0.51013760646023 -0.213087753008434
-0.00333257713250588 0.0429994837145103 0.578571858339156 0.553663943047438
-0.064216252261676 0.0103616633333626 -0.234308847009916 0.865395855236337
-0.0436481004797723 -0.0111483496851191 -0.641205576878248 0.29898299026062
-0.0515775354555882 -0.0198488282220378 -0.0458574711124842 0.101465066813948
-0.0525939669756823 0.0394004305073613 0.622743766015848 -0.254042476650279
0.0121708280723514 0.0432552297506287 0.235539701920699 -0.864539659465984
0.0553897676271306 0.0164469649044116 -0.617918925145113 -0.564233034087624
0.0463213921606018 -0.0150725408454397 -0.567335826463092 0.241285774576077
-0.014824162093118 -0.00766114297376034 -0.0354830845499164 0.404318277410468
-0.0337638120558467 0.00477665863958648 0.165462357737419 0.0894115123119286
-0.0265224061690651 0.0281008630996667 0.0648527955046868 -0.199680701749848
-0.0287289813364462 0.0268830455164721 -0.0303721952713683 0.196343086290725
-0.00731976259990314 0.00284085328574641 -0.141191532537055 -0.0551279967935521
0.022024559457395 0.0119313486943868 0.0620535222653444 -0.392957509184028
0.0489518036301856 0.0403407413664079 0.504352482109938 -0.222783682063839
-0.00056818447774562 0.0464444989977527 0.591998228092524 0.532720676634008
-0.058345722991157 0.0156839095521865 -0.207452595363836 0.869099429735631
-0.0389654163104724 -0.00707487049011384 -0.638054857976768 0.309183216789854
-0.0479475394608252 -0.0173598115466468 -0.0578736633776321 0.101527080805568
-0.0483478454170785 0.0404555171616443 0.62149637027585 -0.240501652612569
0.0150748758805405 0.0460251698929066 0.262661455979935 -0.855936704641165
0.0554942945382021 0.0212363888016561 -0.599590351998826 -0.586113749330891
0.045479227967353 -0.00911960149451249 -0.575586089172886 0.229567217220473
-0.015128029859549 -0.00290678183493105 -0.047657388872287 0.410478943868837
-0.0340440604713499 0.00931493562349239 0.159753868736492 0.0971868587920508
-0.028074279317057 0.0305264202716484 0.0633021490152322 -0.197186292427241
-0.00420376222377047 0.00695906781298561 -0.0486171099567397 0.187638563621389
0.0127239085275248 -0.0225900612923741 -0.160869203364388 -0.0659386081592908
0.0279525565800137 -0.0223451756157719 0.0486512169429255 -0.396357548825554
0.0272989984894872 0.00834032462413763 0.506194509941687 -0.207219814639589
-0.0375642998652872 0.0202728542207967 0.612646968373073 0.566095078474561
-0.0761020312133163 -0.0195701607263155 -0.188278978400532 0.898043818912887
-0.0114509295323991 -0.0274101779177013 -0.613531198876821 0.320623772039441
-0.00449472728902156 -0.0253996955216813 -0.0189143563527639 0.116291734723904
-0.0242408784714449 0.0200287177825896 0.659518118393458 -0.238893929831805
-0.00162206839897213 0.0127439809342622 0.27051851196912 -0.858286708838652
0.0204954493838926 -0.00598271668759743 -0.607352373462888 -0.559832085605182
0.026054413409531 -0.0400021049829228 -0.586058367289713 0.250124510953777
-0.00999907066543712 -0.0341424029436869 -0.0566050123906898 0.411497344573265
-0.0153834241863667 -0.0110660785734837 0.148716705676688 0.0850716338496672
-0.00198568794537825 0.0170684246756308 0.0435272706655008 -0.213092521403309
-0.00788670952391992 0.00658372204182007 -0.0441257711504486 0.18913063576201
0.00880389795695498 -0.0244642199884382 -0.152639659653125 -0.0701441618694599
0.0294476199583069 -0.0231060628821478 0.0618183058905988 -0.402768652805195
0.0318363218261649 0.0083562783001738 0.512683040066471 -0.200032899807242
-0.0348258569114513 0.0209129413201151 0.594028179807888 0.578733694844845
-0.0786424489951223 -0.0185473096491821 -0.21855698459701 0.891938840951219
-0.0204807876872068 -0.0278969200025151 -0.62042284235995 0.307563743280973
-0.0158249525144134 -0.0268694316933784 -0.0135673340054899 0.113473891621911
-0.0328348499001242 0.0202970349728454 0.653377932438017 -0.251397231456277
-0.00338766730302322 0.0147587498411644 0.243288130996773 -0.862845715005418
0.0264774877711941 -0.00683086027517161 -0.625154219314277 -0.546254383009273
0.0312338318069366 -0.0429625021931856 -0.576093181415346 0.257542885535437
-0.00859648172138142 -0.0343743442556673 -0.0455096251083542 0.405038489858991
-0.0162428248965696 -0.0119749103141376 0.155530560390463 0.0790884976010269
-0.00470603100310129 0.0165346215491128 0.048127648291635 -0.213040414621926
-0.0120981639387493 0.00665564667273268 -0.0391798491058601 0.1898841970104
0.0056621849981828 -0.0225849133562041 -0.145211008093192 -0.0725510741439393
0.0291344310279116 -0.0217920931316147 0.0722999783315904 -0.405706365506796
0.0375743112784051 0.0105796172623588 0.517517753661988 -0.19638079722889
-0.0298467798366513 0.0230497123131074 0.579718221641873 0.588493612625547
-0.0787052648073703 -0.0144650460927822 -0.241996616687779 0.885306682288452
-0.0293440360179214 -0.0271972128063414 -0.628113122119604 0.297889239994174
-0.0281680001539505 -0.0266679676062328 -0.0115591714152056 0.110174517491879
-0.0418337400413549 0.0229095924539949 0.646734751229099 -0.262854170562681
-0.00239033756097794 0.0183307186144025 0.218921148738588 -0.870232574625988
0.0328169093844231 -0.00598940115874663 -0.639404745909048 -0.538400401861647
0.0370223172319136 -0.0417023383725367 -0.570582316574208 0.261148620327898
-0.00934276622585205 -0.0318971173404997 -0.0348252802964292 0.400085372774735
-0.0199957199833346 -0.00994646827943848 0.161153066708932 0.076198243814132
-0.00790192712518139 0.0172460309863087 0.0508976148414042 -0.212740702314421
-0.0171444327535166 0.00877894107505083 -0.0369520363844702 0.190895654713495
0.0013871854833375 -0.0190530718149277 -0.139616452564968 -0.0737733252794786
0.0294737067348815 -0.0158952298135271 0.0787015119235731 -0.407840565808753
0.0429634262790665 0.0152930524005958 0.520143390754198 -0.195993856425186
-0.023459181974212 0.0272580442198851 0.571031189367929 0.589377159667239
-0.0785705053147562 -0.00861810067788884 -0.256625273759957 0.880964977125842
-0.0381286081429215 -0.0243759648144617 -0.635229823869569 0.291967915895764
-0.0387906525653808 -0.0262690751746444 -0.0156782262496101 0.107434327665775
-0.0477399616987039 0.0272471406249468 0.639125699991505 -0.269202371814014
0.000830827519693891 0.0242806508550439 0.206224316660589 -0.872063541035495
0.0410830328535364 -0.00235749548741339 -0.647234585913389 -0.535606233231847
0.0419947482395986 -0.0372444833086489 -0.56502261836614 0.262618576471685
-0.00966026278108336 -0.026974959156499 -0.0260860392815573 0.399039753476067
-0.0234038530831885 -0.0073300683105013 0.166921711544456 0.076016845795885
-0.0142151107925853 0.0186700533391263 0.0560864184664395 -0.209557056040791
-0.0224517986197689 0.0135301177766598 -0.0324630945520838 0.193379235898217
-0.00192106526202369 -0.0130119730575966 -0.135705593576228 -0.0732919031340167
0.0280947273259409 -0.00937900142051461 0.0826560566868542 -0.409075950424418
0.0484223160400826 0.0219358877115697 0.520527391869535 -0.198653646010255
-0.0161887888056788 0.0328546542498848 0.56596916870775 0.584762145356257
-0.075771752453855 -0.00204850460317563 -0.26018569379495 0.876332396250309
-0.0424298183702557 -0.0209323365052403 -0.642207884378656 0.290092540411974
-0.0467425176313324 -0.0257098085876208 -0.0225475258339765 0.104813055184592
-0.0528041164057853 0.0311747100499493 0.632094269908852 -0.271393290923014
0.00461370988986259 0.0306747200103694 0.203529919286176 -0.87602615439763
0.0476476180945748 0.00251114694810199 -0.646919314750857 -0.540102300016634
0.0443796009648696 -0.0313860312352384 -0.56417680465052 0.260259938274835
-0.0107944545029462 -0.0209944944529345 -0.0237430033419656 0.399057849861663
-0.0276585422855553 -0.0031555714566583 0.169721321398688 0.0782186261536084
-0.0192242738818442 0.0219729631998441 0.0609446795150897 -0.207608973969024
-0.0254663739946044 0.0177257686355003 -0.0297872973942963 0.194810973071686
-0.00549689384640051 -0.00834555157927926 -0.135720330760433 -0.0678873040086457
0.0266102825310908 -0.00215552791294513 0.0792278387463159 -0.406967556201797
0.0513807355325887 0.0281703522653657 0.517906543759482 -0.207310646826472
-0.00945597015073286 0.0388928809672979 0.573904721490403 0.572003035359656
-0.0713936970126303 0.00468194478907287 -0.252714437652192 0.876758897992993
-0.045695552151345 -0.0165766631852169 -0.645468014342712 0.292334298446302
-0.0517514317589419 -0.0231546428829354 -0.0337551452865651 0.10298307538172
-0.0542435132648544 0.0359566480060587 0.62906309538106 -0.26698140851947
0.00830665002297191 0.038114661256105 0.215202009755319 -0.874880030401468
0.0526633158901986 0.0098481314944953 -0.639603585602483 -0.551439425176713
0.0466806935044522 -0.0244916267398802 -0.565856739655586 0.254982157457777
-0.0125831231887392 -0.0140114850020771 -0.026864303955734 0.403674377730308
-0.03135352623415 0.00138388138925059 0.169754330645464 0.0840752095337979
-0.0233286673765502 0.0254869018516993 0.0622086549185102 -0.203861411432777
-0.0282317905027737 0.0225499929153117 -0.0291063331244502 0.197148065148482
-0.00697845550428004 -0.00260572808195078 -0.137243257948721 -0.062378603289714
0.0241860389140149 0.00524998169804638 0.0732293345104494 -0.403257663096512
0.0514209313407846 0.0349722027882372 0.514233782736375 -0.216143554286947
-0.0039185201927928 0.0440117786020665 0.585552786705655 0.555503217308107
-0.0647620081457014 0.0111558171953742 -0.234659903324707 0.870781583312448
-0.0443186055394219 -0.0121168445754695 -0.646426920682536 0.302080584900159
-0.0523215100320156 -0.0204159678163716 -0.0448215357269951 0.101660544534624
-0.0533350377648974 0.0395751981866036 0.62573671868792 -0.256266210607732
0.012734178305773 0.0423882516359756 0.236067991193246 -0.869758535869436
0.0554680559792751 0.0163937408973768 -0.625427384290778 -0.568103637548814
0.0471418011170214 -0.0172500548090862 -0.571761928332279 0.244546481588018
-0.0143127241232405 -0.00801509835517561 -0.0339194732998459 0.409859844116158
-0.0344766309164884 0.00577947448410987 0.167441379702746 0.0907152144319666
-0.0261713235889109 0.0286304009581335 0.0645269240204518 -0.200806342733758
-0.0273276346654279 0.0269122711213251 -0.0307227558966582 0.196058424600193
-0.00785375497882646 0.00235401471194946 -0.142583487746648 -0.0551036214453596
0.0220853774915767 0.0118078194657971 0.0632399042166764 -0.398244764491552
0.0501987846063372 0.0408287223742444 0.50745467017024 -0.226337996189911
-0.00106763740017495 0.0476708511019254 0.600498066369034 0.535210282201794
-0.0582012769223371 0.0160510104296993 -0.207596104956696 0.873495334953547
-0.0381741206776401 -0.00809848469995293 -0.642990569853727 0.314226158567032
-0.0481319520704609 -0.0182314338593887 -0.0573048869696184 0.102119946540967
-0.0482670581951653 0.0409679228767119 0.624622619499542 -0.242167684106141
0.0152216985638543 0.0458413473313033 0.264496629843035 -0.864961321806627
0.0562209629537652 0.0215395777142562 -0.605184993705084 -0.589390994632196
0.0459308537718838 -0.0104597936861158 -0.57929438554913 0.233190906311488
-0.0156720882812829 -0.0027467470822387 -0.0462012101903388 0.41476970539242
-0.0342606777033224 0.00939558273511709 0.161723336973535 0.0977099182318415
-0.0276742848383177 0.0316741766211675 0.0643534770690138 -0.198638050745164
-0.00358792542311658 0.00746505818529821 -0.0487361998177345 0.188680615483106
0.0123009041053747 -0.0232353558696646 -0.162602881151132 -0.0650946002311562
0.0290992712671803 -0.0227298621014783 0.0448789714797536 -0.402688304669667
0.0278197148415644 0.00779997196220935 0.509246089396944 -0.209737284500793
-0.0376216838424901 0.0203133734736596 0.620392231775166 0.56773419562342
-0.076659055451018 -0.0194079618633866 -0.18626862575085 0.906039548621544
-0.0106570286240879 -0.0290998800912988 -0.617941856859427 0.326137134231837
-0.00502158649726524 -0.0251867844819489 -0.0180547535127612 0.116181289998415
-0.0238109134103683 0.0203546408932941 0.662851606531032 -0.242266924070167
-0.00188129791652043 0.0129311025570572 0.270772290198864 -0.864516671531672
0.0213313189308947 -0.00561168105428203 -0.614656528071963 -0.564574816820047
0.0260070236305718 -0.041608972548427 -0.591018001331033 0.255287091499562
-0.0100194497942627 -0.0337399091314916 -0.0558673066986038 0.415803474503327
-0.0150929465397589 -0.01021877783429 0.15069261629231 0.0852824875195426
-0.0014499537899419 0.0183010575887165 0.0438687798392656 -0.215213117973611
-0.00755700140597785 0.00631366206927534 -0.0456658457904098 0.190278455135626
0.00927589798784044 -0.0245487114540349 -0.154867451419189 -0.0704643084910868
0.0293298273079157 -0.022836630443347 0.0614219430219025 -0.406770760269036
0.0325663738938069 0.00772204405718622 0.517131503702719 -0.203247424096321
-0.0354073652114032 0.0213001256697958 0.601948491281005 0.581406514402488
-0.0792044910564666 -0.0180006066543493 -0.216770494940598 0.899111272203971
-0.0196600832932472 -0.0288263422662189 -0.625482061347363 0.311731396747115
-0.0163668341404746 -0.0271131851636424 -0.0125214989663205 0.113884848571618
-0.0329133822923535 0.0212860554108212 0.656929937404223 -0.255640731446558
-0.00367866907228511 0.0149281033109013 0.241419601990688 -0.872492014184788
0.0262092895400216 -0.00682324624080116 -0.632477778177343 -0.547929555832474
0.0320238980228227 -0.043789956846426 -0.58195836931354 0.261298956480632
-0.00828540412315023 -0.0348913020378744 -0.0446055546005786 0.408011937405277
-0.0171811296932693 -0.0111389474896492 0.157561008223759 0.0799804853595607
-0.00443893396953226 0.0171024566280532 0.0482744922914822 -0.215017263920455
-0.0121516113556057 0.00692602873664024 -0.0398398304833018 0.18975934406148
0.00519150623592294 -0.0218296067074602 -0.147238443610576 -0.0731285504263067
0.0288295964733687 -0.0219913520524381 0.0699985831036759 -0.409019128098182
0.038403512540621 0.0100547986265619 0.522452516513216 -0.198864512442325
-0.0297030451933488 0.0234803449730456 0.587640017773702 0.590047978962744
-0.0793970662620275 -0.0138604286988016 -0.240755563440627 0.893563336344816
-0.0297393289125544 -0.0271733003893871 -0.631016975222429 0.302706661365826
-0.0286542901030751 -0.0270262357799568 -0.0116124461761665 0.110643993406897
-0.0418890570216637 0.023443186105402 0.650128496691406 -0.26851093039462
-0.00169089294442881 0.0185898228111061 0.219084306373196 -0.878987594036943
0.033555506126515 -0.00671818462811972 -0.646475063177674 -0.540418563100532
0.0373974492361703 -0.0429991400375222 -0.575829162391537 0.265647489367935
-0.00862322224384847 -0.0323267254991334 -0.032803291772212 0.405654621082699
-0.0202347549437839 -0.00986531587022125 0.163517232466571 0.0765870459483746
-0.00802584999061236 0.0172883508420313 0.051393099593359 -0.214780729732157
-0.0173748961840079 0.00978329394402151 -0.0361650141652284 0.192902487149517
0.00109215463615451 -0.0196917955827254 -0.141108761310769 -0.0742524067015179
0.0293348365023031 -0.0163323503031336 0.0778619984427974 -0.412746952598121
0.043776628836652 0.0148006312328523 0.524331052306883 -0.199067810091625
-0.0235885098529021 0.0280282389442945 0.578561573833897 0.592113291296156
-0.0792086016109839 -0.00814213779399682 -0.255145359512587 0.887164520000111
-0.0378426557523144 -0.0250885596795562 -0.640693593931402 0.295490807146517
-0.0387768174158086 -0.0273759005610227 -0.0143127180475991 0.107899180027481
-0.0482685815372752 0.0275145156843056 0.643457383875101 -0.275139065853646
-0.000129682610899705 0.0242477098583657 0.207748114188105 -0.88149990507764
0.0416554954613554 -0.00262437490114403 -0.654000704223278 -0.53807501792522
0.0424850498890509 -0.038721147757896 -0.569723733562825 0.267722297318145
-0.00950103318978123 -0.027330680746529 -0.0249289372597664 0.403587693823174
-0.0240277602938962 -0.00648418464844801 0.169171421680947 0.0762867480720026
-0.0141403015057869 0.0199392078289622 0.056924293391559 -0.212686553077532
-0.0217988847239812 0.0132233509358787 -0.0326212071280787 0.195060554566386
-0.00216461539758258 -0.0141630475873352 -0.137088274657124 -0.0727982169202203
0.02894145852625 -0.0102795275707698 0.0814073676840758 -0.412797220693214
0.0495677681666833 0.0209960786835657 0.526409394838377 -0.203555081348415
-0.0163989992334474 0.0339671845877204 0.575380647565014 0.585697459928162
-0.075976660456502 -0.00153152053424726 -0.258755769291085 0.883832956906719
-0.043913199963634 -0.0213642076212639 -0.647657191507461 0.295176650653559
-0.0473807861502394 -0.0251649932451401 -0.0219366339266826 0.104901770492002
-0.0525852285956736 0.0313476589329503 0.635087628293714 -0.275951560834051
0.0047357757797839 0.0318892564033123 0.204286361446036 -0.883562885818978
0.0486111941265614 0.00300592872718687 -0.655221049197762 -0.541587255090205
0.0452334280241546 -0.0320916714367837 -0.568110110041853 0.264397388264652
-0.0109106523730982 -0.020899029353169 -0.0220017145879659 0.403373032054622
-0.0282623070512627 -0.0028440830992794 0.171529559088107 0.0792396846191895
-0.0186880628905917 0.022899313845277 0.0603537121227702 -0.209817694721539
-0.024995982179676 0.0187170887543598 -0.0300731897904285 0.196501563185829
-0.00551001487896263 -0.0083042460104079 -0.136530261314707 -0.068805646132394
0.0272577988022649 -0.0025015300968875 0.0784837372800444 -0.411557745960802
0.0519188770915916 0.0273368302340361 0.522590127820327 -0.210788953366597
-0.010368224898902 0.039336199543241 0.582232217609242 0.573901394536572
-0.0718923608845933 0.00537161504116426 -0.253437556185244 0.883178758107315
-0.0454134806721675 -0.0164977936204865 -0.650867540775307 0.299127222457107
-0.0523501694170251 -0.0231157923637828 -0.032762175968181 0.102756031026115
-0.0545615345423874 0.0359488203691538 0.632693477252881 -0.271000649531208
0.00854958554463112 0.0377896712543681 0.214996194134576 -0.882502104022963
0.0534211251675416 0.00942810550816721 -0.64682885304288 -0.554564041406565
0.0469125216573061 -0.0247055439611357 -0.570022992791519 0.259427431433387
-0.0125760439356815 -0.0139196936799172 -0.0245053712864842 0.407874776771951
-0.0319419737473147 0.00262762045908608 0.171111455960579 0.0845400369448604
-0.0230593346948764 0.0258145510410573 0.0631003647419024 -0.206047713992339
-0.0274719916165646 0.0231178079535222 -0.0290451942767982 0.197451523018301
-0.00737865899420331 -0.00330679830800308 -0.140179577575057 -0.0617709165675219
0.0255251030845811 0.00481157301482398 0.0703862053374219 -0.407695402579851
0.0530275813466202 0.0343730635018525 0.519732227598017 -0.218865377166162
-0.00496143519378547 0.0448663441426763 0.5934440489558 0.557970045127548
-0.0645714126857399 0.0119498508076116 -0.233752677086311 0.879672754529821
-0.0437842537863355 -0.0117317418290749 -0.651185114838546 0.306349675702515
-0.0521674259154596 -0.0201143541210518 -0.0450502169881531 0.102340498605238
-0.0539165490396479 0.04004181595584 0.630012915275978 -0.259317356016794
0.0116426731684595 0.0434355408632246 0.235588613216401 -0.877295398939892
0.0564136305947101 0.0161941436198314 -0.632274610174831 -0.571191854969218
0.0464452365949602 -0.0170816750374892 -0.576363073424861 0.250267207608978
-0.0141720590174344 -0.0077363764527616 -0.0322164064214836 0.414205964788255
-0.0348138636016469 0.0063903687817826 0.168850773723734 0.0909767741642242
-0.0261026627679311 0.0298907544365849 0.0658281171162108 -0.204070847864477
-0.0277397624849559 0.0274092622515883 -0.0310056009571555 0.197886667844277
-0.00830396246053481 0.00221993748777601 -0.143731841219633 -0.0548821908846448
0.0223845454327312 0.011591421735974 0.0628256157795499 -0.402155475877534
0.0506692078502995 0.0398818021572373 0.512359129748152 -0.228756159906192
-0.000699616452207709 0.0480128205255712 0.607563604621127 0.537192574601662
-0.0598685597953222 0.0160255225709329 -0.207116633977082 0.882200523436872
-0.0387098832885629 -0.00784232187989897 -0.646894240163373 0.317457699191573
-0.0480851295011072 -0.0179567172920163 -0.0569984529804489 0.102371758217649
-0.0490850139259896 0.0420644679734071 0.628724678282417 -0.246593605895759
0.0144333354579311 0.0462877096655243 0.265066418805413 -0.871517529383266
0.0569134113434416 0.0216448897918458 -0.613047875655578 -0.593325760157535
0.0458278426237071 -0.0103031618096272 -0.585063870697268 0.238121215299013
-0.0147122904599159 -0.0026389780266751 -0.0447275419828105 0.419658909332735
-0.0344177443925932 0.00988766374734795 0.163259960797682 0.0982602380044275
-0.0266405806414107 0.0321945760649393 0.0639159050063281 -0.200841896004941
6.0219192854304E-05 0.00901519069288309 -0.0428945856064013 0.1912179745258
0.00713186396070042 -0.022757509004365 -0.164448209958598 -0.0567513074419585
0.0215898281135386 -0.0287307347485233 0.0257341965115507 -0.403262402000428
0.0325378401155622 -0.00260460395971301 0.498285086251719 -0.234249759348733
-0.0211117253222086 0.0240931656337583 0.657728836750636 0.529935562333161
-0.06687899338739 -0.00163316097333993 -0.13621925105132 0.913414330000986
-0.0163641655015408 -0.0225596288622222 -0.596264222852136 0.367448700202742
-0.00535613973671651 -0.0240640349276635 -0.0109884130448994 0.117773772508497
-0.0204476688007371 0.0221045158937744 0.664554319290962 -0.289134210794024
0.00418367578940674 0.0188732390932546 0.229133494778236 -0.909954785304133
0.028954876170133 -0.0131195622709708 -0.667197660738284 -0.545122360170578
0.0233472378282127 -0.0559947473370804 -0.596684223604182 0.301327693817711
-0.0180480881391022 -0.0362683745013199 -0.0331478284299366 0.434137860032249
-0.0190348221559554 -0.00737345731204714 0.161354782028481 0.0810877427702707
0.00228424903238751 0.0201190328657163 0.0371665036363155 -0.222210065726141
-0.00417659565121263 0.00851647007460201 -0.0391337906872736 0.191874846744892
0.00343848608677136 -0.0232890534448533 -0.157217475541301 -0.0623862027858554
0.02353254265577 -0.0290135415082008 0.0397076350958213 -0.407701390994171
0.0388217592312648 -0.0036549827774066 0.506148681425615 -0.228201151493742
-0.0189275048633661 0.0238253858644221 0.637991552985555 0.544180397508048
-0.0698527546958929 0.000139678547225755 -0.167931957379619 0.907503870173818
-0.0253948541906071 -0.0221808827689573 -0.605339831796976 0.351660861392015
-0.0178442470351992 -0.0254034868242475 -0.00459936655609215 0.113705353018615
-0.0300556775047071 0.023756668207376 0.657085780862217 -0.30067030574868
0.00385665338605055 0.0206245145474646 0.200285449535348 -0.91471167612441
0.0343988451942749 -0.0149291670952879 -0.683985045716895 -0.527169969521353
0.028696285233985 -0.0591227190207885 -0.587899460229101 0.308927757329364
-0.0174344657619874 -0.0373040416082044 -0.0210467012556225 0.427992938505879
-0.0208362141873207 -0.00746407810266904 0.168623536598608 0.0749975142763106
-0.000226781412296101 0.0200475142944031 0.041731861580209 -0.223426871435892
-0.00818073520117824 0.00909671007389372 -0.0334308037158123 0.192372723342363
0.000145144210258916 -0.0211179469590745 -0.149747989557207 -0.0659386789227089
0.0233438231911279 -0.028276432018117 0.0487666775474824 -0.413247337806482
0.0443732676804645 -0.00209159675121718 0.510629511730532 -0.224929088784927
-0.0132949943981117 0.0271407183956541 0.623751719654869 0.55496048522872
-0.0707542338333463 0.00420368798192135 -0.191271989782066 0.90320908496116
-0.0352214536489873 -0.0191987046198683 -0.611852758431068 0.343240643163537
-0.0294377161116314 -0.0249426137349262 -0.00355448844416723 0.110852114076565
-0.0383962426790141 0.0274315717977661 0.650777924005358 -0.312911751510034
0.00562510764881915 0.0245278909509156 0.176390059280472 -0.919797641189384
0.0414490112394769 -0.0144125123472068 -0.698877796944553 -0.518854054029288
0.0339098650586231 -0.0582738123966166 -0.579640437296555 0.311252063197486
-0.0172568355699987 -0.0352653152574568 -0.00979222486185539 0.422010613286914
-0.0242849758764895 -0.00598579344106328 0.17427068167025 0.0716047829522901
-0.003791915173456 0.0208503044902777 0.0455480576820366 -0.222820657408911
-0.0129979089114139 0.0130008699159832 -0.0298639955094435 0.193034317925042
-0.00368336147681168 -0.0176991085470434 -0.144148780084523 -0.0678273138038425
0.0242071374777213 -0.0235401102652597 0.0551794468180523 -0.415481289084635
0.050638772536897 0.00157542782135503 0.512185705828788 -0.225555573832222
-0.00583269668550283 0.0312951996705931 0.615492267350537 0.55682094999948
-0.0696581962958619 0.00981378336489463 -0.207371036704601 0.898063255951747
-0.0430836324559364 -0.0164330646252668 -0.619318198984618 0.336530877591046
-0.0400014977787196 -0.0244687701843465 -0.00731501863605679 0.108821113259702
-0.0439065595204756 0.0314963419305615 0.641412555734515 -0.320152493717331
0.00834169865540463 0.0299222634413584 0.162327780327803 -0.919293906370832
0.0499450415671317 -0.0115559452163465 -0.703683297087342 -0.513077747294047
0.0382427758757709 -0.0548929305720839 -0.575732473784169 0.314101117910263
-0.0172377258275276 -0.0300796727402464 -0.00150666736575876 0.419375789245718
-0.0280239356263765 -0.00218172167945142 0.180591569056555 0.0708988060710822
-0.0102203689874588 0.0226297228758984 0.0509076801039911 -0.219668331458322
-0.0175903931760842 0.016770100309198 -0.0266100726176878 0.195599556138049
-0.00584960084205865 -0.0117466434286458 -0.140874969726823 -0.0669659565635403
0.0228354686689049 -0.0161659344342562 0.0578088890396916 -0.416485614720168
0.0568642281325896 0.00705425732272233 0.512051178753976 -0.228008546953014
0.000881871998323552 0.0357395747493635 0.61107713480477 0.553199276576284
-0.0663137848633692 0.0167245615576014 -0.212216276674134 0.894284432855968
-0.0485617315468697 -0.0122904734590568 -0.624795193183792 0.334674678849564
-0.0482824494243701 -0.021603762265113 -0.0152268530129648 0.105579659547921
-0.048240396632894 0.0363912297557779 0.636019091994061 -0.319805330071581
0.0127992509180424 0.0368691533725121 0.161187605389578 -0.924728468001674
0.0578599198214118 -0.00702737817606864 -0.705933572648463 -0.517617174865139
0.0421747275138074 -0.0486761309560931 -0.572388207792167 0.311977564676101
-0.0194187523114516 -0.0234095246164724 0.00160933679306908 0.420174691328472
-0.0324211957208767 0.00268662197324122 0.184510002844086 0.0732566954131751
-0.0148510622739444 0.0266920732354075 0.0551772944831202 -0.216869771824985
-0.0197629994279332 0.0221712537295621 -0.0241935310279771 0.196028916823158
-0.00925614261919944 -0.00655205001007177 -0.140407832931279 -0.062469243181065
0.0216830049192534 -0.00844122462619408 0.0540079125553876 -0.41498019836427
0.0591516918398361 0.0134149533552011 0.508796351104195 -0.235441625074191
0.00833344582926096 0.0408995636899188 0.615200405484694 0.539336252773388
-0.061386020991677 0.0233262424033681 -0.203179598886962 0.893269507334785
-0.0506020323168972 -0.00820019930775916 -0.629224585571456 0.340418752434939
-0.0530039944111613 -0.0192231843218403 -0.025860511858036 0.10414990564874
-0.0504048377075786 0.041150117250411 0.632246166543763 -0.313827207593705
0.0171384622051082 0.043243024443076 0.172307939706727 -0.923146833418362
0.0629747303504254 -0.00149969505678823 -0.700802008539691 -0.531425049087262
0.0449979708438145 -0.0409910254619528 -0.577051585544377 0.304628954583384
-0.0197756028320003 -0.0166090734707857 -0.000863679089435413 0.42430178086105
-0.0357021212450178 0.00695034791088218 0.18553789793348 0.0786962465919625
-0.019255682069255 0.029562601484544 0.0588830177842457 -0.213436397351162
-0.0212209387563799 0.0268167219406402 -0.0241285057733653 0.196588542063403
-0.0103695675379971 -0.00110191616037906 -0.142123727058232 -0.0566367361746566
0.0209959235005282 -0.00114017646090177 0.0473472912505937 -0.41182545294315
0.0606118222889542 0.0202478937356483 0.504861906818959 -0.243715820275151
0.0137879069965997 0.0459518205731289 0.627818206682318 0.523116563557527
-0.0542128268052186 0.0286508352592134 -0.186467018277017 0.889914976545574
-0.0480718668351978 -0.0031269971714835 -0.629698695272674 0.346275928630369
-0.0530185391652026 -0.0168614632223646 -0.0388084074362152 0.104808117691619
-0.0481718045844581 0.0453205057551348 0.630330938829343 -0.303719988817217
0.0208195472586014 0.0487820687533293 0.191105949025254 -0.922836210821445
0.0657985485265894 0.00551522903696355 -0.685531051517658 -0.550267796158756
0.0464559317180788 -0.0336706554265163 -0.582732512145989 0.296707826459459
-0.0203435474971291 -0.0103243841835856 -0.00957717749281519 0.430146633646677
-0.0384028809781448 0.0117192979139782 0.182408975935422 0.0861790871259435
-0.0224102005668232 0.0336890741068294 0.061159991149019 -0.211322693115444
-0.0214192296248881 0.0304190111474769 -0.0255865314178611 0.19745866059898
-0.00987370837398893 0.00403063484105461 -0.146966535430793 -0.0491659386199155
0.0187399954791538 0.00512603812481755 0.0374480925095033 -0.40528645903019
0.0593739080916465 0.0261453158994143 0.497802445563303 -0.254534485810646
0.0176084518225182 0.0480777361590097 0.640717037466919 0.500853258836324
-0.0480782050528771 0.031888907635515 -0.160979533248961 0.891505535522529
-0.0425316455765215 -2.05485878474812E-05 -0.62600358030014 0.358672402007616
-0.0484274382931335 -0.014444326313266 -0.0511499704432512 0.105644461207684
-0.0437849131261715 0.0464930727296289 0.629514337005036 -0.289212035849539
0.0240365977161569 0.0511469295997378 0.223068903077606 -0.916500001707532
0.06647338690215 0.0108927186957889 -0.667381411094281 -0.573250014673629
0.0458092128483671 -0.0274036939502075 -0.59304889407255 0.282378158727715
-0.021439113396411 -0.00509443207581425 -0.0209977552134012 0.435926576454014
-0.0376990124410303 0.0157471819929668 0.177155302540834 0.0931362001793027
-0.02207174609365 0.0369228267918777 0.0605708967471466 -0.209310253738948
0.00127119677100149 0.00993991569766416 -0.0429759209753743 0.192069380871195
0.00674112317137183 -0.0230695360075441 -0.167271509825489 -0.0561469761271162
0.0231867347412078 -0.0281083829146931 0.022587728886954 -0.408688812384334
0.0346368403068641 -0.00463113871419001 0.500515577721337 -0.242173773094021
-0.021588134599846 0.0249898182392342 0.666892421537723 0.526969119167175
-0.0674838545932624 -0.000929191711443563 -0.131781231314065 0.921293650318802
-0.0159145652209225 -0.0233671819231277 -0.600179623359044 0.374876444997399
-0.00576698449636767 -0.0248218961817129 -0.00945239499668257 0.118402084582774
-0.0210679420200437 0.0233112866263998 0.667748888427774 -0.296815132233786
0.00470572916936279 0.0187589487616561 0.226886398461906 -0.919637997263529
0.0298645036861148 -0.0131627117076665 -0.676823669981399 -0.543379973194142
0.0229624520661104 -0.0571641435836429 -0.601335051064897 0.309175127830153
-0.0188534031716678 -0.0373040906790066 -0.0301098540986403 0.439949193054489
-0.0194622340546986 -0.00694644156786108 0.162611671828816 0.0808660011603597
0.00380709140660576 0.0205969934162459 0.0359840684814961 -0.225261144262347
-0.00332952588529054 0.00854168002888531 -0.0388730895593178 0.193188860321476
0.002833305092095 -0.0238473153438502 -0.159549226372988 -0.0619982667284325
0.0226626464089822 -0.0299296969984887 0.0356217705730432 -0.413721632509361
0.0396993531557191 -0.00445514838657581 0.508516781973982 -0.236036092261629
-0.0184460071694671 0.0255832999087336 0.649845087104734 0.543842644232297
-0.070026547246366 0.000156251140886979 -0.163182490360152 0.915912432303092
-0.025326423255802 -0.0225667937466657 -0.607303921808414 0.36010713018181
-0.0173137475999819 -0.0254256478197844 -0.0035677120153485 0.115207020229238
-0.0295812827036267 0.0239150305823531 0.662304325417983 -0.309227496549134
0.00369519608319485 0.0207060950846382 0.196749544778961 -0.922330728244775
0.035071065390524 -0.0153711717698186 -0.694106277211268 -0.527137784702799
0.0279022826643873 -0.0601660544111731 -0.589593746840763 0.317312834783008
-0.0170698308869998 -0.0369130484716199 -0.0170892338869595 0.432044925536039
-0.0215268665268538 -0.00645444573540581 0.171988039402771 0.0740027704217293
7.1553577214372E-05 0.0213319119616854 0.0411082788918536 -0.225148981233011
-0.00721915364507276 0.0106471288893648 -0.0331435551937142 0.19357571566027
0.00027249500989078 -0.0216553382339159 -0.152079256114652 -0.0658053565740642
0.0230248448120529 -0.0280623133354523 0.0470165935289471 -0.416942002283264
0.0453903808259615 -0.00295937518218622 0.514042617428214 -0.230413524896179
-0.0131236778614346 0.0280879946699711 0.63410954382215 0.554921537880661
-0.0709107947652055 0.0051404135603143 -0.187341626205109 0.911808360605433
-0.0348906019711178 -0.0203811640603543 -0.615936675505919 0.349668869903788
-0.0295396940903822 -0.0251607510680925 -0.00307905400128807 0.111433459859172
-0.0385833997505828 0.0281947256350287 0.654238751304243 -0.320244265825245
0.00530083203028078 0.0246287162107719 0.173352826103549 -0.929452194201332
0.0418011219479303 -0.0148079344347856 -0.707283542516237 -0.516933806801976
0.0333537712075328 -0.0585482214475263 -0.582745128768131 0.320864959604346
-0.0175522246295873 -0.0352362141743217 -0.00608787023754068 0.427241888613889
-0.0246478592468118 -0.00442811773813854 0.177321198638098 0.0712451616621194
-0.00418842262137849 0.0213635127577324 0.044263067076129 -0.225457088349232
-0.0126342407019094 0.0131178176114707 -0.0296578937059079 0.195500243066411
-0.00426417120580114 -0.0180803930501108 -0.14605440880432 -0.0674522986365154
0.0231439223724403 -0.0240789615682996 0.053024117718886 -0.420828045568298
0.0516625640415746 0.00141226348596563 0.516437419647999 -0.230478381993893
-0.00726039285414545 0.0316616472071256 0.625265694649056 0.555736928025818
-0.0702393084520849 0.0112843354955652 -0.20025860907779 0.908282688458295
-0.0437478871441831 -0.0169576201203547 -0.623275753556977 0.343059085846899
-0.0404181414422344 -0.0240387459943689 -0.00679460591129181 0.108807056703886
-0.044626692683815 0.0318628185992319 0.645300744341348 -0.325992156703795
0.0090575367431952 0.0307938198759955 0.15879506522197 -0.930549124651292
0.0501028757110394 -0.0125867715741196 -0.716789221751623 -0.515078483116656
0.0384349934260744 -0.0553665550093872 -0.578308228105315 0.322063881469837
-0.0173018126860901 -0.0299829489917973 0.0025539765556013 0.424121649798211
-0.0284383785278275 -0.000708919581732307 0.183595667525083 0.0710729945224865
-0.00923500101009948 0.0236418542250123 0.050154565302516 -0.222220321406017
-0.0166709684178518 0.0172526332816515 -0.0252633726802717 0.196909836530998
-0.00701892337132888 -0.0128929227647519 -0.143090366275743 -0.0665977536429754
0.0231790526646603 -0.0169747171286965 0.0556359094572088 -0.420820852839906
0.0575540561475262 0.00646235524888424 0.515370733592124 -0.235271268064291
0.000531729702879707 0.0364959257814029 0.621276977391254 0.554200388425776
-0.066864062683886 0.0170697946902385 -0.208268174954047 0.903638632784233
-0.0486175144888431 -0.0139290497134315 -0.629019034356859 0.34274775400342
-0.0488364957431373 -0.0219318961370847 -0.0142730337551218 0.1059710506525
-0.0488669365789818 0.0372254574240997 0.63697980224632 -0.327559913535756
0.0134135385757782 0.0363540502625172 0.155416410953138 -0.932348159137992
0.0578697047883797 -0.00714591843549206 -0.717468438606527 -0.518314212372083
0.0422368552685895 -0.049787274832863 -0.576400787751755 0.319145709236267
-0.0190684904453766 -0.0240760142504227 0.00487925545342012 0.423991721031783
-0.031319749125945 0.00356392839933538 0.186266525527226 0.0728940450959719
-0.0143962433419082 0.0267247066986798 0.0548631252434075 -0.220460351606558
-0.0190970230368058 0.0222735434040338 -0.0232962306303129 0.19770153464479
-0.00925780304433975 -0.00665841212470327 -0.142508946229411 -0.0622262294795282
0.0230731281582182 -0.00955877904863673 0.050481049060376 -0.419978636889512
0.0606807188972368 0.012982299360686 0.512865146682072 -0.241552872826535
0.00853927336881285 0.0414772356248997 0.626741835397376 0.538199636472293
-0.0619828836317474 0.0238585795577962 -0.200091310638598 0.901525116966456
-0.0509494736146647 -0.00826540269465168 -0.631893227396841 0.34708383168323
-0.0537070778023265 -0.0195895872126933 -0.0251623752296342 0.105331098397023
-0.049786622620039 0.0417018886644427 0.634247419896802 -0.322624572801164
0.0175734523814932 0.0430434119374009 0.166195289611266 -0.933437003795693
0.0634488581177513 -0.000955596661215112 -0.710763897106834 -0.532376495672962
0.0444275783038412 -0.0419499654166894 -0.579632792069423 0.31324160168196
-0.0198176341403283 -0.0174384215250376 0.00190197937815224 0.428028244133156
-0.0359970586150398 0.00805609630568794 0.186705656114028 0.0784368784234572
-0.0190767472644444 0.0305020543663016 0.0584297661874715 -0.21678236070699
-0.0204173622905838 0.0268578153321365 -0.0234810926147002 0.198728168236041
-0.010768071818736 -0.00102300860082698 -0.143965372601078 -0.0565658107959864
0.0215852505600949 -0.00166190176331725 0.0442912326008005 -0.416258423358817
0.0615575407953321 0.0194561174577312 0.50858110547198 -0.251224538371539
0.0133840938809075 0.0464324681905084 0.636130313642845 0.522689507418508
-0.0543964591884832 0.0302318457802369 -0.181850486428098 0.898365518081032
-0.0493809177451558 -0.00374619287324109 -0.632284388670871 0.356152739336734
-0.0544774724905768 -0.0165602341907635 -0.0377054081373003 0.105352512269812
-0.0489555731616662 0.0454236737745863 0.634524014377566 -0.311094790482971
0.0220162935187999 0.0484471132336109 0.186676824022991 -0.929929063777709
0.0667940158701106 0.005997838201724 -0.694944864017957 -0.550480592242124
0.0458719891195387 -0.0348006101499082 -0.585842601397843 0.304342570737025
-0.0205667871022587 -0.0111045071263805 -0.00473898168138032 0.434471834213443
-0.037903404351269 0.0129726573094408 0.1845831693367 0.0853979455198356
-0.0212325696795372 0.0343046301955744 0.0605562518999631 -0.213804129439819
-0.0204859804117028 0.0304823250645458 -0.0248461416345489 0.199590635283949
-0.0117498530483893 0.00416976017271755 -0.149091055467547 -0.0481021773815885
0.0191761431234809 0.00493069687487651 0.033380429337841 -0.409680524531157
0.0593030549843947 0.0248570399788285 0.500558011136035 -0.259087671767911
0.0168741751377626 0.0497573693917059 0.651706857975454 0.500982062879321
-0.0482334277166379 0.0330623480599399 -0.154299522722699 0.899107106963825
-0.0433205833551182 0.000576746528856531 -0.629814406236029 0.365653310110979
-0.0499147937866957 -0.0139204283035777 -0.0506800284751983 0.106348691597035
-0.0436068157563229 0.0474129008518262 0.633393933150969 -0.29721699286487
0.0243553113962441 0.0512301753971863 0.220588783316977 -0.925539597781742
0.0674431006795357 0.0112275642223796 -0.677453888248302 -0.574377637436596
0.0460602100762701 -0.0288229433837892 -0.596966845006519 0.2920683663582
-0.0214101700505426 -0.00584921976593716 -0.0173765660257996 0.441608473110639
-0.0383670797853058 0.016587239557375 0.180099878712907 0.0936558093818682
-0.0222520256962584 0.038108761788403 0.0605131492714034 -0.211229340620736
0.00115467894969383 0.0100060006033736 -0.0417624093906849 0.195012375246485
0.00570617097038537 -0.0233315165223825 -0.168538103927038 -0.0550903251642489
0.0223338208082785 -0.0298021368507233 0.0178887274587059 -0.412481344829911
0.0354526638777454 -0.00450384944904385 0.504571406791173 -0.248832778260682
-0.0217801752077324 0.0262509495453551 0.67880416235684 0.525722130494456
-0.0677947676253848 0.000510140665369217 -0.123190420270656 0.92962609692115
-0.0156845393139725 -0.023607280712541 -0.601174080910336 0.382970267218174
-0.00693122917790188 -0.0251512139092552 -0.00806169922298835 0.119009169252278
-0.0203174076609531 0.023257691679222 0.67102349874462 -0.302947469575175
0.00452613993444029 0.0192542525285272 0.222235385147526 -0.928204711178321
0.0298573620525135 -0.0134314600842096 -0.688706634067387 -0.542945481934855
0.0229678498936371 -0.0583497218527062 -0.601546715258425 0.318662524182559
-0.0180144660616344 -0.0373534414074663 -0.0249214797142542 0.445495314807412
-0.0196173250049105 -0.00537884246623263 0.166054810838788 0.0806336649199712
0.00411777419135534 0.0220241311434433 0.0348882631941047 -0.226531708729026
-0.00256991910469476 0.00964802709780135 -0.0374119425333676 0.195357745607396
0.00315433279188447 -0.0241560620949329 -0.161034283289666 -0.0605659654552298
0.0227284255588612 -0.0303143446063895 0.0319636167100787 -0.41847822148156
0.0402349917296909 -0.0058256195636571 0.511556856601155 -0.240507670573133
-0.0183039515725076 0.0263900592644552 0.661199070950156 0.540104396341852
-0.0704744869769112 0.00277047175816664 -0.155864947235543 0.925760737903673
-0.0252290344351468 -0.0236280812964843 -0.609802649721885 0.366688991255521
-0.0181516494459439 -0.0259169690952511 -0.00294705865380727 0.116257380730907
-0.0295797122406799 0.0253170934863427 0.663317757293415 -0.31679834738151
0.0039276658138915 0.0208382142403254 0.191799085220268 -0.933333002041397
0.0347761656136045 -0.0149319318672653 -0.705045223042558 -0.523903947226978
0.0278612075362921 -0.0610767404481696 -0.591914522233987 0.327493115836224
-0.0175874034098099 -0.0388436960605457 -0.0129880884848053 0.43788076148451
-0.0210501450552274 -0.00600122575828323 0.172955860750278 0.0734723565532195
0.000332623076943383 0.0215686646691051 0.0390877414565521 -0.228338920664535
-0.0072693386925005 0.00977646964062447 -0.0327069490497749 0.196279170085066
-0.00129920260598443 -0.0219852058821462 -0.15436822706347 -0.0656552842776616
0.023119573647412 -0.029166917106319 0.0411403996205322 -0.422477608408284
0.0467141894775979 -0.00362146991259202 0.517115025977433 -0.238534217557014
-0.0135163386372211 0.0293508560846883 0.647052271781011 0.550277323711545
-0.0720857515212582 0.00625379466893521 -0.179551536505314 0.921226615087562
-0.0356057158490344 -0.0202491025730919 -0.617473514170604 0.35846288760383
-0.0300974268172858 -0.0251337193433154 -0.0015075135529156 0.111985665778742
-0.038466256295373 0.0280798074661748 0.65516888767307 -0.327045342799545
0.00528611662342015 0.0246226087226652 0.168633966205263 -0.939080801101973
0.0426676113950609 -0.0159316710743794 -0.719770991860111 -0.516596781202417
0.033362400838122 -0.0604743383176297 -0.585749830274267 0.329857611600807
-0.0172140973964591 -0.0355868799499005 -0.0016731275583621 0.431900234403783
-0.0237403843826637 -0.00343085787239195 0.179619465051223 0.0703773226226944
-0.00308623408080516 0.0218651101524917 0.0428533652325487 -0.226918419149454
-0.0118513992064183 0.0132782871590269 -0.028854823225411 0.196567546839456
-0.00457059591826035 -0.0184488333294453 -0.148015796811067 -0.0660742563593859
0.0234399802363029 -0.0242472957936228 0.0481593686358926 -0.425983068828466
0.0517007676410267 0.000594709559174424 0.520188152107693 -0.23909050127676
-0.00637929189996309 0.0328450019972861 0.637343662565702 0.552919226435842
-0.0707796470976976 0.0116196473924632 -0.196734938016783 0.917600131986703
-0.0433939070855834 -0.0178055103736801 -0.626719194372776 0.352715334246896
-0.0405121738060385 -0.0233007379799034 -0.00567222425231183 0.109525826379571
-0.0439556357743065 0.0325061515663765 0.648519202730406 -0.334189917632598
0.00886657953441343 0.0298245770669122 0.153753197821293 -0.940041960891037
0.0505638208794441 -0.0124221029833163 -0.727561981071629 -0.512215754375213
0.038213976961818 -0.0570351695678852 -0.581818583700006 0.331350589770153
-0.017804511909773 -0.0302808079892807 0.00709543512039333 0.429862004536587
-0.0287013244427763 -0.000688961722414465 0.186067730022934 0.0700768595666021
-0.00869095464909165 0.0246761982768066 0.0491156718175878 -0.224819806544826
-0.0159061336498087 0.01798003600975 -0.0242978656639368 0.19801675735985
-0.00745713894786451 -0.0129520344880249 -0.145247809843087 -0.065990735686362
0.0232035849007951 -0.0174591224944741 0.0521052489010065 -0.426374296761308
0.057968692618566 0.00538025981166908 0.519819349548315 -0.241035246034659
0.000320561312076709 0.0372877596275128 0.634139463455135 0.550052172804776
-0.0674488318416788 0.0179826626469479 -0.203150103220027 0.913847628233427
-0.0485341338844261 -0.0129947858804892 -0.632564418289224 0.350265666161128
-0.0497664630412221 -0.021857661049022 -0.0138491704547027 0.10653703708092
-0.0479541496091293 0.038173969081701 0.639821973346236 -0.337001344051501
0.0129058056022648 0.0367140976972253 0.15010325581383 -0.942917498887603
0.057115548605523 -0.00763775960118483 -0.727185061038396 -0.516700269200704
0.0419166121742276 -0.0507518611008014 -0.578448158637716 0.330162400929304
-0.0185000994050949 -0.0239844422647445 0.0106190221055024 0.42833622733307
-0.0331759949521242 0.00431767811707433 0.18969172899549 0.0721583054462765
-0.0139228310011785 0.0282297611703375 0.0545775333545747 -0.222675373216978
-0.0190923151964716 0.0221699300559698 -0.0225095656533517 0.200234799213594
-0.00967002795518904 -0.00672599836655116 -0.14430926642646 -0.0618975625390806
0.0232340452089897 -0.010290086967147 0.0471274017689086 -0.42497582720072
0.0621226263249115 0.0112671501225194 0.515411900098546 -0.249285314773733
0.00830103974469015 0.042360007092537 0.638880599403929 0.53691734952489
-0.0613810782304366 0.0254878343881248 -0.193140654300108 0.910308117655322
-0.0511462839100946 -0.00776698768536764 -0.63498637798994 0.354045169759888
-0.0544439037609865 -0.0190541291831282 -0.0252366551844852 0.105784113367512
-0.0492196966777763 0.0428718631853226 0.637329086413674 -0.331255760698304
0.0184121761164364 0.0427226821194892 0.159207105741962 -0.943678167014433
0.0640318453223916 -0.00109672360254022 -0.723003010634739 -0.52845321651058
0.045074479544774 -0.0428161447426609 -0.582253039255233 0.32261624292803
-0.0197436259404301 -0.0177512857471047 0.0073557041481723 0.432944577155015
-0.0351597871662496 0.00921224636401512 0.190396087529517 0.077786669201267
-0.0173838529689983 0.0322711243722713 0.058005530242424 -0.21984111843829
-0.0201698535173082 0.0275529808977125 -0.0226692973339299 0.200631790903119
-0.0115829184771648 -0.00100990602531775 -0.14591410534111 -0.0553076746605199
0.021256109348377 -0.00202296763246463 0.0395284174857778 -0.420678955280377
0.0633353988571625 0.0178368547200628 0.510293416077062 -0.257666079976915
0.0144756932173986 0.0466151337234986 0.648049723571363 0.517477492489245
-0.0549083384015034 0.0302085875390796 -0.177769827463936 0.906825087968473
-0.0495551269426647 -0.00430524877648718 -0.636047539893205 0.363312412008549
-0.0553934776561988 -0.0163298649939483 -0.0376483523786178 0.105775890805704
-0.0484512696920631 0.045864267869694 0.634698416263905 -0.318267195052704
0.0221197389750746 0.0484896777212347 0.182708532974437 -0.941576265682485
0.0675476826559857 0.00501135474727764 -0.707857996285355 -0.546741983948075
0.0457799661169699 -0.0360707393861165 -0.587785632551003 0.314744955875684
-0.0206139831810804 -0.0106195937150366 -0.00068070391103699 0.439041072033358
-0.0380369632878918 0.0145353434276024 0.187429016769982 0.0854042905577938
-0.0209814699581857 0.0360012520779712 0.0599893383295502 -0.216039246817808
-0.0202911281548724 0.0318934817857058 -0.0242598671778705 0.202122985162432
-0.011216891035615 0.00391665342983512 -0.150810851822161 -0.0475860558439842
0.019806010960131 0.00501807220471667 0.0310640782685111 -0.413592871744137
0.060930266299435 0.0239313802134503 0.503874363886489 -0.267820900662827
0.0174877427720367 0.0504474963753633 0.66384091182043 0.497295655276072
-0.0481102674102711 0.0343699203436192 -0.149032535879255 0.908970543957311
-0.0429656334732111 0.00031648747518331 -0.632267421875786 0.374528473630171
-0.0496737695388521 -0.0136385546790354 -0.0503014256800957 0.1068459094419
-0.0438303073143474 0.0479044288980698 0.636320888915283 -0.304079156990904
0.0252082051346692 0.0519041023139476 0.213953568761739 -0.936111631960096
0.0677212377744237 0.0103822289615541 -0.689096413872693 -0.572623253748552
0.044679439641532 -0.0294935905246001 -0.600114585090308 0.301295312802484
-0.0208892068380013 -0.00650653144648205 -0.0137848565849911 0.446999068707258
-0.0380006617572156 0.0172021185565861 0.182808793316038 0.0924690167818843
-0.0220420116576732 0.0389132439936737 0.0592878121574042 -0.213720122045511
0.00146532024506131 0.0100674809078726 -0.0410139849020196 0.196195252794312
0.00481337393112753 -0.0234321933686471 -0.171542066787767 -0.0526598215229869
0.0225961463875657 -0.0303830199449649 0.0119768707400662 -0.416845296909103
0.0361837775952714 -0.00526079134760023 0.506831158268149 -0.256885150981972
-0.0216080827541489 0.0270486895005607 0.693132800641143 0.519715912554863
-0.0679319159600698 0.00139801877665389 -0.115235692295681 0.937916833254083
-0.016798907082301 -0.0245200000262951 -0.60302891709219 0.391531400289826
-0.00621997698857182 -0.0255005938184945 -0.00699936981173564 0.119434330505857
-0.0196379889834535 0.0238133392797606 0.67203323850176 -0.313420055916021
0.00526483605565618 0.0194917454498675 0.213018539699735 -0.938536365550503
0.0300034883736286 -0.0129546215252879 -0.700306456446403 -0.541098572340415
0.0227490157859523 -0.059198873487286 -0.605773642922512 0.330004102981111
-0.0183067638547639 -0.0381492541585405 -0.0204548461831982 0.45023841697084
-0.0192763059156405 -0.0045246518683069 0.168195069700819 0.0801202614685351
0.0039470780406201 0.0227307988077117 0.0332227252657844 -0.229499189568612
-0.00174308514224432 0.00987429272721057 -0.036711783607956 0.196567125194634
0.00177151351397731 -0.0243137720853163 -0.163444067184088 -0.0588080860938276
0.022936170515264 -0.0307272276724818 0.027611337945648 -0.423841742888636
0.0413651695383701 -0.00607967932677046 0.513432103298813 -0.24991722850003
-0.0189369402323826 0.0266475979358922 0.671263427469589 0.537667683985241
-0.0709115886122944 0.00279453455434118 -0.146625672530704 0.935114527647032
-0.0258361948207268 -0.0224777271081975 -0.609729526839956 0.376712329187344
-0.0175584219873878 -0.0260712087461117 -0.000969372250049617 0.116147002966959
-0.0298163300950666 0.0252392791260974 0.664601983309451 -0.326954793366609
0.00429253256199563 0.0207716317874326 0.182396148667278 -0.942433133864457
0.0352552066557349 -0.0164066932439354 -0.717555505583156 -0.522687902001442
0.0266817393250538 -0.062066054996642 -0.595093582898326 0.336577514324677
-0.0175399225491117 -0.0382912251992424 -0.00714835857698659 0.44192745086717
-0.0216258043788043 -0.00390376677882495 0.175954617959975 0.0731505869015591
0.00149608275229528 0.02221739449403 0.0383558517639229 -0.230461003667456
-0.00569094262703231 0.0101807910503797 -0.0311912143062691 0.197602993504365
-0.0018960316005772 -0.0220926019792933 -0.155831047994736 -0.0631247664017959
0.0231729105660088 -0.0291592741498622 0.0365745391733692 -0.427715061513189
0.0480121334218682 -0.0049050704488867 0.519722436844922 -0.247304594406272
-0.0137508436074918 0.0302866185786349 0.660501090358735 0.547769572481245
-0.0720641374899673 0.00753729537639774 -0.17073023776264 0.92978833591738
-0.035895176887807 -0.020558785414998 -0.618530032102581 0.369270989532474
-0.0302694084978937 -0.024888133847038 -0.000912845827934162 0.112760659859887
-0.0372111630819097 0.0290681919959089 0.655079000067618 -0.338374090669532
0.00547603521418823 0.0247428633606259 0.15938055467443 -0.946776057694183
0.0422995851488761 -0.015792391286351 -0.731872251115244 -0.513758926832096
0.0324044906372322 -0.0620705638081362 -0.587400218408393 0.340387178619808
-0.0176219254992354 -0.035777034134566 0.00435189154021645 0.436191343588291
-0.0246717538669593 -0.00266560127612636 0.182416185970335 0.0687786390968696
-0.00214312965503234 0.0227150987905766 0.0413417100573839 -0.230229492056244
-0.0110008501130272 0.013770617943889 -0.0271593030125696 0.198353265333519
-0.00558611013236136 -0.017775991469087 -0.14997062390756 -0.0651332750627447
0.0233462861246972 -0.0245829500779499 0.0441631903869258 -0.430340888755941
0.053601611491688 -0.00100324911313223 0.520256759598497 -0.246458559935365
-0.00608456750572138 0.0333239327245928 0.64941904074583 0.550207942454162
-0.0713403748066789 0.01329467967596 -0.189026143240428 0.925928851275107
-0.0433200197344006 -0.0173463208924831 -0.626793047819284 0.361525061238792
-0.0418052482895888 -0.0230921741591216 -0.00470862910737084 0.108979412631493
-0.0435885333638124 0.0341049209925289 0.649360942496427 -0.344075773571899
0.00924777481955936 0.0301424932911897 0.145227918092559 -0.950108656078868
0.0507667786784853 -0.0139460560294458 -0.739363792030708 -0.509094934145861
0.0380028881812894 -0.0584490852074985 -0.582003675352129 0.343650612028911
-0.0179154957404934 -0.030578213866581 0.0124448560486617 0.433488946888449
-0.028684015013493 0.000992315230140192 0.188408736020058 0.0689849359996114
-0.00791806866125559 0.0250826707340428 0.0476139047336333 -0.227500258730385
-0.0153987918543858 0.0172937912040274 -0.0243103020218601 0.200520308901903
-0.00786355817306434 -0.0125800189636022 -0.146348812753504 -0.0643960516111321
0.0234229462694283 -0.0182641613199686 0.046649868731074 -0.432887051063583
0.0595864345906823 0.00449428420160515 0.520724940818763 -0.249170403406998
0.000622166951377855 0.0391190385071146 0.645828052323801 0.545643091174058
-0.0673943453297061 0.0198467330045408 -0.195911705459616 0.921130769041024
-0.0494861771967813 -0.0118693808863288 -0.634448005649802 0.360575153055496
-0.0508283871136512 -0.0215113661198909 -0.0123417020445574 0.108130674778199
-0.0479450318331683 0.038873580436603 0.641159184731112 -0.344527415082937
0.0135514852122282 0.0367541071002835 0.141189259959546 -0.951136744366448
0.0581283735437082 -0.00868283081354649 -0.7401081563563 -0.513306746598006
0.0420491161775753 -0.0524318834445616 -0.579700008674869 0.338222976206752
-0.0192646640429943 -0.0245606284128945 0.0146022222052452 0.434576431579676
-0.0326281377897985 0.00542658889557309 0.191305359560109 0.0718589787631315
-0.0130463019044888 0.0290648077332865 0.0519349902008482 -0.22473967593057
-0.0177632900065645 0.0229648349475371 -0.0213611144090146 0.201066920424649
-0.0108178738870499 -0.00657810916920069 -0.146489575173147 -0.0604071658765002
0.0233969130912702 -0.0102072001396258 0.04316706427541 -0.429896301106455
0.0634815468973429 0.01068497935749 0.517851602976757 -0.257708396010909
0.00820750045522713 0.0433709334097125 0.651410810799357 0.533310035098758
-0.0620614191806229 0.0269229652380687 -0.184996272413808 0.920297951183124
-0.0507033687836721 -0.0078439481884894 -0.63548317524791 0.364604049320932
-0.0548715456464875 -0.01897775986922 -0.0237285922637287 0.106658060353808
-0.0501980417333229 0.0435705282200521 0.636882512254883 -0.340008687326994
0.0187135886791154 0.0431460706282389 0.15067688037553 -0.95207727928466
0.0648975875218932 -0.00239328565741538 -0.73387851307181 -0.525975802973119
0.0446247284797334 -0.0440855174560982 -0.582718902593494 0.330707751981225
-0.0209133878490799 -0.0173080228181362 0.0143773624108331 0.43831149110053
-0.0365895521507079 0.0101897705664636 0.192671937370618 0.076421638403406
-0.0170431253038435 0.0327504942894619 0.0561151400485183 -0.222470868249467
-0.0190924399448119 0.0280555414791498 -0.020550405535059 0.203264617272322
-0.0120418082320594 -0.000960856945207837 -0.148102971336086 -0.0541001609926427
0.0218924379369463 -0.0029371467792877 0.0357077448167295 -0.425654053025648
0.0644712045312645 0.0171490921909893 0.512416243909112 -0.264814356414285
0.0142971942709737 0.0475117362393959 0.660333516390049 0.513234702516891
-0.0551596257647749 0.0318717594578568 -0.166420985995072 0.91545610364728
-0.0502401723160354 -0.00331112254623597 -0.636317397124051 0.373627698891982
-0.05509790174377 -0.0159924996734238 -0.0360903386008429 0.106296019998885
-0.0476763371832407 0.0472860176826375 0.636177212462377 -0.327998635638949
0.0229225390358454 0.0491631173794456 0.174415929323059 -0.951398644933999
0.0682773382436325 0.0039388594403141 -0.720689743612301 -0.546353076477128
0.0457811292740124 -0.0371294803436415 -0.590378906442981 0.32332264516408
-0.0211070526847907 -0.011019023659669 0.00526325336384305 0.443175784078213
-0.0376277775350919 0.0145848197067738 0.190400037166083 0.0831296334784863
-0.0199827367961719 0.036862478455214 0.0580826549407919 -0.21843797408541
-0.0195425790992409 0.0312494793165392 -0.0229090299929295 0.203863509297473
-0.0123884242210191 0.00386379828248257 -0.15307584310721 -0.0468941537117027
0.01987978790301 0.00412795133853888 0.0257065584778383 -0.420343931229824
0.0625356690094375 0.0226238676542627 0.505348016892437 -0.275495866950356
0.0170664278483136 0.0513757286962085 0.673900258316148 0.49392658950214
-0.0480305059224746 0.0355674517934714 -0.139135840616414 0.917506109683511
-0.0436359734409906 0.00043008130263485 -0.632525120637031 0.383726427286094
-0.0509950901447613 -0.0134783166592238 -0.0489641831719019 0.107527867666129
-0.0428642808110477 0.0483770422971037 0.635625781681533 -0.31301769405237
0.0261736620425889 0.0509622106667801 0.206851428464169 -0.945825673650217
0.0689001360894176 0.00979967151314797 -0.700192632850038 -0.570371184860756
0.0454672009261975 -0.0306898027531771 -0.602272211141479 0.31184990572026
-0.0214239115406592 -0.00584839738552377 -0.00810957068414872 0.450349238712242
-0.0377335188608946 0.0186017308664796 0.185579843769203 0.0919866862191652
-0.020337393649614 0.0391887083958535 0.0570782459228088 -0.216513956451933
0.00236427236708962 0.0109011957996395 -0.0392791088879864 0.198157562165748
0.00463247156422238 -0.0237980580141597 -0.173488194125526 -0.0520124312290813
0.0223440713702035 -0.0302525483649989 0.00748505549125563 -0.421452808544362
0.0371967385364782 -0.0064700141342972 0.507241048318147 -0.266576887416961
-0.0219916189932092 0.027787960860893 0.705312972981395 0.512492842847934
-0.0683586821501248 0.00208077067552065 -0.106058523411905 0.946823211650367
-0.0157833246361461 -0.024259228860794 -0.60209383013873 0.400890401404186
-0.00746601250290266 -0.0253963491818087 -0.00528009633516577 0.119792477807693
-0.0188969323623824 0.0243069756490081 0.672146800986799 -0.323114916275201
0.00519398203673799 0.0182255713753716 0.202920122575954 -0.947201979401995
0.0296810257122116 -0.0136728021758375 -0.711845698448973 -0.534989184203129
0.0218430613645151 -0.0603516093982105 -0.60615711718118 0.341233954213234
-0.0195683380157545 -0.0382778025777373 -0.014322720151637 0.45414768920299
-0.0195710599893632 -0.00317811069175172 0.171555158530122 0.0784079826301103
0.00490883783456672 0.0233541544559156 0.0305259326180824 -0.231857159676453
-0.00246131775092862 0.00989956091140114 -0.034906889089538 0.1986060955963
0.00174317237826018 -0.0243339745665648 -0.165442421762841 -0.0585384111382792
0.0225469862762453 -0.0317303942283401 0.0213945451799538 -0.427796579836616
0.0419041777070508 -0.00784562459563379 0.515662903957986 -0.258546181696288
-0.0189466269288194 0.0285270947060194 0.687238398239741 0.531537207925517
-0.0717529806145465 0.00398024671814905 -0.136882120831283 0.942034577281105
-0.0261988047644692 -0.0231759438304264 -0.610691134037238 0.387452869312544
-0.0183881201448095 -0.0263549453955304 0.000334842178801828 0.116476492610754
-0.0284252213292722 0.0258906065722272 0.664355515512401 -0.335872091887044
0.00486309980074327 0.0208377649836766 0.171560399810102 -0.952253020821728
0.0350629312426831 -0.0161385716993085 -0.730362152650283 -0.518081995095986
0.0265549541787011 -0.0632912611951702 -0.59541780335224 0.348139721361895
-0.0173323788949956 -0.0386955763803912 -0.00147043654317163 0.446233723930324
-0.0214566274017153 -0.00365708036342194 0.178273467805218 0.071900462928899
0.00167822794406264 0.0229627342046684 0.0355831622242839 -0.231928257518997
-0.00538548062868603 0.0111640291756335 -0.0293332543711315 0.198724807827259
-0.00302651181105094 -0.0224625551534425 -0.158036579273257 -0.0628156302860017
0.0229930770420331 -0.0307313437966489 0.0321699721566167 -0.431060585126625
0.0477220026285149 -0.00601100413586778 0.520500681546735 -0.254790856278083
-0.0134223749336618 0.0313322971686391 0.672382943636572 0.541711792381077
-0.0725058922358265 0.00917229372280971 -0.161961659152931 0.938377667379423
-0.0354170285135872 -0.0208702421303969 -0.619849955635911 0.378335006525006
-0.0310507038172176 -0.0250003177434968 0.000250079738349521 0.112890440135191
-0.0369373079618022 0.0297707979270226 0.656898528310261 -0.348929382772992
0.00633578094117708 0.0240563048343776 0.147990342472193 -0.957483108094272
0.042748832846201 -0.0164854934649237 -0.74431699794006 -0.506969466053265
0.0317122775877553 -0.0623936174240591 -0.586671548025382 0.350694065145058
-0.018341713676622 -0.0368733175472957 0.0109150242492566 0.440574808404363
-0.0249776993801409 -0.00115656390814005 0.183539459647771 0.0680645728751439
-0.00177895895128399 0.0239178267849678 0.0389038735366934 -0.231950817503424
-0.0106150383880541 0.014509288257437 -0.025142563663952 0.199980303156644
-0.00629370462741089 -0.018436183461782 -0.152684566543261 -0.064087654004641
0.0228622047685471 -0.0253872383637744 0.0384267891993891 -0.436135729565703
0.0554097497174068 -0.00202713948128961 0.523401268404243 -0.256245069080147
-0.00653738089822062 0.0348441761565998 0.661863209661498 0.543294526273016
-0.0710862280734091 0.0143154557289671 -0.178760991269627 0.934646349919374
-0.0440699622210091 -0.0170095182372167 -0.627883770841852 0.372464566909551
-0.0416602335951072 -0.0235595333758853 -0.00305844687672956 0.110362391039457
-0.0435638954103885 0.0347512846256152 0.648432591066355 -0.354270426996336
0.0100159969678034 0.0295238375751811 0.133695396324689 -0.956959258707868
0.0514643158882613 -0.0137418501170334 -0.749618535679482 -0.503061911947559
0.0369841830331268 -0.0600758461831776 -0.582010035229156 0.354303601429716
-0.0187405327479038 -0.0313743005805109 0.0178323934129741 0.437569725768653
-0.0290234490677959 0.00218045949882999 0.191334137471284 0.0670522675072845
-0.0070888862930878 0.0263800703999562 0.0448093401554627 -0.229237573105318
-0.0143334873865831 0.0184116691407527 -0.0220464312962271 0.201224969642749
-0.00882801404922489 -0.0128331481781081 -0.149619745454756 -0.0630578104239883
0.023249702954508 -0.0183031996051906 0.0406262770666692 -0.436432487139393
0.0605850082927152 0.00335754571385789 0.522550362090293 -0.258240338734159
0.00161373797087605 0.0395572601883792 0.658775764391495 0.539603142750222
-0.0672770517154571 0.0211189461615118 -0.184435311416948 0.929567371999322
-0.0493913241802344 -0.0120418555574901 -0.632123350925942 0.369004770899003
-0.050852245748028 -0.0212983063770798 -0.0106804911359521 0.107787228327114
-0.0475164756204953 0.0397608755194521 0.640390930450017 -0.355477253107752
0.0149391852246363 0.0367157780452014 0.129478129798663 -0.961177479799359
0.0590740267440417 -0.00935328518413211 -0.751397827259473 -0.505708828582361
0.0407413488984222 -0.0533464157675832 -0.57882379498008 0.350555178304337
-0.0192509637040654 -0.0246630287866788 0.0217931480328339 0.437152454216579
-0.0325729097767286 0.00661504895759231 0.194057505071797 0.0690222407963876
-0.0116675171113506 0.0291284499336633 0.0502454153575534 -0.226809447345907
-0.0173481006129692 0.0235289635543181 -0.0195337363607634 0.202687824091773
-0.0112960610863525 -0.00699900344597199 -0.148146139872344 -0.0596057389428901
0.0226038591969614 -0.0111993934680578 0.0378725155815728 -0.43444236514785
0.0644585671057037 0.00871333455782954 0.518841526450538 -0.266612285214444
0.00893794851132945 0.0446692190178739 0.663231579895754 0.527455343922809
-0.0616834834459182 0.0270256759083559 -0.175923824275656 0.928576879811829
-0.0515258983364142 -0.00730468734725931 -0.637069512285125 0.374592000116108
-0.0555863851977418 -0.0178245125505319 -0.0220214408049785 0.107048854785038
-0.0488544900064087 0.0449710213602409 0.638297020186253 -0.350935798972975
0.019563927186802 0.0424508954205261 0.142200291949131 -0.959626539156322
0.0649644249628941 -0.00256271410015428 -0.745223190051458 -0.520636683715314
0.0439454086436248 -0.045811721571054 -0.584597816589965 0.343946377149358
-0.0200246270424255 -0.0175667279935409 0.0187264869335462 0.441164474900021
-0.0355999995304409 0.0122240436787157 0.195431102606752 0.0750469282347371
-0.0167379110662603 0.0336565087375219 0.0535504840164959 -0.224612423622808
-0.0181939116589238 0.028138092496887 -0.0194400759458456 0.204063099237727
-0.0122871319575565 -8.40421768193069E-05 -0.150215736982355 -0.0529455702944409
0.0216180808380471 -0.00350044342153643 0.0305436499211513 -0.430869464769145
0.0658006051571975 0.016037171851403 0.512497516590899 -0.276181428573118
0.0145950463326848 0.0490228596399282 0.673121156805512 0.510016921587004
-0.0548570112550504 0.0339916333794371 -0.157596779011253 0.923614130615911
-0.0496484451249665 -0.00268792664925929 -0.637086346919039 0.382412207329411
-0.0561541429455448 -0.0151811727929886 -0.0344844995736974 0.107393806346949
-0.0471438895076359 0.04830469798214 0.636902487660502 -0.338103418252818
0.0240568612439662 0.0489366523839502 0.164576871507682 -0.959059310891041
0.0688222089092262 0.00379700136218271 -0.73048850533669 -0.540788433316561
0.0454235629842083 -0.038971010144533 -0.590933459311015 0.335664797040874
-0.0206624962636981 -0.011260201657501 0.0106656422368504 0.447473888173872
-0.0378126092314806 0.0164626646234706 0.193419458129116 0.0827160415458807
-0.019388098792294 0.0372362389387177 0.0559337405728514 -0.220836992271676
-0.0178063020483442 0.0319975466429829 -0.0208490340908597 0.204814936314102
-0.0126510291149965 0.00388789756684662 -0.155792880341609 -0.04531412728198
0.0201230994145601 0.00281250061714658 0.0198100861587949 -0.424683898757028
0.0632627638876279 0.0219255365554828 0.506035637373342 -0.284630979715487
0.0187844963718049 0.0519538035796371 0.687588382221619 0.486883066822266
-0.0481951090725759 0.0365766822334883 -0.132497606917744 0.925550619046799
-0.0430641463034932 0.000663325088177295 -0.632837702463413 0.394139716239141
-0.0514049029690626 -0.012464784769213 -0.0487982011315639 0.108899978268059
-0.0424152823236745 0.0495015506186389 0.638111307569794 -0.32327714812287
0.0269711171553513 0.0512077717883268 0.195707693389219 -0.956626099351898
0.0698747130344732 0.00978297503597076 -0.71412212934467 -0.564916659984293
0.0448649964254273 -0.0326708211691308 -0.602517947225126 0.322757951225091
-0.0214419163955985 -0.00609869191946812 -0.00109227325728051 0.455123632122172
-0.0375000776670481 0.0199775895199316 0.18803656215586 0.0909027000186079
-0.0197078630732813 0.0401117888606691 0.0552773666698312 -0.219160301332993
0.00359289811860435 0.0105919537880925 -0.0377358428524287 0.199964569335772
0.0033105268967776 -0.0236084618258871 -0.174948208105411 -0.0501013291757432
0.0224782426839226 -0.031161757473327 0.0007941611105415 -0.425372266961855
0.0368520919838877 -0.00731621940646416 0.506972883309253 -0.275690768933338
-0.0217810960985262 0.0290409673629518 0.715333079138308 0.50582020031004
-0.0687917882539512 0.00368276387214031 -0.094278165072013 0.951946354724588
-0.0164042750899841 -0.0245727932504422 -0.601307174317904 0.411961426492013
-0.00724813863551383 -0.0252145130950821 -0.00354191969591526 0.120286925104039
-0.0184108469368222 0.0241998537870319 0.671227965979108 -0.333078241366449
0.00593643641582266 0.0189615482191213 0.191725871537122 -0.956813960333247
0.0303786532684645 -0.0144087268577877 -0.72496962830878 -0.529738540690787
0.0211498703777706 -0.0613744914652223 -0.604618036328616 0.35119187807252
-0.0201982673371742 -0.0380727041196568 -0.0069486323570354 0.458364919250204
-0.0195512900157554 -0.00193865526510967 0.173887200635819 0.076997969799674
0.00579154727219457 0.0242396734733324 0.0279876921038707 -0.233526719902801
-0.00107459857006788 0.00984892232565881 -0.0326473588413536 0.201248750431606
6.17784341090531E-05 -0.024580886468251 -0.168139681498003 -0.0563541606220707
0.0219485880277557 -0.0325364570172106 0.014976682910914 -0.432082972771475
0.0432776549445857 -0.00867534526301852 0.513834328047367 -0.268691088474641
-0.0185128589107086 0.0289429860848286 0.697370078412618 0.522165112913558
-0.0715021153561383 0.00528461829410922 -0.126724098717746 0.949265002419878
-0.0264102329619877 -0.0232953551186409 -0.608663789695106 0.398261441794803
-0.0195639017025682 -0.0257226403460043 0.00151172301810953 0.115957002506556
-0.0269884901510401 0.0266933529260299 0.662093405633929 -0.34616045083624
0.00508369604858499 0.0205023627176411 0.160984349619618 -0.960168950897576
0.0353592457245698 -0.0165263406764949 -0.741813176484468 -0.510036481296063
0.0259905951218502 -0.0647671782089334 -0.59448271446923 0.358756743866187
-0.0187111669647857 -0.0385869915285474 0.00410887337851262 0.448771977693857
-0.0219434759961243 -0.0030179383807283 0.180578904193076 0.0705300290772837
0.0029737068022149 0.0239536379624647 0.0324654548462994 -0.234107836542344
-0.00486926807699239 0.0114346346739016 -0.0278366445191789 0.20093654122182
-0.00410868452320261 -0.0226238651933406 -0.160024928165029 -0.0608398795525087
0.0231362679978093 -0.0312050911539258 0.0247974690776216 -0.435620038063718
0.0488645246125699 -0.00703273748662075 0.521326025504092 -0.265249259409311
-0.0138970938075562 0.0318472654897996 0.685699675639448 0.532776621902859
-0.0719906042051684 0.0102077139193955 -0.150093647632599 0.944016986069201
-0.0368407103441349 -0.0207919058126124 -0.61835835261482 0.389128504783043
-0.0317623834004291 -0.0247738927153068 0.00190198075439855 0.113977146097879
-0.0365495417227009 0.0309951951542088 0.655078732861431 -0.358610739423896
0.00558152971642869 0.0243380776356935 0.136187708939605 -0.962635372408485
0.0431405285142993 -0.0165618161388529 -0.755040470685836 -0.499208058473835
0.0309692764626852 -0.0639755226835361 -0.585812043784209 0.362441593172042
-0.0180204803745977 -0.0366507128572521 0.0164250444183257 0.443352096488775
-0.0248249338885921 -2.72428872100002E-05 0.187372798570431 0.0662671398926123
-0.00128636678282391 0.0238544740926225 0.0364891184774183 -0.234273091502423
-0.00966555786827703 0.0140588561754376 -0.0243067273540003 0.201204287965851
-0.00770441559230058 -0.0183439097066163 -0.154446032681957 -0.0629434853993763
0.0232905169435337 -0.0263252891185597 0.0317241775111574 -0.440346197904605
0.0554998691694638 -0.00386922812064981 0.523743523412683 -0.266187481120708
-0.00626099574623567 0.0354835352142376 0.671476907008562 0.537292354795656
-0.0708435814608919 0.015543807374763 -0.168392210420409 0.941527966964621
-0.0438972957361298 -0.0169016579339754 -0.62638284301995 0.381543138742128
-0.0424983922173089 -0.0227833223153597 -0.00188931503408422 0.110005727622426
-0.043457559132533 0.0352782250710178 0.646992008536249 -0.364844244830939
0.010610471029018 0.0305538034808456 0.121326387282385 -0.965703029346511
0.051236422912082 -0.0152447726338947 -0.763134376612244 -0.496311268638189
0.0363206558483377 -0.0610269176648219 -0.581552137669154 0.365173708891642
-0.0183792025400964 -0.032155638635296 0.0247567148983669 0.441327449185907
-0.0283463152249334 0.00322419495173532 0.193502808236093 0.0652017714470259
-0.00671712764201212 0.0272373887177211 0.0425736521525391 -0.231639853344556
-0.0134974241508596 0.0192676103215745 -0.0201004267887481 0.203318521488378
-0.00946152260093569 -0.0131607441049168 -0.15063824152458 -0.0618889508174801
0.0235496309772414 -0.0196916005567501 0.0340276223272954 -0.441659572566497
0.061260837079222 0.00134777735640586 0.523463977999763 -0.268979300519772
0.00155234724989592 0.0398036786711844 0.670979869877175 0.533043976313734
-0.0671422655280054 0.02222557886241 -0.174609843221513 0.936778611741641
-0.0500736967460793 -0.0128586402350575 -0.631533010532317 0.381351181388151
-0.0518955306510333 -0.0200089207628292 -0.0104092220718494 0.108036264165305
-0.0461580200465384 0.0409821323409064 0.638195501928594 -0.365243169206454
0.0147282446277627 0.0368906998078226 0.120188977882575 -0.967879476193959
0.05878463885742 -0.00977335806531979 -0.763538223915736 -0.500048623054712
0.040924590022174 -0.0549632700188806 -0.578240042124042 0.361100541646114
-0.0198490600882343 -0.0245835782679195 0.028135542569263 0.440206304762943
-0.0330890450377743 0.00725031013538024 0.197349275373035 0.0675400736665808
-0.0109231142480934 0.0300643757333343 0.0471439227022502 -0.229971341302391
-0.0159600232994372 0.0231608217824288 -0.017556519310784 0.20396539708728
-0.0119841622538061 -0.00632381113519813 -0.149669686410587 -0.0568913695701518
0.0228412005395264 -0.0116986480014457 0.0307892169611677 -0.438775425777222
0.0644542706474145 0.00790159768085406 0.519896953031381 -0.275102692380328
0.00871900595336335 0.0447941428516102 0.673639695197941 0.52012917184899
-0.0614301021027461 0.028699200066772 -0.165777563284472 0.933629490119696
-0.0523597131029902 -0.0075093407569592 -0.634975948367653 0.384710568517885
-0.0570034985913909 -0.0172368827934628 -0.0213831070037955 0.107391239983305
-0.0472481016069073 0.0458571686211377 0.635371488485069 -0.360426579540781
0.0204065390835539 0.0428989936515245 0.129750090683412 -0.969056376861998
0.0654348209871852 -0.00388687108439849 -0.756788376223024 -0.514189955301513
0.0432800204402201 -0.0471010892824637 -0.581878614847675 0.35575313396091
-0.0209502089845144 -0.0181006689391755 0.025421909358459 0.444577093801141
-0.0352145397103518 0.0130462954695511 0.197749336443652 0.0732466244151689
-0.0155981350427973 0.0351342579794973 0.05119444616596 -0.226895907618094
-0.017267746490019 0.0286873234537659 -0.0173757399883079 0.205345430963517
-0.0131573383173494 -0.000759403714269524 -0.151278021174491 -0.0517171486563889
0.0219128247069873 -0.00377044521065701 0.0216764648198799 -0.434974512511459
0.0662138363578529 0.0149830896787368 0.513732252177057 -0.284677711318544
0.0158117452510355 0.0487778207461062 0.685844483592024 0.501969376288958
-0.0541836214750925 0.0340843308921753 -0.147493049651294 0.931684605205704
-0.0494733401859077 -0.00204457096545951 -0.635972679628101 0.39300192466078
-0.0566792618633836 -0.0144239175015284 -0.0350283555666955 0.108298817449687
-0.0460556638337281 0.0492446070425468 0.636082384198108 -0.347980306965865
0.0246873800395871 0.0484643443269677 0.153377423136285 -0.96618940708986
0.0694903957146172 0.00315829895906384 -0.745554107615952 -0.533112171634079
0.0448829003053078 -0.0397860244549916 -0.590045913804035 0.345693944918692
-0.0209668940083991 -0.0113712991418707 0.0180585273740481 0.451042080800273
-0.0374698200689724 0.0172969255654899 0.19576944107717 0.0806339526506318
-0.0180929953066909 0.038897627143432 0.0537501421705235 -0.223791379981838
-0.0170086568092984 0.0320820303843372 -0.0188664743141545 0.206069237888387
-0.0132533039316175 0.00389312375608018 -0.156430002398125 -0.0438773496018981
0.0200900685200204 0.00355611128515071 0.0129209422873381 -0.428163638062153
0.0637463059780551 0.0200525933859248 0.506167878709577 -0.294275470338092
0.0188340952067212 0.0525381857635433 0.697592839234152 0.478540191484651
-0.0470689640619179 0.0379231079683664 -0.119646198840248 0.93189829344594
-0.0431773210089235 0.00203900427145476 -0.630996776062782 0.405330159282019
-0.0520712137892329 -0.0124375004536264 -0.0466418812089927 0.109742949483193
-0.0420578791653667 0.051237703394602 0.635040558777753 -0.333747471023129
0.0271749742443372 0.0515894085342277 0.18697178406626 -0.961965567103446
0.0702511359318595 0.00893880060762569 -0.724720619531231 -0.558899198035568
0.0447363658153909 -0.0326808611643902 -0.602145745750448 0.333490273955228
-0.0217233706802303 -0.00675563154222302 0.00609339475165075 0.458827305912234
-0.036958211511696 0.0201617715353916 0.190373634212226 0.089300378475418
-0.0183020039593121 0.0419256692626463 0.0531135793049383 -0.221600075479515
0.00474930566641078 0.00994620053330954 -0.0361543406534375 0.201481202490684
0.00300708405419994 -0.0243714913718145 -0.176507361517813 -0.0470929362262416
0.021809055924186 -0.0320973407449948 -0.00594966344602838 -0.428093287308413
0.0372726125946008 -0.00823081641666615 0.507223046253154 -0.284579231103553
-0.0220067591060243 0.0291593061693927 0.726915040606118 0.495766715629326
-0.0691075354002524 0.00507178619798485 -0.0804763864956102 0.956617221742879
-0.0166861040757884 -0.024264217754422 -0.596067123955714 0.422580649944201
-0.00813881287422156 -0.0255041568121899 -0.00250961102308265 0.120156905870221
-0.0176536846044292 0.0242768935097397 0.666873881843961 -0.34582451822993
0.00432352179617455 0.0181352568266023 0.177751473103197 -0.963137942665546
0.0299424343107702 -0.0150285768976558 -0.734768990860555 -0.518559559822699
0.0196831974466127 -0.0621374730069792 -0.601752148277138 0.364977193162467
-0.0196743463047413 -0.0386472345520624 0.00145087791774971 0.459848281560738
-0.0194001746942158 -0.000695845386347614 0.175772201322771 0.0750255314443562
0.00708874796336048 0.0246888646012874 0.0249932956270716 -0.234771962757117
-0.00016486228954795 0.0109355274042702 -0.0307065066819416 0.201684312019072
-0.000740208858289548 -0.0245305167778077 -0.169429975937219 -0.0540776187880339
0.0225217879568721 -0.0327737994394555 0.00722840682162087 -0.434243364695905
0.0428359367518323 -0.00989890428951588 0.514107136444596 -0.278458674843453
-0.0188047411431701 0.0301770405870457 0.709792402588107 0.511989732823357
-0.0707170916507191 0.00653715157096169 -0.110732077347852 0.953746841684673
-0.0258467533113697 -0.0235395344168238 -0.604190524298964 0.406786053825111
-0.0196844058450947 -0.025421960749981 0.00312761735616741 0.117057544496651
-0.027218557282155 0.0265148537052179 0.660292171848799 -0.358554742521765
0.00523139317535946 0.0204385161736869 0.147858920446187 -0.965792306255701
0.0351491546950811 -0.0166992192420702 -0.752519300943531 -0.500977405941156
0.0241841376843056 -0.0651233290669452 -0.591026257559548 0.370740841214351
-0.0183108693867833 -0.0393408039842084 0.0120234278434347 0.452117569687691
-0.0216417910922091 -0.00127751760492417 0.183277901005279 0.0677053021552885
0.00303662537551151 0.0241204644726109 0.0294413639822025 -0.235587744920779
-0.0033320772659613 0.0120042779213075 -0.0251220716213392 0.20160905072834
-0.00448220798110075 -0.0220080088396446 -0.162120376702744 -0.0585847268569298
0.0230160860631504 -0.0315815690675617 0.0170783581787469 -0.43866083019228
0.048233658784612 -0.00835948652569295 0.52042664926236 -0.27323035819216
-0.0133329991602001 0.0325436305399673 0.696162006207651 0.525024399958542
-0.0722216078334718 0.0108371583379987 -0.138177661790767 0.950234722421794
-0.0363852453644809 -0.0204993570972678 -0.614273233550694 0.398151446114291
-0.0314106257922394 -0.0244545797955238 0.00405136788074556 0.114040401020928
-0.0349041734883384 0.0314453032551302 0.650466215520694 -0.371709166815453
0.00649039889339777 0.0249187559389253 0.124212652873853 -0.971026621947934
0.0428454446812849 -0.0180921999891821 -0.76721518860574 -0.489245228342728
0.0308540861673605 -0.0651732461557583 -0.582445327112868 0.375545376365068
-0.0186380268183624 -0.037506911177072 0.024231565845516 0.44672311374455
-0.0248310584532287 0.000747837113109507 0.189749615549239 0.0641414787941743
-0.000475242597494985 0.0245044399836904 0.0334719519023021 -0.235299589150632
-0.00851505556372502 0.0144098454267497 -0.0218397467608581 0.202195486306846
-0.00856288596255891 -0.0179267486641787 -0.1560991044542 -0.0599497294386371
0.0230035268279328 -0.0266797264389636 0.0242884639171321 -0.442804626158782
0.0564654328243228 -0.00626037908027431 0.522597920879406 -0.274973353858617
-0.00638672334033037 0.0361843536461243 0.68560662330049 0.525943642487396
-0.0705314738688173 0.0176361824852538 -0.156712673830957 0.946319954658904
-0.0438123149761979 -0.0167927796522996 -0.623590843934239 0.393129192231765
-0.0435076662371131 -0.022399642382887 -0.000736680333022092 0.110549944159448
-0.0421177370579653 0.0359923164365282 0.642715280768566 -0.375957604251596
0.0109913424690568 0.0298958467036069 0.108905043543222 -0.971461499568588
0.0516856580809134 -0.015113242467147 -0.773558074119634 -0.485567116838302
0.0357228158705783 -0.063274771000287 -0.578445229416822 0.37740517440148
-0.0189454950360778 -0.0315338817784097 0.0330915391493136 0.44388577812119
-0.02822129183335 0.00373877092109386 0.195595182479963 0.0629000516927807
-0.00595821565717485 0.0277571872446468 0.0397619130239949 -0.233360267632707
-0.0125924185523081 0.0185257266620635 -0.0180556218624238 0.204632885997344
-0.0101402499906454 -0.0117875754566937 -0.152720092100161 -0.0596511860820899
0.0237802338380596 -0.02083196447456 0.0262335371178563 -0.443316889612884
0.0611017611918587 0.000112248786257145 0.521362429362837 -0.278397028955971
0.00168040057144042 0.041580826465937 0.680086178179512 0.523071909505504
-0.0661450081883178 0.0236383588054721 -0.159892627507853 0.943172134967875
-0.0499602243777203 -0.0120571850791535 -0.629589050115397 0.39152789095545
-0.0521643250049136 -0.0198968101545868 -0.00800369893488827 0.107875418390829
-0.0461336756449904 0.0412213102640451 0.636114805346724 -0.375775635829241
0.0149292734266925 0.0362764042669156 0.104821248803638 -0.973831013512172
0.0593411535535766 -0.0112591723860063 -0.775049321865614 -0.489947539346347
0.0393023088047257 -0.0567390867806644 -0.57564650593394 0.374052460463567
-0.0198347149172816 -0.0247814289120522 0.0355544199347194 0.443309867990642
-0.0320990432718899 0.00950103079435261 0.199234423056038 0.065376437970052
-0.0112915411433178 0.0309570522417184 0.0442419415655843 -0.231131935764147
-0.0155616225885677 0.0240357119161707 -0.0153211310168392 0.204939689376893
-0.012963573774998 -0.00663815562339833 -0.152064013431528 -0.0554117841668043
0.0221471824475597 -0.0124286153960124 0.0249865846261453 -0.442638262818467
0.0658859296312689 0.00687014670404648 0.518003467659483 -0.285778101723235
0.00971688227893109 0.0450815809329433 0.684808195052519 0.508482267980869
-0.0606258350250263 0.0305859461958013 -0.151905414223738 0.940319960924526
-0.0523732268755543 -0.00631483074066579 -0.632170746964769 0.39688176279301
-0.0568788669645062 -0.0171646103715966 -0.0197462685709556 0.107510167516366
-0.0471393460836362 0.0469627542578913 0.631044443717683 -0.37119990034643
0.0206320008411462 0.0420192859112766 0.11496450725072 -0.974430653629127
0.0655840706119985 -0.00506184783802256 -0.767625861068409 -0.503807590796891
0.0416512247137423 -0.0484471408105039 -0.578631774841198 0.366345877952772
-0.0211338577432374 -0.0182216540073407 0.0335625333514494 0.446414152656281
-0.0362532022200138 0.0141844958637245 0.1998026808656 0.0707753627226178
-0.0143741790964187 0.035159008777737 0.0479657535118358 -0.228558711146265
-0.0162647392207475 0.0285670314479585 -0.0152328914444447 0.206601457597303
-0.013433323038563 -0.000506050714745928 -0.1537761448857 -0.0492977946404438
0.0220146982579727 -0.00472410067959524 0.0151157931924434 -0.437920949069565
0.0668031864631396 0.0126844765219563 0.510870708046079 -0.295148284106507
0.0159148438238645 0.0499476872089451 0.695175165817031 0.490970316441233
-0.0538241493064578 0.0354830787626757 -0.133932336330084 0.938318525874756
-0.0498570660955832 -0.00168800263785916 -0.631579265689319 0.402870753392046
-0.0573525816040054 -0.0132760207837265 -0.0329984825813732 0.108650390229781
-0.0454800222946818 0.0501538506053084 0.631732320780989 -0.359629779361735
0.0251241895558001 0.0475948311474777 0.140530689331637 -0.972793447340776
0.0688855596392959 0.00260078257930782 -0.756182337845901 -0.524720666308998
0.0431784711581235 -0.0417020155226242 -0.587515477452848 0.358628808066228
-0.0212802598456368 -0.0117254532118856 0.0265447814992769 0.453299158887149
-0.0366358811407858 0.0189355034739838 0.198381479103607 0.0774718198375142
-0.0176653849662313 0.0387055712195833 0.0509688319120741 -0.225348089745873
-0.0158019873785531 0.0318175003500547 -0.0159488770376783 0.207376484609275
-0.0138058987634723 0.00343663230735462 -0.157806341150724 -0.0411800670416366
0.0205250915388141 0.00218300505419689 0.00701687986061055 -0.431844942789197
0.0655118672627674 0.0192306062598896 0.504095292196291 -0.303619946878018
0.0191882501845424 0.0534245493806528 0.707402765805883 0.467069791430164
-0.0468751075593534 0.0394756068241521 -0.105632459652185 0.935917597407114
-0.043328870472025 0.00144825681869274 -0.62664331925508 0.415818626234723
-0.0530580747826877 -0.0113378200396871 -0.045931059183129 0.110664071164668
-0.041305663619234 0.0523173382576818 0.632257247015615 -0.343905555852971
0.0282661739249623 0.0507909449372587 0.170997728225203 -0.970133567966483
0.0702768560612856 0.0073660830252698 -0.738636157945542 -0.548967291869058
0.0438857918214525 -0.0345121837143929 -0.598878425241755 0.346533298250225
-0.0216412451921823 -0.00729619815267891 0.0118025446218597 0.461881004713376
-0.0370972327119381 0.0226022115031885 0.193931861756515 0.0873428281675409
-0.0179182399968042 0.0419122339695645 0.0502969542515158 -0.222955339417324
0.00543753019956869 0.0106073474367994 -0.0327671409143725 0.202551423663514
0.00200012436182363 -0.0235190427792558 -0.177534286434129 -0.0445614824545631
0.0215037916734588 -0.0326843083883012 -0.0143056501738467 -0.429313137770117
0.0372376896743884 -0.00991761166692976 0.502448264739038 -0.295304603082416
-0.0216828018829705 0.0308280998837176 0.737296784143263 0.481757094327509
-0.067923030167204 0.00593221144565266 -0.0658753850272843 0.959686953785641
-0.0154859054413434 -0.0242815305216743 -0.589985812534259 0.431533401726788
-0.00873381063520901 -0.0252645550028855 -0.000865010944277827 0.120634978786592
-0.0169918283240718 0.0254046395032379 0.664254689964176 -0.356419633219383
0.00638853874210616 0.01797677709091 0.16320671212187 -0.968219546062147
0.0297943392255786 -0.014883407148585 -0.744813816456355 -0.50999978151976
0.0184560559721038 -0.0631732154835201 -0.597105931529069 0.377618198465588
-0.020848503074676 -0.039241507503975 0.008583707034381 0.462814582223976
-0.0194570634945911 -0.000825982108438261 0.177727403886315 0.0722394576025635
0.00773410588041622 0.0245263424268719 0.0215540019092702 -0.236639764819938
0.00079834033994206 0.0110037243411043 -0.0287619860390128 0.202076776789973
-0.00150630671563307 -0.0245501970638652 -0.170273981176214 -0.0518376548203644
0.0212035652955045 -0.0333309566984352 0.000954313797447646 -0.43566206725946
0.0432395535264018 -0.0114082870346925 0.511293127266553 -0.287920388285089
-0.018619222455062 0.0313988071994195 0.720124312733704 0.498146168441666
-0.0705088170653262 0.00901176597006706 -0.0983640634558276 0.957669997709323
-0.0250763152997308 -0.0233645365899458 -0.600168378593889 0.41805494229873
-0.0199425161252518 -0.0260381265847581 0.00383713365931743 0.116435716225112
-0.0263603615638646 0.0272896475074581 0.655565374756111 -0.369293978783737
0.00536072600196847 0.0198382538780806 0.1341397992971 -0.968901699672002
0.0351004466417015 -0.0176334072974114 -0.7624923248608 -0.490900069552228
0.0229006935921884 -0.0666815034176208 -0.587320937991625 0.384288425850418
-0.0191946553836962 -0.0394362290944795 0.0204803637042521 0.452543194199314
-0.0214964289039499 -0.00035716629805901 0.184942334085514 0.0667317321898663
0.00474294934650421 0.0249058596071635 0.0263263554705481 -0.236176182567593
-0.00320447069106421 0.0112438631837573 -0.0228061890364519 0.203403809820918
-0.00480370610886451 -0.0221008179662752 -0.162875803147832 -0.0565984188170259
0.0216863863745004 -0.032120416997099 0.009705473854633 -0.440414452543844
0.0488771802707894 -0.00968932605929735 0.518104430809663 -0.28385366060661
-0.0131432771732814 0.0329531732999091 0.705185039358078 0.511720063537834
-0.0717319749037897 0.0127733348285022 -0.122529296421097 0.952886812791632
-0.035913177587234 -0.0203104949745673 -0.609699493868671 0.409185760899496
-0.0329634069177984 -0.0239640161219694 0.00515872712864998 0.113408809770214
-0.0347499323246425 0.031583300167448 0.645557560369435 -0.381389663140284
0.00756185203495915 0.0240277119887685 0.10863967083511 -0.97297915815741
0.0430033378962045 -0.0188196525905016 -0.775819570536823 -0.477540149025347
0.0290205418589674 -0.0667368899351144 -0.578720593074846 0.386591380637294
-0.0197732488507781 -0.0365612233542348 0.0331415393563576 0.447253776823315
-0.0246736672047834 0.00180763578776819 0.191176822953853 0.0607967290851748
0.00119966086175419 0.0251784719819048 0.0291595884326805 -0.236552444241763
-0.00858799635584286 0.0147432144564961 -0.0180917542912075 0.204266388985866
-0.0084206828393013 -0.0177695112183111 -0.157511269330487 -0.0574126876782458
0.022250301645635 -0.0269837435772145 0.0167975843312234 -0.443855305181654
0.0562713703026731 -0.00694991811529707 0.519579150206072 -0.284534345880784
-0.00687876848592224 0.0370646448563782 0.69552983103483 0.513441984132511
-0.0705120902836864 0.0182709053223235 -0.140951073054939 0.950430996909381
-0.0448233752120084 -0.0158946800779498 -0.617478250027588 0.402578766048106
-0.0440666499321896 -0.0225021627348593 0.000970046866638909 0.110314557979136
-0.0406920709648176 0.0377005278008789 0.638461341296915 -0.386839189993656
0.0102896336434002 0.0307496146882774 0.0957817255204504 -0.974318698012305
0.0513623217084449 -0.0154882651034747 -0.783475074970492 -0.474037626701177
0.0340926361638809 -0.063248045292251 -0.572247017101488 0.387255139109041
-0.0184647000424986 -0.0310236187790499 0.0414233461398374 0.444058744190236
-0.0284172552974141 0.00531883494843983 0.197101321122126 0.0605399194111492
-0.00515372888393776 0.0287432564474081 0.0371658375610208 -0.234725249840037
-0.0117830292586992 0.0193483905798639 -0.0147879978117807 0.204795457960583
-0.0113305464401058 -0.0120020924573653 -0.153930507128002 -0.0572126699050902
0.0222879632850486 -0.0205918479370536 0.0181533935069516 -0.445825935838288
0.0625644525283638 -0.00147940545173343 0.519026277019239 -0.287987604990375
0.00197953871557003 0.0421209829167796 0.692082436536625 0.512597082126746
-0.0666553949009786 0.0252939433852113 -0.147099659903673 0.948642759459579
-0.049884461867941 -0.0106900738581593 -0.623781385922586 0.401524678740046
-0.0532104904324375 -0.0187745810611648 -0.00697499607588974 0.108312881732256
-0.044419406387176 0.0425072378372106 0.630546281679906 -0.38649160781904
0.0162855417390682 0.0364778875844791 0.0906041439253348 -0.977801373495931
0.0588823904728746 -0.0120634285714544 -0.783528952678818 -0.478493382340962
0.0388602491677369 -0.0570615799579947 -0.570494226494325 0.385250351781608
-0.0200860235607381 -0.0248119894039346 0.0445027474941324 0.444105546776661
-0.0317024253420817 0.0108664263099208 0.201293271110729 0.0626935813395758
-0.00971581664733354 0.0321509906411666 0.0409921671785316 -0.232622518405857
-0.0144935375399964 0.0242471269921183 -0.0114938392438542 0.20595127936824
-0.0126473837708411 -0.00579461607570256 -0.152590266798377 -0.0532285328811619
0.0224016629604017 -0.0131769162586754 0.0157290222232322 -0.444190890220764
0.0656182547162944 0.00431490114755414 0.516056906672979 -0.295508811876316
0.00938509264100122 0.0451963321966621 0.695860310360798 0.496481246996637
-0.0599420678372109 0.0317364237631039 -0.138813026203266 0.946181618684202
-0.0520665084825338 -0.00608988037735833 -0.627120378789186 0.406683173566974
-0.0565671680288479 -0.0159144629859218 -0.0184441000388784 0.108199808103746
-0.0458200328567652 0.0472111221087993 0.628163325402794 -0.382403035876616
0.0214993314425332 0.042565426856119 0.103147161512715 -0.976577561958366
0.0655965224595838 -0.00594952440035807 -0.779366055191063 -0.493368134656569
0.0413332135384101 -0.0502597464886302 -0.576304635996757 0.377991142798509
-0.0214478230622629 -0.0185867238094513 0.0420297990257434 0.448588166704134
-0.0349365126027397 0.0149605575144671 0.201781123326936 0.0680512405834692
-0.0137337980267621 0.0358840827787106 0.0452591196833218 -0.229457466661317
-0.0151967049336883 0.0284091507233556 -0.0125198657857629 0.207083836785468
-0.0138013021439176 4.69311553968135E-05 -0.155539096370726 -0.0479954003116686
0.0216127763052931 -0.00439916578570596 0.00854626101304659 -0.438531287718027
0.067538895410232 0.0101222280117008 0.508810589323455 -0.304668513694132
0.0163886130908472 0.0502459168031936 0.705883629727069 0.477692779407977
-0.0529454822449621 0.0367641351749196 -0.121650790571536 0.93997269867374
-0.0494176029260393 -0.000937023075377748 -0.625626000054284 0.415942741646037
-0.0586366142832866 -0.0128202299104207 -0.0308793468665698 0.108844141395969
-0.0440648056390646 0.0506211396566192 0.626742582373105 -0.368260358482083
0.0257231347861223 0.047567112735687 0.1235608777502 -0.978082508652266
0.069879933505678 0.000477424126832719 -0.766075567351701 -0.510886125072134
0.0425559666923068 -0.0421740798234291 -0.583219516705833 0.369993411043322
-0.0218956199441389 -0.0116536677282344 0.0339690321327818 0.454923085956757
-0.0369619591634579 0.0200694374401659 0.201090683538543 0.075399612402964
-0.015850221815734 0.0393283878039955 0.0476204845632889 -0.227499175893039
-0.0148003831189499 0.0316270630178065 -0.0140779457497704 0.20844705275221
-0.0138125482249776 0.00436987414023946 -0.15944485131084 -0.0387710533741062
0.0203572735576713 0.00171855481469474 -0.00217559107629847 -0.431873503489668
0.0654499995568964 0.0171754892261725 0.50016405568224 -0.312154844375224
0.020545763315914 0.0537397971268898 0.717608953344682 0.455265229567477
-0.0465608993804833 0.0400721567364815 -0.0923915735346099 0.940671663323983
-0.042667815821965 0.00177713038002991 -0.621556143683017 0.424968698234679
-0.0531424678675141 -0.0109047020373343 -0.0446315058674617 0.111439995366327
-0.0399889279280113 0.0516011743528234 0.627641548591318 -0.353305220193428
0.0283527022846539 0.0502086754940562 0.159369975688653 -0.974711019393292
0.0702233054198193 0.00677105026287251 -0.74832010461898 -0.539115555988375
0.0427709631292994 -0.0358179224698864 -0.594725489866383 0.357409234587687
-0.021661584822933 -0.00754964447829401 0.0210411405774505 0.463756124275065
-0.035922305543576 0.0236058337422474 0.194860594908477 0.0848278013837237
-0.0157314482776423 0.0425659535467273 0.0472680410451226 -0.225167251634044
0.00669191407093647 0.0105115712279248 -0.030123794218475 0.203314218153814
0.000768437344272457 -0.0239654727161721 -0.179369644736779 -0.0420576721291533
0.0209166944241891 -0.0325919374079657 -0.0201669499103433 -0.430910285208639
0.0381456627590975 -0.0105367549942295 0.500326888577595 -0.302870693018661
-0.0210312265983687 0.0319152085543576 0.743977308078185 0.467899431869339
-0.0680990115852004 0.00737655079915663 -0.0518914158260934 0.957707920065986
-0.0161744591389467 -0.0239056248012279 -0.585012524475846 0.440185159795825
-0.0090198729484707 -0.0251128081951132 -3.43245571545939E-05 0.119853385698702
-0.0162472524183964 0.0250582146033738 0.655788535917964 -0.366835610251336
0.00581829344168892 0.0183522649691346 0.149885956283326 -0.970332720486765
0.0297193075634338 -0.0156326080091077 -0.75398331567218 -0.498566013952337
0.0174168607598666 -0.0638324248537181 -0.590562612692368 0.389249025776857
-0.0211163791586919 -0.0389165434502332 0.016848836670537 0.462815431922911
-0.0196595716019098 0.000560014947320777 0.179412908292612 0.069527228018014
0.00818206329387692 0.0254706047056545 0.0181435684577469 -0.235764842042647
0.00213898608813464 0.0101922612414274 -0.0259179049586969 0.203622508137098
-0.00247432468293714 -0.0242685323936224 -0.172605770731827 -0.0485966887085812
0.0209562549308603 -0.0344054762922029 -0.00773471066256243 -0.438113265853259
0.0427922220927818 -0.0127344415587626 0.508463644143848 -0.295188598761477
-0.0184226638930733 0.0324866068684505 0.726847471120881 0.486706437482649
-0.070072067292641 0.0102730705258529 -0.0831125436184515 0.958059204088261
-0.0258030215518988 -0.0228136997789922 -0.593389430985875 0.425974137654997
-0.0208290321467321 -0.0248255481282105 0.00595741890922352 0.115722201608693
-0.0246867742878483 0.0275459081317354 0.648214695773223 -0.380260050502523
0.00584309930624986 0.0206844124672127 0.118352601895874 -0.971998783847097
0.0346390311496403 -0.0184119568534817 -0.771034481223258 -0.477540003715183
0.0219569065319968 -0.0670866218792179 -0.580078739918232 0.395773942016342
-0.0207247727168788 -0.0394707272389678 0.0291606191121433 0.454242583322397
-0.0210892911463304 0.000946378995488081 0.187262662772056 0.0620974857265641
0.00553660139059917 0.0253037562866817 0.0234236774706885 -0.237487796099372
-0.00258934629760901 0.0115929677239114 -0.020068731421939 0.20266543183795
-0.00614879915154537 -0.0223359367606785 -0.163607378013996 -0.0534373841964687
0.0210678059132248 -0.0326954783000444 0.00113415122449966 -0.441349045910281
0.0494048266456009 -0.0109957762867666 0.513906603474259 -0.293325030942282
-0.0129985375284943 0.0347561562919638 0.71537023554536 0.500289492082075
-0.0707545375137229 0.0142516063214223 -0.108674487360956 0.955933400865955
-0.0359238308114816 -0.0202889420408239 -0.601691248404202 0.418361701183237
-0.0335169413901591 -0.0225135078156356 0.00720198785873447 0.112458004203032
-0.0331978319815269 0.0309808718766395 0.639238426670458 -0.390789010502061
0.00692309313317672 0.0240629871796664 0.0933295772756243 -0.976844125188724
0.0414429687346857 -0.0189279238659597 -0.783352964734754 -0.466081173724044
0.0273892200866539 -0.0677181334260971 -0.572998908211264 0.398732840170328
-0.0192381454437392 -0.0364979241846716 0.0402512761144297 0.446843737010708
-0.0242461948860328 0.00261976993027734 0.193039277959541 0.0583870162079673
0.00147947164905674 0.0258960738027655 0.0264820038510586 -0.236961846570179
-0.00685423855358329 0.0148000257212659 -0.0161838429631176 0.204155184508932
-0.00949798924029516 -0.0177751018881658 -0.158255122654018 -0.0558438824952359
0.0226910366863935 -0.0279350495895041 0.008265201657903 -0.447027355711407
0.0554122031839762 -0.00849534040790374 0.515315868493718 -0.293926014668873
-0.00479036328023777 0.0391714409489348 0.70457268512868 0.502802726732642
-0.0688592666282416 0.0202157202529334 -0.128291157655386 0.952266560613112
-0.0438984297176126 -0.0161709988071567 -0.61150893223775 0.411898202762533
-0.0438600418833091 -0.0214047635790562 0.00233406942990389 0.109743066325501
-0.0399307518358558 0.0375975184869634 0.630876819429655 -0.395632619550926
0.01084446742731 0.0290392096966472 0.0791541308024002 -0.976478158546028
0.0503207277712761 -0.0171309781861682 -0.789698987162675 -0.461905962886634
0.0331192579486114 -0.0646672887213523 -0.566306928584333 0.399530104740442
-0.0198525742501935 -0.0320429549899752 0.0490401924346697 0.444346640237485
-0.0280771081977185 0.00670967459989829 0.198495681755524 0.0571955093415267
-0.0036245406585294 0.0287191948358909 0.0322019983711711 -0.234679271139572
-0.0111319014859145 0.0186210390197917 -0.0121374684270169 0.205045482974824
-0.0121435110161324 -0.0120283112303039 -0.154928272572107 -0.0556571100706623
0.022909947396045 -0.0214074926497198 0.0105471873393461 -0.448176979038597
0.0621591873493599 -0.00314129495457932 0.513852580334872 -0.297851009777179
0.00326605580128186 0.0420555130305856 0.700593732075602 0.499901934783679
-0.0653891189545859 0.0266446631140661 -0.131566352516866 0.948241308032423
-0.049759487967492 -0.010542703690307 -0.617732628367741 0.411297801458234
-0.052965982701966 -0.01759951947861 -0.00553735200665144 0.108261148506662
-0.0433704112355865 0.0429973537969081 0.621052473636308 -0.396125049458637
0.0169958225659487 0.0357923285195394 0.0750095680890963 -0.979921709678896
0.0589101281609035 -0.0126395157905072 -0.791910358923859 -0.466621652201604
0.0370315717385452 -0.0579970848689841 -0.564176475986312 0.396318070332743
-0.021100904298924 -0.0255962708164119 0.0514375754639125 0.443371770825207
-0.0312503486583218 0.0108403669765086 0.202790463530734 0.0599531622325042
-0.0083215206335875 0.0329683371023479 0.0375664389179517 -0.232385785061256
-0.0135596861549046 0.0233487192489162 -0.00955967006084738 0.20664035780985
-0.0135313122551856 -0.00510554427282993 -0.153947971280743 -0.0508099610719525
0.022978772352887 -0.0131504914091146 0.00701537100858336 -0.446526168311227
0.066206408479037 0.0025511643205462 0.512180460772425 -0.303192028256017
0.0109736120760592 0.0464790628359489 0.703005040155839 0.48482372535226
-0.0596214101241471 0.0328975519238878 -0.12386760788365 0.948673331571239
-0.0509642457671178 -0.00496722526377691 -0.620485314301623 0.414966538382538
-0.0575224114512512 -0.0147490883756926 -0.0166524354618525 0.108127161341704
-0.0451478984022511 0.04770998670498 0.61962494362156 -0.392476014746038
0.0216887009395504 0.0415377946506081 0.088497676122512 -0.980595778439279
0.0654565497780798 -0.00681037600084404 -0.787336907428609 -0.480784441000989
0.0410389342253028 -0.0511179659347747 -0.567862766271376 0.389925066138997
-0.0218597228369727 -0.0177364448234413 0.0501536093242583 0.448238575108436
-0.0348048077958013 0.016589677303289 0.203818990522848 0.0653909353374227
-0.0122765863336828 0.0363977195985605 0.0411544131552416 -0.231301782441688
-0.0143826814528753 0.0289737433980629 -0.00897395377272331 0.206979156006602
-0.0140799204545578 0.00019168125535767 -0.155398681544634 -0.0455791566204225
0.0223434309836712 -0.00536385870957566 0.000963510109785608 -0.439633352032186
0.0686002964167072 0.00900017475091151 0.505056885689774 -0.313705176609524
0.0168891162903065 0.0508067663266468 0.714051250079753 0.46577657086685
-0.0522186654955682 0.0384101892848397 -0.106223085879048 0.942127497277081
-0.0497707877920979 -0.000538088132592873 -0.618914503258037 0.423928938359254
-0.0584555893184247 -0.0119521196097216 -0.0302265487984409 0.108953293986252
-0.0432594407898296 0.0519874481175667 0.619392860415923 -0.378196119583979
0.0263860025574451 0.0471491136812039 0.108140696236114 -0.978267732299182
0.069079329929991 2.0396235974926E-05 -0.774453431002481 -0.500274699334533
0.0423701361285909 -0.043922973019547 -0.577435868593995 0.381730811976097
-0.0215494440899622 -0.0117866681839825 0.0415359195025189 0.455947229566778
-0.0360627354449417 0.0210385099534132 0.201596464861331 0.0727308641575113
-0.0142965607459735 0.0405533748096555 0.0443787596922914 -0.227666544974875
-0.0136646494706308 0.0319154850035551 -0.0108806239518408 0.20819093393171
-0.014488737180068 0.00527000862324625 -0.160168128251567 -0.0365654617923633
0.0199619486414143 0.00153113097998157 -0.00925893183548403 -0.434637560072969
0.065238210568791 0.0155638673543038 0.496886727800711 -0.322515357537815
0.0204501916522282 0.0536794503333684 0.726567875297457 0.44320493184224
-0.0452868398587395 0.0413191514899507 -0.0766059241408477 0.940715119892763
-0.043210490076179 0.0033713527860486 -0.613939444264246 0.43437411640878
-0.0536249618847948 -0.00964639974895848 -0.0430744651476008 0.112159829197509
-0.039048864630609 0.0522142875352925 0.621105036249073 -0.362833980565494
0.0289755812819094 0.049645606426579 0.143437960913262 -0.977721107753729
0.0703624770263066 0.00566338444908395 -0.757401717587908 -0.528471808439837
0.0417476349873688 -0.0360257468883226 -0.588169026866364 0.369867499421377
-0.0215132994188945 -0.00731317950740509 0.0284590965765119 0.462605649896563
-0.0353783666897205 0.0244290883013091 0.197119336177675 0.0812203264122785
-0.0151599190716144 0.042818006278268 0.0436138278391371 -0.224921954292866
0.0065372532909963 0.00940044927145111 -0.026834243143216 0.203849964888047
-8.9638586503302E-05 -0.0232369409638354 -0.179253961427481 -0.0388398793360222
0.0199117767511585 -0.0338717517740958 -0.0287189500050423 -0.42960430145116
0.0375094607439959 -0.0128679973342168 0.493541956215427 -0.311324161864087
-0.0208564085851754 0.0326201966087683 0.752038761914651 0.455150112558134
-0.067393393760401 0.00869410228628118 -0.0371467176168715 0.957170426277125
-0.0166187706154265 -0.0242652251472203 -0.574967243120742 0.450068784844192
-0.00917475309043546 -0.0245525298735848 0.00203440376167019 0.119372650262171
-0.0150009616935943 0.0251552061826644 0.649198583268251 -0.374102472479937
0.00656712844199048 0.0178862995003484 0.136088718795208 -0.970756286786269
0.029691400197914 -0.0151631696744519 -0.761498469586711 -0.485331465751077
0.0163640769335727 -0.0641095436779005 -0.584497534377399 0.39768284384048
-0.0218208128546103 -0.0389622806526187 0.0258496408085733 0.462812731535588
-0.0190946484971602 0.00158714605967928 0.180585574453981 0.0678291168955026
0.0096859506647274 0.0257660143655613 0.0147909848131117 -0.23706273008189
0.0023097097603373 0.00937992882143001 -0.0227696167864767 0.203281499145215
-0.00295854556389258 -0.0243604169080546 -0.172102617550765 -0.045474832247915
0.0212164600081301 -0.0339619706557984 -0.0162322161018649 -0.436857642702789
0.0435681104322159 -0.0137152178882051 0.503870576960506 -0.305373066032634
-0.0174046588861593 0.033625026819249 0.734505639659811 0.471353775764351
-0.0704431120929296 0.0111925888032273 -0.0696284605349987 0.956497872106474
-0.0255236964355601 -0.0226073636978721 -0.585221451539472 0.43308356316834
-0.0206123471167014 -0.0241426461146543 0.00723342803486714 0.115670346085565
-0.0240866563006943 0.0277887850024697 0.640861178161652 -0.387606917022926
0.00584223766298482 0.0189390844631217 0.104157565546469 -0.970869875865079
0.0344080899529568 -0.0181245390005837 -0.77644001723278 -0.465586128064909
0.0201101838363509 -0.0675421528714083 -0.572070510967669 0.404334503878156
-0.0210807869652131 -0.0392616828688323 0.0356206155689016 0.453851493539374
-0.0210045892261742 0.00135689196092025 0.187528590999116 0.0608896672021119
0.00661355872138319 0.0255141162035682 0.0193269282819142 -0.236907293669392
-0.00124949210610143 0.0112125204288467 -0.0170963608652063 0.203509335538974
-0.00680665333583746 -0.0218559040713167 -0.165639487364518 -0.0504901677807679
0.0210905111597506 -0.0332559207134672 -0.00657137873302794 -0.442701583601093
0.0497380266163571 -0.0132503475183862 0.509141476572003 -0.301025672445909
-0.0121113034463701 0.0345476728731909 0.720915593514597 0.486863014199204
-0.070225588161048 0.0152840383541059 -0.0945957516030671 0.954211458077156
-0.0352000328299543 -0.0197042675883846 -0.595829812034069 0.426688285526591
-0.0335879361303118 -0.021940990899435 0.0086683113927481 0.11205868452598
-0.0324036685603039 0.0323463810132736 0.629962856082155 -0.39853865016536
0.00753271549469575 0.0238126231063107 0.0774971636754679 -0.976384751830101
0.0421504722713083 -0.0199492269684004 -0.788541606301432 -0.452357403045526
0.0264803360167363 -0.0679928452409555 -0.564860363398851 0.408529593154821
-0.0198784989114591 -0.0363296502401009 0.0486862072781703 0.445052399619116
-0.0241157069071383 0.00420482279305954 0.194613935534686 0.0555342352857596
0.00244279777979061 0.0270225689097742 0.023069899006098 -0.237233576172637
-0.00518620988137056 0.0142451910299178 -0.0130138729954733 0.203836016328591
-0.010180375632735 -0.0166216501416447 -0.158951538110049 -0.0530153070080677
0.0211696082343889 -0.0289586896404968 0.000724275744006225 -0.445564086349751
0.0557531254347836 -0.0102079844061936 0.511622865651431 -0.302384606943181
-0.00457815184982985 0.0388064700238536 0.711972876600699 0.488089363131421
-0.0680473458672171 0.0216832958266487 -0.11343550794075 0.952029718516841
-0.0445310843232925 -0.0155180144264246 -0.604726835353455 0.420134450384837
-0.0442094132743563 -0.020519468823419 0.00418810460797961 0.109724342102567
-0.0387440617393463 0.0379086945483414 0.623303548783909 -0.403909381236
0.0115920084389608 0.0299910826946715 0.0641076001818287 -0.976125141998263
0.0502686384852628 -0.0175401359458508 -0.795755769001061 -0.44883455582502
0.0316802994617622 -0.0644528025075961 -0.55808286627645 0.408596349225496
-0.0204117583349382 -0.0317292416235861 0.0567202014634718 0.441487340281619
-0.0275651313930866 0.00798667323010638 0.200230048024634 0.0546089793750053
-0.00247359318893242 0.0290693804394776 0.0300157312726168 -0.234376920845025
-0.0100250672922759 0.0185994178182936 -0.00954180615118467 0.205162431461191
-0.0126206379799153 -0.0119490332669379 -0.15575926322357 -0.0518708977898789
0.0220174193366472 -0.0217715142636884 0.00263729003746095 -0.446170813370203
0.0618242628713371 -0.00506038952726925 0.510932810528055 -0.305908776942992
0.00351625447696478 0.0422336188727486 0.706026728325861 0.485102704105043
-0.0649505890781629 0.0276461425975586 -0.118556127588966 0.947774418619883
-0.0493934873464939 -0.00964658527805542 -0.609787677349249 0.419201949642254
-0.0531572168600895 -0.0163507685298387 -0.00323641977759797 0.107532778971853
-0.0427173514294976 0.0431732721596967 0.615525559608974 -0.403639702198384
0.0173346844856548 0.0358900134062438 0.0588589561672279 -0.98050698075193
0.0586394398907339 -0.0133039618471891 -0.798054111571362 -0.45372951059714
0.0357574993573979 -0.0592864034009372 -0.555913294199458 0.405955486770624
-0.0215952324652478 -0.0249297881825402 0.0600862829592208 0.442495770910899
-0.0308306202504508 0.0120181458441236 0.203627812798609 0.0566326248079218
-0.0077955248644839 0.0322679251294878 0.0338354875645076 -0.232893262931806
-0.0121991700257395 0.0228002249335725 -0.00626164419975842 0.20591779992027
-0.0142057950346331 -0.00553808944962892 -0.154195477350433 -0.0488526897487212
0.0218069727922696 -0.0143341416562737 -7.49167864432409E-05 -0.445770655748918
0.0666359349544413 0.0011408009075093 0.506698336220915 -0.314031234127105
0.0115514783798412 0.0484370129186402 0.71096657934223 0.470471387792611
-0.0577770291660996 0.0337894850928032 -0.109719557985292 0.945979330929507
-0.0513041186684622 -0.00462202001301031 -0.613437183106078 0.423124096724888
-0.0573155712766635 -0.013704630741849 -0.0150126118013252 0.108492786623744
-0.0436173436895933 0.0485197884284288 0.611780015246998 -0.399910791829379
0.0225484733107637 0.0411992462751054 0.0713876188974369 -0.978106545641047
0.0649568765132528 -0.00699913754227996 -0.79193848247527 -0.465969334681325
0.0391547502979759 -0.0512703834147005 -0.561038723896366 0.398858376633648
-0.0217500046306206 -0.0176699980973242 0.0578075632119998 0.447382572453127
-0.0346364947984635 0.0172012739836847 0.205107724074654 0.0626018533722336
-0.010806490360794 0.0364095071175722 0.0382965464226163 -0.230617227867835
-0.0139272776424604 0.027308446232416 -0.00650709509750753 0.207688062735643
-0.014834240873807 0.000799734609617329 -0.156218795581972 -0.0424179748075754
0.0212177134988853 -0.00625407610801961 -0.00671924162968265 -0.440444236809033
0.0678696383490859 0.00729567665374407 0.499387944451778 -0.32141279064614
0.0180991173763115 0.0510182256660214 0.718887195541093 0.453255306165742
-0.0510621273774883 0.0393190077164569 -0.0915750160560806 0.9425073100303
-0.0479657811726427 0.000843534408946498 -0.611077330364848 0.43165338448409
-0.0578838626058488 -0.010470286725941 -0.0279808101788517 0.109206855743621
-0.0413186815728957 0.0529990072052869 0.610505632534875 -0.388835196000673
0.0269544678312962 0.0456995901902529 0.0941019829127742 -0.978563607319815
0.0694859013917223 -0.000694731176404954 -0.781234276596061 -0.487938024508194
0.0409191687119969 -0.0449418659359339 -0.569602874293614 0.391056363767822
-0.0226724542542914 -0.0112832397938838 0.0509229883234022 0.454360555023185
-0.0355483425057275 0.0220456739930102 0.203596676061063 0.069812261558225
-0.0132766135390446 0.0405804101947844 0.0407883474876573 -0.22823034463985
-0.0117093050528896 0.0315762284992221 -0.00893949221564244 0.207431816897849
-0.0143212033986973 0.00518952876266316 -0.160296791425449 -0.0342791301945986
0.0193996559279266 0.00105160010954959 -0.0169948554986872 -0.432960556343232
0.0666372772368822 0.0144904054884775 0.490713720686447 -0.32947972103228
0.0208016049363609 0.053804875709492 0.731684500095345 0.428283637651783
-0.0439936968252346 0.0417914412524764 -0.062236613030953 0.941170051954253
-0.042137275871242 0.00270663687608179 -0.607153316000227 0.442650912083568
-0.0534668909026565 -0.00808733563181889 -0.041291589190318 0.111285955946404
-0.0376442186693723 0.053130568372354 0.612734392825599 -0.370586952538127
0.0299656731172062 0.0483569738608181 0.12697448450306 -0.977334533294753
0.0699047258866907 0.00480280307691032 -0.762885414212151 -0.514760203686314
0.0401610086948773 -0.03752442649287 -0.581044819742017 0.37863517968519
-0.0214198232203319 -0.0080491917998535 0.0372103978920431 0.462421056580646
-0.0352942382646805 0.0257999768725312 0.198474250795833 0.0778553483525291
-0.0135151222057202 0.0440173957556928 0.0402668017212876 -0.226789444614756
0.00797364555696528 0.00942896446680584 -0.0249947334791113 0.203194613218414
-0.000991129958635808 -0.0232549637900474 -0.17866848812107 -0.0361933779584395
0.0207082920516968 -0.0337048763767314 -0.0353327947128812 -0.428951781132215
0.0366875827866903 -0.0135145830369311 0.487932849224409 -0.31942392129852
-0.0200055987308943 0.0334239297566262 0.753191325539268 0.439740612030663
-0.0664994790537232 0.00938693126552096 -0.0261553833829296 0.954551918087168
-0.0151754068571063 -0.0238721674751504 -0.568931799664754 0.455523104243065
-0.0102911749103293 -0.0248922211672388 0.00380303569265638 0.118109542842437
-0.0147182097908639 0.0255499335546491 0.639523339172468 -0.382989410364923
0.00681383833142211 0.0170332002603912 0.121614627295091 -0.970084656836531
0.0293797461985988 -0.0164729324620436 -0.765521190139006 -0.472183967922543
0.0149579685114313 -0.0646880861901915 -0.576079821241629 0.405826365944386
-0.0215525729241071 -0.0385363999268001 0.0320648742814972 0.461052818219865
-0.0191270626720468 0.00265714323713722 0.181961496847515 0.064749233884878
0.0106211039603348 0.0255181806099442 0.0110755779332689 -0.235475157751591
0.0035702225974587 0.00966376104748457 -0.0208805169358911 0.202900128648071
-0.00438776187797729 -0.0231289049208423 -0.172260432610111 -0.042664694797999
0.0204599138953302 -0.0343458276938618 -0.0234811723580794 -0.436011845746865
0.0427971989367045 -0.0149292343374473 0.496823980042206 -0.311787355633899
-0.0175935223978451 0.034137835347463 0.737941502375099 0.456975175985327
-0.0688625853250706 0.0129075472031469 -0.0563614437179264 0.954318543826666
-0.0249659945795441 -0.0225793011301861 -0.578334487234414 0.438500483169166
-0.0220680744292996 -0.0242018631629302 0.00936382277521968 0.113812474605813
-0.0226666320200434 0.0283065364352211 0.631179959734753 -0.394245905994748
0.00586694107669732 0.0189799975430152 0.0897358363002707 -0.970501641140752
0.0341213389121446 -0.0194289299750677 -0.780313537578587 -0.452729432796795
0.0190090798888206 -0.0686128822712211 -0.565115029751512 0.412425210628168
-0.0204049226028832 -0.0392204533550518 0.0440945238495533 0.452258723997331
-0.0205553584334987 0.00228464659715948 0.187577119577542 0.0573911472597084
0.00726564168513029 0.0257351013671644 0.0163878922220388 -0.23642020927704
-0.00129573983969132 0.0109549868673531 -0.0143116903131472 0.202981503862241
-0.00731565632562391 -0.0211721398007883 -0.16498598830947 -0.0483021282787601
0.020780402078073 -0.0336536423952268 -0.0130699565883977 -0.43999614582521
0.0493833349930797 -0.0145253999852086 0.5040251441003 -0.309021781974056
-0.0115981896648833 0.0364360513922562 0.726889358797936 0.470514275334161
-0.0698811110443767 0.0161948573230375 -0.0810909932429921 0.949768594695235
-0.035145525007984 -0.0190801113441394 -0.587367386561109 0.434058082347625
-0.0339261481246036 -0.0217320789367084 0.00919426015714211 0.112181788858846
-0.031464464573015 0.0326642381001835 0.619881564299882 -0.407167883838569
0.00805448627034017 0.0233486366221858 0.065675009587068 -0.97300311838697
0.041715692759569 -0.0194309255128679 -0.793358318219012 -0.438642073659853
0.0254512699181348 -0.0680244591282795 -0.555076033806973 0.414268045447252
-0.0210112023414864 -0.0364835974651628 0.0548290542779024 0.445191486738456
-0.023694170004835 0.00466286182125665 0.194651567126339 0.0535181186031376
0.00317984357378146 0.0266933798770577 0.0196304855305782 -0.236191668105918
-0.00546028340018385 0.0132638209234616 -0.0112184450062763 0.204795913058425
-0.0106517068470201 -0.0167592299746865 -0.159481172020613 -0.0502415109095939
0.0209993911541101 -0.0284335744850665 -0.00610388088141785 -0.444569716157322
0.0557462781192379 -0.0115358764011615 0.504983030617056 -0.310567985457482
-0.00447244624640678 0.0389148961365019 0.716374403250899 0.475166550205053
-0.0678282344696731 0.0221350257037363 -0.0990349537783684 0.950480020403892
-0.0436682366818894 -0.0145389600976193 -0.595672834763666 0.426418032651681
-0.0442870710445921 -0.0186121542766635 0.00503354789745973 0.108930866426678
-0.0377520935712903 0.0380174853186243 0.613746624128002 -0.40993044764872
0.0118485029699778 0.0289548591118524 0.0511766757592416 -0.972901741307611
0.0494634763403708 -0.0189325896566277 -0.801551391309544 -0.435024420862807
0.0302203550612534 -0.0651969321969814 -0.550276586941276 0.416274715024734
-0.020755609479117 -0.03180168787138 0.0643012256915209 0.44078713476161
-0.027634629495351 0.00867263450573576 0.199747826449794 0.0524726622783999
-0.00201004532371996 0.0291512086569223 0.0255617715291838 -0.234041359837669
-0.00857812167226557 0.0187938833911132 -0.00729433841445304 0.205164935743425
-0.0131248941260153 -0.0108896381575219 -0.156283888158839 -0.0504366854023655
0.0220788097297074 -0.0219385032004077 -0.00460435559776975 -0.447786987126234
0.0617219888740095 -0.006661168112781 0.504765970980463 -0.312671140853713
0.00404586042222475 0.0432556384045946 0.71256113211331 0.471375751640857
-0.0632950258492725 0.0286365904715049 -0.1063681511275 0.944914355451582
-0.0484911849476366 -0.00952200537070089 -0.601376140501471 0.426165657723253
-0.0532816429704218 -0.0150821251309432 -0.00260746180606418 0.10725989698388
-0.041058158533855 0.0437784558670438 0.606666013086072 -0.410646448281464
0.0179638615186093 0.0349364917578214 0.0475207449379713 -0.97637048866393
0.0578293855515715 -0.0141356377034039 -0.802590787558615 -0.440213557468979
0.0338794234612006 -0.0600129664975179 -0.547852328698822 0.414534059588418
-0.0222895613285159 -0.0252802041026827 0.0679154746248523 0.441306163245061
-0.0300716743225125 0.0131742171354437 0.204526184473823 0.0532251492352902
-0.00613752522141788 0.0332498956680869 0.0311337652275333 -0.232820678287276
-0.0108615036544885 0.0230308593286713 -0.00407298525628966 0.206087197752848
-0.0145259784969107 -0.00474831801701813 -0.154801228730787 -0.0453446574299031
0.0223406868555341 -0.0152909868159075 -0.00764704226197359 -0.444392948874696
0.0659589247389346 -0.000790384396414726 0.498985878442509 -0.318868217960916
0.0126060905623416 0.0473585711626597 0.715635022478768 0.457277645323999
-0.0572742247299851 0.0352092277535392 -0.0960586989566603 0.944845343429428
-0.0506101981927558 -0.00407005842811863 -0.604232736920516 0.429568479810244
-0.0579566872317653 -0.0126207182767393 -0.0140233942619475 0.107800816476486
-0.0423673172889128 0.0496230106017244 0.603700566845243 -0.406480042488185
0.0221887097111227 0.0414310888555609 0.0586540774030905 -0.974480858607403
0.0643255971050021 -0.00797949032009959 -0.79551725557178 -0.452979709051612
0.0374482270131756 -0.0530160389308089 -0.553657023108939 0.407318714606564
-0.0221515980790266 -0.0179953087604108 0.0647119099669364 0.444872639301447
-0.0337010564276829 0.0181039140464143 0.205764184576268 0.059080727005998
-0.0102999937751461 0.0367216746236903 0.0348229308975385 -0.229699037705007
-0.0119886516452435 0.0276466044486256 -0.00403740694353188 0.205873808108206
-0.0151191118419312 0.00102659415442314 -0.157114070015927 -0.0397098033369299
0.021264575032565 -0.00656148720691679 -0.0146519023520982 -0.4384997196796
0.0672338963812313 0.00558680726336592 0.494486088845108 -0.328843905998342
0.0178381111782163 0.0507492706049601 0.723323984143391 0.439266938515688
-0.0493809093287356 0.0406944471324224 -0.0778132519951958 0.938968833877656
-0.0482398394423306 0.000690153561430318 -0.605010739005999 0.438480176620225
-0.0577549700403238 -0.00934399644408193 -0.0274884143279627 0.108471554025918
-0.0410041279422613 0.0524459048307292 0.601628119255784 -0.394098681569157
0.027427236240376 0.0457864915192807 0.0804724463362885 -0.976774244094419
0.0682095027633914 -0.00197358358755576 -0.784591263530824 -0.472799588812388
0.0391956183770968 -0.0451509383971511 -0.561502710411229 0.398393200554824
-0.022569663363193 -0.0120563877733803 0.0576199867983571 0.452041089604714
-0.0346283072398632 0.0227862366835553 0.203305890748637 0.0664509245299996
-0.0119695170363294 0.0408855374070871 0.0377944733693892 -0.228445950781658
-0.0110099353284067 0.0311953075252918 -0.00621666400304471 0.206868320119316
-0.0152255544240753 0.00514356968489072 -0.160981824316708 -0.031347720896821
0.0205930450781282 0.000184458094648003 -0.0241016515897826 -0.432982319307823
0.065645217925801 0.0117732377505333 0.486621031495054 -0.337828824027929
0.0221417235867509 0.0546375411604443 0.734871761486791 0.413930874274379
-0.0434641423304168 0.042628114951824 -0.0496572308279604 0.936535238184652
-0.0421631231190504 0.00311404378263882 -0.599680912509893 0.450289136492024
-0.053401131922781 -0.00798293895211265 -0.0396078310786303 0.111031560013312
-0.0352395299527611 0.0534928850430787 0.605738502958336 -0.378181553523123
0.029979658679829 0.0479683223178327 0.114473798136431 -0.97491481719506
0.070353231350965 0.00424218629149164 -0.76843955101813 -0.502115086673381
0.0389980405207791 -0.037831885389426 -0.572942789925619 0.387932716835263
-0.0224206128267003 -0.00798054060197285 0.0455945402570406 0.461620266139942
-0.0338343545535335 0.0262607574407429 0.200058301258119 0.0754624673502511
-0.0128173947971254 0.0436571810602439 0.0364458780740631 -0.225429909460337
0.00839383959077232 0.00864432541412163 -0.0231454291771051 0.202628127097532
-0.00151207633568582 -0.0226809367636114 -0.178407300756194 -0.033835768993581
0.0201372431727292 -0.0337303563706268 -0.0420073578682671 -0.427752654972663
0.0367675274496557 -0.014581157604737 0.483290721318376 -0.324130034341649
-0.0201034232272435 0.0341561226702744 0.755135714577163 0.425651324800958
-0.0657932405382209 0.0105320746759055 -0.0134751776200144 0.948982647471486
-0.0164432306208377 -0.0242770848258994 -0.558470061104958 0.457981601756267
-0.00966624800855492 -0.0241933467781104 0.00532868421576864 0.117193175504962
-0.0137452294111317 0.025495539063824 0.631675576514543 -0.387585301060444
0.00706100929582179 0.0178778714709098 0.107364709687143 -0.966133628523924
0.0287954085351131 -0.0159915091407227 -0.765921783333221 -0.459060797921156
0.0140428751679782 -0.0647341261350004 -0.568056062454923 0.41407789792202
-0.0230442654907269 -0.0380135752902478 0.0400682283147984 0.457462983846574
-0.0181762356201765 0.00331009590837129 0.181661072849391 0.0622086068318188
0.0109283048748524 0.0252454410320619 0.00872618563043454 -0.233795470551156
0.00404735940902543 0.0090208445837085 -0.0181058544935484 0.203462036532032
-0.00504321915495163 -0.0227215396306868 -0.172286967599681 -0.0407507240572792
0.0198600233121689 -0.0349692462445238 -0.0302484132350031 -0.433358148433193
0.0424858374973214 -0.0163993651228132 0.490343888143198 -0.316179816147395
-0.0163809185357075 0.034873783173312 0.740355900492232 0.4438964437204
-0.0677231356922662 0.0127455075440243 -0.0440431487085732 0.94950788587602
-0.0255930165383638 -0.0232642759163278 -0.56888961863805 0.44619619121206
-0.0213416267533315 -0.0230959521657249 0.0103924821444794 0.114206010398658
-0.0233189477892236 0.0277895139589155 0.622396835106867 -0.399940413423947
0.00581706246788878 0.019480125620861 0.0787975432981944 -0.966664522129732
0.0336430447062433 -0.0192785652488538 -0.782226376227027 -0.437271139935
0.0183066414302497 -0.0672097142286294 -0.555568032504212 0.417404538217826
-0.0214867763822652 -0.0382732109098873 0.0507921857426581 0.449779816579599
-0.0199693185725286 0.00379212200298215 0.189369000166928 0.0553984420494372
0.00766609407189517 0.0258059966213218 0.0132642351793809 -0.235323908006184
0.000532526342815833 0.0102027113268805 -0.0126422737157777 0.201900237505236
-0.00857527385059633 -0.0210658488791771 -0.164654846816069 -0.0454400095660323
0.0201113544009863 -0.0338539470372026 -0.0203303951363297 -0.439510261432903
0.0482414941695915 -0.0150754462160488 0.497911707355383 -0.313893725794556
-0.0116118524210158 0.036467303900967 0.727654650527936 0.458226464829483
-0.0684157461900129 0.0172078513216595 -0.0705071642341416 0.946963849323214
-0.0349477793897612 -0.0186161763856739 -0.577244027545456 0.438205606288827
-0.0333286097995302 -0.0210647004955845 0.0112031748367806 0.110235115667124
-0.0299170884690157 0.0329008434042273 0.613104674733844 -0.410690079278089
0.00764863202543577 0.0227391140967622 0.0521110366709512 -0.967460733178191
0.0407900757758455 -0.0200595930827326 -0.794549464878122 -0.427516827298162
0.0229732074898024 -0.0684121232862977 -0.547958083158642 0.42105812189336
-0.0216002091262693 -0.0367178384481027 0.0621468243874726 0.443494982683084
-0.0228473687529095 0.00547414346187612 0.194943225872219 0.0502935704655758
0.0042797485510994 0.0268568939564644 0.0167238086192309 -0.235420771840028
-0.00417617650514572 0.013472201774215 -0.00918356634215683 0.203529374542765
-0.0111451455116948 -0.0167086709351937 -0.159432844232032 -0.0483481039714796
0.020002895252552 -0.0285146504877836 -0.0125253252109164 -0.442816085269084
0.0550169349231618 -0.0127321067270804 0.499211947849642 -0.315371321846247
-0.00412539872593452 0.0395598649796393 0.718255453487447 0.461327146355583
-0.0667775717240828 0.0231600624392264 -0.0867039854378303 0.945198561015144
-0.042697536297086 -0.0142718737800189 -0.58598440963629 0.430131673884232
-0.0449306402897187 -0.0181553697252277 0.00674404987247954 0.10832996810152
-0.0367021782155096 0.0379247482024897 0.60368427369626 -0.415975941475693
0.0122915410976938 0.0282443646490706 0.0400569798553716 -0.968687810433868
0.050001726092608 -0.0185352880941953 -0.802754786366717 -0.422944696523383
0.0289432301461493 -0.0655582086166686 -0.541343155137041 0.422474055033633
-0.0213117008167824 -0.0313478640853054 0.0700214965424208 0.438001417818834
-0.0261603061419237 0.00957366190580499 0.200910977491722 0.0488765125495425
-0.000808848579889382 0.0300889866256016 0.0228707509789596 -0.233992723791256
-0.00723164223671784 0.0177769448733676 -0.00536771401341672 0.203434080622397
-0.0138279060338613 -0.0104323445972392 -0.156794496710596 -0.0470651236929474
0.0210995757572427 -0.0221793593126714 -0.00967285009987831 -0.445597283210594
0.0613675891350045 -0.00818197471054754 0.49918438989069 -0.319414708304596
0.00452793376555637 0.0434568574688486 0.713614855776816 0.457980624998973
-0.0625458786004222 0.0294920767903258 -0.0945008507483138 0.943193029855839
-0.0479323092032266 -0.00897928002020259 -0.593134148433772 0.430079916537374
-0.0523824886917236 -0.01460500213711 -0.00172921442904145 0.106573909637067
-0.039938804046342 0.0437555341033758 0.59562047579407 -0.417273565099498
0.017238631690727 0.0337155132970077 0.0349829358745263 -0.971264388961148
0.0573686210455689 -0.0145326765894441 -0.804029658704941 -0.425600094601015
0.0336944419616055 -0.0596062604354785 -0.540071129513156 0.418221597060398
-0.0218186353248267 -0.0250653137024257 0.0735342619300824 0.438994737483117
-0.0297042631360606 0.0146675398048068 0.205072245574086 0.0506462169146332
-0.00559591491421578 0.0336148554969608 0.0299220847962778 -0.232082899973771
-0.00974963009382513 0.022103703647198 -0.00165044770840697 0.20458212421423
-0.0149757788855805 -0.00444469529932476 -0.154872746871869 -0.0435671423707345
0.0214041331895523 -0.0150008119877181 -0.0141981072572925 -0.442420360685845
0.0659178024180254 -0.00253231547150776 0.493636283433478 -0.325244148925121
0.0126057631536067 0.0476781715130596 0.71704343804983 0.443668306235053
-0.0560884234480796 0.0354087390611919 -0.0856563034486351 0.940031913175469
-0.0502825628478744 -0.00409799143871715 -0.594217917407664 0.434070985996557
-0.0580847661935191 -0.0112254242830812 -0.0128944260853817 0.106332854508319
-0.0410648259092612 0.0490415675878117 0.594413338808307 -0.409416216651139
0.0225340143509285 0.0402919453671621 0.0473279051020462 -0.971960374611666
0.0650399514018877 -0.00947581107708612 -0.800521936518138 -0.442875787313982
0.0362657699485476 -0.0526408656725392 -0.544339685448379 0.413098850976072
-0.0225053005953566 -0.0179222624306298 0.0710088331970736 0.442439304547813
-0.0328176743381132 0.0191485063467717 0.204980870411244 0.0557796493017239
-0.00872329981176537 0.0376888782343815 0.0321923396128354 -0.229786061302722
-0.0110574029687485 0.0274708693377818 -0.00147734278434997 0.205655706024662
-0.0152223972198414 0.000554879958558206 -0.156735356092175 -0.0364781653672077
0.0212497741529364 -0.00724017224838559 -0.0210985167567347 -0.438194474823618
0.0674777833210106 0.00417099336792212 0.488072865953959 -0.333319060321269
0.0187654371816622 0.0519655846060251 0.725391287964551 0.424049656881546
-0.048662848279915 0.0398996377260271 -0.0670856272407816 0.935513431297482
-0.0478983806230992 0.00089932319031619 -0.595030337885627 0.444656510878458
-0.0583477211657808 -0.00873853029470731 -0.025591823538352 0.108697078571323
-0.0390722236334105 0.0521612334248495 0.59313190944765 -0.397402326989635
0.0272068747191232 0.045112134702923 0.0676337613172406 -0.972572097500348
0.0686096884988286 -0.00236577426783127 -0.786294183339339 -0.461566162440988
0.0384607832594585 -0.0455777688048339 -0.552146872371352 0.40615008342908
-0.0223951355075597 -0.0118762932303547 0.0641320275220547 0.449544425744627
-0.0340261732285142 0.0232427069028151 0.20282453792043 0.0642571467737166
-0.0108432313529448 0.0411784975362133 0.0338357392293955 -0.227056131681409
-0.00955510442684198 0.0302677601679497 -0.00305194796147237 0.205614250627825
-0.0156591920501878 0.00548639776653773 -0.160006661695163 -0.0291694632787099
0.0204827491740355 0.000228115978167265 -0.0318690771177591 -0.429906369859172
0.064740243068845 0.0102381346140632 0.481137544390998 -0.34195352891752
0.022569770698365 0.0542722322402575 0.735663821895754 0.402151818430576
-0.0418663825724876 0.0428594574504841 -0.0389255110395643 0.931328492560432
-0.0407121707648457 0.00430011003323637 -0.589912032565872 0.454290909813881
-0.053608949429702 -0.00656027481654977 -0.0387622500466059 0.112230840149687
-0.0344103456520755 0.0527213783627589 0.594919406940562 -0.383982654498066
0.0304036371278479 0.0478448504609361 0.10100779966849 -0.969598417833885
0.0701206460146908 0.00359628616637882 -0.769478588784583 -0.488874395225691
0.0387848644211663 -0.0389968572911313 -0.565071986011707 0.394080263369611
-0.0219111973631648 -0.0072916411556975 0.0519245179685416 0.456935242258028
-0.0326748425281988 0.027795814953122 0.199918512421309 0.0732214156275489
-0.01037910216766 0.04381732330788 0.0345905243332885 -0.225506113074158
0.00953834848231841 0.0076644708733324 -0.0206698230542349 0.202503092853884
-0.00146942628196954 -0.0221697913112513 -0.177866510191495 -0.0309572048269057
0.0193529079458378 -0.0343104193920418 -0.0492261495669875 -0.42442825741613
0.0365082101719611 -0.0150955504080518 0.475599198809692 -0.329719598819623
-0.0196409090031538 0.0348393778104631 0.756048743475877 0.410680396996679
-0.0644397387894218 0.0109726821466918 -0.00277888993357815 0.942719383149163
-0.0151478014062217 -0.0236492329126636 -0.549025741279149 0.462809088962255
-0.010406790108357 -0.0242496536672355 0.00576860513743376 0.117600274990846
-0.0127852544203424 0.0245483748941676 0.620289741645048 -0.390697729966368
0.00577814996757105 0.0160748784173646 0.0962082138270765 -0.960323875944191
0.0283734783219482 -0.0166543195790823 -0.767660200042726 -0.448163351816053
0.0128993704244913 -0.0641953053358198 -0.558348343282229 0.417580775837261
-0.0231978212868987 -0.0374377511240999 0.0455834877699914 0.457066407472816
-0.0179489829914158 0.00479093479354029 0.182443654528669 0.0608707498315512
0.0116990776370068 0.0262046279013119 0.00613849491753636 -0.232915524529975
0.00434297242536202 0.00747139392431012 -0.0166208193108431 0.201915075614874
-0.00534213795623357 -0.0222319286839224 -0.17149581401993 -0.0376346362940148
0.0195788163666332 -0.0344443517442012 -0.0354967245318193 -0.430703437391442
0.0418112267450351 -0.0164501910226015 0.486013942425189 -0.322503269146322
-0.0161509169829352 0.0351602539011793 0.740539487382176 0.430885924640886
-0.0667033546498017 0.0138433418293798 -0.0340953943697102 0.943432276412046
-0.0240991534219411 -0.0225358402008868 -0.559890255255327 0.448305521875394
-0.0209283847883822 -0.0226217721338743 0.0117701399658189 0.113102324535455
-0.0214358029043184 0.027722709888314 0.612461397898226 -0.402569914428051
0.00574643428919354 0.0189131198657124 0.0676570327480421 -0.959233738865423
0.0332066044630875 -0.0195378175529924 -0.781384922984623 -0.425988426870467
0.0166637850812169 -0.0673826702828728 -0.546263811890069 0.424065000905589
-0.0224767590207381 -0.0384813182174124 0.0565714990695218 0.446270510594374
-0.0192899999228651 0.00493604500846541 0.189127365832168 0.0525518509507849
0.00941976177860989 0.0264155933015065 0.010658482080087 -0.233441620977976
0.00105019711555663 0.0101183598699249 -0.0103816845856384 0.201342095255045
-0.00829192627674614 -0.0203691017505275 -0.164373830049897 -0.0438602955186872
0.019101009622125 -0.0333615789594847 -0.0240825811654848 -0.43676973586004
0.0476312037838011 -0.016792293451753 0.49203675182504 -0.319476945871242
-0.0103638957638698 0.0372880649431211 0.728259710248556 0.445701055283614
-0.0672308084278223 0.0180968459821902 -0.0602367794393167 0.941037447910966
-0.0348048558228891 -0.0178508716662268 -0.568344240907146 0.440757235928576
-0.0338572152375007 -0.0205333758133132 0.0120529639081886 0.110269174419321
-0.0292766529541016 0.032798587010872 0.602654279187726 -0.413607487415752
0.00780613788186411 0.0228208797771338 0.0421497364136461 -0.961962437378344
0.0405762233050994 -0.0202603697812814 -0.796383325505643 -0.413758804606539
0.0220410246051531 -0.0684653471753555 -0.538286649486836 0.426204520030678
-0.0218476602738426 -0.0360976731718208 0.0679318592290679 0.439829491232023
-0.0229651276332782 0.00626802833534445 0.195103749002237 0.0484462435982289
0.0050187956058703 0.0271083221007698 0.0144538023546368 -0.23462733036959
-0.00298519360892025 0.0130507100421125 -0.00607304567039927 0.201519073265173
-0.0116424120378904 -0.0155870866781316 -0.159228273639048 -0.0455017663174965
0.0204201844539987 -0.0293651731379294 -0.0186847326287262 -0.442101539110538
0.0542636442220324 -0.0136301855838929 0.492082323465817 -0.320276531236869
-0.00286100529408112 0.0400410630871854 0.719655312519592 0.448609159943249
-0.065716872109821 0.0237138482080553 -0.0756317802836034 0.940485828898668
-0.0420541700278964 -0.0134263320507082 -0.578262450759726 0.434899586077082
-0.0449208529452935 -0.0172125669387835 0.0075040864321236 0.106204120605162
-0.0351763829184016 0.03770246922234 0.59502621699125 -0.41931994386014
0.0121505191041003 0.0271627370132955 0.0276064967970078 -0.962442123249255
0.049035908467787 -0.018809507249848 -0.801889026556396 -0.41078449693922
0.0275327794054817 -0.0659337526861206 -0.53426000165637 0.426834386932557
-0.0221521427652401 -0.0302698086444615 0.0764644383367417 0.435533018982206
-0.0256723635097094 0.00987166614074105 0.199666429931875 0.0467282511278612
5.86423980772702E-07 0.0298033023673094 0.0211678198469946 -0.232394461395648
-0.00767310826642435 0.0172707262009188 -0.000730007407691351 0.202832416065931
-0.0137548208939923 -0.00990670071448703 -0.155857338742609 -0.0457847920646024
0.0204583674757145 -0.0226466436281612 -0.0169037187090601 -0.444154156002344
0.0606411383398137 -0.00965411437257498 0.492392109730154 -0.323144879034656
0.00524114223232631 0.0435421083316046 0.713975156142042 0.444539685304813
-0.0616404514697808 0.0296498038421368 -0.0817257672824446 0.93604425458809
-0.0490897812139752 -0.00837382327808148 -0.583307197404103 0.434957682776723
-0.0525999203913977 -0.0140763213388104 -0.00123914933577155 0.105945039569492
-0.0387953672943539 0.0437093054213613 0.587860280386412 -0.41969844314777
0.0174524812085959 0.0331573817505756 0.0224974459530975 -0.965846680812989
0.0572118833793536 -0.0148737521133764 -0.803719297664979 -0.414426872486532
0.03168574786542 -0.0599077304297799 -0.530968158764475 0.423697001888284
-0.0225322855680464 -0.0241635204814238 0.0796250102495066 0.435735619631976
-0.0296319894274801 0.0149541755749495 0.204096297375013 0.0487994273876331
-0.00462448976925015 0.0334003511546211 0.0248821342762187 -0.230371700499117
-0.00918892332930718 0.0216719109688663 0.000322251819515566 0.203185439870392
-0.0159879034438491 -0.00467032041662074 -0.154452790247936 -0.0414212690647436
0.0212759455133106 -0.0151576719555292 -0.0201393863954161 -0.440889520835827
0.0652693833057988 -0.0035966295526683 0.487952213889489 -0.329742399488105
0.0134751604603288 0.0488326023208726 0.71836331859064 0.430924180017085
-0.0546380830734213 0.0363321156857501 -0.075093847847573 0.933596946111521
-0.0486391278771116 -0.00430391213766915 -0.586769653618374 0.437600111115719
-0.057591940120549 -0.0105680382078662 -0.0121590867447031 0.106261560130794
-0.0397218599185347 0.0482703400001817 0.58423384976414 -0.412227611163919
0.0229164219725992 0.0394486855440964 0.0362479664476253 -0.965397756508277
0.0638924765579616 -0.00922157449089074 -0.798743429203974 -0.42963745725734
0.0350575804731875 -0.0525176764897106 -0.534165061097156 0.417818773108745
-0.0234741403233066 -0.0179713522179575 0.0787022482877213 0.439898827536471
-0.0318319411299257 0.0200068923650679 0.205939665566653 0.0539702088856892
-0.00724859285230427 0.0370952829081172 0.0294884928985479 -0.228732656588554
-0.00945980736933111 0.0264888457989255 0.000328663224718007 0.204215629689479
-0.0164968095216007 0.00112158081614049 -0.155987003630226 -0.0350103321317172
0.0216548716978759 -0.0068203539782745 -0.027451534061381 -0.434994247664251
0.0662328453463235 0.00266089809464954 0.481516799331157 -0.338201620203296
0.020124249596923 0.0513271315285682 0.727442455225105 0.412249272286042
-0.0470009239154788 0.0401099329741609 -0.0568288470338886 0.929101605413341
-0.0462994686898282 0.00166133589548342 -0.584071851900799 0.447144962972189
-0.0577123359120704 -0.00728091387024351 -0.0248877637641392 0.10853525661646
-0.0376817517781516 0.0523206205423331 0.582674259613445 -0.400753360821591
0.027232710497655 0.0440837662963069 0.0572188899825747 -0.966030628098356
0.0674320218165634 -0.0038119569007579 -0.7863813194813 -0.448595139511526
0.0365097920024517 -0.045735346121186 -0.544054972001601 0.40943781961735
-0.0223272509980283 -0.0116544266968401 0.0694491420835609 0.445579094362348
-0.0323821356491909 0.024883435800289 0.204328356583392 0.0612092230805284
-0.0100392556130855 0.0411053751770782 0.0314665848774488 -0.226347039035863
-0.0089708769952744 0.0294365347946798 -0.00129290738343009 0.205871082192919
-0.0150738575365507 0.00549406827586945 -0.159581510170158 -0.027086662394996
0.0196647471211477 -0.000220298082584827 -0.0363135907758769 -0.426919328656177
0.0650791085155616 0.00788738339101681 0.471473468928995 -0.346815328941621
0.0228439246862992 0.054429163123748 0.736169639805504 0.388913182464114
-0.0405480197180404 0.0427890391186684 -0.0291294117038538 0.927737470005866
-0.040787794822312 0.00390414397155095 -0.579089998307764 0.457551922192009
-0.0531377345243163 -0.00591602162499033 -0.0371975084910827 0.110576490474
-0.0332599218569463 0.0532046016707384 0.585423928562379 -0.386215894832968
0.0304323490709406 0.0467003826361112 0.0904932617072843 -0.966020895250072
0.0701107068206691 0.00216549239100332 -0.77303646264572 -0.475356852357472
0.0371453952068701 -0.0387743747527031 -0.55689101159887 0.398827478157085
-0.0220716839802406 -0.0073762408428982 0.0588154630584434 0.455300436249591
-0.0319347269268892 0.0275818029869921 0.200168236736506 0.0700687770468257
-0.00999465333938851 0.0439213969502109 0.0318823161009119 -0.224054790907829
0.010113892989016 0.00784438999064606 -0.0190854448027717 0.200817450596464
-0.00250520929045109 -0.0210136725225267 -0.176463399838652 -0.0299692715439323
0.0184324548638656 -0.0331972568396218 -0.0526869591468134 -0.421058308316332
0.0353935952450963 -0.0162617197920571 0.46989099845624 -0.331816410034171
-0.0187436569728818 0.0357091760889048 0.755625442715215 0.4003896016287
-0.0632792893861237 0.011937247989094 0.00634174734575935 0.935026038327714
-0.0154197626471029 -0.0244435283324412 -0.541697245344041 0.46487995725937
-0.0102775446556365 -0.0237610943738129 0.00724392954824921 0.116175969523379
-0.0126566305471897 0.0246567676147598 0.612598989081297 -0.393418655997553
0.00693657253937358 0.0166253374184337 0.0856070644563218 -0.954734647698598
0.028677583243553 -0.0170583262571596 -0.76613849764034 -0.437672590460581
0.0108470795501673 -0.0646683481827677 -0.549737744556217 0.421036338565085
-0.0231125568534516 -0.0377262721862087 0.0504257661775488 0.452874835837077
-0.0172883131939915 0.00521014105883627 0.181395307285245 0.0586071242967969
0.0127624075405558 0.0259487335518453 0.00401584375425661 -0.23125226285148
0.00558000038015221 0.00660360674250915 -0.0139036021305315 0.200726987653095
-0.00573070917661321 -0.0212599243967809 -0.170891687037882 -0.0355918433101953
0.019101183774067 -0.0348572493608008 -0.0399027278751245 -0.428693516187372
0.0412804884550851 -0.0191772539809211 0.478251747953279 -0.325929215502763
-0.015640067971695 0.0348667141402176 0.739262434977368 0.41980215789505
-0.0665657523249113 0.0145554712057082 -0.0251475144479478 0.937006137210132
-0.0236245885388887 -0.0214704590231202 -0.550601926446129 0.449321377202646
-0.0216776180735993 -0.0223021963870691 0.0114083847319939 0.112440735587999
-0.0214739081048866 0.027764111933019 0.602583157942594 -0.407198120095445
0.00585528766182444 0.0184103529623196 0.056094678986109 -0.95514320868604
0.0329405203956832 -0.0190527866136238 -0.780458811286354 -0.416802326124991
0.0150908172222723 -0.0673857809701411 -0.538388511002321 0.427939953666327
-0.0225297899266424 -0.0378249953251132 0.0611212593820298 0.444061234109148
-0.0194542076026348 0.00602133757258718 0.188648210164671 0.0504997611415845
0.00948916748391578 0.0252866091912371 0.00804170899741287 -0.232000086251881
0.00174561619396094 0.00920529950264248 -0.00801512211221885 0.200208869980064
-0.00933009061022567 -0.0195053447168529 -0.163191924662348 -0.040988719203777
0.0185157047974172 -0.0338853641351211 -0.0296406456640551 -0.433569540889924
0.0475361882632795 -0.0175697035359262 0.484489352575243 -0.322379521910382
-0.0103241708755701 0.0382153468133701 0.726976359420411 0.432362837132206
-0.0659980626211418 0.018534927747142 -0.0505299442932386 0.935557975701583
-0.0339069621524044 -0.0184519976033315 -0.560689878169795 0.442711365618418
-0.0337157179324146 -0.0198183846713291 0.0130141441262521 0.109312565196963
-0.0293657134721188 0.0323097042370269 0.593596719039753 -0.415139865918457
0.00886537164079233 0.0217988824523263 0.0319243812050432 -0.956818202680395
0.0402636491732069 -0.0205168457722099 -0.792272706762151 -0.40483452731126
0.0210490875921986 -0.0680479756591773 -0.530116692593332 0.429116376210393
-0.0218692971979253 -0.0356201206489022 0.0719258108591624 0.436776768008945
-0.0213865538018626 0.00772560497546448 0.193838313511368 0.0448701399074924
0.00636698527485934 0.0271933877110462 0.0119394321535999 -0.233465470403379
-0.00284009232512104 0.0122493431740904 -0.00435353069086729 0.2003858906676
-0.0117453260303129 -0.0151957255692318 -0.15866466769523 -0.0434319209886943
0.0195366150753198 -0.0293115381782464 -0.0246838243685384 -0.438438165203683
0.0545519842239324 -0.0151211333364854 0.486213217263446 -0.324819754344763
-0.00236410487325821 0.0406743061680837 0.717064255210704 0.437127439805261
-0.0645847658521405 0.0234239237391287 -0.0688334659600801 0.935413052307898
-0.0419586352137569 -0.0137477445689693 -0.569604606508457 0.437312746938943
-0.044772720127932 -0.0162224901301699 0.00833477172646794 0.106453110917117
-0.0347391018616473 0.0381145972135369 0.587312879601646 -0.420017485768249
0.0119203070063305 0.0277419930962503 0.0193160913760477 -0.954204851937736
0.0490792967083419 -0.0193445032628567 -0.800699965590305 -0.399134625289002
0.0260858409916595 -0.0655565192272423 -0.525249192443705 0.431143151786996
-0.0227123874902932 -0.0312788095418379 0.08133258717194 0.431492716852521
-0.0249847046221246 0.0114928837978311 0.200232902651579 0.0440273000129473
0.00154251608224675 0.0299660679704587 0.018321404772344 -0.231091823828992
-0.00657626024515302 0.0176915735231987 -0.000397857840507859 0.200881093127254
-0.0146839474522781 -0.0100472411357215 -0.154661429707885 -0.0429365007275257
0.0203826313476054 -0.0234157653948908 -0.0227988158406766 -0.439869510612497
0.0596044969943762 -0.0103991232297908 0.485318465841655 -0.327373954777309
0.00620951654251366 0.0443705002975942 0.713567772223647 0.432622302453242
-0.060222949614803 0.0298721070462655 -0.0730948059579228 0.929819435216359
-0.0469619142900733 -0.00843864520238291 -0.574669013314905 0.436089678398399
-0.052987403222638 -0.0134050375924381 0.000516848537467471 0.104421691792538
-0.0377264365486965 0.0428072755959926 0.577289626003482 -0.420138420723998
0.0173715167553221 0.0325184279634671 0.0141252904886047 -0.957196766388711
0.0568455698575382 -0.0156492469217856 -0.80179579911046 -0.401302981415731
0.030576730693258 -0.0596100565465565 -0.520903294241893 0.428944724815041
-0.0230698634121797 -0.0246898558072978 0.0844482787797421 0.432925208574629
-0.0286891854370139 0.015863573786618 0.204709589730969 0.0471316507219188
-0.00285347968472609 0.0326261773962225 0.0222223372301919 -0.229914585610647
-0.00772450703292687 0.0211528844403443 0.00237258640546108 0.202136350434649
-0.0151630946178509 -0.00272714430220265 -0.154305951720143 -0.0396027364918163
0.0203037566486473 -0.0160777536504588 -0.0245999343027746 -0.437501140943809
0.0647211227130179 -0.00550043658630846 0.481100466116505 -0.333777270464991
0.0127810271257418 0.0482603204277777 0.716467275258351 0.419638166072441
-0.053964472939473 0.0361202858648967 -0.0654144968048769 0.928305282583656
-0.0484414385754141 -0.0038671440129366 -0.578200993698818 0.440837314053401
-0.0569524729504406 -0.00975497772232478 -0.0117372704802342 0.105681953296506
-0.0379451606388726 0.0481687528927183 0.576048531085688 -0.414918246987089
0.0229626276295413 0.0389233721509941 0.0253354202929218 -0.95673376924562
0.0632367687808705 -0.0102809770176401 -0.796041064284305 -0.417047741122447
0.0330631493925494 -0.053289581668187 -0.526506974760543 0.4217865195996
-0.023145024953393 -0.0187100924434397 0.0817635061956033 0.4364854816275
-0.0312992246820635 0.0206133443672386 0.204495875855056 0.0515084289772977
-0.00594508452546185 0.0371258338238308 0.02645088544958 -0.227606645359544
-0.00868255352736782 0.0258783538665535 0.00185792516354783 0.203325533291255
-0.0155574318231781 0.00116576993386828 -0.154922850486066 -0.0321711697695503
0.0200889660322582 -0.00708829227416841 -0.0312973523903235 -0.432986073971808
0.0655196993957919 0.00170954607035484 0.476458026027342 -0.343109174235333
0.0198159078980771 0.0520799198490334 0.725114012510274 0.400063040528682
-0.0463950250953369 0.0407036071615978 -0.048182571456175 0.923915558880491
-0.0464773812835361 0.00223706437278845 -0.577693694018679 0.448048238216992
-0.0573405273407239 -0.00648819050239205 -0.0233564518261069 0.108053418083827
-0.0371777453172081 0.0517310510828844 0.575471468925755 -0.402465914012364
0.0270059492556472 0.0437892714052453 0.0482625598701093 -0.960709852796566
0.0670371603104033 -0.00355614126853722 -0.785722294764153 -0.436640698845943
0.0356675568940784 -0.0463913358657221 -0.534989636556712 0.414035177363617
-0.0233953214910111 -0.0120629896583942 0.0748714477363939 0.442057396128146
-0.0317520910115312 0.0240635858082809 0.203617463682213 0.0587108464411943
-0.0087983400194551 0.040252298972986 0.0293090854068776 -0.225223331501237
-0.00855481253782463 0.0286648172015721 6.71687876947239E-05 0.204423203409373
-0.0153804182799662 0.0063355428641488 -0.158726665849082 -0.0254259041689772
0.0187985625223105 -0.00118642528585116 -0.0420207731464409 -0.423315159567687
0.0644716335687528 0.00766815056931879 0.467758273798317 -0.351051560242151
0.0233787385502245 0.054277870668413 0.734702041326347 0.377053542452951
-0.0394823762847734 0.0431660918324713 -0.0211096780047268 0.919692536278231
-0.0401188954138593 0.00458367914681553 -0.570098612271744 0.46031296385122
-0.0530894315476614 -0.00466110770278019 -0.0360676865031122 0.110589552390153
-0.0326782856239624 0.0524574704356816 0.57783096374348 -0.388442996843736
0.0306352710973391 0.0454360346135009 0.0794495579492068 -0.959806812079543
0.0696499133798593 0.00197761466107225 -0.771160381318076 -0.464638072812865
0.0362172203079121 -0.0391833311596413 -0.547367374432146 0.404419835499604
-0.0223523453451929 -0.00686783018350937 0.0620643086180966 0.450905336182331
-0.0315517876231158 0.0286142962560465 0.199281942332466 0.0688627426380627
-0.00948589480093093 0.0442556559018589 0.0297165248738978 -0.222287114279685
0.010217051681579 0.00580720271724128 -0.0177529287046377 0.19939470152015
-0.002688529764908 -0.0212733461519062 -0.176360379409209 -0.0271126682959236
0.0180938676060447 -0.0342168929973945 -0.0568469645720201 -0.419622607517167
0.0350596527850138 -0.0164055450897914 0.4652107033263 -0.334820131400345
-0.0178677348760661 0.0363536552431933 0.752606015323727 0.388886603135338
-0.06258021758823 0.0123917752870696 0.0123076817720833 0.928846063212981
-0.0140667352589369 -0.024532428887734 -0.534012741280429 0.463894909147491
-0.0105933948971556 -0.0227772244200872 0.00807123506247847 0.115404948249695
-0.0107771802011393 0.0235304407339423 0.604120185627633 -0.394243865643267
0.00639929641538806 0.0162362372512537 0.080171236485493 -0.947260227065027
0.0277666526122133 -0.0160785101370038 -0.764317103002473 -0.427709878408515
0.0106132642558009 -0.0638494439272587 -0.541096400924097 0.422624376439647
-0.0239026492660594 -0.037020398069402 0.0548984347510452 0.44975741202602
-0.0162485763445048 0.00642935837100646 0.181539059086711 0.0569147906103564
0.0135350301655373 0.02602657714794 0.00209690529594914 -0.229215001245808
0.005496704540639 0.00697807453246557 -0.0132611516709183 0.199372116093803
-0.00681243378166083 -0.0211878172709235 -0.170329880655299 -0.0340470811502515
0.018277246786429 -0.0351478770630416 -0.0448323470454466 -0.425980514249779
0.0407448329663135 -0.019191835828499 0.472608059541038 -0.328666059975996
-0.0152936551194602 0.0367378957245099 0.736588803901625 0.408166597134618
-0.0641100016395732 0.0147066736869498 -0.019656608026184 0.929242409848722
-0.0233523224217686 -0.0224497787992782 -0.544205556963458 0.452483964908883
-0.0220044497041375 -0.0209389977692825 0.0127893633832716 0.111064077163152
-0.0203904924224004 0.0268925382389344 0.594194752122384 -0.4068980027289
0.00511627873282399 0.018501073513331 0.0484704029092346 -0.948087795449782
0.0334473137367822 -0.0195085199731802 -0.778585485783649 -0.406688983567008
0.0135668551799376 -0.0671966484915558 -0.53022360848555 0.429861433095999
-0.022783410705231 -0.0372555949714259 0.0663363127493946 0.440431119030082
-0.0184133739227018 0.00628618136971494 0.188147481865509 0.0492994676094354
0.0109826096421369 0.0255667470218371 0.00665045249693118 -0.231483427125317
0.00257400774656304 0.00848486875495418 -0.00671673601162866 0.198537064193945
-0.00952003217126165 -0.018943955377635 -0.162766029666306 -0.0398212356211628
0.0184556734131844 -0.0339358637073365 -0.034463964566347 -0.431872041765168
0.0469525485805778 -0.0186572151453148 0.480920853479558 -0.325314849778013
-0.00935034764177922 0.0383934287944329 0.725585849858102 0.422995923592507
-0.065075633351602 0.0188380576480061 -0.043281034282335 0.929538764805943
-0.0319771426323152 -0.0186896575393249 -0.553213299637434 0.442755023242391
-0.0334344401837959 -0.0189648015305647 0.0133043307745838 0.107759420040626
-0.0279267238381425 0.0324660679938337 0.584899360075779 -0.418306059337882
0.00749550490069628 0.0220112987715982 0.0257710702270902 -0.950997856518694
0.0392728751698076 -0.0190936000349459 -0.789654438566777 -0.393473554974662
0.0199913602648718 -0.0684723046566068 -0.521478517942224 0.433001997386864
-0.0222473427588099 -0.0357625632973915 0.077353736950774 0.432435437404016
-0.0213040074200135 0.00787414741828289 0.193609436878582 0.0433092647337336
0.00641827457456526 0.0265039022933035 0.0105234477796406 -0.231286368989138
-0.00211287816651901 0.0114588966251681 -0.00271515175636781 0.199410377556127
-0.0129479382017452 -0.0147188983064912 -0.158175842708941 -0.0412691873554475
0.0197057658295688 -0.0296716165436241 -0.0281625457046531 -0.434396691611442
0.052890028000709 -0.0157917220277779 0.481306277879113 -0.326247814021874
-0.00229417622641428 0.0413736505185974 0.714890727133546 0.425565943627298
-0.0628764686815083 0.024065794722261 -0.060844011770258 0.92651574301615
-0.0400375636008295 -0.0139264178657331 -0.560397964709139 0.438260412897263
-0.0444929067572499 -0.0157734441877809 0.00914280127590834 0.105980694996452
-0.0330834311461837 0.0375125515217089 0.577487281025916 -0.421958752745457
0.0120094143927297 0.0264897806389238 0.0121355926482087 -0.948119623919027
0.0475864714221761 -0.0190037150917636 -0.79758062730974 -0.38921371285384
0.0245987097357729 -0.0652706415168442 -0.515312643212107 0.43482992087992
-0.0224464627173179 -0.0303197387516248 0.0848324518494057 0.428014205658271
-0.0250119278587942 0.0119366040886645 0.198999718101616 0.0427511766316068
0.00206241714138094 0.0295066238599676 0.0167238327001888 -0.229660037908239
-0.0058986871158394 0.0155689657551565 0.000386931324261144 0.200588530332852
-0.0143124423434387 -0.00985678274030302 -0.154364019406036 -0.0411587726757713
0.0203680072294636 -0.0233275657009144 -0.0274940347412366 -0.436919954486483
0.0597223244345011 -0.0111812295518539 0.480980354953868 -0.330885528460256
0.00600283324593474 0.0447466888987975 0.711816297255013 0.423171974661145
-0.0589843234822251 0.0302327333658342 -0.0648728886918163 0.924971404640727
-0.045946700954225 -0.00876340650478553 -0.567557334282254 0.437958655715334
-0.0520408533046145 -0.0124251497902604 0.000903334907507496 0.104480333602776
-0.0367030773322256 0.0428960571594987 0.568858709468603 -0.421166568279088
0.0174516554013247 0.032896046524441 0.00795693709730837 -0.95276995490028
0.0563409628078135 -0.015320926777645 -0.799069107924868 -0.394627491844021
0.0295224521153849 -0.0599043274528843 -0.513169633288348 0.430324155262627
-0.0228756459648379 -0.0241563817586253 0.0875337159861422 0.429216385000358
-0.027118350449665 0.0166028245284911 0.202935802144786 0.0443065501518447
-0.00267302888214507 0.0337329889592007 0.0219361434940387 -0.22736566438938
-0.00720796026442127 0.020393577954728 0.0038199701765256 0.201056050576031
-0.0157173457991829 -0.00339953712142851 -0.153064695972903 -0.0375911712021586
0.0202052242890162 -0.0156042412575566 -0.0283122929805805 -0.43559195467162
0.0633049909561083 -0.00569110142622714 0.477190540302029 -0.337372641443773
0.013701960752255 0.048223573088631 0.714037184599419 0.40965559274818
-0.0529400247450569 0.0353114406840345 -0.0595583229200098 0.923526285396069
-0.0477849385389044 -0.00310044066267014 -0.57106507178882 0.441696347399443
-0.0568485105590495 -0.00844615963504507 -0.0105213170026459 0.105554258793811
-0.0375599665053892 0.0480930684195593 0.566780168088052 -0.415973587406032
0.0228377752985809 0.0388488521528403 0.0196012969290879 -0.95286671240303
0.06240736322605 -0.0104769125004902 -0.793191175333176 -0.406659667090199
0.0330090461518897 -0.0530347323083615 -0.518109934707728 0.424678523983404
-0.0230699963713392 -0.0177067001912059 0.0856979583428522 0.432174182414043
-0.029606720051229 0.0216403746450534 0.204455485282159 0.0478602493457704
-0.00584296084072024 0.0370252690631961 0.0249158520185285 -0.225428144035758
-0.00891096598604813 0.0240442027725959 0.00326221786750625 0.201685028251502
-0.0156822047223422 0.00193561512001667 -0.154850125708475 -0.0319201601618362
0.0208898338721378 -0.00827252595576493 -0.0355092280567016 -0.430257413989473
0.06581478411027 0.000117332315638641 0.468572363291519 -0.345374099472308
0.0212000116019913 0.0523757060786144 0.722574753807311 0.389303449494115
-0.0452457666460594 0.040749651353263 -0.0401285771674953 0.916027337991706
-0.0455926400860581 0.00178827390473747 -0.569219250944381 0.449414275372181
-0.0571797040660122 -0.00652066052541926 -0.023633603297995 0.106378897072055
-0.0369312284987527 0.0524236580433245 0.56643115611599 -0.404234626689951
0.0276733429698435 0.0433829832128395 0.0407545690081679 -0.954609364044448
0.0672388927881747 -0.00419050759811688 -0.78267467604522 -0.428554171276239
0.0335651081243957 -0.0463528996918963 -0.527268551819103 0.416824964504116
-0.0233083356679337 -0.0111927884673707 0.0784017226137516 0.438845087201294
-0.0304143609076097 0.0257403035547339 0.202964356339522 0.0568751079265416
-0.00706215747234008 0.0405538985869602 0.0276823093441143 -0.223647051299795
-0.00691629719995528 0.0275089370195326 0.00211893683422867 0.202142640464238
-0.0157845655588152 0.00636727984816585 -0.158034543164024 -0.0230181439271255
0.0187276616529545 -0.00202306993993042 -0.0461531928071176 -0.421323708833898
0.0644822987882329 0.00644046190271501 0.461956201545115 -0.352439691951508
0.0240049098472956 0.0552190460032319 0.73363885520254 0.366362789999638
-0.0388486911937867 0.0433994498488978 -0.0136274168547053 0.914381044449824
-0.0394973888032204 0.00469097840137602 -0.562535132656307 0.460065247250316
-0.0524908710698966 -0.00416965722066208 -0.0349065566065668 0.110687869360335
-0.0306532357358075 0.0526600619786248 0.569362028953095 -0.389093158056875
0.0305559284138291 0.0453450982067238 0.0725460707470459 -0.952364735386449
0.0679192031067718 0.00159103806616898 -0.767867162157962 -0.454043127913934
0.0349704109295293 -0.0402245425103499 -0.539797318028788 0.405169768277977
-0.0233039484315819 -0.00723957003297985 0.0682792455155399 0.447088651710411
-0.0298908838512584 0.0291100849220282 0.199721253087503 0.0654890933514918
-0.007840796919748 0.0436730546244727 0.0278563912786119 -0.221813046819255
0.0107517247692401 0.00590473615298732 -0.0160387773260773 0.199211787984361
-0.00244272141193017 -0.0205989252875334 -0.175423425128207 -0.0257943305808962
0.018305238835101 -0.0335825927705734 -0.0599670909493548 -0.416102353458187
0.0355124122682295 -0.0180694110078418 0.459880666450209 -0.336748990449159
-0.0182999503463051 0.0363986630564277 0.74838750054589 0.381055911117539
-0.0614618908211588 0.0118488535831923 0.0156537215961072 0.922546622340974
-0.0140574167874846 -0.0240398201242731 -0.527938371965643 0.464025804785695
-0.0101168104551757 -0.0223257832719001 0.0081133639414419 0.114833963331764
-0.0109031311075909 0.0239798826877543 0.595775916835329 -0.393629990476935
0.00639298200188182 0.0155466060095061 0.0726946625599897 -0.941487323144514
0.0284747928121945 -0.0160650667245614 -0.760618028815179 -0.418742491622222
0.00999289161607134 -0.0640946088008441 -0.535676936534363 0.425610125343158
-0.0237641554312601 -0.0360963793973088 0.0578823116125234 0.446320068682976
-0.0159350617066909 0.00567760098659965 0.181661246094442 0.0555489294606825
0.0141089712152302 0.0261398782298153 0.000540514426943499 -0.227802501104606
0.00648226285829412 0.0062398740814333 -0.0112234169869249 0.198302915002011
-0.0068552656353761 -0.0206924290646069 -0.169288721965129 -0.0327211495471073
0.0181044460568848 -0.035400071107476 -0.0477598121071191 -0.422541957551526
0.0398502603736285 -0.0199506087032739 0.468649893074532 -0.331615871674957
-0.0147562240026553 0.0363454544316407 0.733882870618721 0.399964423425667
-0.0641063605841841 0.0150879236639455 -0.0128652760085769 0.923389318460321
-0.0236870985140325 -0.0221737535797707 -0.537398786756541 0.451517832309076
-0.0210176464643772 -0.0209305460915142 0.0127933552561483 0.110054898967339
-0.0190483342041866 0.0269029698637254 0.586967724803524 -0.407086695883589
0.00595460072152626 0.0176865855764972 0.0435483084241116 -0.940420410190919
0.0325747884755107 -0.0205118677451755 -0.775063618650499 -0.399229687061238
0.0128445750857929 -0.0665776772298898 -0.522412006811408 0.431755242466385
-0.0224138515845 -0.0363774805662633 0.0692982818626632 0.437295608082568
-0.0173417081424345 0.00665167622667759 0.187017349477952 0.047085255773264
0.0111337621417094 0.0259936895441986 0.00530229886652955 -0.228637145068467
0.00279787560038382 0.00778527514259644 -0.00600179805301279 0.198307260838626
-0.00946838343515288 -0.0184533977179239 -0.162861557231115 -0.0382476264797158
0.018688055303252 -0.0338295409301105 -0.0374214465759306 -0.428027546281167
0.0458854133582797 -0.0187863238907224 0.474437692612872 -0.327456224816101
-0.00898149535686034 0.0384377154176243 0.723154572119233 0.412079887391925
-0.06382813795849 0.0191625080835972 -0.0376680757065987 0.922298741915441
-0.0330765296206956 -0.0197341168550241 -0.546709818746779 0.443811335332979
-0.0333053002960298 -0.0191370280418155 0.0143640088905744 0.106638580794723
-0.0270646169831618 0.0322717033214384 0.579183072396701 -0.416705844364117
0.00807813996666155 0.020736749527796 0.0182518768459645 -0.94323841146703
0.0400847681582539 -0.0211376130237456 -0.787893921849442 -0.386667210342867
0.0181418483412763 -0.0666073408091197 -0.514633544188103 0.433855328925832
-0.0222325192266013 -0.0347732626520124 0.0801451890056976 0.42894352428867
-0.0207849619460951 0.00870856333072514 0.192777417302702 0.0424873416703214
0.00762513500858666 0.0264788927873831 0.00874663966295956 -0.228907004508473
-0.00150087607922762 0.0114342191143331 -0.00147883070576582 0.198432044284117
-0.0124097320759761 -0.0143655715167005 -0.157777134052425 -0.0407226892223099
0.0194406012386253 -0.0291980220973996 -0.0319121720619275 -0.434112504239715
0.0527526780744498 -0.0164264589364293 0.476599773254335 -0.328783978540427
-0.00201713337048792 0.041530298978459 0.713184348479237 0.41724724536594
-0.0629666443229701 0.0246821212565372 -0.0555629998172423 0.921976922764108
-0.0405806396347308 -0.0136914711619145 -0.5547881317629 0.438324020436001
-0.0437540891003697 -0.0148261984409684 0.00996597500257107 0.104870761025973
-0.0321335124589002 0.0370852171756046 0.569893704514384 -0.421643705778737
0.0132780614329597 0.0266524727737448 0.00552406810941422 -0.941754770135087
0.0480658359720999 -0.0188705279776739 -0.793653050015453 -0.381288171488279
0.0235617239544927 -0.0643074847591548 -0.509555889440873 0.435815439460328
-0.0228488197157483 -0.0302232022069858 0.0890285392172045 0.425259396563438
-0.0239863363072013 0.0123701831136736 0.198370771234729 0.0411522161903304
0.00252621120136752 0.0300767042245786 0.0150439815966564 -0.227614538808049
-0.00542818850851435 0.014399683694589 0.00217000819632905 0.198900983102004
-0.0142210952610526 -0.0084233959191396 -0.153601093203649 -0.039703095131091
0.0193074398864019 -0.024029562944388 -0.0292253227407091 -0.434125054211496
0.0581281956777146 -0.0129051025465164 0.47593884981486 -0.332018791634013
0.00637177434337319 0.0454297704442071 0.711757175930927 0.41270808568778
-0.0574819965849089 0.0309063199849121 -0.0621208472336193 0.917739954052081
-0.0450649566127787 -0.00897297387542125 -0.560060139654091 0.437983994582663
-0.0516619908026724 -0.0118617030314217 0.00150926574029107 0.104020029531228
-0.0352932140343077 0.0431331944600391 0.563497059739316 -0.422365668062307
0.0183232730391544 0.0324588290247116 0.00176613663565994 -0.94510226948557
0.0553383028503755 -0.0154258514685438 -0.794703873538444 -0.385878097534028
0.0279340220439605 -0.0595819776436506 -0.507638065961182 0.431958867083475
-0.0235562148598402 -0.0239938291043958 0.091073905309235 0.424991782121778
-0.0266998378968433 0.0172879677993407 0.202711394586154 0.0433926762216927
-0.00188912936958654 0.0327052731206197 0.0198421764441001 -0.226555809598865
-0.00712033345261289 0.0193907902491814 0.00397920603402088 0.199218754972347
-0.0147871294270455 -0.00288304325001658 -0.152719758907408 -0.0360330608543719
0.0200343241285576 -0.0158787051427687 -0.0330817302667352 -0.431201879038282
0.0627158786464892 -0.0072797584963065 0.471482322437551 -0.338594888971055
0.0139097534692291 0.0487992671836932 0.712115497958179 0.401598707359271
-0.0515515531379305 0.0364983539910336 -0.0517454936735078 0.915897490703518
-0.0468489986577602 -0.00317760963085797 -0.563481579039379 0.441354399310976
-0.0554207128495038 -0.00818244899395312 -0.00878682870241664 0.103904865997198
-0.0365746069331594 0.0480841878931079 0.55944729003777 -0.414629736302388
0.0222985129989894 0.0377258838003501 0.0112715683955935 -0.94712166773197
0.0623093189598469 -0.0105871116926193 -0.79144323769635 -0.399593855691358
0.0315603256107634 -0.0527568051667321 -0.510944893796059 0.425092513354671
-0.0236577310712027 -0.0173846849331876 0.0892526449561801 0.428976823275428
-0.0297954946656229 0.0216584460363702 0.203728118666657 0.047739752271222
-0.00449331405617198 0.0363301149966914 0.0229416914937273 -0.224247466387269
-0.00793210603273066 0.0234139231308319 0.00522943151807864 0.20024659490683
-0.0160032656794748 0.00224902764445429 -0.153861023506761 -0.0300361840964614
0.0201598868531902 -0.00872878211180828 -0.0386992931103838 -0.426579552222503
0.0643795004635375 -0.00153103663367157 0.463899853322427 -0.347008594445218
0.0209515780032168 0.0519069967900318 0.717934115587986 0.380874429042482
-0.0451520551719801 0.0401525895495896 -0.0346128766399611 0.910884067945879
-0.044736885610151 0.00125360689817306 -0.56156431083982 0.450595219872536
-0.0567619103153671 -0.00579018119320803 -0.0210681977397758 0.106682130882065
-0.0349170692520645 0.0507654339792083 0.559599770901867 -0.403069955205848
0.0278458990030276 0.0423088240928311 0.0352965207474687 -0.947419315524373
0.0662459836760806 -0.00529825906580547 -0.77940439685988 -0.418741540684297
0.0335023762358304 -0.0459243268127811 -0.521040818211985 0.417650335217957
-0.023898545854508 -0.0118175378913664 0.081835418958709 0.435110830474173
-0.0300309855753806 0.0262560120310384 0.202407306818191 0.0555275071884377
-0.00621328084449904 0.0405077615668809 0.026363782372202 -0.222778273692822
-0.00654465760808333 0.0265632098560701 0.00338359588166337 0.201666531171271
-0.0155065791957769 0.00617867107252061 -0.156654115830311 -0.0214774919550546
0.0184035859169774 -0.00170674080564723 -0.0470051441524523 -0.418095982629774
0.0628682178821816 0.00593185871471954 0.455112403274117 -0.354441231055981
0.0239070169740208 0.054997660155114 0.729575554693903 0.357372418978891
-0.0381093919259772 0.0428646049562988 -0.00929043911691189 0.909078620782869
-0.0392237998082325 0.00406121309881697 -0.556273316178433 0.460491425846765
-0.0523929735348316 -0.00348208030602415 -0.0340391455265913 0.109404814751372
-0.0305337911611293 0.0522812427319233 0.56258831556347 -0.389648343219654
0.0306957691650547 0.0443917527731829 0.067861254248724 -0.948241529851035
0.0689265615222093 0.00135645383401951 -0.766126146316161 -0.446474345982735
0.0336711440218097 -0.0393045584711078 -0.532100399514954 0.40687137572333
-0.0229341067286147 -0.00714442245347934 0.0697442661401266 0.444375103579664
-0.0299225570642918 0.029085376574737 0.198768618862185 0.0640456626749057
-0.00641805417752174 0.0434443696488298 0.0253659221977003 -0.219970322136172
0.011082929538346 0.00555239153438663 -0.0149314822349347 0.197333708565674
-0.00347214992065896 -0.0197969148538116 -0.17377124861025 -0.0253952704296564
0.0177567597359036 -0.0340889242039105 -0.0617276537940454 -0.413564803497159
0.0349944028780105 -0.0178814639329875 0.455885256084907 -0.339297815424118
-0.0175036745788708 0.0367007024955203 0.744678437845285 0.373357235829851
-0.0618240261000064 0.0126194974045592 0.0213170149972494 0.915782577916016
-0.0139892115848947 -0.0246572386596038 -0.521326935899717 0.463100712629553
-0.0102429729414186 -0.0219566500324748 0.00892075044695137 0.114410415396388
-0.00975405963070298 0.0233739824343513 0.590024763043409 -0.393803019873723
0.00613204818756172 0.0155615074900735 0.0688608607295181 -0.936034720190785
0.0273921260372571 -0.0162961402599277 -0.758706094416389 -0.413332202959541
0.00856854923318351 -0.0631610174907958 -0.528808227235932 0.427546838164237
-0.0242805033245617 -0.0362463453788497 0.0605093839709063 0.443025116448072
-0.0152595246630308 0.00764096328459924 0.180350998243814 0.054052407006882
0.0152404955584854 0.025627193130889 -0.000257568243882332 -0.226018393983645
0.00698205949826024 0.0061067908829113 -0.0109789954228128 0.197191768022846
-0.00679290106525669 -0.0207865116912229 -0.168311968666534 -0.0315288187727686
0.0179669248688191 -0.0352195035316739 -0.0498895585138215 -0.419448706847086
0.0392391281586007 -0.0201225979369946 0.465026370216685 -0.331989308455328
-0.0144612987167623 0.0377982692781472 0.730857836249114 0.390964454047509
-0.0633075198460141 0.0150088501923528 -0.0100100521699632 0.917815776431965
-0.022816817076082 -0.0220430114383021 -0.530052438009152 0.450389410062008
-0.02155134262148 -0.0204304419634566 0.0128937854857132 0.110404676058496
-0.0183815142781162 0.0266416457558025 0.580930476883919 -0.405758435682131
0.00596541579104915 0.0171817536903532 0.0381569628213922 -0.935234977489102
0.0327327426326914 -0.0193826619740125 -0.772202891905959 -0.39155264204602
0.0131041024462889 -0.0670931031027839 -0.517749062664345 0.432202839492537
-0.0238480540071657 -0.0370263987960023 0.0722370101648427 0.434032613916108
-0.0175155099118339 0.00726236338198625 0.186946560600896 0.0459399385790067
0.0118445524405819 0.0257895260945127 0.00522053415703933 -0.22749006164371
0.00287787262765347 0.00650275755971163 -0.00503438453428698 0.196750036573476
-0.00980958865267132 -0.0176669357936299 -0.161630353209585 -0.0371045441889404
0.0172374678894969 -0.0334956454294246 -0.040190064809547 -0.426469356789759
0.045052098999301 -0.0196270623593514 0.471535010623363 -0.329779040229783
-0.00845784181594827 0.0391017163715286 0.71928229294969 0.404272091868268
-0.063874277936886 0.01928345653363 -0.0335257511434169 0.91563641746192
-0.0318612640174163 -0.0186171593838832 -0.542000974810176 0.442251902706733
-0.0327072047325822 -0.0180302300039233 0.0142233113196388 0.105707553161879
-0.0268361690812455 0.0314122762844519 0.572678380121919 -0.415869932934001
0.00834236042463482 0.0213960006929303 0.0154217301924483 -0.937440710724102
0.0390435554276651 -0.0208277563564222 -0.78413416145366 -0.377729243536612
0.0187268498768127 -0.0670486943439517 -0.507657334353128 0.436743395703153
-0.0227246876686065 -0.0350623581018608 0.0821952327373328 0.426453324703825
-0.0194229391971131 0.00936854258190217 0.192384538207993 0.0410871281733538
0.00789346035374823 0.0270780101889801 0.00826070337529628 -0.228514034718914
-0.00178300768602413 0.00964381604322455 -0.000967280930900853 0.196812583631636
-0.0136493068339699 -0.014054821511346 -0.156167822943302 -0.0393546066163171
0.0183730955042159 -0.0291229093861338 -0.0346292358154726 -0.430877545233081
0.0519410879581653 -0.018083004027619 0.472165808141097 -0.330543570106374
-0.0015359532185062 0.0421764180832239 0.709830705554581 0.409951919872322
-0.0617997733538182 0.0240065333124237 -0.0507107165164597 0.916154663460543
-0.0399510939101497 -0.0142459034800523 -0.550136873659216 0.436763108003075
-0.0433090259907015 -0.0146047170697853 0.0097560229938272 0.104080888857669
-0.0320295760728753 0.0369331066404694 0.563344132708066 -0.419492896686686
0.0114513880301654 0.0264756632120004 0.00239626158099256 -0.935566727830645
0.0479658824786926 -0.0187523758517037 -0.790963296192296 -0.374559379676333
0.023528192422076 -0.0648420496210471 -0.502197029809326 0.435366730232348
-0.0237838552903588 -0.030199996623527 0.0896390645534448 0.422680810160532
-0.0229698544511045 0.0131765111808699 0.197904866668606 0.0403149567106122
0.00344576333386547 0.0297425830854904 0.0140706654599888 -0.225836486170922
-0.00453145012353658 0.0146992834570509 0.0025239308627826 0.1973860239338
-0.014460615487416 -0.00887572424010443 -0.153206569839245 -0.0385954273876177
0.0192352870770606 -0.0234399536535683 -0.0331091879430355 -0.431139991618066
0.0574735610963763 -0.0138188370708531 0.471640759943809 -0.333053752759004
0.00690632458157223 0.0453917500498022 0.705563770077983 0.405750020592609
-0.0574354561250417 0.0296995327506195 -0.0570502619204637 0.912173993367547
-0.0452030589479663 -0.00849518664488459 -0.554961420709154 0.437337588663508
-0.0511075402561175 -0.0107159227072531 0.00219420978212793 0.103261213320753
-0.0350761267166595 0.0426463496410633 0.556233695836086 -0.420671918993466
0.0174223990560137 0.0318237681441799 -0.00255996257113854 -0.939271392368979
0.0556510435894258 -0.0155964797978227 -0.791134870818492 -0.379735401865237
0.0276612816620411 -0.059446555217967 -0.501233323778094 0.432592464015618
-0.0234260633241958 -0.0236235057189045 0.0931135908835437 0.422880164367937
-0.0262587533029856 0.0172487655199615 0.202128202078394 0.0421915733123085
-0.000641057482532544 0.032986879209447 0.0188001709205055 -0.225375348076211
-0.00641986374682487 0.0187507802666302 0.00567853614542885 0.198530200142382
-0.0155179396676761 -0.00305915993504586 -0.152389875021711 -0.0345561079909888
0.0192407405238514 -0.0157836992589312 -0.0353013349265666 -0.428412819860085
0.0623032594793076 -0.00832968420345317 0.466448813507278 -0.339747474319644
0.0144413420881255 0.0488811132896951 0.708916444652989 0.392444748957255
-0.0517715330161292 0.0353338704803773 -0.0488321499490231 0.911369720783064
-0.0462659913908698 -0.00336580476355468 -0.558051533210318 0.440204583791367
-0.0556041687377026 -0.00755107360267824 -0.00850089000995295 0.103838111139547
-0.0359693113642766 0.0468309166256202 0.554552310210755 -0.413978967035794
0.0225690095043426 0.0376925102923371 0.00786448742699373 -0.938469633021877
0.0623348182072161 -0.00985860030366738 -0.787782062086303 -0.393734413733605
0.0310419653406785 -0.0522760766987179 -0.505396582914538 0.426459020131935
-0.0236612451342831 -0.0177499409184911 0.0922417666297454 0.426857632886752
-0.0283280802584638 0.0223852816330751 0.203095223831145 0.047098130749324
-0.00383642286508291 0.0366404071095 0.0229025319278255 -0.223007839123259
-0.00736538667684421 0.0236323686798667 0.00556395832394208 0.19867680798003
-0.0161022897499557 0.00273004725415355 -0.153260695253755 -0.0295505506417296
0.0193616363465048 -0.00847133051573545 -0.0411509321733047 -0.423168259112714
0.0636364880725386 -0.00216206289134676 0.459293812752019 -0.348547184220036
0.0211333850439092 0.0532543522916623 0.716477974814167 0.372485951666993
-0.0440457174491303 0.0401609204497316 -0.032123634452224 0.905703287190235
-0.0445752469651576 0.00111865567912346 -0.556705991431557 0.449706558919693
-0.0560612142790283 -0.00429124760656315 -0.0204576086360886 0.105178377989296
-0.0344048145079598 0.0505218159855225 0.553643096471396 -0.400984036242386
0.0263647003237335 0.0423750561896432 0.0298867574548749 -0.941280924759265
0.0662413321924327 -0.00453150601059608 -0.77541221956411 -0.411965726281989
0.0328363714997911 -0.0464742296849377 -0.515120804436405 0.41970795168136
-0.0235315335463891 -0.0115470525741412 0.0848814968691597 0.433328901473212
-0.0298283115258411 0.0258273635169191 0.201681314822044 0.0539969463130268
-0.00536721103267054 0.0392253298874056 0.024998793715898 -0.221012170895425
-0.00632283232721235 0.0257928592362025 0.00407214241178512 0.200599434530791
-0.0164552828133308 0.00684774121724973 -0.156451317523999 -0.0218016017318838
0.0179206245980422 -0.00190783194598954 -0.0511144787440559 -0.416354340208408
0.061536920459647 0.00526769225205427 0.452930420945724 -0.355723021694108
0.0247314975983439 0.0554891659356511 0.724656081073305 0.350939922898099
-0.0381291200454361 0.0424748108347301 -0.00518197923544418 0.900426148279328
-0.038355375748412 0.00398981671023554 -0.549598853934622 0.45876181102031
-0.0512586648548968 -0.00345240577962457 -0.033406895260037 0.109757750544212
-0.0295747300590737 0.0519107481871686 0.557167039253562 -0.387847374935227
0.0303022433877122 0.0444934917626703 0.0626124251276423 -0.941164985258757
0.0672345968440451 0.000563470613480801 -0.763645672224062 -0.4395794447359
0.0330859498670462 -0.0384059876545845 -0.526427401701705 0.408343881110673
-0.0240350721822983 -0.0072002113105766 0.073723436921891 0.441558176083763
-0.0295086910871191 0.0295905484912888 0.19919684726294 0.0634330497208302
-0.00669275586923281 0.0426874051334243 0.0256237713024969 -0.219705797057535
0.0106190136148625 0.00483772098023271 -0.0144313315782416 0.197036545643579
-0.00341820133452483 -0.0198503614112619 -0.173639568020416 -0.0246580699023062
0.017199396570237 -0.0345691989852286 -0.0640894950837654 -0.411395180209685
0.0337906816386307 -0.018691542600004 0.452802452520293 -0.338596256192628
-0.0174540154981623 0.0381723257932968 0.743149753839892 0.367246532481301
-0.0600831392878232 0.012346020757772 0.0227209101435869 0.909509789635013
-0.0135147736477965 -0.0258841473617586 -0.517401455420216 0.462089012973958
-0.00985683666676087 -0.0218518155052547 0.00886069250900174 0.113913644317867
-0.00971241386411706 0.0226807272003044 0.584886047578457 -0.391210487970353
0.00627446347742992 0.0156617282698199 0.0650174845228583 -0.931021999592834
0.0272144897686389 -0.0167595090183608 -0.754923008082253 -0.405059176559673
0.00820532672619071 -0.0623104232935397 -0.523915073746804 0.42729561199272
-0.0243356689425815 -0.0366986822432559 0.0634367058121873 0.441391812530263
-0.0147048985468492 0.00841865846977353 0.180242830244957 0.0531290207797203
0.0151835275096139 0.0260225279586906 -0.000174237714713241 -0.223959740050786
0.00679513891654373 0.00478532132667789 -0.0104388451526068 0.19662819608503
-0.00697262617555059 -0.0196122406767656 -0.16729134752358 -0.0313783243231278
0.0175597928063779 -0.0351166012589895 -0.0526860948353002 -0.418590701994933
0.0391027821564454 -0.0210111974986944 0.460167355777538 -0.333381579420135
-0.0133658306565462 0.0374982940054592 0.725950849853938 0.386635744672801
-0.0622411974942817 0.0146140151536308 -0.00770203176383277 0.911865945267346
-0.0224233719443427 -0.0222648562753301 -0.525521180723131 0.447699748734308
-0.0211530298342834 -0.0203836653154897 0.0143492327527787 0.10874062434201
-0.0175487070345239 0.025540805386391 0.577486027596467 -0.404230196423122
0.00579927163895013 0.0173685268294433 0.0377086616186063 -0.93086919821508
0.0320735923708614 -0.0198180229728707 -0.768973216645031 -0.38736865818785
0.0119488278943664 -0.0663291049656824 -0.510939150206662 0.433525646687608
-0.0237710580997324 -0.0366662286643827 0.0746760704191536 0.430157037721792
-0.0170731968268684 0.00829442829687173 0.186375739297585 0.0452972678361167
0.0126047163615102 0.0258510776450729 0.0036710468157266 -0.225120698239243
0.00279913461080588 0.00716199918892226 -0.00415647876907006 0.195507274923997
-0.0100415816643446 -0.0176144224770823 -0.160070985379966 -0.0366650901861144
0.017771482877249 -0.0344770666666003 -0.0422421044576362 -0.42409142407908
0.0448791083568846 -0.0206881880901606 0.467116574588263 -0.330758531316607
-0.00923152611175791 0.0400992459373973 0.716306332425903 0.399575292809339
-0.0625564236344101 0.0189277368135178 -0.0299711561588538 0.911000516859399
-0.0314878858425621 -0.0186954102402707 -0.537675904209408 0.441511726789318
-0.0326215665342785 -0.0176026199119578 0.0142584513652041 0.106194209315689
-0.0265115024991338 0.0304985001747945 0.566772970930906 -0.414146915585349
0.00760512815151079 0.0210881948866288 0.0120355242024158 -0.931920863660157
0.0388330204947599 -0.0204541213393895 -0.779808867186465 -0.374204661442162
0.0175677023935673 -0.0659154199907691 -0.504235279936484 0.435288004720735
-0.0227825252173691 -0.0348021910996547 0.0848309173710287 0.424075206022162
-0.0196070814884377 0.0102203702042455 0.192218437924904 0.040781607754024
0.00848578785761442 0.0274661045463757 0.00709942661959947 -0.2259323413138
-0.000914847513214297 0.00994819917549705 0.000314294567973688 0.195486308830565
-0.0124529102483652 -0.0121103182877143 -0.155220760408945 -0.0384456447221823
0.0179579194252413 -0.0301930276829538 -0.0375329200307396 -0.427884625527466
0.0504280613207639 -0.0190115451180941 0.468275828633316 -0.331360344196105
-0.00134547523718047 0.0426784905642027 0.708140423329851 0.403398191009174
-0.0610211681509361 0.0239293436694618 -0.0492083081185336 0.912362763178808
-0.0387348129369713 -0.0136551498618977 -0.545359618013494 0.435062255545067
-0.0431422126383783 -0.013930610789294 0.0113252280173645 0.10335038329751
-0.0311508388517598 0.0361068836184056 0.558843202489794 -0.418720625088484
0.0117916500961802 0.0264208537845896 -0.000395738057718351 -0.931164234976097
0.0473032876072983 -0.0191500648126941 -0.786953078349121 -0.370732154170399
0.0224214631405049 -0.0653326063982081 -0.498000651985145 0.437021343041251
-0.0237802867237895 -0.029702852229471 0.0920592559845404 0.419646002602988
-0.0225603951238797 0.0132586017426727 0.197765183648402 0.0399648268456567
0.00455249979799617 0.0296975979136435 0.0138335253364806 -0.225348349448009
-0.00379476787915633 0.0139522364039649 0.0037853654648625 0.196429103661013
-0.014581784076874 -0.0079761024602689 -0.151325063877334 -0.0377370166006488
0.0190833204375321 -0.023434023791625 -0.0345470242565332 -0.428370840188983
0.0575820243867206 -0.0141530706944879 0.469079521996117 -0.334770251273366
0.00726415258740536 0.0455192966794693 0.70488855508355 0.398547108085065
-0.0566367163573316 0.0296540067594272 -0.0544912034132161 0.90809470065191
-0.0443210344918408 -0.00848773578478686 -0.549956887301731 0.434896744772599
-0.0516034140334972 -0.0110229625657675 0.0027362232615436 0.102365888645708
-0.0344496587395876 0.0422137388668153 0.551214151813477 -0.420825180224085
0.0166284383616237 0.0318403452984876 -0.00324851049653159 -0.933637651102414
0.0549584138819025 -0.0160434582634522 -0.790170211353835 -0.372226424921308
0.0264404282206073 -0.0584660360816402 -0.495557586247454 0.433522381616599
-0.0233788751248171 -0.0237273202711562 0.0953604688475254 0.419140282460329
-0.0252122088447217 0.0176497942250479 0.201204284423844 0.0409130950952291
-0.000318643637349224 0.0328782788992685 0.0186905540949977 -0.2235276499126
-0.0064824942314963 0.0174374830555494 0.00636225581932614 0.197055132842617
-0.0158997802378219 -0.0026679746120848 -0.151336369353172 -0.0341126769002378
0.0191182965191317 -0.0158849180049661 -0.0371310911923694 -0.42704974446303
0.0608408560423781 -0.00926045825690561 0.463784032601427 -0.340677079944173
0.0152562401122159 0.0505893908884765 0.705724956737649 0.385944844531891
-0.050825881222153 0.0355845994465528 -0.0462706772209862 0.906578883386087
-0.0462890568381682 -0.00313149608495241 -0.552263120299962 0.43995265245538
-0.0557171240359671 -0.0070753006117732 -0.00820609833812657 0.102967376912076
-0.034982412784718 0.0465354267309028 0.549320363713791 -0.412014985721567
0.0223509171041187 0.03729995473318 0.00685197997586515 -0.932778773310963
0.0615458583646554 -0.0104791405253861 -0.783976527482424 -0.387824678550431
0.0300238861288239 -0.0528904724545905 -0.499811928129155 0.42679398720715
-0.0245788909580952 -0.0166684364397996 0.0939178599618557 0.424434306262412
-0.0276669059868431 0.0227911454436332 0.202495936963796 0.0460196712010195
-0.00306704557278512 0.0365843164567512 0.0216429262520291 -0.222222570249153
-0.00689339985651139 0.0214209798080963 0.00673048292545296 0.198130097542711
-0.0165038984028525 0.00283227402974241 -0.152618480950233 -0.0275256809487817
0.018806410001891 -0.00872947651864357 -0.0453381878608784 -0.421397812958708
0.062442948159727 -0.00245586209139805 0.45712638947522 -0.348291641743465
0.0209013404185067 0.0527903884534827 0.711889837070371 0.368652289088286
-0.0425986734901443 0.040269744721103 -0.0299565283525058 0.900195473793149
-0.0428760041774998 0.00133925537884255 -0.550929232385839 0.447817748316229
-0.0561640859683531 -0.00466613852351004 -0.020689223953637 0.10546858479487
-0.0328965035346015 0.0508016143475776 0.550110739457428 -0.400428755455145
0.026392525782888 0.0414551268577203 0.0269725413339564 -0.93551619878179
0.0660516789107627 -0.00507879682846791 -0.772805930694124 -0.40822006971034
0.0321641510649495 -0.0446880549535917 -0.508673929860188 0.419743398105189
-0.0243404805920827 -0.0111561740931217 0.0869006324044567 0.429605057593636
-0.0285437088303032 0.0269283625604962 0.201033832166674 0.0531733529112967
-0.00490386009293324 0.0404901043132755 0.0249093009922884 -0.219950323330777
-0.00554902604702273 0.0242518754304356 0.00441667290116729 0.199252745081304
-0.0165756941958097 0.00681323956190281 -0.154797201360646 -0.0206278015937216
0.0175706751614178 -0.00222170191479201 -0.0535866653159317 -0.413256922600897
0.0618524984306708 0.00412986610968753 0.448850948603485 -0.356550386740258
0.024468002106103 0.0560436702399132 0.72209041830889 0.344593139160534
-0.0368227932449409 0.0420302120026751 -0.00333257691971151 0.897076057658878
-0.0380846427920426 0.00337297554085547 -0.545351753341537 0.458578702796233
-0.0515411437974351 -0.00294194405929152 -0.0325884958712849 0.108259911390818
-0.0286103453811799 0.0504468429488915 0.552773799770411 -0.387074642079064
0.0294573155016367 0.043932445873793 0.0594335065287671 -0.935049900332114
0.0673900006816152 -9.82125190545496E-07 -0.761483492043639 -0.433927789540618
0.0322270107167443 -0.0396208775487218 -0.522467888787218 0.409351987400512
-0.0228942065521713 -0.00652034328971804 0.0763392451528342 0.437843461059763
-0.0277934829678559 0.0300209301266525 0.198152635535278 0.062036195470103
-0.00484775173321114 0.0424622720876426 0.0238244839634645 -0.21758355905775
0.0108379894621879 0.00361068058146977 -0.0138711441473945 0.19579029335743
-0.00366782967580496 -0.0194494515767521 -0.173247005922513 -0.0237125839293573
0.017249361179595 -0.0336864537033703 -0.0657705897719498 -0.408793749518531
0.0334878488759354 -0.0188953438159686 0.451128230555281 -0.341512908124693
-0.0166471251902297 0.0389592441426427 0.739862540407018 0.360798744078389
-0.0599404521624057 0.012353920714313 0.0235160113618405 0.908117359544741
-0.0125909397793107 -0.0254663092817061 -0.514266738620311 0.460427953474328
-0.010100502029568 -0.0212558187190976 0.00899495065286787 0.113261294027923
-0.00834764363202845 0.022390409945134 0.580146448899784 -0.39092856398451
0.00536325561317862 0.0148143386598729 0.065168055283981 -0.927098984227118
0.0276536840863184 -0.0159518499205473 -0.753140533488197 -0.406062874971871
0.00735282213198026 -0.0624132592420398 -0.520106593089327 0.427788814119897
-0.0237806687815011 -0.0360537530324151 0.0649351738299301 0.438811333509377
-0.0140000589878625 0.00858667033849099 0.179918297004079 0.0531729796427261
0.0164687833878663 0.0249347004434889 -0.00141639156477853 -0.223910684171096
0.00689808598482923 0.00436856325101995 -0.00931600174227983 0.195750145408563
-0.00705264872734428 -0.018911090591172 -0.166727828891832 -0.0299021332647908
0.01708578786637 -0.035112179752445 -0.0535891694504498 -0.41644853244614
0.0381364108326589 -0.0210128994440124 0.457968254924115 -0.333596655498455
-0.0133558213628087 0.0380772387274645 0.725316868079528 0.380624018576296
-0.0620639336443324 0.0137961321306005 -0.00645598356413531 0.908843770064888
-0.0215674719705178 -0.0235645272282662 -0.522872239672347 0.448086282439567
-0.0212879082357823 -0.0206323072675644 0.0140935123971281 0.109142561267497
-0.0176532980336959 0.0254609236652113 0.572236858856223 -0.400622702017283
0.00548135560635145 0.0175499574672222 0.0358617628859619 -0.92500331943244
0.0322643128428975 -0.0189972855340904 -0.766026153087382 -0.384396691755672
0.0117273612716262 -0.066098269497911 -0.507864191727413 0.433380792621267
-0.0237519268062147 -0.0357678153278815 0.0762723818979059 0.428981376229169
-0.016213559153575 0.00831282044373522 0.186010061949356 0.0456789491919672
0.0130778780775599 0.0261633269162292 0.00359427444596851 -0.224141552752315
0.00313049523201777 0.00552724324067098 -0.00397369108433169 0.194874942812898
-0.0102844584733659 -0.0170861713813738 -0.160485715802554 -0.0354148588600893
0.0174740739188876 -0.0345636779939294 -0.0439545088831036 -0.421158935506179
0.0439559836069135 -0.0205392352457892 0.463989078247474 -0.332016280203743
-0.00825901842587672 0.0404613209492739 0.713506490005371 0.39416423782771
-0.0621904638006442 0.0184578171448473 -0.0304470771973468 0.907991442774534
-0.0316145402390927 -0.0189649897728809 -0.534011303019423 0.439155491494867
-0.0319513802975853 -0.0164429037581683 0.0150548720780944 0.105756580927111
-0.0251977577414106 0.0310730371396386 0.563992529132634 -0.412162211955599
0.00736601290209524 0.0210835896625079 0.0101938993815946 -0.927251677201247
0.0386402474829139 -0.0209831570902072 -0.776882434603255 -0.370448679166495
0.0170430103086559 -0.066632838864639 -0.499847845228016 0.435942482376013
-0.0233952875270458 -0.0342054489220503 0.0854911959632545 0.421516949595104
-0.0182485558421132 0.0108831580294341 0.19196924255344 0.0398036431764778
0.00984168168210327 0.027473802335056 0.00703631227996902 -0.225017056135629
-0.00101813170449805 0.00889500396178075 0.00048836310170062 0.195496969551679
-0.0130896009957222 -0.0129535005468668 -0.155230288461839 -0.0383632365439501
0.0179129585559272 -0.0298767736032495 -0.038934139685564 -0.426536215136412
0.0501956018753486 -0.0189695435765494 0.467207985460766 -0.332112307589972
-0.00074807011371544 0.0431561416185688 0.705232839368325 0.3988803847356
-0.0605965393971524 0.0242006917914261 -0.0475716848008302 0.909662395633149
-0.0387141451882742 -0.0143273289554787 -0.542786354484091 0.435197327710571
-0.0426848955821628 -0.0144829665939722 0.01101220936364 0.103316142595245
-0.030637838736082 0.0362108662909851 0.554997622076897 -0.417344101531307
0.0110001180473325 0.0264034027949465 -0.00163384129483502 -0.92657325187578
0.0476099949446012 -0.0194712326851252 -0.784684244859072 -0.367246825854484
0.0220763214959424 -0.0643179627651909 -0.495600717862798 0.436999081882671
-0.0227169714679464 -0.0291894438009224 0.0938898911489512 0.417410277674787
-0.0212744995446333 0.0142445098466445 0.197645603671 0.0380485863806478
0.0047684440604892 0.0295279516525757 0.013202286749716 -0.223777034653745
-0.00401414382398824 0.0127364932723434 0.00329219854250011 0.195732592132122
-0.0162016512518748 -0.00795849574784565 -0.151914060779949 -0.0376854004243936
0.0193761407163644 -0.0234381231126546 -0.0372224417016948 -0.428916478396344
0.0567379864033088 -0.0144018791645163 0.465509992130275 -0.336712494708102
0.00723513378133695 0.0467116175196686 0.702617576890147 0.394938988882986
-0.0562717609579702 0.0298138705398013 -0.0534838643832813 0.904599164743055
-0.0437141371800853 -0.00847256806731794 -0.547387011485968 0.432609568008263
-0.0502163473744669 -0.0105656961218729 0.00276757779151709 0.101314607791103
-0.0338739037009975 0.0416921810123142 0.54798324964535 -0.416792425086178
0.0164804439577378 0.0317836599503433 -0.00531402299064921 -0.931208972810479
0.0552491238306263 -0.0163823541843628 -0.785475714855343 -0.369723844535929
0.0262044926032886 -0.0586807306202924 -0.491766620476416 0.433975022768824
-0.0235703838770953 -0.0224645065844761 0.0971155720060358 0.418096257756519
-0.0249768969145671 0.0183103266703873 0.200793560195772 0.0403794710297482
0.000629143024415683 0.0332229159304706 0.0191777106456728 -0.222917539447068
-0.00638438773230956 0.0162132175781309 0.00625836049892008 0.197100902347508
-0.0157933610536333 -0.0018257967242069 -0.150834890916529 -0.0337921819959767
0.0193173815316047 -0.0163426463866955 -0.0375593891193696 -0.424903318485176
0.0605783672766083 -0.0085907927994995 0.461189382311449 -0.340821540361017
0.0156107315828292 0.0503125701290936 0.703464730769535 0.381787987445346
-0.0502956994929223 0.0355779633495796 -0.0450732947980033 0.901231773902105
-0.0451354498521481 -0.00386369496312793 -0.550335324272835 0.436738489719023
-0.0549101667939477 -0.00687294086876499 -0.00797143889859511 0.103244351217038
-0.0346746741877575 0.0464469758434774 0.544493775380059 -0.41065994080711
0.0210311028240199 0.0366670484719112 0.00467305689191845 -0.927646963322651
0.060804222795222 -0.0119648663074374 -0.78078202099058 -0.384895002758012
0.0295335140750755 -0.0524575097720348 -0.496137540020097 0.426709304709495
-0.0239540033982481 -0.0171633010865597 0.0946250702974633 0.421413282932034
-0.0270416358505835 0.0233367435817692 0.202159464459157 0.0452221989995138
-0.00248324415083312 0.0363508168545707 0.0223542015792814 -0.2215259824023
-0.00778754058140886 0.0209438121379764 0.00722026518337885 0.19767739761832
-0.0165431299617391 0.00390845048338912 -0.150885569420936 -0.0279591146374031
0.0190196090424435 -0.00822649152506372 -0.0446255356374164 -0.420341814868729
0.0616810658017024 -0.00259518004985475 0.454692833197686 -0.350095107726564
0.0215638074342401 0.0536238575069543 0.709840103074873 0.363507748783422
-0.0434497332665248 0.0398238680033861 -0.0289618498916989 0.897455142881471
-0.0437596819823028 0.000200771862528527 -0.546621946089135 0.444928637566843
-0.0550130290588653 -0.00385831409773545 -0.0200401190504163 0.105363925619555
-0.0332368716177828 0.0490719477363983 0.545007313318751 -0.398828187039893
0.0265120922628015 0.0416221970461602 0.0260096593423378 -0.932193824176462
0.0653918608623387 -0.00480243451749335 -0.773590326060273 -0.405577623938522
0.0303293717825356 -0.0450659441923608 -0.505944957752394 0.419151434462299
-0.0244102704435624 -0.0112219727457057 0.0871124058422332 0.428236794227659
-0.0278781249286069 0.0281101665927936 0.201755208768228 0.052251236292625
-0.00384262723825948 0.0398509540169639 0.0239593249687295 -0.219127083221067
-0.00630631231126453 0.0236906989416148 0.00564920286860266 0.198799776622288
-0.0156791805857789 0.00756367881647644 -0.154800778067423 -0.0190328563408004
0.0183643818728183 -0.0015904306568549 -0.0545878587087941 -0.412007691960572
0.0605012202021484 0.00380126628419153 0.446118402299461 -0.358297139583257
0.0249685952860885 0.0568967975701526 0.720182077642678 0.33984093059789
-0.0358336462333116 0.0416517166739642 -0.00375020213868565 0.893309802101007
-0.0367835599188205 0.00329377429251918 -0.54284364853769 0.456443626104357
-0.0504210730557608 -0.00257969861529707 -0.032675069832745 0.108378321342205
-0.0283303597585625 0.0503108724379335 0.5484190597298 -0.383762152940634
0.0290123925250783 0.0438570728287123 0.0568975497630167 -0.931589994106864
0.0665596710985215 0.000431028206473404 -0.758694694580019 -0.431113434554225
0.0327960722647487 -0.0391989445387326 -0.518087443628146 0.409353199894484
-0.0242905294433319 -0.00705285436641858 0.0765625911936268 0.438295575645933
-0.027336787833632 0.0306027463551958 0.198187314373178 0.0611580376043731
-0.00406731182897179 0.0425151335503338 0.0247148085165854 -0.216306261119219
0.0119069356961736 0.00317501842700443 -0.0140531186242576 0.195974496048489
-0.00479966232543777 -0.0185381187231778 -0.172646445461115 -0.0232611745341508
0.0171123426834769 -0.0344981373173385 -0.0669913838776238 -0.408005967103951
0.0333877014949208 -0.0200875839427442 0.449453631887907 -0.340889499420712
-0.0161854285969472 0.0396267520540501 0.737275332806171 0.358663486434567
-0.0597769499582632 0.012557146525234 0.0231966457911538 0.904896247034816
-0.013294466735784 -0.0254325041323846 -0.512188935917729 0.458544867841644
-0.0101684436276651 -0.0211365390576357 0.00955070898547918 0.112967366664392
-0.00930494281168012 0.0214800969884769 0.577913204695257 -0.389094575696638
0.00516918078262643 0.0149372248526588 0.0637681571567663 -0.923171616586061
0.0274968042227439 -0.0158071164953149 -0.75102864804616 -0.403065634828718
0.00743903791627415 -0.062226846612368 -0.517500592046607 0.42823469812504
-0.0241751321670863 -0.0356282318166978 0.0651822258860947 0.437807957434907
-0.0132296730588695 0.00894882330624347 0.180368125045754 0.052695365830384
0.016212465366393 0.0256050302071373 -0.00175278752965746 -0.222342865618223
0.00770522503736563 0.0037515885890313 -0.00833157230545919 0.195300905859442
-0.00691601408109674 -0.0185374178841934 -0.166528474213108 -0.0294016707761136
0.0167748309975739 -0.0353850702507705 -0.0554527743751917 -0.415443336602795
0.037910259062719 -0.0210186327662313 0.458856697808263 -0.335209706011637
-0.0130079883003984 0.0393799997464732 0.722220041835988 0.377100597650466
-0.0617160832749528 0.0138538650004975 -0.007023402569438 0.90590962924991
-0.0213453875865612 -0.0235675411447466 -0.520776078561338 0.444997273461612
-0.0210782107226666 -0.0204383095224407 0.0141473742885466 0.108921818313645
-0.0177387191732604 0.0248133455632016 0.570354438905675 -0.398986767801453
0.00479566805469595 0.017570465986504 0.0351703833893604 -0.924575865695471
0.0315083329257597 -0.0190467892161039 -0.764622679074627 -0.380426889643817
0.0109908169488233 -0.0652747295816988 -0.505718671347371 0.432640329591903
-0.0235275540352896 -0.035629805870811 0.0781959077429735 0.427550705565038
-0.0156489870651682 0.00958869954435606 0.185499993323748 0.0452127416148243
0.0140781046643407 0.0261147555230775 0.00370748191672038 -0.224094854821771
0.00297856244447928 0.00529088771913731 -0.00354393132618237 0.194243625610824
-0.010444113265595 -0.0163615095467643 -0.159904061470382 -0.0343515114043988
0.0170414757810718 -0.0342047424692802 -0.0444977341964468 -0.421404093038816
0.0441547784337125 -0.021205181342929 0.462345550433071 -0.333065140512832
-0.00835949890419509 0.0410124759093046 0.712304700612783 0.391053906483204
-0.06169228449645 0.0184074494726013 -0.0314657046754061 0.903814003377745
-0.0305926058430669 -0.0200364082113159 -0.531085482688655 0.43807876996387
-0.0323101702957967 -0.017333761252189 0.0146770816645308 0.10604139092133
-0.0248407633383987 0.029797555638625 0.559326040298786 -0.411363281987616
0.00657391952577956 0.0212163657756035 0.0108188036831221 -0.924410706634558
0.0378864222031023 -0.0202432864198755 -0.774962990573602 -0.368467452430996
0.0161379500122948 -0.0662151763655793 -0.497571466356981 0.43474384799963
-0.0235105316520705 -0.0338865548059785 0.0868841534049568 0.421838891721926
-0.0180302626542489 0.0111065781514647 0.191510522439934 0.0392360985204527
0.0101092031364336 0.0275241324725764 0.00699714073984256 -0.225348867103728
-0.00081809858480599 0.00811269208510277 0.00106852100435405 0.194684552237224
-0.0133082869282565 -0.0123739748631335 -0.154737749945209 -0.0370457825583321
0.0177447632861269 -0.0298104151833992 -0.0389354667685944 -0.424867423018976
0.0502513759831836 -0.0191845988897592 0.465379547578974 -0.33331224051181
-0.000825510123047643 0.0440473168084718 0.702141480347753 0.395605155142686
-0.0597597552682282 0.0235787798211446 -0.0480284854978721 0.903171508894029
-0.038086464796708 -0.014963005254958 -0.539626520264102 0.431708122385199
-0.0425282253286438 -0.0138311708733265 0.0110409167502247 0.103205630566439
-0.0304126426856497 0.0360332582181321 0.551993383485849 -0.415221363841597
0.0105911468792443 0.0257938607958476 -0.00197455507188999 -0.923734507808684
0.0472738649327752 -0.0191918249447877 -0.781243972436188 -0.364738273830887
0.0214174882556433 -0.0633029541087596 -0.490155226651764 0.43636577978481
-0.0233908362687226 -0.0288762963137871 0.0958894165662158 0.416613541268355
-0.0210625000395228 0.0151918165444709 0.197588426786008 0.0380125974708265
0.00532015088015259 0.0301058341080217 0.013512504241155 -0.223586665205955
-0.00403245229596177 0.0114737423528332 0.00492013850682922 0.195284636886514
-0.0143925630368294 -0.00695536996244803 -0.150474506527115 -0.0365448675133132
0.0184400929690549 -0.0241666916694534 -0.0382464961850301 -0.425665270655802
0.0558991489425102 -0.0149532561572309 0.463676569241252 -0.338076663729259
0.00687121129536764 0.0472673941176522 0.69804023352502 0.390731591659118
-0.0553078643466357 0.0297705728398738 -0.053853079969978 0.901878610494306
-0.0441829434609926 -0.00952923142843741 -0.545602901451415 0.432479949684427
-0.0505204595513228 -0.0107230647570314 0.00309663532463582 0.101937728275075
-0.0335059042939141 0.0417135935594887 0.54578726388326 -0.416739451168479
0.0162595796267942 0.03160409732265 -0.00678701692677391 -0.926450937150615
0.0546873480895358 -0.0155954483703392 -0.783082450063243 -0.368362183784193
0.0254287151480863 -0.0581880765653186 -0.489399121054042 0.434148353705273
-0.0237897906144656 -0.0228001721688774 0.0985069418651064 0.415706205331523
-0.0236666120999511 0.0188412183913935 0.201101290146444 0.0395698376709874
0.000656249496750048 0.0330491513318644 0.0179649902672245 -0.22168504724641
-0.0060981425622328 0.0158791544697984 0.00712563621316932 0.196234191411988
-0.016013351118075 -0.00201153657290096 -0.149901951983177 -0.0328143061538592
0.019531314338834 -0.0159970526444415 -0.0408647222244618 -0.424931500587965
0.0604813294898157 -0.00858088941274176 0.459478896150789 -0.342655071813961
0.015487558293743 0.0501417944675075 0.700359891774939 0.379500219882877
-0.0495703839953699 0.0350437190379273 -0.0453604113733789 0.900748116179151
-0.0443883692636673 -0.00460534533912278 -0.546554892569668 0.436400415295135
-0.0543539864981493 -0.00713254997328091 -0.00724492540592365 0.102865177309145
-0.0344976108359722 0.0462257686986747 0.543994145268544 -0.408328649088312
0.0216209280806158 0.0367996575664505 0.00344607450408443 -0.928315100786823
0.0614945847139008 -0.0107633573091033 -0.779175463621922 -0.382850982288169
0.0290580960573745 -0.0522395289315711 -0.494361954058541 0.427502032935388
-0.0246198838583603 -0.0167019964954455 0.0972464036322392 0.421178822108875
-0.0262255425361405 0.0232149037179702 0.202360301769214 0.0440859316899572
-0.00162092542965027 0.0364999495995837 0.0209848574224826 -0.220629679549038
-0.00677492375743959 0.020235659256379 0.00670007934909558 0.19675708407655
-0.0167902685700191 0.0030162888925236 -0.151059124494763 -0.0274705513360304
0.0192952254390712 -0.00958161669458957 -0.0467779212201229 -0.41769649410081
0.061299178567719 -0.0034824283998251 0.452831061737863 -0.350479281490308
0.0218368569427348 0.0548127044070779 0.707368126265699 0.359793138796749
-0.0426434911771212 0.038697353539237 -0.0274136888361936 0.893779326517196
-0.0424246041726476 0.000521636033365577 -0.545971214695246 0.444343936739872
-0.0552202778043777 -0.00385183906643254 -0.0199376682809709 0.105516448031273
-0.0328959751205401 0.049534966342317 0.543231028351587 -0.397177035299283
0.0263194619130943 0.0418577058101538 0.0249400470690324 -0.928861408052874
0.0655355161093908 -0.00509638367080357 -0.769697114749861 -0.403062812342766
0.030582828065641 -0.0449561229366857 -0.504033337984974 0.419689659438447
-0.0247059518588305 -0.0111395231824535 0.0882768600079968 0.427483835445018
-0.0269537994855792 0.027555114947622 0.201288033177142 0.0525677179871416
-0.00347577163389678 0.0395935498263987 0.0242424447770405 -0.218110246734371
-0.00542662956318607 0.0229961812897138 0.00567887204759613 0.196983919715493
-0.0166312416926402 0.0073921128778335 -0.155103423201854 -0.0184629215584269
0.017581652242581 -0.00286836448554653 -0.0557890606283997 -0.41060194619328
0.0608477443536665 0.0019948379423866 0.444824954123296 -0.357466833279239
0.0251394148432224 0.0563757545961251 0.716598040966671 0.337220276693926
-0.0365002245179204 0.0414396564324826 -0.00220050559576999 0.890766496893407
-0.0371866292558291 0.00273753128690482 -0.540284529729166 0.453919108673304
-0.0507871208395939 -0.00269919753345279 -0.0310704820193402 0.107991688858584
-0.0283506159644694 0.0496246359565033 0.546589380652991 -0.382835892337439
0.0287016116747576 0.0438197152028527 0.0577108887611482 -0.928617910733778
0.0669559717056223 0.000190937788495538 -0.757296205131301 -0.427367674892316
0.0314684458186502 -0.0387854224867651 -0.515544028123675 0.410144129663209
-0.0243635836015744 -0.00660294118739851 0.0775738731058549 0.435876928572569
-0.026921653643423 0.0304374085572678 0.197479224280608 0.0611343015500419
-0.00345650054644697 0.0424833541542617 0.0238829156369837 -0.217007280932801
0.0105058187042905 0.00126709047491642 0.0243691802193969 0.202166218043511
-0.00834889199166641 -0.015144455792957 -0.178543511852283 0.00857817525073157
0.00622662276784861 -0.0373548055873458 -0.14193298348495 -0.396590344663453
0.0276513328391344 -0.0339270691126747 0.39010903850226 -0.423677011721803
0.00289104674439619 0.0350337339499795 0.799459608208402 0.218624679425139
-0.04218252706761 0.0234865107708154 0.185476454458747 0.894397896315684
-0.0174915365641984 -0.0164601748930936 -0.42233849975846 0.540570391028983
-0.0124729214540198 -0.0176372652647348 0.0305931739986559 0.10907453262296
-0.000272729778288619 0.018354002833935 0.503423068576452 -0.497005992092439
0.010963109554941 0.00461584095166471 -0.116758850095512 -0.942604462012184
0.0161588730143408 -0.0279081832543514 -0.833484073754814 -0.253835780552472
-0.0157602045565581 -0.0611958105234976 -0.43021052161738 0.534100401454941
-0.0332041406201847 -0.0240968158324615 0.158626557085785 0.426532836504437
-0.00970214642479975 0.0143756509594549 0.192605087002389 0.0140129146924026
0.0234821790635427 0.0196779702528655 -0.0443153722723393 -0.223722672751357
0.00742792852745697 0.00223168068508595 0.0295348795131575 0.201172706390598
-0.0110994246083132 -0.0146177582509539 -0.173336393641815 0.00147194041789295
0.00655626792491799 -0.0380203036712171 -0.130236556593781 -0.407265926465554
0.0324954380870906 -0.036426049443511 0.401086204086737 -0.419386761790098
0.005452423617377 0.0338979591761272 0.7898247916928 0.239131431183156
-0.04530510407162 0.0264621161481856 0.155133502964797 0.902669099443277
-0.0253574710094209 -0.0126217524176613 -0.433985424818034 0.529364437330694
-0.0226728108351775 -0.0149766599013023 0.0351719756671102 0.104027333780281
-0.00848692994637426 0.023323493323263 0.49578273592008 -0.507837635369685
0.0110849726642313 0.00644364073707388 -0.14836550072695 -0.937795465137451
0.0192188714237107 -0.0317825012527325 -0.842330472824628 -0.228844729434587
-0.0116727057508134 -0.0649579599066193 -0.41770254053912 0.537285407733647
-0.031848322536076 -0.0250426789103385 0.166940577277426 0.415813586775773
-0.0111090932743447 0.0146110025990687 0.197830487990925 0.00434061845291304
0.0203146519351432 0.0198041453633806 -0.0400306278572107 -0.226235100526117
0.00450778669355545 0.00397938806052393 0.0343738067818921 0.198878569528341
-0.0141673896063765 -0.0119060222505252 -0.167471092132152 -0.00587675669507587
0.00589536943100296 -0.0380936705143538 -0.122407971918869 -0.414780891356601
0.0373882421787713 -0.037173808715455 0.406881606208275 -0.417353669845251
0.0114320973803062 0.0351583136107241 0.782430302522945 0.256961708994289
-0.0443572918283317 0.0312815539349711 0.129590367063292 0.906057127925236
-0.0340627580520397 -0.00722264533977104 -0.445207104171409 0.523997012828384
-0.033863589119634 -0.0111332991134375 0.034161491797804 0.101354538409949
-0.0144949508704737 0.0285659143106261 0.484476227333211 -0.516622665987704
0.0129049364996063 0.0102580465847224 -0.173466437020081 -0.934948369973256
0.0258024042687769 -0.0333920521287833 -0.851853932182997 -0.21343380867136
-0.0078831992421234 -0.0663407717687137 -0.407902636575283 0.53863084097413
-0.0317905912593845 -0.0233199015901845 0.175787267329428 0.405929639494681
-0.0130721330268778 0.017756417996705 0.202945093523447 -0.00129714677733436
0.016887447273225 0.0221451375939338 -0.0361111343016774 -0.227621584612275
0.000427098682838965 0.00827237831861348 0.0382941956258384 0.197981640854726
-0.0156798229811758 -0.00777113763814311 -0.163431939166677 -0.00930063032791816
0.00869494244184064 -0.0338220682401714 -0.117049783600072 -0.418450740031464
0.0442986794718142 -0.0366967452123681 0.410156808165794 -0.417954851793512
0.0189101706331933 0.0366865790764342 0.774477167877436 0.261153321764399
-0.0421073046302309 0.0357105909971065 0.113893445289789 0.908909281607772
-0.0401384248029704 -0.000614737904438892 -0.454452797046487 0.519199839941536
-0.0428512282394952 -0.00582204468025631 0.0299492274958887 0.0991609939612986
-0.0181444850510161 0.0347517541873535 0.475309494530442 -0.518257965741658
0.0184699253333097 0.0146861961554155 -0.184809254960137 -0.930752299335209
0.0336062935932871 -0.0338946866223298 -0.857733408301868 -0.209150463310442
-0.00215008523326293 -0.0650508125260471 -0.402865219866818 0.538662856444009
-0.0301260147571859 -0.0189032377511654 0.181590655973087 0.3995236817347
-0.0158144693328556 0.021748646410041 0.207073040520869 -0.00395132600452604
0.0133598521255876 0.0246720062846674 -0.0296515635094024 -0.227586943835866
-0.00208400141134356 0.0122783383012389 0.0428309919566714 0.19671914261502
-0.0165292580754282 -0.00242192975235266 -0.161530453120137 -0.00938211917452561
0.00947337627061585 -0.027354720489104 -0.117201901755314 -0.420649903073792
0.0502015995311042 -0.0330697363435756 0.406257546810784 -0.420936365777163
0.0272751808729348 0.03874547622523 0.771777999528389 0.261305423074001
-0.0368343156688188 0.0415616688743145 0.107582921423869 0.905647981188914
-0.0445968112168371 0.00470827687396379 -0.461990352264151 0.518345021806954
-0.050213867512674 -0.00106858276290598 0.0226225278303591 0.0991624826737705
-0.0211243562907368 0.0410047619924612 0.468496701838889 -0.518636651385048
0.0246499064222351 0.0188267021214888 -0.190581468267862 -0.933598222419135
0.0409242928479421 -0.031527481731068 -0.85917550869194 -0.211539430586526
0.0022621476339218 -0.0611653410833951 -0.402482271784103 0.536001183739629
-0.0296697600259774 -0.0125565777903257 0.186062872129875 0.397445305111869
-0.017314379382211 0.0262345249464508 0.211638465390436 -0.00419996544687591
0.0095303885161601 0.0291713261932885 -0.0245621424591694 -0.227753368318498
-0.00339639583309957 0.0166204842042538 0.0446394969177802 0.198502072088908
-0.0163112836740772 0.00288808826694122 -0.158637901619444 -0.00566121482867469
0.0115306953465666 -0.0200713930371436 -0.117956265446464 -0.417431028731082
0.0551337231741323 -0.0297030640720191 0.402425322033754 -0.424757278911837
0.0351081528173616 0.0396575572186486 0.770306020196822 0.248393630041673
-0.0301761871021669 0.0439531003773698 0.115150641051487 0.903957492953035
-0.0448370664422058 0.00965957159898271 -0.463343793547852 0.522997870588218
-0.0533024414448749 0.00285372050170498 0.0120950953175408 0.102445101923229
-0.0216415802127732 0.046253921054509 0.465656464427886 -0.511257458877614
0.0298632610667868 0.0230518232999727 -0.178641532242228 -0.936043664125918
0.0478552602847535 -0.0283996903234754 -0.859490904078325 -0.226955932540179
0.00718770099254445 -0.0551210988500832 -0.405912123396238 0.52939655400882
-0.0283939560706487 -0.00626394267521423 0.183819803785317 0.402285207889808
-0.0188049072868039 0.0313708142246297 0.214983353186868 0.000424943611197688
0.0074013309943476 0.0331595480311411 -0.0209730353083785 -0.226876932158531
-0.00344045253196091 0.0198262897818996 0.0442810992503963 0.199172497555802
-0.0158275954055038 0.00850534481967576 -0.158109754106008 0.00079154392877805
0.0123420449705118 -0.0137223182570559 -0.123707070272726 -0.410176739224188
0.0584193895983313 -0.0244701343764266 0.392310904601778 -0.431721859921026
0.0415219045064938 0.0421849038625884 0.774947452865636 0.22923943667969
-0.0225398517221851 0.0479950129894876 0.132070306228803 0.897395034086722
-0.0418699685751946 0.0146311515817048 -0.46133784407445 0.5322301757804
-0.0536335244133206 0.00615670354259482 0.000363016099994523 0.106220201900356
-0.0186946704904604 0.0490725013859723 0.469463407573368 -0.49982051565809
0.0351138467359186 0.0268895429067947 -0.159413323983912 -0.942422002912964
0.053410873054194 -0.0239777640756913 -0.853870558684916 -0.249107734933071
0.0096945033921372 -0.0492741829311454 -0.418107644312216 0.525208797441665
-0.0282864250034049 -0.000839312146528458 0.178604350998235 0.4116359608144
-0.0192822449620296 0.0357638436266195 0.215010969484558 0.00781291178757522
0.00646734350855931 0.0365014600545709 -0.0197136787785763 -0.225359514111733
-0.00179366029046037 0.0222637145600449 0.0420371945839429 0.201231800951325
-0.0141887297621282 0.0123644692499663 -0.160778622490354 0.0101144721486362
0.0138854702900979 -0.00784987552650349 -0.133143715332867 -0.400956691473639
0.0577046772408001 -0.018009668694349 0.381996354087187 -0.438403117645732
0.0457285735723235 0.0437980827719694 0.778842374298115 0.202212038589319
-0.0160010467768308 0.0481715400636281 0.157214332486199 0.888735229924478
-0.0353324526726213 0.0152719395808468 -0.453708354760284 0.541255424508681
-0.0495012540594648 0.00711972624771666 -0.0112185274177478 0.111938480540937
-0.0144441493864645 0.0487554427329423 0.475699800228829 -0.484087349542613
0.0389821117768253 0.0280173235667319 -0.126122166674711 -0.947861596300865
0.0566555036146892 -0.0187214678853529 -0.842926917026654 -0.278782152267625
0.0116044580082416 -0.0434970245052277 -0.433980152166054 0.517546067321965
-0.027125657595806 0.00267821613989248 0.16765126276129 0.422229652445441
-0.017379555177341 0.0389808474581648 0.212541844607113 0.0165814382532688
0.00686197816724039 0.0391670153788458 -0.0186136217887601 -0.22397959911799
0.0106557132646158 0.00115236783917749 0.0250954510193419 0.202570485602301
-0.00821746089625646 -0.0143946868247344 -0.177497578442757 0.00979098243882105
0.00609070162435141 -0.0370852538947798 -0.142549017531186 -0.396219237736981
0.0269269497213065 -0.0328996654433331 0.39018739909051 -0.425902764042504
0.00266019302601698 0.0347582470765884 0.799676053143995 0.216766234909301
-0.0434166603444328 0.0231485785719216 0.185338596414012 0.895147180188287
-0.0179151022773439 -0.016858753331452 -0.422515336914295 0.541732064845889
-0.0119911462097924 -0.0180513114066993 0.0307414159308982 0.109244377791911
0.00037020487060346 0.0177289221536584 0.503775379224762 -0.497291956131158
0.0108806846857964 0.00418994169392056 -0.118681938453124 -0.944025587394062
0.01631219375188 -0.0282820853237943 -0.835124085697564 -0.251642961986744
-0.0157980451242989 -0.0616898796568409 -0.428592161866693 0.535725389526161
-0.0334996579295236 -0.0239104716266326 0.158864818669653 0.425405429736083
-0.00928954187538926 0.0144782834666829 0.193505683443045 0.0138627073698581
0.0245740801008054 0.0195458467974832 -0.0444391897713375 -0.224415468209046
0.00745855539723528 0.00164647080836883 0.0289760844206159 0.201542181805999
-0.0118551836384444 -0.0142934045322398 -0.173349012430417 0.0016382545807786
0.0065433539592541 -0.0382312054160572 -0.131705193156727 -0.406489605958191
0.0323540506405261 -0.0365458643437348 0.39915490599726 -0.419530352501583
0.0058510586065712 0.0352133396929221 0.789827420529466 0.240023452110695
-0.044965338500366 0.0260739782725242 0.154780126630725 0.902943586255195
-0.0260893194934493 -0.0131714475693006 -0.43373224539622 0.529429864117028
-0.0220036948067181 -0.0153188926683863 0.0355553800557344 0.103533738367079
-0.0078637767897849 0.0224410632590197 0.493504827943253 -0.507646065428625
0.0109110056141856 0.0072141574656489 -0.146147879219954 -0.938817330111551
0.0188760334600698 -0.0305069486462127 -0.842694580278096 -0.229017206861252
-0.0133313677273122 -0.0654176890653572 -0.416319868004048 0.538904734996102
-0.0327029455371121 -0.0246042077407368 0.169182596892804 0.414544045159049
-0.0100387566789649 0.0147245274006506 0.197445255620204 0.00479297593920085
0.0215086955557145 0.0199809939105385 -0.0406056832647618 -0.225953894006803
0.00398389457695818 0.00401063325064083 0.0352093815085056 0.198982615599826
-0.01396290446064 -0.0117511139323146 -0.167723008357287 -0.00537757577497672
0.00631455890909623 -0.0375485118337852 -0.122330638041265 -0.413308524460416
0.0371783043358067 -0.0369552623010756 0.40731733238373 -0.419025179478796
0.0116787376651963 0.0360715859094154 0.78158962491617 0.255475714528498
-0.0438774245389278 0.0305045560357195 0.131219070905441 0.905203949926366
-0.0339879684200146 -0.00789246142820709 -0.444892713678825 0.522051505756
-0.0338201365766234 -0.0104846835124431 0.0353588140142698 0.100980289144028
-0.01348238811043 0.0282291890147489 0.484160600111214 -0.51634451597323
0.0133774371703474 0.0100009860138989 -0.170916901864875 -0.93494398495126
0.0262300850776231 -0.0330978358907054 -0.852576047210512 -0.213658931949341
-0.00787768470861076 -0.0660865439155208 -0.406549081534793 0.539462281402566
-0.0314651601621613 -0.0227797491724597 0.176924500447818 0.405315695769192
-0.0117139885207557 0.0178134543926526 0.202634426807349 -0.00205829560395698
0.0180261595692674 0.0217066149973399 -0.0358477923348463 -0.227930465164354
0.00047585424705501 0.00762594495260972 0.0380446893523021 0.198553252154331
-0.0158981703786079 -0.00766544023465097 -0.163812138886903 -0.00920350990443302
0.00810107764796572 -0.0332548474682678 -0.117965335456181 -0.420232330790724
0.0437992339112514 -0.0363809502858785 0.40959283733118 -0.41957022733719
0.0196812249636649 0.0367866589405927 0.774183399841394 0.261179474395827
-0.0417229996029241 0.035718789838971 0.112709432265525 0.910537843144695
-0.0403359810954373 -0.00159300352753658 -0.455040510070602 0.518362341206088
-0.042552104937037 -0.00562193442528023 0.0305302708857488 0.0993840804037576
-0.018417817748482 0.0348169316924781 0.474637460726126 -0.518438094663891
0.0180080418011461 0.0136955261554866 -0.185787071119301 -0.931709922311687
0.0331845649217473 -0.033216981746525 -0.857216938545901 -0.208119424206881
-0.00274403039376682 -0.0648906057223224 -0.401056360068301 0.539653468657016
-0.0312725504015808 -0.0181274274108674 0.184749896612638 0.399970031845023
-0.0144365291374871 0.021697615885409 0.208539427557361 -0.00452089355388542
0.0145268287722067 0.0254940217491588 -0.0300301494763229 -0.227321209589853
-0.00275256790903125 0.0113507368223349 0.0419184265878582 0.198118026071064
-0.0164089936087163 -0.00162840305755018 -0.159847408175942 -0.00945997702474692
0.00962858839409844 -0.0285329139836648 -0.117477027358357 -0.420864378998631
0.049311143944243 -0.0339535214295155 0.407103342642306 -0.422771335527986
0.0279024880264539 0.0392560979619946 0.771047369211738 0.258138891016444
-0.0370608931135225 0.0400486312184179 0.108673301958043 0.906758027267098
-0.0432367344696919 0.00433193061605035 -0.461046260701186 0.518613055532466
-0.049033273352004 -0.00105899292607157 0.0225320743953117 0.0991016066939037
-0.0206271695469814 0.0403946880534262 0.46834155052626 -0.516766913019257
0.023624551515115 0.018770191008549 -0.190826007431124 -0.932729600252203
0.0414147246765483 -0.0313870160932085 -0.859200790056555 -0.21116348392241
0.00159600250868632 -0.0610335550105295 -0.400746595179725 0.535627101561717
-0.029997500140486 -0.01289768467259 0.185777774157462 0.398811345033603
-0.0171520851543621 0.0267696967355052 0.212817112127061 -0.00354617761057603
0.0105178179106113 0.029118799960216 -0.0251596716368813 -0.228464372229046
-0.00293999030042255 0.0157856940724789 0.0443149308775323 0.197915501460376
-0.0154002840469454 0.00377128647974686 -0.159013135713707 -0.00553260842859839
0.0112102949239327 -0.0209873238561442 -0.119325243697674 -0.417065665335804
0.0546789479890385 -0.0295132548571479 0.401893193447929 -0.427137640004274
0.0355435573015528 0.0406990524638985 0.770096735942542 0.247702622326169
-0.0301064189780639 0.0452246128513948 0.115681226519485 0.9046822370019
-0.0446101568953326 0.010400281116317 -0.46234427873148 0.52334713382302
-0.0530579624637891 0.00330472632666921 0.0121162659093183 0.102290325739799
-0.0204620351310942 0.0449144539339934 0.465719031517391 -0.510793763127749
0.029935967188957 0.0230882268375352 -0.181143290064477 -0.93645442361076
0.0488069017032756 -0.028397214426686 -0.857093553498183 -0.225987342371767
0.00721533485302501 -0.0542138229835859 -0.405926238877727 0.530789698434707
-0.0293740729157125 -0.00617056600423423 0.185126085054966 0.403253799065899
-0.0188816281217834 0.0314641542114102 0.214697917971602 0.000122324452277752
0.00833717889940121 0.0329841120120124 -0.0217455469014454 -0.226954085241623
-0.00379754089388462 0.0188943423574096 0.0442808350373772 0.199151655151921
-0.015517624079679 0.00941717914384562 -0.159324450212771 0.0013382131578856
0.0128521173451589 -0.0141200851861319 -0.124326688702425 -0.411767481305899
0.0570716763045981 -0.0241825537677253 0.39342658760521 -0.433899040357526
0.0422540704300108 0.0430281623286784 0.773957874843275 0.226884888586802
-0.022701745520989 0.0481933869899533 0.131366680459464 0.896307735631627
-0.0415560846571325 0.0138551919441613 -0.460484683074937 0.529654604367844
-0.052914031621563 0.00640742597992473 0.000109201055835094 0.105804947075668
-0.0184281223977779 0.0479839355218884 0.468325277182125 -0.49938659580025
0.0356760152168466 0.0265605000788294 -0.159508814837218 -0.943375407965622
0.053469863887962 -0.0233613182137508 -0.851748485372161 -0.248587071240549
0.00950679360286398 -0.0493554068344458 -0.417872415314698 0.526477033842371
-0.0281991501307952 -0.000665191947475177 0.178428553636564 0.41072715081778
-0.0184432691070106 0.0355470661411564 0.215839319411968 0.00818565004456693
0.00686867366880791 0.0360945040823389 -0.0186470294600668 -0.225211737715812
-0.00238797025185967 0.0209590411308492 0.0434426824879146 0.200587675298375
-0.0140288186927606 0.0125775914375136 -0.160809081953211 0.0104287065167912
0.0134114969166805 -0.00761689605104226 -0.132417336106532 -0.400549672113522
0.0570319036663546 -0.0178253913923906 0.381519514666375 -0.440526356161564
0.0448392491668358 0.0442287586249571 0.777229942293478 0.201152915313138
-0.0158483745699338 0.0477237702215595 0.157718199744718 0.888717135195209
-0.0348758599950986 0.0152022507290652 -0.452386299688359 0.539623567704995
-0.0484753606881121 0.00694570136384788 -0.0112522767551131 0.112685249144403
-0.013064648909497 0.0484864525339387 0.474610917050791 -0.484181081697069
0.0379339731786511 0.0275674242446941 -0.128200476077405 -0.948863228541501
0.0555860030261885 -0.0191372071301074 -0.844466448111909 -0.27776813298076
0.0115447463120357 -0.0430217317161231 -0.432653663616856 0.517513752308957
-0.0271184990074805 0.00282670012720347 0.170085814949592 0.423054304973036
-0.0177779160126631 0.0380260966869734 0.213065815589316 0.0179025843024144
0.00731891117160367 0.0386989762881978 -0.0178182541148909 -0.223699493432777
0.00955207623610649 -0.00054034944559658 0.0254109818653663 0.202482308390286
-0.00833988595380161 -0.0143804625471599 -0.179057897082189 0.00997608292027217
0.00518198296864542 -0.0374174001805982 -0.142472484805711 -0.39683379595135
0.0269534513875189 -0.0333304367257702 0.390851434642495 -0.428299252664604
0.00414093374140797 0.0349088293388679 0.800472220315388 0.215332745408564
-0.0438857150612779 0.0231300352612836 0.184763490229292 0.897045615848312
-0.0182467976773132 -0.0177260548063349 -0.421490050920055 0.542977760934437
-0.0121378623321004 -0.0181260532535056 0.0314752849066069 0.109937373496192
0.000190082565936816 0.0180875230630635 0.50387688118931 -0.496656940047719
0.0107763792132032 0.0048549881049616 -0.118566944613059 -0.947313846045949
0.015276439532849 -0.0281503231911597 -0.835098260547087 -0.251716784793074
-0.0157690689368798 -0.0614878411322072 -0.42865492380238 0.537658608937841
-0.0338004805132348 -0.023456359933439 0.159579864516936 0.42705686787316
-0.00823072685630008 0.0149307143888543 0.194262384263734 0.013632021309693
0.0247923301688486 0.0192590541289926 -0.0445496992645235 -0.224674937410495
0.0068930408606115 0.000500615533571788 0.0301207612636696 0.201541316710795
-0.0116599384505293 -0.0143004578708828 -0.173525635193017 0.00123555673026955
0.00680409176519454 -0.0389948406709782 -0.133197847429129 -0.408210417058108
0.0312823946011558 -0.0361675141881831 0.400908171733477 -0.424093046251104
0.00657512590612283 0.0358171096930089 0.789535086166643 0.238279493290263
-0.0455825262657407 0.0263527607945717 0.153376342127819 0.904222883691298
-0.025656009238677 -0.013167116388319 -0.43414746719142 0.529835582170309
-0.0222157392364134 -0.0148765081461683 0.0357722156442032 0.104575086616101
-0.00684195939474104 0.0228449532459168 0.495974264258252 -0.507429169963855
0.0105176537423469 0.00706798418567608 -0.148966840781515 -0.939190147527555
0.0196320093859324 -0.0315001723782869 -0.845814495737735 -0.229560703074506
-0.013826000738201 -0.0650701356516037 -0.415681435733932 0.541379038392277
-0.0326670469519804 -0.0245911018684366 0.169802191326435 0.416001788791703
-0.00999026142202998 0.0153955857887358 0.19856645770342 0.00488241536963889
0.0219334594658675 0.0194712002969665 -0.0402364644074934 -0.226915718840837
0.00388825063755645 0.00343420657263299 0.0351814066081062 0.199120586837323
-0.0140770398599753 -0.0112161637456661 -0.167941153549996 -0.00523895690183023
0.00686491860491168 -0.037792029806657 -0.124437168280071 -0.415992744594514
0.0370306397184309 -0.0379719485283245 0.406570633570812 -0.422659366792374
0.0120017844900068 0.036458361158516 0.782385446726808 0.25367375459461
-0.0440924102018165 0.0298167945797173 0.130129888640253 0.907851481286773
-0.0342208543243744 -0.00854684076354337 -0.445372118644808 0.522989138054239
-0.0334195503513244 -0.0102402924661376 0.0358603935232904 0.102054163804301
-0.013387452943466 0.0275477092967749 0.483900092659563 -0.515916303802172
0.0129385834737149 0.0102404768485087 -0.172145426100348 -0.936830569647906
0.0260738158767102 -0.0334927080048725 -0.853093610206545 -0.212693061637553
-0.00813116511130809 -0.0659531384627201 -0.407160932273968 0.539872744627145
-0.0315105748490397 -0.0226090566231958 0.178565505896744 0.406627845664501
-0.0110136728712619 0.0182714328524417 0.203296443678231 -0.00193161408926357
0.0188355815734005 0.0213248334250306 -0.0360455533763661 -0.228186123664081
-4.03015699659993E-05 0.00615547441544006 0.0387578603587789 0.198238422015146
-0.0151923400931506 -0.00713844805487452 -0.163646148046643 -0.00939943051134334
0.00755220754861903 -0.0340243706625115 -0.119561487076842 -0.420781099366773
0.0437189865253757 -0.0374607735721285 0.410198314919802 -0.422265026977022
0.0202761647736913 0.0378886223772347 0.774303099548698 0.259205974544186
-0.0418403959393313 0.0350414643614728 0.112915083247718 0.911649424275505
-0.0400248563369888 -0.00242809323565116 -0.454866435806597 0.516802562278265
-0.0429434788021591 -0.00558899549304824 0.0307700286167768 0.0995661476336969
-0.0184505822747442 0.0338558667461427 0.476229795931523 -0.518004765742008
0.0175841643538845 0.0144399193809108 -0.18465103420972 -0.932992677863542
0.0334627244446266 -0.0332694167865986 -0.859655564911514 -0.208456965718632
-0.00228506069542124 -0.0647822087357369 -0.400564519876391 0.540679535356034
-0.0310678835863955 -0.0174918508230583 0.184943192015649 0.400752012817986
-0.0142227566575142 0.0224330030180542 0.208343680303172 -0.00397685287167226
0.0142414660580166 0.0243554820544304 -0.0293427441221119 -0.228093070672266
-0.00187357888099363 0.0108854800568428 0.0426136084466874 0.198487046351525
-0.0162493068854678 -0.000918682219221536 -0.160482523684628 -0.00887350933234744
0.00951060597106134 -0.0287145271265596 -0.118471696255179 -0.420671783631522
0.0493151639418047 -0.0343148147241275 0.407153022088212 -0.425560397403484
0.0281429910979377 0.0391619797877385 0.7713600060533 0.257085803311586
-0.036640194559878 0.0403680712697202 0.107644376962227 0.90993977306494
-0.0443333391738101 0.00384298587704294 -0.461057653853352 0.517955812760269
-0.0489777038704411 -0.000373504976994152 0.0233965321741769 0.100443264320068
-0.0203467681481524 0.0400836317765916 0.468409486217745 -0.515892404960024
0.0240756048893071 0.0180884802887721 -0.190509315216241 -0.935701822755924
0.0412669050749094 -0.0316629327855886 -0.859493824863726 -0.210610316865629
0.00235817704342364 -0.060392888822015 -0.400014404735699 0.537706258851444
-0.0301476784802439 -0.0123686687618368 0.187891668110224 0.398617844754123
-0.0159512934338519 0.0268285525893096 0.212463915427541 -0.00416458155802667
0.011017486929697 0.028866513050121 -0.0249365359020831 -0.228435682679006
-0.00364781846959527 0.0151701739200084 0.0455735334301521 0.197835075720606
-0.0162603637059736 0.00434580797432053 -0.158446310160862 -0.00526366525248754
0.0112951134612623 -0.0212166012269956 -0.12151628738234 -0.418284751273262
0.0544145929561628 -0.0302902006897436 0.400172395204467 -0.430435147342311
0.0366572200898258 0.0417168409038328 0.768460655714408 0.244087322651266
-0.0295969781078637 0.044093503259672 0.114914577453821 0.907933282792927
-0.0441689090467723 0.00966151185869757 -0.464615026247507 0.522989274896911
-0.05337386383139 0.00357984768403844 0.0127141140921453 0.101897330494373
-0.0207493655979295 0.0453588738945161 0.466874205877974 -0.510620696949057
0.0295146187930787 0.0228559036686031 -0.1799983740997 -0.937110471383828
0.0494384076370647 -0.0282489651291865 -0.859038248620335 -0.226336433103965
0.00683871597917058 -0.0560008283303803 -0.406012814117804 0.532192544147388
-0.0288822202615644 -0.00616137304382189 0.187537994657582 0.403188933387101
-0.0170470074501402 0.0307510783954757 0.215299825073284 0.000467811664171905
0.00958691943007793 0.0324164001321636 -0.021048217402909 -0.227491494171163
-0.0038471795118895 0.0190011547178115 0.0457362248430838 0.199279724282954
-0.0154127037508859 0.00876657563981679 -0.159001805051223 0.00114726430865199
0.0122264849439934 -0.0147448716378881 -0.126825536835035 -0.412019982075273
0.0568632229751018 -0.0243254820700498 0.392632939100195 -0.43558618992913
0.0434251670358425 0.0431572988984661 0.774516299328367 0.22473563861689
-0.0222280181519099 0.0472900484447733 0.131223322867189 0.898379111808023
-0.0417785246001487 0.0139785827784655 -0.460406929698624 0.531429318212564
-0.0531922453536594 0.0064139984859535 0.00111302076078702 0.106988336001457
-0.0180442233442437 0.0479536723739015 0.469607405031003 -0.498167346051121
0.0351874249168451 0.0269971053615325 -0.159218406985706 -0.94546682603726
0.0539455698855135 -0.0237656030045691 -0.852864483908157 -0.249012209938532
0.00917448371273024 -0.0489174243539711 -0.417466426117322 0.526720180161316
-0.0292238569313494 -0.000774163423133835 0.180103559858592 0.411438749306896
-0.0177886443300624 0.0353445505644898 0.215707904772389 0.00751508774219148
0.00745605642243308 0.0365690519130855 -0.0189207799657363 -0.225742679482313
-0.00305446821327012 0.0208585762149271 0.0432390394035892 0.201454787805889
-0.0150878032064435 0.0126214148439784 -0.160508029645999 0.0108225580688341
0.0124159338907287 -0.00796850497580007 -0.134576658191305 -0.40144377041758
0.0571654875539425 -0.0181469774926968 0.382910500687951 -0.443311101355915
0.0457768295764296 0.0452824848003535 0.778654440025204 0.19994037294176
-0.0158528028050405 0.0481571887852296 0.157692896349203 0.890091635237998
-0.0350839359895111 0.0155152977376096 -0.453763869326742 0.53995116062478
-0.0480124780341825 0.00726952837524705 -0.0106418655759207 0.111960414689936
-0.0137688713605334 0.0482106937060671 0.474523272095983 -0.484668019391074
0.0385912907955369 0.0285460777232145 -0.126481278392922 -0.950451039034644
0.0562587084532666 -0.0187783770345633 -0.845880435473091 -0.277424712584277
0.0104334156447781 -0.0436237079299503 -0.432647219107168 0.518598072130218
-0.0272891571476045 0.00250835794365794 0.170919784395565 0.423176789682997
-0.016710648561537 0.0385844938561938 0.214136332528127 0.0173817043798446
0.00813730148798225 0.0381254784549707 -0.0185405499121188 -0.224102180900378
0.0107708532391043 -0.000158554959993853 0.026389937892248 0.203725465605636
-0.00928912607308951 -0.013916142280963 -0.178619778476853 0.0101964002963447
0.00509316086941002 -0.0381316621382558 -0.14582617948025 -0.399089801848481
0.0264918063536038 -0.0335393462744391 0.390582121091196 -0.432546699382936
0.00354476481487767 0.0367689593953228 0.802741241130215 0.212885612256747
-0.0439913420991876 0.0223955110894213 0.18446105292823 0.900740560518391
-0.0175687122027186 -0.0182887934822996 -0.422980441055998 0.542692659029613
-0.0122355547172523 -0.0176267618869763 0.0322529671259797 0.110017406730054
0.000179808819586142 0.0174512829286113 0.506161776736214 -0.495978852197051
0.0103460887316111 0.0043507951379117 -0.120006905124453 -0.950249282233801
0.016062220737134 -0.0283936163507182 -0.837194553348472 -0.251446587391303
-0.0166474806719417 -0.0608984821422927 -0.42777214587705 0.541217527305769
-0.0337899374863136 -0.0231900558234674 0.162411222540994 0.428831920530591
-0.00788499415183304 0.0145927147803857 0.194884695836529 0.0137660870255435
0.0251000870651478 0.0193520925148055 -0.0445232142754423 -0.224436345342198
0.00702580199549764 0.000693362359694038 0.0298417564764391 0.201993900813294
-0.0116942405515847 -0.0136350997153013 -0.172981767630771 0.00169095688292754
0.00547128616835154 -0.0395201950640695 -0.134228565450432 -0.408895544401313
0.0308249970626474 -0.0366940514084683 0.401169139593937 -0.427802267519574
0.00769830137487411 0.036336368247677 0.792500381481998 0.235641184073519
-0.0449142334136374 0.0260338943753343 0.155314789877087 0.907109365212042
-0.0265238250215656 -0.0146287996482112 -0.434514895698 0.531376036777799
-0.0228427693361587 -0.0148846650021473 0.0366264635783742 0.104787349101969
-0.00746350866573487 0.021665721461281 0.496139506654022 -0.505947747079947
0.0103868248819064 0.00664668916520337 -0.149307635210536 -0.94443717482003
0.0200347981222611 -0.0307620852016282 -0.848081635606978 -0.228881022593603
-0.0128884571087058 -0.0644977527827044 -0.414533221209627 0.543308569280607
-0.033943990194713 -0.0246304795690899 0.172373623374488 0.417178864649476
-0.00994294821531328 0.0160003256014344 0.200044561076799 0.0042918224597046
0.0229150646467109 0.0196283704894361 -0.0406601687778207 -0.22696968447297
0.00291866405284537 0.00266967611804382 0.0351026528507828 0.200268380246159
-0.0147928227571774 -0.0110406031331096 -0.168511798168579 -0.00461351988263966
0.00564389184882745 -0.0375059097580712 -0.125605170712754 -0.41689994586581
0.036336988927365 -0.0381246786119782 0.407542629999394 -0.426000195984146
0.0128326337480194 0.0368247858374277 0.784658475935429 0.253518664199998
-0.0449827145735085 0.0302825537918416 0.134744803928333 0.91145980630536
-0.0338724672249753 -0.00886944118028157 -0.446565740891275 0.524820268530843
-0.03326502727642 -0.0105361907234188 0.036268899526699 0.102264293176343
-0.0140382883004673 0.0277556356036298 0.485259500068488 -0.515558699887557
0.0131191841563119 0.0109301328682326 -0.174418720230319 -0.940139262461063
0.0256570240459624 -0.0338295817761222 -0.857470275576018 -0.211606119574848
-0.00854185905735075 -0.0658888385162133 -0.405755775328628 0.544582139407491
-0.0318616306480443 -0.0228629611569945 0.180021918628187 0.406866697763239
-0.0111613544757383 0.0187963499685026 0.204685058411991 -0.00233012688996569
0.0194488194267578 0.0213928008102747 -0.036711032943064 -0.228142632227698
0.000144561414109536 0.00585041856498479 0.0399166108050547 0.198314734959035
-0.0156674661025883 -0.00695073501243081 -0.163996880614784 -0.00882063781511244
0.00746036464533396 -0.0335744061379897 -0.120181970826626 -0.422569472295379
0.0426980639257743 -0.0370394601762537 0.411070312329039 -0.425935269664001
0.0203401229349305 0.0382641822016089 0.776677623176071 0.258284383628147
-0.041257846529466 0.0341281593328769 0.113036080802976 0.914347352775927
-0.0405010564618547 -0.00225551868838056 -0.457179961492857 0.519359614364735
-0.0422140192701378 -0.00553434247409582 0.0318474765952115 0.0995864555458957
-0.0183220146853917 0.0335741661389372 0.476742590539619 -0.519006660708345
0.0179398562076599 0.0145952165100104 -0.185684929986266 -0.936012865839664
0.0336785262256362 -0.0334806234319618 -0.861677544977705 -0.206931055932876
-0.00348459624533942 -0.0647433560878684 -0.400024077794915 0.543654633908261
-0.0308031429843762 -0.0171088090838705 0.186813919794062 0.400156994221735
-0.0131661571754472 0.0227487002498336 0.209917573356351 -0.0051282161172966
0.0158292093880902 0.0249707307032118 -0.0302447122180763 -0.229103996965043
-0.0027449080250713 0.0100191421106778 0.0433626837859882 0.198566084742888
-0.0163256980243592 -0.00121941171267007 -0.160347686031491 -0.00830100028172722
0.00879110347300441 -0.0289935896916122 -0.119860916543042 -0.423133667952525
0.0489882782388528 -0.035157468766111 0.408117084188311 -0.429620075112371
0.0288973809197379 0.040269381248521 0.772899115084613 0.25726778105659
-0.0369585018539053 0.0398360140766278 0.108601419971263 0.913195228859846
-0.0442286756439641 0.00288302367108496 -0.462170932326269 0.520219687934986
-0.0494964462510503 -0.000338589235557408 0.0240490418355438 0.0996111807054308
-0.020190943978479 0.0396399830759697 0.468326297549259 -0.51680281698907
0.0236272516408217 0.0190462640355015 -0.191075703127243 -0.939009792957076
0.0414361398834179 -0.0324162345598369 -0.863578854423484 -0.209289222344188
0.00170334907753145 -0.0611624327761534 -0.398948741548922 0.541207996688106
-0.030430875512579 -0.0117737856780975 0.189330119518975 0.400741334583441
-0.0152102985097384 0.0269113946388796 0.214162400553611 -0.00462341908413332
0.0123023496450217 0.0279918165395788 -0.025944240592746 -0.228725321894471
-0.00431283794771588 0.0147349485646731 0.0452354280795089 0.198050250954223
-0.0167214087164629 0.00377269007431921 -0.158885221347854 -0.00517514750182215
0.0107122075591319 -0.0221639133844644 -0.121458667988185 -0.418993158898446
0.053953260046395 -0.0306878831405541 0.401154021864361 -0.43314151528072
0.037303145528357 0.0423227499158953 0.772623563941316 0.242057437466928
-0.0298411945962939 0.0441055645770609 0.116559160705317 0.909956387480256
-0.0447340281227695 0.0090545821225246 -0.464542306380793 0.524050381023271
-0.0534336884983318 0.00359406831488986 0.013508572789707 0.102532542536953
-0.0206658678854794 0.0450667131587283 0.467267077984559 -0.511543293227209
0.0294866713639498 0.0237845912285138 -0.1797430762527 -0.940646577491898
0.0487066091698067 -0.0283203009529162 -0.863272336487703 -0.225551874743987
0.00679222005717242 -0.0549775235125683 -0.405090129485926 0.535336473652059
-0.0297955492998795 -0.00624685863188138 0.188265480357104 0.403374614482143
-0.0175517940664009 0.0311335997262568 0.216388035903136 0.000333786160844911
0.0102294977818368 0.032993598824367 -0.0216954142570354 -0.228674852019126
-0.00428801169276873 0.0182914996329336 0.0461928683445329 0.199370045673279
-0.0160287895024895 0.00910441433372293 -0.159623785776639 0.00126886904969685
0.0121567228718761 -0.0149021635240259 -0.12776496728584 -0.413173598612883
0.0570836555686581 -0.0246142910143098 0.393007877614029 -0.439968217331884
0.0428148584249912 0.0440424697833212 0.774494693260284 0.223006749231855
-0.022681919662326 0.046735935286366 0.132097779016402 0.900427955422526
-0.0416636879593898 0.0130699414603159 -0.461956047904646 0.533246187639056
-0.0531165432014623 0.00687285821744785 0.00167487199455597 0.106865554689108
-0.017803592295009 0.0475949570684796 0.46971056094082 -0.500097154674913
0.0350839741869169 0.0268910124560714 -0.159775876342544 -0.947053195452592
0.0528909405437227 -0.0240065474868209 -0.855014514587815 -0.247235962861756
0.00932824247142925 -0.0496337384144644 -0.416373644627438 0.529644558103434
-0.0290678678443835 -0.00079915962321085 0.181559310054479 0.412694219384659
-0.0170970509516763 0.0356387598068799 0.21677328909176 0.00760220610976111
0.00871797722816985 0.0358307673675413 -0.0189951293516868 -0.226887585068136
-0.00265404245431896 0.0200863832710592 0.0446155962339551 0.200778780682408
-0.014622078238136 0.0125332654288341 -0.161547410559634 0.0102904677771932
0.0125357778219967 -0.00907999331156464 -0.13611573237892 -0.402493878603634
0.0565813057056159 -0.0183714648302607 0.382594410126626 -0.446146543090157
0.0471792001755127 0.0455820387679005 0.781052381126402 0.199263098508033
-0.0153054017592708 0.047090031777352 0.158886459124138 0.895483864638851
-0.0357389332581142 0.0141902212088783 -0.454665775310859 0.542440749925383
-0.0480666017969935 0.00763015740210559 -0.00975634551447804 0.111981073123715
-0.0138599593393184 0.0473828379384471 0.474850993888172 -0.485407258399197
0.0387412253553392 0.028443276506347 -0.127859061016651 -0.953597181879078
0.0564693755581676 -0.018818310087136 -0.849062970955164 -0.276749843776536
0.0106317028237943 -0.0429433669602979 -0.431879746675887 0.520659280767951
-0.0282522062144077 0.00292554577590558 0.17304547959641 0.423484914598875
-0.0158126609644504 0.0382036281916145 0.214457417379813 0.0167325184098007
0.00894178336795983 0.0384315893420679 -0.0182694132448233 -0.225571153571053
0.00955686769537406 -0.00100452940059955 0.0271915793542454 0.203462919794167
-0.00852925124708685 -0.0137646046982463 -0.179719881406148 0.0107919250566715
0.00483396478791733 -0.0383895081832696 -0.147295570436389 -0.401619913684548
0.0265209906952379 -0.0341307229293433 0.392199709853665 -0.437109026986354
0.00485723469942944 0.0378086405719538 0.805868420387501 0.212826436246487
-0.0439254415769112 0.0226196766589345 0.18722214993641 0.906153753166611
-0.0174541938140428 -0.0190559607181611 -0.425204679392317 0.545935246417446
-0.0118011602307314 -0.0178769461637685 0.032822466600107 0.109879653179881
-0.00068909859649563 0.0174937881269632 0.50792590858896 -0.499957237703399
0.010202351915207 0.0050382774264146 -0.121608432524566 -0.954361604307648
0.0162618345826665 -0.027994574773968 -0.842059594705372 -0.25325495789317
-0.0168100483830604 -0.0612066946268214 -0.426535987746238 0.544173648997997
-0.0335398092838026 -0.0243499338990396 0.164914715523105 0.429560020371047
-0.00603512148198195 0.0163460633564227 0.196690229583469 0.0121761475842141
0.0263609276011929 0.0188669457731377 -0.0451087267923716 -0.226170440151117
0.00574545958022681 -0.000327652410866797 0.0315305104206279 0.202380325054156
-0.0118385744256153 -0.0128069918245582 -0.174860825963109 0.00256015038504377
0.00502863414162604 -0.0392539809086203 -0.136970400336249 -0.410474646428569
0.0304444146297531 -0.0371931665374326 0.402949309242374 -0.43324955987177
0.00781884955111041 0.0371672177994882 0.795518185042659 0.235913719078381
-0.0463595368511089 0.0251675185415163 0.157072093127539 0.914139834606274
-0.0267563235141638 -0.0151334697040324 -0.436533746982575 0.535132256645091
-0.0218823817584567 -0.0143673210178563 0.0369903254683876 0.104682212213966
-0.00787511917516912 0.0213026967804176 0.496678717230826 -0.509415306085157
0.0102628261689016 0.00626014963269776 -0.150938295135201 -0.946402573295283
0.0191380167470791 -0.0312582416007443 -0.850085155388184 -0.228997848752934
-0.0136668142840766 -0.0650074473920235 -0.414942040187323 0.548803628539951
-0.0329095959530406 -0.0236943217249236 0.174549196779721 0.417123744558901
-0.00794192196490781 0.0161572988909221 0.200627723956469 0.0038213771121512
0.0231737976134292 0.0201695201194157 -0.0398166534155981 -0.227775608704894
0.00370487052166808 0.00258039264072339 0.0370751108712358 0.200341800752941
-0.0139510850852224 -0.0107412366105849 -0.169447269949542 -0.0046645169053981
0.00543342721835577 -0.0383235082791527 -0.128709891749548 -0.41953829018041
0.0361301070830906 -0.0385957623925608 0.409304968004105 -0.430286748981044
0.0139025286041435 0.0377938053269399 0.788234742745765 0.251182949334215
-0.0452688132535663 0.0303140823798241 0.134006217204326 0.917148983730672
-0.0339800044479864 -0.00924133357111532 -0.448783773783415 0.528721913476485
-0.0329656061590656 -0.0101226687751517 0.0372220986893862 0.1019137780416
-0.0137337712460841 0.0278868068435517 0.486539654505906 -0.520395173793097
0.0128520341501769 0.0102587149464605 -0.175471568939861 -0.943488445888585
0.0260080275474768 -0.0330039702501385 -0.860118147189012 -0.213122459688821
-0.00914580920468019 -0.0661092249551227 -0.406283411893757 0.547797788104588
-0.032541982528908 -0.0225266892907219 0.1824391612889 0.407423906769861
-0.0105991990441085 0.0186227626934719 0.20616756955861 -0.00264846641046754
0.0203099381370112 0.0216881529447433 -0.0373051840073507 -0.229681291993125
-0.000295131568322539 0.00547477155337112 0.0407524208578148 0.199039222896217
-0.0158839806900579 -0.00567530720098976 -0.165185312837626 -0.0076538439989037
0.00743328466883738 -0.0344279760709834 -0.122826141847282 -0.42380686379323
0.0426358183198967 -0.037781622168479 0.411816265938542 -0.431086861143596
0.0217193434185066 0.038744274719642 0.779540863901833 0.257651980565174
-0.042628334233362 0.0344180244410325 0.114704430960921 0.919741658929854
-0.0406161708067039 -0.00309852056030001 -0.457339573692825 0.523183713807763
-0.0427895456830842 -0.00510724681151168 0.0324812810959604 0.0997965002433665
-0.0182917487913801 0.0331869673691229 0.476872157917353 -0.520227702029338
0.0175407489992612 0.0145483274956332 -0.190651206752639 -0.940781077909797
0.0335379620391287 -0.0344217526546448 -0.868008633891243 -0.207039455352288
-0.00331781359970825 -0.0638982673392413 -0.398826491499889 0.547850722817842
-0.0317920197582169 -0.0173892547690727 0.188995148138483 0.403418452271031
-0.0128879951872978 0.0232057076882251 0.21154569842037 -0.00538897564331565
0.0162857928270584 0.0245636899158439 -0.0306847052590515 -0.230850074867545
-0.00286198293955726 0.00987199484540965 0.0439821004687944 0.19933653569719
-0.0162421640520132 -0.00121471384799298 -0.161169386443601 -0.00777577940478867
0.00891128954112261 -0.0288055829785745 -0.122394254226239 -0.425700976337761
0.0487277830169252 -0.0357198921232765 0.409649871550128 -0.432284054061958
0.0297308091285722 0.0415749185350392 0.777321007216653 0.255252243013401
-0.0372233293464394 0.0400409489886314 0.109833084303348 0.9181007495897
-0.0449022736305475 0.00274495784922253 -0.463328004951134 0.524396417436291
-0.0491892386230181 -0.000477548455402628 0.0246798903629732 0.100549424975441
-0.020171995857342 0.0400971848537394 0.469554987796123 -0.520266613879786
0.0236198232558632 0.0188505523673993 -0.194273225966053 -0.943702343150484
0.0415564554250756 -0.0314447233706518 -0.868516513853093 -0.210020083508487
0.00225455337958115 -0.0601391664142829 -0.39994972041266 0.54497886809122
-0.0307718382871621 -0.0115657318798997 0.192022653201218 0.401477680759754
-0.014916267923839 0.0273977139888764 0.215040678635392 -0.00500909176392844
0.0121831387522346 0.0285930312647741 -0.0254594512555563 -0.230347323656831
-0.00475364542169815 0.0139929016564376 0.046134752691082 0.199955046689465
-0.0166638444223034 0.00519050270330019 -0.159005053939627 -0.00574013339786974
0.0109715148255053 -0.0221583046208038 -0.124608508161591 -0.423076956069366
0.0540852342007006 -0.0312234294046972 0.403329698339178 -0.438307090683422
0.0380177605585379 0.0428906200628637 0.777706638916384 0.2431813427341
-0.0303414004140894 0.0437923021268364 0.117337791717291 0.915052758089953
-0.0451240964086531 0.00833893175100908 -0.465148120552571 0.527829521517455
-0.05319595782545 0.00339971201899093 0.0143131067094423 0.102461700830645
-0.020083269389136 0.0449399480527156 0.468232648471368 -0.514406938860963
0.0292044054825362 0.0230213115927005 -0.183279707463641 -0.946038751282899
0.0490786293518539 -0.0285416786414679 -0.86745930628043 -0.224289573955894
0.00567342688308658 -0.0547854594130593 -0.404557954653114 0.539981521488085
-0.0300630484088403 -0.00602539580380726 0.191385487685617 0.40653271622234
-0.0157667027144702 0.0320606631758178 0.217763794769808 -0.00121005307773949
0.0104922392467469 0.0322394735380556 -0.0222473440698107 -0.229825613968223
-0.00434697147658563 0.0175458347713895 0.0470857441787139 0.199803593355702
-0.0158818237227506 0.00939498131310415 -0.159062321320077 0.002468594591477
0.0118356777334847 -0.0149847392776269 -0.131202977923758 -0.415306187901403
0.0565022718563247 -0.0250246814691744 0.394419318187 -0.444542834063493
0.0443434909810715 0.044504131608499 0.779340250775263 0.223912800897914
-0.0227123866995684 0.0469953287297393 0.135558750911462 0.906819920366879
-0.042314747167455 0.0130574655701204 -0.462981696246719 0.534273440745993
-0.053218360385719 0.00675940036009783 0.00229614707293316 0.107764770921948
-0.0186260919245029 0.0475683439460334 0.472036003398673 -0.502602177376691
0.0347841774079064 0.0275967111334342 -0.161303371257664 -0.953130555071218
0.0540206096947848 -0.0239680505105054 -0.861177606727478 -0.248940577268865
0.00909051684801317 -0.0492146011204725 -0.41650596213375 0.534863811048852
-0.0290599569631667 0.000313181693432123 0.184795969800917 0.414744632253936
-0.0155846375841801 0.03579188202097 0.21843968575344 0.00663475274279907
0.0100932349333109 0.0357712139487762 -0.0195351682462238 -0.22771027341699
-0.00374287109690358 0.0200063101927075 0.0454388013441743 0.201717438281102
-0.0139651544383252 0.0131034150659575 -0.161935944235865 0.0109943541390061
0.0126120880821184 -0.00884610929263349 -0.138809914747711 -0.403812557431991
0.0561147966489577 -0.0181601957086531 0.383766904691419 -0.450530240238552
0.0482095480390405 0.0462755453014585 0.78430932067342 0.196585648217614
-0.0161584199706649 0.0482007527074059 0.158559055544192 0.900107016136224
-0.0360657996689868 0.0136551565320584 -0.456095559992633 0.545128766650731
-0.0481127203774482 0.00846740375659918 -0.0092165309694606 0.113648194056428
-0.0142207264032895 0.047147454743739 0.47668435098902 -0.487115651346927
0.0378333867909081 0.0287315149364055 -0.130414920509721 -0.959337264374799
0.0563413547123735 -0.0193060224206742 -0.851330252302378 -0.276399472987418
0.00967391739218703 -0.0433197708079384 -0.432712701078584 0.526882510856229
-0.0276853571066611 0.00388038696634622 0.173956863623 0.425735983071854
-0.0156158906056937 0.0395855319935904 0.216617626611861 0.0165855660066356
0.01034436070735 0.0393775080970746 -0.0195501213586245 -0.226646124332699
0.00960537106020989 -0.00140951357870165 0.0286249848327422 0.204772975411002
-0.00921479095518813 -0.0131586270972056 -0.179632535454484 0.0120701604417726
0.00596482505302802 -0.0389351313628583 -0.151311803335511 -0.403845600911132
0.0262042362824738 -0.0345631487743537 0.393349059257919 -0.443230947701704
0.00621064010552046 0.038534738655915 0.811322403588546 0.210501206202446
-0.0440542246138757 0.0224059469688154 0.190740658226298 0.909623036519894
-0.017938659802013 -0.0199610216706625 -0.423899995211768 0.549633443691722
-0.0122847993356584 -0.0182443581405141 0.0335169485265796 0.110624447456947
-4.11893909223523E-05 0.0170248192984691 0.508280709928168 -0.502497754208744
0.0102540110821168 0.00483136764299874 -0.124472693791499 -0.959578487774562
0.0162838773513506 -0.028691782486416 -0.848814402685277 -0.251859057690768
-0.0172038848799217 -0.0611000315846015 -0.429240124163808 0.549487414663117
-0.0343287403815294 -0.0237576262085073 0.16855743790572 0.431993261748611
-0.00571552943235293 0.0165217706479433 0.198142573709204 0.0118892559948743
0.02787267794567 0.0186993261867798 -0.046055243120447 -0.226839517544469
0.00514952303143216 -0.000317314188528224 0.0323781044488268 0.20350486768569
-0.0119555347005877 -0.0122953526571819 -0.175276677680577 0.00335271475614884
0.00539293172237626 -0.0396818047153127 -0.140231345665437 -0.413591175145631
0.0309446065511443 -0.03849866593945 0.40132973459627 -0.438863782334722
0.00882011676236641 0.0379559592690218 0.800275059978873 0.230786101159472
-0.0454299804484845 0.0246943312515681 0.16071344012113 0.915736442306843
-0.026215166712445 -0.0158809350447016 -0.437704623564838 0.538228995243165
-0.0221991926273913 -0.01473640614641 0.0389337242616007 0.105094912330614
-0.00709255098501714 0.0205690556615937 0.498553334959346 -0.51456963479439
0.0101580877857686 0.0078723075294013 -0.155608979075395 -0.953286643517116
0.0200402481542097 -0.0321087832784471 -0.856851237782396 -0.226401364932275
-0.0140952506813331 -0.0646718605367183 -0.414645926724081 0.553688533202639
-0.0332991645739802 -0.0238280612683801 0.177769162560255 0.420616182263401
-0.00751556600130353 0.0164670416637275 0.20281902020356 0.00209055031626783
0.0239427994210082 0.0194027175124429 -0.0415555096839098 -0.22957782958928
0.00302721369484804 0.00151075469539868 0.0380681900432565 0.201587877633822
-0.0148513980710707 -0.00992036508542085 -0.169423576257601 -0.00329933025310043
0.00546750943820315 -0.0387615576973099 -0.131723703525665 -0.420941359155914
0.0360985967903355 -0.0388435525430561 0.409052243742904 -0.435010844950763
0.0144713273300858 0.0380367938287878 0.793252720337166 0.2484642478429
-0.0456529414795578 0.0298030380685417 0.137241549802194 0.922985122866354
-0.0345973770178872 -0.0100718991663927 -0.44854839112356 0.531314866855841
-0.0331294637770898 -0.00970090515516653 0.0376646448210433 0.102105321903088
-0.0137018981041053 0.0270117792384912 0.487593508896379 -0.52352110618547
0.0125331262054665 0.011048623824121 -0.180208743670063 -0.951385889376573
0.0264814138646118 -0.0343132757532547 -0.86716116662366 -0.210805858529453
-0.00936885705393281 -0.0661308926373808 -0.405407792530223 0.553558720728255
-0.0327937151324632 -0.0213410964399566 0.186950268139443 0.409923733908182
-0.00976422793988701 0.018573830443978 0.207687083249805 -0.00360921593009959
0.0213309679344615 0.0209138871777538 -0.0375633450007069 -0.230447372460119
-0.000646217351170925 0.00548672924233383 0.0417533109965603 0.20010666037184
-0.0167378534358981 -0.00561833196878624 -0.165711362424809 -0.00697610317804974
0.0061946404934585 -0.0349485086772131 -0.125866989193818 -0.425914551470884
0.0427537264582587 -0.0382234983588671 0.411180363426778 -0.437183511206993
0.0218253906067784 0.0399657447908033 0.784622517821709 0.25476607216435
-0.042184340319016 0.0348470776089933 0.119825547854718 0.924468471046364
-0.0406736764756471 -0.00330948184850022 -0.457705036805552 0.526479816746831
-0.042561249698808 -0.00482098591220265 0.032977109942709 0.0994881591369172
-0.0180858260296097 0.0335956173641763 0.478422215560901 -0.5248439867563
0.0172062443857819 0.0147867113466868 -0.194724472599605 -0.944435016738443
0.0336263174565531 -0.0340029366901195 -0.870814226994458 -0.204886679532073
-0.00383666099292501 -0.0649538823714508 -0.39960875824765 0.55277324605704
-0.03115225361112 -0.0175720696050143 0.192887795431004 0.404778635226273
-0.0116938633824241 0.0228287254290174 0.212610997770741 -0.00603686248131573
0.0168228746757434 0.0245265462815609 -0.031661018068489 -0.231122628534447
-0.00347323677763316 0.00926937186351621 0.0464757584366744 0.199735808873912
-0.0166764965431753 -0.000597099798668183 -0.162034849884043 -0.00711824234211122
0.00858692533345617 -0.029069206292222 -0.125536799588056 -0.426976535768629
0.0488497386360213 -0.0367234970508578 0.409624942253952 -0.439372812289035
0.0303473260872824 0.0407890068953007 0.780420282859248 0.253065884686912
-0.0367776261377527 0.0408754885731788 0.114407110670832 0.923787587155874
-0.044618939712144 0.00287758971925936 -0.465562053341997 0.526768277882792
-0.0501071912740726 -0.000246733937243728 0.0253502510484282 0.0996970018666912
-0.0206274710784258 0.0393886635072904 0.470319095696391 -0.524371937981429
0.0232253830254229 0.0198565538921842 -0.196931240052534 -0.948735504913693
0.042236092545741 -0.0323762204715371 -0.873740592297387 -0.208355580248898
0.00103888899961338 -0.0597101547507226 -0.397279557850464 0.551926730586271
-0.0311191982574042 -0.0116647847044178 0.195273524597594 0.403797144186476
-0.0138354582275439 0.0277473694495323 0.216385374586617 -0.00608698584465322
0.0137687092546531 0.0282389990741411 -0.0263503858507716 -0.231708700604793
-0.00499064632774836 0.0133109854145102 0.0477067532369642 0.20058306922803
-0.0169234691054521 0.00461409872579126 -0.160140892166236 -0.00310267134846351
0.0102116648604564 -0.022506751242307 -0.126632868043713 -0.423955842559891
0.0539864967355112 -0.0312598788752397 0.403120346868713 -0.443337688474632
0.0389704549951446 0.0434070877037448 0.780300554072998 0.240432173248702
-0.0299413932366828 0.0441864301377896 0.121670099078123 0.920372316971673
-0.0453118437933292 0.00849398129363292 -0.467322520154686 0.531744869030405
-0.0529066443063861 0.00401032854768657 0.0142089467709894 0.103505506853454
-0.0201684297837647 0.0439642210622758 0.469830268263859 -0.51791833923582
0.0295393309886733 0.0232972495445337 -0.187991013997564 -0.950641334952038
0.0491741046088458 -0.0292479410372206 -0.87293785376497 -0.222816805412125
0.00548291799860423 -0.055502271073067 -0.405425520232864 0.545145487279161
-0.030027326714368 -0.00599736343974632 0.194677861236758 0.40845982159172
-0.0154367765950098 0.0325707374147548 0.218891981967228 -0.00160687422667299
0.0114181925676532 0.0315702681056593 -0.023575802800476 -0.230858401622835
-0.00508804381563106 0.0172636419345337 0.0473281813938887 0.20008598692907
-0.01564751220198 0.0099401179218924 -0.160096476312632 0.00325944625120309
0.0113027491589976 -0.0152692904312004 -0.132522912690158 -0.418655228333036
0.0558979739598866 -0.026031726181582 0.394292796713261 -0.450369048821523
0.0459937516255712 0.0451955658885376 0.784464356627692 0.221479800178816
-0.0228824868444644 0.0467348610819465 0.138057267511085 0.911437409411116
-0.0424732051331811 0.0126217453125211 -0.464325329907912 0.539721334266323
-0.0533878496751401 0.00777027493542938 0.0028741512995763 0.107091864243094
-0.0187191374098799 0.0478645993912879 0.473023622589339 -0.506039788844722
0.0345964661795965 0.0278163742738054 -0.165667733842293 -0.956667842327062
0.054642744279366 -0.0244472048283652 -0.867500414246935 -0.246651143088783
0.00882235190720075 -0.0490758365406379 -0.416195379131962 0.538812893854258
-0.0290414044742318 -0.000156249419090433 0.187932146993973 0.416749786739209
-0.0160841277569054 0.0364613720496156 0.21977734247805 0.00636085308681938
0.0104645171243644 0.0353628244754624 -0.0198023707605593 -0.2295513758357
-0.00380132686451408 0.0191842684536874 0.0461642806181491 0.202445575329408
-0.0152459425402155 0.0136777111288687 -0.163240325158995 0.0115567792373131
0.0115112171693475 -0.00860745310484091 -0.140313513045151 -0.406089508210442
0.0568931311132861 -0.0198602941514893 0.38418631297958 -0.457594505047893
0.0491220638613913 0.0465243877834804 0.78939701271211 0.196604064434431
-0.0164895157689403 0.0470097308879976 0.163641788410997 0.903607451668056
-0.0358868914386473 0.0145062515895495 -0.454996071591423 0.548158700939012
-0.048022233612486 0.00820426172957838 -0.00866912581461095 0.11329503746247
-0.0128968597856503 0.0470393584712976 0.478531350458243 -0.491880638945455
0.0375664346087408 0.0288640581342139 -0.133668646702707 -0.963666571115037
0.0565511270696511 -0.0192715516879404 -0.859862506758774 -0.27478684019331
0.00984304312115916 -0.0425214259721738 -0.430635174712889 0.531781746215068
-0.0285518180308728 0.00397739473476971 0.1783717551099 0.426133477953443
-0.0145649526230987 0.0392930306274812 0.218264406677068 0.0147084438297808
0.0103440344654414 0.0380200493269827 -0.0204928643802774 -0.227330167064919
0.00939416402835011 -0.00263925640876224 0.0303906396391086 0.205957783317918
-0.00968160561782534 -0.0130384416373829 -0.181716407703216 0.0130672345707007
0.00460388280085894 -0.039056154217318 -0.154466851253224 -0.405000440099511
0.0258538620150728 -0.0354892652958468 0.390022283324429 -0.450228311019295
0.00657362764767045 0.0389323816744031 0.816090318242544 0.204898891585296
-0.044681615848575 0.0225717866643156 0.196806216090042 0.916706732369108
-0.0181758416132623 -0.0203376834656731 -0.424710675767745 0.555498645157158
-0.0119751020743534 -0.0180093082055175 0.034798617400083 0.111004955798399
-0.000355080669452843 0.0164352163975932 0.510278837541845 -0.507872276157783
0.0103140791240913 0.00531652511005708 -0.131356094741283 -0.964970992110628
0.0158970061134108 -0.0280611369126367 -0.856039892385983 -0.247746081276512
-0.0176598563465659 -0.0611046481285752 -0.427273430580115 0.557853581404196
-0.0341001053135286 -0.023159120493097 0.172160896310925 0.434322385694332
-0.00459477947344776 0.016630004840546 0.200052719513488 0.0110157542634772
0.0285246661614271 0.017867915730516 -0.0478412850311176 -0.228587783959477
0.00580402981816863 -0.000890982044657732 0.0336780844855227 0.204780559780957
-0.0119546576873401 -0.0125461347533415 -0.175655104759064 0.00491292285284305
0.00430967808380715 -0.040408892778138 -0.143984323010884 -0.41505073572787
0.0304270152243986 -0.03921091432287 0.401133245930145 -0.446886116446437
0.00997356671031724 0.0380667353277597 0.80563274875459 0.230024132024265
-0.0465956377292244 0.0255791444736567 0.166488423176032 0.923852942776021
-0.02627376994629 -0.0165071167258183 -0.437433970941162 0.543555399671325
-0.0221536910021335 -0.0148229339800173 0.0388699081781943 0.105276287393035
-0.00694318331121534 0.0203811767365369 0.499040242456963 -0.519106412006902
0.0100656723073828 0.00777297861359547 -0.162718612526025 -0.958563881057758
0.0194541924735172 -0.0324030306363389 -0.865302928277238 -0.223543422179038
-0.0152269605393154 -0.0650912782407964 -0.412735262059301 0.55955105033636
-0.032847905736031 -0.0240930124710124 0.182718389845297 0.421751039247406
-0.0071493570822481 0.0169669502097196 0.204354453175822 0.00236509588102799
0.0253314331388699 0.0189304662440655 -0.0435734354608207 -0.230696656305292
0.00263279702865483 0.000633195345050826 0.0402153144593637 0.20269853109244
-0.0141793006834379 -0.0100007862297991 -0.17068187338672 -0.00210027373587849
0.00476912464932063 -0.0399442935335067 -0.135582753695291 -0.423423869612899
0.0359909931579111 -0.0389305275808817 0.40892732296547 -0.442311968094551
0.0148869357438252 0.0393574472952105 0.799510190541919 0.244466548733212
-0.0461244334060582 0.0294511835687225 0.14317262331177 0.929984161845563
-0.0341654182680198 -0.0112976700942719 -0.449712983865364 0.537192181308425
-0.0335428651807229 -0.00962594843009098 0.0392679817435979 0.10292951724307
-0.0137348763592447 0.0270703899052843 0.486070354107857 -0.52656473459843
0.0123075283363195 0.010517401322078 -0.186573176818992 -0.954259318345982
0.0263404448192435 -0.0343415613047966 -0.873400400148959 -0.206334365667839
-0.00933732134968976 -0.066571280951235 -0.404297511937103 0.560536666602394
-0.0326059573962663 -0.0219310997278415 0.190750234924407 0.412710091215846
-0.00854132020337189 0.0187818616687438 0.208793094534194 -0.00494081064085452
0.0221369387238872 0.0210532557203324 -0.0396130676807934 -0.232263581457074
-0.00125862329298352 0.0049480624447751 0.0440758142493524 0.200870623376363
-0.0159897270855396 -0.00558728523932747 -0.165443668436415 -0.0060315129093559
0.00655183777225718 -0.0351484190182364 -0.129279196622102 -0.429213320085505
0.0422522741789765 -0.0387930180238778 0.4111807917368 -0.442812203990391
0.0234625628328788 0.0410593937101111 0.790998541070589 0.250691101182422
-0.0431453194887372 0.0347288321836701 0.124147641800401 0.932105930824007
-0.0410090565296925 -0.00359618135207577 -0.458329959850189 0.532083663663863
-0.0424972110189123 -0.00450315950157313 0.0353580558137825 0.0999719494662156
-0.0182879645319108 0.0333321523426507 0.479143695524078 -0.529942420037981
0.0176144221394355 0.0152448573595214 -0.199394209209288 -0.95057531796468
0.0346265216562997 -0.0345476472276199 -0.877185935765954 -0.201758618683201
-0.00441487690699934 -0.0643158834883931 -0.39679270812116 0.560381687525945
-0.0321350779758286 -0.0176354925891236 0.196973401423192 0.40584720668961
-0.0105358311336937 0.0237381423149896 0.21472752447736 -0.00769255091044278
0.0178253248315613 0.0243513037579354 -0.0327552275122341 -0.232689245395008
-0.00364706489346526 0.00934357787483836 0.046640344134403 0.200888600215985
-0.0170961564701231 -0.000247745597083951 -0.162920931147989 -0.00674682475389034
0.00793737006383374 -0.0295123399866612 -0.129060682732991 -0.430028127486494
0.0492613239250356 -0.036242146298458 0.409127417329121 -0.447209888587551
0.0316594705434106 0.0423746771375099 0.787256256832353 0.250489681375937
-0.037866747291779 0.0391165885709718 0.119223789328139 0.929991038186627
-0.0453790680295781 0.00179009264769144 -0.465765083158789 0.532463893438169
-0.0493978990958145 0.00012169373611227 0.026341946956308 0.100707434913282
-0.020545779629209 0.0393867191169019 0.470856210786646 -0.529191008510629
0.0235104942795929 0.0194113645449822 -0.204947149327788 -0.953495455261795
0.041492709283906 -0.0328927971391438 -0.879342584501232 -0.202783288416942
0.00110288375971586 -0.0606473561544992 -0.395581940134639 0.555517788400112
-0.0306244970021823 -0.0117089573994494 0.201402690081949 0.405608678696431
-0.0126706539391284 0.0276076539577271 0.217622171321911 -0.00824107639269471
0.0144478510682722 0.0278820226933941 -0.0281856744021503 -0.233158978456258
-0.00540592711491729 0.0130255844534319 0.0503628790566499 0.201235835548484
-0.0166712004291592 0.0062331493318929 -0.161276036304812 -0.00332852666309183
0.00969075439425568 -0.0229322863861947 -0.131959293132135 -0.425401653665381
0.0539353541818112 -0.0312218373170227 0.403464305375876 -0.45190194383289
0.0405965225930142 0.0442309723544392 0.785500876506338 0.23549795754459
-0.0309563282142456 0.0441599760356524 0.127254359069769 0.927932115668062
-0.0455485901066866 0.0075759215121063 -0.466771291947903 0.538246381572019
-0.0533624839424678 0.00481637541430073 0.0157163990335177 0.103241753002409
-0.0204713962373939 0.0443621469876365 0.471340916198896 -0.522142338891028
0.0294382455307695 0.023338467850134 -0.192776674411863 -0.955422015339472
0.0496300620637798 -0.0292660501097927 -0.880325074229466 -0.221203656838466
0.0059979760473432 -0.0554921454073301 -0.404154839350357 0.550906979321977
-0.0305049605081259 -0.00498331389129893 0.200507184260056 0.410922168967066
-0.0133669397515467 0.0328763471068008 0.221126158169587 -0.00374541602883343
0.0125392480841678 0.0322081780409574 -0.0245711184681716 -0.23278743887387
-0.0047277460438391 0.0169948405247682 0.051047356928146 0.201564066563845
-0.0158330704675484 0.0103784485038676 -0.160746506774726 0.00379646407063567
0.0111282067009776 -0.0154690355593286 -0.13662069182953 -0.419660131907605
0.0563635402046905 -0.0264983762825458 0.395181001029371 -0.457324692990325
0.047121688896965 0.0461859606471628 0.789776788288352 0.21796627566341
-0.0238411451241026 0.0471565080129485 0.14291809543982 0.920269700545451
-0.0427679649192048 0.0124663673627432 -0.463972858636482 0.544720432038325
-0.0538753531131422 0.00802741647738414 0.00449016919939955 0.108044745278798
-0.0179875371296181 0.0472157546754838 0.471274254190692 -0.510626741933952
0.0347988556690535 0.0275015867114822 -0.171540914125488 -0.961365269805412
0.0544270969022851 -0.0250903710043676 -0.873830954409152 -0.242074426989686
0.00776814933424158 -0.0488060484233892 -0.415126226647682 0.545212332418029
-0.0294916445939278 -6.1327792580456E-05 0.193071748724457 0.417619717619432
-0.0150476495887459 0.0367079586735551 0.221037406980413 0.00478890279242931
0.0108464290201234 0.0354683538467361 -0.0219257367898078 -0.230557719306005
-0.00380684188319465 0.0193190079916095 0.0479959701783007 0.20374704895309
-0.014799022154602 0.0145626627688571 -0.162893431941627 0.0133774846433319
0.0116505460261324 -0.0098339079413015 -0.146064295679801 -0.408518711454246
0.0563455064969262 -0.0198950469548696 0.384455546223935 -0.463267419687422
0.0508850716541437 0.0470794281856772 0.794201830594326 0.191963473131605
-0.0169102961296347 0.0474576716441004 0.169005853208582 0.910914167704035
-0.0360192032899324 0.0138063695190743 -0.456189135879981 0.555141670831892
-0.0480078247694957 0.00827487228658 -0.00716774212983492 0.113988884059243
-0.014023309623055 0.0476692137975016 0.478325183561704 -0.496760405565136
0.038261023801409 0.0286248206006298 -0.139906645320578 -0.968049783859302
0.0572512586282619 -0.0202252088419802 -0.866073735163666 -0.272092643473188
0.0108513173502152 -0.0435097365744111 -0.428094315974292 0.536948103856325
-0.0282871230924611 0.0042382354691857 0.183188216221502 0.429571314216589
-0.0136980897578867 0.0393159346448623 0.219600342685372 0.0141712871903506
0.0114929007870771 0.0375592087779107 -0.0214898535204328 -0.229634569258174
0.00955584784496476 -0.00282951203453386 0.031955483563938 0.206477641981805
-0.00939972574657786 -0.0122069042629764 -0.180650294160709 0.0144874723918374
0.00405181480475587 -0.0397201501531461 -0.160239019930467 -0.407419078987548
0.0256385146307887 -0.0364638253587566 0.389934301176197 -0.458261282368364
0.00758475707073527 0.0391620385337176 0.822877263842974 0.20005518792456
-0.0450455958261674 0.0226250614917491 0.206296624802611 0.923833561175254
-0.0182104886373144 -0.0212511956316135 -0.424974130944901 0.560878819222115
-0.0123813059900605 -0.0178902100299859 0.0363298361045965 0.11105341402882
0.000817509079298916 0.0156293388111293 0.509089127093001 -0.514292719004992
0.0101848398026416 0.0049411196481448 -0.138841771024972 -0.971027499099005
0.0160371436423194 -0.0292972571161364 -0.863534113612278 -0.241819848575437
-0.0189404317149273 -0.0607480934702603 -0.423318745197884 0.563801937156876
-0.0347902672913531 -0.0231407067872365 0.177668215646785 0.434691192273993
-0.00358226862755407 0.0162856425961818 0.201833637772145 0.0083530894556617
0.0292297346011612 0.0175855830029266 -0.0497286624606527 -0.229140000081443
0.00569970728519844 -0.00215466953807375 0.0356324368545019 0.205611869432366
-0.0134448753633009 -0.0118294888427653 -0.1768628273745 0.00656782641706651
0.0034898047316845 -0.0412031039013281 -0.148799134419322 -0.417993032531598
0.0295098230194291 -0.0394019456565709 0.400822283679103 -0.453763175157599
0.0103857271198294 0.0399069064238308 0.812835223342614 0.223737958438801
-0.0466568052070213 0.0260114198219978 0.175268388084407 0.92854844634369
-0.0261138476388422 -0.016034607390535 -0.435433593065956 0.550615938541803
-0.0221233006784782 -0.0143113495937342 0.0407932449492743 0.105639836346993
-0.00707819585652399 0.0202450002050017 0.49786142184301 -0.523545955551364
0.0103973069005973 0.00670058753241059 -0.16936580959041 -0.962597130698023
0.0197553931119345 -0.0322865907693239 -0.871670559570504 -0.219189191935753
-0.0156207344003191 -0.0651896487214951 -0.410744428725879 0.566457058365549
-0.0334720425504336 -0.0230925889941447 0.189042979562319 0.422201148132048
-0.00604642400068058 0.0174429276419309 0.205661029217647 0.000378990862823169
0.0265178373142762 0.0188429228879894 -0.0453078258806511 -0.230904548081499
0.00262819524727355 0.000788620187696759 0.0415813529691252 0.203314219762059
-0.0142675432710787 -0.00919978183590676 -0.171177244154725 -0.00173071616467505
0.00414802195258257 -0.0395960101734079 -0.140437951756447 -0.425755520958272
0.0354891475705204 -0.0397011794978658 0.408501811465678 -0.45057671522464
0.0164549772275764 0.0397057587265953 0.805621176544843 0.241040294992887
-0.0461132673831091 0.0302246621501398 0.149972423874608 0.934265993902127
-0.0348608152798024 -0.0108914858865956 -0.447508282386274 0.543395855987624
-0.0330310818335623 -0.00919534958102622 0.0405918922242803 0.102290164383267
-0.0125680604565085 0.0265389884323136 0.487459556577321 -0.534688203052191
0.0130661535173727 0.0109438524291284 -0.193762199884488 -0.958194046108585
0.0264938146480011 -0.035027209665106 -0.881062669240081 -0.202258222622947
-0.0107717073136678 -0.0673514389889912 -0.400371061230337 0.566973801698432
-0.0328280217918251 -0.022285904016948 0.196576250351971 0.413405566362042
-0.00810570847719049 0.0194691740635823 0.210493784166335 -0.00649896711764343
0.0230925436114554 0.0203308822499044 -0.0425215549805202 -0.233030967093033
-0.00149017912598688 0.0046746667923153 0.0455716921097341 0.202278024100892
-0.0165782794871511 -0.00526465631018781 -0.167321834282389 -0.00404590920104095
0.00524972258184436 -0.035493742071989 -0.134425248368449 -0.431241965478139
0.0417045805282472 -0.0403168342295944 0.410473118345483 -0.450652521751778
0.0242725203671443 0.0415385332063308 0.797235212319638 0.246573501401686
-0.0422779044635173 0.0350549139183449 0.131972762074885 0.938059209302151
-0.0414396493491332 -0.0047330772402126 -0.457759434026203 0.538840282776243
-0.0422636678413009 -0.00492700326000773 0.0359026306438278 0.100236020697227
-0.0183503733865772 0.0331243194207416 0.478341994005274 -0.536084304594525
0.0175759710377344 0.0141246873225039 -0.207522965785701 -0.955273033433248
0.0339651815149231 -0.035416273476231 -0.885846842465809 -0.195620525759193
-0.00455832651486752 -0.0654005755738847 -0.395146418909218 0.568810834908404
-0.0324555980855603 -0.0168775340380215 0.202838199788525 0.407713473672269
-0.00972875895515365 0.0235366860671362 0.215603458971912 -0.00997824760812626
0.0186056494540185 0.0235359416505339 -0.0346479738002478 -0.233410124198013
-0.00366102039134676 0.00875864982655741 0.0490563110252755 0.200885171398504
-0.0160236298720675 0.000145425582935751 -0.164629798541462 -0.00583906393139543
0.00767494734651778 -0.0301336319871698 -0.133344421489981 -0.432869671555503
0.0482883157436894 -0.0375865508153379 0.408333764118 -0.454318623682923
0.0330844870676379 0.0426318396939511 0.792942684120257 0.244632321471161
-0.0378793535562114 0.0402871447917129 0.126077661413688 0.935759847986778
-0.045171017550181 0.00259076080223143 -0.464768907210053 0.538799838479869
-0.0500359484414581 0.000892751203540646 0.0276715398462547 0.10048169603985
-0.0209600111236681 0.0391913822651902 0.471217989948439 -0.535697550049355
0.0236219754197548 0.0187080237354813 -0.214251765030551 -0.958042534562385
0.041786974159402 -0.0333891122934311 -0.888379337700276 -0.199462426092722
0.000178378965051476 -0.0615837409105512 -0.395819564265901 0.565790922775622
-0.0312638195442724 -0.010554768608223 0.205557203890898 0.40637409606649
-0.0126963373958038 0.0284871946023456 0.220151327179258 -0.00874480249659566
0.0157086079950944 0.0278446694938329 -0.0297485400869297 -0.234974589340035
-0.00531148144597202 0.0121436150491486 0.0518439707275624 0.200763243327766
-0.017150242975776 0.00560455133233498 -0.161178240746081 -0.000728289215464025
0.00895105501863828 -0.0229589337044403 -0.135188854122068 -0.429653974329299
0.0539687574269249 -0.0330542357485872 0.402305804309365 -0.45845253195696
0.0415409537312193 0.044975242350812 0.792958642366081 0.23162565686963
-0.0311744819420668 0.0453379343730616 0.135410894571818 0.933709463500137
-0.0464943746720156 0.00815345882918489 -0.465823567340071 0.544512802169807
-0.0539869806471703 0.00555333102909827 0.018400397791664 0.103505012006534
-0.0197598409034073 0.0445655743366949 0.470054855725547 -0.528548467820703
0.0295020076369057 0.0237559459951133 -0.201568335432235 -0.960896044820617
0.0490270721630619 -0.0297589361625287 -0.888155892533544 -0.213942201980455
0.00549830280981149 -0.0551504847333816 -0.401497780353465 0.557361461062805
-0.0306825138159348 -0.00536592118012248 0.205677044403515 0.41138851839995
-0.0136671692309706 0.0329628865797038 0.222853054168006 -0.00397150562667316
0.0124072583390046 0.0313099897522177 -0.0266463887056858 -0.233389791934992
-0.00579383664205434 0.0154538608698658 0.0521468248203014 0.202754294991593
-0.0164680730121752 0.0108323649650354 -0.162141977705925 0.00543238585306017
0.0100986422306822 -0.0158695863039645 -0.14161531464406 -0.422917624555885
0.0568505062623536 -0.0268671157840795 0.392941262000326 -0.465367338055712
0.0483637655996423 0.0462093597284191 0.794609099447396 0.210863823809355
-0.0229691354043121 0.0476691342578212 0.151388359472615 0.924246757988304
-0.043787264376334 0.0119427961934769 -0.463586986604306 0.551072059884912
-0.0535726758763405 0.00818043738587085 0.00570869236831164 0.108561856780777
-0.0181206708285372 0.0480205144798782 0.473069639908749 -0.517194896856772
0.0354762445171056 0.0272235117606785 -0.181134772142439 -0.967974920499699
0.0551590334184272 -0.0249792866367223 -0.880883467500922 -0.238479303801825
0.00800976439596903 -0.0486214622904855 -0.412847201641179 0.552249089002324
-0.0293964628951857 0.000295640976604524 0.198056000452497 0.418460871040553
-0.0136989694293969 0.0368247519365205 0.223274164727493 0.00280441768994589
0.0120282459027503 0.0353873883333967 -0.0234835567680371 -0.232212757531256
-0.00426438464758055 0.0180949074797637 0.0506743828837353 0.204459951069084
-0.0157065959020023 0.0145906680644418 -0.164568655025814 0.0145835629340716
0.0108832848410266 -0.00937998635070572 -0.150242945255186 -0.411859688944277
0.0558525889950071 -0.0202547561756213 0.380402540396299 -0.470819997053307
0.0518306301668365 0.0481987316787903 0.799797278805391 0.185012327246755
-0.0164154944571728 0.0472757132993817 0.175509473638423 0.91617165160706
-0.0369145232501096 0.0131397072807816 -0.457996346472977 0.561365726243273
-0.0493517910070887 0.00895677192989075 -0.00619063645735874 0.114281077878146
-0.01346775775609 0.0480327952553655 0.478083902591319 -0.501922381000993
0.0387828477526866 0.0286356706967828 -0.149134529186601 -0.973940656145796
0.0578300726905279 -0.0209560038866732 -0.874324994825313 -0.269383123118813
0.00934659540921494 -0.0439429160735634 -0.428571727797933 0.545715587193571
-0.0282551365353674 0.00366715797655015 0.187723029107378 0.431178275422851
-0.0127388519679192 0.0397734655280704 0.221316403672001 0.0125493403065726
0.012361538155246 0.0372968737741034 -0.023667587572183 -0.230544669250149
0.00870144143913181 -0.00351175994761496 0.0345797966955057 0.20811050154076
-0.0105714367018476 -0.0121102947910622 -0.18280403335257 0.0168759527173355
0.00253660799813856 -0.0395111795809658 -0.165551847759606 -0.409746893226412
0.0257922399995256 -0.0361854935847703 0.38807503663356 -0.46690062730214
0.00948014812594033 0.0402793473295446 0.830149647590076 0.194384588340125
-0.0457992704766819 0.0229293983613774 0.214216037323159 0.927483139214787
-0.018964344678011 -0.0214179684202155 -0.421027603490313 0.567170833857452
-0.0123266227664506 -0.018445061178104 0.0381850450247 0.110488187493723
0.000583463149866991 0.0152815579595869 0.508037602092286 -0.520858871888757
0.0101759446816235 0.00513578508158455 -0.147132779653568 -0.976412123938586
0.0161961733207855 -0.0290850041016654 -0.871522466365721 -0.237139483285535
-0.0196421920728307 -0.0612119543169488 -0.420572156017266 0.573353009776775
-0.0353932213795588 -0.0224687997565554 0.184612997692453 0.4377271934666
-0.00335506888037742 0.0172490203688088 0.203895781478354 0.00841919462319573
0.0305282509069535 0.017870832235385 -0.0528210537204165 -0.230560151043831
0.00529167650550774 -0.00202149933602274 0.0388283380651761 0.206041063294593
-0.0120541385385881 -0.0114124298670985 -0.177920761678862 0.00757410215679736
0.00171348546541835 -0.0409883974296413 -0.154887305431842 -0.418839044636909
0.029539819352006 -0.039927784838593 0.400693864479691 -0.461320963043079
0.0129650471981203 0.0398679632899843 0.818064441616609 0.216682470430719
-0.0469388356888001 0.0260543414619922 0.183884693326358 0.936025184654733
-0.026958595161465 -0.0174947845506989 -0.434724977932669 0.555881185342996
-0.0226753511254693 -0.0144289579743778 0.0431080058366607 0.105577628508259
-0.00663713483610115 0.020413767686592 0.496065603336638 -0.531959661482631
0.0100535591846062 0.00736734010926424 -0.180287581575493 -0.970500550214295
0.0196169002397802 -0.0328230086378547 -0.880172914450889 -0.210762149870834
-0.0161567810268976 -0.0644666221136672 -0.406997829037253 0.576477101483919
-0.0337569443082397 -0.0225683503588782 0.194186991880952 0.42364086887772
-0.00453645007958767 0.0173310040103158 0.207867010240407 -0.002028502121972
0.0276878156245369 0.018062824043938 -0.0473916519971914 -0.233257544426606
0.00140072092514236 0.000597251669377677 0.0444901041440642 0.203687840003074
-0.0148574245380105 -0.00940888711501934 -0.173211195062032 0.000672130418685239
0.0028941443151338 -0.0401386856440978 -0.146329258220214 -0.429224276879255
0.0347667351229293 -0.0408941684039063 0.406620525361168 -0.459152346878642
0.018050690831532 0.0407270149748022 0.812502749740182 0.233872377531831
-0.0465743730646561 0.0306538644322863 0.157625094353035 0.93947923609759
-0.0359657522320212 -0.0111709353444781 -0.446956487341504 0.550912394590875
-0.0333548248183959 -0.0100605779133969 0.0425614417153339 0.101886719642701
-0.0128198619323215 0.0270588914368563 0.485680124588864 -0.540685688103597
0.0127192094888145 0.0104892413678424 -0.205247781499825 -0.965192683893324
0.0255279403529252 -0.0353383525147457 -0.889811727050935 -0.196505992009432
-0.0108970357727241 -0.0670147568069816 -0.397723670540763 0.575398517320117
-0.0333382060086804 -0.0200831362299693 0.202755262883323 0.413581394799345
-0.00701864402074728 0.0199801038939289 0.212723980524738 -0.00848070209465659
0.0242477941227357 0.0199651063982042 -0.0442582674383765 -0.234605438260503
-0.00229737910958592 0.00397934404324216 0.0481173048709358 0.202609954242028
-0.0168243677128377 -0.00394967755281659 -0.169098045880607 -0.00347145648980363
0.00511038294784862 -0.0360758199880547 -0.140936906592636 -0.433480384748658
0.0417756566512376 -0.0405104794150295 0.408397698368028 -0.460580941561094
0.0260710757544333 0.0415200206073386 0.804557291659739 0.238975438996222
-0.0425384128346156 0.0359462681424005 0.140352694105057 0.9447256699004
-0.0419518980491371 -0.00432927623651011 -0.455515105800589 0.545594648384541
-0.0427417598256575 -0.00434495279437713 0.0382058883535058 0.100318888722165
-0.0181385003881221 0.0328951630705281 0.476713692235383 -0.543583466056545
0.0175775634711491 0.0148097876128153 -0.218119941732776 -0.96095515645294
0.0337508675063794 -0.0359564430303693 -0.893443469445449 -0.188479811398206
-0.00622818863952954 -0.0655644429969751 -0.390971944022986 0.576332918042127
-0.0321351505114902 -0.0166002709651527 0.209969639868177 0.40881406033212
-0.00920191250917008 0.0238834301858611 0.217769096591391 -0.0120070269380441
0.0194503599330338 0.0237956838112978 -0.036764957055618 -0.23543008811964
-0.00448242038824272 0.00755161298245792 0.0520318418397821 0.202357396141099
-0.017080607699917 0.000438978457255176 -0.164429895110678 -0.00439137443058154
0.00664256227259608 -0.0303935417270789 -0.139817017350455 -0.435483520549707
0.0485222857372524 -0.0381939876695861 0.406419649200722 -0.463720642692372
0.0354602353920915 0.0433780480471903 0.799334205655596 0.237215585462928
-0.0381156868289379 0.0410921600815444 0.136403458079721 0.942602685704431
-0.0456071128510982 0.00266898953904618 -0.462738132642658 0.547515765662165
-0.0503166969676735 0.00169269594708072 0.0297361768840228 0.100337686172386
-0.0200380006122429 0.0399543190951612 0.468918605155142 -0.541399276610906
0.0238536623818358 0.0193947242246892 -0.224361526578035 -0.962587516747135
0.0415872997816817 -0.0333811551596569 -0.897209024279917 -0.192005202115952
-0.000445614621490929 -0.0615941453201273 -0.391451496610772 0.57264086711494
-0.0315171054952032 -0.0106514960104027 0.212228659476708 0.407104980381562
-0.011325185973355 0.0283064985976269 0.221945868230876 -0.0116211103134883
0.0161746340049479 0.0279490280528038 -0.0321531059618641 -0.235974239971311
-0.00626941834220114 0.0116464565916436 0.0544842249490648 0.202310888479814
-0.0168182518322671 0.00552515563664232 -0.163004023182158 0.000985006813904282
0.00890641431523886 -0.0230066548831644 -0.142491074711052 -0.430684909401795
0.0535455138758798 -0.0332309969800808 0.400690268978211 -0.467561760708406
0.0427188931317265 0.0449132014501693 0.800028746389087 0.224712202442792
-0.0313397000751284 0.0453943473100149 0.143963796842036 0.940276498077957
-0.0461511393766511 0.00799737641620604 -0.464422738641331 0.551501018928345
-0.0532162964958159 0.00570757435843206 0.0187252259357256 0.103392551253719
-0.019890630882836 0.045134564006559 0.4692273504463 -0.5362054993854
0.0290956740712358 0.023502400573149 -0.212507706544447 -0.96582773831972
0.0495390155241189 -0.0310476725235055 -0.895369407495652 -0.207520991223366
0.00360265264229736 -0.0547842396364285 -0.397832154176276 0.565427533990575
-0.0304232889444878 -0.00420969158324801 0.210491561791237 0.411025821277657
-0.01322584766909 0.0333763569009509 0.22423220150126 -0.00694699290722643
0.0141528252773422 0.0310373732332658 -0.0289212353113226 -0.234824502472403
-0.00624921695488684 0.0165024633548142 0.0546072670059656 0.202283023279969
-0.0160943262836837 0.0109116690312597 -0.162326210867375 0.00681757864020523
0.0101506446055864 -0.0161439189804045 -0.148124139967062 -0.422872223331331
0.0566093736884448 -0.0281873133080598 0.390376179453863 -0.474290661518023
0.0498778170423269 0.0460896934216147 0.803241627142914 0.205112714370662
-0.0229478926131495 0.0485141674550085 0.159701833820306 0.930494097523728
-0.0435319415719036 0.0121031888785891 -0.461698971211636 0.55950279400254
-0.0531265398544393 0.0084822430457923 0.00739195028762953 0.107832742939743
-0.0175987889815985 0.0476898363461897 0.470276939430344 -0.523495812001721
0.0359909774341706 0.0281371223450013 -0.189640095721712 -0.972573135596519
0.0545172883205311 -0.0258501984314205 -0.888515415354217 -0.231359696802583
0.00721842334711801 -0.0493727202798074 -0.410112498842913 0.561256361167451
-0.0300662275405808 0.00145893654031541 0.204455914445236 0.420098051769772
-0.0129711682400554 0.037595732715429 0.224179835313926 0.000662225621278251
0.0134764011922596 0.0350678907747801 -0.0252027074719992 -0.233496881611468
-0.00516447395171826 0.017910558504225 0.0529290315907068 0.204245073660204
-0.015381249634561 0.0142547197070911 -0.165101019234536 0.0157268838222084
0.0105931987162673 -0.00966077771721856 -0.154416780335607 -0.413405367839272
0.0554136574506833 -0.0215653160616393 0.378325563467151 -0.479236169935228
0.0543326544474442 0.0485594541578481 0.805703943881142 0.178289363821539
-0.016726751658283 0.0487127018489161 0.185128093551986 0.920604014187095
-0.0373648205377648 0.0139759828251436 -0.453865247514875 0.568958457055169
-0.0485170724198197 0.0097252052044765 -0.00469766832148774 0.114035343978027
-0.01332080114338 0.0482710784666483 0.476464268446511 -0.507448869438128
0.0392199168473285 0.0285262868031802 -0.156896882505941 -0.980642053256467
0.0579239897642105 -0.021450694267073 -0.88456992181738 -0.261893680447466
0.00945316656686556 -0.0436264592771172 -0.425941769137109 0.553819394327243
-0.0283885988937385 0.00490550489205719 0.193917379684096 0.432222044363468
-0.0125223164185931 0.0396695850556142 0.223440364927375 0.0107269572439368
0.0133066977848594 0.0356758862191262 -0.0259469485341077 -0.231228353053239
0.00721711433408698 -0.00370953795489052 0.0375721469421294 0.208587561523415
-0.00920222771877437 -0.011104810838725 -0.183411405906239 0.0184442845794767
0.00207556144957749 -0.0397881210868325 -0.172748220584907 -0.410659266374572
0.0244326997159336 -0.0368598496309218 0.383308720214398 -0.475170702959886
0.0106209388076882 0.0409898588807252 0.836916135279665 0.186486126977377
-0.0465140673797051 0.0237783107984957 0.226560214077336 0.931914203773162
-0.0200572764826629 -0.0229472207588838 -0.41924139893039 0.576229277740569
-0.011693703438944 -0.017126812742948 0.0400746952207572 0.110581173696026
0.000879234593390371 0.0152602394200966 0.505770844986558 -0.529234617922161
0.0102424760804764 0.00485635751961153 -0.159655346385648 -0.979634159859781
0.0153428102972997 -0.0297600224253478 -0.880460489577838 -0.227177785188307
-0.0209399423127809 -0.0612957127769001 -0.415299188688057 0.581348064803471
-0.0355256430569451 -0.0218965645593635 0.191965631749157 0.436979029233806
-0.00261501481002934 0.0166855135550993 0.205214632862701 0.00611980559516384
0.0307809955709664 0.0163501469315885 -0.0548838137265146 -0.230726749808936
0.00420666941909287 -0.00238232209606785 0.0409589125550615 0.206526403805582
-0.0129811413925136 -0.0115153906419514 -0.178988337315694 0.0106551889716415
0.00202121407298401 -0.0413889068749083 -0.161556512114357 -0.421390702540174
0.0289374705510726 -0.040832904480914 0.395020823220934 -0.471273752842157
0.0140104270821293 0.0400732056910029 0.824287662431561 0.208858041773026
-0.0476834574390978 0.0266716897379253 0.195006611765273 0.939610941290097
-0.0280220203517724 -0.0178218979387815 -0.431135946283127 0.564206966354563
-0.0236393775627158 -0.0133687254979895 0.0451733503638505 0.104767621808137
-0.00697959968332749 0.0199915590950391 0.493701627677489 -0.539999139240152
0.0102740831683181 0.00754874491572699 -0.190619506591024 -0.971895189421601
0.0191677968987153 -0.0331120390083211 -0.88785773960324 -0.202944080184504
-0.0172522527282644 -0.0658805363244778 -0.402638962429345 0.584119336320668
-0.0344701158113126 -0.0227491641557633 0.200835852424038 0.424500209785135
-0.00390928714895825 0.0173031296930989 0.209421072944702 -0.00363482971116078
0.0287276522922137 0.0174198609570619 -0.0501313059552013 -0.233556141851435
0.00110253382536967 -0.00028005161794701 0.0466043992430102 0.203908662211966
-0.0147291154819135 -0.00809112671096343 -0.174171007242217 0.00293885118356057
0.00161532746469271 -0.040476848545197 -0.153854446144953 -0.430293123409999
0.0352257276088856 -0.0416692818702742 0.403451775246304 -0.4676523185989
0.019286445512901 0.0406453148629019 0.81881141868369 0.225407269495036
-0.0468387225667439 0.0313914943814209 0.171715160098501 0.945776739981204
-0.0358309437982245 -0.0107676652537889 -0.442701618695009 0.558767103853638
-0.0335730210551225 -0.00895997276754658 0.0438333362659393 0.101282318394618
-0.0131850139800531 0.0270222512658207 0.481937697010157 -0.548731853663136
0.0128993242536417 0.0104622946826913 -0.216819150827939 -0.967964140277107
0.0253877638831012 -0.0357388360098865 -0.89547032791038 -0.186601070656454
-0.0121660812618524 -0.0672052971682829 -0.392152075781778 0.584609096577994
-0.0330833798205462 -0.0204033286648796 0.209344521050196 0.414385997254574
-0.0061000320481382 0.0199476838108065 0.213733628696039 -0.0109577961948769
0.0245972902026497 0.0190180658685974 -0.0475146086163621 -0.235344185076632
-0.0024402709142231 0.00331501280332916 0.0513590529368156 0.202250009494346
-0.0169413793332283 -0.00395266951887234 -0.169360370748646 -0.000790511295280264
0.00342746530554158 -0.035761392392342 -0.147878046546225 -0.436223073228712
0.0415064567369436 -0.0415723295745808 0.405080902735659 -0.470002742822478
0.0275801132478511 0.0416075684162832 0.810770915141068 0.231785918187187
-0.0430005560702271 0.0365757369417275 0.154906954066911 0.948824493250655
-0.0423972294042482 -0.00490574620357867 -0.453651398795131 0.553643216951163
-0.0429626266437466 -0.0029600424140176 0.0392028829632657 0.0998640469264145
-0.0178175276309508 0.0328000670294507 0.472131461132222 -0.549220644283538
0.0174589711148909 0.0138062835065607 -0.229652869301218 -0.963476190603306
0.0330011312118465 -0.0362682955359829 -0.90138931199741 -0.178416516019762
-0.00641812309052413 -0.0654254541417456 -0.388548922260367 0.583785483812255
-0.0322508898096014 -0.0161462598060741 0.217142341782903 0.407572189378342
-0.00894419809227952 0.0239639718815305 0.220131387605271 -0.0149687815645357
0.0207718276886032 0.0226720608145469 -0.0393867739483925 -0.23552335219226
-0.00551680051839756 0.00807769769184339 0.0546039442320806 0.201621384764369
-0.0168556977528521 0.00203981734899291 -0.165167960132038 -0.00102175651097341
0.00557916476758732 -0.0306971873268576 -0.145883171584496 -0.436886962042008
0.0473899754037284 -0.0392890228115922 0.403069342133433 -0.471042164847204
0.0366657745517523 0.0433258760267118 0.80800437442212 0.22927798628088
-0.0383349940013149 0.0416235588444106 0.146782792503055 0.947869675640866
-0.0462815053103657 0.00298429537229901 -0.459965782124327 0.553531684828352
-0.0498664111384717 0.00152822783981958 0.0312081222716826 0.100395991080578
-0.0200133630008849 0.0400279788784005 0.465722053447642 -0.548702101478416
0.022844503620762 0.0192460585513446 -0.234211934845909 -0.964763875610145
0.0420326983295607 -0.0346039745965746 -0.904227207453793 -0.183126821806112
-0.00168599046902527 -0.0616100657453659 -0.387805200910164 0.580339768104623
-0.0315107048224201 -0.00957986638131312 0.219628508470381 0.407507241783171
-0.0101448799792392 0.0279606237702672 0.223120686471283 -0.0139315349438116
0.0175444475774537 0.0266803386414118 -0.0347896155341613 -0.236346336212159
-0.00637317862909657 0.0121878842986897 0.0566654470758437 0.201692634297797
-0.0168658021521079 0.00671048448189803 -0.162983616907693 0.00190960192795874
0.00833467336261704 -0.0238539071660872 -0.148908858676609 -0.432842407649112
0.0540179675306554 -0.0347065380263103 0.395314380336564 -0.476181964162741
0.0452752678697532 0.0442712678011983 0.80596097037483 0.217861285753652
-0.0306163090152716 0.0456492525974565 0.154913348925607 0.94512756796523
-0.0466058652490895 0.00812237925345843 -0.461942081867333 0.558242779296921
-0.0548512310385547 0.00683262012667437 0.0208588737056162 0.103590134138977
-0.0192620005575101 0.0452974532797205 0.465276995435932 -0.542995087935992
0.0302464544781547 0.0242083822334374 -0.223398027347364 -0.968983063190882
0.0491785812767186 -0.0313095689437464 -0.903282106109855 -0.200127108179106
0.00381080369325909 -0.0562050750865803 -0.392669873990773 0.57392001951307
-0.0309660914622753 -0.00367633120371358 0.217875830675247 0.411428570760408
-0.0117669809443804 0.0335531622153066 0.22706911385459 -0.0101131033358408
0.0148163269953529 0.030827888580274 -0.0318281474995691 -0.236258816970003
-0.00670235403818721 0.0156139290053972 0.0568793138081114 0.202899348933657
-0.0168456748540369 0.0117877751739789 -0.163313870677479 0.00851118960255293
0.00960443450445843 -0.0160433906030176 -0.154450781818793 -0.424594907634117
0.0546998161140259 -0.0287946240843046 0.386192997492476 -0.482820066292921
0.0521659506028471 0.0458985574385467 0.809088208085255 0.19657541115771
-0.0232475307461311 0.048738729091991 0.170929436578522 0.934745738137068
-0.0436710089813963 0.0128316745076583 -0.459326146235374 0.565730055273955
-0.0535163037035338 0.00979048426083046 0.0086418217303968 0.107972166288896
-0.0179226802922994 0.0475474833803696 0.468144868444019 -0.530677465235389
0.0357174452639195 0.0273013011900583 -0.201050067196856 -0.977263011371842
0.0544396617278046 -0.0266137777092185 -0.897583212246277 -0.222322736374511
0.00707505206958778 -0.049383997774516 -0.404333821884856 0.570162462016636
-0.0296005366197763 0.00152855822710108 0.211171537611898 0.420313191712573
-0.0120762360281273 0.0374938929302133 0.226895317556206 -0.00195840468314681
0.0144312206852082 0.0339890462970102 -0.0290194663360529 -0.234662824255154
-0.00550102909198311 0.017220843762606 0.0558265963485334 0.205345509697433
-0.014576653994011 0.0162314156189683 -0.164189870106741 0.0178182323911912
0.00963740806193362 -0.00984860016102546 -0.163099706285935 -0.414839321151612
0.0560737241684416 -0.0227113677191923 0.375451084294565 -0.489611115541355
0.0552170883164975 0.0484972363693348 0.812288740364206 0.169903106542105
-0.0166926155238103 0.0483634337636644 0.197685172437932 0.926189501543186
-0.0371490331723816 0.0138349585575481 -0.449063932068758 0.576467503080354
-0.0484985893205859 0.01041578654442 -0.0023829463662056 0.114418377622171
-0.0124409498414907 0.047708899551757 0.472401943324518 -0.515516242479005
0.0393425773963734 0.0292282735656337 -0.168544444605134 -0.984869540835971
0.0576210876730281 -0.0221944087233033 -0.892045621893799 -0.254290054302921
0.00854510543792429 -0.0440956273139075 -0.421530115643488 0.561164781481041
-0.0285656745940026 0.00494510406365595 0.201545922362066 0.432405930236097
-0.0103247766181032 0.0395770939750239 0.225833601528024 0.00799114752565408
0.0135086892129562 0.0363549514670893 -0.0284417301084684 -0.232846967327502
0.00779628908826251 -0.00416141408754787 0.0406636792407159 0.208107287329505
-0.01040697677655 -0.0101975094990774 -0.183323729695538 0.0215251913537668
0.00114173872379726 -0.0406724947528367 -0.17875817652868 -0.41059154184678
0.0239868429366179 -0.038041251142625 0.379066923676487 -0.484060569665292
0.011344398302031 0.0415791348155737 0.841441201250441 0.173454378906663
-0.0454947910413547 0.0235944811879699 0.240834066160072 0.935019262710046
-0.0199243201923097 -0.0224058095224812 -0.412501969610189 0.58287956877667
-0.012654958126303 -0.0174202473591132 0.0426751944053198 0.110551967582696
0.000960426332787704 0.0142789847369751 0.500656737971094 -0.537322326484071
0.00996916743026478 0.00483515344673541 -0.174196858931482 -0.983915057168683
0.0147133841774557 -0.0299780071241997 -0.88875044153926 -0.217315400233007
-0.02086840741804 -0.0607095576850208 -0.409250811588764 0.589908622264967
-0.0355880956949745 -0.0213851870410246 0.199840217480256 0.437658270743215
-0.000878910787212547 0.017148806715865 0.206762262161929 0.00236176514855517
0.0318806407610247 0.0166838761354112 -0.0579090132738353 -0.230962649555212
0.00348832649500044 -0.00316766122932042 0.0446453782036509 0.206595601019759
-0.0124038001374689 -0.0105195012824465 -0.178561149721826 0.0119278914468151
0.000732930061968985 -0.0415601556634979 -0.168319500306233 -0.42136399037582
0.0288313271974675 -0.041425453616186 0.389736955916419 -0.480419371091014
0.0147325644937091 0.0398570369212002 0.833008067038842 0.198302906716936
-0.0482910094159871 0.0274679178245609 0.207665289073409 0.943952306638493
-0.0286167893986113 -0.0175738010716757 -0.425832981640297 0.574062519704818
-0.0232300523987475 -0.0134407369777965 0.0468047100704948 0.104703411399134
-0.00604039054052837 0.0197829024808047 0.489520434371897 -0.550348958269694
0.00977499148978677 0.00701041546891537 -0.205240240402454 -0.97577923396549
0.0187765119230245 -0.0334278580382649 -0.893606627654629 -0.193078409256773
-0.0176869961981634 -0.0653285572942592 -0.396713703266398 0.591545983194644
-0.0348470768567753 -0.0216420072968377 0.209883473340039 0.423797726142444
-0.00356013995845423 0.0167049908440776 0.211536889801412 -0.00672051277085874
0.0293230774200269 0.0168334002554105 -0.0543657695199041 -0.233454756829785
0.000547313918229174 -0.000660817034130809 0.0496807336122208 0.203258036625919
-0.0150685512208115 -0.00804775640059626 -0.174487198377834 0.00510288715352384
0.000980115076827531 -0.0402727719157963 -0.161071983661424 -0.431202422403407
0.0336032504712748 -0.0428719176049731 0.398530830728118 -0.477114138121516
0.0205911895855877 0.0407241980334704 0.826687666621893 0.214961019302504
-0.0469954102780615 0.0318825663170784 0.184745107764292 0.949901671568596
-0.0364059001621042 -0.0115264011097614 -0.436903686144987 0.567214573042768
-0.0330898171974621 -0.00808088982038278 0.0462111280495214 0.100772070289894
-0.0127934710557106 0.0264969716979453 0.478048567899646 -0.555908267640951
0.0124726911806876 0.0106928730749556 -0.230494988203783 -0.970358278251749
0.0248595618796795 -0.0360745445747835 -0.904087597906229 -0.174472610046403
-0.0127393300969025 -0.0663891680683786 -0.385575310864544 0.592425429780178
-0.0334960320891464 -0.0207321430000145 0.216442678896345 0.414085811013632
-0.00502646418826832 0.0193369805443487 0.215883947520102 -0.0138986654652181
0.0259757294807861 0.0181366795995405 -0.0504010132164509 -0.236033953954444
-0.00325619846644977 0.00336789110474454 0.0544200835241182 0.202452311703964
-0.0165872682408736 -0.00336367946434934 -0.16968866628368 0.000749228229045488
0.00261066648837316 -0.0362154143798438 -0.155557944290705 -0.436722823984515
0.0406110047186334 -0.0419760603112293 0.39868190759008 -0.478751275156472
0.0298632084781751 0.0423335969345501 0.816894197731089 0.221719363443101
-0.0437760515218434 0.0367900276387877 0.167394468254359 0.953587004444032
-0.0426417239638131 -0.00360050362205503 -0.448648764382019 0.56278483862789
-0.0427719633602134 -0.00351015038257262 0.040831763654212 0.0992775549186446
-0.0178612089132528 0.0328845097171297 0.46816700271449 -0.557669783767602
0.017638746880564 0.0141247475628888 -0.242139210593184 -0.966702676675146
0.0332577771133553 -0.0370002674269326 -0.908985777973802 -0.168045385343328
-0.00787441053400771 -0.065492065700523 -0.380272168004082 0.592735523697475
-0.0323381613619875 -0.0154114373926088 0.224269601621346 0.40839004320364
-0.00716992794157102 0.0237251579955301 0.220445918208301 -0.0175007528673735
0.0218154752615849 0.022115003625698 -0.0431830813859251 -0.235874415579776
-0.00609409730685974 0.00745950657301854 0.0585744552456792 0.201767055529121
-0.0172650727178101 0.00124265527213126 -0.166105784880638 0.000146338990457184
0.00496053011988492 -0.0303684190882104 -0.152872979662893 -0.437019153042492
0.0471959033356425 -0.0400810745383672 0.39757393188999 -0.4811059968777
0.0382541279499648 0.0437626682674334 0.814907797740634 0.218772598365207
-0.0379677057340419 0.0414905269466455 0.159996949918453 0.951777884640892
-0.0470246559509406 0.00302391928707347 -0.454312465322496 0.563573556698237
-0.0498723092619001 0.00259845388031452 0.0332133055577366 0.0997427679075449
-0.0194839026748984 0.0400375427611817 0.461476611082492 -0.556694837532455
0.024373102701401 0.0187673774434199 -0.249160659947371 -0.967884351208767
0.0419928587772103 -0.0356712247019794 -0.911855158670483 -0.171973395774271
-0.00188457472415385 -0.0616990519000779 -0.378755366812872 0.588274578601755
-0.0316753354523542 -0.00982660834553538 0.228161067756135 0.405740528510401
-0.00844129664005873 0.0291089683243513 0.224157284885716 -0.0176965555076042
0.0183074734868601 0.02653338762955 -0.0381518744477347 -0.237629703994314
-0.00749319554116986 0.0114908083604285 0.0608152429373532 0.202156291541601
-0.0165665591902915 0.00715500820790639 -0.163813182606749 0.00420372961757181
0.00675374346456984 -0.0239055559412905 -0.156441389789885 -0.433702090971173
0.0517966073398209 -0.0365894901133827 0.391567801234239 -0.485254947777222
0.0473120164245987 0.0444858385969131 0.813070752109727 0.206217392811846
-0.0312846884142292 0.0458330148839441 0.167833343694176 0.948572049199805
-0.0470090164667633 0.00869262233575881 -0.456319723523834 0.568200802240425
-0.0543627285764834 0.00768330003082014 0.0215434395644412 0.103350906454326
-0.0185336539395309 0.0443212784509344 0.460886760557355 -0.551282560271356
0.0303854213876912 0.0232365443116529 -0.236385195636601 -0.971175852298483
0.0487112069381854 -0.0325591050844852 -0.910939291137514 -0.189967241458355
0.00266282063319019 -0.0561157292458908 -0.387126753565965 0.582909372396639
-0.0309920158777608 -0.00382568174238069 0.224006690207355 0.410321509912086
-0.0101901545161518 0.032596556306892 0.227053091698722 -0.0134505092451024
0.0152811302846638 0.03044562827167 -0.0343498839827445 -0.236928190716929
-0.00715184202751858 0.0159420973821713 0.0612334470272438 0.202596805841938
-0.0161489941045043 0.0118529171222026 -0.163442156556069 0.0107538874404089
0.00857760672268104 -0.0162167642740997 -0.161730308660853 -0.425692446085574
0.0552790320362447 -0.030801959280242 0.380649067610974 -0.492326367214087
0.0540062983307951 0.0462315238299175 0.813707104679348 0.185679594170639
-0.0222439434739459 0.0489022960465172 0.184208434338589 0.940406254213324
-0.0444771866687117 0.0133839685428024 -0.452502755233786 0.575522307593995
-0.0537157804445493 0.0107895681552754 0.0107648038741122 0.108621363457272
-0.0165273865789892 0.0476536240855275 0.463033965485213 -0.539219309580302
0.0359690066199673 0.0275337937890477 -0.215101138943116 -0.978450718724643
0.0543628466047637 -0.0275764271600676 -0.905991246998343 -0.21232581465921
0.00577498879096369 -0.0500405047681894 -0.397488395500457 0.578877962733221
-0.0295286228548526 0.00155062476961538 0.219342208107316 0.419560567846207
-0.0108106276535841 0.0369068782850829 0.227821001982297 -0.00487338148750124
0.0146295170987074 0.0340341690061136 -0.0318412095359888 -0.23553979346537
-0.00554092817228736 0.0170108386980591 0.0584658581175972 0.204005847578882
-0.0147064685606074 0.0162477094947787 -0.165412326737555 0.0203116628314294
0.00928691045877576 -0.00974051134422213 -0.170968986177796 -0.414462185476368
0.0553847775879083 -0.0239711275149408 0.370269290412839 -0.497778930655704
0.0568122494928484 0.0464208614828679 0.816699112932888 0.161146908417387
-0.0163468857035856 0.0496273174073108 0.211160164662999 0.931949634358082
-0.037277804148854 0.0137229447740746 -0.444991525931553 0.584703867394674
-0.0485920273490133 0.0108006476010354 -0.00127141654296953 0.113568563082461
-0.0127900256113542 0.0478143887730787 0.469499991108378 -0.52298043123531
0.0399718052074834 0.0283848129919727 -0.183590380192597 -0.98722053626846
0.0582520652990457 -0.0230522469489413 -0.900092556458926 -0.24372579744662
0.00804894459900175 -0.0439977301659033 -0.415440196587794 0.570172721432085
-0.0283808051867149 0.00529906756074391 0.208904261450092 0.432752397385797
-0.0098530049208608 0.0400641947403217 0.227152721329158 0.00500493087925927
0.0155064324611033 0.0358321353551318 -0.0310343400427993 -0.2344089083704
0.00623794339279073 -0.00459858412334644 0.0436586489903441 0.207890284962237
-0.00968688925463787 -0.0105437198152614 -0.183911063768894 0.0241044185152224
1.51445740910056E-05 -0.039839803571529 -0.186398136432007 -0.409901774359339
0.0228935564793888 -0.0377698505776263 0.372966938140754 -0.49330017431835
0.0128042895316599 0.040940564794383 0.846521414590924 0.161992431947204
-0.046201685691283 0.0246111478998692 0.25327822113144 0.936095452638815
-0.0207681195490618 -0.0224565191039675 -0.405231136974786 0.591310293729397
-0.0128234802199622 -0.0171099828936936 0.0447962377311795 0.109189043699444
0.000629835380738549 0.0140032016297865 0.495538030969936 -0.545233832315977
0.00911793269959935 0.00444908230264052 -0.187492529612607 -0.985156634229552
0.015200104062338 -0.0305700517421758 -0.895158713842546 -0.206574706471132
-0.0225093005794663 -0.060520760335451 -0.400785123851944 0.598188596455833
-0.0361472259911617 -0.0212067463291272 0.207529961312485 0.435342120986415
-0.00155931623367415 0.0156892175090675 0.207475267438288 0.000740537063457603
0.0326679388119659 0.0151332969562892 -0.0621668904143141 -0.23101672204451
0.00346990820190353 -0.00265424992424045 0.0479553881198094 0.205364231751251
-0.0130379360734523 -0.0102712805391398 -0.179261030597199 0.0144518099489954
-0.000227025392080256 -0.0411855305851108 -0.176886461225298 -0.421568926032707
0.0271209338266263 -0.0415852582467542 0.384451902897202 -0.489429381794365
0.0170975767107504 0.0405972513772218 0.837310596410815 0.184489932759235
-0.0476205676316037 0.0271237490702063 0.22271784202836 0.945565271491698
-0.0285777345376315 -0.0177143064582973 -0.419150765103547 0.58055735437134
-0.0230178558543555 -0.0124613217696839 0.0487671522323979 0.103579554662461
-0.00634485158362334 0.0201732150996037 0.482650397774574 -0.557043437667199
0.0103597950989602 0.00651318181761492 -0.219565308704325 -0.977313359403354
0.0187610744589947 -0.034373931466811 -0.902406263203431 -0.179683639908939
-0.0188457145305502 -0.065275624940475 -0.389455906915987 0.60079550269521
-0.0353408551562122 -0.0211885501471543 0.217256589330607 0.423531865799732
-0.00180384878260772 0.0172423317583325 0.211673799351416 -0.0100681259394146
0.0298750701773554 0.016378848525184 -0.0568699088297356 -0.233647785085002
-0.000494543283187156 -0.00136636955811715 0.0544645324219223 0.203937693304197
-0.0157979195340768 -0.00684785056407586 -0.174288428131 0.00751886230987336
0.000369733228665545 -0.040370344327699 -0.168060614809596 -0.430722020615277
0.032794808879405 -0.0438954673043105 0.390248846766018 -0.487660045505558
0.0224844685834592 0.0407707948405341 0.830671033625626 0.202298809329367
-0.046927007841443 0.0319481460078325 0.197835621354396 0.952550412757872
-0.0369676568685696 -0.0109404780287992 -0.430692161575331 0.574483442544629
-0.0330805499205352 -0.00802063973741725 0.047536537087646 0.100268447392548
-0.0129033119245686 0.0267241603526992 0.471868864631036 -0.564482533450374
0.0127886450892743 0.00997414158848337 -0.245645036944998 -0.970671365216656
0.0250709285941138 -0.0370760089737468 -0.910190222069737 -0.162765106561593
-0.0140659516820304 -0.0666214691077334 -0.378340325019075 0.599795128052327
-0.0345040176530169 -0.0203529138765143 0.224954855054966 0.413509268252341
-0.00445753880441819 0.0199693351358846 0.217727139133013 -0.0167919841386183
0.0261390501988765 0.0171022965225089 -0.0543619783122211 -0.235316820308103
-0.00368148546644748 0.00393816367626679 0.0588074171536061 0.20210845722451
-0.0169297735771038 -0.00320263512514759 -0.169594578905232 0.00314528394956181
0.00225393616386084 -0.0359571627156979 -0.162640983640265 -0.435524754154058
0.0395387962470785 -0.0434030247456753 0.392696592923681 -0.489359488368174
0.0307116603395488 0.0419502469489781 0.823161679683122 0.211194075314003
-0.0440082361645231 0.0372583517445896 0.180643249092966 0.956943898661441
-0.0428773111996541 -0.00415903944752733 -0.442214982848192 0.57040562803382
-0.042905476524751 -0.00165526111296438 0.0432794314297632 0.0980429384480907
-0.0171644444646914 0.0330706596142056 0.461229549474858 -0.567451541770929
0.0176235598701986 0.0140066694137661 -0.259071752565352 -0.964874788210251
0.0330283376029109 -0.0378107334292062 -0.913438690404575 -0.156124921022481
-0.0084235045263835 -0.0659848603974456 -0.373153103617284 0.601140068119378
-0.0324030013017363 -0.01505449985748 0.232096177184028 0.406413448034429
-0.00693360668212629 0.0239607709062706 0.221570001489526 -0.0208763281393888
0.0229329642522795 0.0211272692790717 -0.0470144761165746 -0.237143530433082
-0.00547162992964772 0.00772100191899481 0.060646515570278 0.201210388119899
-0.0174856369326463 0.00260289487910716 -0.167646683201576 0.0029708199438001
0.00405610586621166 -0.0304658873030203 -0.162160953956602 -0.436619441914238
0.0462448432469623 -0.0411833365795886 0.391683224948205 -0.490031807145231
0.0398526412909758 0.0420361566419232 0.818866989421 0.209145232023621
-0.0381777483254978 0.0430235990084307 0.174817372807616 0.955349282895009
-0.0476666890507814 0.00304475736019193 -0.449993700948292 0.57111746195104
-0.0502515408333006 0.00326181880575897 0.0350442086850847 0.0999862816302341
-0.0193785832750798 0.0402850016657661 0.456537303055102 -0.565857960245266
0.0242715742962662 0.0185274303924348 -0.26347497549566 -0.968280519246865
0.0412536467261644 -0.0363926936568662 -0.916895042948255 -0.160629429241546
-0.00237907759409809 -0.0619322045525669 -0.371541294745055 0.596384465182778
-0.032093582489355 -0.00863142210687649 0.234815577923803 0.405072476181489
-0.00832014601432978 0.0284018842793396 0.225623421259735 -0.0202704565590356
0.0192000723388332 0.0255262572596369 -0.0418826193951554 -0.237200669628624
-0.00761257168595833 0.0123049224491216 0.0645617451508412 0.200747736974855
-0.0163776030671741 0.00788621642880891 -0.164544894916675 0.00588987803221252
0.00581719178640039 -0.0233589655722984 -0.163406472602288 -0.433672521982774
0.0517564923976848 -0.0367652601957816 0.384530672397253 -0.496055678993968
0.0490751554479746 0.0438332246023466 0.817360384576824 0.195525626011083
-0.031306954670724 0.0462778275348634 0.183688320557715 0.952605243173977
-0.0483492469802366 0.00947983698501493 -0.447404078894101 0.576183313423867
-0.0536818948701493 0.00869407927503294 0.0244207732776932 0.103516864237321
-0.0186923345176758 0.0453837687992941 0.454620796467371 -0.559478191650989
0.0300708536388781 0.0220887808665563 -0.251126939275575 -0.971372497905
0.0495284809511509 -0.0326997975733151 -0.917968300294723 -0.176094834214278
0.00151158367487397 -0.0562429453028592 -0.37831796324679 0.591315332753044
-0.0308731151077123 -0.00337415580982416 0.232649285347575 0.409188895903327
-0.00947192561162516 0.0340910242612759 0.228139718041148 -0.0164380112420155
0.0163585912888523 0.0296976189723532 -0.0379085608230152 -0.237611622619192
-0.00759494147237551 0.0157808732029127 0.0638607960411867 0.201781892298847
-0.0159716239524221 0.0127656283815175 -0.164044899212539 0.0136042548334428
0.00780338130614199 -0.0160216039717824 -0.16986144805155 -0.426002852935122
0.0536351279815441 -0.0319652420708148 0.375169927478781 -0.501232090454802
0.0556933674793374 0.0458606761468197 0.819964888259611 0.174382413295129
-0.0231991477437127 0.0492093813774485 0.197771171324161 0.941178872183404
-0.0441753095444565 0.0130449323103398 -0.446642307273057 0.583195294459478
-0.0534419595475158 0.0111998771389055 0.0120152430962629 0.107847794498098
-0.0168369262001565 0.0483432075426107 0.458934230161079 -0.546008078643988
0.0368902963512179 0.0266781628594125 -0.229502316759554 -0.979585783395569
0.0548299209086425 -0.0285637861910512 -0.912900441052871 -0.198999600700073
0.00475704897637836 -0.050090455641604 -0.390178037929836 0.584377272850643
-0.0296597294153544 0.00269442543166146 0.227354817121708 0.417917603922545
-0.00939864988296741 0.0373790175824141 0.227759693720689 -0.0082571423655968
0.0155399032224654 0.0327297705483004 -0.0353348712393007 -0.235270292833976
-0.00619330567929074 0.0173612375994227 0.0622299830481454 0.204107081516595
-0.0147117204345829 0.0164340478996847 -0.165077925889504 0.0226721784477475
0.00878658188997837 -0.00988571084330288 -0.177833540379292 -0.413361609064538
0.0546088308200607 -0.0249427432890331 0.362432912681689 -0.506843319593261
0.0591218173047119 0.0470222262853323 0.823515156527882 0.147072284476447
-0.016044310949188 0.0495578660133083 0.225742048388813 0.932443893138058
-0.0380050714689059 0.0140509703982242 -0.437510914701179 0.594173953519653
-0.0484088929356522 0.0121276917827971 0.000603958401675963 0.114446590824892
-0.012043109186083 0.0476624113042698 0.464294781620161 -0.53105016936995
0.0401594828967222 0.0281221330088807 -0.199080424240936 -0.989708108404392
0.0580046538879424 -0.0238050068217939 -0.907324180401658 -0.23253416850319
0.00762852982835079 -0.0437725342847656 -0.406401222233334 0.578658886617345
-0.0286212112585274 0.00667322134205799 0.217456043576767 0.430760274261888
-0.00816441146014144 0.0395397122007551 0.227936807085171 0.00217947464501524
0.0161285381991665 0.035163922596512 -0.0358281974042018 -0.233379487277337
0.00618027655372754 -0.00531102111943913 0.048021036993224 0.207764242024903
-0.0100427373201289 -0.0103301335256446 -0.183152665855713 0.0267446062608598
-0.0011486487954493 -0.0403030282087799 -0.195691525986696 -0.408495348959088
0.02221885660241 -0.0391442133700586 0.363783330683509 -0.502317315981502
0.0151545479799142 0.040695538878046 0.850137717462837 0.147873581312558
-0.0463972220236439 0.025624357094403 0.268474925505284 0.935638173146949
-0.020801394739576 -0.0228394869854153 -0.398256918240743 0.597084379985884
-0.01260690760542 -0.0176650537707318 0.046659490231193 0.108118810250731
0.00196399891988374 0.0136337883424097 0.486734986382249 -0.552814017440988
0.0096688384023044 0.0039386482131903 -0.204807168581822 -0.982408852667243
0.0144450180054764 -0.030661604919347 -0.897989009594357 -0.191492200887305
-0.0228331484670937 -0.0600039715480103 -0.391952950712842 0.605689700334283
-0.0363902829917954 -0.0206615208961559 0.216509397767612 0.43243202432779
0.000494591817926391 0.0162060545617249 0.208360001469877 -0.0038182913156084
0.0340198013987133 0.0140234223245772 -0.0653285283801127 -0.229744904499859
0.00266561969651939 -0.00399752862751969 0.0512719389756282 0.205531287235618
-0.0134481342833713 -0.00902966920185777 -0.17925344371903 0.0176161473528929
-0.00192399232420207 -0.0411963446823953 -0.184687580642053 -0.418888481165928
0.0268501478631236 -0.0429797819992731 0.374854284371955 -0.497772031782809
0.018944767375721 0.0409090488970478 0.841154153220309 0.172246712538158
-0.047327116280966 0.0283181516417088 0.237499814567609 0.944767731145345
-0.0295137860540338 -0.0176272302865151 -0.411265056567955 0.586886300219905
-0.0229439273155721 -0.0129549937693194 0.0509080425859335 0.102797031645344
-0.00591062061847886 0.0196883906998635 0.476007432759643 -0.563037527454995
0.0097809729983586 0.00656218518174906 -0.23469532865495 -0.97396788887203
0.0177031510722029 -0.0347648664604858 -0.905144449816473 -0.166852120271702
-0.0201085527367363 -0.064370878002761 -0.378715826653772 0.608140867539214
-0.0354253079112753 -0.0212930825652508 0.225307362142384 0.419526248035761
-0.00107819766102204 0.0163429961701951 0.211721901844314 -0.0133329083604518
0.0307247379313566 0.0138268677078158 -0.0617309247269912 -0.232809636254768
-0.00022188477387782 -0.000393077049993127 0.0574778194576501 0.202424069478997
-0.0151344028772558 -0.00649882439882383 -0.174033900286502 0.0110394708258367
-0.00134870645836248 -0.0400187078182284 -0.17583518484062 -0.428089712053129
0.0322848444942122 -0.0446292627439751 0.383068384529966 -0.498039751930777
0.0241096426260876 0.0409143729542072 0.834568625711575 0.189848995433124
-0.0473644650987985 0.0335929998879514 0.21360343923356 0.950360448575398
-0.0370265425241071 -0.0114277253145998 -0.423373025377878 0.582479989765719
-0.0342626961300976 -0.00733435539308096 0.0498435307633892 0.0986121438863043
-0.0128938460017873 0.0260154767735356 0.462239538450989 -0.573175436889992
0.0132705941203241 0.00945784082894716 -0.260288290800119 -0.967567978045926
0.0241416350835029 -0.0376270578928498 -0.913104477023088 -0.148248021984337
-0.0152825559737443 -0.0663794510447923 -0.367516452514598 0.606182338298576
-0.0340182728494877 -0.0194638017467188 0.23269573151548 0.410112082652483
-0.00343335839303337 0.0203733739010344 0.21682935396248 -0.0204098036859068
0.0269772984182376 0.0167087050394064 -0.0574359415117247 -0.235161104558886
-0.00431436381798097 0.00271296044045675 0.0613178449400366 0.201332536186885
-0.0165895532549351 -0.00250868603157731 -0.169642920550084 0.00633377831332773
0.000963896154682092 -0.0359906790377035 -0.170039201834458 -0.434197796043712
0.0391530215820386 -0.0443511412279237 0.383942793380183 -0.49744757403532
0.0327980314845738 0.0414292293396378 0.827962556242561 0.196791502414685
-0.0431242757258525 0.0383020788524334 0.196658131674734 0.956051973785691
-0.0442825288120121 -0.00418320406838853 -0.434052365676254 0.577640733216647
-0.0432366578062799 -0.00148392765218594 0.0446538582649467 0.0967259152561989
-0.0174936209938459 0.0334766894414222 0.454851366103257 -0.575405369845393
0.0179104241023471 0.014249052969654 -0.273658853501301 -0.9637068274086
0.0315244439873827 -0.03798292470518 -0.919361968925073 -0.141866204668458
-0.00867817571411879 -0.0652632169563041 -0.362402009690038 0.607701704335029
-0.0332936381084886 -0.0147372963737846 0.23987173776753 0.403354891747941
-0.00524523870719166 0.0242496947237326 0.221951076813885 -0.0241945693901661
0.0231484451563273 0.0196961646534494 -0.051091354450359 -0.236082719633234
-0.00679851445830282 0.00709286831403804 0.0650286232176456 0.199951218320122
-0.0172242622428079 0.00262333985804078 -0.166545384422148 0.00575039098886774
0.00286009774580129 -0.0301915172923931 -0.170597538069774 -0.435106652688924
0.0454271009547123 -0.0417958827851767 0.382536254871584 -0.499050262952573
0.0415023664188527 0.041528691140324 0.823603494756907 0.19610378095722
-0.0376919436747344 0.043387631765401 0.190846420268778 0.955717363672857
-0.0482560921303673 0.00324571818226545 -0.440456261871106 0.578487866484554
-0.0500009658285219 0.00425154510491115 0.0369484557938921 0.0982958146649988
-0.0188505151529227 0.0399453798240511 0.446672014817783 -0.573738633068936
0.0249504656647987 0.0188015474470642 -0.278733940113946 -0.964721406210029
0.0407143961245496 -0.0370467885495952 -0.919837513273084 -0.14363835548464
-0.00360445228821278 -0.0614665100074559 -0.36119053857675 0.603964194268777
-0.0320801414540246 -0.00808514637191064 0.242397648284468 0.400609223863031
-0.00671903913177447 0.0288933531047113 0.226896936089394 -0.0239178209169021
0.0202560365358269 0.0250927174770966 -0.0458287244626337 -0.237736330089698
-0.0080716086767001 0.0119691509336056 0.0679687227394589 0.199183098391107
-0.0170263875031692 0.00860837702222974 -0.163943668463141 0.00907862763255258
0.0056544954481837 -0.0241694461940075 -0.173446279934592 -0.432105680339413
0.0506057610125413 -0.0384912297130733 0.376531264879084 -0.503114920094638
0.0502817826059828 0.0431805986357521 0.821606200134663 0.181578304058877
-0.0307773054842502 0.046715730992939 0.198930446913757 0.953156588937971
-0.0481246029506584 0.0094628087516222 -0.441829885677889 0.584705214263983
-0.0527643509040195 0.00928579120574541 0.0257940699736858 0.101381683328047
-0.0182757482157552 0.0453878618131009 0.446603784030292 -0.565712068515955
0.0308372673394231 0.0226318857455461 -0.26709607253369 -0.968297335855678
0.0486055095132323 -0.0342584725854928 -0.919684324584939 -0.161195675630697
0.000516476809487403 -0.0568977584376768 -0.368872527765801 0.600067357728297
-0.0312008214864904 -0.00269395548343294 0.240973153945466 0.406032912651459
-0.00912874692415287 0.032888362735205 0.22810284477847 -0.0199558228672052
0.0177785780798104 0.028118148576435 -0.0422089022014576 -0.236901493514359
-0.0083285124273616 0.0147646464879632 0.0673884014072547 0.200380745866983
-0.0155126933279367 0.0133315734737887 -0.163319406521672 0.016913710839422
0.00729273768357695 -0.0162045824632433 -0.178020387119315 -0.423166789784551
0.0538877804472497 -0.032365630701891 0.365598893188563 -0.509009044176242
0.0573001641235298 0.0450382951609982 0.822210516478099 0.16004743876229
-0.022403447795997 0.049309691209624 0.215119924567533 0.940470631773617
-0.0450902769207973 0.0133286304216121 -0.438724148798567 0.590540458308663
-0.0533077846520474 0.0121125354651828 0.0146118570678438 0.107199940350718
-0.0150276796015557 0.0484488314824496 0.449975870099799 -0.552883155807178
0.0364751175163255 0.0260748027919439 -0.245842739280137 -0.978598805678526
0.0538781897906141 -0.0300175404062384 -0.917045946371047 -0.184503335535602
0.00399934667646072 -0.0502894689681462 -0.381829074127483 0.593779456641088
-0.0297142904881694 0.00309172561328521 0.235670598761218 0.413977472299929
-0.00874498547425868 0.0369642806499872 0.229993959729732 -0.0117835462709373
0.0169708355386333 0.0318278381188742 -0.0396661966527166 -0.235176924348111
-0.00632856928171072 0.0173592701117916 0.0657382494942922 0.202047656935932
-0.0143593981243204 0.0175258028736074 -0.164944122922772 0.0256747994290358
0.00788616312312043 -0.0104534115511379 -0.185508603043584 -0.41283691940281
0.0534141864154619 -0.0257294088096101 0.356339377355935 -0.514615107501119
0.060738977845605 0.0460054531493325 0.824483173184433 0.136515197658264
-0.0155299359737185 0.049932512846329 0.240054222268841 0.930325114269464
-0.0386868194579319 0.015240755822892 -0.431464104302575 0.600789497344591
-0.0480328540346773 0.0127598125164018 0.00249863376015641 0.112851165127978
-0.011402161171945 0.0477939433023807 0.457555390955032 -0.539951416464381
0.040217887084484 0.0269260535134949 -0.213984453296636 -0.987166111722896
0.057401737371188 -0.0251269682097383 -0.911628675526109 -0.216394641158619
0.00597787708092332 -0.0443645368815 -0.398630921157814 0.587293809417948
-0.0285731464278091 0.00627247897396911 0.226111425385678 0.427505977164674
-0.00714879643492363 0.0398869934861338 0.228582775559373 -0.00223000947765462
0.0180467068439848 0.0339181315277686 -0.0390979680607635 -0.233128768420975
0.00491824148836508 -0.00546378765862917 0.0514498652293905 0.205970428380353
-0.0101244615337357 -0.00962331724724351 -0.183199990068485 0.0293715008155977
-0.00215029154429201 -0.0402695633837581 -0.203775689559044 -0.404333978789132
0.0216627303901815 -0.0401103733083465 0.352979142133343 -0.508766197296246
0.0166525512615618 0.0407993092420165 0.850994095120867 0.133354672418439
-0.0462619856222808 0.0265307089319858 0.284511788932641 0.930438885635989
-0.022698731149302 -0.0226367866213986 -0.387832977300218 0.604968699839556
-0.0128855101600261 -0.0164487308721296 0.0484448514638487 0.10634398151408
0.00151473324351903 0.0141655611133815 0.478578610980078 -0.55979304450031
0.00960545714781908 0.00481700967150879 -0.219127667325124 -0.97768920120528
0.0130915788381499 -0.0312447306059135 -0.901848243401808 -0.176626271765812
-0.0239393522629464 -0.0599052879002239 -0.381756516377295 0.612498011087886
-0.03597206489302 -0.0194451914964453 0.225646102305374 0.428812665135023
0.00129440280484108 0.0162795738251017 0.207581322029123 -0.00690164959887869
0.0344447938302279 0.0130584049502815 -0.0696824856949016 -0.228387992157725
0.00185587698374452 -0.00294006837242409 0.0551162216597994 0.203756706105615
-0.0132039261523688 -0.00837054841303755 -0.178633757544676 0.0199982847588336
-0.00302478091168567 -0.0408267059309361 -0.19313821653636 -0.415508843639765
0.0258327330973098 -0.0435986336664366 0.367293117337437 -0.50692825950286
0.0196097358209909 0.0397099654163959 0.841259650931773 0.15811296321915
-0.0480416089695996 0.0291427591836662 0.255322571886242 0.941564728244313
-0.0297899440958668 -0.0176734108047495 -0.401773136227237 0.59296804443016
-0.0228919383298876 -0.0128253456626652 0.051515245165162 0.100966692789012
-0.00571936574840457 0.0192352253967829 0.464145411517552 -0.570183988737448
0.00987531997082196 0.00714860274168649 -0.251088261082697 -0.968424493700891
0.0173805307090225 -0.0346052308741022 -0.906590913435234 -0.148157443254246
-0.0204182332089163 -0.0638335881742129 -0.366381352376865 0.613956169589074
-0.0346815884903797 -0.0201226661777237 0.234950089190094 0.415696475978141
-0.000237300173024061 0.0162202518577819 0.212338685469892 -0.0170340313030552
0.0317017438015638 0.0136174772731325 -0.065698650151539 -0.232107464805408
-0.0013873443523402 -0.00125962055160994 0.0606298616671899 0.200690874023176
-0.0149304191413478 -0.00599633878185713 -0.173585659078587 0.0133931134909407
-0.00218113210561862 -0.0392864899257487 -0.184936717504412 -0.425631648559305
0.0316749645870843 -0.0455307170466112 0.373373290731688 -0.50388139048464
0.0258343859607864 0.0400173874799251 0.836532079604921 0.175337020881634
-0.0469057343442475 0.0340745636717086 0.229238558021487 0.947923783148888
-0.0377914974033411 -0.0108982209531983 -0.413488232190767 0.58738678734076
-0.0339268740862406 -0.00736071946625623 0.0516515410962705 0.0972603849793643
-0.0122089881550703 0.0246447156748576 0.453006059941013 -0.578171621871079
0.0123684697273916 0.00972134031661856 -0.277191804913548 -0.962162565521221
0.0232783950643512 -0.0380953212863493 -0.913854385982462 -0.133787385634373
-0.0161572081584953 -0.0661010166296031 -0.358567607645273 0.613607458698784
-0.0343313825344525 -0.0177142012762815 0.242047679619832 0.404958016895515
-0.0023199179533194 0.0195661012901611 0.216544650976268 -0.0242959929012938
0.0279006350315097 0.0157105761383675 -0.0609013393963093 -0.233452802088704
-0.0051937718048035 0.00313057366360815 0.0644364906952597 0.198839189571732
-0.0168309589594166 -0.002222298714038 -0.168707806494962 0.00964257155025376
-0.000648894086752765 -0.0358896550286237 -0.179051228460499 -0.430624231428822
0.0373323474570011 -0.0457143777273185 0.374893055570062 -0.502624015503449
0.0343498794728577 0.0407759911149228 0.828044254599067 0.182424297251083
-0.0438816762630485 0.0389909257893883 0.213192242890329 0.953248709164937
-0.0437680545959572 -0.00379434476489076 -0.424260335657161 0.581417128726989
-0.0425120013783167 -0.000934574668949631 0.0472331166196712 0.0953760374648182
-0.0170955843564126 0.033110060671607 0.444734873183611 -0.581190777815562
0.0183565878730773 0.0137275993984742 -0.289848802847494 -0.958557597266305
0.0308926241156185 -0.0391036436584556 -0.920286540141114 -0.125814844664895
-0.0101887157052861 -0.0640692017206123 -0.351757397628877 0.611477327335506
-0.0336505991702231 -0.01385461746674 0.248617334704271 0.398354842439625
-0.00462743885032571 0.0238062334516719 0.221557824982358 -0.0281949490398439
0.0236761386181018 0.0198325512174126 -0.0551834941088643 -0.235153453202165
-0.00711860538967977 0.00742318836758411 0.0690256605458422 0.197642973495805
-0.0164356340462551 0.0032587173174423 -0.165324234232577 0.00878569464854234
0.00202563011482827 -0.0300283171833976 -0.178725397176444 -0.432524754092652
0.0449470373323743 -0.0433290197301073 0.372216356790577 -0.507391908259416
0.0436803500020343 0.0412188603356339 0.82556983187148 0.181028136294591
-0.0379639879608395 0.0436215571567052 0.205930051646148 0.952816508776958
-0.0484416120228906 0.00398577016173864 -0.430788056934863 0.585300531190458
-0.0494676861019066 0.00557810229625988 0.0382546625018444 0.0963962741286483
-0.018230053557649 0.039734768442941 0.43801234508408 -0.579247596885502
0.0244838647354719 0.0175129413760237 -0.295311016166642 -0.960840992903038
0.040529360877865 -0.0380040593458944 -0.922821494007828 -0.128795092639223
-0.00552436445134855 -0.0617349278800608 -0.352153295301923 0.609682772064426
-0.0318424133615419 -0.00834837674181822 0.250090770161729 0.396768590258179
-0.00600920349853464 0.0276679531485632 0.225266418377652 -0.0279594941230148
0.0206761892752402 0.0231795202721277 -0.0501035005216153 -0.23553851250158
-0.00845966334465478 0.0121341858502212 0.0718789328425719 0.198156866609893
-0.0166076126871425 0.00886665279509855 -0.163504057831737 0.0120755329410002
0.00484245161275162 -0.0232042833749637 -0.181725399457713 -0.428928573187835
0.0506056794631217 -0.0396482206702343 0.367223646716975 -0.510774082683542
0.051540028397124 0.0422344451787256 0.824372318016687 0.167295828714554
-0.0303532134183372 0.047337280391224 0.215187765225171 0.947917758971343
-0.0470484544796563 0.00964857636870407 -0.432087958394112 0.588442281970414
-0.0533560603694772 0.0097084915124124 0.0272768032350434 0.100747611106879
-0.0182399102941451 0.0452621243392685 0.436300920345768 -0.572654996158026
0.0304943914208667 0.0223013578567277 -0.28431376881099 -0.962533028604709
0.0478393415836795 -0.0349960413488268 -0.924787745838086 -0.145239638779237
0.000519904796568486 -0.0561683126260743 -0.357484781170301 0.603980745323375
-0.0310609479129538 -0.00271462927369087 0.249507069955773 0.401760352356002
-0.00718779153437745 0.0333002717252361 0.228337055074619 -0.0239674505910229
0.0187837772935297 0.0269087280072576 -0.046070411293187 -0.235046727050866
-0.00861083438121837 0.0150493829129583 0.0707219246665729 0.198569556714937
-0.0158034330959496 0.0138714248082618 -0.163496548363736 0.0189974403752494
0.00612323671096963 -0.0160426351583944 -0.186153731637362 -0.420006216838087
0.0519899500714125 -0.0330932424923589 0.356064494695041 -0.51540215541254
0.0585178292146039 0.0442848313630898 0.8246556848101 0.14661462432913
-0.0225664760909667 0.0502925433500638 0.229703797099277 0.939008662885886
-0.0443325039238224 0.0139365805825764 -0.428414011536698 0.596840767080729
-0.0519912463467395 0.0125370131382906 0.0149498332298947 0.105933871961177
-0.014954529872105 0.0478311562418872 0.440891334848251 -0.560057842269055
0.0373530267724539 0.0256372346099023 -0.261892001272485 -0.971687691648809
0.0534567818320362 -0.0305783950306051 -0.919428242320093 -0.169153355652047
0.0024859159129264 -0.0501792553078999 -0.369647612133858 0.599234738248594
-0.029571204375207 0.00278823998814266 0.243844539826926 0.410476192858227
-0.00707744053592487 0.036459017578692 0.230072666441889 -0.0166296800009748
0.0175413078998272 0.0300226436646382 -0.0441623316103225 -0.234139819100725
-0.00751497033808925 0.0171666372173843 0.0696202651612731 0.200007828542087
-0.0137609035506895 0.0180723499281005 -0.164296243832652 0.0279703893599796
0.00745050401227528 -0.00932557848163936 -0.193361134805581 -0.408974795363533
0.0534020729918351 -0.0270287274039105 0.343372829017195 -0.522104793471591
0.063246288037266 0.043913358349803 0.82681164701083 0.119888948404016
-0.0159089830551434 0.0498994290225308 0.255305475833071 0.929431239436364
-0.0377807291457787 0.0146751515714231 -0.418192468618785 0.606350987011108
-0.0476963698341177 0.0144835090782655 0.00534304533253149 0.112148245910729
-0.0108970521810504 0.0474211482162747 0.447494413180252 -0.544889794729802
0.0397860082920402 0.0271884225203413 -0.230228288320808 -0.98222011800815
0.0568141939099224 -0.0265209799759693 -0.915945795858772 -0.201506674392052
0.00606681144804399 -0.0435108909593908 -0.386995408784015 0.59198023741956
-0.0289029057002756 0.00706920081578039 0.234860411058309 0.423561920353635
-0.00577731462301019 0.0387276638074512 0.229047969110581 -0.00574623552090547
0.0177190361786216 0.0329167142296324 -0.0424191743022159 -0.23210041412335
0.00407465857960641 -0.00558543997797373 0.05496412187192 0.203539903112706
-0.00984906961514996 -0.00945019021636723 -0.180328226104805 0.0328225951902749
-0.00320744547750852 -0.0393654338771477 -0.209488414905426 -0.399474224501844
0.0208588079430852 -0.0408706701194999 0.342618323365881 -0.515476225206537
0.0181029895088709 0.0401753129791588 0.848773846526587 0.11767378520344
-0.0464040209945663 0.0266515353216027 0.299442698864833 0.923536582260238
-0.0229487534140867 -0.022769377562203 -0.376698113585429 0.607195574836024
-0.0122220577241128 -0.0166826395304459 0.0502287470166245 0.103778349412324
0.000785052159797005 0.0134975760304539 0.468102273639171 -0.564481026012154
0.00954312708758402 0.00381275152991027 -0.235472368014166 -0.970983099355671
0.0133296610128359 -0.0319815613618028 -0.901830575236736 -0.160410798464784
-0.02511748499915 -0.0586592740750395 -0.368756497113024 0.615796905337937
-0.0360548543223163 -0.0191727881578499 0.231941051861514 0.424952856433961
0.00224993316811619 0.0158656551324375 0.207763835227796 -0.0108517475335693
0.0345742428149204 0.0108435088435726 -0.0735762352888649 -0.225886957964799
0.000925973211712328 -0.00413915768150819 0.0586235929270982 0.201571100541017
-0.013127356655826 -0.00852933604763075 -0.177031016738662 0.0235293293334574
-0.00344434007543705 -0.0402203063700327 -0.200248703061799 -0.412037141684656
0.0247924636610437 -0.0443830623357518 0.355935853283594 -0.511969439051358
0.0216043458088243 0.0388655904447959 0.84174740387714 0.144277743512108
-0.0481087002022006 0.0299008770691711 0.26979733994836 0.934027197846941
-0.0307626933169411 -0.0170626735516974 -0.389919120705051 0.597490585811299
-0.0228967009365861 -0.0118601925544075 0.0532807712807075 0.0988725450136549
-0.00592630786931455 0.0188948725034608 0.455413700820114 -0.574609522149756
0.00998707538534484 0.00709268178210468 -0.266468413083227 -0.962265725698972
0.0169027307088061 -0.0348684918346062 -0.906757484908325 -0.133885276867374
-0.021996567705206 -0.0633579177611875 -0.355174229219438 0.617568766885314
-0.0356675857496969 -0.0196903651775008 0.240438392348536 0.410929892015311
0.00162821297388765 0.0158546803901047 0.210578671241602 -0.0208141353018803
0.0314324180459432 0.0125348975131544 -0.0694922237215792 -0.228986471510228
-0.00290870818223028 -0.000549691051293539 0.0639383873899343 0.19820736288501
-0.0159761802671375 -0.00600704955046215 -0.172085092727568 0.0162071960272089
-0.00327690104918046 -0.039286566204756 -0.191808376050424 -0.421472691537383
0.0299056254339835 -0.0463416709545963 0.362293594841476 -0.510034471313938
0.0281904417837593 0.0384890741983361 0.837337932150037 0.159425751730927
-0.0461408393831518 0.0341572840396678 0.244548247043766 0.940682842867142
-0.0381379030325472 -0.0117268021391171 -0.40368174664238 0.591458773351951
-0.0331378090919398 -0.00557379618468995 0.0532554407488138 0.0950063487779151
-0.0118857667710796 0.0261800509160454 0.44330458777468 -0.584352983757066
0.0126121792193478 0.00941991965700277 -0.291540915386694 -0.955791001109243
0.0227040982336904 -0.0379283123489435 -0.913799398947517 -0.116349206009413
-0.0168762023795335 -0.0650314264332462 -0.345135814847715 0.617726360473316
-0.0352475418865554 -0.0178611442324011 0.248764555016733 0.400633107042584
-0.00146604559055737 0.018502236957577 0.215857091028085 -0.0268675369187512
0.0283837519764478 0.0145113348773833 -0.0650005487052097 -0.231631081640161
-0.0054245868530044 0.0031089517799267 0.068284372563235 0.197339607943132
-0.0170401110116902 -0.000682603649359012 -0.16762973819175 0.0117957480903441
-0.00227832413768297 -0.0356382552677934 -0.187977378481698 -0.425517538677838
0.0361547295699335 -0.0456403756405513 0.364894315019806 -0.510472275304596
0.0352461636963565 0.0397669079803687 0.828626813467535 0.167937258360514
-0.0425918468785654 0.0397861914364245 0.227546110872029 0.947097645619127
-0.0450595007604468 -0.00367862063603492 -0.412870787485111 0.587295625148821
-0.0420393606991777 0.000275805767880648 0.0487289769473925 0.092933801970713
-0.0157360771567845 0.0327614652427115 0.432647804261603 -0.585304784993156
0.0181033756701897 0.0142237800865922 -0.304534402281945 -0.94861142139595
0.0307533300284356 -0.039468490787521 -0.919126441970567 -0.109532030157827
-0.0116296307665216 -0.0640907671731665 -0.338293990698377 0.617267052889083
-0.0327424395862399 -0.0137396645730512 0.254047837538589 0.392501564671903
-0.00228189652372424 0.0227926969516917 0.220198845301123 -0.0322860909403358
0.0244954883869946 0.0185796823027221 -0.0575584963784613 -0.233471003020466
-0.00810651402255392 0.00773180128205977 0.0727841724449682 0.196315801262734
-0.0164042768509817 0.00377037779365448 -0.165102537069976 0.0104345319542038
0.000375586764488914 -0.0299361005444641 -0.18627543702683 -0.429121794331852
0.0432411199026457 -0.0451935966526781 0.360915119174918 -0.511826639019043
0.0450776400833437 0.0402493076264527 0.824088366604974 0.166554876277347
-0.0368555385858951 0.044114617994677 0.222254557660504 0.945976451173758
-0.0481333932744247 0.00364194169072515 -0.419225688677331 0.590151727822811
-0.0493791143135659 0.00597896925213589 0.0404155518123647 0.0942829642470915
-0.0171825650824749 0.0402668094925464 0.425988833717197 -0.58436457522665
0.0249414756169778 0.0176843627542117 -0.308397750363336 -0.951673539702542
0.03905305248102 -0.0379841284809796 -0.920991250170482 -0.113287441002493
-0.00607086868536013 -0.0609640757439028 -0.339418185676674 0.611683999318789
-0.0326742085485662 -0.00762649869283703 0.256832062841714 0.391547749702352
-0.00485220917484919 0.0281009058283496 0.22496236389689 -0.0313476341789319
0.0219561098454524 0.0216226121689349 -0.0536536559243739 -0.234303127647367
-0.00906010882910525 0.0119419225091496 0.0742210382556956 0.195808781685159
-0.0163861139807243 0.00999592431166456 -0.162398961735223 0.0143131969600925
0.00253252805306387 -0.0238601973425976 -0.188020002978907 -0.423387876977046
0.0483491732109991 -0.0399390886955149 0.3557081873542 -0.515808568553633
0.053408577470226 0.0402848743348759 0.821983431996537 0.153268794089432
-0.0299461208129532 0.0480093026791448 0.229347549501442 0.944800762837759
-0.0478948197742842 0.0100357868868251 -0.421840888582844 0.592951768595237
-0.052184797226017 0.0111254903735683 0.0288431721679136 0.0984815454279006
-0.0165908547994474 0.0449655326336104 0.426521393674751 -0.576925283521374
0.030919427970416 0.0226284849626323 -0.29881224797105 -0.955022394664418
0.0470811549444385 -0.0359272070597067 -0.922753074517983 -0.129857308042453
-0.00152570725183838 -0.0555806119126594 -0.347406343773949 0.60834032454256
-0.0304910511254284 -0.00145679770197286 0.255369590587118 0.395191327671683
-0.00569648697897106 0.0328613601021092 0.227694240296347 -0.0270320872387797
0.0200157618188421 0.0266997375130187 -0.0494780037653687 -0.23345692694571
-0.00916172461848723 0.0156282437680809 0.0749761038335855 0.196515921288199
-0.014917116569565 0.0143212260470847 -0.161901917972136 0.0203894425682628
0.00555158099482505 -0.0161683194164515 -0.193478307534091 -0.415882888349329
0.0515357634647643 -0.0348979128101597 0.34452646006131 -0.522397394476689
0.0614738224643544 0.0422229669646397 0.824608540223048 0.132526456912311
-0.0226581514910025 0.0494551492315076 0.246189294021412 0.933370884614608
-0.0447232684560706 0.0148316554548184 -0.417173205703432 0.601893334773338
-0.0513549447328128 0.0141575432402915 0.0176990961671558 0.104950385795279
-0.0145564068068587 0.0481645763429161 0.429324125616564 -0.563544929494883
0.0365137573439428 0.0256264110341187 -0.27745072145087 -0.964924092550611
0.0534604473955838 -0.0310614709189723 -0.919178557568351 -0.155113311519522
0.00261822585109829 -0.0500504543965117 -0.358165645447847 0.603811232131415
-0.0297327668259902 0.00369355971918848 0.250445418972691 0.404799916806548
-0.00627754237623693 0.0362480905590083 0.229793487991455 -0.0199161522460495
0.0187991724077766 0.0297623617687668 -0.0477355265119951 -0.231979767604672
-0.00798227676546504 0.017311226358157 0.0730842232464443 0.197572794411501
-0.0132859711642495 0.0183780165774928 -0.161702805819668 0.0294102389208926
0.00701006390161848 -0.00880528522086539 -0.200746551924561 -0.40399620273001
0.0525140702053911 -0.0281751860654196 0.33282669855967 -0.527220661058409
0.0641564217038946 0.0425476337070687 0.824546315050029 0.10590705753607
-0.0145715065800456 0.0505850933448484 0.27272245458129 0.921007621143056
-0.0383069103713809 0.0160724077001943 -0.408175226393635 0.610053230311714
-0.0463962072002561 0.0137434847931499 0.00613669887579676 0.110908178925476
-0.0108021258473166 0.0471033295022915 0.437806339711374 -0.549268751226289
0.0403828263156821 0.0257458557344195 -0.245516441529205 -0.974054805144273
0.0557957609914931 -0.0270595240151541 -0.914480652074163 -0.185346681669087
0.00498073295022933 -0.0437258529508235 -0.375390663144956 0.598187132864823
-0.0283370179530111 0.0073492269558746 0.240881180523076 0.418310773365957
-0.00466906836269547 0.0386992028084225 0.227985029639049 -0.00881818994302052
0.0190990199173624 0.0313959893368582 -0.0465584354825768 -0.231487849486857
0.00331749554845767 -0.00587492133737932 0.0581753718537258 0.20061546455585
-0.0103656780380825 -0.00847265603903271 -0.178470589600785 0.035065020799007
-0.00495386110440468 -0.038305487157352 -0.216420293096075 -0.392544375171625
0.0190538767576737 -0.0409293861335919 0.331190814906834 -0.517520110671378
0.0200080636518271 0.0390770174086047 0.844222906560543 0.103577965067445
-0.0461118850425094 0.0273055020602398 0.312190155850055 0.914626455150126
-0.0236986860570509 -0.0224511507925546 -0.363865559814364 0.609802794168658
-0.0124506062037312 -0.0167937896723458 0.0511838345966113 0.102461720161209
0.00116656685045823 0.0126977713727713 0.455229821572577 -0.567460554475592
0.00902061491523429 0.00380367510382812 -0.251054280762464 -0.960924608398712
0.0129215677431792 -0.0314756039664044 -0.898401330467961 -0.145599590290913
-0.0256154479282622 -0.057587842344838 -0.354910243905927 0.617968521547854
-0.0367905606534401 -0.0192057177999945 0.238887434976179 0.418337997029442
0.00316271998827387 0.0153822035016193 0.206931204490257 -0.0139184457441841
0.035402430951597 0.00984893253642975 -0.0761725361296393 -0.22373824098535
4.97013515619732E-05 -0.00364770461468002 0.0627926934319888 0.198740042168561
-0.0129105572232005 -0.00768481648898203 -0.174468669554846 0.0267528194606823
-0.00482301885876195 -0.0391309810042653 -0.206496927833029 -0.405760543048366
0.0226885815536004 -0.0451224389959535 0.340671196131431 -0.514695581003531
0.0226140409378741 0.0383863171224772 0.839055597212562 0.126093639187194
-0.0468945896681652 0.0310834010043282 0.283213515092824 0.926177119850565
-0.0309378450812757 -0.0172243754554409 -0.377111225539773 0.599608263509852
-0.0228745637896942 -0.0113644951185439 0.0556643336840071 0.0962622471525353
-0.00608492175992599 0.017756451488733 0.444096293359049 -0.578474688333768
0.0100609169038091 0.00649773602502521 -0.280534785600046 -0.95096941282415
0.0158816948298292 -0.0349806929576928 -0.904794475484134 -0.118472636975189
-0.0230231652944852 -0.0630035454532808 -0.34192228246278 0.620773030104976
-0.0355153312441057 -0.0185098983484048 0.247357696537008 0.402632284801904
0.00214213691127837 0.01525756206688 0.210038425235182 -0.0240859775939636
0.0317412395557887 0.0109301036423555 -0.0721509754111878 -0.226160446571655
-0.00332338549818028 -0.000257433205984299 0.0672222688560993 0.194567724198792
-0.0144284619856165 -0.0046855828927982 -0.17012279164839 0.0182743576748989
-0.0048846733721456 -0.0390814441379566 -0.199262657729158 -0.414604285571295
0.0278483328442663 -0.0468717527875259 0.351554605844661 -0.51342212229075
0.0291188692545628 0.0387413227046407 0.833980190043592 0.144707809140457
-0.0459650572766231 0.0354508839356467 0.259794684457184 0.932989628270402
-0.0389820345277192 -0.0110085589732364 -0.391378109674455 0.593640725661302
-0.0323408892549827 -0.00617016979751155 0.0540444748324381 0.0924433794384361
-0.0116915400837223 0.0256935740411394 0.4294025114475 -0.585607421131711
0.0123784655803565 0.00924542047906571 -0.305700951225186 -0.944298704069164
0.021416523070593 -0.037789576748407 -0.910811897679424 -0.101808829372332
-0.0186792553148733 -0.0651070117352109 -0.331624697767548 0.619942674739681
-0.0338341208364596 -0.0180626225100148 0.253171385912474 0.392501790534054
0.000275468768201359 0.018267704868171 0.213529455768868 -0.0304516076541003
0.0295363534204126 0.0130454489581285 -0.0676285999621811 -0.228978683687009
-0.00656275283794204 0.00278090878972971 0.0710430483085852 0.193546154187329
-0.0162068001815039 -2.6099323989952E-05 -0.166079748451249 0.0136942271750893
-0.00258348477486514 -0.0343179593097053 -0.194502449232563 -0.421038772938555
0.0349195930174506 -0.0468815777115865 0.352442645346809 -0.51429823672806
0.0373938364770207 0.0385249112751752 0.825094817399217 0.152670003999934
-0.0422452809428276 0.0404817527756843 0.24324081345756 0.939506391210613
-0.0436884961656514 -0.00278487466617776 -0.400894152939842 0.591490567934454
-0.0412976975899304 0.0010350259643991 0.049905502059306 0.0917709621475225
-0.0157341229526703 0.0328927808847127 0.422114849154498 -0.589209374793069
0.017363364865383 0.0133568441679796 -0.31611744636854 -0.937375090923853
0.0300346572791323 -0.0389709537310494 -0.914707358211596 -0.0921877704977534
-0.0127615234476396 -0.0637433091685185 -0.325567531930463 0.616784484020024
-0.0335193359505763 -0.0117695189361875 0.260343222409193 0.386275880056623
-0.00208227947182647 0.0227522719447709 0.218585534254514 -0.0355468067129217
0.0249906994495387 0.0168119207311294 -0.0624556918214276 -0.230687918810283
-0.00802033426783254 0.00811576093849576 0.0751869017004338 0.192710098257413
-0.0165744310534824 0.0047163179492419 -0.163017520249965 0.0134153737372044
-0.000980159007633562 -0.029117076812712 -0.193306681597699 -0.421763957671689
0.0410811784732709 -0.0450135046357052 0.35121727204831 -0.516529873033735
0.0462377505137075 0.0390523514367031 0.821918042591365 0.15227172073538
-0.0368172688227052 0.0447371959241686 0.235510724232046 0.939566006242984
-0.0475010575689147 0.00424275430827167 -0.408419842543932 0.59063274336401
-0.0486240141579516 0.00684426480602991 0.0409532751779136 0.0924397967161995
-0.0167804054903004 0.0390315179027822 0.414436019560699 -0.586771512132456
0.0245458412764958 0.0172568332272009 -0.321944806574718 -0.940021726137099
0.0384109124168171 -0.0386110043287467 -0.918226908628591 -0.0981562819397847
-0.00681134288532934 -0.0599332189467506 -0.326333963035868 0.616589355678362
-0.0319358396188322 -0.0070019826699761 0.263285152830523 0.383954126066381
-0.00381202293059 0.0272702736182336 0.22288096177174 -0.0354050464015013
0.0217366336974498 0.0212568564669283 -0.0570364653157339 -0.231466708383423
-0.0095512713731461 0.0117870926344613 0.0768909355873141 0.192139770903069
-0.0154396947745424 0.00973281115921924 -0.160491709416453 0.0171653169425267
0.00251512777927533 -0.0224146743128583 -0.19544053226152 -0.418822935972734
0.0471482174681217 -0.0409357109920066 0.344407119718144 -0.520019478799527
0.0545668180958495 0.0394111167441316 0.820451751672925 0.138594603163909
-0.0289619755799249 0.0484624082143734 0.24404432066778 0.934836399436238
-0.047727365805113 0.0107415866595075 -0.409953326271965 0.59660215242822
-0.0516348835724178 0.0116577928147905 0.0302755792733749 0.0970296666156827
-0.0169865877815194 0.0444759773506607 0.415012424564235 -0.578202672232118
0.0306926814045622 0.0211104220424468 -0.311573690354824 -0.944698703745184
0.0456609437997647 -0.036327807753538 -0.917869290750097 -0.113361842939488
-0.0022078169072943 -0.0550516534381964 -0.333714696878193 0.611055903952527
-0.030167497176169 -0.000804823070568099 0.261793840154404 0.387906907992369
-0.00443140453425525 0.0320814276339885 0.226584320754098 -0.0310812926601358
0.0198235669434675 0.0250765731478342 -0.0534160365002862 -0.231835072804759
-0.00930800154672677 0.0151955596675623 0.0772361098080498 0.193065501551071
-0.0143790015761409 0.0153763167734037 -0.160131110021353 0.0235553495531388
0.00453427421805419 -0.0158527624749132 -0.200212977953402 -0.411195698208035
0.0496142389360047 -0.0362902298834279 0.332963483324143 -0.524187919233673
0.061429982717837 0.0405248214957542 0.819463401461476 0.116974788317283
-0.0213723424444177 0.050496449459039 0.260031770043866 0.923731175164885
-0.0443373545460856 0.0148360168982033 -0.406493192603971 0.604198238079353
-0.0513475669191536 0.0148172135383086 0.0197631095814491 0.102711643108169
-0.0131444042337396 0.0473069711273157 0.417963793467624 -0.566630232306073
0.0372129697324978 0.0248709792936367 -0.290003175623101 -0.954327627521458
0.051415524334671 -0.0324744968484136 -0.917373054875797 -0.138225646742739
0.00154860080471032 -0.0485214640557662 -0.346365795912872 0.60700215141058
-0.0287867657567641 0.00360356900375914 0.257274573926972 0.398192008433947
-0.00509334153491508 0.036427206506215 0.227349803927064 -0.0242885748969865
0.0193483564030601 0.0281139381423538 -0.050473751828375 -0.229781279062448
-0.00845117381487168 0.0170061225549115 0.0749254450231786 0.194986458745567
-0.0131372384416092 0.0183509230384881 -0.16076998884512 0.0329336237406792
0.00554535827473555 -0.00967596386444556 -0.208225076447247 -0.398035266035393
0.0502622403124429 -0.0291707803789363 0.320542172055619 -0.53060168246587
0.0651895702960049 0.0415448628997144 0.822234920353298 0.0917495912144092
-0.0143470918233954 0.0505002349783588 0.283264583498975 0.912392390418523
-0.0373943109358291 0.0154574875074802 -0.398330652668077 0.613098380256742
-0.0467113043674823 0.0156054548095633 0.00818258543055989 0.110034400302818
-0.00929280700305355 0.0475281695415295 0.42695252710464 -0.553010740028211
0.0403493629578351 0.0255982811901029 -0.258122375625493 -0.963996161660268
0.0552276325572062 -0.0282960815502081 -0.913887277452795 -0.168709520191088
0.00410596859835407 -0.0445266572680498 -0.362240604462424 0.601226126027839
-0.0282511605679076 0.00756003021738614 0.248762605828105 0.412700683364739
-0.00370254640150823 0.0374807985413443 0.226999521484595 -0.0138374299714501
0.0192110806880023 0.0301633145521087 -0.0503859750287272 -0.228084951795599
0.00299010213987338 -0.00582010201048703 0.0606403828700091 0.197497851484056
-0.00960970403239373 -0.00717177645310822 -0.175815967742128 0.038390144658314
-0.00567539964050248 -0.0381402303699717 -0.222266450127401 -0.386836324452924
0.0178992857229374 -0.0408799698794741 0.320232192062923 -0.521338142599904
0.0216580817248906 0.0376795353787354 0.839608848209213 0.0902384552844216
-0.045576301812362 0.0278379066801227 0.326544003485018 0.904981368219948
-0.0238922693960782 -0.0227265635771423 -0.353207341479881 0.610345158577769
-0.0124573179868386 -0.0162887185473654 0.0523338226306715 0.100271081316917
0.00141302434082114 0.0127720258116499 0.442212410999255 -0.569349168638897
0.00867745827851187 0.00402571156664343 -0.263793749363174 -0.948600013264391
0.0120698909439318 -0.0313052816244895 -0.893329531600359 -0.125726661773268
-0.026133994840095 -0.0568343263428968 -0.342380677033961 0.61882108750011
-0.0363951094053908 -0.0174528169094251 0.244207148325775 0.409736570744966
0.00452303417372778 0.0151926109130603 0.20533389980483 -0.0165352978661212
0.034835329235599 0.00858620625191113 -0.0782781773237173 -0.219764698862409
-0.000535866674263022 -0.00346921089361434 0.0639840514953555 0.196240742553805
-0.0124553451564702 -0.0066413993915733 -0.173609737759774 0.0283480709395154
-0.00629576509004679 -0.0380258051898975 -0.213646420447624 -0.39938471202944
0.0214973350399641 -0.0450808855121494 0.331353121136023 -0.516288587753708
0.0242835660715747 0.0372411068124303 0.831389900607887 0.113559927904124
-0.0463473411813956 0.0312691909154767 0.294545484137904 0.916765587920459
-0.0316354061618182 -0.0170653404915817 -0.366707912100436 0.600390639228531
-0.0218004426043218 -0.0112884785039816 0.0565878951682465 0.0936040627394518
-0.00588105541919445 0.0173105313894769 0.430158888051526 -0.578115234102376
0.00981060353662631 0.00621792654291946 -0.2935486326673 -0.937822591947018
0.015331984744225 -0.035024920286397 -0.898712145581737 -0.104548458030018
-0.0233314327173108 -0.061912476940142 -0.328851811468562 0.620876944326631
-0.0355469244667302 -0.018082825498873 0.253653290658742 0.395515962696627
0.00254365781435801 0.0152068727343922 0.208532694072187 -0.0269154249211235
0.0325382051005036 0.00935366783184602 -0.0743112704729513 -0.222349498169468
-0.00309240110255246 -0.0017125997750438 0.0698081768851949 0.192542032541686
-0.0147802093347611 -0.00369922112922932 -0.168290806286669 0.0209846733291581
-0.00503235811399564 -0.0382010618359292 -0.204516124672033 -0.408816041463493
0.0263081421180107 -0.0463708578509786 0.337775630141838 -0.516024330500158
0.0304474501012438 0.0376374565810066 0.827562775880535 0.129868954931494
-0.0465205326348627 0.0358114600023933 0.27270312639916 0.923452136122846
-0.0383412784686878 -0.00975282312327021 -0.378707890264409 0.5956379789236
-0.0322767290812444 -0.00526819407261419 0.0555231643336421 0.0903657557226731
-0.0114204775046996 0.0250622370915357 0.418023119880046 -0.587589933422616
0.0126906144989756 0.00942642605477699 -0.317769776156276 -0.930909767270882
0.0209387806518905 -0.0383487459367631 -0.904800007703248 -0.0858756794792953
-0.0193707128891256 -0.0636555654278418 -0.319741795467968 0.621603356879521
-0.0343885140273994 -0.0162810414719928 0.260620201702863 0.385814407926963
0.000321093029253085 0.0182201288540833 0.212489465140295 -0.0342222587395823
0.0292203058158323 0.0118773566088199 -0.0713417177869232 -0.225920200131802
-0.00642322574810591 0.00342752420262488 0.0742675240780301 0.190817806357287
-0.0161373266348621 -3.11612394837029E-05 -0.164776168255981 0.0163403931776094
-0.00376604312622919 -0.0331374605440168 -0.200134804959793 -0.415908670662243
0.0338121719773437 -0.0472981686171432 0.341328975273453 -0.517043551216163
0.0385624312693154 0.0372176594689696 0.821521110884374 0.139148352791806
-0.0411561813255903 0.0408915274540104 0.25531739408186 0.930108606018064
-0.0450412021614699 -0.00205082821209486 -0.389572982037384 0.591879774942386
-0.0417946150005877 0.00176750136560706 0.0512089164830047 0.0890587777155038
-0.0151651037121921 0.0314413857010793 0.408916046142011 -0.58808266058775
0.0177659872406275 0.0125940653826646 -0.328163381121169 -0.926072551741466
0.0284348635069005 -0.0397652081478973 -0.908670068895557 -0.0764991933358236
-0.0142273008617667 -0.0636474777030922 -0.312714075566692 0.61903703674216
-0.032955519288252 -0.0121419764187861 0.266656154942841 0.378545217671849
-0.00162930049680974 0.0218338900024034 0.216746912771289 -0.0383279332121043
0.0255325757575904 0.0151969883169384 -0.0652349655024232 -0.228161088691527
-0.00898473579557813 0.00838836144952835 0.0774870908511534 0.188496211980599
-0.0161382669937519 0.00553833523872604 -0.161476485893509 0.0159112589135188
-0.00128202781063794 -0.0284626803549796 -0.200556965537023 -0.415933480891423
0.0399563654005354 -0.0460380550521743 0.339114469238872 -0.518174461873504
0.0474179347992021 0.0376567919253211 0.8171477422544 0.136574204356799
-0.0361586205730225 0.04552645927804 0.249971015366784 0.927656443616016
-0.0475420559961661 0.00539291282151669 -0.39654866517633 0.592139717197576
-0.0479613047137729 0.0075576724484848 0.0424755274636561 0.0901493038381092
-0.0166976207035263 0.0389538231387039 0.401511253272967 -0.585214272591177
0.0247273583595242 0.0167158754458144 -0.334907261637981 -0.927264329866837
0.0373477776505259 -0.0393051600481473 -0.912452138102881 -0.0808150972040503
-0.00739484804880574 -0.0601335008492727 -0.312385625130207 0.614958756294094
-0.0314388687016343 -0.00635642007094763 0.269215623533321 0.37632779719075
-0.00255085026365529 0.0259522371187887 0.221021954328602 -0.039232647169731
0.022180857411225 0.0198373894725287 -0.0606175478966032 -0.228925201874716
-0.00985453239219627 0.0124401540969018 0.0789785115954427 0.189016066233265
-0.0149625785300568 0.0109151585833759 -0.159239794333843 0.0190369247430446
0.00235292436443933 -0.021838315681012 -0.202770753319849 -0.412100529151909
0.0450352089181009 -0.0408572165141049 0.331575572930909 -0.522394376892566
0.0561769385875229 0.0378490436963012 0.815693463873419 0.123829275568778
-0.0286836990759828 0.0490634704654154 0.258697143009703 0.924920927614512
-0.0479195289874472 0.0115895905654925 -0.397090474258418 0.59735136562967
-0.0510206677030915 0.0114807116851569 0.0320617287274208 0.0947783658767883
-0.0165847544260238 0.0441325167429116 0.402821445891981 -0.578870015511388
0.0311927238269381 0.0210246685968496 -0.322263430373811 -0.932584225731811
0.0442239817003639 -0.0368063313826482 -0.914713136250527 -0.0983528767491489
-0.00195572362784905 -0.0541052493325263 -0.3213542658984 0.60979457122642
-0.0306283706060269 -0.00113237610299012 0.268007141578595 0.382304243484602
-0.00411242308509625 0.0308455607475303 0.224161236010393 -0.0349212694547441
0.0200995191717742 0.0240563156705099 -0.0574865854312106 -0.229047904033889
-0.00954327196893963 0.0154100646871157 0.0791394615812414 0.189164517771135
-0.0146928507621592 0.0147207931110548 -0.158347655847661 0.02588217176353
0.00475862473345141 -0.0144968517151334 -0.207252284042086 -0.405072518857682
0.0483216426820882 -0.0367258042867187 0.321377727692603 -0.527180438462609
0.0629008746575735 0.0389927182688562 0.813277420402506 0.102356533349252
-0.0202500175320949 0.0502440350919335 0.271172039959098 0.913005037624026
-0.0441296596392771 0.0151563199723156 -0.394876023615762 0.603925914814263
-0.0499349035707039 0.0145633770782503 0.021357435701878 0.100683404155437
-0.01350535108604 0.0466380368799038 0.406977112407634 -0.567340517852174
0.0370796438857416 0.0240786318009327 -0.301005612879274 -0.940488586637332
0.0501714788753272 -0.0319433094814102 -0.910410467518931 -0.120689407191709
0.00166443473443706 -0.0486854295799477 -0.33197741920897 0.605992266293081
-0.0288221066777288 0.00414144651319985 0.261694156536071 0.392154773642306
-0.00318839018311033 0.0348904640755484 0.2253957938121 -0.0271934345076798
0.0196350071295135 0.0259571744427578 -0.0545208385713079 -0.227526336886102
-0.00852181131417713 0.0166668758418908 0.0779993315104053 0.191052794629647
-0.012068707306105 0.018095016756516 -0.159210826598907 0.0347454877546001
0.0054795662366445 -0.00856243006354524 -0.213870131787701 -0.391126540914313
0.0486903149244199 -0.0296732397799197 0.309881140052646 -0.533212523117627
0.0669225834228421 0.0398078615502292 0.816649261014861 0.0793861840196231
-0.0138725394697562 0.0503154695976404 0.297658953185199 0.902147698609936
-0.0379252306612405 0.0156412960503823 -0.383721107876635 0.613350791195377
-0.046011047341944 0.0157930722951115 0.0101494946714233 0.108346352924609
-0.00942426169833149 0.0466313232078149 0.413401977007199 -0.553151668693895
0.0403494486394491 0.0249933547903969 -0.272032293954026 -0.955249924164242
0.0541222866454186 -0.0286813277923486 -0.907832134761895 -0.153391721820115
0.00373118262963809 -0.0424963168308156 -0.351129883934955 0.600715145043528
-0.0275688051354113 0.00704884759317042 0.252528063566426 0.404798661439195
-0.00258515518637549 0.0361659303227671 0.224784954973165 -0.016846979787212
0.0202605121024156 0.0285265065687346 -0.0534088785129452 -0.224885342287073
0.00250432019103634 -0.00543605172381934 0.0636119671490864 0.194700741069643
-0.00910554181706557 -0.00685734012953556 -0.174330390980902 0.0398612628353281
-0.00691601389363085 -0.0362945217494596 -0.225683073731876 -0.380109524816616
0.0164355728755928 -0.0408127883124562 0.308377528467689 -0.519863032200082
0.02209584687656 0.0368797657165894 0.830958557279003 0.0759504897812253
-0.0450094671340813 0.0284027139729125 0.334571771162786 0.891447239581993
-0.0245411964649041 -0.0220813952500193 -0.340141963723992 0.608527020808368
-0.0112776125191485 -0.0154395561263009 0.0539889369429528 0.0972727690634744
0.00145790324018838 0.0121183034175078 0.430044062756887 -0.567401033745365
0.00862504079176838 0.0037199251870544 -0.271674463437837 -0.937099407761697
0.0114253930070924 -0.030362472803863 -0.885849718710389 -0.11486393371544
-0.0269126137994579 -0.0559543984394236 -0.330385212159541 0.618420598334549
-0.0362898740589227 -0.0174515752530694 0.248365639219156 0.40272267874655
0.00497646312839359 0.0141626541337544 0.203943301623922 -0.0193267611777944
0.0350700090371298 0.00650269919145346 -0.0812870210157041 -0.216262047731706
-0.000827632783542691 -0.00330533119144547 0.0679035047377954 0.191338433872089
-0.0130389767319841 -0.00660636339725745 -0.170190765497983 0.0309263742171236
-0.00669493951659988 -0.0376001723021068 -0.215857201956533 -0.391767506098628
0.0209108629881434 -0.0448475292692716 0.317841520540701 -0.517923507576007
0.0254011390861886 0.0362461631425063 0.824257614341879 0.10068091592477
-0.0457855634143081 0.0317911665473636 0.30477231150857 0.903063316849406
-0.0314723246003948 -0.0175142186902929 -0.352944809322139 0.598315539395031
-0.0215853039286459 -0.0107774496582246 0.0560852287130796 0.0919363810322142
-0.00479854935491631 0.0173969813761853 0.419408599425396 -0.578286968350694
0.00922565771332751 0.00628200110028719 -0.302050418044894 -0.925194204770051
0.0145172954327853 -0.0347387290514257 -0.889190574545447 -0.0907532302937407
-0.023652902010684 -0.0613639003380353 -0.317107074271845 0.618952731850814
-0.0354305562244709 -0.0178580085663093 0.255589028120643 0.388279628051952
0.00307148642271973 0.0145487017886068 0.206687233666016 -0.0295957837145398
0.0325280087362936 0.00913892930635909 -0.0761353921651896 -0.219391131527805
-0.00402099576802201 -0.000528911013912668 0.0727829390351731 0.188353536836669
-0.0146516350643682 -0.0034593420661984 -0.166492530871401 0.0231112146407489
-0.0059703448936435 -0.0368221588394018 -0.208987577660122 -0.400644580965175
0.0258677215130951 -0.0470082556927201 0.327857402962485 -0.516316045953493
0.0315251540896507 0.0359207669901445 0.820994593046116 0.118365104358624
-0.0449109625245344 0.036260071413619 0.283501252745822 0.910546678650706
-0.0395910974530242 -0.00932109299367221 -0.367453354064916 0.594280895255913
-0.0314351822913912 -0.00473448991024059 0.0563505744656861 0.0880212146855581
-0.0114872337489419 0.0248760888524618 0.405535919939869 -0.585287182334708
0.0123320992236026 0.00873082679876823 -0.325875065391558 -0.917223940525286
0.0200792905103957 -0.0384909897704989 -0.895731410399081 -0.0719688672164196
-0.0193282249646773 -0.0626652251532761 -0.306368714342212 0.618668312268546
-0.0341805844943565 -0.0160852169865958 0.262965311143533 0.376857497695568
0.000781719314937204 0.0176615783959841 0.209912109849257 -0.0365068338364804
0.0293706982582748 0.0108781613910485 -0.0740637578095917 -0.222238753988638
-0.0071430839675996 0.00365483689292706 0.0759633076665666 0.186519117594263
-0.0162609493786026 0.000695381304787708 -0.161987882878587 0.0187218508438675
-0.00406527163581999 -0.0332198310768656 -0.205914138201128 -0.407484106889854
0.0307914795726922 -0.0469682506965951 0.329658605154961 -0.516499258762585
0.0392940320149866 0.0357548473013445 0.813389273150557 0.126106251444468
-0.0413929076792798 0.0408790177715126 0.265250382227641 0.917526928424049
-0.044329774728383 -0.00152165151739828 -0.377650117343043 0.591884637093596
-0.0409459384629745 0.0023242532552001 0.0506170225916152 0.0875331241752735
-0.0148046763629633 0.0318843587086179 0.397009791501238 -0.586344384771689
0.0174079053026579 0.012940364629491 -0.338950200278424 -0.912539096237201
0.0273067172457267 -0.0392978160778484 -0.900267648795554 -0.0645433290806172
-0.0142664459138964 -0.0617816624926341 -0.301061479170699 0.618076916233479
-0.0330216154655996 -0.0119110587568982 0.26959749410662 0.371386386065219
-0.000792628601233953 0.0213522853122973 0.214125784687535 -0.0399414690123461
0.0249595336396065 0.0141359866686086 -0.0674410698966383 -0.222940292676088
-0.00846767517188664 0.00777081286256972 0.0792355981690355 0.185115449246984
-0.0160090643024219 0.00595302315828822 -0.158549959057166 0.018496048761878
-0.00218449007309681 -0.0275365845340846 -0.204298612210641 -0.408601208276234
0.0385772392359378 -0.0449394616087103 0.326918115097879 -0.518752914575959
0.0483222762733441 0.03606444443518 0.810321957358289 0.123847028707429
-0.0354378893639258 0.0453358040096166 0.260061183730679 0.915786527547008
-0.0475791859906462 0.00615757065451721 -0.385319156442029 0.591154803936941
-0.046688878307795 0.00797072021228207 0.042854920808024 0.0878641444310643
-0.0155421095217382 0.0383840070326419 0.391262283225006 -0.584856225814649
0.0240891361687764 0.0163080926427709 -0.343695746144724 -0.912145397846987
0.0358240496320612 -0.0394183327244213 -0.903930796914701 -0.0678137663524718
-0.00869608236177651 -0.0589804776254624 -0.302330282193224 0.61395547536789
-0.032297286267651 -0.0061704110122478 0.272256046613068 0.368954361052212
-0.00181800898515123 0.0255493538252773 0.2184324266793 -0.0406704009172914
0.0223776413607869 0.0183002580174261 -0.0628747453205057 -0.224407377705849
-0.0106469225807521 0.0118529174389442 0.0812021912237782 0.185371024130767
-0.0151781461466547 0.01113473173484 -0.157129856145349 0.0210108891806812
0.00146047937834174 -0.0201576511451946 -0.205915070706399 -0.404892955416839
0.0423981627493363 -0.0415167299851509 0.320917425741987 -0.523301260201937
0.0565331889707655 0.0354994951996364 0.806828253435379 0.11127631787122
-0.0276841266768658 0.0494446971720225 0.269590754626127 0.913455085299739
-0.0481067310636702 0.0118586329031586 -0.385738907440016 0.596810595728204
-0.0502922507088845 0.0139148410560249 0.0325759159981959 0.0923612646963565
-0.0150834084750612 0.0437405403562379 0.388713271814492 -0.578582779022182
0.0307482571029996 0.0201371121837394 -0.331465839633811 -0.918532849842849
0.0437484423425607 -0.0368326419947603 -0.906014959174459 -0.0840933554978902
-0.00328356028288377 -0.0537272336457433 -0.309516098583922 0.609512903594885
-0.0304566617837268 -0.000652893214611407 0.271131105071428 0.373386082547566
-0.0030433606057434 0.0302259235061862 0.220732252617262 -0.0369553806622328
0.0204819232895595 0.0218873229256301 -0.0593416819365191 -0.224846367347717
-0.010154408311838 0.0153660546072762 0.081680979756345 0.185034300412397
-0.0134153344851922 0.0158813238618946 -0.156297410894712 0.0278607917326809
0.00287685928222335 -0.0138042159480696 -0.210774060068259 -0.396610476058693
0.0474420302972818 -0.0373187684442115 0.309600365629757 -0.528093427663301
0.0630197168404948 0.0374136057113391 0.807664982755108 0.091583181914906
-0.0199288016340622 0.050820849005885 0.282889403495038 0.900220854117326
-0.0436809764786753 0.0160771094849963 -0.380618745666235 0.604836853372645
-0.0493494421726948 0.0154772905623315 0.0219232809813898 0.0982456617111075
-0.0133547869677453 0.0461936801892645 0.394210189359473 -0.565500018559464
0.0358847791373781 0.0222808536756075 -0.311256680768326 -0.927835642330205
0.0494870566499898 -0.0330270970366624 -0.900284418809699 -0.106863176178649
0.000600790239553572 -0.0477916093365904 -0.32042080650535 0.605672837484521
-0.0283901191695108 0.00432102807221604 0.265488333773279 0.382358793620869
-0.0026691979174508 0.0341716119052237 0.22360750718414 -0.0301875562474043
0.0196578233770526 0.0259633320079906 -0.0562704027293122 -0.223577213716706
-0.00837714676954779 0.0173647139028671 0.0793163403342584 0.187755010236482
-0.0113510772172273 0.0182434609966407 -0.156173396044679 0.0368010314810572
0.00383666457071779 -0.0077800165502711 -0.218612258743506 -0.384142455715089
0.0478936450725061 -0.0309803240422075 0.297348394801534 -0.531542323945411
0.0669472530308811 0.0382894247732474 0.807466938675551 0.064434335144406
-0.0130835018599827 0.050271439358136 0.307562606992063 0.889083008950246
-0.0372893914584495 0.0162876986298173 -0.371203692306678 0.611390850711448
-0.0446270722971289 0.0163062882236248 0.0110964979428979 0.105897545699443
-0.00852378423871087 0.0458605176392581 0.40416825795394 -0.552488893033967
0.0400849092257431 0.0246951898557485 -0.280560164206508 -0.940180547627386
0.0530352661624512 -0.0286973377815809 -0.899519267545718 -0.139659495025858
0.00266913724734688 -0.0426426229112215 -0.338661384552552 0.600618573441837
-0.0273969646982757 0.00824723651888315 0.257813350125753 0.396040669596762
-0.00118289885569603 0.0351861930674008 0.22171336005583 -0.019982650807962
0.0205481685770877 0.0279599259255046 -0.0558412412194827 -0.221512652585547
0.00181743386096771 -0.00467616311381807 0.0656947646331886 0.189928385466924
-0.00942543098074771 -0.00656798911343076 -0.170838791203704 0.0409155526112162
-0.00776584870437361 -0.0353233438076925 -0.229891113845949 -0.373038493810979
0.015976723653428 -0.0408106742175376 0.297007720292861 -0.51875450719064
0.0226725683122773 0.0354705168601109 0.822369131106665 0.0659286917900302
-0.044075055507821 0.0294714792581732 0.342004919705642 0.876624495035983
-0.0245018816661578 -0.0224145582410852 -0.329303678604341 0.606141309933477
-0.0116789107214715 -0.0150153464421337 0.0541016789723708 0.0957341215507387
0.000801637816651877 0.0112117072699433 0.420615219083618 -0.564849193901019
0.00774138695853883 0.00400080280481145 -0.279138545014048 -0.920880418840678
0.0107008787714033 -0.030236025478564 -0.876230682691197 -0.102699390725272
-0.0269684729811343 -0.0548613287604497 -0.3184947759508 0.61497609280606
-0.0364822054771432 -0.0161444785945803 0.251720549550845 0.395142176844531
0.00511744542794474 0.0132746943341303 0.201585968180606 -0.0216499125583918
0.0340468355133814 0.00606306943440015 -0.0825035977165661 -0.210405687111072
-0.00102133626494057 -0.00310702901161242 0.068960507692598 0.188043377029607
-0.0120191407880148 -0.00565794486949391 -0.167951119181539 0.0325715664592106
-0.00755730488784997 -0.0361838390102791 -0.220825745889507 -0.38538650744986
0.0186761400966096 -0.0443855978601055 0.309120675828824 -0.517837693668462
0.0265947101725344 0.0347763705899001 0.817703722620155 0.090044368359356
-0.046006741927423 0.0322543409053738 0.315257209241067 0.890399998568939
-0.0315348197197119 -0.0161168559071513 -0.343601430072429 0.594642808527784
-0.0215183454796771 -0.0108826971107463 0.0567718502480555 0.08941441695306
-0.00534313786479969 0.0177446822041776 0.408490975431573 -0.574875083743936
0.00848855434150293 0.00582648287088107 -0.310037119656868 -0.910129113341676
0.0139061382258598 -0.035028073626082 -0.880422808648484 -0.0794362243385052
-0.0243203253340539 -0.0589963387923262 -0.306621728799277 0.614360007491664
-0.0356465477228362 -0.0172249804512674 0.25907313807018 0.380716439454341
0.00357520778096297 0.0138906131598464 0.204915072596938 -0.0315838099816496
0.0318110187766452 0.00683980642319308 -0.0780017598374585 -0.215682873654055
-0.00423880743960067 -0.00106187423848498 0.0731358867582084 0.185403711764605
-0.014177917608531 -0.00280743633425 -0.16392190361152 0.0245479005149068
-0.00740847550867653 -0.0349928763900381 -0.213472717709254 -0.39440962739743
0.0235342928066613 -0.0467726147593787 0.315718781084813 -0.514664574075571
0.0315983799719632 0.0346936506468274 0.812109396357399 0.106916365497189
-0.0437936458836736 0.0369259156064894 0.290805352674108 0.897874877134502
-0.0387514019000758 -0.00867724704090474 -0.355717197881357 0.591150171124268
-0.0316056533628179 -0.0043449258559878 0.0561371653434182 0.0859124509417421
-0.0109572599774497 0.0242125174670514 0.394486540050975 -0.582232430191164
0.0114713999302921 0.00917158272502683 -0.33133091015348 -0.903108802264287
0.0195709201428314 -0.03793613575854 -0.886221374743413 -0.0615498688414273
-0.0206403275038645 -0.0619372862692953 -0.295695074372637 0.613692118287302
-0.0344038565027455 -0.0151722655467157 0.266226839387705 0.369635262987531
0.00196800466563221 0.0167173758876364 0.20757198376066 -0.0385202225682018
0.0291370716253205 0.0096960504586531 -0.0743766871368244 -0.218078728014184
-0.00782426883404515 0.00377841378530852 0.0768508274380857 0.182459712371362
-0.0151570852846418 0.00190352121471815 -0.159908305710092 0.0198594896872056
-0.00527688951866441 -0.0315677532423069 -0.208463774287167 -0.40027231132587
0.0308148182821296 -0.0476592579897479 0.318216840953716 -0.516025957794961
0.0399593216456526 0.0344307235193941 0.804397492234604 0.114830935397724
-0.0408666339617388 0.0415627551153605 0.276427547542304 0.905067793025061
-0.0439122086653266 -0.00160867941434236 -0.366667238512989 0.588410124565412
-0.0397884144001001 0.0030144549559543 0.0512687109005001 0.0852704228608136
-0.01399382724967 0.0315905337264445 0.386109953982259 -0.583410571794026
0.0172889713999006 0.0125905475413973 -0.342488063855082 -0.895362845887771
0.0269881628917304 -0.0397286972437604 -0.891312669301572 -0.0540901134926769
-0.0147972781410711 -0.0606119537280251 -0.289362631216389 0.613217606047053
-0.0325006536247625 -0.0110893438882165 0.27092200595341 0.361506027141569
-0.00020586141542757 0.0207743564431953 0.212219969376114 -0.0425672917804899
0.0256320977540987 0.0129533138514197 -0.0692209474702676 -0.219771282323118
-0.00990507467134935 0.0080952530208817 0.0810764948078317 0.180982752382722
-0.0154865536002101 0.0062073333138234 -0.15742680040548 0.0198836474968795
-0.00285004539335631 -0.0259817753197426 -0.207313139260793 -0.402698228265753
0.0371104909009061 -0.0450190281023809 0.315878620485541 -0.51705338490574
0.0483791919774713 0.0348545756656862 0.802800054847303 0.113066263956652
-0.0341101719022557 0.0464990067362946 0.269450657348445 0.904687283557309
-0.0472382598007065 0.00576954202583287 -0.372262216233413 0.587362387152344
-0.0460957166137768 0.00877264526274801 0.0437689822898995 0.0858633844269015
-0.0151794012623838 0.0380630370331037 0.380487094427111 -0.580013461681416
0.0236886702933815 0.0162211590301069 -0.34974503843874 -0.898165018296855
0.035401659578043 -0.0389282804469199 -0.892954588552045 -0.0583911271209484
-0.00906881586532321 -0.0576520792871439 -0.291201343140463 0.609715264478504
-0.0316879704426167 -0.00558588409189669 0.274156068805391 0.361591312833644
-0.00120104239390767 0.0247513003448513 0.214855071020304 -0.0435645541662935
0.0215382793339467 0.0167804999630486 -0.0647677402351379 -0.220834210800568
-0.0104454340306493 0.0131216159017829 0.0823908969906496 0.180799823061282
-0.0143212574963597 0.0116857606373072 -0.154548142773427 0.022369677819868
0.00110222518815791 -0.0197638443153424 -0.20936393021296 -0.39764172345993
0.0415666826150128 -0.0420420434617443 0.310034331791069 -0.520540415410165
0.0563027630792348 0.0344257873011316 0.798970756744968 0.100449022281766
-0.0271375389718861 0.048896154041473 0.276990079424158 0.900355473942715
-0.0473448891050129 0.0121838771077588 -0.373645431812361 0.593087981602972
-0.0483870076634022 0.0138818678295855 0.0338209604962613 0.0901850145756833
-0.0146948718925816 0.0432433501548084 0.378037220236251 -0.575600224419516
0.0302785599642444 0.0203086929124385 -0.337662430668552 -0.903409363480688
0.0423908485365315 -0.036251294428619 -0.895789900717651 -0.0714714922433395
-0.00398900184008709 -0.0539321658522598 -0.297688244422173 0.605788807020398
-0.0301379639616651 -0.000281111817333006 0.272323199949993 0.366019756275116
-0.00206801255126716 0.0300498459748888 0.218447012170722 -0.0399071468020914
0.0199985700192085 0.0209067907938748 -0.0612548647929185 -0.220719438167066
-0.0110163520756897 0.0160154805988872 0.0820172670912966 0.181510275572263
-0.0133635126221716 0.0153653215812461 -0.153570839494542 0.0281516572072266
0.00225102393866287 -0.0136284337815683 -0.214369051338412 -0.389673476888153
0.0443125743995013 -0.0365519123578141 0.29939261454356 -0.525576007246753
0.0637381423993005 0.0353409538937926 0.798799546451793 0.0813593024801529
-0.0197253860027597 0.050935131504433 0.291614057876716 0.889791558804612
-0.0438102798061091 0.0161602495726629 -0.370413120352824 0.601217172855888
-0.0486297193194921 0.0163995573888954 0.0224105089842183 0.0969698631655713
-0.0122946589615027 0.045894264633903 0.38442538685637 -0.563680906541165
0.0361053430337761 0.023041989065545 -0.318145819312436 -0.913073371656052
0.0484206858773055 -0.0328142803814469 -0.892151009095165 -0.0961276430149144
-0.000121072052240021 -0.047603194065963 -0.310226752252825 0.601598680497306
-0.0286507202623637 0.00511012877998646 0.267993382889854 0.375423938543392
-0.00204146726712924 0.0327110242614744 0.219929631844189 -0.0317310775609004
0.0193810087572328 0.0242545509783908 -0.0586128179569946 -0.219492155721925
-0.00874485751212455 0.0175214902787966 0.0811039466603771 0.183514775249683
-0.0112453252191558 0.0193329865081227 -0.153396624064576 0.0379428421250387
0.00471351678230912 -0.00768503897542194 -0.22089281466511 -0.378329810827246
0.0459921045736224 -0.0302181633691118 0.287273599007642 -0.531319735018735
0.0670528562091531 0.0361955138966985 0.798261084565803 0.0567294296048499
-0.0131571628066818 0.0506615651407976 0.315165724925223 0.875832262236551
-0.0373104827385975 0.0163989296557449 -0.361435297481689 0.608284238000415
-0.0434803150146692 0.0160839086758165 0.0110261873633717 0.103663987209755
-0.0084660728193207 0.0454848305213359 0.390018114648371 -0.549721313147791
0.0401077049307943 0.0234266018526575 -0.287574542825664 -0.923447880701064
0.0520138760702515 -0.0288991554455915 -0.893789512483459 -0.127782606284564
0.00173686770923751 -0.042547838643582 -0.326047980399532 0.598173363120823
-0.0274770598322523 0.00850362769617141 0.260644624635417 0.388161264783152
-0.00159414317092007 0.0355992376231148 0.221041791196654 -0.0211680173260544
0.0204379043498581 0.0261557734287762 -0.0576672378759631 -0.219072356768719
0.000762177081612546 -0.00441016636448643 0.066234204979012 0.186138097462758
-0.00856806449290524 -0.00624858249267641 -0.168372609869819 0.0424132910211463
-0.00795750702700148 -0.034735575051176 -0.230347108878817 -0.366322647676159
0.0143342977905098 -0.0407385997280156 0.286623135906271 -0.515927551652774
0.0241788561157181 0.0340785134659535 0.810480870865792 0.0575199182005371
-0.0437445812581016 0.0294010433173462 0.346176651633792 0.865325374381427
-0.0255401794638356 -0.0213972916679729 -0.321140165647736 0.60013768357738
-0.0118576826671996 -0.0143472270956073 0.0540688549375412 0.0929276117452206
0.00034225413729946 0.0113432179011207 0.409240807646672 -0.561108483356428
0.00841955019637738 0.00386699187399988 -0.283780473313644 -0.905764308571156
0.0101729664808045 -0.0304684804539546 -0.867594316561604 -0.0935272759886565
-0.0272461199470671 -0.0542494708489002 -0.308056675593633 0.60884752595579
-0.0353964306121642 -0.0151591741424372 0.253518088196187 0.38657687580679
0.00555064032747196 0.0124962673141703 0.19825497334416 -0.023130078861775
0.0340309301019144 0.00530945502753493 -0.0824290765415623 -0.208074165571563
-0.00243311866830077 -0.00255566397472307 0.070326942563191 0.184094531363817
-0.0122995127440593 -0.00430122547898911 -0.16477814989462 0.0332604038952024
-0.00804751799135421 -0.0350802141753647 -0.221873222982244 -0.379102928366326
0.0180163733657803 -0.0447636018671887 0.299080016508691 -0.514319030466711
0.0268853657991801 0.0336097148655305 0.805992979727934 0.0805464645146586
-0.0450088893630932 0.0327819261132083 0.317904611162336 0.878342418416622
-0.0319100765857951 -0.0157776071076857 -0.335974386073519 0.589452083390221
-0.0207553393799141 -0.00967817806498136 0.0564140909532587 0.0869364129741764
-0.00577382930337229 0.0170485987759984 0.396956924486752 -0.570397408154955
0.00879478169305823 0.00591289991276948 -0.311484735924959 -0.894877625103639
0.0131295553387688 -0.0345115313828677 -0.868426755147365 -0.0686445836730875
-0.025233389993991 -0.0579600199680046 -0.294463684446268 0.609577499118353
-0.0350306255456939 -0.0174026464877856 0.259545666356306 0.372283225753006
0.00403178129097815 0.0135507559455799 0.200929461752399 -0.0332306326658222
0.0315609570144895 0.00602261256791644 -0.0783106188052449 -0.211721242502163
-0.004836556871141 -0.000159576239230857 0.0752977382921774 0.181097552641845
-0.0140472319003846 -0.00232613213161543 -0.161571270495557 0.0262492272510173
-0.00763511841012099 -0.0348433211089028 -0.215522477556634 -0.386147507554189
0.0224187037988651 -0.0458713687781015 0.305892615544957 -0.511888508957868
0.0321875398264899 0.0328619232131212 0.801223399964886 0.098295091556813
-0.0435183895662607 0.0371812635261034 0.295156183255629 0.884196001900408
-0.0385389481745799 -0.00777373501609263 -0.347193667435748 0.585631609280483
-0.0309298557040042 -0.00369857793296383 0.0554841671483976 0.0835153924093636
-0.010682392293265 0.0239338010907613 0.38499520015331 -0.57583952539733
0.0107885104209573 0.00852591168194179 -0.335296367104279 -0.887942166008865
0.0182118648823265 -0.0373626198582001 -0.874140737115625 -0.0527409127454389
-0.0205759443111735 -0.0615723145435406 -0.286149822189238 0.609771378622912
-0.0344590616159095 -0.0154979905316593 0.266618147199065 0.361293724858703
0.00268482970834952 0.0154707335656243 0.204377706621904 -0.0396832365592304
0.0284220061222001 0.00857332099906103 -0.0751288022448179 -0.21391446547115
-0.00738684789499343 0.00434549855023554 0.0779756256983392 0.178655512262677
-0.0148274983512257 0.00196212455309556 -0.157642385177856 0.0205967778533432
-0.00514789790499555 -0.0307841023667403 -0.211455398607825 -0.394298958101807
0.028620031667957 -0.0469561660701484 0.307804124182458 -0.512466668234632
0.0397768025656219 0.0330093931175009 0.793737397222147 0.106694213226521
-0.0398426011545266 0.0413007013005135 0.280073895883075 0.889748987456786
-0.0440588733726292 -0.00130991902674811 -0.358091369798596 0.581976049024143
-0.0393490219980109 0.00278270822196783 0.0507231479126289 0.0823780127196353
-0.0141738080659463 0.0308768196624794 0.376824347748989 -0.577921309840471
0.0168404484615358 0.0124193645319404 -0.346313411618346 -0.882986837181742
0.0259838563807836 -0.0390420655904523 -0.878927632424656 -0.0464869729574087
-0.0149743952455896 -0.0596625898492163 -0.279805329836725 0.608331357288398
-0.032642549700496 -0.0105096514528796 0.271962306341126 0.354543658845413
0.000579950112483927 0.0198137932167297 0.208279764920549 -0.0435160100058
0.0247556736629171 0.0126666980186301 -0.0701640218484419 -0.21597986319017
-0.0101953422638103 0.00804718713120046 0.0812427985585755 0.177397064813261
-0.0152380921861771 0.00703571698533202 -0.154900152620155 0.019909460495862
-0.0028332325007001 -0.0257476950789162 -0.20898644537696 -0.394643116516315
0.0354061011432094 -0.0455973092937941 0.305525503067795 -0.514581401712496
0.0486839376968784 0.0325394899256782 0.791296992187874 0.105039517368066
-0.033624404455049 0.0461660755880552 0.274833262116777 0.890272923819109
-0.047220725119876 0.00657366179880879 -0.362033114990378 0.582409254833373
-0.0452199049220227 0.00907528435767777 0.043041543899705 0.0833032567582328
-0.0156059452703208 0.0376583340769167 0.369742919113467 -0.576045636234754
0.0238987281362693 0.0160742557122802 -0.35179921270071 -0.884161082330163
0.0346942075754529 -0.0385990786845029 -0.882882462841759 -0.0488875305426136
-0.00957978816941103 -0.0571139577694915 -0.279406669349394 0.60471737361483
-0.0306636864863825 -0.00530915222626797 0.273408425221204 0.351837649996234
-6.34894709054239E-05 0.0251333599420558 0.213254450316397 -0.0440058443024333
0.0218524792333505 0.0160437827242117 -0.0654202520804579 -0.216495352707609
-0.0110694390847254 0.0126158555281782 0.0834378410445103 0.17652058125273
-0.0138711610809911 0.0115061803448027 -0.151983855634376 0.0234677237495694
0.00041396143598104 -0.0192740277328322 -0.212323387091659 -0.39056630515655
0.0400419459129992 -0.0414685635171735 0.299324062792021 -0.518034675345633
0.0574744114755587 0.0327382946876311 0.788132919895787 0.0912582425461613
-0.0267006655221864 0.0491490276677935 0.281532269880562 0.886044725112588
-0.0470432201122162 0.0126024005797061 -0.364392476765971 0.587923248924385
-0.0485197867033076 0.0136449643880316 0.0322439111956364 0.0880657427041193
-0.0146128808542443 0.042424488471125 0.369265175340399 -0.570397346224425
0.0297626642874188 0.0190434553746917 -0.341058488043885 -0.888012693960941
0.0417757087675611 -0.0361042791595124 -0.88549563885084 -0.0641199328862468
-0.00452438130100805 -0.0527432429712516 -0.288120837920008 0.600894916128791
-0.0299773173490692 0.000104741598740377 0.2741201715784 0.358297653833111
-0.00154638663333387 0.0282645377768365 0.214775986034069 -0.0413418243414509
0.020051996180764 0.0198627050044637 -0.0620610841884439 -0.217247943741142
-0.0106389273876852 0.0156743614989472 0.0833733016231209 0.178102838346522
-0.0130067947374075 0.0162522262991878 -0.15124721697131 0.0295133369103418
0.00283743940803262 -0.0128289499399861 -0.216631899079348 -0.382585735356934
0.0440124619063555 -0.0360790859927632 0.289406819573434 -0.523292271975605
0.0632769116137712 0.0336697324989656 0.787332894028158 0.0727090417412114
-0.0188161578957512 0.0507523441735451 0.295499650181201 0.875673166041521
-0.0434738317251816 0.0161167254213871 -0.3598281921939 0.595194827714105
-0.0474017126148281 0.0162948547295555 0.0215125929891446 0.0943355947347233
-0.0119164711994949 0.0444258504329692 0.373046396179475 -0.55826680945924
0.0352528719892078 0.0219628464646619 -0.322650058476026 -0.897696024983656
0.0481557462906074 -0.0329059208467719 -0.88440406089186 -0.0878274221501306
-0.000426752977765482 -0.0471616794880335 -0.299828774750402 0.597186980138943
-0.0283985912966274 0.00512215963208396 0.268222500873454 0.366749410734537
-0.00164882676811151 0.0317396453897244 0.21806530405091 -0.0331476684175029
0.0193486952884369 0.0223497158832049 -0.0599511436664594 -0.215791349698931
-0.00942399174110013 0.0177983328159355 0.0819183706239759 0.179114116499396
-0.0107071315566481 0.0191682364559268 -0.151367788226759 0.039320052114721
0.00402742302070084 -0.00733277217918577 -0.223782358166345 -0.370692445191887
0.0448101131193063 -0.030797660766569 0.277132748386279 -0.526095535799727
0.0673113606781952 0.0336936049761266 0.78661146649142 0.0477811755510362
-0.0128217401810791 0.0508747591402315 0.320590969019181 0.863555792419509
-0.0360749054548474 0.0165918776939663 -0.350567420915345 0.603129535158517
-0.0428801187465013 0.0166138023645338 0.0133105928618621 0.101463908901358
-0.00828075284809663 0.0442274240741609 0.380488620789684 -0.544577657627471
0.0386009040433071 0.022958206377943 -0.292718577179923 -0.910170596737708
0.050720325417432 -0.0287096555230798 -0.88174336168255 -0.116592708053554
0.00160077645631028 -0.0417799068956128 -0.316293668624563 0.592604468700387
-0.0273795176339774 0.00845921096428996 0.262475244012647 0.380990263867914
-0.000299029135424903 0.034233832992183 0.2170523531382 -0.0239810536447799
0.0200463962764774 0.0245431571260738 -0.0592906339328129 -0.213618876231962
0.00354809481629235 -0.00257496321074644 0.0941335667213051 0.169943302995462
-0.0100272579080091 -0.00125784387309501 -0.159494584797897 0.0679167705951851
-0.0191845249668553 -0.0299965507855918 -0.282815737114396 -0.326387532073189
-0.00116808066983673 -0.0505213325428579 0.210766852377768 -0.554320163148927
0.0333377422383689 0.013679737126915 0.810668534603579 -0.0619335045674485
-0.0276607628822614 0.029430234743129 0.464253893636588 0.810143780670256
-0.0224251385133432 -0.0139799841644061 -0.243387208509372 0.639519230000752
-0.0113207340923283 -0.0131044971955912 0.0655261448079798 0.0834156849403064
-0.00133095696806973 0.00682279489335257 0.325580899808609 -0.616544410571381
0.00335096826495156 -0.00174547001011752 -0.421573301293417 -0.854146871667509
-0.000656086736665051 -0.0266667629541404 -0.866834554765674 0.0410029876020382
-0.0376109195964212 -0.0428659994686942 -0.209226650919593 0.644871718632069
-0.0350979787457621 -0.00816527034256092 0.308128633261773 0.338394656701471
0.0103844928306569 0.0117520822925766 0.189313879468962 -0.0536605553094174
0.0309081110714611 -0.00248970794715584 -0.107849526709598 -0.190970935145444
0.000849275202236141 3.34398800976403E-05 0.0970461097533413 0.166805306627282
-0.0121807011232827 0.000149586354725282 -0.158226853037027 0.0587408442640398
-0.0202748557018541 -0.0312365266249644 -0.275525129067853 -0.340011777651971
0.00142478320415713 -0.0543288095945863 0.221728706130816 -0.554487069993146
0.036312514918239 0.0124494525892819 0.809059721995051 -0.0386110175299837
-0.0287232249081312 0.0335354074589646 0.439824824108587 0.826615107906667
-0.0285090718925778 -0.00788343653050236 -0.257716808589251 0.633450345154992
-0.0202827807116393 -0.00797938553220119 0.0671045626448964 0.0772082848607933
-0.00678923942763593 0.012470947883182 0.31112351292344 -0.623710614371453
0.00364307083576237 0.000928126639732099 -0.446320324474167 -0.838514953733326
0.00218602686785852 -0.0311129185329641 -0.868343519985457 0.0650263029449675
-0.0355533835544084 -0.0470567382611638 -0.198066526010031 0.643136683773755
-0.0338265771971051 -0.00863967006156287 0.312668539822715 0.325240243703666
0.00845818989739191 0.0123368956215303 0.190349558586764 -0.0623431110986109
0.0292713332828312 -0.000911456304950098 -0.104161127963714 -0.194374502343543
-0.00166574146757399 0.00233279413887054 0.101111322384244 0.162924301470369
-0.0137908367715949 0.00225733780733505 -0.155273246875175 0.0502260522660545
-0.0196169975130185 -0.0309595016641007 -0.270838867676856 -0.349576577348455
0.00661468351069052 -0.0567529275916269 0.230074950386924 -0.554190426585483
0.0421346372694269 0.0110633871683102 0.80610028410854 -0.0217188214625582
-0.0266163730972787 0.0370900379295702 0.417910121749705 0.83714313940532
-0.0341070547831016 -0.000112432724182213 -0.271298825302089 0.629909156207779
-0.0295886614678162 -0.0001733731069121 0.0658846811050735 0.0738519586001019
-0.0111957268090497 0.0204908786892254 0.299637756244324 -0.627912585296357
0.00663676713827827 0.00343453900995258 -0.469036443348267 -0.824789974251347
0.00762998413694168 -0.035012580065284 -0.871529376663664 0.0823249421314749
-0.0309612247324274 -0.0494052885018881 -0.189553550505625 0.640758694294639
-0.032359991277682 -0.00737848030261305 0.317065254013234 0.312829634874041
0.0077037175539543 0.0150587241313042 0.192709082014517 -0.0712092065274596
0.0272868455640497 0.00141651832195393 -0.102205787710588 -0.198426793932139
-0.00321952519017325 0.00644642603535826 0.104043478391723 0.161264119441718
-0.0145213191135893 0.00647296114438266 -0.152665144133651 0.0453877580466092
-0.0173918560942539 -0.0279328645396378 -0.267824002649863 -0.355162045590814
0.0114745417045809 -0.0582509085656949 0.232856944683689 -0.553867620339907
0.0490678522574542 0.0100747828759866 0.803142915147878 -0.0115572142776476
-0.021729484111571 0.0420046636314111 0.402258463029786 0.847249836367035
-0.0376112157532239 0.00818229538768002 -0.284157112980902 0.628460463982164
-0.0368915739436799 0.00653961275353883 0.0608504678793778 0.0733333831736437
-0.0138167660874258 0.0280143006107271 0.288179213152636 -0.628571301144247
0.0121737685763562 0.00557167819829165 -0.481012759812176 -0.818018196548456
0.0148078272628205 -0.0365476564676552 -0.873734742597832 0.0913822043139868
-0.0268214903765784 -0.0496788479860928 -0.1833181006715 0.639328526194122
-0.0310334547756567 -0.00330323252156458 0.322452473223071 0.304524291348585
0.00666075837035892 0.0187661901505719 0.196943892294211 -0.0762266764637483
0.0238689192257853 0.00600916136801123 -0.0961460162219025 -0.200939301993579
-0.00508249650533092 0.0115293084197295 0.107331276183462 0.159491095642714
-0.0132917981759217 0.0101801063319247 -0.149914985658884 0.044375292847975
-0.0138317908373756 -0.0226236704276322 -0.265266431843606 -0.356715770380547
0.0173359975727276 -0.0574436919569719 0.230497418499298 -0.556057289351698
0.058174305808085 0.00826852276036364 0.798825988807219 -0.012042632372307
-0.0159043688300767 0.0458990606216932 0.396798247057251 0.848889129992424
-0.0389007676050999 0.0161024288596946 -0.288156279276911 0.630023837856642
-0.0422970233975515 0.0132342861255829 0.0531931770175462 0.0759338845461656
-0.0143139419227165 0.0345449128389292 0.283341045511553 -0.626536207592168
0.0187144645749108 0.00919901008592102 -0.484520529693792 -0.820310310151039
0.0225743866595662 -0.037351085775126 -0.878104603196911 0.0861956250647675
-0.0202000886794769 -0.0479644144161079 -0.184186685700658 0.635324282560937
-0.0286164431252972 0.00156006810297381 0.324609105008003 0.303602044917463
0.00613266064154593 0.0236234570521599 0.199920173296735 -0.0772637063212067
0.0206839626053482 0.0095451320310973 -0.092211319206935 -0.20214907841277
-0.00585000304369455 0.0152541803648428 0.108259932111436 0.157903389612439
-0.011819491994884 0.0157383935180032 -0.146928790319736 0.0465899646538498
-0.00984941373612639 -0.0177172633718263 -0.266487381993765 -0.352379525610142
0.0234769549739527 -0.0548333148722746 0.22374817002481 -0.555734193402189
0.0653224709196371 0.00835427662414782 0.793785843436245 -0.0253962456896103
-0.00873644496109125 0.047761827585318 0.405451637401498 0.842753088868544
-0.0389035390512301 0.0222166300762348 -0.289516093949961 0.636370813282435
-0.0445782863542314 0.018471397984447 0.0437186649516684 0.0817030103277658
-0.0125006066714609 0.0396435451595098 0.284699116433217 -0.620335934385863
0.02578540627085 0.0118194563530243 -0.47588274916065 -0.824947856312473
0.0301383033055659 -0.035086803452886 -0.881556855999124 0.0723269907850815
-0.0156302420310737 -0.0432443852412712 -0.191254021233057 0.632831030328141
-0.0268606429599284 0.00650081345542423 0.323387033333505 0.309269894916266
0.00542982041016717 0.0272408605016054 0.203453875892051 -0.0735757079933667
0.0201141688253567 0.0140619471084707 -0.0885056032291558 -0.203409167835739
-0.00446882385582829 0.0186044110082259 0.108975500938288 0.159683464041366
-0.0103263225725577 0.0199225887559119 -0.145669781053537 0.0530918558879578
-0.00723656174188032 -0.0115225079864339 -0.27064712704348 -0.345158280522974
0.0277334179769856 -0.0513197117301619 0.212980285056689 -0.55762763445504
0.0711197407031013 0.00763343584180613 0.791691294773684 -0.0453357243232252
-0.00105617882891739 0.0481000344006343 0.416909623335197 0.830498200798011
-0.0348363182517098 0.0247229344397944 -0.285396015911459 0.643554574696372
-0.0430357930743197 0.0220716510828636 0.0340102805717236 0.0895975653893134
-0.00989471175956189 0.0411114342165206 0.290389406581782 -0.609248555251656
0.031655234410108 0.0129492091060568 -0.456704496184889 -0.839802007835314
0.0352718737552654 -0.0328438452642532 -0.882966545117789 0.0485919560481527
-0.0112610279767293 -0.0387647017134062 -0.202472792722819 0.632729230649923
-0.0259531742225722 0.0115808006509548 0.319968375860298 0.318611180715977
0.00574284956464351 0.0317424380056361 0.206504774759905 -0.0660883014940837
0.0190346788344681 0.0165635941895402 -0.0862035765066405 -0.202139579583731
-0.00445800018247324 0.0197023255017476 0.107446020637591 0.162142209859772
-0.00765764700220197 0.022149664733578 -0.143393316208809 0.0625930637828038
-0.00522242513703178 -0.00649389637832538 -0.275619552036975 -0.329776113135718
0.0285703084096517 -0.0451506693134002 0.199847941057364 -0.561741799254909
0.074337014053573 0.00737131908118705 0.786838920609085 -0.0694220771396565
0.0049295091900293 0.0469275661418244 0.440778335519535 0.81458427007437
-0.0291063471537159 0.0246943863203008 -0.274488537101578 0.649906630148654
-0.0391199274859536 0.0206042981334345 0.0249937301074355 0.0984662534900493
-0.00597411063162956 0.0409451276833374 0.300068654862942 -0.597075561216287
0.0350892747686043 0.0142199652515571 -0.43083043264833 -0.8541267789707
0.0388043316510277 -0.0298739330747381 -0.886265189269965 0.0191329649820666
-0.0079664373981417 -0.0338700084553256 -0.22299069309627 0.62895936414832
-0.0237186190851585 0.0145034516097611 0.315073209783743 0.333326468936971
0.00769567222966166 0.0333920811419894 0.206879509726825 -0.0568938276118119
0.0199577418828664 0.0185036899590222 -0.0859473463373178 -0.200799654948511
0.00267838351945798 -0.00223103322100926 0.0933881571563875 0.165952811558788
-0.00881244609827484 -0.000699894232554958 -0.157221982361728 0.0669554074377211
-0.0194850514926798 -0.0294155767021267 -0.280709284182497 -0.320348491866619
-0.00128515820821015 -0.049955599225962 0.204447629788379 -0.548359973608635
0.0344430722855807 0.0113877331663631 0.797344828574808 -0.0651853186508661
-0.0272889724403901 0.0294347868797561 0.461865587011362 0.799022091465504
-0.0218890591612949 -0.0135777789698558 -0.236280329511101 0.633405562185544
-0.0117868800750313 -0.0130290576429516 0.0644798806212029 0.081302684322814
-0.000471487591990767 0.0059108912313227 0.318193137941902 -0.607924281859126
0.00212908552877955 -0.00171291939295494 -0.416288385572965 -0.840580110409072
0.000212069714561808 -0.026050250200046 -0.856164024438399 0.0421483881611416
-0.0381030655241437 -0.0424730664654098 -0.205430532716809 0.636914625017895
-0.0345827122821491 -0.00819100996894142 0.306879936306345 0.333636061273579
0.0101035324141786 0.0108142799917621 0.186718738737505 -0.0533798062401358
0.0309861968541245 -0.00314100239608419 -0.107314172354313 -0.187661350721959
0.000559758878411743 0.000219773769700852 0.0968080038775438 0.16372281712146
-0.0114177260263238 0.000754534280330799 -0.155203149633481 0.0582643792621983
-0.019807710790437 -0.0304232397319491 -0.273768911040697 -0.333795211005668
0.001162937000879 -0.0546926499409146 0.215973966617523 -0.547092816217417
0.0362619936629603 0.0113917198115743 0.797287306104167 -0.0411540736041603
-0.0286830856165924 0.0330161215795828 0.437213684251293 0.815674727414524
-0.0279169321020469 -0.00765699827133983 -0.252614022348263 0.6257924540751
-0.0201889155637963 -0.00814154984550889 0.0661142369007778 0.0748589898029162
-0.00743279130056655 0.0122695761119005 0.305373586379893 -0.614474533384138
0.00329572460685543 0.000670728791851257 -0.443320264206951 -0.82350333529565
0.00227036551430761 -0.0300403507688722 -0.855016408574618 0.0675294217625384
-0.0359128755220041 -0.0462717053274681 -0.191748809448884 0.635393640214445
-0.0338989884665352 -0.00808398563059134 0.311031639249496 0.318761877744394
0.00910308363813722 0.0126911603328212 0.187920990177528 -0.0627127745855733
0.0286903582681888 -0.001704574472478 -0.103484625405406 -0.191257887315961
-0.0020927134252574 0.00296559698023282 0.0999072034534429 0.160068347502929
-0.0129207562642896 0.00333104948346522 -0.151916821008491 0.0495749031197934
-0.0190049466117546 -0.029860875706052 -0.269190540931101 -0.3431314885776
0.0061098952456736 -0.0564128176155068 0.224506491098868 -0.546843059126701
0.0413942070185657 0.0106076264089422 0.796359051632355 -0.0220526837094331
-0.0254171121635801 0.0384339017569329 0.417108173369753 0.825499454999334
-0.0335584133067875 0.000620071499114001 -0.266860569865502 0.622558923555063
-0.0292299639618313 -0.000769149338834815 0.0645929510144885 0.0722385604690975
-0.0116768467915041 0.020049872418289 0.293074692488316 -0.621213596413401
0.00612026217291076 0.00243930545482011 -0.465360098921372 -0.813352309923498
0.00760117535204903 -0.0341321579322678 -0.856789255202436 0.0859819202973225
-0.0314574016079459 -0.0493064313343369 -0.183590478000237 0.632944439866455
-0.0322629004412545 -0.0068331063919654 0.315058195164199 0.305380582188138
0.00825862204105739 0.0143044443919486 0.189996468812167 -0.0700903523014715
0.0262376086111179 0.000805832063709867 -0.100974485128117 -0.194795536169971
-0.00466976450841418 0.00746551928230551 0.102089294951922 0.157845309419385
-0.0135007563433935 0.00647772562335977 -0.149774305932115 0.0458565989641465
-0.0174681914582728 -0.0264990790550218 -0.266735388578173 -0.351145207892429
0.0109297950647449 -0.0574288786601502 0.226040725864847 -0.548343429467679
0.0495348968204096 0.0101395223949559 0.790675702395113 -0.0160440050553871
-0.0216219541317143 0.0414593643955172 0.402479387066884 0.834978379873291
-0.0375634653583962 0.00843618510157515 -0.277803668394673 0.621330439831515
-0.035644543251498 0.00645090904807095 0.0596809198273671 0.0714033459571335
-0.013913478519859 0.0265927655322486 0.283182012741749 -0.619610691472217
0.0111595809147122 0.00580728621802223 -0.47441364819607 -0.805031344557325
0.0140209022326911 -0.0366907139954604 -0.860948228222761 0.0926418557558026
-0.0264706834627625 -0.0501525783785221 -0.177611587619262 0.631312106947105
-0.0305522214542096 -0.00266942659561786 0.320534637680164 0.299751326257558
0.00729249909330349 0.0186687670426301 0.193772737484731 -0.0755785107425752
0.0226052000607548 0.00481136772073149 -0.0957789518129696 -0.196927737858365
-0.00556465567862511 0.0113706997040878 0.105639723545126 0.155471239866227
-0.013062048684637 0.0116532509751582 -0.147254626419218 0.0443213399398976
-0.0131738044726422 -0.022057890227158 -0.2656680167248 -0.350850145072146
0.0170730405996445 -0.0564969446770452 0.224043581643569 -0.548116621234648
0.0572662226854034 0.00778638710792317 0.787076511647197 -0.0153664481871825
-0.0158702470007013 0.0453061454528392 0.394879204143484 0.836460957611315
-0.0395621894079526 0.0159600720813791 -0.283374791250094 0.624820845158505
-0.0407033848186332 0.0129209969946328 0.051186464743539 0.0746140073208357
-0.0145123650380292 0.033561547042196 0.277987839008713 -0.616998113875893
0.0183197457674778 0.00799494533587392 -0.479706115882371 -0.805146966589524
0.0217690911122069 -0.0368310630080065 -0.865156368855641 0.0897466547281128
-0.0211740773212029 -0.0471343903250645 -0.179384572357472 0.62895883124485
-0.0281674842851132 0.00202886653920157 0.322176737586426 0.296915004264253
0.00643135881616623 0.022715320571771 0.197083198024621 -0.0757940555280056
0.0205962275573007 0.00860044247031188 -0.0913428085052566 -0.199432483916036
-0.00631763449895113 0.0153249336613762 0.107592761613859 0.155732043059476
-0.0113585935348098 0.0156433632566859 -0.144691648121574 0.0459944337778312
-0.00966238033803347 -0.0166177270670184 -0.265972374311574 -0.34793641964856
0.0221451606176855 -0.053522285842278 0.217119523069491 -0.552026072016323
0.0644084466068919 0.00692690346957891 0.783392064222874 -0.0267493725626721
-0.00817822511479904 0.0468851522342079 0.402966659297134 0.829048063600604
-0.0379705649333346 0.0212335082581082 -0.284723633542707 0.628281135891356
-0.0431636806855118 0.0179423918558352 0.0431028516482579 0.0802207445180256
-0.0122375401638525 0.0384268566216426 0.27977104712473 -0.611745959531075
0.0246006751870417 0.0108671495892518 -0.471965424460259 -0.811267544192592
0.0292743617282201 -0.0353925596710478 -0.867982792611606 0.0761244276709204
-0.0151611694584172 -0.043195629681734 -0.18664402923354 0.624804928967982
-0.0274737249850047 0.00719049270189769 0.321129613866864 0.30271901358749
0.00578302468711506 0.0263385086740112 0.200481443409676 -0.0735524760061009
0.0189010816561166 0.0126067313225171 -0.0880822950816884 -0.199485493841029
-0.00585360942067453 0.018791907444423 0.108093690325483 0.155754792366434
-0.00965951293766826 0.019690742461541 -0.142522151302179 0.052411462331202
-0.0066624014512577 -0.0110023707629726 -0.268493418696179 -0.337614316297522
0.0259304444949913 -0.0497960369422088 0.206147277607108 -0.552373191403246
0.0710520323454611 0.00608429120829088 0.779801143700016 -0.0470099018914511
-0.00121477478986275 0.0473673593164659 0.416937024386065 0.81827850402973
-0.0349459429553668 0.0254601927583664 -0.279437903399239 0.633870464028587
-0.0420329305292798 0.0207696275554596 0.0337851583438499 0.0876024470150697
-0.0103943451334044 0.0398407469976784 0.283979858650146 -0.601752444473149
0.0307562439716052 0.0131766042774031 -0.453144641817779 -0.825351442567422
0.0347194530841456 -0.0325641550832959 -0.871062887662558 0.0519951284228892
-0.0114522820502669 -0.0390447588119522 -0.198424949858779 0.623415004681189
-0.0246358676234562 0.0116541326933057 0.317921793592933 0.3105957860283
0.00631583357855463 0.0296309259052867 0.20246127307645 -0.066975967861427
0.0178177448743811 0.0156696130295665 -0.0848650862667377 -0.198353788840769
-0.00452211479842438 0.0198219766570513 0.106389306263191 0.157757149059328
-0.00817665091355589 0.023016401386868 -0.141887585106471 0.062196772550297
-0.00463719093245775 -0.00488748875456649 -0.273607915355453 -0.32509000929602
0.0276660502045202 -0.0442765683004079 0.194575769541293 -0.553859131595401
0.0742231290155543 0.00670190898772714 0.776823145627831 -0.0704548028459585
0.00489746891980102 0.04623894772318 0.440989339025641 0.802891700227339
-0.0285607537918447 0.024893438725288 -0.269075546841941 0.642474754660224
-0.0375347224566494 0.0202065788543923 0.0237843123235444 0.0956843186945618
-0.00652801463925543 0.039620169845887 0.294888672804768 -0.588527763257656
0.0342535193646916 0.0138643201043969 -0.425571174402589 -0.843196862156087
0.0386630969832587 -0.02991133749087 -0.874815586099493 0.0220315436877512
-0.00887248262778344 -0.0332854183703721 -0.215191393303368 0.621975640409607
-0.0235898068719851 0.0142263348518569 0.313094473204247 0.326501981942456
0.0076397843637931 0.0318772841716328 0.203574024845517 -0.0577742738283241
0.0197008056146078 0.0173806067143619 -0.0849188097627724 -0.19721391675135
0.00265153910461569 -0.00232717460021966 0.0919465025926938 0.16308601980362
-0.00864277556235244 -0.000841443098959548 -0.15397014914726 0.0659362922807836
-0.019187732621382 -0.0284992412290249 -0.278246835547822 -0.314282106699431
-0.00208286038960369 -0.0481397751448099 0.199818750727487 -0.540270656583622
0.0328491051968611 0.0114459439291869 0.788117644967577 -0.0663021869991629
-0.0271222384187748 0.0295731819947558 0.457950034426306 0.787311314413492
-0.0216373356406469 -0.0133896959658311 -0.234032213158298 0.624714976502657
-0.0113137431080396 -0.013492899224187 0.062975550203581 0.0792643447567816
-0.00148963286694575 0.00655244278649521 0.31516124080474 -0.599805600145902
0.0018633933737149 -0.0011651876564695 -0.411084243284126 -0.828759359512198
-0.000429759149190338 -0.0263854794736094 -0.844439751809944 0.0439563669777205
-0.0368999307784701 -0.0406370562292548 -0.200274366827185 0.628583662817153
-0.0333502039742014 -0.00709305259369631 0.302657897559273 0.326592538702316
0.0108631315239748 0.0104358250973591 0.184419836846951 -0.0533624209543314
0.0306217768489996 -0.00358181723023958 -0.104867560922077 -0.184422638768453
-3.60507342683312E-05 0.000602101385878875 0.0948474783596917 0.160536351560366
-0.0111564360683186 -0.000293549996695704 -0.152756814057656 0.0576413807270545
-0.0192262510162014 -0.0297528873445058 -0.272558309036422 -0.328480663070776
-0.00013614490224266 -0.0531979301741347 0.211909462588161 -0.54134233123489
0.0369996295686667 0.00978406689497281 0.786232706491238 -0.042097875437654
-0.0273658822612264 0.0330601921539558 0.432792537375256 0.803640283015557
-0.0279915977709816 -0.00758549408248058 -0.249050921156226 0.616365749881558
-0.0196244775302078 -0.00810742582021195 0.0644833257238883 0.0739572761652005
-0.00656858614321098 0.0121058331578081 0.30068268689194 -0.607350926541089
0.00245662951779252 0.00146957890675475 -0.43891689210829 -0.812947537249491
0.00157472932099423 -0.0299258657904405 -0.844808990011784 0.0679912791133225
-0.034276049492432 -0.0460829168141027 -0.189584696844683 0.627407964760117
-0.033349071390083 -0.00720923467070244 0.308156634614845 0.312203904275201
0.00987510914812146 0.0104819197447731 0.185911420334424 -0.0625417239160496
0.0276721654559372 -0.00184514215437514 -0.102041539576652 -0.188552709704204
-0.0022421360907047 0.00299804872515697 0.097886789171488 0.156510745483088
-0.0122334608454991 0.0031658585365615 -0.15100210261408 0.0502479138094465
-0.0186046345648587 -0.0285552719361431 -0.265381510293343 -0.339118419637029
0.00381804470938307 -0.0554251834419528 0.219480529880431 -0.54022444281039
0.0409475169469878 0.00858042571803903 0.785908588749283 -0.0239891361702688
-0.0257698299620515 0.0367559312124271 0.411447449050124 0.814934548333708
-0.0338961088155717 0.000785135396385969 -0.26202173155078 0.614237804816436
-0.0286858375542735 -0.000766466650570714 0.0633270667357989 0.0703251926155373
-0.012269008068959 0.0196533097918196 0.287222710713133 -0.611157254945925
0.0055349395040572 0.00372669153854012 -0.458914528070899 -0.802567472266441
0.00656335282946636 -0.0332830650317311 -0.845024453446717 0.0854631645626315
-0.0313309370630972 -0.0485217384739525 -0.178651020553662 0.62606020230286
-0.0314616288445483 -0.0064505934894751 0.311807379997788 0.301756759434552
0.00798365096827589 0.0134907073903529 0.188302964998 -0.0701447874798408
0.0250287218322826 0.000447437699009473 -0.0997227648563711 -0.191845416050979
-0.00451196592662077 0.00708472786216394 0.101574548825226 0.154398555080212
-0.0133538439795395 0.00617893141321336 -0.147143110158283 0.0448406465520401
-0.0165877644925404 -0.0258431523010089 -0.264111295473848 -0.344474151586224
0.010357392655406 -0.0568961183367256 0.221057154238196 -0.542782443736094
0.0494399540025007 0.00780518611708334 0.778850753324876 -0.0179038372191294
-0.0215696828759117 0.0412121286493115 0.399184737127619 0.824094723328695
-0.0373158392526101 0.00817513463210755 -0.273828942756575 0.612162027876474
-0.035688585980737 0.00599691475239518 0.0586909085026976 0.0699384451629427
-0.0138985745691194 0.0266673410883832 0.278891983457091 -0.612345330250302
0.0117956185331389 0.0056395182372912 -0.469396792274996 -0.793708022523476
0.0136086315823965 -0.0359156033757405 -0.850696632792943 0.0932325955265953
-0.0258806758607249 -0.0490345734798867 -0.174009116470738 0.623915293654836
-0.0301764325362737 -0.00285467475989436 0.31712376420886 0.294466634449497
0.00770204473919876 0.0172793621444371 0.191198452530922 -0.0742498530690668
0.0217772503804275 0.00443938505584883 -0.09402780730987 -0.193770968687681
-0.00581003326660185 0.0117069720483789 0.103423695948515 0.15248579210322
-0.0132421099730692 0.0112989651403832 -0.144938090931285 0.0436880070646915
-0.0138665231962681 -0.0211014284371532 -0.264068329658749 -0.346169601951573
0.0164710957444332 -0.0562585694019772 0.217057680171427 -0.542312073999765
0.0569102327958978 0.0063804646141034 0.778311611890369 -0.0173881366598412
-0.0147450855597759 0.0448849927437509 0.392982627522468 0.823828440754533
-0.0396378485119672 0.0159735392765184 -0.278755307622748 0.615653054373852
-0.0399868565521315 0.0123878312703853 0.0507938222119381 0.072301064262641
-0.0137294428880739 0.0335824693858251 0.273733564141316 -0.609694783866827
0.0184138636032427 0.00864872108426584 -0.474204089935012 -0.793724245249308
0.021211550164352 -0.0362368202360104 -0.852694136760525 0.0900227279656709
-0.0207188100058482 -0.0457590304957278 -0.176507634863857 0.620982863048798
-0.0278637082066627 0.00221767976469803 0.31881416544281 0.291146496694853
0.00561039010342186 0.0212805156646445 0.194648578444124 -0.0752821258056001
0.0194429467137001 0.00899581704251786 -0.0904042379811709 -0.195538010663066
-0.00647777850395379 0.0155361382220106 0.105674745530275 0.151810679238412
-0.0110000014832066 0.015796026116496 -0.141849508903647 0.0465660747652151
-0.0105133846855336 -0.0162752462852029 -0.264353103621387 -0.341316392762699
0.0208053808936512 -0.0535083082797215 0.212871210459133 -0.544406977696606
0.063993885073858 0.0066144012314179 0.773474618949554 -0.0275133313647451
-0.00845833381523443 0.0468582012248349 0.401266593676029 0.819969211580807
-0.0376706248898717 0.0215368868088413 -0.280479675415616 0.620167745384742
-0.0426134922293341 0.01770135417559 0.0421974435214898 0.0778606394873217
-0.0128196055776003 0.0375556635605714 0.27451330512424 -0.602150528579451
0.0247550038362897 0.0111672478052222 -0.464997246443606 -0.801684756720192
0.0287465369578401 -0.0347402670482752 -0.856994394021556 0.0746174658432313
-0.0154558954736017 -0.0425579549292758 -0.182647776955425 0.617984306575023
-0.027277766903123 0.00698686857662604 0.318000692170908 0.297158123960317
0.00522824728014451 0.0258639191461413 0.197676401525039 -0.0725913403202484
0.0186827429175628 0.0120877651614445 -0.0869873851934921 -0.19646694292847
-0.00592604254698774 0.0188327128974283 0.105146516724658 0.153190554750027
-0.00920615028907686 0.0193443082440435 -0.14013731540841 0.0516725879569542
-0.00719536034288226 -0.00963033471312228 -0.266280022861534 -0.333525190912902
0.0249814574935781 -0.0492023644892316 0.201617410714258 -0.546432842918565
0.0702387561717061 0.00561113317633015 0.767939566838887 -0.0464133870172269
-0.00123611910939775 0.0474294485945757 0.411996347438405 0.807084428347357
-0.034155479543268 0.0245326124138406 -0.275020041475601 0.625718287702073
-0.0423843000334544 0.020302142356532 0.0327406568327019 0.0853915957250574
-0.00983204247364349 0.0392345699612931 0.281589628192543 -0.592333447492602
0.0309072753556194 0.0125235477854014 -0.449290688395752 -0.812878374657008
0.0345191710215361 -0.0321574132092931 -0.857748971544663 0.0550803089923477
-0.010906678543096 -0.0383638076044397 -0.194114779134794 0.617266200699891
-0.0239576878906274 0.0121324907796462 0.314265677666829 0.305380415799996
0.0061016644427903 0.029026586903695 0.200766625246468 -0.0661735745221006
0.0187905439346905 0.0145373151509654 -0.0847244429746268 -0.195820875703646
-0.00517045735960985 0.0202702657178472 0.105626109085099 0.155165086354633
-0.00711379795918126 0.022500528651426 -0.139611789476876 0.06103859243872
-0.005315228626317 -0.00449541196803822 -0.271649118926922 -0.319971480128969
0.0266267498516825 -0.0438512131570718 0.189096620012986 -0.547615555148206
0.0724509684590541 0.00641970479888172 0.767009802095622 -0.0718179806674692
0.00488792866663331 0.0458864064185299 0.433992724803025 0.792564510179672
-0.0281469267937111 0.0247429321886627 -0.264978347672835 0.633017391218172
-0.0371761727147308 0.0204510194866726 0.0236636856225869 0.0939364834429888
-0.00622813912851192 0.0393819890990424 0.291628593500951 -0.5790940836739
0.0339096663474551 0.0137379744306513 -0.421062663843308 -0.830995950115223
0.0376052419643286 -0.0289292815579133 -0.863249719118085 0.0233182815691586
-0.00823919566563144 -0.0335544105514578 -0.211773603630303 0.612084105869238
-0.0232895103792366 0.0147374279831961 0.311146184944119 0.322458437058643
0.00824663585661784 0.03016836358661 0.201692772042366 -0.0576676496546181
0.0185937693435889 0.0169363336389082 -0.0839059501666955 -0.194433306125586
0.00201653090971749 -0.00139150448406347 0.0901799295405554 0.160128069024431
-0.00704133757332226 -0.000893856322756878 -0.152221761570362 0.0647606995996249
-0.0183768175028443 -0.0274662039018502 -0.276660862720714 -0.311581990105499
-0.00259792071514637 -0.0483497570234421 0.195877114118339 -0.534838011050826
0.0327407568336852 0.0102125683983656 0.77770244583174 -0.0631524307870039
-0.0265532022476823 0.0296068556701867 0.453126874635031 0.779368318374379
-0.0222010700808617 -0.0133245621400492 -0.231950727294066 0.616257894843132
-0.011063115413794 -0.0131981127063584 0.0611306704999404 0.0779756707065533
-0.00258315744734637 0.00525947926393414 0.31304697786433 -0.590070360199139
0.00215053880367239 -0.00114802121110613 -0.404104427563485 -0.820272572801306
-2.56815031259112E-05 -0.0259240670876565 -0.832477189626721 0.0409206935345605
-0.0367550002226032 -0.0413103928885716 -0.19904507433475 0.622903012347656
-0.0340348321125796 -0.00715760943471438 0.300205569190846 0.323004251247715
0.0108678648930481 0.00972442979682994 0.182973697237298 -0.0515973005547498
0.0301123440650653 -0.00434190164046624 -0.103165945321881 -0.183161414463147
-0.000466198239745624 0.000947789943786228 0.0935135396776441 0.157202508348635
-0.0102288655569067 0.000800893756930924 -0.150763481976429 0.0553409082723029
-0.0189481425109425 -0.0285070627958254 -0.269755373994178 -0.324163542704671
0.000368103019623877 -0.0525885235339408 0.206746086208055 -0.533637875962595
0.0357935840840931 0.00957020612392524 0.776514916760261 -0.0403331381665128
-0.0275584994444096 0.0329071150575563 0.428442065492047 0.79402981354265
-0.0276462609684938 -0.00696701758655015 -0.24686890328961 0.60774201953568
-0.0193752174384946 -0.00743300235812142 0.0633504229348861 0.0718001731390299
-0.00773665847474335 0.0115228301061158 0.300052860585237 -0.596533525653284
0.00201564378855429 0.000881259137476043 -0.431878239502977 -0.801598856441819
0.0015137128528688 -0.0300957445117605 -0.834637059357777 0.0654859625492064
-0.0349693240391836 -0.0455550484101205 -0.186085354158368 0.620385715672298
-0.0321487795861775 -0.00838916362325087 0.30490948519667 0.309626561516733
0.00955787363859437 0.0101521872279491 0.183748201548796 -0.0616156611466926
0.028164932388536 -0.00343024487697885 -0.0997398101108399 -0.186046775630332
-0.00231559428763908 0.00370087217545184 0.0971286067557853 0.154138813284549
-0.0122100045531606 0.00346869933749691 -0.148592097986039 0.0483999849548908
-0.0184700331559313 -0.0271393942072625 -0.264297760186478 -0.334361195966958
0.00395001495919278 -0.0539825898612795 0.215664965212855 -0.534125605004288
0.041026092530855 0.00781166100231979 0.774707832153976 -0.0219385434513154
-0.0261815311663473 0.037460912799128 0.406543290428972 0.805847369541028
-0.0334059892585556 0.000424990976404181 -0.259911022910133 0.606521536980764
-0.0279154523437122 -0.00146502358898801 0.061920443741261 0.0694151464740903
-0.0114020463328711 0.0193861024467796 0.285823657713167 -0.60319298039774
0.00572209524197009 0.00402585281343854 -0.451067208112429 -0.792086677542114
0.00655483879079943 -0.0329873679644667 -0.837992225704808 0.0836222830365056
-0.0308667478458261 -0.0482780775225047 -0.177650874960009 0.617031018624335
-0.0323684574604072 -0.00659918490923167 0.308718004362417 0.298490287871511
0.00747691142313876 0.0129251517049763 0.186308693492067 -0.0684398403711109
0.0246873497405942 0.000303672799451154 -0.0971047556150557 -0.188902104022008
-0.00527809343210356 0.00816251215149118 0.0996694202246024 0.151983634740245
-0.0122943638953571 0.00696582853262986 -0.146284664239381 0.0434154648404849
-0.0156295678283055 -0.0253110592543229 -0.261188526928055 -0.340100667356728
0.00863920389081616 -0.0550878989794271 0.218633964757872 -0.535721547556331
0.0481912755089001 0.00760637076859431 0.769581318418969 -0.015259824497816
-0.0212903867861203 0.041016920169706 0.394732340346065 0.81453583596428
-0.0373773646991267 0.00769902378428345 -0.270635035377054 0.605599836239175
-0.0348317341181367 0.00597954409209755 0.0569260422073505 0.0691349432859217
-0.0145094125701499 0.0258248096570154 0.276764159551257 -0.601357833424031
0.0109069679275601 0.00638211348731336 -0.463330514395233 -0.786810685201194
0.0138251622371455 -0.0349372288566208 -0.837839960531098 0.0908154960417966
-0.0259426094595993 -0.0480838997562496 -0.172489779023118 0.615206093913687
-0.029338065021461 -0.00238692629367455 0.313087882947062 0.29060881264062
0.00677858059509875 0.016929322531788 0.190459566600916 -0.0733919072099925
0.021876335821671 0.00361624174945117 -0.0924267420498112 -0.191520749221189
-0.00600710913910719 0.0119111383027602 0.102363839883819 0.150357457048478
-0.0120247527487746 0.0111627655517954 -0.142729985295092 0.0422911573545681
-0.0134202048298604 -0.0205375394082165 -0.260936106342567 -0.340436968060113
0.0153782298288521 -0.0555847387876428 0.215067512435993 -0.536694349719677
0.0567111913572374 0.00633362574326131 0.766432492773762 -0.0159054037390859
-0.0155003467926169 0.0449987131481258 0.388540105517301 0.815181781675469
-0.0385357313460365 0.0155442429349851 -0.276762118956285 0.607499576100926
-0.0399344075497888 0.0126603319614554 0.0494990132671549 0.0712657867602913
-0.0144866173957049 0.0330033237112587 0.271078739402679 -0.599667049503738
0.0175259693373193 0.00887756391811829 -0.466492912584036 -0.784007020169226
0.0221163695973976 -0.0359026377500978 -0.843101235703939 0.0869735111420234
-0.0200639207861803 -0.0460207826845264 -0.172869976689135 0.612779956687022
-0.0282250582562379 0.00253032881199884 0.315828048019776 0.287139242832913
0.00574155939824157 0.0202836288854122 0.192770100637357 -0.074439832172076
0.0196987378349576 0.00797733185410368 -0.0889284988258474 -0.193137907222389
-0.00651491111197587 0.0160007226453296 0.104224650438357 0.149811358540449
-0.0106754013294302 0.0156188745879764 -0.141398657859594 0.0455447669186746
-0.00985823266466711 -0.0152599334884519 -0.259021410183894 -0.337439671744105
0.0198727521310976 -0.0523900590381836 0.209368424057845 -0.53744943577395
0.0628625613591223 0.00567318458164699 0.763253713700882 -0.0269100158903455
-0.00782631261957914 0.0471858061835405 0.39641110033024 0.809476464010029
-0.0379718004520219 0.0216905140024649 -0.277895364060286 0.611063530378623
-0.0424114685495229 0.0175207723777168 0.0410459549176326 0.0764797318777438
-0.0129479765760806 0.03748837060664 0.272754694601993 -0.595004204347527
0.0244428938318876 0.0114441218369847 -0.456672498851818 -0.792793723380711
0.0276786807402458 -0.0343970074087976 -0.846467237041149 0.0739352020608279
-0.0149869800507466 -0.0419080520013729 -0.180854725483786 0.608404447734861
-0.0263000509178798 0.00635754894744099 0.31461290968909 0.293519871677154
0.00546450939861648 0.0252543881210454 0.196236774534133 -0.0709701141565082
0.0178179397862572 0.0107769408178315 -0.0853345372982066 -0.193549965742249
-0.00610087657882624 0.0193827480883592 0.104349246632252 0.149713559597088
-0.00859543048685326 0.0195543810320921 -0.138042027552234 0.0512284721033586
-0.00651861751559159 -0.0100457028406886 -0.264338300991061 -0.328635830264333
0.0237617638436061 -0.0476863730414071 0.198904130073691 -0.540330249805687
0.0691654121015802 0.00488671208881808 0.757817905815423 -0.045501920293688
-0.000778270136296381 0.0475056975729944 0.405750309321973 0.798275830315136
-0.0343816128134575 0.0242008626396881 -0.272306214044408 0.617637948464602
-0.0407802099687428 0.020421440061505 0.031530413554337 0.0845086540619438
-0.0112290816720019 0.0402503280958182 0.279595997552783 -0.583060569170869
0.02823666338392 0.0129565284768054 -0.438810763468102 -0.803772396919687
0.0343015013179403 -0.0319615501953211 -0.848559215958781 0.0503141254180061
-0.010795740053516 -0.0368966921347451 -0.191906393488329 0.608426563304678
-0.0246589464037687 0.0115608614935386 0.312414257600092 0.301612109660022
0.0067507050375254 0.027877189307989 0.198118967045327 -0.0653684355113608
0.0180031259066071 0.0138925013070187 -0.0830350753871935 -0.193080899552828
-0.00519349563141891 0.0200969516142321 0.1031373363834 0.152778966501461
-0.00671639692985896 0.022268080190461 -0.137770950629399 0.0602867290601628
-0.00475868582392491 -0.00426761999339043 -0.269730718219796 -0.315707932609878
0.0251075998376945 -0.0421150778189977 0.185759350791768 -0.541706397252823
0.0728747963075155 0.00575073449655079 0.757397514513125 -0.0680501962475594
0.00438412596475053 0.0456403865512081 0.430279722885047 0.78233914033185
-0.028967757258785 0.0234921695523956 -0.26328515816557 0.624416491073043
-0.0372248920166068 0.0193866619020225 0.0224480088246796 0.092179024723839
-0.00689352980148449 0.0386074629795361 0.288825165975909 -0.571802052456378
0.032800513801234 0.0132969012247922 -0.414601235652024 -0.821545036009225
0.0373525284274743 -0.0286799613931132 -0.852735205549643 0.0227888210849119
-0.0087760052476861 -0.0331153143620819 -0.210336250230557 0.606202015688278
-0.0233468319206433 0.0141965476921425 0.306138608398753 0.315885280546131
0.00749379507219761 0.0302101459326471 0.19980726484459 -0.0551914900162656
0.0177874023936908 0.0158362677072992 -0.0819053311247298 -0.191355470023591
0.00161953564876854 -0.000879296780087931 0.0885851976887496 0.158727763430167
-0.00742223819422734 -0.00067971215258101 -0.150938821789088 0.0635303241223547
-0.0182052068805247 -0.0268826250574159 -0.27276007257752 -0.308492370711125
-0.00380942743732735 -0.0472418792308006 0.194561486578771 -0.529497852166218
0.0323517259516332 0.0097009939037144 0.768675561378837 -0.0590343636472722
-0.0267400499543166 0.0295062024901543 0.445881701336969 0.774179757450378
-0.0217136332989014 -0.0131270029431454 -0.23198150638756 0.608311931488913
-0.0107070206784612 -0.0132559953228978 0.059754364940895 0.0769340460753827
-0.00243520973781268 0.00534978703702529 0.310937591758503 -0.581068405815661
0.00136111085473353 -0.00133255319177586 -0.396581369737653 -0.810508389078618
-0.000168424138452427 -0.0254301978968403 -0.824710270175949 0.0380657472970836
-0.0365350859770583 -0.0404496764390146 -0.200218683594173 0.613552456695131
-0.0334818320869305 -0.00721805051634744 0.295505498832171 0.319649410886211
0.0110478131688772 0.00871035064946979 0.181691101294472 -0.0500900078215065
0.0293625776546122 -0.00395119384632946 -0.100556585109645 -0.180264460124473
-0.000472457310516566 0.000611895832357144 0.0912169727275894 0.156073193631717
-0.0101427694298268 0.000870500985961267 -0.150034585189055 0.0556699378387988
-0.0187980298379227 -0.0271617680045691 -0.266832227754258 -0.321789646179174
-0.00117780194908441 -0.051176048320477 0.206502754747998 -0.529253088287342
0.0354749346935871 0.00896338657315881 0.769781561045198 -0.0364748097107886
-0.0275229735728502 0.0323270029113876 0.421533137325549 0.788674413630177
-0.0277539336669271 -0.0076143954177586 -0.248232663354815 0.601825735291818
-0.0185135208924983 -0.00803212683929202 0.0616743697677542 0.0710683297950406
-0.00738699121341801 0.010568860534612 0.298867428275115 -0.587443161966482
0.00212188577317927 0.00152859356829645 -0.422533508285403 -0.797666721404963
0.00241569237217792 -0.0293637856165814 -0.82512412114837 0.0621543715134911
-0.0350156019295782 -0.0446895127289673 -0.186192462966367 0.612075754385001
-0.0325564897108207 -0.00849751952566002 0.301198783593505 0.307214404283528
0.00923459362587974 0.0100403868114724 0.182409262176748 -0.0598321815250348
0.0271043592255697 -0.00339711089174934 -0.0983450055278445 -0.183835379085094
-0.00234626258541753 0.00332825360577966 0.0949891223709439 0.15215954283452
-0.0119171357516647 0.0029809443979692 -0.146729708684873 0.0471805387434704
-0.0171317297520596 -0.0264215838669205 -0.262522116945918 -0.330669281074754
0.00332869417294225 -0.0532901153122861 0.21323521303187 -0.528682377619618
0.0402496152205055 0.00754750001854728 0.766276686942303 -0.0195665957512852
-0.0255132975838511 0.0364318089287815 0.400401958142297 0.802061934026928
-0.0333766643099106 0.00102221698215954 -0.260812578537201 0.598420258226324
-0.026999368003255 -0.00116107452585867 0.0603247390241339 0.0688763606772222
-0.0118775911821963 0.0180453021727535 0.286345033811869 -0.594937124803906
0.00556039389648466 0.00329529596811561 -0.442767651958275 -0.785672765941712
0.00765503541031796 -0.0327093753691328 -0.827794299819498 0.0791670626313655
-0.0308924867892627 -0.0473240811577437 -0.178356519503184 0.611707658038198
-0.0311201737585307 -0.00646808440904315 0.305649380899215 0.294496912374511
0.00858390354434823 0.0122568413752675 0.184807894628632 -0.0671267534480227
0.024489826991069 -0.00110666632381835 -0.095610219578913 -0.186484861930209
-0.00489639980376236 0.0085487279407843 0.0974684424342423 0.150056080105925
-0.0120677161752511 0.00743427865401498 -0.14433505596162 0.0418966893990502
-0.0161858089476908 -0.024005883801107 -0.258178792045132 -0.33645000325159
0.0084709044338798 -0.0560637483233488 0.217161265258846 -0.528233554646161
0.0478761267274955 0.00799466473939602 0.761608016081862 -0.0123038687949938
-0.0218110520599905 0.0410617931499689 0.388132213901524 0.810928325150227
-0.0372808063389789 0.00847009571860883 -0.27093161856567 0.597370998185299
-0.0339829141411313 0.00552522095123229 0.0556345159361061 0.0678573255865918
-0.0141716208291958 0.0250254336422566 0.277188862413247 -0.594746157148111
0.0104462880767943 0.00621215790576972 -0.452058939541512 -0.778228882382409
0.0130145353481098 -0.0349262474284399 -0.829487717263636 0.0851938442588906
-0.0258606016629552 -0.0484569760784293 -0.173862738770598 0.609647898801801
-0.0289890896554266 -0.00271718646411239 0.309202418293839 0.287947492193854
0.006827850171059 0.0161727966170284 0.187510907804382 -0.0716982775973571
0.0214250850762923 0.00310347074783728 -0.0905026618890374 -0.189314433039378
-0.00662006628370773 0.0119679654777905 0.100521313076961 0.148068869446854
-0.0121089969041249 0.0108863832830576 -0.141968732678672 0.0411549424207174
-0.0125932389372036 -0.0201653277834001 -0.256528300713504 -0.338010197173384
0.014833453874547 -0.0539713891407993 0.213862406355688 -0.530145115278759
0.0553529095906495 0.00576768791976796 0.759202810633587 -0.0109801663760992
-0.0149745513105918 0.0436207879224022 0.382623489751402 0.80895995243307
-0.0382336859756944 0.0156950509819856 -0.275493230128728 0.599088587951531
-0.0393873912019982 0.0119342291375584 0.0483707541630722 0.0700736110564164
-0.0143078092561211 0.031437283983835 0.270937978373853 -0.591232961252664
0.0168880770592247 0.00930578930943791 -0.459828198893206 -0.778802401632374
0.0213131211518661 -0.0355472470695888 -0.832628510843989 0.0829630165540285
-0.0196289554803959 -0.0457733349237106 -0.172964077940034 0.605033416596245
-0.0281527304582452 0.0019288574564277 0.311524689969582 0.285622878710184
0.00561204424513837 0.020017758078976 0.192286720841192 -0.0727887986589211
0.0184153817402452 0.00704649495356267 -0.0867289548484482 -0.191448453049345
-0.00731618411352741 0.0156352009039228 0.101811834460164 0.146823862586608
-0.00990376728855485 0.0152006843285816 -0.138926081562087 0.0431438268210768
-0.00951714995757571 -0.0145647395322147 -0.258547045681816 -0.334025539065369
0.0197106871732784 -0.0510206814007783 0.208361517466826 -0.531981504064604
0.0628116095464394 0.00494447434038744 0.754825629510781 -0.0223821897861426
-0.00947831610611213 0.045785009814862 0.390908830633537 0.803433521408939
-0.0372077517558022 0.0202427321280118 -0.276984359713777 0.605375811671203
-0.0414124540909694 0.0167952129084735 0.0402451601566994 0.0756759509534348
-0.013217851256688 0.0363138695320188 0.270552080457395 -0.585097254024555
0.0230373708476048 0.0117125984819852 -0.447730255603002 -0.785871176473627
0.0278185866676782 -0.0342448756284438 -0.836580131069556 0.0692501170063633
-0.0152356357304988 -0.0419978785602033 -0.180842596962574 0.603680427196357
-0.0263296207976591 0.00674416977816495 0.311338169726266 0.291228501296131
0.00595489658176807 0.0236902838020446 0.193814253617207 -0.0691789606619556
0.0173031002165071 0.0105377317211649 -0.0833490607412258 -0.191848442438462
-0.00690070915735984 0.0186520479087016 0.101675964660657 0.149183098707879
-0.00844779495438016 0.01869589049114 -0.136829149445116 0.0497169978293236
-0.00644242254576909 -0.0093370864842253 -0.261830748869967 -0.325272649053694
0.0231647577989043 -0.0469974992785512 0.196462565338405 -0.533543025622655
0.0686475407122591 0.00434368254337227 0.751639789408373 -0.0411667596246356
-0.00157338490398252 0.046815066731951 0.401275732317887 0.792242140435044
-0.0339328993822747 0.0232204159681954 -0.271333616149443 0.611150813459722
-0.0414030793236363 0.0191920537376593 0.0299334622268808 0.0830545250466198
-0.0110752109398574 0.0389409992463668 0.279286310766597 -0.57515214583541
0.0293239722104107 0.0137487118093364 -0.430186761970095 -0.797121749054532
0.0338254150828755 -0.0315803784724927 -0.840314474118144 0.0471751494668272
-0.0113231544409193 -0.0368114448358428 -0.192628488686688 0.603005549699674
-0.0245671790645425 0.0113965937180877 0.307765444343014 0.299601478965891
0.00557777750891099 0.0276995652504297 0.197194131402518 -0.0632993518234883
0.0172155189543897 0.0136207431280035 -0.0802078378879495 -0.191315013793758
-0.00539030183692473 0.0211276090401742 0.101171416981398 0.149807308182642
-0.00640993811721005 0.0219869996287082 -0.136431409172662 0.0588549633214976
-0.00446647709617892 -0.00328892820033529 -0.264979342791659 -0.312175291259058
0.0244016164732428 -0.0416747150854603 0.184009529147373 -0.534668018116994
0.0709491472601777 0.00534442509450911 0.74911825169585 -0.0651344978052862
0.00421753648728581 0.0455670398479228 0.423330744788045 0.777909933579023
-0.0288895083574201 0.0233882976583526 -0.262665742116526 0.618199093173121
-0.0357036072568906 0.0190993999658353 0.0215407022917378 0.0923422876601034
-0.00681180946410687 0.0378219783440549 0.287708059724452 -0.564517711341178
0.0329332736717623 0.0139966802149533 -0.404425541376249 -0.813489538385481
0.0360644145706192 -0.0280962585315516 -0.842616757292016 0.0171975410066325
-0.00831794418458747 -0.0324712010499573 -0.210513091249474 0.601437505668136
-0.0228750138946056 0.0150131273047452 0.302486582261612 0.313520249506076
0.00714674532614557 0.028859620199943 0.198386866829399 -0.0544536269415022
0.0170406464145278 0.0157045000431651 -0.0804210096583712 -0.189179009411061
0.00151729475459427 -0.000519554280192123 0.0871363810235111 0.156859462908336
-0.00673879894649657 -0.000149464101742828 -0.149449651877743 0.062347969357512
-0.0179849342048641 -0.0258676046912279 -0.270044333656044 -0.306490460274701
-0.00390410918200024 -0.0470917327268615 0.194535194013223 -0.523042181813278
0.0318810764001842 0.00917908903615636 0.761852610717356 -0.0556323479404386
-0.0264851951241294 0.0292548402105286 0.439569550123958 0.768721260689335
-0.0224291400083888 -0.0133178342797832 -0.233614774455981 0.601484825793116
-0.0103318895367669 -0.0137582944361204 0.0576795708624282 0.0768131700172038
-0.00191681333426595 0.00451208568832065 0.311733073438228 -0.574229628113575
0.000958501031375687 -0.000957745349180087 -0.388570658538347 -0.805842235037976
-0.000823822347038468 -0.0252136724049811 -0.819037602746375 0.0321016788760213
-0.0362031259424662 -0.0408197510351804 -0.20259934171273 0.607185256870516
-0.0328851236353513 -0.00700850934480063 0.292224291509656 0.317830417446312
0.011175841170474 0.00854227601956338 0.180439083653179 -0.0485629703487549
0.0289540563150756 -0.0049101805940386 -0.0985108485091482 -0.179700978501814
-0.00105458831856802 0.00120766742185634 0.0902227611121621 0.153559808078486
-0.00994716951851973 0.00098373129953654 -0.147778463724825 0.0536579853128969
-0.0181038508401304 -0.0267405679896823 -0.262236603458973 -0.318942487083556
-0.000814575895464988 -0.0503566217691843 0.20598062654392 -0.523980851224493
0.0347692352578894 0.00818353762186907 0.759938224364645 -0.0325433732012785
-0.0277596315208039 0.0320548139979416 0.414465524692739 0.785113184893981
-0.027293305271239 -0.00768816200824763 -0.247728596692044 0.592574082719607
-0.0181931419168984 -0.00861518010919778 0.0599502982126102 0.0703313399454625
-0.00771425914734559 0.0108779452735704 0.299041140156954 -0.581512966812564
0.0016735897050802 0.000654073767167179 -0.413105948285002 -0.791754810074671
0.00195933662746535 -0.0285739733178039 -0.817259944473057 0.0563867864879817
-0.0343435440396368 -0.0445792984551296 -0.188530376251689 0.606875914010271
-0.032450404509242 -0.00733695099201403 0.297494843482609 0.304522588838895
0.00955194174256371 0.0102332365901064 0.181873244865719 -0.0589917471295216
0.0261790100515588 -0.00341921902438449 -0.0953141117143167 -0.182269188678737
-0.00292712399058808 0.00385778746762828 0.0923095953235224 0.149957977775515
-0.0110745456079453 0.00330603668326907 -0.145350193767394 0.0458854917106376
-0.0173571343923143 -0.0265538397133135 -0.258093792667387 -0.328865302033633
0.00334363678296388 -0.0530837157249369 0.213139812783686 -0.523289756748744
0.0407351784964821 0.00725511253588635 0.760219299100873 -0.0145410919560353
-0.0265163894085824 0.036306263422519 0.393691414971859 0.795543823502119
-0.0333585547485625 0.000259717398096229 -0.26088209791893 0.592547066469253
-0.027332086799413 -0.00156719347241908 0.0585932567148501 0.0675091087361858
-0.0120449329609354 0.0176674095658941 0.286948445070141 -0.585360032197634
0.00447582998623092 0.00372459245709009 -0.433518129916675 -0.781071821308913
0.00815153261541014 -0.0322908311406264 -0.821655861026941 0.0723445044977958
-0.0302702701564998 -0.0468065572434914 -0.180453734221972 0.604428329857076
-0.0305427969991634 -0.00633343005626943 0.301467031083877 0.293053617997012
0.00856841395756426 0.011856495965651 0.183159167899742 -0.0659520705914414
0.0241623949858494 -0.00127156845005174 -0.0932583534956608 -0.185515983434454
-0.00576567917114545 0.00780082772863391 0.0953849635603463 0.14889667891418
-0.0115328841378334 0.00707545474150558 -0.143791282834797 0.0416286878136025
-0.0150490193803267 -0.0235617860599976 -0.254650804439649 -0.334962101822809
0.00773071879617464 -0.053927482531119 0.215929384491055 -0.523490622644818
0.0472676710622311 0.00654545091598796 0.754221685690025 -0.00774971701102771
-0.0211304967772573 0.0402348451501539 0.382298845487159 0.801804888732338
-0.0363732109855716 0.00727515200327542 -0.272034272122133 0.590094981377879
-0.0337138276500971 0.00580834849509189 0.0540016669165276 0.0677827885876943
-0.0138397637795452 0.0253804017668606 0.278823450999524 -0.587016539660379
0.0104048051698543 0.00636548781918779 -0.443926952042428 -0.775240127353989
0.0135006074285907 -0.034574766841685 -0.82384391376221 0.0803749717578345
-0.0247593514945581 -0.0476033593614305 -0.173968133590894 0.603281918325527
-0.0295383894157128 -0.00306864126500758 0.306349432702215 0.286426779308181
0.00660102465710909 0.0159940096933929 0.186961848292598 -0.0700184705724813
0.0207320113609815 0.00300211651584288 -0.0883219221300031 -0.187949017425909
-0.00638452180067595 0.0124811146040504 0.097513975146123 0.146444446478448
-0.0112304533568769 0.0106319871066127 -0.140412706950159 0.0397554610591815
-0.0119347065328252 -0.0191493079382713 -0.253612937625805 -0.335668652680217
0.0138844986659297 -0.0535234133790248 0.215080198888092 -0.525775759956653
0.0546570579707251 0.00524764625434752 0.752511334796082 -0.00804982942623593
-0.0155496139030717 0.0431650255581638 0.375124823560776 0.804709285138272
-0.0386739612682231 0.0151256430294644 -0.276372836934897 0.591162536454761
-0.0391013611753945 0.012098683083238 0.0476385101136057 0.0695873622503709
-0.0154184108893603 0.031550014396173 0.272741726561584 -0.583722780596265
0.0162913172062202 0.00941102814663252 -0.447979056622469 -0.774289686579165
0.0213421052241904 -0.0348367884261368 -0.825828615898546 0.0768646440373191
-0.0197476482070043 -0.0450930454916241 -0.174620336693183 0.600187227764171
-0.0278603792655368 0.0015929118709581 0.308303287125747 0.284128455757793
0.00640423135669583 0.0190033494197513 0.189727076110515 -0.0711648198562351
0.0185786026752964 0.00648663241290136 -0.0848477572778068 -0.190287855648804
-0.00714736124098774 0.0163728686664479 0.100293992845189 0.145112845903796
-0.0101179386827112 0.0151376786684837 -0.138195510405315 0.0421410156600076
-0.00974759691679842 -0.0141481802665237 -0.255297554403166 -0.331671744712657
0.0186830890364175 -0.0502388603395005 0.208074737226221 -0.525570399457768
0.0616814065726868 0.00476000482582681 0.748314730524486 -0.0189669853739134
-0.00822960627277701 0.0457063027482359 0.383402315668513 0.798086987724925
-0.0373887978646799 0.0213603217023459 -0.279614302404502 0.59613161874996
-0.0408662752321358 0.0163314861598306 0.0381222584703555 0.0750108110810004
-0.0140124679579553 0.0359376743012053 0.27269156620866 -0.576275689174717
0.022231855433707 0.0124688234661087 -0.439314547993204 -0.780622938349582
0.0277477002131126 -0.03383861603285 -0.830197020713189 0.0629081723555117
-0.0158633138720284 -0.042116223431417 -0.182926129497931 0.598154567484534
-0.02589303946322 0.0068173316672768 0.307672493127682 0.2910574251484
0.00580977294047181 0.0235698140416355 0.193379459468769 -0.0679317135929457
0.0168174781504403 0.0103404915091088 -0.0807956625052638 -0.189728986779352
-0.00691267238945229 0.0191904554767352 0.0992158270116544 0.146456662969305
-0.00787547023368721 0.0186936202200254 -0.135947980125049 0.0481444991167162
-0.00627284223421521 -0.00839948048122326 -0.257563872680768 -0.323134145503213
0.0228376429265721 -0.0469563653484355 0.198439439881455 -0.528648621396859
0.0674474345482443 0.00515123586776544 0.745853934312476 -0.0374988625019435
-0.00166324462823878 0.0467256433112756 0.395516800367569 0.787226879220992
-0.0340252524504637 0.024074922583935 -0.273558658417048 0.603325458089986
-0.0401102074557998 0.0193356575787043 0.0284552906197151 0.0823115892622918
-0.0114092859217807 0.0382050968840421 0.279309294562723 -0.568254711213308
0.0284722113968347 0.0138000101265575 -0.421219796434025 -0.793779183670263
0.0335616543905479 -0.0311433755476057 -0.831710239176775 0.0415512013703091
-0.0110525563672151 -0.0370573275803205 -0.194619791592853 0.596203848230821
-0.0244659854524248 0.0108504779743145 0.305824534607235 0.300231568052225
0.00667174896308613 0.0261916971173131 0.195493021822662 -0.0623839920525349
0.0156622817783969 0.0125740388059293 -0.0792807817921843 -0.189704190705696
-0.00622699527705428 0.0208144592736721 0.0993205948582151 0.148555739591404
-0.00604292952959658 0.021919480900358 -0.13497695567345 0.0566539190340831
-0.00451796886385083 -0.0028440844320321 -0.262148457853915 -0.311760463893443
0.0237604380191155 -0.0415558171636053 0.185229909612707 -0.529120131439939
0.0709709709620918 0.00457416666652907 0.741265348259278 -0.0609244141570876
0.00446929547396359 0.0453935951372847 0.416213016667931 0.774414638456572
-0.0293314464067514 0.0236141447866766 -0.264379490965885 0.609771808644855
-0.0358315978752343 0.0192362754339522 0.0206502997820253 0.0912465234569435
-0.00707183940071334 0.0370940927792718 0.288046970535484 -0.555648946243781
0.0314308035196484 0.0136674078224095 -0.39481683608973 -0.808575668454168
0.0365785054761913 -0.0276105146776633 -0.835602596304923 0.0122808703667494
-0.00834582530796368 -0.0320518326692295 -0.211556582652457 0.594051084105758
-0.0226574804642264 0.0139821033141709 0.298083837745861 0.312381268617894
0.00704765214767286 0.0285656520737772 0.197706214230034 -0.0533128539259474
0.0168508383562811 0.0143135349792054 -0.078280827434252 -0.187911127623567
0.00165269817577255 0.0003231976880838 0.0845390081594979 0.155869379720435
-0.00670991107266324 -5.32094056852556E-05 -0.148880333533698 0.0602822511462784
-0.0165871864876956 -0.025231633777048 -0.267389833189244 -0.306539151773962
-0.00333742304226567 -0.0466658802046783 0.196270579856314 -0.519274267341322
0.0317389856130424 0.00925705674854256 0.758749730562297 -0.0496562769118916
-0.0270264577097096 0.0293990734028847 0.431560052047187 0.767820962751243
-0.0213428819213549 -0.0130180340864952 -0.236185252698552 0.59457975435484
-0.00964043188072371 -0.0134805814208121 0.0566423195800809 0.0766738452838677
-0.00347023719391551 0.00454180440922652 0.314154123484417 -0.566898605320891
0.000714431127039866 -0.0012093624871199 -0.379251999921835 -0.802644957919926
-0.000542368741731127 -0.0250428429328065 -0.813466475423573 0.024915549740642
-0.0351582023793118 -0.0412574116416045 -0.203959881921573 0.603808653330892
-0.0327173495434452 -0.00723659843435456 0.289258799850271 0.316973456954775
0.0108270185613328 0.00841900659763299 0.180761100892589 -0.0470343299074872
0.028423469322959 -0.0043817664923118 -0.0963862653407273 -0.177815618266291
-0.00148153145981291 0.00147696036553924 0.0869146022206779 0.152632652169045
-0.0091052196992863 0.000987068484253075 -0.146494527403049 0.0519377372014693
-0.017750929370592 -0.0262687575179136 -0.259427880439408 -0.320256309060983
-0.00117983347390743 -0.0500714735784775 0.207720423439106 -0.51923249770376
0.0344131399364108 0.00827988502913791 0.754761619985206 -0.0275753728735296
-0.0274191572817623 0.031968806996361 0.406814394719045 0.782844603346158
-0.0279581426228798 -0.00749002646394865 -0.253682831997315 0.587503948410477
-0.0186308067506949 -0.00876388255063939 0.0585214958273933 0.0708638838451473
-0.00818835505443768 0.0106666640096926 0.302965513022593 -0.573421489088551
0.00190960139548883 0.00160156623379782 -0.404103183166171 -0.789511620137389
0.00183201389567484 -0.0289183081472946 -0.810698378187272 0.0499863307445412
-0.0327988168014354 -0.045293680755097 -0.191392912938635 0.603098321399345
-0.0312588153215075 -0.00790823730491286 0.294119962761705 0.30355486738666
0.00961794112432663 0.00895490317466101 0.181499202287678 -0.056728455119704
0.0258086477778385 -0.00367703874557725 -0.0929246303319786 -0.181427134480935
-0.00328138108151224 0.00435428732435483 0.0906521620657599 0.149594893012634
-0.0112647903404464 0.00331286736734697 -0.144524578144449 0.0436511177942426
-0.0172910805410703 -0.0257997187634867 -0.255202569032938 -0.327761927886598
0.00293988688763242 -0.0517264038431034 0.21454985901495 -0.517005073972489
0.0392299386871328 0.00720990360669703 0.754675484471965 -0.00965613757832709
-0.0256084517151901 0.035696053981716 0.387282470508792 0.794634340433792
-0.0328882890781121 -0.000173203894986901 -0.262246006865797 0.5849686817328
-0.0263371911644514 -0.00207617747536434 0.0573555055640869 0.0677689684650287
-0.0118114943968161 0.0179039313742762 0.290419928903073 -0.579053440831873
0.00469837248751055 0.00398614005519312 -0.423651252743285 -0.778575818984294
0.00681599212631303 -0.0322712698467902 -0.816547260474489 0.0657685636072322
-0.0291260628578464 -0.0469273926380159 -0.182842225986092 0.600053170479207
-0.0308252972589707 -0.00717993589773646 0.296713340737056 0.293937418193485
0.00790916864028183 0.011238141074805 0.183045881159092 -0.0637285162214205
0.023303455216506 -0.0010456911939266 -0.0908417482129843 -0.184861920590307
-0.00527283426209808 0.0080017517739823 0.0935910123900579 0.147039916649457
-0.011815850317227 0.00664617792006689 -0.142427910764543 0.0403082706250538
-0.0149881970784935 -0.0235994778899156 -0.252446722553574 -0.334755973708626
0.00818040249874634 -0.05347812995125 0.216711487448297 -0.51924519691279
0.0465347680277189 0.00654198587235626 0.749922850598302 -0.00340899849232054
-0.0213989214696165 0.0403524088254353 0.375007370544601 0.800864565141098
-0.036937834831739 0.00752751259401903 -0.274322696449239 0.582970484438809
-0.0340099154733621 0.00562274220341846 0.0521539573623198 0.0672340135257798
-0.0148715592831337 0.0240565424714004 0.281460576122058 -0.578770377038537
0.0105966655414558 0.00703504820226244 -0.434170727906651 -0.773295687190988
0.0139816263534365 -0.0340225343619993 -0.819404084295725 0.0736441903474373
-0.024460917620494 -0.047611045396981 -0.177424963659281 0.597652391892907
-0.0294421783171259 -0.00247862800345796 0.302451451103696 0.284956628636924
0.00704188213223614 0.0148284411298181 0.186868045070675 -0.0687311561323645
0.0201812840464936 0.00229184455816738 -0.0857330104019102 -0.1869864513233
-0.00677437135788129 0.0123159117860357 0.0960420017096709 0.146364219176728
-0.0112986881710428 0.0108502971803558 -0.139009196025452 0.0389532386972223
-0.0120863351948125 -0.0186086014827195 -0.249894557491212 -0.334894463514498
0.0138528552165133 -0.0522974983169226 0.215738258524915 -0.518952104201198
0.05399800574707 0.00536424945630094 0.746388761874587 -0.00240623215860066
-0.0156893536256998 0.0434058003692489 0.369394132308321 0.800271783646138
-0.0384450200141637 0.0150460596011498 -0.280721887957727 0.58593171408046
-0.038371261930285 0.0111490366324516 0.0454038269027027 0.0694731728138168
-0.0155352049761709 0.0304211988648734 0.276616363626187 -0.576071994321086
0.0165838954130969 0.00909964645475659 -0.440451451531115 -0.77379302444297
0.0212985103747464 -0.0342842009302261 -0.820591722743722 0.0698236368129779
-0.0191811195495347 -0.0448793439582374 -0.178776450480066 0.59543373001221
-0.0277629589887821 0.00246997164219515 0.304775980170581 0.283197482285596
0.00563961043425692 0.0186499417628713 0.189327479141843 -0.068924807341729
0.0183381760000703 0.00592112030528882 -0.082112916991109 -0.18860506683551
-0.00765103038093589 0.0162000688627128 0.0975461477875066 0.144787789579344
-0.0093634501309733 0.0153561601450638 -0.137019023539236 0.0415954251320967
-0.00904768540616045 -0.0139128292704237 -0.252446826640864 -0.329585599919497
0.0191113998628647 -0.0494020379106789 0.208742088963454 -0.522085831128
0.0614934190790892 0.00454738399385836 0.743121790499994 -0.0143287737026781
-0.00870946942294519 0.0454085209402848 0.375864875243772 0.79563507082614
-0.037604481418564 0.0206760350629068 -0.280384434976568 0.590860114956617
-0.0409105396661425 0.0156083467656361 0.0371887766503482 0.0746986210399298
-0.0136997244979511 0.0353198292515754 0.276321671701944 -0.570798823494783
0.0225302313804081 0.0114833184623308 -0.431331835668471 -0.780613984591284
0.027983136988667 -0.0327140754185894 -0.824453578245827 0.0580564699872318
-0.0141830753177268 -0.0415508078215889 -0.185974865105346 0.59260745000318
-0.02624037760081 0.00713029157983105 0.304920869917327 0.288756305438311
0.00509943257323564 0.022665866446522 0.192823750296018 -0.0650818843553417
0.0163220985286615 0.00936958938802729 -0.0795133832005582 -0.189050200405788
-0.0065363697048668 0.0196662559403131 0.0983042904274477 0.145501882604267
-0.00789768178712153 0.0187806264250749 -0.134621297894169 0.047279876743176
-0.00559401214849422 -0.0080383619891777 -0.255384447278747 -0.321130400905272
0.0220133658081032 -0.0451102449063938 0.198341241701071 -0.524072193748624
0.06680136015687 0.00353695488678115 0.740803678990708 -0.0318206884254795
-0.00143402617254182 0.0459942261317248 0.388110826722592 0.784747789677364
-0.0342615836528434 0.0237819198396031 -0.277275641751471 0.598200932386987
-0.0403135903020664 0.0186223151284489 0.0271403840288161 0.0812121425619086
-0.0118302034952698 0.0372026316858012 0.282620496190938 -0.560988384090645
0.0282949226431563 0.0141770253014586 -0.412849624962977 -0.789467978891929
0.0327918461232068 -0.030296002310033 -0.824981622072382 0.0355443520688178
-0.010475093941982 -0.0364841674119539 -0.195791083859953 0.590447980897593
-0.0245557082240752 0.0113703762159785 0.300666868484162 0.297084987487915
0.00578389787487031 0.0259837723009001 0.195697335319895 -0.0592460020408821
0.0155700233007544 0.0127743884581179 -0.0764601134729536 -0.18893412923018
-0.00631286445941927 0.0204404190688977 0.0963783222469811 0.147924105128556
-0.00594875509955564 0.0216947591952955 -0.134538682311232 0.0549561899106341
-0.00442711660476801 -0.00263574647219979 -0.25866364275098 -0.309425456263224
0.0232557140543558 -0.0398915757812138 0.185668621951775 -0.526131157301253
0.0698147133449507 0.00435928104077282 0.737284388147916 -0.0548797649688502
0.00398831999670392 0.0452949220252489 0.410353489075282 0.771611789745738
-0.0288263364030799 0.0235442520847367 -0.267197724714136 0.603793309773893
-0.0359486727194567 0.0182901946020897 0.0189298058982311 0.089632588336759
-0.00763074119299053 0.0373927806793998 0.290783686824546 -0.548913554572722
0.0309398065662046 0.0149872706630099 -0.386652810385724 -0.805295573394897
0.0364626512276757 -0.0266517560231338 -0.829759980916486 0.0056212818883334
-0.00837600048519661 -0.0313055906560994 -0.21288282748532 0.58846671431011
-0.0227901337111685 0.013547574239144 0.29538230902041 0.311208722643973
0.00756255963400659 0.0279026159780372 0.195559687288596 -0.0507622219737594
0.0160955766152283 0.0142320590649835 -0.0757768329227123 -0.186839346162011
0.00099178805090472 0.000348235587626153 0.0827688276458741 0.15478358894531
-0.00606976014564133 0.000858139107047177 -0.148439009285107 0.0579408772045682
-0.0159149214389187 -0.0244912229157961 -0.263806084746011 -0.305513262387135
-0.00377016520677741 -0.0453142256070636 0.197379580949872 -0.515210315198111
0.031151581670077 0.0093502721713872 0.753758165489576 -0.0425874917915236
-0.027260320563077 0.0283794995144891 0.426132783665785 0.767240955559298
-0.0219200371334598 -0.012894318884668 -0.240675749291378 0.590049486398492
-0.0094838829258553 -0.0138019266579029 0.0553046214712757 0.0763307907091128
-0.00299393858371067 0.0046503892816852 0.318822474356218 -0.560980796824475
0.00108589872210006 -0.000787149412981046 -0.370015544914763 -0.804108771849018
-8.897578717652E-05 -0.0253824387667856 -0.810466309852201 0.0191130264522491
-0.0344281184862531 -0.0408086149391464 -0.208321268212642 0.599207069011168
-0.0322723451168239 -0.00754808090732344 0.286308207805381 0.315759645911782
0.010230584800108 0.008026906284427 0.181026469250299 -0.0464299149604746
0.0280248329008911 -0.00549672176516887 -0.0948960203455555 -0.178176002962365
-0.00124832275885685 0.0016893003909531 0.0854256227666084 0.152118329237347
-0.00872843052060331 0.000871721090040899 -0.14700085367178 0.0496599816641342
-0.016691092072778 -0.0258421577733909 -0.256200423017345 -0.31776545853189
-0.00138415026396894 -0.049532213818238 0.208457131721245 -0.515742980886559
0.0345455213359466 0.00748949306139962 0.752536031166899 -0.0199386399859908
-0.0277842131290594 0.031597283932156 0.400948786859056 0.782325692650171
-0.0274013141023706 -0.00703225159930531 -0.255147569250308 0.582781638170546
-0.0173342561932621 -0.00875903995636899 0.0569659407716011 0.070045590759511
-0.00787065291199973 0.0101219790995626 0.307467689419091 -0.567988767908712
0.00130066131069417 0.00222517946524465 -0.394281179788627 -0.789011211443375
0.0020192307125279 -0.0286623069926036 -0.808884722785878 0.0423936497211082
-0.0327129659073109 -0.0452921285776509 -0.19508694744414 0.59802760624365
-0.0315927791938423 -0.008279989114118 0.290473883756885 0.304002338041934
0.010154415089975 0.00793649330418563 0.181274788552713 -0.0551683534361011
0.0261015294072402 -0.00397926634455257 -0.0909897315069491 -0.181328873058151
-0.00297387667185601 0.00511036698867597 0.0890066220024979 0.148287357913912
-0.0100491360627086 0.00369835765498834 -0.144253821458089 0.0434116164594653
-0.0168053127984075 -0.0252729195630126 -0.252363434364904 -0.326549390451522
0.00228756736542421 -0.0516932017034514 0.216801793391927 -0.514232863900506
0.0400475982563525 0.0071978386344149 0.751083152914377 -0.0023986819734433
-0.0265185144910343 0.0357596208156428 0.380232732000766 0.793301614818526
-0.0331478437564047 -0.000422138152770959 -0.268271134496662 0.580695989061932
-0.0263037101607253 -0.00220083266689336 0.0567717144995265 0.0679850970694647
-0.0125077287346858 0.0168056798821249 0.29305183851171 -0.57227129957058
0.00484729003615215 0.00426714321519921 -0.414771746278449 -0.779335051344851
0.00747175617396273 -0.0316873211493369 -0.81202422431299 0.0583503195512476
-0.0289406574608007 -0.0479566474896691 -0.187915893975851 0.596188132671343
-0.0305692505644682 -0.00629121828683264 0.295255352123732 0.293203810201827
0.00837387467720557 0.0114431421902286 0.183257166323917 -0.0618940128147905
0.0231412314702698 -0.00164710479835675 -0.087831816596957 -0.184362170887356
-0.00507726273126981 0.00856110680025115 0.091182018931276 0.145917139272597
-0.0108696162533788 0.00626973855219212 -0.14231949085232 0.0380790820634765
-0.0143047971361809 -0.0218525623456523 -0.249023807533861 -0.333044171326519
0.00814970951850556 -0.0527876956791654 0.219761262021399 -0.514419421399662
0.0466259152188465 0.00555013388836344 0.747017432371813 0.0037615226961829
-0.0212404287458934 0.0398759601060971 0.366936160856014 0.800649923773109
-0.0367543082700325 0.00758991697233044 -0.277864663802207 0.579312216681054
-0.0333955847904255 0.00430837438576435 0.0512713701516873 0.0669655014421039
-0.0152628357843625 0.0237357744549252 0.286530196654402 -0.573765958254162
0.00998498320959365 0.00687599962405481 -0.425037225326691 -0.772867951677141
0.014084991722525 -0.0339257008342006 -0.814992012588234 0.0676137719701915
-0.0245415387692983 -0.047813252018302 -0.180187470865295 0.59409123419916
-0.0288820777331069 -0.00319143829751602 0.29975372278016 0.28630666284383
0.00664007855065939 0.0148956240497993 0.185638009045141 -0.0657507480165668
0.0194450907152129 0.00224712361373079 -0.0830781958357213 -0.18652100756752
-0.00713557000341542 0.0133745137185121 0.0942173967104485 0.144417529496339
-0.0104015297818853 0.0105073919300405 -0.138480422603213 0.0381376922730099
-0.0117309828286788 -0.0184486384009167 -0.247006835174786 -0.336155579033854
0.0129168818551438 -0.0513906504906616 0.218043866175047 -0.516261845641969
0.0543369320409074 0.00515870355811753 0.742899379591566 0.00330939435859358
-0.0160431570401099 0.0430249072374509 0.36138954149387 0.800960527688268
-0.0386380352469914 0.014109598711354 -0.282468815516705 0.581240040135899
-0.037928776125189 0.0107852567133251 0.0443790016626375 0.0694700581579411
-0.0151571646231065 0.0299500557832376 0.279876487849132 -0.570074174552372
0.0153322444481764 0.00880107681594198 -0.430006397913999 -0.771196100221339
0.0212064013643618 -0.0344326422184006 -0.81805705787056 0.0629698777903103
-0.0189432920435661 -0.0450623546547142 -0.180479741428965 0.591321001943933
-0.0276001941162247 0.00172722914390166 0.301061292628932 0.283324194599973
0.0059485198769798 0.0183569707317928 0.189751668148509 -0.067690980020524
0.0178118473297719 0.00627246364118594 -0.0798380763363072 -0.18799920599303
-0.00770083006947306 0.0166850551491464 0.0954418221467679 0.143906277941225
-0.00941064863629894 0.0157048419834693 -0.136566145479437 0.0404013775516706
-0.00831915309886005 -0.0130035417841603 -0.249986717315403 -0.329776097460216
0.0184025050440933 -0.047998979406768 0.211078929223278 -0.517375494786753
0.0605616672998129 0.005611558317718 0.739371564590612 -0.00786214366920972
-0.00957339363924626 0.0458733536262794 0.36847355245377 0.795845125115223
-0.037702192617118 0.0198695136058381 -0.285114669647718 0.585146555015831
-0.0413776624356015 0.0157845949533098 0.0352740486830809 0.0744305935139875
-0.0140078299796253 0.0346794550281578 0.281156738131162 -0.565021635778192
0.0219801471662835 0.0120906717436204 -0.420291724311563 -0.777905106728362
0.0270931996699868 -0.0327706849963212 -0.821555638148559 0.0512413184271131
-0.0148820996050551 -0.0406177572143134 -0.188101953210344 0.588992258946289
-0.0258491594448426 0.00657180848663941 0.300855140984052 0.289054756524065
0.00568683266059183 0.0218385980050497 0.191983301575723 -0.0644157368355864
0.0159860180729337 0.00959779789056046 -0.0767590795640202 -0.18900810014991
-0.00788686925035248 0.0194494570046233 0.0951959739617172 0.144864721537921
-0.00761060262593906 0.0190535251155043 -0.134901229780556 0.0460462980909056
-0.00565726655864696 -0.00800403401734917 -0.250326398202731 -0.322022501225931
0.0215119927730354 -0.0439864990779424 0.201123933812048 -0.520506313824845
0.0670331817211445 0.00407646828982051 0.736603614295221 -0.0263182551617419
-0.00187300011175186 0.0458537549015515 0.378753546419389 0.786599999131959
-0.0341404323792831 0.0231647860389404 -0.280995580000955 0.590829821270591
-0.040017533504983 0.0187232354644973 0.0264280055711414 0.0817821494643194
-0.0115907269676022 0.0370410202852336 0.284622832514896 -0.55430312078987
0.0271148371180969 0.0143982957872994 -0.404061344927196 -0.791026351477894
0.0336554829019593 -0.0298694275691707 -0.823167304088183 0.0283698525669754
-0.0101630548573016 -0.0365385439603706 -0.199619861688306 0.587351273795989
-0.0243734553321462 0.0107767092032213 0.296744822028186 0.297692425984954
0.0058232514651884 0.0246971103881622 0.194998916754689 -0.0575283228113102
0.015281082003265 0.0121837635190242 -0.0745397112491907 -0.188319541341322
-0.00665565967800891 0.0211428601184855 0.0949618157400812 0.147181698526895
-0.00618733291635649 0.0222154650593176 -0.135146945212331 0.0543263748159984
-0.00394134945472628 -0.00268478748734193 -0.25609559267666 -0.309964014733465
0.0230160069496667 -0.0385747867717967 0.188054991297382 -0.521621838246344
0.0685375482622208 0.00459855012306921 0.733975876577567 -0.0481828144751443
0.00355393448783696 0.0453900815607943 0.402197617687838 0.770923185263723
-0.0289419674843931 0.0234738350399302 -0.270844969945954 0.599035556394501
-0.0357603514854365 0.0173098869931481 0.017084432431492 0.0888874000065952
-0.00855008494766802 0.0370470498959439 0.295210338637269 -0.543448610460783
0.0304751390049112 0.014635399310407 -0.378336318949866 -0.803742999561927
0.0372119277601335 -0.0265988295298153 -0.825523343931047 -0.000725417324342197
-0.00744902766836839 -0.0319462749790808 -0.21716973964321 0.584484252396585
-0.0234429509845347 0.0134956011470766 0.291605357024349 0.31270241895161
0.00699585422808844 0.0262799661320665 0.196080398894889 -0.0489625032988252
0.0155065730625687 0.0131321708608174 -0.0743100369741093 -0.185831572885634
0.000536428977121283 0.000885672406575892 0.0803610644030634 0.154565658485831
-0.00638674199687231 2.53183686810122E-05 -0.148730212866101 0.0578362231744737
-0.015397264064771 -0.0246057739473446 -0.262317692635989 -0.30733875237892
-0.00432497529977785 -0.0446746733840493 0.201066657166223 -0.512600219824076
0.0305666243249236 0.00872159996520631 0.756180093822509 -0.035547378249737
-0.0269101637533498 0.0287226534721046 0.418352566426788 0.771130082375664
-0.0217744537112244 -0.0141807367146207 -0.246322076931836 0.585050966691188
-0.00958456718994042 -0.013744953884045 0.0527114320321998 0.0767802559531962
-0.00330146531354664 0.00420584772588531 0.322786193335006 -0.555754431153315
0.000670239941644439 -0.000276183050595555 -0.361794972585994 -0.804822381071536
-0.000163374894146979 -0.0253001115126099 -0.806646711036095 0.0130307942744877
-0.0341029703166557 -0.0407268542956522 -0.212548910508593 0.598181685397212
-0.0328124105991781 -0.00711846894987991 0.28307430653864 0.317868782080859
0.0106846765448726 0.00733797549961546 0.180702921833295 -0.0432621860210546
0.0272205233582681 -0.0054742771700095 -0.0919041886368573 -0.177595666069434
-0.00129101689724648 0.0022978865660526 0.0835322831940756 0.151644949522225
-0.00931633415137942 0.000673437914851176 -0.147059178895607 0.0486515081537269
-0.0161400399213298 -0.0256479903005967 -0.255413218686549 -0.319866375953886
-0.00107317490846269 -0.0486305834381527 0.211811604686837 -0.513435969554987
0.034403484298575 0.00864433383759619 0.752386171094171 -0.0132977920083604
-0.0283833497978969 0.031182930677341 0.394534250691489 0.785545610914732
-0.0271964314340873 -0.00781586843044086 -0.260914179633812 0.578648854323581
-0.0171465571245872 -0.00873100112274576 0.055665529880002 0.0714799029718446
-0.00849957565562969 0.0105001664739878 0.311731380361585 -0.562273050721936
0.00141968337871681 0.00128951454258402 -0.386803918422958 -0.789767901336449
0.00292671563340329 -0.0287887771545356 -0.808397169451636 0.0332755029222847
-0.032267893585914 -0.0454538854723955 -0.199783708590668 0.595111781955609
-0.0327411035546561 -0.00811832419706553 0.287906163898561 0.306822906888364
0.0100688039666192 0.00849695881131855 0.181166163958923 -0.0531666322211195
0.0253449756650745 -0.00469077703122457 -0.0886392942260974 -0.181229391308691
-0.00380272348610769 0.00471031824988919 0.088003152724288 0.149017831133744
-0.0106554956641392 0.00423913984198757 -0.144292462243669 0.0408856208404782
-0.0159577432881509 -0.0248902111153659 -0.249771826869604 -0.327948528016068
0.00226659734157884 -0.0505472788557183 0.218667000761213 -0.512748819139808
0.039019922185605 0.0063609861162143 0.749536037936095 0.00156859914259352
-0.0259480604834082 0.0357167141215413 0.373753062427801 0.79478869502601
-0.0335720854932729 -0.000427870367232649 -0.272693035410319 0.575873544465949
-0.025903380866431 -0.00205100775884691 0.054677501079629 0.0673425472196291
-0.0133911313790977 0.0164144945611277 0.297622932157166 -0.567940607469937
0.00441299796652305 0.00516033347545757 -0.405847709522609 -0.782968462852682
0.00719164879917026 -0.031809269199575 -0.811797299658928 0.0505615327956352
-0.0286799448198889 -0.0479421532714959 -0.192255356613726 0.594718161897719
-0.0307508998484541 -0.00663940568889513 0.293494864204492 0.29448283826847
0.00872318216259927 0.0102198119387881 0.183465446659217 -0.0610725728415434
0.0230038592095133 -0.000985461415204211 -0.0850048299039687 -0.184829598721389
-0.00592208551276623 0.00896920990888327 0.0896991481724936 0.146357988719362
-0.0109727446091494 0.00612421904693032 -0.142296637232979 0.0366773818974417
-0.0137731190172346 -0.0226084139269658 -0.246717534614374 -0.335452771018261
0.00845793851310877 -0.0518478586659865 0.222458716989988 -0.511864724727315
0.0466568276053569 0.00628253426825193 0.74446260532661 0.0110073454313954
-0.0226508327207452 0.0402029026190711 0.36184314651671 0.802933463225042
-0.0374630374880377 0.00665349703324836 -0.283118684969474 0.574777890907114
-0.032951032366545 0.00436162750136592 0.0496901969233473 0.0682016939510957
-0.0156413585796319 0.0232158454546316 0.290229638258477 -0.569844876118142
0.0100678693086204 0.00723254631769804 -0.41736362372906 -0.774512601053229
0.0140790536978957 -0.0337788186813086 -0.814132212669952 0.058385993976603
-0.0235955747724811 -0.0474625380052093 -0.186738195517717 0.594012622451175
-0.028138214112446 -0.00326054707481338 0.297005124721594 0.287781625053569
0.00718462128305892 0.014074425025352 0.186665779792519 -0.0646599905321721
0.018949852849999 0.00206376718960099 -0.0813192547780575 -0.186292836432814
-0.00713868152515175 0.0127802842116108 0.0913463230647344 0.144228848698836
-0.0103674518715433 0.0108173479657449 -0.13915137801954 0.0359854629295999
-0.0107997219499475 -0.0181517254183999 -0.24533859285668 -0.335451242306229
0.0139910459493923 -0.0503452407605083 0.220450093040727 -0.513144871489116
0.0536491458411315 0.00517302187632043 0.742095666390406 0.0095150010539116
-0.0163927433191865 0.0430850109414877 0.356582289183467 0.802572016584032
-0.039263523690889 0.0141238408700462 -0.287316843905759 0.577165077468294
-0.0382965930902883 0.0102554182778122 0.0422944286153742 0.0696392011994576
-0.0168046186094975 0.0297994038397197 0.284613316039407 -0.564935560539258
0.0154805842538614 0.00969664962905524 -0.422314858167177 -0.773967306044873
0.021536155340024 -0.0334219802265332 -0.818178688044617 0.0566329495884286
-0.0184387816154469 -0.0452762780898083 -0.186294910945609 0.589891776413296
-0.0272207308015157 0.0015888817199435 0.29901538377526 0.285546555091242
0.00605000009472887 0.0179320713519456 0.190843076438204 -0.0646714304452599
0.0164626169284794 0.00555097402944247 -0.0773904521931311 -0.187989862269389
-0.00776314504363605 0.01662475849156 0.0933357156377913 0.144098212384721
-0.00923290596726614 0.0145341404436196 -0.136155056979844 0.0379991586732
-0.00861451841680181 -0.0132886595578099 -0.246484435693087 -0.330485041918206
0.0188543416669612 -0.0479585650625458 0.213772064416702 -0.515942266827869
0.0603301268303473 0.00455399032802653 0.738280478981195 -0.00147071875369976
-0.0097771636807337 0.0454839108247645 0.361767963537635 0.79754794124115
-0.0383605303163084 0.0191982990368266 -0.28918311349918 0.582506907351282
-0.0409484396338061 0.0148668653173096 0.0330870241067225 0.074641110320289
-0.0153085460396467 0.0337497304362557 0.284344017939072 -0.559310302815327
0.0221953500968993 0.0131920497253747 -0.412841681555527 -0.78092249043386
0.0277302557389095 -0.0323448592811663 -0.821663377886808 0.041034498400054
-0.0132715165346175 -0.0411415036297487 -0.193647847844934 0.585666413829977
-0.0267145094034565 0.00628637765740003 0.298476565773916 0.291249120594385
0.00517025564919799 0.0223113322187627 0.193357023355464 -0.0624103151538901
0.01522845142326 0.00936528280461727 -0.0747976344008605 -0.189340896954355
-0.00752202284761688 0.0194355766227328 0.0933327973555404 0.144350957201117
-0.00771753179084356 0.018440776504587 -0.134688795580851 0.0436798713909708
-0.00503174529766502 -0.00711057042263136 -0.249043322779103 -0.322376636079543
0.0221500786628431 -0.0427602903370277 0.20368398570578 -0.517331469024185
0.0663144742227916 0.00445488074148298 0.735426897116125 -0.0201524936294116
-0.00329427000227423 0.0459100290425299 0.373655676077559 0.786688310626395
-0.0350590915068586 0.022665446336617 -0.286091189260469 0.586945796358376
-0.0394213559880317 0.0179266691923159 0.0249568949016726 0.0818149532546041
-0.0129056621755176 0.0371224005999063 0.290593556705129 -0.550077468443422
0.0274061859169486 0.0143756163044385 -0.394362143546841 -0.792733311368656
0.0333530776155857 -0.0301692649506173 -0.821857120255397 0.0210514590847732
-0.010455615588182 -0.0360435828783126 -0.202212947490083 0.583959184702424
-0.0242292291887281 0.010120996949655 0.295190378390079 0.300433271936111
0.00595792192308239 0.0247924572627027 0.194421272191546 -0.0568778629060959
0.0146763975529878 0.0123202781159455 -0.0720641933730531 -0.188253115878865
-0.00741077057715685 0.0211894928588846 0.0923779754734459 0.146340212829672
-0.00551665928002342 0.0214191312948062 -0.135073607971399 0.0526521549797028
-0.00314258678890206 -0.00119698720630703 -0.253965830866853 -0.310268125727646
0.0231606675141726 -0.0380480312193614 0.191782238017042 -0.518149858501168
0.0688943360672587 0.00514944875739124 0.732878279900736 -0.0413990083090027
0.00258924149779717 0.0452952925695936 0.397264028296761 0.772787592109543
-0.0288690521686291 0.0230011053567658 -0.276069403235557 0.594649378736515
-0.035627291729099 0.0173391546519589 0.016764613939525 0.0896385089104799
-0.00945717677350516 0.0356793082186189 0.300032017548235 -0.538402294164841
0.0304774615222047 0.0149430050888996 -0.370263724220825 -0.805371125612781
0.0360312424779102 -0.0260379969777055 -0.823052715056803 -0.00668782106506931
-0.00732994039280116 -0.0322681977011753 -0.221224359486368 0.583187343654953
-0.0236954640476938 0.0133950416920201 0.288210475031736 0.313334354449963
0.00628955920489782 0.0260926562600212 0.196047128655362 -0.0465244278711539
0.0157262860374631 0.0128819139915149 -0.0716692125783133 -0.186890465174951
0.000900935207735088 0.00050438864498416 0.0794116834019031 0.154528756293755
-0.00570446589612022 0.000432479884993403 -0.148864724553481 0.0557888293988321
-0.0154840168828523 -0.0239119942241739 -0.259215244129558 -0.308757304559076
-0.00371777430325132 -0.0443387081358456 0.204452388174255 -0.511666531064778
0.0308754412975447 0.00852964776122792 0.753939051320499 -0.0285928010399163
-0.0275736596258034 0.0286202636789633 0.412237330746249 0.775418556888685
-0.0207359876610829 -0.0127525739264489 -0.253217808810707 0.58524971580451
-0.00931448037010032 -0.0150186405648351 0.0520492204311922 0.0764811002228951
-0.00379896700712019 0.00333978385985165 0.330088701508786 -0.550748056881765
0.000694300672909071 -0.000164564622600387 -0.354183795241468 -0.809768504058144
-0.000228652856244733 -0.0248363518325764 -0.808375675172819 0.00489529717574382
-0.0348309244290102 -0.0419802714396311 -0.216777342769967 0.594876119623158
-0.0322618131243981 -0.00765638469262255 0.280035393923348 0.320409967710324
0.0118125793476273 0.00704564946772783 0.180806577711905 -0.042253950262934
0.0275023143876442 -0.00562008319663878 -0.0896068093853612 -0.17839387685687
-0.00154012054249214 0.00199449518580507 0.0816611516835439 0.152056148914533
-0.00869022137337505 0.00121853458670422 -0.147584287328532 0.0466781705996552
-0.0155711045411086 -0.025031847595683 -0.252968271275389 -0.322112224184172
-0.00100320239198712 -0.0480326499926812 0.216079536660059 -0.511481482719788
0.0329548462935245 0.00720738851636836 0.752881532687305 -0.00645717570701949
-0.0278353094117086 0.0316000120400854 0.388282732670894 0.789820807437774
-0.0279314555187918 -0.00774762000715062 -0.265812766417336 0.577043250716346
-0.0174457983177631 -0.00902175143327532 0.0547276568899117 0.0714243981387635
-0.00868221625169037 0.0091285963310635 0.316787951173916 -0.559363270867385
0.00138522255920955 0.00230108874831806 -0.379424514884771 -0.795964089065861
0.00215025156361418 -0.0291742257020496 -0.80895636232697 0.0286373374350253
-0.0318726831723126 -0.0451778077362856 -0.204315471259854 0.593586053551673
-0.0312868900511836 -0.007762979123667 0.285754388237947 0.30783355740868
0.010327496619895 0.008136005104032 0.182361773340549 -0.0519063960170922
0.0250308972500173 -0.0038135429890558 -0.0856720712135521 -0.181887869633175
-0.00405217889787591 0.00527674301536693 0.0852633168275124 0.148487646272795
-0.00997695984893592 0.00295697291684013 -0.145295169255934 0.0395398171863182
-0.0155053390457773 -0.024791149788286 -0.248505388574667 -0.329316999057963
0.00276494939441323 -0.0506714388087174 0.222732727478977 -0.511776972889882
0.0388451812591819 0.00713296037343446 0.750209867754521 0.00988786370209557
-0.0262555624880511 0.0355041254396628 0.368161711710239 0.800073975904572
-0.0328754710106976 -0.000731831423993109 -0.279211423653038 0.573776054150717
-0.0264074490528217 -0.0025663383648988 0.0533913541977182 0.0680650642809182
-0.0139718207228272 0.0160470471259455 0.305002127829227 -0.56570453809928
0.00444449596070071 0.00433826331111461 -0.398393338986235 -0.787255093535344
0.0076312356721006 -0.0316208147247243 -0.813050188500073 0.0452421748646792
-0.0278526613163995 -0.0480289567685926 -0.196722654226049 0.592543868322519
-0.0306237023821198 -0.00667183312782456 0.290772132393569 0.297383894035406
0.00861346509526984 0.009631816426479 0.184267088864075 -0.0582073096931659
0.0225377646774374 -0.00176853032341874 -0.0833004535365249 -0.185602451802966
-0.00520640718595357 0.00901156949333578 0.0880822599820279 0.145780746052006
-0.00952381579982028 0.00643439965021555 -0.142077927478325 0.0350158408909348
-0.0132173021704677 -0.0216089443031479 -0.243542453340363 -0.33726868531715
0.00779362423622797 -0.051040575063981 0.225223973543535 -0.510532921368904
0.0460638582572019 0.00612619167418497 0.745033106490966 0.0178098759985287
-0.0224394137928091 0.0399828849558704 0.355791662150634 0.806969759968776
-0.0371484442036394 0.00604215276897735 -0.290457510064649 0.571930741641302
-0.0331958225122511 0.00334347611932474 0.0481809088447498 0.0677120070577657
-0.0162099551934018 0.022976143086287 0.296256387158081 -0.565187914345224
0.0089884871876777 0.0074806511818671 -0.409353216461754 -0.77999540523429
0.0142896532365993 -0.0338278013869022 -0.815161821978835 0.0530493027450776
-0.0238124093852608 -0.0478107589559743 -0.19156152826156 0.591905070077473
-0.0290015481614645 -0.00281619581272593 0.295631800957038 0.290127858778322
0.00758617098102179 0.0131225539397449 0.188851242672633 -0.062901264751227
0.0202745682342556 0.00216563442169235 -0.0790032034782401 -0.187408407403919
-0.00779944506711056 0.0128934903066104 0.0898229270464007 0.144053365612989
-0.00952758684053499 0.01033577764296 -0.139394378496816 0.0341562009751451
-0.0105102611152579 -0.0178249947132186 -0.243104661874283 -0.337966216312451
0.0136511087078491 -0.0507234504726216 0.22456103781015 -0.512434859222023
0.0526818947928278 0.00525189006224671 0.741930235611394 0.0169032303820745
-0.0168875652882267 0.0437761942465643 0.351749266106276 0.806085098366041
-0.0396657007256695 0.0141460912971401 -0.294555670270004 0.574613311913895
-0.0384938190376505 0.0095991907908292 0.0415768723476548 0.0700596796140251
-0.0164914228851911 0.0298727975708367 0.291938339591616 -0.562411865575237
0.0149338231609603 0.0102800709159637 -0.414952734549798 -0.777894578912738
0.0212721350304614 -0.0341113656801156 -0.817416696735244 0.0495834891273551
-0.0183138406348384 -0.0452859784950205 -0.191244132146656 0.588423764885992
-0.0275473472230246 0.00171529337273971 0.2976194456339 0.28670066729754
0.00649605623331425 0.0177490400207772 0.19147424394635 -0.0639061758668262
0.0170720377377549 0.00521694636027859 -0.0749840452675244 -0.188984487872498
-0.00853270627100872 0.0170786838106837 0.0914641581664747 0.143673252278807
-0.0085706744213183 0.0152475678258946 -0.137275706339247 0.036595923317364
-0.00762529873359926 -0.0126603712735381 -0.245225673207012 -0.332132888850697
0.018490606590954 -0.0474983356648601 0.217068028275585 -0.512077749717797
0.0607136524896566 0.00452827141224478 0.738371956949532 0.0052330638709014
-0.0101560488592377 0.0460935626247642 0.357755200450485 0.801118782668068
-0.0385054260111559 0.0197904093122346 -0.295361919537928 0.578842590933503
-0.0406562804780216 0.0146712452957564 0.0330892283785863 0.0746825663008653
-0.0161122232836673 0.0337427135183327 0.290096049521459 -0.55648018762208
0.0213880200935177 0.0132594330786121 -0.403593266123709 -0.7857078679364
0.0277336948250511 -0.0319790058200468 -0.822702908522702 0.0346844609105252
-0.014290984049663 -0.0409960544536648 -0.197497487271066 0.585784628193354
-0.0255465196324482 0.00599395604376782 0.295544808151831 0.292814404229663
0.00537989582102254 0.0208783894033172 0.193885082897161 -0.0601916886899319
0.0149320632170665 0.00896905410485056 -0.0724887537510522 -0.189211635424376
-0.00748804163001441 0.0194682291665932 0.0917053139875342 0.144528345518346
-0.00750889125185786 0.0184438301714975 -0.135188023782744 0.042263377262406
-0.00469696055176712 -0.0070155859107184 -0.246519616279223 -0.323883351083455
0.0213575906270101 -0.0434299217539473 0.207001583137396 -0.516417215702172
0.0659248913201986 0.0042570596089489 0.735896277374962 -0.0139782090973648
-0.00325648647976287 0.0466320752266536 0.367847530730701 0.793425913733163
-0.0350764017708295 0.0227030067447278 -0.29039708792414 0.585679667050253
-0.0405164554103034 0.0172416376999314 0.0228624459130234 0.0821745607352679
-0.0137480926299152 0.0366347639501424 0.296109383635001 -0.546307582995545
0.0266466312239088 0.0150599440295774 -0.388222919237248 -0.796285951891962
0.033026763272953 -0.0294266644149479 -0.822639210430952 0.0143548773263872
-0.0103264149276241 -0.0372595837735489 -0.209339714437698 0.584353293230415
-0.0246807672466262 0.0105969758938476 0.291544327665709 0.301397108633333
0.0054313348004358 0.0239916723836182 0.195979076364597 -0.0544021826668132
0.013884455992942 0.0116833196728712 -0.0697422562021699 -0.188663600672982
-0.00735102138886063 0.0215867668125211 0.0902430305446803 0.146566757330437
-0.00554594983604451 0.021159324352885 -0.134448089251927 0.0509163264141719
-0.00326817499288332 -0.0015729795119259 -0.251452652601688 -0.312256412347197
0.0228260127173498 -0.0375526253018871 0.195734468238321 -0.518307103170391
0.0688602103966538 0.00521068335135061 0.733837447581107 -0.0356077755763011
0.0019650730757075 0.0457776889974673 0.391733431771234 0.776819139373234
-0.0293327387492167 0.0230140384924281 -0.28018777349215 0.592412170725309
-0.0359476860445022 0.0170389707647076 0.0148660831262946 0.0895926720787108
-0.0107290791117366 0.0362227808752752 0.305758613930387 -0.53546977092933
0.0304698425087696 0.0161408447738218 -0.361162940228955 -0.811727631095607
0.0371039904038535 -0.0260073921128592 -0.825218595416723 -0.0140362714797981
-0.00787716087287773 -0.0319878894354294 -0.226788091575887 0.58128744510364
-0.023839722302766 0.0134629607754105 0.288001102070732 0.315904476112629
0.0062387809440713 0.0264687400252075 0.197440046519425 -0.0447425710570916
0.0146362200343073 0.0128168961162346 -0.0695091111290285 -0.187055176596451
0.000653650211918188 0.00167093505948651 0.0778790015810719 0.154767081653989
-0.00546006662555259 -0.0003983435596117 -0.15019040180416 0.0539336579034115
-0.0146422768435574 -0.0237100010828754 -0.258800025282322 -0.311189404404133
-0.00437177862073326 -0.043911181640349 0.208683808371905 -0.511716795851289
0.0301647718913207 0.00850881126399337 0.756919352679739 -0.0235610656453786
-0.028336057100802 0.0277790446254703 0.40805905431363 0.782081108031609
-0.0218426416864628 -0.0138946693319817 -0.259606508364845 0.583903667125103
-0.00936227454159869 -0.0143391373101602 0.0509923231216672 0.0778643021629266
-0.00509650894238734 0.00347446873653951 0.33579648170854 -0.549260543107629
-8.78633248501681E-05 -0.000402149524660209 -0.346144141010163 -0.813807357387489
-0.000180289051240666 -0.0256719703455761 -0.810999087780566 -0.00180661315695429
-0.0339426604379537 -0.0426399223929774 -0.224579771667601 0.596689269285629
-0.0328509673803217 -0.00806076349692941 0.280423330646576 0.323982733637443
0.0119804397447087 0.00629274970733393 0.182899246139267 -0.0415375552008527
0.0272620595608077 -0.00597333573221588 -0.087339370746429 -0.179711769307625
-0.00219722137761939 0.00251783472167196 0.0803562456511123 0.15148616315288
-0.00711892131956911 -0.000171960758445805 -0.147288632795288 0.0454711850503082
-0.0152948261458914 -0.02475962996898 -0.251580990515448 -0.3236461271787
-0.00173302920200876 -0.0480228316523669 0.219005098435827 -0.512525464421807
0.0336221392182016 0.00746434766496726 0.753483853965384 0.00103701258925042
-0.028797756885802 0.0312252596249427 0.382738028136659 0.794903649166668
-0.0277029202756998 -0.00833799401447627 -0.272536157599384 0.576309010416611
-0.0176316423643433 -0.00925738188877509 0.0543449983510734 0.072397549960524
-0.00982405902318243 0.00928145616606214 0.324092666502179 -0.557531229473452
0.000518655035115931 0.00277343621138556 -0.372165811061663 -0.801416941899175
0.00280880478263895 -0.0288118762923836 -0.810769826795064 0.0202877288750417
-0.0317339428410771 -0.0461098947565047 -0.211341680261555 0.594527847325194
-0.0315708812696009 -0.00901344363515215 0.284206562023234 0.310769403863196
0.00914746574622401 0.00672116022688647 0.183775751331143 -0.0503421701573037
0.0252765897923789 -0.00447036272216277 -0.0841996661033963 -0.18293514641608
-0.00369632057261308 0.00552275588107714 0.0841270594684658 0.148392914485103
-0.00944781402102986 0.00302297435073459 -0.145667245163968 0.0381037836381301
-0.0147033516702442 -0.0243166408096041 -0.246544050785752 -0.331919850169042
0.00254107384248904 -0.0505366620379912 0.227170560551176 -0.510507610381512
0.038917504689215 0.00649838557758449 0.75214980972289 0.0158969480517607
-0.0267999606304145 0.0362529758652793 0.364053563682395 0.805280598167396
-0.0332562516447481 -0.000773615946584643 -0.284732988084536 0.573209809716083
-0.0261148324272547 -0.00308176094590917 0.0523822772980475 0.0687225623788598
-0.0138054085233024 0.0159095070462616 0.310546347364223 -0.563303964223129
0.00386064925632206 0.00407604549063116 -0.392641619569798 -0.792424830760093
0.0083048898379391 -0.0324187776764654 -0.814284369142938 0.0375743313783522
-0.0274059170226158 -0.0481613613197149 -0.201186251596029 0.59608271649748
-0.0305104480201746 -0.00719765260652455 0.288825717819416 0.2991097913852
0.00885852435296983 0.0100790607080925 0.186263897050899 -0.057299693509281
0.0222865955867293 -0.00213901637938638 -0.0819285173185436 -0.186422772867978
-0.00675075203438293 0.00924079545959884 0.0866637626195535 0.146734659465948
-0.010126485765322 0.00636883905864583 -0.143098210377181 0.034206572712038
-0.0129577046093793 -0.0215718580955171 -0.242299976479421 -0.340271842104006
0.00885405308384578 -0.0510642535592089 0.230739994740853 -0.511531876687884
0.0451790795234637 0.00583935385478836 0.745886799829617 0.0231393870528503
-0.0230296739757491 0.0397747657866366 0.351216232289318 0.81372444109321
-0.038132290300351 0.00615856362972521 -0.294665596069251 0.571350534526065
-0.0333787918030593 0.00312687601929398 0.0476036067888476 0.0688971083347246
-0.0170783037674335 0.0230899692359059 0.302399434612051 -0.56431194577308
0.00902778054695893 0.00738749596377832 -0.403000997522755 -0.785947867156754
0.0146126425562055 -0.0333930595445699 -0.817954571555919 0.0454243626870695
-0.0232050976980686 -0.0481321791819844 -0.196435367302048 0.5930020595066
-0.0289244110456567 -0.00361622515986015 0.29427867371798 0.292841529853572
0.00674841098628747 0.0138687245437828 0.189402831765883 -0.0615519686075139
0.0191914451927809 0.00169527970225515 -0.0769013392131047 -0.188501168091168
-0.00787129641283573 0.012925599212363 0.0879742475060243 0.144705460745753
-0.00998482617805491 0.0105412179708061 -0.140465047640956 0.032910775283402
-0.0101888112274901 -0.0181287627012961 -0.241292866261836 -0.340173254489674
0.0140056146667336 -0.0500588658319627 0.227796309187899 -0.511748573333117
0.0538690685411828 0.00539118323436779 0.744587610921189 0.0227369337608079
-0.0174996612306104 0.043638391752562 0.34656185425122 0.813254301067173
-0.0400641894014308 0.0137609315168322 -0.301268850170131 0.57327294131749
-0.0379432551561875 0.00942323108802956 0.0402191211512102 0.0705118280672285
-0.0177550486886028 0.029112594877381 0.298085188128308 -0.561268307441808
0.0147058355909477 0.0110804512230838 -0.408705141747165 -0.785966893379691
0.0225985054909824 -0.033530938192266 -0.820473462201385 0.0414223467535131
-0.0177175962013452 -0.0458248531531442 -0.198303029343157 0.590090755124737
-0.0272329092534416 0.00145734932359083 0.295578743589043 0.289848645295185
0.00588455481809013 0.0167076059299366 0.192691449425238 -0.0627355046252537
0.0168295733188245 0.00479658998829095 -0.0736510378224697 -0.189552648125534
-0.0083278456744657 0.017127338259435 0.0896265278040266 0.144357278188546
-0.0088383143880241 0.01436747239318 -0.138312673728225 0.0355339997731653
-0.00731727254005944 -0.0119170901958661 -0.242957463160526 -0.335326773573403
0.0191874224821421 -0.0464481910996897 0.222418176722251 -0.513431608715746
0.060151244071086 0.00472297918044764 0.739778649715158 0.0121275418127584
-0.0104535920128259 0.046395354943527 0.354377829991494 0.808899740557127
-0.039724197004274 0.0190002764985452 -0.302017967807615 0.577598478878711
-0.041018954186677 0.0138416530995859 0.0318566462654377 0.0757770019362967
-0.016837768226063 0.0337224277300066 0.297762285149077 -0.554638949654397
0.0218997022892632 0.0132797165845497 -0.398165890306661 -0.793549273263452
0.028070606032564 -0.0318500938495973 -0.825001575106801 0.0281748746772197
-0.0138645112636101 -0.0416664307117499 -0.205342572324028 0.586779693606794
-0.0256225387050786 0.00571478527317917 0.29423163900998 0.295287321269043
0.00453527062991057 0.0209063032731148 0.195478978994392 -0.0587035562484033
0.0139776062819448 0.00816540919164035 -0.0713440051867491 -0.1897932622067
-0.00867596929710634 0.0206305505849486 0.0898688644020667 0.144937733739754
-0.00722978854277225 0.0179181974806776 -0.136287318424863 0.0414316421798293
-0.00477004472424134 -0.00641918244903727 -0.244807311251611 -0.32668316609177
0.0217279484718288 -0.0425472090291581 0.21092195609302 -0.515932773085714
0.0659313481808577 0.00465813484640187 0.740319764587636 -0.00633379813027085
-0.00407127217106074 0.0468632757830597 0.363436130543219 0.795739389601128
-0.0355607658166443 0.0234709784891559 -0.295877248916062 0.583444636094135
-0.0395465996613381 0.0173435508624798 0.0215590974774286 0.082421351618135
-0.0147880009554126 0.0356178174441335 0.302340162418819 -0.544972892446229
0.0262122573295502 0.0154776683818758 -0.381286756040556 -0.803661287151465
0.0335983601781275 -0.028835744995507 -0.825537510153398 0.00658623022183342
-0.00987115331831162 -0.0364575012482564 -0.214916156485769 0.586343321357683
-0.0256667371178475 0.010696918913145 0.292154504578961 0.304496808097662
0.00520787558479752 0.0231364893926887 0.196569214132798 -0.0528267869565995
0.0140902260136818 0.0109534597458468 -0.0686532966023884 -0.189654752494587
-0.00757446636759349 0.0221693315371776 0.0895327082743391 0.147029245023368
-0.00538098468640368 0.0210948884983812 -0.135416698645622 0.0499003508622983
-0.00295581964691679 -0.00140209895491139 -0.250307710538449 -0.314437393907882
0.0226973203822912 -0.0364497156963073 0.200390181798314 -0.518591071512036
0.0687320900181752 0.0052134380540163 0.736301661155289 -0.0294811380744461
0.00245749222160531 0.0464189236131372 0.387956511872544 0.783631974770787
-0.0295336372981022 0.0223050868848326 -0.287199716128765 0.591382853346249
-0.0357103433939437 0.0165096482747624 0.0128714891950031 0.0900052130489529
-0.0110568327825914 0.0359498945154096 0.310915142583341 -0.532414608602918
0.0302919130006987 0.016514751195451 -0.354582290605832 -0.816253739337929
0.0367701748211813 -0.0257816945428263 -0.827201191348367 -0.0222127961722637
-0.00694629503620654 -0.032679985932206 -0.23356159557373 0.58389943543377
-0.0239365177398802 0.013702336334796 0.285226945033149 0.318253704897416
0.00631295359985847 0.0256574651482689 0.198731750193421 -0.0442062414628163
0.0144695082647584 0.0127166585806136 -0.0682781287176051 -0.187676732459083
0.000765537279826206 0.00138261255007747 0.075638587688577 0.155333748124968
-0.00484423386146609 -0.000313468846763035 -0.151520834385857 0.05209262698502
-0.0140119920286785 -0.0238016219578983 -0.258261480128941 -0.315776151121284
-0.00450724349394395 -0.0448404392347963 0.212443601579782 -0.5131223247516
0.0302361516954945 0.00816253918136172 0.76023933763729 -0.0168983679957584
-0.0287749920450201 0.0291302922991678 0.406220655667431 0.791166791208645
-0.0218410042989486 -0.0140872039388257 -0.265728375726752 0.585298857132421
-0.00935270591875574 -0.014296428932365 0.0509869120354665 0.0783472071563398
-0.00540581246189203 0.0036959677952562 0.343453455491445 -0.548256810209692
7.00937195282497E-05 -6.61915265898136E-05 -0.340389313609316 -0.824137787297795
-0.000263707733218814 -0.0246350343794003 -0.816779984294293 -0.0100228727532484
-0.0333444664145134 -0.0412632876419735 -0.228686115676367 0.598546692908386
-0.0330465035406714 -0.00768691917586074 0.278351864237077 0.327525449635767
0.01196200610789 0.00666512951648519 0.184310498012044 -0.0402023177986376
0.0272290487128539 -0.00558146758803696 -0.0861195577952484 -0.181557597517763
-0.00172914012189065 0.00308521339905591 0.0785668057543592 0.153365498644494
-0.00700803273710867 0.000212005342894148 -0.148416598648637 0.0447661068980334
-0.0149333874893972 -0.0248587898438886 -0.250271759348758 -0.327639455768423
-0.00120867636367527 -0.0480772622485022 0.225213580211796 -0.512261042287237
0.0329769401291037 0.00739823356463638 0.758042656888743 0.00713255200803548
-0.0279110852035766 0.0318033452189835 0.379850633084472 0.803628435214888
-0.0286122711617444 -0.00877329101441448 -0.279149358676192 0.578338462252651
-0.0167535435635631 -0.00949341470167784 0.0525651335607406 0.0727038822510923
-0.0107064301012402 0.00866120826424283 0.330032146071649 -0.556946386694318
0.000786642978270032 0.00256048590955795 -0.367079824543882 -0.808800606463449
0.00262393025356565 -0.0287629043418141 -0.815997286239092 0.0135031918249696
-0.0313245385068615 -0.0475076487167585 -0.217263255564255 0.598734340173896
-0.0309667269763162 -0.00870967173569779 0.283897601281419 0.313958456564677
0.00952223550097086 0.00688961891742271 0.184960763224032 -0.0486167654354268
0.0241830896900032 -0.00479386814207612 -0.0831789026610173 -0.184168624788005
-0.00386835522997712 0.00569131914900349 0.0824947996981574 0.149448444716159
-0.00890809906054925 0.00272425986101921 -0.147127399424831 0.0372297260061392
-0.0144660880922459 -0.0239181201712303 -0.245438666367446 -0.33613471631847
0.00283934455233179 -0.0493798881343361 0.231046655780502 -0.512365352486657
0.0388940129639786 0.00692293072486493 0.75644039225688 0.0222568384568704
-0.0265704704198367 0.0357202620817917 0.360935354879157 0.813803311118186
-0.0337577584071206 -0.00166099058585257 -0.290941848207115 0.574953758995666
-0.0261683933959933 -0.00348307313978008 0.0517916179972959 0.0699743755993074
-0.0146895344451426 0.0157709825108219 0.319646816591259 -0.56228360968691
0.00425021044644092 0.00427040794946398 -0.388409595885647 -0.800759002972101
0.00830137740907656 -0.0320477485437523 -0.820118409357635 0.0307372366735949
-0.0277094313114224 -0.0493440594526383 -0.208495145669677 0.599100396990011
-0.030432574474145 -0.00726847098500966 0.289797590377227 0.302811187109258
0.00858831698528092 0.00933107229039216 0.188035639657307 -0.055397118585932
0.0218557291810806 -0.00210198175011148 -0.080438172290235 -0.187731785674216
-0.00591909671184731 0.00956414015284435 0.0842146358265057 0.147840658857592
-0.00994702109634179 0.00595429447819763 -0.143847167888389 0.0325619521830824
-0.0121378077719961 -0.0217724860773361 -0.24150616828945 -0.34214012002748
0.00883191615874431 -0.0502366238820241 0.234461532220213 -0.513730609766143
0.0457736652014141 0.00574044333096841 0.751801845358613 0.0298085350569681
-0.0230890598870721 0.0403384652708302 0.346838619448847 0.820482320247625
-0.0379091057091565 0.00659056113522804 -0.300890795598571 0.571179604515964
-0.0332128860260586 0.0026967305730286 0.0472303728444727 0.0692014076815893
-0.0180878759254162 0.0231361366846666 0.310470706904932 -0.56171241169055
0.00900198520407297 0.00702143121248286 -0.39888513245287 -0.794091964648964
0.0147623511263189 -0.0333909830152944 -0.823608700837922 0.0371411005288325
-0.0232428550651887 -0.0489626193575245 -0.202779894380846 0.596781440088848
-0.0291704193969433 -0.00287428349848039 0.294218786522593 0.296470068178751
0.00789938829820538 0.012436710672739 0.19133944908571 -0.0606279967058685
0.0183208396709116 0.00105991955255418 -0.0756197726336578 -0.189957689337514
-0.00824461069093124 0.0135150938991972 0.0869152074360089 0.146658992966536
-0.00954060941542182 0.0101897469486509 -0.141193902547188 0.0314629293129034
-0.00974247920771702 -0.0174613818009497 -0.240842770622156 -0.343736599035396
0.0132878853281433 -0.0497041379977863 0.233601337204211 -0.514266148732579
0.0533969878944886 0.00548026105292391 0.74944997252565 0.0301775476136148
-0.0172868641829058 0.0427287837145933 0.340707027012467 0.820310797981651
-0.0407387158181238 0.0129939424064957 -0.308374061826971 0.573500165895573
-0.0384175985747728 0.00896779397297992 0.0398172435782981 0.0713614548977654
-0.0193560046388853 0.0287995952086785 0.305498521407854 -0.560434236682442
0.0153525246612128 0.0104460561667434 -0.404577277545543 -0.794249503498702
0.0221446282367347 -0.0335735860587207 -0.826474848388587 0.0355175269000856
-0.017379342275101 -0.0466089810463396 -0.203842510685591 0.591885474756624
-0.0279805419318664 0.000611876742834448 0.295520435726875 0.293376867406286
0.00544277142824801 0.0166372507692682 0.194960914038159 -0.0609905916396954
0.0160763143789875 0.00469430459313452 -0.0724990642511759 -0.191779224607811
-0.00847372367574014 0.0178053106466522 0.0885729153708437 0.145480025273651
-0.00937783959078801 0.0140194358383585 -0.138887116549617 0.0344423961237732
-0.0069784678321735 -0.012040063094971 -0.241299354577525 -0.338318225719535
0.0192050683465516 -0.0460198887254294 0.227879173795486 -0.513385092727187
0.0607434050945614 0.00514650773837516 0.744160312659759 0.0178861670792061
-0.0105524617719678 0.0460079504886978 0.349057102008617 0.815536010230865
-0.0397368040864011 0.0185344249990603 -0.307746376675992 0.578105024231761
-0.0406570549424795 0.0136286015024905 0.0300320017557382 0.0764283829756811
-0.0174153220571257 0.0341698655459931 0.30589965037256 -0.555405441263843
0.0212580042976277 0.0138206958145859 -0.392742956955889 -0.801051091131025
0.029122032086961 -0.0317348269753466 -0.829830449528264 0.0208668236700941
-0.0131618049010592 -0.0426863112210261 -0.210157042900047 0.590392525577014
-0.0261276075128287 0.00601370718105657 0.295781132967668 0.299792822425728
0.0054161304975311 0.020377726830106 0.197357381725308 -0.0574519101972454
0.0137858380299852 0.00825960088707911 -0.0686280311659387 -0.192282784319318
-0.00868315348554342 0.0205282843342848 0.0890402995084092 0.146100663264486
-0.00701287790258356 0.0188091871836654 -0.137397602787085 0.0401245670548989
-0.00462632274392615 -0.00662865457197955 -0.245919866303028 -0.329195767644272
0.0220038821727177 -0.042515586138241 0.214998666674321 -0.517888547245001
0.0662328473921097 0.00568979792117377 0.742846839237863 -0.00084468250294009
-0.00345798279614641 0.0475708839149959 0.362498526814661 0.804982784191214
-0.0358091245910139 0.0223723692422511 -0.304531450707033 0.585176852373149
-0.0401472644750837 0.0165230433215758 0.0207908180988324 0.0828378726192114
-0.0156167900652719 0.0363693661378683 0.310405196678564 -0.543244009542249
0.0273936278707299 0.0164535603427759 -0.37530323252814 -0.812601589021178
0.0344442215771986 -0.0285024880609071 -0.831484346475912 -0.0016108576224684
-0.0100499330675771 -0.0378462485946609 -0.221015888959226 0.587867408942783
-0.0251114513451648 0.00988773665881384 0.292104190382552 0.308406105378539
0.00484012641324223 0.023353080204143 0.19975331836231 -0.0512641538654293
0.0133493134602436 0.0108273478349475 -0.0665282554852768 -0.19147680455147
-0.00777561571926358 0.0220268786020351 0.0874606860758436 0.148646687482229
-0.00605159204277605 0.0212499703472847 -0.136803778841316 0.0485205828114771
-0.00237120626770296 -0.000908622811261302 -0.251005716070144 -0.319289866772774
0.0228453823431485 -0.0369311458811264 0.204770530281314 -0.518341646908782
0.0681400341591363 0.00593348897049119 0.741769705404338 -0.0227217419308041
0.00169672879846026 0.0467664773910384 0.383699794234244 0.79241949662998
-0.0302418090043639 0.0228959053406636 -0.295195848914178 0.592552479986651
-0.0359845999859342 0.0164289717455789 0.0118380127530198 0.0896238835028095
-0.0117563881642235 0.0356108442704104 0.318693311171802 -0.533104157028284
0.029781535135723 0.0157623987447205 -0.349676538379881 -0.825238301070366
0.0370756202422855 -0.0263292637671437 -0.83247548858507 -0.0297538850938558
-0.00824269040076929 -0.0327267719998908 -0.237968366145422 0.584288946877562
-0.0248614432899471 0.0138094183002502 0.284804984057556 0.320906453524481
0.0059689238453725 0.0245575437005671 0.199938280264055 -0.0418855242695306
0.013970336735036 0.0119283548643781 -0.0656802911905061 -0.189181744979428
0.000386824065814313 0.00221025295905203 0.0746369934691058 0.156353399761415
-0.00443897271928006 0.000137406508892962 -0.153947353073738 0.0521223604252305
-0.0142500269062218 -0.0233506900376124 -0.258408725474316 -0.318702712583098
-0.00451742357520344 -0.0444881019235064 0.218130209336542 -0.516155436811948
0.0306018952944488 0.00832195446625432 0.767942379032202 -0.0120455716980092
-0.0286919832789625 0.0282380027071233 0.405586204461265 0.798490448021615
-0.0223376775620809 -0.0146555854908002 -0.271328783551768 0.588012655486378
-0.00863709334403981 -0.0144052289360328 0.0497472093041464 0.079212412398255
-0.00488401687986817 0.00207052891452463 0.350294518831966 -0.548460320275206
-0.000250728337957501 -0.000285663699651082 -0.33514319558515 -0.832156198847419
0.00052254200303904 -0.0255514545350245 -0.822963903390134 -0.0161990280470121
-0.0340300794680665 -0.043231196054032 -0.235610504018453 0.603971334829262
-0.0322136345393846 -0.00748934190233235 0.279339458387695 0.330833619563563
0.011962045803355 0.00615081843966012 0.186747169511682 -0.0388107825191134
0.0267629957331088 -0.00597135696498525 -0.0848435752592652 -0.18233916124683
-0.00182364024550765 0.00331995413475363 0.0782572321149354 0.15426083631628
-0.00693525771091639 0.000470821201466233 -0.151107217134782 0.0446091089891838
-0.0151501895965247 -0.0247470716028728 -0.251524647516882 -0.330461480647236
-0.00183228137308934 -0.0478728405691316 0.229384932461963 -0.516336909284463
0.0335081532807065 0.00775809661105715 0.763962589508151 0.0110957924117206
-0.0295636799769629 0.0316053324873157 0.379592237601986 0.813507011172923
-0.0286803882646874 -0.00844448918918855 -0.285820232548596 0.579400320157801
-0.0172333537672966 -0.00931274800345371 0.0516568273005154 0.0742655659293849
-0.0112088653178221 0.00838270199736844 0.339264237309822 -0.556656205964703
0.000208722359013896 0.00200806452748844 -0.363300649551109 -0.817531802170992
0.00297239661201921 -0.0291101107503152 -0.824502497280076 0.0096328174254881
-0.0317736486124048 -0.0481199847931934 -0.222043015250943 0.601539779187565
-0.0318023917895668 -0.00882850101457412 0.285612125005959 0.317990455416203
0.0100464311405983 0.0068354645026395 0.187950615707246 -0.0476734461612446
0.0242671081217689 -0.00483670484139715 -0.0812718816582435 -0.186955032084737
-0.00393958807947673 0.00608042755526576 0.0816756074374497 0.150006521179567
-0.00836903210831383 0.00231295515477991 -0.148414319075169 0.0361865581748195
-0.0135275779106885 -0.0235460504878325 -0.245269586086181 -0.339406342740598
0.00332530177772462 -0.0498065378165753 0.235688373316685 -0.51446177957952
0.0391036583009881 0.00666912228152695 0.76156104840197 0.0281149359201793
-0.0274334825128901 0.0359877103401598 0.358512067158219 0.822564342804752
-0.0342652332697251 -0.000885734182466686 -0.29862593220249 0.576411381620923
-0.0265788549063691 -0.0041701144029568 0.0504641043329555 0.0708347744050334
-0.0160446017993028 0.0160394525787136 0.326566196598609 -0.563799880153828
0.0028878147584873 0.00478088634564257 -0.384040200558239 -0.809369101717012
0.00795658624801266 -0.0314239980810532 -0.827071103054369 0.025465478238825
-0.0278835131310038 -0.0497810992738275 -0.213956784854551 0.601954996486405
-0.0309599185985122 -0.00772329161232306 0.290382252633038 0.307405126078583
0.00921044710423186 0.00971275997289598 0.190989787948354 -0.0546278315596105
0.0215243011048496 -0.00271996288443846 -0.0795884857501086 -0.189688404312323
-0.00641772894042306 0.00939071666443171 0.0837876019386954 0.148512836713687
-0.00991008318886131 0.00580848096062213 -0.146325998490443 0.0317329190388298
-0.0115119656813449 -0.0210399723609375 -0.242883936237535 -0.345087780360176
0.00899547010716005 -0.0508014505536142 0.238528509959775 -0.515053418605903
0.0456285749219969 0.00590518326766663 0.756737203614169 0.035436272534282
-0.0241601203112389 0.0403242544270281 0.346281232589186 0.830204752516151
-0.0383186702858992 0.00584981952213757 -0.309643055031316 0.574070330325803
-0.0338414353198052 0.00239374733572648 0.046201681913748 0.0703898920994752
-0.0186532914049588 0.0225641480662711 0.317791703948224 -0.564143504380655
0.0093135858240585 0.00838586973314012 -0.394317468507762 -0.804109720350821
0.0149238534983693 -0.034077102681229 -0.830676626909484 0.0335460680996459
-0.0228726558847675 -0.0491449406396156 -0.207307855243469 0.600521482047617
-0.0296563690362196 -0.00408005887912036 0.294640617525887 0.300209267506929
0.00747011112688917 0.01245189943951 0.192911859255682 -0.058485059157907
0.0183878386467798 0.00146463177731055 -0.0740090683378621 -0.191390034262835
-0.0080888394020528 0.0141190724895228 0.0869033512030041 0.147160718073188
-0.0100840146266436 0.0100641836980937 -0.14311020460617 0.0312555151823929
-0.00947283844200558 -0.0176382819685307 -0.242313900942732 -0.345354478223826
0.0149180470621439 -0.0489969484635372 0.237090465359485 -0.515542301445098
0.0533859403892379 0.0059573858848918 0.754294426994674 0.0347546206011032
-0.0178850897162771 0.0440933366478346 0.34022623911816 0.829768097791997
-0.0402353196186937 0.0133949538100322 -0.315054968081205 0.577225329518533
-0.0388793985508424 0.00865666727031791 0.0384005609000819 0.0719786473379269
-0.0194218831469252 0.0288203039041494 0.311135732811853 -0.563079912704029
0.015334801126601 0.0112057344929664 -0.398506124847649 -0.802855334398031
0.0222252402780915 -0.0335591674749881 -0.833327359058149 0.0296869708841105
-0.0180557535404028 -0.0466270114295385 -0.208317272107341 0.597730442080659
-0.0276370168249769 0.000477698238562149 0.29715314405666 0.298752120856538
0.00686251512552613 0.0164547347714995 0.196732731890621 -0.0600462454558662
0.0161185617452589 0.00482163502668481 -0.0701990006942429 -0.193451022352573
-0.00919971875720394 0.0175761136849273 0.0873665459547771 0.145820423330259
-0.00792029668060932 0.0145932010649259 -0.141032921955866 0.0335073600775547
-0.00683281914611145 -0.0116221813377278 -0.243097050105703 -0.342577228235797
0.0195906217289447 -0.0458629596221852 0.230408743719912 -0.517744208801628
0.0607369971273102 0.00516952149167518 0.751256270678664 0.0235017997233602
-0.0110171333814576 0.0467799430726514 0.348586446321269 0.825547203819592
-0.0392355401265603 0.018977666865647 -0.315680009014158 0.582378942925914
-0.0413609429094805 0.013284259409501 0.0293472696905497 0.0761798523292272
-0.0185045656567312 0.0337494097855617 0.312207514877735 -0.555723724959151
0.021279533691731 0.0147031375355691 -0.389549837966609 -0.810336718923147
0.0290267880416951 -0.0318810086213886 -0.835820313633754 0.0143903500705894
-0.0132946703941349 -0.0421781153985433 -0.215620446665354 0.59420175931897
-0.0267264835498838 0.00618413814573872 0.295814671586746 0.303759831913058
0.00511569649779954 0.0197855440048944 0.199664383073986 -0.0569633109122711
0.0140479594222473 0.00795009224595996 -0.0681643591315229 -0.1940384871507
-0.0092556954244689 0.021206277557878 0.0878392405485561 0.147247525288907
-0.00666233589433908 0.0183268259329973 -0.139286784806898 0.0394615087639704
-0.00427364494630615 -0.00613551229186857 -0.244812412611256 -0.333477453058841
0.0221907718412155 -0.0417477729099158 0.221973245146297 -0.521032960061611
0.0668859202454524 0.00532410098422525 0.750026151221004 0.00535096501552762
-0.00396295589970869 0.0476743167663545 0.360550562377984 0.815567543565959
-0.0362368722847795 0.0233192177981071 -0.309806535908314 0.587485057499553
-0.0400998289936503 0.0160770921844244 0.0202679220454169 0.083417311981658
-0.016011899551852 0.0360602409706074 0.316043943694944 -0.545546606514487
0.0255201242700187 0.0171167666806899 -0.373241281766465 -0.82199392363769
0.0339069051706606 -0.0285875592745787 -0.837598803835094 -0.00677458337908661
-0.00996907921223063 -0.037182909614694 -0.227472315837737 0.592600985392295
-0.0257831784082807 0.010434093673266 0.291955618750329 0.312577916615341
0.00437548194854297 0.0235136325303796 0.202363778182829 -0.0503918083042208
0.0136838635948105 0.0102774973754428 -0.0653362825688032 -0.192843173256986
-0.00828089515431026 0.0225156873951039 0.0860222483300409 0.149393973735038
-0.00518828531895957 0.0219242258395191 -0.138074904950177 0.0478908906957855
-0.00300749866374755 -0.000526383910376908 -0.251007915538915 -0.321993254103867
0.0233130892079143 -0.0361059555809875 0.207694344477 -0.52358757244212
0.0685050742808582 0.00576663565090831 0.749328977296484 -0.017974916805082
0.00165239056433264 0.047516318955964 0.38370533269627 0.800945516908914
-0.0312423095399782 0.0222128844805711 -0.301494313074707 0.594969662392954
-0.0367717102763662 0.016797945223952 0.0109729539789807 0.0911873839295738
-0.012273952029951 0.0359482096295703 0.325243406394602 -0.534781218616485
0.0295129864232521 0.0169696611778255 -0.343847046542221 -0.834696703707686
0.0371576562244929 -0.0260885172009135 -0.83937596868688 -0.0349973302056554
-0.00760565411881317 -0.0323346189018823 -0.243413737007112 0.587854066413106
-0.0246685758982538 0.0129882826546786 0.285889163520251 0.32646902116773
0.00616752726212105 0.0246371011774599 0.202491082681235 -0.0415053889361188
0.0136573286772499 0.0127952046139603 -0.065112900585932 -0.191257546546378
0.000210955787974148 0.0016993565736371 0.074338109691209 0.157580313314535
-0.00389115297651118 -0.000846327114305523 -0.153971091830454 0.0524823582697335
-0.0138926881373847 -0.0237616512613104 -0.259658449543209 -0.323009473364886
-0.00407687695377367 -0.0443206719532175 0.221035273044658 -0.520554536817724
0.0300938117709203 0.0081941294998206 0.775753532569291 -0.00870502428108335
-0.0294198243244399 0.0286735179320289 0.405749675936933 0.810167131379995
-0.0227559219609443 -0.0142311897213943 -0.276886794360757 0.592181775718358
-0.00845148478583591 -0.0151185461155817 0.0486510088619267 0.0800506654498274
-0.00521257320979851 0.00300927409890125 0.35771942891394 -0.552371153978795
0.000173485779124842 0.000459604374632289 -0.336056957536487 -0.843928823552768
0.00036292534728217 -0.0259695188723561 -0.832391408163996 -0.0204843316158029
-0.0342899550643503 -0.0440370881203081 -0.241871039589642 0.609545923370771
-0.0323800187167735 -0.00798211321699343 0.280099265618922 0.334775620952606
0.0123377582651087 0.00582206669942401 0.188354981307676 -0.0382725075769658
0.0273147872182108 -0.00721213106747979 -0.0845130652486298 -0.18501068522184
-0.00241770786152072 0.00379885015132192 0.0768480416738351 0.155107940856276
-0.00614963482416835 0.000350757349324597 -0.152526105112013 0.043923354287504
-0.0140065917750131 -0.025010677746168 -0.253025189689822 -0.335341835003954
-0.0012708079659561 -0.0484569208257801 0.233082961701048 -0.519325977959874
0.0340987374359873 0.00755046327366302 0.772848614930897 0.0142957326383394
-0.0298512880142884 0.0316738035990245 0.380844876786047 0.823490290554741
-0.0291207355695516 -0.00897254145007187 -0.291736713559901 0.583833571183902
-0.0174775347260998 -0.010265658366696 0.0509840378768403 0.0744249600013267
-0.0118635015577526 0.00858162527644922 0.346197772262292 -0.561246078674521
0.000485597589966871 0.00203001330752964 -0.362926912883826 -0.828892070411066
0.00296405516851516 -0.029370249450546 -0.833068754884341 0.00387049054545064
-0.0322558522791842 -0.0482464919357016 -0.228115294534753 0.608765247971485
-0.0319441949971222 -0.00900204531157333 0.286699588812781 0.322779661562067
0.0106614449474319 0.00615987619190868 0.18995678405868 -0.0472379654456185
0.0246580791093309 -0.00559794267190845 -0.0818251239654106 -0.189141684730858
-0.00394114935742228 0.00637646419037503 0.0811608156333357 0.152646655483737
-0.00819510599352081 0.00261561251315103 -0.150420415136995 0.0355043753638647
-0.0133293309503023 -0.0241644616431108 -0.24627615964019 -0.344286512460738
0.00296818453979683 -0.0498175048513898 0.239678991926526 -0.519758473487838
0.0387085686993146 0.00732178904520354 0.771350190306694 0.0320048316924353
-0.0288343448911595 0.0363494652740265 0.359779986575088 0.831384091064668
-0.0338423629862455 -0.00231938900787286 -0.303879069992043 0.580829717011038
-0.0262436536750324 -0.00439643163889307 0.0506767654825226 0.0718318030392462
-0.0159408879612418 0.0149959841978603 0.332813239172875 -0.566916378179691
0.00390292843401879 0.00530188768560375 -0.382184842493269 -0.820395234416722
0.00812197070382679 -0.0323704059105675 -0.837934423130114 0.0196634298887616
-0.0278806298575184 -0.0499721090976772 -0.217857696026857 0.607215624323412
-0.0308135876206413 -0.00799901779156798 0.291617548745955 0.310738600182039
0.00957178115562703 0.00921327156081418 0.192372550671538 -0.0550792560601826
0.0221431358020958 -0.00290041803616015 -0.0787543378331733 -0.191674398510642
-0.00720722232246616 0.0106760606778758 0.0834299143904114 0.149692523534758
-0.00898954539459803 0.00567966205435717 -0.146849330254216 0.031141623710413
-0.0111740365948095 -0.021894202007393 -0.243394694012816 -0.351329588980419
0.00914031832704724 -0.0516373047303733 0.24320033643499 -0.520347495157625
0.0454359385030974 0.00582359519398526 0.766649336151374 0.0389036896136304
-0.0243416558339166 0.0410187542248181 0.346408922378443 0.839809479255474
-0.0390999986037897 0.00570781580459788 -0.315610454208015 0.579325290390109
-0.0337344098169488 0.00233481097078272 0.0461885650265464 0.0707679441557683
-0.0183811817773473 0.0227281807957197 0.324489962518643 -0.568122910254219
0.00916246634717703 0.00848706757122002 -0.393381751052408 -0.815390699584617
0.0159841919322243 -0.033736386121078 -0.839859681959116 0.0285366795800268
-0.0229968404764076 -0.0506731548487747 -0.213062278076325 0.605834127486572
-0.029928469032343 -0.00394477715007116 0.297039879893715 0.304927293538768
0.00730587563137172 0.0119988931369348 0.19704409650724 -0.0591083322589247
0.0187722597021114 0.000584429866363745 -0.073973458957368 -0.19363220950259
-0.00813543134776259 0.0144364717622101 0.0859536191064879 0.148717315111764
-0.00901294968583431 0.0100103986234597 -0.144092321419802 0.0304214866173529
-0.0088861632323995 -0.0174853803880713 -0.242416572624675 -0.350370924775075
0.0145204531758093 -0.0497438511163795 0.241077793339037 -0.519709398114706
0.0539627359112232 0.00610259157524536 0.76379295576249 0.0393631554560241
-0.0182913486778725 0.0443999078800983 0.340753455988521 0.840111499172761
-0.0412005488515318 0.0130038934818773 -0.320943731357681 0.581004060229705
-0.0389104491666436 0.00908148306063768 0.0381790148253846 0.0731122302228657
-0.0202128305504956 0.0288093630083875 0.319752802803433 -0.56462681839211
0.0148093525600143 0.0118024063843186 -0.398045525860651 -0.813874182224655
0.02256276373619 -0.0347831206523074 -0.842764211368052 0.0262899672368509
-0.0180001811598466 -0.0473349473017255 -0.213004952207523 0.604048833532764
-0.0284113368367971 0.0010254857858512 0.299145334876512 0.302150490105538
0.00591913593366925 0.0156699697150872 0.199733831712265 -0.0595244657896431
0.0160891907358922 0.00393292219906021 -0.0706163747131267 -0.195093488852424
-0.00910192524392349 0.0180322160170093 0.0869034685013062 0.14727590580185
-0.00764763007210843 0.0142687327205467 -0.141720319880137 0.0329995743346593
-0.00557735527005793 -0.011212729656693 -0.243362218018546 -0.34644038262831
0.0194553433503591 -0.046560968012556 0.234852458167325 -0.521877508261781
0.0608220383535098 0.00538272110518689 0.759852659118273 0.0283627456545568
-0.0119263313107241 0.0469577048744806 0.348021243379342 0.83714669687922
-0.0404817878963885 0.0191146714815853 -0.321036341047459 0.58468574582078
-0.0414925433550703 0.0131525016479082 0.0288674965071538 0.077714189786501
-0.0191362133471564 0.0335463468266274 0.31918407673608 -0.559686492084576
0.0207565453990135 0.0143316053120779 -0.389508417726928 -0.820516789663784
0.0296679541123884 -0.031894226550197 -0.845200805357396 0.0112028288373944
-0.013363982130061 -0.0433599406062961 -0.219967308535162 0.599545119144723
-0.0271251598229855 0.00601002212177968 0.297955980390673 0.308201807646085
0.00468272488720765 0.0198479605810011 0.203042759773128 -0.0563709726652838
0.0135622798522354 0.00771190178557458 -0.0665130369775817 -0.196515071420169
-0.00928172111427719 0.020732249014524 0.0869316726079371 0.148553157814088
-0.00672431744674056 0.0185609930455941 -0.140378278180585 0.0387338204530562
-0.00398938033497731 -0.00595536544399049 -0.247479940029343 -0.337455222400408
0.0223061171806834 -0.0412129824512919 0.224484423583725 -0.525233299329008
0.0661697004614501 0.00527315664053849 0.75877083533319 0.00954792195581737
-0.00506096654799048 0.0482450208820644 0.362257461787011 0.825919683066139
-0.0372502165026028 0.0228736926963336 -0.316443873339395 0.592352113536846
-0.0413235472935967 0.0162951488776839 0.0192486969877331 0.0844200974222468
-0.0167766064657253 0.0361319738527756 0.324557194921774 -0.548916917516219
0.0266549673628109 0.0167457862330471 -0.370719742358483 -0.832089104774293
0.0347514583613087 -0.0288429447092328 -0.84706466175479 -0.0126382675345077
-0.00984939784966154 -0.0378982983630618 -0.231976218196205 0.59800213186438
-0.0261014693438551 0.0099211025298514 0.294165068428965 0.316620847470519
0.00544205585802867 0.0220274382317846 0.204631417112888 -0.049710105894716
0.0134356807630525 0.0106187060038427 -0.0643133647703091 -0.195186911147694
-0.00835445814346367 0.0228825523998166 0.0861464404354977 0.149758045295335
-0.0040489679215302 0.0200533664089002 -0.140389463036138 0.0478234684368028
-0.00212795921876961 -0.000235966107910209 -0.252186202361028 -0.325540063939041
0.0234655918398704 -0.0356022393124896 0.213118948203357 -0.527654107140306
0.0686881542049428 0.0057471075463663 0.755011530047948 -0.014248831736035
0.00111148163929093 0.0477340511179048 0.384142614343508 0.811900551571358
-0.0320191541581662 0.0228073653808765 -0.309188035289508 0.600394712391568
-0.0365701869633327 0.0159567646435528 0.0105184928896492 0.0920588666591374
-0.0130887011663078 0.0353622874931582 0.331839116804851 -0.537586559993409
0.0296423135779605 0.0181035479648882 -0.343979249595091 -0.84490344283823
0.0377732406204224 -0.0256777349416089 -0.848502102708055 -0.0396105217162199
-0.0072787971971896 -0.0324593730191808 -0.249946512933606 0.594426954197212
-0.0240339007009119 0.0138082118842725 0.286794541095622 0.329820474071425
0.00600004400076782 0.0241109324438213 0.205265870136144 -0.0405321769992922
0.0127850776404548 0.0114490485014525 -0.0633439428363198 -0.193127715326155
7.07523839821988E-05 0.00175515508869234 0.0743100366679304 0.159000704739593
-0.00306675333040314 -0.000632495058028679 -0.157195497682666 0.0513657700134441
-0.0132286861032464 -0.0238993762006909 -0.262301910536172 -0.325302234137816
-0.00412793212948352 -0.0445125570667724 0.224687030503362 -0.526923610276692
0.0307122634508811 0.0076848655599463 0.785978972057291 -0.00623743049295183
-0.0300722848835808 0.0292046869010788 0.40869098673446 0.821849104410829
-0.0230629739547019 -0.0143592111633122 -0.284237424986866 0.597182274865066
-0.00909572140736357 -0.0155511860686889 0.0484365905977946 0.0826617279599057
-0.00659416704431677 0.00223154254177996 0.365742260503598 -0.555256956744841
-0.000775989543834503 0.00040169994576076 -0.336374545601845 -0.854774787412035
0.000486507220888952 -0.0260520959283944 -0.841237485951434 -0.0222480662558347
-0.0345791231704698 -0.0451899115240956 -0.246799840754149 0.615249140253926
-0.0329036615499401 -0.00877628199559404 0.282885246693302 0.339423831459553
0.0130596127851625 0.00579560464360351 0.191370800252882 -0.0372849628050086
0.0276911880384917 -0.00750938784969599 -0.0840126610060105 -0.187456654300636
-0.00227416648041705 0.00394353790172856 0.0766667705737118 0.156792561841914
-0.00611981779886027 -0.000168832555920608 -0.154312757002088 0.043524677654695
-0.0134667725971646 -0.0250594803362847 -0.256606881701347 -0.339042820147278
-0.00146428362884353 -0.0480443717978717 0.235670110160389 -0.525329006915808
0.0332499502349196 0.00743073048018 0.781882492057227 0.0197342555073896
-0.029754070569834 0.0327322232400617 0.384697521766426 0.833973282246915
-0.0291911162413716 -0.00928495193401315 -0.299255409452616 0.590799825185672
-0.0168330597543912 -0.010862722231603 0.0517730774176514 0.0767571685662179
-0.0120877557741967 0.008929176491173 0.351380576078974 -0.564684063060578
-0.0004686584409049 0.00244817333560926 -0.362684687037517 -0.841460581543813
0.00373164033220084 -0.0298393452601015 -0.843774692963012 0.000331125981772973
-0.03264908712905 -0.0485672194713519 -0.231465254264316 0.617082775659223
-0.0327490843403295 -0.00975708930280732 0.288873817572582 0.325284244965371
0.0107610930873447 0.00617539193584029 0.193922869192642 -0.0474218506300272
0.0241985654650277 -0.0057091147208519 -0.0808204875621132 -0.191080188452432
-0.00411622902011747 0.00670869563937613 0.0805733656644693 0.153991859445369
-0.00793103383189088 0.00216590651071776 -0.15195877099722 0.0357579210779712
-0.0131883319690909 -0.0248517953383911 -0.248906814479936 -0.348324405010438
0.00311607468938178 -0.0495407120294052 0.245104540070864 -0.522855114409009
0.0389391412618236 0.00756162048636912 0.779485824581268 0.0355096087320245
-0.028201321281134 0.0369829951760232 0.361577152842974 0.844056991476536
-0.0347374732216263 -0.00153166954420843 -0.310641966127817 0.585791998006858
-0.0257254806493386 -0.00421694047874518 0.0500686258198965 0.0732877047494332
-0.0172785326094506 0.0157792095648846 0.34091816809729 -0.570859597862139
0.00370145874330299 0.00512788550404968 -0.384491985268124 -0.834414756386349
0.00887252122326688 -0.032655160137237 -0.846633992297635 0.0188343456000904
-0.0287022993225859 -0.0511165250033524 -0.222184537544895 0.616121496608661
-0.0308722927784221 -0.00789603881144544 0.295650122976797 0.31393340323794
0.00957319151430353 0.00853150003730537 0.195379591222647 -0.0538821284309336
0.0224441734004724 -0.0028720196625881 -0.0785236183915709 -0.194724735722936
-0.00745393887820259 0.0107923064720747 0.0832042529475207 0.151509678443457
-0.00862439678216968 0.00546558399863887 -0.148965974284931 0.0308994806195541
-0.0113369795270611 -0.0210466266911197 -0.246318164499238 -0.354865677780113
0.00904866348724651 -0.051125933311592 0.246942051888514 -0.524726066780569
0.0469699849027388 0.00637049605706275 0.775100294124694 0.043114442791987
-0.0251840301205164 0.0414130104937406 0.348334161508891 0.851819514590692
-0.0394657252304117 0.00597368818818101 -0.321874150053929 0.585594936653802
-0.0341999129210192 0.0022126456202375 0.0441864641624939 0.0728276706813642
-0.0195415143673937 0.0218712920035386 0.330859044960633 -0.571963737375269
0.00957688665311966 0.00851844821620978 -0.395634569217136 -0.826872082449763
0.0157773876462173 -0.0346309303223515 -0.85032688355737 0.0251342915696692
-0.0232730064104179 -0.0508649580283085 -0.217815401793711 0.613747235253814
-0.0298391702480304 -0.00370958615480018 0.299443771282574 0.309194132951051
0.0078317845167603 0.0116334175663528 0.198952146816866 -0.0585565820490312
0.0180496367579001 0.000190350361246817 -0.072888296250804 -0.196137047758226
-0.00897538917550161 0.0146725394624341 0.0854726448906966 0.149663390854491
-0.0091375961140358 0.0102908610618854 -0.146026761133348 0.0304647977728279
-0.00874239710963857 -0.0174102688781109 -0.243661866428085 -0.354876049448516
0.0145229630179134 -0.049446419007347 0.244501552532628 -0.524831418188631
0.0544664555548627 0.00587626318668606 0.771798263715124 0.0437638383979638
-0.0188858543110829 0.0451234872941744 0.342677607419751 0.851017402272161
-0.041361032798391 0.0132154730995943 -0.327392755044049 0.586222320924418
-0.039678645525547 0.0085021735976314 0.0386384767674322 0.0744282445849886
-0.0209543991227305 0.0290843469257027 0.325343848445958 -0.570452321721097
0.0147458939228625 0.0117992008125803 -0.40050031416704 -0.826715602031083
0.0228860117911733 -0.0343104709607559 -0.852852763377905 0.0209363710248532
-0.0185132977765066 -0.0486292607371913 -0.217843055848834 0.612068712800961
-0.0281670703290194 0.00121556780570484 0.30175427344527 0.306820019030515
0.00621471918294273 0.0157389646936909 0.20260014869277 -0.058924256495202
0.0155679458021145 0.00413290186785173 -0.0700551704192443 -0.19749717955609
-0.00921080924201926 0.0181815370240858 0.087117074286377 0.14914663749651
-0.00712613845243373 0.0143421943713744 -0.14410576706633 0.0329707210404815
-0.00572539066155542 -0.012000104657005 -0.246558369354734 -0.350874523541257
0.019731464819783 -0.0460144490400842 0.23934764359074 -0.527861684012592
0.0608917669049495 0.00595552882081903 0.767796508249559 0.0299280146030405
-0.0120626243632642 0.0476891226475793 0.350595953078531 0.847476288511219
-0.0408764941402972 0.0193101334658298 -0.328463234345566 0.59023661382037
-0.0416497852956379 0.0136323860489992 0.0290318465601216 0.079207546635543
-0.0204045533120104 0.0338217340731684 0.325713008728245 -0.563361622273824
0.0205135870587404 0.0147838144967373 -0.390168333093962 -0.832452912340814
0.0302188210184653 -0.0324882205104986 -0.85528353155941 0.00672316242401718
-0.0139895144526603 -0.0442584271852792 -0.225754481817289 0.607999363363292
-0.0276027517571648 0.00567601187533579 0.300429026670033 0.311809188252905
0.00473018669590758 0.0185180152193798 0.205386966790437 -0.0548398670804446
0.0131853229049569 0.00758683112495229 -0.0661558526258683 -0.197954363289568
-0.0096494876515129 0.0217603759179021 0.0864973573144605 0.149925265637021
-0.00684033592130199 0.0181877573568015 -0.14312650435423 0.0384806289114358
-0.00359567757208747 -0.0057624388646806 -0.249635190047832 -0.342126761905807
0.0226256989212963 -0.0420167619153466 0.227616711950281 -0.530522918074059
0.0667606868244497 0.00500210502087117 0.767193817387716 0.0106850438733818
-0.00498697744992146 0.0494749747773507 0.36469953030772 0.837031708436359
-0.0371541329645333 0.022856868387582 -0.323866232031718 0.598231554510182
-0.041733522119258 0.016316787535538 0.0189413947630412 0.0862908561315554
-0.0180756047109865 0.0370607146686774 0.330433499657667 -0.553870958911698
0.0267478285960349 0.0172090719962807 -0.372561800492516 -0.843793567209245
0.0350970123611898 -0.0296214588402663 -0.857006495144514 -0.014094369596294
-0.00920340777891869 -0.0379827806460187 -0.23634395833312 0.606175470592502
-0.0264865205214705 0.0109127999489087 0.295880532995224 0.320394728788173
0.00495413267835514 0.0220884550585365 0.207730966517054 -0.0495799419579812
0.0121425420598184 0.00946956220962414 -0.0638918677073868 -0.197332207010024
-0.00801393926362298 0.0226889135091074 0.0856197886009705 0.152112347987503
-0.00391647103949429 0.0203199168486238 -0.141401461922847 0.0477875648368339
-0.00167736801146972 -0.000281813156970373 -0.254873977217845 -0.329661394874196
0.023647121148238 -0.0355071085678615 0.215548014663469 -0.532023049997147
0.0691101357238546 0.00591357046890055 0.766077332427057 -0.0135818265583777
0.00101239761208489 0.0478732859959213 0.388793252706915 0.821091279556612
-0.0316428575553482 0.022929124110847 -0.315303755434745 0.605957621059527
-0.0374532188108293 0.0157502254671968 0.00979407107687473 0.093454586476683
-0.0143378977757582 0.0362330693202413 0.339323918411363 -0.540620745400543
0.0302879304333407 0.0183954567782164 -0.344632445694562 -0.857405325109816
0.0377377835760779 -0.0262681103450486 -0.858402948892479 -0.0448208804786897
-0.00843973958841616 -0.033217679736189 -0.254467340626076 0.602381638808976
-0.0250230578399891 0.0141608419304016 0.291813878272382 0.334825061543291
0.00569268692971048 0.0252883305508077 0.208589991430777 -0.0397289192649933
0.0123929059998463 0.0118311015632459 -0.0640853378653698 -0.195673284823299
0.00058100213357404 0.002470452563178 0.0744815855015352 0.160842174879103
-0.0035862006162727 -0.000451087584463517 -0.158577831910072 0.0524814731577723
-0.0127220080342857 -0.0241817716288363 -0.268095228301529 -0.330457298205757
-0.00449023268491925 -0.0438748372768882 0.225923911628073 -0.534426800432546
0.0306038006747617 0.00788994630371017 0.796169284669772 -0.00489965924777221
-0.0303929868125461 0.0300830849626919 0.416733389556402 0.833503026745107
-0.0231348649490352 -0.0154888717703178 -0.289144261894305 0.605685472304172
-0.00823309341095332 -0.0156388827079355 0.0495698945871045 0.0827662190326683
-0.00632715715735811 0.00266667389906894 0.370274464860596 -0.562420185773777
-0.000450586313070427 0.00019425494562092 -0.338682714182871 -0.86802929629216
0.000370431021375546 -0.0261348504828084 -0.853832765449062 -0.0248142320562102
-0.0354092302036595 -0.0451063135372322 -0.249475928389721 0.62622978634791
-0.0331644345004241 -0.00840332544141739 0.286810300969391 0.344705980998296
0.0127369039647582 0.00452690457083848 0.194330103147947 -0.0381966747269671
0.0277803743825655 -0.00773800457991733 -0.0845473862501911 -0.189909848413693
-0.0027610678967983 0.00439121435066961 0.0770566815529564 0.158712849642506
-0.00572051300531393 8.93357572225037E-05 -0.157323541596987 0.0442290113811232
-0.0133643496167066 -0.0254294945665783 -0.259554735061536 -0.342797685899651
-0.00100976522474154 -0.0484991853782188 0.239545689874554 -0.53147972663099
0.0336121389751643 0.00704678402707213 0.792714125994627 0.0189523549111982
-0.0310506127783032 0.03345543381317 0.389861838564259 0.847033512535685
-0.0291136541581216 -0.00935211941288509 -0.303841178273624 0.597553641516756
-0.0174926127896269 -0.0110839920116767 0.0512229003269255 0.0775684064932616
-0.0127594252892226 0.00895003434643259 0.358377190004909 -0.571344419247141
0.000788995558316845 0.00264222854528109 -0.36681077092246 -0.856050377351671
0.00337860144382304 -0.0300005828660334 -0.855035510510232 -0.0013916180475563
-0.0329667366614747 -0.0499339620326781 -0.237361640206108 0.625973585010019
-0.0329360631078241 -0.00956087939103649 0.292833721882405 0.331822432966126
0.0115792568784861 0.00552678109230935 0.196292158671704 -0.0479669577400391
0.0243474025604579 -0.00593874252710379 -0.0805736182835568 -0.192972219546368
-0.00408104110647019 0.0069622882077581 0.0810954127806641 0.154856943964431
-0.00763925540245395 0.00245291723616867 -0.154787549928658 0.0358582599424784
-0.0127387831890157 -0.0249699662447858 -0.253192915804256 -0.352037502150503
0.00327438263691738 -0.0507846851123584 0.247879077942961 -0.532157980059919
0.0397877985354965 0.0066540651014984 0.791887053458507 0.0354919639839282
-0.029135071446584 0.037236739769514 0.367660109357023 0.855554771054345
-0.0355633577594538 -0.00230058662825238 -0.316918686805884 0.594642804169379
-0.0262591886813092 -0.00403801742065376 0.0504992912669374 0.0739314018422721
-0.0180064733176389 0.0155614574197607 0.345830419778669 -0.577781563321683
0.00318921088055155 0.00573142662858067 -0.388044243489106 -0.844566310585023
0.00875887156941587 -0.0336158450673051 -0.859164830851057 0.0170888538585782
-0.0283069975987207 -0.0522213917047742 -0.226111555952605 0.62317985086363
-0.0315160694545213 -0.00763522886614542 0.299003221953198 0.319209117517037
0.00995519744349944 0.00802351937460448 0.199495571491178 -0.0546906465171193
0.0218956594846944 -0.00366318866226766 -0.0794474678156146 -0.19724719908431
-0.00679954016853007 0.0111631544447747 0.0830349123614398 0.152590883426375
-0.00911816713690811 0.00607030467620488 -0.151472479074207 0.0319915081997064
-0.0106371508015547 -0.0216147872481615 -0.248352482393772 -0.359026740058094
0.00857967325377182 -0.0508959044728535 0.250986130100477 -0.532331838563841
0.0470416585840398 0.00677489930721418 0.78554159732637 0.0437088692005036
-0.0251424400987891 0.042067247399539 0.354609850207843 0.862124288694427
-0.0398266984794267 0.00616825531745786 -0.326329819305447 0.591598325618525
-0.0343577951819143 0.00131085938657856 0.0455536419974908 0.0739629717791421
-0.0204765678042497 0.0225453457213848 0.337230918604441 -0.578955630001991
0.00846888008913997 0.00918209857056966 -0.400261457262384 -0.838291322591079
0.0160271657511273 -0.0352810443471166 -0.86238787266963 0.0257980085839368
-0.0233925519906267 -0.0521182271128359 -0.220812693092203 0.623453155205427
-0.0301231217308663 -0.0039480624058538 0.303290294336433 0.311589284141123
0.00814144217340976 0.0106267161360231 0.201457957526051 -0.0588037899982375
0.0179399999185485 -0.000282715197114236 -0.0747072576315196 -0.198910779358146
-0.00920096649917348 0.0145364896701279 0.0852260470855761 0.151786929509869
-0.00845222105375013 0.0096310372449054 -0.148472376677789 0.0305126855816307
-0.00834023096475192 -0.0172110792033573 -0.248080374758775 -0.358903390733549
0.0148466618460288 -0.048799053938775 0.249448330277509 -0.532624786149721
0.0545503793315093 0.00635430934601467 0.784181465270812 0.043302768331521
-0.0195056170178218 0.0462069931290221 0.349081622022616 0.863070173195197
-0.0422446473790147 0.0133819908756904 -0.332242741143288 0.593533959145637
-0.0401502092805877 0.00857615196396492 0.0381404541550037 0.0757509232476942
-0.0214744441684729 0.0289421891866675 0.331010072280843 -0.57720308304667
0.0149770203345003 0.0123224428345605 -0.40571371938136 -0.838870912827164
0.0231337383786525 -0.0350781259272618 -0.864900486890591 0.0227372151431609
-0.0183182079638576 -0.0490229106520181 -0.220538013511984 0.61926114760025
-0.0289521635219081 0.000986226090166157 0.305020982443653 0.311075104987943
0.00670319257459267 0.014581612476626 0.205532298494894 -0.0593041631703626
0.0153805689596676 0.00361087729798622 -0.0692434277085624 -0.200735896106828
-0.00925686533997473 0.018874048076347 0.0868822975968644 0.150468853316264
-0.00758350306845678 0.0140816284883989 -0.145868500407688 0.0338408297203392
-0.00558158149093236 -0.0132891440262952 -0.249394608734004 -0.354302121967782
0.0197846336599529 -0.0464916697050924 0.240392149718572 -0.534547535985976
0.0609248183042489 0.00533049345109866 0.780446495240297 0.0316878613208227
-0.0117433420224938 0.0481655695053463 0.356833445962357 0.858565828023325
-0.040994227490781 0.0202152865546196 -0.334535249788745 0.598221146577259
-0.0421579682725115 0.0132328933631155 0.0286796241112773 0.0807152922318836
-0.0212521091069173 0.0344448826229229 0.330664969728425 -0.570209007468462
0.021207525863444 0.0150423179000408 -0.39584855408016 -0.844434727047727
0.0306259801051254 -0.032995419778079 -0.86968521600874 0.00626055620904065
-0.0136833957210869 -0.0446937647659986 -0.229167723604326 0.616328533859643
-0.0282464736656032 0.00556471863401106 0.304510469538415 0.315591199097938
0.00486449180372431 0.0181837936712678 0.209055631797953 -0.0567297402746228
0.0128085442915062 0.00722909295008365 -0.0678391753315894 -0.200669961176102
-0.0101593124286258 0.0218941080255291 0.0869083222434297 0.151218220112337
-0.00638301473972906 0.0181226011742841 -0.144742370039708 0.0388683472623827
-0.00279996213609697 -0.00532782566873338 -0.25216725966248 -0.347211353608554
0.022596836591753 -0.0415534357954465 0.231721162061147 -0.538536568132531
0.068874277689301 0.00582588522692425 0.777102277547247 0.0114835619406181
-0.00503768900310654 0.0503510650579692 0.370945086827553 0.847570633273821
-0.037957786151811 0.0228356531524136 -0.328835675265417 0.605645805610556
-0.0416338143861376 0.0158381877512864 0.0191545313668555 0.0873934816514203
-0.0186609062763304 0.0373716549593733 0.334864810808323 -0.560298395989923
0.0273279483846937 0.0180209516095772 -0.377748998546414 -0.85513710295429
0.0355896071484458 -0.0296639488647595 -0.870304224375909 -0.0158387254653088
-0.0104049737835178 -0.0392165367712715 -0.24103478138476 0.616044156754337
-0.0264960439474099 0.0106220819434298 0.301042668627285 0.324296022006309
0.00531074196198302 0.0214464304930798 0.210114188502483 -0.0499941703114689
0.0122498442632159 0.0100281990813989 -0.0644327024171622 -0.200128714187933
-0.00898987872960372 0.0238218264240347 0.0857340346230657 0.153886446295461
-0.00484137618279894 0.0207089746986504 -0.144612568730757 0.048592849574743
-0.000701314385321181 -0.000801521075055819 -0.258614873100198 -0.333847464325722
0.0231572363088827 -0.0357219980530121 0.218622378845786 -0.541141777923507
0.0708236136160391 0.00581666530926392 0.776809940967918 -0.0139047846588422
0.00139461489228804 0.0488567491656272 0.392561241997212 0.833504583407506
-0.031855304740696 0.0232952048908226 -0.318751197217184 0.614059735883056
-0.0375399995440705 0.0161202139049806 0.00927142625811525 0.0939374906135599
-0.0148586491052956 0.0362774007485743 0.345310905308965 -0.548379644654859
0.0306807618946727 0.0181521348194242 -0.347679999072264 -0.869125014748138
0.0384646126186257 -0.0261617329783678 -0.871129941619195 -0.047239965807193
-0.00775182842034467 -0.0339190208396331 -0.257719322775001 0.610225063083698
-0.0255352707811777 0.0140698802269166 0.293798563200261 0.339322162316738
0.00594721197963964 0.0233675366193543 0.210911294110769 -0.0395875208034384
0.01229325116098 0.0112458033664588 -0.0631936059214197 -0.197882561149135
-0.000272840612200141 0.00236764366436113 0.0750508565189287 0.1622310552906
-0.00286379767817255 -0.000877207065590903 -0.160449232141805 0.0538359993776061
-0.012247357714844 -0.0243145798868756 -0.273098841316573 -0.33318425917369
-0.00505513704038113 -0.0448891538211594 0.228929934871084 -0.544013434135585
0.0307704913608507 0.00758875314175489 0.808598893479863 -0.00699199718198703
-0.0297989429352899 0.0303629647557602 0.426116563119245 0.843461434477812
-0.0237140207199776 -0.0149825452425698 -0.292333593840688 0.614579742689375
-0.00840813280122523 -0.0160299536700969 0.0485641166660938 0.0851909705913247
-0.00716693670111736 0.00209751689248119 0.377925516850305 -0.571396756403608
0.000479032147925565 0.00030360360453846 -0.343567765630282 -0.879932156308129
0.000268199054641 -0.02643528683145 -0.867093264236893 -0.0263305173095553
-0.0361425620359388 -0.0465495803044117 -0.251768477736072 0.636554495369041
-0.0335468423298674 -0.00854707618613765 0.292366403684497 0.347733047946099
0.0133695909941197 0.00421812593859324 0.198664792845751 -0.0387343985651286
0.0268301851431834 -0.0083870902471755 -0.0860117757002026 -0.192325956175748
-0.00230049733140536 0.00565318630089742 0.0776582378004737 0.159321436572465
-0.00499275982973065 -4.04757106979006E-06 -0.159348716057643 0.0443629681130719
-0.0131345515025556 -0.0248801687547773 -0.265389653672176 -0.346069637900312
-0.00140545314985323 -0.0481869454986917 0.241564286931839 -0.542049104744016
0.0337647240228131 0.00720217706519241 0.805138833241705 0.0179595733500843
-0.0304647104113639 0.0334203610608987 0.397442804287511 0.858208217840657
-0.0298064486540354 -0.00945402411353712 -0.307187448523462 0.60753907408754
-0.0176340072738521 -0.0111135709442596 0.0521104394676887 0.0790987620968709
-0.0136633245337258 0.008129152941356 0.362409271632308 -0.579992014995092
0.000531103562104583 0.00197542554231303 -0.372059902107027 -0.867572382673554
0.00281361591552152 -0.0310526801020455 -0.867861147903442 0.00023233090881551
-0.0334658174405512 -0.0506607580068515 -0.237522296292309 0.637216795133645
-0.0330497151041781 -0.00892609729351236 0.299714378094225 0.334087213166823
0.0115610184620887 0.0049153512499196 0.199714657928763 -0.0475782400410373
0.0245962580887715 -0.00675813890497779 -0.0821367044757126 -0.196212790939336
-0.00395865223807355 0.00729695970410101 0.0816941543554719 0.156992012678803
-0.00718400093079733 0.00196125921377737 -0.156606088667774 0.0376105906707489
-0.0126047864902004 -0.0247217873697697 -0.258638805378811 -0.356683840485755
0.00289779028510138 -0.0509062530935099 0.249237883017898 -0.541545482350229
0.0400906323510294 0.00635660589306861 0.803723257572494 0.0350485140935616
-0.029267291488511 0.0385007439854373 0.375588499968259 0.868131446830482
-0.0357753186138871 -0.00170282955870086 -0.319786450751158 0.604335543435317
-0.0264165617025725 -0.00444491567114022 0.0509413852135861 0.0762427120569572
-0.0187305073390087 0.0154123662411112 0.351596019932044 -0.587086817959644
0.00271784272373137 0.0057327130580177 -0.39308198898952 -0.856881002706701
0.00884246600525977 -0.0333643878825911 -0.871754646177724 0.0183183372459843
-0.0296155484088826 -0.0528785061105697 -0.227859699045952 0.634944838188899
-0.0316729845246353 -0.00823051245644452 0.302909789654367 0.321882591987508
0.00979053594399921 0.00700197475986469 0.20326274362644 -0.0567204656305044
0.0215784338270666 -0.00455923925235463 -0.0800199664566059 -0.199690121776994
-0.00711711345797645 0.0115765163780778 0.0837989519809804 0.154981712438295
-0.00813409748418079 0.00515430271375973 -0.154224512083143 0.031739180918399
-0.0104184612943431 -0.0224302559805144 -0.254502960158172 -0.363236575225569
0.00793733506008583 -0.0512021684393944 0.251037820866156 -0.540673712851507
0.0473282605978038 0.00603524711346409 0.798639074214894 0.0423698299070399
-0.0251201234959015 0.042973471749711 0.363698516464463 0.874575718769772
-0.0403506630952886 0.00643272188110064 -0.329970690158662 0.600989285008794
-0.0346216935239043 0.00251432867237028 0.0456673046900781 0.0751742798049944
-0.022176044054669 0.0236478447812032 0.342294569624418 -0.587511969126064
0.00860287730732882 0.00888523238142616 -0.406983403804622 -0.851189201031029
0.0154564760418735 -0.0353344483153752 -0.876000891622933 0.0254958934689037
-0.0244126801207614 -0.0521222822253935 -0.221845300260433 0.634224257208929
-0.0304665454534638 -0.00395746483463875 0.309789637588322 0.315277960481461
0.0082976421672628 0.0106526514953998 0.206203946092436 -0.0605965954449689
0.017814711595948 -0.000914219898890393 -0.0755413172112875 -0.202077774202899
-0.0086814986468457 0.0151116126539441 0.0858720588690535 0.152545761731265
-0.00912593111937374 0.00956267050313679 -0.150838540206451 0.0312911910153838
-0.00772921034632026 -0.017513670421698 -0.253516493777181 -0.363903273500971
0.01460913178499 -0.050212062228879 0.250134953594164 -0.541524580436903
0.055257610831037 0.00595982819660018 0.794312629042473 0.0422956303748135
-0.0190266642372518 0.0466547177911129 0.357527343266517 0.875516453866243
-0.0422713500939312 0.0132972399834059 -0.338885334772176 0.604122292025065
-0.0409479416816966 0.0085024713029583 0.0383855601543678 0.0769284682445755
-0.0227686195450539 0.0296832863176155 0.335833192129892 -0.584583676953498
0.015254479119349 0.0128966294318337 -0.410832616560754 -0.850538995649644
0.0233539503590151 -0.0352784612729172 -0.877996744283449 0.0232704210021085
-0.0185335600315448 -0.0484336966647935 -0.222505170656465 0.630996425244834
-0.0291879226275922 0.000636744052426339 0.310257376163389 0.313427899164721
0.00648725790916371 0.0144305855225847 0.209040039863582 -0.0614921379443108
0.0152495995701889 0.00308137470070748 -0.0714133075138325 -0.203025465756384
-0.00992976862806756 0.0204601630149406 0.0878683741046235 0.1517831298851
-0.00764862904940038 0.0144981447849586 -0.148796326013568 0.0343613462604373
-0.0047384447250387 -0.0124824900918927 -0.255071131111497 -0.359009290597472
0.0197705324432415 -0.0463150520070349 0.243000906547956 -0.543861792496739
0.0625914017196601 0.00501795332084051 0.79281989859992 0.0292547866641499
-0.012141502280862 0.0500622057447279 0.365439595497241 0.870320016737176
-0.0419141859865188 0.0198884676543018 -0.337857468470956 0.608090420490451
-0.0427164538249033 0.0133046216658338 0.0286693209919037 0.0814328088280251
-0.0220779793981641 0.0346637983266558 0.335647949631934 -0.578624378103142
0.0221282319568699 0.0154526609215 -0.401212071006652 -0.857004041326741
0.0305198758294704 -0.0334758829164205 -0.881233686220374 0.00781134343730991
-0.014372646469499 -0.0441352121165355 -0.230688790104712 0.62686845243813
-0.0274873797395118 0.00635873374802916 0.309115349008349 0.319636288150308
0.00515301968926984 0.0184924647475176 0.211903232949739 -0.0577664350797184
0.0125904518648619 0.0066013029883526 -0.0682073789243503 -0.202907636043171
-0.0102031763630733 0.023494716328181 0.0878030761161215 0.153163209326673
-0.00571371351181787 0.0174946375380682 -0.146828885737905 0.041227898493086
-0.00219682999931136 -0.00535302900102973 -0.257567467393656 -0.34916503650435
0.0225816950582359 -0.0417802703687013 0.233015834512439 -0.546420896266603
0.0686025772098258 0.00453102545850049 0.78857890795279 0.00922952087281811
-0.00499237988379498 0.0509067387410974 0.380127965738493 0.860332598747567
-0.0385371109881325 0.0238046168935366 -0.33350068463562 0.614933693686472
-0.0420634119290771 0.0168715566872224 0.0187549890208457 0.0884416556798955
-0.019953486234297 0.0380592246004296 0.341078562426809 -0.568113912053562
0.027631213883477 0.0182006876317116 -0.383412863685018 -0.867807108087169
0.0363626469877375 -0.0302691069175556 -0.882705454361529 -0.0143603728420267
-0.0110333085941304 -0.0400537624207777 -0.240876546046128 0.626452408060906
-0.0271014571023204 0.0112038403649372 0.305956817599316 0.327576075648576
0.00511861013000187 0.0213521738060285 0.213877151025417 -0.0509175064655006
0.011632501882869 0.00922996797351738 -0.0648651402996322 -0.203460967665497
-0.00887127740339025 0.0242894040843721 0.0865741314058958 0.154845834038578
-0.00439465159602423 0.0212518890012292 -0.146030440418617 0.0499142466915005
-0.00089709702942965 -0.00027988639888846 -0.261648682003612 -0.335808901424348
0.0237560544302489 -0.0356228322042936 0.220545835641781 -0.548804366664909
0.0712759401791731 0.00580893355423241 0.788367172799383 -0.0142042082128444
0.000725883425707875 0.0500328361541636 0.403348536140932 0.844408954639955
-0.0324134172012647 0.0237696062012344 -0.324112353658389 0.623118793940413
-0.0379642976140403 0.0161327702070077 0.00841077764207976 0.0970082983309719
-0.0156295514411114 0.0369387394323691 0.350765373387278 -0.553670702541613
0.0306483543669787 0.0190234645433327 -0.353983323031642 -0.881417923608538
0.038848065483317 -0.026382601575067 -0.883209094169004 -0.0458719442060922
-0.00775754055500133 -0.0347994775864959 -0.258814330252215 0.620693868883122
-0.0258595616553857 0.0138466817649269 0.298482320312078 0.343504974692259
0.00605403884781918 0.0230701553937293 0.214964681492284 -0.0400792097501722
0.0122530287829072 0.0107966711336134 -0.0653862007171533 -0.200880677483267
-0.00029957988123494 0.00262495389916832 0.0755825245888229 0.164184787900456
-0.00227040956710671 -0.000959366060500473 -0.163274789052862 0.0555104811142476
-0.0121536327615034 -0.024424779208363 -0.277299222496104 -0.336626968936687
-0.00514020910601155 -0.0453092145215061 0.22911212438511 -0.551509322938059
0.0317188139213241 0.00754627283517766 0.823436784109041 -0.0111763503435079
-0.0306943334963828 0.0311576345440157 0.436436233981677 0.856204826201282
-0.0239730489975993 -0.0152575408934619 -0.294977332764519 0.626142872979117
-0.00787205903431939 -0.0161732590705495 0.0496953549299388 0.0862382750983713
-0.00795014749430571 0.00238397165109896 0.381714102782312 -0.581413983477018
-0.000795272522551432 -0.000161622059746564 -0.353344372561338 -0.892909483229536
-0.000161545733227794 -0.0282935152556134 -0.880236611902905 -0.0222193497962872
-0.0370741300917573 -0.0461960002210212 -0.253343179715854 0.648459978246263
-0.0340641641225844 -0.00866966703022704 0.298512480513187 0.351877656656575
0.0133546510571159 0.00326404640505135 0.201889166144516 -0.0395023315080722
0.0269308006923714 -0.00879822448695661 -0.0874796972123303 -0.194852710979506
-0.00239696682935561 0.00500962210904685 0.0788338405744288 0.161757332615485
-0.0052529271160786 -0.000550560813130243 -0.161578806095145 0.0459899012963566
-0.0122112424296474 -0.0260342166302075 -0.269524101492461 -0.350014649742304
-0.00202464871360306 -0.0488452665869834 0.240899375394003 -0.551390354845815
0.0335408718518045 0.00714728674873896 0.817810940579162 0.0126407503142311
-0.0312241464204429 0.0346939976666776 0.409639391209732 0.866910241541578
-0.0293190191294809 -0.00928065270753609 -0.309125775553613 0.617362380746789
-0.0182491239756967 -0.0114047839324395 0.0519331152077866 0.0807164554063412
-0.0137088462543967 0.00838543754253981 0.368275853450533 -0.589627855202202
0.000310524096214036 0.00308387213153593 -0.380525055330756 -0.879634564483593
0.00253941135613536 -0.0307717210948584 -0.881413741602333 0.00373755606234364
-0.0347598919817975 -0.051729407561254 -0.23904039298048 0.647874533956672
-0.0331019042958079 -0.00927112952107202 0.304915363344112 0.337165456784785
0.0124538698239663 0.00406078157888087 0.203184787398135 -0.0504316833139326
0.0247177373620877 -0.00693965380767846 -0.0839368018938859 -0.198498539538554
-0.00350794247894287 0.00774724631841422 0.0826414747631649 0.159269742564158
-0.00809887052099132 0.00136209723901862 -0.159283370498663 0.0378480027742197
-0.0121585747114338 -0.0253793644430793 -0.264044641672797 -0.358286047004414
0.00317169474051205 -0.0514700711993116 0.251959017053119 -0.550301597309152
0.0399422884068414 0.00577872463442113 0.816160095671288 0.0307837464014582
-0.0288052379973114 0.0383070985405626 0.387819302096276 0.879561281413415
-0.0365582437911702 -0.00223135452002315 -0.322179516570715 0.615257157111501
-0.0269339347868869 -0.00468545047608364 0.0512892064694199 0.0770392835535078
-0.0190812617371067 0.0153000581746258 0.354305123258395 -0.593897504349109
0.00281344373387748 0.00591485448965429 -0.402436291239954 -0.869154109894044
0.00922863956598673 -0.0343593874353179 -0.885025828935281 0.0229237499138774
-0.0300050131708065 -0.0528206058499981 -0.228647445009336 0.647636669165705
-0.0320211093246268 -0.00776663238148662 0.310254532211268 0.325393073986925
0.0105698952271214 0.00617048789498124 0.205350844155162 -0.0574867906951939
0.0219709456797858 -0.00542739593894088 -0.0813709637650925 -0.201090140531772
-0.00715657637563413 0.0115468764449225 0.0842662175054541 0.155609013347621
-0.00780971692275424 0.0049841111918589 -0.156452542816085 0.0341077822825027
-0.0103111700389083 -0.0216617636555861 -0.259937869778425 -0.36593408369282
0.00908038061733137 -0.051503928455282 0.251225468912435 -0.549689951066195
0.0480361733501994 0.00588290777524681 0.811544880310849 0.0399804370232133
-0.025038583481926 0.0435758996432744 0.370967114266902 0.88759128904632
-0.0409987049956493 0.00639774435496937 -0.334295746503363 0.611243565489467
-0.0349257404546872 0.00179890202654475 0.0465974763132861 0.0764137902164788
-0.0215846996390263 0.0239393542221464 0.345763446539605 -0.596992513530071
0.00884235516352299 0.0092643521449577 -0.416783721257412 -0.861993104577936
0.0163239332437897 -0.0364689951877977 -0.889295442694507 0.0295819480453266
-0.0257349512498531 -0.053393727097497 -0.221813310681847 0.645976303592033
-0.0304730421234696 -0.00385926644207057 0.316043331910163 0.32010593836617
0.00885971574801735 0.0100589857066948 0.209130359237042 -0.0619218912371088
0.0180312871338449 -0.00125582734610122 -0.0757282614915508 -0.204770513744037
-0.00939121642460488 0.0163071286007362 0.0872393832356866 0.154483666517106
-0.00837979318608218 0.00886219944825263 -0.153240132022868 0.032031175817512
-0.00720665152911248 -0.0184723441173751 -0.258619534275723 -0.366203878610312
0.0145451941088597 -0.0503597455390611 0.251654426725828 -0.55008829568961
0.0557552541268475 0.00574821710849162 0.808501077811744 0.0395458782098669
-0.0199576577050535 0.0476863912204358 0.367721703167739 0.886839664670308
-0.0436635871786178 0.013705062536427 -0.340488700914889 0.612945985185286
-0.0409654999912069 0.00888938759735308 0.0386957940590124 0.0786661412160564
-0.0228444397120803 0.030433589979816 0.338690522301951 -0.593562620973369
0.0158075338069904 0.0122267261024153 -0.420890033206603 -0.862447042748728
0.0242007339945885 -0.0361120596176289 -0.893716966518099 0.026965819589428
-0.0197314628901181 -0.0502984790084353 -0.222520792887261 0.641352103052703
-0.029706099981126 0.00102744932834784 0.316489159969219 0.317465039873117
0.00643757920999412 0.013896370828647 0.21268958230442 -0.0622030664965341
0.0151228559502031 0.00242065201959637 -0.0720654147493917 -0.206084276259412
-0.00922310431246779 0.019797448422858 0.088728915106212 0.153289309286026
-0.00672898165613611 0.0141120312546922 -0.15085518278696 0.0356663439341459
-0.00430245223938752 -0.0128929973709876 -0.260558405558107 -0.362310572762051
0.0195760573935767 -0.0466108874707058 0.24494715313079 -0.553420264728547
0.0633281731104073 0.00497663893561578 0.802941858281011 0.0271389111454206
-0.0113282195076376 0.0499845276191462 0.375048162977882 0.88246341829215
-0.0423617394334034 0.0203200384836836 -0.340008564851731 0.619053230501426
-0.0432279722490415 0.013965196373248 0.0287243098822039 0.0833389822501741
-0.0227123102208846 0.0359085412294254 0.339004379766804 -0.587396128570481
0.0215358395383556 0.0154019756519561 -0.409787889016384 -0.869597265188642
0.0317659505338567 -0.0341428758446465 -0.896156750164294 0.0117356875886074
-0.0150725832572119 -0.0455514823414788 -0.229511609656821 0.638805162112921
-0.0285213066803957 0.00644072600814523 0.315998897528501 0.323313573383614
0.00610307478474293 0.0182849814865859 0.215972157416472 -0.0597411574949353
0.0126563221401924 0.00602752997428953 -0.0697783418495889 -0.206271477081295
-0.0102846565742991 0.0233544865423349 0.088367876854622 0.15480146603463
-0.00538060621766507 0.0180664720875233 -0.148920595447194 0.0416643716009592
-0.00116618048134478 -0.0061273667850737 -0.262378397688394 -0.353618693026518
0.0231577327714026 -0.0419582542651884 0.234265286612509 -0.556023782255453
0.0698898677198057 0.00487155359698729 0.802697870039596 0.00674687641953441
-0.00412368761793531 0.0516134319823388 0.389526325940304 0.871199950002983
-0.0386420120148672 0.024246534527692 -0.336991758434225 0.62489141434353
-0.0429253356139115 0.0165036525747398 0.018360811244427 0.0909021497485797
-0.0200079803968352 0.0389877250444071 0.345125189341237 -0.576725968972683
0.0277236581631021 0.0183613284456224 -0.391275491693345 -0.880755754418923
0.0361182895429093 -0.0306305981391358 -0.89602578382886 -0.0128721261636229
-0.0115923140425483 -0.0404081469139542 -0.242907725057369 0.635831465090008
-0.0272865464781056 0.0110312795044329 0.312265093845891 0.332880879174291
0.0053485777640224 0.0206818118518518 0.217835086365095 -0.0523288199538208
0.0114206216064401 0.0090128156144531 -0.0668092677977889 -0.205656081540995
-0.00890541079346743 0.0253789468939943 0.087184312072811 0.157142634281785
-0.00316785427555668 0.0203914814778324 -0.148544261191097 0.0506179102983296
-0.000397243626039941 -0.000115766693167554 -0.268368880484628 -0.340086704229123
0.02390935522283 -0.0354331594810302 0.220182803460943 -0.558756256768155
0.0724804021390909 0.00540910425488509 0.800355334822014 -0.0164456582577815
0.00236697517646543 0.0510978238032985 0.41189877596358 0.858092767389069
-0.0326231486957608 0.0247211893394327 -0.326453906173122 0.633388222262658
-0.0385396957765599 0.0166285332942926 0.00852117642070568 0.0982557547552835
-0.0160623136596646 0.0379296845394976 0.355768618581238 -0.56480420840115
0.0307820533551617 0.0197340978885184 -0.362581117032553 -0.893300047676185
0.0393826625274463 -0.0262203818161499 -0.896994838489054 -0.0429871449744425
-0.00884384014353852 -0.0351175951742836 -0.258679503430598 0.633982518871656
-0.0265098413639803 0.0147114851656775 0.30541037869005 0.347108154301304
0.00586425425441017 0.0227080787598705 0.219597925166528 -0.0417190705590023
0.0119466154515277 0.0108429080325866 -0.0661584463389088 -0.203713987240891
-0.000247140620353964 0.00347576678372468 0.0767967382579746 0.165640059672233
-0.00207059376412358 -0.00156914593674938 -0.165171214041259 0.0585111581863445
-0.0113227622470265 -0.0254474442156708 -0.286377729555101 -0.339157169536428
-0.00507563822919964 -0.0450348645843623 0.227263558036796 -0.561838288063381
0.0322214736066811 0.00769361103143065 0.833123314239717 -0.019315625473285
-0.0304979909842031 0.0332884028467213 0.450169525921026 0.864911412625497
-0.0239347786723135 -0.0156306187483907 -0.295564711490403 0.637304514730994
-0.00901732046556525 -0.01634606241118 0.0510386040574991 0.0876012909889387
-0.00825734112940735 0.00313263030467157 0.383433799440258 -0.591589183954018
-0.00053842742212655 0.000468270778349121 -0.36382651362442 -0.904578000409873
0.000345490954484096 -0.0279755762013797 -0.895408096415561 -0.0161273960169209
-0.0381037655191738 -0.0474843866462789 -0.249602452715533 0.660847864605916
-0.0345560164767283 -0.00831992210402757 0.306247577957751 0.353950597440419
0.0144355458610893 0.00267039649564226 0.204297928021178 -0.0422384456035855
0.0270844723864813 -0.00988782814676886 -0.0892061848639536 -0.197349141706568
-0.00246914878419167 0.00526010195308375 0.0799828476768406 0.16228227171713
-0.00448788621006531 -0.000716273703235792 -0.163273429882527 0.0482832895316698
-0.0129144194446237 -0.0260647136715191 -0.277853572651949 -0.352569294711965
-0.00222386828491636 -0.0485017685058859 0.239709696229473 -0.562204762998554
0.0351264730503557 0.00722420757541234 0.832486482724793 0.00847811937507247
-0.0314973566077837 0.034574973491092 0.422525021525717 0.878222409939816
-0.0308668425378595 -0.00917108871386366 -0.309883919810709 0.62844360344029
-0.0175175500629537 -0.0118494759266049 0.0531529750376271 0.0811283593649395
-0.0144775672810051 0.00868216245481393 0.37015138606539 -0.600428135647987
-0.00074635272451188 0.0029771632887651 -0.391823888566044 -0.889749348455256
0.00329028722597095 -0.0316816098947466 -0.896509747573714 0.0118637786109186
-0.035655195106826 -0.0516774026542718 -0.235380043199243 0.660132442024712
-0.033555679259606 -0.00864703286049679 0.312325727503885 0.340224516947567
0.0124163934209397 0.00362114015584758 0.206148540734339 -0.0518889727036805
0.0245939877196074 -0.00810888146463118 -0.086077940614779 -0.201397867861923
-0.00487156498129615 0.00842231592867119 0.0840106966565999 0.159302485097762
-0.00729879580049508 0.00115929815865636 -0.160946663772998 0.0407237013862413
-0.011876215078978 -0.0253666637686181 -0.27132334649489 -0.362431310675388
0.0023714046124589 -0.0515398452485949 0.248207666953761 -0.55833521958385
0.0415903530328895 0.00597106627783064 0.830775756154155 0.0265411179339029
-0.029315082377328 0.0397734825677406 0.402269475181796 0.890150852373782
-0.0372159876513137 -0.00168281671779009 -0.323615194658655 0.626765596844503
-0.0268001696833551 -0.00451769851470748 0.0520218943660362 0.0779485592790109
-0.0201090152560183 0.0165036175474124 0.356446842773009 -0.60635662744346
0.00310807504801163 0.00558057789881734 -0.416835422376768 -0.881193805633261
0.00927169467501016 -0.0350500160320385 -0.899528194928535 0.0300286879751871
-0.0312380508927696 -0.0539613856201842 -0.226589512304479 0.660730685708048
-0.0325990770328776 -0.00727729314582888 0.317125939158789 0.327633618981182
0.011904824864715 0.00558042092798998 0.208577970349849 -0.0601997466290326
0.0223543316371133 -0.00638354320102278 -0.0843782584558154 -0.204884038795733
-0.00767776277789725 0.0119248997546588 0.0865778360723031 0.157141218889328
-0.00782849854244056 0.00471530444499742 -0.158832607337579 0.0353163175297087
-0.0098995070012382 -0.022714224988717 -0.267000641907536 -0.368736258772274
0.0084859068809961 -0.0525645555530342 0.250974798590536 -0.561397594361543
0.0485964294259613 0.00554724375425334 0.824920481200027 0.0336958629130428
-0.0250597290585597 0.0443440160586312 0.388431584209825 0.89657818621936
-0.040851044918026 0.00646725446548928 -0.333899504075426 0.624670547148702
-0.0349207252242433 0.00202893913450965 0.046984751422281 0.0777584203361465
-0.0229962782660329 0.0239437034092838 0.346485252785518 -0.607309987118424
0.00849101419933325 0.00962093823888463 -0.428474408267443 -0.872678852747338
0.0154917986402538 -0.0367992588919672 -0.901128515655306 0.0384166266247538
-0.026582124706371 -0.0549548023797938 -0.219050364310315 0.657828912432615
-0.0313101878825255 -0.00333646939917903 0.323610297140722 0.320808571300749
0.00889835039998322 0.00943198164760153 0.212507935232808 -0.0644437660331783
0.0180243352279355 -0.00224190425229903 -0.0780448661310237 -0.206459376701459
-0.0093392147865793 0.0166724050198738 0.0883077007207611 0.15560374546058
-0.00826896890178073 0.00924030135317859 -0.155628855374538 0.0340382360371451
-0.00711694900360335 -0.0178345440843905 -0.266312009963869 -0.369792922110501
0.0141433812422187 -0.0509092448083096 0.24990223489963 -0.562139603746866
0.0561929591015034 0.00494630045620748 0.82155613562232 0.0338556051313858
-0.0187637136917524 0.0482241913043504 0.381909886478639 0.897713106887248
-0.0434775813563563 0.0148290261851432 -0.341235041654912 0.625065585825764
-0.041018427097048 0.00938064402743979 0.0395568315451306 0.0795034253713535
-0.0240637251649903 0.031414481823632 0.339773731442484 -0.605536293287021
0.0159317236940197 0.0122028489297879 -0.433284323250344 -0.87422053138899
0.0233284403357739 -0.0371367650818209 -0.906286688165825 0.0343653548617109
-0.0207713957457948 -0.0508747672012668 -0.220347612040436 0.653395481244798
-0.0298340734249544 0.00189441762155541 0.325534610038877 0.319802701002771
0.00654659029980465 0.0129185260621884 0.216347960733683 -0.0650078242503142
0.0152728073261334 0.0018009048759423 -0.0740988491750318 -0.208233795247776
-0.00973766188235789 0.0215879828402104 0.0900200129230845 0.155586853411283
-0.0070428554167265 0.0137848084710128 -0.153186170699107 0.0372883315969861
-0.00444988655670839 -0.0131727763502618 -0.267454960048113 -0.36514474716863
0.0200794317496734 -0.0472620217349883 0.243540936951043 -0.563179879580547
0.064813708713661 0.00420677023463131 0.817596394775653 0.0206162691624933
-0.0116779300587892 0.0510633170306198 0.390908003122233 0.892439426359475
-0.0423545958090886 0.0210985239778926 -0.342596544925417 0.630063320088264
-0.0433815806805304 0.0145200644366278 0.0293644741479971 0.0848427826462394
-0.0234401441684499 0.0361692377687551 0.34004917243265 -0.60047260581245
0.0227252925592007 0.0162628940057244 -0.423345281760281 -0.879566407799658
0.0313156941926284 -0.0349289088972682 -0.910161222189939 0.0181544064632782
-0.0163435922642558 -0.0460657077087634 -0.228097332960863 0.64959777599163
-0.0290739086179679 0.00655463478201649 0.323900907620169 0.324941326892284
0.00549654447531556 0.0170999747895952 0.219522843729657 -0.0607749843663356
0.0127982821550428 0.00575208204500711 -0.0714349158575369 -0.208773044543556
-0.0103890701340088 0.0240190326633866 0.0907908874769869 0.154979646353562
-0.00541979350841219 0.0177028812427105 -0.150677152743807 0.0442777539207597
-0.00122478889051302 -0.00634845513689608 -0.270667810020747 -0.354988120993866
0.0229482818214979 -0.0421733958281402 0.232413048041286 -0.567325948528887
0.0706017662339235 0.00475883784184192 0.813015963553264 -0.00133260754249984
-0.00365515076944976 0.0528158053915178 0.403386297376385 0.879487825278364
-0.0391818946717656 0.0242376807377716 -0.336550408718191 0.637546813785185
-0.0426520013922935 0.0167684452536236 0.0192047226284261 0.0927641729978367
-0.0210536754859077 0.0397100522541358 0.347487332740741 -0.587054405650178
0.0278698693193681 0.0174988282829602 -0.402866742040742 -0.891949154129176
0.0365889264786417 -0.0314579656904522 -0.91004244484565 -0.00652439828054903
-0.0118236400991566 -0.040957030441696 -0.241099673136797 0.649074078107903
-0.0271586236492383 0.0114880562663102 0.318813137756959 0.334751045509124
0.00507134349944137 0.0202909254345993 0.22095163559888 -0.0548771306685281
0.0119970378937434 0.00897240200301579 -0.0679336698514349 -0.208340009263405
-0.00899106367784652 0.0260212347668778 0.0896771320249812 0.158316065116732
-0.00318716044021231 0.0208197918030565 -0.150079648185169 0.0533128760320289
0.00048867048941745 -0.000576175622824068 -0.276255491429894 -0.342192612020048
0.0233906492869594 -0.0362217886925075 0.218376809456574 -0.569931382069893
0.0732259258103803 0.00506770684852624 0.81205222690408 -0.0251775268043871
0.00254949011963346 0.0521415084730189 0.427583279592107 0.865372602424388
-0.0326806728840052 0.0250377981271607 -0.32801121922884 0.646701120838152
-0.0386403661448689 0.017029859235057 0.00902043664682245 0.100632720729819
-0.0168291996383241 0.0385619218621359 0.357533142022177 -0.574984611240083
0.0316939203147013 0.0194416545341794 -0.372901903036391 -0.908154108531748
0.0400506887775461 -0.0280041714926802 -0.911734260281251 -0.0378487770319896
-0.00903286358273338 -0.0355221178053081 -0.258706347257209 0.646315784062719
-0.026443179454429 0.0148832546759846 0.313561727864091 0.350082642234651
0.00619839578629771 0.0222887989733059 0.222329622538429 -0.0441987477425494
0.0117731465563511 0.0107289734380018 -0.0686847753622336 -0.20577895674732
3.58060361354724E-05 0.00276848645143868 0.0789040571756216 0.166883292195165
-0.00138831373835935 -0.00218874631480232 -0.167051287915953 0.060452017759906
-0.0121987334783877 -0.0244723024644545 -0.293478534134591 -0.340235186514361
-0.00595647616401961 -0.0456466268532641 0.223380460963813 -0.573151360983202
0.0324344959711434 0.00741315771666143 0.846499491326022 -0.0281264274654297
-0.0305934538120564 0.0318054239642557 0.46809559408651 0.871763697737711
-0.0243590844355855 -0.0155395742170208 -0.293188614017327 0.649954607024623
-0.0078753460812356 -0.0171728965211552 0.0518395268700879 0.0881052358487622
-0.00964605143587415 0.00280314548994315 0.384769596590512 -0.602233939001656
-0.000446130592923005 0.000773661893523618 -0.377885903664652 -0.914910447564943
-0.000521571697219819 -0.0275925000528551 -0.909223481780658 -0.0064546504540631
-0.0390343445497581 -0.0476197828136318 -0.245850887978074 0.674364932149029
-0.0350313254458349 -0.00881797105403136 0.313631326049192 0.355136675998677
0.0147691551135645 0.00204046362755051 0.207466116788301 -0.0455624859307508
0.0273448129912808 -0.0114273675076586 -0.0929430313787314 -0.19886344618008
-0.00281433152342666 0.00538775682920366 0.0823976602667233 0.16424692700154
-0.00490559104844679 -0.00136944152494416 -0.164342694234137 0.0508023082940066
-0.0123473180720382 -0.0260604436058682 -0.285863647216171 -0.3546449020724
-0.00300047807085156 -0.049260126960901 0.235979885641676 -0.573372342669319
0.0352698564829561 0.00565474943615489 0.844555856654171 -0.00539027080310466
-0.0317435334405831 0.0358920675889539 0.4401559516486 0.886719033177241
-0.0313026104133951 -0.00975401740693745 -0.308004724462222 0.640494446539266
-0.0184131964116109 -0.0120984868330829 0.0541466458532752 0.0825726653232914
-0.0152446210934081 0.00903776832992675 0.369779096198085 -0.612518180800408
-0.000267953365722426 0.00286071003381522 -0.408501725279866 -0.897709263796268
0.00276066941744522 -0.0326575556157032 -0.910937827427954 0.0220787727620259
-0.0359229507537398 -0.0515882710317964 -0.231454937567445 0.674252812645113
-0.0334293292457477 -0.00883838896647044 0.320836878473782 0.34119153317492
0.0134002075880014 0.00313485338575123 0.20956513551732 -0.0558911710925056
0.0250615053476696 -0.00935355376805432 -0.0888234127072388 -0.202608730001066
-0.00495522196575895 0.00844647182167367 0.0858713291058343 0.160515384724139
-0.00621309941673152 0.00114264817467603 -0.163766271687194 0.0428971306031384
-0.0121223710187909 -0.0260713266067703 -0.279509535295995 -0.36305347671737
0.00215645621923932 -0.0516291722229895 0.246107310861851 -0.57094673693522
0.041129020779524 0.00564913465200204 0.841474954913207 0.0164389892825287
-0.029460046231644 0.0412473077187238 0.4166232966214 0.897156249823354
-0.0375406337384252 -0.000854741575321846 -0.320996340613984 0.63786645781456
-0.0273003528265762 -0.00467345553188121 0.0531215679219951 0.078765794992652
-0.021339114474106 0.0169347484325279 0.356211117336763 -0.618785244038896
0.00258442563947267 0.00601972833213145 -0.431252675694652 -0.888510736131523
0.0081863572732956 -0.0358249072388116 -0.915024479868694 0.0391213183421401
-0.0323547534873749 -0.0542398472547705 -0.221845470631316 0.672548417306503
-0.0333666750059388 -0.00720887770127135 0.326598573407884 0.327812226784863
0.0117551741433515 0.00502123985875927 0.21133946115807 -0.0632327115510804
0.0214752851969212 -0.00648312164260482 -0.0870111793513225 -0.207136280256483
-0.00713238507689125 0.012230712897881 0.0880260418677061 0.15804039016505
-0.00754931517549993 0.00454096470576562 -0.159925100276005 0.0375994681631499
-0.00971876448325547 -0.0230124584553527 -0.274690265521457 -0.370650090195154
0.0081032827367859 -0.052340364350356 0.248119645036851 -0.572160828763274
0.0490590343301434 0.00500026141447303 0.835412820380475 0.025157651437709
-0.0250764783014855 0.0451830673112672 0.402142740428872 0.906227797875484
-0.0423409684464904 0.00779398393120096 -0.331414776520581 0.637052835027004
-0.0352280440978409 0.00331809690130785 0.0488164032043234 0.0785350727563365
-0.0236787033874384 0.0250358050808835 0.346332618153658 -0.620590632503351
0.00834655893058303 0.00908174442084776 -0.442005721578898 -0.882309614123314
0.016069733798802 -0.0379905835937015 -0.916224411461222 0.0483365759784327
-0.0278307352190473 -0.0543426143666185 -0.215227280284564 0.671268770103289
-0.0308155756589483 -0.00382114015740262 0.331472478954145 0.321797682273242
0.00856913176739998 0.00836399536168232 0.214927389227581 -0.0677315537886662
0.0174662022706615 -0.0029329801805206 -0.0811452929322622 -0.208323630766147
-0.00891172927118739 0.0175380319595541 0.0906414756005163 0.156213978193292
-0.00728120832676564 0.00876497919855522 -0.157319760567112 0.0361600088065834
-0.00712099263574414 -0.0187388854771808 -0.273227553937425 -0.371429355021962
0.0136650609100583 -0.0512147228645435 0.247628759343118 -0.571441278167584
0.0573513336147109 0.00477379371903755 0.832741802911407 0.0256476311380553
-0.0188025941649748 0.0494989762913791 0.398671575270454 0.906089872816572
-0.0441944765511446 0.0156230338280693 -0.339387977538241 0.638475789255521
-0.0419311364653509 0.00926832735110468 0.0403130872578475 0.0813175491363856
-0.0244549003214431 0.0321212046866044 0.34089934405387 -0.61737829783295
0.0159059073520367 0.0124587124750075 -0.44772394402907 -0.883609607166079
0.0237105238533031 -0.0380471121101596 -0.92003612753284 0.0437603183342438
-0.0218280875283672 -0.051433949397045 -0.215689606748268 0.667466833979176
-0.029749092584898 0.00173260707813485 0.331755104297769 0.319828101795828
0.00701394411944671 0.0127170883051524 0.218726308362657 -0.0683472637645049
0.0143470120456005 0.00103815239539691 -0.0783344649570832 -0.209740157330579
-0.0104645804239804 0.0215185121973075 0.0915735528223944 0.155455546325914
-0.00647529759386525 0.0133648625406827 -0.154579717870826 0.0398852219889052
-0.00325929175807401 -0.0133731554256899 -0.275373606408704 -0.366191803861614
0.019262032400698 -0.0479498243159458 0.239713247952161 -0.574055958136895
0.0653434504772079 0.00330450055105588 0.83008928263472 0.0102184422886955
-0.0106518656303995 0.0518009026681745 0.405284418440137 0.901940615016138
-0.0427029326815559 0.0214013407769183 -0.339089531959874 0.64319511753618
-0.0441211655164778 0.0147924733035309 0.0308239407445726 0.0863315921471003
-0.0235394827204752 0.0375571396226796 0.341263438341572 -0.612794993969738
0.022735588951462 0.0156770130460131 -0.438241591342212 -0.889341003634698
0.0312637947452146 -0.0355251774037655 -0.922750311878519 0.0298417217999213
-0.0168670352313496 -0.0470407274146777 -0.224111327886429 0.664783810113598
-0.0293881680059777 0.00694000642493199 0.332191336521001 0.325969176136359
0.00513715405299692 0.0170673403122775 0.222192495233896 -0.0637733908280985
0.01194607440603 0.0054364199589019 -0.0735883054571482 -0.212132717356402
-0.00973462392403807 0.0249884215103066 0.0928971807080174 0.156478577620122
-0.00490706248794429 0.0175820918040989 -0.15340204508614 0.0463307720260807
-0.000958861479422839 -0.00634326529140096 -0.278549385499239 -0.356499717537367
0.0220104229137277 -0.042520488075797 0.227902279490145 -0.577607282930975
0.0716833486813722 0.00328360627924426 0.827128982385223 -0.00887061722855821
-0.00318306415376488 0.0535734738460198 0.419155197255549 0.889483654764719
-0.0390967403370244 0.0258773494051517 -0.335538635208325 0.651119289900695
-0.0437148898962949 0.0183855248196441 0.0196570916909886 0.0929185160752816
-0.0213062449483898 0.0403741395675449 0.3472886539037 -0.598501937497331
0.0282114896758703 0.0188379535121847 -0.418434056706848 -0.902417981303372
0.0369579120290528 -0.0323378291024936 -0.924077026363866 0.00409738570305232
-0.0133072646817573 -0.0408438456648826 -0.235781121537519 0.663024918110823
-0.0273528936700793 0.0115276923344575 0.328344037508853 0.335596285759394
0.00550308052124279 0.0194827779300942 0.224193898548356 -0.0580306660505956
0.0110253636438379 0.00798492598552295 -0.0716079674027514 -0.209210086261855
-0.00937064307704034 0.0266208910038691 0.0906275787013262 0.158406936630595
-0.00325057440686775 0.0215242250797988 -0.151592142493978 0.056147686842279
0.000495422339499824 -0.00152814231450986 -0.283802956447478 -0.343330661148811
0.0237418006268565 -0.0365724103639843 0.213467497636659 -0.578886993915882
0.0742676681231672 0.00414884131700372 0.824351972032958 -0.0348827461488156
0.00281184577512377 0.0527345014466218 0.445038063030031 0.873858537238093
-0.0330754508726434 0.0257943729808061 -0.325249447893161 0.659200174128276
-0.0381444405042461 0.0178715402066984 0.0102703907207956 0.101999158473012
-0.0174535238546003 0.0400427144629038 0.355827926566471 -0.585047113488672
0.0315813843271336 0.0187012967515752 -0.390870574051366 -0.91630991715735
0.0396311572677687 -0.02823866706438 -0.926492279917353 -0.0275614125601163
-0.00979811343480392 -0.0360200908790793 -0.254626094689073 0.659161724747713
-0.0265524385006142 0.0154439823368915 0.321037821994237 0.351334776966553
0.0065000013155273 0.0215235091903375 0.225509992120263 -0.0474441392476804
0.0118585572677027 0.00973992696915381 -0.0702198585285525 -0.208290352706056
0.00298609976481014 0.00453741654858034 0.0416022776527065 0.178233799261694
-0.000418728316251928 0.000554464590309784 -0.178792240803762 0.0266211031772586
-0.0122864968360947 -0.0260561931065244 -0.222755998319449 -0.395486818438799
-0.00577375532886831 -0.0517561009081022 0.341813164641034 -0.530570921788424
0.0336024597160289 -0.00212917856880492 0.852236573810325 0.142146496357932
-0.0254254504182447 0.0273744617297996 0.292201775574471 0.965567604882893
-0.0216467430995382 -0.0167649481731213 -0.427433583394336 0.593461155682409
-0.0033740544507562 -0.0185224032081365 0.0337732135739818 0.0995899742052962
-0.00965897749500841 0.00108146169560472 0.50665113194757 -0.52685305969221
-0.00378007103232905 -0.00482615228477377 -0.198407635150086 -0.988239015276111
-0.00030305347570469 -0.0307088162672977 -0.903688050864498 -0.183804300928461
-0.0373652197663341 -0.050594351192619 -0.377913266762591 0.621843773674465
-0.0334173770682828 -0.0105719364597791 0.24344338091221 0.414769530270909
0.0166894974577124 0.00451052756094598 0.213082120538656 -0.00167781791038878
0.0292107912230858 -0.00731452045351349 -0.0487014556127077 -0.218217351384541
-0.000573140078620924 0.00619645529566246 0.0449183484544501 0.176205736023324
-0.00419440031171862 6.2100695543976E-05 -0.174948388044877 0.0176695030966697
-0.0128955757661388 -0.0275427737284559 -0.211637303775142 -0.408246713589686
-0.00172810803964197 -0.055469399682719 0.354533104011036 -0.527992741727891
0.0374598737502647 -0.00255878538885266 0.844265424893743 0.164225730919625
-0.0265538680592246 0.0308011466723243 0.260670282555863 0.974618653887597
-0.0293310094866054 -0.0128502489250555 -0.44061534869081 0.580749463273887
-0.0138187977152344 -0.0157184703570922 0.0370170075571102 0.0941195888298237
-0.0178027745243907 0.00532660088638398 0.494302953978253 -0.540268079244242
-0.00394953900604787 -0.00272598465321952 -0.230380342949056 -0.978846672117734
0.0030987311041018 -0.0335010853074799 -0.911433749148214 -0.156296826028896
-0.0335653881891293 -0.053277639895185 -0.3640609666738 0.623899774549206
-0.0311788755291368 -0.0115790248183194 0.253055693506771 0.402245547338327
0.0160004594509293 0.00518442659570468 0.217157049996718 -0.0117659268134808
0.0254739019346129 -0.00640824605048835 -0.0453107527514065 -0.220974529126068
-0.00240098976612673 0.00815260939145786 0.0499018187896383 0.174327893329647
-0.00660349778921862 0.00211417103941237 -0.169661260768923 0.00977868694443806
-0.0117352772643024 -0.0271209899126534 -0.204913799239316 -0.415241647740233
0.0033329802850231 -0.0572238567753164 0.361739446936271 -0.525596852884887
0.0441407259592017 -0.00116734938133127 0.839547555839981 0.182588967021518
-0.026757987531606 0.0359964437288216 0.237667931133693 0.981630319153659
-0.0376213065605471 -0.00639259310193289 -0.455241560991111 0.575328996034116
-0.024712950541767 -0.0106959889098572 0.0368352079448539 0.0901959878903856
-0.0243063225985453 0.0122456692887541 0.48227775279424 -0.549923687869728
-0.00102223605785173 0.00129019276798936 -0.25611297816524 -0.973394459142781
0.00935426495051386 -0.0359702303014509 -0.916509935122679 -0.138191331098912
-0.0289546288633816 -0.0557638002264571 -0.352994844049648 0.626098320333197
-0.0302765340527929 -0.00984943969271725 0.26050454247634 0.390960284375407
0.0130273890111119 0.00736852536722426 0.22099766984437 -0.0192370922654892
0.0218650736547949 -0.00476583371282511 -0.0411643547675309 -0.224036888607481
-0.00634320429774126 0.0117249129444259 0.0521488865569459 0.172324434562586
-0.0081342601490611 0.00498515676296825 -0.167163471465202 0.00580456128274436
-0.0106463610266994 -0.0245653215050227 -0.19958874860466 -0.423300651357823
0.00934499896464002 -0.0564156843705831 0.367317050280811 -0.52499953957556
0.0519309155296188 -0.000890558515109562 0.833642718431786 0.190485085655695
-0.0236291822367306 0.0420040101671608 0.2206644090664 0.987425960967586
-0.043493893716234 0.00170631042155264 -0.464379820495393 0.570881030993529
-0.0344843153809448 -0.00649817789079587 0.031928343650767 0.0885966884825672
-0.0291751748124845 0.0195500863506132 0.473004238344777 -0.553805178030517
0.0032375532338343 0.00607251245440562 -0.268829044223422 -0.969017787280624
0.0173502073206689 -0.0355166951592189 -0.921654618055912 -0.127854148771786
-0.0232878575192101 -0.0539199128053387 -0.347027329342095 0.624505594360756
-0.0302620982896465 -0.00594980307725116 0.267246442470919 0.38498737201718
0.0103651324731552 0.0103064701703927 0.225891369165006 -0.0232739881195359
0.0166846098983695 -0.000983260372928522 -0.0348042984037318 -0.225929804316376
-0.00899199159984311 0.0153489310666246 0.0552197445164394 0.171492599728545
-0.00868402855346099 0.00880340180903392 -0.163518268689342 0.00614038486482662
-0.00890061299304146 -0.0194129704628806 -0.196126413304911 -0.422731677336476
0.0148990223905142 -0.0539588348698747 0.365636178068238 -0.525008305898645
0.0601188635943215 0.00104419052114191 0.830483816481464 0.190453325585799
-0.0180401097984235 0.0475584618410696 0.21622964013784 0.985026921134398
-0.046942401790639 0.00898786189388232 -0.471844372826176 0.571997606830109
-0.0421209736444348 -8.10434005827523E-05 0.0233602017362625 0.0892548885809832
-0.0318484363597367 0.0267853582282401 0.465410084056508 -0.552560417014485
0.0100755690131789 0.0112794658187347 -0.276292866095762 -0.970994754058107
0.0253887687493426 -0.0333871797415685 -0.924425318186053 -0.133354211154905
-0.0186095389177242 -0.0494378133591905 -0.347802252579889 0.622259848348558
-0.0301072660106976 -4.64995173084051E-05 0.269845998348135 0.383918441358138
0.0078727905444075 0.0143012478677518 0.229614119682874 -0.0234026793850379
0.0129430054223934 0.00224783642323325 -0.0302284058548699 -0.226758967693368
-0.0108020935649958 0.0192673684550294 0.0564411616916991 0.171475610700152
-0.00915356004396758 0.0144253502171783 -0.162368514048066 0.00974215905176496
-0.00769533983299693 -0.0132492391162368 -0.198806828985839 -0.416817288033446
0.0201547860555116 -0.0498696216122721 0.358383326536139 -0.529237875321869
0.0679057506713671 0.00254094385039719 0.828582541315613 0.174834495556658
-0.0116958435961157 0.0510944114654354 0.226473816220271 0.982815281293239
-0.0480243247605974 0.0153893275604668 -0.475037979782555 0.57737291170677
-0.0459909241622514 0.00426765126573444 0.0119138187137474 0.0929493100919975
-0.032118105282512 0.031640268373715 0.46651649543872 -0.545433136410185
0.016308147923461 0.0158357914349633 -0.263825607530615 -0.975540647749033
0.0325170691584043 -0.0308820405814491 -0.924967624948011 -0.150671322642988
-0.0151553642638954 -0.0439186777388407 -0.354736451691599 0.616749066654863
-0.0299717445179727 0.00622551449125733 0.266951069662302 0.389649677586606
0.0047682866262951 0.0177141366127185 0.232022557833276 -0.0195033738158474
0.00940885164802544 0.00583917951283055 -0.0273618653418591 -0.226922996833519
-0.0116181301023108 0.0232450562792507 0.0555117565624316 0.172261623987782
-0.00850359690687366 0.0180224007624455 -0.162045772972363 0.0158765308382015
-0.00573848861250831 -0.00551087943382449 -0.203223676452634 -0.408517246672383
0.021997188059575 -0.0436298295030392 0.348905531602829 -0.532986720557827
0.0731859509654385 0.00332994110338651 0.830299020599415 0.155678247882554
-0.00335734784927713 0.0542813222561947 0.24113819570757 0.972235092818045
-0.0434761454652532 0.0201665488985055 -0.47106678677 0.58456327154247
-0.0466408439363328 0.00699372380069275 -0.000208788836298893 0.0973110297762656
-0.030310939713266 0.0357806826602702 0.467536157144897 -0.53219108038636
0.0212405095898824 0.0196799738989772 -0.242092706322623 -0.984917432469707
0.0368465897070378 -0.0258130999662067 -0.921472840486142 -0.17578954339699
-0.0125382390258114 -0.037673158769497 -0.366729015209282 0.613209471789828
-0.0303870642682139 0.0108195426943401 0.261264241656053 0.397574287348307
0.00400968458583534 0.0207617276093104 0.232919624075584 -0.0113429052247425
0.00741788756639855 0.00853625062960266 -0.0248929096761559 -0.225490353718502
-0.0111943634029388 0.0251509778700243 0.054520868566428 0.174560026125147
-0.00694183129894499 0.0214218228462877 -0.161785280263922 0.0258303280420462
-0.00617276366632433 0.000704276655421106 -0.210631671092204 -0.395997126210779
0.0214959325242547 -0.0367263859382715 0.334423486851333 -0.538697196643896
0.0751108467449198 0.00380663162393067 0.832986101341164 0.129087817969504
0.00279688288936833 0.0550695817420072 0.270188469731995 0.961803569744724
-0.0378279216368736 0.021798060826896 -0.462891667492316 0.596224837204975
-0.0417711458306218 0.00951845502505134 -0.010769293364993 0.103714073732631
-0.0261240723782642 0.0360585774241949 0.474897968906162 -0.516744423072545
0.0251050520142234 0.0210756027738719 -0.207693584369024 -0.992261434388723
0.0389840284424456 -0.0219920063355635 -0.917096913773676 -0.206897687549877
-0.0104632762756234 -0.0323954478313759 -0.386060011885353 0.605123952055615
-0.0297095028394836 0.0145769884428545 0.250834839164143 0.411559996187278
0.00477705033357602 0.0231100217297692 0.231719346097666 -0.00145705641270965
0.00825919094466688 0.0106053386781158 -0.0254487487755606 -0.223173442242475
0.00273412356752857 0.00493809229661206 0.0439422842444146 0.179748900318639
-0.000307188123259584 -0.000271759486740091 -0.180253355128944 0.0298159799206816
-0.0120134113873717 -0.0261359974744523 -0.231544843088862 -0.396947405160649
-0.00643923871104066 -0.0524625176770593 0.336064984809664 -0.543271709466725
0.0346070440402561 -0.0023634058939161 0.865169957890727 0.129579456363123
-0.0257666135256207 0.028468128366942 0.313203153593055 0.969797734232982
-0.0214501029410031 -0.0172436321342592 -0.42181895099424 0.607410273874549
-0.00304984935191836 -0.0185952881171539 0.0351556028243189 0.100514829481165
-0.0103133485760422 0.00138713409873612 0.506067939273481 -0.539882053588762
-0.00378084871317812 -0.00514293405445312 -0.217170409557889 -0.995324553241429
-0.000718713427339852 -0.0314216379788368 -0.917123554155597 -0.169572303314875
-0.0381467099869232 -0.0494713412074034 -0.372289145622655 0.635308608604239
-0.0333629659361988 -0.0108452300814006 0.253943619289639 0.415281722445839
0.0173560501520285 0.00355767681159972 0.216139166461436 -0.00526946529989361
0.0280926665921425 -0.00812802078622268 -0.0524039807881807 -0.219368433607822
-0.000601253700163014 0.00698533596530969 0.0471478536447764 0.177523478851429
-0.00301610266729956 -0.000301583020293731 -0.176489631758139 0.0208345727128423
-0.0125522732197577 -0.0283772144382004 -0.221875693634437 -0.409635820686321
-0.00318990520305836 -0.055794762924201 0.348267872773731 -0.539828101121234
0.0378460175994102 -0.00216073222714257 0.857531710969272 0.153030500374764
-0.0272215600070676 0.0320733762926786 0.283065151977452 0.981752642580108
-0.0294254528743624 -0.0118203068462657 -0.437490277303847 0.594036623306503
-0.0142358127629098 -0.0157268055539019 0.0379537427566184 0.0939319694909644
-0.0186203185278999 0.00694576651990832 0.492042147392611 -0.552686114965907
-0.00403959302380932 -0.00274793813964182 -0.250073986969128 -0.989622571150868
0.00237939609621013 -0.0345770460811271 -0.924164812631744 -0.145197258530723
-0.0353727953909626 -0.053966020470073 -0.357694280026013 0.638716141108477
-0.0314233049682597 -0.0111676985824707 0.262001558076041 0.400292574986928
0.0164711431347224 0.00448352808885094 0.21976141233037 -0.0154101920628254
0.0259998845731097 -0.00685239905192726 -0.0485788491613405 -0.223244203541419
-0.00302215255291515 0.00892025316358624 0.0517277655062568 0.174937207195054
-0.00553595783977037 0.00153653461472858 -0.17275144019237 0.0134588275263178
-0.0122695434457836 -0.0280031979949148 -0.214256501253871 -0.416379491556852
0.00264550689460036 -0.0571404847100275 0.357086679311935 -0.537760162698287
0.044070579737506 -0.00209941737407748 0.852306693339582 0.170037247322106
-0.0257790265601252 0.036619943425982 0.258376432727486 0.986900747874764
-0.0372799587150881 -0.0052902717480542 -0.449538420274826 0.589593508847736
-0.0252731373035199 -0.0111943616797015 0.0372425585588114 0.0914299670966046
-0.0249067087135057 0.0129440240259666 0.479451157727404 -0.561416768720881
-0.000880751735420772 0.00163190664578853 -0.273143874226226 -0.982044515693754
0.00929117720696258 -0.0366533755567199 -0.930056250709186 -0.125276464772355
-0.0299208834421968 -0.0556937768573299 -0.346801534792021 0.640484614452655
-0.0311817906799829 -0.00921146687259911 0.270165139809048 0.390226456526301
0.0142448807533005 0.00573823805936188 0.223482249143913 -0.0223640624995882
0.021372544143613 -0.00555707992797931 -0.0452265415169182 -0.226089801229807
-0.0060028591563114 0.0122502246313696 0.0546870403450219 0.173180912637607
-0.0073750028930204 0.00454680918588778 -0.169134518887924 0.00887554478680854
-0.0115401332127166 -0.0243926983503834 -0.208578979967292 -0.423052414847
0.00909385872932983 -0.0565076928409257 0.361429511507547 -0.535078350560892
0.0523863069396958 -0.00111755440849374 0.84654878466206 0.17891875321413
-0.0223933788564848 0.0421558215364445 0.242197868501429 0.993024379625639
-0.0433473419196256 0.00172837758724139 -0.460585006183093 0.585433655710177
-0.0348636053106878 -0.00538942161350289 0.0329551040993212 0.0897304245808948
-0.0299464838767625 0.0203937548491346 0.469906705686467 -0.56599560307901
0.00400482403259454 0.00575012291871709 -0.2878062789519 -0.977415580297122
0.0172403559729363 -0.0357546581567365 -0.934731019754233 -0.118358647055912
-0.0253938768965984 -0.0543387856936879 -0.340705654839453 0.640473409548983
-0.030549822022551 -0.0047207018002059 0.276071931871818 0.384551460937557
0.0107853268799519 0.00906455030242661 0.228504808557102 -0.0269461110981009
0.0162336893509843 -0.00192140533568537 -0.0390182656515999 -0.227536052359909
-0.008612574668502 0.0169889776315534 0.058100443976886 0.172281210920605
-0.00858878028282217 0.0086877544379433 -0.165382683450265 0.00819101777821083
-0.00915792402296522 -0.019297272753782 -0.206720383909371 -0.424123790372195
0.0145699141409639 -0.0546092724712843 0.360057596603082 -0.537651306690899
0.0611121410662485 -0.000107341626263129 0.84342089652341 0.178583982624685
-0.0175297443201527 0.0476085801066246 0.235883106330348 0.991994106369845
-0.0473842134990551 0.00969828381888798 -0.469775235392933 0.587658233691222
-0.0427334491676432 0.000417180423926325 0.0248584288850904 0.0907771290190115
-0.0319511108304855 0.027122746102168 0.462593494650633 -0.563845609527589
0.00993793032473049 0.011475228868593 -0.292493398510941 -0.979121183120197
0.0255621800335687 -0.034703503450824 -0.936843555613228 -0.121121289552916
-0.0199235410825846 -0.0496441926227872 -0.339329866173559 0.635660731110399
-0.0300331137801382 -0.000156400426233677 0.279278201745157 0.383086871765725
0.00820755804413 0.012922842899332 0.232094306742736 -0.0267312941478557
0.0125800239794822 0.00167647793800147 -0.0349737077212695 -0.228751751357654
-0.0105698190793695 0.020896314851793 0.0591901961967152 0.172321965997067
-0.00856359450939059 0.0134512354211487 -0.163226459957591 0.0121873357558189
-0.00736391611124702 -0.0128874447054317 -0.209409857238696 -0.419452506750766
0.019029466709886 -0.0503992278276523 0.353390425527977 -0.539679328735582
0.0683686111544039 0.000938420142105705 0.84178117381657 0.163185916696885
-0.0107022997724774 0.052749587795728 0.245651769902048 0.988473145548411
-0.0475310851329643 0.015914571842816 -0.471626105866101 0.592021696353422
-0.0459113645761175 0.0051629833141122 0.0136084992749486 0.0941577732362992
-0.0326475174427841 0.0327759208145864 0.462388483637367 -0.556244083742582
0.0164527260149285 0.0157987480561661 -0.280982141254342 -0.980311320018744
0.032379097203819 -0.0311517583535574 -0.937968056288872 -0.137725960148517
-0.0157175889861281 -0.0442490989842468 -0.349573847906355 0.629798635753699
-0.0301822542794044 0.00595552996435182 0.275293401023176 0.388638370876943
0.00590226791190839 0.0163857293600624 0.234663421315927 -0.02264174621655
0.00933638055587215 0.00460151928177396 -0.031054719588987 -0.228908391433497
-0.0111675902877022 0.0238253867032401 0.0580019112755911 0.172807000713062
-0.00821186528613479 0.0174844710466658 -0.163373924707835 0.0193346489014446
-0.00558294155864602 -0.00581469369960349 -0.212455219003378 -0.411093421922581
0.0216223688848305 -0.0442034034758438 0.342108172435598 -0.544716236676453
0.0745923265952082 0.00318761251376092 0.842030324473872 0.141692862180067
-0.00182394470055511 0.0549788938538861 0.263792247048911 0.979430729968177
-0.0439268075570576 0.0206478996892654 -0.468059756547966 0.600991969214781
-0.0466487099103859 0.00835888865782159 0.00150657876286133 0.0992161285083376
-0.030661242316568 0.0369211550913393 0.465057330972457 -0.544307451371926
0.0218867741394019 0.0199413274839074 -0.257973627835752 -0.992062335871336
0.0365818409317057 -0.0266683726430676 -0.935791210739221 -0.160913858212194
-0.0132566315435911 -0.0378098299525203 -0.360535997467657 0.626165217026723
-0.0305248836226567 0.0105946497486461 0.270592297599375 0.397831492965613
0.00449845487082387 0.0193630853196106 0.235492199361984 -0.0155894269505499
0.00745484671430793 0.00766727315584039 -0.0280920254503748 -0.227823609170662
-0.0107965519398548 0.0257388762894596 0.0567374352394774 0.175011968347594
-0.00646854592632232 0.0213720201959229 -0.163781235846365 0.0285329710718975
-0.00485996467480498 5.32376144634535E-05 -0.220764954012254 -0.396433592426014
0.0207174750650744 -0.037143865351276 0.329376255530009 -0.550857720370714
0.0762950136646803 0.00276507100188783 0.84461154049722 0.116707776520777
0.00440563842279857 0.0553520660315424 0.291396643207326 0.968007603573466
-0.0375175739851516 0.0218318834924459 -0.457132779285596 0.610836230752535
-0.0413566839449923 0.00963438858764153 -0.00988930101796483 0.106360745487323
-0.0269825451723733 0.0374230363561103 0.474498243263985 -0.52906154694091
0.0255657721614598 0.0213116940958575 -0.226778535482727 -1.00124820034232
0.0395085754748141 -0.0223405326904495 -0.931956737310584 -0.196936364657289
-0.0117583152806383 -0.0326506266796175 -0.379903814643014 0.619088465520672
-0.0298016494019701 0.0140644798788778 0.259112958531847 0.41216410934546
0.00502698298765838 0.022884004208967 0.236008643344502 -0.0049705050201901
0.00738570353041458 0.00958785703686591 -0.0286144065378915 -0.225966120022236
0.0025582560988217 0.00611345826786117 0.0476281365403672 0.180430237029374
8.49858868926454E-05 -0.000785970513127494 -0.18124966960189 0.0338818626915748
-0.0122603413079021 -0.0263257087572417 -0.241633964810398 -0.394520066254833
-0.0080260020624924 -0.052472024532504 0.329768780911891 -0.555226504431748
0.0346392612787596 -0.003323817989518 0.874511708469281 0.112321319622579
-0.0253445198489612 0.028607151253632 0.335751452182433 0.974050602860754
-0.0214526253076195 -0.0166346209987931 -0.416417251292592 0.620218212355479
-0.00287723965224572 -0.0187423767761579 0.0363493829583926 0.101041196860386
-0.0116784885270029 0.00160198482265782 0.50105261309399 -0.554329005518004
-0.00469539336409051 -0.00551824307611707 -0.235989366049746 -1.00330683868321
-0.00170123580842663 -0.0312421441494304 -0.930074441090109 -0.154411684808947
-0.0403399337420376 -0.0495289246181586 -0.363346581646167 0.650129142836186
-0.0328045470505006 -0.00964143980259512 0.263680284164873 0.414616616647939
0.0182478634264951 0.00252814669936838 0.218483279309851 -0.00905219838225225
0.0282266356479269 -0.00951138855162112 -0.0564058555719572 -0.221021361829818
-7.01845539281768E-05 0.00680769817097555 0.0507242543656377 0.17791299089219
-0.00303996595001622 -0.000651212760433471 -0.177822711876725 0.0240991230669967
-0.0127060775252062 -0.0277480995671985 -0.232049149186572 -0.407905507305381
-0.0034612344231715 -0.0558875921909372 0.343040162596399 -0.55228150343206
0.0384542862579913 -0.00317775759506921 0.86839211723493 0.137126527611711
-0.026505304366947 0.0322138107177735 0.305451950852083 0.984105260742212
-0.0291321254464812 -0.0115905002202617 -0.429310830827217 0.607430938702287
-0.0139287881608757 -0.0150359251800275 0.0404542237049148 0.0943160454939052
-0.0195988335746 0.00690316912356953 0.486978127179048 -0.565931824190235
-0.0043723730962644 -0.00292160776217247 -0.268507384211391 -0.992633205283454
0.00184984813188561 -0.0349133415278737 -0.936457391101802 -0.127322478732491
-0.035994337645612 -0.0534112650342987 -0.347444156831357 0.651132898376063
-0.0324981934734778 -0.0107074374286751 0.272479004328578 0.399877471695021
0.0166573257631978 0.00329364181243024 0.221912869999566 -0.0191270553641618
0.0251221785336382 -0.00852760469959295 -0.0529575940286312 -0.223729475670557
-0.00277076099327751 0.00930504348749192 0.0531512713595205 0.17532041558603
-0.00466210776699228 0.00121018716785944 -0.173764989388523 0.0173803406857438
-0.0119698860735817 -0.027574101424018 -0.223831095003858 -0.416977162719543
0.00116898929483253 -0.0576726460670551 0.351088312107922 -0.549504825961045
0.0451345884950847 -0.00286237449236552 0.863304685140523 0.156059789826506
-0.0252366197119458 0.0377577092579567 0.280270777405183 0.993339818523343
-0.0371974335856471 -0.00510754193681053 -0.444824126019931 0.603092794143104
-0.0250142638674097 -0.00997848637393706 0.0398578457369506 0.0918299566759005
-0.02559715971335 0.0137797341151633 0.475535899960065 -0.575492676175773
-0.000988000329164823 0.00137263402054373 -0.294549561497925 -0.986165096183932
0.0086760302606817 -0.03654500136402 -0.94039895290684 -0.108919421339477
-0.0316107213152784 -0.0550490227483655 -0.336888849735429 0.652722011611312
-0.0312909584155339 -0.00912810197698908 0.280217099932761 0.38875361746814
0.0141045675922714 0.00482146285567687 0.225124147093298 -0.026672540410099
0.0206049676775197 -0.00664773982665542 -0.0494955550311072 -0.227561618648749
-0.00603820020994396 0.012683540409882 0.0565977705628976 0.173987632367879
-0.00709194461426422 0.00518099188367666 -0.170981201355907 0.0119819425362478
-0.0112920967291936 -0.0245478840212604 -0.216631714395383 -0.423874548389407
0.00799060431988145 -0.0571759213226267 0.354443091819815 -0.548185255280482
0.0531641055548298 -0.00211006469572005 0.855537947421966 0.164314287671489
-0.0218892948918456 0.0428405574180261 0.262470233909241 0.997846638331541
-0.0434361261837741 0.00269949654316063 -0.455593828684732 0.599823599469565
-0.0345395025413329 -0.00463364233898517 0.0350561070164716 0.0898194899300872
-0.0301392461796707 0.0209560090792765 0.466752081050104 -0.579007911248146
0.00402383315279332 0.00591008351801575 -0.307842125317781 -0.981148710067929
0.0161096938576956 -0.0374796944130771 -0.945521888290808 -0.100942536792562
-0.0269473622979865 -0.0542821164830833 -0.331779877887911 0.652144237231213
-0.0302057351066875 -0.00438633651911938 0.286471731457245 0.380964308105841
0.0110326584237377 0.00829871036278958 0.230110868079151 -0.0313010271417002
0.0163065291373623 -0.00272755682381674 -0.0429811679626349 -0.229060521752094
-0.00871892832607906 0.0167228812330897 0.0592696938222678 0.17199508985847
-0.00819976452910891 0.00886276617033867 -0.166951685046283 0.0122777873079181
-0.00939036215290686 -0.0195754724656103 -0.214976818682343 -0.424079787103581
0.0133695986128521 -0.0546278482760551 0.353095608583759 -0.549138737635838
0.0610977077760465 -0.000994873445553855 0.853766126463612 0.163579929670049
-0.016534234937687 0.0487675673385663 0.258845927946704 0.996531767188367
-0.0475235433355629 0.0100832625488347 -0.462872792260832 0.600544223999443
-0.0424095952716493 0.000571101815719291 0.0251758113699319 0.0911812681751761
-0.032098757283611 0.0285762220773877 0.458134955054136 -0.576484120916091
0.0103786851099089 0.0107695073534987 -0.313614577752919 -0.982640305561782
0.0242619962992332 -0.0356404535954635 -0.947540246444592 -0.103778123610731
-0.0216820825172799 -0.050349968549054 -0.33108898778322 0.649726292784412
-0.0298823398706398 0.0007851141676035 0.288785691719383 0.380927159013305
0.00814081778649795 0.0122683128237655 0.234485106216074 -0.0302544782180681
0.012356448551566 0.000204856401911459 -0.03843507224245 -0.229940977125547
-0.0102781437024256 0.0219372125302038 0.0612854245924384 0.172168068258561
-0.00758617873667645 0.0141431108588676 -0.165085523153643 0.0153021194737511
-0.00707072856742474 -0.0132953114816621 -0.217426724725632 -0.418368705278182
0.0176587283352728 -0.0503086441689486 0.34690601024035 -0.551727705698765
0.0687997991505676 -0.000550065909031807 0.850204577314418 0.148683795478005
-0.00929512479711584 0.052633716155399 0.267583502838631 0.993468148840836
-0.0469996325623589 0.0169907285827688 -0.463810155934359 0.605660462306524
-0.0460488503868462 0.00527255496628554 0.0148942680170538 0.0948141072380418
-0.033010132918987 0.0339739559917085 0.457379273664842 -0.569643953515231
0.0163768820844564 0.0154363402409517 -0.299037324503018 -0.986964647061801
0.0319608693759152 -0.0325019131150888 -0.949524469753707 -0.121397218819232
-0.0168329086247412 -0.0450574694631634 -0.3397149398109 0.644153106495392
-0.03008245281577 0.00653924144617771 0.28618033175905 0.387690446515057
0.0059957590593683 0.0157389243662343 0.236942245136167 -0.0273902068396794
0.00878668002817059 0.00440505398263611 -0.0348520594333526 -0.230621348849839
-0.0109992138127722 0.0248001851778777 0.0606850123294058 0.172883383921783
-0.00729201404727084 0.017772277695548 -0.163314705115947 0.0226385478585827
-0.00587847559344947 -0.0064428139247075 -0.222780954776766 -0.407516497603022
0.021180558939282 -0.0440684047100032 0.335020677127363 -0.558596577413103
0.0742516343273944 0.000789250612416387 0.851623187534841 0.128741268117809
-0.00180200310542267 0.055387229913741 0.283449592441378 0.98456215566528
-0.0438333298959334 0.0217342670509802 -0.461718694953193 0.615588489012381
-0.0462449534363886 0.00921263413920094 0.00254685028100607 0.100349898288976
-0.0304587619630387 0.0382570484233603 0.462338501719031 -0.559301021171762
0.0213426020992997 0.0197044033899148 -0.27796719501211 -0.994746759613496
0.0372925809397036 -0.0280905945515331 -0.94746186276769 -0.146757104796247
-0.0143058079428608 -0.0393864262224094 -0.353027466896057 0.640529628376341
-0.0298224504053599 0.0112254885019398 0.279480691847712 0.395526486913731
0.00465324401755068 0.0184541448386384 0.238373809448286 -0.0192941722794077
0.00775163879931743 0.00722703524545369 -0.032726310417491 -0.228471417354553
-0.0104211100831205 0.0265660637677249 0.059158016986251 0.174848391491615
-0.00565623628502683 0.0215566282480405 -0.164100620920439 0.0326067817932789
-0.00436153566976029 0.000284972319400712 -0.229640307105664 -0.395718518200547
0.0207953852469805 -0.036488314142178 0.322398373998079 -0.562401933425793
0.0769550616476381 0.00102243187882528 0.855100499303877 0.0997419358349378
0.00465523984474681 0.0562480174747672 0.31218035255782 0.971114686166209
-0.036972851738326 0.0232997686816418 -0.451743892983323 0.623630511785582
-0.0410906029150015 0.00964303307661527 -0.00839860790012326 0.107077020182713
-0.0257233606724702 0.0376103315541009 0.470267202746001 -0.543000503154913
0.0256809845406348 0.0215599669474124 -0.246148624947184 -1.00819880181191
0.0393632825726223 -0.0241301308074396 -0.946038632385214 -0.181761105321515
-0.0133840729757641 -0.0331899683558555 -0.370387349182005 0.632447741947287
-0.0297900191017424 0.0165031468384241 0.270365308890502 0.409719589843723
0.00511115180127573 0.0215776365287571 0.237718189026479 -0.00887206121656226
0.00693581124394404 0.00898017434076696 -0.0321536449247224 -0.226676856383944
0.00286350161762525 0.00560262640354074 0.0503362081988068 0.179632802300736
0.000453151930249066 -0.00134785296304527 -0.180715672346731 0.0380896343841997
-0.0123301673620797 -0.0261031823102858 -0.250276631325472 -0.391989707312772
-0.00882749757063345 -0.0510698736111916 0.317550501587919 -0.564543541701463
0.0347180715130036 -0.00454764828463287 0.883693352341184 0.0952682936291206
-0.0244751400494757 0.0290972533123156 0.359181226962163 0.973163850079622
-0.0216390451139683 -0.0168365307667891 -0.407579276731404 0.633075912801527
-0.00295968101343889 -0.0185132840012094 0.0382087473986178 0.101053298954152
-0.0119358885350656 0.00223165506219116 0.494644194288868 -0.566732171098009
-0.00479027806955687 -0.00548431359430012 -0.25598951130741 -1.00523354232009
-0.00282864482674045 -0.0320318186939033 -0.939679497074011 -0.136745774542819
-0.0412883008411665 -0.0495742034222992 -0.350956291578716 0.66092388424606
-0.0335931340822337 -0.00966226252143091 0.272274501425794 0.411104936217297
0.0182052544883063 0.00152179674524684 0.22037259215432 -0.0140594363985611
0.0274322605761193 -0.0107049045129322 -0.061133669848576 -0.220140665953585
9.55830854256125E-05 0.00699432451117448 0.0527841475133264 0.177965627845836
-0.00281723025032638 -0.000808979798545795 -0.178709060051402 0.0287895934952374
-0.0118966996018342 -0.028629488954358 -0.240869931654537 -0.404746877640148
-0.005197580131996 -0.0555257490660809 0.332427114058011 -0.56204354454183
0.0385613368861134 -0.00376019550159469 0.877087947738032 0.119184820807911
-0.0259693669829409 0.0325839528407315 0.325343653469081 0.983326850068404
-0.0296024272476217 -0.0114846106405215 -0.422901091722168 0.621283001070861
-0.0142324455179481 -0.0160450482126906 0.0415553352778217 0.0952486480240439
-0.0190313747966061 0.00757345392716328 0.47984385829254 -0.578163811790419
-0.0042323221199396 -0.00222864849891982 -0.289001845222346 -0.994887656341724
0.00133995546014884 -0.0353218009683959 -0.944387777187762 -0.10926405687994
-0.0383986385979229 -0.0529627920733413 -0.336946922811912 0.665416467334698
-0.0322057875273582 -0.0103961037584235 0.281597184784056 0.398613086600214
0.0170375462396402 0.00216768025105202 0.223291517871512 -0.0241936440522983
0.0246564305749047 -0.00954410040538103 -0.0572372759062806 -0.223654076593818
-0.00256164060692714 0.00949652607443285 0.0571997137578893 0.174884538555575
-0.00508119330796156 0.000796868221530054 -0.174172195933305 0.0205160880642867
-0.0120876718779788 -0.0279509336392935 -0.233229417578335 -0.414223122258571
0.000560925771546539 -0.0580793974827456 0.341310538320661 -0.559743828673743
0.0442121716705817 -0.00344484866615518 0.873337288611253 0.139190579594859
-0.0246614886910614 0.0386254844011277 0.302355489984283 0.992153029348
-0.0379926409947666 -0.00511320128094136 -0.436160652150569 0.615989460560834
-0.0251045934803752 -0.00997642967987759 0.0412815328604431 0.0922676549224089
-0.0248253524519118 0.0154723452535449 0.465681523763814 -0.586871620492197
-0.00124837886366476 0.00125475839230425 -0.315364819177714 -0.987673114863363
0.00791100818870791 -0.0381196808345906 -0.949356497559696 -0.0922040560481596
-0.0332522321289799 -0.0557867205089901 -0.327163502819484 0.664542911735053
-0.0313854790420814 -0.00836623570066939 0.288993833604098 0.385506800100921
0.0146374316201665 0.00389249502220921 0.226768879634821 -0.0310409359598807
0.0208090041230816 -0.00727620998622454 -0.0535657168319525 -0.226742103368248
-0.0061354946210442 0.0133791530035514 0.0604611512102579 0.172612402774292
-0.0070371702945479 0.00454931265966935 -0.170631412559946 0.0162257216979125
-0.0111972551936012 -0.0239225815303279 -0.228215675135494 -0.420778355466916
0.00580445897619182 -0.056987860679925 0.344826091497432 -0.559188608275165
0.0535479735362578 -0.00338493827512089 0.864601611254866 0.147820962591805
-0.0208741602046689 0.0438093508029778 0.286267071626317 0.997705171742779
-0.0437752716050987 0.00343716961999222 -0.446975720630276 0.610657426976067
-0.0346028981559107 -0.00451930050418253 0.0362605566088249 0.0903220222873008
-0.0304646890566542 0.0223147171244276 0.457261561054931 -0.589240308957683
0.00384473282847683 0.00542834865394157 -0.329699445593325 -0.982049883254942
0.0156614029074496 -0.0381258520655747 -0.953690507220028 -0.0817540060716758
-0.0279526966409733 -0.0539373587415116 -0.319597072331528 0.663884729112183
-0.0300246531054889 -0.00401372546757136 0.292808254189933 0.378913668148912
0.0119752143330577 0.00727962218527501 0.231099736500095 -0.0359098711686535
0.0155210565050537 -0.0035660815875677 -0.04773859622066 -0.228249453956294
-0.0084218181307897 0.0180109522335082 0.0621298674476778 0.17178621952532
-0.00731337488008717 0.00860430500403713 -0.16772707369381 0.0151420256632352
-0.00883172553646901 -0.0195086288426799 -0.226041714012025 -0.420382292585137
0.0127674313629161 -0.0546599263644648 0.343027460698893 -0.560087930253636
0.0613686588612305 -0.00209499599657885 0.862102167187804 0.146711029326725
-0.0156498361288989 0.0495252279136583 0.2821304187232 0.997433931373359
-0.0468358122977384 0.0109922728657319 -0.453594865193278 0.61287650497463
-0.0426743752682639 0.00143551883939493 0.0276608796320272 0.0914020163414684
-0.0326919349079949 0.0300152395581354 0.452172809240338 -0.58907386643048
0.00991406995151371 0.0109380943005658 -0.333488382346285 -0.984802148423006
0.024149799093475 -0.0367685853325773 -0.957735508786003 -0.0858213734889074
-0.0226647161134739 -0.0495193121679527 -0.320029870716853 0.660634685514434
-0.0297574414052448 0.00168578582672726 0.297107678013763 0.375934918174062
0.00845604126824685 0.01078702612223 0.235143395972064 -0.0355402190328105
0.0118092384792832 -3.06928640629251E-05 -0.0436899090140312 -0.231026388111664
-0.0101399741204521 0.0223051693867838 0.0642187994281083 0.171932763579086
-0.00773705227843624 0.0141598625839668 -0.165148632236 0.0194919948651698
-0.00713558002161762 -0.0130510255067108 -0.225576976258051 -0.416049876456427
0.0174713110791923 -0.0507532979915765 0.335774351681098 -0.563992960644309
0.0691568189116417 -0.0015584040269874 0.860087836704539 0.133760036465752
-0.00803437306666609 0.0540483313319281 0.290518438978462 0.994521256186651
-0.0474285886426642 0.0180046631118243 -0.456544481490655 0.618050089345295
-0.0459442832625997 0.00731264817032421 0.0167360217580754 0.0958354931378245
-0.0325811278028366 0.0357149608399864 0.449781644348175 -0.581395893994613
0.0159399843600683 0.0146231879570899 -0.322470154749573 -0.987139141321451
0.0312281171038133 -0.0331548471917902 -0.957800499309752 -0.104118280674944
-0.0178560292686315 -0.0446201358950234 -0.329341909409515 0.655184290345651
-0.0298225857718017 0.00704675788392156 0.296086074840466 0.38429183165958
0.00608403626525563 0.0149228534382301 0.237187070271448 -0.0313800898267451
0.00917930378330063 0.0039495170023246 -0.0395322031748836 -0.230633444911524
-0.0107850595137098 0.0253242022432862 0.0638028704059961 0.172837376736177
-0.00593877427769121 0.0173111724523401 -0.164263617495244 0.0264393449820898
-0.00552335484661268 -0.00674356079245312 -0.231070525425574 -0.407634638283284
0.0196873516428052 -0.0443269503622125 0.326144381975785 -0.568175022824031
0.0747207159919903 -0.00133033199663886 0.860477437565913 0.111039556155284
-0.000612687869691989 0.0557362361741693 0.305245568687528 0.982500526900143
-0.0435913557122697 0.0224663980640972 -0.452952918612691 0.627804102569926
-0.0463839001509524 0.0101723643370733 0.00441232803464532 0.100681339356904
-0.0305411462779285 0.0392481382113001 0.454680984623169 -0.569121349198377
0.0221873022345673 0.0188063076933359 -0.300238811337745 -0.996578012001159
0.0363457633499977 -0.0294217433431519 -0.95805791251126 -0.128677352908774
-0.0149161896960316 -0.0377392092150168 -0.341769918731748 0.650597674093669
-0.0300409919557532 0.0124262432211078 0.28958512507501 0.392984541227901
0.00548307452109495 0.018458804455099 0.239206216431422 -0.0248826339911622
0.00651726428983715 0.00688596495536069 -0.0367744782137059 -0.229164816508254
-0.00946140059357123 0.0262964013031654 0.0624652618061404 0.175324197748565
-0.00425784097899789 0.0198671779506811 -0.165164360102823 0.0357170220598409
-0.00423462711957048 0.000691035333126106 -0.239550823840609 -0.393101497321022
0.0200234486858011 -0.0372513753914073 0.311089181438445 -0.572503409276933
0.0770457272819218 -1.08708527560251E-05 0.862043440497773 0.0834951642019245
0.0062649609139302 0.055750328245933 0.334870499645168 0.971899888768689
-0.0371687839840339 0.0233852386252412 -0.443153012032858 0.637970093738544
-0.0409077406723502 0.010361713288266 -0.00693805094108216 0.108323511797033
-0.0263517985771275 0.0393237496946507 0.46137330845032 -0.554535580948344
0.0261405317071486 0.0206058868090298 -0.268047047517757 -1.00920530435889
0.0391461154092109 -0.0248421372105617 -0.955018484221981 -0.163213438227072
-0.0139047107673131 -0.0326896895561174 -0.359965683917956 0.646394843413609
-0.0300415990892168 0.0163235701136945 0.280316097379478 0.408138662051023
0.00510910317373767 0.0194540965966186 0.23889010394516 -0.0133234245086331
0.00680568110721547 0.00855470878038863 -0.0366550801176358 -0.227448926055644
0.00273600541343853 0.0063061301433132 0.0528223865762227 0.179115230474837
0.00111644563557029 -0.00123102470002985 -0.179996993865442 0.0414544680748302
-0.0123824427823142 -0.0257115011490302 -0.258960860382516 -0.387871215274104
-0.0100302767486201 -0.0512884560307163 0.308103264489644 -0.573311716917656
0.0347181088078794 -0.00468656521268131 0.887190253307951 0.0768271061872649
-0.0238162064385106 0.029764760584015 0.379478127863447 0.967432334462847
-0.0222780981101833 -0.0163878902086575 -0.397718896370137 0.643122480255985
-0.00313547905644513 -0.0190431327688772 0.0402961199295731 0.100625406333946
-0.0116208789455888 0.00292395265918809 0.485236239771637 -0.577227958916845
-0.0048180030053764 -0.00526120035092719 -0.277743987507153 -1.00375828242465
-0.00293092441532846 -0.032022710202209 -0.945295709078514 -0.121073994740291
-0.0427820713259495 -0.0484751461518862 -0.338387986555801 0.674909679489018
-0.0331211964683042 -0.00937717033013432 0.283038612606404 0.407804653550325
0.0187353571668576 -6.53593257002316E-07 0.221229587445064 -0.0174500082335785
0.026298622962971 -0.0117037222569407 -0.0655809441154911 -0.218987030601731
0.000353611352108017 0.00748621599607962 0.0554832682389467 0.177423438562123
-0.00223090975603431 -0.0012886606863066 -0.178358844932512 0.0325236758754032
-0.012144682846816 -0.0281123775287926 -0.2503463356057 -0.401766263544887
-0.00518747481685436 -0.0562043643165809 0.321985178637223 -0.571032346636304
0.0378175120079133 -0.00545001315138366 0.881451545112913 0.102099539252497
-0.0250316464952112 0.0336813529173328 0.348636613776284 0.980684186314017
-0.0300201444611826 -0.0110346074869384 -0.408836861634975 0.631014449382461
-0.0137441839134332 -0.0152838682562822 0.0428323492619304 0.0946301609103536
-0.0191355919173999 0.00825240110945916 0.471399211497642 -0.589236651441132
-0.00495432255129815 -0.00238365276659666 -0.309270696787826 -0.990691062525537
0.00111378135671886 -0.0350687388857272 -0.949331432303495 -0.0912154283544942
-0.039133280140807 -0.0526937735916137 -0.324488125607822 0.675403651412746
-0.0329096219320652 -0.00956256276895929 0.289509871405799 0.394106380999923
0.0165635526581607 -0.000245502511631041 0.224004486132949 -0.0276621178213843
0.0234585771026463 -0.0108587815153468 -0.0615247533095885 -0.223698256679564
-0.00177478011344388 0.0102600083795164 0.0595930102545891 0.174433868651224
-0.00486752779473216 0.000451606865267405 -0.174348939338392 0.0248047760225553
-0.0123188875842725 -0.0274462798343429 -0.241951643416586 -0.410779897101507
-0.000548048904056957 -0.057450888996787 0.329160002708311 -0.569018947858214
0.0450982485626569 -0.00423294924586628 0.876700338186579 0.122359837324274
-0.0238117261765949 0.038589513245491 0.323980505994834 0.988809431940011
-0.0377555381301018 -0.0042693404148204 -0.425473309687405 0.626511066409057
-0.0250096560586049 -0.00968406163962808 0.0427664454332316 0.0916481418505048
-0.0261391345955001 0.0158012239368904 0.457675540446907 -0.598431482024368
-0.00205510243159614 0.00127545338773762 -0.33539526098153 -0.985565170374357
0.00640230988228153 -0.0379738593404281 -0.955738340408087 -0.0743564544121536
-0.0342512009835465 -0.0549801676043929 -0.312981932607301 0.674482544879414
-0.0312172011451454 -0.00761894102489136 0.298007234164647 0.381675233341532
0.014331600172608 0.0026495742925547 0.22788333122675 -0.0358577611140782
0.020049204671478 -0.00766547073070389 -0.0577538494663074 -0.22699682448212
-0.00556436778419108 0.014074032553452 0.0622680811633806 0.172062185364718
-0.00633805698878049 0.00369856959417102 -0.170756763413565 0.0199063527070341
-0.010908749150761 -0.0242250327448167 -0.236742944460515 -0.416192923740876
0.00553449820593555 -0.0572355156452942 0.334370932140356 -0.568083159630263
0.0533089629358682 -0.00428439819699623 0.871211960479835 0.13070833721666
-0.0197206392305872 0.0450751203167218 0.308520028509337 0.993390946632452
-0.0437507601752995 0.00397786592941761 -0.436931303136781 0.623329568877886
-0.0340766863185401 -0.00341860155086133 0.0376107151910803 0.0905026045530559
-0.0304809198975383 0.023362655077258 0.448970297049732 -0.602191919265586
0.00345390693405376 0.00564074804453333 -0.350030848722096 -0.979421609096826
0.0143254693429097 -0.0384718346510693 -0.959938322377825 -0.0630508867302071
-0.0293407212573416 -0.0531098993561557 -0.307298706639963 0.673859014568459
-0.0303002138515026 -0.00408683703813977 0.303440349162741 0.374324173721983
0.0114064267664031 0.00652089320219547 0.231885619375896 -0.0401200020859098
0.0147842880262696 -0.00475949634217199 -0.0519248445556634 -0.229362106194486
-0.00788336110205455 0.0184193367198815 0.064496539943381 0.170947642069175
-0.00661856219055845 0.00778120208911142 -0.167780364476188 0.0195139030888086
-0.00916339064942559 -0.0194443161945323 -0.234147036461549 -0.417641098628603
0.01146517110135 -0.0550739849809595 0.332439913866246 -0.569159503620243
0.0624605819979196 -0.00356336104888423 0.867759695154582 0.128335858120125
-0.0144598131138951 0.0502938281115461 0.302293907875234 0.995626649171462
-0.0464008496431312 0.0117722238972394 -0.44244163682167 0.624117432350209
-0.04226435740582 0.0025324833010003 0.0290231380454149 0.0913955355568457
-0.0329240972548847 0.0310449186445605 0.441337911046081 -0.598706943673635
0.0100666916401723 0.010314608154044 -0.354472274569561 -0.979648008419529
0.0236436783537902 -0.0373524909386681 -0.960769145085921 -0.0673146076898293
-0.0235554308477023 -0.0498284343354446 -0.308209235924893 0.671207294926645
-0.0298958101978477 0.00226566410052102 0.305014193421546 0.372475705337602
0.00898666895618702 0.00949514963887434 0.2359537727242 -0.0405241291434108
0.0114764639087463 -0.000631298598382949 -0.0477092998115024 -0.229864929255845
-0.00945438343849899 0.0222011243195593 0.0673581324236824 0.171150566249634
-0.00660315579375559 0.0132965767805044 -0.165146854805664 0.0229208990939474
-0.00611380599816134 -0.0129864420180321 -0.236248886268589 -0.412134772573342
0.0166593852936973 -0.0504681976719692 0.32460804148584 -0.572117446508344
0.0698861411675225 -0.00292261014050694 0.86678244610355 0.114925578827732
-0.00655422696840824 0.0532253278136847 0.312801436029506 0.990767701248934
-0.0467174067561396 0.0183603369205598 -0.44482765928961 0.630925372499394
-0.0459852374554417 0.00785526790410745 0.017675436954848 0.0954577832467718
-0.0322359723542991 0.0365281052829998 0.439690940528406 -0.593615644069092
0.0164510282468864 0.0157772246104854 -0.34045997549025 -0.98311567473534
0.0305808875572407 -0.0350537489794584 -0.965807366876913 -0.0843037114645044
-0.0192965442969628 -0.0444061597447256 -0.315758714526453 0.665263991324986
-0.0306505290920738 0.0079098153316819 0.304081180294501 0.3784935948224
0.00653597847050356 0.0137054896406421 0.238977373916303 -0.0360644989597182
0.00752329337629807 0.00302328755365413 -0.0441981518475381 -0.230268259218969
-0.0101367139260664 0.02615458377538 0.0665636749702708 0.172086500927601
-0.0063429049205685 0.0169436036608521 -0.165104763825435 0.0304601353959539
-0.00445037255410614 -0.00666255179066988 -0.239906561234768 -0.402046977619574
0.0186122411303749 -0.0448585438380603 0.315730105805834 -0.577787793809163
0.0752654540990859 -0.00220061801211447 0.865464425529278 0.0935176922202963
0.000698458959283183 0.0562170422396615 0.330204821591807 0.980804389248075
-0.0435792958965936 0.0234090995758423 -0.44196722824767 0.638864706634078
-0.0461070267777204 0.01073983590634 0.00605635037363306 0.102600824185827
-0.0298711221974444 0.0399029124668845 0.445274221217027 -0.580022958665453
0.022132587618543 0.0182826019528726 -0.319658366110171 -0.996306243698029
0.0362428653696485 -0.0299812747879515 -0.964049422016255 -0.109352105005726
-0.0165546057381602 -0.03814530575382 -0.329447100881556 0.661030785052719
-0.0299354163849028 0.0123614257664385 0.299122558693043 0.389087125501598
0.00526470801961856 0.0173480352181244 0.240700846971916 -0.0284236712763145
0.00596132065816586 0.00644166492965665 -0.0415916262593172 -0.229451485603078
-0.00953444314322471 0.0278412746982093 0.0646184254246867 0.175493326848146
-0.00375684882777176 0.0205365202836384 -0.163809796055883 0.0403196847024681
-0.00372026129210986 0.000138665742718525 -0.246393551179829 -0.389687080859666
0.0185019823614527 -0.0372756931606674 0.300272829236361 -0.58212309166094
0.0774496210178767 -0.00144694158726702 0.86682011188994 0.0649911348354596
0.00720843156719016 0.056151090831428 0.356038119692158 0.96753950471288
-0.0372028561996049 0.0249734526910134 -0.432776852259826 0.648417443546024
-0.0410262220713839 0.011300916015132 -0.00559022869872841 0.109867183739205
-0.0259246312176287 0.0400639425688093 0.454323712609122 -0.565745017147521
0.0254492373967943 0.0196625842608728 -0.287591012763535 -1.00783344310056
0.0392764559460311 -0.025685888487374 -0.961734245101246 -0.143280841145115
-0.0147243755777377 -0.031573759999394 -0.348326421507503 0.656203422903311
-0.0296373675425313 0.0165549208051408 0.29053592951333 0.403957900568607
0.00560700184188031 0.0190212406885112 0.240315109575454 -0.0178057755270241
0.00655558505835124 0.00763523883117058 -0.0413837572543251 -0.226429019948008
0.00333870967025306 0.00693694721536471 0.0544346005307169 0.177772901020301
0.001104604884925 -0.00240196696180422 -0.180122591553028 0.046067788369884
-0.0121461175726267 -0.0262648261565686 -0.267458138147612 -0.381165208376501
-0.0106596424628251 -0.0511546602829218 0.294666430055395 -0.582381637654853
0.0341459456930307 -0.00528511645184635 0.888407066544612 0.0568304942920306
-0.0232635311324139 0.03079249394488 0.398849983620917 0.958708965919012
-0.0223834841970593 -0.0160695248198041 -0.383935777644207 0.651286735970226
-0.0034784388125841 -0.0201651192689009 0.042060570799563 0.100409986693305
-0.0130730960535381 0.00355994172008842 0.473859135212678 -0.587329108250602
-0.0055778269771252 -0.00553112871042882 -0.298374037821608 -0.998583891655779
-0.00393045145094509 -0.0319019018785078 -0.948274563175783 -0.0999384746279571
-0.0441825078090303 -0.0473206696426109 -0.324937057609167 0.682339923331596
-0.03322650048297 -0.00799592910153712 0.291025234930636 0.402363319092416
0.01773807075641 -0.00168500236579012 0.220993795452807 -0.021529961811606
0.0262008396064216 -0.0129210922601905 -0.069318890985776 -0.218949036827252
0.000416013854790034 0.00780714670823338 0.0581325357757789 0.175046013161325
-0.00183642500085944 -0.00203973937429124 -0.176680185697199 0.0365660298665935
-0.0140796869515097 -0.0279304016329617 -0.258950980779338 -0.396349362041219
-0.00762988820527481 -0.0548544753105811 0.30850421738148 -0.579097095450242
0.0385711132669299 -0.00600591634814094 0.883517295178937 0.0827925511621837
-0.0240291612772334 0.0338815665141306 0.370283419235155 0.972650925229767
-0.0301158028076767 -0.0110597282688419 -0.397793219286731 0.639904179497541
-0.013703362073829 -0.0155018299072649 0.0449930424382916 0.0949662023436298
-0.0201465187914965 0.00897702888917065 0.460822864148779 -0.598860065359898
-0.00538535935312199 -0.00150130219899122 -0.329902924679715 -0.986803020549731
-0.00130599276668161 -0.0355341453599448 -0.954021740477554 -0.0715965686081637
-0.0396341417177006 -0.0516260263989978 -0.310236461941242 0.683695616292846
-0.03190680114958 -0.00915043824244065 0.299255096642698 0.387217281439268
0.0164666227309543 -0.000706459928428601 0.22382931201721 -0.0322572642913658
0.0227930754807804 -0.0111274634006862 -0.0658062705828984 -0.222219487033802
-0.00166194141891446 0.0109397018063706 0.0621254408527821 0.172295765263843
-0.00451217679415155 0.000167398117806736 -0.173907447994992 0.0284519390636467
-0.0130328165957399 -0.0271959197291821 -0.251071385834918 -0.404437108721807
-0.00223896957984789 -0.0569959020195109 0.316485000871574 -0.577461835385288
0.0451993864736649 -0.00590265282574787 0.878174028000841 0.103834492775401
-0.0227843641699554 0.0394312679735225 0.347162096919134 0.981610333669831
-0.0373529903864904 -0.00288477678356149 -0.412009982716147 0.634722515081063
-0.02515405599665 -0.00961749847068531 0.0443726150924878 0.0914894721091922
-0.026311459277925 0.0165547293856275 0.4473205468548 -0.607193641614373
-0.00255343993759076 0.00144761833684129 -0.35445205266392 -0.97915128071588
0.00602812398689858 -0.0379285562967707 -0.955777408973124 -0.0517525266004609
-0.0357593390250327 -0.0541147400793315 -0.29744000645074 0.682845736254448
-0.0312927032196183 -0.00738674196948127 0.305262045989248 0.37481725925166
0.0144941984015017 0.000802048773977097 0.227146413588155 -0.0399407987516847
0.0193244825149352 -0.00929702833029677 -0.0622789109796316 -0.225683228626956
-0.00492955951924648 0.0142665891309779 0.0645741161764535 0.170999541951628
-0.0056424095230131 0.00317977787638402 -0.169756832375824 0.0234090956055588
-0.0117384080153007 -0.0249639652524853 -0.245662242472929 -0.411675623608065
0.00406635036932821 -0.0577113508478605 0.319971142032608 -0.575990517121547
0.0534915614301223 -0.00532424636764452 0.874882933469273 0.111788577221586
-0.0190906265306763 0.0450523106155208 0.329547550057413 0.988494454451771
-0.0435671379603121 0.00520953092688892 -0.425934102040533 0.63091956289875
-0.0345998601869379 -0.00359453344357479 0.0396890206504637 0.0902440265152413
-0.030455256624702 0.0242228364960757 0.437721345795581 -0.609205692971675
0.00323521025520697 0.00600841003471932 -0.366702664218731 -0.971537434269334
0.0139472645002054 -0.0393786074281226 -0.963050997663324 -0.041914842607916
-0.030333347913503 -0.0522291120919775 -0.291702058549674 0.680232676464735
-0.0305176971973915 -0.0035338878986294 0.310434980403845 0.368790660132843
0.0109725584832565 0.00489894312507702 0.231890410138215 -0.0448064605391238
0.0148434502513804 -0.00542123776763312 -0.0560041186600095 -0.226977414780311
-0.00793853249588146 0.0183530671167263 0.0676547186549171 0.170329323625374
-0.00653818474397159 0.00682722774741942 -0.166739909115394 0.0235430103392297
-0.00884966023035531 -0.0193955208602603 -0.24289442248207 -0.411909164511007
0.010147478986446 -0.054817805109875 0.319153870789261 -0.577319839844733
0.0618462759066662 -0.00520462577694107 0.870092580280305 0.111110772837994
-0.0126964163841552 0.0501449847322317 0.323290046486278 0.988738189658439
-0.0461493349344046 0.0123143623038637 -0.431590362422324 0.634466314753841
-0.0412700079172342 0.00219913128242731 0.0308668937510365 0.0908800651439805
-0.0327309729671999 0.0313668868696012 0.431179879979084 -0.608159907656167
0.0101136499489165 0.00984703440417174 -0.373389287755798 -0.974600657426497
0.02307665004552 -0.0380134833771429 -0.965245913222631 -0.0478141211370553
-0.0251401013594276 -0.0490435419799893 -0.292071640681927 0.677078428974496
-0.0299624699095469 0.00182242880061437 0.312786707765414 0.365106196924067
0.008588965945674 0.00869885146245394 0.235877674383893 -0.0447984193953965
0.0103320374097558 -0.0014240349153409 -0.0527242301900519 -0.228858033616948
-0.00925219362083068 0.0231094978086125 0.0699821867839471 0.169226074355946
-0.0064472403194394 0.0120523692038152 -0.165383445346217 0.0264045956917446
-0.00653362614259061 -0.0134923249446813 -0.244442745221716 -0.406884614353855
0.0151220761425251 -0.0500110358874692 0.313604931035337 -0.579106902653693
0.0698340749262679 -0.00514944163362741 0.868417262659229 0.0964388366719149
-0.00559895814015328 0.0537004108275662 0.334189818488461 0.983795724688342
-0.0455535773932069 0.0192790831100813 -0.432162618351579 0.640122083321345
-0.0447641774324695 0.00788357468844098 0.0194677262252809 0.0962388201549722
-0.0323932016808884 0.0378173159182195 0.431087120950014 -0.600778801695822
0.0165140227391593 0.014384075581207 -0.363569122585152 -0.979189045039055
0.0304920708930748 -0.0356728977713684 -0.967302934755994 -0.0638663657480913
-0.0200233583441799 -0.0434580943098906 -0.300011605716504 0.672035402228243
-0.0296362293635619 0.00831781326005525 0.311667215450033 0.37231458266004
0.00670043542853168 0.0124700905647244 0.237998084944154 -0.0414521343558617
0.00791883335481027 0.00289550418848719 -0.0486808765900622 -0.229462041150583
-0.00968290888298722 0.0262775806443517 0.0687499943541844 0.170921933057573
-0.00515230112261296 0.016167059711806 -0.163195097268724 0.0337721051277526
-0.00508567532741789 -0.00677907358582873 -0.247452224359831 -0.397058136828051
0.0180576374663619 -0.0446325259917121 0.301962509800267 -0.583166474885451
0.0752305116177069 -0.00474333552572873 0.8689958388986 0.0757727164905281
0.00236370876953745 0.0559171098341216 0.351555949505774 0.973487888985376
-0.0423111114438311 0.0235200246691195 -0.428070716601918 0.647815143658177
-0.0449033374978334 0.0114464543745269 0.00788897390473404 0.101883524980491
-0.0303289197094365 0.0416408346672118 0.434139423826 -0.587954664504516
0.0217920147098375 0.0188881895735267 -0.341131819675425 -0.989572777899808
0.0356621882506568 -0.030923744101485 -0.965179600188798 -0.0890111552159098
-0.0170140992379344 -0.0369747835624552 -0.31337622748267 0.669757996260706
-0.0289003498729408 0.0131802258644104 0.306576840151174 0.381728032876704
0.00509181728063775 0.0156120830278644 0.239731238725934 -0.0328995590777398
0.00538199651289963 0.00572247431925944 -0.0464043313906996 -0.228197321984971
-0.0092463326192348 0.0282967282688366 0.0676196343563589 0.173670010473452
-0.003983611999945 0.0196392374975719 -0.163174529976324 0.0435096842446414
-0.00360853419343535 0.000189997414513407 -0.256203405945729 -0.385129911535607
0.0185233353444635 -0.0382201964090658 0.287523139241357 -0.586789727690657
0.0771895847476851 -0.0028958290874176 0.868719337749819 0.0462981468128161
0.00916185821944446 0.0554142432057189 0.378693920741742 0.959120891835236
-0.0358414505273184 0.0249890238678068 -0.417905690135871 0.658570858965698
-0.0399511415306106 0.0118138332761264 -0.00265331987398973 0.10898874765885
-0.0253697842796678 0.0413942325496462 0.442419229168793 -0.572832678389492
0.026419683761423 0.0196596410230498 -0.307751885097871 -1.00265854209577
0.037990438449409 -0.0263828759200875 -0.96345811030481 -0.124172066565382
-0.0149881928699927 -0.0319819029762789 -0.334905174708648 0.664162636981858
-0.0285996509236341 0.0173821797937164 0.297800933828067 0.396192125483987
0.00549831891343029 0.018027146977583 0.240372666557307 -0.0230508748963181
0.00530652247521973 0.00723558226645747 -0.0444627588834853 -0.225897902967362
0.00321528268569136 0.00718992067220802 0.0583042097460067 0.176673754868726
0.00147835816753714 -0.00286956725623279 -0.178040120596295 0.0503068933799621
-0.012327783936322 -0.0262026242053803 -0.274752095150104 -0.375329734521146
-0.0124047434019091 -0.0499555623058074 0.281504679939216 -0.586594814598761
0.0342212134784334 -0.00638049146227709 0.886389538246649 0.0407396136400028
-0.0227339789701581 0.0307681529084821 0.418249383580387 0.948779727329202
-0.0225142607421854 -0.0161767107929826 -0.370094512653148 0.657417567066892
-0.00366480312895047 -0.0198828305036949 0.0438464349268745 0.0991571234313675
-0.0127061618535005 0.00415592096967903 0.462085149198845 -0.593808381391453
-0.00532799758555103 -0.00412453814936554 -0.31762344469111 -0.991529618229177
-0.00523493136441064 -0.0326481206774323 -0.949074994006532 -0.0801841120783886
-0.0452221022436601 -0.0459181323424293 -0.309411581713072 0.686747287556956
-0.0327347262866142 -0.00772125618369994 0.297492675608904 0.394765902344391
0.0187751245708704 -0.00273795134125196 0.220468642853915 -0.0264299137528485
0.0249425848875776 -0.0140076866566732 -0.0729222306814868 -0.2164846580758
0.0009447566664965 0.00821329112539689 0.0612685498107383 0.174308174757257
-0.00132420505987397 -0.00268196878735912 -0.175675259697156 0.0399607637554491
-0.0133158803071601 -0.0278458748981457 -0.266374194222125 -0.387851814594436
-0.00821638181813257 -0.0543378852916442 0.293740415225291 -0.582840891342498
0.0385216994315452 -0.00693661643410089 0.88362195470452 0.065622680900823
-0.0232779688770496 0.034910501687791 0.389808648649999 0.96244172392413
-0.0301979579706316 -0.00971982951288677 -0.385248113912686 0.645881581186204
-0.0136610497899257 -0.015653689588446 0.0469496321356519 0.094001931859935
-0.0202600177577382 0.0103251931929332 0.447934434364665 -0.605681380287721
-0.00603742238635264 -0.00189703072108306 -0.347861051678641 -0.976920668089394
-0.000712410186443142 -0.0359862591476153 -0.952410757354267 -0.0530303669909933
-0.0414283051150885 -0.0510973973768532 -0.295051001894769 0.686984467954739
-0.032117129160933 -0.00926372364172523 0.304948637250423 0.379214534110713
0.0165552504310152 -0.00232497644393597 0.222567318971509 -0.0363830968950783
0.0215158028951163 -0.0125338592793349 -0.0690985490179325 -0.219997038290258
-0.00104116598648559 0.0107681149804057 0.0643350358425235 0.17120122196637
-0.00354758799870375 -0.000561211036778788 -0.171823028732292 0.0318884083906124
-0.0127415212146023 -0.0273068038975154 -0.257919136272515 -0.399325451046173
-0.00294536213762053 -0.0566799222805887 0.303549011786527 -0.583114469800187
0.0447065868092322 -0.0064415573444072 0.879190553708233 0.08306562548776
-0.0216428370369126 0.0393968282605241 0.366423216934524 0.971550124624545
-0.0369663394115974 -0.00279903757392304 -0.397862720569551 0.642022248934368
-0.0248813734616877 -0.00896314677237843 0.0454401689884584 0.0896360590578761
-0.0259063417926573 0.0167177682510195 0.434509497255732 -0.613156299358686
-0.00192175337658992 0.00218369823164642 -0.37246463598071 -0.972064047486155
0.00540402052673138 -0.038824169889463 -0.958096751302877 -0.0345326889840682
-0.0367078236700744 -0.052866329963885 -0.28458155592756 0.687853331260473
-0.0308258962671695 -0.00699993976497571 0.312304077185567 0.367197788901657
0.014757026422429 -0.000247344597537398 0.22561478017191 -0.0447693083706264
0.0182181580911748 -0.0103477667815084 -0.0655882090083147 -0.224073512637362
-0.004718656176407 0.0145879934164163 0.0674642800049419 0.169186651724634
-0.00577761080137168 0.00230797802821964 -0.168513637238564 0.0278493896058931
-0.0108959721321475 -0.0244703202254581 -0.251523909042259 -0.406283178737589
0.00295626212186778 -0.0569685145456154 0.307328511768194 -0.581678630769065
0.0528624456084295 -0.00644993164947404 0.873894932087346 0.094072504334524
-0.0177635266427621 0.0447948871290487 0.350341546142413 0.977978585854427
-0.0423214868791716 0.00560330137239531 -0.40923577744346 0.638873665045061
-0.0339796066492296 -0.00257153671044217 0.0397797644922588 0.0893991984353307
-0.0299236245948442 0.025424579735736 0.423664879527848 -0.615662162782466
0.00338004102591963 0.0057043491897636 -0.386784962434173 -0.964201426507197
0.0129360017095127 -0.0397572274764221 -0.959625866847039 -0.0246130186109906
-0.0320034610935311 -0.0523029845701509 -0.276788214592757 0.687710888530943
-0.0299386331107598 -0.0029485981307302 0.317574457277824 0.359332601941155
0.0117464420505361 0.00349216260150306 0.23012039644906 -0.0498512810449996
0.0136752229527369 -0.00558785098869771 -0.0600181105462207 -0.226262806576422
-0.0062579642632719 0.0186686954559753 0.070238755424381 0.167832776856635
-0.00611350269392408 0.00698896792269288 -0.166265815715939 0.0272605196529592
-0.00891441444130744 -0.0198528920070364 -0.250152928515471 -0.404869793072688
0.0088321393060704 -0.0542108082435116 0.306863060502195 -0.581545320038771
0.061174201607369 -0.00649824874048818 0.8716442159165 0.0922923259195113
-0.0112082876269203 0.0500416099500424 0.343043546590306 0.9773448000316
-0.0452528755078061 0.0134373446254317 -0.418337304338552 0.640220079931507
-0.0412752093643142 0.00361616977301399 0.0317840084002659 0.0914052183598871
-0.0324321817968097 0.0327248974893844 0.417179930796957 -0.612979386627188
0.0105943104161148 0.0101990274410121 -0.394203368588531 -0.964280510021456
0.0218122494376932 -0.038258925235519 -0.962321710323693 -0.028206297197652
-0.0260748720413993 -0.0483187746421119 -0.277057958201582 0.682024323657207
-0.0295084750354783 0.0022443439511194 0.319913482932747 0.358115422080092
0.00835613056492287 0.00752902701438011 0.234194833897771 -0.0495244685092855
0.0089741102438704 -0.00210205814806472 -0.055981243128169 -0.227569171384591
-0.00826544130780129 0.0236062633733568 0.0717915215311702 0.167989438795709
-0.00640286529001653 0.0115422618865601 -0.162969406999005 0.0300256365141609
-0.00592575678789939 -0.0132321553264725 -0.252240701025101 -0.400677476351175
0.0145773446547497 -0.0499188989577353 0.29986455345029 -0.584761409471369
0.0696211355766619 -0.00589852600709432 0.867159930453276 0.0792379865098657
-0.00429251011069976 0.0535326654701866 0.355076382964388 0.972902693487535
-0.0453201426893784 0.0201546396726169 -0.420105083288327 0.646730971936879
-0.045171981023001 0.00853572862770191 0.0210588787165185 0.0955357834424361
-0.0316563126038848 0.0387623641748304 0.416253548788807 -0.608655452725074
0.0172386687434034 0.014359120317706 -0.380103020667965 -0.968231166853007
0.0290335583292391 -0.0360925246272694 -0.965174474143628 -0.0449373906070309
-0.0208331054116989 -0.0431984364575468 -0.287679990019903 0.677724261980354
-0.0299204478186842 0.00823841311695231 0.318847619257522 0.365824157793711
0.00593842236441277 0.0115115998793316 0.237390975848952 -0.0456241772543209
0.00675134880623619 0.00217040655292654 -0.0521443778504819 -0.227689615436826
-0.00858922345078023 0.0263449900786295 0.0714885398185747 0.169308347156602
-0.00459490043692735 0.0157830964962893 -0.16152520788664 0.0371850649473722
-0.00463739736264444 -0.0063169703868889 -0.25558092441011 -0.38981451224366
0.0169009814828621 -0.0440923014368796 0.288645328211681 -0.588055065215868
0.0752028045012624 -0.00485576915582015 0.865655770422654 0.0568641934768146
0.0038391734188361 0.0550678527652138 0.368730899394004 0.962331753289426
-0.0425274276844041 0.0246362208309823 -0.41630990149133 0.65469898228614
-0.044597117037636 0.0123707305605681 0.00958889995209415 0.101833722452497
-0.0293757519472074 0.0426113603847575 0.422540953586449 -0.593891243219339
0.0226305344958295 0.0178831247183622 -0.361353971569096 -0.980602214822582
0.0344279618276544 -0.0305874335236305 -0.966074994170896 -0.0699643131548446
-0.0179939798972229 -0.0368949516109623 -0.29848577050745 0.674933126353834
-0.028848908061186 0.0134237087645587 0.312149894480548 0.37549148279891
0.00500911284607926 0.0145789607568313 0.239384082385982 -0.0378065540247248
0.00476792731794676 0.00557923728733032 -0.0500012345205826 -0.226814859134947
-0.00799967410116375 0.0283719836922628 0.0704708246064014 0.171351958778372
-0.00330572797183562 0.0195298317611829 -0.161403593894928 0.0476702407623652
-0.00321948542481143 -0.00041507828608979 -0.262864616821833 -0.376479419427131
0.017558301697318 -0.0382688942908365 0.273294866888308 -0.592321989579621
0.0771419418461942 -0.00483068241410017 0.866438525859166 0.0302360010709948
0.0099739950784342 0.0551919544494113 0.395235202047022 0.948462525816588
-0.0346500947273379 0.0255908704796438 -0.404387952113171 0.664431363336924
-0.0402594821841617 0.012321242805918 -0.00168097302790098 0.110388820649788
-0.0244200242452355 0.0416910679387095 0.429737706294631 -0.580185396935444
0.026235318678457 0.0188714034161121 -0.328937275794734 -0.992303338169026
0.0365150696795281 -0.0271165825854603 -0.965400314382859 -0.105415908682667
-0.0152726660376203 -0.0312428272335115 -0.319404187345168 0.668960279554703
-0.0287238318317512 0.01727947667609 0.305630451445339 0.390330273645756
0.00554548599201827 0.0166417121544993 0.239556648708609 -0.0278088405323463
0.00441291245351028 0.00731036641104948 -0.0490488454609332 -0.224219791925003
0.00473225518783239 0.0074629374372534 0.0597484877809339 0.173921092029661
0.00147820579789975 -0.00385638022293756 -0.175664218535249 0.0528973504631457
-0.0125110599268188 -0.0259740769117101 -0.28001642455542 -0.367382386154218
-0.012751932580525 -0.0492745333528439 0.266699434727681 -0.588926781549338
0.0342294334902366 -0.00694594574631866 0.882582166935179 0.0216383190290472
-0.0216650996740595 0.0311100515033398 0.437918841928817 0.933758145100096
-0.0218681358581793 -0.0163176735305125 -0.355134865488845 0.661605719506205
-0.00361221196638973 -0.0197293841682275 0.0446673068428019 0.097946236303796
-0.0134579204049388 0.00445721019413676 0.448767146861964 -0.599727218854492
-0.00593629667433573 -0.00475641914895963 -0.331938903845793 -0.980382364121144
-0.00626104834588821 -0.031575561619859 -0.945480792176641 -0.0619461066459511
-0.0445740342960465 -0.044343933719266 -0.29549403815567 0.689495037896828
-0.0330949254501153 -0.00773519887097381 0.303399624014521 0.386081898442677
0.018245770900654 -0.00450621460856537 0.219064611341073 -0.030359814669675
0.0232406275374029 -0.0145492529219502 -0.0765090502341941 -0.213641216254181
0.00163023815648853 0.00907680063016256 0.0628081083336153 0.172124931770812
-0.00149377793845975 -0.00344792034145467 -0.172991875786014 0.043533755569721
-0.0137780259629971 -0.0282707703048064 -0.270766470898156 -0.381560146882436
-0.0084765920842724 -0.0540399955817387 0.281513588228869 -0.5859361747788
0.0376465123984676 -0.00744231776938355 0.878920784569185 0.0468251262004113
-0.0217862574367035 0.0340613893031595 0.406104540734476 0.949491508420092
-0.0286469527715224 -0.00971910777535539 -0.371197668984313 0.650214716066758
-0.0138702519372888 -0.0141996260710839 0.0483790959252983 0.0929884067437401
-0.0202439592896089 0.0108320127133569 0.4343504994515 -0.609826907828394
-0.00626269040706696 -0.00132797826130515 -0.364137627456455 -0.966257851232926
-0.00160927169036865 -0.0352827546612561 -0.948308433236867 -0.0354288180278473
-0.0426143401711832 -0.0504057691318038 -0.280044073240544 0.690444959357329
-0.031550844539883 -0.00800606649863765 0.310296565138456 0.371612778417174
0.0155076207985358 -0.00339479288781639 0.221559506280249 -0.0410507452843623
0.0209885356765732 -0.0128657735820317 -0.0727751225642252 -0.217195060615607
-0.0012714782936408 0.010708576404567 0.0665984657114515 0.168309405879462
-0.00420365481823054 -0.00109146787809814 -0.169917496898205 0.035356063325881
-0.0129491690891648 -0.0277658598812958 -0.26531987718558 -0.391625838504083
-0.00343021194037048 -0.0567117877717591 0.288447291055279 -0.584559815518322
0.0448239804035867 -0.00813205129441025 0.875743396648249 0.0679297020542574
-0.0213760913488263 0.0394471234930858 0.381889107746284 0.959956217021299
-0.0367011121619368 -0.00165582370770979 -0.383715635918375 0.64480197675837
-0.0240904805989248 -0.00913683376382853 0.0472820121945022 0.0882375095051222
-0.0262863495462093 0.0184600913178121 0.422357396951084 -0.618040936684774
-0.00242035417176492 0.00191569551861806 -0.388633666307657 -0.956866824274077
0.00379613961168567 -0.0393896070547048 -0.953396204189876 -0.0150975861210032
-0.0370982896939482 -0.0513057669410418 -0.268626571053927 0.689385817041135
-0.0303241761097737 -0.00704618079214495 0.317026858381778 0.359514766266489
0.0139576089118117 -0.00195961366082452 0.224981855819958 -0.0481204030266468
0.0175721455539971 -0.0100484319213863 -0.0701565002074113 -0.220624724392163
-0.00445540032294038 0.0149674296570153 0.0697671887740729 0.167036992977509
-0.00567693021610945 0.00172014929682636 -0.167112828899312 0.0310971603905628
-0.0116212422564402 -0.0241679321090576 -0.259551399000083 -0.398015279461388
0.00165483892056378 -0.056804670184205 0.293320214316798 -0.584062447412174
0.0535613686537675 -0.00759059035934497 0.870811189523435 0.0746088810443534
-0.0172641920043624 0.0448894662636714 0.366173426533758 0.966485313901364
-0.0414441578024342 0.0063299147327245 -0.396634200331403 0.642668204980812
-0.0338258503998443 -0.00265957635189517 0.0422624318648851 0.0887205617131411
-0.0289919040696642 0.0258928333045262 0.412236730240594 -0.618741480475981
0.00334049183540387 0.0060607560767321 -0.403119099301617 -0.95104284526633
0.0129912891344852 -0.0404411446589273 -0.957962488856285 -0.00650166529228606
-0.0323610844194132 -0.0516111444642654 -0.262409002377222 0.688911909875883
-0.0300480725306558 -0.00288146601731373 0.321630176522913 0.352817467688961
0.0109316145002902 0.0018291549769583 0.228239683762469 -0.0528596758295831
0.0126352304222977 -0.00597497711062477 -0.0631676717313488 -0.222578401228618
-0.00554333824622811 0.0190228141280989 0.0717660044670151 0.165987864200823
-0.00596184235764132 0.00609482550656272 -0.164041235356769 0.0302483576777189
-0.00921232370250144 -0.0192595946841797 -0.256339554234248 -0.399333892602055
0.00836843169803766 -0.0545888079875663 0.292630595132711 -0.584400689685652
0.0617844046234098 -0.0078526642903381 0.867168607299015 0.0749464448802579
-0.0105075832290224 0.0496666907590457 0.362031005467385 0.964917205542966
-0.0450482772395999 0.0144486418263198 -0.40267430352955 0.644951371670475
-0.0403655773592317 0.00373809565066894 0.0333168110249813 0.0889970146912084
-0.0320532935307391 0.033462811669377 0.404395903884241 -0.618843180991599
0.0100661818819688 0.0106689080826504 -0.4075453794936 -0.950957160771512
0.0199167225176169 -0.0389899836548487 -0.959341855716781 -0.0103182752742114
-0.0267834775819536 -0.047634567298547 -0.262205651997677 0.684694098341382
-0.0291567188045975 0.0032097269719018 0.324702182519463 0.350365789312789
0.00762953035964569 0.00644779787759017 0.232309533212422 -0.0536258648077308
0.00858809246738786 -0.00241331962827394 -0.0598267637145542 -0.225138544909983
-0.007051041257847 0.0228450948197902 0.0731350135734441 0.165962392599065
-0.00571882053579996 0.0108220266115479 -0.1617213670158 0.0336294396464246
-0.00623022206724867 -0.0134792026580566 -0.25890399395869 -0.394114607557239
0.0130403792408573 -0.0499781276821211 0.286683856935843 -0.586595170190198
0.0692409689619279 -0.00765459875991715 0.863302830133973 0.0613650248497583
-0.00300843989377302 0.0535819828404999 0.37057915984048 0.96123739804025
-0.044036423261257 0.0203172173680476 -0.405670028245252 0.649886066651629
-0.0434358228900261 0.00865835974876339 0.0224388547515704 0.0944437525503916
-0.0309686683566456 0.0397226162759862 0.404863267208187 -0.611610600574872
0.0165717197788892 0.0140787132160666 -0.396493994953896 -0.959117503501529
0.0279892447519055 -0.0361010709776653 -0.962008078063641 -0.0269279790387879
-0.0216825594651784 -0.0421512426863365 -0.27078545755895 0.680906608678646
-0.0291011539448606 0.00881257031892867 0.323882346492009 0.356228320745421
0.00504933998265286 0.010504069687215 0.235883432945189 -0.0497683615031469
0.00625808477674543 0.0025395535724422 -0.055743558100499 -0.225106785669909
-0.00848631716691837 0.0272131740702519 0.0724338573865427 0.166522022742557
-0.00440219250409973 0.0152906720694246 -0.159323008334173 0.0405888544690235
-0.00439850597569833 -0.00702826568182624 -0.261262094178666 -0.384225704877799
0.0162416258253601 -0.0438872571077119 0.275387848636878 -0.590751857579063
0.0748277652820505 -0.00698536484252668 0.862926906121605 0.0394798190140122
0.0046411734863221 0.0550047898243338 0.387661001381363 0.94929006612549
-0.0407748082914469 0.0254712366105854 -0.400431781260462 0.657965991319385
-0.0432579893568772 0.0123443065925645 0.0111840334930752 0.102085590889175
-0.0290488152378128 0.0436162259038143 0.410742845780589 -0.5984302429755
0.0223105202221096 0.0174182392277002 -0.375958329289924 -0.968922170901583
0.0330563149921036 -0.0327454356917953 -0.962716677277995 -0.050999644081971
-0.0189115216323722 -0.0355868783692786 -0.283635094543167 0.67815319304979
-0.0282858964041502 0.0138155105324423 0.317933912569767 0.368348970836516
0.00522254433484136 0.0135877349452533 0.237279957813724 -0.0419016052463644
0.00390194173366559 0.00439884940816799 -0.0533959763040191 -0.224082407071168
-0.00711767496816222 0.0294132715686787 0.0719143225241399 0.168821327246617
-0.00275938114873743 0.0183528964928945 -0.159230299717808 0.0500660650161995
-0.00283688299671759 -0.000553065857319467 -0.268003063748811 -0.369799861914801
0.0170265303018496 -0.0373215418905172 0.259541562526828 -0.593688244761979
0.0774641842186058 -0.00609755395164605 0.863291698109696 0.0111564760878401
0.0110847129654071 0.054615035406118 0.413640285311856 0.93503160183384
-0.0339871936159209 0.0260598977811008 -0.390848401906027 0.668007712215056
-0.0392244551546671 0.0120053852305925 0.000114531094665596 0.109671638652098
-0.0245322917458606 0.0429706683365055 0.418670224186857 -0.584302201212516
0.0262988268672624 0.0188250806741309 -0.343498047847221 -0.982871568716901
0.0362486650649292 -0.0282408163622049 -0.964184067825124 -0.087260040671675
-0.0170703119733924 -0.0307997207887788 -0.304420008684825 0.673546715598819
-0.0281076953008446 0.0176888760506422 0.30938793420279 0.381861895872605
0.00567387763936531 0.0153609603159727 0.238351688520813 -0.0314738579229844
0.00411857021268185 0.00575655753012784 -0.0531607656657039 -0.222171811024241
0.00406313117792482 0.00678725927088114 0.0609453041843664 0.171767791925551
0.00134035933541345 -0.00448670577005034 -0.172654155605728 0.0559966488202952
-0.0129498922256365 -0.0259241098398446 -0.283591232935721 -0.359401971182493
-0.0135818915325717 -0.0485535004603858 0.255134249019826 -0.589765363080656
0.0339266715303043 -0.00785463813960855 0.877842407911855 0.00622470368304495
-0.0209269331753225 0.030277507046399 0.451943963017431 0.917577072990055
-0.0224257794347913 -0.0153546485849476 -0.342293829022619 0.660362338626053
-0.00277680280284248 -0.0197353581480851 0.0459242275948568 0.0971793015136621
-0.0125156236299795 0.00559430216720165 0.436028509678726 -0.603533405568804
-0.00717828060360169 -0.00434906950772187 -0.346094461653587 -0.967970426087825
-0.00554890796822942 -0.0325903301775066 -0.939732007072505 -0.0465715664192407
-0.0459922650007447 -0.0437850927876155 -0.27978392258993 0.691088240202854
-0.0336562711022037 -0.0069140139441068 0.306458682082496 0.377813187317814
0.0159687821060761 -0.00565123777705378 0.217868865635257 -0.0327932931774231
0.0229038984553415 -0.0157560367429678 -0.0791712312181865 -0.210500097941484
0.00176219985247804 0.00907796845003416 0.0648124474574795 0.17032129796645
-0.00134745043971859 -0.00348897497582527 -0.170665723014329 0.0460088371504741
-0.0133551884375996 -0.0272315399007245 -0.275662170691367 -0.374467577590956
-0.0100843825951857 -0.0532056639577796 0.26876603149667 -0.588903532996765
0.0375539717151131 -0.0080939745238349 0.872935729750188 0.0297412243158287
-0.0211004043629868 0.0344253440996551 0.418984381182251 0.933650232846632
-0.0297319111934622 -0.00967149677692325 -0.357883555796768 0.652434049094329
-0.0129877077237882 -0.0157810700397305 0.0487790851464873 0.0916982688382884
-0.0198312309790913 0.0114464633351803 0.42352408253536 -0.61118662359659
-0.00596874849733489 -0.00168524842944673 -0.377535040567991 -0.951231128711949
-0.003139474580719 -0.0355737630759314 -0.942492119032742 -0.0186098604486946
-0.0428661970525383 -0.0493290931610309 -0.265261129463937 0.689862086957674
-0.0320979438358301 -0.00783989230627322 0.314022737096567 0.363319946469632
0.0152760617961599 -0.00535149281877743 0.219420355409417 -0.0439790892973798
0.0191889154580845 -0.0134478310342944 -0.0758084284387895 -0.214167135062511
-0.000961161552050701 0.0108274715107255 0.0680458613264657 0.166612257434768
-0.00405235782194388 -0.00193081456924792 -0.167773919033604 0.0381278754766542
-0.0131459064448547 -0.0270965139084711 -0.270493968131925 -0.384164249942053
-0.00504267017994546 -0.0551333059283014 0.277110103630763 -0.586127392299179
0.044525993570391 -0.00877405987701115 0.869959954527116 0.0510116989321989
-0.0197866883723575 0.0387503912458004 0.398051872203954 0.943808937301599
-0.0361390275904065 -0.00166674545165987 -0.372110969462328 0.647324181228586
-0.0235595566046839 -0.00828511282160174 0.0486378543531511 0.0881098515986581
-0.0256057329444051 0.0188412199478048 0.407073791228539 -0.618099785426837
-0.00245570090810342 0.00193766243607188 -0.401663784129219 -0.943586346891591
0.00350543095249565 -0.0385342699153158 -0.946431673274416 0.00118438804836957
-0.0381506120572085 -0.0510536752339138 -0.255036633553422 0.68915798321501
-0.0299337588718939 -0.00603574747822085 0.320057354678896 0.351122495334477
0.0135052056193865 -0.0027691511234386 0.221807528627614 -0.0516472839010101
0.0156524519972896 -0.0104724378883553 -0.0718195225244821 -0.218147202775102
-0.00318847009209197 0.014971875447917 0.0712572734872301 0.164285425373951
-0.00574051934168486 0.00185221661854055 -0.16520733934555 0.0336093122571292
-0.0113157387863085 -0.0244365551154433 -0.26322313463868 -0.390852597324859
0.00119373540122474 -0.0555790280588018 0.281109940090662 -0.585565548725364
0.0527537964810343 -0.00836330876784134 0.864123397318062 0.0582301533861663
-0.016419552205656 0.0442054558392105 0.38060979734512 0.951006359817563
-0.0413686887114647 0.00619731981422455 -0.382922576239224 0.644831516140492
-0.0335180922409931 -0.00202334009914162 0.0431968007249337 0.0872975663281939
-0.0288579921681851 0.0274103022092187 0.398383991324797 -0.620731449134823
0.00295343123347852 0.00571270904312459 -0.416571316901252 -0.936851588377939
0.0112091473771411 -0.0397300557577254 -0.949160495211514 0.0111124441127641
-0.0323897358724053 -0.0499212182790906 -0.247902307814308 0.689027274728781
-0.0292065267190152 -0.00285937029535988 0.325218565153906 0.343597310123045
0.00936395395941444 0.000484047495828147 0.226678234986027 -0.0561073987616687
0.0120135267090504 -0.00708229345995944 -0.0666281853939176 -0.22103460899244
-0.00511338202415708 0.0194865567486277 0.0732084805665658 0.163459258913596
-0.00662913193558326 0.00582553309637106 -0.161755478163456 0.0331734662677667
-0.00923828706355014 -0.0199676338709487 -0.26144582227095 -0.392954007401835
0.00791019719836386 -0.0535327647895721 0.280214294358942 -0.586914306350012
0.0609513094374975 -0.00784385127980556 0.861236952253338 0.0596089963318215
-0.00946054839293436 0.0494222381369666 0.376428643775526 0.951158228488116
-0.0443486903049781 0.0147423522778091 -0.389388257222097 0.645344356393835
-0.0394573003578692 0.00439778796032467 0.0346686905233166 0.0891605825110927
-0.0308585504573065 0.0343206358805018 0.390850929200496 -0.618606254109447
0.0095848127136213 0.009704147559979 -0.419575191171225 -0.938021484382469
0.01898783095744 -0.0394665830054283 -0.953956709459932 0.00779947024918893
-0.0282648579591308 -0.0464464788330627 -0.247250339513515 0.684171128488037
-0.0289328721809042 0.00342748572164605 0.327653105643254 0.341964732057154
0.00722418776809275 0.00567208418199619 0.230120539620384 -0.0570131271679527
0.00790592212587365 -0.00283141517773068 -0.062728902472816 -0.221724533057949
-0.00692512595316681 0.0236621032844811 0.0746909184199334 0.163588178242925
-0.00518213367418073 0.0105319385236057 -0.158676552034124 0.0361066927231665
-0.00638817029381162 -0.0136433861136766 -0.263160308008942 -0.38664137541223
0.0126336808607026 -0.0493507383193183 0.271706663439283 -0.587613797631715
0.0688862720778771 -0.00851407559518864 0.856313254290239 0.0462116915345795
-0.00205682652378989 0.052415252982583 0.385194379013279 0.944723365091342
-0.0436351962355435 0.0215346259267047 -0.392447922985274 0.65208966244161
-0.0429629540129133 0.00921993368658482 0.023396268204347 0.0944786092947375
-0.0301345015824776 0.0405739029740491 0.390594666272991 -0.611083548941696
0.0166463080735829 0.0141136898226854 -0.409156202553109 -0.943781898994983
0.0271176374942594 -0.0367442896420297 -0.955103605980361 -0.0117238021943416
-0.0224824021133755 -0.0417117362691785 -0.257117702545155 0.681313887961279
-0.0279695241963932 0.00909673182583506 0.326587906171702 0.349332000726924
0.005623797792089 0.00919096716516999 0.233472016506088 -0.0528241937810219
0.00501234446011486 0.00154763382634191 -0.0591137142010159 -0.221977126562938
-0.00696814012728033 0.0267993024887224 0.0743913232216571 0.164406338175415
-0.00444650526874966 0.0145050296501321 -0.156828662378578 0.0431471311708961
-0.0043792096762768 -0.0069270211694358 -0.266611307788503 -0.37732154751882
0.0155414199428735 -0.0435388600456795 0.260189450932998 -0.59094865910476
0.0744770734467714 -0.0080084657791673 0.856149624520128 0.0230720565520191
0.00562953012829729 0.054009311849927 0.400495275659039 0.93475036234717
-0.0397010141672456 0.0252359532511428 -0.389223555214704 0.660063559873391
-0.043311034732364 0.0129043634670005 0.0134042755812129 0.101044199351764
-0.0279737818605834 0.0441448425131956 0.397615880882754 -0.599532115110574
0.0224356117560316 0.0173837011534971 -0.388577493143796 -0.954285608246636
0.0323120336159278 -0.0320265084495413 -0.956347162888014 -0.0348883287540244
-0.019138261418048 -0.0352005073326465 -0.269773469321847 0.677067665872274
-0.0274020940032704 0.0141058446363755 0.322354875520416 0.358330727605742
0.00396329569802407 0.0128074437849386 0.235091177588254 -0.0453201377601732
0.00292616517651485 0.00386420167961639 -0.0568606082369336 -0.221269064003285
-0.0066228296412389 0.0291213386893696 0.0726269137606431 0.165780536780465
-0.00251987325877741 0.0170613729936439 -0.156428357757966 0.0526083902527261
-0.00281801833818548 -0.000990032212470678 -0.27313124310829 -0.363284935529036
0.0159075294215297 -0.0370054597900168 0.247360288773545 -0.59453031014195
0.0772482728357038 -0.00758483096048062 0.857576850424306 -0.00373922967052846
0.0124117350473219 0.0542728279296181 0.426868653403099 0.919596154786136
-0.0331833686092988 0.0256390971234238 -0.37721999236012 0.668645914134548
-0.0381205407137069 0.0128717856244293 0.00309001765198578 0.109374904971687
-0.0236669398069296 0.0433405218596609 0.40733999323898 -0.585843241415125
0.0258207044989993 0.0185923486741306 -0.356629105526035 -0.970048318150004
0.0347371469322942 -0.0287910972516792 -0.956588659167553 -0.0689333441849529
-0.0171154050241939 -0.0302372974200083 -0.290923670820853 0.673205196572988
-0.027698895464053 0.0175305410839196 0.315049142213975 0.375382585707138
0.00494048434539491 0.0140644426824328 0.236314606237387 -0.0350835646660035
0.00351086405115723 0.00595807603187773 -0.0561107090247338 -0.218829207708003
0.00444083881487148 0.00777753510057159 0.0627389055786581 0.169755200001178
0.0010356353822907 -0.00512728060698913 -0.170196789514114 0.0573950490220009
-0.0125237314138286 -0.0253516714998514 -0.288367947801895 -0.353395367525806
-0.0137685587670008 -0.0481665805792327 0.241373644178437 -0.587641143131944
0.0337015334535562 -0.00840817530709989 0.869432017475353 -0.00738064597942957
-0.0195726869891862 0.0304977948790209 0.459171164994106 0.903436359905495
-0.0221659767740406 -0.0148041607287072 -0.329074014035581 0.659436572616541
-0.00335185931711772 -0.0195990459032885 0.0470057489505324 0.0955880729339111
-0.0127594947859814 0.00620675517103848 0.425040210882297 -0.603542720440056
-0.00679404035107623 -0.00411379929980146 -0.358224038816041 -0.953599541194552
-0.00660107115954629 -0.0320614582495759 -0.932354988846283 -0.0316624503734924
-0.0464040049726788 -0.0425072620617046 -0.266114347855479 0.689978014919336
-0.0319541373285065 -0.00681090091605931 0.309459147169661 0.371118764830066
0.0160644103152609 -0.00682623255816006 0.215407268288143 -0.0360235336758415
0.0216629087807187 -0.0147863387846321 -0.0810355055393262 -0.207904768474151
0.0020538867602264 0.0081432292006308 0.0649776691583698 0.166664481122215
-0.00170817776049111 -0.00472477273692496 -0.167311308339724 0.0482387219310376
-0.0132739596358165 -0.0277109721427143 -0.279234505268696 -0.367110826298768
-0.01063928033844 -0.052080606539538 0.256398008727345 -0.587592785278105
0.0378831862514125 -0.00886764080921986 0.864535431711145 0.0192539042377502
-0.020138594533284 0.0341790668426061 0.432257094080539 0.918369354823732
-0.0289101703354997 -0.00920578828923233 -0.344880612731417 0.651143595239011
-0.0132050301989926 -0.0154489381470849 0.0498975023026819 0.0899159241541267
-0.0197491452130394 0.0131042277054269 0.411063679203482 -0.610973691397195
-0.00655549691929209 -0.00134451576247189 -0.386923769417483 -0.939338957231664
-0.00274503773411492 -0.0351565198418154 -0.932871038129919 -0.00514063871092809
-0.0431057611789346 -0.046905580991282 -0.251943292771351 0.688103308148898
-0.0310972055955541 -0.00807646784513676 0.317077225678422 0.354933163057873
0.0142754441208902 -0.00623449931452979 0.217613100254765 -0.0460957226813905
0.0180084160643529 -0.0137947707027982 -0.0771187044805755 -0.210468249548555
-0.000404006565134346 0.0111325540113622 0.0693912602901503 0.164403496167625
-0.00378769733955981 -0.00202703196945899 -0.165309192442166 0.04044748802392
-0.0135765892147655 -0.0273532304779619 -0.272684003414531 -0.376336976728445
-0.00509329394925108 -0.0540042477028328 0.265108329728818 -0.585220434364746
0.0442031636874776 -0.00874649288211269 0.861742045567379 0.0372338597231926
-0.0190966072098819 0.0395684966950601 0.409940799281927 0.929140110905634
-0.0360121984073258 -0.0014295807550971 -0.357700629411553 0.645665933732054
-0.0235582666629264 -0.00870342032927605 0.0484713298515416 0.0867425502310501
-0.0251717246620714 0.020267930723975 0.396084608953251 -0.618324611308299
-0.00232638668768165 0.00232940616410481 -0.4124669672645 -0.929397201075512
0.00220301288846184 -0.0388961672496816 -0.938223031330798 0.0151344810217942
-0.0384313182360408 -0.0497314488405997 -0.241703593552008 0.687668665622709
-0.0301048648945691 -0.00592471970697722 0.322269478287119 0.343086521448222
0.0123655480960677 -0.00414252464153694 0.220014325177311 -0.0537583113119217
0.0150764612538619 -0.0104760235737012 -0.0751750322407572 -0.214325313937717
-0.0031855975698743 0.0152798940578003 0.0714880157399189 0.162219514508606
-0.00522022247896022 0.000849589923091505 -0.162841966329548 0.0352640871570746
-0.0113621198488554 -0.0242029828040019 -0.267259216380792 -0.383293913063144
0.000255943073071196 -0.0550618096513805 0.269377133620645 -0.584563953273819
0.0522219174426481 -0.00926331215390123 0.855638805250166 0.0469519156997576
-0.0150451400498601 0.0446982539667204 0.393051207864654 0.934699428649236
-0.0409365059577415 0.00666127923262935 -0.370803923114541 0.643361856854655
-0.0328450270893517 -0.00175020029748494 0.0441887668180012 0.0860962899364726
-0.0286098643562624 0.0278379101957678 0.387646393424477 -0.62118930081751
0.00249413420907544 0.00629533612026603 -0.425944241488421 -0.923298161789298
0.00982654755080403 -0.0394830937863043 -0.941403134086903 0.027003918226053
-0.0329870010817669 -0.0489054787771764 -0.235300617218108 0.685262693359891
-0.0288991838269739 -0.00223507483678029 0.32661145523682 0.337837073137947
0.00988403321033184 -9.08790952757893E-05 0.223967355278427 -0.0588506518724965
0.0107878678212718 -0.00753828530703889 -0.0691330326882044 -0.217087795599223
-0.00475915467545163 0.0191963499385869 0.0743598603300576 0.160911177671478
-0.00661335437091749 0.00540481042446161 -0.158508640484443 0.0350347662775946
-0.0090585807616834 -0.0197256169595819 -0.265722771135171 -0.384575630776026
0.00695701989129017 -0.0529180503250775 0.267742297654192 -0.585310546258952
0.0605929379863574 -0.00940492687209893 0.853444393500891 0.0459523345543059
-0.00881771653063294 0.0483787318130507 0.387425304948271 0.935424512445737
-0.0437811101097461 0.0144439434457313 -0.376845423295059 0.645727901844651
-0.0390437707230472 0.00410769740387259 0.0349129626040778 0.0879592097449254
-0.0301714525038211 0.0352741075371587 0.380874716631387 -0.618516586220119
0.00944162480166587 0.00979819825782023 -0.429722539847674 -0.923389892093324
0.0178663356376767 -0.0385210240903458 -0.942775630499407 0.0209286147086773
-0.027334098482875 -0.0457245255337811 -0.235173727593882 0.683607114489639
-0.0284866799278844 0.00313020362353705 0.329047395374747 0.334681779400473
0.00694374112327973 0.00405051036139412 0.22771893088977 -0.0599319725490717
0.00706590046140371 -0.00249800822872312 -0.0651960015268101 -0.218786628486148
-0.00609859603727725 0.0237007141308575 0.0763983545124207 0.160457052819411
-0.00533021846502705 0.00865845359189478 -0.156594984354299 0.0375842956624943
-0.00677496253701028 -0.0142388028225369 -0.265582899317788 -0.379159007945563
0.0116849915779257 -0.0495385772692248 0.260952795246916 -0.586376840640941
0.0686057582725383 -0.00988702331203786 0.85129674794562 0.0318318623579096
-0.0012214398172063 0.0515946555106002 0.396461922790124 0.929677838076386
-0.043188856071128 0.0208633522006255 -0.37835711762224 0.650900851207744
-0.042482759596904 0.00912526274027646 0.0246862724693791 0.0935275743977279
-0.0289258430089687 0.0410674898112246 0.379428939636433 -0.612692688759225
0.016608581094822 0.0138732809557251 -0.418151552350434 -0.929878930079104
0.025611382404804 -0.0367324962941431 -0.94696624769019 0.00343748863331693
-0.0231360667668456 -0.0405569249380106 -0.246042642543392 0.680445845497513
-0.0284348602963905 0.00899016784126997 0.328088738964578 0.341203023535449
0.00509316422136433 0.00758332990607601 0.230483228578134 -0.0564512784243844
0.0043434535106104 0.00158499858562549 -0.0621196617647898 -0.21970660401172
-0.00665716918663985 0.0271884910579338 0.0748282304180477 0.162318420640252
-0.00458566986534362 0.0136246538363376 -0.155222849553316 0.0446930368303235
-0.00375652246631576 -0.00771202327761212 -0.270523335991814 -0.369207631520812
0.0143159034958957 -0.0436577905354629 0.248451779359319 -0.589429268470966
0.0741724343045587 -0.009738419028892 0.847044545788974 0.0102323299736013
0.00603122464732326 0.0538283582016584 0.413093314678823 0.91973361355235
-0.038450623677359 0.0259613387539 -0.374954280544023 0.659652814646802
-0.0422110997183538 0.0124717399247832 0.0133746820244222 0.100095741301509
-0.026722016229344 0.0444733224025864 0.385368388764185 -0.599889547113962
0.0226903865774142 0.0167833762209341 -0.396573113153323 -0.9416417157765
0.03096725529319 -0.0327733609943022 -0.949092724568603 -0.0197506732810792
-0.0191124605714888 -0.0351079211091866 -0.257574296364147 0.675932205378364
-0.0270510778715193 0.0144758927324345 0.32477962476159 0.351711105930185
0.00377340932076975 0.011359197342896 0.233326430629691 -0.0481909773067445
0.00232649541954745 0.00394675167788064 -0.0594997373084776 -0.218593955056273
-0.00603038195104986 0.0284675184243457 0.0743075978232529 0.164492827249872
-0.00252133609013111 0.0170084129967754 -0.154289440398129 0.0546699877813524
-0.00320138503208034 -0.00166284996530629 -0.275847827431339 -0.355402653741913
0.0156338701215434 -0.0371742099373349 0.235620006125365 -0.592688701582379
0.0761056829145529 -0.00918564095313338 0.845752587325977 -0.0163883451702711
0.0124221823400678 0.0526029457389314 0.43724589522559 0.905903210430392
-0.0327046721326585 0.026162105500073 -0.36362803793495 0.669253266763067
-0.036714261990069 0.012983656950765 0.00363368382369493 0.107748617294845
-0.0234611279944024 0.0444068685004695 0.395111514331801 -0.586992215506274
0.0262222262551428 0.0180674683666794 -0.366656572938974 -0.956504382640945
0.0342974520472563 -0.0285036520957195 -0.950642583628451 -0.056179054267183
-0.0169523561011357 -0.0290676764591989 -0.276097747891379 0.671542295485922
-0.0271249171500124 0.0182951499264634 0.316487829431971 0.366090831968482
0.00411670883380935 0.0133495583393258 0.234069525409423 -0.0377237256842568
0.00338258746309403 0.00606229785415574 -0.0583511909600149 -0.216818778734399
0.00499670590931393 0.00726537436743833 0.0623492249007601 0.167262239095283
0.00163196133787887 -0.00521762298703963 -0.166279508078935 0.0592161608750825
-0.012467417781331 -0.0256233694246557 -0.28945694014236 -0.346677372590977
-0.0134406986905071 -0.0473336375139259 0.231570431238023 -0.583738202220395
0.0337021793650803 -0.00871189179561286 0.857791698838943 -0.0179658610068588
-0.0191537306397223 0.0297381785407891 0.466622186816748 0.888242652971334
-0.0221847290049845 -0.014717731873544 -0.317670901701333 0.655513931559453
-0.00331092078997594 -0.0199882507579162 0.0469343020590667 0.094823492522858
-0.0124799215527882 0.00657525281120493 0.411802418986079 -0.599683321255261
-0.00700113389867583 -0.00364183064252806 -0.364584151227554 -0.940356803327559
-0.00794955818433902 -0.0308789350080794 -0.925765793576034 -0.0194192409814212
-0.0458507156958092 -0.0418265895739453 -0.256410635596198 0.684464354707547
-0.0317688346508847 -0.0062744403266665 0.310497700190068 0.363737184025829
0.0150235786791578 -0.00767020761933041 0.213252189278201 -0.0378012167797169
0.0202579008072856 -0.0155145359984972 -0.0821283516385504 -0.204262639357118
0.00200226238288976 0.00902898665950143 0.0657741204087309 0.164073710018535
-0.000878841464205408 -0.00602198408570864 -0.166020040438968 0.0491910212588206
-0.0133532199944988 -0.0278703406837273 -0.279681446586977 -0.359406766480032
-0.0104026369878155 -0.0516314794906118 0.243851626108244 -0.582767401257901
0.0380521617914752 -0.00984629459488158 0.856311833919623 0.00597373667460437
-0.0198764451977835 0.0337844341781636 0.438949412622184 0.90275105565938
-0.0287024221576669 -0.00907131921740674 -0.332660803868821 0.647490927098829
-0.0132859399946834 -0.0149648897408753 0.0501730740068169 0.0883104106029887
-0.0193590850344389 0.0129278201014051 0.399951682909178 -0.609524222903712
-0.00649421483689529 -0.000761633778625009 -0.395131598792031 -0.924798556423154
-0.00435624805768722 -0.03572722062744 -0.92488729927282 0.00670937526872818
-0.0425273964332702 -0.0458032635629724 -0.240360982699647 0.685252214071211
-0.0311284798438087 -0.00712938592065121 0.317076178122469 0.348417493995344
0.0137328392728558 -0.00739610551786657 0.215493743862204 -0.0488687769712914
0.01715180075775 -0.0135870567911999 -0.0786513931447267 -0.208041649912121
-0.000195792998098201 0.0109886019897049 0.0699451406250684 0.161564853700764
-0.00431634790799502 -0.00319984057925039 -0.163242595384345 0.041134862885805
-0.013031473831852 -0.0266154849936911 -0.275854817402341 -0.369273252342252
-0.00606353347281968 -0.0539217531457315 0.252971507192531 -0.582575601096639
0.0434020700112557 -0.00981093837569285 0.852708593020983 0.0252645495560073
-0.0181119717559527 0.0386217096054612 0.414925713015061 0.913844482288942
-0.0349098853907334 -0.00159998883978191 -0.347072377384459 0.64365550616253
-0.022869276654402 -0.00880852905659804 0.0489427100207809 0.0858264558497053
-0.0237832527335118 0.0202947418679304 0.385818802435313 -0.617120541565686
-0.00285751009907026 0.00155965142511423 -0.419761808181613 -0.913798908393723
0.00121728448027544 -0.038274825124831 -0.928557162149898 0.0248490947667748
-0.0394724128256085 -0.0486146450262809 -0.229512717581392 0.686421145136027
-0.030282380246878 -0.00596282709597869 0.323808129556066 0.337616228870688
0.0116060708194733 -0.0049660708802788 0.217335226892283 -0.0561910721175173
0.0141288456455739 -0.0113556936845352 -0.076297215987276 -0.210898319048267
-0.00230528323430354 0.0150339362151293 0.0718843826996583 0.159593676536101
-0.00589988049624073 0.000354750625278618 -0.160141437262336 0.0371445452987219
-0.0115514717605834 -0.023822181437329 -0.269398251966669 -0.375584611669395
-0.00025348011997494 -0.0539975825164748 0.258446913579938 -0.582394795349026
0.051996850154865 -0.0100348468184377 0.848035817237926 0.0344303640819919
-0.0146826233770936 0.043808077353825 0.39982074001356 0.920806140195578
-0.0408756569665402 0.00764182422495755 -0.358822719698337 0.640830326528751
-0.0311105779988105 -0.00240133508669112 0.0432979726603104 0.0851208507910434
-0.0278654797131764 0.0275826732263517 0.374744044006983 -0.618459248185029
0.00269604283249715 0.00610773012531033 -0.430020833453396 -0.909690835268237
0.00919352774287368 -0.0398430373398306 -0.931417374312005 0.0341360872260975
-0.0331553947505348 -0.0476686492983857 -0.223312994023954 0.68363955616135
-0.0290277924042031 -0.00163400946254588 0.327049473216895 0.328761916095508
0.008906504294602 -0.000943400005401881 0.221325173621815 -0.0611674035562726
0.00871018125014484 -0.00712584476814221 -0.070687958490592 -0.214071578699958
-0.00458302696562369 0.0194408847153582 0.0742900598045453 0.158094181193271
-0.0056909412446342 0.00456259217616989 -0.156556737811826 0.0365175454660504
-0.00887298836040274 -0.0197793597079426 -0.266997530382284 -0.377694542373446
0.00673439136294325 -0.0517473270754731 0.25647694617313 -0.582866884257524
0.0598289429785476 -0.0100651578721277 0.84546459893101 0.0352355941899685
-0.0079963862566511 0.0477166419476778 0.397141617356473 0.92278791847278
-0.042566785921043 0.0150037274446805 -0.364404747866626 0.644093268477413
-0.0389465571444 0.0047156744395833 0.0352460556009277 0.0868393235083997
-0.0291221022889302 0.0367711726924025 0.368877617508068 -0.616033074485994
0.00927723450817371 0.00985316605536914 -0.437837931530081 -0.908709672225061
0.0173525754563479 -0.0397447146485713 -0.935219684021543 0.0309799965217058
-0.0276208141856687 -0.0440044358718871 -0.225111893827568 0.677200773126736
-0.0279405377933584 0.00357928555328249 0.329517486543569 0.326829137161014
0.00582093200481315 0.00224613055738892 0.225226003372416 -0.0613635777445188
0.00617683064392225 -0.00341853914910643 -0.0669928827078831 -0.216285234379777
-0.00515294316106268 0.0231201752005263 0.0758260776960246 0.158521894384701
-0.00559164846717655 0.00900984307278668 -0.15390548998308 0.0395698925248506
-0.0058111425423234 -0.0140578972456972 -0.267492168823058 -0.370742574887836
0.0106911037352496 -0.0481130596513235 0.249588844495735 -0.584006909246408
0.0671406873289713 -0.0110453774800224 0.842592614765314 0.019453308728381
-0.000551879798930656 0.0509620157919923 0.404589517466892 0.916015536077894
-0.0419370513044843 0.021662904664694 -0.366691927363928 0.649196924863921
-0.0412370552293917 0.00890193155989853 0.0254890551527923 0.092177834548522
-0.0280576282286389 0.0412414519058049 0.369300037703315 -0.60946211066298
0.0164618767926068 0.013705718519511 -0.424988283024207 -0.914397611977131
0.0249094037880954 -0.0370118845424473 -0.939521398042158 0.0150414416110399
-0.0227101393581759 -0.0400730343607446 -0.232309310801224 0.677237134569313
-0.0275333663480831 0.00913358614323953 0.329825906325259 0.333273471688149
0.00349140973022252 0.00686112544877833 0.228293261074725 -0.0583668267745924
0.0035913590957186 0.00142184945705999 -0.0635361386748993 -0.216059106649591
-0.00573001212717898 0.0266357245058688 0.0756021630340518 0.159620256039066
-0.00388080733995757 0.0130801027160338 -0.152660087918541 0.046537368553826
-0.00443122750519953 -0.00772914430502047 -0.270645727977324 -0.362945186689546
0.0144809290336467 -0.0426448922849322 0.237001956534414 -0.586674867681477
0.0730775309515981 -0.0111833831449385 0.839876692158519 0.00091964406305246
0.00729879275605646 0.0526925901089746 0.421235816973392 0.902347343212705
-0.0375646624840375 0.0260125774229423 -0.362114237694532 0.65850325851321
-0.04095780854109 0.0127663368185488 0.0147930988282227 0.0991621269517789
-0.0262742061903227 0.0450998091492906 0.375738926248934 -0.598688422183752
0.0216803221511267 0.015796143141811 -0.405854536966997 -0.928004314199262
0.0298914521869271 -0.0328617106519608 -0.938719001543439 -0.0087886704485042
-0.0187716298664277 -0.0333819475180176 -0.245124219208196 0.673014462112494
-0.0269903777321901 0.0137016344055243 0.326080511383515 0.343802918470975
0.00311758901982037 0.00971632044700622 0.23040423077277 -0.0508153528320272
0.00217374325894074 0.00451081819713013 -0.0605286674368131 -0.215236739948256
-0.00495011702094725 0.028900399493108 0.075026204154496 0.162200334684079
-0.00255078815933735 0.0158363711751755 -0.151936507878424 0.0557924155443761
-0.00294007899579561 -0.00155343122098409 -0.276635178484613 -0.34914672876891
0.0153609714334985 -0.0359832089653184 0.223511946195832 -0.589704402767792
0.0756261018655458 -0.00971386771755596 0.838300801524963 -0.0268021429279044
0.0136182715279197 0.0519506412106665 0.445218986724119 0.889197565358302
-0.0315074659913928 0.0260895574345267 -0.351382564069326 0.666121705944325
-0.0357794471181911 0.013149174269081 0.00427945946791939 0.107179393001623
-0.0211800861619028 0.0438410141695214 0.384127729985424 -0.584554354867912
0.025637795066437 0.017312673346204 -0.375123142753491 -0.941757482518144
0.0329038025891688 -0.0286593632466717 -0.941327466020392 -0.0423635491290105
-0.0172738735071638 -0.0288322106339452 -0.265075164013437 0.669927375755145
-0.026830804866057 0.0173257667738296 0.318938726133615 0.360721491219446
0.00381698322413827 0.0125403703295022 0.231778494936463 -0.0401309658363136
0.00177512828910258 0.00478231000382073 -0.0606177872060435 -0.212997489932736
0.00522379743746588 0.00762715857708335 0.0629913885295311 0.165003698755088
0.00162774597259357 -0.00611458449886381 -0.163974051898304 0.0606376869207009
-0.0119416657605088 -0.0257657255240588 -0.290474034338039 -0.338385674327628
-0.013943573986382 -0.0462965227470431 0.220504581690485 -0.5804526160952
0.033223689825512 -0.00924940602395204 0.847844757361031 -0.0273433117614508
-0.0185457863093119 0.0294852450196837 0.470553336344481 0.871377899635491
-0.0209283917593566 -0.0145436090036538 -0.308103345836905 0.652965646930466
-0.0037218504240314 -0.0201185333758769 0.0477221339948116 0.093569024171926
-0.0119886220239408 0.00701342627607339 0.40186581829833 -0.59763140848457
-0.00733359115516265 -0.00342993573260319 -0.370355799565412 -0.92708700637984
-0.00814808788222512 -0.0307220677911809 -0.91490009981885 -0.0115449022391665
-0.0455811785663656 -0.0404192675365946 -0.245916345834545 0.681465184426386
-0.0318326621410691 -0.00647250977217982 0.310749626678887 0.356976230540675
0.0146631714876238 -0.00869671223209774 0.210648215975296 -0.0396053971266835
0.0190038246877505 -0.0152385201348386 -0.0824468548141004 -0.200721796651011
0.00263735168542604 0.0089376797951372 0.0663354379100802 0.161991546114857
-0.001669615720011 -0.00518844287539322 -0.161971151900839 0.0505850901730075
-0.0131917784770791 -0.0276575457348245 -0.281075018849813 -0.353350909230366
-0.0107181991901367 -0.050894017829061 0.236559459919755 -0.581024485325432
0.0374594370303923 -0.00960085596871973 0.845138014444236 0.000138764937884947
-0.0196228227230132 0.033176660143604 0.442674193663155 0.888275445325465
-0.0289405492922363 -0.00892492668017193 -0.323415356844325 0.643344685654743
-0.0126016791950848 -0.0157720588046868 0.0504843798850708 0.087759546091875
-0.0186167003686451 0.0131566011208836 0.388308292541034 -0.607399575786994
-0.00696059569965784 -0.00104573690139625 -0.400083384077383 -0.91213483367025
-0.00494412058795523 -0.0346554445244879 -0.913763548174182 0.0166019879937653
-0.0430880842348742 -0.0451995506776487 -0.229484168298119 0.680640541104315
-0.0302696075435915 -0.00757066782427628 0.316720147142409 0.342305398585991
0.0129546132542909 -0.00804014648350594 0.212688379656533 -0.0497941762126488
0.0160859297881869 -0.0136988274050581 -0.0796258663218514 -0.205061830596332
0.000737470358733291 0.0113364963792547 0.0691045795980978 0.159190544682221
-0.00384565488624096 -0.00337162674742275 -0.160406087952946 0.043577375030036
-0.0132240091090558 -0.0270438519986183 -0.275616456057976 -0.363551345249279
-0.00581771495687001 -0.052375358631461 0.243778469560134 -0.579694847862329
0.0435992756864626 -0.0105788013449306 0.843651423573948 0.016459245542451
-0.0177512478435972 0.0382329150211098 0.420155052462749 0.899829160931981
-0.0348810136170472 -0.00109398531503198 -0.337553277773361 0.640216789780728
-0.0228060476996756 -0.00901392413937226 0.0488810045984852 0.0844824905168686
-0.0238457971244426 0.0211376840171077 0.375257462686151 -0.613309641585172
-0.00373955437817539 0.00242952406772083 -0.422666464272853 -0.902213923761384
0.000600082021387232 -0.037579082984007 -0.918138752789152 0.0332210497302118
-0.0384929554194676 -0.0472693385377905 -0.218775997657451 0.680090321751417
-0.029078215704923 -0.00609758266499848 0.322479514576146 0.330214327781635
0.0104387966808365 -0.00604627411318487 0.215032671902246 -0.0574067795816815
0.0127562482175412 -0.011500711700978 -0.0770340134397396 -0.208108552575618
-0.00138167178376346 0.0151823216355617 0.072360874799725 0.157329298563334
-0.00544642497399974 -0.000171531335635117 -0.15759566879538 0.0386201994971268
-0.0115153633494142 -0.0239697486710941 -0.269829553048119 -0.369852805708125
2.2275379557804E-05 -0.0532704895392228 0.247073512277581 -0.57733109568453
0.0509891634194502 -0.0111876505699507 0.838340076186289 0.0248819211310809
-0.0140992402666744 0.043202621073851 0.40657771592509 0.906116223754838
-0.0392177333516954 0.00654078969490284 -0.348626954763655 0.638410918991402
-0.0311743550599681 -0.00269424815946839 0.044564766700759 0.0839752432081709
-0.0272542706055699 0.0282441697623265 0.366710313048411 -0.61626823863876
0.00276966628510955 0.00550085679682925 -0.436547739682715 -0.894546028562618
0.00862732280129083 -0.0391942582496437 -0.919924013282453 0.043011527449943
-0.0335889205419529 -0.0469753173847389 -0.213014453249366 0.678171208850211
-0.0289286018197378 -0.00170176632327314 0.327633164113127 0.322346602243896
0.00796868419217257 -0.00201706689486993 0.218742089239575 -0.062526195202547
0.00861774048105956 -0.00764427758167971 -0.071375045767821 -0.211330602649779
-0.00378218973081953 0.0195041168947294 0.0745418091065085 0.156049658752257
-0.00605810476589247 0.00421967238324261 -0.154254688458998 0.0374614900205983
-0.00878315338889366 -0.0203409793602156 -0.268111709262412 -0.37049370603478
0.00555707763161767 -0.0512131782571016 0.246904646696578 -0.579192714502421
0.0598596624419503 -0.0110315611752495 0.835955701575222 0.0255691526154611
-0.00735107252243384 0.047188427273601 0.402487811261876 0.906109664151753
-0.0415919868731914 0.015038402391222 -0.355020811675678 0.639197572653484
-0.0376438677768412 0.00462125206484035 0.0366230948963115 0.0862570588148766
-0.0284529973427817 0.0366078044056101 0.361157475204483 -0.613093724846945
0.00902899665422945 0.00986327714690918 -0.440055660565969 -0.895998183867663
0.016819072465623 -0.039247161782298 -0.923073581013108 0.0392719936375119
-0.0280883306830288 -0.0441180143534359 -0.215279973836086 0.673967949258869
-0.0274458233633062 0.00349866500056596 0.330153275613302 0.320821753229906
0.00526603838255425 0.00208588633542038 0.222240079593741 -0.0625772884025768
0.00535994868443134 -0.00316747916608985 -0.0681489960933582 -0.212713101926794
-0.00469702424884428 0.0232834263764604 0.0751961103661745 0.155503722757469
-0.00527660191995102 0.00760317312559301 -0.151769650610467 0.0400264255488977
-0.00675638074934006 -0.0142371888849714 -0.269724456498556 -0.364968325523071
0.0108216008460373 -0.0475981393320596 0.239356181023049 -0.580065996823773
0.0675515591852568 -0.0115804382376107 0.832710199181787 0.012808204159502
-0.00101903867798357 0.0500280989726123 0.409794376516005 0.900282446640576
-0.0408313339002997 0.0218093010001568 -0.356379175571257 0.645134968923997
-0.0404271397199068 0.00960241249897868 0.0260133946496258 0.0914568827615763
-0.0274908433670178 0.0415462056152424 0.359868573345741 -0.606461239223468
0.0157133879290139 0.0133900746495783 -0.429781670933996 -0.900822333746464
0.0243421744765535 -0.0367415787381541 -0.928404515906108 0.0241395209347465
-0.0230478098438985 -0.0388830977737075 -0.222327584212188 0.673559771288389
-0.0266215768517282 0.00885804458725734 0.329445353881945 0.327051526071202
0.00319256127834814 0.00642947004788994 0.225465960470211 -0.0594242603162336
0.00248800100071467 0.000800633510095163 -0.0645951445355261 -0.2122853142424
-0.00511117724825265 0.0262124508408144 0.0757492821156609 0.157307416912997
-0.00434924957248352 0.0115285932619925 -0.149892882628073 0.0467376199729389
-0.00325712589616094 -0.00824977716524397 -0.271315248929555 -0.355114763451678
0.0145181250995782 -0.0428308024802598 0.226859333758999 -0.582884059023361
0.0721856175814109 -0.0110717961699795 0.828420779644789 -0.00757585182915134
0.00784004042235165 0.0519529920016789 0.424677732002633 0.890241369280212
-0.0367817120782374 0.0254063423591966 -0.351764738199643 0.653193119163506
-0.0401600085890822 0.0126267398831573 0.0151438546095049 0.0984825614128124
-0.0245128769509972 0.0455515597953043 0.365814434872921 -0.595129841475753
0.0220049001649213 0.0160758337092388 -0.408027417916836 -0.913917345303356
0.0294320693786013 -0.0328103846494903 -0.929269552906142 0.00110973001505874
-0.0193513146570071 -0.0329034404714281 -0.235930358417034 0.670559772048343
-0.0260419135831044 0.0145335928332754 0.3249204767568 0.336811281373423
0.00211005712599359 0.00966945227828922 0.228394078334795 -0.0523530591955859
0.000880996062125624 0.00400521558566347 -0.0619550651542772 -0.21253661961493
-0.00435107520897912 0.0283556496912592 0.0737961630007505 0.159280322386482
-0.00263873704108892 0.0148003139956927 -0.1483182821253 0.0566848473786417
-0.00233448736796384 -0.0019127264599648 -0.278277709407938 -0.341720937231639
0.0149915360367804 -0.0351914498221122 0.214274769403656 -0.585312056608366
0.0749558031754895 -0.0110995051456873 0.828367613883448 -0.0348078816151851
0.0143158501356831 0.05103933713739 0.448886115285112 0.872680918034785
-0.0309025532138643 0.0257411775401502 -0.342043144654051 0.66215146916644
-0.0353116737119442 0.0126905515751533 0.00620691392646261 0.106367900966496
-0.0211482259014997 0.044366877563382 0.375669853901351 -0.58167011791698
0.0255464332151978 0.0169847068362609 -0.380583871292953 -0.927852544983984
0.0320291632079474 -0.0291252129310129 -0.930612050583866 -0.0322937536454559
-0.0178493091211877 -0.0276272907493715 -0.254891524747545 0.665042956196755
-0.0259086905002716 0.016864082153826 0.317865822695669 0.352661337382199
0.00259896077910635 0.0115233443581474 0.229382534524221 -0.0426690895085792
0.00169478766824999 0.00579479554551295 -0.0615511568919127 -0.210253630759424
0.00547184474611667 0.00683813777525175 0.0630359741584559 0.163319837739131
0.00112392753860303 -0.00707950932764357 -0.161682715701076 0.0602735452239251
-0.0120934733475728 -0.0254769994807314 -0.2892873933737 -0.33304520860692
-0.0134103123719974 -0.0447497390005277 0.213501476939814 -0.576246051909991
0.0334855208876574 -0.00967060579448085 0.836546884361166 -0.0340502953078818
-0.0179874055409911 0.0301295412384901 0.473742756218696 0.858881517891598
-0.0206241353758934 -0.0146051548227203 -0.299893325997614 0.647477292402216
-0.00264173007740908 -0.0203406880791368 0.0472514584644005 0.091992014382651
-0.011764936392644 0.00840836784513907 0.395590020518384 -0.593209765739019
-0.00720772906658297 -0.00334177119464785 -0.371884221569352 -0.91500749119278
-0.00824554154116575 -0.0307117613367981 -0.904521971294256 -0.00417529884022822
-0.0459996072447388 -0.0393304690002047 -0.236735954187478 0.676751696012642
-0.0312258244633007 -0.00587792684197602 0.30887161845852 0.350939934933691
0.0135619275283584 -0.00931373753483038 0.207748807107388 -0.0414620277171293
0.0189147049858238 -0.0154158246682324 -0.0824209473338176 -0.198233537697465
0.00226073340505458 0.00880890645623425 0.0656118972843089 0.160998344959421
-0.00161642037635288 -0.00570965009145862 -0.159902468987809 0.0513928148492991
-0.0128309033136516 -0.0269173556643404 -0.28084449067064 -0.346455118160139
-0.0110863926165597 -0.0496563185115995 0.226783150360408 -0.575924857958926
0.0366969042859239 -0.010231920798528 0.83492586546998 -0.0074453954753489
-0.0187188819435902 0.0326370769622904 0.444864016381922 0.873354675646854
-0.0275319031221703 -0.00880829245691225 -0.315715152076269 0.640198037781795
-0.0134911943481227 -0.0160680381103417 0.0504117431898031 0.0868434286130521
-0.0180665837980078 0.0136419696420356 0.382244885418963 -0.602700893676272
-0.00601520431951637 -0.000565091226662463 -0.399443957492607 -0.899339766672144
-0.00589999647099043 -0.0344327183225086 -0.905474794115793 0.0209163368083443
-0.042845081392157 -0.0445575485419034 -0.222982039952709 0.675975524979907
-0.0302163228790271 -0.00764050362889611 0.316305013081444 0.33558581662734
0.0119077543572071 -0.00881479399788734 0.209316169534496 -0.0507795788131359
0.0151504886436607 -0.0136490111025073 -0.0794975083024714 -0.201879862138673
0.000956548655635464 0.0112549512914408 0.0691567971346659 0.157985359062475
-0.0039379087331489 -0.00436111975585286 -0.157405592155475 0.0430557825837838
-0.0127747990786843 -0.0268990417983575 -0.274939830520596 -0.356572694283553
-0.00698370400191163 -0.0517293887024619 0.234440126192808 -0.572525252096946
0.0428223393197041 -0.0113754245905994 0.833706361379896 0.00983079378341065
-0.0170649659075539 0.0373925492204195 0.423433382346934 0.884366249086409
-0.0340928024564651 -0.000392132432346249 -0.329133742703957 0.635055793856256
-0.0217728136246923 -0.00862808302162089 0.0487463641680366 0.0834067989724491
-0.0238164774498688 0.0217158020648295 0.368122831989426 -0.608583819692245
-0.00286636258822144 0.0023609389820441 -0.424039890338165 -0.890098799926861
0.000689986592117639 -0.037314837279233 -0.907560945527307 0.0395822042461595
-0.0382001948700465 -0.0466871572266487 -0.212456074988939 0.676183261574819
-0.028801693969978 -0.00520801709291356 0.322439072147515 0.324035967277502
0.00975888945031586 -0.00631886297320723 0.211841584234467 -0.0587951901557744
0.0116899049784602 -0.0110961531560022 -0.0769775575286853 -0.20511997554007
-0.00162566286756228 0.0151764998430765 0.0716433767300253 0.154518914882269
-0.0053908692215136 -0.000630305169508121 -0.154296508987159 0.0390923241144891
-0.0111719817424888 -0.0242482432707931 -0.269964852351922 -0.36404159468433
2.24979729545015E-05 -0.052512741997813 0.23796337801611 -0.573048224028369
0.0508111777268419 -0.0111619412548001 0.828054922276026 0.0192993100078786
-0.0131355735239067 0.0421629580314537 0.408293066316486 0.893217027086494
-0.0388693882646522 0.00671150545569997 -0.33904282638144 0.634100651103444
-0.0305509484980206 -0.00218837317512281 0.0438811573035182 0.0824086272573867
-0.0264475702747447 0.0292199482929469 0.358749791257798 -0.611655394426269
0.00207911905922666 0.00605594444901136 -0.437583966371483 -0.883925628407143
0.00796177595518711 -0.0390696102697189 -0.911493966120695 0.0494281784852985
-0.0332537256638779 -0.0462900459740986 -0.206495183047645 0.674055448535763
-0.0283157255674675 -0.00160967375523604 0.325675633882169 0.318137530325259
0.00687726520369819 -0.00258543091029361 0.21569296604662 -0.0626415681015109
0.00775261974041624 -0.00721552854936413 -0.0719202957242566 -0.207010175181695
-0.0032344962236842 0.0187720965782695 0.0739934907083516 0.154253389798002
-0.00576492651879742 0.00324640458965983 -0.15180928765135 0.0372386627874799
-0.00900442312792521 -0.0203375625536116 -0.267374604879267 -0.363978100278707
0.0055427230983091 -0.0504580058540504 0.237822788386136 -0.574073010333158
0.0589177040426068 -0.0116238492861681 0.826318000456961 0.0190258346777834
-0.00693356133570171 0.0467989691329549 0.403682119844511 0.890815625317474
-0.041105022961723 0.0145722161648136 -0.346453037288865 0.637109713470783
-0.0371805326099012 0.00427627287678495 0.0358199320361425 0.0852463536848715
-0.027748510027759 0.0365959072728239 0.351644895269147 -0.60769101196999
0.00899593686549349 0.00970839211786333 -0.442222858226261 -0.882571554549011
0.0155495980771482 -0.0384855888148429 -0.91335770125312 0.0452940059491003
-0.0278508022610353 -0.0433561582782639 -0.207010271159322 0.670325126663733
-0.027198844786231 0.00306055265790069 0.328178787735094 0.315893190713031
0.0035931270640442 0.00124529208073455 0.220370195159539 -0.0639288411042662
0.00437196087612159 -0.00292000599747358 -0.0683847760070065 -0.209800957422381
-0.0045745243190737 0.023601703216061 0.0752725529351391 0.153049071832351
-0.00536879571149185 0.00766570639266604 -0.148894075883079 0.0407912834489245
-0.00662700450702186 -0.0143880472598419 -0.269987807816558 -0.360073565086417
0.0104563106680728 -0.0479929393351564 0.232024959411694 -0.575912755231381
0.0660847848834499 -0.012181031221484 0.821920792640414 0.00668200823559886
0.000202536077049478 0.0492328076635012 0.412142587389925 0.886712570687713
-0.0403253856181828 0.020781051823178 -0.349122753324456 0.64162055774804
-0.039814171735523 0.0095790265030159 0.0265857912723997 0.0904438064396992
-0.0269333354839184 0.0418536437717164 0.352801683017392 -0.603273053967169
0.0158225193854633 0.0132177308720098 -0.432139471195443 -0.890302185239192
0.0225255871569464 -0.0359059435064967 -0.916329780355294 0.0297393657231217
-0.0234319998976784 -0.0387630447653415 -0.213321367402587 0.666934086074815
-0.0269751400639516 0.00882664597375493 0.328299835436875 0.322213673219847
0.00179737755595089 0.00475656905836931 0.222267684838878 -0.0603287155476831
0.00205636538628013 0.00110620058433299 -0.0646011128618858 -0.209407529405452
-0.00531779282648449 0.026650020941873 0.0751745588490217 0.155130352977949
-0.00416594913815642 0.0113546204854562 -0.146676607614247 0.0471480050724181
-0.00387072428096265 -0.00844032878742791 -0.273593304685742 -0.349003525189487
0.0142026796751548 -0.0413927926477953 0.220366554857142 -0.577188160310702
0.0720899236616756 -0.0125921565336034 0.8207807565863 -0.0136792176262576
0.00795585233483582 0.0506122225945515 0.425775770127279 0.875965885627237
-0.0361789541827383 0.0255972031710923 -0.342786424040809 0.647606501689802
-0.0397754862172547 0.0119163367434438 0.0150499659554973 0.0967060396834382
-0.024091882706702 0.0452516949369468 0.358026628564195 -0.589391922142315
0.0214802265958466 0.0164951605499464 -0.410140711344937 -0.902526884197196
0.0285190133015467 -0.0330007851803261 -0.921375836432101 0.0054085598652393
-0.0193929864818638 -0.0327565405888383 -0.227476871524744 0.663815724293918
-0.026146297048923 0.0137597823242601 0.323907159200882 0.332543285517212
0.00124214031959155 0.00914682253003973 0.225803081227547 -0.0530311801856223
0.00124072936304822 0.00427976773015592 -0.06207746466343 -0.209743522599639
-0.00429658606113353 0.0277271249165635 0.0738044965720531 0.157354646745335
-0.00213863302916018 0.014554247681497 -0.145676169367386 0.0567472147493777
-0.00211831147101771 -0.00235512262874413 -0.27684965562973 -0.335525435366524
0.0156532868682077 -0.0352852449848636 0.205717589562304 -0.580223948383754
0.074367603169438 -0.0112481243345649 0.817377727167878 -0.040796914647338
0.0137002366907188 0.0503974135722786 0.450159990068747 0.858765927031425
-0.0307182764835382 0.0256614434677445 -0.333978818548529 0.656051353089266
-0.0344766369814946 0.0125845367275842 0.00675135474831022 0.104898413404739
-0.0195478820125484 0.0451612268093757 0.367561550263927 -0.578126161870883
0.0244327862340874 0.0168324831947997 -0.380762574605165 -0.915500907888912
0.03193891593225 -0.0290386008776864 -0.921824715422821 -0.0275227767197288
-0.0170084350749433 -0.0279288287361021 -0.246956302682562 0.659653306909169
-0.025351725009559 0.0175161958575564 0.317274837069419 0.34629084829154
0.00272435389551404 0.0110988344917588 0.226678809589156 -0.04357655892915
-0.000444160656100513 0.00531442582920975 -0.0617563485025474 -0.207330096888383
0.00554439486019909 0.00699855852650607 0.0625827111252198 0.160395944168709
0.00138490600187198 -0.00692763561046013 -0.158799682290238 0.0602744408727457
-0.0122250037885408 -0.0254036321302869 -0.287708609020999 -0.32804116499709
-0.0138129449390519 -0.0444781181605584 0.207057121751163 -0.57092824405287
0.0328831619862636 -0.00951955055493811 0.827651924830184 -0.0380298227101347
-0.0182116112896113 0.0285711500758355 0.473311913104891 0.848030860654631
-0.0207320614419356 -0.0144985222181665 -0.293403630642742 0.644036030303506
-0.00319403427810554 -0.020595925707843 0.0468633124672912 0.0925715408377453
-0.0114867628847727 0.00825843886691232 0.388828570935515 -0.588517269242894
-0.00769975360066702 -0.00283674510169415 -0.370793978624594 -0.902591773873298
-0.00913714558922158 -0.0296414123052266 -0.894812792796762 0.000235461362100464
-0.0452245405029746 -0.0385880961583084 -0.230924161089501 0.671866719527788
-0.0310944725233322 -0.00685925022974248 0.307538426122814 0.346306536417524
0.0124414955141193 -0.00950162979065397 0.206232467219433 -0.0407057176316626
0.0160649938802875 -0.0151451451560578 -0.0822676964755805 -0.195585278178773
0.00280916868661364 0.00896584928922454 0.0640563760709426 0.158375515520857
-0.00169286003793107 -0.0066389199241858 -0.158261586974955 0.0510845891442405
-0.0131813569482756 -0.0268296763420757 -0.281063100086223 -0.341050761210517
-0.0103770013644875 -0.0483205939106236 0.220395746119322 -0.569833075556654
0.0365000702620971 -0.0109563210616048 0.824244198287393 -0.0124533306314844
-0.0183841455065868 0.0318699436556347 0.445025179765716 0.863773192249487
-0.0276869505869748 -0.00873696494603804 -0.3098695263882 0.633647928134114
-0.0126240225555369 -0.0156396878349659 0.0505171927586358 0.0860920376601253
-0.0182643521403084 0.0145816037409925 0.374728112947339 -0.598057334656883
-0.00688052683392096 -0.000707938367943979 -0.400157529536528 -0.888121630238318
-0.00617379025820822 -0.0341199384319857 -0.894834333065421 0.0260041452019131
-0.0425099449131988 -0.0430312656540295 -0.215656764991203 0.671550633022807
-0.030426339322768 -0.00783135297539593 0.314494069051274 0.331571550937184
0.0113797227579685 -0.00916821157119126 0.207672370678485 -0.0517018110298869
0.0144504444981425 -0.0138154587139104 -0.0790386240101972 -0.199609143509512
0.00095688522864987 0.011320588254866 0.0688296896592232 0.155076457810546
-0.00428290634378776 -0.00511367008796396 -0.155583263726797 0.0434034809711905
-0.0130048735989235 -0.0269003085415806 -0.274399121936547 -0.351444112362682
-0.00587780362541112 -0.0506999490974187 0.22892932312585 -0.568773219507225
0.0426977912806724 -0.0109865435315523 0.823886222664215 0.00707545610887693
-0.0167893525592174 0.0370828733417345 0.423560710463065 0.872655224694088
-0.0334417239380825 -0.00166231130829635 -0.322918282792041 0.629435151155395
-0.0214247090635015 -0.00907825712915945 0.0482833439559329 0.0833391960836884
-0.0234577365811021 0.0222756300689613 0.362392990914482 -0.604857847879962
-0.00355844218902451 0.00266336517672858 -0.422165146939957 -0.878943245161084
0.00066854045691124 -0.0367931618934702 -0.900486065283382 0.0420812760231494
-0.0373860008302671 -0.0463020751102305 -0.206868405659838 0.669443949863675
-0.0288307738653654 -0.00606968377278856 0.31988108832008 0.320192862474493
0.00801661331358284 -0.00722570165254905 0.209961525050887 -0.0589116944866825
0.010389791622202 -0.0111701038092569 -0.0765812705625732 -0.202671461252429
-0.00154103912532131 0.014870146710719 0.0708468513061626 0.15355427456652
-0.0057728257842338 -0.00128427859051825 -0.152563815604782 0.0389074516954499
-0.0113825987305729 -0.0242032333715715 -0.269555054388487 -0.35808530065759
-0.00035586569664818 -0.0513328016346457 0.232072736378968 -0.569455643986082
0.0506377709282876 -0.0119416650172286 0.819220237249722 0.0149484933937532
-0.0128780704940616 0.0417155346617327 0.408370796001346 0.879446028312608
-0.0381704976288582 0.00753495766370138 -0.334420486806136 0.630233455485227
-0.030017348386246 -0.0028921567260914 0.0434421411221676 0.0819688379330213
-0.0261280285920696 0.0294399993271383 0.351537137636734 -0.605007123768047
0.00209625932732604 0.00646684556855562 -0.435053950309254 -0.87232819710706
0.0071868075564053 -0.0388426593585456 -0.903913390682613 0.0530762596515596
-0.0327029694946337 -0.0455576290546341 -0.199310347845792 0.668326910725051
-0.0273447900529536 -0.00271361605668995 0.32384756589722 0.312930427926197
0.00601096598716599 -0.00339559204269855 0.213890200791705 -0.0631424006094502
0.00697689184536939 -0.00653206964079773 -0.0719101358033299 -0.205778549470169
-0.00284379909176186 0.0190375840366182 0.0732045493155636 0.152059379038639
-0.0062888141105331 0.00227040474607685 -0.149588141141739 0.0377998442580151
-0.0088241886465978 -0.0198721557026992 -0.267483200083084 -0.358105734443023
0.00574045476769686 -0.0499433403368171 0.232592585824083 -0.567611997080168
0.0583420466850583 -0.0120777213909647 0.815647273261487 0.0133354364498652
-0.00733481021506295 0.0463356537691162 0.405682373766727 0.880272896387371
-0.040330784986121 0.0149684348781362 -0.339677971164213 0.629103872167338
-0.0362934816517585 0.00359543617341968 0.0366850322463326 0.0839520113053928
-0.027757034007446 0.0369800172049556 0.347694673947292 -0.602797737571276
0.0084262213726151 0.0103901027531884 -0.438570104304434 -0.871218599728726
0.0152795543368414 -0.0385499139528609 -0.90502825455642 0.0499725731061171
-0.0274725114696192 -0.0425817428229021 -0.202214915706666 0.664853901565187
-0.0272024088028195 0.00335044136452802 0.327384838878117 0.310643395159713
0.00361370675170048 9.31959215794628E-05 0.21726227679153 -0.0641810645085394
0.00317666145489664 -0.00325753657391465 -0.0689269874331182 -0.207108265889184
-0.00386487159406984 0.0228800223469586 0.0748393062869566 0.15173912345522
-0.00583722990918617 0.00705347974291205 -0.146940624948443 0.0414557010371541
-0.00520199785496697 -0.0145656002942875 -0.268121932476277 -0.354674438349576
0.00938172152686233 -0.0460029551956776 0.22558733484533 -0.571107291558999
0.0662393182780822 -0.0126453084386326 0.812464098802955 0.000771046326411638
0.000645333011153708 0.048347270260584 0.412583050952858 0.874780749957274
-0.039366208959702 0.0208511335390757 -0.34216631002759 0.63622175117832
-0.0387965273633143 0.00927239729441761 0.0266356641260588 0.0889106239609915
-0.0266538727784832 0.0421655032210649 0.344785052602613 -0.597060319743317
0.0149736417181052 0.0136700933613607 -0.429619827683216 -0.87907550625633
0.0223169475210868 -0.0357487945589033 -0.90791774813265 0.0342740825331473
-0.0231925647578162 -0.0378641683078043 -0.20889824232005 0.661114912857951
-0.0264320409853648 0.00884731545089278 0.325932194557383 0.316772400960646
0.00157209565766177 0.00504318273589334 0.221136619491883 -0.0601057337628726
0.00116845097351825 0.000889915986266884 -0.0651282905629255 -0.207262170277605
-0.00451467243055834 0.0268453112195937 0.0744778189169752 0.152845693974378
-0.00461776245896389 0.0105052502523754 -0.144698974060943 0.047342754435881
-0.00372132898067186 -0.00824475929899102 -0.271397618542392 -0.344122876342729
0.0133834109375577 -0.0407579175774302 0.215644676045351 -0.573298824938429
0.0708917549575674 -0.01185545649715 0.810835562907831 -0.0192654133020465
0.00756943203845354 0.0500417322613315 0.42625507899859 0.863508428432662
-0.0355602177386281 0.0242181292426714 -0.337140921374968 0.64330957454169
-0.039113573707774 0.0120112037869531 0.0156414085253081 0.0965025088173236
-0.0240859574292991 0.0454850888853005 0.35252337992771 -0.585364700638101
0.0207893434980677 0.0160807364017432 -0.411218154144421 -0.890016521698821
0.028154941652025 -0.0331169461565354 -0.910502526072221 0.00986365968920948
-0.0191943668624011 -0.0326790261583901 -0.221110622136933 0.659274735749139
-0.0260098532497375 0.0136184295807831 0.322411723484478 0.327097482704499
0.000116602380083999 0.00813645222490386 0.223660562104663 -0.0536817737796684
-3.08674379950104E-05 0.00378840608854718 -0.0622585242337426 -0.206944468324363
-0.00322637424874086 0.0283649794436224 0.0733878172826867 0.156022722015632
-0.00249127962080812 0.0136187553807914 -0.144425694649827 0.0560176913684957
-0.00236433215320351 -0.00249255196865773 -0.276034842145107 -0.331066787273394
0.0141571205931335 -0.0345831947022289 0.201339462180417 -0.574859173850267
0.0735210414273754 -0.0118112334647902 0.809965938664615 -0.044518560180376
0.0142940980910248 0.0487809602867775 0.449316716236197 0.848778300347043
-0.0293494533767565 0.0252738457647626 -0.326958714028039 0.651897443257312
-0.0348129696427711 0.0122232892227072 0.00614760120283793 0.105125870126435
-0.0191193731677632 0.0456941690855055 0.362595674175901 -0.573358836599745
0.0237704307141005 0.0163087020589149 -0.382651823050103 -0.903975253040592
0.0310342690910819 -0.0293189257523243 -0.913339775448723 -0.0233139401911567
-0.0166291345717808 -0.0278029939630054 -0.240435656658464 0.655046765346832
-0.0249931098213378 0.0166508140561112 0.315016143042534 0.341471029182333
0.00134433110270375 0.00979912780756183 0.224609982831173 -0.043497764417103
-0.00146262250872469 0.00606922377401929 -0.061432489330488 -0.205594294980931
0.00582625634643488 0.00667989647939058 0.061401046860298 0.159217422338673
0.000974353758538103 -0.00705130548553981 -0.155810017055192 0.0605069705416484
-0.0122655369715837 -0.0255166273098638 -0.285835130544148 -0.323273536120701
-0.0144597211766313 -0.0439371879285059 0.202150628220859 -0.566155625992089
0.032900561050403 -0.00994621387553473 0.819461137694203 -0.0393005878758017
-0.0178244698941378 0.0279952464268044 0.470957082415333 0.837272765045224
-0.0203058584715842 -0.0147946851494031 -0.289062773964997 0.638447204848082
-0.00301631175508799 -0.0209348226684765 0.0465222301766907 0.090971514151586
-0.0108956453418785 0.00912808540829643 0.385186890062969 -0.58259775507178
-0.00731342976947403 -0.00282460204912222 -0.371481676915895 -0.893454081474946
-0.00888765433243552 -0.0297201301453253 -0.886098925820625 0.00158341503140859
-0.044272018727127 -0.0383010041033126 -0.226089446849768 0.666625152805759
-0.0303499333525277 -0.00661404042013794 0.30576742299642 0.342684160655805
0.0113955940453904 -0.0101916047635923 0.204506074442856 -0.0412512235644065
0.0157764934590863 -0.0150483676366043 -0.0824435731814329 -0.192667858857626
0.00408358041250883 0.00832333526975633 0.0643018720598383 0.156503091088221
-0.0026293492267168 -0.00769955169671283 -0.154919257201223 0.0507853872647556
-0.0123946524121512 -0.0276413953784841 -0.278410139012352 -0.337344623486174
-0.0113201793060423 -0.0479242064285421 0.215340394965593 -0.566591648102054
0.0365276049012295 -0.0114256428057012 0.816647045633803 -0.0151488732784521
-0.0182247916750796 0.0316728176292341 0.444507124912235 0.851931726081339
-0.0265987114003365 -0.00860581025509416 -0.304786860744578 0.629254262097312
-0.0120967746436178 -0.0162853652949673 0.0493267040249045 0.0851751780596466
-0.017633329800249 0.0149831163910685 0.371048135193554 -0.592663706376816
-0.00736620433002554 -9.27448442202793E-05 -0.39822755384828 -0.877718834977839
-0.00550183489972108 -0.0337907967956789 -0.888828372826941 0.028024390258445
-0.0422673189961049 -0.04411685149527 -0.212147181071442 0.666242504860553
-0.0292944876750162 -0.00726818668124943 0.310891707916213 0.327851358836777
0.0106768559911353 -0.0100321121767008 0.205439356987644 -0.0509015320229426
0.0132711994352658 -0.0131519089653391 -0.0788366151143911 -0.197135217276051
0.00122414045451432 0.0114833803675162 0.0673863960238497 0.154244605584224
-0.00417748343489864 -0.00462950375918839 -0.152914152039611 0.0430678272977596
-0.0119928425817697 -0.0270978447299688 -0.272912434222232 -0.347489263390443
-0.00588922949108832 -0.0506729835011216 0.2242702887817 -0.564438953937178
0.0426062857670363 -0.011573106323409 0.815578147146419 0.00444636318782954
-0.016360827397812 0.03618250009035 0.42384546694614 0.861419976112629
-0.0334391283583401 -0.00105885055968567 -0.31766659529792 0.625462420080602
-0.0220009120786617 -0.00905626265808621 0.0481909652538888 0.0821572581278375
-0.0223570497847329 0.022702873749746 0.358494635109698 -0.597703566179519
-0.00421690022319628 0.00240045054625286 -0.420196755514178 -0.86771767493943
-0.00110350922022574 -0.0367437531388143 -0.889787063240684 0.0462084469337528
-0.0373949275499129 -0.0458405440866 -0.201624057001078 0.663544887948238
-0.027925182879559 -0.00580996126604321 0.317614158235546 0.315874440836817
0.00785278140024324 -0.00759329794376385 0.208688633336111 -0.0587666534656558
0.00989940776983908 -0.0112401362476325 -0.0768281377576019 -0.201068553566818
-0.0010698018201858 0.0147013163488763 0.0698812326177825 0.15195681015486
-0.00600473541067769 -0.00192333857294441 -0.150480618137349 0.0381227087611628
-0.010629806234409 -0.0239622643964706 -0.267885066144241 -0.35356870971222
-0.00106518539723754 -0.050948998517067 0.227885888080536 -0.563659224518274
0.0499733198254611 -0.0114329141110081 0.811215144224355 0.0132556224988702
-0.0129063471139521 0.0413573722877446 0.409488080166003 0.868572214152122
-0.0375334712823614 0.00632097132343964 -0.328278812774609 0.623093141479141
-0.0299078904788415 -0.00236369894773359 0.0433585436613119 0.0812180219688891
-0.0252097233547238 0.03017246977632 0.347736986638759 -0.600158861462084
0.00173530770391755 0.00598686368317521 -0.431653970378506 -0.863080577109967
0.00667617114396021 -0.0383003408439928 -0.893442352665496 0.0535498270715859
-0.0326505447848355 -0.0449691357144201 -0.195772275760401 0.662871552795625
-0.0268284810719239 -0.00205299425109304 0.322071035901165 0.30955216166333
0.00505859558373002 -0.00400390421085318 0.211829554761524 -0.0632328043914118
0.00670899839836058 -0.00603190522443098 -0.0712543019804945 -0.203633316812926
-0.00257976520580389 0.0191596945242041 0.0720198627211871 0.15047500107123
-0.0057422386073598 0.00254034344399974 -0.14758877536285 0.0387081751393537
-0.0084863571596612 -0.0193546779891066 -0.267147829903363 -0.355576837665772
0.00516519752197606 -0.0491406735579402 0.227430493191765 -0.564413547019653
0.0581879286999478 -0.0123619220629873 0.809397509009661 0.013069899550723
-0.00681795896808805 0.0447260035558601 0.402091626364603 0.869824964454869
-0.0397422139100966 0.0147441460152504 -0.334374371539868 0.625513372372331
-0.0359314339727784 0.00330374809994879 0.036229267159721 0.0840960683924965
-0.0269448284570478 0.0375157949778635 0.342918153012531 -0.597257821203241
0.00823210674055805 0.0103672529328355 -0.437964714042693 -0.862984444139342
0.0151614578933299 -0.0381876410900864 -0.897002706293765 0.0516874551629267
-0.0278256626153531 -0.0421330650315776 -0.195938295930354 0.660157177478678
-0.0262472538145894 0.0030583794203444 0.324265118116891 0.307055256493585
0.00241622916745325 0.000470636049267822 0.21522539323037 -0.0637807334783524
0.00278152577374065 -0.00268968703900843 -0.0682896162418884 -0.204473321247555
-0.00378323240200662 0.0235757594564667 0.0740286864500496 0.150477803550207
-0.00543389919147423 0.00654554380014971 -0.143956866426686 0.0410109604841014
-0.00556747834696046 -0.0144145811663997 -0.267156084317058 -0.350183886796943
0.0107775798847087 -0.0453617295875724 0.221084199863477 -0.566488263739125
0.0654783207666947 -0.0127663611080999 0.806077667476761 -0.00193277646123615
-0.000346385941550127 0.0482529964449016 0.410722867553327 0.864702495826186
-0.0390034121700524 0.0205397233724017 -0.335391003123283 0.630729376252335
-0.0384743500751291 0.00847188275676493 0.0258830880937569 0.0888180678467622
-0.0253413954077776 0.0421416763434482 0.341108920282849 -0.591378035207407
0.0151302907358683 0.0136360202680783 -0.427225766784518 -0.868153649348775
0.0216719301216759 -0.0357908005504243 -0.89969835546123 0.0354172946383284
-0.0225549429921619 -0.0381003819266984 -0.204287490935358 0.658191292218952
-0.0257529067133683 0.00800316791202282 0.323120037166863 0.314230163118
0.000543226524477988 0.00427236466328285 0.218918496531749 -0.0603529974390423
0.000647610784770143 0.00192834508322387 -0.0643023628177131 -0.205243677569447
-0.00371460637011114 0.0258931017786048 0.0739739986010635 0.152142342418991
-0.00472496517484879 0.00989702270171094 -0.142948470175327 0.0478729191870564
-0.00408603532373263 -0.00906301266242687 -0.269804047783092 -0.340421424350455
0.0148128327895652 -0.0407742695824197 0.209010483183019 -0.567743816686601
0.0701213908816415 -0.0130818895845333 0.803252418471917 -0.0199495562273038
0.00770069082591544 0.0492430563981833 0.424574077918438 0.852736834134129
-0.0353064053918055 0.0238282219066013 -0.33092766926385 0.638330242097449
-0.0383697245954046 0.0119953485328886 0.0167812815437853 0.0954371348288708
-0.0232804824425014 0.0458411980406743 0.34905066394305 -0.578850740394819
0.0206856893373052 0.0159129981720287 -0.408644862007053 -0.88374169159105
0.0267203030872728 -0.0321798046682907 -0.902425601419056 0.0127822072546603
-0.0190935230189427 -0.0313621508649242 -0.21809523832968 0.654720159816118
-0.025514671236547 0.0125890142943943 0.320898176977346 0.32409381069319
-0.000472274739599266 0.00708381825736719 0.222160826923564 -0.0537142723966653
-0.000608895643077539 0.00428978286134364 -0.0617032150472532 -0.204319553680808
-0.00286066497870772 0.0274501917639265 0.0722452931704787 0.154382794047814
-0.00379627507521283 0.0135685214954476 -0.141549928319109 0.0569535984450241
-0.0021412301441505 -0.00198378533088979 -0.274285849705803 -0.327039157304731
0.0145392682588179 -0.0334578557717913 0.195633755707404 -0.569732567963157
0.0728452080720959 -0.0118426165803717 0.799709987845666 -0.0465871226069924
0.0140834828440814 0.0487799015691807 0.451223521620177 0.837891201489532
-0.0292714066798245 0.0245142672592541 -0.322720762046064 0.647112671648692
-0.0339899890695157 0.0116803118156361 0.00617106815152594 0.103266030259008
-0.0190315897229874 0.0451788276608764 0.356768233650794 -0.56704295424113
0.0243225599776017 0.0174021094017571 -0.379674575029902 -0.894720696750639
0.0299122429428445 -0.0289261013238163 -0.905558642716166 -0.019254518435758
-0.016351929348174 -0.0266288177225772 -0.236791623812332 0.649446753542086
-0.0248273170379279 0.0169744904605726 0.313236704098535 0.338360417560942
0.000203377375204081 0.00933837936814543 0.222764953737476 -0.0433941889231
-0.000832935523868634 0.00607157920210669 -0.0616610333604294 -0.203045775503723
0.00588574555304628 0.00690043262060222 0.0598366838441472 0.157394577169421
0.000525208764632989 -0.00794423068341808 -0.15602981355034 0.0592274552006972
-0.0113689196205838 -0.0258446125847851 -0.283579174883609 -0.319530376716144
-0.0138816503389721 -0.0427946405123597 0.199905248894212 -0.562097839002776
0.0322280064994317 -0.0102874137525768 0.813111110591207 -0.0411645533613868
-0.0176130666438412 0.027969442040645 0.46851304253114 0.828762375944365
-0.020314871826717 -0.0145817696494599 -0.286186774236255 0.633148500045508
-0.00313801744799404 -0.0211461429236988 0.0460122397420005 0.0903768491630721
-0.0106813734378938 0.00946085574386667 0.381678944361968 -0.578913002932189
-0.00849097735907099 -0.00252825595720378 -0.367392936076458 -0.88611028211265
-0.00991306458682079 -0.0300661589659029 -0.882678339133402 0.00258396756541497
-0.0445762693926527 -0.038391228813114 -0.22445962533811 0.660885949822873
-0.0299719439899524 -0.00714705096993262 0.304130444487886 0.340132866365916
0.0107331582701122 -0.0111333181881043 0.203321838185865 -0.0405575941811592
0.0154808397445303 -0.0145813634234888 -0.0817692647950513 -0.191336233779365
0.00397681522334654 0.00864334557873414 0.0633758996444105 0.155459444465944
-0.00188223541844602 -0.00730812625462306 -0.154021549226142 0.0507747528747304
-0.0118073801506134 -0.0276924497699363 -0.277072583260627 -0.334596881594061
-0.011394679170836 -0.0480519953333017 0.21208200365668 -0.560681252100645
0.0361554924725017 -0.0113697330268774 0.811168663175406 -0.0171161361517933
-0.0178791335049443 0.031283593984803 0.442676283342602 0.844186255097136
-0.0271944242681029 -0.00896046372401964 -0.30228598349495 0.624121718279764
-0.0114717881002586 -0.0162446861255175 0.0494971746646054 0.0847631631625045
-0.0166392696030548 0.0151733512694289 0.367401846725814 -0.587949976650964
-0.00705081687859971 0.00070000653874993 -0.396232235222166 -0.872164745878068
-0.00666132405216259 -0.0328132958658772 -0.881908420756966 0.0302277378582952
-0.0410510746847189 -0.0428296821716536 -0.209391977790547 0.661316083351269
-0.0292720763111571 -0.00775055440204937 0.308330320650789 0.325095256158643
0.00851623510191339 -0.00988630417321295 0.204423042023857 -0.0509562767014847
0.0130791531851122 -0.0127331409510144 -0.0779600312453236 -0.195434882410553
0.0022245619823164 0.0106498669320137 0.066714756920659 0.152167720572721
-0.00461272605493968 -0.00459668919363414 -0.152508281744058 0.0423665745153385
-0.0122161621942667 -0.0264286574898463 -0.271389923016448 -0.343663132629177
-0.00616263910549415 -0.0493468338117906 0.220613752127967 -0.560490242701245
0.0423941262650073 -0.0120081440383537 0.808694266718258 0.00150418251074942
-0.0172434994295238 0.0362215439270599 0.421001758620805 0.855352277600755
-0.0326350475519709 -0.000755939924743996 -0.314231034322915 0.621810594143615
-0.0213619406120684 -0.00955143164179633 0.0478050709032253 0.0815142209802405
-0.0225882162230442 0.0227265779049593 0.353774496230085 -0.593715776924842
-0.00423554184575989 0.00269262969833063 -0.416862386033455 -0.861499815753524
-9.32654345568453E-05 -0.0362570699000396 -0.883700023241361 0.0476241312848346
-0.037299757068709 -0.044974234098557 -0.199444684954771 0.660437534394638
-0.0281424209827034 -0.00624813985869327 0.316188913984844 0.314182536271968
0.00658503139716688 -0.00820831694260614 0.207043306458502 -0.0585025634306457
0.00963848081968264 -0.0102955467520265 -0.0761710723977098 -0.199327656413514
-0.000795593769064435 0.0145875304949131 0.0688139142860193 0.151351664728936
-0.00594608737272976 -0.00218507825399848 -0.149093870661026 0.0378754591234007
-0.0109099189925614 -0.0242304582213243 -0.266532077675314 -0.350383855269678
-1.84248775730173E-06 -0.0497912892795306 0.223995115782032 -0.559256801266376
0.0502138391719868 -0.0122178115382181 0.80452003578881 0.0101967944580579
-0.0131199219471558 0.0404285789059038 0.405882223161775 0.862854330756044
-0.0368758968324936 0.00666494325462836 -0.326076869989623 0.617866591204095
-0.0299503229072445 -0.00322144392040651 0.043419889725526 0.0811541083932666
-0.0250673661076958 0.0305848608625846 0.344673196970442 -0.596402665871401
0.00142735181347631 0.00587584474298237 -0.430740211374868 -0.855087635745864
0.00586853079444861 -0.0378918113956111 -0.888706299594869 0.0545177689993119
-0.0317825397332453 -0.0451337916700403 -0.193484375501494 0.65774912571223
-0.0272769861777966 -0.00182079748188211 0.31976116252611 0.307395037393194
0.00377817588898888 -0.00427374251684007 0.210912941021332 -0.0628280981611308
0.00560492498145116 -0.00606756437981643 -0.0709415997047645 -0.201122043006748
-0.00269349083856607 0.0190361547942715 0.0711682218680011 0.149603836595894
-0.00618658552605672 0.00191132862988133 -0.14590193259583 0.0367623346930319
-0.00791324729115926 -0.0198549111092452 -0.263520652017007 -0.35243497462544
0.00577313675049119 -0.0489312145232876 0.222119760214328 -0.559811996227607
0.0577501885932554 -0.0122720266488976 0.802810055449772 0.00916855279382418
-0.00668785479443546 0.0447079295265991 0.39949957510224 0.861433021409855
-0.0390406556506609 0.0145289901131738 -0.33174321841287 0.62131575950321
-0.0352597605924358 0.00278292429046651 0.0356521127262552 0.0841329542997776
-0.0259782135102227 0.037751899976912 0.338160983607766 -0.592228996993954
0.00762038211753547 0.0105293512651164 -0.434953360894831 -0.854728355968179
0.0139413435334114 -0.0377772774008379 -0.890313331925677 0.0518418276846673
-0.0273124652239917 -0.0415938646944615 -0.193353988679817 0.654191444781429
-0.0265592278255197 0.0031369518842753 0.322323197459637 0.305972558984458
0.00132792567994895 -0.000219951301692937 0.214062061614675 -0.0638336102006403
0.00238013047325403 -0.00167621209615045 -0.0666005270394215 -0.203119700559402
-0.00268663114669333 0.0223413371601825 0.0721560784882458 0.149203048941545
-0.00639994790506984 0.00584941369209805 -0.143028232916302 0.0408801289389761
-0.00587660255361275 -0.014533991399875 -0.265673000265668 -0.34678134511182
0.0106442862514069 -0.044810203134596 0.21810878136965 -0.561043095554176
0.0652530986061899 -0.0131951601861175 0.79843267223518 -0.0021093594401009
-7.41757352355141E-05 0.047270949179002 0.409812886612824 0.856244636630927
-0.0382712440149459 0.0197390133307074 -0.332316734730368 0.626844409518421
-0.0384967438010716 0.0080301132807387 0.0255927344347376 0.0876541639729952
-0.0243760612920832 0.0418967775388113 0.339642960883355 -0.586789363141248
0.0144400559765046 0.0135272162832376 -0.425394563885639 -0.861223929301606
0.0212614995906029 -0.0350461449481845 -0.894268495189161 0.0352704284004677
-0.0220792361138648 -0.0370884959927854 -0.201704500873888 0.65320568232248
-0.0260029414209641 0.00735400989372578 0.322763824206984 0.311410723711993
-0.000523353915501183 0.00390370866373892 0.218163745175468 -0.0597914461866426
0.000320020886406721 0.00182148105445169 -0.0639687678370735 -0.203869553283949
-0.00344399076142782 0.02588671250063 0.0716708097894453 0.151147274564205
-0.00467994261363161 0.0098707234662732 -0.141417939537405 0.0462334709130334
-0.00324497371722155 -0.0086816171564296 -0.268995512668739 -0.336197572506883
0.0136823644396259 -0.0397404491217162 0.205122791685683 -0.564679321537544
0.0700595552380218 -0.0132689499874249 0.795365391135991 -0.0209781776037902
0.0079440504972506 0.048590124413168 0.425253405912628 0.844713495718886
-0.0348019519653401 0.0239932193313866 -0.329772545550895 0.633228303113125
-0.0379273268770384 0.0113906917910966 0.0160647557648885 0.0952042030902605
-0.0229886369564031 0.046210900272902 0.346014237273264 -0.573943532154107
0.0200119479556726 0.0158225154760981 -0.406077930015908 -0.873139413010907
0.0271688589432767 -0.0322522894614586 -0.897062610766762 0.0138696717242172
-0.0184146260153105 -0.0316967794337338 -0.21490207710572 0.650212378501152
-0.0252813995574216 0.0127234792122702 0.318776824944434 0.322177355616498
-0.00166561350320218 0.00716624407252491 0.220456036184631 -0.0529798451980449
-0.00189190771261876 0.00470853490926115 -0.0618503610190792 -0.20364663482409
-0.00284561932552691 0.0277363498311002 0.0709613868173239 0.152807502907923
-0.00330563085669889 0.0132117901073818 -0.140627285980206 0.0559326338231815
-0.00220632626487247 -0.00293694780642821 -0.273564498399325 -0.324853224845547
0.014981428289233 -0.0341560309263211 0.193197405415537 -0.566095842346481
0.0723571054280647 -0.0131896883588179 0.793666242944858 -0.0472863741803041
0.0137808618781305 0.047671036265548 0.447525014030602 0.82848882055439
-0.0291352580089771 0.0245573607300128 -0.319060367135922 0.640446114589795
-0.0340355270219224 0.0110464269585384 0.0066013479718683 0.102685277609014
-0.0178701825152266 0.0456164286829544 0.355147488853025 -0.563476208033328
0.0229574830437242 0.017215118578738 -0.378067735918947 -0.888714621754261
0.0297591841417991 -0.0286261179688374 -0.897576288594734 -0.0184808742329361
-0.0167136486312923 -0.0260341694854892 -0.232932497280993 0.647311288165493
-0.0246528933034123 0.0157497333900308 0.311836562805745 0.336319905412985
-0.000946206497543693 0.00941997914757959 0.221978142801303 -0.0440445445758662
-0.00181087206141626 0.00644585387862019 -0.059731314024068 -0.20141679476901
0.00587485070061149 0.0068374804421066 0.0596844572819607 0.157500224321367
0.000999816748415702 -0.00795435197688059 -0.154070431750174 0.0591739700917131
-0.0111353148466547 -0.0260082194980134 -0.282238689602011 -0.319432137292595
-0.0135943093144414 -0.0426554130093599 0.196723191009142 -0.55929055951946
0.0323529782936549 -0.0110177818964784 0.806199204476412 -0.0403512123459084
-0.0176954704846963 0.0274047008739734 0.466070515622191 0.821764657187128
-0.0200981461649111 -0.0148261012240308 -0.284310706429183 0.627817867324123
-0.00230949271897876 -0.0200964656782465 0.0459913020097613 0.0898483742217771
-0.00988496978603443 0.00967892437738519 0.38089423520115 -0.574213812019436
-0.00791295105586896 -0.00204400508135249 -0.365471755115 -0.881364238616222
-0.00967460046396597 -0.0289098907223432 -0.876812182102831 0.000915012246945439
-0.0438798720297609 -0.0374896935577068 -0.222492294173742 0.659599214499973
-0.0299164579287946 -0.00711892596173859 0.302323711942912 0.337548594328559
0.00928189883549433 -0.0105830154991719 0.202797282086362 -0.0407269345571771
0.0146059193863987 -0.0140208198725361 -0.0801978483450375 -0.190637132182917
0.00327319335656209 0.00871030875793493 0.0619553324326779 0.15458384135089
-0.00270579630977668 -0.00785514013076571 -0.153113800383985 0.0494639834034744
-0.0117705348866088 -0.0266023150171561 -0.275517244959631 -0.331831006728641
-0.0103435500943705 -0.0471607685636592 0.211048878208446 -0.557526825519534
0.0361563886668464 -0.0113218989613744 0.804238469087175 -0.0155207368574851
-0.0180141214431773 0.0307984346474425 0.438089186436736 0.837477351219156
-0.0259882646709711 -0.00924965894275198 -0.299533757892574 0.619745284951106
-0.011716599544194 -0.0166623407277096 0.048798471075458 0.0839350158163728
-0.0165644273197023 0.01591211573573 0.366384938484005 -0.583879438205368
-0.00780962983941563 0.000783021853858912 -0.390735464701002 -0.865932817897762
-0.00529437277755397 -0.0326889849970251 -0.875963734438471 0.0262813572483176
-0.0399649940897843 -0.0427057050463514 -0.208028857905759 0.658897704832998
-0.0288142452166635 -0.00855057976235358 0.306413269247088 0.324549144940025
0.00878353831604507 -0.010944014015253 0.20381737364364 -0.0502378359692996
0.0116325965054229 -0.0126822024333084 -0.0775588569495518 -0.193826002763106
0.00219052354974186 0.0108981831989566 0.0650341572658 0.151757118227213
-0.00457383800167367 -0.00565477571358586 -0.150153346426208 0.0422761226393096
-0.0114696015422255 -0.0269823482525108 -0.269716934593901 -0.342655635827741
-0.00605754982990001 -0.0494038881399187 0.217842716504695 -0.555806922999752
0.042253234171603 -0.0120614298915269 0.80295737802793 0.00355284636094485
-0.0168521705095108 0.0355022597579586 0.417256050877863 0.84790631809262
-0.0330821819796525 -0.00160264213184404 -0.313625297567617 0.615758683143111
-0.0211611486382078 -0.0102982136960139 0.0480512339278157 0.0814660471571942
-0.0211356984476398 0.0229928898276649 0.354090574005145 -0.589771551509457
-0.00477016660830829 0.00367424159573757 -0.41455419854426 -0.855631131389259
-0.000487071734888274 -0.035882626957166 -0.878071410045596 0.0453438467698876
-0.0369086597358756 -0.0443459968828739 -0.196803782186955 0.656749664366365
-0.0270579441574679 -0.00616722200942931 0.312613238647468 0.312232863355025
0.00642617060748227 -0.00846195470212699 0.206718957594383 -0.0581276359834491
0.00995117931049777 -0.00962674424925845 -0.0744621485461776 -0.197902426724107
-0.00150912628177231 0.0149783496470929 0.0675047424216222 0.149971142273467
-0.00624878723922296 -0.0020676100452918 -0.148682312097051 0.038045101909794
-0.0101522316844676 -0.0243382614272927 -0.26545782413825 -0.348971159112584
-0.000130944593551275 -0.0499287433200743 0.221211233777571 -0.555908525381103
0.0500277075020583 -0.0122656598924915 0.797638967807514 0.0108197981064586
-0.0126914871908018 0.0403872264209796 0.40477579813825 0.855646506949139
-0.0373455314943397 0.00662728871906267 -0.321934920989383 0.613967486647316
-0.0290484070986819 -0.00371649747619305 0.0429865722989064 0.0804344020997683
-0.0236101670951891 0.0303480404736284 0.344404446757023 -0.59200517520939
0.000762017681308125 0.00566727411333804 -0.426357209101403 -0.849111809425985
0.00630062481911895 -0.0371909450727302 -0.880741999627457 0.0528798284987541
-0.0317501244403112 -0.0441795016292724 -0.19059515860283 0.655385479783391
-0.0272989579807235 -0.00209161927598875 0.318680839460871 0.306083532994758
0.00268167329436752 -0.00506693731429239 0.209774219355635 -0.0621133204454001
0.00578145513899178 -0.00513770917834907 -0.0696903758760672 -0.200617801255673
-0.00183774621787673 0.019096015362256 0.0695313164679563 0.148196217205846
-0.00696509817899128 0.00164470558140627 -0.144918903263849 0.0365317140615735
-0.00813584325471952 -0.0196628084334745 -0.263171198163549 -0.349932436435643
0.00557652954365158 -0.0488837931263762 0.219991914769298 -0.55646365583279
0.0572680039118648 -0.0132245779122874 0.796720573642469 0.0112554639828277
-0.00673432707085534 0.0444242708208809 0.397471212908951 0.853540840661714
-0.0389921563357301 0.0135713649028853 -0.329810478716373 0.616704876814294
-0.0349048194450804 0.0023651639923145 0.0347335693867682 0.0818491692613597
-0.024589315059112 0.0379879580481185 0.336590794653207 -0.588118490636838
0.00782141840003161 0.0108962708571001 -0.430481260742156 -0.851811732401567
0.0137283814866458 -0.0369039847166105 -0.884878278943121 0.0507442402045678
-0.0257867557846144 -0.041970799559103 -0.19216628824842 0.652022393630083
-0.0263440679137949 0.00277661892515659 0.321351482600698 0.3041323663696
0.00113385859847139 -0.000290776009162812 0.213328653744768 -0.0630618194848276
0.00129551488488538 -0.00139616984253675 -0.0660423768916654 -0.20187932599061
-0.00254592022413184 0.0219805289968663 0.0710340679388503 0.148064168785844
-0.00650942404578945 0.00542164871096546 -0.141929163693085 0.0398931390195135
-0.00586387112041043 -0.0148152872109219 -0.263104832122882 -0.345369287393813
0.0108395680280066 -0.0446898049037354 0.215295439727574 -0.55783947581443
0.0651002468392122 -0.0133612616387785 0.7911778038049 -0.00176076777917325
-0.000393662668602988 0.0471604761659493 0.406158437760864 0.84997613456731
-0.0382476174510324 0.0194737751640076 -0.330280965055472 0.622436004813903
-0.038403948403203 0.00734423016179057 0.0258746545897604 0.0875314074379773
-0.0244373216443059 0.0429559952522863 0.337130143104085 -0.58417169905695
0.013876643872864 0.0135212863126658 -0.421699305710983 -0.855840090439795
0.020612935612815 -0.0350166999359755 -0.887977681260275 0.0361597258080328
-0.022551339428638 -0.0364126628758581 -0.199863719827322 0.648275902392545
-0.0250339011944894 0.00775152599396569 0.319431813695102 0.309945176046543
-0.00125640332975736 0.00371940904408303 0.216563488026662 -0.0598033684747296
-0.000315588070779787 0.0022818883955257 -0.0635162685811283 -0.202332088826743
-0.00271883589258534 0.0258731742068634 0.0712558249665055 0.149151387486142
-0.00455084597220903 0.00936157078715267 -0.140158960749945 0.0461112154233104
-0.00277198571893386 -0.00894509845086018 -0.267565490162503 -0.335653671096264
0.0137981222420521 -0.0396771761238394 0.204228459132799 -0.560980186513978
0.0696310064300729 -0.0140253790094079 0.789796282792092 -0.0206374824613317
0.00732752977189002 0.0480466241275016 0.420774060652334 0.838412780202722
-0.0346008623230117 0.0232197530444971 -0.328477050196513 0.629076875392848
-0.038447018547074 0.0109605140807637 0.015518133935871 0.0941325546844946
-0.0218067645003854 0.0466678161320276 0.345098124581946 -0.571238349371717
0.0197592848810444 0.0162428394338749 -0.400913833307967 -0.868561514469681
0.0267452693953901 -0.031675127879726 -0.890146011986787 0.0149613816183725
-0.0179185651768523 -0.0324195014496844 -0.213444923963553 0.6459340061487
-0.0250937837170615 0.0125059037732514 0.316156744542667 0.321163514849891
-0.00188056295696489 0.00648240386327649 0.219587013613754 -0.0537074168070971
-0.00273871919113332 0.0050629096713724 -0.0605292410972298 -0.201272782985388
-0.00264204889798377 0.0276414011249335 0.0697778571903097 0.152331714130635
-0.0033931838408659 0.0121636093306333 -0.139549163754625 0.0550244386406718
-0.00193475066800047 -0.0035034566785625 -0.270547656843473 -0.322675578542862
0.0147444034222207 -0.0327355359495518 0.191468403620046 -0.562836090162128
0.0718327488950356 -0.0131237326561407 0.78911610223813 -0.0477276057726941
0.0135422674512792 0.0478149266968818 0.444512147098402 0.821763804738645
-0.027914292902618 0.0248162319935167 -0.318005961480072 0.636612479791578
-0.0335575851718798 0.0107504412468223 0.00679996405397271 0.102401730056338
-0.0173272019700787 0.045443653595846 0.353113485730517 -0.558574664587548
0.0228172674648164 0.0173724890991096 -0.372697569852428 -0.881694791775063
0.0297076558916428 -0.0275993817575019 -0.892950945098718 -0.019172901264987
-0.0162255069145365 -0.0258235191506879 -0.232317165534386 0.64383652924189
-0.0245188867257271 0.0157763469794893 0.310231452547177 0.334670287144548
-0.00179763927447335 0.00913376326294712 0.221237224718717 -0.0426711674390277
-0.00157269968863649 0.00711823932605088 -0.0592856920211877 -0.200031132426216
0.00643263842251028 0.00718835716040822 0.0571114295940609 0.156267088971446
0.00102346180288774 -0.00853656378284421 -0.152511874929567 0.0585987856616762
-0.0111262481104345 -0.0256439098349694 -0.280859534493855 -0.318327337904787
-0.0131289987881361 -0.0428695138057952 0.196273726548473 -0.554869554044545
0.032815179835582 -0.0104901642088967 0.803401033465528 -0.0393310553422996
-0.0180957946885772 0.027573525869301 0.461105355343229 0.818199770664536
-0.0203746058055266 -0.0143721481517118 -0.283557488208216 0.626352907993658
-0.00236030719913893 -0.0211815528028561 0.0460921081501591 0.0896514936549441
-0.0100618665104127 0.00993270928536368 0.380240290915022 -0.570609482951828
-0.00837520888709903 -0.00161121437861188 -0.360889955133922 -0.879560964112576
-0.00903871266465242 -0.0285935714757596 -0.874300511336392 -0.00033693238350309
-0.0436622856799808 -0.0380156593713813 -0.221908743073306 0.656663737302875
-0.0300498450608027 -0.00728706305414209 0.300209385079123 0.337994608461001
0.00856098177966364 -0.010636542064104 0.20236537832988 -0.0392203842871657
0.0142536968051258 -0.0139915698492699 -0.0796806456249304 -0.189976047001996
0.00497989005523072 0.00852284273420107 0.0602661514865935 0.153646762489788
-0.00214470978767699 -0.00783639964514368 -0.151372820440011 0.0484147764921121
-0.0118312325133762 -0.0275662356265007 -0.27375788627321 -0.33202679423437
-0.0102997666823572 -0.0467793922139798 0.208438885869747 -0.554827044798868
0.0368714356755576 -0.0113562741641483 0.80017765610488 -0.0145708581597186
-0.0181109068125415 0.0315226541651995 0.436355857133686 0.833457719698172
-0.0271682662929073 -0.00910687081222792 -0.298908415419428 0.617633357389261
-0.0112060023811994 -0.0165888152598142 0.0476577436615058 0.0843079948441196
-0.0157374331518755 0.0157980284031711 0.365770730542479 -0.580541135610867
-0.00819360030479692 0.000620672622859624 -0.38844576189572 -0.864015836910195
-0.00659908362489439 -0.0337554725521958 -0.873377949571662 0.0259027268231782
-0.0404171900031266 -0.0422371534919632 -0.206991832963312 0.656081661190553
-0.0288843637585046 -0.00849457779153529 0.305120887512838 0.324792940732342
0.00731786966003535 -0.0107578476043341 0.203741371331451 -0.0498970953840885
0.0116596800123167 -0.0119471557690504 -0.0765114351649277 -0.19283930328658
0.00192924381704854 0.0110356379069703 0.0643854090302808 0.151272236586211
-0.00459558964788992 -0.0063239604297303 -0.149345180425337 0.0415853024685743
-0.0121745378774914 -0.0265776177320506 -0.267931455710786 -0.340513277016699
-0.00546475389000165 -0.0488924773039482 0.217205756844104 -0.553979534474771
0.0423576145788506 -0.0122121132365454 0.799745764346064 0.00542004948791908
-0.0169598736670346 0.0351606796610592 0.415183349160421 0.844837168887545
-0.0324587909127164 -0.00199948446100385 -0.31255348727865 0.613220371404774
-0.0203918561717343 -0.0104512680497675 0.0469663389079988 0.0811366174144441
-0.0199082816797094 0.0243735181024504 0.353829236662409 -0.587611167788611
-0.00475497253935969 0.00374018200093327 -0.409728343045558 -0.853997329911724
-0.00120055539856697 -0.0351605511361679 -0.876540800804365 0.0454719962328661
-0.0362739827453268 -0.0446643955858902 -0.196757946043279 0.656085469432531
-0.0272681101824343 -0.00669523122492225 0.311693366782258 0.312684720901106
0.00499848828578387 -0.00869272471550255 0.205200978545149 -0.0571224768243434
0.00830019480758344 -0.00913836871569954 -0.0739263711729785 -0.197855303567387
0.000102757950786267 0.0140557152553134 0.0662340713236729 0.14951654119676
-0.00568361622933923 -0.00283528318493975 -0.146670328348123 0.0371043729884943
-0.00978152744864117 -0.0246200816451762 -0.264199367550869 -0.347179542679411
-0.000509694931844303 -0.0493286641071996 0.220043811923979 -0.552183494878135
0.0496030646496608 -0.0126333103183551 0.794868693280146 0.0116606180275496
-0.0131104266683654 0.0407612325591419 0.401949468787592 0.84997197505594
-0.0363493207898255 0.00579783791922969 -0.324294589390872 0.611390574356488
-0.0291132330405313 -0.00420507924895853 0.0431181667289568 0.08089330966327
-0.0235568072299343 0.0309575164333209 0.345152194336476 -0.587922370547028
0.000431220360034547 0.00726376351715047 -0.420533147078873 -0.847554231377169
0.00613676078558423 -0.0370940239832413 -0.879208092753735 0.0529475759362405
-0.0311421940066881 -0.043688502555492 -0.190661985516508 0.652192177527795
-0.0264774758454193 -0.00320578591809418 0.315934470147514 0.304804408311049
0.0024906285893305 -0.00429057527859625 0.209458715785773 -0.0623743698654463
0.00493641932987431 -0.00529016529253298 -0.06908481261542 -0.199258928347546
-0.00129405493027066 0.0184875870964977 0.0689196665295059 0.149014599600649
-0.00639273895397278 6.49160530182993E-05 -0.144082096169343 0.0359601191904219
-0.00847316164359644 -0.0203243328604425 -0.261982355297701 -0.349274887403784
0.00631881343781667 -0.0481821785555664 0.219469591104483 -0.552918323433171
0.0575538603905331 -0.013249484954366 0.792160368305743 0.0129694529307248
-0.00697417435912203 0.0439258972126078 0.395764119039289 0.851497774960447
-0.0384403989326919 0.0132354546189884 -0.328287697881274 0.612902701493846
-0.0355587480897218 0.00274262683131943 0.0348246589401976 0.0828110565697358
-0.0247415759641627 0.0377494460251743 0.337609407947143 -0.583953432209161
0.00847201845267796 0.0100150829282552 -0.42870531709876 -0.848705888735194
0.0131523867862595 -0.0367056187934321 -0.881641772856551 0.0499067223678273
-0.0260250654173088 -0.0415805481435309 -0.192286788786111 0.650208217433957
-0.026249033125192 0.00193705150090214 0.318514553620969 0.304027486387793
-0.000375225435080388 2.43245112495002E-06 0.213697833801988 -0.0627044644083179
0.00170105235045002 -0.000957865427450186 -0.0653432319416034 -0.200384871048149
-0.0028035868631686 0.0225256250035839 0.0696627685677826 0.148381487457171
-0.00708779111429244 0.00506054849637194 -0.14141505565527 0.0396410344826008
-0.00590360691098459 -0.0153580143770717 -0.262669003845894 -0.345002616116086
0.0109621713305198 -0.0445015109845238 0.214287466221905 -0.55529515438485
0.064247515237977 -0.0136192853534264 0.787776373489585 -0.00179896994407005
-0.000720295399170158 0.0468205511622242 0.403819165615789 0.845856066870466
-0.03704612182267 0.0193832433082726 -0.33004124357098 0.618045576210866
-0.0374975403939547 0.00754712504568857 0.0264632868868093 0.0867818295367461
-0.0244477063114448 0.0429810331894621 0.336980243517445 -0.578640290725665
0.0145244965282967 0.0141434753617609 -0.418511415124541 -0.855796293006804
0.0205510969876696 -0.034429813541883 -0.884570965005159 0.0328742520743061
-0.022120252298776 -0.0363232388878286 -0.19911998549071 0.645848019975833
-0.0259575736716213 0.00718523319086685 0.31843707725786 0.309710087093169
-0.0027099448633854 0.00292908955740183 0.216499828614292 -0.0588802736758446
-0.000946700294385872 0.00261767574739807 -0.0628379162491493 -0.201653918382715
-0.00305199814847019 0.0248165327256745 0.0693365211153702 0.149932345956192
-0.00566858740348969 0.00907735609160414 -0.139589302863484 0.0457071079974759
-0.0029320876001998 -0.00949971720688002 -0.265037484241384 -0.335396871239888
0.0142640611245566 -0.039188734616009 0.202122118618667 -0.556972762202311
0.069523812311397 -0.0138787127112934 0.786610608904828 -0.0203346417764657
0.00691012593248268 0.0477569722639395 0.417963122883458 0.834347825802315
-0.0339262461792697 0.0233808077558803 -0.327352610078739 0.626310322185273
-0.0375036826742544 0.0103116294826411 0.0152028769232529 0.0944657009717272
-0.0208660412173255 0.0460523030475609 0.343060911114259 -0.567091739830252
0.0195910822117561 0.0171189743342168 -0.396827846875305 -0.867715639705838
0.0255033554930199 -0.03176474890653 -0.888546287498631 0.0108825606100243
-0.0172151689953058 -0.0319138602047827 -0.212894953394166 0.645163797204046
-0.0258549598315132 0.012467067132296 0.314217176754582 0.319721321701859
-0.00391091621103286 0.00673239479314007 0.219486045977018 -0.0528655056714222
-0.00261858170428922 0.00550014019430923 -0.0602213603797827 -0.201247497271922
-0.00255190311243828 0.027619621390635 0.0689231173478911 0.151986047688124
-0.00391933870711923 0.0109740127320643 -0.138297153532928 0.0556510021881609
-0.00187546554762725 -0.00349105438057891 -0.26997340704182 -0.322499093611391
0.0151048336643402 -0.0323646697527612 0.189649578543898 -0.560232491998292
0.0720803773266682 -0.0130737822328738 0.784608335299591 -0.0459845219382629
0.0127467555200827 0.0474706717215245 0.441796927120417 0.819480853749596
-0.0284029341828818 0.0238170487350472 -0.315386650271775 0.633401106610187
-0.0325798124848007 0.00989506078051116 0.00640912741794192 0.102337681735034
-0.0170304108497856 0.0451795979095391 0.351935530145503 -0.555691945119866
0.0225990789413564 0.0177038146342354 -0.370128960095558 -0.880644601208963
0.0287762969769037 -0.0281463542804442 -0.889411643428082 -0.0210801976474214
-0.0160861029900566 -0.0258723467601453 -0.231861646794868 0.640626783974593
-0.0245736064622602 0.0153056252740661 0.30832561226843 0.334358294670322
-0.00343599521093618 0.00852526017292271 0.220490383922541 -0.0427380200572667
-0.00216850719475992 0.00743248147309978 -0.05955678286598 -0.199304965953101
0.00629756331767437 0.00744977040680306 0.0569658245960514 0.156379804848325
0.000333005816367981 -0.00867732843587965 -0.152855003429826 0.0568090840949454
-0.011270355926638 -0.0267170342644139 -0.280720905797167 -0.316621962294225
-0.0129641756266836 -0.0422430336664818 0.193549258160804 -0.554550765675351
0.0324736981558546 -0.0111405931667715 0.799036423697654 -0.0381257521842459
-0.0175949610631854 0.0273137963632558 0.460279835041401 0.816900703000466
-0.0189628765580104 -0.0149490010140714 -0.284001111783609 0.62194332307082
-0.00187745889917486 -0.0216466758330224 0.0445596945866357 0.0898893215655888
-0.00922510432428341 0.0108904970115024 0.380085331336659 -0.568865436375237
-0.00926532388916685 -0.0016441355010595 -0.359389221960664 -0.877911130960577
-0.00878881208213342 -0.0284215658584951 -0.871752328309907 -0.00307620479032109
-0.0425949144306555 -0.0378516891509016 -0.222802066963222 0.655215949061163
-0.0289061839776097 -0.00743110055038883 0.299361525466317 0.337322187886612
0.00773653750688991 -0.0119312010478803 0.202644856884804 -0.0398996939965727
0.013320817359955 -0.0132825989429002 -0.0785475850418826 -0.189474524909348
0.00404968255080304 0.00817993346682375 0.0599945419066475 0.154175116160327
-0.0024661741950511 -0.00788993293284188 -0.151332940689624 0.0479094934230749
-0.0119203684720182 -0.026794045388624 -0.271255148972806 -0.330232418335593
-0.00935860477121664 -0.0462947482584677 0.207374786562684 -0.551983425831966
0.0362901047093366 -0.0112413977974014 0.798583569933301 -0.0133262583774819
-0.0176312987732576 0.0297754961605158 0.433409154800028 0.831173664750934
-0.0257543383215038 -0.00919481892425811 -0.300205539819988 0.614934347329352
-0.0113509522766222 -0.0171973246613212 0.0478969497013717 0.0837182953600417
-0.0148392791967698 0.0163246681002839 0.366518614766173 -0.578402636873424
-0.00767118981760567 3.54840232714669E-05 -0.384558085749218 -0.864025249963335
-0.00675415165342646 -0.0323248292337099 -0.870545873642605 0.0245213656758956
-0.0406162387453356 -0.0425539088358738 -0.206820408622625 0.65345030564143
-0.0288625488722605 -0.00811285527014366 0.304936860973008 0.324011750065057
0.00592989993248562 -0.0107879015694995 0.202979482178337 -0.0492151597341666
0.0109247989904042 -0.0116892094750175 -0.0761718249996368 -0.192874343231572
0.00292752368353188 0.0110735673152402 0.0632170660526825 0.151074606654106
-0.00513352540244008 -0.00632603900716818 -0.149056130680535 0.0414626520405276
-0.0119373624599572 -0.0264545340074123 -0.267946845589423 -0.340244344890187
-0.00579434074279061 -0.0488664459838094 0.21599976842237 -0.552301251851391
0.0425972859103334 -0.0128151729282562 0.797329306628996 0.00482190852058678
-0.0164618584158187 0.0350973425104115 0.414724343547548 0.842611948388129
-0.0326358150205219 -0.00214943266520654 -0.313570516061457 0.610696338853401
-0.020417452850842 -0.0106097727847007 0.0470170490618701 0.0812289379631223
-0.0210168442961033 0.0239604199375514 0.353391706371178 -0.583810654412593
-0.00438209167507743 0.00326257736377151 -0.407383852974377 -0.854212098367785
-0.000953491893350243 -0.0358922984013466 -0.874446494828183 0.0415310143529077
-0.036074871697705 -0.0448233582668121 -0.197489787287869 0.653003890024888
-0.0274795326126408 -0.00664376588106639 0.31091456844651 0.312199167587292
0.00408544540007955 -0.00844792198199679 0.207035869984746 -0.0575319465322994
0.0083599922091961 -0.00932385256296908 -0.0731535082293308 -0.196463956254515
-0.00024893249330365 0.0140315237308042 0.0656900992027522 0.149465948237503
-0.00709360263018421 -0.00363134219578213 -0.146058936432723 0.0368233364343461
-0.0105490592139617 -0.0244580868581249 -0.263563997360502 -0.348234615474996
0.000366694079939498 -0.0491270278098782 0.21966683547738 -0.55038382470994
0.04939168995019 -0.0131939675999808 0.791786363429212 0.0127191413350213
-0.0135899695356374 0.039332988369722 0.398497695338401 0.848690970492863
-0.0362113120478589 0.0059756539891016 -0.32373567530726 0.607555765390137
-0.0288077051433846 -0.00397811159671005 0.0418534752549976 0.0811932008638163
-0.022336202472542 0.0319797574212182 0.343403546531992 -0.585501720859382
0.000123338311377334 0.00713967277352447 -0.420844525799067 -0.84904149794592
0.0054274210039392 -0.0373461643795224 -0.87641209501635 0.0506881229895742
-0.0314376796823691 -0.0442183691674592 -0.191129254104785 0.652560179183795
-0.0265029288051484 -0.00309610708127278 0.315311932621854 0.306548034613865
0.00103559684456353 -0.00538064733571824 0.209368190539215 -0.0609042588355714
0.00411391457393104 -0.00498915252450464 -0.0682260799400107 -0.198345463205969
-0.00145215242382684 0.0185202566680541 0.0682783217938011 0.14785712539581
-0.0071230618624685 0.00088490933620255 -0.143278390880055 0.0354524155829466
-0.00803861231619865 -0.0200941790111345 -0.260632184867693 -0.348452019652153
0.00572148459612932 -0.0481338569133552 0.219603466806845 -0.551595493789025
0.0576063111152951 -0.0133774481968474 0.790078663558155 0.013087912673036
-0.00779812343274039 0.0434905674629167 0.39356061622435 0.848310527307829
-0.038242536279502 0.0126302728524636 -0.329697593712778 0.610686570881385
-0.0354956627573337 0.00156105903817201 0.0348603392936717 0.0833615168470118
-0.0241023803637352 0.0387516840132688 0.338040024496789 -0.583639379390457
0.00768202487756636 0.0112570640029405 -0.424199247946031 -0.848760736550983
0.0135612556140904 -0.0365597666457051 -0.879476880196605 0.047244327569518
-0.0258119855635788 -0.0414723403229918 -0.191933950277412 0.649084217622052
-0.0256910280257449 0.00174697742785708 0.317801051328572 0.304515155307599
-0.00144188771893794 -0.000906220628512321 0.213567322511394 -0.0614908099396581
0.00147260307019113 -0.000204147231888283 -0.0645386581334608 -0.200448798618053
-0.00182437788918723 0.0217054786856204 0.0686725284798904 0.148448311310578
-0.00663309644755153 0.00498260313764163 -0.14096059392848 0.0385657278753208
-0.00560946095628114 -0.0150902068632555 -0.261389936572082 -0.343517797356531
0.0107257205513928 -0.0439191211069053 0.212981567178506 -0.552794284155911
0.064011180639275 -0.0143832081987271 0.784539766923696 0.000595430381909896
-0.00105815533938305 0.0464311533349414 0.401071363251099 0.844299531942855
-0.037616840291774 0.0189878455046898 -0.331491072628705 0.614506678378265
-0.0375501674615335 0.00691451776052736 0.0253820976228321 0.0879815258690757
-0.0232805047215588 0.0427604474933487 0.33957466994664 -0.576348425681227
0.0135303166320646 0.0144599287785709 -0.415210295507705 -0.854296075351023
0.0202493869764885 -0.0339648792573032 -0.884028761245662 0.0329770028509993
-0.0217444606800704 -0.0363650513043726 -0.199701764276731 0.646743407640527
-0.0261186023852145 0.00701036968919257 0.317188785221543 0.310398716646793
-0.00346678425920129 0.00359994125539639 0.21638716287468 -0.0584866856059135
-0.0011168125604177 0.00290713485862603 -0.0614641525698836 -0.201807169168197
-0.00270469752452622 0.0254040063828391 0.0693359384856208 0.148278738259986
-0.00623258057239717 0.00857703128994021 -0.139110088433983 0.0451777770074416
-0.00282170622637934 -0.00905746716364132 -0.263866672320386 -0.334403315060333
0.0145984600835782 -0.039169689972692 0.201064785090395 -0.556034270507401
0.069798812430165 -0.0146110243675447 0.784924007716548 -0.019128524463833
0.00666762987147907 0.0480335058941524 0.416207329715125 0.832773769348076
-0.0339217236833902 0.0227610478920267 -0.327134211875668 0.624096290177735
-0.0375577242272992 0.0101288288513032 0.0152369644653396 0.0938695695697178
-0.0204975124331772 0.0469230193495318 0.344216986968828 -0.566063186427212
0.0189495198115751 0.0160778669853332 -0.395453030870945 -0.866061074634336
0.02579021357146 -0.0305958860327787 -0.885650538278662 0.00887768581468052
-0.0175901236547234 -0.0319869960911918 -0.21293905875413 0.643661608575117
-0.025544847597218 0.0116203463712639 0.313668435776649 0.320085899322254
-0.00422496615391771 0.00730302177111194 0.218582822860879 -0.0521161036712812
-0.00303963427866082 0.00678812936252938 -0.0588047201522867 -0.200568283721979
-0.00267844973395122 0.0275877382883742 0.0679438394857264 0.152017162799413
-0.00420882370127682 0.0115298857079229 -0.137944815986384 0.0539193602619378
-0.00203674736155709 -0.00368278803166699 -0.268151008692523 -0.320432301922369
0.0153554641493794 -0.032435403838379 0.187686717267521 -0.558751901952593
0.0715987685640491 -0.0140079502517596 0.781458987037075 -0.0447772890351
0.012832884968526 0.0470252552513271 0.438792452825317 0.817418886710345
-0.0285612217240507 0.0238157363054926 -0.317561190780067 0.63139336950098
-0.0329720806987851 0.00995736440709955 0.00618226252278742 0.102416959313269
-0.0166782088615772 0.0457803324146574 0.352782614260404 -0.552026945585919
0.0221121893723791 0.0185299124813672 -0.368650006695053 -0.879660100528051
0.0287153640057285 -0.0277874897322682 -0.888460206711426 -0.0221077851232573
-0.0154113443614374 -0.0263738266286658 -0.232011148291617 0.639647612268614
-0.0250955418652739 0.0153001614730801 0.30687274723701 0.33611099611081
-0.00369968564248876 0.00891310895956943 0.220431520412108 -0.0422623191864008
-0.00287620520277473 0.00765233666617645 -0.0589862900486036 -0.19876768946617
0.00702992487107686 0.00711902207441152 0.0563053662738395 0.156744656523962
0.000173472147414758 -0.00934251275538702 -0.152316574001891 0.05633119918874
-0.0105702905537324 -0.026400051904445 -0.279025898083593 -0.318440312117471
-0.0121057774138229 -0.0424378475501588 0.193778043433549 -0.552190567985756
0.0326435600121002 -0.0115062252056146 0.798418291475859 -0.0346932524535288
-0.0176758219529644 0.0264545835424023 0.458597767086784 0.814957071144951
-0.0192664306746113 -0.0151296343455405 -0.286793903638262 0.62113401413094
-0.00238755174297298 -0.0216024727150001 0.0447394074346455 0.0903463834420897
-0.00918641907382907 0.0107605556324565 0.380924704935553 -0.566705518276398
-0.00938750895052063 -0.00166580842432348 -0.356760930438996 -0.877359489904086
-0.00997703196441579 -0.0286088278924159 -0.872246881795205 -0.00308047834556188
-0.0424673819807257 -0.0380332464716085 -0.223547501362296 0.65462912509607
-0.029873821561282 -0.00727710662073693 0.297864856301593 0.338087986567967
0.00705516729987908 -0.0115389544848212 0.202882160978236 -0.0392615191471258
0.0127299652859908 -0.0131506078521289 -0.07894922966188 -0.189345637223204
0.00483714049755617 0.00844158027633215 0.0584388285723774 0.153812925125611
-0.00227783615892897 -0.0084266226819557 -0.151305617828494 0.0479464877212634
-0.0117241062979949 -0.0275326797097 -0.272951245961052 -0.331266306750773
-0.00931358590982503 -0.0455603917365664 0.207046108229262 -0.551495562572656
0.0366452254946543 -0.011449529254257 0.798029379432172 -0.0107409205114213
-0.0181842317998947 0.0302019859092945 0.432841337878856 0.82954739148456
-0.0253748729806033 -0.00998865276870271 -0.2998551752799 0.612949443064545
-0.0112723683413951 -0.0170521109533894 0.0471489028936593 0.0839656770352844
-0.0142210683122844 0.0165827629081873 0.367204452120967 -0.575134808174656
-0.00784535657657563 0.000898075603258292 -0.385197599047763 -0.864614211802008
-0.00689539486859546 -0.031780702042016 -0.870798449675916 0.0225803961684601
-0.0400287782673095 -0.0430025558859311 -0.208442300821581 0.654562919613884
-0.0282745323600247 -0.00866704876946364 0.303506055163973 0.324739591744726
0.00572135376695536 -0.0106689314166183 0.204156006785963 -0.0493864806471566
0.0106406379682889 -0.0116019458522855 -0.0748792158257069 -0.19276764086364
0.00283482005527901 0.0102029650284736 0.0619453789629764 0.151590298267457
-0.00533516939530547 -0.0072914895001169 -0.148283053536435 0.0406653689284301
-0.0119954554620877 -0.027587389612871 -0.267436791021085 -0.340799927531066
-0.00509747619574153 -0.0481580246520226 0.215539353316685 -0.549993777403187
0.0421898665182245 -0.0131793380384231 0.795161122304294 0.00537487229383739
-0.0172880617468865 0.0345739133266724 0.409771666400311 0.839764715480628
-0.0315623339930011 -0.0026818574475537 -0.314001523504015 0.609905057610294
-0.0199708587903011 -0.0110474414005479 0.046334691958549 0.0814765529310221
-0.0194048363745586 0.0239133148523858 0.356208835956585 -0.581796164182944
-0.00439540295980517 0.00423418391644166 -0.406161911609358 -0.853777009140338
-0.000877807885563289 -0.0356836270628111 -0.876236108246712 0.0388647263855005
-0.0357815440833222 -0.0448302679104584 -0.197593115620309 0.653179546704553
-0.0272232518422745 -0.00675837992384576 0.310545145591785 0.312876988448937
0.00354798260409986 -0.00763453180580661 0.206122418149785 -0.0563930624925178
0.00751566678591421 -0.00808560815235611 -0.0719972474413168 -0.196880175636422
0.000448255713374763 0.0141611065271458 0.0644497833367398 0.149193258980321
-0.00688142078144606 -0.00386839451982117 -0.146194674000321 0.0359848245173797
-0.00911916592170244 -0.0253342278552456 -0.26205860528152 -0.346512525896493
0.000463415996198294 -0.0491930325120335 0.219159729319459 -0.549775096489396
0.0492947761799123 -0.0135893870866608 0.789864050967976 0.0153022655808645
-0.0134481739520835 0.0401904941362417 0.396676186240696 0.846943660580681
-0.0360246004345646 0.00528300481852826 -0.3244355835546 0.605673073981196
-0.0282091526963013 -0.00467038483933734 0.0418810202954237 0.0804122559139724
-0.0228591230558713 0.0316365525112273 0.344894059634755 -0.584355362528062
0.000363688541261627 0.00816550780884508 -0.418370111827959 -0.847572502483831
0.00561202540059134 -0.0359558772777291 -0.876732275555001 0.0481669518175296
-0.0300461823817592 -0.0449708394060562 -0.191737157358065 0.651673971230615
-0.0264298494977798 -0.00426140512374619 0.313980231338211 0.306801606620257
0.000703708651400994 -0.00424365285774899 0.210392401441903 -0.0608301489819657
0.00398448377734015 -0.0043245942189624 -0.0673337888682339 -0.198506915449972
-0.00170570811518681 0.0183501438192031 0.0672465036266855 0.148166240882869
-0.00719370273171546 9.75786488304935E-05 -0.143020167431825 0.0346823501251802
-0.0074411183834881 -0.0214664423537389 -0.258792831769616 -0.348094371080317
0.00622116619891327 -0.0472835816334466 0.218115762794734 -0.549959803495634
0.0575712964121303 -0.0133745983336198 0.788082115808148 0.01460739233255
-0.00726551674961315 0.0436452225940928 0.391479847915337 0.847581546829225
-0.0377556185514096 0.013007331126564 -0.329353992354888 0.608880060255967
-0.0344552617839731 0.0016136124635002 0.0344425485686414 0.0825794251627412
-0.0231762139013516 0.0378433819109349 0.339267835877316 -0.581107450671176
0.00658696282153599 0.0115379229757421 -0.422652391206409 -0.848232340031661
0.0132404845421435 -0.0362379919126839 -0.880832438649923 0.0461450287919711
-0.0254339928606437 -0.0409246204096353 -0.191686153071023 0.648417219451508
-0.0273273976955247 0.0011395514020665 0.317999048627694 0.305389852181733
-0.00286172663133333 -0.00107356219776287 0.214325105618012 -0.0616444210042144
0.000834207677689252 -0.000227811647514055 -0.0638420299933635 -0.200754983547287
-0.00244180567381859 0.0222086416958233 0.0684314755535695 0.147656379011545
-0.00695722003811652 0.00408630517927395 -0.140265705023582 0.0380473097343241
-0.00575909452656591 -0.015431598969728 -0.260761934500414 -0.342980837635723
0.0113277288008241 -0.0437822276390144 0.213374352049308 -0.551759157247087
0.0638605096610086 -0.0140261816382083 0.784626714273539 0.00253365675262446
-0.000373253721586805 0.0471266275655885 0.399700112822492 0.841854518602631
-0.0376235171962365 0.0189436249810742 -0.331187078784184 0.615238823334566
-0.0377241424172121 0.00655868916328049 0.0254092586446661 0.0872080305567463
-0.0229912802999392 0.043267804095943 0.339479229915774 -0.573595610726815
0.0132856543554523 0.0147485317719489 -0.411452859779186 -0.853628714543954
0.0203339658841419 -0.0339351697728556 -0.881778097569621 0.032171109844564
-0.0203616990266787 -0.0367532123968256 -0.199964504177577 0.644819629784544
-0.0257424196686258 0.00671241798420567 0.316556220535657 0.311433891252319
-0.00437858977404547 0.00361613650308251 0.216788213303903 -0.0588700297303879
-0.0018102539518174 0.00323051482347891 -0.0612091485910388 -0.201386536650434
-0.00310588822011132 0.0253407768253495 0.0677918284751889 0.149657253876063
-0.00579335459957548 0.00794949573389311 -0.138290530730699 0.0445979544914629
-0.00335682772998134 -0.00952537592829018 -0.265052237682433 -0.334347611252591
0.0147434715945518 -0.0386132089477985 0.201820911759596 -0.555147705801692
0.0697946680578413 -0.0135946804180757 0.782039331554906 -0.0176299240330269
0.00692382823086956 0.0477440585141808 0.415003746935794 0.830713590663192
-0.034214420801229 0.0222536700876727 -0.327729440387939 0.621195063559708
-0.0372283983231394 0.00885935247784652 0.0152906853246975 0.094876994331741
-0.0200952016769071 0.046328712878702 0.345773349785631 -0.563646805946043
0.0184332325470547 0.0179683998223925 -0.393651644061114 -0.865342128723069
0.0251861181417351 -0.0306568518792996 -0.884123115976794 0.0080535777326048
-0.0174437321494631 -0.0317451019720315 -0.212090023368981 0.644227513259701
-0.0259153716071817 0.010748160127107 0.31289115993722 0.321817884717691
-0.0059443444846151 0.00738131208409242 0.219565853819779 -0.0509015013360012
-0.00343567988882881 0.00633110667343832 -0.0583714646304461 -0.200898329342881
-0.00191343333341652 0.0276629209555641 0.06658380635039 0.151361393060567
-0.00474218559252007 0.0110286968961656 -0.137307842359559 0.0533991538389579
-0.00154444854533773 -0.00405502407417021 -0.268191327618559 -0.322737134137317
0.0159366236098415 -0.0319877916765733 0.18821005777918 -0.557169598621227
0.0718740640012884 -0.0139149679156985 0.781568106190333 -0.0442434282710526
0.0123143456634924 0.0468263488580451 0.436828780011912 0.816209386175239
-0.0283514136703968 0.022764348684999 -0.31876820212743 0.630176337767142
-0.0328375277514637 0.00966048277364247 0.00560738537273012 0.102031672566532
-0.0157653573363112 0.0468643676336601 0.353806641168059 -0.55113883407521
0.0225406730460909 0.0184135950339569 -0.364618941228053 -0.879875795369409
0.0281368354245899 -0.0267698275036195 -0.887906604927432 -0.0262549471510132
-0.0152590414954857 -0.0261812445536446 -0.231435840159573 0.640519149037377
-0.025241874190238 0.0147626098974977 0.306443366960789 0.336100886994963
-0.00469985490593389 0.00853943242093042 0.220638656645814 -0.0421316334429213
-0.00274495304241379 0.00788280208465583 -0.0582901299885099 -0.19857072663787
0.0104113082245408 0.0014509566159393 0.115839361811924 0.119472878123622
-0.00130686970131258 -0.00812020211809435 -0.113700025767376 0.116245838743463
-0.0203240867671711 -0.0137333750888891 -0.38783885704483 -0.168653012956608
-0.0360032502119885 -0.0275912159929027 -0.0623171681813921 -0.584616372048604
0.0148764065364221 -0.0322803879390365 0.70462512231992 -0.378384920246544
-0.00190158359713128 0.0245600704538982 0.764010023067944 0.539233272310278
-0.0243732045286749 -0.00558763919086754 0.0057343879573299 0.688410473306405
-0.0105606300852162 -0.0198983308952166 0.0799050682900134 0.0621216221645843
-0.00082894697096593 0.0120310259875573 0.10274765298139 -0.678510056112057
-0.0116768358579141 0.00208837265819153 -0.701719030811852 -0.640744160519688
-0.0238469499172209 -0.0186255379436642 -0.787257911971101 0.368677445315769
-0.0554226316896022 -0.00688195062754862 0.0767783743734232 0.683089210584974
-0.0287841180125674 0.00996269728205167 0.413002262335123 0.176872199094599
0.00272141319140306 -0.0130808034773467 0.168698852237349 -0.119773060269333
0.0056232315921346 -0.0189360780477209 -0.148535069076319 -0.140684972645475
0.00908013823584882 0.00417819251392824 0.117015638250276 0.117176850887732
-0.00360568528881598 -0.0056321826973148 -0.115938372443633 0.106927719845479
-0.0221843645835832 -0.0138287137434823 -0.387725725217703 -0.184627488563395
-0.0350736702184274 -0.0331572110710129 -0.0519752119103077 -0.592366197281847
0.0185320833777663 -0.0354229865546043 0.713808629626191 -0.358365243319281
-0.00112593297074984 0.0274920315402834 0.746237084967044 0.563976865840919
-0.0276589833022401 0.00269317940085817 -0.00993714035751318 0.687190431734941
-0.0166333818809373 -0.0123531938014163 0.0793246148066735 0.0552473344496297
-0.00350468515690368 0.0195958424570237 0.0842799310069399 -0.680517610395474
-0.010575417767651 0.00386618784496533 -0.719791408295912 -0.616421216027941
-0.0224376868200743 -0.022880105247593 -0.774521530146305 0.390719567850127
-0.0556079219984519 -0.0121915932845968 0.0904132969396125 0.675743251436622
-0.0283396966462123 0.00805808651426812 0.410904646420657 0.161611769997996
0.00245505155754131 -0.0117916041371997 0.16578423224309 -0.129914963240606
0.00339806425648519 -0.0163084265179846 -0.148102878938284 -0.144080137450028
0.00747639886400451 0.00659324114303003 0.118907574976304 0.113784928267582
-0.00430237188906634 -0.00349024313591161 -0.116935326586369 0.0998294527311555
-0.021553514354148 -0.0136625157335215 -0.385383190186192 -0.194536608389947
-0.0323685446206108 -0.037007538269355 -0.0431273756767158 -0.594369122535999
0.0234853011259379 -0.0378791174945694 0.720079500369168 -0.34007319562813
0.00198456156683285 0.0315180457493992 0.730320917623889 0.58303883425961
-0.0308350039387013 0.0111668934681046 -0.0255353234014438 0.68832759604281
-0.0235986179612047 -0.00352332131403425 0.0771075890957399 0.0530703649973867
-0.00578451747629191 0.0284447438888354 0.0715971401412021 -0.680203501348887
-0.00637620698565872 0.00585801890615471 -0.734144152124744 -0.598733703485067
-0.0186715422831088 -0.0285129011640035 -0.769429155774846 0.407102743910961
-0.052983489874103 -0.0160468946881212 0.0991969211233882 0.670688962912882
-0.0264420852144582 0.00939478171451475 0.410831172331238 0.148868325701544
0.000973322642980171 -0.00830393620428476 0.164763956776269 -0.136895201086795
0.00245489644260373 -0.0126549256322297 -0.147334382229827 -0.149610783320522
0.0067522626292275 0.0104165391989863 0.120644852153221 0.111233611808863
-0.0055207894857191 0.000512896636141838 -0.117248193923778 0.0946098873288723
-0.0199447612752688 -0.0124508044347921 -0.385600926622789 -0.203720368472761
-0.0269138370399376 -0.0395754059461804 -0.0390365568967622 -0.593946628031036
0.0298093202332783 -0.0417147709304337 0.720584510399416 -0.32878675645118
0.00812161372751407 0.0345354372495175 0.721188307855111 0.594656366251261
-0.030747069365784 0.0193619381906287 -0.0360706703245279 0.690731074582997
-0.028927746813016 0.0061048790745577 0.0730611692133952 0.0551043055251862
-0.00546210083873572 0.0365401901588471 0.0607608131245189 -0.679211246096617
0.000839331596455536 0.00685030592840938 -0.745082129166349 -0.587511823009208
-0.0130651743618252 -0.0326693552654499 -0.76892290695113 0.41680221277523
-0.0473816010686137 -0.0178378424310099 0.105378492375243 0.666259642163252
-0.0246232727797912 0.0122787521669029 0.41289912643249 0.141331274944863
0.000265141803272291 -0.00440053325391117 0.165585623389608 -0.143005633573006
0.000482927666918843 -0.00769920663255804 -0.14377704395506 -0.152813389850783
0.00684878265164647 0.0140677053707182 0.12273166363373 0.110228940624381
-0.00402589303482205 0.00367116030674482 -0.115141819862358 0.092678629043706
-0.0162378376064273 -0.00988041313096652 -0.383121201319535 -0.204866632054874
-0.0216555056273008 -0.0411310506453375 -0.0393674098138733 -0.593709658923854
0.0371217369408174 -0.0452829265898374 0.71788868346758 -0.328558062987444
0.0148596521773538 0.0356682752291929 0.717351924043912 0.596633458469522
-0.0305188860466111 0.0277259429935814 -0.0416133239064828 0.696678129280118
-0.0314689659530262 0.014773374402776 0.0661329504015332 0.0603940368400969
-0.00322580235772334 0.0431946960419781 0.0560530337999527 -0.671393192928467
0.00814128430555252 0.0072692596972177 -0.748475080441492 -0.585351245824061
-0.00534365903700069 -0.0353048360822344 -0.771454367151695 0.416653918642549
-0.0418780854039894 -0.0182219507166429 0.100252308280425 0.665589675003462
-0.0213417155343068 0.0166710283265337 0.41492584649791 0.138352788776705
0.000368662646005097 0.00117123129060734 0.168017226935203 -0.145346823151909
-0.000950097298879779 -0.00148795841371738 -0.141450776434189 -0.156436390482159
0.00749100572727421 0.0186260167346627 0.123668598093331 0.108213790676921
-0.00280511978646067 0.0071368641880484 -0.110927054500463 0.0936396232353464
-0.0130707674081939 -0.00525124593896426 -0.380980855488011 -0.200263417102605
-0.0158358123672932 -0.0399775755297666 -0.0452347266992718 -0.594165044224288
0.0432113840407509 -0.0482177087316644 0.708464905421638 -0.339931974397604
0.0216061997192374 0.0356233045823483 0.722663378819779 0.587537585158225
-0.0271878380480995 0.0326081743778247 -0.0389934425865245 0.700378007123046
-0.0317113364883243 0.0200866559494809 0.0609395634136976 0.0687429914891005
-0.000380501860034205 0.0477769651999387 0.0602737145652621 -0.667078061552091
0.0149680941776055 0.0081441377008695 -0.741018966011229 -0.596662581471943
0.00224874830094798 -0.0364404383254701 -0.781821894966626 0.402085288955907
-0.0355942284388793 -0.0154238598952025 0.0935454202148019 0.666741336451323
-0.0193242456602901 0.0213346301800525 0.415661456660896 0.144956539766251
-0.000181142492488347 0.00516446526940067 0.171730470345366 -0.144042516498795
-0.00133308743359036 0.0031252602602907 -0.138777738098457 -0.158301695142443
0.00872089749211303 0.0217256280612449 0.123395199856772 0.110529054208706
-0.000263400152084063 0.0104722247208964 -0.106386313344138 0.09838536809387
-0.0076113942304346 -0.000475228652212896 -0.378694638724205 -0.190955118234157
-0.0105957197491523 -0.0373291502227417 -0.0565656941309215 -0.590627699309672
0.0479907397926465 -0.0499365232925315 0.69969431584108 -0.356961749148407
0.0287294912307218 0.0339335282695424 0.729071436051299 0.572385004055919
-0.0222162918327676 0.0343737525749703 -0.0321979069365844 0.707188978744367
-0.030557093624738 0.023012509814025 0.0536011936430724 0.0790932066477104
0.00278301198380777 0.0494474832273947 0.0677839653782952 -0.65923056928698
0.0204048601051887 0.00811267526446772 -0.729674293725663 -0.611644792818101
0.00815107026324075 -0.0350970906437592 -0.795037127490317 0.384786832747935
-0.0306194702742656 -0.0122928288039255 0.0808312918584188 0.66935672822217
-0.0169480849301391 0.0257858462451606 0.416939982174073 0.15502189727227
0.000897400696618237 0.00942063499845085 0.177261737798488 -0.138842225363018
-0.00139722942714323 0.00610772333259231 -0.136764863840497 -0.158832570390689
0.00964386614685 0.0227032307369961 0.124898299983387 0.112622861541894
0.00216079699649407 0.0124451331043015 -0.10191753163528 0.106457834136875
-0.00432513489894415 0.00257845827352324 -0.377988260088438 -0.177163446937614
-0.0075759335979331 -0.0312468906879573 -0.067483722225936 -0.586855359999995
0.0490317843614335 -0.0500110440750302 0.685445281466293 -0.378616656062727
0.0342340649367542 0.0303837930879398 0.744644126054998 0.548097028839625
-0.0167224012748843 0.0325911312544579 -0.020807300161232 0.709903425494727
-0.02678540499167 0.0216613602325828 0.048927356117695 0.0896927978780389
0.00590794643635266 0.0480405337911557 0.0819974172644714 -0.652506408224843
0.0243314900200025 0.00689167524948874 -0.709499898073399 -0.638296379172152
0.0123432835442902 -0.0333543099266547 -0.811504815960783 0.358304400204953
-0.0262973263190253 -0.00809340100483058 0.0614077068863676 0.67434323667838
-0.0152501255568084 0.0289444224142923 0.417610901559734 0.170753358092572
0.000617363665993066 0.0113468546573604 0.182457129764786 -0.130682214715327
-0.0003583688641771 0.0072306855913285 -0.135381412751214 -0.157871681971137
0.010231059023608 0.00133799250953649 0.115026317750449 0.121388081697376
-0.000785439283759989 -0.0082416551269534 -0.11332125799127 0.115702639864298
-0.0205156039810003 -0.0139509768723067 -0.389349974252827 -0.168893001019864
-0.0355451036729338 -0.028143817530275 -0.0644868854009048 -0.586593528556912
0.0150230522665672 -0.0328802013195725 0.705669915052432 -0.378509110702057
-0.00182110964158263 0.0241893388180746 0.765474999199406 0.539848605896242
-0.0242165235806914 -0.0053657072431649 0.00416538226909951 0.689201532431206
-0.0107006722825439 -0.0206892000290151 0.0801118019352372 0.0632310051088053
0.000343897104923187 0.0121357482895606 0.101784563483465 -0.678559307330598
-0.0121216154203736 0.00218402527928425 -0.703863372386386 -0.644364959534449
-0.0241912534697844 -0.0186378952312352 -0.789509905854077 0.367203825544618
-0.0557918881701877 -0.00803398742468989 0.0771361337031209 0.685396674635223
-0.0288916003485341 0.0100478082991114 0.412980564170232 0.177956888279699
0.00315852316845557 -0.0125833640111008 0.169755513998486 -0.1207461463207
0.0057547930346626 -0.0181733557503102 -0.149675049563682 -0.140701258154749
0.00877011447104645 0.00411502947531294 0.116299085772096 0.118629047479707
-0.00405315243612237 -0.00622334958605594 -0.11706581955281 0.106815576781321
-0.0219277595286811 -0.0144498350344313 -0.389026305025444 -0.184188055325085
-0.0352959842265923 -0.0331342660312312 -0.0518711176315867 -0.591331103236021
0.0184813524944109 -0.0358350259983023 0.715673665058 -0.357661041373417
-0.00181886493163888 0.0279873279005889 0.747605152694657 0.565731762256816
-0.0275403982651294 0.00244641802616596 -0.0117627929180226 0.685331148743786
-0.0174734843256756 -0.0124247032117087 0.0799958215162525 0.0570198927727175
-0.00351351420505712 0.0190386170599725 0.0847997031472684 -0.682761870233583
-0.0105747897806145 0.00384300227979622 -0.722464857775083 -0.621046365651902
-0.0214949406677367 -0.0228130062046309 -0.778910621673056 0.391083781001532
-0.0555215636174405 -0.012406148887994 0.0909646128419801 0.678974969593888
-0.0289650152465914 0.00864398761482229 0.413253183834813 0.162470383127961
0.0018752108235695 -0.0113983994564737 0.166354629722785 -0.130160668163529
0.00410007696243205 -0.0155420125967212 -0.148198672054041 -0.145940634103706
0.00778193654887651 0.00682760218779435 0.119031543822797 0.114355721335371
-0.0052738277995128 -0.003085687293852 -0.118589945711315 0.0999462703850675
-0.0217269625393764 -0.0143326563786069 -0.388244557615996 -0.195880184051689
-0.0319455996472102 -0.037377555038588 -0.0439094183155429 -0.595674893718425
0.0233840287114433 -0.0385045481177459 0.722088899114103 -0.339445262191169
0.00208155985701788 0.0316829176499294 0.733937535924176 0.584046581165172
-0.030249683853618 0.0107298503634847 -0.0265523640656507 0.689286628797749
-0.0240804784601458 -0.00307989138540686 0.0777643966666111 0.0542571733999382
-0.0050378868359046 0.0284204723603595 0.0710631251450545 -0.681668749060877
-0.00535456969574512 0.00640523516884729 -0.736562863725413 -0.600960593563654
-0.0188965693004699 -0.028322574404467 -0.771797621562572 0.41054726779536
-0.0522228945508339 -0.0156949354434384 0.099156385170184 0.673478181759041
-0.0267090888133118 0.00945167013964824 0.413150806073168 0.149009950849893
0.00094409059537605 -0.00772576007784184 0.165454662737912 -0.137574773428128
0.00277457771813426 -0.0120453262426543 -0.147115757389537 -0.149725289486997
0.00698774000191855 0.0107273451671919 0.120634122672903 0.110824079668121
-0.00565923931949101 8.59113104420555E-05 -0.117414565866399 0.0945544405580888
-0.0201910621100152 -0.0125298236556595 -0.385165475323816 -0.203364308037694
-0.026195258083179 -0.0405707507855941 -0.0409981735838146 -0.596301738365534
0.0306034653289959 -0.0423848353612248 0.721980281479495 -0.330271933889535
0.00733432099641808 0.0349032039356434 0.723859517371015 0.594853455166893
-0.0314132968611785 0.0200866757466787 -0.0369649646483816 0.694440036169764
-0.0284880804408736 0.00639015654772254 0.0720691105072372 0.055216064528198
-0.00462209260150791 0.0360207724673062 0.0624157077725595 -0.679031905257718
0.000948428029153209 0.0072166482522309 -0.745849614021468 -0.590798975855341
-0.0122822327996547 -0.0324202574283995 -0.772867173596539 0.418253121384632
-0.0482155078079674 -0.0186825591492488 0.103622872401729 0.670090148597999
-0.0238934468099155 0.0120740837054306 0.415035547248035 0.142011651183575
0.000323849701931325 -0.00371393338995425 0.16649253747196 -0.144023087749278
0.000842424929673516 -0.00735291165011363 -0.144260630658774 -0.152971016104924
0.00735968954275518 0.0150982360936164 0.122343397537897 0.109569453959685
-0.00482711979953631 0.00377906248995133 -0.114681865058741 0.0932077311514685
-0.0163055294167861 -0.00934037793886992 -0.384546048501644 -0.206447499156573
-0.0212772915540802 -0.0404042637979419 -0.0404886600763248 -0.595338485474031
0.0370122055327418 -0.0456642304456112 0.7201932142381 -0.329176226528914
0.0145229294973983 0.0359500729258601 0.718677641459201 0.597775734811605
-0.0299392038696034 0.0277748161591301 -0.0414190812552976 0.698758664969568
-0.0319684481940497 0.0144615390324365 0.0671121951817791 0.0605386060526921
-0.00268724535851068 0.0432342247149896 0.0577820368285201 -0.673100721834773
0.00773976620302513 0.00744270801782123 -0.75065517202022 -0.590634422931999
-0.00537894723368878 -0.0352433907992628 -0.774219706700828 0.417884302189377
-0.0416109388458138 -0.0177656416395881 0.103791703599217 0.668570181202736
-0.0215500610667388 0.0167634033209236 0.415202127942837 0.139128971600026
-0.00095333249886871 0.00135645158738477 0.169415788114765 -0.145836649902818
-0.000663355543014232 -0.00110551534209265 -0.141605857390481 -0.157260347351027
0.00737219817052586 0.018231003027329 0.123111822911148 0.109287841647009
-0.00275439917672733 0.00786632374827763 -0.111626829440432 0.0938154120462648
-0.0116701957306346 -0.00565175290999445 -0.382278991591907 -0.200563018200136
-0.0148525463546766 -0.0398802618994616 -0.0457149323074432 -0.595270578721756
0.0420828312974674 -0.0482631343431777 0.711573605708696 -0.340825156800785
0.0216845355796893 0.0354373490694067 0.724117243681021 0.588704035107173
-0.0274880184482023 0.0323190310506206 -0.0396989508807067 0.703656568060486
-0.0328852379089152 0.020218040592817 0.0607527022654364 0.0689597121644576
0.00122685214479932 0.0476710346579344 0.0598088640022192 -0.670828637767343
0.0150300285470312 0.00874413938394215 -0.741466713746835 -0.598484666167788
0.0016310885562424 -0.0363465782376269 -0.785888284632994 0.403199805118217
-0.0359871359794169 -0.0153094252814486 0.0945863096515485 0.668917131717659
-0.0200863137486187 0.0219482908862931 0.417688847191624 0.145468944675278
-0.00113753141520857 0.00610546559520927 0.173219585283689 -0.144767181867883
-0.00142802963033742 0.00406870168625877 -0.139016030617598 -0.159601625653573
0.00838426326260084 0.0211853894546384 0.123721122965542 0.110322587349635
-0.000165944550481269 0.0100979166037405 -0.106533807113396 0.0985968084630205
-0.00779241489832099 -0.00166188790405077 -0.381568311616578 -0.190693196005041
-0.0100794658158047 -0.0357521644152621 -0.0575577423109509 -0.593039477661319
0.046987651241961 -0.0500956755921025 0.700859341624033 -0.357251036084059
0.0291139023766658 0.033829102734128 0.732676730394062 0.574011015373592
-0.0225645779524954 0.0338843937744428 -0.0311487626070899 0.708617785474147
-0.0306474203361647 0.0223304065158905 0.0538139907346356 0.0799122802020273
0.0037020179464768 0.0496512837365456 0.0693229332203792 -0.661141758880543
0.0215128937066444 0.00817926388100289 -0.73052824666807 -0.615958481998109
0.00836218872164192 -0.0353724281585888 -0.797074226212864 0.384935449245855
-0.0306716934863968 -0.0122178857558041 0.0821608252154488 0.672906404436789
-0.017503665230874 0.0256896222604627 0.419198808581548 0.155630332491111
-0.000701775616518675 0.00991636394796435 0.178308625770011 -0.139646989642143
-0.000486564513923432 0.00622904700163434 -0.137574332650917 -0.160327158117138
0.00970662695824726 0.022996002028424 0.124360230712757 0.112876031165359
0.0026777560502339 0.0123112034754021 -0.101550104226289 0.106396879940437
-0.00366707573047184 0.00266540480635949 -0.378375513253955 -0.178261563620104
-0.00658656576671091 -0.0306673966417204 -0.0698359837255021 -0.587887878554208
0.0491380773222831 -0.0511584954783744 0.688271340652917 -0.379314995264573
0.0347512985547561 0.0307704633226605 0.745768905466668 0.548861443606931
-0.01579818039058 0.0326848656769897 -0.0202160070899964 0.711633531673843
-0.0265984300471254 0.0211359929372538 0.0496101031121916 0.0899860770175451
0.0073544306540441 0.0470066920348192 0.0840331550793396 -0.653768321137999
0.0249212615586422 0.00736473257126318 -0.712890855922912 -0.639829918987343
0.0122831686321106 -0.0332672754927602 -0.814865812551971 0.356362504936891
-0.026528913532531 -0.00903532848198408 0.0634950274915842 0.678437567343771
-0.0151037705455368 0.0292716185327978 0.419122355919023 0.171901819112718
2.16591751677452E-05 0.0120971812445937 0.183801436779252 -0.130725397845871
-0.000508348803268651 0.00849355214197985 -0.135084339031503 -0.15856266076798
0.0106198844873069 0.00190297472144978 0.115527535558666 0.121931529187648
-0.0014188926223379 -0.00820141875543385 -0.11396844074403 0.115564292319994
-0.020764361686879 -0.0139988414891563 -0.391515656315798 -0.169575404350772
-0.0356301541635586 -0.0281036160545758 -0.0666488174528642 -0.588059645769169
0.0148705837901435 -0.0332570925467605 0.70791779219413 -0.381535030658639
-0.00258759537829589 0.0239754766326995 0.769992442012091 0.542550230538532
-0.0243270310725834 -0.0061990011804555 0.00590099244883406 0.692115706171645
-0.0110189475561893 -0.0211947671960076 0.0801680676478025 0.0622194718117159
0.000865638234413105 0.0118655001487332 0.101770948933551 -0.683152146962129
-0.0124905106172418 0.00231599784263451 -0.705470310127819 -0.646356354707386
-0.0233207017697076 -0.0185825353580508 -0.794532393717869 0.369954420471723
-0.0560723191757737 -0.00715015539370867 0.0786960015508475 0.688502469583599
-0.0291850105112179 0.0104995238708383 0.416123581172638 0.178643430503112
0.00270787450344399 -0.0119056850140292 0.170851408602276 -0.121666274003841
0.00601549890036328 -0.0180042412791194 -0.14897124226023 -0.14154007232217
0.0090749790686652 0.00359537696061199 0.116107909759994 0.118230412357268
-0.00415636157510631 -0.00688216784614338 -0.11719149894513 0.10683380389436
-0.0218746672851853 -0.0152090412532931 -0.390503368158237 -0.185296162796772
-0.0342990258489096 -0.0326148048337785 -0.0527581373354895 -0.593488711309517
0.0182799625073606 -0.0361847669896043 0.717862469116617 -0.359020586674184
-0.00142874007629097 0.0283678467864775 0.750446093567129 0.566524720673668
-0.0280832276634291 0.00148378764913133 -0.0121547820448377 0.69013098333464
-0.0176028897392221 -0.0126863764701405 0.0798737155346707 0.0561197695341193
-0.00207567206679944 0.0197200956925807 0.0878303187685513 -0.684603288613871
-0.0108975533347382 0.0043407345428756 -0.726424974808692 -0.623554331894145
-0.0226300240751649 -0.0231898960832951 -0.782486285730179 0.394974514573079
-0.0552759373798036 -0.0124023034115762 0.0919236372634377 0.682422043845189
-0.0290062012687634 0.00885033294800322 0.415785233129003 0.16396122935239
0.00141081961040466 -0.0109716621253905 0.167385135694074 -0.130773701355125
0.00347840895773175 -0.0151014114207371 -0.148544216829819 -0.146697267458662
0.00831077281047485 0.00618052602101711 0.119319882775213 0.115429986353574
-0.00526318540712634 -0.00377177577587025 -0.11813482124375 0.0994991415733413
-0.0221569449476002 -0.0146255425324522 -0.391171612264555 -0.195441921245807
-0.031427351689708 -0.0372515328634146 -0.0441517328225969 -0.596423094659916
0.0242099712628916 -0.0392781021518399 0.725621306401185 -0.342733621394454
0.0025072540948443 0.0315984277728847 0.737006114370011 0.584562067368516
-0.0302581428781653 0.0105298451295004 -0.0258655229007098 0.691865730010892
-0.0239924634550784 -0.00295928540099534 0.0774609796123413 0.0545420230577835
-0.00431647913040361 0.0283749670651013 0.0741560294314606 -0.686916695253455
-0.00652117431581998 0.00637063646285824 -0.741333559283358 -0.603519651685802
-0.0189326323511702 -0.0279317837164844 -0.777667637800573 0.411217729407294
-0.052631123957888 -0.0167263787031251 0.102698645078842 0.676851892673131
-0.027275101226844 0.00997774229558153 0.41561055458048 0.15037618928673
0.000506154502070784 -0.00742080919688628 0.166095165645908 -0.13923263663861
0.00290339927226814 -0.011491511819761 -0.148160988796089 -0.150658272420858
0.00697166186775883 0.0108075345719417 0.120285164785795 0.11277527439464
-0.0060465881891802 -0.000491327167103978 -0.118031902810916 0.0940372427554414
-0.0197715354188251 -0.012520139385308 -0.387815139798854 -0.203813140576859
-0.0272982625038669 -0.0402374443789702 -0.0416339531957182 -0.597646401937784
0.0304729273959961 -0.0423523787909355 0.724927918113516 -0.332850642621052
0.00720788533821971 0.0343310555773226 0.726333213576852 0.597740959738517
-0.0312885795398557 0.0196055219601334 -0.0366423783459834 0.695578422410794
-0.028801710469524 0.00580142075217325 0.0733520580198183 0.0558656173425475
-0.00435442169163862 0.0361483313323874 0.0626367769383829 -0.681411631713068
0.000384545288453012 0.00744327786438406 -0.749311860189902 -0.593031567675394
-0.0126911427063356 -0.0325193354635437 -0.775235534318481 0.41988981017234
-0.0476250980965565 -0.0184879780598314 0.106844097752339 0.67254379328749
-0.0245883465418164 0.0122602591555595 0.41747549953791 0.142991790310755
-0.000796433580141151 -0.00280354354197793 0.168364386520469 -0.14518070591206
0.000627943086194684 -0.00660980787493643 -0.144427170688459 -0.154626700684839
0.00736730501194903 0.0148359651485079 0.123103919824431 0.111161612017608
-0.00524461950025831 0.00341930383718372 -0.115915832910025 0.0925457833605215
-0.01662569736109 -0.00965035602534958 -0.386673421553343 -0.206700069072771
-0.0210070550795372 -0.0407681141745747 -0.0416566288829715 -0.596977748250628
0.0372667081166179 -0.0458940969599429 0.723606253832157 -0.332668791751005
0.0139642394752003 0.0361368042130854 0.723089131947661 0.599792083627313
-0.0296991027909552 0.0268508652901581 -0.0406182895760743 0.699574847786819
-0.0321099382495173 0.0143946264832883 0.0668358478015721 0.0604923228955056
-0.00186074666998503 0.0426509476090452 0.0579650672951139 -0.676844705398107
0.00761407913325686 0.00801962392151499 -0.754942840081206 -0.592554761185437
-0.00555436322205674 -0.035456442186896 -0.778636259901077 0.418522475543616
-0.0417343635071097 -0.0178039203339293 0.105456093395188 0.668200494446696
-0.0216441940930828 0.0167840345470965 0.418680875418614 0.139685675061791
-0.00158321826192956 0.00241654829717209 0.170676262743953 -0.147296652893379
0.000118581768370217 -0.000700332347602925 -0.142510078610148 -0.157567044143246
0.00758415218003324 0.0183000476518867 0.123437158925406 0.109387658298436
-0.00285461572630136 0.00710004618607347 -0.110749757355772 0.0944527761789798
-0.0119518189244804 -0.00578157958611116 -0.384247805696872 -0.201687308151388
-0.0153827363843503 -0.0397536735215396 -0.046742052886942 -0.597365454229684
0.042963014945967 -0.0492059939752924 0.714842982204907 -0.341858270054351
0.0218146877329949 0.0350701724395384 0.726397792818215 0.590650757751455
-0.0275304312857285 0.0324319482577476 -0.0391430953788483 0.705932573531015
-0.0330541365113962 0.019766978873974 0.0608270583782762 0.0696509140301853
0.00076620869960559 0.0477641683561509 0.061244939156474 -0.670415343624914
0.0155752455665511 0.00864561423885846 -0.747861457372479 -0.600617504289378
0.00201213029702219 -0.0358877804430736 -0.791313271624908 0.405478897873309
-0.0361314415291073 -0.0160936754775494 0.0983140760457779 0.671542272008879
-0.0196713494972658 0.0219728298283064 0.420530726437915 0.146381081968999
-0.000959897211891632 0.00674328174089484 0.173716515339833 -0.146220757820126
-0.00068741322546535 0.00351554151980889 -0.139657375817251 -0.16033076062418
0.00828454092618851 0.0220890651144515 0.123751880013002 0.110834961661014
-0.000368694836369293 0.0091841698198044 -0.106968515541114 0.0985479126809919
-0.00730394731045342 -0.00142818680361966 -0.382248705621959 -0.192241160489187
-0.0102217685562755 -0.0365435123800148 -0.0591892531058163 -0.594241473978841
0.0477054344750463 -0.0507788124626838 0.704170084522188 -0.360213505913618
0.0289805228392433 0.0335703317610996 0.734427655192242 0.574289656049724
-0.022653241458402 0.0345535648794974 -0.032332394153939 0.709674492051672
-0.030824669994456 0.0226316784515599 0.0537329629083773 0.079867344220926
0.00453168407090227 0.0499107866584316 0.0704180452579938 -0.66346827453011
0.0214931273555048 0.00889380703646959 -0.734042587370739 -0.61807858026653
0.00821712197075338 -0.0355804073294608 -0.802172647824242 0.387022983127852
-0.0303262370319787 -0.0127598250846787 0.0819817123444634 0.675302258563477
-0.0174397644827455 0.0266240969483245 0.422714393870918 0.155897684768109
-0.00101444046264084 0.0104238468749276 0.179266968172635 -0.140531565852691
-0.00131640918489102 0.00675919043770952 -0.137274971564871 -0.160329839179375
0.0100241493010518 0.0235264137255246 0.123888995328213 0.113511518349461
0.00191336916676314 0.0119574549593803 -0.102087333498268 0.106582185048632
-0.00372653421042056 0.00298194046230083 -0.380415523411815 -0.177631927988082
-0.00622104397440601 -0.0306230914100517 -0.0709846968601892 -0.589953563247909
0.0489488779368018 -0.0507271261535825 0.689633950021911 -0.381125994510371
0.0344192886115815 0.0310300614157105 0.750473263879675 0.550488781935274
-0.0168488039358252 0.032425847831324 -0.0194665960932832 0.714912432360882
-0.0270229927726417 0.0204010204517489 0.0495458994084954 0.0907476052595338
0.00887318180558427 0.0474637776829225 0.0844070591252726 -0.656814919562686
0.025289907128622 0.00840796917715735 -0.71406252207438 -0.644252960984291
0.0123097393592473 -0.033397265913571 -0.817895607144437 0.359373780895286
-0.0268071672121542 -0.0085616961577255 0.0640235845306893 0.680814312202507
-0.015660391163848 0.029756441524225 0.42193947718571 0.171088594015308
6.12449012698576E-05 0.0123001953077815 0.18428218482693 -0.132171398597828
-0.000576277085594172 0.00759720785856299 -0.136428581922511 -0.159066471822534
0.0106286828080494 0.00142042933867016 0.11563259626141 0.123274439303017
-0.00122809555588374 -0.00831026175715612 -0.113678292016775 0.115890255078602
-0.0204962698677526 -0.0147780082262908 -0.394284394010198 -0.16956691089011
-0.0353465283058255 -0.027881738419545 -0.0699012575566238 -0.591233844711087
0.0145292032750577 -0.0342395057298092 0.710399231680949 -0.384929932827594
-0.00231505447039235 0.0241869363397463 0.772625473929998 0.542578142206233
-0.024061944887452 -0.00623334565538419 0.00728208655789516 0.694995354076099
-0.0107850801211979 -0.0213486785446061 0.0802869621970143 0.0634620528393828
0.00136320194823442 0.0115977396858978 0.103098936090768 -0.685633701794208
-0.0120125161193666 0.00299073318821449 -0.711069481242354 -0.649827940009403
-0.0240300269212261 -0.0181582675473222 -0.798235606538756 0.372919301378977
-0.0560756015695225 -0.00836718940580666 0.0820688998571012 0.692617386395464
-0.0299446944013697 0.0100670928480013 0.419937684117049 0.178628971605542
0.00134670352663392 -0.0114179327417508 0.171162340375273 -0.123477206630308
0.00544022903474964 -0.0183147000266885 -0.150568115677001 -0.141625009624927
0.0089469909157627 0.00325332344501585 0.117246619166005 0.120078834832682
-0.00405275361357917 -0.00633651600873878 -0.117526470438604 0.107791766158425
-0.0219427860369556 -0.0143120433087995 -0.392434326350665 -0.184470942764587
-0.0352776520956708 -0.0330583536676478 -0.0554719401223503 -0.596195043566504
0.0177920706861118 -0.0365786586237678 0.719726360028706 -0.3630791074148
-0.00172353972297103 0.0284550150129513 0.756060568780628 0.567775694932136
-0.0270213443889035 0.00172236320356069 -0.0104002047811313 0.694288015542153
-0.0175619523941998 -0.0127090370320371 0.0807688521410875 0.0569925956142553
-0.00215852907017798 0.0193667453659159 0.0857540699191379 -0.688540322314856
-0.00971248692813751 0.00452765512782269 -0.730062206881903 -0.625291779192824
-0.022712769065285 -0.0223877125525031 -0.788189077943578 0.39680166411243
-0.0556601200722383 -0.0138081849395381 0.0956106937503224 0.686677570163628
-0.0286795902109306 0.0086430959012383 0.418801263184915 0.163253468472967
0.000636439507070799 -0.0100393376747716 0.167805227702971 -0.133383794414883
0.00387783197078754 -0.0144124719880644 -0.148618042878914 -0.146667341757561
0.008388091326805 0.00618552173784702 0.119782126599118 0.115313858752197
-0.0055367446868514 -0.00444621519863244 -0.119166917848705 0.0999834609113885
-0.0221771378902247 -0.0149470279678851 -0.393511635979353 -0.195967109157884
-0.0320451683472344 -0.0371737179166379 -0.0476582007843125 -0.597551386161904
0.0232495844256595 -0.0397069597379963 0.727235605020127 -0.346025459625526
0.00201421135839726 0.0318120935627882 0.7413033929529 0.586995177171643
-0.0304230785066295 0.0107870325509305 -0.0258584604159292 0.696148176917037
-0.0241169100330427 -0.00345010143981328 0.0782247557026152 0.0553751831648453
-0.00355930037817007 0.0283149069477825 0.0710768664466963 -0.68938149071574
-0.00632116139461528 0.00691380691673354 -0.74614200625432 -0.605687407000485
-0.0185525339381734 -0.0277055391529869 -0.781923125525942 0.414903677732216
-0.0529643554495913 -0.0166689936665135 0.105172611436991 0.681153870454034
-0.0277512149884301 0.00935685177322785 0.420638458612084 0.149139196582175
-0.000276473806932256 -0.00724306050766101 0.166967880783476 -0.140499189750254
0.00248804391003114 -0.0111016815869721 -0.148928756306348 -0.151107641980838
0.0075720366938813 0.011215158469081 0.120561313709764 0.113032918116981
-0.00611987474641516 -0.000264427049650325 -0.117375408598697 0.0953654869454495
-0.0200370162637033 -0.0126763165609275 -0.390702408436792 -0.204873176397448
-0.0272687185067414 -0.0398189644047469 -0.0436413500667257 -0.599945521581289
0.0297344105944888 -0.0424912983326474 0.726883581841234 -0.334434529096508
0.00708148180191875 0.0350099872442705 0.730697019564909 0.598592145189768
-0.0310275067204733 0.019617282635248 -0.0345869139539822 0.700245481955513
-0.0293909998476124 0.00570520566573748 0.0735787917571232 0.0554180390577214
-0.00321176031725141 0.0363778343470879 0.0626138117454374 -0.68721718255951
0.000272658545489742 0.00803921249033732 -0.753986253091537 -0.59759116830765
-0.0131280159820794 -0.0318122249982482 -0.781561382309067 0.424324219189547
-0.0479256341966976 -0.0188105823967934 0.110235133855133 0.676901778720069
-0.0252630167721066 0.0128275508432829 0.42093943473116 0.141800004414659
-0.00096228565944001 -0.00319186153559708 0.166654776718232 -0.145371383282307
0.000313331000151685 -0.00569439396524645 -0.145250851159284 -0.15550922183824
0.00792431859568411 0.0146934135533293 0.122741035461027 0.11152019841801
-0.00560936038944848 0.00395330780204725 -0.116329003934258 0.0928388857007451
-0.0166798508744135 -0.00986810516096445 -0.388871209152513 -0.208293857095326
-0.0210882981621472 -0.0410986485278614 -0.0429463398202543 -0.600715308311485
0.0368566712113914 -0.0467953036782779 0.725646484855596 -0.335075755939921
0.0143865199779706 0.0364906784785539 0.727344152802412 0.599596113702356
-0.0300822567301729 0.0276353883102885 -0.0400657746332927 0.70344400673178
-0.0322473688830491 0.0135923539868129 0.0680142552657814 0.0613570115730209
-0.00187283890220234 0.043341256817719 0.0567724230545211 -0.680988671786928
0.00770178760406027 0.00844456283135377 -0.759117017817611 -0.592616386632085
-0.00580507953087499 -0.0343911138952296 -0.783936224958741 0.421884885950045
-0.0415380208924814 -0.0175532125617387 0.108960969719091 0.674532099541262
-0.0219834795756548 0.0172782421462284 0.421433180082332 0.139302056501956
-0.00151370253491085 0.00262884861998269 0.170284881406488 -0.148750997221243
-7.16780700248032E-05 -0.000679695069732459 -0.143248164822346 -0.158952453879886
0.00761782886491804 0.0189387815367199 0.124242265673186 0.110626422733263
-0.003328959822478 0.00729831672901117 -0.111186845181499 0.0943284705218566
-0.0117789599357912 -0.00615582387291366 -0.387870449956972 -0.202106861697396
-0.0149291799340699 -0.0400304327374603 -0.0483968295154227 -0.599788584296955
0.0426821023575354 -0.0498489976852295 0.715926960349125 -0.343808596624364
0.022014326077599 0.036907569277455 0.734692208570297 0.591815548792784
-0.0269687749481344 0.0323270918354185 -0.0392045113609607 0.709907972757319
-0.0326802458451017 0.0193538223398156 0.06115373345474 0.0698503542823522
0.00126272278057177 0.047964577134252 0.0608148932375164 -0.675129163228211
0.0154437872073823 0.00945378920272174 -0.752889375143573 -0.605359602243697
0.00215842319876822 -0.0362246199603568 -0.794279603788943 0.409577004586496
-0.0366719320296855 -0.0160935832516886 0.100448581923978 0.675675969154768
-0.0197664710075272 0.0219711250475981 0.424384197546932 0.146912477447802
-0.00209283412906743 0.0072215342760103 0.175139110240354 -0.147029040991778
-0.000354402734023445 0.00379788447498166 -0.141030487805555 -0.16062182470575
0.00894755313517245 0.0223332136802468 0.124073639705482 0.111735164570389
-0.000745522894755428 0.0101127639479577 -0.106772178071628 0.0984347492171757
-0.00838540405925189 -0.00183643348562738 -0.385233202817787 -0.192662370086137
-0.00988997240241248 -0.035866327526104 -0.0602133079996903 -0.596185539447497
0.0472208380021491 -0.0525566969073046 0.705217555714822 -0.361636517945051
0.0292276040117003 0.0340072759731852 0.739981017757812 0.575972637228265
-0.021957597842256 0.0341093913286607 -0.0308025962155175 0.714633975284783
-0.0306249809223009 0.0224974241231843 0.0547240203683413 0.0797699319954213
0.00475254360184777 0.0494193175715254 0.0707202545881637 -0.66643608655119
0.0214942828988598 0.0097438703174877 -0.739491393054905 -0.621854898086577
0.00820391931190356 -0.0351825481471212 -0.806835871261961 0.390726014435498
-0.0303509864722943 -0.0127133191563711 0.0860462967504357 0.68021668274939
-0.0179805668466975 0.0265023975366975 0.42613081530773 0.155955300876203
-0.000797005409193247 0.0111181662716876 0.179732786738871 -0.142506877687829
-0.00119562775346684 0.00754653027933666 -0.138826914425273 -0.160352954897856
0.0101312176011681 0.0225195471286024 0.124524866972115 0.114792854269752
0.00132545834042767 0.0116984898442175 -0.102563876739052 0.107057174422821
-0.00363276014942726 0.00332010750347056 -0.382047651881836 -0.17860288675505
-0.00625026744436607 -0.0302061857843929 -0.0731227914609921 -0.591166856693211
0.0494445314197003 -0.0521303954406749 0.693042628694131 -0.384269570003048
0.0343059890343612 0.030861268375915 0.755230913667238 0.549793591474455
-0.0159204454977664 0.0319906759020765 -0.0187852575253651 0.720390381250392
-0.0265228415460741 0.0207063847859727 0.0496159438376928 0.0907930350923414
0.00906742116267948 0.047495206015442 0.084105633043959 -0.660674900317002
0.0256115195702526 0.00846430310669886 -0.720460042522589 -0.646711907806904
0.0113486090276421 -0.0329752985935224 -0.82191415531255 0.364432630186879
-0.0268035807118736 -0.00977400289040052 0.0660041371768495 0.686403073131718
-0.0160682036474428 0.0297983664057435 0.426051252262249 0.172405855241003
-0.000608041791840611 0.0127918618974808 0.18609534535615 -0.133271177241039
-0.000256759410591782 0.00870656280456834 -0.137185648656638 -0.159731547507176
0.0118615612456126 0.00162995693356002 0.116746453251268 0.123486349107398
-0.00137096959106832 -0.00825054884239314 -0.114356147522524 0.117261811408036
-0.0208771775870956 -0.0139764643821817 -0.397034696320192 -0.170860242793262
-0.0356546882935838 -0.0270756888188302 -0.0715631810837619 -0.593494071328817
0.0146570774115616 -0.0350194401648364 0.715289281911228 -0.38800966360742
-0.00209899801395187 0.024516098108949 0.781114049428298 0.542417781694496
-0.0242967676993382 -0.00676251084685127 0.00879120034733775 0.698556854310452
-0.0113959576927943 -0.0219414980280211 0.0818301168163814 0.0636108889022268
0.00215529663232352 0.0113892606148238 0.100608145051494 -0.691701959199138
-0.0116260904576562 0.00367974024205067 -0.717236043691379 -0.653224290736828
-0.0243651141352247 -0.0175722313866506 -0.805429784114763 0.379194246553417
-0.0564238769079133 -0.00790709272774007 0.085789636587613 0.698541487183214
-0.0298509219455418 0.0104254958726041 0.424216957783645 0.178513598228029
0.00139199499604126 -0.0105989050900871 0.172569897410226 -0.124958377365459
0.00536999481910965 -0.0172249220458606 -0.151170424889714 -0.142192574223434
0.00973894563304469 0.00415702677307161 0.118677729689869 0.119710269651607
-0.00547549571984268 -0.00738039796563163 -0.117775583162116 0.10809576199109
-0.0225607272241015 -0.0148159174122136 -0.397012429679687 -0.185490539240207
-0.0351472161950111 -0.0332445564035379 -0.0591577608680067 -0.597591861028003
0.0176499090678811 -0.0370511133179643 0.723453955484577 -0.366261193996963
-0.00161418821794435 0.0284678536345333 0.762227912640815 0.566094396308421
-0.0286174769862328 0.000768873252654512 -0.00858830080907032 0.6973727553851
-0.0182605935451173 -0.0125217106522998 0.0811273599603241 0.0570760947360629
-0.000979877137482998 0.019319235281282 0.083814190349538 -0.692347383603202
-0.0101958131566348 0.0055741531358451 -0.737059110203796 -0.626807493696575
-0.0226813385066236 -0.0222660830890046 -0.790361431741532 0.401852870858599
-0.0562917706811384 -0.0137675276433324 0.0994969427180805 0.690240229145964
-0.0289438316317603 0.00894200198834879 0.422915083752446 0.162530307724489
0.000547433806266425 -0.0103592764730082 0.168147802016947 -0.135135209290615
0.00462292456109176 -0.0151673530214989 -0.150221930868962 -0.147025508645791
0.00896606983692358 0.00637389255663591 0.120576774065646 0.116683727764584
-0.00602194773749343 -0.00378569215383315 -0.119262047536968 0.100097178845647
-0.0232926922147985 -0.0150084959574335 -0.395665468946431 -0.197540733513115
-0.0320384816787807 -0.0366163385210627 -0.0495300568789785 -0.602431909151453
0.0229408693295775 -0.0405848142699146 0.730811230563143 -0.350311704304785
0.00211735923006609 0.0322580269804289 0.746842924390915 0.585848814884491
-0.0310623394391472 0.0106295177013533 -0.02251335725472 0.701818605996446
-0.0242598307987339 -0.00391720035642919 0.0791912180726948 0.0544081945742979
-0.00322540733952662 0.0280248062549379 0.073372039482599 -0.692338803229781
-0.00623979250287464 0.00746554344293721 -0.752680153080121 -0.608204786691604
-0.0193092315339024 -0.0275337450966295 -0.785759940647831 0.421063872337998
-0.0528314048797137 -0.0168550555776444 0.110400896521131 0.685600299500183
-0.02764522178866 0.0099287871151553 0.42316829841207 0.149511733565716
-0.000934295886776669 -0.00591939377827833 0.167466446206931 -0.142611875399616
0.00306352825827067 -0.0103377404928245 -0.150037898660846 -0.152540092277527
0.00799516020671175 0.0107922132221863 0.122128794718962 0.113924843888722
-0.0066600000172988 -0.00110848522129238 -0.117513130546336 0.0953441832912546
-0.020756853799273 -0.0131058553783813 -0.393360866512892 -0.204906724063724
-0.0269925588117161 -0.0403489347091793 -0.0459703237230007 -0.603660939391914
0.0295625743737289 -0.0438384497863705 0.730442467012344 -0.339274036742015
0.00729949591487068 0.0349589237637807 0.738928277173703 0.597601531741321
-0.0315414884961338 0.0202705007919349 -0.0334649525277245 0.703406065960719
-0.0291841496151201 0.00581447440985949 0.0753305800342396 0.055853255720457
-0.00197241989499389 0.0366540433044417 0.0616931227658304 -0.691801383459336
0.000262437220638533 0.00816022036629226 -0.761276406562475 -0.596894557299498
-0.0128675933185738 -0.0325365666071146 -0.784262888042335 0.429420990274344
-0.047884784071201 -0.0189483512013475 0.114693296505553 0.681768264332131
-0.0252454221300057 0.0130019859950091 0.42375690453409 0.141483174015556
-0.000954082472948859 -0.00207433802414951 0.167743022230747 -0.148289554788688
0.00118400726753685 -0.00579393831977471 -0.146924072827925 -0.155787389630905
0.00815546828230611 0.015023797110049 0.123565271340322 0.111911963363857
-0.00593018208300898 0.00333722744534054 -0.115738963779437 0.0936758137839429
-0.016722247125671 -0.0102069340910873 -0.392032602834967 -0.206496257337346
-0.0209348271451984 -0.0410707930074991 -0.0465783842755635 -0.603503826197699
0.03745080303633 -0.0477427887286377 0.729204588183624 -0.339252837912466
0.0140186337060934 0.0370620573134569 0.733124538151334 0.598962370449352
-0.0302173261647509 0.0272858678838454 -0.0375157139973595 0.709400639197504
-0.0325352635939814 0.01356395451588 0.0687443674641663 0.0618412028709891
-0.000701137519049093 0.0429684855027528 0.0556732319360304 -0.685473344184747
0.00794674586273181 0.00846407662428272 -0.764435789564807 -0.594332829275998
-0.00558843254920763 -0.0348072012039282 -0.788278733998449 0.428957691885408
-0.0419630720853349 -0.0188889371376552 0.112021521878406 0.678559102251908
-0.0217343235224873 0.0175695988866225 0.426504582875678 0.138728826690722
-0.00215834202978788 0.00331283166973735 0.170892957118014 -0.150159002184634
-0.00051175224714757 0.000391253507778353 -0.144224272693824 -0.159315628313769
0.00846330573480922 0.019072507234839 0.125327526039365 0.111062769991824
-0.00369479244317391 0.00686068856582948 -0.11159555757092 0.0948469611501804
-0.0120493136262163 -0.00606670015770198 -0.391712749049886 -0.202195467775376
-0.0149741179498478 -0.0404596081314915 -0.0518528839587774 -0.602459314204243
0.0425261698015886 -0.0506748906849062 0.718903143202826 -0.347970327530332
0.0223872452222113 0.0363561435982736 0.738434875686324 0.591432362489624
-0.0275604213605534 0.0325424488546072 -0.0368603586392998 0.714545901942537
-0.0330802718456009 0.0199656779132441 0.0617977005014266 0.0699360530180193
0.00253227429249325 0.0476963395585272 0.0592118876014433 -0.67978858760033
0.0155784819691854 0.00972178459239224 -0.759585944199109 -0.607038449045826
0.00205535357529879 -0.0361854780577234 -0.7982092147111 0.417704191824289
-0.0366240996576508 -0.0167202845738215 0.103373197030213 0.681088327588875
-0.0201725071697829 0.0223730591062923 0.427620038782665 0.145453496735284
-0.00193665507010421 0.00806078602654771 0.17538587595673 -0.149439621621903
-0.00124476459478048 0.00408962956994745 -0.142930941558717 -0.161355184237893
0.00933516620122879 0.0213602963552401 0.12517356344541 0.112950493502684
-0.00119732508844062 0.0100924257654164 -0.106539678720938 0.0997273220887937
-0.00842330839087843 -0.00183569453823006 -0.388170093779496 -0.191766979544475
-0.00934595982312172 -0.0367299182417763 -0.0639593365350949 -0.599201669909554
0.0474801912649374 -0.0528681049594864 0.708634559318175 -0.36713640182459
0.0288605699107598 0.0343731578156998 0.747381742455158 0.57763019354578
-0.021826689309189 0.0347022479250631 -0.0297301613658716 0.720082283152179
-0.0312311021048967 0.0220782881430738 0.0552717964158797 0.0802963219500114
0.00590371344704628 0.0496176963838115 0.0675751126640489 -0.669756508559785
0.022478170328932 0.00978202160891539 -0.746864272383008 -0.625505856588924
0.00898264875199963 -0.0350258713565829 -0.809973280821561 0.39716644317792
-0.0310583597728449 -0.0127414289686081 0.0893875595569284 0.683984362922392
-0.0173910824926999 0.02731447294646 0.430042399068192 0.155571739617668
-0.00180756931201144 0.012168896057928 0.181212555135486 -0.143925643566942
-0.000765257720848778 0.00867639477242624 -0.139557022194203 -0.161894839290205
0.010677414959273 0.0231208799161207 0.125398799249795 0.115141663406013
0.00128800201527229 0.0119211290057143 -0.102421200890193 0.108278106551201
-0.00393567095017514 0.00226149353721345 -0.386734422960907 -0.178541587194406
-0.00609719222794229 -0.0308600951639719 -0.0766036478039717 -0.595281415996952
0.0486889372245145 -0.0526711964573527 0.695389187072348 -0.389001791094892
0.0346174940407323 0.031400006737493 0.762014011573658 0.551938902237773
-0.0162775155605223 0.0320587627499737 -0.0158269813533604 0.722195381252823
-0.0270228254747329 0.0207400926931137 0.0499258325860419 0.0915617679895497
0.0102567927487082 0.0470921569682629 0.082526830280653 -0.664381547083437
0.0254362553412378 0.00936680014734259 -0.727222192747344 -0.649786601447854
0.0126324924622066 -0.0326847904720919 -0.827822314605323 0.37022112372784
-0.027075339106908 -0.00945150594752593 0.0711385812703029 0.689087032904572
-0.0163029630129934 0.0298706364142455 0.42926867655912 0.173144820432886
-0.000601915769521391 0.0134782698412746 0.18661647706826 -0.135615482719394
0.000173444607317888 0.00982058425811199 -0.138360052426946 -0.16039921934313
0.0110561431125656 0.00139333055010775 0.117813873279036 0.123681414225655
-0.00188676132907883 -0.00913741098057035 -0.113883004676501 0.117806654680577
-0.0215075176529131 -0.0148936645537745 -0.401768070480486 -0.168327919739269
-0.035635984346121 -0.0279046677423207 -0.0768557153563554 -0.595737512048243
0.0147138538104226 -0.0354264009410825 0.715629537915073 -0.395563277295858
-0.0027043663655342 0.0254871018263334 0.787696805849004 0.541204348139483
-0.0243564747166632 -0.00694422334766046 0.0125601014285154 0.704283369159081
-0.0115909946422636 -0.0225022797356069 0.08262931598019 0.0637263858628681
0.00298099289952927 0.0108778625075409 0.0977564701937534 -0.696279695200051
-0.0119586405278881 0.0038948261796919 -0.726521333195527 -0.653157876919197
-0.0243514812187306 -0.0175339941484468 -0.806241973282322 0.386447102179594
-0.0576533471094054 -0.00790133273407569 0.0920140153136988 0.702287309159544
-0.0302324009341874 0.0102850167101578 0.428244395529548 0.177355048354138
0.00121014006049089 -0.0111129849943232 0.172099195183347 -0.126476544782131
0.00557755446920741 -0.0164960584539816 -0.152849374493632 -0.142773015858919
0.01013526658364 0.00288019649909033 0.119158960789497 0.120784545714068
-0.00476183404294201 -0.00718957451953726 -0.117337988190937 0.10946190927007
-0.0223870219842047 -0.0157643816078151 -0.401186945975312 -0.184506164942663
-0.0349475599844712 -0.0324457233222883 -0.0635944577599202 -0.600797979743126
0.0171983553104161 -0.0378697377928333 0.725648282893713 -0.373535299635249
-0.000980737001688325 0.0291151800235746 0.770256369672674 0.564655626298067
-0.0284121021043717 0.00110208818475283 -0.00422377629166787 0.703494527183621
-0.0180226452198488 -0.0130658981994885 0.0823523375762432 0.0580902165088532
-0.000253236731561871 0.0187570224137159 0.0833967390145786 -0.697462927977253
-0.00993595372479399 0.00619754633763998 -0.747180398509358 -0.629168888838229
-0.0232147589064528 -0.0221662660762939 -0.795109676622342 0.411425674760663
-0.0570671739260822 -0.0137171683946294 0.104892048060831 0.696126207813939
-0.0297992243404245 0.00918570107117856 0.428013820967133 0.162245135237617
-4.68771319641278E-05 -0.00962126106056085 0.168664710055177 -0.136455298100511
0.00409449844728524 -0.0149252393269069 -0.151923060006592 -0.147231488659539
0.0087698635296928 0.00617687453655494 0.121074799788467 0.117591642529178
-0.00642129690248039 -0.00452649810602261 -0.11888997083666 0.101831730782318
-0.0221064514032039 -0.015423261465349 -0.400619852188507 -0.194649361824817
-0.0317882197311223 -0.03686776886113 -0.0545965485045839 -0.60430501137323
0.022699945782184 -0.0407585992843578 0.731566647811545 -0.355116537298046
0.001664885148929 0.0323880365099864 0.754717610884845 0.585230760095625
-0.0306667681749052 0.0107777129174638 -0.0195651677363466 0.705984710721063
-0.0244370910168067 -0.00385093978327105 0.0807140416232172 0.0545896159916983
-0.0018112784465759 0.0283605086329231 0.0672527845814517 -0.697299884259189
-0.00517221300596316 0.00821644212390892 -0.76082467703605 -0.611565013807049
-0.019456735834162 -0.0277253796087803 -0.789720818285618 0.428822314326338
-0.0533292058145982 -0.0171667444201145 0.113139154188677 0.690134732752672
-0.0275967894888231 0.00946027538029394 0.42759735834655 0.147984031888914
0.000106404273210899 -0.0068972325287755 0.167138307971848 -0.14498379714441
0.00268614326951451 -0.0105577207576758 -0.152023734359682 -0.151398781746422
0.00816690062274971 0.0105051243009416 0.122758278237575 0.114608132119021
-0.00686867791145493 -0.00120242566448415 -0.118299138562526 0.096517553183006
-0.0201570998501404 -0.0129337839678123 -0.397715798650289 -0.204859548234144
-0.0267702944939996 -0.0399250815834916 -0.0498719138039758 -0.605835314390135
0.0295101892359114 -0.0455391443665458 0.732534257595656 -0.34544379033947
0.00773611540401948 0.0357886618214672 0.746537680742742 0.598010170435278
-0.0319810530439758 0.0201080682018888 -0.0286239875164505 0.709052785634965
-0.0292645646114786 0.00520955121528921 0.0758212347898115 0.0563356881926124
-0.00206306268808991 0.0364723858687083 0.0582092459228141 -0.696347244305952
0.000650725990301984 0.00932967087298388 -0.770425857653503 -0.597389383205853
-0.0129173053251158 -0.0316833493540725 -0.786029848304929 0.437333255459
-0.0479497572525126 -0.0186471174593277 0.119395607569835 0.683934127508057
-0.0254463189035601 0.0135660166546126 0.42912833220404 0.139542526677532
-0.00182615508142313 -0.000963974482187536 0.168382885255822 -0.150537592941275
0.000929141544662926 -0.00539647285682285 -0.14821936940659 -0.156577713872576
0.00774795657714339 0.0152463035844803 0.125701612600417 0.112395040126434
-0.00604055126728305 0.00253125262667473 -0.116238862494737 0.0946305531572868
-0.0169352063752674 -0.0107077854019559 -0.39656486344264 -0.206430326165127
-0.020965067520515 -0.0412220277291551 -0.0520873922946501 -0.606856410168996
0.0358078807348782 -0.0488102581757439 0.730685190683897 -0.344689304903389
0.014063919209462 0.0368626146294063 0.740708251278354 0.600221125526168
-0.0304610609642168 0.0279015095403933 -0.0335900351374296 0.711424301594122
-0.0323181003703853 0.0141090304946139 0.0693570900079879 0.061713873506194
0.000353703274728643 0.0432286740103378 0.0533471091488965 -0.690638739570736
0.00793436230194162 0.0100673502013148 -0.774137978127439 -0.595736818705232
-0.00613185709875322 -0.0350794019073031 -0.793119775779343 0.437378551762481
-0.0429433256363457 -0.0193289136108387 0.117189125781803 0.683438251540289
-0.0224113572411249 0.0177115022901277 0.430646473987114 0.137258343381331
-0.00182246844082374 0.00436141140834905 0.171474627475551 -0.152732524248831
-0.000655067844657252 0.00014083288122217 -0.146121625476713 -0.158965008836376
0.00830412115006682 0.0186932962848377 0.126691847818272 0.111886281379082
-0.00436944414889977 0.00669769679689663 -0.112307342687566 0.0954646018510383
-0.0123887129912957 -0.00640671458272082 -0.396339572290752 -0.200834716042124
-0.0143616503090045 -0.0405123234323116 -0.0556534384629565 -0.605629924714691
0.0423976060013216 -0.0516996117531402 0.722323994939432 -0.355131689613149
0.0223895244597057 0.0365010135333083 0.745090896752717 0.591222685283202
-0.0269281452963375 0.0322641052352628 -0.0333262332898145 0.719004640889904
-0.0327564971457541 0.0198078837809471 0.0629491368754602 0.0699537301983105
0.00319628786020227 0.0481087000080626 0.0555333867619396 -0.683868084902978
0.0157793102092297 0.0102802282285891 -0.768209976269701 -0.60639576957616
0.00136483195347848 -0.0357678679314234 -0.802158004720947 0.425604635812075
-0.036619255508337 -0.0171550058202566 0.109226775113177 0.684001502728123
-0.0202993297917036 0.0235377777423699 0.433255502323741 0.142490409580023
-0.00255242120157838 0.00835250268833774 0.175635186027651 -0.151653200792705
-0.000900230756285644 0.00554549754051685 -0.143658614130833 -0.161596516481796
0.00974635058656817 0.0218833428518853 0.126447110807564 0.11286650558089
-0.00185000528880966 0.00922987010812181 -0.107045706283113 0.10080330920599
-0.00827457430444476 -0.00224250868303157 -0.394381138510153 -0.19159151803367
-0.00974494820430994 -0.0367691534132663 -0.0684671008560594 -0.601768849400918
0.0468479897698883 -0.053852995041551 0.712214251664725 -0.371912531993627
0.0301542256864461 0.0347032615693205 0.754530260544466 0.574435550412785
-0.0218246257145621 0.0341279588852503 -0.0275934767274331 0.72263267725196
-0.0313282582487523 0.0220639635160123 0.0562728200448685 0.0801225245863879
0.00724227661722535 0.0492644358071039 0.0655167244757511 -0.676690374858637
0.0220355428354909 0.0107203841006278 -0.756069860564682 -0.623857703792646
0.00830131281720452 -0.0350022098948696 -0.814255070556956 0.404289188355828
-0.030793307060278 -0.0132119435456357 0.0966136444590544 0.688215592277655
-0.0177278500075266 0.0274205813854179 0.432764447576209 0.153523701549321
-0.00199553892627797 0.0120588821009408 0.180887119883415 -0.145910239660828
-0.000497981179792915 0.00913319028577091 -0.141871005624961 -0.162129339835521
0.0114585581626223 0.0226287960426608 0.125946293479638 0.116184139551241
0.00103916236555016 0.0112082809393376 -0.101368620044759 0.108264780143292
-0.00379556490515973 0.00222685549056384 -0.392179929160007 -0.178185120592399
-0.00607355016282035 -0.0303880454320643 -0.0819963275589006 -0.598444428661642
0.0483129661964271 -0.0534099595405668 0.695791068526393 -0.396593884990524
0.0345228772875943 0.0314175349463768 0.76830230627953 0.551742842126213
-0.0163355182818387 0.0327301610604764 -0.0135510071864081 0.72779484914148
-0.0265433091861572 0.0214991982365137 0.0517019398043301 0.0919382226735011
0.0106952055597811 0.0473965613372146 0.080672713354078 -0.66816832802716
0.0263614232746828 0.00971171300075759 -0.735880076817038 -0.65105283139588
0.0119541072321161 -0.0335394112755271 -0.832491439312587 0.37821043877277
-0.0274765977625066 -0.00970387367283227 0.0770449831770035 0.693634259450559
-0.0168103448782154 0.0296753725251185 0.434822189521448 0.170664962957279
-0.00123835530885585 0.0147738714998756 0.186902887053534 -0.137555911307701
-0.000318835023640553 0.0100945107334567 -0.140060780184874 -0.16097088377271
0.0115566564806124 0.00155037512308139 0.118879724193812 0.124523222300584
-0.00235689930621527 -0.00937394772070429 -0.113402310551528 0.11850600764413
-0.0211861182332961 -0.0145748692467635 -0.405943604769109 -0.167130906052819
-0.0355945835763811 -0.0278438770433299 -0.0842889654988244 -0.599399818706922
0.0135906416510448 -0.035645652464132 0.716846706955092 -0.403606254189645
-0.00226712429717107 0.025778392626281 0.797086112431786 0.537292129321728
-0.0244462754283898 -0.00717007847212561 0.0171820727936157 0.707287833899782
-0.0114795246859419 -0.0224590603542403 0.0834569330357852 0.0630757053105382
0.00360155202396764 0.0110677060833039 0.0971817907843315 -0.701358208846054
-0.0125736870932314 0.00530503123357538 -0.735871334842308 -0.652963698409165
-0.0245666811573294 -0.0170036249575504 -0.811368560828856 0.396244358830867
-0.0576491927314827 -0.00715835402705423 0.0993978223609501 0.706657799218657
-0.0297324438127626 0.0109592534819882 0.433642101391441 0.175816836911109
0.0011730916632424 -0.00948362691314075 0.17331483183362 -0.129499010362327
0.00534683413351408 -0.0168747613121522 -0.15500814823662 -0.142584696604313
0.0100461475724499 0.00362502848178255 0.120123170101312 0.121268900816135
-0.00468146012903416 -0.007883423252835 -0.116893828333605 0.110935066659687
-0.0228379670637711 -0.0153200041757113 -0.406070426288721 -0.182425743304717
-0.034976008937764 -0.0326224997383475 -0.0692747909932465 -0.604036104172474
0.0174597231852029 -0.0387300540502513 0.726470713096626 -0.380486156355495
-0.00198706814929796 0.0294950803639001 0.778763508602289 0.56287811755221
-0.0284630108097352 0.000914305540135545 -0.000671224755547442 0.70552572542805
-0.0182238173562524 -0.0139747755248423 0.0830507101456484 0.056552038178588
7.81607802883555E-05 0.0186041205441171 0.0776975524911366 -0.702110243137829
-0.00989921059172933 0.00732557411180901 -0.755962090781344 -0.626440733459602
-0.0231226123846347 -0.0223205781189407 -0.798024731411051 0.421592753243626
-0.0573938034536398 -0.0123993500571744 0.112993034182954 0.700025698008145
-0.0291458173060317 0.00925120841833215 0.432010487436053 0.158965501964878
-0.000285626873759597 -0.00881192620005065 0.169381292066354 -0.139127577034839
0.0042637467937852 -0.0145855028290711 -0.154621788756072 -0.147158465157179
0.0100937230941388 0.0066177171834976 0.123544808128345 0.117502665772845
-0.00679375639922097 -0.00405348787701466 -0.117811688433318 0.102863507268537
-0.0229876570638434 -0.0152269230928474 -0.405235944971483 -0.19477093128838
-0.03216872069813 -0.036772140634975 -0.061026324151603 -0.607505411268907
0.0227980711641039 -0.0424532084418355 0.733512180864599 -0.362685267155759
0.00223962808991267 0.0330388600326537 0.762565498663619 0.581803093952228
-0.0303424139885921 0.0102519336473067 -0.0143304499312837 0.7099403969587
-0.0246717068237005 -0.00473906263763146 0.081229392146088 0.0547861870913544
-0.00101554577960089 0.0283542704406541 0.0636777042341718 -0.702124919857187
-0.00604672196217523 0.00929696981595145 -0.772468009891222 -0.609067824998844
-0.0191315715986414 -0.027542412389497 -0.791977723765846 0.438211208166705
-0.0537958347708665 -0.0173588981493101 0.12290246974976 0.69372358369576
-0.0283595858945297 0.0102880138613638 0.433583661119229 0.146464082664341
-0.00105474447526299 -0.00551544688200773 0.168158370768107 -0.147453479003639
0.00247947912810838 -0.0101245585920646 -0.153696732334438 -0.151815620808535
0.00863385136379311 0.0110153555633702 0.1243703776675 0.114891775276263
-0.00726089444124563 -0.0013462260722785 -0.117875721804459 0.0973809705026165
-0.0208899115083929 -0.0127456919176466 -0.403506556214677 -0.202322983397439
-0.0272740797073164 -0.0401488460928691 -0.056887275229821 -0.608115018341102
0.029114369642474 -0.0451274476804315 0.732975423955514 -0.354041261080867
0.00766612678053944 0.0358122050312248 0.75585747490304 0.595185431193601
-0.0314479420703301 0.0196371541313791 -0.0251716449230853 0.711998468345789
-0.029589430563375 0.00551480299576074 0.0762555494999179 0.0558655723842638
-0.00124077549017037 0.0362164269662838 0.0532581753027636 -0.69920899022404
0.000844908409383234 0.00939358781721947 -0.781451277341967 -0.596347759781406
-0.0129781504258102 -0.0319395878844516 -0.791091064696366 0.447298552535328
-0.0491733367178261 -0.0188211835045804 0.12748143114508 0.689154235554998
-0.0256590968942269 0.0132839205340362 0.433791974748976 0.137341321519169
-0.00195049455664947 -0.000897876449616603 0.16868131954566 -0.152720296855953
0.00120848715993106 -0.00502367443748553 -0.150383791120583 -0.156109826462299
0.00938820987702019 0.0151118782174439 0.126674616215857 0.113059457056395
-0.00739275790182693 0.00307533761780262 -0.115769033998326 0.0956160475917438
-0.0172147196244341 -0.0101643176110755 -0.402783791306686 -0.203989394366478
-0.0206939514461278 -0.0414792266365109 -0.0571602354740718 -0.60866432339349
0.0358516052670489 -0.0496891218621234 0.731376930397044 -0.352057410445827
0.0151287131286357 0.03665206428115 0.749643789757222 0.596079878213599
-0.0295594916751431 0.0275937685192358 -0.0283891807416116 0.718115717873255
-0.0325824552445087 0.0137075531047033 0.0698496053124036 0.0616510236355141
0.000899201615918731 0.0424326376931193 0.0483871456832909 -0.694899052666078
0.00854168907606846 0.0105368361004477 -0.7845429859992 -0.596218108111624
-0.00592081764019982 -0.0342970309546452 -0.793735770074839 0.44468081217267
-0.0440673653963446 -0.0191557766349075 0.125029482014656 0.686373902269418
-0.0229868626472694 0.0181972699716531 0.436038050615444 0.135214428648876
-0.00218429364937748 0.00437453410742321 0.171277125455355 -0.155294878723691
0.000359299843972897 0.000780567865137579 -0.148174110744164 -0.159712717704233
0.00882131561931361 0.01909671776112 0.127612045776449 0.111821640871337
-0.00438893003733812 0.00619259412046387 -0.110973892784719 0.0968854300207702
-0.0123585087148901 -0.00642436603140036 -0.400090657793537 -0.20042178970299
-0.0146673880676865 -0.0403338694657512 -0.062708774949727 -0.607722086570436
0.0415087285588105 -0.0526067001381994 0.7217226901607 -0.363260067627392
0.0223515006265261 0.0369520999271081 0.755135399008322 0.589901496467267
-0.0266499542705464 0.0327615906176435 -0.0279999949594363 0.72353309242876
-0.0335003477912318 0.0195205602226234 0.0640810578703749 0.0705975026319855
0.00421670659134397 0.0472552860404065 0.0524277644004907 -0.689068502761897
0.0159126529592217 0.0104547192694691 -0.778496924981123 -0.60567502891911
0.00181293553291771 -0.0359579769534443 -0.804750450449137 0.43281958993859
-0.0374735953073648 -0.0168524714512811 0.116988836731346 0.688166025993367
-0.0207959444279478 0.0230001805770677 0.435723416845727 0.141598377727102
-0.00319100005736553 0.00916186765870908 0.175719680510797 -0.153922960327802
-0.000142137363070803 0.00523288144725803 -0.146059054078498 -0.162058416564117
0.0097526122411277 0.0219817155774805 0.127846715668185 0.11342349507663
-0.00184897476556597 0.00898091807595186 -0.106456301563552 0.101038378165073
-0.00784823565876491 -0.00252798160884204 -0.398026362817902 -0.190868368629011
-0.008569408135527 -0.0364925243375269 -0.0728446187747248 -0.604622016799427
0.0468063612022355 -0.0549090700768345 0.713188791105057 -0.379619266908231
0.0298689484923295 0.0347212881801409 0.763986559279283 0.572483683296815
-0.0219989957572801 0.0341796393229521 -0.0212492442468785 0.728187322626285
-0.0312511334821606 0.0227143561204497 0.0564715733911741 0.0809586278794505
0.00766348384341845 0.0490628055360691 0.0608693227824253 -0.680611176320798
0.0221487627853096 0.0105771892604983 -0.76489979833888 -0.623218260226287
0.00799399895993761 -0.0352001056445832 -0.817527417490712 0.413911127940446
-0.0326922745809239 -0.0131484105495956 0.102977148115942 0.693296343090397
-0.0181393102707978 0.0278145161992714 0.438909423501357 0.151774950269286
-0.00189780714845567 0.0130860649091834 0.181269241153459 -0.148461631042041
-0.000598147124052129 0.00848999001715137 -0.143636901830083 -0.161511251671854
0.0116195069462753 0.0225450334482346 0.128090419588316 0.116406682347312
0.000604328525649614 0.0111487758463518 -0.100599333056364 0.10866636265795
-0.0041528585786495 0.00242754305288577 -0.396079754485542 -0.175245164401734
-0.0051744054179673 -0.0309288083435886 -0.0877645860025289 -0.599440296200206
0.0483982748178989 -0.0547530610183819 0.697886392312197 -0.403204309332205
0.035010136767269 0.031486755801087 0.778323547078033 0.545761557797679
-0.0155358710911302 0.031894387394067 -0.00813715719470383 0.730712685685912
-0.0274255715332789 0.0204161947168725 0.0524733863761195 0.0923241515827359
0.0111703288195866 0.0471919317201073 0.0767231727033881 -0.672295225935128
0.0265866475880924 0.0103224260677928 -0.746359117879123 -0.64957649727734
0.0126892145581715 -0.0333629714082615 -0.835667735111516 0.384447557324862
-0.0273213103455733 -0.0097931481447478 0.0834766110277719 0.699485274216275
-0.0160707359813079 0.0310550396261187 0.439425713849013 0.168983376353033
-0.000917659283199602 0.0152449878788226 0.18697990580191 -0.140991671607308
0.000235222276325671 0.0103062520894687 -0.142688522815951 -0.160426977351434
0.01263410662011 0.00139108508016003 0.120691598796322 0.124801896555162
-0.00297823839272009 -0.00982439807392697 -0.113723221749694 0.119935409470356
-0.0216660122552859 -0.0145926391092562 -0.410180290404488 -0.163985524263966
-0.0361501205207062 -0.0267029658760952 -0.0906144407585305 -0.600297488322185
0.0132808868903971 -0.036912488988353 0.717934170985735 -0.410800446061937
-0.00225869927920457 0.0258887801333983 0.805565724197815 0.532828166265874
-0.0254093270212184 -0.00638321699022784 0.0242745462095589 0.710826569701688
-0.0124216968942476 -0.0226024456273498 0.0840905985276029 0.063147651321934
0.00440520477038211 0.010332722957431 0.0887626703634621 -0.705013298583398
-0.0115962260816839 0.00532633702792368 -0.74883612381519 -0.649084080280251
-0.0242507268069453 -0.0168354580355908 -0.811257254808806 0.40640814243005
-0.0578887677165788 -0.00746134606498928 0.106884038592793 0.710096480539234
-0.0302533421365673 0.0112573836953766 0.437439414792398 0.172067214539411
0.000384999983200685 -0.00993051420230599 0.172437657982981 -0.131881088027561
0.00500734870411098 -0.0170616452713117 -0.157016690760972 -0.142271733024908
0.010629065525188 0.00339619364405513 0.121451678352639 0.121624633944357
-0.00575062002554374 -0.0081692971219612 -0.116542771876155 0.111677639019674
-0.0227142753987912 -0.0157069780149568 -0.409605656901774 -0.179999804019309
-0.0346692790366931 -0.032178377288768 -0.0751753690391382 -0.606326951151495
0.0171409609666694 -0.039070849556786 0.727372516579436 -0.387569653000407
-0.00139922139232118 0.0293078843234006 0.788010166786861 0.5582142786693
-0.0282153750191428 0.00194059900203074 0.00598476069485905 0.710681491943864
-0.0182540294477829 -0.0148412818113749 0.0841290202391622 0.056849181074988
0.00115665436188269 0.0188820274621873 0.0719073668966008 -0.707253617194684
-0.0101435821798347 0.00768611749812487 -0.766474572404294 -0.624162194244717
-0.0234470519458233 -0.0217047864493577 -0.798408844846605 0.429820393525178
-0.0569114250479313 -0.0137571149554672 0.122197547606187 0.702086992825194
-0.0300733485875396 0.0096475541546664 0.436765443817157 0.1564081317918
-0.000153890376507749 -0.00899358578205633 0.168410076393458 -0.141948190627559
0.00380456189299068 -0.0143560936341454 -0.155961858619659 -0.146743309708722
0.00916237468801907 0.00697447469065761 0.124795271154146 0.117433637533274
-0.00771461262205675 -0.00488850728350495 -0.117550089014998 0.103749908525569
-0.0224419084341944 -0.0159975320836438 -0.409868608194869 -0.191630857719211
-0.032953805141971 -0.0368693932969618 -0.0667718611666947 -0.609489452711932
0.0216461202342559 -0.0429307004291569 0.734999662559621 -0.370467797347992
0.00230612190636141 0.0336226378505097 0.77363596987258 0.578155897179395
-0.0309781245108962 0.0105136674678204 -0.00824424206426487 0.712548574258841
-0.0247453667498816 -0.00395714641359932 0.0820798459275294 0.0536967159503877
-0.000961708806301559 0.027221846363603 0.0581218519191044 -0.706237967371923
-0.00594133545809176 0.00946219757032792 -0.781743561966558 -0.605586177117265
-0.0194993799077484 -0.0263565490467327 -0.793197517105695 0.448397903670694
-0.0550370720593525 -0.0168247954970064 0.131153124614303 0.695720647445263
-0.0281316571163278 0.0104627407676186 0.4373445482331 0.14133540717457
-0.0017357892438395 -0.00517148793907544 0.167092901555983 -0.149621589172495
0.00284205392939199 -0.010534042296621 -0.155800919696688 -0.151551415924806
0.00900652068881118 0.0109270267516206 0.126524143669793 0.114435666430514
-0.00794095911267701 -0.00135880851823842 -0.117770653105367 0.098734988180037
-0.0209633780401467 -0.0137845404095271 -0.408283930652957 -0.199719810239734
-0.0275259717663194 -0.040337513161367 -0.0638191886930226 -0.609988968215176
0.0286097593977544 -0.0464225350518984 0.734153840523069 -0.362245711319591
0.00751118037863506 0.0361935309581829 0.764355399969794 0.590536265598443
-0.0312917763523636 0.019559561305562 -0.0177436617952803 0.716267169917384
-0.0301312196108598 0.00553441887146332 0.0775432922582961 0.0557676564991107
0.000436072364681843 0.0363145418702343 0.0470722429688569 -0.704372649681041
0.000368932932813013 0.0104502109249102 -0.790420786740783 -0.592405861982676
-0.0136609964044471 -0.0318945923686958 -0.791798204573708 0.45954840789373
-0.04936011431851 -0.0184819107706582 0.136598533566326 0.692232354288212
-0.0255548791920259 0.0141760187537853 0.437850814887719 0.135054843380811
-0.0018669058940789 -0.00077316434914858 0.167972569263058 -0.156259657720824
0.000776871106499308 -0.00425686918639814 -0.152181516316625 -0.155232799772081
0.00916145542678407 0.0151899879638704 0.127337319223743 0.113008412382788
-0.00658071346475776 0.0021686071924385 -0.11512682448768 0.09622820438295
-0.0170703461526393 -0.0113401820336305 -0.40586081472284 -0.202791764101366
-0.0216663847303862 -0.0408787268297745 -0.0638605266384396 -0.611087654761295
0.0351766108117315 -0.049665348263225 0.731103612424913 -0.361114734030555
0.0151469212756378 0.0378077032183871 0.759940044344508 0.594115183329937
-0.0307475564961586 0.0278107320850286 -0.0232468593466483 0.722562722834261
-0.0318341949735942 0.0141050322261357 0.0704508588082959 0.0605917656495461
0.00185074818492777 0.042947916992032 0.0442580144464787 -0.698820577222681
0.00927261436614879 0.0108770187239604 -0.794414922353065 -0.590424290306788
-0.0061455395062606 -0.034591744227341 -0.796444560340329 0.45575898953813
-0.0440597095571841 -0.0186051507277029 0.134022283104015 0.691124988899007
-0.0222599508947443 0.0184464326666034 0.440348922257253 0.131002822262896
-0.00279880541912523 0.00550696998912815 0.170525229187743 -0.158302632416137
0.000340693823839692 0.000442623260649326 -0.150578682514072 -0.158657638326476
0.010123239921387 0.018397748298592 0.128899377456436 0.111666487460217
-0.00466709310256451 0.0061599520599424 -0.111001501913766 0.0983930069868454
-0.0127640630405559 -0.00666822770506395 -0.404410760689728 -0.197898526809584
-0.014898168971166 -0.0399047069317235 -0.0683467208638401 -0.609881704400497
0.0416600446485994 -0.053287878644921 0.724550607295141 -0.370741638226068
0.0233255007752772 0.0370984678422087 0.764541179344257 0.584896041601901
-0.0268156898209258 0.032193701717541 -0.0219404233513617 0.726567183735207
-0.0336448538082344 0.0197286395429809 0.0648171616195842 0.0707300259711797
0.00514803104332598 0.0469563295005082 0.0454205523451444 -0.693109879854507
0.0163842206610686 0.0115047677584716 -0.788345340504471 -0.602927691555006
0.00122087010810624 -0.0359877951389798 -0.807756592742494 0.444773085655802
-0.0376329857434433 -0.017165932889288 0.123473692972192 0.691539908175282
-0.0206353614448922 0.023560698074921 0.442649136426062 0.138096903410764
-0.00246285422741764 0.00992329160555718 0.175643882763887 -0.157381709365934
-0.000815462062049093 0.00564927104461956 -0.147009941369648 -0.160900069786999
0.0106073923609943 0.0222941500294453 0.129563977225927 0.113394723994281
-0.00231583797552365 0.00909760023365807 -0.106544549667251 0.101886085906852
-0.0073453055750703 -0.00244487861068465 -0.401604025769171 -0.187565989453973
-0.00945799897674736 -0.0366465171796914 -0.0806519513601744 -0.605245457977435
0.0456277132630415 -0.0548873407441751 0.711788079949211 -0.389741625070393
0.0301554125198591 0.0349865026233215 0.77253845350841 0.566928418864521
-0.0213690116146594 0.0347177335376303 -0.0145524298564305 0.733185740481664
-0.0310910222678107 0.0227440053255537 0.0583082905369741 0.0805670892796524
0.00823918109996403 0.0488904130318513 0.0573588375323591 -0.684997807877453
0.0236123398245037 0.0111697893377567 -0.775963182515651 -0.621015414634223
0.00837480721008747 -0.0348956920544083 -0.820144747878079 0.425494093598799
-0.0319079749011494 -0.0129876965451938 0.112274216608126 0.694240659480511
-0.0187231462682921 0.0281906860921164 0.44337068229324 0.148489775695478
-0.00248360242561009 0.0138392996060897 0.181268228207175 -0.151808423958504
-0.00058672299430375 0.00879152857227707 -0.145959263680842 -0.160490166520632
0.0116202094394973 0.0230292643180203 0.129631081549699 0.115231401879548
0.000823142584464908 0.0115927975094499 -0.100312597348034 0.110055875008594
-0.00433985273097411 0.00203885190259277 -0.401119136735853 -0.173618086055746
-0.00566781156902307 -0.0306570192028488 -0.0939143943858951 -0.602915935331251
0.0482365897391002 -0.0556714584906442 0.698809798534842 -0.409776263680298
0.0351956743535558 0.03146974326377 0.788172624215141 0.54214819590557
-0.0150546565725376 0.0322772476039934 -0.00038344614583123 0.736226247049422
-0.0272481159432803 0.0199278137239466 0.0531868472738263 0.0923800132294217
0.0132642293326986 0.0467611639669632 0.0699046122718381 -0.677280404011971
0.0266045274294718 0.0101658303426836 -0.756174399889162 -0.647122172474063
0.0120928763947174 -0.0337882564563021 -0.836639316686048 0.397058055014624
-0.027694779028202 -0.00989803471671034 0.0931295694120996 0.701782808735141
-0.0162689101250171 0.0321192834478653 0.444804335628893 0.163690660585021
-0.000698839789923947 0.0160745459206292 0.186958266962865 -0.143526539825842
0.000288374720523871 0.0103694353996973 -0.144424340057798 -0.159913320063551
0.0126300124655389 0.00111239141408 0.121880214604225 0.124841359189922
-0.00319819504225541 -0.0101102148991718 -0.112733449482864 0.120798034039483
-0.0212907922138906 -0.0150265072433745 -0.414359343760338 -0.159481087478681
-0.0356926953685308 -0.0265174971290589 -0.0973862118737983 -0.601489855759806
0.0127629635572767 -0.0367255929157219 0.715929892312199 -0.422034668578713
-0.00210991123773891 0.0256870909602722 0.816032035310605 0.524808617415302
-0.0248226300423252 -0.00776543882932335 0.0331118096811286 0.713408723952536
-0.0122543729852424 -0.0233812707867506 0.0853084899266658 0.0621925607112149
0.00469873443359028 0.00998434315262237 0.0822677246120511 -0.708988739833293
-0.0116890287201036 0.00651082273839179 -0.758955143340362 -0.646800295555451
-0.0251058223706738 -0.0165237406586711 -0.812464895541315 0.418049669661616
-0.0582820183797111 -0.00750365798787712 0.116854440385543 0.711030928053247
-0.0303226790773894 0.0119794088007892 0.443253577736989 0.167509907323707
0.000870024943830009 -0.00930075370029897 0.171810169557204 -0.134368280236073
0.00561466122554271 -0.0166986839089366 -0.159704347475113 -0.14089582185479
0.0106859838899639 0.00298660217697307 0.123109055598483 0.120646369986647
-0.00587644986319329 -0.00767889164798707 -0.115361440380013 0.112419281935058
-0.0230760006956357 -0.0151692291432218 -0.414967499403322 -0.175865493019069
-0.0343869789540702 -0.0325258541052658 -0.0828148291838389 -0.60623243842842
0.0156294970100177 -0.0398176346212467 0.72432056095952 -0.399608597604582
-0.00177523017996122 0.030444483817749 0.797886157743384 0.552259252792189
-0.0285101271970503 0.000579865980911941 0.0136705337666841 0.714649526229823
-0.0185143386622681 -0.0144628925287709 0.0855848869312232 0.0556525814831614
0.00189009334834482 0.0181512468298209 0.0655329710824434 -0.71185784854347
-0.00972982686966267 0.00871626424610931 -0.775896216712011 -0.619150665129893
-0.0238268299509234 -0.0215255984150333 -0.798496926880726 0.44150989992516
-0.058338178121853 -0.0126198906652907 0.130728523721199 0.706206035137514
-0.0299466312559754 0.0105366690105118 0.4419293261274 0.152160706538919
-0.000987642293978004 -0.00815373504868023 0.168236859363246 -0.14427743495143
0.00381029985240811 -0.0142327477915106 -0.158328280495576 -0.145816472678727
0.00982011790080263 0.00633329297032238 0.126012100626559 0.116888032665933
-0.00812331962722785 -0.00480775951416585 -0.116982907911231 0.104675771317322
-0.0230889161258883 -0.0148877182982857 -0.414538023472992 -0.188534801658848
-0.0323366763627724 -0.0366972002046422 -0.0754102980840193 -0.610134703021254
0.0212916072447613 -0.0434318120776073 0.7347905174883 -0.382139263547186
0.00242934258768607 0.0335208247748195 0.783132292453885 0.572470649009433
-0.0308539431458057 0.0103807227804237 -0.000885588272251922 0.717386971179763
-0.0248805857677852 -0.00413676862996457 0.0826670177940319 0.0535997258140804
0.00114800094342012 0.0275189518349705 0.0511530972658089 -0.711654381432602
-0.00570763472389728 0.0103611865123349 -0.792488837739176 -0.599156231474561
-0.0204981640340386 -0.0265324610761005 -0.793061534248789 0.461766929219341
-0.0559103532784753 -0.0169343448650463 0.141157847688752 0.698529569591995
-0.0281150806414878 0.0113177465961678 0.442113231074868 0.137561762692766
-0.00151826933078109 -0.00513962264681847 0.166086371485777 -0.152522031402582
0.00282102426130732 -0.0103815559880021 -0.157783912522799 -0.150399709035398
0.00944041311365026 0.0109993301947401 0.127335168984224 0.114251699464763
-0.00794742471874847 -0.000932928043836073 -0.116607073548535 0.0990630468700013
-0.0217870480049054 -0.0134641511460299 -0.413136345226309 -0.196628338901408
-0.0271106837926623 -0.0397344618614283 -0.0698933643392968 -0.61190734046201
0.027741878435694 -0.0467277472731952 0.734990417858806 -0.372362741187663
0.008467512802303 0.0365515496170202 0.773689514450814 0.585091442208881
-0.0307973598685817 0.0197459373445813 -0.0113593866598887 0.719115415758952
-0.0297626298944651 0.00596667846716327 0.0776991478322486 0.0545388345167565
0.000864976613288746 0.0355807035469242 0.0395801641153113 -0.708169689005645
0.00152603040740905 0.0108683969116292 -0.802394207497701 -0.587658211991949
-0.0143401631882397 -0.0313697490707277 -0.79103423987495 0.46924206454899
-0.0503272899150221 -0.0183566254587091 0.146393998525748 0.695237582176383
-0.024986712689244 0.0150306464097598 0.442526229218335 0.129139874805607
-0.00186590684012267 -0.000193210479019122 0.167047091259137 -0.158927929454769
0.000988138704178324 -0.00385472494232562 -0.154404497131745 -0.154184278612267
0.0099057639104317 0.0148677010587945 0.128954764992656 0.111692002456086
-0.00713342158353637 0.00256714542236352 -0.114548498757565 0.0972636984848158
-0.0172838719962907 -0.0107933999208655 -0.410850161936225 -0.197975796028043
-0.0211290657139278 -0.0411600434634105 -0.0702153140666309 -0.610995235032191
0.0343896108116597 -0.0508756428158721 0.731534804413299 -0.37155742563678
0.0155785656957412 0.0374891496530697 0.769054195049111 0.587589594902065
-0.02995058719323 0.0281518526302551 -0.0145405800772308 0.725974634079258
-0.0326473477680665 0.0142071184815257 0.0718320199638879 0.0603966491107754
0.00241356280898225 0.0427485394051762 0.0376560835858323 -0.700516155420918
0.00939563513254178 0.010887877995852 -0.806529064820691 -0.585164032358689
-0.00646255768844117 -0.034932058598097 -0.794289345053498 0.467875781109662
-0.0449193630645245 -0.0187364504045885 0.143566559385746 0.690888776003174
-0.0230314535264879 0.0185648779771108 0.444180666466456 0.12669206839148
-0.00214046070306802 0.00576747511664017 0.170419552084496 -0.16146555530887
-0.000134773668169982 0.00108154167944954 -0.152398362700732 -0.158427502688013
0.010330098096859 0.0188404376091681 0.130483832681242 0.111967390784642
-0.00555551695857914 0.00615203422657839 -0.110532027504945 0.0994948919971884
-0.0126238643115469 -0.00659586737865869 -0.409630544674985 -0.193936844158592
-0.0144181477313203 -0.0401056928606516 -0.0768376593870569 -0.610508643834275
0.0405912459469437 -0.0544266770556956 0.721505578681782 -0.38164363302816
0.0231928074091911 0.0368728542479309 0.773141735262694 0.577558558301746
-0.0272026336244963 0.03284422459553 -0.0141767520632353 0.731851783024141
-0.032851266418161 0.019795625735802 0.0661437076423035 0.0697335003323355
0.00618241070480887 0.0466455266963626 0.0382969279309885 -0.696578355279558
0.0175138200468162 0.0118514595737859 -0.797211390643305 -0.597498379105512
0.00162575308088286 -0.0362575709024913 -0.80770900335357 0.456570608666805
-0.0380627006038238 -0.0163289812207907 0.134769832834612 0.69402322288329
-0.0204895575398926 0.0247839075568749 0.447985797948413 0.132521746086251
-0.00251923647561095 0.0106247998359937 0.174049214876463 -0.159103077280846
-0.000422434863447244 0.00560807916616176 -0.150585520314352 -0.159899307279158
0.0115528982346954 0.0221432006754303 0.131565581324279 0.112972229878662
-0.0021338414268185 0.00934105411025101 -0.10502619734113 0.103373095511316
-0.00763776734598144 -0.00228374489700794 -0.407684972063008 -0.184261245762997
-0.0096442703838483 -0.0371824242757408 -0.087927727865085 -0.607462118809463
0.0453565149111382 -0.0567793057222444 0.710796383054159 -0.397637517727554
0.0303821593147314 0.034663834091503 0.78263533476233 0.561873268358768
-0.0214745444084374 0.0347606189198761 -0.00596904540515772 0.735378098955542
-0.0312650114935296 0.02274637799075 0.059296010434342 0.0806969827188207
0.00983837395861063 0.0490630646958109 0.0486005849164756 -0.688777657521723
0.0235260422459166 0.0116650328042278 -0.785659748883675 -0.616080208557404
0.00816228723274537 -0.0353847568272348 -0.817433683326861 0.43523591783923
-0.0327547751385066 -0.0130940343897119 0.119974308961718 0.698867148057007
-0.0177257648346553 0.0289008387564329 0.448536551277569 0.143586787042376
-0.00208471842057473 0.0139142849838605 0.180190411498811 -0.154581674646425
-0.000114521404256634 0.00916371816994356 -0.147677085513987 -0.161272163121801
0.0129998926144894 0.0225881457560149 0.131481198830549 0.116091755784451
6.88031368506988E-05 0.0115647327320512 -0.0995152062851798 0.110872156495316
-0.00359237406353991 0.00181504226468444 -0.404059950534667 -0.169641818265184
-0.00502799854289559 -0.0312191016173574 -0.101529834640516 -0.600985650906668
0.0474547197585053 -0.0562871213255988 0.696050194925497 -0.419557038405669
0.036244358972621 0.0316000324767599 0.796868783718401 0.534967197873609
-0.0152860520649974 0.032308103371886 0.0076605437591019 0.739326186515559
-0.0273992381011044 0.0204576745400417 0.0540611972954095 0.0917039145446185
0.0130129428595998 0.0468311922773989 0.0645741016625389 -0.682116938884642
0.0274682049841586 0.010557380455227 -0.766534912854507 -0.6423360654752
0.0125096425835825 -0.0332323731660537 -0.836378313825485 0.407712752647069
-0.0286662856134668 -0.00930090344405022 0.10232669591902 0.704293582380192
-0.0162956985408459 0.0321472897839806 0.45001796188368 0.16081948660941
-0.00164782500077224 0.0168065684050964 0.186509184809274 -0.146500315127844
0.000679968127862903 0.0113498766418641 -0.146696568783851 -0.159567039379852
0.0131679115863784 0.000798715946099152 0.124479083010177 0.123986585641256
-0.00390132115013715 -0.0108424236949495 -0.110971649727675 0.121754522766279
-0.0214212689635062 -0.0148047938893927 -0.419927540335226 -0.155191267468845
-0.0351698992074945 -0.0262478235697388 -0.105572079386041 -0.600740940799888
0.0116769796821605 -0.0381811030269167 0.711031700908555 -0.430945964969919
-0.00212789646750174 0.0262090757007192 0.824846176030248 0.515165787111091
-0.02485880886381 -0.00717639436446302 0.0401096914058593 0.716700154323081
-0.0127830423863805 -0.0232330178294612 0.0864777269753778 0.0621884120105688
0.00483647476606266 0.00916525913965039 0.0726746918272887 -0.712086563251083
-0.010744480204665 0.00727923868416685 -0.76895165500169 -0.640438349995378
-0.0250306540787172 -0.0159579255015214 -0.810803989076763 0.430315107217468
-0.0592017359804896 -0.00692085713975285 0.126907787720856 0.713525416941841
-0.0305025486478075 0.012505270101462 0.44774072616658 0.162036025040081
0.000458496220111453 -0.00894294883214345 0.171288513952078 -0.13725373825084
0.00456151833239555 -0.0168517822824228 -0.161455073325715 -0.138682423712352
0.0114969348403755 0.00337252970544121 0.126189470043486 0.120335226230721
-0.00645798131348144 -0.00816151016703439 -0.114148936418533 0.113823311806199
-0.0228375499674717 -0.0163241980275348 -0.419008633672988 -0.171310079370104
-0.035154774226599 -0.032061489770768 -0.0922567346645556 -0.605594903419153
0.0149447561483974 -0.0400634591437849 0.722918415090944 -0.408451288510452
-0.000698540817362887 0.0299884962293819 0.807553402106674 0.543297244097387
-0.0286652734197244 0.001254753823108 0.0232780835144978 0.71602525628001
-0.0193203145711151 -0.0146174564266399 0.0859264173707532 0.0550348110295694
0.0017842426130871 0.0175011986309077 0.0571370852029135 -0.713341348560619
-0.0095077302426575 0.00921925717871242 -0.787821234839712 -0.613802938819164
-0.0240557413392243 -0.020647684271993 -0.795635270262386 0.45545765471925
-0.0589717847100164 -0.0123610722650522 0.141111901489544 0.706345310485055
-0.030236257722886 0.010667100950252 0.446119640796915 0.145149642986667
-0.000707427811411322 -0.00803818399096371 0.166653573719948 -0.147789910489605
0.00381030011486366 -0.0137684260269049 -0.160435881556921 -0.144198055841658
0.010400670951068 0.00611406512805012 0.127473285564243 0.11571350502239
-0.00841364593184086 -0.00513703263173681 -0.115932310274608 0.105740068027544
-0.0235777268708047 -0.0155051229647161 -0.418431257191187 -0.183724240638352
-0.0322862319297285 -0.0366390518780555 -0.0839104904382266 -0.609946652611325
0.0205332339684684 -0.0439241098448351 0.731109327207443 -0.392476709244595
0.00295150705005314 0.0338073346451435 0.79184327505874 0.562702306669634
-0.0306677703585712 0.010422351267667 0.00969812641094268 0.717988172978025
-0.0253867698188032 -0.00471939883826817 0.0842229249400744 0.0528156522312212
0.000723785342223424 0.0264048854940429 0.0426261794742609 -0.713832559176693
-0.00481422991543684 0.0107499586723844 -0.803409410582015 -0.591823286413439
-0.0205712993992423 -0.026208548859958 -0.790261740044676 0.473987730165797
-0.0556161864351316 -0.0161924003384449 0.149729786634924 0.699075188683612
-0.0284163834198735 0.0116902775321568 0.445671798744245 0.132606112772682
-0.00135261757431305 -0.00436126557015194 0.165275742876272 -0.155513046648463
0.00176492148511322 -0.0101465490805266 -0.16011976296842 -0.148434089489502
0.0102818208560327 0.0109685458177993 0.129069737770825 0.113573589367541
-0.00846528111011965 -0.00181557214738828 -0.115174048050591 0.100737048893901
-0.0215078533002534 -0.0136271042997402 -0.418479472703639 -0.191854623843492
-0.0272392552601367 -0.0397785628204576 -0.0784521367558205 -0.613088631195237
0.0271789514345484 -0.0477823114762595 0.730758130502626 -0.38300602355727
0.00900432459243958 0.0366013449235445 0.781663894113083 0.575845343193923
-0.0307954017542992 0.0202636934757923 -0.00193777358333671 0.722343376240758
-0.0301294400744489 0.00589944211837887 0.0782893912294356 0.0549835258173505
0.000777054305192568 0.034795666930314 0.032780921020437 -0.711141880683176
0.00179025230550548 0.0122042620732521 -0.812686172532425 -0.581868503528429
-0.0142683202530241 -0.0311867420475193 -0.787353554905427 0.482955029830283
-0.0517654204401836 -0.0182629598073933 0.155464846304718 0.69582726504415
-0.0254162966170326 0.0151071178922721 0.447506948436648 0.123365035670883
-0.00153982956589278 -1.34967881989644E-05 0.165520558903904 -0.16189759197545
0.00103108851153617 -0.00378461323073389 -0.156571081450233 -0.153318734291253
0.0105544023309384 0.0152132004927119 0.132006213466056 0.111237285076629
-0.00731847352425879 0.00220744307591348 -0.112967527517669 0.0982490000487331
-0.0175425852518269 -0.0108467652345987 -0.415745644927944 -0.193438965302689
-0.0213342419920595 -0.0409607178436895 -0.0784594949353017 -0.612869644298115
0.0334511790322489 -0.0520226210092514 0.729716008068498 -0.380943590660917
0.016504500882724 0.0377118767653341 0.778490616768581 0.577919756369322
-0.0289788685171559 0.0280234602213956 -0.00496241505104773 0.726884582829832
-0.0326531679895627 0.0143559030541833 0.0732267489177316 0.0603494882642762
0.00324542120692008 0.0416049341457139 0.0272992987760561 -0.703892828439664
0.0100796833358178 0.0115954837569983 -0.814949453407429 -0.57774981209846
-0.00697834461127375 -0.034308267347696 -0.792416897293124 0.48077320020636
-0.0454745050276665 -0.018437422413449 0.153724778838597 0.69311580783761
-0.0227843602292942 0.019338262747056 0.448609833918739 0.121858362881522
-0.00233332113898491 0.00561915437140805 0.168194133367587 -0.163923867103321
-0.000563520032318724 0.000748836951755056 -0.155060743517934 -0.15628395759742
0.0109234170316454 0.0181220104124672 0.132636961667665 0.110720000021592
-0.0058410998546843 0.00589584187535723 -0.109428608579149 0.0999471515378464
-0.0128396712600579 -0.0069982327064551 -0.413510145709479 -0.190299807954545
-0.0150533372869528 -0.0405485767035314 -0.0860071684502297 -0.611044505520589
0.039459507911604 -0.0553475059980401 0.71978026454631 -0.390490188374109
0.0244643138612394 0.0369506974536521 0.783592401718938 0.568145235845191
-0.025770946260019 0.0324406817362147 -0.00494477512182067 0.733092275324841
-0.0339361085727826 0.0197954421637453 0.0658322925710458 0.0699736365151732
0.00776197129561603 0.0468679160873416 0.0309711615138845 -0.698367934612108
0.017871310024218 0.0116785867903614 -0.811147471256827 -0.588719565049848
2.21861554292116E-05 -0.0359730748040177 -0.803354874738044 0.469080433008272
-0.0388891955870029 -0.0165637149226157 0.143467393654511 0.695618056952307
-0.0200420181774429 0.0248219007337469 0.450490913526047 0.127678174286002
-0.00218943621793869 0.0115557116921513 0.17259732801751 -0.163475662242818
-0.000249658704542487 0.00606493061675311 -0.152536945467952 -0.159317985326251
0.0122583060102394 0.0216700872261401 0.132698337996536 0.111838846463748
-0.00361794071807562 0.00897542556769863 -0.103825449693246 0.105450136178686
-0.00832095877076473 -0.00258836428770043 -0.410512304966839 -0.179314623861374
-0.00998999186216123 -0.0370179349966003 -0.0958942195611879 -0.607374179277086
0.0441548415296691 -0.0579304092236705 0.707756007351398 -0.408880788072032
0.0317015177119141 0.0344721383537242 0.791465711777323 0.552687821474781
-0.0213756883722465 0.0346343918143599 0.00314904162028429 0.73777626258019
-0.031354219306406 0.0234343183408527 0.0604438962477545 0.0803930414548527
0.0109683217069249 0.0481256561801894 0.0418657787591546 -0.690256537851956
0.0243361829992193 0.0116883542106281 -0.797024823971847 -0.608112057217403
0.0075646652801773 -0.0354652667219625 -0.816283494308163 0.449210907079984
-0.0334113237491456 -0.0129302926305116 0.131338253193591 0.699153504694622
-0.0177257757069697 0.0292683068578549 0.452991203328141 0.138473716249034
-0.00191183303486667 0.0149843838321167 0.178232818078459 -0.158033211564622
0.000109781774773882 0.00977674445758528 -0.15055806923313 -0.159379343074011
0.013421921985122 0.0233078544353089 0.133680276162262 0.114071858700261
-0.000569808617544402 0.0111303428619259 -0.0983531996908869 0.111772312226855
-0.00397929626644654 0.00197026487191031 -0.408842021912435 -0.165329735370185
-0.00554346508991198 -0.0317347663398983 -0.109914460630485 -0.602315823865049
0.0454783977592838 -0.0568818615144867 0.692756649792451 -0.431352640333705
0.0361977811276954 0.0319689889576562 0.805715422244141 0.527047556470454
-0.0149050504137112 0.0314707664961734 0.0178669826854275 0.741042576124751
-0.0269289451240182 0.0202581683663239 0.0555015466754103 0.0911972228368727
0.014912941196284 0.0459540630696651 0.0572523507381693 -0.683683448508819
0.0281318941441222 0.0107498398144764 -0.778578033459758 -0.635015598342289
0.0114782926195822 -0.0331476382692671 -0.835565750353971 0.42171438386817
-0.0286639582019326 -0.0100229899269543 0.112505585041307 0.704645616793729
-0.0155834423838369 0.032768752139569 0.453100746716105 0.155327874885897
-0.000676921438476778 0.0176526955338037 0.184662552939774 -0.149469433096393
0.000790471952307795 0.0108623573774176 -0.148900866167972 -0.157825273110987
0.013869523746028 0.00117018924403483 0.125320477682315 0.122844365363457
-0.00450734571264604 -0.0102078420740946 -0.109465725677921 0.123388931702086
-0.0213140046566884 -0.0153253909360696 -0.422511867140993 -0.151454166901306
-0.0350040321652685 -0.0256630522154718 -0.114727316830475 -0.597937146946728
0.0114482295210355 -0.0374782041143002 0.706840954609379 -0.441007274125442
-0.00183421249229074 0.0262831285108423 0.832533723633811 0.505756365819479
-0.0256862007597604 -0.00671753453308728 0.0503320252854781 0.716452967442719
-0.012999464293548 -0.0236460314116835 0.0875658335119849 0.0609456415683112
0.00644582129335753 0.0090196541912576 0.0653258946357562 -0.715309767463978
-0.0109358814972857 0.0073974816859381 -0.779214322285423 -0.630184090607849
-0.025742894933399 -0.0161958036539447 -0.806863224655134 0.443609446834538
-0.0601414675152752 -0.00581675820456919 0.138101360796747 0.71395533400793
-0.0300214753778756 0.0132006306994141 0.452207308099555 0.15583191324647
0.000149695037618108 -0.00886429979031794 0.170132406346895 -0.139733986495265
0.00472508749407813 -0.0166007031496377 -0.163618814257198 -0.137514415331613
0.0123790967365973 0.00340662876112173 0.127139740774683 0.118952517771759
-0.00701686647968678 -0.00896387947754204 -0.113033988789345 0.114629926405718
-0.0235359873095036 -0.0157714615293947 -0.421926577571014 -0.166610652516774
-0.0356252677074236 -0.0309349096355437 -0.101382096105346 -0.606681848412106
0.0144809063364694 -0.0409466371715727 0.718855870827224 -0.418273186725016
-3.59795579661648E-05 0.0305955630835827 0.815109867752851 0.531912643068782
-0.0286848759574445 0.00137133890690608 0.0322586682555106 0.716817055426395
-0.0189856948501998 -0.0149034111162459 0.0864527463527735 0.0544934819786442
0.00219296410105572 0.0172274785902811 0.0490854778074288 -0.714691084429801
-0.00942374079388736 0.00991523768970622 -0.796665964645824 -0.602536835268172
-0.0237126603677034 -0.0208939026606233 -0.792207258304667 0.46727136103706
-0.0592630826545016 -0.0123219267707314 0.152888297081749 0.706045188051115
-0.0303610369458424 0.0113599088287098 0.449940034333222 0.140677061019199
-0.000811610839650347 -0.0071612964989094 0.164816335119223 -0.149528909346023
0.00363926644842575 -0.0141614925643797 -0.162538961337053 -0.142241152315765
0.0114670827766149 0.00646044992016076 0.129285964698322 0.114970718860734
-0.0085610376109785 -0.0052983842379631 -0.114623394993238 0.107298886713323
-0.0234983898950505 -0.0152418076700391 -0.423981281378543 -0.178386565841201
-0.0322342058716131 -0.0362547469894504 -0.0910175937719523 -0.609574648754914
0.0198566277941605 -0.0446222331994666 0.726588005782498 -0.401179498212208
0.00375803707255564 0.0340053946208964 0.801272764602765 0.553582101413292
-0.0304542194971155 0.0105112285250068 0.0180348886600584 0.719804390393467
-0.0251655682281114 -0.00402908692093085 0.0845519005588599 0.0518028525521036
0.00159464811979855 0.0263979938156962 0.033929487527257 -0.715816717476408
-0.0039787962161597 0.0115131654569932 -0.812018297117384 -0.583233330264
-0.0207516032475757 -0.0260592490845766 -0.786889895930628 0.484574137984891
-0.0568334379900824 -0.0155227458183256 0.161414379667031 0.699181432902885
-0.0278809979253928 0.0120071636308142 0.44955855042049 0.126262067376985
-0.00139174217931162 -0.00406740317758962 0.16344258338537 -0.157803730338491
0.00208292396397301 -0.00971610598668528 -0.161942119244106 -0.146995888001265
0.0102906142433713 0.0107060392924482 0.130579164883688 0.111771237701912
-0.00910760368869875 -0.00199833132734644 -0.114816371528884 0.101312126221102
-0.021354564910566 -0.0132881322924179 -0.421772208068176 -0.188408951965554
-0.0273554963024208 -0.0397071428038145 -0.0877431097605726 -0.611298065734633
0.026675235201061 -0.0485264946830655 0.72742923080815 -0.391062038616582
0.00957395111917387 0.0367050170753727 0.793038180096937 0.566903197161795
-0.0307032351518086 0.0198663580863074 0.00778581817665928 0.72307414455207
-0.0299084276925648 0.00605127090093739 0.079818823480014 0.0536381545138948
0.00274302886287099 0.0344239341574899 0.0243732733371461 -0.711763938021514
0.00249262313383326 0.0118849748871095 -0.820400620200954 -0.570915377395425
-0.0143223211246114 -0.0312795181852087 -0.784382030145963 0.493328153486578
-0.0520719389294817 -0.0171863770657585 0.16602581822221 0.694187288258253
-0.024979922139051 0.0153640732601335 0.450021877449294 0.118240945443497
-0.00179527940131298 0.000996379209951674 0.163326418880925 -0.164295822172601
0.00123741605774232 -0.00399129643424799 -0.160029042418506 -0.152089117349583
0.0108954707909889 0.014617034432514 0.133040393445696 0.110372122642079
-0.00864682698152717 0.00215465049158053 -0.112878736948706 0.0991522660545143
-0.0177965986274181 -0.010203463802064 -0.41983465027402 -0.189342632556823
-0.0215243827499435 -0.0410294624900533 -0.0867029789644577 -0.611823152908086
0.0327206020490476 -0.0526226260462411 0.724588464479333 -0.38973060616219
0.0168062748366704 0.0379308095680889 0.7873013529894 0.569326692857507
-0.0293027928283676 0.0276257193796077 0.00328621685119731 0.727312102412326
-0.0327902969043058 0.0141199814436056 0.0728952963891719 0.0592153756507512
0.00455391783585423 0.0418036890825111 0.0213550808473432 -0.704745662112179
0.0106205314427173 0.0120768274054529 -0.824558239167292 -0.569085704340719
-0.00687047030723456 -0.0345395215717347 -0.787613451248682 0.493661313860912
-0.0454879665576801 -0.0181534590602464 0.163383469976806 0.691894000707643
-0.0227194694991548 0.0195771968947606 0.451805029251695 0.116283516799157
-0.00184476174529948 0.00666419674614486 0.167007287782672 -0.166615716771379
2.14076575696612E-05 0.00114340462204836 -0.157665939166179 -0.154936136906578
0.0116481269130245 0.0177137552615019 0.13411556159718 0.109660877613106
-0.00600491806991218 0.00592609429823328 -0.107552709815051 0.100807187439916
-0.0130580446978081 -0.00755178886052764 -0.418061698114984 -0.184131159421214
-0.0149315493483685 -0.0400370987434359 -0.0933800058720372 -0.609273670341699
0.0382860076241304 -0.0562218383626429 0.716041921712509 -0.401205737403142
0.0245039309400134 0.037136663176815 0.791829911946321 0.560212401306406
-0.0257881406110208 0.0323728638286442 0.004883777781876 0.73389917211086
-0.0328361446565512 0.0207953104861906 0.0672212125975834 0.0680657489529621
0.0085963737540859 0.0459036058062132 0.0224347253200957 -0.700028845552998
0.0182191104348438 0.0121108595272969 -0.819677738114993 -0.57918057004324
0.000481853898869344 -0.0358898420861491 -0.799634659290615 0.482531010144063
-0.0393407571898885 -0.0156966066878598 0.1553493363239 0.693725536248462
-0.0192398655387572 0.0243024820479683 0.453469362576297 0.121781657160995
-0.00238024866623087 0.01125375373565 0.170872499731554 -0.16537028267879
0.000150007303923023 0.00565382460956784 -0.155870184329775 -0.157389317680602
0.0129730930759125 0.0215173532060781 0.134332484069537 0.110634188399364
-0.00313553858064817 0.00875209882857893 -0.102805685866924 0.104880130191367
-0.00778238430897912 -0.00306569749891335 -0.415032114551538 -0.174636482156779
-0.00936307326972814 -0.0374100733631114 -0.103847821551414 -0.606062932681688
0.0434054682307219 -0.0587305640415449 0.703752315261828 -0.417041626865351
0.0318657646580784 0.0347036211187577 0.800035324263386 0.542588088496291
-0.0203584752367264 0.0349297162529188 0.0118253591049726 0.73858677274303
-0.0315127659535 0.0230033047381221 0.0612569214833462 0.07924403192855
0.0118020662503467 0.0474391548954438 0.0319422528229669 -0.693331215280162
0.0252586468326737 0.012083788505125 -0.80700953013517 -0.599297557484941
0.00728582961837744 -0.0357229870650538 -0.813440656043078 0.461055634401153
-0.0333422729367463 -0.0131630979783403 0.140780586930003 0.698458623415615
-0.0176289023188495 0.0301132691396073 0.456328749286703 0.132250991299414
-0.00135260398617742 0.0154820823003896 0.176224309896402 -0.160209193911046
0.000395249456058944 0.010224727170367 -0.152263086629976 -0.15744370787736
0.0137839971228574 0.0234202446842044 0.134809440561749 0.113564214185862
-0.000670130453450542 0.0109143153956405 -0.0968341668993292 0.112370306307633
-0.00403198469477555 0.00144360808880978 -0.413034323799684 -0.160993608689449
-0.00523319700245869 -0.0313071571467692 -0.117370598606326 -0.601416070562615
0.0450944952484305 -0.0583949378778233 0.688474702906177 -0.43947584665716
0.0367988089274599 0.0311153098341728 0.812466858643085 0.516913158889287
-0.0143666777201962 0.0318944643561051 0.025606527076846 0.741738317269725
-0.026478972670767 0.0212664418978346 0.0570252603956689 0.0914465448128066
0.0155353128167801 0.0450871092678915 0.0483997856373344 -0.6849355949235
0.0286650846820682 0.0107250825379702 -0.788973397369148 -0.62694092313349
0.0116125202391216 -0.033646419859575 -0.831894773309046 0.433262713305351
-0.0286079167126781 -0.00860519803915677 0.124877302999929 0.704382349340322
-0.0152101007681389 0.0334410180962831 0.456958201392463 0.148938046826563
-0.000454153143220552 0.0164641445202533 0.182242831285057 -0.152466459079748
0.00040893386032931 0.01092734484932 -0.151758240507799 -0.156453759979785
0.0137916270157 0.000933387410229103 0.127298579879023 0.121358043640103
-0.00455582885626595 -0.0106350792010522 -0.106763663448397 0.12344285471735
-0.0222080636624582 -0.0147666147285256 -0.424384107843527 -0.144494373884993
-0.0351629896109589 -0.0254821713937669 -0.123102038586387 -0.59629359168296
0.00974902229371734 -0.0388212730668719 0.699119828492491 -0.452574823325079
-0.000973678511236972 0.0268173567793735 0.838715622602687 0.493589078668105
-0.0254259087483052 -0.00763421383595569 0.0618684375318906 0.715104974857253
-0.0130542419181582 -0.0233243392245567 0.0886761815494474 0.059582697555583
0.00695124095007534 0.0078767652041422 0.0560835693597225 -0.716268752222975
-0.00981457349566227 0.00819483670480622 -0.787918764935491 -0.620221936814054
-0.0254535766337231 -0.0155784454588357 -0.801658135929874 0.455893853224175
-0.0598473280046532 -0.00494134462207171 0.14980186474298 0.710445220584909
-0.0297390868049996 0.0138537705049236 0.454138790779204 0.149526887654863
0.000827484597706506 -0.00823638165959418 0.167674138201641 -0.142254608323922
0.00415926942744996 -0.0165258598689953 -0.164556161616788 -0.1355582464044
0.0126972538116015 0.00304200500400007 0.128196428323382 0.117239523963743
-0.0075600436622413 -0.00879017087766321 -0.111282613396466 0.116055004599265
-0.0239868492851924 -0.0161050803368099 -0.426407597099655 -0.160508164128008
-0.0352261303299937 -0.0309130266088133 -0.109351603709427 -0.604616749947734
0.0131521910472428 -0.0415805294315986 0.71150839795661 -0.427500175675128
0.000133033255816548 0.0313227951487813 0.821214959704621 0.519354236143704
-0.0281225289709895 0.000881682355361929 0.0427137075075168 0.715269323240389
-0.0197131973313848 -0.0146880797795078 0.0876547908552575 0.0525435272230664
0.00388007439303474 0.0166925085881501 0.0394416948421678 -0.716442595208729
-0.0084877758213878 0.0104425823248296 -0.804782825298595 -0.589946392781935
-0.024375260492097 -0.0202843289524382 -0.787071183812664 0.478196759273
-0.0595770628294277 -0.0107901190791669 0.164447095066448 0.703395638183238
-0.0292029739060387 0.0114660675907362 0.451365269057887 0.133326962999261
-0.000448240785872408 -0.00720746872158511 0.162959320945175 -0.152794197824372
0.00362274439778984 -0.0137258531525341 -0.164934905170485 -0.140198745827861
0.0117449865467557 0.0057087978316699 0.130515409640372 0.113844280770273
-0.00969032745384472 -0.00560852767730211 -0.112674482825814 0.10790190911101
-0.0241183304773505 -0.0150922982292607 -0.4255952854971 -0.173161283677862
-0.0318980886483725 -0.035469641267856 -0.100276983744948 -0.606487615924137
0.0182773974098779 -0.0447351142170964 0.719192811703891 -0.410192292181669
0.00351317824280552 0.0339445546172915 0.806562023221437 0.541282847993973
-0.0303954864181727 0.0108573729332988 0.0283696086048688 0.718444751182064
-0.0253212080148867 -0.00437947682900456 0.0854663001655323 0.0504765408249248
0.00227729215268151 0.0257686396678821 0.0250059780088972 -0.713050735869625
-0.00334036796753683 0.011781454664745 -0.818481508929396 -0.570448304011766
-0.0205511194912062 -0.0258205031181456 -0.780942441096189 0.495399453357988
-0.0565403017069617 -0.0150488149275081 0.172263306573697 0.697089252549745
-0.0278749772221786 0.0125568512233102 0.451724972294207 0.118418543437678
-0.00153542488593387 -0.00370922574171044 0.160826961423183 -0.160581141502522
0.00220843833508238 -0.00943976031469863 -0.164488002356368 -0.144476571337133
0.0110806790560574 0.00993225335717082 0.131994191097442 0.110727527961174
-0.00937383066344513 -0.00153007017510569 -0.112084640496355 0.103203144695311
-0.0216971984483106 -0.0138180613122721 -0.424823525765094 -0.180860066340183
-0.0275896406071394 -0.0389556702898938 -0.0960903705439414 -0.608085539430326
0.0249415417047079 -0.0490084630746803 0.721074142528282 -0.402939967021622
0.00983471060901725 0.0371925926520596 0.798685703023957 0.556070266419182
-0.0307208679508174 0.0203825802692762 0.0170786575146327 0.721976173053523
-0.030090156039492 0.00572389404764712 0.0806233146782141 0.0520824245869112
0.00362375327301572 0.0345837188524211 0.0149542752873084 -0.711237657005466
0.00350117657770585 0.0120656157881201 -0.828935336226137 -0.56016838492152
-0.014668620348676 -0.0306926249547539 -0.778447495642486 0.506376986477175
-0.0519956028349225 -0.0172835941808978 0.178434804978066 0.690145117070288
-0.0249788980409611 0.0157304528248228 0.451986228163671 0.111765774393585
-0.002100181831909 0.00137215232139829 0.160645940040475 -0.166578279358487
0.000339592781969113 -0.00343174456703713 -0.160587170811998 -0.150016178936711
0.0117061985120466 0.0144977415111773 0.134012964615374 0.108552169451149
-0.00865919047990838 0.00196088499721961 -0.11064141927765 0.0996498758033536
-0.0179297033337617 -0.010747829529018 -0.423483857314526 -0.182585106161909
-0.0216059729546357 -0.0404706989231015 -0.0959332938922944 -0.609521497484204
0.0316001740840676 -0.0530028550831196 0.718543176244915 -0.400025167926314
0.017046123367584 0.0374203211117134 0.794388911234607 0.555972623094587
-0.028891674311473 0.027986168896919 0.0128087287138515 0.727654452806142
-0.0323059700190789 0.0149736977039747 0.0753679013895886 0.0577341834380215
0.00565044438740697 0.0404870189011166 0.0106868590385858 -0.705183876959043
0.0109609193536775 0.0125082811389601 -0.833223803716142 -0.558100371329809
-0.00764706783144025 -0.0340727314521946 -0.782457089601153 0.504479171911171
-0.0458876291811494 -0.0167992857564622 0.175066786442331 0.6904207521431
-0.0220735558940626 0.0203279198594992 0.454720350032633 0.109836737474483
-0.00229980335966563 0.00668946334416716 0.164761266860552 -0.168877066747398
0.000475134061997911 0.00228877016086471 -0.159787905963615 -0.152203756674485
0.0126310804713828 0.0179409927843118 0.134846927650505 0.108307467538674
-0.00649720327715453 0.00577343042605038 -0.106470788854914 0.101296651022781
-0.0131113300645983 -0.00667262921903874 -0.42041329614154 -0.179321555900373
-0.0153155604480291 -0.0404532041922447 -0.102159280448316 -0.607109929181071
0.0367887551825569 -0.0568886239632625 0.708298107096417 -0.410790206852659
0.0252145613826116 0.0373128818172658 0.799424043314765 0.549570711399365
-0.0243391463319372 0.032493887994588 0.0147321223376363 0.733319532634862
-0.0331105525871854 0.0201949468615972 0.0679629608772084 0.0679787738247601
0.00882429787231537 0.0446444333520043 0.0125989053056223 -0.698744018676616
0.0191761320276241 0.0117709970981223 -0.826931705066601 -0.570728013718339
2.81982797537585E-05 -0.0356097451945439 -0.794208860112534 0.494115875728231
-0.0399193522202341 -0.0152524960968828 0.165408625902159 0.690735128502362
-0.01972637071945 0.0259264743882137 0.456568767614355 0.115369958850255
-0.0016177471334208 0.0120483474350526 0.168570155229849 -0.16753370653074
0.000246787351438302 0.00701776674387221 -0.157244502306582 -0.155329069632056
0.0134070354421641 0.021409552195662 0.136220700646113 0.109542601040274
-0.00395083150981761 0.0086641796450585 -0.100806679905842 0.105206118907221
-0.00815384266072066 -0.00366528018472949 -0.418445015976671 -0.169724425638934
-0.00926355022515456 -0.0369005587942794 -0.11319006520866 -0.603633052376073
0.042117374313412 -0.0597078998827078 0.697216997088164 -0.425991340899132
0.0317453413997036 0.0343003805551222 0.804929070396213 0.532514075394609
-0.0196177902876624 0.0338527967999969 0.0223289505593616 0.736620077935476
-0.0308421046076255 0.0228762050502026 0.0624804508409638 0.0788404695383463
0.0133580912087913 0.0463419565467098 0.0232419276909222 -0.692719049064649
0.0253979633124713 0.0113520464183828 -0.815212943237645 -0.587373757200673
0.00647846719652767 -0.035875504784959 -0.807474426081531 0.472169753911764
-0.0340323854893478 -0.0123990650417113 0.15400190370147 0.696297132044074
-0.0167498601324442 0.0296214476268193 0.458243652087753 0.125121729400086
-0.0011504894581534 0.0150362575566048 0.174488414141822 -0.162510320752795
1.79734606475428E-05 0.0103487404703763 -0.153910272633149 -0.155102335974321
0.0148064099739117 0.0226919648224112 0.136294619460448 0.11137996811168
-0.000975216324531073 0.0103514290474535 -0.0947478299398864 0.113327212265201
-0.00396141097541417 0.00172000449180209 -0.415302871168532 -0.155449940171181
-0.00515481305905678 -0.0316316579847933 -0.125458114382445 -0.597812293111999
0.0438834731278208 -0.0595875300633826 0.682219585429792 -0.448357287580799
0.037739277184027 0.0306470442759934 0.817578287046532 0.505105290019944
-0.0148227474672342 0.0316969057142515 0.0374535411709767 0.741264870400623
-0.0271743635032429 0.0215908070059182 0.057369465192292 0.0902082904862612
0.0166168697537758 0.0441826406721746 0.0397067913143896 -0.684781656561684
0.0291645748211235 0.0108196200103278 -0.796150533227395 -0.615911502446865
0.0112347087886775 -0.033929964985018 -0.826918523791757 0.446987424678677
-0.0295250346350161 -0.00837507325689085 0.134960718742654 0.703158328572553
-0.0148443289059798 0.0328608865901816 0.459995648563131 0.143156578980592
0.00030147993332451 0.0184504646645395 0.180294077615024 -0.155039572687546
0.000636611990978412 0.0111265641039288 -0.152871203762762 -0.154536767797601
0.0145460694103588 0.000244609494031661 0.12869106700361 0.120229439827364
-0.00596097845642954 -0.0112554270589896 -0.10462061285163 0.123649914947364
-0.0228316886585528 -0.0154378180445492 -0.426267773816132 -0.138559296942442
-0.0356694069117118 -0.0258411934162779 -0.131261203695134 -0.591717061022683
0.00892730988962689 -0.0390928718327816 0.692694397710775 -0.459121128425779
-0.000428295611477796 0.0264670772936748 0.840788258678623 0.480533062084516
-0.0252789085663054 -0.00833943214733572 0.0698100805295616 0.71327124070897
-0.0144222350366497 -0.0234935886419545 0.0885926442827729 0.0577208446659111
0.00688483308370941 0.00717302575052212 0.0454393687457216 -0.711380377973197
-0.00991573466277809 0.00917580218652708 -0.794217034345159 -0.606711046647551
-0.0252639123636305 -0.0148525985726746 -0.794216043217146 0.46588470685723
-0.0599555057083731 -0.00446754891545788 0.158923339857193 0.70639626277723
-0.0302545268454424 0.0136558684209042 0.455498759173665 0.143735196638429
0.000553057897296625 -0.00833435145977826 0.164501559900057 -0.144851758455189
0.00428628370416132 -0.0169928575953573 -0.166066074148387 -0.132762286728323
0.0132447504576581 0.00243337911256051 0.129623311962784 0.115839154993634
-0.00846042827868193 -0.00876200847673429 -0.108962872350481 0.115709288090853
-0.0240189909456124 -0.0153912561902443 -0.427918324588812 -0.153774354292492
-0.0347413493520325 -0.0307787176363194 -0.117431472849325 -0.599325112200837
0.0123138868885155 -0.0404204402528007 0.703588621992098 -0.435554390931699
-4.89314701044418E-05 0.0303486511565145 0.826225404857999 0.508434422735239
-0.028760205299082 0.000795615152840511 0.0515461109234167 0.711653112275382
-0.0195702622638207 -0.013805001020143 0.0885341241864789 0.0520610979240615
0.00450598612747364 0.015237106156515 0.0289811150317407 -0.713479103317651
-0.00768474300890284 0.0103352227267085 -0.811757648808422 -0.578125918461181
-0.0242641922702051 -0.0199879322370466 -0.780039363255594 0.490187831035541
-0.0596942036752124 -0.00924694249235968 0.173144612233073 0.699036017317292
-0.0286877414298922 0.0125858676680156 0.453033810134437 0.12610379888299
-1.24230503687935E-05 -0.00641439456915834 0.160420425975085 -0.154365916669801
0.00323553216691372 -0.0127252714213293 -0.166110191406764 -0.138543355612926
0.0123311805586825 0.00532258021130232 0.131022729804193 0.112024774585943
-0.00976762901489059 -0.00531182844345904 -0.11053326536875 0.108166601240028
-0.0235966125121125 -0.0154756630589132 -0.427113862324383 -0.165785593311278
-0.0325789043809915 -0.0355912862039408 -0.108623204689131 -0.602395518349077
0.0178033369043263 -0.0451197471235274 0.712810938072566 -0.4193295470298
0.00426286353994512 0.0341135211304154 0.813499539715813 0.528041709777858
-0.0296739380075383 0.0106646076802478 0.0373986850904001 0.714922320212309
-0.0255617512396136 -0.0041900658754132 0.0853315884495846 0.0499566858500238
0.00322968749608657 0.0246958307928909 0.0166109630172003 -0.710889977739799
-0.00301217280584352 0.0112853385261495 -0.826968909438316 -0.558330041697348
-0.0216897527480784 -0.0246893349636388 -0.773289897735636 0.50772520912349
-0.0571432154469354 -0.0140729393257825 0.182985253501149 0.691636934039747
-0.0273164811612047 0.0130353729030184 0.453703910396224 0.112443244615802
-0.00155781670526562 -0.00395014556418405 0.158449847401609 -0.162342617778383
0.00205310494792769 -0.00902402960772588 -0.165571618295221 -0.142429010172484
0.0116526985159082 0.00966756975083493 0.133430492439364 0.109372995774865
-0.0104530436676955 -0.00167973637391226 -0.110905037805051 0.103501043031082
-0.0219715545040264 -0.0140457487464232 -0.426164471840613 -0.174005955808853
-0.0273739712887649 -0.0392665373979191 -0.103610661893098 -0.604715302519716
0.0238311360982454 -0.0493732793024471 0.7133469021022 -0.408814750101382
0.0100726023036159 0.0363093203633253 0.803550568198924 0.542376423389111
-0.0305070357474741 0.0198882132435926 0.0265334496409651 0.720306848596504
-0.0299040691841663 0.00591881870750679 0.0809390290711052 0.050755967263394
0.00344144290935525 0.0331034669640732 0.00497159151753978 -0.709006270317086
0.00337857068082803 0.0123297086384767 -0.834621766758036 -0.547345605255932
-0.0154338092739107 -0.0303373500113308 -0.769610925320549 0.5167272870784
-0.0528211066833645 -0.0164689196413871 0.187948100824184 0.685091073953663
-0.0243587536936012 0.0160140505192142 0.453930148498634 0.104378375174679
-0.00172160000169592 0.00166060631159322 0.158937675135617 -0.168293938521723
0.00102842805519907 -0.00369567780863898 -0.163113264066359 -0.146823668862585
0.0117758614285258 0.0148820064779465 0.134112848273533 0.106943709979111
-0.0094176575523019 0.00219845450014252 -0.109012878101676 0.100577380030205
-0.017808982461161 -0.0112346340929103 -0.425601943554247 -0.177639360371269
-0.0213170599426735 -0.0403380438736444 -0.103560546290468 -0.604164065257691
0.0304877517785581 -0.0535632240080603 0.712515217068484 -0.408525642013996
0.0183534979679671 0.037977285825692 0.798906232826577 0.543850603476875
-0.0282598320264258 0.0278135873062467 0.021648239809374 0.724928737505769
-0.0320193630265699 0.0148274621377618 0.0753617912987423 0.0567310204830742
0.00625012157243511 0.0402067220073106 0.00162250319040763 -0.701874636525365
0.0115451913530781 0.0122670228914223 -0.837614753986533 -0.544555571503067
-0.00818603969453161 -0.03388024340515 -0.773094494462016 0.515160461954038
-0.0464762362618619 -0.0167340927405879 0.184731940301648 0.684921487056709
-0.0219756478801823 0.0205725371049724 0.454769750412516 0.102205548398786
-0.00200959530823297 0.00728422322603465 0.160578879035969 -0.170194261017585
0.000913889081866651 0.00193464541984609 -0.161206010237124 -0.150495726286783
0.0130208699983299 0.0176938059464604 0.136390413192839 0.106628380239775
-0.00719652178424718 0.00580314104225354 -0.104399718292463 0.101290824952423
-0.0131451531815435 -0.00733133795621252 -0.423710083188342 -0.174265372369298
-0.0150829539380752 -0.0401849980813647 -0.111947239899873 -0.603284699030807
0.0358515229352276 -0.0574760388238311 0.70251463006991 -0.418273386619851
0.0258058497870804 0.0362969026217848 0.801607190586432 0.535731607574901
-0.0244205730756814 0.0327236557857091 0.0241261765279118 0.730496491205812
-0.0325925555910047 0.0206634804882325 0.0689588535653205 0.0665094836169088
0.00984002436924604 0.0442877930796195 0.00470607662141785 -0.697693413638062
0.0195536527561166 0.0123449880276166 -0.834210670655569 -0.556267718211453
-0.000455372101978963 -0.0360186819309539 -0.784326254933063 0.504595065442505
-0.040240525066174 -0.014865315178945 0.176687809008983 0.687718299595258
-0.0189187837785417 0.0256760768444894 0.456860423405068 0.106040270510503
-0.00203586587225938 0.0122640790554818 0.166030588719676 -0.169417250825856
0.000108669674539061 0.00682677954179429 -0.158629106959951 -0.15277679479783
0.0139703458627607 0.0209071444575446 0.136272994359123 0.107194914394567
-0.00395020064834751 0.00876195251220632 -0.0987548987533909 0.10636100216493
-0.00817719754216545 -0.00366429506769891 -0.42080762582966 -0.163271080955885
-0.00981974044568446 -0.0367601324834329 -0.121308697206739 -0.599360278329362
0.0401679230114937 -0.0599380719447731 0.690395654618338 -0.434610118693699
0.0328517509338901 0.0334206714940919 0.810207336740949 0.517475745081589
-0.019571582771858 0.0341668369012324 0.0318232034562631 0.735514160532529
-0.0306174635264945 0.0233304496708507 0.0632289269103853 0.0772612398433441
0.0140694742021733 0.0460618735884651 0.0138005437251762 -0.691746701972876
0.0265769984370792 0.0122701300217473 -0.820177674801434 -0.576060247060542
0.00631857364444616 -0.0353526476563995 -0.798262973458007 0.483969267693617
-0.0346050865442944 -0.0119779475971623 0.164507693366367 0.693436557692518
-0.0160850518976617 0.0302972367520205 0.460182819792765 0.119021558315251
-0.000322512743441668 0.0158897829425249 0.171368461328855 -0.165604693635545
9.61110809059324E-05 0.00996361909186412 -0.156789273563765 -0.153225109479926
0.0157963820883804 0.0217814418786094 0.137415668299809 0.110753788152503
-0.00164820732057898 0.0104814896794671 -0.0930624556369876 0.113834653704877
-0.00445467208927641 0.00131676390685543 -0.416518757918002 -0.147999566584752
-0.00473238740622545 -0.0315281512910834 -0.133897836299607 -0.593850095578482
0.0424798496043174 -0.0604657525261979 0.674363030824229 -0.458085712137454
0.0378462369254195 0.0301688624367542 0.822723157174327 0.492057890123763
-0.0140868763951006 0.0311104756366709 0.0465227810815608 0.737895548486834
-0.0263536656972858 0.0198854381162703 0.0586785100192226 0.0887703321338994
0.0174587097819087 0.0435673969484117 0.029867020308471 -0.68505462674202
0.0298966565159456 0.010342285824773 -0.804221475112448 -0.603961036961078
0.0103874650463542 -0.0337731099444284 -0.817991352825311 0.457772488011685
-0.0295611000785506 -0.00804212916047138 0.144184387217093 0.699745396230393
-0.0139706838941143 0.0332221566032775 0.461784590092733 0.135281154848014
0.000563895093163916 0.0182767816279762 0.177601023082396 -0.156758085805194
0.00110960891203487 0.0124292251957045 -0.154863270286353 -0.152046722122847
0.0142395350675571 -0.000169176261130844 0.129596430334837 0.117548258444709
-0.00696446788539004 -0.0111643517722495 -0.103283565750834 0.123799672472308
-0.0225826773853707 -0.0152555419370044 -0.427021381020029 -0.132771190065367
-0.0344885193844488 -0.0246533234446791 -0.138334167508616 -0.586462269393244
0.00906110156050258 -0.0384267431575435 0.682909857603788 -0.464943130434689
-0.000331054075190008 0.0267604415046403 0.843689969830233 0.466159644636613
-0.025499391491613 -0.00713715031177077 0.0782505405543481 0.706733924259442
-0.0137551928867584 -0.024092960342674 0.0890110577018598 0.0564939001663147
0.00721763697296482 0.00628592684277081 0.0369634119174445 -0.709486434896791
-0.00871471552225495 0.00874350470509414 -0.800062109240098 -0.594002299516903
-0.0256612900630167 -0.0145117171979053 -0.783921360595878 0.474454714903792
-0.0607726800226373 -0.00414154364564798 0.170695459709114 0.70232607290331
-0.0287720944744445 0.0142755503560367 0.456242350683151 0.135579689882533
0.000783037123654498 -0.00719600801520464 0.161798229885035 -0.14714370795026
0.00455447954348453 -0.0156620489871508 -0.166786783364457 -0.130343218146528
0.0137443435616197 0.00144459197576245 0.130428758362891 0.114388382822696
-0.00854426496070925 -0.00807314974051285 -0.107372936632236 0.115440978248239
-0.0235769048013035 -0.0153164329344266 -0.429116724908366 -0.149516067004903
-0.0343411673856856 -0.0306116401131912 -0.125936858863035 -0.593268147561616
0.0110083222842525 -0.0416658773299335 0.694265890877242 -0.442608379440501
0.000731561817119593 0.0304433498345539 0.827934191477486 0.494784094455096
-0.0279742376508012 0.000538532227993761 0.060894225686458 0.707886313790651
-0.020725774024551 -0.0143353922033302 0.0883300299495276 0.0505147355221209
0.00440504611149126 0.0152096730312584 0.0211551037516146 -0.709596532953112
-0.00718997676726366 0.0110176803479727 -0.816044911477651 -0.566571327614211
-0.0244793472963358 -0.0193019896802445 -0.770686180700908 0.498808236871266
-0.0602867639558959 -0.00983347466639021 0.18368792999918 0.692440154219289
-0.0289539504703295 0.0128392147242093 0.453068790097792 0.118950312347232
-0.000533623326016303 -0.00699138125732381 0.157276187006183 -0.155607172963027
0.00318354039499498 -0.0128162542439072 -0.166149761315688 -0.135520878509759
0.0125510900898193 0.00492269397309705 0.1333167255578 0.110107902575916
-0.0102684235035942 -0.00520817917790911 -0.108437091734067 0.107696453512305
-0.0239856789115841 -0.0147106220825606 -0.429228435282118 -0.16011280557907
-0.0318125449558472 -0.0354891188154405 -0.114039209368894 -0.598690179747609
0.0167384152034652 -0.0458164270463049 0.704018357335354 -0.426724290202876
0.00488988720318362 0.0341057233541642 0.815248567667445 0.514086599775732
-0.0301942313646871 0.0103620195405921 0.0479830871141053 0.711608652442619
-0.0256015348160708 -0.00425229812076187 0.0857454326195558 0.0479236374605819
0.00331673847721013 0.0242211366182066 0.00765695158107031 -0.709044863442916
-0.00314424430823264 0.0123875981794261 -0.829643240688243 -0.545505037893782
-0.0209651159454156 -0.0248804712760679 -0.762393327288684 0.515919914059646
-0.0584639712264645 -0.0132658934909691 0.193071215770715 0.686925007735755
-0.0271889621782887 0.0133376400341975 0.452587635775112 0.105732052552204
-0.00103920841231497 -0.00324094931601999 0.155287087442759 -0.163729747055671
0.00264872972609739 -0.00926985218202141 -0.166458578947933 -0.139911015984027
0.0121189787116871 0.00898900314361754 0.134303739326344 0.107069367093197
-0.0104849710811215 -0.00218441487264275 -0.109252854140279 0.103757690705784
-0.0221076866174037 -0.0134846935140993 -0.429093807147867 -0.168810739754311
-0.0273638646010301 -0.038852164926483 -0.112724294977647 -0.600129544042098
0.0226089186069127 -0.0500636528668451 0.703720378155811 -0.417513547405674
0.0105881258115237 0.0366743324816165 0.804771567638411 0.528659793137061
-0.0301032107442315 0.0198548129972533 0.0365858998553939 0.715258835294056
-0.029736293544551 0.00609762369111917 0.0820708278405302 0.0501027675532638
0.00461867370806826 0.0323700792059771 -0.0047498650978778 -0.704008900152794
0.00436069515090563 0.0125393781264936 -0.838506904730879 -0.534070439819336
-0.0156320719937214 -0.0298099065594508 -0.761137036655527 0.524814003490923
-0.0529582433899247 -0.0158504409528776 0.197377793400728 0.681256820770998
-0.0241399191522037 0.0162421861537398 0.452518053545833 0.0976103803307746
-0.00192669123647439 0.00167931322269354 0.156201546808075 -0.169186374676815
0.00113283561717597 -0.00274640926186209 -0.163790395535476 -0.14380776543673
0.0121511298786534 0.0137004170003047 0.135547266782447 0.104724288146794
-0.00973951540205645 0.00151799674162682 -0.106283973599708 0.100490892919561
-0.017698558174197 -0.0106996128901797 -0.428220661175407 -0.171373587778984
-0.0213518239877449 -0.0410770964324526 -0.111048353494223 -0.599818504785818
0.0291300362678113 -0.0533840746736344 0.703644881214381 -0.415422916112252
0.0180246352381318 0.0377950142713203 0.801975882429538 0.531640108168139
-0.0273154486912075 0.0278841101326715 0.0334213736158583 0.721024488955275
-0.0315941085462141 0.0151021851159656 0.0754104309401738 0.0557276324488548
0.00730892023886999 0.03898603322452 -0.00772257396200781 -0.699348622058188
0.012023762448664 0.0127391961755533 -0.841731734593719 -0.531502772732336
-0.00830768841457168 -0.0338731072732 -0.764173134075736 0.523753962599073
-0.0473093605497705 -0.0164738156867139 0.194717603997602 0.679828468019437
-0.0212048159214152 0.0211382558137285 0.453730965712542 0.0948771027605094
-0.00112958252425644 0.00726601284188073 0.158002489904494 -0.17212685091065
0.000363739653360708 0.00225699648948115 -0.161541469226954 -0.147835409260158
0.0127507698739184 0.0171176932240265 0.137656795176942 0.103901688214877
-0.00727583999437859 0.00542022410831464 -0.103124072071331 0.102530662531248
-0.0132917546315211 -0.00766321637136293 -0.424303860791869 -0.166472537227583
-0.0146691287087904 -0.0400703199916365 -0.118930053096966 -0.597926787058195
0.0351009367506743 -0.0574402550905881 0.692994975848693 -0.424500713679248
0.0256412974902948 0.0362501192593989 0.805482943567328 0.522458291568686
-0.0239392616168352 0.032340090281605 0.0345580669011918 0.727961171568545
-0.0322131799696851 0.0201950568559493 0.0700211139729349 0.0641994924033416
0.0105832631471258 0.0440695194339659 -0.00404456996386376 -0.694339604578324
0.0197724304707708 0.0122729981731996 -0.838034941541532 -0.542865022807702
-0.000712958399157505 -0.0354305471470698 -0.774774592214329 0.512588626192674
-0.0407599001619952 -0.0145838261083112 0.186019026487902 0.681140843205749
-0.0189600872932393 0.025629873316277 0.458374027512669 0.100589984431716
-0.00105758782262015 0.0124159257789909 0.162456785432683 -0.17167270470307
0.000411718434276983 0.00653920343627765 -0.159764748368286 -0.149845379067458
0.0146028671270206 0.0199490770181253 0.137745466603838 0.105294686504883
-0.00404199181715357 0.00855209442757074 -0.0974536675094296 0.106360097269814
-0.00864651661212869 -0.00321948681028688 -0.420905606333793 -0.156534141424352
-0.00942723868006548 -0.0373538030647753 -0.128168174927778 -0.595007488099995
0.039607273814382 -0.0599235371254699 0.681774108287847 -0.441400100853492
0.0335773274370156 0.0334540972739111 0.812582310215074 0.504399250401273
-0.0197311153344986 0.0334723868107812 0.0414472751286707 0.729976381323949
-0.0304601417597773 0.0231858540411641 0.0643533298386126 0.0759555566648257
0.0150614336864464 0.0449663606416485 0.00526082946860771 -0.687750205815078
0.02667832007912 0.0115846662066268 -0.824776088994656 -0.563293560960003
0.00612175275847061 -0.0353509143192964 -0.789546125447945 0.494000413176536
-0.0345783586043568 -0.0106640047386704 0.174518254249043 0.685507665137059
-0.0155791172988782 0.0304856585396872 0.459109668845941 0.111503526352734
-5.27114363219547E-05 0.0159635275779772 0.168437515489602 -0.166426184957832
0.000753825344191993 0.00996032467217831 -0.157968725635936 -0.150123549696771
0.0161892870901692 0.021255223774491 0.138086225294341 0.10762409148824
-0.00226703055667735 0.0101755757987868 -0.0915191162569609 0.112807726930823
-0.00445775601462066 0.000667699322546447 -0.419603027793316 -0.142731819942783
-0.00475853659896261 -0.0318980898979161 -0.141270962031751 -0.588112445636353
0.0412961299903687 -0.0598082639230159 0.665614734721569 -0.463074150631655
0.0381143641586909 0.0297584068612199 0.826324964453566 0.477591765915958
-0.0133149763637839 0.0307139887677678 0.0563266470902957 0.734958331872294
-0.0263544027442186 0.0210435457903806 0.0594306001916459 0.0880689586847715
0.0184814537861666 0.0417134113100034 0.0220475991682911 -0.681585198475872
0.0302589585091856 0.0105918424397771 -0.809100600204335 -0.5915222863193
0.0103438538079631 -0.0336365117892894 -0.810573536716397 0.466787088737543
-0.0298151700712302 -0.00832563458404867 0.155080495866736 0.694538164910221
-0.0136870240828532 0.0338192764694394 0.462289649494671 0.12722334412365
0.00103916836484725 0.0186403836712998 0.174746180203219 -0.1584783246125
0.000609193149995006 0.0113522085392777 -0.156529687796554 -0.148861486079254
0.0152028647359405 -0.00036602562806894 0.129977548346464 0.115935477728838
-0.00644924991483992 -0.0109463267797523 -0.100985914860591 0.123501768906027
-0.0228095973956555 -0.0146600166430103 -0.428139362396842 -0.126890863126529
-0.0342550295620519 -0.0248085121436256 -0.144516484161666 -0.580480465322265
0.0069664491830461 -0.0388263501224034 0.674323294432989 -0.47063205302959
2.51156169878489E-05 0.0261644722758843 0.844203255614552 0.452843422374765
-0.0253818392780641 -0.00751207205660312 0.0872863362574523 0.700857604929977
-0.0145575756111216 -0.0231690268691403 0.089633793703634 0.0551032226869035
0.00817542439814893 0.00551981232872055 0.0275413055380076 -0.705283889203322
-0.00759692914405075 0.00941210395829521 -0.801751109039268 -0.582478063308883
-0.0256096362071715 -0.0143806081853878 -0.772640533030719 0.483731323959714
-0.0606619929127322 -0.00265348607544136 0.178964535925374 0.695396614893502
-0.0287810595519277 0.0141963566145122 0.455670028887528 0.128305123058796
0.000611955678837579 -0.00761914100361836 0.158958151711042 -0.147924969937764
0.00320286828666693 -0.016391802391853 -0.16763906183271 -0.127077589134425
0.0135117511647754 0.00123292298385037 0.131562802269924 0.112525211096866
-0.00886258137466069 -0.00881243199511195 -0.104892761156385 0.115628093230403
-0.0247513178934768 -0.0158823108321188 -0.429597565837186 -0.141692186710237
-0.0336697570192217 -0.0290157463595825 -0.131035798274689 -0.586990840741623
0.0108337263361189 -0.0407622213183634 0.685746120841189 -0.449192955736709
0.00141342252971302 0.030420764159603 0.828013140680873 0.480436422392063
-0.0286545273424067 0.0013124721834108 0.0682159024063198 0.703681682715174
-0.020732208625839 -0.0145050793822886 0.0889964973059089 0.0484197004822731
0.00504435909773803 0.0135651540538034 0.0126933470441421 -0.706711717913263
-0.00711936933082874 0.0116691722008368 -0.817576414602818 -0.554167895102157
-0.0247509458820658 -0.0185275016139556 -0.758307156912314 0.506407683725611
-0.0598366098267493 -0.0080128811871152 0.192670841337642 0.685680678039638
-0.028171132389819 0.0129377411006856 0.453442046332181 0.113072951894473
-0.000482204572785618 -0.00648192388957056 0.154890754061739 -0.15736439278147
0.00267160205234611 -0.0136736364330251 -0.166999866162337 -0.132060704926038
0.0126048605550665 0.00438461427527575 0.133667314631834 0.107598499302141
-0.0103691211192277 -0.00496863275292499 -0.106961916250722 0.107865422391769
-0.0245561675957523 -0.014834940989324 -0.428628774416833 -0.153873296323064
-0.0324668295307018 -0.0348576421727017 -0.123524992269339 -0.592069530158713
0.0157317574340382 -0.0464218115395873 0.694732830601849 -0.433392778992864
0.00479400397362016 0.0334639054841919 0.815975276040498 0.502016990236545
-0.0294680716093615 0.00997876106332218 0.0551679936126097 0.705501316397109
-0.0252230185722285 -0.00451044548102594 0.086427701454856 0.0470449917697377
0.00389998191396793 0.0234802102481644 -0.00090016497362817 -0.703202232413244
-0.00196321094899195 0.0127778971464882 -0.831387849544499 -0.53154799542275
-0.0208695189021783 -0.0238322298204756 -0.751898509044979 0.523474977001364
-0.0585399158858044 -0.0134633577261797 0.201819494624412 0.679159927155593
-0.0261417965319032 0.0140927776027685 0.452798348432122 0.0981595586719597
-0.00105193767734332 -0.00335125246431389 0.152043002277178 -0.164239159958039
0.00210662507739831 -0.00848314090994306 -0.167269923498889 -0.136509002493908
0.013183663781238 0.00885987954243745 0.134445465615714 0.104211884266768
-0.0118688534495642 -0.00174209936560525 -0.106753791969704 0.103518120466379
-0.0211150926746679 -0.0131405442355406 -0.428767122781133 -0.161892329198645
-0.0268823501955857 -0.0378831807223338 -0.118781247116037 -0.593995601607432
0.021309648761163 -0.0497017466703979 0.696293184206883 -0.423815993879925
0.0118293568577105 0.0363730419308717 0.806470971340262 0.515140010510783
-0.0292446521529761 0.0192889041472878 0.0447834783243219 0.709275374048108
-0.0297161178747935 0.00629832509342885 0.0811615759141493 0.0488053579914219
0.00547393946414639 0.031790206122372 -0.0108168674760009 -0.701659900020866
0.00401455174893935 0.0128756559653646 -0.839766044775688 -0.520830870198988
-0.0148409844953028 -0.0297568327120702 -0.749514505699464 0.53238804650557
-0.0536270688201865 -0.0150024253772596 0.205267778695899 0.673723909985425
-0.0244124502435619 0.0169721734342858 0.453538918743924 0.0900845892298224
-0.000985595583530931 0.00167993637137442 0.152252662365307 -0.170563507011275
0.00107000247464522 -0.00386339977333683 -0.16479309298145 -0.141332852177019
0.0130311058850158 0.0126542324193181 0.135841872541316 0.102262434231583
-0.0103514883366495 0.00242346779411985 -0.105044825797867 0.100467611877459
-0.0182482695319449 -0.0111957338277729 -0.428176631304606 -0.164614235810931
-0.0206308468034984 -0.0400506201441359 -0.118888599739742 -0.594099245990678
0.0278645274076211 -0.0532675493306879 0.692939970930227 -0.421110653135902
0.0190702124801262 0.0367671751105553 0.803243680144294 0.516773545113581
-0.0276647983058421 0.0273071420440463 0.0399248556585954 0.716026729623355
-0.0314515971617068 0.0147906725551942 0.076518381972233 0.0547755894352348
0.00720202759827677 0.0375664234937836 -0.0146700075566604 -0.695568374306265
0.0126321835189601 0.0123700301535034 -0.843972214994886 -0.517298650466714
-0.00891306313747705 -0.0332998257425836 -0.753664249476689 0.529942907831615
-0.0464246998260897 -0.015708448807518 0.202572219511067 0.672507596393129
-0.0206263342290949 0.0213024716806735 0.453362191871029 0.0878344235434414
-0.00147436256514772 0.00739536665260726 0.1544215803283 -0.173074628217868
0.00064768504091253 0.00184888327587915 -0.163566100382928 -0.144568693337266
0.0143049251219744 0.0167905272972816 0.13806933453005 0.102443488964867
-0.00812590459201598 0.00575904647751532 -0.101045046068962 0.101210233932871
-0.012802472283304 -0.00797668812200105 -0.424459651016272 -0.160337198125197
-0.0142014581507339 -0.0400730104166745 -0.123910613764754 -0.593187816297998
0.0335211336290982 -0.0572975086995862 0.684634619658514 -0.43299724731608
0.0265812235558254 0.0359682828059071 0.807144686780473 0.51021780705066
-0.0238927281255324 0.0317097704146317 0.0447617421026635 0.721331128622945
-0.0319583863782107 0.0200791198495262 0.0693330286385475 0.0636459761085681
0.0115450352367698 0.0424284910120537 -0.0113461348368735 -0.689262048074562
0.0200733654038487 0.0119220645157423 -0.838480011187914 -0.52918044562507
-0.00165770076409948 -0.0349244778247389 -0.766176144856594 0.520388473876041
-0.0408674833593068 -0.014542806647436 0.194451909144921 0.674287768217405
-0.0180921079694841 0.0264793148454617 0.45701665009635 0.0933101844886728
-0.00204253213014198 0.0125570564583671 0.159590829272043 -0.171817366846315
0.000665358020299585 0.00670992413234304 -0.161068303848232 -0.146864783191976
0.0148830525932824 0.0192842758783878 0.138304475571867 0.103257776624149
-0.00473817706637859 0.00849902271558882 -0.0955536116539455 0.105753875637682
-0.00862290064185571 -0.00396754658444876 -0.42173598876883 -0.150382516898711
-0.00961250142983318 -0.0380610122768984 -0.134396335894926 -0.589549906708641
0.0379285737441986 -0.060161723336999 0.672086729679945 -0.447695981241387
0.0335311966458441 0.0331282283369522 0.811920602176386 0.490620967109679
-0.018150220762459 0.0332337983992573 0.0498251631077696 0.725805251716505
-0.0296831945395894 0.0230486054852844 0.0640726791474198 0.0747638609904297
0.0149254239476534 0.042742571857873 -0.00357198087156205 -0.682975693612148
0.026735370842563 0.01136616212642 -0.827537051635316 -0.550276382032086
0.00569073039905618 -0.0355375177808767 -0.778275064331082 0.501284704688904
-0.0346836771055213 -0.0120661148961372 0.181150865381063 0.68072688201536
-0.0147231911987106 0.0301782298226667 0.458664632220702 0.103456425228228
-0.000572356713234714 0.0166408537864337 0.165699092904025 -0.168083801384397
0.000621213836192944 0.010505906089576 -0.158931151875426 -0.147571200794988
0.0167135939006136 0.0210255946548931 0.138858961752363 0.106876622622076
-0.00237803411003625 0.0103609657568522 -0.089258644126732 0.112555561736033
-0.00428144167109815 0.000270760786241629 -0.418703579013706 -0.137566909410385
-0.00468610387511313 -0.0319086744746503 -0.147257485503657 -0.582867867098025
0.0397004488767394 -0.0605896753650513 0.654971950020133 -0.467757518784633
0.0384461862194514 0.0290387847371532 0.826296252508172 0.464698540410535
-0.0132377543281096 0.0296504602079417 0.062629006338329 0.728640181742532
-0.025558165327449 0.0205256521344085 0.0608946514493846 0.0864229337098591
0.0189141062659242 0.0411339882267312 0.0123815162602604 -0.678615752147054
0.0307452864538835 0.0107494744552596 -0.810426084430202 -0.576587346413568
0.0100995902131107 -0.0341885353169862 -0.797793350574527 0.474464830843942
-0.0296947063992664 -0.00827178558529697 0.163186914517548 0.68684312965348
-0.0128483815215172 0.0337254403227008 0.460499365824953 0.120511768919197
0.00136303397261936 0.0186759897644388 0.172581083984966 -0.159683201371794
0.00167788295208123 0.0115772808423965 -0.157570543525677 -0.145980894884948
0.0147737194509254 -0.00130778457422154 0.130043086363695 0.114270498044708
-0.00721265011126402 -0.010440318023366 -0.0986070618535683 0.122074546637343
-0.0217855871617038 -0.0148899937412902 -0.426979349428596 -0.12101310714532
-0.0338901739140961 -0.0242750323754639 -0.152762094288159 -0.573537630673667
0.00649323020410036 -0.0389919392056473 0.66308885121599 -0.474709016178119
8.84302401503272E-06 0.0262089376841902 0.841758248421858 0.44000864993948
-0.0253480146529867 -0.00794888898313322 0.094681025141035 0.694520401597992
-0.0146685522868552 -0.0232620207147678 0.0891709759836473 0.0544236354403212
0.00783026317960842 0.00557598806824361 0.0212898657117589 -0.700773180904637
-0.00778854166476302 0.0095484610392057 -0.802773002370901 -0.56729735885944
-0.0253956748333396 -0.0130758292720532 -0.763722364182332 0.487912011211167
-0.0600387384822782 -0.00197979367419195 0.185666240565068 0.687606017973761
-0.0278835496778407 0.0154846758732407 0.452968544402106 0.122171498043794
0.000472235352252767 -0.00820856392346146 0.156976252440968 -0.147651009622732
0.00377725462300661 -0.0156723971324931 -0.167626980003504 -0.124910093313893
0.0136851273394872 0.00122718076296806 0.131380401514169 0.110274458301134
-0.00962679326052945 -0.00869669938196002 -0.102391847715032 0.114470766873536
-0.024445368668951 -0.015833399956605 -0.428202782641066 -0.137605486241345
-0.03449078940087 -0.0293672917498695 -0.137362566196682 -0.579378771973329
0.00964536700034522 -0.0414712623116012 0.675792387988037 -0.453962086621748
0.00238764258836018 0.0305115333240467 0.827075389416158 0.468791565930762
-0.0289473813683373 0.00106619830583387 0.0764172274003527 0.695635271829835
-0.0203820882449469 -0.0148780975044994 0.0880787477562375 0.0480563252203997
0.0058544866048084 0.0141430750151877 0.00644997115336024 -0.700181189918297
-0.00551410673292909 0.0119259572491961 -0.82047572604955 -0.539939829471753
-0.0242893630410517 -0.0184662170473955 -0.748729974750102 0.508557615056618
-0.0602617197214766 -0.00762126741771594 0.199504460729898 0.67828709870893
-0.0272683813283434 0.0125468547449699 0.451103258934881 0.106334921185947
-0.000495170687770686 -0.00579461287730611 0.151809807416247 -0.157333587268478
0.00282438864762051 -0.0123720577129153 -0.167586260713479 -0.129038172797969
0.0135794395381771 0.00355449318334242 0.133941483365119 0.105497962289748
-0.0116840101882112 -0.00511367963603964 -0.104597271911781 0.107951746432337
-0.0242871867155284 -0.0151622065228153 -0.428212041935374 -0.148384296696334
-0.0321215794941436 -0.0338543599028703 -0.128309702586086 -0.586019281634306
0.0143392823400874 -0.0447457635467419 0.684441180630501 -0.436050278864952
0.0059430095368552 0.0337451590046737 0.813991206880359 0.488401718194243
-0.0297342696486535 0.0101280976599453 0.0609539356308001 0.699593954180528
-0.0258114136012977 -0.00375465068207664 0.0857745139758609 0.0447328737140756
0.00457987034183657 0.0226970915818898 -0.0092521713420752 -0.699251489172101
-0.000916621498417314 0.0123594991483551 -0.831119699237263 -0.519591871255456
-0.0209733902382183 -0.0241411444271657 -0.741903390560994 0.527919551744415
-0.0591575690575853 -0.0122148292767525 0.208230708356538 0.67268795201864
-0.0264173976029735 0.0137555681633119 0.449278712659844 0.092063479504079
-0.00102057990389259 -0.00235426268741497 0.14918816560308 -0.164544722599433
0.00239514414867925 -0.00883799522116286 -0.167237719722712 -0.134166078480024
0.0131078110645789 0.00802425729295603 0.134037265753733 0.102988912170088
-0.0117585194930283 -0.00129738899686002 -0.105561844561196 0.102428461080923
-0.0225217612793807 -0.0134381464130109 -0.428259325460917 -0.155994120845224
-0.0271620666691128 -0.0380126621586964 -0.123189174075941 -0.587808095448724
0.0207658618384569 -0.0495552677542439 0.685810118435707 -0.426986714101487
0.011250806266479 0.0365570631037602 0.808128960679508 0.502870424285323
-0.0293383548134346 0.0198134566666663 0.0529313363284096 0.703214256254682
-0.0298003879618662 0.0058672365963434 0.0814587066055346 0.0469674447683136
0.00529243711789152 0.0304611530143154 -0.0175912224561345 -0.694792965944496
0.00536029956477098 0.013076336790274 -0.84016320909138 -0.507303196943466
-0.0152856824524213 -0.029524489696461 -0.737907316479499 0.535288220160153
-0.0529868374022846 -0.0145941950147672 0.212165679538975 0.666935595464384
-0.0239230460052915 0.0164397427472712 0.450779231046704 0.0842188727474387
-0.00105109075534168 0.00306494200732462 0.149427357570099 -0.170798557014855
0.00174400650388859 -0.00337801870662242 -0.165340005143451 -0.138572915144274
0.0132281832422555 0.0122970340740818 0.135979849671278 0.101604217707607
-0.0101464206213273 0.00172624908014279 -0.103345999238024 0.0992741810854548
-0.0182819537983946 -0.0110203410582432 -0.426704693960086 -0.158406475344792
-0.0210725654198141 -0.0407346706065916 -0.124215251310908 -0.587469818036721
0.0263355982646812 -0.0544743212051001 0.682781593681206 -0.425530678561679
0.0192601799945527 0.0365185965964206 0.800516045446571 0.50427589092378
-0.0271160215920806 0.0263629289995393 0.0480458196389917 0.711263638072313
-0.0317375906960433 0.0149660971193721 0.0754518718753423 0.0529509731672297
0.00817905481853065 0.037258115494581 -0.0213463482058329 -0.688109978568617
0.0130520406332928 0.0123602402568192 -0.844668484670712 -0.506342889728892
-0.00856590630600068 -0.0328105437710513 -0.740295046097972 0.537326634541416
-0.0480420351194404 -0.0143086880513775 0.209980886919781 0.664347122769891
-0.0204539946691241 0.0210813403499965 0.450474056646253 0.0812139767047278
-0.00162678626482378 0.00753785113336673 0.152076023591445 -0.174066735527015
0.000748937073249808 0.00289984208245624 -0.163319688904701 -0.142282950600584
0.0140237046405134 0.0157538760809184 0.137896016050061 0.100120489794793
-0.0083917385236424 0.00574114173783084 -0.0994106182602273 0.101457341613439
-0.013798482061093 -0.0073628690325399 -0.425286109104593 -0.154282488220838
-0.0145778640957509 -0.0398622019366594 -0.130582008127576 -0.586445923994435
0.0322166645087259 -0.0577488611173223 0.67497972142272 -0.435277794345
0.0262723277663954 0.0347788072463132 0.806000847971776 0.496006446480351
-0.0233403395769281 0.0315128480456001 0.0492533855556227 0.713978062746954
-0.0317382662125787 0.0205150724919102 0.0700268731658052 0.0623704882104549
0.0122325889082741 0.0415906158205581 -0.0185965524256583 -0.683373534931405
0.0209296459098818 0.012388067198134 -0.83608317353158 -0.515020479768503
-0.00144994720264006 -0.0355542372901706 -0.752637731917988 0.525888193159962
-0.0408212480580305 -0.0128182368480007 0.201806705087032 0.668323729527448
-0.0172094425548554 0.0262168712041582 0.453654790920584 0.0863282848359333
-0.000765802494733691 0.0122769573207139 0.156440320654335 -0.173005461868008
0.00119913794661846 0.00675474927031408 -0.161102468476754 -0.144208965472615
0.0152570282615888 0.0188247228455441 0.138482907612782 0.10145451165974
-0.00547182532490231 0.0090812850815397 -0.0943605769919653 0.103536896697978
-0.00846172520537027 -0.00382448964086255 -0.419987278999866 -0.14486972974943
-0.00921350656991087 -0.0376596675221287 -0.140918975968747 -0.580533723430154
0.0366696279601563 -0.0604410932100618 0.660928296028773 -0.451149589188948
0.0336277843557686 0.0328507684268384 0.813343047159343 0.478334794568409
-0.0177203882345711 0.0323465462092802 0.0573971232935314 0.719277688884918
-0.0291864340592443 0.0228743997326481 0.0649937152257091 0.0738146564055663
0.0155491257346014 0.0430232739091325 -0.00821248713316282 -0.677906502596705
0.0275677604602386 0.0114079463235173 -0.827705213650316 -0.536627802043412
0.00553348930174525 -0.034912981257201 -0.767301939865154 0.507563959431673
-0.0355946637115358 -0.0112299108640453 0.188630283248739 0.673605722439444
-0.0148006486602116 0.0307012712258881 0.457298270694574 0.0972805582943997
0.000201717721590366 0.0154393207376762 0.162942913359438 -0.167733716699004
0.000751368601967613 0.0100289348867048 -0.158933607597164 -0.14491189131445
0.0174786688406942 0.0198641119308691 0.138439382487564 0.103691169132647
-0.00191904024825672 0.0100804999652213 -0.0875773148614236 0.111401563529045
-0.00422603420874455 3.31540805154264E-05 -0.417664398449922 -0.131187944319666
-0.00428214695364791 -0.0327298083703671 -0.153643963085375 -0.57652282536261
0.0387611880513667 -0.0603293744927995 0.64529977119045 -0.472050927751452
0.0390492328239024 0.0285984202752331 0.823148464015198 0.449699602274329
-0.0128787601664911 0.0292244160608663 0.0717877880845706 0.721956917019743
-0.0251765039252457 0.0207685825853659 0.0609815301872302 0.085459493100664
0.0190769312093159 0.0403605524907881 0.00662793566432906 -0.671897561596678
0.0318235412236041 0.010090622309734 -0.812232883674906 -0.565625901225696
0.00970172625920187 -0.0335813448592544 -0.787696142105059 0.481194508373218
-0.0306763706269382 -0.00716864634523718 0.171119629010689 0.681395085922201
-0.0121066389886586 0.0340062418803924 0.460738088471897 0.11317125821143
0.00150141442074717 0.018232967394462 0.168579286685312 -0.160789115927442
0.00213561352137341 0.0123183532969492 -0.157650539681455 -0.143971746045195
0.0155347070987503 -0.00195133476555101 0.130448889956709 0.112205367979367
-0.0077032614402608 -0.0109550420715523 -0.0968593536776826 0.122134651791103
-0.0225881261905707 -0.0153478495006248 -0.423680486478609 -0.115880929602763
-0.0336101244695087 -0.0249172742099602 -0.154173918388623 -0.567488814697943
0.00553588429109205 -0.038374793932337 0.653475638087714 -0.475309320293932
0.000850952994192262 0.0264243938062736 0.838650307349769 0.426062602200251
-0.0257059608980658 -0.00784189169710963 0.099130964333584 0.687964471629763
-0.0151881783340667 -0.0241190933499181 0.0887791392734205 0.0525012434265534
0.00758240341156225 0.00416742520240539 0.01458981740784 -0.69321630018265
-0.00685458209007875 0.0102839302746263 -0.801695078416452 -0.555957362248738
-0.0254571931735641 -0.0133543498710808 -0.752324669015532 0.492826002848479
-0.0597827900149224 -0.00188380280272693 0.191862660666343 0.680114557931293
-0.0279297308393835 0.0146183578345477 0.451523868968955 0.116471430263183
0.000133219576264715 -0.00798921130941218 0.153810941303811 -0.147912139699085
0.00332793674332735 -0.0153748160203528 -0.166837666194997 -0.121862403111008
0.0145432687924861 0.000560051856327419 0.131683279659928 0.107850622245616
-0.011041578682215 -0.00805237843896623 -0.101409476192397 0.11423848212543
-0.0245573094689491 -0.0155543833428596 -0.426362571430521 -0.131079599819639
-0.0336205808728381 -0.029087008216636 -0.141302282685321 -0.574599495997001
0.00842190527194523 -0.0410055953489912 0.666086722844661 -0.453986513044382
0.00237899157606852 0.0304689693206208 0.822077759053975 0.454777252522775
-0.0280890768898557 0.000583755410902661 0.081665482596826 0.689459380098465
-0.0207381998984293 -0.0150029660846574 0.0878369260049604 0.0461785375737746
0.00551286980520192 0.0131830038570978 0.000520649596436607 -0.695180702700934
-0.0050005022198744 0.0113396546580035 -0.816526766604968 -0.52880479368054
-0.0248599688569355 -0.0179435535073774 -0.736836325703817 0.5134389961566
-0.0602588195509118 -0.00715264139614767 0.205147950005963 0.670788925105011
-0.0276323196053727 0.0129186246311803 0.449266362984617 0.101060052724316
-0.00034529445465117 -0.00608553873625372 0.148889663425465 -0.15673747796861
0.00306299981513047 -0.0126280860961412 -0.167080684048086 -0.12720287668122
0.0134038208920526 0.00331680447004998 0.133303754942775 0.104331791589572
-0.011860216595883 -0.00561293712906327 -0.103189618513502 0.106579687411393
-0.0243822159841795 -0.014889991691626 -0.428505975332747 -0.141687100599646
-0.0311292071823679 -0.0339248371409679 -0.132186767348701 -0.578986117283744
0.0138635160750155 -0.0448165417502788 0.674398425350245 -0.437946067907473
0.0051734813159116 0.0328802501388011 0.812653060052184 0.476675029484716
-0.0287920028951178 0.00989282291079605 0.0676011624279812 0.692968738866826
-0.0252547222633993 -0.004690659489112 0.0857181665136574 0.0440182898280182
0.00450308055929222 0.0218595655539354 -0.013210787107007 -0.692781615431952
-0.000597033099841417 0.0131384948236895 -0.829343179903842 -0.507534354812755
-0.0213846519574271 -0.0231881674662369 -0.728771981578492 0.531014911228211
-0.0576736731903246 -0.0120444948607397 0.211893802558273 0.664649699400749
-0.0262961918844724 0.0138689015396001 0.447921987662527 0.0876900065135024
-0.000607629415654034 -0.00277869116980621 0.146179415039555 -0.16462098210335
0.00204816100521072 -0.00928997576958986 -0.167238788559363 -0.13124974769611
0.0131253780935884 0.0077417022059174 0.134294328423057 0.1013488550777
-0.0118230319090745 -0.000927541011885394 -0.103213612803315 0.101964347830611
-0.0223336747276847 -0.0137376425748754 -0.42600057618368 -0.150241863181261
-0.0271937937741329 -0.0378435266405942 -0.126644496928408 -0.579880215985374
0.0196576451463927 -0.0495542247809676 0.677048116711725 -0.430404900244101
0.0117634947821608 0.035550340830176 0.804174583521134 0.490471265185007
-0.028651286829652 0.0191656700194628 0.0583469553593026 0.697469052400365
-0.0290495018161233 0.00632714687824066 0.0806760650208077 0.0458217545821831
0.00557562917476153 0.0297874069253658 -0.0227672401269544 -0.688715506391121
0.00643557583061922 0.0125357740064026 -0.837402422897487 -0.496305323654093
-0.016107381806165 -0.0284139107718814 -0.72576521881832 0.540856720328357
-0.0524011455693365 -0.0135467378284576 0.218511834940748 0.658368031471464
-0.0231321669259994 0.0172769225067547 0.447451579144231 0.0785535484405658
-0.0012265704917329 0.00184902294276985 0.146957591212735 -0.171406435042356
0.00123694613858828 -0.00299668767617968 -0.164973520726069 -0.135967553894613
0.0136808764491351 0.0118090066639466 0.13642092894612 0.0993912540227008
-0.0109718529086167 0.00174754347233999 -0.101758874299718 0.0989873985026778
-0.0184825757513018 -0.0118577799487359 -0.425317633738384 -0.152617226893984
-0.0209027168383232 -0.0398708552335867 -0.129173394358667 -0.580824179024626
0.0257693102410414 -0.0539446374263683 0.67452929631739 -0.428140609440038
0.0192680987501069 0.0364443349471964 0.798488774345077 0.491555445755927
-0.0268473524047478 0.0262577723824733 0.0533810817028601 0.702865512012754
-0.0316524417140374 0.0142585345126416 0.0753126537011236 0.0519297181569521
0.00848804453184111 0.0363914591221639 -0.0280621982793907 -0.682765426574323
0.0134623848977513 0.0118704797768741 -0.84241414853827 -0.493217695043758
-0.0084728814168698 -0.0320543539279688 -0.730002990095328 0.539673215612802
-0.0466750368615141 -0.0139205567110846 0.214625836830507 0.657064917602846
-0.0196511279269729 0.0215046868651556 0.449823632416974 0.0751576671563083
-0.000886317404665367 0.00672782660720192 0.149562305561918 -0.172842620399883
0.00117996322352959 0.00200090160268734 -0.162825869936939 -0.139764780854605
0.0144716604970623 0.0149901934945565 0.137675462315121 0.0983777286481025
-0.0084998636846802 0.00561276340671387 -0.0975009497145202 0.0994980141939159
-0.0135740280297939 -0.00824669585232823 -0.424712203937398 -0.149949862471456
-0.014380016381822 -0.04063649106946 -0.134540591770718 -0.57901344039243
0.0311331792916296 -0.0578319096669583 0.664598452396361 -0.438018203994341
0.0270538055676915 0.0355085781111857 0.803291278819486 0.483705479621073
-0.0234330792556935 0.0304060909857725 0.0564891813139391 0.706514350429979
-0.0309482526353012 0.0202137410454837 0.0700751320187994 0.0611378428954652
0.0123724979752323 0.040350975581547 -0.0240565472699602 -0.679082465261263
0.0219489160554789 0.0118064394356225 -0.836027567258528 -0.504207189946297
-0.00203117206134531 -0.0343601018789395 -0.741948682148004 0.529237033941134
-0.0410582764741963 -0.0120817244762565 0.207257564220126 0.659092549129348
-0.0166129709900591 0.0265957250856631 0.451807831999209 0.0810252881207991
-0.000205295419862066 0.0125439193260317 0.154056338978128 -0.172287237537057
0.000917529092437331 0.00686479222824004 -0.161226940599829 -0.141358486368764
0.0161797657357459 0.0179892116219363 0.137792235937702 0.0991990806304324
-0.00597587816921436 0.00866656954844681 -0.0917579094123643 0.102897752766344
-0.00928937092339988 -0.00419862977076652 -0.420915046033843 -0.139524558836409
-0.00870841947090743 -0.0376538055660961 -0.145330682178235 -0.57460829570711
0.0348826683243607 -0.0598151237027125 0.651544236243783 -0.451985145065269
0.0338475616354136 0.0321935808002225 0.808634770188667 0.466510913709349
-0.0185640729306647 0.0316407799503132 0.0635921963060086 0.711591613373116
-0.0290623170274064 0.0222087574622969 0.0642058704756222 0.0722263064280108
0.0156046050025819 0.0412801486636324 -0.0140320712929677 -0.67176668458253
0.0283600754150094 0.0114675817482998 -0.825918859337691 -0.524825332357692
0.00467553304092716 -0.0346179737235215 -0.755808896041458 0.512113567175552
-0.0348318964584973 -0.0100753124814913 0.194143347659614 0.664576904036395
-0.0142625518998074 0.0298785544636003 0.453454270203084 0.0923214784874586
-0.00015543594547909 0.0157198049444548 0.159885470036889 -0.167709302999741
0.000978644591953655 0.00940663074499642 -0.159032787510411 -0.141785185539732
0.0181273195167571 0.0188355088330312 0.138130220788558 0.101556175914127
-0.00394981920783174 0.0105587214005681 -0.0854340852212522 0.110414657158955
-0.0042536716221867 -5.80979118171374E-05 -0.415625543455721 -0.12689344697699
-0.00456658054183264 -0.0325262877511051 -0.157676117068046 -0.568595090678853
0.0373182469438899 -0.0601771669084517 0.634319520432259 -0.47278025190267
0.0390766363950682 0.0277263787990035 0.82005406686782 0.439241453818259
-0.012590033966866 0.0295552894064374 0.0780269762877457 0.714608719797131
-0.0256199011997212 0.0200628966407965 0.0613696294594028 0.0835520592996496
0.0201220989400403 0.0392159497024429 0.000570545461469857 -0.665178937737247
0.0315745613742699 0.009863270194671 -0.809107654518232 -0.552803924355963
0.00998837733857933 -0.0326722529378892 -0.777340114716569 0.485306532859909
-0.0307416514030298 -0.00640119065305612 0.176393613170171 0.67226806843155
-0.0121306638301062 0.0339186857039437 0.457055391323115 0.108375517061523
0.00214451525773506 0.0181101971444395 0.165670056370799 -0.160550193291375
0.00180500486753016 0.0116694379256154 -0.157050046830261 -0.140434765979562
0.0158829372350374 -0.0024641668147528 0.131064671770984 0.110553834911154
-0.00811990034460392 -0.0110156806615482 -0.0954602801823062 0.119888891704358
-0.0222753015112233 -0.0149678461156326 -0.423335057923967 -0.112234180540929
-0.0332064840098295 -0.0241833422810403 -0.156994105929462 -0.559823486130833
0.00484051562618411 -0.0380719758655958 0.641894209678368 -0.476044936534428
0.000796204875629232 0.0257141104613747 0.831267702422328 0.415986395162084
-0.0249975621239217 -0.00847566431591521 0.103599109692686 0.681015334002871
-0.0150562879529487 -0.0236108643243679 0.0886610296415943 0.0507988054848653
0.00778131765292242 0.00425547304837123 0.0111534335372878 -0.68801706179144
-0.00606627877717477 0.0101144032100157 -0.796368161708789 -0.546143315579946
-0.0248035342816356 -0.0128114931647717 -0.743181730544365 0.495920432239049
-0.0603805558216427 -0.00146176287972992 0.197069417163108 0.671702178159108
-0.0270968514492523 0.0146062142714921 0.448817833092897 0.111460606972649
0.000610960216464194 -0.00747018837603804 0.151345768194779 -0.14777485966903
0.00359403897143159 -0.0150347767973947 -0.167091969567051 -0.12059965888223
0.0139916700789054 2.86988068843221E-05 0.131331437297426 0.106876020871923
-0.0110893941966419 -0.00856101014593745 -0.0990767451170346 0.111921323337604
-0.0242094609791858 -0.0154670476712389 -0.424930403502916 -0.127969343461227
-0.0329191395567302 -0.0302113723855464 -0.145278748370689 -0.566263576369515
0.00819690522145945 -0.040484381607186 0.655478680710008 -0.455455027473907
0.00216461299906406 0.0294793848346802 0.819447033436747 0.445048355804045
-0.0274860596763776 0.000305371544104722 0.0859406472777172 0.681928311118848
-0.0210257792205223 -0.0150391496475622 0.0880116863626559 0.0458255410511823
0.00587951534660201 0.0123264739369587 -0.00335691745176454 -0.687586271308851
-0.004332339978736 0.0121924289183946 -0.812389989000844 -0.517941195127327
-0.0242767321768183 -0.0172795420162302 -0.72567957761534 0.515735461636738
-0.0596941325075044 -0.00636450791999727 0.209374388405017 0.662715271685831
-0.0266170338095469 0.0134568351220074 0.445744886177319 0.0950541235025913
-0.000366430548993942 -0.0067712824258991 0.145938365595925 -0.156376056176972
0.00296370039138468 -0.0122310970784131 -0.166439903091811 -0.125345841491065
0.0140010740499806 0.00256506073315498 0.133063471131376 0.102559859255779
-0.0125048607487621 -0.00482175401451456 -0.101057219034397 0.104974518541157
-0.0245614959643688 -0.0151945211978248 -0.425732839482126 -0.136652685469411
-0.0313386965717157 -0.0337150222755674 -0.136167453054722 -0.572345130693026
0.0131998537662619 -0.0437703936377127 0.663981061397408 -0.440671102409124
0.00590138330677556 0.0329332110202212 0.80807306052442 0.467148312163128
-0.0295687686604073 0.00995818264211112 0.0731784703795457 0.685306034494083
-0.0254946290267239 -0.00422232641265154 0.0854411828740582 0.0427475617911839
0.00505926273900032 0.0217328884997687 -0.0180723174744798 -0.68551563925921
0.000316330944138844 0.0129448960558044 -0.826146413387087 -0.497478684092709
-0.0208008420510151 -0.0227472925030792 -0.721316878907401 0.532562552905595
-0.0569750935834526 -0.010798657262845 0.216489485100257 0.656611408825541
-0.0249830961135879 0.0137061493091231 0.445390920811599 0.0830944711413412
-0.000544052603116544 -0.00314058339449527 0.14450517995974 -0.164249393583664
0.00254960073861651 -0.00803332028116609 -0.166850555658549 -0.129909299231798
0.013240524986866 0.00737319827856243 0.134104629533996 0.099221982148364
-0.012693851264436 -0.00216197076693403 -0.102060534942401 0.100254181277042
-0.0225447105460995 -0.0139645059630117 -0.426410091079499 -0.146778854524864
-0.0270109618863743 -0.0379299989557798 -0.131538403652988 -0.573848500102546
0.0186109805365449 -0.0490125867348085 0.666851521788108 -0.431567404640127
0.0122609428250461 0.0358886946302734 0.798298375497979 0.478996601165079
-0.0292096028681668 0.018315007153988 0.0611735314071134 0.689701281554489
-0.0292036987246339 0.00592889291913615 0.080440960278906 0.0452946608580491
0.00569160353945923 0.029360727984117 -0.0272240237413264 -0.682054682546598
0.00668994718836573 0.0130665412025603 -0.834187684193268 -0.486746836010341
-0.0166619542884983 -0.0282851889022378 -0.716557276895393 0.540815840129716
-0.0526027383532224 -0.0131706634360156 0.2225146587055 0.651995377664359
-0.0224639020685621 0.017110408267855 0.445382310969347 0.0745114045408673
-0.000880635387794383 0.00180711409515597 0.143634744082293 -0.169519991652185
0.00137148959374563 -0.00310858036600898 -0.164066700613961 -0.134093516517064
0.014167758098223 0.0109316819806082 0.136295750474964 0.0976499152553747
-0.0114184396545723 0.00271085056832723 -0.100015659925183 0.0980788113043029
-0.0187018207454683 -0.0111430908465969 -0.424166034748557 -0.148792650469932
-0.0208114827161417 -0.0404757622983693 -0.13174861690876 -0.574050230803246
0.0248715472747121 -0.0534124069037956 0.665741815412612 -0.429249407057335
0.0196366568940852 0.0359983176200161 0.796133308779559 0.482485560143699
-0.0268369604940964 0.0266531718935315 0.0589300805359992 0.696251135210591
-0.031332302283116 0.0140038295785541 0.0749306088616251 0.0502820135241617
0.00841978772938779 0.0357692418808794 -0.0311422835666807 -0.675954839061068
0.014345126571056 0.0131075569150543 -0.835726033851263 -0.482607641429675
-0.00919732458988697 -0.0322697200678048 -0.720397621898281 0.541641955368442
-0.0474451200461379 -0.0138625972011654 0.218345843652537 0.649580716191159
-0.0195897254428946 0.0211386669399805 0.445051793768312 0.0712658245255329
-0.00144154108051577 0.00707557112912069 0.145692585325507 -0.172983956570076
0.000821356153045408 0.00289973534797093 -0.16276511299891 -0.137191733934779
0.0143470724562689 0.0147397682751786 0.13721838663908 0.0971711985369162
-0.0093184277903196 0.00577705909931307 -0.0961572208635596 0.0990487129144553
-0.0138956832811091 -0.00867636669281796 -0.42252936481457 -0.144827941239628
-0.0143601348975696 -0.0402256717904299 -0.136830305750969 -0.571921293555679
0.0301740428636835 -0.0566894412288987 0.655750844498954 -0.438364351296963
0.0269711767023852 0.0345472720407559 0.799609222118399 0.47354015861897
-0.023215737898218 0.0298691705693111 0.060200457966345 0.700600531006737
-0.0311497247325827 0.0201195825093514 0.0704345248111379 0.0608515212654821
0.0121178474103387 0.0392763533351146 -0.0277156126658976 -0.671327972208374
0.022306261112852 0.012374994292527 -0.832391421888655 -0.495187707389922
-0.00253955178336899 -0.0339765410246609 -0.733009461824097 0.531845876715872
-0.0408546756839415 -0.012230968545884 0.211139446670857 0.650605877914598
-0.016332436312598 0.0259781986328118 0.447781582548785 0.076824479303568
5.17240013746586E-05 0.0123692752273871 0.15070472178552 -0.171888441376466
0.00107439656323703 0.00744925119515696 -0.160400872743208 -0.139057506551752
0.0165942350080834 0.0173582230549174 0.138171473168001 0.0972754588277861
-0.00604349724252065 0.00834214976928691 -0.0905479465901527 0.102696349618919
-0.00858882169457289 -0.00499832621472989 -0.418972473190193 -0.136164475551954
-0.00902624442375156 -0.0373929982995288 -0.147357477770624 -0.568440545815479
0.0338653996887571 -0.0602687359223524 0.642449244850905 -0.454566335324457
0.033699803449879 0.0315620151465023 0.805703112313363 0.455209948368596
-0.0183347306454427 0.0311019268289875 0.0669192521099053 0.705650778076893
-0.0289672217898141 0.0228830141426313 0.064703083000874 0.0711418274729463
0.0158827893630782 0.0405850490024502 -0.0170223734795058 -0.665282982377533
0.0281257591381749 0.0108111224300737 -0.821918628165792 -0.513396986281003
0.00422535850058026 -0.033562437579996 -0.745067132354442 0.514091674280955
-0.0356837728971568 -0.00891172127525322 0.199058035486718 0.658185917362917
-0.0137879484531139 0.0298326465851202 0.451101220811886 0.0885469523950505
0.000326908146623478 0.0157748300823631 0.156567583370283 -0.167525568642616
0.000808574428406901 0.010006512491727 -0.15793160992954 -0.140166731072519
0.0177364731942791 0.0182204468709037 0.137905517080203 0.100617357012454
-0.00326814060614043 0.0107117171789658 -0.0850356360052243 0.108846538289012
-0.0044658392569926 -0.000181191236332382 -0.415006771528065 -0.123226471569004
-0.00497081881333297 -0.0318631226533618 -0.15931281218311 -0.562956596789551
0.0358212358250622 -0.0600513066180737 0.624558612388382 -0.473072919306561
0.0386412043670726 0.0275190581469431 0.816963817992443 0.429634423571363
-0.0120070774295285 0.0283322236033413 0.0822648504987002 0.70735914450361
-0.0251754359683812 0.0197311257101748 0.061693547724744 0.0822394413171758
0.0192799505286284 0.0375076172071884 -0.00412347363098518 -0.659253576098726
0.0321940624387186 0.00924441606375245 -0.807436623211235 -0.541185860292711
0.00952370505104174 -0.0333990010452715 -0.766434658641069 0.486340363490335
-0.030542300335738 -0.00653022165806788 0.179994795999196 0.666396270759173
-0.0118949400526289 0.033442016292493 0.453390934541041 0.103127447703941
0.00185442745626144 0.0180109002716802 0.16341760727901 -0.160010276199977
0.00160819932582628 0.0116862613782872 -0.157254072360107 -0.138595267003029
0.0155647600390276 -0.00246646428162587 0.129261480783925 0.109283930404323
-0.00896713907037145 -0.0107150693893176 -0.0942454479419539 0.118841268727227
-0.0224196026797216 -0.0155637507783815 -0.420326902299002 -0.109038565584934
-0.0320021310907623 -0.0246044186108577 -0.158130503317521 -0.552583566357456
0.00437302069507418 -0.0382220134450692 0.633762543125865 -0.475010216802616
0.00123274354769595 0.0259753229551077 0.827976199806867 0.409379124051942
-0.0257870938110855 -0.00794753715527495 0.105326189143238 0.672800341461134
-0.0152776687091274 -0.0237014531262642 0.0880269991895 0.0502142704653182
0.00812131017744735 0.00322715870761244 0.0080551061927226 -0.679994651711356
-0.00568705869559509 0.0103199544466063 -0.79314446640179 -0.535601786070034
-0.0246760133563522 -0.0125893239127553 -0.733433455579327 0.494309842914778
-0.0596080311610716 -0.000666689120096618 0.198815978380621 0.664028203627082
-0.026708321542759 0.0144149993931852 0.445097639966468 0.107698913124235
0.000776075338865824 -0.00761555641082877 0.149017636603659 -0.147480734310985
0.00330458602531347 -0.0151475708386714 -0.165578188483214 -0.117966218496696
0.0143476625099227 -0.000400032674059925 0.13117774986727 0.10451246919141
-0.0114611623602312 -0.00825754065436464 -0.0984953355277423 0.111644088419369
-0.0233037841368165 -0.0158982939215986 -0.422677574623813 -0.124491272530489
-0.0324534440261954 -0.0297027842104955 -0.14673447242152 -0.559272563372528
0.00756349411732569 -0.040322899611477 0.645865790142909 -0.452791418661469
0.00190225376778021 0.0294391647731457 0.814024835561257 0.436871593521987
-0.0281803203460531 -0.000255061814137047 0.0883376507898268 0.674303588847627
-0.0209908601855017 -0.0141853400646645 0.0874619681902649 0.044472649278152
0.0057015440773534 0.0112368364068281 -0.00778332656236019 -0.680042621594623
-0.00375525845762855 0.0121557762568526 -0.80762211974032 -0.508630493181363
-0.023800986954868 -0.0171363502182493 -0.71638806324192 0.515529984179956
-0.0597348541520068 -0.00568616074861513 0.212603727623987 0.65744844152147
-0.0262133904128227 0.0124954082504072 0.442268866981908 0.0930900747466016
-0.000119050862245536 -0.00613474462845946 0.144179210413278 -0.156155332188629
0.0027659873140628 -0.0120421462048654 -0.165600861932308 -0.123453014798985
0.0137728486676844 0.00224930037170424 0.132599287225068 0.101799855396236
-0.0124904927664157 -0.00488105842234124 -0.0998821602491701 0.104028627008796
-0.0241843809525185 -0.0150879726238152 -0.423803135589511 -0.133212349106169
-0.030351832865672 -0.0342604060063839 -0.136836819686749 -0.56513262837042
0.0115803391211425 -0.0442859875176046 0.657293883652497 -0.43819926680613
0.00612993270434246 0.032903862872715 0.801032709628857 0.456198541710426
-0.0293513020037005 0.00909721432901502 0.0752001168879472 0.678345260499474
-0.0255486652330807 -0.0046824801589214 0.0834959524416264 0.0424453621353265
0.00486847913418329 0.0199303460079439 -0.0206119179459053 -0.679017247102232
0.000472098611016311 0.0131807583539412 -0.820834559132465 -0.48863854408995
-0.0216653351912411 -0.0225737163043429 -0.709707380830975 0.533369868072454
-0.0572025649145089 -0.00964355509804791 0.221143082254441 0.647864611579177
-0.024678960869846 0.0142885452776764 0.441957983066791 0.0788531196805953
-0.00126599745678326 -0.00301298826024619 0.141658933144934 -0.163434580072673
0.00181013276200357 -0.00826982052089767 -0.165300189067063 -0.127251213040411
0.0135716155549513 0.00583796893425855 0.132859713181521 0.0973226890072601
-0.0129543322850088 -0.0013704655846498 -0.0996106616932116 0.0984272004237574
-0.0224244031255694 -0.0134578437928696 -0.423863279743 -0.142421173333902
-0.0260668871651982 -0.0389765258664819 -0.133865766350995 -0.567714956349592
0.0177581348720555 -0.0480442587994064 0.658891039529108 -0.430018563730866
0.0128282999315395 0.0346931866404219 0.794489535723941 0.470362956546098
-0.0284540203155734 0.0179196504381465 0.0660901300116674 0.682203182418122
-0.0294082453093861 0.0055126426255831 0.0802971114394623 0.0438640877335181
0.00624995335412257 0.0268810289041889 -0.0302816780114602 -0.675492572032977
0.00736816353417585 0.0129453731632797 -0.828284959452339 -0.477514103445316
-0.0159289657243813 -0.0271734134185554 -0.705645872967548 0.540973485360104
-0.0530648724736323 -0.0132352439696994 0.225806538160745 0.643082083248088
-0.0223789182899573 0.0171125157385829 0.441712594350401 0.0704500933694406
-0.000934420857021622 0.00176515005725015 0.141865391192592 -0.169455068438079
0.000970363812832103 -0.00311007331544406 -0.162870448619083 -0.131374904745109
0.014082474195431 0.0104107868988541 0.135259564800494 0.0952816217448558
-0.012206834742186 0.00251170300025144 -0.0983999265322961 0.0962232651461542
-0.0186159954785252 -0.011514921314639 -0.421941979146868 -0.144773069791153
-0.0203087724787001 -0.0403627134266463 -0.133425892281127 -0.567293420821256
0.0236421196980773 -0.0529566166929601 0.658071117153733 -0.428205891410222
0.0198214421199047 0.0355037974941348 0.78879080983612 0.474015353361302
-0.0265618678561532 0.0252175461633634 0.0636992696654264 0.688215797246613
-0.0308780057596243 0.0146610920686897 0.0742865313782932 0.0500792324252634
0.00872104308914946 0.0342766593426475 -0.0332304334432077 -0.66882973346817
0.0146401756260842 0.0128406057282983 -0.832526507348149 -0.473916558504213
-0.00886178985564508 -0.0317091798049343 -0.708781190200455 0.538452410895497
-0.0468591161910725 -0.0130583087956611 0.222744576436159 0.639933722235681
-0.0191573286840459 0.0205800108079926 0.441314228040389 0.0676171038047115
-0.000388682066423382 0.0068807545412737 0.144135936856822 -0.17134605424292
0.00112486045349579 0.00278558936373843 -0.16181130200794 -0.135586620650867
0.0153228330132384 0.0133509862114935 0.136713443565265 0.09547000620697
-0.00929580990803066 0.00598477428878549 -0.0947098488918187 0.097303030352181
-0.0138153046604588 -0.00851784517607358 -0.419470890682358 -0.139808530950544
-0.0145103612896176 -0.0403816808109874 -0.138156404487418 -0.566543855847892
0.0293681988181828 -0.0566187231058567 0.647251585245901 -0.437213696978923
0.0270704765771567 0.0346096856608989 0.793829362297627 0.46378991623829
-0.0232401702789444 0.0299340821502271 0.0645999879956959 0.693133447829142
-0.0310124746051441 0.019376022828466 0.0689896634685288 0.0588625980309735
0.0122046053464674 0.038256822290499 -0.030156614614224 -0.664568577354681
0.0229711250096405 0.0123260880399146 -0.82692994109273 -0.485940447103803
-0.00126835852524776 -0.0335018727982894 -0.720212246350027 0.529480875533394
-0.0405496792389875 -0.0118249861213166 0.214289479933373 0.642986832019468
-0.0160782269669567 0.026113027562904 0.446177158440197 0.0739112535086457
-0.000604802087803334 0.0118645069778344 0.14829631916254 -0.170422680927922
0.00171325545094542 0.00663168162092117 -0.160020523263148 -0.136802575698498
0.0167047688107254 0.0163667401022342 0.136892156665802 0.0955912325332098
-0.0071150803517466 0.00910303900964199 -0.0901865768479301 0.101348250310047
-0.00912475826393406 -0.00479414569720506 -0.415731757232985 -0.132641656050038
-0.00856378847993787 -0.0377578035716569 -0.150146583180626 -0.561677314704073
0.0329731828089796 -0.0588489858685793 0.632894237003015 -0.452012522114969
0.0331202202889688 0.0311935160149234 0.800990677245174 0.447300768433697
-0.0166862760303859 0.03062314017505 0.0714347501890485 0.698087018400784
-0.0289292453752225 0.0216512010222733 0.064688709527917 0.0701231296808643
0.0158799835678283 0.0391876162377354 -0.0203579330817652 -0.658780896825586
0.0294140262133231 0.0111034897350905 -0.81682612631858 -0.506210314644337
0.00451067485278011 -0.0341329861871601 -0.736256163172849 0.512745110438231
-0.0348180403277113 -0.00896792920241282 0.202104953411577 0.648112468712301
-0.0138523656891388 0.0303364228286788 0.448948890577995 0.0826801571955372
0.000650941133349247 0.0156234415221517 0.1545303452492 -0.16660124789076
0.00173343637801835 0.0103658473940225 -0.158644699027261 -0.137483060187346
0.0177383098704335 0.0174444972158451 0.137881884504002 0.0982615959697798
-0.00412821066835365 0.010287931298526 -0.0835542889438918 0.107391091098575
-0.00534252917727638 -0.000616157084596757 -0.413194563958521 -0.119182964195192
-0.00445833191113462 -0.0321874837040661 -0.161284800865323 -0.554207696363605
0.0347330504290291 -0.0598052773546837 0.618237345799511 -0.471888829798001
0.0388445335783629 0.0269927706888944 0.80934227160769 0.420945372667305
-0.0126695055853761 0.027797554989771 0.0846623258553439 0.699994964020534
-0.0246973062491107 0.0196633290674189 0.0604068365329998 0.0813994983031028
0.020122082643757 0.0363426556621187 -0.00665650147475091 -0.652070703624715
0.0323539714893168 0.00988715048857168 -0.80320032565727 -0.533569527624616
0.00870911306860135 -0.0333568670117965 -0.757403979242014 0.487029797125781
-0.0303307080943981 -0.00634477879755485 0.182729233996984 0.656038344588005
-0.011151761670803 0.0333480314181705 0.452119980900744 0.0998601595181029
0.0019050198787305 0.0179955043883357 0.161758536501813 -0.159111966076314
0.00164472922008028 0.0113275132097417 -0.156590749063104 -0.136239235531821
0.0156140555773626 -0.00381406858212688 0.129206689764843 0.107234978389719
-0.00924861500541918 -0.0109424637635501 -0.0934268276667216 0.115880162949763
-0.02251993854195 -0.0152961018600768 -0.418427483485176 -0.105119167166404
-0.0321245578228628 -0.024288834029151 -0.159765834935698 -0.546534796836572
0.00381820145535218 -0.037303995123602 0.627538565547676 -0.471888931158657
0.00143933421193521 0.0258824369286253 0.818804728191275 0.401232412583908
-0.0253666406061803 -0.00830856853542466 0.105900615479302 0.667433131184235
-0.0161344297315065 -0.0239996900775804 0.087331699590723 0.0491192844731604
0.00766433223630723 0.002279299972295 0.00671946586247241 -0.673874393293354
-0.00468370730796109 0.0109699445954341 -0.789488606867613 -0.529530191014268
-0.024991001850572 -0.011796461359946 -0.724305246348115 0.493703391143251
-0.0592345755112756 -0.000510627740093632 0.199952828910833 0.656982155878087
-0.0265484388060236 0.0144920817126315 0.442855473193429 0.103854217155869
0.000638638145626419 -0.00720868856078149 0.147567662037948 -0.146208248642722
0.00338055902615743 -0.0139353268088776 -0.164542282488931 -0.117152238936324
0.0146301081802151 -0.00135319264738407 0.129309566343933 0.104153972919532
-0.0121714850620747 -0.00860380940417978 -0.0978222608876451 0.108285949722891
-0.0242039078347291 -0.0158887299463 -0.418850170742846 -0.120405438779275
-0.032204271131017 -0.0296137928895289 -0.144971921471877 -0.554636041784111
0.00669111645020512 -0.039902185621362 0.638373436807853 -0.4524599622783
0.00244194262902581 0.0291100744400648 0.806398476884162 0.428679322933995
-0.0288554907474421 -0.000578759889364098 0.09038799596703 0.6680847787467
-0.0215651043355044 -0.0147545523440563 0.0870584166576877 0.0439376476264101
0.00532159798712295 0.0105745407376321 -0.00959974656136566 -0.675239921890407
-0.00312295034895255 0.0124404337315751 -0.802263185633149 -0.500823295142676
-0.0239112991987401 -0.0165919100544388 -0.70814968462517 0.512938061829887
-0.0601275681895088 -0.00596714402598749 0.212971057446773 0.646723636196404
-0.0260380744059408 0.0125444531018502 0.439299410289024 0.0899935846772861
-0.000301074843694293 -0.00603353529700048 0.142894096471951 -0.154667876775895
0.00249725186506092 -0.0121140816813384 -0.164102452992819 -0.121096369716204
0.0138528991421816 0.00135857648509245 0.131057880525973 0.0992563859414435
-0.0133449241749796 -0.00524226342207939 -0.0999116128720578 0.102165618294839
-0.0246554367956207 -0.0152645353286628 -0.421361635155473 -0.131210343184882
-0.0306132678571242 -0.0344297646712734 -0.137890733041011 -0.559507919994291
0.0105942069170384 -0.0436497195457356 0.648097269120829 -0.435313964352629
0.00631001308503209 0.0328202522536962 0.794891968140698 0.4478785572768
-0.0288050075665406 0.00907897732361374 0.0746927205806903 0.671734330724653
-0.024793333915565 -0.00457177402939879 0.0831478248155827 0.042016628555914
0.00507723207132937 0.0197180628983327 -0.0215750182598898 -0.672534377377612
0.00136750625231616 0.0137089738078326 -0.815566577338815 -0.480749125883239
-0.0209989111021166 -0.0219769910878819 -0.701212791166142 0.529908287812311
-0.0573166519933914 -0.0101769764422084 0.221449527669436 0.641226646757244
-0.0243011646141569 0.0140004514674559 0.437544578475225 0.0756940703061317
-0.000554823935196007 -0.00329066616249634 0.140031633529793 -0.161836962003804
0.00160462448841098 -0.00780944826005475 -0.164789175623696 -0.125635956667567
0.0137038458343563 0.00588783760328379 0.132203431134211 0.0970494126370329
-0.0133622592258036 -0.00221323544714427 -0.0992149313067421 0.0967014550553363
-0.0223501119898341 -0.0139514592585745 -0.421414468568157 -0.138775345594866
-0.0253913824015517 -0.0386521915278446 -0.13247967555403 -0.560286122695554
0.0169746807263803 -0.04802525368749 0.651525269041958 -0.428698609937999
0.012791053698106 0.0344590200889211 0.788314315702708 0.462341789905769
-0.028719563093513 0.0182206825605096 0.0669787877443631 0.676347828845769
-0.0285980470082877 0.00500476525497728 0.0788618074342514 0.0438674497747794
0.00618535058300599 0.0274220835998427 -0.0312949157262513 -0.668744807719508
0.00807376577107892 0.0133443669548555 -0.821421827468516 -0.4688828514289
-0.0158717020384486 -0.027181507542863 -0.697620635529255 0.53875497185851
-0.0524716658930943 -0.0122943050179156 0.226928179570217 0.635099830673004
-0.0215379265756612 0.0167739149235668 0.437472099598831 0.0686927464574922
-0.000943901157131553 0.00210519670029055 0.139102614042086 -0.167628422163607
0.000834427738727979 -0.00309934788446839 -0.162139808874627 -0.13000330070671
0.014120563640855 0.00985423085739491 0.134519396047343 0.0944504896241733
-0.0121216145544237 0.0025531271410847 -0.0985586739475709 0.0947776523588688
-0.0188582993687427 -0.011496240678984 -0.420401162275124 -0.141237149084649
-0.0201920558688985 -0.040485005594967 -0.133806375925403 -0.56068576175502
0.0232632385689423 -0.0525468669561025 0.650583383481381 -0.427181568400549
0.0194571451901714 0.0349068219050533 0.783189583007232 0.467350000431263
-0.0265073157768558 0.0252250771100309 0.0644901944458114 0.680599821699321
-0.0305898445504371 0.0135857012182581 0.073605074829343 0.049973137240078
0.00830883317763485 0.0337620872355684 -0.0346119948986188 -0.662362935310005
0.0152342973327185 0.0119764691010496 -0.825566540610979 -0.465324916045111
-0.00898501391565777 -0.0313484638692846 -0.700398230756734 0.537619139383876
-0.0469649276076477 -0.0133073470673551 0.222805380737172 0.632881171800614
-0.0185476856614584 0.0206445344998596 0.438807466342169 0.0655721855263449
-0.000632489645490788 0.0070405861577571 0.142325259777298 -0.170971252187481
0.000504854530540293 0.00254256910101495 -0.160656250619242 -0.133137702144156
0.0152030130844863 0.0126455880683066 0.136187670451493 0.0937026442770048
-0.0100059967031271 0.00527961983860217 -0.0947373931474531 0.0959652721572343
-0.0140451329449522 -0.00849770092738867 -0.418650857214802 -0.138479113971109
-0.0146852897104938 -0.0399992716137244 -0.138960562885991 -0.558642674990941
0.0283149352410864 -0.0559783291996884 0.63839792763164 -0.434720977981929
0.0264696032998365 0.033873173451486 0.787044578358257 0.457770257373909
-0.022315974323977 0.0295801156311333 0.064689433680049 0.685387822772878
-0.0307674039509484 0.019611810224549 0.0680815331426819 0.0579244682065074
0.0119671134098063 0.0366009799861887 -0.032544023180238 -0.6573886483219
0.0224805056475249 0.0115127454441387 -0.821525781068693 -0.478412646599631
-0.00262161729568397 -0.032949850409793 -0.710404285981644 0.528617743184704
-0.0407221527392069 -0.0113326160897971 0.215197084710554 0.63538538386138
-0.0152521566889803 0.0255058023603361 0.442336945040938 0.0722264265228036
4.12646437442619E-06 0.0118953262453932 0.146137924728768 -0.169567394976296
0.000606183077916156 0.00723542802894263 -0.158606390121042 -0.13478457906986
0.0170413306308165 0.0154566559209854 0.136375305417049 0.0946563774963829
-0.00752657838550692 0.00907996091901503 -0.0885074017120019 0.0989905916008446
-0.00915495281269617 -0.00400189938255404 -0.415288036099527 -0.129454793906996
-0.00830984435568122 -0.0374458421012411 -0.14891795267654 -0.554863084046717
0.0322293884355559 -0.0589821960750273 0.625681248841742 -0.449959248699676
0.034010383584158 0.0306660142880451 0.793192340242142 0.440997376369604
-0.0174133407557848 0.0304693204593978 0.0725529668193644 0.688968852892844
-0.0288575509956156 0.0216470268233671 0.0630666000988457 0.0691716025408265
0.0161215731661752 0.0381819100006593 -0.0213555033084115 -0.651631074427159
0.0292724824542886 0.0111254573402684 -0.810925084650161 -0.497978305354895
0.00438603348005286 -0.033838541851995 -0.726495193750508 0.511995950038015
-0.0352204806582472 -0.00887407995352641 0.20277492838334 0.642607193108198
-0.0124642660259655 0.0302557154958039 0.443644619089922 0.0800818623786416
0.000535018052086889 0.0159778323994531 0.152261980544924 -0.164783566411898
0.00116925085185061 0.0104148991381944 -0.157124224095782 -0.135021498524159
0.0180063918234259 0.0165397343644618 0.136522161852882 0.0972220955807422
-0.00474468470771153 0.0104539527312933 -0.0826094574459245 0.105374526244733
-0.00505353921246579 -0.0015150402713986 -0.41060140972741 -0.114800201882386
-0.00434241133974923 -0.0327175385215214 -0.160745893658601 -0.548960133565241
0.0344635155387299 -0.058521501976432 0.610950082218526 -0.470036636055092
0.0385055052168217 0.0272002118019035 0.803061417924333 0.413703331782071
-0.0126851353743163 0.0273911518243824 0.0874788659915048 0.691056226839354
-0.0245231446430919 0.0194127198165424 0.0604485446275055 0.0801860790980612
0.0193165643406588 0.0353590213706339 -0.00750321898220346 -0.645905112910873
0.0317727806366894 0.0102578604699552 -0.794712979805971 -0.524545390037714
0.00899404686506741 -0.0318912220552285 -0.747260552620121 0.488270571288866
-0.0305896498201243 -0.00545357744876464 0.18513466478869 0.648765069705821
-0.0107564456502284 0.0330008937661693 0.446894944702457 0.0960154066406796
0.00246261499671674 0.0168499014785646 0.158531034258848 -0.158338830432264
0.00157681202448842 0.0111459534213799 -0.155078155123274 -0.134438300880595
0.0170124658837556 -0.00490823285883119 0.121729204555144 0.113177637552075
-0.00701273582159971 -0.0112532766767772 -0.0985431042313922 0.108658144174575
-0.0216240993944948 -0.0115438461266185 -0.405598159868329 -0.125397646322801
-0.034537291309361 -0.02326722652396 -0.133114988332648 -0.542833336110659
-0.00419507610235196 -0.0400708251878645 0.633302867070969 -0.436809246365846
0.00171102154843466 0.0194922327400491 0.784061463399881 0.429026371711787
-0.0246270607869737 -0.00444978679338121 0.0776541037301964 0.661236482201712
-0.0140562191204669 -0.0246475939481129 0.0842232372670985 0.0510109711918221
0.0079239290301429 -0.00403266848942576 0.0303069496427361 -0.667395364365316
-0.0117762018433444 0.00959203215255697 -0.76072266426821 -0.546583299576854
-0.027297328147984 -0.00794690086697265 -0.730304369796528 0.458139329260673
-0.0513585571756996 0.00760584939508202 0.167141136260147 0.653708199083381
-0.0200974887387242 0.0162040963485796 0.426930539047457 0.124602020866955
0.00401213170381381 -0.0096062163795986 0.151711446202531 -0.135396273622137
0.00147505217192262 -0.014251907840266 -0.152734007096141 -0.12514547251175
0.0152809769240199 -0.00262319181549019 0.123071323791351 0.109934270065382
-0.0100982420203521 -0.00901507845180265 -0.102821919704443 0.101863687081218
-0.0230586829298648 -0.0128533115949837 -0.406577221295879 -0.140679033101915
-0.0343691672865452 -0.0282622466068974 -0.119247793949321 -0.551320450507449
-0.000920245801509033 -0.0431590634713108 0.644169637033578 -0.417649252650847
0.00291036451890149 0.0229370429720625 0.767724946879973 0.453550275266061
-0.0277495453791835 0.00355970422432316 0.0624256800854648 0.662680944752625
-0.0203366873715903 -0.0158866833103851 0.0826763654641077 0.0454670762358921
0.00479145047553617 0.00430527209065009 0.0137906374575638 -0.667353297475786
-0.0105903667898785 0.0116293300619168 -0.776672595592099 -0.519804978853101
-0.026720159055765 -0.01264248034508 -0.717380560622591 0.477168011199033
-0.0508639364548833 0.00269392816926753 0.180096866636323 0.644450476641156
-0.0201188859790232 0.0141016655980973 0.424014669245008 0.108671470208664
0.00255901127053305 -0.00899777983740568 0.147826099612829 -0.144684087275955
0.00104839577973513 -0.0117451884837017 -0.152965378876072 -0.127858260251912
0.014593512148911 7.71722652202086E-05 0.125077330331509 0.10582159878368
-0.0119887449359184 -0.00570447651394985 -0.103553144129795 0.0956510935405392
-0.0243226538847555 -0.0118054859779705 -0.407868126575577 -0.150532908171768
-0.0318709952595337 -0.0328927527041711 -0.111049632894964 -0.556040390413714
0.00428176371066728 -0.0460705544812966 0.654835196709611 -0.400304668924916
0.00694100686080642 0.026294111940467 0.756696133727715 0.475062682544341
-0.0292546476484666 0.0128781219816573 0.0491631035825698 0.666051793992429
-0.0251336599531907 -0.00569593650230777 0.0807514873592813 0.0431136101909227
0.0030466700762456 0.0131324829559778 0.00157591151096875 -0.666650624622718
-0.00672662374313573 0.012653347041065 -0.790352700393639 -0.500496583099735
-0.0226983005797464 -0.0169770460811194 -0.709479628015724 0.494501870923885
-0.0490618989969629 -0.00175008502604908 0.188261192272002 0.636710625772737
-0.0182164360399929 0.0147052669226347 0.425145894372244 0.0961765601577067
0.0023059178590699 -0.00543173727903463 0.145405427709619 -0.151984245798109
-0.000188077737672346 -0.00750133978665066 -0.152712297707877 -0.133112024288584
0.0143095770319114 0.0044116022958483 0.125928014534678 0.102952308555832
-0.0125010228715825 -0.00155401804507204 -0.103318500568209 0.0898621735076397
-0.0224196539681459 -0.00991934798461657 -0.4083667844802 -0.15825522827459
-0.0278668549746066 -0.0368859811147712 -0.106168256373289 -0.558930046839086
0.0103937857461885 -0.0500267023774751 0.656084305640646 -0.39120789202942
0.0126631204323238 0.028672242249699 0.747290101590962 0.48548581388103
-0.0297660187564913 0.0213516008175123 0.0390602581490099 0.669103029129782
-0.0298633611813785 0.00321990542772884 0.0762573593112023 0.0448733640467445
0.00445704882891835 0.0205243817376788 -0.00741613139500819 -0.663270862928058
0.000201040867237823 0.0125096123711241 -0.796416966378675 -0.489046772401839
-0.0177045476900099 -0.0225357370295602 -0.706739160942318 0.503754495633497
-0.0445745941602115 -0.0042058509813631 0.194836974175761 0.632675179768119
-0.0153152634873901 0.0174471889655375 0.424574617981971 0.0876442510893554
0.00186256329874229 -0.000401650072983506 0.146019807564773 -0.157887012662188
-0.000559528379470662 -0.00337513162973682 -0.150921158194644 -0.136037605668685
0.0136350162223214 0.00808266455723007 0.127093328992586 0.100330996511119
-0.0108232968927192 0.00227191304320026 -0.101371828036093 0.0873451871760675
-0.0188762981077366 -0.00738266056996209 -0.404492243836232 -0.160505465777982
-0.0225791631276534 -0.0380946762060928 -0.106488571087859 -0.55933154069071
0.0159757425625705 -0.0548459518951816 0.653711000112762 -0.392149173855823
0.0192355162605432 0.0295060347582157 0.743393905107467 0.491531849191653
-0.0280098996030112 0.0291256324018355 0.0350186534625337 0.674898556734102
-0.0319864807352752 0.0124767425631892 0.0709339128948486 0.051262298789532
0.0069505145487856 0.0275830211770938 -0.0119982862928931 -0.65670850153579
0.00797176546799048 0.0125368271313894 -0.799752872749192 -0.487632431999937
-0.0106442660859145 -0.0265007621737065 -0.709030329574688 0.502783911918136
-0.0393812040029219 -0.00440589790457611 0.190999014163565 0.630787369973642
-0.0130726600683974 0.0216859520052983 0.426083213963266 0.0854743507473686
0.00160460965717204 0.00441275161275476 0.148408351989268 -0.159283157258629
-0.000945967642041914 0.00210237905616623 -0.148671228456009 -0.140269915430481
0.0147779575534651 0.0114759218348834 0.129689337338476 0.100235886865047
-0.00992891258188893 0.00531683173316949 -0.097936049511904 0.0886630794069601
-0.0140433010216464 -0.00473176360039187 -0.402876069155214 -0.156534864447724
-0.0161359298856222 -0.0385006303863715 -0.111461985234921 -0.558063766434685
0.0213088442193961 -0.0574982216915224 0.643559709071592 -0.400792844666611
0.0257899424189336 0.0279360498744274 0.749119813766641 0.480614666420486
-0.0240190079200622 0.0331905633681565 0.0376083322388565 0.67946175396472
-0.031553229767689 0.0180738728783545 0.0648642850890055 0.0599114042933381
0.0103727625916093 0.0312661605974279 -0.00831861049427437 -0.651455398885285
0.0149408239757609 0.01216964010867 -0.795736877242789 -0.496979880177342
-0.00397630945553533 -0.0284096013747912 -0.720470242655763 0.492208974842707
-0.0328032160621387 -0.00332672820023651 0.183156911547494 0.633051955962385
-0.00990439900378407 0.0267746748372019 0.429040357972226 0.0898721125959807
0.00221890851237814 0.00972549542838659 0.152781700867419 -0.158372223305121
-0.00146804696804753 0.00677190135378617 -0.147749178552828 -0.141741068285492
0.0161584155620477 0.0138881436461651 0.130527764391527 0.101241260534153
-0.00713260223099774 0.00827174372708465 -0.0926993843958141 0.092551371899906
-0.0097400525572075 -0.000431027531193244 -0.39966982594942 -0.147600827017694
-0.0106211506935531 -0.0352976623147118 -0.121577878960216 -0.55444434136873
0.0261011572756457 -0.0596158380629318 0.632114072263576 -0.416726110171128
0.0335919687483213 0.0264658112676226 0.754718541243656 0.465578923795647
-0.0204755702228207 0.0343173841325071 0.0450692998928183 0.683827619183276
-0.0306159576088252 0.0197682226149181 0.0593181979404998 0.0701200446098646
0.0140488122562838 0.0325503884978471 0.000591983544680993 -0.646104975985509
0.0223783533220038 0.0112940979922814 -0.784909229049149 -0.514817587842401
0.00183598684577231 -0.0284925158464659 -0.734510984137017 0.475113059982511
-0.0275852482268712 7.52805122297799E-05 0.171409438558708 0.640188567336562
-0.00721289656363094 0.0310448125660175 0.430062835752909 0.100733525489888
0.00325072831082555 0.0134845469986532 0.157590018451354 -0.154260480661099
-0.00133976823916704 0.0103768325979041 -0.145409847611866 -0.142452870668789
0.0171460998502294 0.0155476410788153 0.130476233428811 0.104228989586305
-0.00455652013350096 0.0101786551532933 -0.0873270281389942 0.0984507946482608
-0.00481840675368737 0.00324742699763846 -0.396789999112234 -0.13439957293761
-0.00689120414521874 -0.0304972745144263 -0.134578351667216 -0.548760150213186
0.0275792609898654 -0.0592625843951117 0.615536032136434 -0.438354133783595
0.0381915775059317 0.0225556483237991 0.766967140780157 0.439985947746181
-0.0137320849874049 0.0322491407712641 0.0568048212464239 0.685041386922181
-0.0257548394729648 0.0183592075234969 0.0567161514673797 0.0814062057896681
0.0176834781465961 0.0306427355839274 0.014572932856646 -0.638734075553084
0.0254453607876619 0.00990277002724572 -0.7691458036425 -0.54422777615172
0.00732501314468767 -0.0266148635203726 -0.752538632627072 0.45061988535981
-0.0234558087131173 0.00350831206033824 0.15263382164708 0.645720114553942
-0.0053956290139427 0.0343999643452869 0.43168461412656 0.116945938696835
0.00426861011979051 0.0155266810870778 0.164479227074346 -0.146631044011058
-0.000432639160482571 0.0112638211295429 -0.144450513498794 -0.140406270485899
0.0165146729782227 -0.00520853533000116 0.12021831281344 0.11190848085403
-0.00780056519770739 -0.0107669837965164 -0.098843273910024 0.107718165456766
-0.0213947270488403 -0.0117363993181558 -0.403517326665276 -0.123507450151356
-0.0339436723377536 -0.0238366898167285 -0.12972404523722 -0.539590314718667
-0.00416163809061553 -0.0393088478480851 0.628822317073994 -0.432559660396244
0.00142680144508204 0.019049227962359 0.776651397920323 0.426339410184057
-0.0244690433719854 -0.00472028836885989 0.0775902005540028 0.654802500610486
-0.014700974099361 -0.0248134057978498 0.0831876049807931 0.050459851888237
0.00732347232061549 -0.0047342223902981 0.02962944262946 -0.660893594047601
-0.0112528253704076 0.00920867723774214 -0.755543542464391 -0.541320302534541
-0.0277750442148297 -0.00779214711647438 -0.724185629270813 0.454111530069752
-0.0517860789863496 0.00806892708571865 0.166667145188602 0.647685787141019
-0.0200166055131776 0.0148103578228052 0.424382355935605 0.123097448640999
0.00321079216861026 -0.00955120778583652 0.151343085479525 -0.134150751983314
0.000554683614051456 -0.0137851766877359 -0.152063272865471 -0.123301889309924
0.0156129558930886 -0.00320262437515164 0.121326600080063 0.108052201805117
-0.011217403008973 -0.00881305986395016 -0.102206086463768 0.100384366574736
-0.0235808325075784 -0.0123348514179723 -0.405057323591203 -0.13868974498446
-0.0343898123969615 -0.02912565029353 -0.117996720490367 -0.547121370130673
-0.000802856621866499 -0.0430442616470881 0.640999335298823 -0.412651323524515
0.00240691781639691 0.0226388034479012 0.761224318026849 0.450536221153196
-0.0278364198031254 0.00279357984456059 0.0615107685476693 0.656273167474346
-0.0204865039162752 -0.0163573150578259 0.0824097625762326 0.0440560427288029
0.0052063060531143 0.00364220294760446 0.0146029462028222 -0.662838676109616
-0.00975528812570154 0.0116405086247507 -0.770581410164825 -0.517390192857817
-0.0260346905378478 -0.0117031317911635 -0.71013377191944 0.47499935559146
-0.0513636618672467 0.00278085760481691 0.179939993733684 0.63789971660535
-0.0196332459590063 0.013652406640143 0.42108228376082 0.106971989763478
0.00306464363826147 -0.00887199981447993 0.147104286658029 -0.142736991440925
0.000368522832222426 -0.0118102972794278 -0.152032944573026 -0.127441356955607
0.0143685271813862 -0.000673408827244703 0.124430928874231 0.10526607573714
-0.0120186090917949 -0.00558929597786072 -0.103184707329312 0.0929309180425649
-0.0242002019739331 -0.0119848736723831 -0.40459885274842 -0.148777176154644
-0.0320868369575196 -0.0332781963369761 -0.109146353823473 -0.550294208789232
0.00339302009267747 -0.04624957708164 0.647076474081627 -0.397819019275053
0.00642581262075557 0.0264393462775469 0.7515352568169 0.469967551506912
-0.0295152033919027 0.0117352117231189 0.0476899462137226 0.660473042626042
-0.0254096435605216 -0.00580872522902912 0.0808537791085769 0.0433601168327192
0.00402231335424811 0.0123766658614087 0.00126055172061891 -0.661526868414802
-0.00509825906184635 0.0132154661103127 -0.781966547527485 -0.498171807807335
-0.023303660012767 -0.0173682593210983 -0.703819988079627 0.490996684107643
-0.048955315676848 -0.00181837113445163 0.188526589754199 0.632208425978517
-0.0183581032642982 0.0143737224662106 0.422028247892962 0.0946650753748964
0.00194752182482298 -0.00527321620006429 0.145416586381992 -0.15077034312445
-0.000208049352823201 -0.00812464917856519 -0.15221694215364 -0.131709201127827
0.0139195491047468 0.00347292765671973 0.125506716351458 0.10230007574725
-0.0130809948698994 -0.00197815645232988 -0.103594748547751 0.0881033439984104
-0.022108057188043 -0.00999664026813535 -0.406327999903717 -0.157024402704439
-0.0275445850085988 -0.0366431334961961 -0.106134446905617 -0.554196235394707
0.0100424813981742 -0.0496529609147374 0.652291048776912 -0.391412733028195
0.0119772630224781 0.0281441687773949 0.741399645116414 0.483857337141367
-0.0299746196161585 0.0213911379821975 0.0390893062399194 0.664194241982062
-0.0290645059771008 0.00290087542954465 0.0749892731166888 0.0456078020811591
0.00457476273853068 0.0203973819479963 -0.00689943213833983 -0.657519725991052
0.00145089385305185 0.0128678616025011 -0.791576351050059 -0.485561149143546
-0.0174918057228553 -0.0218837235478177 -0.701405675700196 0.498235883290532
-0.0446820631252538 -0.00430132153862431 0.192253792928748 0.627323797332185
-0.0155692390596467 0.0172487812520138 0.420660865742004 0.0866893522348688
0.00179551574558265 -0.000764865467199513 0.145095981951499 -0.156031206833605
-0.000971242637785556 -0.00275670750237292 -0.149175413741571 -0.136001920370783
0.0141869713547581 0.00693999054118541 0.126905357285382 0.0999798507330162
-0.0125003744565973 0.0018534460153745 -0.101341478961461 0.0863293618385884
-0.0184568483661165 -0.00819139641118765 -0.404438291235903 -0.158678409886908
-0.0219153129281239 -0.0388275287170472 -0.105436887113147 -0.553992196900776
0.0158903845825969 -0.0535496226634083 0.648627998521672 -0.38840236508777
0.019486376486376 0.0295206740523637 0.738536053527668 0.485078083736288
-0.0284062026096408 0.0285392837541804 0.0342563107042953 0.668659696331469
-0.0317410625915509 0.0114131222324747 0.0699619812459042 0.0505091307190567
0.00666038212445652 0.0266642145780634 -0.0125203745980909 -0.651369764513529
0.00898858667529209 0.0125124748371775 -0.794228639211576 -0.484400317031619
-0.0113762897125635 -0.0259769906163158 -0.703619788732677 0.500201200155786
-0.0387687244052454 -0.00484359035482455 0.190614187709758 0.624968593298217
-0.0123053456956374 0.0213870045974054 0.423344144153696 0.084638922848147
0.0011153114624016 0.0043410481966892 0.147975514181493 -0.158629141522645
-0.00176050220474473 0.00226725339736305 -0.147864517511025 -0.13852549707236
0.0148306471554797 0.0105217500603568 0.12894183236094 0.0995255262771776
-0.00963497818160245 0.00574694916092987 -0.0977027847650954 0.0873539852826926
-0.0145395480108919 -0.00470453658116425 -0.399900520023342 -0.155126715294811
-0.0165260417547723 -0.038494223482605 -0.110534370912684 -0.553884852654126
0.021073848877214 -0.0569804019777084 0.640591025307427 -0.397472613111224
0.0262915521263414 0.028175438473926 0.742861426167984 0.477700233876478
-0.0245249149903266 0.0326624052181171 0.0372290390164105 0.675099649022948
-0.0325175239406154 0.0173259587144793 0.0642522801943572 0.0599294557850496
0.00995610831545535 0.0305688739832025 -0.00686065481100826 -0.647099717083072
0.0160861023481461 0.0125300643274319 -0.788536699445819 -0.495478185437368
-0.00398226864071223 -0.0279946867238631 -0.714693954289384 0.488829735529935
-0.0330053069193411 -0.00235456691481242 0.18182013610268 0.62804674160863
-0.00985949184949953 0.0265508772878086 0.425203296278159 0.08964030577236
0.00216673384741714 0.0093983743847922 0.151295557910537 -0.157716902242869
-0.00117303096999299 0.00695140095707357 -0.146874725970362 -0.140521205672565
0.015826929077792 0.0132393111959274 0.129998334442026 0.10000089424648
-0.0075839817770303 0.00869345113827314 -0.0926160627586455 0.0906572895576579
-0.0100349161171683 -0.000360299473291113 -0.398041036026419 -0.14783557763795
-0.0106885976680787 -0.0354970821449412 -0.121476429516655 -0.549247109083997
0.025068475423828 -0.0585704985445714 0.628049881183214 -0.413387931860411
0.0336421239181141 0.0252300918424354 0.748137043762363 0.461255119231068
-0.0198836423722036 0.0338456721711261 0.0447727090985134 0.677727450209252
-0.0301716877917543 0.0195605555019238 0.0593878560963564 0.0698751728979764
0.0139289211474241 0.0322584256351205 0.00199867368618704 -0.638859491030979
0.0226178786523488 0.01127125843908 -0.77912465791284 -0.512047914031662
0.00247254330341856 -0.0278394617580258 -0.72821733820281 0.473169162159145
-0.027523690991066 0.000212238275312318 0.168816764878749 0.633611477161264
-0.00716396247953048 0.0306953492231929 0.427502762791317 0.0988552247187221
0.00284712426935211 0.0129710438324959 0.157296134727195 -0.15342101170691
-0.00167745484361366 0.00988947946150818 -0.144493480377255 -0.141012569264939
0.0173999161986556 0.014456623486017 0.129731933027062 0.102644863315194
-0.00502086788979361 0.0107185910926152 -0.0871131835670029 0.0964747680263921
-0.00552348690698038 0.00352081434060555 -0.394660705631563 -0.132385627477359
-0.00698713424507708 -0.030893057102328 -0.131401678289601 -0.544224190656776
0.0271803268071729 -0.0586691729736077 0.612067311399943 -0.432647949258053
0.0380636295928686 0.0224061531200825 0.76018714918536 0.435092030611314
-0.0141450777128959 0.0312315758059419 0.0571259986236602 0.680299168074677
-0.0269067565760332 0.0176533043795504 0.055969663339312 0.0801799068950872
0.0178183517808555 0.0296306104692632 0.0147998571638797 -0.634240818321743
0.0260163608363131 0.0102756366086416 -0.762003023395777 -0.539358673513459
0.00598807282486495 -0.0266304441578927 -0.746556301705178 0.449567793007836
-0.0237021766524703 0.00326871537573127 0.152596576364388 0.641340763486003
-0.00559142233226924 0.0344945931620812 0.429539054983957 0.115844254192883
0.00447088674163824 0.0154692000400685 0.162668171140334 -0.145166038811614
-0.000755291830089213 0.0116985527806711 -0.142890780890159 -0.139868738022761
0.0167879382601636 -0.00677654580293948 0.11928937603093 0.111611012013503
-0.00838348437510526 -0.0111104281513051 -0.0986614786447441 0.105596492043162
-0.0218897490301866 -0.011569333119845 -0.401046601798623 -0.12242733140314
-0.0334376004384993 -0.0238794771520148 -0.129486160273955 -0.536055697723215
-0.00493076307912126 -0.0391679861097174 0.625574710573765 -0.429161611252177
0.00116894608225163 0.0187989528887694 0.76983167986701 0.422719537407591
-0.0249837452066894 -0.00494856652488553 0.0747868278550671 0.650201390941812
-0.0143565214477002 -0.0250263775164182 0.0822978347738623 0.0500407727945412
0.00808004963355655 -0.00442526308741439 0.0312255251562286 -0.657779537516467
-0.0107630704098575 0.00958370968298655 -0.750241494117511 -0.54087752766895
-0.0274870687314516 -0.00732229404810364 -0.720798412400693 0.449654844343576
-0.0510266692647517 0.00742998719625791 0.165116713719746 0.641056113150935
-0.0199951001542218 0.0153788080264135 0.421896743509854 0.121486128530815
0.00366427419288 -0.00984547960778823 0.150753193054396 -0.132854414160233
0.00139697925473338 -0.0138500222778298 -0.151075425004901 -0.123292551042278
0.0155599547575965 -0.00404553533935416 0.12109651559733 0.107652001964938
-0.011507228217337 -0.00833579426724912 -0.102011664204853 0.0985711264216186
-0.0234085592934276 -0.0131091727868897 -0.403153292939484 -0.137815990261583
-0.0336221926447878 -0.0293534181831843 -0.116907019015761 -0.542523618773098
-0.00116405426638387 -0.0415495690153357 0.638572554875607 -0.406724531836835
0.00292453066690152 0.0225065370612842 0.755052491418647 0.449218451006718
-0.0275561499569962 0.00290475924745728 0.0594617464222468 0.651035660459383
-0.0200316502432175 -0.0162016501790156 0.0814043454737873 0.0440406626586659
0.00468953388964874 0.00349681378152081 0.0177799054361165 -0.657343548250922
-0.00870405418685729 0.0121390037359367 -0.763902017447093 -0.515204411609733
-0.0264182027360966 -0.0117217243243233 -0.706637033857962 0.470282572571453
-0.0516767425659515 0.0027517562686008 0.176898758445583 0.63504787883134
-0.0196469159130684 0.0136221053524552 0.419888667798056 0.107773320030246
0.00207225634652377 -0.00888894487283684 0.146527720464453 -0.140978046796628
0.000706074175018 -0.0114060018221087 -0.150667064845833 -0.12787582587772
0.0149009188708571 -0.00127153011179751 0.122870592740056 0.103550514828249
-0.0127051659823397 -0.00582187617099947 -0.103328140118273 0.0909187888645084
-0.024517361938739 -0.0129352137385524 -0.404010890081178 -0.149484354217282
-0.0317449152177951 -0.0336989364327343 -0.108538632175391 -0.546608492212733
0.00316316130432441 -0.045270048453334 0.644383919418095 -0.394241215556165
0.00649833076442432 0.0261508508879454 0.745071231925029 0.468540561039938
-0.0289152281382635 0.0114935090599485 0.0452805498819095 0.653044623181602
-0.0248623901138315 -0.00685981373165912 0.0791117047733682 0.043570091009179
0.00362950821808099 0.0116995429670005 0.00483237260555778 -0.655230068352069
-0.00476753605565734 0.0122590630408381 -0.777038328801779 -0.494852152983623
-0.0231891420438171 -0.0168553740155373 -0.699026785221787 0.487927867956863
-0.0488203512711356 -0.00162796817862705 0.185455310303414 0.627672046452223
-0.0177409118983607 0.0136556922331242 0.420208339751052 0.0948949732412193
0.00189285465347322 -0.00579123834764399 0.144942327570356 -0.148504360067413
-0.000376745920096389 -0.00781470138174901 -0.150561678514014 -0.131377792874707
0.013496302884367 0.00310767457436882 0.124957404100465 0.100397964592232
-0.0129776915508739 -0.00185567110059538 -0.104291780855442 0.0865059272606306
-0.0222741529881159 -0.0101926818187224 -0.403721680012516 -0.156871242602827
-0.0274611392852634 -0.0380044474096343 -0.102138530861364 -0.549245909750739
0.00967436485321509 -0.0492829965747231 0.645982588213637 -0.384124773084174
0.0124070182909924 0.0281702078692217 0.736327822896385 0.48041465943939
-0.0304004744172749 0.0204690081002326 0.0363030614842378 0.658169695230865
-0.0286896935391175 0.00270322119757248 0.0742336760778136 0.0451185957564688
0.00415244260571758 0.0196293579846889 -0.00513972515510498 -0.653626496975438
0.00175170882990656 0.0125371008199652 -0.785410997552055 -0.484365982352841
-0.0174514932206861 -0.0223534301871129 -0.697473071506577 0.495216636142117
-0.0443449286493898 -0.00374214164888687 0.190884155860771 0.622552028661915
-0.0147650727091985 0.0167034755932378 0.420124496799415 0.0868519687754939
0.00191519319065741 -0.00138762366323487 0.144781024583077 -0.154002215308726
-0.000932482877267548 -0.00233660859469594 -0.148307689641548 -0.135300346555352
0.0142215274143366 0.00711778754223317 0.126436975314292 0.0987722735450978
-0.0122903235376901 0.00280583133379206 -0.102293227641715 0.084665903769914
-0.0188555602110631 -0.00852181762584644 -0.40205354938383 -0.158317127578053
-0.0218927695832996 -0.0389534304541939 -0.104601797568242 -0.54985611638462
0.0154059764231112 -0.0531011113233535 0.645895370956622 -0.384539859456639
0.0189874477935838 0.0295265492155083 0.731007092419631 0.484146012122534
-0.0281942898182248 0.0273042710881949 0.0337092075608167 0.663023125121594
-0.0319088538499793 0.0111837175349694 0.0687205286845658 0.0505508829699377
0.00659659766114433 0.0256334986693344 -0.00904311833471871 -0.646346827907213
0.00920330162468201 0.0124934474208225 -0.786805956846571 -0.482501262041005
-0.0106036352399116 -0.0260281044359442 -0.699006341357774 0.495117187874483
-0.0387836230962186 -0.00433350424641035 0.187887118627841 0.621345971880721
-0.0126181327706288 0.0211613281343431 0.420113279260906 0.0848442831247095
0.00151086773417386 0.00472799648087695 0.147082439054209 -0.155859198706328
-0.00156791994415438 0.00233803859821063 -0.14685835473154 -0.138038435215775
0.0147208063842927 0.0103641620763559 0.127664802046624 0.0987536242314587
-0.0106362075900031 0.00576334578979058 -0.0980645621152488 0.0848928868706194
-0.0144603565158241 -0.00456094974501624 -0.398718331255881 -0.153712195212825
-0.0160506954458803 -0.0386176729744887 -0.109175994955695 -0.550481493995882
0.0208844091559306 -0.0560717848994004 0.636516032188287 -0.393976148494621
0.0261677557597672 0.0281660318114002 0.736276314592431 0.476622972943784
-0.0250080096346544 0.0319428873405879 0.033915370901262 0.668854831928166
-0.0318428929498387 0.0167854139830738 0.0635376794679666 0.05899085610836
0.00978904626043551 0.0305622558398271 -0.00685439760140609 -0.641931829813216
0.0159461635761019 0.0121079125059232 -0.783011709776601 -0.491935124208595
-0.00361399902804141 -0.0274751013323226 -0.710130829228498 0.485329891399447
-0.0317241078688742 -0.00277116977016605 0.180211227560643 0.622427105577665
-0.00968789715483394 0.0261105358710478 0.422493303294477 0.0890057035343311
0.00195434007980594 0.00952906925126075 0.150653220655564 -0.15601982486274
-0.00198991112156069 0.00718941099233646 -0.145696811963929 -0.139664219926781
0.0159836940955391 0.013033302939653 0.128205079172344 0.0994848328202793
-0.00799768408537873 0.00851422441166342 -0.0933127843988061 0.0885182024125975
-0.00943859770293637 -0.000854877767226194 -0.395097087195499 -0.145968557086031
-0.010823153114388 -0.0355107877976037 -0.118614037169868 -0.545017298862359
0.0254534366632519 -0.058031229992466 0.623903084212205 -0.408796476019509
0.0324067962875535 0.0256084498503 0.742824803490723 0.458765375409585
-0.0201317463054183 0.0330471922119039 0.0431600541001246 0.672626934340856
-0.0303386569509524 0.0186195195944651 0.0585466779751555 0.0694435545525313
0.0139597086573954 0.0312668855875606 0.00241212915562461 -0.636065284229032
0.0225423822444757 0.0109532998080094 -0.773815344556788 -0.510830137604625
0.00257455978137789 -0.0276607867797097 -0.723841678016035 0.466572978812116
-0.0276549763891746 -0.000438826817901816 0.169453837984708 0.62917867659752
-0.00719784134604465 0.0307410878153861 0.423861708301513 0.100153552989461
0.00266599649096723 0.0129145973372153 0.156071087176608 -0.150595368042903
-0.00112280784867692 0.00964718210733398 -0.142853668944223 -0.140365350597941
0.0165157515652868 0.0136465147774307 0.128378586919791 0.102797542346796
-0.00593195249097432 0.0101451425030569 -0.0875458353934404 0.0950605043511407
-0.0058439580774346 0.00304482819037804 -0.393322995973263 -0.133004148175749
-0.00665543720630995 -0.0305631824399672 -0.129200907111906 -0.539926335226074
0.0261840969671795 -0.0577895382001429 0.608897475389868 -0.429252268395522
0.0374874088849289 0.0218884559913531 0.75466137046431 0.433830732443775
-0.0146766889383038 0.0304118580506929 0.0552590964325957 0.675189735944314
-0.0262172120652486 0.0170651429998764 0.0543418786692208 0.0801078823210779
0.0165927965035465 0.0279215674313885 0.017687109430058 -0.628910942341178
0.0262569528648952 0.0096853966678153 -0.756734435641435 -0.536600735849464
0.00632733177750673 -0.0261525756506703 -0.742542698413132 0.442555868755122
-0.0230337083973262 0.00372701784643839 0.151970524893432 0.635728198559308
-0.00495462668106873 0.0337108383711473 0.426311783425655 0.114664558913161
0.00450641785763935 0.0149602442407992 0.161945465661928 -0.143862515386542
-0.0010555897958962 0.0112171438127431 -0.141656731779609 -0.138796925690281
0.0160972452267817 -0.00679940440659045 0.118049489516137 0.111415503487927
-0.00904571461063938 -0.0107414957043416 -0.0991880834130659 0.10356021822016
-0.022248703835635 -0.0126395026932482 -0.400765836524998 -0.123041077459458
-0.0333257364434042 -0.0244106106275713 -0.126899765378273 -0.53351314326936
-0.00438664937343388 -0.0387096232893699 0.623706191697245 -0.423865653309439
0.00165353608381295 0.0188694819598761 0.764182574748003 0.423324406642083
-0.0249175824423429 -0.0055419186856174 0.0738603368920805 0.646344023369313
-0.0149022784615036 -0.0244092644201705 0.0815259739272326 0.0501283216355402
0.00756155515115304 -0.00498725181279183 0.0347492854908996 -0.653911829536442
-0.0102782141209731 0.00898663562904352 -0.743451545986055 -0.539770720657336
-0.026781684721215 -0.00721706901225276 -0.719785696611038 0.446217630448406
-0.0512510025275067 0.00758114857035055 0.162134189428252 0.63925967934248
-0.0190668736016114 0.0153067312609581 0.419570827934495 0.121704015413776
0.00367278653056547 -0.0101501649504432 0.15043489847445 -0.131712230477515
0.00059373485881454 -0.0129162230012821 -0.149794973427519 -0.122225853430228
0.0153611089189019 -0.00413970650511934 0.119878628681545 0.108362150721924
-0.0121919610614206 -0.0087595940851122 -0.102882855084557 0.0973500630167479
-0.0241459152372549 -0.0131884860100409 -0.402460533887817 -0.136565510067902
-0.0331785303843539 -0.0302609205889712 -0.113695248656586 -0.54027681187196
-0.00156036496976365 -0.0415778676246463 0.634308802116778 -0.404346529869947
0.00240085371199099 0.0227798823029259 0.751750141701934 0.448898691171282
-0.0286989694977395 0.00221361452617317 0.0560656423135239 0.647186186824528
-0.0202771822878709 -0.0161944826854979 0.0809062699297344 0.0444745391348986
0.00494219781603802 0.0017901081809775 0.0189041771685689 -0.654334452242703
-0.00929146812249655 0.0107943193426479 -0.758701954151239 -0.515863386214391
-0.0253592102566148 -0.011308898542226 -0.705702719673918 0.466667572297898
-0.0511161597821765 0.00226154889951787 0.174500912749627 0.632135856450866
-0.0195019903957532 0.0123364313195312 0.416670274066352 0.10748845599273
0.00226109570248198 -0.0088111647829852 0.147086646449429 -0.140251682214761
0.000315214200654992 -0.0115861856022805 -0.149637704213224 -0.126772834485123
0.0141845181168227 -0.00110186598768491 0.122510076139728 0.103503287022508
-0.0131689874735229 -0.00532375319828064 -0.104133604854823 0.0891712175902976
-0.0244656646660733 -0.0126325320543428 -0.401656096607521 -0.148308953753606
-0.0312873945095808 -0.0340034585487948 -0.107120603048043 -0.544977097448225
0.00355216321805899 -0.0448874624666611 0.642985248086763 -0.388749267329411
0.0064974966160512 0.0259211354704775 0.738193446105265 0.468446079791087
-0.0293214419126485 0.011049082500575 0.0445188977974275 0.652307785734775
-0.0258392136293618 -0.00668670655763921 0.0780742394930131 0.0431818403294311
0.003690879750469 0.0110384634457691 0.00495597208146426 -0.651392114140661
-0.0040766112749391 0.0123784250094692 -0.771591600160405 -0.496720025264175
-0.0228572733262419 -0.0165330023791638 -0.696655174328049 0.483142756690696
-0.0489450664171926 -0.00193626812707971 0.183082552690929 0.626016201925382
-0.0174203883027187 0.0139679076038395 0.416605888044052 0.0948010804263291
0.00182601169271685 -0.00592624321226026 0.144398201055129 -0.147294115239832
-2.10051482625829E-05 -0.0077821523486472 -0.149991552976636 -0.131198281401849
0.0133696727860091 0.00254079599006569 0.123204890006606 0.100951354435581
-0.0136544610135066 -0.00133190589110869 -0.104649529428396 0.0848867326884734
-0.0222731913595489 -0.0100063376178999 -0.401340894581587 -0.155915900632052
-0.0271882856445804 -0.0378809695539152 -0.101850167970496 -0.546289104251553
0.00855477715917877 -0.0488882233307346 0.644433362469235 -0.380773202203523
0.0126699941222289 0.0284098360722989 0.730668033803659 0.479313695771168
-0.0303203444922111 0.0192941681131336 0.03388921547299 0.655405488752983
-0.029490883876209 0.002532314455229 0.0735983748198578 0.0454019688970367
0.00478011351802302 0.0188677830595638 -0.00255426538961215 -0.649051727048386
0.00252287019135897 0.0125142066224443 -0.777898464408561 -0.485576637019184
-0.017132190829816 -0.0218323495007149 -0.695633870104248 0.490928298688722
-0.0443112728132012 -0.00356687129205012 0.188866719538583 0.619269564969751
-0.0145519491870528 0.016421798109241 0.417343276453302 0.087838730733448
0.00167289189654344 -0.000359591391152634 0.144840367975665 -0.153439810768962
-0.00105579005932206 -0.00267092051105617 -0.147395334669785 -0.134787348832238
0.0131974590629835 0.00610489517824163 0.124641673929949 0.0992260293488804
-0.0131346979963801 0.00249925810363487 -0.102147698194649 0.0824208638831679
-0.0192795573604918 -0.00830959560150085 -0.399931137529612 -0.158551265480016
-0.0217109348085215 -0.0389987428184716 -0.102004175984686 -0.546504433418316
0.0156998418963177 -0.0525448852379055 0.643106741338464 -0.380868141919326
0.0189106369984789 0.028838266609819 0.726375571158136 0.484435947891334
-0.027954924027358 0.0272255812760399 0.0308568230619226 0.659918418499858
-0.0320070253646111 0.0105191679699472 0.0687408981974451 0.0504366566162325
0.00649006435291081 0.0250976727882866 -0.00649429212678827 -0.643382835902537
0.0100137157570971 0.0122997172409279 -0.782117080663265 -0.483040506047665
-0.0106609161990128 -0.0257511978487298 -0.698408947386257 0.491470974463654
-0.0387796161206416 -0.00450755229077149 0.185116955383934 0.617706888335629
-0.0124656331173086 0.0209896051696 0.418898214992763 0.0851659310463768
0.00165964007430044 0.00393349092961538 0.146581152430931 -0.154052949088532
-0.00134813870163239 0.00250697090042679 -0.14520436937958 -0.137613749594476
0.0142412139544965 0.00960566654743605 0.126617538152079 0.0979893094108782
-0.0112958663369492 0.00558820722753992 -0.0982634704673477 0.0838557285236753
-0.015138775504021 -0.00492174019927669 -0.397624338208475 -0.154872876568405
-0.0162457749845127 -0.0389274799782341 -0.106262200293564 -0.547052808412385
0.0211638415238583 -0.0560298621743466 0.63364538998588 -0.390086790263096
0.0261271312466885 0.0281585910872173 0.732912783040504 0.475614405654339
-0.0250109426750857 0.0318535467739417 0.032850528060482 0.665472481455341
-0.0324916731749479 0.0161140871769338 0.0630346425330806 0.0589007951126981
0.0102446450358246 0.028861943016805 -0.00284360504962181 -0.637820306778986
0.0163439707021471 0.0118344602091201 -0.77717672771974 -0.492694816935742
-0.0037831719794704 -0.0272359407236353 -0.707985481128068 0.481117375356313
-0.0328037805366522 -0.00258013913009512 0.178059872958783 0.621445494024409
-0.00959750146634654 0.0257950371864694 0.420537263130029 0.090975391558049
0.0015347871236412 0.00944219537370682 0.150861670203116 -0.154145670086704
-0.00158028408365933 0.00665317415822283 -0.14326504995583 -0.139232528887405
0.0153703442688815 0.0117834832701643 0.126945960346487 0.0998294186995971
-0.00833299065751545 0.00926646998673584 -0.0935359485116522 0.0869243651719821
-0.0106742090717866 -0.000855160728650404 -0.394938844443693 -0.146007138977532
-0.00981493411887567 -0.0364888429251986 -0.11673386618047 -0.543443208620392
0.0247259272682292 -0.0578751342480522 0.62228001946246 -0.404937332165314
0.0327682727914044 0.0259401090664032 0.73624328686927 0.458419920936586
-0.0208429983831531 0.0331476644398411 0.0404116984402264 0.66921353820457
-0.0303582317423114 0.0186813255191559 0.0585159705863116 0.0691554522428047
0.0138352458603504 0.0308586834231844 0.00542330707399202 -0.632741490615717
0.0231576251750815 0.0111892694362791 -0.766822512281469 -0.511303574944442
0.00202589687097956 -0.0278465631789179 -0.720785871994321 0.464125159000351
-0.0273933387817093 0.000677007998500137 0.1662665335409 0.626501393325358
-0.00691126475163676 0.0300513366430523 0.421537641729227 0.100130807583672
0.00240628213804388 0.0127606496231669 0.156502806436859 -0.149349804218149
-0.00139504746873341 0.0101522399826975 -0.142822615726763 -0.138885168702677
0.0166533582482778 0.0132378000560297 0.127343117311209 0.102618380668767
-0.00619919170941224 0.0106193857945944 -0.0876603670743698 0.0932373181430939
-0.00618814096206284 0.00281532882500896 -0.39120354677743 -0.132583599329128
-0.00611930108820235 -0.0309835248350796 -0.128739523184424 -0.537491272776639
0.027031314424137 -0.0577200466259417 0.607863715759698 -0.422859057431673
0.0375822765025844 0.0223554738100964 0.749415916600299 0.43597694621057
-0.0154621212611706 0.0301656060099415 0.0525474619363044 0.670744075692083
-0.0267208825437786 0.0163203953472619 0.0539950340453053 0.0790862243313473
0.0166662524614902 0.0280802284751777 0.0200812322419714 -0.626117761793548
0.0262472719297473 0.010053303183549 -0.751167254014237 -0.536369394187675
0.00631180905835029 -0.026086523548908 -0.740270775118265 0.440561674160428
-0.0236839952835937 0.00393977917150333 0.148562539001582 0.633266545133008
-0.00528407479452857 0.0335140778175342 0.423063715258885 0.116757781380954
0.00412603767377034 0.0149331737579491 0.162380283724176 -0.14297941149128
-0.000820063660680934 0.0119724952645302 -0.140357696698457 -0.13812416382088
0.0162170672532584 -0.00693279047923743 0.117697678557713 0.111166196733976
-0.00982293653501331 -0.0106606845106763 -0.100151279124162 0.102616058014809
-0.0224299049307268 -0.0121516328430903 -0.399728872194001 -0.123883574285816
-0.0334154910722046 -0.0254167230417573 -0.123992795846175 -0.530923370535308
-0.00497259165674099 -0.0384052375840477 0.624261088690819 -0.420584697899053
0.00203212142562437 0.0181743608458665 0.762757723862272 0.425201822937559
-0.0252511100873377 -0.00566921173804347 0.0698765323796508 0.644026619213514
-0.0148114010019235 -0.0255887543509632 0.0808440409392162 0.0499648796306949
0.00723715331776838 -0.0062158214398334 0.0379809761318265 -0.650725534037092
-0.00975230938971446 0.00855547231422894 -0.738902665557523 -0.542015612961253
-0.0265290996983032 -0.00674323052485143 -0.719218729321074 0.443470425475867
-0.0514325034589167 0.00765135857902521 0.15943244776892 0.636626730039997
-0.0194975060069934 0.0145954763688332 0.416797024799292 0.122862345749647
0.00330093021355231 -0.0105133264141958 0.150678353534991 -0.131055606040014
0.000336410679861452 -0.0131904057585495 -0.148706982193128 -0.122284071392315
0.0157007751913529 -0.00430969986668836 0.119317353683189 0.10772824137175
-0.012377617819643 -0.00836510759609148 -0.103440700801684 0.0947066962321672
-0.024530546478139 -0.0134347969254638 -0.400781901513348 -0.138992194705835
-0.0327939973597375 -0.0297641393104619 -0.110221581981584 -0.538777511249121
-0.00151059069618513 -0.0404368026610507 0.634124043165974 -0.401186527556409
0.00232119835574161 0.0222554953546444 0.745583506800113 0.449961672634674
-0.0275755530458708 0.00120616084671665 0.0538739482736506 0.644031879490964
-0.0204997549636239 -0.0166265029545212 0.0802264831124576 0.0454414798637231
0.00428390931032865 0.00234074270550821 0.0237892186881125 -0.653342944753777
-0.00750224685975225 0.0110231496614783 -0.753607166776799 -0.516279992801282
-0.0261350358947931 -0.0111758650697151 -0.705745127335812 0.464334863555509
-0.0509901823350229 0.00263218042778941 0.17322603426277 0.629064157956769
-0.0199818791600354 0.0123553904223819 0.415970050335372 0.109271866378768
0.00249295120881522 -0.00863317186490668 0.146633667147074 -0.139128195153322
0.000849712770180355 -0.0110754082894634 -0.148980314717601 -0.127271541734894
0.014142566217604 -0.00249725456299263 0.121704022290104 0.10446918427389
-0.0144552876771077 -0.0056779416240182 -0.104492014229155 0.0873606791231966
-0.0246779731835911 -0.0128827300966045 -0.400980799350965 -0.147041284088586
-0.0312744544579637 -0.034798037976583 -0.103217697945694 -0.543929887483708
0.00337940681620287 -0.0447978390079392 0.641770723705634 -0.386982200497348
0.006241279153237 0.0257537824396149 0.73473427050312 0.471141690127322
-0.0304706544288309 0.011285516266697 0.0408609567484093 0.648432149160454
-0.0259767326253642 -0.006708258902789 0.0777647323098861 0.0435966952948263
0.00339773463359636 0.0101424662381357 0.00930952279772821 -0.650802446637611
-0.00370880818339001 0.0125148843735296 -0.767616083439814 -0.498263997802252
-0.0226547013230572 -0.0170463954137143 -0.696894684584891 0.479131184329741
-0.0486073784814699 -0.00221051422107791 0.181880217759607 0.621951042072601
-0.0178152989511518 0.0136348491571003 0.415741057455671 0.096089884867679
0.00180255241693503 -0.00603380646691269 0.144151359649041 -0.145681587919206
-0.000566787715597752 -0.00779384630564045 -0.148652001055372 -0.130976205434791
0.0137106503511927 0.00205713526237005 0.122012376818161 0.101420215592839
-0.0148891288383233 -0.00049497574454796 -0.104909114293907 0.0833113982776275
-0.0233455598581574 -0.0102566386751749 -0.401766486712589 -0.156290418767504
-0.0269880736479074 -0.0381339573463281 -0.0982498477814238 -0.544736369169457
0.00890633740225052 -0.0483607678611744 0.645716087887871 -0.377379123022712
0.0121494357574795 0.0279432682104661 0.7264360648195 0.481508841307766
-0.0300108135021246 0.0195417231265588 0.0314847373964209 0.652095649354246
-0.0299370585230051 0.00230969760721199 0.0734807728349283 0.0442805154873005
0.00404134011633962 0.0179992209723875 0.000856995316185377 -0.645843464000886
0.00239130873946815 0.012694646467135 -0.772931671670274 -0.486545463160368
-0.0174488050969132 -0.0211015562707734 -0.694038269943342 0.486980108994411
-0.0441911014273503 -0.00456099027390805 0.185889705793881 0.619069394477146
-0.0149701959942806 0.0163907038210111 0.416219952828955 0.088269384724431
0.00181775409322014 -0.000627827733777014 0.145038118562961 -0.15166294354408
-0.00132694964601746 -0.00261666118419241 -0.146257597816752 -0.134380975002676
0.0132636011786961 0.00594712042521499 0.124982383824512 0.0991341768504494
-0.0136288544995804 0.00273769162599524 -0.103347676142924 0.0808868864010446
-0.0190326700023062 -0.00838265611536855 -0.400077287983547 -0.158479152198501
-0.0219935138856153 -0.0398800468473593 -0.0991557673196093 -0.546224175692135
0.015557387873027 -0.0520634375972067 0.644571337513521 -0.376073458767967
0.0184789649927262 0.0290242139500906 0.721912064712411 0.4834256136755
-0.0280508011367732 0.0265915933503856 0.0282804960987179 0.657031060539159
-0.0322129585714088 0.0099675982412771 0.0675372107637143 0.0509271383621209
0.00622847025586307 0.0240705423627884 -0.00488888788809729 -0.640712309640658
0.0100261339105473 0.0123453254691105 -0.778398652929331 -0.485301592771415
-0.0103577070185055 -0.0245455557540529 -0.697268514070471 0.487007566401506
-0.0393880549801154 -0.00482241226499561 0.18268400097286 0.616557637355936
-0.0123114019353958 0.020757622454402 0.417229635265619 0.0863365216115496
0.00210945659998071 0.00417300549324063 0.147020861538332 -0.153813639151519
-0.00222601065872184 0.0024729182974791 -0.144463069266599 -0.137340483378126
0.0137025904152862 0.00916635133810005 0.125485764360943 0.0986609379920178
-0.0114862779250561 0.00658020634576105 -0.0994011866126482 0.0819365980442265
-0.015029837101945 -0.00464175071454936 -0.398076062203867 -0.154842936534682
-0.0157671817974002 -0.0392010949804441 -0.104916988288263 -0.545593803005179
0.0206261343353777 -0.0556478724141169 0.635105723888066 -0.388153574269465
0.0262909515555956 0.0281250509792084 0.726409602473023 0.476195263582998
-0.025099535524097 0.0311528228310851 0.028586484749532 0.662759769842712
-0.0324067939032825 0.015785316310072 0.0626086347421116 0.0591210609647987
0.00971550299551039 0.0284815060959069 -0.0014169701601492 -0.636243837160907
0.0171980443930527 0.0121353114471114 -0.771415503006184 -0.493145047814847
-0.00375102500963898 -0.0267017961506737 -0.707633992945027 0.477738108494159
-0.032458227046348 -0.00257475953585935 0.1758738713359 0.618532040036283
-0.00935561886105268 0.0255242791522317 0.419080683721766 0.0910158953906167
0.00138498754768318 0.00938162071129838 0.151500273253568 -0.152890402593418
-0.00263757536990777 0.00679244319992972 -0.142626219188786 -0.139158761912743
0.0154365229365713 0.011138704745932 0.126923649875117 0.100322645694591
-0.00930571368842277 0.00898126602169601 -0.0947788502484389 0.0853230170762381
-0.0102990030010086 -0.00150910620022582 -0.395311464656825 -0.146346961208655
-0.00986704308908135 -0.0369233691646667 -0.113099539472766 -0.541432516470403
0.0249491217411383 -0.0575628970639619 0.622731247227958 -0.402886490576463
0.0330991601623098 0.0252156159084025 0.733841677179213 0.45994549187917
-0.0209714897716717 0.0326623397446514 0.0369699963185809 0.665682936514222
-0.0311126116994411 0.0181078211826067 0.0566949740598457 0.0685856572775054
0.0131106509052099 0.0303837128896136 0.00781133183952364 -0.629394657451422
0.0235754650530315 0.0119305143076352 -0.762784212492854 -0.511310067880012
0.00228739225976928 -0.0270801067090063 -0.721472846976031 0.460901255441671
-0.0280060217517257 0.000507851242833278 0.16394951072792 0.625053838623876
-0.0067735737807679 0.0304835971650313 0.421259718467181 0.0997844151528199
0.0021063494965782 0.0123805876598899 0.155899689636426 -0.147999597098682
-0.00162618989490045 0.00976362345966479 -0.141543632000427 -0.139841707447523
0.0170243534209658 0.0127031699604335 0.127054588391354 0.101367718443855
-0.00695856498599045 0.0108278486202988 -0.0891674569417939 0.0915716210429146
-0.00654865851640033 0.00267873690481103 -0.390853691375802 -0.134504337980995
-0.00633792219105533 -0.0311525825601141 -0.125236884235182 -0.53592263931174
0.0266790624519329 -0.0576116426462373 0.608228493593724 -0.420701610760836
0.0373092741841652 0.021513027779986 0.744136353617028 0.435057032381048
-0.0151801528401444 0.0299248618964741 0.0491235964240936 0.668724530894639
-0.0270731889453264 0.01617157527953 0.0530144010522041 0.0797633645654399
0.0162567018102826 0.0274909105852395 0.022182800550193 -0.623438506506874
0.0268584732920273 0.00954188753933993 -0.746238838445517 -0.538178416190287
0.00611396477382733 -0.0257670909827387 -0.739758379851359 0.435775060006285
-0.0227459909542145 0.00398022118390378 0.147063274979407 0.631091439060927
-0.00549300210343922 0.0337106501538201 0.423085071717861 0.116796264156567
0.00360881280791782 0.0149660661499654 0.163058018793725 -0.141333675870189
-0.000618633643957634 0.0121838368817323 -0.139780638946541 -0.139023707428614
0.0159486356011085 -0.00709375700822535 0.117175869048648 0.111207607260622
-0.010061169286947 -0.0100405531592822 -0.101315687937314 0.101075570226776
-0.0227618933616864 -0.0125243960836759 -0.400852089464973 -0.124272044798576
-0.0330153637445032 -0.0256598032015843 -0.120801896761136 -0.530820808774273
-0.00475209146436001 -0.0383315496908062 0.624971518106169 -0.41760416990416
0.00116750485363342 0.0180838332331031 0.758050526000876 0.427321833756823
-0.0251392175485466 -0.00654841350595325 0.0667345661423417 0.642884200887153
-0.0146914756208112 -0.0259098584731034 0.0799823391422801 0.0508041326893858
0.00667447573404035 -0.00673027320632603 0.0396727078538979 -0.64974694835757
-0.00891343013916714 0.00922273864412641 -0.735669626347457 -0.545491315638909
-0.0267739317508394 -0.00693077676801744 -0.717507099319994 0.438647215172699
-0.0518431914286731 0.00741348666236432 0.157423986248874 0.637215504666015
-0.0195361873315538 0.0142137807695983 0.417411830250034 0.124123040028163
0.00343232183848053 -0.0108016772380486 0.151321265809662 -0.129492002523164
0.000766737017566423 -0.0133584924241976 -0.147911175545153 -0.122501795528602
0.014761869113278 -0.00491970480004984 0.1179793381349 0.10844231064578
-0.0129834398714082 -0.00842528857127179 -0.104450497505471 0.0935468986689964
-0.0243782522938617 -0.0134178798644861 -0.401702214235257 -0.138922197699134
-0.0329752957297914 -0.0311583228778804 -0.108482452488452 -0.537745589117384
-0.00175157646625461 -0.0406824188859603 0.638150238106071 -0.398237524005737
0.00275387897993268 0.0222234290135479 0.743687869806101 0.452130161943138
-0.0286266625473254 0.00145436966408653 0.0507426256303413 0.64358365491645
-0.0208470334088994 -0.0171498611983469 0.0800085920578053 0.045669713050012
0.00450720236969919 0.00147049051321079 0.0264289578204606 -0.651278324976382
-0.00695571628134225 0.0106503180113789 -0.750591864249127 -0.517964386090492
-0.0260447287409988 -0.0119866403029801 -0.706059521918242 0.458626347397042
-0.0509739500684965 0.00246478784414216 0.170613688514873 0.627684336954396
-0.018995023207716 0.0124618617329641 0.414531637714085 0.110079943307275
0.00221012735714871 -0.00893901992535174 0.146684653374822 -0.137802876408042
0.000409741388366368 -0.0108370023391048 -0.147935676966674 -0.127154853441066
0.0132366545530553 -0.00184465133310168 0.121134687388935 0.104327547179914
-0.0148053981226219 -0.00513740054292764 -0.106213877249112 0.0866097395763094
-0.0250373542998614 -0.0133769986181192 -0.402087091987462 -0.148333250921184
-0.0304518663461422 -0.0340370663559239 -0.101071612473522 -0.541323773788637
0.00313163826142539 -0.044275267085678 0.644443870284563 -0.382487286900576
0.00562461948075647 0.0256782719199912 0.732018350714176 0.471286456763002
-0.0299895111381571 0.0110915816713807 0.0365504289724909 0.646749904690806
-0.0254384514975138 -0.00763857325097736 0.0771861328782199 0.0435682149722056
0.00373615765309511 0.00986542175904925 0.0121987740004345 -0.648606317055129
-0.003225093649003 0.0119004276248471 -0.763577799185189 -0.499984223206375
-0.0229548757619087 -0.0172525368039441 -0.698121355268718 0.475474110201552
-0.0490195269585601 -0.0021113161936356 0.179107457556566 0.623023699828907
-0.0177988501369796 0.0135407310532646 0.414075570952008 0.0985152709779738
0.00166164807849011 -0.00595092458146489 0.145470164232615 -0.144901696056631
-0.000626764990138929 -0.0074031222980437 -0.147967828386526 -0.131587181598761
0.0132651992971111 0.00180745475841741 0.122607746443568 0.101862093611521
-0.0150781905285026 -0.00124103513497339 -0.10632531741502 0.0826392908119227
-0.0232949653835851 -0.0107939577478717 -0.400943027552191 -0.15776516206484
-0.0263784529863967 -0.0394453894645597 -0.095268892558908 -0.545855528973388
0.00918637049631978 -0.0484742960963254 0.64576044307683 -0.37512883603437
0.0120364422851289 0.0272842780583924 0.723618607323167 0.484003999651233
-0.0305892045615314 0.0189793460390024 0.0284673828565847 0.649863609624005
-0.0304451844402271 0.00235836615348586 0.0729803303226392 0.0451030601382981
0.00374732033116068 0.0178513673948666 0.00420728026162925 -0.645745542816173
0.00323433774394247 0.0124939275050125 -0.770793803202272 -0.49001469687724
-0.0170985235745096 -0.0213759412291757 -0.695040810440692 0.484947898370673
-0.0444474289178399 -0.00374307591702104 0.183664465701967 0.617219962764154
-0.0150945077124053 0.0158449549517031 0.415404461782268 0.0897744215603936
0.0021597676394791 -0.00129643673281975 0.145157133888099 -0.150981646453132
-0.00156885993451538 -0.00335397874823241 -0.145059446775121 -0.134304345344343
0.0130792189083109 0.00473448756413987 0.123358049403533 0.0990059425456023
-0.0140075383691688 0.00312627622742073 -0.103458524298701 0.0800536899619792
-0.0198655050957737 -0.00874097506327766 -0.39987156713284 -0.158776901151688
-0.0212352788674558 -0.0401851117506361 -0.0965197295728839 -0.544514537769381
0.014794330348241 -0.0520018532342363 0.642571762359891 -0.375036614477451
0.0190084286558329 0.0291268394597226 0.71851302735051 0.48618845713377
-0.0286258451689887 0.0262144335931617 0.0265090793495501 0.655479098317694
-0.0324523983205285 0.00960541387909528 0.066943021383081 0.0505255883544544
0.00651111204792313 0.0248528067695712 0.00015407011070375 -0.640477386345235
0.0101254928289987 0.0121310946002243 -0.775962829852075 -0.487067869718647
-0.0103046917799052 -0.0252524163097493 -0.698237215509379 0.484499131446972
-0.0386815273894264 -0.00475370355465125 0.180530365601555 0.614852714277631
-0.0129590422093862 0.020049384437848 0.416157194244265 0.0864461904775869
0.000734705461689892 0.00419053428411483 0.148045398197549 -0.152572061485442
-0.00135981337100127 0.00255569698523215 -0.144159267886864 -0.138036999326042
0.0135358153554546 0.00861728043010538 0.124810069555211 0.0993607937212558
-0.0124856783902592 0.00652899667511312 -0.10079880418667 0.0809239220553427
-0.0157844934986354 -0.00523889006936073 -0.397077461044332 -0.15581444253821
-0.0160437789173379 -0.0405658885544546 -0.102397523141642 -0.544580659053871
0.0208895490966865 -0.0551265647965234 0.635594420335785 -0.382767555366856
0.0257399059331889 0.0282930827160953 0.723094939790549 0.47770224990049
-0.0258609489133452 0.0302852304503206 0.0271142093623509 0.662021506536344
-0.0324795402016643 0.0153635947008107 0.0615014171683713 0.0590135391007304
0.00923495077484191 0.0276015320636819 0.00324304620801845 -0.636653076600831
0.0174976958454111 0.0118494991616111 -0.770488085911285 -0.496688392710309
-0.00360731258291112 -0.0267977491384646 -0.708072872486191 0.473784715198828
-0.032729939776902 -0.0023682063380119 0.174852149147329 0.618078581708051
-0.0100932436975308 0.0253369209740285 0.418835304138709 0.091949548492848
0.0014440702368538 0.00838897849612987 0.151643347501222 -0.151755571755468
-0.00225973678193125 0.00708001444080233 -0.142047056064406 -0.13957852418351
0.014761043480714 0.011210886870871 0.126073209594823 0.0989649133871627
-0.00988277345827653 0.00909352707559533 -0.0955628574387604 0.0844354685930648
-0.0107681168433041 -0.00197118589329441 -0.39573389522063 -0.148131436858965
-0.0102407290354299 -0.0378939706892685 -0.110105137858175 -0.541260962208057
0.0249786012800928 -0.056841030866461 0.624564763799859 -0.398407335930006
0.0327472883538579 0.0255593022616686 0.729213011974678 0.462018126488244
-0.0217706142726132 0.0320357403503753 0.0322348406407086 0.665122291571824
-0.0316269280351453 0.0174506547728918 0.0564611420986533 0.0692022758977062
0.0131272412417956 0.0296577165592053 0.0104960628151862 -0.630140293419666
0.0236115348155605 0.010886555650274 -0.759321796055886 -0.514707096107144
0.00253779993710411 -0.0271867344557509 -0.722626412871904 0.456779889905573
-0.0276067793122908 0.000475548650193496 0.161381287793316 0.623676979856069
-0.0076900791531977 0.0298420581573789 0.419772314446751 0.102713899972345
0.00242060110594989 0.0128215842004258 0.15749137979778 -0.147200057877484
-0.00115829898140546 0.0100312525142575 -0.13989806053508 -0.139717538037036
0.0166308743397889 0.012016321859156 0.126204504470889 0.101992059810684
-0.00720575868847623 0.0107571315245118 -0.0909118320593175 0.0899167345146954
-0.00701784178612629 0.00259429583211705 -0.392090004182471 -0.133934975881787
-0.00674807573148764 -0.0323609295567274 -0.122699218007786 -0.535491362281364
0.0264543056691525 -0.0564174813734394 0.608601546785239 -0.417329001842157
0.037036287704212 0.0213966832518953 0.74254836884327 0.437162186190387
-0.0156672398766478 0.0294781426891699 0.0482507010398412 0.66631709326769
-0.0270822625221647 0.0157884561017429 0.0522350305836088 0.0796074560243877
0.0166814288123272 0.0271293917330004 0.0263236159535023 -0.62270210934976
0.027982478563833 0.0101231929454345 -0.743888189035855 -0.540937457532179
0.00700694074357087 -0.0252079512459824 -0.740349408510125 0.432321737251581
-0.0229220991940079 0.00353783994074904 0.144093586451686 0.630409921771168
-0.00542456422251283 0.0326610769751308 0.42215231710891 0.11733195192956
0.00350897239929879 0.0146602903100022 0.163192566165302 -0.139926599012004
-0.00138042179349563 0.0116481865692158 -0.139365279505007 -0.138710867505072
0.0162378639848133 -0.00768610165971634 0.116611940157383 0.111997209155088
-0.0109184829318673 -0.0102256584295277 -0.102405084639378 0.0992707707555451
-0.0229482035863724 -0.0128369573339604 -0.40125559855881 -0.12570858729597
-0.0333330493787368 -0.0265195427201521 -0.118819543613709 -0.53173328140656
-0.00481461335627235 -0.0379685058869821 0.627288167637681 -0.414276378150706
0.00110208977996888 0.0183068098278121 0.756113262367972 0.430771122166546
-0.025807222148572 -0.00653334507352885 0.0649123872951207 0.643800000228221
-0.0149211944609029 -0.0255369753717932 0.0798494310193734 0.0508857707593882
0.00767468924246517 -0.0070786682911723 0.0441092805668356 -0.649971725152263
-0.0082432613308388 0.00914547092025034 -0.732057567993048 -0.549416475266778
-0.0267819601450022 -0.00683759560131722 -0.720971973325567 0.435626591555588
-0.0514526352972594 0.00774394854691817 0.155582034215769 0.638218948871302
-0.0194324679857896 0.0139825165222595 0.417092438999352 0.12670732480137
0.00288600380049022 -0.0104896853082231 0.152104018002027 -0.128508792559121
0.000645468295445364 -0.0131460979992219 -0.148045302242555 -0.123663009798976
0.0143135233850703 -0.00553876460921914 0.118101742517481 0.108317181946894
-0.0134387867654585 -0.00769859889687317 -0.105732201119265 0.0916303450801082
-0.0249366472125361 -0.0134940640265132 -0.402046580374391 -0.139954512545682
-0.0328368517974807 -0.0319438542477112 -0.106312547448788 -0.53794923066086
-0.00227116801956096 -0.0409122119893369 0.638543870905179 -0.394912121307592
0.00266238846110298 0.022143450588902 0.740702749087426 0.455273191458697
-0.0289706560845107 0.00070181567635845 0.0481977682982139 0.644047495165147
-0.020660228950764 -0.0170517779489012 0.0789295635170904 0.0449945025075356
0.00423037483639249 0.00128197818269811 0.0296337564726449 -0.651745739547651
-0.00698806345772614 0.0109425510103616 -0.748982061507528 -0.522550239424406
-0.0260162781003557 -0.0113394460289016 -0.706289906434496 0.456539359627461
-0.0512596671490691 0.0017823689995812 0.166926972602922 0.629632779372052
-0.0193468462550109 0.0125571058664426 0.416232742790013 0.112431977497894
0.00188922278453732 -0.00946202871862745 0.147523672421232 -0.136699353176522
0.000230920941543309 -0.0105049797225188 -0.147025213455529 -0.127560377245873
0.0130696970736706 -0.00251150946855188 0.118962542690211 0.105254099395764
-0.0157532814677403 -0.00454820020008311 -0.107612285115568 0.0855485261479514
-0.025053185024258 -0.0128447617995567 -0.403250626639527 -0.149240759925277
-0.031331345990638 -0.0362766973376436 -0.0975658229524435 -0.543309928480418
0.00337059453179237 -0.0439488005647601 0.647081167404498 -0.380395418692526
0.00652009650598146 0.0255170486710406 0.72853412037183 0.473845500867809
-0.0306041563697712 0.00915478091955282 0.0343683301941893 0.646222739794888
-0.0259105049171067 -0.00743549155678858 0.0769406462186629 0.04347536333698
0.00293848815820117 0.00869192129169682 0.0160095973112735 -0.64963533298115
-0.00265923552958294 0.0122378626698794 -0.763118867311576 -0.503460663878706
-0.0229315884552411 -0.016849112406857 -0.70151093465455 0.473289851589248
-0.0481831080321824 -0.00185721945173443 0.177284347889881 0.62175772467713
-0.0179219493593278 0.012644462812248 0.414784323386065 0.0989427098778116
0.00119972279373722 -0.00536573648486512 0.146259903101624 -0.144062874233954
-0.000852865511003617 -0.00743934689396536 -0.147475222640311 -0.131895242247364
0.0122580688898544 0.00134453396593657 0.121254785678155 0.101910591094508
-0.016041653041214 -0.000811488228621078 -0.107260496123627 0.0808812216757557
-0.0229944729304697 -0.0109474104717272 -0.401448110413267 -0.158453971779679
-0.027055634810213 -0.0394402994229955 -0.0927800990972278 -0.545114994855388
0.00856699350682318 -0.0480590579634901 0.648247513431146 -0.372847171883894
0.0115133440368479 0.0284725871024209 0.721305552300696 0.486121818495021
-0.0317019148600514 0.0187414085477722 0.0256933507720024 0.649787885794637
-0.0298447195347363 0.00269403390431868 0.0722128166142494 0.0456876710861062
0.00390291804929466 0.0170000745626353 0.00805943940512915 -0.645488315388536
0.00416895877292341 0.0127098204927022 -0.768292299625865 -0.493859882193007
-0.0171758608027582 -0.021309017204265 -0.696361395415318 0.482238702902009
-0.0449251554721835 -0.00364931105023511 0.18187614594121 0.61953396904186
-0.015189112258599 0.0152783944439881 0.41586605049359 0.0906133828390563
7.29337262152744E-05 -0.00165125253557853 0.146371981136135 -0.149403706045239
-0.00194053229829609 -0.00239577764818029 -0.145026307398134 -0.134938940193276
0.0132143735685281 0.00425726167605666 0.123428367845711 0.0995802350748066
-0.0150760975055915 0.0029392201927274 -0.104917111677263 0.0783452660116779
-0.019965392632811 -0.00876384311417602 -0.40096774231193 -0.160571382786133
-0.0219526461028239 -0.0411295456263562 -0.0939363015914902 -0.546897385269072
0.0150132329530973 -0.0521412767217146 0.645443473190644 -0.371703712788016
0.0191211557352045 0.0288575347855423 0.716452545140989 0.488572734902612
-0.0299199955423771 0.025981878782584 0.021644108697404 0.656770675635974
-0.0324822175908499 0.00982955999950859 0.0669142633305997 0.0506982812854457
0.00579487152061979 0.023683106580383 0.00312858572398406 -0.640489183452892
0.0105628219490819 0.0117506896018897 -0.773646458921244 -0.489664793393263
-0.0103724439978692 -0.0251967374388207 -0.699438354230831 0.481411668563544
-0.0387139280331516 -0.00356361818283411 0.17998016840284 0.615860619152792
-0.0128364611407859 0.0203638375229242 0.416519624474944 0.088943902435352
0.00114209671998375 0.00419969735233528 0.148279690431999 -0.151642210951567
-0.00245922717225831 0.00246073365568512 -0.143211213316459 -0.138589397740764
0.0136822736471345 0.00779154960341588 0.124468804592375 0.0992180093656837
-0.0131055919572897 0.00679004321281116 -0.101266476975213 0.0795003539296847
-0.0163338461813742 -0.00546902131413818 -0.39865237645181 -0.156906831965622
-0.015689705677506 -0.0403372799402899 -0.0998387288455338 -0.545736982943724
0.020655908256842 -0.0547828980081734 0.636972632655528 -0.379483044187366
0.0257818883431205 0.0281638702140113 0.722764443538734 0.479961007064383
-0.026626672628141 0.030688825652038 0.0247040370031118 0.660861210150235
-0.0328017795109852 0.0151100560130944 0.0611242145730721 0.0595728767017034
0.00829235162997311 0.0273528712288688 0.00592969986119391 -0.635732144752159
0.0184706717082268 0.0116707827452729 -0.768560955021533 -0.50158620627213
-0.00358275332156862 -0.026630315235528 -0.711310113861501 0.472375277620291
-0.033179236009598 -0.00282837838570506 0.170997372175746 0.618263372750733
-0.0101838250480905 0.0253273636518648 0.418598348378044 0.0961242220383719
0.00109444256940394 0.00878621316297939 0.152630981757901 -0.150639722870198
-0.00215763191249514 0.00692413903152919 -0.141950909306371 -0.139613265873929
0.0149803490734527 0.0102247880132406 0.124466748570546 0.0998536065596097
-0.0100826829748599 0.00950115518318603 -0.09704784035477 0.0827128081345801
-0.0115001122694378 -0.0018146852512099 -0.395487588820333 -0.147884972874007
-0.0106814672139873 -0.0378949342148769 -0.108760542539041 -0.542722992478802
0.0249994297229843 -0.0570235554782278 0.625407119723997 -0.395603630144118
0.0328659071606921 0.0251866006823353 0.729075384577874 0.464916891071202
-0.0219713856774033 0.0316435883598266 0.0317635789658066 0.665189866565826
-0.0311801423373081 0.017537427090748 0.0556150288864602 0.0696573615454642
0.0123785763296942 0.0286250274887569 0.0131612317671662 -0.629025860049643
0.0244198818179841 0.0107768741698287 -0.757061172057193 -0.518105261528052
0.00241089654018285 -0.0265152071123791 -0.723708890902047 0.453840836172754
-0.0276956872869977 0.00037391354912893 0.159498038163524 0.624047966942092
-0.00833481138751106 0.0299139354729323 0.421354349739122 0.104004923808092
0.00122664921434115 0.0119290789116648 0.158626128580028 -0.145545795562198
-0.00247119422286142 0.00980945938653083 -0.14028866782778 -0.140043658885569
0.0156525768888332 0.0118705229048456 0.125609782886696 0.102802847622761
-0.00773810828143075 0.010763565437031 -0.0913541172266855 0.0897045074631257
-0.00773152812348162 0.00245085510267269 -0.392530056434257 -0.134973664006547
-0.00574147536560586 -0.0325319220077607 -0.119693517253796 -0.535477337851613
0.0259563304898592 -0.0565264556814709 0.610780580648789 -0.416869978379474
0.0376108802661439 0.0209425145364564 0.740266461071342 0.437672300999331
-0.0162678690629064 0.028547652116537 0.0437636616891113 0.666489685046942
-0.0272943791449813 0.0158829873956047 0.0516748168311763 0.0799366922290169
0.0157049429123365 0.0266010112617935 0.0282954816237591 -0.623119573614648
0.0277278707118199 0.0102973223312559 -0.740186676252 -0.546829321966822
0.00679030570374927 -0.0262845503482425 -0.741165450036156 0.428950618956607
-0.0234110588157156 0.00388894497944422 0.14211711154377 0.631323488059139
-0.00600078151504552 0.0332057749110503 0.422843720122721 0.119848145588133
0.00362657073277243 0.0141971160044772 0.164761766615588 -0.138255597731605
-0.00110809629128776 0.011747520601064 -0.13893764465581 -0.138564870108255
0.0158651533181784 -0.00757828740099359 0.116704387847936 0.112018938152446
-0.0110146016416633 -0.00957265380991463 -0.103616626451177 0.0987247274388227
-0.0233111039698459 -0.0130464412842783 -0.404351954610021 -0.12635588637122
-0.0335283495294439 -0.0275849862049513 -0.118292583205237 -0.532884238507145
-0.00550574442558244 -0.0373221513851092 0.629341141763243 -0.413303852983121
0.00107691734031387 0.0183425695789334 0.756591689656878 0.43329416796023
-0.0258483943136899 -0.0071064837220698 0.0624651679342023 0.643897663958007
-0.0151879407793468 -0.0261725027287285 0.0789257524925424 0.0503925488018819
0.00688094818690766 -0.00766301774613818 0.0480646413495136 -0.650955232625357
-0.00812747399772575 0.00848881743125655 -0.733897636139569 -0.553084286261241
-0.0272643607601976 -0.00699677211414745 -0.72397640806021 0.434816206724644
-0.0521973016034954 0.00745606707526689 0.153077459545602 0.637748023655794
-0.0192053947160252 0.0136872382482086 0.418257455336629 0.128085187351831
0.00269090236874442 -0.0105149423845167 0.1537253693504 -0.128136798598283
0.000144163884177371 -0.0130574089064082 -0.14743252806586 -0.123820567403122
0.014214355242043 -0.00596402306484711 0.118060621340744 0.108608791909086
-0.0139580754787134 -0.00750516581752926 -0.107292050537419 0.0916226258711946
-0.0254868401004934 -0.0142136926451106 -0.403945330320723 -0.140170889979493
-0.0327711270699127 -0.0315426437493184 -0.104020391391264 -0.539728949844269
-0.00197849727460328 -0.0407380713927285 0.640939042697136 -0.394309980536281
0.00260810235483966 0.0218971775724969 0.740982987779908 0.457515242144207
-0.0292209679699443 0.000785420448694688 0.0450690901069178 0.644002505017083
-0.0205611134988117 -0.0178451022098396 0.0792738189340303 0.0463774231159733
0.00417975121544479 4.62599897319005E-05 0.0331127825360006 -0.651596172558432
-0.00620103494310589 0.0100724404055272 -0.748433567865746 -0.527046912531631
-0.0258371115786082 -0.0114790698520446 -0.711567451516065 0.456323978568308
-0.051656994467733 0.00186466945821686 0.167297717179532 0.632106359413453
-0.01907410649555 0.0122199722972801 0.416426592101204 0.1138815768309
0.00217911732907047 -0.00938750435311053 0.150809749363848 -0.136529650970032
-3.89823034394258E-05 -0.0109838992590929 -0.147167495748679 -0.127607165621188
0.0126906474341402 -0.00321892185315587 0.11935378251172 0.104907665125233
-0.0156294907008087 -0.00447414463110618 -0.10848220185455 0.0845256516901969
-0.0257913976286008 -0.0136903663160272 -0.403839992650658 -0.151291040704776
-0.030952176203592 -0.036594973508951 -0.0958481816322813 -0.543546964256234
0.00341159217576765 -0.0441279267807813 0.649044393138745 -0.378331764850418
0.00626970416825739 0.025386288953911 0.728137664935438 0.478230159060442
-0.0312706511747191 0.00975725384790514 0.0314628872719373 0.647932545332442
-0.0268441217837289 -0.007854957507723 0.0766111701954108 0.0435711843012793
0.00281030960202582 0.00843344313256458 0.0193195425833694 -0.650346385041601
-0.0019948149691392 0.0124473299572554 -0.761919851621391 -0.507848306524309
-0.0226293217869527 -0.0168073108739612 -0.703373215382597 0.471760718128835
-0.0488353624532637 -0.00198896340106044 0.175210055171331 0.625276478960226
-0.0180100584746758 0.0128393341606305 0.416602101556379 0.0998334021459436
0.000873992437329984 -0.00621430141765777 0.147504930204864 -0.144077729420962
-0.000372375076054347 -0.00750031629723083 -0.147679497042803 -0.13216872094811
0.011976837971317 8.01858916662287E-05 0.121670566449925 0.101322955473948
-0.0166258740578904 -0.000709314461573386 -0.108914140665789 0.0803967151544211
-0.0237085362594536 -0.0112497919502405 -0.404636821150346 -0.159360339468619
-0.0265306730398137 -0.0403731720707705 -0.0912422207335657 -0.546798834596877
0.00937077772428536 -0.0481636263861335 0.650325592146097 -0.37063202155467
0.0112224171759363 0.0283059227345953 0.720074795035214 0.491094019494915
-0.0316645986455954 0.0177927804430189 0.0251674215680652 0.652341974472982
-0.0302619017636362 0.00087362511218621 0.0720236647936091 0.0454765642274376
0.00394840150278038 0.0161954509868754 0.00985753182719501 -0.649507348802232
0.00464315054258498 0.012092350009671 -0.769968725131034 -0.49757987740653
-0.0172483054907079 -0.0212608653129704 -0.699635650378261 0.47977941327548
-0.0448662240726545 -0.00413302412849623 0.18086067671111 0.620782723771073
-0.0154470229916677 0.0156030793607115 0.416666597289544 0.093288499334587
0.00025683419548846 -0.00145480471268605 0.147917892369387 -0.148768746768479
-0.00201027092852767 -0.00156047261768348 -0.145243486550474 -0.136185333791428
0.0122421850699503 0.00436951607684501 0.123302740337197 0.0996847149071642
-0.0151956155495084 0.00328600064977983 -0.106574622819474 0.077486491436337
-0.0205932251954716 -0.00926714682001919 -0.402252050139917 -0.1614560730135
-0.0216727524619848 -0.0418174961456733 -0.0934136410214668 -0.547595094604744
0.0155332064903059 -0.0517024200309306 0.649317330570786 -0.369039768800621
0.0188269569111158 0.0286210302544208 0.715907918848915 0.492748050551222
-0.0302752800552129 0.0253017993185862 0.0202331102599583 0.657163700024466
-0.0331680745167908 0.0092958909524837 0.066364609046467 0.0515291844774711
0.00517006495448885 0.0223509969655169 0.0070449954823768 -0.642089618119641
0.011661536780169 0.011745824416496 -0.772348329849568 -0.495677906766644
-0.00980232611368866 -0.0246042847783033 -0.702437452208006 0.477939607587252
-0.0391690297419691 -0.0042018637503207 0.177180938237796 0.617990491272777
-0.0126380323100009 0.0199273182573456 0.417384060618942 0.0907549197968062
0.000205112154691848 0.00332664554053615 0.150084581761079 -0.151550117550689
-0.00243976183413127 0.00210935202100403 -0.143466987224927 -0.138022113834592
0.0128067997912935 0.00751057504588292 0.124431601893761 0.0988577503107742
-0.013730566935432 0.00653141533713233 -0.103071040963809 0.0790302691253647
-0.0163459124360184 -0.00530089179733178 -0.400805987286824 -0.157027519385561
-0.0163421346026798 -0.0410465164176049 -0.0977961803730237 -0.547291084602103
0.0210516031504331 -0.0548081341067876 0.639246302914814 -0.380165701227324
0.0260692447533789 0.0278235774589661 0.72164628887997 0.483603844740352
-0.0266714097241841 0.0298827400789196 0.021564992508189 0.660634476585917
-0.0339951612506481 0.0151826368769114 0.0610708914733929 0.0602249417437154
0.00896662996403468 0.0272114350227642 0.00849415711768617 -0.637318100682259
0.0193630992161722 0.0115079699304107 -0.768458539272716 -0.505065715971944
-0.00299303257334214 -0.0263453635169055 -0.712449023936103 0.470658628134008
-0.0335359463779322 -0.00282083353663908 0.170486583001684 0.620622910367634
-0.00993665230258932 0.0239437042368536 0.419797686952613 0.0959588630369745
-9.03327830764633E-06 0.00777000773239221 0.154188262035793 -0.150140426210167
-0.00275364400217762 0.00743961082461721 -0.140951945498928 -0.140832102768239
0.0143173282025974 0.0101635511742761 0.125888700390303 0.100880517457218
-0.0112452339559042 0.00930139737595924 -0.0983055475170246 0.0822490648066539
-0.0109339489315282 -0.00121888528930714 -0.396861540702451 -0.148741677203594
-0.0106471068314525 -0.0384013685357573 -0.106931376316475 -0.543948887741327
0.0247912010759764 -0.0566007023941819 0.62803829634974 -0.394733496954612
0.0325980671789282 0.0254049310139604 0.727331588850973 0.468645380703367
-0.0224315309874921 0.0316337930465166 0.0290286216324452 0.665388407721808
-0.0316626908542092 0.0175499223551955 0.0552122812075901 0.0699681034191844
0.0121142739125942 0.0282629658023614 0.0166607614242031 -0.631154825454509
0.0258499157879512 0.0103435877956547 -0.757344069802198 -0.5244753174308
0.00206492927546349 -0.0260568904531026 -0.726531174659567 0.452129647757983
-0.0277163539135823 -5.94815669736973E-05 0.157259213291552 0.62566672848169
-0.00727377753084453 0.0298562678654806 0.422442010566957 0.104983036425673
0.000921697149802244 0.0125315289876181 0.159215270622373 -0.145429741686252
-0.00227257948458379 0.0102126610483071 -0.139817264437896 -0.140522132900991
0.0148180048923536 0.0112381804577647 0.125402387691987 0.103273624872308
-0.00809848120170183 0.0109974199599721 -0.09288685028453 0.088592851587351
-0.00794042297713786 0.00157753502668798 -0.395577019483552 -0.13593131653951
-0.00633095124185471 -0.033418411588728 -0.119677513360518 -0.537805341527624
0.0265681572485535 -0.0561853598381147 0.614315952245477 -0.414438987416186
0.0372888932570752 0.0213247450319371 0.740006109608156 0.444465283404808
-0.016944691750227 0.0287669129883851 0.0414566424133012 0.668639377103333
-0.0275647629565245 0.0152925090664062 0.0512928269089868 0.080417180226185
0.0152323828154831 0.0263091136179091 0.0297717906299594 -0.623887551606895
0.0283923735322772 0.00987559646440629 -0.741313955881665 -0.549992802534943
0.00631100859581737 -0.0255484239767958 -0.743931858183063 0.42741580928717
-0.0236369955283206 0.0037845584346389 0.140102024591741 0.632898731326417
-0.00535104853920052 0.0331270180326987 0.423763470327235 0.12187090777876
0.00333156074218174 0.0142684685145901 0.165847400683173 -0.138276451538724
-0.00185802653056705 0.0123792780064776 -0.138433394481169 -0.139191039045256
0.0154148706402829 -0.00851018069114449 0.116531362392761 0.112474136892415
-0.012225807839559 -0.0101917856035808 -0.105102165460417 0.098005757663231
-0.0234523579802385 -0.0128699458245915 -0.405382845258202 -0.128598793932373
-0.0332249543399351 -0.0279365224191411 -0.115980531571156 -0.535012279098742
-0.00477981635523106 -0.0379616076042808 0.634815218223175 -0.413416734738328
0.00186311863641936 0.0187957834992962 0.756428939952799 0.436069413308553
-0.0267482720336899 -0.00730522132507008 0.061513524812203 0.645457282663111
-0.0157403491068959 -0.0262889419514644 0.0799596226350772 0.051692410769826
0.00664545378582018 -0.00906053604834395 0.0505417624056423 -0.654089506062597
-0.00810423195705889 0.00901882920639657 -0.732489758036121 -0.557592490512188
-0.0271123411473763 -0.00709141114149203 -0.72935274959738 0.435308968023006
-0.0527283310498587 0.00758783081516005 0.15337670153983 0.641263397989556
-0.0205598302027775 0.0132369687702314 0.420131126129778 0.129606289423257
0.00314845813792453 -0.0108109117803113 0.154969760617366 -0.126831018190794
0.000419866621396341 -0.013255987724035 -0.147800158196629 -0.123662352190479
0.0135845655998508 -0.0069635069370738 0.117198510688567 0.109627714420237
-0.0147200874232294 -0.00695846043253132 -0.108492703510522 0.0915031031610522
-0.0253317084865973 -0.0140067841842968 -0.405328621283349 -0.14048939655977
-0.0333382790214686 -0.0331048867233447 -0.103371307120614 -0.541023703405505
-0.0025236853384441 -0.0408800630766111 0.643958479044132 -0.392361952671478
0.00268717070451289 0.0219166462346725 0.742229117864266 0.462304708583776
-0.0298211247146157 0.000256810871787885 0.0429962181073984 0.646495385303123
-0.0218171105711933 -0.0181978112437686 0.0783878786278506 0.0463177450516329
0.00392717049138636 0.000546572176061189 0.0352379547938697 -0.655248298102621
-0.00590629318817649 0.00982307958205683 -0.747606956425789 -0.533274403024696
-0.0262463521097544 -0.0108743742656386 -0.716000982817206 0.455753510897765
-0.0518768854093121 0.00210098089285579 0.16592228045497 0.631353940909863
-0.0193974857497674 0.0117153640747208 0.417553420480277 0.115464676923508
0.00105685437886553 -0.00935545421474507 0.150671130282346 -0.135512694300956
-0.000234374410013169 -0.0109286644882011 -0.14710148796721 -0.128451842015328
0.0131369174907352 -0.00411075770241655 0.118732032788255 0.105430349835692
-0.0163691013615238 -0.00463565623139692 -0.111463481622414 0.0839939861783673
-0.0254647021260358 -0.0130466707486926 -0.405780543103041 -0.151987747410361
-0.0315005031968899 -0.0371644128843067 -0.0951218557375395 -0.545872160501361
0.00282997135695981 -0.0440014389156691 0.653054818962757 -0.379334438837659
0.00582576866917959 0.0259198799731506 0.730540545546552 0.484083788398956
-0.0321284107535057 0.00918534208296469 0.0319394588049873 0.649317340011666
-0.0265074076125834 -0.00750919834744098 0.0760624113038986 0.0443500325703764
0.00215868559344716 0.00835517536958007 0.0231768586814614 -0.653279004429935
-0.00180639482950866 0.0124759729385117 -0.763065183863248 -0.512446818504595
-0.0226733673754261 -0.0162158406174663 -0.707531328707595 0.471296617613865
-0.0498461384449209 -0.00112746994060351 0.175487835771035 0.627276476470899
-0.01782155064516 0.0120140962734583 0.417545870328248 0.10141624032723
0.000998278907463766 -0.00685824860449478 0.149017300984208 -0.142939527757331
-0.000811973962313495 -0.00692811248628557 -0.147074402837306 -0.13253261620807
0.0120284065039294 -0.000183406063312107 0.12135388133061 0.102680244176263
-0.0170913935121717 -0.000613815531683612 -0.110483819046102 0.079474528459262
-0.0245746047844558 -0.0121789160694092 -0.405580258219141 -0.159438703714376
-0.0270953256707146 -0.0405781191386061 -0.0912610291325649 -0.549815366144691
0.00892948917777725 -0.0479943539884855 0.652659465255623 -0.369574685317627
0.0109401546818135 0.0274325743075483 0.721752263630579 0.494732010373128
-0.0316076834574381 0.0176894624511842 0.0203632418397153 0.654248966507858
-0.0319728002191394 0.00136830603019261 0.0719422050168426 0.0463765452703571
0.00263639600867478 0.0162296291804149 0.0132906786201131 -0.650242456035575
0.00507750363195908 0.0113824118865838 -0.769213149056241 -0.501424463378007
-0.0172566235804564 -0.0209852697354727 -0.707255352965877 0.479909512173416
-0.0450247336056071 -0.00337760390802781 0.17988829230052 0.621534832631352
-0.0157740485945169 0.0155854810002244 0.41839376588615 0.0956867340434405
-1.99922058929589E-05 -0.00070994453570159 0.149951097176138 -0.148237204483177
-0.00177075273797846 -0.00194033119309866 -0.145195413911083 -0.13731605162227
0.0122072621612748 0.0030859520516371 0.121734779611261 0.100583951140979
-0.0155299760327759 0.00323217371554393 -0.108854264921926 0.0768795743163883
-0.0208785286066015 -0.00894573514271064 -0.404943390503054 -0.161608711292888
-0.0227472607599971 -0.042734472541876 -0.0890553019185684 -0.54969409748823
0.0147814344106 -0.0519325380237904 0.650894103107097 -0.369600651596764
0.0181324034350044 0.0291143917703133 0.717654907566749 0.497087213288756
-0.0309203882381852 0.0258765455341789 0.0192053163299456 0.657575505488131
-0.034100327596122 0.00937817630563638 0.0658634337222258 0.051949323411893
0.00492491027243949 0.0225059755909252 0.00943516590012559 -0.644579609617098
0.0119606635165452 0.0119802968764702 -0.772003453917677 -0.498074897823932
-0.0102333281485729 -0.0246194425999691 -0.708186409370541 0.479627449946332
-0.0391757492952705 -0.00356988796522249 0.177783583559446 0.618414678180125
-0.0130450101905078 0.0207322305306244 0.419222125052098 0.0913547523607219
0.000277851422250392 0.00319401655613067 0.151047946698536 -0.151037302732219
-0.00260093215753231 0.00314882468246565 -0.143528469157532 -0.139346705188428
0.0130524115194246 0.00669982615554519 0.124026468142197 0.100475304915443
-0.0151462033219017 0.00751562409668917 -0.104957291435001 0.0778250848237457
-0.01708650634587 -0.00661110185991803 -0.403051924278361 -0.158180839518405
-0.0166332823392516 -0.0415488053514892 -0.0961647355112185 -0.549388951280776
0.0205807297982769 -0.0547764214877811 0.642294700610866 -0.379361515659274
0.0259885902582376 0.0275591709739416 0.721418331828092 0.488075703673028
-0.0272912234820882 0.0305901845873775 0.0191518791992789 0.66313861882487
-0.0340126597847839 0.0146812991105192 0.0602643840731997 0.0606683598603089
0.00904114056269253 0.0264817242802367 0.0125149712478363 -0.640181137805667
0.0198123931200374 0.011907273621869 -0.769105426797804 -0.511228219642323
-0.00292995759499698 -0.0259597906636729 -0.717084398790055 0.469751434828202
-0.0329437541010767 -0.00270938379489583 0.169969440285517 0.622300151637951
-0.0105988025492114 0.0250220626380512 0.421269664824714 0.0969369838309667
0.000522141296859695 0.00791120827611154 0.155676952103326 -0.148906574554191
-0.00319546697690481 0.00754362950605707 -0.141722882279545 -0.141001855482626
0.0139887010732685 0.00970967641392294 0.124759954984229 0.100806011090056
-0.0118077348136828 0.0103087456883497 -0.100791798575453 0.082980301997327
-0.012667687125671 -0.00204528198991636 -0.39951768680142 -0.147979291327111
-0.010247016657809 -0.0396502405364347 -0.103772822357001 -0.547214056581746
0.0256117069551311 -0.057261459913715 0.633129058663403 -0.394513145254865
0.0329009147345852 0.0251797260027699 0.727591204996108 0.471734773878539
-0.0231547339118728 0.0313778184926598 0.0273901397829622 0.667737278904219
-0.0319855321843288 0.0169145685702125 0.0554402069511307 0.0711853064314625
0.0115040461711763 0.0283047278544179 0.021443680512563 -0.633425133269
0.0261343764899649 0.0106499064489316 -0.758337588175363 -0.527812098830707
0.00201958836059605 -0.0263268934219889 -0.733793606688537 0.450255193779598
-0.027715541254278 0.000341488493349543 0.156231583070826 0.628526006334207
-0.00843225800779188 0.0295058298699555 0.423697347757269 0.107108302719933
0.00118045779694482 0.0120015955536339 0.161395367973191 -0.144834116064535
-0.00235074144951172 0.0100129284182206 -0.140272713785795 -0.141398217589856
0.0152469170294181 0.010363514466426 0.125582841118959 0.103457431008329
-0.00883850581318661 0.0121290983530413 -0.0948529522820914 0.0878100362187659
-0.00851107644485725 0.00338528280589946 -0.395851059220767 -0.137054694443248
-0.00597644790723291 -0.0334222244359895 -0.116197319005051 -0.539509056433504
0.0272455468963846 -0.0572325169548009 0.617925000458393 -0.413206701602324
0.0375448188678716 0.0223334646428037 0.740622251900779 0.448727759347906
-0.0168981199712432 0.027640888532038 0.0387234894967358 0.668600613815917
-0.0291664067411961 0.0153416638463854 0.0510875964005314 0.0808800277323681
0.0151969235467861 0.0260667890120389 0.0347426784861786 -0.62517261909513
0.0299671495557777 0.00873032069997849 -0.741404148207982 -0.553096581848657
0.0070757370804573 -0.0245024364285419 -0.749372107235708 0.427905958332164
-0.0234145312298536 0.00477362417862705 0.139218423216878 0.635979969378473
-0.00539116922070138 0.0336050384277068 0.425561269514256 0.122447725589278
0.00243553118635787 0.0149675664876873 0.166835730470131 -0.137703473967247
-0.00130182440693912 0.0126302955417081 -0.139160516577114 -0.140238638030752
0.015154725541553 -0.00899280804992555 0.116755122640619 0.113556387167514
-0.0125362443575927 -0.00941261820280673 -0.107073571579927 0.0970283161298349
-0.0241508847182494 -0.013895137951761 -0.408113128636439 -0.126965449445693
-0.0338951832607748 -0.0283893341615025 -0.115009186898701 -0.537919082850357
-0.00450794107483683 -0.0378906178085674 0.638118547529179 -0.413414367975981
0.000858181601636507 0.0181883962144945 0.760155363228325 0.441230029373071
-0.0270184654906582 -0.00839806128984669 0.0576528792659707 0.648238889958586
-0.0157969530830733 -0.0264367471835568 0.0796151836366778 0.053270761681441
0.00659963264274888 -0.00849989358660349 0.0524199184661279 -0.655195855152765
-0.00683769135337063 0.00824739368691221 -0.734788509734744 -0.562025334321714
-0.0273656190432525 -0.00611518919310692 -0.732752094116573 0.436168594405441
-0.0525659211898408 0.00766707651273219 0.150804703764644 0.645058462579431
-0.0193350848358657 0.0128731806259046 0.421567671461842 0.131728550457463
0.00243561113404259 -0.0112549560280886 0.155701207488687 -0.127476988144357
0.000857488031784719 -0.0127257712506262 -0.148024599817009 -0.125024685624357
0.0139951772630722 -0.00695679690137463 0.117398717124833 0.109860562355561
-0.0150933190814707 -0.00822821361364545 -0.110579308381262 0.0908089059830995
-0.0252373715104305 -0.0138394165469703 -0.408604070167486 -0.141733066533533
-0.0336331763314344 -0.033466530335849 -0.102738135865953 -0.544754678889225
-0.00203924533545647 -0.0407835560853423 0.64924303713049 -0.392465428844647
0.0025359631649731 0.0226039550426417 0.744728732363018 0.467625162212528
-0.030466033995205 -4.74005775700503E-05 0.0416680801253325 0.649589664170796
-0.0216290845194674 -0.0178669554116971 0.0785313584244948 0.0461691627979914
0.00379021169526017 -0.00058909257094251 0.0380975000554765 -0.65618050730093
-0.00595008980076992 0.0106450717774606 -0.751054584366879 -0.537476657860467
-0.0266869704152681 -0.011118852997009 -0.720965503471504 0.456587561071988
-0.0521937142886936 0.00246406989842401 0.166765565010982 0.636642277731635
-0.0196111088474445 0.0118264434236644 0.421002588246491 0.116833674827361
0.00169948333143644 -0.00975771833187436 0.151947382081763 -0.136015106801243
-0.000358405265939768 -0.0103585234943549 -0.147942517527627 -0.130067154756028
0.0128571558124859 -0.00441345854262834 0.119993092510188 0.106550112416498
-0.0168047612430243 -0.0040189354498213 -0.112319148237694 0.0838814591761767
-0.0264325872039092 -0.0136124097828151 -0.410052153393518 -0.152080854143083
-0.0316969685956047 -0.0381377496715316 -0.0939426157715735 -0.550234037044276
0.00314982559162271 -0.0444046284146465 0.657615897133491 -0.37880631980837
0.00578269473616652 0.0256033472936242 0.732460332273776 0.486364675096032
-0.0325391976750155 0.00902040571592026 0.0297410698641765 0.652686668802713
-0.0272020240256529 -0.00815148689712094 0.0764073668604828 0.0457260725782346
0.00268502194388868 0.00786062424583317 0.0247407539047609 -0.655787023601505
-0.00124222395358259 0.0116170914085991 -0.766273849970943 -0.518691167889797
-0.0221062896094834 -0.0158374012047907 -0.711370941194036 0.472288492199506
-0.0496951245055903 -0.00219099413994495 0.175379208957138 0.629634145146245
-0.0181075236793872 0.0125332352112677 0.42037273652454 0.102916287839306
0.000918113143174465 -0.00642693900099878 0.150468643172414 -0.14266040477907
-0.00128572481095817 -0.00765108454835701 -0.14730219687239 -0.133724516472826
0.0117261895898824 -0.000334240362570489 0.121084694642208 0.103875575033282
-0.0174077849181317 9.48894609554924E-05 -0.112305788315395 0.07873326981441
-0.0244389576360444 -0.0125123120166109 -0.407724982724904 -0.160267398517589
-0.0276709684210981 -0.0413234675045546 -0.0892505144043304 -0.551373467156359
0.00900207176317094 -0.0481806606000536 0.659435540728173 -0.369651487754116
0.0119315080173311 0.0285474183198507 0.722833359341552 0.498825502491227
-0.0328012583692157 0.0178347400436655 0.0189403398306638 0.656320743033015
-0.0306675183085797 0.000935875400636102 0.0716851464281158 0.0469103215502042
0.00279790424969639 0.0153232268147196 0.0166352505867241 -0.654046908231209
0.00520312015707456 0.0123503610519185 -0.771972708537822 -0.507143554227974
-0.0167222008080167 -0.0206453979877422 -0.709241374774744 0.480907830336792
-0.0453332130217432 -0.00416761466157457 0.179198183309328 0.626300557755539
-0.0153600501399209 0.0153398925815179 0.420294278607698 0.0947457592500664
-0.00034240064716951 -0.00193395084271274 0.150783305780041 -0.147966998047716
-0.00212019223139486 -0.00228561443951626 -0.145300564866765 -0.13737120758433
0.0117911674335173 0.00297976373034043 0.123100240752873 0.101348291596903
-0.0170783589301093 0.0043527910429468 -0.11063364380884 0.0771026047834934
-0.020765904752814 -0.00903544743686282 -0.40666328552316 -0.161899159337533
-0.0221041147203047 -0.0430958969838891 -0.0902276917912377 -0.553289471351121
0.0155189260019224 -0.0515152887648009 0.655588013347248 -0.370386899113432
0.0180210898477681 0.0286385195654046 0.719684467529149 0.500483858057799
-0.0312953070351999 0.0255602196241356 0.0146266244499749 0.662168542626766
-0.0340474835956451 0.00944363973762156 0.066465793668358 0.0526877783992398
0.00492837788125543 0.0216843312149887 0.0101856959467354 -0.646884927052312
0.0124734264506214 0.0118738875984672 -0.776057306432604 -0.506022690306606
-0.00975929384601345 -0.0245824675841711 -0.713982459832576 0.479119277427793
-0.038736213354273 -0.0038105217765575 0.176636294637172 0.623217142637202
-0.0130362214764218 0.019976627107253 0.421884294965861 0.0925647563384083
-2.53625246554642E-05 0.00381312736584862 0.153473751789916 -0.151231031636807
-0.00224014603657615 0.00322119675873016 -0.144630483251806 -0.140499688852398
0.012502170793175 0.00640507359633855 0.124860705368505 0.100987437948566
-0.014515625911334 0.00763861782547381 -0.106253122237871 0.0779525751360206
-0.017087412109233 -0.00618777037235445 -0.405244549102675 -0.158441615002663
-0.0154414894563048 -0.0429518761630526 -0.094760317777479 -0.551960518548735
0.020749838390711 -0.0548880369736961 0.648311196615356 -0.377701498538662
0.0263112790483985 0.0280931870899512 0.725008933520836 0.493457045790108
-0.0284865226270638 0.0298638479119181 0.016874447272446 0.666161764073479
-0.0341822908666635 0.0143034077329717 0.0602941219432506 0.0615033517684213
0.00784886358430841 0.0261540932029489 0.0140603281345289 -0.641575032653713
0.0199349380547451 0.0110282657833483 -0.769484229046506 -0.514434216187294
-0.00373364328660854 -0.0256374118590226 -0.722824155168375 0.47074354302097
-0.0335982612448212 -0.00216999926877803 0.169000686212585 0.626028812142726
-0.0106233051318588 0.0249513957962737 0.424869102369197 0.0980275986003539
0.000207240116686274 0.0086814899815053 0.157464745896786 -0.149522691374082
-0.00281089431049054 0.00765185430948034 -0.14234332828181 -0.142226731815314
0.0138886564259961 0.00976750709180899 0.124626949961641 0.101912331347863
-0.012505686350654 0.010874061919755 -0.101850447143152 0.0815231774486194
-0.0119158997825698 -0.00187040286104688 -0.403166092343383 -0.149194573535547
-0.0101896513726884 -0.0397534260645348 -0.10420819192225 -0.549153882285793
0.0250075235990429 -0.0564988304599753 0.636800194354794 -0.39506093452155
0.03327066886287 0.0250543778271806 0.73146017202872 0.476180969180957
-0.0232181035942279 0.0311384272155513 0.0237745842426632 0.671230268644797
-0.03255950076879 0.0169414680614769 0.054622150746939 0.0707642987574094
0.0113544149796141 0.0277433513956088 0.0227665142878277 -0.635487476656499
0.0259889241415019 0.0110630477882238 -0.761684901290284 -0.532278459194721
0.0028737891018099 -0.0264029181267889 -0.736959721479275 0.451855598761023
-0.0285969381474672 0.000883102534882725 0.155724883253706 0.632629593309302
-0.00754721477150802 0.029319772611984 0.425249758168127 0.107942028037273
0.000434814007336977 0.0127573377794936 0.163171318616219 -0.145631685446007
-0.00317078335282103 0.0106913648224931 -0.140610533628203 -0.141926368004579
0.0152152502425141 0.0112347650641359 0.125516016738268 0.104620584045142
-0.00974218656054255 0.0130411046129644 -0.0962010875575189 0.0878488238634778
-0.00883592600277749 0.00309079545745113 -0.398512458859387 -0.138326609749195
-0.00681557772909078 -0.0349026460485133 -0.116621824086141 -0.542804982165837
0.027481975566211 -0.0564592775806838 0.621785513206956 -0.413203984501351
0.0375994334761122 0.0216094510311107 0.74276250738962 0.451834470009736
-0.0182141728200154 0.0286512669311283 0.0382184980200396 0.672490502905203
-0.0283813192253227 0.0145454130124512 0.0506729889228979 0.0814983439001344
0.0155761650257317 0.0253992863747599 0.0360037521109443 -0.629000200532004
0.0296745783902347 0.0094815933903823 -0.743813551545223 -0.557790665507076
0.00715057691331527 -0.0248051270644911 -0.754976324294541 0.429578741263831
-0.0242447610743176 0.0040721112830496 0.138297268711116 0.638510097328404
-0.00611541497179442 0.0327899288202528 0.427197083761856 0.125181289632525
0.00152276930057559 0.0137292234241964 0.169268419049371 -0.137630284994542
-0.00192291997123206 0.0117606984055454 -0.139498136516027 -0.141292407802899
0.0147357584384631 -0.00829695488329768 0.116671401246845 0.114139889553434
-0.0131567566797312 -0.00912833395002628 -0.108851625082626 0.0978510861471345
-0.0240007749773645 -0.0136593837959221 -0.41237532592881 -0.1286001785229
-0.0338982081932665 -0.0286069247342366 -0.116378149872467 -0.543748892326363
-0.00578180447636318 -0.0379514149510307 0.643184548855181 -0.414617473142777
0.000311900193085498 0.0178368349388741 0.763210103473774 0.444321320155055
-0.0276900994133036 -0.00852560419083259 0.0568876986404271 0.653259793556029
-0.0161691633644952 -0.027089643774092 0.0797156827862897 0.0525477326311518
0.00702589960783201 -0.00951609205583724 0.0551130201940425 -0.662227039414246
-0.00630680386604976 0.00811063266887595 -0.738451333418206 -0.568078485023817
-0.0270854399769094 -0.00590308660709618 -0.739338931549738 0.43579245478402
-0.0534187219346559 0.00873256443551218 0.152464025082677 0.648850619438246
-0.0197160834718217 0.0137957415367099 0.42549967583339 0.132004488575607
0.00204080613971777 -0.0108166149263872 0.158034766398922 -0.127966004877417
0.000382583175136851 -0.0126513414126704 -0.14921853052479 -0.126701590861971
0.0136101950434315 -0.00692213708573732 0.117759893708137 0.110840095910445
-0.0160027499349094 -0.00709599451236358 -0.112719928276134 0.0900508745586952
-0.0266202483452591 -0.0145808708384684 -0.413887402202585 -0.143012773349864
-0.0347470548691509 -0.0343237200499846 -0.103086736560114 -0.549728553798017
-0.00222733545924244 -0.0406298087455493 0.656546004915833 -0.394464058786322
0.00294677275945498 0.021212773597382 0.749682635784268 0.471025385359664
-0.0304777485609513 -0.000182095438647095 0.0421107032433402 0.653781246579472
-0.021786674890978 -0.0182773387568915 0.078429588801659 0.0480457443818249
0.00303300480894265 -0.00103873482930021 0.0411270988017854 -0.662342080268736
-0.00453069058279493 0.00968308716312746 -0.754214456270991 -0.54276600897142
-0.0254912717429083 -0.010344996812764 -0.725921378874694 0.458894919744889
-0.0532842650573937 0.002815645651952 0.165160883295999 0.639633919800017
-0.0204639259442561 0.0118920288820447 0.424360858825525 0.11788826697528
0.000774716457133118 -0.0105310780070357 0.154104509924509 -0.136551855666922
-0.000443335134171682 -0.0104397900165731 -0.148329350225947 -0.131070140950647
0.0123860167065414 -0.00447976081803346 0.120995526710227 0.10727618178902
-0.0179767256199988 -0.00318591374787457 -0.114382775002872 0.0837069367902463
-0.0270574870592513 -0.013745855575212 -0.413265943612444 -0.15351578065108
-0.0321322637823661 -0.0392417726056704 -0.0942804736283557 -0.554845415048999
0.00330131297086833 -0.0449141560448353 0.664186715144666 -0.380383452096477
0.00511489909659778 0.0252368976480646 0.736498751704666 0.491517821278482
-0.0322364819254187 0.0092003670878482 0.0278398303601548 0.655419366733806
-0.0274597189149736 -0.00856652049326507 0.0770036597987149 0.0458078455218276
0.00144767585028817 0.00740433742810747 0.0270488102862207 -0.660616893718687
-0.000668612929306551 0.0110183418514817 -0.77025412633037 -0.523343985930758
-0.022649468290465 -0.0155497699559249 -0.718250748915504 0.47457423489707
-0.050574797434055 -0.00202711764206442 0.174554643740511 0.634463280146921
-0.0177121965996793 0.0127644784341168 0.42365656779461 0.104265133646222
0.000218995801583157 -0.00690070257360904 0.152321329391791 -0.143939318885956
-0.00130155994890224 -0.00690778941347247 -0.148460070827788 -0.134770359502404
0.0116783576639421 -0.000372833329581598 0.121929409940216 0.104241130648259
-0.0187750355727315 0.00057703410160147 -0.11449925039338 0.0788880044024118
-0.0243165020390061 -0.0117454680638944 -0.413001892059069 -0.162205630444123
-0.0278639420991764 -0.0420499530902708 -0.0897546606251833 -0.556657082460893
0.00920547453692286 -0.047591476835621 0.663374234867591 -0.372342880076291
0.0110540913257933 0.0281859059301295 0.727647174877272 0.504419684883851
-0.0331966033249034 0.0175621638342453 0.0166641779733691 0.660652887887438
-0.0317773967229179 0.000701172160628461 0.0712216454637429 0.0477885013842936
0.00273656242655123 0.0150710777239016 0.0164915469653068 -0.65733736288557
0.00562082945856185 0.0118896810341202 -0.776424118563335 -0.512947042178277
-0.0170459432217172 -0.0208236615160924 -0.715060498697093 0.482999773349638
-0.0455785169192548 -0.00353405836005453 0.177680171648606 0.631097338746456
-0.0159661340195918 0.015835672446938 0.424369238607319 0.0952037306655625
0.000421715292692911 -0.00167942333279216 0.152186331150549 -0.149200257803061
-0.00180638776986025 -0.00152977818960169 -0.146330735183054 -0.138237413144651
0.01110520869679 0.00295614362516427 0.123154884977596 0.102080848595358
-0.0172424811507188 0.00422692008864377 -0.11215203744215 0.0763845835706455
-0.0211172675052374 -0.00896607075499686 -0.410782157973685 -0.163853634319784
-0.0225747234077039 -0.0444363681305015 -0.089797956763882 -0.556915741939082
0.0155513332238984 -0.051761789084595 0.662290504574186 -0.370408206591111
0.0184980144446592 0.0290609942152345 0.723255633816372 0.505981253095181
-0.0321459704531855 0.0250876206905564 0.0132683332533303 0.666304127832596
-0.0343156888599383 0.00873576961522585 0.0663013271961055 0.0533236004016834
0.00380679217724101 0.0219177894660695 0.0125000208747337 -0.651378050420879
0.0126264894519988 0.0109028258752294 -0.781526698380011 -0.510188090883826
-0.0105811754426526 -0.0245655319824152 -0.718506097632174 0.482236778800426
-0.0402715862966365 -0.00404309372794651 0.17715520530944 0.629650530752206
-0.0132010996898257 0.0199026273900512 0.42567226719852 0.0954654111079871
-0.000425458479457658 0.00365855205550497 0.154226914354755 -0.151322024919592
-0.00232466626942996 0.00344228710262901 -0.144184775375697 -0.142119152086273
0.0126623521231189 0.00694065282205531 0.124909762424388 0.101344411524854
-0.0148867072284718 0.00919670218802037 -0.10870589809307 0.0774373780463577
-0.0173315899849121 -0.00573071266388313 -0.409096417704921 -0.158878905632007
-0.0168563638165421 -0.0428310512058031 -0.0947846551275114 -0.555145749398958
0.0212560750040082 -0.0551240614052997 0.654195975141966 -0.378646046348409
0.0258864256428759 0.0288361516288171 0.728078411786745 0.497232355027475
-0.028699889058378 0.0297528271872187 0.0171391263770503 0.670759223467108
-0.0353859984692057 0.0139642436648232 0.0602536840886872 0.0621572827893359
0.00766153595895426 0.0261365222024389 0.0163299861572022 -0.647495819477356
0.0203792204885283 0.0108893503952916 -0.774499574237116 -0.520277354053828
-0.00304806373705322 -0.0263238080471997 -0.730423652696997 0.471112086519967
-0.0343647445256459 -0.00182342806734103 0.168801811265384 0.631149975396229
-0.0100575691610908 0.0253391767191987 0.427823250226586 0.0998667143669235
8.03971989461177E-05 0.00819398685480653 0.159181208071133 -0.150645688412367
-0.00292260706582361 0.00875058209280523 -0.142090283716883 -0.143469202434126
0.01324379722542 0.0096886754623191 0.125649534586122 0.101764399396449
-0.0135749328832825 0.0110208346246398 -0.103616452396525 0.081068361061408
-0.0126535476302266 -0.00144076822145128 -0.407193279787963 -0.149216931453386
-0.0117130420508999 -0.040135098101356 -0.103400093743062 -0.553384168942785
0.024310954279066 -0.0567803503694148 0.641465128042186 -0.396045129636463
0.0325850762438427 0.0256091615062313 0.734404573524123 0.480300922271316
-0.0241488743496434 0.0310763034014184 0.0226157874564994 0.674890483208346
-0.0332881053189963 0.0168535210803044 0.0552803134959264 0.0715951218336585
0.0107935437448874 0.0275185865117068 0.0255088069018613 -0.641003129392796
0.0269572741833292 0.0106807196951869 -0.765169959124517 -0.540579313031564
0.0033317769076065 -0.0258500625670276 -0.74393215837683 0.454030823155585
-0.0288471306613237 0.00117175378609467 0.157555398103232 0.63720846271916
-0.00771791126870651 0.029825072080781 0.430176360638416 0.108855590970219
0.000200032669578125 0.0123118227515281 0.164474258819881 -0.14577366755178
-0.00297319208852156 0.0106261606725808 -0.141017821713982 -0.143755748438897
0.0145977491581648 0.0108704225711936 0.1257360600862 0.10541959217058
-0.0109554725451097 0.0134896124855312 -0.0983306420773544 0.0868496596540259
-0.0091376057484592 0.00265362603177576 -0.402935203314585 -0.138072905046259
-0.00717264236335306 -0.035431665041688 -0.115860766903387 -0.548104147541906
0.0274277559214098 -0.056399743093985 0.628293665272017 -0.4163330500864
0.0374259683863514 0.0219861482246141 0.745210738990607 0.457081936422996
-0.0184069492616103 0.0286031606115951 0.03579961376104 0.677762349409555
-0.0293734834495846 0.014824078989507 0.0505553529177153 0.0824605592434455
0.0148899422670076 0.0245022462544745 0.0379256260095877 -0.633292360770505
0.0308121202017752 0.00933860140703052 -0.749554943784226 -0.564436120441046
0.00718830663526259 -0.0237700113133345 -0.761642733500837 0.428573127023833
-0.0250743942705187 0.00453046526141694 0.138011029444741 0.644697632094296
-0.00599918398774097 0.0340129379275261 0.431769659430083 0.126176213046634
0.00149553252400063 0.0140789662216118 0.1700417852195 -0.138187442389889
-0.00196592770611128 0.012570720121006 -0.139374705066002 -0.142721770387093
0.0145496208268899 -0.00906545368709205 0.117416082902285 0.115594967767048
-0.0134636693335173 -0.00871970131440722 -0.110962275153934 0.0979334814199801
-0.0249314228163565 -0.013925619431397 -0.415967360670691 -0.12861169950709
-0.0347293746696846 -0.0296729079881825 -0.11490440138153 -0.545383246819148
-0.00534532209630791 -0.0382842386017645 0.648022452750855 -0.419166924451893
-0.000142405629475627 0.0183005694838581 0.769895418921503 0.449390390917879
-0.0284810784330879 -0.00831843483991477 0.0571971085856996 0.657728628316266
-0.0160385584919665 -0.0268210822469065 0.0808623069769522 0.0537204720283281
0.00653675443350416 -0.00977801213426143 0.0548676668227511 -0.666395113030062
-0.0067911753273308 0.00753206187340168 -0.74534578508478 -0.574485660017686
-0.0277795966373769 -0.00602105991636279 -0.746573076411469 0.440650001776531
-0.0536638022686319 0.00795247474576518 0.153600303194345 0.655078101754432
-0.0198027583838824 0.0137183125394526 0.429599327953786 0.133156220394938
0.00142125449419205 -0.0107193842058434 0.160504167579614 -0.128808111029851
5.04037137974817E-05 -0.0115677286428602 -0.149645772821786 -0.127555992466077
0.0127533565120688 -0.00700233517880993 0.118991599156877 0.112524621693662
-0.0161819835248907 -0.00655685251970426 -0.1146372261442 0.090671065181125
-0.0266446064330432 -0.0145418254820073 -0.415774412467767 -0.142966118320862
-0.0348205738239773 -0.0350631403931909 -0.103006407562842 -0.552984787654819
-0.0020536726587907 -0.0409979491164133 0.66041502640507 -0.398762549860571
0.00228321675535221 0.0220193472878112 0.754424869139643 0.47393406214522
-0.031839673213647 -0.00047362446501498 0.0408828765064482 0.658405471641165
-0.022655708621945 -0.0191724860937423 0.0793547067896742 0.0473375258637042
0.00294146185715116 -0.00177775953295635 0.0410022794173433 -0.667593448219015
-0.00407409995607126 0.0100048610774035 -0.760642319022175 -0.54794442795382
-0.0265735310191127 -0.0109691957188712 -0.732539259488202 0.462971596357151
-0.0537661921988986 0.0030157767568331 0.167646750311631 0.646865681256126
-0.0195449708684437 0.0114516096122225 0.427920670372748 0.118313313543885
0.000393665306319506 -0.0101396224022502 0.155644552740025 -0.137581717867957
-0.000177724023910997 -0.0104606826242106 -0.148391628673604 -0.131524306925359
0.0115435448005623 -0.00415352195622684 0.121090385420638 0.107971525224898
-0.0182717458963559 -0.00289141969837096 -0.11680494691724 0.0840593226463656
-0.0270460477198908 -0.0139011233112706 -0.416719464786186 -0.152956252679869
-0.0321298841949902 -0.0393806373131274 -0.0949604614056064 -0.559378894071972
0.00210992010565768 -0.0444516992679358 0.66956543787667 -0.381718634485155
0.00641542025908931 0.0251939102435833 0.741489500423294 0.49377195499773
-0.0336840065540446 0.00915900834677951 0.0273835042976489 0.661241609240418
-0.0282044789679109 -0.00906708097674278 0.0767044190530194 0.0458191397444555
0.00176970599351862 0.00681564524429485 0.0278146379078224 -0.666100876555894
-0.000466634010886544 0.0113276760021624 -0.777349157634123 -0.527585951160429
-0.0233584791193636 -0.0162852047443426 -0.726799246746095 0.479838927554482
-0.0503995019058916 -0.00182311729797464 0.176095396808644 0.639615021287356
-0.0185646747589963 0.0116438304949368 0.426127128457309 0.104726073155166
-0.000269108381601074 -0.00724611009105166 0.154363847880815 -0.144256809615662
-0.00163329139633087 -0.00604920240537093 -0.149412091571903 -0.135725791386707
0.0115020700427111 -0.0001260194746532 0.122360283797934 0.105265741725771
-0.0185343680126985 0.0012084534976363 -0.116564000235378 0.0793442295064552
-0.0256319414747779 -0.0119300337565361 -0.415699936876544 -0.161279029140233
-0.0293600138457826 -0.042656920996285 -0.088360721019731 -0.559539298308027
0.00887284378747491 -0.0480465936997378 0.67132459328769 -0.375931131924694
0.0113908444924634 0.0282025473144762 0.732947003193842 0.507651432103657
-0.0342241655038596 0.0177690420667491 0.0178611982399564 0.667077087842448
-0.0323648663156235 0.000546573234893644 0.072622611821391 0.0473813756967143
0.00155730302723569 0.0148611131943255 0.0166581195772642 -0.662466280268158
0.00622697739288628 0.0113648087426636 -0.784920033281546 -0.518565236560366
-0.0172285193734167 -0.0208191650057625 -0.72300440938746 0.488269641273306
-0.0459228184790166 -0.00340776268266033 0.179839633395559 0.634688002669807
-0.0160549271265086 0.0155940054891571 0.429026791231828 0.0974319493499519
-0.000413247673768121 -0.00186043980155299 0.154196477387967 -0.149800268876642
-0.00238764824876857 -0.00129885768127173 -0.146940386747964 -0.139196296392197
0.0115067445360559 0.0036246121272689 0.124247438950975 0.103067238869079
-0.0183541413438857 0.00569960601528134 -0.113889302240958 0.0773358056098514
-0.0227296958427808 -0.0100963930792262 -0.416085794566617 -0.164537263830806
-0.0228461555569967 -0.0457122834557214 -0.0888935742070064 -0.560927011248404
0.0150569892019679 -0.0528316815799688 0.667423953789822 -0.37539573634549
0.0186353471716447 0.0299836296257171 0.729115075718979 0.508833309387129
-0.0332060109867369 0.0244647462899012 0.0131520747752412 0.670467807811501
-0.0348405897341588 0.00872557178480932 0.0660670975594381 0.0538280207391827
0.00439715230767279 0.0216285710187709 0.0148072617576793 -0.65843273620716
0.0131013604813901 0.011468215257664 -0.787675474722939 -0.515544988421841
-0.0106729389579031 -0.0245398709823267 -0.725470467618927 0.488901095575534
-0.0406607361823152 -0.00348776154754219 0.179455326053249 0.633707748958196
-0.0130828890613892 0.0195857292470553 0.428942588154232 0.0950466515261233
-0.000842522916682759 0.00349206202262925 0.156551172300772 -0.152153099968065
-0.0033122521298405 0.00318028096528983 -0.145055321922382 -0.142829189986493
0.01197827056415 0.00602559244985014 0.126003827971911 0.10245185470413
-0.0161969495771727 0.00874190560192364 -0.110294693038925 0.0782598846462082
-0.0181844368673279 -0.00608110325415848 -0.412534564712991 -0.160104652360874
-0.0166546846763351 -0.0449624939560452 -0.0943284598503267 -0.560768797500204
0.0209495275795147 -0.0556083367645013 0.658581575659808 -0.383247033106884
0.0257401146313988 0.0282590389220117 0.733956109071015 0.501293985174096
-0.0292219512957079 0.0296337632491686 0.0154967884280869 0.674940915499679
-0.0354691562557178 0.0139949946704847 0.0604682855373216 0.0623855720322128
0.0074211678899691 0.0243033891196588 0.0147753046710757 -0.650949820615131
0.0210055111351479 0.0106043588633491 -0.782963978870858 -0.527121649422846
-0.00300180342042193 -0.0263160613599327 -0.736060634108336 0.477175670233665
-0.0348175066709389 -0.00172392056914042 0.170240156096535 0.637907832046152
-0.0102754528848882 0.0249289046958834 0.431785649158545 0.101018133251328
-0.000325739844006887 0.00867972297854228 0.16117511197793 -0.151161939039556
-0.0031347733184666 0.00818190996396152 -0.143438698082848 -0.144264162050594
0.0121116818929714 0.00900881772497832 0.126367820295877 0.103175820619831
-0.0139488301846116 0.0119339272065128 -0.105298723216897 0.0812596966409165
-0.012954574833056 -0.00155260670209323 -0.41099705195863 -0.151647879257912
-0.0115940572288988 -0.0417168818200548 -0.104936222738232 -0.55799940988106
0.0254598983676729 -0.0568823012944148 0.647545476313804 -0.399247867717247
0.0329560917582837 0.0257956271094898 0.740654724275412 0.485101390720658
-0.0245954488406559 0.0309910624088217 0.0217337555945536 0.680075612111567
-0.0335033235883012 0.0162964808050889 0.055657502223111 0.0725307747566197
0.0107639613586662 0.0271173100094052 0.0258086440967727 -0.645723945945426
0.0277951009525211 0.0100272149359282 -0.770368988022463 -0.543354170579533
0.00329030903316122 -0.0254838777142078 -0.748867695898948 0.458966470179011
-0.0282565568358058 0.000862127106512942 0.158524649150887 0.641440168076539
-0.00840391770879346 0.0300746965352524 0.432900896284232 0.11186823359026
0.000138133303654293 0.0125275407503919 0.165355665260495 -0.146844151767811
-0.00297061991708843 0.0116370465580735 -0.14199582723612 -0.144390641284206
0.0140707601542529 0.0101644283094203 0.127005296981336 0.105313166919238
-0.0114416531052955 0.0134522864527607 -0.0996541968701729 0.0881659171844653
-0.00918244013495913 0.00255723609960426 -0.406567872564527 -0.137860645879429
-0.00764774994600297 -0.0361970764135373 -0.117183704909144 -0.551951260600283
0.0273548736977054 -0.0569713249497568 0.631416488373862 -0.418552918372754
0.0380702782845518 0.0222087990251708 0.753048324479903 0.45977630015741
-0.0194289839816018 0.0281383832207565 0.0368332999659994 0.681334400535444
-0.0293842541884038 0.0142804550966038 0.0501802015792608 0.0831196994425605
0.0137683778136872 0.0240411907157763 0.03923793374561 -0.638816180088108
0.0306058003112024 0.00865429453484007 -0.754160078219111 -0.569592546666883
0.00739025206604237 -0.0253143183199134 -0.768654311897144 0.433021190399388
-0.0243263112804079 0.00446033342835479 0.141547867149066 0.648565631656486
-0.00606433647132086 0.0340258761854364 0.435436103294289 0.1267331586243
0.00189499889839766 0.0146611137547724 0.172449646443912 -0.138843855443617
-0.00323968662273004 0.0135404801965792 -0.140881065787668 -0.142762984482527
0.013933005990982 -0.00848297275599622 0.118432325803655 0.115813782558962
-0.0148428241417445 -0.00886025678321134 -0.113324870752295 0.0987168122593971
-0.0249365676642375 -0.0134609236781589 -0.421692721879735 -0.127904526885279
-0.0353375335426932 -0.0301720282328072 -0.119098165469199 -0.551812253098163
-0.00614941866083557 -0.037674690596266 0.65451189875165 -0.424113966655708
2.66804924093913E-05 0.018444040162121 0.777385250767124 0.453003872070341
-0.0293962103970264 -0.00762627473819482 0.0590311538439489 0.663278311558278
-0.0164741678468981 -0.0274787692055728 0.0805056653123499 0.0541059256593765
0.0059673035504772 -0.0108814468758712 0.0560029533737723 -0.671450525455242
-0.00524660603711207 0.00713379418862047 -0.752865937827539 -0.578482074194407
-0.0277553600156828 -0.00559621809177405 -0.752598345271428 0.446678440811206
-0.0538796888051289 0.00872557379428106 0.157153864271989 0.659404464102192
-0.0205668104713756 0.0132861595922457 0.433906946472957 0.134296130124698
0.00110526470813421 -0.0116082512617261 0.161986197670341 -0.129366535643448
-0.000303158968802716 -0.0125919960629379 -0.151115116321965 -0.127801039542498
0.0129245921072009 -0.00715881254264922 0.120288488678119 0.11291432507294
-0.0171754830257176 -0.00552197612408537 -0.116301310255944 0.0917402557341511
-0.0271447671992865 -0.014694873753927 -0.422448537500861 -0.14352388739975
-0.0359119402470739 -0.0355953532130061 -0.104608035179624 -0.558495392214198
-0.00244954557470439 -0.0407024968048784 0.666863945221627 -0.403603168338837
0.00102410138250778 0.0227021574031741 0.762172622968938 0.478464578182739
-0.0318601287539633 -0.000534323461567263 0.0419229024401598 0.663945757798959
-0.0222550974215895 -0.0193802703921943 0.0802568697984789 0.0481401745623392
0.00284309013123166 -0.00228977913296448 0.0408475687015729 -0.672067666423557
-0.00419524886919669 0.00958046745071989 -0.769668429689355 -0.551341366637605
-0.0259422578402608 -0.0102334861470783 -0.738641022346843 0.467697767149519
-0.0541232095013689 0.00320492192910534 0.170457080437427 0.651463899959775
-0.0200328102185538 0.0114602482237472 0.431692315451069 0.118470930956616
9.15281163019425E-05 -0.0101878825999423 0.15779291467315 -0.138798124642747
-0.000589900831174063 -0.00925513432136455 -0.151007378663466 -0.131432377835064
0.0119414428959125 -0.00479890929922925 0.122088398689795 0.10864969441623
-0.0199805038023646 -0.00277415965851145 -0.11870332661776 0.0843717768805826
-0.027998639446045 -0.0141646686151912 -0.422683970286151 -0.152691531104549
-0.0332536160217441 -0.0404201747357303 -0.096450788307519 -0.563154582679265
0.00274783807252095 -0.0448863210876872 0.673679748587594 -0.388652992498163
0.00594132795543384 0.0261579346126451 0.748086846292815 0.497611472761948
-0.0340334383208343 0.00929728124237128 0.0273732489930237 0.66634472137878
-0.0284992651548167 -0.00919888454277873 0.0772944591074813 0.0466822025272193
0.00132935162317898 0.00640716832389668 0.0278058476538526 -0.67167911284144
0.000522924262663186 0.0105201819235978 -0.784741950792895 -0.532216743520274
-0.022851508207416 -0.0151234674266598 -0.731103619393855 0.484579137132956
-0.0519749524642904 -0.00114263725793839 0.180073614799221 0.646115662857917
-0.0188344567418098 0.0126467703303095 0.432283757732533 0.106490255826413
-0.000544761508384842 -0.0065648973666184 0.155607028776495 -0.145845263552477
-0.00167446170715345 -0.00597271610450589 -0.151146434440082 -0.136681503819436
0.0107786462197776 -0.000844060946906212 0.122993424955939 0.105324686790003
-0.0202283676806041 0.0018523953533607 -0.118487036734662 0.0799199243447784
-0.0260151472023106 -0.0116048796014082 -0.422271328086865 -0.162030857003346
-0.0288816958375187 -0.0435275009005743 -0.0905368216784888 -0.565154648392
0.00909306526124782 -0.0486044849703291 0.676201805510366 -0.379501942855981
0.0117634080411573 0.0285010016068137 0.741526750851553 0.511331318402397
-0.0342030119669539 0.01812299030931 0.018743415270238 0.67132003394351
-0.0329596106267715 0.000609019744387377 0.0726380695337275 0.048254287228729
0.0014495006474163 0.0145418738290627 0.0180396539141665 -0.669900034978267
0.00631434335712924 0.0116013493213862 -0.79131783253369 -0.520232040905411
-0.0171852921355877 -0.0206577803772339 -0.728877940646404 0.493224726613482
-0.0467180626868259 -0.00361260889728109 0.185135848861415 0.640303741950316
-0.0164859796685864 0.0152945388118134 0.433111947542639 0.0969317763698389
-0.00135514525260281 -0.00217737427172904 0.156197034485601 -0.151623771607405
-0.0019382503976752 -0.00138062148092439 -0.148762319856459 -0.139955249778515
0.011070151878682 0.00318766189516765 0.124675303298807 0.103667833830164
-0.0181775464986274 0.00534425396538571 -0.116076773955825 0.0777901563308361
-0.0228171061014693 -0.00876642113127927 -0.419665314197821 -0.163889360091424
-0.0239318292154105 -0.0457287105647099 -0.0917125805492407 -0.566095859957927
0.01527016537522 -0.0525151052323496 0.673308690246098 -0.37835318201131
0.0182938793003713 0.0293519279016521 0.73543535652413 0.51278970049843
-0.0327745425447235 0.0256389334521001 0.0134879565201448 0.675198354711883
-0.0356718414633015 0.00912248077705637 0.0672415918904303 0.0549676354862168
0.00327482959085566 0.0215303145525829 0.0144643224483311 -0.664290101303562
0.0140767048729189 0.0105804351659339 -0.795297973261895 -0.519371449077979
-0.0100793068613764 -0.0243321290208027 -0.731825893596109 0.492194008951136
-0.0402043392675628 -0.00379652559706903 0.183072297625969 0.637944962761788
-0.0132554329670909 0.0204177842603655 0.433298999187649 0.0950807427843555
-0.00186372961368807 0.00390368703030014 0.157502998892092 -0.152765451119005
-0.00328933191090063 0.00398122438108084 -0.147076374108088 -0.142648389428062
0.0116507512311677 0.00648984589347296 0.126480298726651 0.102656992477081
-0.0170041616401646 0.00938760389227833 -0.112292125129406 0.0787134851725637
-0.017857061337121 -0.00568839266832971 -0.418676653906256 -0.159752740153026
-0.0171132697753516 -0.0450014497873295 -0.0974367526245117 -0.566882532396023
0.0212215267255585 -0.0552847091871151 0.663435462442996 -0.388207817720866
0.0260130696774415 0.0284289997860153 0.742203469908751 0.504062007125289
-0.0300574188088134 0.0297998642192391 0.016880804433233 0.682076062124889
-0.03574823252513 0.0144700788634746 0.0607021906355942 0.0632332678060902
0.00689217491571694 0.0255571061867879 0.0141522458327423 -0.657080241952862
0.0219185564699895 0.0102763057280092 -0.790002579619028 -0.530925973887825
-0.00320012504617632 -0.0264950640122152 -0.741386055250618 0.48125558173472
-0.0344799835374373 -0.0017625625454744 0.17341561736718 0.64185932480194
-0.011061824424321 0.025379953461062 0.437370242359929 0.100453024551065
-0.00132718138363426 0.00911223836311325 0.163966229711055 -0.151911225630494
-0.00330002238082562 0.00843923786020862 -0.144151646953634 -0.14426272640315
0.0124528537717059 0.00931895948344099 0.128069026525594 0.104451388641823
-0.0134460807095972 0.0123612797335957 -0.107435755591124 0.0828980271981369
-0.0130535805645937 -0.00182281667604679 -0.416534187787913 -0.15080202547092
-0.0118336722115672 -0.0421011203800933 -0.106978634678632 -0.562727340901211
0.0251782674004926 -0.0581025107795063 0.652019324651632 -0.404895098510975
0.0329912080897566 0.026139394704383 0.748530405177768 0.488601981814277
-0.0252328345314934 0.031478071372316 0.0241169074013079 0.685067185038162
-0.0342355771924013 0.0170771735261786 0.0551509168322 0.0734618504827504
0.0105664340688902 0.0267669869021869 0.0247904166264185 -0.651071233643871
0.0282254517895033 0.00964894504158523 -0.780326144030797 -0.547328013612523
0.00282710956481122 -0.0261301682742639 -0.755626836067775 0.464015516773048
-0.0293683695447198 0.00145210574005158 0.159942203098238 0.648706610798215
-0.00847996915480784 0.0300191524914697 0.438140888447517 0.110510155012848
-2.16386075110944E-05 0.0135026545755979 0.168374972465904 -0.147743621430548
-0.00253818425899137 0.0114537907084096 -0.143815048283478 -0.144555989686018
0.0140864758545597 0.0101593384387479 0.1275962119823 0.106098784989514
-0.011468730276228 0.0141150994448574 -0.101423882143633 0.0878001261883152
-0.00969390957116581 0.0026475452864521 -0.41219974103026 -0.13763790708071
-0.0079838398101477 -0.0368150477021723 -0.118753155122132 -0.558392271580833
0.0270513481884714 -0.0571032686389269 0.637171688914556 -0.424144959139453
0.0382132903153589 0.022297078362788 0.758967030366348 0.463300589111599
-0.0192805688165897 0.0287047362638678 0.0367090523753414 0.688629101657577
-0.0301106278934811 0.0150178123945496 0.0507602926759202 0.0836864753198781
0.014213282703968 0.0246314909005993 0.038197726015187 -0.643874516921194
0.0321003750853058 0.0088399363360567 -0.763124703024469 -0.575098781464341
0.00798015910973335 -0.0244256887163131 -0.774870542429908 0.43903649624197
-0.0249378042531935 0.00498797836756209 0.142574989373151 0.655054259291892
-0.00647925243462745 0.0340935481788121 0.440106616304693 0.126751429507613
0.000952380943864701 0.0148525656406727 0.174268011344423 -0.140637744203992
-0.00241366876761434 0.0134396108654915 -0.141906182865618 -0.144245122856221
0.0141227917346329 -0.0101064474611244 0.119889168466024 0.1161397119603
-0.0154668972377967 -0.00802672881481176 -0.114538985036407 0.0997988782762988
-0.0259790713139333 -0.0139305332611745 -0.427387111368173 -0.125260951003739
-0.0360696591960857 -0.0310878582389976 -0.121507214876473 -0.555523448206521
-0.00607568777703496 -0.0380860655370283 0.65983698833107 -0.430158155922692
8.5704185723943E-05 0.018281277633431 0.786468112290106 0.454085063560127
-0.0288220910478185 -0.00907130821231388 0.061898140766342 0.667928496897688
-0.0175565670886616 -0.0277701217191003 0.0808802779487465 0.0543363445845013
0.0053260887209484 -0.010451845632736 0.0534575396474382 -0.677460060944801
-0.00565696725250793 0.00747443007585084 -0.760953081611164 -0.58195449122433
-0.0276288862552713 -0.00495000028136973 -0.758177244301999 0.452746733994506
-0.0545512714106681 0.00845333173134642 0.160185160074386 0.666424164988475
-0.021281341719823 0.0130962633840783 0.438569882857964 0.133505080498134
0.00172771650780854 -0.011573080040469 0.163379044713422 -0.132124109649987
-0.000575079840178123 -0.0117074339554542 -0.153337662301521 -0.128179754295594
0.012895076612832 -0.00803978992823063 0.121380672762028 0.113217267110571
-0.0177129085192351 -0.00496143478566583 -0.1186187386906 0.0924274684845252
-0.027666019011092 -0.0146146328047893 -0.4276010626476 -0.14099864029193
-0.0364972317718512 -0.0358596798729888 -0.108054509961145 -0.562227788406136
-0.00231448848811024 -0.0411651358138172 0.671797402096292 -0.408820040400556
0.00191298106381698 0.0226705747575677 0.772015572542158 0.47979321719594
-0.0323446108690443 -0.000979647243196741 0.043881207443516 0.667916769392447
-0.0231824539789549 -0.0194574770088563 0.0811676723235216 0.0480423682061729
0.00211841124800582 -0.00224306986304262 0.0416586372451532 -0.679639378371129
-0.00454073908401955 0.00924203932184095 -0.778309766721614 -0.555583023043241
-0.0266847055253868 -0.0100812603495464 -0.743833494432168 0.476786150894985
-0.0552517448852878 0.00355741107617207 0.1749036944675 0.65824051131059
-0.020646290753659 0.0111905546630282 0.436451562981583 0.118998780221138
-0.00020279980536222 -0.00975653847852183 0.159251863216955 -0.140105074601516
-0.00145811049921367 -0.0104557176913209 -0.152953330341922 -0.132599556588981
0.011593471542037 -0.00489933513454192 0.122932047759659 0.10892064575984
-0.0202835390938693 -0.00198523793134639 -0.119841581956737 0.0857305442013992
-0.0287086499139875 -0.0140578685476629 -0.42828566965051 -0.151420360324957
-0.0343219774493754 -0.041227230080565 -0.0993119451280192 -0.568681523342898
0.00237453777519392 -0.0447653359761328 0.680742755087424 -0.394519890568137
0.00566199588740605 0.0261317395457335 0.758485455533192 0.499534696486048
-0.0346420367125822 0.00876819742929808 0.0310568100864057 0.672316100361891
-0.0288481525986248 -0.00897902756147111 0.0781306867079486 0.0465636746639053
0.00153871336655811 0.00597127698861017 0.0249840099485227 -0.678438920825655
0.000901371435437252 0.0111242895910929 -0.793388954952092 -0.534845812118084
-0.022956873162865 -0.0152707912415826 -0.73756117456832 0.491864100022813
-0.0524733909593129 -0.00130916168166488 0.183964510176223 0.652282761912915
-0.0184525885058108 0.0125825575488536 0.437335294383792 0.103728969513457
-0.000583341768612132 -0.00663819502871221 0.157050439852051 -0.147828134205637
-0.00121421121503012 -0.00635193539175927 -0.152816436989975 -0.13716072281692
0.0113100185981557 -0.00114702887043937 0.124164206585141 0.105704503381975
-0.0203745601842713 0.00219047103397202 -0.120241021383002 0.0809892177026714
-0.026617638221837 -0.011719342190235 -0.42783308866998 -0.160136908182002
-0.0294510418275085 -0.0448708461155752 -0.0949040088824036 -0.570567424695514
0.00805853120599163 -0.0494611163320219 0.680055442555443 -0.385637047501416
0.0113843091920396 0.0290078400276718 0.750461113494483 0.51398365247855
-0.0351157018572684 0.0176257972323325 0.0211515826512173 0.676727665021835
-0.03359846001472 0.000199451776887312 0.0734421131761371 0.049190703818296
0.00157279297029055 0.0143913205780862 0.016758389778768 -0.675067251788977
0.00744614896724469 0.0117037329087823 -0.799810011607792 -0.52420312411526
-0.0169909545712663 -0.0208387389529381 -0.734748250165022 0.500795491530769
-0.0471995410846923 -0.0029262321496908 0.188675632038117 0.646028903781121
-0.0167730974373221 0.0157534894129727 0.437798611191547 0.0963777488254105
-0.00124233145273711 -0.00183814018653266 0.157618225068618 -0.153165077396621
-0.00254214205006561 -0.00152912329018309 -0.150672183964375 -0.140514933153778
0.0100689805058327 0.00257638510174049 0.126317977268812 0.104740924587795
-0.0191427603569818 0.00645361018246789 -0.117909766947221 0.078534666702968
-0.0231216651422178 -0.00883998881235504 -0.426159892802849 -0.162094291895807
-0.0245582678151316 -0.0459092381821611 -0.0947875241778148 -0.571751513973696
0.0156880841199277 -0.0533364461452823 0.679541167360004 -0.386279664146103
0.0183780537911582 0.0297537959950465 0.746404934000709 0.514630029632602
-0.0328553249877709 0.0251288445172207 0.0168758486187096 0.681023588425644
-0.0362052670212301 0.00917447053918019 0.0673176766978002 0.0549620496072352
0.00341837629863988 0.0210264210710295 0.0121267710851597 -0.668990468696072
0.0143824065203113 0.0104438135250982 -0.805090669738582 -0.522519568132144
-0.0108924431808962 -0.0234198540253233 -0.737337370244082 0.498509489517942
-0.0409507621138603 -0.00312965649138473 0.186378786241805 0.644054749118405
-0.0134005372034805 0.0204411286145458 0.440289790353867 0.0931031871270598
-0.00145111199564678 0.00384929732536438 0.159672130784287 -0.155014445299208
-0.0033663883844875 0.00406273615907175 -0.149090171652475 -0.143040394840376
0.0116828944104545 0.00641603869774179 0.128200289557353 0.102919939425905
-0.0170918087495189 0.0104045189172099 -0.113365339646456 0.079726515215421
-0.0184977519679998 -0.00550847111101348 -0.424407245125501 -0.15798252473758
-0.0182282627998673 -0.0457794882752596 -0.101032231998489 -0.57134873281094
0.0207001593289864 -0.0560823179189109 0.670006376669047 -0.39465173611244
0.0264424580034939 0.0288795565198316 0.750456872780511 0.506466709007917
-0.0302421995334804 0.0295101512654866 0.0195775034335299 0.686650626310565
-0.0361873059685622 0.014349711678289 0.0618067404451016 0.0627343508312245
0.0062161469504091 0.0248121147013717 0.0148819682531956 -0.664130817725207
0.0223325942974515 0.0101269251940012 -0.800322917406072 -0.533506808983658
-0.00277870042540769 -0.0261941756066212 -0.746385746522575 0.490881823754027
-0.0356789795546036 -0.00194565477663708 0.178143801457946 0.647223161222226
-0.0101950893984429 0.0249324052462564 0.441255457392788 0.0991605706222518
-0.00104931489152255 0.0089225507297584 0.164196243007989 -0.154218739841751
-0.00366653609343763 0.00884957872064298 -0.146620002301285 -0.144639810563886
0.01289973239114 0.0092453420468558 0.128868940437301 0.104159209577487
-0.014781174544272 0.0132778090630918 -0.109331070852841 0.0828346644427859
-0.0136742230272976 -0.00133726589504773 -0.421682057199272 -0.149449290579134
-0.0123751691074751 -0.0430059074338953 -0.110382047392644 -0.568555252780303
0.0254134350347082 -0.0574806130733485 0.656133346059178 -0.410619996220703
0.0333042848193112 0.0257438925351284 0.756563469635096 0.488703908370827
-0.0258789796131593 0.0319181620728399 0.0246827321345925 0.689999318767473
-0.0350140178747298 0.017043070865768 0.0551164810473655 0.0739149795127353
0.0107217145740625 0.0265891582690868 0.0233204743514922 -0.658423416890398
0.0287639346894613 0.00948826876727323 -0.78925384795787 -0.551955171104461
0.00327879753582999 -0.0260526242874849 -0.762435658238535 0.471025910310743
-0.0293884648226641 0.00145167091689246 0.164812369211949 0.652379756179932
-0.00874903246501369 0.0302959218469326 0.444276461975881 0.110095025456046
-0.00133224685891715 0.0133376612115695 0.170021980640704 -0.149800130890404
-0.00327386647249301 0.0119340492050908 -0.144640508643786 -0.145339424382055
0.0143723200117491 0.0106621249442301 0.128924255154651 0.107152231926483
-0.0122894425103931 0.0152546713593901 -0.102970056890677 0.0899533343274758
-0.0101996081095032 0.00328865910966944 -0.418172270948289 -0.135165521073757
-0.00857443197875863 -0.0381574471419867 -0.12278911859493 -0.562721461664174
0.0268495504783071 -0.0577942444839701 0.642061006459628 -0.432070665560411
0.0374042133761352 0.021763144403733 0.770061769027937 0.462903918782924
-0.0195165703945474 0.0284458061176162 0.0391297549795617 0.693713658987743
-0.0306348636989983 0.0145167895988441 0.0508866049150601 0.084437709159308
0.01396532894312 0.0244843127727044 0.0372721412993417 -0.651094212759502
0.0323838333008725 0.00847975116805869 -0.771727453069502 -0.577628586259638
0.00713980462292191 -0.0248337465549644 -0.779903582822002 0.44662247424396
-0.0251825535084158 0.00462399373857366 0.146955034120246 0.660944415001335
-0.00691270082250253 0.0342510852760302 0.446753275798632 0.125387031465675
0.000971812534530863 0.0145786045995659 0.176031172471512 -0.142256636753795
-0.0029938998347373 0.0132767378003082 -0.143397490535075 -0.143409828378568
0.0140471272647904 -0.00997661791595138 0.121677265236801 0.116370537694589
-0.0159440072491724 -0.00706769420453343 -0.116336956198197 0.100738503962859
-0.0267027857711142 -0.0138557428381071 -0.4322931553359 -0.12435267307386
-0.0372137057918779 -0.0310886357534753 -0.126488779557976 -0.560062164695584
-0.00672326542165448 -0.0382418062849108 0.662433359219981 -0.437660659600897
3.85867022419349E-05 0.0185282459959766 0.795233488918243 0.452433002716835
-0.029870923154976 -0.00949337931988484 0.065693777608162 0.674909408402942
-0.0174351340379759 -0.028065535165592 0.0826308957908198 0.0543977685449661
0.00571398498275219 -0.0116132636959176 0.0514201930063651 -0.685527414944737
-0.00449762454460146 0.00709073699520212 -0.773284665023487 -0.585290069931999
-0.0282865107198345 -0.00488252303642155 -0.763491135247507 0.461694487176102
-0.0555444730753055 0.00971719872753791 0.166920851114572 0.669833165715784
-0.0206635158743152 0.013048610000934 0.445529322975671 0.132097578233747
0.000701805507386844 -0.0110020938743995 0.165793465079376 -0.133443254008017
-0.000490739981442234 -0.011733938007427 -0.155279714153897 -0.128294482216985
0.0119838451502165 -0.00809164797679528 0.123322557650989 0.114197480184291
-0.0189214950089261 -0.00513371850748069 -0.119396552500598 0.0936093089064131
-0.0290904517997444 -0.0148422762770834 -0.433570476119295 -0.138123946278018
-0.0367287365411468 -0.0366439532831364 -0.111777552994056 -0.567193538728214
-0.00336154083638176 -0.0410821269138501 0.674531252825116 -0.415963142699352
0.00134348285811848 0.0226872931830611 0.780065016830461 0.480825143463256
-0.0329333071047709 -0.000535874375957614 0.0474062712360007 0.674415113772866
-0.023674850793798 -0.0195867560277398 0.0814831820023754 0.0483506500397483
0.00243590541861261 -0.00272761943866433 0.0371014728205528 -0.686180956188788
-0.00361055959407472 0.00873991832625062 -0.790404303964871 -0.556141908548775
-0.0271260546904468 -0.00971400187074997 -0.749534705522085 0.485050076502523
-0.0551613044412385 0.00397595026348294 0.179344701034779 0.661917915227816
-0.0201919662653049 0.012010589101113 0.442218220998346 0.117012536673512
4.85742881207313E-06 -0.0102654649126563 0.160182452726021 -0.142581282379494
-0.00164818059914002 -0.0102609553966582 -0.155161676440889 -0.132486829561918
0.0112593582376844 -0.00453590459569226 0.125220113947363 0.109475357061795
-0.0203026013962348 -0.00129715131925718 -0.121788537060738 0.0866150694051498
-0.0291581993885428 -0.0139317690742073 -0.434549438236241 -0.149334893021236
-0.0346007617000563 -0.0415376519830339 -0.103109171345898 -0.572688927648367
0.00221361899715479 -0.0446714203018056 0.684286866771937 -0.401792633163445
0.00583272517189445 0.0262577347158822 0.767989437107662 0.498556105906818
-0.0354052816808847 0.00880312142064371 0.0330540094290839 0.677532347575291
-0.0297690277138925 -0.0092305438797524 0.0793916716718115 0.0470496110976689
0.0012214852173957 0.0053704308795601 0.0214853804168405 -0.685583384933944
0.00108577149077396 0.0108035921023496 -0.803917688384198 -0.538131902283132
-0.0233637853244494 -0.0148822080230888 -0.742767484907349 0.501717308348852
-0.0529431775217126 -0.000106771596181082 0.190069360908725 0.656603139966278
-0.0192632891109483 0.0120399819590155 0.442489478871393 0.103256728424132
-0.00137693943229071 -0.00683075553728809 0.159028864072797 -0.149937329689385
-0.00220238265846285 -0.00545112123953652 -0.155686476573387 -0.1368027257755
0.0105054091319978 -0.000979562879696615 0.125946859249976 0.106649657084767
-0.0208098939297377 0.00353461563762529 -0.121603056983787 0.0825375618975765
-0.0273950527021386 -0.0122219964701132 -0.434227655032329 -0.157397238399889
-0.0312831114287495 -0.045137696367642 -0.0990734335001034 -0.575996299663388
0.00835252934733243 -0.0484145653431658 0.685287695753766 -0.392897223854945
0.0114591799908199 0.028760994618725 0.76037817219794 0.51270746711659
-0.0358504962218966 0.0173663369900176 0.0252607722063947 0.681438559933432
-0.0339943656632931 0.000754799538468058 0.0746768939722012 0.0498589251121567
0.000785102056447294 0.0140054214998321 0.0130883119384989 -0.682721639734605
0.0072932054927375 0.0102435263355781 -0.810079061275703 -0.525436151274761
-0.0173409172147783 -0.0202710545128423 -0.738199859111987 0.511278090637209
-0.0483484916646256 -0.00315651891652755 0.195811191444468 0.65186712681114
-0.0164643618684277 0.0156454592551001 0.442669123262418 0.0947273164669655
-0.0012790372605105 -0.000909781971599898 0.158529213692396 -0.155555174971287
-0.00324533446317247 -0.000859481202451972 -0.152775760455502 -0.14130619481151
0.0107665332576484 0.00266309280260124 0.127866174579349 0.103883087600597
-0.0196292700413678 0.00721484602053994 -0.119761371278403 0.0797233928530744
-0.0231862528048869 -0.00887129966070396 -0.431715405189126 -0.159308889882516
-0.0252013597586125 -0.0467555488308209 -0.0989161032171916 -0.57771615773937
0.0154139559110848 -0.0535505670798986 0.683331347447797 -0.392563556285972
0.0190491490975345 0.029777058775788 0.756703452742953 0.515430101220524
-0.0342656237242683 0.0257686177503227 0.0219652200464755 0.687368811853072
-0.0364345085843619 0.00897403349600479 0.0689100352423652 0.0560962052073344
0.0028205231468727 0.0207543182008912 0.00871756470800004 -0.674861679320216
0.0148003663484368 0.0104039071186265 -0.815149098747646 -0.522663683756559
-0.0102632546884173 -0.0235249914015546 -0.741526055123606 0.510147216619228
-0.0411773057567732 -0.00303218383543276 0.191760379246752 0.649831510737272
-0.0135978195145286 0.0208167949087417 0.44397487160082 0.0920038518802054
-0.00189191651895817 0.00374035548313639 0.161305821178439 -0.157193604769079
-0.00332073786919455 0.00469320134239029 -0.150542770763365 -0.144122796877232
0.0105899804871085 0.0066133204780376 0.129561830735801 0.103025335216965
-0.0175913388503861 0.0108401941866711 -0.115972259550764 0.0799744820387537
-0.0189337586632996 -0.00582606786585835 -0.430066866862038 -0.155907855233981
-0.019253858224044 -0.0464375625042207 -0.104098242321275 -0.576128169859714
0.0209949838100788 -0.0560352611978754 0.67432576729 -0.401201687561015
0.0262440827828801 0.0286889369475325 0.760202656855601 0.506871705870271
-0.0314633962588654 0.0296833181091058 0.0229247387579303 0.692901545274671
-0.0366823906603735 0.0148883942794641 0.0628922349582444 0.0638137995405122
0.00629329553379094 0.0248169996535736 0.0117038211241649 -0.670066890769442
0.0232300021754096 0.0101526535271072 -0.808483324686799 -0.534438922452568
-0.00340041955575358 -0.0256651500578627 -0.752646519731647 0.497659749246237
-0.035224749304923 -0.00114514126666148 0.18371446922774 0.652797297086368
-0.0112470256055325 0.0258217979324204 0.447293055022512 0.09667585298302
-0.00212336078146405 0.00885318131043582 0.165693461511594 -0.156453710993467
-0.00375697727040271 0.00930056381892606 -0.148660132498099 -0.14572231405983
0.0123925232794603 0.00877807370925203 0.130375929721324 0.104002311392375
-0.0153623288955935 0.0139349313338858 -0.110489394757791 0.0853930666602671
-0.0138031257498676 -0.00116944588367713 -0.427271864281875 -0.147092096390174
-0.0129767860095559 -0.0439647586741802 -0.114297270119787 -0.574423867820629
0.024953899716352 -0.0580334412905416 0.661079745407584 -0.417437424690383
0.0335218720256227 0.025781801844116 0.767544609834168 0.490114228147992
-0.0257376227739226 0.0316193470842144 0.0286631090878996 0.695795051357078
-0.0350191806643751 0.0169019021132857 0.0569868527733198 0.0742468952530192
0.0101218417195194 0.0264340058103912 0.0204924573402842 -0.663572966241748
0.0288433590846631 0.0100011642134219 -0.798862686495986 -0.553804215429517
0.00329011189455656 -0.0258780056716688 -0.767301181793468 0.480487778647875
-0.0300937804815285 0.00192132735784972 0.170830808558864 0.658971681175241
-0.00857874951665623 0.0308591735974904 0.449394634679263 0.108657487746125
-0.00105947556613249 0.0140592958446943 0.171765080784377 -0.151935434433286
-0.00372284249979221 0.0127987554482469 -0.146425688184613 -0.145845777436011
0.0143286328547174 0.0109158901252673 0.129764639097326 0.107228968643733
-0.0131318262791287 0.0159440086417069 -0.105220453519662 0.0903918203435952
-0.00972722581672698 0.00308973971419317 -0.423581817691577 -0.133121110105638
-0.00941554513195307 -0.0376228218204325 -0.126822544569106 -0.568032930307018
0.0263373420080931 -0.0589775372570472 0.645402031099278 -0.43830277172024
0.0382145253504546 0.0220443436284045 0.77905064856622 0.463539905254762
-0.020703574505139 0.0289678335007987 0.0426657909006895 0.699291586144736
-0.030891095729891 0.0148066311766698 0.0518885860276055 0.0851684665944844
0.0138170190244897 0.0236079009962968 0.0338166356825953 -0.656735833017458
0.0332764186010844 0.00751278289962575 -0.782157259363235 -0.578819174101546
0.00758680809594657 -0.0250438331095637 -0.784830652313144 0.455257051167528
-0.0248735466115978 0.00488737995726114 0.151076659321261 0.665524756825661
-0.00622072019670487 0.0346552760011182 0.452038089509753 0.124292035069157
0.000485438253500278 0.0146442447806916 0.177310810327896 -0.143867215860324
-0.00313558187480815 0.0143136017167752 -0.1450457100458 -0.145015460011296
0.0133960038204934 -0.00993760389170066 0.123202464005343 0.1178376810665
-0.0159373296229272 -0.0063669708165127 -0.118054789249935 0.102168798670243
-0.0272053573716737 -0.0142312740147349 -0.440092796380416 -0.120053925051436
-0.0382827366760132 -0.0319976450440955 -0.131575836273942 -0.565193829968992
-0.00696484401437046 -0.0384684528091635 0.667609896900105 -0.446355691264626
-9.24531692056115E-05 0.0180045859974019 0.807787085554378 0.450696975496688
-0.030417767823042 -0.00913038155577837 0.0703000300284115 0.680604278254325
-0.0181227199859713 -0.0281059131725856 0.083596814433628 0.0548752692696061
0.00509151089547363 -0.0120388436824953 0.0465642662252812 -0.692442297509358
-0.00448251341899625 0.00762045713902153 -0.7830255168829 -0.585060350194419
-0.0280528648471158 -0.00511233523681812 -0.769535934396147 0.472286392349706
-0.0557518346765072 0.00992399694904608 0.173044024818052 0.675896048470623
-0.0207094876238828 0.0137872591284255 0.451530390916703 0.129790413451195
5.13546333788077E-05 -0.0108789864690789 0.166288841370241 -0.135838455765345
-0.00142671519938186 -0.0121307836262702 -0.157527114214436 -0.12823876669394
0.0122176689359535 -0.00809787824391121 0.123894186352794 0.112863854278742
-0.0196718091155236 -0.00390399850755078 -0.121215215257233 0.0952502404114542
-0.0290515879934266 -0.014639651423469 -0.439415398497487 -0.135318905311279
-0.0386357025313141 -0.0366664528933638 -0.117969844170679 -0.572070772245473
-0.00338158599953172 -0.0416517911990726 0.6781630379583 -0.427524837681795
0.00103661177559561 0.0228966120468301 0.792070383768663 0.478759676827263
-0.0334198999582473 -0.00159016167455595 0.0532612157696816 0.679903036147904
-0.0241186689859624 -0.0198325004306183 0.0822481642937209 0.0488759850021834
0.00173117203614462 -0.00353937250131631 0.0316639461840137 -0.692315886126975
-0.00294124347034561 0.00905151723554277 -0.801578433631721 -0.556148544279877
-0.0266511333166878 -0.00934812992843628 -0.752178007150503 0.493421434188517
-0.0553380952362181 0.00547972627490952 0.188283696769214 0.667983739252915
-0.0211128156366546 0.0122736090689974 0.448861540637146 0.115104745436677
-0.000413368312784866 -0.0107048705296191 0.161568183468727 -0.145044728277537
-0.00142167434781513 -0.00934367606376974 -0.157640783026383 -0.133025915723515
0.0104943269624875 -0.00511439490766208 0.126455419041656 0.109882301972022
-0.0217347202724286 1.29971872800351E-05 -0.122668486627324 0.0884105913134663
-0.0283886461484588 -0.0135042965895063 -0.438975117260186 -0.146015020329715
-0.0364478078425426 -0.041454931499756 -0.108254985280406 -0.579457437798742
0.00232155598395629 -0.0456937114940982 0.687120828921331 -0.409805861436063
0.0058848824483417 0.0264346012515361 0.779650490546157 0.498501229553692
-0.0364286653260786 0.00873461499361963 0.0382590734434164 0.684385246956058
-0.0305644197437163 -0.00913724874878836 0.0802885195622352 0.0475282152057328
0.000269705256537821 0.00586549358583976 0.0174920851655394 -0.69157434148149
0.000746590865273506 0.0102312257484045 -0.815630340324013 -0.536264430590002
-0.0237053391214962 -0.0137058022109811 -0.743599516257578 0.51191535161017
-0.052803262765289 0.000560662995794058 0.197253767259488 0.66160876272022
-0.01870154141173 0.0125157360569386 0.448760657015358 0.0993877369339757
-0.0015661806142147 -0.00712369075955107 0.159520371544811 -0.151924622845146
-0.00195328497786981 -0.0054441431200135 -0.155813984442631 -0.1370296771639
0.00999282803141281 -0.00122317876920503 0.12735062434169 0.105897319311866
-0.0217029065965077 0.00454084859101598 -0.122858692910983 0.0834833324137732
-0.0282230906084243 -0.0121153418325891 -0.440586419429263 -0.155279600314486
-0.0327553256360265 -0.0465288642817352 -0.10377068433213 -0.580877513082091
0.0081535317266567 -0.0494690216961084 0.688279714284967 -0.403222844425021
0.0116911426333752 0.029303509253184 0.772722538626252 0.511553253881919
-0.0358853979501786 0.0181631194615231 0.0285060065338613 0.686806465878294
-0.033927874720531 0.00102033675867187 0.0749070026958421 0.0497114629975109
0.00144212699270463 0.0139394662440238 0.00909421871436238 -0.689456277788163
0.00696382486013352 0.0102456976478416 -0.824776609668809 -0.524004881316222
-0.0183135960302214 -0.0197497891974626 -0.741920028339909 0.522720109241032
-0.0471624595769611 -0.00289714795413937 0.20053142303487 0.656918293794981
-0.017144640938679 0.01487847565508 0.44826176468777 0.0918578725941191
-0.00191821694491206 -0.000875180551080495 0.160762533334828 -0.158701331455626
-0.00327566702590728 -0.00128230794188924 -0.154145607770546 -0.1407006502449
0.0112057564202698 0.00219740192717923 0.129330211821544 0.103789278005266
-0.0208106940120051 0.00785457246104734 -0.120940185619895 0.0808714725943967
-0.0238815062316263 -0.0091075222029727 -0.439223733260228 -0.156689239788239
-0.0267914649714308 -0.0473096073954201 -0.105502397910429 -0.581641264237688
0.0142516961777297 -0.0526922931342223 0.685523512915498 -0.401412071765512
0.019350120833445 0.030327371488017 0.767605701482774 0.512745032204102
-0.0339946582909226 0.0253387382741661 0.0253202776955517 0.693054921725428
-0.0370890389981497 0.00909283143490612 0.0687361892195065 0.0550863174288566
0.00270069588559161 0.0206874862801737 0.00359263421114687 -0.682221829487866
0.0163580447944384 0.0104470193840038 -0.828489544372544 -0.523316885123315
-0.0102354188999193 -0.0236747921279719 -0.746576012305376 0.520873940554604
-0.0429143220044459 -0.00203135431991118 0.1991519921618 0.654633818692529
-0.0136226549119841 0.0208368023891105 0.450717409726665 0.0887407772066546
-0.00206955527942184 0.00417846357615683 0.162851258635526 -0.160030671442376
-0.00428183800359998 0.00386509878758966 -0.152865400952921 -0.144191203608888
0.0107647120585649 0.00675702999173516 0.130307825928454 0.104253071442059
-0.0177455949474496 0.0125918302527325 -0.117086559896651 0.082376995241964
-0.0196093410297504 -0.00498215036970878 -0.43616027316209 -0.152183889808483
-0.0199728459693995 -0.0470777313584666 -0.110009168643405 -0.581182762553978
0.0204889783564462 -0.0571909922670347 0.677599870689259 -0.412045153697968
0.0266357997827743 0.0294061114777468 0.772050135488262 0.50508303067501
-0.0310106996505582 0.0313280982469082 0.0272840789191936 0.699821054774256
-0.0372980429872905 0.0150867121175827 0.06286688159906 0.0647988946951466
0.00586563928763847 0.0253799249290558 0.0070695678661996 -0.676694122567331
0.024071344442672 0.00937561728480888 -0.823187838000837 -0.534922299193349
-0.0036436325005445 -0.0257274630282243 -0.754161910290941 0.511596366781916
-0.0354487642992836 0.000408707543451126 0.191030721755349 0.656431502089922
-0.0100618948665908 0.0266003038640135 0.452550136398778 0.0955377817327393
-0.00277645314869132 0.00970485648143447 0.166714007759859 -0.158495395901584
-0.00363023939118924 0.00879453848734469 -0.151419096344199 -0.145804929019552
0.0123016406881763 0.00801219976759576 0.131446684556149 0.104814481682351
-0.0146507322124282 0.0146825914321016 -0.111711584569849 0.0851060264996767
-0.0154303189114266 -0.00117344039838011 -0.433500069184209 -0.143891988864461
-0.0141579252201788 -0.0449002824445706 -0.119750618992908 -0.576984839503056
0.0240574231972816 -0.059058635775616 0.666130284856409 -0.427668195105414
0.0330830052485233 0.026403459759404 0.777492322603755 0.488674213311893
-0.0260231640884719 0.0321827520700695 0.0341380925382171 0.701408748117747
-0.0337576311375701 0.0163929018345152 0.0577765777097087 0.0753659191978518
0.00955350857266437 0.026178831168544 0.0168829921990196 -0.670965516210289
0.0296487773356832 0.00889914367197971 -0.811487849736356 -0.553672832376223
0.0018116160751014 -0.0260796495710809 -0.770600409058333 0.491673572994341
-0.0301316760339806 0.00294978527045895 0.178496155901078 0.662478091759456
-0.00840728566738549 0.0306734309913077 0.454207377767877 0.106174358598911
-0.00119709355296718 0.0137342954109245 0.172427999286141 -0.153973325393887
-0.00307578283630996 0.0138089478577404 -0.149339272700206 -0.146004338288316
0.0135964232410622 0.00975226882216456 0.13253780606605 0.107261002877058
-0.0124524062327837 0.0171469079563867 -0.106109103571869 0.0929761234762041
-0.0103524831769846 0.00317814267343733 -0.430701645584739 -0.130426771036721
-0.00920650100298502 -0.0388877061763576 -0.132609153645296 -0.571928286176169
0.0272888527454403 -0.059115872853701 0.64933986599078 -0.447745464254575
0.0389935865957423 0.0224258696998809 0.789828706451873 0.460888264893456
-0.0207734425215601 0.0296583826290575 0.047617137150725 0.705344912080697
-0.0320345670602734 0.014744973765419 0.0542563046249029 0.085926505349388
0.0129261802173872 0.0242131299511082 0.0298030763498903 -0.662944495535576
0.0344229531231893 0.00662561324563501 -0.795972563790467 -0.581533702954398
0.00770572898822583 -0.0237148251375313 -0.789540151806413 0.465408628798934
-0.0255853185165312 0.00544070518152629 0.156877048649397 0.671466691965746
-0.00511799672360419 0.0350865683497578 0.456729026951361 0.121920302603501
0.000492903172949156 0.015337917133319 0.179533308347417 -0.147208637726853
-0.0025582708165561 0.0143527234234927 -0.14796099797005 -0.144811264221086
0.0135249846793703 -0.010658380581687 0.124814283633373 0.116637380867964
-0.0169545207085224 -0.00654368649273363 -0.119396338748591 0.104049464633408
-0.0279206442040384 -0.01372092409162 -0.444627357238742 -0.117158301014558
-0.0385102797541909 -0.0319991709095303 -0.137605603806297 -0.569683250203311
-0.00737191767127766 -0.0394864146442987 0.668946205598419 -0.458600328615644
-0.000263591633292972 0.0188030100900387 0.820206922226218 0.448037358687944
-0.0310542753732686 -0.00914607835184435 0.077557118233476 0.684375554524315
-0.0186827340174274 -0.028650670253441 0.084746219132636 0.0546162016822455
0.00471506568033687 -0.0131611451507428 0.0429503089272375 -0.700032031051625
-0.00412782461955558 0.00626794887647799 -0.796978036306628 -0.584177950731122
-0.0282730504364526 -0.00397355183946191 -0.771503895183102 0.485233670606702
-0.0557309813266393 0.010698611016559 0.181037019548302 0.682028062533395
-0.0211842530260673 0.0139618302888899 0.456859868044684 0.125088031482628
-0.000704014107733075 -0.0116443389135925 0.167468318303196 -0.138149174296769
-0.00124225666711083 -0.0116671121670149 -0.159567282892083 -0.127121721528243
0.0115995661924301 -0.00823649112625689 0.126348237825605 0.113069964738072
-0.0195795877215338 -0.00343286179447818 -0.122330828658301 0.0972906038942252
-0.0302426611509477 -0.013924845730654 -0.446381293226925 -0.13207956748892
-0.0388120582807192 -0.0370517948242779 -0.123658328505164 -0.577804731769196
-0.00445028851804388 -0.0415585934165323 0.681876463284143 -0.436181333505062
0.00138277322310959 0.0238198524939347 0.80390726530465 0.475629950917806
-0.0344515525840971 -0.00030514838201846 0.060263174956351 0.685475043234943
-0.0252815641556744 -0.0196452675841321 0.0837638571413701 0.0484295525520594
0.00163904441709111 -0.00299984716375795 0.0269095473482479 -0.70065493558839
-0.00364519287647905 0.00905352473396259 -0.813690908081227 -0.555778505492072
-0.027569223489603 -0.00897471407826951 -0.756095097655543 0.50848709966199
-0.0565759233071837 0.0055391846562942 0.195863841325088 0.673028015346209
-0.0210926519024718 0.0116784869276684 0.454426326345035 0.11023222809681
-0.00186112880349915 -0.0102655165517476 0.162009093738705 -0.147441488435718
-0.00166567167659706 -0.00906506976727176 -0.158970893719723 -0.132023094905952
0.0110684915578025 -0.00542906522270202 0.128419096774792 0.108837001256841
-0.0211968258853577 0.000595660882392103 -0.124437064688394 0.0899511618220313
-0.0299003490588176 -0.0139701223353834 -0.446839217520349 -0.141594371497767
-0.0377882869912709 -0.0427754879015933 -0.116866447426856 -0.584378965747258
0.00073158050279401 -0.0456811837604653 0.690693239091179 -0.421400058025825
0.00527498101332068 0.0265926529766924 0.790935545106381 0.495642403885392
-0.036753720876702 0.00884840916285676 0.0460294845201676 0.689548260060237
-0.0304005188547476 -0.00831540102520352 0.0810776760095727 0.0469441197569107
0.000274029969056407 0.00534711082690479 0.0115387673600858 -0.697741684854805
0.00110837129342696 0.0109383415586947 -0.82720007891681 -0.534385213612571
-0.0230062012788564 -0.014432807509828 -0.747278177248998 0.522702422300292
-0.0536131547250699 0.00111667359925438 0.205440174317646 0.666577594236787
-0.0189667075308571 0.0125159426601398 0.454913848820353 0.0955630565235611
-0.00221845239727323 -0.00718503212217527 0.160624407507383 -0.154639666226905
-0.00228910686003425 -0.00543963893127957 -0.159229249183007 -0.137605882655032
0.00984335587006094 -0.00206877513383268 0.130683327135029 0.1054426490168
-0.0223504030463996 0.00460882593820129 -0.124011722367484 0.0851111820809943
-0.0284050168021449 -0.0117888115722865 -0.447415612628108 -0.150585682084708
-0.0328759386596574 -0.0453402167909553 -0.110164290395713 -0.585359742223107
0.00773879829666643 -0.0494790918277872 0.692635457997083 -0.412629277645107
0.0120149390916914 0.029518317311749 0.782688965770244 0.509678375635515
-0.0372605885114168 0.0176406756234342 0.0357523968191198 0.690905736846823
-0.0348157647396193 0.00152461886155143 0.0766827870406323 0.0494985120657612
0.000872716980078653 0.0141468335800922 0.00461553718054653 -0.695274502966347
0.00757596625091202 0.0102947864678062 -0.837221526136027 -0.523004436670857
-0.0174258709339918 -0.0192208453670288 -0.743616027744199 0.532927872817608
-0.0492172431664396 -0.00138488069438891 0.21042003263043 0.659826824658902
-0.0169237514290554 0.0160667965860862 0.454368865662166 0.0871783180471922
-0.00234083261427119 -0.00229412400434059 0.160901645046223 -0.160603796381736
-0.00331314470689349 0.000299142692747561 -0.157043725036451 -0.1406768912624
0.00990488860881343 0.0025312975545755 0.131863324412788 0.10247606712841
-0.020583490335934 0.00894569209615652 -0.121666261505086 0.0838844411180803
-0.0241811236030999 -0.00821109292870922 -0.445498683088797 -0.153358557027569
-0.0272036792010007 -0.048001258979517 -0.110829954109937 -0.586707923611822
0.0143496657375421 -0.0544304803215444 0.692609828668941 -0.410340601874619
0.0192719166946659 0.0303104998354696 0.776962316175978 0.512595539488059
-0.034380553905059 0.0267442575136351 0.0318595488217758 0.697907937221706
-0.0379890834569089 0.00968153812495238 0.0712018547393767 0.05593145537045
0.00221871797475388 0.020670584384207 -0.000642480040880486 -0.689509997011344
0.0161435658958297 0.00987020132279969 -0.838918567475885 -0.520651880100117
-0.0108304676034685 -0.0230721383285307 -0.747234050004916 0.531424522547669
-0.042633273297263 -0.00119173549608675 0.208624191686827 0.658634288835633
-0.013502132607864 0.0204851936916276 0.454445808183341 0.0847856469029543
-0.00244249738849427 0.00399649229545947 0.163694811933076 -0.163572015224033
-0.00366789942578537 0.00557335945610413 -0.155912525274503 -0.144355596391202
0.0106333407648147 0.00597957329510232 0.133730846915809 0.102576962379391
-0.0179523316367449 0.0133697207701131 -0.117958506086985 0.0841329262281922
-0.020089740527161 -0.00487596004017395 -0.44110677520472 -0.148497537609147
-0.021555476938726 -0.0476981226200605 -0.11654552264523 -0.587043627062065
0.0194582710048594 -0.0571842151466082 0.679302315810998 -0.419540834500253
0.0268522880689048 0.0287415119587081 0.782108182536992 0.50156882945621
-0.0318553373974799 0.0308996979969448 0.0333344797664973 0.704171049445453
-0.0374539424364869 0.0157774395757119 0.0634805090450163 0.063657568607071
0.00600400749337642 0.0249080491526662 0.00100872485128644 -0.683631478192951
0.0240493046781568 0.00908872109556031 -0.83640450287365 -0.530929036301931
-0.00349008733772701 -0.025929270828954 -0.759486560235593 0.523677256937948
-0.0370308566745458 -9.21485954467685E-05 0.198984986190752 0.661605665150647
-0.010292234224582 0.0267004112349471 0.457666760271299 0.0908022334933865
-0.00210557585505643 0.00925995382835802 0.168490862757209 -0.161924251736827
-0.00394788259343026 0.0100955283418747 -0.153417097447495 -0.145590911508731
0.0122923230200814 0.00859698073483254 0.133071294640624 0.104775714517074
-0.0161798407517046 0.0162709122776644 -0.11326168515527 0.087551839181698
-0.0149963085147094 -0.00148266084015278 -0.440921241574329 -0.139379464821015
-0.0151925397314858 -0.0451330892459572 -0.12630077987636 -0.582102008899786
0.0245017023165018 -0.0598727926828331 0.666725303381951 -0.437232139487222
0.0339669982561263 0.0257610357986 0.788007182308177 0.486087185967945
-0.0271590111665427 0.0323087976659353 0.0410151717325227 0.707686186409503
-0.0351612186365941 0.0177306356006358 0.0582674270787989 0.0751737944690497
0.010589639059969 0.0259426946641725 0.0104657970778149 -0.677834347546506
0.0302431366598125 0.00842326821555213 -0.824576243119447 -0.550671487040371
0.00395873352019035 -0.0265678481404188 -0.773449522374245 0.503872949796999
-0.0300859419679099 0.00294872074686742 0.186186043257923 0.667460164189681
-0.00826236106342505 0.0325443795966766 0.461099858817123 0.102452221484828
-0.00112046219848147 0.0136672885836651 0.173957689199241 -0.157691997942956
-0.00425151935519293 0.0135144222235296 -0.1520422901995 -0.145209699091453
0.0134355017944822 0.00975500779282014 0.134496039003379 0.106501323925726
-0.0129333390226723 0.017393630065736 -0.105409193228115 0.0936506091110077
-0.0109219040499739 0.00297900220840286 -0.436147850205182 -0.125952964613002
-0.010720856253987 -0.0390831735197215 -0.139782366463488 -0.576294931183669
0.0270280444690305 -0.0592362300406188 0.651770156088214 -0.458637918767028
0.0390493121751808 0.0219446400990536 0.802024986648382 0.459821099735258
-0.0210223559368699 0.0292192423988667 0.0538035419787017 0.710328395835511
-0.0315605776869975 0.0155964329498741 0.0542621252538276 0.0876162769874912
0.0138057830493759 0.0237955874259855 0.0245522326679517 -0.670202346099187
0.0347330949249653 0.00673479708492976 -0.806353498613909 -0.578555450673006
0.00777382369794821 -0.0254260354361692 -0.794114199414641 0.477828263343639
-0.0259010695894486 0.005877017278126 0.166459041970401 0.676852336584089
-0.00601431728314852 0.0358715754567968 0.464107555322438 0.117450083566469
-0.000542221096707729 0.0156580736562295 0.180589500612324 -0.149673027102312
-0.00154791650788526 0.0154757265626295 -0.150229797894598 -0.144882691026983
0.0134609102538006 -0.0107403515474639 0.128003860461065 0.115790172855342
-0.0169610884967423 -0.0047336652390765 -0.118817238014547 0.106841835944293
-0.0281771682592148 -0.0137293003452787 -0.45170363792804 -0.112130832583146
-0.0404945790539926 -0.0318433162313449 -0.145788627681329 -0.572870350205492
-0.00756992922992195 -0.0383756148904826 0.670420664979353 -0.470000055326267
8.9769516976773E-05 0.0195030662320302 0.829013953371452 0.440904483605288
-0.0322526608505033 -0.00966784391603088 0.0852674361731341 0.687756793768149
-0.0193122273418835 -0.0291811256661525 0.0856638143473139 0.0538654426613122
0.00347578102730209 -0.0127266900037809 0.0346126538506132 -0.706570134587892
-0.00427046198733135 0.00625405538230896 -0.810891498620873 -0.578582719663421
-0.0285966033636112 -0.00322603637848051 -0.771050411613926 0.496126071405042
-0.0567816548165375 0.012851704592427 0.191735879087354 0.685497631649948
-0.0211389348176677 0.0146447040558549 0.463910292581843 0.122695299531988
-0.00103236561776173 -0.01153293303316 0.168121408396783 -0.140900337120685
-0.000660176189364499 -0.0107265764189631 -0.161968106317676 -0.125993657945466
0.0114267900740243 -0.00883598704099889 0.128661695446978 0.112412728553654
-0.020235749103333 -0.00257444305391532 -0.123460923877245 0.099567859558188
-0.0304619542262125 -0.0137732167827563 -0.452471195328015 -0.125369937144988
-0.040982681899767 -0.0368776218264651 -0.132973857730774 -0.580085749564708
-0.00482857814039238 -0.0420364614921999 0.681942979987332 -0.449145942809193
0.00164399751496788 0.022776749940118 0.816419480260392 0.469547311325446
-0.0351132799686339 -0.000607438877161255 0.0670712664085778 0.688533359249045
-0.0254504363429323 -0.0197087618873104 0.0851535623697643 0.0477901526552041
0.00112461012934448 -0.00424564213925605 0.0200431592108554 -0.707141637474167
-0.00247696646704524 0.00788145317632801 -0.828483320750752 -0.55039678905876
-0.0281630939660118 -0.00845247182197465 -0.757347785431264 0.519952542992792
-0.0566134140293507 0.00649558221769273 0.205025355120319 0.676746570866411
-0.0212407946381135 0.0123325827525501 0.461266484695103 0.105502401067026
-0.00185377513869665 -0.0108838423281604 0.163011039719205 -0.149893317619601
-0.00216441671806084 -0.0099502074117336 -0.162122711959797 -0.130848125349539
0.0105465018520096 -0.00560561959451336 0.130022428844399 0.107878952477611
-0.0219700264681182 0.00127521245261326 -0.125336630722934 0.0919948530296258
-0.0305680140806711 -0.013396867899711 -0.451209466069679 -0.136959719716293
-0.038803068589284 -0.0421853432767033 -0.122095908057464 -0.586753118108112
0.000949469927614421 -0.0457880453845451 0.690846043918838 -0.433198012129563
0.00531163866999086 0.026985778134601 0.80372488750918 0.489076077440906
-0.0370052904661865 0.00939239334368238 0.0530873841734032 0.69260021223621
-0.0311200741584388 -0.00832586412838494 0.0820810268982586 0.0468401914539745
-0.00106357045337981 0.00486243792679271 0.00528877028345087 -0.703528130103683
0.00153773268419321 0.00925172044690932 -0.842524086134683 -0.529327860757811
-0.0238453966305603 -0.0139257141270435 -0.746954536365869 0.538561623357156
-0.0544505536174614 0.00146429636209781 0.214155990813617 0.669403699806592
-0.0193371002502276 0.0133693931261785 0.459803349322116 0.0917159582078645
-0.0020115585497178 -0.00694932806706268 0.160615876605245 -0.15754161127005
-0.0026601738642774 -0.00462425131499108 -0.162344436860533 -0.135473497569866
0.00976648857962926 -0.00152325573758345 0.131532279689689 0.105505455197049
-0.0220993507315483 0.00540788867759938 -0.124960384022663 0.0872081329241637
-0.0289024086998998 -0.0118626137556341 -0.451738256055161 -0.144249992735357
-0.0341536709430703 -0.0455311199529141 -0.118717325300415 -0.589598333287723
0.00744285624167125 -0.050728541791328 0.694546709484897 -0.425310622956058
0.0116694635353194 0.0298242100677634 0.794898212070775 0.50502691018641
-0.0376704784370049 0.0194369895429803 0.0422739941968997 0.696729350779767
-0.0356791434030073 0.00107076235301204 0.0776291646476114 0.0490406597345101
0.000794587162956297 0.0137858005202715 -0.00447331536780276 -0.701144463064289
0.00885527773419381 0.00998836993497518 -0.849893416354758 -0.519278476551705
-0.0174197878247395 -0.0191115720642266 -0.743867130640728 0.545242157482867
-0.0495115160503498 -0.000221858328314485 0.220416574238867 0.663126761132493
-0.0166421757615098 0.0165418000032285 0.460536964969496 0.0835186206641003
-0.00302041127099294 -0.00165461416920435 0.160890946551842 -0.163825767394647
-0.00411322137521181 0.00031592234959597 -0.159025235411412 -0.139830029062905
0.0101978672432798 0.00213146486066316 0.133398495438678 0.102776339829388
-0.0210763337061745 0.00990807687958795 -0.123067913156121 0.0853750642996357
-0.0249012997589931 -0.00846343263015911 -0.45136871954735 -0.147863080222293
-0.0281561139081517 -0.0478294633499906 -0.118175653033108 -0.590126637203794
0.0135683477148697 -0.0549305762644737 0.690317617388903 -0.423229848015371
0.0192855696534405 0.0302267514125216 0.788555934233071 0.508684088922983
-0.0357187202142657 0.0266683982292473 0.0382734676323579 0.703530964883449
-0.0375579591601349 0.00945940614396162 0.0711596173085521 0.0546406610114211
0.00237473075875464 0.0205826815748494 -0.00763487185158214 -0.694009248948006
0.016762927798472 0.00887710870461766 -0.852955973594572 -0.516769939806804
-0.0106642563229735 -0.0229023365176486 -0.748096025761076 0.546486672356432
-0.0428373344843975 -0.00128756190204034 0.216967764389939 0.66240596218631
-0.0133983937932732 0.0212154597734916 0.461325408317044 0.0793992300775522
-0.00319274792508994 0.00482419780295923 0.163678245437946 -0.165983454605825
-0.0037761201854605 0.00581279767985284 -0.158163054446225 -0.143134015256057
0.00977673017300803 0.00617862337326869 0.135376701737168 0.102709479413438
-0.0184554475585957 0.0139112349262343 -0.119622850291961 0.0864983581006451
-0.0199674323485845 -0.00451342236944211 -0.448049012199804 -0.144217919159834
-0.0219320155832737 -0.048598048314909 -0.123250679701731 -0.590168103312083
0.0204911157892497 -0.0582439502736096 0.680619260794794 -0.430921033029639
0.0264748650033041 0.0298162653140208 0.79427462340804 0.498260244181464
-0.0323557654376781 0.0314420346885269 0.0415745569212919 0.709524525741913
-0.0382660550653534 0.0153523440672081 0.0652676949738279 0.0652503629806738
0.00566080258907472 0.0247169584367816 -0.0060065363246497 -0.688443731215732
0.0247064366203566 0.00859740732598929 -0.846750386429485 -0.527068838018274
-0.00267890880412727 -0.0256736606829431 -0.760450311855948 0.536201880779394
-0.0360382311408425 0.00043732495892751 0.208849841687582 0.664809320735593
-0.0104717354115362 0.0269385342224051 0.463782608214713 0.0868854591839599
-0.00259253203621105 0.00951804224008254 0.167645416588932 -0.165108800881422
-0.0033088181313957 0.0102300963121106 -0.156603175748398 -0.144827357091113
0.0118445125310189 0.00829838950882762 0.136153052171555 0.10365101567951
-0.0159904615301867 0.0175024877632418 -0.11407965784949 0.0903722628093894
-0.0151619856463978 -0.000953802443278325 -0.446009021045256 -0.133554487803749
-0.0165781857099522 -0.0450612512995857 -0.135883516767195 -0.585485490891174
0.0244295075465304 -0.060892565272568 0.668107177789922 -0.448874866637124
0.0340372656504861 0.0259117416929645 0.801635798727424 0.481004996115006
-0.027178944148168 0.0326618108483023 0.0477145305180817 0.71221376755588
-0.0358989112466839 0.0174776754490582 0.0592264400848465 0.0760018686193242
0.00990751922809818 0.0267477044918893 0.00235953295877169 -0.681962080025833
0.0309534812796436 0.00746877700128407 -0.838361724652017 -0.544348749267201
0.0031141423704765 -0.0257683201283341 -0.774089515100655 0.517247889899004
-0.0305008156001574 0.00284469048052985 0.194581181667841 0.67110188360344
-0.00781835797332077 0.0311555358149009 0.466232822555411 0.0957281104419256
-0.00168315672037206 0.0136886932668092 0.174275266515142 -0.160196967442667
-0.00328029144856171 0.0141267968228414 -0.15400144407334 -0.145039221678343
0.0133294692377191 0.00923364164407749 0.136244439998893 0.105761633775404
-0.0124153498495299 0.0183375426827743 -0.107479703851579 0.0958100418821048
-0.010661993090373 0.0026733379880717 -0.440905953998551 -0.120926383320506
-0.0114187389288212 -0.0395258333108831 -0.148079222149598 -0.580298395930996
0.0255014543893918 -0.0603407497314025 0.653176879420095 -0.471221129237228
0.039349013978396 0.0220994631222847 0.812906030769483 0.453712628148887
-0.0213050554699469 0.0291192424831785 0.0642220985675513 0.714941208326816
-0.0317381817152144 0.0156634230814995 0.0551138580888544 0.0872486019176291
0.0138287796827572 0.0230179602653388 0.017916858447784 -0.674554966145071
0.0349501533978846 0.00588320959439058 -0.820457658548395 -0.575324220277904
0.00812314843611905 -0.0249175515735501 -0.795254602926228 0.489177081611449
-0.0260696389874204 0.00692302624662967 0.174176570424373 0.680161587967791
-0.00607573065158492 0.0355309387622197 0.469330276625955 0.114294702300646
-0.000451750721713197 0.0162885048448525 0.180804930060349 -0.152109955381901
-0.00276186351793963 0.0155274918965664 -0.152474942721626 -0.143119432182305
0.0128700029751404 -0.0107275156783037 0.129648434057885 0.115871235679948
-0.0176971488433228 -0.0043194926510119 -0.11941713665781 0.108111515057333
-0.0293148847965828 -0.0133694947102853 -0.456344955722448 -0.104396827450694
-0.0416954794338667 -0.032038613041162 -0.154078876271532 -0.574641927480414
-0.00854212085396295 -0.0387811849807531 0.668821777296754 -0.48010946902906
-0.00065341147428374 0.0203493211948354 0.840853175755709 0.435222445772538
-0.0334101037287825 -0.00921650035751304 0.0935371731566064 0.691214861929843
-0.0200149326005828 -0.0290628364419708 0.0871030442126117 0.0537769881983162
0.00375127385373697 -0.013650662934692 0.0264666857889805 -0.709980758875987
-0.00313188907849872 0.00708757326517684 -0.823392207416752 -0.575449619162543
-0.0282595359735834 -0.00275175510169624 -0.77056598929201 0.512273842971215
-0.0572394888227184 0.0130500727884342 0.202296473785277 0.688554995050028
-0.021310007622557 0.0149027557648739 0.468288286464218 0.115632715490081
-0.00151042151164702 -0.0118978647157975 0.16785255780536 -0.144051672953159
-0.000955680835807566 -0.0112743778401689 -0.165011218326882 -0.124350707191802
0.0120951432929889 -0.00883755002902288 0.13032126578506 0.111750501952639
-0.0206090297221185 -0.00184284086072021 -0.123121582026309 0.100939667544199
-0.0309653334599244 -0.0132251433078358 -0.456858187009776 -0.119638467626268
-0.0424109669222957 -0.0370081456474492 -0.140977657018721 -0.584765205008448
-0.00476318052826682 -0.0419858428498415 0.681686590900418 -0.46096437851846
0.00142345295679864 0.0228690098466049 0.827340436543813 0.460705109903583
-0.0364435560952848 -0.000428801304225384 0.0764354829829121 0.691848844976252
-0.0259216583740064 -0.0189913665017778 0.0855950643061415 0.0480769421431697
0.000780085453710368 -0.00534117021069019 0.0105816859940347 -0.711342910914016
-0.00166795912167127 0.00813194032952001 -0.839027230087703 -0.545999964961678
-0.0270652266734834 -0.0072416229605425 -0.754911234083526 0.532993729932486
-0.0566246174807166 0.00763197060356094 0.216167396556203 0.679399785275113
-0.0208190150984684 0.0130755072549208 0.465331042522023 0.100383781488185
-0.00249947868331401 -0.0104813349984372 0.1627768455503 -0.152288093299914
-0.00185364406646623 -0.00794399084980776 -0.164129222729872 -0.129922398851294
0.0108209164628088 -0.00586886452526918 0.133200886848713 0.107538431436089
-0.0218949133597309 0.00245287250880182 -0.125979214019784 0.0945602974078471
-0.0315869359970598 -0.0129571695152921 -0.457877634099641 -0.130111297122117
-0.040451102523003 -0.0422663351873186 -0.133394819009519 -0.588082602683061
-0.000199800195665992 -0.0461881598708492 0.692496587301144 -0.445173406825145
0.00591353769730314 0.0274300443605613 0.81480289903378 0.483977923866147
-0.0378436932303761 0.00990143547009375 0.0609874831632209 0.696412901839189
-0.0318430687391049 -0.00889327522176635 0.0830301604009514 0.0469395090351224
-0.000705786844978996 0.00400177952422512 -0.0045849550585965 -0.710949860752133
0.00228947702015949 0.00890474189220711 -0.856024997118069 -0.525187164505321
-0.0233421613374974 -0.0136218033343606 -0.745747731188032 0.551856609605194
-0.0548806260273965 0.0029635113216183 0.225167441398245 0.671171987397448
-0.0187725782306619 0.0134977446041511 0.4647403188857 0.0857927003607435
-0.00360403298330548 -0.00702254716106948 0.16012514071512 -0.160397544289811
-0.00302988327954475 -0.00446622497504263 -0.164183227331274 -0.134485847509389
0.00996508511070283 -0.0021117803089559 0.133658710028338 0.104447092215528
-0.0219264488419748 0.00641493925677561 -0.126043942814323 0.0899765828310526
-0.0294726383663094 -0.0108571076052364 -0.457480449993099 -0.13896109134054
-0.0357912449790347 -0.0462577498025505 -0.128825715485548 -0.592438614565752
0.00645899884462574 -0.0503451075733362 0.692254699551508 -0.43594225212181
0.0123759313065356 0.0301593606132888 0.806183865131665 0.498376797218198
-0.03753376596648 0.0197554054725538 0.0513592356788102 0.700695012718977
-0.0355168408285789 0.00132361765218237 0.0779410533914252 0.0495917252011845
0.000188758442806334 0.0132423656321195 -0.0128417253068414 -0.704942712071003
0.0093653523431578 0.00986824940635848 -0.861145073182509 -0.512645048513008
-0.0184723869770726 -0.0192545614095728 -0.744234841953715 0.560544360267407
-0.0488915273557773 -0.000694386455833071 0.22980920469953 0.664234112844329
-0.0171448116246889 0.0164619954445931 0.465921878149011 0.0763988336532748
-0.00323497851518252 -0.00174335452911256 0.160656681582522 -0.166874356471894
-0.00266876870971331 0.00038474225167579 -0.161935919179551 -0.138599869796985
0.0094636134462505 0.00237057507410084 0.135351051035953 0.102412443654822
-0.0214205921449663 0.0104820343937639 -0.123912202926642 0.0875193358357867
-0.0257299366020573 -0.00801807290036539 -0.456891473521191 -0.13986541501905
-0.0297714537539756 -0.0473085019340777 -0.127604775799901 -0.593459288339545
0.0132915405010128 -0.0546497383114891 0.69126286875857 -0.434671644156335
0.0194997987364027 0.0306967685564306 0.800293224722176 0.5001052277453
-0.0363800541948983 0.0274484144577475 0.0475196721423899 0.706741550698319
-0.0379589596539397 0.0103842554162386 0.0727699894755525 0.0547435629058442
0.00225797172419975 0.0202111017069627 -0.0178494370886251 -0.699925879961748
0.0157718508046334 0.00833651415101806 -0.864858096083835 -0.508948160844656
-0.0109237119071192 -0.0234046949740984 -0.74544335257425 0.559946929859192
-0.0432338912811238 2.75732235581333E-05 0.228362249295701 0.663535987745306
-0.0139115998369778 0.02138459217575 0.466355827542325 0.0745864199410537
-0.00392873488846624 0.00426440618254117 0.163117673136819 -0.169084711529555
-0.00410256630945522 0.00627818830324697 -0.160810319178651 -0.141911881692235
0.0100916338182459 0.00465211732431522 0.136992472887845 0.101015520176164
-0.0194311767939945 0.0155073622095618 -0.119544210105976 0.0880925328768741
-0.0203777562515326 -0.00527686793728568 -0.453738501683965 -0.136783788301655
-0.023724516146073 -0.0478074569798417 -0.13328278478888 -0.591321983227851
0.019073478857125 -0.0590328754689177 0.681063354366267 -0.443819657335147
0.0271439621039748 0.0302204989588397 0.807016813591555 0.490948314096488
-0.0318399131058652 0.0318797863068187 0.0504704259020654 0.712519513776252
-0.0385700874129733 0.0165519796176757 0.0670311485723995 0.0643954962287193
0.00560801437419874 0.0243667230531836 -0.0134504177107503 -0.69207385185753
0.0244720982262125 0.00701710661229547 -0.859938539079518 -0.522309785804889
-0.00369450448475088 -0.0254917589139072 -0.758554713262483 0.547695393905349
-0.0367154912382921 0.00062346770200631 0.219246423496358 0.667831398248402
-0.00985265411543879 0.02680508512373 0.468946993245523 0.0786184811401409
-0.00296708714007618 0.0105302041314855 0.16777915696117 -0.168023992874083
-0.00407529204712929 0.0119464327754064 -0.159222281129082 -0.143238722506705
0.0117409712454528 0.00839242384040296 0.137545085035175 0.101882269134044
-0.0152693940384168 0.0178648062538604 -0.114913890366588 0.0923191026168872
-0.0158023384356162 -9.89367372234255E-05 -0.449986352974287 -0.129881119226313
-0.0183633511607701 -0.0452166923430076 -0.143712541378314 -0.586838102675162
0.0233222110474219 -0.06086921889148 0.667370227747245 -0.459147978922004
0.0339607784888188 0.0252418148308024 0.812528200325551 0.473002338222456
-0.027325264654855 0.0330458389692406 0.0575320310528062 0.716385100467385
-0.0363447043613253 0.0178971236083558 0.0610100817880594 0.0760373549287651
0.0100770594974353 0.0259676535015472 -0.0053660649847321 -0.686293806502786
0.032107878777647 0.00613288354198038 -0.851839509024677 -0.540815946127409
0.00360544123251529 -0.0257994850712572 -0.773090922829871 0.530615578720639
-0.0303149781230837 0.00379218510185769 0.205675390259593 0.673911351145957
-0.007880867212368 0.0326753412501863 0.472104563526457 0.0913654455000166
-0.00214229415342011 0.0140353319365415 0.173989727905587 -0.163835329667125
-0.00299109500400926 0.0147427012073713 -0.15648516946072 -0.143689563049033
0.0134747613074618 0.00993223457688902 0.138415862557588 0.105786957624163
-0.0133524710371 0.0205437560712478 -0.108259047332046 0.0989586058057605
-0.0109317060820293 0.00381842902395122 -0.446739325859919 -0.114947184970311
-0.0118983134104598 -0.0402791371787263 -0.155441651676455 -0.580862186060734
0.0251262929133794 -0.0608114385692385 0.650091190158957 -0.480786911047648
0.0388860494042952 0.0215875691452411 0.82414801267341 0.446141542540873
-0.0210789357614743 0.0302079010565793 0.0715553361209353 0.71858987186426
-0.0324084117079792 0.0154673707825965 0.0559443036031069 0.0875284810546272
0.0137602847700899 0.0225715065573935 0.00824082859061495 -0.680815988591837
0.035011788850592 0.00540632892783211 -0.833382936831518 -0.56822796905764
0.00827443960580296 -0.02477226447 -0.794663000280403 0.504715440062777
-0.0256824825354598 0.00700752625415672 0.186290809981435 0.68360864720715
-0.00557596007692667 0.0359620438514351 0.474675750622342 0.107335357985352
-0.000342920693340071 0.0167829906342395 0.181207503865564 -0.155953212219238
-0.00269338042231579 0.0158478993580717 -0.154804348319825 -0.142287116543937
0.0120312762412054 -0.0107857099376969 0.132022621078248 0.114605898288619
-0.0177651738891374 -0.00376529618402846 -0.119479645485446 0.112022419153789
-0.0288747103044427 -0.0138903345221784 -0.461041173449454 -0.096929285652201
-0.0429979828072654 -0.0314754735102721 -0.162439598215063 -0.574808623395292
-0.00937726498712557 -0.0404038766800235 0.664803902799064 -0.492959460808107
-0.0010569275020121 0.0195985848923579 0.852484547802545 0.423629206921543
-0.0330191949914407 -0.00940418896312473 0.103354124038001 0.6923863091865
-0.0212584403428181 -0.0291773234057027 0.087863620565963 0.0530975159691776
0.00324860965961367 -0.0131175319812827 0.0165859329305528 -0.717700942980675
-0.00410015375772007 0.00524415669357971 -0.835831667249562 -0.56509512980508
-0.028227459977422 -0.00245087439641986 -0.768207566471882 0.525273064749682
-0.0570477737603539 0.0140531001211003 0.212392998180546 0.68838030397937
-0.0217103530906384 0.0147173028890114 0.474010592864605 0.110997108093956
-0.00107668069615183 -0.0124674458657408 0.167529229260736 -0.147195515168778
-0.00105524709433851 -0.00914577820903803 -0.167264147321496 -0.123541479451397
0.0107888259804134 -0.00756582790450849 0.132338309467867 0.111685191782409
-0.0209020236269624 -0.000525732851321018 -0.124851431957638 0.103473865181091
-0.0311809400369712 -0.0134581160685237 -0.462544275385504 -0.112382253347703
-0.042995705778512 -0.0371044443906441 -0.150110546025434 -0.584290183634281
-0.00647985973031715 -0.0421177420592199 0.680752394936218 -0.471865292717716
0.00154655903078092 0.0244983358593794 0.837441486831587 0.454234999939235
-0.0369791099815608 0.000182179270254972 0.0837581713143142 0.69444871428691
-0.0256442636191624 -0.0208121006172601 0.0865929775690231 0.0474560621972907
-0.000480546565468094 -0.00479745870024417 0.00193957761762405 -0.715277301660184
-0.00188408881000136 0.00773000809299855 -0.853652464426723 -0.535820372809545
-0.0272921400556411 -0.00694281440177909 -0.752378872713541 0.547737585741159
-0.0570750202971224 0.00883264523992614 0.228106875678034 0.679042637902347
-0.0212394575364187 0.0128924617272535 0.469860387841995 0.0934122069890929
-0.0037255091863935 -0.010633085272368 0.162969725043128 -0.156012978837212
-0.000775626548678824 -0.00934055131703835 -0.167030560770095 -0.127866083837232
0.00816595568531967 -0.00629103121545131 0.132575692577264 0.107085033745388
-0.0225945140564665 0.00295701195345843 -0.124871451459454 0.0978607265179561
-0.0325097394401927 -0.0150354485488694 -0.46279519870106 -0.122860589518425
-0.0410166483794991 -0.0419604234146983 -0.1413644044041 -0.590099294768959
-0.000672935992933913 -0.0462854250949799 0.689114476967846 -0.455727865000148
0.00537639913193334 0.0268879531241399 0.825701992878879 0.474152157270425
-0.0387150529796151 0.00972753150054486 0.0709062909814736 0.698455126261098
-0.0309430512989417 -0.00835987123386205 0.084120146503429 0.045061932491037
-0.00102315101937391 0.00467667496537941 -0.0137626616493245 -0.712837302825197
0.00267689799302057 0.0088584773547247 -0.86434454937378 -0.514055502956785
-0.0235381386602672 -0.0125036486832934 -0.74358274397137 0.565466638501674
-0.0546927173448933 0.00369185774472982 0.23627483872985 0.670615948842654
-0.0195349227675901 0.0138838784710644 0.469377512062424 0.0797190886201293
-0.00342537264555317 -0.00630554074157471 0.159380206609235 -0.164187059673428
-0.00256747075677791 -0.00496354258524034 -0.167446494419643 -0.132977255802116
0.00981090325795115 -0.0016580176774861 0.135601354880671 0.102973199236159
-0.0223660266819737 0.00781524330335422 -0.124403797202768 0.0929502881069288
-0.0297799787717862 -0.0107667362412211 -0.463693293000553 -0.132555701612013
-0.037668975591189 -0.046518303121006 -0.137279354425132 -0.59213137738755
0.00455661472158274 -0.0506797017039409 0.688308076887554 -0.447495728035137
0.0117836899918558 0.0294249606843999 0.816686934262739 0.488358979721763
-0.038450642380034 0.0194419560805783 0.0614782475419987 0.702272348202412
-0.0353003562574029 0.00139409118080478 0.0793812888171674 0.0476298293587037
-0.000316723970234009 0.013373478946656 -0.0234529796445579 -0.710644173851769
0.00974909122311853 0.00931735186545875 -0.87242260184305 -0.502287539011311
-0.0181846303325967 -0.0184922789283491 -0.738166925708872 0.574224609272571
-0.05056404775272 0.000629461766069067 0.240452268787544 0.667516034832162
-0.0169583163570751 0.0171229929315179 0.468792559084552 0.0709693808213372
-0.00390214131410691 -0.00127714136084696 0.159253934652678 -0.169867697593481
-0.00411143172863131 0.00183426709502084 -0.16461242070177 -0.137165368061877
0.00990626036335992 0.00188863204265599 0.136823009986113 0.099919222505888
-0.0218779070153811 0.0117926480489985 -0.124249613039912 0.089806364431481
-0.0266456241036671 -0.00698046729845616 -0.461665587215444 -0.133726406480085
-0.0317307455092251 -0.048414881364819 -0.138140260187293 -0.593963492462866
0.0124388543672314 -0.0544159627306821 0.689128432880131 -0.447158708501181
0.019613506330391 0.0304035452020137 0.812150484961809 0.49184485905715
-0.0364021015159834 0.0272940588086983 0.0551805730349791 0.708145371774443
-0.0388615249288632 0.0113317575763065 0.0727072312332638 0.054894349112297
0.00262806350447122 0.02017898880703 -0.0283396051214179 -0.703539427109908
0.0175849080384109 0.00781179008465972 -0.876986917788428 -0.500948302461182
-0.0108503358052973 -0.023466229066047 -0.743344542530138 0.57195658568879
-0.0446061001995709 0.000350293489698644 0.238982201028713 0.664691759794506
-0.0140556317978521 0.0211352217535804 0.469684173502733 0.0684839908233113
-0.00421504557504662 0.00476629903854907 0.162867425265452 -0.172151656279626
-0.00387600105498241 0.00615233100196063 -0.163791211263078 -0.14012399872378
0.0109293642748285 0.00538593069175502 0.138992513818975 0.0998848559793994
-0.0198301219712457 0.0172733914268827 -0.119258689286118 0.0903291692914644
-0.021261231398981 -0.00464174176775833 -0.459912305701689 -0.129716646585849
-0.0249527392720454 -0.0491914885514463 -0.142161848018141 -0.592782935225227
0.0176615355707577 -0.0574794871552439 0.678554307484224 -0.455570731024059
0.0273595998317764 0.029130143920135 0.816994232687988 0.484000103919118
-0.0338571687730083 0.0316541525489432 0.0597531527286759 0.714109905332852
-0.0401185121372897 0.0159697584584102 0.0685946608132941 0.063395748635615
0.00629298698405002 0.0223713909513863 -0.0240485298109004 -0.695946489381175
0.0244808434000055 0.00706350846733325 -0.872356478223154 -0.510624354279409
-0.00323622363564134 -0.025448886095889 -0.755193895379827 0.563510325675297
-0.036822836530339 0.00172556019279628 0.228260731768161 0.66683933328285
-0.0103847175299896 0.0274703431658234 0.472110349479206 0.0738836912168598
-0.00131765543934776 0.0101735669398027 0.166776085703688 -0.172022812271985
-0.00400100480919329 0.0114106932495757 -0.160946043918347 -0.141923968423593
0.0126507527409709 0.00985909438207726 0.138321416051865 0.0992083842187119
-0.015726136322744 0.0197955096199582 -0.113619673711213 0.0939406056570807
-0.0153943052749078 -0.00188170948174881 -0.455097489951749 -0.120267928215559
-0.0182570441426513 -0.0460142316076714 -0.152266408404405 -0.589965510421613
0.0227881648568362 -0.0612712928034357 0.66454140541949 -0.47339660440971
0.0350142806539206 0.0266246455428708 0.823385448015493 0.463968463799784
-0.0277781763230544 0.0338057951566728 0.0658566771027043 0.718220542118161
-0.0370565815190484 0.0181203737429891 0.0619327658913078 0.0759070159952074
0.00936238157530709 0.0257922155319794 -0.0142879009638996 -0.687496997923626
0.0323852050091184 0.00580222584852234 -0.863606517897703 -0.528507581846531
0.00355176710551757 -0.026142413475173 -0.770245313599509 0.544879067646122
-0.0295613678012284 0.00504753064521 0.216264549284165 0.674610115200325
-0.00694107360277951 0.0317284684806372 0.475609289852038 0.0843710946603205
-0.00112350805330833 0.0134768097188463 0.173264545457198 -0.166330167770474
-0.00422568633457498 0.0164888218779238 -0.159057284211081 -0.141382202688956
0.0135740518631691 0.00862457522398925 0.139995885759931 0.103976929446269
-0.0119876284276137 0.0200439132820054 -0.109940800627896 0.098541087574987
-0.0111762250136356 0.00320081509831685 -0.449969480928796 -0.109440654288206
-0.0143718116115879 -0.0405228972947082 -0.165923488999069 -0.582661311090266
0.0241537780364033 -0.0615617289538337 0.648781202692206 -0.494116922913009
0.0402396786503261 0.0215391894851255 0.835579638192022 0.435847303228249
-0.0227277493676135 0.0300800599294967 0.0807531087216618 0.721140071642067
-0.0330742705555717 0.015998749055763 0.0586418216161253 0.0858500187773834
0.0140575403815299 0.0241082624654495 0.000777420011277094 -0.683897028448328
0.0358783652208178 0.00361871726685357 -0.845892201894783 -0.562173409619962
0.00790057275546685 -0.0245174254278645 -0.791530636335108 0.517236903383939
-0.0272222746137013 0.00816722547000506 0.196900665436096 0.684046693485129
-0.00458276542886764 0.0358244224043723 0.480150939645773 0.100920184640905
0.000210705338856115 0.0166522294754258 0.179664394757901 -0.159378286605858
-0.00271577610558882 0.0166240712869967 -0.157668941984831 -0.140207588564759
0.0166024972209333 -0.00626811267273638 0.061156975648471 0.165019098439082
-0.0119830545598751 -0.011668525568669 -0.15916142737145 0.0409204873558801
-0.0157945478031832 -0.0207247323262619 -0.359074308908708 -0.304084831794382
-0.027603199739738 -0.0414980921701762 0.12833424041675 -0.586312156299654
-3.71522681250677E-05 -0.0432858622640651 0.822205377035259 -0.117431912016507
-0.0065067910549809 0.010915670698243 0.544012315509308 0.784608908663766
-0.024390181848589 -0.0180328072849361 -0.244284443949484 0.655941160046591
-0.00478645308695957 -0.0358138417455607 0.0516285515563243 0.0870755928419787
0.00545471851211259 -0.0146899438804823 0.349235151620853 -0.619869666287558
-0.0135537839548446 0.00288759616456855 -0.466218655974545 -0.881347482945877
-0.026987243238632 -0.00971084990048037 -0.922779068654218 0.0980664876525126
-0.0501106236068806 -0.00529068720450653 -0.144897421389167 0.704440194247009
-0.0218172481858749 0.00430076755683633 0.362502874672428 0.328618808850749
0.00581315300133025 -0.0134393816849718 0.223127180308716 -0.0464980358941928
0.00298788835766355 -0.00973024416702381 -0.0829056379203423 -0.19364376727908
0.0143824143725182 -0.00477274892514513 0.064254225414602 0.161989037007654
-0.0155426546083622 -0.010286234668306 -0.15957673426501 0.0323351974024257
-0.0181683158344238 -0.0201782900771676 -0.353298111572613 -0.318923845128381
-0.0258265196762942 -0.0476898215211071 0.143250629959452 -0.587389344609847
0.00404269817761078 -0.0451479960457454 0.823987229972175 -0.0937157963121064
-0.00683853521896551 0.0157030721548203 0.515437684392107 0.80240605829673
-0.0313836179449143 -0.0116219281512118 -0.260501177734131 0.64953972881759
-0.0141771984786332 -0.031049748410484 0.0539043676346771 0.0821684309632632
-0.00227661246301945 -0.00730046812274248 0.334455127939181 -0.625263827268363
-0.0130098581038749 0.00688829712971458 -0.493970209332577 -0.863843849709212
-0.0230099279417178 -0.0141969216529975 -0.918571211987505 0.125935259481043
-0.0470223914290246 -0.010235496954134 -0.128821487701767 0.701435722708232
-0.0205099287776655 0.00279127502771593 0.36894337579961 0.312716029443862
0.00382685433732383 -0.0126115424882197 0.223300793442355 -0.0573232201885005
0.00134051581958674 -0.00766553508245368 -0.0798029155873118 -0.198159115758299
0.0115872427555113 -0.00254315862585941 0.0678776440893077 0.159725509729855
-0.0194157996903688 -0.00807349400686517 -0.157204898774968 0.0257532539339714
-0.019321594910133 -0.0209282179593933 -0.349346216331531 -0.327735215111845
-0.0213362382925134 -0.049740641174419 0.155010269452524 -0.58869104371599
0.0108401769493788 -0.0466064317316621 0.824805055857839 -0.0749034830854127
-0.00437616574538856 0.0209049211044959 0.495650217810872 0.816075358021543
-0.0373091460296559 -0.00376746029615351 -0.273340619615316 0.646727250820575
-0.0245881181739937 -0.0232517148378812 0.0520609167586248 0.079510342040337
-0.00760474694645057 -0.000106111074865809 0.322127986928463 -0.631708481818488
-0.00930007644963162 0.0101243811864007 -0.514956434799437 -0.851340661607243
-0.0168020367028112 -0.0167447501723356 -0.916834165891921 0.144001360912927
-0.0424865747994422 -0.0135295543686028 -0.116262927157097 0.700861842149888
-0.0191122013378657 0.00385145382247987 0.375755584087568 0.299773035785268
0.00199932621912092 -0.00942634692145721 0.224202548127797 -0.0649332332407952
-0.00178535458852759 -0.00475330145453879 -0.0786334777171366 -0.201880679137742
0.0094098855132924 0.00046495851466406 0.0712897543205455 0.156523855425449
-0.0226737539024797 -0.00377931054254647 -0.155765327991821 0.0214781565053859
-0.0178209077312586 -0.0174428542407902 -0.343919239834814 -0.337147587906518
-0.0162089666492385 -0.0517056784619286 0.159977332869711 -0.58974695571075
0.0192429215483391 -0.0476379568318919 0.822479300200017 -0.0681713737405769
6.13891701962783E-05 0.026116383248852 0.481911028519303 0.825648775373367
-0.0425369726432427 0.00536628008318425 -0.286332065535571 0.645523468080656
-0.0333065757921802 -0.0163596286900615 0.0475598993405528 0.080284665716279
-0.0110080287598299 0.00827780558017853 0.311010368083901 -0.633825982734618
-0.00333772336173862 0.0129802235944226 -0.528415906723663 -0.844048222853319
-0.00895953381989563 -0.0192103551834993 -0.917733559172327 0.151843923380516
-0.0369831465840875 -0.0142425310562142 -0.109769905405406 0.69723939731257
-0.0182966129348991 0.00861519846269255 0.378873610923788 0.290318913053141
-0.000553936972858327 -0.00495671904543713 0.226552729619509 -0.0702643030214359
-0.00463002293493265 -0.000305758987202255 -0.0741677450984937 -0.204974585730338
0.0069047061502237 0.00410404542095608 0.0741632748874175 0.156464960710013
-0.0231246649166434 0.0016299338893809 -0.152238956108732 0.0192190287651924
-0.0165148706194174 -0.0134922666415528 -0.343204224067673 -0.338795578648806
-0.00992979278544159 -0.0517055381884903 0.157888283536322 -0.591433596477471
0.0269029058989217 -0.0483901375275132 0.817896638250201 -0.0677311263730953
0.00660468459396161 0.0304066668631696 0.476210651484985 0.825471666354537
-0.0438599196856386 0.0124956805238297 -0.291517292000635 0.649154122848087
-0.0392725578868868 -0.00920393434778396 0.0384298179147682 0.083220005234316
-0.0115863692552459 0.016082253961876 0.302988430658843 -0.629126286843567
0.00393776860195544 0.0161535899843705 -0.533659280220629 -0.843566509052132
2.91391613060424E-05 -0.0196577199248124 -0.920631167983599 0.152695091293046
-0.0312235866041645 -0.0126838068986471 -0.110900064676584 0.695930717663196
-0.0179171091502001 0.0139856312074019 0.380010387757355 0.28904492578814
-0.00290272033667474 0.000176620302426402 0.23020330014558 -0.0713087939538407
-0.00797531815435462 0.00479292142314487 -0.0718610553814005 -0.206168077559314
0.00664796283709171 0.00739839438052057 0.0754366190349234 0.156048315813803
-0.0222006137781474 0.00552970224033752 -0.149237534635819 0.0216810935705303
-0.014081497236984 -0.00790793954001563 -0.340835746932893 -0.333888648318377
-0.00456703579350091 -0.0481082284861094 0.153948733745224 -0.593309137917689
0.0339412352613583 -0.048718643545675 0.813498183145118 -0.0812716351756738
0.0142820037580487 0.0330740685457877 0.484529558616399 0.81671029282495
-0.04323692890623 0.0191189297025012 -0.290411643215837 0.654480194839543
-0.0423107887309828 -0.00413755946215058 0.0287140409252443 0.0888325573688515
-0.0110292115736263 0.0212222065324109 0.302747346019742 -0.622861630258424
0.011989068344374 0.0185257869464709 -0.524298597488055 -0.851143521636564
0.00663752369033559 -0.0191002813861788 -0.927476207671815 0.138000240712827
-0.0261696841687951 -0.00706391914224482 -0.119445148836771 0.695230358605682
-0.017675176885898 0.0210836790073825 0.381478043090672 0.296160252526045
-0.00517165682492521 0.00460688788422865 0.233676467199049 -0.0679045224821908
-0.00950755022903108 0.00874557159221357 -0.0692628748274362 -0.207220602442063
0.00614537668329189 0.0104052061263061 0.0753474643593225 0.157093602117936
-0.0212402125011524 0.00949615519139513 -0.147022742655537 0.0282465346806844
-0.0107734825466267 -0.00230622586521095 -0.342958273470697 -0.323565078756052
-0.000608106248206645 -0.0427800249763101 0.144853411168557 -0.594905328408134
0.0390668416902975 -0.0486090845685475 0.80943577978372 -0.100866014092117
0.0221684516778011 0.0338763880869914 0.498832772396195 0.805538800366477
-0.0393854562332706 0.0223528618123224 -0.285726935386342 0.660817199543494
-0.0420964912320103 -0.00138814382414416 0.0185861665428644 0.0955068785060897
-0.00736924748930383 0.023651665137603 0.309718259618177 -0.612291206468496
0.0180208474551551 0.0210536259387977 -0.505401936408373 -0.863846866001465
0.0134005973020706 -0.016127248663691 -0.931348140224304 0.114781021573167
-0.0218250646426751 -0.00186275108386772 -0.132704488842485 0.694308327306354
-0.0173495888262504 0.0266539620438598 0.379268675797549 0.308161008731295
-0.00632797295679265 0.00959548707470575 0.237213967422486 -0.0614074189275997
-0.0108221958433225 0.0116637935632702 -0.0670596218125644 -0.207051237070394
0.00702188423589159 0.0123602684112134 0.0750117163975454 0.159976572288532
-0.0192272139458919 0.0127276791504368 -0.143643096529354 0.0366258447210562
-0.00867662841689882 0.0035801766333574 -0.345689360811491 -0.310686843404509
0.00222085487984885 -0.0354190556696677 0.129314700476721 -0.595758852986721
0.0405988349529857 -0.0467956555857504 0.802957354761219 -0.128245510644857
0.0283887852695148 0.0311077943993017 0.523185432459396 0.787234343277234
-0.0318162791391891 0.0224171124546879 -0.275320724983246 0.670974550970097
-0.03711010676743 -0.00167990820645389 0.00962644348528744 0.104090360352259
-0.00275565129307251 0.0232013028706183 0.319354489621985 -0.599017287328303
0.0225212655072023 0.0210602239348575 -0.477904242146909 -0.881778895303828
0.0161209823205159 -0.0132447774098129 -0.937431510424126 0.0817216121136424
-0.0201376122640278 0.00385321903211183 -0.155152632258282 0.692716391340067
-0.0169453830437248 0.0310367929644698 0.374125422403928 0.323529379512032
-0.00617060190926812 0.0120383219398167 0.240049231784236 -0.0502402400371018
-0.0109209227823025 0.0139693454478868 -0.0661512823200034 -0.204380745548939
0.0163719976171829 -0.00649420679847164 0.06374805463701 0.164268588389481
-0.0131254320999676 -0.0113109633541921 -0.16003743934856 0.0424523134740514
-0.0170147713598581 -0.0197937793145269 -0.366034662085015 -0.29786504424566
-0.0287593945508128 -0.0413516000982367 0.119602805982552 -0.589866704837989
-0.00145334834182335 -0.0437654933428933 0.819954214040936 -0.131020841797511
-0.00687250564888122 0.0104330113952736 0.554560495184849 0.778150292798692
-0.0249600374508336 -0.0184705291536235 -0.233875712295025 0.660271175596813
-0.00516506824057397 -0.036895823700854 0.0522504793550855 0.0866104607223164
0.00457931252092404 -0.0156976677434117 0.339877546973878 -0.624792973994677
-0.0137201774987788 0.00303507745669608 -0.479045444392316 -0.877975184455989
-0.0268369416661849 -0.0096113817734846 -0.922989731960254 0.112257151809397
-0.0499720512409187 -0.00498211496186063 -0.134340982606978 0.707513397276529
-0.0213866513144082 0.00501056741754552 0.369063589072993 0.323058325176437
0.00559154278673068 -0.0133743089336746 0.223923297555144 -0.0494946367159147
0.00200864808580306 -0.00914947292016984 -0.0854244499736667 -0.192747672801499
0.0141814840778424 -0.00542966277182165 0.0666550291738749 0.161379133181191
-0.0171641943268998 -0.0100885049770022 -0.160425793557303 0.0347068218490368
-0.0192493254122716 -0.0210289457159483 -0.360280780452362 -0.313103775003557
-0.0269838037997434 -0.0465208199972761 0.13485579530684 -0.591693434334998
0.00349175767127273 -0.0455250765173605 0.823154177834186 -0.106025112525975
-0.00695631592772847 0.0162288752314515 0.529073855917712 0.795343826520476
-0.0322699120165916 -0.0111468079894474 -0.250419120585282 0.652339342194534
-0.0144712001284761 -0.031187600291298 0.05467524274798 0.0813736682787335
-0.00219801193041777 -0.00821504141098016 0.325702809275886 -0.63258019541137
-0.0128735443211965 0.00623531404903635 -0.506556962067537 -0.858056440645399
-0.0233399426579064 -0.0138966921068797 -0.917783200510821 0.138311022214863
-0.0471325391047447 -0.0105442185842013 -0.117021796342761 0.705571300437266
-0.0203393844521252 0.00286193322248448 0.374003922583392 0.307288899618984
0.00405370924654135 -0.0120038913586258 0.223154376504381 -0.0606259326137682
0.00115820889848289 -0.00657643623580407 -0.0829359203529199 -0.196971506948137
0.0108572962789069 -0.00331688246885354 0.0704310730918367 0.157788870169653
-0.0201013511393509 -0.00683684517068775 -0.158107496103489 0.0272684601190166
-0.0197446393967671 -0.020154886066573 -0.355905073983658 -0.32246070746992
-0.0229243720901127 -0.0498810832813859 0.145215529103087 -0.591786658022329
0.0100928225074673 -0.0458323127891725 0.824846670103923 -0.0881591670026155
-0.00526566985728467 0.0210128865320259 0.508907476391839 0.810524838912753
-0.0382489611257063 -0.00360363523913002 -0.264739480288293 0.650986510068826
-0.0248385511661214 -0.0234568490517962 0.0532888307490276 0.0785746789536029
-0.00805130920715631 -0.000423674055903865 0.311595373936864 -0.638513158329608
-0.00886558770096126 0.00902949398938491 -0.530358574038686 -0.845709991608657
-0.0171137333753544 -0.0161510587417171 -0.916722297683728 0.158204685359212
-0.0430049848105189 -0.0132560415200813 -0.104792851895498 0.703014018974301
-0.0192177599219186 0.00441225698038966 0.382126868445073 0.29260536457702
0.00156299811072961 -0.00985564052238397 0.22458840972628 -0.0684387707757529
-0.001897691513203 -0.00427372069499588 -0.0813501647094768 -0.201929160526986
0.0091606779892069 -0.000308348652672282 0.0742256919234025 0.156648758949991
-0.0224410482909872 -0.0027454290277448 -0.155881842508512 0.022695009832809
-0.0185177086713199 -0.0174894437736945 -0.351791909818793 -0.330377487843165
-0.0171781215039536 -0.0520480224339209 0.1510047132614 -0.594115726080135
0.0177186043796159 -0.0479089502921312 0.822615883661291 -0.0810254320242111
-9.68774503938823E-05 0.0265039816101136 0.494816609457556 0.819468698674404
-0.0422552665085616 0.00509344743520125 -0.275729057577132 0.651043818673999
-0.0330502675188744 -0.0166744725606739 0.0470779000866219 0.0787646622272654
-0.0103592467424439 0.00852136448035816 0.30218595135147 -0.639691701457764
-0.00292261923129532 0.0129355857848047 -0.543028009489168 -0.840399764078189
-0.00952266094431797 -0.0191984377578388 -0.919657006403045 0.166976657086694
-0.0370567846820433 -0.0134316309457377 -0.0989650659302987 0.701299440785749
-0.0185485140156366 0.00844353118181221 0.385101342866233 0.286723091932428
-0.00114633714120928 -0.00543378150892495 0.227215137934279 -0.0732839076991733
-0.00478076161347958 0.000104341514899324 -0.0774004650668784 -0.203993312250189
0.00734934299092867 0.0031825050178954 0.075236572207409 0.155172676910175
-0.0231512893628449 0.00164118214479843 -0.153183356199189 0.0218707131578966
-0.0164962009947254 -0.0133394643022808 -0.349271715774572 -0.331664376667957
-0.0111658560568779 -0.0512360648315143 0.1506820772702 -0.594648325775985
0.0264033611361673 -0.0487609033422176 0.819031725280765 -0.0790492226114352
0.00706144431664186 0.0306786423568749 0.489120039721887 0.819827194277661
-0.0446740437295412 0.0137865079729142 -0.281894934595276 0.654241396717021
-0.0397356809634065 -0.00895400605282413 0.0396848336734896 0.0824055379672
-0.0120536873182673 0.0144546116963848 0.295398894579471 -0.633450012369252
0.00488266589783693 0.0159495939327436 -0.546554680072979 -0.838012834522745
-0.000609510213707169 -0.0200574632323477 -0.920489071930696 0.16665511393964
-0.031480472699675 -0.0113882465813098 -0.099056147412521 0.700536001134467
-0.0179885230660023 0.0141463462177904 0.386518892466169 0.285692371987211
-0.00379710552595432 3.97413761242318E-05 0.23040936291401 -0.0746013885030225
-0.00778928892470583 0.00535678325649396 -0.0741379740326334 -0.206229951129335
0.00675226124608769 0.00722442612300306 0.0779394780398823 0.154911116938891
-0.0230897909763431 0.00626721704493733 -0.149631880062929 0.0244449173088549
-0.0135946153684844 -0.00796260931310064 -0.347801640111927 -0.327381976910261
-0.00546960869939976 -0.0485441190523697 0.145489471125819 -0.596921880215753
0.032990477439056 -0.0489233424576387 0.814169171253266 -0.09214031608239
0.0148906575813065 0.0330066743571527 0.497003551596824 0.81242625302424
-0.0428301271164429 0.019030027907294 -0.282906983315784 0.658634386410363
-0.0428566367733824 -0.00349431715957418 0.0299466027391135 0.08777575889883
-0.0108739447800338 0.0201821807948733 0.294013916252787 -0.626865772383089
0.0119158323598519 0.0185405177671262 -0.53691321767849 -0.846908288867774
0.00659382989778384 -0.0190146992422274 -0.926972456474206 0.152559884445584
-0.0260348352105811 -0.00637763678463826 -0.107859594620797 0.697935886754745
-0.0170286552053067 0.020800712088845 0.387325361875292 0.290761512544466
-0.00578486636887735 0.00552257901532739 0.234358469975026 -0.0705810781374734
-0.00914358591987205 0.0097462622392014 -0.0729590605058683 -0.206738327788003
0.00662975577377357 0.00972226268444634 0.077335108479111 0.156595686678694
-0.0214651304926697 0.0107560809758157 -0.147501059160686 0.0295919055717609
-0.0114910202840644 -0.0017511050451681 -0.348865812175775 -0.318543491308286
-0.00114330688897957 -0.0426821147916603 0.13520266250636 -0.597384797581747
0.0386515926455497 -0.0491853658362821 0.80989027016903 -0.114165896803171
0.0223420550020146 0.0330232221533397 0.512182176510688 0.799052369416703
-0.0395419870551309 0.0218551849154727 -0.277119918686495 0.666816591520435
-0.0417338041291124 -0.000904371205010889 0.0203124265281921 0.0960469047870386
-0.00776842040205639 0.0232834844442475 0.300635289723531 -0.617902155970329
0.0190645319024718 0.0197410294640874 -0.518370437263459 -0.860773913283378
0.0130581300567518 -0.0163251197268802 -0.931034200945524 0.128466538505163
-0.0223958745298301 -0.00200571710176095 -0.1251214777279 0.698439815166822
-0.0170994427348661 0.026386967243016 0.384282641599413 0.301586288064344
-0.00664551917196895 0.0096399913840621 0.237892578482286 -0.0644600878099541
-0.0110329614376201 0.0122191672294453 -0.0702902582101716 -0.205175458819088
0.00699899207587747 0.0121001623305111 0.0770209848608089 0.158832532634849
-0.0201976268207212 0.0135013956087449 -0.144610830649653 0.0383618852940818
-0.00873852242422554 0.00315853813655441 -0.353009527230286 -0.303603875821905
0.000898915995117833 -0.0363757151771201 0.120886349979577 -0.597750522737334
0.0403022594847577 -0.048067350616073 0.803283719984087 -0.141190746602631
0.028309601505528 0.0307662724935212 0.534751370100254 0.780669274711313
-0.0326771577164568 0.021853501430749 -0.266896449846708 0.67426985938585
-0.0370371069615546 -0.00141769757220283 0.0111674160739244 0.103910931595338
-0.00283385327221658 0.0229938892858123 0.312332525287683 -0.603779859642315
0.0227973533389146 0.0198617720029806 -0.489568957815512 -0.87503057909773
0.0168501307908217 -0.0124647206626033 -0.939813415360986 0.0969332973585269
-0.019806453662681 0.00426317945833375 -0.146230273959732 0.696904621544617
-0.016452312188805 0.0312385837425942 0.378708262510087 0.318883965415597
-0.00603878225881279 0.0122377080084844 0.240765394534892 -0.0547101288147893
-0.0113171542179301 0.0140977190703915 -0.0698652094798558 -0.203660568272183
0.0151018271404873 -0.00871704704529294 0.0668608994573345 0.163477388381966
-0.0141001107995942 -0.00802400749995665 -0.157573408597387 0.0472287592806486
-0.018502370895051 -0.0213500315588679 -0.371536480988068 -0.293081884953532
-0.0298338945950481 -0.0433968843881312 0.109199408807365 -0.592474279914477
-0.000295116875699615 -0.0439227850944849 0.823077232051587 -0.141613445018532
-0.00554554109455901 0.0131232986567137 0.56976822589683 0.772126507496282
-0.0237851436422873 -0.018053814102908 -0.224350394570072 0.660739049494449
-0.00778936686530908 -0.0367104786341771 0.0530657499551589 0.0873968926451184
0.00187362489381414 -0.0168354294836918 0.329963437868741 -0.631091564312984
-0.0125348099733877 0.00506278405022818 -0.493849890908542 -0.871018309246057
-0.0282222283050357 -0.00696910357438021 -0.922701839608481 0.128316381545242
-0.0525843084051085 -0.00507351210736933 -0.124071922594173 0.708220255717086
-0.0205792852063894 0.0059971437277336 0.375657107899536 0.319349976688671
0.00274583662450978 -0.0146297659533561 0.223312663746086 -0.0512314920018027
0.000461107812148532 -0.00887748978726183 -0.0897001905827288 -0.191715516135541
0.0114876424010874 -0.00724545253124729 0.0670098108303044 0.161455352602728
-0.0173037365085615 -0.010222448153642 -0.161576311168298 0.036505104025255
-0.0204523222877339 -0.0226256718320856 -0.367364867044066 -0.305490393556983
-0.0266749900074814 -0.0453501583905192 0.127136509566423 -0.59493300774673
0.00406455992718272 -0.0464968867769748 0.824650126380905 -0.119918794620512
-0.00671854456247589 0.0140608574350347 0.541735061071314 0.790118561780078
-0.0333020423207013 -0.00942939323193872 -0.242452727236505 0.654827490973998
-0.0167466333976354 -0.0328702592941667 0.0553732199341663 0.0782241759072393
-0.0011159360610849 -0.00978335107919011 0.316974677985721 -0.635720391183394
-0.0128763134997214 0.00348978912965642 -0.521495727172101 -0.852488195765724
-0.0247844132913492 -0.0131894081503341 -0.917714577311764 0.151503271567044
-0.0491582760791313 -0.00937274691743694 -0.106152892605514 0.707064938309067
-0.0217826794967978 0.00219184042877268 0.377590800074771 0.299824317076841
0.00569310744632344 -0.0120066892794725 0.222642300803515 -0.0654273146224267
0.00213142047497059 -0.00725106036388288 -0.08742606300631 -0.194216708347648
0.0123606539057588 -0.00520505047271195 0.0734638197026547 0.156748200745754
-0.02042151557445 -0.00399511019303993 -0.157067982870366 0.0305381333258129
-0.0215842419516155 -0.0206319341673878 -0.359165270533715 -0.315514745065881
-0.0239143669961576 -0.0521382039075621 0.134325177293538 -0.59471704226438
0.0109512628352824 -0.0481410446419774 0.827559170304231 -0.0982924891528467
-0.00420843487204819 0.0191566242884749 0.51986300602516 0.80121227425314
-0.0399751901019468 -0.00523638782574049 -0.258212499820695 0.653895175392189
-0.0253741783586415 -0.0214451752824115 0.0517426378149923 0.0770675613090983
-0.00941557777030244 -0.00173387684812515 0.303663868296332 -0.643021546108113
-0.00642217715331516 0.00942651660879885 -0.544812812064474 -0.839827988535188
-0.0184958905940986 -0.0173569556169167 -0.915503829538958 0.173898158978228
-0.0424128947779113 -0.011100182476343 -0.0927085758993339 0.704776915558054
-0.0192729001860248 0.00687030809526813 0.387433269672746 0.288407574593712
-0.000316612458793119 -0.00767272667005445 0.227203468304944 -0.0693778640455137
-0.00117321008796797 -0.00234889176759496 -0.0857717988342044 -0.19933427733133
0.00766848919431258 0.000678713747256878 0.0768005763421847 0.153527266508846
-0.0230320290716076 -0.00311542886029656 -0.157770349083716 0.0269587052568119
-0.0196270901146613 -0.0147026971078246 -0.358248167164592 -0.322924777724132
-0.0207281017957117 -0.0521711184870596 0.142373829865033 -0.594451218642729
0.0157268278264357 -0.0464218319759337 0.824364685234507 -0.0913420346923224
0.00147780667895089 0.0261562141699697 0.508171011358389 0.808883723106593
-0.0436138671200043 0.00362772710516914 -0.264704480500868 0.652076602676766
-0.0338327993561383 -0.0172574331229296 0.0489722638773317 0.0801934735415528
-0.0117587822673513 0.00548274522177039 0.290326958756141 -0.64390614570895
-0.00329787555304179 0.0147164517365034 -0.553728152412765 -0.834638686477415
-0.00747061263017557 -0.0191091289146663 -0.915110847599816 0.180177735194201
-0.0378159835596372 -0.0114041870418469 -0.0861496966288604 0.699589068616638
-0.0194653302664225 0.0102110694364083 0.389379871816982 0.281061114433732
-0.00187184329123993 -0.00701998697143226 0.22832860998403 -0.0771927931144771
-0.00370121354510602 -0.00137623767539287 -0.0794548461841417 -0.203223788122969
0.00796358725693811 0.0024930165005197 0.076621721866678 0.153471670766365
-0.0221453616535315 0.00380464512607279 -0.153070159759878 0.0249200981091354
-0.0178957982462645 -0.0141970890087391 -0.351232016910895 -0.324846082671205
-0.0130211560860793 -0.0539466520735373 0.144611719261658 -0.597933993146095
0.0272340685060786 -0.0476234562124571 0.821337211608078 -0.0918605109388964
0.00548958436462182 0.0315969057210069 0.501289705623525 0.809322237580197
-0.0435469572025842 0.0134245214015638 -0.272271077102787 0.657881558236226
-0.0388226467149632 -0.00978214760843406 0.0417712497043825 0.083888797382994
-0.012208086187518 0.0179791802818958 0.285628511046616 -0.637620002726736
0.00314381085084625 0.0169025561779943 -0.556792817775706 -0.82981872457446
-0.00256896853703247 -0.0198858609627714 -0.920680979509039 0.178681577373503
-0.0309233465015549 -0.0120860159665673 -0.0862546451665065 0.701452227878732
-0.0163227412370399 0.0153278148998475 0.389962225382456 0.279601565604901
-0.005862991226678 -1.30034064118149E-05 0.229028527749262 -0.0757813989924123
-0.00643963617220071 0.00538030750996777 -0.0766411035902056 -0.203232364375214
0.00726082232401402 0.00509233051881424 0.0774609767287744 0.153689480731633
-0.0228846107708955 0.00985265595375031 -0.148030225048711 0.0248822673935454
-0.0153573567040593 -0.00534801832623187 -0.356045526374625 -0.321766983519133
-0.00559027743456077 -0.0480552590865384 0.133508695112116 -0.5990069506755
0.0314555703684975 -0.0498180020506017 0.812171962357256 -0.108432939650936
0.0127493162761055 0.0342761134030623 0.509513147714815 0.80267379410156
-0.0454796359915643 0.0204600015340503 -0.274763203158509 0.664698328309355
-0.0411619387877321 -0.00442792798438462 0.0312214439919189 0.0860056494227215
-0.0122648009738543 0.0202214032743493 0.285453972148089 -0.635797644745001
0.0143200793559312 0.0189382451247211 -0.550788230506222 -0.841604182576938
0.00788952165723052 -0.0204357345870649 -0.926576282151559 0.165207066893554
-0.0255950013525521 -0.00458581201809791 -0.0999480653723545 0.696459717328474
-0.0152509937862936 0.0196623627510235 0.389016924018299 0.285008444226429
-0.0041529619254553 0.00628279472943408 0.235112317382452 -0.0769465244966
-0.00788890781557802 0.00926971609297797 -0.0769062886019442 -0.203884070565755
0.00548257108432561 0.00820753369523837 0.0799380153448991 0.15749110719313
-0.0221287764992609 0.0100735500501031 -0.147897702319817 0.033867385221425
-0.0131767011475613 -0.000452269542504758 -0.356661935548025 -0.309596761700014
-0.00389584245882965 -0.0434863431234006 0.125626620465412 -0.599552962591898
0.0359646025063634 -0.0500305396338007 0.808771953651438 -0.123608451014522
0.0238452121604446 0.0346083885245649 0.525825089661664 0.793089568064677
-0.0395947357907196 0.0242100939520306 -0.265294139320018 0.668207227090104
-0.0439464031262318 -0.00113277755282789 0.0232074351612093 0.0952339725428211
-0.00999781825212883 0.0226717317455459 0.290183354708694 -0.620324552938442
0.0195748025388101 0.0208623245462384 -0.529339273944497 -0.851036743519952
0.0132093606269881 -0.0127430093533689 -0.929553122305259 0.144965467403658
-0.0200139326525289 -0.00148419555089112 -0.112483209920842 0.702616807747082
-0.0188853578051087 0.0265501195892073 0.389296592571373 0.297000568807674
-0.00446294246668434 0.0109676911366686 0.240051449186552 -0.0695908442611656
-0.0107225316694115 0.0106106338483071 -0.0727966240986728 -0.206566586422491
0.00982252796698075 0.011536232602035 0.0777163499009401 0.157928349069959
-0.0171650672098307 0.0141909623675792 -0.144120851160914 0.0375715908920287
-0.00768990754109586 0.00484160622757993 -0.353028972932608 -0.298988551405623
0.000773491519255402 -0.0339993524028572 0.110451751991721 -0.597272973152827
0.0385903241383937 -0.0504756437215363 0.804945975373883 -0.153734676967132
0.0266259759578978 0.0306889243616504 0.543483430214856 0.773357463781884
-0.0349678455793885 0.023676984098254 -0.254841336667395 0.679647214526969
-0.0396809691427295 -0.00140732323310809 0.0138736182189558 0.106146423177394
-0.00221902986487979 0.0253229429371857 0.303298428120818 -0.610337400079882
0.0211436821903488 0.0170806113708853 -0.504066064582451 -0.870589038324632
0.018114566244335 -0.0119253711362045 -0.938733150507789 0.110021070248404
-0.0184485489394983 0.00374745217628342 -0.132727550886497 0.701104662012903
-0.0151084844497181 0.0304840546023055 0.380576593167156 0.311053626462133
-0.00652595945271067 0.0142404955233196 0.238221912764745 -0.0579877698307426
-0.00993593167487178 0.0165053204132128 -0.0704561870613516 -0.205068318544882
0.0158119499625638 -0.00683244678305666 0.0676848786228065 0.161629256382142
-0.01382886676359 -0.00994045423981246 -0.159377406885054 0.0466015849173858
-0.0186163513588393 -0.0200078729149505 -0.374685027736568 -0.284497909744249
-0.0309510809115559 -0.0409650772931212 0.101970267755078 -0.593352241040276
-0.00262689206613664 -0.042807263116143 0.817620295364488 -0.154856087523806
-0.00749010693028073 0.0117694944626201 0.577930391686185 0.75792415386725
-0.0261033603568037 -0.0183299609081109 -0.214516410988405 0.664186924740783
-0.00655760550604467 -0.0370614833664312 0.055506991004702 0.0845316274552929
0.00375992861128639 -0.0156960647758346 0.322914725009716 -0.633665948415662
-0.0128907256089503 0.00273944777787228 -0.50385405573754 -0.863977280417827
-0.0266773391238566 -0.00794880186780323 -0.919568808292115 0.138051446535818
-0.0501133557590673 -0.00260978706107466 -0.113395965331207 0.711024398666116
-0.0212306385353187 0.00488485843288665 0.380570586441201 0.310886750908492
0.00456892232477042 -0.0144313769218205 0.222997750671149 -0.0553523793696754
0.00162044709721653 -0.00891885353906152 -0.0907352902865092 -0.189429593215472
0.0134643567508726 -0.00612433298783953 0.0707901278313217 0.159557888800226
-0.0178893486912933 -0.00807624991426798 -0.15941998187444 0.0381711383295519
-0.0200028660292559 -0.0207140952066103 -0.370401130978689 -0.299247368425947
-0.0292709285777242 -0.0465546408842044 0.116588486830683 -0.594716332867255
0.00205694411831672 -0.0445260442091235 0.820740725835739 -0.130169592534165
-0.00704024160882385 0.0166506339708557 0.552656716147485 0.779435138474077
-0.0326867965788867 -0.010927433714331 -0.232918373509219 0.658673471093117
-0.016290614166837 -0.0308046626812235 0.0566476008151124 0.0800035447261592
-0.00284299038622292 -0.00908865382369667 0.309063267843635 -0.641234021175975
-0.0120012637365981 0.00634334990414939 -0.530410465959559 -0.845395606096364
-0.0234243507172132 -0.0120002949525042 -0.914082640438983 0.165995581733121
-0.047744201894591 -0.00828341892303569 -0.0964926311109075 0.709035640719427
-0.0202304604978628 0.00320653630791276 0.386318232502025 0.294855013677086
0.00257356524957098 -0.0127025653750851 0.223366250446555 -0.0653281681937175
-0.000230046838829543 -0.00637715745162964 -0.0876908097803227 -0.194368938825666
0.011226808262529 -0.00367469465360524 0.0751142316901399 0.15600629205027
-0.0202076625877642 -0.00484839991801996 -0.158720904469833 0.0313259077024477
-0.021284176822452 -0.0198800029989971 -0.366161045642212 -0.309412909737297
-0.0250979699476058 -0.0496734800847307 0.129184800316177 -0.595948339037149
0.00914408742190103 -0.0460437783226579 0.821464736449501 -0.110967722388324
-0.00487528569569606 0.021956253699828 0.531649410654833 0.792803365261838
-0.0387289043612136 -0.00216576610005952 -0.245966551879071 0.655529537913568
-0.0262389437053957 -0.0229382663314735 0.0555503627211123 0.0777639206522146
-0.00842418146733137 -0.00114327096990894 0.294594733779715 -0.6440449210798
-0.00863286470397396 0.00935898170817098 -0.550832328741521 -0.831398090311423
-0.0170069157902774 -0.0159048026964376 -0.913527244960686 0.185814045842924
-0.0436115788611401 -0.0117098416719337 -0.0841282245278599 0.707377721229154
-0.0185471635100047 0.00431822287446171 0.389597912918974 0.281404145404985
-0.000359197912090154 -0.0103656319062005 0.223982218532819 -0.073194287776249
-0.00237773170217014 -0.00323843777837361 -0.0871939487629123 -0.198180589477794
0.00846870773342922 -0.000766790556424012 0.0771628423429287 0.152798369903401
-0.0228471724503203 -0.000443319372875922 -0.157023369484148 0.027072961991377
-0.0199737533262549 -0.0175013977198031 -0.361853094167358 -0.3166399594705
-0.0200407161400716 -0.0513884640786147 0.133650230796689 -0.598039572673966
0.0160418057231654 -0.0474301345619936 0.819119642870666 -0.102550661883812
0.000428239480852713 0.0267610963969594 0.519041627105172 0.802754681959531
-0.0426868884825364 0.00659086392157916 -0.255839199647146 0.654840144848823
-0.0344574693272898 -0.0160000683262649 0.0497574809448438 0.0782839622000038
-0.0117436064873233 0.00788900867150143 0.284522930225189 -0.644629059083673
-0.00153225170830299 0.0114721230043434 -0.56611056442975 -0.82308704186489
-0.00968209959713885 -0.018505987943318 -0.912228838517208 0.195550527528319
-0.0378079045638877 -0.0117308219005281 -0.0766568925943384 0.703476968809789
-0.0178951018558421 0.00912959680306059 0.394563610467402 0.274147856503162
-0.00213864397467027 -0.00538545514152339 0.226349345971622 -0.0787860134646228
-0.00458681459550199 0.00151503291069932 -0.0822364250077287 -0.201078410877544
0.00713765473254513 0.00329785611600942 0.080108239180858 0.152424646195596
-0.0233117709060628 0.00353075504841191 -0.153587405676993 0.0250792173721572
-0.0176252886813328 -0.0127076971521 -0.359071690589354 -0.319796543596321
-0.013421753786521 -0.0513919183692936 0.133878174884882 -0.598696955466542
0.0247498549932269 -0.0489064845351418 0.817040024557839 -0.103737029627939
0.00677040617966683 0.0305136732163864 0.512613260057492 0.803166498152549
-0.0444304974366409 0.0144115553553004 -0.262429124826209 0.658268958026595
-0.0411487810970665 -0.0087653187617323 0.0416448506470447 0.0810262090176844
-0.0119638949735491 0.0155790789504587 0.277739424810778 -0.641581912738538
0.00505347842947089 0.015363821671535 -0.571231016893817 -0.822304823835992
-0.00117957644363514 -0.0195045884385361 -0.915167598951088 0.193122978933629
-0.0320573992333123 -0.0099786719313475 -0.0787273987242554 0.70102877112504
-0.0175990709755506 0.0151169911478967 0.396114546172993 0.271890901804636
-0.00451936003485344 -2.52032470065069E-06 0.229478311863437 -0.0799557840312921
-0.00822519241554051 0.00576873014543203 -0.0798912012729935 -0.20289158166515
0.0058295205468378 0.00676217483232414 0.0812699409334767 0.152430848839936
-0.0227779035586058 0.00837073469490958 -0.149964307788993 0.026706019999754
-0.0152305061787461 -0.00798489446086194 -0.359610947108082 -0.313705475444589
-0.00835194773077917 -0.0483984449096114 0.128319513904997 -0.600243135888592
0.0321363948346943 -0.0499457301183811 0.81115009459813 -0.116418727198331
0.015103846953068 0.0329733527414133 0.519944593191729 0.795759874934201
-0.0439118308537837 0.0203712808595582 -0.263615754477509 0.666121486521589
-0.0433567428482239 -0.00294978909076122 0.0322984283650536 0.0870676890911224
-0.0105684025672066 0.0206136643437129 0.275962891479796 -0.634564126259685
0.0133411977599026 0.0175859469205696 -0.559341478973216 -0.832315199493062
0.00660745421411135 -0.0185888983222988 -0.92186020508657 0.17989450043328
-0.0262698120458498 -0.00564295618265427 -0.0868285743223258 0.700595693941731
-0.017194150566953 0.0210334990984952 0.395286349692175 0.280080193199697
-0.00637839227393464 0.00529236642456919 0.233364594267764 -0.0774470510601343
-0.00985940849049997 0.0104516009509524 -0.0773119453019037 -0.203369252858565
0.00641034580565469 0.00977376310737139 0.0821036138634398 0.153245040140064
-0.0215594973499362 0.0128427768757085 -0.146406133224778 0.0331811057914446
-0.0122997408906174 -0.00200686677194711 -0.360079172679799 -0.305379739795285
-0.00418374211867509 -0.0433338337900647 0.116578637313866 -0.601134604984938
0.0369058819406576 -0.0499227077540623 0.806943056532534 -0.137915727554503
0.0228139924211867 0.0325933688688758 0.533355994822175 0.782334414134266
-0.040117110499546 0.0233082305092371 -0.259193285214895 0.671841041283641
-0.0426485116125345 -0.000463899449502608 0.0221844346705767 0.0955001020878582
-0.0070254579041803 0.0230015741012335 0.282477493354826 -0.624046800679947
0.0195046415171052 0.0186676353415798 -0.542688740348705 -0.842826084192462
0.0132512141381568 -0.0161540368168502 -0.928162559535436 0.156819927512549
-0.0225993649348344 -2.15515992207545E-05 -0.10183163471343 0.701126992957372
-0.0161570016750969 0.0270211199680007 0.394755044351322 0.29033442830846
-0.00705792173336249 0.00961755502191035 0.238152813823333 -0.0700836062582325
-0.0107120138854531 0.013387026833444 -0.0757503710919908 -0.20272621658877
0.00707323119320435 0.0108088488616203 0.0812813441107561 0.155706596646115
-0.01999742622344 0.0152183738298627 -0.143323853142391 0.0418789420725755
-0.00968907549050157 0.00403810427527704 -0.363177963826583 -0.291633123268812
-0.000751822253819033 -0.0365564953660324 0.100747878510607 -0.601266193982839
0.0379931604178858 -0.0482364353785476 0.79864911773087 -0.163929057554251
0.0288570063233187 0.0304740338610756 0.555819464437186 0.761910580047652
-0.0328812678574353 0.0230081001270826 -0.245443813841725 0.68119566661495
-0.0374371240423884 -0.000980477357497427 0.013707920582754 0.103217842412412
-0.00283466846767343 0.0220347080874594 0.293007745903893 -0.611229780488639
0.0230886283919858 0.0189456330862687 -0.514850945740779 -0.863647762347151
0.0162132019038911 -0.0135133887659358 -0.935442833779618 0.121254757210099
-0.0196081110382501 0.00498014984151618 -0.124184519200701 0.702026310475152
-0.0158384563172069 0.0319898047932406 0.389255037637281 0.305446172014923
-0.00655215746801604 0.0126503379016597 0.240803865447451 -0.0607293116610972
-0.0109706763912336 0.0149583180182607 -0.074941672582845 -0.200875808336637
0.0157601627745437 -0.00770894483818893 0.0696352354587513 0.160322908423605
-0.0144076607706896 -0.00860288962852435 -0.158854416442593 0.0483529961251554
-0.0188319247021892 -0.0196510637944237 -0.378591177746577 -0.276522323799045
-0.0323588787344261 -0.0411617446772974 0.0922125247603266 -0.592622303662843
-0.00328522884702046 -0.0422674989680816 0.81198307135988 -0.165708789170873
-0.00747860436951902 0.0118616842271669 0.586257940166959 0.748592783900821
-0.0276651832742785 -0.0186213065614938 -0.205289816499155 0.664246740118638
-0.00791146232263053 -0.0364263973625339 0.0560062737465288 0.0841084268599224
0.00360620072620584 -0.0161781766417125 0.313441127687242 -0.635718002889494
-0.0121309759245684 0.00270844769720822 -0.514802256124488 -0.855181853918865
-0.026412606236552 -0.00625415531488766 -0.913300625032035 0.150116546759616
-0.0503324536999738 -0.0018283753307468 -0.102640557410553 0.709852719593261
-0.0216332151512842 0.00571981644975573 0.386089782056998 0.304116746088145
0.00328887961818708 -0.0138950791525473 0.222845104271952 -0.0581588389814334
0.00111600504274918 -0.00789302289175873 -0.0928088213197731 -0.187574821895929
0.0134686889647664 -0.00662849774175777 0.0725807762366311 0.157408812337383
-0.0180686411734924 -0.00721657066224048 -0.159658177765679 0.0401514979099058
-0.0207201297850085 -0.0204857104660825 -0.37375220279642 -0.292283554168914
-0.0299180459620338 -0.0458953721090789 0.106508127854469 -0.593904923172354
0.000853814839862656 -0.0438377113723975 0.815762383969678 -0.141010797380638
-0.00784007797264662 0.0166905181395256 0.560623326775652 0.768115179899063
-0.0332167194774547 -0.0109038408248102 -0.222508962610662 0.658417427566897
-0.0171787402366616 -0.0305000379042945 0.0580553477662297 0.0786281390564956
-0.00291822764523479 -0.00932126038342434 0.299319530926157 -0.642602091395157
-0.0120111738040066 0.0058798039096039 -0.541628924206111 -0.835789940615452
-0.0234174185144004 -0.0110828106893049 -0.910152490283788 0.177796985319704
-0.0477448373569322 -0.00758567452854971 -0.0860947309656076 0.706749176795216
-0.0201634898327467 0.00380952399759039 0.389083328463569 0.28838863931499
0.00231256609402452 -0.0128831636975018 0.222705634925942 -0.068509978674266
-0.000385577832412107 -0.0063759158442884 -0.0908547575783051 -0.192483190075416
0.011263912180065 -0.00349859056339336 0.0761670259786909 0.154574264540139
-0.0219928939729135 -0.00397342577958449 -0.157950231776237 0.0327631286361062
-0.0208966266433138 -0.0197059779016029 -0.3687518091962 -0.301652171892753
-0.0267134170043134 -0.0499069784294556 0.11918925361414 -0.594789785122923
0.00825266592719366 -0.0462699994554453 0.817070599244038 -0.123072934053759
-0.00423531632785849 0.0210895059737259 0.542318628953994 0.782846422547806
-0.0398274474464914 -0.00215179751598573 -0.235721872689724 0.655188257182146
-0.0270212951453834 -0.0232805415703639 0.0564564078077405 0.0769197697946563
-0.00789362804500717 -0.00143147807061008 0.285273120427872 -0.646662274435409
-0.00810084282670728 0.00906140079881977 -0.563624563295209 -0.822242579249691
-0.0174000595661112 -0.0151857394425087 -0.907201679828389 0.197633971351586
-0.0436560584069426 -0.010896662882234 -0.0740655529137018 0.705688705622667
-0.0189293992367881 0.00482347664996205 0.393762159571351 0.274411048484472
-0.000835877412967227 -0.0101581269773604 0.222850116747502 -0.0770114744437743
-0.00265749846574304 -0.00272117787339081 -0.0881139107625921 -0.195960317425335
0.00843835493799616 -0.00089485567889734 0.0786321689208143 0.152118872379235
-0.0227881648577752 0.000724271456162261 -0.155823319109414 0.028329429600227
-0.0206114503569308 -0.0175180092716112 -0.365676130378136 -0.309971585381577
-0.0215043846250603 -0.0517256980770954 0.123870408093093 -0.598290469135665
0.0159271673384867 -0.0475940203483231 0.815126946063938 -0.114606593964409
0.000854471781100399 0.0271528984741171 0.528732395855539 0.790633892864859
-0.0435916842803795 0.00574824656629767 -0.2468630603791 0.655925660144319
-0.036026401715194 -0.014787810397949 0.0509806021867799 0.0769222428397819
-0.0114458222198343 0.00816997006532453 0.274536601589177 -0.646176981742087
-0.00104918848553883 0.0123645489166037 -0.576038943274983 -0.814337408948666
-0.0102727984964208 -0.0187433621188519 -0.908661456874744 0.207131771932363
-0.0379417847684874 -0.0113857756292684 -0.068053671914242 0.702899580310863
-0.0184294992181678 0.00838352423586465 0.397853048761441 0.267873865273961
-0.00213052272986613 -0.00557340980645712 0.225416209572163 -0.0811882854451314
-0.00530933878995141 0.00128439081388233 -0.0847424605700233 -0.198352438680772
0.00655850976479536 0.00268887397446531 0.0814962440010041 0.150588055470295
-0.0240744481010945 0.00490283857107128 -0.153738829539054 0.0264787683911359
-0.0181039258672155 -0.012996688706979 -0.364142593957767 -0.311915114143468
-0.0153217524357541 -0.0515028544039009 0.12314701410442 -0.599108477950732
0.0236678211307681 -0.0491535357072543 0.812778879630806 -0.114146955480825
0.00724821616920065 0.0305706015963981 0.522559794666715 0.792044424316193
-0.0450017919036409 0.0144366073503278 -0.252703427457843 0.660006102521311
-0.0411826066771538 -0.0084393871552893 0.0426922052902506 0.080671927913964
-0.0120722317256131 0.0143719365193172 0.267838519463369 -0.643921980090189
0.00546092570576889 0.014423431439994 -0.578222057873401 -0.811779279830543
-0.000987052930818657 -0.0190375438544389 -0.911500208705965 0.205180610516245
-0.0317478724188274 -0.00974938648631335 -0.0681927683896572 0.700289886155332
-0.0174210506847301 0.0148185989898993 0.399903752521263 0.264585183972218
-0.00482668788991059 -0.000163789878511072 0.228964430268907 -0.0828026965950807
-0.00824515236810958 0.00653912493579199 -0.0821059989440533 -0.200822772547124
0.00542173551682021 0.00586481021391393 0.0833765545496484 0.150073734715219
-0.0232421649532696 0.00923671351520374 -0.14995909700388 0.0288464337756114
-0.0144941240540056 -0.00734285421266524 -0.362875646199687 -0.306894683011045
-0.00909363667725174 -0.048432214690018 0.118009217199673 -0.600995123525662
0.0308346942291119 -0.0496246572959252 0.806941415438081 -0.126793025877243
0.0150272598150715 0.0326977286378469 0.527812773384371 0.787542661499181
-0.0439783893325811 0.0207853386900918 -0.25516820030725 0.665923904568599
-0.0439699308030499 -0.00320426847793475 0.0327249334502092 0.0871256422165475
-0.0108904578856835 0.0196534099781199 0.268016514067002 -0.636257292168729
0.0132902202043261 0.0173343018015771 -0.569083000888859 -0.820423487919041
0.00677229580682262 -0.0179802932332412 -0.916706591840832 0.191275383137186
-0.0270499477882058 -0.00469294802236799 -0.0780171335586922 0.700321525570801
-0.0166972565036737 0.0219083192927782 0.400495322806987 0.271949222879742
-0.00679330222746303 0.00502421929955947 0.232730305724655 -0.0804375538537276
-0.00981393684598618 0.0106217188849946 -0.0799301787248249 -0.201735288103945
0.00587890793638924 0.00945413047251216 0.083399113427822 0.15162288775296
-0.0223143844816164 0.0135462028219864 -0.146270925686244 0.0346156925455796
-0.012422091681507 -0.00194690084017772 -0.36386909808376 -0.298540492600139
-0.00431541618603935 -0.0433826129778531 0.107610586163888 -0.602246057955221
0.0357671496494737 -0.0501712864271732 0.802116956541306 -0.146110954413363
0.0227093262464143 0.0326584032840844 0.543100400591761 0.771761704123501
-0.0405777488165497 0.0238290996539612 -0.248527454497058 0.672997612094614
-0.0430959916118613 -0.000839677213462099 0.0233036295186693 0.0947947605856869
-0.00702501769129915 0.0229020746601189 0.27469973126312 -0.626291437676361
0.01950365657423 0.017680618371919 -0.552827221227903 -0.835302546068876
0.0129435480048141 -0.0159929120280447 -0.923514677631589 0.166273395911144
-0.0222252377110474 0.000415976318241827 -0.0934639427078576 0.700612420559513
-0.0159413965572124 0.0273374388758424 0.397305841943592 0.283244678554172
-0.00842549602963532 0.0103994234847391 0.237053227607045 -0.0732580465957382
-0.0109693417461659 0.0134768194503236 -0.0776202204087468 -0.20081016380517
0.00716980311853505 0.0110902569912829 0.0829155370064182 0.154212408286865
-0.019998103929868 0.0165282458883099 -0.143037836272123 0.0429799798661427
-0.0107637459413706 0.00350024722781668 -0.366094052901068 -0.282709474588216
-0.00105833253264879 -0.0363157123534426 0.0923691684435687 -0.600322704886352
0.0376552467189194 -0.0491188069997915 0.795450448515132 -0.174232302336435
0.0284127836875239 0.0301590500558331 0.564354495734186 0.753086279488018
-0.032914695354196 0.0232289367149828 -0.235080029447745 0.680086586049817
-0.0378354158755719 -0.000686083811878273 0.0149481480860585 0.102974216081253
-0.00226529708378704 0.0221507662386259 0.284834541045951 -0.612713354122326
0.0240289741903241 0.0180543645747247 -0.524754609481096 -0.853309532660411
0.0166686358376659 -0.0137413841821268 -0.930965895568729 0.135387185631929
-0.0200908234106245 0.0050361715345918 -0.113522795413962 0.699456038603998
-0.0157227809309013 0.032331885361057 0.394143276394108 0.299914270178029
-0.00670544510469944 0.0129263597305795 0.240499661833391 -0.0639139272449099
-0.0115036886689103 0.0146241626845175 -0.0769649165396189 -0.198679019667869
0.0150463849713756 -0.00773855767380932 0.0722126280786117 0.159856054824044
-0.0149109913302538 -0.00794102041832579 -0.156661810187528 0.0494545132918358
-0.0198413411538871 -0.0191661861875387 -0.381866185743779 -0.271124131420614
-0.0330888880867836 -0.0409240155893768 0.0845021124586878 -0.591369154269792
-0.00397205376910408 -0.0417553647463803 0.806792596226977 -0.175864138939823
-0.0079331153857819 0.0125501412324321 0.593755764484914 0.738415231137779
-0.0284514605480524 -0.0180127292954561 -0.196009223822283 0.66228180812569
-0.00737129495481937 -0.0370554075033579 0.0563514666637228 0.0839500434626348
0.00319270758418081 -0.0175536871206331 0.305851898566085 -0.635928311862477
-0.0123000409972302 0.00248275860338227 -0.524124117226418 -0.845219780378838
-0.0260728988805226 -0.00834649156015789 -0.907771691152469 0.16217631254881
-0.0500185179774431 -0.00115374079397211 -0.0922156904728555 0.708728089412758
-0.0220382908036248 0.00601198866796103 0.386332325630539 0.298593253726942
0.00258168086887492 -0.0140423695292394 0.221730836456162 -0.0602344214288153
0.00083802742165824 -0.00761790073012792 -0.0953966667134066 -0.184400245631552
0.0127457765166752 -0.00677240156027082 0.0744715030901085 0.156795458703283
-0.0187621824132632 -0.006177305611588 -0.158754529229612 0.0426545047194487
-0.0216281991104911 -0.0203999428635239 -0.376922107198231 -0.285651562930665
-0.0307872325215207 -0.0449440361518727 0.0974984158341382 -0.593904382324981
0.000339909786840352 -0.043546125637663 0.810822944693487 -0.151140701199546
-0.00725530768251044 0.0170278213261277 0.570675641748703 0.759795505664636
-0.0342820007472425 -0.0117013022495345 -0.213161405800959 0.658174007767467
-0.0172206593799206 -0.0311531182165964 0.0585759971954027 0.0782171816881085
-0.00343007430691907 -0.0100576897735707 0.289896259160946 -0.643379279432343
-0.0109273432921255 0.00341711319960499 -0.550170122665958 -0.828299081080495
-0.0225727792588227 -0.0102880807975036 -0.905238407965473 0.187474818207343
-0.0473369174357429 -0.00557498965623237 -0.07569279157739 0.705621854978948
-0.0202525984479977 0.00291084501866335 0.390977242987145 0.282554389437732
0.00153651353245628 -0.0129854922317632 0.221108386978444 -0.0705797028640386
-0.00111171684344339 -0.00578547316841863 -0.0903815333875909 -0.190912868873982
0.0110029602146655 -0.00367414178779107 0.0786293545638691 0.151622837121532
-0.0209847569913927 -0.00318650256538364 -0.157456283107993 0.0338806984923141
-0.0207623108706725 -0.0193919937608571 -0.370810829830429 -0.295106874454623
-0.0276321120130807 -0.0492711548435567 0.111386049595785 -0.595315813539124
0.00640245647918795 -0.0466310329703025 0.812149262717824 -0.132911507133752
-0.00517917690948172 0.022178142133436 0.549300783928194 0.771153665980489
-0.0388042184456451 -0.00339293366204139 -0.227129810234393 0.654485202542969
-0.0280889626308821 -0.0238227551020102 0.0558207503289231 0.0763738567018094
-0.00896605560162914 -0.00157321192491907 0.275089411137048 -0.646118971975902
-0.00729088759188685 0.0093774159872272 -0.569685870501299 -0.812062048631638
-0.0171895766952072 -0.0138826891656498 -0.900981811847177 0.207978528585991
-0.0438435001608934 -0.00932261248801575 -0.0644321979448009 0.704280010629178
-0.018621102037653 0.00571939606815769 0.396718018142609 0.267355680706871
-0.00178947607235281 -0.00913648772685326 0.222608463112375 -0.0781310583773306
-0.00317461733632708 -0.0027228993742066 -0.0901888431927224 -0.192945500247495
0.0102426956762914 -0.000913438900986741 0.0805513590035333 0.150282949487189
-0.0229078172230522 0.00113422490704129 -0.155719105816661 0.0304374978211921
-0.0204780776555782 -0.0168216084547012 -0.368886483539315 -0.302792931326494
-0.0223035079788053 -0.0523504581230917 0.114906887166901 -0.597150259574558
0.0157952444599062 -0.0478863700823334 0.808987692505653 -0.124237878758037
0.00011333713035347 0.0267764068823979 0.5367389885105 0.780759942848208
-0.044274634776387 0.00685864255588662 -0.239594253020132 0.655574312016861
-0.0359120445234745 -0.0146540575683573 0.0510082703732572 0.0761070910639969
-0.0109292021460902 0.00741677005277525 0.266108092412245 -0.648127633320424
-0.00155450374103408 0.011250832301188 -0.583700140584281 -0.802555503811075
-0.00779128793101 -0.0172275442641508 -0.900946219059511 0.218251619332618
-0.0378561084605188 -0.012227465902775 -0.0570382465595253 0.700468786350143
-0.0177857465898099 0.00956394394575439 0.400771169166808 0.261987317862912
-0.00428228990336572 -0.00414142551686415 0.226841236243109 -0.0839889045866624
-0.00623320421897013 0.00259061332240955 -0.0864353382556392 -0.196795724299792
0.00736782618819752 0.00295717229564483 0.0842729012650732 0.148522856306309
-0.0246476321317223 0.00544023128785041 -0.1520903881879 0.0290188788459608
-0.0201081459150088 -0.0123839870610061 -0.367844235825994 -0.305625007821675
-0.0161844696980062 -0.0505917843920252 0.114790870034531 -0.596671279899653
0.0229834648293939 -0.0496371846580988 0.809122704473536 -0.124990466119474
0.00713786825633725 0.0310396336305109 0.530299309621374 0.782686990786315
-0.0455217956390847 0.0151419788128031 -0.244468502654651 0.660115179712974
-0.0420142520061056 -0.00807162614901802 0.0424292969190919 0.0781794728063192
-0.0117901281441095 0.0146442871991821 0.256836844405664 -0.643426916398974
0.00668146222055387 0.0142606183315557 -0.587991884332127 -0.80286037535361
-0.00167729905266732 -0.0191047400165733 -0.905140652667113 0.215766810999429
-0.0330815359531424 -0.0107502921478878 -0.0586975624472774 0.698791352116275
-0.0169259383826253 0.0156087559479293 0.402330463190844 0.259405050914859
-0.00679877263880443 0.000787937554179554 0.227554833159545 -0.0858336429231059
-0.00854292931880085 0.00659453028705437 -0.0838500293436759 -0.198371403411589
0.00598926299172162 0.00657804254946339 0.0847230094160193 0.148250646283619
-0.0227106997781548 0.0105581936320475 -0.148856805823019 0.0305956990373139
-0.0168846685871857 -0.00614204432232071 -0.365612334373197 -0.299801071127843
-0.00953696237691599 -0.0462505598788292 0.10881731262507 -0.598311794729615
0.0310970481125335 -0.0524074067205939 0.80263795290928 -0.137599819234419
0.0147770294237297 0.0324199964077843 0.537673245866861 0.774275662025259
-0.0445734172977583 0.020564969280866 -0.244092007935565 0.665546517162122
-0.0445106994999082 -0.00288336885755691 0.0340350672870136 0.0874887709368317
-0.0107613860669479 0.0192448111333682 0.259012632833977 -0.635051950284922
0.0132849467236348 0.0155671590599157 -0.577728341663504 -0.810583879809719
0.00587919600923558 -0.017045479998943 -0.911259866475639 0.202785307722258
-0.0268998104479762 -0.00373650687937587 -0.0659965857246611 0.698994441738686
-0.0164331563908094 0.020431820082987 0.402203876809798 0.264660268706431
-0.00699577183337627 0.00504642862564052 0.231763567153972 -0.0819253784898236
-0.0106646653028736 0.0122488359442493 -0.0811466035835163 -0.199818898913177
0.00583641839383651 0.00804557227963684 0.0841596080169322 0.150171940125746
-0.0225538927672267 0.014740988270253 -0.145633944614169 0.0363974320939529
-0.01311833459623 -0.0010571917127293 -0.36631435298735 -0.291593467918188
-0.00483824656026893 -0.0433823907273016 0.0978591815933062 -0.59906245799742
0.0357391645343799 -0.0485640208578376 0.796734333930426 -0.157597045564629
0.0222703962685736 0.033084341973614 0.551060058277617 0.76337490048588
-0.0395029191856228 0.0247784511909297 -0.238809461478243 0.672568121900087
-0.0441902499163781 -0.000281872679361467 0.0239251401596125 0.0946051484605631
-0.00707556562941359 0.0230018258322341 0.265400995729936 -0.626703705766649
0.0198278492452133 0.0172095491743969 -0.560148660421904 -0.825603856105939
0.0135417655212408 -0.0159793166390146 -0.917834149280011 0.179109232663485
-0.0220285433293845 0.000375964485363426 -0.0834392658821461 0.699461975521606
-0.0151798034074891 0.0283043735348921 0.399586579289116 0.275443099056707
-0.0105435487999298 0.0111673590418144 0.236930403332636 -0.075554512516365
-0.010085376942114 0.014713710934157 -0.0801154128360324 -0.198617181873644
0.00612056961771378 0.0111921064008537 0.0845138881762162 0.152918947618225
-0.0194614223875648 0.0162310594456654 -0.140867010919038 0.0429876598220371
-0.00981645142254761 0.00420820306756929 -0.367796070023523 -0.277146742355445
-0.00405671536049576 -0.0367188880052236 0.0846312836056412 -0.599894762317006
0.0370002854573618 -0.0494268368609449 0.7902772729 -0.183018560922505
0.027198781437344 0.0313344209271007 0.573147435278425 0.742892726875919
-0.033569765184888 0.023272618770894 -0.225909103820549 0.679553303910451
-0.0381406645545069 -0.000515125034373503 0.015444674651338 0.105532799338019
-0.00284157077164676 0.0216151527240168 0.274554652315855 -0.614181744023501
0.0246581079829139 0.0170462804670535 -0.534174744212516 -0.847692336827601
0.0178874702520069 -0.0134725172702868 -0.927324416292541 0.146528190391229
-0.0199358220095515 0.00591961860413319 -0.105533118422452 0.698902801577878
-0.0143818649333718 0.0327349885841791 0.39692262294344 0.292650125023078
-0.00897689394551661 0.0125951011014301 0.239266317672806 -0.0661152746321916
-0.0107377160991393 0.0155949961576451 -0.0787433119290395 -0.197336801924669
0.0148843006540788 -0.00821971912365641 0.0733471932611422 0.157531878283632
-0.0151366519337594 -0.0066762994426107 -0.15633009150608 0.0506470808366918
-0.0200318028781046 -0.0189369419461438 -0.384133595983946 -0.263035440998379
-0.0337748787173908 -0.0400372598424299 0.075871281148247 -0.58772753035147
-0.00454457465846126 -0.0415044827917949 0.801452644759374 -0.185223392433895
-0.00760980827923188 0.0128686487922681 0.60045027914471 0.725773547522224
-0.0285970441327493 -0.0176303258027549 -0.187458396026021 0.660664940467961
-0.0086889670193893 -0.0371044169178532 0.0577046736368011 0.0828558152802376
0.00260908411586101 -0.0160751359269394 0.295116800616708 -0.636828121712034
-0.0114115235125658 0.00315531563831129 -0.532235988087638 -0.834261038462256
-0.0258618741492644 -0.00641509215408741 -0.902747252092864 0.172539209650816
-0.0505800629305947 -0.0010212865835887 -0.0833750588100209 0.707939233132731
-0.0213659379891758 0.00678418741757309 0.38993885294788 0.2930108429319
0.00223539816330556 -0.0143291271617638 0.221874846921962 -0.062407941299013
9.39427357484939E-05 -0.00790445148555049 -0.095651215810191 -0.183083847712524
0.0128324552641214 -0.00619137863873764 0.0767088374250465 0.154036726316523
-0.0182977558838101 -0.00564106322975055 -0.158047717520521 0.0428856944442874
-0.0221841939873302 -0.0201839076207432 -0.378737293608284 -0.277698901619654
-0.0319063971915351 -0.0446400752586649 0.0928614171932087 -0.590881463242027
-0.000231514674847364 -0.0426373992389753 0.80563593272481 -0.16100832144164
-0.00698023784178204 0.0171045587234052 0.576865189886932 0.745966578375327
-0.0348366312701026 -0.0100765034136614 -0.204157165593361 0.657693061367546
-0.0182468219314265 -0.0308677292361112 0.0585108273580931 0.0759036932012195
-0.00406766217776443 -0.00995045222233237 0.280244155930504 -0.642130596797844
-0.0114473756479033 0.00494292409129713 -0.556885459810848 -0.81638348620717
-0.022297308530054 -0.0101126007838278 -0.894945228789163 0.199626530738615
-0.0482439448790483 -0.00565122169183787 -0.0670623586384507 0.704639993977564
-0.0196649024554803 0.00425494268276883 0.393536247643414 0.27566843893493
9.17767841577127E-05 -0.01333467443469 0.219947592019101 -0.0728249926685813
-0.00199517422504841 -0.0055348993206844 -0.0925286984343344 -0.186879765782526
0.00996544464185992 -0.00430758408905672 0.0794333366858662 0.150421923276863
-0.02169311092958 -0.00223680258385518 -0.156466819471464 0.0351377529084387
-0.022684657355183 -0.0191448851831576 -0.37573602649552 -0.288219637030307
-0.0285336634582626 -0.0485116039699433 0.102738167266634 -0.592973316019929
0.00667299263256553 -0.0456344264537053 0.80734124422347 -0.142629581994947
-0.00518123223021871 0.0224052389173297 0.553484145341188 0.7612800146466
-0.0402045629881397 -0.00175967335876081 -0.216341038165003 0.65518276332877
-0.028637652268158 -0.0229850031285017 0.0577670866309647 0.0749028264551018
-0.00849609936612094 -0.00123921913398215 0.265883595873285 -0.646811540939615
-0.00731736475703263 0.00839210918696862 -0.578273660104833 -0.802869792009162
-0.0166980756734767 -0.0144105515347538 -0.895599084948625 0.218260686042654
-0.0431432489608306 -0.00894126816405827 -0.0537609958152528 0.701476085318993
-0.019337526636218 0.00500237769424967 0.396741082403969 0.261940148415719
-0.00148266678664679 -0.0107588636907375 0.22131926003221 -0.0808539561039058
-0.00344762238227975 -0.0018845242023287 -0.0921047950376425 -0.19203994725649
0.00775402063253074 -0.00091249809150944 0.0820781397976426 0.148287530814756
-0.0235812452064213 0.00232079391190875 -0.155137230390179 0.0305709323189097
-0.0220500683323505 -0.0160128575955477 -0.372365591664978 -0.29635879187669
-0.0231928379518522 -0.0500692858183484 0.107377148543165 -0.593123130366948
0.0142157460172772 -0.0475983123968885 0.805263686089793 -0.132198075569048
-0.000156050217344558 0.0269494286964828 0.542002323995469 0.768359055817597
-0.0445819070299036 0.00701043358652518 -0.229707724969329 0.653798345153947
-0.0359443527120704 -0.0151978921061485 0.052249650138131 0.0760708638095777
-0.0118321641410625 0.00713664319551431 0.2578987940607 -0.647297396543505
-0.00129531790832824 0.0112764824262687 -0.590052047464931 -0.793889251936191
-0.00913411040452101 -0.0166370436134979 -0.895986784835365 0.228656532095883
-0.038341295129494 -0.00993973300269203 -0.0478556529880318 0.698418954823176
-0.018015206593515 0.00946035348275895 0.401777650808248 0.255152975808095
-0.00357229249852808 -0.00517214521144765 0.222120853436214 -0.0859928319307434
-0.00539411969118348 0.00222336505119597 -0.0883005598021025 -0.194221212192535
0.00705922607478058 0.00208850680006836 0.0848977993646251 0.146548471824669
-0.0249339569833332 0.00649445443498724 -0.151320246522067 0.0296306856891624
-0.0196968951846674 -0.0126684490444662 -0.369185106683231 -0.297132396217
-0.0179540676807945 -0.0504284237348203 0.106247248142123 -0.596401921941235
0.021982807174381 -0.0487494738589283 0.803603282770633 -0.133135949481691
0.00701219174097204 0.0314650720159706 0.536482239782705 0.771345381030899
-0.0459614264912274 0.0148955647703601 -0.236218505692108 0.657489895915154
-0.0416033999129519 -0.00760597419122939 0.0442680272770753 0.0794956254438736
-0.0121921786076084 0.014150369697211 0.249688499263785 -0.642491785615685
0.005836017040376 0.0141778141003369 -0.593976991044409 -0.791810696795365
-0.000847676652638147 -0.0180349672599641 -0.897538877091556 0.225426914124491
-0.0320956822688177 -0.00849880828668649 -0.0477833113817279 0.695880947274722
-0.0164091547545608 0.015495636003542 0.403158080742753 0.251548198996578
-0.00575504303163816 0.000265785275976619 0.226090481214686 -0.0871982817146588
-0.00821137461732657 0.0072102853062663 -0.0861006206408134 -0.197178245319845
0.00580506670547299 0.00529837096733821 0.0863743549411543 0.146543581846768
-0.0235090905837082 0.0117959614150477 -0.14841787656184 0.0322249824889073
-0.016701336690424 -0.00729750043380623 -0.368516891613041 -0.293773562690098
-0.0116544867499422 -0.047997999046449 0.102216267306209 -0.598799878759545
0.030147147912284 -0.0500489068519711 0.79761653650196 -0.146074173460335
0.0146462366374182 0.0327377814277577 0.543132943214134 0.765222530419506
-0.0437725812123548 0.0208870660218514 -0.235295533121546 0.663925022536306
-0.0442956559384067 -0.00236790000915751 0.0345901709534377 0.0859403714786918
-0.00985971151398764 0.0194397762150119 0.250813618373575 -0.634489472102617
0.0138350892360852 0.0154186453190295 -0.585223957011051 -0.79995739504861
0.00627028472149706 -0.0179379876308407 -0.903307558253157 0.212517232185301
-0.0266461814166963 -0.00438487679522201 -0.0580804879962822 0.695091894757004
-0.0158472469020991 0.0211193656972866 0.403068861353623 0.258511120420246
-0.00733486038846808 0.00578878705577787 0.230364711483937 -0.0844253571228116
-0.00983171890326962 0.0115467101995526 -0.0832006570597989 -0.197775268941525
0.00635853978555158 0.00815374474559354 0.0868370007110734 0.14777297358386
-0.0217841432987876 0.0147859522275882 -0.145147667070008 0.0372168913096359
-0.0134491020455416 -0.0018068252570401 -0.368295623931844 -0.283571742739067
-0.00611027314370068 -0.0425453213068916 0.0907200149488572 -0.597997186412928
0.0344649546311691 -0.0503333476456867 0.791072692974531 -0.166161577666653
0.0224650478283855 0.0323503365557899 0.558081329567595 0.750025197105322
-0.0401463605974196 0.0244680907421673 -0.230875948511609 0.670964854715813
-0.0431895008964614 0.000228083501735503 0.0256054997130097 0.0929974555831132
-0.00705237496368409 0.0218678166610724 0.256492516563143 -0.62498539128346
0.0201900484716025 0.0164204244767149 -0.570202465187286 -0.816254423805328
0.0133664357780762 -0.016192418312798 -0.910947894578889 0.188102325954837
-0.0224217667304073 0.000153051297758933 -0.0738770594725137 0.696607003968409
-0.0155251045964439 0.0272791895537502 0.401991930609365 0.270641542557622
-0.00853995005824527 0.0102009445019409 0.234468756051967 -0.0784194599769462
-0.0110564273340547 0.014985075055093 -0.0814549449855864 -0.197510532938814
0.00577889167960824 0.00976191703977569 0.0860719585334807 0.150950292031252
-0.019781882748668 0.0173641316420488 -0.140702100509434 0.0445848094707695
-0.0105666434477275 0.00312534362222214 -0.370193761953756 -0.269925999384372
-0.00403733548130367 -0.036278198555911 0.0766072350221216 -0.598207274297998
0.0361691033033042 -0.0493161929226305 0.783143117450787 -0.19216711175875
0.0284010265838875 0.0302127036841185 0.578572393550463 0.732182973904806
-0.0333455320740652 0.0230964591200046 -0.219950844171759 0.678276962053708
-0.0384623320051122 0.000244822799068366 0.0167899887343745 0.10211885979467
-0.0024470678370378 0.0207883508796126 0.267640105600211 -0.613416124494089
0.0251002765092741 0.0165872995572638 -0.540545557305063 -0.833837713856789
0.0159828965134961 -0.0131753255872713 -0.920280655516251 0.156957062220254
-0.01931163070524 0.00601976561100977 -0.0943931699025908 0.699052106670369
-0.0145407712000125 0.0328080567804395 0.398337698201864 0.286296705638847
-0.00780140592576203 0.0123072073342355 0.238565275887951 -0.0682300991824549
-0.0107032982751872 0.0172261449006366 -0.0809031556913008 -0.194414645009015
0.0142751668034655 -0.00859476172688848 0.0736316066845504 0.15516245492499
-0.015929605680871 -0.00673347074213091 -0.156275366374377 0.0516465808422631
-0.0201957388954707 -0.019246282473975 -0.384056191884911 -0.256160088133149
-0.0345073343784243 -0.0394088652228884 0.0697930104449054 -0.585692908214567
-0.00447866971930416 -0.0403310187898953 0.797196721115162 -0.192360328618412
-0.00791963225332338 0.0130371286824511 0.604225954185264 0.714326963453327
-0.0290236979011584 -0.0172275634104404 -0.179163806407466 0.658603467284178
-0.00919113948990488 -0.0369621433630263 0.0580329448369752 0.0811461825347043
0.00163105756333884 -0.0171026662149072 0.288833074907936 -0.634133373221747
-0.0122410488083703 0.00195616584188713 -0.5385898822229 -0.825065348806344
-0.0254223380453418 -0.00534613764937734 -0.8951258165265 0.182107959042459
-0.0500002473570704 0.000584356279788947 -0.0749462159685199 0.704930280590754
-0.0212716009510825 0.00655881501681482 0.391633282251134 0.28748419495292
0.00129647553939587 -0.014153781240828 0.220400500085534 -0.0642835467194023
-0.000189321426049553 -0.00652939478195573 -0.0968651163130463 -0.181162554290823
0.0114400504557528 -0.00785783201518614 0.0763378869895559 0.152826923565669
-0.0189653940371423 -0.00500070530085075 -0.15653873558941 0.0436016795733794
-0.0221924482555973 -0.0197511181189593 -0.380559629792357 -0.272148416896305
-0.0333319892326231 -0.0444262588085241 0.0837889518243812 -0.589079737757464
-0.000288569867605008 -0.042982667039141 0.800912042733164 -0.167275059706292
-0.00767151407061755 0.0169600573632473 0.578980014967231 0.734648538122858
-0.0350938203291971 -0.010080534739225 -0.19509228954664 0.653202583993964
-0.018915846725994 -0.0297725969005269 0.0596391374124945 0.0758499143898416
-0.00407191932744886 -0.00984367428925739 0.272837566962005 -0.641657772382135
-0.0111683897309746 0.00425476043365137 -0.561294831892932 -0.807076395501887
-0.0226464616432216 -0.00902340086960505 -0.888949244187709 0.207662771870411
-0.0479213890497253 -0.0050481433645215 -0.0571993170684889 0.698684574636988
-0.0194414246750095 0.00419009366808516 0.395130439972744 0.269290385964184
-0.000448736943969871 -0.0130133282215914 0.21935930373878 -0.0746228979122296
-0.00117381390540355 -0.00494181672671318 -0.0950659810402667 -0.18553527199644
0.00989501479364166 -0.00465428237766391 0.0798849527405985 0.149238382097293
-0.0217971385828788 -0.00202468782020656 -0.156533514338925 0.0364215089795412
-0.0226322239617696 -0.0191654075423438 -0.37638680154994 -0.281354178416721
-0.0291385987165603 -0.0486817680510102 0.0940644193930447 -0.59179234448708
0.0062654455646787 -0.045081270966451 0.803849254345029 -0.149761401036504
-0.00513498057233322 0.0235015596411109 0.559068192919304 0.749263666300196
-0.0409997678500897 -0.00149632507729178 -0.209921810660765 0.65004499776628
-0.0280966008560495 -0.0224529218049372 0.0575707014223575 0.0738218415672759
-0.00887619208322603 -0.00178237931880504 0.258854869924989 -0.64680053800771
-0.00722648593090825 0.0080222683885057 -0.582856144484324 -0.792266848515146
-0.0171148419049866 -0.0136153614614969 -0.889245796810112 0.226180545335563
-0.0431025777697508 -0.00920812150308751 -0.0454540122465056 0.697076954928223
-0.0190084394375199 0.0052542761886196 0.398937379253531 0.255042986877017
-0.00196660664829929 -0.00974812998845217 0.219799617367999 -0.082048010643072
-0.00323529967666768 -0.000909574350952388 -0.0929761239861638 -0.189995127637157
0.0078803219606368 -0.00133421628183516 0.0829782099032981 0.146468788146665
-0.0237390034093976 0.00252067542488594 -0.154160359069047 0.0320285130999309
-0.0224654589990259 -0.0156373930778162 -0.373670990410965 -0.288079197493848
-0.0244501479800619 -0.049963779155466 0.0989731027851983 -0.592104310149752
0.0141470499404077 -0.0471380879680849 0.800800011835208 -0.14239739796077
0.000733723786550381 0.0277528889981235 0.547826332422318 0.759409332834281
-0.0441864663321001 0.00725292993864671 -0.221494945188649 0.653731599469194
-0.0361280724051112 -0.0147804773029414 0.052172378944819 0.0747792776005715
-0.0117031693854721 0.00623505190522616 0.248461768067662 -0.645291980294665
-0.0011739019323025 0.0107545271663651 -0.594182980028026 -0.78347899301595
-0.00969610433598407 -0.0167997668161424 -0.887297359199096 0.236709255723987
-0.0380133543222888 -0.00945195026021143 -0.0409592739339032 0.69471986041707
-0.0175796931990133 0.0095700944075026 0.402693415620049 0.247997159290167
-0.00480295252995122 -0.00466674566877524 0.22270979062873 -0.0883367240319746
-0.00571136337062061 0.00274684757315031 -0.0899026638158437 -0.191395539579534
0.00609469581426876 0.00231867990209299 0.085623678928986 0.144761626955575
-0.0240529292658114 0.00724363281510939 -0.151978410539631 0.0300658746342632
-0.0194152731820103 -0.0119781878626216 -0.371142251278974 -0.291266294527192
-0.0182677147503212 -0.0505054338081221 0.0995770504481505 -0.593988274505006
0.0223882345148985 -0.0484057662124892 0.798054436477104 -0.142350601945388
0.00757660164457056 0.0306968629763875 0.54187320501669 0.761938057533471
-0.0459462444796679 0.015754524760723 -0.228248871249614 0.656344708953732
-0.042237536399148 -0.00758098102964431 0.0446774956496114 0.0783061959264916
-0.0117856850643496 0.0142391979067863 0.24156213563497 -0.639878772967443
0.00664830113619071 0.0131664850908603 -0.600052240011558 -0.781745684482766
-0.00120839643237531 -0.0181998385646409 -0.891234763066008 0.23445078878924
-0.0325283370941648 -0.0081666597307919 -0.0380306344695745 0.693341915603955
-0.016363853938856 0.0153157351557746 0.40448571135469 0.246070952790496
-0.00712792232703798 0.00074403830896844 0.225143725016884 -0.0892919799173975
-0.00875811538529355 0.00765211527151112 -0.0871030374265358 -0.194239234835426
0.00484077432294773 0.00497931797014468 0.0872090741129237 0.144687982171694
-0.0236767784240881 0.012488556056186 -0.147728325943646 0.032331360563932
-0.0170570036719138 -0.00720806373177976 -0.369504660434264 -0.286198398792136
-0.0123593822666197 -0.0471406404261972 0.0941915193882831 -0.595423923121763
0.0292114012764932 -0.0495335557499675 0.791371524745433 -0.154365849246903
0.015353684340423 0.0331238732232785 0.54722066278214 0.754311687923038
-0.0446154849692544 0.0214659036688654 -0.227341741777683 0.661415977364377
-0.0437635903365182 -0.0031664556189867 0.0353555285236074 0.0846840466140691
-0.00963683542898895 0.0188427654995785 0.242923799161712 -0.634266115760567
0.0132405729305839 0.0151642192770501 -0.590275478959815 -0.79073548798825
0.00608327227813343 -0.0177129140273863 -0.896967093326998 0.223586414472152
-0.026532717052876 -0.00357649077908435 -0.0505325422707229 0.694216314073919
-0.0151342819391904 0.0214306978232901 0.405703270374514 0.253044432359833
-0.00807124588690853 0.0057704145794169 0.22986987756329 -0.0862354819289537
-0.0100481320909284 0.0119801877453829 -0.084694891531723 -0.195261748327016
0.00571271900553671 0.00836492621292468 0.0867296279221907 0.146745283499307
-0.0215754481675959 0.0161076230379627 -0.143926771086767 0.0378321123413431
-0.0130314919111986 -0.00125870809312792 -0.369988752946216 -0.276574618312732
-0.00832591638578962 -0.0421529390345497 0.0836350174387062 -0.595210046589278
0.0332753598038716 -0.049809146055043 0.785940016990687 -0.172376765099014
0.0228847354983464 0.0325037662364817 0.563430428734507 0.740325880613526
-0.0394429325117918 0.024443952786003 -0.221892995360105 0.668287182726196
-0.0432553865482778 0.000673672352171975 0.026148613802223 0.0931444215038699
-0.00669896130118321 0.0213082914113487 0.246593061732688 -0.624457439759231
0.0206386263719918 0.0161090785125718 -0.574333800101883 -0.803160909708628
0.0123028530712604 -0.0162800324421078 -0.904892918551493 0.200309998351048
-0.0219433683133656 0.00107598985709328 -0.0656824498414003 0.694388003598906
-0.0149113890827734 0.0277166781529692 0.402576100944236 0.263812109875092
-0.00849247114643844 0.0104319315406623 0.233646611847664 -0.0803461433939528
-0.0107250067653818 0.015522909263432 -0.0827613663634515 -0.195089843215126
0.00619076370496788 0.00982566672810891 0.0867500048699768 0.148439519286463
-0.0196851633731856 0.0184386703472607 -0.1413851663605 0.0462427714856753
-0.0100390424866333 0.00422500006297728 -0.371999760824326 -0.263099331441894
-0.00456153613980112 -0.0356885629030782 0.0688313388621647 -0.594957896010541
0.0357193359415146 -0.04932383869815 0.776882663309948 -0.200051271317765
0.0280591097450539 0.0300911346174844 0.582385731185076 0.720777004934624
-0.0327232177468713 0.0227929566052449 -0.210750169539688 0.676007836691916
-0.0384200007666338 -5.25842683400468E-05 0.0179964818205344 0.101807493130848
-0.00271882828671097 0.0209263278125083 0.258135795002212 -0.614449651914446
0.0246444050928913 0.0164510614202381 -0.548017168584067 -0.823851822211496
0.016597511168493 -0.0134899711905992 -0.912802120420696 0.16670368411474
-0.0189254059529135 0.00604492387430485 -0.0861647352729043 0.695744338303405
-0.0139750390448566 0.0325308410546376 0.401189922812732 0.281274430967408
-0.00852851008758432 0.0135175801600994 0.237439370364537 -0.0703270032118471
-0.0109063822168158 0.017219712997229 -0.0827348026323943 -0.193051938695969
0.0132142299794237 -0.00826945735359143 0.0750848112770559 0.153823415797049
-0.0157023029677876 -0.00528710989158633 -0.155015721580924 0.0526702575809353
-0.0208097942964338 -0.0185513946434275 -0.386900740706321 -0.250944635622471
-0.0350031122190286 -0.0387584030451559 0.0624190687351577 -0.5838777062169
-0.00497878101595201 -0.0406600638286076 0.789607447400304 -0.198831609691747
-0.00777633620101722 0.0138570838639604 0.606920552816922 0.704760762422457
-0.0295944889398619 -0.0177039650154703 -0.171482771439828 0.655134998450385
-0.0101488687618711 -0.0367698703026502 0.0584069840153205 0.0805452999257969
0.000970098970108833 -0.0171253815300822 0.278501754693401 -0.634070215907486
-0.011671410367414 0.00194302920659678 -0.542498734902118 -0.816520188781822
-0.0251792507230478 -0.00388089314534254 -0.890199721990409 0.189419330775263
-0.0492021758499473 0.00252033911638173 -0.0676016015643347 0.700759199089541
-0.0211291128190977 0.00578166556972419 0.392568251850852 0.280508674591627
0.00113396396818437 -0.0137714117583752 0.219821970954082 -0.0654076590332266
-0.000256226103008466 -0.00672551876461753 -0.0981623263003892 -0.179200530666325
0.01174386445026 -0.00702507683229046 0.0777806439083271 0.151350937452424
-0.0197336196085227 -0.00425170100257812 -0.155891203207579 0.0435522027547798
-0.02324354929326 -0.0194086569354541 -0.380456952383491 -0.263804614333871
-0.0335005699273868 -0.0432529137964147 0.0779665681834456 -0.586390426195242
0.000542513644649012 -0.042372754676778 0.793609154783013 -0.175056444472809
-0.0071689354274447 0.0176832908418006 0.582425186717027 0.725383694084121
-0.035453859986607 -0.00986518883111567 -0.189368271006982 0.650143701162888
-0.0200385555117699 -0.0307169186326937 0.0601313062026642 0.0752435146566154
-0.00469666294759953 -0.0106511243063201 0.265492234674064 -0.64163971142847
-0.0109142362127042 0.00565299437772353 -0.566531376275388 -0.798647682316857
-0.0219946605952764 -0.00911112396020948 -0.882393110692439 0.215061301835303
-0.0487624816598806 -0.00467546214511403 -0.0500616501387818 0.696216341143266
-0.0203316094021761 0.0040363771286236 0.394658782843421 0.264639601079929
-0.00146900917801841 -0.012836463550687 0.218608944720503 -0.0758822646606177
-0.00126163191368178 -0.00445222607323425 -0.0954326362073249 -0.18433211463348
0.00918642048827949 -0.00410371565871194 0.0812710241939337 0.147123525106408
-0.0220315705586224 -0.000523344407962824 -0.156126226713164 0.0359004497666626
-0.0227356747990691 -0.0194572977123942 -0.376221305170085 -0.275138383858433
-0.0300628845474409 -0.047658774317559 0.0889748316150902 -0.587322234301348
0.00566778086733211 -0.0447336003553984 0.794498192913762 -0.1586471434609
-0.00370707278311836 0.0231312226628176 0.565520184884907 0.739684775811555
-0.0412257678654231 -0.000549279083736712 -0.201409092195112 0.648460715985672
-0.0284695908046898 -0.0233297366562153 0.0577275874142676 0.0731770546310681
-0.0090815087375631 -0.00153873924443798 0.253333623196244 -0.644520126670947
-0.00700779076533407 0.00744157711580058 -0.588343089496706 -0.78137675632892
-0.0169030327776424 -0.0126697600291729 -0.882303974508232 0.235391066850893
-0.043878575697027 -0.00877603052503933 -0.039050340278166 0.695528177595711
-0.0191095024874268 0.00575784647761458 0.398980368354222 0.250437387146847
-0.00253834067001188 -0.0100679691383878 0.219430297427668 -0.0837255222388407
-0.00377484204323907 -0.000992042350214609 -0.0941370515480722 -0.186961695560087
0.0067398007910722 -0.00231138195776229 0.0835846994031837 0.144115578889255
-0.0233733160707328 0.003189578542641 -0.153137484691953 0.0323616224322426
-0.0218339306577011 -0.0160882133605761 -0.375364640685923 -0.282734244619836
-0.0252162149443973 -0.0493758087098061 0.0925076882901468 -0.588867302138811
0.0132979694414433 -0.0470426109064517 0.794782713770451 -0.148093071489334
0.000761582538185767 0.0282940163458057 0.550287248965972 0.749272169072121
-0.0446791567266848 0.00777921547822589 -0.2153203020183 0.650582427810872
-0.0364451630422341 -0.0141679174705891 0.053428337307402 0.0744504424594546
-0.0119637457797163 0.00689471902527381 0.242311920706233 -0.643182781464883
-0.000894962054653059 0.0100719579553396 -0.598277921003566 -0.773866047304225
-0.00925441601524859 -0.0170346023490748 -0.88236504533095 0.244991331584311
-0.0377864667190235 -0.00939639420827084 -0.0313808097322559 0.691792664114219
-0.0171771151347082 0.00874717681171284 0.402030711145896 0.2421230687998
-0.00527555058912011 -0.00523723228280062 0.22019426186597 -0.0889694206716248
-0.00621947781035814 0.00387209550300128 -0.090173615482679 -0.189855756054909
0.00487823478935108 0.00262516793944351 0.0862662615484134 0.143274409548333
-0.0244482772545624 0.00798466441530469 -0.150170248125687 0.0317612129567621
-0.0208108615435825 -0.0113763886282261 -0.371918835359078 -0.283315207754534
-0.0186019364839959 -0.0492870520897997 0.0929651315284398 -0.589878723877774
0.0222110848704682 -0.0484696451509853 0.791570465718565 -0.149532238968765
0.00726390836781138 0.0315512598201719 0.54690887061033 0.75228998982032
-0.0460116117120023 0.0158315101965886 -0.22173526903267 0.65356004315384
-0.0419782273462865 -0.00756406583393622 0.0456719692621108 0.0777009881485688
-0.0119493722113618 0.0136706452363019 0.233050081389889 -0.639091688828909
0.00636565345363052 0.0122572336228861 -0.604479402046558 -0.772223742893877
-0.00175601825335775 -0.0178360347325743 -0.883030935175393 0.242989250116581
-0.0319824376645844 -0.00734399221216744 -0.0316596668616518 0.690769570885882
-0.0168736743000184 0.0156503220309349 0.405604205692263 0.240810887964831
-0.00645878475502952 0.00120903731575933 0.224963547375201 -0.0908502627559116
-0.008890058358617 0.00829905469253228 -0.0886342458598179 -0.192490858905889
0.00460645779584573 0.00537263657762214 0.087872937657265 0.14260168497983
-0.0233217548395719 0.0130505525897263 -0.147204250231283 0.0332768777630673
-0.0168199481782442 -0.00682519534384568 -0.371120887242983 -0.278966781283174
-0.0126135169925597 -0.0465418850365338 0.0880851227879416 -0.592363890962895
0.028268655768383 -0.0485214292939895 0.785694339245084 -0.160944441349094
0.0150947537007242 0.0324114843735986 0.553172535367919 0.743595872781172
-0.0450908548718126 0.0208602627728952 -0.220754406224717 0.660604955744872
-0.044540840278059 -0.00255622763969322 0.0361057024817213 0.0850036539044588
-0.0101010333240818 0.0186745706556362 0.235257186106538 -0.632445509062585
0.0139723568402363 0.0145977744037209 -0.595008361800941 -0.780734874262978
0.00623063704425001 -0.0174713593245428 -0.888366512887347 0.228322706320086
-0.0266555147326514 -0.00349117245048213 -0.0420568223433098 0.689228849722331
-0.015726215888231 0.0223354395771916 0.404898151815359 0.247136000402089
-0.00821384023237493 0.00590903848245765 0.228472163935026 -0.0883538449665266
-0.0103419205255457 0.0120191592355076 -0.0864237781473883 -0.193322598790697
0.00485573703177639 0.00761719261504778 0.0877570028139193 0.144679744956277
-0.0207589460341986 0.0165125453385018 -0.144274459322539 0.0382566597222387
-0.0134065714716294 -0.000612951375912855 -0.370910637032056 -0.271484983866178
-0.00767220747072235 -0.0420049385430029 0.0772367577490286 -0.592930126066359
0.0339235614269577 -0.0494182381079305 0.779370940282041 -0.181533469926541
0.0226199041089715 0.0321318190070792 0.564489082096173 0.728754742750007
-0.040346512219613 0.0242367789749258 -0.215635289977892 0.666046647582441
-0.0441205281168094 0.00014800734810747 0.0267281339844822 0.0919507541105848
-0.00706320612442926 0.0209707048272301 0.241579751069012 -0.621147499124571
0.0200390392489047 0.0152865686758826 -0.577076247526671 -0.794121239925958
0.013062957591657 -0.0158887647701018 -0.896526880224571 0.205383982128537
-0.0209210672725141 0.00213599629645811 -0.0573493213788763 0.691057118080513
-0.0142271123040932 0.0288170079019591 0.404992927513134 0.259320546279674
-0.00874447338501435 0.0108107242420625 0.232732200170142 -0.0815620328048328
-0.011751658802786 0.0163263055181474 -0.0838872600214718 -0.192588254043972
0.00513701476725936 0.010278432807942 0.0870114385974359 0.147515462448192
-0.0181417577879268 0.0190801628214596 -0.139794660591567 0.0460442006384458
-0.011437989390872 0.0035647151196692 -0.37260035621429 -0.256804287573568
-0.00525019277568236 -0.0353526619587117 0.0634762994781501 -0.592445069218758
0.034989199619542 -0.048982867917178 0.772268716094512 -0.205964286942336
0.0282466905238769 0.0300583368812339 0.585502076845314 0.708311704525638
-0.0337932430993657 0.0230925991539588 -0.203425618020119 0.674567216580685
-0.0388771399593176 -0.000171495567466345 0.0187257673356884 0.1009582558673
-0.0026635206112745 0.0203145567855841 0.251816176560675 -0.612158943298585
0.0249584017719023 0.015438541478557 -0.550864431206502 -0.814986155854071
0.0168446888162467 -0.012499484201961 -0.90595851186535 0.176571902799838
-0.0189876533380734 0.00639516624820877 -0.0762358052397042 0.69228662747445
-0.0134629287859187 0.0318689012541133 0.400687685682919 0.274494649096788
-0.00841781701557463 0.013314513442756 0.236898852082549 -0.0714662939697489
-0.011097355620703 0.0177407366903402 -0.0839495538428041 -0.191207106920779
0.0129890070925328 -0.00917215847886294 0.0755843576647648 0.151777235083385
-0.0154552412346656 -0.00442480528415696 -0.154624077318823 0.0525283795161675
-0.0208113052422116 -0.0178395542092841 -0.385713250708041 -0.244526403227801
-0.0366846078717483 -0.0377771541246214 0.0587405516168026 -0.578731332775613
-0.00610266398785406 -0.0404221050159051 0.782109573248376 -0.206960497165146
-0.00762004537164436 0.0139363944822216 0.608809363554501 0.695485999605505
-0.0289079233129321 -0.0163448597238972 -0.166975398273459 0.652564352556155
-0.0124039164864977 -0.0367087506779052 0.0590000909129386 0.0803753115147849
0.000972258410943743 -0.0166680890118285 0.272903144408246 -0.632914215938435
-0.0107324135334748 0.00221415576746199 -0.544598837341194 -0.810200954709487
-0.0242749772405811 -0.00317908418004469 -0.882918918100965 0.195771824534923
-0.049423667945332 0.00055421917618648 -0.0604104708274869 0.698104847445537
-0.0204591645081244 0.00582721654072603 0.393692296998044 0.275227316933073
0.000321472968945233 -0.0144988280758742 0.218744470582701 -0.0666910739240821
-0.00112445302982845 -0.00585662690400062 -0.0985205556383977 -0.177006042801393
0.0114514658432184 -0.00694903262697178 0.077645324152219 0.148932680215235
-0.0189174730460693 -0.00307269372420366 -0.155332610923989 0.0443248941196856
-0.0233534704681565 -0.0190548552144352 -0.380234253567043 -0.258722138663804
-0.0338238562613782 -0.0424027001632774 0.0712635903399619 -0.583549165849121
-0.00100614052080269 -0.0430812060092663 0.788085539987677 -0.178767302834327
-0.0081665930410045 0.0189045929377485 0.585541967076585 0.715171495348679
-0.0369910161037197 -0.00959980470365841 -0.184902244757198 0.64659371928404
-0.020121978813308 -0.0296277933175423 0.0599312831346492 0.0743354992592801
-0.00576946653550508 -0.0103779109334064 0.260033731206773 -0.635874619360783
-0.0103265398261021 0.00438459932630662 -0.569389380486202 -0.788524696464125
-0.0230333234455173 -0.00924443227119411 -0.876613416505953 0.221520863932926
-0.0475506532626749 -0.00501824730213742 -0.0444219720762687 0.692661906655527
-0.0210892131251558 0.00321439754791501 0.395623804358592 0.258544035875806
-0.001152500041393 -0.0140925566671514 0.217214562970853 -0.075767321824651
-0.00187139969374067 -0.00285074374241819 -0.0959039304441885 -0.181704207278865
0.00904012918062279 -0.00473192156001207 0.0817811256947814 0.145665657487229
-0.0211459036664689 0.00015377050795646 -0.15453002116667 0.0372832430473989
-0.0233250689190531 -0.0171191260125453 -0.378362767613404 -0.269004655354706
-0.0300410241918732 -0.0467313790862876 0.0809707296906797 -0.583899573013544
0.00621180692266386 -0.0456836051795758 0.789193873774196 -0.164259029536524
-0.00485349616350206 0.024254099667661 0.567171236077141 0.730684338769045
-0.0413361261457934 -0.000617795240001995 -0.196461528723873 0.64686471592878
-0.029462007363826 -0.0221004452755251 0.0572955218694574 0.0723341570236141
-0.00976147875115069 -0.0016961998574553 0.24306748801504 -0.642658276271972
-0.00752813960303852 0.00786772085511236 -0.589711005061615 -0.771985976279073
-0.0174006491661094 -0.0122095138075418 -0.873555442118902 0.239447266554868
-0.0435677034192822 -0.00880383209789198 -0.0329002365294618 0.690702046665573
-0.0182653080573245 0.00493551668737832 0.399757927656975 0.245543366648995
-0.00430443516098843 -0.00962171759944046 0.218472533340022 -0.0849927809477986
-0.00307238620680924 0.000236179063679322 -0.0952812030834807 -0.184790140366695
0.00683376918385357 -0.00205937513862307 0.0841315202367584 0.143092254888157
-0.0219174843030361 0.00386361611739036 -0.153087943209035 0.0340131501560062
-0.0228479636545609 -0.0157458219895477 -0.376003426265162 -0.27603162827859
-0.0263312857080087 -0.0480911867997814 0.0872407329162952 -0.587609276831641
0.0128600941629036 -0.0462296289604845 0.789811227003676 -0.156318797875649
0.000984417926333796 0.0273069773573538 0.554388470663052 0.739828470238222
-0.0439842483360765 0.00795585131840783 -0.208006318155537 0.646019373248042
-0.0373507077904373 -0.0135779530339911 0.0529457443876159 0.0726872432996796
-0.012237730371666 0.00652576593301056 0.235074957723962 -0.63931739493264
-0.000394871397294942 0.00918924636248668 -0.602250500849484 -0.765595756544373
-0.00998378700943329 -0.0164398552106796 -0.874147606583821 0.24975941811073
-0.039484608796771 -0.00890996710560728 -0.0249550594472254 0.687144728909225
-0.0170375414000885 0.00917269704904154 0.404260544697017 0.237338775862307
-0.00467773004971949 -0.00424543309857772 0.219532316917626 -0.0909449271894072
-0.00566580769380523 0.00472957327763669 -0.0921748384647395 -0.187649138259643
0.00627323350699088 0.00126542990120756 0.0856857183427387 0.14166849675289
-0.0239371028602413 0.00881101629516594 -0.150883907187167 0.0320935614632946
-0.0208976883865115 -0.0120028925842184 -0.37162322592855 -0.279747814321899
-0.0195585416492275 -0.0494251742067928 0.0870564771387891 -0.588332763106603
0.0219349369358157 -0.0482235289708428 0.786007880071377 -0.153053443990434
0.00740619644708725 0.0318986989615107 0.548420581531552 0.741216314665718
-0.0460631319591156 0.0161652645815147 -0.213975089171052 0.650692277844002
-0.0426122897606833 -0.00736817658190143 0.0447935998289333 0.0764272006356925
-0.0121259125612976 0.0130052518894458 0.226905240311969 -0.637163831121129
0.00681821585580823 0.0120225194965853 -0.606511671107328 -0.761063122344015
-0.00105312253141741 -0.0180768325207945 -0.876271050213219 0.246481877129935
-0.0320846770996789 -0.00592558604987409 -0.0256103128011096 0.685769007526234
-0.0153176129383602 0.0141018132005225 0.405630820181454 0.237113549929554
-0.00719676425054065 0.00114986572506792 0.221902579261126 -0.0924303597163094
-0.00800693521168929 0.00824738874273783 -0.0890386792607205 -0.191400443463434
0.00514007289255472 0.00549829536120345 0.087513798569398 0.140853800953308
-0.0237176307251609 0.0145841057493379 -0.146888827922703 0.034284940968866
-0.0181214668878294 -0.00728600744037945 -0.371696912216353 -0.273675237759002
-0.0141366094590374 -0.0466261208141907 0.0828607246243041 -0.588234604224696
0.0275062227282926 -0.0494907300761072 0.778045785471063 -0.166345662000702
0.0155764605688781 0.0318895481654399 0.556847625896949 0.734013359027382
-0.0439528414088677 0.0216071436420608 -0.214431934623742 0.657082888435563
-0.0437720654176026 -0.00254021793361559 0.0355160710456535 0.0839278076963522
-0.0101807875524233 0.019357798331358 0.230343323500923 -0.629508757222668
0.0141449546376937 0.0132091470590996 -0.600586934048113 -0.770298541298483
0.00668754472743275 -0.0161810809555605 -0.882771671714669 0.235925846004531
-0.0273221499486091 -0.00181716555627769 -0.0360860260300932 0.68726199365994
-0.0150637432464213 0.0214487994311852 0.405968272009118 0.24182864406153
-0.00974938023875675 0.00638572519520455 0.229141540064944 -0.0903630763340921
-0.0100513813852068 0.0125064027779336 -0.0879115323414024 -0.191784551169122
0.00551493437128053 0.00778645353158698 0.0877140111809223 0.143026797248853
-0.0213032456354036 0.0172152592205937 -0.143480682903372 0.0399941254582644
-0.0138701581176656 -0.00120954359878355 -0.371792363791653 -0.264376665954435
-0.008987615601543 -0.0420472067573828 0.071710314366321 -0.589316422960687
0.032991513541341 -0.0499554343801981 0.77255342196069 -0.186468543911979
0.0219250742733936 0.0319386136713809 0.566825223084129 0.720658813667882
-0.0401186185306617 0.0238627629973263 -0.20914336349727 0.664512879523264
-0.04306506564072 0.000475239727086832 0.0275881652669633 0.0920678423676194
-0.00743371052051657 0.0217861907696347 0.234947895647672 -0.620345371079584
0.0203243403549195 0.0152442745675395 -0.58127026839588 -0.784410159699763
0.0123111397919243 -0.0155559341086529 -0.891292211904224 0.212061752384116
-0.0229155945491671 0.00224237901260407 -0.0503773878323433 0.687671959502823
-0.0144528024232403 0.0288161245240306 0.40488246478798 0.252415729139245
-0.00849939173784898 0.0119987542645524 0.232782310283316 -0.0836413656441417
-0.010560385581338 0.0165920997811968 -0.0865241393066448 -0.189159747897216
0.00627265123770986 0.0100151595553594 0.0888034405576024 0.145332239894272
-0.0193653393249135 0.0197705770307786 -0.140172451173686 0.0463591046710087
-0.0112678433862137 0.00426517760262955 -0.373484817082024 -0.250695575885023
-0.00593457721478757 -0.0358489065960528 0.0570203221564722 -0.589769799696055
0.0353661243598947 -0.0480623142645163 0.763836026211972 -0.212341319315387
0.0284380245401315 0.0301155900008874 0.589759443870771 0.702393828392741
-0.0337205449390893 0.0232293085478988 -0.196764521127414 0.669959998143521
-0.0383065866267044 2.65845067572981E-06 0.0193987979730442 0.0997354182966092
-0.00212372376736956 0.0186873012684581 0.243583585913052 -0.611071750941793
0.0254107808471702 0.0153986262472799 -0.555486612790178 -0.805657702930167
0.0171162117497766 -0.0129575587688617 -0.901546251934567 0.181286110470735
-0.0172968974980206 0.0063250324723753 -0.0713265973570242 0.687685180794255
-0.0138843854387426 0.0316420815053797 0.400921647079754 0.269904789290954
-0.00938950482483761 0.0121668065523767 0.236201619904265 -0.0724108019526521
-0.0111864491012322 0.0194907601665074 -0.0842569399874946 -0.189151270123956
0.0131555867694727 -0.00933973398767772 0.0756192754893248 0.15051805331134
-0.0153463782608827 -0.00438123871875439 -0.154442693902039 0.0529814062109971
-0.0219254065094853 -0.0179849409274789 -0.386873100494836 -0.237932855598358
-0.0363035381417796 -0.0373619415912069 0.0517662074558803 -0.576208874380316
-0.00537176785021664 -0.0393087804920411 0.777635407363729 -0.210158877123021
-0.00881281468260675 0.0146402858313493 0.611350996323938 0.683884970352073
-0.0306462440608248 -0.0166133670628632 -0.161400861981789 0.649215476859687
-0.0118365712589567 -0.0372105171920618 0.0587224785557392 0.0785231116054813
0.000145539157195087 -0.0191404051036672 0.267643885231699 -0.630093942709471
-0.0109637910024893 0.00174755613730164 -0.548724122004946 -0.801650934883376
-0.0251163254868629 -0.00352012901175281 -0.87712770200192 0.200068255269694
-0.0497296285820902 0.00239485293335102 -0.0544628325890156 0.694317602907165
-0.020462430660539 0.00661590213409777 0.39298935881142 0.26989195521907
-0.000937794083778715 -0.0132613520666709 0.218581957324137 -0.0685865286315327
-0.000331326306068747 -0.00419636731173808 -0.0992410451696143 -0.175101438373783
0.0107325637617658 -0.00770938458650708 0.0788372499662222 0.147924089146199
-0.0192013751250338 -0.00296147540726312 -0.155010730064261 0.0446310405974838
-0.02326056024862 -0.0185051760585959 -0.380859469226699 -0.253812049088273
-0.0353427032203753 -0.0426245504496235 0.0664014035120461 -0.580271146399093
-0.00133804829759977 -0.0417404748636925 0.78193588491317 -0.184144295673205
-0.00760128437840601 0.0187275292384653 0.58789607983195 0.705498717241436
-0.0371805952027627 -0.00959487198991912 -0.178340154500175 0.643590000895638
-0.0212362908540958 -0.0301823826004293 0.0603610099424028 0.0739377787669508
-0.00612759986852268 -0.0108384708271369 0.254131429114145 -0.636954814825003
-0.01085796487431 0.00495252253569529 -0.571779614612332 -0.779740344751864
-0.0216906934955275 -0.00798720312615285 -0.869717964360879 0.225606411873398
-0.0475640716527403 -0.0040972456211392 -0.0384437588898167 0.690712526117961
-0.0191656711110361 0.00435656485305997 0.396937854366774 0.255104562185704
-0.00319489873996257 -0.0135686412348157 0.217295358408211 -0.0786199756469235
-0.00198451351602447 -0.00332431459308821 -0.0974555400355807 -0.179883419775808
0.00851797655295878 -0.0049464822972221 0.0820093834614292 0.14361147311458
-0.0221803359753201 0.000979677959151614 -0.154237051782544 0.0381084890311355
-0.0243196588621512 -0.0181248228840011 -0.377776090657505 -0.263325677865872
-0.0323844514247565 -0.0461243688991954 0.0772224310263256 -0.581614543665946
0.00542922954305391 -0.043437809957475 0.783736423521846 -0.168743402281111
-0.00449696267918291 0.023910697508594 0.569076378564568 0.721274623193001
-0.0412994681767763 -0.000204839736518886 -0.190040059695271 0.644515324076982
-0.0300111567823106 -0.0225335293549789 0.057477113776157 0.0720861926703993
-0.010200818739461 -0.00261065054948608 0.239209432086277 -0.638870887327189
-0.00697368728219886 0.00735223568515977 -0.592492929897045 -0.76495373438021
-0.0168587428513245 -0.012312213588792 -0.868021276556139 0.24573675160908
-0.0437405575908005 -0.00736811573339524 -0.0258516433744436 0.686904701322255
-0.0185391842543938 0.00539230382160426 0.401853960963275 0.240448135662455
-0.00398389875444575 -0.00931235007018132 0.217580379945113 -0.0859944229605166
-0.0042933472459604 0.000114484589890133 -0.0954497762063321 -0.183787532369149
0.00674751809157893 -0.00194175398939459 0.0847221545084226 0.141388751356785
-0.0234894845442144 0.00488444437303829 -0.152111950737755 0.0336721221014348
-0.0235414137604843 -0.0149332145484048 -0.375006925342673 -0.27164140947934
-0.0264198781149357 -0.0483957052162218 0.0815041686286183 -0.584682829349436
0.0131999631619209 -0.0465245293140992 0.782734602516622 -0.158612716069299
0.00100971384181791 0.0291071043140784 0.556773677273056 0.731616462367458
-0.0446103117995755 0.00918332855277548 -0.201473747892977 0.64357029710488
-0.0375178938274008 -0.0140498254774293 0.0528167713916556 0.0726808400396824
-0.0121437799749571 0.00595209167413793 0.230417979490052 -0.63971235775831
-0.000939784998451945 0.00984632557604934 -0.603427875224986 -0.757318246579118
-0.00897958903285093 -0.0153597922211587 -0.868022177087582 0.254801325257385
-0.038061204552497 -0.00798657584076802 -0.0221271683779894 0.684641599601938
-0.0171381014944322 0.00937402578401872 0.403060627315373 0.232281478082495
-0.0065411650457914 -0.00413770446503188 0.219939671980057 -0.091726492468205
-0.00611307998077567 0.00489817203176775 -0.092158798460506 -0.186698918836523
0.00499101466378722 0.00143456950841521 0.0873866954555632 0.14015424670292
-0.0236470162748384 0.00985105914565399 -0.150260764447123 0.0325169102200421
-0.0213069466552451 -0.0107062185336495 -0.373701019850748 -0.273366027502419
-0.0204672914008299 -0.0486452486513722 0.0813334390251765 -0.585426047723373
0.0205025968170974 -0.0481927840885932 0.7802173529988 -0.159907230384004
0.00761951112429421 0.0320089268110321 0.552378702257281 0.733491380549135
-0.0458603691552553 0.0170220957617041 -0.208876958526925 0.647342410480552
-0.0422172930105195 -0.0071988154676122 0.0452982129747398 0.0769485530131105
-0.0123666235116362 0.0132208765528983 0.222614291893803 -0.636475510324957
0.00696614332780491 0.0120252801985029 -0.607939427099254 -0.755336815068217
-0.000782660880912427 -0.01759305435058 -0.870459178903837 0.253243762450826
-0.0319258360667249 -0.00725514521315809 -0.0202655384591082 0.682454727883733
-0.0163087542156622 0.0156195991954417 0.405776837744063 0.230697026965856
-0.00802818615429803 0.00125807310684199 0.222224925527018 -0.093392307804501
-0.00808311063225059 0.00966315167447918 -0.0896552641030737 -0.188837913388141
0.00447646539699501 0.00489453325444487 0.0888604041289059 0.140269462644665
-0.022319428467282 0.0145739642871034 -0.146043560244608 0.0336140664038601
-0.0181591092371613 -0.00630311946294291 -0.371343720406975 -0.26854616068395
-0.0149315446026738 -0.046183867556359 0.0766217227889139 -0.585668617963544
0.0276560281509097 -0.0493121810133265 0.774749617167062 -0.171455919882263
0.0158647456002673 0.0327871358311235 0.557800258382251 0.724950507980745
-0.0442487902598001 0.0220880296683517 -0.208962089047163 0.65277149753626
-0.0447661583897482 -0.00166682497248086 0.0373289808797634 0.083610435078483
-0.0105160810530716 0.0184667929089938 0.224364223151108 -0.627153039092568
0.0135649153341444 0.01388483621844 -0.600192974899576 -0.763643709639531
0.00680581587434958 -0.0171635072328284 -0.877066535041509 0.239536222472635
-0.0265475214861904 -0.0033944320849281 -0.0306425387648067 0.681444855499727
-0.0156065645854929 0.0220780147073192 0.405630843656511 0.237223697733153
-0.0101232380641567 0.00643301312687787 0.226140701462199 -0.090444260816598
-0.0092643575497416 0.0138344246847206 -0.0880504634551417 -0.189990990670967
0.00489988067336272 0.00734879261267785 0.0889038661369644 0.140996223660081
-0.0212352202876386 0.0184278837439407 -0.143091214667882 0.0393207562659838
-0.0144134230476384 -0.000290224814043268 -0.371825718460312 -0.259483695332316
-0.00950764182935617 -0.0412963454363577 0.0659826846921873 -0.586900636044843
0.0324776639095917 -0.0501826944255848 0.768831966507917 -0.191149406467724
0.0231739691143683 0.0324856915236527 0.570277616864195 0.711541261510282
-0.0405766768493571 0.0250659350470567 -0.201976458404832 0.660291686785212
-0.0432825140828372 0.000784935693846126 0.0272173818719584 0.0909309104092147
-0.00761668940655043 0.0204201316214796 0.230018411608076 -0.616835593470819
0.0203467558905412 0.0144719876109803 -0.584520201124165 -0.777179728650872
0.012806621077543 -0.0151583456189937 -0.8855874984234 0.218518885801919
-0.0219576596762709 0.00147882501335916 -0.0455953902149359 0.685282852164618
-0.0140174893788105 0.0280096993794284 0.405057116245117 0.247985018507996
-0.00970486539090711 0.0110332544448407 0.23084341578873 -0.0841891390730016
-0.0106649080527233 0.0173195730050754 -0.0858475663796751 -0.189369712556552
0.00559395760368134 0.00954388165311133 0.0878465199078573 0.143542325015804
-0.018354826815514 0.0202286373524644 -0.139067052762492 0.0468106954461603
-0.0118152252703175 0.00459279270973667 -0.372659537304379 -0.245674375786152
-0.0070243045044176 -0.0356911858539173 0.0529583453677608 -0.586709355312405
0.0337495232124585 -0.0488994728118564 0.76034182229959 -0.216011102593824
0.0281009360809929 0.0295468843015048 0.589169579747732 0.691495023031443
-0.0337407881573362 0.0237576015717121 -0.191989679427733 0.668171059681973
-0.0394312263918206 0.000349347842833774 0.0198154345803565 0.0999800950266127
-0.00270183799383319 0.0200095024829312 0.240682591333947 -0.607230724498646
0.0249135571670029 0.0146359858916052 -0.557708950755347 -0.798084057302231
0.0164214087519498 -0.0126850385753352 -0.893986126302135 0.185012000856504
-0.0189137893866768 0.00704659793178818 -0.0662488233099628 0.68487520331844
-0.0128612699064821 0.0328762745870869 0.401976872976915 0.266063824809355
-0.00908413980179811 0.0141688507362526 0.234221393198552 -0.0759555880776776
-0.0106923165626056 0.0190177978435037 -0.0848652320341782 -0.187783633220787
0.0126370505118995 -0.00869362958601355 0.0766581914869048 0.149769494631636
-0.0155430561288813 -0.0036897538852332 -0.154408970592338 0.0528232027702718
-0.0222931351518117 -0.0174724414571047 -0.38480605258039 -0.234690445025872
-0.0371379694309346 -0.0364661928646405 0.0482656299712334 -0.573517803765999
-0.00581945094915586 -0.0391777337759767 0.771580082348085 -0.213800868392052
-0.00793137416808643 0.0150514078534178 0.611175491685152 0.677472950508028
-0.0315211113529016 -0.0154936012779852 -0.156342448374656 0.645713395300754
-0.0119059327193264 -0.0365005540262332 0.0584501403374786 0.077341392448017
0.000101802141020083 -0.0185035751212619 0.261489199442123 -0.628499386265204
-0.0116314939984319 0.00180537584050937 -0.549885965682156 -0.792081183248296
-0.0244436044624349 -0.00356627894377487 -0.869741365138412 0.203367290682093
-0.0490352846002462 0.00206451849865949 -0.0506948239327747 0.690721055846039
-0.0202181625786504 0.00662832872810171 0.39350667483431 0.264292537316591
-0.0011929272417576 -0.0130619550673505 0.21701951072121 -0.0695121737134663
0.000412320453178835 -0.00439122401670044 -0.0994005310059929 -0.174513284816232
0.0106225798796346 -0.00743947915522345 0.0793591969246999 0.145753497733399
-0.0191050861929502 -0.00228505253310684 -0.154124414222118 0.0449599750266641
-0.0240055136681557 -0.0178426895518187 -0.381752086023832 -0.249740274613242
-0.0361991650255972 -0.0417839906304115 0.0626454875696264 -0.575913630920484
-0.00175500924597887 -0.0412042691221579 0.776816587321572 -0.18973499625799
-0.00731654581535079 0.0195254799561379 0.589562704209915 0.696794601518573
-0.036602777190517 -0.00860319899994904 -0.172607431567852 0.640528554044082
-0.0211390117498904 -0.0298098843129487 0.0599423203355877 0.0722791597563285
-0.0057565951083053 -0.0110886266275723 0.248421006752387 -0.635114620573853
-0.0108550900339955 0.00443778130556208 -0.573381102545421 -0.772253812648718
-0.0218530326676387 -0.00738033783782099 -0.863731852449134 0.230995694515311
-0.0476029680419138 -0.00292604502820171 -0.0327008567313875 0.68620798306265
-0.0196304073768128 0.00428094092889415 0.395714779703495 0.250622718018297
-0.00303014847595611 -0.0122074239657608 0.216807750233225 -0.0797451881898692
-0.00147155970899888 -0.00251571690051792 -0.0978843782941684 -0.17812080383807
0.00859003647790766 -0.0047386139494556 0.0825868534481858 0.142401846493869
-0.0208849000925556 0.00107695701972882 -0.154374099209294 0.0383881536715005
-0.0246816092532306 -0.017433150700364 -0.378297770178493 -0.258663126540751
-0.0326622801183059 -0.0462018730823913 0.0722389110531881 -0.57945542157815
0.00506708929770349 -0.0436382165193403 0.779337239612498 -0.173768167135922
-0.00372530301133856 0.0245760326216824 0.570628498482226 0.714102871669956
-0.0419511295803167 0.000246704289317078 -0.186737430694275 0.639965676783585
-0.0297980371175842 -0.0217800450651346 0.0579543401555027 0.0706495700196352
-0.00946945067017394 -0.00324561919777332 0.234240857049726 -0.637620135975571
-0.00645130447455445 0.00718943488811312 -0.594417818286644 -0.757637830443066
-0.0171994106450691 -0.0119088426063339 -0.860413421727775 0.247635663169567
-0.0438265244245736 -0.00597965378986653 -0.0209978266050278 0.68252773607234
-0.0187415039935172 0.00607556727792855 0.401015780383859 0.235985301471603
-0.00435412525790072 -0.00881898399278643 0.216576594407839 -0.0883733208851241
-0.00496798609051582 0.00069878615580596 -0.0963342633672954 -0.181710846081608
0.00648353448729931 -0.00202678869076422 0.0842429689906688 0.139953189732164
-0.0234414851304369 0.00548038346131607 -0.152071660247625 0.0340823468548377
-0.0230914134252803 -0.0145443982730416 -0.375809574358949 -0.266536047245428
-0.0274543713768276 -0.048088408296643 0.0788177700105992 -0.580987489237846
0.0124069496298381 -0.0458061018985627 0.777606968926501 -0.164490087113644
0.000949609804352368 0.0292312732064975 0.557018324811348 0.723871044839782
-0.0454395859567176 0.00927552315795719 -0.198851838727019 0.640667429358834
-0.0383437311681398 -0.0144696843157253 0.0529145501285475 0.0720992085005724
-0.0124968169072209 0.00543943410045834 0.223845933051244 -0.63619688600354
-0.000728116418221569 0.00956823619636393 -0.604450157635308 -0.7491918995378
-0.00857128764469649 -0.0151821394870155 -0.860575680864863 0.26006783214166
-0.0378732194146898 -0.00782247695042816 -0.014592635512292 0.679874402851276
-0.0165245042880337 0.00976855672813176 0.403498435082852 0.229716420888083
-0.00682233848729448 -0.00423572712004451 0.218212666710943 -0.0924403971629275
-0.00660038668868591 0.00553683647427664 -0.0925197889361089 -0.185207690629334
0.0049266912289443 0.00177075574364578 0.0872104126503502 0.13869880272904
-0.0239245545956214 0.0105731062470277 -0.149600732066881 0.0330243468013225
-0.0209461219926518 -0.0105682858370742 -0.373496527298899 -0.269493192862607
-0.0218536786783365 -0.0480089460475458 0.0789777972737019 -0.583103491077695
0.0208058502085412 -0.0479156100687475 0.776823796218934 -0.163538373045522
0.00793220379863001 0.0322884015582114 0.552671895328986 0.72397996013184
-0.0458577644675436 0.0166121921390259 -0.203696062852945 0.643933516390137
-0.0431219926856224 -0.00671237734987545 0.0455117745551678 0.0754487892759977
-0.0125585414690025 0.0135671866615212 0.21855845907132 -0.632920194013689
0.00691022284820303 0.0116220530680967 -0.609885096516451 -0.748114512331384
-7.33256609485936E-05 -0.0168664322429547 -0.863113925596127 0.256206557918249
-0.0323801205592041 -0.00614335219262076 -0.0143588350221208 0.678980612019504
-0.0159058636726414 0.0154894963128113 0.405859174246854 0.226439780366199
-0.00830832019011578 0.00176278656120568 0.22166602736895 -0.0940648664786504
-0.00805581284225453 0.00983159438250155 -0.0906389396058562 -0.18719504655957
0.00371198638787872 0.0053597211022055 0.0885450759047355 0.137826280277734
-0.0225518685727078 0.0144892645452556 -0.145738552205269 0.0349010413910583
-0.017849817907126 -0.00618592170514509 -0.371504477098304 -0.264502647874662
-0.0159160322866953 -0.0457393241239082 0.0721602891124054 -0.583892023664458
0.026310782247449 -0.0494792049936718 0.771132405082265 -0.17556065292156
0.0154483705518027 0.0331901292604251 0.558333079096601 0.717444029238604
-0.0443335958490749 0.0223009612117078 -0.204098177216076 0.650813038102743
-0.0454429530536431 -0.00151904145552754 0.0373794231432145 0.0824103778062401
-0.0108251549856524 0.0183356875346501 0.217917193682915 -0.624089983711066
0.0135880951661144 0.0139818176064661 -0.602452150513917 -0.755925616677534
0.00711079085921913 -0.0174156623987089 -0.871512165679039 0.243799855672435
-0.0264609773833827 -0.00257207055741822 -0.0252928403415716 0.678568448722381
-0.0150566583488803 0.0221535726486241 0.40644771300571 0.233106097852092
-0.0103105011977564 0.00681728738446068 0.225963796206515 -0.0918593630922073
-0.00969767952522477 0.0150019876213019 -0.0886448777632953 -0.188442246039292
0.00417034039476653 0.00759322921702187 0.0892682966421697 0.140145501312684
-0.0204923972541677 0.0185388659944322 -0.142650356001359 0.0392822023929028
-0.0146551684272317 -0.000622802819160837 -0.372974385612759 -0.253323342404485
-0.0101903692654394 -0.041326207556411 0.0620766985054895 -0.582789965503953
0.0321379579663143 -0.0496929352958152 0.764550288098728 -0.194119304014304
0.0229847730177965 0.0325978605088754 0.570421064139934 0.701846617569499
-0.0403631345920139 0.024795028904999 -0.197817710215873 0.656557639716981
-0.0441752007901142 0.00147597424630213 0.0279073358708536 0.0906145787872022
-0.00776814604735347 0.0200253312285837 0.224339567227449 -0.617118924469499
0.020997396369803 0.0140436257420366 -0.586347390120345 -0.771683299924631
0.0130150030230568 -0.0150718232116738 -0.879620408881743 0.222328945025792
-0.0218550355971386 0.00212532245351389 -0.0404041473336226 0.681443635020319
-0.0138289609007283 0.0281465917359494 0.404472272431178 0.244514710405261
-0.0100217217162746 0.0116974090900951 0.229503212804563 -0.0851368076291561
-0.0102312922436941 0.0178525491356611 -0.0862733358951197 -0.187928672880997
0.0054601031608339 0.00941559569888612 0.0890979367697166 0.141881480667245
-0.018832401107019 0.0214031581299188 -0.138840752399207 0.0469108178363024
-0.0121115976237393 0.00437831376906945 -0.371093843243069 -0.241947607527572
-0.0079412276350061 -0.0352224758931371 0.0482036867561665 -0.58119812152061
0.0337232375370587 -0.0490153878803266 0.753322800503048 -0.220897058959855
0.0285265403328582 0.0299363670844518 0.590444379276069 0.6823980916824
-0.0339935720911785 0.0240881190032959 -0.187587385738417 0.663763918757611
-0.0399696413833866 -0.000123924061267365 0.0202830475631461 0.0989739017526628
-0.00299930434893147 0.0189048248162522 0.235496262311115 -0.605188115156449
0.0247380886924484 0.0131655301527987 -0.561197651707361 -0.790355634514495
0.0163458465375117 -0.0124873588441142 -0.886452573502175 0.19096451523039
-0.018668772841233 0.00697444693073976 -0.0600121368176502 0.682664332100233
-0.0124376486093102 0.0325209820391563 0.401623223909358 0.260053720542968
-0.00942217367473754 0.0137576703296555 0.233877121894643 -0.0762942851525792
-0.0109314846313807 0.019818388605402 -0.085013461843802 -0.185309704175865
0.0120546211055636 -0.00872100590065854 0.076989708307401 0.148053660177638
-0.0155420075937887 -0.00287575140107229 -0.153486297563412 0.0532858848497136
-0.0223484803721972 -0.0174515488330915 -0.385681874933546 -0.228638017694811
-0.0371295729815718 -0.0364937764753926 0.0444862693210004 -0.57109506061416
-0.00596282675936144 -0.0390085645158297 0.76770419626169 -0.218359523444525
-0.00773580520243622 0.0153501840851096 0.612382446634323 0.669029863751256
-0.0315912012674098 -0.0155662209946119 -0.152730862106945 0.644371455952044
-0.0124828097257889 -0.0368546324600184 0.0591055935355831 0.0775632345431014
6.68845025399451E-05 -0.0190728724060787 0.256324152932685 -0.625546955450207
-0.0107427850200686 0.00147102112065878 -0.551744432378878 -0.786683315602538
-0.0239655846316999 -0.00279717954640207 -0.864502193426503 0.207726995802581
-0.049508316214535 0.00290533194776571 -0.0453526696225687 0.687861289455907
-0.0205977535036116 0.00678056891256902 0.394204583938814 0.261725747834789
-0.00203682746462423 -0.0135044392501426 0.217979647727392 -0.0715222505638532
-0.000534260674320971 -0.00338340517493542 -0.0996865757151894 -0.172273312741628
0.00987699948879496 -0.00749392684651816 0.0800892337053156 0.144760247080485
-0.01937892997287 -0.00154642226555172 -0.154811099075187 0.0450015551848262
-0.0241512818469008 -0.0176946333208818 -0.38139007339005 -0.244898019358127
-0.0362515280974964 -0.0412500672453397 0.057413846904784 -0.573643233727684
-0.00135232431629259 -0.0413954345058369 0.771888444004771 -0.194218078529121
-0.00717501784676184 0.0200586885074274 0.588417873392143 0.690455225402804
-0.0376207127982835 -0.00774405496707838 -0.168025849778752 0.63825065280488
-0.0218320844510271 -0.0300121344083349 0.0594985303985234 0.0726675594489761
-0.00500374298072828 -0.0109793258004641 0.243654361758594 -0.632739129554782
-0.0108595642051496 0.00471387563903947 -0.576414936778963 -0.767271012432942
-0.021589782995981 -0.00699473347851705 -0.857335931309675 0.235926369922225
-0.0471306447351945 -0.00260333933660081 -0.0281357498077311 0.682766377233308
-0.0190476828411833 0.00480823375891587 0.395687153292777 0.245913712171528
-0.00346850945884607 -0.0120089219679462 0.21581360721576 -0.0812052190185128
-0.00158650286175603 -0.00166071571581004 -0.0988487829689755 -0.176261332357972
0.00771213449212667 -0.00534064204866654 0.0830138668261512 0.141388184352299
-0.0221549158910844 0.00233957694896458 -0.154002515660004 0.0384313212657384
-0.0246690922585423 -0.0169907869813359 -0.378333290996198 -0.253943991775561
-0.0335915398985463 -0.0451352735761858 0.0681236132014994 -0.575256818055835
0.00527658289484098 -0.0434241358907463 0.774999113446447 -0.178263591245735
-0.00394456555001252 0.0246635710766055 0.570983123171484 0.705285119182356
-0.0425248845470034 0.000449678663569562 -0.181779588156355 0.636168883028445
-0.0297402471218464 -0.0217288294198686 0.058256028925293 0.0700120148257437
-0.00991088865075556 -0.00328379044631567 0.229126401526105 -0.63478145009403
-0.00662695856258019 0.00716290545646704 -0.595992193379641 -0.749877613039862
-0.0164090249689113 -0.0114659161685341 -0.855958251063849 0.252913106056638
-0.043515652424348 -0.00625649397648542 -0.0159543685211484 0.681006001048694
-0.0182771280480433 0.00510058804635685 0.40019493715316 0.232409485367878
-0.00485629767605494 -0.00937953798485028 0.215732575754759 -0.0882383989661299
-0.00411128724967103 0.00153185802543656 -0.0972140885235209 -0.180480428657537
0.00541861319539916 -0.00205341913366554 0.0848887626947414 0.138787826446301
-0.0233493992742631 0.00674541382837614 -0.151747039840627 0.0345587404765308
-0.0243630860401758 -0.0144197382234896 -0.376647850942813 -0.262010428923912
-0.028132882182917 -0.0471584177747322 0.0748702410653443 -0.579204050826474
0.0122896738161383 -0.0458556827428381 0.772337327641528 -0.167283113620341
0.000704772061141813 0.0291942681030028 0.558957749008362 0.71426267205031
-0.0460172227022906 0.00908618042416689 -0.195005419828877 0.639023569360452
-0.0377470142131514 -0.0135975190326287 0.0531000544779557 0.0705522585703767
-0.0124482049156545 0.00559876590133318 0.218361579268244 -0.633696033599444
-0.000698122875782945 0.00906861497768265 -0.606857212341504 -0.741448393719986
-0.00905122407277857 -0.0148797099990659 -0.854128844977934 0.264589000742381
-0.0383473025634889 -0.00716257401867614 -0.00994517703153119 0.676750654691565
-0.0165917097632245 0.00906992595746954 0.404310680715095 0.225391320708222
-0.0070503445360408 -0.00380368859667949 0.21815506720684 -0.0930588741765129
-0.00563943041057454 0.00599412951239712 -0.0924425407307469 -0.183696224203746
0.00447674651150601 0.00179174700183786 0.0874815078265379 0.136380357238072
-0.0237098585494487 0.0108400457462156 -0.149949738019969 0.0334736812555933
-0.0213647821140071 -0.00993349094477095 -0.373130996488225 -0.263919083144356
-0.0221700298914596 -0.0475327454249872 0.0735601053177967 -0.580363911671734
0.0199792484454239 -0.0477402226813462 0.771224365759844 -0.169789631025063
0.00783985895203482 0.032399784071708 0.554904072143726 0.716941591472414
-0.0465300062874285 0.0169339025234851 -0.199664596012068 0.642192289354879
-0.0431500257244126 -0.00654303911374413 0.0460267317176649 0.0746748972110722
-0.013035207562559 0.0127658842325428 0.213413393507856 -0.631399021586463
0.00620358311836696 0.0111616372515143 -0.611354647740532 -0.740720226761972
-0.000853790678996276 -0.0166595242425877 -0.858233482849693 0.259932855499279
-0.0318908801132988 -0.00590376422999117 -0.00962533948726849 0.676621977572511
-0.0158295540647161 0.0154564831171197 0.405174345809704 0.221681332009155
-0.00858842572005188 0.00170912256142012 0.221014667082645 -0.0954116772647472
-0.00788696460280649 0.0104306795810086 -0.0908949804232697 -0.185811145313368
0.00351726420189127 0.00415705991680336 0.0889532387361321 0.136881491402877
-0.0226546396857268 0.0158580959751653 -0.14586222322922 0.0344243174747616
-0.0185280577835414 -0.0048476219745685 -0.371845744059196 -0.258907280950528
-0.0159248140354129 -0.0451566310951685 0.0696473208481379 -0.581053863630508
0.0268904571614783 -0.0496219552759951 0.763333961330208 -0.179662826194135
0.0159371997791868 0.0333817644152854 0.560266343942118 0.709050646069871
-0.0447372585763998 0.0224401413629565 -0.199520712095149 0.646857182351703
-0.0454811133188638 -0.00179954904189549 0.0368849642119533 0.081893200436027
-0.0109106626856279 0.0176955194414331 0.214279882654116 -0.622377388736101
0.0139475750382427 0.0127225628522774 -0.604363947460592 -0.748964729967328
0.00668450192363454 -0.0168993558010467 -0.865555924826939 0.249156967682057
-0.0263892161267883 -0.00225009201081968 -0.0205959806189421 0.676084475337825
-0.0145658040835092 0.0214878479864914 0.405389059296791 0.228827409898704
-0.0101835236202277 0.00774059005531865 0.225004171254754 -0.0935423246782928
-0.00913103104142436 0.0149088458532675 -0.0890992273477454 -0.186860437671302
0.00376692159533886 0.00712808752219663 0.0900475561049299 0.138676609712544
-0.0206992673843729 0.0190051855682133 -0.142402352074278 0.0397002049343043
-0.0148946400542987 0.000106800751701081 -0.371088891856333 -0.250758720394113
-0.0117023199305259 -0.0409787160912235 0.0566373279823785 -0.581989968606076
0.0320532466256556 -0.0501207951744392 0.75791072868671 -0.198600715325126
0.0233757191740579 0.0327052466919238 0.571277796590726 0.695607632754829
-0.0404768729596987 0.0250739336484448 -0.19316453364063 0.653485454917622
-0.0441203034975525 0.000675582844447542 0.0285643854295457 0.0898668814702363
-0.00653702841492708 0.0201012559390883 0.2195091888983 -0.614440033210999
0.0207755572666903 0.0140039371848618 -0.585830223115952 -0.762781183923851
0.0135037690124812 -0.0157378179088685 -0.874111843995828 0.227418353237268
-0.0216813881145797 0.00219615553230665 -0.0356348027353457 0.678332166850396
-0.0130048888762359 0.0281233785738937 0.40455682392232 0.239613950459396
-0.0110071575668868 0.0122048736912642 0.22966811119237 -0.0869894529386495
-0.0105549572146046 0.0184488239830731 -0.0871178767853139 -0.18604341932055
0.00448303156515714 0.00904657979440036 0.0883795092304689 0.140729311230401
-0.0185897947898328 0.0217317996940177 -0.138604174416336 0.0465136368032593
-0.0128296827398924 0.00542758916383462 -0.372939641167883 -0.237938487358012
-0.00795753217884378 -0.0348746870683571 0.0438469361124903 -0.57971144779594
0.0332803294279207 -0.0485758417045295 0.749749086909299 -0.224343574577874
0.0285695247037558 0.0296199096545707 0.592665091428453 0.675826851116865
-0.0343274331876323 0.0236763154315216 -0.182000702386605 0.660494961948769
-0.0404143587966614 -0.000106003560792831 0.0204132513118024 0.0983253036013732
-0.00307400274447196 0.0179678867936732 0.230746127345738 -0.603381697760844
0.0242176212608357 0.0126559506579092 -0.562470161135374 -0.78472627192318
0.0162080681859039 -0.0124908923053078 -0.883119556140962 0.196996385185872
-0.0182833387702131 0.00754339481789214 -0.0541258242633155 0.6793978299855
-0.0128206261253369 0.0321072815588395 0.401388377691382 0.256368351087577
-0.0103093924318039 0.0140263219838959 0.232699200892312 -0.0776211062626926
-0.0107704426036862 0.0198369856368906 -0.0858971243411187 -0.184123299500267
0.0117350569507349 -0.00878771164515593 0.07708629765596 0.146808007869567
-0.0156269116088003 -0.00263646304164549 -0.153112054024678 0.0531569608690944
-0.0230628791982023 -0.0165739267776148 -0.385170634793731 -0.226705592610359
-0.0382402625227447 -0.0358357520938112 0.0412337957664269 -0.569093369165807
-0.00636206437647142 -0.0383988418568665 0.761247730195101 -0.223248900805335
-0.0077742713942918 0.0160599422248381 0.613324274263444 0.663477600085233
-0.0328626950500166 -0.0155596378772801 -0.150504921793232 0.639582573382366
-0.0134691577728294 -0.036373409433112 0.0591309170551369 0.076151856512031
-0.000297627070420454 -0.0189898393658428 0.25369313938932 -0.623387861670477
-0.0112868788065226 0.00136391869611865 -0.55469391502489 -0.779934784397501
-0.0238087214952717 -0.00216285290960976 -0.861055869991382 0.214382717664881
-0.0494547272480376 0.00293861291825114 -0.0413540720101876 0.685797328879093
-0.0202975807215225 0.00647964335641199 0.394461904152603 0.258260293894221
-0.00347192493478909 -0.0128983525473364 0.217472677237422 -0.0714179869808126
-0.000180271147273198 -0.00304777725667643 -0.100178015903866 -0.17141006080863
0.00991067547219733 -0.00722516569843052 0.0796393849308018 0.14463476318443
-0.0189394935449776 -0.000346597029972571 -0.15403656918929 0.0448865519925842
-0.0243331963044592 -0.0173992495042305 -0.381771676689716 -0.240343025914982
-0.0366050123604969 -0.0406778153325549 0.0543553495592203 -0.5711349009496
-0.00129112635382079 -0.0408400375235703 0.768387631445944 -0.196298114641092
-0.00685021669682538 0.0204823905133739 0.589233816193576 0.683240122644945
-0.0376158714732097 -0.00796863369344689 -0.165328510953656 0.634548456515248
-0.0224152707041442 -0.029903347597131 0.0601763385926289 0.0719304451536854
-0.00630717536386195 -0.0114484334888666 0.240117351409565 -0.629604195758079
-0.0101733569946964 0.00390459309597575 -0.577364363657596 -0.760327938381813
-0.0212961066587568 -0.00711718363612365 -0.854549344667945 0.236851074993688
-0.0472929997820683 -0.00215148487744867 -0.0236355733099538 0.678893637739247
-0.0197224052627241 0.00475176664683362 0.396983521310809 0.243807860489588
-0.00361915847734883 -0.0120494731216799 0.214745940827493 -0.0814330214719008
-0.00185230512168176 -0.00129965378776558 -0.0982613065765295 -0.174682217365532
0.0077289369180616 -0.00425366430342935 0.0823166133386202 0.140395132381549
-0.021248560456864 0.00248768739755718 -0.154345035788123 0.0383444657515916
-0.0249709868113074 -0.0162873450544308 -0.376973059181386 -0.249278962310877
-0.0337542250020235 -0.0443608519111583 0.0648762447950802 -0.574314636986991
0.0048421473060593 -0.0432511938394036 0.76996546147489 -0.181939582733421
-0.00421739237121177 0.0249609111386905 0.571748084906335 0.698904353725717
-0.0427125731431262 0.00102539394216748 -0.179245420348521 0.634515344251501
-0.0306916203176731 -0.0222474049407896 0.0581268910756877 0.0692571379606234
-0.010703885745875 -0.00325612396718876 0.227481508116651 -0.631327531047749
-0.00650132402651663 0.0064575887692803 -0.598628210166614 -0.745505474620707
-0.0161035969459451 -0.0111801207086951 -0.851177299614314 0.256218837194821
-0.0437671276010681 -0.00638145381831983 -0.0127195922634684 0.678076521072358
-0.0178009475644836 0.00585134835025286 0.40111692909259 0.229931788466719
-0.00618755857222266 -0.00862173463007776 0.214925107586649 -0.0894996262178557
-0.00367805424071664 0.00111000927427783 -0.0976583920991164 -0.179337193297338
0.00587282426383338 -0.00148269548161929 0.0852559129109545 0.137271030455252
-0.0232115364884301 0.00657521305569334 -0.152154924342947 0.0341112683469105
-0.0246271357587212 -0.0137646036676143 -0.375728824575175 -0.257351482903162
-0.028950271943365 -0.0469012466247603 0.0698520115879078 -0.575906335480659
0.0122737720797396 -0.0455750763653711 0.768978794920054 -0.171820602089896
0.00128292104700169 0.029652908183475 0.559731603437762 0.707939818537961
-0.0462848740563324 0.00966691778771528 -0.1906127941408 0.635943815770982
-0.0382087339879805 -0.0131357819347678 0.0533650432517015 0.0709613521519063
-0.0127884081434862 0.00554108656535757 0.214599039950746 -0.631132650401386
-0.000248942850262406 0.00853577294215516 -0.610745806557207 -0.736148980119886
-0.00871784956522608 -0.0150988271855008 -0.849957092641917 0.26755577715612
-0.0389548789042581 -0.00750087352977946 -0.00675536288532149 0.674401365968127
-0.0165808304568086 0.0095737612752408 0.404308182711031 0.220839649701262
-0.00749504803348174 -0.00339239132929967 0.217286707605752 -0.0950729427907156
-0.00605823824446057 0.00622999788533019 -0.0935026326154419 -0.182283587634801
0.00433937789996919 0.000994010123642174 0.0873618920898082 0.135766920142735
-0.0226103413784021 0.011651209311333 -0.149464147541881 0.03269295191352
-0.0218671790992218 -0.00968609156036818 -0.372228255175041 -0.259918986391765
-0.0223348380311765 -0.047091248519635 0.0705351886692865 -0.578069691515218
0.019573591841889 -0.0479046362844848 0.765003888165331 -0.171487279742524
0.00831070718483687 0.0331279151037189 0.555738857721177 0.710274332277425
-0.0468220715652668 0.0174071270167363 -0.197493454602166 0.639094731658716
-0.0436381002045017 -0.00685595384041515 0.0457035939266926 0.0744256071026354
-0.0133002618106298 0.0126123570189928 0.208229865904962 -0.627913162879405
0.0069912049150427 0.0110387019717743 -0.613663395986864 -0.734599357693414
-0.000553860464165317 -0.0170619540452824 -0.85342057631059 0.264541368114909
-0.0313344515909808 -0.00566288427610972 -0.00678729298104651 0.671634220978457
-0.0157887403384266 0.0156084316574928 0.405796411552099 0.219285916968008
-0.00993655927073724 0.00174113179503222 0.221202484920674 -0.0960943342206489
-0.00816114592426953 0.0107335403655982 -0.0917826009001039 -0.184785302535674
0.00365264426235364 0.00482005938182723 0.0889945153241809 0.135272765848656
-0.0223063694080756 0.0160845434569671 -0.14583775825938 0.0353177602601041
-0.0183321327391221 -0.00528415221805608 -0.372594501010356 -0.254937191096123
-0.0169203160849426 -0.0449289457410062 0.0653988164857446 -0.578017216341803
0.0263135888169733 -0.0500136716001954 0.759777635923559 -0.185867066711045
0.0155096672601808 0.0336527772423607 0.560898150989905 0.702175377632539
-0.0451310123084622 0.0227597435700572 -0.195708004646114 0.644089819404578
-0.0458599624489098 -0.00151869488653899 0.0374869873930151 0.0813963694440295
-0.0113536790256103 0.0174554797675104 0.210695081266274 -0.620587638913402
0.0137838311487539 0.0127006089883738 -0.607128851912615 -0.741996688155409
0.00686614192169646 -0.0167652200966312 -0.860499860182461 0.251697969141416
-0.0265494474059478 -0.00202998284516435 -0.0165205169364304 0.673365389179729
-0.0148132279893819 0.0213406592480407 0.406436086238914 0.22671356873245
-0.0109905049865824 0.00757706887130581 0.224585164537666 -0.0945536530626368
-0.00952268625961408 0.0154939456932762 -0.0899232854629312 -0.184713795525286
0.00330724007864152 0.00717400514188867 0.0899638999502049 0.137180453105605
-0.0202371243416045 0.0201380149867872 -0.142387252729746 0.0401761186151129
-0.0150458769544479 0.000374588109859563 -0.371293044877722 -0.245908320940907
-0.0120130594139672 -0.0409216368405662 0.0540506190188063 -0.577611158065486
0.0315524878563944 -0.0506477660329621 0.75377448084308 -0.201979356204553
0.0233057133396059 0.0332212934817743 0.574089902234398 0.688256305643306
-0.0407053162107506 0.0255086674928804 -0.190194705653679 0.65030663941934
-0.0447124057390894 0.00129576700840241 0.0287192090481786 0.0889715657734504
-0.00773253884775241 0.0194940947905858 0.214849815909708 -0.612789703148483
0.0206876066160567 0.0132471593573581 -0.589753185328077 -0.759352624999681
0.0125970293189004 -0.0146499539812921 -0.868541930248514 0.230284899008249
-0.0218268032445648 0.00257184814212447 -0.0307078932648624 0.675077438620571
-0.0133645205420334 0.0274320514828782 0.40520458183743 0.235863630713714
-0.0110877243918023 0.0116700342986469 0.228339175096373 -0.0878314243654988
-0.00985834644949373 0.0186782867570902 -0.0880973425295592 -0.184849198693476
0.00440719918644988 0.00916493162053964 0.0886260959209919 0.139359582138261
-0.0186695443177085 0.022137139814372 -0.138635749281263 0.0468498234235946
-0.0130142595588321 0.00616635818184078 -0.372881464103099 -0.233048872876046
-0.00851599550426405 -0.0345726574304 0.0410420697837968 -0.57699913323122
0.0327976988573383 -0.0494282979780494 0.744959332140356 -0.227735072875421
0.0284282256758892 0.0305228782292821 0.592638174787126 0.669004537034552
-0.0346043853080625 0.0242189542130271 -0.177168881095108 0.65795323006952
-0.0396155240167446 0.000509661442583579 0.0214604385928305 0.0982972162121701
-0.00263805962490678 0.0176261283057185 0.225978257414396 -0.601737025797022
0.0244134160365749 0.0127915162715991 -0.565510742813238 -0.77880457903599
0.0163838367299969 -0.0134642829487428 -0.879247633620099 0.19840034285482
-0.0189261335529901 0.00718969860521787 -0.0520347520724444 0.677406198998954
-0.0123096619301999 0.0317708432519179 0.402981438087989 0.25294224102693
-0.0108999167800811 0.0147502742029155 0.232212678729519 -0.078933319693307
-0.0102126120054325 0.0201484992871098 -0.0867436924844575 -0.183241200209873
0.0118144035968058 -0.00926341534350503 0.0768057193384993 0.145456166027262
-0.0158894399002024 -0.00170006049620821 -0.152877086046183 0.0528585059904639
-0.0232705809498337 -0.0160026498343212 -0.384977781163605 -0.220335290024225
-0.0388870431198454 -0.0354022119912851 0.0367024414322967 -0.565272119884197
-0.00551748279255199 -0.0383810611504848 0.758356329818542 -0.225125769844802
-0.00722055271747219 0.0158822229773212 0.612236006237583 0.656182661825593
-0.0323590480172845 -0.0146132948112735 -0.144751030670467 0.636767276325068
-0.0143876766542686 -0.0362028285350096 0.0594214235734922 0.0760609027744049
-0.00039974026737425 -0.0191532116466031 0.248526338030707 -0.622989150600334
-0.0112950012547089 0.00161812029681717 -0.556127612390752 -0.774089359081466
-0.0239514026869172 -0.00234808111534075 -0.856206319759906 0.216935015077999
-0.0489324008111088 0.00358552795666126 -0.0361556580567722 0.683282448659204
-0.020185777255861 0.00656873818876505 0.393868560454046 0.254819617437153
-0.00356905033031467 -0.0120313955848296 0.217176038530706 -0.0734082060044044
-0.000141951506400019 -0.00209250179105826 -0.100541428420783 -0.17018044293775
0.0090639962271999 -0.00768799306770972 0.0803723315781293 0.142551872964023
-0.0188811406313906 -0.000174584186988381 -0.154934556454708 0.0459653464180975
-0.0246101325253818 -0.0175152762104855 -0.381436247311666 -0.235618054724671
-0.0377894613291061 -0.0399538228563498 0.0506639537175047 -0.569508515398241
-0.00222066307826498 -0.04104368286254 0.762729693595669 -0.200008213161088
-0.00678807834158911 0.020988591626046 0.591110310321905 0.675035429890239
-0.0381332664157354 -0.00798544654712914 -0.161116734131601 0.63183749958071
-0.0228591707797866 -0.0295084871775349 0.0604240328070104 0.0708425919443525
-0.0055674374880859 -0.0121752956178329 0.236895512676868 -0.628965748497317
-0.0107572317674438 0.00378168094510701 -0.5799910380107 -0.753805021975319
-0.0214366934646267 -0.0067563030131637 -0.850398073522323 0.242741635799466
-0.0474029124841846 -0.0015030088352956 -0.0211086323159174 0.678334272049387
-0.0190342665371067 0.0045729445631312 0.396858023918777 0.238697850593155
-0.00491750587788641 -0.011050899714338 0.215093891583363 -0.0828931346120458
-0.00178089115344423 -0.0013336691914194 -0.0989962230426631 -0.173862677649961
0.00733293258466843 -0.0051556721540794 0.0826843513152147 0.139125481972964
-0.0215747599870462 0.00317819282166876 -0.153048669514595 0.0387895182202409
-0.0246926101507126 -0.0158956184466831 -0.377704351705617 -0.245804950491115
-0.0345307870962251 -0.0441879560462901 0.0607948713875824 -0.571030060515229
0.00446972160997632 -0.0434298986482375 0.765941666408545 -0.184483084150817
-0.00370426730030433 0.0261052507176911 0.573670477515811 0.691874945023449
-0.0434077614048861 0.00145920549516482 -0.175752485888759 0.631101032777256
-0.0314117352971477 -0.0213971717917448 0.058628950370589 0.0698628145869903
-0.0107226947584857 -0.0029490054998413 0.222781885055899 -0.631090511010653
-0.0065852287906931 0.0070039136760899 -0.600408560588979 -0.738560551885971
-0.0157481372625102 -0.0111697510662535 -0.84614398268345 0.260068144758612
-0.0432173458155168 -0.00566569680929716 -0.00845098590833694 0.674064149558578
-0.0179507695802817 0.00564191595299662 0.400963748344297 0.225779478474853
-0.00651145820857171 -0.0085399613758296 0.21517742960587 -0.0898659025024123
-0.00340152105148507 0.00178061234208273 -0.0973059032147953 -0.178064274448199
0.00567205737481246 -0.00204344275132445 0.0850321494339081 0.136471828398806
-0.0228340447145496 0.00785089322035815 -0.151875969093722 0.0345931247249508
-0.0237407343756914 -0.0131881077312638 -0.374663792915571 -0.253118280957739
-0.0295101226358492 -0.0464869685636824 0.0669647814940835 -0.572977697136698
0.0119536512920212 -0.0452641470239378 0.765464110836277 -0.176675652209151
0.00147641864984297 0.030096565089132 0.560416396943825 0.702021435511205
-0.0464337917273269 0.0106008824435308 -0.18726776708307 0.633312285609432
-0.038985071553506 -0.0135052920631553 0.0530527837866612 0.0698920616628668
-0.0123341531105978 0.00479983999239968 0.212756989562588 -0.629373248839087
-0.000456403340428183 0.00882930972148559 -0.610078576502426 -0.729473565584781
-0.00892828957557129 -0.0138984152668714 -0.845928622273029 0.271079026210576
-0.0388191632328587 -0.00660560922764983 -0.00231139936158794 0.67106799813543
-0.0170170145004061 0.00960678745973249 0.404893421948931 0.218354089726054
-0.00841691219455983 -0.0032364442094907 0.217652830036117 -0.095791494095684
-0.00596084395972642 0.00690097201548174 -0.0943188638825912 -0.18074149249407
0.00359020999433969 0.00142525359296515 0.0869322344875274 0.134786857897521
-0.0228071117888484 0.0125433236701612 -0.149570965393411 0.0331218554223134
-0.0220937732926997 -0.00937427840330756 -0.372349984859833 -0.255491182952179
-0.0234208625073035 -0.0468018502946563 0.0662683001908044 -0.574684731394943
0.0193070311853835 -0.0480810360474073 0.761024374348942 -0.175283313898831
0.00872038660727566 0.033049486492434 0.554505027745238 0.702314820167241
-0.0470458575755748 0.0181137038608544 -0.192708595216328 0.636859547093398
-0.0439875567881544 -0.00641613525036999 0.0459680825263145 0.0738206074599847
-0.0126378742497447 0.0119758624416983 0.205656374251788 -0.625941160747766
0.00665642965843958 0.0106337662717935 -0.614499510804925 -0.727808174164557
-0.00114989656368679 -0.0160699600873353 -0.848580995536625 0.268021537528101
-0.0319402765863936 -0.00478912179871856 -0.00300540603740104 0.670049285998782
-0.0157289585741728 0.0156967297671509 0.404388157143873 0.215902902856151
-0.0101138199159391 0.00244742696815611 0.220516310055922 -0.0962710952413212
-0.00813423482813474 0.0117100451372811 -0.092697006651713 -0.182833533079209
0.00310854072361606 0.0041613192738352 0.0898383274845241 0.134221730107982
-0.0220762050593285 0.0167933909785322 -0.146298973061599 0.0350043323291283
-0.0191856016741159 -0.00457879196626212 -0.371898614269459 -0.250720940268448
-0.0172594995206148 -0.0440464300906291 0.060642306441083 -0.575557017950864
0.0261703065747876 -0.0496973905105087 0.755226586667466 -0.188322913241071
0.0162060040108377 0.0335371151693305 0.561034732772804 0.698300554008045
-0.0454937964810589 0.0231912694377578 -0.191637392644186 0.642299482284734
-0.0457032191002676 -0.00124036429882586 0.0373816745685646 0.0810749551576879
-0.0116581648909407 0.0167690361216736 0.207549191082902 -0.61930560341263
0.0132664679167413 0.0119878918690538 -0.607498276094596 -0.738224780729165
0.00671758162030641 -0.0163714429414066 -0.854014159474184 0.256017785619443
-0.0258345174219996 -0.0017437635927619 -0.0134517477273881 0.669813100338238
-0.0143708638155038 0.0218031592520294 0.405445431437244 0.221740260629045
-0.0112801154501345 0.00828602575652064 0.223913597822089 -0.0943397619706661
-0.00874111205967295 0.0153605464092486 -0.0899228457597108 -0.185181729397777
0.0033360129472201 0.00722077891522902 0.0895778292892832 0.136112612288267
-0.0204957212816192 0.0208961621061516 -0.142621511155797 0.0403406768047832
-0.0155734128687821 0.000766578977478343 -0.371218272227923 -0.24278098884651
-0.0124523164474576 -0.0402566751444994 0.0510835812174492 -0.575803309832627
0.0310720531298004 -0.0503847526776516 0.747722095124431 -0.206089106221178
0.0233899785989249 0.0334344821621319 0.573926906868301 0.683361601229856
-0.0412341139324674 0.0256255938717282 -0.18646972823877 0.647544013914551
-0.0454646772265232 0.00103590764581111 0.0288979989635118 0.0890403966680787
-0.0079104524817193 0.0190864549476816 0.212076062082906 -0.609744386200054
0.0200937090776341 0.0132499415527241 -0.591347122169663 -0.751934376588661
0.0131740660324423 -0.0151643500159488 -0.864251537887063 0.233952095430395
-0.021572580222695 0.00255801373491715 -0.0269110920639884 0.671810668341429
-0.012853040103812 0.0272837086881131 0.404257540230932 0.232767170873196
-0.0117610676952696 0.0120352924265734 0.228582824932596 -0.0893665617330717
-0.00958036349994533 0.0197868930445514 -0.0874077293669896 -0.183215704513508
0.00405142246461703 0.00891959238423561 0.0894535226968948 0.139250209567443
-0.0176796315618759 0.0225001640492863 -0.138742353867683 0.0460760781171105
-0.012974844357384 0.0055606439797917 -0.372654414965709 -0.228974135586204
-0.00935782686610182 -0.0334938305324204 0.0370035219203331 -0.57508646821384
0.0327683984393611 -0.0494116782317307 0.740395488214954 -0.230141017748467
0.0289114894295626 0.0304576427149286 0.592508207709342 0.661875941148664
-0.0339836757457341 0.0240864149743618 -0.174803456954163 0.65517361119006
-0.0404766751638843 0.000763780478026712 0.0214555592969466 0.0976632619993273
-0.00385668002990955 0.0172827278512378 0.222616484938074 -0.599798866943193
0.0239886052194069 0.0131251376583455 -0.564929380740195 -0.772512130855798
0.0166591445693652 -0.0124282006471163 -0.875751247130421 0.203764571951137
-0.0183833720074034 0.00712801094795088 -0.0485595056723881 0.674756415471063
-0.0116616150769159 0.0321884451255123 0.40217644871025 0.248856362189134
-0.0106892884558245 0.0152600902168098 0.233122916829024 -0.0795548386155627
-0.00984660297612588 0.0209578022840234 -0.0878319834806338 -0.181440254944804
0.0107126263341351 -0.00856554956081183 0.0788641264932887 0.144987170087035
-0.0155121363172019 -0.00127688944877279 -0.153203181007187 0.0532502234545285
-0.023311884560617 -0.016050498915597 -0.384174142165504 -0.218563263324483
-0.0391050833668314 -0.0345222261549055 0.0342238068201382 -0.564274472252327
-0.00582721017043894 -0.0381482667334566 0.75234130588464 -0.228986587524252
-0.00749068584879406 0.0169040848018537 0.614223154075751 0.649854229327762
-0.0328639104826625 -0.0144425391798468 -0.141806105914814 0.634284903766857
-0.0147716516194103 -0.0360487763687282 0.058902883497831 0.0746001235070095
-0.000781809631261038 -0.0196758060057877 0.24533950824367 -0.621850508366109
-0.0112008514327422 0.000806792081510389 -0.557474526211417 -0.767999016588422
-0.0233869382487745 -0.00199785390183923 -0.852211376499279 0.220061953721413
-0.048825896849062 0.00399139687826548 -0.0320662211033389 0.680544442608331
-0.0196912447141295 0.00649964598457643 0.393151821559846 0.25022714934744
-0.0044761688156538 -0.0121483324233376 0.216653394246575 -0.0741930538422923
-0.000256010270449075 -0.00218716684563662 -0.101531885900601 -0.168437268748096
0.00823209885538763 -0.00766505556298019 0.0802454676021813 0.142591362506476
-0.0184055804426055 0.000196093980566705 -0.153859454837193 0.0459235178699656
-0.0252897883088602 -0.0167348675698442 -0.381277969088126 -0.231934169256611
-0.0381934335584392 -0.0402955232213662 0.047203074203735 -0.567596558802668
-0.00153906526273095 -0.0407976435866171 0.759818476836342 -0.203388674867512
-0.00706142673432594 0.0215484368427495 0.591364058128234 0.669471167174644
-0.0389982362724751 -0.00769671763343634 -0.157910323072812 0.630868532814516
-0.0241009117170826 -0.0292840180335063 0.0606209385171515 0.0704594323039099
-0.00718399901384573 -0.0124936572957334 0.231141584588383 -0.627198159975369
-0.0103272408658767 0.00339872545316686 -0.581998481398064 -0.74929903882689
-0.0213508573965728 -0.00580805975660465 -0.846015326818934 0.246002914794069
-0.0469593598629081 -0.00147513436055257 -0.0174226920337326 0.676604697146835
-0.0194272313889571 0.00489078790528788 0.396916792274706 0.237371790502248
-0.00507429261776344 -0.0111298013636393 0.214114744656027 -0.0833278217245751
-0.00243083012244581 -0.000392121792776083 -0.0994622272190006 -0.173380011086259
0.00703947677338755 -0.00492157379907864 0.0832169652860016 0.137964098069879
-0.0214719377423455 0.00394766227172402 -0.154344070082153 0.0388402375804527
-0.025915302631832 -0.0155880369085053 -0.37816278095684 -0.240929610107609
-0.0349213546532987 -0.043465070439569 0.0568641475368672 -0.569390965454902
0.00399686619895318 -0.0426072270565134 0.761912271269394 -0.189051770040357
-0.00329901417796774 0.0261631201862185 0.573949817661037 0.685861521997514
-0.043087253391407 0.00121305549492041 -0.171611676996553 0.62909793433843
-0.0318505030337688 -0.0208503377281239 0.0586083678627936 0.0684752497641291
-0.0114180794285124 -0.00355207810452506 0.218840821672492 -0.629834693382006
-0.00670922000891049 0.0067896161593052 -0.601679607413621 -0.733632964678846
-0.0155230348338963 -0.010393304659315 -0.84147329321296 0.265201811123657
-0.0428470783774842 -0.00509023797199708 -0.0052068582518061 0.672037192643419
-0.0176488367118466 0.00543846654817502 0.399652520907765 0.221910781852382
-0.00688692867442585 -0.00787241881652493 0.214725031196793 -0.0907371478560135
-0.00355009039461684 0.00244378656064667 -0.0973993433363934 -0.176837633302199
0.00488806879526581 -0.00165518329689558 0.0859954714578696 0.13584391093268
-0.022717347884192 0.00809537606530146 -0.151869411872929 0.0352879328995831
-0.0245469922063681 -0.0126214625097254 -0.375777265406574 -0.24976590183397
-0.0303520549082682 -0.0456402204598086 0.0633424160663612 -0.572679896443023
0.0113794100680655 -0.0454967440754749 0.760608346704483 -0.179840084819186
0.00186527379063952 0.0302322038315111 0.561738781371194 0.694841814426471
-0.0466881164621904 0.00997378800902059 -0.182420288725154 0.630329282877019
-0.039664624118842 -0.0133761992697673 0.0529171687714613 0.0697673135157718
-0.0134082333515747 0.0042354908267941 0.209062336625695 -0.629035545459928
-0.00135500982482493 0.00907200246397772 -0.610740596396955 -0.724253780268129
-0.00835772787220233 -0.0146798914533765 -0.842602190563753 0.273463750016616
-0.0384911695040949 -0.00583522031808876 0.000307302972651816 0.6695175990391
-0.0164421898681138 0.00932122865216205 0.403950243790469 0.21412358585872
-0.0082818684465812 -0.00251174647939229 0.217413878463261 -0.0967325518315359
-0.00552709078289212 0.00750803641319019 -0.0950646751900414 -0.179277596756337
0.00361500249762111 0.00175286179078452 0.0880686461643128 0.134077116487552
-0.022509734850313 0.0120873943953041 -0.150013475339762 0.0332445062758829
-0.022173781118678 -0.00904844693310252 -0.374187873031851 -0.251951539937571
-0.0241021561886835 -0.0458899807430574 0.0641053964821426 -0.57227253766431
0.0192913662164583 -0.0476642485882483 0.757266205720507 -0.178609280823217
0.00909950909340211 0.0329947272617802 0.555736319318511 0.698259633867629
-0.0477100081092621 0.0188112853094725 -0.188187380984357 0.635336746462662
-0.0440929862841703 -0.00594011088364651 0.0464636115744891 0.0735595545597083
-0.0135405875547015 0.0117733089712689 0.201189314975536 -0.62485415423674
0.00672684136854512 0.0105935771869717 -0.617120871624167 -0.722645012761662
-0.000896134959400059 -0.0168534144614717 -0.844224441599983 0.271658773534566
-0.0321938813661069 -0.00496976417528702 0.000285110232182779 0.66721338653056
-0.0149633894043054 0.0154078056712849 0.405282726248051 0.213786026128955
-0.0104160372477211 0.0030522755964821 0.219887215638108 -0.0983058673037913
-0.00788110562869546 0.0127495327882095 -0.0927205298027309 -0.181883492031236
0.00260431094633679 0.00499881048938901 0.0899375569959855 0.133831708258798
-0.0205842613106676 0.0170756661229625 -0.145895867727209 0.0353990780660167
-0.019641595200639 -0.00378903413477883 -0.37190395674237 -0.247646293624668
-0.0180861648194832 -0.0445438938813644 0.0566734282539267 -0.575192849848892
0.0260747483111029 -0.0494205984579437 0.751145457681573 -0.190709366889242
0.0163434500789033 0.034415032275526 0.561980116356264 0.69094997228947
-0.0452950535563213 0.02309167703427 -0.188954503568972 0.639836678537717
-0.0458046896428564 -0.00100794728386372 0.0376907185662112 0.0801364178073686
-0.0114895540532365 0.0157736065531725 0.202233073242188 -0.616689661181212
0.0134219597049585 0.0114612781344599 -0.609205645015546 -0.732191291281116
0.00627435676828947 -0.0164902538502335 -0.853102141982124 0.259057122591485
-0.026914693263682 -0.00131228808126943 -0.00716133791764828 0.668689188941621
-0.0137033348472056 0.0220542375515352 0.406467668073335 0.219203179653322
-0.0118539171359396 0.00897228962067696 0.223983815479431 -0.0959909176439926
-0.00867016043816861 0.0160638529172669 -0.0906551514929005 -0.182735057133435
0.00246461368330082 0.00763343248462741 0.0902838965252761 0.135503030008607
-0.0198937982801671 0.0210824523803847 -0.14221751035032 0.0408523797426551
-0.0152133662002061 0.00180890269433611 -0.371412795413307 -0.237230071293042
-0.012822385509657 -0.039994537792474 0.0476904204365223 -0.573336163697555
0.0308181534150901 -0.0501120164203781 0.743998855709441 -0.210453292381108
0.0236111658809598 0.0334791413039363 0.574716355201045 0.677774492941807
-0.0411105742703476 0.0260140848994993 -0.183172024767387 0.64649855194697
-0.0457478155968699 0.00127821967182798 0.0291075614293554 0.0885150979170414
-0.00795687187284852 0.0184338476161766 0.208988961270277 -0.609056416487929
0.0199515238945612 0.0125672464950055 -0.593416495496141 -0.745778679532767
0.0135234601995335 -0.0152000871327477 -0.859351640206405 0.236480346004235
-0.0218848471734967 0.00307926401373237 -0.0235967440714158 0.670240272323107
-0.0122586233610422 0.027416492503962 0.405324181813465 0.230301062419642
-0.01214679241686 0.0135821157847386 0.22809975394475 -0.0900951325831302
-0.00977673582095781 0.020002993138739 -0.0889387330520946 -0.182080457276692
0.00391743321643094 0.00853250934455308 0.0892476559912395 0.138189933275311
-0.0177065061453394 0.0227624270589018 -0.138594313365128 0.0469603886167312
-0.013236463938421 0.00619326623453567 -0.372007113968948 -0.226043867123602
-0.00914960171058743 -0.0341279706904193 0.0342102639389043 -0.571532078287763
0.0317300274353013 -0.0486205762152852 0.736676071189587 -0.232229975493143
0.0291560428931665 0.0302507618743995 0.593733321575701 0.657356398699079
-0.0350022342856629 0.0240036594472948 -0.170406243316106 0.652736654206407
-0.0410307460227253 0.000231346745789804 0.022054927450384 0.0968041897582221
-0.00402870142219835 0.0166821513484841 0.219906392019063 -0.598443543763098
0.024566554007374 0.0115592093340528 -0.56999862656365 -0.765973777581012
0.0164317377495276 -0.0123235136317411 -0.871440743108878 0.206367209872218
-0.0184724381248494 0.00815371414929686 -0.0441478524832422 0.671826989094711
-0.0117622269178099 0.0320061296678572 0.403396008145925 0.246349624927427
-0.0107920876636005 0.0155211764488625 0.231735881838345 -0.0817071078231728
-0.0101149722873357 0.0214759805516584 -0.087863820033984 -0.179989579109508
0.010769980878798 -0.00857165260360396 0.0783060688515967 0.144523558681161
-0.0159856196599614 -0.000402505051062008 -0.154042369016937 0.0541590406415346
-0.0233467229947135 -0.0153034630945069 -0.385382519593367 -0.214786880241886
-0.0399054217180028 -0.0341014791563072 0.0311270989043533 -0.563239866055438
-0.00616111231258668 -0.038442000911169 0.752044332189469 -0.232354347959033
-0.00684914076787343 0.0172011053370737 0.613718051657272 0.645828318202241
-0.0332688276468796 -0.0148898166026421 -0.141941122591715 0.635007617002214
-0.0160637273231899 -0.0350264545116775 0.0589365130185199 0.0742032653125837
-0.00163804855982959 -0.0196615265188969 0.242414338316347 -0.61977948031936
-0.0111547554328706 0.00113008747633959 -0.561100700474502 -0.765372158989296
-0.0230544044871254 -0.00208481917227133 -0.850970275864942 0.222583045678447
-0.0493027326656623 0.00497725331570019 -0.0266748769979846 0.67873055367951
-0.0192077886535165 0.00609520447827701 0.395315821499596 0.249636375590526
-0.00521365790792705 -0.0114066510225765 0.216876018376625 -0.0755405819971105
0.000638939890558868 -0.00231706597871413 -0.10154942708173 -0.167976385459262
0.0089425846586184 -0.00703754970503092 0.0794797836186491 0.141972901879474
-0.0181950045286497 0.00179353073055842 -0.155214506068858 0.0466062218194628
-0.0253185310878963 -0.0154049980073726 -0.382921203010607 -0.228530177695207
-0.0388439175224859 -0.0386487605998359 0.0457358546250547 -0.5647627856471
-0.00245783008102725 -0.0401469122610916 0.755129893643447 -0.20868710565005
-0.00700720094029367 0.0209993131975428 0.593842349915773 0.665222351556548
-0.0383365687426866 -0.00696467988658127 -0.157226957613033 0.62814335497979
-0.0245113247781984 -0.029700870903909 0.0609029912768596 0.0700744308255016
-0.00751158033547133 -0.0125200367349753 0.229623331275651 -0.627586055421007
-0.010667727319984 0.00289797987771139 -0.584578899639123 -0.747691667625984
-0.0205961905028425 -0.00664485168173397 -0.845707726623324 0.251163115082078
-0.046699967909808 -0.000115913434319773 -0.0119855180438522 0.67619002078477
-0.0191330945958235 0.00534547104754804 0.398490841698212 0.232540416366607
-0.00645455352791638 -0.0105164413109671 0.215060338615716 -0.0840316623890858
-0.00099685714265715 0.000291823897568058 -0.100085607238403 -0.172309136690949
0.00619566333965957 -0.00531336704454526 0.0846343592449842 0.137797922462255
-0.0218211813340247 0.00462772298293084 -0.153917525363883 0.0395298764933491
-0.0261386272075866 -0.0146204314356199 -0.37777107944503 -0.238941395872476
-0.0353334523762632 -0.0425855485349485 0.0557947816994454 -0.567846417136616
0.0038552846408588 -0.0430145400730887 0.757656900836663 -0.192812352885459
-0.00329671682930852 0.0271707119258189 0.575795451943219 0.682525282153813
-0.0434890609899626 0.00149892513960456 -0.170288257666306 0.628907439203708
-0.0324761187598025 -0.0201664172554174 0.0589056621913411 0.0678318605983827
-0.0104175314398282 -0.00427230207285956 0.214830121478388 -0.629021269707573
-0.00706147503739049 0.00696849615954445 -0.604621135722135 -0.732200059211383
-0.0157146019244521 -0.0104879928798961 -0.840226269608674 0.267450069075376
-0.043515319286795 -0.00409388113719623 -0.001009193511123 0.671883393978641
-0.0182405787502126 0.0056489335677001 0.401017005337936 0.221247152721384
-0.00787978052501149 -0.00734749804069535 0.214888923341453 -0.0935525541745709
-0.0025799261559932 0.00363916631238046 -0.0985631173870365 -0.176552423828515
0.00431323452066696 -0.00177642932177997 0.0867130698861343 0.135080202409137
-0.0220945141564376 0.00895635580575788 -0.152344960148629 0.035292807464031
-0.0251012113867122 -0.0123928909250599 -0.376210702455223 -0.246122167231575
-0.0310579693154359 -0.0456602196045411 0.0617090294251531 -0.569752068562293
0.0113432749885688 -0.0448040926229029 0.760384062415284 -0.181153092117325
0.00240254552359483 0.0307051571961844 0.562297729733222 0.693405360833999
-0.0462185316362726 0.0110490093607149 -0.180420709862788 0.630187051604352
-0.039703216441518 -0.0135378996708379 0.0534050451758973 0.0692653838540471
-0.0138648992552188 0.00361556789455353 0.205677142692264 -0.628837734237359
-0.000682427417598648 0.00849585928211382 -0.615302369304805 -0.720585065114829
-0.00833906377954488 -0.0135115364677789 -0.839873735379116 0.276423264787913
-0.0388038592780681 -0.00529850689138701 0.00354745575398525 0.668902646668042
-0.0162458666231615 0.00918280080815344 0.403357581377698 0.212460965094719
-0.00973541083815431 -0.00230442676600587 0.217069977506446 -0.0988226077069281
-0.00609454590839946 0.00858512007176357 -0.0956040998058371 -0.179215072189538
0.00274993770941452 0.00229978748805269 0.0894463277892001 0.133222742442107
-0.022259151062164 0.013596778438314 -0.149762755355286 0.0336830034927926
-0.0226212990023774 -0.00897687222310197 -0.374466145293153 -0.247457594454191
-0.0242330716124738 -0.0457819037715781 0.0605509764878331 -0.572106134463495
0.0195124251694378 -0.0477591128244993 0.753312534010414 -0.18341876500011
0.00919926099498613 0.0339897545316827 0.560710211462409 0.694621228233501
-0.0476199646641539 0.0184549987834238 -0.186997209092937 0.633377643590714
-0.0444789447983405 -0.00579438626564736 0.0471419178331906 0.0735290342150747
-0.0135404657183568 0.0104467500123413 0.199266069195647 -0.624400509748627
0.00656877335725571 0.011247942172568 -0.619149951481732 -0.720198450342809
-0.000768128596407597 -0.0164883942199418 -0.84245482971118 0.275184289284321
-0.0322355130168191 -0.00393617122384003 0.00445242343097527 0.666716552091125
-0.0143260647996808 0.0150781354198248 0.407828587097649 0.210137569844573
-0.0109284901627666 0.0032883745223362 0.219885869665596 -0.0990832719770712
-0.00796233091555521 0.0123243949480368 -0.0928770501285565 -0.180886109173015
0.0026264099928496 0.00462442689046377 0.0901459332649629 0.133522716506141
-0.0219590427494365 0.0168581211158362 -0.146057327245561 0.0362229490952854
-0.0189421631970919 -0.00307917664858988 -0.373775664579141 -0.243492470254476
-0.0193039179056477 -0.0439425726290544 0.0546309267678635 -0.572067342853159
0.0256210475514314 -0.0491932652967007 0.749812479228952 -0.193066197812271
0.0169644178981684 0.0345611941205249 0.564098810488477 0.688082226704695
-0.0453690684823113 0.0236838072371772 -0.185661325611481 0.639943534979706
-0.0470175444534271 -0.00129991427286051 0.0383280125694081 0.0810364537677719
-0.0122642200816187 0.0158549557439624 0.199607248050746 -0.616691870779278
0.0138421739980803 0.0109540944708176 -0.612253713337697 -0.728356821863491
0.00637845847093429 -0.0165020251922516 -0.85010052182276 0.263140917336582
-0.0270253180311487 -0.00154157644052421 -0.00684664929036963 0.666922472962612
-0.0137980125390618 0.021766513372615 0.4063848558809 0.21682139314954
-0.0122460882700508 0.00992214069381354 0.223731111016388 -0.0968010083164732
-0.0087603028133996 0.0176530520559318 -0.0908716415749129 -0.182121810393408
0.00129332668639859 0.00700733412736404 0.0903272775146957 0.13441508756183
-0.0194093164491328 0.0213323938431644 -0.143156200468089 0.0399365108800545
-0.0160320017437171 0.000936893421141526 -0.372744503878834 -0.23629717936711
-0.0128578879708781 -0.0396735465908165 0.0455626009689892 -0.572337127243652
0.0304351679041183 -0.0503098450484241 0.741534812895017 -0.213189708460871
0.0234123060547055 0.0331445413519985 0.576708944612606 0.673280828779784
-0.0410796960159696 0.0266321725590426 -0.180453061770875 0.64602116191856
-0.0458465004363194 0.00150476486838076 0.0293222078857442 0.0879848140761288
-0.00843345497837527 0.0182064087703155 0.204643885670779 -0.608411110519629
0.020627662508117 0.0125274706227209 -0.595433450067732 -0.74383765407012
0.0134353212085412 -0.0151253210404037 -0.858540086843756 0.242385279038233
-0.0214049587179707 0.0031798163183746 -0.0200140941830648 0.670204650654052
-0.0123286764146535 0.0277592251068512 0.40700895104974 0.226899814054212
-0.0112954844568331 0.0132085016985073 0.22799275949146 -0.0919213553183486
-0.00950403050568716 0.020666760796462 -0.0889659414330325 -0.181416975521576
0.00339405308642705 0.00843817309324251 0.0904041610529176 0.1382006716487
-0.0170357627974643 0.02475919526095 -0.139004417734253 0.0471140949308074
-0.0132320300910603 0.00707921139623829 -0.373036638855723 -0.221703163383484
-0.0112714431401073 -0.0328862593442306 0.0313856702974788 -0.57131676617196
0.0323830555787869 -0.0494714371353675 0.735798424936278 -0.236166018219765
0.0299202060982425 0.0308779344860743 0.595208545175779 0.652069875301803
-0.0362561848710883 0.0249216768307693 -0.168504262732216 0.652611813227043
-0.041188298592132 0.000508035950928661 0.0214994168928982 0.0961087738967791
-0.00373651569109149 0.0170560145933174 0.216938545514955 -0.597765719804124
0.0241919874072038 0.0112722870200575 -0.57427050407512 -0.764162647140876
0.01711605070359 -0.0122988780649762 -0.868536880386915 0.212122797302003
-0.0191029487661032 0.00856592556265866 -0.038931116441705 0.67215272005014
-0.0105731132829052 0.03240133109029 0.402436848993449 0.242768157579293
-0.0112718402512499 0.0157679530437741 0.232786399376663 -0.0833720616315304
-0.0092135396193805 0.0222724406823878 -0.0884336696800175 -0.179568096777077
0.0104019358047208 -0.00847781139872323 0.078693212249744 0.143230776709531
-0.0151055069989922 0.000391826965423869 -0.154289843807806 0.0543322825104426
-0.0233574538639424 -0.0148875213589922 -0.386216179137747 -0.212109914922723
-0.0400563592734737 -0.0336669468076764 0.0279390028396644 -0.560625096842245
-0.00677419926358457 -0.0380781824051233 0.747804364121148 -0.234762234552029
-0.00680913172015231 0.0175391567329286 0.616536701163867 0.63949743752542
-0.0339914863048789 -0.0135034802305341 -0.1371485263063 0.631318334911226
-0.0156177131505107 -0.0359987882531887 0.0590433537872019 0.0738851087507784
-0.00260060327484603 -0.0199631016379987 0.240009126235833 -0.618769804576204
-0.0112311180847329 0.00210846865590106 -0.561917055316757 -0.760299909386811
-0.0225545491567488 -0.00157410811087876 -0.848181524187723 0.226324688885403
-0.0489946478931825 0.00555131787634619 -0.024723462947743 0.676938315380508
-0.0199304435024886 0.00629246569859622 0.395836560987019 0.245506107130683
-0.00496013575502828 -0.0110334382303315 0.216802286795658 -0.0766362756213932
-2.44472901477404E-05 -0.00149131258122153 -0.102695698186588 -0.166599005721235
0.00913581155429558 -0.00605718838960767 0.0818276495086486 0.140553039386649
-0.0191123297528433 0.00209426973525893 -0.155353942563356 0.0463471471699348
-0.025381503622813 -0.0152597601775669 -0.382897120383793 -0.223299536276089
-0.0389788686619972 -0.0381467196963705 0.0419034703202775 -0.565023145667295
-0.00200099441296286 -0.0405650676008952 0.754282668668263 -0.212092108087327
-0.0061384300108369 0.022220251761677 0.594715180876057 0.660586484175597
-0.0388044386937133 -0.00614117163429573 -0.153749649032957 0.628694555718517
-0.024338694698098 -0.0287391100168396 0.0599531811116731 0.0692832176867806
-0.00861171534125751 -0.0134331303160885 0.225185797819677 -0.625702485897335
-0.0100570206456168 0.00402693533284098 -0.585859669802123 -0.739869907245778
-0.0197062462286073 -0.00605629212375598 -0.840681324021009 0.253200587795055
-0.0474701738751868 -0.00101263181414204 -0.00894439558795934 0.672986328813322
-0.0192656243013064 0.00531422134951491 0.399322213445755 0.231066244104119
-0.00616738797523524 -0.00951189376830976 0.214180813528266 -0.08647093460397
-0.00222991738216608 0.00075911492983215 -0.100579384372479 -0.171162792218085
0.00622898065977717 -0.00502469461893017 0.0854194614320657 0.136599002326643
-0.0207195899584969 0.00514664097589981 -0.1549899049591 0.0397386634622406
-0.0261854095299945 -0.0153181903266325 -0.379088804165167 -0.237944352797098
-0.0354811491342815 -0.0426278749012938 0.0522722845346908 -0.56708482436745
0.0047099052009567 -0.0433306871988163 0.754901330930194 -0.195647745972981
-0.0026623975519034 0.0270753663007196 0.577009592013977 0.676970413448538
-0.0442773478284464 0.0025474776485309 -0.166602835880572 0.627103937000114
-0.0331575507331073 -0.0206825838565648 0.0585129825303434 0.0679067289360424
-0.0122992533063882 -0.00375152580766152 0.212078663264685 -0.628692009069158
-0.00573265130978152 0.00670363002415326 -0.605864018041047 -0.72549558188262
-0.0149120208406564 -0.0108255812728001 -0.837971449655671 0.269895473018633
-0.0434298537411372 -0.00434960052150928 0.0021334976013214 0.668840662812303
-0.0182822353516974 0.00564226155282418 0.40062130167943 0.216628705276533
-0.00740837313580064 -0.00605693436531882 0.215300532125017 -0.0951836808292978
-0.00249993555800627 0.00417601460659576 -0.0992947550231661 -0.174769004532184
0.00417822586911169 -0.00117933658832748 0.0877510313866882 0.133794183690166
-0.0225026638876473 0.00980872033437019 -0.152942210693485 0.0354188585929402
-0.0254348174785648 -0.0118410070745286 -0.37578915164621 -0.242670480148041
-0.0315290061417505 -0.0446501923636472 0.0569298059678474 -0.567999039054691
0.0113854479974878 -0.0461146415063782 0.754915076139311 -0.187486267371444
0.00189637342373063 0.03024869341599 0.564335912356765 0.687636896129555
-0.0471128131504878 0.011254176973959 -0.177493182396764 0.628129178328234
-0.0412203539926294 -0.0124213079487258 0.0529013652822034 0.0682987370273183
-0.0135433777247493 0.00345985904437201 0.202733254386697 -0.627686934122864
-0.000640051679554382 0.00812144544556758 -0.616788797546164 -0.716637970715438
-0.00822935986272528 -0.0140208364887696 -0.834463895294085 0.279525538730554
-0.0380823071015423 -0.00484950361956136 0.00845333333674 0.666947965845806
-0.0162762852194875 0.00949475855391139 0.404987639070704 0.209141651248691
-0.00940706636534651 -0.00168670941330408 0.216533592104954 -0.0995598226341934
-0.00593696844604484 0.00913331344425808 -0.0963880813651342 -0.177924372106669
0.00270620069488768 0.00206614919696989 0.0895249565111095 0.132369327790883
-0.0222891139992735 0.013157077013304 -0.149896111658168 0.0347174839505044
-0.0215462703944061 -0.00762594360734638 -0.373314012170566 -0.244951442411893
-0.0254808022422669 -0.0448083234770578 0.0561114439236692 -0.570126870632701
0.0181966904239421 -0.0479581723413929 0.753102286479344 -0.186487334690737
0.00997110095654935 0.0330609316499822 0.561455621936949 0.689791287178774
-0.0480388021897583 0.0190729638708104 -0.183026868238404 0.630716563916895
-0.0455940032780953 -0.00531632639162066 0.0458091992310416 0.0735450731837182
-0.0136208039068091 0.011128043907478 0.195831787219936 -0.623443342996513
0.00616518974934418 0.00987239229933776 -0.621592191188397 -0.714721690955078
-8.03693813455457E-05 -0.0164710663906464 -0.840829761992216 0.278011516367697
-0.0324649415116165 -0.00310650660943856 0.00750948557127882 0.6649981878429
-0.015058890865792 0.0156596590637419 0.406166448709209 0.206961889007895
-0.0110960096225091 0.00402872839033866 0.220151962280063 -0.101314080539357
-0.00703837822601672 0.014259748403763 -0.0939845239028562 -0.180138802647667
0.00148101366776638 0.00534645313199047 0.0909993625724182 0.131598489716514
-0.0207266047947027 0.0179444855738354 -0.146852519636174 0.0369981727547441
-0.0192428225753962 -0.00269580893913384 -0.373447541908323 -0.240780984803553
-0.0194476271656023 -0.0422177474522925 0.0514704301890417 -0.571334893805131
0.025845529108496 -0.049470813508724 0.746659898682547 -0.196831231158566
0.0171869839105146 0.0353564712402231 0.564246293877042 0.681786941387531
-0.0455822623057977 0.0243950272326331 -0.183132374180061 0.636621310726082
-0.0473290738331826 -0.00114764628857313 0.0389489048147514 0.0797919375535381
-0.0115208665286543 0.0171946647217433 0.195471310227368 -0.615505499251026
0.0136442567414424 0.0110437958244461 -0.614219269329481 -0.724275373812372
0.00728245556971945 -0.0162416271078097 -0.847592723841951 0.267122622575934
-0.0265678467883874 -0.00100336671461044 -0.00315009962591418 0.665878438792051
-0.0125302104968547 0.0210195075762185 0.407018601318763 0.213499763812564
-0.0124188598157722 0.00994657412080244 0.224732175951461 -0.0992749206151388
-0.00913875933500584 0.0178372972089208 -0.0918414146538689 -0.180836277562873
0.00217174955596039 0.00730188972340704 0.0901390265124036 0.133256023653533
-0.019238923031639 0.0217438433603786 -0.142652756116279 0.0399245639850311
-0.0162234841159571 0.00244053375464277 -0.37342696301577 -0.232385014203363
-0.0137195500376435 -0.0384583832637988 0.0407295928747109 -0.572567375499281
0.0305776212239844 -0.0505185468516619 0.739866411438463 -0.215716088662857
0.0245364398520143 0.0339338121238187 0.579372839912735 0.666546366254243
-0.0419944568925527 0.0265779289048675 -0.177801232716189 0.644766188238766
-0.0466121964089639 0.00150629866763964 0.0303607075518947 0.0879247217679778
-0.0095158387967852 0.0174497775759385 0.201379265036246 -0.605904109262555
0.0207136232474044 0.0116818079683696 -0.598598597012078 -0.739148585179793
0.0132814381121865 -0.0149067399042793 -0.856124525964016 0.244031552356856
-0.0220812272832654 0.00377961583157263 -0.017097337280784 0.668427245115043
-0.012435289831627 0.0275537346439077 0.407308647516238 0.223754851030746
-0.0132925196074368 0.0132408244974043 0.2286695282496 -0.0937848724600588
-0.00923405007114847 0.0206074831707424 -0.0905195291125412 -0.179897947303103
0.0030011949709557 0.00959643527227257 0.0916706022889828 0.13597453430184
-0.0176402554531578 0.0255721216411295 -0.139902562511439 0.0474578075046607
-0.0130110590977109 0.00716312570610342 -0.372906040534611 -0.21820051901674
-0.0112181572362896 -0.0331056046147867 0.0279698500898245 -0.569217633332668
0.0321145077243093 -0.0499393777670404 0.731661334147043 -0.24023802835171
0.0301487942304342 0.0318634897422855 0.596520730956984 0.648521676792136
-0.0358718457614018 0.0251382168331538 -0.166955513676572 0.650152414498366
-0.0411600830986248 0.000508559132276594 0.0225623708772164 0.0963469112362572
-0.00410646002740505 0.0167115267825378 0.215220853707781 -0.597126878330748
0.0236716901125849 0.00999633840941345 -0.575380505884272 -0.757343388141676
0.0177193833639156 -0.0123802673564743 -0.865179030662407 0.215047375084819
-0.0182345268915359 0.00856385499255344 -0.0358782481515659 0.671091383941155
-0.0109348577819141 0.0316934251495285 0.405639230340144 0.240804373259101
-0.0112815831732509 0.0169981280108319 0.233428816553767 -0.0848592499056748
-0.0092016403461368 0.0224026969452162 -0.0894628424689471 -0.178574083099492
0.0100126577256486 -0.00810175247359386 0.0792080075452633 0.143050816144703
-0.0146462013853865 0.000532554700949929 -0.155486525693935 0.0544218121357662
-0.0241623784821073 -0.0136933882866296 -0.387074056604991 -0.208816742744822
-0.0409141382239243 -0.0326984096420693 0.0232008531833978 -0.560451579525969
-0.00633169777467135 -0.0379391755313465 0.744167332639732 -0.239408429800205
-0.00650579875528395 0.0182708641079474 0.616517120230082 0.634154542529247
-0.0343089127193464 -0.0133644639608476 -0.135119562518504 0.628937705529361
-0.016560747307705 -0.0356674778888728 0.059017148801695 0.0737020654193977
-0.00231187826082462 -0.0210323844870041 0.235892472340298 -0.618713456196483
-0.0111128996420273 0.000194133705967048 -0.56481881617525 -0.756546059637128
-0.0224490984000338 -0.00114551192634867 -0.844658066271817 0.231829538048048
-0.0488444502181203 0.0052781402243862 -0.0201965333454417 0.676412611855594
-0.0189813620686984 0.00702124973760956 0.397561750870218 0.243558548594117
-0.00611830146151529 -0.011044224944494 0.217000429042264 -0.0775537610410347
-0.000206386273044716 -0.000990391591345517 -0.103392266787482 -0.166047634739453
0.00891021354741416 -0.00678969820907467 0.0820055684704646 0.139349073411308
-0.0185559767187549 0.00259245446123443 -0.155887762311992 0.047407165260147
-0.0261992454937747 -0.0147913466785393 -0.38272965040256 -0.222514627400159
-0.0395315636687848 -0.0377964396787189 0.0373094120182525 -0.563146113032164
-0.00244791609430057 -0.0401594694674272 0.748228737923739 -0.21671726884717
-0.00572826223456545 0.0222253398741825 0.595359838082536 0.65573288897313
-0.0389310105277488 -0.00599562047458813 -0.149646337038329 0.624931740168083
-0.0252460752040835 -0.0280477539026493 0.0605716467290723 0.0697003380445742
-0.00849146803820453 -0.0127320485823916 0.221435085343446 -0.626574497418495
-0.0103057263170164 0.00302482277031187 -0.589558269805448 -0.737029659774052
-0.0196238074359705 -0.00566662374888031 -0.839182417651184 0.255047797971763
-0.0471944488546732 0.000895204035792917 -0.00485633790113764 0.672845429679163
-0.0192391918741285 0.00420389704241676 0.400268366987248 0.22765582525771
-0.00679165678489309 -0.00958890032626547 0.213384732532761 -0.0883606588723176
-0.000815089530526203 0.00120544125340436 -0.101111914910249 -0.169806739268484
0.00666546174108821 -0.00510638070554447 0.0854009049881875 0.136027659839129
-0.0207469640898025 0.00668709703920705 -0.154761392887795 0.0403249545190674
-0.0265619750496148 -0.0139480731971745 -0.37937099971841 -0.23331669300299
-0.0365083522459273 -0.0414642259544208 0.0478137714624216 -0.565088308483133
0.0038293315334462 -0.0431243327600338 0.751052560623341 -0.200167836004148
-0.00262249106862739 0.0276485136446649 0.577709351862816 0.671609830152575
-0.0436546047764098 0.00217242893563052 -0.163180809344622 0.62513885416849
-0.0334653336274585 -0.0198655229455293 0.0587074584788679 0.067269356254723
-0.0127577651462561 -0.00477234607845926 0.208091201685929 -0.626127800913299
-0.00720441109398854 0.00623629736067458 -0.607639332684371 -0.721583549418313
-0.0148348683528839 -0.00992220711164057 -0.834030828286759 0.275351078791011
-0.0431353942955762 -0.00328538772326365 0.00588719176221087 0.667524245878981
-0.0176387820245635 0.00554279723740889 0.401803564490705 0.213667693085911
-0.00859041305741894 -0.00561888799295558 0.21428276305444 -0.0951526789460378
-0.00298183873284118 0.00416174646440001 -0.0996564079162838 -0.174468056312188
0.00397454026596204 -0.00160442845102002 0.0879445488986421 0.134060793824009
-0.0219915768649141 0.00980123017644009 -0.153239309616343 0.0353354600100306
-0.0250118244857096 -0.0114421490322752 -0.377182248859332 -0.239615154990127
-0.0319541766746765 -0.044081628495619 0.0530181143522496 -0.567874823417997
0.011662254340239 -0.0451396985686304 0.751342787112575 -0.190052128562018
0.00307588651113294 0.0315594145617176 0.565841700351914 0.68156522320946
-0.0467109168560456 0.0122213344753936 -0.174037419362507 0.626692658939364
-0.0408379641974722 -0.0122466932922167 0.0539538792659743 0.0689722124640975
-0.0146768912466829 0.0037319082083053 0.199842961591807 -0.626312206555903
-0.000905926246274169 0.00740481701004517 -0.618910852747011 -0.711444896072151
-0.00857934745137052 -0.0126651348763566 -0.831591860398199 0.282963204124477
-0.0390859252126909 -0.00459899723604687 0.0122249423544922 0.663967600302579
-0.0162762880408801 0.00823380107756343 0.40546017121693 0.206363265945847
-0.00901447314735589 -0.00101260415992555 0.216052499146154 -0.10170666822219
-0.00518631284943124 0.00889980417532966 -0.0968632612918027 -0.177269004707099
0.00220060880015382 0.00185668832793804 0.0893494759969975 0.131178580491922
-0.0221563863130045 0.0147599449731711 -0.150919811841778 0.0342984221612262
-0.0226726685560823 -0.0074140038632093 -0.375704160523494 -0.241638595692927
-0.0263477884870178 -0.0438916355651007 0.0536203642929454 -0.569295352649361
0.0187796469222999 -0.0481072340377474 0.750326085033001 -0.189347906539687
0.0100653790107846 0.0338775078420784 0.560985913451669 0.682833524515913
-0.0476037070728832 0.0195321881105054 -0.179718923352694 0.630311138565973
-0.0459398960059457 -0.0057838265931879 0.0468272730910905 0.0727140524991577
-0.0147390903781521 0.0112687638175614 0.19258000389941 -0.621852355620733
0.00619292675949627 0.00972702018526582 -0.622657310088311 -0.711257721544695
-0.000850985866684913 -0.0164644216637613 -0.835539334028034 0.284430851143511
-0.0315229862169673 -0.00415112173857075 0.011499891158523 0.66227203896568
-0.015378781995836 0.0144215582070126 0.409281673397303 0.204396748254362
-0.0124216145310592 0.00438501048687769 0.219856495352957 -0.102367581673875
-0.00693272651349436 0.0140588868642837 -0.0948880759730017 -0.179226825065639
0.0020210868643391 0.00559347421459029 0.091803450153461 0.130743978056514
-0.0201115964316116 0.0185063585026569 -0.147120682341666 0.0367024385612621
-0.0194251168933435 -0.00308326545470412 -0.374563490494541 -0.236923033861396
-0.0197448926369774 -0.0424824274434018 0.0474690817923343 -0.57052379599015
0.0249540163493 -0.049542392060426 0.742762916619854 -0.200120091501314
0.0181477035983542 0.0347517708769139 0.566595004343753 0.675773083911863
-0.0459435307979347 0.0245772402811784 -0.177673016968349 0.638180920864732
-0.0474420959725412 -0.00057656365373098 0.038001263892557 0.0783237181278732
-0.012661663836985 0.0161461270386672 0.192240935927129 -0.613366406259151
0.0141823016838657 0.0104725241206039 -0.616942174838424 -0.719424072727324
0.00779002379880775 -0.0161850793536478 -0.840990983717797 0.271355247426859
-0.0276227202778218 -0.00110266461297067 0.000287174901660798 0.66319811222497
-0.0139147705699647 0.0211317514761238 0.40833824479133 0.209957360893557
-0.0128345388424857 0.0101418892524078 0.22288028673118 -0.100585954871632
-0.00754211087421672 0.0180370111203416 -0.0927723619931447 -0.179959606087783
0.00231936311262521 0.00746590821529522 0.090801707090831 0.132995953390934
-0.0190162162233342 0.022381079757268 -0.143997950125187 0.0411113320920081
-0.0158742418778987 0.00305296113199972 -0.373597698444856 -0.229393455076786
-0.0146914978594567 -0.039165624784554 0.0383121227458018 -0.568390653091628
0.0293550635318351 -0.0515014916682265 0.736227733453929 -0.220713713168008
0.0252793204166765 0.0339397390858312 0.578091372651246 0.662976181084584
-0.0422104655639952 0.0269566919938283 -0.174370013818428 0.642059158156563
-0.0469809950070032 0.00142198278192447 0.0300269983980748 0.0876151619665269
-0.00848745004442458 0.018634200125 0.197657780709091 -0.605666738620181
0.0199569044360727 0.0114062932030228 -0.600231271934452 -0.733429869849781
0.0130432225759546 -0.0148863042532248 -0.85033378256194 0.248662804424759
-0.0218104228513053 0.00355067587000515 -0.0126243182583273 0.66595593965429
-0.0123580319231462 0.0274787299311351 0.408289180304487 0.220835924414391
-0.0132103172380201 0.014941562167547 0.228262672179239 -0.0943084319169955
-0.00847708139466035 0.0209375441563882 -0.0908807565870393 -0.180733972928893
0.00339511966511452 0.00904503562960502 0.091101315034409 0.136024283227845
-0.0163784192632221 0.0254978923482857 -0.139898479931728 0.0478904539133006
-0.0127029170494919 0.00764703346278165 -0.373473588956408 -0.215535677162946
-0.0114271783121069 -0.0325207109352087 0.0237424797128374 -0.568527851878362
0.0317483892893025 -0.0502482871183185 0.72695335127654 -0.242129374602618
0.0310968753330499 0.0311172978948658 0.597064953391973 0.64242502564366
-0.0355255326680886 0.0253863012866907 -0.162522308279585 0.650584473817551
-0.0420142349536606 0.000907690897791105 0.0221676321825889 0.0955029012536196
-0.00444653055964058 0.0159996042311076 0.210219711909187 -0.596134218044301
0.0242092021191317 0.0106354152691222 -0.578335306593705 -0.75392819447688
0.017748991284538 -0.0116334087895251 -0.861841837381329 0.220135322407706
-0.018662694896984 0.00927626382441994 -0.0334100513763221 0.667769410694201
-0.010154865135338 0.0321251623544559 0.40433104659458 0.237068730325816
-0.0133470900726952 0.0175409485123376 0.232294953345463 -0.0859413918601238
-0.00909935411810091 0.0228847789818833 -0.0900829548061998 -0.177334214957323
0.0100392798831766 -0.00812446249219838 0.0807656274890822 0.142998106714799
-0.0150510276721537 0.00083746832089859 -0.154133389359816 0.0540138202513268
-0.0240749664943337 -0.0135598615448871 -0.387558688375634 -0.204210054571371
-0.0415767509532913 -0.0317792044178459 0.0224977956466159 -0.557941127403854
-0.00654253041792374 -0.0380502792083765 0.740147775418871 -0.242954368533642
-0.00544706226329023 0.0189286320277292 0.617669748897915 0.629060406408653
-0.0347093188636116 -0.0126655668770894 -0.130662659998159 0.628966880713184
-0.0179443630219242 -0.0350897029926923 0.0593016599399596 0.0732671523777678
-0.00248836365710618 -0.0205826669684533 0.233217757538325 -0.618013000454234
-0.0112460830287191 0.000626604933190049 -0.56968229028671 -0.751996862030399
-0.0227251398864471 -0.00052515936165768 -0.841385995429353 0.234902039872876
-0.0488939996972493 0.00628842417717598 -0.0164058240563856 0.674585499904638
-0.0197051522591087 0.0063021294584933 0.398390724099894 0.241574789045881
-0.00648928730210276 -0.0104663634504175 0.216482925872697 -0.0798854333731997
0.000648442371007175 0.000539642691998748 -0.103306720140935 -0.164421788060321
0.0076547520716623 -0.0062649938689455 0.0834627056345126 0.139658912248581
-0.0176850579273106 0.00263836378709443 -0.155245980114955 0.047255012925893
-0.0262405220971848 -0.0139055646055639 -0.384117536607812 -0.219084610076377
-0.0401784494278667 -0.0372102515180451 0.033492948143056 -0.561009081329682
-0.00276966947076791 -0.0402913424372211 0.746835974817446 -0.218900173914799
-0.00445845127710989 0.0227573515710538 0.595065526395651 0.649832074314238
-0.040604263056478 -0.00499970405586682 -0.147199566162782 0.624591703288017
-0.0252212025654341 -0.0287923171003926 0.0608416084019947 0.0677339708523549
-0.0092608211315225 -0.0134060371630884 0.216983041080662 -0.624725038891894
-0.0100600644329614 0.00342317919160437 -0.593977441016253 -0.733136047168507
-0.0197058160766891 -0.00602728088058538 -0.836453003310142 0.26146851626485
-0.0470905103230276 0.000703613019341336 -0.00100228659054057 0.669753473161383
-0.0191089899865664 0.0041006190657974 0.400109414320591 0.225449509500889
-0.00787124512879863 -0.00895787780223497 0.214102725892585 -0.0889854896235382
-0.00117287171764658 0.0017365738050176 -0.101728003678735 -0.168430966999118
0.0056941421977077 -0.00399447648594619 0.0855821750258893 0.135166247955734
-0.0207838981629704 0.00603571978188491 -0.154568547379884 0.0406455394598636
-0.026721708749373 -0.0132442427994459 -0.380319146823814 -0.230303999701663
-0.0381548199377634 -0.0403664546119816 0.0443231699003922 -0.564125992491281
0.00345442011009626 -0.0427491060907053 0.748518382903659 -0.203326642998714
-0.00211250847800369 0.0270740331459774 0.579646389219806 0.665734546959618
-0.0445857177058561 0.00315797265767924 -0.160794506635231 0.624792075574449
-0.0340894979405818 -0.0196290719965977 0.0588414673584817 0.0669405550588944
-0.0126309899201833 -0.00530407107853551 0.204366503253326 -0.626312423985739
-0.00723532440472434 0.00574614997123629 -0.610177612119215 -0.71670581673057
-0.0147276545588273 -0.00936168792331041 -0.83198908191908 0.279147869942549
-0.0429310974683895 -0.00338707034658021 0.00963859860834634 0.66570771985805
-0.0177766214550207 0.00611634931042845 0.402785362735086 0.211603877633356
-0.00874134414167303 -0.00569512278578324 0.214627895818852 -0.0968066582555033
-0.00297707857791301 0.00500974646778104 -0.100350527777737 -0.173188822660681
0.0036192211005555 -0.00135256760974465 0.0879363451197429 0.133273292138538
-0.0219771744018841 0.0106015791066381 -0.154207879729201 0.0359629213955906
-0.0250705485428002 -0.0110336041663982 -0.377789045489815 -0.236485510277696
-0.0325538358113091 -0.0428678742346997 0.049833910174057 -0.565926332004637
0.0106023052070116 -0.0460846933224738 0.747925810666375 -0.192206534862713
0.004378987005979 0.0313514555907419 0.56748382195825 0.675180893381778
-0.047093920034221 0.0127673038036524 -0.171282902174334 0.625665415289971
-0.0415097030983729 -0.0119283417099533 0.0539776717743632 0.0691270753653878
-0.0140460804420574 0.00318501348850166 0.19381446868787 -0.626004835207639
-0.00117415557549854 0.00784055420645829 -0.621803591331877 -0.707999009831063
-0.00788070298145045 -0.013775664148668 -0.829452435215647 0.288638210849179
-0.037802268560092 -0.00489188744530242 0.0160912475404977 0.662634836019941
-0.016257711474168 0.00952675773926794 0.405788045287584 0.203707194554274
-0.010800837437748 -0.000260154619015034 0.21586328604519 -0.102175703665842
-0.0043326823438286 0.00997001489828102 -0.0978152583773269 -0.175801489707224
0.00265112557478888 0.00212583779186969 0.0899791055279864 0.130913615414652
-0.0219950871655134 0.0151122257232161 -0.151083217582777 0.0350993941975906
-0.0225557852342112 -0.0074416226436448 -0.376314009922818 -0.2383187747095
-0.0259688224784909 -0.043625037697639 0.0491922209420882 -0.568106204490177
0.0178451825540988 -0.0489606945216451 0.745516925828188 -0.194109523514169
0.0107164534769546 0.0336351521522606 0.564843652350994 0.677751014965212
-0.0477157060499426 0.0198013725375646 -0.176953110857292 0.629576391741215
-0.0459685637195367 -0.00525877379367863 0.0468216127348332 0.0722631915850976
-0.013697762085506 0.0105285368355539 0.187223523691479 -0.621181959991391
0.00638146605056707 0.00895819847362941 -0.626889265224134 -0.705967103458384
0.000398603822356704 -0.0157424095527929 -0.833587287105418 0.287566820745976
-0.0330276424542724 -0.00356204010311151 0.0140012386602344 0.661801133692171
-0.0146534060445885 0.0151108249728794 0.409049295363562 0.202119918328488
-0.0115317268274965 0.00554658757335861 0.218970798029232 -0.104965022272536
-0.00672818036031692 0.0141269809377361 -0.0954091644487686 -0.178600074671684
0.00209023740622695 0.00517480365659088 0.0919742373737827 0.13023557874539
-0.0208917354473154 0.019475009317462 -0.148355476857492 0.0372346371683653
-0.0199769662377957 -0.00225460999847234 -0.374678425712357 -0.233369546907595
-0.0199617975196951 -0.0419909473259698 0.0437168940888057 -0.567853997818919
0.0248667638677779 -0.0499030899115358 0.740129389438537 -0.204870564280345
0.0181419200513108 0.0349825235132632 0.568474446870616 0.669917694448242
-0.0459623234507239 0.0257535726289287 -0.175506010371947 0.63555446515408
-0.0473411080170545 0.000363577274481076 0.0388111684545266 0.0790863600264348
-0.0133711045528872 0.0158541499178662 0.189925892821293 -0.613869669214877
0.0140778175836425 0.0104181117978667 -0.619140462011269 -0.71334327216147
0.00755156335341128 -0.015912178086595 -0.839995103113676 0.274765716074761
-0.0266681039099685 5.46161842276509E-05 0.00583730525234078 0.662291491127377
-0.0135678544845326 0.0216862537947575 0.409164350108768 0.208578155966679
-0.0129724966924485 0.0102057851259535 0.22379830483621 -0.101522078012417
-0.0078746349732971 0.0180529261798575 -0.0942718553169754 -0.179121120632229
0.00228083450048821 0.00791991892455069 0.0915362424155736 0.131859224896799
-0.017853463639819 0.0222446169880962 -0.143190202179249 0.0417571324307629
-0.015897899736661 0.00310856498848063 -0.373843493542294 -0.224880943393556
-0.0140044336594547 -0.0383982931729151 0.0351891693365842 -0.567119468318613
0.0289261247558092 -0.0510217070255727 0.731214397554842 -0.223488519247913
0.0251131516925618 0.0345428856361482 0.582169260242108 0.655890647745053
-0.0419748412132279 0.0278417942760059 -0.17071577543895 0.641094124405398
-0.0475301202831133 0.00166001854155329 0.0305123416708465 0.087356676959978
-0.00954069781787514 0.0176587116191293 0.194326667781559 -0.605391899779211
0.0195967607903275 0.010390702148267 -0.603148998804539 -0.728486020494626
0.0130018639108829 -0.0146489724825114 -0.850801041823444 0.253014349892793
-0.0211642245415803 0.00454063520192432 -0.00822960879850776 0.664707607037697
-0.0120892165711046 0.0278323580065284 0.408650258588992 0.217190397741494
-0.0140884986261423 0.0156706452350102 0.22764388201764 -0.0960942850365557
-0.00886851327591532 0.0215209137564402 -0.0928829179393356 -0.177982889475012
0.00266831172102954 0.00885284710655891 0.0923063400512905 0.135130452472425
-0.0162128369240106 0.0254566226676864 -0.140002124648941 0.048410766392031
-0.0133198813859329 0.00875856410547472 -0.374517236016866 -0.212498844026621
-0.0115621963496434 -0.0325723504197349 0.0217126935325331 -0.566753696063901
0.0309616790566213 -0.0504750857136655 0.725261279732191 -0.245394289229594
0.0301068666813459 0.0311163108436469 0.599741467218474 0.636481563922186
-0.0352888096734807 0.025998869477611 -0.159589016127362 0.648041628315805
-0.0433717557576353 0.00158880034390235 0.0240189379028312 0.0960238892840443
-0.00525151935500164 0.0160549177942899 0.205184366074983 -0.595402247077598
0.0248127408901196 0.00985388802682938 -0.581125385573189 -0.749718152438506
0.0178646065557565 -0.0122458762036826 -0.860353048783934 0.223362798801595
-0.0182570794514743 0.00902613339603102 -0.029231168283518 0.668295519320754
-0.0106575815372415 0.0319228848143917 0.406953588237 0.234183579713499
-0.0130895164535253 0.0180168081222741 0.23111918547531 -0.0868420901259897
-0.00835578783086683 0.0235281740777045 -0.0916624368984939 -0.176754885587956
0.0084575661434118 -0.00652528403420845 0.0516569485630328 0.156008148567594
-0.0133999838054581 -0.00413905041556922 -0.163265514772674 0.0211486212394598
-0.0147836309877845 -0.0203456036936682 -0.33269587878167 -0.27929832517353
-0.0283720009841662 -0.0317765159586088 0.134738852031052 -0.541594622309683
-0.00715991424659006 -0.0307301667894456 0.771323570071319 -0.0882919524429036
-0.0136366665912222 0.011686308512839 0.47386437121741 0.746393328486259
-0.0275566520914475 -0.0185956103433458 -0.265984724488657 0.589859143413155
-0.0102328061801074 -0.0387912105608172 0.0423533087806461 0.083485963351981
0.000845009662630906 -0.0195156193342422 0.35972216939092 -0.552377597548657
-0.0121556360537788 0.000731276013384005 -0.38496382457334 -0.851399144600117
-0.0206949972649367 -0.00496723580218507 -0.869988322841223 0.0486389562756528
-0.0432646487728108 -0.00358820640980869 -0.168113980409195 0.656518754001018
-0.0172526916004165 0.00103583595875905 0.341389056530388 0.322233507721981
-0.00328361396606994 -0.0131825181032431 0.233995537311349 -0.0329290578220612
0.000900145546861657 0.00120045828808785 -0.0656348625187688 -0.190066209086651
0.00630099092645607 -0.00516113847197605 0.0541190895645561 0.153117463652944
-0.0179508812517855 -0.00238735587417779 -0.163021914730444 0.0142138210887971
-0.0163256015602529 -0.0208842750895001 -0.325753391576397 -0.291671741548095
-0.0267875090047937 -0.0363864393645393 0.148758386110326 -0.541005755687463
-0.00319640286415139 -0.0329272991797345 0.771604048409332 -0.0648249839576147
-0.0130600763854901 0.0162586148660571 0.44723262453777 0.761779306148102
-0.0344040294871264 -0.0118843626511052 -0.283218108462901 0.581761301935836
-0.0205303498554557 -0.0338450360994401 0.0442404392936815 0.0792715719604362
-0.00686311042202575 -0.0130978573664646 0.347039606070387 -0.561336371513863
-0.012719528891677 0.00375947557916643 -0.410741778510168 -0.838580286852728
-0.0172991057985848 -0.00878788488447774 -0.86894440157597 0.0747731686791617
-0.0401258843957942 -0.00787170259112602 -0.150893117404256 0.65484311145778
-0.0160623497382282 0.000184783186626649 0.347378581598891 0.30780290778245
-0.00534053202650213 -0.0116387700667037 0.234944715965567 -0.0425566075433818
-0.00137816908985002 0.00218611408992241 -0.0640306324500709 -0.193581306627391
0.00437992130969413 -0.00357266385351652 0.0584776219426509 0.149563746664406
-0.0193477960807564 -0.000926010443135024 -0.161880291912958 0.00817735532692429
-0.0167843848304065 -0.0207118138997364 -0.32178106716065 -0.301777256555954
-0.0232708793663837 -0.0388909559664768 0.159141478961794 -0.542440405524447
0.00311655047599145 -0.0343398345963575 0.771436723338975 -0.0475428693892286
-0.01133400047336 0.0212671407908785 0.428255101893477 0.774683030101721
-0.0410653296039752 -0.00493065222846924 -0.296515166593788 0.578558176226103
-0.0295512174184269 -0.0272027219102031 0.0424791127697351 0.0776916029127462
-0.0116790036983774 -0.00582583489820991 0.334392393237234 -0.566863032443719
-0.00881381836474589 0.00753131711808377 -0.434022405521757 -0.829082734742086
-0.0122623752752125 -0.0118453131495153 -0.86796431675741 0.0928161991152937
-0.0352868512032952 -0.0113202951731947 -0.139185055575159 0.653814827859154
-0.0145443115035462 0.000393674928802264 0.353758440768776 0.29491405918523
-0.00757265808136409 -0.00882888082305947 0.236264623890088 -0.0509883608903785
-0.00417271599094925 0.00467618604130227 -0.0604486745723436 -0.197378452835833
0.0012510750453115 -0.000433511302442666 0.0601710809623401 0.148407101833319
-0.0215325921798551 0.00426099535902693 -0.159480980580844 0.00388546469832049
-0.0161370656599906 -0.0177666448624578 -0.317934435392444 -0.307521945758313
-0.0179313625105571 -0.0410967221347529 0.1650643438944 -0.542283245149214
0.0104887497747638 -0.0346836364900311 0.769015142256918 -0.0362898238305964
-0.00650588483500279 0.0258624944348699 0.413801877457864 0.780066839043544
-0.045010194657637 0.00401741111306905 -0.308487551024507 0.577921168895248
-0.038823988086882 -0.0208806327991053 0.0376301501280293 0.0779168961380439
-0.015918377457543 0.00196564264817279 0.32572615003049 -0.566542158798713
-0.00409920872859189 0.0101856754431014 -0.447287406630129 -0.820397374246236
-0.00352257979529671 -0.0146760371037142 -0.869025756248497 0.100553747192951
-0.0298879212771766 -0.0117289713651442 -0.131491369327954 0.652202788882962
-0.0145275754253174 0.00442371444406977 0.358164380345114 0.28729293898222
-0.0106352974364925 -0.00476281960354987 0.238508378038983 -0.0560115842994378
-0.00768512689973377 0.00965926681877304 -0.0576326758588435 -0.200419809131576
-0.000824819732773986 0.00209211596623809 0.0617965635131556 0.146511292451009
-0.0227663816391646 0.00768866468960657 -0.157173690454775 0.00337152670217272
-0.0142860212029024 -0.0128161378020984 -0.314286172648511 -0.309672251003367
-0.0118069056872878 -0.039708898014602 0.164581408444082 -0.544358921569959
0.0184615919190367 -0.0367601031143997 0.766365802355479 -0.0408680261862239
-0.00105791870771167 0.0300612082534492 0.409216228416547 0.783561090286203
-0.0474928985161979 0.0109528884552254 -0.314536156975196 0.578669909368797
-0.0449618266134984 -0.0150197064578094 0.0307821401673723 0.0812981838410654
-0.0172722994113091 0.00882698163934176 0.317827035700416 -0.563319440426257
0.00243766994348045 0.01432557117227 -0.449782666656201 -0.820306518264317
0.00388151593458625 -0.0141103066825188 -0.871577955242063 0.100815708461712
-0.0249458309397756 -0.00854270059563669 -0.134902637326106 0.650729498653806
-0.0145192676060336 0.0103068990186269 0.360716861283472 0.286483798028415
-0.0129808992515782 0.00118649107082255 0.241169258457012 -0.0569160461056412
-0.00924524172542456 0.0134595033316995 -0.0552058387559724 -0.201839689375308
-0.0015845401695182 0.00561861867516704 0.0637636519439385 0.146657312773754
-0.0223627965140835 0.0133492947717325 -0.153825810820912 0.00529886888108983
-0.0118500494484661 -0.00696784779681557 -0.315775712066353 -0.304164528214879
-0.00648000990619096 -0.0363826291062842 0.159446082677916 -0.544741913151028
0.0247828250605344 -0.0366493586393755 0.763043069057088 -0.0498104203983123
0.00633554816488923 0.0328655058560172 0.415023932159035 0.776750153188752
-0.0471056059525966 0.0159559406870184 -0.313957610792513 0.586182392819882
-0.0476177343341961 -0.010451759579826 0.0217719573332791 0.0838320501141434
-0.0163709787289467 0.013387263422115 0.315489338268136 -0.556465898912887
0.00964719263880272 0.0161663433304193 -0.442158358556527 -0.826016683934572
0.0111336827001563 -0.013043335449872 -0.875803894542718 0.0866472151946931
-0.0203010339112187 -0.00388596014537361 -0.140576219081133 0.649788316821065
-0.0144836787555429 0.0166065815827333 0.359483269165425 0.292809488399861
-0.0153375415647025 0.00561465402593994 0.245484084130624 -0.0536038315551356
-0.0116900582656334 0.0171925173944224 -0.0529123226282508 -0.201952400453066
-0.00226292743415756 0.00766174842448211 0.0641116163605411 0.148322577710201
-0.0218142713453366 0.0171487273669049 -0.150649837827876 0.0113538517751045
-0.0104097084583986 -0.00203713083049097 -0.31597850291809 -0.295467890629028
-0.00281169810777358 -0.0321937749750457 0.148388550835725 -0.547274292764821
0.0302771459190886 -0.0352887107920704 0.758644101137211 -0.0704729538355405
0.0137005638286476 0.0324274950742931 0.428895849087317 0.76474081503494
-0.0424609106261358 0.0192202569227853 -0.310849794579964 0.593328439458623
-0.0469994529021996 -0.00840986884432971 0.0106656356283827 0.0918527737285259
-0.0145091695892301 0.0156110134124866 0.320092374549781 -0.548020967580688
0.015446725631564 0.0179800665978411 -0.424488226451297 -0.837924427022355
0.0181995847817873 -0.0112281423026412 -0.879315019142227 0.0644086093045056
-0.0156239566897473 0.000837931129659936 -0.155805394358473 0.649080824891853
-0.0152181261182922 0.0238748803716499 0.356518808473189 0.303255417451954
-0.0162929493259249 0.0109462419570581 0.248566203927384 -0.0471261791077639
-0.0139964804279321 0.0202114111645185 -0.0508767046223278 -0.2005798600404
-0.00168199789503762 0.00905728437359179 0.0637003745761744 0.151364216862856
-0.0198209072748573 0.0192905671082838 -0.149086372621538 0.0188394324638001
-0.00871014724974485 0.00327868790947868 -0.320984110445615 -0.281394653355301
-0.000411893812859065 -0.0259150171138411 0.135350826425287 -0.549258033987391
0.0317481087148761 -0.0348574117637322 0.755921374337229 -0.0931679583244984
0.0186458385096797 0.0317292779333018 0.453215666932647 0.751840810784228
-0.0360176069793171 0.0182806133915205 -0.301152026613638 0.603349762912051
-0.0432684962474965 -0.00847416606812198 0.00229513943894549 0.0981280893582034
-0.00966386422178215 0.0159346177109952 0.33086754388379 -0.534391031760835
0.0198390169541488 0.0177151867511656 -0.396434947883931 -0.851407060127839
0.020556265551342 -0.00749553470924721 -0.884109887778372 0.0311027086446039
-0.0134547868661152 0.00649111862903917 -0.175529979638142 0.647702460816136
-0.0151247661085824 0.0280711922034276 0.351235747932964 0.31850016117514
-0.0164762385151644 0.0138717174177101 0.251162257896466 -0.0382095559897227
-0.0136256470928549 0.0219838916007759 -0.0498156040307969 -0.199386861880337
0.00888513454130224 -0.00560140750656361 0.0511501636964341 0.154789107093563
-0.0138746255358157 -0.00319383513917277 -0.163931224769035 0.0215590064256732
-0.0149258768220638 -0.0197031773033636 -0.334137320439917 -0.276463150769405
-0.0284330004897283 -0.0315214180309866 0.131044099595986 -0.539484616132638
-0.00717014316121771 -0.0300202251740481 0.767401745568301 -0.0910652372590373
-0.0130108336008257 0.0129437542233559 0.474283026391859 0.740514208496305
-0.0277407923036401 -0.0184561512930504 -0.264612953437414 0.586553027784037
-0.011471261596187 -0.0380321598489449 0.0424332855189945 0.083732890337184
0.000237703539837259 -0.019701771306915 0.353710093888499 -0.552840377204106
-0.0125231454844591 0.000353986358233978 -0.388898957505805 -0.848205373643051
-0.021016833373943 -0.00467115296488598 -0.868642718489913 0.053939363175439
-0.0420976605310492 -0.00251451330947064 -0.162671958758802 0.655167221381647
-0.0177872691002395 0.000624650929398497 0.344310916043847 0.319011664465706
-0.00380999432330309 -0.0119847101053016 0.234237639450572 -0.0349495852943294
0.000362186130197783 0.000822325821945268 -0.0675368149009527 -0.188865944250826
0.00625386515697649 -0.0052181947053542 0.0546232170703934 0.152850613164308
-0.0170460054238388 -0.00249202407498975 -0.162959063773013 0.0146857593263553
-0.0170421427972197 -0.0208121469727168 -0.327494176481555 -0.287646263838376
-0.0261891843616851 -0.0356100587648941 0.144203250463229 -0.539403830530391
-0.00390673358998052 -0.0327087034337386 0.768824824940684 -0.0675125647711972
-0.0137047015393781 0.0163607235263071 0.451193198170194 0.755935533175423
-0.0348837807770877 -0.011689585225713 -0.279496329510467 0.579478103000659
-0.0207622320809652 -0.0330168464993325 0.0440921676492711 0.0798494765877335
-0.00654685895963768 -0.013597366584881 0.341783274894992 -0.559775704125373
-0.0122945269430175 0.0035001840640468 -0.416595861553071 -0.833794010617615
-0.0168395959066118 -0.00861492354973415 -0.865991508183785 0.0786112513738551
-0.0403478223508466 -0.00716155195357559 -0.146185071954807 0.653693866465336
-0.0167206791757658 -0.00105475824781261 0.34943521956301 0.303867740885601
-0.0056782569608465 -0.0124959106162205 0.233791448948739 -0.0445707933210774
-0.00174311560502144 0.00229180650206277 -0.0643522002961321 -0.19275362107475
0.00302479943360946 -0.00313524296338362 0.0580158700204488 0.150254625878931
-0.0198902265175658 0.000460217537090863 -0.161907743568706 0.00820516716561594
-0.017537884914471 -0.0201734510217288 -0.321417165278529 -0.29911027414513
-0.0235030031332745 -0.0391761084560338 0.155653929815411 -0.540032190952592
0.00274479424814204 -0.0339812500659055 0.769421685308425 -0.0497593238795596
-0.0109465714194392 0.0217372447558496 0.430686042868803 0.769239425921753
-0.0413932611120226 -0.0043084695037732 -0.293753121219012 0.57659460789607
-0.0305780358427734 -0.0269551685279887 0.0432121380120619 0.0770811907122054
-0.0125072256675243 -0.00553325579665709 0.330449791599111 -0.566424097644602
-0.009109629542918 0.00700684235157809 -0.437140625397492 -0.823413044755749
-0.0114512708034609 -0.011865994759445 -0.866964238032967 0.0961713319590366
-0.034950611874275 -0.0108154878079594 -0.134231942960879 0.65453237038489
-0.014486931974152 0.000254801763490849 0.354408511014094 0.291158685310635
-0.00814279896875536 -0.00817717388554488 0.235069715205196 -0.0527685208686754
-0.00428672156769007 0.00544288387281231 -0.0623300046595731 -0.196987666151539
0.00108021948528388 -0.000722752698270909 0.0611926333874716 0.147325119064391
-0.021531978681996 0.00446942430607399 -0.159433769321274 0.00389606271697167
-0.0165794130574531 -0.0166605528792512 -0.318638460918202 -0.303967454548046
-0.0185931446859369 -0.039343454961556 0.160465298118657 -0.540424157778634
0.0104000084527152 -0.035440831663641 0.766039761303158 -0.0428383843923169
-0.00693561713201931 0.026375379285003 0.417222903935761 0.776861777168907
-0.0457271724140427 0.00391500297020272 -0.303801002593764 0.577329541499897
-0.0398889669619024 -0.0204895091508889 0.0381139020472824 0.0767104881919383
-0.0153757740776772 0.00200956372457345 0.319300776137845 -0.565821188514374
-0.00397814492679858 0.010091659739596 -0.451467451075362 -0.816063831893699
-0.00318935539747572 -0.0139461177349473 -0.864880868609902 0.106078320217392
-0.0308877439230361 -0.010301472050916 -0.128017857800116 0.652172558878779
-0.0149256379360813 0.00524906208503048 0.358845917766977 0.284424292500648
-0.010796440129923 -0.00448395084549027 0.238198549473704 -0.0576486914859631
-0.00662966628932714 0.0100051696129983 -0.0584363901346742 -0.199474593625071
-0.00083596096565749 0.00203064315998302 0.0639416101728359 0.145767351829654
-0.0220623426825358 0.00908063458595779 -0.156959352995314 0.00330339239294768
-0.0142168651910768 -0.0125577069517955 -0.316946106348648 -0.304988279969625
-0.0129025437558306 -0.0395129945242409 0.160011816924254 -0.543430572650194
0.0174101689007338 -0.0366487666545559 0.762987611236567 -0.0420105564863038
-0.000396807858742755 0.0301764571462087 0.411308084818856 0.777304595171827
-0.0481439347603607 0.0111182697067575 -0.309242610898455 0.578335470476282
-0.0456619990927237 -0.0145971781685813 0.030425431556678 0.0802488230532712
-0.01758718825934 0.0085218242343024 0.313053439645476 -0.564581668685962
0.0020413685113769 0.0131427054914047 -0.453848558520674 -0.814837734193071
0.00406581276296106 -0.0147684004203038 -0.869773708579046 0.105330105154655
-0.0244258235694491 -0.00848910490637405 -0.129353393177502 0.651684541298087
-0.0149911948913252 0.0107601171172774 0.361845299017888 0.282641575618912
-0.0134699409049563 0.000834537460123942 0.241891397858236 -0.058148911997746
-0.0089528926390916 0.0142427863688925 -0.0558413968822347 -0.199747738795564
-0.0023071040106708 0.00507136355319846 0.065472460900072 0.145954781681934
-0.0218423819997535 0.0131455039925287 -0.154606028204158 0.00639644955000621
-0.0126597882217409 -0.00735522032214651 -0.317663962321253 -0.300332338422567
-0.00738720259835911 -0.0360621664526571 0.154793331523996 -0.544255535836296
0.0253366693615407 -0.036498083794679 0.760205694605024 -0.0547938661324697
0.00664617736596276 0.0329368399026719 0.418165523616683 0.772521776500761
-0.0465479252229984 0.0168013069990628 -0.310634293440633 0.586065519256779
-0.047588293664512 -0.0095469463911982 0.0205792607055562 0.0848726463340076
-0.0166296509996889 0.0130925802652345 0.312094636279103 -0.556210497901713
0.0100569385124886 0.0163418435119796 -0.446525507511359 -0.82114876183951
0.0117600073369157 -0.0139661594912419 -0.872535922986421 0.0915332667082878
-0.019962669796082 -0.00373268236106257 -0.135944782923991 0.648800589479134
-0.0150185592367804 0.0174586753547565 0.362098211849432 0.289694744759343
-0.0159956468369161 0.00716325189576164 0.244824368101912 -0.0557965998471775
-0.0119619221159597 0.0178693945403701 -0.0531977439875374 -0.20042760520756
-0.00229466881864727 0.00856160279276571 0.0660609954536864 0.147816976296523
-0.0209559928331036 0.0177989659448687 -0.152069042541019 0.0114130937399446
-0.0103800062315635 -0.00167467487105276 -0.318081120940753 -0.29274049585932
-0.0030287617735488 -0.0312607339644544 0.144257846400395 -0.545983342541032
0.0298475492773383 -0.0367458483406008 0.755044097544226 -0.0730468076146319
0.0137454428231012 0.0325615968487698 0.433031611486107 0.761583273223703
-0.043313803802564 0.019590097774406 -0.306194169074151 0.593831897469488
-0.0481767165962183 -0.00805422219030227 0.0115967036099445 0.091616465843637
-0.0142798405109604 0.0164541676623212 0.314868794851929 -0.547697225502725
0.0158875061985393 0.0180511873575583 -0.427073182491408 -0.833530601878815
0.017529868131355 -0.0104256378148294 -0.876233696223901 0.0695135172100288
-0.0158221781281447 0.00127670234548236 -0.152598915890514 0.648309897637996
-0.0142359858116843 0.0236853855978694 0.359909239432409 0.298456464163117
-0.0164592981806574 0.0110592013152534 0.247492779851497 -0.049655950359215
-0.013622513972816 0.0209749057302838 -0.0526474972897976 -0.199795912807687
-0.00217400568159754 0.0102252147542228 0.0639598496324836 0.149555060709201
-0.0186846478849918 0.0206682111690295 -0.14873267125316 0.0194322019266934
-0.00871314856544328 0.00356301425721341 -0.322858784602541 -0.278986219092014
-0.000560033632035276 -0.0254829541909421 0.132583535971094 -0.545825522537786
0.0313080609751342 -0.0351936378303708 0.753219414509601 -0.0991664563317576
0.0191736266107097 0.0314433216361074 0.454502771318629 0.744761646186331
-0.0360809817127191 0.0188176875595302 -0.296803336718119 0.602763096106802
-0.0430803643971602 -0.00726807982441248 0.00189406088906063 0.0982005813835174
-0.0098842590674959 0.0150090346361027 0.325402826968512 -0.534532667075874
0.0197825553374721 0.0172162160185987 -0.401099338381846 -0.845155800737536
0.0208355956330383 -0.00832507495314969 -0.882609936474261 0.0379908897210618
-0.0137166504992732 0.00638686480984763 -0.172414530389306 0.647545550258
-0.0146417735724874 0.0281193644306766 0.353648941894571 0.315764861048497
-0.0160407027967244 0.0146541193054272 0.250584557008848 -0.0400158575824489
-0.013244647704065 0.0237068870479769 -0.0519356025115507 -0.198037789937691
0.00922212628011397 -0.00619235094563237 0.0526131159775821 0.154476453943343
-0.0133612515466102 -0.0035180715741838 -0.164720636708505 0.02149899134131
-0.0149619911787366 -0.019281102949839 -0.334790316405866 -0.272156134799828
-0.028698137014806 -0.0307346647568753 0.126726124474054 -0.537224721174707
-0.00782099979650462 -0.0304571090120158 0.764047365054319 -0.0964363958767042
-0.0133799291948339 0.0133428808310821 0.477194964957579 0.733715519728849
-0.0283271712412501 -0.0176046068668806 -0.260120940255926 0.585877846267597
-0.0119804263879656 -0.0379397840404814 0.0421986622553413 0.0827552678560973
-0.000138737188441986 -0.0198305284151201 0.35078077428299 -0.552358169407642
-0.0118578893231901 1.33444028951879E-08 -0.393931847870941 -0.842916937587552
-0.0205971791216516 -0.00418980084168229 -0.863801628594696 0.0582953631134255
-0.0431717236546252 -0.00186489415600601 -0.158377715415154 0.653760025020914
-0.0172300127052046 0.00125870588253058 0.343581668540053 0.314831801153871
-0.00515489358950268 -0.0126016036088448 0.233952831941058 -0.0363332081635758
0.000227367176816564 0.00220678429947407 -0.0675216810702937 -0.187795980454279
0.00588427863202176 -0.00488579694900498 0.0551876251582584 0.151775502719738
-0.0169877555078933 -0.00196283455476898 -0.163583271601691 0.0155895836432697
-0.016371441064864 -0.0197731919718807 -0.330434472439957 -0.284250848561576
-0.0277311140739032 -0.0349667871492486 0.13923974584064 -0.539492553895089
-0.00279339906196376 -0.0323791057308165 0.764094591427959 -0.0719678273918953
-0.0128919876309347 0.0171817839042908 0.451696598233059 0.751064098827397
-0.0353711931465241 -0.0110240384688846 -0.274042373600191 0.580192976863381
-0.0223582250593474 -0.0333371453905471 0.045000779508072 0.078779848315669
-0.00715093592108772 -0.0137639808644547 0.339018867953169 -0.560511496474501
-0.0126341717510296 0.00398294991930291 -0.419865680397246 -0.82885760116515
-0.0164826685984109 -0.00802108055326485 -0.863805365258539 0.0844311187703339
-0.0405948717618405 -0.00709588105681642 -0.142293850015697 0.652974008613991
-0.0158272718376342 -0.000646519184739576 0.34976488370909 0.300771639923614
-0.00626746209691256 -0.0110946131557169 0.233868951773018 -0.0463259026762396
-0.00135703259110411 0.00307224657507555 -0.0652224474915295 -0.192167653235155
0.00339041932244632 -0.00310006942433266 0.0594387864389819 0.148631477017563
-0.0201256126221704 0.000922865963481853 -0.162313973944796 0.00926644674666506
-0.0174229826796922 -0.0199114506689636 -0.324171139249419 -0.295318015043609
-0.0239620213859823 -0.0377978950661184 0.151437729335469 -0.538457779457059
0.00272885495922719 -0.033427444207544 0.764950564849613 -0.0561734147802655
-0.01029658596988 0.0216787617189681 0.432815099575813 0.763723156977065
-0.0410618015430494 -0.00447264077033713 -0.28806779230326 0.574374220528027
-0.0309340006519754 -0.0264935163942128 0.0431291189669401 0.075313609882738
-0.0132935165942958 -0.00656572333686423 0.325158767465603 -0.565352902760307
-0.00827883383711858 0.00675375465562564 -0.441902303728344 -0.818375335258943
-0.011552649446044 -0.0115023203479056 -0.865113467190017 0.101880798476825
-0.0358362106746588 -0.0105008262828612 -0.130231589176954 0.651965735602361
-0.0151119696456037 0.000417725831413751 0.35538800172541 0.287847001333281
-0.00877387101413678 -0.00811552325433916 0.235563151185102 -0.0544685119545868
-0.00320209789324136 0.00585814931985418 -0.0626389863336028 -0.195916108181673
0.0011113656929463 -0.000699646317880514 0.0623657275588808 0.146380838392465
-0.0210445259327593 0.00485756722136034 -0.160501143203012 0.00603439113541347
-0.0161931521437498 -0.0161908533773566 -0.320353228467569 -0.300247078246419
-0.0185319120246093 -0.0394529402542081 0.155945564792649 -0.540994585505193
0.0105685003714964 -0.0352369116710949 0.764061572558345 -0.0465787653948272
-0.00597682239765673 0.0269176236468175 0.418517361324963 0.770066365573429
-0.0456226000095037 0.0046432574143273 -0.300190863656186 0.576818404428668
-0.0400932851955094 -0.0209163483308949 0.0373081540863312 0.0765215602974012
-0.0164945746708563 0.00141321902243546 0.3153109132556 -0.566843119440935
-0.00326688534003248 0.00955322067329879 -0.455468087778599 -0.810599818238534
-0.00427858774654426 -0.0135226902238869 -0.862667405258194 0.111355615218241
-0.0299700439290017 -0.00996853942637624 -0.123516202610533 0.649383709160561
-0.0139318917578013 0.00379411792502838 0.36014898749636 0.281497089198288
-0.0117242456078377 -0.00342839611748013 0.237869016318577 -0.0590036782707121
-0.00607407783087103 0.0102645332443927 -0.0597503649157849 -0.197749387858116
-0.000489395631543136 0.00306832274741153 0.0634712067964682 0.145025075040917
-0.0218251790474329 0.00922779954726737 -0.156799003127388 0.0043595329502919
-0.0148357839636418 -0.0124588288630968 -0.317946497401963 -0.30152215271926
-0.013175695145807 -0.0382144546711109 0.156779306373744 -0.542533093379555
0.0177278307688232 -0.0363284968256921 0.759778830152148 -0.0476840643956424
-0.000125313825367873 0.0303359586188281 0.415320962233867 0.773009477429233
-0.0475786975245042 0.0116506458658009 -0.305928317154703 0.57893826442041
-0.0465416007001854 -0.0139657105509128 0.0300485200967503 0.0789420372120719
-0.0179751129303748 0.00813906675938408 0.308908028374149 -0.563646024141506
0.00300819687943112 0.0130956726742994 -0.459183407875494 -0.811607519235595
0.00470100272245584 -0.0148256462587513 -0.866820541234615 0.109593764195365
-0.0247484077654776 -0.007546857070887 -0.124974132552817 0.649532372288282
-0.0144048991212902 0.0105367516230524 0.36390273181676 0.279475460976139
-0.0139185272901365 0.00226754604010876 0.241934168768325 -0.0598817488998993
-0.00900739244218113 0.0144781144781313 -0.0570545559693377 -0.199801430195035
-0.00226811956011926 0.0057884253167775 0.0658622856224059 0.145069398653303
-0.021951180077076 0.0144018950982292 -0.154487757524115 0.00697391790570543
-0.0127414302221266 -0.00658874365703508 -0.318583570541864 -0.298121828949176
-0.00738344623897978 -0.0358586120323105 0.150594566629081 -0.542730624158054
0.0239293784107347 -0.0370837249160828 0.756759173802903 -0.0597245448472712
0.00734045908197008 0.032291819204914 0.419078443218335 0.767039001516424
-0.0465545976786146 0.0166108670287175 -0.306669827550174 0.584195379968272
-0.0493219076340172 -0.00959858089319004 0.0211649322522065 0.0849928881360905
-0.0174952697518437 0.0129517611724544 0.307168373628032 -0.556357198865336
0.00973470981099382 0.015639293074647 -0.45105332594582 -0.816534043795605
0.0115828614401167 -0.0127106217748986 -0.870532939270677 0.0960618722775338
-0.0199973206091712 -0.00413065681469905 -0.131780137104629 0.647408027033695
-0.014517956875022 0.0167765753839519 0.363855110417053 0.284791861958466
-0.0154751124608949 0.00779197473303322 0.244249640244395 -0.0579985968194133
-0.0112669567738871 0.0185210732971744 -0.0552647007275271 -0.200078561949033
-0.00262358943072422 0.00717976325145526 0.0662675864987817 0.147236211577107
-0.0206847075385327 0.0182713338951932 -0.152502832532812 0.0113205240173061
-0.0105820895712209 -0.00107089142050388 -0.318060280799109 -0.289430958103418
-0.0028629470428623 -0.0315658569956657 0.140766585254146 -0.54480748704013
0.029276607898871 -0.0370521435240273 0.751112250450749 -0.0783511967216919
0.0147335057451794 0.033490438201278 0.435878416634067 0.754798638409688
-0.0430207163396472 0.0202408265277116 -0.302750820741121 0.592750873908996
-0.0481655468952408 -0.0069264185437217 0.0112214807248291 0.0910345994306533
-0.0142001398964058 0.0153634259813046 0.310849371568887 -0.546744564232711
0.0157659478826126 0.0176947016123583 -0.431963440481766 -0.828879935337485
0.0177153553634106 -0.0104708078681907 -0.874863376329489 0.072671659182403
-0.0161683389355134 0.00247000699898257 -0.146184169367524 0.64719063784943
-0.0141280637358071 0.023223913373071 0.359480948876656 0.295201800036623
-0.0171747402513999 0.0118323543284884 0.247264683404943 -0.0508232064679818
-0.013068589862229 0.0213427041998634 -0.0532110646408538 -0.198328967484954
-0.00221740463650144 0.00941348643324155 0.0654539315128958 0.149834160683692
-0.0184628345963148 0.0206718893872844 -0.148814457145407 0.0205098694263662
-0.00878922242121312 0.00475646870164695 -0.323393718512018 -0.275768730992451
-0.00185947935546273 -0.025483871846783 0.127589355927321 -0.546773689207795
0.0312924305020767 -0.0354462265209181 0.749276691853177 -0.103154430376154
0.0202150674227536 0.0312045687549591 0.457923440162165 0.739533058772079
-0.0369136404944304 0.0201311124451971 -0.292956942623973 0.601023153514648
-0.0431627434275297 -0.00730472526383745 0.00296450513689988 0.0968146859157042
-0.00975908541651372 0.0149447714357663 0.320199540162378 -0.534734099597407
0.0195867421934879 0.0168985451288412 -0.404714241922495 -0.841112616853409
0.0203200964175048 -0.0075029758960367 -0.87864547720076 0.04395422102575
-0.0140235931743727 0.00753025975393818 -0.16669183252916 0.646500265698403
-0.0137743700811069 0.0275255991096571 0.354313009544384 0.312074099323892
-0.0171547382779351 0.0146572565234059 0.250204244370061 -0.0409085907125494
-0.0118399846628649 0.0235099501698459 -0.0529661353713155 -0.197703462905919
0.00840400340665062 -0.00590114467571977 0.0539573324287257 0.15324932557634
-0.0132873489130948 -0.00204249345833541 -0.163470646775088 0.02322581175139
-0.0152850303317821 -0.0187291760542724 -0.335748849214961 -0.268416912765128
-0.0296762856353347 -0.0297470827726693 0.122910512274684 -0.536319988873937
-0.00832847118200715 -0.030318547976765 0.760599641574104 -0.0994468470230537
-0.0123322569839898 0.0131583986362611 0.47857879432479 0.728236057234491
-0.0291646369782157 -0.0169866279134934 -0.257073053217199 0.584975037560191
-0.0121807269573438 -0.0374483882349663 0.042661666258317 0.0821430795990024
-0.00103191222479541 -0.0206485882460347 0.345693858180006 -0.552475762531097
-0.0131719428949963 0.000904979100343793 -0.397790094080218 -0.838567185784421
-0.0195210976527141 -0.00375027253404701 -0.861493310741896 0.0617884584403571
-0.0427865798654041 -0.000925552034313385 -0.153105795014373 0.653082112202035
-0.0180242256884008 0.00144343324527823 0.346759009778439 0.311724152124234
-0.00511374050667859 -0.0117073835045018 0.23341942971108 -0.0373296959135527
0.00105197291304115 0.00185422457529659 -0.0690237782754431 -0.186893047721582
0.00613104448522052 -0.00501241000762878 0.0570697780896368 0.1505539866381
-0.0167358593920716 -0.00110652196683816 -0.164555900339556 0.0168149819407085
-0.016655122679869 -0.0205465329408175 -0.33207262470244 -0.282340364151253
-0.0280704086879114 -0.034122129627652 0.136722835390335 -0.537803498356336
-0.00310411080030916 -0.0325939625603524 0.760582178100322 -0.0757747209677983
-0.0120657793959682 0.0175014928928288 0.455029869765544 0.745213251315118
-0.0352380911467951 -0.0102101383677029 -0.27144969212757 0.577841121266509
-0.0220672557861674 -0.0328195688384464 0.0449247709656149 0.0787992227389657
-0.0080575336539171 -0.013988493140657 0.332310534008412 -0.559959534582562
-0.0121406725032115 0.00452815940466136 -0.422279308897588 -0.822032518759755
-0.0180041709291909 -0.00767323621484951 -0.859771155998525 0.0870192918527798
-0.0402891673657594 -0.00622662453550311 -0.136677986991708 0.653777188897378
-0.0158314528355102 -0.000538614591705486 0.350615523706459 0.29715695334508
-0.00664068110829155 -0.0103536794424597 0.233063189699897 -0.0483142697791881
-0.000722948519657958 0.00417108594531086 -0.0666254354145282 -0.190675984461982
0.00357096685439307 -0.0021049592464231 0.0614900645762364 0.14757459767218
-0.019281801840663 0.00151509665316916 -0.163113403312177 0.00995937389987301
-0.0170827248359977 -0.0187407983024945 -0.326222351651626 -0.292377968926814
-0.0245111620254716 -0.037629495644332 0.147266880028075 -0.538685667728734
0.0023759166898945 -0.0344900538177726 0.761052795922999 -0.0598117470359055
-0.010217721632104 0.0215432926406773 0.434951449118954 0.757524655971564
-0.0416058030137587 -0.00233041687544777 -0.28566780702026 0.575260675325953
-0.0316197617767677 -0.0258064256732676 0.0434585692777771 0.0753198958729975
-0.0128730841699933 -0.0064652043876729 0.320177871402071 -0.565029482288575
-0.00823849496777747 0.006980281054033 -0.443938418281138 -0.812153181491528
-0.0107470859470223 -0.0108708995709032 -0.858850758371904 0.107642082995243
-0.0354473173258148 -0.00945788327950921 -0.125747354235444 0.650515490551988
-0.0151206543573037 0.000826299134405691 0.356614367379514 0.284282823515984
-0.0101469951475411 -0.0078755843846324 0.234773816556095 -0.0552267002962032
-0.00306435291393902 0.00667074475708302 -0.0635644224100245 -0.193658937256603
0.000630797312758658 0.000394897237190619 0.0631103442865491 0.145171426312518
-0.0213345891170083 0.0054415417454334 -0.159572320647427 0.00563080481990982
-0.0167763419430983 -0.015852781563716 -0.321028322779513 -0.298376732138342
-0.019185382446359 -0.0388851160392453 0.152017018269688 -0.538381663274083
0.0103889614710968 -0.0349189294928321 0.758536954351973 -0.0502717490730528
-0.0055464794722185 0.026415035869197 0.421412306007128 0.763576924558699
-0.0455480640270217 0.00523701223400891 -0.295618942320764 0.574226320804758
-0.040417293111254 -0.0196047582025289 0.038090777693758 0.0759555783325145
-0.0166827361866803 0.000901273073364066 0.310929757084244 -0.564988494513534
-0.00401415505393092 0.00988170056811239 -0.458507566865347 -0.806069713048104
-0.00310052345796051 -0.0137871218496209 -0.85902729391483 0.115874194544719
-0.0298899690812252 -0.00969645093423248 -0.119101097904515 0.649758514175806
-0.0149392231201857 0.0039284314548656 0.361016769384162 0.278583393165799
-0.0111669410593639 -0.00332220980450588 0.237230312748486 -0.0612262878333434
-0.00592314173507699 0.0100939821791177 -0.0613703304776098 -0.197207701934228
-0.000867039711142227 0.00288995275708028 0.0654050824705629 0.14399959749594
-0.0217198670064084 0.00997140150882435 -0.157203923181429 0.00472681728880601
-0.0152803447224685 -0.0116324184145034 -0.31791512433529 -0.298467006078739
-0.0137354195621104 -0.0376606006892152 0.152162255023658 -0.539584727946399
0.0167490759130854 -0.0364412804573388 0.754929007182957 -0.0515243725089431
0.000506394966706632 0.0306065201858569 0.416871198289565 0.765563820243645
-0.0481004795602929 0.0125544765205133 -0.302371082399018 0.57655847876566
-0.04629377326267 -0.0137890342180031 0.0307890183043836 0.0794239348892799
-0.0175774427958511 0.00775489168785729 0.303589309141662 -0.562733607841825
0.00379664731672443 0.0122964061450082 -0.461047638921353 -0.804962649495646
0.00414119809686174 -0.0134407955270371 -0.862461695895891 0.113171858531592
-0.0244665697905016 -0.00745008480001254 -0.120726977969021 0.647111711595955
-0.014902561472385 0.0096646889942536 0.363718445410755 0.274905879776986
-0.0150010996964636 0.00287867289275393 0.240540952840884 -0.0618952839789212
-0.0100624669378349 0.014303783853647 -0.0580509975061729 -0.198509896469562
-0.00230507652290041 0.00592090957200663 0.0672400176764726 0.144571564351537
-0.0219525041275404 0.0143697923526652 -0.154688188875346 0.00708720991941579
-0.0122715780701621 -0.00693188306092592 -0.321440242447268 -0.294203026227336
-0.00743276904186584 -0.0347410615126432 0.146707055524249 -0.540169771805805
0.0244186471539441 -0.0367274392760843 0.751490915372757 -0.0625475039768796
0.00773799953867212 0.0332811773883474 0.420241331034247 0.76143030143803
-0.0464165970648739 0.0171289239262088 -0.303172771485361 0.583868690134806
-0.0493531635181484 -0.00930258217151926 0.0215428919627578 0.0841638450815621
-0.0176251775687004 0.0122685998276169 0.302849756439698 -0.555827123481744
0.00983757914672909 0.0145707269786821 -0.454680773957179 -0.810914017156616
0.0112520526002708 -0.0128897617849417 -0.866891834348201 0.100896779414125
-0.0190277081215227 -0.00298200239707092 -0.12859186282447 0.644635645313174
-0.0143276174783032 0.0171484923599811 0.363827462645316 0.282131876818362
-0.0165801638973076 0.00806359778451862 0.2436219147568 -0.0594350932089705
-0.0101501899425707 0.019062831215611 -0.057156824620243 -0.199089412068712
-0.00268511746573568 0.00867488379130059 0.0676331526827553 0.145152678220096
-0.0204804744789004 0.0185645208433011 -0.152309771037991 0.0124140881756176
-0.0106210350909128 -0.00129488445599527 -0.321730587960784 -0.284912777135896
-0.00402523130887507 -0.0304435446414559 0.137356232376067 -0.542892890304835
0.0297404593422159 -0.0373239087954909 0.748708200408693 -0.0819886124404289
0.0144982773564499 0.0329112983078821 0.436797382935172 0.749409356689627
-0.0434711929106453 0.0205201445956049 -0.298753427189766 0.591342070567119
-0.0493054605188725 -0.00658666461641134 0.011594885864045 0.0898602960087393
-0.0142453056744571 0.0155441806021415 0.306298319218209 -0.547413924560468
0.0162205104251957 0.0175072625725783 -0.434420838999106 -0.822709639599301
0.0173744955050122 -0.0108015781535774 -0.871605134663224 0.0771585824722502
-0.0158652483328684 0.00156747851210589 -0.142394522207045 0.6448313257141
-0.0137196968781877 0.0236093047880733 0.360508296587901 0.292646707525222
-0.0181084583867278 0.0121566529736984 0.247014635727216 -0.0513849121809682
-0.0120332903391803 0.0222847991349545 -0.055248487604246 -0.197988953220204
-0.00211083831827333 0.00963144734944791 0.0665455055588497 0.148566981892639
-0.0185337577106987 0.0205377488420268 -0.149928990109173 0.0197790156835735
-0.00915234041740225 0.00440277811351365 -0.324891958110599 -0.272255986073143
-0.0015092401993218 -0.0251217926830855 0.123602613518422 -0.544505762683603
0.0311131917105887 -0.0358837347313724 0.745509148011519 -0.107330299845179
0.0202445671214954 0.0315226915435086 0.460769707151322 0.732853699972455
-0.0371747715118522 0.019625006276358 -0.288200698320239 0.599346151341301
-0.0442779618524363 -0.00749479318301697 0.00252958664214694 0.0978921845562555
-0.0100674457258481 0.0149277129106946 0.31573595915289 -0.533671615526539
0.0197129511667633 0.01700519720805 -0.407578097635586 -0.836213588384196
0.0214700906324132 -0.00769244914995789 -0.875205702694133 0.047623583396352
-0.0132708299256754 0.00748635883945486 -0.161758940952821 0.643795881090874
-0.0135360317836135 0.0288299345304412 0.355546505336891 0.30920863111022
-0.0172555371045344 0.0163215711647667 0.249741179572242 -0.0434256816212373
-0.0117048930951507 0.0233562572330058 -0.0544032079318893 -0.195569859942984
0.00849663645031278 -0.00490472395924181 0.0548648508541618 0.152806090869109
-0.0127632711595698 -0.00170195416604035 -0.164302885096368 0.0233494310121739
-0.0155723264795285 -0.0181177300284531 -0.33620792688445 -0.264394326448881
-0.0302788246296934 -0.0296966173777526 0.118619838081337 -0.534365302697876
-0.00765888984640265 -0.0297298943065758 0.756473892875645 -0.102486501445296
-0.0117577880925275 0.0135910574238618 0.47973285695435 0.722634951017784
-0.0299668933155297 -0.0169219880218004 -0.252940072830637 0.582929539602175
-0.0132571644706664 -0.0366798847379289 0.0426424116694173 0.0809578580448825
-0.00164868403992892 -0.0207064310781002 0.341931870562392 -0.552171733142655
-0.0125531382584442 0.00138667881429197 -0.399105592248087 -0.833101791106903
-0.0195516442450144 -0.00424988716263281 -0.858306340747882 0.069543585009749
-0.0424955097527972 -0.00211671736424181 -0.14957096991173 0.651436644449336
-0.0171512517527259 0.00148057431444922 0.346915009896856 0.308696585453166
-0.00550050187002756 -0.0105224850346725 0.233298060921924 -0.0401452974273658
0.000980215575138001 0.00330571009068001 -0.0699366404854491 -0.185722610524088
0.0060694569544558 -0.00461205181953267 0.0574008522096726 0.149505872037597
-0.0159244783310324 -0.00159966450337555 -0.16393192554105 0.0163057457999738
-0.0168014169399883 -0.0193381330554191 -0.332903643847938 -0.276629057485864
-0.0280581470527971 -0.032965072632971 0.132051064431241 -0.53334138064833
-0.00398967462243612 -0.0317719229457522 0.757134997322842 -0.0802612265632095
-0.0122193903561861 0.0172983413434008 0.455075320119916 0.737124341471041
-0.0352571738016714 -0.0108669797274877 -0.26833072193121 0.575937529720668
-0.0229848031104355 -0.0319421186043471 0.0447242286035939 0.0770049821586089
-0.00825510600894138 -0.0146285962417007 0.328757809039686 -0.558658791436082
-0.0114755091524873 0.00313180657285691 -0.424940669767419 -0.817593917712478
-0.0164260550677149 -0.00755425134545823 -0.855695903632088 0.0931672435335035
-0.0395337748907459 -0.00653284925844529 -0.131648801819139 0.650238632464629
-0.0167805702947265 -0.000716106420763668 0.351895733826877 0.29342286385842
-0.00780683657519326 -0.0110284844570598 0.232869167333866 -0.0495216567378027
0.000502363345733991 0.00462307463340768 -0.0678076943944476 -0.188982455246314
0.00386909589118302 -0.00215518713835338 0.0612539142220407 0.14602512851515
-0.0183332349344896 0.00173793546459149 -0.16235541693629 0.0111197211086869
-0.0171230495982077 -0.0180583698120548 -0.326905829960953 -0.286996834058914
-0.0257062373354763 -0.036497852869764 0.141764445242451 -0.535949533539854
0.00169964350167618 -0.0332155055824974 0.755966473496094 -0.0639993639413293
-0.0091418185670196 0.0221353789796194 0.437142557685873 0.751483569007287
-0.0407457119912606 -0.0028564036852943 -0.280347060106724 0.573377283261534
-0.0332548066930064 -0.0252767561475586 0.0438293234631842 0.0757787020928406
-0.0136383335095103 -0.00664897625663185 0.314813121205863 -0.561902366035007
-0.00927085328400505 0.00695469022175228 -0.446303801217138 -0.805884412920037
-0.0104990764491343 -0.0108897021132552 -0.855649560240542 0.110867234794179
-0.0359601363754011 -0.00865336902191217 -0.120878809373573 0.648343058457085
-0.0147065918843488 2.13309909287175E-05 0.356666976544905 0.280481913523249
-0.00996456485999052 -0.00728382875895796 0.234125955971956 -0.0571436542480529
-0.00266651358160269 0.00745409820067341 -0.0648175862626694 -0.193003127148409
0.00107157891966345 0.000236690822656818 0.0638966624458246 0.143769491509439
-0.0203984437123609 0.00521602548143561 -0.160807697570437 0.00718191168734665
-0.0170215774205153 -0.0153351240395304 -0.321908070332202 -0.293316992732171
-0.0198146976026915 -0.0377380187900258 0.147151751819602 -0.535142003040769
0.0095864174751096 -0.0354467962307429 0.756125002722757 -0.0550458031586679
-0.00489355512741863 0.0275372126078146 0.422834142886883 0.756530623141225
-0.0456594523837464 0.00636084151928394 -0.291939979819181 0.572660662348037
-0.041655958797394 -0.019412670413751 0.0388233004498918 0.0750769168763407
-0.0170881660477766 0.000454312536018502 0.306693213225045 -0.564502888620985
-0.00358723524735718 0.0101133877918415 -0.458737624273377 -0.798580444843934
-0.0040037025751226 -0.0131278162273749 -0.85558625625004 0.118579623568496
-0.0301881105896427 -0.0094678391311208 -0.114987141256979 0.646218437246431
-0.0147613186007999 0.00438406019521399 0.361319077159859 0.272906513285471
-0.0120324740477266 -0.00301636879883239 0.236430434892382 -0.0631106985040596
-0.00562275624850228 0.0118221685687123 -0.062226457052568 -0.19539436051497
-0.000375402798367466 0.00375814394721565 0.0662857915734556 0.143064554068695
-0.021496099178027 0.010411777815285 -0.158150797443448 0.006374105630141
-0.0139791496833789 -0.0115851996474508 -0.321037109172786 -0.295346281093949
-0.0138930824812487 -0.0379122669771517 0.147972094317555 -0.537549964871267
0.0158746663408652 -0.0366084271562087 0.752181186723636 -0.0547384031140402
0.000630583205380689 0.031346913733648 0.418271549050979 0.760852727254772
-0.0473680516366211 0.012904367803083 -0.297518133604418 0.574688035928741
-0.0475711657373467 -0.0127741758549612 0.0299067480306866 0.0781286618031978
-0.0186575438273898 0.007299546915961 0.300354078385797 -0.561349090044372
0.00390759327833994 0.0119628766486829 -0.463212649651867 -0.799501521432209
0.00514665892604528 -0.0140687248233501 -0.860382264920417 0.117755664473681
-0.0248106123385681 -0.00721268645257528 -0.115771851039993 0.644130738265418
-0.0151485823710294 0.0106575924778156 0.36406936884869 0.272424805429177
-0.0147382620374005 0.00327419425540855 0.239018145753658 -0.0633934280062431
-0.00845090582516879 0.01478201707041 -0.0594692726439408 -0.197181650757282
-0.0026901279950866 0.00614677371346073 0.06722484894716 0.143234990382165
-0.0213341584410763 0.0149720940806526 -0.15543864430491 0.0080277947870676
-0.0127317426294107 -0.00513721315678503 -0.320181436646676 -0.29037338465992
-0.00756220706184678 -0.0348065278275967 0.142286498758905 -0.538406407104476
0.0237214968579931 -0.0367305524512143 0.746980237399813 -0.0679569920490656
0.00847089254860557 0.0330789547776634 0.42300615793584 0.754572225331771
-0.0468617965193792 0.0189885222995251 -0.299798770043431 0.581361518872881
-0.0497936385437044 -0.00813695504035806 0.0209625704494032 0.0828998016217114
-0.0175869525926916 0.0130018955066963 0.298922611825385 -0.553657383552935
0.0099742538951209 0.0157479568372687 -0.455919381222137 -0.804783763624403
0.0126968808708483 -0.0123726282300257 -0.861987558471316 0.10447561896474
-0.0201386225014978 -0.00331310028045366 -0.122388731699975 0.643845858149984
-0.0138425994085631 0.0179515819460242 0.364547972637891 0.278337897172788
-0.0167734029332513 0.00936705067727593 0.243578884369129 -0.0604573793606789
-0.0107861322034991 0.0192023619788276 -0.0565240848545646 -0.197389204380596
-0.00193966375043423 0.00880896959824304 0.0681290081223248 0.144765397831669
-0.0193802161403158 0.0183925931133843 -0.153450539507453 0.0140777767976136
-0.00971731352982093 -0.000612809155677177 -0.320723273657497 -0.280576300184996
-0.00398931840301365 -0.0306189860362813 0.132417360361116 -0.540049826629709
0.0286343210500488 -0.036751320510069 0.743145107383289 -0.0852625618924454
0.0153522376549609 0.0334696057881558 0.438482578146108 0.743308692203009
-0.0438406112707048 0.0221136585792896 -0.294169423451704 0.588805079192417
-0.0492570554583434 -0.00540569661183791 0.0124510888583183 0.0899851097417893
-0.0148398438861019 0.0154853017641889 0.302766792023096 -0.544635974695687
0.0158003463780405 0.0163917597880851 -0.438779016450972 -0.815035202010452
0.0184061872657023 -0.0110572378966057 -0.86717948919827 0.0811933740929579
-0.0155378642772959 0.00203318961549182 -0.138536170374099 0.644651348454164
-0.0141020571198317 0.0235077451778556 0.362196228197439 0.288740722336229
-0.0180718846167974 0.013354743362028 0.245921445275312 -0.0549117314595248
-0.0120128802910503 0.0222603676178322 -0.0550738891843256 -0.19715447771748
-0.00171514857573948 0.01057655391067 0.0673114697591274 0.147312585885777
-0.0179609291773377 0.0209407209119122 -0.148937955873785 0.0206857156525396
-0.00831599368562994 0.0053414216770337 -0.325380399050173 -0.269038433582994
-0.00195294377751213 -0.0241457743060162 0.119137798426097 -0.542373759237463
0.030331728587786 -0.0354957787708553 0.739780845773831 -0.111796489148664
0.0209651924128881 0.0321750448303382 0.459622803312288 0.727740612411247
-0.0361907683849838 0.0204829432674978 -0.283501147193562 0.598380800534741
-0.0446233369069988 -0.00709287260162019 0.00238565381680605 0.096983852879327
-0.0101267573055284 0.0145812613531926 0.310823101145455 -0.533613361130667
0.0206484404795519 0.0163152886670884 -0.410926607647929 -0.830912355198145
0.0207600598875669 -0.00704804858024491 -0.872730013534556 0.0523153033159647
-0.0127306674251681 0.00742975977032511 -0.157048027377973 0.643003619900513
-0.0135003015042983 0.0278845179081118 0.356296101593067 0.303836606172614
-0.0178229807201094 0.0156795195645351 0.249235893620098 -0.0445262464938297
-0.0125060445389719 0.0245926754301211 -0.0552218281633553 -0.194898584168322
0.00804266003844783 -0.0058106629659514 0.055366554840657 0.150869282834701
-0.0127791764633451 -0.00137998137228779 -0.165066953954283 0.0256776905033096
-0.0152125311730216 -0.0182665262490307 -0.338179641482678 -0.260688199218286
-0.0303785238645835 -0.0295846023863823 0.114719204070343 -0.532542385097631
-0.00875945900145619 -0.0300744881807696 0.751261065858586 -0.106501125849951
-0.0111817829223496 0.0136741933090666 0.481084248505874 0.716805919966844
-0.0297280068355647 -0.0164431909993055 -0.248657769990027 0.579993062337939
-0.0146699816953798 -0.0370097249098155 0.0426837122307058 0.0808655417255066
-0.00184793434281556 -0.0210988861580578 0.33699122978078 -0.550276256972772
-0.0111645945769529 0.000125962657658449 -0.401200827771417 -0.828068583778835
-0.0191033676468631 -0.00409810585326505 -0.855271359962453 0.0729759203838381
-0.0415950928059167 -5.84925406323308E-05 -0.143957529848542 0.648315655306391
-0.017139400087831 0.00102218813515197 0.347014485848754 0.304889139147776
-0.00666506565506324 -0.0102965968612309 0.23233563772009 -0.0419459840251276
0.00127890284897872 0.0034860332608827 -0.0709098234443962 -0.183799910369863
0.0057717864950368 -0.00507452714782151 0.0569056643892414 0.147876082461752
-0.0158698259204253 -0.00088608758961997 -0.163851404491931 0.0171935874941164
-0.0172245229388151 -0.0191409381359342 -0.333021133634803 -0.273852330175425
-0.0286927190364992 -0.033336198943857 0.129415757774105 -0.532759547775728
-0.00353838018712565 -0.0317638506336726 0.752578331929302 -0.0831141759009194
-0.0109560026344929 0.0176727261285167 0.456671531179654 0.733080639958671
-0.0357658545903732 -0.00956718374897049 -0.263903150326083 0.575518053284611
-0.0228450048175406 -0.031570594474577 0.0450653629001402 0.0759886890187512
-0.00863981178686657 -0.0146267272366768 0.323437039353081 -0.558730697520004
-0.011816381318812 0.0033094963341213 -0.427649128967085 -0.811414530416357
-0.0164790376007933 -0.007254608338298 -0.852342480330007 0.0974475629776249
-0.0403136304790657 -0.00590754867115891 -0.129092381238254 0.647663599509845
-0.0164532122655749 -0.000893178445143732 0.351804761900471 0.290244385514305
-0.00775647079431098 -0.00863957357332797 0.231592239598538 -0.0510956941403459
-0.000703605820151937 0.00487822976248494 -0.068324714777575 -0.188517620285107
0.00325730080943165 -0.00312449876026309 0.0623432166191722 0.145356914275487
-0.019130781362086 0.00204351906794404 -0.163158260396861 0.0122129887833065
-0.017434998786935 -0.0174939049882131 -0.32608861058565 -0.28428157133978
-0.024838689436013 -0.0361688131671545 0.138946451914521 -0.532361251555269
0.00248333918627042 -0.0330811295684383 0.751159139278406 -0.0677506000534814
-0.00961630823863732 0.0224995278234008 0.435837137966693 0.746064736222895
-0.0417253765627939 -0.00157170355663939 -0.276516300732709 0.570939440609325
-0.0328970494470733 -0.0249661224256727 0.0434855807775994 0.0748844704607556
-0.0148798289132711 -0.00679323245844782 0.311068091902377 -0.563591113431893
-0.00914182333593116 0.00606875888168664 -0.44964982759768 -0.800518342228813
-0.0108514563737643 -0.0103613101114157 -0.851860715405318 0.116645924664376
-0.0350955758958763 -0.00919831833942059 -0.116498545561181 0.64729201678742
-0.0162780051374823 0.000414056007595111 0.358039573440469 0.277661376169787
-0.00983142515843048 -0.00658573144524575 0.233075526528171 -0.0588878832928314
-0.00234312949952086 0.00744532455574967 -0.0664169353398464 -0.191702657746182
0.000779292247545066 -0.000103450594800401 0.0644483188212295 0.142959645007485
-0.0210393234414978 0.00568205975211386 -0.161159104889737 0.00757035893579433
-0.0166845005559804 -0.0138097517272452 -0.323188134765389 -0.28970040106215
-0.0202857798330006 -0.0368063456883873 0.143567013769931 -0.532280799858398
0.00817199709660987 -0.0349103676323367 0.748396116035158 -0.0585691708554342
-0.00463053620584452 0.0262987272602194 0.423108262481345 0.75417203153706
-0.0462200194218699 0.00646387629163941 -0.286634269744202 0.571497793630042
-0.0409743553620755 -0.0187583089336829 0.0382027783772372 0.0762859091526155
-0.0182977929399569 0.000487869010654037 0.300936701102083 -0.563462975035372
-0.003416697697188 0.00902069680131902 -0.461452742134807 -0.79293573086581
-0.00330909503244739 -0.0131984319682336 -0.852529978095078 0.124784890155757
-0.0305115694334833 -0.00900938685899712 -0.111156843989189 0.643699889788949
-0.0146846968464286 0.00497559559766947 0.361884438657508 0.271421068394772
-0.0120500754158577 -0.00120338804931844 0.23574067007494 -0.0635333880480438
-0.0059121522792398 0.0123334449335147 -0.0623394121550503 -0.194256540108884
-0.00108557138633063 0.00331993800976858 0.0667042617677456 0.14146471812217
-0.0214950608230574 0.0109294149723215 -0.15773405599968 0.00633085908031301
-0.0145469564968411 -0.010371382911908 -0.320006188446913 -0.291257134291468
-0.0138241375079286 -0.0362741178658538 0.14293278067859 -0.535153518897166
0.0162833718177572 -0.0366048028928504 0.748284010696481 -0.0581441634799504
0.000920434875173593 0.0307946412487358 0.420882458663825 0.754589025351316
-0.0470708872343488 0.0129098624909226 -0.293260848304144 0.573117717498202
-0.0471546072853372 -0.013088274887498 0.0308484478034045 0.0778844321807079
-0.0194746764350725 0.00780694135461487 0.295775960520625 -0.559659186331572
0.00364659760074255 0.0124771154590888 -0.466246829797203 -0.792494061263519
0.00524800430241221 -0.013778355628189 -0.854303945096096 0.122873050596424
-0.0241025435189347 -0.006488601073856 -0.109952114598062 0.641019030322029
-0.0140167199175852 0.0101836937017301 0.364251669694326 0.268163992066289
-0.0152198601984834 0.00328267419021033 0.238456111022467 -0.0653093527434155
-0.00825590596155212 0.0157711553061602 -0.0597810581443875 -0.195926490882268
-0.00291941116717645 0.00568987157136199 0.0681253206734504 0.142147711202349
-0.0202907935191542 0.0149697691221387 -0.155581891472498 0.00889583518980291
-0.0122468656885403 -0.00491688881854608 -0.321188723141742 -0.285616385821623
-0.00894658057413282 -0.034826902572603 0.139183031211923 -0.536906440636266
0.0229615558408637 -0.0374117237165686 0.741830077063134 -0.0709923363331239
0.00822845935500448 0.0329744436503465 0.425779732975117 0.748497094278409
-0.0470460268977186 0.0180115541490109 -0.295005110708967 0.579145827782809
-0.0499699261140355 -0.00861249719480519 0.0223798917204194 0.082819357346642
-0.0180511008654816 0.0117262104732246 0.29427018907239 -0.550825600000066
0.00933026643294234 0.0138010033693595 -0.458407503159015 -0.799233037811376
0.0118268617113356 -0.0132913490674161 -0.859417869455554 0.109252856127361
-0.0199269760589751 -0.00265114114788742 -0.118200288761718 0.643857696394528
-0.0140109705235084 0.0171232423640994 0.36483158791797 0.273730656288205
-0.0171435656203671 0.00910785860772752 0.242500996478923 -0.0616963857707242
-0.0104119882914451 0.0199113394103424 -0.0587550951996722 -0.196126841408444
-0.00295562122372791 0.00833679900174254 0.0684827626249498 0.144036368692056
-0.0190233332599125 0.0191931351714007 -0.152286051721219 0.0137571649770128
-0.00931007367242765 -0.00042835489510474 -0.321894118240171 -0.278752046556146
-0.0045445604224068 -0.0298602713343713 0.129715448634863 -0.537985384553334
0.0284946573391858 -0.0371654969673113 0.738791211553237 -0.0890944324762748
0.0156930242287916 0.0330433574576257 0.439664447786293 0.73815945211111
-0.0432114401139373 0.0212006971140178 -0.29086422318369 0.586860399802699
-0.0498086514132677 -0.00573661470088476 0.0124649198630594 0.0896950356863408
-0.0147529752951187 0.0150277660566989 0.296863499015338 -0.542827190835641
0.0148177469285517 0.0163968780386494 -0.439886905056161 -0.81042604551174
0.0182203664494482 -0.0100072043379867 -0.862174939075762 0.0876967420694671
-0.0151302243528042 0.00198513899178777 -0.133557583571064 0.640609623227197
-0.0136013274141369 0.0230984199484772 0.362814163206396 0.285277504045154
-0.017534903396633 0.013123540316047 0.244763342582063 -0.056258077325035
-0.011645264946326 0.0231133405653661 -0.0556796101782599 -0.195625632597893
-0.00226218442188557 0.0099271703004738 0.0682675967484073 0.146380454188993
-0.0177479828113449 0.0213471296607509 -0.150486970055407 0.0211693303300095
-0.00865910788867755 0.00591578197220589 -0.325705288920795 -0.264663386618392
-0.00202068640213551 -0.0238359122161723 0.116015935180659 -0.539696371913154
0.0302295271780878 -0.0353362137538181 0.735109599129569 -0.114577076990824
0.0215205050295271 0.0313219222566368 0.460677261925315 0.721461595891999
-0.0369997377530232 0.0205582377304218 -0.28106029624705 0.596253908885371
-0.0449864797336591 -0.00671128160535881 0.00383520610265736 0.09593079993737
-0.0103862902260516 0.0142413103384207 0.306658732171207 -0.531596574202288
0.0196267063169195 0.0165219445380968 -0.413263358914586 -0.82264412770146
0.0217885928447507 -0.0073355782509732 -0.868069195283894 0.0547163735482673
-0.0129638637921413 0.00748413522352478 -0.154178891712953 0.640667685366177
-0.0133035267315281 0.0284224965316485 0.356987788113767 0.300638334548634
-0.0173477910362353 0.0165218436093055 0.24856819800505 -0.0481956339057323
-0.0113254054438735 0.0242811453736227 -0.0561629879239922 -0.193266697187096
0.00772081860608143 -0.00531506994115009 0.0571215086615684 0.149846882854213
-0.0125219761666687 -0.00177793048546306 -0.164923192045476 0.0261295826305758
-0.0154899601999919 -0.0178109181963075 -0.338328639174086 -0.257519592570417
-0.0300989332970085 -0.0284867252090078 0.11156609301019 -0.530108354565998
-0.0088038626427442 -0.0296553358226739 0.747377915364098 -0.109613825365251
-0.0108396354892921 0.0146941602486843 0.48226003642429 0.709346167360878
-0.0296608379291756 -0.0152061716537308 -0.245565358669971 0.576805751892067
-0.0153191592228164 -0.0367796878849981 0.0429671706349582 0.0795957751082315
-0.00321601515162752 -0.0205908060658923 0.333094017770911 -0.548067748579045
-0.011378533804043 0.000437400007967659 -0.404073412955282 -0.820948796970858
-0.0189141844418604 -0.00261944339465946 -0.85070139313933 0.0737167997157673
-0.0420456850100449 0.000333247724731003 -0.141100254878951 0.646135112333216
-0.0174545178622145 0.000430313644360861 0.347738435238093 0.301341160859943
-0.00625475318592579 -0.00925801772814717 0.231440050092154 -0.0433968651817209
0.00197407621171628 0.00430693767690228 -0.0717550005959121 -0.183537833948944
0.00608352997177164 -0.00414098193239505 0.0589257789020042 0.147736510769477
-0.0156024868319967 -0.000545113159798321 -0.164846198826706 0.0173756520283864
-0.0169691464418517 -0.0179905534828566 -0.332795998500819 -0.269788374100681
-0.0287887971853241 -0.0325616350093276 0.125145169268992 -0.529059099186343
-0.00490769625890855 -0.0314912352140578 0.747879431896543 -0.0861954280900128
-0.0108944157316701 0.0177105393428702 0.457416138946073 0.727354649828064
-0.0357295322748142 -0.0086749434394621 -0.259423544044331 0.570216023315796
-0.0238645038300364 -0.0310895950499406 0.0444395441926461 0.0762945841906266
-0.00968666260971413 -0.0143478298815545 0.321026430252602 -0.557018710832577
-0.0114749894356795 0.00325368740495256 -0.429125397014147 -0.80478534550877
-0.0161093228746272 -0.00666716079956012 -0.848315633558121 0.100623069185443
-0.0394442649234349 -0.00579389568159064 -0.125727160233363 0.645016184963587
-0.0171055537306995 -0.000448280766813063 0.35398892008373 0.286928179803575
-0.00817481726049593 -0.00937573629570184 0.230821442147602 -0.0522265841192747
0.00013828429794933 0.00616648013294569 -0.0690472938911787 -0.187153555189524
0.00268482057962654 -0.00180158645528528 0.0632457307732298 0.14392824064209
-0.0182707578769482 0.00240566666602777 -0.162903638431466 0.0123358430001161
-0.0175263065883772 -0.0174461020924132 -0.327822788496969 -0.279199435128968
-0.0249901377520561 -0.0348884569722574 0.135685619590544 -0.529618228611622
0.00183122518450647 -0.033590454806364 0.748432823723748 -0.0689286847911603
-0.00912462566612477 0.0225441005087465 0.437485867568564 0.739928927395954
-0.0416542490780102 -0.00141424035448594 -0.272051685409344 0.569577321949759
-0.0332191612639097 -0.0246300002391612 0.0428492730331762 0.0741277875871049
-0.0151942541325241 -0.00692457000515289 0.309133385646725 -0.56035158125074
-0.00818154375456207 0.00660705564846195 -0.449760022045285 -0.794489547852138
-0.0106345598751713 -0.00953070805372567 -0.847921928092925 0.118283631975755
-0.0357515499631356 -0.00827734501208676 -0.113436316709573 0.643476657819057
-0.0143257025660462 -0.000686285270397175 0.355508007695096 0.273798928620591
-0.00929630018211174 -0.00516386251528004 0.232142770191103 -0.0601847875187959
-0.00258273150485103 0.00775755221340378 -0.0664070753704252 -0.190582843087598
0.000243971521727729 0.0010621144662803 0.0648707826849977 0.14175869894084
-0.0204663995699702 0.00692727821370447 -0.160745497485017 0.00844257853105522
-0.01633122145377 -0.0140948510798677 -0.323770995360101 -0.285499292152324
-0.0204997464370028 -0.0362596779430383 0.140296240523791 -0.531807969951847
0.008735283299796 -0.0350629555312733 0.746081238401169 -0.0589973758105135
-0.00451703154752469 0.0271610682086033 0.423410579221816 0.746480687061178
-0.0448784131661399 0.00643057602780521 -0.28364279968072 0.56935230451641
-0.0410062760195384 -0.0186237416121443 0.0385366203064454 0.0740111591741609
-0.0175975418383519 0.000705122353480902 0.296914981093402 -0.561703577909939
-0.0033773851812898 0.00885145999732588 -0.464234456261376 -0.787924122639179
-0.002264236696041 -0.0121326360364511 -0.846164558693453 0.127130126395339
-0.0293427927825577 -0.00897147663739499 -0.106634743080143 0.640496377798586
-0.0144043895496089 0.00519530592602043 0.360329200739876 0.267390479675467
-0.0129686264263905 -0.000999320695360077 0.23465193853887 -0.0651658207897885
-0.00567574263994097 0.0124483255714259 -0.0633167330409591 -0.193553416115813
-0.00107806003535402 0.00373926754055539 0.0672594511317924 0.140988182172987
-0.0214853000608564 0.0114506194949465 -0.158411863361502 0.00758618004868336
-0.0145489864156894 -0.0108167593753812 -0.32237386568431 -0.287561741834309
-0.0147962182466969 -0.0360373682884457 0.141390721268253 -0.532969171189674
0.0163805709358767 -0.0361034497363145 0.743253741594115 -0.0624414357461685
0.00308815996384621 0.0304098919434863 0.420191112638134 0.746178192093819
-0.0475561649646148 0.0135838910653707 -0.291312985180278 0.570795843178266
-0.0485570314745853 -0.0124724130602494 0.0306007190727728 0.0782320961007547
-0.0190535743014564 0.00700670643680431 0.291314499828567 -0.559111517823801
0.00297240328651045 0.011656437569673 -0.469020960432102 -0.785856834516094
0.00431547373226087 -0.0131711492436402 -0.850049677839847 0.12523823917901
-0.0243993083901528 -0.00582305657788254 -0.106067224522853 0.639594673277182
-0.0142871596660151 0.0106974687280389 0.363558639638192 0.265814630763122
-0.0154677718440871 0.00461718471641248 0.237544727954181 -0.0662562352362986
-0.00827252720379667 0.0169909644540438 -0.0602624005854794 -0.194485170712511
-0.00251726845259182 0.00600746049712142 0.0688808971104374 0.141051762694259
-0.0208899906303664 0.0156265427978787 -0.154723877572564 0.0112030482916032
-0.0124329734155247 -0.00514066605728651 -0.321864546817678 -0.282572024601002
-0.00840145835530161 -0.0334307203003403 0.13654951119833 -0.535053834734515
0.022749607527108 -0.0372556917856705 0.739472195683509 -0.0718704175323509
0.00964390986473887 0.032965502623819 0.425666829585812 0.742181526786559
-0.0461135410622886 0.0190683559678074 -0.291552297437729 0.577300540689678
-0.0499853231250757 -0.00823066095292717 0.0217843618479915 0.083299965870332
-0.018344207719163 0.0124464575121707 0.290392512776798 -0.549821705752417
0.00956403975303523 0.0146132332168526 -0.460333047194579 -0.792824333517404
0.0122462014274663 -0.0121796494528846 -0.854988302416819 0.111471753722181
-0.0194517511767823 -0.00274761202792013 -0.114655291605338 0.639296434462493
-0.0139639741524225 0.0168170692897361 0.365035877990053 0.270115193975558
-0.0164321815371049 0.00978607596563084 0.241027569802429 -0.0636735479132355
-0.0101799188226824 0.0197441951421505 -0.0590590162784216 -0.194995442654632
-0.00343019392305878 0.00855871440100781 0.0697082650350016 0.142475925875947
-0.019257113388007 0.0189191409122517 -0.151696506558283 0.0147084006937949
-0.0102884132181417 0.000401207174399883 -0.32295537341946 -0.273798469739755
-0.00468368300832391 -0.0295229740843157 0.12633618069925 -0.535806908329257
0.0276995480783651 -0.0367675133087912 0.73539354893419 -0.0927372917478771
0.016389925490974 0.0327406136166005 0.440658198207947 0.731689429854362
-0.0423018123338371 0.0211161827129078 -0.287813699334298 0.584496532700754
-0.0497876488166979 -0.00458017704088119 0.012468949135459 0.0890420897826413
-0.0157982738883553 0.0150616238174769 0.292930468182492 -0.541802864969238
0.0163331148924845 0.0156919621918664 -0.441496966424743 -0.804300843841936
0.0178210946826222 -0.00963861832080188 -0.858626739853167 0.0904724559866497
-0.0150203150395974 0.00275463633801932 -0.130570139001225 0.639672687460828
-0.0133023471055141 0.0229681294095699 0.361651657118661 0.282170582776448
-0.0173606117334435 0.014037222075413 0.244917982209861 -0.0575798450789604
-0.0108822796787691 0.0241992811632068 -0.0574657088450447 -0.194346023730723
-0.0030113377107922 0.0102724900050528 0.0692400061403009 0.145511386559029
-0.0169567008995839 0.0225975279065669 -0.149898753275592 0.0226467100661659
-0.00823752416406511 0.00528518871362758 -0.327021525634852 -0.261681331949683
-0.00304390898295361 -0.0232742892116754 0.112216066974121 -0.53600088810697
0.0297187575823783 -0.0360882666918073 0.73183585627399 -0.115145825207651
0.0222462019360874 0.0310864767112825 0.459879768144154 0.71554587774212
-0.0366182452561802 0.0217008681903895 -0.276796151003575 0.593951335414815
-0.0452003792939892 -0.00576604803417662 0.00372481377557956 0.0952613020082846
-0.0116043615607533 0.013169315968455 0.303816599206419 -0.528494455086592
0.0203182364392003 0.0156938495537467 -0.414841459714956 -0.818600487788706
0.0214296069713268 -0.00761380865850629 -0.86464158040762 0.0599054500966906
-0.0130548318959753 0.00772523499529805 -0.150010014014077 0.636951049306827
-0.0123946380793103 0.0282357668976758 0.35678085294196 0.296349287687077
-0.0175747602717745 0.0167594770877738 0.246741921329378 -0.0481826743173484
-0.0111411828810959 0.02630866066952 -0.0568226773065342 -0.191808492057049
0.00731391548896766 -0.00624659551559275 0.0575562475103637 0.148887379999052
-0.0128021708049637 -0.00117520399221948 -0.16468127656289 0.0258740124269579
-0.0152248531264073 -0.0175000281434546 -0.339275072864319 -0.253732966858813
-0.031062696835813 -0.0273618451892757 0.109595474364325 -0.525871987954372
-0.00811439412941637 -0.0300041055341424 0.742477139859707 -0.111185164899334
-0.010426821014078 0.0139451227925057 0.480977159344505 0.704589213202059
-0.0301207290663349 -0.0153581600247666 -0.244062588963776 0.575777812267987
-0.0153185098941991 -0.0355166368318797 0.042710259872558 0.0793417044054925
-0.00227590875777058 -0.0206030714193833 0.329287143073975 -0.546796466778305
-0.0118225390258152 0.000504267636765057 -0.404939569056107 -0.815937370931323
-0.018532927806796 -0.0032723940472027 -0.847633813305224 0.0768238208560639
-0.0417923320873594 0.000881804905856987 -0.137541502520257 0.644405498101975
-0.0171165586043787 0.000371743313954689 0.347463810271612 0.298375305040373
-0.00702922317266686 -0.00944662420845176 0.230382772247287 -0.0441350153299477
0.00178366004569747 0.00434209036919109 -0.0723340762309769 -0.181990806858973
0.00490455802936837 -0.00375420878780616 0.0587772547252585 0.146115288067465
-0.0154528044110025 0.000593360533541045 -0.16570065893039 0.018570272295118
-0.0170672750159097 -0.0184103809912829 -0.333510263110306 -0.266626370168539
-0.0289317872871304 -0.0312810589089163 0.121622660947091 -0.526176335998516
-0.00470319363522992 -0.0310357321129592 0.744123869686774 -0.0870672046901184
-0.0102473233679125 0.0166361214553107 0.456489077104363 0.721395925656499
-0.0353607797630623 -0.00787674036599991 -0.258808768795972 0.570121465276385
-0.0254223888799649 -0.0303435794905372 0.0444599958804501 0.0756102354324063
-0.009768226880152 -0.0148531994609313 0.31628395280594 -0.554551945013747
-0.011906466027827 0.0033248596118692 -0.430130997128241 -0.801447317358215
-0.0154060286593182 -0.00570270750249621 -0.844060857112642 0.102052304546983
-0.0392757362436647 -0.00494717668152323 -0.121321942912234 0.643612329349315
-0.0160780378575878 -0.00158131574664661 0.352874914115489 0.283901983144982
-0.00871844415305169 -0.00809399345953662 0.230857146179642 -0.0534823660957472
0.000653215429330192 0.00583860653338656 -0.0705535848057647 -0.186407286147553
0.00284095446136106 -0.00211674401966367 0.0636101166352195 0.142703440183745
-0.0183411165094556 0.00270195527438478 -0.162872116710304 0.0125905871835707
-0.0169944652009213 -0.0167915426010577 -0.329201824126773 -0.277594650992207
-0.0257476956234988 -0.0347698456684547 0.133560144358973 -0.528206700863696
0.00165518535784569 -0.0334563830980031 0.7455463605441 -0.0726235129977853
-0.0084875804666861 0.0228625466625118 0.436919098484262 0.734290638404494
-0.0407368649631618 -0.000266270862050397 -0.271195126307879 0.565628782926417
-0.033783167317043 -0.0244593256571728 0.0432667340085718 0.0743018552449755
-0.0154217451289655 -0.00657299583711381 0.30596799907989 -0.559252969770868
-0.00862226554713878 0.00622391716462847 -0.450049561259805 -0.789055871683612
-0.0100244820699281 -0.010176222754639 -0.843283334276348 0.120654079144571
-0.0352622907042131 -0.00761259039243989 -0.111805993723251 0.64232305573484
-0.0152932928492473 0.000209064988990183 0.356534346764495 0.271503691759045
-0.0101897674849238 -0.00530267166854207 0.230960675686992 -0.0606628332217119
-0.00130558632295789 0.0088607744092131 -0.0670155585976848 -0.189246826263968
8.60699333028615E-05 0.000470606351779058 0.0655475073475761 0.141004605632273
-0.0204317640863566 0.00765483732672775 -0.16143668704568 0.00849138009840791
-0.0163686132063034 -0.0138999626344254 -0.323347231945244 -0.282914859988537
-0.0206882579961778 -0.0364875179684272 0.13768868922991 -0.527782674392516
0.00871791625261015 -0.0348405753292199 0.741788429306964 -0.0615865496052285
-0.00419325895236858 0.0275145003589686 0.423909789868081 0.740630475929975
-0.0454491782097141 0.00738343408785921 -0.282851854258369 0.566355670205689
-0.0424939193997919 -0.017911984119111 0.038546993118526 0.0751270617217118
-0.0190893609912523 0.000997446316720926 0.295497608550141 -0.559589659221208
-0.00352996656234787 0.00913861343891632 -0.463855811012675 -0.782225367062139
-0.00259147530185508 -0.0123851998625702 -0.84316343706479 0.129290849569034
-0.0294580328310711 -0.00902705566269451 -0.103697959509714 0.637617948277211
-0.0145327890183583 0.00358859979939195 0.360612983232893 0.264960852985264
-0.012662687685698 -0.000324281298232008 0.233894090480017 -0.066125740811426
-0.00432347146174941 0.0122568826375702 -0.0645864196833078 -0.192414445319374
-0.00157423977541472 0.00339954329350282 0.0687530865777628 0.139216638841118
-0.0202666777177769 0.0119784143133913 -0.15860609321015 0.00768220587177832
-0.0138733754766627 -0.010029241518645 -0.321754439455056 -0.285158774025574
-0.0144974849833519 -0.034141114758113 0.137939792531182 -0.530205350180715
0.0162972227942354 -0.0365312618501719 0.738821455540059 -0.0633280387228125
0.0028299053325326 0.030937791989897 0.420709978587276 0.743778672186614
-0.047500046496439 0.0138184296010363 -0.288253817448721 0.570183216420728
-0.0488970276327803 -0.0115613204007947 0.0310575997883467 0.0775329291518399
-0.0196607211942601 0.0071981489379352 0.288539854495685 -0.5547698218253
0.00297807374196641 0.011995401985148 -0.467692911321007 -0.781886715348745
0.00517986567949999 -0.0131196514111852 -0.84653281269815 0.127660212805483
-0.024314135528151 -0.00649021071762127 -0.103766643727052 0.637407177200944
-0.0133679258176064 0.011099723146734 0.364200920131054 0.262589376820168
-0.014267625794805 0.00493406835386768 0.236654625031494 -0.0683012224553856
-0.00706268063128764 0.0173825905895342 -0.0613735108851105 -0.19362245546124
-0.00331680318919801 0.00620518321917522 0.0702508930318584 0.139029285902114
-0.0192648727200541 0.0154896137170342 -0.155932112021486 0.0103487085243485
-0.011996303701081 -0.00462195895539655 -0.323098178369195 -0.280155741851911
-0.00943769883714123 -0.0327390110555887 0.131518654518995 -0.531362797121232
0.022931509759172 -0.0372710189885744 0.735263162988213 -0.0735406373149972
0.0101292231493405 0.0321236189932267 0.424708070216463 0.738628637758322
-0.0468240269604177 0.0192938666575721 -0.28925727725443 0.575483877265894
-0.0509053448164323 -0.0071193372425845 0.0223004736791123 0.0827660944200685
-0.0187568079498739 0.0123317027328441 0.286814016007698 -0.548305550143483
0.0101892570708109 0.0146082862331612 -0.458877672367624 -0.789397162891298
0.0124922744095538 -0.0121669968496596 -0.851115884752089 0.114386119832308
-0.0185112453039385 -0.00254951586493124 -0.112137303960153 0.634394259399662
-0.0137741657787114 0.0163332903446666 0.364896391282644 0.268251633090461
-0.0173860492958431 0.0100133907850765 0.239396418259305 -0.0646378159044771
-0.00956390761455922 0.0204657999806778 -0.0594286459690991 -0.19266094185732
-0.00284565652256317 0.00917665666714855 0.0709279293503906 0.140978741565829
-0.0184203176694299 0.0188280977523867 -0.152657367493709 0.0160798569462413
-0.00952148255713953 0.000491597358562563 -0.321443672147563 -0.272319535749479
-0.00405157470021772 -0.0294631231941794 0.124148433031856 -0.532964428330969
0.02726463303041 -0.0377225253101329 0.729567949648238 -0.0935579665770729
0.0168468833786659 0.0324863073101405 0.439978370855901 0.726609304860513
-0.0423873289274391 0.0218255153912391 -0.284697396068836 0.582871988642894
-0.0496473382013482 -0.00435566537686671 0.0129592016065669 0.0891100016649543
-0.0160259999693399 0.0147122179812195 0.289941373505194 -0.540039870918973
0.0159034842527249 0.015807508251977 -0.441589773719034 -0.800285623382453
0.0184840742917123 -0.0103176418614526 -0.856218979082677 0.0914994461706621
-0.0150858226182796 0.00263946876027969 -0.12733894700705 0.635996134880437
-0.0130116973233531 0.0228088746788509 0.36092346100634 0.278378976860799
-0.0183389937310396 0.0153118788130774 0.243434909248439 -0.0589660006247644
-0.0102748376829731 0.0252469453632828 -0.0579363454757121 -0.193686093990141
-0.00163967272624532 0.0103431423423484 0.0695958960598979 0.144654581953921
-0.0168090449337584 0.0221932727439498 -0.150418130695226 0.0219605800975125
-0.00816429638675956 0.00616172449810132 -0.326853100143502 -0.257719975149879
-0.00234944250204008 -0.0223127374680242 0.10919346944556 -0.53207281797977
0.0296407475145624 -0.0357995150019184 0.726780908853024 -0.116615116615969
0.0217450391183368 0.0313666072091564 0.459969360787404 0.710342991973832
-0.036393668111043 0.0214550741086321 -0.275445091588812 0.590809892276311
-0.0458499100786017 -0.00569444438449522 0.00313026714378515 0.0950511488485088
-0.0115083987897777 0.0138016786492766 0.299091849105927 -0.527629525171529
0.0198510226023429 0.0154022685120463 -0.416968496176071 -0.813133555437363
0.0209037418811717 -0.00768796848597744 -0.86017227234864 0.0637955215668265
-0.0123453668511619 0.00818303679452864 -0.149218805737639 0.635327921559556
-0.0122724537752552 0.0282912849262726 0.356183329200276 0.293524811049944
-0.0169226166326031 0.0167102520824517 0.246561505198634 -0.0498933453405714
-0.0106027460221221 0.0251137130978101 -0.0575061491938191 -0.189546662360303
0.0071589506236657 -0.00457335462252825 0.0582870780327214 0.14794826313752
-0.0124228136649887 -0.000351445897534817 -0.164707018523085 0.0267353041951025
-0.0154298408500339 -0.0166810558252343 -0.338125195688087 -0.251232385381158
-0.0304702473111457 -0.0268925912446471 0.106303161073689 -0.523484855810395
-0.00865908298361704 -0.0292888462518865 0.737231637618931 -0.110864930471155
-0.0101647232130564 0.0140055243470411 0.478618181972048 0.699902171433282
-0.0302543209278384 -0.0148267127203373 -0.241208609560498 0.572936423329567
-0.0160120984588981 -0.035693047793194 0.0424272884695205 0.0790701787969437
-0.00377474276251763 -0.0208807340906537 0.326310111508072 -0.544607098869439
-0.0124167448796611 0.000342863208151082 -0.40564464401814 -0.810635003350834
-0.0184956589585522 -0.00276695107957519 -0.842125566266025 0.0790287962120918
-0.0412505541923248 0.000742119194745833 -0.133684133093265 0.641298631601013
-0.0171562490664079 0.000724669549381395 0.346107961916571 0.294378688864963
-0.00687455134151446 -0.00841584653434065 0.230596412448464 -0.0454097829364061
0.00182330611238027 0.0044285184471148 -0.0726680446948249 -0.180972061032703
0.00564523943476705 -0.00353850667002548 0.0593135062295907 0.145586659359079
-0.0159279222079253 0.00027382528889634 -0.164605890814287 0.0192300134927743
-0.0169476808637543 -0.0167830969428473 -0.332787205745022 -0.263586467184736
-0.0290204675496339 -0.0308561710103906 0.118966588685754 -0.522119474845734
-0.00494351280835157 -0.0313261504010743 0.74091182645087 -0.0884427367362433
-0.0104627899079399 0.0183684505820695 0.453324457647933 0.715032593846463
-0.0356838131446703 -0.00805678129949311 -0.255508216233801 0.566309744306695
-0.0258091069251223 -0.0297602251306872 0.044332752065784 0.0750926472565807
-0.0105860650821949 -0.0146121473229829 0.314631231150555 -0.550725864644316
-0.0120556368298023 0.00266141516464975 -0.429152548394459 -0.796298058656091
-0.0143292757784271 -0.00577815938737619 -0.840322642580665 0.10445415768031
-0.0389431663919711 -0.00422397396435271 -0.11836738165588 0.639888983570277
-0.0154340554961166 -0.00144773272416112 0.35134289701192 0.279614185358609
-0.00938113893060013 -0.00733854629433285 0.229631824917567 -0.053772430925712
0.000356431361175666 0.00644384914181221 -0.06960569193497 -0.18382004624005
0.00303893534613186 -0.00147817575305587 0.0642960963645241 0.142093990403612
-0.0178715763485331 0.00357733034436179 -0.162370427799845 0.0127563227561516
-0.0163395261381566 -0.0164481013280784 -0.328018214661121 -0.273724722806159
-0.0256373441181549 -0.0342968735515525 0.1316376991573 -0.523638887120301
0.00153935842811119 -0.0329472038628545 0.739692198002874 -0.0732478860447783
-0.00748305067013937 0.0224625932204378 0.435876904263801 0.728560983181492
-0.0407638456556499 -0.000568450747256977 -0.268133146234026 0.562410824464293
-0.0346732503766665 -0.0236524062322149 0.043977842311435 0.0730203108801191
-0.0149152278575351 -0.00646828507682176 0.30107667259272 -0.557641109743299
-0.00829979738292427 0.00616987363586384 -0.450576955778715 -0.783406486754585
-0.0102413068617218 -0.0093175171728864 -0.840220048584177 0.122029345169814
-0.0354945321979085 -0.00747129369982294 -0.108502388202962 0.638000080382335
-0.0150358085498368 -0.00074634047834209 0.356025073150373 0.267257515085495
-0.0108470005047675 -0.00525450399465167 0.230109360647307 -0.0619047255453469
-0.00182866190796981 0.00951754566629509 -0.0672574658623419 -0.188246252270826
-1.19522611524113E-05 0.000980652604466976 0.0664933818410825 0.139596475985314
-0.0200210138883946 0.00703326204398807 -0.160886022676989 0.00948412180858375
-0.0156954236510711 -0.013481550004629 -0.323953744779604 -0.278434267841494
-0.0206339066525889 -0.0353699394123784 0.136583396528121 -0.525534902925657
0.00816141201357272 -0.0351478283632539 0.737939686573382 -0.0638715246706135
-0.0032322356034012 0.0274037621589132 0.422826891712708 0.736312631978113
-0.0449487178329354 0.00735716131408358 -0.278647587599327 0.564704684264658
-0.041858397625338 -0.0173490392987138 0.0386034465584595 0.0743563483872364
-0.0196016183490521 0.000235936938705794 0.291719559085 -0.556449097786889
-0.00412318283661671 0.00920529500959159 -0.463687399920539 -0.779236080898804
-0.00234255646872506 -0.0119952616699828 -0.836637792426086 0.131314827099467
-0.0298528154068409 -0.00835121648391166 -0.100547370460697 0.636301101707038
-0.0141723736482789 0.00431037413966256 0.360961599483502 0.261322603079681
-0.013923390225161 9.85931200435039E-06 0.232699922767382 -0.0671312677460797
-0.00467636154447136 0.012987624859246 -0.0646894479458096 -0.19090565463014
-0.00110882230643771 0.00426671381569455 0.0693009443685572 0.138163512043365
-0.020299563070767 0.0119123404333597 -0.157820679047207 0.00838535657480815
-0.0144092456035563 -0.00952743412654931 -0.319930584311319 -0.280934371622043
-0.0146530064065948 -0.0346367920891174 0.133649794454735 -0.525665271366221
0.0161082169037351 -0.0363022286395115 0.73388623796318 -0.0636245712443037
0.00399094365739466 0.0301408855530622 0.419144421614541 0.739455554607256
-0.047403888136743 0.0147187755464165 -0.285610959652263 0.564626737153001
-0.0481201332710254 -0.0108347366083796 0.0309568090214475 0.0771091652145518
-0.0198669366519794 0.00667488324770028 0.284626823658398 -0.552931992284272
0.00294997090325858 0.0109349861628674 -0.466747457453826 -0.776452494047199
0.00518839208119192 -0.0133226342448607 -0.84282740396845 0.129466487660877
-0.0244906937005166 -0.00651331838546982 -0.101293905031582 0.634179981885364
-0.0133624342055814 0.00975350573198011 0.36388846527126 0.258683245107167
-0.0153836520333819 0.00554733390222636 0.235638876111636 -0.0680009824689325
-0.00609941632082789 0.0179575426742394 -0.0616282810029461 -0.191821208325895
-0.00213957906573547 0.0069749676198194 0.0704401104310669 0.137842408209445
-0.0193961937559588 0.0152970781148191 -0.155442949025453 0.0105622408430857
-0.0115139092864265 -0.00452191789955811 -0.322848328777598 -0.274959682187306
-0.00921558575684648 -0.0328925520376241 0.130219859837533 -0.527832798373664
0.02253885875738 -0.037475144755859 0.730957808386638 -0.0737958645820294
0.0101289342348464 0.0322313736298244 0.424861837620905 0.733518736506289
-0.0460085507487957 0.0200344782677003 -0.286297871915321 0.573200914314162
-0.0505301086274724 -0.00710904059196337 0.0219694070289411 0.0823524094756904
-0.0195508368756955 0.0115310010888924 0.283815682943456 -0.545261800125577
0.0101737172434414 0.0138669531564987 -0.459673771372898 -0.783456622240999
0.0125447033603492 -0.0125364925827264 -0.84660752473233 0.116454953890835
-0.019682446889079 -0.0019002109226106 -0.109533220831815 0.632542373965986
-0.0134872170419811 0.0173874229752036 0.364407101432977 0.265582868393654
-0.0172142164826353 0.0103346635200742 0.23899766327115 -0.0649672905276915
-0.00900105265677211 0.0213767568510626 -0.0597708771188018 -0.192328469336442
-0.00244637658079754 0.00902424016325628 0.0708735897368231 0.140664047463997
-0.0185424513123805 0.0197749196669667 -0.152076916664093 0.0155123947875788
-0.00922815941288457 0.000996639731367482 -0.32294594253868 -0.268651352488366
-0.00490866970355926 -0.0275058234873266 0.121420256187677 -0.530167492877395
0.0269223025580664 -0.0374753248228066 0.726475113613773 -0.0938504814184755
0.0175554811734585 0.0321371946457932 0.438192563532525 0.720316086730467
-0.0427110673484165 0.0218514529104043 -0.282391617067569 0.579443558740212
-0.0501933007800606 -0.00445285257868322 0.0124500338986683 0.0881632374967027
-0.0166353673387531 0.014217477989912 0.287556514767186 -0.536951025980809
0.0158605182448381 0.0148424960685117 -0.44164440127271 -0.794318985203524
0.0192605226882703 -0.0102895904754307 -0.850514793814621 0.0942059314792119
-0.0145806354081927 0.00290064011142415 -0.123946157775771 0.632301663399103
-0.0127409314723061 0.0219207570588377 0.361651512771401 0.276712917001312
-0.0188898024070044 0.0158251842760248 0.242960939763988 -0.0593482565811594
-0.00967348810839523 0.0241987757174237 -0.0585053596402315 -0.19187868790269
-0.00231067195988327 0.0103585750205458 0.0698969337315479 0.143309782736142
-0.0164707985908878 0.0230386712091712 -0.148894487458316 0.0227698229487383
-0.00760715203187172 0.00619757278091159 -0.325765416674956 -0.255609743028938
-0.00240141751560395 -0.0222768157113297 0.107835596881624 -0.529804381695208
0.0284513128389774 -0.0362367902068502 0.72132837492273 -0.11873790963053
0.0224743729504269 0.0312574978992602 0.457806105022679 0.705032899746868
-0.0362459220713972 0.0214005298918428 -0.271252134228198 0.587489604864158
-0.0460798005779224 -0.0050267725079055 0.00412268410104056 0.0951794927256082
-0.0121388626613835 0.0128379143804823 0.298127812738059 -0.524786863071051
0.0196706804553463 0.0153057806429275 -0.416550256027137 -0.80858775676809
0.0215472788575694 -0.00701037930064198 -0.856027875084843 0.06389534591034
-0.0127694932773992 0.00856566286533302 -0.144720896591872 0.633138984875059
-0.011785353042053 0.0276855859395953 0.356904869185876 0.292622877138512
-0.018267110542427 0.0178474581623271 0.246468748973368 -0.0506903672344988
-0.0100251429204192 0.0261372700161004 -0.0584162265698099 -0.188980805849838
0.00733424418197641 -0.00480850470887369 0.057548352944425 0.146364821329449
-0.011963646990713 -0.000261943177735697 -0.164776974986314 0.0273171774067116
-0.0147000991845589 -0.016381271051909 -0.338470664934741 -0.248790220807963
-0.0303000603088081 -0.0257246016169098 0.105012316844109 -0.520020438624269
-0.00820783330762369 -0.0293682353649382 0.73488499458389 -0.112830713033638
-0.00945060972223577 0.0145966653679711 0.47699743257591 0.696541593127658
-0.029175558640695 -0.0149124368754843 -0.238326509881527 0.569815988191189
-0.0164277449600838 -0.0346700323553937 0.0421946976526845 0.0791216102519345
-0.0034585489125021 -0.0210247758976536 0.324255731910485 -0.540497817262796
-0.01109785276658 -0.00102803328013494 -0.404284773212396 -0.806125701167528
-0.0180408811683098 -0.00229198450063643 -0.839319173604662 0.0808612303103953
-0.0412098794361218 0.000843335977714427 -0.133611637815142 0.637479743281685
-0.0163389087447434 0.000298369092655397 0.346740217915155 0.293221108498142
-0.00783225132042821 -0.00808677353007572 0.229922906219428 -0.0457745771332509
0.00306782701137522 0.00576718968498002 -0.0727424587100438 -0.180119222730867
0.00540689617248651 -0.00392652464883889 0.0606908180731328 0.143787751499399
-0.0152604517099857 0.0010206513969136 -0.164862059939998 0.0198285418546733
-0.016979955453235 -0.0179986558544081 -0.332827287726657 -0.259343144333545
-0.0296177694228097 -0.0303238521910591 0.117137567656029 -0.519232271080729
-0.00449344500917632 -0.0311053685356104 0.736081930405301 -0.0892528515672384
-0.0099387630824618 0.0171402142477233 0.454664967309988 0.712371604792953
-0.0353078289535657 -0.00788642716618687 -0.254973275619342 0.563661259910215
-0.0254829674422909 -0.028782061667475 0.0444151758153879 0.074985364496767
-0.0100653333097633 -0.0150530823543311 0.31083882513027 -0.549847517737093
-0.0116069272460952 0.0027925743661013 -0.428948820663956 -0.790564226206398
-0.0146596751830124 -0.00589850077727969 -0.836200234856705 0.104314638777046
-0.0393690591174678 -0.00429898630873946 -0.116806867634652 0.636793334092857
-0.0161433273719552 -0.00191690825790946 0.350056472200587 0.279800769949724
-0.0090334678000191 -0.00750612072532075 0.228107212356608 -0.0554069619981013
0.00115083900293273 0.00704055527522976 -0.0700696049661187 -0.18371500324032
0.00258236683322662 -0.00223450715358297 0.0640468589683371 0.140602036937043
-0.0183435892014914 0.00318533461322272 -0.163006184569221 0.013579513242306
-0.0172218100108212 -0.016073540118394 -0.326071084319957 -0.270975661951291
-0.025598331746476 -0.0328844311499975 0.128523935817672 -0.521366057006422
0.00161925885853756 -0.033322024581248 0.736841227085307 -0.0744708571183666
-0.00621336723927339 0.0220192800737383 0.43399165752343 0.725096019482406
-0.0405649597023878 -8.07225628140611E-05 -0.267469395904741 0.560388944282248
-0.035606318294926 -0.0232418088819241 0.0433807709420424 0.07238621756132
-0.0157772853024497 -0.00747481433430062 0.29844647385882 -0.552686264573488
-0.00823408811119827 0.00546192856772529 -0.450947581277911 -0.77914387814746
-0.00970252531831699 -0.0096566846648235 -0.835155819186247 0.123777842010972
-0.0355159456506165 -0.00671018972744239 -0.105579598422938 0.636583158355821
-0.0141360890493498 -0.000146708209372105 0.355477455754107 0.264426668302051
-0.010400547313213 -0.0045337288468701 0.229044068041541 -0.06183123455408
-0.00130082870815312 0.0102910038977412 -0.0676603655893627 -0.186829714127264
0.0015993853261556 0.00204453757152627 0.0667962857142218 0.139494571318488
-0.0192674419688121 0.00740116450785714 -0.161483586235366 0.0100750893182398
-0.0158870754794678 -0.0133291813530266 -0.324250110279034 -0.276443120159607
-0.0203931292099873 -0.0343566973794344 0.133212954516378 -0.520538491392074
0.00823340410212143 -0.0350960956287875 0.73399638916481 -0.0644551087983393
-0.00268863192169206 0.0271806207207845 0.422822201607045 0.732391080852827
-0.0446600755218967 0.00783755549267739 -0.278099368919854 0.560550788544194
-0.0428340275349482 -0.0159583807928518 0.0383985340400481 0.0737342351858949
-0.0200059466732975 0.000556656885992277 0.289070542521532 -0.554866056726246
-0.0039632463163379 0.00859850690283816 -0.464523422601978 -0.772302728112989
-0.0028516277498253 -0.0117497417887408 -0.834560084128098 0.132035963669414
-0.0297351818192474 -0.0072364042342911 -0.0986830715049395 0.632721951226099
-0.0143471749673237 0.00403076590370118 0.359617684510968 0.257726865392605
-0.013919477847899 0.000732277184112482 0.231788951421435 -0.0674231486315314
-0.00382157148491455 0.0135864697556586 -0.0653524585288246 -0.189251235532776
-0.00225675749961468 0.00399751222372863 0.0686249452024686 0.136842946122849
-0.0199076365591462 0.0126015813239041 -0.156820171464493 0.00927135709177594
-0.0141749665702892 -0.0089959999401982 -0.320860047038154 -0.278220771508161
-0.0139824555023661 -0.0342579724669702 0.133956517438987 -0.523231077010467
0.015409470445883 -0.0360835968471418 0.731885494267804 -0.0647590418395371
0.00301555722602027 0.0300144403824125 0.416977078579245 0.733728739342859
-0.0465918408294972 0.0146337005721286 -0.284337967711836 0.563317317354533
-0.0483954139244206 -0.00992873685540458 0.0306208885952355 0.0772599512146769
-0.0201540077938701 0.00674702760584069 0.281724927472328 -0.549283293385469
0.00288626197522509 0.0113783250553651 -0.468166074636438 -0.770766652103041
0.00581325519497885 -0.0132354612138805 -0.838052973926776 0.129742684259988
-0.0236425164980082 -0.00700248588610172 -0.10123915892904 0.631499905633685
-0.0135349148105199 0.00970122261727925 0.362692592153755 0.255497666491679
-0.0155653714294146 0.00642311522144358 0.23477722583073 -0.0684450090011549
-0.00620166311469588 0.0174206873451378 -0.0626692880502301 -0.190719920449782
-0.00268071788607275 0.00662356633123489 0.0710646553150195 0.136900447052628
-0.0191424032495363 0.0162030442611585 -0.154851476282322 0.0109188792258133
-0.0110197066799768 -0.00399048989244349 -0.322777735777952 -0.272742153292725
-0.00957696292713449 -0.0317134082649742 0.129471417830281 -0.523893025445744
0.0212811031630133 -0.0368570739557938 0.72752976249382 -0.0759612919223335
0.010676059394718 0.0323496432721391 0.422041364843649 0.728340821270529
-0.0459630821175212 0.0191658370127401 -0.284353156793799 0.569631922194693
-0.0519288256621485 -0.00653404232041474 0.0227266051377257 0.0811971933096027
-0.0201692680157906 0.0121455528143709 0.281749760963176 -0.542372734010792
0.00953639785183175 0.0137078540878947 -0.460488697111088 -0.775449332699127
0.0129387370039308 -0.0126729912104376 -0.841721481020272 0.117165741200482
-0.0189051569518845 -0.0014696058205253 -0.108125276203234 0.630491457871763
-0.0132579576476457 0.0170026349850482 0.36325297283864 0.262448654685413
-0.0171499224180546 0.0117053453283901 0.237742759555434 -0.0665917876935933
-0.00831654693555025 0.0219378922631938 -0.0593915816344008 -0.192267392513309
-0.0030836303462855 0.00963788834621898 0.072139795234022 0.138878855924565
-0.0181626819666512 0.0212815254736513 -0.153186572125222 0.0162658641985022
-0.00919871859443889 0.00132300812946248 -0.322875673470395 -0.264377855352407
-0.0046521860294375 -0.0276513601769418 0.119165727492916 -0.525775192391451
0.0275843423937689 -0.0372746749141744 0.721751735874026 -0.094995561873701
0.0177872020566328 0.0325496861691246 0.437078270756723 0.71534472022733
-0.0430362832502641 0.023524985197207 -0.281293936032133 0.575909153459326
-0.0499570750617358 -0.00381044690748364 0.0128721377753814 0.0878299368585393
-0.0172551647430917 0.0139903108709351 0.284024069856336 -0.533601919275241
0.0155756697813497 0.0145932378277685 -0.442186966498678 -0.787951786321359
0.0185993766713422 -0.0101501229773832 -0.847209462215779 0.0951776080339751
-0.0148561417108186 0.00276201996086208 -0.121772827730029 0.630306339216642
-0.0126206770869048 0.0223298911612334 0.360741699510438 0.273546469138334
-0.0185987864435893 0.0156649675170034 0.242590700069874 -0.0606471975822784
-0.00955385151604246 0.0251798157162321 -0.0597965772054267 -0.190529140304829
-0.00160553910481236 0.0109944514744651 0.0699723957196179 0.141312460769252
-0.0159506174992861 0.0231233419831058 -0.150280327298439 0.0237485334531956
-0.00682338785674429 0.00659243329238014 -0.326277517306848 -0.25155341189857
-0.00273719717544012 -0.0211958958878731 0.105826102146626 -0.526985529414656
0.0288772034917371 -0.0362989718547268 0.719194813793957 -0.118920898241037
0.0236136348726938 0.0306139849858511 0.457319234702497 0.700710226836907
-0.0365428650539627 0.0213390994148277 -0.269473020396038 0.583265771565215
-0.0453356673984854 -0.0040199038043911 0.00452060928314557 0.0947002658706185
-0.0127310007738467 0.0124865582892544 0.294918565568242 -0.522189652338258
0.0198102819656641 0.0146719999810332 -0.416121819341855 -0.802171396669177
0.0216775709462832 -0.00697711851516739 -0.851872911532627 0.0652234207357948
-0.0124658016527659 0.00813117339705303 -0.142116089656327 0.630112463381337
-0.0122875983625358 0.02696541087402 0.356272617402559 0.288036536854161
-0.0177980831546351 0.0188246875438219 0.244644226877577 -0.0513775410613809
-0.00862568006576685 0.0264573414367319 -0.0587595199301603 -0.189057115841575
0.00729168969789807 -0.00499233563793359 0.0590307135758426 0.146004869536947
-0.011877710115351 -0.000733235446532974 -0.164146826859182 0.0268607709594454
-0.0143105589872934 -0.0155984166741111 -0.337590263373602 -0.245161927490237
-0.0302489606861478 -0.0255396833837832 0.104686625253156 -0.516946031176084
-0.00881704843849151 -0.0291590199361948 0.730061858047745 -0.112409698508953
-0.00899577501205272 0.0138135755754671 0.474779723214268 0.691670244583781
-0.0290128095011846 -0.0134616343015953 -0.237894887311481 0.566428468647082
-0.0168488050043038 -0.0335025761883972 0.0417945260725472 0.0792767091514254
-0.00493894692332511 -0.0217267611940498 0.321806654671579 -0.539955380363856
-0.011118612109943 -0.000796839086815691 -0.404584444695871 -0.80261875597735
-0.0170462115024048 -0.00211984001623909 -0.835432267379898 0.0816078667593913
-0.0406152584306526 0.0014312898279462 -0.131198290340946 0.635527146333944
-0.0162634861134889 0.000172238098747897 0.345009480182992 0.290371733532102
-0.00769362272237681 -0.00791963552839873 0.227942594457166 -0.0457312869661775
0.00306812950885806 0.00674439971947217 -0.0733400251873168 -0.179471271407018
0.00501333147413228 -0.00315733802243577 0.060718003528913 0.143150058720519
-0.0143165304690142 0.000640951187704803 -0.163832643708644 0.0201375267037798
-0.0158305414007452 -0.0170796547701437 -0.33243738394205 -0.258670284912985
-0.0295597769312611 -0.0293180326573381 0.117029769063215 -0.516906852690499
-0.00487677808904549 -0.030973536523107 0.73238979867072 -0.0888305802469896
-0.00907242830664378 0.0182181158633435 0.45240768383483 0.707888816834241
-0.0359141854243471 -0.00696875018806154 -0.252227001816547 0.560809196371939
-0.02573199918035 -0.0289458362919506 0.0442304739685978 0.0742167508105784
-0.00995058262612625 -0.0147461460887917 0.309949221189423 -0.547184687911901
-0.0106013376354352 0.00184143250723739 -0.429045355642654 -0.787324804535933
-0.0147055370512766 -0.00594050765904048 -0.831086843309044 0.10688007004881
-0.0391830269398879 -0.00397431130530099 -0.116559064950106 0.635000921173615
-0.0164042752040077 -0.00130117112392278 0.350635080112181 0.275718937839356
-0.0091598084720634 -0.0066398906735755 0.228414378893193 -0.0546449569219132
0.00199430166010861 0.00763537934518455 -0.0710164246999556 -0.183045947389347
0.00310151697150152 -0.00163768689462078 0.064575795754546 0.139894589601461
-0.0172409094594491 0.00281476056411343 -0.163553242011555 0.0137907233394315
-0.0169879574474648 -0.0165562782583495 -0.325816468599501 -0.267947858768697
-0.0255931952486343 -0.0323868141550328 0.128284126518182 -0.517605624872701
0.000447275975693274 -0.0331176853030623 0.73114392177563 -0.0735718052010018
-0.00620065722677431 0.0230751003238444 0.432102997944126 0.720192096309862
-0.0408454045936282 0.0006023915596377 -0.265374343116043 0.557825536926204
-0.0354631964869673 -0.0224734746716424 0.0431611258385246 0.0731285285709393
-0.0161642619338844 -0.00714291367534596 0.29651332179592 -0.552104800278977
-0.00812029245420154 0.0059552499566123 -0.448365630985645 -0.777411149273842
-0.00881694701749725 -0.00942394432951926 -0.830778305384611 0.123184406527646
-0.0349030040913434 -0.00682874909537988 -0.105572848165578 0.633300270243026
-0.0146971847590271 0.000640989875763883 0.355047136793276 0.263799866547115
-0.010400848056442 -0.00411283041689844 0.228978539948924 -0.0635604501365834
-0.000678207067557533 0.0109484313670754 -0.0688527655194538 -0.1858805477477
0.000255968918838087 0.00132485752454835 0.0676191539730632 0.137322340627845
-0.0189377378249838 0.00793151858635286 -0.160117043891362 0.0097888259684977
-0.0160497001283217 -0.0134914700016528 -0.324073415066156 -0.273587494859676
-0.0202636904015165 -0.0339985730882341 0.130896986782537 -0.518599203586079
0.00809566874107359 -0.0349656528906967 0.729287652756848 -0.064193767011746
-0.00205744713676241 0.0266531144862397 0.419491814812645 0.728152594920519
-0.0443451943118639 0.00739259965795376 -0.276370505850855 0.557665124406892
-0.0432833221838067 -0.01565549427488 0.0376754513267542 0.0750370548846085
-0.0196575593629747 -0.000672889335143525 0.288860195069385 -0.551607528177342
-0.00296216470488234 0.00817590470157533 -0.462389343762676 -0.768976635085461
-0.00287499658023183 -0.0117934160407015 -0.832843871064993 0.131360374955297
-0.0302658454981576 -0.00783191925388904 -0.0983676832532285 0.630126457789263
-0.0141089394309895 0.00383767387623254 0.357911019991546 0.257318970301343
-0.0126606679699525 0.00186885869282687 0.23009000540766 -0.0686293231132075
-0.00435782261406817 0.0140890543333421 -0.0643670075966493 -0.187640409215136
-0.00254501977039577 0.00482762099397945 0.0702890477820138 0.136608302304167
-0.0188437458816777 0.0119076080351279 -0.158576169490202 0.0100104581141051
-0.0131781814014608 -0.00915422970218363 -0.32154989203471 -0.275063288300775
-0.0147165038466681 -0.0334076683375527 0.131899524950056 -0.521209939091146
0.0152672696350636 -0.0361553249274983 0.727171543271029 -0.0646941682588612
0.00362905702039052 0.0305049649799619 0.415307742638746 0.729718645758132
-0.0466823525542324 0.0152662150141658 -0.282890932413752 0.561710707875683
-0.0489419384720902 -0.0092312611363538 0.0306845561917161 0.0769670202816219
-0.0211796971009848 0.0067206087999029 0.280241129278114 -0.548351613503578
0.00372411190772125 0.0105886914950025 -0.465912411250851 -0.767187197044828
0.00523636052421777 -0.0135398544698189 -0.834844555906719 0.130727955342436
-0.0247898169518976 -0.0060748436474236 -0.0980137669258461 0.628821308474486
-0.0148360542142962 0.00967505142234692 0.361791050826066 0.254690317068475
-0.0157555194371784 0.00638394263445925 0.232685094492159 -0.0694049733276158
-0.00549716758440301 0.0187058916044543 -0.0629997381985616 -0.190747506138826
-0.00235189621857688 0.00760559667103934 0.0718531548577619 0.137067816232947
-0.0181954333523525 0.0176913306260348 -0.154949870772766 0.0111216868543717
-0.0112510912301297 -0.00475420899560175 -0.32162209206564 -0.270035238728882
-0.0090210657058536 -0.0317152699078321 0.126631436524471 -0.522057111646234
0.0217942106282401 -0.0373441388362913 0.723579945694129 -0.075883581617976
0.010525195892893 0.0324444506898723 0.421938478257901 0.723588678706517
-0.0452807556047428 0.0202428935839168 -0.282699754565051 0.566429246464957
-0.0512492686261279 -0.00589705652089436 0.0219072823143857 0.0815515185796492
-0.0205267147282354 0.0126568597676613 0.280484938796166 -0.54072471356965
0.00996578812844654 0.0130437493823369 -0.456804682161072 -0.773080823642317
0.0134729315085908 -0.0120996370945509 -0.839389932525172 0.117019958344226
-0.0194743909994795 -0.00238501851502974 -0.106237980201456 0.625907575141687
-0.0133800516100142 0.0166196076464016 0.360432910433329 0.260516542657137
-0.0182518477672203 0.0123136400973016 0.238585968031366 -0.0673044396221704
-0.00830553771202732 0.0221721384223373 -0.060900640574845 -0.191453129909818
-0.0028481720749398 0.00872982200754567 0.0717756080513 0.136711310747907
-0.0176057818035584 0.0205371501354993 -0.152148144792461 0.0168979004093831
-0.00987360642044316 0.0019799882961591 -0.323223232017628 -0.261611800668517
-0.00495078732308593 -0.0265127991063297 0.117455821540164 -0.523002933534567
0.0270676061989005 -0.0365961782742861 0.717971081523121 -0.093842154785572
0.0169673332741469 0.0326797977282198 0.434900924104673 0.712152550747985
-0.0423544120858132 0.0225754082834413 -0.279806249612197 0.573437706606763
-0.0513524943000415 -0.00353299157591771 0.0121572206492907 0.0870836232253964
-0.0175981916544428 0.0136649706835679 0.283583422323536 -0.5320347815182
0.0155473771378197 0.0136852486957814 -0.438949140621828 -0.784501867102668
0.019096530695811 -0.0104113403232268 -0.845387856866953 0.096684387850839
-0.0145689687208667 0.00345020140143605 -0.121724465055481 0.629000165821741
-0.0117930005220892 0.0229704322208813 0.358774319637321 0.270335799714878
-0.0187588219693541 0.0158383309990487 0.240740713603332 -0.0611619856643284
-0.00907935372090399 0.0257337257060707 -0.0587545882151979 -0.189767122281532
-0.00228501061603711 0.0104770264109764 0.070493602452587 0.140458646121887
-0.0159120419163829 0.0227572672647948 -0.149845603146507 0.0237483438710485
-0.00727869765557343 0.00624789824620962 -0.326158476185649 -0.247488333551344
-0.00229679486835619 -0.0219441888273024 0.106568560347256 -0.525458211196019
0.0290542128423997 -0.035917461557292 0.712759695196139 -0.119123664965433
0.0230273157499108 0.0311430667063103 0.455970150824464 0.697782741134737
-0.036353408899565 0.0225168024325804 -0.270554923687435 0.581856425957219
-0.0461211282906776 -0.00443352408007119 0.0039925921674512 0.0942366732512442
-0.0139667601384331 0.0128748270602146 0.291558176069844 -0.520377212166306
0.0196345560233766 0.0142408660675739 -0.414935245178601 -0.798596892223975
0.0220418839906341 -0.0075214217320359 -0.849759235533036 0.0655737435668768
-0.0115650884166931 0.00823636505359294 -0.142235584236485 0.62977911224284
-0.0126189432570596 0.0268698770312337 0.355195788670658 0.285188708556178
-0.017307247330928 0.0197165539027463 0.24420174540694 -0.0523527682634071
-0.00800823117929942 0.0273647920089351 -0.0590430910693403 -0.187323969822937
