TRXV5
3
4
4
9
string Extension=J
integer IsArchMeasurement=1
integer IsSpherical=1
string Generator=SPM
string GeneratorVersion=1.3.1 Dev
double ArchRadius=0.449999988079071
integer FrequencyAxisIndex=0
integer AzimuthAxisIndex=1
integer ElevationAxisIndex=2
Frequency
5 201 900000000 1000000000 LIN
Azimuth
7 8 0 2.74889357189107 LIN
Elevation
7 15 -2.74889357189107 2.74889357189107 LIN
Polar H Real Part
13
Polar H Imaginary Part
14
Polar V Real Part
13
Polar V Imaginary Part
14
Polar H Magnitude (dB)
12 0xC0000002 0 1
Polar H Phase
7 0xC0000003 0 1
Polar V Magnitude (dB)
12 0xC0000002 2 3
Polar V Phase
7 0xC0000003 2 3
-0.0126629813936048 -0.00123279118149511 -0.0810609309575389 0.133501414501751
-0.028761519186988 -0.0231888419824941 -0.157741172710527 -0.085039430790202
-0.0189689853276897 -0.041974516737727 -0.154140982889147 -0.409062525160219
-0.012360033506844 -0.0519281293150159 0.319334760801379 -0.466104839510409
0.00829223600407929 -0.0269673423135934 0.733915366464522 0.107463673784331
-0.0189593754306011 0.0129302899490082 0.315456093451607 0.759167861046715
-0.0260275017448072 -0.0336877063668054 -0.305792716814668 0.525307417336893
0.00560714624421068 -0.0570649881648616 -0.0137403078497295 0.114362728110388
0.00972140641911566 -0.0369104511893277 0.463927940118346 -0.332707854450924
-0.0202073273732853 -0.00173627383255102 0.111184235602172 -0.894459511010104
-0.00577506157664067 -0.000977659322882761 -0.708193460264657 -0.524024496586872
-0.0201491890548823 -0.0411898740834862 -0.588344224102867 0.35143070096264
-0.0186090258160476 -0.0422324260339427 0.00365835819771545 0.490454383793129
-0.0243960768350178 -0.0346661325930483 0.202072946736557 0.187320408627338
-0.0237102531247861 -0.00236787867084417 0.0856792768517314 -0.141492849763696
-0.0137201022658042 -0.00304920252874742 -0.0703329730847617 0.126724366124531
-0.031891610482193 -0.0272784776935973 -0.147968221341389 -0.106350957210077
-0.0153719798617738 -0.0452536934194297 -0.114280652084159 -0.424312132141781
-0.00572400035219719 -0.0531504731817279 0.374179841386706 -0.416964400775516
0.0113792919272631 -0.0265208302602612 0.716444846350606 0.210311974309654
-0.0232251089974817 0.00643707275523512 0.216604889479601 0.805186136654124
-0.0212450913348335 -0.0445727246285024 -0.353968795970063 0.497748328629848
0.0105843035675081 -0.0647594944050156 -0.0036824353676411 0.101945013440935
0.0103595755857802 -0.0430453641494907 0.43423919918171 -0.373723292986898
-0.0211206927028699 -0.00473745346664918 -0.00633197782806164 -0.885887425374974
-0.00692622803300641 -0.00462245533435535 -0.764746006898023 -0.411135273408233
-0.0220481874456378 -0.0418831840586548 -0.534985860671193 0.423844687459416
-0.0216748243983775 -0.0409249786186775 0.0573113475562257 0.483325763535564
-0.0254887775778343 -0.0364808419154128 0.216173260926925 0.16550548462014
-0.0242428961138966 -0.00347392562806072 0.0928588173043837 -0.149152920887118
-0.0128134034776034 -0.0046606905098765 -0.0591930094390448 0.119419855264422
-0.0308889757142675 -0.0272592938708675 -0.136892891422231 -0.125352915131235
-0.0111955863059708 -0.0439118668278577 -0.0718652584172052 -0.432762121151082
0.00228233869703625 -0.049215265685022 0.426849115065344 -0.358286853317365
0.0167177678249541 -0.0252093870543252 0.683221798932671 0.321060160523846
-0.0229226256412115 0.000303677677300385 0.106525397377187 0.839528741694002
-0.0159713455513567 -0.0494339162077221 -0.400382497560748 0.46161675484847
0.0127741702684111 -0.0663060896396635 0.00740162821021504 0.0846876520469056
0.00778165237194873 -0.0427902703110059 0.397425218029563 -0.416248087087512
-0.0211538474821973 -0.004504425896463 -0.124672153521323 -0.862983593172751
-0.0070705599309607 -0.00642311255423405 -0.807353161295112 -0.288422476145696
-0.0237209215865902 -0.0366706364124715 -0.46885784922054 0.490994829065093
-0.0236206706595999 -0.033444483869642 0.108159749664013 0.468877903308806
-0.0256579347686243 -0.0319706845900474 0.229793573570188 0.139466990033501
-0.0220565359304989 -0.00153348094989819 0.100086730269317 -0.159473319453931
-0.0108012584328094 -0.00277072043164424 -0.0505040152033856 0.11374507374123
-0.0289420624750284 -0.0224000238445694 -0.128051586814853 -0.139707116896096
-0.00589641366673155 -0.0339504445015565 -0.0334022995533473 -0.434130627481762
0.00804922549215034 -0.0415254347994794 0.471273564407467 -0.295935028155288
0.0230590174869017 -0.0236214058689957 0.63892253470772 0.418880211710243
-0.018030941904193 -0.00290952891217 -0.00439439748415786 0.858813125907702
-0.0131627071225511 -0.0448835480710169 -0.439913615594363 0.424827488672763
0.00918997579418548 -0.0620433902886549 0.0193023370804394 0.0679813356566421
0.00551914526955182 -0.0385656180356746 0.363053534191281 -0.451859664409896
-0.015966921262012 -0.00352868994282731 -0.225794818136 -0.830723968623083
-0.00697057440753565 -0.00720008185383909 -0.827702045188286 -0.176323106624231
-0.0262900650951268 -0.0269811473216746 -0.403312645344547 0.541664242069176
-0.0232436055569142 -0.0213619479154059 0.153539868067065 0.449279028279773
-0.0237867949381037 -0.0219459729233592 0.239104045773201 0.114570076659191
-0.0196816844249202 0.00310650999405865 0.107045136933917 -0.167455860166832
-0.00780750920179273 0.000484664797614561 -0.0447421539412583 0.109416312753417
-0.0256046243799582 -0.0112187331962244 -0.122462369495388 -0.148741093403967
-0.00244424231802952 -0.0203195492831798 -0.000948613800970797 -0.431750804306308
0.0111114292331104 -0.0311110816850808 0.500829493835857 -0.241709892123566
0.02846016560061 -0.0212221997320643 0.598085055032915 0.491067467048669
-0.0115699078494246 -0.00131906656748441 -0.0889183115136152 0.864604555568331
-0.0130599332315974 -0.0348428845829951 -0.466716226590725 0.391845123870352
0.000340609582437956 -0.0522584949309669 0.0291054294607969 0.0534406698305967
0.00343916747360386 -0.0287175699417591 0.33484548171457 -0.479953261044953
-0.00745207212089281 -0.00224985766517197 -0.299179511796958 -0.797208045673112
-0.00575787624013522 -0.00667402863686543 -0.831083463977815 -0.0937118877804086
-0.0244766553069001 -0.0136055728900383 -0.34857806538212 0.574766271998082
-0.0222670458093145 -0.00555842049334769 0.184849747357335 0.434887954925896
-0.0203982949658699 -0.0094765838964166 0.24463295739454 0.094000374227032
-0.0156111703548643 0.00857009177072145 0.110476566681782 -0.175646416873656
-0.00475777508128425 0.00567878900826968 -0.0415045715639928 0.108461970040601
-0.0215728526616263 0.0020494500617166 -0.120052513840747 -0.152806817167219
-0.00208099613158182 -0.00463685510944913 0.0143873710429672 -0.428218956222913
0.00930929315600589 -0.0196062480002036 0.51553912836852 -0.211981121525644
0.0332258192066131 -0.0196343219099592 0.571754573934623 0.525679893082855
-0.00473653183330077 0.00607213693896628 -0.135288393896834 0.86385159953306
-0.0172721718420113 -0.0201823541324765 -0.47981441298462 0.373109658597915
-0.00964720391414276 -0.0391333326973274 0.0342291364934796 0.0460699218576693
0.00368211746083641 -0.0159824490758126 0.317761568684482 -0.494750467917938
0.00246185833454601 -0.0003769505574618 -0.333414887817429 -0.78184941465131
-0.00195654580299592 -0.00641560463668785 -0.831521356508437 -0.0525001857786787
-0.0227575693244485 0.000817119163642065 -0.322914783456381 0.589593212288172
-0.0177079881031069 0.00888260002035763 0.200481025361709 0.424428226408803
-0.0156318575672929 0.00287978039384158 0.24606408211707 0.0839030856158083
-0.0106649869274786 0.0138366405592166 0.111687913056549 -0.177131431377763
-0.00124330841085071 0.0116427356682519 -0.0426714800575584 0.110292205644532
-0.0169493793852787 0.0159637149225762 -0.123107805379053 -0.149858654970281
-0.00315333864574111 0.011588670408667 0.0104371875448513 -0.424926134528246
0.00512094760126776 -0.0105841183439018 0.517575852567085 -0.211914687927096
0.0370160255450094 -0.0177813469839275 0.577794457720614 0.522094481213644
0.00239999443635335 0.0156790518520498 -0.130726635498883 0.863486698070595
-0.024024212400114 -0.00239914523643864 -0.476783625487561 0.372516824720261
-0.0223169782902382 -0.0232192720111236 0.0353705416104666 0.0419110940510823
0.00349920619589546 -0.000772277685228754 0.317314866995558 -0.500694993766015
0.0129882457088368 0.00320182814148178 -0.32887232245205 -0.788241145636859
0.00115914854418814 -0.00524291791427681 -0.828144812737495 -0.0600100834399544
-0.0215367888693634 0.0119712933507465 -0.323210439891665 0.586237520951523
-0.0153000347850655 0.0247205098612901 0.197700740030009 0.4266217293763
-0.0104883074681696 0.0141086282827046 0.245010311790045 0.0857273846009306
-0.00448561600373681 0.0197782940966159 0.110288714537287 -0.17777221839842
0.00159228547851531 0.0160536209372312 -0.0470983357234569 0.112749972231177
-0.012061757658236 0.0274837998378672 -0.129884863060601 -0.142275251596602
-0.00419293608430917 0.0254166463525091 -0.00840193252186664 -0.422163722294389
0.000670279489732586 -0.000968701387743285 0.507057783300397 -0.242533954260747
0.037504484390941 -0.0171472457310632 0.611391592361075 0.477837138863941
0.0100927807996805 0.0259340681164154 -0.0773298592760688 0.86254674719753
-0.0300725823262173 0.0151805490227054 -0.461399132461918 0.388303052696191
-0.0333900776084891 -0.00801539368191836 0.0316042260513728 0.0453093079651742
0.00202137730170526 0.0140975036673442 0.33680787453024 -0.490603839613909
0.021391521742099 0.00787671399030276 -0.28755163021849 -0.813619956030972
0.00536167633969146 -0.0029136766290484 -0.825119844190436 -0.113005701222261
-0.0218621449285302 0.021131514803727 -0.359035046444227 0.568191465867076
-0.0136398277440241 0.0353245757446436 0.177322367871772 0.440918007954589
-0.00707283457965955 0.0258427505755634 0.238888348384404 0.0976293319940471
-0.00128475964582231 0.025261956719737 0.104825690535108 -0.174362814132145
-0.0114999117901815 -0.000462425725463512 -0.0801827054419477 0.133379941446391
-0.0290060784590804 -0.0227045011088853 -0.158667615376905 -0.0860765385095562
-0.0178493911553809 -0.0417244356857789 -0.154154827593037 -0.407052900551995
-0.0124292105708498 -0.0505864146373134 0.317563210498289 -0.462565278091845
0.0089767489761214 -0.0264454573256088 0.731104581821288 0.110028831100653
-0.0185699757738048 0.0134947440482557 0.316078886554778 0.755827182837966
-0.0254019960826936 -0.0337163770855696 -0.305721783036058 0.522459507612436
0.00563636916756974 -0.057225828890317 -0.0137532660711474 0.11372024578152
0.0104312609237002 -0.037183045473625 0.462240695264212 -0.330537359072795
-0.0191133932616445 -0.00233517339552541 0.11187855351311 -0.890704274254028
-0.00421857721088249 -0.000961636871677451 -0.706850518701207 -0.521330377818048
-0.0200407226950135 -0.0416501661147487 -0.585764936809052 0.35041494446618
-0.0194037577812658 -0.0418645535576981 0.00570746004819127 0.489753285147206
-0.0247225146812073 -0.0340798495414747 0.202736743321076 0.186836932955841
-0.0236631906332723 -0.000827723079953808 0.085349797308898 -0.14128662951532
-0.0137128500442381 -0.00364956813932058 -0.070666171009339 0.125459174364768
-0.0315984406848922 -0.0274114760268807 -0.14894037995835 -0.106407419295049
-0.0155119561392025 -0.0460700399358294 -0.116141005854681 -0.4225546096235
-0.00517058138403529 -0.0528815377086188 0.37349933641731 -0.416222936369975
0.012127671077685 -0.0263113123577821 0.71557276530497 0.212484729273393
-0.0231523443011405 0.00688943153510288 0.217038100276907 0.80062059839247
-0.0220569202694357 -0.0439737112474984 -0.353164629158511 0.494042066645659
0.0109965589259929 -0.0634445297403997 -0.00360290943408867 0.100170913296931
0.00942012659364973 -0.0428811537752413 0.432409515279948 -0.373398349730124
-0.0215363049190252 -0.004368477193387 -0.00493281532551997 -0.883091194889711
-0.0053380481910561 -0.00441892858169109 -0.764076725203562 -0.408647365398036
-0.0222806812949602 -0.0415252948215312 -0.534441172011276 0.422339333253206
-0.0215983415650595 -0.0416372405309784 0.0556854467180582 0.481524521871464
-0.0267585341012522 -0.0357264836179709 0.217705289153451 0.165441647859058
-0.0241341912394099 -0.00200149099661565 0.0924871735138507 -0.148560652495974
-0.012991034936861 -0.0036975353112878 -0.0588017103802566 0.118674988072178
-0.0314701968454679 -0.026580292675002 -0.138773843704948 -0.12511900863126
-0.0106606746257976 -0.0434674083751924 -0.0729934881686044 -0.43031362182774
0.0017265169866969 -0.0492029428091475 0.426478330143854 -0.357196666364199
0.0169083279154892 -0.0246851523875151 0.682150853396505 0.32298436433616
-0.0234511295935865 0.000408628737883695 0.106710875223528 0.837399888632173
-0.0164955217971063 -0.0477397230505029 -0.398546445880227 0.460131439054006
0.0119890779732737 -0.0653623820459073 0.0080182350027264 0.0840414102520921
0.0086015504935909 -0.0434861278044702 0.395899525684495 -0.414346199260785
-0.0203312613043953 -0.00494000175185151 -0.123564675413063 -0.859818369385531
-0.00603331897022109 -0.00683687907639716 -0.805672737263344 -0.288759821682491
-0.0245232672496374 -0.037182450620535 -0.468044762999599 0.487986322963895
-0.0229074511425473 -0.0331107366302841 0.106970770295817 0.468512060031551
-0.0252022295745538 -0.0311742312321266 0.229979400244563 0.13934122321054
-0.0224224040126976 -0.000773953729873826 0.0998770250943401 -0.15871620204999
-0.0107670281058374 -0.00274892862692036 -0.0508614545296405 0.112887932075572
-0.0282854876489947 -0.0228675101999963 -0.128857315682558 -0.13947015963644
-0.00503515070337619 -0.0343183887698753 -0.0343830452451913 -0.433113672356807
0.00845585327273158 -0.0400288363805903 0.469126854819495 -0.294753832367506
0.0222380475134647 -0.0230288867667232 0.637877746339847 0.418737877612096
-0.0175899316514544 -0.00260762283004527 -0.00518266839528494 0.854657494503891
-0.0132049679876372 -0.0444139965212128 -0.440237830130955 0.420764109348789
0.00856000688491534 -0.0613013081187638 0.0195517463835821 0.0685939988225581
0.00519148601369286 -0.0392596099997265 0.361471673028872 -0.450050923757234
-0.0153801953912763 -0.00357390839419863 -0.224593846464967 -0.827968916602436
-0.00642915484535065 -0.00765862072066591 -0.825067918592677 -0.174137432927835
-0.0247704303565666 -0.0261312546692873 -0.401531268837958 0.539999986309039
-0.0236046706070957 -0.0213100066920746 0.15394376550612 0.44934331638295
-0.0242741722606435 -0.0216749176515092 0.241214276011769 0.113092424813754
-0.0194515012657521 0.0026805996546598 0.107690516777092 -0.16686256032027
-0.00723826375723908 0.00109459644040751 -0.044400002323685 0.109160068328409
-0.0247843359014566 -0.0108775811704461 -0.122324170834056 -0.148171690774037
-0.00226789911756561 -0.0210225924733293 -0.00214953404881109 -0.430792590590762
0.0106752825046558 -0.0307467007856932 0.49883951964972 -0.240041505836144
0.0286981521908718 -0.0210772072078055 0.595450246990946 0.489584476518668
-0.011300410612001 -0.000317243970419582 -0.0909036466545239 0.863608100555088
-0.0138741124323418 -0.0347593657474634 -0.464115763170278 0.388761672648619
0.000340014806578585 -0.0522711926841407 0.0288397517926444 0.0541345561175914
0.00406740460597571 -0.0289849280899951 0.331771854052179 -0.477491267906877
-0.00695301858135654 -0.00252532417477611 -0.296854577351176 -0.795403906100079
-0.00440105963494844 -0.00740026612157237 -0.830630609850579 -0.0938648936960064
-0.02569862123693 -0.0133049008969492 -0.348430164049895 0.572955196700651
-0.0222574044416254 -0.00587737888940135 0.186019384981642 0.432804401240108
-0.0204137936647209 -0.010376257390102 0.245272484480319 0.0937799979465407
-0.0151356013454702 0.00915985415671693 0.111190724749372 -0.173260342625333
-0.0035341300824521 0.00622190692919267 -0.0421293249987387 0.108546872773335
-0.0208900103186753 0.00157649856524902 -0.12077672505385 -0.152574731360447
-0.00204831842893842 -0.0047841745927204 0.0122210392313639 -0.424748800919463
0.00898260900413188 -0.0195938664641239 0.513637440175572 -0.210004163944873
0.0333148297744349 -0.0197994920760452 0.571663565789168 0.52529357183581
-0.00525627137195778 0.00671181717807324 -0.136722337943695 0.860911128951034
-0.017331169582929 -0.020298039940496 -0.478635292653349 0.370895271308
-0.00968805142716178 -0.0387739224243885 0.0328432588990621 0.0438545094983207
0.00395883822372823 -0.0167331609273407 0.316168545037622 -0.49274691737591
0.00308579601699987 0.000657598281346559 -0.331463866992829 -0.779066404211842
-0.00218026621397412 -0.00589781453463058 -0.829190911238577 -0.0516781400840048
-0.022758638368083 0.00022906216968088 -0.320979371096403 0.58685535863318
-0.0179408739636585 0.00984034523610122 0.200501718975674 0.423240853642721
-0.014946389000242 0.00304153679314707 0.247060336188536 0.0834124535183761
-0.0105602990751469 0.0153045973172608 0.112453126113915 -0.177105209730985
-0.000993164169162827 0.0121146079499136 -0.042400200275971 0.107328086413397
-0.0167888305858042 0.015823114530858 -0.123907889912454 -0.149398323339361
-0.00306649921071321 0.0123314569580377 0.0100474715748236 -0.42263241353808
0.00502769196998894 -0.00988665083469377 0.517485562572611 -0.211293625221484
0.0365571525488475 -0.0182437833502987 0.576957360748185 0.522407650017908
0.0021866003144991 0.0155922833186629 -0.130848002401528 0.860287090349401
-0.0242938176313037 -0.00271033378435673 -0.475834057825571 0.369925659247952
-0.022182556755684 -0.0227077183821366 0.0346397820975624 0.042290125239543
0.00360700215706475 -0.000865370562953365 0.316534530079506 -0.496891506754071
0.0137203779364637 0.00402840246954623 -0.328338395234829 -0.785944228338571
0.00215359482348249 -0.00376276911944669 -0.826160453015908 -0.0601387300994986
-0.0210660156366747 0.0127431682259863 -0.322884112698095 0.584498011445961
-0.0160461449759392 0.0229584365215354 0.198229465314573 0.42603037293988
-0.0104944014192392 0.0160219218970558 0.245370650415531 0.0846159276935177
-0.00497736888377828 0.0204009933592658 0.110405522352037 -0.177228146131936
0.00247359414775113 0.0169630532744082 -0.046709075424554 0.112444969048843
-0.0118284899638628 0.0269137093632687 -0.129422692281286 -0.141736534981324
-0.00282950498502966 0.0237685370418801 -0.0103205830291044 -0.421599139404524
0.00103508179598115 -0.00128909151908553 0.50457605563813 -0.24027771968297
0.037445630849586 -0.0174301825983606 0.607210925689825 0.478012378770821
0.00972502351994617 0.0247779975754263 -0.0787122823912742 0.85904093960367
-0.0297056356589158 0.0148147567056918 -0.460684822923177 0.386075676740335
-0.0338568071497007 -0.00701130566927999 0.0314017093025598 0.0454999349741931
0.00229171363344791 0.0139362741062093 0.335367983235009 -0.48901733181817
0.0216541346171299 0.00699237515897287 -0.285632934103491 -0.810928440866369
0.00474919196762867 -0.0022132567024865 -0.822798207575928 -0.110813963900293
-0.0214256176621284 0.0212315196513679 -0.356285618318931 0.565662441684126
-0.0146697391736972 0.0348859787674209 0.178740193834958 0.439280427170383
-0.00671073417226716 0.0271527529382858 0.240263294454927 0.0974881666114835
-0.000931339141532751 0.0266026617048187 0.105415580461045 -0.173055910343347
-0.0121261645688892 -0.000317902388996487 -0.0801003147106984 0.133125433647092
-0.0289028407897916 -0.0234031782158974 -0.157920628520547 -0.0870595760907867
-0.0174167117626836 -0.0419579911610964 -0.155927436811651 -0.406683287688087
-0.0125694670754566 -0.0499185834301607 0.316026307003667 -0.46120978781569
0.00821970841550642 -0.0262166468972066 0.729794812127721 0.107617646970441
-0.0184566498925188 0.0142638515018742 0.311264060149846 0.753670662113334
-0.0253939441059813 -0.0343555248713363 -0.305148911183177 0.521334172032475
0.00547866563485928 -0.056544813863518 -0.0140011289750495 0.113651116086492
0.00976179264794792 -0.0381059979815339 0.459711566324869 -0.330082374259873
-0.0189467710128703 -0.00167712265726635 0.112212852793921 -0.88818666467086
-0.00440514240130044 -0.00103717852766757 -0.705584541729168 -0.522549921217589
-0.0202397138912173 -0.04109401544202 -0.585611499267864 0.347950481391819
-0.019792506986474 -0.042546915370995 0.00574127947072432 0.488211860759335
-0.0253417840181224 -0.0338316030012972 0.202992369119393 0.186913299565134
-0.0237747949542205 -0.00134693309938779 0.0866900758697693 -0.139647582599723
-0.0129736700183033 -0.00245253036615183 -0.0694050010057983 0.124989082514581
-0.0309903976894776 -0.0275268832773154 -0.148954906752488 -0.106268902303986
-0.0150018973784056 -0.045607016037476 -0.115617644330597 -0.423087929550121
-0.00559384972373606 -0.0521828240487184 0.371078208765185 -0.413680203739337
0.0122021095708027 -0.0258389611151733 0.714399683369345 0.210430973696331
-0.0225503169039943 0.00670888287269726 0.215865625856751 0.798837907366976
-0.0218462800559659 -0.044150804297541 -0.352406777518312 0.492122233075371
0.0101297721164748 -0.0641326083361829 -0.00413449061947261 0.0998270164265218
0.00976659412577473 -0.0432480707442938 0.43071767939766 -0.37190741104978
-0.0219428334949784 -0.00433885666387007 -0.00351018358637572 -0.879483440895176
-0.00578004777394653 -0.00387023026054428 -0.762155341835006 -0.409334766620059
-0.0217442679222142 -0.0405033081377644 -0.531793505475077 0.423432449092947
-0.0203628185967947 -0.0409738057663306 0.0572442458463011 0.481378698500053
-0.0262102388721673 -0.0349860879661246 0.21703572716278 0.163987964482446
-0.0231611156569793 -0.0021259598876897 0.0935243232056672 -0.148411993651846
-0.012821516338593 -0.00360366354075243 -0.0590038561509073 0.118425452386358
-0.0301456193723227 -0.0267468648116901 -0.138466666654779 -0.12545602621132
-0.0106546807751073 -0.0437111406328253 -0.0737310062954311 -0.429292951010529
0.00186903116053286 -0.0485252352589272 0.424463055792298 -0.355307941981496
0.0173439367889801 -0.0250168871374204 0.680632684024323 0.321391413417815
-0.0218729033814954 0.000143875695068891 0.104228048856443 0.833855783636589
-0.0170867707342634 -0.0483230604231498 -0.399009745599615 0.456510818208813
0.0110729966866591 -0.0653339047430455 0.00808739727290992 0.0844151620073946
0.00694604721882411 -0.0439119365417602 0.395800624970848 -0.413701416748049
-0.0195753798757386 -0.00499817152662416 -0.122905101408623 -0.857585521184244
-0.00538460360543841 -0.00609166805449628 -0.803397096266421 -0.286757054120866
-0.0238868412531477 -0.0362495453325379 -0.466284847060956 0.489013673163585
-0.0228098692239358 -0.0338282875730274 0.107911133590416 0.466767578578452
-0.0264052357106019 -0.0303172832472964 0.229882738687601 0.139475394535789
-0.0224378961632236 0.000516158736929985 0.100340152008723 -0.157849511078329
-0.0111791306948861 -0.00264171700349196 -0.0506973712879796 0.112691119033057
-0.0282252800722342 -0.0219342391832591 -0.129753066166787 -0.140220198807244
-0.00573308921838231 -0.0338601096897009 -0.0341010803029616 -0.432739006070958
0.0085503138326325 -0.0405085607379418 0.46829994677689 -0.291410720081047
0.0228109533316401 -0.0229727560849452 0.635231849254629 0.419298123814078
-0.0176993109535262 -0.00282770996172572 -0.0050357551535952 0.854163459261057
-0.0139325804739268 -0.043199512371759 -0.438625596401225 0.419462863170586
0.00779609216465083 -0.0605590270672825 0.0195277554698709 0.0675371996550376
0.00464745897689618 -0.0391307506645909 0.360935835372261 -0.449017086560083
-0.0153878161800471 -0.00453366448887451 -0.224404370561721 -0.827104177290174
-0.00559001822849422 -0.0076066447040218 -0.824756993663705 -0.175537852242433
-0.0253681905275406 -0.0267272911526734 -0.401467354068495 0.539619583918399
-0.0230666441671227 -0.0209880792334439 0.153969446701497 0.447585141483265
-0.0249952805140187 -0.0211918562739457 0.240843162824596 0.114434581378978
-0.0201378440602841 0.00441184743926205 0.107743383226612 -0.165675230197595
-0.00756642389962962 0.00104981364691623 -0.0446965885067937 0.109150367433471
-0.025072254393164 -0.0117474551329886 -0.123279735781078 -0.147812583129042
-0.00182635155453001 -0.0208759016794022 -0.00266261875774625 -0.428396923548023
0.0105013677309482 -0.0304554235385586 0.497077528080495 -0.240225477310662
0.0279215780999757 -0.021184741973683 0.593686658934826 0.488885102854172
-0.0111755532856676 -0.000754907972944349 -0.0918921192849217 0.861081187183037
-0.0135617974093174 -0.0338384513123502 -0.46317859132343 0.388094507808544
-0.000138735838832872 -0.0516120951503365 0.0280150133624902 0.0537735795973248
0.00264241159875544 -0.0294914961876964 0.331620058306206 -0.477226382438982
-0.00684272111981647 -0.00252996246199614 -0.29541923636634 -0.794204594726102
-0.00386770193744509 -0.00653583018042444 -0.82904438951672 -0.0939063478898168
-0.0243095372199668 -0.0130916498779186 -0.347068136424097 0.5731553228887
-0.0210162548720594 -0.00600165299021746 0.186135049122785 0.430998264580177
-0.0206489394460742 -0.00937304234449842 0.245995596116289 0.0941059196066829
-0.0151888838791242 0.0100211100743222 0.112546025733017 -0.172987717454802
-0.00443136809114287 0.00703265472967022 -0.0423163345644238 0.108375278442638
-0.0212760745099924 0.00142132965575328 -0.121347013287451 -0.151979899555754
-0.00182262248350927 -0.004423521355739 0.0116606767608361 -0.424583450920694
0.00973370373707927 -0.0190558317643896 0.512173454281028 -0.20889345603421
0.0331244134270931 -0.0195476757574829 0.569417170316623 0.525286341681682
-0.00422481360192392 0.00651892196265674 -0.135915757688386 0.858032257058132
-0.0176086295796978 -0.0198397645814101 -0.477791036223966 0.368729811756846
-0.0102581391240638 -0.0378445190541774 0.0342508292799615 0.044986705450527
0.0024750424615958 -0.016748672519604 0.315571893742656 -0.491615388275036
0.00355921699028637 -0.0008791238941619 -0.329007684806922 -0.779182131419383
-0.0020712169501433 -0.00619405078615808 -0.826150899943262 -0.0512592867561463
-0.0237523380495029 -0.000170947594634147 -0.320778166176162 0.587032953279521
-0.0182262827967868 0.0101540721354626 0.200230938214565 0.423010531560575
-0.0155707871134142 0.00294292251938659 0.246458798809154 0.0831931901555764
-0.0100852876023103 0.0158965492636108 0.112364697584671 -0.176243443175908
-0.000174221707118735 0.0114318425127108 -0.043547084106761 0.108642393336974
-0.017238100446166 0.0155343629865796 -0.123124710104324 -0.149271883543065
-0.00198853950820403 0.0121170306934196 0.00951925884977433 -0.421093340261466
0.00504186500191747 -0.00864514372535469 0.514640396593151 -0.208952024049896
0.0361880381580644 -0.0185997900502469 0.574888692989468 0.520602128211322
0.00301241653424468 0.0158498339424431 -0.130806030251383 0.85808341926175
-0.0237807954658177 -0.00149150931892355 -0.473807083242808 0.368359226595818
-0.0232336111018682 -0.0222439360001357 0.0343448016793907 0.0414101013509231
0.00248203391399484 -0.00135238872033765 0.31598412280237 -0.496166159652507
0.0138693034820725 0.00279015621907026 -0.327084768126653 -0.782489977487323
0.00268724214713166 -0.00360764188303225 -0.822930754001628 -0.0592422485952578
-0.0209272523794962 0.0124972405726957 -0.321065588354042 0.584534580724183
-0.015038333577309 0.0238593925682069 0.198137960510813 0.425016812854059
-0.0109739348414776 0.0156760220464689 0.244870014028376 0.0850096529416488
-0.00503838846215261 0.0210146567445269 0.111027475252121 -0.175981348872245
0.00296213145541402 0.0161764012426408 -0.0480866191666094 0.111501166156565
-0.0122937126629391 0.0269702486129185 -0.130365936357927 -0.141586719892612
-0.00287834061155041 0.0260367557360507 -0.010237355508432 -0.420377387864348
0.000850038804500315 -7.66678580707875E-05 0.503289106560245 -0.23888883583413
0.0368694353712686 -0.0175480663100881 0.606334277114629 0.478298421185978
0.00966308640264238 0.0257759826501846 -0.0770109965303366 0.855785334497095
-0.0292976396331249 0.0157713676780356 -0.4586164284089 0.3862805765002
-0.0352384651611199 -0.00740527279347808 0.0318266595168746 0.0447364750288474
0.00160593680708491 0.0130727954952837 0.333373162318883 -0.486508033840517
0.0215809319527709 0.00724928513612821 -0.285545343878065 -0.809056668053023
0.00592605669287113 -0.00298626660823861 -0.82085026915486 -0.110603992125843
-0.0217342000040049 0.0215837710859366 -0.3552904500622 0.566046511349629
-0.0134103868118398 0.0359622248175147 0.177992114221165 0.437422403455016
-0.00690774712959648 0.0273536424863527 0.240084336689928 0.0970142474364566
-0.000425969544271394 0.0257623140085998 0.105161462032123 -0.171998497228738
-0.0115618156509857 0.000510660191192241 -0.0804602944780558 0.13182234791634
-0.0281201768655703 -0.0230459841453515 -0.158782192239074 -0.0872788709024105
-0.0182479734296464 -0.0408823380420141 -0.155194740631947 -0.40636795258043
-0.0123311951862221 -0.0494620732564534 0.315721190448468 -0.46023688593535
0.00863791001253728 -0.0266037687340018 0.727442925824941 0.109102458414115
-0.0182266380340512 0.014189763878949 0.310715639015693 0.752482678255504
-0.026363452670847 -0.0330585134353954 -0.30461828141236 0.519540364480723
0.00458315253512748 -0.0568520714571397 -0.0134936455850969 0.113131818966726
0.00986202496828695 -0.0384069838321088 0.460702215572207 -0.329554944489549
-0.0180911339701648 -0.00242653475754369 0.111571289261159 -0.885699419538162
-0.00328388986978582 -0.000824979362950912 -0.702797566964769 -0.521395450366401
-0.0201584857664435 -0.0408267457016691 -0.58573426687491 0.348759000945643
-0.0187470119242851 -0.0421608508800113 0.00582320246764652 0.487863025996722
-0.0252441898565269 -0.0338521023723161 0.204209062183451 0.187197836797342
-0.0235440980205027 0.000730275454861895 0.0863790978550513 -0.139805059352991
-0.0136558562597627 -0.00263093327992048 -0.0710576670341371 0.125942191091454
-0.0300630925656346 -0.0271707276626358 -0.149359101104277 -0.106923313414728
-0.0154402394715974 -0.0449467160095016 -0.116621003747788 -0.42078265384307
-0.005238880372439 -0.0509833709960653 0.36939169753069 -0.41284703139061
0.0119861223810243 -0.0254654331566068 0.71073846362152 0.211631070329886
-0.0221054149611776 0.00683398044892735 0.214045148488465 0.796411403000272
-0.021567367887801 -0.0442527730289107 -0.352354419315292 0.490148359700323
0.00994604533426409 -0.0634978101074297 -0.00415557076489234 0.100000585849297
0.00920886213406693 -0.0441603194826119 0.431231538782222 -0.369624519178925
-0.0209866705142194 -0.00484044838914496 -0.00421914253334956 -0.878506117687607
-0.00534476508895436 -0.00345750325207497 -0.759737848690445 -0.409879137562683
-0.0218393343189535 -0.0411617353976077 -0.532517341761142 0.423053485271614
-0.0211786836594346 -0.0417634437112646 0.0564058937044208 0.480632322599919
-0.0262932923057419 -0.0354999150452563 0.218221663663011 0.165740607815062
-0.0234972174303895 -0.00171036029439253 0.0939768709234099 -0.147860121691232
-0.0127662515417112 -0.0034032959509834 -0.0604814965356404 0.118149468746021
-0.0306512498781746 -0.026781596819893 -0.138730644092332 -0.126276862056111
-0.00977999092298722 -0.0432340953843936 -0.0745535118654207 -0.429615890896644
0.00275148862153731 -0.0487850048583631 0.424422088468626 -0.353757352652442
0.0172479510452499 -0.0249070508492387 0.678436218979638 0.32104715818462
-0.0215137511615452 0.000527413646966512 0.10104629907682 0.832723111576214
-0.016813929708124 -0.0467827785768791 -0.398013998198288 0.455686190898827
0.010643295638512 -0.0649604101923307 0.00707057334402706 0.0844039503524527
0.0072155764252761 -0.0447347761449424 0.394440156197963 -0.410981557182181
-0.019362854241872 -0.005390194722698 -0.12196081197609 -0.857579491302715
-0.00550302578322051 -0.00601971654956168 -0.803363654605257 -0.28602186372364
-0.0238702017125454 -0.0368433307483983 -0.465595599767609 0.489200939670141
-0.0225127792836742 -0.03408467953059 0.107888405445912 0.465426693451407
-0.0265405638081815 -0.0297878410608204 0.230330673835765 0.139516539491543
-0.0225890126318481 0.000661933612376335 0.100714608403907 -0.157314228902484
-0.0115080617815023 -0.00202415941665358 -0.0517430368314475 0.11166942157912
-0.0276997066664711 -0.0220394388915368 -0.130627474523483 -0.140312290258325
-0.00580172742809235 -0.0345482384618779 -0.0352018344154849 -0.432064655398165
0.00821149647209877 -0.0401796520616333 0.46698183112941 -0.289599571083979
0.023054880385722 -0.0234250555759787 0.632751621741457 0.418818832647582
-0.0177579129483751 -0.00252467462369268 -0.0065703421875998 0.851600664163144
-0.0126760031980335 -0.0436195514901231 -0.438104820035709 0.417795465458516
0.00712184913714052 -0.0607610264990396 0.0177635528764145 0.0679524898143587
0.00390174426918119 -0.0399561499243062 0.359601253393079 -0.447262844300732
-0.0148895435797291 -0.00446426746454795 -0.222868836439957 -0.824637293384632
-0.00534426013966291 -0.00766377981008746 -0.822494928716922 -0.175244795393424
-0.0256194997688989 -0.0262379953145332 -0.400597311554345 0.539836537368977
-0.0230754414549531 -0.021689374812097 0.153009418573549 0.44655023150519
-0.0253005012611933 -0.0203049591172263 0.239872334146393 0.113470247161716
-0.0192216339073541 0.00478499243114482 0.108162756837846 -0.165281563401689
-0.00779146133503277 0.0014398145621438 -0.0451193043643439 0.109096266647162
-0.0240060872869081 -0.0115841531997237 -0.124064254685361 -0.148850404218324
-0.00213819073863323 -0.0193542979003118 -0.00390711717188121 -0.427305239938233
0.0117554921822439 -0.0295635435258524 0.497311842729215 -0.236049386644688
0.0283887213355914 -0.0214397738944253 0.590074898945509 0.490640687167058
-0.0107518229471824 -0.000209075252190948 -0.0915351781449 0.857794117184589
-0.0128581974587443 -0.0339239493116766 -0.46438256998246 0.38554404933765
-0.000602070482067325 -0.0516325509622707 0.0284577534532926 0.0534316427065455
0.00328128956472035 -0.0301476493340964 0.331722237452942 -0.474807589155419
-0.00677624149726428 -0.00297537248595641 -0.29468861112648 -0.792371733210964
-0.00352097114441577 -0.00678322078525635 -0.826123199334047 -0.0933160899696116
-0.0241303886810282 -0.0127667821111167 -0.347446914111118 0.572003758320859
-0.02118229085805 -0.00624268941086253 0.185270138357067 0.431649720959508
-0.0205689314604482 -0.00865847953097343 0.246168239054748 0.0944999069964188
-0.0146953727580227 0.0103105550574643 0.112721641742307 -0.172266645841223
-0.00381857590902183 0.00678344652104756 -0.0427374722372625 0.106404591754381
-0.0205633771363046 0.00124482442325475 -0.121395430463814 -0.151301193570517
-0.000633054627362967 -0.00396013955611312 0.0126166684695035 -0.421900074686568
0.00977054713281868 -0.0186696663111448 0.511572462610043 -0.206390560515346
0.0325830892056947 -0.0196634315067579 0.567420082020618 0.525464798810294
-0.00462577737090823 0.00638690506183002 -0.137397892148719 0.859277949190605
-0.0170551798531784 -0.0190456573054787 -0.477092986134097 0.366343036088707
-0.0117526037079272 -0.037672011942881 0.0339735619987872 0.044559717469866
0.002603532913489 -0.0169054040609141 0.315289616206961 -0.488772699938136
0.00312727738057498 -0.00080713117285636 -0.330259941860269 -0.777831359956054
-0.000508207570297426 -0.00521024550803965 -0.823338586767352 -0.0517042752738443
-0.0232048153576847 0.000829329812294805 -0.32046593836315 0.584290841878741
-0.0181262398747255 0.00956292134870598 0.200133701940727 0.421913453785926
-0.0161325005342993 0.00349955562747935 0.247226828536035 0.08398391185788
-0.0103842584891785 0.0151817205528961 0.113141955316982 -0.17555555762996
-0.000317829993712104 0.0120810316006253 -0.0442610553607403 0.108546776169018
-0.0168492259672568 0.0153771488401752 -0.124764846225532 -0.149580704888398
-0.00227839739357189 0.0120922718541727 0.00884156404823645 -0.419438562342535
0.00583379575197313 -0.00891665040614731 0.515943769182362 -0.2076637642413
0.0360914715301151 -0.0182816285891619 0.571550654129169 0.52250117674743
0.00333167984609298 0.0149271027246217 -0.130937585982294 0.855884247062043
-0.0238243982827029 -0.00239852707863684 -0.474624120030589 0.366187975225832
-0.0238096498841617 -0.0217680272571346 0.0347536141703183 0.0409235977711995
0.00278372319469367 -0.00150420589125823 0.314437987480401 -0.494946465649519
0.0134589058221844 0.00259012840471308 -0.327987982618317 -0.783545961025468
0.00265986549280251 -0.00340566218451105 -0.821358461742904 -0.059850616311397
-0.0216785105547619 0.0136544238805318 -0.321620776540867 0.582665339329475
-0.0152572361855332 0.0234235828597902 0.197019244606684 0.425052785249176
-0.0118948558431516 0.0164871922980425 0.244809136588845 0.0856802641585931
-0.00517001196027019 0.0221547181665013 0.111616258874712 -0.17532497441077
0.00295773555340368 0.0163054531063616 -0.0496138551834197 0.110733673633478
-0.0117098596399309 0.0272010172318985 -0.130878333241972 -0.14244551719773
-0.00275968660247777 0.0257594717530121 -0.0100196528095037 -0.417654121684376
0.000914659650315289 -0.00120927032694635 0.503757964265013 -0.236394890112573
0.0369674592917582 -0.0179070744161305 0.605723636671916 0.477756454220058
0.010012866387741 0.02521522013337 -0.0780670450795349 0.853767482051226
-0.0296373127068037 0.0152382917089771 -0.459884019603081 0.384457064888845
-0.0349242923117721 -0.00635755236688748 0.0313395577855152 0.0456581923907874
0.00211566523658079 0.0131436301005997 0.334490878738803 -0.485606721900433
0.0211389600059159 0.00583553397545308 -0.284691411998022 -0.807977334879761
0.00623311790471331 -0.00204404685950495 -0.817665791724788 -0.112487497400776
-0.0222013932779799 0.021331185748828 -0.353489943607086 0.563817146605883
-0.013678959194553 0.0349899839066369 0.177657096237473 0.438064617484347
-0.00783386732958053 0.0276224024506809 0.241212514202097 0.0964380651562756
-0.000893870767492193 0.0271386338692412 0.106504711708663 -0.171185434988147
-0.0124490532462941 0.000576702600432808 -0.0818395760672501 0.131543743890062
-0.0280688895626365 -0.0233771190338621 -0.159859582163428 -0.0877868760246326
-0.0178150611797759 -0.0414073368648733 -0.15822891878981 -0.406464936056065
-0.0120226005392263 -0.0498239909186264 0.315042693545519 -0.459485012664051
0.00846636561408889 -0.0271476344336422 0.726656183308407 0.110010613848603
-0.0180224487629572 0.0146894330218031 0.309277495579474 0.753674085402012
-0.0258676202063472 -0.033749419603227 -0.307149530043612 0.518114528984671
0.00422294388701511 -0.0562579728999687 -0.0140609934843415 0.112940020360119
0.00964421383911875 -0.0391007410155388 0.459064503945244 -0.329197602195574
-0.0184379672110259 -0.00249542554030074 0.113520273955126 -0.885722200213226
-0.00362814177874502 -0.00108577434399157 -0.703015402635875 -0.521861905787289
-0.0204283639759804 -0.0407717296031221 -0.586098366206753 0.348136348678474
-0.0191104157025514 -0.0421504169824158 0.00604731827112178 0.488061877058208
-0.0257243756725722 -0.032837617300891 0.204667851215475 0.186897004042875
-0.0236567888490023 0.00139472004795159 0.0873255539335565 -0.138715739325033
-0.0130891082982891 -0.00231151267982775 -0.0711659987148748 0.124796330176925
-0.0304721121343832 -0.0272270486908724 -0.149526676792516 -0.107701831671221
-0.0143588646453584 -0.0451377159922714 -0.118428429743483 -0.419408109739482
-0.00464000412397141 -0.0518592059470086 0.370928541146917 -0.409204624445158
0.0121224400208318 -0.025665162772491 0.709503809764425 0.213100633806655
-0.0222638137909659 0.00696482273986146 0.21441435237273 0.798351250862952
-0.0220733218627678 -0.0431996360335105 -0.353767405076829 0.490555170602003
0.00866496229611846 -0.063133365095817 -0.00427513101290991 0.0993383444407488
0.00854708223034544 -0.045086667895181 0.431402151241891 -0.368924614260414
-0.0207640820526616 -0.00558706983083521 -0.00298577633928207 -0.878324229293439
-0.00466684015601183 -0.00401580039814863 -0.7611071401478 -0.409326689709345
-0.0222701188118918 -0.0413219464419826 -0.532957252457922 0.420370130611947
-0.0200630283099602 -0.0412610120770989 0.0564186715347708 0.47826505207712
-0.0274120290084923 -0.0341921739947842 0.21762252064842 0.165377367254365
-0.0239827855316141 -0.000725337039193103 0.0951028554062711 -0.147342468496398
-0.0121878841944719 -0.00316968706466465 -0.0595380501703571 0.117922891443448
-0.0309217679006802 -0.0272362252598348 -0.140201029246601 -0.126602840229342
-0.00984753060273621 -0.0428146736893055 -0.0757434089681749 -0.4287249124711
0.00257679379068738 -0.0479570863263553 0.423671289564791 -0.352230437533445
0.017734596869991 -0.0250890173055353 0.676848403474114 0.32212647574808
-0.0221003224270208 0.000539458331793393 0.0997562374082057 0.832440325130912
-0.0165561910335382 -0.0470096381204069 -0.398186604121193 0.455718889442556
0.0105456345039835 -0.0646457889780801 0.00749624072012621 0.0830514771546334
0.00686615449589036 -0.0447242832730223 0.395358748491719 -0.411615477567607
-0.0186268753524027 -0.00534239040242804 -0.121382267221454 -0.856584530183289
-0.00494120899599834 -0.00596440091152401 -0.80046854432945 -0.287886496242959
-0.0242506371371687 -0.0361629792438423 -0.467104124005492 0.487995945363383
-0.0224678936919351 -0.0338308769782943 0.108217645170015 0.4653911800514
-0.0274602809950335 -0.030315281553753 0.231124643507047 0.140196322281794
-0.0219253039018726 0.00122553680307041 0.101808194092635 -0.156992076218463
-0.0109320369856977 -0.00135440535119308 -0.0519282582928635 0.111430416196026
-0.0278001338110548 -0.0217237468412383 -0.130936380043327 -0.140248452001996
-0.00509041011390576 -0.0342197797648372 -0.0352082669735933 -0.430504622309089
0.00882804475256378 -0.0399008867422756 0.467745158097012 -0.288360720906961
0.0230745936318733 -0.0237723749714404 0.632302457497204 0.420247941052676
-0.0173767179949635 -0.00197056427535887 -0.00755401706664947 0.85082046850148
-0.0132959620935185 -0.0442357400280929 -0.43848176686547 0.417295381264705
0.00619723631908027 -0.060528043573145 0.0182093999891872 0.0677629216267131
0.00422959491565605 -0.0399473694382674 0.360213426500868 -0.44689646519323
-0.0140630507423755 -0.00465235473185993 -0.221996709636066 -0.825356180917757
-0.00468508573943419 -0.00689536280531298 -0.821801300047879 -0.17724535414135
-0.0258204363247932 -0.0259090453770119 -0.400996329681554 0.541440511854547
-0.0229797651321088 -0.0215237324954942 0.152808592191368 0.447564333091114
-0.0248931865555804 -0.0203595053607733 0.240639823585335 0.115719143920691
-0.0194394997351492 0.00565024253765123 0.109122167606709 -0.165213494000424
-0.00749286962854105 0.0022227799491072 -0.0460755603891545 0.107316164239399
-0.0251327738900689 -0.0112706453700203 -0.123484131975926 -0.149875657841532
-0.000900502649244941 -0.0197941779697694 -0.00376564578221893 -0.426683297687797
0.0111740852609619 -0.0294073626996232 0.496987455694286 -0.234661344934199
0.028681923042123 -0.0219711421592211 0.589205952686641 0.49246793163455
-0.0109672753547916 -0.000574620945868064 -0.0945912989927032 0.857427738892673
-0.0128559783231508 -0.0334288662431543 -0.463814947469116 0.38451589206557
-0.000818753758451883 -0.0508959828292238 0.0282125895870505 0.0542341923764469
0.00283879309518018 -0.0307254915221083 0.331810557543183 -0.474804754387362
-0.00655371402610615 -0.00304844455367258 -0.294040148667966 -0.794246342336376
-0.00354580635654287 -0.00716916566220766 -0.825620540118084 -0.0943109206166686
-0.0254615233830363 -0.0123846288029762 -0.346986182017885 0.570695898380208
-0.0216187671456367 -0.00655146619102209 0.185458338419579 0.431869928070878
-0.0221140851161501 -0.00847439949806961 0.245442468644097 0.0952919357460759
-0.0152558796207164 0.0111152176227195 0.114160710677468 -0.172258351747088
-0.00447816821589132 0.00749037574658291 -0.0434934377491502 0.106099537440914
-0.0215338137974073 0.00165882176493746 -0.122515898877754 -0.151619573956238
-0.00135852099778977 -0.0036924985244124 0.0113764690201175 -0.422106081458211
0.00986947296699472 -0.0180632344697272 0.512345902546056 -0.203672567462907
0.0327817071367481 -0.0199690272171231 0.565094792245886 0.528084921268798
-0.00405340368499278 0.0059409179091087 -0.138824483591857 0.856392122921875
-0.0169273998669689 -0.0194024972110549 -0.477380658898945 0.365031121062897
-0.0120776153336395 -0.0371028156131686 0.034266413724804 0.043852718849999
0.00216521315981546 -0.0170193883285128 0.315004876352348 -0.488680712820076
0.00307394917181814 -0.00192893939681057 -0.329099662528998 -0.777058678827127
1.41553175754539E-05 -0.00650405129327944 -0.825380467888049 -0.0528302888580506
-0.0230824377849981 -5.40640154822738E-05 -0.321189865393236 0.584168277709996
-0.0179680043184848 0.00922346860214194 0.200021569516018 0.42309941141685
-0.0162098706502713 0.00380011444858333 0.24786593826444 0.0847865769637836
-0.00981364063153129 0.0164276809762294 0.114603275510997 -0.175396136740939
-0.000225955079550486 0.0118712957825065 -0.0450603808419777 0.107351537477651
-0.017362478324332 0.0151590548055368 -0.125361939867176 -0.148000196496465
-0.00218811544896017 0.0126977042057497 0.00954762332971803 -0.417283709119377
0.00642339151297352 -0.00895148348078206 0.515538913530281 -0.205163073254418
0.0363853729319977 -0.0190494365281486 0.571658867790094 0.524094616727875
0.00284846826903292 0.015913540834802 -0.132018197012055 0.855350009756546
-0.0241732860359868 -0.00197553378959487 -0.475844263376645 0.365887907316215
-0.0236615912571364 -0.0213929086171062 0.0339989684757939 0.0415878350424958
0.00205167375125231 -0.00266666836352867 0.315277646213287 -0.493352941467481
0.013479671203466 0.000664583227329988 -0.326958770551752 -0.782949682629365
0.00298862311697678 -0.0030341402272903 -0.82068872080538 -0.0598100767270778
-0.021718614132649 0.0129754414322494 -0.321003740686878 0.583082503607903
-0.0152229819587687 0.0232061613713053 0.197150841868663 0.42524907103773
-0.0119617449023678 0.0165603835397982 0.2467613214862 0.0856414467457408
-0.00445293124856683 0.0220298387288525 0.1127724352917 -0.175122745763822
0.00303744844436425 0.0162386297569566 -0.049345976668412 0.110460722782591
-0.0115928442500626 0.0269346885370159 -0.131823336629715 -0.142226453703293
-0.00265791864053043 0.0256668369996077 -0.0107684345369344 -0.416506489494283
0.000799167958674074 0.000119855804059022 0.5046745509515 -0.235798281584491
0.036998011144672 -0.0176748320328475 0.604034533774403 0.478963736413049
0.010023134200538 0.0254492423730115 -0.0800900694727552 0.854118140153817
-0.0287432581073466 0.0144112753658351 -0.459215562449433 0.382783259045611
-0.0356717287465344 -0.00626328914367368 0.0307451049785004 0.045820997721662
0.00125348813501705 0.0124812194109171 0.333765218716958 -0.484090121809272
0.0221536092787403 0.00590155674780227 -0.283060451771788 -0.807258479016184
0.00644228587130668 -0.00215959473341807 -0.819331158954307 -0.113547257440586
-0.0220378149336102 0.0216490280593676 -0.354646862522904 0.564247373672103
-0.0137047050099105 0.0348387443333051 0.178078710205993 0.438549640079242
-0.0073297300907529 0.0276288317033182 0.240767597210686 0.0972554846431053
-0.000176317681661367 0.0272062602597996 0.106923876485373 -0.171713218555729
-0.0113487288340575 0.000768590331277288 -0.0823678400076377 0.132613116719161
-0.028231044486432 -0.0229810129804363 -0.160461138074791 -0.0889691297115996
-0.0169739548985109 -0.0418669076851151 -0.157485707234525 -0.406085482133246
-0.0123564927259935 -0.0492668949879565 0.316065737525317 -0.458160772845393
0.00903923973291925 -0.026804818815451 0.727125424164564 0.11125163821654
-0.0177263584303692 0.0140941917186407 0.308432555528842 0.755560616188863
-0.0256771150225655 -0.0339825865293444 -0.307675436925691 0.518178100978521
0.00330486273824714 -0.0553442142200961 -0.0148952553313175 0.112875462766133
0.00915471980598225 -0.0388664381452953 0.460546750583236 -0.327433924256153
-0.0177932730384528 -0.00344880896500283 0.114091485361789 -0.886455025564275
-0.0027502264583374 -0.000975590095734172 -0.703811413146144 -0.523776024819263
-0.0197307191519896 -0.0410309675066153 -0.587247894460622 0.346935139509906
-0.0187679624047603 -0.0425460471334562 0.0052266094792837 0.489535059645158
-0.0262593193623133 -0.0325182985607497 0.205270810588928 0.187299612034858
-0.0237764365323056 0.00169203695434837 0.0890398486096725 -0.13926823336636
-0.0129057544586057 -0.00143803464355111 -0.0719546546951438 0.124238859864735
-0.0312569583703863 -0.0272011251320413 -0.150595968518526 -0.108697279210885
-0.0152807333594103 -0.0446266169634897 -0.119294368972508 -0.420817468993382
-0.005314651223919 -0.050952716407676 0.371377549553382 -0.409251954767557
0.012888222497498 -0.026354374168737 0.710274871645084 0.216186164498042
-0.0214228683434116 0.00704459268634845 0.210096888695578 0.797253110928922
-0.0224181195355856 -0.0431961119685213 -0.354674199501198 0.489920131969236
0.00846945311879085 -0.0630185051805263 -0.004395302876198 0.100212454211026
0.00894904799429961 -0.0450554001489521 0.430125648491528 -0.367957897648105
-0.0209955768191675 -0.00563102421479945 -0.000565265244388523 -0.879496263577725
-0.00446309937908739 -0.00400890838806647 -0.761506807069864 -0.411707639128167
-0.0224151341532702 -0.0411188392320155 -0.534987401463692 0.422230402787182
-0.0204066455949569 -0.0418647762946314 0.0559726606010294 0.480620769215974
-0.0266978229450322 -0.033884143863379 0.218927729427415 0.165871023593951
-0.0239433904281272 0.000368346446954006 0.096482239804061 -0.146722110604683
-0.0121590171345679 -0.00236843638645211 -0.0617042247864251 0.117717853036972
-0.0306521392062866 -0.0273100323063511 -0.1399339382071 -0.126996540864618
-0.0101842173946287 -0.0426274484107073 -0.0756219161220597 -0.428899976310778
0.00271127422306126 -0.0481735629343833 0.424528654668741 -0.350040697392053
0.0172383147425323 -0.0255909162132494 0.677246614448522 0.324653206853193
-0.0207448282737004 0.000254262677916003 0.0995844887517628 0.833619409941437
-0.0168545901138366 -0.0468505723994039 -0.40068861219864 0.453335168649868
0.00977348151503792 -0.0637413866730605 0.00763764980259155 0.0846339421669495
0.00664655042137099 -0.0456737932605001 0.396701499406045 -0.410483745350801
-0.0191361620122032 -0.00679641057299172 -0.119427144905178 -0.857914376400044
-0.0052061843015081 -0.00592096278579588 -0.803774400814889 -0.290432095547112
-0.0245995712529461 -0.0361810984769559 -0.467224791528081 0.487363668499025
-0.0224421265383208 -0.034341737910488 0.108671292908358 0.466885536301232
-0.0265256685861154 -0.0287488337732883 0.23241185657492 0.140964255592389
-0.0221940027547527 0.00260148790059975 0.102721310906248 -0.156667216150625
-0.0102810128413921 -0.0016517992375746 -0.0525292775205954 0.111884582327985
-0.0293786863654188 -0.0219714978701285 -0.131083360001902 -0.140621585596335
-0.00509999122788321 -0.0347389636182613 -0.0354061748661089 -0.430994992753386
0.00910280333220333 -0.0403911401704371 0.469453264908227 -0.287493603589631
0.0228006311163182 -0.0238959818295126 0.631857368445643 0.424927629496538
-0.0172507926618631 -0.00296403248091476 -0.00909452200777748 0.850648589012171
-0.0128388689227221 -0.0440971230914096 -0.438740509939709 0.41505916908363
0.00625674050607551 -0.0599490229434947 0.0186645860335947 0.0678535162785467
0.00419509621741878 -0.0408322180312893 0.360335080965971 -0.446341270896284
-0.0139522508814076 -0.00547765087356751 -0.220215760710331 -0.825390006897497
-0.00505664772638642 -0.00675874486257533 -0.823693428244644 -0.178016060077135
-0.0246200674883692 -0.0258734432928493 -0.402895859178459 0.54059365882117
-0.0234733741296383 -0.0219751949032193 0.153474620185879 0.447554618575662
-0.0255898637972307 -0.0199405875442637 0.242336633257186 0.115593289826367
-0.0187645859455272 0.00615047249145232 0.110132509838326 -0.165001747488256
-0.00688024695377601 0.0014668452619797 -0.0468508007564511 0.107815184492807
-0.0252263895897072 -0.0115181743139192 -0.124025944630746 -0.149412720932577
-0.00135700918752388 -0.0199281559357908 -0.00338554487464502 -0.425463338303109
0.0120709877507941 -0.0293768866934254 0.497825883135323 -0.233573025934778
0.0278431989440957 -0.0215441868957381 0.589949181167337 0.495007016704075
-0.0112761552261684 -0.000196871896522517 -0.0949604863216711 0.856645750785846
-0.0127046365565582 -0.0341501251145815 -0.464711487479702 0.383433959274168
-0.00239158597739994 -0.0504338863175015 0.0274711251911461 0.0533707418867332
0.00274160624690729 -0.0308313665219411 0.331882959540973 -0.47348194960646
-0.00550082227945719 -0.0035581168254044 -0.292089822359924 -0.794997808515616
-0.0029443183431383 -0.00692694685113487 -0.82892965990199 -0.0952099069678878
-0.0243221390631553 -0.0120255437584837 -0.346994090675989 0.571770328189962
-0.0206654439697907 -0.00592780121997401 0.186031940527825 0.431777570979833
-0.0218126234333743 -0.00857133032198543 0.24793685618132 0.0960936062182592
-0.0151143954732273 0.0119503222743411 0.114462048020031 -0.171982866880071
-0.00440943309542736 0.00699816019520354 -0.0450814018413436 0.106563096715756
-0.0210640112188896 0.00157029128622338 -0.122159326702484 -0.152211651023729
-0.000782284416814051 -0.00328502776880533 0.0112064179834318 -0.420990139517186
0.0104402351075309 -0.0179987631450875 0.513922560813683 -0.202026251524
0.0328591568912865 -0.0203154920376779 0.565445563979684 0.529380729184458
-0.00394383441942209 0.00618762202707584 -0.13963539962567 0.856330320607239
-0.0177295810060681 -0.0197286192912226 -0.478383688504551 0.36386707058714
-0.0125869020361687 -0.0364032170710554 0.034229104709596 0.0448697254662477
0.00129908386909873 -0.017616511564746 0.316733319793189 -0.48914584140563
0.00339770874435703 -0.00174482968857439 -0.326997020214147 -0.779718644425439
-0.000806824553411555 -0.00536396338627016 -0.823811878276735 -0.0547971620789707
-0.0232901616861184 0.000217622208152635 -0.320580698844626 0.584929858478377
-0.0184622556220043 0.00947341191295303 0.198629586757039 0.422700010936446
-0.0166331590758733 0.00485605003677218 0.248932764580526 0.0854253972916535
-0.00989206971685482 0.0163377626065742 0.115678489698428 -0.175532264173764
-0.000859181581042029 0.0118691965368383 -0.0452388382248077 0.106975184106869
-0.0169397064912297 0.0153693161806925 -0.125124385221897 -0.149858481006019
-0.00161083022913278 0.0119487184605861 0.0088272730677142 -0.41663395456449
0.00596683473720895 -0.00837706353007596 0.517394623352141 -0.203364960673944
0.0360688005977513 -0.0186666449957527 0.570107339723988 0.524620789334432
0.00322988451426102 0.0158322200617598 -0.134552912514414 0.854175750370208
-0.0239739370805126 -0.00144795697495455 -0.475671628581183 0.364950662802062
-0.0245793499165105 -0.0211245158808607 0.0348173796453032 0.0413949531981846
0.00184655456302527 -0.00272498439820523 0.31683255821556 -0.493257081315223
0.0134619537074983 0.00168225136204598 -0.323729023734068 -0.785052539126663
0.0031717575241103 -0.00301682753052206 -0.822502142220011 -0.0610043959560341
-0.0216211012754412 0.013129066340244 -0.322458892341336 0.583014098591178
-0.0149457059557538 0.0232232538730442 0.198116369181889 0.425040559335392
-0.0117068022556929 0.0179574549918499 0.246299423312823 0.0862505428894231
-0.00477304324243651 0.0225784558554351 0.112959875172214 -0.174485856458264
0.00279079965568499 0.0165678510851005 -0.0498411172226685 0.110733202834246
-0.0126798651363265 0.0270304710462162 -0.13280431417868 -0.143077692917713
-0.00261551051393248 0.0247017467967223 -0.0113296035694676 -0.416506658960027
0.000838222985480979 -0.00020201708276425 0.505669164159246 -0.233596295142992
0.0370691042957839 -0.0183331373359565 0.604308442477304 0.481882713763638
0.0103292117568626 0.0253413653540779 -0.0801664557773962 0.853634268868389
-0.0294475650459433 0.0150729387630035 -0.459916578398634 0.381491931620164
-0.0356811248801284 -0.00576980988142088 0.0310688087098197 0.0455823193850952
0.000205442507976626 0.0127349495391874 0.334035914833325 -0.484200415010869
0.0222161599696305 0.00556196631469202 -0.282874591178007 -0.809279490825675
0.00646658855388505 -0.00172889234966461 -0.820243870271651 -0.113648458499461
-0.0231636285906501 0.021786272680502 -0.353492860437647 0.56704377938604
-0.0138414513294379 0.0347576752276472 0.177743517939256 0.439375719871866
-0.00782767202110015 0.0286791506657106 0.241318420251002 0.0978406368875861
-0.000394185642767685 0.0272701362245281 0.107687418138639 -0.170857390682373
-0.0114073292678722 0.0013532662635809 -0.0833248126745354 0.132154454139501
-0.0282434392304105 -0.0227817057957931 -0.161216539928724 -0.0899234183213441
-0.0170123932149585 -0.0414378878795028 -0.158464756208904 -0.408035028436991
-0.0116438034943581 -0.0490378813487533 0.317207560500469 -0.457120599382425
0.00883436699478936 -0.0263157213337426 0.726730384976858 0.113757822807224
-0.0178380149986543 0.0138338096747153 0.308382485058799 0.754913926926972
-0.0260428305360652 -0.0337696206390383 -0.308971002743596 0.516845339368168
0.00256578160481095 -0.0555309291033224 -0.0145478492878123 0.113275951543588
0.00914972391404213 -0.0404314894649561 0.459233528784288 -0.325730887063222
-0.0177563951667713 -0.00376534953636785 0.115470382098449 -0.888607761550183
-0.00301536476611958 -0.000527129322096403 -0.70429549621059 -0.526508687741286
-0.0202069564461282 -0.0408242472433176 -0.590555523103472 0.348378491206311
-0.0178213049216413 -0.0423080479870545 0.00584962038959381 0.489470707638963
-0.0259756291341114 -0.0318358270987097 0.206183700210225 0.188260933752002
-0.0230459971216546 0.00248944448852729 0.090363528994755 -0.138421471881117
-0.0126707822351181 -0.00138001311066682 -0.0723346715038525 0.124700690956674
-0.0308044365082976 -0.0274999333751493 -0.152493947964988 -0.108988729988932
-0.015020525730921 -0.0444281010260833 -0.119218205589348 -0.422252352619857
-0.00463642158454666 -0.0505302795465269 0.371823598990788 -0.411347048497067
0.0118171122487819 -0.0263440228122001 0.710461987383925 0.215993193332257
-0.0213473454687714 0.00684199312719904 0.21098437495087 0.799476066007375
-0.0217316882047058 -0.0431206407758246 -0.356441281528054 0.487787504384796
0.00837391472552666 -0.0630098506759827 -0.0046615612067308 0.100278375764173
0.0088010660539977 -0.0461826203411669 0.432027214053248 -0.369232227775088
-0.0201175946075809 -0.00639022076473584 0.000427250002961026 -0.880781790901916
-0.0049287664351409 -0.00363023976096125 -0.761205840883507 -0.413310409599694
-0.0213086876543524 -0.0409724958556274 -0.536761608539292 0.421530889698466
-0.0202555487622677 -0.0421093611238093 0.0559701679467281 0.481913008166182
-0.027961393420013 -0.0338062413995961 0.22032034713193 0.166162058952798
-0.0239144913442219 0.00178079044789981 0.0976556196670084 -0.146530619657379
-0.0123494675097396 -0.00244412433023173 -0.061721879524001 0.117590074976719
-0.0311663181613997 -0.0277540992735355 -0.141614259156689 -0.127972309034119
-0.00959419981236107 -0.0421579525528775 -0.0774745156415315 -0.428615050404495
0.00280400340507684 -0.0474954681918449 0.426511286390604 -0.349421561150835
0.0169050102053321 -0.0252496102936154 0.67832352116011 0.32843779002563
-0.0211253969077901 0.00104818278289087 0.0967238483487301 0.835626762206098
-0.0159734025385505 -0.0464462379807069 -0.401775324305518 0.454622720012941
0.00898078697422536 -0.0636463146341948 0.00736909136152229 0.0838072737227305
0.00595739986146726 -0.0463375601871529 0.397020365278047 -0.40978035280777
-0.0183730249716931 -0.00651895678127418 -0.119385464799476 -0.860299850063741
-0.00502654271270109 -0.00644424883154632 -0.802736203804592 -0.291879007324225
-0.0244018581240184 -0.0353010792747082 -0.469395596413446 0.48892561174675
-0.0224294975213098 -0.0345804849778973 0.108482630884054 0.467793560440619
-0.027251910470984 -0.0285171686403974 0.232941388956337 0.140484968004113
-0.0225956187044383 0.00328529061339815 0.104408632394879 -0.156705570864065
-0.0102132887734802 -0.00107506938212125 -0.05321440093257 0.111403760903238
-0.0286380388137555 -0.0222528408844147 -0.131878075665166 -0.142026830668724
-0.00407470860004568 -0.0339010912257131 -0.034943935084084 -0.430628450004481
0.00960162536779042 -0.0400258847696949 0.469151754130419 -0.285424543377391
0.0231469094865061 -0.0244599716258047 0.630769126607555 0.42557878762323
-0.0165508711275029 -0.00302883353623777 -0.010106129112711 0.85211387208912
-0.0130903561892905 -0.0438427460686042 -0.440355322304926 0.412539620062195
0.00544277722338357 -0.0600687699745404 0.017844386320987 0.0689172311159685
0.00323274777584403 -0.0421912368132297 0.362799045583694 -0.447136450911713
-0.0139699123341606 -0.00535635128981959 -0.219092916852163 -0.829296344020376
-0.00410669545627992 -0.00733816958135798 -0.823753528974926 -0.178911594008552
-0.0261644230202098 -0.0263854811099774 -0.403692034135609 0.540162398357637
-0.0229724854807078 -0.0215325133261886 0.154560808334266 0.448459159993654
-0.0260032520815326 -0.0201460098164277 0.242397414306448 0.116094758035424
-0.0195201689779969 0.00723909239919708 0.111287486103376 -0.165180117994192
-0.00724134818984058 0.0019637392081415 -0.0468532005995841 0.107228186121498
-0.0246238503924234 -0.0123711140867921 -0.125822309813675 -0.149941023687329
0.000301404657467683 -0.0199561789667609 -0.00376667227990547 -0.426196929491085
0.0121069542828752 -0.0295984389403695 0.499676442878621 -0.23032663568593
0.0280947449356291 -0.0219558572091105 0.589596795080221 0.496894004048789
-0.0104232072736214 -0.000115079257292473 -0.0948487937140481 0.858072527564038
-0.0130249686208971 -0.0341241329646683 -0.467897629272142 0.381883015816857
-0.0019988748523655 -0.0510795118750829 0.0281973348150443 0.0538887819668123
0.00196432669360675 -0.0313783800848667 0.334339841520361 -0.473164099786114
-0.00584248248636697 -0.00409622065084097 -0.29266077085198 -0.795920160226486
-0.00229064593835823 -0.00648744822079384 -0.82895122026862 -0.0974407573409465
-0.0253213741370408 -0.0124894173998215 -0.349066183323502 0.571781884860346
-0.0215122099443951 -0.0067385526136946 0.184740867902285 0.433371469170251
-0.0222339839761707 -0.0078046400555012 0.249511711305935 0.0962528727315999
-0.0146576852259516 0.011854577233078 0.11588233157031 -0.171826285635645
-0.00419358499063589 0.00651925471675032 -0.0447123652746304 0.106334684196605
-0.0211172744690361 0.00156536330958324 -0.122441911218293 -0.152448287132094
-0.000506120342184471 -0.00336851142260689 0.010975118915065 -0.422322529044206
0.00995723858325316 -0.0183111652192323 0.514763065917575 -0.201888194420884
0.0329266164848727 -0.0207321240836089 0.566341073321622 0.531896857082777
-0.00260749341934109 0.00614234773538294 -0.142394179780914 0.856843211641915
-0.017455636052175 -0.0192028300784421 -0.479560437193485 0.364503915429384
-0.0128280506962656 -0.0358810440818003 0.0339736585260163 0.0450673821050001
0.000447345869645899 -0.0180111371593422 0.31877182283506 -0.488324378718245
0.00374139029072897 -0.0016331822893733 -0.324684016063362 -0.782883529779888
0.000158453553606243 -0.00580687538949971 -0.827410223179071 -0.0554801665649965
-0.0232931826261952 0.00139247913925923 -0.323269872964155 0.585549723036538
-0.0181885953887716 0.00856626423790029 0.20133209560122 0.423741462576343
-0.0170762558297876 0.00507622964802177 0.250196147196076 0.0868403712419103
-0.00919582988305158 0.0179138626516253 0.115926263897245 -0.175387637092299
-0.000270641156265102 0.0125951458854394 -0.0460799833676741 0.107246564361736
-0.0172708068828281 0.0149162163780086 -0.1266308953328 -0.149370763021407
-0.000837242162471189 0.0116248666282259 0.00988271054142924 -0.418547573180933
0.0055833856380227 -0.00794194828327632 0.518330826546807 -0.202090962553859
0.0359672485132007 -0.0187600266690175 0.57216195474601 0.528434960149479
0.00357643230114912 0.0165414851359744 -0.136578261819047 0.853825315460379
-0.0237772295014918 -0.00234698347297602 -0.478092194579666 0.362119003999539
-0.0245678815082745 -0.0209675593885588 0.0344489263662637 0.0418375819797497
0.000624414619827774 -0.00261089529512191 0.317802196556561 -0.493611369027902
0.0142815103001823 0.00101185910401205 -0.325772748734834 -0.787224375908544
0.00379993929637707 -0.00310818734577039 -0.823882225420877 -0.0624079392692349
-0.0224050941514379 0.013048685697253 -0.324343945904315 0.584902274437202
-0.015371932612512 0.0231108656429629 0.197162789645005 0.426929292669478
-0.0116498178310003 0.0183940155488619 0.248442777399548 0.0863938124658834
-0.00530856387544973 0.0235494721562757 0.114244431223045 -0.174926233957152
0.00307298491417665 0.0164380409864811 -0.0512375287584649 0.109238838677061
-0.0133728716561945 0.0264446251431717 -0.133422069356342 -0.144119107460723
-0.002308334467902 0.0264063519788124 -0.0117808860387699 -0.416348174173937
0.00163610960121389 -0.000204958097249943 0.5084837973584 -0.232379719424454
0.0371570097101967 -0.0179874442356875 0.604699383828228 0.485972180336567
0.0104418643417623 0.0258993828545504 -0.0822947676853049 0.855903947414135
-0.029117705409145 0.0149132004812309 -0.461097286155136 0.381768386350888
-0.0363387540348742 -0.00524655867573864 0.0307232171081252 0.046050928550425
0.000280936414188703 0.011484737389658 0.335753316261534 -0.483434315872048
0.0231073367543792 0.00559010128615281 -0.282366244354779 -0.812796684773789
0.00667132148095841 -0.00179231463328677 -0.821116269871232 -0.115883312014165
-0.0216268580626923 0.0215855973908825 -0.358275151522584 0.567234116143911
-0.0141027820531876 0.0349224869513457 0.177705072276621 0.440164385248031
-0.00842520646154708 0.0298284297925076 0.24278278057331 0.0992436923122321
-0.000152232025177933 0.028225501033362 0.109056682667928 -0.170740202034412
-0.0110843419425343 0.0010838026181436 -0.0844248817888888 0.131369187927303
-0.0288052412061728 -0.0233393842327345 -0.163690765995112 -0.091141692307668
-0.0173613766899351 -0.0410186599208451 -0.160186260922417 -0.408357617654621
-0.0119686623862453 -0.0487617825586804 0.318139736986453 -0.459106352631659
0.00876263585042728 -0.0264853682728632 0.729444146062915 0.115070787246587
-0.0170435007519523 0.0152337687172891 0.30673709441345 0.758471148729489
-0.0252354227595352 -0.0333253298850683 -0.311240428150911 0.518149548755173
0.0020562021574169 -0.0554433819990553 -0.0150133729410571 0.113212815896096
0.00811697028867306 -0.040184880183192 0.462024203198764 -0.326948170583122
-0.0174594992796573 -0.00369494744901428 0.119590992899258 -0.890148023498319
-0.0020917672371989 -0.000700706401599121 -0.706533128472086 -0.529316822394852
-0.0195037336277166 -0.0401088366611392 -0.592823945788511 0.348684395084799
-0.0173615031957071 -0.0427824629399537 0.00501847890781457 0.491174110856446
-0.0267937323779634 -0.0313404962612359 0.207185934920555 0.189267575848652
-0.0240076071191521 0.00344625304618891 0.0921718261117483 -0.139203695376063
-0.0124177084396688 -0.000892396445815084 -0.0731945609136006 0.123886433844339
-0.0317539413028478 -0.027851793720889 -0.152939097273857 -0.111282650024632
-0.0138818295210646 -0.044763435109045 -0.12083238705643 -0.423532044316863
-0.005077914888675 -0.0508228966413145 0.374018069425443 -0.410125503788159
0.0124336417962177 -0.0264439925277795 0.713011422306978 0.220348627776644
-0.0208210769871657 0.00761452650962309 0.209025838495224 0.80382714015753
-0.0225915853052524 -0.0429282099392415 -0.358458041249237 0.489402790980715
0.00793361160178908 -0.0622823310079848 -0.00473356371845649 0.100162766647123
0.0078071500041361 -0.0463765833963544 0.433089874402501 -0.368299830931881
-0.0202943631028714 -0.00643395183608354 0.000634444071260791 -0.884612214803027
-0.00392805366206596 -0.0032193784826616 -0.762908961977391 -0.417020575836594
-0.0207350094945691 -0.0408830189232271 -0.538038326763017 0.422299304352997
-0.0195969178882533 -0.0419955928427263 0.0555869829749703 0.48360519379745
-0.0275993606794487 -0.0326078990932777 0.221594873173949 0.16680360008976
-0.0232438801369579 0.00311151962523702 0.0983835059893722 -0.147896822085522
-0.0116671792029773 -0.00302694868013736 -0.0628270454586232 0.117118496300538
-0.0309142857570398 -0.0270686648915332 -0.14258379421184 -0.12940702071496
-0.00885014327695102 -0.0427143327403396 -0.0780125939195625 -0.430161004105326
0.00358320734258182 -0.0474819683592811 0.428987068256824 -0.349143398864446
0.0172525007471726 -0.0249281272663382 0.679645436212554 0.329859496224593
-0.0210991147248091 0.000964416157578292 0.096630408929473 0.837081409005669
-0.0171681466890961 -0.0472521985446329 -0.405432867446603 0.45308318957566
0.00906315059570286 -0.0639689108893899 0.00704430646479713 0.084876131950026
0.00591250984058426 -0.0465491971281817 0.398573268437333 -0.4106521510208
-0.0182832666518958 -0.00671347437377685 -0.116921994751547 -0.864131028165693
-0.00427051670639002 -0.00600458019203501 -0.806936659098241 -0.294245536860727
-0.0240972982245179 -0.0356397660395118 -0.471754607111007 0.491307905038161
-0.0226867892806965 -0.0341600793923157 0.107704140787687 0.470251756404492
-0.0278589787211172 -0.0277564431105111 0.23410077182976 0.142366480346023
-0.0223184518208594 0.00424827235681229 0.105937542258599 -0.15668599468109
-0.0100203909860341 -0.000794061614592296 -0.0548105371953449 0.110568845704692
-0.0300364001854341 -0.0221312814414467 -0.133205959057283 -0.143149243779135
-0.00385700702931166 -0.0342319191449424 -0.036611059702299 -0.431263029984991
0.009798725789772 -0.0402963740987891 0.472694730697528 -0.28706706934136
0.022428058168594 -0.022874576586953 0.634252982867262 0.429977108597486
-0.0160501981029973 -0.00159958515561894 -0.0130687826089132 0.854865215280986
-0.013544581419897 -0.0440321306096093 -0.443758445160956 0.413067405123497
0.00543120297428231 -0.0599123673737816 0.0188012846069469 0.0682920777251477
0.00360188797668883 -0.0425062487477816 0.363138693552122 -0.445720946054047
-0.013545536079241 -0.0053983351195161 -0.219385467034396 -0.832819815836211
-0.00351029727620178 -0.0069320200509893 -0.827566774545859 -0.181932682362214
-0.0253233163133758 -0.0261424842362828 -0.406090422197223 0.541755871308923
-0.0228108049364816 -0.0221515026345218 0.154130666577027 0.450286217485188
-0.0253532744685359 -0.0196222540183181 0.244587289927145 0.116909057468246
-0.0193262340440656 0.00852142000808025 0.112707853434346 -0.165254763671669
-0.00660143282709058 0.00278277884311249 -0.0484477773072065 0.107287387001287
-0.0251904578922605 -0.0121603838235168 -0.126745587826924 -0.151944493519847
-0.000645070034528644 -0.0199978685999495 -0.00499332008849678 -0.426520774034798
0.0122186652243191 -0.0294799023583275 0.502989595218612 -0.230122168293273
0.0289743145183835 -0.022378791522077 0.590541934925989 0.502423690448702
-0.0102966510583848 -0.000282926409568434 -0.0986214416431861 0.861403034096152
-0.0121501970133881 -0.03414376337235 -0.468622302810545 0.380603602107389
-0.00256644896239693 -0.0501375650632542 0.0277828164265558 0.0537703207557757
0.000895248810478064 -0.0318167874319398 0.333977096549072 -0.474944821734115
-0.00572998864973607 -0.00493089875822385 -0.291291364162146 -0.801628172180125
-0.00279513804008303 -0.00602508434255172 -0.832789956300281 -0.099548029958148
-0.0251811927546108 -0.0121128985048673 -0.349840511631145 0.574557378377693
-0.021122672191884 -0.00706731868722119 0.186274857295819 0.435496832563772
-0.0221573281676475 -0.00726148401462346 0.250097704437274 0.096961955010946
-0.0147255986097726 0.0124450818056914 0.116517640051398 -0.172666316535221
-0.0038992174124612 0.006737431573318 -0.0460635024968164 0.106011990218272
-0.0216189520499408 0.00147417113718588 -0.123949270975415 -0.15390044925896
6.34416260683985E-05 -0.00426274731640826 0.010970780447584 -0.421272914424512
0.0110594676131869 -0.0188637731107873 0.519034479138408 -0.199206875439637
0.0329031612825321 -0.0204654741612461 0.566994122870127 0.536925798574431
-0.00318192845629764 0.00662512529078711 -0.143425725442774 0.860805510975702
-0.0170141440680192 -0.0183942962348357 -0.482874907994098 0.362266234956031
-0.0133635547629074 -0.0362156710718994 0.0345567770825425 0.0448525078985714
0.000521620180178048 -0.0191823513643177 0.319685420033928 -0.489782200799725
0.00352517959243345 -0.00316971537072635 -0.32843189754082 -0.784282963551005
4.22900563928326E-05 -0.00516095038894581 -0.830263245888423 -0.0575098714493296
-0.0232034202809778 0.00080588683632878 -0.323026066164496 0.589287873650858
-0.0185171258463414 0.00951488580555451 0.2018735638244 0.425932932837718
-0.0175062578668811 0.00580136789142459 0.251188848309104 0.0877653842751283
-0.0101986320797688 0.0185444191120043 0.118028769420601 -0.175242576512028
-0.000576690322180237 0.0113846564387422 -0.0466788486597656 0.106651433315457
-0.0176185555773963 0.0155162469574115 -0.126692251300106 -0.151488837329372
-0.00123513791763254 0.0118726951105752 0.00936619225028911 -0.417412229746752
0.00617554986858204 -0.00795501041148361 0.521637179130134 -0.200699615601871
0.0359729589743105 -0.0197306551236994 0.571236233129725 0.532685518007411
0.00344141713381619 0.0163484698921189 -0.138073641032746 0.86075513586406
-0.0229706112688672 -0.00207160321056277 -0.479231288600088 0.362956147858494
-0.0258591586976108 -0.0197716985833398 0.035884884424402 0.0414024482066167
0.000814239957841618 -0.00238697475574402 0.318828164649861 -0.494422739077387
0.0133853479379455 -0.000757256842245653 -0.325647555046887 -0.789540210287134
0.00392842363101965 -0.00305498203618286 -0.826684487880319 -0.0648865535211632
-0.0221437864878006 0.013753986081397 -0.326143963030454 0.587514592414644
-0.0149334727034759 0.023978864717688 0.197732468352293 0.427997035645332
-0.0125615542480047 0.0188661594370914 0.249643831736057 0.0875094909025511
-0.00447949487297398 0.0234828679075993 0.114908854784463 -0.17584781944079
0.00290138356026523 0.0168669782883568 -0.0509460320289048 0.110293399271231
-0.0127554654279252 0.0273302224497986 -0.134354143570731 -0.143541550349127
-0.00207574891260369 0.0259818442028311 -0.0110790906010457 -0.415351750762062
0.00201085571186487 -0.000428074304027349 0.511018385726689 -0.230997845571779
0.0370008749746762 -0.0183321645015515 0.604556331614196 0.488581387320596
0.0104850842454502 0.0267328771856164 -0.0844174287591618 0.85885919122296
-0.0283537418224524 0.0149619120076331 -0.464280336600454 0.381101779846681
-0.0370122368768285 -0.00524277108235891 0.031402776327464 0.0452048033188496
-0.000306735560372917 0.011351133287306 0.337635944783628 -0.484778559909499
0.0226652357093397 0.0039368199873828 -0.282147797814331 -0.814986479493196
0.00765086637473882 -0.0014422498618803 -0.824219415362653 -0.116723239104092
-0.0223177257094054 0.022603738366706 -0.359502688880816 0.567863928490197
-0.0141281938155332 0.0343253323961727 0.17885174557948 0.441963738098693
-0.007907867030054 0.0303776262406883 0.244588377325216 0.0997373983956734
-0.000279637859464752 0.0276235440412788 0.109718358586642 -0.171777737930576
-0.0112441816854148 0.00145546258441846 -0.0841768843862851 0.132275366606801
-0.0290116594449845 -0.0237434419865631 -0.164954158475433 -0.0911699822312662
-0.016410176824399 -0.0415860247105137 -0.162701060874124 -0.40935140229352
-0.0111981066002608 -0.0494435347075924 0.320501308111291 -0.459738404305726
0.00926920986499934 -0.0271626064866306 0.733857197859173 0.117927002512567
-0.0162221671116264 0.0144693383817036 0.30792955010869 0.762975794706434
-0.0263472379478665 -0.0336914723965814 -0.313535696477954 0.519312260572351
0.00216898178524912 -0.056007897601422 -0.0150868947594759 0.113834925709911
0.0075728829482279 -0.0408917974451585 0.462456816432103 -0.327620220440922
-0.0170110593602795 -0.00501561956600783 0.120222395312896 -0.895707053601853
-0.00234775982693435 -0.00118477694196113 -0.7088488351691 -0.535291357923348
-0.0204703350500163 -0.0403500487538161 -0.595236491277479 0.349758390270768
-0.0173038140968418 -0.0435062722271033 0.00413559785946444 0.4941181296877
-0.0264022583602672 -0.0308388845398254 0.208501860142471 0.189845830654904
-0.0236975581084797 0.0052245095305493 0.0927362478000953 -0.139532863707952
-0.0123511652907726 -0.00150614844728645 -0.0741397538682549 0.125013885671026
-0.0311061773412276 -0.0278212561599325 -0.155377696413061 -0.111731117219391
-0.0138183860315277 -0.0454284355925746 -0.122458327393995 -0.424395685197902
-0.00534550801810449 -0.05171948532663 0.37463791764157 -0.40924272837254
0.0133961230631613 -0.0265531267419856 0.715138639706744 0.222065222199739
-0.0204965738971575 0.00732318226412513 0.209510560244509 0.806129473427551
-0.0220103256090739 -0.0434571795354404 -0.36144225675273 0.490827188035987
0.00785109198422062 -0.0620845349777818 -0.00508844698193881 0.101407939124185
0.00793903102118368 -0.0468529200622254 0.435424628851516 -0.370423745175226
-0.0195587689675602 -0.00646626942627456 0.000642644867458579 -0.888335927662658
-0.00397827420048529 -0.00402977407446481 -0.768337675801183 -0.420123426898342
-0.0210875500357502 -0.0417844190843523 -0.54253484933836 0.424652233993177
-0.0204219081289887 -0.0421008124213319 0.0563661963159078 0.486650496080201
-0.0280985403668861 -0.0327060182682868 0.223616491143195 0.168491117852756
-0.0228201463458422 0.00298881715771898 0.100946173079626 -0.147903954731561
-0.0114232997328872 -0.00182720944153876 -0.0633530318196527 0.118002572360313
-0.0313921823419672 -0.0279926297149203 -0.143760815869758 -0.129756049157697
-0.00865593524291042 -0.042625907631671 -0.0789979657197399 -0.43223575542612
0.00304940842018347 -0.0472216745923335 0.430820919058711 -0.348847377527893
0.0173361963786631 -0.0252533679567591 0.682137220724946 0.332303914319053
-0.0202918615709958 0.00226988538298264 0.096257127144789 0.840796281343349
-0.0168529137314511 -0.047488190574303 -0.406349474202243 0.454094735945963
0.00780082999764252 -0.0634516599206608 0.00722007936023253 0.0848731223495664
0.00550411282511529 -0.0483819924061951 0.399902897985588 -0.411536319576792
-0.018175028453076 -0.00682925467415721 -0.116700423821681 -0.867827225025835
-0.00366087462973316 -0.0061200288655731 -0.810148080158828 -0.295210235553694
-0.0242541503131942 -0.0357898730815108 -0.474363255618733 0.49231854652278
-0.0223430538847657 -0.0351492860793813 0.108938438053 0.472240928631696
-0.0285682813271521 -0.0286550354942257 0.236584740061425 0.144372243220266
-0.0223416597657979 0.00488226730911782 0.10628683684054 -0.156584758864252
-0.0106095601995861 -0.000447055497661638 -0.0546606759893677 0.111955019156545
-0.0290542222237041 -0.0225827407895652 -0.13403940175053 -0.143954205484202
-0.0030181396581675 -0.0334894586401167 -0.0371161631359432 -0.433635580809956
0.00967374368906083 -0.039987805295925 0.473927813894255 -0.284354700242711
0.0235884479790036 -0.0244718151385222 0.636571348371982 0.431573214240041
-0.0163477272485965 -0.00179496444792128 -0.014801632701471 0.858837714390276
-0.012675175553134 -0.0436241581663697 -0.444737106071972 0.414773930776734
0.00425896076388192 -0.0590710428705631 0.0190938027493448 0.068579349208034
0.0028722199940651 -0.0429597336177146 0.365474622670112 -0.448727870323351
-0.0135129978612953 -0.00751427169213669 -0.219973393183696 -0.837012569837637
-0.00349508901386608 -0.00657883586188409 -0.830694322229109 -0.181947924428941
-0.0257009798282611 -0.026038486226115 -0.408555976241651 0.544543877884712
-0.023033261390214 -0.0218390294239193 0.155024203695692 0.452886201136141
-0.0264084716751314 -0.0179113679133102 0.247314065957776 0.117832069136808
-0.0192591089877289 0.00832511672082669 0.113713190058153 -0.165636115143899
-0.00630445755945979 0.00230914458869262 -0.0486574471182442 0.108079601432557
-0.025409070984899 -0.0120495962266736 -0.127092822786889 -0.151467383097256
0.000565255626953261 -0.0197424691864246 -0.00552690575122732 -0.428834677977286
0.0122562501477284 -0.0298440004214943 0.505399086260256 -0.22972789417166
0.0285642462445389 -0.0224492141477693 0.593161720021656 0.504758649908789
-0.0098592820906812 0.000381027632835845 -0.0995016650182975 0.863993474442398
-0.0131846071616375 -0.0338697173283927 -0.472156102796228 0.382478256424764
-0.00351924661130666 -0.0495870201942261 0.02795257744045 0.0548715187529827
0.000823401028006732 -0.0326943995885299 0.337970457026652 -0.475791455343467
-0.00517265299026715 -0.0049527562008568 -0.291697053699137 -0.806694068684531
-0.00200353855951576 -0.00745028918433836 -0.836084891458981 -0.0991210559603758
-0.0252625083840116 -0.0125633809852157 -0.354269168279084 0.577219096672767
-0.0219372881006426 -0.00704067135061997 0.186948746143115 0.437883796228247
-0.0229224193462134 -0.00704996558244003 0.251683736907692 0.0986310317681112
-0.0148983872515659 0.0129206526709734 0.118219823223334 -0.173109255687494
-0.00428628461507129 0.00690560870958749 -0.0468967722579971 0.106400909294696
-0.021648702324288 0.00169105796696852 -0.124833354688205 -0.154595279944656
0.000138351487886324 -0.00421794608613052 0.00952479379480718 -0.421973190173482
0.0114531725527628 -0.0188544090862487 0.522307976709771 -0.199141038313535
0.0332299555005443 -0.0212749464561547 0.57140375673707 0.538939797732832
-0.00261107044311197 0.00595830727198587 -0.144977228487835 0.864543085673167
-0.0167571079892104 -0.0198824296575202 -0.484388424529963 0.363963186957444
-0.014103024641982 -0.0363189661388458 0.0339781675892637 0.0461876055649458
0.000359991251472333 -0.0190371097994323 0.320506962372135 -0.490168985671755
0.00401471080666532 -0.00288910924531397 -0.330224550471981 -0.790608335563186
0.000633615836151038 -0.00526698864034787 -0.833646631748165 -0.0580761357222835
-0.0236220153621165 0.000565829416496316 -0.325668833468177 0.592077120775024
-0.0179462798989328 0.0089581308417294 0.201846060294517 0.428837831188853
-0.0177068341526312 0.00581367901725675 0.253244850265128 0.0877972877230011
-0.0095455321772921 0.0193862090072007 0.119087867211328 -0.175766480735781
0.000696032613063306 0.0122686161102304 -0.0478086447498212 0.107134636410969
-0.017383982831347 0.0149416507096051 -0.128509429557818 -0.152754626984507
-0.00155862003109889 0.0128826054953823 0.00882949418746481 -0.419531011593482
0.00740708744065011 -0.00797938841616654 0.524993539241702 -0.198598214854206
0.0368763215421789 -0.0197919842833322 0.573713229347769 0.536469935502254
0.00428414340119935 0.0162532065725042 -0.141011986577345 0.862802014686069
-0.0237226582508989 -0.00174417082377025 -0.483567066021784 0.36255757286407
-0.0257383615464393 -0.0201174686930371 0.0351394654203561 0.0419250251433093
-8.72751336782468E-05 -0.00302940586613862 0.320599480368268 -0.495874728505733
0.0137252021210615 -0.00102687641134056 -0.323125689168811 -0.794983533240916
0.0047846776170603 -0.00309251532639557 -0.830193413355397 -0.0644320093331362
-0.0221930692697306 0.0133711228081461 -0.328129927919785 0.590459631359728
-0.0155688525532891 0.0221433297445107 0.199535126835657 0.431895880295372
-0.0131645408705597 0.0189656878684295 0.251634589511916 0.0881925099314805
-0.00389511392671909 0.0237758334933147 0.116142717453057 -0.17558799802966
0.0030672497099794 0.0169628715384447 -0.0521720336928058 0.110171034894204
-0.0134265467900159 0.0275777282614052 -0.13459803776213 -0.145150252991382
-0.00250258775996134 0.0253704850236878 -0.011037025163186 -0.417921026637036
0.00213113362999082 0.000231783827988313 0.5136737562826 -0.230532565936142
0.0361480373501764 -0.0186059136490378 0.607072038219255 0.493496014404656
0.0114433582434196 0.0258440111555414 -0.0853627902710161 0.862499589614707
-0.0291814247674046 0.0152917013771201 -0.46676865905734 0.380913724531664
-0.0379302620965835 -0.00466352740186167 0.0313588300342656 0.0454817344254471
-0.0010678968795494 0.0119017168989802 0.337136758372634 -0.48481114615374
0.0223522442184174 0.00375924437131044 -0.283777486673864 -0.817542576440205
0.00752277790251169 -0.00161170512621711 -0.828772076328255 -0.117711398369466
-0.0232280467934173 0.0230906672744899 -0.361865219079458 0.572876168766939
-0.0142720715949453 0.0353513551985096 0.179892500635305 0.444180831096584
-0.00810480056917693 0.0302535480041825 0.246143539634562 0.0993295355407306
-0.000112784798515654 0.0292000045234823 0.111230677343074 -0.172499418801442
-0.0113821675545928 0.0018671124696238 -0.0846519618243831 0.133198516126811
-0.0292002443967301 -0.0235469543290421 -0.166509163341571 -0.0928298606983768
-0.0166616682244219 -0.0414573214525037 -0.164624680481345 -0.411944042566452
-0.0118632330114208 -0.0493341375981631 0.320949198970629 -0.462487773171755
0.00898961511159535 -0.0273787417791689 0.737486424101389 0.118015377922745
-0.0164852394741474 0.0151822000217478 0.309404517972559 0.767195645110109
-0.0263822931037914 -0.0342592556821125 -0.316170838970183 0.520864231890381
0.000915948310089645 -0.0554733240947929 -0.0158575301299285 0.114809475543224
0.00724055173579949 -0.0418352993619778 0.466318338120463 -0.328103899308348
-0.0167442581770306 -0.00470173344136983 0.120224046768693 -0.900061898065838
-0.00221862381023908 -8.3794698486659E-05 -0.714779370825444 -0.536462805918637
-0.0201438885803429 -0.0408742330075818 -0.601073407610987 0.352898085940716
-0.0176690492384025 -0.043487514593585 0.00521062337852011 0.497543717355587
-0.027548347719497 -0.031466294758091 0.210805225288417 0.191639836487719
-0.0232743513055716 0.0054254569377828 0.0933701759060358 -0.140145587923659
-0.0128693919511215 -0.000950173824210628 -0.0755753978306623 0.125278739961042
-0.0322038859234553 -0.0279889216925617 -0.156997528153779 -0.11342966724568
-0.0137359263721922 -0.0450723281314357 -0.12431777664308 -0.426477647753264
-0.00449083623019981 -0.0509707852953118 0.377590624374009 -0.411334938138263
0.0132889720890385 -0.0270593976788086 0.720242378988903 0.223976328381444
-0.02095961915414 0.00841151840065805 0.209666246744926 0.812379527805466
-0.0224211401569938 -0.0429167513674082 -0.361862687049157 0.493469017945641
0.00659430919595158 -0.0627488649686929 -0.00510961096843882 0.10085463516867
0.00744592620507664 -0.0477786724386549 0.437363276147711 -0.369539470384172
-0.0192957103757911 -0.00749462987412595 0.00152565834484034 -0.893543660370051
-0.00340028109899254 -0.00272677869437347 -0.772681721148847 -0.421809531649219
-0.0217048420731855 -0.0421993784080201 -0.545570036033446 0.427021701781806
-0.0195415070300182 -0.0430936281825444 0.0561507352395294 0.490682041227219
-0.0288869555659416 -0.03245597663495 0.225559566650112 0.170646105389205
-0.0225747998770854 0.00376552192162737 0.100886228344695 -0.148270361150075
-0.0120602059417474 -0.00199421904238206 -0.0637437037575494 0.11826347342362
-0.0319337686997758 -0.0279419255178197 -0.145098318697116 -0.131695198967791
-0.0082607131007036 -0.0416184490621335 -0.0798551893864684 -0.433823303836085
0.00393276365606293 -0.0477282696702026 0.433955282261756 -0.350062223315036
0.0184311964633883 -0.0256347074451116 0.687429501811652 0.335256356692991
-0.0199844418661874 0.00138827004922442 0.0964043696417381 0.846514722051227
-0.0158932079564375 -0.0473944099087022 -0.40912002347847 0.456233362507917
0.00792896500907746 -0.0631807717460428 0.0070571518016984 0.0853017475760919
0.00461877821236006 -0.0479586663965917 0.402814482117174 -0.413263271876502
-0.01768186106212 -0.0084528780246735 -0.117417349893188 -0.874166668084205
-0.00425921198087646 -0.00510623751558267 -0.815705264297077 -0.297081360879245
-0.0246679688394512 -0.0367851852600036 -0.47833381641758 0.496015597830132
-0.0216816126305127 -0.03526545086842 0.110279379179338 0.475490945113923
-0.0289209423074623 -0.0273751374704091 0.238643488965504 0.145118300415108
-0.0224784159954204 0.00572153325825354 0.109058871207391 -0.15844873817674
-0.0106597028556711 -0.000437647005330942 -0.0556247438432829 0.112102705548746
-0.0302269383745213 -0.0232017510828442 -0.136290917644846 -0.144939436720672
-0.00342609659940659 -0.0342070000470044 -0.0383470281769478 -0.433757378578079
0.0103336677787521 -0.0401314338453521 0.478067707852849 -0.28584048716803
0.0236947798025317 -0.0240065673717095 0.64075767870919 0.435757773545034
-0.0158630962142609 -0.00157318971119951 -0.0142050028910947 0.86480506695965
-0.0129306722236323 -0.0440136861044882 -0.449003293177892 0.416579436581817
0.00471167637660846 -0.0598709612722882 0.0191372323374274 0.068619997863675
0.00282377833419487 -0.043458528940661 0.367414763027865 -0.449747088775276
-0.0134373809314451 -0.0077618552110145 -0.219506729306053 -0.841644238775068
-0.00306084538264878 -0.00696712471146385 -0.836942670983849 -0.182797112609952
-0.0261545838767911 -0.0265558607115463 -0.41115517230952 0.547078255810575
-0.022937568522727 -0.0228039331517379 0.156943160321808 0.456778099020041
-0.0268058366479042 -0.0175061965083819 0.249250528265749 0.119221665383093
-0.0190016631440778 0.00963497380393535 0.11597114607834 -0.166327932574217
-0.00686942681887032 0.00302599215137615 -0.0490765450879203 0.108793555838877
-0.0262429874545897 -0.0122182199109035 -0.12894343323901 -0.153254902583328
0.000545590643039347 -0.0207886774628496 -0.00506109532915705 -0.430430618557076
0.0130067884155276 -0.0295747898243223 0.509222454606142 -0.229761714263576
0.0293736333445461 -0.0222729693438863 0.596755238069249 0.509506324685508
-0.00933799856153283 4.8714941598289E-05 -0.10063321089095 0.868552353028368
-0.0122707221414902 -0.0336992593542848 -0.474934745939639 0.383202606172528
-0.00333916661230949 -0.0496119267483597 0.028807159974216 0.0553393095550887
0.000204678658116051 -0.0333891573875682 0.339459077986595 -0.477222610971988
-0.00510681356096582 -0.00637327718000233 -0.292865145449733 -0.810669506701158
-0.00167797760113914 -0.00677845611059058 -0.842165760393535 -0.0997322414020515
-0.0259620574159177 -0.0124958219436248 -0.35559314932592 0.58212899122857
-0.0211543166489753 -0.00696825883691917 0.188311558415782 0.440340444850897
-0.023318422194941 -0.00583226174023697 0.254352910197564 0.100092218841578
-0.0137987108029937 0.0145534172164169 0.119631732541179 -0.173457340651673
-0.00359035212111112 0.00748622705662725 -0.0470854581829016 0.107258037351611
-0.0224657378129465 0.00195151501385112 -0.127205478309589 -0.156348640939178
0.000845182140861651 -0.0037386638110141 0.00954161666143338 -0.423726579666871
0.0113039138904226 -0.018158639611595 0.525917143330887 -0.197964619614323
0.0332796592183317 -0.0209103317443803 0.572284296694667 0.545143408204918
-0.00275930901992478 0.00580641650805013 -0.146673327513496 0.86925044762679
-0.0172269502475888 -0.019706208248743 -0.489273003687283 0.365842420697317
-0.0149440418936203 -0.0352425799058636 0.0341854866054235 0.0458705378154963
-0.000319317235807789 -0.0186811850314275 0.321976203246443 -0.494030094611643
0.00452687830837917 -0.00371094462967287 -0.330065244815131 -0.793916732781419
0.000718055555451507 -0.00470932204253903 -0.83910550651807 -0.057247565196667
-0.0240889926919286 0.00157765287548935 -0.328562867387688 0.596188565830659
-0.0183530315185378 0.00923270405855633 0.203879676061371 0.430693942687879
-0.018496162103063 0.00720032283448633 0.256220665123864 0.0886393961544298
-0.00870708588514466 0.0196427138741119 0.119391458861417 -0.177134808848369
0.000452385736080888 0.0125477766348607 -0.0478557438337709 0.107717031080054
-0.0172835197001524 0.015302971741815 -0.12887026572992 -0.153897835083007
-0.000184806512615005 0.0122836042209678 0.00895943448646845 -0.421601859310566
0.0068463553159971 -0.00825854234680238 0.529529508137507 -0.199046117953388
0.0367327664843736 -0.0192758140475661 0.577569069096479 0.540053549618237
0.00515870883927123 0.0162344643341568 -0.141126003946276 0.868166334916876
-0.0235340768945503 -0.00170004257875307 -0.485636698860607 0.365393187488866
-0.0266132080763377 -0.0195880198850209 0.0353589328707399 0.0417265034069087
1.52378710093059E-05 -0.00352424973770321 0.322929810259901 -0.498832837209287
0.0133752837802659 -0.000845490312495489 -0.327350712233242 -0.799636392695814
0.00465264865456525 -0.00340891441061589 -0.83533722874201 -0.0647056869989684
-0.0225112590160514 0.0140081743250007 -0.330625472447114 0.59437627006168
-0.0154868633948738 0.0236780717433717 0.200887044216693 0.434239937884639
-0.0124860208381954 0.0189463782193538 0.25362476504869 0.0899135534891628
-0.00320140861738769 0.024946641192171 0.118110958693174 -0.177500663146793
0.00352565142899376 0.0166859500101582 -0.0525021676502574 0.110272888056521
-0.0134271513843629 0.0276012868381845 -0.136545464596426 -0.145673470839472
-0.00164030346199758 0.0251420063432593 -0.0116781101633213 -0.418085935258906
0.00241225308046135 0.000675876461767409 0.517214473140214 -0.231547885983558
0.0374365881420266 -0.0188506964304837 0.611807997201539 0.4971903612453
0.0111331348322988 0.02581782135748 -0.0870280005084081 0.867339050845608
-0.0298165426941802 0.0152046454237318 -0.469314952898494 0.381736741958592
-0.0373049251301586 -0.00401952311739854 0.0317863118515094 0.045855818431432
-0.00148357355928621 0.0115441156438574 0.340677975521092 -0.487363646072989
0.0222040395397116 0.00388050092320723 -0.284153294475418 -0.824140053404957
0.00775724779846897 -0.00178230045110328 -0.83277885513751 -0.118835346907932
-0.022418509181204 0.0227989126306643 -0.362637465917091 0.577077568826887
-0.0141825180989393 0.0350668495458674 0.180883533821335 0.446716642970467
-0.00844446040506152 0.0310488816574761 0.248259569703528 0.101106276855426
0.00107504765291179 0.0304372218904443 0.112161147378125 -0.173727724364224
-0.00841269832970719 0.00839179218678925 0.0122000193752239 0.158109775657576
-0.0365425789265272 -0.00175066654533002 -0.191364722102833 0.025672538604277
-0.0395831040979463 -0.0251986362193135 -0.377860680488243 -0.235967099698079
-0.0377778396183179 -0.0354451325723635 -0.0167950938049175 -0.566653254056856
-0.00958129339456819 -0.0299444803873402 0.659919965991609 -0.343254261766916
-0.00220505733140441 0.0174373494394635 0.706203882763531 0.43080436810105
-0.0367749473440574 -0.0117784926784946 0.0604053403742581 0.614299441811212
-0.0327783243884954 -0.044946514148457 0.0560420856520156 0.102210991650029
-0.0190985290506545 -0.0435093462760183 0.175804451702339 -0.545824459891701
-0.0216690436211977 0.00470402587275318 -0.443480646661118 -0.802504451746934
-0.00880721875475106 0.00258549728762348 -0.897519460102203 0.00144476555548859
-0.039484252829393 -0.0152633264818071 -0.271234114384384 0.651809734187139
-0.0365532303535122 -0.0210789440109415 0.309960468212356 0.394420458126021
-0.0379660708369069 -0.00757749921970452 0.290964104892404 0.0206359197921062
-0.0144251516033018 0.0175381470108674 -0.00973898812655835 -0.175702303763266
-0.0104140602575691 0.00726033401239809 0.0147102243086412 0.146005566068041
-0.0415133717674865 -0.00356303523407039 -0.195774212915236 0.00287249324813961
-0.0399091032158741 -0.0305494207176304 -0.354048774132101 -0.272010533908169
-0.0336739809760419 -0.0409116880076125 0.0593962453623101 -0.560585027386469
-0.00646912333214306 -0.0316143989590488 0.706807828781684 -0.249497105120086
-0.0095436901403589 0.0146561974120439 0.653377360884493 0.52549605587893
-0.0393974664216587 -0.0219557024995342 0.00373779588398108 0.619410803343072
-0.0318913609556087 -0.0542606454059799 0.0569092166529696 0.0843775764730521
-0.0234093716790206 -0.0478606523761722 0.127919086728748 -0.561577113835554
-0.0245548357544168 0.003848186184044 -0.533243890546923 -0.727460478950026
-0.0112760034671531 0.00202885995633344 -0.874618893483548 0.1271661353022
-0.0407612271471184 -0.0140416485543929 -0.18288034782436 0.679883598826083
-0.0371613754185849 -0.0197626182214751 0.346710353893665 0.357470577779452
-0.0399820174874005 -0.00919569240463034 0.289814748849816 -0.00529220507716202
-0.0147038020003466 0.0170604785019421 -0.00946844333581611 -0.18702330716152
-0.00971522713177485 0.00484669393045541 0.0180722784364298 0.133861092947206
-0.0418557637535837 -0.003441482311723 -0.197253671224754 -0.0190882185780353
-0.0339940529442113 -0.0315856891764739 -0.322164826809951 -0.305509169403963
-0.0244174890767495 -0.0432095821599877 0.142000200166509 -0.545890660419209
-0.00189788405926587 -0.0339366028351821 0.748987621338936 -0.140075012132965
-0.0123759291768895 0.00987136910604677 0.583998288689757 0.620046843023445
-0.036931563667013 -0.0270125633951157 -0.0563663689900002 0.618419967515093
-0.0316416930513645 -0.05514088392821 0.0579460215936039 0.0646497246214306
-0.026283142462849 -0.0469149819833201 0.07450833411233 -0.575490028355107
-0.0240477666082781 0.00327364623520511 -0.618832105445822 -0.638849486165826
-0.0122110240145862 0.00191305199217655 -0.833407387838049 0.253910350537799
-0.0385716351642396 -0.00901685523620305 -0.0845467962328754 0.692879687874241
-0.0339167510367262 -0.014266785783587 0.380540114920777 0.313271243073243
-0.0371938232774088 -0.00560443009868211 0.284792585122928 -0.0343504572957011
-0.0125214960295174 0.0163384145286128 -0.00980635937144896 -0.198477534577496
-0.00815914112445246 0.00577853407657308 0.0213201096410171 0.12284933689033
-0.0371520190203387 -0.000364387215932888 -0.198265622323042 -0.0344170533186611
-0.0244096670997901 -0.0275724566929536 -0.288351381524766 -0.328917235094953
-0.0140226460644473 -0.0408997164290851 0.218545439211018 -0.51833449922021
0.00412286218136652 -0.0364353626248988 0.772071327037695 -0.0318090707264445
-0.0110008418087377 0.0051770194627671 0.505652037081954 0.701293752075029
-0.0319574272015782 -0.0274160142388903 -0.111499366161816 0.609579342668751
-0.0321698224907363 -0.0497607415239915 0.0577036387582776 0.0441251532833657
-0.0252523289814725 -0.0406325424968207 0.0242806729686621 -0.584065961716805
-0.0201947954609588 0.00146424876975537 -0.685453350340076 -0.550674152054045
-0.0117841925830479 3.13931668694568E-05 -0.781166207598674 0.358700340306333
-0.0331637213519514 0.00029308949371358 0.00132164009134576 0.692050137356597
-0.0260832461588279 -0.00288769018598711 0.405859624544521 0.269340287734932
-0.0295730118779906 0.000765720486206139 0.276804642583538 -0.0605696751388277
-0.00785454965638508 0.0176755312889249 -0.00955365090768723 -0.210203328007897
-0.00334624676612618 0.00617657135900509 0.0241173909050624 0.116566063166325
-0.0288808709266883 0.00608030045234787 -0.197269921622466 -0.0458755063140513
-0.0132694903063977 -0.0184008802185128 -0.257876847572911 -0.344681678026691
-0.00672339067651287 -0.0339508066333523 0.277336500930155 -0.493128763188714
0.00980545684765512 -0.0380747084499731 0.780751201509013 0.0522834478091547
-0.00406328047900095 0.00278566138499889 0.439171652695092 0.756878412930825
-0.0256613916616953 -0.0185251261636953 -0.153505091873631 0.599554646663086
-0.0329103526394428 -0.0366002710336921 0.0563187302595853 0.0265514826582802
-0.0207539421500077 -0.0308288247265446 -0.0161504885141723 -0.588720557618594
-0.0120430930198352 -0.0021729021720261 -0.725970825178247 -0.482160630337205
-0.010067614357145 0.000494221407403555 -0.735100815672852 0.426863033099814
-0.0238290977955635 0.0101858525611035 0.067755061226701 0.686179590249719
-0.0151626844230222 0.0090056170355334 0.422699219429256 0.23613646664543
-0.019031525540638 0.00853514269193731 0.268200158945966 -0.0796569107906851
-0.00137810246034098 0.0187205453729519 -0.0114124984754586 -0.21750770309707
0.00146083361801576 0.00918953712146199 0.0250399420216167 0.113583427510365
-0.0181869850776002 0.0143557422990435 -0.195031437512603 -0.0485384936592761
-0.00388783258171709 -0.0059830860443723 -0.241214479690372 -0.349132097375645
-0.00189185314679989 -0.0245371608308338 0.30936912885126 -0.475261438563076
0.0146238616536498 -0.0393909535590053 0.7818258297319 0.0949914006066407
0.00478270520567576 0.00357065333426411 0.400731725725173 0.783771277374667
-0.0203075171266608 -0.00537009389131303 -0.176152896121072 0.592892468110725
-0.0328186078104707 -0.0199233317770018 0.0549224925950811 0.01590959484276
-0.0129846299882438 -0.0201238801032022 -0.0390704448347868 -0.592425792603932
-0.00341142085567614 -0.00562335871407016 -0.745433565275057 -0.447115172352723
-0.00646187800643195 0.00045882864751173 -0.707194300483264 0.460153324315708
-0.0139103311300844 0.0209028901474372 0.0974069955595262 0.680294031698221
-0.00315752945965711 0.0206088334488867 0.428176338389568 0.219977885790615
-0.00649206606059363 0.0153858803416246 0.262342265668258 -0.0892441450596325
0.00660421021173331 0.0195902123557418 -0.0137246155672668 -0.221278928421586
0.00700858632255495 0.0111087821743409 0.0259180308828627 0.114693554429232
-0.00699964881907692 0.0223995314528573 -0.19559949683921 -0.0441595124236223
0.00499990126539369 0.00756137573411923 -0.239713077746213 -0.343590389554847
0.000530927313627909 -0.0135382622782464 0.312488232722877 -0.477547004158048
0.0172086619624845 -0.0401820869571569 0.783449267449333 0.0888252008277126
0.0163453670807657 0.00830612180893573 0.405027089660945 0.77882445096395
-0.015664297408242 0.0134277493393398 -0.173724336031599 0.591522059891367
-0.0332799561307112 0.0011089907084739 0.054461931108064 0.013153309622886
-0.00416208353761409 -0.00676122022140417 -0.0403909087665465 -0.593890632853241
0.00624206010837962 -0.00856144150176346 -0.745455268352936 -0.452336633932768
-0.00291498532847207 -2.25505083060479E-05 -0.708025850885298 0.454604440592061
-0.00573379198989832 0.0296199041431227 0.0943608976252296 0.681553590100954
0.00775332756834389 0.0308369837163624 0.427992281485997 0.223004273090179
0.00469995953609946 0.0234485663207749 0.260709827111345 -0.0877272520521325
0.015192552712767 0.0211959314184208 -0.0157856203931513 -0.219755358692107
0.0122837134221909 0.0124172043936285 0.0246586736493743 0.119340091457735
0.00316330424686131 0.0302889047804657 -0.196345329846806 -0.0342406587022657
0.0108779107872288 0.0193662558875447 -0.254564569486101 -0.331476617120469
0.0010963861372534 -0.00403941725180667 0.282881710755541 -0.497218547210778
0.0191210351068129 -0.0395815937916814 0.785212315105263 0.0330849612398382
0.0274693340724294 0.0117840980025943 0.451092549052319 0.746720856852296
-0.0102435612201554 0.0293237615342954 -0.149168858953362 0.595836618812168
-0.0329148601546991 0.0193274186549045 0.052662862166027 0.0179241977948075
0.0045709270762431 0.00707580689661036 -0.0189260674051194 -0.598179396797972
0.0172181146753699 -0.010511668314842 -0.727102786290051 -0.498544395384172
0.000612425379986386 -0.00129726323640759 -0.740167079099293 0.406988547533871
-0.000947123746464527 0.0366247138073314 0.0554630473296041 0.686308356289836
0.0168940045546149 0.0407483388392994 0.420102735817306 0.246295324070267
0.0164749048851154 0.0301268323953944 0.262534392503515 -0.074458872921379
0.0207039321629173 0.0220357929619752 -0.0174575056351565 -0.212646618734582
-0.00747956143413739 0.00835293432540027 0.0116305776065817 0.159136340611896
-0.0379387078154887 -0.000608259465627286 -0.19352297111777 0.0257415691050619
-0.0404829713597427 -0.0257415316797563 -0.38211802272458 -0.235271950430109
-0.0385957243627952 -0.0352991516139711 -0.0166396192347445 -0.570261174209481
-0.0100060698881908 -0.0296489837754004 0.66344393460638 -0.348350272691196
-0.00188002027995338 0.0185708695115537 0.711478810589533 0.432502392151133
-0.0365599293121426 -0.0113728526609386 0.0607113326436359 0.620037836356988
-0.0333165075277129 -0.0441817016291652 0.056542216318216 0.102419907371647
-0.020141384045409 -0.0437654683845229 0.175845807175761 -0.549381428544269
-0.0222137567023578 0.0041253867472227 -0.449306443498 -0.809685304324535
-0.00896772666016812 0.00281118441951638 -0.905472235099273 0.00290892191493318
-0.0397424692093249 -0.0150738606409115 -0.273616694061184 0.658312476208641
-0.0368276319316227 -0.0216646336606672 0.31373674618294 0.398394092220167
-0.038066294955189 -0.00732981673230488 0.293903178474004 0.0199676601775561
-0.0133974460594539 0.0194850734775676 -0.00923015888043929 -0.176795614084163
-0.0103740685451466 0.00676550051142082 0.0144206816466559 0.147786450578194
-0.0424913787456148 -0.00356418343926841 -0.198834330622961 0.00437706068471378
-0.0398162487467766 -0.0299707586996449 -0.358326937847054 -0.271926476552818
-0.0330503526599981 -0.0408016746610406 0.0594906236682488 -0.565071685776845
-0.00632691732630951 -0.0322711910293427 0.713676506837058 -0.252423817049884
-0.00898161987637268 0.0145610895890844 0.66047450438999 0.527802047153211
-0.0389724905262486 -0.0212036172028896 0.00506122137694311 0.624588253344672
-0.0326481982015097 -0.0538420301822462 0.0578143411675935 0.0844090816738625
-0.0246869923094975 -0.0484379356726869 0.127597862853549 -0.565216107366573
-0.0249453011795548 0.00424514789692303 -0.541735987466079 -0.732458137627572
-0.011709099112625 0.00197545212348608 -0.882593226328514 0.133082870827683
-0.0415105894291511 -0.0144562152802776 -0.18228934847961 0.685072149462218
-0.0371143666248596 -0.0201473914710627 0.351799412231049 0.360122242971871
-0.0402829322409804 -0.00772425492510062 0.293188956083427 -0.00726961403219377
-0.0139299391138678 0.0173999789179356 -0.0094775229174822 -0.188724255282549
-0.00969000341343531 0.00542184525645855 0.018174763011319 0.134414401612069
-0.0427168717158124 -0.00304971184370147 -0.200467988635888 -0.0174487512743351
-0.0340318536167721 -0.0318872896663796 -0.326951639137135 -0.305203680284183
-0.0240498844975563 -0.0433096825226139 0.143514807200819 -0.547701498114341
-0.00161598621748976 -0.0345806011004636 0.755354728313481 -0.140636387741184
-0.0120084313457066 0.0105442454354673 0.590868581014203 0.624105562334058
-0.0372274162454929 -0.0274356773031914 -0.056180985515152 0.622629648875929
-0.0322686776097441 -0.0548488529219638 0.0576708783129339 0.0645014254018466
-0.0265811980502493 -0.0469442821367704 0.073268924855749 -0.580385555146337
-0.0244372650714124 0.0035458814389829 -0.627524964871171 -0.642677265704174
-0.0126050641465035 0.00114858596930029 -0.839200699703918 0.258115492428194
-0.0388845538725653 -0.00909041449994393 -0.0837521412055185 0.697424869012817
-0.034242427072118 -0.0133167418937607 0.385616460811556 0.314243478089201
-0.0371968420331613 -0.00472971021347165 0.28665515300914 -0.0358349944880339
-0.0113978399769482 0.0174706966902829 -0.00984165492066085 -0.201144157352057
-0.00788874194040392 0.00653252260522371 0.021487760707991 0.125159735695881
-0.038015344851062 2.53977767377478E-05 -0.200966339170547 -0.0338407724141011
-0.0243626859874725 -0.0284927357181341 -0.292004246080486 -0.329775280490907
-0.0150466533787193 -0.0413492365482507 0.219965131161182 -0.522783409294237
0.00411549199162093 -0.0368461787856706 0.77812981578192 -0.0337815270673757
-0.00986408827657704 0.00483170762750644 0.510673339603673 0.706203244476341
-0.0319566397567448 -0.0278772138294353 -0.110893590285388 0.615333149494346
-0.0328142515108624 -0.0496595233731082 0.0574613152915609 0.0447370676306593
-0.0249745867289476 -0.041483428382372 0.0231564370697484 -0.588311497227543
-0.0202708066955773 0.00110122388951872 -0.692598123051231 -0.554422046023952
-0.0113184905215389 0.00159136332545073 -0.78792580247769 0.362620463358471
-0.0329436200014985 -1.9228809051329E-05 0.00399690985671969 0.699500435183558
-0.0266443962546514 -0.00243293296183111 0.411989321449982 0.269858399509545
-0.0290400777356198 0.00194753191416501 0.279348564650646 -0.0619639696158361
-0.00726122427271827 0.0189023770070065 -0.0097617050985111 -0.212393590958522
-0.00425844410167007 0.00677639559811241 0.0240005504324228 0.118432040057224
-0.0291090917098571 0.00521559194084203 -0.198672725417604 -0.0453381364495689
-0.012869970419995 -0.0184517181431266 -0.260718761401741 -0.345534249854691
-0.00598517320036676 -0.0345850318466564 0.281105733695759 -0.495565657834956
0.00993156856253077 -0.0383282314395159 0.787674177831525 0.0516440321544668
-0.00414493645534481 0.00298744510884738 0.442431667209545 0.764557590611201
-0.0265419222485274 -0.0180952659225077 -0.153711486788282 0.603543632363508
-0.0335350015381048 -0.036351046621952 0.0562672249130723 0.0266103631038955
-0.0212234440311205 -0.0308785693300651 -0.0176909905482378 -0.594894927371119
-0.0126128618902942 -0.00225625231308076 -0.732111757325031 -0.483735390828227
-0.0089780157466971 0.000751060215119243 -0.739239060714416 0.43046262200669
-0.0248675088592156 0.0100043166093668 0.0695658375641443 0.690999913114005
-0.0151071431402284 0.00881417731302916 0.426763159414888 0.237218613886582
-0.0206472652840803 0.00848968875649675 0.271738659086965 -0.0818345164580547
-0.000230929221429024 0.0191150094395168 -0.0104121361203351 -0.220112055896755
0.00149830484654184 0.00892315538936503 0.0252971573312422 0.114594964859669
-0.017599716319588 0.0144777618169788 -0.1981248897609 -0.048488666136104
-0.00386680480878735 -0.00693083152234464 -0.242459739811713 -0.349678390953748
-0.00198200162894478 -0.0243216588570284 0.311808386493733 -0.479516555891631
0.0144439111609989 -0.0400977440847467 0.790080430831703 0.0952846282062426
0.00539239568600457 0.00377140802477775 0.405753881787129 0.789810293715006
-0.0214126041158321 -0.0044047437042943 -0.175915558804079 0.598024551482049
-0.0326737076645508 -0.018780399448573 0.0553824965424424 0.0158729040261171
-0.0143299435750949 -0.0194394191762833 -0.0411745685384808 -0.595746731070438
-0.00423335373447823 -0.00610000361191403 -0.751655373337654 -0.448807287701549
-0.00710941633286902 -0.000373706376878313 -0.711670127605164 0.467319377838571
-0.014460384021178 0.0205883140269911 0.101053826573013 0.68600650525446
-0.00326442752861552 0.0197515499842257 0.432672835459667 0.220019449204605
-0.00701922483464083 0.0162804097072904 0.264827226031901 -0.091411466875116
0.00734113038139889 0.0207012639749228 -0.0119572668096936 -0.224705488321318
0.00720935711149214 0.0107672878383189 0.0254325443379643 0.115024783314511
-0.0067227790519954 0.0232446733499449 -0.197724268879824 -0.0449296333717124
0.00479323866915456 0.00749446333547081 -0.242229876306287 -0.344408133113895
0.000718602706524759 -0.0139501365260515 0.314894168639215 -0.482559195813993
0.0181244319090338 -0.0402466723300631 0.79204925688805 0.0867626221864916
0.0172021462883216 0.00749996490683143 0.410439139922359 0.785020540957944
-0.0158659633064494 0.0134030862375326 -0.17350526635627 0.594091188166111
-0.0335170118801643 0.00137382363350915 0.0542100188995175 0.0123418682154324
-0.00516503107795759 -0.00573273194011844 -0.0423717426801902 -0.599345386369968
0.00619337885172144 -0.00921787158949372 -0.752476133989988 -0.452987837318011
-0.00262521687241239 -0.00120737071452936 -0.714348729889431 0.45864094596302
-0.00598189294762536 0.0308851751970306 0.0978509886631517 0.685861621775942
0.00771399551514492 0.0307685961275355 0.431480964729859 0.223895966085868
0.00600520651057629 0.0244088807922644 0.263202335072521 -0.08906213205162
0.015526357056974 0.0206740805705755 -0.0158650986670092 -0.222338953116916
0.0118043594969929 0.0120051052867376 0.0242284586710659 0.120623432692279
0.00341499417762034 0.0302730289255725 -0.198610898330891 -0.0338184586401228
0.0110971744821576 0.0191196898870935 -0.257447033798135 -0.331905062423812
0.00174989723491675 -0.00373149404436149 0.287089121243658 -0.501743922037119
0.0184927272644926 -0.0404429807073779 0.79295908971022 0.0321865748302373
0.0286805239205132 0.0113955586499199 0.454892071706606 0.752915085025473
-0.0100996016926955 0.0300818109985788 -0.149584116287065 0.60035876459215
-0.0331051479434908 0.0205033642275901 0.053015850194796 0.0183508162456864
0.00394833020111092 0.00725635477482229 -0.0212401217452526 -0.602576455722319
0.016314783013099 -0.0100699089403276 -0.733852192017825 -0.501819619772337
0.000704983946917346 -0.00100713759198237 -0.746032085204163 0.41198055049893
-0.00120964080690696 0.0376463591463576 0.0598383743547851 0.693084169168513
0.01620097830959 0.0407212525890228 0.423808709972039 0.246689855040943
0.0165437503173438 0.0301521608741315 0.265650397744386 -0.0758937780880008
0.0214204605208757 0.0220158178853197 -0.017584531623513 -0.213849309856046
-0.00739814381942164 0.00845721450916265 0.0117352608240831 0.160290371524678
-0.0377069478922782 -0.00134606506757379 -0.197374548895624 0.0274589826956327
-0.039926036119705 -0.0253823895981171 -0.386620889607351 -0.235125355494919
-0.0392099264285195 -0.0363002280465664 -0.0188952354977043 -0.574557269584
-0.00958990321826538 -0.030496019190053 0.670887951543855 -0.352769746956073
-0.00108141767254036 0.0172805021517824 0.720530214175399 0.433335622038853
-0.0370711675300375 -0.0110374343296117 0.0618883529729771 0.625401914168548
-0.0329905912514974 -0.0442531018840734 0.0577454275577585 0.103417715859135
-0.0211491414235946 -0.0434741505206584 0.176279090177322 -0.553545645504999
-0.0222488705334864 0.00364633557246525 -0.457267403441744 -0.815450212071151
-0.00848517407971161 0.00248418766128988 -0.914391071291851 0.00609953772446986
-0.0406367657935149 -0.0141832033205138 -0.27302985128924 0.664619334118972
-0.0372986197464638 -0.0211477275109088 0.3189905015611 0.398942731545545
-0.038275956567262 -0.00630024848317785 0.29773213332842 0.0190570259138364
-0.0121053329847565 0.0188950845781875 -0.00993410794751859 -0.180062876489695
-0.00989611107100102 0.00711055166798063 0.0149134714849848 0.148136498615386
-0.0433033691486992 -0.00269089145663266 -0.201798263866835 0.00541897361250143
-0.040207808638052 -0.0309410330422232 -0.362839904892142 -0.272449106727474
-0.0337680983846348 -0.0408158427691049 0.058735736694389 -0.569755369386788
-0.00623971905573742 -0.0332984259738297 0.720761567329903 -0.25851661927648
-0.00840844785099889 0.0146446524255515 0.665722957690317 0.530041235697352
-0.0397390798673156 -0.0217034573585894 0.00580281325142876 0.628262868230874
-0.0333032723428828 -0.0533526861149606 0.0580176459094176 0.0851425219606573
-0.0250903971681733 -0.0482598867626406 0.127278522743434 -0.57194954432032
-0.0256205419670623 0.00362464495127961 -0.548985989070248 -0.73722860013751
-0.0107787877326829 0.00178220463624072 -0.891716175898105 0.135620866546141
-0.0411122499048096 -0.0142610132446008 -0.180241168548032 0.691963502956673
-0.0382154124261853 -0.0212949121186362 0.356609375900117 0.360338409797551
-0.0404500367341386 -0.00731415669058642 0.296490387861375 -0.00828765584911492
-0.0136153488594649 0.0180813783960482 -0.00962658118652773 -0.19025090053271
-0.00930382520688377 0.00639883980644891 0.0196358296463451 0.135552897193197
-0.0432313336634358 -0.00325490633418159 -0.202681447068373 -0.0163646871039316
-0.0338914819979023 -0.0320333851207017 -0.329729112496425 -0.304266288267433
-0.0251258635537412 -0.0441503949704487 0.143250127910882 -0.553208006423019
-0.00154606925038333 -0.0351708215169329 0.763591454626149 -0.146319439777645
-0.0116103211058662 0.00958363442197909 0.596075470686482 0.626697417469895
-0.0375968690906332 -0.0278225812153136 -0.0552341426982502 0.627004517328296
-0.0329486163481471 -0.0549266858255303 0.0590247910188847 0.064468281781903
-0.0280714649382273 -0.0468186174214532 0.072719279644576 -0.58507445645582
-0.0244648822895169 0.00204097265206242 -0.633345414932147 -0.646105820685785
-0.0122578635004623 0.00164123304196703 -0.846295412157865 0.263209116311765
-0.0397332287540432 -0.00915802462414913 -0.0812854794094076 0.704212119491185
-0.0343138067140025 -0.0134359083354248 0.390646713678828 0.315776577555602
-0.0372442314700298 -0.00437458990165821 0.290390519312943 -0.0378250781033694
-0.0113334034499051 0.018659875023634 -0.00997092294716286 -0.20324509007879
-0.00833933510662914 0.00608881251104037 0.022225450642126 0.126692751045599
-0.0384002383200716 0.000599333094143008 -0.202992915034576 -0.0340932623403469
-0.0244194128445106 -0.0290684038996957 -0.296147202246002 -0.330847991682019
-0.0148102864119279 -0.0408669424179122 0.221462958470415 -0.52762135478867
0.00357203676786482 -0.0377199373326778 0.786437113228963 -0.0369160487704168
-0.010854939119278 0.00505744928226418 0.517085213381998 0.709828601457918
-0.0319404924806836 -0.0273554883637072 -0.112965870716697 0.618645550442621
-0.0328721687211058 -0.0490043922745621 0.0580647006924301 0.0437848843680449
-0.0271548319480436 -0.0418328664616182 0.0215171010438472 -0.592578355064338
-0.020738109527566 0.000218156732147614 -0.699180757490326 -0.557434750206693
-0.0120449819751482 0.000628499746387051 -0.792472025255184 0.369247179145013
-0.0331136614734308 8.3544787042901E-05 0.00588500408355944 0.704963719142461
-0.0272703432901187 -0.0029891286448471 0.41552369845529 0.271261588692396
-0.0294552576374388 0.00271406532641185 0.282376218666674 -0.0639782788279952
-0.00645104020781145 0.019129480903498 -0.0101768274389293 -0.214073356149073
-0.0038944400596358 0.00609812049769015 0.023847136739096 0.118152244234645
-0.0289008365514222 0.00625946359579589 -0.201653435837393 -0.0444338667706884
-0.0131416128707449 -0.0200100083423076 -0.263908846396105 -0.345674761836804
-0.00623982248435562 -0.0348144941544331 0.282153269863797 -0.500875324088495
0.00925133725289425 -0.0392824557147176 0.796806588930312 0.0499039159605377
-0.00429952371637965 0.00239115499625082 0.449909581106609 0.767028670576888
-0.0260474371699769 -0.0194921288853113 -0.153324150981627 0.60810421583912
-0.0325282102068148 -0.0357962264064532 0.0574226279256531 0.0269494631295957
-0.0230560345614956 -0.031618294930551 -0.020299170647768 -0.59745963361039
-0.0129848584779289 -0.00262522710067855 -0.742790419841293 -0.485235661870638
-0.00949822763650233 0.000410118322905283 -0.743985549209398 0.439063970287884
-0.0250771770032952 0.0109286855528308 0.0742820213184774 0.698019862165963
-0.0159013069211597 0.00785452726889486 0.430914940292878 0.238258942735799
-0.0193419734970116 0.00990082890899075 0.273886567042508 -0.0838355142517465
0.000274834704017037 0.0189033565540302 -0.0125566866946899 -0.222064158649964
0.00139310525310713 0.00875357737755448 0.0253894269438836 0.115631158708814
-0.0186220602829391 0.0149961040618386 -0.200853855093456 -0.0472701533215288
-0.00355085519466955 -0.00685405817869524 -0.246785269777494 -0.351273647745514
-0.000987423517024625 -0.0245043658730265 0.315156470440503 -0.486210778969047
0.0144528646901565 -0.0401668845968756 0.797875147326747 0.0929460141572644
0.00617834167341568 0.00333723043466276 0.413315781312822 0.795663129089957
-0.0206314602209345 -0.00478284483869215 -0.175452236821016 0.60275343865409
-0.0330968689338004 -0.018076398917255 0.0569734525361327 0.0158470784167068
-0.0154640465118751 -0.0194850699521724 -0.0423840211877986 -0.599947694747406
-0.00412594289792254 -0.00643424263105196 -0.762216900697287 -0.450980482828429
-0.00578903329328388 7.71908317026351E-05 -0.715967992339923 0.47299217196836
-0.0155941861209951 0.0211089197715904 0.104283179524451 0.691579270235081
-0.0032042097456339 0.0201396291011147 0.439210889392193 0.220486855728233
-0.00681776851431637 0.016903693538138 0.267542729862578 -0.0939546961427411
0.00876298274869323 0.0204173685603091 -0.0140062525079527 -0.226026872152991
0.00773382118035579 0.01119764229919 0.0254775034611634 0.116446091242692
-0.00714736927570586 0.023842200132307 -0.200937491378671 -0.0438571060966897
0.00483326468843689 0.00775655067837031 -0.24408945050141 -0.346716185335059
0.000811075573966442 -0.0142341189988064 0.316119417008837 -0.488895818484963
0.0171774523164831 -0.0405434039981882 0.800137234907323 0.0863018144533208
0.01689045106557 0.00819924150636966 0.417359926541621 0.790466985506149
-0.0158860823637472 0.013245289366468 -0.175097719872614 0.600350298361427
-0.033678523100731 0.00174257852929588 0.055034353724234 0.0122646849061432
-0.00533109792800626 -0.00633365811649241 -0.0449998689144664 -0.603534057295285
0.00643371550527824 -0.00921111394472413 -0.761990069648899 -0.4564721892094
-0.00274425440679655 -0.000563886067383747 -0.718862091509445 0.464722793083909
-0.00507065031204148 0.0306814331918372 0.102857845171597 0.692615497015063
0.00894228156764269 0.0306046737668216 0.436701689581817 0.224528219301712
0.00583172160247674 0.0243505995329805 0.266271264430297 -0.0909078788710804
0.0151841263769491 0.0212979669554458 -0.015657087646257 -0.223409232864262
0.0123536666902537 0.0124830479176571 0.0243107979578305 0.121725019123827
0.00326585597715802 0.0310683346574075 -0.200907335914159 -0.0336428475899609
0.0111295723669125 0.0189246471278431 -0.259756535757758 -0.333628208018194
0.0014954001052216 -0.00459926637351487 0.288952147129945 -0.507508736391309
0.0182007023616491 -0.0408945637265707 0.801796855124291 0.03053952039185
0.0287174178809621 0.0113184942087636 0.460555203238156 0.760001125851616
-0.0107172374569737 0.0311236374835394 -0.150439375427027 0.605468041058576
-0.033823984805193 0.0218024443559474 0.0532256210138876 0.0179206449459536
0.00319823311369606 0.00733257498452657 -0.0246361795404188 -0.606076555470229
0.0158882575636586 -0.0115994691654602 -0.742001072596563 -0.503806122552227
0.00104262244259849 -0.00121414309828247 -0.751234560792044 0.417483021513389
-0.000243782402215922 0.0390387988264789 0.0632853861014291 0.697407715638636
0.0169515622266156 0.0415164711483071 0.428418031477794 0.247021830931809
0.0170482752273313 0.0314814424732128 0.268933738667198 -0.0770350064940632
0.0223833060194335 0.0220338483613141 -0.0178861021004328 -0.216899643702891
-0.00672207353788763 0.00904385333782731 0.0121599492758021 0.162002452272736
-0.0386108056590065 -0.000495551259904265 -0.200835063618239 0.0290805757570671
-0.0403591896659681 -0.0259381228483299 -0.393005407575991 -0.233613552766957
-0.0391169911798375 -0.0361232163742621 -0.0212840476911345 -0.579502194223061
-0.0100563266139907 -0.0311127199641251 0.674689634404989 -0.359530205161422
-0.000942156005561466 0.0172658519755225 0.728824508839956 0.433293930988409
-0.0375924958072357 -0.0113651701082413 0.0667159810062256 0.628769875422833
-0.0333778878066415 -0.0436980708413955 0.0581957528705488 0.102678954573152
-0.0221391402844123 -0.0434882062829841 0.173085660648241 -0.560368574884643
-0.0214902683507981 0.00350116790815761 -0.464502369437862 -0.820755478111928
-0.00842577547837603 0.00261341781300466 -0.922284724870778 0.00983569952081975
-0.0403877004574076 -0.0146032758841612 -0.271915999448257 0.671772833102566
-0.0377506422064756 -0.0223994122673063 0.32493670216303 0.402030332673797
-0.0383478462768149 -0.00558728734848245 0.300909538503402 0.0168234635873064
-0.011864612501813 0.0191865069794411 -0.0106481942340184 -0.180914923608338
-0.00988515225649913 0.00720168674147712 0.0153370957384808 0.1494399564037
-0.0438657584778469 -0.0023294113020504 -0.203347311458215 0.00604254983890438
-0.0408739235918977 -0.0309353163341496 -0.367461135787359 -0.271659834375928
-0.0344338979434796 -0.0428082586120825 0.0570868290082627 -0.575652555803235
-0.00650870323058833 -0.0332522502790036 0.725499469839406 -0.263773735228422
-0.00845003627837271 0.0141508540735492 0.676173863919936 0.532576706039697
-0.0394451279276062 -0.0219888993730128 0.00965767132354826 0.634342067620822
-0.0338688743160317 -0.0530114392772061 0.0591436361030263 0.0856687124929921
-0.0260229720538495 -0.0489172870218743 0.124986078622723 -0.576669751376237
-0.0256389591477069 0.00381036953522498 -0.558553578762937 -0.74067541779196
-0.0113493490004821 0.00190722369308089 -0.897769063615957 0.142436864019913
-0.0409837549924933 -0.0142827446774973 -0.178285055390254 0.699524708453195
-0.0381401238232865 -0.0207205542043828 0.36244276490476 0.363215878047502
-0.0401104904837311 -0.00589823837498031 0.299782610060351 -0.0104302857825323
-0.0125030897350381 0.0183493659227055 -0.0101623942646116 -0.192480572817537
-0.0101660969970939 0.0060506611958582 0.0190968422904781 0.137008866828947
-0.043306422167507 -0.00309001235550891 -0.205865221400279 -0.0143394473250302
-0.0343559153212187 -0.0326362318632657 -0.334470502537129 -0.304452941008766
-0.0253552128915112 -0.0443733674181079 0.142958820659229 -0.558727878163101
-0.00178119737538617 -0.0355599112088336 0.768366013642213 -0.149874857717965
-0.0117654176346255 0.00913993853557162 0.604159475128335 0.630829842716129
-0.0377454657675219 -0.0277158794085815 -0.0534952469953696 0.633554833765334
-0.0328964634673389 -0.0542304136766107 0.0594149605008265 0.0651072996286476
-0.0292675533889297 -0.047910306012778 0.070295067137916 -0.589081738505243
-0.0243276067032625 0.00184843113713619 -0.644027391584168 -0.650284478577825
-0.0120782317261639 0.00155949321970374 -0.852940123436427 0.268106769830066
-0.0397611251462431 -0.00848263121094093 -0.0780149205753784 0.711945704089012
-0.0351537617697356 -0.0140552837126941 0.395979910728552 0.317024139043285
-0.037829614516151 -0.00294910410275756 0.294270828215824 -0.0397999548548571
-0.010700751174805 0.0189365023783986 -0.0106658086152995 -0.204833465287782
-0.0079806105592322 0.00594804370172643 0.0224789298378303 0.12677444134131
-0.0385946328927942 0.000301055440628517 -0.20637566143589 -0.0325079115158561
-0.0247931941188616 -0.0289181829929641 -0.300516851640774 -0.330697615990342
-0.0156708891253492 -0.0417421663474261 0.222968243826482 -0.533188693904332
0.00347246140093909 -0.0378335241156138 0.795827858744586 -0.0405869911744872
-0.0106747129223574 0.0044650460228882 0.524614044430238 0.713494828264639
-0.0329228616960043 -0.0269181474216518 -0.109255684860918 0.624398424688094
-0.0338434766613271 -0.0487399367440924 0.0583326425363846 0.0439946626747214
-0.0282600333068394 -0.0416005919968108 0.0185254748269511 -0.598918971547884
-0.0210209416256066 0.000161243293223132 -0.709690489758232 -0.558030521529427
-0.0118481077877099 0.000540147675248126 -0.798262223347694 0.377325881044181
-0.0335368332528617 0.000886730488747101 0.010759177945289 0.714159240432909
-0.0273811499972111 -0.00339044391100267 0.421465186738265 0.271860105179625
-0.0300259426172473 0.00307063318864502 0.285712353723056 -0.0672821893727769
-0.00541469973346121 0.0209929716381443 -0.0101674913537106 -0.217045990823984
-0.00300554035099692 0.0065442277680418 0.0245453771814717 0.119467419982032
-0.0302933723920217 0.00670187453906234 -0.205222303222178 -0.043300085144198
-0.0137227280235378 -0.0201258341732315 -0.267905829391571 -0.346437412458134
-0.00639901370346227 -0.0343407429738684 0.283147177190519 -0.506579581079662
0.0086306364667803 -0.0400433006608391 0.80512431894269 0.0467158637746919
-0.00381108394216015 0.00292852236486073 0.457823821243491 0.77274007502343
-0.0269766566534031 -0.0194111059297986 -0.151431917811258 0.615132491685063
-0.033961898380186 -0.0351858912000473 0.0583383384976974 0.0263604891995856
-0.023608863272122 -0.0311490660859026 -0.0228772534630725 -0.602881768589122
-0.0136760998989745 -0.00285117819491274 -0.751592086080529 -0.486513309300362
-0.00994226619970408 0.00100491943994303 -0.748256767337682 0.447326952090584
-0.0248801915597193 0.0107566754603119 0.0771930451864244 0.704632532915262
-0.0159651085181846 0.00873612607547347 0.438573213710457 0.23804800316544
-0.0184469198619956 0.00990154260846909 0.277346012249012 -0.0874246667699259
0.00180970211258141 0.02109467300613 -0.0118953246437465 -0.225331896906912
0.00155137616956815 0.00822739679301791 0.0257599990334876 0.116335638878411
-0.0183678818503787 0.0157893812496675 -0.202823991907389 -0.0465912613596116
-0.00352907217654513 -0.00616659265043022 -0.24891601465369 -0.351821476623848
-0.00121495732820904 -0.0253446213659799 0.318054060523266 -0.490150562548255
0.0135690448279532 -0.0406815760735365 0.80689249704406 0.0891038796706006
0.00562764770153119 0.00349239009064146 0.419052538595178 0.799723780378568
-0.0217128447669598 -0.00556316392937555 -0.175949440343519 0.606419138192711
-0.0334314276784355 -0.0179242307556187 0.0562214756580278 0.0153238998421227
-0.0155915218880955 -0.0194194686127427 -0.0447224753912924 -0.604412641309934
-0.00459297046496789 -0.00613228625987 -0.769695152627048 -0.451171368344381
-0.00634255304245486 0.000249882293211294 -0.721256805282513 0.481374370767372
-0.01426808294377 0.0219384653294634 0.109002625831467 0.698862872351012
-0.00342471402151779 0.020727764130063 0.444578579705535 0.220987772714054
-0.00597888428993652 0.0175807174865371 0.27093238925298 -0.0959235110321879
0.00963296632993244 0.020328145242679 -0.0149598505518069 -0.227923099212032
0.00725899154671241 0.010227299519833 0.0255849096542937 0.116322946529897
-0.0068020355189494 0.0242902281939594 -0.203408941399692 -0.0438395396873708
0.00472187316038455 0.00694128294619236 -0.247340110894071 -0.347180086253176
0.000634273145342365 -0.0144018022759443 0.320204532202366 -0.494463757734861
0.0166978540368256 -0.0420328132654058 0.808505474317403 0.0830043815274564
0.0173121452030897 0.00788137325679 0.424950050129081 0.794151368334874
-0.0165439344707129 0.0133634040590254 -0.174433115205724 0.60578673346808
-0.0334281860518611 0.00303250338031612 0.0550576630735836 0.0119197247064876
-0.00612422002095457 -0.00608451895436731 -0.0475866513912725 -0.608971562093893
0.00582405590758283 -0.0100444037153262 -0.773784629747696 -0.45660459479263
-0.00240276144445131 -0.00103521867561981 -0.723037930858241 0.470940879067038
-0.00510973623711521 0.0314447988976175 0.107369299227256 0.699116012383631
0.00878399545254157 0.0313331099639805 0.444173221832786 0.223468871749446
0.00668046715589305 0.0250412741592979 0.26911758775122 -0.0936706994274265
0.0170366494479285 0.0207998917422365 -0.0167668495050145 -0.226643466426748
0.0128252820352832 0.0120879691369678 0.0246931368337987 0.121876095302278
0.00398922370789486 0.0318876290980576 -0.204163799536677 -0.0326023551897767
0.011872387167407 0.0193972368011176 -0.263322674259284 -0.33411674484567
0.00158455338728769 -0.00459435200851783 0.290704267683003 -0.514377805342193
0.0179952276350845 -0.0416047080165602 0.808366012156149 0.0285096955764746
0.0289511561704262 0.0114664295305813 0.469667265002505 0.762674389270977
-0.0100824519984533 0.0302887720977632 -0.147453016421005 0.611819974579084
-0.0334623266905158 0.0227684472141141 0.0542186187994436 0.0170073881915119
0.00307077368355727 0.00777438312077265 -0.026811829156941 -0.612154750346788
0.0159786647602214 -0.0120003442427526 -0.750232656283035 -0.503924028340599
0.00175549606876735 -0.00130434217899832 -0.754398253798808 0.426697639162569
2.89676031263834E-05 0.0394745768115826 0.0674207617298531 0.705897531105179
0.0167241725700233 0.0411066446920985 0.434316473894666 0.246653153876989
0.0184600542889243 0.0319179836801268 0.271335457394271 -0.0791520465814554
0.0230834659358066 0.0224142378114435 -0.0190301664997107 -0.218763700327038
-0.00700040255630545 0.00934274490474388 0.0134688353814839 0.16274661449577
-0.0390434786619249 0.000146144244547189 -0.204004007328948 0.0298406365908883
-0.040965771698458 -0.026102421558698 -0.398337457497545 -0.231098823402526
-0.0402853902861014 -0.0358887107351299 -0.0240140903049275 -0.582806059268625
-0.0106262004909248 -0.0315409511607484 0.679612385764229 -0.367884269957408
0.000118027076586449 0.0175888106847458 0.739463772934899 0.432458197165534
-0.0382730223033285 -0.0119809152157562 0.0700633269535345 0.632997133935906
-0.0352250146272874 -0.0431065044135587 0.0591693417355192 0.104651534005847
-0.023616176421922 -0.0445484892543567 0.171843916681663 -0.564383948398728
-0.0235427020762125 0.00374553256817579 -0.473940554867555 -0.824119921942172
-0.00827627254282165 0.00317744095447303 -0.933508260697617 0.0164906051084819
-0.041115911344773 -0.0141915689965226 -0.269822029916378 0.681710740016103
-0.0383845171707865 -0.0229361695314857 0.329845404795039 0.403438392262579
-0.0390484946168111 -0.00479991312595038 0.30417967376099 0.0137015329107327
-0.0107366880198264 0.0203756120009225 -0.0114638179686301 -0.183176336299529
-0.00918199205503207 0.0077520504466711 0.0158448890787772 0.150598553278316
-0.0440863434422684 -0.00175753692500246 -0.206139248560984 0.0085675668496218
-0.0409235135133443 -0.0314517956280514 -0.373060364321324 -0.269617130525944
-0.0349585756035951 -0.0426368079589223 0.0551703852343176 -0.579844612374901
-0.00773875490166031 -0.0335283155755146 0.731861693368347 -0.271784774009753
-0.00834698072001531 0.0144074034185911 0.683514821066913 0.532838249894166
-0.0403694398202483 -0.0213415802619509 0.0122828594211964 0.641180045982319
-0.0344717516630299 -0.0523283064050854 0.0604147226661272 0.0849287940241471
-0.0276305359149725 -0.0483936273949465 0.12168996220011 -0.581328827792281
-0.0265921513139678 0.00255643224680411 -0.569814155275919 -0.743895112173202
-0.0102745852693836 0.00175432636041504 -0.907234831312551 0.149864845623114
-0.0410154876474271 -0.0139398110613154 -0.175083481036916 0.708021606403079
-0.0389587081856727 -0.0212810191443294 0.369614184802444 0.363669576734396
-0.0403651874772399 -0.00557086297715992 0.303206511262347 -0.0123929170321873
-0.0123006548006115 0.0193467791909274 -0.0112251157879727 -0.19462512425846
-0.00933983974519438 0.0067013621384453 0.0198649763441739 0.137669977854053
-0.0437183714541558 -0.00169332472747613 -0.20921900279616 -0.0142201832786457
-0.03437780152619 -0.0330851241832458 -0.340245061233533 -0.304413486878303
-0.0262685315633848 -0.0445356726045619 0.141072860508387 -0.565852264812995
-0.00283998873479297 -0.0365080625404489 0.775396435053554 -0.15643658182307
-0.0116196820359132 0.00944835563542533 0.613993011060143 0.63177178505109
-0.0383003907380189 -0.0282260627255894 -0.0487652675590736 0.63881366928112
-0.0341935912038251 -0.0545011429437911 0.0606815372722309 0.0650061414277632
-0.0305346678838606 -0.0481000363106787 0.0655426117618357 -0.594740879477126
-0.0254983144842883 0.0019058936612427 -0.656533350944322 -0.649628605834228
-0.0126573944825449 0.00183992718869874 -0.85970831557415 0.278594022107222
-0.0398826576027054 -0.00759668219397805 -0.0749089372683015 0.720503611272808
-0.0354407326663603 -0.0145152780539431 0.402973580521804 0.317967186630411
-0.0381435273616782 -0.00193674008167657 0.29802924177403 -0.0424088942976078
-0.00883148880652934 0.0199797121475299 -0.011138757712204 -0.208047840736072
-0.00799303603813961 0.0060180743982285 0.0234722114670026 0.127273025612181
-0.0393919992595438 0.00135099889224385 -0.209625336971485 -0.031098946811602
-0.024943082473489 -0.0292481490552674 -0.305186926823465 -0.330882453925466
-0.0156538142941179 -0.0421232291086883 0.223424274314317 -0.539504829382954
0.00248586328845114 -0.03822829196145 0.801898561505143 -0.0471408848001257
-0.00966519909967895 0.00427423985148005 0.532706126086017 0.717189641570777
-0.0328537834360543 -0.0273388431129176 -0.107196690702675 0.63100525655955
-0.0338321273321259 -0.0480430897034056 0.058984062866414 0.0445062245482763
-0.0296146877220985 -0.041725702719482 0.0141927331924502 -0.602619928430354
-0.022088493442049 7.36003625429159E-05 -0.718952081372411 -0.556312686322379
-0.0112594883666865 0.000976074164191751 -0.801386931937758 0.385262156416287
-0.0339155761359575 0.00105570875669005 0.0163474358510062 0.721143020487376
-0.0285433241633313 -0.00354790888835841 0.429156631731928 0.272158668741341
-0.0301196927513131 0.00358558533970636 0.289265434042284 -0.0692751932962279
-0.00521991452649109 0.0202046482972499 -0.0119859926017816 -0.219224909043564
-0.00319620606208411 0.00685188400259896 0.0257662640443464 0.121034792861962
-0.0302325704631088 0.00738762692537202 -0.206995220221413 -0.0419679575736204
-0.0142152343931192 -0.0206062642736133 -0.273081107737611 -0.346564223339301
-0.00739533951321048 -0.035288391840202 0.283942208279257 -0.513961483576121
0.00872717535020055 -0.0401541722912721 0.811903406018075 0.0399649537321075
-0.00329212572838821 0.00210783871561423 0.465966800917643 0.777130079607989
-0.0263085426411727 -0.0189954332499773 -0.149978063431103 0.62032570974258
-0.0342280400692425 -0.0345919073527122 0.058919047922061 0.0262464778523933
-0.0246145463671004 -0.031405215980485 -0.0282649569631153 -0.60886915302404
-0.0142386680857995 -0.00277142384458397 -0.763534843806272 -0.484333240013985
-0.00954430126799728 0.000820532763903268 -0.754640550425625 0.457924533402031
-0.0243321379273807 0.0117204498091618 0.0836466920625165 0.711344003403914
-0.0172463088120417 0.00842360135312361 0.44382966206873 0.236917485844913
-0.0190017810497281 0.0108099002639327 0.279974958764429 -0.0893227795938943
0.00259861452591309 0.0209570872111908 -0.0137945264209174 -0.227915135942672
0.00212146332643336 0.00795545606217909 0.0263206266927241 0.117319022606742
-0.0189364188414582 0.0164973459880642 -0.206532910863532 -0.0452622423078207
-0.00282331382980139 -0.00713598255801329 -0.253278859845592 -0.351794389318646
-0.00207940678743361 -0.0254224306666456 0.318418397914454 -0.497416085950075
0.0122949388674767 -0.041015443197537 0.817042766715687 0.0851443288964202
0.00629957760864207 0.00235652229124038 0.429862269591954 0.804152430041764
-0.0214953975675777 -0.00489925001643125 -0.173027913150196 0.613990065591053
-0.0341199335997761 -0.0172903790656268 0.0570602769762816 0.0140355504332032
-0.0166917313311513 -0.0193718333587762 -0.0500811433681699 -0.609365461103612
-0.00545537929602438 -0.0074231144086463 -0.783062440574155 -0.449595367591272
-0.00582878353312464 -0.000365582811631609 -0.724335531214796 0.48911282098206
-0.0136469159983136 0.0220670137393244 0.115656101801946 0.70639070209814
-0.00396599416135922 0.0200683866624578 0.45083704257275 0.219436784460186
-0.00557829875786406 0.0184936830612064 0.273336953861732 -0.0998241016711555
0.0104021083645527 0.0209250255397233 -0.0155873129965524 -0.232183072103736
0.00718302727129925 0.0106701682730674 0.0261969925777639 0.117397875486592
-0.0066152732484357 0.025394806317351 -0.206452100205727 -0.0425265168491167
0.00508085242725435 0.00627880302834026 -0.253373650947766 -0.346103307300462
0.000847334150962899 -0.0156161610332693 0.320087471120434 -0.501234641148657
0.0157474236416799 -0.0423248350263538 0.818929810896136 0.0778794083307112
0.017228732787935 0.00758356463454256 0.434447279293771 0.797674194118469
-0.0160361958720221 0.0131926304810777 -0.172775692526501 0.612714813992646
-0.033970415133162 0.00417779546485634 0.0557186163211916 0.0109925338298823
-0.00618143475570884 -0.00581653862543562 -0.0528538726673222 -0.612767536770648
0.00558533093218611 -0.0101963751535236 -0.782844031514154 -0.454643414145645
-0.00140507148909044 -0.00145590050590325 -0.726885175055855 0.48246698072639
-0.00504124405615944 0.0319200851407023 0.113259540118292 0.704870134943788
0.00887183998818601 0.0307756926241719 0.449967915118582 0.223007340955325
0.00772558657070075 0.0257801061627767 0.272338027426535 -0.0975029797054369
0.0175725443191101 0.0213806840958629 -0.0189648362180132 -0.229396068615249
0.0124216275483689 0.012345628059172 0.0251222823730691 0.123118003699024
0.00446360458409653 0.0320942599885021 -0.207188852737167 -0.0307162933386433
0.0126049694602044 0.0186072961617444 -0.266231341049845 -0.333584201458975
0.0016622789795637 -0.00423313988679599 0.291212565710543 -0.522119867853538
0.0170563158099039 -0.0423779510636847 0.818346634331757 0.0197713461607257
0.0294116560243539 0.010334682477836 0.480016387717802 0.766729511992312
-0.0102833496518609 0.0307863982969095 -0.145296313931863 0.61853718105174
-0.0329487946213992 0.0235791736839071 0.0550674491119313 0.0164505132220321
0.0029092985915488 0.00827299209685774 -0.0304704262578716 -0.617271695996372
0.0147474361604942 -0.0122867960341522 -0.762088102059952 -0.503032691052198
0.00130415198485069 -0.00138561699553976 -0.758858713929529 0.435483523714534
-0.000223415978734893 0.0393676525951215 0.0739882847089012 0.713050092054741
0.0169243925359745 0.0407728612025626 0.442019401879549 0.246612025438086
0.0195298123154517 0.0330849182183354 0.274542424193334 -0.0848414061999466
0.0244327526930565 0.0227437188582371 -0.0204008285649888 -0.221976819120788
-0.00680703889489404 0.00960558453801113 0.0150706230989322 0.164465846598734
-0.0401528551964068 0.00105135831997269 -0.206783903777516 0.0333674561194484
-0.0416684767868543 -0.0260753027761795 -0.403768524818745 -0.227169173969745
-0.0409169930801159 -0.0364754079645693 -0.0289922246311065 -0.587719810161369
-0.0110962215841614 -0.0324304319061537 0.681588287454029 -0.37700739932419
0.000271958198354233 0.0171975327933886 0.748194615544975 0.431722244883871
-0.0379366271708834 -0.0111235678580754 0.0761579781166571 0.639003187905856
-0.0349303259625512 -0.0425435131948635 0.0616114581333772 0.103863112064352
-0.024016889505792 -0.0443417275563755 0.168546017508825 -0.569395247149449
-0.0233297292605272 0.00322048849747588 -0.485635746502158 -0.827487510976906
-0.00875843174991658 0.00297836011217701 -0.941731223990918 0.0269320324605866
-0.0411143382013369 -0.0138396503250719 -0.266015407597155 0.690723110122043
-0.0386984649818158 -0.0221073311141443 0.337051776502162 0.404727689452955
-0.0384910349724385 -0.00437125236349326 0.30889420424437 0.0110973122779187
-0.0090630653881529 0.0205886143379517 -0.0130106595187713 -0.184903138474992
-0.00911863905449116 0.00810703090481409 0.0166506838316719 0.152090549363151
-0.0450115457335249 -0.00158183145737684 -0.210123544359336 0.0101291999873483
-0.041049729305528 -0.032230170334086 -0.378702992244911 -0.267154062384807
-0.0348846195786544 -0.0413378559651956 0.0520521309726884 -0.585227854641723
-0.00769302038658332 -0.0346572544495545 0.737056756515364 -0.279376462515845
-0.00695054299958815 0.0138678129757288 0.69810181359607 0.530765156549477
-0.0408792246918635 -0.0213873146072033 0.0161889177200062 0.644182105490033
-0.0347374601855951 -0.0516464303738946 0.0611822527211408 0.085304606976167
-0.0290682921576148 -0.0494374523913965 0.117681124282414 -0.587052640828803
-0.0267529615790912 0.00356808350524196 -0.581292323563597 -0.746437946668977
-0.0100613240711656 0.00154501971567288 -0.914281523731571 0.157924611103467
-0.0428705204279373 -0.013269326409171 -0.171888005691171 0.717048512908307
-0.0400705047413572 -0.0218386640262258 0.376125738726068 0.362870615040573
-0.0401760336872289 -0.00558046254229087 0.307302710356698 -0.0168815861092383
-0.0108300826833828 0.0202352182133488 -0.0121910674023795 -0.196906883915361
-0.00905616593219794 0.00637749448309026 0.0213539803379526 0.13896255692176
-0.0444703730914322 -0.000711198271148583 -0.212189446725502 -0.0116740170478329
-0.0354831500536004 -0.0330715482975391 -0.346228112686906 -0.3015795190395
-0.0258837243160276 -0.0451979692157602 0.138446801009778 -0.569689841232314
-0.00344466537169125 -0.03597021298235 0.781403648323874 -0.165022228087528
-0.0119955402654596 0.00895841026367272 0.623950512928386 0.632680111269105
-0.0393160340800016 -0.0278641169966168 -0.0447311437019332 0.646004843359278
-0.0348477541068254 -0.0533120289378599 0.0613161898365388 0.0644643592665637
-0.0326804552899856 -0.0476489380663068 0.0626160874184873 -0.597917662023169
-0.0267113457056565 0.00265518902874776 -0.667735504462345 -0.649680688233446
-0.0113201208115052 0.00143112620022979 -0.866553650022598 0.288099161246542
-0.0401216513663152 -0.00773255127602731 -0.0679987429257385 0.726933126775664
-0.0365702441729604 -0.0141529486420265 0.409469845431659 0.316263310339697
-0.0375734601056978 -0.0015717553559333 0.301597962153911 -0.0468382150061133
-0.00823212396888092 0.0205461951394127 -0.0124791424785053 -0.209942807454591
-0.00815950445133444 0.00611252533178263 0.0231955515034168 0.129342773541877
-0.039614069724905 0.00148106297746001 -0.213006438237611 -0.0293012749031305
-0.0258454849196181 -0.0295995242009939 -0.310339714915878 -0.328311778964097
-0.0166409229627658 -0.0417444443549014 0.22206081503288 -0.547551389731814
0.0021944926932211 -0.0387212314711601 0.808908272596436 -0.0531262080114343
-0.00935616986025712 0.00375523851858712 0.543809009946872 0.718032765705196
-0.0334237953255892 -0.0275965666909053 -0.103950860203138 0.637053104068651
-0.0352772570396522 -0.0473398463628003 0.060657937962121 0.0436057517727656
-0.0301322292440004 -0.0408888828158239 0.0094189243716902 -0.60753403238996
-0.0217841787618955 -0.000246842976232772 -0.73165743538239 -0.556368263249304
-0.0118546134499783 0.00103934742493837 -0.808874207831299 0.395992604707403
-0.0334462181370816 0.0016626742814428 0.0222653399892074 0.726906553296684
-0.0282986018268844 -0.00324653796794068 0.435254839547207 0.270271135828927
-0.0297278836662067 0.00467754992924135 0.293009181187027 -0.0724618082665634
-0.00332417593917906 0.0214653666466981 -0.0132199682659191 -0.221637255090639
-0.00339258742373709 0.00746488742901095 0.0259902071875429 0.121406937114751
-0.0302845371324211 0.00831688825214379 -0.21196527241589 -0.0408380972733139
-0.013963348987089 -0.0210829743683233 -0.276644947392217 -0.346499655564873
-0.00733789095205141 -0.0361551059372527 0.283084017355972 -0.520791794823956
0.00701800328081931 -0.0404685779571307 0.821161984266737 0.0356237479174633
-0.00351946801831688 0.00149556639832693 0.478543830491 0.780307777437459
-0.0276765848119723 -0.0192703979451345 -0.147017693853023 0.627435347066499
-0.0343485736992679 -0.0342762481836037 0.0596387634054741 0.0264584653961844
-0.0262757094493798 -0.0309496461653022 -0.03316585022547 -0.612389631467996
-0.0153353177348157 -0.00349550490664749 -0.775733094631068 -0.481963526339341
-0.00894742901167138 -0.000224662436588684 -0.756743160393054 0.467436192312675
-0.0249015194525105 0.0127428554664318 0.0921447643788605 0.716743823412026
-0.0169901178905131 0.00894015710150489 0.450690773868485 0.234580161352892
-0.0197070199940353 0.0122639174655552 0.284084140028286 -0.0923209557048336
0.00331799000938813 0.0215615811942306 -0.0153227678861732 -0.229865554409559
0.00157251371950066 0.00857088391620483 0.0275459888295338 0.117547243877766
-0.0186166180837922 0.0167057396018139 -0.209549458551628 -0.0436050659508603
-0.00258008952197366 -0.0079005688502989 -0.257753433305108 -0.352203575586117
-0.00250001394592887 -0.0259874610872497 0.31957029936493 -0.505812130330379
0.0120867279339552 -0.0418207243205271 0.825535198694293 0.0785109574459454
0.00625609163570795 0.00223144180529992 0.439054807448715 0.80765591349372
-0.0211252659301867 -0.00506157243040491 -0.170945803259433 0.619502370581814
-0.0340325546619527 -0.0152327204171587 0.0571346689645462 0.0139790320462319
-0.017726781187593 -0.0195061364551411 -0.0566017438282107 -0.613440178575858
-0.00621468004998834 -0.00743103058711588 -0.792880854551709 -0.44635776161988
-0.00646713731659996 0.000156846108055471 -0.728754192401396 0.500064287750978
-0.0143014250920138 0.0217529768289547 0.123925221665148 0.711081570437298
-0.00399999192301823 0.0194110843251804 0.458268368607931 0.217905756334208
-0.00594905423303802 0.0191932127473467 0.276642917219616 -0.103458903501588
0.0116863619298009 0.0213056720293231 -0.0178755440549635 -0.233408080141793
0.00763337506198469 0.0106955667908734 0.0271434981582321 0.118949175649869
-0.0067500335456085 0.0257356201061912 -0.208429253261546 -0.0402597941902326
0.00525798794830084 0.00699016945059394 -0.255573137383343 -0.346640919112604
0.000230445748261038 -0.0148206922898314 0.321530630177019 -0.509327449430908
0.0166027482806342 -0.0426853587242638 0.827594022276955 0.0719682477424255
0.017980424400735 0.00629441972613583 0.443834974936802 0.801837372234501
-0.0166484844825113 0.0139690539639915 -0.168004155664968 0.618750526975599
-0.0327517567039228 0.00451898173041694 0.0563992604405919 0.0110233961958163
-0.00661258661492618 -0.00430017344932353 -0.0574814690820855 -0.618275460373494
0.00418398030054382 -0.0113415062062087 -0.79311952044843 -0.450285527391387
-0.00216381140575901 -0.000261683111772966 -0.728987600567152 0.492327381024133
-0.00521517715273156 0.0326920249274622 0.121136706688499 0.711156468052183
0.00839037522003051 0.0312474908060394 0.458546777910865 0.221353493483081
0.00814200073419221 0.0256773708384324 0.275629681677147 -0.100616607150677
0.0191057203186449 0.0213005307674719 -0.0196129896456283 -0.231532317643155
0.0126931225615436 0.0120179790823544 0.0256779352532016 0.123507659187088
0.00528683562889799 0.0325453511518868 -0.209260273104793 -0.0298073650308281
0.0124400465544977 0.0184997795111946 -0.271227916758682 -0.33277084912337
0.00190944585702518 -0.00507467259388928 0.289937778159913 -0.529843823219192
0.0171369793879216 -0.0437548226903767 0.826844733229105 0.0134200127531421
0.0299609714184884 0.0104350422198681 0.489995906537806 0.768516404004034
-0.0096440012386277 0.0312559756504874 -0.14338606741397 0.625703972669915
-0.0327832562385951 0.0256076484502178 0.054618675173133 0.0158030445173072
0.00169303192284111 0.00838156692816972 -0.0365203650245842 -0.621493042888193
0.0140585978641019 -0.0118695442510896 -0.773103878731093 -0.500985387669635
0.00237605933302914 -0.00137127470269383 -0.764053281343323 0.445945242848708
0.00133224305245057 0.0406060547741159 0.0809585973417747 0.71881932175399
0.0177648928949736 0.0417903526758864 0.44918713350562 0.244644286664423
0.0206553937899473 0.0331345294100485 0.276989167510708 -0.0871964089868084
0.0254888807941277 0.0228515789240626 -0.021447340929553 -0.223270130794974
-0.00664883775021514 0.00992104124198441 0.0162345219995614 0.165339884479038
-0.0403732173969457 0.00165457766085987 -0.208522365373423 0.0365218451991383
-0.04122445987637 -0.0263087561083138 -0.409420274298223 -0.225160907025639
-0.0416843121095975 -0.0361098667781074 -0.0351144059447285 -0.593598207852045
-0.0120661958384639 -0.0320398533525763 0.6838409481178 -0.387175226902053
0.000639162403167205 0.0174336193261622 0.759321872794663 0.426788455857471
-0.0380421559365999 -0.0106476224438788 0.0838037270094441 0.643008111917718
-0.0356380149369605 -0.0419690481204375 0.063181533887922 0.103618031101476
-0.0256303997898817 -0.0440157972061643 0.163138041562216 -0.574691177566334
-0.024081111460359 0.00246955340072105 -0.499992650369491 -0.82915802891144
-0.00760740513562524 0.00197985057959596 -0.949127219116454 0.0345522701096984
-0.042162279299408 -0.0139401427797159 -0.260554600319882 0.70007386833966
-0.0400946957956352 -0.0231162668281823 0.344780247409109 0.404133238948403
-0.0387973456336629 -0.00336646449674729 0.311994480563292 0.007823369829845
-0.00930342214647788 0.0213247830752554 -0.0137919124054191 -0.186674003715188
-0.00909277841354847 0.00843120853085138 0.0188958915716149 0.152641675806934
-0.0446277473371489 -0.000571933970158084 -0.213883164206694 0.013162780211793
-0.0419707309184536 -0.0316153066021028 -0.38523597419457 -0.263844324208106
-0.0366513042556371 -0.0423169035522297 0.0464353522229249 -0.590830650441237
-0.00813144644342938 -0.0338754114391188 0.740658112723609 -0.290595471665455
-0.00690673163987908 0.013589461887424 0.706579322581912 0.526163516382165
-0.0423465539998576 -0.0222583842665261 0.0236018641114738 0.648925656760591
-0.0358314993000615 -0.0501726080405357 0.0626873256197146 0.0856216054035229
-0.0306666403843651 -0.0484309318418029 0.112807668004201 -0.592312408342006
-0.0265980612891863 0.00291927039869668 -0.595223012808663 -0.745794882121758
-0.0103009450256679 0.00156994595444857 -0.919430161447668 0.169925825255467
-0.0431812104406426 -0.012894353004727 -0.165170925074842 0.72653374098917
-0.040752137632558 -0.0218820992783145 0.38335206865286 0.363902679332364
-0.040246947691784 -0.00426485834598871 0.310002159018979 -0.0200928867166227
-0.00952862350878233 0.0210882295259454 -0.0144691970055363 -0.199360621953085
-0.00968096236623427 0.00757407881667114 0.0220299324556313 0.139455121848022
-0.0451263640910232 -0.000333859343383993 -0.215220111068214 -0.00892887273899995
-0.0356990457919198 -0.0336311377817838 -0.351171841999391 -0.299407047877714
-0.0272960095298628 -0.0451918720409493 0.134389448391966 -0.577893015312539
-0.00379943775024569 -0.0366185022685367 0.78682162478976 -0.173985352658789
-0.0112332447795809 0.00890626143919932 0.636181918522616 0.632152129702228
-0.0399338778554738 -0.0274432384172396 -0.0387849120405857 0.651335252777501
-0.0356666462576733 -0.0523416932620292 0.0622098611014174 0.0640904517593949
-0.0340873906477953 -0.0474328085936265 0.0549402851498335 -0.605707417093162
-0.0271442384478536 0.00237416091270347 -0.680081033204081 -0.649406044925926
-0.0120792019728892 0.000847513972032546 -0.870373435073675 0.299911843770361
-0.0398177965175827 -0.00679200857949614 -0.0598697534173525 0.736997229186721
-0.0371233488508452 -0.0148165987779514 0.417084761561048 0.315068061373599
-0.0379345570474722 4.93130742692527E-05 0.304048019949069 -0.0508286883920334
-0.00705486096103843 0.0208354925195144 -0.0156467672350229 -0.211911521406519
-0.00773440755436734 0.0058126518451311 0.0241840323677173 0.12994746543869
-0.03996094858796 0.00203757801138306 -0.216084616183937 -0.0259402768571983
-0.0255484560690755 -0.0300413310342073 -0.315346993835089 -0.326567031865303
-0.0174045447418551 -0.0429919447854819 0.217932588055379 -0.552942498238125
0.00154423502635289 -0.0390008399080945 0.814902472999456 -0.0640135357932937
-0.0102466659944467 0.0043022217820068 0.556703687843801 0.717763327280514
-0.0346335571611066 -0.0270974937848816 -0.0978389508791447 0.642658918661771
-0.0355780604602651 -0.0467343071583129 0.0624128845593431 0.0427771362547677
-0.0325260654859983 -0.0409183732419498 0.0025128110055677 -0.611390507124829
-0.0226445509321639 -0.000218492425979631 -0.745736944877558 -0.553906731518439
-0.0114241752094639 0.00149864800125066 -0.811343961767811 0.408587533728488
-0.0342477890423047 0.00205349465168375 0.0330110314547578 0.733952633124939
-0.0294778074739654 -0.00341906089163242 0.443890632700874 0.268468724906537
-0.0302964271218591 0.00521268330262814 0.294749292704426 -0.0775004228779676
-0.00202452203891608 0.0217879071770915 -0.0155994198806019 -0.224339500528061
-0.00381854658203414 0.00648909874896313 0.0274013708122843 0.1216900495268
-0.0309933658814567 0.00900894646637622 -0.213260204357872 -0.0387447857446976
-0.0141518427473242 -0.0213053475526285 -0.282282749250555 -0.344791096741223
-0.00812292129008475 -0.0357703857046318 0.283382278552188 -0.52928639289918
0.00695801873545894 -0.0415095098719885 0.830498327285087 0.0265838298279289
-0.00388752672437161 0.000955720288650975 0.489586499355919 0.78225885861214
-0.0276203493777812 -0.0196164844537772 -0.142520454503 0.633977608014829
-0.0352602958957236 -0.0330215742141353 0.0594151702609337 0.0252576783981967
-0.0282747247271978 -0.0305337351113164 -0.0393031306685551 -0.616423745104024
-0.015815897353669 -0.003251916625 -0.787475853915492 -0.476766195757789
-0.0100353538028576 0.000735270283718418 -0.758988722766834 0.479995250252832
-0.0246909862983902 0.0133724957870685 0.101058187926729 0.72218273980552
-0.0174605912453992 0.00836542312628992 0.457812723808443 0.231869859239311
-0.0181796173681054 0.0129339363287576 0.284962832917031 -0.0977756439024635
0.00466169336461121 0.0217890153928335 -0.0179888259350398 -0.232505292347251
0.0021465492967523 0.00886733131300632 0.0271160047776988 0.118416407378048
-0.0183364228292104 0.0173009562252471 -0.212868607969677 -0.0414686329664361
-0.0037216494672799 -0.00807536997346257 -0.264598126707194 -0.350583116870034
-0.00237832499245514 -0.0258366048755366 0.318093980875944 -0.513852956618097
0.0120069615130804 -0.0430476439695429 0.834228185777907 0.0696898024549364
0.0064839198048424 0.00194956560017433 0.451284705868427 0.810303826211043
-0.0212515346431821 -0.00497882336994041 -0.16723056899703 0.626975892674257
-0.0350349745087606 -0.0152105688281757 0.0585444548044904 0.0133113868244782
-0.0179796003402059 -0.0185832563806338 -0.0631490440867345 -0.618404163580639
-0.00570182625706115 -0.00790895848240981 -0.805179766622498 -0.440976709927879
-0.00532239575699059 -0.000369122497298612 -0.728205837739534 0.513473717439328
-0.0125541600511628 0.0235133194599622 0.132477988448733 0.715272720019345
-0.00373041955429948 0.0202833437363386 0.465362620532835 0.215223197404731
-0.00439081787981787 0.0194179093302972 0.278619084588272 -0.106794162538903
0.013178272410901 0.0219704268798803 -0.0209838269271434 -0.235833972412784
0.00792591320989989 0.0104867687880035 0.0272534571110361 0.118971918779475
-0.00634832907252936 0.0256150870670363 -0.213091923011913 -0.0368603093697123
0.00521153732010465 0.00709399360198899 -0.260913684610847 -0.345589639751207
5.58125318430532E-05 -0.0144471013629115 0.320588521782909 -0.516967581776194
0.0153793603269033 -0.0431151058434848 0.837189791350883 0.0673149120820058
0.0183226865622326 0.00600259043203078 0.456619128595231 0.805881128068665
-0.0152347041374039 0.0128649345828116 -0.16360324224007 0.624144470910246
-0.0337618362944419 0.00578832030921858 0.0571209817924953 0.0100545854625489
-0.00773460498453283 -0.0049267705598118 -0.066442691888795 -0.620922885589009
0.00393568039507748 -0.0115465659079011 -0.804586846753141 -0.449182438907673
-0.0016964392466908 -0.00119437156417955 -0.731722244337126 0.504604191809481
-0.00382713609063401 0.0334314220676361 0.130962559751039 0.716882998377053
0.00822557604369777 0.0319595583846374 0.464040354918883 0.217611815761795
0.00947156814904709 0.0268259551268822 0.276332261651876 -0.105313418960467
0.0197598467060276 0.0218559249386489 -0.0228898645151878 -0.233140238976536
0.0133281363002582 0.0119329280147934 0.0266123916348625 0.123048204170504
0.00499572171200649 0.0327824379643562 -0.212991828704498 -0.0273814718693309
0.0120331578073802 0.0179956857171106 -0.275237190113047 -0.333276940472774
0.00188602315020773 -0.0055471941785881 0.289567647193714 -0.537607592678294
0.0161860747148746 -0.0433247630331552 0.834507152620143 0.00551000532564839
0.0302266837317374 0.00888647127547068 0.501759590332543 0.76828429247231
-0.0100492283481004 0.0306553057823599 -0.138897076295459 0.629487776674713
-0.0325159376971149 0.0256115066087143 0.0549538909708365 0.0157728447341657
0.00135233784322572 0.00872531571564739 -0.0429205442279114 -0.623302850693647
0.0151101403793406 -0.0133058196392494 -0.784361403404195 -0.496440101567729
0.00217876870808314 -0.00175973664802663 -0.76675141115238 0.458800302313471
0.00152870859282333 0.0416370100888945 0.0928802578809503 0.724255899594034
0.0177333109021244 0.0413623801116124 0.455962838030341 0.242968992322341
0.0205260605144821 0.034665096296275 0.278626472617455 -0.0912072076511495
0.0269509815578879 0.0225930847038036 -0.0248442683614318 -0.225115191926594
-0.0062228016149239 0.00981932679784486 0.0178226853797728 0.167125030720413
-0.0401379608305411 0.00241197001416775 -0.210920700686444 0.0387449315186562
-0.0420943921237455 -0.0259908629497571 -0.416577699043168 -0.220233989928363
-0.0425131044216767 -0.0361116925999923 -0.0404631683053741 -0.596430027773843
-0.0126620691609497 -0.032611850756352 0.684749708847418 -0.399094495534193
0.000417046707547412 0.0168265851944189 0.77103073244751 0.420825027070969
-0.0388788389468472 -0.0103325094306152 0.0920595869297186 0.647120736826528
-0.0367225056116554 -0.0413616778992964 0.0640616884516887 0.103746904336367
-0.0272148182539558 -0.0432739143706555 0.158548278899702 -0.578684760419397
-0.0240316187261102 0.00359992655757502 -0.51321363418942 -0.827151276939066
-0.00826954570398987 0.00293106694831815 -0.955654855895745 0.0480425990117066
-0.0419468598981735 -0.0132237201733035 -0.255480908313009 0.709834130036909
-0.0407787047716423 -0.0225512531138338 0.353553334529848 0.402336096698081
-0.0393294231866214 -0.00206945825008199 0.315760386319899 0.0033803104722741
-0.00740078058359566 0.0224067806848372 -0.0162058458831808 -0.188878303248618
-0.0091203579182306 0.00806957315833722 0.0197348635519842 0.15369275649635
-0.0455665288336261 0.00102474246354362 -0.21559806001618 0.0157709194046115
-0.0419740897994502 -0.0314725480864204 -0.391356158186589 -0.259093436567793
-0.0380955539369504 -0.0420013548084754 0.0409568228755966 -0.595420435041334
-0.0091325163593231 -0.0344476013329344 0.742657057246955 -0.301190476225504
-0.00701422670915111 0.014017089469504 0.718223187280989 0.52411505139922
-0.0428570164900459 -0.0207175856440469 0.0304770489941381 0.652972378821702
-0.0366217882583791 -0.0501681409312337 0.0629279208860013 0.0850646388399225
-0.0316415385095673 -0.0490381728563054 0.107883582122557 -0.596087349014873
-0.028086048141649 0.002198239660195 -0.60802147169087 -0.742610038620674
-0.00951225241738893 0.00234986865532008 -0.925771652195401 0.183131715268379
-0.042772194845061 -0.012059549471394 -0.156890122474947 0.734114544571597
-0.041429722212074 -0.0215061672341796 0.391636689081834 0.360419159650806
-0.0404331680265973 -0.00305736540321891 0.312677339346525 -0.0241103036124311
-0.00875588718554032 0.0214242362642956 -0.0165334582348477 -0.200982021162896
-0.00912465895532563 0.00665757027554631 0.0236347970781104 0.139576806262942
-0.0456630301468629 0.000777992834202454 -0.217605383296237 -0.00613378708903813
-0.0365703587016382 -0.0331382016562576 -0.357770332835039 -0.296668513322735
-0.0275703498067544 -0.0456010444943729 0.130660761783014 -0.583581185168331
-0.00505316984816579 -0.0378653735965677 0.792282909083942 -0.187499604077782
-0.0109981290245917 0.00850447662313123 0.648117086109129 0.630172834008368
-0.0406730194565144 -0.0275537450729505 -0.0344882649579411 0.653873192434703
-0.0370146013897045 -0.0529566896999028 0.0634789013679529 0.0629598478797103
-0.0347473076402113 -0.0485470875930405 0.0487063690295983 -0.60930115802346
-0.0272942157957156 0.00209047192716515 -0.692871896080722 -0.646691722766137
-0.0114378656389355 0.00119852189032619 -0.873619999046732 0.311801864966502
-0.0408517770854385 -0.00676284730694364 -0.0498642025502204 0.742895527969566
-0.0383479991395066 -0.0142762003945704 0.426075281373997 0.313164922420012
-0.0385594979826447 0.00102365965507884 0.306838751061882 -0.0547904203402454
-0.00637299095745712 0.0210650849371677 -0.0169644928951154 -0.213119848039254
-0.00714671374210959 0.00659682410175273 0.0259731553796013 0.129817508839673
-0.0398261190190864 0.00329159715941844 -0.217637894545775 -0.0229752639277689
-0.0262092522382708 -0.0300539312670748 -0.320848549619872 -0.324549639439191
-0.0170158417513599 -0.0424507175003169 0.214658719199739 -0.560569325528562
0.000266799701066772 -0.0393569356536984 0.82236669242323 -0.0735740269705154
-0.00913583169640094 0.00282139584179727 0.570167867016828 0.718177972832249
-0.0349615245325223 -0.0278123494570006 -0.0910723783476347 0.649208318201349
-0.0356639277900783 -0.0459159680237782 0.0619695678853474 0.0425446737611929
-0.033837573233672 -0.0410401451667902 -0.0040952642675452 -0.616306750950783
-0.023189690720322 0.000190051946658151 -0.756997189269131 -0.550263073070471
-0.011248781940385 0.000989581564752401 -0.81346679070985 0.420586367615465
-0.0346482489151569 0.00248754215206239 0.0420151237377735 0.73927732053295
-0.028750931316891 -0.00331546773910619 0.449195711745653 0.26409418945539
-0.0296988639930278 0.00689868304996523 0.297770733258817 -0.0829909131462161
-0.0019042802638585 0.0213979564661949 -0.0184723553095214 -0.225069020547384
-0.00340503861572703 0.00666663453534265 0.0282298255180146 0.122217051061701
-0.0299314178610173 0.00969264589821197 -0.216984822206565 -0.0353512586225755
-0.0140345693366526 -0.0216947676427923 -0.288796302923259 -0.342875340397426
-0.00849776653143999 -0.0362421100714428 0.279200322700823 -0.537755081081554
0.00632945133749028 -0.0420782595975082 0.836625467286381 0.0164285846932599
-0.0031554453084349 0.000652158203623011 0.501895980881399 0.781438464751919
-0.0276293050265137 -0.019021268529082 -0.135726407469772 0.639780344406121
-0.0353253862934427 -0.0326391681465879 0.0606009293144318 0.0238532373654953
-0.0287357014969798 -0.0311862062538926 -0.047709978300968 -0.619409987366546
-0.0159992519502751 -0.00336622146056514 -0.796157466449329 -0.472563722035557
-0.00956781741663003 0.000420012171963408 -0.758552289198396 0.49118226814775
-0.0240376350336372 0.0141885766519879 0.110584622526917 0.727725617433725
-0.0173272891002074 0.00844012023620921 0.466111740048671 0.229004274772316
-0.0182402736557981 0.0135645158342368 0.287318249055445 -0.102263783826035
0.00544695328120667 0.0217568612072594 -0.0207376033929004 -0.234041056217
0.00293725887944577 0.00887421634707475 0.0292346437028026 0.118833528038181
-0.0188012571285341 0.0180247361520142 -0.214632622653547 -0.0386521275436162
-0.00409772254303158 -0.00818038723320021 -0.267430783294657 -0.348692731350289
-0.00278222020376405 -0.0261650675617556 0.317124373766801 -0.522336561890795
0.0113794890694735 -0.043380785605381 0.842481747926438 0.0620757943659054
0.00671500844895423 0.00189902027330381 0.463589337393326 0.810172413145832
-0.0222638078859351 -0.00447542104925931 -0.159906305177864 0.631959925617034
-0.0344762883476447 -0.0136808816954547 0.0588526631550197 0.0125205370975528
-0.0196626808673288 -0.0177654626461652 -0.0693395644939375 -0.620489780757434
-0.00703689347443266 -0.00849859045635609 -0.81537507839804 -0.435879167240181
-0.00534866171622581 0.000150068724118832 -0.729896633317868 0.526247192545307
-0.012791788048173 0.0242464160393157 0.142346936258537 0.722058241029753
-0.0038388803928971 0.0210019882305277 0.471776483076927 0.209504837938737
-0.00462606228175737 0.0208588478730475 0.280328963274368 -0.112525223387759
0.0136612030921891 0.0211133057978865 -0.0233035944056065 -0.237312904943216
0.00877891071622372 0.0102651067261509 0.0283104135564731 0.119611615505295
-0.00593362008768794 0.0262230214665316 -0.214316902673126 -0.0342708987304667
0.00511217097288061 0.00567575965873438 -0.266765646106622 -0.344410694142892
0.000468177254056651 -0.0155168081591269 0.318507705695643 -0.525647406963534
0.0143624819841496 -0.0439584214502981 0.843458921745554 0.0551996056887527
0.0181102258011471 0.00507307772819932 0.469443598280123 0.804951115814748
-0.016556198443074 0.0134386924868914 -0.158639105317055 0.632465123841936
-0.0329738826419784 0.00693980128676831 0.0569313820685717 0.00875805814302624
-0.00811862846035987 -0.00398149896654599 -0.0742152269838721 -0.625181570702116
0.00362485311626334 -0.0123961112790773 -0.817839290348617 -0.440437327067666
-0.0012523879857883 -0.000664812574802895 -0.729607701926639 0.518586796802029
-0.00397149713953267 0.0329158177710955 0.141581769309767 0.721383646863146
0.00809334445454915 0.0307421652339166 0.470404814027675 0.214081586064903
0.0102782572370266 0.0277154329051963 0.278030312444834 -0.110948850188862
0.0217368340256492 0.0211894126928026 -0.0258639574728351 -0.235031981602348
0.0135137553160894 0.0121078462878483 0.0275881114625882 0.123817734401976
0.00523869141304216 0.0329203662962276 -0.214456967810745 -0.0241529592086105
0.0126841661166271 0.0181325034039548 -0.2815494263292 -0.330915188564629
0.00128577509103786 -0.00528573249913368 0.288043932423731 -0.54593535859964
0.0156022946751695 -0.0429705159149254 0.843296703783129 -0.00436659699239552
0.0314997082916487 0.00912555621434184 0.513965349315683 0.770613720020352
-0.0093969280215484 0.0313157877411628 -0.132800667503103 0.636182021635397
-0.0320695704628124 0.0272576063465597 0.0553785299878148 0.0152807189468141
0.000829092991826878 0.00911976519404839 -0.0521958207058614 -0.626516900861738
0.0139013880962195 -0.0130992017496471 -0.796118338072616 -0.490102762542737
0.0016730696778491 -0.00160784392415959 -0.767261929971331 0.471735550978967
0.00226957920806595 0.0408517771133795 0.100413906503093 0.728273065791618
0.0173022336159378 0.0413053873820592 0.462567796493208 0.239313623724263
0.0222260238216077 0.0341766990402168 0.281255248512103 -0.0965255649405165
0.0281712829913903 0.0225688056522217 -0.0270766412190309 -0.227045870629617
-0.00570283062101977 0.00993324616931795 0.0193756852168942 0.166776975246861
-0.0406202181542416 0.00382871399541662 -0.212868278824068 0.0428595175789335
-0.0432398030042357 -0.0250428430739039 -0.420935959303723 -0.214051732709274
-0.0426335897492749 -0.0349677110540794 -0.0478888430453016 -0.599798016859576
-0.0130230404666439 -0.0321644227953924 0.685827757194143 -0.409547735084158
0.001421787488395 0.0165255631575723 0.779819450935609 0.411694903508452
-0.0393253217606758 -0.00962010414958707 0.0991225836163207 0.648518140996416
-0.0374418963164832 -0.040152929288436 0.065429498667071 0.103225701252762
-0.0291104730191907 -0.0434017260586673 0.151331554010783 -0.583548180187462
-0.0243333234869725 0.00297131530954674 -0.526544886175053 -0.827327753613113
-0.00746493998771617 0.00299226035415253 -0.963875494328472 0.0584659662212744
-0.0422538623657096 -0.0124458607372614 -0.247001676405611 0.717178992574967
-0.0416205472461924 -0.0227581098448033 0.360999569322227 0.400403713575086
-0.0388498378567584 -0.00078460550258835 0.318885942673379 -0.00178413009260045
-0.0067843199295575 0.0226892918431328 -0.0179798027731016 -0.18995968113379
-0.00965759871035559 0.00893969768094707 0.0223758243225944 0.154496155638336
-0.0456463258374043 0.00174561060964167 -0.217429680034097 0.0200821464338154
-0.042573840181012 -0.031314440793782 -0.396927022795772 -0.253046713126854
-0.0378106625254352 -0.0418402435631449 0.0348246007834182 -0.599019925497553
-0.0104639272341441 -0.0342630085982821 0.744443947304957 -0.313214095979663
-0.0065610122184707 0.0138088009373744 0.729982720328067 0.516858096669456
-0.0431893630442649 -0.0199995021014602 0.0387898883249286 0.657381675630183
-0.0368313472339077 -0.0493517364262728 0.0658844627684169 0.0840058301829491
-0.0326798636319455 -0.048421521641615 0.098696191689135 -0.599868503165469
-0.0285215200406134 0.00289078290984354 -0.6218979086087 -0.740911509671569
-0.00986363034025383 0.00212190491002159 -0.929306777332036 0.195917757703448
-0.0439579719236632 -0.0119311597325898 -0.148693236250234 0.740857470595127
-0.0419355534534167 -0.0208012888498529 0.399551654671204 0.359578178397912
-0.0410284922944491 -0.00180953669430308 0.316550764274611 -0.0290987441814277
-0.0071305974506527 0.0222232624121541 -0.0181977847771311 -0.201430434460915
-0.00919292849139401 0.00688938075343762 0.025085511721178 0.140888078736706
-0.0460796000564745 0.00153685378442041 -0.220425066132687 -0.00274545179667371
-0.0376621901642425 -0.0336930866449452 -0.36425007850246 -0.290320557182917
-0.0285268539685794 -0.0445610719778355 0.12585466236354 -0.588804374596207
-0.00564374652814618 -0.0367290473918391 0.796304739826324 -0.196301627807481
-0.0111387828774186 0.00863758709102678 0.66086671006968 0.62406455089256
-0.0409472003859411 -0.0267266214103733 -0.0243770945074418 0.659134986508631
-0.0364266711027769 -0.0510531871842458 0.064097834452549 0.0623101279135825
-0.0364842449183387 -0.0475420627176727 0.0404677340205329 -0.612208179554164
-0.0274194944819302 0.00229775594387877 -0.704990819261961 -0.641067876547153
-0.0113204477778574 0.00182122791809895 -0.874422023161007 0.32729389558025
-0.040680405945056 -0.00543679953384556 -0.0422038246412386 0.747848951341131
-0.0386273895461081 -0.0142964271277365 0.433155515373306 0.309674431720675
-0.037715441484414 0.00212579228666826 0.308892918120559 -0.059542777172272
-0.00519856466063106 0.0219188852469148 -0.0198327043634228 -0.215320371296347
-0.0068810875468564 0.00683910130948068 0.0271477906294716 0.130090827800294
-0.0402722420528387 0.00521684580097511 -0.22097600613672 -0.0204522057014661
-0.02652427558512 -0.0302719597909056 -0.32651510419148 -0.320099559028489
-0.0182353747883328 -0.0427302304142596 0.20983379261556 -0.567606376981267
-0.000189925956634186 -0.0400667968565154 0.829116779456973 -0.0830512807533873
-0.00943680402183738 0.00322792650654205 0.581251158627526 0.715666081779825
-0.0349625920887764 -0.0274715960978379 -0.0860662733041969 0.653610792019111
-0.0364303909910749 -0.0447819693257224 0.0630628703830381 0.0413338247843608
-0.0351707969715872 -0.040420006952097 -0.0125222038028128 -0.617745750464902
-0.0233373862967123 0.00101600816683989 -0.768565181148728 -0.543988437041467
-0.0112303911037188 0.00069324363236288 -0.812418697733849 0.435826679860972
-0.0344048747210715 0.00376031200985527 0.0519800102704027 0.743109006834384
-0.0309650510821626 -0.00318730955211833 0.45690514412955 0.260802157523468
-0.0290190724730245 0.00712914296783059 0.298632582653451 -0.0875305715660626
0.000620302901727758 0.0214432946222935 -0.0218011981460399 -0.227196665102903
-0.00201500652748895 0.00736189846026395 0.0286013910924137 0.122300983080738
-0.0303902802931926 0.00982772247265072 -0.219870330525841 -0.0321492945676292
-0.0150025049108722 -0.0210982003471135 -0.29327262012754 -0.340936978035953
-0.00858853693455663 -0.0363493203920294 0.277780574082019 -0.545089461890169
0.00598042690008956 -0.0422376913904684 0.84361489253881 0.00569020367828644
-0.0034922391635292 0.000772437254646789 0.515311903550749 0.780867963041057
-0.0286486933497631 -0.0192744639806372 -0.130046094239731 0.644730161521581
-0.0361986213593813 -0.0314970153437856 0.061128237696053 0.0229213681091564
-0.0296304931593513 -0.0298635099286466 -0.0542018204556171 -0.621401531112507
-0.0167032012685982 -0.00432775893331985 -0.808399608986588 -0.464789352636516
-0.00831056105424528 0.00150967351187093 -0.757012008677063 0.504601338639516
-0.0232713700925403 0.0140353573169096 0.121320068333306 0.73102235155523
-0.0174217095766287 0.00945842339576655 0.472658147780021 0.224752946334316
-0.0177682860312252 0.0145277500295259 0.288407659308209 -0.107758418786032
0.00693750938474922 0.0215739953258685 -0.0239604687659091 -0.236560230617014
0.00273566255420663 0.00849315743729224 0.0303146121993551 0.119438272941157
-0.0183918875790824 0.0191706796896462 -0.217746570329963 -0.0363653840591852
-0.00376649782816783 -0.00851922980518177 -0.273572030324977 -0.346697206259697
-0.00311538026570527 -0.026316037236531 0.313082641541928 -0.530369690083995
0.00963419298363823 -0.0431299023653886 0.849348277329323 0.0521509735949143
0.00675806316160303 0.00132887123956471 0.476649333744337 0.809308878219785
-0.0229138230831448 -0.0051502206001783 -0.155722762725089 0.637897740868693
-0.0346244794746414 -0.0128442501832257 0.0589733819551611 0.011703950967501
-0.0209293252966427 -0.0176422060799779 -0.0790490139257532 -0.623843630754642
-0.0068350436605035 -0.00833651194639436 -0.828112628983226 -0.427343728750772
-0.00481244248383209 0.00038446770465075 -0.725820024739706 0.538312471362583
-0.0132592288919978 0.0243153014230633 0.154972135916327 0.723638650189826
-0.0046616534729768 0.0197936400154033 0.476267515206309 0.205145406880216
-0.00308682088383346 0.0210443270085158 0.281111865161006 -0.116682334086299
0.0145210485203887 0.0220510807988838 -0.0256172431768905 -0.23932318014701
0.00791427161003897 0.0111650772640628 0.0306848916384073 0.119640985747067
-0.00515332856717383 0.0270478750675374 -0.217449877958038 -0.0319296289068919
0.0054992208595187 0.00559387360094715 -0.272308627957249 -0.342833576393868
0.000348024105859117 -0.0155172355967609 0.314593184185976 -0.534479379494097
0.0138156917078728 -0.0435341584932213 0.851100702561918 0.0434180907063157
0.0189057859395735 0.00504211587419443 0.482966199377681 0.804713204053932
-0.0165719380434946 0.0130124569664272 -0.153077814265858 0.636329014169461
-0.032449040436233 0.00728273295474971 0.0569225795183188 0.00818514762294892
-0.0101313108221747 -0.00414241558625708 -0.0811984388119138 -0.627150924207457
0.00279120766597262 -0.0121071164937233 -0.828477544550925 -0.434677179745691
-0.00142434599337329 -0.000802682936414863 -0.729383098187386 0.529120975543838
-0.00309090746385072 0.0331714269862513 0.152257827019343 0.723603104866635
0.00875967160777987 0.0308552174569467 0.477097169048111 0.209873315680506
0.0106507196276631 0.0288702604861113 0.279561890494895 -0.115182887889103
0.0225161123123177 0.0209657315401603 -0.0275485746014598 -0.236129936477105
0.0134958900133332 0.0120759071723751 0.0283634447030822 0.12491787282514
0.00641722725456748 0.0344058522005892 -0.217620759344731 -0.0213257566249478
0.0131390853257103 0.01733418589339 -0.287225515852183 -0.328481635860816
0.00125946222197043 -0.00462117968413336 0.282754729221172 -0.553881133777146
0.0144468258474466 -0.0444582790586509 0.847672794057328 -0.0169472087097037
0.0305678514613981 0.00781882163517642 0.526934018578321 0.767979757539516
-0.00944325374318647 0.0308547498382391 -0.125330402967094 0.642872376892466
-0.0314796348409846 0.0276302384749073 0.0560864064356579 0.0151145793128202
0.000868146369148493 0.00939512278482234 -0.0602032515099454 -0.629058669935045
0.0132829487584434 -0.0141301569452029 -0.808413477622502 -0.484366536508918
0.00233006116167992 -0.00170229466511219 -0.765626567240132 0.483717604667163
0.00246383411305161 0.0421818836332342 0.111634227958735 0.732524016681122
0.0191022005448924 0.0416234337362216 0.469926531033622 0.234282388803215
0.022646927377008 0.0348128336564235 0.282808779970201 -0.100905512240536
0.0292169404791807 0.021363733931208 -0.0307055889290021 -0.227695110432938
-0.00582228025809129 0.0100162591103523 0.0217173085041917 0.167209337023788
-0.0407031911516809 0.00389169272421427 -0.214558203694961 0.0472377357349593
-0.0434850926149466 -0.025615204314944 -0.425154947220065 -0.207917040912699
-0.0445797241952998 -0.0350774321007474 -0.0548814155160502 -0.600933427845448
-0.0141378336503941 -0.0326907489042961 0.684901867473037 -0.422191875179028
0.00209112244832075 0.0163162142559975 0.789515964791195 0.404932376007456
-0.0392984345975483 -0.00966643516159339 0.108428570223913 0.650941576017398
-0.0376601425448853 -0.0388164448825662 0.0673432746078734 0.101484215434272
-0.0309379106224028 -0.0427192524966539 0.143328918935427 -0.588728964743722
-0.025253934411201 0.00326061548590626 -0.540026541018146 -0.824686737598122
-0.00738709319612573 0.00294958450297429 -0.966501483360754 0.0749642451692385
-0.0425728428512378 -0.0124650786475801 -0.238759273149566 0.725690382526868
-0.0430367905235827 -0.0225996799928373 0.368703765993423 0.397381181717409
-0.0385199948902984 -0.000509803479370383 0.319614364332751 -0.00688076642935477
-0.00480491675879717 0.0226478394836025 -0.0215599238768271 -0.190405451150866
-0.00797329462511451 0.00909064175964939 0.0234844963265124 0.154362718427954
-0.0454147025272124 0.00273614413590096 -0.220796345618332 0.0231166942388719
-0.0429194366206507 -0.0306583879125472 -0.402197100174968 -0.247238111434876
-0.0391413100863454 -0.041533439981406 0.0277729490450614 -0.603083418519548
-0.010798235064292 -0.0350448297400429 0.744450427269652 -0.324443140554292
-0.00653702122503209 0.0139253893376409 0.739441360404789 0.509352625963943
-0.0435722248879562 -0.0197385359765865 0.0476184430846005 0.659100758583186
-0.0381299685892252 -0.0479140308367033 0.0674730491370745 0.0839928639485176
-0.034795849862938 -0.0482975913096195 0.0902517287142188 -0.602893277884879
-0.0286659183939408 0.00298068693532291 -0.635158741336985 -0.73528345851808
-0.0103563907422249 0.00307041416180355 -0.930145235810034 0.209993922490973
-0.0434760680447799 -0.0110180287186754 -0.137526575451872 0.74911752540279
-0.0426753185060233 -0.0216477241637975 0.406101074488993 0.354594426968844
-0.0411421731735657 -0.000781648984916155 0.317489207634994 -0.0351294422554747
-0.00640205775319405 0.022470115349547 -0.0207351662669827 -0.203228130044012
-0.00867914340554727 0.00716113706306887 0.0266452714465664 0.140516659233138
-0.0454882055604378 0.00285543846911865 -0.223239708174818 0.000417118882442692
-0.0373453933521535 -0.0330220622333469 -0.367806790458299 -0.284881356660557
-0.0296180257615472 -0.0446044918688811 0.119131329101458 -0.592443211202846
-0.00616743046060266 -0.0374079369894239 0.79752056238047 -0.210568693987218
-0.0103541814987081 0.0078669768594496 0.672680690956232 0.619803751013072
-0.0407688631612643 -0.026880605568368 -0.0164289191646315 0.660638839269691
-0.0372303967775291 -0.0501683704738573 0.0652888775244833 0.0617340640529597
-0.0376536608664728 -0.0466865872340426 0.0334132132819541 -0.614941481059405
-0.0288411874329643 0.00198766300938849 -0.717408080395502 -0.633700144755555
-0.0106156301275281 0.00181193652011019 -0.875789787432195 0.340499272045109
-0.0415447802166467 -0.00510817339963426 -0.0310916801534081 0.753149907060851
-0.0395282457933049 -0.0139305611635202 0.439187913647863 0.303751693546282
-0.0380075951227214 0.00288456290060513 0.310430310675392 -0.0654415681510652
-0.00397106716216669 0.0226369048719576 -0.0222638699007608 -0.215795441475213
-0.00670303912257243 0.00738158442102629 0.0289514072722182 0.130398895517463
-0.0410001234251227 0.00551976296686498 -0.222873646811424 -0.0171375731001459
-0.0273785723208312 -0.0295229974259465 -0.332195213820796 -0.316787393415618
-0.0193359103423847 -0.0424185059520759 0.205207397036093 -0.572273026904293
-0.00133775864843201 -0.0404891962623897 0.831508093070431 -0.0956876022746459
-0.00949716563426169 0.00191115252132398 0.594003063246958 0.709979160671645
-0.0360770800629279 -0.0270415202910962 -0.0754147583832877 0.657505332196953
-0.0369198875175706 -0.0439893354193402 0.0640273789511603 0.0405514439828351
-0.0363668766189752 -0.0397755729519676 -0.0225283656291891 -0.619168084372241
-0.0240191607164217 -0.000636703751718794 -0.779731238840487 -0.533952309607318
-0.0107428300907818 0.00162704491913595 -0.810904719056005 0.448388999112581
-0.0338953222559457 0.00408992631100399 0.0632964244679021 0.746315915280015
-0.0305641731934286 -0.00293898155213396 0.463992286562235 0.253981098366722
-0.0295057653549979 0.00950399189903662 0.300629790250468 -0.0937439021906933
0.00131213233222361 0.0222132935783931 -0.0248540596104787 -0.228043759655319
-0.00282489535808608 0.00698491660456205 0.0309956403544289 0.122354206870985
-0.0304553005211924 0.0107863779706289 -0.221866701688998 -0.0284446579924047
-0.015460515975419 -0.0220000182629888 -0.298669588079184 -0.334972052451027
-0.00979319848004043 -0.0364863473309488 0.27023858847888 -0.55050285423988
0.00454303098249577 -0.0420218153376598 0.848418547482938 -0.00657260878155102
-0.00381334440313928 0.000435341448924187 0.527131006515745 0.775186971913962
-0.0288363877162986 -0.0193104831695137 -0.121890287850741 0.649006321035297
-0.0359702294161962 -0.0304527993033574 0.0620029214624711 0.0230878751369723
-0.0306831526822288 -0.0292186466096881 -0.0627786617261597 -0.622109948097706
-0.0171230756713162 -0.00361539519650755 -0.81749810289697 -0.455028575048435
-0.00801963919496992 0.000919600382255659 -0.753672616023274 0.51932558021143
-0.0237084719208723 0.0144289928820362 0.132934534268466 0.732974787981929
-0.0181186863132586 0.00875196488169234 0.477334956497666 0.217858380366985
-0.0171795141452882 0.0151786016308316 0.28962596284072 -0.113915584852039
0.00840102616001352 0.0210656389268038 -0.0273607337849037 -0.236989949910998
0.00239457532976455 0.0084064300878402 0.0312283624052405 0.118259570715919
-0.0173689710645756 0.0194801636649926 -0.220108046355871 -0.0316616514534712
-0.00408128443991142 -0.00874643820154423 -0.27925597708076 -0.343688305211477
-0.00347068485381507 -0.0264454268252 0.30928692640246 -0.538179719996614
0.00912751359044755 -0.0433688487365526 0.855552531206675 0.0387724200803454
0.00668992190878566 0.000989388919902778 0.490035499532447 0.807478748257135
-0.0219285183312985 -0.00472355696482952 -0.145181248031268 0.643117515440099
-0.0342950808642545 -0.0121748858617837 0.0592464902892497 0.0106872484004178
-0.0215316827823007 -0.0168259292849026 -0.0883041015719327 -0.624135321668712
-0.00729662104472825 -0.0086863613044532 -0.836331068631157 -0.418639822696861
-0.00511448623549431 0.000241855203527343 -0.72185770031636 0.551634135265833
-0.0125563745761342 0.0246520194151774 0.166134259819978 0.725640730955453
-0.00442485613594609 0.0203680631365535 0.484104749599575 0.200034586309628
-0.0030830425884892 0.0224282917145269 0.282542715060528 -0.122685702900069
0.0161698951908312 0.0213507244383932 -0.0289214606751814 -0.239779715995736
0.00834310141574893 0.0103424899664321 0.031240656170092 0.119626877129212
-0.00493213234917984 0.0279209175000182 -0.219388744253293 -0.0280857015289483
0.00503580217648772 0.00456320565508781 -0.275978774426533 -0.340996899864806
0.000445595425085172 -0.0151891548449661 0.310343716132877 -0.542659301469373
0.0126662234813112 -0.0438944833041529 0.858042826545371 0.0317779254877703
0.0184900052904418 0.00442180423753554 0.495842255586508 0.801310830750873
-0.0167231798018649 0.013102003698029 -0.1456456476105 0.641213572514488
-0.0325072567876018 0.00936841134372494 0.0569398222520235 0.00751580471878696
-0.0105433441440339 -0.0028765835386609 -0.0894353684240935 -0.628255152503262
0.00235089642288654 -0.0124096861586789 -0.837833455977841 -0.423758017880382
-0.00114654469929891 -0.00121533917388602 -0.725962872501449 0.54378813833706
-0.00245985848508046 0.0344517354959188 0.164026442570793 0.725077611753351
0.00881734658445765 0.0316318923747295 0.483735380693036 0.203610850226646
0.0121718585518181 0.0286476127156179 0.279233903454241 -0.120115327103615
0.0240821466482818 0.0215820159592524 -0.0316894195867932 -0.237231554510385
0.0133749995237974 0.0112341304435643 0.0298980053527259 0.124643918046245
0.00743458185140138 0.0339269122084246 -0.219102407144984 -0.0178661159063966
0.0133222367366303 0.0173476704810672 -0.290790805169209 -0.325579146492702
0.00163546380729919 -0.00494730862444061 0.278901263984547 -0.560670634057383
0.0141589914707885 -0.0440940474243101 0.853005013941694 -0.0270611656732624
0.0306296815965254 0.00817799564072953 0.541472460766747 0.762173917699612
-0.00862777841281682 0.0305106466924123 -0.118363912674217 0.646326234038818
-0.031007506455326 0.0292007544125605 0.0560511545017769 0.0133643725108122
-0.000155691880876722 0.0104197895135647 -0.0671915775399722 -0.631278305367629
0.0130133158866933 -0.0142968766576056 -0.817758039307518 -0.473835096158569
0.00242473848469138 -0.00270947299956082 -0.763095871080916 0.495957708105681
0.00292879316402076 0.0424471599913828 0.123208899314323 0.735808435938999
0.0176669455109529 0.0414800041808515 0.47698134412409 0.228503326429095
0.0246722396664829 0.034666880941994 0.283470837021346 -0.105857772419958
0.0308731410920742 0.0210040655010568 -0.0339061621083039 -0.228143367201105
-0.0049292104468216 0.0102115049153834 0.0246433587287164 0.167418509084927
-0.0405290107947689 0.00527381996246135 -0.215204356618433 0.0510980967860161
-0.0438266320365936 -0.0253879537789789 -0.429311725435312 -0.201087763859588
-0.0445608227346418 -0.0340619563518242 -0.0627954509788949 -0.602041167689738
-0.0144878429310546 -0.0321337287206444 0.678683900744602 -0.435064680489286
0.00245964591904897 0.0154249507456202 0.79778027921262 0.392667896639272
-0.0408265202100594 -0.00900214778868644 0.116711944005588 0.649003667843013
-0.0383834041399405 -0.0382707016747262 0.0688986105867369 0.100972405199422
-0.0319785564628418 -0.0413831271192571 0.135336560481619 -0.592408391689644
-0.0252771944657202 0.0034171551100244 -0.554016097238921 -0.818402681723413
-0.00768567490911637 0.00343961334390596 -0.967967411198384 0.0908417186799365
-0.042840729450108 -0.0114016226914485 -0.22849924385399 0.733244248320201
-0.0433052787584732 -0.0210197801775205 0.378024592412366 0.39274791347
-0.0382698173793932 0.000886382597083589 0.321847651113431 -0.0117888203582496
-0.00302598067335656 0.0226048234386307 -0.0226071958335733 -0.191950435261493
-0.0084393232623168 0.0084983564106967 0.0255434360946067 0.153476396325908
-0.046012405638499 0.00368301696485088 -0.220975460091373 0.0273554958371037
-0.0438960795999882 -0.0308460520770063 -0.406600877349058 -0.241189851294672
-0.0394413833363564 -0.0405419625745197 0.0200546143426053 -0.603212877816592
-0.0115417541269392 -0.034511281903161 0.742127153699212 -0.338197135790438
-0.00618070010981304 0.0134771933017973 0.748717828929064 0.500918126208775
-0.0439448859799607 -0.0189605816448201 0.0568989975548081 0.660035326005931
-0.0384548042210575 -0.0468228340417149 0.068377445110109 0.0827508945157785
-0.036163440272402 -0.046965018136964 0.0821171838648771 -0.605799762282107
-0.0293034712885028 0.00311842298291436 -0.64577442234796 -0.727157706006726
-0.00915582498295991 0.00231211067006167 -0.931922475191883 0.224270017263672
-0.0436922377793814 -0.0102757300986951 -0.127372374457581 0.753445266686032
-0.0439055402351142 -0.0205329169038171 0.414824320422091 0.348259946257867
-0.0399891373036094 0.000475345346671562 0.319497340593275 -0.0397751465081684
-0.0043224553910089 0.0231527281287926 -0.0241558956287703 -0.204542673570534
-0.00787623292846761 0.00737198507833899 0.0283391601761059 0.140408480088384
-0.0456752715360543 0.00336141553279402 -0.224272785144302 0.00525514565335533
-0.0386331239600769 -0.0332660875308296 -0.372761372137885 -0.279670113809799
-0.0307258137053809 -0.0441930596337538 0.11151833242723 -0.597333546005839
-0.00726253411933425 -0.0377821446467891 0.797815854097631 -0.22208175807288
-0.011027897615998 0.00754270613627243 0.682431292551359 0.609139459602835
-0.0421244130879209 -0.0261585603197409 -0.00750469604864558 0.66315917900474
-0.0376241206316636 -0.0487410384344777 0.0661690347255965 0.0608445056528002
-0.0393569754582971 -0.0458064434162966 0.0232356908428687 -0.615111259842456
-0.0295031183245785 0.00181002556650284 -0.728312905197462 -0.624283716644718
-0.0102883202888566 0.00171919901828553 -0.873088493337282 0.355115427675278
-0.0403087459269835 -0.00410927729712908 -0.0182299511750749 0.755939123132164
-0.0404547378649589 -0.0135738584820181 0.447117753622015 0.299317968416135
-0.0367318947276086 0.00392020630227472 0.311477642699274 -0.0714659546128845
-0.0023680277587738 0.0221837595542797 -0.025215102351628 -0.216914113866237
-0.00640538452816142 0.00700757954677419 0.0306549341998512 0.130027623570106
-0.0398702339139838 0.00583712961258133 -0.225249192457238 -0.0132910176713148
-0.0276214372115773 -0.0300956078257436 -0.336370567134879 -0.311524316100555
-0.0197392043459723 -0.0419883089366045 0.199710036253252 -0.577089804759272
-0.00227997186789663 -0.0401993682468587 0.832847335322683 -0.108461652466173
-0.00982559061538346 0.00230081552457935 0.605586966171991 0.703805522763714
-0.0364373907624379 -0.0270721931959283 -0.0665871231383425 0.659223503327599
-0.0376355377347437 -0.0430323721165881 0.0643598583314766 0.0394561510172746
-0.0381529308041963 -0.0387936668485421 -0.0316261566054736 -0.620166194305933
-0.0250673976295654 0.000133230190655614 -0.791051218926092 -0.523430294182243
-0.0102718107700016 0.000946895199560399 -0.8075942495485 0.461188257028365
-0.0345309871276647 0.00468140585246783 0.0760344685197602 0.749662661853385
-0.0315018430429527 -0.00309904858603368 0.470090811687283 0.248139716947804
-0.0283847993052273 0.00908438861477146 0.300259290628296 -0.098272629262418
0.00232380496404361 0.0217557669398497 -0.0274532966712975 -0.228458582863527
-0.0027754506503781 0.00737758985183351 0.0320100623762366 0.121387517646688
-0.0299602219633623 0.0122008488708563 -0.223516849073565 -0.0241815337396081
-0.0155990105415817 -0.0214883141959684 -0.304169257413517 -0.33111841981085
-0.0098801560469452 -0.0362474396172015 0.266822260419963 -0.557165907078782
0.00329659830563504 -0.0433131870740333 0.85393021587108 -0.0187560694089364
-0.00416294912621804 -0.000466049147133645 0.541350638841521 0.770964898683399
-0.0298477086774327 -0.0184440837056354 -0.114783010471721 0.652112693699317
-0.0361904173706452 -0.0293962856501648 0.0623398799896171 0.0213923517158172
-0.0319217757092313 -0.028215461319577 -0.0732572712997116 -0.623303555137189
-0.0183148746378883 -0.00367071218140844 -0.82667534950459 -0.444660632403929
-0.00774252169886926 0.000420002141787876 -0.748015482755722 0.530338225513435
-0.0241325702552958 0.0154642159744043 0.145621396704349 0.734217464902145
-0.0183496239695142 0.00852769063271511 0.483214849836369 0.210726382811035
-0.0160574323113275 0.0157815725185132 0.289868529538013 -0.118908655035674
0.00966399316423421 0.0218638094014805 -0.0306792673845825 -0.23738393685764
0.00203498384841588 0.00887979148365861 0.0322975964437353 0.11888464059681
-0.017653137977421 0.0204085710000257 -0.222086157785237 -0.0284346133038043
-0.00387344101939182 -0.00982817192175489 -0.282989212348668 -0.339702794189981
-0.00377886400780372 -0.026370143651375 0.303990416336334 -0.544613666898173
0.00898370777332921 -0.0433021671663711 0.858884380974861 0.0278489425972296
0.00633845189656206 0.000370872517674184 0.50282813964304 0.802558851190429
-0.0226957227037977 -0.00447034057762346 -0.137918920872697 0.647041616543927
-0.0336704236837815 -0.0108678611957251 0.0587237740876965 0.00958278205460304
-0.0221807301240837 -0.0159808074124336 -0.0952302329909826 -0.623164039759323
-0.00821054788943483 -0.00785778338088864 -0.843917321417841 -0.406706002399548
-0.00457214783017193 0.000642410181946475 -0.716989534576421 0.563144286970669
-0.0114681390230331 0.0250560407878063 0.179080696576182 0.724382938362437
-0.00426072256910178 0.021190394472737 0.489378664832649 0.193414047653018
-0.00213963550573348 0.023088726544498 0.281747710791118 -0.127056176313009
0.0174067963007604 0.0212132513807182 -0.0326682118262868 -0.240308160958468
0.00881266450132412 0.0107050951554123 0.0321860970890451 0.119191553029971
-0.00415284969548672 0.0279545190944385 -0.221580005689555 -0.0246646272987088
0.00499463211535272 0.00458756191026884 -0.280601079326074 -0.335005558187894
-0.000217899016474702 -0.0151756784119347 0.30492234979707 -0.550171892529809
0.0114733430164083 -0.0442372333974434 0.861735284429491 0.0188927894071815
0.0187902741500803 0.00340183179339606 0.508161472735499 0.79631631975762
-0.0164130771499579 0.0138496796205829 -0.136773051151672 0.645084351063855
-0.0321562850669076 0.0103095567974931 0.0571981136852636 0.00668192782635588
-0.00994341327686718 -0.00248177970773983 -0.0993245927056922 -0.626641103998742
0.00143578172432188 -0.0122395392005248 -0.84588178842709 -0.412579035876845
-0.00032842000896836 -0.000974567818648023 -0.719145276414233 0.554828550688178
-0.00122559616082194 0.0343570821389285 0.17635908168142 0.726231100828389
0.00827287844962491 0.0320288909529455 0.488049470070595 0.196549955279772
0.0129564143895381 0.0289952374430557 0.280521670743911 -0.125742629853623
0.0253998523624092 0.0195412918213011 -0.0348745239617248 -0.237052099352894
0.0144034320570362 0.0115673471026742 0.0306037174970082 0.123774613490217
0.00777939579550996 0.0336189517899967 -0.220977105360717 -0.0138825333673644
0.0139733247370888 0.0171504323539165 -0.296086947083215 -0.320946965511445
0.00155097225514927 -0.0046051785635481 0.27226218287781 -0.566818811355714
0.0123074365911197 -0.0444588904654922 0.855613040110256 -0.0408787612972849
0.0311008738647459 0.00680296805949948 0.553428906156776 0.758508026792764
-0.00917999394760978 0.0303643451739282 -0.10927244940987 0.649459468822104
-0.0297765054325902 0.0297187732283791 0.0558218753340292 0.0126075487639348
0.00126084164816054 0.011250516652877 -0.0776571863428491 -0.631211172398541
0.0122675248660918 -0.0150298179457547 -0.828266539771742 -0.46473321992779
0.00260015006615299 -0.00262532207255579 -0.757281524837697 0.51148362705884
0.0047866033415145 0.0418323751682061 0.13617761378743 0.735079783037363
0.0187492006558198 0.0416146608328 0.482085449518517 0.222889908547866
0.0254109321604827 0.0348933815349395 0.283439767064189 -0.111610426348345
0.0310958111392398 0.0199922582325498 -0.0357170568420034 -0.228698321058131
-0.00452922770631076 0.00951661103173773 0.0260006951083543 0.166225565442664
-0.0413028754300012 0.00628457584501107 -0.216112326941874 0.0543846172237243
-0.0439872139329809 -0.0245663799299984 -0.431401767454661 -0.19214857456744
-0.0457087474123989 -0.0334484547625709 -0.0726573973654655 -0.602321623059282
-0.0158985916041426 -0.0322393572621372 0.67310966282189 -0.445128520542054
0.00320953276508391 0.0146253764143993 0.803377590015992 0.381978413099107
-0.0405735027349313 -0.00777227228119824 0.127184729421504 0.647032784645434
-0.0378959787851205 -0.0366949721757001 0.0703994863014444 0.0992227641025778
-0.0328315958164507 -0.0411072563213019 0.126111771192902 -0.592844082146813
-0.0250678617296131 0.00313919129881758 -0.567694568585906 -0.811317602544247
-0.00696865080748927 0.00263959097428638 -0.969671891439936 0.103481301440907
-0.042599736477993 -0.00925943333431164 -0.21746982519517 0.737579172068705
-0.0432008944571328 -0.0212665992121369 0.384434974416401 0.387523738705318
-0.0377237258364062 0.00157467107031599 0.322065852410906 -0.0173589343975781
-0.00130590620547041 0.0225654942549969 -0.0250825764402523 -0.191767056627907
-0.00741270285019912 0.00884122981384254 0.0269506953721892 0.15324252899822
-0.0454314779149392 0.004046312058943 -0.220986772666861 0.031732993761303
-0.0448454216424791 -0.0299183244572444 -0.408394245908618 -0.234405610428072
-0.0409783005086769 -0.0401468036964134 0.0127140283951314 -0.60660842941938
-0.0127965876620468 -0.0349372856668281 0.739449010295845 -0.349847858539718
-0.00626424174638545 0.0126332548583774 0.756545285238068 0.489097860475418
-0.0443355456125541 -0.018630103642317 0.067445113135373 0.658474192256467
-0.0385164777259621 -0.0462959682307969 0.0686825534921845 0.0809973210874252
-0.0382721730658187 -0.0466849018089514 0.0744698257203611 -0.607233493552668
-0.0296725734386506 0.00323963179732982 -0.658360265534227 -0.716301287897386
-0.00934796895019391 0.00185236027248071 -0.928387736022758 0.239697094649151
-0.043188964303597 -0.00953687444783408 -0.115813107962266 0.756960712877739
-0.0450831663685245 -0.0204588431846827 0.421507719921994 0.342447877435969
-0.0398789735681458 0.00127425176221391 0.320031087678282 -0.0461650111323248
-0.00387180195359142 0.0228775667570587 -0.0269988073220394 -0.203536631697729
-0.00853271403966004 0.00769133346613592 0.0299800067744566 0.140058097375594
-0.0451486151836218 0.00505746999201849 -0.225820169033608 0.00851668681503647
-0.0390212703310014 -0.0326608582303601 -0.377292759268904 -0.273814527851367
-0.0308589846295532 -0.0436609234329233 0.104693685202786 -0.598362865495282
-0.00795172852011316 -0.037599038581269 0.794533653103586 -0.235747670757329
-0.0108765861463127 0.00683385324418707 0.693169572698785 0.600355115539557
-0.0427592496962654 -0.0259345738093326 0.00136729085235982 0.663380324690194
-0.038689848570496 -0.0478062102080075 0.0666455166336637 0.0598737874368509
-0.0405526381088718 -0.0447788183707838 0.0148615593610878 -0.616096208798606
-0.0294933047502271 0.00225237444844738 -0.74057668059539 -0.612170544064189
-0.0107600144723115 0.00170891409122913 -0.871362533121411 0.369835963577134
-0.0413972088433038 -0.00382707370307475 -0.00759004646111843 0.759112703437514
-0.0408731469392181 -0.0133738972773791 0.453284971915049 0.292670323319492
-0.0367999938937797 0.00460722216744781 0.311503195989403 -0.0762297375888861
-0.000488481692110661 0.0225906326706135 -0.0284711026244524 -0.217153661492627
-0.00618940044958789 0.00683167974689705 0.0314416036940778 0.128828312303826
-0.0401209940543717 0.00716283814284336 -0.226346770060084 -0.00838318542997052
-0.0282199239028821 -0.0297735313503081 -0.340465739990672 -0.305063867936612
-0.0208362450751109 -0.0420986980026358 0.192405639408299 -0.584235265065206
-0.00299844092763373 -0.0401103603948688 0.834088531741588 -0.122270371450932
-0.00979924796786272 0.00250290031623903 0.615762403152465 0.696185148191183
-0.0375556451420058 -0.0264855410674629 -0.0572017604366493 0.660409566044436
-0.0371684014521316 -0.0421357437127069 0.0646810583516681 0.0379775829642119
-0.0387326046948149 -0.0375144605675886 -0.0385191086044787 -0.619971233085929
-0.0254476788023307 0.000425969396858891 -0.79740912838749 -0.512320763379277
-0.0103391413125953 0.00224688453462973 -0.801753595640205 0.475528886573168
-0.0333503035455589 0.00538665800978112 0.0875112512618705 0.748444489512048
-0.0319562191845529 -0.00261201825920523 0.47573112318036 0.240689690461787
-0.0282239667923909 0.0105608542682988 0.300133477174392 -0.104063755394458
0.0043427632826836 0.022535908121985 -0.0304398572329702 -0.228122469793304
-0.00266032650973372 0.00712831949520738 0.0329107653279243 0.121398018671079
-0.0295774208331709 0.0125867302613087 -0.22478674262374 -0.0207476005606315
-0.0159630140865647 -0.0219522248345225 -0.307165629276419 -0.328871055093523
-0.0103921620196658 -0.035949676681271 0.25925290675789 -0.56305591764444
0.002258506261088 -0.0417266515613448 0.854273454946347 -0.0323362740230372
-0.00390463328035216 -0.000405610540177825 0.552576671894071 0.763379383494856
-0.030263954562266 -0.0190120196900386 -0.10543160397597 0.654934455943521
-0.0357612221086249 -0.0286798790495156 0.0610335584497822 0.0193069381266964
-0.032422024994271 -0.0275272808396674 -0.0825216000897216 -0.620531435340451
-0.0183768889669978 -0.00358862320073969 -0.834948387008245 -0.432761686740883
-0.00776277493554968 0.000620497882417217 -0.740576290745257 0.543184859896469
-0.0230974228266006 0.0162193403672487 0.156722008561964 0.734118529535652
-0.0190012774712695 0.00953115875471122 0.488919250777124 0.203305514280833
-0.0157180635147021 0.016649163259725 0.288858002172405 -0.123973429920715
0.0114877550819297 0.0214423140301032 -0.0342034305136893 -0.23689229524083
0.00349763194370367 0.00898578244531902 0.0332047791096259 0.11794081463586
-0.0180366609123046 0.0215837634227977 -0.22253476262946 -0.0244629197401616
-0.00438096942337349 -0.00953390988856158 -0.286983739918532 -0.335050623631458
-0.00437459954428132 -0.0253946914663976 0.296837320024128 -0.551380724110418
0.00719090399371678 -0.0436009550620055 0.860832660726904 0.0157162855356862
0.00665762553055166 -0.000222538403152856 0.515796842083648 0.796562685701278
-0.0235311530106806 -0.00387250282040618 -0.129482749173049 0.648882989661056
-0.0347163002023622 -0.0103119013324816 0.0588554689939447 0.00910223329147365
-0.0228650270134228 -0.0159892632208894 -0.105883456316617 -0.621675170793258
-0.00911161403056995 -0.00866964070916076 -0.852552226065895 -0.394889749999577
-0.00492367547428541 -0.000744560449188065 -0.708100675517399 0.576081080301358
-0.0114758787145187 0.0255910338823563 0.191679524012208 0.72490156786565
-0.0048212387193918 0.0197563682524868 0.49431141989572 0.186551541653952
-0.00117797698491575 0.0224702067934428 0.281075619727873 -0.134396844567726
0.0188116874587985 0.0205165241082553 -0.0365960998679299 -0.23980009487043
0.0092492769072207 0.0105840712947663 0.0333453308352484 0.118316954519238
-0.00429326542278932 0.0283865704485782 -0.222310128955953 -0.020669915318672
0.00508368610072934 0.00437842829063559 -0.28571239400124 -0.331124809959039
-0.00135822035849901 -0.015195835110274 0.298357260711997 -0.555358799248369
0.0103778880322779 -0.0442594989012489 0.864505204859379 0.00487928469936014
0.0187329489055725 0.00281028540905998 0.517343338135445 0.789351287625922
-0.0164155204738804 0.0138896586762358 -0.128085330759674 0.647503545450235
-0.0315331201042368 0.0111866400326529 0.0567976522756291 0.00660568942666141
-0.0117923066754521 -0.00168547282177327 -0.1089171181322 -0.626247622050482
0.00080717414841782 -0.012553172537562 -0.852255901037052 -0.39990612571239
-0.00039831894598585 -0.0017800940495819 -0.711157253466211 0.567591108061075
-0.00109961128321683 0.0343078364168645 0.18792422602665 0.725343172790099
0.00851117563452252 0.0315096324106395 0.492887267591626 0.190227413477625
0.0136134874633768 0.0290908694592293 0.27910911432651 -0.130190740402254
0.0261658259202067 0.018506977114768 -0.0385175118773381 -0.23787634600458
0.014419792203991 0.0105937758289394 0.0317431025641564 0.124085443951152
0.00807642022684187 0.0339447797830091 -0.222258019832897 -0.00998773002227177
0.0141352685137505 0.0167321400777585 -0.299536463726945 -0.315985864300262
0.0011262720074069 -0.00482539745454339 0.266398963153757 -0.573850249550124
0.0124201978820359 -0.0447263662334979 0.857601705732269 -0.0533770946976365
0.0313026382679565 0.00552845613952853 0.565409426820413 0.751551045047763
-0.0091040078189168 0.0306169843384332 -0.100536474272968 0.65175996866745
-0.0289948021633887 0.0309345219781244 0.0547553547654141 0.0111729012495965
0.000304893893066 0.0114203497038743 -0.0859982773285626 -0.62888420910267
0.0111700301984828 -0.0149992040472581 -0.837615911246587 -0.451109034749203
0.00333997893516925 -0.0031062442884547 -0.751647700581677 0.523350020054625
0.00508618082288322 0.0411321174467616 0.146952394511255 0.734096549819637
0.0183286482836057 0.0414360775313973 0.48584971208664 0.215668818860954
0.0264025539640175 0.0346350743003992 0.282487716742705 -0.115763680671947
0.0323218851447713 0.0192166998906654 -0.0402238444760073 -0.229041754338108
-0.00398127274881261 0.00992644368517082 0.0277465204493906 0.165332412067445
-0.0407670159755724 0.00730968923678227 -0.216037118808608 0.0585999357652397
-0.0443882697338321 -0.0237127277354702 -0.435221707127627 -0.184297469129187
-0.0458111416162869 -0.0323307148669789 -0.0799113512643197 -0.601420665751415
-0.0163562308593806 -0.0315679532721763 0.668252900971051 -0.45531817784861
0.0033650947626418 0.0146970143557854 0.807954078479163 0.369777184742798
-0.0411605130601895 -0.0078343016931815 0.136591981015487 0.64495037342189
-0.0384722339648212 -0.0355570922094831 0.072083787999954 0.0978492343199494
-0.0340703311820205 -0.0398722791065245 0.117596964290699 -0.593687450091072
-0.0263890299092617 0.00398810515288056 -0.578791092095513 -0.803100520439321
-0.00602168133155536 0.00317675975863652 -0.968850850352866 0.117494054728736
-0.0433019964946199 -0.0087408774613985 -0.205639293926296 0.742455910138405
-0.0447359181294109 -0.0209671987810512 0.389617661897291 0.382077601986494
-0.0376801825672069 0.00312929396315079 0.322878096045854 -0.0235198843697287
0.000313256495091839 0.0230682401327608 -0.0279443757536273 -0.191255705335952
-0.00757470874938751 0.00928622322258925 0.0299082137636336 0.152816576752611
-0.0449325592877407 0.00597241400726462 -0.221695438231342 0.0355681817133251
-0.044619355294024 -0.0293509165805474 -0.411185109885576 -0.227114086955751
-0.0412736958531428 -0.0396006191642118 0.00503298522772853 -0.607235843436937
-0.0132892482358047 -0.0341798311387145 0.734198414898654 -0.359629334338787
-0.00602373694622895 0.0123678647005875 0.76363995494191 0.479074263742635
-0.0441317894736067 -0.0175455425314211 0.0736768165076283 0.659021916160677
-0.0383839873208898 -0.0443195743856124 0.0697412191096401 0.0797678001694288
-0.039234062835146 -0.0450189094846081 0.064852979103967 -0.605471351656936
-0.0307386121017388 0.00329157834665018 -0.668691829668114 -0.708169804345702
-0.00947440350832803 0.00195977290089696 -0.927983866568787 0.253176266192758
-0.0428099314501594 -0.0084914573327255 -0.102733231876003 0.758751533649379
-0.0456653785189901 -0.0201224943524082 0.427566057867148 0.335514750702317
-0.0390474721280839 0.00150009524556308 0.319109919773076 -0.051311933752954
-0.00149301131168834 0.0230936746585257 -0.0293321819550679 -0.203695641018156
-0.00818524750526888 0.00836344132977319 0.0314026303901382 0.139057411996193
-0.0452382342424247 0.0061025878298799 -0.226293560155407 0.0139325819503532
-0.0393633110180471 -0.0320153585476529 -0.379503829518232 -0.267410145736836
-0.0321185273169749 -0.042593679059432 0.097012161152456 -0.599745999130156
-0.00916106468155185 -0.0367171471124785 0.792586360965181 -0.247339398555783
-0.0111201859644598 0.00695135780135367 0.701614190111071 0.589025214801943
-0.0431932972915148 -0.02500943795675 0.0110747357903235 0.663589078073493
-0.0389610633410266 -0.0458405750227564 0.0673918661352296 0.0575957866100381
-0.0424922817385041 -0.0436286918805097 0.0048502497724998 -0.616509149077746
-0.0300193678867799 0.00260765767016889 -0.748185507334293 -0.603062938517406
-0.0104153332643827 0.000766061725548099 -0.863789136978151 0.38171301764012
-0.0416532024842962 -0.00255808017888711 0.00343707076182331 0.758153343254529
-0.0414382636757461 -0.0125116165534602 0.457389505656018 0.286118322818068
-0.0364777583361336 0.00696628083791669 0.31092119136142 -0.0813029741643551
0.000677308478396466 0.0219444291799272 -0.0320545481441754 -0.216322044652157
-0.00609602613682611 0.00780710759845066 0.0322558634294488 0.128432813837664
-0.0388884405823605 0.00791063400620735 -0.226439976650495 -0.00470830254429354
-0.0280221676503012 -0.030158161149665 -0.343611828740982 -0.299313887541585
-0.0206143795611777 -0.0411426560235046 0.184170269229103 -0.586514500265467
-0.0039570365851308 -0.0401438063148322 0.83429246182507 -0.133454223231255
-0.0096852334665799 0.00206148319618097 0.626506441273935 0.685786334695379
-0.0372228972905563 -0.0260556601905114 -0.0497677430112168 0.659572682089643
-0.037339215812956 -0.0402243812349597 0.064621616085392 0.0364795982074261
-0.0405803991957048 -0.036766763849769 -0.0483650743485882 -0.618871045146405
-0.0253600133111501 0.000222065032802171 -0.80559706441181 -0.500000384460468
-0.010029352353848 0.00125252706299649 -0.793225486035526 0.487298128163404
-0.0337253784365452 0.00638069251245997 0.0989222377316879 0.747408063239398
-0.0317900583738986 -0.00232035488521062 0.479485044313141 0.233379210764944
-0.0272011588385821 0.0116437536024608 0.299300586196416 -0.108443126597388
0.0050280059722244 0.0203827908133788 -0.0340505172241121 -0.22880422872054
-0.00145519042429816 0.00755429561110084 0.0337386024354077 0.120896863700656
-0.0305170335979972 0.0138539853809008 -0.224983178533502 -0.0178807097210677
-0.0168953321242943 -0.0218855474544709 -0.310355863010699 -0.320742923127384
-0.0112938093429073 -0.0357244838000992 0.253457500287243 -0.566082580911248
0.0022921925670853 -0.0421095022335372 0.855157640154241 -0.0458751794971808
-0.00399637987323491 -0.000949749290606572 0.562917511112426 0.755361367926696
-0.0307070678787145 -0.0177844090560852 -0.0958651014362621 0.655501224536932
-0.0357336539337896 -0.0265383254939354 0.0612909898671058 0.0191618481985496
-0.0335332729287721 -0.0265060760192649 -0.0899924707101995 -0.620183722331249
-0.0188741640755648 -0.00386782996634884 -0.84104080219131 -0.420535058162478
-0.007187242773918 0.00082122428100863 -0.733800611536713 0.554748941930283
-0.0231904926195037 0.016556076281093 0.168926724760331 0.731245613381764
-0.0195475742983264 0.0104723946294371 0.492908515841392 0.197530492250348
-0.0150573579471184 0.0176048394905315 0.288824316941393 -0.128948420487381
0.011633890492445 0.0205426330340344 -0.036769344666318 -0.23707694496157
0.0025116310748341 0.00821257315239376 0.0341651057256525 0.116549580726867
-0.016233789459731 0.0213871952941807 -0.224398485861573 -0.0200168203674125
-0.00450210330650204 -0.0100513338752655 -0.292669282383258 -0.329890116509521
-0.00442365420345167 -0.0256545879108683 0.291278771666204 -0.555113683770467
0.00611715341505322 -0.0439555691605483 0.862750622374258 0.000286233359847571
0.00618885989143571 -0.000913538662520462 0.528109069817003 0.787464233044213
-0.023483351004888 -0.004212367434125 -0.121390604641788 0.651409274717392
-0.0330228400371243 -0.00949803334060369 0.0578611248050821 0.00804219041251732
-0.0234629854904794 -0.0148713857793492 -0.114822183224839 -0.618602754773012
-0.0101165002102099 -0.00810213398491089 -0.856985510541193 -0.381144965558092
-0.00409087241597321 0.000478926220629412 -0.701433289282233 0.586636194768575
-0.0114923673654182 0.0261313984196146 0.202053823467799 0.721904839339565
-0.00504768383055896 0.0210603855895177 0.497681162209842 0.177756304187447
0.000231928789140412 0.0236421126210335 0.279585159141982 -0.138360822284436
0.0191067092874247 0.019881357710241 -0.0386890643852637 -0.24000778990558
0.00816213966406251 0.0103406427907825 0.0339035316177378 0.118936521550127
-0.0031851441306476 0.029320678215627 -0.223363788423682 -0.017397656147729
0.00494202413238821 0.00463268369971616 -0.289101635373424 -0.326570783083219
-0.000892083277762052 -0.0153561704998996 0.292737948159903 -0.560769312314518
0.0105777941907641 -0.0447539587986795 0.864736211722239 -0.00745430747233384
0.0188147983280041 0.0021287377319896 0.530941664076142 0.781721590179096
-0.0160699555703111 0.0148611384113079 -0.120180949043738 0.648784187744171
-0.0299184331968299 0.0114585014174546 0.055568134028296 0.00458446721531548
-0.00995738206899071 -0.000427447053667893 -0.117612344361155 -0.622039776086098
6.2470436393668E-05 -0.0125455333206378 -0.860098822308872 -0.386319449967759
0.000741327968026926 -0.00166754264085333 -0.7026244785501 0.578304633515756
-0.000107440042684745 0.0342040297703866 0.201950174481952 0.722305447915936
0.00890663716198914 0.0311685913099602 0.496924102394779 0.183363161849764
0.0148470356756906 0.0291730557736969 0.276964938379573 -0.135816697265487
0.0273549256049957 0.0184397046404893 -0.042538660004135 -0.236120422501435
0.0142591339066124 0.0109502569723636 0.0323474233040383 0.123262853450582
0.00875817873417411 0.034436788595987 -0.222390894094223 -0.0060037935421805
0.0130201960961286 0.0158256182216788 -0.30147184444865 -0.312048485727267
0.00132244144599748 -0.00458321246989126 0.257641832482874 -0.579108625351534
0.0105366255001283 -0.0446647874789669 0.856388062963733 -0.066784005052848
0.031533956928627 0.0046507477043688 0.575668937831479 0.740641346479752
-0.0088125014055467 0.0308535506614179 -0.09233485419623 0.654191700073479
-0.0280397290203801 0.0313034375072148 0.0554111784957429 0.0103362643227836
4.46530847196223E-05 0.0121138424462375 -0.094376437698032 -0.626959593389832
0.0110015289060516 -0.0139638071075988 -0.840887431859316 -0.438847175969608
0.00406738035672635 -0.00313987591330472 -0.743474788223794 0.535713269865987
0.00556503176151974 0.0423687046912593 0.160735735173216 0.733604174995221
0.0185512084271683 0.0409153033211833 0.491032998288283 0.206518388727259
0.0284830868696729 0.0346497947762007 0.282357027635437 -0.120794069949522
0.0325704148194701 0.0188653050826992 -0.0437618307563396 -0.226406142861039
-0.00386182544646385 0.0102725059504208 0.0302735855687841 0.164731987913551
-0.0396304353497908 0.00848042416578165 -0.215501838337371 0.0628466751004344
-0.0445095928753062 -0.0235889029556779 -0.435832493978763 -0.177710982631248
-0.0456252821963854 -0.0305506737327996 -0.0859757949043757 -0.598981010797535
-0.0174625846694849 -0.0312049133802901 0.659203221585036 -0.465131585526541
0.00286612990528349 0.0142330284872214 0.811763375137687 0.357613925321817
-0.0410946720805522 -0.00710177812704883 0.143479166039833 0.641416629945769
-0.0382410548249925 -0.0336336121280329 0.0724000017908754 0.096465546031621
-0.0354112154813438 -0.0390633298759223 0.109297776340939 -0.592795151815302
-0.0263127277982072 0.00463120730251014 -0.589706089275394 -0.793045662619903
-0.00543752463950214 0.00327725033692895 -0.966199191215122 0.134275090975644
-0.0430974995731269 -0.00892835839884135 -0.195409121569663 0.74456473880132
-0.0455502807163222 -0.0201424201717167 0.394581977433121 0.376574557741437
-0.0365682182540978 0.00405560252600259 0.322502387842961 -0.0281531728896155
0.00111918381809815 0.0228065328582607 -0.0306220289239062 -0.190678544507477
-0.00727895981146451 0.0087136983764475 0.0313272216831491 0.15113627669508
-0.0459173793819733 0.00711517068685016 -0.222223221881092 0.0394288391925705
-0.0450626550175194 -0.0290644440734779 -0.412407405562694 -0.218735619523085
-0.0416013775704702 -0.0383575497599703 -0.00423813367531019 -0.607055750288064
-0.0138996557001824 -0.0339993624338197 0.726720454820914 -0.370655924470418
-0.00585783974368768 0.0125067039170265 0.76799038012485 0.465193018392988
-0.0449414244816306 -0.0171747010855628 0.0854122973523267 0.655247498771542
-0.0390151261129144 -0.0436160021797049 0.0703543928280953 0.0786953878834164
-0.0395921306002772 -0.0446445685448227 0.0577680225572159 -0.604847896016376
-0.0294010434203528 0.00361047147521026 -0.67787220402063 -0.696362128956076
-0.00843242609935626 0.00293029148844001 -0.919991948173567 0.268558376634998
-0.0438668581326817 -0.00711106340618593 -0.0910554003423617 0.759108809436357
-0.0458771932366876 -0.0186390157120988 0.431681656086602 0.328827902025087
-0.0388888832245046 0.00428207409716412 0.319095810620616 -0.0566293076891276
0.000312337645762254 0.0228253102267051 -0.0322676767401639 -0.202635934623267
-0.00775572255700112 0.00807431968266236 0.0326403986682756 0.138253586517641
-0.0455757161878639 0.00698503533244184 -0.226540448015007 0.017228190802265
-0.0395579387261944 -0.031928093977844 -0.382515474915087 -0.261031318258301
-0.0325622925464108 -0.0420326433466142 0.0890978226597834 -0.600951816854648
-0.0102222215998369 -0.0372991902927466 0.786904486336968 -0.2584297875655
-0.0100621895009058 0.00707388752578438 0.707232832763737 0.580341733606963
-0.0436047200874235 -0.0246190875632645 0.0181196465200803 0.659912889950958
-0.0392853471963412 -0.0453963458132443 0.0676568993500582 0.0568221781856124
-0.0429789081703191 -0.0422418674831205 -0.00111229345999697 -0.611893855049721
-0.0300654353644231 0.00326229551556927 -0.75409326935233 -0.589845507877693
-0.0096764328605573 0.00174184007702925 -0.855776074203551 0.394780584888733
-0.0407780964249103 -0.00228001021202536 0.0155706589472304 0.758383703531676
-0.0426418322858827 -0.0115111524444372 0.462678851923543 0.276995538993712
-0.0351945685931772 0.00631645854928449 0.309899558937944 -0.0872531511894634
0.00239754907428947 0.0221882555367664 -0.0344471077149182 -0.216384808380067
-0.00593391216389429 0.00784767457963047 0.0336421363648567 0.128088262319192
-0.039472234895629 0.00882889667846004 -0.227620412530167 -0.000407747519239595
-0.028538737423425 -0.0299606081661403 -0.345857285939336 -0.29310165445939
-0.0218758299776068 -0.0413290499838646 0.177280180488725 -0.587745083049207
-0.00438971979463086 -0.04007743657039 0.829251006141079 -0.146428483804174
-0.0101864870008998 0.00122672651294578 0.635030044691166 0.674594314863703
-0.0378696255651137 -0.025836477509551 -0.0417748770476969 0.660271527954033
-0.0381369923581896 -0.0394655916963092 0.06478574407774 0.0356608900070583
-0.0416564587815149 -0.0353163657719735 -0.0570498212727917 -0.615815149203433
-0.0264642206606174 0.000421257969979029 -0.812490052435646 -0.488816757283426
-0.00876611681068891 0.000808281514188642 -0.785429059603908 0.49886522207561
-0.0344508580618769 0.0069229888763326 0.110809554349075 0.745093452989644
-0.0327371310885993 -0.0020080275948431 0.482940760224705 0.226512197750164
-0.0260625144393376 0.0118551017913982 0.297891832518207 -0.114749895221838
0.00719492837445379 0.0220859427158476 -0.0365047006269272 -0.227641762824226
-0.00147958872670822 0.00775538800829546 0.0347050318139017 0.119780290205979
-0.0287772445000535 0.0142875910010959 -0.226181177851232 -0.0122148134170196
-0.0169439228743411 -0.022019008623562 -0.313451034358656 -0.3161178453061
-0.0118395483671816 -0.0350639741411794 0.244692231693309 -0.571049084082492
0.000931421176612325 -0.0420995697025378 0.852552014160168 -0.058277945481075
-0.00400920530132884 -0.000846252778474081 0.572555117999789 0.745600901057008
-0.0303425851631205 -0.0183305584665963 -0.0868745687695559 0.655419192902764
-0.0358696456184808 -0.0265198040369079 0.0606487101355047 0.0179052430756896
-0.033763189963691 -0.0248580646380813 -0.0974523522937245 -0.615955909459685
-0.0205091136327235 -0.00335396848089824 -0.84525163315791 -0.406166598093682
-0.00750855893208035 0.000925420836276615 -0.724144166348638 0.565529117419558
-0.0225293259682022 0.0162487181811912 0.179772757417096 0.727447444047532
-0.0204592661370202 0.0100542024454058 0.496097992871296 0.189051601175773
-0.0137876711651238 0.0176083163823061 0.284853362795983 -0.134553969598064
0.0133814378710764 0.020089944929762 -0.0392639059104627 -0.235451447910882
0.00418578051040582 0.00881337274810473 0.0353890361575791 0.116146189234956
-0.0164640524029585 0.0214915972087443 -0.223952135255565 -0.0156051138268832
-0.00403228906392007 -0.00983300600835539 -0.29427312220553 -0.325326566746994
-0.00461002027474819 -0.0262624970328885 0.283382480923809 -0.560514411981869
0.00494133345238616 -0.0436993515201629 0.860921100831829 -0.0122536579253213
0.00565872214085071 -0.00125590728788564 0.538150864918765 0.777563353526676
-0.0240585376328167 -0.00290643229425353 -0.111514410796781 0.652237689843664
-0.0331162166640014 -0.00899610457221407 0.0579568496526576 0.00574951403596106
-0.0244408879710721 -0.0137203695779762 -0.122832102509044 -0.615786429805159
-0.0110838224269942 -0.00818988697112237 -0.862452903531689 -0.366760884444796
-0.00384296248235409 -0.000365971678707241 -0.691703038920752 0.59609019832679
-0.0106626381381165 0.026174325558025 0.21250240771466 0.718449506678776
-0.00439687710732243 0.0207236209714536 0.500651076866188 0.17061520904167
0.00068883003357164 0.023683374849296 0.2772049636454 -0.142168723095387
0.0214599317985681 0.0183723423046611 -0.0423241986959345 -0.238713765353892
0.00965952191788784 0.00949982751757914 0.0350380722234446 0.116466284284325
-0.00249641767890741 0.0287341559417461 -0.222984959268042 -0.0130604712330262
0.00580768010739144 0.00393157284797494 -0.291885461017704 -0.321605223808937
-0.00128121544143363 -0.0149721211993509 0.285313839631454 -0.565833739309787
0.00927373540985616 -0.0445729525725754 0.864412336003768 -0.0199495867842013
0.0186104988485884 0.00178781472317899 0.542788919284035 0.771377519659998
-0.0161725390581955 0.0138200035941197 -0.110727200241254 0.649783599551646
-0.0301830300770692 0.0122401643332514 0.0553707259164436 0.0045669082758829
-0.0113253609884528 -0.000609559104321174 -0.125570733158747 -0.618643270645779
-0.000699886138836173 -0.012493918866101 -0.864093465060852 -0.374024244735158
0.000464676128862421 -0.00172447732968042 -0.693853713584841 0.588888501507722
0.000355188969591871 0.0353825024763738 0.212375600249104 0.717225723105442
0.00903806467483766 0.0313787748454919 0.49865416826349 0.173048433186787
0.0161472476932735 0.0285498631015608 0.275270187474882 -0.140453175865663
0.0272699266316849 0.0175273250668002 -0.0444737301343849 -0.235216986556518
0.0139626249060489 0.0110810570160641 0.033600197655405 0.12128126841939
0.00942003066635198 0.0349046849713372 -0.222339531844408 -0.00249985181340286
0.0134695469199566 0.0156279356999201 -0.305168091305406 -0.306440867820753
0.00081306489419515 -0.00434581501156845 0.25011009921974 -0.583735564063265
0.00957734103472928 -0.0441035100437211 0.855544044500465 -0.0778349388070678
0.0306691538703935 0.00417833690643471 0.586407333967243 0.732051906372827
-0.00718320060666713 0.0303713202747124 -0.0819989775442593 0.65298464252881
-0.0270789428921359 0.0318084557187383 0.0534749932140826 0.00995234175518081
0.000219013449335288 0.0124098494285514 -0.10256138253868 -0.623821172858121
0.00952476104313885 -0.0152949894890412 -0.846340891093782 -0.424624803986398
0.00348261965349448 -0.00395785375962566 -0.736088511690806 0.544030187441273
0.00689576183325652 0.0421801517972908 0.173735171162922 0.730223828542328
0.018903421413614 0.0413641844756729 0.494003561218353 0.200525387129646
0.0287132442749054 0.0343544442221876 0.279667020881432 -0.125322102152879
0.0338469063447226 0.0173409552901901 -0.0450871408372492 -0.226759412892773
-0.00296823171115626 0.0108632004073838 0.0307289933554026 0.163711943430704
-0.0391803957677546 0.00930847050001468 -0.214835870153493 0.0662125719636489
-0.0452399057876811 -0.0231368045632558 -0.435860262869729 -0.167994884110212
-0.0466074691977384 -0.030633506052909 -0.0950087326789417 -0.596182820297952
-0.017305651957469 -0.0307929478436734 0.650440986406454 -0.471488113193362
0.00301946702034608 0.0140864721863053 0.814168596258087 0.345378467593671
-0.0412822990139137 -0.00686851158705837 0.150511980734207 0.637596541013835
-0.0388528134659275 -0.0342010489616523 0.072743837740649 0.0953120362720228
-0.0357254194832384 -0.0375461990835342 0.102030326163444 -0.590260852613527
-0.0273525222626224 0.00461665243515877 -0.598767505917018 -0.78043211705578
-0.00526184203792125 0.00352865012419436 -0.963358070115333 0.146320239543412
-0.0426529876652697 -0.0072658746575528 -0.18266713735226 0.745042572924738
-0.0450242324473485 -0.0192786080717873 0.399690144853999 0.368687581820176
-0.034962816554809 0.00438303309002585 0.321575784566121 -0.0338945873734897
0.00290645060838553 0.0220276579680647 -0.0330349160972444 -0.190145111063601
-0.00656321282658648 0.00852676313874873 0.0313305412459477 0.150924606192324
-0.0447939897706814 0.0078693477156242 -0.221985247110588 0.0433587998635499
-0.0453851109727247 -0.0286755657907001 -0.413644339536016 -0.211248296519972
-0.0411105770625447 -0.0374498808377845 -0.0100019168540489 -0.60484000368912
-0.0144808439519186 -0.0334365828888308 0.720191106401118 -0.377930343316201
-0.00572319954673846 0.0115724903332487 0.772521779243173 0.453592092321751
-0.044385786907112 -0.0164503550727777 0.0915164124450368 0.651951674294584
-0.0387242817426457 -0.0420922124037942 0.0711105876000715 0.0766212703807522
-0.0413000817108187 -0.0428798712560571 0.0483226601327517 -0.602324280216341
-0.0309338245275489 0.00357395941493469 -0.684128512361052 -0.684764703263068
-0.00783692303348719 0.00158728419309891 -0.915403520951687 0.277511845427142
-0.042670981042953 -0.00765002956666434 -0.0792992199335079 0.758007787504344
-0.0469224681307965 -0.0183231578118926 0.437022638423886 0.323349717230675
-0.0383394031987462 0.0043837418458808 0.317461147547431 -0.0617114651279542
0.00133781892905895 0.0223255111132084 -0.0335909115924272 -0.202884620805357
-0.00733061031617434 0.00791787016619144 0.0335949467002097 0.136923852478691
-0.0442548959306401 0.00759396009652803 -0.225914857360508 0.0212642887851483
-0.0396844047795345 -0.0310768878624615 -0.381792077330823 -0.25348338962621
-0.0328893733392719 -0.0410588534870033 0.0820155094164252 -0.602553738389036
-0.0100851531583963 -0.0365634390858856 0.783649632318162 -0.267200401482536
-0.0108598543340602 0.00656715566592112 0.712687952128597 0.56738342769656
-0.0437523078962912 -0.0240658054793775 0.0275130603182785 0.658134081798928
-0.0392316645177795 -0.0438042629719738 0.0680075588471403 0.0553477884731828
-0.0432055995088221 -0.0406969337236612 -0.0100530403519902 -0.609134429506692
-0.0307760652155043 0.00297538388647444 -0.760266457816862 -0.577192838482381
-0.00974895342153629 0.00195049571454893 -0.848405377713314 0.404495380663102
-0.0402541317673347 -0.000911841873183869 0.0268169450608208 0.755444538831844
-0.0430279866300088 -0.011866669682465 0.464367547151914 0.271535496003911
-0.0346214993646418 0.00742505720127179 0.308419227596509 -0.0915297188406586
0.00302119368446593 0.0212663177208866 -0.0372911853305746 -0.214836495966791
-0.0055113908557874 0.00762435831292779 0.0348520132842582 0.126561738936538
-0.0389428579289027 0.0102769474068268 -0.226547950747617 0.00334480972785857
-0.0295321240165887 -0.029201670961123 -0.347200536466944 -0.286174155956221
-0.0216314876931285 -0.0407343736357711 0.170477130735043 -0.589108249928023
-0.00605010535623938 -0.0391111046079709 0.824164930779135 -0.156767517743819
-0.0104305395408851 0.000857752632327898 0.641123227953571 0.666167142875768
-0.0390295773549224 -0.025107126654172 -0.0338343810123449 0.65867823287937
-0.0378706362078184 -0.0378988186501407 0.0642264400547392 0.0348713444596977
-0.0416549576814966 -0.0342818272550472 -0.0644543921757083 -0.611516003220636
-0.0276739441704283 0.000500706749423804 -0.816362302718711 -0.473830935741648
-0.00879056007336743 0.00100160341050266 -0.777406594960549 0.506610015819959
-0.03358919981393 0.0074684181843448 0.120354923622699 0.742094279531241
-0.0332614059496049 -0.000925963403906601 0.484541136368039 0.217983991851514
-0.0259331572659491 0.0133943448631801 0.296031688236738 -0.118450885314835
0.00762504964311553 0.0206893207885341 -0.0397185977571767 -0.226558201232378
-0.00113599577903718 0.00779226510704434 0.0360202569826754 0.119195630687863
-0.0281681501103498 0.0141985526639371 -0.225561600757873 -0.00911741297800255
-0.017003254098469 -0.0213389483965231 -0.315604860773425 -0.310788763726731
-0.0116218422275242 -0.0343504446734738 0.239314837087027 -0.573137435144556
-0.000356424917898951 -0.0414685902487813 0.850197340136443 -0.0703428720371815
-0.00370305009461093 -0.00164014307757523 0.580260348814886 0.734928700435703
-0.0314225151949033 -0.0177030555652687 -0.0808388156075545 0.653068337952599
-0.0348387560230587 -0.0254823222879369 0.061127670939744 0.0168913690169939
-0.0345103887109432 -0.0243221996632689 -0.107371733989563 -0.61187781927
-0.0204964836080262 -0.00264302358510559 -0.848065331227715 -0.391491618145027
-0.00683973143879893 -0.000407613362840887 -0.715279032946658 0.572885286973203
-0.0209188145059122 0.0171890769446116 0.191045121237816 0.724380763403032
-0.0195912885463642 0.0101884848825399 0.497167369940487 0.181380566917421
-0.0127289806269107 0.0186747247238545 0.283551142466493 -0.137699454511687
0.0140159738472771 0.0188463362373665 -0.0436040542783721 -0.234232131629813
0.00328780032736436 0.00909090042403069 0.0357520658045293 0.115716364559429
-0.0149685986647703 0.0213568052748104 -0.224685587767693 -0.0125524639956027
-0.00490550150065303 -0.0100224067925256 -0.295196986004664 -0.318945715334264
-0.005462208188575 -0.0250829300367525 0.276342215021562 -0.563476139042754
0.0051779229080201 -0.0433214379211093 0.860316127839575 -0.0240084296338792
0.00613658264096772 -0.0012308484429814 0.546028506936546 0.768564489345562
-0.023819784002401 -0.00363028737873216 -0.103549637591159 0.651265812023313
-0.0317471255087797 -0.00813294787741468 0.0568203449738693 0.00579579538452948
-0.0244481266438491 -0.0126472592087688 -0.131151974056635 -0.610722002386443
-0.0115716095615031 -0.00821607557597583 -0.862870747021499 -0.355491373087701
-0.00359941027285491 -0.000710791807511256 -0.679257557554284 0.602698005329243
-0.0103275189869447 0.0268037488959745 0.224519359137958 0.712698621152234
-0.00487775381278382 0.0216679396684916 0.502806340669189 0.163777284087857
0.00143773737938018 0.023762424803909 0.275825601387159 -0.146960800409849
0.0224051629653437 0.0174441635665959 -0.044959940480824 -0.237204673714841
0.0095612484964251 0.0103119348228276 0.0357019040021217 0.115815642459919
-0.00131869769717536 0.0292900358974808 -0.223384409604122 -0.00969098750478902
0.00475032149234223 0.00394003844603925 -0.292612239191751 -0.316838851441465
-0.00115125505316353 -0.0144965484823209 0.278282993397234 -0.56910014981457
0.00814892750316336 -0.0430975998051646 0.861750910530771 -0.0322217560695209
0.0177983399921579 0.00135783493895571 0.550999256847801 0.761102141437797
-0.0158666856075064 0.0138612186761518 -0.102129351507167 0.648788514815571
-0.0291223795685771 0.0127681309660507 0.0548131048009841 0.00371625393530914
-0.0114313271805699 0.000559752889057674 -0.132543697268074 -0.613950272538591
-0.00244549913460119 -0.0127437893055402 -0.864730888679773 -0.360252519663449
0.000414480119934207 -0.00225186646861419 -0.684804581577688 0.59591508834737
0.000579997393984642 0.0343242393670638 0.221380228630215 0.714326124308834
0.00879183884030378 0.0307448888711079 0.50023254280105 0.166989430117246
0.0171285664027363 0.0285273331693731 0.27378886609405 -0.143684354464041
0.0279194435989262 0.0163887099608924 -0.0475824958083092 -0.23356088633413
0.0141133528160844 0.0107036175203949 0.0343437338795896 0.121295138311836
0.0102695912158409 0.0334649954852526 -0.222382197592003 0.00123821182394884
0.013759060757146 0.0151692172284533 -0.306896575478895 -0.300487436660981
0.00146412498533353 -0.00466872010912049 0.243228248857128 -0.586537618600218
0.00878773297193361 -0.0440351754657131 0.851983601302746 -0.0910823450565257
0.0303986998456831 0.00351216681801456 0.593342661740534 0.721672288782673
-0.00866034962889818 0.0303538715309103 -0.0759993691191663 0.651929746297031
-0.0251721115639948 0.0326278775462695 0.0539391957871677 0.0105190236745961
0.000271789523679448 0.014148295177102 -0.110790017404533 -0.619603837540201
0.00879912647724533 -0.0141952591516887 -0.849519490216028 -0.413998863030807
0.00391476967930445 -0.00376754664219305 -0.723780799886423 0.552631801087032
0.00734924192881921 0.0426002655850946 0.182528380004375 0.727351484339817
0.0196960014983003 0.0407797859088238 0.495996092407487 0.191698661639826
0.029683491274274 0.0331551118214367 0.27762178343685 -0.128986406250616
0.0336225170635298 0.0155789216506788 -0.0480456893677501 -0.225103518358964
-0.00348287305913679 0.0100540685895575 0.0319570934886364 0.162046796899132
-0.0389390260525936 0.0100023274160132 -0.214304556018464 0.0697786512967544
-0.0446854285585218 -0.0220253705521099 -0.434238203040929 -0.16271195554929
-0.0464203377709064 -0.0292975608565871 -0.101726224342223 -0.593111294743978
-0.0177555403208828 -0.0303815409723487 0.641966357393945 -0.479454439595707
0.0030000577513847 0.0122886010093372 0.813490719143362 0.33322002591496
-0.0411524430246574 -0.00556946007194347 0.156393634831061 0.632871121078466
-0.0376260657282165 -0.0320857310328801 0.0732471834854168 0.0933929870832008
-0.0373183626196347 -0.0365150690207256 0.0950269608395455 -0.586133497219167
-0.026734337465371 0.00532051443886844 -0.604959951758564 -0.769819999680761
-0.00546075848352712 0.00252692769620339 -0.954464776649013 0.156054785230109
-0.0421848818507223 -0.00724994046492259 -0.171740240303167 0.743635354523703
-0.0461239111666074 -0.0187663293748054 0.403173021871369 0.362349368551331
-0.035082877597795 0.00461893505985472 0.319995962158126 -0.037829317506874
0.00344208126146306 0.0212819878367556 -0.0346619396518482 -0.189167972763975
-0.00532993675510633 0.00953797710576187 0.0322880280414246 0.149475067232432
-0.0443109319208128 0.00940072630213355 -0.220868277242196 0.0464601546788434
-0.0451627586939797 -0.0283566149777788 -0.413324987572765 -0.203476319061056
-0.0422371545544531 -0.0367233112667271 -0.0162449113648936 -0.602168241924467
-0.0154052774908179 -0.032845371163476 0.713484643607835 -0.387531911655804
-0.00576156714217803 0.0104337815345145 0.773921139960833 0.442505357396894
-0.0447358462951421 -0.0163145170616587 0.0982413185057092 0.646390128034552
-0.0392286958276941 -0.041589582399106 0.0715419767642413 0.0748981760964018
-0.041641669818041 -0.0413210851032733 0.0406909300349056 -0.597292243963109
-0.0312876470100976 0.00388222241272573 -0.688890485501661 -0.67342229563233
-0.00723242306617611 0.00257239589736515 -0.908854158613896 0.288053286671265
-0.0430898860077357 -0.00631183520668167 -0.0714942249226983 0.757561839637908
-0.0476866853427517 -0.0178174904670868 0.437756957526854 0.314831875878671
-0.037497552626958 0.00497031071609714 0.31584240711092 -0.0665401706350816
0.00253973773214223 0.0214398619756585 -0.0358773207003536 -0.201470054407868
-0.00702491977684478 0.00851345526195473 0.0345842827685756 0.13547068107404
-0.0442538940655797 0.00853836887806649 -0.224527976057662 0.0243134083242561
-0.040058997605708 -0.0315899626532887 -0.383544523583091 -0.24561563558391
-0.033659762324513 -0.0404316612086743 0.0757395459888117 -0.6017190023679
-0.011024088003534 -0.0362526039652778 0.776611305571931 -0.276075289251992
-0.0106485122564507 0.00639258324977338 0.716790178986559 0.55554813043123
-0.0443063873720833 -0.0233952972080793 0.0340594526784642 0.65467435861617
-0.0383229224222176 -0.0426983729772481 0.0674728848924193 0.0545590723858169
-0.0447826298972108 -0.0393825768333764 -0.015751432563865 -0.605273270388332
-0.031516481235891 0.00368148634917489 -0.762865155165988 -0.564629585481322
-0.00855755727431291 0.00131059210155777 -0.83944934892619 0.411634601813991
-0.0406406883678898 -0.00132732997813604 0.0368055707828403 0.753779973243349
-0.0432495662397743 -0.0111376238618672 0.466702455923099 0.264010217461029
-0.0335962156099791 0.0086106915666189 0.306145163927032 -0.0962182974333229
0.0057559643580877 0.0212913556850627 -0.0395387677288119 -0.213889284371698
-0.00492392837111067 0.00723659196014992 0.0345631641528711 0.125379829891471
-0.0375639411057893 0.010773495319703 -0.226853751318494 0.00650896873957993
-0.0295385641321617 -0.0295595614115162 -0.34871442392742 -0.281368394576113
-0.0224921690303873 -0.0397990755573031 0.163359613460788 -0.590044320261906
-0.00592371013631888 -0.039200880355649 0.820860357601402 -0.167185255416347
-0.0094545346759172 0.00113429964064745 0.645466662878829 0.655082902588455
-0.0391804565106358 -0.0250164615678805 -0.0269202231577853 0.65515520950467
-0.0369307999304971 -0.0372768161004903 0.0641614650389535 0.0338622206374881
-0.0420536061744033 -0.0332200530274483 -0.0717138791076395 -0.608224568733099
-0.0278401092028712 0.00153110637694767 -0.817827962194682 -0.461414273133091
-0.00784909800828275 0.00039422707324159 -0.766777028908671 0.513737608374766
-0.0328262244512796 0.00776961176176047 0.130851218988539 0.737256099542402
-0.0335500719950661 -0.000560508231574799 0.4856265505688 0.211008420875948
-0.0244018883939505 0.0132210896273111 0.293007205233181 -0.12320108203477
0.00858296704149929 0.0201093301475449 -0.0420086015193453 -0.225375502574415
-0.00107839288901885 0.00797695372318266 0.0360101533329188 0.117489980837161
-0.0280012261703762 0.0151720245485533 -0.225181527611772 -0.00508211228753181
-0.0169684696125611 -0.0212531185713167 -0.317123118971181 -0.304521163588873
-0.0129534954891817 -0.0340481695160473 0.232451518834128 -0.575009297774196
-0.000287736381705 -0.0410698413611247 0.847656301816283 -0.0804075277751695
-0.00440129770741911 -0.00152006097861565 0.587372015244255 0.726413310574283
-0.0319365008916256 -0.0174559101188653 -0.0735650190034348 0.651068567724157
-0.0349356604124715 -0.0248109339397514 0.0594575861794828 0.0154950037759947
-0.0352678908352279 -0.0232471227025844 -0.113082278892232 -0.605592862128346
-0.0217301107934138 -0.00260005289326942 -0.849614332456354 -0.381437429268249
-0.0053483689795445 0.000297720162192283 -0.703920870584341 0.579048224460292
-0.0216312072970633 0.0173498624951372 0.199629551580416 0.718277672393352
-0.0197988262819009 0.0101064861324786 0.498806127676814 0.174137458764515
-0.0123719518814875 0.019061293547199 0.281725076022498 -0.141587571458848
0.0152984833882405 0.0186240205336551 -0.0448105812958111 -0.23303058821129
0.0031719181325642 0.0086157044288959 0.0358638716686033 0.114651580966602
-0.014330238536238 0.0216308442296999 -0.223777757189119 -0.00820617645604213
-0.00454554639953173 -0.0103888934476761 -0.298100979717921 -0.314908328904194
-0.00544020151268422 -0.0244376126795604 0.270141964286297 -0.566610160688924
0.00436785384824691 -0.0425268856112158 0.85597172193061 -0.033757350930491
0.00464104785140432 -0.00186774067630802 0.554020269892621 0.757234911270367
-0.0250401386516992 -0.00429641621923934 -0.096510610038618 0.647589326189409
-0.0310711171175015 -0.00656753283531463 0.0561727421612107 0.0057429318761469
-0.0250161373247087 -0.0111285975188769 -0.136049530292343 -0.605244746222905
-0.0121535948533826 -0.008113333521687 -0.861817819494497 -0.341994440769551
-0.00305358079239068 -0.00218958275531054 -0.670358231634763 0.607352353478309
-0.00937817915695833 0.0264047168192052 0.232907771802326 0.705885418084289
-0.00493568952192987 0.0212656764869329 0.502791673226262 0.155108436933467
0.00299156537921154 0.0231224764218621 0.274357482989399 -0.150226438112822
0.0222320314190492 0.0172506871958742 -0.0480258510360001 -0.236120237708731
0.00990989516854029 0.00921770257515146 0.0360858357376049 0.115017559399525
-0.00150979408631443 0.0290660382134602 -0.222275407978304 -0.00555333811546301
0.00556791472823179 0.00266928068290357 -0.293751932795909 -0.310494252624247
-0.00171024191210578 -0.0142472649682768 0.269987388932743 -0.572711917566403
0.00734372108524698 -0.0437650963181316 0.857235595638837 -0.0414218726757859
0.0170515247357804 0.000396019794075589 0.556627348383548 0.75024096921227
-0.016109935552339 0.0136547105664584 -0.0937254367660002 0.64723599854794
-0.027664709518574 0.0132917926540272 0.0537429944043683 0.00304474633678844
-0.0114093886454407 0.00127443673515295 -0.138320973858709 -0.607793644171584
-0.00234995338716868 -0.0122995198957481 -0.864579561086041 -0.34888682967139
0.00174382922502959 -0.00318591406675889 -0.674213990948556 0.603116104090583
0.00137184946347571 0.0347229855081648 0.231752826377508 0.707249651069866
0.00910038977098048 0.0312081076823341 0.501083757251033 0.158866043703015
0.0172116677914217 0.0284316585746723 0.271368147020387 -0.146978429548712
0.0283917287980925 0.0153763437092204 -0.0499544509396793 -0.231764252540286
0.0142118636661891 0.0105978838444889 0.0349047631491109 0.119440061006906
0.0103130064061242 0.0339048797504498 -0.221270481783153 0.0037888102602002
0.0134510106268836 0.0140864745998079 -0.307196674898409 -0.296353182153048
0.00138334480616081 -0.00466682612655334 0.235834776775158 -0.587447839653207
0.00806241202256014 -0.0439099794953274 0.848311451655488 -0.102756962820592
0.0294198470021494 0.00259552630469872 0.599663953975295 0.709632125816817
-0.00809860835329809 0.030725754296028 -0.0666892273136706 0.649494066990421
-0.0244130034763703 0.0327501693233616 0.0534793654897482 0.00950756260859341
0.000330730331718477 0.0139394413307287 -0.115573452698792 -0.613395247409012
0.00797567105947759 -0.0152323924973938 -0.852284962022712 -0.400648233403659
0.0039445759646408 -0.0041621837224622 -0.715440800715378 0.560415095543399
0.00799655555993145 0.0421513397748965 0.19207677586487 0.720657011315992
0.0196123753400126 0.0403792643858191 0.496490659467875 0.185052977826869
0.0313350289917543 0.032973500308177 0.27544973264136 -0.133546342134605
0.035315076829565 0.014910076908698 -0.0496796665917034 -0.224060248504285
-0.00291485647523737 0.0102283968159791 0.0332150890524197 0.16059867946201
-0.0386024595681689 0.0105238371426081 -0.213153909371349 0.072086300366926
-0.044333122950868 -0.0217310922880428 -0.433084236778421 -0.155301619510209
-0.0467762183512219 -0.0273922866604836 -0.105032460056426 -0.589059794000285
-0.0187961646691597 -0.0299814932471224 0.635536754260857 -0.48218862635397
0.00275297549229792 0.011613373752145 0.813956405945381 0.322818407708938
-0.0413257960539748 -0.00556298399876326 0.162012910438727 0.627489441780611
-0.0377027331657936 -0.0308752745888458 0.0738061399035163 0.0930550191843383
-0.0375448202489421 -0.0352387745873333 0.0872385878424658 -0.584248697585575
-0.028237372306546 0.00479883370742303 -0.610714086502505 -0.758200541689149
-0.00433878638146585 0.00245531130791901 -0.94924509400696 0.16647621761457
-0.0425456349393705 -0.00659560830967465 -0.163872592015226 0.742786918351995
-0.0460458065205075 -0.0187898223316701 0.406047055557118 0.354582665577939
-0.0341300418589161 0.0058213215258133 0.318545299563821 -0.0420034408156959
0.00470992150041693 0.0212484500136229 -0.0354287663104751 -0.187864444781312
-0.00552988809211263 0.00967045343176732 0.0332612109869863 0.148647410630738
-0.0436870846591279 0.00959584402914157 -0.219905825779184 0.0491753964951434
-0.045660547150323 -0.0276588328960051 -0.413259524110705 -0.197701959507421
-0.0424300164748671 -0.0357409184490186 -0.0217587646485586 -0.599809150004099
-0.0155648209690621 -0.0325592135527013 0.707032813604484 -0.393574889040843
-0.00573066368662865 0.0103095907806399 0.775734722492509 0.432662350139494
-0.0459359757745427 -0.0156670249934551 0.10271404337189 0.641902337340515
-0.0384451856811378 -0.0403041524463098 0.071090558853306 0.074430335157257
-0.0428667844262096 -0.040421765161466 0.0351390250577382 -0.594232869724447
-0.0316784743217888 0.00458006741358665 -0.690870336875799 -0.662304539021897
-0.00724645959092145 0.00168109613425027 -0.899208225287451 0.297358640938957
-0.0428024769603345 -0.00501512610905464 -0.0615780013376785 0.754311538621498
-0.0479584844183697 -0.0184552763027303 0.438979296608784 0.308817161867223
-0.0356746229311423 0.00578355860738269 0.313852745715128 -0.0706561258576854
0.00318278941028591 0.0211781546425537 -0.0380460600702453 -0.199756795084033
-0.0057376198277149 0.00769124597316994 0.0346692481325986 0.135448082928501
-0.0434565181939688 0.00905347194550622 -0.223954133258029 0.0281073542878035
-0.0399363276846419 -0.0308729153794656 -0.382893167217846 -0.240411576203365
-0.0330146447542737 -0.0389889274768141 0.0704950464937494 -0.599672098201852
-0.0123250157098427 -0.0359388871895518 0.769996473757078 -0.28399989497236
-0.0106073701090365 0.00620860889077451 0.716849231176568 0.545972940030268
-0.0455715519652224 -0.0238791894502701 0.04101351591624 0.649999677935362
-0.0379548852791954 -0.042162846100255 0.0671240041548695 0.052609047562506
-0.0458052384576452 -0.0379250077382967 -0.0243845599350114 -0.601523285575084
-0.0319378418477318 0.00273232693239505 -0.766227888964529 -0.55326024436811
-0.00837694443234984 0.00141660849995827 -0.831347981785705 0.422716217970911
-0.0398152283358032 -0.000264861891560275 0.0445374512845017 0.75083741364087
-0.0429569710872912 -0.0106493953303873 0.469339929916004 0.256142398163527
-0.0331803604815212 0.00879278009222827 0.304081365290817 -0.0990576325132107
0.00594104278659083 0.0201894293670745 -0.0405941416131926 -0.21274665503812
-0.00455587090298225 0.00753516532861793 0.0357630952834418 0.124870524640012
-0.0376810730809835 0.0113925581573422 -0.226241918172296 0.0100441988381022
-0.0294565393498648 -0.028902032825258 -0.348481044588269 -0.274824193681246
-0.0224041558003605 -0.038386374596643 0.158243242732482 -0.59119300196168
-0.00686879172241125 -0.0382832656066539 0.815520095807976 -0.175686247680623
-0.010059790693406 0.000505941967048109 0.649927427734888 0.6450888911197
-0.0399389628241814 -0.0233348698805387 -0.0195140735436108 0.651970740509
-0.0368844972333613 -0.0369748741993967 0.0635718025080148 0.0327244721690397
-0.0426582963432759 -0.032155511768605 -0.0770238968337185 -0.602290671918589
-0.0279498259212815 0.00120553894954534 -0.816608094345151 -0.450767208172036
-0.00764926743463119 0.000175656870516464 -0.756743452460371 0.521040644922891
-0.0328308500921113 0.00834295968453302 0.13819522647235 0.733326415660923
-0.0339135422953317 -0.000264487563598887 0.487759824507567 0.205019177452126
-0.0231575544618906 0.0142315223191274 0.291434586580062 -0.126618237085786
0.0102361189556038 0.0201215378296252 -0.0444139925774354 -0.223244882617451
-0.000464845266198128 0.00834914537723481 0.03636945623308 0.117278906812721
-0.027556257478777 0.0159075879276229 -0.224658309621768 -0.00212211274279101
-0.0174866433263574 -0.0225293191136528 -0.316969631062275 -0.298603167511707
-0.0125940132263866 -0.0340767614628174 0.225277532147382 -0.57654208367578
-0.00221067277702746 -0.0412960415572027 0.842857153804808 -0.0885024293985729
-0.00491473838075985 -0.00204278277394189 0.590933294733368 0.714929075640423
-0.0325567825684094 -0.0163898242700817 -0.0649457429751211 0.648640383166791
-0.0343511430176024 -0.0245938786104251 0.0584890457196681 0.0158236227403776
-0.0365070224423894 -0.0226382485333951 -0.117429663988875 -0.601929961798619
-0.0208387915750969 -0.00266845030781706 -0.84803692558722 -0.369328611164931
-0.00587350243776625 -0.000211199060283074 -0.695016760335147 0.585379067672865
-0.0211312553015994 0.0173256142375637 0.2073671805092 0.712880007965823
-0.0208970261915013 0.0108142161701833 0.498628030049545 0.166552346404695
-0.0111284301245874 0.0191168485404428 0.279583996854995 -0.144591885408475
0.0163450260078081 0.0178272319406895 -0.0472007244932769 -0.231865355512224
0.00400607235393704 0.00857520421205451 0.0362040065197198 0.113291916843087
-0.0136667430382865 0.0229601663467026 -0.223059296525284 -0.00624071067142163
-0.00539260379097319 -0.010145613866093 -0.296812384753349 -0.309249489687312
-0.00546778969456028 -0.024586079433009 0.262336712346332 -0.567752566445067
0.0030508780022691 -0.0429512408733021 0.853777982326174 -0.0463876493037787
0.0040405420514018 -0.00173761762266679 0.55976326097858 0.74803428994672
-0.0251700384617686 -0.00304288863312161 -0.0904120189891637 0.644570894332296
-0.0310390469646079 -0.00623096617408081 0.05549431145229 0.00451944162134369
-0.024576249342041 -0.0104807107170044 -0.142149162113867 -0.60003319562165
-0.0130691775423126 -0.00739505553581405 -0.86212213375534 -0.33081826821103
-0.00279990925068601 -0.0021000425872793 -0.660142961085901 0.613288525516501
-0.00965011098932239 0.0266448461097973 0.239642008210892 0.701321822729616
-0.00437571781746982 0.0217079576580798 0.50309246854744 0.148894822972186
0.00324227211509679 0.0239751752846646 0.271204182596017 -0.152794221049684
0.0228815211191152 0.0162340578215475 -0.0500987260009648 -0.233604510716162
0.0102172374764216 0.00986408467551775 0.0361268786665805 0.11372189364047
-0.000784256209036335 0.0288505449133068 -0.221106100310657 -0.00230720408093928
0.00472670101605769 0.00319058927398963 -0.295756456509956 -0.307842094388165
-0.00167265902259036 -0.0138913109555946 0.264023565123079 -0.572890322655127
0.00706012740238571 -0.0431903847731169 0.853944928235042 -0.051840949985832
0.0178073890782149 0.000606273554484062 0.56293846214473 0.74106406418868
-0.0164396076275759 0.0142121030245809 -0.0887820216173977 0.644861029789867
-0.0274570743894698 0.0137447387734271 0.0537984679618698 0.0019505189180583
-0.0113764405992754 0.00196998429526573 -0.145322194580959 -0.604153795565959
-0.00338038532567418 -0.0119256491589886 -0.863926078485507 -0.336009194331945
0.000851874330356769 -0.0032593934547673 -0.662969565257341 0.606585123861225
0.00211259191143037 0.0350713274047339 0.240174481713334 0.702228361185695
0.00942067473560199 0.0318743490954946 0.501307260880549 0.152618927633851
0.0188896082071293 0.0281036407193155 0.268805148630556 -0.149686979826111
0.0294830910779426 0.0141795972504332 -0.0516818892490657 -0.229909182517098
0.0140446514135608 0.0105630311964868 0.0344421543389467 0.119205435205505
0.0111195188042765 0.0334299233631562 -0.220404791223608 0.00794820195982105
0.0136426636922516 0.0147880755091455 -0.308196812138378 -0.29190299961504
0.00105506324545456 -0.00452312366830739 0.229571353989171 -0.590401046922476
0.00746016926295767 -0.0433426244332921 0.841842890605619 -0.110417931247264
0.0295774742236926 0.00257833372766218 0.604313591626998 0.700812395535697
-0.00832866812070496 0.0306279736222508 -0.0607954233514668 0.647495383612742
-0.0241677243696944 0.0330544611017422 0.0531428406538998 0.00895184841043963
0.000768469929320524 0.0144501722984569 -0.121662253276444 -0.608439532733952
0.00670770547417162 -0.0149286517357844 -0.849409967105271 -0.388533511500554
0.00478335772121548 -0.00465475611005442 -0.705350658368987 0.565887433433889
0.00842411838343106 0.0416369215403807 0.200051843848572 0.716189667037307
0.0195438566548406 0.0405429330938044 0.496805824778191 0.177123185219731
0.0321164018687072 0.0332054394551118 0.273486105326231 -0.135851794059299
0.0352108959073231 0.0130652612988554 -0.0517064836414857 -0.22150115603677
-0.00245253636927087 0.00914367113552646 0.0336649834376206 0.158609365300796
-0.0373875803551015 0.0118474200582889 -0.211583857689518 0.0744049571379752
-0.0457287508374605 -0.0211655963302906 -0.431096770843582 -0.149068190975528
-0.0466132503935643 -0.0274156402927778 -0.108931250511259 -0.586758120460801
-0.0193371773391762 -0.0301917822350497 0.626859872243394 -0.486241484396258
0.00254872754728044 0.0112859023834436 0.813037652483683 0.313848081969352
-0.0415943823230411 -0.00532210984399932 0.166615524945926 0.621980163204207
-0.0378147252523612 -0.0306272989836945 0.0730656435750025 0.0907265911784606
-0.038145994056433 -0.0342353734288437 0.0827525724200401 -0.579989066088029
-0.0282385142842644 0.00514903657285386 -0.613422473187068 -0.749315989410736
-0.00509762096484224 0.00201484828286278 -0.942624994840204 0.177579494794236
-0.0421970983894757 -0.00584400120119521 -0.153800679115801 0.742168015468608
-0.0468380813436916 -0.0175884099734025 0.407363794724346 0.348588443506952
-0.0328506168116876 0.00605659935835889 0.317053462343758 -0.045850274771486
0.00611606526505621 0.0208174885415419 -0.0373908401700926 -0.186350853905841
-0.0054246759847107 0.00884316480746179 0.0338446450762562 0.146155344436601
-0.0436790963198445 0.0098403494604293 -0.219049375339631 0.0519755276303579
-0.0451211994117094 -0.0269841067301544 -0.41208039127315 -0.191309827710014
-0.0425204971480243 -0.0343356286785955 -0.027773186444614 -0.597227550640433
-0.0162787873225909 -0.0329241652090142 0.698321415108676 -0.399190338144549
-0.00580476892719428 0.0100174072485969 0.773863978408152 0.422622421251244
-0.0452649271755661 -0.0148095213267354 0.109209265614824 0.637624430916937
-0.037637283431229 -0.0388054684966857 0.0713114461141809 0.0726858971307824
-0.0432012253754439 -0.0385847097423067 0.0302128936813498 -0.589711308366616
-0.0322375679675573 0.00473710132008273 -0.693406202965277 -0.652035417529516
-0.00760071155508692 0.0010882823527324 -0.893964160860206 0.303708858962592
-0.0426876459062165 -0.00503216710326865 -0.0520877864109241 0.75372235757042
-0.0484384057343676 -0.0167002433444025 0.441877961510647 0.302247764126516
-0.0355451661206037 0.00695580864188556 0.311272026147463 -0.074077468451828
0.00434752477265423 0.0203021024430172 -0.0396593722014386 -0.19860568798066
-0.00594757753181574 0.00826597878963854 0.0350496125531033 0.133056154530074
-0.043161010171148 0.0102867007465846 -0.223235557107794 0.0294630375881123
-0.0400670643418708 -0.0304121914415537 -0.382188197638112 -0.233810333511968
-0.0333676212132646 -0.0388070812592953 0.0658010152278906 -0.597965176279345
-0.0122774469041858 -0.0343497605553314 0.763851234925324 -0.292248748258317
-0.0103191927355104 0.00545675678746285 0.719169801330701 0.535637796662148
-0.0446760077709007 -0.0231247637833992 0.0456028884486874 0.644273899429943
-0.0378100056788954 -0.0408887683691507 0.0675664141588 0.0525995577573553
-0.0448748052943037 -0.0364803609523244 -0.0276533719770112 -0.597138611813498
-0.0312857552451676 0.00321899646559364 -0.765797196553272 -0.54246763639816
-0.00829524487215257 0.000966066282387414 -0.82164478369471 0.427171451200327
-0.0398411206874014 0.00110935948268602 0.0546592508651254 0.745501920752083
-0.0432268979499159 -0.00988453899811898 0.469682518741493 0.248485620827163
-0.0321318247442582 0.00950243843364544 0.302291730602921 -0.103466810840252
0.00737514132918308 0.0196553600249923 -0.0422087665089449 -0.211017010568143
-0.00505739146535273 0.00774356465959537 0.0357903135942143 0.123247047262243
-0.0374005351667757 0.0124758580288005 -0.224850459771211 0.0126545066647312
-0.0294378882447036 -0.0290750593820954 -0.348985395534298 -0.269977855972365
-0.023241621887896 -0.0377254709419795 0.151497744730877 -0.5903318254825
-0.00736283382480599 -0.037377484685688 0.807243921208959 -0.183489655715389
-0.0105634483789066 0.000959298444876373 0.651188824796515 0.634979517370058
-0.0393046626744526 -0.0232095340949941 -0.01395353479627 0.64838868063829
-0.0363569194997665 -0.0358704760852606 0.0627678766250702 0.0323930441336105
-0.0430104206196642 -0.0294484065954869 -0.0803046583118813 -0.597032014482017
-0.0290369515276035 0.000971842398194936 -0.816563900001112 -0.439379891625309
-0.00803495381924844 2.68898981266169E-05 -0.748464664323086 0.525748621932125
-0.0314684347898078 0.00887609264028462 0.145566112696648 0.729862944938654
-0.0338379730619167 0.000381976444456322 0.488401207763705 0.198668886963255
-0.0225912781416942 0.0143104589498389 0.289339549222137 -0.128849856246966
0.0106834981829014 0.0182508632092631 -0.045555266300028 -0.222585630389896
-0.000760864243473081 0.00824512018071307 0.0356832454375818 0.115298336363302
-0.026961766884662 0.0164966402009007 -0.223874974916363 0.000286923820805937
-0.0178342745962049 -0.0216315776678159 -0.316491593399175 -0.294404686643351
-0.0126130565469408 -0.0327404039153589 0.219731915242174 -0.576136318297659
-0.00149089840835935 -0.039901396520325 0.838311324470458 -0.0995286128241028
-0.00505591044090985 -0.00225914026416469 0.59617997218346 0.704590676765215
-0.0321726794691582 -0.0166665075238928 -0.0601739987497984 0.644262879081502
-0.0336878514185753 -0.0232792462211954 0.0583173622682419 0.0148114365742294
-0.0361845511406902 -0.0212446201611705 -0.12214235540337 -0.595778011662304
-0.0217000877645457 -0.00261335036251054 -0.845882492932564 -0.359769871093825
-0.00555981497410058 -0.000443140243862538 -0.684977759878981 0.588904991358078
-0.0206316506719533 0.0187979767654541 0.215773990123956 0.707133689697132
-0.0204717643801215 0.0108535733382059 0.498472880490234 0.160748814651081
-0.0101372754026273 0.0193177701746389 0.276016640026742 -0.147082422870653
0.0167131942226468 0.0173998204636762 -0.0489761048566852 -0.230165481561857
0.00456433014450036 0.00884711652891928 0.0358829267670027 0.111778228523835
-0.0135268535994949 0.0216124776805727 -0.222509962183823 -0.00394238567583724
-0.00604653541462601 -0.0104615046624652 -0.298796503433396 -0.304074328867203
-0.00583927050486974 -0.0248647879883416 0.255952929805958 -0.569090034462521
0.00277380294936382 -0.0420020601496365 0.846224293157871 -0.0532236623519743
0.00445482896551856 -0.00174726485280575 0.562651108421448 0.735868180754351
-0.0247236280813871 -0.00348931922834839 -0.0830630504508612 0.644111889687135
-0.0298567243084817 -0.00614941337898057 0.0552518638124115 0.00420794279068646
-0.0244979822698783 -0.00956886021806346 -0.146606014662037 -0.5940964652493
-0.0140506390421489 -0.00725261272940764 -0.858997617069778 -0.321300817742159
-0.00170603659767865 -0.00177442193700274 -0.650246313903885 0.617544306657795
-0.00881039759937823 0.0262972244147196 0.245171556524774 0.695540260107128
-0.005217382512231 0.02149891751227 0.502847558991584 0.142655176962421
0.00499952320346256 0.0238439180758436 0.268162000142315 -0.155205799585259
0.0235398769979204 0.015356041312482 -0.0521311504880377 -0.232066996432238
0.0097205657500769 0.00963649581664487 0.0344956644854297 0.113430779112242
-0.000178607436049063 0.0293852110747168 -0.220359962418596 -0.000313909608975177
0.00482231234439429 0.00290804383517948 -0.293998859080206 -0.301676258952272
-0.00174297312536821 -0.0144637614150643 0.258226814424615 -0.573908954851395
0.00596028910390033 -0.0428550654158564 0.84723289149561 -0.0619788470090658
0.0168024428670527 0.000477569272246382 0.56631074747037 0.732087968513379
-0.0165459821400839 0.0133294129521119 -0.0818588135557113 0.641477762446965
-0.0265877147069414 0.0134936745746069 0.0528913324829478 0.00300892534568504
-0.0110776496869885 0.00236685356464825 -0.148922878545034 -0.5973290950202
-0.00391392880546859 -0.0120732246164047 -0.861218412898913 -0.326753983497344
0.00121210796456028 -0.00388431733817376 -0.655030043974281 0.609712804057819
0.0030971088654908 0.0340727835339643 0.245128186872831 0.695485263060965
0.00889666351722426 0.0319454127359328 0.502466011003706 0.146854707259516
0.0199676580557994 0.0279123145649325 0.267687663997053 -0.152427622448723
0.029342738568407 0.0134628586348596 -0.0525717082422832 -0.228677751765105
0.0140734898995663 0.0104091494513049 0.0347446168892618 0.116955914006139
0.0119189429361875 0.0340755878550817 -0.218733633396647 0.010257600218898
0.0129193607256901 0.0135692142847539 -0.308100048050384 -0.287101997940302
0.00073274061291554 -0.00450534587755258 0.222586731276204 -0.588235759833501
0.00808089214881682 -0.0433810430860604 0.838206765758417 -0.119389186608994
0.0297235593961928 0.00177198108090804 0.607907444089748 0.69082491459992
-0.0079627777382918 0.0299331747436187 -0.0539060913769661 0.64402788520447
-0.023331167140875 0.0327773005092334 0.0518300482852109 0.00859933918077667
0.000572127729740891 0.014869327361104 -0.126504844718064 -0.601625609889082
0.0059899113892388 -0.0141512843176241 -0.848914910316761 -0.377307253327676
0.00402352278218007 -0.00527912895606743 -0.697331312768763 0.570363418932311
0.00825555545223029 0.0419466685991862 0.207535514589522 0.70943501821595
0.0202586677521422 0.0411244926240392 0.497842168198606 0.172798720723364
0.032751821912013 0.032064327491742 0.270947483709834 -0.138003171563281
0.0356453254286234 0.0120862571656979 -0.0537332550787921 -0.220637349860144
-0.00229775150833508 0.00984484739875721 0.0349078200287076 0.157800517850413
-0.0372926592143027 0.0119800298323312 -0.210810527775321 0.0764026763926389
-0.0451910853772968 -0.0210164790000987 -0.428630320587655 -0.144878921594051
-0.0472795441296283 -0.02696837829611 -0.110741814247489 -0.581363924479503
-0.0200783554543536 -0.0293514429687226 0.619406631473525 -0.489561184545914
0.00323084882843559 0.0109779470505501 0.80857231805085 0.304216640936919
-0.0409931052865293 -0.00460545087766822 0.169786109115201 0.617828332186746
-0.0364931116171091 -0.0297186942904635 0.0739306398485916 0.0896180578746346
-0.0380279730138122 -0.0327685762009258 0.0773649420334433 -0.576088947066388
-0.0282828942637681 0.00554120218543615 -0.614806495458506 -0.739817722640799
-0.00407215525773563 0.00236304278433277 -0.934874705078249 0.183393073620404
-0.0417529576565705 -0.00556646250947045 -0.14721646463022 0.740325990364231
-0.0465859843809022 -0.0169914943084077 0.408830296032536 0.344187242999312
-0.0327705349130322 0.00716820541560182 0.314715606818287 -0.0493238444043111
0.00707375097216311 0.0199654571183427 -0.0378461740831453 -0.186127352081337
-0.00487962597233926 0.00923724254456694 0.0345463001343886 0.144957203382773
-0.0430471938515339 0.0108190499754913 -0.217700708298675 0.0542908231569475
-0.0447107148378179 -0.0269481341537107 -0.409473726601639 -0.18730975086963
-0.0427952991609166 -0.0344516831305669 -0.0306048054000592 -0.594306969870995
-0.0166170431172395 -0.0307899228430674 0.691677975749377 -0.401365891005663
-0.00599958674680248 0.00931557901937736 0.77328146645306 0.414238137005986
-0.0458978620501572 -0.0155176124499333 0.112138013567714 0.63275958380989
-0.0376256937997825 -0.037944154297915 0.0704344598355102 0.0714935361555867
-0.0436412739991492 -0.0360218438530882 0.0254403330681392 -0.585750426198662
-0.0321921020133738 0.00519515710760569 -0.695029968630762 -0.640945324374791
-0.00616253127511024 0.00190316268839698 -0.885361045841939 0.309759393239119
-0.0415613631363699 -0.00500085264098402 -0.0457358847355044 0.749866994502204
-0.0476892742218937 -0.0161440746449878 0.442376844983866 0.296537524214438
-0.0345298096284892 0.00706919352726334 0.309575005242274 -0.0755128786391529
0.00611870622416512 0.0195530607521692 -0.0411240287327417 -0.197525033848926
-0.00483761390382895 0.00774573164447802 0.0350593621924731 0.131643081534392
-0.0418792455264212 0.0110103702699478 -0.222274573545219 0.0324253845592513
-0.0398463617001944 -0.0308741756700355 -0.379060843297589 -0.229183495859569
-0.0340585179433672 -0.0387587718192354 0.0600278311919689 -0.596501607216668
-0.0131894042557888 -0.0347137266456402 0.756699006068816 -0.296079014925582
-0.0104856647877341 0.00582918425399705 0.719206952193164 0.526374763313862
-0.0448214224284459 -0.0212690253066106 0.0501242639970708 0.642456017110887
-0.0371143025464189 -0.0402095313373517 0.0662584196783 0.050767985819284
-0.0458530429587436 -0.035120896931273 -0.0307165161322262 -0.591109815195049
-0.032438830926624 0.004388880953374 -0.76652067923227 -0.533578310968436
-0.00754434482961776 0.000635872080808699 -0.814316215277275 0.431135021568278
-0.0391538809095929 0.00181793336007179 0.0601745037650698 0.741748736398094
-0.0443032203188899 -0.00935260711297028 0.468126934517976 0.243369448198617
-0.0308963222938231 0.0100529728337481 0.299823986695822 -0.106070148219155
0.00793180361347981 0.0191674382368669 -0.0428334298130464 -0.209654642276767
-0.00370426476491027 0.00807071438791841 0.0355413428414721 0.121446631189447
-0.036629702315365 0.0123992705146598 -0.223865891376461 0.0147978026976001
-0.0301991127371428 -0.0297300066783079 -0.346158066889564 -0.264893130328508
-0.0225413715067403 -0.0367011696855371 0.148979048466895 -0.589253999826814
-0.00753733499473789 -0.0380531994071786 0.803823077116007 -0.189767221120282
-0.0106611583349234 0.000234663743002418 0.654606145411032 0.627000888816871
-0.0396733077389617 -0.0237240845736964 -0.00895736234940821 0.64465478550508
-0.0354995155228538 -0.0344643563168437 0.0618382523591356 0.0311163014799642
-0.0440282124326922 -0.028955781425927 -0.0835776654811943 -0.592958844999515
-0.0285199004321144 0.00226558200417336 -0.813981057543356 -0.431333998019664
-0.00680154603346515 -1.69268985491505E-05 -0.74001776883307 0.528495240278832
-0.0313963380008842 0.00928072812109315 0.15229205714106 0.72158863849354
-0.0335808203937955 0.000551812246282212 0.487264153236522 0.193093677815059
-0.0225637263760294 0.0148874840916446 0.287828152220244 -0.131495968259641
0.0123166810708897 0.0178181267373715 -0.0463853379355523 -0.220742113424009
-0.000428440742836256 0.00768041162267382 0.0362045977859576 0.113968496098006
-0.0258403759533245 0.0165541991745669 -0.223154817116783 0.00399415698909743
-0.0174739388810937 -0.0215273994544896 -0.315447782508438 -0.289174229405255
-0.0128969003405733 -0.0321462608100872 0.21549184769748 -0.576630100515607
-0.00268657526735794 -0.0398235565108779 0.830229806926946 -0.104127935109447
-0.0052287909360736 -0.00211025662684831 0.596664034548573 0.697564455196977
-0.0319952111891803 -0.0164639688038466 -0.0559201489449059 0.641886698795378
-0.0334076746567786 -0.0219821725737346 0.0580769868629017 0.0146220509989279
-0.036300714744778 -0.0201111512662747 -0.126641030913739 -0.590959651498861
-0.0221432544885296 -0.00183444214434226 -0.845111933302588 -0.350131173207116
-0.00543314101638557 -0.000773189631848296 -0.675118894968674 0.590671594662482
-0.0205136848805863 0.017678333727671 0.220189215198678 0.701832678409002
-0.021033871051119 0.0112171583087541 0.498426099228512 0.156225962789471
-0.00922867253105178 0.019274059307757 0.275771669101105 -0.150459027927964
0.0183182655920241 0.0154901111340972 -0.0508362252283544 -0.228724755982171
0.00450408964039788 0.00838407260383164 0.0360254756564861 0.112044478365434
-0.013044694331212 0.0228096425512028 -0.220429729405378 -0.000394824889613631
-0.00538941520854442 -0.0110843710174712 -0.298306699457782 -0.30090483079907
-0.005868169209961 -0.0238628547632072 0.251829405282984 -0.570016489898238
0.0022822879807251 -0.0416063630136872 0.840944609636369 -0.0600482297523775
0.00427337497675794 -0.00147758588245698 0.565785502167944 0.728943709579024
-0.0246369014914316 -0.00284209681444324 -0.0769910574938497 0.640460687876365
-0.0297193066338202 -0.00557486501129035 0.053570202102082 0.00428044256234429
-0.0242299417483156 -0.00922144257538491 -0.149871092191563 -0.589879211279826
-0.0143064763445957 -0.00740928242258445 -0.858164450539551 -0.311706197179178
-0.00183100262818791 -0.00239645021049408 -0.641206394030416 0.617745979584186
-0.00825750588718385 0.0271880281802344 0.251696668453346 0.689824504388995
-0.00437542279852058 0.0214078213003778 0.502168833158397 0.136730979409772
0.00497642785559477 0.0235520861929293 0.266114519314545 -0.158262182281871
0.0243312917528026 0.0141320911930033 -0.0522071523390523 -0.230341333302191
0.0102069930144936 0.00980655776136024 0.0353600709383209 0.110965889934982
0.000251598601946134 0.0290235074273869 -0.219660994284194 0.00179837336467572
0.00413469241231757 0.00222538946903604 -0.295577984308033 -0.297575054126398
-0.0012517319589037 -0.0138237129550179 0.252416657054732 -0.573528101563856
0.00573531638493667 -0.0431511481813477 0.844537035092757 -0.0697724506423519
0.0162414584123144 0.000143246355751501 0.567869653367584 0.722923859966159
-0.0166566403822168 0.0146943165966791 -0.0784359003157828 0.638429788133194
-0.0255171403249952 0.0132787800940876 0.0510957733676005 0.00195003408886843
-0.0117236273171989 0.00320980193442768 -0.150631854441212 -0.591175122303701
-0.00369673794450585 -0.0115593217678278 -0.859419745357924 -0.317940725781514
0.00139073184833047 -0.00437508543153504 -0.644382542215215 0.612067961778971
0.00218348630505269 0.0343497695711627 0.252275337148784 0.690260801682441
0.0086870820663486 0.0313857464226421 0.501619438419692 0.140952282944745
0.0200996916258066 0.0280449545186203 0.264132336998357 -0.154295614774529
0.0301246419448673 0.0111695795672533 -0.0535737415250621 -0.22646366064511
0.0146081908709673 0.00992789018655442 0.0331795969676497 0.115693925593708
0.0117247989797582 0.0325076697170926 -0.219164926929185 0.0128801192486145
0.0135450458151473 0.0134239793955053 -0.307205758973369 -0.283220479246748
0.00172460892557465 -0.0038559946192165 0.216114988143636 -0.589805048503896
0.005706207203518 -0.0429674184133156 0.833138701320989 -0.125739882865542
0.0285139414577821 0.0015136213905556 0.610450176655514 0.680314681965224
-0.00770640215272313 0.03065507000289 -0.0494388738916448 0.640427428999127
-0.0222521039558059 0.0320919477647227 0.0511036213454228 0.00821945811052491
0.000229298005194029 0.0157008710828596 -0.130737072899557 -0.596729984781046
0.00555974273231503 -0.0140200717782969 -0.847446120149719 -0.368225231197067
0.00458799431403711 -0.00540298881007624 -0.688227139302734 0.572141748679258
0.00910965431342651 0.0413111309888888 0.211801156637597 0.703661986766464
0.0202928490493919 0.0408488545944702 0.495659525348598 0.16579141044695
0.0330435435696556 0.0313235221369146 0.2693201476675 -0.140572220772393
0.0349400601661298 0.011597338004441 -0.0539232541628027 -0.21742599571988
-0.00202467530698656 0.00971978084495935 0.0345793956935037 0.156168686667638
-0.036470423629026 0.0120768868569736 -0.208952629038367 0.0774960543145865
-0.0446111292647126 -0.0209960493111005 -0.426145346946646 -0.140652614797931
-0.0460486719058633 -0.0262247423268539 -0.11486556757454 -0.578462542335538
-0.0190785678178538 -0.0280035045138162 0.613530932664351 -0.490311762155169
0.00249697293191665 0.00978552548958531 0.805153083163507 0.298667906070243
-0.0406900703487428 -0.003775487895302 0.172730007381383 0.610865510824458
-0.0361413183328121 -0.0291640190688821 0.072294626264974 0.0889359035285815
-0.0384104444090414 -0.0314280719032649 0.0733424438442914 -0.572396383371099
-0.0283328283043062 0.0048467652971462 -0.615804358356968 -0.73116871065385
-0.00408249033569483 0.00188226729705192 -0.92891940313597 0.188309480006939
-0.041735169502833 -0.00581120491079249 -0.139497088615523 0.736367510246566
-0.04737676082463 -0.0158081069753571 0.40812256507425 0.339372969767637
-0.0306170839586231 0.00756885927467862 0.313124055512509 -0.0515192980105137
0.00823009713683672 0.019945545583673 -0.03821905817114 -0.184745505542027
-0.00466246487819178 0.00838135174222515 0.0336512641738779 0.144402839574486
-0.0411148361190681 0.011378973085677 -0.216283412941542 0.0558456163965034
-0.0451306474767399 -0.0269447816390776 -0.406858424409496 -0.183308721496509
-0.0416998679041047 -0.032723052368525 -0.0350173181874634 -0.590486589294615
-0.017450517552112 -0.0310881764945892 0.683673063611891 -0.405200434293932
-0.00641165365456677 0.00948470678354791 0.770807384155317 0.40640631299851
-0.0464648936534703 -0.0147762458420795 0.114482369631244 0.627560998466116
-0.0370510859790461 -0.0375654583361233 0.0692141805662585 0.070689927816232
-0.0437508891094444 -0.0364351375183224 0.0213912669341075 -0.580550910734793
-0.0324445877540428 0.00426494382001907 -0.695456729739574 -0.634753419808301
-0.00586277050135058 0.000988759230859945 -0.877442920901395 0.314422612606421
-0.0410882679372715 -0.00479693950283175 -0.040816909907269 0.744470757452904
-0.0476809916373924 -0.0142874583926656 0.442743720586587 0.292834364169893
-0.0331401475924745 0.00715107223430441 0.307215535966258 -0.0787739898262775
0.0073094016157289 0.0196497565001303 -0.0398233077954324 -0.196548271910052
-0.00450857403129314 0.00808801678841941 0.0344835894746053 0.130734737788175
-0.0417497172969248 0.0112214310973311 -0.221844408016323 0.0353548250882378
-0.0405234357588425 -0.030207066962961 -0.378705001593723 -0.224214965857667
-0.0338785229539695 -0.0370456882634995 0.0581377549052026 -0.595116500618953
-0.012855066847824 -0.0337862459719553 0.749327609743981 -0.300933414636222
-0.0108490153493538 0.00455311697501249 0.718199458605898 0.519301800692032
-0.0454074507732666 -0.0220196530443065 0.0540450091236458 0.637089180647858
-0.0371640722722463 -0.0399005861072223 0.066142965989234 0.0506933082778839
-0.0463902679781005 -0.0343971219043728 -0.0366442454440246 -0.586932730660912
-0.0324817524398826 0.00457819190083025 -0.765153803155875 -0.525855561571529
-0.00773777865418313 -7.33426368666398E-06 -0.80823665336071 0.432973788818085
-0.0392907202950937 0.00215991610368178 0.0656097316122862 0.737840542450658
-0.0440491276883852 -0.0085359965605918 0.469486837667507 0.239895118159261
-0.0299146392133322 0.0104679476894436 0.298363575024997 -0.108077361415031
0.00851080617706246 0.0186885166140205 -0.0444194203740613 -0.208035710301274
-0.00366313681263858 0.0073839197286699 0.0350914739753265 0.120123955889046
-0.0359473036804137 0.012733960168796 -0.222604624267248 0.0170027681149058
-0.0312562506861142 -0.028409758011044 -0.345938815475818 -0.26128987090307
-0.0231607031299186 -0.0367390325485067 0.143737131733058 -0.589522619022885
-0.0079642148748266 -0.0368644463824759 0.79738505747713 -0.195673033856927
-0.0105070127954994 3.99983752819126E-05 0.654071133264326 0.616640189903948
-0.0403382970309376 -0.0227701627194684 -0.00627304130173159 0.642417881198102
-0.0354571507725978 -0.0350862264124214 0.0615281988447338 0.0306708821406149
-0.0440220489244025 -0.0279451519426032 -0.0876765366379413 -0.587496831395098
-0.0295246503686255 0.00196784170293144 -0.813171354860982 -0.421673166705084
-0.00687887984521987 -0.000696063372361923 -0.732719467137004 0.529622941869071
-0.0301548936418347 0.0100133729245131 0.157269109931101 0.717629323467873
-0.0340721491563523 0.00120756059038913 0.485655870392718 0.188676062519955
-0.0212476942842271 0.0144988255931581 0.285238307792312 -0.132765357082371
0.0129984048495895 0.0174039908411756 -0.0477051003236839 -0.219221342809715
-0.000284672709913809 0.00829195018181025 0.0353566167080314 0.113173834539195
-0.0257388202496735 0.017017348705485 -0.221403699018369 0.0063578594012075
-0.018157030142631 -0.0217139777688461 -0.313564760652842 -0.285269588471836
-0.0129687224835846 -0.0326205041529038 0.211898435758355 -0.576873654680046
-0.00285608224358926 -0.038815910939388 0.825082955883941 -0.109786539260848
-0.00573054231197746 -0.00280365330215935 0.598602145897198 0.687005424609324
-0.0330150559779528 -0.015464846756525 -0.0510878446867517 0.637886155062785
-0.0322214705800623 -0.0233270543891522 0.0570895479785354 0.0141610908270394
-0.0366715227717741 -0.0192958492208517 -0.129607090628887 -0.586416766598492
-0.0221916482809372 -0.00111571714809045 -0.84137245719272 -0.3427992594607
-0.00525665648369793 -0.00123264729967353 -0.668299586742362 0.591808417323271
-0.019912353002016 0.0173554133099676 0.224377349880325 0.698061479208642
-0.02078877507968 0.0120428810091536 0.496245530932237 0.150481197653127
-0.00838777697011877 0.0198816899794644 0.273166235005311 -0.15178871882203
0.0189896957659867 0.0155595060158928 -0.0515063897871068 -0.226587034953207
0.00549131765666107 0.00776623421193299 0.0351086700142376 0.10922369138974
-0.0126709495862804 0.022859372304331 -0.219750526567736 0.00111129406320689
-0.0067763788204016 -0.0108196253682473 -0.295827236111126 -0.297066252757854
-0.00531549052120154 -0.0238954688369851 0.248136986233513 -0.568569933140293
0.00213799282555481 -0.0412746809508329 0.836952183682261 -0.065696364737637
0.0037696085020834 -0.00288427165806759 0.565750991633155 0.720579001127748
-0.0255212122044527 -0.0020904984517819 -0.0745819896930711 0.638046143314959
-0.0292806520770158 -0.00523372093405984 0.0532187228215097 0.00341117296672563
-0.0246107831296584 -0.00692725940857565 -0.15101392601735 -0.582426291935462
-0.0151049594484028 -0.00602713703587884 -0.854180675947874 -0.304940980309863
-0.00186333837005473 -0.00137855958598007 -0.634804860581831 0.619900905455076
-0.00674806999940186 0.0269889999614273 0.256971493934647 0.683636056040235
-0.00499793350119257 0.0224041642986313 0.500537211095009 0.131609502323258
0.0062444897177542 0.023788753253965 0.264141994989926 -0.159726654688855
0.0251840195293099 0.0125905351263092 -0.0539173141575492 -0.227725478485882
0.0101778406928491 0.0084816343600444 0.0354287143361682 0.10990410816968
0.000548266251529271 0.0289358372686934 -0.218963853212954 0.00453783384626156
0.00382923327525077 0.00195512419020128 -0.293899519051204 -0.293666821888932
-0.00193728896864071 -0.0140952674872801 0.246926691242903 -0.576766247007404
0.00513510788002134 -0.042082780845325 0.838353744643202 -0.0736460973606236
0.015781383814286 0.000438189279615321 0.570210941464508 0.714788516650638
-0.017073559277768 0.0148109070804189 -0.0726510154745451 0.635493000979991
-0.0258100658362193 0.0143753664013551 0.0510726383818192 0.00186872962431021
-0.0116568860795536 0.00410359778559064 -0.154015314799651 -0.586397772636986
-0.00496292818229463 -0.0109235138893268 -0.856426491204762 -0.309442014097449
0.00205596561561492 -0.00413111068465475 -0.638181211234892 0.610901006737659
0.0036711186729001 0.0340906384184162 0.255285510932224 0.683604174858985
0.00896503306530788 0.0313879064980416 0.500113338631718 0.133738556564663
0.0220771626130634 0.0264471060127207 0.261566190846249 -0.155718106615411
0.0304660401599843 0.0114260369317371 -0.0552767316085822 -0.224013180070079
0.0143428158705868 0.00957020913549596 0.032334515734687 0.114940784692423
0.0132581148296064 0.0339183064295115 -0.217135194798873 0.0144119295130569
0.0124601979026202 0.0131819463603179 -0.30543686336152 -0.279098549994703
0.00112710406555427 -0.00397681361992955 0.212127358358637 -0.588927571826941
0.00662737624249399 -0.0422283379027745 0.825983557554904 -0.13179759466681
0.0287045654232547 0.00165463643340027 0.611881302678743 0.672797550103196
-0.00844341551974745 0.028891478792012 -0.0457070582735349 0.637431364576063
-0.0220590896125452 0.0315768279942697 0.0494698844566111 0.00854343906869997
0.000653375541323723 0.0167746907227459 -0.133719605436766 -0.590828093188126
0.00568116151024492 -0.0143177579028127 -0.844062974877335 -0.360201007472226
0.00395467211739278 -0.00575510102158644 -0.680038982436705 0.572995607244863
0.0103517963535476 0.0409995115550278 0.218044079804878 0.698504758546107
0.0190584690544526 0.0409392964691601 0.49510677690002 0.159635791307393
0.0336532654222182 0.0310447475974677 0.268293709638081 -0.142506260211724
0.0355140086824648 0.0103108872960215 -0.053429648409461 -0.216621436773319
-0.00571598286964752 0.00827254732591035 -0.0347124941484545 0.155477877844629
-0.0378861862884149 -0.00440387745612645 -0.223119020916234 -0.0151790694267019
-0.0327096712448825 -0.0384791358160011 -0.32741262033075 -0.305978960622339
-0.0307359358794292 -0.041203469095666 0.138100698225279 -0.577297023500193
-0.0114441823963692 -0.0308798667270123 0.762364242308833 -0.179506684167199
-0.00519989282919862 0.00891760716056612 0.594177477788766 0.611870363225692
-0.0357181972780744 -0.021126591765836 -0.105472228234628 0.624445711065339
-0.0200284709517537 -0.0408007503326114 0.0279495323317365 0.109605669335383
-0.0243397374529208 -0.0464950207786062 0.30746345904439 -0.481432958204343
-0.0350337583888061 -0.00372993171290067 -0.246963703221094 -0.920461678110616
-0.00841186087881772 0.011402243666254 -0.908638420761765 -0.224042795683054
-0.0266515045847643 -0.0153103117060803 -0.440642887058204 0.603924727840275
-0.0293479482916717 -0.0348681762810899 0.223648964977135 0.473404426705018
-0.0260168683616624 -0.00946044298095816 0.304379319547149 0.0795690534532181
-0.000421811365903425 0.0180181844954618 0.0424748441132485 -0.182930137236916
-0.00806713044717965 0.00647148875970626 -0.0293385618528017 0.144473956371283
-0.041134347424278 -0.00759619992526514 -0.220847566412174 -0.0390650485335106
-0.0304993681047498 -0.0441154630452908 -0.292485165984463 -0.338353656727121
-0.0228879666789558 -0.0452843407212559 0.218795748231489 -0.55508516920764
-0.0080732787258341 -0.0336331172834936 0.78802357601634 -0.0727655908483194
-0.0116740022961993 0.00377237429330705 0.516956445022339 0.69188004282539
-0.0350417179097188 -0.0311603087841076 -0.16686823087141 0.614722621761557
-0.0170652669985082 -0.0488919467510758 0.0328282207733212 0.0928705976405309
-0.027165348051688 -0.0529292339613295 0.263898263007216 -0.510538111978948
-0.0378682534041923 -0.00441978709814115 -0.360038470503387 -0.866579630752238
-0.00833366126302305 0.00940765433010769 -0.916311724271866 -0.0889000570721052
-0.0277670886781668 -0.0156496401133003 -0.352148755209572 0.652626521006533
-0.0314098269787806 -0.0355477789679338 0.272308709829627 0.444178725092913
-0.029617862170278 -0.00997944013782036 0.311174943916335 0.0537883001266479
-0.00136689671208654 0.0172658251597011 0.0453845995376422 -0.195005224635575
-0.00822721759450958 0.00452300194930836 -0.0241765206928165 0.133034568957853
-0.0408003964482388 -0.00882095824529525 -0.216188172372519 -0.0599545871921378
-0.0243105794016069 -0.0449407654681291 -0.248252893459314 -0.363595936022791
-0.0150548949583249 -0.0459308524570718 0.304010636553646 -0.51897572853439
-0.00384122683076099 -0.0358367147474421 0.804859730914269 0.0487877700152985
-0.0142465277126545 -0.00262540482551575 0.424564580395586 0.771260923650288
-0.0316807839184373 -0.0376477346591902 -0.226412061013647 0.598743703377089
-0.0165606802356556 -0.050847783845927 0.0372040645738592 0.0730841565704705
-0.0304622986234034 -0.0521898122397958 0.215000282041917 -0.540194316547125
-0.0369665730589828 -0.00472380339209331 -0.469539758041918 -0.798049268680479
-0.00727340648235136 0.00836888558799774 -0.902702200915076 0.0464172335326907
-0.0264878539274356 -0.011161181851086 -0.255059975821036 0.690609285901701
-0.0302680791499295 -0.0282114595625635 0.317809984260356 0.410058739646292
-0.0280287183887344 -0.00589748110384946 0.313400979599744 0.0227412684433845
0.000223238521407491 0.0171636082559561 0.0474428656301031 -0.207378811795759
-0.00688734060439757 0.00530857131526399 -0.0186379684841726 0.12457134767156
-0.0365710072721023 -0.00415582781574566 -0.208857653382212 -0.0765684838022214
-0.0155573009017944 -0.0397311800207454 -0.202047843385038 -0.382959965727487
-0.00572328137753879 -0.040865791806243 0.378377220775448 -0.477129555500826
0.00138909845446496 -0.0363887066953932 0.799006575016679 0.166252464230391
-0.0117285071748812 -0.00611184258232614 0.323570484329549 0.831506255361292
-0.0271105562407458 -0.0369749652376807 -0.27998886547669 0.575587245202744
-0.0175210830839475 -0.0454274178862723 0.0411487383320886 0.0536761899502584
-0.0317430462802815 -0.0462366654210193 0.168228996451443 -0.562812597864229
-0.0338730815329204 -0.00430776638558462 -0.556386676859577 -0.726589772735029
-0.00558482055339666 0.0075263655116442 -0.875570839156869 0.163759223639967
-0.0220843209035056 -0.00183397537485521 -0.164244783678973 0.712530122872818
-0.0247215580865875 -0.0161048810952754 0.355342408785545 0.371796137091551
-0.0215368417685841 0.000962189535635764 0.312376365656207 -0.00432101166556562
0.00440606128544753 0.0174155813324628 0.0491734926707945 -0.21881336164308
-0.00385321768807713 0.00715480241678793 -0.0157391596491064 0.117200577223494
-0.0294810937561048 0.003577275825713 -0.202645582171076 -0.0869958800920845
-0.00790576083896366 -0.0290006651764561 -0.163352322440372 -0.394366137251802
0.000597112853993948 -0.0327735464567711 0.435593475792985 -0.439063803192408
0.00738552491508643 -0.0370894518721358 0.790436184636897 0.252698909412865
-0.00625436392686917 -0.00759401889007367 0.242526955652141 0.872016457978129
-0.0242903595665184 -0.0274478979062272 -0.318222148633574 0.554110299717643
-0.0203367121336858 -0.0336332374579802 0.0448803642425727 0.0371247434185201
-0.0271471352873607 -0.0334100967246297 0.130169724636467 -0.578429109579896
-0.0252781311559054 -0.00478608463877586 -0.615180417233811 -0.665562553026944
-0.00246921039895841 0.00688224440277923 -0.847555832529349 0.246467252166866
-0.0157893299429958 0.0102361221466309 -0.0936238192401358 0.723052516236338
-0.0175082238124682 -0.00152470688865797 0.380225902566223 0.343074719022755
-0.0123450184922073 0.00931549834655055 0.307745042661381 -0.0253705114130154
0.0104853032077675 0.0173476062068257 0.0476576720992486 -0.225932132822903
0.000266816079400418 0.00992469551689033 -0.0153010044636489 0.113269827891799
-0.0209329140594176 0.0143921108741289 -0.199680015167861 -0.0912638505011487
-0.00191364654632724 -0.0138658610321098 -0.140888822357374 -0.396833211288099
0.00316467382447034 -0.021830334489372 0.466856265404811 -0.417624766000293
0.0118801008453715 -0.0371521638263733 0.782005793395492 0.296506456255719
0.00260279502428884 -0.00314469839094247 0.201476138908836 0.887568860620054
-0.0225836335590774 -0.0134154581321158 -0.338194476487441 0.544152399961465
-0.0235339918622405 -0.0162234226004783 0.0450750534898452 0.0260240943901043
-0.022826331818007 -0.0181378713406804 0.10912559784351 -0.585908623140968
-0.0155462134985908 -0.00603301872928431 -0.642740963097986 -0.638192853710577
0.00161695173970328 0.00694433786137538 -0.827113946680504 0.284213956223991
-0.00775030009655241 0.0220042032998962 -0.0601886369979328 0.724003985970488
-0.00788474181894485 0.0139489540915723 0.391103797791746 0.32782787031321
-0.000156204234180899 0.0192649464594116 0.303828381373684 -0.0346355279765889
0.0173548228026622 0.0176244599854223 0.0478191447290232 -0.228461734034526
0.00473214401871454 0.0129197330753753 -0.0163895645726774 0.112787751382983
-0.0116793069855667 0.0271130394751006 -0.198129792123909 -0.0881815888346525
0.00135416804283343 0.00288797701513101 -0.137729971939166 -0.394250063343241
0.00347476634773181 -0.0117431515575803 0.469783247563787 -0.422303574157129
0.0159830231839549 -0.0368303355231361 0.785129696181705 0.29129698499418
0.0116266832639129 0.00316632569022829 0.206732625223299 0.883368338785352
-0.0222409084756053 0.00663782872754608 -0.335004762263592 0.544293638797665
-0.0277317840569165 0.00259152914678422 0.0440185410230075 0.0230692916354857
-0.0163807274696318 -0.00285905253744927 0.108921729224527 -0.590127369156175
-0.00503305339319862 -0.00511221932936447 -0.641477228129333 -0.642062868766794
0.00511665291990832 0.00810955439665771 -0.826639650591528 0.275157282134198
-0.00109417524565551 0.0334308930389114 -0.0610409104164238 0.725313963679172
0.00215536040453252 0.0287093859216334 0.39114780215531 0.331938880452801
0.0108665699839401 0.0279496824237079 0.300291394854553 -0.0326033127481788
0.0228500162220564 0.017699658277449 0.0443216805690787 -0.225492459790029
0.00826570735930546 0.014998239114566 -0.0197116621354296 0.117417557989873
-0.0025316134310713 0.0349334126298778 -0.200810188220119 -0.0806833902117958
0.00476781602957768 0.0157357983830903 -0.155743257427999 -0.38574835326418
0.000984232702668258 -0.0019130116131993 0.444455247724573 -0.451929858504016
0.0172886646253305 -0.0352001359838349 0.80184984782047 0.233216823458185
0.0228489491336098 0.0110246911775536 0.261373644193038 0.861572418921564
-0.0212143665213598 0.0234998464445481 -0.312611241462889 0.55735667235343
-0.0321498909118017 0.019990027109723 0.0412298289824654 0.0289287256836429
-0.00931866479865459 0.0120408485660595 0.128665908221951 -0.585897555455671
0.00576378820169075 -0.00455426515460117 -0.609637521016681 -0.681829327963802
0.0084250830096293 0.00659031208245241 -0.849110027679707 0.222868287189331
0.0026478467269661 0.0424768131741365 -0.0998311496774326 0.721592757947284
0.00917386619117568 0.0414436916596115 0.37421918810574 0.353493275879495
0.0220663201870621 0.0362539481157372 0.298978080888617 -0.0165321061597598
0.0275899113759372 0.0192458494802716 0.0417721680391239 -0.216372489720858
-0.0048821961601026 0.00807879100063196 -0.0349532525824131 0.153872323847167
-0.0367889558044988 -0.00406167429345939 -0.222892515500969 -0.0141092890995171
-0.0319597394903564 -0.0382506097746271 -0.327230483238489 -0.30281521013178
-0.0301806689445242 -0.0411946053004286 0.137015597868719 -0.576792449081754
-0.0117727084538127 -0.0312706542279097 0.756919423184158 -0.184115796556098
-0.00453349440795522 0.00915099526123182 0.595014346733589 0.605797757977575
-0.0361704073652509 -0.020917875158551 -0.103988770780367 0.623084381333039
-0.0193890799243393 -0.0405480928737847 0.0278696764535623 0.109354296366454
-0.024711244633983 -0.0456905746265207 0.302772007297487 -0.479389647645825
-0.0360183622153387 -0.00316810539664207 -0.251248470879867 -0.914665149440656
-0.00775252138506816 0.0104213575421673 -0.905899895005866 -0.221131823291738
-0.0265226870779474 -0.0151689371737262 -0.433213508947973 0.602572471768283
-0.0301244171105708 -0.0346228594851787 0.224295532812329 0.470265642983255
-0.0261046900702481 -0.00808060603125713 0.303662496771644 0.0776021945535166
0.000347481540874788 0.0177072085533897 0.04163033031119 -0.181887098055138
-0.00756898455785701 0.00627039409401305 -0.0293759177920207 0.142826343604006
-0.0412778738722827 -0.00783374529338549 -0.220892288025632 -0.0362816723386433
-0.0299382343344756 -0.0440132667195845 -0.292014396132675 -0.333852215269098
-0.0241301754314943 -0.0451347525611708 0.216027186384759 -0.553899471656069
-0.00832002627936273 -0.0330044593658935 0.784445451176705 -0.075424953454673
-0.0113860353031092 0.00391805031763778 0.518445145190791 0.68926071303638
-0.0354966345703582 -0.0318591972489996 -0.162567524995673 0.612301486445392
-0.0175804008610409 -0.0479922048165531 0.0327650641747677 0.0919847999140733
-0.0282007576293563 -0.0524596345271213 0.259962608979645 -0.508330061851932
-0.0393627514354368 -0.00511409938525932 -0.363254091734462 -0.859417403982967
-0.0080442889772639 0.00946842578741715 -0.913731581182886 -0.0856859803888736
-0.0272493137773509 -0.0150400957514972 -0.347852794543206 0.652557418907556
-0.0309856618280804 -0.0351110071584008 0.274260169571794 0.442091182138714
-0.0298358137269745 -0.00990460400990967 0.310135940496243 0.0503425134650967
-0.00100526101818739 0.0163358133342498 0.0449401166504776 -0.194406407661413
-0.00736888370161041 0.00518494832090337 -0.0235198357405411 0.131948243426092
-0.0406285728523597 -0.00738115909172745 -0.215881311674331 -0.0576773449781507
-0.0242434758204806 -0.0447506783556126 -0.248793076605661 -0.361290159305553
-0.0146292573370916 -0.0454895469037884 0.300704586008819 -0.519971277612144
-0.00341786887416158 -0.0354850641353275 0.801829740958807 0.0454992204792783
-0.0141624645644466 -0.00235569126433735 0.423283275235423 0.766083440221788
-0.0325186510083084 -0.0373096258120786 -0.221255508950108 0.595786277564223
-0.0160418724071903 -0.0498165053355512 0.0371091270061336 0.0721629165676653
-0.0310988170133928 -0.051491934156758 0.211398736613528 -0.538161349686322
-0.0377324913164458 -0.00481536929730475 -0.46814790548287 -0.792719716289645
-0.00729647731019962 0.00799738776826912 -0.898585365862698 0.0519448635703281
-0.0261745765728683 -0.0100053433528482 -0.251487472464537 0.69002738558142
-0.0303911415409759 -0.0282706040874824 0.319198825551764 0.405734815877438
-0.0267614022528209 -0.00547809622736489 0.312949831997669 0.0208414690981872
0.0026968102317642 0.0172457867413177 0.0465657991832132 -0.205839125297472
-0.00669551032135954 0.00502799178357699 -0.0200238487690562 0.123571372096883
-0.0367174384845914 -0.00409563829536503 -0.209484537219209 -0.0748284795359246
-0.0158640289609877 -0.040009886961716 -0.201332982026936 -0.379803776903804
-0.00539043953215184 -0.040587044638185 0.37744484061581 -0.478571937323244
0.0012315390742424 -0.0363159173163628 0.798531914535769 0.160506676592172
-0.012287587053142 -0.00634196459586173 0.325123329257458 0.826061448308789
-0.0280409760850225 -0.0364465723826421 -0.277030693644836 0.573138833020075
-0.0168805537183317 -0.0443971969293292 0.0409954558646773 0.0533552101405371
-0.0315401930079493 -0.0442165829114885 0.164855115579453 -0.559985924273988
-0.0334859335664319 -0.00466672885047285 -0.554962286089677 -0.720770524911291
-0.00456350883236539 0.00748907540871773 -0.871871889023207 0.168296248526763
-0.0217029305434889 -0.000970871655357457 -0.159047813796498 0.713319905332645
-0.0257806746622303 -0.0154904642102413 0.356450447846075 0.369308029122202
-0.0213135505246381 0.0014294842794507 0.311923644399948 -0.00660784287132712
0.00546923494164516 0.0164724667681065 0.0475774157152937 -0.217093579918378
-0.00277577290914564 0.00733762739117939 -0.016070206329532 0.116563346389854
-0.0287656147701209 0.00436504526839927 -0.202788752822308 -0.0856935278479056
-0.00809654010870653 -0.0283350633904988 -0.163768446094845 -0.389839954453579
0.000624709931585888 -0.033104218284959 0.43407092021659 -0.440661220691746
0.00723076080930122 -0.0369943309500691 0.787677306236482 0.248404446632612
-0.0066781690289501 -0.00736244657868312 0.246339747393514 0.86574044488587
-0.0237455889922268 -0.0271656801499917 -0.316115829387606 0.552867052665513
-0.0196723074259688 -0.0327487627833341 0.0442599034687981 0.0362290002501243
-0.0284861185322668 -0.0317423087556278 0.129066742487735 -0.576191352989092
-0.0257254466933208 -0.00512095999992016 -0.614861159471783 -0.660888582842954
-0.00154468271641931 0.00620464751709881 -0.841032006453044 0.248621148171483
-0.0152470782463324 0.00997689228230481 -0.0896778952642499 0.719425014027922
-0.0176291994804728 5.94400867111773E-05 0.38249213455034 0.339938854244981
-0.0117818662489805 0.00977757444751181 0.306956233895551 -0.0274377085995763
0.0111027644618398 0.0167728693993566 0.0473731431052391 -0.224775466358924
0.00051037189649854 0.00987334112632353 -0.0154130827630658 0.112095109022465
-0.0198617913484984 0.0143651996363053 -0.199077984175886 -0.0896084502838323
-0.00175228871401439 -0.0135914970353794 -0.142657140338903 -0.3936803317396
0.0037831111435416 -0.0220624673246102 0.464679355560098 -0.418304306319248
0.0118315486657332 -0.0369026761662502 0.780462905310481 0.290720481999363
0.0022919741564527 -0.003085077956933 0.203811953021004 0.883341335785312
-0.0225078061346837 -0.0125578245510593 -0.335112873888912 0.543691414500387
-0.0224023083601725 -0.016439320693542 0.0447634652407895 0.0255035834249098
-0.0224507559541373 -0.0181201651970251 0.106234644970104 -0.583419916593437
-0.0155522471419045 -0.00645512174120942 -0.642716592449927 -0.633172072555083
0.001125084786838 0.00667274281006302 -0.8215357452551 0.287944143432663
-0.00747097457974836 0.0225692067355059 -0.0544872992103012 0.723311914740621
-0.00708524570826502 0.014592652162449 0.392410276347165 0.325134293918963
0.000608603815154386 0.0190052669583915 0.30295269483 -0.0366414372153604
0.0173059932514211 0.0173779708476301 0.0469743698761357 -0.227665292095557
0.00535615553266067 0.0130862117137762 -0.0165278174152845 0.11168240095171
-0.0112871117281006 0.0265423124199745 -0.198476786194804 -0.0871016673757764
0.00158976605439289 0.0024592009134237 -0.136811440882926 -0.390666770091271
0.00320024561476668 -0.0115103576330143 0.468144011377143 -0.424403433254859
0.0150104342672443 -0.0369606220173498 0.783476805013153 0.284690714798735
0.0129313279181681 0.00372870323826059 0.210577823691875 0.877960420025244
-0.0218403155859639 0.00576070652046146 -0.33189636924651 0.543487124056617
-0.0277244666325251 0.00266914214605059 0.0438712581344284 0.0234712815387127
-0.0157232725731466 -0.00216499908444459 0.105617386950243 -0.586441423985041
-0.00563332592970303 -0.00609802916772258 -0.643158730625741 -0.636401325998506
0.00590451162284132 0.00709212415961955 -0.821796180777166 0.278197710872446
-0.000765411332366635 0.0339193800408852 -0.0558627167635405 0.723375164501337
0.00257426705973939 0.0287323288823095 0.391385699680095 0.329065336961139
0.0119511901503343 0.027328187353296 0.299930789445294 -0.0328472272239172
0.0230671074782966 0.0172861164602837 0.0441673422614273 -0.224143854933241
0.00830909922466238 0.0156909115453075 -0.0198887219624371 0.11500854860661
-0.00205284439098656 0.0353747631222143 -0.20173422755505 -0.0785266431024446
0.0049382002445245 0.0167299094638095 -0.154512873081232 -0.383877304760896
0.000822663801336163 -0.00135826601123168 0.440691601109003 -0.452981352099757
0.0153931571272263 -0.0353840040295364 0.800299942455648 0.227852308353417
0.0222628535486682 0.0101624490384728 0.265526361430173 0.856017289154725
-0.0218450499937078 0.0235978945235759 -0.308913140855151 0.555607230947027
-0.0317467747710553 0.0204592186245516 0.0402054581492656 0.028756496503468
-0.00922881296386939 0.0125783626456597 0.126534085557575 -0.582375911110557
0.00388666398215916 -0.00423419506121913 -0.609710932064957 -0.677490005102819
0.0086785268084202 0.00642064095635595 -0.844301127182324 0.228123121020379
0.00245986635294268 0.0430436506402831 -0.0958960010730728 0.719344473163667
0.00915693417194665 0.0413496472978332 0.375461408547704 0.350627364827578
0.0223037028267348 0.0362461763359374 0.297646349863989 -0.0183185316700191
0.0286446571585634 0.0185131463153919 0.0405912268816839 -0.215403894881601
-0.00486941867756914 0.00841776122939478 -0.0357687500781469 0.153917307984724
-0.0366574922196018 -0.00394637496565838 -0.222969830769655 -0.0125260362153306
-0.0321087110282975 -0.0389937443126328 -0.327053533569175 -0.299521312892393
-0.0302315991156399 -0.0402054121107595 0.133150620048158 -0.576500879220462
-0.0118147942651556 -0.0304978877773909 0.753067762969247 -0.186356376182787
-0.00488119657760164 0.00876023591237941 0.596210621007614 0.600747292994899
-0.0364932810101412 -0.0199994920487232 -0.102272117712372 0.620829489087924
-0.019545372422429 -0.0393008268418361 0.0276303264775689 0.108202012743747
-0.0251258178656181 -0.0452452142585106 0.300210032939454 -0.476587332839552
-0.0364160264124627 -0.0036118083514065 -0.253688194131718 -0.91120237146653
-0.00735912780585069 0.0102864436480274 -0.903006895875322 -0.21462008711756
-0.0262657087097992 -0.0148501708972347 -0.430561995321379 0.603510685133163
-0.0298660368030078 -0.034508155088037 0.226708583000202 0.467698693732094
-0.0250720338271045 -0.00847886884804276 0.303064196464607 0.0761346346716808
0.00188020404075727 0.017127814690456 0.0412255589922516 -0.181949216067633
-0.00686323910071573 0.00595363665801479 -0.0299267075176097 0.14248673237464
-0.0412450176913513 -0.00708966673367865 -0.221162679717798 -0.034941665853722
-0.0309548682016533 -0.0439613642810211 -0.291561781224989 -0.331011085444913
-0.0240378134736164 -0.0447507348697689 0.213168304721626 -0.554923365550573
-0.00879784983937903 -0.0327523097624337 0.783403068453811 -0.079043790816487
-0.0112858409955902 0.00314349633566529 0.520393468646358 0.685319462693137
-0.0363179627465693 -0.0312038410088442 -0.160720926561615 0.61049051533206
-0.0167714726774487 -0.0479431746049942 0.0322803509340047 0.0905104263894579
-0.0288467196458752 -0.0509288762679662 0.257569604387116 -0.508371440720937
-0.0392590917970073 -0.00400615978755731 -0.364424906965879 -0.857397091099736
-0.00811794938528767 0.00887492389069047 -0.909466174666854 -0.0820791565389596
-0.0265866471809028 -0.015619112579845 -0.344038687515902 0.651439920114424
-0.0325993820292991 -0.0345151430569307 0.276821870810241 0.43944588002848
-0.0289346250548483 -0.00898608584040559 0.310643279581962 0.0488799745792761
0.000426370871954679 0.016891684357902 0.0440670345040707 -0.192764058242032
-0.00708002090430348 0.0057695209686449 -0.0240710031664601 0.13147546340717
-0.0401202650182783 -0.00654234473650896 -0.215834933842592 -0.0568100936020887
-0.0239959889915369 -0.0445739563560408 -0.246124528773787 -0.357716381886633
-0.0151866030042319 -0.044385303689291 0.298760048417538 -0.520494827996235
-0.00428565402952994 -0.0347526345036216 0.799200496575191 0.0434648803042252
-0.0137545800101575 -0.00234569912151168 0.42643102257907 0.762915393422953
-0.0327991598494953 -0.0374420417603365 -0.219415503701374 0.594476496347337
-0.0166204050659161 -0.0488299681111199 0.0371468314784429 0.0718159825681495
-0.0315804631366276 -0.0499309990152907 0.209691421428756 -0.534673694663102
-0.0386339724364851 -0.00439251054714758 -0.470044437958928 -0.788352212701153
-0.00656536107845348 0.00744419654644807 -0.895202807543558 0.0544469286664093
-0.0260738349310488 -0.0105253894750877 -0.245236884099364 0.687581401192053
-0.0301412666611574 -0.0284622638695372 0.320495715986176 0.40345523359206
-0.0275126361813267 -0.00575923923231489 0.313179471194956 0.0195781922530942
0.00203258457636065 0.0165187281624679 0.0469426780696063 -0.205411011466144
-0.00669875766868008 0.00558365827011729 -0.0197593513075532 0.12195468420628
-0.0368479434549805 -0.00391924946387736 -0.209094381108469 -0.0731726253257221
-0.0161359186414185 -0.0397846118491689 -0.2018301114113 -0.377604951121364
-0.00609124813311649 -0.0408016787080344 0.374555928609414 -0.479428943373745
0.0012382601495138 -0.03571980170115 0.798828466919824 0.155825473106573
-0.0118536822335951 -0.00691605496013428 0.326300638485356 0.82301467123645
-0.0281309467177481 -0.0362391746327187 -0.272370652273683 0.573166681976639
-0.0158529426757298 -0.0439543982600331 0.040598991605755 0.0524870992991425
-0.0313091157372706 -0.0433031502545259 0.162515260235199 -0.558083898389854
-0.0338852336599794 -0.00380015472236426 -0.558514107434809 -0.715969204658441
-0.00455436551259022 0.00705798858790604 -0.869398014050287 0.171775091225991
-0.0221444710217324 -0.00126196545094936 -0.154404695551519 0.71071543291001
-0.024933448511449 -0.0151045275446113 0.357977769058487 0.366022242280754
-0.0204590614288937 0.00170898703643891 0.310702773838963 -0.00776180803020207
0.00660179505218649 0.0168395302813543 0.0475576590862784 -0.216216416958227
-0.00293128198570666 0.00679433758108711 -0.016666318509517 0.114187055453934
-0.0286440104896526 0.00422102534762459 -0.203568608293908 -0.0840320547273008
-0.00833818888108111 -0.0286515935418928 -0.163184029038826 -0.38745226053674
0.000333788314714596 -0.0328251534876628 0.430816817090309 -0.442284064063891
0.0065380926837181 -0.0372221877891271 0.788249251657303 0.243865076287752
-0.00582029434461448 -0.00733179037252753 0.24765318761926 0.862298945897568
-0.0245675761017994 -0.02741654166269 -0.313711084652019 0.552566238072606
-0.0192295166847543 -0.0319000313860635 0.0431485547680639 0.0363930145423617
-0.0288960060826206 -0.0319361643073161 0.126397522969577 -0.572379778291682
-0.0260654742231381 -0.00511182219432974 -0.61525970896943 -0.657742210520189
-0.0010893251319767 0.00699606592277999 -0.837086624728753 0.252152619995843
-0.0153800265698163 0.0108463826562326 -0.0854722658295546 0.718283099820608
-0.0171052796948884 -0.00125501757753132 0.382316693354005 0.337349753805814
-0.0113379327803321 0.0103120666868976 0.305942464694539 -0.0283003583158047
0.0119832182930896 0.0166682854038433 0.0474513860179296 -0.224533610756185
0.00124677211392505 0.00946249805341576 -0.0165712756770882 0.11242186770432
-0.0203630545739492 0.0152822671723625 -0.199183004632336 -0.087514437675942
-0.00250391579610942 -0.0137459601571038 -0.141534761042236 -0.391617851038054
0.00280798280650335 -0.0223908264208011 0.461813904203808 -0.421519065069385
0.0121426756737861 -0.0367509027194406 0.779874168751164 0.286987223627395
0.00165926444496509 -0.0029524712883253 0.207704022571334 0.87834108104618
-0.0228701954450317 -0.0120603110232802 -0.333464419366243 0.542361000213867
-0.0216982884376277 -0.0158340206517188 0.0445139717381655 0.0263816240712776
-0.0233320981788759 -0.0178165758230751 0.104116239295616 -0.580571477368824
-0.0162670777566061 -0.0059311392420692 -0.64458241619179 -0.625144129044591
0.00199404366676814 0.0067057953226922 -0.817399335302732 0.28978963662447
-0.00781795084886621 0.0224148596664019 -0.0512176278513101 0.721693749177754
-0.00757442093354291 0.0146220416735911 0.393234966052463 0.322293728880717
0.000450930045672038 0.0194733190879403 0.301917988106976 -0.0385297465144735
0.0179751795169872 0.0162748553158846 0.0449574069485858 -0.227704249914314
0.00461678990337067 0.0132738639659052 -0.0174015949939066 0.111697206530765
-0.0104341415854558 0.0269433046893462 -0.198290455256847 -0.085496771663596
0.00115796913184665 0.00226060215285393 -0.137657131829693 -0.388568789423192
0.00281948732616601 -0.0118782168963115 0.465182174435008 -0.425841211032599
0.0148081577676607 -0.036664456212732 0.783660658261692 0.279885079255772
0.0115989652087197 0.0031219940144639 0.214884558337525 0.872899893931524
-0.0220992585176216 0.00601047742399827 -0.329093185933105 0.542741973161969
-0.0271589141141283 0.00268288336179035 0.0437272988117905 0.0236617851141194
-0.0161799635835463 -0.000715760463278059 0.102774812753693 -0.583241112399836
-0.0059207240606376 -0.00544218594415581 -0.641159926538881 -0.63172341760463
0.00652395063696697 0.00582580275090771 -0.819340603317216 0.281881361625953
-0.000629215566140869 0.0341551185637321 -0.0516809563203013 0.722051445662312
0.00231919265947284 0.0293442826001164 0.392158606226027 0.325044774197843
0.0132419132525195 0.0278686146951527 0.298621348287493 -0.0351989410487016
0.0231898943118753 0.0163772991791051 0.0441903578868051 -0.223692250789936
0.00968949751393259 0.0158916156848171 -0.0207394588330957 0.113262612374105
-0.00217269496362741 0.0358499875408742 -0.201112006204084 -0.0766309106552047
0.00453499201092081 0.0156591266542412 -0.156628893950737 -0.381934132505114
0.00130413447610484 -0.0021194885852355 0.438983608683986 -0.455165435450137
0.0158664303398315 -0.0353595644429357 0.796410884766527 0.223085299800894
0.0220350133013288 0.0104359397555669 0.266337217904451 0.851090126919121
-0.0210134936001526 0.0231490450776262 -0.306047355861584 0.555560104560197
-0.0300531855880208 0.0200754542416056 0.0397823051120599 0.0295411399745061
-0.0090099831601696 0.0139725850420167 0.123822063170007 -0.580332311351256
0.00363271040405673 -0.00387146144613072 -0.609685304518973 -0.674106503118086
0.00855589643416189 0.0051302467581333 -0.839774661646656 0.23008875516361
0.00235406556818966 0.0429446532149737 -0.0913186036003087 0.718018664423132
0.00962792829574545 0.0416532713646316 0.376229342477136 0.348173457321133
0.0233320160289199 0.0358035765766287 0.298453885679683 -0.0205045712161854
0.0289099164659022 0.01692320311981 0.0408232569246216 -0.216252138578603
-0.00482500391732301 0.00793220736260911 -0.0355865895275516 0.153110193045718
-0.0365297699922953 -0.00294285286853133 -0.224058698967487 -0.0112479349832926
-0.0323665783077454 -0.0386026951778295 -0.327477970222634 -0.296786202071383
-0.0304428013822295 -0.0396329390207484 0.132367788545125 -0.575417257682761
-0.0122423127355603 -0.0308769942428114 0.752315319952742 -0.190291480188727
-0.00485674695926297 0.00832276010860946 0.596401069074888 0.598852211314973
-0.0360356316034455 -0.0201468751552398 -0.100449726218792 0.619617018528301
-0.0191571757181045 -0.0388283160529602 0.027677904584647 0.107999754072436
-0.0256558063209858 -0.0442469695594885 0.297339429756769 -0.476138952884196
-0.0367327948992211 -0.00382078590210704 -0.256097727505465 -0.907094224316418
-0.00782718499875206 0.00949174741476575 -0.902279750532125 -0.209738157356204
-0.0271837275589739 -0.0147138794734636 -0.426089984534918 0.604477501460561
-0.0300984284124169 -0.0343742729233467 0.229481713018493 0.465642720722768
-0.0250696368723903 -0.00798034597667073 0.303960413583028 0.0741596478669089
0.00178470325528292 0.0168651992812211 0.04211514859504 -0.181137227816106
-0.00696953387919389 0.006578646397473 -0.0307542863006213 0.141791595505957
-0.0406027937007548 -0.00671162804298964 -0.221805721616288 -0.0336307901848677
-0.0308256819584381 -0.0439620678257615 -0.292463296903464 -0.328032373267165
-0.0241035705041559 -0.0443120379926534 0.213708365172244 -0.555551610105733
-0.00905901926041634 -0.0327514117624114 0.781283378275004 -0.0823182533958781
-0.0118635247747094 0.00223778588232604 0.520285243169981 0.681461443058524
-0.0369560914883059 -0.0307361437680496 -0.157911567891107 0.611324041575454
-0.0167074490687698 -0.0473291200116334 0.0319062065156125 0.0911394840649343
-0.0287429434607308 -0.0500054520582793 0.25606854540628 -0.504127495713917
-0.0400627016689362 -0.00385471215617178 -0.365549406548256 -0.853903098413925
-0.00730548965639552 0.00901902793258048 -0.910217480825764 -0.0779162976123144
-0.0271072550944064 -0.0149383639419704 -0.33887482960519 0.655132126165759
-0.0323392000812622 -0.0346229578936489 0.278151328737226 0.436995990966499
-0.0276801185839294 -0.00944202841749634 0.310581562810799 0.04790801500187
0.00108158439566902 0.0156960266605441 0.0438317275156734 -0.192690520247715
-0.0076667604975189 0.00542763432814547 -0.0245346116146673 0.13115683173669
-0.0403968591145752 -0.00656760986306831 -0.216365613945559 -0.0555714325468967
-0.0244214765216359 -0.0449499475112513 -0.246306617645839 -0.356301685787218
-0.0144650419325632 -0.0447908511899837 0.296448281719861 -0.522777799458603
-0.00414472554646898 -0.0342055861683603 0.797097594130065 0.0395777826570793
-0.0144374691755378 -0.00276630407188734 0.428412913835517 0.759523622940058
-0.0339497831205562 -0.0367928132419853 -0.217105789010492 0.594076473831434
-0.0161901529727305 -0.0490620902952668 0.0369888778953006 0.0719665755882702
-0.0322324078111422 -0.0498415077367871 0.207424858791525 -0.533772561665273
-0.0391776885227006 -0.00419176017352647 -0.472998427966941 -0.784864843393145
-0.00650482639367747 0.00643917881173377 -0.894570827329313 0.0574684580681916
-0.0261466450294373 -0.0106881346699346 -0.24286677160331 0.69029795148385
-0.0308217794490168 -0.0273169936007104 0.322341980847713 0.402666915845091
-0.0258548466904334 -0.00531284902132463 0.312472754822506 0.0169789308405088
0.00317523689028751 0.0160691922724057 0.0462791504126007 -0.20558486328941
-0.00611291495747157 0.00539749401467893 -0.021103167085327 0.121232255700163
-0.0360613396544003 -0.00256972478071314 -0.20961191553052 -0.0720522802781682
-0.015947129026752 -0.0397998117640732 -0.201505404557798 -0.376197463103745
-0.00590975242421376 -0.0398288332953704 0.373116748051837 -0.48203329928743
0.000312951594306589 -0.0362191081661408 0.797020664786904 0.151669037370195
-0.0125070206190788 -0.00736652936550559 0.331057400454335 0.819810542932107
-0.0283882508229248 -0.0352581262525258 -0.273091693885534 0.572292677499466
-0.0162654932413976 -0.0437922133914116 0.0403344408753121 0.0530218054156023
-0.0324060350542341 -0.0421643454880565 0.160772303777524 -0.556288727053677
-0.0344194822781751 -0.00413144698392025 -0.558545460828568 -0.713154849392957
-0.00460504992635843 0.00704322849448058 -0.865444562063539 0.17452742396489
-0.0225866143769177 -0.000401589037834112 -0.15119939938618 0.710029127790559
-0.026894640316117 -0.0153606505008503 0.357723036690178 0.364193745130215
-0.0196015833901019 0.0013490068692664 0.310889833028939 -0.00991907699823287
0.00668441157537464 0.0159364679668521 0.0470493685246442 -0.216011175119986
-0.0023419715735909 0.00681670531786288 -0.0180758938427492 0.114213131023537
-0.0289860358619173 0.00469790685834321 -0.2035937666346 -0.0827547437100488
-0.00854613205088887 -0.0288396103641062 -0.162240797187756 -0.385905961888729
0.000284103735167852 -0.0321173403782647 0.430930276380049 -0.442970271534806
0.00629461602409755 -0.0367303988933411 0.787526246159734 0.237872850559901
-0.00652520021814535 -0.00795241568019248 0.251077390625678 0.859610332325828
-0.0244852199632096 -0.0275380803322933 -0.311661770562858 0.552416006818514
-0.0177876893301483 -0.032184933895632 0.0431115020478877 0.0361581409667795
-0.0284885297798245 -0.0311566513946287 0.124002963817697 -0.570332280709888
-0.026807348063951 -0.00458963203768731 -0.61694243069687 -0.652257347994068
-0.0014081906017444 0.00635555902541784 -0.834392533802299 0.253844567683059
-0.0153528685117535 0.0106025048850986 -0.0796271673323112 0.718714403535834
-0.0180779588607646 -0.000755438515740371 0.385171293001374 0.3351335829334
-0.0106749933550074 0.0100316713996268 0.307011883981877 -0.0299892990163719
0.0130229252421418 0.0154404100696808 0.0463924388549712 -0.223312869059481
0.00167132359806085 0.00976858131707705 -0.0164846346773993 0.110886246552801
-0.0193718606773389 0.0150886658355381 -0.199533117687726 -0.0869526755151866
-0.00283562742835389 -0.0146796741779277 -0.140886697692549 -0.391089844891189
0.00309854622815214 -0.0221725628980162 0.460919855938218 -0.42259205814024
0.0109915083137405 -0.0367617103141415 0.779658839048327 0.281562691256793
0.00099885421962043 -0.00387973782297271 0.20949102149713 0.875501735834164
-0.0235158362429266 -0.0120770897257661 -0.330152193217765 0.542276726531903
-0.0225268301707008 -0.0163612271881543 0.0434680808894738 0.0267827027276054
-0.0228313627890591 -0.0170008954303517 0.103443386007101 -0.57926325798282
-0.0164892740649994 -0.00545454449393177 -0.644289975097923 -0.622109281584978
0.00286690199064091 0.0063497332554269 -0.815510076928974 0.291991286253689
-0.00701511274134995 0.0226831471210901 -0.0466920603012297 0.721078569996628
-0.00720626986789937 0.0139986839189916 0.394368678630901 0.319781961306733
0.000924235883509298 0.01858020550744 0.302061206911113 -0.0396596893096212
0.0184656262964194 0.0156873635021334 0.0449709759277093 -0.226402734778078
0.00582885431410205 0.0128311551475816 -0.0173594550747352 0.111016215468371
-0.0105239977683083 0.0262551281834104 -0.198874821746887 -0.0840688876912966
0.00103843669665525 0.00174716449494449 -0.137778719697176 -0.388148420612023
0.00328148099216179 -0.0113776128893531 0.462566428771992 -0.429458186048096
0.014148072877602 -0.0362095510034599 0.782069836793247 0.275028502915351
0.0109938444666251 0.00319407090858045 0.21692494333224 0.870023046083236
-0.0225077181680242 0.00587927398198654 -0.328241936456259 0.541691553679479
-0.0261592512786694 0.00265760327096053 0.0429473297810343 0.0241088802488704
-0.016083241108444 -0.00112657853109701 0.101242630658774 -0.581847266322053
-0.00606430837231695 -0.00519319648286612 -0.642170018435334 -0.629536834837221
0.00553527849305028 0.00538380010600726 -0.817075932503927 0.285176343912286
1.77971415175129E-05 0.0340287049795671 -0.0478539867866472 0.720829129360466
0.00250082075039227 0.0287465973429906 0.392466854773528 0.323214244973517
0.012752096974774 0.0275004357262741 0.299911398028944 -0.0354858196225674
0.0242498283175395 0.0154783152700407 0.0426850977763698 -0.223113735569844
0.00854919238336502 0.0154165819651516 -0.0204197961699856 0.114014667750473
-0.00199838870158235 0.0355614316508408 -0.202682823994178 -0.0755160658981344
0.00432347679059457 0.0157286787706244 -0.155681731238432 -0.380825198834519
0.00109930985420807 -0.00146321034934203 0.437135620774432 -0.457372520593281
0.0161301762296547 -0.0354078962608273 0.795333078451126 0.219901516742528
0.0216477972383509 0.00962427391166538 0.269867649954385 0.850543356381659
-0.0210479471999413 0.0238805966025724 -0.303524929415033 0.555350615232981
-0.0307148989302214 0.0208423291393728 0.0399568447227036 0.029293574975788
-0.00833495813313026 0.0148844822502838 0.121265949069013 -0.578475339686563
0.00308673614963191 -0.00412634644147341 -0.610807914870627 -0.669705902675895
0.00927829990595488 0.00564289720087028 -0.838525710039414 0.233287439694787
0.0023639572347481 0.0430814238038221 -0.0862660417426636 0.717769007500084
0.00929790323559284 0.0422887792668724 0.378894099277719 0.345335730340363
0.0233671374620024 0.0360359975652398 0.299040936403683 -0.0211363560970195
0.0287940578009332 0.0163618963062104 0.0405253281885409 -0.214904428654983
-0.0046056298798494 0.00764392265118097 -0.0359811276482902 0.151718694048651
-0.0362618122342257 -0.00267923106429173 -0.224135261522286 -0.0105899671479187
-0.0319818049599355 -0.0382977248393587 -0.326363719474811 -0.294002370598686
-0.0305417621704102 -0.0392235939011814 0.13360114746102 -0.577407464096414
-0.0123471116909413 -0.0304642014683015 0.750507681453609 -0.190538666327202
-0.00578656602748037 0.00784766413103342 0.597784856203824 0.596148522250731
-0.0373104381684045 -0.020756408182297 -0.0990352155171031 0.618737096049405
-0.0186647373445057 -0.0384977949040801 0.0273759661899793 0.108439344691203
-0.0258908996818817 -0.043444934054352 0.297797598063331 -0.474703267950624
-0.0368635569114273 -0.00323627784977287 -0.25773280611548 -0.906445145514101
-0.00710721530838287 0.0101692253481736 -0.903549116158168 -0.208316814632039
-0.0268954260029795 -0.0138338619594474 -0.424399834987796 0.606648118886076
-0.0308805820032853 -0.0337989588922535 0.229510891047096 0.463736349556358
-0.025031327458292 -0.00779270919036481 0.303813385169904 0.0732945017953414
0.00354593990811311 0.016247826126834 0.0416277284366109 -0.181477763350026
-0.00676986306675761 0.00576667789503191 -0.0316188454565836 0.141121688253564
-0.0397910678895744 -0.00607402623393893 -0.22251543756419 -0.0335507251994569
-0.0303749745982502 -0.0437572228892049 -0.291792447615603 -0.325892377461467
-0.0235624468921913 -0.0438323879904318 0.211562020595081 -0.557021330070846
-0.00902330864903991 -0.0319990851215674 0.780680328380579 -0.0847520522404377
-0.0121325348205466 0.00294671070176763 0.523450477181035 0.678975618741704
-0.0372849650536913 -0.0310135918632226 -0.155633373993071 0.610916752687692
-0.0167388536307509 -0.0473789260368093 0.0319866239607093 0.0916333723761136
-0.0293252834100975 -0.05000435126051 0.254548438575424 -0.5043263904497
-0.04023631099463 -0.00436773209694317 -0.368019923148296 -0.85021305716125
-0.0070729195236418 0.00812234864747033 -0.910080949391862 -0.0715206361156755
-0.0274249505916953 -0.0151291990662584 -0.337261754840941 0.654342864538866
-0.0324032697177971 -0.0341110416033435 0.279476940662558 0.436268076312756
-0.0266978094253651 -0.00838470945983693 0.31050212857409 0.0453939825373189
0.00231337898120347 0.0155568163230819 0.0437888832322024 -0.192785624050466
-0.00673210369260874 0.00556467835530032 -0.025271263917121 0.130267523834786
-0.0403270736985907 -0.00557331264140877 -0.216633401618677 -0.054453217898622
-0.0254564504256061 -0.0455506662415806 -0.247323587143843 -0.353341946006273
-0.0147280186745862 -0.0440119396629476 0.296820931827301 -0.52266098959311
-0.00475511236467557 -0.0344040532649899 0.797112250899187 0.0350391498103091
-0.0146043566367948 -0.00409592356293678 0.43043107702504 0.757019849560261
-0.0334729530875555 -0.0367467830956056 -0.215296481316013 0.593887979924653
-0.0159743814523219 -0.0485310239764809 0.0367610250782136 0.0716454676436344
-0.0322017325141292 -0.0481960302293298 0.205582961361394 -0.53319600725322
-0.0397380799001223 -0.00461144840786153 -0.473977152936513 -0.782948812166567
-0.00615819746604532 0.00685580797845199 -0.894018164969113 0.0616674309592098
-0.0260910620867081 -0.0097212620563772 -0.237812841332648 0.690664417608008
-0.0306949158782571 -0.0269315380929022 0.323999465587997 0.400593255959257
-0.0250199699377887 -0.00459739829870231 0.31280116155919 0.0163763216797221
0.00393141593628079 0.015567504083011 0.0462642374271795 -0.204476825527888
-0.00559277021791548 0.00684735355370063 -0.0206335993787852 0.120421534774514
-0.0353440801096696 -0.00244108260271768 -0.210643270335859 -0.0715058829674312
-0.0162547225300218 -0.0402746660126933 -0.202579935650694 -0.374472431652558
-0.00606844836025761 -0.0402025816587903 0.372321671798255 -0.482540828527228
0.000760930875781184 -0.0358096086252937 0.797925225221105 0.149749469255311
-0.0132952699181776 -0.00802078857491198 0.332316115947088 0.818422537468564
-0.0293647551764607 -0.0353930317159942 -0.270143776504621 0.574380848743909
-0.0155871489009022 -0.0433109939442263 0.0399974301340746 0.0523375230055305
-0.033130009814822 -0.0417440814989646 0.158488483539123 -0.55390149660984
-0.0350440487298733 -0.00424285135078041 -0.559255120071116 -0.709784878396553
-0.00389529053953446 0.00613367841803802 -0.865398053844439 0.176184272263733
-0.0218684507106984 -0.000886682334818409 -0.148010222120497 0.71099968143008
-0.0258401411850477 -0.0146502998282905 0.361039966896036 0.362139134584811
-0.0193314106498295 0.00220824818240816 0.311080807590846 -0.0114905981190927
0.00821640711543281 0.015031973659701 0.0477997712341112 -0.216476616635426
-0.00265723109985595 0.0066599825232586 -0.0186677749833099 0.113686669687582
-0.0287289778680457 0.00550369861412287 -0.203830780989413 -0.0817964557494176
-0.00848135807114963 -0.0292631607453941 -0.1629759876981 -0.385305136731024
0.000742673420169686 -0.0326532848623872 0.42957469413922 -0.445467424337979
0.00652310943031982 -0.0366760834935813 0.787964304352909 0.234945732302969
-0.00705209467178995 -0.00779347702234317 0.254619555610645 0.859305340925894
-0.0246769953283656 -0.0265563745144377 -0.30872523477038 0.553319778993485
-0.0184984967517224 -0.0319524833391882 0.042658900711621 0.0361265997888653
-0.0292798901561198 -0.03013111645646 0.122354030117802 -0.570617470975932
-0.0273880702096014 -0.00447656658088225 -0.616880049019695 -0.650188006139869
-0.000444812737012856 0.00571439001727372 -0.835502603087695 0.257437146578378
-0.0150641961266839 0.0111077423166783 -0.0783055491619292 0.717851393124264
-0.0181602657050419 -0.000192097693119977 0.386845204621999 0.334332837884017
-0.00944521490724669 0.0105027138359982 0.306655761663616 -0.0313435610671552
0.0127063448689753 0.0144091649185749 0.0473747910275992 -0.222610160375282
0.00179349932525261 0.00996173202303961 -0.0174739996090172 0.111251994900113
-0.0192527540755728 0.0159570074540463 -0.200560404717209 -0.0862075074616093
-0.00317575862394944 -0.0138046476978483 -0.141153936062562 -0.389967064687883
0.00363638615633306 -0.0224622590370658 0.46050036279441 -0.425620149988185
0.0115464183938204 -0.0366125334180423 0.780289670661945 0.279521704049991
0.001813429635522 -0.00409445139106879 0.211435033683379 0.875794413515467
-0.0229440490146614 -0.0116549671993641 -0.328615568214105 0.541739453129847
-0.0215725676388019 -0.015648723474036 0.0427838537331998 0.0261833169553922
-0.0222157530087381 -0.0167546091485263 0.0997348786351659 -0.577446275288304
-0.0176148237680064 -0.00439539791623389 -0.64391210590795 -0.621058665731623
0.00217141026521599 0.00621101631710195 -0.814413120149237 0.295489276378925
-0.00645896539922516 0.0227421993311679 -0.0431368172648151 0.721446837282436
-0.00856892907359507 0.0147301072042607 0.397668324706498 0.318092028972872
0.00228380072540622 0.0186272042615536 0.30251412576416 -0.0413845881834863
0.0187455091931331 0.0137422417831259 0.0457851394476902 -0.225735598453561
0.00617454798892568 0.0132541057128322 -0.0185513268031222 0.109951455610233
-0.010099072229127 0.0267722932627985 -0.200008473148477 -0.0842919018302754
0.00126762394968128 0.00150679328071605 -0.137607375421944 -0.387547424545763
0.00341963152422986 -0.0114631889230751 0.464348917710585 -0.430478684078875
0.0152846988580056 -0.0368499491879256 0.785030857005266 0.274295558068693
0.0109123091613893 0.00278180255769394 0.219167769262264 0.868330407610644
-0.0235242461828168 0.00553443880386847 -0.326306087354247 0.541647931164678
-0.0266227582400884 0.00256405129343058 0.0415253800810301 0.0236950309671005
-0.0157668615826048 -0.00031608771360124 0.0987269477904516 -0.581759458924488
-0.00731572576795776 -0.00458982662310379 -0.643532838903787 -0.625329848888585
0.00647085319781373 0.00547534563016547 -0.815712397409266 0.287098497035837
0.000377192507607236 0.0339555913132698 -0.0435990551408317 0.720531236754024
0.00198684324258288 0.0292746163185166 0.395936806415173 0.320945878872537
0.014854308693762 0.027613568794013 0.29992327743318 -0.0375973046710551
0.0240869490768615 0.0155255196568642 0.0428939376518759 -0.222524697766064
0.0088168944773627 0.0153563151473339 -0.0215562153933108 0.11308558140136
-0.00120452823427065 0.0362832216890263 -0.202085713111153 -0.0754275445905347
0.00376236622507542 0.0147312649282836 -0.156158073410595 -0.379448179021451
0.00148730283393687 -0.0014271133338354 0.435286706123622 -0.460857448199388
0.0162169542443386 -0.034890907731023 0.797136421030697 0.216256679427488
0.0210860551173555 0.00967833825604686 0.272543744100532 0.847025082370674
-0.0210505589091929 0.0238911925996758 -0.301383306700794 0.555207424835859
-0.0299510364110923 0.0205347529339022 0.0389949256557368 0.0297546676191547
-0.00817490281350313 0.014307338524333 0.11938880306551 -0.578038526234377
0.00272831124749967 -0.00430910673031368 -0.613776555889622 -0.667699461914747
0.00824286885336632 0.00515544591185045 -0.836800036981169 0.236645071426
0.00288456156407003 0.0424721477697122 -0.0819192797900949 0.718301746573299
0.0100255612509721 0.0419319265189117 0.380879177475067 0.342798745638144
0.0254366200198069 0.0351794603179594 0.298243939691134 -0.0222431918554435
0.0294478080861939 0.0157532227115324 0.0412226214244426 -0.214341396426382
-0.00385702474723041 0.00845225969884724 -0.0364245552068389 0.151778314228357
-0.0361672973138463 -0.00197621389974779 -0.22545326224605 -0.00952608481109566
-0.0320794411409532 -0.038630405778861 -0.325316812063041 -0.293274863656968
-0.0299380889613682 -0.0386642148138848 0.129776756416706 -0.578002341917835
-0.0123302079874543 -0.0305273064781179 0.748550813392645 -0.196656804066859
-0.0052721234090824 0.00738561773332599 0.600595406591245 0.593880092093245
-0.0378353478927963 -0.019584100914563 -0.0964644773340076 0.619113294617979
-0.0191875760402444 -0.0381329886329262 0.0277731822845936 0.108317692460548
-0.0260117713130006 -0.0432483172090713 0.295143474506331 -0.475105664723789
-0.0374672404761882 -0.0021788719347739 -0.261436354970769 -0.901546901603062
-0.00736256496021907 0.0091205271722108 -0.903885192287759 -0.205088390525772
-0.0262809871302958 -0.0143109852116418 -0.420507534956998 0.609816813845071
-0.0308620855778689 -0.0330672529807714 0.233410997049106 0.464044001385337
-0.024263872394963 -0.00769927629770541 0.30470055029916 0.0721659412106033
0.00439504291700538 0.0156828252058321 0.0415995391364903 -0.181746669020208
-0.00614684539241795 0.00661687036181389 -0.0316264825501424 0.139400778521424
-0.0403290629511953 -0.00618560901410844 -0.223233510735715 -0.0324997329348623
-0.0309358264545977 -0.0442083353637263 -0.290957951473629 -0.325618155392063
-0.0236959954958091 -0.0433665407960207 0.210621354636419 -0.558348834892754
-0.00832462962754819 -0.0319794339119052 0.781602016523145 -0.0875289330695013
-0.0122038162883188 0.00182285009864969 0.525705885902837 0.676668950064386
-0.0371557744715804 -0.0312285999317762 -0.153608107051493 0.609604632334678
-0.016676510255894 -0.0465961327050516 0.031808770697305 0.0917106482586369
-0.0295035586948249 -0.0491900929339378 0.252948241930814 -0.503948057107066
-0.0410940399089864 -0.00416752350604059 -0.371757547387856 -0.849725728453317
-0.00667279772367246 0.0089012337061849 -0.910245132599077 -0.0701284623869323
-0.0272412293781382 -0.0142729453769019 -0.334322613787455 0.657699197859224
-0.032563151085745 -0.0338716542069056 0.282486632352094 0.434633955305722
-0.0261500817331102 -0.00852008984453369 0.310912131007414 0.044247683822457
0.00312141153786371 0.0153463808947322 0.0437470198281374 -0.192974700074846
-0.0070173033916165 0.00503075140124378 -0.0256625572274609 0.129471756619618
-0.0392239541314034 -0.00555969767250938 -0.217221299095062 -0.0529402675667223
-0.0245996558899287 -0.0459797292024011 -0.247578759165864 -0.351959844112362
-0.0147954896029561 -0.0438678365027627 0.295730531246921 -0.5252192285472
-0.00498039185350166 -0.0340645230784012 0.798437908026033 0.0326283164215263
-0.0150571216254676 -0.00407777197624439 0.433563910074598 0.755164252475107
-0.0333302817686898 -0.0360099815521769 -0.213381796537326 0.595332461588198
-0.0155192315850841 -0.0482698475283439 0.0361837777891668 0.0709752405417739
-0.0327429931479732 -0.0471976669801521 0.205902648020722 -0.532402098467771
-0.0397708308879656 -0.00380954904283215 -0.476427352618419 -0.780578876865343
-0.00487235090585708 0.00656909595137477 -0.89227485779175 0.0639197308269939
-0.0250234380226607 -0.00923904432138004 -0.236329519024694 0.691858353459154
-0.0320895965351782 -0.0269686060405751 0.325846850037352 0.398495788317777
-0.0251273846491085 -0.0049493941055644 0.314291553431342 0.0147831502132933
0.00463736040270848 0.0143157990647312 0.0456893150867005 -0.205516098193474
-0.00456540456494955 0.0058997344635413 -0.0217198858113386 0.119786098839299
-0.0351902691152821 -0.0022970006094698 -0.211419913007574 -0.0699840776185412
-0.0172043835233561 -0.0404176426281958 -0.202287696653806 -0.372531526509846
-0.00607336382137709 -0.0399630681449804 0.372239637706738 -0.486852239623499
0.000355469386807342 -0.0358236769360663 0.797447234420274 0.144917101303041
-0.0132615177497965 -0.00731368954163135 0.336710985297593 0.817623353316531
-0.0299023285561604 -0.0352811311245636 -0.268413308626249 0.574756601542656
-0.0156605825403576 -0.0434012274801773 0.0400193092567683 0.0510653568548868
-0.032489752925993 -0.0409808807053957 0.157475446597902 -0.553902707764835
-0.035339898190184 -0.00398913870008596 -0.561487655306452 -0.707539227992133
-0.00442326031381833 0.00573390898500149 -0.864792305794385 0.179470292933062
-0.0213975167707798 -0.000677511463784215 -0.143683346046205 0.712827192605332
-0.0265860604673442 -0.0138546276388029 0.36508275720745 0.361321060048646
-0.019483178069707 0.00190589826970728 0.312381702910673 -0.01294989948953
0.00901356990061051 0.0152503011591274 0.0461963428246672 -0.216097735160498
-0.00225476623326939 0.0074409145143717 -0.0186051808706572 0.113489949475712
-0.0280890203565649 0.00574051896285402 -0.205640966977821 -0.0804577571687211
-0.00927509783720558 -0.0301169629130958 -0.163720750750093 -0.384928027956424
0.00134347361651848 -0.03255912826496 0.428737280849068 -0.448764342982852
0.00685065194880762 -0.0366191666020239 0.788850142745293 0.23367493189121
-0.00704516517049062 -0.00853601858874288 0.257794395534865 0.856516014764467
-0.0251946384555161 -0.0259570771490041 -0.308235821421336 0.554902313043217
-0.01842612206123 -0.0319807364622909 0.0418924096587042 0.0360591346331491
-0.0298478051056937 -0.0299880617323637 0.121783722316557 -0.569998779058214
-0.0285952241868766 -0.00444770543335051 -0.619606332161593 -0.647331963434524
-0.000772445147345899 0.00431007041854509 -0.834020690966699 0.258610499620543
-0.0145206909503212 0.0100677427901034 -0.0757130166036822 0.720206307624165
-0.0189592720583642 -9.90970881050851E-05 0.387513856708768 0.331176865170847
-0.00923869004925446 0.0103629730902121 0.308031337277249 -0.0336198124171471
0.0133465347254243 0.0145959163660735 0.0467534185158819 -0.223929154848011
0.00194103760125363 0.00963322836633611 -0.0185596015188619 0.110777195898936
-0.0190021467893973 0.0164112037345613 -0.199777669222571 -0.0852974928310118
-0.00302840062876682 -0.0154026576033265 -0.140296341586409 -0.389112693559157
0.00313525395021551 -0.0226201242224396 0.458643061038868 -0.428431781231764
0.0109836471895836 -0.0368611657197614 0.781158896759608 0.276849962028383
0.000838052864874932 -0.00439664346339935 0.216596512721562 0.872324446529308
-0.0239295726139116 -0.0109905645045377 -0.325883685852805 0.543965679671755
-0.0219142695965585 -0.0157793500506759 0.0425753125484219 0.0263417076588677
-0.0221860453076369 -0.0151603682123497 0.0991620961737661 -0.577627577921107
-0.0180095565140832 -0.00484461738523253 -0.646275214546894 -0.618799135286861
0.00235100319390765 0.0050131361946081 -0.814919515880487 0.298596930617215
-0.00669195613679101 0.0232695507087617 -0.0391709916682649 0.721161747970269
-0.00813819339881182 0.0149476078836186 0.399499719658138 0.318350961716895
0.00337689876918288 0.019190981396207 0.30371075302514 -0.0431651173504957
0.0196657202847277 0.0138642034415118 0.0450525081582332 -0.225670233141155
0.00577710522860955 0.0129123702748986 -0.018890140600081 0.108992896068817
-0.0104841051733435 0.0271997037848957 -0.200037084295692 -0.0835863670095942
0.000702420699997611 0.00091267135317558 -0.138448397468297 -0.387005067416384
0.00390692264059371 -0.0114806536689206 0.462736400792716 -0.43353646223539
0.0144919644005949 -0.0358298649278082 0.786196340168901 0.26800542548002
0.0110704207569771 0.0026598450526351 0.223655382982511 0.866266415732418
-0.0234770109107855 0.00637566028489107 -0.322727548399212 0.545887436906011
-0.0261432758219646 0.00258093039259128 0.04107348928788 0.0241322077632269
-0.0152734804460941 0.000814065930467345 0.0988383366279505 -0.581511523223877
-0.00679849765979266 -0.00491336306094412 -0.646208163479796 -0.623755089138915
0.00630130414032807 0.0052065045379083 -0.814479128367791 0.289162984754097
0.00068196331046633 0.034826994754677 -0.0390321320171015 0.7223861833292
0.00106788040673551 0.0291677951846674 0.397389441756017 0.320089904562293
0.015745030023369 0.0269991279794097 0.301129053053244 -0.0387986577441752
0.0243598135581248 0.0132599327257188 0.0421981669317541 -0.222554189058522
0.0100701323530103 0.0149863203059256 -0.022816048222105 0.11303509531892
-0.000627501852812597 0.036165360291941 -0.203282270633878 -0.0743138422793472
0.00390630196039318 0.0149473879969809 -0.155522676655054 -0.380992789321819
0.00190486867002822 -0.00229938552625341 0.434132788067282 -0.463758250170584
0.0151774598227652 -0.0349052156691439 0.797351070547336 0.21055538054809
0.0211826684058705 0.00945303034613905 0.276228942692277 0.844506897148675
-0.0216178880738365 0.0247807371951371 -0.29948383581122 0.556895268952128
-0.0295818180283777 0.0205374964481974 0.0395608067352835 0.0302466666592395
-0.00826467920172835 0.0152389115735134 0.117504559110974 -0.576173612527463
0.00265882410974067 -0.00258034697957556 -0.615658913164494 -0.665098454701902
0.00829532474687671 0.00476392845933852 -0.836458223388395 0.237350610531625
0.00396524148186157 0.0429911435631736 -0.0782798385724276 0.719244120017237
0.00937926609190006 0.0420772628099892 0.382387781632736 0.342098536551844
0.0258314218353358 0.0341708125132501 0.297908253182707 -0.0235345319575968
0.0293139396806133 0.0150069734738665 0.0406557617939124 -0.214237154246819
-0.00404829090236286 0.00781763662108197 -0.0366975711344111 0.151736110068109
-0.0355527454916181 -0.00124138400842812 -0.225910280794331 -0.00698941581551414
-0.0331355660189216 -0.0388721729495717 -0.327282299829804 -0.292113569107348
-0.0301670384046817 -0.0388535982673085 0.12914802564369 -0.581288198597164
-0.012000095191024 -0.0300773534521066 0.751328272683724 -0.201377528529784
-0.00641105163985387 0.00686838135786203 0.602926740432821 0.591458295602197
-0.0378956696257613 -0.019195055325894 -0.095686812042194 0.620331384914715
-0.0185805349642357 -0.0372144145535688 0.0272704538814332 0.107946806191322
-0.0273811275981455 -0.0418737934764548 0.292851273937132 -0.474989126052933
-0.0382983227001246 -0.00193682363748387 -0.264833623686095 -0.901899330478665
-0.00661687754383034 0.00881437134173014 -0.904600886979255 -0.202186435051395
-0.0270692849370654 -0.0134868179259251 -0.418997519422156 0.613064944809563
-0.030686980760989 -0.0331085962460444 0.237016003943961 0.461860464785918
-0.0236709492651883 -0.00763993398688772 0.30702524172819 0.0700072605269015
0.00543839055307152 0.0160338065631364 0.0422349034524974 -0.181128904703022
-0.00572952245458059 0.00643944394563642 -0.0316799926963762 0.14028163030125
-0.0395919892148713 -0.00455177513541951 -0.223937874433019 -0.0300410457367689
-0.0306160654486388 -0.0448179228506711 -0.293116761932756 -0.322907411765968
-0.0245302207790003 -0.0431706351777241 0.209459222285088 -0.56076398596746
-0.00960344866963995 -0.0324247560662856 0.782002846493974 -0.0935806871691321
-0.0130180829375629 0.00147640493605034 0.529421024644736 0.673759079636819
-0.0374680762660387 -0.0302410083723827 -0.15188118873797 0.611190733500481
-0.0157265848914237 -0.0464159834125224 0.0319064439531801 0.0911986879049748
-0.0298327182268481 -0.0489991791833697 0.25123470062925 -0.505687579362022
-0.0406022534018056 -0.0028637744079037 -0.374643229744786 -0.849283709755708
-0.00657521787876575 0.0074594437465014 -0.911242149436167 -0.0656789491602761
-0.026022892286099 -0.0142203308355665 -0.331513198025831 0.660808295879795
-0.0335547997509218 -0.0331233416381061 0.286066945538209 0.433682461563952
-0.0263744003810369 -0.00871180468283469 0.312673576267729 0.0432106263426322
0.00436705189066738 0.0140184080172858 0.043494088644368 -0.193334741971485
-0.00567774366470511 0.00542764623929173 -0.0255388454891522 0.129063935421907
-0.0391295564399217 -0.00496079776826282 -0.218796555077519 -0.0515178025964163
-0.0247114757044886 -0.0463386161510177 -0.248043742007384 -0.352579352674927
-0.0144640997101058 -0.0442242514729655 0.292729499099536 -0.528712056927308
-0.00431586530473043 -0.0342398779998533 0.799139447188276 0.0263878601171516
-0.0155396726527839 -0.00333636853608387 0.43721527713909 0.754226870345401
-0.0350475161716355 -0.0360274566329538 -0.211857287217915 0.597041029454613
-0.0157946701301926 -0.0487486408887601 0.0354935509197543 0.0714705632268902
-0.0327665257668774 -0.0473143136379882 0.202332065361572 -0.532562755747401
-0.0408119988572922 -0.00395300558343746 -0.479167023443463 -0.779216292317653
-0.00534657956641111 0.00628879538336658 -0.89605108551475 0.0679604167595163
-0.0258933625672165 -0.00969514585691794 -0.231554913095573 0.695421499635017
-0.0320454120803947 -0.0268728382171074 0.330395871778625 0.397494587512156
-0.0244996752273085 -0.00428340373503521 0.314935080798922 0.011914226025829
0.00509957674572229 0.0144071292084285 0.0446757703834167 -0.205087173959066
-0.00548228219189919 0.00553023591100326 -0.0233769086275593 0.120173116583297
-0.0351470081781506 -0.00116121899276719 -0.212691752491572 -0.0690351567617066
-0.0172655412382141 -0.0403114588753883 -0.202447361559089 -0.37088987645411
-0.00562868199937439 -0.039936526650014 0.370454400496873 -0.489046439113607
0.00112689400643448 -0.0354988801703575 0.800039564582411 0.142846042432658
-0.0130847794417647 -0.00816163468274805 0.339074345807039 0.815390607758785
-0.029240357677681 -0.0353948574136582 -0.264902718502855 0.57635568272078
-0.0154333148699869 -0.0439682920679949 0.0397047240741652 0.0524869582338755
-0.0332297890579795 -0.0408352287423035 0.155028911137117 -0.555280415049034
-0.0358335580116669 -0.00361548329638121 -0.56521193801182 -0.706403048380986
-0.00399394259562641 0.00564325482290266 -0.863340645020436 0.18572959067269
-0.0212662176044041 0.000507135542966764 -0.14059365439182 0.715588443344287
-0.0273592752859724 -0.0149409774606727 0.366671101687389 0.358761594173602
-0.0183163307171299 0.00231483961753355 0.312876723223568 -0.0151055072761483
0.00923136237947375 0.015478238428247 0.0471670784161283 -0.215096386568451
-0.00208083670634057 0.00700028649981145 -0.0201321296054168 0.112610102442835
-0.0281800575489765 0.00595395285467648 -0.206429593063258 -0.0782506147687664
-0.00875103842019507 -0.0290897382578823 -0.164603284603414 -0.384266155716755
0.000833814017282371 -0.0313903995409678 0.427816271505634 -0.453975195603381
0.00647149065087874 -0.0360189779619883 0.792639212233523 0.229154788547428
-0.00739576182081532 -0.00767945213871255 0.263409144170625 0.854972019129569
-0.0260504142903649 -0.0257492677883591 -0.305614853637325 0.555116278805943
-0.018007507777366 -0.0319771345844594 0.0419929383659169 0.0363839553812469
-0.0293907858167424 -0.0297244081274734 0.118730337473647 -0.571884994937122
-0.0282052712693153 -0.00370515559230466 -0.62463880422065 -0.645625155054441
-0.000534556727138948 0.00514899512211365 -0.831476106942197 0.263393973948672
-0.0143692890332199 0.0110222793022547 -0.0698811134299102 0.721181340587284
-0.0183474090973774 0.000369030220030323 0.39143629604679 0.330529841102575
-0.00820267884220534 0.0110202100808415 0.309517853652734 -0.0351076749366397
0.0144940882760298 0.0130496536588551 0.0462653322646917 -0.223608755195414
0.00213046362821047 0.00985867473912878 -0.0187714211697963 0.109693269010219
-0.0191353502532329 0.0154021389610833 -0.201618042092826 -0.0830346492637556
-0.00374087941476349 -0.0148871911119202 -0.142174826015004 -0.389353284160486
0.00358622177910618 -0.0217951545598885 0.458513053953261 -0.433269009205717
0.0110691834412899 -0.0365722689262168 0.784804625560699 0.269930483207375
0.000488931927715943 -0.00506551920123629 0.221516799201176 0.872108018951517
-0.0243325081143258 -0.010495281438771 -0.324156376421981 0.546410953757796
-0.0203567577548251 -0.0163472917363616 0.0425077742043318 0.0264201468854452
-0.0233796289714589 -0.0143735250834997 0.0964893377640635 -0.577844881931562
-0.018962037456804 -0.00492012909266257 -0.650970332033908 -0.61526031074747
0.00306536175141736 0.00407575074939504 -0.812942788297463 0.30368610167745
-0.00614040193219486 0.0228346558611975 -0.0332927807180783 0.725022622281575
-0.00870627896901885 0.0147355979373456 0.402459563270819 0.314489948247712
0.00343171608321167 0.0193087428064536 0.303915609809346 -0.043828744508791
0.0199545093153132 0.0129886270077318 0.0445092197156921 -0.2261901314444
0.00601295542801581 0.0121480137346162 -0.0204442798366651 0.109947372139507
-0.00994654560559651 0.0271898707129652 -0.202152888630598 -0.0811984220956904
0.00137927535315039 0.00133506444993718 -0.138352738351872 -0.387068127367565
0.0025855580700915 -0.0114490353989242 0.460917950758305 -0.437489844411333
0.0144181868344933 -0.0362037208860648 0.788088819159159 0.263018798046776
0.0102799517977171 0.00201709269518554 0.227515027647423 0.864995517092451
-0.0239678055393062 0.00733080655603195 -0.321414771535531 0.546370012913006
-0.0257935315731225 0.00327891529215084 0.0415068354774909 0.0247848001429667
-0.0158719276244512 0.000651922904527156 0.0950642431775427 -0.5814893616093
-0.00820640081767532 -0.00466091102903127 -0.650858567532486 -0.621564652321664
0.00642930582734358 0.00393987071902123 -0.815944749137171 0.295525557409616
0.000252520542533049 0.0341136727704115 -0.0355762676886302 0.722456244870053
0.00219477090048663 0.0291684335349718 0.400934276958362 0.318489959820933
0.0149059244157467 0.0278928438716735 0.301648435647611 -0.0401495117189237
0.0251893964400082 0.0130153774342518 0.042121850378985 -0.222700579195113
0.00981191276635001 0.0146996677732125 -0.0239419247073774 0.113082931098669
-0.000405013014395403 0.035681676343126 -0.204501854785752 -0.0731293761257781
0.00341180226921239 0.014415132289978 -0.15543700803648 -0.379710674320576
0.00206630706958877 -0.00206075567619783 0.433166560966173 -0.466952539795555
0.0144926808767378 -0.0353193920584783 0.799579620136968 0.207967744835895
0.021054326042614 0.00875512508541196 0.282313502201758 0.843859543254718
-0.0216474214120365 0.0247616664730282 -0.295255021281748 0.557970056551184
-0.0292476289327841 0.0204391912959123 0.0389806088568034 0.0310130049212756
-0.00713050001603094 0.0153520357926836 0.118521967579273 -0.576726115923938
0.00195826135128541 -0.00311894462920909 -0.618056302910657 -0.661057738604116
0.00906260981023651 0.00422607859206598 -0.838428831490199 0.243773143934668
0.00424282733284356 0.0426612967768207 -0.0745638034597366 0.720679727303585
0.00927388694414057 0.0430158635192952 0.385920935461496 0.338481829906576
0.0266089667262199 0.0344693707800564 0.299979588651916 -0.0252467933297727
0.0304188369342063 0.0145327801889332 0.0400353595566174 -0.214580249142032
-0.00350963891552851 0.00830182141298129 -0.0373858646656468 0.150846119641294
-0.0361049292084652 -0.001628208051299 -0.227326627127857 -0.0059187859426345
-0.0332442347729923 -0.0391985365787324 -0.329394769039919 -0.290394494186884
-0.0309968362260105 -0.0386818400825149 0.126431122402807 -0.583842588772549
-0.012835514916895 -0.0302341357253702 0.749904958599876 -0.204005221122892
-0.00591330208984351 0.00639219322683356 0.608240438547122 0.589143747054876
-0.0372666917341488 -0.0187867133562713 -0.0907118103203029 0.622517607106589
-0.0184931676803322 -0.0374079071778932 0.027879691648464 0.107344164065356
-0.0268307029795914 -0.0420733216510123 0.291546002281234 -0.476757904418882
-0.0387703950131426 -0.00166550724567849 -0.270715168072499 -0.902135168713749
-0.00608280299396808 0.00893965188044154 -0.909072443683129 -0.197558108982034
-0.0266968365809628 -0.0137279347447133 -0.416999062219294 0.61558162946794
-0.032368206751886 -0.03219556276638 0.239754153992097 0.462711192958704
-0.0235610787227026 -0.00815299898004605 0.307438142411641 0.0679101189381315
0.00473421880099181 0.0148577359554899 0.042673788491051 -0.181754077441743
-0.00508395824733317 0.0062581657587193 -0.0315654141183908 0.139892653289686
-0.0396986945758581 -0.00436462683884914 -0.224750999499776 -0.0279353103761351
-0.0322201852095465 -0.0444932677244266 -0.293607202725413 -0.321805637050996
-0.0244671704417245 -0.0426848871060486 0.206469044358813 -0.564093950991693
-0.00942454848332097 -0.0327458427648384 0.781115095169752 -0.0984156481009017
-0.0130858979883253 0.00115368163437141 0.533390988729909 0.673010508458964
-0.0385285448986591 -0.0295238299179231 -0.148762664278949 0.613411599939451
-0.0163760016245813 -0.0459805610179 0.0318719664351669 0.0908182087062104
-0.0314657257735993 -0.047552052600473 0.249125119823186 -0.505510275198106
-0.0417449938573285 -0.00362436655575759 -0.379899488010297 -0.847891489554207
-0.00641827542699478 0.00739593335919106 -0.913510326471178 -0.0610069551761253
-0.0271045307901873 -0.0140515238374022 -0.325317501128444 0.663020312867123
-0.0337631633631119 -0.0332673035653128 0.289079164656998 0.432027401019351
-0.0263902544113324 -0.0082032051395698 0.313715631049742 0.0416395622455044
0.00601223706902749 0.0139170916532327 0.042810683230184 -0.193576250086132
-0.00574357091009412 0.00506091050779274 -0.0265567593991371 0.129182724281823
-0.0397349015240347 -0.00494995710084837 -0.221051842555555 -0.0501881242154129
-0.0255152079390292 -0.0458754765601678 -0.249146654942938 -0.350151987610734
-0.0154932382035034 -0.043525470730216 0.291636380865248 -0.532198043461684
-0.00519797333973341 -0.0346506743315832 0.800287449390156 0.0225977502035352
-0.0160086916264071 -0.00441349806321624 0.443437306979451 0.752852399263442
-0.0350734846869758 -0.035601659027321 -0.207674910728256 0.598960185761115
-0.0148641904744491 -0.0480240562314493 0.035031465871953 0.0715306164058584
-0.0332614236628046 -0.0468127050166698 0.201176247473389 -0.53395637330278
-0.0416402418548617 -0.00347211824191527 -0.485896026910807 -0.777856150663299
-0.0055520756748206 0.00577243750031413 -0.896640849125948 0.0729268237052743
-0.02523685774422 -0.00945543944880858 -0.227679200936448 0.697743834004625
-0.0330831569416917 -0.0258935225964668 0.333277175922301 0.397005904653497
-0.0240342926996201 -0.00511362154730252 0.316054940258228 0.0107856943736785
0.00661430401725666 0.0137918673225048 0.0447514267670127 -0.205434456806343
-0.00410412853581345 0.00539833269816337 -0.0236137261820852 0.119554101822153
-0.0356197466513511 -0.00109282886099982 -0.214011341465996 -0.0667665083231155
-0.01705795762891 -0.0409348525428923 -0.203490564297423 -0.371934746961839
-0.00572952358995488 -0.038940730815828 0.36917988773094 -0.492158804798779
-0.00061198594052935 -0.036159171354213 0.802212577651611 0.135014568011556
-0.0137280420528958 -0.00789594123734749 0.345349408873658 0.813415835634242
-0.0307117329733054 -0.0339822556268369 -0.264199834837861 0.578999138209625
-0.0154533140709111 -0.0429985195112951 0.0393761488229906 0.0521430823624945
-0.0336489989799005 -0.0400368322431856 0.152535172675505 -0.555909361422118
-0.0372725164213642 -0.00320254963332662 -0.570837274895049 -0.702777866181012
-0.00373465073417726 0.00479753796979062 -0.866395747397263 0.188421420066131
-0.0216812412684216 0.000294663160755538 -0.133891676642294 0.71841307861584
-0.027913711326701 -0.0147176188056409 0.369233916642377 0.358503624318291
-0.0172424992484156 0.00264437483069436 0.313244773139031 -0.0160010529058046
0.0102634962640595 0.0134478276453925 0.0464536953541849 -0.216469009535453
-0.00139272690848378 0.00673883917450845 -0.020951942785619 0.113488987148513
-0.0277273203141601 0.00652294711479199 -0.206466422477801 -0.0784006733801564
-0.00966421950871341 -0.0306245847828801 -0.165637867686435 -0.384042093053678
0.00098651752642048 -0.0317513055601423 0.426384627699572 -0.456758516531769
0.00629912664394288 -0.0366163539241246 0.792919665934122 0.222186165721938
-0.00772597694824004 -0.0082787654912352 0.266248094704818 0.853498753086538
-0.027675904976233 -0.0251579921378655 -0.304226412253375 0.560074401187372
-0.0188594627145867 -0.0315520232942235 0.0421381075862964 0.0364203381054977
-0.0286728378899526 -0.0293314007990702 0.115688885174543 -0.571479001884997
-0.0285789365207673 -0.00298106547134465 -0.627944439097917 -0.643543485817453
-0.0016586259961835 0.00452148412068535 -0.833520343811113 0.26973002736643
-0.0141738978738977 0.0110577415081551 -0.0635302031207871 0.723642238714903
-0.0196845430148726 0.000194234891216966 0.395676628155047 0.328758018250175
-0.00819824686356137 0.0103709968804612 0.309337478816854 -0.0364091644774339
0.014643486090983 0.0117217317707016 0.0456992646173884 -0.224361470977286
0.00303401826854351 0.00973164845145079 -0.0202929607601216 0.10985332795399
-0.0186700735802437 0.0167513026887826 -0.202713314690416 -0.0824469460166723
-0.00427230484110008 -0.0152879405527475 -0.143057930869018 -0.388744371598229
0.00373703631474946 -0.0218494134934301 0.45751784679577 -0.436886820523356
0.0109465492307288 -0.0362550884978191 0.786761628372982 0.267064442401092
0.000206170852366302 -0.00474512688424262 0.225093084653538 0.87149691008355
-0.0246413684882397 -0.0106032713111894 -0.322287997163997 0.548443253270859
-0.021429615039196 -0.0150943533299822 0.0431898095217013 0.0267472922884707
-0.0227648769028133 -0.0144086197208249 0.0942384205615206 -0.578170629453622
-0.0198736423758102 -0.00385011419300744 -0.656825412218479 -0.613331541711646
0.00262315835264479 0.00439538594585233 -0.812609251813842 0.30893192700295
-0.00582365192022372 0.0227173799835854 -0.029177420027576 0.725437030358628
-0.00896258752494923 0.0155156094169649 0.405454859525492 0.312890069417271
0.00367479884909469 0.0191707235090793 0.305277841544245 -0.0461739642071643
0.0206017229984573 0.0121134385505307 0.0441841244251798 -0.225638039775423
0.00614999346367463 0.0120709740083237 -0.0213218737662961 0.109833506592146
-0.00973240001795145 0.0275776117323014 -0.202593099153833 -0.0797342584973823
-0.000427760552033104 0.000772597311925814 -0.139932670914178 -0.38769051053436
0.00324002248720616 -0.0112767284951066 0.45884937908442 -0.44333998116414
0.0138797887895734 -0.0366970868656312 0.790098803584371 0.259460306577542
0.0107190851434248 0.00294331296346058 0.23320254255222 0.866007274634849
-0.0238154187202262 0.00753714464124997 -0.318684189058697 0.548748461942444
-0.0251829404548627 0.00274320228480182 0.042021168366087 0.0242574410566152
-0.0148879285697045 0.00112285759612657 0.0930230535335447 -0.581867104814466
-0.00897926088636933 -0.00383528196324338 -0.653948598165246 -0.618627093690684
0.00664548718375217 0.0040716191801355 -0.815701345874094 0.299408199994715
0.000941376674520746 0.0346914489744399 -0.0293027640632387 0.723975931607411
0.00183295675861925 0.0303364596285105 0.404771769967632 0.317239118878881
0.0166431272671226 0.0271029654199766 0.301709920410679 -0.043922624898257
0.0248108760980166 0.0121180520460134 0.0421311767716732 -0.222726386098126
0.010017036475627 0.0147219968169714 -0.0241362035903973 0.11347105115183
-0.00112944368340816 0.0359848222479044 -0.205451000272506 -0.0713372220749057
0.00302754049926992 0.014832171397356 -0.158014127639412 -0.38016202701915
0.000963865652344974 -0.00193390758284407 0.432641299642211 -0.471496068262658
0.0148681914312558 -0.0355760830004808 0.802955248825666 0.202586894598875
0.0209436856064061 0.00857337342976918 0.285100876459658 0.841923550096268
-0.0217982289566962 0.0246956079398285 -0.295434379924317 0.560146631325003
-0.0295104146035702 0.0210418864159358 0.0387104905635262 0.0308195945482318
-0.00798745578518407 0.016722053436821 0.113435874905611 -0.578625751028519
0.00091382050301838 -0.00215997194853107 -0.621360277543767 -0.661152594431867
0.00910447716648853 0.00377868317843684 -0.838497542316886 0.246942104140918
0.0041826394307894 0.0427877700053312 -0.069361375722237 0.722406858485423
0.00919723753090826 0.0426847350747777 0.388849305082262 0.338146794896295
0.0266700121230007 0.0338683839253871 0.301304276656245 -0.0269618923897436
0.0296770042462532 0.0130359782422533 0.0402460190100126 -0.214533901090807
-0.0024355343671426 0.00790476768230543 -0.0366527958761742 0.151353866925074
-0.0358549241007884 -0.00100409405210168 -0.228633531290129 -0.00382120181956009
-0.0327292672835156 -0.0387133486364565 -0.328632740518895 -0.289621094308598
-0.0311591317748106 -0.0378334343500914 0.123134817886162 -0.587199084665764
-0.0130369281728768 -0.0305718710081496 0.750441618175424 -0.20875662139416
-0.005784280947677 0.00692353748962736 0.612858661354459 0.585515789765313
-0.0386107983549746 -0.0183810389056436 -0.0884535528328967 0.623820685275302
-0.0182410330239236 -0.0377361812747103 0.0270324583325715 0.10762764928732
-0.0279885181688774 -0.0413048677543306 0.289395265570194 -0.478070113342096
-0.0384067245065811 -0.00211677193819127 -0.275631534111214 -0.90271576643886
-0.00629664401800939 0.00851938910837309 -0.912841520166913 -0.191284922390927
-0.0270720449278547 -0.0121680460499864 -0.412089832492491 0.621562055692568
-0.0324112841762263 -0.0325724267568639 0.243118218531263 0.460935122828279
-0.0229018546222044 -0.00758903217405757 0.309263314967804 0.0651221153074989
0.00718525550913957 0.0139193740776882 0.0417708070010904 -0.182104520664581
-0.00536082836262244 0.0072766309769495 -0.0318716799059392 0.140249701767282
-0.0397379432313432 -0.00391594850220189 -0.227843766511883 -0.0271664540668916
-0.0319584907262996 -0.0451587605289369 -0.296741226517627 -0.320743819549976
-0.0242403955805553 -0.0426777330617188 0.204706158797869 -0.567576898780387
-0.00997914772238216 -0.0324184719298413 0.781977724569047 -0.105739167825357
-0.0129835751485118 0.00196254119606271 0.537986780262829 0.671347055052485
-0.0389892180517911 -0.0287924679435159 -0.1464236943488 0.615430545272881
-0.016893798312306 -0.045707121098194 0.0314058618000431 0.0905261501619514
-0.0309585342565495 -0.047111738463426 0.247895077512638 -0.507486820198937
-0.0420522890876555 -0.00233218384372674 -0.386135640309393 -0.847748481627195
-0.00583107997734497 0.00716840150077017 -0.916198953305542 -0.0562449578579337
-0.0266791843450948 -0.0142304956415435 -0.322738548769008 0.667460050759923
-0.0346117556810952 -0.0332602432083934 0.292648110537894 0.432056080502429
-0.0254152378407665 -0.00822605063256082 0.315510978160182 0.0379713715054738
0.00549318214419005 0.0131371600538394 0.0428992684135784 -0.193964944975331
-0.00539723577382562 0.00547354742183181 -0.0277306402640136 0.128689598749737
-0.0393114820235403 -0.00378904434271519 -0.222316051131231 -0.0480657134525976
-0.0268891159657656 -0.0462904653324871 -0.251931113794284 -0.348619170050755
-0.0153487825119918 -0.0434520980124536 0.289197480679919 -0.536870679630689
-0.00588329430968889 -0.0335390691001697 0.800624663174182 0.0165954692384396
-0.0163195102894638 -0.00500479145633326 0.446979529212216 0.750479685765903
-0.0364679457828502 -0.0348560904966082 -0.20413541796471 0.601363915246127
-0.0152845129467283 -0.0483805825271922 0.0364721516320644 0.0720510320437662
-0.0340702444376264 -0.0464383278279209 0.19854781339324 -0.536620481748993
-0.0414502118944733 -0.0018753925694539 -0.490682420253381 -0.776095284188907
-0.00589857708636197 0.00542536522818766 -0.898142423893763 0.0798592726820353
-0.0251411723659051 -0.00895335365058654 -0.221926924563944 0.701841011500938
-0.032842195424517 -0.026377598906509 0.338069874601955 0.396358296205252
-0.0234825084547904 -0.00463171724471068 0.318244216008349 0.00873954090631752
0.00716265525410631 0.0128170847329813 0.0444898984278715 -0.206151003677119
-0.00457369053066871 0.00587601357419635 -0.0232068260668997 0.120377276652131
-0.0348157591793555 -0.000767803147870392 -0.215544033202545 -0.0656518678518517
-0.0179950308116987 -0.0407716635965367 -0.205484079171853 -0.371427660596973
-0.00610543852207257 -0.0401040801841585 0.368269033875192 -0.498430697323502
-0.000571520245607467 -0.036210489780979 0.804274729786162 0.128925602511596
-0.0142619504893315 -0.00798571377600981 0.350509427088367 0.812695013440422
-0.0308105428809413 -0.0327640626992308 -0.259645434764239 0.582262139617877
-0.0155012861539183 -0.0428639493323794 0.0393926153206549 0.0525006980136662
-0.0341477514946657 -0.0395598334859048 0.150904496971179 -0.556641600582081
-0.0371291717485374 -0.00344615242805273 -0.573950835150031 -0.701727467005459
-0.00386367100002751 0.00421841731270464 -0.867499834426942 0.193719345122713
-0.0214235274113441 0.000135230440599793 -0.130272738842909 0.722084729469857
-0.0278208965082967 -0.0135670109328533 0.373697854259375 0.356115208654609
-0.0171650430441662 0.00216185318832123 0.316386681319061 -0.0186947611473816
0.00991187566656346 0.0118433404218386 0.0462655301461455 -0.216922381551818
-0.00141827871427743 0.0065205976866731 -0.021095027046513 0.112916118054721
-0.0275076065402427 0.00667645958523301 -0.209507496795285 -0.0764196271880431
-0.0102731472093907 -0.0302321171632403 -0.166590667155926 -0.384022764977342
0.00133838632069999 -0.032003842848341 0.426764209875155 -0.460471792883685
0.00558757302398853 -0.0369119842378622 0.796024936365648 0.218130519552474
-0.00822375780673018 -0.00821717248689274 0.272183981009934 0.855276127213966
-0.0266644060534425 -0.0248278288272749 -0.299122451552444 0.562529362073466
-0.0179309306726401 -0.0314700174397337 0.0419757025194118 0.0372266235656694
-0.0303240866924225 -0.0277223875076309 0.113637973800983 -0.572183306852606
-0.0292502546072821 -0.00244870925665035 -0.632987250890416 -0.642434120636815
0.000222798102153948 0.0039868451067685 -0.833596009764622 0.276374862190543
-0.0138986096416003 0.0119359410573987 -0.0582542620876453 0.726737951914757
-0.0197663370489438 0.00110830860822884 0.399406081390323 0.327955264845568
-0.00760796684292935 0.0102690750000812 0.311009931274478 -0.0400651849058735
0.0148238447998604 0.0121025795405988 0.0448910433264374 -0.223855401212189
0.00231142590515489 0.00956632269504504 -0.0209564920490686 0.109921740283943
-0.0185695662289465 0.0170893041291048 -0.205207963556658 -0.0811026510551421
-0.00379376829376967 -0.015482337170371 -0.144691807940119 -0.389054503586668
0.00333520563389903 -0.0216718046178613 0.455285046597884 -0.442676698237446
0.0103071509557608 -0.0369624953285502 0.790206747983263 0.260362110170522
0.000321510888190994 -0.00471854643607225 0.232723637854756 0.869942462401632
-0.0246909932393025 -0.00998333359543357 -0.320051595412494 0.551993270503562
-0.0210843967903272 -0.015718242933082 0.0421027513507126 0.026622364713023
-0.0236377295537132 -0.0141782626585496 0.0911466202398753 -0.581032147005275
-0.0199234496312509 -0.00327204447159862 -0.659944499061616 -0.612106553651711
0.0030928041450888 0.00371381826368227 -0.814479884222724 0.314124599454404
-0.00506610005449868 0.0236974202928201 -0.0241799423693815 0.728407615429154
-0.00844477976858976 0.0166739762039756 0.409831820957005 0.310205522759624
0.00469035468146299 0.0184272559347037 0.306806000074586 -0.0491249020881064
0.0205335946082317 0.0114573394099573 0.0440562301070763 -0.226724775963768
0.00688078207875677 0.0124684542126631 -0.0222630655526325 0.110520263446817
-0.00896394663993828 0.0266112818095385 -0.203654362624369 -0.0790482492964497
-0.000126475263840333 -0.000260145343193248 -0.142388690129488 -0.387200054728392
0.00326365880731426 -0.0117209377794252 0.457714901073621 -0.448199265447352
0.0138764903542665 -0.0367648877902452 0.792846082258849 0.253533736403175
0.0104173356595907 0.00237641311886753 0.238444950174462 0.866066492177763
-0.023290442797762 0.00855727153666693 -0.316004091156982 0.551808974052617
-0.0251593696371334 0.00331474132353229 0.0409696952973948 0.0252138094758037
-0.0147794910609834 0.00142685676518899 0.0901866712332241 -0.583004826320408
-0.00872478613727389 -0.00355361649554653 -0.659311682377461 -0.61676377626943
0.0067042424938839 0.00360891593022951 -0.815520772980376 0.306469003139206
0.00103453613994108 0.0338928285411705 -0.0240387586634874 0.72595697445565
0.00290554799472737 0.0297954447514343 0.409472929578825 0.314697651425897
0.0164330706099955 0.0262186621871347 0.303376226134655 -0.0452665392930183
0.0258029652952971 0.0105878716207987 0.0430345502204235 -0.22452092264694
0.0103248665944955 0.0150970205161335 -0.0245653705539676 0.113419613369235
-0.000755077577814969 0.0366677786370325 -0.206456376173752 -0.0694378000812688
0.00257352672345007 0.0143497097633141 -0.159870068283009 -0.38025741827367
0.00192665578588624 -0.00172105946716109 0.430329310281912 -0.477154724704264
0.0148841889140345 -0.0365729596952083 0.805406764595255 0.195746081040318
0.020697561149102 0.00838912416739995 0.291014396327867 0.841603348388647
-0.0217268084088525 0.0254000916275097 -0.291782734787718 0.563614250227282
-0.0285303132510104 0.0206109137727404 0.039679564553106 0.0311991202653465
-0.0077248059539207 0.0167986642836404 0.110632707345269 -0.5786096053574
0.00126853298811333 -0.00256520978317582 -0.629677626870753 -0.658010185653382
0.00874023225192888 0.0035798885185329 -0.838865536370006 0.256249604063198
0.0039880825447534 0.0431346270088107 -0.063890324716072 0.72496403524751
0.00953867293227493 0.0431046905178041 0.392878677665912 0.335442663287837
0.0285425584225548 0.0329439702826495 0.302011456493266 -0.0299254335390615
0.0301300130678325 0.0116592144482364 0.0393425924541993 -0.215288397758336
-0.00299252655356643 0.00754453696562887 -0.0374470517954579 0.152529572636649
-0.0348761920788466 -0.000451671966542535 -0.230775430698775 -0.0019367402146147
-0.0334614233987323 -0.038867643854916 -0.331363934730754 -0.286429411798188
-0.0299693781072495 -0.0378178640040887 0.119316560353121 -0.590605880170007
-0.0133213160529003 -0.030470368738123 0.752870572632558 -0.217465840776048
-0.00674845862450722 0.00624928082934254 0.618031732914562 0.581822772821751
-0.0394615199042956 -0.0170731028676007 -0.0844332384472614 0.625443655037254
-0.0188589679834146 -0.0380213358670423 0.0289554533578461 0.108266842059954
-0.0277826838535918 -0.0397767407709607 0.286575212616081 -0.480302559432943
-0.0394398859688946 -0.0010683111002402 -0.281897960529816 -0.903168396696021
-0.00565270926438292 0.00840307341431351 -0.917801565434566 -0.185637985558497
-0.0275876820827932 -0.0126426341563481 -0.409661089906762 0.626162329012246
-0.0326078684127309 -0.0328175364130818 0.246488688151664 0.459373978851731
-0.0227787359084416 -0.00750857604574274 0.311082285472376 0.0634082828187951
0.00791679962670401 0.013740288239592 0.0415480325918796 -0.1832288143612
-0.00506442345170582 0.00721171420814008 -0.0320040777420825 0.141148258424377
-0.0389962700264047 -0.00375830798892145 -0.22888179981765 -0.023698786056502
-0.0322341643420308 -0.0456088647715936 -0.297812630133877 -0.319228150275817
-0.0240480770651753 -0.0428234720513001 0.20141757157535 -0.570668023639862
-0.0105410935081661 -0.0328196821501913 0.784342723564103 -0.110768254502176
-0.0137876399400572 0.00183095178519965 0.545949036571758 0.66704201114928
-0.0395932421585882 -0.0286997973455451 -0.140437620132498 0.619086896990938
-0.0154222468788755 -0.0464739597003182 0.0322233976259785 0.0903067318399675
-0.031696120973473 -0.0453642831173206 0.244553586412264 -0.509694670424985
-0.0430850859035655 -0.00157565904232744 -0.392070914033706 -0.845790568052454
-0.00716757782785984 0.00651369048557638 -0.918214902239935 -0.0509548321300054
-0.0273195396739208 -0.0136039578817752 -0.316797153179094 0.673770857189498
-0.0343544499535339 -0.0327606829803043 0.297636679999651 0.431078560507377
-0.0253993474004916 -0.00791898385496758 0.316756307836115 0.0361675128452797
0.00694361839258572 0.0117122944962954 0.0432614462364066 -0.194568131399738
-0.00531080033427918 0.00527253612881283 -0.0280408930570874 0.129493964922657
-0.039375877192717 -0.00346651526315502 -0.223892205323634 -0.0461726120362835
-0.0268899742690302 -0.0463706961530874 -0.254508156336947 -0.348304145694163
-0.0149659865292727 -0.0432076022446309 0.287222086241177 -0.541543808891404
-0.00618474163606909 -0.0342985770675752 0.804528506420932 0.0094452553642904
-0.0165862918734478 -0.00402133768680084 0.45515102053498 0.748927627053521
-0.0360026474779398 -0.0339454114994829 -0.201205315208515 0.60318440558782
-0.0149256242368107 -0.0481643333277005 0.0368371288472731 0.0721208659441373
-0.034133569073949 -0.0460692995739934 0.194510158735395 -0.536772431026199
-0.0423044315022139 -0.00203564418391013 -0.498142905104044 -0.773060918024241
-0.00490162206094895 0.00555217749258673 -0.90127246414206 0.0852404722636488
-0.0260687522458273 -0.00896629891105452 -0.217535308194895 0.70450604734999
-0.0333026544054935 -0.0258980218518811 0.341893655394975 0.394860482400381
-0.0231155191344925 -0.00498866349565965 0.318448453792548 0.00531977812303017
0.00714082072212113 0.0127618609232292 0.0446462739189091 -0.206998211340263
-0.00349913213589217 0.0058320548521626 -0.0237142346510547 0.119698248885264
-0.0353023609038482 -0.000385052544411966 -0.216772304840567 -0.0622308157864001
-0.0181797294068505 -0.0418539849123706 -0.207578915413472 -0.369897013188488
-0.00531455435293118 -0.0400973203622421 0.365804834758624 -0.502852879357456
-0.000429185263929601 -0.0361845180435491 0.80936525808468 0.123325225777442
-0.0151378026375709 -0.00832411207308442 0.358796156274993 0.813210025284421
-0.0311926903692541 -0.0327188484222302 -0.256866953344261 0.584901553181759
-0.0158226294394715 -0.0428350889812647 0.0397774788056282 0.0527526039167703
-0.0336366629937956 -0.0392171171406451 0.147124881315375 -0.559988589458639
-0.0374283690356221 -0.00193746287466949 -0.581788740980897 -0.69835295257108
-0.00261942779561609 0.0038270147537252 -0.868997537642582 0.201258734402789
-0.0212377530072895 0.000942994127969846 -0.123996327737638 0.723464431391263
-0.028371600302421 -0.0132764772516383 0.379193725468895 0.354794280399065
-0.0167859007879001 0.00202383107991522 0.317779004700954 -0.0211253431935541
0.0107362059657226 0.0117993447905824 0.0446676519248747 -0.217466033962629
-0.00156664520072806 0.00682104030390748 -0.0218250468386436 0.113422831927058
-0.0277654308084585 0.00723213177526715 -0.210846321933606 -0.0745592799282135
-0.0110698634748817 -0.031213687402264 -0.168640661056336 -0.383781541704938
0.00115697383202765 -0.0322824537629774 0.42489274577599 -0.467640725351996
0.00551873766551123 -0.0372739376483163 0.800824397141844 0.211723699934212
-0.00844331614825968 -0.00833061003082186 0.280660992121054 0.852653530532792
-0.0268189639935898 -0.0230524768836899 -0.296734085233796 0.565102218173014
-0.0183228406232312 -0.0320871282564285 0.0420473856507628 0.0363601817268581
-0.0299052186781677 -0.0270107850484197 0.110303747561546 -0.574499987257645
-0.0296552938595278 -0.00306431088687555 -0.638925773945143 -0.637523939348337
-0.00103964569422571 0.0032141031342367 -0.836127042126589 0.282408975917874
-0.0132661338636343 0.0125036691115752 -0.0505939186237683 0.730228848751365
-0.0195124672406049 0.000541531149137429 0.403454495565733 0.324134899844066
-0.0072206650752492 0.00968069820317469 0.312100794929921 -0.0424690042037573
0.0151117856399213 0.0118815591394714 0.0438060005857242 -0.225628411209265
0.00255059044508682 0.00924926493399844 -0.021037202775186 0.110568795306257
-0.018719272567808 0.0165465762443425 -0.206310429687475 -0.0784400615242559
-0.00427438509157676 -0.0160155470474305 -0.148312092866538 -0.389830027937757
0.00405356288430919 -0.0217844798084195 0.45598763514447 -0.447758184370877
0.010584172494681 -0.0373547538832379 0.793040108393682 0.254700449395175
8.60939526781783E-05 -0.00427324968725933 0.240513551314374 0.871164524131049
-0.0257955812732324 -0.00911968284286009 -0.317348243092788 0.556177414784102
-0.0211508043625886 -0.0156605305470781 0.0421545077074159 0.0274589229237942
-0.0233741272924703 -0.0131617010795719 0.0869340358718188 -0.580201291146608
-0.020601436731579 -0.00337254018404218 -0.666159566094615 -0.607457066873686
0.00272373735205908 0.00306111816645029 -0.814324742796079 0.320429686424009
-0.00480548938243254 0.0239083819137537 -0.0154281886113919 0.730124913367553
-0.0091799698110717 0.0172091747714916 0.413993045835085 0.309064358668431
0.00524252759163155 0.0182922655006558 0.308564938056577 -0.0510592129821084
0.019985768043451 0.0110969226616055 0.0428792711246418 -0.228188162304006
0.00709791521116041 0.0122064186695932 -0.022028923390928 0.110385467077658
-0.00899634336755135 0.0274001737551052 -0.206129147550659 -0.0767235336386967
-3.06129053544591E-05 0.000635174463124304 -0.145684636318651 -0.387290753120291
0.00435871861312614 -0.0118036060763525 0.456352745763865 -0.454690732133115
0.0126387880768262 -0.037342743913106 0.797339051797667 0.249160759062758
0.0099396293357489 0.000995493724719267 0.245871213681902 0.864473622905869
-0.0234734109931025 0.00850799538144919 -0.312636320517281 0.555079596767991
-0.0253690817327122 0.00282142547700208 0.041276115054446 0.0256081542868819
-0.0145841003177327 0.00280161141049355 0.0867096466518245 -0.584513249248155
-0.00873620205966656 -0.00392940266422982 -0.665084998540112 -0.613615848253344
0.00571991961285664 0.00239845882758172 -0.815159041382724 0.312876785042481
0.00146050860634415 0.0346496626078188 -0.0178075892610362 0.72916849430669
0.00225832849358862 0.0305817934403482 0.412127797473136 0.311939570551048
0.0173236070145915 0.0245713123159126 0.304733401480669 -0.0473823500035585
0.0248731544475859 0.0104526542258779 0.0409578292292351 -0.224542474321365
0.0103428886391583 0.0147429194780066 -0.0258714194644769 0.113932788389947
7.41933298120844E-05 0.036682089264697 -0.207835421069799 -0.068228513975712
0.00271846730008007 0.0136393389269142 -0.162183549470255 -0.379177000876559
0.00212233094736962 -0.00212410614300228 0.426455282750458 -0.483185712186201
0.013907572654705 -0.0368003033571452 0.809557569990579 0.189974159517925
0.0208272080164734 0.00814914337230921 0.296524336189518 0.842101421048891
-0.02225531820998 0.0255639318563748 -0.288585088745452 0.567751516473844
-0.0287581272800539 0.0210480191301943 0.0395638485650382 0.0306306159194368
-0.00719226951061761 0.0172535485112313 0.107516537727228 -0.579777330407495
0.00105936072537352 -0.00115642710303648 -0.635473113616664 -0.654521569986578
0.00897438114273198 0.00273400544259703 -0.839388526504388 0.262443094566913
0.00552317188549243 0.0440113011258304 -0.0568847408111164 0.728459118228057
0.0102717683358254 0.0432563385099975 0.397532798751529 0.333721684194495
0.0288166351878954 0.0332043460750897 0.303728878355734 -0.0317208380355799
0.0299027481012292 0.0111844347098874 0.0392048115317616 -0.215353081863611
-0.00342384737974799 0.00825212008480344 -0.0368366507981747 0.152435653025931
-0.0354717365670251 0.000185873155411004 -0.231622557586156 0.00123903831804109
-0.034318240145502 -0.0392537854834186 -0.335813117242523 -0.284183796781786
-0.0310614778723607 -0.0368665224672954 0.115220991226413 -0.593669940959957
-0.0136120560085736 -0.0304369062663997 0.749983979930357 -0.223428149813443
-0.00622946569070974 0.00650332690252022 0.625506997045932 0.57652797891543
-0.0393967291412285 -0.0165856864974127 -0.0796144613266728 0.628000081718908
-0.0183697496989395 -0.0371676984158808 0.029033889052322 0.107240149874373
-0.0278302579488225 -0.0397680525313899 0.282827660508474 -0.483136647882874
-0.0401906508255268 -0.000431765434541709 -0.291882833187036 -0.903108445851774
-0.00609731892456943 0.008170590573676 -0.921197988705311 -0.177768283134154
-0.0272714757208071 -0.0127064153897134 -0.40292956979248 0.632674195983645
-0.0327848357911664 -0.0325540021949931 0.253859692230429 0.458160478142727
-0.021931309572832 -0.00772854556707917 0.312267027745476 0.0604636554049065
0.00819934442523461 0.0128378838195407 0.0403771392133046 -0.183878188295925
-0.00473252539678783 0.00678096730301798 -0.0316709913873122 0.140558052484302
-0.0397650524248703 -0.0022316881487532 -0.229176400265187 -0.0218304096186766
-0.0329272954722064 -0.045358782985045 -0.300404832276662 -0.316631329616945
-0.0244829545206487 -0.0428842647267701 0.19657801493942 -0.576287410751483
-0.010754299264183 -0.0326837650462027 0.784562314094139 -0.120262819411873
-0.0138520264702753 0.00134321097698697 0.551539433282976 0.663414210306314
-0.0405740006412196 -0.0268417591884116 -0.137671186424379 0.62048860332633
-0.0169405631166926 -0.0456616979695905 0.0327333860560731 0.090627207755623
-0.031974457673857 -0.0449583220899901 0.24099663242914 -0.511829680285722
-0.0431936343205593 -0.00186927438726427 -0.40067110423009 -0.844873307836626
-0.00562383147328423 0.00610031220068359 -0.921876039033933 -0.0414484460034853
-0.0268527985540674 -0.0131553283816862 -0.310602016785859 0.677148231889069
-0.0354780958016975 -0.0324204093268515 0.303220562575541 0.428306040011979
-0.024135712780478 -0.00834726319547405 0.31895761457374 0.0325641071509604
0.00720527489614833 0.0118431826462541 0.0414034826842552 -0.194598864553901
-0.00530558040893252 0.00519379351188792 -0.0277052036438609 0.130154707402132
-0.0396872792054148 -0.00281405574156099 -0.224512478542545 -0.0437335495873102
-0.0279590765205981 -0.0473206673738184 -0.256482666760724 -0.345213376884064
-0.0159763563240659 -0.0435314744071167 0.28342594640325 -0.547063712687431
-0.00730195400484651 -0.034779214040232 0.807022884559433 0.00278628567892218
-0.0168709595343884 -0.00450967392459758 0.462847153081379 0.745715223752387
-0.036670259529743 -0.0338444720259121 -0.197586776913222 0.608680841191997
-0.0158060827905229 -0.0483786272981819 0.0364886216950596 0.0715732106853769
-0.0347406088322973 -0.0448828974038025 0.191644296915794 -0.540767357457338
-0.0431805713913338 -0.00162058181526345 -0.505301667826539 -0.772352718107904
-0.0045569353734627 0.00454295465830261 -0.901962572590643 0.093689805697028
-0.0267306397624142 -0.00889008251007843 -0.210544090443665 0.710279273949762
-0.0344092595564997 -0.0251590112028488 0.347957180983047 0.390427718592833
-0.0231191786031312 -0.0042197392537018 0.320155664433161 0.00296247164743026
0.00787942125026822 0.0121507889301099 0.0432031349220962 -0.20717591583002
-0.00346585747308443 0.00557114080934084 -0.0240099955330329 0.12053182749264
-0.0351176453327904 0.000117190252119087 -0.219402243828659 -0.0607436220465999
-0.0193444566900026 -0.0423531135256097 -0.211590821190027 -0.369740183443641
-0.00584335384299681 -0.039716636394183 0.362723593181312 -0.509221914503293
-0.000756669753186556 -0.0368072611468715 0.810538033537467 0.114839637466688
-0.0150811424671992 -0.00871182730639714 0.367217926546353 0.811082753499764
-0.0319146141465353 -0.0320421626176349 -0.251690828784668 0.58862684954695
-0.0155894203316425 -0.0430456654577714 0.0391336398432857 0.0524774604949149
-0.0353788773864216 -0.038286969401798 0.143774584061692 -0.560473885707462
-0.0379046815293505 -0.00122994519262641 -0.589539782163794 -0.69613434114049
-0.00291365911191332 0.00323129386283439 -0.869464729490231 0.210181316063703
-0.0204336138876724 1.95072748402705E-05 -0.116179310183774 0.726007502118821
-0.0283108061470149 -0.0134689896038365 0.384002839687302 0.351452411237285
-0.0163087590380009 0.0023454467568192 0.318854219970541 -0.0248714288561124
0.0114317653445283 0.0107217147608265 0.0439544784220837 -0.218507396618845
-0.00113048558711402 0.00670171037716799 -0.0217728178863641 0.113933402496698
-0.027065282290022 0.00745325719200467 -0.213170503333417 -0.0715236570140193
-0.0111997889471525 -0.0311985102154168 -0.171936336354543 -0.382809299872061
0.000613670037324243 -0.0319655595964226 0.421169759234499 -0.475422604344014
0.00479219462107555 -0.0369871513616463 0.805576639977013 0.203688115460381
-0.00907694172366819 -0.00855713502951757 0.287172121094335 0.851924596114852
-0.0278364421497738 -0.0228852283832391 -0.293437916516496 0.56889005347498
-0.0176235030008246 -0.0316081899796476 0.0426238470235737 0.0366548513719773
-0.030588775456656 -0.0263405767735522 0.105909726763358 -0.575080354315377
-0.0304865876850799 -0.00204121881986095 -0.646819608350236 -0.633003938636173
-0.000420939610716896 0.00293281320307259 -0.834045862937401 0.291154057042128
-0.0136219208729308 0.0122608623915516 -0.0442170388954578 0.731627733155092
-0.0197618989301945 0.00138860735073395 0.410784415864501 0.321238589676361
-0.00650994277780083 0.0100314209627994 0.312703865379444 -0.0448201247132408
0.015887706725296 0.0105536835639683 0.043055407349866 -0.226172947156219
0.00279720827582339 0.00911536830118649 -0.0219312512007587 0.111094403758511
-0.0177515596703834 0.0176993708268675 -0.208394932961332 -0.0764909267836893
-0.0049992906838398 -0.0165223400557537 -0.15070555215567 -0.389841201004054
0.00386607738375775 -0.022077963994304 0.45240457829246 -0.45444114171948
0.00916926190726437 -0.0381198630578598 0.799655923455684 0.247351760356509
-0.000663292577356249 -0.0057006699144197 0.24845878256121 0.870438331613713
-0.0252178702539447 -0.0087814613005368 -0.311040786581559 0.559097640347823
-0.0214668706953819 -0.0152684868093215 0.0431077871052387 0.0271449974984154
-0.0233115002432324 -0.0127115958802748 0.0826397503010281 -0.582474877926335
-0.0206843679508807 -0.00245278168581341 -0.673710692194873 -0.601916141216823
0.00348850117163659 0.00303748793963324 -0.81511657728597 0.329982261300725
-0.00580953942276567 0.0241257121774817 -0.00791922621141393 0.733281778330173
-0.00862836037717687 0.0169205059858997 0.417869718858311 0.304719462603766
0.00604398383578411 0.0174307273375909 0.308989157406613 -0.0540483575427521
0.0207806167149457 0.00988708391104835 0.0426548110822507 -0.227597520175999
0.0067875711417299 0.0114769798847568 -0.0226847510767467 0.111513548342202
-0.0082693080174107 0.0284965954800106 -0.206899965842692 -0.0748347323377252
-0.000384455110676124 2.9469905655677E-05 -0.147366896281527 -0.38711609226806
0.00430641384656973 -0.0122523488126607 0.454388825661449 -0.461771217699609
0.0129971772021108 -0.0375247876509228 0.800630053286922 0.240923869843866
0.00979347334324085 0.00100168769125872 0.25382712340468 0.864649484168042
-0.0239860776249131 0.00938340974470065 -0.309010277689915 0.559105870580842
-0.0252955724741423 0.00331357141282396 0.0419610083975698 0.0255150969296865
-0.0145923444167623 0.00264845043874763 0.0816428337428878 -0.584905531230271
-0.00996660518584686 -0.00337877160377583 -0.672822776997207 -0.610543256800111
0.00581018943180421 0.00244040757026009 -0.815471986429494 0.319926338791436
0.00242411727487893 0.0346320018503202 -0.00852810802937288 0.731159024556537
0.00229415952965167 0.031300281529497 0.41689155080339 0.309768390187497
0.0180842733253308 0.0252716599444599 0.306788071403338 -0.0505806688223799
0.0253336272615043 0.00917893913495244 0.0407908217777126 -0.225340117696792
0.0105697798428243 0.0137587816235633 -0.0257908994018853 0.114584058706807
0.00103319064127897 0.0368346906744822 -0.210547366447157 -0.0666760534036877
0.00236546619693272 0.0136615288121614 -0.164918204761898 -0.380088700605933
0.00130962549750388 -0.00202855145401024 0.425771069544703 -0.488712346716728
0.0138276244749403 -0.0360892649852543 0.813512748852177 0.182007404289121
0.0200396940875429 0.00720405749368771 0.305943614863785 0.840903948754309
-0.0215814945917192 0.0269238990595863 -0.283649689613424 0.57031069588518
-0.0286748902458136 0.0210926589255686 0.0395543090842392 0.0320503898079899
-0.00797743033202007 0.0169674542980883 0.102060562762474 -0.582527064406998
0.000671967010348335 -0.0016291176770661 -0.641914898643424 -0.651594464417994
0.00937122933860647 0.00193881310076591 -0.839397182133645 0.269622290969014
0.00598976705163888 0.0443684419363238 -0.0498767870482275 0.730975725322723
0.0103499703579409 0.0439794645300595 0.403583636980923 0.330185803070377
0.0294408715373984 0.0322933004369401 0.304356925073397 -0.0352580399379827
0.0296235869290722 0.010072754496521 0.0383190817556977 -0.216144103427068
-0.00266620770117042 0.00739456576179163 -0.0371312173405338 0.15246304172054
-0.0351210354927564 0.00088916826295562 -0.23265517154107 0.00330829652648669
-0.0345106678799098 -0.0389830066885876 -0.338239426274666 -0.281040018916095
-0.0307819120417222 -0.0369734039062334 0.109954278513027 -0.598157442245389
-0.0142944470281065 -0.0311222469509712 0.74817875580099 -0.235690224876858
-0.00663683505973382 0.00523499782111397 0.631956847547561 0.572410451423139
-0.0398569055281732 -0.0157305515241115 -0.072862356944444 0.630534149514514
-0.0183390654228324 -0.0371091542704434 0.029456844741725 0.107752766788996
-0.0284928970156417 -0.03830721488955 0.280114528870463 -0.485352006516198
-0.0405501856065993 -0.00020919356883169 -0.301720285647756 -0.901230970685008
-0.00557622648880752 0.00764321774185348 -0.925499052780978 -0.166980550252679
-0.0272530566861251 -0.0120512784582981 -0.396349299869294 0.638016752295547
-0.0342938568430001 -0.0320549427093308 0.258555847940572 0.457971770285389
-0.0225814817863778 -0.00710138184986668 0.315153613155601 0.0575198194985245
0.00890464639872466 0.0122869901270626 0.0395165716569832 -0.184606351015217
-0.00429037865447226 0.00658749495894565 -0.0321221660930244 0.141925327557725
-0.0397330175742947 -0.00187397479700362 -0.230787612237785 -0.0189070626593285
-0.0336180177845689 -0.0450431891834444 -0.30203108130381 -0.313588514186008
-0.0246787478134455 -0.0418435158489208 0.192264956320035 -0.580862438247528
-0.0112451981968792 -0.0326055940310333 0.786531472115596 -0.128022576975764
-0.0135379469836924 0.00112462142668118 0.559559953874253 0.658375850945182
-0.0405626856971558 -0.0270467260631998 -0.132784065841344 0.622653898179805
-0.0171569611732045 -0.0454207357574535 0.0339090112064269 0.0908591038383261
-0.0326496690856298 -0.044428822685296 0.23670026446921 -0.514894001763738
-0.0435629103800911 -0.00112591907830667 -0.410399625102858 -0.840650992160328
-0.00598432347105711 0.00645848198054286 -0.926346952747245 -0.0318436756803879
-0.0275770162852273 -0.0122923837379781 -0.30478365436374 0.683681625953845
-0.0364223417645132 -0.0320455263253858 0.308931667485452 0.425779111058701
-0.0252252224519063 -0.00845277388569755 0.320227082690449 0.0295381555990815
0.0074907371201812 0.0106952021342759 0.0413091870602555 -0.19617854449457
-0.0051716501956291 0.00584783944283393 -0.027520906038998 0.130353782700558
-0.0391666830516768 -0.00243393002383993 -0.227583613114648 -0.040477041974636
-0.0282015561457545 -0.046718416336155 -0.260572972363831 -0.344360739413067
-0.0152222543990421 -0.0431757632764046 0.279590306766101 -0.553820268669212
-0.00725765796225677 -0.0346566274037553 0.808488760114208 -0.00643850280047765
-0.0171662116841945 -0.00457780210283935 0.471043126447018 0.743328968255292
-0.0380705109096326 -0.0328842755821973 -0.191923830028883 0.610352525567913
-0.0155274732202148 -0.0473607941624354 0.0376797225564832 0.0711866139650343
-0.0352348869895346 -0.044115773007792 0.186678308784251 -0.542179325012546
-0.0430801861419705 -0.00114493916350233 -0.513167424484495 -0.767102998710783
-0.00562169360893054 0.0043818691458007 -0.902601247100975 0.103176891530799
-0.0251117304335909 -0.00817122980302078 -0.201840475903946 0.714103595746384
-0.0350528750353205 -0.0245031310147583 0.352522192298197 0.386574244017597
-0.0225455005966925 -0.00446288761460756 0.32165871483739 -0.000371842671565902
0.00835207948736895 0.0103329661610011 0.0415347771827858 -0.20827105164395
-0.00295083830103851 0.00487113564047946 -0.024458399343493 0.121443935757163
-0.0349046652793674 -0.000103267987517361 -0.221951941906039 -0.0573771887831155
-0.0198565122709634 -0.0424406997411638 -0.214810300421596 -0.367548293965032
-0.00595633653238881 -0.0396950807502192 0.359072989018912 -0.516312148660109
-0.00175844601415695 -0.0362326208985905 0.813347181311343 0.107248227853466
-0.0155221102385134 -0.00889640542228056 0.375429134680014 0.809038657550804
-0.0330497154754723 -0.0310706355872998 -0.247030582802521 0.593366740075243
-0.0162368903297189 -0.0424247545841796 0.0400238994529787 0.0526235812438164
-0.035111863495726 -0.037473318701139 0.1377989264792 -0.561815690990305
-0.0387507183208374 -0.000574258233217932 -0.597415532356651 -0.690709893208724
-0.00307681360422097 0.00359030387162575 -0.869061884566407 0.219832797528664
-0.0209069957241202 0.000903809358024577 -0.108815953161774 0.731372733443996
-0.0290200312717042 -0.012345355620745 0.388952620675509 0.348509258165161
-0.0157590021685714 0.00240776451796773 0.31873750734673 -0.0287775685198634
0.0117307867552078 0.00998411441356927 0.042423497510413 -0.219576463415173
-0.000324906872067712 0.00710596668546671 -0.0223890504780337 0.114199634699471
-0.0266740600663111 0.00747249618785378 -0.214794887812678 -0.0707391579077305
-0.0113194374525608 -0.0316939754419268 -0.175950065217264 -0.381870112587058
0.000417572267909796 -0.0323161388561481 0.416826291503675 -0.481037270765916
0.00439783045893405 -0.0373188673763104 0.807785243602622 0.194807672764745
-0.00901578780767058 -0.00870498501601642 0.298562720366374 0.850786730121688
-0.028115211519958 -0.0226866949177627 -0.287197985236402 0.573187076149438
-0.0187592245625394 -0.0311302001040634 0.0424391399848953 0.0367649641447309
-0.031385056528756 -0.0256088963386405 0.100543645423182 -0.577266552266065
-0.0316188740349282 -0.00186565870669604 -0.65292384413492 -0.627672863685622
-0.000168587584494173 0.00244450104228181 -0.832082935060353 0.299563315487678
-0.0136855058503807 0.0123348737775931 -0.0345288521529221 0.73600442352931
-0.0203084793176286 0.00247760682360972 0.414412865415023 0.316027640851197
-0.00504851956002815 0.00945990606767727 0.313763220772832 -0.0488985857308387
0.0162078810140899 0.0110179144051329 0.0425206930174145 -0.228022163391226
0.003272807855049 0.00942110167983509 -0.0212517324790001 0.11112060190551
-0.0173351392231654 0.0178122108554904 -0.209805294084818 -0.0743888947344117
-0.0057041995239236 -0.0166272783324156 -0.154067209845443 -0.388367459218322
0.00367065452552053 -0.0228307831475075 0.448946977841725 -0.462083612111734
0.008748030207228 -0.037825897287767 0.801180427362681 0.240389667057578
-0.00113198105107002 -0.00471165136182062 0.258278475565633 0.868822874453621
-0.0253985225024089 -0.00798281045874136 -0.306223136991392 0.565253051661683
-0.021439490236004 -0.0159630318138882 0.0428491365146127 0.0284580066622451
-0.023394738941136 -0.0123353927121654 0.0774194350021634 -0.583627847120866
-0.0209491676897988 -0.0022227068625459 -0.67891398099613 -0.597499282236902
0.00303511318697383 0.00250184502924736 -0.811404680804046 0.33871467709736
-0.00396200854352721 0.0247290768211802 0.000938376499890922 0.734537784273375
-0.00880049411433589 0.017252181699742 0.42495467022265 0.300707245326564
0.00709916154720489 0.0171099283764071 0.309573052556401 -0.0582216545424838
0.0206687132079158 0.0082181533278761 0.0403647223866879 -0.230018417957603
0.00761703185919636 0.0120014269948635 -0.0225066845018465 0.111634671349546
-0.00767920307702858 0.0285251499500434 -0.208433947797816 -0.0726655741429434
-0.000646725120169302 -0.000381829888947106 -0.149227251517321 -0.385543100624174
0.00366556636274857 -0.0112245120521189 0.449470324931464 -0.467191217195976
0.0119804427878775 -0.0377480745965475 0.804100317001643 0.233485497299715
0.010036779233357 0.00131082723948273 0.264093710850418 0.860448627468087
-0.0240990784744722 0.0104834386956263 -0.303006842411235 0.564173978134852
-0.0255876398405346 0.00364591186512556 0.041199019976131 0.02540142164372
-0.0137684551585163 0.00329744180153082 0.0758659169157139 -0.585934979610599
-0.00965457808530288 -0.00220509262197706 -0.680072827839156 -0.603419825134277
0.00712695605273334 0.00166890395973587 -0.813717357804416 0.329760994892863
0.00271132767575062 0.0346822480504756 0.000539722870224947 0.733079528329959
0.00212384784252788 0.031204687024585 0.421210989722212 0.303551113806479
0.0195987524514676 0.0247997162347638 0.307105647621582 -0.0545110088677805
0.0250031159493757 0.00869621439483899 0.0389032911857383 -0.226588446345305
0.0117009123899357 0.0127967662590854 -0.0265164308818782 0.114992915239317
0.00150618899144214 0.0364753996057103 -0.211377227414499 -0.0634732873682419
0.00247586198585815 0.0135624043170281 -0.168043580179912 -0.380184238358683
0.00258355825739441 -0.00197746210791034 0.419633324978195 -0.495568853928365
0.0133216384477878 -0.0369304808652127 0.816755546173341 0.173148723407771
0.0200296837213508 0.00769912517563336 0.316789039330808 0.837060660835282
-0.022012887550947 0.0271846193436718 -0.277492229045591 0.576698841414135
-0.0275885912878196 0.021229922560345 0.0395748193201926 0.032317311225717
-0.00611630167350874 0.0179904588672385 0.0967837758164734 -0.584743483799429
0.000192777546037425 -0.000359337619494415 -0.649149265012395 -0.645843843371847
0.00959027232001769 0.00209338747927721 -0.838963263649738 0.279726321387218
0.00640528502093988 0.0436894345540844 -0.0407877331624771 0.731735824298032
0.00977465524617605 0.0430898853063976 0.407516893244538 0.325496918134573
0.0301849544104651 0.0315535996166966 0.306484159603319 -0.0378372452883241
0.0292467869247891 0.00977531735888507 0.03763248082835 -0.21806647452264
-0.00137838962053981 0.00734355318997235 -0.0361387192535 0.153522951403468
-0.0345778970778256 0.00189925044177566 -0.233369797416667 0.00753487545091283
-0.0361273591251406 -0.0391722964150494 -0.340604553111241 -0.277269814133952
-0.031420864962628 -0.0370749527329972 0.104489773979284 -0.602126467284906
-0.0149255732342348 -0.0305917830265418 0.747391578418403 -0.24399182011127
-0.00657099856631225 0.00574472328145629 0.641823989447627 0.564850023227133
-0.0409701162174037 -0.0149096617616288 -0.0647303327715108 0.634157922364412
-0.018492777981669 -0.0361343807012489 0.0303879107973413 0.10712906544674
-0.028536792465366 -0.0381212697950187 0.273854549995276 -0.488801061318895
-0.0409956007636673 -0.000137369009424178 -0.311336438779185 -0.899016558365604
-0.00541129241498437 0.00782403859106862 -0.928183692223487 -0.157076721826188
-0.0274775636805144 -0.0124419400940031 -0.388284356683376 0.644979033503901
-0.0352132904363842 -0.0308242453508922 0.265737393198334 0.453783766152004
-0.0216387148770319 -0.00672697379248522 0.31669990645853 0.0540049958849655
0.00870690008643659 0.0116272372095399 0.0388655750858071 -0.184776876381095
-0.00354136996636355 0.00649185854741384 -0.0328866126350539 0.141720717617664
-0.0396982224193449 -0.00118932343522561 -0.232417312385806 -0.0146452963518821
-0.0344196566586676 -0.0450577278576335 -0.305784999545493 -0.31028527936908
-0.0248173826646684 -0.0422236689905141 0.185080708996134 -0.586675080838312
-0.0118234828816408 -0.0325576364354783 0.784764018465056 -0.139444177884332
-0.0141229335327559 0.000549438101890095 0.568955576097575 0.653483413887298
-0.0411277060158819 -0.026176803641858 -0.126556548410589 0.626374048806061
-0.0170034982075806 -0.0449729945522515 0.0346420707391232 0.0917104008059826
-0.0335987533012292 -0.0438138253421329 0.229569354653885 -0.517428602604111
-0.0440602645562809 -0.000377128356848642 -0.419084369851998 -0.83774759296738
-0.00661657881031143 0.00627647849319267 -0.928034135096904 -0.0217923084083083
-0.0283258565033555 -0.0124852191011292 -0.296425004006144 0.688735883238368
-0.0362274225925286 -0.0314970830021847 0.314690300598864 0.423648993561013
-0.0246655643707966 -0.008889020251665 0.320751719683129 0.0262552759563834
0.00819750195315792 0.0105788944966818 0.040187946398071 -0.196973627243852
-0.00362039686447267 0.00564590592614678 -0.0278764471998491 0.129724982078309
-0.0392819078707779 -0.0021201343656795 -0.228392529919722 -0.0374186865418229
-0.0290808993680386 -0.0469900589135491 -0.262563491151548 -0.341411806605169
-0.0159538029464236 -0.0421822169984143 0.272913370406524 -0.557950945546827
-0.00739997782908724 -0.0349725203591263 0.809045462640298 -0.0167418206780561
-0.0177572515976195 -0.00475947449219813 0.480658943037726 0.736476407081252
-0.0375188523475775 -0.0320637702984155 -0.185256824444001 0.613043463786473
-0.0161731034552744 -0.0468120766037246 0.0379102481639676 0.0715109447251342
-0.035942677965661 -0.0434201794031666 0.180925589449891 -0.543617463985304
-0.044192802980041 -0.00068353803127073 -0.524812528583967 -0.76408810541093
-0.00522805527544525 0.00488986177641545 -0.904069590248543 0.115434508660866
-0.0259454044060195 -0.0066577601429658 -0.193693176767897 0.717453761124949
-0.0351363145624242 -0.0246284285026396 0.358957831084703 0.383287802272708
-0.0216479859228075 -0.00432090301327481 0.323775669732327 -0.00379617276100146
0.0089863475980809 0.00970276481507236 0.0409583936859465 -0.209071143296712
-0.00324068961432168 0.00527477295597204 -0.0249006510786899 0.122145558567662
-0.0339324813519823 0.00147859117226508 -0.222397014134062 -0.0555104887314184
-0.0206357990647362 -0.0424729173593225 -0.218548936814463 -0.366051532021504
-0.00675693083381263 -0.0393907259121101 0.353628058261943 -0.520932800088023
-0.00207012906670646 -0.0372763085294673 0.816043959823123 0.0959069603547947
-0.016121388524076 -0.00884163160506897 0.387077017500781 0.803156060706087
-0.0329023070702795 -0.0309863819460994 -0.240442726492254 0.595235841884494
-0.0167861334005107 -0.0420329053583874 0.0399005890195102 0.0526443113847114
-0.0359955633726579 -0.0362981682331364 0.132608850750901 -0.563970653637973
-0.0392729439307873 -0.000235430700846546 -0.606761892364826 -0.687039082923825
-0.00335717860480885 0.00250089506674961 -0.869707439696673 0.230936311969589
-0.0212862003279665 0.00142268886288763 -0.0979726805087895 0.733328669259191
-0.0291425375549937 -0.0124373989241524 0.396540851342596 0.343497556018549
-0.0163427789040263 0.00201397953353242 0.320950926185147 -0.0334414932100808
0.0114943111876566 0.00900055768783714 0.0408935546808956 -0.220023934815496
0.000109551679256066 0.00682929786637444 -0.021101798323593 0.11456640035384
-0.026855131333336 0.00818584323441962 -0.215530334036494 -0.0665702066751017
-0.0121694097400081 -0.0323676734996064 -0.178597041686782 -0.381976515238362
0.000535892468265091 -0.0323222919529589 0.413139378997257 -0.485768989389267
0.00365452954772512 -0.0371512007864022 0.811656851808745 0.186404446948108
-0.0103046974290517 -0.00939680500020419 0.307873970472074 0.849284237982956
-0.0282161466414117 -0.0217433513321574 -0.27929092141094 0.579463573017213
-0.0175468953314761 -0.0306333870769732 0.0421394327047472 0.0363172169437977
-0.0312898181004515 -0.0261167142708624 0.0950654320519781 -0.577869519581666
-0.0312797512360941 -0.000762822348272678 -0.661825582478647 -0.622868723273609
5.09718973035894E-05 0.00217958463627632 -0.831245479816186 0.310504904477147
-0.0120334057108408 0.0128903118601837 -0.0247735036318156 0.736412309605007
-0.020518053307727 0.00245637370272885 0.418931565477383 0.311485224081954
-0.00560036980566189 0.00952864671973406 0.315314664022524 -0.0525795176582241
0.0163312783409886 0.00900744446871412 0.0404446276087786 -0.22742304115567
0.00385088697901704 0.00886313907739697 -0.0221330773630828 0.111607886978678
-0.0173526303247238 0.0177746043640721 -0.211720890116888 -0.0715150723462049
-0.00494561973958302 -0.0162607596793933 -0.156884499937599 -0.388066594444603
0.00326227466562824 -0.0226773000543915 0.444208348747012 -0.468176299444947
0.0077168242179282 -0.0380587187733499 0.805948138157581 0.230736140645692
-0.000978258537472392 -0.00523382694755677 0.268406365168346 0.864997169755674
-0.0254291378191941 -0.00699395033382587 -0.299913103682883 0.569421187304913
-0.0210968509128328 -0.0151057694032208 0.0428681291115173 0.027494608528226
-0.0236850144038591 -0.0115514447536264 0.0713878148880243 -0.586142146216618
-0.0208057274877489 -0.000873353038733898 -0.689558785356974 -0.591481735858432
0.00315099755526975 0.00224058806020288 -0.809702612724636 0.348377235700441
-0.00462112674339128 0.0241918196730235 0.0107816045076043 0.734504322364436
-0.00979448666476278 0.016773900612452 0.4283305752583 0.295826752075223
0.00721576409185984 0.0165914492820774 0.31128057275886 -0.0625100061939375
0.0205807754000915 0.00782882392360648 0.0399413248874585 -0.229719962185491
0.00775155604493111 0.0124332628832817 -0.0230857226931846 0.112434264947579
-0.00771458427841227 0.0283557192812356 -0.210497641277593 -0.0691470935115243
-0.00125223232112562 -0.00103457732927791 -0.154651318099806 -0.385568639067938
0.00376594049905586 -0.0120899146754108 0.445627959806132 -0.474163305915363
0.0116947343684641 -0.0376565545578485 0.808719693089594 0.223059523469915
0.00834036193431433 0.000732195069227826 0.273352148923669 0.857652377779825
-0.0240078259788392 0.0103465673772022 -0.295447657602586 0.568374392420603
-0.025414583728396 0.00383296414611892 0.0413418359510666 0.0253962850386484
-0.0141202094683617 0.00343775799770744 0.0706214404835333 -0.588549627413324
-0.0106726614203667 -0.00148529284897978 -0.686560359680059 -0.596837328138412
0.00588525240806708 0.00208036071726316 -0.811608650694972 0.339607366927024
0.00348699227988028 0.0345468968167577 0.00994418355606148 0.734952172693939
0.00299084314901059 0.0313052417819063 0.428053428769732 0.300132292343493
0.0193774931402103 0.0242279166310355 0.307296374670527 -0.0574444623153186
0.025024782193695 0.00727610908124335 0.0371438494267195 -0.226187720877529
0.0109109095362973 0.0134333401798545 -0.0266232699538003 0.116096349500781
0.00174831500999684 0.0370703339229085 -0.212466441924971 -0.0608305155690452
0.00242911265167994 0.0131954811147078 -0.172922894405951 -0.379346936200303
0.00263865124955852 -0.00259545523275354 0.415689957952677 -0.502377816890925
0.0119120578174479 -0.0367374989324609 0.81694220540795 0.164198739859713
0.0196879478444854 0.00655245933921843 0.325023762537859 0.833456824199848
-0.0213359379402093 0.0281522931024081 -0.271051463456873 0.578902992598384
-0.0280184358258589 0.0218778535832424 0.0398553464875683 0.0309439732218931
-0.00674861081369888 0.0181667772771987 0.0912130070405492 -0.585834003736262
0.000999726185681456 -0.000332753062923605 -0.658627190691697 -0.638167730786916
0.00913388950726268 0.00110433900295846 -0.835098270842214 0.290738305866109
0.00763308141981408 0.0442084725193256 -0.0295278626174281 0.732913798332702
0.0113077117929549 0.0442765756210302 0.412971938142067 0.321971749065267
0.0300048218028683 0.0302410960816127 0.307883390139169 -0.0413479499109191
0.0293434566777553 0.0073206134209951 0.0361717255026419 -0.218935707847745
-0.00190923225695583 0.00732161275439369 -0.0363021097984097 0.15326141260266
-0.0342787249095022 0.00262247328469254 -0.233794370645609 0.0114923993880914
-0.035657603256057 -0.0392875461186842 -0.343585351278146 -0.273058474359619
-0.0316381750053496 -0.0362753804526647 0.0954389880654592 -0.604133521971615
-0.015242146962919 -0.0301837383994797 0.743455526495385 -0.254123074858924
-0.00744062762750446 0.00544077536457078 0.647527892616576 0.55691809503674
-0.0409121549351584 -0.0136440016825675 -0.0574685428297942 0.633343458034147
-0.0192962122333043 -0.0366629466277611 0.0320123482408577 0.107005418366871
-0.0293536683181843 -0.0368916287988472 0.268896736930775 -0.48969186603791
-0.0411572218870069 0.00177730706319785 -0.324429226506764 -0.894417481598278
-0.00480806795208087 0.00604610486906075 -0.932057703623479 -0.145878689547441
-0.0285975108942107 -0.0107608665547437 -0.37895001128064 0.649081765816436
-0.0347500854434552 -0.029995460487605 0.271856884143821 0.451294309726747
-0.0215722844262791 -0.00632497247436247 0.318650945142591 0.049187035471013
0.00892109390049405 0.0108677712303163 0.0370846943857807 -0.185356483452924
-0.00341381137731259 0.00588452847948768 -0.032048432458143 0.142128288134393
-0.038737684186689 -0.000961172437184457 -0.233018873435927 -0.011894752005769
-0.035453709087166 -0.0453948654631907 -0.307942149487229 -0.305385167138482
-0.0253959869350623 -0.0415612240860829 0.178709946688622 -0.58981806599423
-0.0127464780866187 -0.0330458019555881 0.782301518194241 -0.150772412515307
-0.0153056310966567 0.000672431845557634 0.576872319705629 0.646059014127844
-0.0425974736388435 -0.02496979185913 -0.115721266602105 0.629525162068529
-0.0173733141288921 -0.0457140392201029 0.0345692083945094 0.0904675679679704
-0.0338413052728648 -0.043570828458052 0.223228593169537 -0.518818760798452
-0.0438147359164364 0.00161690385052657 -0.429281309265893 -0.833149863429976
-0.00606396930805005 0.00516544304454245 -0.927273771621772 -0.0108611666335977
-0.0278300686025313 -0.0114770681042759 -0.284842443590499 0.69323703251375
-0.0368497703171088 -0.029987403143508 0.320438831131786 0.418055841789577
-0.0239424149665382 -0.00777461147275144 0.321584161401455 0.0213991910695806
0.00827068269063712 0.010002265233194 0.038149324343039 -0.197707883317112
-0.00398558849059498 0.00495342562939999 -0.0269913545109638 0.131511459587762
-0.0390623095753214 -0.00137846078724981 -0.229729253920998 -0.0343507565697496
-0.0295723685397831 -0.0460241653887713 -0.266093335459808 -0.339296292777257
-0.0163489318809262 -0.0422659516963531 0.267271398044477 -0.562499901297908
-0.00873741154017419 -0.0350863868520932 0.808888885422679 -0.0282547120221854
-0.017617247852713 -0.00428976665084155 0.489583258623077 0.730634789156725
-0.0387982967391375 -0.0308989306258499 -0.177226738664618 0.617080007953135
-0.0166718272900617 -0.0474324159391678 0.0384583644165995 0.0711778833513309
-0.0371665883184119 -0.0433680853295603 0.173655971991455 -0.544227854979315
-0.0437844907086255 0.0004190449646337 -0.532762550987983 -0.757584993867718
-0.00459888609723949 0.0037999489632554 -0.903842242251771 0.126513646290589
-0.0252860167022901 -0.00637642483686748 -0.182477686589147 0.722126966020145
-0.0362274216919958 -0.0232724176414148 0.3642591852322 0.378242007709487
-0.0215615671408576 -0.00408173094449911 0.323779999235435 -0.00990584978279361
0.00929455770641251 0.00927615211721365 0.0383376466201125 -0.209844355462509
-0.00274647689091193 0.00548437384002914 -0.024103813435052 0.121784674287307
-0.034387274211336 0.00220169865017987 -0.22244241268749 -0.0520437669204004
-0.0217038128171179 -0.0421799983498407 -0.221541812878236 -0.363671648079897
-0.00646130862016537 -0.0392736777763378 0.346642201905551 -0.528442369627373
-0.00313869540838155 -0.0364972682785834 0.81660914930868 0.0865236392666858
-0.0157817955132133 -0.00779933305678765 0.397071068143447 0.798223420539899
-0.0332806825693935 -0.0296498150818908 -0.233951810403532 0.600081597029691
-0.0172639042376625 -0.042810637947227 0.0411311310386652 0.0523880517087314
-0.0361658234337392 -0.0355552871160449 0.125400061898602 -0.56492725616722
-0.03991283178422 0.000127191049048653 -0.612665118429991 -0.678694741025068
-0.00317956246740283 0.00276628519871319 -0.864798328566322 0.241906624537732
-0.0207734660196886 0.00221886212191251 -0.0862304147976285 0.735078975434066
-0.0297090636133838 -0.0117033112149843 0.401824368970114 0.337369663856742
-0.0148020938536235 0.00253200691540417 0.320859251396675 -0.0362318873640409
0.0115422635127572 0.00886035197129696 0.0377118686499946 -0.220737078640476
0.000282766983214972 0.00738389579052271 -0.0226093424384331 0.115426040186461
-0.0264570353606698 0.00948493853753006 -0.217060011684656 -0.0638434912322846
-0.0130376072001789 -0.0321304808241361 -0.182828628763421 -0.378917031811787
0.000343615442436323 -0.031489658225801 0.40714706045956 -0.493895115040577
0.00274152790029605 -0.036905382429708 0.811858891603018 0.17547541111259
-0.0103629955712878 -0.00874049744765852 0.319569942948744 0.84292303005679
-0.0295648199989726 -0.0209869893172046 -0.270780007151254 0.581424893498947
-0.0189782553266923 -0.0304033576198586 0.0437312670306024 0.0361690015304514
-0.0313168891087395 -0.0246952114434826 0.0865933053377443 -0.577978871436441
-0.0322589497825692 -1.91788899154832E-05 -0.67031103145397 -0.612642118486022
-0.000328982739749295 0.00214657830992811 -0.826738216085272 0.323867224778173
-0.0127595955889055 0.0132089571174482 -0.0129371836614291 0.737336967203042
-0.0202340060855479 0.00297886193483541 0.425159205411373 0.305711704853279
-0.00473455211175795 0.0103661261838967 0.314620198225518 -0.0579516969633773
0.0155594172427193 0.00783244631430285 0.0379445709131928 -0.22875032088345
0.00432413637813642 0.00944171050022319 -0.0208215989436979 0.111943054383728
-0.016295844738586 0.0178245944193023 -0.212992432677209 -0.0674999065069275
-0.00690748765661297 -0.0170054687285448 -0.159786749881548 -0.385885587378742
0.00385394870757248 -0.0223228948164838 0.439465068996817 -0.476625371680429
0.00759177417110575 -0.0383359819322449 0.807031266439038 0.218876406823754
-0.00110541547679697 -0.00530593536484195 0.279017718652323 0.861840898624755
-0.0253600982380414 -0.0065957586178373 -0.290748291977038 0.571192237915652
-0.0213407559273757 -0.0149544206186409 0.0431880895463438 0.0274740018997426
-0.0242849080387527 -0.0113511536496983 0.0635412730571245 -0.585905736193963
-0.0213099687168313 -0.000480312309961504 -0.69488745061477 -0.583076459765396
0.0029563435079314 0.000329203099173558 -0.804832596999862 0.358442642306924
-0.00306381339436536 0.0240520435678176 0.0208544240979453 0.735270606939295
-0.00877015278767896 0.0176103125569862 0.434472434193054 0.28874391998412
0.00740706340512912 0.0160243355270777 0.310332198005045 -0.0651736571528054
0.0202611508077437 0.00650971180086667 0.0375893954801782 -0.230810025290816
0.0073926013511344 0.0114926440767292 -0.0233233667266707 0.112513641726057
-0.00724669451819547 0.0285775316839745 -0.211606355484146 -0.0667298201538398
-0.00164428516664974 -0.000198890326575033 -0.158150537343132 -0.38433186456817
0.00316927974492585 -0.0118952549785857 0.43929499093357 -0.48148979110228
0.0107333522119054 -0.0383610144433827 0.809982057510793 0.211448270101187
0.00831712459548787 0.000549468700364793 0.285369533039968 0.853966273420856
-0.0243802081752435 0.0121196969303516 -0.288304299487099 0.570138165899227
-0.0245045682632571 0.00428953540533282 0.0419950700141492 0.0255711239497708
-0.0137580741003421 0.00426720632840803 0.0631842789565588 -0.58864510623699
-0.0109527278324563 -0.000997740234389106 -0.694668757602717 -0.588636736360492
0.00606685724088409 0.000887702594665533 -0.806222566507378 0.349807296560915
0.0048666483920901 0.0358847580700539 0.0217514988904009 0.73358397466623
0.00393446932594379 0.0317225965716659 0.432171045215097 0.294203057095624
0.0194133418941093 0.022851960837659 0.307229006540916 -0.0622357636865226
0.0261065739811301 0.0059421718847742 0.0355302667542193 -0.227897327309386
0.0121160342962984 0.0117022053596131 -0.0268621447338557 0.115661145067736
0.00223910366853865 0.0376417432876019 -0.214252431343637 -0.0576587655436546
0.00140100262140317 0.0128961053778834 -0.175182361539414 -0.377221461043168
0.0019901395522772 -0.00216440046010744 0.409310311392987 -0.509082043227114
0.0114268793802957 -0.0380991464486648 0.81936462151233 0.152616025078008
0.0196476368028385 0.00702799859774547 0.336587802059125 0.828969416270896
-0.0203255419845191 0.028675557821425 -0.263176760301881 0.580332778637502
-0.0280701724717004 0.0214971641682122 0.0389486631158748 0.0312460363763322
-0.00668042707006473 0.0186049459466045 0.0818302030740469 -0.58471762986576
0.000513572062692097 0.000957102049761797 -0.666572875302497 -0.630607725560052
0.00868507918584683 0.00142078533536414 -0.833703945798245 0.301016256303982
0.00762617947377643 0.0434908147694797 -0.0183775337915301 0.735905406442354
0.0112903912962098 0.0435253513784266 0.418105681491852 0.315659740111247
0.0312209829874939 0.0299309489067763 0.306593949680984 -0.0468210644324551
0.0293891621904587 0.0079317785002174 0.0338046067741706 -0.219775503512977
-0.00174146034553043 0.00685464225884594 -0.0343915041471077 0.153281244674302
-0.0341413786210758 0.00250235011880542 -0.234733033551398 0.0140049242301671
-0.0373961151478669 -0.0385688488946255 -0.345990432164035 -0.267299303585024
-0.0322622249252092 -0.0356957420416507 0.087809717713711 -0.605680352108804
-0.0164067725458185 -0.0296293397538371 0.737824997257711 -0.263954554986047
-0.00748132514053409 0.00517265415875094 0.653321256832116 0.545673578006212
-0.0408470967747164 -0.0129710217980353 -0.0489749135101002 0.633251304932832
-0.0192589708604453 -0.0360938852422879 0.0325082325459724 0.106285022490741
-0.0300655555023176 -0.035465582317872 0.263654008845871 -0.4912947633071
-0.0416944615116368 0.00223884717022311 -0.333889872436017 -0.887289747373547
-0.00562539243324557 0.00555191147974697 -0.931661315834909 -0.133080572465029
-0.0274945179906608 -0.011004608448143 -0.368820915438806 0.654006043364962
-0.036089789778587 -0.0288892917483857 0.278460042945979 0.444849745397818
-0.0207903550497348 -0.00629895203601478 0.318629435001845 0.0440055863276723
0.00952254883465813 0.00989617152416785 0.0350926317319179 -0.185530868877686
-0.00394129246571292 0.0061948711509428 -0.0310769747135911 0.143318065622359
-0.0383147305077255 0.000261289523655677 -0.2344528124093 -0.00895468718989946
-0.0360328079534619 -0.0443510178829857 -0.312625365568452 -0.301065058796031
-0.0255725795279247 -0.0409752333407963 0.170456674023908 -0.592024376960133
-0.013130844945848 -0.0327563704031198 0.777729894938815 -0.158974996996652
-0.0151786554781337 0.00100752221429381 0.584320490702483 0.634962462010012
-0.0418113775426958 -0.0230506671686867 -0.108320865733351 0.628072879464943
-0.0176764502830887 -0.0443942208922579 0.0357185290102269 0.0904382602128265
-0.0341423320323108 -0.0417929207761477 0.217420619261064 -0.520293801882235
-0.0450866339378611 0.00162467906943376 -0.43958468162914 -0.826375069476898
-0.0060415952762025 0.00485548915917188 -0.926338798338939 0.00253632434110944
-0.0279651697355401 -0.0115926693309596 -0.274024038799189 0.694964259230529
-0.0377282163165798 -0.0301417137447524 0.326273246542729 0.412847093360269
-0.02367807238196 -0.00763716213453983 0.32214475735963 0.0158001741721022
0.00834604734019158 0.00839237236591848 0.0362833904421456 -0.197697062012497
-0.00396703411902508 0.00524741127477605 -0.0263659258884999 0.130876289678777
-0.038509758777246 -0.000220831034605845 -0.229494047386443 -0.0298596051014683
-0.0307644665343405 -0.0471238603532987 -0.268877047269594 -0.336174937043509
-0.0164420079146507 -0.0423204729328057 0.258265073724019 -0.566480422383461
-0.00970245304301194 -0.034962467149492 0.807347926900279 -0.0393457079763614
-0.018327963240084 -0.00435659162967661 0.499690049179424 0.721036162686965
-0.0391592976055365 -0.0300105328493685 -0.168749890985258 0.617975820052551
-0.0178583564626593 -0.0457485663024326 0.0392235547182563 0.0709574048199443
-0.036987515143636 -0.040983596087855 0.165915803542119 -0.545491264693065
-0.0447937918015013 0.0015632384828327 -0.541940244040448 -0.74690075017607
-0.00546833061184229 0.00314154412512529 -0.900665278696212 0.138098789616124
-0.0256379488258605 -0.00663496526369061 -0.170432546829051 0.72299274701128
-0.0368228290084934 -0.0232192979073727 0.370359140165761 0.372878844383258
-0.0220436075509656 -0.00468069630420155 0.323581848355327 -0.014576059782454
0.00935539533181708 0.00828126805138482 0.035894102705239 -0.210700752381276
-0.00172709981051348 0.00539697641633333 -0.0230617995662731 0.121416838157896
-0.0336526049435671 0.00289406968108222 -0.223656307025203 -0.0472605666388381
-0.0229965833128531 -0.0418220277421286 -0.223646894803 -0.360312146571256
-0.00727679609403107 -0.03982482151953 0.3394032628672 -0.532685168146083
-0.00336204430606844 -0.0371310281497084 0.815969269655144 0.0739660404824709
-0.0168993910424297 -0.00851162506720002 0.406497039937988 0.790373063284712
-0.0342124148313093 -0.0280259955000488 -0.224799886884919 0.600775017652141
-0.0183622875140533 -0.0421829987022125 0.0404880850472944 0.0520276428339351
-0.036063386053023 -0.0352396046209084 0.116930104678307 -0.564800599790229
-0.0402690975226452 0.00135638372981145 -0.621846677317941 -0.667356554656593
-0.00297163652631041 0.00230379728644049 -0.859661812538318 0.254657079533081
-0.0196332976187198 0.00167813585473724 -0.0752597008847208 0.735044253135791
-0.0303883127724767 -0.0106509615642977 0.405896763878614 0.332411045514885
-0.014917583815776 0.00220651086975649 0.320253808965294 -0.0418982899749671
0.0119101026979654 0.00785849762601938 0.0363672419685217 -0.220536787055423
0.000722479516315584 0.0063240890277861 -0.0214613983538128 0.11523394408976
-0.0260301785765417 0.00868872138318963 -0.218345421586691 -0.0599315721371561
-0.013948359350158 -0.0315920060610447 -0.184859713536064 -0.375630065108711
-0.00076492020096388 -0.0326649279599919 0.399591394621548 -0.499491135077619
0.00227227921466014 -0.0375176254574332 0.813577842653453 0.163790776270274
-0.0106071163931706 -0.00904617912579034 0.331469505883506 0.837083972983672
-0.029841544842366 -0.0200573166765129 -0.263930937051478 0.584482453170205
-0.0192982235546023 -0.0301243469509058 0.0431232550482874 0.0364601149992567
-0.0311399689636634 -0.0234680400425596 0.0784540004385395 -0.577886780467372
-0.0322861693875084 0.000738382952796924 -0.677066789282353 -0.603383154900034
-0.000562765770974707 0.00097904698192009 -0.820054199534628 0.332472027511131
-0.0119897691203814 0.0128366964487594 -0.00306412608560509 0.735366646062964
-0.0203436356310175 0.00297508120043162 0.428254458157073 0.299279850942904
-0.00530150419901397 0.00889453337647724 0.314859905958635 -0.06166540535304
0.0167262236797824 0.00648393412272709 0.035123217869323 -0.229043703125469
0.00410094379099147 0.00867055979467097 -0.022274792320046 0.112768033187715
-0.0164082853272215 0.0176014575874327 -0.212799143840371 -0.0643552539450643
-0.00738407292090795 -0.0171142924287021 -0.165467714370172 -0.38341811900475
0.00268867323225301 -0.0225974055321764 0.431705244766876 -0.482583482183224
0.00669030027052871 -0.0386751816631337 0.807898152171521 0.207216613160152
-0.00218691142163817 -0.00583114739770685 0.289212138549003 0.853302816704753
-0.0263366272703656 -0.00581134349108454 -0.282793134735591 0.574714889175215
-0.0215483674063976 -0.0139068099959517 0.0425565272755677 0.027758972190912
-0.0237750523711446 -0.0109918051793472 0.0548279508801884 -0.58383831428943
-0.0215658255586376 -0.000375622611889132 -0.702191705367364 -0.572561091903142
0.00287100446044552 0.00104014185143058 -0.798084891046851 0.370609173177661
-0.00267415315521671 0.0240915759431156 0.0342718351014045 0.733561968214783
-0.00924978484350611 0.0179750944392591 0.438731826169255 0.282143374048992
0.00834365648678958 0.0157907961646331 0.310016687270881 -0.0699074931635792
0.0201159886944597 0.00599351501101344 0.0348524617786689 -0.231035355180871
0.00805507227881331 0.0107740049946065 -0.0235493787186909 0.112269344081009
-0.00622906725112007 0.0283556292469533 -0.212605780698343 -0.0630152743004543
-0.00235827815099977 -0.000932454549414018 -0.161229088064726 -0.382147273303428
0.00294679727246716 -0.0126268655339728 0.432246607710356 -0.486880475521898
0.0102304559469751 -0.0380400914289558 0.813366031898836 0.198592344724679
0.00821263691962253 9.68536804748371E-06 0.295154933900939 0.848984879371622
-0.0232384602878588 0.0124571353132181 -0.280188621403733 0.573480930542327
-0.0248614914438469 0.00432141485307222 0.0416109062173135 0.0252275970417975
-0.0131797154101205 0.00417274880125702 0.0551419360221646 -0.586049612935749
-0.0109447272992776 -0.00121787823370632 -0.701974960713901 -0.576511412766199
0.00545125711550436 -0.000125705883150735 -0.801280963047287 0.36184315394821
0.00477866792393367 0.0342104668516411 0.0326464252295943 0.732128844719145
0.00432909835498155 0.03172083711078 0.43603839034027 0.285562930074074
0.0199739068197215 0.0223114561081773 0.307595529633507 -0.066237658240436
0.0252043355638329 0.00502031885683265 0.0332715730382917 -0.227869384330915
0.0115353149932095 0.0120237382100917 -0.025844046342026 0.115844404577892
0.00234870522810804 0.0364186678139776 -0.214077998384535 -0.0537470394644353
0.00223297371236669 0.0131234987891535 -0.178654391644622 -0.375169296380567
0.00192119035136151 -0.00294327747398834 0.401276145891036 -0.516090086764064
0.0101854619716978 -0.0368126977220805 0.818636761382843 0.141631981166527
0.01942396223584 0.00681071927017414 0.347136978989248 0.820760683756209
-0.0201207985744249 0.0296044426831521 -0.252902777663957 0.582537317803049
-0.0268955162571244 0.0229344858031662 0.0400799014103032 0.0314717487018485
-0.00599269028650905 0.0190360807597937 0.0760559322549035 -0.583102303729342
-0.000181314345097655 0.000501827088316576 -0.674158307088659 -0.621879938353165
0.00796525089300074 0.000231833001023269 -0.827820535906447 0.310860113683213
0.00862159987795466 0.0444737423840251 -0.00824554443370259 0.73335346845108
0.0113209786015285 0.044730780075258 0.421201789310039 0.308651488123424
0.0306903855118056 0.0280678367012852 0.307208858274786 -0.0499402260356386
0.0289342699734169 0.00584628693304316 0.0329096195790601 -0.219201530415769
-0.00138766919830739 0.00766992541339385 -0.0335002540655844 0.153278549885788
-0.0337836357504533 0.00325809118431226 -0.234369471718182 0.018040475612136
-0.037984775371843 -0.0379253601193914 -0.346318987278454 -0.261964972558421
-0.0321334410158992 -0.0353578423634731 0.0776657990445786 -0.605526571959025
-0.0169250836328407 -0.0291624798469757 0.732092986328528 -0.273786342317045
-0.00817915765570016 0.00524756223843124 0.660100850700168 0.533971802018427
-0.0411490771061163 -0.0115294528546708 -0.0394110893342018 0.630491735357281
-0.0203680181552702 -0.0353378554598537 0.0338749736343904 0.105767393206987
-0.0303896591299607 -0.034677170419179 0.25550273938956 -0.49321695703426
-0.0411843859199246 0.00320870781815311 -0.344898571879088 -0.880412611986351
-0.00543201484066779 0.00623291014576229 -0.929657242796495 -0.117155621219157
-0.0273561722333014 -0.0100676021771013 -0.358419530530245 0.657085394275945
-0.0365993528395724 -0.0286330591938348 0.28372344965687 0.439414083178929
-0.0205006052741117 -0.00658050613081888 0.318894816782794 0.0387928529473268
0.01010409422967 0.00911919470543457 0.0338989478437148 -0.18557654232483
-0.00312013419947405 0.00558857722030328 -0.0295386823732067 0.141780907723738
-0.0382092308645086 0.000459126270189958 -0.233356948070706 -0.00381168715878088
-0.0371453226833384 -0.0445126075615453 -0.3140318548461 -0.297469817737093
-0.025591099898084 -0.0409071246267213 0.162055656097148 -0.59263574100926
-0.0146567669188119 -0.0322225496799252 0.772865248427 -0.170942008265479
-0.0155521104804021 0.000967637122166343 0.591777079468655 0.622559633403348
-0.0421961441543516 -0.022176585593362 -0.0988887109014465 0.628347480733139
-0.0183858216964285 -0.0443566198579353 0.0358533984516202 0.0887598640093355
-0.0348953786810311 -0.0410899749944927 0.210123710118978 -0.519428117942375
-0.0447048592486329 0.0027342952485814 -0.449807883347489 -0.81486626110499
-0.00629031762202349 0.00450948807937756 -0.921721811937408 0.0165797073459218
-0.0268840873480757 -0.0103669140383489 -0.26321025271417 0.697587158760699
-0.037902850789242 -0.0294299836546462 0.331385523963453 0.406328371115563
-0.0233355861511441 -0.0079023128591621 0.323063606301951 0.0113754544246079
0.00905242284492122 0.00827552507209808 0.034474868263678 -0.197734205638208
-0.00364820677059861 0.00494298140782982 -0.0258215766099452 0.131591319334912
-0.0383919088294768 0.000306535398830396 -0.230059517730093 -0.0264305028836189
-0.03124670276967 -0.0461469863165707 -0.271101812956877 -0.329860394292923
-0.017120130165295 -0.0418037189418282 0.2524048052284 -0.569704587472467
-0.0103917767577156 -0.0343426927182707 0.802198893306851 -0.0517092588839407
-0.0188396029739441 -0.00404888713372685 0.50769880527938 0.712136768302856
-0.0392858790000541 -0.0286356186695672 -0.157348672862494 0.617055964752624
-0.0180748859199099 -0.0462816691297808 0.0391562161159516 0.0698326991300172
-0.0362377139614323 -0.0403516687737984 0.157782735901707 -0.545094051891098
-0.0448173929546667 0.00270345194536929 -0.5516544001079 -0.736513366218223
-0.00531487859645945 0.00315637861001675 -0.894628674141307 0.149820043413865
-0.0254352207548627 -0.00603955346935029 -0.159029164848166 0.723373307210315
-0.0361017780352377 -0.0210145188668582 0.374148596231724 0.365876786903351
-0.0210755551370742 -0.004101481555532 0.322652909162564 -0.0191674095644991
0.0100668490784474 0.00817531393547049 0.0345491700303264 -0.209327315268083
-0.00190616695862639 0.00558877031415331 -0.0233898626858119 0.121507969496462
-0.0339631574395954 0.0034545573989984 -0.224279852575442 -0.0440647249427204
-0.0229366293437866 -0.0420854148822417 -0.228218835686813 -0.355731097710046
-0.00759268778504643 -0.0396503368325059 0.331285078885452 -0.537119988833563
-0.00481887524867231 -0.0362951118191265 0.813867865178638 0.0622248626169605
-0.0174754054862456 -0.00830717320021425 0.416815401488806 0.780548335493158
-0.0343558690900955 -0.0270144476714564 -0.213182011830882 0.601086418120055
-0.0186071814962192 -0.041406905842353 0.0421749498966333 0.0526772103330832
-0.0365291465389768 -0.0337597143994016 0.108854812161213 -0.561678874566059
-0.039970382768619 0.00171849339651031 -0.628977859911538 -0.65772195145986
-0.00332066980533675 0.00134583144503559 -0.853469841222325 0.26613619412141
-0.0192958325825214 0.00235760335450267 -0.0632254272062477 0.733699166039846
-0.031204913110944 -0.0100417192181886 0.41052117800437 0.324587300013956
-0.0147807609936159 0.0017204657626891 0.319090343493697 -0.0470506175593612
0.0129052211285445 0.00656692988650736 0.0338261616384014 -0.220431981929767
0.00110431140753236 0.00582795035644204 -0.0210787413386766 0.11506352732097
-0.0256361485344445 0.00957308885762146 -0.217068193725224 -0.0553825669794604
-0.0151097323140807 -0.0318153287549982 -0.188845669299608 -0.373084105694055
-0.00110619349984969 -0.0317606032680183 0.391280514250094 -0.504855818670942
0.000820227948793328 -0.0381857402903938 0.812110282106508 0.150831878016192
-0.0116386317723297 -0.00886956468787954 0.340624131929831 0.826593668511326
-0.0288737617228171 -0.0184759898484194 -0.252900590423807 0.584209445778439
-0.0195800042254366 -0.0301131677956755 0.042973498362412 0.0367733864313844
-0.0310198860730712 -0.0236044900814243 0.0707206424914247 -0.574675730743254
-0.0321476986405515 0.00216132880216692 -0.683193668019133 -0.592161298713764
-0.00124273447882069 0.00140950658078404 -0.811125643048775 0.344009176111022
-0.0119271331560352 0.0136769210913583 0.0084698990037843 0.732798704619259
-0.0207629395903221 0.00411105473776995 0.432973359847352 0.291745650573115
-0.00414745199023993 0.00891602518330457 0.31436372233345 -0.066187034656077
0.0161256872422491 0.00601981416045973 0.0339114234618052 -0.228212982089105
0.00479246447330068 0.00828557939970703 -0.0211375641274319 0.11281404697379
-0.015952432342413 0.0186008098967157 -0.213527133501111 -0.0607310601171724
-0.0082310305739651 -0.017494209770448 -0.169188594986863 -0.37988014746851
0.0026295898851434 -0.023315272026963 0.424595717523966 -0.487374659866679
0.00566087583231293 -0.0385413939645575 0.808314488589623 0.196534395692012
-0.00230091006217035 -0.00590654322256126 0.299360534465831 0.845928311297998
-0.0263959012188849 -0.00510112736528252 -0.272843924751834 0.57572797351303
-0.0217973545891562 -0.0137047471202761 0.042779393493631 0.0277741607717714
-0.0236811852183569 -0.0098683246499248 0.0471287888612976 -0.582065517707976
-0.0223029739774143 0.000548861212077392 -0.708465776989226 -0.559648573382866
0.00279171941709486 0.00025956505725229 -0.790150625413465 0.379785794231589
-0.00218995297420846 0.0244182344408024 0.0439245901806268 0.729306685160346
-0.00916298927528784 0.0182115282525979 0.44122765079209 0.274707919623087
0.00803502789200011 0.0148486057385578 0.308407597199683 -0.0750754411413248
0.0197382617894121 0.00476629930020059 0.0328122436725435 -0.231389816623851
0.0082906014614679 0.0101141721389599 -0.0225783372330368 0.113392450097159
-0.00574140085982057 0.0283895827197962 -0.211990750922719 -0.0594509971781812
-0.00262091141075145 -0.00110581134730419 -0.166481184314623 -0.379631455060364
0.00308846573937924 -0.0122191126551843 0.423637648699781 -0.494498391375216
0.00893792181410956 -0.0378111132662594 0.810339983315712 0.186674441833575
0.00816517820116434 0.000825731018065573 0.305855817025962 0.839211543423421
-0.0231502393531448 0.0130344681036232 -0.269668545416063 0.574398011908078
-0.0244050529492465 0.00514410827547362 0.0417147249731079 0.0251868141336505
-0.0139682873038729 0.00400550643926841 0.0470476036367097 -0.583169052851588
-0.0103748443849166 -0.000243262660983304 -0.706086949619812 -0.562632678951089
0.00581302539708048 -0.000785525891446485 -0.792702658938528 0.372028207830902
0.00535895461141357 0.0343354568724058 0.0436911027282146 0.728552082399815
0.00449118589659671 0.0319961132259631 0.439808798310711 0.277736324296639
0.0212984868839845 0.0225916683586164 0.306656812249625 -0.0710094825294576
0.0244775231882254 0.00457612201691585 0.030753271383154 -0.228161930340652
0.0117654858499792 0.012149043308143 -0.0262292087376768 0.116539258659378
0.0038017254903058 0.0359439121860147 -0.214769038884486 -0.0507048270367642
0.00159486594243963 0.012415880523852 -0.18330382251436 -0.371209194784106
0.00191621901271855 -0.00279127909086118 0.393937644657712 -0.51952810781422
0.0102962228076262 -0.0368874693159818 0.818916323023004 0.125899654707247
0.0187823483992812 0.00623526196726911 0.355997211898899 0.812465519702058
-0.0201399674352794 0.0294986511070728 -0.244002433429392 0.58554324309814
-0.0276554394643716 0.0224136984608036 0.0405090774555002 0.0305298379076749
-0.00505783532088826 0.0193244905209436 0.0674400311115879 -0.581224886120472
6.19827469876513E-05 0.000872470927417778 -0.679580366028328 -0.609088544753205
0.00792120040440318 0.000178618413445507 -0.820806488851402 0.323117459114167
0.00945333382040437 0.0432930431795508 0.00234466159168195 0.730045036114617
0.0122371947365445 0.0443555622446677 0.426845151150469 0.301701406171068
0.0317866329177465 0.027541709623765 0.306300909930952 -0.0546439579668387
0.0280836419180465 0.00439077543895419 0.0298185272238953 -0.219117909303321
-0.00154640374608805 0.00738530506276473 -0.0320165186157662 0.152849274820557
-0.0339757508595255 0.00422377807492447 -0.233166671194172 0.0226915263099125
-0.0391375951392645 -0.0371289489507795 -0.347648640931664 -0.256173842053022
-0.0316393627911956 -0.0343262627750946 0.0688260646743894 -0.604002949516286
-0.0177287509123862 -0.0288653286108533 0.722959239234662 -0.283699159656333
-0.00852306160123513 0.00505517583632275 0.661207409594202 0.522005233365212
-0.041241984618155 -0.0108007087104148 -0.0319088899310597 0.626683871942384
-0.0204394394253522 -0.034592344082943 0.0344105737609118 0.105255158947585
-0.0311737410859324 -0.0340369313092138 0.245961034980632 -0.492525772947943
-0.0408860817567341 0.00422911643996157 -0.355483143153518 -0.869739232114921
-0.005990963418342 0.00614559507647123 -0.92664410788628 -0.105808962958128
-0.0264949379923571 -0.0102652218057395 -0.346816211122718 0.657567202905505
-0.0360446649927998 -0.0283969651587907 0.288061575583829 0.432408484605208
-0.0202475794777857 -0.00710826561572191 0.31794437161531 0.0346432917079631
0.0100775872907052 0.00791816527299528 0.0310450053035158 -0.184361887132245
-0.00248366961122787 0.0054442151690549 -0.0292807008790037 0.142114030214167
-0.0374382944172871 0.00154198290671869 -0.232783855542702 0.000647602848523729
-0.037229900204127 -0.0449113252731665 -0.315230877781308 -0.291283084277171
-0.0263682506848935 -0.040021574480199 0.152425318531092 -0.59338373826244
-0.01491953424697 -0.0316955125752212 0.765148814143984 -0.180269839637507
-0.0149337559348288 0.000350303725013122 0.596882979421507 0.611793874541385
-0.0427884526335094 -0.0203541025818134 -0.0891427222658935 0.623947195104845
-0.0193182104735157 -0.0445466367789503 0.0372034576464766 0.0882848272076165
-0.0348504805390437 -0.0392134271818452 0.201286385963443 -0.519076208372026
-0.0448834637126428 0.0039143545991569 -0.458630228918422 -0.803392675017786
-0.00538728027157757 0.00524256928763347 -0.91735528502529 0.030220362151949
-0.0273074179149068 -0.00992148346836366 -0.249295777647795 0.696976608596107
-0.0383821349902558 -0.0279735793311892 0.336249672665684 0.398381566065677
-0.0234577970919122 -0.0076823292029026 0.320979826624931 0.00689812825944142
0.00821094310602329 0.00795104065600627 0.0320220607799498 -0.197254465819548
-0.00318150540949512 0.00560741654809104 -0.0247964520851951 0.131770723942408
-0.0379768474818968 0.00111840873113273 -0.229827144765888 -0.0215281572999916
-0.0326555645221278 -0.0453275925145263 -0.273099404243239 -0.325502678486345
-0.0177359020953221 -0.0413387321446184 0.240701270768629 -0.570414607878462
-0.0105140548369561 -0.0339459965851965 0.795176970188313 -0.0638509763653954
-0.0193758497448856 -0.00348932441546156 0.513805185294934 0.698957142851171
-0.0392740510208041 -0.0275530652854087 -0.148420958470175 0.614783044882501
-0.0184818381249084 -0.0453419245018975 0.0393710470424114 0.0688595976694084
-0.0370218499204998 -0.0388325314170101 0.149256462669863 -0.542932144217475
-0.0448599520180696 0.00350760405597295 -0.556476569631602 -0.725896528889776
-0.00514188591123112 0.0027680291725538 -0.887328770572061 0.161097367006664
-0.0242205405504719 -0.00630433430690706 -0.14658439879299 0.721990186228553
-0.0376245137667752 -0.0211720012717348 0.379888102883321 0.356336614376648
-0.0208755355397285 -0.00451838667065384 0.321283883688539 -0.0236217885375067
0.00911225034762864 0.00654764536177157 0.0328474911024781 -0.208070993959244
-0.0016970286628588 0.00515571829807298 -0.0230092150601514 0.121830345634489
-0.0325573683638685 0.00396146911046324 -0.22377574833883 -0.0389797416543026
-0.024056017438315 -0.0424297353221504 -0.230861860968433 -0.350680243889556
-0.00814947313787531 -0.0391538825994684 0.321858826072573 -0.538667413750549
-0.00622388969002511 -0.0358920536674506 0.808329964464368 0.0488955854880455
-0.0176634770533205 -0.00837775268264765 0.423890641257322 0.769948333741637
-0.0337706001977959 -0.0263041479528645 -0.203935994839352 0.601694965361344
-0.0187150822365462 -0.0396046680187506 0.0409441778528871 0.0501288683497956
-0.0368000295132804 -0.0326116771725769 0.101770529455721 -0.559492679608425
-0.0402744643557572 0.00302533872253523 -0.634321571516024 -0.644239277094133
-0.00450975842263736 0.00120777018510881 -0.8458798853695 0.275804100576539
-0.0202981978583235 0.00291403787823522 -0.0510013692131912 0.730747279917977
-0.0316823747875771 -0.00865391879291154 0.412445102984687 0.315962645258898
-0.0142107284003265 0.00229219484486305 0.318487403561245 -0.0516238173376488
0.0125271937549289 0.00557709044954606 0.0319242964387342 -0.220558085651166
0.00102475472004708 0.00622337437524988 -0.0215395567716511 0.115281000102323
-0.0243903703764003 0.00998624706455686 -0.218196366880626 -0.0515628448239661
-0.01526249432876 -0.0316786268128988 -0.192536234012328 -0.369012211290185
-0.000850891339867827 -0.0329219242379944 0.381406061062793 -0.50842161199619
-0.000490095288822408 -0.0369794212394731 0.807762255827258 0.138943637250563
-0.0112280389056084 -0.00913290598783465 0.349956730814533 0.814744298523509
-0.0294612671296928 -0.0178611491838457 -0.24256393682402 0.586133681533004
-0.0202314091109998 -0.0294912859568331 0.0432296591647506 0.0358145791048022
-0.0313981833497767 -0.0231824964881706 0.0624504301717974 -0.572294469620349
-0.0319306330505791 0.00253853996994504 -0.686468705428959 -0.578079413949508
-0.00109647276761961 0.000468019094222459 -0.80517398518966 0.352268569634687
-0.0118552502377122 0.013595425209533 0.0207798615839945 0.727097788330832
-0.0211463617099363 0.00500184470935455 0.435032598767571 0.28324083399454
-0.004785318197535 0.00861968700279288 0.312716341455212 -0.0696985976438279
0.0152186408802753 0.0055386125598859 0.0318221644690104 -0.227665005690778
0.00485396881883768 0.00787362476794792 -0.020781082115452 0.112471239676885
-0.0155984897929978 0.0182288423756378 -0.21353401861583 -0.056868483477058
-0.00880046797349136 -0.0160476451582637 -0.171787039429004 -0.3754414727837
0.00237821970717599 -0.0231581437751567 0.415394439743105 -0.491917298389025
0.00451845744572274 -0.037712071036356 0.804502545122341 0.181721967131725
-0.00293716468767215 -0.00545409739396724 0.309680732504795 0.835389721752612
-0.0260413371275054 -0.0040043484283692 -0.263026012949443 0.575209760300626
-0.0220014783445942 -0.0128652974916255 0.0427546368020025 0.0266517849584586
-0.0236976162800011 -0.0089842606169225 0.0404635379145759 -0.578055800001313
-0.0213585217953283 0.00134526836272802 -0.710866209718481 -0.547161832789194
0.00147682721945787 -0.000134827261726966 -0.780658803845219 0.389756288020615
-0.00185982723932265 0.0243002794057442 0.056779673617956 0.725564088437608
-0.00862594603684047 0.0188182964150993 0.44383740438542 0.265736041186596
0.00833550182189486 0.014666497037759 0.305786163438779 -0.079078566616275
0.02007847505637 0.00365715846725094 0.0304087627074331 -0.22989411678609
0.00780797636001346 0.009749240190357 -0.0211866596710307 0.112827287773099
-0.00460640214956645 0.0279618849537072 -0.213026111279689 -0.0556225820385642
-0.00371740982714628 -0.00118153848672606 -0.168589222892228 -0.375623805876606
0.00319206382440003 -0.0118131335491693 0.413677694240453 -0.49594532979393
0.00745357893262957 -0.0376896157143381 0.808474415959752 0.175830966677931
0.00767760260860062 -1.91700129479402E-05 0.31564627922273 0.829733574027042
-0.023124393225255 0.0134348763266193 -0.260745499870026 0.574206472240227
-0.0241281661495177 0.00554099512636839 0.0422567896514254 0.0245270321644364
-0.0124802912559247 0.00513782722446605 0.0383356392734392 -0.580855854980773
-0.010191784059238 0.000524568549070802 -0.710664362875651 -0.5524429020158
0.00608371911640621 -0.000109734251130208 -0.78467977033549 0.381039316381013
0.00608675843865557 0.034611688046958 0.0567756383377787 0.724536986165854
0.0034163511953606 0.0312116764951818 0.441449324824132 0.270233492955051
0.0214303143116571 0.0214044448474284 0.304144549065295 -0.0758793554936636
0.0234860571004829 0.00339149405533656 0.0282495102496816 -0.227002615410584
0.0114721739494827 0.01154409146147 -0.0252373203198669 0.116845939805252
0.00506651355519861 0.0366590791685908 -0.214073576416188 -0.0461833401038467
0.00115936077293759 0.0129030954932017 -0.186240483057298 -0.36707755495685
0.00149227534661813 -0.00335398492923206 0.382341545870297 -0.523323957820253
0.0083011342990592 -0.0374857899019832 0.812798132053257 0.11586321794752
0.0180899558781256 0.00559837445220759 0.366373112407631 0.800963294742966
-0.0185750920108095 0.0300752721188212 -0.234918881245116 0.583578477264082
-0.0266328086580911 0.0222365285708615 0.0397486046123283 0.0305152009217248
-0.00484411112112054 0.0196366195553159 0.0585081778727035 -0.578316886652163
-0.000441319725253148 0.000391582385146593 -0.68467251634552 -0.595705427746339
0.00719743698369421 -0.001580766122801 -0.813301279163425 0.33371508452993
0.0106072590581099 0.0430573779744928 0.0157556942560523 0.725679204131134
0.0125845485621382 0.0435670111856724 0.427902740346703 0.293445260832097
0.0319305881860541 0.0275787082847817 0.304610147611026 -0.0591788893153932
0.0275581480972364 0.00454067297230276 0.0273657848807968 -0.219368007970622
-0.000698007918135394 0.00630727973704519 -0.0317232327758236 0.153028066404479
-0.0321726152146839 0.00484955269098211 -0.231295585807745 0.025766131090957
-0.0392203130236991 -0.0368365746848016 -0.348070141096614 -0.248024349826566
-0.0319568263367698 -0.0338536083777148 0.0608520169377759 -0.601277406784166
-0.017618184431256 -0.029166975681395 0.710941782242239 -0.291097131534926
-0.00908819104083641 0.00450122581951717 0.662382489386226 0.507654333836711
-0.0408507495822525 -0.00884665867854072 -0.0222845521559445 0.622873404998158
-0.0205089803942598 -0.0342605579537464 0.0351273806206377 0.103238734194296
-0.0304227892858619 -0.0321949149592195 0.238442859062734 -0.491098551783778
-0.041265542052457 0.00475716853975082 -0.362577516690257 -0.85830002090144
-0.00613214276355186 0.00594176123424835 -0.922539539817669 -0.0930836146190059
-0.0268616607072367 -0.00837920549849726 -0.333096243972345 0.657936583890147
-0.0366281951032428 -0.0267987365451519 0.291656999951639 0.425563601174858
-0.0204712543545355 -0.00682205779371784 0.316431701227799 0.0294402594244684
0.0104581182000098 0.00767116229911357 0.0303779804377536 -0.184172048221999
-0.00300750891935079 0.00507174064827559 -0.0281985128078792 0.141599175957183
-0.0376740105607083 0.00197780074574788 -0.23132174923133 0.00443956209161901
-0.0385687533319915 -0.0433466027625931 -0.316607315883594 -0.287167760270777
-0.0264593492629109 -0.0391638180005593 0.143383697252117 -0.593073052576696
-0.0153656672284933 -0.0309838923429472 0.756955406511178 -0.189905799675288
-0.0158456352482529 0.000570804977681911 0.599136393897055 0.598549412004658
-0.0419492884465227 -0.0199027000662892 -0.0786203852153646 0.620916269354254
-0.0193407245448788 -0.0427418142657336 0.0376398165309857 0.0866763998453781
-0.0348552910493534 -0.0383567618013099 0.192695929209081 -0.517359182833138
-0.0436027288341962 0.00471678362761568 -0.463346079619894 -0.792710178231512
-0.00580081254670857 0.00429867961987882 -0.909359781027687 0.0406794681078005
-0.0270298185091361 -0.00891803717388344 -0.237406784062829 0.694774434092794
-0.0388966897725104 -0.0278966160083667 0.338097605381633 0.391577819515048
-0.0225252649746819 -0.00711379115610232 0.320300923620942 0.00210114892907854
0.00917648658549136 0.00616603065981158 0.0297083978554806 -0.195467232524187
-0.00315255441015886 0.00497441902641021 -0.0237721944323203 0.130169075000718
-0.036884741491791 0.00172977029277725 -0.227895243262122 -0.0178786301255515
-0.0326624385686746 -0.0450315812682136 -0.274554154035871 -0.318942285505423
-0.0177395472697835 -0.041310892288038 0.231834792278546 -0.570809310463825
-0.0118135605155228 -0.0330521290009217 0.788842199436167 -0.0735178315498833
-0.0190977292399862 -0.00431243809166927 0.518529187535238 0.686612218500984
-0.0396128579186987 -0.0257670556251723 -0.139776326621639 0.611878959893949
-0.0185518956856515 -0.0451158205704197 0.0399604747968062 0.0684065139970111
-0.038157228704866 -0.0378546224844629 0.143239585652652 -0.538477939992768
-0.0440327575190414 0.00433434460897365 -0.561186517665995 -0.712071972641982
-0.0052094231014924 0.00243958699125698 -0.878337353413547 0.173146264036591
-0.0243054211677357 -0.00435129259731199 -0.136162511728228 0.717700069707527
-0.0374884712143782 -0.0196641106559935 0.380959760897902 0.349893072980199
-0.0205328559157731 -0.00308857895831917 0.319919830869765 -0.0281004453846885
0.00971815664641424 0.00563987937983745 0.0301962990308141 -0.207660576113949
-0.0020372744819159 0.00422130285221614 -0.0218192675587441 0.121450389581479
-0.0322832365472392 0.00365086397243268 -0.222617948487091 -0.0354527753706815
-0.0244650550434937 -0.0410441200498412 -0.231133725274578 -0.347046997974587
-0.00863513655893285 -0.0383761494647824 0.31225215411708 -0.540376498745974
-0.00666566326981839 -0.0358561635946789 0.803409455260145 0.0393030539724988
-0.0174083026613945 -0.00842470000243874 0.430243433541524 0.757340555687263
-0.033886869807428 -0.0250185471687127 -0.192676774635848 0.597973464714234
-0.0192101642933855 -0.0395724003770703 0.0422535554297249 0.0511596869520954
-0.0368680881132411 -0.0319948869103661 0.0937764189922914 -0.555544025306011
-0.0386788148486655 0.00479316204243313 -0.637520638338157 -0.632250171927409
-0.00411521938036136 0.00134612758307625 -0.834589354101719 0.284014955127735
-0.0191394211693932 0.00232544514653396 -0.0393067896527111 0.72347558500159
-0.0314489061842844 -0.00815683710423934 0.415231894474218 0.307661490474068
-0.0138729167263067 0.00212334759167064 0.315617655246554 -0.0561741974540764
0.0118063416535855 0.00594610711570403 0.0295190662937816 -0.21903671005351
3.48528784106772E-05 0.00570019670207156 -0.0203280648418896 0.115650353399687
-0.0248235746082854 0.0112242783587569 -0.216797153028927 -0.0480916493693808
-0.0167434120971965 -0.0319539842536185 -0.194971864618349 -0.364060751802406
-0.000996249003194252 -0.0312992504059687 0.372593735188001 -0.509995991907696
-0.00105390419254399 -0.0368295150203504 0.803910531884677 0.126110936086905
-0.0116134610490271 -0.00852819902971278 0.356213065442406 0.804863842621352
-0.0292909106359483 -0.0173725385775682 -0.234613752154078 0.583607261559589
-0.0198609054468327 -0.0280876159348495 0.0433370288915004 0.0352813169866653
-0.0320457814253471 -0.0215073275658189 0.0555840001762887 -0.568525955265097
-0.0316239373297299 0.00330003960074887 -0.687526561423825 -0.565038998772409
-0.00105119539810369 -0.000178091411223711 -0.793711392888333 0.360817338266704
-0.0111374668441305 0.0145416827710459 0.0329859472958671 0.722969623332638
-0.0202771206414594 0.00540835434586986 0.436598287905743 0.274922780142834
-0.0038022960363663 0.00853139095866277 0.309614880493146 -0.0740875201615521
0.0158111215950921 0.00431632704775285 0.0283682346116745 -0.22640755208463
0.00375146936904736 0.00700527142168987 -0.020757979767997 0.111825893581933
-0.0154187729620379 0.0195134177969344 -0.213103706238935 -0.0536816564315724
-0.00810682583488229 -0.0173804686360956 -0.174987579220454 -0.371007334962047
0.00213783609794328 -0.0228412551543449 0.404148678372513 -0.49499885912805
0.00374262832625586 -0.0375741678328793 0.800690084425 0.16998604413081
-0.00364495694347235 -0.00535858989560387 0.318939337814897 0.824494042205604
-0.0248106796257111 -0.00307241398191517 -0.252688745852418 0.57380537339941
-0.0220001981073002 -0.0128980100024864 0.0433002685505681 0.0262868546077677
-0.0227050739055854 -0.00910218180601903 0.032904440903618 -0.572494794285315
-0.0211665597766563 0.00104313861705294 -0.712521366452488 -0.534295445036637
0.00194525567780146 -7.35769542112375E-05 -0.771313294429458 0.397318963120402
-0.000920840447555828 0.0243770617843667 0.0663258717392177 0.718932655734021
-0.00784671986887135 0.0184027335791833 0.443441558371005 0.257386285564958
0.00837954879309206 0.0139972876859784 0.303679591816497 -0.083303815873425
0.0191848766505176 0.00265286519670584 0.0274141816424719 -0.229293743705478
0.0083987090760587 0.00952211450852928 -0.0213777802201461 0.112816806300126
-0.00410750091199201 0.0286800853487018 -0.211625176930603 -0.0509401599313345
-0.00418031313856271 -0.000899622418039391 -0.171287583895028 -0.37185347048382
0.0034081160618627 -0.0123131192836227 0.404798181878783 -0.49942160111981
0.00704068683149755 -0.0375746794752546 0.802633334237621 0.160556405756666
0.00709745057233368 0.00113095545615435 0.323168438468815 0.815792178281842
-0.0219725641722225 0.0142895531702971 -0.250031879811854 0.572408510775407
-0.024114171130808 0.00550494032488265 0.0433570134820838 0.0243986242733689
-0.0132159760897423 0.00609612124296685 0.0314856828706633 -0.577058142003036
-0.0114479283936782 0.000794233847818179 -0.712732112230324 -0.538974751561422
0.00477808676162297 -0.000738497360796109 -0.772300986269255 0.389148502690097
0.00667259176482269 0.0345065892129074 0.0673758636838812 0.717102746795144
0.00356314379315328 0.0314554313031067 0.44403870492914 0.261240771796162
0.0208825082054578 0.0202977207152218 0.301702224341438 -0.0800545218741117
0.0241381908597266 0.00232440917295094 0.0255268973179958 -0.225776165649757
0.0112294971294626 0.0103642155027811 -0.0248745849608404 0.116352976788478
0.0048770353862532 0.036307932768281 -0.21351422118507 -0.0439611358708625
0.000423615221710479 0.0131649734299416 -0.189181085637218 -0.362363578455838
0.00206588910855829 -0.00333494151786568 0.372556137906005 -0.52549411328711
0.00817875918560697 -0.0363670832132516 0.807340635501982 0.103917966705283
0.0183900084545052 0.00542213617854238 0.370962552419976 0.78872793372582
-0.017873691925041 0.0307090187516247 -0.224691287795424 0.581745414898447
-0.026320038575517 0.0225630987797729 0.0403220052265978 0.0304917397638043
-0.004468626144678 0.019197502340455 0.0520454239231631 -0.57310986767729
-0.000501962275284265 0.000772608296708249 -0.687470581188507 -0.581103794225024
0.00681498406919411 -0.000352878055285795 -0.801551442270706 0.340662881471026
0.011630104283843 0.0427757356891861 0.0266268813848305 0.718970900762122
0.0134776207432344 0.0429716040958354 0.429611892519187 0.283648819204364
0.0322274948326103 0.0261795237509098 0.301189103860492 -0.0635205536674474
0.0274401835509846 0.00352202059943313 0.0256711035708725 -0.217843966078506
-0.000432935252020343 0.00662951503726454 -0.0303773085771957 0.151571472451242
-0.0326785274154387 0.00543352695784153 -0.229257206789311 0.0286400461135977
-0.0393896995514925 -0.0360799938492672 -0.346691384954502 -0.243003821945948
-0.0318158570628473 -0.0333837525649137 0.053669009935493 -0.598475660271467
-0.0185072683780192 -0.0280456767218244 0.701395493495802 -0.297138528597625
-0.008651422833496 0.00466445371758052 0.663502748769131 0.492942925333877
-0.0408208195515299 -0.0080462194000924 -0.0136810851279452 0.617130205896811
-0.0203148798863444 -0.033723816922791 0.034951774426966 0.102079829763279
-0.0304319509435287 -0.031774271227393 0.23086780934396 -0.487314610397376
-0.0405357210880339 0.00497287686561087 -0.368928624526802 -0.845259013188627
-0.00626945930615541 0.00570694470486078 -0.912913533200271 -0.0811075162074074
-0.0271526287227567 -0.00868797946372708 -0.323050183035641 0.655985360303595
-0.0370517013115125 -0.0268570430395556 0.294147891981627 0.417351904945588
-0.0194320134364089 -0.00660061566143117 0.314773146875112 0.025292060111311
0.00973911242656271 0.00654670926833851 0.0288257459560049 -0.183050492969414
-0.00293037866923074 0.00487139676185959 -0.027911780053307 0.140999589983788
-0.0370956306261031 0.00235095398361762 -0.22940721515163 0.00781933498438324
-0.0393536961648497 -0.0424514120467275 -0.315152547699173 -0.279446464265374
-0.0267668740504039 -0.0383270287684326 0.134657159995255 -0.590083426803187
-0.0161192481459918 -0.0304732188188373 0.746349950365752 -0.197772455314988
-0.0159451705217185 0.00109743571257841 0.602473583293988 0.584523062976562
-0.0417006171652812 -0.0182056368794347 -0.070114911687743 0.615902966399626
-0.0198928059964533 -0.0417788240531595 0.0375032694807843 0.0864820930347113
-0.0341985543577358 -0.0365327821122053 0.186301253229499 -0.512184518826924
-0.0439197877683291 0.0056515679460309 -0.468507845216528 -0.778430922870786
-0.0056933645952582 0.004172739913535 -0.900522468858077 0.0513667550688101
-0.0260736802989466 -0.00947428139236674 -0.22653077709204 0.691823926640918
-0.039265841028379 -0.026602402145262 0.341515062943295 0.382074927607882
-0.0222086110271659 -0.00740062692247758 0.317952821443527 -0.00234447275325311
0.0090685282649156 0.00688284516340254 0.0288589934503032 -0.194171575376567
-0.00228845663513236 0.00463177378533161 -0.0240389176945623 0.130013260212056
-0.0370442582630381 0.00247926749915068 -0.226791115598841 -0.014548382364423
-0.0334412025474868 -0.0456156319790347 -0.274881063910706 -0.312840473549371
-0.0178446835916183 -0.0402065091635887 0.223117155464502 -0.569714440735523
-0.0117904276861631 -0.0333282101919342 0.779503923882598 -0.0825213759071118
-0.0188851279290751 -0.00365016271976234 0.522125228397156 0.67183564613731
-0.0395153915227254 -0.024678081898593 -0.131326104715521 0.607904241890228
-0.019297933389449 -0.0434191091561787 0.0408753745851339 0.0681368434822902
-0.0372694795686885 -0.0359259735745735 0.13501793158237 -0.536207622353043
-0.0441680578963007 0.00574841595270899 -0.564576074553315 -0.699185268124824
-0.00526356735272354 0.00204302392399789 -0.868547381769157 0.181326247747845
-0.0240643063942777 -0.0047917799680984 -0.124616417297337 0.712635461319712
-0.037191386006508 -0.0196581871286338 0.38337070420774 0.341066027343383
-0.020597950541867 -0.00400252677762369 0.316637932655138 -0.031491342497033
0.00912065576251297 0.00512252508468966 0.0277294069328223 -0.206556047667971
-0.0013061865010549 0.00404240133584483 -0.0211209763157168 0.121129506555514
-0.0317647581927607 0.00451432800009834 -0.221056719618055 -0.0311927248879137
-0.0251576131333963 -0.0404268331635658 -0.232610972134742 -0.340897434026978
-0.00854886819648599 -0.0381749355003821 0.302113984846798 -0.540456841159471
-0.00697333290511991 -0.0351301358534801 0.793845286351957 0.028935248885414
-0.0183423025699995 -0.00768403730180599 0.434352395932883 0.744193537277857
-0.0338821111334042 -0.023598203559061 -0.18469657084878 0.593963705445035
-0.0189012682317746 -0.0392953104751907 0.041576955068046 0.0503066572238513
-0.0364638858652575 -0.0308535472705244 0.0858994923723766 -0.551509733091033
-0.0399558102723065 0.00519754247980923 -0.638631211956507 -0.6181969092706
-0.00385563011962832 0.000578342600294401 -0.825078254157345 0.292325317776144
-0.0187490859141079 0.00340337126717396 -0.0294597119797216 0.718987723837949
-0.0313954099793896 -0.00843027011488571 0.415817825194575 0.29934938815388
-0.0137104035265307 0.00198147937954724 0.312787543853878 -0.0584768149163847
0.0113568891085292 0.00490714293360351 0.0277482794854314 -0.218178348905225
0.00117160770041569 0.00560025803231889 -0.019971916353833 0.114413502160866
-0.023684247146968 0.0101875241897736 -0.215421046969621 -0.0449673865218323
-0.0175956094809928 -0.0314216037705595 -0.196389068722593 -0.359246160492293
-0.00154156060635468 -0.0318402542956134 0.364805990965189 -0.510377426198908
-0.00149321587934775 -0.0362368756947475 0.796312332913706 0.114730217385761
-0.0126087403218185 -0.00868774607103674 0.362705486211129 0.789278922116084
-0.0284632259700981 -0.0168966700786592 -0.224592923013433 0.579466613116071
-0.0205742706409822 -0.0273528322699258 0.0429828880677285 0.035006857045298
-0.0317064571124929 -0.0203340295550976 0.0487275026519394 -0.563165179165593
-0.0325678042726955 0.00311075163598961 -0.689061859149748 -0.552848496516958
-0.00140760690079615 0.000168381553258369 -0.780876138850829 0.367450833946585
-0.0106497836366532 0.0139195828361615 0.0421766112327468 0.716336775009717
-0.0215580700671077 0.00547438894902036 0.435586034269454 0.268274330756529
-0.00270266972151088 0.0077727615750879 0.306453831537237 -0.0778027375879189
0.0153277955340613 0.00400553752307217 0.0271007590871982 -0.224943306138618
0.00489434234680211 0.00686344677574221 -0.0214469498445782 0.111731952031545
-0.0140982615833356 0.0189446076200455 -0.211521318421934 -0.0496643151785839
-0.0095395265495647 -0.0165426669470998 -0.175859652995209 -0.365942988830032
0.00219163232039948 -0.0226711958712138 0.395272833859576 -0.496160859995574
0.0025289092034239 -0.037159705413444 0.794657496330193 0.159324560863012
-0.00351340806575631 -0.00535157556135414 0.323708140758492 0.812342886583699
-0.0239661568085493 -0.00283645730337253 -0.242364654357446 0.57108198314847
-0.0216263677602435 -0.012561313835217 0.0431873898443697 0.0263998289549833
-0.0240170612541654 -0.0079888288263135 0.0253923383632222 -0.567024516462696
-0.0216626827165298 0.00296188453760486 -0.710324882350564 -0.520778963023054
0.00192050050154378 -0.000603224331784517 -0.759325894485893 0.40234268132416
-0.000884844134412907 0.0242670905590975 0.0761798604790078 0.710089518721865
-0.00823297381237477 0.0187541468232781 0.444562807017742 0.249714513039958
0.00915351361007067 0.013160031070799 0.300870629177175 -0.0862301215570982
0.0197600082126856 0.00327297031669345 0.0261139941154778 -0.227610191895602
0.00881284046660689 0.00889328861244821 -0.0221149773174335 0.112188004434367
-0.00399456380627684 0.0280747856940921 -0.211124589695209 -0.0481601379732585
-0.00470752996147596 -0.00115114157266172 -0.17370989810934 -0.366226199969724
0.00299872655933405 -0.0128973931689165 0.394695679840606 -0.501630770547397
0.00622380587986129 -0.0364870999182113 0.797147044980868 0.150848328849803
0.00672218579082463 6.81780929951553E-07 0.329564117912523 0.804073415173034
-0.0213740833316636 0.0145406289483216 -0.240120891923121 0.569719720882921
-0.0243262533113728 0.00616757160275024 0.0421997204491018 0.0245971450971611
-0.0134490880104881 0.00628147895921217 0.0246918955321743 -0.570179609167525
-0.0109857059633938 0.000515084607935336 -0.710614715197061 -0.524396830432807
0.00365920602345072 -0.000699463217872376 -0.76219028713469 0.394836411880792
0.0073769607386104 0.034322496804959 0.0769682312190156 0.710508584934056
0.00398204147012002 0.0313116780875176 0.443728288937364 0.253441161063886
0.0214646544018126 0.0190466998423788 0.29868585213143 -0.0825951921488146
0.0228891299330133 0.00218764590078192 0.0239042196661088 -0.224448893429458
0.0110751674858628 0.0106795975374896 -0.0249729160726191 0.116323345781776
0.00524725975381716 0.0353237190183915 -0.212555836320078 -0.0405269860989386
0.000384345167422418 0.0127153825735949 -0.191467927364036 -0.357801968756849
0.00226597993286826 -0.00315495686320002 0.362697739961267 -0.525199296822624
0.0071031055263286 -0.0362679281828777 0.801066383329896 0.0941132655980513
0.0174396874465837 0.00509028765298788 0.376652693506075 0.776974872350687
-0.0163758614010558 0.0312099091320883 -0.214178395143466 0.577451291388582
-0.0257641391278384 0.0221751230508255 0.0404901917589786 0.0301972071715128
-0.00396505308330642 0.0189403441123283 0.0436842085206676 -0.567290142215642
-0.000100946992411639 0.00148325158003235 -0.685837357138842 -0.568074272048395
0.00628178701961704 -0.00145769054159151 -0.79050246764495 0.348649454535674
0.0111910109726137 0.04285806569309 0.0352900649122517 0.711886538454482
0.0135059404459597 0.0427034148386897 0.43011207412099 0.275466338216828
0.032639373381925 0.0246058528229266 0.299885249447322 -0.0666748216173204
0.0263563843760834 0.00302426877310864 0.024212791132071 -0.216175107675845
-0.000969930787965911 0.00587150045086639 -0.0296374443756027 0.150923516146574
-0.031806631763532 0.00571357363039964 -0.227356865689884 0.032617652521026
-0.0395586161719038 -0.0351037405576138 -0.34490219016145 -0.23688819572295
-0.0319493028461829 -0.0329065791515465 0.0482558331534822 -0.593095148537848
-0.0188162085761012 -0.0273689749280806 0.69089388902377 -0.300640290248635
-0.00844602320898203 0.00477800260118313 0.660277339691921 0.481856864803556
-0.0400942023783021 -0.00767194273678912 -0.00712336514123285 0.610241846072785
-0.0203020115845674 -0.0336073155923952 0.0354133979764169 0.101056717495087
-0.0311739542711777 -0.0314545999679664 0.224336212687692 -0.4843526900751
-0.0415367795267494 0.00617560008968001 -0.373543743052653 -0.831940688781947
-0.00616486995869184 0.00581258086033875 -0.90694355675463 -0.0708397803827383
-0.0264886926341361 -0.00867678682028565 -0.310446031925252 0.65124768937047
-0.0376683690540146 -0.0261272138586815 0.296093626876613 0.409556991699494
-0.0198411194190444 -0.00639520232323088 0.311936001243399 0.0212601961256433
0.00993869646227592 0.00560334760028919 0.0268196947624044 -0.181019141804395
-0.00267545158123787 0.00573264280863092 -0.026516101062661 0.139441723447801
-0.0352834198071672 0.00402524652290951 -0.227707909877184 0.00999151828978867
-0.0385706219424918 -0.0425464057439036 -0.314573770412584 -0.27324192233524
-0.0267282322829681 -0.0376265372146509 0.127875354278733 -0.584475176531654
-0.0165497708594482 -0.0300594348364908 0.73426031007018 -0.204794953084135
-0.0158507168517362 0.00124805048661408 0.601179798153761 0.570673502372212
-0.0404415350687723 -0.0176038446741649 -0.0621989596450228 0.608855004565974
-0.0189390287137764 -0.0403390727232309 0.0378723628422388 0.0847025093973328
-0.0347126887855877 -0.0362433132042713 0.179045487616457 -0.508120821926713
-0.0444739332613608 0.00533440868087966 -0.472989886956669 -0.764422548499556
-0.00639803142982182 0.00318921218206266 -0.891115154909407 0.0592610626918186
-0.0258334617825983 -0.00787331127880718 -0.216803692214197 0.686438171977387
-0.0398707149595071 -0.0255180219779111 0.341832456802626 0.375101078046064
-0.0229488679399991 -0.00700627218850305 0.31599126538015 -0.00562857091524362
0.00937526901074991 0.00473305306613113 0.026720798507887 -0.192982663332785
-0.00282848885974819 0.00489924024512217 -0.0231123483152016 0.129594094719223
-0.035961295268428 0.0031536958007729 -0.224824624186113 -0.0122467957750237
-0.0344124872123859 -0.0436015945666031 -0.274211687361982 -0.309416021242757
-0.0179189450388349 -0.040251857573611 0.214320693703458 -0.566762513902799
-0.0129774266662611 -0.0327537450422538 0.769676992251298 -0.0895873256410256
-0.0199290724085877 -0.00312990130786432 0.522502127682942 0.659584597302315
-0.0379597161188385 -0.0226905213431709 -0.121660403119597 0.601685721478424
-0.0189594339805508 -0.0421549583746403 0.0400784762944932 0.0670288418234671
-0.0378109879819502 -0.0357083612061443 0.130214900630469 -0.530322903235276
-0.0440255702416789 0.00574873534531762 -0.566022305424526 -0.686096089512086
-0.00622742377910199 0.00125939578679905 -0.857865738769038 0.189896640472034
-0.0238703166791972 -0.00382621115147685 -0.111888673165015 0.705710753889566
-0.0374929825889718 -0.0185672898627666 0.381851040323274 0.333034315161921
-0.0202879262441047 -0.00335454091435053 0.314854769796192 -0.0355201675214193
0.00912553661565938 0.00470103035550313 0.0266646709550675 -0.20462953570174
-0.000610817960963441 0.00385076279865979 -0.0214709639190596 0.119886135350369
-0.0308935940813376 0.00521853666711424 -0.219338944695183 -0.0292099436507045
-0.0254242077904324 -0.0406082653133047 -0.233742501301272 -0.336276725236836
-0.00906845489698602 -0.0376989130089266 0.294935823351363 -0.538415803398638
-0.00741986785014435 -0.0340765416249068 0.78560280699899 0.0184606900489895
-0.0192607468606703 -0.0078259943096195 0.437817489547764 0.73026113085561
-0.0330791049195035 -0.023745526870371 -0.176513558011975 0.588834971752257
-0.0192330732432689 -0.0379854479575788 0.0412381841140319 0.0500873308786567
-0.0370203922239322 -0.0296930118503502 0.0810061295531311 -0.544431771300164
-0.0387520870908251 0.00618709422769391 -0.637478102277734 -0.604734375261102
-0.00420945758813236 0.00111004690647555 -0.813870854222079 0.29740060811152
-0.0184939247751603 0.0032516945511771 -0.0203270882926096 0.710451462922275
-0.0303072273909413 -0.00771698463902425 0.415388294564449 0.290188028100776
-0.0135855105027593 0.00206185514430902 0.308455994095766 -0.0609784596122676
0.0111001302034705 0.00407282232930713 0.0261654061167677 -0.214614237846018
0.0015932300568425 0.00558185081868805 -0.0189278905372379 0.114774507219431
-0.0225602386195768 0.0109702399037599 -0.213826482145922 -0.0406303843114093
-0.0184607854835024 -0.0308364531127816 -0.197246154419986 -0.354146963261319
-0.00219122177253224 -0.0310721691519153 0.354622447122771 -0.512189877449497
-0.00301873493112831 -0.0351761329188883 0.789234150051826 0.105136169301868
-0.0122553691631822 -0.00797752452606916 0.365043290411061 0.776497453969536
-0.0275474355354928 -0.0164767986758215 -0.215621952175273 0.57428257545761
-0.0201077183545911 -0.0269011593675093 0.0429032411169311 0.0347840680804046
-0.0315412915909085 -0.0196100693501739 0.0429298414116901 -0.555529512050917
-0.0320648911902425 0.00473383912698179 -0.685103824869098 -0.538516053368248
-0.00203024534517611 -0.000625605278445187 -0.770809106998677 0.370614218309649
-0.0101351919262483 0.0135530359874453 0.0484689199903328 0.707479596945891
-0.0208227962563621 0.00649538178387961 0.434310972050645 0.258058346625518
-0.00302750172908341 0.00768768018474617 0.30274296924643 -0.0806304590204156
0.0144990545040153 0.00285957093293834 0.0251460367285791 -0.223109867029271
0.00462276740921011 0.0063266058765346 -0.0205415172607616 0.111588512663332
-0.0133760695412269 0.0194114625802482 -0.208527787827032 -0.0453621151293424
-0.0104524027484705 -0.0165542123867887 -0.177555792632587 -0.361085237040193
0.00180094388801668 -0.0225782756824 0.384708408517427 -0.496107301219913
0.00210896082087744 -0.0364657246918713 0.788215438670272 0.14906243671078
-0.00375455192951368 -0.00535629496560255 0.328476428608723 0.799102242985662
-0.0236022585131321 -0.00157464020411203 -0.234802890237519 0.566182938276131
-0.0216168108879703 -0.0120765284616457 0.0429087326146512 0.0255041096811074
-0.0222333373337672 -0.00810952333837214 0.0208926078600325 -0.561241992040805
-0.0221594611775288 0.00271598708961654 -0.707644639130133 -0.507147885124613
0.0015733266449825 -0.00097702111005929 -0.746512481822613 0.406454702697297
8.34004417541584E-06 0.0240023291286631 0.0845670781724348 0.700820363964249
-0.00730830449298874 0.0190130049597242 0.443550928621859 0.241987246211745
0.00857176203610649 0.0127828812706917 0.297859842450537 -0.0896814291875978
0.0183682235258777 0.00269814460696399 0.023667516465979 -0.225770171977227
0.00868080636507075 0.00830036126989729 -0.0217715346069988 0.111938072180019
-0.00392745378546717 0.027880220839582 -0.208250454709914 -0.045307655389769
-0.0048012992304245 -0.00145401409629345 -0.173759149695853 -0.362464425287504
0.00282319018191106 -0.0132718464244304 0.384661681258977 -0.501161184296488
0.00639715675489387 -0.0363178069273575 0.789487617509658 0.141184039653755
0.00623372308272091 -0.000192125492183911 0.331436937721586 0.790954735572831
-0.0205661461292461 0.0148432646663958 -0.232219135831074 0.564471892175323
-0.0238647351962585 0.00565335642365195 0.0412326197393536 0.0238047292585362
-0.01164880698333 0.0052797176498 0.0197460325060585 -0.562625647578819
-0.0109308992845433 0.00232579823734725 -0.708196305735866 -0.511701034491399
0.00379356222861448 -0.0014618681652926 -0.749122749061552 0.398196523881129
0.00794218610758854 0.0335153796786999 0.0846471174547954 0.699473660379901
0.00362130554784972 0.0318280477376055 0.441885661332148 0.244877413543821
0.0204622844617475 0.0189711122063855 0.296387456187897 -0.0846124736637992
0.0220910318726381 0.00101600502079514 0.0225965494059622 -0.222355523803094
0.0117711109008787 0.00964973945101244 -0.0246656635128482 0.116254812861762
0.00587503141862291 0.0347107132608753 -0.210221975163432 -0.0373384724822928
0.00100504162407589 0.0116815851378797 -0.192519111067886 -0.353633913920951
0.00196879520323277 -0.00350204789126027 0.352548830043258 -0.52605491861945
0.00559736850113552 -0.0355705393219329 0.792768567637214 0.0844742635154936
0.0167795817659048 0.00444487720830641 0.380423968319687 0.763380215110045
-0.0167545346655153 0.0301467786057376 -0.205265508567254 0.572546137524611
-0.025142324650758 0.0224379459496604 0.0400121507559379 0.0302215889215948
-0.00338737853271761 0.0191935453751119 0.040601396391235 -0.559903159164558
-7.17116094421063E-05 0.00183216309631669 -0.683822892313533 -0.556083594744367
0.00595837858661251 -0.00207119321378861 -0.778344110531625 0.351430475356519
0.0120230227115851 0.0413707073316492 0.0435684119163026 0.702060305264533
0.013586995644514 0.0435428811236584 0.429851488664331 0.269670744731368
0.0314177832275046 0.0243161189228313 0.297924251660872 -0.0698341185245102
0.0250705798183702 0.00295923766014805 0.0224038944983634 -0.214871546930322
0.000833800126744815 0.00697586089872091 -0.0144310060831973 0.151103721095884
-0.0314565337430602 0.0103006087466808 -0.220040605073493 0.0570958978621095
-0.0460088072156815 -0.0306893370685283 -0.364793765312269 -0.197356692182467
-0.0334040165021072 -0.0303853200266073 -0.0268654803637353 -0.59137207855913
-0.0191032373703817 -0.0220087204498316 0.647765195968343 -0.374217671062381
-0.00648066169206718 0.00395997896833212 0.703728320484136 0.407904161275619
-0.0371454084260583 0.000415803339630691 0.0545203992110882 0.611429206067384
-0.0234210682059919 -0.0303303410068233 0.0441594404091006 0.095827394510333
-0.0354065364894294 -0.0263362415275413 0.169754455613303 -0.498016302325774
-0.0382976748549329 0.0154235194340673 -0.456483527131283 -0.774907345314395
0.00101057653739849 0.0105510526753493 -0.897437746969648 0.0190870270055823
-0.017361609232724 -0.00757224422892718 -0.243274036469839 0.678666628331336
-0.0372608784080454 -0.0251711623037425 0.333032475753755 0.375107068319731
-0.0204803395263183 -0.00873406412732514 0.308961142268512 -0.0138245973717801
0.00770595647466719 0.00415249646024818 0.00919106455829506 -0.183723493104723
-0.00161740360347527 0.00659529215427702 -0.0119429785236002 0.141001272426186
-0.0367089433156003 0.00690653974229922 -0.221872874486891 0.035338933409073
-0.0461589382797781 -0.0369383441127753 -0.338006363939175 -0.234643121763435
-0.0286754651783465 -0.0349681874492499 0.0525918008501112 -0.592395984104459
-0.0175199591638273 -0.0241415463465162 0.704637884439087 -0.282055906507147
-0.0142373355545477 0.00212003061034999 0.652567948838692 0.504027233926594
-0.0404042297908858 -0.0100720335108783 -0.00264732593366791 0.615839023606582
-0.0227143552574362 -0.0377627409143796 0.0451207499815069 0.0789102251342368
-0.0402496293037488 -0.0303990600554097 0.12412095579771 -0.516051597528148
-0.0414554798349771 0.015475971001178 -0.547408544148716 -0.700187479850955
0.00190798652575041 0.00784315081490244 -0.872135151291763 0.14513253497436
-0.0187571923534669 -0.00839599537431479 -0.145206426749247 0.702648461028169
-0.0397685983480376 -0.0245450915504865 0.374935878386383 0.335546147126253
-0.0242031771075445 -0.00837754367567176 0.308648748752862 -0.0408102374083661
0.00613354701103848 0.00270506320995045 0.00682219539399381 -0.194255257155967
-0.000813719228919761 0.00534751819036206 -0.0107434734483286 0.128669790068719
-0.0352600646150211 0.00675519336165615 -0.220947340063878 0.0144833211365499
-0.0405747208678486 -0.0396149270864104 -0.303514218233278 -0.273608753074858
-0.0205570620014837 -0.0385433196759713 0.1420205612588 -0.585043022417802
-0.0146332337424969 -0.0276616346782918 0.748626540784842 -0.173824400132855
-0.0174279564968075 -0.00211028035128855 0.582995144047505 0.598631385398818
-0.0379680846988646 -0.0154300283978281 -0.0600436018321739 0.613442225416334
-0.0228316107280536 -0.0400568289320394 0.0456943642218396 0.0621064099070607
-0.0422991286005827 -0.0296143836997802 0.0734006608958919 -0.533418697362056
-0.0405140483381316 0.0151571898933483 -0.631266435566707 -0.61219206709563
0.00151002050968874 0.00500226077363499 -0.827814444534182 0.272074730416259
-0.016348404039682 -0.00503340557942123 -0.0396819770541456 0.712697486778388
-0.0380739117216229 -0.0187192349344891 0.41123250797804 0.291236577857605
-0.0228886559562887 -0.00489485755163973 0.304817814878353 -0.0690079680666272
0.00614983698178775 0.0032736433249598 0.00532520803876832 -0.207137309181002
-1.76666011839051E-05 0.0052681309727658 -0.00944699342572834 0.120614704687112
-0.0320184964798902 0.00881868288826392 -0.217862727891789 -0.0049163218166002
-0.0327233032153139 -0.0369187277123231 -0.264442731247667 -0.305193500277152
-0.0110022916494167 -0.0367547802967124 0.224787058265221 -0.568814366111348
-0.0103464786992326 -0.0289779241100794 0.778809972114803 -0.0672599824443276
-0.0162901268376018 -0.00580094657957119 0.506290971928982 0.678348944985791
-0.0333647736059653 -0.0157689245885011 -0.116570759185801 0.60627903863679
-0.0232544748121479 -0.0352330191659147 0.0455792424839095 0.0440151894804008
-0.0412925029808624 -0.0248402648594347 0.023103627832571 -0.543602513262934
-0.0365887606591653 0.0140707003595744 -0.693294419678826 -0.525332588490083
0.00392567586434429 0.00230629563770512 -0.772682963193307 0.372471500059079
-0.0109051768692436 0.00078933138935872 0.0528326988677112 0.707786988473314
-0.0310191902327801 -0.00789007910283717 0.43914616932739 0.245584082962527
-0.0154460873855723 -0.000766088124746697 0.297786782996983 -0.0945711715055647
0.00905750297826955 0.000964947193132263 0.00482436993396118 -0.216614009538574
0.00206403142865596 0.00495018369748495 -0.00871375175393309 0.114916542878589
-0.0237949274207923 0.0131017602742923 -0.214374194530986 -0.0173467943552422
-0.0236731569249188 -0.0281298405353645 -0.23121800198912 -0.327653220854741
-0.00383712216220235 -0.0317593294990338 0.285378975282304 -0.548398793842756
-0.00594890248566453 -0.0304222668805824 0.790429757276238 0.0165654333265278
-0.0106112355261795 -0.00615690213069321 0.441844492095726 0.73098072320528
-0.0273523902787977 -0.00849486658621887 -0.15747343716991 0.596083757447069
-0.0230962013723639 -0.0244369001012931 0.0451926220570566 0.0299399040815724
-0.033512349709492 -0.0144684522146044 -0.0152867622765354 -0.550458131519011
-0.0283632304691871 0.0126513827327267 -0.73273771467068 -0.456500554053151
0.00662382900305579 0.000510247649737438 -0.722297951080493 0.441604955725207
-0.00193278567132165 0.00815690101108407 0.122179292830764 0.695537309908668
-0.0202121976234748 0.00346734129988254 0.457176035861513 0.211852598790836
-0.00472584499806172 0.00387730445577658 0.289866288275755 -0.113121210671626
0.0115215768050026 0.00155923302892176 0.00104628573176327 -0.224235465549071
0.00622158176599243 0.00634336140199293 -0.00889255925008393 0.113188327663815
-0.0128413220153946 0.0207730726552107 -0.211191177930354 -0.0223434525947645
-0.0146359438660661 -0.0149003563351516 -0.213319914579494 -0.338770391694007
0.000652712403095073 -0.0236524608983258 0.31722105774999 -0.538044189656513
-0.00102476365910642 -0.0315629909517825 0.792378938896138 0.0604800041897549
-0.00200331143622249 -0.00505735389182304 0.407149229494747 0.756051553932572
-0.0213699613235103 0.00411097975340249 -0.174490402774549 0.590514767350349
-0.0226991161071659 -0.00861077737617397 0.0445063471625238 0.0219871477569528
-0.0244691097653931 -0.00373882656504566 -0.0374177557575462 -0.552541967100262
-0.0183628061485149 0.0101352791017183 -0.750807626819331 -0.421596488234504
0.00906197433241031 -0.00103369172974348 -0.696334280568594 0.473773248798625
0.00771676780855764 0.0178768991115993 0.156032067282224 0.68596844624295
-0.00548753406478377 0.0156178698039761 0.463211759296503 0.19280612712165
0.00729978901140454 0.00902099402307083 0.28428176336535 -0.120351438259202
0.014418028598202 -0.000820764475052109 0.000809664703382676 -0.227138942903224
0.0105304491208215 0.00821754180061437 -0.0116235400211746 0.112043902713128
-0.00208747867215706 0.0289307635522574 -0.210064530635335 -0.0218696775128057
-0.0078012244989883 -0.000461337733859319 -0.211124789016065 -0.340344926499151
0.00180069077423832 -0.0140025640621032 0.318638380107339 -0.541550138671031
0.00185223917468538 -0.0323103777888767 0.795774214789043 0.0545121870442778
0.00903984199728137 0.000450095129069936 0.409752218704512 0.746372467157053
-0.0175072777644501 0.0206688542117449 -0.17140552175047 0.586981999245322
-0.0227192155755099 0.00860837568903673 0.0434062371214781 0.0200052008361324
-0.0131686922929906 0.00803074539697476 -0.0386526942676403 -0.554323240942152
-0.00888763268275982 0.00744366259370319 -0.753329881579886 -0.426356631503521
0.0112324916710872 -0.00252060731963141 -0.697981662388497 0.466345381173621
0.0169730708121597 0.0265059439008108 0.155347805660182 0.684405577978716
0.00753637700307404 0.0262474010997241 0.463163143485599 0.197849911576952
0.0194459073585559 0.0127953239302449 0.284463936542551 -0.116311703563134
0.0180555909191065 -0.00134309862957206 0.00019271546707101 -0.223200155381416
0.012638113859332 0.00878612511265004 -0.0139795433673408 0.117286244027087
0.00756284873227601 0.0347705432424401 -0.211160532427598 -0.0139257407023101
-0.00148626267109726 0.0122408964415247 -0.226634742430759 -0.330588605632706
0.00241780513874979 -0.00477072849192478 0.285180206593912 -0.561922859560572
0.00264831411915367 -0.0322540103628593 0.792036230776923 -0.0037239049273868
0.0187581937875174 0.00321607728673862 0.453543011624637 0.714895412862426
-0.0119028417809485 0.0343927545173523 -0.146886316876573 0.59458148792768
-0.021703076782118 0.0248628319869946 0.0428212390681663 0.0263860043759783
-0.00242538399778215 0.0194629453876694 -0.0187842597087215 -0.553995429997176
0.0016286167188265 0.0067182499971948 -0.731298897205978 -0.471801120961705
0.0132473817464539 -0.00214975051731608 -0.731795719314924 0.422662951138397
0.0219122421515217 0.035363118477755 0.117957301448421 0.692471567110238
0.0177599613053967 0.0361064377702847 0.452867009732743 0.221393943769582
0.0305174867860671 0.0160154735201216 0.287155835487262 -0.100645357470794
0.0218841789595921 -0.00139912236438148 0.000650174774962437 -0.215978195225485
0.00112430393115887 0.00690207820993825 -0.0149635610672377 0.150559802778352
-0.0309712438578728 0.0100306959055148 -0.216717748617626 0.0586770991771006
-0.0456865935472546 -0.0297733141477431 -0.359134825836929 -0.192166084372818
-0.0335255301283727 -0.0300350808116373 -0.030815469051241 -0.583585811860386
-0.0191086447969454 -0.0216956668206982 0.637050284165865 -0.372875279848517
-0.00618925231674648 0.00469312808975166 0.69594443401623 0.398196711842698
-0.0368143820985595 0.000362917820950895 0.0588003992611233 0.601996557002037
-0.0234921804879584 -0.0289377578017861 0.0447253750742938 0.0941041675976831
-0.0347329147617571 -0.0252300886549628 0.167202199179593 -0.491314566092181
-0.0380187852997012 0.0159790531932169 -0.45411857550762 -0.762625638044226
0.00106977992959466 0.0096228530865733 -0.888791204254144 0.0230789577864365
-0.0181467581047339 -0.00685286192810424 -0.234524811900478 0.671546206660938
-0.0370903089540443 -0.0237376266822316 0.332226509054233 0.366439316299872
-0.0204952050712165 -0.00822579724048046 0.305257614971106 -0.0152915032298912
0.0071582883843238 0.00312429290444913 0.00865746419541446 -0.181640428726084
-0.00128502781248462 0.00650677071834315 -0.0126935302042545 0.139431606947727
-0.0358761665944226 0.00820526272761241 -0.218959787546369 0.0368552275966082
-0.0454356191342963 -0.0363649367263494 -0.333795419644138 -0.230729290239605
-0.0283466887680957 -0.0355367655349626 0.0489875325636994 -0.588033214396335
-0.0175613918023343 -0.0243033033202517 0.69127181651248 -0.282251015185841
-0.0137631704825455 0.00177993495910057 0.64695529962004 0.491982673384727
-0.039550836965711 -0.00831142873700819 0.00113962647404062 0.607680322703186
-0.0232645345452306 -0.0371563942554706 0.0453060311257525 0.0789103919601214
-0.0395932195025246 -0.0304391075933938 0.120091705413135 -0.509731275917995
-0.0412411256071966 0.015989168543624 -0.543978532619256 -0.689584342734033
0.00152357962053232 0.00771933899049672 -0.860158304088336 0.150206149036275
-0.017922823666751 -0.00877856292521792 -0.136045636323545 0.69521066107784
-0.0395654197908011 -0.0243261568582361 0.374152142698722 0.330059833835928
-0.0239913019501732 -0.00801039392483632 0.30437558923239 -0.041946671456972
0.00632987892623506 0.00218200883962986 0.00723720831829223 -0.192276580956372
-0.00123614433062134 0.00526522239864336 -0.0105776631960267 0.128991237495171
-0.0352696408038591 0.00692390597599003 -0.217515553574593 0.0156475410314091
-0.0416170723830334 -0.0387633227362778 -0.29944348645048 -0.26835612163135
-0.0197624209267314 -0.0386429319248602 0.135135934393561 -0.579148817397924
-0.0139674315329662 -0.0265565761345847 0.738317614249623 -0.175485346583031
-0.0181867611999289 -0.00191870664359045 0.579196700779693 0.586689902753828
-0.0368501999496338 -0.0144384470360539 -0.0575877528294936 0.606501035863417
-0.0228512778335993 -0.0386247813470246 0.0453964175873967 0.0600110741606035
-0.0419718810416402 -0.0287640426539512 0.0695380144680249 -0.525749446377674
-0.0402865517010747 0.0158892637949172 -0.625023064448542 -0.600924189802007
0.00198326824871582 0.00462046834530571 -0.815987324374766 0.272508766759951
-0.0163996981988387 -0.00539356168292404 -0.0350863328475424 0.704539708428883
-0.037348325134048 -0.0173561416464216 0.408414654116554 0.283001259130091
-0.0209285745343164 -0.00536088965429154 0.301085024892271 -0.0716819906115512
0.00705314053288792 0.00293783425575898 0.00569871971150976 -0.204607883052428
-9.26048276785453E-05 0.00428234661265196 -0.00952148459259928 0.119440425217103
-0.0306278891681474 0.00847614598399179 -0.216100706727399 -0.00173596272178894
-0.0325007829093314 -0.0366500231028343 -0.262096504779754 -0.299834639222615
-0.0109319331655933 -0.0366483501387547 0.218526006017595 -0.562674134213667
-0.010199496215572 -0.0285868267164193 0.766890134744827 -0.0704476354032215
-0.0169353000421218 -0.00571759548564467 0.502870958421026 0.664820019299992
-0.0327090164017777 -0.0147543010975018 -0.111439957819663 0.599401954569919
-0.0217679555761874 -0.034919799587723 0.0448895861336545 0.0440732152960847
-0.0412899872540538 -0.0232902909234268 0.0205557813616027 -0.535401397068748
-0.0349031630480796 0.0144099157853143 -0.686018144222756 -0.513599736012625
0.00257232114741866 0.00236393648500663 -0.760540898400185 0.374127093053241
-0.0103071075015589 0.00143500507868939 0.0582784070614594 0.698641575075058
-0.0313053257944416 -0.00687463866741399 0.43551931430736 0.239997158370433
-0.0143918135371636 -0.0015150800911084 0.294346717535955 -0.0963462624585686
0.00801470607484918 0.00233784455607361 0.00431826399190884 -0.214836988435833
0.00324085130149601 0.00524452459147482 -0.0094163678334988 0.114101256891653
-0.022284508208651 0.0127306020478471 -0.212149470892316 -0.0145625398734566
-0.0238622937317803 -0.0284284081956941 -0.229393646346 -0.323998414494439
-0.00392089734030636 -0.0318451863261996 0.278948231742428 -0.543063884108964
-0.00596548859086019 -0.0299113781504455 0.779879209505377 0.0127139127746923
-0.0113420836873078 -0.00678444381054408 0.439176348490765 0.718404924921605
-0.0262653385228236 -0.00812858182269392 -0.15035707585006 0.589128214011331
-0.0225712191560938 -0.0236509657537616 0.0451382222312573 0.0291312059773072
-0.0343310661326059 -0.0139984647626759 -0.0178008991402369 -0.542036785751701
-0.0277782700826792 0.0124713652913934 -0.727185362205894 -0.444737691968504
0.00573826569206864 -5.01135244858784E-05 -0.711615701999507 0.440863352954823
-0.0021629319728187 0.00899388568379238 0.127474619791101 0.684061328345508
-0.0196134957437995 0.00475655997186018 0.452622754070384 0.205516610682408
-0.00476381185507336 0.00440295336248931 0.286237950042695 -0.113648271944591
0.0111084594661828 0.00100039082923536 0.00175060274597487 -0.22189663194819
0.00601113719371204 0.00616118733604432 -0.00937267689024164 0.111908809553526
-0.0121781679300569 0.0202572803764964 -0.208916512477116 -0.0206529921877017
-0.0156775960459676 -0.0155345272886388 -0.211126964303253 -0.332871551664045
0.000200931010318911 -0.0235579217216068 0.310313775344741 -0.533363865786293
-0.00175288127717332 -0.0312395624582064 0.783090541994132 0.0551704351685864
-0.00247492493180697 -0.00473558695813224 0.404372072438489 0.742881796667344
-0.0214327291101124 0.00483361654804781 -0.170290339490976 0.583740992780499
-0.0222511066881271 -0.00839162249563541 0.0442079562778859 0.021250470015449
-0.0234857604194753 -0.00340434424276203 -0.0405957238616002 -0.544871948615569
-0.0180824160871534 0.00994568258391435 -0.745856732419116 -0.41095160137736
0.00808453097931953 -0.000414251077609125 -0.685978149441755 0.471592974047593
0.00833226113620617 0.0176142230032569 0.160642138620953 0.676766977272098
-0.00595955027569043 0.0160657882571174 0.460315162372858 0.187955677247929
0.00659792512304133 0.00737368390923003 0.281184285996362 -0.121071114349649
0.014344812888272 -0.000770094132951173 0.000251597812273187 -0.224365589716031
0.00978917160554323 0.00757057976451579 -0.0118103773894887 0.111850802995941
-0.00196991820425968 0.0284913252587653 -0.207776910291028 -0.0199890673067688
-0.00820667475663039 -0.000932629702468928 -0.208934783900282 -0.334978254325069
0.00249413848602718 -0.0139889874770127 0.309654473036376 -0.53717147538384
0.00158362942350371 -0.0313164948823234 0.784371896832622 0.0474157788174792
0.00772819589887368 -0.000205262275872253 0.4081822347364 0.734999368300147
-0.0172098686290362 0.0193140442382732 -0.166615057344199 0.580541107726924
-0.0216030302197882 0.00803315396677474 0.0438532766960699 0.020089820279727
-0.013603488372918 0.00821376939946655 -0.0405155716831146 -0.546474895207765
-0.0079785021238129 0.00687140737702052 -0.746626510690435 -0.415387830528295
0.0102808051024716 -0.00222734647798592 -0.687283767683551 0.464333036678789
0.0170928147826586 0.0263432470329735 0.159179488669827 0.675972885136531
0.00738824756251779 0.0259512386392062 0.458777966520404 0.191298238823287
0.0189727018795611 0.0113184721706468 0.279917379632147 -0.118154690935165
0.0171639854782777 -0.00164588547504233 0.000340492135427282 -0.221335265674329
0.0126516554659399 0.00951918261045568 -0.0135944564650222 0.115799167660464
0.00844993852781223 0.0344226414878029 -0.209187488053469 -0.0130486908463832
-0.00254203671017639 0.0115282030547715 -0.227130137405319 -0.325786451379442
0.0027973537793029 -0.0050048691928769 0.275659145117966 -0.558052292031954
0.00235674073069538 -0.0303841818938357 0.780645138535721 -0.00965042190152509
0.0189258539973485 0.00360726633741107 0.449951365641244 0.701164173699595
-0.010960797969325 0.0344680760507457 -0.141487524809447 0.58658595931422
-0.0216524254329489 0.0254140502113517 0.0417655463068787 0.0253840118259689
-0.00207054118412277 0.0202337495374389 -0.0196604632679055 -0.544867206640545
0.00198154516612852 0.0070368626158395 -0.725693334476148 -0.459296382461182
0.0134774623948183 -0.00243541313294921 -0.721613072817384 0.422934298420006
0.0216614302639429 0.0333463989305472 0.121628421695477 0.683245602967603
0.0167880086028236 0.0354049163254531 0.449585094359016 0.215262288893942
0.0302159538937258 0.0161385496136798 0.283561367092993 -0.102492694118204
0.0211142420776848 -0.00171636916239416 0.000792632660886048 -0.212531747457906
0.000796436908802508 0.00645787044024328 -0.0148356495070194 0.149822385875968
-0.0300999641466351 0.00952826960288944 -0.213306266935657 0.0593281393577616
-0.0449956447386959 -0.0286272750538214 -0.357087155533713 -0.189136057226457
-0.0330967589533501 -0.0291426774643279 -0.0331622413761212 -0.577078102869482
-0.0193584402332187 -0.0208973061105845 0.62642573773921 -0.371549157921342
-0.00704860772296179 0.00411884192633625 0.689223064611068 0.38933392403729
-0.0362460257357869 0.000865661448838213 0.0588929174971117 0.59443627326707
-0.0234015638157823 -0.0279692010471174 0.0449867764489537 0.0925328481894542
-0.034068725345756 -0.0244187816442019 0.162351961597212 -0.482643388531806
-0.0381057023240116 0.01575054878834 -0.449254029000077 -0.750418418470041
0.000443328217185745 0.0097054005606391 -0.875783979508402 0.0279024312530114
-0.0170099805688891 -0.00607463377662865 -0.226849096168758 0.664033640847079
-0.0370690354823891 -0.0238860886252115 0.329197298111063 0.361547918958405
-0.0201772262818761 -0.00828504805902073 0.30238847841144 -0.0164406633686444
0.00793200095139318 0.00306144554587825 0.00873198892255515 -0.178647289272591
-0.00129155974981369 0.00551512636371503 -0.0127793142914413 0.138442924227302
-0.0345499575636046 0.00781095636996264 -0.215592809388835 0.0379737324408571
-0.0459433397581268 -0.0364421805955789 -0.330011969066409 -0.226959073760777
-0.0280881857628392 -0.035267008011305 0.0463882887967183 -0.580879228738444
-0.0179590704883454 -0.0229910225576683 0.681075990252824 -0.281147554092295
-0.0142950064660835 0.00209891989649639 0.639264023259596 0.484134070174678
-0.0375924350870344 -0.0087619697269994 0.00556233645105087 0.597473970455646
-0.0219562725564838 -0.0361594535455577 0.0445220403458263 0.0778451155713108
-0.0388377311697003 -0.0285127080764158 0.116601121765119 -0.501493589584556
-0.0407581007263576 0.0161134609951555 -0.539981624583902 -0.674776039501399
0.000396895326098049 0.00730802855426647 -0.849476723276432 0.150075633449639
-0.0174954694902357 -0.00781584775834693 -0.131409118539349 0.6853680222851
-0.0391080737976944 -0.0235323975770278 0.369153444493427 0.321313179773986
-0.0234791688818978 -0.00796005372279701 0.301671535938966 -0.0434590353429302
0.00602000747326029 0.00224099871291914 0.00728362262856052 -0.189994202333529
-0.000421038419931 0.00498047817500244 -0.01143321526384 0.127801696647928
-0.0341394051352113 0.00691601337510942 -0.215844429112314 0.0169629499028725
-0.0418789385763135 -0.0382568010296774 -0.297263647645158 -0.263496249694683
-0.0199071810041781 -0.0379357792631188 0.130708664540255 -0.57411125506118
-0.0146874624436654 -0.0256527772540385 0.726889283910355 -0.175782379727987
-0.0183310700246957 -0.0013697587982942 0.573692269994158 0.57754280326408
-0.0367625807145536 -0.0134207392088501 -0.0533975326489842 0.598340306370986
-0.021084301132054 -0.0379143161065129 0.0447277713236139 0.0596201715880939
-0.0412393734394471 -0.0290596018224823 0.0659728533857016 -0.517638102567605
-0.0401120890486189 0.0157190254146501 -0.619967166259295 -0.591832925580656
0.00194241263189391 0.00406718310420105 -0.80296405300354 0.271754508723028
-0.0162110854089525 -0.00569094714082948 -0.0312292339306484 0.693584517748673
-0.038178584829748 -0.0173795785989224 0.403696088760919 0.277576721167331
-0.0209509098897107 -0.00588495313663309 0.297062058869743 -0.0711158655472385
0.00774516933591016 0.00266743225035551 0.00449842001100315 -0.201855693890855
0.00046829962186559 0.00415278093955245 -0.00956786435039737 0.118521665164397
-0.0298526224179046 0.00852583104941504 -0.21429210701263 -0.00103461005420796
-0.0332220227202164 -0.0360424730210828 -0.259093741468825 -0.297940354562392
-0.0105476531261956 -0.0363370088650218 0.211569888406219 -0.557548096042483
-0.0106827647645847 -0.0282941962741873 0.755492384807333 -0.0731791283399511
-0.0172286214473142 -0.0052970176202325 0.50023451089701 0.652696289837173
-0.0315971351758123 -0.0140751670958661 -0.106972581164531 0.591903853197597
-0.0223979310908453 -0.0336944315812466 0.0453657877509269 0.0438585819584845
-0.0393637774498286 -0.0225313993938444 0.0184822523430812 -0.526833693827662
-0.0350775892512896 0.0151684755477402 -0.67992898261817 -0.503684547799103
0.00306467473742405 0.00203628743147767 -0.748635152667652 0.371994528043442
-0.0100621615117545 0.00113092666574322 0.0617450655302596 0.689009648207055
-0.030733265176852 -0.0060071947973149 0.431631871308554 0.233570185979748
-0.0143963455311523 -0.00118516281347029 0.29050689614382 -0.0964607502933418
0.00856835642484714 0.00167373539301718 0.00260093453572514 -0.21209761798155
0.00338842719966942 0.00481632181678398 -0.00961288192881901 0.112695421979605
-0.02166952737991 0.0130030842945958 -0.209090451269461 -0.0124986849489354
-0.0243028268485304 -0.0275675225026943 -0.227233485329053 -0.320623313668002
-0.00421260392122424 -0.0309348194170331 0.272441416896752 -0.539301030469705
-0.00641802140763972 -0.0298634486641064 0.770610669292802 0.00837014519912684
-0.0113432666443945 -0.00609751620387021 0.435963560009973 0.708132353579521
-0.0262756782900888 -0.00767877702156181 -0.145282331126149 0.582088672637358
-0.0223039374360145 -0.0228025516238151 0.044608442225552 0.0293426759324596
-0.0332453407698115 -0.0132397977881441 -0.0201470885341451 -0.532755140380816
-0.0278667102285419 0.0136625156717263 -0.717700378416418 -0.435785541258662
0.00555462021436978 -0.000665884019388472 -0.700680051186323 0.438738574436895
-0.00157021799305043 0.00883123290393972 0.129439297698649 0.675890401144208
-0.0194716819253097 0.00427280101387431 0.44807387812113 0.199318635964231
-0.00472546306399305 0.00390440833344667 0.283580171817919 -0.114466190626323
0.00965352760463247 -7.67920954816929E-05 0.0015334618220509 -0.218975328479058
0.00559720337682873 0.00585514902610806 -0.00940129984650402 0.111174433119084
-0.0121754071537057 0.0205672999797131 -0.205996961243256 -0.019427696733886
-0.0159634370706605 -0.015014578975285 -0.210211654236501 -0.331204228179918
0.000229040944734203 -0.0228990857766001 0.304506468802128 -0.528182116150586
-0.00211096550184865 -0.0307110760741814 0.771718774544042 0.0510667083016494
-0.00275940918410036 -0.004242519396537 0.401615428207427 0.729480421236295
-0.0207582518811588 0.00443873100736676 -0.164279887054821 0.5756672439795
-0.0216563205230451 -0.00772551260465026 0.0437651078612632 0.0213555584420729
-0.0243596889127732 -0.00304124352295066 -0.0399860625016427 -0.535859146529561
-0.0181482923073772 0.0102338299882653 -0.736850647059504 -0.40541899634651
0.00742593442138108 -0.00214506841252537 -0.673508230330146 0.469713257323896
0.0083466593596755 0.0168984022260876 0.16298665418511 0.665266561277325
-0.00579738363269234 0.0153062216799051 0.453967715022279 0.18549838626675
0.00690746564304499 0.0071715081000638 0.277311173952842 -0.121473175344241
0.0135827986144789 -0.00086870726467643 0.000465406121873715 -0.221559981757661
0.00916881044671982 0.00766583902830912 -0.0110824601716572 0.111264050352661
-0.000965318557769033 0.0277664577870125 -0.205389269133533 -0.019133462066578
-0.0091434185097694 -0.000119487986653352 -0.208651491488318 -0.330939200442348
0.00231510396882466 -0.0140163483408669 0.304804753431937 -0.533640601709996
0.00134064950337682 -0.0303504054625157 0.774160411958502 0.0439094933586328
0.00765287567886089 -0.000511832895352223 0.404844687278034 0.723138273701362
-0.0160251909059375 0.0195743359535335 -0.162736545116745 0.571510580160651
-0.0221399666537735 0.00852966884494078 0.042929939406418 0.0198057399885857
-0.0126079977824992 0.00914996056601568 -0.0415026515415473 -0.53694851290507
-0.00692409892836375 0.00813404929083674 -0.737777286693885 -0.4080818414778
0.00941135947749603 -0.00221089754544526 -0.677447963950683 0.463843310388287
0.017347582653947 0.025241372134471 0.162480748262996 0.664172521408278
0.00658306240360913 0.0263863311215609 0.454567131518699 0.187313391699164
0.0183316817726482 0.0111836282589499 0.276690935390323 -0.117002651751555
0.0162932760968653 -0.00170598372051381 -0.000432577457241493 -0.21935497730789
0.01194822129953 0.00798795294934994 -0.0145167701981782 0.115274034163771
0.00864954269797598 0.03367772250003 -0.206458319094223 -0.0114585625699667
-0.00316503865166153 0.0121536875054458 -0.223693961727195 -0.321332790129361
0.00241616567634093 -0.00424110134450665 0.268823663935414 -0.552001209783619
0.00262927606127017 -0.0296709174823241 0.769575405818989 -0.0122555444199672
0.0182034575580214 0.00333318293999089 0.446727153973079 0.690545620800819
-0.0106233906354714 0.0336481895185221 -0.135595771958508 0.578177915098469
-0.0209058239205691 0.0251598053314444 0.0419795669365724 0.0256471055677255
-0.00304425954926288 0.0199422753210568 -0.022520963538453 -0.536975129232694
0.00159514943805956 0.0072271958428156 -0.718617763166289 -0.45417325318125
0.0125205762626968 -0.00192601974692525 -0.711532477124888 0.420117037763092
0.021936078529935 0.0331556613606771 0.124028988822638 0.670773416193396
0.0175569784905832 0.0350983527696501 0.444943216026842 0.209984465479363
0.0289363023768935 0.0147756149030606 0.27985539046223 -0.103084936835029
0.0199757367246763 -0.00133472680322026 -0.000108317113907008 -0.210455451294083
0.00148969104835884 0.00682409676625773 -0.015637889031126 0.147791439837134
-0.0287245584716047 0.0102487004917403 -0.210691899647115 0.0591379367886773
-0.0449265704244042 -0.0292398848337568 -0.352067557805179 -0.186603650231777
-0.0327308708212359 -0.0286981657770129 -0.03442517668132 -0.571021027816085
-0.019316545912585 -0.0205166588955069 0.61595022862167 -0.36692041345563
-0.00735481355371763 0.00430907218774771 0.679430250404457 0.383978904055804
-0.0349785542983678 0.000734094286628923 0.0586557250940764 0.58575364666337
-0.0222061118250006 -0.0280629272452322 0.043709489407472 0.0924008662381394
-0.0327811246328882 -0.0232529296456846 0.159831649162346 -0.475994729254008
-0.037498220675583 0.0155988647944179 -0.446437382224905 -0.739798278736445
0.000534243309494519 0.00992955169626212 -0.865674107637818 0.0297127621813158
-0.0174365137471646 -0.00588256425423054 -0.223169184085506 0.656067140280476
-0.0364353121333452 -0.0232619284035286 0.325028031535158 0.355445837860171
-0.019638529353648 -0.00891175238315143 0.298372579517093 -0.0175439220470102
0.00757999056386693 0.00286183904001531 0.00925552836864116 -0.177745316085733
-0.000267561550784145 0.00589144108828042 -0.0130573061978094 0.136954776629206
-0.0327357542579532 0.00797963141075529 -0.212870899272825 0.0387808047545754
-0.045958931339673 -0.034861474697445 -0.326212198037413 -0.223568028868431
-0.0273565113846149 -0.0351811244299231 0.0435578085977477 -0.575519986184478
-0.0174004837114035 -0.0225146342954749 0.66941532935693 -0.27980939464105
-0.013553024793102 0.0017722034641997 0.631405524765221 0.476769173339183
-0.0370211717022663 -0.00815044979388393 0.00588126461640903 0.589719120207236
-0.0222206137930063 -0.0345163817196784 0.0440383619106845 0.0766884940439071
-0.039072299794419 -0.0279055862362643 0.114594064897127 -0.493055436669196
-0.0402802389076174 0.0168138549433162 -0.531573766122578 -0.66485710583306
0.000633594230634593 0.00739023892478587 -0.837830580638266 0.151520797378799
-0.0171997895472671 -0.0087006578547099 -0.127280160789099 0.676092223938239
-0.0386030921374918 -0.0228175526620079 0.365168455061239 0.316273593135704
-0.022677001694942 -0.00837588371246906 0.298428025333933 -0.0427401597709993
0.00576711287914366 0.00231435247986419 0.00790940108401235 -0.188237253103138
0.000174746550396064 0.00428884693650112 -0.0120661163779483 0.126860412444182
-0.0339539938254965 0.00713884484867113 -0.213177743366663 0.0189797785387501
-0.0410644005266174 -0.0378283506326051 -0.291869812247158 -0.261770147097061
-0.0193221167739696 -0.0377046475918434 0.129573156964021 -0.567634034515641
-0.0148131611507713 -0.0249721139826124 0.715522997431435 -0.175138366158417
-0.0181176541952306 -0.00201222843896516 0.568020737872164 0.566086137470084
-0.035027524651117 -0.0134046753201484 -0.0528301512587318 0.590472340786326
-0.021925770387878 -0.0371653404360247 0.0444328371941816 0.0601733385471607
-0.0407713282126508 -0.0273074025384787 0.0651015097471965 -0.509027102029658
-0.0390882920943835 0.0165113045524894 -0.611239686551151 -0.58141763317645
0.00106910618680895 0.00422528185175988 -0.792132070634637 0.269760232284882
-0.0155401514832279 -0.00591688033064698 -0.0276130853764292 0.684893768669929
-0.0373097838521103 -0.0164397989344357 0.399346231581491 0.272515945669959
-0.0207533926737314 -0.00590629767561654 0.29392662553062 -0.0709228557246739
0.00633195614551476 0.00150413151731044 0.00585783950609867 -0.199740100832077
0.000816839108986193 0.00504713720768793 -0.00952730977316763 0.118196675088858
-0.0292380096270639 0.00918563697022853 -0.209863383110103 0.000922820695280576
-0.0330096852537066 -0.035315915038358 -0.257873378383053 -0.294471206904553
-0.0111415328060917 -0.0365227705193576 0.207613577195995 -0.551100934995004
-0.0110657439249115 -0.0270950757773772 0.743844937741145 -0.0731695468705411
-0.0173850828957047 -0.00554266084632201 0.493602668789234 0.643380144044314
-0.0313440294485887 -0.0132172281359479 -0.103459200589245 0.582425742707747
-0.0216223791854065 -0.0328807929788475 0.0438808672666197 0.0428138865688271
-0.0387875027553331 -0.0218542114915991 0.0188720938867913 -0.519450965574689
-0.0341414027690049 0.014563416758559 -0.671733719006813 -0.497286809705505
0.00252404727365259 0.00178646268552778 -0.738932392455819 0.366888546912239
-0.00997841623105568 0.00104108098378408 0.0615876052309052 0.678819575284484
-0.0308384926786225 -0.00621038212150737 0.42680840991598 0.228823807299295
-0.0144207412491627 -0.00156719724244758 0.287324470625035 -0.0969391428062119
0.00720175252775385 0.00144998467082595 0.0036329909008595 -0.209592234446326
0.0028614923439808 0.00465384030625035 -0.010065349473665 0.112541389309794
-0.0213838575451833 0.013351159159158 -0.205808641219817 -0.0125123707419512
-0.0241204307621853 -0.027076298333618 -0.224461442257811 -0.316175444593169
-0.0039541571002356 -0.0311210350602147 0.267519512099601 -0.531642064730755
-0.00629017051300811 -0.0291362848018484 0.759358507268938 0.006664471667975
-0.0122263812064634 -0.0061318070294864 0.430224901046591 0.696606246512555
-0.0250485143998235 -0.00673721163767859 -0.142438146710375 0.573778006114343
-0.0212348929499823 -0.0222626508863421 0.0439439589956789 0.0292692031003639
-0.0334224265078625 -0.0128212931214565 -0.0196334283271488 -0.525025578119931
-0.0270083452612659 0.0127141220917798 -0.709842314115177 -0.429657840095197
0.00479733015386579 -0.00081099771721812 -0.691581678430159 0.435154850432328
-0.00165485525429875 0.00830680880719364 0.129382702881186 0.666783624048863
-0.0199826002268804 0.00501044061747828 0.443094651014461 0.195664928841409
-0.00546639844166123 0.002869279897836 0.279672375722003 -0.1133154456163
0.0105738696118858 -0.000200108257581334 0.00150253319824715 -0.217124255127871
0.00544284931977351 0.00502269127039652 -0.010617439935485 0.110075294494957
-0.0109926731313774 0.0200880836305316 -0.203675657061062 -0.0179417414458663
-0.0163827703636889 -0.0143595049067734 -0.207210737508926 -0.325777163926981
0.00023641902847176 -0.0221518670719918 0.300264720128481 -0.524091101907594
-0.00205822070907475 -0.0291454872361774 0.761948517193244 0.0482570287433348
-0.00347925892778026 -0.00463931142986094 0.397280684249106 0.717703302861978
-0.020918234014576 0.00496176354337235 -0.161757812290028 0.567620030386019
-0.0214115714513608 -0.00744719482683088 0.0429760854671661 0.0210729209456296
-0.0234266240679975 -0.00258997856481715 -0.0399083870250388 -0.528204100352033
-0.0173244681789096 0.00980749795247583 -0.728511088589483 -0.396218651801653
0.00736814132356453 -0.00116574537749465 -0.664660028616748 0.464034541064094
0.00756854447012738 0.0172482759637301 0.163458998310049 0.656754309136035
-0.00592196661658047 0.0161955743878583 0.450668507145003 0.178696382975466
0.00647158811834401 0.00728976884454949 0.274385634558076 -0.121195608548537
0.0127430936386952 -0.000593828051007049 0.000372517089249474 -0.218807042299609
0.00977368849152246 0.00693076694628298 -0.0126532424308256 0.11069687814308
-0.00102774958234242 0.0273118671950169 -0.201831401355276 -0.018356844522964
-0.00909115739887518 -0.000566109005852959 -0.206346625278747 -0.328201542549484
0.00212463877071171 -0.0134508492921505 0.298372975890617 -0.52881128138663
0.00128286589853736 -0.0294117586607781 0.762887436950978 0.0410773296547311
0.006822847960357 -0.000144238325828161 0.399648402235006 0.713384080620712
-0.0147138700329442 0.0191444663954175 -0.158911421768611 0.565071149760225
-0.0211196444489658 0.00825278724032311 0.0426774614348116 0.0198076742031333
-0.0117946442607434 0.00816944332380876 -0.0416180414247109 -0.528519022909987
-0.00759644114212478 0.00703781394412563 -0.729093807995136 -0.402320508395992
0.00997755793028322 -0.00238209624955154 -0.668119326413791 0.457922621812611
0.0167859656826453 0.0252083333082916 0.163221048443134 0.655969199381941
0.00657545640297874 0.0257682379563082 0.450676907322255 0.181904235002417
0.018613000325822 0.0104493803998721 0.273524722519203 -0.116741637327726
0.0152975621237905 -0.00247885777044796 -0.000197315593350321 -0.215945404054516
0.0120167054663434 0.00818883517375365 -0.014679461643292 0.114095607240492
0.00863253045999508 0.0332517866140906 -0.204058523825003 -0.0104750877273614
-0.00317377283075046 0.0123995600623182 -0.222580167496773 -0.317229846145886
0.00208130708476113 -0.00511385343136666 0.264222831548616 -0.546729085537331
0.00152869212464402 -0.0284479171894011 0.759286800747199 -0.0139625050458195
0.0175727297351692 0.00313701109154335 0.443060243305656 0.679302502587937
-0.00969890591665741 0.0337748097917559 -0.13320146294711 0.570602545898228
-0.0210578785093579 0.0252034784815532 0.0419401123455196 0.0251975649826563
-0.00172863536324153 0.0206493705448387 -0.0220080866857712 -0.528761913373489
0.0023702148869292 0.00738243442264627 -0.709176272355172 -0.445556394122526
0.0120317512473664 -0.0021674870975665 -0.700198919372793 0.417546660633804
0.02198658668009 0.0323245849989925 0.124690741698325 0.662378209102041
0.0172349707535315 0.0357332944868145 0.440963552494341 0.206661178457407
0.0286446689233532 0.0149993325758146 0.277814761879436 -0.102664240570404
0.0190943410294848 -0.00148513002338982 6.76204600733792E-05 -0.208979866113966
0.000756859448210446 0.00616514234592467 -0.015568875153285 0.14731811382622
-0.0288686587808792 0.00963799887464918 -0.208590740045055 0.058860094469863
-0.0448876182832151 -0.0284117668165793 -0.346934697824108 -0.185210771546091
-0.03243503368662 -0.0292953122613566 -0.0339254819246069 -0.565991303665958
-0.0195185756248868 -0.0196620179663138 0.607677332418369 -0.361902501629601
-0.00707803180386761 0.00405573263643768 0.670606741874119 0.380704979425069
-0.0340803877337908 0.00190423411369629 0.0576682939396015 0.577096544550333
-0.0209922100859673 -0.0273375064160074 0.0424163016434417 0.0918416937979092
-0.0330392666874543 -0.0228217593348316 0.158512985525199 -0.469047778613379
-0.0368430371794002 0.0168988561701796 -0.439500859464231 -0.73025019058722
0.000760452683892266 0.00947416863112967 -0.854101751912949 0.0279891795458104
-0.0168769191601687 -0.00613837291791063 -0.220777292747129 0.646977272038703
-0.0355409925557307 -0.0220361995904166 0.321264181180919 0.351550960389714
-0.0196166935266719 -0.00832702513945845 0.295309330440088 -0.0178363267953363
0.00710733517796886 0.00212920688566253 0.00960891529676564 -0.175571656396027
-0.00028607882037613 0.0045673175873764 -0.0139251546252571 0.136981512244657
-0.0322007171750989 0.00803965951994779 -0.21066154074064 0.0386225139079842
-0.0455736999442203 -0.0348612322022656 -0.322573825848178 -0.221356880107695
-0.0270959822678449 -0.0337746555175099 0.0427466433690536 -0.568829619789537
-0.0176771014188854 -0.0218300428662145 0.662597079134113 -0.275556873806941
-0.0149818141177495 0.00179605732437195 0.623487030811295 0.468546810507024
-0.03679008715355 -0.00742170064295446 0.00438975119436051 0.581898601076755
-0.0205684407761071 -0.0342709694816103 0.0438640526016679 0.0755527863177369
-0.0372762312876425 -0.0283246315800852 0.11333591200749 -0.48750792099017
-0.0405341280806306 0.0153537820749646 -0.524800030910983 -0.658663194898739
0.00134361169942909 0.00731307123661185 -0.826865994894445 0.149054684974197
-0.0171376348679591 -0.00855719780797121 -0.126589191573401 0.6686856535164
-0.0385226059503707 -0.0226621349406136 0.361682739153609 0.312416226344688
-0.0223712921455121 -0.00783902322522334 0.29416759491854 -0.0434892035851423
0.00561971424883637 0.00178344519817773 0.00807824501520202 -0.186978808004311
-0.000807180714387398 0.00464329265279197 -0.0124321492777184 0.12472901582631
-0.0330463063981678 0.00710772950483899 -0.209959628372443 0.0177817840467349
-0.0413279227408312 -0.0377088753732007 -0.287818099315569 -0.258913414138246
-0.0195419937238824 -0.0365836210458572 0.128163993109568 -0.561777510449924
-0.0155513591161861 -0.0233557534299912 0.707335419102658 -0.171883465454237
-0.0181623870575685 -0.00196526651665976 0.558596555128902 0.559869024605807
-0.0342635776771499 -0.0134084472891598 -0.0499139225082361 0.580792061614489
-0.0214852808305687 -0.0364020772296161 0.0439604460823565 0.0599573355218059
-0.0402086084890587 -0.0261787097341101 0.0640417131376631 -0.503588747139823
-0.0387388329405719 0.0168637490430328 -0.604057208259553 -0.572918977883556
0.000671228941404011 0.00425317536010899 -0.782351098193142 0.26453192270708
-0.0153346005823979 -0.00500843168828954 -0.0277775511874157 0.677314468054845
-0.0365048931489743 -0.0159901823419528 0.396059711254534 0.269625382052987
-0.0206632830668939 -0.00573397340549235 0.290869194063631 -0.0710739849982092
0.00578759589122525 0.00181553057382308 0.0061525162166373 -0.197603876575581
0.000454107770281821 0.00458420021157957 -0.0112327911649229 0.116489443357285
-0.0286896803784399 0.00860228762864638 -0.206988301691578 0.000631936457645568
-0.0331073907395342 -0.0349698199452056 -0.252610286045984 -0.28958491175858
-0.0100220393540108 -0.0353672464936799 0.206478308420695 -0.545486115566578
-0.0113248718417328 -0.0262081196267491 0.737121111522654 -0.0730231523919806
-0.0179530614639011 -0.00554874129392851 0.486342968074573 0.63437629891367
-0.02977607131427 -0.0134746555456149 -0.10145898870593 0.574458047366983
-0.0212330373771427 -0.0327825413738841 0.0428160415464885 0.0428718951553748
-0.0383087480216244 -0.0216594952200076 0.0176081232330692 -0.512433974873454
-0.034181488741738 0.0150881718743354 -0.662397872800844 -0.492513624803375
0.00186145740543493 0.00145800429410822 -0.729042507249888 0.363605459593389
-0.0101461253564515 0.000811903769941603 0.0609070815705661 0.669772119513772
-0.0299262706919936 -0.00586673896968989 0.421657190001895 0.22532815075394
-0.0145362589215722 -0.000981002252372505 0.283560312457769 -0.0948155072033908
0.00742702732863507 0.00125891704216353 0.00452786616958355 -0.207123750621788
0.00324035893473916 0.0040630800740708 -0.0102539741826331 0.111751517463312
-0.021087657855024 0.013071848138779 -0.203950217402658 -0.0115455187586779
-0.024899182562112 -0.0263271949218709 -0.220516739006377 -0.311859680822743
-0.00325517469617963 -0.0308777513522819 0.263055139005253 -0.527678299938503
-0.00641286216087791 -0.0280808838702854 0.749119473933209 0.00967798469098126
-0.0122927062411268 -0.00622452031376272 0.424727577544081 0.687269839037313
-0.0238470731215741 -0.00728455417884921 -0.141352455913841 0.564761301880705
-0.0211230736343931 -0.02233598751585 0.0434178962516777 0.0294937745759301
-0.0325678297281268 -0.0120607274851176 -0.0170059720036396 -0.518219450416746
-0.0269558973324896 0.0126338671521309 -0.700022704232539 -0.424253074379145
0.00399365162775411 -0.000208434653653139 -0.682633645671414 0.43019688064613
-0.00153623529352896 0.00846134792622965 0.128427125169331 0.658014941159314
-0.0193380825319984 0.00552570165555696 0.439292845835471 0.192276460856709
-0.00510868320720778 0.00315902793843277 0.277165397791709 -0.113585434581018
0.00909440421911507 0.000291980331904579 0.00180448314080236 -0.214580547732883
0.00587182547977272 0.0047470326921144 -0.0111819609969551 0.109154847522614
-0.010618170940697 0.0193148116018804 -0.200557242454831 -0.0177967065728624
-0.016749869154557 -0.0138373884601502 -0.20513250560458 -0.324153209232169
0.000185995050307779 -0.0224064637561771 0.295458032115227 -0.516401666863865
-0.00209784672507565 -0.0295122311752125 0.752581308793752 0.0483438503248483
-0.00405857881317622 -0.00339235581555869 0.389800924747093 0.709663263962927
-0.0194769983630403 0.00462296803402739 -0.159269899423534 0.556855053912288
-0.0202964158880741 -0.00709758899886127 0.0435432735934919 0.0215925078216528
-0.0230387859194256 -0.00246095484665212 -0.0373697757266002 -0.52004451370868
-0.0176421076461045 0.0106196717323751 -0.720425717988601 -0.392473808268229
0.00786812708148572 -0.00249424293986072 -0.65747976685324 0.458306405069113
0.00766180871790881 0.016259062716086 0.162113500970381 0.647897165676366
-0.00618561211093493 0.015580481634839 0.444361149442702 0.175926169636047
0.00597094880297173 0.00699898058257684 0.272346721365204 -0.119396120059797
0.0122187714111972 -0.001019753067598 0.000336738164460733 -0.216765243160613
0.00891117754431412 0.00625015672708826 -0.0131919978926879 0.110135971389406
-0.000427195911228336 0.0272028822504745 -0.199446750398759 -0.0169045815476446
-0.00955389977392833 -0.000132429996463177 -0.20317282309549 -0.324522308911563
0.00205538021150477 -0.0136468234813211 0.294769006585075 -0.52112116157835
-0.000109018710359241 -0.0292676014948425 0.754690608500582 0.0427249748435811
0.00619035664814697 3.42495295073287E-05 0.394480106480236 0.703347853497564
-0.0148930973537114 0.0198503973627289 -0.157173119595418 0.556054928620089
-0.0206651429944066 0.00808341525052079 0.0419508398422612 0.0206383497790529
-0.0114566794160376 0.00921521864974207 -0.0404691284057468 -0.522173672704201
-0.00758545872611553 0.00830469370284046 -0.71899267294044 -0.397027040495872
0.00912686812317554 -0.00199346047542277 -0.657833507446045 0.451400547491108
0.0167147065465828 0.0242480113341881 0.160568569770888 0.648128933377971
0.00674655461553521 0.0258860781764953 0.445420224872389 0.179928644707389
0.0183577736506988 0.0102305788093599 0.271200426953146 -0.11598987472628
0.0157709514185074 -0.00206920079607072 0.00087690959441836 -0.214149284204096
0.0118255408121939 0.00804356759032944 -0.0147016483644047 0.113338714841277
0.00872356333860808 0.0328256165247395 -0.2011157001952 -0.0102766687404149
-0.00353687857313735 0.0126632508628442 -0.218487302300945 -0.314399168051844
0.00232421685338067 -0.00475117929508324 0.261768011008473 -0.54130537550225
0.0021361640391938 -0.028162081998786 0.750447640767402 -0.0128071980448569
0.0172243546677009 0.00374961307285214 0.433960695995105 0.670639764085557
-0.0104819338360013 0.0331774957138476 -0.132379646467827 0.56158641928131
-0.020099878175454 0.0238271519142695 0.0417245628314398 0.0253825994190365
-0.00257769073535065 0.0194218019693471 -0.019619295656816 -0.520626828852594
0.00188444372887059 0.00729120495473382 -0.700026799721614 -0.440211706917069
0.011263534214611 -0.00322489393366151 -0.692374426647671 0.412716830137456
0.0212378102868326 0.0316781463029254 0.123296411673608 0.653024163048359
0.0170272321536422 0.0350779621587613 0.435465020704662 0.202786952504552
0.0280667149903327 0.0141305031163714 0.273978731957438 -0.102194898400647
0.0183859982128172 -0.00139195618659379 0.00128223933093573 -0.206954652922413
0.000870226982946964 0.00549936808355738 -0.0167443910484299 0.145481973130914
-0.0277773278335055 0.00950420896859168 -0.20635490190264 0.0588321859921075
-0.0454374751248376 -0.0278104491382914 -0.342288252954472 -0.183794737230233
-0.0313521124792315 -0.0282967248788386 -0.0330428303546333 -0.558276044518344
-0.0194645075773307 -0.0195092104163185 0.600879356439925 -0.358336484920112
-0.00819200385619058 0.00406430123719194 0.66004767012683 0.376358580123198
-0.0331704594755917 0.00174980451512198 0.0563506345589741 0.568305678357183
-0.0206882494180226 -0.0264423831119231 0.0424617877283225 0.0907028135918595
-0.0317131487631614 -0.0230351229350328 0.158684984809422 -0.460048187492315
-0.0367028053197483 0.0160692593582251 -0.430792968447535 -0.724479938274782
0.000327054492078076 0.0090668328799113 -0.846058149595835 0.0243334624010553
-0.016344920902258 -0.0061537620278533 -0.218519472211662 0.639419951312907
-0.0358649469852972 -0.0216353973382547 0.316092277226073 0.347916956476415
-0.0198366920646701 -0.00822575492010714 0.292103750520556 -0.0167666984990372
0.00704389117669526 0.00166503009494005 0.0116643191892688 -0.173845673196441
-0.00039758864615011 0.00495981392675641 -0.0157680796473142 0.134968939783229
-0.0312999294175007 0.00721343094964082 -0.208371759452013 0.038157033030374
-0.0452952022396566 -0.0346456660338352 -0.31831014181477 -0.221700580955051
-0.0265246953267219 -0.0337633440221086 0.0442005835711429 -0.562521924591216
-0.0172047153887147 -0.0214141847716208 0.655819210753164 -0.269113582411727
-0.0155626204921024 0.00212798549932665 0.614145959312195 0.465086667383745
-0.0349058887648567 -0.00781903693676135 0.00494540986962253 0.57371180014621
-0.0208424693159085 -0.0336978480894442 0.0422921834838378 0.0761640641973829
-0.0358540106874441 -0.027210979756218 0.113715725122033 -0.479993180110097
-0.0393936120132898 0.0160354299086845 -0.517166293245781 -0.653272421321389
0.000228399011459011 0.00690456348715412 -0.819125215296518 0.14452230479448
-0.0169324490997739 -0.00778163014430285 -0.125847210836065 0.661280757721767
-0.0383328234564883 -0.0214805674937184 0.355724596020262 0.308585649561095
-0.0218735520934646 -0.00855046018941209 0.291248215756373 -0.0430640771581284
0.00519158580550436 0.00170969143749365 0.00920855513969309 -0.184251072462669
-0.000990631620408448 0.00425289989092672 -0.0130283272719594 0.124394806759334
-0.032565428217164 0.00671816111259798 -0.208405083466841 0.0171959572051651
-0.0412118150425177 -0.037126927495737 -0.285155916680097 -0.257101112026823
-0.0190335550937538 -0.0366261256847302 0.126456580904784 -0.555157516310559
-0.0150442475600222 -0.0236985372667387 0.700211581544046 -0.167894170123202
-0.0182163048391522 -0.00219292645144509 0.549845179893097 0.555483841353893
-0.0336967347422847 -0.0124096099884033 -0.0519122656939298 0.574283969676876
-0.0204798800964946 -0.035207290680317 0.0428357039483912 0.0595311796196023
-0.0395589236487095 -0.0262128060710181 0.0659281647943862 -0.495501721646016
-0.0385705423433154 0.016093996318704 -0.596012413607649 -0.568894740209795
0.000723908607404278 0.0042402819649066 -0.776655682089357 0.260906831084723
-0.0150525596655601 -0.00499987390352134 -0.0276907444577233 0.666314725623887
-0.0365991878340592 -0.0159501696037609 0.389285884044318 0.266759420636215
-0.0204613202249592 -0.00620878975418216 0.288570651820939 -0.0697523942920193
0.00590989627360321 0.00139344178221695 0.00685989559613094 -0.195802999451346
0.000420765893415834 0.00373807354764445 -0.0117696022834202 0.116290049362657
-0.0285711882301716 0.00849180468566833 -0.205034472829685 0.000931364976350107
-0.0333423333800076 -0.0343367865074486 -0.248124060700728 -0.287873871594305
-0.010283058762519 -0.0354718081434186 0.20490173592547 -0.539743841072115
-0.0108792013669557 -0.0256469265907737 0.726629623022003 -0.0683567085426302
-0.0174612196001033 -0.00539250345180889 0.47802259862298 0.627936212033783
-0.0286228333826131 -0.0139485810651721 -0.104202403901915 0.566001063922057
-0.019576182134512 -0.0309604824937581 0.0431924858316759 0.0433176316521421
-0.0379162085463138 -0.0210708078939494 0.0212022258349452 -0.506104060520485
-0.0342788653198236 0.014923593533817 -0.654836062454714 -0.487945156398531
0.00128544116545804 0.00132475595781015 -0.721378907178506 0.358916417696669
-0.00985446613782034 0.000801940613267143 0.0597903950777216 0.662178290610781
-0.0297603135932533 -0.00602290969406361 0.417861497971601 0.22404345663538
-0.0145742066382388 -0.00124900873132725 0.282271799255499 -0.0938475006888969
0.00688127951809264 0.00169144726153119 0.0066073446144458 -0.205118926667537
0.00349307352528571 0.00385562934984204 -0.0121017828782863 0.110946871742821
-0.0206755393077184 0.0127658304862845 -0.200720511337161 -0.0112929686433677
-0.0249022066718058 -0.0259350762550097 -0.217495198419292 -0.310704599280796
-0.00268984073482872 -0.0297060258979546 0.262098769670108 -0.521397361337265
-0.00656918456355116 -0.0273085873740865 0.739235292609849 0.0116997401292071
-0.0124224554423818 -0.00551805127410441 0.417066595412007 0.679390952292902
-0.023394109058384 -0.00700134462086102 -0.140892140590713 0.557851785386118
-0.0205143252394252 -0.0212192922917814 0.0423335526314965 0.0297861634616707
-0.0326871132629063 -0.0123398667757851 -0.0159148634177649 -0.511780122883113
-0.027248899051089 0.0128470049306321 -0.69182552236092 -0.422539926650534
0.00475198812797487 0.000165165398559868 -0.675560284333156 0.421750762961527
-0.00224900678401719 0.00824267365397972 0.126198968911065 0.651197112771162
-0.0194315325019451 0.00503179684300089 0.433475610127721 0.190377904059957
-0.00396638957144474 0.00343425762357056 0.274891071252408 -0.111504919152982
0.00996703984982167 -0.0003988050659021 0.0034224806567982 -0.212266143042483
0.00638011535875624 0.0050400710352843 -0.0117855316094464 0.108502703644552
-0.0109909958679988 0.01910259173397 -0.198472117237595 -0.0178463665464801
-0.0165347442855133 -0.0131305052487528 -0.200737411717515 -0.320452499220081
0.00064323179226374 -0.0227149622675096 0.292973107222761 -0.509305170195411
-0.00303508176835696 -0.0285190975978732 0.74287665061232 0.0515430622042941
-0.00443327528863867 -0.00366596982667832 0.382913364117326 0.701963493908844
-0.0194739580795965 0.00458202487856976 -0.159881662796188 0.5511748964689
-0.0197126786088186 -0.00786217370832982 0.0422790484555865 0.0204920361710006
-0.0225368429205741 -0.00244378481419408 -0.0365446946097247 -0.512200394175697
-0.0181799425191126 0.0102633079832082 -0.708775946457892 -0.390610125360279
0.00647569382095445 -0.00114168292573883 -0.650427052416465 0.451988298840573
0.00787720965789207 0.0162486013472119 0.158163776035776 0.639226266755547
-0.00616607722608496 0.0162119631705331 0.440158168271713 0.174854931621754
0.00654959285091054 0.00688862264672847 0.269999526149127 -0.118019517582562
0.0113370202274868 -0.00125782466437673 0.0024295756754222 -0.214860636780656
0.00897029697579421 0.00591897366852211 -0.013248568129134 0.109273808758693
-0.000733417759498231 0.0262440505867938 -0.197424325299656 -0.0176960650644169
-0.00990606646190776 -0.00026205838252787 -0.198321165967059 -0.322181413844388
0.00187978662178883 -0.0134856914593746 0.291283214463334 -0.514495399445666
0.000819241881252123 -0.028256469802291 0.74364079511284 0.0447702804441571
0.00566719658483228 0.00119168590552817 0.385744701505409 0.695078330277998
-0.0150597008361768 0.0189112722652167 -0.157051719621108 0.548215142289322
-0.0201851363130982 0.00913463665928647 0.0416526775628609 0.020155299698114
-0.0110858211608785 0.00876841765697418 -0.0372596076400577 -0.514352507640656
-0.00822513071490247 0.00832938332716539 -0.708569474580785 -0.394267487193239
0.00936200877872785 -0.00222969963759954 -0.65259108733635 0.445640387045574
0.0160022930221563 0.0239899443265753 0.158475398985512 0.639600895344876
0.00678892121948802 0.0264814492725572 0.439745637430014 0.177527638921595
0.0171808987785266 0.0103979207932186 0.268586671883887 -0.114958260267805
0.0144023324165639 -0.00191689149184883 0.00193591425382175 -0.212320179154899
0.0112185453295674 0.0077780168324149 -0.0161367960774866 0.112249228733064
0.00910131155305771 0.0322176777445638 -0.19871666772808 -0.00963151434660827
-0.0038210457752611 0.0123321846861427 -0.215075687739206 -0.312670349219182
0.00214984821319076 -0.00476824192781428 0.260065959008548 -0.533843158974714
0.00145027636431247 -0.0278132984879989 0.741084190229729 -0.00904630747936093
0.0159383980275906 0.00458890367489938 0.426504220729647 0.664028612735031
-0.00967867670213455 0.0328008825048497 -0.133169122196999 0.552141997274955
-0.0199139680455424 0.0244074558228903 0.0419810775523292 0.0258111440820682
-0.0021865261347187 0.0198700258005793 -0.018904133009322 -0.51423851540605
0.0022039210930603 0.00752845472320595 -0.690456789281708 -0.438509027126588
0.0117187752701289 -0.00230858991576211 -0.685468799410779 0.406902258662262
0.0210612972342883 0.0313593139683593 0.119500835202923 0.644924831836166
0.0162905250858738 0.0346529254709641 0.430304139657149 0.201912104239556
0.0276433630951562 0.0144920037770696 0.272136541110969 -0.100403910261684
0.0177032921502309 -0.0021097104823837 0.00206606117356268 -0.204654342490494
0.00142142023745846 0.00562665869954162 -0.017712523688729 0.14444211308826
-0.0272933919076917 0.00937516315782304 -0.204848641543638 0.057042150096985
-0.0448034073174798 -0.028263305955908 -0.336796191645865 -0.185269954782432
-0.0305564396780337 -0.028630574117854 -0.0296406268582417 -0.553663003451151
-0.0197619109365812 -0.0186433720818922 0.597760121248089 -0.348481780512128
-0.00874513082524797 0.00493247026028818 0.65154006729 0.374279679314781
-0.0324060494266706 0.00158053771207966 0.0514201687052067 0.564181936211421
-0.0209940788274601 -0.026388271129088 0.0415015582649803 0.0899030838074557
-0.0316041545988325 -0.0220208138923279 0.160613662873008 -0.454814720024408
-0.0369374342914141 0.016075009833464 -0.424452101747661 -0.717971943587417
0.000282538400020356 0.00909995820465993 -0.837533354159792 0.0193447158754241
-0.0159206483022355 -0.00670380288990758 -0.21908323979323 0.631814644683155
-0.035402659898823 -0.0209510156561975 0.312827823935231 0.345669875522949
-0.0183841466722353 -0.00818985624110346 0.290244954231424 -0.0158094947974787
0.00725436222918373 0.00206252576943271 0.012683458039174 -0.173292231063822
-0.000415282306527418 0.00459572389454485 -0.0166662307925036 0.134344953534294
-0.0316515970376904 0.00795952980356817 -0.206120924250869 0.0367890285765121
-0.0454165127138651 -0.0342345345593417 -0.314191296908474 -0.221715744425876
-0.0268822872828864 -0.034224619040482 0.0442777356464751 -0.556692525050779
-0.0185388229650951 -0.0210670745844675 0.650342769899415 -0.262073647625448
-0.0151897287192247 0.00235524643368236 0.605077760527679 0.464275783467987
-0.0339444329474246 -0.00822861495849776 0.00124227494975807 0.566775689805626
-0.0201917215523884 -0.033988075535629 0.0418132056595856 0.0759398936640992
-0.0361318460448119 -0.0266835168931572 0.117449658678019 -0.475061149882379
-0.0403279923246537 0.015847698149545 -0.507507486829252 -0.648928557327716
-0.000154927390463319 0.00627972824380207 -0.81254257119955 0.139222580183905
-0.0168088727411202 -0.00943921522299138 -0.127231814010846 0.652109397732417
-0.03785874952904 -0.0210422256134457 0.351135802114063 0.308001980084314
-0.0228396913432421 -0.00858318724939578 0.290860074838573 -0.0407474150610037
0.00490297176487247 0.00140398585951692 0.0113655211912441 -0.18202109103773
-0.00139502395557494 0.00454304716369536 -0.0140362912097752 0.123888527821795
-0.0316088856480059 0.0067972258477598 -0.205818150458766 0.017438591875338
-0.0410575436677879 -0.0368599932006895 -0.279516152133125 -0.256384762778481
-0.0181198140696855 -0.0358732506454412 0.128362113592167 -0.549131450405485
-0.0144079562876447 -0.0234901527959329 0.69270999387594 -0.162124100122309
-0.0189018340330479 -0.00197241088367534 0.540194558563325 0.549961550931579
-0.0321253062602839 -0.0127382420938708 -0.0535925005317209 0.566745712871603
-0.0203026682850682 -0.0347857620323652 0.0421895347038378 0.0598836211051221
-0.0390842090785648 -0.0250928766796292 0.0686396549732768 -0.488827318212512
-0.0386796119565707 0.0154199207292904 -0.588067712986002 -0.565970753724744
0.000229637346627393 0.00377059413411975 -0.770334963997118 0.254504433492187
-0.0139255851041765 -0.00564913927433198 -0.0300728890124769 0.66103731587836
-0.0359828079422673 -0.0157783347822871 0.385826775394411 0.264609225595023
-0.0208889911424091 -0.00600710014169574 0.287101415614487 -0.0680451592421277
0.00516085569520904 0.00125014880623454 0.00917904225435929 -0.194083858431689
0.001146483633795 0.00329662549740305 -0.0140054181353967 0.115622910426601
-0.0280643998556797 0.00845554924279559 -0.203408056200539 0.000323535791014546
-0.0334042430326261 -0.0345991416247907 -0.244708835895419 -0.287135003445691
-0.00950999189284629 -0.0348704901513481 0.205027404169302 -0.533777992273136
-0.011157370004831 -0.0254658945417403 0.718828712711157 -0.0633357174048939
-0.0179034963589066 -0.00462481346661022 0.468399216703739 0.624907982567435
-0.0287757115862918 -0.0130353530037535 -0.106156315994818 0.559895705535191
-0.0198162268967635 -0.0312039209494286 0.0422110523579021 0.0430266343474078
-0.0372087826588984 -0.0208224525264162 0.0230476617804603 -0.499204082381473
-0.0344453620585427 0.0157804745373165 -0.643280540158869 -0.485978734350349
0.00179373865983834 0.00133265376139966 -0.717482832677819 0.350401169021039
-0.0089685474528633 0.00110283226077108 0.0570540056106845 0.655669056478828
-0.0291320623172854 -0.00569721276177868 0.41206801623656 0.221095040340837
-0.0144674210898968 -0.00197176290045552 0.280399462877198 -0.0921451291006486
0.00627344566823508 0.000370462422380778 0.00837362554176422 -0.202330518971054
0.00361206372370337 0.00337324127003861 -0.0129351029112196 0.109348511491699
-0.0196268398783879 0.0122826942068187 -0.198452395175095 -0.0120275082503961
-0.0247271004079261 -0.0253625448304306 -0.213422658560535 -0.309167668852459
-0.00335629868010646 -0.0303392696301703 0.260611973355151 -0.514512959178213
-0.00625429381303032 -0.0271190813681513 0.729882251378574 0.01503126457615
-0.012544159538926 -0.00562527317142911 0.408310361948023 0.67492693552421
-0.0235842184486019 -0.00684045766848854 -0.142770328407417 0.550475265849551
-0.0204097380022727 -0.0213241473186022 0.0427224987138844 0.0296404132077
-0.0314336617023827 -0.0117221343597358 -0.0119307002423002 -0.505145098968406
-0.0263674038305939 0.0134756394331467 -0.683101353943855 -0.42094579927508
0.00373679152382026 -0.000454549194813633 -0.672591516748234 0.415925919992239
-0.00127977302717873 0.00745805847745708 0.123253493078581 0.643208082604419
-0.0193466147846021 0.00528260026132277 0.427886131089465 0.190153475012316
-0.00516233220466382 0.00352429895486989 0.273669304440043 -0.108798510802304
0.0087991637525048 0.000724576756382735 0.00600422420420545 -0.210782650141806
0.00572956927159909 0.00441516101756395 -0.0126051892492435 0.10826049534582
-0.00973380630513063 0.0192595348150698 -0.19694678055955 -0.0178935805959282
-0.0169987092285694 -0.0142641731004227 -0.195878250344442 -0.319965853061831
0.000947860098165974 -0.0219447443607287 0.293592757862874 -0.504622742621664
-0.00269810403924263 -0.0276167941887088 0.733822857335488 0.0549233406901451
-0.00507283949304042 -0.00291460271589433 0.374994727864389 0.695940961661191
-0.018859146014034 0.00446831810626739 -0.160251771028467 0.542903938577862
-0.0190186076249197 -0.00745596715397484 0.0416130985917228 0.0214039964880121
-0.022777709758225 -0.00237386758974447 -0.0322456237004235 -0.50704703755896
-0.0176314705125232 0.0109256708250711 -0.700933398031515 -0.390387122360168
0.00650690748482008 -0.00131503766700164 -0.645692862738837 0.445970403702959
0.0078648745843035 0.0166166819500316 0.15551155974196 0.632167983438673
-0.0057882068550715 0.0155208861707489 0.436246012900503 0.175181719183013
0.00507787662746919 0.00606707943872985 0.26861828481694 -0.117274453249261
0.011040921978442 -0.00132934694873215 0.00441456846052621 -0.213931588709915
0.00819394161011162 0.00570025349802248 -0.0143448940490476 0.109370756195368
0.00019799326812226 0.0254140245179792 -0.195115112887073 -0.0184093130213412
-0.0100446059855652 0.000139387469459154 -0.194946053413055 -0.320708917214688
0.00138670328555778 -0.0136566956829053 0.292260492959413 -0.509628898575874
0.000481883686802617 -0.0273937368962093 0.734594504821392 0.0483276758753135
0.005186039349894 0.0016404768054001 0.37677733644418 0.692242356358839
-0.0140099487212841 0.0173650063628021 -0.157941589529686 0.54132216949983
-0.0204811846595018 0.00811294847697672 0.0419182841456714 0.0217349744333974
-0.0113771023081324 0.00867922551608848 -0.0327485178083013 -0.509310433087284
-0.00774138184018703 0.008439425655696 -0.700879627130964 -0.395069760754287
0.00848823117807478 -0.00316984859442349 -0.6486724791782 0.43753631517826
0.016271381543595 0.0238693061688539 0.15526438998371 0.633081754094587
0.00674704442778387 0.0257374865474942 0.434840705348429 0.178929598358889
0.0173662590255613 0.00988464801188776 0.268210161311791 -0.11215931962498
0.014255590993803 -0.00169560878103628 0.00356341762538593 -0.209009741903095
0.0106335129359785 0.00683900122915052 -0.0165490754207699 0.113175612105722
0.00922140877607985 0.0312141712336593 -0.196264158072921 -0.0110760344010788
-0.00454767673234057 0.0121673355219831 -0.211215947987553 -0.311803060933481
0.00207294505083184 -0.00483577463485354 0.258402782891794 -0.527095777311304
0.00184170608237058 -0.0268804700987278 0.73376419677811 -0.00525189637233118
0.0148548321913994 0.00416589231700122 0.419027889333177 0.658642099904877
-0.0091976908612848 0.0320600767555723 -0.13433082854883 0.546563790975263
-0.0198181094337389 0.023812217330844 0.0399209822436903 0.0258130038991641
-0.00313016072579198 0.0192516640555019 -0.0138872611836266 -0.507808219771935
0.00221847279807479 0.00917538160794274 -0.682798838986308 -0.436103637286285
0.00956551057685327 -0.00238012232205058 -0.681899697962651 0.398543149234215
0.0206410606169099 0.0310193961583807 0.117819384825747 0.639427915079599
0.0164510935541691 0.0351130684066589 0.425629083238114 0.200379876298578
0.0266293385362615 0.013592555341459 0.270871987710207 -0.0986585154530889
0.0178070513597603 -0.0017526461955857 0.00368716853091996 -0.202656924037254
0.00054324887940302 0.00535777976136848 -0.0199020898710839 0.143514611311836
-0.0266353608016097 0.00940951010571677 -0.203555365992172 0.0549794071562832
-0.0447801474202888 -0.0279107642524798 -0.333535319372564 -0.184959875087066
-0.0299876288411521 -0.0281607804317516 -0.0287767173393814 -0.551417620851805
-0.0192885854339529 -0.0192247150655182 0.593879429696163 -0.3411892566375
-0.0082152357763342 0.00462691136439248 0.643138894189576 0.375891041993318
-0.0323668789991349 0.00154625647239163 0.0478742031227867 0.558104706583267
-0.0186749648622967 -0.0258487602057865 0.0402192147758468 0.090523682031118
-0.0294640312927505 -0.0223666727317995 0.162735938759087 -0.449219326795748
-0.036765554000783 0.0156163097640675 -0.415549229961276 -0.715774490403707
-0.000161134994753188 0.0096254568736329 -0.830766664188014 0.0155587985465659
-0.0164379729322124 -0.00550869099194008 -0.222646129729297 0.624600260740165
-0.0344815647325206 -0.0204962158338089 0.307284366818394 0.344361860067065
-0.0182333917969955 -0.00832706753453622 0.289044680026122 -0.0142425103426022
0.00637724792907179 0.00137088187129806 0.013695142475687 -0.172129474395706
0.00103982478664678 0.00404227321778921 -0.0176640120061597 0.132999752491795
-0.0311279759695929 0.00703980429987704 -0.205734040696998 0.0368586390898244
-0.0455338500119522 -0.0334758370779122 -0.308500615768184 -0.220555059505167
-0.0253982297972969 -0.0335023517908223 0.0481912449484162 -0.554468142039197
-0.0162956747404602 -0.0205210906530159 0.645178911838963 -0.257263727018001
-0.0160525433433114 0.00171382055962122 0.59700826556089 0.462169586455444
-0.0336546291164687 -0.00810018660665851 -0.00326265285865918 0.561921407201573
-0.0196396361187919 -0.0322728326732415 0.0405878848214275 0.0758383585743281
-0.0349689099762196 -0.026266906741751 0.119288159173224 -0.465741838154186
-0.0389228265599296 0.0151457532338821 -0.499250788642157 -0.645572167802858
-0.000337478424826246 0.00646862049650045 -0.806843920246247 0.132824004556823
-0.0151999421875311 -0.0080463048053363 -0.130433347643991 0.645504203752525
-0.0373749030511496 -0.0206924659812145 0.346184843687987 0.307226691921292
-0.0216836740312885 -0.00832538744134426 0.289235455626457 -0.0388033587818825
0.00535512056233187 0.00160159997942637 0.0126235829732588 -0.18199303906388
-0.000370516643648207 0.0025283728711284 -0.0159356666799754 0.122842511517885
-0.0305066417827456 0.00611124190628447 -0.204785005983879 0.0166118827737358
-0.0413239573150248 -0.0362690117351748 -0.275072382712527 -0.256667390803986
-0.0180114457303287 -0.0363253996656327 0.128975420039998 -0.545876143408972
-0.0137223648126909 -0.0223680707632356 0.687563133078391 -0.155606616620893
-0.0197466476532825 -0.00249259080254865 0.532561227783863 0.550682010749403
-0.0317799667758885 -0.013912004242082 -0.0572111776779611 0.56069536750245
-0.0193545448942302 -0.0347043555200298 0.0419720097766347 0.0591577588563348
-0.0380840728131564 -0.0256394992235106 0.0726123753684029 -0.483734445007191
-0.0376076182460769 0.0158961749446137 -0.577234303645469 -0.565166490694078
0.00124045985631733 0.00444089415556072 -0.764531697333425 0.247503640652615
-0.0148019297688585 -0.00519785665410891 -0.0340205508614899 0.654360242766161
-0.0364290476402281 -0.0152823465971788 0.380347262723296 0.265610693654152
-0.0200112843352454 -0.00618073938835989 0.285901876373192 -0.0667660445104419
0.00565488725364536 0.0011180300401568 0.0105414561349642 -0.191936321194796
0.00106657500078963 0.00255339643021604 -0.0146482545411554 0.115139331352016
-0.0273017576832635 0.00759502032388754 -0.20126808543781 -0.00076640388464734
-0.0344013281148627 -0.033650852130097 -0.238757774907581 -0.287746545354134
-0.0103029785498701 -0.0351822954345049 0.205449373326595 -0.529247988707705
-0.0106699044627528 -0.0241030487830168 0.712398497629566 -0.0588630491499054
-0.0180937979379919 -0.00547019912808581 0.46068028875858 0.621823875756848
-0.027410067074505 -0.0133393692053911 -0.106906237329645 0.553381996343346
-0.0188901673749397 -0.0311116838828296 0.0428539919292421 0.0451926100015479
-0.0364239458715071 -0.0206681394432897 0.0279085368323665 -0.49345544675297
-0.0336848460385823 0.01556876837981 -0.634343087489283 -0.486561810750608
0.00180485554409525 0.00162535637960363 -0.713482134481708 0.342948443889156
-0.00838155611137565 0.000233349811611085 0.0522524444144049 0.649531944724047
-0.0295233768350872 -0.00524080585760562 0.406855229142396 0.222995963181548
-0.0145435251394065 -0.00112526963440889 0.279151658479572 -0.090181762659968
0.00669381929328515 0.000859071590409904 0.0103526716131611 -0.20240302482947
0.00333443546730253 0.00307626641404812 -0.0137789881550959 0.109729810158487
-0.0196104060963965 0.0122606324726576 -0.197269995419285 -0.0131602837371577
-0.0251447758491043 -0.0261210780322961 -0.209944746675818 -0.307788707645006
-0.00244932676698942 -0.02970319708423 0.264116884042094 -0.510235881255372
-0.0059885265349094 -0.0264495997781236 0.725248202580249 0.020330331278609
-0.0140520838938333 -0.00592750370312544 0.400337026093657 0.670695587301961
-0.0231492871479558 -0.00741943967651602 -0.144451860772238 0.544562055003367
-0.0195944359433916 -0.0217805118102184 0.0426237864633571 0.0303119374217699
-0.0302522172129746 -0.0114000224910985 -0.00671109950034191 -0.501036975884623
-0.027077808136968 0.0124548292667888 -0.673763802080163 -0.422497898238462
0.00355638302687079 -0.000475937630394164 -0.668901576071292 0.408368481143525
-0.00157426630033083 0.00895443536404526 0.117766517327767 0.637585847998845
-0.0194509618324761 0.00608424807001604 0.425076095047778 0.189896530492393
-0.00479837623458944 0.00157860216292917 0.272903846528228 -0.107955727985558
0.00826496646277229 -0.000421240649097529 0.0077955193929615 -0.20993938618312
0.00612777662675583 0.00447246146490256 -0.0146480019273694 0.107280454337604
-0.0104754508399894 0.0185523587317249 -0.194382833958174 -0.0193333897798614
-0.0170345209559403 -0.0138459181220825 -0.19314174708223 -0.319309400656922
0.000184177523132751 -0.0218758357711608 0.294042620306128 -0.500456754801431
-0.00158707430084395 -0.0276379547815737 0.727190379183814 0.0601726530150884
-0.0048508461019486 -0.00279982220667775 0.364998754273926 0.694558731673197
-0.0181186836562196 0.00337578681898165 -0.163931344733247 0.537162305237325
-0.0190562783758148 -0.00791433759188307 0.0416968428233132 0.0230749700738373
-0.0215217649554141 -0.00239988092551094 -0.0279180729498358 -0.501762997076415
-0.0169415325446975 0.0118125476028097 -0.689598737759522 -0.390466831283331
0.00618722724663617 -0.00114161150529184 -0.644317446926659 0.435646475486031
0.00831414715038172 0.0154774669774567 0.149912016358498 0.62850830709961
-0.00621005357647748 0.0171086308830055 0.431663376923057 0.17655206775531
0.00542555845570398 0.00667989827436544 0.267379443102361 -0.113373204365931
0.0112807656008547 -0.0011616484894252 0.00644857665459099 -0.211665283639022
0.00832420608325844 0.00571294420863483 -0.0149501009732215 0.10888889869782
0.000196035827703671 0.0252659700740137 -0.194009901794836 -0.0187371454447369
-0.0109298988133662 0.000749313420258651 -0.191755958333396 -0.319416395428061
0.0021870341052401 -0.0131803562432774 0.292768163310995 -0.503807471641378
0.000771011480139942 -0.0272298619578993 0.728024048918416 0.0530396734941904
0.00481247667166713 0.000731731560406641 0.37072446340153 0.686211905236657
-0.0138341893293288 0.0179182366771594 -0.159429672377594 0.534609699031966
-0.0186317555096195 0.00866666837909081 0.0401804805018322 0.0204464197228416
-0.0123657900185244 0.00877452725038535 -0.028163268606516 -0.503709341888757
-0.00771072935952537 0.0078032401397379 -0.690442656955782 -0.395866221420462
0.00962216132643418 -0.00180561140464302 -0.646525492888358 0.431077116571118
0.0169671272103129 0.0236999055849525 0.149276103386072 0.626780672943443
0.00664042509492318 0.0266986795277025 0.430926243313078 0.178321927190266
0.0167524421805294 0.00985536135664153 0.267348798517226 -0.111190698540346
0.0144066460101345 -0.00083500216568365 0.00559073605598988 -0.209398645294864
0.0113851807222236 0.00628078518160406 -0.0191679308764701 0.11253848287922
0.00872130438681302 0.0308317899750921 -0.194748492233861 -0.0114307695196156
-0.00384473207674352 0.0122929378940698 -0.206981270535001 -0.310439073953764
0.00264784555939004 -0.0044960591958297 0.259131477105775 -0.522069136126443
0.00250187208289701 -0.0261487585194922 0.726475401087057 0.00101891845458434
0.0151643537908891 0.00614725602975535 0.41027697107283 0.656856340959711
-0.0088794618119643 0.0315009449248596 -0.137416697758291 0.539531028127163
-0.0200513966677797 0.0237325830037101 0.0398421936221816 0.027744162158136
-0.00219992554040552 0.0186248444315664 -0.0101679835967711 -0.503388373203287
0.00267608497399192 0.00762850667738651 -0.673060305670922 -0.438027402303474
0.00982016598091385 -0.00213381613091389 -0.678084540770953 0.391580622757578
0.0207122712625233 0.0307416886036053 0.112076273939132 0.633414945171199
0.0165810669559342 0.0362734731463185 0.42255945238734 0.201442765478661
0.026398352036293 0.0127242381679177 0.270012284493365 -0.0960555538427089
0.0174761962802929 -0.00106149935675039 0.00609286757852693 -0.201772109041262
0.00140117705836662 0.00535245175182009 -0.0221186189581701 0.142851227617753
-0.0262272834730638 0.00908735387985775 -0.202479221468558 0.0551701689535086
-0.044130616776949 -0.028062959540046 -0.329520927924623 -0.186986664361958
-0.0299532131406836 -0.0290269053857447 -0.0238913467170207 -0.54889963461182
-0.0189795945589584 -0.0179489921057701 0.59251278348435 -0.333381921141464
-0.00843042606598709 0.00425575923982909 0.63519378140877 0.379818990199152
-0.0311049613747399 0.000681113863221047 0.0437635111458008 0.55544130395712
-0.0191709678368034 -0.0260471223017851 0.0384601739056343 0.0902266041087268
-0.0304988611453718 -0.0216001751706926 0.16618933571348 -0.444164217329432
-0.0363774949970014 0.0152122226167937 -0.406567591485904 -0.714999160077251
-0.000583883385318951 0.00955581769130682 -0.827627199832313 0.00710814972783613
-0.0162275149775611 -0.00666095725073387 -0.225170264045398 0.618150917919415
-0.0353431994297373 -0.0208380659107678 0.302180660238079 0.345916196307991
-0.0185726668553604 -0.00905533526770914 0.286663866662589 -0.0121615214228613
0.00595486379466319 0.00154314210815706 0.0165252487347364 -0.170663288245787
-0.00104937952787462 0.0040956087152072 -0.01967801472274 0.133683127324652
-0.0310100452202974 0.00712316438601781 -0.204303563799103 0.0346126532310027
-0.0443437805633486 -0.0347186314983809 -0.304243894372453 -0.223886534464988
-0.0250674350890194 -0.0341970539654636 0.0511953121470407 -0.55002206775324
-0.016480484771596 -0.0198913164947925 0.642756287429024 -0.24861330627903
-0.0156250895167243 0.00108904583338387 0.588335878574491 0.466208970995614
-0.0330985544623386 -0.00802209560467331 -0.00808186297675264 0.558433481489028
-0.0185732885689554 -0.0324158232060837 0.0398325983996001 0.0761083834077732
-0.0347110733238114 -0.0259418025682181 0.122570471160614 -0.462992972692211
-0.039566567495466 0.0153812719928325 -0.490776506738776 -0.648689437295433
-0.000516647399515255 0.00681296618124995 -0.803008315441704 0.126340104082987
-0.0150982220094883 -0.00864099655172566 -0.133703971210042 0.642382455241831
-0.0366992206775269 -0.0207263064088216 0.34244319124132 0.307264805521198
-0.0215302358459936 -0.00952559242708117 0.28754585593121 -0.0372338424666082
0.00551513158896451 0.00110979900521357 0.0151273296579836 -0.181012108361115
1.91950599226776E-05 0.00303447357724503 -0.0171387813261859 0.12306611531824
-0.031003369013036 0.00608902218601189 -0.202928804569863 0.0150166387120933
-0.0407795169828287 -0.0365533630308801 -0.270683856196732 -0.25931230288089
-0.0170883099297872 -0.0367328320628162 0.133145203408492 -0.542420059754239
-0.0148455322242755 -0.0226910327095221 0.683971276913518 -0.149035492182731
-0.0198185680930536 -0.00214868668689551 0.523452451836051 0.549351078056073
-0.032019280429334 -0.0133088052170846 -0.0624171547372647 0.557214536684254
-0.01839568021297 -0.0337445754634332 0.0414312105204308 0.0599174692187104
-0.0371137284421362 -0.0256089416964402 0.0762266986672863 -0.47956651608138
-0.0382301730241664 0.0153430364730644 -0.569212165654975 -0.56639651223574
0.00102363662406219 0.00396453841371402 -0.762531858326295 0.240397640737518
-0.01420533399342 -0.00506564671768053 -0.0388665588598239 0.650555751552316
-0.0354195008261311 -0.0153870985744628 0.376515384770197 0.266791415042341
-0.0200187520890264 -0.00529300298797798 0.285104511655044 -0.0642288111661426
0.00542126556583231 0.0012482356488465 0.0122989996960698 -0.19229548280014
0.000782124872664519 0.00322832293824525 -0.0154837273999254 0.115063084478105
-0.0272319997307139 0.00744110805123116 -0.200094075825989 -0.00196977439813742
-0.0333343453243592 -0.0337939400725565 -0.235926849808747 -0.288064315963674
-0.0081721945643872 -0.0356773543350125 0.209755422679057 -0.526441613076526
-0.0100559741155561 -0.0244516711921456 0.710226398113264 -0.049760997764164
-0.0181588584834004 -0.00521141160533008 0.451943378311995 0.62172737226286
-0.0267522473784365 -0.01382905809867 -0.111841104212475 0.548261021132479
-0.0187324336750944 -0.0303164779335552 0.0418659181871492 0.0437771836028528
-0.0361292331881341 -0.0197212663172245 0.0335986767524359 -0.489781232964151
-0.0335481758972592 0.0153864592798277 -0.626430203568082 -0.489197099372035
0.00116156293275768 0.0016222257050879 -0.712225680570764 0.337024475603211
-0.00993712184996196 0.000664547993811299 0.0470161849759205 0.645929104489238
-0.0294660949594728 -0.00506457135784239 0.404083998553526 0.224401228683695
-0.0141052875841759 -0.00187807873749208 0.279375874525144 -0.0882960350550431
0.00589267967607955 0.000478076816742286 0.0116132674334811 -0.201411342844486
0.00288612502360347 0.00238024370455628 -0.0153344158171817 0.109030100397376
-0.0199142738209343 0.0119355808449963 -0.194897217032463 -0.0143054026025129
-0.0257439057693228 -0.0253696834375627 -0.205340111110957 -0.3090506823674
-0.0025937790828047 -0.0297386688597188 0.266030065796255 -0.506732842798858
-0.00629296528322815 -0.0252054803213561 0.720285361857908 0.0267059599386369
-0.0144719596951187 -0.00522120980099467 0.391690137850408 0.670444529415944
-0.0225023883040751 -0.00828661383367269 -0.147163259723247 0.538593633462232
-0.0194209391667672 -0.0208801972752753 0.0422591314484342 0.0309483979683999
-0.0302850255566745 -0.0123518777910598 -0.00405483028121454 -0.497248315915036
-0.0264010144370539 0.0130169233553214 -0.666693053686413 -0.424669074333475
0.00368608129415082 -0.000580260207136161 -0.668344357805281 0.400049420696507
-0.000136095967994583 0.00782356099035829 0.113161651379953 0.635299962425165
-0.0190917274794546 0.00561256309303496 0.421076355200782 0.193574950039973
-0.00471818047486768 0.00214974980566312 0.273219442775652 -0.10385228141802
0.00809892461366784 0.000415602072779747 0.0100363909926941 -0.207848264867757
0.00575729713988615 0.00380542792452654 -0.0159322915309996 0.107808701917162
-0.0103544760166438 0.0180767189620938 -0.192173997099306 -0.0204518363558285
-0.0174913718289284 -0.012723759069771 -0.189217501972998 -0.319765973737332
0.00163652284678868 -0.0219912522642671 0.29638528548094 -0.495612931259992
-0.00183047546140143 -0.0264129504465197 0.722289810952253 0.0664240482754002
-0.00514588976368402 -0.00286010756576353 0.357543188133786 0.691925912051907
-0.0177786185784207 0.00408527984658537 -0.16515150000342 0.530893424701999
-0.0188281388418041 -0.00700310021958028 0.0417904125278995 0.0225620622128391
-0.02108513925979 -0.00187460230009492 -0.0215653603966691 -0.498970212054125
-0.0174723819976914 0.0108437831612842 -0.683723720143057 -0.395165677590917
0.00533111258437329 -0.000642639460018634 -0.64392592180772 0.428972097766771
0.00831345814012309 0.0160575157105214 0.14455276448011 0.626627925964743
-0.00587887750089813 0.016412118409047 0.427085114278961 0.17791827029588
0.00576786667527516 0.00614780944719925 0.268594098997688 -0.112080376620381
0.0109753825099505 -0.00120385672233568 0.0079087181967788 -0.210697326944341
0.00823703643517877 0.00495294394920832 -0.0177182626144186 0.108419275235466
-0.000501521827806925 0.0259185634347322 -0.192664868994767 -0.0201508140536815
-0.0110601449364237 0.000876795301359604 -0.187585011812997 -0.32036178308991
0.00199122156160201 -0.0139949727363433 0.294174082338854 -0.499157870841598
0.000996266104228359 -0.027367143237505 0.723193962031259 0.0583540703202177
0.00390069438070064 0.0020281958006598 0.360999473968031 0.686012987265878
-0.0136748196665503 0.0172510989745748 -0.163419031274791 0.528579641687898
-0.0187178125293608 0.0083122624537636 0.04163273054917 0.0215898695865941
-0.0115609988449496 0.00905760476264077 -0.0235633570788076 -0.499546068788342
-0.00754240413785458 0.00839209268185001 -0.686127303047582 -0.400153231099688
0.00783707960112156 -0.00189758547398797 -0.645977821433006 0.422716853893927
0.0159165331723247 0.0243452333738931 0.144354073432283 0.625632313314544
0.00641681120583895 0.0265574830677276 0.426733896686471 0.18166000264291
0.0164067278398224 0.0100590012887411 0.26799951641311 -0.10830888326079
0.0141068232442885 -0.00172415679900587 0.00815899964978283 -0.208863765997856
0.010294731893569 0.00626974464874127 -0.0206509550504606 0.111751370548286
0.0083094018024189 0.0307857819460879 -0.193537124233111 -0.0119772452022839
-0.00527048321512039 0.0126173682355056 -0.203976866700198 -0.312365146823573
0.00214202202868257 -0.00466139293582321 0.261520220484887 -0.5184974994625
0.00272271367881259 -0.0251561802069989 0.723390932393437 0.00632857006791897
0.014532109684129 0.00602216078877433 0.400598842415506 0.653925607664486
-0.00903866760749434 0.0312955967839473 -0.140231136720207 0.533558483438375
-0.0198764038116728 0.0228010415288733 0.0402057007437531 0.027609651477532
-0.0017082494235523 0.0191956366354049 -0.00537985549270864 -0.499392941717944
0.00201302589635367 0.00799357268032427 -0.665657081715811 -0.439916346138366
0.00943805467602049 -0.00233566778660453 -0.67601821130933 0.383582588901194
0.0195219858492237 0.0313466572389329 0.105726202563335 0.63147188815397
0.0158737123957955 0.0352863089259341 0.417076153715928 0.203573489727192
0.0264644440111128 0.0136677510533273 0.270108032942716 -0.0940898663123762
0.0164614559883753 -0.00099797662381051 0.00898374893636702 -0.200982863574853
0.00144212632190032 0.00446352705476586 -0.023540475834663 0.143165312608106
-0.0260287637218962 0.008598836544312 -0.203142036456799 0.0526733336539036
-0.0448089863796666 -0.0277575937111359 -0.327170349836526 -0.189969718575077
-0.0287560425673797 -0.0290255352947223 -0.018499130241934 -0.548227537299638
-0.0189845635248864 -0.0176638312408561 0.593640962441428 -0.327464086265476
-0.00902849413976089 0.00390213560505093 0.629536995702123 0.383482580486277
-0.0309706232627544 0.000773454281977455 0.0376537726816366 0.552230921460503
-0.0185649093013265 -0.0256300839835689 0.0377229537267581 0.0910091507990518
-0.0295433176997925 -0.0211611544425254 0.170172737509552 -0.438938260498148
-0.0358765994719721 0.014956780886087 -0.398635748856811 -0.715482629176579
-0.000818545135766371 0.0089197641090428 -0.823867901512041 0.00071184497063899
-0.0152991449855415 -0.00652667432000815 -0.230083730547723 0.613279229387982
-0.0342132215769804 -0.0213344646152588 0.298618399396551 0.346398579674743
-0.0184855805039366 -0.00953555490741022 0.287382702597676 -0.00963970185389128
0.00548574013341603 0.00170549140843201 0.019084195433041 -0.169892585500777
-0.000399846127914813 0.00323749605339595 -0.0205155336786323 0.133379430161331
-0.029448387462436 0.00599428358792137 -0.203399878899956 0.0333942858089784
-0.0448132531870735 -0.0345146960999988 -0.301135845203307 -0.226370762970002
-0.0241556070495961 -0.0346868475607855 0.056883027795536 -0.548868567328352
-0.0174551808524311 -0.0199068833340272 0.644942384768247 -0.241999868446241
-0.0167908470895588 0.00189296435226601 0.581617478423535 0.467166777297907
-0.0326992150646812 -0.00816949679266283 -0.0126076873845668 0.556804928459901
-0.0187849182439347 -0.0324673743536597 0.0394104751298662 0.0760681190886111
-0.034214851818586 -0.0261976101083522 0.12685382806054 -0.458423815980193
-0.0395893717695297 0.0145455353383156 -0.484595837267353 -0.648563650827296
-0.000628808526085989 0.0073114591147185 -0.801311225647747 0.118434201465018
-0.0150636920537215 -0.00828258130394649 -0.138160283207013 0.636894130491572
-0.0370525539070045 -0.0212153244151015 0.338713520623569 0.310362110304793
-0.0214887512439934 -0.00897889454361025 0.288441373092716 -0.0355128076065549
0.00561280741521568 0.00125960222355601 0.0175159216020632 -0.181095759096141
0.000122817786773689 0.00289984129840566 -0.0191728363534349 0.123059738963574
-0.0304844734856801 0.00492778328702265 -0.202651517615273 0.013810436377866
-0.0404911611387942 -0.036780323766285 -0.267921116841045 -0.260540122059341
-0.0168768687023004 -0.0368147651150873 0.137795829039013 -0.540860475434982
-0.0135848072727625 -0.0215566288541245 0.684080740309899 -0.142053385740083
-0.020025715671493 -0.00235867903464655 0.516375973627185 0.552703634730057
-0.0310607577121169 -0.0133965636826781 -0.0674802760830557 0.552604451213124
-0.0177790535384179 -0.0346855407164382 0.0394840083142071 0.0593587408623537
-0.0367854139742768 -0.0251066096951311 0.0798541369865205 -0.475839580331745
-0.0383763342043931 0.0148470355820299 -0.560725291337799 -0.570494156525044
0.000182694529788939 0.00438396998475734 -0.762554680988683 0.233531272444101
-0.0137383045316767 -0.0055414996628407 -0.0437548733095521 0.647866131865538
-0.0354969807540884 -0.0150078145595959 0.373495245068692 0.269128690656511
-0.0206041237390067 -0.00668306113975751 0.28462203188287 -0.0616354005459785
0.00448890980716946 0.000412949281084067 0.0153577011952573 -0.191804547088507
0.000676975303642283 0.00219922865793011 -0.0176821547904124 0.115229280968096
-0.0271669550731286 0.00677845748973575 -0.19932737185794 -0.00299356268495653
-0.0334832947861343 -0.0341972827688215 -0.23294805040251 -0.290837268951756
-0.00812449947079068 -0.0355340266103284 0.212401346481166 -0.522871236502434
-0.00995522450364347 -0.0232097540035825 0.708048704070343 -0.0449295876080465
-0.0188695351449346 -0.00525103099185725 0.445111617003469 0.623133192214576
-0.0259070962557192 -0.0144838232953352 -0.117472982130927 0.543996354357479
-0.0176060002042425 -0.0299776707642168 0.0404760866753976 0.0448553218389229
-0.0358519525445111 -0.0199680638643621 0.0377565921708573 -0.486040280347757
-0.0338766434838384 0.0146110116658825 -0.622615379456204 -0.49402992234606
0.00128827049578672 0.00144000483289998 -0.713934738747623 0.328291489985021
-0.00858946817544823 0.000281881178045489 0.0424640428651162 0.644618814561985
-0.0290888664453932 -0.00524174678672261 0.400158284571401 0.227534188543078
-0.0138218348194716 -0.00303331592887805 0.279952744069435 -0.0862013503520949
0.00633802759785699 0.000595030570809583 0.0139178717547389 -0.201595814851027
0.00282761555913768 0.00189709412990169 -0.0174311093895127 0.109798880859471
-0.0197094961232345 0.0119143810150752 -0.194674244017619 -0.0155039086217995
-0.0250598553062809 -0.0250422796211622 -0.201175912703968 -0.311205891843584
-0.0018637367216112 -0.0297788100282567 0.268588501946412 -0.503077845863918
-0.00574751889750429 -0.0254631560580066 0.717613896757011 0.0317332837814813
-0.0139705749091932 -0.00494214206693563 0.382731191076195 0.669995787789217
-0.021366557837155 -0.00722211790904347 -0.152553023193128 0.533167302468573
-0.0183195937811472 -0.0206205080669339 0.0421485964897755 0.0316640666697472
-0.0295002815998957 -0.0120083980069745 0.00229323074092126 -0.49330537707994
-0.0266848481329788 0.0139815870975749 -0.65986295362875 -0.43011026137604
0.00289697405604196 -0.000898094208397394 -0.668863866178586 0.393206746269895
-0.00179938113931018 0.00766193232347466 0.107199095927502 0.633466272341361
-0.0188509267790403 0.00577510408897806 0.418800520628681 0.195645019585692
-0.00488399768080989 0.00185956677704193 0.273997889965307 -0.102433522548358
0.00759175394365651 -0.00031121909549623 0.0122453068075494 -0.207970700190888
0.00545638983884076 0.00307452511504608 -0.0164708280173381 0.107719959632505
-0.00938772782839052 0.0184434370225171 -0.191512236356266 -0.0213790221353619
-0.0174785422457343 -0.0126831042327247 -0.184029326643167 -0.321239430115603
0.00206252935939889 -0.0222385909357679 0.298655375198042 -0.492048026687233
-0.00207990203643404 -0.0263082619157068 0.718906011212417 0.0716821303132676
-0.00589479273390832 -0.00239858178809399 0.34882041694397 0.692920602304592
-0.0168156163164687 0.00344302769583039 -0.169860084180062 0.526526473384831
-0.0193081093451368 -0.007538179666869 0.0413060823236453 0.024399118449599
-0.0216340818838579 -0.00240016449026841 -0.0175593211335575 -0.495901248362093
-0.0176021195291457 0.0105530823070089 -0.678244390749225 -0.398233325941921
0.00506205338682187 -0.00108497644850264 -0.645035455597687 0.422505121449221
0.00728489160643539 0.0156373127013376 0.138509621442966 0.625596272896501
-0.0068171690761529 0.0168925291524242 0.424892890469912 0.179645585899973
0.00471373341387499 0.00665864421709239 0.268962867059947 -0.109265369227432
0.0108632199463476 -0.000673705624547355 0.0113430645303858 -0.211408692741828
0.00839412794369008 0.00496990159150994 -0.01831185266544 0.107412697864609
-0.00048587568526479 0.0252861824291259 -0.190402814266615 -0.0217052573918067
-0.0116546997133605 0.000470976224050299 -0.184695440877846 -0.320957365265899
0.0029802649834296 -0.0135783357281743 0.297642751356277 -0.494932060022289
0.00194218025621026 -0.0262991357409995 0.721081151228486 0.0666523226205364
0.00332111157556393 0.00232685045267859 0.353275343364275 0.685788023458327
-0.0131932846929479 0.0174717314162664 -0.168183799789119 0.525142701340301
-0.0186485539030138 0.00815921270340562 0.0423478683494999 0.0226577636173398
-0.0112301403660883 0.00917112323718572 -0.0183868749861719 -0.496519641480112
-0.00805044414850185 0.00841258501376057 -0.679819378963771 -0.404039888181466
0.00864283018984038 -0.00167145625243652 -0.647123826151911 0.417160795842066
0.0160444896934307 0.0240039778009657 0.13822196513309 0.622017420672597
0.00529302550559879 0.0277027351898873 0.424971315939295 0.183518267559711
0.0159063872552782 0.0105936905779577 0.268816892629089 -0.106820803794157
0.0131253796992054 -0.000846937113572489 0.010847410696466 -0.207949429270359
0.0100779482043725 0.00649879517491246 -0.0214345359412775 0.111487529589806
0.00855764944954358 0.0306448900281887 -0.193408142576745 -0.0141415442189763
-0.00605829249978506 0.0129841210097393 -0.199800818199665 -0.31279534609787
0.00250017178028519 -0.00489929753917616 0.26556708161698 -0.515304258646839
0.00341761252156571 -0.0252381129745779 0.720507900636071 0.0136965507533481
0.0137512409025489 0.00567846307772025 0.392642103663999 0.65521663670457
-0.00912675399640831 0.0298647197172938 -0.143223566975176 0.530126106155349
-0.0186989068448169 0.0233300097400409 0.0410651984761733 0.0277123257136908
-0.00200037945915339 0.0186135485378072 0.00013695311519118 -0.496792288314206
0.0012955014459053 0.00901683177494762 -0.660145316617532 -0.444285543237995
0.00975768231389608 -0.00190273544978023 -0.679234507137543 0.375505117626955
0.0203573492928557 0.030547455145648 0.101941297479437 0.629906436013998
0.0147086413247883 0.0361298603104093 0.415109849026417 0.206086602780445
0.0261771188512164 0.0136715631522514 0.270400633502873 -0.0929298042617952
0.0168311758702981 -0.000803150167830646 0.0108952155590728 -0.201765930890362
0.00174204751674698 0.00444737325143061 -0.0250237674496432 0.143185408462719
-0.025896800331455 0.00826056641777658 -0.202638635260304 0.0513082338504823
-0.0450900386594745 -0.0289983921551309 -0.324512866415953 -0.194487601768647
-0.0281152336102044 -0.0292115416963006 -0.014505435973938 -0.548378228789054
-0.0186814568629691 -0.0178996252991359 0.595671502330564 -0.321294116832409
-0.0101673011210219 0.00385999251859851 0.62426792579201 0.387819733808212
-0.0300508189396116 0.000804029785145762 0.0331261696062647 0.552268388510785
-0.0175488365833171 -0.02606884635559 0.0371879327343485 0.0907817597010118
-0.0283959037549719 -0.0220881716172985 0.174704471534933 -0.43582154672863
-0.0354941965443321 0.0155322490874914 -0.393226578415722 -0.717677981676101
-0.000380965968661964 0.00806194734108578 -0.823817424509004 -0.00782559762188428
-0.0152843147932939 -0.00762483940552327 -0.234325153113072 0.61067351377048
-0.0340585091371617 -0.0219173931972377 0.294110510499791 0.349374106660092
-0.0181668735170223 -0.00932068517168407 0.287700278734998 -0.00706752345197326
0.006191518290988 0.00195497859040546 0.020611295280318 -0.171120036704834
-0.000339584456498111 0.00323072298175685 -0.0240908462255345 0.133285165301925
-0.0299464193748662 0.00659457056573992 -0.20309771603847 0.0312481142868888
-0.0449939569479001 -0.034733457298093 -0.298409675575683 -0.228792653680736
-0.0233916150656788 -0.03464963380259 0.057684425043759 -0.549075975485748
-0.0163094863550748 -0.0196378947850855 0.644084204300909 -0.235939592629442
-0.0172177295710017 0.0017418328707334 0.576221545438721 0.472031500466372
-0.0321028107559247 -0.00894774759367799 -0.0179990944810974 0.554225021002515
-0.0169491828926546 -0.0319744253482079 0.0379253984396333 0.077669101304757
-0.0332375805135395 -0.0262556397683763 0.133092930115472 -0.455258861650846
-0.0394153644243563 0.0146131391723125 -0.476286226832597 -0.653461164734936
-0.000815249987233653 0.00645546811030484 -0.80139471466269 0.111206464649022
-0.0151795955738268 -0.00832627782474797 -0.142674611601387 0.635870480414004
-0.0361693110036048 -0.0209273480589738 0.335886342950855 0.313071602917802
-0.0209654035031992 -0.00974659478591088 0.288383140930825 -0.0329995604946558
0.00532551437370479 0.000736245404729741 0.0194561841271624 -0.180583394265557
6.92971570787639E-05 0.00238430761081895 -0.0205163506010474 0.123644787157455
-0.0298400454735564 0.00519557138678539 -0.202095741192837 0.0115893986713107
-0.0410909437810961 -0.0370547451208398 -0.265436191280577 -0.263626641308815
-0.0157514129575346 -0.0373137754740402 0.140460143529409 -0.538956360545286
-0.0131478291655218 -0.0207741554946111 0.684827567934101 -0.134322937955749
-0.0205136356675821 -0.00145457097983487 0.510745601866067 0.556458781351983
-0.0304800965464491 -0.0135445100737094 -0.0712270817488414 0.551178455400511
-0.0172747692385822 -0.0343735656011539 0.0398804469452021 0.0608852457954328
-0.0354095098306936 -0.0249977970362523 0.0859641552934557 -0.473671539631888
-0.0391210226851605 0.0154254532103364 -0.555717495367376 -0.575453915544107
0.000271692022119385 0.00378443075228575 -0.763724533802346 0.225718711965963
-0.0138733204851857 -0.00520816098990295 -0.0502358437194884 0.644892287371045
-0.0352882546981507 -0.0151133515166256 0.371530534542031 0.272560454686646
-0.0198924515958443 -0.00605491627969314 0.285475592727682 -0.0587043665335725
0.00574439448260673 0.00104542704658603 0.0176870809198052 -0.191632412335354
0.000857661700965385 0.00138460451576538 -0.0193431989897301 0.115355518778812
-0.0271763239948662 0.00713643497453584 -0.199078757488937 -0.00521109932911483
-0.0332528173117475 -0.0339599429762284 -0.229525475149895 -0.293127202984035
-0.00822589461300259 -0.0357001214209744 0.216733256253546 -0.520889493898701
-0.00956317255155771 -0.0231742078240038 0.706722440390817 -0.0373868326726683
-0.0199437364788798 -0.00429147872163735 0.436284871235919 0.627465317590708
-0.0256863120864862 -0.0149599191092933 -0.120842598405345 0.542767891891857
-0.0172939718653031 -0.0304131196307624 0.0418969206219582 0.0455149346819984
-0.0346906236957523 -0.0207140419725232 0.0421134768546008 -0.484569420960922
-0.0340911281887111 0.0150708468731833 -0.615573198273873 -0.498060437657683
0.00065940097256861 0.000947969960828244 -0.71469625198931 0.321911412351557
-0.00891982840022318 -0.000613616510198693 0.0384294829486899 0.643332945451139
-0.0283948116276477 -0.00524125621950313 0.398619443899543 0.230337240410847
-0.0139921433986851 -0.0025510190237918 0.280796033318925 -0.082182390621912
0.00591740359151473 0.000320852129235171 0.0168794914136347 -0.201796426191995
0.0029441552597021 0.00149354313768532 -0.0183568972667335 0.110748404241777
-0.0191032259135316 0.0110950308474117 -0.193911678761211 -0.0170399321696382
-0.0258800733901026 -0.0251378368465435 -0.198307795443548 -0.311923207710517
-0.00114977319894813 -0.0298513191711778 0.272331535789191 -0.501046014007632
-0.00593110242060131 -0.0253086987794934 0.716207494880183 0.0404002933586303
-0.0149833645297855 -0.00483599897036345 0.374407840288778 0.67331884421425
-0.0213287426559604 -0.00867443698756984 -0.157646579087598 0.53060529957332
-0.0176847453865777 -0.020052345252022 0.0416153295263125 0.0318570000186578
-0.0302369546481363 -0.0115939638095807 0.00829071706001836 -0.492167044478253
-0.0273039313241569 0.0132596307318549 -0.654148711864285 -0.435365354034022
0.00240933222494039 -0.000199664017838993 -0.672446386790407 0.386350636992733
-0.00181114381103225 0.00747300136822474 0.101204206558339 0.633682406813661
-0.0186564371203456 0.00638794484893509 0.417313414589227 0.198372946821193
-0.00561311911065715 0.00142609248998236 0.275165465895624 -0.101451165521433
0.00781128625729968 0.000216773824891818 0.0148664896352258 -0.208723340322138
0.0044430540541669 0.00320919094910643 -0.017922795993401 0.107092034099777
-0.010895261868886 0.0176310080287187 -0.190977083916681 -0.0228606559871272
-0.0186791888056561 -0.012906035749527 -0.181961612584228 -0.322787501700951
0.00182645896808296 -0.0221341640951943 0.302763126027952 -0.487936256715193
-0.000782649091793914 -0.025797314483198 0.718534741919353 0.0782769187817715
-0.00659362760831124 -0.001911031261085 0.340801995313681 0.69241023026456
-0.0168847540175067 0.00332125712301996 -0.173246905824286 0.523935939693697
-0.0179921803210397 -0.00724917943284398 0.0425306661332271 0.0250080088698856
-0.021381238928285 -0.00239541281943853 -0.0118750944006906 -0.494711524502655
-0.0173113510032747 0.0118254002275017 -0.674195277600992 -0.404561068985716
0.0058695630487354 -0.00103371931017213 -0.648659853084335 0.417785263246051
0.00745369912995924 0.0163783193628047 0.134149669092113 0.624356429177157
-0.00676900162425593 0.0162880994633698 0.423861670099369 0.182701395906029
0.00540282544737142 0.00677490149461739 0.270266521403414 -0.108033459721451
0.00970578927411825 -0.000318493603258216 0.0136324744592498 -0.210547344300368
0.00798590840112232 0.00471162367442678 -0.0209755293514846 0.108159092536932
-0.000580441616343237 0.0246243907147786 -0.191735165540981 -0.0226282807211449
-0.0119285351908661 0.00219068347754569 -0.18017346610477 -0.324835796394125
0.00237483711598138 -0.0142544740853306 0.300195696064843 -0.494409353171648
0.00198765172616239 -0.0261058795527329 0.719938797716847 0.0724905251194044
0.00344425436512353 0.00213069270168082 0.34648187181716 0.687164772039242
-0.013400076333964 0.0159757122485642 -0.172003369734529 0.521505369279653
-0.0191805776588033 0.0080738195679898 0.0415278466776503 0.0231058291685396
-0.0111111319620812 0.00879999846879402 -0.0124031679678645 -0.496453302022406
-0.00742441832063984 0.00997440127743702 -0.67461444268045 -0.410016306724182
0.00714986859407317 -0.00161738728872684 -0.650532542683048 0.41232683264856
0.015709548780112 0.0245359163522913 0.133151414237065 0.623673043286728
0.00588345603891224 0.0268123241065649 0.424120221822648 0.185542233923761
0.0158428128163771 0.010215935430715 0.268802110333939 -0.10463884701724
0.0129481072922791 -0.00143546502920039 0.0134331652806108 -0.209285138682292
0.0104659581673375 0.00624111281565104 -0.0230575570870837 0.112192971225132
0.00846823337479839 0.0314206481358707 -0.192861232911868 -0.0163339126164926
-0.0060980888535656 0.0121210589768399 -0.197634713789445 -0.315462227873673
0.00154610599867321 -0.00543771562879261 0.269824987345165 -0.512016360588263
0.00334976384244103 -0.0253752674482373 0.717839754412299 0.0211426494211443
0.013910172941704 0.00615258897097763 0.386404890191415 0.657546066176691
-0.00913417784859325 0.0311910813770159 -0.148363824406099 0.527897836325563
-0.0194866569998886 0.0229857328070113 0.0407601159196453 0.028545336871528
-0.00106881697177679 0.0200736373877734 0.00601534332374066 -0.494992500160487
0.00129684953624073 0.009010188610401 -0.654546739925923 -0.448835635392361
0.0087018383649016 -0.00200154269227163 -0.681650397919052 0.370402983143509
0.0200962398878504 0.0312921403099523 0.0970430523003609 0.629330351428152
0.0147893877989494 0.0373144665736743 0.413037562926603 0.209228063810173
0.0255483499762496 0.0133483807831997 0.27179638184035 -0.0891611807112645
0.0165812790783011 -0.000940503234755453 0.012896694996003 -0.201311402906664
0.00138602531793676 0.00346034907112174 -0.0272854343927274 0.144266811117798
-0.0258077193932448 0.00825599185909414 -0.203681841352047 0.0498775336617632
-0.0445580846852934 -0.0286220896237201 -0.323875548811551 -0.196597051523712
-0.0276480952611227 -0.029454319760928 -0.0122680907107286 -0.548733364286564
-0.0178457550814387 -0.0175718240965053 0.598228460261823 -0.315919795231926
-0.011072127316112 0.00455039546109476 0.622134560739246 0.394786523177517
-0.0300682960567425 0.00027935269590923 0.0271831715652629 0.552786752056496
-0.0174172326550448 -0.0254977634589007 0.0366262366795695 0.0918972748740996
-0.0280439387749447 -0.022668141075994 0.181099541357436 -0.433965104264611
-0.0366603854029811 0.0148914016847348 -0.384100089570824 -0.723284950085662
-0.00101690744115347 0.00878835551137227 -0.824986271481615 -0.0137795756399295
-0.0151165339924128 -0.00670255191732266 -0.241308056216487 0.608335837710003
-0.0338900914676929 -0.0213546010444121 0.29136035075388 0.351853115328671
-0.0186620191831168 -0.00943579316281078 0.288525073643904 -0.00475755744286109
0.00644011455323823 0.000912266729374941 0.0227373600212362 -0.170672858116568
0.000384004715176041 0.00323377822352117 -0.0253190592112505 0.133762692950262
-0.0304090707276152 0.00619799740441503 -0.204210738185088 0.0305154775366586
-0.0457863854691122 -0.0347556677039469 -0.296450121868077 -0.23224845525678
-0.0234768629441486 -0.0340931829095351 0.0642399504849555 -0.549033089520589
-0.0163696986752219 -0.020133632617607 0.646182858218417 -0.230270213066699
-0.0173397694784318 0.00187061109496171 0.572103053170116 0.477919237282461
-0.031862149398961 -0.00903618462191846 -0.0229086030364845 0.551517115012016
-0.0160067760808139 -0.0329560331185583 0.0378796757222346 0.0770997812375704
-0.0326815648504397 -0.026311133864279 0.137704322951402 -0.453860051205108
-0.0391743866793227 0.0156875918732511 -0.469097480007123 -0.656837830645044
-0.0013899033841402 0.00608145215200145 -0.804253980817268 0.104741147873656
-0.0153287831539575 -0.00895592065287485 -0.150663468753842 0.63461736661641
-0.0367670035028425 -0.021246924091679 0.332858052907767 0.314815086547485
-0.0206222293429106 -0.0100302606519249 0.29028878606798 -0.0309655133888684
0.00455023807528713 0.000799978747716024 0.0214614427574388 -0.180887429116153
-0.000476864856047943 0.00143169611158974 -0.0223509893792366 0.123587932491668
-0.0302808774449197 0.00541438959005326 -0.202670600744478 0.0108477308900043
-0.0408783233730764 -0.0368917334287675 -0.262825216605075 -0.268218475691066
-0.015702958513024 -0.0374598162631727 0.145670977421914 -0.540001740832023
-0.0135529795649856 -0.0214585856559453 0.685283545977097 -0.127461087190423
-0.0206547788961804 -0.0018750974738125 0.504445372618143 0.561188571598277
-0.0304589736395392 -0.014851390318175 -0.0784917230751397 0.549386888236592
-0.0163722054261476 -0.0349901777886605 0.0397725676826362 0.0626316405964199
-0.0352776416845641 -0.025557886573179 0.0910895038973127 -0.471079723944863
-0.0388778115294243 0.0158804409961847 -0.549553747801072 -0.580109258667805
0.00034760040621002 0.00400084311257811 -0.766093549560596 0.220218486695139
-0.0136900471233262 -0.0060316867984252 -0.0532914037537694 0.643796517086813
-0.035079681400715 -0.0152875646914081 0.369467586064545 0.275045179446298
-0.0198301666319281 -0.00702789270669212 0.288538159470823 -0.0586070207989391
0.00479671291364755 0.00116230254457053 0.0206975193737303 -0.19161405286507
0.000261465243540618 0.00143235667228245 -0.0211116424277552 0.115736839348725
-0.0264380707154817 0.00655126115009151 -0.199027329263677 -0.00615882629224673
-0.0335717772656051 -0.0338925694995019 -0.226516918757491 -0.295860435779405
-0.0081065020707725 -0.0348386808616992 0.220962020105856 -0.520928342812824
-0.0095654173305674 -0.0234280753178042 0.709041550826145 -0.0296578303903828
-0.0205518487097807 -0.00452680559349079 0.430357178769455 0.629445749307843
-0.0254191567330847 -0.0148350046593329 -0.127841196687366 0.539276073488282
-0.0161228434463033 -0.0304718756188393 0.0405143571987441 0.0454063340365659
-0.034658093928982 -0.0205266463564783 0.0475548720879365 -0.484269911715332
-0.0345874409786684 0.0150644756712765 -0.612767201811207 -0.504086480534811
0.000619742756622358 0.00159565703299158 -0.721147349635276 0.318077447954268
-0.00856243850693443 0.000586600830922025 0.0333965746785705 0.643432408767851
-0.0295331680038676 -0.0051941558012172 0.398054141179334 0.233996397676196
-0.0133862071224392 -0.00283126357759151 0.282285475252379 -0.0818549683028641
0.00540360705388862 0.00160658183341607 0.0188435429595151 -0.201881515738624
0.00294886366951927 0.00222714939243895 -0.0199748590560458 0.110231690408109
-0.0193894150216509 0.0113269937685833 -0.194425778966314 -0.0186300542868183
-0.0255096878511407 -0.0252376877980052 -0.196371847078474 -0.316079404403936
-0.00180900504549242 -0.0303725112796634 0.277146611319747 -0.499145490814371
-0.0056247922180195 -0.0251387644211881 0.718304243655752 0.046622809053879
-0.0151322532749801 -0.00449056107094269 0.368412930924584 0.675629703211002
-0.0209035095607859 -0.00878793319990739 -0.161910678789919 0.527366354265408
-0.0170846287142379 -0.0210172141908903 0.041950966061533 0.0342614631425347
-0.0296982292339249 -0.0118795297307798 0.0118698479533626 -0.492181047805156
-0.0268532912051455 0.0137426990838047 -0.652248730172039 -0.442716472528728
0.00292599472130013 -0.000660197686009715 -0.676937666545438 0.381788618361726
-0.00161268059446573 0.00698513670334366 0.0962929434968372 0.634384120056115
-0.0195828870336493 0.00637666302218694 0.416130518281034 0.202098988890139
-0.00631524388860398 0.00191860366288818 0.276731455022064 -0.0986064103877684
0.00865053658318008 0.000737011641408563 0.0169826178495065 -0.209737707896452
0.00525772343369308 0.00282553137905723 -0.0200298615740805 0.107746235051763
-0.009894259272334 0.0177417100645058 -0.191393642971926 -0.0249650047355
-0.0188393216968563 -0.0125345012239577 -0.178366842278399 -0.327241551982986
0.00186096927709389 -0.0230938912073032 0.308078979634177 -0.486766988348845
-0.000681502887953012 -0.0254684816000474 0.716452327475136 0.0859962152284648
-0.00708129537745589 -0.00218433432175191 0.333306126612224 0.696155918677368
-0.017606702675075 0.00234574493690462 -0.180827704690811 0.521908451229887
-0.0165666886540477 -0.0082551726571386 0.0416106767448567 0.0248749663228157
-0.0204757179064008 -0.0028621301880221 -0.00668973946337164 -0.494259243479192
-0.0179309767210668 0.0117809164904607 -0.671976086038201 -0.412207670929055
0.00558346141146365 -0.00104881500214704 -0.651937005589376 0.41193872075465
0.00825410555417837 0.016008791645977 0.130491445699253 0.625653513268276
-0.00644142785230957 0.0176921093614335 0.422544813501235 0.186280790547836
0.00454356790459897 0.00634596561994337 0.273081339975153 -0.106553867980786
0.0100674826437382 -0.000637453652751566 0.0161473120741248 -0.211491776054752
0.00713007779450921 0.00430510582040337 -0.0216393808662716 0.109750060724222
-0.000887909664878703 0.0250844812843413 -0.190937841225306 -0.0246396005592697
-0.0120989234611861 0.00196487658674938 -0.177180826738384 -0.327430541428099
0.00216419240225956 -0.0136514394169455 0.305626837750675 -0.491497539301376
0.00269845723215753 -0.0260575229665234 0.719554986253626 0.0806927653541595
0.00279745486437753 0.00328443249321658 0.338709086988009 0.691464826200404
-0.0136985209451616 0.0168518246618913 -0.178838993009258 0.519719312436754
-0.0189259134646933 0.00801329281949316 0.0418963897421468 0.0232785790401461
-0.0109927848444895 0.00877405402108618 -0.00716079866336184 -0.496003075319505
-0.00787465827112906 0.00957976479853427 -0.671455982892616 -0.41822657915866
0.0078001243867434 -0.00273236393915729 -0.655726569462778 0.405415429536482
0.0148841412273295 0.0237691207136555 0.129051723329115 0.626019440668677
0.00613788168541017 0.0270666557640403 0.422673320460495 0.189131941300467
0.0149581087194304 0.0102342644360549 0.271231020594813 -0.102857613404536
0.0132153709650932 -0.0011933136395276 0.0142074082581106 -0.209417848529089
0.00916658663320598 0.00592547866438137 -0.0247241316284388 0.112772627035494
0.00806974261062663 0.030997807535322 -0.193427136966784 -0.0170649307623054
-0.00725011316168322 0.0145951730291308 -0.193949781890992 -0.317620231000415
0.00244373842187277 -0.00580096268930535 0.273672499897331 -0.510417024408275
0.00357140637749479 -0.0245914364210156 0.718974039993976 0.0283247572548484
0.0129701089266034 0.00658383306422642 0.379740928168469 0.662106625080028
-0.00919178239784286 0.0294226502220831 -0.154668777426361 0.525097599518467
-0.0192533131366682 0.0230381457612704 0.0408370096729209 0.0292972366682981
-0.00229908891079196 0.0184583324067884 0.0125569512502248 -0.49373582055356
0.00112883994311287 0.00885383052140792 -0.65083079629061 -0.457953409801579
0.00884335180377657 -0.00156997050259082 -0.685436118493521 0.364953111788658
0.0201129448190278 0.0318200322546387 0.0922348268963289 0.62839006605442
0.0150508026834009 0.0370823051890987 0.412267453275096 0.213237933468737
0.0255596195924756 0.0144252100593084 0.273948130207264 -0.0883384772361115
0.0160270092010478 -0.000693655705975562 0.0158153231769665 -0.201440874383317
0.00132028595308712 0.00374461111298694 -0.0296566941337436 0.143941513451883
-0.0255402451793423 0.00773498143634567 -0.203744400046311 0.0489935488128579
-0.0450375438439383 -0.0292381027741456 -0.323403090454784 -0.20115813186829
-0.0273781341558029 -0.0303788053318074 -0.00756366783348719 -0.552323562839069
-0.0176473798436856 -0.0175472127386643 0.604231633075896 -0.310320254917591
-0.0110628065529681 0.00485031778780428 0.621228954089919 0.400651724020907
-0.0302307863803945 0.000309078571836853 0.0213860920963296 0.55382834868259
-0.0166811295521416 -0.0263510924908021 0.0352743580478378 0.0930604726827379
-0.0283678812379405 -0.0226590121294961 0.183889098315542 -0.432586022832656
-0.0366977262673927 0.0148875466497267 -0.37834461468295 -0.728545367450161
-0.00147141494707408 0.00884341911429387 -0.826871796305455 -0.0207847910294183
-0.0158439347337758 -0.00672333607040478 -0.247564934802788 0.611002123208459
-0.0346882611052739 -0.0219652791727566 0.289390897850165 0.355646964599119
-0.0186855451975942 -0.0107359634676073 0.290373147962122 -0.00333173343946068
0.00639671231173162 0.000977040875004238 0.0259539984002583 -0.171695214529004
-0.000114536133896196 0.0028303571853631 -0.0275883068537005 0.133893823505452
-0.0299664452907737 0.00574995507242094 -0.205086851958019 0.0293538104321085
-0.0457870985807214 -0.0355821801938302 -0.296473467028184 -0.236594581899603
-0.0225845725238279 -0.0354068898787969 0.0689191523422941 -0.552477678587519
-0.0159304168867136 -0.0198737120151898 0.650659245779428 -0.225215292820163
-0.0186848446048484 0.00208608938365322 0.569125041058631 0.48656767616224
-0.0314856534091336 -0.00896720507542843 -0.0278794735537604 0.555539448784212
-0.0159097470214012 -0.0331438829848097 0.0370465240992369 0.0782163587618875
-0.0323409100724236 -0.0267182010833472 0.142284221538699 -0.453514230950471
-0.0396934813126306 0.0146880511138051 -0.466305689034186 -0.665617639398014
-0.000956260333153085 0.00622559711220053 -0.807805812362234 0.0969187695930219
-0.0149476739354353 -0.00841823501165662 -0.155757841241391 0.636073263377213
-0.0363490719570111 -0.0217612608005563 0.332296160814538 0.319632162927993
-0.0206126698738039 -0.0104418878532572 0.293352301252771 -0.0290121991609777
0.00510897502564951 0.00105144866439508 0.0238798602361042 -0.181587432764651
-0.000251576181458804 0.00124985174120507 -0.0244782750436539 0.124857597955717
-0.0304517672394501 0.00456238169976689 -0.203013623070606 0.00939096504184227
-0.0417022763439796 -0.0370015616575639 -0.259531933543625 -0.270937612442982
-0.0150888207616431 -0.038502929534523 0.150416552737528 -0.541393783023507
-0.0133349609874636 -0.0215358122140678 0.689074232697959 -0.123901581451822
-0.0218553624550026 -0.00116213515545048 0.501499476961853 0.567967241351461
-0.0303644450169224 -0.0146707932114219 -0.0817372910821347 0.549447781321894
-0.0154385789231573 -0.0340597442256118 0.0397847902428874 0.0629693835980511
-0.0351400878455003 -0.0255324095812966 0.0954545940681901 -0.470811682867578
-0.0389710882500799 0.0146389916722211 -0.5467475382884 -0.588128502902523
-0.000559777060482393 0.00358829152404763 -0.771842003603176 0.214548171668282
-0.0134148400264451 -0.00606337606047577 -0.0592639088038898 0.647568142254712
-0.0349825208183608 -0.0154225556333849 0.368559054933828 0.278256829035566
-0.0202246957660605 -0.00776558842001415 0.289402588612499 -0.0564452118283972
0.00506082569498964 0.00125309181970794 0.0230255521417081 -0.192291283393781
0.000229212200442266 0.00126283687824833 -0.0221521948770732 0.11582962719713
-0.026177065039584 0.00636210305276054 -0.19946429025716 -0.0067161065458411
-0.0342105739276019 -0.0334767545007351 -0.224870956176662 -0.299712368494532
-0.00666294137746489 -0.0363873134369012 0.227320117517514 -0.520990916128121
-0.00970644902292573 -0.0232030082173897 0.709361152513029 -0.0241234132675641
-0.0203676455188242 -0.00375355953752121 0.426681365794793 0.635591748018674
-0.0251415578415443 -0.0149002552096649 -0.13096060362596 0.54010028864557
-0.0163143021424549 -0.0303342886927497 0.0411689241012913 0.0477133765373664
-0.0334528833673346 -0.0203249159859436 0.0525149540619859 -0.484846934677883
-0.0350479081123114 0.0153361370680012 -0.609902360304898 -0.510677511605426
0.000882787745312247 0.0014795465692593 -0.724843154101017 0.311179512003167
-0.00858368472793023 -0.000228831393595981 0.0283941973006637 0.6454807391026
-0.0288140110583156 -0.00508763287220057 0.396843631999026 0.238048774945084
-0.0143227837832903 -0.00281431000293538 0.285175351222586 -0.0793402804563257
0.00649902670358854 0.00108004776167563 0.021160181964186 -0.203271208159638
0.00234379130814614 0.000804915220038088 -0.0220064183373097 0.111184711235608
-0.0194315296511086 0.0103532577662264 -0.194958645444181 -0.0186873855707617
-0.0258665845188395 -0.0262792778833816 -0.194037963702441 -0.319479278421922
-0.00154329235276537 -0.0308353757043815 0.283760482936374 -0.500485320940838
-0.00469852156946002 -0.0248186380354312 0.717302470571269 0.0542154071603545
-0.0150698672549851 -0.00378396538088865 0.36344076143643 0.681826513465584
-0.0205995518747919 -0.00921699769501825 -0.16905843060884 0.528444897737659
-0.0167563168338488 -0.0205593102444919 0.0416547673385052 0.0337252814607967
-0.0283609850129282 -0.0126501939105213 0.0175885076474462 -0.491294993064211
-0.0277767542497912 0.0134105297812209 -0.650907647377685 -0.449876650243288
0.00290786470471138 0.000537728115668034 -0.683372041494839 0.376547362756039
-0.00152257472957993 0.00783592574339225 0.0943566475078109 0.636092652917073
-0.0189604179293126 0.00692377378763096 0.415736905585596 0.205496836698232
-0.00584189241133903 0.00235473090209084 0.280416616535485 -0.0977550595214919
0.00740177506690588 0.000495050581158805 0.0198482867881914 -0.21044910194126
0.00448444116729083 0.00291251810996122 -0.0224332206996087 0.108790477401267
-0.0103975243350462 0.018493701779874 -0.191791899748768 -0.0253995214138281
-0.0185163057632725 -0.0124587343472074 -0.17611507417592 -0.330554595834071
0.00132137634801798 -0.0222753906622535 0.3129578789716 -0.487031335298242
-0.000850072852985622 -0.0253189440572216 0.719114322041905 0.093426128239715
-0.00726548385916884 -0.00189929781147657 0.327255494513607 0.703107345015167
-0.0170654596313472 0.00272215650991253 -0.18446625821348 0.521140199885172
-0.0167969033431868 -0.0070008229527212 0.042609896422065 0.0259614630223773
-0.0199184241384425 -0.00208937054758368 -0.00222198942304604 -0.49562755639062
-0.0179744477883291 0.0113364496214659 -0.669939677930885 -0.418326481729322
0.00483240064290274 -0.00155094828079615 -0.660122095370844 0.408661595493238
0.00756639739232923 0.0155699240558747 0.125422924644159 0.627607608992579
-0.00644661216141253 0.0180968157462954 0.423646337431677 0.19048162356092
0.00460270406755436 0.00606565297972729 0.275328940245409 -0.105119882578213
0.0102595154096526 -0.000127418125293972 0.0188134929745823 -0.213135727266909
0.00756194353074291 0.00411053377269319 -0.0235561717140834 0.109788313904925
-0.00131717030135595 0.0250561164010632 -0.191357847268807 -0.0260640170757256
-0.013358860707661 0.00170616713901019 -0.175533693209755 -0.330213559773403
0.00223970704309593 -0.0135131378671937 0.311450396591216 -0.490728088931267
0.00291944054898531 -0.0255218604787107 0.721200680516337 0.0875654076817985
0.0023500834503314 0.00322199287155544 0.332267257848247 0.696765839954411
-0.0142425280507902 0.0163730298939386 -0.182524913550421 0.520282227538029
-0.0179842263815639 0.00729615300429926 0.0407622944202009 0.0240672551973113
-0.0102065885094996 0.00809341633425405 -0.00253095486319075 -0.49806391863191
-0.00804002216779895 0.00977634872320749 -0.669923959145449 -0.42447723211884
0.00721415546949207 -0.002029440112837 -0.661995824657151 0.401940996915299
0.0148998010117529 0.0234664074340407 0.123679729380894 0.628096580759143
0.00498522943807806 0.0282096037046427 0.422954336110084 0.194387526005398
0.0154220801489001 0.0097514115615179 0.274675970238277 -0.10057633403027
0.0129872144515405 -0.00102969172004504 0.0177937714086291 -0.210709944389627
0.00922043090176915 0.00578564297788207 -0.026876070529807 0.113869719166463
0.00691165915737999 0.0307658413099768 -0.193228146049774 -0.0193265068458297
-0.00736153580190903 0.0144688512789631 -0.191247129308855 -0.323133317072358
0.00127884428926915 -0.00533643040947887 0.28074058524475 -0.509634191161708
0.00328158461935875 -0.0246127438356444 0.720333032815193 0.0343877486757032
0.012551033163642 0.00791076070791684 0.374507253691348 0.667527197159007
-0.00917074158204149 0.030377267689439 -0.15868564117415 0.525155642225237
-0.01944589808995 0.0228890824064188 0.0414877550433291 0.0298967244655788
-0.00232091997666107 0.0190935200948838 0.0175034298766949 -0.494657548507894
0.00200325098855395 0.00903075739622772 -0.649061109634721 -0.464779334711129
0.00923647031339097 -0.0015334200318943 -0.691256105273434 0.360102016515982
0.0193881380558485 0.0324053042843581 0.0880734166315643 0.633860422185904
0.0152922043284974 0.037484853616333 0.412744415690262 0.216782716448059
0.0245076636161671 0.0143215165090879 0.276180321245957 -0.0875157385537867
0.0155477691329067 -0.000487896704939587 0.0182844118706176 -0.203499949374759
0.00176148426695869 0.00365838356935318 -0.0320304397706953 0.145477132167436
-0.0262791114505596 0.00744083769306017 -0.206274235956492 0.04767794973348
-0.0453290665645056 -0.0293184868832439 -0.323770123318678 -0.205548561155921
-0.0281008486372632 -0.0304454687273044 -0.00392334734512 -0.555916713369963
-0.0178373410519061 -0.0180158959126266 0.610182466910366 -0.308700766679253
-0.0115497044007517 0.00445989946072294 0.620458344096213 0.408469602235158
-0.0303296723427103 -0.000204406948162442 0.0187349403877911 0.556646637641171
-0.0159507755263377 -0.0260589917123229 0.0350038605150914 0.0938079657391537
-0.028244670283652 -0.0220892275352009 0.18978032710168 -0.431933778796129
-0.0372781865301411 0.0150089060361011 -0.374716400531926 -0.735750370200984
-0.00163011693944195 0.00835001208095936 -0.831107320495898 -0.0282371438150338
-0.0149447633965424 -0.00803228695669996 -0.253910289666712 0.611105780141012
-0.0328735690570713 -0.0211449054104806 0.289797984290877 0.358729081759329
-0.0189146348370123 -0.00949844105419296 0.293269951348811 -0.00078527446326274
0.00612199602392145 0.0011002143201002 0.0281519100367506 -0.172634999487202
0.000340371037300824 0.00248366883391881 -0.0286385023921441 0.134825221009894
-0.0292781511014744 0.00484117516363673 -0.207441045698321 0.027105576074504
-0.0457808356245879 -0.035391493946178 -0.295663285339968 -0.242166921291198
-0.0228276797768446 -0.0361846332357725 0.0740150004736653 -0.554283676361264
-0.0163096225962322 -0.0192930200706259 0.656034981306372 -0.220472019576635
-0.0196010707953739 0.00207061250496525 0.569267478047433 0.492454740105583
-0.0313194224087591 -0.00998068108012239 -0.0320027837823415 0.555450496715272
-0.0147498066009716 -0.0327583089123733 0.0368895289933404 0.0790903399661083
-0.0330869162267022 -0.0268715708198268 0.148318112411419 -0.452466171296125
-0.0406655316063427 0.0150575431848261 -0.464304166050077 -0.671734231447191
-0.00067606391820264 0.00587248309505201 -0.814621755739536 0.0913598764413089
-0.0147591041524441 -0.00900334542200424 -0.162150237464787 0.638419094975204
-0.0361777448453139 -0.0214900700319364 0.330539891210228 0.323734799301252
-0.0210883307073178 -0.0111336020959376 0.294608792920168 -0.026691506579058
0.00500167871078888 0.00156372791046609 0.027321074479478 -0.183999425374321
-0.000116229967170258 0.000914126096118061 -0.0262998774126825 0.125154443449972
-0.0307796737867511 0.00435853128517947 -0.204159178452062 0.00824372286057265
-0.0424977305228671 -0.0367865422712812 -0.259852774395244 -0.276081441599684
-0.0149185579975204 -0.0381390722228565 0.154722464158091 -0.54366420421489
-0.0128336818749935 -0.0219898147265493 0.693766851811089 -0.118812948479949
-0.0224534991822586 -0.00185776536384239 0.497668107442606 0.573399296403741
-0.029476172651182 -0.0148588134367557 -0.0865458541725521 0.551346421015307
-0.0154168926605485 -0.0350004919692389 0.0393600548416268 0.0634706736102686
-0.0345460308387145 -0.0251037093987327 0.101667411847342 -0.473464445223172
-0.0399658401329054 0.0146708685037831 -0.545911340686237 -0.59658317699886
-0.000101546066319661 0.00439460990771635 -0.778734134189554 0.209710256636095
-0.0137983912727414 -0.00599440761666999 -0.0640448682600961 0.650038642254299
-0.0352891959083456 -0.0153930274647346 0.369100294969243 0.283063020053769
-0.0200237681151937 -0.00774218633133055 0.292162892386582 -0.0550991699595131
0.00548946818467842 0.00090115318140402 0.0254964953077136 -0.194693581295667
0.00154964377969164 0.000531370243523479 -0.0252456796311658 0.117172439320763
-0.0269797717385763 0.00612480427441734 -0.200349859967158 -0.00767907418287613
-0.0333826274965458 -0.0338060965504895 -0.22341277908123 -0.304914864248101
-0.00724240009301633 -0.0365869758521832 0.232312123384639 -0.521793314927614
-0.00895641671513863 -0.0239432577144586 0.714524981510039 -0.0190982274898378
-0.0210576722101294 -0.00423956244590918 0.423440301694235 0.64344509687199
-0.0259277255529632 -0.0148904970087952 -0.135646009845388 0.541922710870027
-0.0152208599923462 -0.0307765177530395 0.0408682678173979 0.0478013353676726
-0.0332964965948035 -0.020710530369193 0.0575218344898945 -0.486329598762801
-0.0350554153279829 0.0148174114520919 -0.609137388669877 -0.51862594081201
-0.000311754232170771 0.00090603896543606 -0.732603384533932 0.308812223256549
-0.00792534790858505 -0.000439402935169936 0.0251576666421522 0.64953951324446
-0.0295370823471045 -0.00569647668107024 0.398797470333752 0.242344689542209
-0.0144593178618903 -0.0030449615231171 0.287708613236043 -0.0797090684789111
0.00540527011434736 0.00130316852872036 0.0245372739577556 -0.204655428179045
0.00193721342946645 0.00127884850990355 -0.0237842152512748 0.112156617602996
-0.0194033451869335 0.0103399604839192 -0.196099199646366 -0.0208356664259144
-0.0257821009674917 -0.0253066469668066 -0.192173534164559 -0.324709847641498
-0.00104511343934099 -0.0306855017499169 0.28875964611463 -0.500187501257316
-0.00408940426311045 -0.024870312716439 0.72275912115868 0.0593101821163378
-0.0155053629345585 -0.00380124308572487 0.358657868807983 0.688235989257946
-0.0209870351274415 -0.00927529689338799 -0.171649054704913 0.528257553723467
-0.0162424328108258 -0.0212802492996255 0.0420401155143674 0.0339614694908059
-0.0288746608635692 -0.0126244538362164 0.0224188284023664 -0.494087477308414
-0.0280190888141719 0.0138706920729548 -0.6512349105193 -0.457022823171886
0.00283296838970134 -0.00148985289045798 -0.690464547301458 0.374530560444312
-0.00083360166570313 0.00780423660294928 0.0892895032165787 0.641072164209721
-0.018259362032237 0.00632471088602114 0.416991043210545 0.209255694732111
-0.0049412394360133 0.000620285509640586 0.282921014673488 -0.0957911087776786
0.00750281872700915 0.00020364571616438 0.0218087855821025 -0.211602668131917
0.00448622773378161 0.00243128128036158 -0.0245874950280563 0.10992696702329
-0.0105910049525358 0.0181013755174431 -0.192360134091388 -0.0272852339944469
-0.0191533272407725 -0.0126036366216354 -0.173188015182286 -0.334528040877495
0.00185877594582538 -0.0226139832261655 0.319388785056137 -0.488906692026231
0.000152478942878811 -0.0254535890742164 0.723239000880232 0.100753372244217
-0.00784253158956045 -0.00122946444157597 0.325164308061422 0.707186213866576
-0.0169088244213057 0.00151066931114647 -0.190598395896513 0.520878232338392
-0.0175784682429903 -0.00762493601497647 0.0429852142486355 0.026734494965639
-0.0201679260113697 -0.00231576635975663 0.00309800999958371 -0.498714592334345
-0.0182527380321118 0.0110181010448734 -0.67065174380602 -0.425897469214859
0.00508068502225789 -0.000647869343329399 -0.667590395755195 0.403903706405719
0.00735891004933375 0.0161181485626559 0.122477373035128 0.631760032080303
-0.00650815959599832 0.0188261335431562 0.424891504171036 0.193347247514818
0.00489311543336611 0.00587496371271227 0.279391897512369 -0.104356453999643
0.011086026533124 -0.000660351580471419 0.0201743317001918 -0.214048976947657
0.0067754552925878 0.00406452767504271 -0.0254691630249163 0.110758757455995
-0.000901041518373757 0.0250405948887278 -0.191819456410113 -0.0266304314337955
-0.0134470285146006 0.00275871703710755 -0.173600860042656 -0.335089738170387
0.0029124890800672 -0.0150864254115917 0.316453804278629 -0.490999462475025
0.00263155667544274 -0.0253711812684355 0.723359757510931 0.0926261653926283
0.0032687050326353 0.00370159563148012 0.327004969904536 0.70359118444783
-0.01362645886194 0.0159033349815266 -0.187726875214949 0.519179338199347
-0.0187707506378866 0.00711803847685473 0.0419007745150158 0.0249706181201453
-0.010250846638652 0.00884764421478233 0.00350306721333625 -0.498495406473317
-0.00775768155402351 0.00978158272218848 -0.67112597419284 -0.43236960882213
0.0070076319574697 -0.00213244214896499 -0.668665973767267 0.39901176660286
0.0150698765281431 0.0238214426585256 0.119446249735141 0.631788997364067
0.00541314766360791 0.027812164848103 0.424570284121503 0.19822202614131
0.0156465983487867 0.0113784440931122 0.278277661171809 -0.100499899577895
0.0128820156268547 -0.000907994633505037 0.0208758282605565 -0.211871331428766
0.00824086968269562 0.00537099469513647 -0.0273133099347783 0.114017727973046
0.00738752447506121 0.0303416195189315 -0.193197085455592 -0.0210518101760271
-0.00812957873287911 0.0146152055865234 -0.190838042168487 -0.326279690289566
0.00161064890882987 -0.00495113024633923 0.284577176687287 -0.511785909846854
0.00449721845532779 -0.0249599350810076 0.724757552668341 0.0409558899064323
0.0124833031276551 0.00859911874459795 0.37019292484861 0.674056997405939
-0.0101100018629805 0.0294232339348344 -0.163901173731304 0.524607041036502
-0.0203390840129325 0.0216647861619033 0.0405311964165681 0.0297395274634377
-0.00257132396661277 0.019265468478974 0.0212696839298476 -0.494738454565287
0.00147723469868077 0.00964215224107646 -0.649860489110422 -0.473484527428371
0.00802528255185088 -0.00182644494627829 -0.697084661120789 0.356916187738478
0.0197060220740366 0.0318429477646875 0.0826715456456919 0.637094814641582
0.0157495245438793 0.0370382137401147 0.413441092123053 0.22152293439755
0.0245169772046751 0.0146509065051407 0.279447878126422 -0.0866687270765589
0.0158787739769442 -0.000719690245988128 0.0218076317049992 -0.204729362070418
0.0011544062402361 0.0030461242832533 -0.0333608924623611 0.146680511428822
-0.025896123398727 0.00749290440849913 -0.208662013800543 0.0474593547443555
-0.0467229162599506 -0.0295217829860193 -0.324361300457521 -0.210072950549762
-0.0277565594365524 -0.0315368772648209 -0.0012239056786427 -0.56269541016374
-0.0186840772201558 -0.0173948570790201 0.616293415590484 -0.305449487344135
-0.0118359484507501 0.0052787772845947 0.62171791323983 0.414913407271909
-0.0300968674010896 -0.000463541888774018 0.0139680975462609 0.558852700537881
-0.0158040840419165 -0.0270806036721255 0.0341967064548984 0.0954738815181586
-0.0270266496857017 -0.0216226133171397 0.196564406910267 -0.432891815389253
-0.0371538293085304 0.0154504789432226 -0.372864305625461 -0.744162193593843
-0.00035503490020505 0.00844393225882279 -0.840822421016718 -0.0343742533448029
-0.0146423033797323 -0.00740095731874665 -0.259339595721147 0.612967827986636
-0.034097683661943 -0.0224571976505928 0.28902160083561 0.364551173046662
-0.0189240441359084 -0.0107051399269587 0.295377630787292 0.000464425011447472
0.00604047102194732 0.000251326988308711 0.0318711407109691 -0.174916193402333
-0.000531606748729959 0.00178887839484964 -0.0310028645533484 0.136837552334268
-0.0298203447163067 0.00568384522533742 -0.208951266492282 0.0272240392759618
-0.0465542689047326 -0.0352346371738048 -0.296233380829288 -0.245764551096961
-0.0228830908399411 -0.0372322533684101 0.0779448314179692 -0.559924775359114
-0.0152379525076521 -0.0198395617314069 0.664248948899824 -0.216316460159832
-0.0190897776757686 0.00375074346564406 0.56741556210917 0.499237238094281
-0.0313832971634901 -0.0094685692338672 -0.0369707630680455 0.560594379881067
-0.0146890305230084 -0.0335514747735221 0.0367177064136774 0.0808460123949257
-0.0321919809533681 -0.0270570997473979 0.154110892770672 -0.455547170839768
-0.0402704570529352 0.0146021845549876 -0.462970150023032 -0.680499395367943
-0.00169925248435254 0.00676497868041905 -0.820689699316134 0.0880933831954512
-0.0152822195966262 -0.00903699097581847 -0.166686688430954 0.640740213116183
-0.0365705818850318 -0.0220704260029905 0.331538285443614 0.328846318476843
-0.0214132085290204 -0.0100760604379898 0.298086663323436 -0.0258540696233984
0.00481212393812468 0.000254184111038799 0.0288993935590988 -0.184970425612201
0.000234122665680148 0.00110200836360661 -0.0280581824942807 0.12602343800856
-0.0305910424275101 0.00372100043188838 -0.207236168658374 0.00800470389976863
-0.0417835091494836 -0.0377357801308705 -0.259693873074506 -0.27975662159415
-0.0147826553232853 -0.0383308140867123 0.16046346952469 -0.546665744138104
-0.0131129185581021 -0.0220951551812635 0.69899402233983 -0.112886341681779
-0.0229548605219363 -0.00111671674933172 0.498927429461128 0.582238115970657
-0.0297469251166626 -0.0148413552803317 -0.0926257156508289 0.554906343265432
-0.0142992652008887 -0.0346680348119789 0.0394402186540349 0.065206515413687
-0.0353579316378637 -0.0263280565125001 0.106135894980628 -0.476153837551707
-0.039372609245698 0.015497573131403 -0.545519570048995 -0.602844755832899
-0.00040405681625863 0.00329016281166901 -0.786681499159736 0.20507862908407
-0.0135127015196826 -0.00637674066667741 -0.0689384059685126 0.656470535718126
-0.0364947118028695 -0.0151512646390744 0.370364150077933 0.287986716444629
-0.020431276324878 -0.008383763001807 0.296189059218672 -0.0545123627905882
0.00563918055918343 0.00109221056915751 0.0268685036314955 -0.19639759333867
0.000855099121093369 0.000433469326534294 -0.026071151476166 0.118677637275403
-0.0267700558766213 0.00601889476756918 -0.201403406312453 -0.00930946029370366
-0.0340092770372867 -0.0338875245311604 -0.222394481654389 -0.309572270866764
-0.00679319251998331 -0.036813032344881 0.237448449891611 -0.525618471864915
-0.008985471979971 -0.0236713575228326 0.720005392981916 -0.011429720748243
-0.0217872865742358 -0.00377747217714319 0.422279246162191 0.649844220865054
-0.0245194882152949 -0.0156059311843062 -0.142714720537235 0.542908733314269
-0.0146781348108657 -0.0304768391283362 0.0411285815887979 0.0484223290199424
-0.034097815867527 -0.021071125517584 0.0608544817871795 -0.488285469581871
-0.0357949196143233 0.0155955926429189 -0.611040376008062 -0.527083117245856
0.000464786790389015 0.00141268921362883 -0.741169864704762 0.304957079086038
-0.00910402141992015 -0.00026277932480058 0.0202160566767549 0.655687595681134
-0.0289254544902705 -0.00477218565968127 0.401214207159484 0.245843685159254
-0.0140853356949508 -0.00354804148052886 0.292010402980859 -0.0783161974138848
0.00584403702192389 0.00150198041982382 0.0266839050863102 -0.206472029050251
0.00194550080087285 0.000458000716162153 -0.0258974057734411 0.113267305914455
-0.0202460475583747 0.0107259854526017 -0.197163153756536 -0.0220383558017372
-0.0276132048647693 -0.0252272238316938 -0.191081311128445 -0.32972688180305
-0.000301664675881989 -0.031801880589727 0.292889614196023 -0.502619326713836
-0.003757747050087 -0.025015261788201 0.726633621687831 0.0659175749646811
-0.0163048318840527 -0.0030004989580406 0.354483772159155 0.696400860153642
-0.0203624719480201 -0.00874923739565309 -0.178126184550723 0.529539789451401
-0.0153969980050851 -0.0212549746169307 0.0419191965207293 0.03534496234507
-0.028976303529327 -0.0126544608185824 0.026423114357793 -0.496847450037168
-0.0285710835034378 0.0142622309696603 -0.654095327215407 -0.465255134681844
0.00187506111273129 0.000355790507889015 -0.698466622934469 0.371773936288504
-0.000491788416196663 0.00814729723939614 0.0867850198700937 0.645823918255142
-0.0180047075202796 0.00698141195228911 0.41910334879887 0.215681128651129
-0.00557208080731393 0.00132043087768068 0.286142365587556 -0.0956831084925926
0.00822154383446618 0.000669023336967818 0.0243264505451826 -0.213854263512397
0.00423058414454489 0.00325118959543632 -0.0246945734144493 0.111293911543278
-0.0115953491467767 0.0179305159919821 -0.194056486452388 -0.0291789069195061
-0.0195384584796441 -0.0125371540639717 -0.172846680366288 -0.339784018978301
0.00290087020168779 -0.0239504012858065 0.324793978867589 -0.489528986410794
3.83158465341871E-05 -0.0259908596390667 0.727457066396506 0.106125446694747
-0.00829134279625234 0.000601109289696197 0.322529177356866 0.715256104824529
-0.0170447081742066 0.00211473041514808 -0.195078166549724 0.523041595284781
-0.0168961844048115 -0.00773528699985645 0.0432093291131385 0.0274236217976652
-0.0201558480260528 -0.00299740239538855 0.00890729158007133 -0.500540707547534
-0.0188963327201636 0.0122639751987285 -0.672863671435592 -0.433763824800217
0.0049548668028939 -0.0011638697430727 -0.674807760848143 0.406327718547722
0.00813071699977885 0.0160784814354543 0.120080779873284 0.639057329232782
-0.00604996468768387 0.0179701451561867 0.427445980534221 0.198710784914352
0.00423663334274962 0.00530995564660992 0.281555582636716 -0.103533664922806
0.00992080731210966 -3.46463998205475E-05 0.0236304545793785 -0.215701137434471
0.00703335814137778 0.0038625377055561 -0.0262170791482457 0.112094439304075
-0.00188508532413018 0.0252037517227962 -0.193021811615451 -0.0287633447479196
-0.0136584502568869 0.00242414986632059 -0.173850310832477 -0.338171334189831
0.0026208514998334 -0.0142816274972411 0.323557673480097 -0.495248258346464
0.00352636295190693 -0.0254568490410577 0.728542738192694 0.100245164545998
0.00195019418635632 0.00372239996868577 0.326861680031654 0.710119478065169
-0.0146336903136687 0.0154488616041904 -0.194116758251025 0.521255446650889
-0.0181887292887296 0.00706662994359806 0.0438469126709445 0.0256934287172809
-0.00948506440190798 0.00821577854941024 0.006142959631984 -0.501298187950691
-0.0074638791929117 0.0105631882647528 -0.673427327007414 -0.44062864888015
0.00718578079424392 -0.00304447321011041 -0.677761193562227 0.397830003120124
0.0165530667189654 0.0246756855172406 0.116144400952695 0.636212623360088
0.00481748523851708 0.0286874645794361 0.427259760439294 0.201637876995428
0.0161278089261925 0.0107569297320569 0.281194831533673 -0.0996063539426619
0.0120871928148111 -0.00126625627648218 0.0227162099404626 -0.21388584155676
0.00954331884984831 0.00560609746432497 -0.0302898089242782 0.114794662040203
0.0077141665962515 0.0312012059939472 -0.195688627871558 -0.0221929558276464
-0.00825751007822179 0.015599910302762 -0.1900985146255 -0.331811604243725
0.00188633727998526 -0.00646053651635365 0.290285262975267 -0.513711830921459
0.00465208324883005 -0.0256707739008993 0.728926518222451 0.0463472422989192
0.0126204024552197 0.00931338833179327 0.369465507983755 0.682614440265983
-0.0102447949992287 0.0296520650614931 -0.170453890455683 0.529833252065456
-0.0198720620654581 0.0219462630915784 0.0410280442658195 0.0310622282599665
-0.00215023027177253 0.0178150045197084 0.0271345758758743 -0.498645069091492
0.00139838091768329 0.00969393035429624 -0.650225121560392 -0.482323891976029
0.00844110759707547 -0.00147529885710861 -0.707590699063628 0.356028510665491
0.0192222974512952 0.0323431954511107 0.079941597816982 0.642221250658465
0.0162795248118219 0.0393834482256556 0.415197556131126 0.224751939108594
0.0243484189824824 0.0151070137764345 0.284692549044265 -0.0856377813343906
0.0163818042539889 -0.000664601387068607 0.0227861492315895 -0.207677270058122
0.00184311960837571 0.00287816972248388 -0.0359100628477757 0.148400289619023
-0.025768812638177 0.00707825398510883 -0.210987873578824 0.0479285130013433
-0.0469633620239653 -0.0294395729001081 -0.327162519763617 -0.214464775314426
-0.0275646952730227 -0.0322932503082936 0.001156259176719 -0.567868576965282
-0.01772429437294 -0.0170829333568934 0.625260597614942 -0.304564467278457
-0.0130031884955142 0.00510397250581287 0.624506578941148 0.421978335248627
-0.0301710663623915 -0.000865338186189356 0.0119126235008511 0.563999165921244
-0.0152549892095431 -0.026387259740386 0.0346882253026201 0.0958320472239847
-0.026912461513211 -0.0230899258860566 0.201253901570937 -0.436070957657759
-0.0377778372512431 0.0155092812265077 -0.372414978167603 -0.754477796735357
-0.00163080171356434 0.00835262090010888 -0.8481938311348 -0.0385889996960252
-0.0142566363697984 -0.00804290470748482 -0.265177929247196 0.619061038576021
-0.0335272554369351 -0.0220969965899614 0.290203771816103 0.3700249536025
-0.0186060891206707 -0.0111194734452497 0.298722352486962 0.00120878335117518
0.0063892833593032 0.000617293922624784 0.0325519147523131 -0.177311452730142
0.000160855413301155 0.00208696962150348 -0.0321711241117809 0.138264652869941
-0.0301590217179308 0.005579506114517 -0.210718889413255 0.0269101440312374
-0.0469977050386606 -0.0358147944728025 -0.298734188992317 -0.251165091101923
-0.0222681258720238 -0.0377357279680301 0.0790806675654696 -0.566733431431913
-0.0168401769425209 -0.0193110403562079 0.671838291234808 -0.215232297435478
-0.0199612005657049 0.0035890000442213 0.569636677805377 0.507801861417045
-0.0316145962874235 -0.0105513521325839 -0.0405065325691951 0.563914960902098
-0.0148366404251679 -0.0337134543670802 0.0375437827719169 0.0824356976672512
-0.0315943501360311 -0.0273821025178622 0.157095162295785 -0.457669529992655
-0.0405957743407064 0.0149215975527685 -0.463038384806851 -0.689093479526023
-0.00119769912500327 0.00675853012541242 -0.830342318892675 0.0833282729188875
-0.0155369026328591 -0.00944696988105955 -0.172334776805254 0.64718285282656
-0.0364471767882478 -0.0219965204381881 0.334048709016593 0.333427112741697
-0.0223058502024434 -0.0114304630357617 0.301892339876175 -0.024784164516746
0.00458259550187046 0.000598444171825233 0.0301199264304777 -0.187016224707323
-0.000223204304952178 0.00090672861529448 -0.0294809794862748 0.127432198218766
-0.0305624137041776 0.00454368570621971 -0.208713198145355 0.00707674777428611
-0.0423127646182736 -0.0383040661914389 -0.260283432383139 -0.286219270361216
-0.0150823884186949 -0.0398712893149042 0.164864380340166 -0.551991970686126
-0.0132857290499671 -0.0219509504461032 0.706794097485966 -0.108779450078662
-0.0227885679963222 -0.000720261806355984 0.500442535924161 0.589593967537272
-0.0296902722972889 -0.0163815500457318 -0.0950152665050324 0.55876173581573
-0.0140369754977647 -0.0352937965816223 0.0397554202875702 0.0656315553532232
-0.0343331927699841 -0.0268836418149611 0.110782471214103 -0.478370596665885
-0.0404768005015014 0.0152667464413117 -0.548220698111325 -0.612788324519827
-0.00140486468039381 0.00399516328152109 -0.794995423506514 0.203109620744546
-0.0136549158694229 -0.00523875528369952 -0.0735832685500895 0.661285022772436
-0.0354838098302033 -0.0149831629366178 0.372196645149502 0.292892251633113
-0.0202584555255539 -0.00800180296100534 0.300428929069774 -0.0532865864122311
0.00496664284541937 0.000628534524719521 0.0294264894759345 -0.198056447904947
0.000140477286744472 0.000201347727315205 -0.0281647759512027 0.120727904864886
-0.0272028552175621 0.00559763869418067 -0.203728362438533 -0.0114182849153862
-0.0346296474151535 -0.0341110220042693 -0.222497791045379 -0.314482184313202
-0.00647179020062973 -0.0382796023049934 0.241495143632742 -0.531192356647087
-0.00933440800029542 -0.0237538101469946 0.726603352059321 -0.00805852646102763
-0.0217718388507211 -0.00392822525662507 0.420867449783519 0.659377788720613
-0.0248128514712691 -0.0153937730411527 -0.145395692239249 0.546706377255549
-0.0146676991455506 -0.0310118173290004 0.0412496186176442 0.0497340254320083
-0.0344068878839172 -0.021337515441203 0.0647513337379333 -0.491840668134513
-0.0356903873027881 0.0148017943973213 -0.614029663296758 -0.535846017299619
0.000488047410063645 0.00115209949984661 -0.748445430053407 0.305016643924264
-0.00835490746330661 -0.000613581189163902 0.0170603083624546 0.661669264544317
-0.0294479126280874 -0.00545657998761142 0.404302199197809 0.250218828624671
-0.0145407832434749 -0.00396671770312566 0.295899501021116 -0.0783631855125985
0.00543808183998333 0.000457865442326705 0.0282821296264265 -0.208755017358079
0.00131732236761506 0.000429800018226794 -0.0269261499386448 0.113843540575297
-0.0194777922057083 0.0102583007771965 -0.198540169435162 -0.0235071956497249
-0.0271742511857256 -0.0250474483329975 -0.190836914683635 -0.334653094852909
-0.000355042601239059 -0.0314219472245302 0.299402840833703 -0.505753844386495
-0.00388649145236585 -0.0248115669982476 0.733832023888462 0.0716822494530615
-0.0167844857619266 -0.00282149005558578 0.354962849261885 0.706268343384393
-0.0198308322407666 -0.00966822276344003 -0.183305376431443 0.534001445862131
-0.0159620632649502 -0.0213305721324894 0.0428976433751385 0.0365414180176783
-0.0286559018733871 -0.0130755320599056 0.0315361079960785 -0.499663050560101
-0.0273335052226692 0.0144138528124616 -0.657369204008689 -0.473206448035148
0.00202578224284917 -0.000808236894511028 -0.709089925131478 0.373368169572503
-0.00137664195787994 0.00768994538783824 0.0851853489854762 0.651285698430873
-0.0198110434449294 0.00706260724678839 0.423092695577015 0.218126384577342
-0.00576967632417362 0.0022041175192954 0.29119642773805 -0.0964658247139568
0.00761459190895951 -4.4200074151006E-05 0.0263631872552472 -0.215556230971087
0.00398314919935443 0.00142504850298756 -0.0276187073149961 0.112011625468939
-0.0104078471814381 0.0177706593791646 -0.195932165799717 -0.0295873559148607
-0.0198902978928192 -0.0115248534550193 -0.173411981611278 -0.343337322354061
0.00217779044642419 -0.0231434364800933 0.329403843765463 -0.494875169440809
0.000496185250059355 -0.025935200944806 0.733421730016684 0.112946644844306
-0.00827977780153491 0.000653699652244447 0.318993390824779 0.723631636539884
-0.0166503398401015 0.00138735995765893 -0.200697142160343 0.526105624468801
-0.0170374386340417 -0.00866729391155278 0.0439708874998525 0.0280758330239287
-0.0198675737252078 -0.00259725024448069 0.0106123122794934 -0.504058008760378
-0.0193561065217328 0.0122378977181927 -0.676541474834776 -0.443962054567506
0.00413412006865763 -0.00137291826212179 -0.684534446047223 0.405170131732863
0.0077020153006923 0.01669596846325 0.118784598124344 0.644522179766611
-0.00712877779924487 0.0189856705551651 0.430562103086256 0.202631317137557
0.00495342140980257 0.00554215339028186 0.286222195329158 -0.104081428214331
0.00924531855218516 -3.94003395679E-05 0.0256976821049773 -0.219113965642137
0.00585966554160604 0.00368942929527449 -0.028102101722174 0.113158115566704
-0.00149430272468009 0.0253845093087668 -0.19526161974994 -0.0301487977441439
-0.0137643343591057 0.00298991433782583 -0.172390447866611 -0.344021789266578
0.00277390603238355 -0.0145431946629573 0.328166313104473 -0.498052053209158
0.00332819559039421 -0.02542509651328 0.734524872354719 0.106265822997083
0.002436957146665 0.00574880909397176 0.323997400888622 0.717942378119853
-0.014522373029247 0.015844731564266 -0.197334951080132 0.524580550025921
-0.0183304024514067 0.0076773603991781 0.0440401052881614 0.0270474326003383
-0.00997713973383828 0.00891602805610739 0.010758500899253 -0.506656255752184
-0.00800981366920132 0.0097936955970786 -0.678980101611803 -0.448077328271439
0.00686371688938371 -0.00123429134836399 -0.686880151054053 0.396939121069182
0.015370970349513 0.024773649102955 0.115954933227485 0.644261001958728
0.00501942372724567 0.0292252410676167 0.431097975880741 0.206199848648473
0.0147595851401183 0.0103634619750145 0.285769789607202 -0.0996265185917829
0.0130570232889043 -9.16577972134031E-05 0.0243957061423809 -0.216199340902628
0.00798495020684557 0.00488348431936151 -0.0317051150724319 0.116961343901558
0.00767660982124735 0.0319044570357599 -0.197489706618175 -0.023533908166374
-0.00841794501433735 0.0156397158593166 -0.1904921391975 -0.336826245923786
0.00133267474756432 -0.00550812546827715 0.295523728527282 -0.519705067082449
0.00486881512190751 -0.0246570517529777 0.737774083148144 0.0513429518469122
0.0123835954768833 0.00979954196957116 0.36535315553565 0.688644797510191
-0.0107471632520395 0.0300012817844866 -0.175018733265045 0.530857158768916
-0.020386621605872 0.0225484174339179 0.0422800560755665 0.0312331358542296
-0.00227578629123426 0.0196649573087411 0.0319678715880755 -0.503760849110005
0.000857828166942281 0.0103426563252291 -0.655868696327397 -0.488136622985119
0.00864189158403241 -0.000936012291887714 -0.714875753014291 0.355413823033125
0.0192504163445809 0.0324568707051145 0.078443164456896 0.648738534380032
0.0151182963983699 0.0401275276932463 0.418421702366434 0.229350141390404
0.0250740187931553 0.0148857810310996 0.287748352450029 -0.0863736407162872
0.0158469363851614 0.00027936106078473 0.0248738295061689 -0.2091263486979
0.00104178220196626 0.00221610929125607 -0.0369806547147707 0.150995497969849
-0.0258443577166785 0.0068675147257142 -0.21297140700616 0.0480294596822246
-0.0476158920470568 -0.0295093617396887 -0.329315935372433 -0.219000718163058
-0.0278000963022744 -0.0328780440693101 0.00250838588332289 -0.574490034531104
-0.0183156969211671 -0.017706798244171 0.633784019730697 -0.306744413232468
-0.0137164783459498 0.00618538368425049 0.631489424302333 0.430232832324013
-0.0306874728007438 -0.000954397077033695 0.00916381602532366 0.570347918680607
-0.0146825105217184 -0.0268185612268884 0.0347655268280771 0.0981070975364671
-0.02703984099557 -0.022744784079934 0.205385129912165 -0.438521264851251
-0.0387862621844772 0.0161860595236203 -0.374908484914694 -0.76418817075959
-0.00199849268075587 0.00799603370989377 -0.859648740962054 -0.0431183061161421
-0.0146075230715252 -0.00904692179360103 -0.271305500911576 0.626423988000837
-0.0341085353281635 -0.0220808888055041 0.291688522474456 0.376627923706381
-0.0192631358411017 -0.0111191461200218 0.303220522328817 0.00239028322952599
0.00663064759290436 0.000487966753271643 0.034074579657201 -0.179531916278534
-0.000899409963202633 0.00145634176889983 -0.0343199792966142 0.141419535271857
-0.0305706192933162 0.00506695815375344 -0.213052091654947 0.0272203003634163
-0.0477891985037884 -0.0357693682306652 -0.300198248692914 -0.255294204824268
-0.0214729433089871 -0.0386049535288141 0.0822163887261135 -0.571727784410997
-0.0157123998257716 -0.0196411380671659 0.68117069499998 -0.215607125666341
-0.0201226295723923 0.00371683670641872 0.57484908159039 0.516208427852969
-0.0314080660226444 -0.0109828665057534 -0.0428561628614352 0.568645765439348
-0.0137176898058269 -0.0332074142930813 0.0374080996733218 0.083595823172587
-0.0318365501456354 -0.0277755413401688 0.16141214108238 -0.461462891236683
-0.0412738896621613 0.015820475572169 -0.46759289320295 -0.700924580319231
-0.00192766678221561 0.00641699095162559 -0.842731754522426 0.0818809056547151
-0.0142626119819598 -0.00968198219513052 -0.176547937639319 0.654792042003396
-0.036643079559202 -0.0219480841570232 0.335233429645774 0.339226740942266
-0.0221676454436825 -0.011740422831053 0.306093115069363 -0.0247694005461391
0.00512265781083329 0.000316325776667636 0.0330290403147749 -0.190308982547481
-0.000615548682440233 0.000281330855236968 -0.0308381179711306 0.129784770939757
-0.0303445219114362 0.00409330018633554 -0.210866690590566 0.00608344046838505
-0.0425544610979398 -0.0376880460492819 -0.263460510709012 -0.291516311325783
-0.0141262478915686 -0.040379086811408 0.167008933322891 -0.561187287531423
-0.0126325305898977 -0.022674641589085 0.716034727110048 -0.109456106818625
-0.02364203680062 0.000112534205931927 0.500206700155344 0.598796097329773
-0.0288917479671362 -0.0158597722400833 -0.0983581017993212 0.563587595251402
-0.0136621370638587 -0.0363053828499438 0.0396966515383489 0.0666296317345206
-0.035403658148501 -0.0272080415602667 0.1158610467047 -0.481319983348094
-0.0405037122722002 0.015629216843315 -0.551853731434703 -0.623562625029584
-0.00091989956225429 0.00407037466738855 -0.808427794469042 0.203843892568853
-0.0132623136054546 -0.00661501256926436 -0.0776699605889535 0.668906122634788
-0.0354867378766152 -0.0150296786843371 0.37669591357228 0.296790658166337
-0.0207690603578661 -0.00836096341932452 0.305481469071272 -0.053976974251548
0.00530063759060346 0.00039655261853779 0.0318422622499515 -0.201787269215166
0.000101907042075806 -0.00037844380963297 -0.0289828808962338 0.122622045766183
-0.026737204297168 0.00572078021905541 -0.206923676891688 -0.0114361443998073
-0.0352212052414877 -0.0342296698970743 -0.224599888990981 -0.320645640057787
-0.00644479029932081 -0.0379852654261135 0.245742630010652 -0.537643684295516
-0.00864574770357995 -0.0243605914462177 0.737057528655099 -0.00329509034223548
-0.022571021489444 -0.00253515036059174 0.424035968016968 0.667714910457925
-0.0247040540129219 -0.0163466245424006 -0.150289241261712 0.551982990489767
-0.0139368221154349 -0.0316061577037582 0.0419438743272493 0.0507209502485566
-0.0337514238838978 -0.0208100637349273 0.069720917196056 -0.496658060679069
-0.0363849823516278 0.01571604490607 -0.620863398565556 -0.546397886251027
-2.94834494209296E-05 0.00134373111335643 -0.760294351357353 0.305196046483456
-0.00808959856792815 -0.000759130113554739 0.0155062527668712 0.66961098527958
-0.0299588947052794 -0.00413956199247837 0.408010456481034 0.254920953193217
-0.0150730638198555 -0.00394871044740163 0.300780774880545 -0.0782802609271618
0.00587970957004272 0.000909194498304351 0.0303710839615446 -0.211608839878314
0.00162354698561911 -0.000382910119438649 -0.0293443444083867 0.11698367601809
-0.0206457155107241 0.0112537316626406 -0.201728870850772 -0.0242998824908994
-0.0277728221092324 -0.0252633463488198 -0.1920706350711 -0.340850439571085
7.49387313653408E-05 -0.0319909107977895 0.30524695689735 -0.511545622710803
-0.00351202745987604 -0.0251356553427766 0.741696690426657 0.0761857198462202
-0.0179691266710198 -0.0026252271235425 0.356642860045686 0.714302955484728
-0.0201021003753469 -0.01065993463669 -0.188136191264988 0.538530200124068
-0.0154372747157924 -0.0221584677023526 0.0443955593732806 0.0371235843406038
-0.0277521216921382 -0.0129219707603485 0.0341700680738713 -0.504839713047651
-0.0288973810095383 0.014495683827719 -0.665493994980719 -0.482333447702361
0.00179639014487085 -0.000732478016601424 -0.716961905307821 0.374249785742385
-0.000889292164236565 0.00776637071963104 0.0837300168043167 0.660362672475033
-0.0195150696861403 0.00720960297210637 0.428357893671043 0.222972346159497
-0.00694067974818375 0.00118551157997586 0.295657493334446 -0.097211457753185
0.00776819340475688 0.00014723484337836 0.0283108481155275 -0.218922116562245
0.00370586279328617 0.00103194647114487 -0.0288317061964942 0.114346803567422
-0.0109486386681886 0.0175626091979747 -0.197849540480433 -0.0308515149459036
-0.0205308093905781 -0.0112133110616259 -0.174496585231024 -0.350052497309995
0.00251130177034237 -0.0241172185473521 0.334658976026291 -0.500830478135435
0.000849631199539709 -0.0260688870404881 0.742406007874354 0.118208063382145
-0.00878978949646129 0.00060502620558925 0.319960191646761 0.733417132475254
-0.0167950818982254 0.00172672850263528 -0.20528207142595 0.530418821677988
-0.0165623948866255 -0.00824097346174436 0.0447746919207671 0.0282366041359141
-0.0207459473136365 -0.00238860443222064 0.0133770371915568 -0.509812765804683
-0.0189917549987228 0.0128600428412579 -0.685125519778456 -0.451477907150867
0.00479413155419147 -0.00151658403689813 -0.694503884871006 0.407276014354294
0.00732653708354524 0.0159466617357235 0.118502631985411 0.652213471276331
-0.00672680397101153 0.0192616284560817 0.435827359831885 0.205536608737659
0.004749958596855 0.00674685633512522 0.291619836276978 -0.104444389764286
0.0100064044603836 -3.67291064151849E-06 0.0266739983986015 -0.221408202978658
0.00644003170401527 0.0033696232463082 -0.030043608008842 0.114323977426354
-0.00101543768506271 0.0254999477834853 -0.197795638424899 -0.0315052876470161
-0.0144773913625613 0.00355157494542339 -0.173046847068341 -0.352112720163447
0.00274864231679003 -0.014957054888154 0.33515881462479 -0.504688262902464
0.0037778074661281 -0.0259840000029862 0.744068508768524 0.11093806062477
0.00187233576170186 0.00611970149746455 0.323326202438477 0.728096833379407
-0.0147384485821328 0.0152350853256845 -0.20401476562602 0.529587301200629
-0.0187259331673373 0.00727572093724479 0.0442895467307086 0.026054869069366
-0.0105206692673805 0.00856754671904298 0.0136886872195238 -0.511102815123376
-0.00819220753480849 0.0103104905786614 -0.683913970718214 -0.456667762147389
0.00594674073745976 -0.0017095229747433 -0.696969566053576 0.39994412883751
0.0158592219033439 0.0245822792261748 0.116506478891828 0.65189371500884
0.00531019477824575 0.0303941234705647 0.436252264586436 0.209761656618241
0.0157589421972936 0.011026867007352 0.291455002392343 -0.101039758870875
0.0128571521590278 -0.000227551234720694 0.0258129747801109 -0.219689583011527
0.00823881223628715 0.00527745801380955 -0.0339577004986095 0.119118708424584
0.00761915087418288 0.032633092992636 -0.200224802725222 -0.024057171591036
-0.0097478417817549 0.0161229670355653 -0.191353180854589 -0.341709551013081
0.00205243540041943 -0.00621495020204825 0.300334142600495 -0.524373886119747
0.00556810310935514 -0.0247956473933491 0.74609751570466 0.055439502140455
0.0128461095022668 0.011212377317686 0.368341726602213 0.698905883218896
-0.0104099494653172 0.0296514533886403 -0.17782126703308 0.536047399661113
-0.0202677333997577 0.0221593870861558 0.0438084176402117 0.0323469469504402
-0.00236508930295901 0.0199233331754888 0.0341543434552709 -0.508406867714721
0.00159318712366243 0.0109553280520491 -0.660547250365829 -0.496856769155844
0.00713647808477327 -0.00128483391211806 -0.726691599483565 0.357131261069105
0.019974559400563 0.0334134370632734 0.0746972618623049 0.65671728688351
0.0151388400852348 0.0409151749950412 0.424845239925729 0.233248900846422
0.0249483524164722 0.0150514357481827 0.293557848496636 -0.0859153112910725
0.0159999820527594 8.59135226884428E-05 0.0272746207223378 -0.2120223270204
0.00068196227425119 0.0017579652440304 -0.0385895068542668 0.153402541808354
-0.0258779481688536 0.00719269739826142 -0.217506164332761 0.0472300977487787
-0.047635945060572 -0.0297224601762817 -0.334293835104216 -0.223633712304728
-0.0270235000444781 -0.0333276610846374 0.00299293824158266 -0.585035191281573
-0.0182775213417776 -0.0180967469465695 0.642303831119421 -0.30816101617331
-0.0137667100969835 0.0069555774166804 0.637320874861172 0.435551742358369
-0.0304468144944803 -0.00152670248426005 0.0072793069694268 0.576944222340375
-0.0147460652802412 -0.027484443969453 0.0363923991336495 0.0998774789710379
-0.0266389776360825 -0.0234864467822679 0.209811928349422 -0.442519567918918
-0.0391252671760038 0.0168294051948221 -0.376303617227171 -0.7737113959762
-0.00148061414917421 0.00817733291387435 -0.871373342107995 -0.0471860124829007
-0.0148494513156361 -0.00747472385882386 -0.276247783886094 0.633501723590632
-0.0339063657342054 -0.0226744191014761 0.295148082030939 0.381389309789407
-0.01954212550637 -0.0109867654842674 0.308672859212001 0.00207468808872709
0.00701061411074145 0.000932760326853864 0.0347183519226021 -0.182806028236539
-0.00141845839631751 0.00117801659818114 -0.0367744299446899 0.142712405309375
-0.0305747725900043 0.00476899245078316 -0.217634253124071 0.0275494565014602
-0.0488482169283279 -0.0358055717057741 -0.30442177530462 -0.260356017331524
-0.022669611289747 -0.0389693367516046 0.0838093170210469 -0.580782948032575
-0.0157850139321426 -0.0200537365493757 0.689261001150483 -0.215961259689072
-0.0206824640437484 0.00441141860673189 0.582203044011976 0.522956233512164
-0.0316164650100886 -0.0111825731062313 -0.0459525300441813 0.57663641495411
-0.0141404163844517 -0.0343344359324236 0.0381497849413382 0.0853243800936336
-0.0319622321672454 -0.0277852182967379 0.167480517478931 -0.465821715377177
-0.0423879378045555 0.0164956595383855 -0.47224101719672 -0.708614874360336
-0.00189555636719587 0.00556380632706226 -0.85353416226789 0.0795723223220467
-0.0144093513019589 -0.0102969203562612 -0.180589428816095 0.661515371415585
-0.0368335697932659 -0.0217533027275597 0.340922434775277 0.345117547569167
-0.0226292225991667 -0.0117733730444536 0.311547402598967 -0.0250790108008339
0.00558552168627973 0.000679152040327684 0.034286051658468 -0.19347430664308
-0.00100860208204277 -0.000580062199477962 -0.0330396225268225 0.131905974827108
-0.0313774763101351 0.00339389269523086 -0.214167829686928 0.00603680478009338
-0.0442270898498398 -0.0378399505178598 -0.266491177582019 -0.295736652855354
-0.0146702252072441 -0.0415834350253021 0.169439054192238 -0.568686748930026
-0.0132758674875742 -0.0226656914099679 0.726207596129876 -0.107742212499827
-0.0247346839303606 0.000523259022879554 0.508512623222014 0.607542394522256
-0.0289575006580662 -0.0164014053181151 -0.102125558789212 0.569701827303197
-0.0139090987604217 -0.0361024140091376 0.0408496120511555 0.068171397384493
-0.0344862479505954 -0.0267178086909837 0.118070169779598 -0.48631785153432
-0.0416766170697494 0.0158894399168957 -0.559172945416753 -0.631671046025998
-0.000857743463647028 0.00345888076726301 -0.819345614745073 0.205212061277553
-0.0133853543447043 -0.00718371821974048 -0.0789092260807152 0.676638277693624
-0.0361323274529201 -0.015506694597773 0.380330455929143 0.301486409374043
-0.0211716763391309 -0.00930269100928512 0.310226109340107 -0.0535174192086334
0.00500453861818254 0.00122493847712852 0.032688493889726 -0.204330263039006
-0.000275037419403856 -0.000723182873925213 -0.0309992525564076 0.124404000212382
-0.0272578987711162 0.00638392767402675 -0.208777759619164 -0.0123590854166575
-0.0368870990112501 -0.0343125554103076 -0.227062489742016 -0.325548122021265
-0.00666040018320469 -0.0386062456367261 0.250799234265516 -0.54515885341236
-0.00927697433084292 -0.0235713569446253 0.747376675008737 -0.00233437159168559
-0.0229687571600427 -0.00178438853807306 0.426292213437369 0.677332067716682
-0.0244558670448737 -0.0168724438007319 -0.153702010011101 0.557645749197473
-0.0133122825921632 -0.0319383874404767 0.0430078443680768 0.0512964941362988
-0.0333325647718673 -0.0218676047903371 0.0731778947643561 -0.499907392439424
-0.0367416226998567 0.0169196817130006 -0.627395189574101 -0.553387230865785
0.000229263256524745 0.000165630910681387 -0.771617153106814 0.306557873526277
-0.00904989178326077 -0.00087066369457852 0.0148815176317525 0.677568985760452
-0.0296898520303159 -0.00538679006709204 0.413203228355831 0.258276152205105
-0.0154658523857955 -0.0036187419561599 0.305662880154973 -0.0798329133738871
0.00642185642965424 0.000873300786092315 0.0308269738653561 -0.214935133916713
0.00134379589692013 0.000191717274552609 -0.0294313702757746 0.118043162247235
-0.0199088555437643 0.0112077414342428 -0.203547365666639 -0.0244199580613918
-0.0280630951778613 -0.0247509017676427 -0.19375378053476 -0.346888976079935
-2.72134903988139E-05 -0.0332341386265216 0.309272580727647 -0.520771401929
-0.00375825146582751 -0.0255108844610041 0.750727285084939 0.0791584325613374
-0.0175987145868452 -0.00173681555717127 0.359023179400271 0.723496579882863
-0.0202704464912535 -0.0111046694658376 -0.192456836465399 0.544636211198485
-0.0148901103768383 -0.0230242745891793 0.0444025384148675 0.0380758337760726
-0.0289189944838184 -0.0138871241468837 0.0376420384799707 -0.51211862611382
-0.0296355215753765 0.0145471603650037 -0.671121898532521 -0.490240673049296
0.00260950573390195 -0.00118380008713199 -0.72833173738241 0.377754099493219
-0.000293053716868242 0.00779355028472414 0.0845413119018811 0.668297636953637
-0.0204266988956266 0.00743023720163193 0.434064318711623 0.225955809958466
-0.00667228295156758 0.00125416062080267 0.300613765819078 -0.0979577673844884
0.00797804961384643 0.000508174638708886 0.0296516295632427 -0.223548304876079
0.00335534133639107 0.00100777273490505 -0.0298224027514732 0.116515050267582
-0.0110585006794477 0.0180256951202933 -0.201013189920089 -0.0309800850566223
-0.0207620808429673 -0.0117029994555002 -0.174815915382131 -0.355865500744744
0.00289841436139798 -0.0249929008342216 0.340950739006518 -0.505508917744898
0.000439227485217032 -0.0263239278189375 0.752901260607975 0.120343194233706
-0.00848914336866857 0.00135188589048909 0.322785467213482 0.7430160397899
-0.0170454803114193 0.00100968251874622 -0.208771369557768 0.535528389813858
-0.0170417328206303 -0.00879270004748244 0.0457864563976781 0.0294797952333682
-0.0203919858270301 -0.00330054845318765 0.0169192220060185 -0.514347117544402
-0.0190466305219655 0.0128318966776883 -0.694185014010484 -0.458897288089887
0.00455203891761664 -0.00163292744427022 -0.704343173404318 0.41171648403934
0.00877603247197838 0.0167771670628588 0.118402621908574 0.661684840907574
-0.00666751490172619 0.0206487912376585 0.44201391351969 0.208459317863524
0.00417181276161781 0.00648267227447018 0.295844408981906 -0.106735608273271
0.0096884707439419 -0.000604838602552189 0.0278339130004243 -0.224864681548615
0.00550773608233332 0.00301180013394817 -0.0320554418812002 0.115912119108327
-0.00151036748611915 0.0264414083211534 -0.199584738149685 -0.0313276954950099
-0.015027826137214 0.00347485457561114 -0.174817482161161 -0.357254319600506
0.00256121585401285 -0.0157064869913638 0.338738093035668 -0.51013053124667
0.00387395154130764 -0.0260113953620496 0.754698989814735 0.11283768744187
0.00210620139985306 0.00692373215196838 0.327320637713519 0.737420763759035
-0.0145082628375963 0.015413040043738 -0.20621825983033 0.53513467344064
-0.0189350076831505 0.00752508985462436 0.0447302899605926 0.027541755775133
-0.00987309394160881 0.00937775492344776 0.0168756788191284 -0.51688786061251
-0.00800429710615617 0.0113514857061107 -0.69224594103567 -0.464341181286845
0.0067060317378211 -0.00233248932548546 -0.708182225075084 0.404025252500417
0.0162510065250444 0.0252386468206182 0.116143672488922 0.659338738259674
0.00567314230883211 0.032172749653514 0.442256152895906 0.213722506230966
0.015242377791859 0.0106212789292036 0.295115573708091 -0.102519171749814
0.012867307619813 -0.00129863118296154 0.0279357541267866 -0.222289846848677
0.00683027376177692 0.00521557436515814 -0.0341462280257593 0.121336342662741
0.0073939015663043 0.032846269166685 -0.202435217074933 -0.0247528185696148
-0.00966818461741447 0.0170973138637788 -0.193890891238891 -0.348014408066095
0.000892532215278213 -0.00629652795130998 0.305469625101645 -0.531865494693096
0.0054771331793717 -0.025268839359443 0.75626971405441 0.0576649004555711
0.0125956281015201 0.0108060208471149 0.370831396699276 0.710446802756707
-0.00988678306300897 0.0304268546164068 -0.181689700981808 0.541732391838828
-0.0204277682370134 0.0228346381196419 0.0440148325718913 0.0325711287065839
-0.00242634763177146 0.0195443186365174 0.0371002984630686 -0.513886110377827
0.00151201280391448 0.011524783051261 -0.671064534517171 -0.504419429986013
0.00758011436995001 -0.00151678220686083 -0.73793390033902 0.360483881571288
0.0198577298683118 0.0331907499362173 0.0771037489609172 0.663665465467536
0.01539819157239 0.0414097312435173 0.430058432487957 0.237586197520639
0.024900381950693 0.0149361012511223 0.297139254933045 -0.0884180655393592
0.0155024459681859 0.000127009745385782 0.0284072977460217 -0.215938420665837
0.000104648609607708 0.0019702256620901 -0.0402910701896387 0.156047575031177
-0.026488250858509 0.0070329390720843 -0.220645203848135 0.0500441551277089
-0.0496509704477315 -0.0291108680447276 -0.340259051719629 -0.227123300732671
-0.0288472759236172 -0.0343229735374434 0.00090997858590145 -0.593525724977241
-0.0186129821294652 -0.0181409361056599 0.650985095240377 -0.313938090636502
-0.0142323841210423 0.006954637456422 0.645780253558746 0.440151750112595
-0.0306713419882274 -0.00162617086389639 0.00750167046982433 0.583786510644012
-0.0154217593606856 -0.0275982331474908 0.0364555234405814 0.101175258508175
-0.0263514895088351 -0.0231958771624314 0.214104248581377 -0.448647169671412
-0.0398633573693684 0.0169628294440906 -0.382559141778056 -0.784814589409634
-0.00243269417665478 0.00860757426059681 -0.883575782185815 -0.0440916469581398
-0.0147683572262297 -0.00825560162446448 -0.279385604127265 0.643946786662695
-0.0351856828661491 -0.0223648969517868 0.300538029181684 0.386381640132133
-0.0190576329375163 -0.012101348111007 0.313920514314212 0.00127687451912135
0.00679640402781427 0.00076775077581837 0.036742703910078 -0.186130149147724
-0.0002721508868661 0.000604598284988098 -0.036490328860366 0.144829596738061
-0.0307847734134312 0.0049824912172315 -0.220581382610337 0.0274838336121645
-0.0498559785450122 -0.0362241780504383 -0.309342488010318 -0.264701384796252
-0.0225762397205392 -0.0393346315203646 0.0833066904016888 -0.591059723998562
-0.0158890112153261 -0.0196846027155148 0.698907953617805 -0.217230942839968
-0.021243365574161 0.00445176124999969 0.591338445858269 0.529009301113134
-0.0318328538159058 -0.0108565523872202 -0.0456586687202358 0.583532042528074
-0.0140683499435772 -0.0344730184005437 0.0388483584579794 0.0855898712030298
-0.0313278949699251 -0.0283530842753537 0.168482145703289 -0.471209954191957
-0.0430171693798455 0.0174318991925314 -0.478692220198366 -0.71966091737949
-0.001351778804151 0.00599054943963475 -0.866960373794025 0.0825181330136044
-0.0158634121977126 -0.0102019515388581 -0.181621112121927 0.672893056029174
-0.0374659170933988 -0.0219156263889151 0.347071258423671 0.349398913525467
-0.0222414717088068 -0.011356511926832 0.315947926919059 -0.0268203991688606
0.00548032904782674 0.000100760504758182 0.0362312373219737 -0.19677566601162
-0.00052688024473876 -0.00107090430475708 -0.0338078340486906 0.133768623382749
-0.0309195666661651 0.00458751885902082 -0.217451781566465 0.00749108475678472
-0.0460428896109445 -0.0382588645221383 -0.271074662222867 -0.301122858584486
-0.0148907603147194 -0.0419114376560961 0.170853660445011 -0.577259369189626
-0.0130342243119323 -0.0218593859329872 0.736374648013241 -0.108986653417249
-0.0242116185998942 0.00118929391611718 0.513963691154067 0.616037647049186
-0.0303156183255297 -0.0164507254701763 -0.103082236895933 0.577061706265575
-0.0134524817943344 -0.0362624708940042 0.0414290173040223 0.0686911312925538
-0.0349985957390536 -0.0279693984234841 0.119408592904257 -0.494533617173663
-0.0423391360764527 0.016513188866483 -0.567278443489713 -0.639628737520843
-0.00148262277583343 0.00388437870756166 -0.830709244899156 0.207237905720568
-0.0132763006865864 -0.00668653597841752 -0.0770595548342501 0.687917253079616
-0.0367549018536005 -0.0158100798279214 0.387102357268301 0.306145320318101
-0.0210304065197992 -0.0085228913539778 0.315632084686595 -0.0554931741624794
0.00529714558930846 -0.000268343239331507 0.0338925164085432 -0.208915085590535
-0.000774592092301614 -0.00168351076937402 -0.0310645892589847 0.126074766424098
-0.0277752806347929 0.00632258610502555 -0.212141411188084 -0.0109685560415145
-0.0370993406703168 -0.0348890437765507 -0.231125419740499 -0.331449385158148
-0.00677015142698098 -0.039897462295962 0.251733803397572 -0.554382521883282
-0.00880613707211963 -0.0244360480131207 0.757196939515423 -0.00209473438068078
-0.0228068961298762 -0.0014725166203335 0.432704739864287 0.686339071084955
-0.0253725205814724 -0.01739173547588 -0.15518565174832 0.56617819419521
-0.0140510593596561 -0.032353628256188 0.0440298576066945 0.0525457013578324
-0.0347109605251258 -0.0223666100398261 0.0744767685948307 -0.508102255181756
-0.0370590574875507 0.0166465967816298 -0.636680067218466 -0.561821587473872
2.34717075022484E-05 0.000785090138509422 -0.78345777200555 0.31416943404841
-0.00819585672865017 -0.000347330264929679 0.01628513541055 0.688546317997223
-0.0301014280488586 -0.00468442339366139 0.420099566943866 0.262463031570191
-0.0157536934678496 -0.00380427609451845 0.311669955260537 -0.0837456118813615
0.00592922412834241 0.000793228281867359 0.0325969072518308 -0.218726245818449
0.000633985751314673 -0.00136261823984725 -0.0308663109195994 0.121438394572717
-0.0200118130185705 0.0114191595816046 -0.206655377735579 -0.024717439273375
-0.0294387462619747 -0.0244530490552433 -0.19759024990147 -0.352730380540334
-0.000287036946109688 -0.0339289202666654 0.31249358661539 -0.529515565594214
-0.0038245273328741 -0.0259656866095252 0.763614415791738 0.0784974379004718
-0.0180701523130157 -0.00184082397782109 0.364104294887236 0.733849090177723
-0.0204096624864745 -0.0106304292360169 -0.194419663458254 0.551955231915234
-0.0157825957927367 -0.0220474013058333 0.0455554328039599 0.0375925918639065
-0.0289782436520824 -0.0125353069076088 0.0367181807417885 -0.516693889086436
-0.0286863696311133 0.0155723606095893 -0.681800366564706 -0.497404627909856
0.00172301496456586 -0.00114862090805399 -0.738844134395045 0.384677934658186
-0.000462589188841463 0.0074544942441814 0.0880976363118354 0.679669350282671
-0.0197349476295103 0.00866394406409106 0.441608035132645 0.22944584178342
-0.0068925634624251 0.00132686485856545 0.305581044665704 -0.101858680162929
0.008458735563968 4.87527960988509E-05 0.0306522267655302 -0.226497193051123
0.0030612630894142 0.000968063030100112 -0.0307774492271223 0.119108082919725
-0.0106834682151563 0.0180660947793221 -0.20353589170556 -0.0317343717826481
-0.0216990949511088 -0.0110033021246852 -0.179685358077996 -0.362782989701911
0.00245020668566226 -0.025555242517631 0.344588576325341 -0.514760823184446
0.000579048886140316 -0.0269826922863267 0.764969493458955 0.121927449895819
-0.00882169321300986 0.00195460520840002 0.328159601193493 0.753232710278391
-0.0170447178996162 0.00130039218690478 -0.213170675245505 0.5440778517266
-0.0167178506465933 -0.00879546342427921 0.0462428875932533 0.0298519372929348
-0.0199933327690165 -0.00375734547052011 0.0164934974506384 -0.523017130905272
-0.0191205930967735 0.0131792451427275 -0.703061266676928 -0.464748978539528
0.00356702367116871 -0.00113442620028659 -0.714245040389302 0.418555689436403
0.00814300987953836 0.0163624602598242 0.122159195520184 0.671751190296283
-0.00676571561793677 0.0204228138103696 0.450498018847832 0.211498777517827
0.00416503424908679 0.00732794250592408 0.301178031991489 -0.109451898281741
0.00986824421756393 -7.78433928967509E-05 0.0288118933533959 -0.229504837044709
0.00516661954710959 0.00242619761482554 -0.0329888307977322 0.119507996079216
-0.00170907408180352 0.0268243182260117 -0.203800492280193 -0.0317551152794819
-0.0154565376792633 0.00470688822946591 -0.178265292693253 -0.363154923570965
0.00277974817224512 -0.0160795953751205 0.343027698628773 -0.520378140682941
0.00418354089953591 -0.025735343959582 0.766005081804757 0.115212646121693
0.00177433674533998 0.00692651727317732 0.331027546376341 0.748555023848338
-0.0143507869692831 0.0153003127859217 -0.209234722644086 0.540930410642628
-0.0186847780124933 0.00733210374586853 0.0462504281260575 0.0272976265071031
-0.00940410246248323 0.00849458204330016 0.0158531271282553 -0.524395352360681
-0.00811924892643952 0.0122216068207247 -0.704719400046019 -0.4696258840608
0.00618444363719443 -0.00231285706379583 -0.717043986889217 0.412492489907101
0.0167116651991407 0.0254262352739068 0.119918410687346 0.669539789518831
0.00567292987479087 0.032014263326742 0.448435155464228 0.214441672525327
0.0153539445761597 0.0108091630334039 0.300200384520131 -0.105637877200833
0.0128311121534989 -0.000646668432971802 0.027344314425053 -0.226541517194313
0.00646316053432805 0.0049380514971944 -0.0350883963674446 0.123350243701348
0.00758826529592916 0.0329061578210013 -0.206265563780737 -0.0257232898583803
-0.00983074961366245 0.0182469167994542 -0.197967675168062 -0.355262961211909
0.00134064541961924 -0.00742637366395659 0.30774315293402 -0.539606642995223
0.0054929570212253 -0.0256854696970084 0.768705439359956 0.0589282281992555
0.0131053051712311 0.0115413317542328 0.376525729111496 0.720374664879547
-0.0110995408124057 0.0300986098051455 -0.185302389354024 0.549776790965282
-0.0207760091166046 0.0225109762501217 0.0452476608235468 0.033619684633826
-0.00107938474861669 0.0194785898601601 0.0371753003778624 -0.520005917909452
0.00210309088024044 0.0111356105267785 -0.680560090851675 -0.511428716606148
0.00770577724429974 -0.00127930309960696 -0.749002583585341 0.367697850448546
0.0206487325658041 0.0336395658804384 0.0797209425320956 0.675528899156841
0.0163957912979937 0.0427967630071642 0.437745786946252 0.24111600747547
0.024484708299631 0.0157801045303274 0.302032769568942 -0.0904971666845712
0.0157619514736738 -0.000681698476027056 0.0299249931382481 -0.219741189694242
0.000767663766177226 0.00214271014227345 -0.0407842186390512 0.158442185999254
-0.0264119536244561 0.00774792952415129 -0.224213669391287 0.051178973190225
-0.0500178969794508 -0.0301218311010236 -0.346420063213979 -0.229724260896931
-0.028964135349681 -0.0348039396756052 -0.00284411120833774 -0.604026695795889
-0.0184676608080414 -0.0187357985442967 0.659301289618808 -0.321160867180925
-0.0144028866453345 0.00801931101781742 0.658201454699573 0.445946124898333
-0.0300192262005872 -0.000825360437448203 0.0114348442165019 0.593781856368674
-0.0152389716373229 -0.0284046558042874 0.0375228892765701 0.101847357017986
-0.0280771316232108 -0.0231155506700223 0.215633547026966 -0.455623310141646
-0.0400207739189389 0.0173764367362865 -0.39333408981299 -0.795916290193506
-0.00225600446498921 0.00849995438674646 -0.899041712913164 -0.0408359619957536
-0.0151092856598616 -0.00818257474352924 -0.279874027574324 0.654029632431787
-0.0361832704936192 -0.0225281984163445 0.307420118258723 0.392057691084415
-0.0199863293217902 -0.0115796651427863 0.319452013334556 -0.000538673584713808
0.00760116223578748 -5.29870724261701E-05 0.0371405574610092 -0.190501166348763
-0.00117791436415306 -7.39385879416887E-05 -0.0367155164836102 0.148113196213021
-0.0303709708653573 0.0052674174868619 -0.224194682741927 0.0303625484879476
-0.0509206284579699 -0.0360290711059138 -0.316547627309274 -0.26885339158485
-0.0231683078961309 -0.0413967603426185 0.0811278315693525 -0.603388915100788
-0.0166287722608925 -0.0201473757163219 0.710173995143557 -0.226485277771618
-0.0223438694314977 0.00580699792992483 0.602032971397601 0.536074531801146
-0.0323766064390207 -0.0114846517053473 -0.0439757086198844 0.592378655702099
-0.0140394567375191 -0.0351717729577979 0.0403410612515903 0.0873670994384366
-0.0321135871505842 -0.0282516331971595 0.170765192090767 -0.479224696088167
-0.043598133127099 0.0173856716108232 -0.489620104748411 -0.72745630516494
-0.00212618682784033 0.00620626774297089 -0.881408406137284 0.0882927021361024
-0.0149605026446347 -0.0103197629325277 -0.18100358276108 0.683505177989972
-0.03895028604512 -0.0219706288998112 0.35382319548036 0.353020734091781
-0.0229261911439923 -0.012200332831018 0.321757878329308 -0.0291840703362278
0.00631080073877062 -0.00029537520415168 0.0358604003512796 -0.200635284303892
-0.0016699355398631 -0.00110807949369422 -0.0347028260853145 0.137506835026025
-0.0320528405910165 0.00452715804014019 -0.220362300885323 0.00813993101439246
-0.0459641960381733 -0.0386292017600311 -0.277146180358149 -0.305955165264441
-0.0158005755494763 -0.0425388609768792 0.170583791389628 -0.58927556015318
-0.0129868312766974 -0.0220366226650971 0.749445652140425 -0.115417905517804
-0.0252969307487466 0.00204556856757081 0.524724849404876 0.623992148832554
-0.0296934571883391 -0.016952817480478 -0.100850067146065 0.58723188838395
-0.0141288474404105 -0.0363443132161696 0.0423474934496882 0.0700638247388914
-0.0354206168715046 -0.0275699248637003 0.120286193675676 -0.500308556197812
-0.0428025322215997 0.017760586038259 -0.580405401761852 -0.647114033131502
-0.000974213776926715 0.00302765669566929 -0.843633690969019 0.214977443746541
-0.0134892979621461 -0.00704728908887155 -0.075702368248778 0.698470003660552
-0.0373176011640228 -0.0149791294778223 0.396285465852756 0.308759944084931
-0.0223063345911406 -0.00866749471300195 0.321539301336575 -0.0600122962573485
0.00537375876376671 0.00015671232673202 0.0339481244216927 -0.212626865448183
-0.000446633774558448 -0.00145014686437832 -0.0326989988129997 0.129605923358145
-0.0276192669422907 0.00655450215394871 -0.216248533797748 -0.00947006413922537
-0.0379997147859683 -0.034936201621567 -0.237148523127622 -0.336812726838175
-0.00613130811110419 -0.0411643691212946 0.253789151814291 -0.564965343540455
-0.00846637662390142 -0.0241498969014604 0.769753902233666 -0.00612260787386821
-0.0243976807786614 -0.00066599284022459 0.442036981826945 0.694352728339972
-0.0248534343277379 -0.0174840468868958 -0.155726770315689 0.574341748416159
-0.0142275466784988 -0.0329783701989518 0.0450898132976608 0.0529801876154834
-0.0348851048184238 -0.0228541757012296 0.0741503120771707 -0.51743195875065
-0.0380161858992313 0.0174972310601219 -0.651485981490509 -0.565792513274932
0.000139393181976944 0.000613384914817256 -0.79561661354404 0.320458523633921
-0.00734049729352721 -0.000813318525968755 0.0209275510060371 0.697663864319078
-0.0316088123687993 -0.0039646910622676 0.428175175349298 0.264077115728904
-0.0155182841592489 -0.00395355630292236 0.316438607061625 -0.085506814496751
0.00627337841800194 0.000547213166743396 0.0314423047991889 -0.223881444917637
0.00126021553657632 -0.00100549706441047 -0.0325227740362097 0.123138837853771
-0.0204524378827677 0.0113764476678956 -0.210343983142457 -0.0239671659359581
-0.0296521273455195 -0.0246884852622133 -0.202681872343282 -0.358621948573769
-0.000450926026677752 -0.0346686590275312 0.314636540538034 -0.539542965582713
-0.0037592669170627 -0.0261524869054655 0.776296255113804 0.0779927801312028
-0.0180046610368336 -0.000155041692936016 0.372762067490926 0.742985621741957
-0.0208901502986181 -0.010878503188492 -0.194832815729565 0.560136499918376
-0.0155816883697215 -0.0229070101702402 0.0468362759146659 0.0387222367682111
-0.0297647301765163 -0.0137098558824195 0.0380462411991694 -0.525778310163903
-0.0293712662149206 0.0160065283430178 -0.695751034474614 -0.499487365350108
0.00144347621893255 -0.00106339595572586 -0.750440672028302 0.395637871817066
-0.000709159899452132 0.00759885843995362 0.093401185420813 0.687381777588121
-0.0198824256536447 0.00929698893471487 0.450181835231268 0.229306330321078
-0.00726814211842284 0.000998266831783282 0.310521163095816 -0.105067963566845
0.00812633462565185 -0.000491530288969382 0.0302286832448076 -0.231276976337873
0.00263404057870455 -4.29962096007493E-05 -0.0314867373192496 0.121058764190978
-0.0104003346414971 0.0183138967912502 -0.207166428438685 -0.0305295753846179
-0.0217063358803527 -0.0103683709262882 -0.184015367798468 -0.367965882708308
0.00225590733514987 -0.0261203070040159 0.346278323808359 -0.526156724614282
0.000393238269136526 -0.026289634228162 0.775470188370894 0.120291877731195
-0.00964352344902008 0.00280253031975232 0.33522194086036 0.763123087531662
-0.0173482177427284 0.000927732782885819 -0.21246378633966 0.554174493495936
-0.0166756493109015 -0.00882965537242974 0.0470321109689286 0.0302209824361497
-0.0207005884030078 -0.00312200307456769 0.0163251782985718 -0.52952587852395
-0.0194210925257831 0.0136346836275605 -0.717352316144249 -0.468883497736638
0.00301959227440376 -0.00261626846239329 -0.723674734061309 0.42981652135019
0.00940033671033448 0.0167220541690313 0.127910769326044 0.681307735653203
-0.00738569931673437 0.0215502496084192 0.459091665563342 0.211810080068449
0.00447268198430158 0.00678873044768666 0.306507798489499 -0.113705124506648
0.0104058545790033 -0.000544575459097273 0.028526713799031 -0.234336122807515
0.00450157424472079 0.00184820344545841 -0.0337645115103864 0.121490565679873
-0.000699348249036556 0.0269236517115169 -0.206872507538387 -0.0316808451250872
-0.0160359230283587 0.00440632530015627 -0.183785366882224 -0.368791264107784
0.00218683982907637 -0.0158590321710777 0.344838360181863 -0.528637817582648
0.00428696632186744 -0.0269270851338801 0.779034824342682 0.112985966199887
0.00150712910593431 0.00783750264908879 0.338937350540841 0.758782199253275
-0.0144970835687287 0.0161363426808032 -0.209895219467327 0.551865707391101
-0.018844043420784 0.00808314474119239 0.0481183756301331 0.0279158320899395
-0.0108608055058468 0.00816917054216041 0.0164668874351408 -0.530611446808798
-0.00864750313289394 0.0122180419179861 -0.717767306699791 -0.473026557702607
0.00635227505212269 -0.00131748872919435 -0.727836407294812 0.422456332791418
0.0167276395455644 0.0257399340944557 0.126981518908168 0.678366443918088
0.00567792269693583 0.0323342979980659 0.457941414107797 0.216361942799151
0.0152639711872605 0.0106061446831702 0.305073921526449 -0.110130522296404
0.0128785252798252 -0.000317126049469634 0.0290431139247351 -0.231825653132701
0.00736542519067598 0.00442125430222484 -0.0372897082372627 0.126137844361896
0.00770737547432334 0.0333659528396775 -0.2095658996008 -0.0241800999361067
-0.00936415493809394 0.0187691482789061 -0.2030955021725 -0.361527061762252
0.000877674595907954 -0.00664751007474283 0.311073539270017 -0.552162784790777
0.00551269724615897 -0.026264754758122 0.780669853312773 0.0564742098857904
0.0135833606957429 0.0122783322751671 0.386142888883583 0.729176910150511
-0.0105035743017593 0.0308493547626455 -0.185286783671576 0.556702950262043
-0.0203852134755591 0.0226877929249118 0.0463359238395328 0.0329838032404555
-0.000811220342591802 0.0207043793581531 0.0367174056974669 -0.529238827610457
0.00220036616814341 0.0115735412282517 -0.692907151387582 -0.518669183278744
0.00754476040518481 -0.00113596100896867 -0.757679570170114 0.378886168120632
0.02122444985262 0.0340051606385896 0.0838995004145847 0.684987444930543
0.0164153549362173 0.0430479137253353 0.447034155742421 0.240912916902262
0.0256608458354127 0.0160702912757303 0.307827323310162 -0.0946613659350844
0.0155523629385863 0.000229470763921406 0.0286267989577487 -0.223717179461613
-0.000632609756025798 -0.00053789615713562 -0.0222145301896682 0.1684512108454
-0.0250449463728862 0.00751038834005941 -0.219630007981266 0.0801138384314178
-0.050269547168675 -0.0251183990442165 -0.379855154132898 -0.190880118357941
-0.0259419882869521 -0.0294919254669524 -0.0855520382433315 -0.606028367431932
-0.0170751596543884 -0.00681987852505148 0.624960939996297 -0.411415869265248
-0.0189674259481547 0.0108690649729063 0.72113995561614 0.369906986556436
-0.0322977839838736 0.00152559540461081 0.0902317720704096 0.605557287120843
-0.018204295339196 -0.0272787441663257 0.0496568415740218 0.098217651675447
-0.0267721208007223 -0.0190687855580058 0.167462798785519 -0.485742985438949
-0.030517317388537 0.021332407643767 -0.488920990163929 -0.757661426334847
0.00372460198338911 0.000725989547723578 -0.917592121697297 0.0589981866352018
-0.0142176835008819 -0.0117841464095588 -0.209218022933443 0.699576379618967
-0.0391412109674699 -0.0175969966781481 0.356417029674172 0.360667038662305
-0.0234844700407749 -0.0100632811955927 0.321711008209101 -0.0381124378696192
0.006106013148906 -0.00146719384985924 0.0172489902742479 -0.196623432575845
-0.00165735376182808 -0.00131530781782884 -0.0200478616451115 0.156460716272741
-0.029809874142607 0.00690262076157248 -0.221866803750241 0.0587932259386111
-0.0510610348774505 -0.0301552855278164 -0.351973503777294 -0.234849095946688
-0.0227908207354107 -0.035262398313639 -0.00180935141310986 -0.615960553125458
-0.0169566956382126 -0.00794730816706792 0.68728258428752 -0.31955123290227
-0.0270687621891731 0.00792290860972287 0.67435492893278 0.469047320362366
-0.0346200141777033 -0.00929673191833488 0.0342111312613106 0.612616450897923
-0.0184672717009138 -0.033128613016366 0.0509165756468511 0.0829723246711727
-0.0313972019749826 -0.0231259700460267 0.118974701918953 -0.504600962907949
-0.0352386940981383 0.0207949858208753 -0.579302102431864 -0.67828837420486
0.00188925264039101 -0.00233977141699422 -0.883927085461383 0.191282922062825
-0.014885097154265 -0.0141853231277938 -0.104774083488222 0.718012665067431
-0.0420225659442221 -0.0173951697753094 0.401035171769982 0.317588550472344
-0.0269273745144742 -0.00890335260708021 0.321552778562038 -0.0666123470500909
0.00509789932141674 0.00017190075513202 0.0151092563501483 -0.208135477168791
-0.00211949231762365 -0.0016229884751636 -0.0182506804505158 0.145882973191053
-0.030040221653995 0.00546031551291052 -0.221900878672759 0.0360408939051976
-0.0467017276174091 -0.0321713096963927 -0.318059814737035 -0.27674485659317
-0.0147584958319483 -0.0376701380428315 0.0903430979944286 -0.613455094327551
-0.0157556339048523 -0.0111806718124719 0.742391518310244 -0.213492093771677
-0.03094743871358 0.00416539018571062 0.6099712137387 0.566640070136655
-0.0326732544095834 -0.0157544139821961 -0.0264389735107277 0.61339274711065
-0.0173796736605378 -0.0361254914760433 0.0512762632692344 0.0653777435434866
-0.0348415872519108 -0.0237793859822626 0.0651829832854364 -0.51829462458489
-0.0345183683365083 0.0198799775086572 -0.660853958208657 -0.587165169761642
0.000776352921865175 -0.00530898909448377 -0.832881231281411 0.315082425656374
-0.0136697425180511 -0.0106718361672083 0.00454058753841527 0.719777088982322
-0.0394440519006979 -0.00994473725776002 0.437837317233528 0.267196331331035
-0.0249696480547107 -0.00664154330870526 0.317256912713346 -0.0974765135884749
0.00459078724994066 0.000124888290740102 0.0115522781682983 -0.219920601816493
-0.00176400030789994 -0.00245139380257802 -0.0176272286565888 0.137302526839577
-0.0259119215154777 0.00713365957989074 -0.219022641211044 0.0164263614882698
-0.0383294850482498 -0.0288337220620755 -0.281187651137959 -0.31443460558017
-0.00657371789065412 -0.0347112739576925 0.178440049980291 -0.602052268679521
-0.0127388339532927 -0.0132447560707655 0.778649939404714 -0.10671886204617
-0.0299759109575276 0.000637439661371059 0.534419170498949 0.649137217641658
-0.027608341375795 -0.0167643668424685 -0.0836501502553914 0.608651559916055
-0.0184330212249929 -0.0314209009588461 0.0524429245409186 0.048897516679722
-0.0336335698808155 -0.0184590565581097 0.0158973072334001 -0.53044029279707
-0.0294906863553623 0.0181185544171682 -0.723363445807582 -0.497463994338457
0.000269067943416574 -0.00804019370551704 -0.771048967143565 0.418667996111974
-0.00843951399245515 -0.00450073992464559 0.102043231989241 0.70683470137151
-0.0322066407389491 0.000231466150302121 0.466716408506594 0.218015738657093
-0.0181505604392355 -0.00149966354230822 0.309214002137793 -0.124859992852196
0.00555766090945387 0.000523095564914911 0.00818848975466434 -0.230276009833161
-0.000110207767237053 -0.00219217887778382 -0.0167540200890506 0.131062513422518
-0.017624774649816 0.0115682144982567 -0.21645908259559 0.00190999980857137
-0.0285376890790616 -0.0196158543427428 -0.249079288285746 -0.339116320646744
-0.000107755544291425 -0.0290148184383109 0.241631735172373 -0.586557691430864
-0.00859695339980448 -0.0152355386671113 0.793678872120993 -0.0226488863183805
-0.0233606737132992 -0.000487629969046947 0.467115096927337 0.707543306518393
-0.0221883162722687 -0.0104747078337906 -0.12505384858609 0.598594949406326
-0.0176546212842411 -0.0204477999503473 0.051955480053261 0.033097332963203
-0.0263919524694572 -0.0100793872910125 -0.0216670348812503 -0.534594709513487
-0.0220451136184106 0.0160324555342667 -0.763278882304212 -0.424643623132453
0.00124325644467242 -0.00947875632274782 -0.715845431206013 0.485741090534404
-1.55425947065985E-05 0.00252573468824297 0.175513742888857 0.68718390936279
-0.0191314004875181 0.0117715798923415 0.48334672148699 0.178788160625472
-0.00902641739192132 0.00324630187364024 0.301881598642504 -0.142914767804983
0.00728587410982219 0.000220180253404425 0.00502941714815002 -0.238433044070253
0.00121480055925318 -0.00138860050899089 -0.0176927896251546 0.128258449090552
-0.00713465641283944 0.0190105065048852 -0.214228685123073 -0.00589882649439614
-0.0194232668172012 -0.00514499615133529 -0.232458940637855 -0.35302281262127
0.00247700260867622 -0.0205486702525013 0.276115902758385 -0.57569321103827
-0.00535462562440449 -0.0167929354428407 0.801684651530621 0.0209501372111258
-0.0136684036561166 0.00136424600416431 0.433447644116035 0.732617739557698
-0.0180120785352854 0.00106480898973591 -0.14408018011779 0.591520841296125
-0.018696927146013 -0.00603973731282775 0.0522388207298028 0.0251010979894168
-0.0168309525725518 -0.000857771128478286 -0.0436979045360608 -0.537454754582009
-0.0123071725859445 0.0121889735637022 -0.779739396860386 -0.390176041017961
0.00284664312289699 -0.0103587340335742 -0.685993933547855 0.517305813016163
0.0109442953489816 0.0115929075523321 0.209270884822265 0.675939374444124
-0.00584040307532895 0.0237405123919195 0.490349699246492 0.160180336016575
0.00194632997967008 0.00744607785751119 0.29571130923424 -0.150810871211447
0.00932177170071862 0.00033989723712919 0.00447156363652571 -0.241453197610502
0.00433657235524469 0.00129419801945539 -0.0196626158439577 0.129075652270733
0.00370341367861225 0.0259878656763813 -0.214873346349689 -0.00741595571724706
-0.0116139002437736 0.00906321955834427 -0.233857145569997 -0.354332874517531
0.00438807943792974 -0.0106818807023002 0.274497462925185 -0.580865892512204
-0.000663326223371157 -0.0176756286386966 0.801503318130227 0.011920093676742
-0.00263410786868017 0.00515825820603806 0.436116110132464 0.727918922909368
-0.0131562113402059 0.0158486475445297 -0.142229638888966 0.590963685686136
-0.0177588631272919 0.0101156047929358 0.0520047451894898 0.0222382568210289
-0.00568696297485038 0.00900278560196889 -0.0451896637410874 -0.539316384383308
-0.00126239020262695 0.00995581631792222 -0.779067833804272 -0.393602805284978
0.00453627418536027 -0.0110506543829658 -0.690446902247203 0.50953857310849
0.0186182913088455 0.0186305928694 0.207824624812517 0.674993555346304
0.00888883988059264 0.0326141562924662 0.490941136113211 0.164752799140385
0.0136637675301666 0.0107172435012192 0.295507028401842 -0.148581534890235
0.0110998389476848 -0.00155993816502308 0.00396684998657043 -0.238633955851098
0.00685467519470886 0.00158919899925665 -0.0219780292545892 0.134218839022579
0.0132970012981248 0.031292646786146 -0.217553534565201 4.6196561604338E-05
-0.00334430294190863 0.0228311316549846 -0.25380387720883 -0.344572720526242
0.00483284897402604 -0.000956847439437396 0.234718679358716 -0.59836465827996
0.00055808213257399 -0.0168030842362546 0.7947946090105 -0.0446668023576681
0.00948718933859265 0.0093646339201855 0.477632209795385 0.689580726126271
-0.00781273966694074 0.0300062999227569 -0.115120142268119 0.592992736418478
-0.0183065960361947 0.0261342115919224 0.0505724821973647 0.0274777775632188
0.00602680358690734 0.020039969205365 -0.0227395363751718 -0.539042310520078
0.00911061806276847 0.00855986580722296 -0.760794643011851 -0.440462784645838
0.00768148632395631 -0.011017194617439 -0.726388230398813 0.471097641480725
0.0238323273867466 0.0273242435905158 0.166810007803634 0.684743553469158
0.019686036269409 0.041649924517181 0.482312603090876 0.190421765202306
0.0250694379828828 0.0142903385596276 0.299693380023305 -0.132242961102966
0.0138214512432683 -0.000859915335240883 0.00505274344499483 -0.231489292612572
-0.00141844708085787 -0.000920892467097653 -0.0205399046376294 0.172636012977181
-0.0240196744470678 0.00883761703878812 -0.221437547606508 0.0833807693025038
-0.050342044560807 -0.023206312428047 -0.38848327064131 -0.189854779836182
-0.0276182985137963 -0.029698540355953 -0.0953543696471217 -0.613812931929276
-0.0176947318425953 -0.00673601596645503 0.627239245924862 -0.42268904960688
-0.0193319136813076 0.0120928644392435 0.73594916840223 0.365916878956211
-0.0322552609089667 0.000631278514917975 0.0980695759685498 0.613428702855208
-0.0181709598310055 -0.0275379366986245 0.051586278998769 0.0997396668658406
-0.0256904236461459 -0.0185877726779148 0.163993388590131 -0.493055408697214
-0.0308214146041779 0.0214641520626684 -0.50467574647042 -0.762092512236013
0.00344963535603802 0.000440901241980766 -0.931869324421045 0.0696835709899555
-0.0138985568432269 -0.0122198578925006 -0.204498851431031 0.710785665584291
-0.0406812397371167 -0.0172855082329607 0.367011323797753 0.363683557625563
-0.0239753704056701 -0.00922399516455718 0.327565001534823 -0.0420692281120021
0.00654842471863949 -0.000484605738342756 0.0159795240249922 -0.200933405784938
-0.0022018173766458 -0.00171215821545989 -0.0192575535170175 0.160518995385626
-0.0294692169515813 0.00703308131024117 -0.225149909923586 0.0608412212598834
-0.0529887283589564 -0.0295294381788077 -0.361093662325609 -0.23445310911155
-0.0233892836686564 -0.0353282691401517 -0.0101294285164539 -0.625778492197628
-0.0168724434318399 -0.00828488326275743 0.694034766434121 -0.334821182297041
-0.0266547065750691 0.00984078872663281 0.688097653784464 0.466165916015851
-0.0347145523409298 -0.00922196708828565 0.041597546260417 0.620374690951315
-0.0181883010804924 -0.033610864890641 0.0522580144723123 0.0843110974546501
-0.0325141522112029 -0.024479776099628 0.115847509733879 -0.513311517928675
-0.0348657358078022 0.0214251290269965 -0.594590534806607 -0.681480617915045
0.00158904883824702 -0.0031634828326385 -0.896220765097804 0.202460534511329
-0.0147461068177258 -0.0145238487078938 -0.0973248393002454 0.728003391171532
-0.04272364028957 -0.0170467415490671 0.41120483295984 0.318850726993957
-0.0265768665146659 -0.00872580043741508 0.325762508531247 -0.0729152110184575
0.00520571107033616 0.000240687347959949 0.012515697743654 -0.211798287911916
-0.00263314926097224 -0.00200362023245899 -0.0172194104924398 0.148903794641296
-0.0306590918633912 0.00601386350498662 -0.224657042668219 0.0391089617952084
-0.0483202730191363 -0.0318463065840232 -0.325843588163869 -0.277677562688076
-0.0157122172884444 -0.0372068782902107 0.0835195683955527 -0.623533950697166
-0.0155641395826105 -0.0110468717682137 0.751946528978314 -0.224600043782864
-0.0307991782177045 0.00483441867452224 0.622259044673106 0.5684169671693
-0.0330671762437177 -0.0148128580076719 -0.0204539859381214 0.622456457555457
-0.0182752922318098 -0.0373829597838032 0.052556126570801 0.0655698921903888
-0.035283254937593 -0.0226527414737893 0.062753066709821 -0.527950040154542
-0.0338926381110842 0.0210048827261506 -0.678044323225739 -0.588063324586174
0.000712682594380881 -0.00524838688770245 -0.840885601574012 0.32864209083445
-0.0140614315413873 -0.0105733626451773 0.0146971604248346 0.729428775111062
-0.0405578893621875 -0.00894565185984516 0.448128760116778 0.266044649006377
-0.0250336904622373 -0.00509305702638671 0.321632147160144 -0.103257389775972
0.00461175176518194 0.000600483246522151 0.0104832484026683 -0.224123528101808
-0.00229002357926248 -0.00247706591183448 -0.0168993311275821 0.139095741953199
-0.0263330345621995 0.00777590827629939 -0.222218138930957 0.0190082623232517
-0.0389382270537339 -0.0284724284609566 -0.288569458826492 -0.316440919822911
-0.00760470211490546 -0.0353940691620252 0.170442400134545 -0.614606545676866
-0.0124335961453291 -0.0128215513258557 0.786128761928782 -0.116129196458647
-0.0296843526385941 0.00150528353776706 0.548758056353762 0.65258607565899
-0.0277738160582334 -0.0170240826934681 -0.0758164928444175 0.618000598121493
-0.0179464592664909 -0.0316581990521715 0.0538314806134902 0.0488482797350078
-0.0335832332075548 -0.0184447014319407 0.0110568482357049 -0.537601191820509
-0.0289083830397367 0.0196094099363249 -0.738879352523682 -0.494854094635259
-0.000229072094691328 -0.00836868809503181 -0.777688815513595 0.433415166367117
-0.00835322172627187 -0.00416776224801563 0.112259909854779 0.715970348806827
-0.0324283484006419 0.000563151658970269 0.47636734230197 0.21386184631224
-0.01895637936686 -0.00105333659975423 0.312954616681708 -0.131365516073092
0.00557118536816395 0.00121691422902531 0.00625925432686619 -0.234627978844745
4.61516137216034E-05 -0.00342164588484047 -0.0160445608718663 0.133755392067055
-0.0184296203984222 0.0125223503632388 -0.218715763740443 0.00447974605173114
-0.0295072180240973 -0.0188338129049137 -0.259669148378777 -0.342726319500162
-0.000443870963945762 -0.0289998301466874 0.236814357089356 -0.598546198174208
-0.0093601323687987 -0.016220209182165 0.806582596636333 -0.0322838200152332
-0.0232205930349449 0.000884091828076953 0.483484706366815 0.710906116668764
-0.0224767450459435 -0.0104629522411554 -0.1206890167872 0.608713758952464
-0.0186300055512188 -0.0213704651759318 0.0533806292420643 0.03316104448631
-0.0276580251541915 -0.00979493830518038 -0.027057864919133 -0.542492292398945
-0.0224957983605707 0.0166956587128741 -0.776799933899242 -0.422041907786504
0.00131676752808218 -0.0106926399731479 -0.721014111622311 0.501303820205451
0.000302166457747511 0.00301899624806119 0.186690192250612 0.696092656847623
-0.0193369929474205 0.0127467358938877 0.49368128078833 0.176486832542003
-0.00861136962054374 0.00362985875289792 0.304239105895278 -0.150593357941678
0.00722792094005234 0.000322869679116183 0.0030384438413343 -0.242018364067692
0.00187540359047838 -0.000922690371017389 -0.0159569668447606 0.131417361739011
-0.00727511324133443 0.0183324536130938 -0.217080962854118 -0.00319368484051893
-0.0191140463692155 -0.00424447471710905 -0.241379624528733 -0.355958999786297
0.00279612022121249 -0.0206889205840891 0.271845223854418 -0.590064795238079
-0.00501494122913829 -0.0165214506358359 0.812017328787053 0.0121878908687209
-0.013830412052321 0.00126459612982021 0.446775961324055 0.73873630141279
-0.0174873014923215 0.000671336065709432 -0.139582072132796 0.602505364764015
-0.0179494509050067 -0.00654172698009236 0.0536766421673721 0.024759742673242
-0.0175820272422444 -0.000807405185431263 -0.0508615523607397 -0.544926076224783
-0.0119511916983959 0.012635147491483 -0.796737113279739 -0.38595126346398
0.00219860219175695 -0.0110602070848094 -0.692090568335747 0.535056504839963
0.0105574048449374 0.01185202837228 0.218874491291332 0.68386480928895
-0.00364486437454831 0.0239133487591339 0.500145421320157 0.156184124716883
0.00248137358928761 0.00688100085848265 0.300330210055905 -0.158193157412775
0.00913046285190381 -0.000746491817678665 0.00149356666534455 -0.245437173965749
0.00358984546049384 0.000562302595591613 -0.0187256961372278 0.132592965207011
0.00487106593088703 0.0260463075269044 -0.218581661840436 -0.0042253389168996
-0.0116194530329914 0.00987015957288783 -0.24290263082736 -0.3589497497159
0.00358659753398054 -0.010982244102448 0.271314309545634 -0.592264731582362
-0.000729477172559063 -0.0165515376809261 0.814679620208837 0.00583370461343987
-0.00211956106779652 0.0059783129676257 0.448248742523309 0.733046984787659
-0.0134177251694102 0.0158151628696691 -0.138196009753147 0.598826230513433
-0.0180397794879661 0.00955016370231591 0.0521571208150679 0.0224886658323447
-0.00442093660870798 0.0093453888702542 -0.0486649103511594 -0.546015263036021
-0.000480670140398315 0.00906086401617962 -0.795622011453644 -0.390200066560121
0.00427967357443047 -0.0119685135800113 -0.694806568713287 0.526818541222876
0.0188368164998691 0.0193581617611398 0.219086971610696 0.681685966400458
0.0112133849827869 0.0329787896046152 0.501849398953525 0.159693678699388
0.0145437076571277 0.0102533195232193 0.299240450469817 -0.154968359190218
0.0121651038714752 0.000195355006961384 0.00161009199439185 -0.244137621367114
0.00603148899363313 0.00179883993570059 -0.0219356747231838 0.136624934415348
0.0140900502475166 0.0321404010597517 -0.220788271055287 0.00376141948561785
-0.00372678157577709 0.0235216105449119 -0.261870309249223 -0.346439276715292
0.0052269878753726 -0.00177592769609124 0.229774151595889 -0.610087843906832
0.00064409365603903 -0.0158690195936425 0.806768842552705 -0.0551508758172907
0.00934273302920137 0.00966924002215558 0.491844691252772 0.696015980013763
-0.00796381627398994 0.0304894086821373 -0.110908908586931 0.602848169909319
-0.0184700083893474 0.0262826130036901 0.0517423046586196 0.0282437576714769
0.00557713444770555 0.0203992544147941 -0.0277497329664936 -0.546485984057005
0.0100213713669914 0.00745389824985174 -0.777735823615607 -0.439388751234213
0.00660837574959526 -0.0107397209467803 -0.732346358110888 0.486462329159523
0.0246394312840073 0.0265959039371975 0.175892829508415 0.691160512956041
0.0211958647092797 0.0426851053912991 0.492422931264378 0.187434622658577
0.0254318054919627 0.0141256703812728 0.302227103892996 -0.137987426721132
0.0142233420709848 -0.00064356858239048 0.00341410632520162 -0.235488407370647
-0.000552891494679683 -0.000892986144680653 -0.0188447539974601 0.175135647897267
-0.0250844101460266 0.00911441348379012 -0.22380467408235 0.0888438267161765
-0.0527587036756832 -0.0222456563061317 -0.396976662209806 -0.186887985313323
-0.028334735330034 -0.0307783645639541 -0.107854706304761 -0.621201344514879
-0.0178241573211697 -0.00638586097762517 0.631326570054044 -0.437096321998531
-0.0188048033207897 0.01210167786663 0.749964560093942 0.361476711075885
-0.0322926638347748 0.00173605595762873 0.108123223740478 0.617647016931351
-0.0191130889474876 -0.0271527668713085 0.0535915259918223 0.0999680188564893
-0.0268692084549302 -0.0191441669934958 0.161459768057317 -0.500865128785389
-0.0300652515824182 0.0224685189809218 -0.522327937725622 -0.764321299983845
0.00328426221960475 0.000374074393631164 -0.945500975398678 0.0869366751017753
-0.0143713449618342 -0.0124339964799672 -0.196459355059647 0.72318367201765
-0.04032821695333 -0.0171338744935493 0.377175304202791 0.362552646511596
-0.0236963276772224 -0.00935360851241304 0.330329101775417 -0.0489524791232491
0.0063042743125546 -0.00111576187897353 0.0141970752510231 -0.204796202372481
-0.00310738378631033 -0.00154905160624558 -0.0188742552898286 0.163076216145866
-0.030187199284263 0.00732720002355302 -0.227770122672366 0.066069108949844
-0.0538996963690543 -0.0292058856141663 -0.369646369493312 -0.232287069903597
-0.0233738645612075 -0.0358296404110826 -0.0192639856576485 -0.633047406999774
-0.0178042293535448 -0.00789372379770507 0.697110793392982 -0.34811529365803
-0.0271976037671587 0.00956738250989734 0.703670348608836 0.462812151867052
-0.0349380746603953 -0.00956909074548649 0.0497758909521953 0.625923066547812
-0.0182732283150374 -0.0349472934633354 0.0541761259915589 0.0843120097251435
-0.0329282923895691 -0.0234107501690309 0.109634340318163 -0.518206599096703
-0.0344846526730994 0.0221263880895752 -0.614277030465536 -0.681087946309325
0.00166423339796449 -0.00217858277046721 -0.905251987080685 0.221227983733494
-0.0149743495410205 -0.0140933737558301 -0.0882436578749114 0.740413972628125
-0.0435605555127678 -0.0155104420795119 0.421628553391479 0.315668527902665
-0.0276191231201905 -0.0083231946210385 0.329788003195798 -0.0794291210356585
0.00468474667734359 -0.000266317675203269 0.0101538394131663 -0.216300840988866
-0.00210467308514382 -0.00266483381656978 -0.0169258141413389 0.151882191352626
-0.0301895150915687 0.00693919097224899 -0.226652879572963 0.0434865325911896
-0.0493558754738138 -0.0313131558728885 -0.335945400995612 -0.277893605987435
-0.0159667644295888 -0.0377542189831036 0.0748088959510724 -0.634184061713216
-0.0164438989105801 -0.0102046927302805 0.75737554392194 -0.23956437006108
-0.0311600259702851 0.00601573890907709 0.639242460686823 0.566126616462943
-0.0335983185114907 -0.015454403501829 -0.0127793380505147 0.630282522089602
-0.0186256031261202 -0.035770935161337 0.0560877697399976 0.0658908266085354
-0.0361784132067141 -0.0222637302074746 0.0555958612098933 -0.534725584513572
-0.0344430443245225 0.0215637190517937 -0.696259336272649 -0.584646284386813
0.00049588508650425 -0.00593736107956453 -0.848405472092315 0.345856384330533
-0.0134147981444921 -0.0112658748327873 0.0236008890466033 0.738986019938627
-0.041373933169135 -0.00860322640294221 0.457715039484943 0.262380336530433
-0.0258350375152284 -0.00540844007508462 0.324934467435184 -0.110265821191355
0.00529830782310012 0.000241538537970046 0.00695566340735506 -0.227660390313693
-0.002753253056271 -0.0024894633375287 -0.015679728483118 0.142914062961827
-0.0261224927038292 0.0084261159274195 -0.224845799970128 0.0232852780295197
-0.0403435659755875 -0.0281132818500086 -0.298112148062113 -0.317795581767411
-0.0077531458728426 -0.0360138694772203 0.163318632064111 -0.625626896699359
-0.012935420035656 -0.0129210327809347 0.795634500403514 -0.130785965083926
-0.0300771677368931 0.00267018289740226 0.564967704512606 0.653060477262168
-0.0282641465754294 -0.0168970409509608 -0.0708740713111216 0.624886379238828
-0.0187809680239479 -0.0322560150474026 0.0552549133556942 0.0477937744130782
-0.0348512996191412 -0.0175568337177498 0.00415538991586034 -0.544754947278561
-0.0287452753075143 0.0212955557297193 -0.756483143440733 -0.491616069018054
0.000158884488080645 -0.00840850508480175 -0.781603048717737 0.450772670529435
-0.00859959697599854 -0.00537663642604003 0.124863301282039 0.72362860291825
-0.0326468234988764 0.00243690984034349 0.487889165545405 0.209839872237465
-0.0182821505502769 -0.000992168203071804 0.316180581069596 -0.138421009017253
0.00578837451141224 0.000301414378893864 0.00336019241210185 -0.239014071241652
-0.00144158863032389 -0.00325522128860032 -0.0144427120187473 0.135887748748473
-0.0172008936432419 0.0125009732366165 -0.222393114518775 0.00777158065696185
-0.0299152800064945 -0.0182013563988646 -0.268232311292979 -0.34512400480104
-0.00139109096455025 -0.0299706657666053 0.230691902944567 -0.610379755884921
-0.00970671244453714 -0.0159906336226697 0.817100722699252 -0.0438775943627125
-0.0234950733239429 0.00117187260793954 0.499677375181598 0.714426806530256
-0.0229708840732689 -0.00995847579658574 -0.112598198476411 0.617740346021633
-0.0193632417075398 -0.0209194737666462 0.0540118494686382 0.0329152854013149
-0.0280012428685076 -0.00991120608299514 -0.0371658143812712 -0.548774155933486
-0.022197271506649 0.0177327854025021 -0.794461365000744 -0.415610171208787
0.00025123375821926 -0.0106595925062432 -0.724269744275952 0.521510270222849
-4.35311756219348E-05 0.00287564239814088 0.198429247812 0.703546775224773
-0.0196899490011349 0.013573043571814 0.50439544675755 0.170926656898713
-0.00792205889573419 0.00376960470234051 0.307282609222561 -0.156939008342493
0.00699008695797966 -9.17094207589456E-05 0.000921902649737631 -0.246740702787493
0.00152823192689658 -0.00116591867835331 -0.0153767825327989 0.132916855181755
-0.00680268316630345 0.0196734147142345 -0.220062240225203 -0.000224133900159825
-0.0203678825933245 -0.00513360948979463 -0.251473718756894 -0.359605322417994
0.00149485532579738 -0.0210286661105015 0.266866920224766 -0.60070930718
-0.00504195500231754 -0.0170045887930005 0.823254084195389 0.000832137044365274
-0.0135689519659699 0.00314225738135119 0.464433777050205 0.741932328528931
-0.0177939378022045 0.000220840431058498 -0.135024346834218 0.609868188874307
-0.0178668837626293 -0.00740344834491655 0.0543387183968776 0.0233843745484263
-0.0173118878727979 -0.00120325391089142 -0.0570355458667685 -0.549339238244549
-0.011165872694389 0.0126529181826494 -0.811717194014062 -0.379257766222402
0.00198952261481393 -0.0116073143140082 -0.692865431987009 0.552722546612944
0.0107165868893237 0.0102638019142445 0.232895527530958 0.687624263339473
-0.00355889884069644 0.0249746760345058 0.5107119073957 0.150343092518187
0.00263845768800247 0.00717814323024833 0.300415342302883 -0.165926232151741
0.00883044190940389 -0.000732109716335094 -0.00104554425313699 -0.250138072833705
0.00332746658574882 0.000153776007702114 -0.0168314314663657 0.135603069691136
0.00481690236732556 0.0259725907130865 -0.220971724956911 -0.00156948137090056
-0.011064872697944 0.0111669524177778 -0.251894733658113 -0.360427657132902
0.0037240215772641 -0.0113627337935402 0.264077389035355 -0.605473791210105
-0.00204707748372575 -0.0176439364605922 0.825913271447266 -0.00667047241099471
-0.00193174082307744 0.00703669578363882 0.464646562147834 0.734576978304137
-0.0137246147096171 0.0164811525349692 -0.132541630620819 0.607342918124435
-0.0180829607799103 0.0102628241828306 0.0537242569304501 0.0212482611867223
-0.00466764541556876 0.0107417781782144 -0.0589376744492682 -0.55160689878187
-0.000793953192075336 0.0106569445273535 -0.812685477688374 -0.383361586212814
0.00434437984238654 -0.0113257946453475 -0.698285027274059 0.545234297252708
0.0200093355240887 0.0187662446119092 0.233525424428508 0.688218650671965
0.010901592176068 0.0336380511060164 0.511523644944929 0.154744620186181
0.0148741545065972 0.011017755206167 0.300736439822151 -0.162151978583354
0.0121369153830598 -0.00138977827526626 -0.00162135963909373 -0.247983193466175
0.00563743777632983 0.0025780087196204 -0.0203184866425451 0.139078386340367
0.0150151476551724 0.0313203852631385 -0.223687392526559 0.00641355832044559
-0.0025716907153291 0.0238447103699599 -0.270545324513981 -0.348663932485849
0.00392774895965046 -0.00147531945912818 0.224673002224836 -0.623235367367649
0.000285734960203661 -0.0168475830070134 0.818994660422342 -0.0667426604615065
0.0105191553992052 0.0104030453652819 0.508495741565657 0.698150084923594
-0.00773334780451327 0.0302556821318523 -0.105193492118402 0.61056513219421
-0.0173299947754617 0.0268051455067129 0.0520821875570638 0.0273878383781397
0.00584736213006768 0.0201396989010147 -0.0345189855500364 -0.553237023999152
0.0104173857621186 0.00804265897307829 -0.793719152785567 -0.433424949349165
0.00703421522225713 -0.0105823806529139 -0.736665171798863 0.50264874988428
0.0248734527816688 0.0265652398430822 0.189023500883341 0.698997441045051
0.0229161481401493 0.0430633794751001 0.501753548032857 0.182212936098066
0.0263461526861972 0.0137678785112564 0.305613747965421 -0.147446339545555
0.0150230178334541 -0.00158728061093648 -2.46080750621979E-05 -0.23999056624774
-0.000960578682309735 -0.000501609908772539 -0.016983122198897 0.178472337225159
-0.0248991473367357 0.00953679386062776 -0.224839991280271 0.0937930997048658
-0.0533815309830041 -0.021630171204668 -0.40579224425396 -0.182685835307551
-0.0281808191666318 -0.0306370355579861 -0.120375287520748 -0.627010889701279
-0.0175939265170935 -0.00567174198976929 0.630240743336529 -0.452785322437534
-0.0195738052520182 0.0137035860592975 0.763318875132673 0.351598011239324
-0.0328018933685727 0.00153666517688338 0.118466119141547 0.622453118890735
-0.019486257355661 -0.0278990826035473 0.0559287844582962 0.100294182232721
-0.0274128571420379 -0.0190522865806306 0.155133118436675 -0.5074931938451
-0.0304417237065188 0.023581146455704 -0.540788206688457 -0.761263273481436
0.00425591904719897 0.000157822205012894 -0.954550316566081 0.102341889981925
-0.0141646444831067 -0.0118966901190648 -0.185497697440349 0.734283761472186
-0.0413806501645036 -0.0162166336020863 0.387442490255494 0.360026099365724
-0.0246153155258372 -0.00865396655551345 0.334270798055334 -0.05725605937495
0.00669901664888015 -0.00146275986644698 0.0112953080658599 -0.208082940290438
-0.00277460263640876 -0.00203809461194859 -0.0161692333622813 0.166171569531994
-0.0299870696756601 0.00787633622421203 -0.228940020856849 0.0712874454207965
-0.0550367535361464 -0.028057534036854 -0.378662262806979 -0.230600638132255
-0.0252963848605206 -0.0360711081803975 -0.0328664153105391 -0.640888123338497
-0.0178010987770365 -0.00816012547469032 0.698606125494434 -0.362842568528001
-0.0274959152523576 0.0115011483381657 0.719666451931681 0.454003264766222
-0.0353382269311632 -0.00816877977170834 0.0613620406588351 0.631830896891768
-0.0188779361542643 -0.0347745715746727 0.0567291130689054 0.0841770816804037
-0.033086959924162 -0.0231392023642526 0.103163433937247 -0.525085815230498
-0.0331772234996801 0.0244940443398791 -0.631461446712351 -0.677409031608079
0.00178031142441031 -0.00336632158921916 -0.913017476213936 0.236888001537006
-0.0149018276682057 -0.0134196816771282 -0.0746737350682862 0.749294078750476
-0.0440884519403951 -0.0146455274304274 0.43170586403809 0.311524277847689
-0.0280852189145757 -0.00737010604511651 0.333340728163884 -0.0866560868252824
0.00573118671465995 -0.000745375859036279 0.00689046757997836 -0.219247123470847
-0.00279074407739812 -0.00357688462120599 -0.0149205326663401 0.154259707427961
-0.0304753334674391 0.00796581147353708 -0.228302893496395 0.0480840162851404
-0.0499564006631633 -0.0305614157508536 -0.345006397919298 -0.276833037752686
-0.0175279994613236 -0.0386981382654822 0.0623863261105294 -0.643678069831206
-0.0156735857833602 -0.0105493443029274 0.762103891114007 -0.253479181216917
-0.031640929540715 0.00676386005503551 0.657872998937086 0.560980849957223
-0.0341932763450097 -0.0150171983939864 -0.000496907045489727 0.635283230336356
-0.0191609024294564 -0.0362202908730597 0.0576428494507154 0.0665674356143386
-0.0364033309218015 -0.0231145279837888 0.0477086782228533 -0.541311946012438
-0.0337422973441221 0.0230388540755685 -0.712698183055815 -0.577638468531544
0.000388544185379484 -0.0065391121672929 -0.852071396722645 0.365287597963024
-0.0153954226809666 -0.0115770742747758 0.0382810815007025 0.746146523091306
-0.0412839503685296 -0.00801073095376707 0.467930180007101 0.256387239743008
-0.0254145557742115 -0.00444278564801888 0.326898208720523 -0.119383895878176
0.00458358536967312 -0.000261690922836974 0.00362003731063748 -0.231091766642773
-0.00297092212710507 -0.00328154558966887 -0.0138235839150917 0.145230118182448
-0.0262366510587958 0.00871652496555102 -0.22679602923892 0.0265231008233938
-0.0414693075462555 -0.0269939732322615 -0.307978212171089 -0.316093918511407
-0.00820072182600561 -0.0369298327295517 0.155099918511107 -0.636430760038281
-0.0134147142666573 -0.0125570730396714 0.803788773971073 -0.144955594477358
-0.0303363243669605 0.00374509007867653 0.580790717298058 0.649711866235967
-0.029276199834581 -0.0168679061711515 -0.0606050058834821 0.631771400630339
-0.0193588078013234 -0.032217451028442 0.056310999549165 0.0474086579894226
-0.0344088377424344 -0.0172278280973355 -0.00486290440289912 -0.548746132892148
-0.029652858414738 0.0213689954169341 -0.773908020186325 -0.48230663532071
-0.000663606322706522 -0.00849549054802167 -0.782514201967023 0.46936846004914
-0.00844367376505514 -0.0052531135915284 0.139803381772965 0.728009188023579
-0.0327902148005638 0.00262614192074721 0.495736362065269 0.201876321517032
-0.0194298549251014 -0.000658273143021901 0.317293100033271 -0.145702024538386
0.00547323018217123 -0.000259810306715774 0.000454336104260437 -0.242195720848962
-0.00138222715513524 -0.00347389105426736 -0.0136605585537507 0.138070359972036
-0.016947349281462 0.013387822897873 -0.224247228181054 0.0118950545864545
-0.0305902789597003 -0.0177461779843797 -0.27630278405086 -0.344789435293251
-0.00204499984309362 -0.0302989725756639 0.221658755590991 -0.621453769077625
-0.00982212670174433 -0.0160465384636225 0.824449453974353 -0.0590879930901041
-0.0236208516823879 0.00204698522645792 0.51457491497111 0.714321337294534
-0.0231159163790532 -0.0105812312886518 -0.104780033021657 0.623248193450637
-0.0190264630473072 -0.02210053844559 0.0556653193492414 0.0321226436559566
-0.0284026350084059 -0.0101982454292559 -0.0437136068058634 -0.553045498793753
-0.0217367223551378 0.0176507289357331 -0.812000472865834 -0.406217937664773
-7.01425574069145E-05 -0.0104267452078289 -0.723310267249154 0.538136557760453
0.000968097120334238 0.00218058322739638 0.214521025457653 0.707248965069739
-0.0196967847418646 0.0144934918193637 0.512031106903872 0.162801767255101
-0.00858653468184066 0.00468502602130282 0.308397909478311 -0.165971029010843
0.00676668444840935 -0.00108277644992734 -0.0039778694032527 -0.249564724813503
0.000186573541388914 -0.00213846889065304 -0.0140779181313842 0.136223220578295
-0.00633019899507678 0.0197260573072812 -0.223035875483264 0.00324740896820536
-0.0198355177870817 -0.00346210834683722 -0.260606813073448 -0.359758269706883
0.00144575304418647 -0.0216442655750007 0.259705681578417 -0.612474839670512
-0.00502665189373005 -0.0170910343664669 0.831738288592535 -0.0131552564086149
-0.0136469064515942 0.00388959238870212 0.479602182145386 0.74157008369549
-0.0175688396988566 0.00069064443171328 -0.125234923551644 0.618087862386542
-0.0174197561420292 -0.00609351077833196 0.0550220586330074 0.0233284266243883
-0.0177179432201089 -0.000211159658347441 -0.0686243008839384 -0.554482908013488
-0.0113389407148448 0.0137831916477931 -0.82749722426717 -0.368991262828937
0.00171569210529213 -0.0120401761568843 -0.691478007718515 0.569183094410454
0.011143554340953 0.0102794923360307 0.249259791849846 0.690444662999666
-0.0036002712698697 0.0246796807045152 0.518672360039552 0.142417514522222
0.00283097141711118 0.0073651435631332 0.302085533303624 -0.174362369810057
0.00854777664915655 -0.0012968952441892 -0.00568366897715392 -0.254097470088443
0.00258448103093269 0.000757883825898199 -0.0161228100539266 0.136387634018223
0.00595550597074347 0.0264635393639555 -0.223592561999561 0.00370323850584988
-0.0107552034067393 0.0121835828055239 -0.262184034097414 -0.359983304516668
0.00251752149474553 -0.010777779404314 0.257128913924384 -0.616393064752853
-0.00194281729726872 -0.0175681866441561 0.834489086971003 -0.0212154689535788
-0.00167280522057069 0.00782883991171915 0.482428079838436 0.736203167910367
-0.0129288416563051 0.0157941298469143 -0.12328026918016 0.615982236577718
-0.0175217055274062 0.0107779134818924 0.0548545308285937 0.0208840233453145
-0.00521203244896035 0.00998973523332599 -0.0676470772419512 -0.556162871232461
0.000874857227809178 0.0101913599468015 -0.828000744094311 -0.373693361236875
0.00388324751788879 -0.0112074180975711 -0.696432191724675 0.563646521986455
0.0210544964742354 0.0184348407945298 0.248448461180967 0.690712014976089
0.011708637295616 0.0347408979981799 0.520508471881811 0.145136910631747
0.015462379654465 0.0101551868314608 0.302777863167815 -0.170186121068428
0.0116954478941676 -0.0018367896694962 -0.00611892270471227 -0.250479323253035
0.00596847561500199 0.00284863928947095 -0.0185138019821442 0.141848477528213
0.0157141482985649 0.0315558747447879 -0.226333080843738 0.0114818827531033
-0.00306102233208307 0.0245033324646052 -0.281698416505825 -0.348423507208886
0.00379962629089469 -0.00216069969648721 0.214362335984118 -0.632940682801027
0.000592496802358601 -0.0162889357369164 0.825858669044877 -0.0815369606685888
0.01167611553151 0.0105116123854434 0.525220572747823 0.69635647207745
-0.00775813786943865 0.031183634240147 -0.0943448659144748 0.619073770693027
-0.0171398714130027 0.0270636262802607 0.0546665960297143 0.0263086755728547
0.00687238568565007 0.0204606657530232 -0.0437475297495357 -0.558147060017053
0.010549976124006 0.00775826266487136 -0.81052566111483 -0.42379821053693
0.0066881222034077 -0.0114508425569339 -0.736420614288193 0.522544847354872
0.0253843096069776 0.0264138361313617 0.204015664142998 0.700304534893394
0.0237857960559326 0.0428825283222618 0.509845089174812 0.174432494218384
0.0265723006566439 0.014234678518267 0.307550263531829 -0.154296956557025
0.0149417654601232 -0.00244272662149032 -0.00289866746322965 -0.242498059903362
-0.00124889368891491 -0.00106472366618658 -0.0137533323459555 0.181380997641998
-0.0249925400449918 0.0111856083237451 -0.225064133287138 0.100119548918248
-0.054537956989261 -0.0208586391175833 -0.413638851092718 -0.177095813056274
-0.030124390835222 -0.0307003517957236 -0.13504044224188 -0.629300107330209
-0.017548065824344 -0.00564318349891635 0.626023394906391 -0.469001359474742
-0.01890923462591 0.0144793591499387 0.775356064368147 0.339666094744759
-0.0323736586716349 0.00181699935076743 0.130445522415223 0.624260141065917
-0.0193327609138383 -0.027143952422458 0.0585418835030311 0.0997715036935528
-0.0280819942997894 -0.0194228272540152 0.147128441621827 -0.514833208216307
-0.0288511587951015 0.0248621174677191 -0.559749701396106 -0.759650467002296
0.00327944614334963 -9.36939558151828E-05 -0.96051185546362 0.124645175044802
-0.0146989969018453 -0.0124577219104521 -0.171755231490447 0.74567505772402
-0.041326633066687 -0.0158511430688135 0.398565491562721 0.355751212639912
-0.0253168158852304 -0.0078741700664683 0.33633435047417 -0.0646430379648084
0.00712045442650419 -0.00162067202599064 0.00748658775272114 -0.211045687724375
-0.00355191777234584 -0.00106843411048253 -0.012593159023549 0.168153510470745
-0.0297136431884854 0.00893806451959901 -0.229712029848553 0.0760249942326053
-0.0556412658125286 -0.0266462409034812 -0.387817662877166 -0.225539958339261
-0.0256770285536439 -0.0363952686777752 -0.0467753384561332 -0.645314133829664
-0.0174403634519461 -0.00660372839098898 0.699671263929533 -0.37968417669961
-0.0266463110639338 0.012917686737386 0.73295513374743 0.445338865247122
-0.0354954016038743 -0.00802869031446996 0.0719122954838444 0.633741579460518
-0.0195916004213648 -0.0347380171435185 0.0587845876240017 0.0840290840883562
-0.0336555085033631 -0.0227817789376206 0.0947518588849728 -0.531706471515828
-0.0328958108233496 0.0242805651605472 -0.649703449433406 -0.669810270554702
0.00140808442748373 -0.00232520143232396 -0.915661391051878 0.257829217694099
-0.0155470367666304 -0.0142750449157481 -0.061882057117419 0.757139148301662
-0.0452806542754525 -0.0143922332875492 0.442228880173381 0.304860788703878
-0.0279529788430818 -0.00732400711833782 0.333847454655496 -0.0939219779965171
0.00572861873218476 -0.000485095568799188 0.00292266420093318 -0.223014756914001
-0.00321301975100983 -0.00326221214033587 -0.0128093009201283 0.156301145214979
-0.0298631507461967 0.00807793253712538 -0.229913919736771 0.0529833232166644
-0.0509679740994769 -0.0288212508253554 -0.354283918473765 -0.271733577955054
-0.017694830118947 -0.0390419456046888 0.0497428609379161 -0.65115199127132
-0.0166125829769994 -0.0096330238605025 0.762923010389743 -0.271135072537216
-0.0311398888977773 0.0081414533177033 0.670147698443724 0.554688336180248
-0.0341879462464992 -0.0150156770318127 0.0107047994582495 0.638495358058991
-0.0195967991943533 -0.0361006440536866 0.0585253238636621 0.0649551575233209
-0.0366975781226752 -0.0226180937970326 0.0374131472942369 -0.545976328393694
-0.0326338206306115 0.0238686279000114 -0.731347300731625 -0.567458305548023
-5.19888740241961E-05 -0.00654146780365546 -0.851613550949034 0.385670231064073
-0.0139343077391416 -0.0113091640056665 0.0534783938751741 0.752162911938271
-0.0421637173992375 -0.00705559295578068 0.476854237012185 0.248996548735641
-0.0265366520429506 -0.00430047508176235 0.327214701351566 -0.126079043276964
0.00463382564512703 -0.000390527869249063 -7.58396461875949E-05 -0.234092497817728
-0.00262704304765427 -0.00396458771846058 -0.0111581812397003 0.146595635003442
-0.0253400366696952 0.0103618949107734 -0.227029716407051 0.0323454819006026
-0.0420672645525234 -0.0257572198038404 -0.318266679585581 -0.313946151323276
-0.0091336489527394 -0.0370374587876113 0.14174431151484 -0.643682727680738
-0.0137673101469256 -0.0127687799451639 0.805692611435721 -0.162579925975488
-0.0302680240655091 0.0049171393266649 0.596683896757884 0.645196883753976
-0.0292731753119447 -0.0163802999794286 -0.0499595217902435 0.636756720840827
-0.0189096105111324 -0.0307981553453798 0.0575671379805277 0.0467416470208423
-0.0354141840834696 -0.0168046847115131 -0.0134460654391009 -0.553395684131609
-0.028707601829928 0.0223975237808291 -0.787863472753295 -0.470658096446182
-0.00098105824996199 -0.00878005337437848 -0.780193668212873 0.489212725429342
-0.00891733901845465 -0.00504022259442459 0.156309645780445 0.731107747613833
-0.0332962082656343 0.00407279734058104 0.505185729205846 0.194328981219258
-0.0198462200697968 0.000218004652845722 0.317758342073918 -0.154802742816131
0.00525820542457626 0.00048221044148518 -0.0036991062211513 -0.244273127969
-0.00143692952315114 -0.00355195713186365 -0.0114899653373153 0.140347001725948
-0.017309236033229 0.0138249358622572 -0.22559723740004 0.0155531334012867
-0.030699442746389 -0.0159565608423355 -0.287360844307552 -0.342919443427229
-0.00283237388782999 -0.0309734052986259 0.211209987241649 -0.630519639539937
-0.00933972434323697 -0.0154603112615457 0.829737483578566 -0.0753171681302949
-0.0228913173802273 0.00327129086993316 0.532598936769079 0.708246986769858
-0.0229495726003797 -0.0104676872956558 -0.0935676211564412 0.630500691570217
-0.0189096695774928 -0.0210333042715312 0.0576179559968811 0.0310880484976187
-0.0287842974069067 -0.0086019575682248 -0.0538099371375295 -0.556843868633942
-0.0202172761670854 0.0179964467983007 -0.824506033586616 -0.391951518372981
-0.000678475138860084 -0.010342223121148 -0.719066246034307 0.558673479259753
0.000345171944149728 0.00225767740462237 0.229648981491786 0.706269020595414
-0.0192731520908977 0.0156935196791333 0.521391209896884 0.152830595641008
-0.00972704884975571 0.00436215189771082 0.309697155412667 -0.173462173927389
0.00766635082654118 -0.000624459677117661 -0.00925044460307786 -0.253388125971317
0.000810261872895965 -0.00183102272502158 -0.0120980846386365 0.137585434112576
-0.00508508918109111 0.0197423201864658 -0.22449700866759 0.00754159262486309
-0.0207213906529449 -0.00271610723228128 -0.270992696190116 -0.356908973547794
0.00145406511848015 -0.021807486160306 0.248619202239819 -0.622957820203191
-0.00557449299267595 -0.0172839253436652 0.840874083126099 -0.0302959818836039
-0.0131012942178942 0.00424264571741119 0.497311018026951 0.738877008172055
-0.0181174322725821 0.0012799036454323 -0.116313475975873 0.623563209694468
-0.0188682937433643 -0.00567507799464207 0.0568017581439453 0.021195695654114
-0.017186121920347 0.000325869214648369 -0.0762164663791536 -0.557213110447323
-0.0112208558387897 0.0146134004890168 -0.840909762278788 -0.355119503084436
0.000495891823004132 -0.0111881707938119 -0.684831632373119 0.588025530241492
0.0115107131513553 0.0101374797062081 0.267211255247621 0.691138283405231
-0.00263450079728113 0.0257884275014356 0.52587557575414 0.132457646807622
0.00273318833579526 0.00734572905106263 0.30253824139368 -0.182146755564237
0.00865515160911277 -0.000949859943913672 -0.00965931300008659 -0.255696285611229
0.00276999394180579 -9.93125051856609E-06 -0.0137477138384234 0.140463551030707
0.00682890395889676 0.0258375382006995 -0.225842232843103 0.0069188952978749
-0.0107894269416568 0.0124658522438731 -0.27106579112677 -0.360154122812503
0.00288431586782099 -0.0121891036793587 0.246307850098594 -0.627148770469124
-0.00169211435674015 -0.0182227837142849 0.840383310620475 -0.0364285764176121
-0.000845193645636899 0.00837200913612628 0.49954562394462 0.731553214188779
-0.0130424879763519 0.0167104093335018 -0.112567429500547 0.621851260515199
-0.0171448255754366 0.0112219152981075 0.0561390451951699 0.0203466934343951
-0.00477844337025937 0.0104178345071685 -0.0770299909988129 -0.559549366835853
-1.47382901694976E-05 0.0103028899540966 -0.841537963676182 -0.361017360552665
0.00388064162427567 -0.011894625580322 -0.68869134896504 0.583065530323249
0.0212804868240053 0.0180786206127661 0.263023055531275 0.68931184900386
0.0137635478882936 0.0347626469028016 0.527578690711778 0.135929447787988
0.0166231484812088 0.0100857698650346 0.301834608032473 -0.179351856306008
0.0123024421947008 -0.00223582452101674 -0.0102269114464878 -0.254202670980567
0.00591055233967161 0.00233440937529313 -0.0166037670731324 0.14342169139468
0.0165050035981187 0.0315257155105262 -0.22900128594786 0.0143969427996225
-0.00218712788087903 0.0251819978155435 -0.291117189818019 -0.346439460416109
0.00362271605086239 -0.00249595177960798 0.203557358990595 -0.641463542446115
3.69409009842031E-05 -0.0171446776150981 0.832855333663287 -0.0990457182395367
0.0120180604435399 0.0113854754860426 0.541932469633895 0.691546056787551
-0.00688085342795013 0.0303273798942051 -0.0852772150620884 0.625069420891149
-0.0163787217823422 0.0275481061101869 0.0551209547595373 0.0262992303985637
0.00666532164424658 0.0202128573844354 -0.054393637712688 -0.560920608103616
0.0111807466679422 0.00848248974628105 -0.82480395063054 -0.411181570607462
0.00607514823687315 -0.0109601839635605 -0.729714667208267 0.540192489845658
0.0267095699912341 0.0260644893594623 0.218988596487865 0.70360830544006
0.025975828253939 0.0438321226726223 0.5204620812529 0.164328566827557
0.0262824504231189 0.0133550721520297 0.307035105717579 -0.16310972675245
0.0145201266170796 -0.00170897709300158 -0.00880128872415593 -0.245954739193304
-0.00204481906651364 -0.0013605659477282 -0.0108664677494393 0.183324060079845
-0.024101231122004 0.0109455313082813 -0.224786990619636 0.105155356071534
-0.05373662568914 -0.0189364861914433 -0.420350192491144 -0.169948023548034
-0.0307087368485747 -0.0303909383417722 -0.14976189801088 -0.631338001885108
-0.0178464919101402 -0.00463086373984852 0.621371069024872 -0.484294372614845
-0.0180718211166946 0.0155109486345506 0.786777604374811 0.324722599114532
-0.0317101248420777 0.00246694212724939 0.143597768354211 0.623772459057986
-0.0191653367139455 -0.0271423611521022 0.061060368777106 0.0991137532220463
-0.0275982091089691 -0.0185101292593295 0.138698456112349 -0.518742128671949
-0.0292877723573843 0.0258200764460556 -0.578165649405994 -0.749353481239098
0.00286539896505709 -0.000555296221433018 -0.965248764627744 0.145624167417212
-0.0144004420316149 -0.0118763386953035 -0.157361418293972 0.754038414881562
-0.041901857271126 -0.0142094804471858 0.409047658191296 0.348033428098545
-0.0255038722542473 -0.00844355825490648 0.336354916973536 -0.0729318890732159
0.00693876193445595 -0.0016561550356776 0.00288844270657843 -0.212863696299028
-0.00373755295281074 -0.00224209562921466 -0.0108215600458142 0.170180255626364
-0.0293732428005438 0.00922853761547301 -0.227951688921501 0.0815963038637661
-0.0555706529643353 -0.0252318376892307 -0.395181137079588 -0.218903624687786
-0.0266847187809134 -0.0362178828989831 -0.063232236340158 -0.647250499598098
-0.0173955661730965 -0.00765006247954519 0.692499916137553 -0.395063316450664
-0.0260204145517253 0.013543581092362 0.745160549550469 0.431850292912287
-0.035526749551997 -0.00767509234495478 0.0859337229016678 0.634291571386678
-0.020272476164217 -0.0342303748158932 0.0611333044949237 0.081749316179596
-0.0333496395712102 -0.0225758741097495 0.0852526800044334 -0.535070450393265
-0.0330690834770048 0.0257494597835066 -0.667311800251029 -0.659768311948648
0.000765034443159089 -0.00348678376968357 -0.915419813485579 0.27957030016887
-0.0166738410941243 -0.0137577670662743 -0.0445599218685427 0.760515285349991
-0.0448782631423203 -0.0129258101065742 0.451891809392112 0.296333693885364
-0.028673789855578 -0.0067088782296149 0.33317823934494 -0.102197264566732
0.00494945230014536 -0.000647298554911274 -0.000646978786641989 -0.223878754406204
-0.00427536299889628 -0.00269539194873456 -0.0093593135321537 0.15866892827348
-0.0297097171817835 0.00866104824895964 -0.229550863571018 0.0576393189219644
-0.0513308214577603 -0.0278992157942546 -0.362916360754155 -0.26695220056936
-0.0194802545081598 -0.038834470719085 0.0349225801801064 -0.655497733006791
-0.0160785917042947 -0.00943425662041929 0.759164980702105 -0.288914134403011
-0.0307927537574296 0.0100670121246354 0.683898445323284 0.540085621804217
-0.0337583595134303 -0.0145678528086917 0.0218043434403693 0.640245571170889
-0.020416419763536 -0.0356464888427181 0.0605451673816587 0.0640250109906848
-0.0364035205018743 -0.020547198594499 0.0283059125256475 -0.548682750432773
-0.0325138190333676 0.0244388350025217 -0.746554852447372 -0.554871965140535
-0.000704249017829424 -0.00642211733784548 -0.848899304841024 0.404827236770298
-0.0145146510304337 -0.0105732377858503 0.06923626458535 0.753273411727409
-0.041849837124099 -0.00564023012962318 0.485440129939222 0.238424214989956
-0.0263961020675776 -0.00315330176265837 0.326388306454813 -0.135511568183606
0.00544600433724571 1.23289794889334E-05 -0.00501361310447101 -0.236340265464279
-0.00420242518297035 -0.00417360430887645 -0.00930542381894558 0.14889826911726
-0.0248762740538284 0.00999324412131958 -0.228254734537073 0.0376122423543562
-0.0429613405109899 -0.0246804384888668 -0.326494501591821 -0.309849600661725
-0.0101924498111474 -0.0372134805004989 0.126520636247126 -0.650600578636633
-0.0136330586948243 -0.0125504876900547 0.806975606947464 -0.178979859976306
-0.0294337311956784 0.00625813007466156 0.612353733888543 0.63536717297648
-0.0293763195964022 -0.0158914482016985 -0.037906677359646 0.63933108729777
-0.0198068671519447 -0.0314385248065547 0.0597707129500862 0.0457389557211868
-0.0346194212100895 -0.0164954315177689 -0.0246761295460902 -0.554896634406924
-0.0280771622647453 0.0232654599085647 -0.801433940572632 -0.456661060371268
-0.00164726282728714 -0.00816749739967139 -0.772737494403575 0.509060812818273
-0.00868420090381667 -0.00496614355568424 0.171989510202449 0.731123947801031
-0.0327786218074612 0.00468500247421492 0.511464720568864 0.183165567007206
-0.0195532109144375 0.0005762319761249 0.31580111172314 -0.162962301802606
0.005897654785328 -0.000378226821026263 -0.00894026066385765 -0.246213674877482
-0.00259760863168606 -0.00273395365819076 -0.00909052690226431 0.143269108533192
-0.0158859955628227 0.0137593840487304 -0.226783355923261 0.0210647264389989
-0.0313373157914981 -0.0153785380781753 -0.296629511031463 -0.338974766416803
-0.00432066167955882 -0.0309243994992134 0.198606386211334 -0.639925856160708
-0.00963996273363365 -0.014482693813824 0.832216137072375 -0.0915383069160448
-0.0234156817100526 0.00479187122627417 0.551970666501691 0.700602279741209
-0.0236017382159325 -0.0104152139295938 -0.0822924465473978 0.635226562948644
-0.0189106332368097 -0.0208984646568599 0.058134503517948 0.0300840429487795
-0.0284231481077925 -0.00781130504266365 -0.0652256881935648 -0.55660411277386
-0.020399856759655 0.019299679563821 -0.839136128442081 -0.376553569712544
-0.0006200966672225 -0.01038767513276 -0.711350696492599 0.576213798086613
-4.63294316218046E-05 0.00247368727340848 0.246721765889154 0.704898675744808
-0.0187703379642283 0.0167930451797644 0.527601005290876 0.141509657081504
-0.00898703656398056 0.00442301226965638 0.30566255845338 -0.182554823759095
0.00686127116531137 -0.000235394754836062 -0.0129880676281285 -0.254608195645479
-0.000724872021764594 -0.00143442949063874 -0.00917629979900163 0.140856830604174
-0.00509547532374132 0.0200842153338818 -0.225901672483503 0.0128296131802455
-0.0200281130595112 -0.00222500535548402 -0.281341247224432 -0.354040584719068
-0.00013431743622303 -0.022878740406361 0.235077979457642 -0.630128675974118
-0.00604096611183548 -0.0171881045194748 0.843830725466677 -0.0468723875421827
-0.0128391955935327 0.00575687481591622 0.513383518122391 0.73129846864694
-0.0181048157094559 0.00124688541704863 -0.102825822480002 0.628658013872783
-0.0177539539258482 -0.00577528878318184 0.057608016165088 0.0212399115231701
-0.0181401234041361 0.000295163745110927 -0.0884860450102603 -0.557012646344436
-0.0108829146897677 0.0147411153581915 -0.853053446356385 -0.338646556713341
0.00079923171748519 -0.0112233498313027 -0.677585685934045 0.60713058868413
0.0117264418606494 0.0100376287645384 0.28186288342619 0.688058495765305
-0.00247307583752283 0.0250535506079989 0.5324525945126 0.120259321783055
0.00370734739991782 0.00770042324264586 0.300391293421898 -0.191301089962105
0.00918181965683178 -0.00152336827407992 -0.0154152956627365 -0.258079106282384
0.00203342657854002 0.00013197255649467 -0.01205496296059 0.141749021079323
0.00692028619340204 0.0261555822808213 -0.226526310163162 0.0124217609661154
-0.0102494642647256 0.0133541047325928 -0.281783436067525 -0.356404346245213
0.0018401322050455 -0.0115301474761769 0.232781334174616 -0.635778706229164
-0.00245824930306163 -0.0178302294747707 0.843878459223355 -0.0545601653434877
-0.000684216234260817 0.00889000019350779 0.515634149749134 0.723868909262516
-0.0127152878097347 0.0162227460135004 -0.101813845373643 0.627020651262372
-0.0170446366223239 0.0115590755734716 0.0569994860363896 0.0181988504722614
-0.00364936936159409 0.0108630264767092 -0.0888136994673474 -0.559236796025742
0.0010096303587043 0.00999465079982384 -0.854131596074394 -0.343568319255768
0.00327513685909022 -0.0114509614465344 -0.680013474599947 0.599854340270401
0.0209035338491496 0.0168947092986406 0.281253731822798 0.686793692782816
0.0146033848433674 0.034741873167334 0.533957494428935 0.124805487996103
0.0162247311580886 0.00980059619261314 0.298638237725557 -0.188226101237113
0.0115743758474146 -0.00196823088104543 -0.0163737872451767 -0.255273039022516
0.00390726961889463 0.00200903802710396 -0.0137965740548598 0.146337732239713
0.018376594359183 0.0316450802278286 -0.228657958565461 0.0207720256286794
-0.00130637551243 0.0254288027396121 -0.301882198523734 -0.34129711551103
0.00325674465954406 -0.00232919864010666 0.190645862638864 -0.649962583872451
-0.000218794472786964 -0.0167850003903367 0.83197019523295 -0.116133167758087
0.0121431516861122 0.0116557239948115 0.558698765153589 0.683499482505252
-0.00582755278199415 0.0310971768824695 -0.0726610554968228 0.627939468804262
-0.0156874079092595 0.0283012140979052 0.0557689208860095 0.024219598270629
0.00717173099870406 0.0194394247547374 -0.065859000661789 -0.561987538414758
0.0117206927495791 0.00794314692194536 -0.837493759064848 -0.393487556900938
0.00558129044088617 -0.0120334121019797 -0.724251683983769 0.559847125233344
0.0277456510859096 0.0254104929865074 0.237118938712909 0.701173655503932
0.0268377315347145 0.0430190251977795 0.526434854192676 0.153766600672422
0.0273292974850586 0.0130737264713306 0.305669332884904 -0.171637195321707
0.014534289853104 -0.00121851443131108 -0.0131176872485504 -0.24793743896747
-0.00246392357770267 -0.00122486391116593 -0.00697221357154644 0.18430556528272
-0.0236389225102873 0.0111385316880189 -0.222979740352835 0.110479777528737
-0.0545335377021322 -0.017637799772343 -0.426042266124165 -0.161550463664194
-0.0315721304683033 -0.0296234502931142 -0.164928578734453 -0.626191206148096
-0.0173181232919941 -0.00481780890547872 0.6083556230844 -0.497007166872722
-0.0172083183161188 0.0165179367373974 0.792692107981477 0.306575346052886
-0.0315892990511765 0.00355770916692174 0.156156922781763 0.618714496033678
-0.0195492392095336 -0.0260387265197323 0.0637303746935128 0.0970147209038124
-0.027841985944223 -0.0175295556131508 0.128754929143444 -0.52149110194382
-0.0280846694073561 0.0263325565207577 -0.59472406417037 -0.736533986751477
0.00310229510303384 2.24712360876733E-05 -0.961391043729743 0.165973153572773
-0.0152025522269753 -0.0120448422790532 -0.141431281149661 0.756054337086818
-0.0423279946391741 -0.0130008819046752 0.416053848684911 0.341007071379483
-0.0254962738374116 -0.00725676199905366 0.336339277141556 -0.0803474302590761
0.00699158921023533 -0.00186274595794681 -0.00104522642175688 -0.214083893573372
-0.00424409036278765 -0.0022686153851677 -0.00713499788238663 0.172085626694347
-0.0282080752788541 0.00967639996106998 -0.227840413698722 0.0865096155221336
-0.0570501537988297 -0.0233139489549145 -0.401706584170109 -0.210466223682066
-0.027695698415147 -0.0356144123319091 -0.0762996416928733 -0.64775488863558
-0.0172392512283399 -0.00647490970119065 0.685864779488972 -0.410075525698631
-0.0255583466598564 0.0144000448566678 0.75307581924304 0.416516679890417
-0.0358164644722502 -0.0069195367607532 0.0972326612997095 0.63103254638354
-0.0204509501136819 -0.0344624404087129 0.0627663020138418 0.0810235061518695
-0.0343124915866211 -0.0216316018112715 0.0738572626069362 -0.536197759607646
-0.0323388537704229 0.0260351210224343 -0.680814449876725 -0.645222387405629
0.00128307079517862 -0.00313093972369469 -0.910994093599683 0.297243949037489
-0.0169389409687193 -0.0140279287910149 -0.028298107332114 0.762820737015461
-0.0448694826303582 -0.011700175720767 0.457725418035129 0.286840076270074
-0.0280041251017686 -0.0059286458923487 0.332768813091929 -0.112168661168593
0.00586162902518458 -0.000632246275246029 -0.00531377322391503 -0.225230721694717
-0.00474748080587393 -0.00300909758413491 -0.00619921101735342 0.159705428480149
-0.0296325062608891 0.00956919785907931 -0.229171143645947 0.0632333902191122
-0.0524065991053931 -0.0252676786842938 -0.369570192527204 -0.260029065226438
-0.0201984194105412 -0.0392024825963274 0.0191193897537292 -0.655772195946814
-0.016153423938857 -0.00953004786467574 0.754592609737431 -0.30389371695115
-0.0307149269263698 0.0108807132269276 0.695105578170573 0.527996365713664
-0.0346709257921892 -0.0137696776063289 0.0341915721530038 0.640058158512568
-0.0202098241058067 -0.0360931290314079 0.0615946634214189 0.06216081191648
-0.0366726118115304 -0.0205572858283981 0.0183217982830656 -0.547404781973779
-0.0313414815564144 0.0259375178837992 -0.759090365818333 -0.539085256360505
-0.00066296387010752 -0.00624423782814119 -0.84163991185799 0.424512376166813
-0.0146194165330949 -0.0111548271803863 0.0869717717539453 0.753287964390388
-0.042023047364444 -0.00504063102217774 0.492100011448354 0.228515975056386
-0.0261650446293716 -0.00225924005476847 0.324515593528703 -0.144344081943036
0.0050979535871157 -0.000692459991844346 -0.00881909742960567 -0.237036475311591
-0.00389277438903605 -0.00334361743141572 -0.00674523935816839 0.150408962131927
-0.0245961398615509 0.0106835693478703 -0.228691477273666 0.0422942806216144
-0.0433358305866602 -0.0235606771166442 -0.334997321586867 -0.302262307804662
-0.0120009368298393 -0.0370153774637829 0.11267769460514 -0.653426612963348
-0.0135852423923832 -0.0117319458177653 0.802566205835959 -0.196621896385243
-0.0292538240799483 0.00682194404630788 0.625888783521698 0.621051308633075
-0.0295695140939126 -0.0156287552984293 -0.025341146488565 0.640054426224259
-0.019932455880268 -0.030560979681451 0.0607741397288543 0.043755232831461
-0.0357292477675042 -0.0150701766056192 -0.0341985051271399 -0.553342386578121
-0.0271886169707905 0.0247047772646801 -0.813473289835227 -0.438753946261346
-0.00167734455805218 -0.00795393086015886 -0.764405549839765 0.526978523092505
-0.0091957079040886 -0.00483719461850055 0.188719462960232 0.728360323873072
-0.0326882874862705 0.00547137988608658 0.516538376372415 0.172666449384725
-0.0191661704719397 0.00110137375800731 0.312589281477935 -0.172148291977495
0.00609699106878224 -0.000282640793054144 -0.0147722506614599 -0.247775845068978
-0.00249543332539324 -0.00302799290137866 -0.0067687674133208 0.143692262796346
-0.01598979693158 0.0147749567298049 -0.226644190708363 0.0266012640920817
-0.0321763950586351 -0.0149899297586356 -0.305775998904146 -0.333834792948501
-0.0049136271424022 -0.0313788016721248 0.181620755500471 -0.644040397957436
-0.00959799065621227 -0.0152460483924719 0.830743123589997 -0.108443701344145
-0.0226703402280823 0.00530741894753139 0.565113567647787 0.690137565807044
-0.0247137078998701 -0.00999208470119721 -0.0692169905684453 0.635189641254305
-0.0189877793874472 -0.0208998320235927 0.0589820005625394 0.0285515990283318
-0.0290016892846458 -0.00772939403360172 -0.0770567543014151 -0.554859757993346
-0.0194843805266146 0.0195972806272121 -0.844457370217913 -0.360201316626991
-0.000632671228980579 -0.0108701295712222 -0.698909647402973 0.592761899878347
0.00142046841494746 0.00301020894028691 0.264041150063515 0.698809385247046
-0.0174452469127454 0.0169348128290278 0.53131322907121 0.128806175485781
-0.00869490570502774 0.00553636068274075 0.302174361441967 -0.191514020127019
0.00764745653845615 -0.000517648593310011 -0.0190409869509464 -0.255776786795514
-0.0012111041733375 -0.00191675953144171 -0.00737968996458351 0.141167488313385
-0.00483839468794377 0.0194567728928224 -0.224778617201937 0.0180337687827866
-0.0207158951740624 -0.000701459227920142 -0.289863615744128 -0.348751715221037
-0.000202742549701235 -0.0223433058243316 0.219971408052146 -0.637589202420995
-0.00591471959338748 -0.0169265544055173 0.843643791809538 -0.0649292107076955
-0.0123289328654251 0.00593495620223261 0.529378510317595 0.721700243110129
-0.0181705403764349 0.00106853332554833 -0.0913299373726205 0.631725751439539
-0.0178370353831274 -0.00539770801910163 0.0581756151583962 0.019200253344979
-0.0169737435444782 0.000562610621317128 -0.0995172024222044 -0.556383149692112
-0.0101817777012466 0.0151112187659005 -0.861013493714545 -0.319020783704093
0.000225211656460611 -0.0115644919025932 -0.663479670290001 0.622661813370476
0.0113227315063317 0.00977364516671384 0.297834761180753 0.681254028969671
-0.00114911863069585 0.0270238679880882 0.536619388336393 0.10839442658602
0.00378822491317186 0.00805688266879721 0.296838313807747 -0.2000919797116
0.00896865207616313 -0.001852094500441 -0.0204111189410817 -0.257348533205727
0.00245833685215461 0.000533418545034922 -0.00873961939901483 0.142567790528817
0.00806710219566528 0.0257877628675665 -0.226870196268134 0.0184142075545251
-0.0104070942320332 0.0134379754232732 -0.290519543145918 -0.351389064224093
0.00216845149899741 -0.0118542786154165 0.218110573186494 -0.641899826912656
-0.00185745496722026 -0.0179871469017541 0.843177736770123 -0.073341125744209
0.000575196689568106 0.00864435531688996 0.531699903236645 0.711740856844788
-0.0121600195854999 0.0164842576104274 -0.0884063457192644 0.627468529903921
-0.0164427261524158 0.0115449526433974 0.0570378370564911 0.0176668205556099
-0.00449133017678137 0.00991324458778102 -0.0997506261718518 -0.557553853478474
0.00138518188566136 0.0103813944106207 -0.862725490683168 -0.325154547302035
0.00248730064273493 -0.0116979030962665 -0.669603845420518 0.616656224104276
0.0218243865238912 0.0166192065204448 0.295924885939231 0.680040542545711
0.0158229270856341 0.034562530026739 0.536608311693682 0.112029001127428
0.0173170442693894 0.0100062234489756 0.296124639721779 -0.195434885795677
0.0115146881892917 -0.00220120982507851 -0.0211379401671635 -0.255794075732679
0.00446141303252588 0.0025472932260957 -0.0119934979209959 0.147578308001474
0.0185362918570333 0.0303877259618144 -0.228963894423261 0.0257096740369299
-0.00052234431918675 0.0262390662557505 -0.311051947730862 -0.335995297537838
0.00295393838074858 -0.00214566973243541 0.174789139325923 -0.655108249472945
0.000661188295639147 -0.0167553503494043 0.833635257073556 -0.131385410471394
0.013422545877432 0.0115458415030287 0.573967389101199 0.671192199679697
-0.00498337076166822 0.0302964555679975 -0.0607179681284495 0.629018445303643
-0.0156655528317834 0.0282626410624222 0.0564447284625927 0.0227142757344266
0.00722388083356937 0.0202310024004947 -0.0760603086095783 -0.560145611177579
0.0122359114767341 0.00778881099093953 -0.847608506630397 -0.374962526668986
0.00502819406565055 -0.0107990987543087 -0.712472335310397 0.576157914993238
0.0279614844293695 0.0248311234973385 0.251235546140662 0.695425187912204
0.0284629690049348 0.0427848600499664 0.531500525228636 0.141224027274862
0.0285040547723492 0.0129254874564209 0.3021641506154 -0.179674805131285
0.0140476238896129 -0.0022232844293812 -0.0193245979474359 -0.248698905533629
-0.00271785227261255 -0.00214009390640501 -0.00374791633652978 0.185385695195104
-0.0230204851383279 0.0107496798942435 -0.220319984659624 0.114854272182517
-0.0551879228585527 -0.0157498698496038 -0.429335134016983 -0.153293898750588
-0.0324351931247175 -0.0289780314526581 -0.178657055992488 -0.621466736183044
-0.0175528787680655 -0.004557631030518 0.597303662741874 -0.509525304151733
-0.0172358332898242 0.0171378500697584 0.796677714091028 0.29062729424798
-0.031698636915036 0.00354984300063625 0.168527087572087 0.613193318792267
-0.0201017307298763 -0.0259334085591944 0.0655593095673611 0.0961618571361968
-0.0278744401001426 -0.0172960520588934 0.117679463967903 -0.521760502828156
-0.0272566934228651 0.0270959757180155 -0.607214000540112 -0.721515618961402
0.00301722420717475 -0.000400936171146036 -0.956578306124139 0.187410549792792
-0.0152710906785055 -0.012318883459445 -0.125589556723757 0.758121364541278
-0.0419846953496264 -0.012456758717841 0.422280655588464 0.328149834771263
-0.0260600152324236 -0.0053609980848556 0.333722998322885 -0.0890325836078311
0.00673463052212054 -0.00243291557462604 -0.00588910790195512 -0.213966514076698
-0.00461846557609015 -0.0023447146789844 -0.00339575364459462 0.172267878296375
-0.0280671420392739 0.0105317815507432 -0.224941106226824 0.0928209642329615
-0.0566341294021061 -0.0220422483978897 -0.406798803606008 -0.201576990481875
-0.0287331396527969 -0.0345915249458938 -0.0924161826809903 -0.643047612891611
-0.0175872808118732 -0.00638152281300506 0.675408503927057 -0.422684503587514
-0.0248557429043438 0.0163680252663797 0.760238642942485 0.397738408913089
-0.0353318295598265 -0.00655331144932157 0.111184064773999 0.628052919231938
-0.0205449091845723 -0.0338369880543036 0.0647812715728258 0.0788443157720649
-0.0340557703905492 -0.021047108038463 0.0653107586473312 -0.534740303604767
-0.0310411766238478 0.0268976764048822 -0.692953282622682 -0.629276754471171
0.000133707256593169 -0.00340448844596524 -0.902377067039253 0.3204640729661
-0.016314747356717 -0.0143788191518931 -0.0115444160500028 0.761877018360256
-0.0433855226209861 -0.0110964045998125 0.463276902247487 0.275819892407668
-0.0278679552548745 -0.00494915015657769 0.329847244278599 -0.120219812122468
0.00565745643837749 -0.00165130645277135 -0.00993164423213399 -0.224924013883069
-0.00514422041503912 -0.00355424841546705 -0.00379123280805583 0.159779924938441
-0.0288247304854195 0.0106758892344531 -0.226806247410194 0.0684827583129547
-0.0526422184738474 -0.0244666460940806 -0.3763832878852 -0.252818173589319
-0.0213399664024127 -0.038390544990548 0.00412356376037114 -0.65672028980324
-0.0168239833266509 -0.00865314017764563 0.74577641520387 -0.319330981559749
-0.0290083218419862 0.011990897935108 0.704934259053203 0.511419955810654
-0.0343978740112513 -0.0130339684338939 0.0471084821395462 0.635541335627094
-0.0197039954739741 -0.0346657262928022 0.0632125103258181 0.0610223308749093
-0.0382667197826945 -0.0201099571810011 0.00743979777448854 -0.545347156696594
-0.0310110498044388 0.0266363963093663 -0.766480447399826 -0.520996466853376
-0.00144321112709254 -0.00675325330258319 -0.830078460636316 0.442296795615785
-0.0144206499090074 -0.0109062123951247 0.102232432220238 0.74967982806987
-0.041395392838581 -0.00352288875415568 0.495375572988014 0.216657888540749
-0.0273894923301737 -0.000978710078448313 0.320991951051663 -0.151112552956272
0.00530181727126132 -0.00166380111224218 -0.0148637731432939 -0.236558473646584
-0.00495451510263497 -0.00365086703459079 -0.0036134691290862 0.150719991786431
-0.0238468208685903 0.010936735222311 -0.227329317096295 0.0473379989804622
-0.0438613377778112 -0.0218943637992631 -0.343485198543545 -0.296291740447509
-0.0121981210119203 -0.0364407200824832 0.0975302851032454 -0.655285580392275
-0.0131831045955772 -0.0124323589360986 0.797540887241935 -0.212713022739779
-0.0289996834601133 0.00761241948947386 0.636746365623063 0.606817148573517
-0.0306184748653324 -0.0158226152282721 -0.01194231346724 0.637921990742309
-0.019606803610777 -0.0308651328040231 0.0614572867161947 0.0421008438426016
-0.0354364795816486 -0.0142781071788534 -0.0452846394745594 -0.550065736417308
-0.027671742725909 0.0240933617336111 -0.819971267929209 -0.420151954764991
-0.00206207802602491 -0.00872137000416189 -0.750163621392332 0.542897213538401
-0.00858082492142027 -0.00501190523476418 0.203806618432229 0.721329717046334
-0.0318464657325952 0.00730045933615006 0.519089268866046 0.158954031000212
-0.0194771846429295 0.00243424611340614 0.310008554334647 -0.177916384602761
0.00686449118475606 -0.0004937579674591 -0.0193128864112026 -0.246544740964373
-0.00327248900854964 -0.00316573097574134 -0.00457629820146872 0.14452734851475
-0.0151107668701691 0.014300980085182 -0.225099123131891 0.0323148388060087
-0.031191071162539 -0.0138686059338731 -0.312917080254971 -0.327827844105582
-0.0055722107509071 -0.0313853676221125 0.167533148077315 -0.646328370933937
-0.0096253502542026 -0.0148085498014907 0.828091786054666 -0.125770650450622
-0.0226494663459633 0.00707351925687179 0.5776231591318 0.676679387642203
-0.0234594650886504 -0.00894661230027147 -0.0556239865080315 0.633488678001538
-0.0189781513360678 -0.0197562932453188 0.0598351604312552 0.0266302125817595
-0.0279276257755775 -0.00779698051896572 -0.0853326569568604 -0.551633101044759
-0.0193684237227949 0.0205972043136117 -0.849863924004583 -0.338933147000098
-0.00122378991926711 -0.00967027582066591 -0.685904338142939 0.606444596419492
0.000733657689684647 0.00187752567730441 0.277944049317337 0.690371041121313
-0.0163725440309197 0.0175289062519191 0.533280759909632 0.115469541806966
-0.00887350435232612 0.00585967287614094 0.297874603223186 -0.19803119077291
0.00715211455181706 -0.000551487456711188 -0.0233969997624217 -0.254960208937659
-0.000305181771110519 -0.00157935113937865 -0.00525606792576765 0.141344432347512
-0.00334890080124007 0.0198625217165081 -0.224226032889147 0.0227911787828177
-0.0200622600034191 -0.000767810058711393 -0.297508064028846 -0.343074301119056
-0.00129692683200047 -0.022366220748118 0.206279060713856 -0.640813840124707
-0.00573049958685797 -0.0169224310108619 0.840131125271162 -0.0811635638605028
-0.0109805175583861 0.00686115274311009 0.542568872118258 0.708973412564628
-0.0183633123032845 0.0015106393592332 -0.0781247749316903 0.629930048068518
-0.0180501425171207 -0.00576641172214837 0.0588698322728717 0.0186976271087459
-0.0170049802389461 0.000481505712072347 -0.110612297464482 -0.550849485275607
-0.00880575251231509 0.0149846819114339 -0.866874502321253 -0.299795187697338
0.000209440202351016 -0.0115596263807892 -0.649950735914025 0.637706314837659
0.0113707240985852 0.009511110196205 0.311645625763138 0.673170333634215
0.000981659104661544 0.0262039865090318 0.537778954935043 0.0946969430186731
0.00465591707908465 0.0064631881211672 0.291718297841727 -0.20679641505701
0.00928613967429037 -0.00205621432905094 -0.026563592953872 -0.258222351757011
0.00102853017157994 -7.58312971844946E-05 -0.00565147392950986 0.14278068746165
0.00879075567268212 0.0264972369225384 -0.225343130341223 0.0227957111070959
-0.00959917027236603 0.014118986271895 -0.299811701463585 -0.343826871956839
0.00155215187142613 -0.0109785452703429 0.201465910778176 -0.645075748923189
-0.00217114405047086 -0.0179798597288652 0.839938740167346 -0.0903330396065213
0.00111974711597258 0.00974791865155536 0.544793656019415 0.698708739281494
-0.011831673232804 0.0154044317177749 -0.0750399248069221 0.627042468322927
-0.0169177325538603 0.0113799754364373 0.0581662687957115 0.0163603670520371
-0.00393001416439624 0.0100420613122267 -0.110418278639356 -0.552117135412992
0.00122855440108091 0.0101994416813796 -0.86632931184452 -0.305984770996546
0.0015279381165487 -0.0115852870889744 -0.653974639859013 0.629760815780705
0.0224799296617184 0.0172990984154648 0.309634419122569 0.67214252260157
0.01687301943172 0.0349315344737046 0.539594142506287 0.0988810191195691
0.0168346147658111 0.0100058017754406 0.29193480660823 -0.202934453307324
0.0120699697444607 -0.0026482310925284 -0.027177485153297 -0.256087212940082
0.00416173918005645 0.00190819489921368 -0.008068631675969 0.147147197523873
0.0198805418506164 0.0302661708850504 -0.228152073356856 0.0297814836222963
-0.000220094883875397 0.0264186446897809 -0.318147893566486 -0.330184491093492
0.00265823249477219 -0.00198392139201901 0.158737088885012 -0.657892445325031
0.000182140426699935 -0.017062194069859 0.827263402902083 -0.149508539591129
0.0135490048512456 0.0120924134034528 0.586630726494824 0.658199754522862
-0.00544177757215399 0.0301452132744385 -0.046649963231172 0.627511456301917
-0.0147245565179655 0.0284439336534511 0.0572766769009537 0.0213057444580716
0.00829485606562384 0.0196220863375105 -0.0861648267825537 -0.554763281887104
0.0128925970163527 0.00810325912250116 -0.851522952210659 -0.35777877100408
0.00408876288735077 -0.0117984996075895 -0.698458298918308 0.591045264219263
0.0280562640998978 0.0247098927860365 0.267281632536638 0.690287878269033
0.0299840337752956 0.0425713283669658 0.532525651204047 0.129118865309204
0.0289395628211444 0.0130551795120805 0.298289662459525 -0.186394510658485
0.0137808139560308 -0.00318035295590061 -0.0236379135348534 -0.24815793171142
-0.00276259054837235 -0.00220136002967713 -0.00115878524304889 0.184797893304009
-0.0221731503612169 0.0115403069803461 -0.216998830194724 0.118999879583688
-0.0551698911972863 -0.0147130361093645 -0.432155244310437 -0.142917820856395
-0.0333818928522994 -0.0283840396806527 -0.193256987976621 -0.615104149370613
-0.0178243893096208 -0.00362436361590507 0.585019534604741 -0.518386328440184
-0.0164515758000422 0.0173714035206065 0.797082846179643 0.271845193648862
-0.0316740387045541 0.00330312934110019 0.17977146929589 0.605713420232572
-0.0199865910817695 -0.0263812462711138 0.0675843224904444 0.0933377137785285
-0.028060696987254 -0.0172889970009732 0.105451627600156 -0.520475352650602
-0.0264315374039756 0.0275388106564943 -0.619453446333024 -0.70517863081559
0.0025528414624647 -0.000129330045464962 -0.946264652774627 0.207168096014304
-0.015324511519518 -0.011237774480522 -0.108621363127264 0.75778664981409
-0.0405669790415014 -0.0103570838593616 0.428153894191977 0.320225812962897
-0.0250056843039975 -0.00568469463975527 0.331396743873873 -0.095768738039532
0.00676076796916814 -0.0022495269506009 -0.0102024559232746 -0.213626822333298
-0.00371821351471025 -0.00187194376613374 -0.000391927604110228 0.172084898215515
-0.0274953989980328 0.0110462475497062 -0.221224099757763 0.0955826840033603
-0.0569705970630674 -0.0201641975938445 -0.409376760555717 -0.192456834364158
-0.0293609298121876 -0.0346505287606894 -0.104778560017596 -0.63786729797117
-0.0168765586722864 -0.00637376254595254 0.661909243708321 -0.435414894162985
-0.024694739701935 0.0165240192847774 0.764574677016958 0.381461535029419
-0.0356616328759825 -0.00552622169765429 0.121422603562787 0.619910046285731
-0.0212420496597634 -0.0325367949681443 0.0656495962013998 0.0768058855557115
-0.034111450792497 -0.0198906981090386 0.0549898271956396 -0.533378094099811
-0.0301148394137602 0.0274952562012265 -0.70220001828636 -0.61029752274149
0.00061123453988041 -0.00285832241041859 -0.892591114818014 0.337211558552017
-0.017268293187553 -0.0136503712400085 0.00449177338884522 0.75714322115233
-0.0432385314981189 -0.00888419438507029 0.465609268148595 0.263746580545815
-0.0287844343162157 -0.00465650055374762 0.325548740638901 -0.126435706012323
0.00631289679989743 -0.00224348184997417 -0.0133342242245431 -0.224599345018901
-0.00552021100306273 -0.00300559610470988 -0.0001277718830656 0.159936809772845
-0.0276938096053208 0.0102522797633217 -0.226066312283835 0.0730031549252011
-0.0535232528626783 -0.0237319743840793 -0.379929599108811 -0.24389810273649
-0.0221492065843601 -0.0376759502244897 -0.0101703412106704 -0.652261094324777
-0.016218800707397 -0.00860465429807287 0.735559586030771 -0.331954270167491
-0.028977435041157 0.012271077187574 0.71004175092612 0.492792325873389
-0.0346336825887772 -0.0130919497536003 0.0583986941822916 0.630816141096659
-0.0203973098442583 -0.034662928448269 0.063948809442452 0.0588133453448679
-0.0375883091417541 -0.0184622188264783 -0.00209537388952188 -0.542751910070943
-0.0303530775515047 0.02805959684651 -0.771584423054115 -0.502932018013666
-0.00221181481938533 -0.0062353086271456 -0.818333361064066 0.459084076491525
-0.0152356391800942 -0.0111551396432193 0.118353063867772 0.742409427504105
-0.0402355436871749 -0.00131192022630626 0.497912142662652 0.203362001746233
-0.0255407918112727 -0.00177698667061064 0.31606175069922 -0.157987392603942
0.00609132980978603 -0.000563560372742095 -0.0195012355736254 -0.236654798215724
-0.00422507759206679 -0.00376435644142842 -0.00148544834092894 0.150476065191686
-0.0227882268017732 0.0109048401028346 -0.224278242143759 0.0523498212702201
-0.0436824762213121 -0.0204574021132203 -0.348195210221482 -0.287926078583455
-0.0137001001563741 -0.0366929478184095 0.082711825624971 -0.653196444069188
-0.0135391730423633 -0.0120797133301418 0.788799352494962 -0.227579184400792
-0.0282066249087417 0.0089547845525345 0.645291515546863 0.590594135245777
-0.0302105922908005 -0.0145545520940139 -6.28971923004024E-05 0.634586625105174
-0.0205368192409758 -0.029889957821978 0.0619721441221301 0.0404309050208076
-0.0346998236797989 -0.0143264514810747 -0.0564269825096888 -0.545619981012173
-0.0263620665265768 0.0246381125405844 -0.824884169420521 -0.399316704963052
-0.00272043797227821 -0.00883883334968246 -0.736945475113577 0.555553387973144
-0.0089241127377308 -0.00472095670111172 0.217979803884759 0.71258833568479
-0.0308964989128233 0.00771695075654665 0.521057868440238 0.147305364739867
-0.0178621950021256 0.00260041752080563 0.303039469103323 -0.185221397485758
0.00577740826446392 -0.000608357522915987 -0.0241180861866843 -0.245902939570435
-0.00259189410144991 -0.00376596550809227 -0.00170916568499719 0.145884182901477
-0.0146688406481795 0.0141541576904869 -0.222560910706345 0.035994757904127
-0.0314977367009331 -0.0121196839486181 -0.319841151657939 -0.319448208614622
-0.00691124097920559 -0.0321233337223507 0.152119749700757 -0.645615100678442
-0.00998674092740126 -0.0139288308341837 0.819516845535144 -0.141967738055333
-0.0216597609740631 0.00712134244798791 0.585194058722834 0.659810259412502
-0.0246030824088793 -0.00942370348891126 -0.0429748002823499 0.631015859244559
-0.0184476758080328 -0.0198975734611149 0.0590600170114 0.0255872106989662
-0.0286758604764725 -0.00658811054733505 -0.0951308910165315 -0.546783174201652
-0.0181674290665605 0.0213672510736625 -0.853585015202148 -0.320364589262166
-0.0018997464247048 -0.00990724404914184 -0.668701875131083 0.618424439610446
-0.000402083946708104 0.00172059621445454 0.29128803842565 0.681053801161362
-0.0164449964342624 0.0167169541245302 0.532104334701646 0.104183757115413
-0.00788931525862422 0.00560882026008844 0.293497408026396 -0.204983213754538
0.0069217675371612 -0.00170851969731101 -0.0294214725055831 -0.253555624725187
-0.00284540044056385 -0.00193756715193182 -0.00241258257719195 0.141889265260916
-0.00242931086082257 0.0198738583367686 -0.223312530614488 0.0271700085668123
-0.0203492330982817 0.000692092580521257 -0.303440188164341 -0.334657171053057
-0.00257050790783642 -0.0221987371325666 0.189084549794189 -0.64143764262399
-0.00620267648967158 -0.0170432063667068 0.833650360139787 -0.0977089792097972
-0.0106049333850747 0.00780337709068176 0.554058051496549 0.693474908504108
-0.018449788932268 0.00152429443981857 -0.0654991784433363 0.625840252935296
-0.0171464562584924 -0.0052082630340653 0.0583255443825783 0.0164233155249103
-0.0168710837970818 0.00208773983310849 -0.119104104593193 -0.546525783827938
-0.00862682367547468 0.0152690645798315 -0.867301938137383 -0.279504870375519
-0.000798139460637497 -0.0101609286128808 -0.634199889510293 0.647583840345026
0.0119554068787059 0.00834367406581036 0.324945077973511 0.663987952373045
0.00175230382461989 0.0267460432973248 0.53639250701757 0.0830757038016298
0.00462919653980448 0.00805409705248902 0.2863247214122 -0.212648973516388
0.00904373656911769 -0.00215336624995766 -0.0318458355465165 -0.256168184219856
0.0010213057399836 0.000210752044694656 -0.00318256621816006 0.143315686510576
0.00979674603555641 0.0254613426554382 -0.224345736600052 0.0265856433840589
-0.00909547578414882 0.0150445444390606 -0.304930564400836 -0.335660014881721
0.000491814068351461 -0.0123797708475282 0.18737455011183 -0.647029313064911
-0.00343089352397992 -0.0176716033821237 0.833674508125803 -0.107660618863614
0.00252538693611254 0.0102240228160029 0.557145337347081 0.686315307888777
-0.012696116687652 0.0163383676905847 -0.0647382207765141 0.624981685821535
-0.0146451686906864 0.0124383314010934 0.057659977160301 0.0147377473123397
-0.00388181769486971 0.0109538072641245 -0.118742289719924 -0.546237642011398
0.0023711746503979 0.0110264341096489 -0.866896047368562 -0.286213213341781
0.00222250185553134 -0.0104699554736575 -0.635536433583984 0.640503790968897
0.0224336728578377 0.0155682079459483 0.320441408514592 0.661628608987267
0.0184273002249545 0.0345638423813086 0.537443841383457 0.0865827581414701
0.0173596348639999 0.00875838970824601 0.285488726416651 -0.207905345927457
0.0112883397685639 -0.00297532426069626 -0.031934514279086 -0.25369981449474
0.00260872675299187 0.00207736011888989 -0.00596929355747948 0.148524167206914
0.0191865235346978 0.0293683845239151 -0.225664922395926 0.0349756349088645
0.000362934393757929 0.0269044956787153 -0.324515320106597 -0.321184021982624
0.00243171718308999 -0.00213089822229289 0.144923539759718 -0.656263349018117
0.000168781216493021 -0.016664412953665 0.819227839379364 -0.165490945346853
0.0143090162632084 0.0108220046152681 0.595292613668437 0.642899503787668
-0.00496372810008107 0.0303470874665199 -0.0371194216540078 0.624002417590911
-0.0143547716147676 0.0273443262761374 0.0575410769819671 0.0201786773064403
0.00909689097479017 0.0194920098178899 -0.0955813256411023 -0.549799069987958
0.0131073290551179 0.00730174797216062 -0.853137391594948 -0.335797135790957
0.00399797982796902 -0.0102600339882851 -0.684110238990683 0.603354166055871
0.0293869004580127 0.0241352189746063 0.279276562446279 0.677879852221738
0.0296434156938853 0.0427669516072342 0.53371497396667 0.11703400707909
0.028405997244655 0.0122069467370858 0.291958219089573 -0.192230186403287
0.0134888577929151 -0.00365346884056029 -0.029325287579542 -0.24621860041964
-0.00359397095505488 -0.00166192866112262 0.00359677161993467 0.18434964247607
-0.0218707252080575 0.0122253921397413 -0.212407699771565 0.122279850801215
-0.0548830798116233 -0.0130766235967962 -0.432004709626074 -0.13400707238298
-0.0333655261097093 -0.0270415162481483 -0.203253469367815 -0.604256635357987
-0.0169511036018282 -0.00321896970021397 0.568837726161805 -0.523053354807549
-0.0152767566111191 0.0179353225266795 0.794543050867651 0.255329858631134
-0.0299304866665524 0.00444195611033103 0.18826323185786 0.595870138146712
-0.0205436061229945 -0.0251126436849508 0.068418623415296 0.0914341828849967
-0.0276621873321994 -0.0161059500936768 0.0987873144281451 -0.516452532240776
-0.024632825863028 0.0277266193155314 -0.625354471970683 -0.686477029721177
0.00262332253764011 0.000187647194623754 -0.935037978715519 0.224403578493048
-0.0147100813498984 -0.0107674326176743 -0.0910709081592337 0.752359630803192
-0.0410292335710124 -0.0098207489834432 0.429680690341087 0.30808962169003
-0.0246603517174715 -0.00462622358956216 0.326011376736652 -0.100788020339394
0.00726315579410818 -0.00234254138085372 -0.0125457199637109 -0.212499483875722
-0.00514420485817367 -0.00144133982983359 0.00367583475260957 0.171187305643125
-0.0265406233845537 0.0113893634536916 -0.218478417435633 0.0998406970407335
-0.0571680078103094 -0.01941137216854 -0.411520296818761 -0.183802655307022
-0.0297470116764166 -0.0338099917156047 -0.11818425511332 -0.63097315586752
-0.0168580601268325 -0.00586009231339009 0.65001643698552 -0.442765674982795
-0.0225058394126499 0.0167152177924734 0.762378266390968 0.36463184206282
-0.0351310016860126 -0.00535768341221155 0.129500840367479 0.611981502782808
-0.0209247361520044 -0.0327318603561252 0.0666917002939545 0.0757103049464226
-0.0333993857310977 -0.0189929591510927 0.0466787108155437 -0.52854691704846
-0.0294215795627527 0.0275160959910025 -0.706251070076859 -0.591294159845881
0.000197669384493927 -0.00327942403829944 -0.877215904149848 0.350280432704547
-0.0171482927180446 -0.0133686046836767 0.0171891440520654 0.751621892710585
-0.0438188286663026 -0.00757815924516201 0.468919543552942 0.253974325922297
-0.0271438416285811 -0.0029839911457582 0.320687092629565 -0.132446857471032
0.00540354156710193 -0.00223256265861652 -0.0180860839422087 -0.222959578589547
-0.00610254647481897 -0.00359743816903809 0.0014137379722336 0.159859824291773
-0.0270351062910574 0.0103341724580052 -0.220412302648514 0.0765267572659787
-0.0525681491625494 -0.0216215419234685 -0.382943015860065 -0.234781286813096
-0.022447238754556 -0.0369867191175625 -0.0222421986126944 -0.646307718774729
-0.0151357906244556 -0.00802152903565875 0.722396152236372 -0.343291262530095
-0.0276625526310643 0.0139391285016767 0.711684503708021 0.477945130513944
-0.0347611729047663 -0.0126228383677928 0.0695161170611148 0.623545147984411
-0.0210848127759866 -0.0335774952889684 0.0656168000799698 0.0574758354522693
-0.0369884272059224 -0.0175148233868365 -0.0112506216673872 -0.53707211943767
-0.0293563380467018 0.0280078133389507 -0.776565470807662 -0.483621747995982
-0.00175085705442867 -0.00618453965606151 -0.799565726177447 0.471681834838682
-0.0147924660875673 -0.0105296297852507 0.130981369809992 0.73427267159266
-0.0399421674185273 -0.00151052375702533 0.498328436862146 0.194505159745489
-0.025245971042508 -0.000225638675685067 0.310307858180366 -0.164407747866602
0.00589746090611405 -0.000601057748626737 -0.0235020814530069 -0.23389546382101
-0.00588844333715244 -0.00413174135222356 0.000961832910345195 0.150259465243449
-0.022580930881117 0.0118786278967136 -0.222165293983586 0.0558942001409463
-0.0434369755337081 -0.0196323130626316 -0.350970320203296 -0.280052599232406
-0.0138232382336959 -0.0357936016106072 0.0680632535880366 -0.649693600800704
-0.0129231589321972 -0.0114461934171487 0.778200318704527 -0.238981862473999
-0.0273304084647122 0.0100120139539821 0.648882013156471 0.573507585794512
-0.0298016564586104 -0.0148740954331333 0.0110203811110031 0.626605660940392
-0.020763903748542 -0.029841280586785 0.0623245183974995 0.0383273522511864
-0.0351840025067065 -0.0124067697136549 -0.0661899681536055 -0.538797943670413
-0.0249528790332319 0.0253593178340603 -0.824499790250152 -0.380944487400484
-0.0029117616115111 -0.00842137653536109 -0.721816653885481 0.566318830098214
-0.00897896170932656 -0.00439286318147373 0.229624032455621 0.700684392117307
-0.0296356829998234 0.00862712952287827 0.518923435233315 0.135527092865973
-0.0176450889003114 0.00309655315407989 0.298646513186283 -0.191445623087828
0.00620776041919611 -0.000974591444217941 -0.0287868134320942 -0.243984878200146
-0.0045103997177496 -0.00266184600895791 0.00125747847656299 0.144154070384891
-0.0140285675990169 0.0150398895764821 -0.220988687739095 0.0391343849396935
-0.0319263179277564 -0.0113871472374426 -0.323985742757673 -0.310293648480038
-0.00742444090255294 -0.0306517721541978 0.139459953598023 -0.644422035546448
-0.00962622543653874 -0.0145251310320633 0.812224448636944 -0.155904548726359
-0.0202413453039438 0.00797786553733482 0.593184319242129 0.643566453007451
-0.0236535040378129 -0.00932722459233418 -0.0327829167072119 0.624254769518237
-0.0184409593827251 -0.0194195913255392 0.0608599212537067 0.0242537610182213
-0.0287581856598839 -0.00610383686655837 -0.10452137571251 -0.539054332577356
-0.0172458048631441 0.021095770801436 -0.852143521467549 -0.30100081335462
-0.00207103106463153 -0.00948509141211914 -0.654099490725753 0.626152907052278
0.000450931760466081 0.00184180392213895 0.302204146224156 0.670352228374174
-0.0150158754851915 0.017949602559105 0.530235211058621 0.0923241457850844
-0.00699381052767217 0.00589156230958462 0.286703856336242 -0.20869312522628
0.00777728251475616 -0.00103668181862892 -0.0335970294400209 -0.251272183924461
-0.00220319700391804 -0.00120335645088686 -0.000807816820049581 0.141819676039807
-0.00157076704280288 0.0193804601791532 -0.221334314188472 0.0318097364010883
-0.0200527086167823 0.00160911727971426 -0.308925643205489 -0.327142080140748
-0.00255397267415078 -0.0213425505594655 0.17554104145383 -0.63996608628543
-0.00574615231671959 -0.0169110070432316 0.825356343245283 -0.113044441821544
-0.0105539417631184 0.00786754305419442 0.560330964130033 0.675722360960505
-0.0182477196528693 0.000745463040585027 -0.0555255267058269 0.622833534362479
-0.0170709219294955 -0.00448312588890278 0.0579140305485332 0.013897451304432
-0.0162073670598681 0.00206531712950335 -0.127511933698442 -0.538199141469329
-0.00824873815241686 0.0161091875313147 -0.864678827364165 -0.261625568231135
-0.00109005963497147 -0.0109652666412387 -0.614501548278318 0.652319169356053
0.0123699060624671 0.00814077803354799 0.335597068020942 0.649939270698627
0.00259000844998201 0.0259869798178747 0.535826631531684 0.0713469540525085
0.00472064571751824 0.00796579269388974 0.278840175593429 -0.217624514193961
0.00970606095636282 -0.0018363397624505 -0.03525104523462 -0.254406488484792
0.000151013568583379 0.000855815220286739 -0.00113582363863267 0.142518228822241
0.00992424781967678 0.0247542086368704 -0.2212631854235 0.0312940896484852
-0.00847247036301751 0.0150527355949232 -0.311332045951025 -0.326777292970907
-0.000714327234303601 -0.0119373589266467 0.172832644222521 -0.64132166004265
-0.00241665035219918 -0.0177891160466783 0.824593997253741 -0.121574528136398
0.0026570320128755 0.0100145071348742 0.56256866251306 0.668803841541401
-0.0112902794975503 0.0163749518727217 -0.052722140295835 0.620438005916922
-0.0146524446963004 0.0121118750630608 0.0572005239028652 0.0129444674744131
-0.00324732824610771 0.00955712648923623 -0.12781312112331 -0.540625249831012
0.00220263814449991 0.01062012394785 -0.865599971170856 -0.265451994542761
0.00130884821214879 -0.010555615461726 -0.61955987217597 0.647625003014554
0.0226313328378009 0.0155443810928975 0.332420015913419 0.647786061409376
0.0192398272605487 0.0329090435877511 0.533782208101272 0.0746316430774186
0.017627440827308 0.00951520529387778 0.279377729084983 -0.213138098401276
0.0106328968400833 -0.00338109972381808 -0.0362663354495894 -0.25171160528369
0.00265203730827412 0.00280428067146074 -0.00324150533365663 0.148797496065908
0.0207622067464451 0.0284730551656276 -0.224803269398549 0.0392782054723084
0.00159478916712474 0.0270136229344904 -0.328915495666612 -0.311694286056372
0.00178144000280888 -0.00216011202355206 0.130916662998919 -0.654555012593474
0.000247051562791104 -0.0177239653991612 0.808824461510783 -0.179740282437881
0.0153735402628908 0.010537257513241 0.600809113441442 0.625189855923697
-0.00378691659679418 0.0298187986055722 -0.0249379831895654 0.618891253195633
-0.012443763454899 0.0273828492339522 0.0572827528387457 0.0185775441112809
0.00900645036311768 0.0191932362792354 -0.104586447705438 -0.543706176504774
0.0131932785031086 0.00725974073470364 -0.852196467418211 -0.318281270013255
0.00360234484153137 -0.0101736590951013 -0.666413860609197 0.611853476162995
0.0285153418427112 0.0228752270042095 0.290651073554611 0.667288697655828
0.0318538155356354 0.0412674809594022 0.530691781327245 0.103753201895468
0.0290018721499463 0.0107971567840267 0.286471087997906 -0.198733156482408
0.0139290159670918 -0.0033139458287706 -0.0331912423821982 -0.243599369644599
-0.00388830773563844 -0.00135510303727108 0.00559272227127101 0.183186719164872
-0.0208148034131526 0.0116973843903125 -0.208459524028116 0.125341240725709
-0.054115584972724 -0.0120925404094333 -0.430330696810731 -0.123609342299609
-0.034001502369494 -0.0268170793012485 -0.212097479887146 -0.595303017123119
-0.0170208326909592 -0.00291880822473532 0.555254294753351 -0.52585104803877
-0.0140716205592715 0.0184877039582948 0.78958463982714 0.240659913350069
-0.030404784304215 0.00432115807613172 0.194302248597032 0.586036716567002
-0.0202279594470648 -0.0251447453041991 0.0691875693538195 0.0894173892627813
-0.0267938941232214 -0.0154692520217917 0.0892662429320369 -0.512519733236957
-0.0243890035225322 0.0270135763461468 -0.630191790879001 -0.668512199265352
0.00167784177043667 0.00010631040447022 -0.92217261718215 0.236663153338363
-0.0153177269075244 -0.0119015730689792 -0.0795878429062787 0.74708913452813
-0.0399410209913096 -0.00868643479013752 0.430791710647392 0.297693699166975
-0.0244251010059668 -0.00476563793597911 0.31976607718278 -0.107590670770857
0.00726760601562314 -0.00316297655223575 -0.0169302836024718 -0.211385040928442
-0.0045869713177267 -0.00248305668167126 0.00443157341612364 0.170404302464819
-0.0261873912070417 0.0110399136160974 -0.215146509294426 0.102189559097642
-0.0568330208522455 -0.0175207285810223 -0.410421477976299 -0.173876314219031
-0.0299935176381185 -0.0332761619728219 -0.127488071987067 -0.621033325596589
-0.016562014086745 -0.0043050764500742 0.63587039618131 -0.449214008278027
-0.0213957384856332 0.0174973043812259 0.758834188960502 0.347333260320417
-0.0349785735586956 -0.00533805116276937 0.137685413534557 0.603797807069015
-0.0210786337940526 -0.0328880684139734 0.0657855345492396 0.0718814409392562
-0.0335885312307774 -0.0191912242524161 0.0372345518056299 -0.523219238529508
-0.0285945961019961 0.028411762891791 -0.707698737265747 -0.572373817119691
-0.000264929564349033 -0.00278450301872401 -0.865399306020521 0.361865424868762
-0.0166089378250563 -0.0130998004744791 0.0318204200256155 0.74390194300281
-0.0428232257949242 -0.00740756370725765 0.466918875284448 0.243319382391812
-0.0270413513101696 -0.00306498746893369 0.314980997638001 -0.136560215444797
0.00648325928733688 -0.00191640647483669 -0.0210647895349884 -0.221448657986194
-0.005386308429161 -0.00246250439930331 0.00429917954349435 0.158193013651264
-0.0260377432189649 0.010993492266914 -0.218423972672509 0.0791679493576792
-0.0523010402274315 -0.020450522861127 -0.384262314448701 -0.225798178765192
-0.0232056980548397 -0.0368503685984162 -0.034852099103382 -0.639378317682558
-0.0145831650307862 -0.00794619889913333 0.710858694196346 -0.349992549751199
-0.026812767861438 0.0141722074926884 0.710614089614156 0.459309821974202
-0.0339604989444585 -0.0109722144804855 0.0779541460249441 0.614191656353815
-0.0215565338464399 -0.0338496686429774 0.0646599316279848 0.0551475123018643
-0.0367584909549144 -0.0173620746727591 -0.0193610757427137 -0.530624956932125
-0.0289350030833691 0.0279166160443237 -0.774766082193418 -0.464365796126051
-0.00250931120643313 -0.00655208210087108 -0.785687829239048 0.478888606268851
-0.0146187817135819 -0.0105581047013848 0.14288436623213 0.722437091223782
-0.0394574384281262 -0.00025667911192068 0.497022094138669 0.182400011428327
-0.0251083158821088 -0.000280543577544141 0.305063680946745 -0.167291599310431
0.00566017663035595 -0.00125946960797796 -0.0275682818090711 -0.231855582067704
-0.00641193973999895 -0.00359590229284609 0.00323043193365737 0.148855546363006
-0.0222521541479085 0.0115793190206781 -0.218321295299182 0.059246882757822
-0.0435681556823714 -0.0181728013616089 -0.353614724664658 -0.270168615174069
-0.0151190683746606 -0.0352649592483269 0.0566881592442205 -0.645234590157784
-0.013551883580326 -0.0113273423348917 0.766727350683437 -0.249330103215885
-0.0255590606134511 0.010952901149141 0.649253223406434 0.557437998199905
-0.0292590578447118 -0.0138054211683832 0.0199895540798944 0.620507660352893
-0.0192507839095125 -0.0285976043353381 0.0623906072628851 0.0375370273711035
-0.0342437285820307 -0.0123080642024916 -0.0713568854212579 -0.531551339871574
-0.0238610104732681 0.0256048943762544 -0.820627675738441 -0.360898214312611
-0.00393630301577372 -0.00817731902988057 -0.703465711472919 0.572403275485614
-0.00914577679063822 -0.00522314658109684 0.240959415513342 0.690243689683658
-0.0282708923725858 0.00945897316198977 0.515938060619216 0.124979563346157
-0.0179777585452056 0.00301125855305459 0.291668065146436 -0.194205741202422
0.00627430392735587 -0.00153355333940756 -0.0324876765456262 -0.242157781695809
-0.00428884357177033 -0.00201525229935316 0.00312664116707995 0.142332741319775
-0.0127873932921879 0.0149000560578637 -0.218446226213598 0.0440126222202716
-0.031397502886852 -0.0102029885690179 -0.326531887873469 -0.301937204077846
-0.00812438532716198 -0.0304876375179881 0.125007710416049 -0.638612656973508
-0.00968970900321651 -0.0143518839424665 0.79840614325207 -0.166547684703218
-0.0196165985836862 0.00857421322379271 0.594825298627592 0.625864907705952
-0.0239174759481363 -0.00959465517632139 -0.0237887821391687 0.616884487659659
-0.0183285225361765 -0.0194413709085544 0.0594473272384222 0.021691056194192
-0.026928863091254 -0.00527068894990381 -0.110743432120973 -0.530493268128271
-0.0169374925047881 0.0212483258445172 -0.848265917292036 -0.28468532425031
-0.00278054205094144 -0.00932144908982042 -0.634908317993327 0.630855446627996
0.000707167248470289 0.0019396327636568 0.309305108923412 0.656232630817288
-0.0134414276294512 0.0175408102194948 0.52724596371791 0.0802330979804835
-0.00670163258807132 0.00664253752395486 0.280220988706636 -0.212786477284724
0.00737398597184718 -0.00156100717611504 -0.0369570940989984 -0.249153810004314
-0.0019287098639379 -0.00161896854901707 0.00264820919054306 0.140218946334823
-0.00123256601684117 0.018904323856052 -0.217661924142044 0.0347453685390307
-0.0193253126236998 0.00227966915611472 -0.311649418626525 -0.317513363816417
-0.00330870210357951 -0.021133716394824 0.163552827200498 -0.634494414247184
-0.00632552594554222 -0.0166659720149112 0.815616424306014 -0.124854739153898
-0.00848924744590586 0.00855728743679225 0.565257383148012 0.659627865764019
-0.0176830152983685 0.00157563568013075 -0.0445302696201228 0.614274282236521
-0.0162689642560232 -0.00451046690708949 0.0585172090566179 0.013604605027578
-0.0161384314333658 0.00165096499511605 -0.133694507700537 -0.5306579738721
-0.00811417818669888 0.0160155530234943 -0.858237206670509 -0.244588777120172
-0.000790840195883293 -0.0101524689056895 -0.599089316325462 0.658029779945012
0.0123865427463391 0.00877710804587948 0.341391075789872 0.636019437885782
0.00320512882782828 0.0257823753092174 0.530289647328938 0.0610161629738562
0.00528575418443419 0.00758281987765053 0.273191859220638 -0.220279093114748
0.00848787204116824 -0.00191946173291251 -0.0393045398117982 -0.251154934396881
0.00105528530259472 0.000333476563889839 0.00111744370021012 0.142268666772
0.0106614101115584 0.0234727922629864 -0.220435089572205 0.0346683045808772
-0.00806362172723766 0.014977809013046 -0.31331906042479 -0.319633340640501
-0.000729198918624527 -0.0116441193590155 0.160236698739772 -0.640295134897678
-0.00206048770857441 -0.0180155397592839 0.813729519171439 -0.133405927434013
0.0037573547634645 0.00975723452534263 0.565581925478788 0.651847735728269
-0.0112371258284611 0.0151670698795438 -0.0425298101013455 0.612797358738699
-0.014293327360519 0.0112714075777696 0.0564180642380087 0.0111536577042929
-0.0028518460549301 0.0104232805640974 -0.13248700444065 -0.532310843102939
0.00329811699971929 0.0100166357194891 -0.860351994048474 -0.248634497659229
0.00144226173326676 -0.00956675255958747 -0.600224194314942 0.650720428612724
0.0224877900965153 0.0159342734619183 0.340229953804348 0.634159638607745
0.0196551534883659 0.0334136311337403 0.532037814403815 0.0633473643854997
0.018088558212022 0.00893188724866046 0.272732817910021 -0.216880823908928
0.0107567890766731 -0.00279459813731254 -0.038779983695408 -0.248998385385895
0.00260610783512329 0.00245761963447208 -0.00181585284701579 0.147948181156411
0.0213110251555878 0.0267180984895455 -0.222473098509015 0.0427578595979198
0.00230569821232098 0.026751878201244 -0.33101999444784 -0.303124957830134
0.000828997498271088 -0.001572357926386 0.118508394450891 -0.648506302422079
-5.41180573218475E-05 -0.0171367741650815 0.79824965849979 -0.190663989915896
0.0153924994699554 0.010999817122423 0.602643194528809 0.608471966628103
-0.00419441848922296 0.0286246571339286 -0.0156232606271999 0.610224131881084
-0.0108991570969803 0.0265459907752177 0.056663233078453 0.0163921475767996
0.00976512310510036 0.0183107002909557 -0.111086057905233 -0.536165633409159
0.0120786675354926 0.00649566566928148 -0.848656037228852 -0.299025097829379
0.00315282119120343 -0.0100618219305396 -0.647923251708397 0.616187579551545
0.0285905660965568 0.0235474148960754 0.298100254868834 0.654711753396125
0.0334094076076352 0.0404014813118021 0.52903565270071 0.0947644913949476
0.0294961999107994 0.0110914585687489 0.281650610167686 -0.201897539949649
0.0130546331519996 -0.00325341457488746 -0.0368363737585489 -0.242360969103428
-0.00358416047293313 -0.000677837852833996 0.0079156604133547 0.181275828549579
-0.0202190932112514 0.0121599407415586 -0.204443583721312 0.126833296743842
-0.0537714015409754 -0.0102149061967529 -0.42740431729107 -0.116449280783874
-0.0339152007117356 -0.0268170170027128 -0.218301443310932 -0.584914999323604
-0.0164474096771478 -0.00269889500744263 0.539207201710176 -0.528703761149838
-0.0127792262297315 0.0185349199927952 0.780978878302004 0.225873488451169
-0.0294904249090265 0.00454140049123536 0.198413371969803 0.574373206416716
-0.0200694391942646 -0.0236508674263911 0.069198176970782 0.0872604221747666
-0.0270593752993477 -0.0147514874334171 0.0842767931447485 -0.506354448795262
-0.0230854061580361 0.0279914679633516 -0.629410362826906 -0.650650741460383
0.00160581593565721 -0.00040584176979722 -0.908426357724628 0.247644911643216
-0.014977955775728 -0.0101569970137151 -0.0681294087718751 0.737870398551414
-0.0387513316083126 -0.00806426498282315 0.430727234415426 0.288898929386029
-0.0239078190377824 -0.00374013285919819 0.314753262182844 -0.11156188609403
0.00714262138686235 -0.00299668193741098 -0.019340586236804 -0.209782808836377
-0.00510074045287848 -0.00236145176585672 0.00617715105045052 0.168362212014681
-0.0244867643648911 0.0109544818158183 -0.209920935948509 0.104005951220121
-0.0568316971730209 -0.0154621512686749 -0.409389930641517 -0.16644988827154
-0.0301018130874327 -0.0318865396445469 -0.135487673939682 -0.611230740234529
-0.0165110552862057 -0.00528552554564673 0.622140294622711 -0.450266219910846
-0.0206205981433548 0.0178732827219457 0.753121412324508 0.333322345911887
-0.0332928539541806 -0.00498705870765656 0.1444380812553 0.592541155190953
-0.0209947654383842 -0.0316294456509282 0.0672816739832769 0.0704041265137933
-0.0328094774486904 -0.0176238790896134 0.0314967986315303 -0.516206139664593
-0.0280037952222012 0.0277302758784133 -0.706906230706837 -0.554899959368982
-0.000186933433289458 -0.00316611915159067 -0.847236939033897 0.370774061067076
-0.0168338932296892 -0.0122527050728251 0.0396338384239572 0.733139782778153
-0.0419966544164749 -0.00540369857357015 0.465723690518491 0.23241474737047
-0.0265785175449482 -0.00253825507324927 0.309220393199351 -0.140167771099189
0.00613997960218969 -0.00266882665846879 -0.0252790126700873 -0.218511980004941
-0.00616407085722732 -0.00297030929027729 0.00627713604340049 0.157567781677272
-0.0252749316645613 0.0104595351167216 -0.213616832744655 0.0801744859223082
-0.0528244608470857 -0.0187586667305686 -0.382237751473149 -0.217063696783547
-0.0234364852714298 -0.0359488807271185 -0.0450998841778166 -0.630803526578497
-0.0148746832689552 -0.007457868075104 0.695375830645125 -0.355424162553994
-0.026019564029143 0.0148187858526727 0.707630520519944 0.445405355679676
-0.0338734752866764 -0.0111519780013169 0.0827709739064464 0.606058734369635
-0.0210777980812099 -0.033226542097389 0.0649811563788948 0.0532076232334357
-0.0357215563631662 -0.0158761932037897 -0.0235274964554671 -0.521482976012221
-0.0270606319368853 0.0279207091564723 -0.770672200883421 -0.447251868175602
-0.00256435960686655 -0.0053704023067961 -0.768431312392898 0.485034328090237
-0.0155498162544788 -0.00955346461189842 0.151949429304155 0.712215718150745
-0.0375295159470819 0.000549669497062363 0.493463381450302 0.172677837465415
-0.0241319306865987 7.2441053413844E-05 0.298240143481203 -0.171827456021507
0.00580983115957121 -0.000794485206365346 -0.0296988442245615 -0.229743207733079
-0.00642156978580045 -0.0031944559244028 0.00624577809315851 0.147908239262365
-0.0204727417287369 0.0122048394654089 -0.215033649981005 0.0616438032947607
-0.0430357264944846 -0.0171849712305132 -0.353686944639903 -0.26100841893335
-0.0158060389671015 -0.0347431568105708 0.0474355970549926 -0.635701686710978
-0.0128248314431141 -0.0113060444987039 0.752610067722292 -0.255865466158663
-0.0246198134947509 0.0109070510694228 0.649357136940525 0.540517495203808
-0.0302301553046072 -0.0132951998855483 0.026779446271828 0.610513452885981
-0.0203333664874558 -0.0291455656916412 0.0629307001908168 0.0353945573894933
-0.0342736469047045 -0.0118204993811511 -0.0747851778979628 -0.522797572169121
-0.0229875503591418 0.0260409752120323 -0.814859488745447 -0.346651142412779
-0.00367571032033444 -0.00851701202822262 -0.687175790424954 0.575676718588387
-0.00952104677337982 -0.00499113100306795 0.245530768705636 0.678040691091487
-0.0281627120017063 0.00959594914760283 0.511613026482156 0.11653099598691
-0.0170000380242815 0.00458693754758677 0.285466549501702 -0.196748450468747
0.00641375694606238 -0.00111180014298795 -0.0352752612759431 -0.238722371358933
-0.0043760943084671 -0.00195626826699597 0.00486260288426086 0.141430551610907
-0.0125200808126347 0.0142010716761217 -0.214402922936585 0.0454434205345401
-0.0310898440954201 -0.009414625854431 -0.327175164264533 -0.293607460675168
-0.00855886441611187 -0.0297281141525526 0.11449666027158 -0.6312740603793
-0.0100127291852709 -0.0145003111035181 0.788291521436409 -0.17401809843743
-0.0186170932150349 0.00871777320981422 0.595597635916446 0.612488998156388
-0.0234614547625097 -0.00905254185213237 -0.0158667543822596 0.611019831511309
-0.0184200346396699 -0.0188702046843133 0.0596970585090637 0.0215292197413196
-0.0270984865377383 -0.0046643994780725 -0.11536162949109 -0.5210672606132
-0.0157160217806461 0.0210197796570002 -0.839394310052096 -0.267352905245265
-0.00326599685520609 -0.00876845384361521 -0.617487355546441 0.633365399401054
0.000751147525258902 0.00107811673753114 0.313923503197567 0.642725472060581
-0.0128815126999284 0.0185774854702438 0.520414377481906 0.0718389052502654
-0.00655331290953792 0.00673232964138786 0.274368880852917 -0.214349329778747
0.00635019508392085 -0.00104039070723805 -0.0396089720295558 -0.245777186687895
-0.00281682229497408 -0.000590579670100804 0.00439866758693655 0.138554178669835
-0.000645670940103156 0.0191598755585019 -0.215146213170762 0.0375585990914836
-0.0190171712760532 0.00319429431471637 -0.313329940745859 -0.309800326589474
-0.00402684410011102 -0.0221157974874284 0.150783855293117 -0.629599287545063
-0.0061060947871362 -0.0165358327832203 0.801108528400409 -0.134734673519997
-0.0081624621565644 0.00841378880044262 0.565669466556416 0.64361342341382
-0.0175507419800552 0.00129188181740672 -0.0369108995957617 0.60733293160439
-0.0162612246763605 -0.00403467208402502 0.0578397948954691 0.0117655051150965
-0.0148951524677728 0.00272090366035467 -0.136288095839312 -0.520760338203493
-0.00649204594893554 0.0155625690285551 -0.850371565403521 -0.22892011527385
-0.00130870932794512 -0.00988509646066006 -0.583032512507963 0.656870846250223
0.0123969626084416 0.00865736456916437 0.345838904961797 0.622583191091878
0.0040784833674786 0.0263100764293399 0.523589572942223 0.0511616068771767
0.005918838570587 0.00773042101941977 0.266964313418376 -0.222680165579973
0.00961324315700637 -0.00200642756211292 -0.0423246672798248 -0.248581699612177
-0.000566260921133984 0.000653182537117601 0.0019641553787303 0.139965903489673
0.0111633903148225 0.0224163528436789 -0.216448374544936 0.0377154237831944
-0.00768742854525772 0.0162799519665658 -0.314377092873387 -0.310909757536253
-0.000408435199387184 -0.0107801727503458 0.149158835122752 -0.631701368879396
-0.00271442757215355 -0.0184061701483889 0.800988922617538 -0.141435840560058
0.00413864230350552 0.00989011706475702 0.567567907168972 0.63564117014504
-0.01031076777159 0.0149065834456165 -0.0345903538894359 0.603429033276263
-0.0134210963968658 0.0113374515452174 0.0564640808306223 0.0100211104561968
-0.00222268547240506 0.0105612919114164 -0.137227307286841 -0.523410756790599
0.00331187441317783 0.0107881923592819 -0.851952319994772 -0.23414503505913
0.000764984525047221 -0.00974221789116051 -0.586760500493642 0.652026224941254
0.0219282969992507 0.0149739935255952 0.344566574599017 0.621297068548045
0.0204331031562281 0.032831171915222 0.525479520515029 0.0553233418070639
0.0184993227261254 0.00863680343786886 0.267160160408089 -0.218228220875971
0.0104317108707571 -0.00248194634966583 -0.0424192118471248 -0.245733522093919
0.00237016324458926 0.00219504679489617 0.000682805714714134 0.14569386513069
0.0216132435329093 0.0267208691563488 -0.218515724494029 0.0456526258472484
0.00240802890639946 0.0272298621299817 -0.331840297005758 -0.294897592225519
0.00176460073549743 -0.00146911218386964 0.106799731190118 -0.640087186532445
-0.000278827711081637 -0.0174257229484351 0.784944270272822 -0.198053163874988
0.0166004936751868 0.0105716089690769 0.602592234810462 0.592873137424433
-0.00234240261377334 0.0285906673525694 -0.00838209216387383 0.60308385533308
-0.0114924147075687 0.0260688334911605 0.0558158964425739 0.0159518476159156
0.00961522954362458 0.0181765739207039 -0.115648761566942 -0.527707492773154
0.0130963508207924 0.00707344983877546 -0.840653610936809 -0.282993773996227
0.00263436021802225 -0.0104836087597846 -0.632050056701381 0.617018310764134
0.0289601909481767 0.021930389564687 0.305244753991583 0.64103365994669
0.0338235079790898 0.0391560091700627 0.521461789111737 0.0840707158825468
0.0287862762312076 0.00962635485083334 0.273975961920737 -0.20358272792667
0.0127232091328864 -0.00375262191254932 -0.0397940270351989 -0.238182589927163
-0.00404142091529365 -0.00167576469502045 0.00939969260828558 0.179354326323157
-0.0198071785130083 0.0117123765392046 -0.199845417328884 0.126284540963954
-0.0526933008381974 -0.00918068191350315 -0.423960692805399 -0.110472801482658
-0.0338264928193098 -0.0259166626612894 -0.223533119564724 -0.573798925399263
-0.0153014254885174 -0.00327351933882587 0.527637228288571 -0.525641872381554
-0.0122024284574851 0.0184072675342052 0.772146924531301 0.215455440367798
-0.0291676965771875 0.00426730595949631 0.199444431625717 0.564675547975334
-0.0190652975254605 -0.024189408576588 0.068912153267553 0.0842369880711316
-0.0264336453882644 -0.0141115648657157 0.078427932936286 -0.498692708272008
-0.022535090531869 0.0279889780413448 -0.6270026303724 -0.635883499464185
0.00182741925851057 0.000470388762269063 -0.893619837698688 0.255508436640154
-0.0155443434319052 -0.0104555582156534 -0.0600172869027462 0.729961678179453
-0.0385205083094446 -0.00747215688455943 0.427200762779536 0.280579753479705
-0.0237266753871991 -0.00382257159021999 0.309272667875944 -0.114117280077114
0.00708633649642758 -0.00324408832512326 -0.0209621038621244 -0.205944213109496
-0.00515737591991143 -0.00227992862442419 0.00786318721401829 0.16748371488848
-0.0242506271919809 0.010851084154508 -0.207264354088974 0.105697072780054
-0.0545776161669936 -0.0149061561593067 -0.40679969200659 -0.159282337126485
-0.0308173105066516 -0.0313019720215182 -0.141288703763089 -0.600626462518792
-0.0157511993012555 -0.00520190189697756 0.607606452386145 -0.45145809780918
-0.0198851576876722 0.0179270572731397 0.745894422185913 0.320511668851962
-0.0331977808081828 -0.00506428682044391 0.145771698382005 0.58233207154978
-0.0196673213865562 -0.0315907029235209 0.0672513084212503 0.0695653881730432
-0.0333177488897098 -0.0171829498357673 0.0270287688503119 -0.507548163757197
-0.0265878104496132 0.0278843133866302 -0.702032567621633 -0.541150548292941
-0.00134473309126995 -0.00300042164441721 -0.834385454956485 0.374874292088764
-0.016409096383227 -0.0126136328614777 0.0466782025928533 0.723324556428008
-0.0406662806351353 -0.00655041327686923 0.460172747240342 0.223015934872752
-0.0263413041558374 -0.00203433640196343 0.303043133479076 -0.143246733718541
0.00514423234436924 -0.00296378052189404 -0.02657648172353 -0.216109754105822
-0.00629594835451495 -0.00333265234303417 0.00648508057303936 0.155730442942309
-0.024464370163247 0.0106357099356052 -0.21142707233081 0.0818510302380022
-0.0505550772698708 -0.0177865321467342 -0.381040161466726 -0.210158263863119
-0.0245145490866852 -0.0356872212076853 -0.0498754032086842 -0.62060924180947
-0.0140989078000175 -0.00735322476295164 0.684160819356623 -0.356542825571531
-0.02400440196346 0.0155448987966465 0.700405473132867 0.429832449733916
-0.0333977315635154 -0.0110363813893848 0.0882483585478095 0.594374751769298
-0.0195633468581958 -0.0323389518245222 0.0640195897370815 0.0519213848677842
-0.0359078668994639 -0.0159141167024389 -0.0279068855386566 -0.515268240596784
-0.026253780355842 0.0279409926707495 -0.764933271160928 -0.431957047631581
-0.00288224284980331 -0.00563056775098066 -0.753798771517337 0.485855328383695
-0.0139325554075973 -0.009611583135186 0.158465023620874 0.700857186362519
-0.0370425465407029 0.000461839785132385 0.488254451874119 0.163741722656306
-0.0242540996147642 0.000688728332817827 0.292729453013171 -0.172586216667276
0.00622338072469168 -0.00222461626335257 -0.0313825399935889 -0.226980765673724
-0.00619514286618954 -0.00257257222831297 0.00592157731540957 0.146379115941847
-0.0202537453888442 0.0111026895194405 -0.211480944107208 0.0623634661033199
-0.0419890333431982 -0.0154187848375759 -0.353311015997143 -0.253890053216068
-0.0160723448687873 -0.0344758579468681 0.037107478340888 -0.626331999404104
-0.0119335702911812 -0.0109622780430175 0.740907096253695 -0.262233138762768
-0.023618685931893 0.011145336413545 0.644882932862093 0.527474141192985
-0.0292085888465411 -0.0135695749956718 0.0306430523792358 0.600072119989214
-0.0193025080280006 -0.0281355637942234 0.0614686208427316 0.0347433885308031
-0.0338317944731488 -0.0107571966067772 -0.0783147153199849 -0.515132388739454
-0.0223639691801599 0.0256607488178203 -0.807718580232373 -0.333485957035892
-0.00386211636461477 -0.00657897962519211 -0.670076410901951 0.574929883158326
-0.00815416326294366 -0.00560454261588933 0.250917410631802 0.663206331980886
-0.0278842346810674 0.0093632157536617 0.50590889130247 0.107743981875504
-0.016153694276023 0.00421379296992217 0.279682288514451 -0.199483025460338
0.00659865277505434 -0.00122091980258864 -0.0369028348757743 -0.235278240092978
-0.00585310737524732 -0.00182192107930937 0.00619009706399824 0.140651052658984
-0.0116468615470612 0.0144220181688051 -0.211417479526528 0.0478708424579248
-0.0310378233019157 -0.00831749586877016 -0.327110453360763 -0.287450857660884
-0.00861787570390688 -0.0293804364674015 0.106498983595379 -0.62473863097968
-0.00954039061356097 -0.0137815131873725 0.776522274030585 -0.180821534612612
-0.0177067893802298 0.00903617207648041 0.592749940312161 0.596670559318361
-0.023998709897579 -0.00858670174538659 -0.0102740835923719 0.601658416730244
-0.0181423977285861 -0.0183106898529588 0.0584581669777293 0.0196608410488489
-0.0263417463196913 -0.00413963656660239 -0.119100758263935 -0.512841725730338
-0.0155178853197106 0.0217256038831605 -0.830572363537282 -0.255009871910836
-0.00359543147524077 -0.00887566101545079 -0.603364908154999 0.630711913070145
0.000202391353264835 0.0020345726701444 0.317955688361732 0.630649368064283
-0.0120826078368315 0.0186781520933892 0.514969970077444 0.0640268695059082
-0.0060419891416791 0.006568287918408 0.267200048040975 -0.216811889920235
0.00715233275601585 -0.00222194003949817 -0.042190839115612 -0.242895567487307
-0.00348537000347309 -0.00120572147180149 0.00438001432023012 0.137459078252307
-0.000636811521609269 0.0174665431318948 -0.211427226113801 0.0385721212083016
-0.0185657106083008 0.00335209375826602 -0.312674525110413 -0.303048383618616
-0.00423457244152028 -0.0208357665038708 0.141496852401413 -0.622223052592338
-0.00608698327732976 -0.0162176816605937 0.790126863886044 -0.139070833718865
-0.00720041836899134 0.00836810051146009 0.562507779632273 0.628690745171414
-0.0177312025261472 0.00166652546494061 -0.0313709866156995 0.598764233726002
-0.0162348148938296 -0.00438882501416155 0.0562537724821249 0.0114532126191539
-0.0151782531802463 0.0030504736669445 -0.139025920099202 -0.510859315782889
-0.00681657059040836 0.0157514539704276 -0.839849080151618 -0.217165399108326
-0.00205404618833348 -0.00947326509780086 -0.567519679333006 0.654842740525806
0.0118196395985809 0.00822689178167858 0.349389597801106 0.610459593478703
0.0047693714569513 0.0256870318439353 0.516979469878318 0.0450358682666931
0.00620310673103703 0.0073193507827863 0.260678989768102 -0.222678990140542
0.00910876361712337 -0.00215776837188152 -0.044114135179971 -0.245066824687232
-0.000987048154759209 0.0011925952538403 0.00356325078126267 0.139275508957075
0.0113688864445012 0.0221747111506995 -0.213169960092058 0.039329885909558
-0.00675184515096638 0.0164768554218732 -0.313930402699214 -0.302238521815343
-0.00129654340587426 -0.0108971188573935 0.139033421252892 -0.624628562954196
-0.00207146005409545 -0.0182609029514579 0.790709707901536 -0.148969639101971
0.00443546601582297 0.00977703026938067 0.565573372098312 0.621339415496599
-0.0115801218273818 0.0147351882112845 -0.0292944764414735 0.596740955303497
-0.0132846545898121 0.0105432636362428 0.0556628695188145 0.00982344519196039
-0.00181486726381085 0.0105743270344588 -0.140112895334862 -0.512663228658764
0.00357279501485667 0.010277851382992 -0.843194209129127 -0.22211581479357
0.000179976054176339 -0.0100851320407981 -0.569597022736421 0.650254886755516
0.0213873447148398 0.0140022607690618 0.347268004237239 0.609385849579145
0.0213569841861146 0.0325189795223034 0.518882674031226 0.0477129767934997
0.0180243218825962 0.00860667798622248 0.260658068336972 -0.219300137323035
0.0100929128006198 -0.0033743960755605 -0.0442128184391336 -0.242968143803847
0.00192162987443743 0.00219041776732944 0.00162298719213581 0.14429658307809
0.0220721349449221 0.0254734314010587 -0.215480184817089 0.0476101397509445
0.00294649169792966 0.0279904406457219 -0.331976777092907 -0.286205007474323
0.000845655853292553 -0.00145407340318767 0.0988846199415851 -0.632613880519101
-0.00042867470323411 -0.0170432370036764 0.772365786225553 -0.203865786061208
0.0166479126577645 0.0103458158745207 0.600305939954479 0.578501314549621
-0.00311575942466726 0.0281061124653558 -0.00337017478446173 0.593140091441312
-0.0109348703024028 0.0269339740844712 0.0556482034629217 0.0150190294045561
0.00893546478325962 0.0180196395638252 -0.118304999044809 -0.518325949431076
0.0129122153933163 0.00673949528149292 -0.83256916502695 -0.271094923326287
0.00290781789776401 -0.00962893656257698 -0.616434191725877 0.615928294118009
0.0287078483699304 0.0210202530066716 0.308292743678994 0.629014576432608
0.0344210592995672 0.0378377556239534 0.516327509400207 0.0764297935417592
0.0293745021533706 0.00929083518388324 0.268449790347825 -0.20581603524615
0.0129731098865487 -0.0035368460105082 -0.0409263838402727 -0.236640515107582
-0.00432907740207667 -0.00168873570981913 0.0103186284799386 0.177324735093107
-0.0183766608993015 0.0108492455850427 -0.197424400154616 0.126734096217553
-0.0516422758295017 -0.00820848415521804 -0.420589296854825 -0.105725947931983
-0.033520829755933 -0.0253906960813384 -0.226109298264964 -0.563917329625633
-0.0155569549992085 -0.00289129080882513 0.517480021079122 -0.522501088302546
-0.0112401319291725 0.0182453778726403 0.761060309744935 0.207651593242421
-0.0290334207446039 0.00456484439993382 0.199450440132453 0.553678099061403
-0.0188618054612065 -0.0246892194363036 0.0688301921158838 0.0831288356713237
-0.0262906336226766 -0.0144705095250473 0.075133578970653 -0.49168313366826
-0.0219026728797701 0.0272950458901361 -0.622222694891681 -0.620883073255004
0.0014058714303065 -0.000151009202166361 -0.878707283051232 0.257740119005959
-0.0162309230897695 -0.0101028131113217 -0.0538368140577416 0.720568861175589
-0.0362370578581277 -0.00785568338254648 0.425266343251628 0.272097476767455
-0.0226504314398666 -0.00329279569314626 0.304585969775402 -0.115269577947032
0.00741990403700883 -0.00294738123496358 -0.0232093611685737 -0.203892350931965
-0.00584186654348727 -0.00124573071330113 0.00849162640032502 0.165746154717344
-0.0235687270585546 0.0111088157349496 -0.202482042393369 0.105933244094491
-0.0538083327163139 -0.0133414349746218 -0.403540921428848 -0.155052400222213
-0.0311839030623872 -0.0320002355498976 -0.144401253142219 -0.590969513226062
-0.0152742562333282 -0.00463687240322744 0.594871291358283 -0.447311631492815
-0.0191086012634909 0.0187471476980444 0.737549979664975 0.310895271654026
-0.0327868686285245 -0.00466983909147608 0.147566782724338 0.572762692253161
-0.0201536241865405 -0.030393476145723 0.0667118393648175 0.0676830144893912
-0.0318159233798423 -0.0178492480033961 0.024427974281651 -0.500734196410501
-0.0254808455194908 0.0285021989110742 -0.69460043038972 -0.526927399144781
-0.000803134423147904 -0.00244948472559907 -0.819316034766454 0.37547663106785
-0.016764889810586 -0.0115240263495199 0.0516879194181085 0.712000630529503
-0.0398681259398508 -0.00567615620049975 0.456550389857952 0.217206245029672
-0.0252236677511474 -0.00233731918487671 0.298363182992747 -0.143634270181305
0.00540321865003739 -0.00359084489473874 -0.0264612621864507 -0.212740095416183
-0.00627644696547089 -0.00300960085819654 0.00812406452749199 0.154141048980235
-0.0243272645509098 0.0102350349533323 -0.20682689215767 0.0833526949541943
-0.0505805289879956 -0.0165733485466955 -0.378139648846972 -0.204017205160649
-0.0240880402633851 -0.0345751186605497 -0.0544730741780183 -0.611600722085424
-0.0144903165624587 -0.00790297304603511 0.671719152812738 -0.356673774518958
-0.023408695034965 0.0154946022880742 0.693845326557995 0.420324286673855
-0.0333028945196318 -0.0117756023592787 0.090845538820331 0.585650503475215
-0.0204311889738713 -0.0320351539828448 0.0638607821151021 0.0502444888549954
-0.0352367757643298 -0.0151778857691884 -0.0310468546990679 -0.506395275894752
-0.0258020367986937 0.0280967193536323 -0.755067416617848 -0.422191683566857
-0.0026498673705319 -0.00557037200909053 -0.739204889537104 0.48669030197589
-0.0150555467414807 -0.00946779523587313 0.160035507837077 0.68779892914983
-0.0364286214717423 0.00197121402541096 0.48294855828056 0.157142351427427
-0.0225346448234762 0.00050850822607639 0.287845692910657 -0.174758708074052
0.00584469360757738 -0.00203719451841898 -0.0328831262928424 -0.223746354474998
-0.0071113858281899 -0.00219192548583516 0.00702519734701849 0.145255628800399
-0.019748602909441 0.0111612619609236 -0.20821544563655 0.06355926691651
-0.0417392395191204 -0.0145395705302951 -0.350446691840378 -0.247935862785355
-0.0166077062221879 -0.0334312490169923 0.0311086919970192 -0.618222519027945
-0.0123851714511048 -0.0108103412337109 0.729077028464472 -0.261532090367475
-0.0226936575908276 0.0121510767290953 0.638162268304679 0.515059344718781
-0.0292185168052481 -0.0134617327302582 0.0346279441567914 0.589283985761581
-0.0198078452590789 -0.0271872590348075 0.0608657898932394 0.0340742846996138
-0.0330041611577438 -0.0105315718927946 -0.0802315585702913 -0.505669726953862
-0.0213735396463796 0.0250732210124371 -0.798359500081877 -0.322616680895641
-0.00320970612337135 -0.00713563731971782 -0.656251115106321 0.572127347197013
-0.0086812395104673 -0.00386219667758921 0.252391013220928 0.655118283391252
-0.0262950363291893 0.0099763476620168 0.499790489497927 0.101986217567515
-0.0164808474119848 0.00421573578940743 0.274020612516306 -0.199524961160875
0.00615964166285969 -0.00101326056416848 -0.0376367853285576 -0.23323782801009
-0.00611032681800789 -0.00213594763220475 0.00615425397130108 0.138440576776595
-0.0109606111216396 0.0132097842408961 -0.208485781503268 0.0481098873848694
-0.0297762020985924 -0.00805652703385492 -0.325939254385831 -0.279530731163914
-0.00854781639707898 -0.0287232389291442 0.0985260555922717 -0.617590365930422
-0.0096025771250023 -0.0134938074161502 0.762285141618788 -0.184306927801679
-0.016493048782821 0.00884348211456988 0.58921039914538 0.58361945668486
-0.0236531747576976 -0.00794789616559708 -0.00621493019226723 0.591719420399001
-0.0171301323482647 -0.0180649641769989 0.0579436526956464 0.0188928529598332
-0.0259836950509084 -0.00416114401834201 -0.118053849305924 -0.502897177330065
-0.0151410528140977 0.0209426833433211 -0.820396277116814 -0.245596116499669
-0.00333622787618803 -0.00876296267647564 -0.590012673728559 0.62486303890077
0.000721355804106177 0.00187880130306207 0.317829366895445 0.618024660148144
-0.0118636921603125 0.0179127217044467 0.50803377449747 0.0599346200782043
-0.00554325729418191 0.00618258193717223 0.261571190351762 -0.21586805502096
0.00786814939144612 -0.00239420368355262 -0.0432913800901013 -0.239962268873559
-0.00309704066462098 -0.000218535498365687 0.00525933475982921 0.136023604463806
-0.000149776216483342 0.0175472143048497 -0.208271750184139 0.0400664512157244
-0.0181694535058358 0.00466003647929119 -0.311994155414028 -0.296263255506283
-0.00443786401353811 -0.0200238094349207 0.135678111169085 -0.614321997689457
-0.0058633109468349 -0.0171058072991874 0.778696745892529 -0.14322236171802
-0.00706248639413891 0.00843998793703757 0.559297667162415 0.61474515091363
-0.01756190422378 0.00161798250621047 -0.0259606396608823 0.58961577879975
-0.0150024394488233 -0.00427475948621028 0.0558846884221322 0.0101822425261755
-0.013779536229669 0.00262830723796154 -0.141203890635999 -0.503166377156569
-0.00638423169226863 0.0152455231048334 -0.831721295857827 -0.20697247629719
-0.00217704555553002 -0.00885780176738049 -0.553606183214742 0.650786366277011
0.0114000626836677 0.00842983295265119 0.346895209158362 0.5970334422406
0.00494411604116098 0.0248880479335597 0.510750013794544 0.0393859758129379
0.00616268373866802 0.00752518756418175 0.255567949650345 -0.22430040119627
0.00902974610815291 -0.00286280738051275 -0.0456330654688234 -0.24272221912906
-0.000579876762125332 0.000858660423031551 0.00413274738293604 0.13742596091125
0.0114945069228164 0.0213184988675245 -0.209572532911113 0.0403755548657407
-0.0059064171074303 0.0166002431376497 -0.311886154783819 -0.294756499967726
-0.000674986792162365 -0.0104304884685237 0.131123908044811 -0.617476030806731
-0.00332155057184476 -0.0177461326962561 0.77795501274783 -0.151385804075728
0.00607879046464791 0.0100907305211168 0.561105259779661 0.608189972915326
-0.0103320363613707 0.0147184852112966 -0.025127051437586 0.585874656139038
-0.0131636922219873 0.0111136597313437 0.0542316267272068 0.00881921164731992
-0.00185176160508187 0.0097807597232036 -0.139445555393827 -0.504667201307252
0.00305369496357005 0.0105216631615025 -0.831064509209507 -0.212760404717446
0.000563243473681335 -0.00982391676831035 -0.557894744537075 0.644912838730896
0.0219395957754695 0.0146396797400785 0.34615413181962 0.596627411262014
0.021719379407225 0.0316139037561642 0.511581254172803 0.0423147268412805
0.0178549964052325 0.00798932983639915 0.255893306299892 -0.219538314656057
0.0105352023016797 -0.00264481655499354 -0.0460657685590379 -0.239777024688533
0.00163679359339011 0.00285942593335955 0.00282777347190161 0.143012284197582
0.0211156409530737 0.0243457037565574 -0.211368127948596 0.0489530041737091
0.00382107572569172 0.0272809998205271 -0.329646664655993 -0.279274948439521
0.0013787922712495 -0.00172772455882784 0.0896230166968383 -0.624966974329264
-0.000282758891633966 -0.0173162860152138 0.759032084287056 -0.205899810507165
0.0171649840891906 0.010795689349367 0.594522144982405 0.564665939102402
-0.00324671672822819 0.0273322371350031 0.000861750907159059 0.584118499718819
-0.0103814118877652 0.0251935842733889 0.0542333860482565 0.0144922433482855
0.0098553195395115 0.0173782709373167 -0.117948300995446 -0.509125616257941
0.0135719669602393 0.00648577698114236 -0.823109300663657 -0.260954309889633
0.0024846361008653 -0.00845479138668737 -0.602129395758164 0.613424153793879
0.0289693104328164 0.0209525044280762 0.306769658619994 0.617232655830693
0.0350173087615205 0.0371886076056874 0.50885587308804 0.0703306940622779
0.0289622411507545 0.00874237027637943 0.26206568744995 -0.205953648681003
0.0137003351118011 -0.00436315642823318 -0.0428569122482067 -0.233375286607049
-0.00375103497989527 -0.00041158404754955 0.0100056801434023 0.175256749958224
-0.0181797758667585 0.0101796236958368 -0.193551556361054 0.125182396831415
-0.0501872883371637 -0.00739195051432258 -0.416423224185845 -0.100965186527613
-0.0335295266245087 -0.0244891215081048 -0.226112608578831 -0.552397704572254
-0.0143927861530368 -0.00313033436974413 0.50772820121639 -0.514615000955491
-0.00987508975948635 0.0184287265519642 0.750246419540436 0.200572641793894
-0.0279658803750441 0.00502050526803258 0.198337653930541 0.545792384190709
-0.0192081531464622 -0.0238485154178685 0.0682641549611669 0.0811433553756289
-0.0246517834592048 -0.0136986341694472 0.0730486212723646 -0.484935308476958
-0.0207965843582162 0.0273441004093287 -0.61499103222586 -0.609639554770884
0.000713046586027884 0.000261087084675309 -0.865981405576986 0.256729322526186
-0.0156666817846385 -0.00993916781968087 -0.048778827593137 0.709331517247544
-0.035768743155596 -0.00643875395403717 0.41961961795651 0.267692252267055
-0.0219109400144987 -0.00193917830384405 0.299571512205391 -0.115368845350141
0.00730333562227376 -0.00395046815727864 -0.0227733621781596 -0.20120825736114
-0.00605576484566472 -0.0018075701562946 0.00820322465707209 0.16263432485919
-0.0228182382712169 0.0103617608263052 -0.201345046763864 0.105679537307287
-0.0532003573718757 -0.0124193262548958 -0.398993441588839 -0.150678712318428
-0.0307591670989762 -0.0303983471648157 -0.145888074837458 -0.581020885161605
-0.0146202062112958 -0.00530558277944403 0.587075091143653 -0.444886148752839
-0.0184082041607269 0.0184352828693804 0.725802249727589 0.305179281830325
-0.0327884018947653 -0.0044637499475562 0.147148675143849 0.563589534249833
-0.0199219827534951 -0.0304492234766142 0.0654454176626813 0.0660430628306968
-0.0310421114621138 -0.0165114186351035 0.0224602026189154 -0.4931307428678
-0.0258042481269331 0.0271412542154346 -0.686357704446951 -0.517459964522297
-0.00134531616084073 -0.00263269986302525 -0.807064950080153 0.374766509866403
-0.0162284872192119 -0.01120636663615 0.0554119842145013 0.702531954214246
-0.039136579355628 -0.00440386809144641 0.450799652104794 0.20958188034454
-0.0250362163653509 -0.00124238923614394 0.293685221590055 -0.144983461853507
0.0067418124763037 -0.00191004837275377 -0.0278158862990016 -0.211560909790307
-0.00791117214746493 -0.00233337830973972 0.00835176463375658 0.15267462027418
-0.0235140100530532 0.0101504455993167 -0.203844040264388 0.083816768374199
-0.0497094792868364 -0.0157808307814191 -0.375490982565924 -0.199305539368021
-0.0241074671918023 -0.0335566836076589 -0.0571225937316303 -0.600737453286426
-0.014383141880703 -0.00791011252743306 0.659975587587894 -0.353498905674042
-0.0223203806034699 0.0154545080033794 0.683304762418826 0.411904885704781
-0.0324149946095955 -0.0106445975286933 0.08972563899835 0.574497260395532
-0.0194655709124783 -0.0326221646262798 0.0629588055626102 0.0487492296327233
-0.0346638836987782 -0.0148129027961998 -0.0305166820303257 -0.498760094043807
-0.0247793166274711 0.0277202304639432 -0.746868989395904 -0.410795930961179
-0.00275845272244514 -0.00493353561772935 -0.728346818267997 0.48263871263236
-0.0143936474931871 -0.00916944189137629 0.160816504386428 0.67845050648961
-0.0351480891788521 0.000432778443506188 0.476590406933254 0.153493944970333
-0.0218513028926058 0.00134909278806342 0.283934748912688 -0.173136980217444
0.0053196265853236 -0.00249746079088148 -0.0328852224353949 -0.221411235952414
-0.00708260915702482 -0.00296891884252119 0.00745850764672711 0.143612823952231
-0.0193636034894465 0.010023293801538 -0.205400571374596 0.0635678183263879
-0.0409037110321055 -0.0137687287794667 -0.347372722779994 -0.243115047541885
-0.0163320110205197 -0.0324981223765316 0.0296245824017353 -0.608687944882901
-0.0119113261115743 -0.0111368121319047 0.717749067028897 -0.261091989145766
-0.021441600887678 0.0119231407203715 0.630351422836824 0.505183515119009
-0.0280218756800527 -0.0126791387529799 0.0359789417398332 0.582243511348008
-0.0185482450693485 -0.0283434490298648 0.0608558463598207 0.0317326733882096
-0.031742556172388 -0.0104627053174508 -0.0804599696144467 -0.499185609231142
-0.0219101833654307 0.0258475385883699 -0.787273052141836 -0.31338681995023
-0.00391544431352808 -0.00625301673873842 -0.647156016585653 0.569045193072633
-0.00861625610615258 -0.00348679691066135 0.253259973361813 0.643092583265336
-0.0243828225894278 0.00965744119315175 0.494133435118573 0.0973902739834022
-0.0152614178502996 0.00368332423042335 0.269974918637292 -0.199268683175261
0.00744532886145999 -0.00191960527396226 -0.0394391834368414 -0.230102507023836
-0.00591066759148166 -0.00202280099958543 0.00689614113408266 0.136776255367724
-0.0112852519211843 0.0132395328879226 -0.204988864434989 0.0493207878473914
-0.029001490433648 -0.00683545196552522 -0.32232108874558 -0.27436673554214
-0.00961615569490849 -0.0281296946144308 0.0948844887736747 -0.608906585560796
-0.00991200789580257 -0.0142666112432749 0.750893027941425 -0.183760960796718
-0.0151504509348132 0.00915238812506206 0.580707249279222 0.573028354193197
-0.0225150307014105 -0.00845110465621174 -0.00451549698027387 0.583009139562762
-0.017278620010897 -0.0184141682255594 0.0571207418951552 0.0180405770217533
-0.0252521794751869 -0.00458167074616713 -0.118212055576477 -0.495955720087844
-0.014351158775371 0.0214776853565108 -0.810212792553325 -0.23777591790624
-0.00347610238260707 -0.00808151573497388 -0.578892442483599 0.620872984737451
0.000760391453013953 0.00249065697712883 0.315382720346937 0.608045969917288
-0.0107017472537137 0.0164442072963246 0.502570784836345 0.0546975600266526
-0.00505559081349431 0.00635222697374502 0.257450451908377 -0.215786768286779
0.00742763135090377 -0.00215064436026255 -0.0437857497493471 -0.237223037576307
-0.00421012788711576 -0.000997028303654627 0.00574251723920317 0.135077480958115
0.000109435089302487 0.0168872492810811 -0.204958734510703 0.0414226658925294
-0.0178348717156867 0.00385045982474015 -0.3101717833213 -0.289884717490605
-0.00384463052248653 -0.0202057626421592 0.130500825710198 -0.604863510912935
-0.00552089733847245 -0.0165523518745341 0.766497991790044 -0.145040305744805
-0.0054264536875137 0.00811432622112832 0.551150455052532 0.603907354225576
-0.0175899033459988 0.00156019351300995 -0.0267590591111572 0.58136706053829
-0.0155305097458246 -0.00497825816996834 0.0539276824594562 0.0109651481550799
-0.0146232901196802 0.00179040961305761 -0.138692329158724 -0.494170307245495
-0.00580675378640393 0.015955320825124 -0.820019883502134 -0.198690615199561
-0.00227727079557137 -0.00849046102869239 -0.543352549564151 0.644113576520096
0.0117180768808779 0.00811816515616354 0.346745891133408 0.586957914441567
0.00637099832971837 0.024878755425392 0.504633456955306 0.0356490946396323
0.00650733617007655 0.00779196407448558 0.250680463459781 -0.220573881005343
0.00872594271075598 -0.00315775004452698 -0.0459871521337217 -0.239183210277432
-0.000888987558511287 0.000895122709278591 0.00372414083730528 0.135528098924368
0.0113253667712961 0.0213346307141611 -0.207381953278208 0.0412235149814618
-0.00600457847595223 0.0169131276999751 -0.310762680214369 -0.28982534545851
-0.00168246659840301 -0.0101253900835589 0.126923926204803 -0.607934717188742
-0.00310384615051897 -0.0178402813596796 0.766044214599153 -0.152306718601857
0.00618044665366697 0.0101742699770266 0.553877743415286 0.597977122609765
-0.011104102153445 0.0144191118121169 -0.024410591684367 0.578386582453345
-0.01302192376199 0.0103897661484562 0.0533854562332179 0.00831703440458089
-0.00186069495161541 0.00952892377779629 -0.138456371332622 -0.496897857549338
0.00370350160722583 0.00970071440440629 -0.821576217813577 -0.204655051494976
0.000396876198708707 -0.00882996009515966 -0.549351791940931 0.639194285919316
0.0211368562625485 0.013893008286496 0.34447078659068 0.587842985985077
0.022674944305177 0.0299306185922153 0.503999251708405 0.0377654901553556
0.0182243167523377 0.00809009102943747 0.250017766606596 -0.217775989915106
0.0104560907668826 -0.00430305527422732 -0.0465410146738431 -0.235583501819183
0.001461876180898 0.00334783121564594 0.00224459372789674 0.140955889766158
0.0215075106402482 0.0235559125099848 -0.209972428422215 0.0491482699032019
0.00416326435549444 0.0265855968897844 -0.328118532117036 -0.273977224437573
0.00182523440454075 -0.000451020046709888 0.088004565169684 -0.616157529566634
-0.000756925615394855 -0.018323609864404 0.749480123906131 -0.206432063117413
0.0177019514491078 0.009687005129298 0.587346993010428 0.555051014883654
-0.0043670361872977 0.0279372338387793 0.00242256324851294 0.576874534578532
-0.0102859786658221 0.0246306910139756 0.0532663654755497 0.0140476768286827
0.0103553478768396 0.0177025341640474 -0.118040174016383 -0.502581969935885
0.0137209334148506 0.00687877178755235 -0.813742314710526 -0.253801943536372
0.00257389537206478 -0.00976213712075923 -0.592673691567469 0.607470185548379
0.0275925860552428 0.020044025725758 0.304795386751831 0.604759550346701
0.0344701178788942 0.0366725079342299 0.503931485393215 0.0678718295734636
0.0284410987803973 0.0075384314878615 0.258217463502005 -0.204248338566307
0.0125376033683409 -0.00338121516088562 -0.0426732502949312 -0.22989535109144
-0.00444651344807954 -0.000536354126970355 0.0111123808982531 0.173186437216983
-0.0174135031429592 0.0102893522619427 -0.192587177529086 0.124202181212718
-0.0496878581795973 -0.00760116623043922 -0.412238563855768 -0.0983632700908498
-0.0332319784316055 -0.024248785044941 -0.224619546630497 -0.545952386698916
-0.0151998523745164 -0.00338606603597324 0.500837194742007 -0.508129267702567
-0.00997626993873338 0.0174589424695065 0.739772202243508 0.197122987727548
-0.0280484986108978 0.00456943146482202 0.195574026471686 0.537247536393583
-0.0182071565977087 -0.0235248290782845 0.0670911174691168 0.0791170877474788
-0.0243307243957025 -0.0141272436702324 0.0727925183700573 -0.478091652896664
-0.0205640494147714 0.0277264819972529 -0.60813079244913 -0.602473029400103
0.00136257340044081 0.00106602125755547 -0.8530162698108 0.256068244036127
-0.0155757968738179 -0.0103987174488181 -0.0477258950584416 0.700694145192358
-0.0353089692222219 -0.00599350813815357 0.414394704994528 0.262074913035269
-0.0213632649298198 -0.00312953027398041 0.296879124461374 -0.115813361486669
0.00761078875601945 -0.00305368111072581 -0.0235774509826655 -0.199256758331604
-0.00639405124969754 -0.00184645031748308 0.00976257448784275 0.1630291705121
-0.0219971335277765 0.0100599489765825 -0.19717735391126 0.103638004242072
-0.0523583491719799 -0.0120262557166066 -0.39485776836075 -0.147193412083706
-0.0307154445078464 -0.0306802993033324 -0.14558122569833 -0.574449891860086
-0.0151467388243991 -0.00628926325520899 0.578739779969396 -0.438449035737405
-0.0178366861856717 0.017667377940979 0.717581895303191 0.300086095002212
-0.0320273074268911 -0.00432021884089776 0.14351524786007 0.55333222744028
-0.0183392994593781 -0.0300965923441995 0.0649508699817057 0.066300071654094
-0.0298522480327086 -0.0171486166897339 0.0231847737616162 -0.486205442789761
-0.0238626661447112 0.0268643237850563 -0.678008719225944 -0.507594895902374
-0.00121806689095618 -0.003475228245059 -0.795307112829199 0.372084823772377
-0.016236301962831 -0.0120321464489594 0.056521325827085 0.694226455978037
-0.0378485086232574 -0.00495621691409821 0.446395341724233 0.206608851884647
-0.0241233149485637 -0.00196295593205379 0.290290587887891 -0.144526532571276
0.00582357315222192 -0.00327511472686835 -0.0272799645900917 -0.209463030489105
-0.00709494426398639 -0.00258959836756388 0.00785881065166673 0.15123150511283
-0.0218352165002005 0.0104229086606043 -0.201455250062923 0.0820201771319247
-0.0482459074296748 -0.01618653337739 -0.370705158534109 -0.19606535840381
-0.0234135931709889 -0.0332029253664185 -0.0586698316434878 -0.59465440364521
-0.0133263305549396 -0.00805568627785078 0.651450713101648 -0.349889941607424
-0.0206035494326236 0.0144187372473679 0.67404697914762 0.405226725919389
-0.0319034777514521 -0.0103086595324762 0.087109907062013 0.568037549054431
-0.018651436784841 -0.0313625719421827 0.061610841849543 0.0477618594753238
-0.0335754224125473 -0.014759533249423 -0.0295267569008174 -0.491199484932852
-0.024270421856713 0.0270461625180618 -0.738059359734798 -0.405942693397255
-0.00257652781472098 -0.0041212699007324 -0.718037307407085 0.478353131349071
-0.0148575087512751 -0.00821595885601749 0.159611963812987 0.668725321658946
-0.0333082937134366 0.00125865904388685 0.471067144379041 0.150019897992612
-0.0217483337450765 0.000727396192893939 0.277484930059318 -0.172373760858095
0.00658085678735563 -0.00270095415964345 -0.0337375691649079 -0.218736318640501
-0.00713907651549318 -0.00154674161954748 0.00791416803034538 0.141109723683785
-0.0183578025058227 0.0104344483133724 -0.201072360444148 0.0638697493111225
-0.0385427998530557 -0.0135193845982675 -0.343503365594847 -0.239342913823594
-0.0162488714964664 -0.0324582514609757 0.0270808658199418 -0.601164959672164
-0.0121134338836962 -0.0109712879343087 0.708193979029721 -0.258019481800606
-0.0212112544813781 0.011282828562026 0.62297248026852 0.496401193310718
-0.028528270809405 -0.0131151025955667 0.0352020912856644 0.573497060594991
-0.0180576275597476 -0.0270992299245129 0.0577037351001451 0.03093656421713
-0.0315190232350212 -0.0092249076822832 -0.0795496865423915 -0.490823253060137
-0.0207479010152149 0.0252697068371708 -0.777316443010204 -0.308116644730707
-0.00427950784446081 -0.0066075664499281 -0.63597109264495 0.562118244727092
-0.00843262463963256 -0.00414704744347711 0.250033593166183 0.634087619964491
-0.0244447491538104 0.0100091238907281 0.485811093355546 0.0950683208658948
-0.0145249977499447 0.00343535632971034 0.266325121767016 -0.197172652429567
0.00660527221147475 -0.00136865795006619 -0.0386689564194072 -0.227964110739908
-0.00618537961123296 -0.0018060951963222 0.00596097290296493 0.135954440238336
-0.0105762593785608 0.0127933931252214 -0.202072383584388 0.0470663025974327
-0.0282024308735401 -0.00708339451477845 -0.320414691420506 -0.26980900896043
-0.00971663567175849 -0.0265622021232792 0.090570200463419 -0.599347573182195
-0.00957612163106804 -0.0143855054812489 0.741224058929835 -0.183728912388558
-0.0152404487883616 0.00786248391254805 0.573044672726712 0.564995136648962
-0.0228928307941313 -0.0079442147106487 -0.00488291748195613 0.57550299691931
-0.0170848441078859 -0.0179806662499101 0.0555697921419176 0.0190267546085811
-0.0251825557939619 -0.00345036877689487 -0.115041783595184 -0.489059891712368
-0.0137921577621383 0.0209887553785173 -0.800075333543082 -0.234497398824515
-0.00373821466734861 -0.00762102684742674 -0.570561794793917 0.614431311499912
0.000974014814141347 0.00154849352265526 0.314429570312112 0.599799969765457
-0.0099135101475571 0.0175256469681714 0.49568594612492 0.0524389682571001
-0.00458777307540913 0.00609609253110307 0.253503006926077 -0.214645223151348
0.00780906730362642 -0.00274363242264642 -0.0433378486682768 -0.233409251186839
-0.00389097423762365 -0.000580725390540992 0.00470609728263036 0.133677461079338
0.000542312292286919 0.0169419043505144 -0.20275079353159 0.0411277889182936
-0.0166476723988002 0.00509439987958908 -0.306313622178263 -0.284250375173833
-0.004479798435312 -0.0187677183048538 0.127011760982754 -0.598726571753097
-0.00562180150406099 -0.0168276822308804 0.757794912508504 -0.143276009524595
-0.00495484008752073 0.0082964004594521 0.54494710455728 0.597290283707754
-0.0173866881834303 0.00164414880085501 -0.0246809870593249 0.57299875444157
-0.0150480698493682 -0.00476405486119225 0.0540799393250464 0.00957009339987373
-0.0140108257973 0.00289114844603525 -0.136732254314643 -0.487659881172587
-0.00598149120627314 0.0157594177455077 -0.809265944851227 -0.196159758889484
-0.00233467469748584 -0.00801627914459907 -0.536247829917899 0.638043928518643
0.011782291427624 0.00801962713069176 0.341725396973516 0.578374594680237
0.00658631720782265 0.0241034991770109 0.496785554423382 0.0339575698876658
0.00637620937668918 0.00604900840605127 0.247809479692442 -0.221282390649574
0.00880508748043705 -0.00282211792341861 -0.0456714058722939 -0.236561920773248
-0.00154420453077975 0.00142083145836314 0.00368118581444225 0.135696214643273
0.0115077839963804 0.0204138680048116 -0.203676134305239 0.0406597642778276
-0.00624024068742362 0.0168863956814305 -0.30774131661333 -0.285154555858094
-0.00230723778246404 -0.00923693647543302 0.123354718975242 -0.601160179477155
-0.00261333647996175 -0.0182714149065256 0.755519335385644 -0.151325884713406
0.00581359519395644 0.00953461526477864 0.545341900433111 0.589622750176453
-0.0104209056076428 0.0143476133321403 -0.0216417244375621 0.57152772063582
-0.0124057044730417 0.0100466947593436 0.0532772754217419 0.0077698415713468
-0.000773364025924164 0.00884083446574349 -0.136402427695108 -0.490907445020116
0.00314153218840037 0.0107111022043252 -0.809212380507203 -0.201255118500549
-0.000642942655009526 -0.00864141745037829 -0.53879835585646 0.632207917292029
0.0217899205925072 0.0138177244576932 0.34147977247132 0.578007027878024
0.0227405340606498 0.0297017850658648 0.497584559278461 0.036698551446517
0.0183280570455441 0.00788492159978152 0.246855797162122 -0.21659497923435
0.0101309358162183 -0.00383759554536018 -0.0460968277408165 -0.23380941549755
0.000736639066635355 0.00313396190580159 0.00292539524775223 0.139281868377181
0.0201365125553763 0.0240939817726739 -0.206136393138205 0.0486993467989835
0.00479310583392738 0.0271312180245862 -0.32464490062399 -0.269239087175661
0.000745080744240906 -0.000663379740788968 0.0847748286921118 -0.607736560715757
-0.000619903373589217 -0.0172924255106631 0.740305516218563 -0.202788095331951
0.0176779885056366 0.0092788735227739 0.58004346585897 0.547691332122911
-0.00407686914690541 0.0266299245594479 0.00163088750883737 0.56915881616702
-0.0102595989004266 0.0243130120964144 0.0531936683801247 0.0137132706836098
0.0100268919165086 0.0175867002565678 -0.114376504947399 -0.49506471163883
0.0132733568132613 0.00601521095905472 -0.801665954689143 -0.247880108599836
0.00317145317399995 -0.00810765898553922 -0.584929716459911 0.601120638245404
0.0284408495707102 0.0205094155466932 0.302192360247908 0.597815944961539
0.035359767410892 0.0359286647716066 0.496932585863181 0.0642626554538455
0.0293956050771037 0.00830344561886395 0.254519300509813 -0.204250823895888
0.0133088387481781 -0.00463857236025195 -0.0431942574219014 -0.228108541379333
-0.00506920352091234 -0.000561218684679906 0.0101425122417692 0.172203365966569
-0.017385495488878 0.0104869583598887 -0.189665333767802 0.122924683615236
-0.0490139498676473 -0.00663024060212755 -0.408445984842452 -0.0971543812441504
-0.0329370338755303 -0.0230232898897017 -0.221645693918759 -0.538128978069621
-0.0148056225205399 -0.00338413558040181 0.495535708990018 -0.50366736584284
-0.00833446562658286 0.0176551619752403 0.731178429904072 0.197232835007267
-0.0273188764887163 0.00332608962484145 0.191108348545906 0.531748568393134
-0.0176571576441081 -0.0239809022317075 0.0656180315247962 0.0786299757577057
-0.0233536039602134 -0.0135556814873629 0.0748364562899087 -0.471639047874742
-0.0206048935859869 0.0260562490986219 -0.599243989630513 -0.593644247436488
0.00102610022592944 0.00114751500255504 -0.84382737812422 0.254246168111805
-0.0146351172267962 -0.0106555860346898 -0.0491007280500251 0.692511222915653
-0.0343684236631275 -0.00629426268494303 0.409671466331299 0.258172490923285
-0.0210507884463956 -0.00293264094476032 0.292751207529002 -0.113983202357557
0.00713493838141086 -0.00398633610670598 -0.0229403214396729 -0.198206998890477
-0.0065179537960349 -0.00154640013317532 0.0084587628303651 0.160941615766992
-0.0215819315433555 0.00884729333743417 -0.1957116784559 0.103068377396848
-0.0509496525327231 -0.0120196845540451 -0.391832531406102 -0.145347053110945
-0.0293047279866447 -0.0296185858529446 -0.144804553813348 -0.566855694735486
-0.0143031125727483 -0.00558819927177417 0.572104049963697 -0.433564117259706
-0.0166957349732504 0.0177551678723096 0.707809116099882 0.297770843740228
-0.031440807319979 -0.00472801183423547 0.140120073131248 0.548426758633318
-0.0191066136392086 -0.0303571178594953 0.0635497479961439 0.0644714931130835
-0.0298421513709487 -0.0162599105876423 0.0257190073439662 -0.479939544111793
-0.0237220726972978 0.0268979898957692 -0.668666483826769 -0.502930879020044
-0.000477147824589557 -0.00151716743024355 -0.786732905470971 0.368322112980712
-0.0158117011660785 -0.0118154750083895 0.0548374182053679 0.685697841786873
-0.0370028059848662 -0.00532131379042983 0.441437462710658 0.204634081369983
-0.0239982120357287 -0.00124051929460499 0.286412118178085 -0.143418848344999
0.00656701838187933 -0.00282286736858945 -0.0271124456111397 -0.206484837743446
-0.00707969743415841 -0.00268889684746295 0.00695343842342517 0.149660298940205
-0.0222854954449221 0.00952388692820274 -0.198447052239423 0.0807998170916281
-0.0478320206672181 -0.015040731002618 -0.367988879778154 -0.193851057202758
-0.0238866280063478 -0.0323413167758514 -0.0580980985887829 -0.587044639258826
-0.0132991181678484 -0.00709430230887995 0.645796276974769 -0.345784917409051
-0.020781983873339 0.0153860269273843 0.666753641997027 0.401367698154687
-0.0317259451570525 -0.0114658828901454 0.0868769517340998 0.561806263206781
-0.0184726789720109 -0.0317735114027495 0.0611831147191597 0.0472623145323881
-0.0323412272991849 -0.0151070215450341 -0.0285424245049069 -0.485464571885889
-0.0234537542505924 0.0271065321117595 -0.729299139762769 -0.401154507905097
-0.00338489614626729 -0.00455479273049179 -0.710569613986862 0.472341591012493
-0.0140648003171337 -0.00898855110753503 0.158743909546034 0.65990797932341
-0.0325300010124688 0.00108345702656081 0.466004833767526 0.148060906955604
-0.0208814721146159 0.000412444683449753 0.275817853237655 -0.171632960043786
0.00657062040741824 -0.00245192257239031 -0.0331156490267795 -0.216675744014076
-0.00744263307440339 -0.002351007663522 0.00639146393711271 0.140730611300381
-0.0182536856402591 0.00989987302896167 -0.199103040383577 0.061139704288817
-0.0390344349962155 -0.0126669102378748 -0.341401189008869 -0.235973882522676
-0.0156874278594316 -0.0321297057916336 0.0272444714457908 -0.594050849584522
-0.0117556758179488 -0.0114348779812451 0.699416562302935 -0.254258323896863
-0.0189481512722913 0.0111314770137282 0.613502073107906 0.492967899955937
-0.0283505744973977 -0.0122214597411564 0.0329150952503767 0.56612801910043
-0.0178995395158214 -0.027683527753901 0.0579210942501076 0.03111253341043
-0.0309340453937197 -0.00949079824888457 -0.0767425414544682 -0.486456884442411
-0.0197452203937292 0.024855836500131 -0.768691036908667 -0.303925214970775
-0.00406503107657348 -0.00641287698664738 -0.630361709538397 0.555936414904075
-0.00892602920750392 -0.0042821068927578 0.246832947723951 0.625851532489282
-0.023358221658207 0.00938479013850846 0.481392877392161 0.0942509735539735
-0.0141750196887237 0.00405344048083101 0.263028718303563 -0.196061073661651
0.00581534134609562 -0.00261447316199639 -0.0382791905733629 -0.225172061624028
-0.00555981619860801 -0.00206290726070921 0.00531316570224808 0.135185955312124
-0.0105422720082204 0.0116994161787836 -0.200259721670845 0.0475675871827894
-0.0270927293274544 -0.00588154695001277 -0.317025817437364 -0.266701372058677
-0.00959772110348741 -0.0273078024277311 0.0909475702616149 -0.591510997808042
-0.0089047449148539 -0.0136511796297327 0.732139325169485 -0.180870772817225
-0.0132486746042867 0.00876539711940295 0.566126567563912 0.558739441658463
-0.0224332141741701 -0.00853246618757182 -0.00657810739677773 0.566012388992254
-0.0159280781916543 -0.0182556777949918 0.0554651048182128 0.0186311866357345
-0.0238840910743738 -0.00425230801010688 -0.11331012218848 -0.48287581926629
-0.0136293998929177 0.0214086854538572 -0.788850673806526 -0.232670591557867
-0.00399377555682751 -0.00672477289805224 -0.564013881876119 0.605575091201407
0.000315499673137249 0.00156584560392372 0.309315923051707 0.593149416634673
-0.00940306891149723 0.0166020792617969 0.491255542070156 0.0510541984468329
-0.00385851517647942 0.00579647198209584 0.250925570000798 -0.212188831474884
0.00770892224700738 -0.00272834465215463 -0.04270721668174 -0.232129774624407
-0.00340100209784524 -0.000169530474992355 0.00421058949385685 0.131845961893069
-8.35830017413516E-05 0.015538300182634 -0.199856753539143 0.0400074898329362
-0.0157910203044262 0.00523266536792139 -0.302740671999846 -0.281697916640707
-0.00524978243526954 -0.017850229399486 0.126160019960188 -0.590583756360958
-0.00635318200799143 -0.0164845041747959 0.748249659468901 -0.14032969177954
-0.00466532229030016 0.00744913308464205 0.53735938415081 0.590350186941742
-0.0163661165187703 0.00146372201314245 -0.0255680336364943 0.56530740765983
-0.0147775009447102 -0.0052520450250094 0.0532623087004974 0.0097578930430597
-0.0142836581594723 0.00171186495642073 -0.133614702267062 -0.483188893727851
-0.00539530754680023 0.0152207392391087 -0.800417804323994 -0.194067735303601
-0.00287391676940635 -0.00840393822204182 -0.528564823919749 0.630607590348754
0.0115776649128893 0.00786994350542458 0.338286041812142 0.571981401824145
0.00703804318078218 0.0242989670440424 0.492884500123337 0.0308797348943798
0.00602306777868078 0.0066024501494621 0.243661096922767 -0.21940022380388
0.00936713288745659 -0.00304632714686541 -0.0455530642387005 -0.233366130318234
-0.00192571447185331 0.00162321035485471 0.00344957396370374 0.133875156808871
0.0106006508370247 0.0202661251373228 -0.202335190018509 0.0403924258004029
-0.00417064897415884 0.0171095401915051 -0.304054264571858 -0.282082118777056
-0.00163275525368193 -0.00848996571971166 0.124698005738872 -0.593899257998695
-0.00279931485200294 -0.0178206855304069 0.746547167950295 -0.149008589842422
0.00684572874826572 0.00882477371076484 0.540181754536696 0.581831898366801
-0.0104276927809868 0.0138054376921173 -0.0251596572821874 0.56346748384405
-0.0113174402111714 0.0100823480239485 0.0521827430941674 0.00768552075767983
-0.00149980822799009 0.0101447200141445 -0.132534218151839 -0.484250231862298
0.00466204611522134 0.0112201794892748 -0.800588652133538 -0.197809595943934
-0.000668651992971923 -0.00809275601925452 -0.533828625399378 0.62465603302716
0.0215891184962659 0.0137074905173894 0.335233787788811 0.571379816525957
0.0229721407505321 0.0294923219161261 0.493082908696854 0.036205473595968
0.0176356909965836 0.00741276578143199 0.244190918642844 -0.216717926705873
0.0104044500085687 -0.00412295406534255 -0.0447472486800224 -0.231749570626993
0.000931889273013499 0.00340053188926713 0.00167674727466395 0.138673741276195
0.0210612292358607 0.022683789291618 -0.204489656525339 0.0483113463563707
0.00449790297849683 0.0275914687923445 -0.3203415731 -0.266416164263797
0.000686008006693393 6.86770566062271E-05 0.0835625899453386 -0.600692542147522
-0.000782841424569143 -0.017351831950962 0.731343844498559 -0.201458369807678
0.0181875588288425 0.00920630660045789 0.571355922091372 0.542140884159909
-0.00406788800448104 0.027053907202317 0.00179741603124808 0.560503701713524
-0.0097332108556981 0.0244809027182249 0.0524634219972515 0.0130126939656063
0.00979866865376473 0.0173395167922945 -0.112518025006397 -0.487453084487717
0.0127893397338498 0.00632136405972386 -0.79146945372341 -0.245163233101353
0.00120221881555369 -0.00763261211926294 -0.577412313822874 0.592992938935809
0.0277631485479143 0.0205852503524976 0.298707216701983 0.590090150701304
0.0348650368499094 0.0346668958271916 0.491128117105503 0.0636070659915827
0.0284429818294734 0.00820339578080917 0.251751927593039 -0.202084359011025
0.0112466565600366 -0.00457507095508705 -0.042353289518751 -0.225118667723634
-0.0056329598391267 -0.000309147932029178 0.0103190537158567 0.170114430875966
-0.0163264723882926 0.00929754477942728 -0.187798136990698 0.121182176175101
-0.0479787884029529 -0.00648105502432452 -0.404901627231657 -0.0978725784629924
-0.0328122038904869 -0.0240405020158355 -0.218152385540142 -0.533690076089236
-0.0144013995563716 -0.00321655764589124 0.492519678271933 -0.49595974334098
-0.00813574824841918 0.0171182165543144 0.722434154704805 0.198023496212874
-0.0276096004031961 0.00328021566537087 0.186560608914792 0.527377961075361
-0.0168805855847883 -0.0238921380468417 0.0648413860363639 0.0783814294239988
-0.0233130410971578 -0.0131808059400356 0.0759586806923071 -0.465730710635772
-0.0201089784582339 0.0263970810863579 -0.591042017563452 -0.587965483686809
0.000984533539411856 0.00126277050271321 -0.837312636676612 0.249566460366029
-0.0146583545090891 -0.00957755916459531 -0.0490612102710431 0.686252455084195
-0.0331285922373847 -0.00604378392299565 0.405258025936739 0.25775337671108
-0.020908095201686 -0.00342114371881658 0.289530533256371 -0.113131383137065
0.00775513169455584 -0.00393086504954799 -0.021893214200708 -0.196193271111892
-0.00677247435524604 -0.00278627671641779 0.00740472182255037 0.159660862058652
-0.0218553529598405 0.00842667478019051 -0.193978385819062 0.101631626978078
-0.0505142108664157 -0.0120028367122365 -0.389601002618005 -0.143472974624975
-0.0303746008251598 -0.028793533702323 -0.142768288573181 -0.561811687047289
-0.0151834535912763 -0.0059681258110379 0.568808918114099 -0.428260295817358
-0.0158738789982394 0.0174740302317292 0.699475734575783 0.297000184714197
-0.0314453813812 -0.00506399455184789 0.135191834088937 0.54402769918497
-0.0179883751879354 -0.0300838771047858 0.0629183323126297 0.0631348860297784
-0.0289594689626409 -0.01602074131888 0.0274538615285289 -0.476221109655002
-0.0237002254901994 0.0272407047324306 -0.661961612268086 -0.499511106094799
-0.00156801965864799 -0.00215251964833146 -0.77978338721559 0.364170735349569
-0.0157733999045159 -0.0104207155275583 0.0527319928884912 0.67844387416162
-0.0350104475043574 -0.00562021458443391 0.435301274378512 0.204050990270801
-0.0228246306518415 -0.00182294887912808 0.283824519935499 -0.142267973675296
0.00618033034781541 -0.00377401946304583 -0.0259647231298651 -0.205747258993656
-0.00820753091859488 -0.00178368503055963 0.00747305159128117 0.148109387632216
-0.0215317681977947 0.00810811315546214 -0.197574418317193 0.0799134207154771
-0.0467874409098703 -0.0136208373334535 -0.364598681135396 -0.191655092307349
-0.0231151760856274 -0.0321313009396664 -0.0556611266553032 -0.582192143340555
-0.01336578318979 -0.00854772314856308 0.639299654691351 -0.339733265121148
-0.0202498283305497 0.013827637555014 0.657426884124211 0.40156023564163
-0.0300780542174272 -0.0104697813517581 0.083024209423499 0.555013524048884
-0.0181556820465463 -0.031996063683643 0.0595024282101455 0.0462793242969156
-0.0317693498250029 -0.0150442588721217 -0.0254882410542897 -0.4798775076225
-0.0240360993358524 0.0262882972530155 -0.720628828292225 -0.398296682435178
-0.00299115726551174 -0.00491459311714293 -0.705109021777889 0.465972443964342
-0.0136910635265 -0.00839946086830195 0.154414822150747 0.656278886202704
-0.0323502921037033 0.000613883841606974 0.460468432907167 0.146920213674887
-0.0203099150855834 0.000104577373398614 0.273744629355464 -0.170674121444373
0.00553197068833333 -0.00286758213627471 -0.0309580156037008 -0.215845889051904
-0.00774933360862619 -0.00226665876168387 0.00562806004474115 0.140030449233132
-0.01823121354958 0.0088298349790988 -0.198141990754493 0.0616577635917878
-0.0387818699289582 -0.0134962447084261 -0.338171920553422 -0.234833125534409
-0.0161668363112618 -0.0312892807143424 0.0280130581541329 -0.587285686893508
-0.011658880787963 -0.0113139496108987 0.693745705684736 -0.251271374821171
-0.0189809150786726 0.0111159277190333 0.605989531516849 0.490384928412127
-0.0279496179030063 -0.0125031392124186 0.0303649043273217 0.562184528313683
-0.017792727278753 -0.0277194225416486 0.0578865662666527 0.0309973363732798
-0.0305327030738086 -0.00975402798121289 -0.0730917443172255 -0.481771446148693
-0.0198362316545311 0.0247481521777023 -0.759876132028731 -0.304363805389795
-0.00474842257616164 -0.00649358230337607 -0.625336086018353 0.55014933861441
-0.00776372687892525 -0.0040360848033492 0.242135955694682 0.619346782392355
-0.022513205683149 0.00909381974320427 0.478357331861238 0.0936047577302165
-0.0140001611897863 0.00278519962658879 0.260744233627224 -0.193944141777578
0.00721535714508305 -0.00205092370971475 -0.0369423130006969 -0.223941104945589
-0.00614798777110472 -0.00209986256472251 0.00460690480012211 0.134357546513857
-0.0101557174933229 0.0116175578419406 -0.198749006293816 0.0458711424481393
-0.0263456278860132 -0.0060433405934471 -0.31344923988512 -0.265223681776223
-0.00903984246815962 -0.0259195386148866 0.0915145320936733 -0.585020521717381
-0.00899735188198503 -0.0139831095763632 0.726207606334083 -0.17643118592429
-0.013721016804918 0.00853862772621741 0.558294356184641 0.555534282990946
-0.0221829024137873 -0.00868157004856126 -0.00920853793196237 0.561571221792159
-0.0154296019185138 -0.0180316242540045 0.0552313512120773 0.0170767629674084
-0.0238138470367412 -0.00351111875630584 -0.109704989323305 -0.479206383399289
-0.0134015041997622 0.0216794559645552 -0.781920308722562 -0.231563190870009
-0.00343650780652796 -0.00646605766822611 -0.561224116236993 0.600017508990413
0.000797705778590509 0.00233420544490808 0.305960178932247 0.588484398237515
-0.00847338426878719 0.0167651987754559 0.485039792445635 0.0508981635781265
-0.00491797463982174 0.0055775034752223 0.248206569509626 -0.210208830567776
0.00810213891521601 -0.00268036660639881 -0.0421085677142387 -0.229738447520025
-0.00450969240767754 0.000968107432643238 0.00371144979897639 0.131611510799012
0.00040567287805068 0.0146719249383515 -0.199504559447469 0.0384057336771091
-0.0161685338300573 0.00493936675959415 -0.3014695169552 -0.279755686342363
-0.00480621998577781 -0.0172106296648162 0.127140671645216 -0.585288865216456
-0.0057193293062631 -0.0162793773940157 0.742193749883467 -0.135573556690659
-0.00417404303536664 0.00888199674969505 0.531727071447677 0.58581298450317
-0.0166332974081611 0.00183878488420034 -0.0295562831911358 0.55867149752851
-0.0138369074337902 -0.00543383659514102 0.052013515841814 0.00946163584909098
-0.0137799701974753 0.00213214083592435 -0.130172901333164 -0.477547621735757
-0.00466824042236546 0.0151009004537465 -0.790997670870522 -0.194697745513495
-0.0021209728654298 -0.00775211159493379 -0.526787815997835 0.62419744467368
0.0106906068802153 0.00824866302213611 0.334665587460768 0.567049631486369
0.00760439066131637 0.0238558845678628 0.487170926514452 0.0332228880717521
0.00700805861905189 0.00711657476697415 0.241765977877132 -0.21703721082627
0.00841985089663467 -0.0031175693931269 -0.0441673386472784 -0.232545873409598
-0.000859902634210772 0.00290247753152109 0.00303488337873351 0.133123043334463
0.0115673684805446 0.0195526759846859 -0.20029438455355 0.0396259671289822
-0.00522002674831252 0.0168420924287877 -0.301193789289989 -0.279581826598396
-0.00143170878317006 -0.00888216806291205 0.12246144380954 -0.587494919368443
-0.00278178044252002 -0.0181066822588103 0.741761291181632 -0.143701988821856
0.00722180494601709 0.00854382013958092 0.534089487327275 0.580597044253084
-0.0101874136205339 0.0129027620483436 -0.0274245380416783 0.557499221549374
-0.0121163065948843 0.00970950001244625 0.0510984181872513 0.00816605837007883
-0.00133195310615718 0.00923338977252308 -0.128212645442402 -0.479450461802153
0.00443231596761741 0.0101032705051558 -0.792669955879646 -0.200367699066747
0.000489802442977345 -0.00748796671951998 -0.530472363016114 0.619061097896097
0.0210068441019172 0.0137856546186891 0.332213747297751 0.565511523080124
0.0231717786641169 0.0303268867799907 0.488909107721285 0.0362685037331829
0.0174637533417326 0.00708642129530539 0.242483311110364 -0.213414149226318
0.0108066307667733 -0.00410879282095247 -0.0444622430735449 -0.231367269844224
0.000434186886126642 0.00377488833287385 0.00118616803391246 0.137742260304251
0.020898270267542 0.021137185226997 -0.203469036525225 0.0462510319897215
0.0040606540300195 0.0275059930895114 -0.316567265333126 -0.263103309963629
0.000902728040932089 0.000577986434077918 0.085389137766091 -0.59347423669387
-0.000922514484475615 -0.0177722828595617 0.724086302313537 -0.198175060742612
0.0179794124440483 0.00888461649173275 0.564448704514411 0.536599946021925
-0.0041447276051934 0.0260769931438572 -0.00219851495125024 0.555984909437368
-0.00980741967773574 0.0241008861119569 0.0516548412122643 0.0121423807892242
0.0103051887188179 0.016973792296221 -0.109307483076646 -0.485938921976999
0.0141864888135707 0.00660548725412542 -0.783625830069224 -0.24617844614592
0.00252478833543035 -0.00659771771356769 -0.575149127093735 0.58810066489214
0.0278735679597582 0.0205659814799137 0.29495516266869 0.584789012425585
0.0349455117631409 0.0343730115937738 0.485664147824029 0.0642324808761607
0.0287350615545484 0.00758626015660049 0.249084510721489 -0.199831273638546
0.0120668031709475 -0.00457242864158564 -0.0407305202056061 -0.223645388607
-0.00561684264872958 -0.000496510906045883 0.00731814592086954 0.170586670341097
-0.015707490325468 0.00860248585806468 -0.188374450518734 0.120940778581794
-0.0469125063965726 -0.0075007948136859 -0.402580074279498 -0.0973239999513788
-0.0328106276465274 -0.0235050316995367 -0.214866893585568 -0.529834540674924
-0.0141945492381014 -0.0038412705778609 0.491099665528389 -0.488877703855935
-0.00844274462617471 0.0174025852066256 0.716849291024766 0.200526552783322
-0.0262175721322573 0.00348162301121777 0.182627253809294 0.522897490727393
-0.0171574265592074 -0.0237249425339835 0.0635961260555084 0.0777892908291736
-0.0229135584850409 -0.0140015326882107 0.0784156292905363 -0.46175982739483
-0.0195641991998519 0.0268056429206654 -0.584927837956017 -0.586922291935255
0.000781110593067456 0.00134586627225844 -0.831470734623759 0.244106879562737
-0.0144712009249334 -0.00970346057077852 -0.0504457169184095 0.680396924763833
-0.0325721697721339 -0.00700555873771008 0.40194480227436 0.25689509652228
-0.0203098817446292 -0.00352943030007596 0.288044885991889 -0.112566295300928
0.00672381639350921 -0.00437064917277106 -0.0207929009779548 -0.196065431917989
-0.00652906170460858 -0.000695041958088436 0.00692308457752222 0.158797555130019
-0.0214088729136831 0.00891559726848739 -0.193530528017619 0.100491957565687
-0.0492575369121625 -0.0112781455439912 -0.385754168492886 -0.144546872176661
-0.0298495148125098 -0.0292096371558799 -0.140424149452673 -0.557448742224178
-0.0142882985671248 -0.00575255670304114 0.56417401202287 -0.420690975518158
-0.0147482897965804 0.0165148761106213 0.69215207062814 0.298293301693472
-0.030652573861373 -0.00504090130192448 0.133297143180993 0.540133704552099
-0.017391223067265 -0.0303972453648076 0.0623468793281609 0.0624090890340897
-0.0290973483784793 -0.0158200895119445 0.0312867568278379 -0.470139668528843
-0.0224708011767398 0.0268770219636974 -0.652809890800042 -0.498807568985696
-0.000975514981138643 -0.00158146724758958 -0.776597604055966 0.356470037835759
-0.0156893809847725 -0.0107095347420873 0.0474907442561773 0.673657355116846
-0.0348146586781245 -0.00528101102265515 0.433544705823932 0.205983887944524
-0.0225971401858079 -0.00217161059589763 0.282902685499759 -0.139305993704924
0.00637794653448369 -0.00395914875613208 -0.0245448805608651 -0.204979540959776
-0.00733333559869836 -0.00185183854097113 0.00573108212740642 0.147659474546873
-0.0212212061089901 0.00861305045666458 -0.195976665150434 0.078511622848022
-0.0450408238135975 -0.0138938659925573 -0.362818295714455 -0.192111656910511
-0.0236597437797669 -0.0318816821738054 -0.0533044427127378 -0.576335188039212
-0.0134334081293965 -0.00808569365193563 0.638062982815382 -0.332638173258331
-0.0193134747045006 0.0147521733596092 0.651630662378862 0.401811658535141
-0.0305155925180475 -0.0107076764486198 0.0784459815654285 0.550156172775537
-0.0172673397796082 -0.0314962409317876 0.0602042280905262 0.0469662873703624
-0.031654797189824 -0.0137541210367036 -0.0216342228440708 -0.476441451684708
-0.02235415445162 0.0267459984215605 -0.713262606860359 -0.398933850388712
-0.00328447504895002 -0.00474176289681197 -0.702395473725597 0.461931079211562
-0.0134653356558055 -0.00801049237893332 0.150326852688801 0.650790583091316
-0.0311878707072784 0.000571706839787443 0.456441226610042 0.147154426081488
-0.0201978679560234 0.000322067557680077 0.272584669058537 -0.168087726316613
0.00662889652965944 -0.00383405551134818 -0.0301436136224304 -0.213566809058411
-0.0072443803294318 -0.00229916144476289 0.00441092089381969 0.138927999424781
-0.0179788101304783 0.00883917260768848 -0.197193985619703 0.0600425117904223
-0.0376458305263482 -0.0121480182318823 -0.335132551975054 -0.23386250537655
-0.0156850065548757 -0.0311238908041699 0.0296713216742422 -0.583040271255363
-0.0115319217941678 -0.0113200121695178 0.690777629661722 -0.243140721692515
-0.0185143675877671 0.0106650377734788 0.59893126943654 0.489733049302558
-0.0272274440605169 -0.0130252011641728 0.0262046567793445 0.556497428840021
-0.0170200933976311 -0.0282467491798169 0.0562638342991313 0.0305590201779781
-0.02897691515989 -0.0105219426220346 -0.0691409658507001 -0.477542236167511
-0.0197905546522413 0.0253498817827679 -0.751296576343872 -0.304471443196015
-0.00320138458057622 -0.0061460234084603 -0.621590078873785 0.541785799070803
-0.00801650143698082 -0.00395877944491745 0.237681782460594 0.616177299036963
-0.022470839875803 0.00870385284855754 0.472220999995226 0.0943718143515682
-0.0135634685565239 0.00304462538153706 0.258428195667547 -0.19266762939836
0.00659578718388839 -0.00186091485213086 -0.0353492416959866 -0.222730175034443
-0.00583068467209795 -0.0013052639233658 0.00299918163741846 0.133021089222673
-0.00979911251911283 0.0117854168371499 -0.197340642075247 0.0440667507408879
-0.0261333882477627 -0.00564699220673476 -0.310470692735416 -0.262558992743996
-0.00937315035363168 -0.0263696220169876 0.0938529342988854 -0.580513023672831
-0.00860395312158006 -0.0143934803341886 0.725496947079623 -0.170032612302073
-0.0129321354380129 0.00870074642393684 0.550162805290134 0.553450434666921
-0.0216407068098997 -0.00859286938870461 -0.0131166261330583 0.556932573122865
-0.0159794023886549 -0.0180685604464804 0.0545116741596854 0.0173102184768101
-0.0232829267133796 -0.00445218798410105 -0.104723732174617 -0.476048388292229
-0.0123846264555527 0.0203967988917724 -0.774676376326375 -0.231055357597261
-0.00413753112789494 -0.00680832244045645 -0.559779041200161 0.593837775436001
0.00121561226614837 0.00206916812306332 0.30043404742228 0.582067962797116
-0.00761058828029538 0.0159887258149179 0.480833637229247 0.0526070938625482
-0.00344912590496373 0.00506164933988291 0.248077683841909 -0.209130199810642
0.00779083617641762 -0.00282284736876365 -0.0396550810304276 -0.230053728340616
-0.00377174865390936 5.30180879144127E-05 0.00171355884762133 0.130163790660407
-0.000268491749333121 0.0147933146079901 -0.197207205449019 0.0367136622798936
-0.0146180897990133 0.0047206561489538 -0.297547190087741 -0.278883290561189
-0.00504446396204297 -0.0175760561292535 0.128358097650534 -0.579249215638104
-0.00585605446003706 -0.0173631825326316 0.738459145729561 -0.132752204644813
-0.00372074832749276 0.00740611131364038 0.524861037467036 0.585220809826446
-0.0155629060416248 0.00109064705808755 -0.031471624149045 0.555633857973419
-0.0141073049334575 -0.00565148893055996 0.0520805151202142 0.00938488079270433
-0.0132971207377183 0.00147007422590392 -0.125898136885857 -0.475973460092571
-0.00584310458750907 0.0152011034286726 -0.785046827964896 -0.193985938856003
-0.00153198897691528 -0.0076589765824344 -0.526734727097032 0.616207527066253
0.0120265753634699 0.00784716745711143 0.329452345267445 0.561503533356255
0.00801996267141444 0.0217922664375707 0.483121153019417 0.0330832597519084
0.00692744044139725 0.00606984494798347 0.242033917060736 -0.215833635332932
0.00904185231677952 -0.00306971524143742 -0.0426298240289527 -0.231133403520188
-0.00187951742754552 0.00197621173715214 0.0024058177060197 0.132176328384284
0.010018894924935 0.0184753121660019 -0.198971691068885 0.0382334838011306
-0.00443693420498585 0.0181221107561434 -0.298726880017627 -0.279169533237296
-0.00224906911224713 -0.00837750530403181 0.124594172802434 -0.581744529271246
-0.00334549026338963 -0.0174615940485955 0.737863965725223 -0.140757334477792
0.00807689474283098 0.00866464894119329 0.525268992432728 0.577991073838362
-0.0105331259793869 0.0131444337827419 -0.0301536117360249 0.55305220993334
-0.0119165342834909 0.00883012498595907 0.0508799332184556 0.00745745138621741
-0.00118127875174688 0.0102695446874826 -0.124044092633443 -0.476977645651744
0.0039674340662652 0.0103521591183951 -0.784606705905479 -0.200361186630087
0.000495354594491453 -0.00719741524999139 -0.528455684195226 0.613113532621672
0.0211801469803741 0.0138660590160901 0.327407178486663 0.562688962178166
0.0223376738916802 0.0284826201802795 0.484660694472841 0.0379591446138227
0.017367575915458 0.0072185909212741 0.241776155759807 -0.211903918358586
0.0100478933950849 -0.00395851587254474 -0.0419415596220323 -0.229190295549142
-0.000555855312842337 0.00442510685580556 -0.000969949386317115 0.137335128487729
0.0205084628348245 0.0213671070026988 -0.20152393935221 0.0461782483496968
0.00448864589648269 0.0266804557965928 -0.314701258011691 -0.262288701601235
0.00101120673700832 -6.11070660767208E-05 0.0878549515421389 -0.58899688036342
-0.000812093351988062 -0.0180087823655774 0.72146571860673 -0.192946271024678
0.0191320638306764 0.00851182894303969 0.557252733236303 0.53659220072554
-0.00377121933505573 0.0254229763994208 -0.00509442935341515 0.551456633780898
-0.0108307834606175 0.0232841694579077 0.051109979289518 0.013168882527869
0.00953178138221891 0.0171143754401218 -0.103971305416185 -0.482202416110492
0.0144545078763126 0.00697320965678214 -0.776588290561768 -0.24585544107723
0.00236852959292031 -0.00723664213633372 -0.571104064956621 0.580884075640141
0.0276831924287553 0.0206085393425852 0.29110192395747 0.583248423554247
0.0354178268657702 0.0344082358038522 0.482840377251343 0.0645467921437145
0.0280330389316986 0.0075121740291892 0.247730506397385 -0.197874600355173
0.012064597238227 -0.00457588280722924 -0.0398156464084175 -0.222593851517329
-0.0059883744942073 -0.00090498481618627 0.00753921145453382 0.170070625880731
-0.0160955922969213 0.0083061800187982 -0.188086819359803 0.117761024761776
-0.0461189047077438 -0.00586311557770336 -0.400545714064753 -0.0980679921176069
-0.0329542469836108 -0.0228407388073956 -0.211798394968687 -0.525754819748429
-0.0139175929790921 -0.00411489102574092 0.493098290337545 -0.484743715919353
-0.00781349208092042 0.0170876456723318 0.711694327667548 0.202301736412853
-0.0261788148299696 0.00340831803536588 0.17650381409145 0.520521901723506
-0.0164780362371737 -0.024183199983772 0.0621455047240798 0.0773312893789209
-0.0227137795698064 -0.0136779809537431 0.0819131764055149 -0.458992433213338
-0.0196067789096527 0.0259773739051424 -0.576219278531093 -0.587721826883472
0.000655315792422164 0.00150426062146915 -0.830485207121393 0.239452203214497
-0.0134445234891145 -0.00912999008289044 -0.0542101843147174 0.677303588426598
-0.0319627528642471 -0.00684187699440628 0.398685428887443 0.258427119280682
-0.0193129202396461 -0.00414371118300895 0.28675406388854 -0.11144586507215
0.00696429197982635 -0.00550475223227755 -0.0201235160779815 -0.195349493632834
-0.00678185271575336 -0.00117485037605312 0.00599195356744647 0.158046188577139
-0.0204372208651241 0.00802720055499152 -0.193380670740447 0.0983255952981956
-0.0491324076855219 -0.0111725269572065 -0.384256047972093 -0.145385123341835
-0.0299461243763191 -0.0292350632971082 -0.136443875162819 -0.555225539293588
-0.0142245151114241 -0.00559482613230221 0.566318184264033 -0.41505056667823
-0.014580989867561 0.0166154846602538 0.687208675118295 0.300798077436413
-0.0300657668587152 -0.00486872806099937 0.126398991255088 0.536880727840326
-0.0175480864343567 -0.0304109374004151 0.0606017821613779 0.0629209178983294
-0.028313606430273 -0.0167066330563793 0.0331057485084247 -0.467606869267313
-0.0228778214391022 0.0269700235667557 -0.646642265777717 -0.498478309989458
-0.00132957397215614 -0.000528892816428931 -0.77547653749263 0.350518750137158
-0.0149064265817044 -0.0107721457918261 0.0456336813086341 0.670670511080921
-0.0342570718321449 -0.0057073939372624 0.429413652162569 0.205207317852775
-0.0216314633967854 -0.0030536171430306 0.280532995085393 -0.138701117717637
0.00675477713763454 -0.00397554220773297 -0.0239552491867079 -0.203019723884573
-0.00774717528771789 -0.00142874955739175 0.00457238806424771 0.146983410322471
-0.0213448985720095 0.00750286299901127 -0.196104049048875 0.0772117185960715
-0.0452980977223914 -0.0138718463496488 -0.361164272437569 -0.192116098534848
-0.0239537125903428 -0.0319989552960939 -0.0506640244436892 -0.574864411300454
-0.0131883684707616 -0.00849290723199404 0.635843696375559 -0.328853102465448
-0.0186556360925481 0.0144012074988613 0.645490658110843 0.400611177268148
-0.0305834823758434 -0.0119683359746107 0.0732752664907849 0.548273160618554
-0.0174407536092831 -0.032117128502071 0.0579404381418567 0.0468974446207097
-0.0303957598260321 -0.0150526003611857 -0.0185316795434085 -0.474840687224301
-0.0225950347776888 0.0262206141037718 -0.707540033840753 -0.399415565737385
-0.00376668799506205 -0.00405879605247446 -0.699295138163748 0.455806189315725
-0.0135753515129504 -0.00917744545892371 0.146539441259644 0.64703026107274
-0.0306502602231509 0.000941762856614046 0.453555214697162 0.148622628568814
-0.0197913129321064 -0.000220048480316757 0.271264459306277 -0.167127969267177
0.00677930281328531 -0.00345743284148806 -0.0292613080368252 -0.213456585641896
-0.00774422525391179 -0.00165683072315459 0.00316805107569409 0.13904673386722
-0.0178535282388559 0.00750347224467817 -0.196818890086907 0.0575863328562491
-0.0364240590191607 -0.012164405878525 -0.332856092972407 -0.233077263660453
-0.0157569540957973 -0.0307578513622659 0.0318875927257521 -0.580105427666313
-0.0113234367425006 -0.0117846283410914 0.689325204203359 -0.239859594897242
-0.0178073350374421 0.00983216348400344 0.593592332554337 0.490406653570526
-0.027209320389325 -0.0119374875493883 0.0224580656835708 0.553334462767899
-0.0161711266284876 -0.0273139321202682 0.0562077829413821 0.0309712683064489
-0.029433950247181 -0.0107644885077748 -0.0640117913583447 -0.474504890299595
-0.0191702468151806 0.0246208007774362 -0.74637221167507 -0.306102545734725
-0.00459538874512661 -0.00575322335659102 -0.620991162071989 0.536947464368319
-0.00790780246010128 -0.00411039538856178 0.234719718470617 0.613395076292596
-0.0212653605786975 0.0087774640525643 0.469016013645367 0.0949352067768581
-0.0132811258027691 0.0035421881724226 0.258635919071981 -0.190303386564848
0.00699734371326302 -0.00207009673081287 -0.0344002153886417 -0.222698958635492
-0.00625502649101123 -0.00106647639687923 0.00347898693574855 0.132558513789536
-0.0102223553904133 0.0100772564868551 -0.197154402977491 0.0439846209223102
-0.0257969787950489 -0.00539950087559816 -0.308068525827033 -0.263009584510408
-0.00945598397583538 -0.0259036900178624 0.0957220126737853 -0.578067818243986
-0.00918404436270443 -0.0150539633113162 0.720537447145863 -0.166685925421107
-0.0124009844709557 0.00823940372599524 0.544506682706411 0.554756493624713
-0.0227969160096886 -0.00823404881436578 -0.0152653509139505 0.552133506456305
-0.0152664997680703 -0.0180177661629131 0.0535409237757045 0.0168678986187338
-0.0232174319539787 -0.00410857904066611 -0.10140307638053 -0.474600841929754
-0.0127064734107871 0.0206355753511905 -0.768566780675999 -0.235545505700427
-0.00332401145639678 -0.00620654521517538 -0.560009482453646 0.588200489979993
0.00143109952388058 0.00267484772802104 0.296508042247827 0.581375905013233
-0.00723514965302369 0.01626549485256 0.479285082243976 0.0529160044873198
-0.0048222372850566 0.0043844361793247 0.247500315115905 -0.207518448268138
0.00781181674288577 -0.00314835202040036 -0.0392212331945471 -0.228288422429159
-0.00415337939397201 0.000197655431739686 0.00183338600406949 0.130969182892495
-0.000728768048620403 0.0135725665675212 -0.196857152219004 0.0370166624647163
-0.0151023912674049 0.00575372365315732 -0.294648724073885 -0.278686821635314
-0.00462198917082784 -0.017757994000014 0.130294642051258 -0.574870829565471
-0.00575444852700891 -0.0172162794639883 0.733800824328209 -0.128011398498982
-0.00310661211898287 0.00859105035525021 0.517046504637708 0.582815526798085
-0.0169976051764787 0.000785502540540835 -0.0342709784630021 0.552702926558055
-0.0131668833370831 -0.00571713914521256 0.0506267243429016 0.0103775739197109
-0.0124764123821375 0.00235768672889707 -0.120730933657368 -0.47292162546816
-0.00525988591294494 0.0142548539774275 -0.778079544547549 -0.197372525886654
-0.00266447065456451 -0.0069617059330062 -0.526932375854264 0.610924659197327
0.0118159543339652 0.00852385683682809 0.325119190309287 0.561373256363122
0.00855618052267131 0.0227595511821391 0.480420731206515 0.0336019690628612
0.0075567727685747 0.00592149308486179 0.240704893948209 -0.214803359806636
0.00958852430985365 -0.00371524990530343 -0.0424071454442924 -0.23099909761213
-0.00203100446251269 0.00349091638800293 0.000141934128807821 0.131471619433548
0.0105885766701617 0.0187706363884863 -0.198666284187351 0.0370664707893682
-0.00408454280017346 0.0174488325184221 -0.294911652601704 -0.278421143007908
-0.00234637937330033 -0.00770493687938711 0.129722486368659 -0.576568269398564
-0.00272323879105224 -0.0181449351995003 0.734284118498832 -0.134794464949057
0.00822383577135336 0.00867421848161424 0.520368641163177 0.578169340902169
-0.0105149290055271 0.0137002245722331 -0.03294892575641 0.550095892532333
-0.0122753188847152 0.00882431601020097 0.0504840144030394 0.0081090705607713
-0.000497250185879285 0.00880375748033963 -0.121519832949749 -0.474844438648519
0.00506909008254399 0.0098092378140166 -0.779761650419949 -0.203430230084247
-0.000588952799930062 -0.00677181562849081 -0.529817543762583 0.607533231804769
0.0211907778794868 0.0137616744335065 0.323365944501857 0.561984945003811
0.0223025837838173 0.0281181760928692 0.482224106723919 0.0370527754286666
0.0175933846238378 0.00650688961939288 0.24148996067986 -0.210502300855974
0.0101146469270596 -0.00439959595445687 -0.0412404038248091 -0.227594460791004
0.000862671470219786 0.00425713310114456 -0.00166622927697256 0.135944069726165
0.0209165659615497 0.0219126815910355 -0.202000194832574 0.0441688544551671
0.00465056299689885 0.0267749526450168 -0.311923811131825 -0.263723905028389
-0.000146244944542219 0.00107733148672653 0.0901676894421485 -0.584973130759118
-0.000370142446436477 -0.0178752845685619 0.719410492839171 -0.188560125217815
0.019664741560539 0.00860008409178279 0.552141549747328 0.535723867012531
-0.00442987833864973 0.0255118412155121 -0.00864445996261161 0.547438403250151
-0.00979780615643908 0.0225432110747096 0.0507379402001915 0.0131270353985296
0.0102360513552187 0.0156771013863628 -0.10088153537301 -0.479692225596594
0.0141912547236077 0.006347487972804 -0.769519228883844 -0.248649576779177
0.00206787064826163 -0.00648784125134504 -0.572285736994162 0.577096741801074
0.0270600986883682 0.0204422804608354 0.286422754507636 0.581199206365156
0.034723278564034 0.0342440275419841 0.478456805760688 0.0650627435817916
0.0278417213195398 0.00743178574696114 0.247608081557793 -0.196409310998194
0.0123397565475127 -0.0047755142651575 -0.0393372223995754 -0.221430693233775
-0.00554861221054158 -0.000642649937760308 -0.0157725666332796 0.168949139263399
-0.0166734247721081 0.00473411725668101 -0.203758601858531 0.0921543189967893
-0.0429139186584301 -0.0131398468527154 -0.384975025093479 -0.152485782015105
-0.0256700382041254 -0.0278961177317268 -0.141393277066449 -0.545008501743686
-0.0101385936236559 -0.00484013095145925 0.550240395886812 -0.413556622810711
-0.0115290438719151 0.0116204210123086 0.67678988619815 0.301061943984251
-0.0234775379116646 2.39929367337743E-06 0.108189058416566 0.542251060300709
-0.0120209794302162 -0.0259355326114788 0.0488688189488324 0.0842572581358511
-0.0226720356910459 -0.021717428334253 0.151816666830004 -0.441473644845608
-0.0307385203083934 0.0226786470338178 -0.479109342177403 -0.667645473234759
-0.00327833705546828 0.011677136330316 -0.861451306556601 0.109129800229565
-0.00261112659400411 -0.00868372232382146 -0.160298436321839 0.666880173137637
-0.0206232763335762 -0.0165093592593761 0.35387917408752 0.31839499503489
-0.0178204963099518 -0.0124903147243586 0.302659233775084 -0.0654312875116318
0.00646110670065157 -0.00405043131523245 0.0134005990476035 -0.199635635671477
-0.0065933468701594 -0.00231737868996916 -0.0153116133466081 0.1571974531116
-0.0208551799192792 0.00357875850836021 -0.205570052973144 0.0710673076818089
-0.0444809566704307 -0.0172263931441262 -0.361839040666206 -0.198356121399983
-0.0221925501615235 -0.0327904318613368 -0.0609430097001322 -0.562676897460115
-0.0103384753773256 -0.0063961334410938 0.615424645331019 -0.333328856370065
-0.018383520336566 0.0095953597829929 0.639938989366643 0.39609001199723
-0.0267271878395812 -0.00911653609329995 0.0568087488827914 0.551096227563378
-0.00990739489022903 -0.0318779243995049 0.0504991983245734 0.0709457326713773
-0.0273301334803136 -0.0244522207073113 0.105278704054511 -0.458431006311123
-0.0320968945538863 0.0236378843865544 -0.562534443732157 -0.59158484670807
-0.00347400649986502 0.00822649152842497 -0.823122378022257 0.229030767701956
-0.00360357350614153 -0.0118913932981689 -0.0601882367476623 0.676514628813816
-0.0239363993268784 -0.0166955226379985 0.392798043063408 0.269179379998025
-0.0208795093483961 -0.010397249251918 0.300585425454643 -0.0945667673534426
0.00419350064732265 -0.00404617429356443 0.00902030091803783 -0.209210181184175
-0.00701070236266691 -0.00348639744566564 -0.014786627239355 0.146960774419533
-0.0218482046480972 0.00334488237278754 -0.206317844731385 0.0489023527160346
-0.0404720840149019 -0.0195906140577408 -0.331137398037739 -0.241330843018617
-0.015534586903847 -0.0339154929763121 0.0238445845876943 -0.570203686935836
-0.00763364276796029 -0.00823353739835127 0.670247351046075 -0.239851410216208
-0.021449403501783 0.00633812498826891 0.58342276795723 0.491375887314682
-0.0255043711650807 -0.0139715072100229 0.00182410096149658 0.554742588299287
-0.0109104312359911 -0.0341716316868347 0.0506735772260435 0.0543656192819243
-0.0317795254869861 -0.0230428180381515 0.0572523549129316 -0.473239506286367
-0.033023024271886 0.0247785997448947 -0.637947609777175 -0.500694023017581
-0.00306520726347746 0.00544823425034073 -0.763892667606115 0.345199660820016
-0.00174306790708816 -0.0102748897224286 0.0464025273726531 0.667707106310787
-0.02292536791901 -0.0106806599884665 0.426769992262955 0.218557897965553
-0.019951779995834 -0.00729023661192982 0.29557535730794 -0.123865804007862
0.00440495794636634 -0.00321822894263016 0.00581992128628851 -0.219921738619585
-0.00677705528304337 -0.00322727410361933 -0.0151698217030664 0.138338397132712
-0.0180258919286783 0.00456957141353407 -0.204537305796868 0.0299623482513558
-0.0321601782078775 -0.0167277163726575 -0.299291496602918 -0.278786754578689
-0.00837240960770945 -0.031790026456803 0.106572580759716 -0.565352127876347
-0.00687727596517067 -0.0109452230049704 0.712112843258054 -0.143591749057611
-0.0186404090194063 0.00246311414865785 0.520407350738551 0.57065776808452
-0.0218925058140826 -0.0149023451594085 -0.051283939618033 0.553599339388747
-0.0114774814207713 -0.0305341410647575 0.049890411279522 0.0386780503462015
-0.0305620982034937 -0.0177580059554805 0.00933090457463363 -0.480756000333667
-0.0287962061415025 0.0240320793906551 -0.690064013878506 -0.417249828914374
-0.0030515853387705 0.00375173692829307 -0.702272234073354 0.435145742526649
0.00277752022058858 -0.00588925042776953 0.138680214550181 0.649064061086176
-0.0149269147571396 -0.00275197916961527 0.452859435992012 0.16736735034649
-0.0147827887033428 -0.00341484061629218 0.286287559559296 -0.149621907625417
0.00417947561130766 -0.00180299759593919 0.00087385325347768 -0.228158264813094
-0.00705054111525349 -0.00226377535049735 -0.0151414406813262 0.132026297473386
-0.01088390281428 0.00718864119895337 -0.203046958534895 0.0164664272556853
-0.021834410531932 -0.00894690741713226 -0.271082015337218 -0.304754618376223
-0.00300770633558914 -0.0248744369114501 0.168657053704825 -0.553422225192998
-0.0032741961122642 -0.0131189416113042 0.734133460279146 -0.0667142403030297
-0.0123989575118455 0.00145009253554022 0.462111277010541 0.629027864956827
-0.018246826381031 -0.0112936782824379 -0.0881400061160399 0.547882082063045
-0.0120745061942813 -0.0202479704200222 0.0484734476000393 0.0253924923707156
-0.0261107388482451 -0.0108473104790583 -0.0287132645533151 -0.484398424230478
-0.0217659987191662 0.0215594286940843 -0.723330608063775 -0.348616577582959
-0.00177520856497317 0.00368108490857888 -0.644989533372411 0.496755534823316
0.0105088586390377 -0.000128395445268693 0.205575081686521 0.624768298539512
-0.00300082553202087 0.00657294125471046 0.46548163373223 0.126138955101399
-0.00592674460805049 -0.000202273601964027 0.277832376637147 -0.167506776347854
0.00426338728177361 -0.00205614066303108 -0.0018244649487801 -0.236571270980708
-0.00458706548523364 0.000651730493777863 -0.0156380983711906 0.128857090583801
-0.00121467169062577 0.0126369923669987 -0.202652739718588 0.00913458871712025
-0.0132630748825619 0.00385430098743878 -0.256984009753149 -0.316852018349237
0.000909325182076234 -0.0157617637804646 0.201732741528084 -0.546315730273033
-0.000889948253718914 -0.0146532480617781 0.742634906851406 -0.0279685921099188
-0.00381865310931648 0.00256237933273685 0.43204964561769 0.651977144555534
-0.0141233298605782 0.000152636218095813 -0.106734253850035 0.544338072189252
-0.0115818631492271 -0.00784545824631672 0.0488475802063333 0.0173566718081414
-0.0174488210401134 -0.0036963990531312 -0.0457850924327171 -0.487431537885022
-0.0124295760494139 0.0183288597637875 -0.738188197291055 -0.313205137607691
0.000643029861658853 0.00323847915690438 -0.617168796065695 0.52510895535383
0.0193612094839638 0.00663027862908039 0.238047390613571 0.608783662066878
0.0107837441328959 0.0144900486645351 0.47076324194159 0.10810659492742
0.00458633221489391 0.00288152462451857 0.272627863018647 -0.175464225884969
0.00597147133524286 -0.00195024052169725 -0.00348192212568668 -0.238847573225371
-0.00320725708675464 0.00339314576220126 -0.0181505241305761 0.131715434189562
0.00771330683428684 0.0189455582052929 -0.204715605944498 0.0105757334209394
-0.00433735183478536 0.0170496599501377 -0.25993192551305 -0.317024398268184
0.00166359722531805 -0.00616865750681213 0.198993053998448 -0.550026499785418
0.00263131274283687 -0.0148629293872904 0.743659960275442 -0.0349277873785472
0.00710383876885487 0.00510677017046804 0.431892194032814 0.645944745519318
-0.0100159577121785 0.0141393224768978 -0.10664400545403 0.542388601239273
-0.0125108459664007 0.00664914885172129 0.0489296799803323 0.015116938093819
-0.00708337831019 0.00642045273291724 -0.0448512306248955 -0.489280887542988
-0.00233520623482717 0.014301895326019 -0.738902457918627 -0.31840378076607
0.00370484428657557 0.00354561145753724 -0.618334618092642 0.520770061131746
0.0285140021923127 0.0147808364107403 0.234644313499226 0.607491149016648
0.0246121816324663 0.0225273708714521 0.470551449920225 0.111555919387755
0.0145478715111492 0.00448889196391476 0.272309584603213 -0.172101065944313
0.00743032016010434 -0.00355599363963874 -0.00326330451116274 -0.23682973644482
-0.00118170346737273 0.0036855733299543 -0.020970194892804 0.135543198707452
0.0160664124019471 0.0235698593099654 -0.20906374377506 0.0178104062814858
0.00320381383255331 0.0281939582956703 -0.277683508923843 -0.302768235628988
0.00209923696099716 0.00228655037433483 0.162851861567908 -0.563580242636404
0.00429820230406449 -0.0146463551383093 0.734111510991337 -0.0889115776406643
0.0178185650268643 0.00721973408264599 0.471012373679703 0.611255660788327
-0.00491915903325014 0.0277056593038011 -0.0807616144319386 0.543904268833519
-0.0131764110265438 0.0210392964160266 0.0467581613592434 0.020473388564126
0.00294264921469062 0.0145846917981046 -0.0251142080039057 -0.490835920697453
0.00716717035110362 0.0120421367763922 -0.722057522151848 -0.363467108987256
0.00488054125030378 0.00410452411476836 -0.656135336297995 0.48366997389275
0.033851928327694 0.0224115169102587 0.194104526571546 0.62173398548029
0.0355344614375744 0.030514812598111 0.464645809084704 0.138963424966351
0.0253318447147 0.0077984534792415 0.275671917528154 -0.158366516130683
0.0102310139445344 -0.00314333092789146 -0.00261743727984303 -0.227756906624852
-0.00615680244400989 -0.00104089842070015 -0.016326449755358 0.16884536158863
-0.0168652626950119 0.00508979468411358 -0.204255492876683 0.0903758679224778
-0.043086075479676 -0.0127921592179047 -0.385087125412217 -0.154774009712247
-0.0258077831935891 -0.0283772143597946 -0.138300570410794 -0.54424353074572
-0.00984865144484019 -0.00428174247269381 0.55190508589684 -0.410313101387351
-0.0119303835818962 0.0110516420299234 0.674625794266157 0.307278633897528
-0.024169327440745 -0.000665027686026168 0.103074564341571 0.540569296296057
-0.0117399549802414 -0.0267802950147816 0.0491348939139347 0.085202156324754
-0.022764661385318 -0.0212495564189634 0.154827420679696 -0.438870049313549
-0.0293373454400786 0.0231635592513985 -0.47656884419548 -0.668831449721526
-0.00364443294898745 0.0113714574365867 -0.860494651757027 0.105211713038551
-0.00226921136454087 -0.0086906259572206 -0.164450288240205 0.664763152628321
-0.0204165543695352 -0.0164561462498725 0.350522536263794 0.32039356216021
-0.0178268773458718 -0.0113160232650546 0.303748841822708 -0.0646257351449179
0.0057197279188358 -0.00505132305652078 0.0128620249549713 -0.199684143224513
-0.00746763278072685 -0.00220600434304428 -0.016185547209866 0.156998033365434
-0.0218818594319572 0.00269493133395524 -0.206711138297124 0.0685783878513054
-0.043858519468941 -0.0175323732647131 -0.360705936153038 -0.198996197380828
-0.0215070413539621 -0.032714897271762 -0.0587060110831449 -0.561004830725387
-0.00970717774511087 -0.00689118504443185 0.616151460244288 -0.330105454398111
-0.0174667674255887 0.00934457498857869 0.635572275149104 0.39934407393209
-0.0253088757213999 -0.00863706246636055 0.0534866904182213 0.548921864897067
-0.00967114312393234 -0.0329512711753968 0.0489910325219753 0.070987097366694
-0.0272373620508208 -0.0249251133489749 0.10870364756729 -0.457212609525946
-0.0327096353059602 0.0234071525930043 -0.559097523667865 -0.594418641443681
-0.00353342119193348 0.00880661745599861 -0.823372407827693 0.224774929475329
-0.00250705854833173 -0.011285230551034 -0.0626924148512742 0.674418840546337
-0.0230280341464646 -0.016820710101447 0.391039455327157 0.271322750875203
-0.0217799513702991 -0.010913900373379 0.301153696140003 -0.0934645192576382
0.00454744418627275 -0.00467745090630054 0.0105235742685683 -0.208829494548131
-0.00794687951438466 -0.00372716418476637 -0.0168745111217996 0.146420000633379
-0.0221414472223335 0.00299778917038454 -0.206543042101472 0.0482782650533464
-0.0397313821590643 -0.0194263624928989 -0.330653104441372 -0.241970577837041
-0.0152485584801463 -0.0339207051810239 0.0278671975483467 -0.566976091865382
-0.00809127860404231 -0.00870040839646509 0.672477881498242 -0.236137052099023
-0.0203361133024559 0.00593207670886874 0.579766190249634 0.49365638619989
-0.0252176415648493 -0.0143306880364593 -0.00141416247910034 0.554538656782153
-0.010938406903038 -0.0343944475064855 0.0499916895889184 0.0546717660912787
-0.031520157313971 -0.0235283528843204 0.059400238727882 -0.471001443300446
-0.0316732803276776 0.0248457199670232 -0.633175636880468 -0.505009178595103
-0.00366832074877068 0.00632275907007177 -0.767685327917188 0.340274773959879
-0.0012545871995896 -0.0104033601805143 0.042277767015553 0.667664947838197
-0.021833028366406 -0.0114760414544787 0.425908695201143 0.219471719022919
-0.01958267835265 -0.00791583861173266 0.295244122274439 -0.123434306412565
0.00392105930636861 -0.00374644774402071 0.006338695028117 -0.219612855880276
-0.00669979844307515 -0.00301103896637061 -0.01584752600139 0.138953061041018
-0.0180434386228015 0.00431036029184212 -0.204824506420932 0.028303471386606
-0.0312877938536545 -0.0164521168374909 -0.297716359492727 -0.278978176492016
-0.0090614467561179 -0.0314537297881763 0.108139255018965 -0.562845453872548
-0.00652490798872863 -0.0108809738702523 0.711113453242052 -0.139840726580886
-0.0195413754454735 0.0025172207986915 0.515463098583748 0.574333487579395
-0.0222344666222273 -0.0149141018671293 -0.0537711409264198 0.55294871781591
-0.010562589192048 -0.0316544656272151 0.0495945458299969 0.0383717761024919
-0.0315453919035813 -0.0187899954126673 0.0130342932907864 -0.481081375189864
-0.0285172668939053 0.0237495526195004 -0.688396986654317 -0.420252757254034
-0.00214553154182246 0.00417312699195289 -0.702496843387774 0.432584321528178
0.00282734265089925 -0.00653297617204454 0.134403932997635 0.648376099369653
-0.0141285884839191 -0.00295920337578961 0.449390080420691 0.168351075807729
-0.0137430647681009 -0.00392584787359748 0.286367475269475 -0.149048962242379
0.00447988367795056 -0.00251999232471349 0.00295575825424363 -0.228607940066745
-0.00756384655197898 -0.00274648151031258 -0.0160923986920303 0.134230575129401
-0.0103801897648578 0.00694075354100767 -0.202519955360127 0.0155004800881771
-0.0218001297004623 -0.00742353260755161 -0.270389176586203 -0.30483660369868
-0.00205795075523553 -0.0240385782457518 0.171514257489555 -0.55187707250118
-0.00429255470437921 -0.0125861341126529 0.735486769358559 -0.0620425370300714
-0.0122706192967687 0.00150968155265049 0.45779363799439 0.629068396561118
-0.017354986118602 -0.0100199034264482 -0.0939845116085411 0.546309659720365
-0.0119046524989396 -0.0210539793676355 0.0490048171270059 0.0253932527531271
-0.0257475717205345 -0.0110359194655431 -0.0234449423439241 -0.484683373744922
-0.0216728336022873 0.0208678330015537 -0.72206720998615 -0.353001740469442
-0.00147100067282752 0.00298854650306933 -0.64959795252571 0.492980917292082
0.0109263040492891 0.000629876539943522 0.202126053336238 0.623129658448044
-0.0032101983314062 0.00654040944458954 0.464913537482931 0.127992149636463
-0.00638650320664408 -0.000586460973250482 0.277978837289191 -0.166821671734973
0.00535582796103644 -0.0019220568569141 -2.17101490587404E-05 -0.237045968156135
-0.00491272783417191 0.000106375002304359 -0.017302588846489 0.129934553246215
-0.00194979746266557 0.012641840775551 -0.202133406009176 0.0105330259730255
-0.0124470463913842 0.0044764022582799 -0.254933111214778 -0.317066012832486
-0.000141110591306213 -0.0159463815788134 0.204293764882854 -0.544683613504276
-0.000697134807352602 -0.014518467110531 0.740358016129499 -0.0232291331774092
-0.00311182279914075 0.0026019564773114 0.42437854388341 0.65539008341045
-0.0138036678258733 -2.17445477161092E-05 -0.111431219613221 0.543563329630085
-0.0130758899092815 -0.00754098092066916 0.0478492517913441 0.0172083552893594
-0.0169112528001671 -0.00296992242666055 -0.0423120217700373 -0.487462796250752
-0.0126497363385483 0.0180129926833969 -0.737264531623759 -0.317165522870965
0.000770495766101118 0.0029518715023122 -0.619487988075758 0.521759883926873
0.0200660169846742 0.0068930488316416 0.233385614947741 0.60893023504208
0.011118473405789 0.0149190964042672 0.470019927595142 0.111556076772217
0.00478151655947137 0.00240710571973463 0.271874855041242 -0.174240638534339
0.00594341882542782 -0.00341985872779098 -0.00202249870689701 -0.237707974366007
-0.00403169546453779 0.00267175748991678 -0.0188875513764087 0.13252472379115
0.00819349355459472 0.0187309284004124 -0.204558047668936 0.00847122177442329
-0.00474428762956095 0.0173118076765154 -0.256726584179983 -0.317352305049022
0.0013138524844913 -0.00651333842691276 0.203706946728972 -0.547727562849294
0.00232768627968271 -0.0151264748909729 0.741891367098412 -0.0323824685455923
0.00782968625762625 0.00481761741019952 0.427586614958293 0.64710987925282
-0.0104989892202831 0.0140428467622337 -0.108905325975152 0.541597245931203
-0.0121314060003411 0.0070911839471271 0.0480218406949643 0.0159142591488977
-0.006739828645457 0.00503332477613125 -0.043113194566113 -0.488646711543594
-0.00249531596090016 0.0149614816826469 -0.736736352920769 -0.321732371796025
0.00344648627629719 0.00381637560260423 -0.622431458646291 0.516961845491109
0.0279459518800553 0.0146710248313708 0.230283589143023 0.608597612228257
0.0237199993657286 0.0235157185353173 0.469273979970201 0.114022055315251
0.0151011244215969 0.00558810163280555 0.27281689308339 -0.170966506914093
0.00822806093017591 -0.00315286362605391 -0.00269231302511624 -0.236461497592576
-0.00157632735978228 0.00414207054123683 -0.0212838083250813 0.137545774580306
0.0166095779420132 0.0223595735691969 -0.20854421574496 0.015688568612554
0.00382859638213381 0.0284602567804452 -0.276929543273657 -0.30542982865448
0.00344485953564666 0.00324293146088669 0.1669186850504 -0.562243016542218
0.00371062823374713 -0.0147881091522991 0.735125598021241 -0.0840237265160605
0.0180510164555596 0.00669862836174259 0.46649172341292 0.614108763472928
-0.00714322320578991 0.0266327243766796 -0.0843305399669743 0.542341931683581
-0.0136935927403524 0.0201892057747732 0.04644925978376 0.0215391817061207
0.00214711122673502 0.0149201097425594 -0.0223230028369249 -0.490602286228153
0.00745244680841649 0.0133400330601256 -0.719722501916319 -0.365975409342652
0.00652877304987098 0.00368861653440106 -0.658149374171584 0.478025239648182
0.0327372175664777 0.0226636191462826 0.190653940231727 0.624798551613201
0.034523980241859 0.0306818002882827 0.464224329664173 0.139374527261132
0.0245226799071676 0.00836956917689101 0.276311878500721 -0.157161840318454
0.00938043027991525 -0.00289252096783166 -0.00101358883695028 -0.229925005363786
-0.00584061406790559 -0.00205349749918543 -0.0178629815080323 0.16960040267746
-0.0165663669128453 0.00380355139381805 -0.20555303137448 0.0895142896843979
-0.0415061595444953 -0.0142207816610795 -0.38461324696728 -0.155865332931143
-0.0260080712154666 -0.0279107174003943 -0.134173406516479 -0.545777765080749
-0.0096871840028867 -0.00566185170498165 0.554288031491651 -0.408428141966571
-0.0105698154177374 0.0108162047353189 0.676049808361854 0.311291154888544
-0.0239230637856913 -0.000369429190179859 0.0997575714089494 0.543836126668019
-0.0107432910718894 -0.0262451296358215 0.0483143471089517 0.0865448690110442
-0.0208153659042637 -0.0220123788927593 0.158526280067222 -0.439113235292713
-0.0291409330686948 0.0223800558558175 -0.47035401331987 -0.67161571754738
-0.00294816071812793 0.0109944712089651 -0.86438755421971 0.101512903058009
-0.00140038180203647 -0.00877684774204167 -0.167466305494376 0.666047246653901
-0.0197232366902267 -0.0164410924420686 0.350584608017689 0.320942608828291
-0.01803212015046 -0.0121231723646317 0.30269414123289 -0.0632509269739227
0.00586518540018992 -0.0054473725806743 0.0151563236354156 -0.200173150383656
-0.00779466854392302 -0.00248649559604285 -0.018023130737223 0.158901160128914
-0.0216585909772297 0.00254489653583712 -0.207331914607307 0.0683356457567578
-0.0431471510717107 -0.0175953212351463 -0.36170651792211 -0.199926109057268
-0.0218971547049255 -0.0334936694626844 -0.0562659332147537 -0.561498618796395
-0.00913973537619652 -0.00680755993098993 0.617978474304405 -0.326195689084143
-0.017177899853155 0.00916608347528274 0.634505783364111 0.40307006799981
-0.0268816822685681 -0.00945991293797328 0.0476079795689918 0.552058666333749
-0.00994850626203722 -0.0329851618686855 0.0484861386311465 0.0713629992187346
-0.027807386373765 -0.0248629347674505 0.113857361741734 -0.456230552847657
-0.0336952722168347 0.0233999255217651 -0.556139247445365 -0.597062846498171
-0.00363231936907791 0.00899972670083523 -0.82614264836831 0.221214046134435
-0.00276504775698258 -0.0116249572721651 -0.065948650744948 0.675793170864877
-0.022345163455928 -0.0171250202862909 0.389965148805356 0.275706437849784
-0.0201483202754468 -0.0125048125925729 0.302213757416163 -0.0927002915444088
0.005358111117972 -0.00499289744931637 0.0123621882242969 -0.209342681357308
-0.00773423366537591 -0.00388984397852624 -0.0175874416027277 0.146556202381747
-0.0212649463655894 0.00204888351181649 -0.20711498064257 0.0480501833966991
-0.0390414098536508 -0.0197539921668458 -0.33043709833512 -0.243379161478045
-0.0149965356401841 -0.0344697341464456 0.0301246922996615 -0.567702369777885
-0.00878534129287836 -0.00892608082095501 0.674151860434224 -0.233165144110437
-0.0204625133140476 0.00624897013370499 0.578436173800986 0.497581688107671
-0.0260100960335996 -0.0146157239284102 -0.00644675551204037 0.55569122346086
-0.0103746107812126 -0.0343684056462368 0.0492359461620257 0.0555440465443822
-0.031646916197492 -0.023571964079089 0.0642982420501835 -0.470680471614239
-0.0325158391478065 0.0240402534746391 -0.630096541746503 -0.509180616375972
-0.00328734218552972 0.00743410593706413 -0.7699137787337 0.336597697167111
-0.000891285506194493 -0.0110190107873614 0.0403332692952764 0.668625236875632
-0.0209568486422885 -0.0110418012837122 0.425532908570188 0.222542081376746
-0.0199201813339107 -0.00855520618356482 0.296863230569941 -0.122888746535231
0.00509709887920526 -0.00364394917281955 0.00873677981402201 -0.22047682026988
-0.00754919594808071 -0.0024796376924295 -0.0177463694457877 0.138036760859193
-0.0179485826835151 0.00426344198767387 -0.205219875471175 0.0268800844143579
-0.0309753726081476 -0.0159856499164773 -0.296601696574901 -0.280821350127433
-0.00793086980225183 -0.0312595764073735 0.111873519105312 -0.563759763522603
-0.0068945708587377 -0.011348699829297 0.715383180374813 -0.134997851960554
-0.0179704884849612 0.00244894123583998 0.512065982564479 0.575786236055604
-0.0227316913707135 -0.015853215064269 -0.0587749012282671 0.553002803417314
-0.00996636018011398 -0.0323726327983355 0.0498482318657538 0.0388416978075661
-0.0294229372024782 -0.019428575878008 0.016011607456952 -0.481084350011335
-0.0288313389803656 0.0244052014195773 -0.686259823775785 -0.423522860296769
-0.00310865518302667 0.00454231837068175 -0.70798147774834 0.431227213929643
0.00313037060866852 -0.00599522704608097 0.133371609506178 0.648678014064297
-0.0141149468849655 -0.00258797847212419 0.450553285787937 0.172127764130827
-0.0148849165790783 -0.00412556472815675 0.287544261002085 -0.148122459031003
0.00448461338814077 -0.00227948043304334 0.00659710339994123 -0.228918421479478
-0.0076683932593289 -0.00216298481455055 -0.0178515729608618 0.133434021966546
-0.0116650254435349 0.00677678549746273 -0.203701765623594 0.0135278968217094
-0.0216622876862939 -0.0083981296839784 -0.27052182398683 -0.307155139903057
-0.00268255574105882 -0.0241981664396975 0.175085160318724 -0.552463824205044
-0.00441648907487936 -0.0134026931143859 0.736377729794828 -0.0585564065884477
-0.0122360458196018 0.000981403844069632 0.455608222624684 0.632295923075035
-0.0174262623303099 -0.0096440181272292 -0.0972286825918015 0.547040542987822
-0.0120142785442928 -0.0211526249188535 0.0490698016695331 0.0261897570245321
-0.0259942222098052 -0.0110612272482714 -0.0195837916522293 -0.484627907505453
-0.0206654191485348 0.0220995428411719 -0.718785026491822 -0.356303223452956
-0.00171015867358392 0.00399090129708118 -0.652077517711038 0.490835766485713
0.0112227714318344 0.000314481237320158 0.199733663999245 0.625298979347964
-0.00265961597220696 0.00639084866115883 0.467027892945394 0.12940721254922
-0.00582858938099707 -0.00094829418439205 0.280454402794371 -0.167334830056889
0.00413446409657492 -0.00294107398574472 0.00157627754718142 -0.236721233464819
-0.00505742238292773 -1.21365827513661E-05 -0.0179563166339876 0.130817425985474
-0.00228372265518039 0.0120539447768283 -0.204223783212944 0.00726379959179011
-0.0121070163433217 0.00379598177165574 -0.254769062388184 -0.31938136236784
0.000837801544504609 -0.0159073530309818 0.208096437285 -0.544920868419816
-0.00144611359203508 -0.0147610584114711 0.744263579181553 -0.0199154773171555
-0.00190526982022982 0.00224763211263787 0.422597744894951 0.658614083001335
-0.0140011779505597 9.05775356277103E-06 -0.1154752251689 0.54392643987888
-0.0113055821498174 -0.0075254358774382 0.0482427562864639 0.0185040725891464
-0.0171076186856928 -0.00282989510819861 -0.0385271530653179 -0.487527242240842
-0.0119490945365895 0.0187214764769138 -0.735556851329605 -0.321130291834568
0.00120625124902477 0.00381112129925417 -0.623423762321885 0.521842265385804
0.0213951631846851 0.00701288294905122 0.230911496819592 0.610383196389088
0.0102089596812652 0.0152471141178653 0.471202332148228 0.112686162096412
0.00433885792507155 0.00199845119774659 0.274627882478646 -0.174662133252389
0.00652835321937064 -0.00291212045489928 -0.000735662176324279 -0.238566088363869
-0.00343807325325904 0.00362824132692085 -0.020819117496425 0.132079377722134
0.00635750170950881 0.0179340645259266 -0.205091901287753 0.00840591356137474
-0.00391265378023431 0.0179223036545912 -0.257319499793229 -0.318872184747288
0.00224126291672413 -0.00554039000090745 0.20521905835624 -0.547854096240387
0.00202115023361876 -0.0155043694363784 0.74348465974744 -0.0266678116622874
0.00818430497259352 0.00471441047246706 0.424663160071524 0.65279383151334
-0.010700152844363 0.0131629572440329 -0.113600352174659 0.540783328675179
-0.0123434090529887 0.00596065982957006 0.047084545724635 0.0159439278552236
-0.00694215944200925 0.00585117363133256 -0.0380844653495845 -0.48981843728485
-0.00164178813224034 0.0139216590584203 -0.735930747121753 -0.327631892087785
0.00295462982942284 0.00459492424154328 -0.625810631556206 0.516520385724778
0.0279185402124499 0.0149205367498509 0.229467978868747 0.608742738675216
0.0244622366073455 0.0224658438226479 0.469637409092203 0.115911113818864
0.0150620810037595 0.00539944617968404 0.27294661688414 -0.170671570117106
0.00736315691608578 -0.00334836426142558 -0.000366684669045301 -0.2369890140315
-0.00110302839404353 0.00515106873210992 -0.0227893639174027 0.136117948747708
0.0162624502067113 0.0227923323847423 -0.208836379474232 0.0146632377089086
0.00425950383932288 0.0292902919278641 -0.276933810138421 -0.306858116412798
0.00231550416182708 0.00299488577981323 0.16907159823985 -0.561303609419906
0.00454200445782887 -0.0150655818993009 0.736548981366717 -0.0797020402282313
0.018220581971106 0.00697017227788722 0.464305958984536 0.617097153631597
-0.00533336753579408 0.0256714731061303 -0.0880103075294732 0.541535146346683
-0.0136564234903785 0.0207830076704776 0.0465766886315692 0.0210920105766582
0.00308607602639546 0.013770556641896 -0.0193502738087964 -0.490614514558247
0.00819641555050702 0.0122673193246065 -0.718118287182608 -0.370713539830919
0.00460100337959016 0.00491411352617317 -0.663762353920299 0.478117853660614
0.0336723145028972 0.0226282921685441 0.18865206561929 0.623597921982258
0.0362012859212308 0.0303187107416462 0.464636841343776 0.141748740338513
0.02520508467692 0.00789719070846779 0.277820717948057 -0.156549174972704
0.00933770657110152 -0.00317286316506155 0.00132919345071822 -0.229073387921961
-0.00639759011067994 -0.00146869553584611 -0.0200604464732848 0.170424503739629
-0.017132485726115 0.0032778607270518 -0.206851399472081 0.0889522815953331
-0.0417235790820146 -0.0130809668612463 -0.386944507338449 -0.157224228047036
-0.0259855388360644 -0.0282781998620786 -0.134544020537653 -0.548078702027908
-0.00955976303570424 -0.00464470481806717 0.560142173647554 -0.405699847438859
-0.0107137285387328 0.0100442454822299 0.674320918777775 0.317707685695491
-0.0235896418069916 -0.000952522598857228 0.0953904421646856 0.54551274485179
-0.0103351788019778 -0.0264481536350628 0.047694768420494 0.0854086061103353
-0.0209477388343353 -0.0223865114019659 0.163702853769183 -0.438869986506813
-0.0295220133145342 0.0219591321005366 -0.47047858705367 -0.675909765271578
-0.00403511817555256 0.0120871551085114 -0.866341504401624 0.0988815311166764
-0.00191745462609538 -0.00938003598496382 -0.170237474693446 0.666916079831006
-0.0196718395450137 -0.0170933730239936 0.351167583969126 0.324678380494213
-0.0179988897146209 -0.0130250190343878 0.304427034692601 -0.0619386026922991
0.00577924771165516 -0.00609986563601859 0.0151759486603755 -0.200719148227795
-0.00800984489904822 -0.00298094769118023 -0.0193134532426299 0.159023127078607
-0.0211191767156998 0.0026356771010973 -0.209281337231896 0.0670022481013793
-0.0430709795624294 -0.0188881024286181 -0.362187475666706 -0.20361422098666
-0.0220859553446271 -0.0330159697489956 -0.0541440814452606 -0.563561453709543
-0.0100783426660438 -0.00629955637620226 0.623146285465905 -0.325555113332634
-0.017209248806878 0.00929796050097203 0.63620147302701 0.408750407522762
-0.0262225080490939 -0.0104859876157113 0.0456704465350917 0.553477254464542
-0.0109170343508804 -0.0330675869609422 0.0484156418721514 0.0719982956449923
-0.026984134143579 -0.0250124886501746 0.117050262328101 -0.456661909480515
-0.0330107537841954 0.023477072494195 -0.553929699173927 -0.600558438095791
-0.00423929282038418 0.00923889066670577 -0.829622718325513 0.219473983072069
-0.00233915247800475 -0.0120596452296001 -0.0686268230614984 0.677494392165472
-0.0229356892532251 -0.017305282920792 0.391320482314241 0.276495955229795
-0.0214941941037114 -0.012760628373472 0.302926496056016 -0.0917872595333556
0.00542211379894398 -0.00554167542433448 0.0133292317887877 -0.21012279981918
-0.00812888167641999 -0.00314910764312822 -0.0192123403548401 0.148696447338516
-0.0215253681859237 0.00123906919972524 -0.208662070649113 0.0459076030600372
-0.0383017295184421 -0.019872513477749 -0.331270212413587 -0.246084100738836
-0.0151797035450749 -0.0341097539005728 0.0329288118769883 -0.567811339555143
-0.00846898902209063 -0.0090492604767686 0.680562497652621 -0.229452313687449
-0.0204350252781787 0.00560702213611877 0.576565233928883 0.503956292428682
-0.025265451460486 -0.0144863404498047 -0.00983077298260024 0.558571608197493
-0.010649019031012 -0.0353905461880012 0.0482707125635383 0.0552879247822446
-0.030449667026648 -0.0240883961629508 0.0656190931214549 -0.471644888151131
-0.0332830998960989 0.0248025304154369 -0.628840212443016 -0.511012433996752
-0.00371613557867799 0.0075613081116637 -0.775400879770693 0.334606865106705
-0.000808018813965248 -0.0106751110241269 0.0382277235698885 0.673147806124115
-0.0212824046442688 -0.0121449942249716 0.426248392788669 0.224357326059896
-0.0193722340586491 -0.00857561967797717 0.298439777765566 -0.121571306408937
0.00528517929553671 -0.00395549927367341 0.00903045396198 -0.221228661251125
-0.00809486524151612 -0.00330024485391003 -0.0188639930440222 0.140233102550561
-0.0180153659158656 0.00305420733543939 -0.206498849618332 0.0266745864611506
-0.0310857279547403 -0.0168409955312484 -0.297241397673313 -0.284035845275101
-0.00827466482107293 -0.0310206944879259 0.115851575339219 -0.565080239101691
-0.00644703692549648 -0.0109063499328121 0.718775279708011 -0.132674687034487
-0.0182171968622653 0.00210187790533013 0.512232218313689 0.583345465996222
-0.0217638374328656 -0.0159947959082754 -0.0600649608470237 0.554771173483134
-0.00980557526976316 -0.0303735793492093 0.0496982583777728 0.0393417805647446
-0.0300605100365718 -0.0191107330138548 0.0220510784593899 -0.481634665110627
-0.0283754852234963 0.0240575235387469 -0.68634654482318 -0.425762192310904
-0.00322775989304501 0.00536771022389864 -0.713284690537133 0.428084292974488
0.00355718010670071 -0.00635870639769939 0.129405397344486 0.652376168928521
-0.0143806992365001 -0.00359512357266838 0.450385483563026 0.172556079515097
-0.0136964262909476 -0.00491863022371007 0.290564256660162 -0.148690566702674
0.00450552426296425 -0.00312833432428393 0.00612409203744777 -0.23038727671823
-0.0070590712588118 -0.00203637183810725 -0.0190624307344164 0.133703387840145
-0.0108839716436275 0.00673496984966454 -0.204812735128957 0.0132912559448078
-0.0210730747909133 -0.00801572274957233 -0.268567666235571 -0.309544901219689
-0.00187236059094858 -0.0238537761131684 0.176175174647822 -0.553013812151566
-0.00457395967683353 -0.0137227612906446 0.739126897687079 -0.0557641797238571
-0.0112821766059422 0.0014470066886906 0.452784785058847 0.637848451557627
-0.0177675293042965 -0.0107848286855466 -0.099657231218885 0.549250227695526
-0.0104004417809595 -0.0215317959106249 0.049523965523766 0.0255675322248108
-0.0259541144832789 -0.011170414686226 -0.0158674907178461 -0.485145691310082
-0.020744532592808 0.0223726290056614 -0.720363528717452 -0.358396548252051
-0.00161219194218673 0.0033047180004053 -0.657812107254153 0.490180339334098
0.0111646922218053 0.000249085229712457 0.197805348149473 0.628443396985264
-0.00255255572416677 0.0059575651239671 0.466644001016652 0.132956810593168
-0.00544928737042877 -0.000570842754996412 0.281049938734626 -0.167090321776526
0.00553105942683679 -0.00327376821072732 0.00179292766397808 -0.23766644653731
-0.00624665066999619 0.000465918361050511 -0.0197130205928535 0.131273762513734
-0.00203152364183828 0.0116166222781451 -0.204409874063241 0.0061575301700143
-0.0114897239114198 0.00465282170824933 -0.254544692579264 -0.321201122696417
0.000352097415147798 -0.0159511276062438 0.212678497127367 -0.54525920928121
-0.00120977613347487 -0.0146390688694151 0.746652050686202 -0.015299028998372
-0.00139189185995028 0.00211938712485399 0.41941573463014 0.662278512037586
-0.0141011656932705 -0.000984480408856361 -0.118792896869341 0.542965824857732
-0.0109703924035769 -0.00848719587820285 0.0483154621050397 0.0175809251592534
-0.0167591109757332 -0.00278689108092631 -0.0355571912907049 -0.488713100222003
-0.0118812872534931 0.0190246873340538 -0.736718659308251 -0.325821418254085
0.000979119661533547 0.00403544616566719 -0.627780021341597 0.520257903445633
0.019701111768601 0.00729152625798212 0.228142322350376 0.613485286072951
0.0112338822166301 0.0144744935162094 0.47147475018519 0.114755831930916
0.00460068044372804 0.00200265219670739 0.275563415477569 -0.174759548836555
0.00572020650681877 -0.00298411907409936 0.000811140445535947 -0.240123581623054
-0.0042808628164951 0.0025516059507297 -0.021165997595547 0.13291991650605
0.00670652345394417 0.0180128315374282 -0.205677287791216 0.00604776214753962
-0.00302832073603516 0.0184144679266821 -0.256532521050729 -0.321969217828269
0.00152574528056704 -0.00510804414490144 0.208877324949341 -0.549238997747865
0.00180655898503197 -0.0152147037643528 0.748527523995 -0.0213980124769949
0.00881331042794901 0.00411953479852009 0.4227831710599 0.65725828830093
-0.0105248658391325 0.0128820847729073 -0.114554202264236 0.540209425628167
-0.0124792716580013 0.0065156023020307 0.0476917776035762 0.0169554930800063
-0.00670358785644521 0.00500138791073287 -0.0349500368786382 -0.492053444174849
-0.00289088460278237 0.0142893640408588 -0.737445406343121 -0.331338163442879
0.00325108562793122 0.00393556168122085 -0.629361979019941 0.512950430496467
0.0297278835428839 0.0152911111254399 0.227406355910543 0.613243158903069
0.0257812496706819 0.0225932372528978 0.471931182441555 0.118294084230854
0.0160324011089952 0.00491202265294796 0.274938336423068 -0.171408355600517
0.00718409304867221 -0.00398135287921156 0.000617236552284833 -0.236684275755966
-0.0021311206261453 0.00494973307420783 -0.0237323384121868 0.137488819898749
0.0165298213072011 0.0219724790571647 -0.211707420048774 0.0152118308784594
0.00511980931989291 0.0291240468315068 -0.274744755373537 -0.308496052272651
0.0027981685003707 0.00430215107949192 0.172309141022277 -0.562335246945632
0.00382647906288686 -0.0145714527969935 0.739283803152683 -0.0752203083156739
0.0183352389582437 0.00666435296465027 0.462625168744405 0.621671200628013
-0.0058275203533612 0.026518686133129 -0.089434466239566 0.542266615451464
-0.0139333205323103 0.0192106036667496 0.0462569355017196 0.0216159225516196
0.00285913840397576 0.0137959137322976 -0.0140928697842863 -0.490975849859656
0.00779760034940052 0.0129607729442973 -0.718260866110799 -0.376163980056103
0.00621214550868836 0.00423964078274407 -0.668238157716142 0.476730098192444
0.0336604110387423 0.0234347228116778 0.186016738803482 0.626216656116
0.0369749485089638 0.0312580501117837 0.465287141881216 0.143054847050315
0.0247088278453771 0.00741506159982267 0.280379284148844 -0.155968825061744
0.00879536009946266 -0.00390376263353421 0.00138813203520478 -0.231120606990404
-0.00687990702522526 -0.00107392228774388 -0.0202652553663968 0.172038662788733
-0.017252132294197 0.00294547095406882 -0.210327854330765 0.0886402305195087
-0.0418364293107671 -0.0132358695017761 -0.389091070323269 -0.158454937045275
-0.0259838698480402 -0.0287136972816095 -0.131893919070513 -0.550332854243978
-0.00961969461793772 -0.00615556171904228 0.563643960786964 -0.406329171587693
-0.0100248344368695 0.0106163350845088 0.677773269539939 0.320623218152801
-0.0226465217325024 -0.000781228566944365 0.0963862928625179 0.548011221427079
-0.0107629624079405 -0.0269000860555243 0.0468808908439904 0.0870096641754141
-0.0203771378000667 -0.023204339917309 0.165998839476604 -0.44217524624707
-0.0292464793524227 0.0223118156415098 -0.469999650588813 -0.681901976860334
-0.00359797845694401 0.0120105243417295 -0.873236629265079 0.0980302413371557
-0.00175630551731317 -0.00887507789523485 -0.173472100050552 0.671478643680954
-0.019139295184869 -0.0179661285514066 0.352960169085819 0.326812906517373
-0.0175307432784766 -0.0123483736822712 0.307035738286998 -0.0636925437272018
0.00589522028354266 -0.00563124767807364 0.0164342412947801 -0.20279011675689
-0.00817701634119657 -0.00331248005516261 -0.0206479960530345 0.160616423833429
-0.0208784320900543 0.00225872394934696 -0.211217131579145 0.0676222260774088
-0.0420840544172285 -0.0185350832752989 -0.364978412219063 -0.203709746329963
-0.0224158423289628 -0.0327023903042015 -0.0544160879361909 -0.566358347947002
-0.0103902172456244 -0.006871778877234 0.629929767775059 -0.325529777893377
-0.0167342846745366 0.00987518982847313 0.638169469121538 0.413067449439733
-0.0264178765035803 -0.00989910199804441 0.044367981218985 0.555722776061161
-0.0089287629162191 -0.033813833415602 0.0488178052540733 0.070986470471367
-0.0261562824783421 -0.0256992800681646 0.120534846704778 -0.459082768098337
-0.0324419550973384 0.0236775891781479 -0.554729904247434 -0.604621122431449
-0.00368950038751149 0.00949484576333409 -0.836629680677429 0.217780672622787
-0.00197415906906859 -0.012550642031569 -0.0706467989766794 0.682188692876894
-0.0218698997225072 -0.0172503924607332 0.392874277191081 0.278038364641638
-0.0202188604473162 -0.0116118113753679 0.304980414682853 -0.0921767659692857
0.00435695483784159 -0.00582666802099023 0.0137064914859863 -0.213203435691632
-0.00853706907775927 -0.00339204393637704 -0.0200544141797008 0.149479397767514
-0.0222578966616186 0.000866473622549319 -0.210255799454781 0.0453562669808017
-0.0384013699408325 -0.0194656524832197 -0.33282747632821 -0.247136314691482
-0.0149049543030777 -0.0343116484545247 0.0341793639455227 -0.572475386767186
-0.00946071883673023 -0.00879787186087874 0.684694068838295 -0.229273227959303
-0.0196648706203764 0.00573888143624589 0.576500546001091 0.508100769870531
-0.0249417597095497 -0.0156698248614951 -0.0141027885791289 0.559310760412196
-0.00964052436013827 -0.034768294484172 0.048566681501751 0.0560129908863475
-0.0301539481595414 -0.0248340154829845 0.0704692302931078 -0.475304715559231
-0.0325980854152731 0.0238549403228266 -0.632699750266952 -0.518920889307764
-0.00436591422064813 0.00669061849125376 -0.782586743377944 0.334941787571684
-0.000471392858994961 -0.0113613896310515 0.0358356590716583 0.674624168980479
-0.020873360094776 -0.0119548921981143 0.428076929696469 0.226836352622929
-0.0190567566556807 -0.00859214570007183 0.300176689100599 -0.121879796033102
0.00428162237296746 -0.00439339593000705 0.0100134375121653 -0.222982693067242
-0.00855932142486372 -0.00340023654482881 -0.020192592909723 0.140782416741587
-0.0185276253115066 0.00230242053851975 -0.207977268296337 0.0255999322014665
-0.0301938588050787 -0.0168295772042361 -0.298822549299391 -0.28504143186177
-0.00793266946659072 -0.0314017590410537 0.115828519738237 -0.56633641401896
-0.0068788001527783 -0.0119293241592094 0.723275407659249 -0.131621925849825
-0.0174405648265402 0.00243992492748401 0.511797486659218 0.58757143822824
-0.0217441265154929 -0.0158621550837633 -0.0634405993265844 0.557967425226128
-0.0103802788079392 -0.0310637869609222 0.0489077845726553 0.0391950390086776
-0.0301641790474828 -0.0189853080596874 0.0235701001859138 -0.482802716213545
-0.0279952372479936 0.0242107461474092 -0.689025517423712 -0.431038469029996
-0.00259500549777522 0.00505812060652904 -0.717192865828157 0.430150269384489
0.00412862292108525 -0.00567796418009672 0.12944985577407 0.656775417958315
-0.0132099439805436 -0.00381398649268234 0.453876383441058 0.173753470340742
-0.0148393322620249 -0.0049677699664399 0.29180547523762 -0.149389848484082
0.00511631139612439 -0.00385814249977242 0.0077457848696071 -0.232830273717708
-0.0071621336671922 -0.00196072913738887 -0.0205869673864549 0.134382065725541
-0.0115899487581982 0.00662523292526519 -0.205953623983706 0.0117167420740206
-0.0211819069463072 -0.00771448734143635 -0.270184885317167 -0.310025394289311
-0.00291496833251063 -0.0245676984242066 0.179417733177813 -0.555801861133774
-0.00476078694868835 -0.0137446698246434 0.745057448993164 -0.0540344752895846
-0.0106856827000763 0.00092875352048187 0.452656596902306 0.6420145278004
-0.017017841792573 -0.0105202162805108 -0.103257408403729 0.552327606872083
-0.0105726466462308 -0.0207780445201789 0.0488396185800318 0.0253010121106582
-0.0250743755793019 -0.0123167944430521 -0.014554730065272 -0.489185024885431
-0.0207348972469913 0.0214782250852641 -0.723977173324296 -0.363399968256845
-0.00169806869331546 0.00346665334137606 -0.663829349427191 0.492286653818737
0.0113516533492923 -0.000179944496769884 0.197076743380909 0.632895067704604
-0.0026679808208208 0.00592232305539602 0.469735363085355 0.134690510575262
-0.00576657257537192 -0.00102118809646897 0.282712275325343 -0.168350747199645
0.00575231750857953 -0.00303676703966652 0.00254216689085407 -0.23956756979377
-0.00581903071348459 0.000361589897192064 -0.0208523656843132 0.132730336913621
-0.00285263923764065 0.012647039486177 -0.205654203838192 0.00587596097140497
-0.0113340629337303 0.00438861533568943 -0.254074087518473 -0.323437407727419
0.000626381439472789 -0.0156047722418174 0.214291656893462 -0.548302714312509
-0.00130949667522521 -0.0160874204933242 0.752987788714957 -0.0136787100501574
-0.00130757835709582 0.00123838396244214 0.419202325087936 0.667557413989499
-0.014050045021463 -0.000591827380964329 -0.120590769873325 0.545174441850507
-0.0122401346058163 -0.00824651443608952 0.0482876359598805 0.0174217332479477
-0.0157620381284874 -0.00357310812603652 -0.0331803990428674 -0.492626336515538
-0.0121539134116449 0.0188581390561758 -0.740464473899369 -0.328388374330294
0.00123460727061847 0.00447838642126779 -0.634296952994001 0.520917533413511
0.0211351131247941 0.00708435304728212 0.229009682570481 0.616943031624291
0.0118473116568779 0.014994109509842 0.473167506382422 0.116755028745439
0.00525011983754821 0.00217760786322398 0.27882674471772 -0.175227183545854
0.0059920692896458 -0.00312192032644972 0.00206012152882519 -0.242037435711955
-0.00355682932817867 0.00322629185688382 -0.0236085613389367 0.133666235527423
0.00689914224656207 0.0171035952837228 -0.208075217629181 0.00643764436643444
-0.00207018217456788 0.018239544387086 -0.256575744769772 -0.324313320447101
0.00134988226678874 -0.00547757447764733 0.213320740166798 -0.552396712509141
0.00194377181842624 -0.0165866981893383 0.753700099856928 -0.0197721349386892
0.00856391756222098 0.00441161601466089 0.424099023779443 0.66103096000346
-0.0107662761587531 0.0134208009405228 -0.118346637505717 0.54332012165281
-0.012848068406066 0.00605473927852006 0.0472888455355494 0.0169190777718477
-0.00623540270593879 0.00521034309417407 -0.0327353033074674 -0.493875461432545
-0.00184532720980493 0.0152375834187271 -0.739105833880112 -0.336057060943245
0.00347929261639661 0.0045412287586047 -0.636050308596479 0.517162497015685
0.0291701683685811 0.0140862096760291 0.226286063610805 0.616700108867994
0.0254599928829933 0.0229197159110417 0.476092723012878 0.118450483723415
0.0146085885812634 0.00395519511337543 0.277237688132871 -0.17233032696416
0.00768395985020045 -0.00380573298822452 0.00194178579672181 -0.240085899744554
-0.0022393549074406 0.00635852272001055 -0.0253550331664139 0.139872321882075
0.0162213600965691 0.0230487916398428 -0.212477755324514 0.0141672926482986
0.00545565550650782 0.0291975907970698 -0.277462604655207 -0.311546627332716
0.00173043453115994 0.00344732967427734 0.175193359221087 -0.565851113340754
0.00397135932402006 -0.0149210222108297 0.745928079203067 -0.0750324854887337
0.0192971666563162 0.00701086343523943 0.462189010383176 0.626889720846782
-0.00627988596139047 0.0270976531136934 -0.0929625153022365 0.545308297819431
-0.0136966462680293 0.0202383977093993 0.0457120111224952 0.0219717034505796
0.00288951235416573 0.0144211340163218 -0.0110527458558876 -0.495960112894388
0.00785370094444794 0.0123039908618236 -0.71985703263761 -0.379036243571295
0.00476701405129519 0.00533538469549714 -0.674206475223706 0.477126073759957
0.0349092072456816 0.0229794884022933 0.186713770629995 0.62960127149364
0.0358062303379585 0.0302184623374763 0.467965511156172 0.145299511363091
0.0251537849376497 0.00649328832903702 0.281702005420638 -0.156312376476846
0.0082284515077591 -0.00351386682874876 0.00314918070924575 -0.232667278354045
-0.00702031278423234 -0.00124854498297865 -0.0224760697133668 0.17395932654933
-0.0169223961598482 0.00268841087682814 -0.210730398320373 0.0891425236940626
-0.0415606986568765 -0.0130856167707779 -0.391861198619871 -0.159777584534465
-0.0264142359717998 -0.027992789354647 -0.133438943120345 -0.554074341779638
-0.0102361738708007 -0.00585819897139906 0.571022901330995 -0.408413281534538
-0.0103146108338547 0.010351465907571 0.682181003435831 0.322730243381066
-0.0228515675729266 -0.00091486290518716 0.0958393673487587 0.553168072284564
-0.0110886391536058 -0.0282827926383064 0.0483137834719775 0.0875027495226797
-0.02060403098741 -0.0231827940334151 0.168778763972672 -0.444449490671767
-0.0295832232670158 0.0233712117162182 -0.471426892240886 -0.687356935226447
-0.00418240449028347 0.0119093709483999 -0.880095950039438 0.0968345613455876
-0.000958474747951977 -0.00782824447064356 -0.175299314732024 0.676003839807523
-0.0177645034598679 -0.018264370989987 0.354137575999927 0.329936494892107
-0.0172933561539224 -0.0131999756820069 0.30796849116253 -0.0639559861254843
0.00673295667163313 -0.00595584990585588 0.0175165935613027 -0.205210681771507
-0.00759619762708849 -0.0020487892177872 -0.0225300065352115 0.162102827570704
-0.0212898548743442 0.00162667081201749 -0.213309572949474 0.068408503320556
-0.04264017950402 -0.0176901471977996 -0.366730288397495 -0.204925652118241
-0.0231877699116252 -0.0321681207562734 -0.0536577180083816 -0.570615493192231
-0.0100480739043609 -0.00809856484243741 0.634517265228351 -0.325735232351708
-0.0160979448748505 0.00880593802754978 0.642385881813284 0.417956603818482
-0.0260837024986214 -0.00999292699258548 0.0429312472597628 0.560764173393933
-0.00943812489834854 -0.0340369797347057 0.0486159209757737 0.0725723177387734
-0.0269350923383935 -0.0264580805103854 0.12203621464614 -0.463271027514015
-0.0330373124865383 0.0243467916059354 -0.557004983638335 -0.610476241034586
-0.00283950940689989 0.00975482359408456 -0.841886108269971 0.220806336364109
-0.00217475133461756 -0.0126742430254187 -0.0723295911858774 0.685917852699546
-0.0220926399117348 -0.018451524173566 0.396087641923175 0.281681962908541
-0.0212965851665461 -0.0129823126979236 0.307292585845208 -0.0927026705954547
0.00473028425837337 -0.00600566157751881 0.0153462436523639 -0.21491944194883
-0.00797252330565458 -0.00244923588417488 -0.0217134406024223 0.149968949101161
-0.0214158674660477 0.00198921099497166 -0.212483242707839 0.0443976338757965
-0.0391784501866125 -0.0193999282344977 -0.334653543703654 -0.249860813511214
-0.0148143994724379 -0.0346892366632109 0.0349844573050246 -0.576045678827242
-0.00916980108528572 -0.00889966336803659 0.689657164152733 -0.229800934348583
-0.0187717412239526 0.00459027699707579 0.58195127525931 0.513240841488521
-0.0249496992878089 -0.0155332006450931 -0.0125694029652871 0.565499518807683
-0.0093541784785408 -0.0359431835664031 0.0489767960347729 0.0552889077694476
-0.0303491165657615 -0.0257882978189863 0.0708138640542705 -0.476664937260025
-0.0320634546193423 0.0251277246268368 -0.636523613218537 -0.522419181575796
-0.00316194329467808 0.00707621673814623 -0.78851214644211 0.337296590376504
-2.15838026540391E-05 -0.0106116162862922 0.0356430358094573 0.680422955315392
-0.0215988187579301 -0.0132700677343376 0.430339604759418 0.22996415057712
-0.0192481596022418 -0.00863106047072904 0.303398053494397 -0.123694557950196
0.00457490534192114 -0.00531672035127183 0.012056413878885 -0.224278081030106
-0.00944865108413117 -0.00255332260974201 -0.0210559569854045 0.142325749593852
-0.0182579163192231 0.00240428592261482 -0.20939243730001 0.0258014244160395
-0.0308130047445138 -0.0163401561958698 -0.300103193530434 -0.287898512039464
-0.00818508264116421 -0.0310904167319883 0.119957548760339 -0.570510932458171
-0.00787132308425091 -0.0121805406356656 0.729775508769754 -0.130470091043989
-0.0176102773002938 0.00174252603602711 0.514456738477209 0.592613789253283
-0.0214612584348644 -0.0163178610041192 -0.0652913838635817 0.560060829555505
-0.00961957123464193 -0.0308794182864196 0.0488201781369519 0.0395738895154588
-0.0294902446184603 -0.0201506477022194 0.0242106801374721 -0.48743782176687
-0.0284127729134842 0.0245711002591395 -0.692270030109592 -0.434964457385329
-0.00377735197740613 0.00523559641405193 -0.723706308507618 0.431442281430713
0.00366078103415226 -0.00731601040889413 0.129102853569921 0.660033155856173
-0.0140399817634915 -0.00387350866342733 0.458872719910751 0.1765554083462
-0.0139184351846121 -0.00538246616656857 0.294554282147938 -0.150725348574097
0.00468780473708417 -0.00394414527630874 0.00747266265673593 -0.233598403364676
-0.00787723538279806 -0.00147120444801233 -0.0221536642568696 0.13705387980212
-0.0112490965179534 0.00578661463725946 -0.207529665199053 0.0117002102568672
-0.0207422740643834 -0.00848212651863715 -0.271735349189647 -0.313395742536839
-0.00245442675521334 -0.0249524143126376 0.182013372894949 -0.558332902548239
-0.00431145598384773 -0.0144851955429464 0.749973820809319 -0.0510000553832207
-0.0103767032240523 0.000421139224999194 0.454371657619433 0.648548025712715
-0.0172358040923784 -0.0113649478238816 -0.105305574959707 0.555566541446954
-0.0104224084975371 -0.0218601857808023 0.0493026784950901 0.026274798633401
-0.0254756367291135 -0.012909969257322 -0.0118409587264842 -0.492429192705013
-0.0205209902674695 0.0221894416678677 -0.728932001664731 -0.368313886225997
-0.000843298161366789 0.00460521144899689 -0.670420767595793 0.496737036284706
0.0129042088754411 -1.1214413448226E-05 0.197041164170015 0.638757549308709
-0.00151201092448951 0.00567949200980838 0.473345789148944 0.134070519829452
-0.0053789880812864 -0.000642877203257015 0.285880736759182 -0.169661931333862
0.00546016905175292 -0.00377511557852311 0.00388404648471835 -0.241678555087155
-0.00589173172516696 0.000612307029645454 -0.0222510060715486 0.134318835934959
-0.00301568054964179 0.0119184073593357 -0.206315542968458 0.00574096146485671
-0.0105806532580622 0.00441909750361107 -0.257018847689669 -0.327197395688031
0.00060132544996396 -0.0152061755178013 0.216911303376683 -0.552492776826017
-0.00115794341857676 -0.015694621917759 0.757861528407272 -0.011712019591189
-0.00141640380293288 0.00200994051706957 0.422518908016425 0.672702133190249
-0.0143757020291227 -0.00104200786766606 -0.123019545587657 0.549118719495037
-0.0113202459712106 -0.00966377193280831 0.0480902404975051 0.0180059940620433
-0.0161428651406138 -0.00434625300999874 -0.0318615207549762 -0.494638151920867
-0.0121022816740587 0.0184313025139629 -0.744174049072366 -0.331598186210171
0.00100129846297062 0.00499346884759403 -0.639638963747675 0.524446401958325
0.0211632708245224 0.00739816424700756 0.230569631120881 0.621871243668653
0.0127142546480208 0.0137326198314646 0.480006754443332 0.116029499539318
0.00568212736741092 0.00225045825869045 0.280529157966764 -0.177097251950014
0.0050530935800121 -0.00318981620224496 0.00151903301609706 -0.24469414945247
-0.00444341442485177 0.00302405586580308 -0.0249112864170595 0.135907881809051
0.00713276933749019 0.0174357333771162 -0.211421614248371 0.00630863220086178
-0.00273614817109404 0.0182781404716721 -0.25926735914053 -0.326896578145788
0.00214463983369151 -0.00500348661738788 0.21568804509269 -0.555241112982011
0.00129363641412806 -0.0161384648831448 0.759546815465592 -0.019482029265798
0.00940898614432131 0.00331958945391584 0.42695520497165 0.666279742887658
-0.0107042269429211 0.0125492811378711 -0.119915873649396 0.547294214310057
-0.0129341377585657 0.00552651568468289 0.0469017078923851 0.016472698424501
-0.00594389172159038 0.00559724146383252 -0.0321027292633418 -0.498115872087094
-0.00102913364132464 0.0155473284066837 -0.742404312525706 -0.33904981246947
0.00353971044036359 0.00453157585637681 -0.641000499056188 0.520862867058919
0.0297600236463147 0.0149555795452205 0.227636552650968 0.619824701861017
0.0262219321395332 0.0232041818814393 0.47660763465902 0.119914216994013
0.0157352113029829 0.00414593700618207 0.279419683317199 -0.173106926102123
0.00663382655967414 -0.00389965325354709 0.0024394009677093 -0.241648124939068
-0.00158325062226243 0.00529571129504422 -0.0273748735475993 0.139951079817712
0.0145080787133881 0.0223381763631861 -0.214498752421571 0.0135735181655254
0.00484090736005157 0.0295759079248139 -0.278001731819277 -0.312734987612099
0.00164903685308591 0.00385510856883489 0.179020320989073 -0.569692663303524
0.00323400516919744 -0.0153369128538263 0.751626607256958 -0.0719810696543525
0.0193900337920866 0.00660520102308196 0.464779198706055 0.631470613055198
-0.00635466621282485 0.0268709445088202 -0.0948543168172194 0.549342851377003
-0.0142677034514317 0.0201205830578509 0.0458974832361448 0.0214852254536751
0.00347425728694007 0.0146231919354648 -0.0107764171362509 -0.498363340809438
0.00834923818814103 0.0131169897091377 -0.725825660925918 -0.383827363161735
0.00588842066837529 0.00566991256702993 -0.679063469004038 0.481551456952477
0.0342194623105951 0.0231332801608111 0.185629811702459 0.636221031440456
0.0369262801644444 0.0301213412036883 0.470420043793403 0.147872108161482
0.0250224794390125 0.00783037152129752 0.28402581837342 -0.158668875942957
0.00795290715501876 -0.00403270437676083 0.00326062067113343 -0.235607469701624
-0.00606681209680147 -0.000978824159437033 -0.0218816456956578 0.175591865471071
-0.0180349077163753 0.00220270317923838 -0.215138438073618 0.0908707543896807
-0.0410618375559197 -0.0130388381258277 -0.396863173636067 -0.15948415383469
-0.0265223958002135 -0.0285053232521105 -0.135921681134207 -0.559341582052721
-0.011138466833764 -0.00603537004438097 0.575330014086998 -0.413101662202208
-0.0101499732153953 0.0100690683129573 0.688812643482606 0.327504209938385
-0.0241830787809585 -0.000877953555715058 0.0957371724623023 0.557959894100317
-0.00997911153544436 -0.0280732816231969 0.0467917851341121 0.0877626300858373
-0.0204072264869027 -0.0240036935366138 0.171398659612537 -0.449644060787805
-0.0299153773748794 0.0228596289835126 -0.474647128817876 -0.691126787265174
-0.0038531320850224 0.0130853362235261 -0.887046424928265 0.100311474070498
-0.00123473342582987 -0.00906990014823639 -0.176734855118083 0.6834667709519
-0.019033903564833 -0.0188837634847015 0.359504462697548 0.333786373744732
-0.0172695842969055 -0.0137597407474144 0.310856972438114 -0.0657205890557747
0.00603936819412295 -0.00688535285152851 0.0178925750265867 -0.206231867003911
-0.00844262386533075 -0.00205810289936854 -0.0224919908624098 0.163733458309152
-0.0220989815296443 0.000438167329410363 -0.215447311954851 0.0690698535680814
-0.04230098959274 -0.0185963637745487 -0.371089932527077 -0.206848705147978
-0.0222930611452261 -0.0327381658718274 -0.0551124554770593 -0.575193038796122
-0.0111078062684387 -0.00675478936497559 0.640984411882723 -0.329537267438105
-0.0166741936266393 0.00850887897154855 0.646558421336659 0.420725815645466
-0.0260534447395203 -0.0101663666615288 0.0415730121411315 0.565945101180805
-0.00943275710610579 -0.0343111149427707 0.0483560195988853 0.0728079777095125
-0.0264317076374806 -0.0264915954396814 0.123815863896349 -0.465386251468088
-0.0323663296907857 0.0242594445397159 -0.561020085886175 -0.614841186096491
-0.00361973584934853 0.00987519779250986 -0.849566756887783 0.223089696119813
-0.00185634465713174 -0.0130263008861537 -0.0717003178608716 0.69304738322782
-0.0222451764538793 -0.0185598948497438 0.39928348297809 0.283928941930068
-0.0208916923243281 -0.0126430526819022 0.309885815704239 -0.0939395509071003
0.00572992027477652 -0.00555297270036731 0.0158503134567547 -0.217459486345454
-0.00961035296732499 -0.00288320005031757 -0.0227617790139492 0.152914504399415
-0.0232356862297231 0.000776004901205096 -0.214366709066582 0.0461032635842968
-0.0384303933443896 -0.0199416053555254 -0.338434271753754 -0.250677762416091
-0.0149738772216188 -0.0335100951195952 0.0343193507680256 -0.581424778488666
-0.00930235647932319 -0.0094833229470331 0.697409024501089 -0.230341798206114
-0.0187955824229759 0.00486760559302324 0.5864603024122 0.517198836315392
-0.0247389183209562 -0.0167342209733845 -0.0160134899359184 0.566678670336977
-0.00916844363494445 -0.0355467289292178 0.0497992046055388 0.0561978725896748
-0.0297952726221665 -0.0258736167601783 0.073810520882374 -0.480981115968357
-0.0319581455124938 0.0251128994234519 -0.640220474846369 -0.525424279272312
-0.00346934185883716 0.00742952804893522 -0.79396533694262 0.33988021410156
-0.000416750931830679 -0.010296514012014 0.0349710257145808 0.687019359038319
-0.020271285823555 -0.0127476440896396 0.434971440073642 0.230853206347964
-0.0200580992433149 -0.00939930518840338 0.304803818486059 -0.124998373998445
0.00511761217373298 -0.00540237605640337 0.0112893319770445 -0.227355993342704
-0.00797927966380701 -0.00249919027817831 -0.022220046043255 0.144682075869991
-0.0194990772222886 0.00248056302519237 -0.212550262295472 0.0260706840103644
-0.0302774930024448 -0.016686659429815 -0.304668584650282 -0.289334899064249
-0.00833647133361042 -0.0314255814480206 0.119767718630616 -0.575523047532093
-0.00784332454969943 -0.012579195879684 0.735902583181536 -0.132517526553924
-0.0165252337650245 0.00183713097444407 0.518639226960531 0.596135123084833
-0.0218856653781502 -0.0165607907960782 -0.0658603216481318 0.564859617713452
-0.0105549182690933 -0.032394224660018 0.0490480072697968 0.0395434812650487
-0.0291219227352993 -0.0193106189203401 0.0252504416735252 -0.492186388426635
-0.0277948031781625 0.0248758336885761 -0.697994168591383 -0.437276745932156
-0.00319948783507227 0.00551328604360004 -0.729502259087287 0.437453038464665
0.00596037581403686 -0.00616950568301388 0.130411063265021 0.666933066072264
-0.0131975949116105 -0.00419142659871011 0.461655923306676 0.1774902888054
-0.0137664821109798 -0.00493343141362631 0.296843437757174 -0.153056640289345
0.00522835001842953 -0.00404877531815488 0.00803435200441911 -0.236766883191919
-0.0079165504359586 -0.00182353498244522 -0.0219231809759863 0.13882972303256
-0.0124411395811558 0.00548009141722891 -0.209689733317878 0.0128981624389754
-0.0202539902158307 -0.00791306779502699 -0.27434226161889 -0.316410430427378
-0.00256220717137216 -0.0242533242384441 0.182770442329682 -0.562436756261049
-0.00484686389249095 -0.0143472779096509 0.756989026756394 -0.0527413681258265
-0.0103859582876126 0.000531114471372517 0.45997232380234 0.655021063576576
-0.0172496053685205 -0.0104952853159881 -0.105410999521842 0.559126594992456
-0.0105665091707433 -0.0226247101576582 0.0495851867345345 0.0255470806001644
-0.0247283258187366 -0.0117272881365496 -0.0125146893317545 -0.496168569110819
-0.0208202751974093 0.0224205142702952 -0.7344267253065 -0.368553267343969
-0.00161572980306455 0.00448518787472153 -0.674315767134596 0.499875732406638
0.0123632731647699 -0.000623180255776221 0.201010631474983 0.641437572949188
-0.00175593808676544 0.00478889720561049 0.47604542373453 0.134973672239157
-0.0054362776186463 -0.00133620697624946 0.288491584975539 -0.171117613290788
0.00531277339643723 -0.00397153267735083 0.00501609504750518 -0.243824285234987
-0.00652612757437961 0.000813780512810672 -0.0234199922301794 0.136257251245805
-0.0034660818543108 0.0116482976122968 -0.210025322910032 0.00536501214347412
-0.0106072189648196 0.00510810500468714 -0.25895190316555 -0.329736462999761
0.000639734565110833 -0.0151421167719191 0.218170282869528 -0.557607509622578
-0.00206978117465806 -0.0153641388913715 0.765279070617982 -0.0120234514629228
-0.000782798179506796 0.00124834182177403 0.427055337917605 0.680314607420519
-0.0143160134629432 -0.000287085104222734 -0.125216197885229 0.55223822653946
-0.0110344249359261 -0.00931858162001268 0.0485169199937226 0.0179628259025007
-0.0158793357938546 -0.00349899459399203 -0.0302883270643909 -0.498484762412592
-0.0101942578745514 0.0191781937826744 -0.749455741950026 -0.3357805296589
0.00165080918247253 0.00415361476033066 -0.644454562740033 0.529278742680515
0.0211610491652401 0.00805779934010379 0.23286392516914 0.627820087847363
0.0123440660160299 0.0144474781972284 0.483211883561242 0.115251733768803
0.00546574625172336 0.00159520425018866 0.281904049009539 -0.180152889517553
0.00561132210392038 -0.00360621315343817 0.00212255890522641 -0.247103044357623
-0.00451210495648816 0.00391518062063798 -0.0240840014636526 0.1370287615751
0.00671027056656622 0.0177301959732619 -0.21216523614297 0.00540404936148027
-0.00230950873513707 0.0186484091070305 -0.260675417159067 -0.328952012721198
0.00276307580271631 -0.00396590053889647 0.214993674769464 -0.559638935131463
0.000909876480470705 -0.0163889753394497 0.766256330981737 -0.0195379607655626
0.00939017018733392 0.00341211121553553 0.42868495553899 0.672219007464033
-0.0107166523937001 0.0136653516715891 -0.121372889744737 0.550421048206735
-0.0128180977472982 0.00593386881135129 0.047329145305166 0.0173711237191564
-0.00629616799050663 0.00429085952980116 -0.0294782254394373 -0.501198057431764
-0.00095506724225335 0.0152717139310762 -0.749410151750739 -0.33923809002122
0.00398534520707101 0.00462065124583342 -0.647201581203441 0.525236922781034
0.0309155536747879 0.0148635441957608 0.230095468930989 0.626210490658283
0.0265100499376282 0.0222117927846832 0.483344952605315 0.119815390809394
0.0151141221795187 0.00458305008729717 0.280959214510518 -0.176330984138707
0.00679342808508476 -0.00387657403339921 0.00205544432454285 -0.244358033642938
-0.00209366176109109 0.00509984728719393 -0.028446962220629 0.142229999651611
0.0156288524632214 0.022816928584883 -0.217061836198547 0.0151068769239575
0.00591764786324183 0.0298405557341173 -0.281120251581295 -0.31587935847802
0.00336119330564343 0.00473440719517445 0.179519941259608 -0.573134166854763
0.00361512973853415 -0.0160566622843887 0.75772652496949 -0.075532037905008
0.0199799445944775 0.00573332995020203 0.468458511224532 0.63677399578132
-0.00603056467872171 0.0265070178432238 -0.095353341777554 0.553231037632441
-0.0135868434417748 0.0207402336953841 0.0473055264842305 0.0217106146356407
0.00292096156542793 0.0142942950261295 -0.0102864036111225 -0.502788975300686
0.00926714999541208 0.0129800288271523 -0.73330108361237 -0.38474174472832
0.00598567081890178 0.00533003304882485 -0.684338638616893 0.485128906355408
0.0356508240722318 0.0234131845358812 0.18823344609144 0.641005821309164
0.0387081217849656 0.0310063498996841 0.476751792120302 0.147219776477925
0.0258333726235422 0.00669778333959925 0.286303952726027 -0.161618170025933
0.00781978199656844 -0.00365036499127409 0.0047712478546115 -0.237785696974236
-0.00724264775935804 -0.00157565794047992 -0.0228559401529166 0.177429285165142
-0.0173224852613258 0.00281565692565892 -0.217360334184689 0.0920806752330659
-0.0405850128649519 -0.0130264350949869 -0.401600404993422 -0.158928263258174
-0.0279250085709967 -0.0284525792755135 -0.139098307354829 -0.563684134357291
-0.0108451024729008 -0.00608161444582871 0.577385657119947 -0.416198037648722
-0.00941827464277456 0.0102044516281223 0.694390568751567 0.327789137043687
-0.0235492556972129 -0.00142026787632572 0.0964988227107572 0.561456012100975
-0.0104507042048948 -0.0291721939552421 0.0479823882749531 0.0876323510738305
-0.0209062479831339 -0.0230587323402681 0.171731070562432 -0.452206476345064
-0.0286544237609533 0.0231299850979739 -0.480147204274692 -0.697461243051364
-0.0037242944667692 0.0131703594056166 -0.894727723374509 0.103455988097797
-0.00118379709434979 -0.00938553605560864 -0.176820645702838 0.690877430664956
-0.0189210492356193 -0.0184314622463926 0.362083757895694 0.333616926705305
-0.0177141408724755 -0.014336198633472 0.313768084185267 -0.0675994873800759
0.006179029323791 -0.00777352557973771 0.0189222068337799 -0.2096851869097
-0.00869718587075686 -0.00221064124988834 -0.0224320889376315 0.165381674982278
-0.0227266005246171 0.00151405783779678 -0.218425962349298 0.0698423110733156
-0.0420022838657275 -0.0181336958117597 -0.375462013284388 -0.206892438896356
-0.0229687049224733 -0.0331904581236685 -0.0568697625832171 -0.579183595779919
-0.0107826164268105 -0.00773078071949339 0.646667632435155 -0.335544635564615
-0.0166569481749869 0.00820100852636617 0.652429632583849 0.421955296283921
-0.0264912043623572 -0.0112009718618669 0.0438677187232133 0.570568449330268
-0.00901219292276157 -0.0351734771482012 0.0487114348556396 0.0728306615253259
-0.0266404934581194 -0.027316119490751 0.124148555692431 -0.469090249322801
-0.0326829036428759 0.0245422548907335 -0.569526618843157 -0.619284046793406
-0.00417344675741197 0.0101668513220314 -0.858013139272994 0.227280202139187
-0.000823638569416377 -0.0122815244081959 -0.0714389400500794 0.699882245576169
-0.0226500371737111 -0.0189111959330791 0.403229014797748 0.285383664224989
-0.0203173435700212 -0.0131826232040782 0.312146328635581 -0.0978934919918765
0.00538938614581608 -0.00694862495724129 0.0150314118199537 -0.219334579646806
-0.0090318821778484 -0.00254389531799696 -0.0228233106093509 0.154071229057671
-0.0225767022408103 0.00116949895065769 -0.217073161320713 0.0463407347880319
-0.0376927145709631 -0.0190414291665263 -0.345001256393757 -0.25197327735333
-0.0159348801663335 -0.0338182476875291 0.0342347229587834 -0.586782875014309
-0.0102815448091941 -0.0098362865704109 0.703529263118861 -0.236595664383191
-0.0188297037635973 0.00503909170354355 0.592198149324641 0.519724168191859
-0.0250891725058817 -0.0153199120598657 -0.0131302296223077 0.573128616483862
-0.00884633346853574 -0.0365534028332713 0.0488061549488459 0.0557559176364366
-0.0301623655134328 -0.0255383787688971 0.073995036595008 -0.484705101425572
-0.0323462450764211 0.024378977414617 -0.646578568467695 -0.527171472539814
-0.00360002907907515 0.00785415660568303 -0.800782233495492 0.347399911410917
0.000436652482825968 -0.0112507922023562 0.0383849395032469 0.693163833798447
-0.0208813326690042 -0.0132164892099111 0.440233205863193 0.230248535257968
-0.0205864337632312 -0.00960930018921707 0.306933775186573 -0.128933124908632
0.00552988976880898 -0.00523488000791826 0.011298375768603 -0.229846550539492
-0.00929287048928716 -0.00270020181009226 -0.0225814876962984 0.145257481721679
-0.0191328043106293 0.00199213092584115 -0.215163331419762 0.0270326076882225
-0.0298409019285106 -0.0164031970464692 -0.307320010678799 -0.291183806574907
-0.00853460825496187 -0.0317172914438114 0.119170395309403 -0.581549115593136
-0.00833939372206897 -0.012496826235784 0.742661785102131 -0.134018769058882
-0.0165649602095834 0.00119920465204732 0.525088743576819 0.602105724043764
-0.0223849543245243 -0.0171618131394131 -0.0667112560656064 0.570206816571739
-0.00980636846780008 -0.0323358567027258 0.0496136713742019 0.0409451076155158
-0.0298705590680563 -0.0203501968905526 0.0247263385720998 -0.495145487688823
-0.0275292148866302 0.0248533244414641 -0.705533561398321 -0.439674173690594
-0.002703712105255 0.00608151389614309 -0.734598455278156 0.446273942309058
0.00483011066324683 -0.00707463119070745 0.134707374179799 0.672129135996517
-0.0134149799560042 -0.00431287291546019 0.465862872202158 0.177301217035014
-0.014752653216623 -0.00557641471813323 0.298498673826187 -0.155779819095234
0.00443704601729859 -0.00465039917671713 0.0082360775386921 -0.239833143203618
-0.00797235437816751 -0.001489136705595 -0.0229620975230148 0.139876596319108
-0.0123714329783544 0.00563647555271117 -0.212332490763432 0.0125105485853642
-0.0200555915931186 -0.00824192063090133 -0.277839579659037 -0.31699489237696
-0.00265674305658775 -0.0244509707298539 0.18514680183639 -0.571137465237744
-0.00475803556500586 -0.0147689362865235 0.764022020964537 -0.0554178648880471
-0.0102223343628491 -0.000306545363595395 0.464809129240974 0.659045470279614
-0.0175709614812723 -0.012101789439606 -0.104799392772753 0.563673631681112
-0.0101479617633857 -0.0221662624835733 0.0490852643587872 0.026171952881565
-0.0249578509400149 -0.0126615002651974 -0.0109748251662924 -0.501232607566412
-0.0199065939869647 0.0222033985047954 -0.741326294432485 -0.369974149812128
-0.000245750240615744 0.0045959351487055 -0.67785454406751 0.508730442527938
0.0129034911516042 -0.00118267055397979 0.203378367383939 0.647558705103591
-0.00164160651496882 0.00516858582353275 0.483252244832756 0.134377975287889
-0.00531371012427053 -0.00171441084896817 0.29016455711744 -0.175185555635931
0.00568214916033538 -0.00385336480730534 0.00412945004269311 -0.246633814211642
-0.00563148200677841 0.00160109386924626 -0.0244385438289911 0.137675496221486
-0.0036717792582324 0.0125505946995156 -0.211988247678831 0.0065727826283777
-0.0104255920494667 0.00554740074116331 -0.263647831344197 -0.330557042400169
0.00136038420953208 -0.0152329660526558 0.219677968659044 -0.563625963111068
-0.00268772301689053 -0.0159905142870746 0.77365075548543 -0.0134260916616596
-0.00135459401135167 0.000674810250435302 0.431668048104274 0.684741161291461
-0.0140753751607342 -0.00101726945657397 -0.12400555538675 0.558159041430071
-0.0111694726788014 -0.00953543310373761 0.0491741625375961 0.0186747310487884
-0.0163256612343406 -0.00318396189906634 -0.0330092169734919 -0.503080129262405
-0.0108600465269348 0.0196882513954416 -0.758112468022979 -0.334577133732724
0.000897945854192707 0.00485493861574161 -0.647903032149288 0.53811628572036
0.0220532585151527 0.00670068515100325 0.237278938585413 0.632123662540128
0.0128519999433277 0.0132076881208523 0.48731835206546 0.114308545024507
0.00507637914137187 0.00184718703663317 0.284951155764541 -0.183298440197509
0.00530514187279152 -0.00391047617505807 0.00182287131497386 -0.25013888055657
-0.00434416048769712 0.00399377922926041 -0.0259079724219683 0.1382113795946
0.00726231104922162 0.0179163180695491 -0.215380714528417 0.00655164534065814
-0.000882849335464753 0.0191738627238611 -0.265497413722012 -0.331922196166123
0.00199338103661992 -0.00481054175847173 0.216955338207174 -0.565547201763626
0.00118774637661519 -0.0166551691867584 0.775034306553246 -0.0222594375170558
0.00983760923616938 0.00346221563107605 0.43340365960601 0.67583228540193
-0.011013122736423 0.0132581700757286 -0.121888704923137 0.55563661126617
-0.0133093264669506 0.00577265538081097 0.0476929917712353 0.0173113243626573
-0.00576595646668137 0.00543242892018098 -0.0323174394685947 -0.50540995356829
-0.00117048910783017 0.0155218821373965 -0.758248592648528 -0.340573417972673
0.00380730399237968 0.00556540827370005 -0.651656723014068 0.532737688172188
0.0310840166571297 0.014992341836761 0.232477091608429 0.630477071996208
0.0271908391460536 0.0223716969315177 0.487919593965986 0.118517745380881
0.0153927016723044 0.00426369294148471 0.283240340297413 -0.1800871715692
0.00734344280035429 -0.00559645985403968 0.000743832053402136 -0.246944189801475
-0.0025832798818463 0.00591272271455461 -0.0288168125552457 0.14373253878044
0.0149944543668915 0.0225738471632919 -0.219777410991882 0.0146358722415087
0.00666739028739885 0.0309176199109051 -0.283852495396614 -0.318655828409101
0.00257528555499761 0.00449752196584166 0.180111952136129 -0.580725051775686
0.00309619114162058 -0.0159710241102901 0.764197916432656 -0.0798338652530372
0.0198611050136891 0.00588115229704266 0.474654573400831 0.641246084702926
-0.00687813158390317 0.0266470770554491 -0.0935905587549056 0.558455711721735
-0.0139866643800263 0.0202804520629806 0.0461173149893355 0.0214180666149859
0.00384863613021241 0.0150742447234084 -0.0108464573513614 -0.506015824169673
0.00950232372846777 0.0129406091884625 -0.738439598651222 -0.386770293132441
0.00571903364908855 0.00532826922938487 -0.68844843180697 0.493785596807409
0.0355934971070146 0.0236845010710863 0.192638777130174 0.645471318644113
0.038265641551268 0.0311434271872941 0.481997965650657 0.147000432127514
0.0256943674834579 0.00705984794902904 0.28921495127194 -0.164061578889967
0.00796307180619391 -0.00431994791898779 0.00450863135161132 -0.239876608405483
-0.00778326447000412 -0.000508878821077961 -0.0225069425326264 0.180234801519693
-0.0188128162650939 0.00157377344931706 -0.21794128617909 0.0936306438048455
-0.0403285478489594 -0.0127577787486263 -0.406759846731579 -0.158125435647119
-0.0273855069032553 -0.0289088501053568 -0.142327301955921 -0.567060565320817
-0.0119853575340884 -0.00642965618917946 0.583589444035188 -0.422357503569878
-0.00969493266441059 0.00932551240438746 0.702346807899407 0.326596263752203
-0.0233319223771684 -0.00130273342424673 0.101361269611266 0.567173822607291
-0.010396165624245 -0.0283957717951539 0.0488144026006774 0.0880138815147522
-0.0201559868263475 -0.0234781676496385 0.172104098718513 -0.45632833951446
-0.0288626292582474 0.0232781525620501 -0.489966614330701 -0.699465670096675
-0.00401052784355706 0.0126492532160284 -0.90258150524615 0.108637443918567
-0.000266800953546724 -0.00983960158601562 -0.17348690458977 0.697685043931875
-0.0188800013562882 -0.0194944809761155 0.367540811397602 0.334579821162818
-0.0178715924635975 -0.0150339698199373 0.315129459290125 -0.0702347429575182
0.0057973532244082 -0.00759211752173831 0.0177376951592883 -0.211931821452223
-0.00801650555125952 -0.000613832481963439 -0.0217190158883489 0.166625765232568
-0.0231857988296164 0.000824236971586756 -0.220557892947248 0.0707928611480875
-0.0410635895811926 -0.0176402971694115 -0.381536514776019 -0.205115713287272
-0.0228883763345749 -0.0321976781100568 -0.060010643836759 -0.585006443929101
-0.0109620719090474 -0.00811275220274452 0.649152722477315 -0.339606309918269
-0.0164874235608067 0.00791857777090762 0.662161383269983 0.424627514251238
-0.0272849540175604 -0.0102832610313844 0.0472112580673625 0.575478510042915
-0.00916681030485957 -0.0360272500055157 0.049146766186417 0.0738299668570291
-0.0266526965849944 -0.0276297077880927 0.124890922130375 -0.474191136035003
-0.0325939408625908 0.025330667590763 -0.576304392424446 -0.620000901489352
-0.00353202965165627 0.0106216208819431 -0.866295993685688 0.233065090878177
-0.0012253568840468 -0.0128934605290632 -0.067644057813612 0.706626559924734
-0.0224345933060637 -0.0196028842908006 0.40972651989023 0.283709663254063
-0.0204124976858278 -0.0127817660250084 0.314943769980475 -0.100680421453136
0.00578014550734065 -0.00782690993512524 0.0148481602925499 -0.222020943391783
-0.00973998687134999 -0.0031432820087138 -0.0220412911248522 0.156323054063595
-0.0228457675185784 0.000749329622611133 -0.219343818672357 0.0488418009795735
-0.0381211631359452 -0.0198968249945797 -0.348339543427951 -0.25192500476647
-0.0167088294596419 -0.0348559404396904 0.0307581015613875 -0.592330792604104
-0.010313236957919 -0.00996471674844363 0.710867742013322 -0.240908712936191
-0.0187865116846839 0.004062772202356 0.601421365275178 0.522700376776806
-0.0258598819768057 -0.0169276526264695 -0.0101669648399099 0.580453000818815
-0.00953121395657624 -0.0371187733462584 0.0502854109732668 0.0573597748066446
-0.0303105061986105 -0.0260964761305163 0.072359205209074 -0.489463119185763
-0.0309273812714947 0.0251838344681184 -0.655728519016532 -0.527120071878679
-0.00427956465040927 0.00806652981929545 -0.805652015641499 0.356616248108606
-9.69252926677107E-05 -0.011879888953113 0.0416006062045314 0.697063989953871
-0.0205366323393071 -0.0140268499925734 0.446452564998869 0.229084664027644
-0.0199430222928694 -0.0105419727850526 0.308173791480065 -0.131720238018711
0.00523765581044821 -0.00534055373128851 0.0115502561961602 -0.232435752985035
-0.00954629072095938 -0.00184650687517637 -0.0228022928691908 0.14692984817465
-0.0192914996841684 0.00173266683648093 -0.217347592101831 0.0284051002832861
-0.0298381817221109 -0.0157664562972682 -0.312480747319105 -0.292168484038465
-0.00866112176077942 -0.0313828279633928 0.117079065691948 -0.587813798796152
-0.00820100659935569 -0.0127002770310227 0.751635800793648 -0.140441960009696
-0.0158348840526009 0.000929632937819516 0.531346165043096 0.604546577321421
-0.0218900969071581 -0.0176328321449235 -0.0648184162875825 0.577155786608523
-0.00943762926654606 -0.0319480538409624 0.049535456226556 0.0400999635717092
-0.0302807615276242 -0.0195749944113592 0.0232988244858489 -0.499731432597711
-0.0275085072374504 0.0256713618595596 -0.714243287008508 -0.439450420600515
-0.00348647250608239 0.00573865801024983 -0.740263871774173 0.455694309317708
0.00508554960161152 -0.00667402210759544 0.137349272668979 0.678653591269765
-0.0141043080941187 -0.00411836735774335 0.472032665323134 0.175627516505216
-0.013648120038161 -0.00610687158145481 0.300923042425503 -0.15999193999944
0.00467788134687548 -0.00446665601333553 0.00673778769375176 -0.241522647111073
-0.00882239154111257 -0.000254981702119011 -0.022760042958775 0.141352298259101
-0.0125321451852224 0.00558669224331403 -0.215469021079859 0.0141831677675967
-0.0193192759083748 -0.00792167811326449 -0.282785920527133 -0.318636028571057
-0.00222837275894694 -0.0245438930589266 0.183462597078095 -0.576338042370802
-0.00579779134895703 -0.0142930493932797 0.770718600639578 -0.0602176035081161
-0.0100923487092493 -0.000969632869493614 0.472232644559171 0.663386269391703
-0.0186936971867078 -0.0126913448350523 -0.104275306926129 0.569258866053885
-0.0105802446918233 -0.0229353002063628 0.0500156994206005 0.0264803533789267
-0.0245899130088169 -0.0125656600369711 -0.0143774734570957 -0.504166493696243
-0.0198101309362728 0.0233036776352054 -0.749463294861427 -0.368164611372059
-0.001195968079715 0.00515496324172861 -0.682561515126749 0.517554896576831
0.0128604957852482 -0.000334197851982451 0.209270089886082 0.652624244922696
-0.000843537216772543 0.00463845295544934 0.487935930775294 0.132124893523937
-0.00544542344704919 -0.00202234359009142 0.292216947556956 -0.178848583521836
0.00443213507652343 -0.00375586146191943 0.00310878151424352 -0.249552449452538
-0.00695452838285276 0.00203572034605386 -0.0241682569583363 0.138952973465992
-0.00284254250922156 0.0118081365245491 -0.214526964515205 0.00781547519494543
-0.00919218219048298 0.00616625365695648 -0.267381002072441 -0.333456426204013
0.00148402383628796 -0.0142879244767216 0.218711328753258 -0.57022261061091
-0.00288892681749139 -0.0162439875674926 0.780771198534496 -0.0184730232081257
-0.000404316979038505 0.00023347550843647 0.438694823875211 0.6878570767132
-0.0148636740764514 -0.00104479421285883 -0.122644924798404 0.563663523603739
-0.0113516693753503 -0.00979459516612262 0.0487667998462599 0.0181011739100594
-0.0163019524508954 -0.00326631769275596 -0.0338327796724366 -0.508900505477175
-0.0104170496062763 0.0202629951956694 -0.767115412948866 -0.334089101279784
0.00206550493602146 0.00472751050459318 -0.650950086223149 0.546315879837694
0.0220286090109723 0.00686953425262695 0.241359241814668 0.635910704505514
0.0129949989402938 0.0138009949870892 0.492679072343854 0.111520844729484
0.00524630483385444 0.000963171786071546 0.285850379422722 -0.187021071128945
0.00512233182613358 -0.00423640543875684 0.00161794061610839 -0.252155933113499
-0.00476042268000713 0.00471542508032554 -0.0269019799605471 0.140774092553476
0.00516834391978182 0.0182113539250035 -0.217221883692353 0.00886410737778931
3.54335695221567E-05 0.0186867633700967 -0.26912208363774 -0.332552396273459
0.00192873514148152 -0.00544853925689589 0.216840260155838 -0.57279243756398
-0.000334845090083184 -0.0167397047905836 0.78165451075344 -0.0257831324143468
0.0106231105408285 0.00401872178453519 0.44137888776046 0.681148280010487
-0.0113952490244508 0.0137197396765642 -0.119561451044792 0.560505581650275
-0.0135874276160204 0.00565547422277545 0.048683567228375 0.0163520510707397
-0.00541992251072371 0.00511473324635478 -0.0336816917520591 -0.511017561578885
-8.34139630957482E-05 0.0157862074174491 -0.766584884556029 -0.338930039693834
0.00452520831830575 0.00514802665349749 -0.654026451114473 0.541714365052684
0.0314450075246846 0.0143171750518792 0.240101136756453 0.635460153306042
0.0276204655957695 0.0222519395585121 0.494289017784588 0.115792805953562
0.0158854878355104 0.00426661428154119 0.285380404776489 -0.181666407253127
0.00582569471277269 -0.003534016941759 0.0015239816079073 -0.252088225574817
-0.00269702845709165 0.00759119339006336 -0.0282295309112343 0.144618430342518
0.0141608044731392 0.0234115229059717 -0.221720324183732 0.0170830862266499
0.00806522386297241 0.0308828872711215 -0.289309309768021 -0.319738613589366
0.00235441543330619 0.00453486040455249 0.178249406258132 -0.58596639721542
0.00361550118267339 -0.016686488657343 0.771619318900952 -0.0821313511018269
0.0205484389455793 0.0053636471332925 0.482150644241773 0.645099545204212
-0.00652587035645922 0.0274474235096965 -0.0925669855390245 0.564462681460085
-0.0149860831706837 0.0200813568218092 0.0470987021890361 0.0212669048854404
0.00329006835718459 0.0133402523995405 -0.0133781438121957 -0.511574909978098
0.0110045589837213 0.0125688915282667 -0.748248495064318 -0.387996784932592
0.00684388489324579 0.00653934437257347 -0.691793376172213 0.501790038128464
0.0370107688505457 0.0230632900992897 0.197353012954407 0.650863917982731
0.0388282901458872 0.0305153495847558 0.487263205616084 0.146104458252825
0.0260461728902075 0.00565928720264423 0.290332289404104 -0.16697587717234
0.0080953277738363 -0.00394005443281192 0.00254434104000854 -0.242742179625996
-0.00717234087091764 0.000106747681566487 -0.022553271504469 0.182324456505731
-0.0183521518879599 0.00296951352049641 -0.219953313718763 0.0967869167572756
-0.0411836507538094 -0.013334294447077 -0.411632666920797 -0.156422436514005
-0.0284874820017628 -0.0280271640185179 -0.150076964965613 -0.570948083270885
-0.011537592629559 -0.00623693092788612 0.5825183372183 -0.433274901717667
-0.00837270133102926 0.00966808237935922 0.710499732232643 0.324677065436875
-0.0236483902524616 -0.00212416537757276 0.105362934154178 0.570205536980053
-0.011088812842512 -0.0288978398531343 0.0492254976966712 0.088534725377489
-0.0212042248987767 -0.0244344471978103 0.172435706056781 -0.460704006710526
-0.0280207139018873 0.0240151020037348 -0.496026421287391 -0.700756309703012
-0.00352612302721121 0.0137396543711071 -0.909598181330569 0.117691364045727
-0.000967744154502473 -0.00932968742395466 -0.168755638315824 0.705081252252585
-0.0194016510718759 -0.0202610549801787 0.373427545703376 0.334963780501802
-0.0183869551821454 -0.0153398313116432 0.318060517718697 -0.0739289372760024
0.00598259442143905 -0.0094429144271581 0.0158303033728485 -0.214347221051728
-0.00837624491609658 -0.000956659124035819 -0.023463926044467 0.16877114508815
-0.0229565767513702 0.000561597344240459 -0.222427230310012 0.0738956343096923
-0.0430785580855438 -0.0175916934070366 -0.386881509694517 -0.204639221166685
-0.0232467819881781 -0.0331256252822054 -0.0673637638435813 -0.588465403100367
-0.0114144507645389 -0.00760467591516044 0.651953207289789 -0.349485474629667
-0.0158494507167235 0.00833497524054041 0.668441589210199 0.422659809655528
-0.0269249840609515 -0.0108226970382121 0.0504940942489344 0.5786540832191
-0.00998268797834005 -0.0362620907132973 0.0502973006356537 0.0738293906622062
-0.0268531902958495 -0.0271233156217738 0.122893863907271 -0.480823332139644
-0.033128059317109 0.0250224008932114 -0.585391668510772 -0.619414610671257
-0.00342405188039208 0.011164655129495 -0.871967124051846 0.245816531850059
-0.00225402392344943 -0.0135274443081714 -0.0614986248846219 0.71344066302606
-0.0225928463109263 -0.0203606891639856 0.41661443637196 0.283981851372695
-0.0214467220666014 -0.0133364574248541 0.316044937962587 -0.105083645521964
0.0046985528129545 -0.00803374131855088 0.0135303102667119 -0.225573811022763
-0.0100167829036891 -0.00192115636186885 -0.0223091558902226 0.158988190712738
-0.0233507733758044 0.00101345796892263 -0.221572005007684 0.0500801887491445
-0.037340222166008 -0.019535626560981 -0.353786846554445 -0.251256219715196
-0.016284208201905 -0.0340659845921292 0.0267241263576761 -0.599163314705649
-0.0113490326926636 -0.00952521794302171 0.714361786145247 -0.248843619453174
-0.0177387246238558 0.00458734443204847 0.609018361063165 0.522781635471557
-0.0251025918295434 -0.0159605621965606 -0.00674684294382693 0.583274374162087
-0.00981222977285268 -0.0369853170164273 0.0510240985386956 0.0572262405616514
-0.0312350494969968 -0.0252962728766693 0.0712001669052836 -0.494214896397103
-0.0316267363513887 0.0260333490511699 -0.66305223888186 -0.527068867922501
-0.00327365438387557 0.00811426974725244 -0.811370602149347 0.366308727494182
0.000947386629745308 -0.0117216172550005 0.048840606020229 0.704839054700706
-0.0203344074449347 -0.0135262767870274 0.451055222650939 0.227187032232
-0.0198527619571002 -0.0105338450570314 0.310259615157593 -0.13654488251284
0.00448177066644629 -0.00556474192970018 0.00896834297088965 -0.235979741626504
-0.0104424840280144 -0.00207432848284769 -0.0229840060194819 0.149444261481482
-0.0208298365740361 0.00214710389685237 -0.21946776408684 0.0308040562386317
-0.0291435664139378 -0.0164284029491151 -0.318789906989533 -0.292496605893759
-0.00871838681093096 -0.0314538254597348 0.113307651748748 -0.593281135888576
-0.00898516356746596 -0.0125632227863315 0.756376743454388 -0.14773344195031
-0.0158318935486385 0.000652789907641678 0.539844672232094 0.604918378982126
-0.0221546180499259 -0.0168533494136093 -0.0613924460983473 0.582260229590272
-0.00968200418859105 -0.0330672120248812 0.0508623763001237 0.0404431534940369
-0.0295726898771903 -0.0199752482031103 0.0212555198383281 -0.505887229475785
-0.0279913281798044 0.0254391380282483 -0.721488900275143 -0.435932583940173
-0.00298874555768869 0.00566416302552524 -0.741776288082277 0.463097788427739
0.00630162737328848 -0.00787423409079613 0.147130223395402 0.681379286392948
-0.0131344141074044 -0.00566725326146421 0.476773677477991 0.171746976989726
-0.0144326570676124 -0.00508829086310588 0.301364756671028 -0.164977373630881
0.00410030438560697 -0.00541908499566987 0.00598065761129441 -0.245690821092339
-0.0092620295805078 -0.000656483944017297 -0.0226824372446839 0.144364073755216
-0.0126126619457688 0.0059575672422215 -0.216707593987384 0.0167147046025862
-0.0186428371610287 -0.00721791062897996 -0.288159547676231 -0.319609761000185
-0.0035011340549441 -0.0243464133796928 0.181636059280261 -0.58388789757476
-0.00630491803441414 -0.0145650987746762 0.778072331954229 -0.0653379298558488
-0.0088412951105016 -0.000567551832735106 0.481652682351908 0.664468698944884
-0.0186940543014316 -0.0122536994993626 -0.100170694414493 0.572068055375496
-0.0112532022517536 -0.0233022232149159 0.050025267167274 0.0264704465812177
-0.0250815320751912 -0.013019341294135 -0.017167957082667 -0.508663807351434
-0.0200447832439625 0.0230065216286506 -0.759289410683681 -0.365440006083236
-0.00137080079107442 0.00466982704336956 -0.683947589452727 0.527842066212744
0.0138171146847998 -0.000697833253665001 0.217459863131581 0.654674230968153
-0.000617292852245941 0.00502840714505435 0.492702452135729 0.128702451746717
-0.00580914346293953 -0.00266866566281589 0.291820944618384 -0.183987000186297
0.00382765709363025 -0.00447114644255477 0.0014360439190498 -0.253657139950858
-0.00591949043330108 0.00230968611549379 -0.0246556838413884 0.1410825600426
-0.0034799232570785 0.0108537549900562 -0.217680711519943 0.0100901608835968
-0.00912699300668798 0.00549779633892051 -0.273514644499171 -0.332878439964543
0.000768428203984922 -0.0142216663353773 0.217492214763358 -0.579489218215217
-0.00311174368660652 -0.0161820317694369 0.788050091987743 -0.0236253991145566
0.000337135665834128 0.000399833957236771 0.448120681273123 0.690640585009398
-0.0145429662049165 -0.000215466994729439 -0.117199753577851 0.569564781938501
-0.0117480766917753 -0.00930618784537402 0.0490735567085958 0.0177551337092415
-0.0157839805963054 -0.0035592980791218 -0.0377527131325263 -0.511167523242784
-0.010192959592701 0.0203325995545783 -0.774188547911151 -0.328362915926563
0.00232186496067808 0.00512025002788321 -0.652993914658746 0.558910744989388
0.0230985986554331 0.00608175942704275 0.250149232003207 0.637104701999497
0.013254215551686 0.0125656751503837 0.497919540664776 0.10895631361508
0.00495152859779322 0.00033710630833502 0.286251034211539 -0.1923388522717
0.00470807907046626 -0.00421129754993308 -0.000598450983529969 -0.256122148806464
-0.00507306943085028 0.00565802377808874 -0.0263198370455811 0.14164750578094
0.00657453569840464 0.0188045715301692 -0.220115390668537 0.00990295911011919
-1.55560153892024E-05 0.0187164413004868 -0.274882171721973 -0.332687850310936
0.00246815662998445 -0.00479560665016419 0.213069292849932 -0.579903916377709
-9.27484481420271E-05 -0.0163814735599024 0.788988724523064 -0.0330153344631706
0.0112281466581796 0.00338914193992588 0.448167210073973 0.682499033374568
-0.0117309424818883 0.0130049302953389 -0.114125431649434 0.565048322349301
-0.0123010398645641 0.00564127929522481 0.0496675245948812 0.0167480744761634
-0.00597854034236481 0.00514252544785751 -0.0366915327004599 -0.515656346053201
-0.000387992201906322 0.01543767320787 -0.77562725664214 -0.337555199703655
0.00483329794282027 0.00482876480755321 -0.654916838151015 0.551368277693199
0.032489401674999 0.0148975589575501 0.246211450782532 0.638483274331698
0.028446357451815 0.0223095855305373 0.498319092181305 0.113770104365791
0.0157828473150243 0.00434179469499515 0.28533235880782 -0.188389167943006
0.0058369282191991 -0.00493883809261414 -0.00109430682986108 -0.252999584913452
-0.00253953822025957 0.00719671175102141 -0.0283205021638477 0.147419461078764
0.0149025529741802 0.0222910254938197 -0.223109088100872 0.0190633363974348
0.00907478565022052 0.030224462917326 -0.295252954934557 -0.31940244823979
0.00318474928654255 0.00447858161462707 0.174760980361398 -0.591622517162065
0.0018957988803834 -0.0157585877930233 0.779048154392347 -0.0891071365720101
0.0214222097741734 0.00507975474142245 0.492144533292806 0.646910908904022
-0.00610800914464316 0.0267057623677766 -0.0901191620068024 0.568295896343962
-0.0142177673117571 0.020013436374541 0.0469855536845007 0.0217481125355568
0.00420295731951319 0.0136057737677959 -0.0177256168473227 -0.516141856381226
0.0102656201563933 0.0125561739441681 -0.756819495452237 -0.382524788252795
0.00665837512572803 0.00684517469748864 -0.695473544726186 0.513053785060724
0.0372828048726434 0.0236000245307993 0.204716656271242 0.654378495079987
0.0406405095942876 0.0297683899346952 0.492312960611819 0.142224989565186
0.0267882007447251 0.00544855743337389 0.292231085577828 -0.172003218403471
0.00768923645900687 -0.00474603085752249 0.000974276684024115 -0.24568141403653
-0.00865529163387088 0.000340601944876542 -0.0208213075800536 0.183791830743853
-0.0192416909750616 0.00281120554341148 -0.221866181023811 0.100274401797773
-0.0404090459518501 -0.0121684699156728 -0.416364465634436 -0.151735039960509
-0.0280829879712546 -0.0280183044763445 -0.159716164775886 -0.572746096758937
-0.0120882029232483 -0.00541884639340362 0.585103653987241 -0.441348152436423
-0.00872118881290684 0.00901980032905957 0.718921381985471 0.319000152750069
-0.023629019547867 -0.000881014687694092 0.11208472131348 0.572554586398001
-0.0103949484060644 -0.0299148536881954 0.0505565028162944 0.0890251557633029
-0.0207414784719204 -0.0242075195335057 0.168328167124073 -0.464947235154551
-0.0276703310792386 0.0248890338105343 -0.507865684206023 -0.700425953788363
-0.0033229901001841 0.0139502516043193 -0.916569781163101 0.128564114970473
-0.00139543266878019 -0.0107771675875211 -0.162892996159634 0.713083907540244
-0.0195228540743333 -0.0199259765350672 0.381000817884348 0.334406509988425
-0.0191696040185193 -0.0144348529124221 0.319772056651458 -0.0785918735104898
0.00635993145699259 -0.00981915811289141 0.0139051384557176 -0.216538341641533
-0.00972966293832774 -0.00154799349633085 -0.0212421959062171 0.171867944964254
-0.0239282113626413 0.00119355842186763 -0.223909574765674 0.0769487742516115
-0.0416793063734721 -0.0170143163171006 -0.392857819526255 -0.20032433724623
-0.0240092225323216 -0.0326967114135185 -0.0733794931470466 -0.592421666092933
-0.0115536035674288 -0.00824526340228234 0.655338474872785 -0.35927727778706
-0.0161424981524887 0.00778313556375181 0.679489416608067 0.419474932115343
-0.0269989507997087 -0.0104449756400833 0.0579043640128527 0.58139607191186
-0.0103090291691567 -0.0365669168985793 0.0511653973823956 0.0736176505944768
-0.0278089229934956 -0.0272899496443397 0.120579398063227 -0.482722178312931
-0.0316126062883646 0.0260093539657735 -0.596254142443644 -0.619194821303288
-0.00396810269876744 0.0115140181168466 -0.876057870236868 0.255823110043821
-0.00161762365713005 -0.0129859471622563 -0.0554147487841675 0.718895414712265
-0.0224047328965193 -0.0202045339728872 0.42203293991239 0.280151314996772
-0.0218601664745853 -0.0141098808724993 0.317368446015719 -0.109047895795114
0.0053749833468371 -0.0076233069072775 0.011186526584808 -0.22623314429592
-0.010886797181245 -0.00132835759765175 -0.0213596240942465 0.160667308796077
-0.0234737935262367 0.000458694433325458 -0.223926413803107 0.054273898693871
-0.0382406882574163 -0.0184778993191209 -0.359997714945508 -0.249725064959758
-0.0170292860822521 -0.0336571346086666 0.0201102278063217 -0.602450056543086
-0.0108051943756888 -0.0105080497887561 0.716783583430375 -0.256980911836509
-0.0179281882685325 0.0046076466338893 0.618995266390402 0.517435761135183
-0.0251820276462745 -0.0162967438834444 -0.000986403002387512 0.586755230741062
-0.00893418656262967 -0.038064079997897 0.0518343528820915 0.0568893255002468
-0.0306318645773935 -0.0249551757409354 0.0665989917479087 -0.498747259510884
-0.0307709178323756 0.0266358223659702 -0.675097575821664 -0.523532585010128
-0.00331797902758008 0.00869701251843845 -0.812603244299817 0.380045028726771
-0.000157617017951127 -0.0119895245445833 0.0578961486832668 0.708255376738153
-0.0207369689224738 -0.0142855513130088 0.457130341667549 0.225309074408554
-0.020234513257305 -0.0101661240751362 0.310748820011259 -0.141217180208702
0.00441316982284977 -0.00677636393582874 0.00780212247336278 -0.237689875493513
-0.01031100819123 -0.00225827247909866 -0.0220216311684586 0.151886480259886
-0.0200361230000442 0.0022991621090443 -0.221244596969789 0.0339936465758884
-0.0297965155130331 -0.0156250015611482 -0.324140730344576 -0.29051949143721
-0.00929758937471705 -0.0312520115267351 0.108233771730942 -0.599226169885047
-0.00956821597805355 -0.01246848207449 0.761934889696673 -0.157974313062448
-0.015323790262572 0.0011401638221931 0.550852344562033 0.605415176719755
-0.0226614067823422 -0.0179998345210311 -0.0539993166580571 0.584478061328786
-0.00967939744662108 -0.0341538854261476 0.0511155532508196 0.0403086648294243
-0.0305802656836041 -0.0200723357389562 0.0167052504881801 -0.505834637170926
-0.0264420846831747 0.0264251677653015 -0.733681655784623 -0.430490271477091
-0.00222589619605482 0.00648246407576215 -0.741897491532987 0.477516273790065
0.00564919091995932 -0.00800927110455283 0.154581708354278 0.684131325855013
-0.0132283347104058 -0.00514776332514838 0.483871134541967 0.16744362511351
-0.0144033441630196 -0.00660568198042692 0.302675377659902 -0.168897369080377
0.00429792445651552 -0.00539281795521886 0.00298350186333807 -0.247303649057749
-0.00879370948375254 2.87792823371303E-05 -0.0229630346954312 0.145390613707889
-0.0132055883067896 0.00576098447896938 -0.218847196711131 0.0189029935042067
-0.0179869484857802 -0.00800204932659727 -0.294927735800952 -0.318882463577608
-0.00271506063978719 -0.0244827793669408 0.17549552889397 -0.589306090605423
-0.00675031371825362 -0.0147878277512656 0.785884288266062 -0.0754975700091575
-0.00858172099210597 -0.000230593125891809 0.490315807235464 0.663145277315635
-0.0179488715480086 -0.0123082412442319 -0.0948339409171658 0.578292285890211
-0.0108426801023712 -0.022867778968845 0.0513669677092815 0.0260100979807474
-0.0251429361555262 -0.0128804060491418 -0.0203524171980693 -0.512481270165638
-0.0194960376474937 0.0245157436266334 -0.768102547866464 -0.361480842776937
-0.00057743418007236 0.00538051556533475 -0.684445007143121 0.541996917407778
0.013673932589084 -0.00181705485497449 0.225851818887146 0.657914599384865
-0.00142534803425466 0.00424364398118878 0.497291095899093 0.125017808720091
-0.0051476406933763 -0.00167020433179344 0.292721578655933 -0.189404315974075
0.00488761565833817 -0.00501036569421578 -0.000771234536205449 -0.255050023623486
-0.00712792672998219 0.00253870306823923 -0.0244612535728943 0.144143842086965
-0.00361387548689753 0.0116605267067954 -0.219716030498109 0.0125375065592492
-0.00876109558302326 0.00550271767666333 -0.279219875865847 -0.331913528224538
0.00106287141984979 -0.0134820558450062 0.211900322082815 -0.583902013076892
-0.00341923564163451 -0.0166682609837688 0.793689056215564 -0.0342870157282707
0.00096048417947703 0.000134240013302554 0.457449672024774 0.689201526390461
-0.0148056438471588 -0.000452230699123462 -0.114759210028772 0.574055266913582
-0.0109926726269874 -0.00984875270121193 0.0495546854340023 0.0174866984151114
-0.0161724360701278 -0.00472493914471153 -0.0416093046177423 -0.515040366481011
-0.00995847096387336 0.0202746096840555 -0.78135461739846 -0.324814123722206
0.00213632737202006 0.00539686531650057 -0.651197497991569 0.569268761650357
0.0233686420631683 0.00558452572548238 0.25890920680863 0.640933870892817
0.0137098019417042 0.0139021393631089 0.502959810189991 0.104247068113074
0.00494836405534401 0.000503308899214837 0.286822593136327 -0.196877474518486
0.00583324603783021 -0.00501271238762497 -0.00252102759130269 -0.258089376563812
-0.00470684926190407 0.0049410073732203 -0.0255511254005817 0.144771114944308
0.00588363671171162 0.0179788377407295 -0.221722696695656 0.0142096320366087
0.000629168241942866 0.0197755772229025 -0.279888208232147 -0.332886127177299
0.00226041831786991 -0.00470934101726253 0.210928307896395 -0.586387731109146
5.20742330287708E-05 -0.0168581334417724 0.79426521844036 -0.0409669959844706
0.0111664339665964 0.00229380286759133 0.458612996335163 0.682130694993508
-0.0105029506495437 0.0133232189442651 -0.11166413454763 0.571586900737057
-0.0133854274643201 0.00541261918737827 0.0490678392276611 0.0157995252023884
-0.00486965526940463 0.00487555586987169 -0.0417407203140964 -0.517541609798867
0.000712860509064847 0.0154666426217112 -0.785317742540528 -0.329778340307668
0.00456006362736305 0.00571177272465167 -0.653272595896198 0.565167733899138
0.032899982120299 0.0145470526093242 0.256306601821191 0.638864227448997
0.0282085153816739 0.0223729853002429 0.504164167810064 0.107350135497739
0.0166989082684174 0.00344026574650879 0.287392100226627 -0.192663721670444
0.00489869579742157 -0.00547540638167349 -0.00177076953625303 -0.255527088562098
-0.00248387440755757 0.00739584488324213 -0.028314290612252 0.149502764642017
0.0153046088198885 0.0233741537387199 -0.226251296039507 0.0212116421658646
0.00888580432671173 0.0307053220727099 -0.300929477407222 -0.319731081122944
0.00393980694145753 0.00606942852648491 0.169260033512556 -0.599051197637354
0.00110537219062764 -0.0159561868188543 0.78489121819126 -0.099436538441297
0.0222084253410293 0.00393125648400408 0.500396147494759 0.643849047756937
-0.0057919046315509 0.0275272636556014 -0.085189086124693 0.572922789343119
-0.0132364692667153 0.0206704552048955 0.0473631626190237 0.0207832823322244
0.0048314222190714 0.0135282595868424 -0.0201607993677767 -0.51889392508995
0.011009751971794 0.0122625680091791 -0.765382395824557 -0.375911797147018
0.00625868386106868 0.00679324225460132 -0.694762788306266 0.525471615321671
0.0388775411418252 0.0223990774922311 0.212646639092934 0.654264647243405
0.0405988767792803 0.0294556644166988 0.497522601695369 0.136715706717335
0.0264080205843772 0.00578029634204563 0.292444119903172 -0.177181489166374
0.00701676653949951 -0.00435552974613367 -0.00196712303954825 -0.247841278237045
-0.00900694296183952 -0.000193288348319448 -0.0199897907183964 0.185933931966023
-0.0187877580401527 0.0026774582889644 -0.222977160116457 0.102860661015253
-0.0408833294413254 -0.0115963932602394 -0.421781522331435 -0.145987588615351
-0.0294827910730592 -0.0278514612846072 -0.165960084790536 -0.57320933965632
-0.0122962716257265 -0.00573138956640332 0.583105106936831 -0.451987269068182
-0.00898476420182607 0.00878954190341948 0.727329902217801 0.312810780447992
-0.0233408811068866 -0.00134913276592526 0.119218531506741 0.573171690753856
-0.0109432955171031 -0.029732345616322 0.0511743918496663 0.0878306159242935
-0.021992921878787 -0.0241555731533209 0.165050025053834 -0.468464574594018
-0.0271416993845156 0.0246715537251111 -0.518360752709962 -0.697801257913612
-0.00237703170266896 0.0144447917025864 -0.918978858215878 0.141344857236625
-0.000992916724142347 -0.0104373424729204 -0.155813559161943 0.719125671201978
-0.0194735273662159 -0.0205045092922972 0.387219715169046 0.330112132497465
-0.019467614278453 -0.0154822705388976 0.31990387343117 -0.0830905554150924
0.00599423662044052 -0.00967553095429546 0.0122429533553625 -0.218350343018035
-0.00965325056639767 -0.000500740082845198 -0.0210413567878686 0.173234649423524
-0.0234214888174381 0.00116432154963802 -0.225456437279854 0.0796130641132414
-0.0415392819019258 -0.0175175717828578 -0.397631145808938 -0.196754852783551
-0.0246024311670762 -0.0324960591385651 -0.0805480894492568 -0.595024097574069
-0.0124480255520999 -0.00786991093687142 0.655116150271832 -0.369732897043589
-0.014430179762266 0.00721374993786153 0.687325827026259 0.412237489216698
-0.0275658672064154 -0.0104632408958741 0.0647834461533957 0.583857032665325
-0.0099618055259945 -0.0366585874914486 0.0514290939552296 0.0729645194608282
-0.0277184577185561 -0.0266540043293678 0.11499371452248 -0.487337299541577
-0.0315712360675422 0.026488697318819 -0.605044028267709 -0.61270937711947
-0.00349618137498106 0.0118341386022779 -0.876020089820064 0.269935819446295
-0.00128228332615311 -0.012916636421366 -0.0459688750388321 0.726066482488893
-0.0229973588279487 -0.020544302429755 0.427531656714582 0.277156383346241
-0.0232362879726859 -0.0138034164996568 0.318624167957079 -0.114196368540411
0.00434775600984277 -0.00852788726366317 0.0094539480840141 -0.228613297593497
-0.010688105793654 -0.00181681187431698 -0.0205025719308825 0.162726997387558
-0.0246763884677531 0.000318354351888185 -0.224606726980718 0.0566561242539069
-0.0380470778046647 -0.018539215619538 -0.364252634585398 -0.24493163526031
-0.0176151269075308 -0.0344814243840715 0.0120673498045547 -0.605652522353172
-0.0116480035227422 -0.00976460415906028 0.719382403532951 -0.269016580918181
-0.0169851129022339 0.00423699390043343 0.628526817228397 0.516088613384501
-0.0255695637556886 -0.0163564039805151 0.00657147546640444 0.590138513608899
-0.0101453892753854 -0.0379971472860273 0.0515014034403829 0.0556107127566754
-0.0300049935488597 -0.0250127722316562 0.0629439123570424 -0.501196989824231
-0.0304947818253246 0.0275144368101579 -0.684186103348795 -0.516300900876379
-0.00286509135312333 0.00873402675344766 -0.812463177201729 0.392576193572626
0.000664225614282702 -0.0124080545908748 0.0658602059431438 0.712678816532676
-0.0215919191707469 -0.0146295121742715 0.462132420872381 0.218017185417175
-0.0201798747797712 -0.0102603901012785 0.310715252337387 -0.147017912883839
0.00445435683184324 -0.0068315408978488 0.00542994856772792 -0.239498771376042
-0.0107507180859762 -0.00125058687085445 -0.0209659417096016 0.153556584920606
-0.0202225324723044 0.00264414504125773 -0.222174972966881 0.0371225395819968
-0.0289322537786314 -0.0164250830912262 -0.329396501920355 -0.287922586536859
-0.0096053090322102 -0.0310291399082854 0.101716536443046 -0.604489947803626
-0.0100522562785164 -0.0125324935112044 0.76579182872687 -0.167032743389976
-0.0157414497363697 -0.000143574325129054 0.561974799104587 0.599923914163804
-0.0227712774284015 -0.0182041627446748 -0.0494333949741261 0.588445279964235
-0.0100919415891836 -0.0333481520366022 0.0513224802686959 0.0396035903913483
-0.0310416426248575 -0.0196556626529172 0.0121899125673593 -0.510608444447313
-0.026606361316828 0.0275076480620644 -0.74145408253555 -0.42258674455765
-0.00244230618207959 0.00694700229755201 -0.740679876417819 0.490003317992476
0.00650197568154409 -0.0083820914093229 0.164588740736799 0.685978422673934
-0.013369138739693 -0.00447290756245898 0.487893716625148 0.162149461014264
-0.0149677582511704 -0.00660967153604957 0.301717230199269 -0.174313263194569
0.00480108754941447 -0.00622086504994635 0.00076352732192445 -0.249066835825815
-0.00962199837973867 -0.000136293636387989 -0.0215213554621107 0.14750749496135
-0.0140963483146314 0.0059386948611401 -0.220795188844613 0.0220249070967895
-0.0188123575644838 -0.00654084382232114 -0.299764905398836 -0.316927199700718
-0.00273233285050281 -0.0237646820186705 0.17094632893447 -0.595365255671449
-0.00742885769902831 -0.0147200332686477 0.789128026103302 -0.0860344988175801
-0.00862022785864249 -0.000991454080606118 0.500797972322443 0.661089245635082
-0.0184992889266354 -0.0112095772127615 -0.088866834392843 0.581129300493886
-0.0115415238852629 -0.0241329395401428 0.0505681433582153 0.0256718176280115
-0.0252809001294048 -0.0124864707076028 -0.0272259331519435 -0.516067875513189
-0.018585846302189 0.0245774738695426 -0.775285596894069 -0.351822504352459
-0.000752147800427655 0.00642531272917431 -0.679963607892161 0.553105948242588
0.0147532120238032 -0.00178651061927973 0.236086983840565 0.657788736287723
-0.00102520391360217 0.00361341249534527 0.502918579662893 0.118556006977224
-0.00471160554152917 -0.00205650141899623 0.2919988017731 -0.194823153472709
0.00457673380717658 -0.00533675809339574 -0.00400292421690491 -0.257320770393771
-0.0078860478285977 0.00297505373349911 -0.0225913385276259 0.144640301442222
-0.0035374230228166 0.011157040753047 -0.22093908637537 0.0155586181520339
-0.00814978194687244 0.00518763336230044 -0.284863964132908 -0.331188413776737
0.000526310231118616 -0.0139790228903125 0.207567653163877 -0.590473241824846
-0.00447454561640234 -0.0155362188010212 0.800179796935726 -0.0428391919397383
0.00112710774459233 -0.000859392476377927 0.468236181825951 0.688851836424299
-0.01417227908539 -0.00155719211183675 -0.109049951217226 0.577074304298868
-0.0120591384260765 -0.00945410855517375 0.0496390954275088 0.016971251803518
-0.0152467216723228 -0.00562249171702254 -0.0489443607637972 -0.517146764998414
-0.00908831174817795 0.0199304194591555 -0.792058221760026 -0.31467239774881
0.0015555542422002 0.00538315614233839 -0.647242987564853 0.580678039194544
0.0234631523984789 0.00593085502555565 0.268045953287055 0.641328092126236
0.0137106564997972 0.0134265488029281 0.507466116633287 0.0969229854722862
0.00464796280939083 0.000340651624503851 0.285885352324609 -0.202371385958536
0.00468497993662222 -0.00552392012700195 -0.00607283929872449 -0.259267246225633
-0.00541294712702196 0.0064466674239549 -0.024154589825556 0.14649816022412
0.00683625218351845 0.0179667464592306 -0.222661063849327 0.0161422109148611
0.00142280919477471 0.0188650343300064 -0.286056173206119 -0.331839927866596
0.00285796177527326 -0.00419901344925423 0.204564817421174 -0.592379482709464
-0.00122519893904942 -0.0168993618270463 0.797587903726321 -0.0504231810459702
0.0114918836280699 0.00250808275475563 0.470928491457548 0.680201852233878
-0.0113328258816268 0.0127958470122906 -0.105032391134637 0.57357136608814
-0.0133458725696349 0.00542246999972089 0.0490824356229982 0.0146250964103955
-0.00509485250411366 0.00512011057476352 -0.0481487836396065 -0.519887612716608
0.0017705298716541 0.0157224959253706 -0.790381469389311 -0.321555704774214
0.00506311663499257 0.00573696638223036 -0.649513068804736 0.575918980891059
0.0330502665881386 0.0142200228010864 0.266121394422254 0.640176536597315
0.0297780022638216 0.021425195945588 0.508995769672955 0.100319108567465
0.0164924017733763 0.00292266625945769 0.285238825434278 -0.197974093231602
0.00560148187633398 -0.00523906631911311 -0.00488407913267221 -0.257971881692333
-0.00338937372370976 0.00781193035930126 -0.0272846243059495 0.152626329740587
0.0153470054236356 0.0227143846096299 -0.228239876235743 0.0251071461288154
0.0089084797448282 0.0312525635119743 -0.306202683542565 -0.316380148445156
0.00359507843823477 0.00614766838298575 0.166339470860528 -0.605659985255406
0.00166199715725098 -0.0168706846670577 0.786879058656214 -0.110316269064357
0.0223056658744534 0.00373579803686583 0.512247728501804 0.642072136230146
-0.00607806358083007 0.0272515945976493 -0.0776919068940374 0.575951115490186
-0.0140218372697577 0.0206150024267239 0.0486243040402942 0.0201933208575837
0.00512075090895991 0.0137523809613297 -0.0261401871750785 -0.521049281988321
0.0106718037824114 0.0132358112856557 -0.772767777780636 -0.369322519715018
0.00636227640762457 0.00682792771329673 -0.690679454317343 0.53550532040723
0.0391053404006987 0.0228616388534497 0.223926125235727 0.655966201198193
0.0416285374843487 0.0290242578165294 0.501063969969886 0.13025068213684
0.0274165111663684 0.00524728286409798 0.292893539006398 -0.182366437526829
0.00753505455480592 -0.00513703872618128 -0.00388887625123764 -0.249435975142917
-0.00812678988688468 0.00162728256929639 -0.0174419329555368 0.186491155371698
-0.0195471738277179 0.00204983987252267 -0.222646729816323 0.107569910257689
-0.0403331456243697 -0.0112253139884258 -0.424509355308432 -0.140137117131557
-0.029464359846991 -0.0273547437335193 -0.175678408405009 -0.572685983567486
-0.0126444922360962 -0.00555066226016412 0.579601183876444 -0.459825070570828
-0.00767111019464041 0.00886168020014365 0.733075609789986 0.304235051573995
-0.0239698602062102 -0.00124268431060513 0.12736641931226 0.573393414681297
-0.0111323075342492 -0.0301617331968272 0.0529858436933025 0.0881002259852157
-0.0223763296569628 -0.0248086455059975 0.160793283695945 -0.474318551458619
-0.0272014535580379 0.0245383910585622 -0.527873601196663 -0.691918938333543
-0.00204911625760877 0.0141258073371441 -0.92128743727538 0.157352247799085
-0.00126885398014357 -0.0109750062807596 -0.147067212710422 0.725607116417367
-0.0192329252865418 -0.0202840393123855 0.392461487082037 0.325762940892728
-0.0198463573865755 -0.015256999654392 0.31994009522061 -0.0881540084589334
0.00464533155264214 -0.00973038592231444 0.0093254584272717 -0.219452645480946
-0.00956116377023648 -0.000426320193939031 -0.0182819460072547 0.174718459452191
-0.0236355246494042 0.00107727825499913 -0.225690666964118 0.0837149663028974
-0.0418950535693227 -0.0169208537767211 -0.401059409006718 -0.190175932368641
-0.0248615607370827 -0.0317652842061664 -0.0910613387492487 -0.596574092803091
-0.0130899267819515 -0.00782870577195122 0.6533445532483 -0.380492348409503
-0.0143141312576993 0.00736753578219127 0.694121489767766 0.405184336446694
-0.0275175481927175 -0.0105205928752391 0.0720497203392951 0.584027565087385
-0.0113112930696611 -0.0368480720351396 0.0529565102618589 0.0725403877681064
-0.0279889862690303 -0.0277644765600903 0.110086106700344 -0.491024229136072
-0.0309573896149076 0.0269893835349413 -0.614545057268483 -0.606573115115608
-0.00275692210201808 0.0119343912088685 -0.875348111532258 0.283241318445417
-0.00169891213652107 -0.0138928897973741 -0.0366867600020376 0.727563949334269
-0.0225254758331401 -0.0203194375791964 0.434486248457927 0.272638766377958
-0.0224081181172128 -0.0142728444993259 0.318351081373137 -0.120553120514895
0.00420909772087646 -0.00886468833233924 0.00656355793325856 -0.230050431376852
-0.0104565399433292 -0.000466028644541402 -0.0188999943379282 0.163561330824289
-0.0245190005471444 0.00134843880332449 -0.225901695334695 0.0603645321633383
-0.0376842128896668 -0.0177040604104696 -0.369843886181361 -0.241348046678617
-0.0177871396280421 -0.0338020266169623 0.0040718847692198 -0.606854731344226
-0.0125604203266352 -0.00919026787443038 0.717447373844321 -0.279281685050454
-0.0176890554475199 0.00448518399897687 0.636611123096531 0.508147334817541
-0.0273514265435649 -0.0163217754471433 0.0131820879881901 0.59138125124613
-0.0100719719901637 -0.0379121634480463 0.0524623423971055 0.0547327399160574
-0.0315485238509472 -0.0249100375389921 0.0553348535390048 -0.503010895769024
-0.0303354073640112 0.0273884494496577 -0.69372231869908 -0.509528874062308
-0.00343215972637652 0.00773937057291232 -0.810522940566041 0.404065743746479
0.000321614395979006 -0.0126275570256976 0.0772389764437611 0.712085925781655
-0.0209383572511276 -0.0136737225996997 0.467999731869089 0.212198445100954
-0.0210403656984061 -0.0105395460297554 0.309179021861152 -0.15219576198059
0.00423518355271815 -0.00801685000911087 0.00129495560410338 -0.241203566438884
-0.0106379482848616 -0.000471610017803321 -0.0194904056221582 0.15414347282725
-0.0203763219212939 0.00249736701427669 -0.223949966472878 0.0392673036053481
-0.0286975119096697 -0.0146591698101721 -0.334665291644133 -0.283942189851354
-0.00990324271497468 -0.0305825033558285 0.0931136447092715 -0.606173919345551
-0.0111524839359847 -0.0124870622754841 0.765043746191643 -0.179041589656821
-0.0145819365725176 -0.000127075384908739 0.570527901593794 0.595057695905614
-0.0230254409906953 -0.0167781117083426 -0.0407784991675883 0.589340658207998
-0.0106046368808689 -0.033843700854098 0.0517132951444719 0.0392286136076234
-0.0311004426931024 -0.0191874244591835 0.00653720274285178 -0.511380834754052
-0.0247129692517438 0.0266751278026113 -0.749533076523605 -0.415162574807369
-0.00170001274141719 0.00699226598483221 -0.736404329713603 0.503209329368488
0.00569934757823114 -0.00838452229145547 0.174609980731057 0.686382425463348
-0.013227980160755 -0.00517411418335634 0.491999323864808 0.156160756643123
-0.0150218931381869 -0.00583102605719244 0.30103866815127 -0.180678901507856
0.00364224493927874 -0.00655594671906583 -0.0037167858586223 -0.251113758904976
-0.00981930248253581 0.000959324325491194 -0.0202962962841007 0.147814839621833
-0.0128004907659566 0.00605520705468615 -0.221584152214948 0.0255101989813044
-0.0185445759986805 -0.00778956263796836 -0.305833165766521 -0.312860830388722
-0.00362200741750541 -0.0244354766490365 0.162229953743783 -0.601278524547373
-0.00726943449605919 -0.0148390260343539 0.789094568593827 -0.0952550081837536
-0.00783039148346666 -0.00110777807307004 0.512377586640276 0.655600936754845
-0.0186538997706478 -0.0111830503195098 -0.0825143600242125 0.585429602206227
-0.0109763599068133 -0.0236987988505964 0.0510503500381872 0.0246618174726564
-0.0253917086505779 -0.0127410594304028 -0.0339580071732337 -0.515002891675178
-0.0185095675821787 0.0238528509400357 -0.782540614686524 -0.342976457749736
-0.000387375991302953 0.0064094246362225 -0.676982283701003 0.564502908228432
0.0146884010313476 -0.00196152796717924 0.246351989301956 0.656923389033925
-0.000679984872037518 0.00387818212372971 0.506657883682227 0.110304805417962
-0.00643249551626406 -0.00162779901655116 0.290768917805795 -0.199507543123431
0.00445725718557295 -0.00504521898995721 -0.00814110765836002 -0.257985385716095
-0.00834666027594607 0.00428520033173726 -0.0210329020760225 0.145936069420137
-0.00363441783465773 0.0119494073376107 -0.22205494508207 0.0174896445543221
-0.00763372559812136 0.00576384354730078 -0.289269163080892 -0.327498937574053
0.000820516406901044 -0.0138704709796302 0.197518419114316 -0.594208385649087
-0.00441035160876586 -0.0154333454692905 0.802044122986757 -0.0548777627578793
0.000952052785225362 -0.000272753055196404 0.477881860272909 0.682203682148769
-0.0147024057385782 -0.00103937939021831 -0.100441998791334 0.577847449653678
-0.011501311708969 -0.0097360156561945 0.0500073952960936 0.0159597802428183
-0.0157372445163293 -0.00492876502199749 -0.0564637267245594 -0.517707948245084
-0.0077249199266692 0.0199251213763813 -0.796615577308283 -0.305024427833176
0.00316059911017368 0.00571518065885801 -0.640623726415185 0.593529865563957
0.0234438679587899 0.00443737152600228 0.278800509317331 0.638661751499289
0.0137583283314275 0.0139471071365487 0.512078176584345 0.0899889538395864
0.00548477337158748 0.000543671534744472 0.283966386035809 -0.207554939850012
0.00425948406006369 -0.0051572908092263 -0.00889323664681346 -0.260419060623662
-0.00518186331818037 0.00702961768267594 -0.0236996033438454 0.148165447929646
0.00594932141319621 0.0181748182821119 -0.22412915088139 0.0192175081269875
0.00164681723970483 0.0192493412076555 -0.292721745483232 -0.328632754090183
0.00273145085304214 -0.00337978534385021 0.196509278831194 -0.597144178875465
-0.00144023329092761 -0.0167587736792113 0.800868760223511 -0.0631696700521936
0.0123368718193762 0.00120709236914312 0.479667314795405 0.672106253341737
-0.0112041334955061 0.0127339406115255 -0.0970358865628251 0.576963303021998
-0.0128800419282042 0.00480340129232926 0.0481341554448307 0.0148665287455341
-0.00447526575152584 0.00455946329118401 -0.0548303272841201 -0.519885811577481
0.001747443982868 0.0161269922133671 -0.798194222958958 -0.31120582590828
0.00600502203714137 0.00637365456221525 -0.645291858492013 0.585886543330337
0.033626255462131 0.0129975245296718 0.277114718550726 0.637004184440752
0.0294097015784168 0.021087214177123 0.511506474005289 0.0927252203276026
0.016437442020938 0.00236405053257218 0.284032263943693 -0.203873460871784
0.00594342703797635 -0.00550744304207725 -0.0109609901337371 -0.258396905958077
-0.00238825946735371 0.0082894382305676 -0.0264763566669968 0.152986183607638
0.016791569569725 0.0224915812414389 -0.230560432571364 0.0281866114934579
0.0111199092988949 0.0310280773038786 -0.312414154514992 -0.313961135124484
0.00417372717153422 0.0052446482594778 0.15583299637604 -0.609368862076975
0.000961690541751626 -0.0157749086899189 0.790879437226483 -0.121404756303414
0.0221711643159507 0.00308397009302052 0.519980922233314 0.636264416965277
-0.00527205963335517 0.0269690149046666 -0.0709874269932568 0.576900918266889
-0.0126745049305576 0.0197067209404126 0.0472630567367642 0.0210710106173829
0.00489201324305016 0.0131138018716057 -0.0327654283227063 -0.522352400439576
0.0119035396251602 0.0121981412567847 -0.781537811376181 -0.359620506907719
0.00744206232796158 0.0069617753445916 -0.686407408523716 0.54933247946823
0.0389043725355825 0.0217456405271306 0.234113086592514 0.654616576889845
0.0414394910641162 0.0282390907730523 0.50569258345762 0.122618186411973
0.0267813612041266 0.00456986423095165 0.289745674006745 -0.187542126272665
0.0066946454474603 -0.00564268445548035 -0.00832633572554203 -0.251881976990099
-0.00767608039278122 0.00113107730021433 -0.0155421488249252 0.188240934083954
-0.0189710224870502 0.00288180127874347 -0.223312704936155 0.110389577270675
-0.0394381060212124 -0.0109603173774425 -0.42785182833681 -0.133984789936507
-0.0295122631422551 -0.0266954114703866 -0.184512688998793 -0.571461594560473
-0.0131318667040764 -0.00540642262487108 0.574523373390774 -0.470637133994991
-0.0077971048945715 0.00813137966093677 0.738763632350031 0.293928375611329
-0.0236702589154533 -0.00127558657640636 0.134386740732392 0.570670232838892
-0.0115817033520498 -0.0301707406015057 0.0526921253610886 0.0866999073600599
-0.0208407618652834 -0.0236157013065295 0.154045832914203 -0.476973902337051
-0.0268508681647009 0.0254723992734899 -0.537432221475693 -0.686760328190057
-0.00203476061183911 0.0144194538020015 -0.919268370194496 0.169470984777995
-0.000970538775351974 -0.0103187927092645 -0.13464653719606 0.725472008160838
-0.0195877256724288 -0.0203688872488225 0.398095302705192 0.32145432972272
-0.0199418221108992 -0.014765122650414 0.318857404535224 -0.0934708279855246
0.0047787947153569 -0.0101179980440166 0.00771996056176831 -0.221349202510895
-0.01120966381693 0.000584883883939164 -0.0167998581053709 0.175184712477833
-0.0241526536182127 0.00196176167440166 -0.225809484394392 0.0869217924351772
-0.0414091031328041 -0.0159788517748753 -0.405491671297982 -0.18348523228262
-0.0257364390446883 -0.0321177111588301 -0.0987275475600266 -0.595084052934568
-0.0130534340202106 -0.00783926698685094 0.646484155056985 -0.389064379514032
-0.0145268454349109 0.00689236046780996 0.701622134075703 0.394604323701514
-0.0274137032717959 -0.010629354327143 0.0786889126343465 0.583138660527065
-0.0109034963009991 -0.0365587474156464 0.0537808402724793 0.0717975098503788
-0.0275786591258231 -0.0274616551573145 0.104613262597156 -0.492219935406876
-0.0304546213508981 0.0273029163700765 -0.623934662581063 -0.597842708306341
-0.00253867042767492 0.0114401005312872 -0.872727377512663 0.297561198378682
-0.00107437613994745 -0.0138414168653134 -0.0261085715165716 0.729462581172142
-0.0236567281716378 -0.0202608764558126 0.4378689787524 0.266428232472059
-0.0223477899984288 -0.0131048374125118 0.316660836225238 -0.124686244092546
0.00406316962431887 -0.00989810240824783 0.00248271955936358 -0.231249097209216
-0.0109227433871795 -0.000875181766482844 -0.0170116302495411 0.164836558083038
-0.0242977011907803 0.00170912676128981 -0.22488563654396 0.0642643938104395
-0.0366510817017107 -0.0182439943012066 -0.374777323864484 -0.23449128738572
-0.0182199440967171 -0.0334225444675275 -0.00511115042345729 -0.607924697396095
-0.0118286295892362 -0.00934730895300684 0.715232387147113 -0.289749038196762
-0.0175523404020369 0.00369965039934083 0.644572702421681 0.499859476645564
-0.0267111943758539 -0.0152502449110629 0.0206063670931375 0.591331562955999
-0.0110810201999342 -0.0390666082254974 0.0532043323824923 0.0545988773162338
-0.0311557736060692 -0.0250174053973487 0.0506632823395636 -0.505788508904389
-0.029639000725892 0.0282212733541205 -0.70071604724914 -0.500324740214861
-0.00261030913978195 0.00921824784312149 -0.804741818254522 0.417011903371451
-2.88329358703616E-05 -0.0133000514508823 0.0884159085682143 0.713242305949587
-0.021085113936757 -0.0140093015227515 0.473101587106717 0.203958562079906
-0.0204147275181201 -0.00980883566349195 0.308197052458221 -0.157901368573237
0.00344899763589409 -0.00839284137795607 -0.00187160589550472 -0.241953338657792
-0.0105589633143034 0.000153110169889047 -0.0177778307721831 0.155659524431132
-0.0214548989615349 0.00240272134995965 -0.224542590992477 0.0431415687436969
-0.0282610736704986 -0.0147853036034246 -0.340221719741087 -0.278216746218003
-0.0103059521367322 -0.0308922007600729 0.0857018590763283 -0.609381517960664
-0.0102888307440073 -0.0112697197865461 0.760966227763103 -0.190368685530972
-0.0145975941267628 -0.00045827249449344 0.580902547970296 0.587838903068946
-0.0234176218796849 -0.0171917134799816 -0.032634245675362 0.591306165702867
-0.0112326744962438 -0.033958408776787 0.0520254986754935 0.0376155004826294
-0.0312012800509237 -0.0199642844160056 -0.00101862334331395 -0.51187426693777
-0.0251088998797293 0.0278309579115753 -0.755294045630197 -0.404433302617474
-0.00135024382755282 0.00799048628325338 -0.730307966710873 0.513236735576788
0.00589146890597454 -0.00843639903804258 0.185967198659821 0.68404677381941
-0.0127983486050546 -0.00496674080094577 0.494991466549479 0.147097792328911
-0.0148491367399301 -0.00605239329318232 0.298352623348701 -0.186707630490064
0.00380706196302572 -0.00604368476071367 -0.00540763503524663 -0.251239390338158
-0.00910594017130532 0.00101620302870714 -0.0194862761384238 0.149445193553107
-0.0136599172644663 0.00639795233342145 -0.223106307891347 0.028978564178214
-0.0166554661444498 -0.0068797184543538 -0.31139074991136 -0.308921867564631
-0.00276784283079992 -0.0238487549259337 0.153817653158471 -0.604259110402403
-0.00860501677099521 -0.0145194051369684 0.790189851879851 -0.108789252896416
-0.00818153921606174 -0.00174250745242273 0.519651815806096 0.648910132935499
-0.019225412302721 -0.012221299937655 -0.0734343925835708 0.585742281331229
-0.0112611925545642 -0.0240118040971106 0.0508113613424765 0.0235040700898902
-0.0250892047784797 -0.0119681594675867 -0.0399070648952192 -0.514946731720043
-0.0179388352076927 0.0253835882724509 -0.786992684725173 -0.33017414101542
0.000307456638752583 0.00662679242015457 -0.668578482201376 0.576684569020652
0.0150305636459313 -0.00270795322093276 0.256118257478885 0.65323232436801
0.00012164741010315 0.0037599255637525 0.508768008074966 0.100925092045935
-0.0059120757046286 -0.00253309664542649 0.28738768118285 -0.204743243149875
0.00349712787616133 -0.00633217221294733 -0.0102523097477569 -0.258693889941781
-0.00762050478958484 0.00330943422230799 -0.0206102306396789 0.147912502099246
-0.00373442493998397 0.0127747664403979 -0.222959968239611 0.0210941760274602
-0.007829223084784 0.00536058776520617 -0.295941814292288 -0.324144705518375
0.00130497593281468 -0.0140371969072563 0.192150438746805 -0.599568820407416
-0.00474477701811573 -0.0163600526002943 0.803178705371929 -0.0675287784292895
0.0015220288062871 -0.00144572877275987 0.485134841469992 0.676943483340767
-0.0150986035867519 -0.000410263696181138 -0.0931091089126965 0.580873149356043
-0.0121210555776002 -0.010625419382733 0.0497880027641561 0.0161675517193005
-0.0150375626872718 -0.00370868324972473 -0.0607109965943031 -0.518947976724609
-0.00795108932750734 0.0211361309707772 -0.802684346919387 -0.293756059770662
0.00274983277915873 0.00523578497457819 -0.633765297776419 0.603886553660925
0.0243840121641453 0.00458343062439815 0.288701566353482 0.633145885612496
0.0152541279583772 0.0128766321105364 0.51295782954867 0.0807630488511468
0.00514244904191214 0.000198416683603619 0.281157912062134 -0.212416122547555
0.00442174200605503 -0.00622664938621896 -0.0127257742723571 -0.261079461836002
-0.00555636405184628 0.00711598073101336 -0.0223398987052086 0.149576680986113
0.00629046203787013 0.017999905063206 -0.223966554315748 0.0226099666102132
0.00284060364396865 0.0187707497179307 -0.298497949020414 -0.324917375342854
0.00343468979310987 -0.00403391927393142 0.188523847122978 -0.600511870709336
-0.00248861678893999 -0.0168185901450137 0.801079239160711 -0.0761812943345216
0.01225876607245 0.000602359020484292 0.489572777220389 0.668989938731518
-0.0107295079503502 0.0138178183218604 -0.0887104767754945 0.57732965190938
-0.0128073486961622 0.00540217517356722 0.049119391805927 0.0141407620231453
-0.00528826054590196 0.00368997040391269 -0.060922335755571 -0.52069150777931
0.00212395347736622 0.0152423177932957 -0.801724644886851 -0.30054165731935
0.00616763373589658 0.00620365061606441 -0.634379266263237 0.59722092794824
0.0339728536713659 0.0121488533620286 0.286292504275634 0.633895051422949
0.0301951894003187 0.0201331951035686 0.514300341504459 0.085673802934165
0.0162644524871924 0.00184534429031363 0.28081702054792 -0.208462351741874
0.00454372425089881 -0.0054406915268522 -0.0126149456891256 -0.258466661611273
-0.00319937810188647 0.00874646970087176 -0.0247332845885349 0.155101939474013
0.0164842815546404 0.0219353197780267 -0.229748249089337 0.0318031811580052
0.0117845122308661 0.0304578453063447 -0.318136815752417 -0.308766104709614
0.00450552371320522 0.00581218206268673 0.1473965714532 -0.614256703429172
0.000642545892110515 -0.0161667930262355 0.789444538790664 -0.132089108703378
0.0226167400127432 0.00257495857318105 0.52981162095098 0.629808962503004
-0.00532574918690836 0.0279457090926697 -0.0630257052276488 0.579813163391369
-0.0133003550168815 0.0205335679867341 0.0484517423037903 0.0194469614951195
0.0056933773707315 0.0133520492488654 -0.0388944867952623 -0.522179260985927
0.0118611979357741 0.0124789406376359 -0.784862892236536 -0.348743439680304
0.00742129214021922 0.00690757371572298 -0.67873134819784 0.560952070374391
0.040556033180938 0.0205278200957701 0.243932388478269 0.653153514523488
0.0430413595480107 0.0281012700865573 0.509314741245862 0.115134908649126
0.0264797828102716 0.00450735342299395 0.287939901167372 -0.193121976608737
0.00613742003073813 -0.00511633097359472 -0.0105158264505462 -0.251253535761136
-0.00952670224001213 0.00257338559151586 -0.0130904104139713 0.187972021973759
-0.0193134800080607 0.0028319447911433 -0.221842600604504 0.114000752577906
-0.0390898989061135 -0.00994682453430782 -0.430043363503177 -0.126596395838548
-0.0305523500324085 -0.0255119874377007 -0.193120871380681 -0.567383978773392
-0.0132783043482875 -0.00507407162890409 0.567298128892896 -0.477787286719345
-0.00728093328082216 0.00728661419006034 0.741221709958748 0.283054721278781
-0.0235292736045897 -0.000768622799783427 0.142469068810816 0.568863419374568
-0.0127506299993377 -0.0304007575779893 0.0544410615567426 0.0865089583083246
-0.0211315187050571 -0.0238198750326213 0.14848943131198 -0.478239901457684
-0.0250085314169296 0.0256798127986826 -0.545572080058666 -0.674603016137471
-0.00193118693124012 0.0145242656695702 -0.916594778328362 0.182324622964927
-0.00148336345230544 -0.0102200574778729 -0.123357489667755 0.727664459548493
-0.0196945314437036 -0.0206750176403679 0.402107621479383 0.314416399523055
-0.019879505732654 -0.0162586434152561 0.31751090750918 -0.0978057898463546
0.0043529434400728 -0.010213878328331 0.00419915201147778 -0.221481126568825
-0.0104026393616049 0.000558801676989999 -0.0146986337372103 0.176529801873906
-0.023647901823161 0.00266839380496637 -0.223790109373469 0.0907261665583668
-0.0417247293105038 -0.0154640402328565 -0.406854641360693 -0.176801271527379
-0.0260545536543538 -0.0312926921606988 -0.107395563303553 -0.592675529261904
-0.0136089944078903 -0.00623867430490473 0.642226007572199 -0.398713805716357
-0.0139898748977897 0.00672329596658085 0.704962817044067 0.384165128349261
-0.0271948405087052 -0.00913823329315104 0.0867801061567295 0.580972900663608
-0.011306662335629 -0.037088566500799 0.053821396995999 0.0704342430054915
-0.0278754282186031 -0.0274690580399025 0.096480230356463 -0.490306808775482
-0.0294451758480869 0.0274352005692953 -0.631423503467784 -0.588629465247201
-0.00208984221009532 0.0120006641979646 -0.86703473334244 0.3091040099552
-0.00232379197464461 -0.0147513593923591 -0.0143769514191242 0.728969689184807
-0.0231610020737885 -0.0199959555132623 0.441656197110837 0.257018044583215
-0.0225436922271622 -0.0135713916006186 0.313513768721027 -0.130281973632942
0.00345122805277352 -0.00923232801730524 6.35824755591691E-05 -0.232017213055846
-0.0102006187173419 -0.000326957080579449 -0.016310215086057 0.165234940354967
-0.0238702408663791 0.00106520490185703 -0.225991969230945 0.0671610573430837
-0.0360099867645548 -0.0171348757266634 -0.377746740192163 -0.229088882450357
-0.0191240427047513 -0.0327650023621521 -0.0143455593802327 -0.60727040585246
-0.0130347093911838 -0.00905778559385391 0.70829861863002 -0.300621869273001
-0.0167242728969656 0.00390392910066784 0.651068877881537 0.488314868405002
-0.0264416632898155 -0.0156018966028552 0.0292149901726855 0.588678423058164
-0.0115017285119679 -0.0384497275252494 0.0533628885940298 0.0533788293299289
-0.0317992337302831 -0.0248875834562078 0.0446280662325889 -0.504950081872085
-0.0288131326449091 0.0285006562266881 -0.702822832878591 -0.488999586153361
-0.00211321594140721 0.00895857219843266 -0.796135452175863 0.429476788591193
-0.000188836368372275 -0.0129308743326559 0.099326029215549 0.709970463101625
-0.0214611221355901 -0.014576679730341 0.474805828408892 0.198090120880903
-0.0206320889794926 -0.0102148060597874 0.305767428306322 -0.162692706965014
0.00401241102104646 -0.00919241005828312 -0.00438132964148675 -0.241933434536796
-0.0103499546250832 0.000122441211533651 -0.0161724759849531 0.156268466639992
-0.0212609767522327 0.0041219439621337 -0.222949750407942 0.0470261079243273
-0.0275040941564083 -0.015102499557858 -0.345188040349227 -0.274252557819016
-0.0104160016515856 -0.0306033423397364 0.076254567085975 -0.610602727728404
-0.0111153148920847 -0.0117028421538921 0.759988739319852 -0.200192520058733
-0.0148527635674641 -4.21369398624898E-05 0.586247766797587 0.578291143270174
-0.0239826188841119 -0.0164745456269655 -0.0247710783526104 0.587833620807454
-0.0111298295313526 -0.0338837554399472 0.0518317437025225 0.0367211909263822
-0.0314999434388659 -0.0195873402361588 -0.00781775265517814 -0.51143136599134
-0.0245717811605543 0.0281464073765373 -0.757012974422723 -0.3915501806293
-0.00126573129076362 0.00779831866687404 -0.720399695009338 0.524968180641562
0.00587931866285463 -0.00950490987689653 0.194868603856437 0.678952240774954
-0.0131029599951356 -0.00590879855279697 0.496723995282668 0.137494580776335
-0.0145421248664392 -0.0060512308822743 0.294517135885288 -0.190212720460762
0.00340620988088181 -0.00687921530496899 -0.00944046847151879 -0.251342088962805
-0.00982332161127993 0.00220145221445317 -0.017561897703402 0.151006975797825
-0.0130763450738993 0.0071819385231239 -0.221396564593193 0.0319495235914816
-0.0174250613100677 -0.00720052989058149 -0.315597257769471 -0.303563305595025
-0.00355964298969612 -0.0235140035228723 0.145183846046178 -0.603879692295509
-0.00879779940380341 -0.0137136453936071 0.788596272490614 -0.119888786907418
-0.0076873206120447 -0.00187193361772519 0.52846809598959 0.639212119614266
-0.0196572387980637 -0.0109280048766222 -0.0638112027278928 0.584877784429309
-0.0118001504303229 -0.0241562423122882 0.051648877221368 0.0226391555613149
-0.0246111487928073 -0.0114747021915818 -0.044861244762817 -0.515141461697516
-0.0166939840491405 0.0252358792525233 -0.789831300040471 -0.31872187475763
0.000253714984385676 0.00664291601599294 -0.659060984949826 0.584901671343844
0.0146554020958842 -0.00195393263227876 0.265926741883128 0.646783132137543
-0.000209638700332878 0.00335443803634241 0.509342621056477 0.0924056916063677
-0.00658393964483527 -0.00302044940678737 0.283210529582972 -0.209766261500534
0.00365228323527416 -0.0057491973233517 -0.0148161658118485 -0.258313649488922
-0.00776985597815823 0.00453052320857839 -0.0183453484092811 0.148421747998755
-0.00413297687925529 0.0120553850361008 -0.222208411127316 0.0248345834189765
-0.00601022999434235 0.00523964772238448 -0.300269554525893 -0.318205186120381
0.00112301494811776 -0.0141775015897643 0.182069123241988 -0.601372923185836
-0.00600142480371476 -0.0156859184785406 0.798541116446681 -0.0802313524518449
0.00159120319816158 -0.0014661864336703 0.495003140355993 0.668854503775485
-0.0149589262818252 -0.000920428115080127 -0.0846784216012154 0.580016933518378
-0.0124977727619697 -0.0106647693143663 0.0501585772184461 0.0146771099939191
-0.0159051664756159 -0.00414245349817349 -0.0673782069729462 -0.515413580773698
-0.00763449708480988 0.0203741869699314 -0.804059694174226 -0.280931469496849
0.00309059773846877 0.00606167387437496 -0.622975541604197 0.614299731505702
0.0252433436922361 0.00364211213443634 0.297887620894491 0.627566390639539
0.0151717835548171 0.0125257268707995 0.514453995485594 0.0719704862881917
0.0040986156504595 -0.00062544031756519 0.277663892229013 -0.217175162936754
0.00388646241317101 -0.0048491875161482 -0.0163949841003159 -0.262470046211673
-0.00473668116503128 0.00704419313744246 -0.020484284242077 0.150560762102839
0.00651139352394862 0.0177173571162219 -0.224744834263364 0.026519665341186
0.00359485763311133 0.0188469996112614 -0.301647520039481 -0.319521291328783
0.00329795583368199 -0.00403929850165062 0.177135564535675 -0.604193928600986
-0.00256041521657916 -0.016354017216113 0.798965014371149 -0.0885875465085557
0.0126315445368963 6.49209004227325E-05 0.497661032386875 0.660696868586863
-0.0102322532844122 0.0127320861390036 -0.0819982365989863 0.575812541626565
-0.0124524874159433 0.00520822444016303 0.0487788066757963 0.012894551010896
-0.00526374888576584 0.00445644175316061 -0.0676584752727792 -0.519596760658084
0.00270013631020225 0.015985305641692 -0.804161114812289 -0.288261647442127
0.00608170084655247 0.00558547869814713 -0.626368756209642 0.606495200736031
0.034368591608704 0.0118426733759821 0.295852491918933 0.62787402535324
0.0310210165616597 0.0186169277482426 0.514282641167752 0.0769187661828197
0.0158909643191532 0.00221711909151252 0.277594423561691 -0.212620872746568
0.00465729283146588 -0.00538749885551032 -0.0168309874200726 -0.259755266835009
-0.00332099489255101 0.0091006290122998 -0.0232273717654016 0.155621319605008
0.0162361123013492 0.0219755276572871 -0.230143724433748 0.0351175125160201
0.0125071847251914 0.0290522813639378 -0.322509154120575 -0.302742495527915
0.00465784978713706 0.00501784669401422 0.137967845163142 -0.616676130736622
-0.000120200774843761 -0.0162915964956185 0.785090060272775 -0.145386065433698
0.0224966174812327 0.0022569478425611 0.535664436516005 0.621411265816368
-0.00605172804426497 0.0267509711073276 -0.0565230642094375 0.57615629338135
-0.0131020883308709 0.0204639024824455 0.0483770698011193 0.0192203883833422
0.00569554557506014 0.0121850276762011 -0.0454080441767388 -0.521228590211434
0.0131386242266288 0.011996829362674 -0.78906257270406 -0.336537736373079
0.00858768200918058 0.00697311388412306 -0.670027022033796 0.569340666889681
0.0404804488292612 0.0191897475301079 0.253499150418384 0.648225285852028
0.0433984849444597 0.0264187939996525 0.508657998849117 0.107202807970485
0.0261560379931044 0.00344609671523127 0.28484139518946 -0.197479301369747
0.00594620056706671 -0.00522251933388725 -0.0135674635192276 -0.252650510020829
-0.00855444827553593 0.00228733300967784 -0.0113490781288442 0.188643142868446
-0.0194859839924671 0.00383692672920267 -0.220504722097822 0.117501812460327
-0.0387616353046655 -0.0106295379323629 -0.431266018860702 -0.118289122787544
-0.0300245343513582 -0.0247908883206795 -0.199837910100735 -0.562308860392308
-0.0135067664161834 -0.00432516299955919 0.55794711933786 -0.48443673802416
-0.00752521587621 0.00811463635269872 0.742615046304764 0.272255097798491
-0.0239664351269236 -0.000968293075991916 0.150149715955603 0.562334537594543
-0.0127246628380257 -0.0301525976127254 0.0546899126560378 0.0853757098205209
-0.0216782385591755 -0.023662993360365 0.141754046811599 -0.477177547521439
-0.0252618430423909 0.0257168154530668 -0.551832552677873 -0.664288786221276
-0.00145059984299731 0.0147507283853747 -0.90897714135383 0.196829246236178
-0.00198673218910219 -0.0108637425168036 -0.112089817054893 0.726113975937387
-0.0198499568935764 -0.0199296614492436 0.405102733101914 0.307800390757344
-0.0200347310161089 -0.0155441667650086 0.313939614132213 -0.103713254499432
0.00381265938109633 -0.0105867895452901 0.000888314040158415 -0.221196512701478
-0.00977128312649467 0.00159113632724485 -0.0132426594941809 0.176227735945551
-0.0244141279112878 0.00270934014019306 -0.223282780787846 0.0939515150128885
-0.040661226616124 -0.0148720981799067 -0.40940506939664 -0.170201042072203
-0.0268366334336165 -0.030541423444037 -0.117055868874401 -0.588257918117334
-0.0135819338125706 -0.00617640680856057 0.6325872218159 -0.406350280681351
-0.0132856353706416 0.00670905082462265 0.708540516858862 0.371752856230322
-0.0270484348466349 -0.00874884069258498 0.0961665131670573 0.578013330088606
-0.0116147692074373 -0.0370951112247433 0.0542139734365556 0.070240969288384
-0.0277981891112048 -0.0274366364987072 0.0905695238835697 -0.49154545629746
-0.0284239472453378 0.0281140210595117 -0.633965390707358 -0.576575791450358
-0.0020850167582936 0.0133155685044421 -0.857306594583688 0.321592719331901
-0.00149550863447247 -0.0145519908945172 -0.00240550821457552 0.723964213665418
-0.0239336367896262 -0.0195868132778732 0.444376681725504 0.250381877274838
-0.0231841921506401 -0.0137612491714502 0.311187161128936 -0.134881985024686
0.00382380372754233 -0.0100648729651243 -0.00152541671724032 -0.231644788191837
-0.0102679297946451 0.000659926530342676 -0.0146063795191395 0.16562805398516
-0.0249153148141317 0.00176355505981516 -0.223553293404076 0.0709029746595259
-0.0365699479952423 -0.0167801746609819 -0.379899546031573 -0.221738870375501
-0.0194274410114266 -0.0324964471149843 -0.0236739728775206 -0.604985609006388
-0.0129838226492539 -0.00838315923915877 0.701776847512252 -0.311215553983147
-0.0162089513886417 0.00274346460938512 0.654966541150564 0.477868161722502
-0.027280562860249 -0.015519408142472 0.0387013361596354 0.584944966441256
-0.0109253451252054 -0.0379175168932099 0.0533490554621515 0.0530192428061026
-0.0311063761426239 -0.0240233079772778 0.0371960668780815 -0.502573912076491
-0.0282435762445401 0.0286981788360234 -0.709280084613358 -0.475737431315413
-0.00276545729909225 0.010183017652129 -0.787864948215613 0.44053002813054
-0.000310984106154162 -0.0122072854094444 0.108588989551978 0.705698043775635
-0.0205074485858495 -0.0140834799996429 0.475773288678883 0.189869935569094
-0.0208838519618095 -0.0100584242435119 0.30197574982168 -0.167329070190149
0.00265158921862816 -0.0082755096703326 -0.00779819637987139 -0.241785237425314
-0.0107573898248277 0.00114566244518167 -0.0133949306832877 0.15716401068585
-0.0207661048378014 0.00357450018918659 -0.223240241786417 0.0499336317579348
-0.0277320331825255 -0.0144382335574657 -0.346989721350306 -0.265549859898585
-0.0109420597402883 -0.029852119377024 0.0667948070001181 -0.609038911423808
-0.0115687434371802 -0.0118065917632661 0.753530057635729 -0.212834705222684
-0.0139651042737482 -0.000787260869563039 0.592184669281645 0.565365163134893
-0.0232810942951314 -0.0168265512710011 -0.0163715906774353 0.586364288766487
-0.0121201866889478 -0.0341013349232268 0.052212115339321 0.0358916979715291
-0.0308304693277399 -0.0189803244053094 -0.0121747548302866 -0.508272639357019
-0.0238520413599057 0.0289507338068476 -0.759787712819567 -0.378903764068696
-0.000755410256321748 0.00730518950354119 -0.710757448978729 0.533795458740842
0.00563425949296791 -0.00877876606996511 0.204564696301082 0.674369503210893
-0.0129721372098794 -0.00469678588772096 0.49746409666715 0.130088707398633
-0.0149194322965857 -0.0059254765258931 0.290196374033498 -0.194285253478443
0.00312441211728963 -0.00683720140573656 -0.0128644772324129 -0.251070771263102
-0.00911675025454099 0.00262383790323529 -0.0164707144506432 0.150504467725294
-0.0137581569584601 0.00785839949479428 -0.221406086391617 0.0355630554818896
-0.0160758542264227 -0.00712009452690432 -0.318880780870513 -0.297424328219319
-0.00368680635687001 -0.0230666466618999 0.13375124044407 -0.605525256898906
-0.00953044496325072 -0.0136127096307127 0.783264074555136 -0.131272582186523
-0.008714202679135 -0.00274078548340963 0.534220880541909 0.630176326752743
-0.0185189860716911 -0.0109260459625943 -0.0569601177108094 0.581458793341887
-0.0116918914652314 -0.0239517146811503 0.0513928036437741 0.022103660978851
-0.0253111153286014 -0.0125445816316029 -0.0526013783602533 -0.512007803847351
-0.0164087566993052 0.0253540305277825 -0.791335711527569 -0.303928684112403
0.00120758498222994 0.00666939302472394 -0.645857377563002 0.593205201963323
0.0141341892717172 -0.00364676890556176 0.274521356079215 0.642831987496323
0.000847171038063409 0.0036205231353525 0.507607759444041 0.0859670141831905
-0.00590354831835984 -0.00217083551100942 0.280069653535503 -0.213627417183917
0.00277675066975959 -0.00565166076679889 -0.0175241386096156 -0.257990281730349
-0.00742445888479464 0.00503139764001394 -0.0172350324632707 0.149087123803319
-0.0030230306527174 0.0113661239603479 -0.221996741218807 0.0286724199017033
-0.00600835160964537 0.00497311316409291 -0.304910160513699 -0.313529888120592
0.00101252377661657 -0.013356242115672 0.172014782497211 -0.600567084537457
-0.00568940791475092 -0.0148313072747782 0.795126386785751 -0.0917055878520032
0.00149512387821922 -0.00203807059282966 0.502845018650532 0.659229222301309
-0.0149202664403509 9.45652898777169E-05 -0.0766639749918068 0.576530811761172
-0.0120114667700131 -0.0111928530326984 0.0501067259091822 0.014159372261004
-0.0168409315909009 -0.00469355031161648 -0.075080545502028 -0.513227785468794
-0.00684800757249314 0.0209842259244091 -0.803071129009381 -0.267268016560301
0.00347239206588645 0.00594675824956979 -0.612659322399522 0.620691373684266
0.0243111496158991 0.00355422288868314 0.303499510664941 0.620314607409485
0.015985690787766 0.0124947644028432 0.512732434977814 0.0642311251378827
0.00483015885603434 -0.000535070171527163 0.272979427888672 -0.220821339948439
0.00287334329709313 -0.00631120535049455 -0.0202929353742181 -0.261803188756626
-0.00467601781986707 0.00781725542127994 -0.0185467817881128 0.151329748826748
0.00696311363642637 0.0178931976809547 -0.223960248713188 0.0294855890679161
0.00497022614405512 0.0178612315722 -0.306306960875287 -0.313760306285902
0.00321139392025646 -0.0032722094775377 0.169025327252566 -0.605099523052525
-0.00315548349461254 -0.0166656691045913 0.794721836054389 -0.0978076958620406
0.0125300881032214 -7.76048686499074E-05 0.504043972447533 0.649854599956846
-0.0101753354379332 0.0140778648791238 -0.0739495090865503 0.5757465431021
-0.0122579337890696 0.00518507579453695 0.048479993042535 0.0119435417118828
-0.00480511368814649 0.0041698750382954 -0.073804087244284 -0.515719009888464
0.00300509911261294 0.015444683071627 -0.804914806204383 -0.275782673490237
0.00599069684306013 0.00609986127530344 -0.614983773971643 0.615700351781137
0.0344458371252115 0.0101196330443597 0.303214991743351 0.62076613284422
0.0303392617395639 0.0189522862910331 0.511874374238211 0.0678634791726776
0.0163377522383417 0.000599645764637598 0.274411576896089 -0.217342678867749
0.00404075015661955 -0.00528715589247656 -0.0196838188524814 -0.259129007953033
-0.00178700228813688 0.00944832432479319 -0.0218009859022134 0.155468149268645
0.01608670002177 0.0222197840988295 -0.228652915984838 0.039380661861937
0.0137675878456682 0.0296219768004843 -0.326416500162398 -0.296762824889804
0.00552505360608361 0.00558491947549533 0.127738122054602 -0.615268107941425
0.000128207538230393 -0.0152821279920201 0.782657134691142 -0.154520145534128
0.0235800200619472 0.00170012345793691 0.544451792901755 0.609230112194157
-0.00488799621879691 0.0264472025203725 -0.0470096980627038 0.573457656340646
-0.0124214512974401 0.0201044948074083 0.0479683929106403 0.0200195456971728
0.00577632749594515 0.0115012129242086 -0.0518948085173761 -0.517556069335424
0.0135071573475689 0.0104441124058131 -0.791382776258912 -0.325443888206361
0.00851850569964884 0.00635629608883068 -0.657165071554916 0.579337839866708
0.0397073315695447 0.0195271285690332 0.260944368550693 0.641180057119047
0.0432549965906105 0.0265410489979832 0.509036780923522 0.0987451014383934
0.0267008589050747 0.00241398306363334 0.281682818341221 -0.201337698992498
0.00540816278937619 -0.00528663205176303 -0.0174012364573757 -0.251906053080372
-0.00922204958033687 0.0020174870255266 -0.00949744574097821 0.188451076990107
-0.0201666251089485 0.00384580248387847 -0.217152938043241 0.119417881955041
-0.0383370887826609 -0.00995794623960444 -0.42973919148863 -0.111174484180586
-0.0303799681421398 -0.0246924291489468 -0.205647492263927 -0.556574966175271
-0.0133499236233993 -0.00390374050781222 0.549412983521674 -0.489706342979248
-0.00762725149738136 0.00729581360358725 0.740079363850794 0.260907817866089
-0.0237440811494838 -0.000872226243617248 0.155814306736061 0.557388951935721
-0.0126240339507951 -0.0295918749619401 0.0543947401783112 0.0835738439487416
-0.02170243591708 -0.02410259629943 0.135183973749428 -0.476214509611106
-0.0243488374647834 0.0260555250340918 -0.558594069497978 -0.653147436946425
-0.00164065164339751 0.0146910955615965 -0.900871793682948 0.2078835746465
-0.00142488373379938 -0.0105157163951228 -0.101873109489409 0.724704517480757
-0.0196710247078462 -0.0204083484594366 0.406670934113934 0.298725246439579
-0.0206622687696273 -0.0143976509492286 0.310634545419528 -0.106935203304881
0.00374025867317313 -0.0104829016030665 -0.00277091381767549 -0.220295975711908
-0.0107527438547401 0.00232034139085812 -0.011800098429329 0.176509297824151
-0.0239352679313964 0.00312101897047026 -0.221646314596975 0.0972349872641898
-0.0392221464721133 -0.0154697442999115 -0.408700353748602 -0.162944112550144
-0.0268755216050917 -0.0303133274118702 -0.123465673570025 -0.583749936361289
-0.0136736062803327 -0.00567497016512028 0.623730896844432 -0.415038874141477
-0.0134070041313259 0.00617915433936218 0.706849441109617 0.361006250620433
-0.0264997217301164 -0.00999993716530723 0.100655865643037 0.570765773304436
-0.0118586151180072 -0.0370106771761518 0.0546131595060025 0.0685205382878071
-0.0278905238948104 -0.0263145748072421 0.0853271452157726 -0.48912818766401
-0.0268255755682588 0.0280049846987967 -0.638504057396464 -0.563575230679078
-0.00195079475904401 0.0120826678199294 -0.848577970764604 0.332251155893536
-0.00185396969268376 -0.014054657427379 0.00748405124083053 0.720853401092485
-0.0241477630646506 -0.0196243518979974 0.444888995418286 0.241831809606708
-0.0232829278322195 -0.0127609307493601 0.3068431062791 -0.138420620581498
0.00299419653356058 -0.0101245539729712 -0.00542554476259348 -0.231157113603973
-0.0106551756850171 0.000819497321463607 -0.0124750732942215 0.164897914711351
-0.024159468940265 0.00309307812234534 -0.222278614034718 0.0743986386544011
-0.0354601822658342 -0.0168893415063152 -0.381982327284093 -0.213189031431285
-0.0187623173231518 -0.0311430615218481 -0.030460823626491 -0.603403547306904
-0.0133884495719344 -0.00865675158328627 0.694159065654017 -0.319161176999448
-0.0160855580853138 0.00308175061630935 0.656700710394272 0.467078395993197
-0.0274752303818195 -0.0158847661725932 0.0441805672054572 0.579672567090673
-0.0124495139352884 -0.0379352588030648 0.0538428690380806 0.0517710277279575
-0.031304586311527 -0.0244049146187084 0.030541153944318 -0.500463471335555
-0.0272921397527318 0.0290054459210226 -0.707313150706121 -0.463956658730626
-0.00242499955026143 0.0101209197545941 -0.778621219213971 0.446858741223239
-7.44150457507205E-05 -0.0135537812024909 0.118325883826865 0.699751447791879
-0.0207734052299495 -0.0136936172350969 0.475460972607958 0.181721479738052
-0.021213082673581 -0.00963435366325036 0.298317703902855 -0.169982007968402
0.00189389488541199 -0.00827119594404546 -0.0112769291292274 -0.241343161070784
-0.0108285919581721 0.00119282743225918 -0.0140667462027431 0.156928852649901
-0.0203264166569593 0.00429953990307617 -0.222065534630649 0.0537298054781913
-0.0271442252284639 -0.0140624322654552 -0.348608139272166 -0.258948902472026
-0.0100143520118364 -0.0291981562029333 0.0587303398824687 -0.606374365244406
-0.0114609183049706 -0.0112577252058217 0.746286836861034 -0.220532874346205
-0.0138097825770272 -0.00156216074126406 0.59624918633343 0.55484289902218
-0.0240679783272515 -0.0167623010968162 -0.00923930052014185 0.580594534266366
-0.0122871118176037 -0.0334132847176842 0.0515807372314787 0.0340127279683613
-0.0313091519755441 -0.018350420295789 -0.0194588194089996 -0.505172489236632
-0.0227501040551397 0.0295334179795637 -0.75979538406348 -0.366688279099075
-0.000922347971402093 0.00788481470888368 -0.700025098504611 0.540272282189153
0.00610650001775282 -0.00899015969170545 0.212631936727309 0.665856584890019
-0.0131245337946628 -0.00506833218873458 0.495341554789127 0.121219169546507
-0.0148612694923489 -0.00611752724164142 0.286798626431727 -0.197550339139148
0.002216897243498 -0.00600635854764162 -0.0151264231970494 -0.25104768394847
-0.0094440917908622 0.00281995985353144 -0.0141664540983484 0.150440663135433
-0.013703772046466 0.0073508096180827 -0.220572307775006 0.039779020367177
-0.016023064184824 -0.00731196380295717 -0.321647867459939 -0.290267446946564
-0.00422568055531918 -0.0223038514335624 0.126258570818107 -0.603116634982084
-0.00955383335218067 -0.0133736313850725 0.776840257996834 -0.140991136939719
-0.00760012473770278 -0.00273736867690153 0.538988292769381 0.617439116624742
-0.019872372220608 -0.0115725269575438 -0.0487717854167147 0.578675236238332
-0.0119070513530483 -0.0241893784189674 0.0508297135776571 0.0213905284830206
-0.0254608613863737 -0.0116473488902488 -0.0579616241532798 -0.507387673994549
-0.0153592563361689 0.0258839451625129 -0.789267262676337 -0.293839551347252
0.00108143115030658 0.00620562139864713 -0.634843886505411 0.598147996373572
0.0142476666068592 -0.00487152575396987 0.281216287961438 0.633755825539984
0.000859800237496678 0.00284942407063055 0.506140486843304 0.0765918218994334
-0.00622811993270329 -0.00220128269679226 0.274286696869972 -0.216627446109526
0.00298930894808783 -0.00579031233723508 -0.02069653531359 -0.257298952833981
-0.00774550258923896 0.00462147363180481 -0.0164279210410166 0.14983843800991
-0.00272285272802518 0.0119763389917882 -0.221895844730024 0.0314418362520916
-0.0049083001386453 0.0056676424063646 -0.308079491067885 -0.307323633599611
0.00163333237013503 -0.0126176351013053 0.16332599333869 -0.601829868171622
-0.00678462665364905 -0.0154534345403351 0.790939330137127 -0.101345654216253
0.00155125202736226 -0.00294991532063257 0.507203535096728 0.646804786233723
-0.0155346860156756 1.44464839401427E-05 -0.0681423872242578 0.574630777043199
-0.0124094748027778 -0.0102737925372523 0.0493264923948316 0.0132161053976466
-0.0154968620926781 -0.00472029276655685 -0.0792856295585534 -0.50852821871681
-0.00584243046127144 0.020628953923118 -0.802013293363348 -0.255838350567573
0.00304527284881057 0.00677728534277095 -0.59792800925541 0.624039995068515
0.0247929268882502 0.00291932969901317 0.312738107310119 0.613125894527498
0.0159309613790595 0.00996946236089974 0.510190264639475 0.0563966741897337
0.005066952182992 -0.000575749209561364 0.267795859043971 -0.224280539405158
0.00388624147979925 -0.00614172066713472 -0.0237061262364426 -0.260623467647713
-0.00516860104794144 0.00781834681209171 -0.0185915232445076 0.151706679772078
0.0064049799162355 0.0178711412499225 -0.221877090993831 0.0325766400710198
0.00504908453018926 0.0175128509136367 -0.308925237432781 -0.307225024083474
0.00295289627203244 -0.00331681744197858 0.160538745418785 -0.60435332946017
-0.00314492557116659 -0.0149926659913892 0.790742765232758 -0.10999180542194
0.013002867880863 -0.000370719286468833 0.510411825424746 0.638034548420875
-0.0112873180032348 0.013200026490727 -0.0649981278999876 0.57168009811021
-0.0128269231953924 0.00514967062599426 0.0478048404363366 0.0119640821054862
-0.00491983384547054 0.0037099161910353 -0.0793584814360037 -0.51028819271292
0.00437896499078626 0.0158216752298451 -0.801161471540922 -0.263008867281389
0.00631157639363009 0.00581787449748548 -0.602742278698817 0.621104707433889
0.0349722269070156 0.0103044849619752 0.310890272794374 0.611900598951759
0.0313907608227334 0.0182039317743692 0.512337729531554 0.0599613721011608
0.016144232573211 0.00056074605483255 0.269341917305808 -0.219648580632364
0.00323315508698329 -0.0051813896420347 -0.0243471655148355 -0.257473842282095
-0.00157989994357627 0.0105896873158273 -0.0202816679494304 0.156377083097707
0.0171255685605186 0.0225217105813397 -0.226718495253554 0.041829804015599
0.0140033657822505 0.0284962850047701 -0.329279012693216 -0.291468070858313
0.00583767587162339 0.00542735759372362 0.119073066522835 -0.613555596296154
-0.000989394876083209 -0.0157594400020045 0.776304124541627 -0.165534741020687
0.0234295224429179 0.00088566149950026 0.548074088863855 0.597918512808632
-0.004415619760707 0.0264057461379886 -0.0392276004044302 0.56952312851777
-0.0118270863338967 0.0201489036665382 0.047129189716628 0.0184996884390708
0.00591357738351492 0.0119898748236572 -0.057787259811808 -0.512573786412009
0.0132772044291857 0.0107425555451305 -0.788608793508071 -0.309979674661206
0.00774187638472976 0.00697581764852833 -0.647001345722919 0.584369449710784
0.0402290143458176 0.017938410395219 0.268828051933545 0.632803869425114
0.0436741199698155 0.0253490302633544 0.508675589428295 0.08913248183805
0.026150829980133 0.00330073624686845 0.276207040027159 -0.205184421168221
0.00476141431923555 -0.00535818278009818 -0.0212485240818513 -0.251423371417585
-0.00970145903092293 0.00263060954657334 -0.00764349097579598 0.187467748834979
-0.0190263339851914 0.00392940616305396 -0.216012766076708 0.122575481292347
-0.0376759352327733 -0.00955042094613614 -0.429061150897194 -0.105359841510746
-0.0295192499463931 -0.0236334155697951 -0.211788356466398 -0.548999872938891
-0.0136247887897031 -0.00357507776415793 0.538652153723143 -0.492096894459439
-0.00741626956918775 0.00701309572795166 0.736785699984578 0.25000613271076
-0.0229189428696563 -0.00152841843494856 0.160384972348473 0.549558858413898
-0.0136837335873623 -0.0300355753881654 0.0549240591996466 0.0826202119954862
-0.0211344486750593 -0.0230288490445114 0.130184399312061 -0.473038093526096
-0.0233957605246722 0.0261941172805483 -0.558333694901555 -0.640105294618606
-0.00139150050321623 0.0146812105111304 -0.892947856524206 0.216700683612645
-0.00204234045804012 -0.0107287281843629 -0.0927195644807254 0.720036462452769
-0.0198696927761289 -0.0198567157184716 0.407751941086573 0.291467155384905
-0.0212848885458989 -0.0146285045656456 0.307362325685026 -0.110568012547886
0.00275570614525662 -0.0102640089302324 -0.00388686752753915 -0.220191506547028
-0.0100933918827179 0.00232691436721378 -0.00994552790289639 0.175647282500076
-0.0238012362401054 0.0032833737805376 -0.21915315727663 0.0998135819437385
-0.0397376025423392 -0.0139154049355065 -0.407626179752995 -0.155411074763652
-0.0267509495526376 -0.0294659050505128 -0.130605588906385 -0.576924495192456
-0.0140277071457352 -0.00564482438558723 0.614884850282661 -0.418581416590418
-0.0134970356156352 0.00609054049557626 0.707031362085278 0.351004527886351
-0.0276597441893255 -0.00931854273315629 0.106546322439046 0.564601842282613
-0.012548548880547 -0.0367024366470587 0.0549325877097088 0.0678644042310084
-0.0283652786144965 -0.0269281405145582 0.0792922464207151 -0.484968500549868
-0.0261948772769672 0.0278297964253819 -0.636991478168688 -0.549792785343916
-0.00173585181200019 0.0124325002483625 -0.838761143753755 0.339921272526164
-0.00229948184133168 -0.0140114570021702 0.0160283444552549 0.715117968723672
-0.0237181610528672 -0.0193271434133076 0.444924704041085 0.234559656550662
-0.0230909892366444 -0.0131529716770129 0.301866724796184 -0.142072635675523
0.00232449259409774 -0.00973923767517644 -0.00852582939558549 -0.229200361718326
-0.0110156984704201 0.000876551255335525 -0.0113410129453555 0.165318436697681
-0.0248480985876538 0.00301080904220735 -0.22036947740438 0.0757361709407373
-0.0354273595189866 -0.0169915474687926 -0.381094891028514 -0.207462921508272
-0.0187096264762807 -0.0315799025318923 -0.0378051197803355 -0.597265306899428
-0.0139079794751615 -0.00782437863436192 0.684454926951358 -0.324414132045925
-0.015736712740132 0.00246424187185905 0.656641234410824 0.454595847248913
-0.0258910315733724 -0.0147875529399192 0.0506903487063442 0.573657752978895
-0.0126852870024206 -0.0377715214763432 0.0529171226489888 0.050228090772498
-0.0311156931662481 -0.024027891607822 0.0258278815567598 -0.495892518134128
-0.0257194685349457 0.0287739941990542 -0.708164445273249 -0.452345427551155
-0.00123591324739053 0.0104473141374512 -0.765309143843531 0.453998960559272
9.90868896222352E-05 -0.0132154334718211 0.126854105122313 0.691921208999338
-0.021244995622308 -0.0135246506396222 0.473918583520723 0.17423156141384
-0.0210319647526105 -0.00991356597458924 0.293024718695236 -0.173203065081299
0.00296202154630666 -0.00883073552851795 -0.0136067780923038 -0.238528864599465
-0.0113144813973513 0.00159915199971225 -0.0115041836064928 0.155728301801871
-0.0205406353374733 0.00475882411543332 -0.219997434191614 0.0553990301057907
-0.0266290883239818 -0.0144472199696967 -0.349360573653913 -0.253531572526394
-0.0109562964352201 -0.0293853297840948 0.0489991838275117 -0.603147994244908
-0.0126244548046405 -0.0102432342112072 0.737221872250887 -0.228921768390892
-0.0143168016234929 -0.00121856370538025 0.59707981003039 0.542908276131765
-0.0245493610252268 -0.0154904467187831 -0.00204533687251905 0.578036725532001
-0.0121996114354994 -0.0332257883580393 0.0510967676796746 0.0347947567602292
-0.0304884843622655 -0.018090112803675 -0.0231830981187152 -0.500488326609147
-0.0213117070286521 0.028097375101314 -0.756252350057764 -0.355744981148133
-0.00049371858812835 0.00766246250413965 -0.686071768267819 0.544746364735671
0.00510108476954487 -0.00928590811397209 0.218472728444925 0.657032338336625
-0.0120602818337331 -0.00471267918612882 0.49201761434333 0.113900942893071
-0.0155652835130836 -0.00533586825232577 0.280954438613344 -0.200472247898142
0.00237941358375564 -0.00652752672255881 -0.0181615473885007 -0.248889939939318
-0.0101466296353302 0.00325664877432984 -0.0136280003370193 0.15040336228931
-0.0129184045376363 0.00820324026882221 -0.219439523286542 0.0405961015379198
-0.0160521192996719 -0.00784953220956428 -0.322284143382942 -0.284743307556186
-0.00322130189580329 -0.0227276696953782 0.117521223045147 -0.599514221185156
-0.00994793260520355 -0.0129875377818957 0.76881159791665 -0.149748831853867
-0.00699908846301275 -0.0029637429605215 0.541100735304488 0.607612665173448
-0.0191597003950603 -0.0107450257544874 -0.0420539843716463 0.572604806494799
-0.0119754607556607 -0.0234734909308661 0.0500666158551378 0.020809272922666
-0.0245275063735912 -0.0108135568734211 -0.0632115698752762 -0.503125418330058
-0.0142174574076612 0.0251678477226279 -0.785459291938117 -0.281473836587395
0.00127013119438398 0.0064780666222315 -0.621363144676629 0.601670729462284
0.0134866059307385 -0.00424989926194777 0.28600758618557 0.623228672772165
5.61979775992368E-05 0.00369132383987657 0.504211010435755 0.0701173173585823
-0.00668810561269315 -0.0024779964935035 0.27025871308941 -0.219158792042985
0.00285645926412339 -0.00523017921051514 -0.0235939803969038 -0.25560825495437
-0.00639162819008023 0.00546205507289643 -0.014991070117141 0.148965738130563
-0.00308334129503565 0.0125953273741332 -0.218932731362121 0.0345257728141508
-0.00465145275334953 0.00406188113166239 -0.307961461935768 -0.30147323137177
0.00167492217276635 -0.0131966387181241 0.15441307796346 -0.599398238077331
-0.00749674435362359 -0.0143242228450603 0.783193561364979 -0.109084981411462
0.00133435145547321 -0.00268930179030504 0.509376489361513 0.63711015072555
-0.0151724524609821 -0.000403885022700109 -0.0626086842079481 0.568887776695951
-0.0118528325184747 -0.0104176338309617 0.0480137264427413 0.0127892758737365
-0.0151163494755968 -0.00348781966038215 -0.084489482746951 -0.504058927406404
-0.00495181501684454 0.0198997553445441 -0.797575031179813 -0.243260539406762
0.00308353824772028 0.00596294472244657 -0.587151394780733 0.627397026620341
0.0242266403324164 0.00283676623842109 0.317941422316931 0.603834000590003
0.0159671840620064 0.0102081429815166 0.505949507366785 0.048327879970762
0.00478203671297014 -0.000728889719299443 0.263308274483348 -0.226415498307555
0.00336213445961688 -0.00519920064637984 -0.0259068252544479 -0.257512963895336
-0.00424550904518852 0.00821084236927493 -0.017678325696353 0.150656517290107
0.00704455029781716 0.0170202799352822 -0.221558354269665 0.036713790937575
0.00615212796931033 0.0170971240585132 -0.310450818657097 -0.300698608110095
0.00351521533237328 -0.0036395055443113 0.15201282188891 -0.600859749345781
-0.00275371974676165 -0.0156461568326399 0.78129154293798 -0.118957940779434
0.0126773526775606 -0.000922682517819571 0.512972571633072 0.627040229247696
-0.0104307294540315 0.0129335039599435 -0.0596428860232021 0.566590746288113
-0.0122024922679382 0.00562919321940686 0.046372710850565 0.0109766967030756
-0.0037495434459545 0.00425515980230645 -0.0835080622392565 -0.506104143753741
0.0043233817965654 0.0147208318841828 -0.796190656140454 -0.248581305822856
0.00663789778035058 0.00529924054947654 -0.590567011038966 0.622952464331142
0.0341520164059259 0.00896495640622659 0.314307264245572 0.601531200377714
0.030588076903963 0.0170322217459718 0.50735351562764 0.0520523529313114
0.0158353147451082 0.00104468525960759 0.265381949019665 -0.222395445305291
0.00400249627366087 -0.00531896910037727 -0.0265095847611006 -0.256267183941164
-0.00201837391862293 0.0111195599584985 -0.0198007697421519 0.155714301172209
0.0167350290145382 0.021544501505314 -0.226271086827297 0.0457947809745111
0.01466537799816 0.0277042144935786 -0.329705374469048 -0.284242525981899
0.00587801071735876 0.00568571703263568 0.111738160344968 -0.60999368608951
-0.000667847765605623 -0.0154708406881327 0.766430973479899 -0.174221058515049
0.0220680417884311 1.83663095365549E-05 0.548039939277922 0.586677387075027
-0.0048727807492259 0.0262957758973537 -0.0311655665836465 0.565221903291541
-0.0125336011327721 0.0197400647343177 0.0463650946315308 0.0173142683533333
0.005580779563731 0.0113898109915065 -0.0634112947949579 -0.508160202530937
0.0142625614869147 0.0108092401097323 -0.784786987985394 -0.300237766276509
0.00924352028050589 0.00639290363650518 -0.633603086695119 0.587563807311724
0.0404941669915761 0.0177355505337479 0.273658757983298 0.625342195352533
0.0439996332381342 0.0234990279078098 0.505494739399606 0.0826394787984817
0.0256486434567251 0.00194640512276865 0.271856401484067 -0.206904307875385
0.00459528965205776 -0.00517749275233574 -0.0230889360301323 -0.249286432943268
-0.00814267500957972 0.00319843599899176 -0.00733282606767576 0.186786854066851
-0.0195100956863716 0.0046387531457382 -0.213419061506188 0.123728182017815
-0.0363483283417488 -0.00959990658725266 -0.42505486565186 -0.0978026859345821
-0.0297698381107701 -0.0233960913914033 -0.215514171253199 -0.541191431383629
-0.0138366426426962 -0.00319828429695647 0.528550604237058 -0.492697697238154
-0.00674500952871125 0.00642207148698315 0.732673992587553 0.240134534831348
-0.0226496618427211 -0.00078348902485131 0.164268651580256 0.542131504661426
-0.0133793090825401 -0.0290187380625494 0.0547317872655504 0.0809288703365843
-0.0210890415972124 -0.0233511989889505 0.124881798461817 -0.46952198783646
-0.0222868111319722 0.0250080737429335 -0.558247863171635 -0.627845420367978
-0.000747917353558149 0.0147293995838736 -0.879830609342961 0.224947676539813
-0.00153655384290041 -0.0107901401729115 -0.0835120402801876 0.712198865528585
-0.0197474479605752 -0.0198469836878231 0.406076196532038 0.285425683409592
-0.0206441772384912 -0.0148564912182368 0.303445956625069 -0.112399405976879
0.00285362730662343 -0.0108011948142051 -0.00566455181154598 -0.2193006078545
-0.0105680358852229 0.00226266345153781 -0.0092244034739998 0.174468057898676
-0.0243717119609738 0.00380602928404911 -0.217615830087008 0.100989674125366
-0.0387245013429379 -0.0143187092292049 -0.405595546570321 -0.149145678108669
-0.0261159922044578 -0.0277985065604952 -0.133584668091214 -0.570536387200283
-0.0138085471661506 -0.00527131645844139 0.605165724115836 -0.41930002995037
-0.0129231127143608 0.00531343565775887 0.703382447483695 0.339515269805618
-0.0267516944387995 -0.00870192721886395 0.110917950610229 0.555612421268681
-0.0130392655480934 -0.036582126905624 0.054277571399164 0.0649788915000508
-0.0273604977618713 -0.0249590342067148 0.0754760171705429 -0.481698957407864
-0.0256217009700269 0.0274267796805649 -0.634643367982779 -0.538979228192738
-0.00115707824551085 0.011877353495461 -0.825879488079695 0.345170950097487
-0.0014660673307581 -0.0143385312105263 0.0236453434103001 0.705713081125725
-0.0225804237513892 -0.0193063588901205 0.441110502092337 0.226493920906452
-0.0235324828892956 -0.0125486378003609 0.296975079969842 -0.143466456367376
0.00226477924070534 -0.00950151437653222 -0.0104778385190074 -0.226718527907339
-0.012016938781944 0.0025501725205479 -0.00989220408175754 0.164177475134104
-0.0241228745450034 0.00401488028407028 -0.218087105910741 0.0775739197793826
-0.0339616934818828 -0.0163424791627156 -0.378964052678592 -0.201050073005373
-0.0191633195172034 -0.0302585653203073 -0.0443678258166882 -0.591486965032299
-0.0130915638023142 -0.00743583659492902 0.674897658431583 -0.328556923731663
-0.0159957005000477 0.00262452581624547 0.65210889216749 0.443167736587133
-0.0264651019817807 -0.0151132676865751 0.0540462078353588 0.566889904767276
-0.012735436510505 -0.0372232603372426 0.053019559305978 0.0491185902722014
-0.0298659960094074 -0.0236612354731727 0.0228192801579281 -0.490076294171504
-0.0252711459687868 0.0289127927035655 -0.703244510971743 -0.439190019334377
-0.00127767700196835 0.00958553668423738 -0.752722425444925 0.456754603384327
-0.00055693328962598 -0.0133551771530263 0.131146195853984 0.68177735047931
-0.0211805498638818 -0.0134214597233529 0.469503628540599 0.166885276485419
-0.0205369385479268 -0.00971125130376103 0.288427378150731 -0.175523643560916
0.0023666034066776 -0.00780874641376486 -0.0147018536181042 -0.237382726633801
-0.0103742246168116 0.00156193865212339 -0.0116666808657285 0.155352875368014
-0.0205287596075847 0.00441003878323393 -0.217775932005593 0.0581154515277646
-0.0258784776241412 -0.0154305481872922 -0.348814826081648 -0.246400909563559
-0.0103556566097715 -0.0289765681201625 0.0421672271338831 -0.596838818073668
-0.0124439304978396 -0.0104808197142944 0.727872272669849 -0.23308272411274
-0.013406248396772 -0.00109492516322748 0.594029314058355 0.530247231583781
-0.0238189665216735 -0.0163123913928774 0.00300532769128393 0.569625236484857
-0.012992274969529 -0.0331153737007281 0.0500601943850979 0.0334705705497838
-0.0303165226323671 -0.0177332855925948 -0.0269031755684238 -0.49522451828619
-0.0201408864931501 0.0279040047405312 -0.75294286674229 -0.343307568410412
-0.000873891319569933 0.00797090384627929 -0.674420558223923 0.545021468587656
0.00521736078066576 -0.00943521987615841 0.224271922372243 0.648424499158617
-0.0125849067782488 -0.00513441135793414 0.488780018543578 0.107451315551075
-0.0151277824902098 -0.0056848283153898 0.275767139956315 -0.202076561917701
0.00250776648599493 -0.00712030429665252 -0.0204776695225271 -0.246444655212996
-0.00952423521957856 0.00336219174973139 -0.0125108035548568 0.150652456056934
-0.0120955023088027 0.00782575463731269 -0.216585308378768 0.0429724241458584
-0.0151006852799832 -0.00737527134681362 -0.321350162045759 -0.278747332510944
-0.00376606487676888 -0.021785009469323 0.111629710710813 -0.59502254285669
-0.00990876458291282 -0.0128867246424537 0.75967237132738 -0.156924941161558
-0.00737862687993572 -0.00372309228314389 0.541006695231536 0.595795510882105
-0.0204687774624038 -0.0105484538152781 -0.0384922287918496 0.566913029069395
-0.0124214587384552 -0.0240806457613338 0.0491620928866852 0.0195568855400469
-0.0248042144575778 -0.011352499922377 -0.0668593343941664 -0.496709852197363
-0.01335064287002 0.0250932767442284 -0.778538695202031 -0.27071948016543
0.00127374311645249 0.0069354279235558 -0.610028646825845 0.602331239629839
0.0144484178800499 -0.00444519079012674 0.290682797317295 0.612601045501736
0.000970452927996522 0.00250142091129833 0.499263458462945 0.0628476874366623
-0.0057967582954459 -0.00234663163223192 0.26462189088887 -0.219275977529663
0.00279576146698312 -0.00625856086402614 -0.0259092279065911 -0.253262157915397
-0.00726312201515861 0.00685727805330469 -0.0141384914422581 0.147673288634768
-0.00327668047916634 0.0126013965151716 -0.216885273877489 0.037218470386606
-0.00383023240502005 0.00477720993515756 -0.30915051383855 -0.294785519283756
0.00140547204137298 -0.0132000642070555 0.146644820509728 -0.594796131896322
-0.0071291344179386 -0.0146827035798026 0.772957006722771 -0.118225726663592
0.00199475215848686 -0.00264647608987179 0.510139676902426 0.625099512652728
-0.0153118407474229 -0.000712353366382243 -0.0555860279452444 0.563199829602596
-0.0119075190635969 -0.0102336167411695 0.0472156036611504 0.0117013857048462
-0.0152390277186882 -0.00428174473121941 -0.0864578912935645 -0.497544200995053
-0.00500810390936699 0.0197408783234363 -0.791819223703247 -0.235336015505599
0.00410702471769134 0.0059506648413884 -0.574482045051491 0.626722025966548
0.0243464755419117 0.00172860746670383 0.320747769262827 0.593600737400246
0.016864754316184 0.0101725512126427 0.501621457846981 0.0417791135681013
0.00437484060753283 -0.000825315979670591 0.259241925025141 -0.227146458432343
0.00219652168244271 -0.00576828140900336 -0.0272036198599713 -0.255703666739107
-0.00423437884050229 0.00907433642291151 -0.0153394473910718 0.150533822532359
0.00727994416035843 0.0170331154348702 -0.220135458072807 0.0387165829700924
0.0057018241889146 0.0158969758265638 -0.311061499311764 -0.293563390753946
0.0049755125459454 -0.00427169109017233 0.145553840988467 -0.597493411700051
-0.00351765765132577 -0.0150104825316768 0.772514098903127 -0.125160873357757
0.0123059388695485 -0.00166382081761814 0.512329143042284 0.615038390551238
-0.0105027453277801 0.0132989078996577 -0.0539843484337568 0.559604186817867
-0.0114178777997505 0.00580225696961473 0.0467403981509492 0.0103428716305917
-0.00442716347373331 0.0035911369062527 -0.0875023816824609 -0.49937493671042
0.0051756866953297 0.0156197511928962 -0.791574388807308 -0.240398180010104
0.007332320825333 0.00640027753670486 -0.57858173913063 0.622314291584335
0.0342671735054501 0.00840869630444109 0.31547980930203 0.593486343609865
0.0310703594324732 0.0161601080378358 0.503525843159148 0.0467621724005041
0.0157234712915724 0.000970901106564926 0.259821544990707 -0.223824047762348
0.00319817452667725 -0.00502953377649484 -0.0279440870731043 -0.254458959001672
-0.00184554203417938 0.0102958573221578 -0.0172576208612637 0.154851891243322
0.0175715539547511 0.0218534071528437 -0.223730724111798 0.0477026043144787
0.0151699552175632 0.0278341031945557 -0.330569403255917 -0.278242005711703
0.00596100714121117 0.00481247782310775 0.10412407485802 -0.604751962666382
-0.000662580131031773 -0.0145171355743719 0.756363221911251 -0.179955100609001
0.0227961451476603 -0.000848221635853819 0.547659204454776 0.574063626050816
-0.00493444473747099 0.0256168283588781 -0.0291559001687453 0.558325156325023
-0.0116613643447842 0.0196316933908601 0.0456439034381166 0.0173141600224868
0.0066340798374736 0.0112880844607939 -0.0673741598682917 -0.503721219390507
0.014643729023309 0.0101936261143871 -0.778978712392614 -0.289369022609157
0.00903315515977546 0.00693797133111372 -0.621445163166998 0.589222362025081
0.0402330132869218 0.0167072456312527 0.276953073524802 0.614216691239102
0.0440088864261753 0.0228900516323492 0.500006617701469 0.0759723455326872
0.0260710461038667 0.00190279174250583 0.267086192949132 -0.208949160332729
0.00415154957943444 -0.00426080148619111 -0.0258053272671733 -0.247921591880415
-0.00885300945557552 0.00366280150710954 -0.00586354275971995 0.184461550060509
-0.0185406299418765 0.00432860168028323 -0.211183096364404 0.124144953765811
-0.036440339947582 -0.00968507563352409 -0.420630113657655 -0.0928286847787338
-0.0295419137261895 -0.0224812651919045 -0.217020678863948 -0.532305574288816
-0.0137362142368225 -0.00314819143080932 0.5190606226333 -0.492480878348154
-0.00729869655092468 0.00635590544670518 0.725116227141702 0.232792013655022
-0.0223628832051946 0.00027808814568623 0.165215256091604 0.53323720753056
-0.0133025470856624 -0.0295378249009572 0.0542171665299314 0.0796206912766907
-0.0212490660614503 -0.0226874134350434 0.119045112832923 -0.465652505390533
-0.0216220667904798 0.0249555222758472 -0.554332564795282 -0.616888141923298
-0.000165371928701792 0.0150695183176058 -0.869235451242771 0.229401683156404
-0.00142936982906546 -0.0103484512477391 -0.0785988148986307 0.705980125964115
-0.0192245279271802 -0.0196475237524172 0.403879872227486 0.278277083740827
-0.0200857978109884 -0.0142859395284414 0.298562911060538 -0.115326954048597
0.00197788736110676 -0.0105680507977443 -0.00743443561224069 -0.215575499763951
-0.00965070551702415 0.00246671238398491 -0.00747152114650983 0.173789145269401
-0.0237805377376232 0.00423750868114847 -0.214493643979197 0.102031913246177
-0.0375049900320902 -0.0147729119719347 -0.401742424937126 -0.144516254875482
-0.0261382089518027 -0.0278731595803722 -0.137645448741298 -0.5624293836836
-0.0142037555716844 -0.00447544652567906 0.595362768887932 -0.421290410934257
-0.0127757694805218 0.00484664923097924 0.694787497894084 0.330916354779857
-0.0266288135272518 -0.00861204588363259 0.113006552675715 0.550100242554891
-0.012009886381456 -0.0357645195990226 0.0527097188044045 0.0643406967610849
-0.0271756335599745 -0.0247516379277406 0.0719992468823375 -0.476474116504528
-0.0251049342382862 0.0270880376596687 -0.632596405307963 -0.527391789004272
-0.00148140564966991 0.012177056304426 -0.81348002837908 0.34815838718285
-0.00155874230521902 -0.0139101539117319 0.0270728520587944 0.699214423435651
-0.0224945390249116 -0.0194932437621171 0.438919989598458 0.221941431832606
-0.0231185899659281 -0.012546459961287 0.292592496767718 -0.144990839308175
0.0027719922918737 -0.00970341501691918 -0.011948196144959 -0.224654376821985
-0.0108573781688126 0.002498994715407 -0.00947382487540249 0.162736498958074
-0.0235401002004428 0.00380605816284219 -0.216499040192575 0.0790274316175454
-0.0335264764705133 -0.0155499987108726 -0.375656972296123 -0.196119857125042
-0.0191622034811301 -0.0300507077964136 -0.0475672144812947 -0.584235966728005
-0.0131626714620016 -0.00646195511948422 0.665986525160595 -0.331531982399361
-0.0153637021994878 0.00230295627176911 0.649453016400422 0.433898925858761
-0.0270309977899326 -0.0144358583772779 0.057875431336636 0.558608783691783
-0.0123903271865643 -0.0365099162123827 0.0522238329844275 0.0488868903140226
-0.0302189731600415 -0.0243445955241275 0.0190028595824995 -0.485855376703277
-0.0248365998166291 0.0285232591842392 -0.697663899901347 -0.429860484762019
-0.0016692385553039 0.0092102550405685 -0.738813322026016 0.458424991612867
-0.000394659643170828 -0.0135561546228344 0.133868502756678 0.673716344542161
-0.0193203603757361 -0.0132068613207609 0.466268803257395 0.162108711455152
-0.0216835404424229 -0.00870148450438474 0.283753101378147 -0.175433890240787
0.00212545296255862 -0.00869447838172779 -0.0164787017704444 -0.235582247361844
-0.0107443262956855 0.00270940389029699 -0.0107178182126329 0.15460354267282
-0.019312615974358 0.00419728157651093 -0.216288504736651 0.0604973257958596
-0.0254113430935403 -0.0149046222809049 -0.346579736938144 -0.239451949578315
-0.0100738570248276 -0.0280150570371913 0.0385271028258449 -0.590736212590324
-0.0127019889584529 -0.00989666988851493 0.718570261555774 -0.235491107363919
-0.0136551845201406 -0.00146816036612426 0.591488999518822 0.521667759748277
-0.0245154682183589 -0.0157020050776221 0.00549138691543901 0.561495246669144
-0.0127136643133893 -0.0340722509529235 0.0495918491938616 0.032729050254444
-0.0304980891062812 -0.0183430459477871 -0.0304366174097153 -0.488496319922436
-0.0197167900325891 0.0271271712885999 -0.743147189455586 -0.335590397090949
0.000333779078929348 0.00783072751519398 -0.661408655282477 0.546049527388191
0.00551450861284027 -0.00968702889992948 0.226983780733699 0.639544566474291
-0.011436074410972 -0.00561960760835353 0.482705963544085 0.10149092441798
-0.014551538079655 -0.0059053415284211 0.271787523863703 -0.203068987713139
0.00147159297372447 -0.00642719613684062 -0.0209705848746599 -0.244493801188964
-0.00911826257499301 0.00480767695349441 -0.0122852383280769 0.149468651566453
-0.0125248838164182 0.00692357232195094 -0.213738968683042 0.0453416111864462
-0.0147693037629586 -0.00753766536638934 -0.320525189326587 -0.272239565657406
-0.00327567479833744 -0.0218655138778704 0.106320804016648 -0.591029345808897
-0.0103085754686265 -0.0115987067276034 0.751177687535774 -0.160595745177941
-0.00676114357677805 -0.00411491932413887 0.539043811845292 0.584078227803807
-0.0195714177303813 -0.010651288413331 -0.032321883119335 0.560876348138566
-0.0124771658017044 -0.024044691718697 0.0484436760282667 0.0197197832532452
-0.0240027538439638 -0.011252964292174 -0.0688884308344982 -0.48951759698643
-0.0125622465920172 0.0243624223929015 -0.770159757905683 -0.261865787469031
0.00192111343768905 0.00634871828004252 -0.598220860608953 0.599894787048061
0.014106230823594 -0.00536552170395397 0.292308338789282 0.60428712035457
0.000956729377516834 0.00257507594627082 0.492560288435882 0.0563658966535857
-0.00636476214528074 -0.00279637282811832 0.259864120317828 -0.22059668685128
0.00237370707472482 -0.00588796427143115 -0.0268379438114773 -0.25141504328375
-0.00707723425420065 0.00666801474477589 -0.0134452870187205 0.147562442198291
-0.00291254499410049 0.0121595498364027 -0.214354703622966 0.0397494272902048
-0.00345913526793924 0.00399032481373975 -0.307435759523538 -0.289541049220974
0.00195820254472697 -0.0123471861517819 0.14044631202543 -0.588628349569813
-0.00698761946807758 -0.0144475281890727 0.76265656050655 -0.121356385037936
0.00173694621416113 -0.00358543010146442 0.508037322861389 0.611570306246603
-0.0147098156765786 -9.46087904631597E-05 -0.052668180814449 0.556650480206418
-0.0128173594478218 -0.00948337152554492 0.0469042917305397 0.0108440256493123
-0.0148294258658458 -0.00427971617099308 -0.0891319327329938 -0.490497540958918
-0.00481778152665438 0.0199905745766373 -0.782615521749396 -0.226053134444474
0.00437706985647516 0.00595725889667425 -0.563072370771946 0.625790827384199
0.0248744179949656 0.00137774762914659 0.321261267110134 0.584248687848682
0.0156437174116241 0.00960312192504899 0.496715656286077 0.0363554258598336
0.00394947075438632 -0.000952126130363087 0.254131874077655 -0.226818866007668
0.00170833792272776 -0.00506043901695519 -0.0295523314249678 -0.253183765051797
-0.00342583034305374 0.00900494609015744 -0.0157156564501506 0.149399681068666
0.00715279208412931 0.0168652326779256 -0.217179668553709 0.0414863196123292
0.00663439434849967 0.0150692017695205 -0.309551948832365 -0.288805910188761
0.00396690030943915 -0.00341312205443256 0.139555006874861 -0.593464929578229
-0.00480634439278303 -0.0152017292197745 0.762791554860927 -0.130040339851719
0.0135116734088081 -0.00221324514076233 0.509898753274465 0.604065115903039
-0.0100091221046849 0.0134830191796643 -0.0494680770791602 0.55346412152019
-0.0122367259601266 0.00523470786061643 0.0449056906260239 0.0109919468268582
-0.00451787178603555 0.00332141740648743 -0.0887309502596899 -0.492383826692364
0.00570536750408866 0.0140047679702698 -0.783766180540824 -0.23224742357238
0.00766221928281968 0.00632257662857322 -0.566125391577888 0.619824106546308
0.0335806679298239 0.00828340172871175 0.31802988441788 0.583468930763286
0.0310543569783179 0.0157616597491219 0.49704121863298 0.0395959960628976
0.0152967334505619 -0.000277824293510334 0.254972414922811 -0.223484789262794
0.0034874485046892 -0.00492619703001804 -0.030065943357977 -0.251029301717683
-0.00155186043073969 0.0108786476156369 -0.0167931939994192 0.155114149630548
0.0170620704565707 0.0211316552830065 -0.220934595522081 0.0488572658571132
0.0163312441030279 0.02543535600433 -0.329137340343997 -0.272326619491852
0.00639051085941079 0.00555791281489724 0.0983183419325618 -0.599394637866207
-0.00118669564968941 -0.0138788900961663 0.747905390401699 -0.183468434868198
0.0227246518222146 -0.00134275377395426 0.544756721738407 0.562787590875478
-0.00425112805190188 0.025016156687113 -0.024044195098538 0.552606444619819
-0.0116226848659989 0.019053306156084 0.0448339029178136 0.0164196359020516
0.00601091295072925 0.0113750343162841 -0.0695688705780487 -0.497859014301429
0.0164432481041379 0.00929082208416179 -0.771742501635947 -0.281609333104317
0.00869239058077108 0.00639912468178999 -0.609183344676179 0.586416482301939
0.0407855005676577 0.0157975932342196 0.278405700068886 0.602731301320499
0.0445573729755779 0.0223219077463745 0.495278388107972 0.0698241958059943
0.0249563945712268 0.00176415674270209 0.262547993718633 -0.208084122059283
0.00398281888677439 -0.0040791519333695 -0.0265137726773833 -0.245045315113106
-0.00870923191409176 0.00283379274714009 -0.0299392928551385 0.177419505018535
-0.0183086575369382 0.00132771631940478 -0.220536196875523 0.0961689782755317
-0.0315922914961211 -0.0149271462757587 -0.395495400614782 -0.14393231203299
-0.0220298327827679 -0.0275369146972846 -0.13782261939214 -0.536930037068111
-0.0112927382244624 -0.00248895289590691 0.560511048108804 -0.407311296684532
-0.0154363545217894 0.00466997452673478 0.67414265744518 0.316254710633868
-0.0206252055119977 -0.00633016598318325 0.0933182481549306 0.54010254350408
-0.00877822605192892 -0.0310230460905141 0.0416357842431431 0.0850439622039873
-0.0201173348144373 -0.0247179977586076 0.18011802607295 -0.441938723102197
-0.02435739990834 0.0257516202188062 -0.462917038096636 -0.681262732653421
0.00345635386018682 0.0174884766528706 -0.891631839229932 0.111139027560631
0.00569403727315825 -0.0203887468133411 -0.16913412188259 0.695106168541131
-0.0171454647963981 -0.0294219715052501 0.365642670501822 0.33156693161828
-0.0210546422363556 -0.0174829008544619 0.31315075359507 -0.0765580413615935
0.0028433879027937 -0.00879591520974397 0.0220609835502914 -0.219263148716669
-0.00929440752556646 0.00137144457451136 -0.0305005991009452 0.165667687587101
-0.0229748487059632 -0.000217768793982962 -0.222213417560787 0.0739204875667059
-0.0325830821503213 -0.0194441259119604 -0.371150922740036 -0.190944615721547
-0.0177249389364134 -0.0313175216596607 -0.0586162832531921 -0.553980521559469
-0.0119747406658065 -0.00461412397327063 0.624085303033442 -0.329017371720331
-0.021207986359238 0.00234700361277899 0.633183914130353 0.407667112955094
-0.0229472400702823 -0.0138664312149082 0.0420414889103672 0.547949943019547
-0.00833332255778277 -0.0373616452512426 0.0426774983490949 0.0703580033493989
-0.026129509437977 -0.0270611235091757 0.136355912638371 -0.461864097097144
-0.0274412532875492 0.0266745594791936 -0.550853383910277 -0.604644473656617
0.00412015768653202 0.0135414088564047 -0.854865795361345 0.23600317510659
0.00418339931694006 -0.0243349843757845 -0.0639932078539704 0.7011683032411
-0.0217314063918996 -0.0296602662929972 0.407988373943747 0.280000404649837
-0.0230938970151177 -0.0164722927571461 0.311603260406499 -0.106817701511121
0.00214755884216051 -0.00751318321565559 0.0183851029308642 -0.229604822763028
-0.0112298185043153 0.000189971014604514 -0.0295470647332872 0.155532121719458
-0.0227931036726725 -0.000484438167952223 -0.221014663600419 0.0507506558103963
-0.0281342970677347 -0.0212143328324319 -0.338941135347058 -0.238005999451723
-0.00985087591350194 -0.0325326985878601 0.0288720821426198 -0.563113571237591
-0.0115613273372464 -0.00573929242113264 0.68217326945282 -0.233082566930086
-0.0229007234069058 -0.00279249080853424 0.574117704727832 0.501382030143384
-0.0225770917616049 -0.0189953703384414 -0.0129567557351262 0.551543760174068
-0.00728683477892249 -0.0384530390645565 0.0435197268375766 0.0548593965419209
-0.0294874250389401 -0.0253613463548241 0.0841692455839573 -0.476616796499901
-0.0265346628906229 0.0279788097451551 -0.629909010605192 -0.51743868640484
0.00470655368995143 0.0107680335155582 -0.795864069639312 0.353746419876522
0.0040636005970595 -0.0231023936918493 0.0460313708253795 0.690712674313424
-0.0209222136634734 -0.0225334084307091 0.442139424280871 0.222798627279603
-0.0230500683312736 -0.0126655187343409 0.306536499508191 -0.140328511299255
0.00216282877988578 -0.00662277815957785 0.014006086961658 -0.239380857130419
-0.0101015748420061 0.001079489764032 -0.0303696143646834 0.14634243277765
-0.0198522494594059 0.00119625130423004 -0.218241299222288 0.0312668720496905
-0.0205542528416955 -0.0178161265372227 -0.304973304984164 -0.277761005695822
-0.00275129463922675 -0.0283498671447291 0.112111206316584 -0.558276976208446
-0.00994848592126531 -0.00855009427638486 0.72163595864877 -0.138153150033694
-0.0197716050917553 -0.00608020977330841 0.509136260636917 0.57980972142632
-0.018748334957433 -0.0200807683690711 -0.0642284136358308 0.547950052115196
-0.00719713741704995 -0.0345489771663816 0.0442988441965001 0.0382184524246175
-0.0291448787648428 -0.0207897197980709 0.0369251819256441 -0.486783096369753
-0.0211369732009167 0.0275271500167094 -0.689866158239158 -0.427224449404531
0.00606122426864649 0.00715116840205918 -0.728585856857459 0.452410023604665
0.00708056215170003 -0.0196157930336952 0.142391316936942 0.668057207524351
-0.0152362425396835 -0.0144663187559472 0.468537494634765 0.166897389151085
-0.0168575321215263 -0.00818272692218841 0.298501805793198 -0.167276823604038
0.000902462997213013 -0.00419059202190235 0.0108335994830919 -0.250719568592665
-0.00899350336643825 0.00351194800044976 -0.0310200638186253 0.142941394872421
-0.0134094005708599 0.00499290914945448 -0.214831911204874 0.0175589273877161
-0.01165829754959 -0.0100869452638491 -0.275187287887786 -0.304749076426184
0.00362340113013084 -0.0212595443139856 0.176253029111359 -0.548781930140365
-0.00820540189464052 -0.00983134601838561 0.740241145622931 -0.0612724027590247
-0.0133434570956352 -0.00850168432597472 0.448852014125056 0.634461282122022
-0.0157360933955719 -0.0145546137382778 -0.102387322074471 0.541692753209955
-0.00944966384479969 -0.0248919008203551 0.0433825033372101 0.0255605720286854
-0.0252739568213829 -0.0124574147528748 -0.00258514562916185 -0.492119805740486
-0.0132637911842208 0.0259779218960525 -0.725266351544975 -0.360714711450119
0.00711363775998242 0.00543958892297524 -0.67448449807808 0.514066305828622
0.0142514463357719 -0.0131991856813941 0.211891649494603 0.640630106777273
-0.00358639542635443 -0.00348605598024514 0.483869334733417 0.123437121125756
-0.00818183101922231 -0.00352533956429897 0.287715821110901 -0.185936590997333
0.00272387213245002 -0.00420774651286494 0.00589082248746456 -0.256455462009036
-0.0075358548782253 0.00579714171596384 -0.0318926531843938 0.141501735613348
-0.00498764270260057 0.0110316796043226 -0.214902273745252 0.0130308420415734
-0.0024711835251514 0.00286007518416127 -0.261431107463316 -0.317385706877599
0.0069840607384399 -0.0120392995134686 0.210423022067286 -0.543794497544864
-0.00475888393749175 -0.0115350071192307 0.749533131087645 -0.0217580087676383
-0.00453068201877815 -0.00775235378487878 0.416153560449791 0.657118914490061
-0.0128783217631007 -0.00389403361448494 -0.120816793524299 0.533943341085872
-0.0112234469871042 -0.011278028624334 0.0440636763363259 0.0183282265753965
-0.0167878570676998 -0.00427165735500548 -0.0214466908759652 -0.496655883339461
-0.00404604269299227 0.0218827658046203 -0.738841427926619 -0.32620113484721
0.0102060024611587 0.00511661099331796 -0.644302567513355 0.54507834567412
0.0232736024462868 -0.00520309090279762 0.24271054549847 0.6257022668501
0.0103762206538562 0.0046581227108001 0.48891065647295 0.103559594628177
0.00176841586590221 -0.000137089475172042 0.282893119241328 -0.194792587379784
0.00206867082532676 -0.0038624610639366 0.00345546614866527 -0.260720034429623
-0.00602931739244442 0.00773761030858171 -0.0345974343607441 0.142638703766044
0.00484311568332146 0.0171331232032373 -0.216356019119276 0.0144863992533366
0.00563208626660545 0.0159195129123541 -0.264195726354291 -0.316902658248578
0.00797084724739459 -0.00176487612603504 0.207342460621198 -0.545944956311461
-0.00181575973186348 -0.011479442764949 0.749653328820483 -0.028879267133734
0.00545797353151239 -0.00386743403780508 0.419248695158052 0.649165166232643
-0.00982433322261968 0.0109802490761567 -0.116978934007736 0.530864108806525
-0.0130056225088831 0.00303767497807717 0.0425300207696886 0.0169406904469463
-0.00682434759534404 0.00451719026216685 -0.0214736828633359 -0.497747954911172
0.00598687159555569 0.0172283541544944 -0.740132426972828 -0.332933887744612
0.013217490133079 0.0052587744351441 -0.644041136417447 0.537761100267235
0.0318881968171012 0.00268905159762058 0.239919328137586 0.62323144154248
0.0238840562406497 0.013326994286889 0.488208625675632 0.105964877236474
0.0124067644405872 0.00203770987949065 0.282173452055564 -0.190499970772372
0.00277893572520354 -0.00254696436536157 0.00410286533260883 -0.257826560803731
-0.00263259427552187 0.0110111524461646 -0.0371364192721827 0.147831231197218
0.0129107993034902 0.0232136457353972 -0.221642710992876 0.0239158145578308
0.0121456492278405 0.0270360996483835 -0.284176705127416 -0.301079677798166
0.00858402911873826 0.00616316538043677 0.168745720320687 -0.55968684973201
0.00102414906886761 -0.0116558500872261 0.742138875478525 -0.0834990029876042
0.0155860708504177 -0.00143040953518014 0.457809002537445 0.615430171431252
-0.00694788517820182 0.0242664453659512 -0.0919748961771609 0.532408056776334
-0.0137549733516081 0.0172248629756385 0.0417910178563119 0.0230135399458515
0.00184545562860158 0.0130069830153186 -0.000675778325846441 -0.499955841885136
0.0160697997906009 0.0150187111197171 -0.724871886729875 -0.379351786635321
0.0143421233112832 0.00662233821277822 -0.684085222344226 0.499378370199396
0.0373116224116813 0.0118352857086507 0.198592838147466 0.640756799273428
0.0361781898597654 0.0207620230518722 0.482660919827392 0.134939899017913
0.0221391691475795 0.00501196713229826 0.288526169283303 -0.175998621605655
0.00459838751283337 -0.00155569072033858 0.00544370641395604 -0.250755080763858
-0.00839015196979321 0.00262380115269937 -0.0295784702916732 0.175615282689898
-0.0192653305217722 0.00144503104263557 -0.219156757954676 0.0965289194026892
-0.030911768612753 -0.0153572030320189 -0.391601783451864 -0.140064790450926
-0.0218306923588253 -0.027120996814803 -0.137487185016968 -0.529152618247585
-0.0119587195141061 -0.00299539228799769 0.553111231948608 -0.401409072051021
-0.0157345191583377 0.00463529015743904 0.667827558843808 0.310377567646124
-0.0210725906653038 -0.00589368784528144 0.0929929976985171 0.532190851439345
-0.00908121790076933 -0.0303350102124389 0.0401041944363885 0.0838398842808279
-0.0202555927442639 -0.0255278368621962 0.177563565344442 -0.436065019899429
-0.0236507376892718 0.0245731851555721 -0.458034966471185 -0.671608969835168
0.00427914899973036 0.017387096645462 -0.881535136094342 0.111424447982261
0.00488150123869347 -0.0194709741501426 -0.165756144960286 0.686056683704026
-0.0173599250643539 -0.0297385134775606 0.361752576197378 0.328442578707511
-0.0208515075554635 -0.0174279024479416 0.309127324962198 -0.077305827993665
0.00171500171085594 -0.00915955258833016 0.0218296333098728 -0.217465609681229
-0.0101643457978043 0.00246096794735251 -0.0303876924910106 0.164835786168988
-0.0227266412115668 0.000303602996892527 -0.221088642664223 0.0734786025040761
-0.0323441713160604 -0.0194202340472543 -0.366611490390892 -0.187475967134188
-0.0170051128549145 -0.0308271318577449 -0.0582392261728789 -0.546845609966988
-0.0115319614573448 -0.00393235876421921 0.617766409534078 -0.325855258048575
-0.020540483689153 0.00122956688669368 0.628258162198116 0.402015284336274
-0.023260962406457 -0.0144502664586392 0.0409068424779038 0.540433116714795
-0.00725223789802253 -0.0372546258850535 0.0413805965792364 0.0700128753020016
-0.0261330681843321 -0.0272188562662463 0.133272658417546 -0.454555734541764
-0.0257325158866343 0.0259194019835972 -0.544641879277213 -0.596119634611636
0.00409566968012071 0.0134412955155188 -0.842754713159429 0.235392015713206
0.00424603468046401 -0.0240265947516682 -0.0630068079924433 0.693638182946251
-0.0211768938306977 -0.0291667453376534 0.403019635852597 0.276881220089811
-0.0235098037594564 -0.0153244937493506 0.308650688997701 -0.107181848712214
0.00216680644434277 -0.00796554642561985 0.0183280984992509 -0.227133880648659
-0.0106701338056301 0.00104706170317878 -0.0304728450184251 0.154791701507501
-0.0231361752362978 0.000292989490043859 -0.218822975163594 0.0508379948113444
-0.0279261549223068 -0.0206762613116413 -0.334610551642634 -0.233745226251239
-0.00966418340618409 -0.0314861055147334 0.0273680209318989 -0.556829356633791
-0.0113542026092125 -0.00588328667134161 0.673978219291466 -0.232748120506431
-0.022225833814048 -0.00194375369182972 0.570288272137283 0.49362801065554
-0.022449970552497 -0.0195101984780739 -0.012292783604987 0.544330221959996
-0.00787757069431984 -0.038279210961525 0.0418964986715102 0.0536312795773757
-0.0288847155784231 -0.0255330835269203 0.0842191657238351 -0.471322575323273
-0.0258344816671028 0.0267499416823834 -0.621450918551771 -0.50731537511927
0.00433632007357768 0.0105087810911871 -0.784850974868525 0.353009788542794
0.0039163809647331 -0.0231095692780402 0.0492205267433836 0.683758373207781
-0.020940364404422 -0.0234998618465066 0.438732227119786 0.219113140647133
-0.0224469723186726 -0.0129388425243169 0.302476752789178 -0.139012402513504
0.00207117689903132 -0.00585050590956797 0.0147811377313156 -0.237502480388358
-0.0103215637645356 0.00176947963749174 -0.0303593489020637 0.147354859866968
-0.0193715935321539 0.00159986522910855 -0.216360293510939 0.0325845387095626
-0.0198027357669857 -0.0183953638192292 -0.301278192875932 -0.274434011058943
-0.00262770266601861 -0.0280268020140026 0.110449644137939 -0.55304993179989
-0.0105800612443211 -0.00785479641019496 0.712384067520404 -0.137607255527613
-0.0192802942633625 -0.00675701150257691 0.503271221724743 0.572856934686868
-0.0192886717556124 -0.0198475677625459 -0.0643003678499602 0.540002969456153
-0.0086597538040247 -0.0341368330379246 0.0429810774058353 0.0385095992468678
-0.0283972612391553 -0.0202213629927086 0.0360466747956395 -0.482103254993213
-0.0199534533882421 0.0271498046878874 -0.680731954888433 -0.423402949989399
0.00573266123589192 0.00723172244842529 -0.719968703943323 0.4487520304099
0.00786596908796081 -0.0191145521368891 0.141913245371905 0.658948065992235
-0.013920315459544 -0.0136523452622388 0.464617638544031 0.162440191637091
-0.017275767261323 -0.00774073033448791 0.294195226856069 -0.167548078647179
0.0019074115796879 -0.00489744088939979 0.00989707956325751 -0.247361017351859
-0.00869696173549215 0.00328470364635647 -0.031451737123842 0.141510681472603
-0.0128396736323708 0.00543202168084792 -0.212567473304755 0.0198947151818309
-0.0111220730800837 -0.00919926286476435 -0.273292276478761 -0.299450551281972
0.00325516252397741 -0.0207599734631652 0.172450638813248 -0.542810145060858
-0.00809614021360551 -0.00999432163399049 0.733695295170039 -0.0612332467734943
-0.0141440979433324 -0.00869813205101445 0.443442876851651 0.626067016219591
-0.0154667707414485 -0.014269499023671 -0.100877265529444 0.53301905434592
-0.00873816780518155 -0.024770894405218 0.0429932751045336 0.0253715437130636
-0.0239657518691753 -0.0129448479870951 -0.00169153298400535 -0.486380027005044
-0.0126483880109489 0.0247466961930281 -0.714893746286255 -0.355740312007468
0.0076970016094758 0.00602514182430996 -0.663535809354032 0.510761822955297
0.0146458681003354 -0.0130033563625185 0.210553631150594 0.632619445030313
-0.00293520391220543 -0.00519115204944308 0.478606481376514 0.120326817722232
-0.00852704639656419 -0.00306662084958324 0.284480208693563 -0.186557495145667
0.000921960671179396 -0.00374953914330901 0.00636154982446767 -0.255116126870236
-0.00731184754278299 0.00501599021209408 -0.0333843198402431 0.140619623853439
-0.00445652973242467 0.0115903872098023 -0.212250926193329 0.0125000132280522
-0.00249253004904289 0.00224001674072349 -0.259339895978662 -0.312254910099901
0.00720420998190838 -0.0118181946223693 0.206660562455006 -0.538702846538443
-0.00493407864954928 -0.011445892671866 0.741363343573414 -0.0224103023067799
-0.00452236176171304 -0.00805642294169112 0.41141858328802 0.648765891968795
-0.0129068324853187 -0.00355987178718601 -0.118928676462737 0.527202231483603
-0.0105017598493128 -0.0117963607400186 0.0424605012621374 0.0183138918063661
-0.0163328822310393 -0.00449328556370455 -0.0221666031599484 -0.491662527293915
-0.00363038391393606 0.0210552946688937 -0.733422115538904 -0.322492881516593
0.0100758875554181 0.00565001342010344 -0.633977685374466 0.539708061104279
0.0236103060060651 -0.00532235737825112 0.241514069081597 0.616830753605773
0.0100264339980946 0.00486606983965023 0.483112130926128 0.0994566483646886
0.00202506657718047 -0.00110574377951155 0.279382805754454 -0.194068061139273
0.00201383241921084 -0.00279938191922362 0.00239120095099015 -0.257981578263028
-0.00461431329580238 0.0088535048476598 -0.035047530242013 0.141215873755599
0.00437922721864407 0.0176596768111381 -0.213874632543871 0.0146542427203584
0.00532772034172175 0.0156391835855304 -0.259576978335318 -0.312147905271395
0.0081367807913058 -0.00232996551326573 0.203763596472613 -0.542278055095152
-0.00186585518545216 -0.0117667420529913 0.740873693349214 -0.0314290972956167
0.00611131901870952 -0.0043803814446393 0.415510251325108 0.642267224766967
-0.00981254329511553 0.00961245491884968 -0.116679703462913 0.524349105551407
-0.0122760004462493 0.00321602170915212 0.0420219815646294 0.0174044412199673
-0.00726997571521082 0.00504868163514306 -0.0212467281568746 -0.492870170373295
0.00623676273999694 0.0162527114078996 -0.731967893658556 -0.326523497496182
0.0131853250531723 0.00532472658369276 -0.638203509396353 0.533523914294318
0.0314259209845716 0.00274304675310571 0.238976395486392 0.61626119622779
0.0237121764042121 0.0125655623181178 0.484763587773403 0.103172782636154
0.0119529669133929 0.00188788557458402 0.279092128307041 -0.189790990127019
0.00227257566975272 -0.00219037885350366 0.00336056765079189 -0.255564393049862
-0.0027324482632645 0.0107027627093566 -0.0367865226146212 0.148077724829446
0.012642885034318 0.0222126883021403 -0.22009552387044 0.0247601348810644
0.0120295921221758 0.0260887920999596 -0.281579288308718 -0.297378801440256
0.00879649397595767 0.00629563675707679 0.166333898417064 -0.552631517528858
0.000976482825381939 -0.0103571173147536 0.732584778436201 -0.0822910063000727
0.0148665670085777 -0.00220080912853138 0.452100270263136 0.607716305121152
-0.00645364764113413 0.0239906714785406 -0.0916924400877954 0.527274392130133
-0.0144432566667755 0.0169181708984884 0.0412674704139528 0.022462363676665
0.00120216629655457 0.0131662918894435 -0.00188575279018837 -0.494169488518168
0.0160487046400688 0.0144252854730443 -0.7149708766331 -0.37387276532956
0.0150870115558735 0.00666859158728388 -0.675523596348817 0.495686349268604
0.0370443383102051 0.0109849112616162 0.195364060172028 0.631598843507458
0.0360837302018183 0.020028992053561 0.476929166927317 0.133175784118925
0.02130748019422 0.00428301086811451 0.284114857888762 -0.174326916706097
0.0028849518923849 -0.00205037855419352 0.00515642598803101 -0.248506720638121
-0.00830856737668406 0.00312302025717057 -0.0296248893691271 0.174361575861271
-0.0185605382524709 0.00146273312858836 -0.219068621501104 0.0960451170274062
-0.0302385343438951 -0.0163172140467593 -0.38679485095037 -0.138355671219929
-0.0216984055465893 -0.0270545016502355 -0.137465461631285 -0.523872860860183
-0.0114469542446673 -0.00299350089092896 0.546704384400413 -0.397489008279828
-0.0152189834400977 0.00421294337832955 0.65854970229001 0.30869451994248
-0.0204321744959848 -0.00700526244748107 0.0906629881503789 0.526283797831384
-0.00913438062690816 -0.030528986354721 0.0393854375552412 0.0834713659131836
-0.0201665654768616 -0.024803405550036 0.177786493474888 -0.431296952281096
-0.022593782456994 0.0240166121949843 -0.449939257734775 -0.665052823307977
0.00375529958912995 0.0172567874444367 -0.871647276372256 0.11140398308867
0.00602762734193187 -0.0194239532225214 -0.165533900132359 0.678327557384635
-0.0157924811631288 -0.0303535284553617 0.355011502354956 0.325233803510299
-0.0200366779088425 -0.0165922470371302 0.306523498898151 -0.0761812735116819
0.00165203613582989 -0.00916271639472185 0.0219935401264393 -0.216618615727317
-0.00913483493601551 0.00223261631129804 -0.0308461879504989 0.163384860962823
-0.0218713916782467 0.000679456351780284 -0.217696385260222 0.0731061283969817
-0.0309221518988953 -0.0198099200787722 -0.363421566579158 -0.184227071604559
-0.0167762333123446 -0.0307369102941636 -0.0578915167110879 -0.541381076328327
-0.0111891550935643 -0.00375891286598957 0.610016523451984 -0.32151489330594
-0.0207717087994712 0.000828861339257641 0.62054202187223 0.397669744277857
-0.023033442666566 -0.0141082817194688 0.0378882536711623 0.535658158818389
-0.00674204607730926 -0.036407013845098 0.0407388085857555 0.0687496979049283
-0.0245322736864368 -0.0267445597297772 0.132465127714591 -0.448788257194262
-0.0252122050351653 0.0261020039392889 -0.535464825153064 -0.592164777839152
0.00452505870128909 0.012918571243919 -0.834785622044648 0.233320465288181
0.00359533080814208 -0.0235862613327742 -0.0624640117264715 0.685851470729177
-0.0212180514461767 -0.0299640487813515 0.399254629719014 0.271932334536447
-0.0226987687507998 -0.0160039125031265 0.306483878229982 -0.105748582321566
0.00151743610240073 -0.00836552069203229 0.0196202410654545 -0.225776314573096
-0.0103149419110692 0.00194724737755502 -0.0304313770774552 0.15236701250436
-0.0219514681171532 0.000544888971385727 -0.217458677760334 0.0514877910850841
-0.0271985817161438 -0.0219410444427417 -0.331914130538068 -0.231279656949244
-0.00994081284465455 -0.0307091219085389 0.0280219775971575 -0.552007236540889
-0.0113239640487121 -0.00610391513680497 0.667383174852549 -0.227568785540318
-0.0222177792576285 -0.0026343150274683 0.562100719339719 0.490885570689827
-0.0219123493217181 -0.0196097096044314 -0.0149858105749627 0.537059809952418
-0.00755143096438315 -0.0374157497694887 0.0416833929384919 0.0526416996565089
-0.0289864659071493 -0.0258001429635052 0.0831780706116194 -0.465475248122256
-0.0240684026372754 0.0271401070588251 -0.613298366036362 -0.503718877709477
0.00444858693317497 0.0105889033107145 -0.774908071347114 0.34771499091419
0.00443837371972255 -0.021904925302296 0.0475774080227592 0.676447745492401
-0.0204030852833399 -0.0238470119657622 0.433461912993489 0.216814393101277
-0.0216387567686843 -0.012309724504742 0.298822399282352 -0.137478407925301
0.00163816222288786 -0.0057041645828538 0.0154248963807762 -0.235663543282526
-0.0102966202314814 0.00212339263863073 -0.0303935414371874 0.145693146554658
-0.0197459217477773 0.00160080618283984 -0.214111448960538 0.0318114240563908
-0.0187413647041273 -0.0186189382320555 -0.299337468025737 -0.270201042045563
-0.00250082736479177 -0.0283875929864163 0.109497140114358 -0.546138528003357
-0.0103175943461463 -0.00749968682539029 0.705487147963009 -0.135359226149559
-0.0193020068681969 -0.00712839840733222 0.496412350618209 0.565638665737317
-0.0187856879693412 -0.0199102076904972 -0.064024508533384 0.532785088961047
-0.00810117484941256 -0.034075125225035 0.0418189934082659 0.0381668494721484
-0.0286263546075631 -0.020176867972205 0.036925088248604 -0.475378704005717
-0.020632846123131 0.0273415512501831 -0.670073184482819 -0.419038976573503
0.00628963878676288 0.00758146899243965 -0.712350188548874 0.444551701459926
0.0072784922820068 -0.0193580571946049 0.141407514618604 0.650219760218411
-0.0146485789703188 -0.0148141888612735 0.457724041924928 0.162189768021912
-0.0172311984898839 -0.0070217851770395 0.291572887307415 -0.164768100325663
0.00179922174172848 -0.00453624532679412 0.0100466238874095 -0.245602985002419
-0.0101025822180508 0.00265827952120015 -0.0310888401675963 0.140584895836296
-0.0126727741451051 0.00584527539380423 -0.211834607546617 0.0199148367678461
-0.0102833255222321 -0.0102548155360739 -0.269160330404588 -0.29679564678273
0.00405171376674533 -0.0207958056452943 0.170870632524385 -0.537516897911117
-0.00845393756213906 -0.00992100207342358 0.725748105227288 -0.060102353678183
-0.013292310135857 -0.00919688204563115 0.438236085672038 0.618839360858462
-0.0154182299885807 -0.0140208035261533 -0.101308591841061 0.5265838181355
-0.00846093801019304 -0.0244963663451132 0.0423320987494363 0.0252007275851482
-0.0233786251241021 -0.0125959769929854 -0.00194567585140438 -0.480997989097522
-0.0119510868931273 0.0242290032757337 -0.706075311600468 -0.350575048153808
0.00779941573597425 0.0057088964946119 -0.656883523553048 0.505002148082717
0.0143768066541127 -0.0128819283097109 0.205461779344391 0.625867179975623
-0.00380057460046217 -0.00477184627939217 0.473732585904878 0.118251847235053
-0.0082792374050197 -0.0030147225502289 0.28165354462561 -0.184227125651506
0.00173802840400222 -0.00341603986102148 0.00602384813119591 -0.252667050844173
-0.0073356030246851 0.0066513243444158 -0.032940562427128 0.139005495838443
-0.0041072135814019 0.0109942394554444 -0.210110106456414 0.0134079767386927
-0.00267152033811276 0.00207466300094498 -0.256331491098386 -0.308930903063822
0.00751691579389272 -0.0117396962471038 0.204116303179912 -0.532150772959325
-0.00445067671249454 -0.0113595729551571 0.732911069135225 -0.0225414346395316
-0.00415699036697671 -0.00819772252134183 0.405185043339573 0.642508563128442
-0.0119470659834437 -0.00276832916722891 -0.118178228181157 0.520946219256022
-0.0102388500880417 -0.0119647536759543 0.041842455594896 0.0182180985777889
-0.0166869140293382 -0.00462567687833847 -0.0211674947861229 -0.48556530587634
-0.00356661299262583 0.020428942223624 -0.723417967201459 -0.318533529128094
0.00999699773719642 0.00575106961677166 -0.626169283302272 0.533440174792713
0.0233220173279325 -0.00569520960397513 0.238755110800662 0.609040772936339
0.0104696917053362 0.00471552917248156 0.478864573233592 0.0983232516259107
0.00158530317195903 -0.000606725223435554 0.275970675797147 -0.192912263802319
0.00157809107012482 -0.00210633571687371 0.00371958505580865 -0.256768029629602
-0.00524706923270796 0.00856240755337287 -0.0342799461913637 0.14175283207669
0.00520195839185049 0.0179643640220974 -0.212398076906758 0.016764981203148
0.00487916071474519 0.0145237680754144 -0.258520473554961 -0.30975976864491
0.00885793210754647 -0.0021912147398822 0.201591581553564 -0.536757163881733
-0.00187814032059096 -0.0118125861147724 0.732388916977614 -0.0307220916204
0.00560865337951195 -0.00477352814782513 0.409447372311754 0.634617127636126
-0.0105495311549935 0.00989374467820004 -0.116618016091179 0.518096359528518
-0.0123446163072224 0.00341524384602663 0.0405854500753144 0.0162458494894868
-0.00695071173188487 0.00376789276509917 -0.0212097792669244 -0.486873211067982
0.00630205768886172 0.0160356319932562 -0.724137211385408 -0.325032706034433
0.0137267354096168 0.00588164189783767 -0.62845900589992 0.527597236673466
0.032228887676377 0.00253828451815268 0.23600061637543 0.60923238876696
0.0242756771660858 0.0119443064878604 0.477849476759929 0.10158382176712
0.0122665496444711 0.00234809538070139 0.276094980057512 -0.188590705970168
0.00246288830350886 -0.00203132044460236 0.00233897122029792 -0.253729900695622
-0.00325414255285479 0.0103490396473695 -0.037238584229929 0.146029731273401
0.0131408721706753 0.0224389675158373 -0.217436644617104 0.0248155403752511
0.0123988559920054 0.0257706775103979 -0.278057832110051 -0.29428635867248
0.00790627950738926 0.00621498115076653 0.165245628407928 -0.54747018060236
0.000801212158816336 -0.00998681387985277 0.727552970182696 -0.0826073227338875
0.0143960291400432 -0.00179964661593743 0.445852930949404 0.60322071108834
-0.00626078446982682 0.0221071436983904 -0.0917863963651548 0.518712017076039
-0.0137697291866996 0.0162043942253413 0.0399367054648635 0.0220638439389353
0.00171825983064682 0.0120090711065333 -0.000207669301777701 -0.487563763091082
0.015980330285748 0.0140195053345762 -0.707063122278665 -0.369561788852475
0.0154477946264745 0.00562130408562859 -0.667433868013406 0.489066506251004
0.0359004314222389 0.0118345334311167 0.194530653438844 0.623962273282313
0.0355666734131484 0.0186848681534952 0.471475819675359 0.130789929272429
0.0209658075609771 0.00366507523706322 0.282159991437592 -0.174641625091823
0.00309324419474081 -0.00186599822265776 0.00585908457650017 -0.245988036768303
-0.0083645592130801 0.0031687121748274 -0.0311427489485345 0.174414398129433
-0.0182869676528638 0.00169473249639699 -0.217652165030277 0.0943694645602112
-0.0306338893553753 -0.0169204857133687 -0.382220703841875 -0.137036260119503
-0.0210736969089514 -0.0270410433900573 -0.135347710208984 -0.518737313245014
-0.0109701080610546 -0.00257450181428894 0.544590472320624 -0.391860787779273
-0.0149817961744414 0.00331829582376795 0.650841606072069 0.308651687974022
-0.0201237310334064 -0.00652024650353328 0.0871319268403629 0.521503072263583
-0.0086378153511997 -0.0295247517236308 0.0375744511824173 0.0825260869498973
-0.0187688547763414 -0.0241262319482181 0.178563915922761 -0.425538939144339
-0.0223343869489491 0.0242161234583141 -0.443667577834044 -0.659843432920798
0.00416084323446121 0.0166677854611106 -0.86301955210381 0.107238440328753
0.0055614075076156 -0.0199168499129546 -0.166180304816951 0.670746049497885
-0.0159909346618346 -0.0296073882485526 0.353514934404773 0.322812687678337
-0.0200707478404327 -0.0181384841320942 0.303514362126182 -0.0746554156022273
0.00211153929598965 -0.00925001610972875 0.0219619503646487 -0.215144784509527
-0.00949783194315353 0.00216858296822046 -0.031724001992396 0.163096853474298
-0.021424788110592 -0.000106148909876051 -0.217375701930539 0.0719211025068857
-0.0302191224939019 -0.0208560054365553 -0.358557677435645 -0.184660815024182
-0.0169408892041309 -0.0305252348227695 -0.0553622273193001 -0.535733686144628
-0.0114247108971866 -0.00297881357629337 0.605913221709081 -0.318810178454456
-0.0198474366306389 0.000832599225513774 0.611578870108977 0.395784298913763
-0.0233289927406509 -0.0145108307287056 0.0368954233863745 0.529722634885141
-0.00786316336279265 -0.0374250431074461 0.0397373664786533 0.0693381581532112
-0.0257865261839929 -0.0272411663990987 0.133626033305309 -0.445314486200473
-0.0254240214733938 0.0257675003551206 -0.527074198109859 -0.585291507250087
0.0042436200355027 0.0131427302523463 -0.826457700858062 0.228628226994546
0.00500452396432522 -0.0233943124486569 -0.0631177477192481 0.678960036495466
-0.0208221820280639 -0.0292701826170095 0.393968678841865 0.271349958763038
-0.0225257601570656 -0.0159298813476275 0.302282451188587 -0.104324998717551
0.00198294556082882 -0.00784966940641806 0.0195957811004897 -0.223666341495537
-0.00974502720571526 0.00193079456196037 -0.0317123435541366 0.152034924502745
-0.0225787276898641 -0.000527335574970795 -0.216723251888608 0.0514268528150022
-0.0266922864765094 -0.0220109065495494 -0.327919402252313 -0.229938020151909
-0.00954061465948923 -0.0306669475966724 0.0292545430061413 -0.544136720235693
-0.0121402918130968 -0.00501328531656177 0.660601998456001 -0.22441870088474
-0.0217161130495157 -0.00414392775010389 0.553225008624865 0.486705697279799
-0.0217317131682299 -0.0191806281981044 -0.0163326519300125 0.53239584998847
-0.0059551537516022 -0.0374028513957191 0.039967806260759 0.0522688669322388
-0.0288352542465471 -0.0250670945974364 0.0862700225915132 -0.459287027197598
-0.0243917828981021 0.0269218913391583 -0.606083347413217 -0.500664628510607
0.00457652582883961 0.0104377680138695 -0.767536915394203 0.342622960519123
0.00420990057018328 -0.023637086341981 0.0444695455761005 0.667543472288774
-0.0196434418493276 -0.0238473082887575 0.428525227423487 0.2156568201999
-0.0223025616198596 -0.0130702335345153 0.297664156196279 -0.135946921629501
0.00220802417215877 -0.00721276390681626 0.0156018164527779 -0.234062090627965
-0.0102499755871876 0.00239145363515148 -0.0324431159508582 0.145375420434783
-0.0198473130806626 0.00149830723219272 -0.214187990955307 0.0327528714557123
-0.0193734844865347 -0.0189553401192766 -0.294490426659575 -0.267790611865701
-0.000964622353292416 -0.0275224428951841 0.109078363445635 -0.541899712280868
-0.0103030288396777 -0.00776456784084443 0.698646058543785 -0.132862427885104
-0.0193510428733184 -0.00674301650524643 0.491003939028833 0.562416868768016
-0.0184341401957946 -0.0196080838068557 -0.0658659719140929 0.528217203588619
-0.00826622047437979 -0.0335611818652344 0.0414389986873148 0.0382225957422426
-0.0285339632594252 -0.0201531939871743 0.0384586161705175 -0.470455711171193
-0.0195212632074316 0.0265568331853441 -0.661842103561643 -0.416078666852091
0.00665490473831392 0.00762142819692205 -0.70637522640267 0.439725711829037
0.0079690225824498 -0.018493311916606 0.136360925113557 0.646899719198013
-0.0137201573541632 -0.0147036809633461 0.45062384197468 0.160698669065254
-0.0160748169961913 -0.00816815581550016 0.288260085329868 -0.163065370607498
0.00179397181664048 -0.00445203415663606 0.0110651482341407 -0.245116848285822
-0.00857367522292752 0.00319621852611298 -0.0334258662958983 0.140123898189186
-0.0130266007559436 0.00579799229317316 -0.209824331295362 0.019160782990108
-0.0105883508069951 -0.0102897728490157 -0.26710025283765 -0.294694053644165
0.00411559823255362 -0.0201776099258429 0.172193539060357 -0.533664369692088
-0.00808153472357263 -0.00981716784976819 0.716628216372967 -0.057062664846528
-0.0128372785659558 -0.00940017267408897 0.43248501525396 0.614589274591037
-0.01546832907659 -0.0139461921371209 -0.103389022652693 0.520641585157739
-0.00858249638471341 -0.0242887548756204 0.0415878652645287 0.025598822039842
-0.0246901383950137 -0.0127063483793222 0.00178774528370032 -0.476721725898795
-0.0116837839449372 0.0243453584930228 -0.698240167894524 -0.350143417424975
0.00791689480915704 0.00547451368050715 -0.652432197342342 0.497923406886638
0.0143790317011017 -0.0127205375114382 0.203496716269449 0.619708106819248
-0.00407050420586214 -0.00366732662140711 0.468782362699707 0.119984022473418
-0.00826386400366194 -0.00368212943884193 0.280881189913536 -0.182844980945341
0.0013486885541929 -0.00392633561471568 0.00765020227219486 -0.25169306220116
-0.00775530280930452 0.00561432362032177 -0.0341429648692508 0.139789519139227
-0.00483546142975441 0.0116550174364786 -0.209555995492844 0.0132372499133873
-0.00158707765628343 0.00268884265726312 -0.25145601716626 -0.307537434529805
0.00687167490487689 -0.0116654956508627 0.203902844354748 -0.526205542799332
-0.00517884975099354 -0.0108600960817919 0.726336851454174 -0.0203227153334989
-0.00332702066731652 -0.00778595851766042 0.398368543832295 0.636347809908426
-0.0129586104133278 -0.00247762564128885 -0.119053159190681 0.51564790178902
-0.0108262030852051 -0.0119263301715039 0.0413220500229953 0.0183820205065592
-0.0158178978556256 -0.00427817529292574 -0.017926121316649 -0.480794718819244
-0.00357930100927193 0.0192932757850341 -0.715698129133255 -0.318391610695391
0.0101479702189554 0.00606756014845521 -0.622831191365091 0.526837999362431
0.0229263461155072 -0.00597080936177171 0.232457645776578 0.603166474412561
0.0108325454403166 0.00448799329238825 0.472633012565043 0.0981795478506891
0.00190706388097576 -0.000397975237283726 0.274789742551482 -0.191030695915153
0.0011100604293282 -0.00386628879763078 0.00516879993128945 -0.252338189188343
-0.00457236642638414 0.00805938341161818 -0.0354834407120804 0.141464472125802
0.00450472812591256 0.0168600453969583 -0.211297340862327 0.0151307689665641
0.00507982960419463 0.0144405857640193 -0.254403869846299 -0.30579581535282
0.00916860496840632 -0.00164768852737504 0.201190019841425 -0.530159656332152
-0.00183238219803978 -0.0111147735115956 0.725934285325628 -0.0276272076022027
0.00590012619389395 -0.00534960982830117 0.402716851244393 0.62967428958287
-0.00998584170634924 0.0101531506245161 -0.116774724982991 0.512946409990894
-0.0128523695274284 0.00268949256854155 0.0399344049090956 0.0168095754138562
-0.00704743301980221 0.00442794515017347 -0.0177777052935453 -0.480653581556962
0.00656398518690972 0.0161982082794283 -0.714889253419952 -0.322887010201447
0.013456424270314 0.00522151947754204 -0.623029713196038 0.520525255485553
0.0311402137028422 0.00307367758206296 0.230902932148845 0.604274308121704
0.0241214706493699 0.012540932677924 0.472865376378104 0.102735082856443
0.011343550024934 0.00253900461550927 0.274377390614951 -0.186763875792832
0.00254890431414107 -0.00181061059881335 0.0043253883992857 -0.252097275265855
-0.00286805015454489 0.0103860598144415 -0.0387197330663049 0.146017491002512
0.0119960498371678 0.0211210591067959 -0.215502915211806 0.0236422243222997
0.0130232937685828 0.0257557428801231 -0.27521180805798 -0.292746801695411
0.00886308153968367 0.00649668401195888 0.164460671150254 -0.541442485833135
0.00100279355686455 -0.00962475748608749 0.720029000800077 -0.0799428402517308
0.0149764587495892 -0.00162523953706516 0.439096714152927 0.597289011015786
-0.00719587032554378 0.0224983675231021 -0.0923729214250893 0.512508751019391
-0.013575667111025 0.0162452191130625 0.0391223513747217 0.0231757538807941
0.00215765923077776 0.0121623098232902 0.00202693263353554 -0.483196149986296
0.0154907349733365 0.0134650836581005 -0.696830360070114 -0.368474085924349
0.0150324636799755 0.00660318957542018 -0.661847027666045 0.482874498509226
0.0364002396014251 0.0110805044403403 0.191060578770823 0.619652830614006
0.0350812343245846 0.020366196420095 0.467059284631858 0.130837041986728
0.0210119832352269 0.00504170704753965 0.278964869099634 -0.172860852941666
0.00321052523039597 -0.00130976969210494 0.0064610184374057 -0.244567901876703
-0.00845129632970833 0.00361660295749187 -0.0334664607667678 0.173031897794341
-0.0183934621742485 0.0018581093042522 -0.216962746712681 0.0933860139616382
-0.0289546853781804 -0.0164372901160267 -0.379654307265063 -0.137087049815106
-0.0200622144365615 -0.0267296487897661 -0.131400598179222 -0.515686421215815
-0.0114506374380132 -0.00176470963591444 0.542398270942207 -0.387243633558621
-0.0146099315463645 0.00282805392400335 0.645557874251135 0.308261015371045
-0.0199142345428438 -0.00602828660045029 0.0834734830347094 0.516317368881854
-0.00867736516843468 -0.0301622416361137 0.036468005602356 0.0809468262972455
-0.0185443270206395 -0.0250189275067663 0.179265583474814 -0.420912733523925
-0.0219266505574899 0.0233963176452511 -0.436167646968198 -0.658405932805871
0.00452330056040668 0.0165303129525885 -0.857632658903858 0.101416699151853
0.00536451149981335 -0.0189568043532754 -0.16752014982198 0.666801092650733
-0.016018824560226 -0.0297204211234678 0.347770219028164 0.321706696807454
-0.019865314229315 -0.0171547948638783 0.30149878689126 -0.0723845886244934
0.00207905909025373 -0.00925250462003434 0.0232491501640578 -0.2131040284679
-0.0101200660361998 0.00305463820947694 -0.0335261911612033 0.162527506640773
-0.0224839408283651 0.000730808993962215 -0.217934025586135 0.0718224514503714
-0.0295552341709451 -0.0209444216907458 -0.354429105056371 -0.183825879590756
-0.0149253526187247 -0.0301587515269237 -0.0531984936803161 -0.533717149744049
-0.0121096498089636 -0.00298764561443617 0.603327133489292 -0.312758856330582
-0.0191334791418962 0.000372136607327019 0.60445157577882 0.397073899620241
-0.0217468074382616 -0.0141930038375911 0.0328904704491252 0.524735963128556
-0.00747791112594316 -0.0363743749816517 0.0391840326897702 0.0685017089497416
-0.0239436492292743 -0.0277600928915545 0.135940340267859 -0.440049818585577
-0.0247633442344111 0.0250002539224717 -0.520909181463409 -0.582524990615549
0.00443661037032341 0.0127916681705585 -0.821290179853409 0.220891703447057
0.0046881641043035 -0.0232691871433691 -0.0668778254790256 0.672943693843343
-0.0196839551151752 -0.0294346388756685 0.389897054043297 0.272991128656
-0.022909173949619 -0.0163551283658009 0.300581711619142 -0.103066274019704
0.00154958611130981 -0.00764650484012811 0.0205304749842083 -0.222707025860165
-0.0105566625784907 0.00180493833205759 -0.0337307829239986 0.152689567143733
-0.0224618877600984 0.000404443762054636 -0.216608176060421 0.0499220167611194
-0.0260285294668482 -0.0228130831485468 -0.323819250306688 -0.228963798834527
-0.00834812537461583 -0.0308038980859668 0.0313980147005278 -0.540522626621308
-0.0111377384199667 -0.00501953473827246 0.657248830495908 -0.219170914588601
-0.0216338283036728 -0.00408079913901764 0.548088915323856 0.486236030115998
-0.0216718699066492 -0.0194810807461199 -0.0178095014210242 0.525922836320051
-0.00696993967471219 -0.0381554278815861 0.0401932132544981 0.0535896841054277
-0.0283384070681699 -0.0248684925326814 0.0867057726541378 -0.455373367391919
-0.0240191899648306 0.0265393591868907 -0.596776020592681 -0.500269095240515
0.00490061703942044 0.00965677428387367 -0.765400438490488 0.336964667207137
0.00407517145579844 -0.02264145811715 0.0390476150667584 0.663677654502861
-0.0191188501793461 -0.0231037628635885 0.423942890445937 0.214847140949764
-0.0216271906658237 -0.0125077186511433 0.294949955905143 -0.133227813685459
0.00142332638952922 -0.00647728356368213 0.0173633000190483 -0.233115339801821
-0.0102353004277456 0.00206539099330896 -0.0339122351697196 0.1442813639678
-0.018679209601407 0.0019174016221423 -0.211936671451172 0.0308991845937877
-0.0184993892937526 -0.0193400682994408 -0.290629573446276 -0.266830722616785
-0.00097618448452054 -0.0272610228240637 0.112099358714907 -0.537892209947754
-0.0102267700963349 -0.00733652072687169 0.694587688542411 -0.128657791346051
-0.019690678912141 -0.00765769893366694 0.483405092804925 0.560923357148029
-0.0181734421265403 -0.0200500063240079 -0.0674143459090254 0.52182614453534
-0.00687136167333338 -0.0334613199385597 0.0396725210109481 0.0386222816837236
-0.0284059322570846 -0.0200567934086858 0.041683633908455 -0.465888056494215
-0.0189266833454796 0.0255854500127388 -0.65389444633141 -0.416085006732877
0.00646210084293289 0.00729137424608104 -0.70248950608482 0.430924130143708
0.00734076173945858 -0.0191478302248041 0.1319177362234 0.639699209342555
-0.0132751933240614 -0.0141656979423584 0.449070859893484 0.161511882679649
-0.0162292593091884 -0.00767980107611903 0.286503988507019 -0.160981359619337
0.00158584191692029 -0.00444051463583801 0.0127916467274297 -0.243159484233819
-0.00968108804029092 0.00416374147318454 -0.0341607809512555 0.140345365332578
-0.012511805101522 0.00572082485302721 -0.208134405503441 0.018432390107397
-0.00921647957509439 -0.011172946499249 -0.263518185098409 -0.293601685294699
0.00520144942178979 -0.0206126097102435 0.174812253641267 -0.527632112715336
-0.00812778148469359 -0.00901691952435737 0.713303031709894 -0.0549464661636026
-0.0132585229553862 -0.00914434823466033 0.424079544074983 0.612728834081456
-0.0154052597038812 -0.0140493931553306 -0.104551675788624 0.514515096205315
-0.00861628040805666 -0.0245412567029401 0.0403918279407134 0.0252320491131414
-0.0228960733574962 -0.0124805360529964 0.00521883296830449 -0.473303838152806
-0.010698959600815 0.0230598709681957 -0.691579432109245 -0.352052322458814
0.00833816311336177 0.00572143417885659 -0.648512217937265 0.491807624603199
0.0147446083469068 -0.0123839061622327 0.198511249703754 0.614897061620947
-0.00328190502730574 -0.00503520728407373 0.464884041145025 0.120831570237855
-0.00876279100690349 -0.00375749353726881 0.279109838581657 -0.181067193005098
0.00171179096979906 -0.00379036823697249 0.00826444626806906 -0.249595029582057
-0.00656222600218053 0.00702270327083183 -0.0351333284725096 0.138442273117367
-0.00404407322823057 0.0115460262931353 -0.207339933871795 0.0127593104478463
-0.00212239935053955 0.000887250426867642 -0.248898509534524 -0.305262950621764
0.00777661372733238 -0.0114679169014365 0.206106903397038 -0.52264153735021
-0.00515419094190101 -0.0101984688691533 0.722459524475994 -0.0162984943727391
-0.00448201419680482 -0.0085362725731327 0.392790865818226 0.635169088861938
-0.0126236571499568 -0.00392783738965744 -0.120870022562022 0.509415966055125
-0.0104028661640089 -0.0113363501546727 0.0402091323282413 0.0187053859888011
-0.0161844180020489 -0.00517911739130749 -0.0144020254008215 -0.476906555506506
-0.00208861837714271 0.0194817418974484 -0.70757772603092 -0.318720751009706
0.0106060492094325 0.00504482344772745 -0.61839395963958 0.521710166045074
0.0229165543985155 -0.00650603277317154 0.230262500782028 0.599305802072828
0.0112411673700754 0.00334755533116506 0.469820866058443 0.0996925232242227
0.00247168466648142 -0.00111376806931299 0.272295482246555 -0.188093141436696
0.00126861160910354 -0.0020290582955111 0.00600239745764566 -0.253399633516738
-0.00483791080668722 0.00828412131033011 -0.0366217556437817 0.140596201041925
0.00434986667012884 0.0177628929324174 -0.210677377842373 0.0156655063920244
0.00603388665828948 0.0140430398966009 -0.251342037594713 -0.304627036173587
0.0092824296226927 -0.00317405078587866 0.203451001278739 -0.525020060788554
-0.0019956724347677 -0.0108394851064825 0.721036383545842 -0.0237099256087561
0.00492227945709194 -0.00580507335900718 0.39505743769187 0.626273687149562
-0.0105834540100296 0.0106887470603531 -0.119332497326951 0.506862141354784
-0.011722616066648 0.00258325936976433 0.0384957093919327 0.017812015663555
-0.00611065377232364 0.0040688378169684 -0.012790628300872 -0.478459065365266
0.00676645330825014 0.0152170043064836 -0.706377889855174 -0.324849991207489
0.0132662409599081 0.00530768641912919 -0.622700786340932 0.513789540216639
0.0312177091135079 0.00197554703060727 0.225195559736711 0.598283023684439
0.0243760694685244 0.0123581766983947 0.469244533095038 0.102352177960031
0.0113094414907608 0.00200641517027259 0.272912896051058 -0.184717176778749
0.00175924243307097 -0.00107637897592762 0.0057683813932192 -0.249981850146632
-0.00342209563869877 0.0120339011206021 -0.0398436840638091 0.146430080050094
0.0125222125178799 0.0221389332488342 -0.21527295624891 0.023390834163975
0.0119762061067513 0.0244530723086601 -0.272113179494926 -0.290848982763546
0.00934282659118837 0.00538328096797187 0.164962182253463 -0.537438365564729
0.00115145451197935 -0.00964365931732235 0.714843611090211 -0.0742986429705241
0.0143298346409849 -0.00187700625141713 0.433469197798194 0.594111979542073
-0.00672173150876818 0.022862320827322 -0.0958107418758401 0.508720157617785
-0.0140971933133174 0.0160886096006894 0.0385341467453788 0.0230539789909765
0.00134570622839472 0.0116249640216606 0.00546676234552001 -0.479411652180044
0.015711560438886 0.0137834567513581 -0.689529105853275 -0.370432034106443
0.0147942426214506 0.00669380621658704 -0.658379957077906 0.477343787556621
0.0364131502375293 0.0116243970319189 0.186807073698614 0.614692286178162
0.035583032038291 0.0194442215526588 0.461601430113294 0.130659951301225
0.0212184741929195 0.004424294989926 0.278204275334776 -0.16987007680725
0.0028592151300859 -0.00130694899620781 0.00810879263732192 -0.243575118114049
-0.00820904591587487 0.00380197669359593 -0.0347743445005769 0.171401308952379
-0.0182079912829862 0.00173187677737768 -0.217362979847375 0.0931729927088867
-0.029312543223507 -0.0169142317012488 -0.37633369387374 -0.139143756199438
-0.0204035633043564 -0.0261621880039809 -0.126492787844284 -0.514122557046032
-0.0110816605359765 -0.00137149861785135 0.541791910647844 -0.38177379728993
-0.0151579648947877 0.00300748909937266 0.639143718041037 0.313009413940069
-0.020476991927507 -0.00596957042467729 0.07822923354963 0.514205327513743
-0.00854086004473106 -0.0307065371420032 0.036461916621931 0.0825849635643687
-0.0186116036720253 -0.0252788266432734 0.182604548632184 -0.41632720466207
-0.0218771918926908 0.0230701995710903 -0.42848125623758 -0.657033574213652
0.00404512513767605 0.0164402338990826 -0.85321719358134 0.0965560189626944
0.00525395626700667 -0.0189260707579678 -0.170191256486481 0.66110816178839
-0.0148800256489761 -0.0304732056282656 0.343434287891002 0.322299220665581
-0.0194779383242716 -0.0170897777422813 0.30035488967659 -0.0710724042834942
0.00262753326795407 -0.00908950550791616 0.0245824694654429 -0.213495203033704
-0.00982038152257088 0.00344473455730037 -0.0355106814366573 0.161894637130043
-0.0217271921209724 0.000876809720939978 -0.217865886448262 0.070483461218736
-0.0289959587470368 -0.0215658119368951 -0.352713054538092 -0.184706987039652
-0.0157317164418857 -0.0293066789107334 -0.0490183746317634 -0.531703032535226
-0.0122111982384168 -0.00294709252733072 0.602200238924905 -0.30553362373846
-0.0207243616029588 -0.000541879286352303 0.599009932661983 0.398383554260999
-0.021814176691531 -0.0138851716418068 0.0286029689262245 0.522376358553841
-0.00770401838057094 -0.0360787252542469 0.0373172140068858 0.0684512107044274
-0.023920807659059 -0.027461666543292 0.140377047704199 -0.435651433123127
-0.0246481461478762 0.0248579128663215 -0.512743469252389 -0.584570874156299
0.00462826253784085 0.0134286968339291 -0.819806632074584 0.216007258849408
0.00449948114363008 -0.0229946051838045 -0.0692043984130389 0.670059818650787
-0.0199234058676558 -0.0295715537651735 0.386491608602858 0.271227089203322
-0.0223906184370126 -0.0153769333870334 0.298291993054931 -0.10057938483626
0.000990769332796397 -0.00844222666494038 0.0225522592620771 -0.222499058378618
-0.0106017318559432 0.00158128287566844 -0.034880563351974 0.152585081135791
-0.0221690451757858 0.000200347371013983 -0.215787632744806 0.0492647394689915
-0.025114641305289 -0.0226487724706195 -0.320714546640894 -0.228602614316704
-0.00719371666742969 -0.0308330875691033 0.033996903699176 -0.538024070529941
-0.0116519451594236 -0.00428971335707358 0.655377644284624 -0.213736394110877
-0.0219607640088961 -0.00431839296603466 0.541193861901789 0.486828410779623
-0.0208847311682994 -0.0198886834523832 -0.0233758261651492 0.52320124723133
-0.00659381992579474 -0.037189642463457 0.038330723342688 0.0534405629733519
-0.0275545697905108 -0.0265641016799766 0.0900398445832865 -0.451602445307631
-0.0232225223025795 0.0246725930540249 -0.589050953909917 -0.501727390084901
0.00512803065956314 0.0103107157528526 -0.763695279154586 0.331561014016616
0.00471312880724458 -0.0230172848567875 0.0344007094653253 0.661491049264148
-0.0192849819379483 -0.023353451900441 0.422125170429074 0.216114614587447
-0.0213488576466528 -0.0119728065458433 0.295434290603446 -0.133249970097437
0.00176318854163602 -0.00580740262075619 0.0183313933710928 -0.232637490445506
-0.0100694936502401 0.0020963494982579 -0.0352566754765976 0.144436517760077
-0.019417634978597 0.0012629562484549 -0.211558719859852 0.030400737718295
-0.0179756966293762 -0.0194653557847079 -0.287604600705824 -0.267599815095093
-0.000839275760447521 -0.0275033870484063 0.113918610041326 -0.534255918322635
-0.010185970620472 -0.00706633737769912 0.691465206062231 -0.121224739035049
-0.0192180627691813 -0.00801870825233264 0.476794407714582 0.560920786387529
-0.0186776591567653 -0.0199009472104713 -0.0716222276914759 0.519177675127259
-0.00723874199885437 -0.0332928619371392 0.0390644760626812 0.0386925007931816
-0.0268206440515058 -0.0205498543133153 0.0441254938266031 -0.463168453833739
-0.0181409426822583 0.0249926142065638 -0.646136841992857 -0.419635116885863
0.00653438010517079 0.0075503304554202 -0.701162329259191 0.423391601242519
0.00807867724052918 -0.0189353166274824 0.125076163370533 0.636247653512141
-0.0128975756676372 -0.0152562594687068 0.446006883019162 0.162151984582647
-0.0163923962762896 -0.00808584062149392 0.285961880187415 -0.159139901376827
0.0010901804344062 -0.0046315226977618 0.0152174042609578 -0.243282964854198
-0.00872172330961326 0.00413944855316229 -0.0362305786720322 0.140951531654966
-0.0129984151493552 0.00565661310204429 -0.20791312241695 0.0187122047946963
-0.00943858966183078 -0.0112070537964471 -0.259301345053952 -0.293202282837696
0.00492703206163616 -0.0205670990456692 0.175673077567212 -0.524628091637064
-0.00706765377478233 -0.00886200220640446 0.710832449752776 -0.0472816468772241
-0.0132097614021949 -0.0106956022054128 0.417742894273949 0.61203270565079
-0.0147127595913795 -0.013728515203916 -0.109783868169896 0.51061635547841
-0.00869471466441644 -0.0248634079646234 0.0400526187025194 0.0266147161783586
-0.0230999638824327 -0.0133113260850084 0.0089552562128365 -0.470257703372737
-0.0117652592396695 0.0225592377262744 -0.684436946658574 -0.353465389466312
0.0081278833156014 0.00667804822600553 -0.649134543821821 0.485102406575344
0.0139801589968171 -0.0129253626768095 0.194792906448463 0.613506226113288
-0.00332723292018374 -0.00572342225952422 0.4601077673342 0.12190312227611
-0.00771953511786509 -0.00461839614846944 0.277441738129209 -0.177767839435594
0.00165258271553552 -0.00218956347257224 0.0113910485208618 -0.250542990137664
-0.00720395307164298 0.00631324048168353 -0.0374661532461165 0.138075789894485
-0.00488299489605348 0.0111413632736242 -0.20776877973381 0.0120810423633333
-0.00160938741173112 0.000552872020203456 -0.245195621601382 -0.305060312181667
0.00809012250640396 -0.0113797237474913 0.208150622666293 -0.518979333004428
-0.00543973450677328 -0.00918635086453608 0.717018035331155 -0.0111579844878377
-0.00441280716969144 -0.0081577213159884 0.385573558100414 0.631195070953659
-0.0129818792362074 -0.00455272999305582 -0.125012302683944 0.504982912696188
-0.00917323334415053 -0.0113136353584928 0.0396778903719943 0.0189515830825936
-0.0150063142440359 -0.00589401602730087 -0.00846218403369958 -0.474400116058944
-0.00263907112877351 0.0188002799863102 -0.701635143101213 -0.323080336261015
0.0106334236074439 0.00529924696253787 -0.621060817789757 0.514063053646883
0.0220367831145646 -0.00554670595732575 0.223449549264723 0.598501469635808
0.0102673684536349 0.0040279568318673 0.466142936931704 0.101983013611476
0.00263597490214005 -0.000660525393288106 0.272319323018792 -0.18623283264082
0.00211722100964387 -0.00267847464298279 0.0078545871852084 -0.252354767153287
-0.00431914830333939 0.00914073155269011 -0.038868792925634 0.14093702190619
0.00454301665221602 0.0176255562883963 -0.209164349114161 0.0138921606118349
0.00482822687984062 0.0137284702725159 -0.248344333270112 -0.30580464935295
0.0084723467777974 -0.00336705130581678 0.206097293724011 -0.521299028817447
-0.00136883492267072 -0.010507744278559 0.717829982369595 -0.0168684751933961
0.006078322675158 -0.00568604944622055 0.388858230554918 0.624568326865885
-0.0104254067984674 0.0100704996786707 -0.122931184878969 0.500389926255676
-0.0116889915745702 0.00319612887446665 0.038776416249533 0.0184336302182953
-0.00752866148625955 0.00340595527154049 -0.00942410106073588 -0.47529149745935
0.00716753941953837 0.0160299317737163 -0.699860116305745 -0.327842478707081
0.0136931181776795 0.00621029002482052 -0.623089213046582 0.508150270835504
0.0312098211857669 0.0027990716807451 0.22193225178153 0.597603466244019
0.0232016567314159 0.0117777645946336 0.466880665338531 0.104525793736745
0.0111094659787979 0.00251951508417933 0.273658812618215 -0.182480922694073
0.00151058340511777 -0.00192861626672936 0.00701893044880533 -0.249950783486476
-0.00230975613482495 0.0117538554277804 -0.0411048765110104 0.146242283964103
0.0119024385254442 0.0218285770410193 -0.215036424354904 0.0233039198899116
0.0127788898906647 0.0237739894127054 -0.26783455435457 -0.290013490875502
0.00880765182179587 0.00577207838559909 0.169487115079418 -0.532744316773592
0.00135812501429667 -0.00946892937061704 0.710233762908419 -0.0701880873530304
0.0137736066672896 -0.00273608558476816 0.425078703085063 0.59326359190312
-0.00686049014347027 0.0219811886943905 -0.0992927298227685 0.502217002272584
-0.0136508000699075 0.0164749937624569 0.0390805952317364 0.023738608046532
0.00250283959250028 0.0112794716681436 0.00832934791963831 -0.476898495368795
0.0159017081163865 0.014185192115026 -0.682039692430519 -0.373336201131814
0.0154775011289532 0.00664607770499813 -0.657958592129446 0.470457077969937
0.0365496325897051 0.0110409451532033 0.181263161644571 0.611447049563005
0.0354931282277353 0.019349657873283 0.459398212580565 0.13363322581892
0.0203398453636881 0.00325663906567127 0.277844981194541 -0.167043977378045
0.00341838017939277 -0.00226822313568529 0.00902180853348632 -0.24301918964998
-0.00949628136164593 0.00335144456904129 -0.0361685106464978 0.173555056791031
-0.0179333009783084 0.00164362629445631 -0.218361499784904 0.0924331800596895
-0.028444961028758 -0.0182826188203641 -0.374208264715069 -0.141138198208999
-0.0198884338296809 -0.0268014212025472 -0.12312155439233 -0.513440593182689
-0.0115092213280014 -0.00102186110162265 0.544255911685656 -0.375293084803225
-0.0153641078392215 0.00282529506974245 0.6351662868731 0.315792563399792
-0.0195041522899346 -0.00737081282277021 0.0738161848169989 0.512952184835844
-0.00729632958079386 -0.0295132378971428 0.0346327802269224 0.0815543406749579
-0.0183318138455875 -0.0259792015821797 0.186703561054893 -0.413228601479231
-0.0215297440582276 0.0225614839635072 -0.420689255716301 -0.657583988778282
0.00420444203716951 0.0168039553231318 -0.850005406528142 0.0905549992377883
0.00574916672837917 -0.0197699420209455 -0.174983329204771 0.656976748259274
-0.0152486667369507 -0.0302378526177265 0.341031239760645 0.32327859388712
-0.0203871954740412 -0.0177473612887024 0.299449118851569 -0.0678132286041375
0.00207223540680244 -0.00896653204920192 0.0270761499370781 -0.212364547736504
-0.00926044770910586 0.00338182015658289 -0.0370886599308551 0.162764617736288
-0.0211875431001796 0.000399786494817333 -0.218328222600468 0.069858501203389
-0.0283888754847077 -0.0219151030446733 -0.349558971745618 -0.186277397484198
-0.0143532659475905 -0.0299625615071486 -0.0463441496509578 -0.530600876510854
-0.0120188080599089 -0.00259282887156994 0.602681188128773 -0.301909450005806
-0.0202874643549604 -0.000436156483415334 0.595289462185273 0.401015833420004
-0.0221871528753782 -0.0147929663161955 0.0241642839429271 0.520807651813424
-0.0061086962576525 -0.0357190819878304 0.0362013289317093 0.0684538206065143
-0.0225894787007295 -0.0283171735306888 0.143538260808708 -0.433374195915102
-0.0245597664422224 0.0240896294261212 -0.503647806024931 -0.586878743751078
0.00461173014941582 0.0133205253093612 -0.816937690396314 0.210208659593541
0.00461867002743029 -0.0232007522386646 -0.0741040614589931 0.664441668021858
-0.0195293712018269 -0.0305939002815896 0.38249745676018 0.273643888701348
-0.0228824042324252 -0.0172016850607113 0.299267080881072 -0.0979839184938457
0.000847420374984342 -0.00867396594032833 0.0246891235631061 -0.221797030153125
-0.00971885501015437 0.00242496002378222 -0.0376843814431954 0.15206378374654
-0.0220611569198913 0.000210872969339843 -0.215660280284631 0.0471901415816547
-0.0256196418618833 -0.0235779281576261 -0.317837383479964 -0.231241111149799
-0.00726138407041427 -0.030974807622248 0.0376016150072852 -0.537166070238218
-0.0117241936898815 -0.00401151418995349 0.653895034642463 -0.208305871636616
-0.0212565335975865 -0.00446276291600394 0.535706116571071 0.489705978367394
-0.0208141214211323 -0.0196943244856544 -0.0291644787558669 0.520009313165505
-0.00651617493335299 -0.0366735154032323 0.0382270804803921 0.0531916553116483
-0.0266176202122216 -0.0260444732109253 0.0951675040230844 -0.449562385903697
-0.0234198045105413 0.0245860435299201 -0.582400073586229 -0.505425807227619
0.0045850261049971 0.0104381351036789 -0.761862635968326 0.323708833299077
0.00464501665627253 -0.0229981274601193 0.0294401184602461 0.658848264525249
-0.0188297878357961 -0.0239795844782793 0.417363941285917 0.220190272006497
-0.0217023399215906 -0.0128254660472342 0.294428938221043 -0.129922547949509
0.00121364371800439 -0.00577840594843232 0.0206489485666048 -0.232800841994099
-0.00995690153564359 0.00252484920048395 -0.0370906898848042 0.144728735011831
-0.01829067032718 0.00139793882205848 -0.211800172995197 0.0296975378790132
-0.0169601186562158 -0.0198391941547912 -0.284785139177013 -0.268112709619558
-0.000416122183346331 -0.0279061766639233 0.118243209032807 -0.531530312075261
-0.0102086682636073 -0.00666698334117873 0.689332853668959 -0.115531176383269
-0.0198426622222191 -0.00918080528690554 0.470262265113471 0.561997512747157
-0.0179498707342962 -0.0202833465684872 -0.077035367896216 0.515198593588612
-0.00756131626536708 -0.0328493821596591 0.0386230851812515 0.0392003530852672
-0.0276921298504743 -0.0218825099440223 0.0504845720766981 -0.461502420935138
-0.0176329116533524 0.0238500354945074 -0.641634273539625 -0.424053736745351
0.00608169200533933 0.00747624703422942 -0.703662081300988 0.419062165170217
0.00806684003236301 -0.0196269636383021 0.12036177997394 0.637206656015814
-0.0130999141399136 -0.0150222696488332 0.443510471268001 0.165550199876523
-0.0163465711856858 -0.00831010738680779 0.286166898880132 -0.157434487239161
0.00105746558764557 -0.00478828105847399 0.0172710275837082 -0.241673040678175
-0.00838593289816591 0.00387547847566702 -0.0373106489340762 0.140251933674142
-0.0129792379912833 0.00508818603610452 -0.20890095665047 0.0177255599491529
-0.00931748215710415 -0.0119891422665288 -0.256216402534712 -0.294376081947129
0.00488530036810752 -0.0208977227343959 0.179690292841802 -0.521654937829256
-0.00746001796000577 -0.00941400299725581 0.70921217513155 -0.0420818846478324
-0.0130888631511929 -0.0106362931338052 0.411596369017069 0.613452248613794
-0.014787707757407 -0.0140276163812032 -0.112119452213824 0.508418362544423
-0.00866704107850372 -0.02471017760845 0.0397123992723254 0.0265604125969612
-0.0225803858940426 -0.0138254940171228 0.0143140723782832 -0.467457629780212
-0.0107222231661742 0.0221614615630017 -0.676305105429698 -0.358484883391572
0.0074716349854981 0.00620269316890616 -0.650093600373593 0.479220178608664
0.0146329856903279 -0.0126950665300887 0.187575138744155 0.612192651960144
-0.00215005966783994 -0.00516307296458165 0.457753396773472 0.125409086058512
-0.00777262553151179 -0.00384011052440518 0.277776127576042 -0.176798749279239
0.00187917645470985 -0.00299855272464321 0.0128199285073819 -0.250708211017085
-0.00640857457543532 0.00763811787710473 -0.039870767100388 0.139032639116216
-0.00422829002614194 0.0110477604642906 -0.207374493673576 0.0113712174365559
-0.000643364237508666 0.000354086696763636 -0.242595273390427 -0.306270276045946
0.00895504293223541 -0.0116366516621271 0.211997597569375 -0.516147480175587
-0.00557858335500107 -0.00996928703683917 0.716166294808745 -0.00385219263104056
-0.00451230310616065 -0.00844233994172324 0.377651858818718 0.633251862519292
-0.0123430884343765 -0.00371709305606955 -0.129652628385588 0.50177280196684
-0.00980443034629188 -0.0120893994884522 0.0388193026827577 0.0205792778551298
-0.0156279792304038 -0.0046316051276697 -0.0049989511687756 -0.471738846278839
-0.00185913898624174 0.0192452035043501 -0.694453009827431 -0.327033645440366
0.0100741434314944 0.00555722792025003 -0.620736391588461 0.509756807982025
0.0220097252663685 -0.00561793985831957 0.218632834014716 0.596823136372734
0.0105381745475247 0.00374264892867619 0.463170152851328 0.104622373546652
0.00126391234741961 -0.000574805757188658 0.27226365906628 -0.183979980736365
0.00172340890784505 -0.00261861563925685 0.00931969076373548 -0.252373701846596
-0.00491872417591008 0.0104009045644689 -0.0412762841695248 0.141446747018395
0.00395633156055984 0.017262522904614 -0.209972408626178 0.0129641945329339
0.00632369824033373 0.0127051308921116 -0.245537028580735 -0.304808194496053
0.00946125215513041 -0.00318423304665049 0.208169980076129 -0.518692219368433
-0.00172004746224912 -0.0105201487306439 0.71512875176408 -0.0135253226775092
0.00510900166750106 -0.00503160578062398 0.381536256860976 0.62506611730811
-0.0108297374288887 0.00983438791330456 -0.126662173117885 0.499063191406749
-0.0121424753738609 0.00199294733434194 0.0381259592277274 0.0177534330567882
-0.00631087436244131 0.00358148820440207 -0.00525918111456894 -0.472836298299378
0.00726879460893311 0.0149712758401714 -0.695265337782694 -0.332957389857586
0.0139101027701594 0.00538810854337692 -0.624017922615111 0.502184156275761
0.0305277500892766 0.00289291708820427 0.216213210021537 0.595141613728468
0.0230845597625914 0.0116447142682736 0.465138364605305 0.107291965788777
0.0115929366216495 0.00178395649235425 0.273313676262031 -0.179794402618808
0.00169892506279251 -0.00264425454312429 0.00911152781826325 -0.250233329707767
-0.00277884775971455 0.012687901707739 -0.0426255306027412 0.146441389508746
0.0118350955758369 0.0224756326979547 -0.214620181413658 0.0215620602521247
0.0116074572736629 0.0240798289488036 -0.265592784901003 -0.292577121432069
0.00957865919440872 0.00557966206755971 0.172665106707795 -0.531692580707549
0.00094410553595327 -0.0108032831312446 0.709574706626554 -0.0654486956668977
0.0145781937485886 -0.00218890523934851 0.418685337943109 0.59572010455825
-0.00748677840752415 0.0223875997210147 -0.103535791188985 0.499397173961131
-0.0145909349325641 0.0161682810542643 0.0381985867840844 0.0240296541130267
0.00151067426986407 0.0115275855645034 0.0135219581741307 -0.473743991934676
0.0166929852027342 0.0131159006093577 -0.675858386457471 -0.376650464363214
0.0149709106171034 0.00728774519632873 -0.659834116160813 0.463685900478334
0.0368333219240501 0.0110588240144197 0.175878219333057 0.611887178982282
0.0346184020385039 0.0186924519241569 0.456488191866538 0.135303825368685
0.0202900578068246 0.00428980973185165 0.278061054837387 -0.165365437076778
0.00244402789966186 -0.00202911664648736 0.010528184715432 -0.242602269021044
-0.00811317143184315 0.00491019752018747 -0.0392407264759581 0.173176285490385
-0.0180071553270846 0.00134487740908639 -0.220489390749119 0.0920678632689277
-0.0281438628285519 -0.0186508679600895 -0.371856863405948 -0.143030072173127
-0.018739991446341 -0.0263589170663141 -0.118521632190671 -0.513991384818864
-0.0112048586272455 -0.000624174593605691 0.54568506548449 -0.371447176105721
-0.0148260600989969 0.00180347294135323 0.631664229924822 0.31999057638295
-0.0198934598033989 -0.00746407482911259 0.0696499995458322 0.512737713144491
-0.00765302587443596 -0.0306802425596178 0.0331168310214221 0.0825653505932405
-0.0173499879390873 -0.0253635719888451 0.190395076064291 -0.411886630886711
-0.0214450095431996 0.0217336146949317 -0.411778752441798 -0.660991204524043
0.0042005859829067 0.0173149104005409 -0.850934788806961 0.0826251549257555
0.0059428576460854 -0.0185201332261579 -0.180764700580151 0.655774791097286
-0.014944617418596 -0.0310770622251719 0.336881928950235 0.325793972179822
-0.0203873193623154 -0.0181161234082184 0.300982638791623 -0.066525468984685
0.00179573846000992 -0.00886055496453437 0.0285198686855099 -0.213350399814086
-0.00954915145493615 0.00321109166775658 -0.0396601603502023 0.162574662001235
-0.021879406280605 0.000543538525977973 -0.2208518343451 0.068118850591
-0.0283235021697596 -0.0223555955082425 -0.347003593186405 -0.188746880190678
-0.0137678435733648 -0.0309021738875922 -0.0420068518568285 -0.528888515505555
-0.0121515835571221 -0.00183778090942573 0.606757615175438 -0.295162136535898
-0.0202886106751109 -0.00116896193922932 0.589958955537162 0.406922388240241
-0.0217465891955583 -0.0153891158657761 0.0193809122281721 0.518933785237583
-0.00572870703748926 -0.036083478160659 0.0346882169242505 0.0694611919988293
-0.0228596632749296 -0.0280970509363768 0.146576127388967 -0.431807975404717
-0.0238171906512952 0.0234990205618206 -0.498477609533961 -0.591691437667926
0.00440627698368672 0.0137830343498581 -0.817691523250437 0.203550715508761
0.00432273470975344 -0.0239701660695804 -0.0807772227005543 0.664983264417637
-0.0191375172717953 -0.0304607781865935 0.380888016000841 0.276412528276779
-0.0224551806342423 -0.0168456047150935 0.299347563435597 -0.0971642235635553
0.00169280906895469 -0.00793773065738463 0.0263407474916769 -0.223698318509198
-0.0098579855425617 0.00335019427661682 -0.0393515727287322 0.152656793790672
-0.0221449289483912 -0.000400499150878128 -0.217756804077101 0.046950466472594
-0.0239201923954007 -0.0238726617867169 -0.316966028413574 -0.231849038372901
-0.00753545145309582 -0.0311298376300249 0.0441976210352157 -0.535685947043527
-0.0115814771230463 -0.00415466361650198 0.65703032844787 -0.202821667542816
-0.0226691598504732 -0.00545332078543556 0.531978057613917 0.492798625768479
-0.0219263004442833 -0.0203221270173889 -0.0319097905755943 0.517646093948728
-0.00525841169798943 -0.0377331274261889 0.0365533271843567 0.054228048742156
-0.0263798763331929 -0.0266636355450248 0.0984530288088865 -0.447991837210209
-0.023723149099189 0.0244144265927965 -0.577321123201545 -0.508508892938616
0.00476780240810679 0.0102223926679178 -0.764152322844534 0.319431740238913
0.00454564189955501 -0.0238143826328477 0.0239354364325896 0.657196967477481
-0.0184683734267912 -0.0242707975261784 0.415662903215339 0.221487419626051
-0.0213329433661892 -0.013025935570849 0.296054559665439 -0.127594022153913
0.00181395252316857 -0.00663379744893349 0.0233044368881254 -0.232654149591311
-0.0102929322210984 0.00281939994480083 -0.0398587012802438 0.145639331537791
-0.0189613196950853 0.0022592062437222 -0.212184830843743 0.0285996999691675
-0.0171990658617342 -0.0212539114614941 -0.282861050489716 -0.270126907909877
0.000703846331724752 -0.0282418089558464 0.121833000262344 -0.53153593863733
-0.0106614230686586 -0.00616504323848856 0.691789942189343 -0.111137229765179
-0.0199642352636437 -0.00915672936827868 0.464229338702258 0.564786048787643
-0.0184761421617801 -0.0205726119481107 -0.0812169610029114 0.514222459461097
-0.00636185343242774 -0.0328369608927936 0.0379585094893451 0.0392400608341535
-0.027356187774295 -0.0214969496234788 0.0541428614477405 -0.459555447863082
-0.0184248858191419 0.0243719773597972 -0.636336780177515 -0.428988374955534
0.00631646862923937 0.00759967749748007 -0.706577341000895 0.412204825891798
0.0088057900944918 -0.0196157293958959 0.115363061180181 0.635257274219858
-0.0126871095096616 -0.0159048389738347 0.440803751565467 0.16956220433063
-0.0158462798676038 -0.0093739029749363 0.288393247587938 -0.1555062312046
0.00158183989173386 -0.00466040592403475 0.0190249954599512 -0.242174805923839
-0.00849273241818645 0.00424775059385268 -0.0397863460581017 0.14139048853199
-0.0125455556759669 0.00595581752300725 -0.209296116758044 0.0155800178425537
-0.0092061505283011 -0.0124033239257758 -0.254392981560924 -0.295936627744834
0.00600971510939356 -0.0212383165142889 0.184109314286618 -0.519966873984566
-0.0076240260379658 -0.00833657786925772 0.708847867197168 -0.0372186542815681
-0.0129615745356408 -0.0108117230691119 0.405317232908514 0.614503644237553
-0.0153747860906159 -0.0147258562351594 -0.117144778760075 0.505934573795523
-0.00710128400845659 -0.0238891434144817 0.0382233786354623 0.0267388762182874
-0.0223189650666844 -0.0140690748804226 0.0185935551565309 -0.466457196579352
-0.0116126085423975 0.0222321723864727 -0.673687000071042 -0.364197962277498
0.00847880053491213 0.0065477783602857 -0.652857620528246 0.473487102897157
0.0141701262063144 -0.0129824862751153 0.183991114756045 0.612183778996392
-0.00213887987025861 -0.0053089377375501 0.456535589235918 0.127190139122735
-0.00816892728985739 -0.00412795702822618 0.279100322377682 -0.174776402863162
0.000763853536793008 -0.00332251521844287 0.01456567717313 -0.250233808423097
-0.00686419497823258 0.00704629565448467 -0.0410461714543184 0.13943328536451
-0.00450916801604081 0.0117312861781332 -0.208054197859112 0.0108959083482229
-0.0014741384444731 -0.00010913253854625 -0.239359343284947 -0.308467341313114
0.00902531101749673 -0.0113689722580684 0.214751128742514 -0.513332831165429
-0.00511308320642082 -0.00932099698544285 0.713906746733124 -2.17554118619798E-05
-0.00423362206264496 -0.00935923908771777 0.372274574155401 0.636093981336887
-0.0128560354190383 -0.00387783958300832 -0.133919987347238 0.499039377849911
-0.0100135914475716 -0.0115256246755939 0.0379581274181256 0.020780746231688
-0.0150381738422393 -0.00549813938156098 -0.00141969589591093 -0.470875079452492
-0.00170695526423411 0.018443486541047 -0.692289765805625 -0.331084533902246
0.0108921297238771 0.00587148461884001 -0.624220267807738 0.501776885945162
0.0231568262617412 -0.00588251184760357 0.214718505911902 0.59758132546329
0.0102728446793055 0.00364555208670736 0.462545189157209 0.107362948017809
0.00106247991811544 -0.000352862243257747 0.274792515086528 -0.182130042544722
0.000813896591133997 -0.00182603062601125 0.0129049778170758 -0.252784569392358
-0.00415372980648425 0.0093993122955722 -0.0422351179973401 0.141803843324996
0.00364959450779164 0.0180637500123094 -0.208747819721017 0.0127203005431248
0.00528135630474909 0.0124552773015795 -0.24348859321361 -0.30698998666735
0.0093628005106894 -0.00326421505066485 0.21165493630426 -0.518389848728986
-0.00178082395069505 -0.0102012277674017 0.715198463204896 -0.00919727269282327
0.00528344764492845 -0.00610820793213942 0.375144051810081 0.62835539129914
-0.0106372608505716 0.00966468822554445 -0.131121849551084 0.495115207432137
-0.012744887823381 0.00202399121244355 0.0379363326199187 0.0192936240204745
-0.00691194232940007 0.00278365339809009 -0.00162571608716848 -0.471570777607055
0.0077084244497771 0.0150273365588697 -0.691494406637068 -0.33862482384511
0.0133477800918597 0.00610612539104093 -0.626934273601485 0.496403628523973
0.0306213018485888 0.00209888992437982 0.21005357698593 0.596861042103673
0.0231669010218451 0.0116571694206594 0.462166718993026 0.109639997392834
0.0115589248038875 0.0018358016524712 0.274485947982621 -0.178117834986553
0.00176249716247564 -0.00145288221639501 0.0121740947305178 -0.249688831227176
-0.00311186484483547 0.0115430357075724 -0.0438609167931435 0.146606491391982
0.0123575782702181 0.0229463904228272 -0.214392200820855 0.0210946157838559
0.0115933195916588 0.0240422725315302 -0.263365069385019 -0.293272844273635
0.00996785358052411 0.00526166820205605 0.177933909920691 -0.528621864963473
0.000855653781432462 -0.00901768380744091 0.709951640787239 -0.0605732002354108
0.0142272042071603 -0.00183608855679265 0.413126417650064 0.597244756043453
-0.00790079397086864 0.0225257847990834 -0.108609594605382 0.497780923912588
-0.0146217008862956 0.0159633676067512 0.0370595405548348 0.0253755794058444
0.00209114367525493 0.0116603437077814 0.0172223496711067 -0.472974446155241
0.016637988309345 0.0124354967612396 -0.672423055200451 -0.382620876479685
0.0152416087181795 0.00710530016514659 -0.66240343701962 0.459682312730754
0.0356665428261173 0.0110536874524589 0.17145515545641 0.611936713359112
0.0343803839052757 0.0193501497037224 0.454423142087094 0.140070852059625
0.0203654955659178 0.00460997618142051 0.279026452247573 -0.163686776232264
0.00277709018382069 -0.000679798631692423 0.0134265535181208 -0.243295759105559
-0.00862228085752244 0.00401542766252746 -0.0409621706740691 0.174339922083338
-0.0177799090551365 0.00142216548169175 -0.221510079053909 0.0910629739076557
-0.0278521515123759 -0.0196925228122886 -0.371693227868253 -0.144938230513674
-0.0182745716748326 -0.0264891766356931 -0.113933403513106 -0.515940969723498
-0.0111035172186632 -0.00162753308422714 0.549371725185835 -0.367002757853338
-0.015146619908619 0.000900241556617288 0.630678357699019 0.326937044043652
-0.0205155972969159 -0.0076735068266814 0.0644183648609278 0.51436559590034
-0.00741959648465733 -0.0300518993033967 0.0324415902555413 0.0833572106047197
-0.0175320524379971 -0.0256979961802341 0.195284656047498 -0.409738971925362
-0.0216733857616653 0.0212554994496121 -0.406584770361096 -0.664951951741594
0.00382940518291887 0.0163642264594502 -0.852253323721597 0.0784893911906061
0.00519062753803987 -0.0188432567997414 -0.187557403883565 0.654536589513678
-0.0144339542227903 -0.0312169344544415 0.335748948149088 0.328941344142705
-0.0199913993128948 -0.0184699031710725 0.301560393202449 -0.0650400703979459
0.00191514404357788 -0.00881203838828334 0.0313302929485334 -0.214492423905954
-0.00962163553492963 0.00354382908738384 -0.0411188562180165 0.163492099366912
-0.0216372955978843 0.000598503153268782 -0.221272323294251 0.0684578859620586
-0.0283772467268743 -0.0234174843964692 -0.346988449889885 -0.190831456369212
-0.0136897592398202 -0.0308305113381661 -0.0368972716964174 -0.5293190183498
-0.0122274999898557 -0.00191002950798696 0.608180170883541 -0.289723170731596
-0.0212433318963743 -0.00204804611443926 0.588690256546247 0.41118015672049
-0.0215263081529454 -0.0145112153128196 0.0143308927990846 0.521040996770957
-0.0060157961678649 -0.0359979189369138 0.0336875467479863 0.0695895307541142
-0.0226036962644374 -0.0289255933962328 0.14977529378595 -0.430109491830118
-0.0246633892894696 0.0221430129674649 -0.492097153195409 -0.5947146049998
0.00408852123238693 0.0126482450736922 -0.820934249940486 0.196672282640716
0.00560322573639596 -0.0232346192628538 -0.085067222162475 0.665123721643101
-0.0178695675621948 -0.0306106514707397 0.376707457696045 0.279876244320772
-0.0224317512804665 -0.0167826098789738 0.301438217049481 -0.094249969906703
0.00153063749040439 -0.00706723100435885 0.0298398974708595 -0.22465540818174
-0.0103814728559211 0.0027739708128508 -0.0420007623437933 0.153927567852147
-0.0217935072504838 -0.000860645777460533 -0.21799907829033 0.0469048340439355
-0.0248397658539379 -0.0253586180496717 -0.314361849773623 -0.235114933297168
-0.00687463197199749 -0.0314430787131054 0.0469916512238985 -0.535996658211042
-0.0114985787438323 -0.00424337679258696 0.659115583818629 -0.198941435640816
-0.0221197240565095 -0.00636478864724533 0.527684702521724 0.499261035951315
-0.0210964735444788 -0.0203216487477209 -0.0377933177955979 0.518554493821778
-0.00492036108243713 -0.0377080593566441 0.0365026960316701 0.0549489411094888
-0.0254222001402588 -0.0267350938286373 0.104385627131756 -0.447526451181045
-0.0236181993748363 0.0234650486612591 -0.570226970646615 -0.514586544378634
0.00538680371828439 0.00995752425935574 -0.770054301211352 0.312955418634374
0.00441391494666908 -0.022692546015488 0.0196203836388254 0.658754603133478
-0.0182619218109024 -0.0241375849437788 0.415342146641879 0.226611707478599
-0.0208735089814842 -0.0127755770042055 0.297753655333791 -0.126272542267954
0.00191120084932561 -0.00685462535185889 0.0260790943383223 -0.233874264801754
-0.0106154062861587 0.00380652436669012 -0.0417137154874022 0.146767661106344
-0.0183064510812382 0.00186257062343019 -0.213373302460659 0.0283414116040046
-0.016991843175314 -0.0216577724426038 -0.280115301490184 -0.272541568328024
0.00117938416832133 -0.0279158174772145 0.126306945986996 -0.530005312011024
-0.0100639036817792 -0.00622456824024963 0.692115670199231 -0.105709501779989
-0.0194936338610025 -0.0101459427228123 0.460862613403225 0.569279949724995
-0.0174589745189954 -0.0206407224526764 -0.0854544964218772 0.514147740168799
-0.00661710302611663 -0.0330990319384627 0.0374153681509973 0.0398303010851038
-0.0264029102949593 -0.0222232521321958 0.0586120194325813 -0.45821655199155
-0.0193113137449374 0.0233882389041517 -0.632646463715035 -0.435119350042715
0.00628746995697911 0.00722939487887686 -0.711235231840962 0.407580371959679
0.00835661898470153 -0.0190750253393547 0.110776626257663 0.63827461947408
-0.0135506486583398 -0.0157144023968929 0.439813100465984 0.171293190281339
-0.0161845582457404 -0.00806828964640682 0.289822793458106 -0.155198082308647
0.00215188280747486 -0.00409909539327474 0.0201924147512221 -0.243477644269527
-0.00871633191049845 0.00447059981617213 -0.0417729855940346 0.141263328419722
-0.0123290894012336 0.0051781422939414 -0.208587841723693 0.0160279809034898
-0.00956444612030563 -0.012835103706457 -0.251968828210742 -0.29845096786695
0.00605188678188671 -0.0214013674883339 0.186322380444455 -0.520025276629748
-0.00758662569879644 -0.00814075478876852 0.709106655438299 -0.030468698866542
-0.0128407539478129 -0.0107105084616322 0.401253537151774 0.619404502647368
-0.0152234464673949 -0.0144534002929686 -0.120061131023695 0.503084594543151
-0.00755218175548874 -0.0241449272760526 0.0378273616524911 0.0278583876605344
-0.0220817561742867 -0.0130207860279119 0.0238410267095449 -0.467632108878743
-0.0114756899488494 0.0222939319489158 -0.670118454786821 -0.371928464822891
0.00834189600982606 0.00642740773701418 -0.658492402052008 0.46979390762146
0.0156634485170315 -0.0134270760370207 0.178446912375089 0.615240307954541
-0.00250537922513499 -0.00630583138557975 0.457293534160268 0.129493163138585
-0.00795139653283738 -0.00487391510835627 0.282078596664563 -0.173256761473799
0.00198694479039301 -0.0029394777634626 0.0167993806253629 -0.251604559341337
-0.00728808692706912 0.00730659255377003 -0.0433422130103851 0.141251792576856
-0.00433804427821155 0.0115605756443425 -0.207932484550346 0.00984941357695293
-0.00182777992214221 -0.00109867394314702 -0.238178492919547 -0.310037298628343
0.00857364568858532 -0.011934204552789 0.219978842448767 -0.512877816908194
-0.0051128728525317 -0.00946804299957438 0.717500694476405 0.00697717986192553
-0.00364829363690294 -0.00935595864974921 0.367043262383635 0.638105547428002
-0.0136003532232194 -0.00358189155403612 -0.139478101507783 0.497303629975087
-0.0104299212989389 -0.0123587635240603 0.0385325723251236 0.0209073263670443
-0.0149181656613635 -0.00662924754127999 0.00325325828762563 -0.470551790941332
-0.00218968780458028 0.0191843695927465 -0.687940881875484 -0.338191453411199
0.0103586050664093 0.00556750446872366 -0.631912332850359 0.498770528251611
0.0234875173413287 -0.00532848419044115 0.209190512023384 0.599197526686571
0.0100927192425086 0.0042848156089621 0.463620524936888 0.109963112436457
0.000964493999309491 -0.000785643454775389 0.276635471512122 -0.181083784535188
0.00221587413535653 -0.00148589338702807 0.0140391851993365 -0.253105279072514
-0.00432498202088856 0.0104444459230021 -0.0448627478339943 0.141403758107265
0.00373123824048507 0.0179769553778308 -0.210115235458038 0.0123291328202324
0.00462987195200586 0.0124342906376418 -0.240569230947974 -0.309017461598675
0.00916072460355095 -0.00299755547723322 0.219007399841258 -0.516673569282278
-0.00172510436651818 -0.00949572248054656 0.716533688518001 -0.00146928846582147
0.00483682576112225 -0.00526210040382011 0.36960730925976 0.631471704470228
-0.0110291824188305 0.00939111157406761 -0.136156677748481 0.494720611988442
-0.0127464455012358 0.00163326294108095 0.0373033416710927 0.0201238975215648
-0.00625000906911951 0.00261745064676193 0.0022345527661428 -0.473987667708219
0.00867356485464581 0.0149050333093345 -0.689448369367478 -0.346015641027833
0.0135002977907467 0.00607368444766063 -0.632356221623184 0.492722419048907
0.031282748363165 0.00153253316470454 0.205902945030354 0.599756612947082
0.0233013813075474 0.0116364689259465 0.463379140245021 0.112609321493543
0.011193445921128 0.0015588050728245 0.276379810850465 -0.177443542015951
0.00161335552897819 -0.00185637030021166 0.0142068392620446 -0.250339053275534
-0.00280988104019062 0.0119750140886687 -0.046735833086441 0.148092629929564
0.0119719473366055 0.0234842457978562 -0.215716948323823 0.0200733355457487
0.0107175187473028 0.024206395041615 -0.261819676167012 -0.294584330659268
0.00931489923240286 0.00571094363733246 0.182343146165445 -0.528850690389377
0.00104679062623124 -0.00871757796630855 0.710486564316015 -0.0536294590849707
0.0140640701925077 -0.00257108625168006 0.409099553645385 0.599764858823869
-0.00838473421990638 0.0229867453066223 -0.112628999346064 0.497984233404281
-0.0141710023320657 0.0160790081381555 0.0367079041523248 0.0251079709192637
0.0014938916332733 0.0118888169635965 0.0229533560053675 -0.471746293313773
0.0163329464148734 0.012387012822306 -0.67173077304584 -0.388544213635361
0.0153625360515578 0.00722236873347757 -0.667807501583736 0.453434039976249
0.0362354945671512 0.0114934292651252 0.165714986694747 0.6140701753791
0.0328210338511505 0.0187948994421413 0.455330199264179 0.143193544013757
0.020384054861015 0.00431023479296104 0.282075098150733 -0.162908986688691
0.00307728109296624 -0.000339777231540935 0.0150416451865989 -0.245018457026037
-0.00806428089510974 0.00510650818680226 -0.0437356893503514 0.175351281254757
-0.0181683896855699 0.00231155191381605 -0.223073638173712 0.0903991755918267
-0.0280427864607183 -0.0200191592446181 -0.371818901235677 -0.14841549485222
-0.0183465349590279 -0.0276902883584403 -0.11144947876659 -0.517405335151634
-0.0106452894070545 -0.000143563231579592 0.554291241130421 -0.363436570191297
-0.0160405562588041 0.0011874087399799 0.63109588446531 0.333453573270639
-0.0209148206310218 -0.0073612965519902 0.0595039580407686 0.51701910478008
-0.00775463846014082 -0.0301854379659282 0.0314289685815484 0.0836364478369854
-0.0174375014758306 -0.0267634902455881 0.199094535589078 -0.410363475140745
-0.0214974355630714 0.0211455303803352 -0.402130143623454 -0.673467804716095
0.00454707940643742 0.0162055572850551 -0.854377113740532 0.0701662308045155
0.00653760186323539 -0.0189241133646888 -0.19385623829403 0.656340987138665
-0.0140521836925664 -0.0314307490453489 0.334410399724209 0.333714018430019
-0.0193709760577825 -0.0203727731446597 0.303555443301071 -0.0616781167389866
0.00107402135530874 -0.00853760930488761 0.0336264207533254 -0.215526358525984
-0.00994754606037806 0.00420769705408315 -0.0442024919310388 0.165455035640651
-0.0212950339952668 0.000403637988611908 -0.222428017147498 0.0669903449768657
-0.0286745944101595 -0.0251717240852405 -0.345462678812591 -0.193214558481216
-0.012697186941468 -0.0313413832980561 -0.0329069245053366 -0.533961822725214
-0.0124688149931317 -0.00205961583967838 0.613930262049768 -0.287650756462551
-0.0212554642586865 -0.00200829333192509 0.587437269161122 0.418836388739393
-0.0223420106263671 -0.0157817638443637 0.00941316682548759 0.52039646965805
-0.00588731313896966 -0.0371775793303554 0.0338623966487296 0.0705664699633369
-0.0224935128865957 -0.0303037139593078 0.155702005878657 -0.429411714654142
-0.0242050694414036 0.0226302797984442 -0.488993823766045 -0.601985356264842
0.00476677572518718 0.0125761069290262 -0.824704501419197 0.192042650990554
0.0046679456142894 -0.0237634394087924 -0.0906848027250825 0.668011759298426
-0.0182664288037965 -0.0315775883128676 0.377154308529204 0.284124015560245
-0.022725277599169 -0.0178565919385782 0.304154386910075 -0.0927279014660252
0.000610625825417223 -0.00788620091153082 0.0300764901002119 -0.224972037018893
-0.00978816517556305 0.00297452489852961 -0.0450126223276726 0.153960898280989
-0.0217749921359363 -0.000664538294934828 -0.219333855129026 0.0462391281708463
-0.0244624435947561 -0.025692974091289 -0.314053265835304 -0.238128249542096
-0.00602099352404984 -0.0320491969607431 0.0528828302322589 -0.538276234254953
-0.0118210760901266 -0.00451911334087527 0.663953634974669 -0.193537897470739
-0.0215240626684262 -0.00622588129541158 0.525471618409653 0.504312008904188
-0.0211211345787815 -0.0210850686015948 -0.042551844765291 0.521149784346012
-0.00481293554258635 -0.0368829860205441 0.0356908672280693 0.055623197109442
-0.0258604033583574 -0.0278523052038571 0.108916292301912 -0.44888334263133
-0.0231348483423445 0.0238154125200149 -0.570202316729689 -0.52184742300543
0.00532074473688227 0.0100537557886945 -0.773534152150079 0.306923682809329
0.0054667131946797 -0.0238037601612196 0.015552148945518 0.660856471927641
-0.0180574760545449 -0.0252992902798034 0.414603373729318 0.230074412023788
-0.0211225158941941 -0.0142324969936326 0.299749636873105 -0.124800989846298
0.00110925385044088 -0.00688414328492205 0.0284688125446325 -0.234564265213403
-0.00964004203856784 0.00356688607078746 -0.0430537459968683 0.147069213287571
-0.0186951430866231 0.00205431209796627 -0.215753290204515 0.0261482177257739
-0.0167517519772063 -0.0222849409978788 -0.279018281712475 -0.27574745094258
0.000816015139499563 -0.0285683068208159 0.131925088706509 -0.531951603814914
-0.0099039573143553 -0.00591097558447027 0.696091927613673 -0.100385783299433
-0.0195494862958241 -0.0108848296674022 0.456954376278573 0.576156554507536
-0.0190803511374925 -0.0210190241886387 -0.091509574807247 0.513258030278911
-0.00650256773065167 -0.0328769605057097 0.0371983645542861 0.0409230864001815
-0.0265959784337118 -0.0231210385372304 0.0631859935180082 -0.460810255339816
-0.0182797054397721 0.0229318373145124 -0.631817657205454 -0.442303895838048
0.00665376756199604 0.00815928201059014 -0.715212421311877 0.403583617472103
0.00839302051685154 -0.0196865643610064 0.107526496623961 0.641303139005292
-0.0131999155403425 -0.0159443788521671 0.441267003212471 0.176314095672194
-0.0160522649903417 -0.00856921360285655 0.292228165487984 -0.152090669985387
0.000797903337176172 -0.00524582762041045 0.0228572429229184 -0.24376004010878
-0.00882254727160209 0.00534959540578323 -0.0434236803208399 0.143440880816709
-0.0120561945379129 0.0053703865324375 -0.210581894945004 0.0142968964552067
-0.00968020452827163 -0.0135788251592677 -0.251053079437413 -0.300858008658823
0.00645567157056623 -0.0216217111738174 0.193455355819668 -0.521575057760486
-0.00694694605628981 -0.00806984108715353 0.713559305767212 -0.0281818243364025
-0.0127032637425075 -0.0119123919386479 0.397275342359251 0.62481582925862
-0.0151383939213369 -0.0155903486685137 -0.127672282547 0.502724610411187
-0.00671308387601424 -0.0243724691071959 0.0371940077845929 0.0289696243638391
-0.0227846739931981 -0.014010771344864 0.0265842117983716 -0.468479352055268
-0.0115891228730943 0.0216706828282142 -0.669489627703844 -0.378176283195739
0.00937382284367239 0.00589765986755493 -0.665781097110213 0.46723572888807
0.0149123528527676 -0.0125781471588943 0.17429583120782 0.618088923424949
-0.00259323776241841 -0.00599840564455241 0.457548674084791 0.134717022101271
-0.0089046036510759 -0.00488624523786369 0.28372534218432 -0.171003663363066
0.00190090163759716 -0.00273038291044718 0.0201163581807814 -0.252309371424562
-0.00679532889436056 0.00843638878219944 -0.0457585382698023 0.14175090332447
-0.00433128858700116 0.0116557575969289 -0.208730554796884 0.00910907927854321
-0.00144751583148559 -0.00100892610447812 -0.235439319236877 -0.313657043470542
0.00940505361282466 -0.0125587110811847 0.226109563475457 -0.513737680649466
-0.00487303500744571 -0.00859203942582954 0.719340547351807 0.0108205966258152
-0.00452028348543666 -0.00969989669470312 0.363267691716838 0.644274130310393
-0.0134544295320557 -0.00359109072726246 -0.142402533012764 0.498118377309192
-0.0101878270558262 -0.0123264788585267 0.0384598536679413 0.0222681830135728
-0.015878381863874 -0.00645306307122018 0.00842173722998354 -0.472515194144604
-0.00262390913370936 0.0177421331887365 -0.687016894881632 -0.345175233810917
0.0106477433984126 0.00620229127104025 -0.634892858991548 0.496973985628363
0.0240872999588923 -0.00578282629028445 0.203930127960757 0.603106220731645
0.0109566430833021 0.00318260528298441 0.464375725240016 0.114093522905048
0.00216769193701979 -0.000815060583493368 0.27940830862569 -0.179059381239765
0.000758347707906567 -0.0027116148874825 0.0168024292769028 -0.25460636837305
-0.00526917346090526 0.0105125040481987 -0.046601198175646 0.143981519944523
0.00373838596656789 0.0189281429558865 -0.211620834523521 0.0106275203754836
0.00468403641523693 0.0116710984630458 -0.239101809771898 -0.312595724816738
0.0104807567454339 -0.00328549157243202 0.22132885635492 -0.5178670903656
-0.00143655601547789 -0.00906726964812465 0.718663875058307 0.00289819557162674
0.00483871146673858 -0.00560292406263036 0.365259574953063 0.63730118694359
-0.01116785433396 0.00907498165002168 -0.141187723060146 0.492945341651793
-0.0130150138229305 0.00250538620365302 0.0378783255881047 0.0214081399113385
-0.00691783383584619 0.00164289207343561 0.00764596398116637 -0.4741207330078
0.00761446809343851 0.0140780248134187 -0.686955748914906 -0.351560598091138
0.0140263678513076 0.00643467141055777 -0.639628119338091 0.489750194481226
0.0317227253103394 0.0031641627997695 0.202193254361605 0.603329457607503
0.0235490260354237 0.0114823175449668 0.46335422313669 0.118091852179514
0.0114623758405303 0.00250681496310818 0.278599109688464 -0.177140571814287
0.0021034020150346 -0.001874465309956 0.0157387923344584 -0.252362608631743
-0.00135964685391734 0.0130660711148234 -0.0486480191565614 0.149671510760512
0.0116305246974911 0.0242767976164656 -0.217066511390045 0.0195018007182937
0.0112234512167939 0.0234190586402533 -0.26034609314868 -0.299435426352395
0.00970124935671944 0.00450516516338409 0.18567031483856 -0.531075543863988
0.00139366971405778 -0.00878489707638559 0.714001717238522 -0.0496058246513709
0.0137934886770504 -0.00261524330454063 0.403484558544349 0.605160395007075
-0.00918744340898484 0.0213317784878981 -0.118823081354741 0.497370170107527
-0.0157201074516069 0.0157380610220943 0.0358787126185246 0.0263908529614105
0.00146724634230255 0.0116422040757062 0.0266527161754351 -0.474154909668359
0.0161560594321187 0.0123764610833605 -0.669752890591282 -0.395424169512671
0.0151507327459795 0.00738232788945372 -0.673410518729842 0.449906286537123
0.0356407738839028 0.0114518226611563 0.159981748974946 0.618599039582786
0.0347411629783953 0.0193285541671986 0.454307751906003 0.146006036498483
0.0201110302307954 0.00440603587075097 0.283946895388487 -0.16204196592154
0.00289319928900971 -0.000406428628382001 0.0174643902653392 -0.245276527331377
-0.00732560701680005 0.00553516663370024 -0.0460009054992185 0.17731635025352
-0.0183574638896907 0.00123889352154584 -0.226904112522764 0.0911887430338361
-0.0277970801960882 -0.0201333898912706 -0.373755871928692 -0.152519496244975
-0.0185946263939115 -0.0276867175372862 -0.109284830315677 -0.522599634798238
-0.0119888100196548 -0.000729152805826406 0.563414233634134 -0.363385083801876
-0.0168879279626097 0.000848321270223062 0.632738060225662 0.338931058564439
-0.0208800393753022 -0.00929518424769301 0.0554360525155665 0.518869486785545
-0.00766031195056584 -0.0306290263719017 0.0305960855880382 0.0853560882898967
-0.0171388197676938 -0.0270155767845744 0.203685547133898 -0.409653676486597
-0.0209586983961628 0.0203684767797458 -0.397422910815653 -0.677745140847271
0.00403748588833179 0.0164977427273343 -0.860822097930893 0.0640620067988441
0.00671598640423507 -0.0192998742817991 -0.199147067648181 0.658368771209519
-0.0140877057141051 -0.0321021597944082 0.334130366049887 0.337972755221519
-0.0201644306670769 -0.0191096619974835 0.306152964200244 -0.0617633204905606
0.000768216314850094 -0.00898084565646096 0.0349496691652824 -0.217598791633647
-0.00944785664027442 0.00393678353033032 -0.0456957247314473 0.166337764061017
-0.0221708222357667 0.000564944396674291 -0.225662653117337 0.0675589003552751
-0.0283213498243432 -0.0257969591609944 -0.346992886541843 -0.196885778428578
-0.0132292904998668 -0.0317122220886183 -0.029131561544076 -0.536142603449111
-0.0121594251724885 -0.00228094793457797 0.619868739918753 -0.284210344589951
-0.0212442537347995 -0.0021641099811897 0.587799357891015 0.425806752855949
-0.0224307032071054 -0.0165644503414064 0.00596180004692594 0.522584090257269
-0.00572404158014812 -0.0368144800013975 0.0324442705240139 0.0709872782689859
-0.0217261689112582 -0.0287983534634077 0.161268927121786 -0.431447647218502
-0.0235312955526604 0.0219518873181166 -0.486974449657871 -0.60865062330269
0.00404433562021387 0.0135490053865347 -0.830925974395756 0.186585787804028
0.00558481334370906 -0.0240160058690145 -0.0957883262852658 0.669796303910287
-0.0183624795725526 -0.0319815972643106 0.378009342083029 0.288675689198617
-0.0224763643948816 -0.0183251377662605 0.306682999532628 -0.0915017492385771
0.00113471811234667 -0.00772939389651766 0.0331192061688499 -0.226658786838858
-0.0106274709867808 0.00378485855645828 -0.0462129117801829 0.155614272096235
-0.0223046457667056 -0.000502842585012457 -0.222465408537014 0.0461476781637871
-0.0241207924169261 -0.0264207956838809 -0.314756192145559 -0.241788287155159
-0.00602702395077451 -0.0323523859792547 0.0561682829399486 -0.541651956651827
-0.0109559478310345 -0.00367929063194856 0.6689556583067 -0.189289880322927
-0.0227405779115061 -0.00746543179097489 0.52322212669894 0.511678763684224
-0.0210556919563766 -0.0208307938190569 -0.0474007238047961 0.52269770136281
-0.00480781988452564 -0.0387635060720572 0.0344034826968783 0.0559797601906653
-0.0258465439894945 -0.0284259353216792 0.113826631796461 -0.450077524103616
-0.0228175808549944 0.023146748058482 -0.56913294513567 -0.528449493002197
0.00558016578563228 0.0115372580450512 -0.781618811029374 0.30416172274286
0.00620327195059021 -0.0244556812083233 0.00744938789482288 0.664433616896087
-0.0171395727292505 -0.0262152586173468 0.414836612489785 0.234220176821883
-0.0215140718900786 -0.0137668993024803 0.301962331966138 -0.12334397928722
0.00153167362126522 -0.00556668343929729 0.0289285982584989 -0.236415399487876
-0.00987971594982051 0.00339961278733348 -0.0461488153763029 0.149497410568395
-0.0187355180884218 0.00197617037067345 -0.217164168527866 0.026714722807397
-0.0174649478337695 -0.0234236601844941 -0.278465109712024 -0.279120314148893
0.00127027466971808 -0.0283544438391977 0.137177470610754 -0.533734158875364
-0.00991054396684463 -0.00608049098417075 0.704757521231842 -0.0961609971567526
-0.0204065721807476 -0.0108112272773985 0.45591507074575 0.582529290226208
-0.0178071390434196 -0.0214380043723276 -0.0966102615641404 0.515280614548842
-0.00541110593688852 -0.0345779583242128 0.0360490509221586 0.0420141465095589
-0.0262706062299333 -0.0227350756233291 0.0663967256750699 -0.46260586865363
-0.0193861973072063 0.0230751370756956 -0.629596566363491 -0.448391498438982
0.0058798917455383 0.00828867981326851 -0.722948028830532 0.402926725956548
0.00868578333896263 -0.0203014406533824 0.102019430629383 0.645792228164145
-0.0124880218215572 -0.0159858342788129 0.442344963650274 0.179151898670567
-0.0165246025333449 -0.00988490257923388 0.295945847034021 -0.152251122185093
0.00194415529374969 -0.00478655889405686 0.0253578908158407 -0.246144609658511
-0.00879515798358634 0.00584837646487228 -0.0457218351720425 0.144413883066729
-0.0124748457672613 0.00617474406367824 -0.21283926672391 0.0138967235640199
-0.00876540209861665 -0.0144921471615267 -0.249814172578395 -0.305719806523514
0.00808872998865527 -0.0210838572347097 0.198537769144619 -0.522904973648089
-0.00829205890048492 -0.00805515491847216 0.718260114668788 -0.0211139660784047
-0.0127252532322198 -0.0118866091782714 0.394174666374996 0.631251067691033
-0.0145383903713183 -0.0158562981363792 -0.131073942095779 0.50607544701355
-0.0072903680499671 -0.024606519374415 0.0374095221106209 0.0284171142630084
-0.0215053356359965 -0.014954212360189 0.0306976603025958 -0.470598940706841
-0.0114571243615641 0.0200394838511151 -0.669228309008856 -0.385908939531841
0.00897503645047949 0.00542361074445605 -0.672810715646275 0.463712128725021
0.0149391813019112 -0.0125050851948217 0.169860663550313 0.624718407353252
-0.00214147897052406 -0.00634618139897039 0.459019648600006 0.138151485789005
-0.00847070762465562 -0.00501232997398951 0.288334553211282 -0.172015088665525
0.000691767055682015 -0.00334351079781367 0.0210811137736463 -0.255672742282039
-0.0067005322113324 0.00837190837181686 -0.0473869037727483 0.143889090758438
-0.00384330841406989 0.0123109092635985 -0.210580012555377 0.00767097345935115
-0.00224302521676757 -0.0013854068030575 -0.23596972581175 -0.317181123672142
0.0101224251106664 -0.0121807602938249 0.230462723750062 -0.516828598126947
-0.00426307939746614 -0.0090905895850064 0.723914465689857 0.0169945959422497
-0.00402037755740294 -0.0102934896524315 0.359742424135253 0.650196429395886
-0.0136343586023133 -0.0035242136006417 -0.147970861924762 0.49777006244975
-0.00976055089901961 -0.0118132135292634 0.0374488859396326 0.022899725331633
-0.0145019290007568 -0.0070893369920096 0.0124288903877688 -0.4741551800174
-0.00125520882240693 0.0169300830427003 -0.689731183533924 -0.353000647680588
0.0107250581043066 0.00556285493090392 -0.645721001945481 0.494746620722499
0.0236059818650392 -0.00533215783903873 0.201175209991079 0.608442134187068
0.0106399671479967 0.00275385053771314 0.466802067287834 0.118325643253837
0.00153655635133597 -0.00105633126947395 0.282805319372997 -0.180107423362377
0.00172641863080746 -0.00142497902782373 0.0186101733833184 -0.257194172729387
-0.00470291504423735 0.0110869913140092 -0.0491223434039277 0.147138308507638
0.00301706763906937 0.0185417933267328 -0.212844937915323 0.00965570119170519
0.00468386159266244 0.0117003832865347 -0.23743917625331 -0.316699859032539
0.0102693469785989 -0.00331497889554403 0.227525730835675 -0.518478429541075
-0.00194653712595433 -0.0093627096152345 0.724732314642285 0.0111648077845774
0.00470901209561989 -0.00553574512631253 0.362670692234777 0.642874897814437
-0.0121691924127917 0.00852870595350457 -0.145278059589651 0.494680864242231
-0.0126347939539143 0.00131876589893614 0.0363846900721286 0.0224964957203727
-0.00589849635506446 0.00246421169159163 0.0115084918914132 -0.476699596436551
0.00786733636749459 0.0145186980746772 -0.688171834785849 -0.360226718296871
0.0142489274423491 0.00661271216067712 -0.646193256291583 0.489315835020915
0.0312759693955845 0.00236204888910482 0.1966460760473 0.607975002410505
0.0234063734715044 0.0122865434433651 0.465247371868257 0.121161289279676
0.0117548467108376 0.00180009335637043 0.282518330980339 -0.176182223739912
0.00222068686507247 -0.00177843070659438 0.0177976855161391 -0.254956174906933
-0.00180060715239824 0.012880079527699 -0.0509581988096299 0.150158635338727
0.0120358317520989 0.0245648021480719 -0.217234852873452 0.0193620162077621
0.00996222721727956 0.0237491117988085 -0.258316189045307 -0.301899610465109
0.0095758851184421 0.00426963352986673 0.19011598192491 -0.531892874922915
0.00196089015100879 -0.00865663288109138 0.71850236213759 -0.0428490593631655
0.014391835730993 -0.00231591168935187 0.401125160232416 0.61285111643304
-0.00994303792387076 0.0223778176765705 -0.122394458281512 0.498756054363105
-0.015520341625541 0.0153950301414723 0.0362859959180747 0.0270294533380864
0.000897308291029771 0.0117995347849198 0.0319122587374455 -0.476247655938185
0.0164015421299204 0.0121860945272111 -0.669751458489497 -0.404854990598942
0.0151066477013446 0.00748264418039027 -0.681408498250861 0.448827278855611
0.03616809215689 0.011152475396163 0.157356913914465 0.621838772439546
0.0342604053695473 0.0192171645783567 0.45839771652565 0.149369140555311
0.0205678254318224 0.00538076143690226 0.286924625871158 -0.16136168432186
0.00196676355775706 -0.000120537262116908 0.0199163982874168 -0.247512404417583
-0.00856075230549977 0.00595483271388737 -0.0481797328723891 0.179701809031855
-0.0180942772407895 0.00163471795751152 -0.228781246914276 0.0908067367553397
-0.0279075120276407 -0.0211828780643563 -0.375432522064713 -0.15430303295274
-0.0175644189937933 -0.0283393511684592 -0.105329451059757 -0.527699285745271
-0.0116324252823943 0.000185601227110466 0.572521102190335 -0.362897263592387
-0.016490504356771 -0.000102854556897805 0.63539525270354 0.347553984891622
-0.0206937775039355 -0.00893225628507273 0.053032477924598 0.52399654083203
-0.00754366806348576 -0.0307619166121012 0.0299300818067488 0.0863035396922534
-0.0173509945419335 -0.0271468643265448 0.210683662786159 -0.41199406996996
-0.0221764343343402 0.0208092325555093 -0.396714550131046 -0.688494769443051
0.00333357880443313 0.0170716731122473 -0.870093301382901 0.06157252088857
0.00690883467565366 -0.0201538282626075 -0.205516356504239 0.663626156380568
-0.0138392026212139 -0.0327317013067227 0.334872186896938 0.342928110029896
-0.0207508269313312 -0.0189849912015339 0.309090993225301 -0.0597236786797068
0.00168793157374675 -0.00814894114192222 0.0370345444462086 -0.219326165627645
-0.0102563951659578 0.00462480817407094 -0.0488905085897867 0.168884169499312
-0.0228195411313744 -0.000255928124229801 -0.228374584422477 0.0683761180234221
-0.0282548121819084 -0.0259825044789001 -0.347754166873667 -0.201256590952144
-0.013418130104324 -0.032438553178844 -0.0284373846435752 -0.541901370025501
-0.0120795794997385 -0.00176964835788998 0.627942804948228 -0.283150401056708
-0.0219782694841075 -0.00283532862482105 0.591128234802511 0.434408527846521
-0.0222371304107312 -0.0166478491144368 0.000186051067159325 0.527386391780338
-0.00556031570165164 -0.0372693662831989 0.0328255401745677 0.0726168003724173
-0.0217905722300767 -0.0308536739009943 0.165275072419584 -0.433679986441979
-0.0241741287125184 0.0218410407039649 -0.487042992169332 -0.619185135901036
0.00462449725756529 0.0137650266589841 -0.840209133330317 0.183795921325833
0.0060544886923578 -0.0238494263424193 -0.103919480607198 0.67459685252446
-0.0182764052641122 -0.0329555661903219 0.378719702184688 0.293397099206106
-0.0227205013716574 -0.0183600364564183 0.309646782887181 -0.0910333528607329
0.00143225985368891 -0.00902606154341721 0.0350421400144517 -0.228955227909923
-0.0104398725179666 0.00385346069116703 -0.0483009436081186 0.159958791560983
-0.0220764922240907 0.000229779273223891 -0.22548692668577 0.045810279467528
-0.0239692791251996 -0.0279335998132022 -0.315288934313643 -0.246274893453549
-0.00560489750549646 -0.0321227102105524 0.0590868991341927 -0.546841212394869
-0.0117062396661499 -0.00304118272448488 0.678214616024663 -0.187769888529159
-0.0229236321923874 -0.00734574294164182 0.52531945145281 0.520068449964985
-0.0208038340784307 -0.021147600734652 -0.0514580587062801 0.525854731899766
-0.00531861124816701 -0.0383160306389611 0.0336044276748459 0.0575343625341177
-0.0248619079254763 -0.028852224063532 0.117420103294111 -0.450894653683593
-0.0236705139152097 0.0224651298147554 -0.569493035186303 -0.537049988040033
0.00549427212760929 0.0109286516962286 -0.790124311941783 0.303624392338387
0.00629465598313946 -0.0238312613143893 0.00472636624917577 0.670934647146452
-0.0179067739979076 -0.0270807332028757 0.418588678260067 0.237609662320902
-0.0213669483970404 -0.0151439269238946 0.305182913381349 -0.121860102850253
0.00132277549199846 -0.00675006620856928 0.0313305187755316 -0.239375134148004
-0.00959146288622262 0.00364832366298678 -0.0484205408473942 0.152400450615673
-0.0187882391127031 0.00209712088470304 -0.22035199246809 0.0267126636214889
-0.016930518694003 -0.0237281024265802 -0.278823197595495 -0.282623362616511
0.00218953859396067 -0.0291310049067298 0.142743534191391 -0.540944526235068
-0.010284726185678 -0.00599259868829072 0.710095369205692 -0.0928172641277124
-0.0196935092049951 -0.0114113088187007 0.454497943884731 0.591550713070108
-0.0181330941331777 -0.0218345562089125 -0.102017487758904 0.517897054616192
-0.00548350685963235 -0.0339211833171281 0.0360571295332891 0.042792130526599
-0.0265033715131146 -0.023547531550334 0.072656157350027 -0.466925945065858
-0.0182642629009204 0.0233747822925339 -0.631803373286914 -0.457769803786954
0.00712403582905886 0.00852948375275982 -0.733258046247943 0.400610669887091
0.0086469882518718 -0.0198720657392554 0.0993475044658906 0.652759013109817
-0.0128303581040335 -0.0169280243804819 0.446757055811521 0.182842491450396
-0.0161238762136121 -0.00977680474941957 0.298878334873901 -0.152274243976226
0.00147070901781266 -0.00501067036724622 0.0279215506806748 -0.250872633101022
-0.00871404597747948 0.00567838072103911 -0.0485528975477647 0.147941919109209
-0.012171553459134 0.00611668092252712 -0.215199141714831 0.0136734288123427
-0.00976890659522186 -0.0141592202297205 -0.250570617105258 -0.309896994648082
0.00755821662294809 -0.0226542563008939 0.202490551313989 -0.527642253721906
-0.00773991991319915 -0.00776096940367381 0.726294176632368 -0.0163738516560912
-0.0126175629836002 -0.0123386624452458 0.393392626361061 0.64000241690391
-0.0153814442758935 -0.0150735366903558 -0.135146649302693 0.507673452123472
-0.00792599155053949 -0.0245760876885834 0.0382980047855467 0.0307433484427023
-0.0213461794054617 -0.0158110468753856 0.035134200344242 -0.473287806904934
-0.0114388913892234 0.021091330453017 -0.67172640768371 -0.393613183680078
0.00853512643219639 0.00551523258874609 -0.681278186803506 0.465739624678965
0.0148765605624031 -0.012705926589722 0.167830239995034 0.629798712980793
-0.00242103029079791 -0.00593729579651656 0.462535189278774 0.140577441248349
-0.00910537443199239 -0.00437419306351273 0.291967777603358 -0.1707435350589
0.000867321848778834 -0.00337950464810717 0.02351254915418 -0.258178069028287
-0.00685894919912352 0.00910534378780709 -0.0489352368211115 0.146873491942098
-0.00438502967021872 0.0125308617748347 -0.213444475694514 0.00825814534886427
-0.0025728565057574 -0.00189556999556048 -0.235163253087218 -0.321514063139397
0.0100535111086941 -0.0128990318060073 0.236242663777123 -0.51972151224154
-0.00531823187170198 -0.00898660929315667 0.730371088814635 0.0201599485943786
-0.00436666228291557 -0.0105416365290467 0.358343447617986 0.658300716551636
-0.0135391010158315 -0.00439909078677022 -0.153337427188021 0.500737578865703
-0.0105010253479063 -0.0134688113661465 0.0375314391094716 0.0240487697414628
-0.0150190637731697 -0.00743413701789032 0.015515356998989 -0.477816019872224
-0.00164647437988268 0.017861966191747 -0.691901593025893 -0.360818821745432
0.0110772697163002 0.00639459187504613 -0.653463552206908 0.496538496070504
0.0236553305349897 -0.0050799887073735 0.199030786639018 0.615195786779663
0.0105399581189121 0.00398331013355169 0.470283333477185 0.121618632225965
0.000988425785692845 -0.00108591441644225 0.286391445886604 -0.180698695309801
0.00112356149066507 -0.00130960911720108 0.019425351327556 -0.26012686553276
-0.00496520210255617 0.0112022513702407 -0.0503601189400443 0.147427396549713
0.00421251644723177 0.0186093902077919 -0.215191996078402 0.00950524371840289
0.00462097257614368 0.011393546464641 -0.238417433771501 -0.321181551779004
0.010908725219682 -0.00340449092280282 0.233048445465105 -0.522767398905833
-0.00190351533946336 -0.00958299021099673 0.730774399550346 0.0119341264074318
0.00505229141120975 -0.00647778105032568 0.36181040285876 0.649564563749051
-0.0118411984569894 0.00984573983269235 -0.151020453281555 0.498638330656287
-0.013543931014705 0.00201681034008972 0.0368222912722783 0.0222022658358531
-0.00599535649340275 0.00215729485475509 0.0161739826816436 -0.481550464152522
0.00805744563107073 0.0136068099124511 -0.69286012330005 -0.369174961525736
0.0137111601870778 0.00606823336610846 -0.654460903259012 0.486341628788374
0.0313251068837404 0.00265853861884833 0.196833090452069 0.616406948269844
0.0241973138877717 0.0121003153903404 0.46949097273699 0.124234025682646
0.0108078825798686 0.002715559956329 0.286127881734371 -0.17646589143833
0.00200780532084939 -0.00199385059141649 0.0197803327622224 -0.256802190600799
-0.0019609626099898 0.0144780907108039 -0.0532355571096085 0.15380656133041
0.0127411660554276 0.0252434944077558 -0.220266522715396 0.0196943683391797
0.0103012220719552 0.0240926442127512 -0.259796259795278 -0.306499538553241
0.00938467770374535 0.0050270311247115 0.197207322507697 -0.536980478730753
0.00182083780149941 -0.00832251336045217 0.72661816136886 -0.0404018184733202
0.013420503927268 -0.00250385147758869 0.402573476885293 0.619559909548203
-0.00968501492865134 0.0223838030246255 -0.12799986559974 0.501490368155063
-0.0169048402766638 0.0152516843627644 0.0355512325504797 0.0277411345053747
0.00103722349363942 0.0106954450257996 0.0352501082161014 -0.480731782274244
0.0166771006627757 0.0125207876009444 -0.672309695399435 -0.41047622500849
0.0155647959330221 0.0072749281907153 -0.689250591747416 0.450150508561699
0.03676963101583 0.011221089968286 0.154899194313281 0.628598086569312
0.0353829310912709 0.0204990726101715 0.460191890311251 0.153326303456333
0.0197707217000184 0.00532956400417614 0.290585303239826 -0.161225093358875
0.00216487420975868 -0.001466142482201 0.0216226907983478 -0.251169601444799
-0.00773977589041306 0.00665394182443343 -0.0501468657468164 0.182846909301196
-0.0181344620755827 0.00265285922870257 -0.233424478520539 0.0930768021528676
-0.0289228534584009 -0.0227672308843214 -0.379147316057645 -0.156667305401462
-0.0183035133465782 -0.0291997098761019 -0.10599453386106 -0.53465352822863
-0.0110695339713753 -4.04497360617252E-05 0.578138875151963 -0.362521760313172
-0.0169916133229791 0.00069154069644493 0.642018304809764 0.353210572796556
-0.0207194102756122 -0.00850854950721528 0.0495729496043255 0.528648192903032
-0.00657392236172283 -0.0313154648008459 0.0304046912873924 0.0878142063223592
-0.0163815741043415 -0.0288739406791743 0.214517056424439 -0.41495876850818
-0.021776093495185 0.0203995331818543 -0.396949094037819 -0.69666408881197
0.00452804044907718 0.0173260869917313 -0.878767692820919 0.0567225223570411
0.00682956765687506 -0.0201904479125562 -0.211706882752704 0.670721374729433
-0.014021655525618 -0.0337293978420447 0.337793959201463 0.348712867172357
-0.0205829731298134 -0.0198431954152386 0.313004352352255 -0.0586412276105976
0.000747706601916308 -0.00934138833807799 0.038158842128268 -0.222115949893002
-0.0102869033260793 0.0051889261502844 -0.0508388300857871 0.172495922583683
-0.0217216781038288 0.000709495204292433 -0.231740290367697 0.0685549036541999
-0.0295088946320384 -0.0277601070197996 -0.351464422473573 -0.203324758572487
-0.0132251009960873 -0.0327597626900455 -0.0256061441463286 -0.54857083970253
-0.0117445248123932 -0.00128558730899953 0.636947779406269 -0.28445523747521
-0.0221945790093126 -0.00228777482700694 0.594245208645026 0.441821425630564
-0.0222670151727947 -0.0171592928437032 -0.00164332451194392 0.533295354377796
-0.00554270023110207 -0.0377559169200114 0.0322808344772824 0.0740795360313119
-0.0216804699744558 -0.0308437101946787 0.170568766662645 -0.436327136314982
-0.0247303596824927 0.0215258058595801 -0.48901723622206 -0.629137709634736
0.00516354502372799 0.0145412811693191 -0.84989247684096 0.181986721053711
0.00578805626065144 -0.0251027747330165 -0.106874777196089 0.683324006534021
-0.0182464636352316 -0.0332757352775553 0.383975258254194 0.298232568537721
-0.0236967174439803 -0.0187945976327092 0.313522799426438 -0.0910583437338122
0.00115622705216951 -0.00894185243773904 0.0360352907671238 -0.23228382078919
-0.00983086493574205 0.00416528257265175 -0.05001893242271 0.162107725288126
-0.0221636260338675 0.00084005495666865 -0.228036829742352 0.0456722518221159
-0.0251471556367619 -0.0277750990598375 -0.317825824115547 -0.250009003568141
-0.00565413946895651 -0.0338884622897051 0.0622878034578404 -0.552627659477077
-0.0119202423430713 -0.00391737500593473 0.686805065322378 -0.187057251859991
-0.0233419330689913 -0.0076911039121614 0.532078211638983 0.527463259150379
-0.0211280633617694 -0.0215557572839937 -0.0576873049243501 0.530172421756538
-0.00430369011541801 -0.0385217980979169 0.0338082659183795 0.0580866649897632
-0.0263741866791671 -0.0294514166252732 0.12141335474698 -0.455219722214933
-0.0244575938512346 0.0228791992553598 -0.573159665645087 -0.546431492995822
0.00581374117384831 0.0112360851726109 -0.801982283792593 0.303352631744792
0.00599414357888623 -0.0243253220412869 0.000208789206273402 0.677074906153904
-0.0178336167960432 -0.0275174402541099 0.421437945254862 0.24306318129361
-0.0217004381118187 -0.0151335255540887 0.309109773071102 -0.12469646558439
0.00118250961454968 -0.00657663320468768 0.0325348806887843 -0.243313707955167
-0.0103869713019841 0.00441463942427128 -0.0503749813283198 0.154755438807425
-0.0181588923645832 0.00238782236505686 -0.222184341203979 0.0273351876252764
-0.0179874434711908 -0.0243504697489308 -0.281198854533306 -0.288232640805987
0.00211547049233034 -0.0289861597990971 0.146844754261653 -0.546903064865132
-0.0103090800771194 -0.00586404158344388 0.719137511510396 -0.0919468109528938
-0.0205096110545469 -0.0115698047595831 0.456927086206559 0.599145310172421
-0.0181647831748205 -0.0217713132975926 -0.10555382047936 0.523218504124182
-0.00463532023251995 -0.0341272372106317 0.0361056821317352 0.0436841491790033
-0.0256708602333989 -0.0240487437228176 0.0760456943268893 -0.469903533711229
-0.0191250098367726 0.022558723497879 -0.634942060052145 -0.465660123381995
0.00666197320557082 0.00774211715220918 -0.744874283987256 0.401751611954474
0.00969512701862047 -0.0205160265164298 0.0970413823150915 0.660769781544059
-0.0123463343538134 -0.0176129753568 0.449915769310173 0.18862827276018
-0.0163257332528749 -0.0100810689143766 0.303922005559388 -0.153922349486491
0.00153727400153705 -0.00580823171653359 0.0285078668593317 -0.253579861273971
-0.00910953845056399 0.00595722193911792 -0.0507013800480522 0.150179452646077
-0.0119095409996958 0.00666143415269763 -0.218333199138334 0.0143118616484146
-0.0104138028965561 -0.0152495057087717 -0.25010690922492 -0.313865021999108
0.00705442048885198 -0.0219053545650353 0.207233411548323 -0.53416046822096
-0.0076421336629383 -0.00746919393247232 0.733208915730324 -0.0139313055580411
-0.0134712956524093 -0.0127932312124404 0.392754138317947 0.64832801957962
-0.0151761380635641 -0.015417489588573 -0.14170823637019 0.51353036578996
-0.00774020000931657 -0.0252568736893827 0.0371152773439292 0.0314803238885399
-0.0225491736003447 -0.0156293326305263 0.0383196074347494 -0.478582150736504
-0.0115232955598235 0.0206826607675926 -0.679437233428975 -0.401646455923487
0.00882118074095555 0.00744928026445434 -0.691092784453656 0.465890502204522
0.0162379489185165 -0.0143787809560134 0.167385658664288 0.638283485440946
-0.0022268629363621 -0.00696376330502974 0.468672839344419 0.145344133011246
-0.0088044188151568 -0.00532202215748294 0.295902174039219 -0.173312430757223
0.00195346669464994 -0.00328472750980753 0.0243123518952328 -0.261492046659705
-0.00662323583107081 0.00885661784245778 -0.0513146827368832 0.14967163599781
-0.00376878786300485 0.0126778210927418 -0.215126331061528 0.00789545656721326
-0.00320893791991056 -0.00206785191998015 -0.235396449111172 -0.327024566268298
0.0100289834069715 -0.0135794192125869 0.241047219460223 -0.525244522453191
-0.00403775472374352 -0.00929542605461343 0.738602252665656 0.0241301435947305
-0.00488351695299158 -0.0112859106055334 0.357832384887861 0.668992622902084
-0.0140939873522221 -0.00430901460526317 -0.159076822182475 0.503885861884288
-0.00990398443598901 -0.0130367582570456 0.0375591297747671 0.0250411046241044
-0.0158512706811287 -0.00778786310373122 0.0177192714539502 -0.484291671341874
-0.00268077671118702 0.0183466055193794 -0.698131909232861 -0.369321235398901
0.0111849683468057 0.00714525223103387 -0.663286877340464 0.497973990027825
0.0232190066981131 -0.00575760134358918 0.199697943732448 0.62247004923947
0.0110277796156227 0.00386974306201219 0.474235261063072 0.123859492803134
0.00144830964275335 -0.00109379506631925 0.291134403682684 -0.181472979696725
0.00135002646799745 -0.00218811231565541 0.0224633145275492 -0.263583721228574
-0.00468923735620565 0.0115608264467746 -0.0527376857868756 0.151671857866925
0.00410410866949354 0.0194984473664946 -0.217483650476436 0.0100709500396403
0.00357125763570491 0.0116750999622148 -0.238877960583916 -0.324706147452231
0.0102809416270593 -0.00426156236407866 0.237953143659551 -0.528054385708019
-0.00124074437592516 -0.0093807320706091 0.739845464851674 0.0161336467378137
0.00547560922040402 -0.00705167055780277 0.361998511474204 0.659211137384008
-0.0122505110116684 0.00922017655207245 -0.157111707375066 0.500837621420555
-0.0133696448414117 0.00146864941130382 0.0377062596367354 0.0236490968602966
-0.00623192361911815 0.00161681916732191 0.019540655921405 -0.485407179941078
0.00853249721634015 0.0143855355475193 -0.699224309234917 -0.374672675359136
0.0137178206131549 0.00693915744604814 -0.664379294974085 0.492050284901263
0.0316593097077594 0.00310846813277732 0.196400457040901 0.621509427218581
0.0249543250343044 0.0121767186630829 0.475457951504857 0.12815554018868
0.0111290947775393 0.00156208008453096 0.291140759300153 -0.178297705950476
0.00121610080086959 -0.00126513167900383 0.0211151543918306 -0.262318478584943
-0.00225815938344539 0.0138117364424019 -0.0551782175962382 0.156369474307325
0.0113748850626521 0.0247541955092424 -0.222712207697513 0.0187181476245472
0.00966849337002516 0.0237472256722565 -0.261159347907855 -0.311396322692385
0.00979771070526011 0.00473352795136733 0.200192150845147 -0.543272675540526
0.00140703776907633 -0.00835456257312875 0.735041205298994 -0.0396535020913786
0.0139993749585615 -0.00300355873869621 0.401428616908918 0.629341710873632
-0.00991661186893168 0.0226766498840231 -0.131618504117178 0.504333336224945
-0.0161560522748661 0.0154177406146625 0.0360066277848616 0.0297843490090541
0.000598107454210683 0.0103585731626564 0.0379429652826026 -0.484576300469128
0.016823900533595 0.0113686845090033 -0.67687431525277 -0.420388774918258
0.0157877808987857 0.0079032212641477 -0.699451630034551 0.452430883711864
0.0368200423465539 0.0117047749853803 0.153360069808429 0.63575150421544
0.0353354500608917 0.0204224871775959 0.465336628888772 0.155923719614036
0.0196942498315179 0.00430663355811812 0.295650401447445 -0.162845492729287
0.00149917798973034 -0.000371504039956073 0.0237673706518904 -0.254934446461162
-0.00862053848571155 0.00666422896939767 -0.0518290300651306 0.186511893311356
-0.0179395307632097 0.00251725599374087 -0.237760061628142 0.0939877509173343
-0.0289457660295078 -0.0225572361360322 -0.383720028879851 -0.159383289157064
-0.0183531243264862 -0.0301252684657818 -0.106529015422953 -0.541824722001254
-0.0105538888413285 0.000411440985751382 0.588521521436471 -0.36860242707129
-0.0173219115406531 0.000167313695690553 0.650172445130222 0.359706672625543
-0.0217913174922172 -0.00959779403894128 0.0480351644714315 0.536015295753822
-0.0072000115006381 -0.0321381566172426 0.0291396320872211 0.0894567984056496
-0.0169611166502704 -0.0279336859290331 0.218166929124515 -0.418854345905252
-0.0216511443873364 0.020404392559159 -0.399344840716798 -0.708486520783033
0.00441475385133403 0.0173919494496336 -0.891529838009443 0.0567081689466617
0.00620022151169504 -0.0199046024526233 -0.215320760769876 0.678159221060377
-0.0134615295886426 -0.034677653095467 0.341509260801219 0.354939243384879
-0.020510672097074 -0.02072957913001 0.317647619945902 -0.0593579162748052
0.00166933908082382 -0.00857826853704322 0.0397638469127495 -0.227396918271713
-0.00962132965760013 0.00528733719911193 -0.0534509648784676 0.175269323374856
-0.0221681562658915 0.000694807956664332 -0.235782466104787 0.0708860068746752
-0.0300195919413743 -0.0276417847469884 -0.356053517199377 -0.208231178367297
-0.0134657656782553 -0.0339388113014254 -0.0240098502313849 -0.556561267582267
-0.0114751432845585 -0.00102952232866867 0.64686200065772 -0.2851267818927
-0.0220764697282151 -0.00357639454381147 0.601530136547798 0.450082501111831
-0.0230059731881757 -0.0167881765607457 -0.00374239861561446 0.53982496142985
-0.00490941840505267 -0.0380242864277064 0.0323764519536478 0.075446189974858
-0.0224815705392707 -0.0317536631235642 0.175396057589231 -0.441092215021795
-0.0250064296182999 0.0201971950498701 -0.492468290624499 -0.637414859266351
0.00481278825012888 0.0139625498639017 -0.862364144780262 0.1816272867798
0.00638644842065341 -0.0257015014875924 -0.110365405928296 0.689946209668739
-0.0180523331226578 -0.0341918223612568 0.387095000037333 0.302930725020396
-0.0239190155498155 -0.0192202667694045 0.318417051967674 -0.0923210303586371
0.000625555594834753 -0.00882719822892833 0.0379720106804011 -0.236284687141005
-0.0101044263279309 0.0045450571794918 -0.0521649885859085 0.165905503458059
-0.0214644344066589 -3.85105930575873E-05 -0.231727360190658 0.0475706899229878
-0.0256652354512387 -0.0288208446121623 -0.320899977210403 -0.253525661104985
-0.00517277082019645 -0.0338595493205735 0.0650728629600212 -0.56111971157015
-0.0124372814697388 -0.00294068315528663 0.696639188095195 -0.189796165589178
-0.0238155025195892 -0.00818815010497292 0.534784727982894 0.535204374871994
-0.0214668251868765 -0.0223890358533204 -0.0572266142013607 0.537690913668257
-0.00501346696156638 -0.0391602108931765 0.0349807470155465 0.0598708315919882
-0.0242799876780581 -0.0294860090858915 0.124663429775838 -0.462208257684931
-0.0238943835544661 0.0224994669285114 -0.579171619190868 -0.555293281390415
0.00552459612110003 0.0106384742310842 -0.812751359916667 0.305191639637923
0.0061812996221742 -0.024794524374219 -0.000520612221149819 0.688211060341948
-0.019000496442221 -0.0282279108863271 0.426998014776742 0.246585381831608
-0.0229325950335998 -0.0154444317325781 0.31514837744797 -0.126229373308107
0.0019102792755763 -0.00707477592231224 0.0338858845147554 -0.247311858165707
-0.00984952324249468 0.00529997073865891 -0.0520667024604174 0.159151347030035
-0.0181038019995084 0.00236576360049815 -0.226584833437163 0.0293070035049559
-0.0186486720742637 -0.0246129553851376 -0.28319073867727 -0.292966961828827
0.0022248580559253 -0.0298275587770145 0.148944073864728 -0.553327734835042
-0.0109480080937775 -0.00609467742355181 0.729474996283499 -0.0896145047236862
-0.0204259991319246 -0.0124531058370597 0.463117021107602 0.608757511964712
-0.0194737729711625 -0.0224704587742354 -0.106739094099581 0.528703246152429
-0.00588691730227301 -0.0351648789295567 0.0366736930857664 0.0450699852337904
-0.0265814795538021 -0.0250837209396845 0.078043161904555 -0.475400978822677
-0.0181558708638426 0.0227025035257458 -0.645040580768997 -0.474493439983013
0.00611000408045441 0.00811331753837466 -0.754216803539779 0.405077958619702
0.00985645738734268 -0.0212107485762341 0.0969803762872852 0.669093521792757
-0.0121276806716347 -0.0181704882004219 0.455620368542144 0.191121130738734
-0.0173655210632562 -0.0113128011107276 0.307279824147452 -0.154635525349326
0.00153459240112826 -0.00471979814531602 0.0307750226352835 -0.257830853618204
-0.00821028263317374 0.00635716294129377 -0.0519992073121386 0.15320265708487
-0.0122944205626382 0.00639476643343435 -0.220149025655448 0.0144598222642814
-0.009854448723455 -0.0168313466658318 -0.253200323123091 -0.31940279063664
0.00710826492022114 -0.0230945141886388 0.211680089882928 -0.539373135326689
-0.00743002194973878 -0.00697113107555235 0.745029549723866 -0.0122377251371941
-0.0138420305124428 -0.0129494271563234 0.397343007575452 0.656969409786477
-0.0157828347345982 -0.0155392543738763 -0.144491980064625 0.517873250215167
-0.006658205926129 -0.0259961478928627 0.036952516228897 0.0321606048631913
-0.0231578316421403 -0.0164615033667926 0.0414189280727023 -0.48348111833154
-0.0120626396553018 0.0208353785999148 -0.686101744803918 -0.410670912027015
0.0102796785321214 0.00613302892032128 -0.700734322351741 0.470333781755632
0.0156741703236938 -0.0144236316977749 0.167673046100611 0.646305640003536
-0.00253567362920097 -0.00701323650280495 0.473625796678887 0.147445623475809
-0.00854188489967594 -0.00613113509645876 0.299796934100707 -0.176854139108454
0.00151622335462402 -0.00319550798924645 0.0258604272612335 -0.264953005293345
-0.00671110235819182 0.00960568158663431 -0.0525706773452885 0.153161428825147
-0.0042922488791863 0.0126447788118324 -0.218204642718222 0.00892515877303561
-0.00244261137013094 -0.00257623547638396 -0.240144501913898 -0.331183761385315
0.0100276088170382 -0.0145376508241739 0.244224063607401 -0.531765004598552
-0.00509626054735008 -0.00850169007147462 0.750652150557758 0.02666969639263
-0.00454776772987173 -0.0106067941373021 0.361949475391437 0.677497081021819
-0.0136256766936744 -0.00391844729616123 -0.16148312682499 0.508333789063456
-0.0105063735360884 -0.0128009863294156 0.0388631306902944 0.0264524017189082
-0.0154586855081014 -0.00754863303689059 0.0229109343894591 -0.489208400576111
-0.00190206238427298 0.0179627924165928 -0.708235029012069 -0.375792639720347
0.0110258931038615 0.00616046925321674 -0.672166371891331 0.504174091603938
0.0241017090035694 -0.00614195968197142 0.199654720056983 0.630744419568416
0.0107572529173287 0.0029689948091941 0.480897890848456 0.127110283283684
0.000550742866814519 -0.00182887229753919 0.295040932011025 -0.184040408134815
0.00164551717549238 -0.00345725588620361 0.0229595287236796 -0.268041879653857
-0.00418955692919656 0.0123440799048005 -0.0539506812137185 0.154687293304436
0.00404446987127558 0.0193985312349133 -0.220915340139536 0.0111628704710467
0.0034079763895879 0.0119823564984719 -0.242275236174207 -0.32995270894871
0.0110321046242338 -0.00416316208793183 0.24152507408361 -0.53525022328674
-0.00081579501164496 -0.00900351558065634 0.749519198860257 0.018012183205728
0.00514601622535872 -0.00657329789268618 0.363347361196577 0.668695743397015
-0.0134734345021685 0.0109070776697532 -0.159914745122242 0.507165362533113
-0.0140375412696153 0.00234909315191657 0.0376176362918985 0.0244795370248547
-0.00686804752906885 0.00206080685581567 0.0197207717392452 -0.490827417058609
0.00802705805864895 0.01326187755401 -0.706313396197192 -0.382389919779768
0.0150530500701586 0.00701373633021857 -0.674341386250992 0.497867617015871
0.0318123145410005 0.00240292794022179 0.196675554833835 0.631280886511462
0.0247146405837097 0.0118897230605366 0.480195977665285 0.130573540084919
0.0118122648206785 0.00151647738728954 0.295064979527328 -0.180778192513573
0.00177653917522115 -0.00116768826629073 0.02170803701732 -0.26606632508317
-0.00280242193829546 0.0148724585011895 -0.0562221486862191 0.160407751432003
0.0133585009787269 0.0255209497421418 -0.226307577016689 0.0213981231338172
0.0098668810035095 0.0252212759032318 -0.26448588393995 -0.31553385062434
0.00989948278302947 0.00485576646684797 0.204735447871434 -0.549350172991791
0.00157333073175863 -0.00779346658302049 0.744091689412054 -0.0367362728134491
0.0139595649530141 -0.00281796702822927 0.408222145292471 0.638367059492304
-0.0106904379478159 0.022942906768946 -0.13626812980168 0.511158030543283
-0.016398943564222 0.0159828690080412 0.0362682985073213 0.0309863135398666
0.00187763464421729 0.010804248880334 0.0420731933273894 -0.490549049019337
0.0182421945160599 0.0116186601923209 -0.684088177910408 -0.427783044460242
0.016436228352648 0.00798435118534304 -0.710041747686461 0.455803274124279
0.0372851161346915 0.0119814212173617 0.154979081531975 0.646770049643127
0.0350145553543285 0.020946718107061 0.471898732588838 0.159365162382638
0.0206673283803026 0.00498598689701452 0.299835236077048 -0.164743388213282
0.00254517165472243 -0.000554616960500361 0.0236603176940837 -0.25836394832386
-0.00851150853384194 0.00690689138603292 -0.0545297270725491 0.191338440279446
-0.0181106943820559 0.00273659287369933 -0.24043824024468 0.0967711338653286
-0.0300232381845885 -0.0243371777882771 -0.38929626426236 -0.161272747674734
-0.0191373260522 -0.0302552631655182 -0.108896030000951 -0.549889590906848
-0.0117868875630117 0.000743891032336493 0.597525289773149 -0.375635468352805
-0.0182605191445551 -0.000909419585222684 0.65959444764645 0.36524580891089
-0.0224058991572385 -0.00978389995948372 0.0492378695589656 0.54346516572912
-0.007313834847973 -0.0323823186706126 0.0301061488016575 0.0910979020316065
-0.0169405906131928 -0.0293220560605112 0.222950139750592 -0.424600646530808
-0.0220119430018453 0.0202781424555687 -0.405325130504186 -0.718466488624447
0.00420999989426397 0.0176517598991484 -0.90395506564245 0.0559805536017623
0.00732230393607214 -0.0203465316223017 -0.220269720955778 0.688625537034227
-0.0137365485211173 -0.03540522122253 0.348057216256958 0.36019145008072
-0.0213249360256577 -0.0211876370469369 0.321963029752538 -0.0609879547246158
0.00139670813733512 -0.00936878344764858 0.0402430614074238 -0.230854006372032
-0.0108555294802348 0.00630117451206931 -0.054091119729252 0.179816040568861
-0.0224672054960629 0.0012896655306669 -0.240054818566067 0.0737724249282927
-0.0305068747965776 -0.02824808419308 -0.359639477413761 -0.209737898026853
-0.0137604442246118 -0.0346482993389335 -0.0239627373288323 -0.565178541119005
-0.0121964271740188 -0.00122509810935947 0.656468645522348 -0.290577995736454
-0.0230126761771134 -0.00440469851738258 0.610347379744707 0.454842175044863
-0.0244608736116213 -0.0179973149956445 -0.00402171727388726 0.548643179822528
-0.00530349780109015 -0.0387468402307413 0.0316351503658847 0.0764235301141809
-0.0225469280453241 -0.0325413090811585 0.17806279804196 -0.448831295907595
-0.0245781405499256 0.0215875309208273 -0.497845990864577 -0.648733431256816
0.00566312359429108 0.013878694210157 -0.876105319760138 0.187375233886789
0.0053688881965033 -0.0256834667598123 -0.113101529159997 0.701685780915034
-0.0198799025854891 -0.0344544421360154 0.394231492170305 0.307890417545025
-0.0246215981504746 -0.019059535462494 0.323734784920084 -0.0930851716602502
0.000431988882063769 -0.0090738533307112 0.038852402231407 -0.241557386827518
-0.0106930817577132 0.00529438487553733 -0.0526823048336384 0.168949692596093
-0.0229038554942875 0.000569218308905294 -0.235203742075632 0.0500674792499223
-0.0261993891050276 -0.0302892262139988 -0.326370113323495 -0.257056098453106
-0.0050409841651447 -0.0351865424973433 0.0656432008786909 -0.569454941331436
-0.0121477407565684 -0.00402694687728107 0.706861999434349 -0.191136150929118
-0.0244051645369202 -0.00847145705367192 0.544895363776314 0.543504666686862
-0.0230894593121705 -0.0227153361526683 -0.0581812909631001 0.54515381187621
-0.00459513446724315 -0.0403107295054969 0.0345309474757614 0.0615495338869022
-0.0255779134740503 -0.030957919558137 0.126944006882167 -0.468131146719673
-0.0230365177873052 0.0231310723143955 -0.586870833666801 -0.564037014649207
0.00601082491403847 0.01146643934525 -0.825593026678631 0.311194510548099
0.00654459819154482 -0.0250580488385624 -0.0014559210068665 0.697876006050755
-0.0188034097809462 -0.0283863168625377 0.433929962037071 0.250798212137598
-0.0229734722599134 -0.0162430549298025 0.318622056604248 -0.127979265992474
0.000984194685443094 -0.00707064775119415 0.0348904177330664 -0.25194787094829
-0.00991885755812598 0.00515269352685988 -0.0536758749945057 0.161041203913633
-0.0186613502210005 0.00275821953982956 -0.229126849859082 0.0294892006881607
-0.019163418203944 -0.0256550585232989 -0.287442081760263 -0.297446014164041
0.00181968160612807 -0.0310489703202434 0.150884803119272 -0.561613084569635
-0.0109139309828427 -0.00540641716597991 0.74188143389718 -0.0930833339943277
-0.0211487505815413 -0.0125911175583109 0.469645860265463 0.616825443711218
-0.0188753439503581 -0.0227860575387136 -0.111444585661637 0.536475379188383
-0.00517879712032847 -0.0362440519386958 0.035995676122689 0.0475473934502046
-0.0268092641131927 -0.0256014671309167 0.0798115694943064 -0.482213140239282
-0.01972522465934 0.0228516937499626 -0.654238976495001 -0.482097016921561
0.00680925242366775 0.00859723188993692 -0.764107022112017 0.412532777105838
0.00909669805716482 -0.0220616572855763 0.0985172362658575 0.679608010659717
-0.0131666164497652 -0.0180442977974925 0.462731182157609 0.193126641409744
-0.0177272280166365 -0.0102176844391053 0.311077545741521 -0.158448932488785
0.000844044934726468 -0.00441889270990552 0.0298845415173625 -0.262326419622632
-0.00855036977763838 0.00790022931037531 -0.053635265717186 0.156912097617352
-0.0119951157102176 0.00693233705515734 -0.223481397996556 0.0164283916107369
-0.0100861173352218 -0.0155455019586176 -0.257233606014574 -0.322908912343588
0.00830178649786106 -0.0234933847726358 0.215063116156163 -0.549694981627835
-0.0080058587279513 -0.00776199647054796 0.756812937556303 -0.0131830456998091
-0.0146821274249504 -0.0139177372531172 0.404400488024159 0.666197139825271
-0.0162570071242225 -0.0157605095126875 -0.14789841324593 0.525390181011455
-0.00770086245541994 -0.0260203438043755 0.0380690258307111 0.0326997925936347
-0.0228537989061139 -0.0171061834966359 0.042418456780811 -0.491388065680406
-0.0112357343629332 0.0206925192063245 -0.695610802164668 -0.41603198555993
0.00933065610299292 0.0068658481558823 -0.711971417118573 0.481449524681343
0.0158387060869503 -0.0147698679562185 0.169853695572538 0.656171770951805
-0.00213503191865315 -0.00736682366231426 0.480851637776026 0.148315224457458
-0.00925774479404112 -0.0054169318377944 0.303786879601548 -0.179505443727103
0.00119030442499067 -0.00375838766483965 0.0255892165718945 -0.270303235970667
-0.00621551524652316 0.0103596842162649 -0.0537453152696106 0.156960989258935
-0.00392782740052171 0.0136776119753378 -0.220912354584538 0.0103065335747324
-0.00300319271446966 -0.00239813889987723 -0.242178741512701 -0.33672620431224
0.0102035910683462 -0.0141520562401831 0.248598475744867 -0.540580599116132
-0.00413373912968458 -0.00932399285778894 0.760691550096873 0.0265741245500815
-0.0051199133495721 -0.0118406397219052 0.366155522346647 0.685229478245792
-0.0148230321213767 -0.0041611725301019 -0.164335433680193 0.5163665038122
-0.0100096231384616 -0.0127138597966318 0.0388190590397209 0.0266075966629594
-0.0154686276784861 -0.00797025797311556 0.0221926268156791 -0.497515611397828
-0.00136680227351533 0.0176159911101077 -0.716719247584162 -0.380276731363325
0.012094670880505 0.00652128790445706 -0.683070538890813 0.511953448219846
0.0247658441227561 -0.0065209750253241 0.20201916295441 0.641756069936607
0.0116773765773574 0.00237537574787881 0.487336964375071 0.128057542542801
0.00112998316232309 -0.00149265770895665 0.299925252635939 -0.188416465443308
0.00152695858998155 -0.00249092627391689 0.0229718762417852 -0.271891653712248
-0.00436216604262752 0.0124189648774745 -0.0553363866822081 0.159483088454425
0.00459986736124627 0.0198854565696188 -0.223557578242335 0.0122048405827872
0.00395948221238259 0.0124400853555545 -0.245326359443587 -0.335503854703779
0.0108408315493456 -0.00442830368656674 0.245312594961539 -0.543945996584054
-0.00141870818546101 -0.00872132579024209 0.761107469395422 0.0162430602885287
0.00521382928150356 -0.00694869548998833 0.369504160163789 0.679087238043122
-0.01316622095635 0.00932205654665507 -0.162707897676017 0.513186919266163
-0.0144618967416372 0.00131734484169651 0.0383452418221852 0.0250434712170565
-0.00709071596560594 0.0014418676683226 0.0215613865249362 -0.498373908852164
0.00823693159106961 0.0139924490160179 -0.716799119638518 -0.387909118121664
0.0149871346445843 0.00700678158665503 -0.686309820402816 0.506949730280843
0.0325899724855087 0.00182559982328617 0.199873991362161 0.640112142568655
0.0249282306035 0.0118890606703003 0.488344351919854 0.132381110072026
0.0108825015232113 0.00226309705668427 0.299248279040618 -0.184462573883312
0.00203474446178814 -0.00193359989416652 0.0220873738013393 -0.270392130517677
-0.00127670907104768 0.0158694424840758 -0.0574497263128721 0.163599925023199
0.0130694874266534 0.0267828693730415 -0.22925874233457 0.0225225148285287
0.00948267057324542 0.0244797960137617 -0.26798143167175 -0.320436676487711
0.0102142730709974 0.00506467884181235 0.207713473426447 -0.55881949101267
0.00190293930781381 -0.00793670916498997 0.755371326084257 -0.0393955005636247
0.0139850031012516 -0.00274476501654316 0.410044883180506 0.646249039754639
-0.0108807167297984 0.0231519471758804 -0.137875160557598 0.517299246685086
-0.0168790324986545 0.0159443482866505 0.0366093575014333 0.0312554091854085
0.00128183537195712 0.0104846932430471 0.0425242221184221 -0.496692811693785
0.0185133461120301 0.0114033089083706 -0.69644737316593 -0.4309778774071
0.0171663936436902 0.00801376440420021 -0.720494471811738 0.465258407305092
0.0381493772065771 0.0122159620271558 0.155379885747347 0.654272722590216
0.0360249816980735 0.0206367131353861 0.4786043451794 0.161819392843055
0.0207720101439088 0.00503429803603696 0.304539334407207 -0.168184780529827
0.00221502257105617 -0.000260070505324752 0.0243261995762134 -0.26289817878732
-0.00841775299261704 0.00770791447280384 -0.0550527255194296 0.195321572686486
-0.0181468760498747 0.00199773487541146 -0.244123070125326 0.101683976740988
-0.030701542059685 -0.0248032315941474 -0.395840317794105 -0.16169144364569
-0.0190189865225449 -0.0312955952689654 -0.112045885458838 -0.558383448529963
-0.0118496672485408 0.000914272729671732 0.605128919615496 -0.383605205891432
-0.0187420118056043 -0.000731091070880676 0.670843280096264 0.367866241767149
-0.0226662867698398 -0.0100307648434707 0.0511771502628431 0.550601454694832
-0.00744139915856718 -0.0327723611834057 0.0299383797518814 0.0926133045207665
-0.017362593790416 -0.0298700355799426 0.224292088289298 -0.432024496045161
-0.0218334325262816 0.0195610898607081 -0.410390852997466 -0.727188764462997
0.00507716452044049 0.0177315424650511 -0.918335480365681 0.0617229003739493
0.00758956675251145 -0.0205096751218349 -0.220792726851989 0.701337976329179
-0.0155024968679551 -0.0357283473924684 0.355114279413268 0.365345804905687
-0.0220921868938483 -0.0204225865522466 0.32675091325983 -0.0652286618605737
0.000709281468670474 -0.00953277877478058 0.0405727312494726 -0.235682718412243
-0.00914066544567657 0.00633892314034306 -0.0552075238891558 0.183492031777426
-0.0220024784364405 0.0002233013878488 -0.242721954531744 0.0773163022186465
-0.0309953550584602 -0.0294848197085477 -0.368034091953098 -0.2110467501199
-0.0138388903272946 -0.0345105586214258 -0.0277581397146975 -0.573624893952311
-0.0124284130978346 -0.000596574084805563 0.666908002885877 -0.298747853644923
-0.0245100505613539 -0.0043957502242276 0.62233326880533 0.460844564187305
-0.0241836077192561 -0.017949800680102 -0.00176088436453031 0.555240138202987
-0.00642184045272524 -0.0396740021035392 0.0324216481915194 0.0781201021744425
-0.02333504734725 -0.0336970531840836 0.17955256998901 -0.455347396046872
-0.0247338689918968 0.0213791854614528 -0.50820757609365 -0.657771839458083
0.00534127394697129 0.0141674555730679 -0.887615520315617 0.190541709351325
0.00617558092609166 -0.0257411395504087 -0.111607540068032 0.714101681130823
-0.0194815584151491 -0.0358388763824196 0.401953705177986 0.310244969824394
-0.0255857759386509 -0.0197186846413619 0.328928225386273 -0.0968765938667454
0.000830143168311538 -0.00864942646349812 0.0383716467301057 -0.245605497507587
-0.0106700917057992 0.00618099134429792 -0.0545084637108645 0.173555724031289
-0.0220158042067155 0.000773421302401815 -0.238996578627902 0.0531291925776023
-0.0268131755927698 -0.0310632083998659 -0.331383316989392 -0.260222724619244
-0.0056642486980642 -0.0364367871206508 0.0644649678579606 -0.578033734145261
-0.0122327529374043 -0.0026431658445044 0.71786386078659 -0.197616478589664
-0.0252661470123758 -0.00894594140843309 0.554655393513985 0.549001617933816
-0.0223552300684788 -0.0216788455343003 -0.0573225885258449 0.55213052209163
-0.00465411258185984 -0.0410794779670578 0.0351281773371363 0.0615395259881419
-0.0262417099098146 -0.0313019984092934 0.130169094104908 -0.475387300066134
-0.0235287329390602 0.0230581606939312 -0.595604828319538 -0.571178588180491
0.00628386656086692 0.0111605799843266 -0.837710621221319 0.320186989860269
0.00677545227584075 -0.0264972412986875 0.00256890363236721 0.709227864358421
-0.0189828950238314 -0.0298454116389322 0.441732253896969 0.252630701468667
-0.0234116895502594 -0.0154803457597694 0.323721968081434 -0.131952618681289
0.00117987817540231 -0.00716303957816556 0.0345549742743529 -0.257404814257663
-0.0102761140888782 0.00691363212764968 -0.0540804328084114 0.165928014226565
-0.0181830949643338 0.00238815851912431 -0.233462510780708 0.0327150191071903
-0.019854459533392 -0.0264523066781083 -0.294148501906022 -0.300787749846224
0.00130325210979739 -0.0320176132092882 0.151217675363167 -0.571486210924916
-0.0107662423260235 -0.00548309331983044 0.75096696194861 -0.0975212773041509
-0.0217466076890014 -0.0129165189590699 0.477432051312507 0.623184669361411
-0.01958756423518 -0.0223321215590711 -0.110460157404535 0.543390824857526
-0.00635677390945258 -0.0365479999614612 0.0369132646753761 0.046889867737942
-0.0273482447099338 -0.0255005133603763 0.0810414908817969 -0.489359997304623
-0.0191619051731107 0.0225418320759413 -0.665436269370134 -0.48557676906394
0.00734761680198873 0.0079194487558478 -0.774930234966224 0.421563200563525
0.00895131614466355 -0.0219305471728167 0.101031642546435 0.688527002484607
-0.0134016577775351 -0.0190141373640148 0.470845791532808 0.193734385950937
-0.0180115097432948 -0.0108274517058624 0.316443996943771 -0.162981496342872
0.00190264592713421 -0.00552973517399315 0.0300232577215653 -0.268584834321788
-0.00853340018755815 0.00792875953416765 -0.0535837731353632 0.161550632308509
-0.0124758908355404 0.00638501294107714 -0.227504242772764 0.0188494234113655
-0.0111146197615341 -0.016011259677747 -0.262393870958803 -0.327897072356665
0.00794610076887983 -0.0246066656711537 0.215160556013736 -0.560099182556368
-0.00768883992352664 -0.0068191387728694 0.767451256297782 -0.0172045778063796
-0.0144665534090543 -0.0144719409482175 0.412326587822351 0.674960041603062
-0.0170808852290353 -0.0157880883601388 -0.148874019077114 0.533494711807364
-0.00770982029225358 -0.0259962162881795 0.0383703530797142 0.0347623895396668
-0.0226837677336778 -0.0171212129770814 0.0427639171144195 -0.498293602757031
-0.0111013912418736 0.020422108721604 -0.708607668773588 -0.418697198612207
0.00969067946611842 0.00753175641199345 -0.721184687952214 0.490529155180647
0.0156790485001446 -0.0145597545997453 0.176050481152061 0.665281349135221
-0.00212919817800391 -0.00852137973217613 0.488900091919643 0.149024510931448
-0.00965841554083048 -0.00550361278098621 0.309582314669025 -0.183941617106408
0.000919390517035716 -0.00348876230244454 0.0255125909837527 -0.275880698263028
-0.00572197583262576 0.0117285839923838 -0.0543278923447695 0.159964381141143
-0.00356796529065358 0.013392106873407 -0.224611287846091 0.0128451633353591
-0.00379847774413382 -0.00237243352848194 -0.246637227781105 -0.340419106988554
0.00975674216724521 -0.0150029680541813 0.249937297909821 -0.551159163383712
-0.00371142105104804 -0.00872419218622093 0.773326938980494 0.0232122744625044
-0.00548741216353119 -0.0117606440601981 0.374389513134528 0.695317321718643
-0.0147043047808041 -0.00420549375655351 -0.166038125674896 0.523905460710988
-0.0109476553062265 -0.0136998031457356 0.0389884937793477 0.0273808426148798
-0.0156342626905521 -0.0080813711225432 0.0218976785614392 -0.503074904915832
-0.00178370804405317 0.0165919490453504 -0.728354870816294 -0.385182713988854
0.0126548209428393 0.00647829221495995 -0.690420648979566 0.522956109268433
0.0249103621121252 -0.00690424218911379 0.208623017122121 0.649012852153284
0.0117485017656688 0.00257748258900625 0.498093336648837 0.12761113029336
0.000414223252467842 -0.00123432211518525 0.30330997051589 -0.192163339168489
0.000640486923001893 -0.00305124907911255 0.0220987648189603 -0.277965287743997
-0.00329583893252627 0.0138377237018266 -0.0560211938775225 0.162410521003106
0.00547659416715525 0.020376056865933 -0.225958907121319 0.013468764834636
0.00340385308752681 0.0123212606677712 -0.24950485307749 -0.340587045115113
0.0106725249572462 -0.00467742677710004 0.246129189585638 -0.55562397811494
-0.00162974885435063 -0.00912806911158995 0.774050245986687 0.0129259052704848
0.00474050820757888 -0.0078928639080408 0.378931817912153 0.688461468565819
-0.0135990458135733 0.0118750928902998 -0.163462609503751 0.52124222291225
-0.0149096844759541 0.00176374873750949 0.0381411016702958 0.0258817688755543
-0.00741757172599179 0.00129386640164159 0.022049881421861 -0.506822912186166
0.00906581785429468 0.0142259902773842 -0.728038351371802 -0.392687098345014
0.0144201484270704 0.00691935620949564 -0.692978656372457 0.516593432450718
0.0319737048912959 0.00339334129922578 0.205461439056259 0.649444769388144
0.0250336878964857 0.0117957220375186 0.495950304950792 0.130900498330781
0.0107430772008114 0.00239002091584955 0.303730077433495 -0.189685314917675
0.000798807952825218 -0.00122473206887949 0.0216466246563209 -0.276205798070757
-0.00186970706170903 0.0167529827866821 -0.0584703309406254 0.16803492890401
0.0146277546265841 0.0265057002087628 -0.232625711224744 0.0243488923180802
0.00989288864065897 0.0250479867448451 -0.273436341169493 -0.324309380730197
0.0102179297101828 0.00440043236567142 0.207864282513569 -0.568118300538549
0.00265361471943116 -0.00971467575071392 0.768505041441836 -0.0410337772346574
0.0140669095214773 -0.00318898135236537 0.417587907543553 0.654197021374869
-0.0115323526465489 0.0241622107005367 -0.139373113332234 0.525587883305935
-0.0166574266397586 0.0164087181311622 0.0373238189232734 0.0316745017140609
0.000210822652595298 0.00986222417207789 0.041730467624796 -0.504263261351741
0.0189457681308183 0.0117404169488901 -0.706525175830032 -0.437435129188355
0.0171358044488288 0.00835766025253278 -0.731291154110256 0.473495841531919
0.0388049700212194 0.0119661676318857 0.16090505529863 0.664774830349343
0.037297757985891 0.0208839671195469 0.487479895218859 0.160056881346083
0.0205838248857018 0.00546284482135529 0.308934736241208 -0.173182363697172
0.0015994083744354 -0.000369053092507364 0.023612876002565 -0.267737531214958
-0.00869053317631872 0.00836226087507244 -0.0550939032990871 0.200718450644301
-0.0175861939036092 0.00354608365631051 -0.248746138029116 0.106733486290038
-0.0319019099053075 -0.0248728539428111 -0.403449306780005 -0.160619227118237
-0.0194748541341241 -0.0318299475252866 -0.118253108940584 -0.567576056191703
-0.0116298504678181 0.00192905376428813 0.614154833172173 -0.394825149008757
-0.0189976042135454 -0.00113277761874637 0.683163362937855 0.367950300980623
-0.0232456264616709 -0.00889898174800386 0.0549540569176589 0.55841195652374
-0.0078908062718056 -0.0322836774988639 0.0306437835591358 0.0947821480036224
-0.0178506001600882 -0.0304076579829608 0.226420858479113 -0.439762242328818
-0.022358993105784 0.0198554198469011 -0.421958705593195 -0.737654287043225
0.00530367901081862 0.0185081784211996 -0.933775600229272 0.0695139061904572
0.00737672582053872 -0.0218339990719788 -0.221209146550792 0.714224328584867
-0.0156020446501369 -0.0367126909950592 0.36172749136918 0.368115881594541
-0.0237769547232173 -0.0212036927770327 0.332938873609791 -0.0684001204484982
0.00110680011415567 -0.00888762813558673 0.0391214247102985 -0.240373244251492
-0.0094732510557219 0.00714989802883039 -0.0554418737814903 0.188767676051745
-0.0222633700250459 0.000894242089103615 -0.247089847047849 0.0820642251883517
-0.0317325665504922 -0.0304006230710322 -0.375900560911855 -0.211217747041273
-0.0149782471023184 -0.0357076010218825 -0.0323115587078932 -0.583547255712743
-0.012120139799832 1.22968292942342E-05 0.674750078505563 -0.309586241153065
-0.0242765903413624 -0.00371084518105085 0.635154829751016 0.462817763687666
-0.0253993863218542 -0.0190200519194124 0.000760255832130191 0.562048789682667
-0.00554633340751713 -0.0398610662266995 0.0336368571112754 0.0796129316251329
-0.0228232644972354 -0.0333787031212736 0.180463283025639 -0.462107769760921
-0.0252824331421925 0.0213187940866648 -0.519387483546248 -0.664002795595706
0.00541980071230378 0.014134648574341 -0.900678220558212 0.201770590804291
0.0056630818524244 -0.026936663503183 -0.108725870814224 0.726242612857753
-0.0195316016049267 -0.0372016328343026 0.408479036264679 0.312870249396822
-0.0252101530232538 -0.0207279994475967 0.332473031756853 -0.101116320997646
0.00134250343275032 -0.00900146463337412 0.0367217079720031 -0.250803991345382
-0.00903879880094293 0.0073209802886826 -0.0552994628609412 0.178175964189883
-0.0225549110606609 0.000792303692790429 -0.242455395637659 0.0569302826990114
-0.0284051478386147 -0.0318400244140572 -0.337988139355588 -0.261822659208831
-0.00560693939339236 -0.03718340085587 0.0606244668298672 -0.589659124250829
-0.0125209058542399 -0.0026760735099326 0.729805261742071 -0.207069928057164
-0.0256780730896128 -0.00852465367291593 0.568189108967129 0.554276625362223
-0.0233819466973444 -0.0231704360492647 -0.0548200037285939 0.561937019708832
-0.00546490948885967 -0.0407357242715262 0.0352571562231951 0.0639887707222532
-0.0267583371862082 -0.032118320238123 0.128122837560146 -0.482625567957099
-0.0244961742867265 0.0224563790826976 -0.609807618387944 -0.575255701725874
0.00585459552042911 0.0108736993766981 -0.84635392592865 0.33015024284637
0.00634894984084331 -0.0266361318377973 0.00558288098274278 0.721268120124452
-0.0198875043669082 -0.0297965731376883 0.451650361008464 0.252253440058891
-0.0241172347291989 -0.0164337318594622 0.329102742629293 -0.137539128250811
0.00132007266631697 -0.00716110970128423 0.0329361280455886 -0.262969017487569
-0.0105350976008873 0.00746540007893263 -0.0542792065622969 0.170690113466653
-0.0189986097073698 0.00286897111885884 -0.236845474002708 0.0366899116393785
-0.0208261203702984 -0.0271197591092259 -0.300351773625956 -0.302348146025027
0.00245388379195641 -0.0331712511087456 0.147405258982562 -0.581836485244586
-0.0105591834644678 -0.00488265505462931 0.763281412084725 -0.104558894867919
-0.0233054679738472 -0.0137298161879374 0.489397489544676 0.631419288767728
-0.0206865378981226 -0.0228606529423021 -0.107912355360612 0.553139798196071
-0.00671682242450181 -0.037040745262711 0.0375518580537707 0.0484697248040139
-0.0269111093674227 -0.025519438221036 0.0800901287568967 -0.497472606174076
-0.0185722004950128 0.0225583515560692 -0.678152816206267 -0.489637063036369
0.00792346149660246 0.00699255303334794 -0.784896490449893 0.435942458481377
0.00922401208562035 -0.02270799835429 0.109471001382751 0.69906292947792
-0.0140514384297773 -0.0194618148805907 0.478377508076085 0.192427701091889
-0.018194949477695 -0.0104971944253388 0.320385833559783 -0.167868921760246
0.00144961177330625 -0.00529239112504162 0.0281632122458992 -0.273130933798089
-0.00809206616992363 0.00755780012324362 -0.0536294829255743 0.166054934405523
-0.0121299179312711 0.00679295552814926 -0.230433002320907 0.02150791683252
-0.0120484420246261 -0.0168859987590015 -0.268557608487118 -0.331514968481683
0.00739480970903763 -0.0245621477811795 0.214763109797335 -0.569433247310197
-0.00753776505406816 -0.00714851521251485 0.779564649176038 -0.0251906806749722
-0.0150647911417919 -0.0140066828250682 0.421218880583125 0.680574515100437
-0.0166261783157346 -0.0163095866743177 -0.148271337918617 0.539947492435875
-0.00828007107441655 -0.0269763178947929 0.039135792072254 0.0351836561720491
-0.0238358752826255 -0.0182627726064756 0.0399436764822164 -0.507371902723054
-0.0112321531014289 0.0208676604116615 -0.721025907521367 -0.421777541656207
0.00945652696215508 0.00639987098494094 -0.729540099266228 0.503291245117602
0.0163534784943437 -0.0160551701663223 0.181854275454327 0.674157298626072
-0.00170505255300009 -0.00842142907525176 0.497992891002382 0.147184078243104
-0.00977709503378458 -0.00614149115393466 0.312832569310177 -0.188675894001915
0.00204724480399092 -0.00419159121031549 0.0232438941977154 -0.279266211119735
-0.00535947075116686 0.0118075173408183 -0.0549660070458393 0.165631481803078
-0.00276537714778469 0.0140570428137122 -0.22871458792341 0.0145004425308772
-0.00456922461275273 -0.0031742337035529 -0.251837614379012 -0.344809130716674
0.010074580649488 -0.0152473110873383 0.249786093966731 -0.562577422119852
-0.00506210721411419 -0.00836311824411108 0.785586283562024 0.0185364465214593
-0.00547478961198361 -0.0126192472337614 0.385712640374705 0.705137187897623
-0.0152665917686318 -0.00426295676637957 -0.166156242063257 0.533478147744753
-0.0108361531678558 -0.0133407518900239 0.0401489745930616 0.0277283375041959
-0.0169301559117785 -0.00810431024432041 0.0192073172128972 -0.510411042350772
-0.00129039568292725 0.0169015900020077 -0.743890627017745 -0.386153931376267
0.0132305895016867 0.00603743490359023 -0.700615280836756 0.535296588239798
0.0257082861526981 -0.00706646310726139 0.216562600245694 0.657650378905528
0.0113830041630095 0.00257059294160623 0.50702780635932 0.123562665556065
0.000334209741569008 -0.00264236834447331 0.30655417264334 -0.198482305837037
0.000895386803545001 -0.00202522053586132 0.0203219481898771 -0.284073490208226
-0.00272588208620914 0.0142333403705899 -0.0559298599470228 0.167362257776411
0.00624786428890658 0.0207135823932204 -0.229073097447385 0.0175571442909246
0.00356211476445732 0.0117252999599647 -0.255959266024028 -0.343569108432086
0.0103779929667725 -0.00484993542050684 0.246604904579217 -0.56510588165918
-0.00106429712366788 -0.00965935203067967 0.785438785487565 0.00862841769267316
0.00551465982006278 -0.00723845018820027 0.387881005774429 0.695896498519031
-0.0136235948518363 0.00997103922094443 -0.163500039343307 0.530703353394046
-0.0148428753518038 0.00237228846258032 0.0396409310724451 0.0271291898228501
-0.00732550706464815 0.000761601091990194 0.0192500735770098 -0.513537700249156
0.00916091728998219 0.0135532209624363 -0.742911304637801 -0.391992412895777
0.0157841857994198 0.00699660885765793 -0.70072064878784 0.530223191967821
0.0339680891739496 0.00171070303026834 0.212000986302394 0.660896792660884
0.0248583034337128 0.0116693992933266 0.50357571515157 0.128976063261355
0.0113244335902448 0.00153028935014139 0.306687828545709 -0.195981226096353
0.00176527642557448 -0.00164274812786813 0.0205269778940259 -0.281527577619178
-0.000989347923969115 0.0163299737234018 -0.0577203132946385 0.172082065522414
0.0151844180338872 0.0265836001045343 -0.235019854188488 0.0269976535841998
0.00913467718638144 0.0245903531448235 -0.279301165170325 -0.327812826390503
0.0100222396755604 0.00407698761364534 0.206014414607911 -0.577707355195288
0.0021879851980165 -0.00848948561388104 0.781213171386779 -0.0484762359783073
0.0147607606225957 -0.00326998538452961 0.429571735115754 0.661438170172659
-0.0114146530213041 0.0253962852480871 -0.138588965551751 0.532518224234541
-0.0172870919521933 0.0159061103923332 0.0385747629161458 0.0326827912787434
0.000332653935968285 0.0111688101005247 0.0401511780255511 -0.512558707888418
0.0191914812053557 0.0108966544322401 -0.720887419232248 -0.438806095369555
0.0174906447712805 0.00817617196551269 -0.737299316851792 0.486456272465661
0.0391849199388829 0.0114138577795522 0.168300436265303 0.673503609721359
0.0372111459019021 0.0203352274409131 0.497422102856602 0.159175068302334
0.0201932051832832 0.00517236790324635 0.312863398425879 -0.178804304566065
0.00185270333003787 0.000422189548053077 0.0223102817603074 -0.272949476652455
-0.00848513289664177 0.00965326360579116 -0.0539403479795227 0.205793861657133
-0.0177312280581905 0.00331268365976223 -0.249773856642435 0.112600437955046
-0.0331878681430528 -0.0255623881175 -0.410179506566477 -0.158923958295326
-0.0210201692691067 -0.0324678020891186 -0.126514077884641 -0.573703701557385
-0.0123164521092731 0.00161347781415697 0.618519253861914 -0.406535446607093
-0.0203166839515234 -0.000539750311378725 0.699602625547835 0.366867109570262
-0.0246641783609411 -0.00947939800197307 0.0619790062872298 0.565388265378943
-0.00824573641447892 -0.0333349365461607 0.0314847174502586 0.0967703113384874
-0.0184732975981524 -0.030911725763207 0.225259012441122 -0.448122958876923
-0.0227074784977989 0.0193544494780304 -0.435321158797038 -0.743014720186121
0.00546944226085041 0.0179908793107763 -0.944984860305122 0.0804239838204159
0.00639683011417903 -0.0220166518173836 -0.215866725428669 0.729987637897462
-0.0150727761051081 -0.0375517911578998 0.372213112710705 0.370917588071582
-0.0243468186082809 -0.021332215374438 0.336798033796498 -0.0734962063906232
0.000601074234641924 -0.00987548949697276 0.0380549500800311 -0.246266514784987
-0.00950236719485772 0.00779866464345205 -0.0545285264982427 0.193560062917802
-0.0227187285956586 0.00205822359565053 -0.249703580274238 0.0870020024542445
-0.0335609617682519 -0.0306864474231728 -0.382135842905068 -0.211188986975054
-0.0143216616400317 -0.0369805973193151 -0.0404396557576539 -0.592716040048226
-0.0119453958243813 9.08895089641679E-05 0.682558994085125 -0.321102494594131
-0.0255613919860112 -0.0044639137988521 0.648639464139096 0.461634932103277
-0.0260483772460332 -0.0191462136096864 0.0068089672238238 0.570833371334476
-0.00622504759017075 -0.040331526959558 0.0339252008682398 0.0815894450809715
-0.0231661634288717 -0.0341535913174708 0.178522730487382 -0.471028821180184
-0.0260739144204263 0.0216115962849642 -0.534562065095715 -0.668911681066362
0.00559702119428509 0.0141627827403747 -0.912308063172738 0.215563907823751
0.00608278674135248 -0.0268278161634623 -0.102311197568838 0.738993292662344
-0.0196671154044555 -0.037359380962587 0.418772072747182 0.312632794746158
-0.0270200230047825 -0.0204723898901785 0.336372500342828 -0.105867495027596
0.000416461072632102 -0.00903775760279783 0.0353447948964664 -0.255926364791667
-0.00957085306073765 0.00759600871882322 -0.0547510645281394 0.183796984837154
-0.0219736075263975 0.00138837609506266 -0.245184730509738 0.0609576723047732
-0.0295900293128965 -0.0323497671156381 -0.345597051503036 -0.261608928708675
-0.00716840233053115 -0.0366027128955089 0.0540659194029868 -0.600073646261349
-0.0118445849099288 -0.00192401722155446 0.739533944908215 -0.21877132780341
-0.028166610606498 -0.00943991156435725 0.582042015766748 0.556863693678714
-0.0245764091572238 -0.0242607800407818 -0.0519340077651183 0.568869018917371
-0.00616787620884681 -0.0417430569889324 0.0361267362777031 0.0642210465540192
-0.0282440218376255 -0.0329168197350725 0.126552520595612 -0.490544884690468
-0.0234947059206323 0.0226756309963978 -0.623333484745831 -0.579142400938145
0.00610078427886507 0.011149157076524 -0.856270700629565 0.345559201714691
0.00575721662099815 -0.027144473158233 0.0170333047839974 0.729484529411692
-0.019304898374239 -0.0294909011757876 0.46042486589642 0.250467366260333
-0.0247799218116486 -0.0170761365505039 0.33222550040824 -0.143483839616553
0.00108886673619726 -0.0076628217212269 0.0307080743432224 -0.267819020646657
-0.00864086974243506 0.00646429925116575 -0.0530428028844788 0.175188607485198
-0.018216359109469 0.00384787807353223 -0.239083318391418 0.0409328392598928
-0.0210568368162277 -0.0270194393072175 -0.306791071981546 -0.304190075811694
0.000892009049876318 -0.0325133276550978 0.143679641030067 -0.593635444392877
-0.0109020980127818 -0.00509829143799974 0.774073082177722 -0.114082348996438
-0.0235513976283195 -0.0132910047809787 0.503419773827918 0.635235666397476
-0.0207389329936711 -0.0229892006524461 -0.105511242318157 0.560954989037348
-0.00684840191273708 -0.0377071531340967 0.038583457599059 0.0494448542201617
-0.0277836165253743 -0.0266339838449441 0.0752540705501067 -0.506697039731704
-0.0190987951416638 0.0233333887466294 -0.691944877737593 -0.487629870773287
0.00707433639862747 0.00802456572207387 -0.794155045623385 0.450567172657389
0.00883248837509962 -0.0226987560518821 0.117893146418269 0.709052580761003
-0.0138092034757307 -0.019881831225351 0.49007119329869 0.190494082383421
-0.0192920721291012 -0.0103296101291228 0.324221452448749 -0.174907502450336
0.000764515453320634 -0.00517898155053918 0.0264827918083337 -0.278528736926599
-0.00813221630040215 0.00849300298349693 -0.0534404813782819 0.170977018140602
-0.0125709718844334 0.0069036892760342 -0.233092128395585 0.0257505381277212
-0.0119862599901872 -0.0173609175318962 -0.275980952301025 -0.332833339465729
0.00652116822023104 -0.0251640017142957 0.211596860020185 -0.581599067001791
-0.00785334798767832 -0.00665865387895486 0.792871635919157 -0.0326436194479612
-0.0161367705418383 -0.0143064449964987 0.434973180279452 0.686835706479177
-0.0184145895546868 -0.0160005771897054 -0.144372125944938 0.549459386862074
-0.00892625280133569 -0.0270320258067622 0.0396146389114405 0.0364707263295805
-0.0231558099404682 -0.0192439547591826 0.0369828625230902 -0.514039982563509
-0.0108942231835831 0.0214225226641668 -0.737113537369648 -0.419707755950164
0.0105800510734171 0.00673105256786382 -0.735966577377748 0.520797381192218
0.0160738223451844 -0.0156114833505987 0.192787602948209 0.682780108339005
-0.00241479226727341 -0.00824395394199439 0.509080679950761 0.143086428482156
-0.0101953464767364 -0.00674246788797809 0.313914181210269 -0.196848194516733
0.00122800526990935 -0.00420499858332892 0.0206764972452419 -0.286795277715411
-0.00524270912917674 0.0117701765272877 -0.0535290728016738 0.169374351073355
-0.00243482905006411 0.0134409557205074 -0.230251298325787 0.0194387634214314
-0.00417506645504652 -0.00241326600563577 -0.260087956118549 -0.348339931865863
0.00951723741402933 -0.0153399267963356 0.246398743396695 -0.573095264315052
-0.0044062379703686 -0.00863639192117378 0.798779496060938 0.0103070661431522
-0.00628045634744457 -0.0127994403957825 0.396101457959056 0.709626604164611
-0.016416900727731 -0.0042318910609269 -0.163163126402066 0.542558515231941
-0.0109793796621053 -0.0135405377213797 0.0408053175475725 0.0287445430103554
-0.0160660985993526 -0.00895440835761266 0.0146305976186035 -0.518701717826238
-0.000934991886030002 0.0165058496932232 -0.758573084662603 -0.385147477174741
0.0127140104696269 0.00613069161098963 -0.700566161651071 0.551497246793525
0.02516085394449 -0.00876885826265699 0.225793743904485 0.666913225276724
0.0119950123032573 0.00143692658478375 0.514594880518648 0.121410060108513
0.000657203730259962 -0.00188238290318974 0.308291957356698 -0.206470967075791
0.000529140221748367 -0.00130923108135478 0.018217686047832 -0.288791670355024
-0.00291160509757888 0.0153540203788798 -0.0562488816536403 0.172046105857673
0.00680254096891725 0.0213552992246424 -0.231719523773978 0.0201266038678872
0.00339665235647942 0.0136286470500794 -0.263715863223376 -0.347465770054305
0.00999817371143509 -0.00526016616531218 0.244310663362454 -0.576073855695793
-0.00065677399407294 -0.00987463707665218 0.796656228879919 0.000925347695017616
0.0044392591804887 -0.00787180082012025 0.398330160143586 0.700543503295938
-0.0134341314400759 0.0107885809815436 -0.159987466296366 0.537915536638617
-0.0140962905326733 0.0027811770255139 0.0404575881505663 0.0273363986368827
-0.00672917370544229 0.00123832679498918 0.0137820698652785 -0.520255528511774
0.00885753599361208 0.0135607383867462 -0.758833687337591 -0.389451229445277
0.0161923852353533 0.00735897060580192 -0.704138057359812 0.545780634312633
0.0329700840696807 0.0017369843838036 0.222983939102269 0.665119257715712
0.0264744336606785 0.0109073662889555 0.514948053734413 0.124749041690652
0.0113936259731592 0.00161558814906614 0.309785928173815 -0.202783254376846
0.000549424075130871 -0.000917978596844834 0.0167220083607206 -0.286223842083915
-0.00118295616946447 0.016733251977066 -0.0575688075252288 0.17921760755947
0.015258992135304 0.0262233793867841 -0.23803884185592 0.0298963844008909
0.00910698103891815 0.0256636428670563 -0.28745463364058 -0.330136319581828
0.00994367854084998 0.00417305623984014 0.203301990692161 -0.591308968772228
0.00196103165159631 -0.00869592508327389 0.791186958739635 -0.0584925768871936
0.0136787720636585 -0.00473883717951325 0.441394376887463 0.666980894509269
-0.0101283812094704 0.0254671259436581 -0.136033590581543 0.541642824135836
-0.0173847423119935 0.0173883825035073 0.0390454810141246 0.0332262452036926
0.00155851412553864 0.0113810561944487 0.0375305813285085 -0.519236209941836
0.0198795451224886 0.0107492749127347 -0.735931185195251 -0.438755917400828
0.0186006609541997 0.00865204426310666 -0.746704981820735 0.502885250668214
0.0401479983431146 0.0119973107481377 0.177184622442706 0.682142213077772
0.0379987944774619 0.0204510190787826 0.506210232335821 0.156517063856616
0.0212224255487102 0.00460538172641299 0.315822225688325 -0.1863355920424
0.00150899325656121 -0.000449802102635889 0.0203287030997262 -0.277277360656792
-0.00762898587464085 0.00987112190323208 -0.052392554820314 0.211288282420277
-0.0180527713729608 0.00429898816638647 -0.252738750037494 0.118669287855983
-0.033501921409831 -0.0256061312025079 -0.418561968006782 -0.155785222222524
-0.0214956691673582 -0.0325903228662176 -0.13604516704623 -0.57952639473679
-0.011496431674707 0.00164302077460132 0.621677707301725 -0.421448154936961
-0.0204687638566532 5.39895712194337E-05 0.712093596426355 0.362741054855494
-0.0248675488053433 -0.00871540098082662 0.0689656430835947 0.573521770469807
-0.0088719845950296 -0.033171330708541 0.0340479065258199 0.0973946845395747
-0.0192131576721301 -0.0316131081331282 0.223729021761703 -0.45603627517187
-0.0213246082585552 0.0205501334865325 -0.450806474437616 -0.749754231571786
0.00537909811691626 0.0183029683383007 -0.958474640209706 0.0941042275680786
0.00687445444678192 -0.0222083858160988 -0.210192638710889 0.74026953008946
-0.0161233146616094 -0.0376573686155603 0.382238303357818 0.370642269685336
-0.0251809092316346 -0.0216790408435807 0.341184764014703 -0.0795559057715433
0.000452036544256935 -0.0108875146007463 0.0349916775867709 -0.250650935923414
-0.00934811621243485 0.00857150712669923 -0.0537018597296401 0.198406564174604
-0.0219943104700203 0.00119356298640147 -0.252588453949817 0.0925315489178791
-0.0340764977436695 -0.0298046736715007 -0.389602263401012 -0.207881520468961
-0.0159221997346246 -0.037029184739949 -0.0481127907029612 -0.600200900736321
-0.0120068154603138 0.000156143902685301 0.688774934237035 -0.334864420583882
-0.0263918637006936 -0.00369807146380229 0.666183253391629 0.458606594304928
-0.0269025979059099 -0.018127706888397 0.0134072747008571 0.579366085400707
-0.00662955283520638 -0.0404911097287889 0.03548147806445 0.0830061737532674
-0.0253932959607184 -0.0350681553425124 0.176475044418751 -0.478552221623672
-0.0248602869284797 0.022208278267774 -0.549798284863563 -0.671428724863204
0.00598725022765818 0.0146608340664515 -0.922099736993447 0.229870274506776
0.00541878317158088 -0.0278322791331418 -0.0937211536739345 0.74981988042216
-0.0211311687733021 -0.0369083771312278 0.428976875393424 0.312958182516979
-0.0278573433122419 -0.0200132772500174 0.339463546313473 -0.113626800205114
0.000221846400886292 -0.00999989958768258 0.0332427805156752 -0.261048920893695
-0.00964060077420497 0.00810739875668467 -0.0533388069872365 0.188276579701687
-0.0220641195750159 0.00115842738302679 -0.247611133791723 0.0675597502669709
-0.0301557848431397 -0.0312584638232412 -0.353872142237828 -0.26009032130399
-0.00768449869494494 -0.0379387074385889 0.0490984085581818 -0.608771636525332
-0.0118898282233956 -0.0020056579435061 0.745002301045478 -0.231215467455491
-0.027036755642244 -0.00909456453096366 0.595473536833656 0.557227298573021
-0.0252514624399322 -0.022980110623486 -0.0454896472312498 0.577955581313234
-0.00607904069630569 -0.0417625846263302 0.0383508270009361 0.0660588036990888
-0.0288310589501851 -0.0328495618671497 0.124318403392738 -0.498297600009456
-0.0240292019056786 0.0225677758763503 -0.638691084867716 -0.579138670596744
0.00623569249682939 0.0103307912050515 -0.862745420026728 0.360183157519012
0.00535688393341767 -0.0278909848003051 0.0257375321585968 0.742863705562385
-0.0218417926252348 -0.0304147334270394 0.470968909475658 0.248102563874961
-0.0257738501656211 -0.0159692947799167 0.335537097145442 -0.150566604742194
0.000379974567436687 -0.00852539874809332 0.0274278102190781 -0.272892780366396
-0.00886342104690875 0.00853849494501593 -0.0529605207340158 0.180549361585487
-0.0184591296176043 0.00355508950886992 -0.241479085423867 0.0451775629584509
-0.022460689791117 -0.0278009334093915 -0.315811163914239 -0.305190198752928
0.00111965289402167 -0.0334266570086194 0.139411288392476 -0.603945171161346
-0.0106493580105419 -0.00463408335465468 0.784095965478744 -0.128029916866026
-0.0235464504968264 -0.0139382123985677 0.518818687245264 0.63752804411782
-0.0215739250819635 -0.0231916695135065 -0.100321081211312 0.568742512434723
-0.00676065323392573 -0.0378151421236656 0.0393543968197734 0.0494913251164571
-0.0291345739679153 -0.0274544264349391 0.0708567865793932 -0.512970374647328
-0.018565563846476 0.0228572600876339 -0.709255686679307 -0.48935982801349
0.00767583814746316 0.00829423476217105 -0.796034241428163 0.467904065970148
0.00851158238774748 -0.0238871983243999 0.127595228169354 0.718259951432577
-0.0148467349042396 -0.020564802652845 0.500501520247947 0.186262281095402
-0.0199601650464394 -0.0107742531662475 0.326634200869022 -0.182253821037447
0.00179514328546604 -0.0053268214039792 0.0215415493596957 -0.283586066457958
-0.00763642778400835 0.00916129695601072 -0.0523267376721603 0.17614066982169
-0.010963714353928 0.00781333730046267 -0.236487109030991 0.029746328971445
-0.0126648807745271 -0.016838435087816 -0.285758759424161 -0.333948234019688
0.00664065818979041 -0.0265667958011485 0.20774773097255 -0.59448953440462
-0.00802395100435524 -0.0077905775708243 0.801580602607914 -0.0425889100289047
-0.0164150116369455 -0.0148793724752497 0.450027701274314 0.691476944232782
-0.0182069393698442 -0.0160520467362848 -0.139556122827626 0.55851080855579
-0.00965621635565787 -0.0273571016502737 0.0406953221792894 0.0365907065321527
-0.025152934837739 -0.0175291878564972 0.0322052942266814 -0.521121533518012
-0.0105834151653978 0.0208067956470705 -0.751654082920554 -0.41624310608058
0.0107823393265614 0.00706936809054401 -0.737571771446088 0.53810833568061
0.0156885933086302 -0.0164879039096016 0.202783486477633 0.690250002828527
-0.00314055190190661 -0.00868421238877311 0.516234499283461 0.13744975451753
-0.0109712346168746 -0.00603526081456269 0.316493110523085 -0.203269232299164
0.00117232202831958 -0.00384206059999504 0.016595520262126 -0.290933872571058
-0.00492751037906959 0.0124104748748397 -0.0525123967947182 0.173854188360235
-0.00181512568439527 0.0137288885298229 -0.23296128755491 0.0234731926646409
-0.00440461350941119 -0.00232213783807598 -0.269330086954954 -0.348783548972077
0.00948688283462169 -0.0156394392961541 0.241518847763273 -0.585667285178729
-0.00493875717070717 -0.00925037032346954 0.810372358435946 -0.000943218097386147
-0.00593264407811012 -0.0127897764726322 0.411667043954978 0.713668445184616
-0.0158852545797382 -0.00340191911811513 -0.15947675289938 0.5509408626677
-0.0113899844037059 -0.0138472528204561 0.0411060951873511 0.0295369508646084
-0.0167682906141147 -0.00892136256359136 0.00854921188941837 -0.527236115194189
-0.00134606555761527 0.0169121413971143 -0.773224170370718 -0.380726560145052
0.0135221158723908 0.00646974813319045 -0.705048228391975 0.572340124972185
0.0250221924618163 -0.00837027194401844 0.239902391682623 0.672191068574396
0.0109643333500073 0.00154791650439284 0.524299972981102 0.11562350902363
-0.000754677831205792 -0.00128318124996877 0.311039522220416 -0.213644443890649
0.00137501609090772 -0.00223129599525161 0.0141976410135903 -0.294089204778427
-0.00274698175633693 0.0161037206580477 -0.0542799514875208 0.176820634825712
0.00834492268978392 0.0212403568149209 -0.235032774352099 0.0258387967980384
0.00298557266226126 0.0135119101859715 -0.273006550772059 -0.347218577215028
0.0105889389854202 -0.0056067094372248 0.239960928824727 -0.588993478018842
-0.000856700867094513 -0.00957370380975997 0.808119723736937 -0.0108718903039029
0.00529744456755333 -0.00818148363926376 0.412876845221405 0.704314881450759
-0.0128434102496593 0.0112609991019107 -0.156343590157243 0.545929315432263
-0.0143822849463243 0.00235125044925735 0.0423245147815869 0.0273682847710964
-0.00720389762632708 0.00153444408186482 0.00822615629594315 -0.527564980482897
0.00945131704586393 0.0125397794460745 -0.773620174605115 -0.387521504085252
0.0169592167584628 0.00635377362527115 -0.707815863425759 0.562508632367708
0.0350314633951901 0.000464598252076147 0.235081276569887 0.673247897911509
0.0268320762005381 0.0119696395901875 0.523362072242792 0.119749508159746
0.0113020424324611 0.00119067176701182 0.311470618880484 -0.210096507762845
0.00152067875604598 -0.000625623557007514 0.0130458041315427 -0.291575889220072
0.000598187283818609 0.018581866515372 -0.0558009682099378 0.182667930810783
0.016418634843141 0.0267939353105386 -0.240762462654045 0.0346368505655177
0.0102234965649515 0.0257336156800952 -0.295971479496334 -0.330876026560088
0.00981523364191898 0.00386563776169469 0.199412661224349 -0.603979226960215
0.00177099922480085 -0.00895958053652843 0.79973247758968 -0.0690876459409538
0.0141941218362833 -0.0043864185362958 0.455241151610741 0.671015988041371
-0.010297907233974 0.0262313965165268 -0.129349457442828 0.54941975100848
-0.01822373141728 0.0179029284245729 0.0410033862330414 0.0342705494853035
0.000868678757760334 0.011126357464658 0.0316351536399223 -0.526996517954459
0.0194348578410843 0.010259435176237 -0.752274035612991 -0.436196960788829
0.0186154864955051 0.00808031060565492 -0.746870290412966 0.520642105394199
0.0401570697837193 0.0117077284699551 0.190747615787113 0.689903123758491
0.0392818800078503 0.0190371335775725 0.515252350877862 0.151700743298686
0.0208276888327225 0.00479461582727416 0.316278542599197 -0.193851636375577
0.00120672065266993 -0.000636383334143497 0.0166346946397849 -0.284092310345411
-0.00737063525954436 0.00970536545519524 -0.0495122502979934 0.217039200438969
-0.0173571416936955 0.00382639213787392 -0.253703363800242 0.126490225786166
-0.0351917051211813 -0.0248785021982267 -0.425545415777505 -0.150327103798734
-0.0230638737118844 -0.0329700203583531 -0.147455076532978 -0.584652358093981
-0.0114157491590031 0.00266435745975283 0.623767093040396 -0.438360268069756
-0.0205931698662112 -0.000560478758125567 0.728299279477572 0.354301040171804
-0.025187769256329 -0.00871238922311831 0.0788621648689514 0.577784134978587
-0.00996183923976637 -0.0338247101969237 0.0349740359417005 0.0989125096123909
-0.0201928768019578 -0.0314813907648189 0.220846938148614 -0.464757093810724
-0.0219937062619602 0.0203985328845677 -0.467806029096152 -0.751846260600565
0.00604866562335052 0.0186530245430361 -0.967373739263075 0.113962791060671
0.00690518551076556 -0.0229955971367198 -0.199621118961097 0.754002594308404
-0.0178339494898139 -0.0383900209560344 0.39340331077485 0.368398723317849
-0.0256112317420674 -0.0214639362508818 0.342129831601388 -0.0858690586273584
0.000405933817748024 -0.00998791887043379 0.0304968150985533 -0.254190345613054
-0.00849464513877175 0.00934331153118885 -0.05168729908188 0.203848830467125
-0.0218366052175785 0.00203476851853141 -0.252830917421825 0.100317132097757
-0.0359192453937109 -0.0300041100774934 -0.396979082961507 -0.204640404848425
-0.0169546961521607 -0.0378389625077418 -0.0590161080682696 -0.60777013560133
-0.0113823418099384 0.000869016273886369 0.691568847375124 -0.352168647205609
-0.0269891904095763 -0.00318705572830348 0.67950695908962 0.453667711612005
-0.0264320152306056 -0.0175657330175267 0.022606986343979 0.584675753166238
-0.00779156446416438 -0.0408726910955856 0.0374410639348692 0.0832421034551818
-0.0254760806959246 -0.0356706571399776 0.171735130163647 -0.486498607163381
-0.025373444323661 0.0218860592205889 -0.566192550253443 -0.670387232396756
0.00636413750524488 0.0150853511686682 -0.928181892982916 0.24951172010724
0.00536728027491452 -0.0281194975865473 -0.0828604030709993 0.761134600366672
-0.0221984446787854 -0.0381778225923377 0.439725318412057 0.309595556878942
-0.028103813916984 -0.0196682282671314 0.342365350683237 -0.120729095271283
0.000512327854024999 -0.00941382874245049 0.0278288264209024 -0.265645333533652
-0.0088322671210713 0.00822960111804302 -0.0509724780768276 0.193318877730865
-0.0218848114834113 0.00214262837201016 -0.248986869878503 0.0740796397477637
-0.0315797091311171 -0.0313860029536352 -0.361973994934971 -0.257360451981392
-0.00884556529900242 -0.0389162521947579 0.0378724351451315 -0.616465088619932
-0.0117907317034577 -0.0020461165960408 0.751054900963237 -0.247264508483103
-0.0280987223369404 -0.0081648350655295 0.611993218566339 0.552660460563796
-0.0257974246714342 -0.0226655715107532 -0.0365898946238537 0.584706518180504
-0.00691172169392853 -0.0419855369130972 0.0396611413413301 0.0661591960003963
-0.0303961800994723 -0.0325988655709545 0.117421058649206 -0.505539055924037
-0.0237041178806674 0.0242755198180728 -0.654608892796639 -0.575866873052943
0.00730653489779119 0.0121229477595063 -0.869866787400457 0.378964715623917
0.00518934917008042 -0.028082049652611 0.0383068803895392 0.751399891489194
-0.0211743266598602 -0.0309802565882178 0.481475895579179 0.244583833640604
-0.0274135323030856 -0.0160202666152029 0.335862137374197 -0.158412878840707
0.000124527754640332 -0.0080498146117474 0.0225947669157991 -0.276614965675316
-0.00770396363612453 0.00858077083882152 -0.0505109309436546 0.186066499198059
-0.0183121410174675 0.00364665647455668 -0.242779086931047 0.0507530020552562
-0.0231818593912482 -0.027755635829593 -0.324656497968755 -0.30382649513908
0.000174559697419414 -0.0345194121720963 0.130223906264866 -0.613223115877026
-0.0110039247824458 -0.00438642356905372 0.791300427923406 -0.140311088301742
-0.0243295757483137 -0.0136278204098914 0.535119219870417 0.634497690762943
-0.0215008478991521 -0.0224582915609987 -0.0914274434675985 0.575270460094856
-0.0071064191139414 -0.0375470331664516 0.0404899699131445 0.0498537527768811
-0.0299339756094642 -0.0269814836776867 0.0634340662498364 -0.519378791582732
-0.0185127665876769 0.0224437167571988 -0.724027479919326 -0.484771316378976
0.00797921234607632 0.00858918981616189 -0.797400647098764 0.489109967040677
0.00903486113169526 -0.023756407983674 0.141977304887861 0.721636974965812
-0.0150252638320854 -0.0198425284117351 0.508171653936423 0.179493258642368
-0.0201714472889698 -0.0111017749072764 0.328212514296235 -0.189737629583273
0.000844655515227257 -0.00578458012234601 0.0187983027843159 -0.287827837803274
-0.00716508712586292 0.00951288569121236 -0.0505389977118969 0.179932141222111
-0.0104735291227111 0.007649044412268 -0.237841350866719 0.0352200640040398
-0.0131647776763253 -0.0169506771012085 -0.293320570057581 -0.334076939392169
0.00595051644472523 -0.0272153429471903 0.199712263194792 -0.603244734428357
-0.00857687525228017 -0.00738699376857153 0.811715106102067 -0.0571781622127642
-0.0171075184804066 -0.0151546189701985 0.466174644861806 0.691134304954844
-0.0183810575486571 -0.0157488827094692 -0.133465498353139 0.567438443887801
-0.00838838222199885 -0.026905331533532 0.0433840973596514 0.0373452073047774
-0.0248082011771167 -0.0190005962060968 0.0251546359157913 -0.528443185274344
-0.0103217568942074 0.0208926582404391 -0.766449766902227 -0.41054529445299
0.0108525290848302 0.00673572306041517 -0.737741341416805 0.557558161248626
0.0153873263864464 -0.0166664152783169 0.215884857806369 0.692846423061774
-0.00263810443617793 -0.00895610427819524 0.525394712017445 0.129158567212425
-0.0114196228735013 -0.00579166332074712 0.316450915192128 -0.214063112220231
0.00200470161307569 -0.00383079069128467 0.0126016939076001 -0.295576150971707
-0.00417247194110647 0.0127146678334948 -0.0506132726969898 0.180320714459911
-0.000856476368839985 0.0132474390808449 -0.233990343807639 0.0278553460009019
-0.0052538959153915 -0.00284073267556472 -0.278907997638742 -0.348633983823209
0.00880233679843315 -0.0169668021928092 0.235775042684144 -0.595494565381007
-0.00484109601581632 -0.00910650717551174 0.820816781797367 -0.0163882321459468
-0.0065996534825712 -0.0130260021341644 0.425823939660552 0.715434917945542
-0.0156243395057 -0.00345928840578064 -0.153038405862028 0.558258884168961
-0.0124231718934213 -0.0135153422206443 0.0427856487681307 0.029775487871225
-0.0173967469215541 -0.00895621843690692 0.00205940006253283 -0.532899542393335
-0.00034261088161806 0.0164737116205442 -0.786331806274492 -0.37213220801395
0.013868244023765 0.00605935977010421 -0.704553224408542 0.588976244195833
0.0257956360731772 -0.00874935122454911 0.252488081266536 0.676781970792847
0.0113828797109877 0.00168102883963117 0.530706353550358 0.107352293680468
-0.000117801686239358 -0.00170384956538008 0.311615743441927 -0.222247767577109
0.000467236520827807 -0.00256780218488794 0.00835064349234134 -0.298197876974625
-0.00117466806606103 0.0155389646423216 -0.0510334966698228 0.182542971048229
0.0083082164662708 0.0204571321297769 -0.236604587180744 0.0307500590926956
0.00306905172729404 0.0134947942883515 -0.281932944539879 -0.347067387551445
0.00998875851167529 -0.0058278107018932 0.231851766004211 -0.599409923977485
-0.000427203844251021 -0.0103709509224062 0.818809205376044 -0.0238965385580493
0.00354205164458909 -0.00877062007704347 0.429089517248558 0.708395159755384
-0.0134805349367561 0.0117734925343617 -0.150832607654948 0.553698976510315
-0.0149716013530806 0.00233026777987233 0.0424495272811993 0.0289922010667886
-0.00700974731871334 0.000743196530964367 0.00101995117669096 -0.534030362536579
0.00912214270094563 0.01292264844087 -0.789318774154728 -0.378432521954581
0.0176772373327538 0.00631244818498784 -0.707629752809399 0.583175519276053
0.0349293491581725 0.000803574736714158 0.250315219258577 0.678116939944452
0.0275387024270233 0.0111289432439106 0.531132795093613 0.110796646349268
0.0109482375876893 0.0025843788981379 0.31180606845865 -0.218120917360103
0.00143852244460443 -0.00125517683960439 0.00867680524092599 -0.296614961243463
0.0015986814263745 0.0185173739252169 -0.054186909748958 0.187467364464996
0.0173212355491446 0.0256161885627393 -0.242032372789917 0.0392957159165955
0.010884662605125 0.0267101330587324 -0.305784488728318 -0.32990170109604
0.0101044124865826 0.0035793156195562 0.192331838916662 -0.613588327028639
0.00243403479805766 -0.00895954127884565 0.810243325841776 -0.0839728177045224
0.0143276126796069 -0.00490674809152595 0.474050920294148 0.668782615962992
-0.0107203263988289 0.0265926922315926 -0.123876972757866 0.55772134146204
-0.0175227809284932 0.0187768750013185 0.0416272911372745 0.0338640201262969
0.000818301253391373 0.0105419713696868 0.0244137663760373 -0.532978135419141
0.0202241493984069 0.00912022238256401 -0.767688804205221 -0.427838933521688
0.0184613359439444 0.00763508965887711 -0.745939621088668 0.541262916400738
0.0400396421461145 0.0106921933075647 0.202854948619546 0.693941413075178
0.0403919206285656 0.0190149387634432 0.524823314906337 0.143929868063191
0.0214572077486879 0.00443494484305482 0.317771355518428 -0.202823142698751
0.0010395439007163 0.000221537184971775 0.0122723321972505 -0.289085727368511
-0.00568407755388635 0.0123571259329028 -0.0245315842925507 0.222237680375299
-0.016855317896718 0.00667774126863207 -0.236435301334119 0.157451316378301
-0.0394692317018774 -0.0208386172768118 -0.440338880152043 -0.103954866477409
-0.0298818220546265 -0.0347920358432085 -0.209287663945041 -0.568715738508241
-0.0101215049114903 -0.00177703124696647 0.570532018516511 -0.505323206655143
-0.0211956125371986 0.00329730444433224 0.76561812322266 0.268743104987428
-0.0243318523088878 -0.00607359565612259 0.152046554180412 0.569364642947081
-0.0127371437469251 -0.0329069366804214 0.0473811320784499 0.095234141903684
-0.0229914327637377 -0.0294042476808697 0.159317430064443 -0.495781729518086
-0.017905473848086 0.020384164394806 -0.566276276005409 -0.691662077965504
0.0058910420874028 0.0149859033696922 -0.961618883399657 0.243066688334173
0.000384820474408022 -0.0269015036441469 -0.0914615928895582 0.791014295199111
-0.0236541178568896 -0.0383048078121891 0.449661994531405 0.316565291868291
-0.028005689712041 -0.0177913710113214 0.332320148415809 -0.137996899279898
-0.000485460917105541 -0.0103939451066347 -0.00643597361467808 -0.263344309753709
-0.00695759736732679 0.0114768137751444 -0.0262364425248111 0.209743681534702
-0.0206085829532226 0.00467896243183152 -0.240320752967048 0.131127764462354
-0.0416375244163932 -0.0275749774588877 -0.42116103890825 -0.162096875896751
-0.0239646529038644 -0.0404232842164934 -0.123548792396011 -0.597848430828736
-0.0103140000094725 -0.003041170753729 0.650551936927393 -0.425539359347265
-0.0271166349599713 -0.000339467341981528 0.729115274461442 0.371278823943083
-0.0276952724697225 -0.0147677011229872 0.0954534650684083 0.581827684672024
-0.0122546381311328 -0.0402207509879375 0.046760555238166 0.0793546590337734
-0.0307185854130829 -0.0326632954120021 0.10780534817252 -0.511506871614693
-0.0217891979087707 0.0216100940686284 -0.653611347949551 -0.599772724622517
0.0054912426380264 0.011937164631016 -0.900927369809376 0.37949356817529
-0.0036378122898757 -0.0318102583613531 0.0283722407014897 0.780888781491126
-0.0281287326089894 -0.0367403991221665 0.488608422109833 0.248694717065156
-0.0302809818063037 -0.0165246057196679 0.3260784038266 -0.172360407674096
-0.000900858014217313 -0.0100160973334765 -0.0127411357981829 -0.274154236589559
-0.0079384183324255 0.0113674874571493 -0.0268557751086526 0.198764255980793
-0.0217621327494011 0.00438978319404055 -0.239698285063017 0.104787857018886
-0.0364841319379492 -0.028951171900602 -0.391162186404832 -0.21822897574731
-0.015761319844214 -0.0422486528825305 -0.0263127888361077 -0.618678297873703
-0.00985230286915135 -0.00501527385429466 0.718522536967578 -0.327426680709995
-0.0287535716958985 -0.00489732026854562 0.671621139147249 0.479987693583556
-0.027953970919429 -0.0203530583033781 0.0373293867148687 0.590326099514741
-0.0120614932801829 -0.041544965359678 0.0478050527520684 0.0628556417340683
-0.0335781477513169 -0.0297440925363425 0.0512644697776891 -0.523977226893754
-0.0206186261754923 0.0233587111376295 -0.732604210596976 -0.491516897864691
0.00545909093358271 0.00842120869909881 -0.821840953083912 0.502033281134359
-0.00276481529679224 -0.0309177138048154 0.14670906676928 0.750467369399051
-0.0273652611443726 -0.0295960970240611 0.518400029240862 0.178051079049771
-0.028603475873751 -0.0132817939881373 0.315914696541257 -0.20887831884936
-0.000197860971541982 -0.00827164695612324 -0.0173142149082138 -0.284572899572153
-0.00712264219568868 0.0100613419691515 -0.0286831037903073 0.191038695742398
-0.0176000961644608 0.00503540558674761 -0.235916177608642 0.0816253967326341
-0.0273892339540028 -0.0252196412625208 -0.356683659338749 -0.268170517788879
-0.0055920972964474 -0.0393248719533258 0.0632891497839219 -0.624209885026374
-0.0072937009846934 -0.00779655591860009 0.770078091014354 -0.227338031666613
-0.0270061544206741 -0.0104914378237106 0.604843590479081 0.569689180948913
-0.0225731699281246 -0.0200491489895916 -0.0199076975161318 0.589592437567214
-0.0116809365468644 -0.0375292784976524 0.0472396866070915 0.0463867913765379
-0.0320441158372579 -0.0230312286706945 -0.00242361611095972 -0.529668851098365
-0.0166341174229359 0.0232730387935751 -0.789020602773556 -0.388192065209902
0.00579771502402667 0.00655218344593674 -0.736225381730281 0.601035040299751
0.000855031754570738 -0.0267470890952302 0.247501764692334 0.710701143268351
-0.0199456626794244 -0.0192864812606387 0.539538306762983 0.10907759015331
-0.0214161257065585 -0.00891415895820515 0.298566556824786 -0.239740135523178
2.86678593458675E-06 -0.00626629297400431 -0.0255047928188648 -0.294087622728941
-0.00463502844644231 0.0119309984472384 -0.0287552643201505 0.187048995235325
-0.0102199034817356 0.00958626876841541 -0.230679289905553 0.0642824943537198
-0.0172323015145108 -0.0163220278985798 -0.328605634487131 -0.301657587823505
0.00246998808105944 -0.0325993795613656 0.135460727241212 -0.621052233154251
-0.00491647610263109 -0.0103782740348408 0.798687461584409 -0.147390889047729
-0.0190434040171466 -0.0111545647510826 0.542717413938289 0.633713868416426
-0.0192327195334855 -0.0137497499024696 -0.0618237392983791 0.584688683298951
-0.0118844859233318 -0.0261891547014112 0.0471341405498123 0.0317201982713383
-0.0272039681359617 -0.0159758796895045 -0.0458632576833642 -0.532782182707221
-0.00841737475081755 0.019212618169533 -0.821681090255184 -0.310154984230756
0.00858564366199714 0.00379378467244161 -0.667708350098377 0.661864497021209
0.00916652566837357 -0.0194630736130059 0.319739450067796 0.669894339883875
-0.00574284378377578 -0.00994616175460713 0.549116048376841 0.0570257050880928
-0.0116744245000733 -0.00467872122383131 0.287176380834061 -0.261023791999443
0.000455490632017616 -0.00489895454610033 -0.0315239978028798 -0.301086615025388
-0.00286520146368791 0.0146686277473958 -0.0286278031053469 0.185231882524735
-0.000399958707732337 0.0140934082412097 -0.229671752272259 0.056602015906831
-0.00692604900435312 -0.00172916081844863 -0.31516966968245 -0.317140214034855
0.00606663767579033 -0.0225966790263041 0.17154652578335 -0.61923947259196
-0.00021937919993524 -0.0117579302230855 0.812047832360807 -0.106103198538006
-0.00836362142539477 -0.0105348440852801 0.506511188693367 0.662064044983408
-0.0146456812308835 -0.00154567918465841 -0.0840230743840495 0.578044267891455
-0.0130475810462949 -0.012471562525614 0.0471383551435585 0.0247610646020801
-0.0181703160006123 -0.00768518207396643 -0.0672997940238829 -0.533309131997815
0.000561724580385306 0.0144219927624732 -0.836356655623577 -0.270071104051966
0.0111181160419121 0.00346301020552904 -0.629382958708384 0.690244199146349
0.0182158858657435 -0.0126619644896444 0.35226929300893 0.647138838503461
0.00960388830952094 -0.000767563657545926 0.551614240968143 0.0321208352656078
-0.000380256783870592 -0.0027615874354478 0.278397682573938 -0.268967433767818
0.000200437388935174 -0.00234944729926905 -0.0342744800416726 -0.303122188240008
-0.000366854940854023 0.0170596544955815 -0.0302861398563637 0.188013061127636
0.0104870954881095 0.0210259829183681 -0.229799764316647 0.0591167365631216
0.00240981552750225 0.012934179214784 -0.318694825748367 -0.316129193006004
0.00800458495451405 -0.0115801126878919 0.168290081420928 -0.621708221146175
0.00290211875946808 -0.0126628671959255 0.811366051955618 -0.114752669843975
0.00333831757774868 -0.00773389428543005 0.508876231627426 0.651008075707554
-0.0109023285706086 0.0138634364072056 -0.0812650511071986 0.574841184677797
-0.0144590862043211 0.00394892810350965 0.0463430877155933 0.0231679518275908
-0.0068437082415294 0.00188608755698515 -0.0673834056569591 -0.536777866782778
0.0111667492362251 0.0082699927165173 -0.838267043078943 -0.276060339776296
0.0133767556813888 0.00350908294165788 -0.633429411468055 0.684180310266827
0.0298440777426138 -0.00341802198566453 0.347141781420745 0.646504359427382
0.026378819035972 0.00642745385685168 0.55085439173673 0.0378973583465676
0.0107924249021156 -0.000586448388405094 0.279634664462137 -0.264080866342822
0.000161643809185586 -0.00201482914031027 -0.0344150408650558 -0.301219898828912
0.00336688692883653 0.0190340598736215 -0.0294772496288096 0.194059346508905
0.0202138517295458 0.0260383824199497 -0.235163511250782 0.0692765596528377
0.0113787485423713 0.0263883887891222 -0.339159648142722 -0.293040831544179
0.00846173531874566 -0.00291614164723009 0.124782901512235 -0.628848312573056
0.00551350912254471 -0.0132123563937293 0.794906196744948 -0.171944626468395
0.0134289512103152 -0.00417756925745639 0.548051579160933 0.61325557901106
-0.00590549044774065 0.0277917648465146 -0.0548054788495255 0.5749928373244
-0.0148898145474309 0.021160459405974 0.0463094011058829 0.0301906740336361
0.00262581730122137 0.0112146387670502 -0.0470531223546972 -0.539605495699465
0.0209596887595559 0.00411084976997645 -0.825497781856175 -0.328564058711824
0.016186068278895 0.00403731485612165 -0.680450657696444 0.646896919471566
0.0360332012552927 0.00403847558817535 0.305379977114488 0.672775313812955
0.0403324049515442 0.013154280214672 0.548737057634336 0.0721668918471989
0.021635480723242 0.0010210991479697 0.289030768584436 -0.249368867365087
0.00191498841121598 -0.0004384264397484 -0.0333590915795309 -0.294181896630388
-0.00485245847665686 0.0132807776994796 -0.0188877361984222 0.225197270085681
-0.0156152947460744 0.00636741866410195 -0.235133203784994 0.163384728586087
-0.0403507646567562 -0.0197083795229275 -0.446450746800329 -0.0962334872696
-0.0311614031853929 -0.0340351202402742 -0.223232421799014 -0.56776988122343
-0.00941096224675539 -0.00104188675537225 0.567415290986257 -0.518876534468621
-0.0218792266478257 0.00423566075367818 0.776010336920741 0.254509119062315
-0.0251557165233629 -0.00521286585826628 0.162199618155834 0.570033786006893
-0.0129145486882679 -0.0324897911402344 0.0497306611421986 0.095142278146999
-0.0238275132655042 -0.0297972825584683 0.153160057680061 -0.501132388641023
-0.0180226853159546 0.0198248963137887 -0.583971381760462 -0.686744732077296
0.00581586228072541 0.015553907617951 -0.960731652843282 0.264530630225034
-0.000294007398573131 -0.0269529864505466 -0.0757926316932215 0.798758594497644
-0.024257193465321 -0.0383608962287374 0.459926653696017 0.311248580742282
-0.0286844112656837 -0.0175964833538454 0.33186713964461 -0.145773295365968
-0.00161956885453007 -0.0109509056572243 -0.0120918293888272 -0.265370668694285
-0.00666792701022964 0.0116555161431041 -0.022370160205891 0.213063851161411
-0.0214064790910948 0.00570745391721859 -0.238142376022024 0.137795823542836
-0.0419276943953538 -0.0262412197059898 -0.425817148440794 -0.154138390837399
-0.0249904818464838 -0.0399724764241781 -0.13719468115505 -0.600985193731531
-0.00950234074803018 -0.00246475085207868 0.644995511752409 -0.443668766244264
-0.0275370477205046 0.00144430642781112 0.740759578797199 0.358894026195469
-0.0279100482081863 -0.0147138437409894 0.105628911488478 0.584329914526368
-0.0122145872658279 -0.0399802300533473 0.0488059336111056 0.0792828717578383
-0.0298401830999598 -0.0319443440785994 0.100501012138207 -0.517095428684217
-0.021384066214925 0.02270923596268 -0.671214215226394 -0.59023854236635
0.00584762476663876 0.0120404292621331 -0.900480031135667 0.398969831642211
-0.00425154197544414 -0.0316420910893522 0.0422991193883762 0.786927439749809
-0.0298458015552784 -0.0369624752173003 0.498483870936083 0.240404310659876
-0.0311456819823183 -0.0156447162765522 0.325645818879065 -0.181790534390197
-0.00135599031387488 -0.0103115306888335 -0.0160894731915462 -0.276108719730465
-0.006478090716784 0.0112937836187094 -0.0245948404531423 0.203171288693948
-0.021538102874577 0.00489264170070011 -0.238552666085376 0.109732321768904
-0.0378827496963731 -0.0277986329201767 -0.397568467176252 -0.213319369369478
-0.0166177410650718 -0.0426706684273189 -0.0402381355185229 -0.623606421163118
-0.00875732289116521 -0.0049753742394407 0.717752989408279 -0.344203720670595
-0.0295690955331333 -0.00449791204084251 0.686295918514589 0.469447249521124
-0.0276728249458185 -0.0202612752203964 0.0469105979873267 0.593307537326478
-0.0127274358350894 -0.0415332255408376 0.049016390640546 0.0629870714172192
-0.033869027867906 -0.0289594099408216 0.0415897379555655 -0.528572179746824
-0.0206478127849562 0.0230833659183326 -0.745667425531313 -0.482095555331381
0.00474231163956731 0.00773035571015408 -0.81814142149255 0.523733937033976
-0.00449902092755367 -0.0313019254003336 0.16221380736396 0.753719935417153
-0.028746139787486 -0.0289990016381861 0.5265905119771 0.167825322178509
-0.0288588957560248 -0.0126103626339165 0.31195411876378 -0.218181737955189
-0.000916194409851089 -0.00874650967579451 -0.0238171380833859 -0.287511255598234
-0.00622210121438301 0.0115774770427543 -0.0251225430352736 0.195328207471078
-0.018027174109562 0.00500193654137569 -0.235266285827284 0.0878209999182668
-0.0287617278554398 -0.024835702569039 -0.366099105070747 -0.262934456862721
-0.00693662275299911 -0.0396340577495975 0.0517801618290307 -0.630933813382604
-0.00764166033421132 -0.00691393198791126 0.770994292398841 -0.245942789525443
-0.0262139811215267 -0.00865100429777746 0.6183717090703 0.560477645348412
-0.0239815860952397 -0.0194135936762175 -0.00980019169758958 0.593554683345789
-0.0130034454964866 -0.0375506652167656 0.0484083105935645 0.0470563327576757
-0.0334387271675178 -0.0236057545835018 -0.0126345979235617 -0.531805207174149
-0.0165568508140845 0.0223378965743273 -0.803169313978996 -0.376518235820247
0.00685694766671729 0.00572587736212025 -0.72990934997571 0.619604341744523
-0.000610693929238086 -0.0273173856074924 0.264652380504471 0.710821208724886
-0.0207957424503917 -0.01842468360618 0.545923624023671 0.0984169858400099
-0.0225451434082706 -0.00861127757601306 0.297528919365202 -0.248673499363127
-0.000736219820319324 -0.00659825844603489 -0.0309339175790126 -0.296643622772903
-0.00500525697137948 0.0119677462604217 -0.0237695167391285 0.190713805727101
-0.0105364453851432 0.00941028908714127 -0.229971629561882 0.0705953653093351
-0.0185362681118227 -0.0153066010158968 -0.338075150564378 -0.296962560477392
0.000951364096562356 -0.033892379690465 0.122877386627832 -0.63098170940708
-0.0048049517464912 -0.010141881197295 0.801458898737699 -0.163812928087532
-0.0196381264645406 -0.0109995738738328 0.556921925630234 0.627198165323323
-0.0193196843372167 -0.0134903518926038 -0.0521847143728201 0.588036353481217
-0.0141404103327097 -0.0262939078698311 0.0488763527115725 0.0315311743746465
-0.028257719961893 -0.015440142979544 -0.0556860057376463 -0.534711128886015
-0.00762698891419736 0.0191286723012862 -0.833947126019226 -0.295250855171165
0.0084711800933314 0.00415855231646415 -0.659305439239859 0.680699074137192
0.0083680927669204 -0.0209679158249961 0.3360048483534 0.666801143353679
-0.00643090845363986 -0.00975448473885714 0.554628348560197 0.0451414109109363
-0.0128980549020019 -0.00550461681678451 0.283615357966628 -0.269125590527748
5.36534829740074E-05 -0.00447653785479058 -0.0387383694830609 -0.302718625861379
-0.00155240558173533 0.0149867650450386 -0.0245306397211396 0.189136561741615
-0.000525405827423089 0.0138521249805265 -0.22858100992907 0.0624029828018499
-0.00696087325128515 -0.00161860125888098 -0.323445834764669 -0.313930561041341
0.00555156483214013 -0.0237044309364686 0.159875251013356 -0.626709461921998
-0.00157196138940983 -0.0121769422640819 0.815361659489084 -0.124412667830134
-0.00843100044872888 -0.0109990127939734 0.521367786523035 0.65656473710496
-0.0151211569000232 -0.000855765287809548 -0.0743401309983182 0.584244290836089
-0.0142574316206468 -0.0121108652715316 0.0478119356848184 0.0237277350677809
-0.0177079439239015 -0.0064168805885497 -0.0796583099373062 -0.535589275897812
0.000780327426034424 0.0130366525358251 -0.84950205617826 -0.255505457991129
0.0117160018030877 0.00336177960418 -0.619137893576515 0.708183410243914
0.0194011723646234 -0.0126789583526955 0.367164215409967 0.643546997448821
0.00873666779740201 -0.00116777500896509 0.555113819764908 0.0215800791998935
-0.00121730643705125 -0.00188422188472818 0.276092060377513 -0.277306429728796
-0.000375860763708409 -0.00331202004205731 -0.0431396925459697 -0.306468461099946
0.00147056352520645 0.0179232289703118 -0.0248340795221732 0.191770615187113
0.0108738316569754 0.0206598606137207 -0.231165308332017 0.0637591892445619
0.00243432756033527 0.0138879486200173 -0.327890751701429 -0.310961021248665
0.00705869698998177 -0.012073208357826 0.155784243590183 -0.629950571745348
0.0028714427337591 -0.0134528046596569 0.813041917674394 -0.132522708574303
0.00284121065971923 -0.00743039447641095 0.524660714145765 0.646537895876462
-0.011038837354505 0.0142571742681744 -0.0729141067113486 0.579890858626244
-0.0148143065336189 0.00517115472221908 0.0476293428193957 0.0228229684555347
-0.00704597899202424 0.00276093949814184 -0.0786428800837821 -0.53769074022128
0.0106745182113063 0.00829366544278485 -0.849878362453474 -0.26151578583119
0.0143705347690859 0.00378367882576329 -0.622306042310607 0.700754242651968
0.0300681159525258 -0.00512965932712736 0.364708699018533 0.644449186261306
0.0262253020885276 0.00557629437242203 0.556438981386559 0.0264419516609172
0.0111177945592306 -0.000772077574208547 0.275404572096595 -0.271602814077813
0.000940847424951543 -0.00240191637659315 -0.042728387619207 -0.302572599757369
0.00408212237485637 0.0191884840581486 -0.0261467117290244 0.198064249563551
0.0205537460580482 0.0250949881981329 -0.233732953325099 0.0762520027303059
0.0113647047816933 0.0259094911756602 -0.348510983133299 -0.288364521234686
0.00832268799757167 -0.00262381422556915 0.112019852739872 -0.636831467708484
0.00618940133139536 -0.0135310753150842 0.798356466894092 -0.188796450629196
0.013804956690177 -0.00465052008728293 0.562450067369797 0.604779627511209
-0.00514074636281355 0.0279158336416307 -0.0460632600987995 0.578084090471667
-0.0156655670037255 0.0206864849095571 0.0469874995683359 0.0286019644513848
0.00290242047052673 0.0102305267193309 -0.0568069206028524 -0.540531066272666
0.0214536169061797 0.00351007285188901 -0.838044884118443 -0.313731176683084
0.017113225991455 0.00366724794992286 -0.67247943838841 0.664821711211658
0.0371899012585457 0.00379455135450336 0.320351675957376 0.671332647264408
0.0402217148745457 0.0111809733867816 0.552025348602607 0.0604164580469224
0.0218759086101353 0.000566285713434182 0.285574889761099 -0.256694607756726
0.000867183198192032 0.000324376685599235 -0.0387838566201359 -0.296372130444903
-0.00385481227208558 0.0130340127579263 -0.0143497610358202 0.228211207965893
-0.0155277185023222 0.00660761056615306 -0.231669381775154 0.17119656071006
-0.0408327013201245 -0.0198734230341202 -0.449558156609059 -0.0856051781595094
-0.0325647537935126 -0.0335858141615075 -0.236689493932456 -0.563602332263599
-0.00976801239300595 -0.000659135169863571 0.556678208944554 -0.533818877652137
-0.0217575283567257 0.00448373496461821 0.784437875100169 0.236029917385597
-0.0251366169051787 -0.00467935694013452 0.174580259342504 0.566960894329366
-0.0147966788716817 -0.0321609408007207 0.0519598436867025 0.0951639379631639
-0.0243248851069589 -0.0293970424307002 0.144337959206758 -0.505908807141726
-0.0176404654467102 0.0200699233334831 -0.597671072217106 -0.676439012258639
0.00641376179090911 0.0150505649896602 -0.96095124795876 0.28868010179037
-0.000887530008065622 -0.0277518036067677 -0.0604874034625306 0.80253986149119
-0.0267966526658445 -0.0374586408188591 0.469229412312538 0.299924864835772
-0.029021387227865 -0.017528835718306 0.329329052013691 -0.153413104037236
-0.00151446583256581 -0.0103569739998275 -0.0178547670379368 -0.267240966195092
-0.00510576042605499 0.0126785906154841 -0.0175112432709777 0.217489960919538
-0.0195871401679563 0.00536343926925141 -0.23490016728587 0.144917936720426
-0.0431532540365663 -0.0248277008463726 -0.43104334895954 -0.146601350757162
-0.0272013886245154 -0.0400413708347971 -0.151486392357529 -0.599839135266063
-0.00874928291106241 -0.00293677956257313 0.636378593092596 -0.457667076592645
-0.0285482985541397 0.00186536620875573 0.753192124668491 0.343686594990494
-0.0282281874138865 -0.0140913159456591 0.119773832323397 0.584123076071312
-0.0143587135796695 -0.0400594874030182 0.0512667708561658 0.0800832917484763
-0.0313651193517566 -0.0321167212036738 0.0902300731063785 -0.519514509689203
-0.0214683423105646 0.0220833005384802 -0.686468534435286 -0.575215727163067
0.00596735036572475 0.0116795548371624 -0.894685440977274 0.421761537586273
-0.00472749694588524 -0.0321111061158239 0.0602346124845256 0.788565499632928
-0.0309153287419935 -0.0365583422578588 0.504926149318094 0.230474902736601
-0.0327554534736929 -0.0161017745597704 0.321452048744874 -0.188787042828047
-0.000908554556042992 -0.010664087193104 -0.024461716582753 -0.278572181497814
-0.00585458605745457 0.0115168459017475 -0.0188900935113214 0.205591278626482
-0.0205870788224524 0.00474530223003261 -0.23567707803438 0.118102927147858
-0.0390738275307031 -0.0272776722482153 -0.403907262114237 -0.204448112366367
-0.0181491181509418 -0.0423469345764616 -0.0544251289168018 -0.624546703930287
-0.00926286360681104 -0.00514602851644489 0.711132903064481 -0.363098912501137
-0.0306722098473587 -0.00320412493071094 0.697836791802811 0.453500400521514
-0.0275616088289344 -0.019629076739455 0.0586744439944153 0.592712925241634
-0.0141997921124916 -0.0416785875774837 0.0499337571805944 0.0625264835103777
-0.0347877224021224 -0.0286272601371352 0.0308417325594112 -0.529088742452955
-0.0200303798144998 0.0243413023550822 -0.758739386097771 -0.466011246951477
0.00666930874724318 0.00822070143327976 -0.811308082479103 0.543863919992364
-0.00435740494681484 -0.0322583237775936 0.179286408675679 0.75304472350448
-0.0294284179132371 -0.0287679121015595 0.533554744911261 0.155764808419194
-0.029056594638643 -0.0115461967133821 0.30894717020555 -0.22567975169116
-0.000826246680309911 -0.00901412176719463 -0.0316177419224989 -0.287875379545566
-0.0057990366564792 0.0115506930231909 -0.0190284454637286 0.1977989537814
-0.0167591497732186 0.00489027376366574 -0.23234799500855 0.0932714097506419
-0.0300370164088331 -0.024571259878134 -0.372132002819024 -0.25698164946319
-0.00778753286110969 -0.0406785257519443 0.0366570264604696 -0.634058744701651
-0.00716212422231119 -0.00780770283561625 0.767114087429792 -0.264275028658772
-0.0275231780924556 -0.00871384880507054 0.63263426005885 0.549521999496855
-0.0244144966545944 -0.0197101637355845 0.00341288013041327 0.59471089907603
-0.0141455462448644 -0.0364510245551262 0.0495085568772685 0.0458495941048323
-0.034011152332424 -0.0230211925842857 -0.0230490089833154 -0.535847371961767
-0.0158615992517784 0.0230556405228251 -0.812216527356935 -0.358366381143821
0.00694759749490912 0.00515043780079766 -0.719557026065725 0.63917275806051
-0.00125092047952892 -0.0273047399112613 0.281337781404203 0.705845488589474
-0.0208679950117389 -0.0193166605743435 0.550295531184025 0.0849475122621846
-0.0229073330213385 -0.00800120138488471 0.293363891868013 -0.256640905201249
-2.8005073820916E-05 -0.00647531114231021 -0.0387401568509486 -0.297538118789339
-0.00258760621079381 0.0129862595419287 -0.0206409021101752 0.193470770717537
-0.0093981678712692 0.00923254223275975 -0.228898088368556 0.0761650180780835
-0.0182738187984455 -0.0151333525819358 -0.345258150146786 -0.292127154016941
0.000209766749443906 -0.0332457442310137 0.10934972464508 -0.63354853913375
-0.00477368073540291 -0.0105108010545014 0.801107368856979 -0.184523234334845
-0.0198790967991669 -0.0112432227636226 0.572668487322132 0.615625548258745
-0.0195549427766827 -0.0120793521422508 -0.0397168184340515 0.591437417342294
-0.0140709807465689 -0.026429770158386 0.0488739303247688 0.0323252683799784
-0.028462170148297 -0.0141213131845335 -0.0656448992424405 -0.536693679310511
-0.00793603517749877 0.0188140693649457 -0.844564134607321 -0.278455865643374
0.00868174653842743 0.003765137506559 -0.646217918548885 0.698175030790327
0.00732344901700245 -0.0198362884140473 0.351172305128541 0.663901029433119
-0.00773615305123695 -0.00953211475893023 0.556152014352178 0.0326188378948343
-0.0126864550608464 -0.00450966279522619 0.27878803178263 -0.27745619119162
0.000233622040216282 -0.00410698060538693 -0.0462159542119767 -0.303912797102683
-0.00116464041442672 0.0146253484962802 -0.0201947517377645 0.191829598571097
0.000476655525267963 0.0140143757701791 -0.225794978274507 0.0678729594512366
-0.00763160528855544 -0.00111049603257552 -0.331674771123641 -0.307766621597631
0.00545765144385202 -0.0239040514361334 0.146605658921153 -0.632579842909472
-0.000881459434754968 -0.0126937285377686 0.814609604085991 -0.144071421498774
-0.00929125413754838 -0.0105980905231211 0.537234465730362 0.647986565343132
-0.0149175828412146 -0.000864070764967636 -0.0630099737357866 0.584858711308598
-0.0141030400375881 -0.0117462189865717 0.0490728702266475 0.0240616520938434
-0.018124162520316 -0.00699852672453076 -0.0891185750468243 -0.536164875341586
0.00138608017665892 0.0127559694114853 -0.85623504575472 -0.236089533126768
0.0115909100662514 0.00307142678481888 -0.604555128994881 0.726269516695005
0.018107923501346 -0.0135535223716329 0.383611745409134 0.638219747235188
0.00871771367666579 -0.00130931681785228 0.559470906066485 0.00886049347180535
-0.00103924619047317 -0.00215543277223108 0.270779981282395 -0.284350181838269
-0.000926817629295369 -0.00317238388730439 -0.0483313159204047 -0.305460428749288
0.00242673091216227 0.0170072853500607 -0.0199375768126971 0.194436881311473
0.0105650003029481 0.0191925219081104 -0.228366542783105 0.0706648872603724
0.00242412262014685 0.014498302655633 -0.336327166697476 -0.304621656817363
0.00686720073649956 -0.0120355421681667 0.141946009746359 -0.635543751745404
0.00259271081518908 -0.0139612091742099 0.811899867466272 -0.151910460531622
0.0026304848153161 -0.00790663052968046 0.538860979140517 0.637653486814417
-0.0115111978273923 0.014444495576402 -0.0605495962174821 0.58349970692583
-0.0141893248842866 0.00553236411454652 0.0483866485969518 0.0229391685847294
-0.00677068343366145 0.00182250536140731 -0.0897484714885488 -0.537609883899144
0.0121466731630735 0.00661055912888274 -0.860314560801285 -0.242330948506585
0.0148109169542518 0.00283095370761053 -0.608104301023175 0.719264952420688
0.0293788940693325 -0.00603931678084926 0.380869239573338 0.639060562414107
0.0261730909708139 0.00467115803067788 0.558589425966701 0.0135132220618443
0.0106600717109703 -0.00135154191058717 0.272241708760722 -0.280069500898656
6.39981979718473E-05 -0.00100814109420953 -0.049590354730228 -0.303641665315304
0.00565025732017363 0.019615757286371 -0.0216166170200812 0.200882203254727
0.0217320571495469 0.024659405598982 -0.231702470971287 0.0810536359004912
0.0127877987215459 0.025976514186779 -0.356674264819811 -0.282638141689088
0.00771998651930048 -0.00208184332629002 0.0981558209079111 -0.642263155793284
0.00532583944049116 -0.0141274219142886 0.794633628964016 -0.210193985394998
0.013614804776242 -0.00554381579844317 0.578962307634035 0.594763960195802
-0.00475188721662457 0.0284783920014928 -0.0333048764250474 0.581052235069657
-0.0155773825535173 0.0210301187679743 0.0491398444830391 0.028633575212721
0.00355461623595169 0.00978804873924157 -0.0673268000381054 -0.541911780932306
0.0208085733283235 0.00306274994741796 -0.847454616111646 -0.29714094945257
0.017326694630396 0.00364043319870504 -0.655262310646612 0.680569943507571
0.0376527236285397 0.00258542596546363 0.334814456953586 0.667796829691243
0.040351417716739 0.0112707896925551 0.557221884237433 0.0488919895021295
0.0209086770226323 0.000397241516941184 0.281381434371736 -0.264353667731314
0.00147789378333169 -0.000109882306383428 -0.0448632120887202 -0.29710958485492
-0.00296809786936721 0.0134193187400987 -0.00829423962478973 0.230704192242628
-0.0151641095462461 0.0062819640216112 -0.226561143029011 0.17893358004053
-0.0422877528078113 -0.0174838961781613 -0.451220120632423 -0.075539545082422
-0.0339568577376026 -0.0325568824016162 -0.250538741726168 -0.559056274207626
-0.00898406575114561 -0.000796609835291518 0.542305433684435 -0.546665569506806
-0.0223600774029208 0.00523464359812392 0.791088930822462 0.220324619151803
-0.0267696124368522 -0.00396932685170924 0.18715776473392 0.562112325560988
-0.0146794264832867 -0.0324633776645677 0.0553353059978162 0.0950971501039563
-0.0259740414187609 -0.0283403950083029 0.13295752272486 -0.509099920998701
-0.0173827968613969 0.0196864549403951 -0.612913147032951 -0.662359293928505
0.00676420567088644 0.0154634506248907 -0.954134866290901 0.310144741642253
-0.00188011291255719 -0.0269230461688633 -0.0414571513991273 0.805071017884183
-0.0268361369997091 -0.0377319069490966 0.473753422948912 0.289667983484395
-0.0292351261370823 -0.0171515731817545 0.326777418419414 -0.162389576940001
-0.00113679401599885 -0.0108948904062449 -0.0239107643168984 -0.268141476947973
-0.0050849454913903 0.0125180362983794 -0.0124973857295142 0.218555856926433
-0.0195025411479781 0.00624076997805001 -0.231919549797888 0.151659615967896
-0.0437830736864704 -0.0240823066101534 -0.434873963597715 -0.136759334021595
-0.0276721666090499 -0.039393938914203 -0.166152128987685 -0.596278582758462
-0.00969655036501279 -0.00256684042862487 0.627866918556934 -0.472970057821425
-0.0288376496025125 0.0016426218996065 0.760322647181315 0.325313947650119
-0.029779068297755 -0.0130319785584111 0.13153307206675 0.579747346788304
-0.0152790963813524 -0.0405177572195224 0.0528045938512132 0.0788214536929005
-0.0318449373427948 -0.0313137455977913 0.0802545741086685 -0.522372495100577
-0.0209040472789594 0.0220317696927736 -0.697577813082981 -0.561969893310555
0.00627556382543603 0.0113524547148055 -0.88415129149532 0.441357157825915
-0.00437902449867161 -0.0320379251444091 0.0780806423809926 0.786360386341844
-0.0313297178520602 -0.0356005979859923 0.511672977731984 0.217784514894213
-0.0327120278196729 -0.0140899911057656 0.31812557382439 -0.197646003999275
-0.00160605516509689 -0.00995826572768298 -0.0308486812740436 -0.277592551550195
-0.00546726332791415 0.0114403693468032 -0.015117807079207 0.20872450993077
-0.0203831736207519 0.00458643973547122 -0.231382809951594 0.124614386610474
-0.0383918788588515 -0.0266131339201112 -0.407674333832423 -0.195843044252182
-0.018546134083313 -0.0415928853463232 -0.0706280571044573 -0.622977064583034
-0.00907546459726137 -0.00455783907021007 0.703810385318199 -0.380600578670126
-0.0305443218735422 -0.00310768784646806 0.708363605000608 0.439492714883529
-0.0282577142354284 -0.0187683753443947 0.0724869023714216 0.591255755781988
-0.0149284197685225 -0.0412008581689594 0.0518265115057313 0.0612423672928879
-0.036175890602375 -0.0286291316004083 0.021595971968437 -0.529896091120439
-0.0203191100207406 0.0234632156180729 -0.769730776558014 -0.449960425965002
0.00528729156054763 0.00796888803124868 -0.797682126663423 0.56248099480543
-0.00586896138523991 -0.0318678185219502 0.197193718804755 0.750161458721161
-0.0308048937533806 -0.0282676077414743 0.538088198070586 0.143273411658556
-0.0304419333587947 -0.0110461553326214 0.303441049551903 -0.23349493174931
-0.000446308518098694 -0.00854198660467184 -0.0368920685559608 -0.288318799901339
-0.00481191930549772 0.0118085062810664 -0.0151971862145425 0.200397868073565
-0.0163479046619654 0.00605235595263755 -0.230127017133684 0.0996831914530695
-0.0302447422417427 -0.0234988303599588 -0.377090763321961 -0.249507081704625
-0.00937050997124092 -0.0397043721078085 0.0238101044697367 -0.635611938823324
-0.00725332916094883 -0.00716204455506363 0.763309021245048 -0.281715901220342
-0.0282062249245122 -0.00841496961980283 0.644357392177888 0.534139602852016
-0.0243325927987571 -0.0189743640232034 0.0149750716090193 0.593318571404199
-0.0146563526143439 -0.0371654415298353 0.0518118267399355 0.0453331230151093
-0.0354496293141376 -0.0217778418118893 -0.0332253523518129 -0.533912082904916
-0.0162159204039638 0.0221938873189278 -0.820117580473553 -0.343025565107363
0.00649598433311166 0.00547221725104351 -0.7040019994245 0.655143049138374
-0.00239366743797103 -0.0265753318004401 0.297338542122922 0.700788975678748
-0.0217039944006241 -0.0184408710691908 0.552427540770327 0.0729054727421269
-0.0236085335910263 -0.00652501097577886 0.286990550546598 -0.263882258012222
-0.00121983315227895 -0.00671827414504647 -0.0456759510178444 -0.298414363913437
-0.00207062123570065 0.0126565571633589 -0.014372466968131 0.196032888384964
-0.00893754531485002 0.00903294757362632 -0.225941507019907 0.0820060199403496
-0.0192662761415335 -0.0153373254151036 -0.352322160728041 -0.285336733587978
-0.000712199812977369 -0.03346237250827 0.0942619002370606 -0.638106219120993
-0.00486754823098904 -0.00981790615759111 0.797366925520999 -0.204258497443833
-0.0199582737429167 -0.0104681484279756 0.584786319412291 0.604115234256794
-0.0196685032023927 -0.0133859913150054 -0.0287709342038375 0.591450657097814
-0.0151072315545245 -0.0262629032236836 0.0503723133491984 0.0311532294846492
-0.0292780163133795 -0.0150083748168715 -0.0766164913947802 -0.533884931252298
-0.0081229139055512 0.0188174857049674 -0.849270213915607 -0.259883603846203
0.00999697828979601 0.00409040562567909 -0.629427655765746 0.714012293125599
0.00658675011343609 -0.0207080570185268 0.36621592760807 0.657681847617483
-0.00736598899239315 -0.00940571995350482 0.557973947808928 0.0202314188943882
-0.0131548330004393 -0.00357507298711307 0.272044138608488 -0.283405194396856
0.000128371940140624 -0.00501860873069567 -0.0529472786237593 -0.303760793403685
0.000411090446620664 0.0137160674377044 -0.0153205217197645 0.194455248930267
0.000605973011537073 0.0135982682510361 -0.224484644839921 0.0727648342699197
-0.00715281518681954 -0.00126078682008011 -0.339302420098008 -0.300038391071332
0.0042700872944762 -0.0234721134555001 0.131157095376408 -0.637509454358069
-0.00209225470413139 -0.0129607948022855 0.81121017619268 -0.161879948507671
-0.00947971837528428 -0.0101193473623081 0.550987800575073 0.634176379651862
-0.0151236379636882 -0.000733210535676893 -0.0496250029226567 0.587509936260935
-0.0148555604683513 -0.0123565434408446 0.0498299503601704 0.0233777183587956
-0.0191928754826728 -0.00555817485400921 -0.0992548115760507 -0.533027726672535
0.000872708959338616 0.0131224831086266 -0.863316571075741 -0.21805964106749
0.0108973469776806 0.00307725327958178 -0.586891504851951 0.738897663599907
0.0181309561815367 -0.0147071151971053 0.39873503692462 0.630403822338173
0.0103567074452656 -0.00212136197430879 0.558775694788143 -0.00495182115968156
-0.00167726277835777 -0.00312258568956694 0.264608075916336 -0.291577776380581
-8.53553400213293E-05 -0.00245508052257573 -0.0569172796190245 -0.30706721477112
0.00354766984754293 0.0159946043094457 -0.0167494807224843 0.196856388131335
0.0119678771620648 0.0187859193388415 -0.224676824784434 0.0757947830044974
0.00352653923479076 0.0138234792179671 -0.342143414395049 -0.297275131123306
0.00572350638663408 -0.0121416580610327 0.128711311853445 -0.637121527785995
0.00223711900388007 -0.0137340732205954 0.809202619834993 -0.171342763861462
0.00154108697476046 -0.00817002775106104 0.551735506916281 0.626127772547269
-0.00966350175666612 0.0144003282512166 -0.0485072068566292 0.582471200945537
-0.0145257513808457 0.00590667582461546 0.0495167548567934 0.0214702037553098
-0.00755766087890078 0.00176789699149246 -0.100060783698699 -0.535252206416558
0.0117731084507383 0.00654587297914243 -0.865767292939622 -0.2234446141845
0.0156167540028089 0.00317524694990486 -0.590469057695835 0.733556443994763
0.0295855904209949 -0.00574881853980253 0.39308177798725 0.631146966792131
0.0268507392256626 0.00454764886423355 0.558982283860911 -0.00198494173211205
0.0101404591609995 -0.00127994024926763 0.265274526749987 -0.287370180446953
-0.000863438594595461 -0.00145324269933419 -0.0557941963739991 -0.303052082058488
0.00545851653206894 0.018361693003928 -0.0160379385730447 0.202792510331917
0.0228328947038575 0.0235072466530149 -0.230259403370347 0.0873630447737462
0.013363342615408 0.0255113587390286 -0.363313875487184 -0.274437427501909
0.00815059033185311 -0.00253482218056276 0.083563651695843 -0.642861968004708
0.00464574823337561 -0.0144851134479315 0.790272807304325 -0.228582074476482
0.0135380459618813 -0.00563655603715135 0.590418046775995 0.579808014129664
-0.00493967475243753 0.0279580582967196 -0.0225629570778785 0.581301852066674
-0.0139286943069148 0.0209500316202214 0.0498193542356459 0.0276444524285445
0.00279807335178317 0.00896700703642084 -0.0774896577772329 -0.538889668984698
0.0209999087139598 0.00173761519340653 -0.852669260348736 -0.278833943429744
0.0172757742859178 0.00375493919969433 -0.642777472856402 0.697658113038606
0.0370107397021425 0.0024597587655114 0.349840109471723 0.659153596322606
0.042101582341316 0.0100614195931901 0.559089932283073 0.036037536175967
0.0211165202797123 4.42391911253301E-05 0.274993316246279 -0.272211193205506
0.000295969508635434 -0.00060305916497376 -0.051431527111649 -0.296512547570958
-0.00261834498601111 0.0143266638121579 -0.00338267715273459 0.231130392829032
-0.0143885651607433 0.00712070668690318 -0.221471970308843 0.183082868692159
-0.0427481741780069 -0.0180067050247006 -0.451948867271337 -0.0654492398511389
-0.0346842990137467 -0.0311646635127897 -0.262765857653907 -0.551064438512485
-0.00790081736962535 -0.000662117304266126 0.529524537996812 -0.55726807457612
-0.0222159372923579 0.00559144372141547 0.792400795353142 0.20072631857476
-0.0252808696331035 -0.00380782208017302 0.19942303880388 0.555911616983034
-0.01576984876874 -0.0320111786051942 0.0547030796170529 0.0932482551595988
-0.0269417130606755 -0.0286327948101305 0.124362047246738 -0.508942478828256
-0.0170956755946808 0.0194799393410133 -0.625073362063468 -0.647613359797302
0.00769944514347395 0.0148882966427677 -0.941641946271238 0.329893483368347
-0.00252823685383663 -0.0274054005972914 -0.0246171451002832 0.804226428908789
-0.0279472003632918 -0.0370725763135342 0.480369480352721 0.27950673223922
-0.0310213332824963 -0.0147640678340617 0.32242430636159 -0.169567289860303
-0.00216796543937116 -0.00986200117717484 -0.0301268151686082 -0.266552455204077
-0.00460372363753815 0.0128488495050148 -0.00740774976369135 0.21983262588038
-0.0186421363242803 0.00544101292301306 -0.226204397303871 0.156987645139712
-0.0435810217006816 -0.0217153160103308 -0.434704146252688 -0.126519875456504
-0.0291617036704305 -0.0379308621099807 -0.17898726398616 -0.591456275544438
-0.00992943617292292 -0.00174681401636864 0.614532321755612 -0.486168682402106
-0.0290119009704153 0.00341241286617901 0.764177156413277 0.308346578145842
-0.029244744813925 -0.0124997650078435 0.142674170089981 0.574157557803786
-0.0157636484272989 -0.039279295428423 0.0559352827830528 0.0774021710577101
-0.0313936633589418 -0.0308212500954341 0.0689254538837131 -0.520610195755503
-0.0203859327027022 0.0221043543847313 -0.706136983572193 -0.544319828197591
0.00683670647852964 0.0115464371259122 -0.873371373214024 0.46206875273009
-0.00511269637643196 -0.0320496457231689 0.0936561157176524 0.782489899502316
-0.0328330007738218 -0.0350595685524853 0.51291551810941 0.207574490985339
-0.0323913688776975 -0.0139175816769261 0.311793154140434 -0.203922644382407
-0.00185277295757998 -0.00955767008995156 -0.038000068579105 -0.276152071518981
-0.00454888001221383 0.0117327341161256 -0.00918863848769411 0.210100089023746
-0.0207817732112693 0.00556831795399026 -0.227609956536096 0.129395230867673
-0.0400940512237814 -0.0260263236418338 -0.410814776881284 -0.186528972159236
-0.0202535882531355 -0.041690158162582 -0.083429969653438 -0.618152658283867
-0.00828277434917561 -0.00396729987502952 0.691890751713197 -0.395973989095622
-0.0304945005501971 -0.00234070694427319 0.714798055868665 0.419932397577514
-0.0294557527590934 -0.01817588885144 0.0839499455845086 0.587050967118427
-0.0154088181941526 -0.0413515392222134 0.0537655920540849 0.0603175102275477
-0.0363224396971173 -0.0279383280912317 0.0102329200912888 -0.528822501188779
-0.0189475266570802 0.0233908198539846 -0.77736438313733 -0.430733216053473
0.00613770271714562 0.00765249677556531 -0.782034429711937 0.576359260537416
-0.00684762020424383 -0.0306176037278534 0.21257544503124 0.743169315843121
-0.0312787655792307 -0.0269379790312811 0.538943506989023 0.132246785042581
-0.0307469993623422 -0.00979745717349131 0.296617434138405 -0.240842834330782
-0.00102103934241889 -0.00892296910833943 -0.0444248735819662 -0.287158194870731
-0.00412514735549207 0.0122041508413781 -0.00998910174254156 0.201320673624155
-0.0165419682221492 0.00535635267947225 -0.225674003205641 0.104229090353867
-0.0303629159549227 -0.0229019556475847 -0.383055590994649 -0.240514329433541
-0.0106291945601653 -0.0390079658473105 0.00739437583998386 -0.635766470657199
-0.00820973549552461 -0.00733046231350983 0.754017455383291 -0.297081688689357
-0.0289421098473061 -0.00802136967074216 0.652886832554877 0.518797064704376
-0.0250866046353427 -0.0184727327513209 0.0257098215088272 0.590993647811637
-0.014828746442836 -0.0364660174149678 0.0519407707124385 0.0444823709570533
-0.034834476076758 -0.0218396974308909 -0.0441280866413721 -0.531834846114305
-0.0144722899926503 0.0225694653767338 -0.823232778995011 -0.323042325462163
0.00697743954106256 0.00530869431317582 -0.687939171617449 0.671375451164891
-0.00210131099779886 -0.0264037513185824 0.31177631129659 0.69202178458
-0.0218865481864196 -0.017872347805938 0.550652431950348 0.0590790593981017
-0.0232926053863019 -0.00680584924323899 0.278920888113647 -0.270599071906962
-0.000744242908375345 -0.00609415052873092 -0.052810748686756 -0.296149880384695
-0.00120137548506032 0.0126580079816597 -0.0112289887134347 0.196613347235095
-0.00922783627000378 0.00869328651595544 -0.222438174686319 0.0871109520025588
-0.0199862328173585 -0.0140765335879937 -0.357282134826669 -0.275960431471209
-0.0015842467317298 -0.0325531652756406 0.0796486359873975 -0.638288773956398
-0.00539328526583884 -0.0101385097120672 0.787392746805432 -0.221005236758331
-0.020923218234896 -0.0105722412446599 0.595115108805171 0.58876334500438
-0.0203169517541148 -0.0121514036230571 -0.0143503650378125 0.589983278071859
-0.0151459190706154 -0.0260864229928067 0.0513994253059434 0.0301734960927467
-0.0284466717335512 -0.0142948566099181 -0.0872086354365753 -0.530669822161711
-0.00679953169175134 0.0191332071893793 -0.852022045710416 -0.240109486997465
0.00908233373387522 0.0033562734441012 -0.611210935719561 0.726337530764142
0.00641152665775785 -0.0206453388604391 0.379416368362505 0.646334448786584
-0.00836849755821654 -0.0100504576144363 0.555523052119804 0.00719803834814782
-0.0131863991609986 -0.00392288163661648 0.265105761014053 -0.289946039388939
-0.000626778491724874 -0.00377138044858801 -0.0597615003293632 -0.30256461778239
0.00221792671499747 0.0141762813539908 -0.0101954098072931 0.194841826509834
0.00181053845801449 0.0126316478544702 -0.221503342043827 0.0788060091302149
-0.00700172282785061 -0.000537974801453721 -0.345489802494152 -0.292070428885372
0.00372558691144865 -0.0238969377393601 0.117591568324979 -0.637073101315244
-0.00203656653023361 -0.0128597593720292 0.803105222689592 -0.177722771750889
-0.00931609312675787 -0.00989494625761886 0.561529022616137 0.620718328663665
-0.0149352886741477 -0.000295978225782218 -0.0370215284487237 0.58626154933076
-0.0156450570787996 -0.0107256885949691 0.0513597092001366 0.0223043438661011
-0.0193707881627924 -0.00606469832935049 -0.109934417825179 -0.529204882730147
0.00192966685529764 0.0116414234307699 -0.864829108673555 -0.199107664381166
0.0112245570797126 0.00153655813077768 -0.569999196133621 0.750900253150556
0.0169506123100215 -0.0146626959375264 0.410931811501349 0.61900781385681
0.00967464497959917 -0.00287404565539895 0.554908566562942 -0.0177991703691483
-0.00163184268361368 -0.00241767125534099 0.255985738636289 -0.29749849920163
0.000492881917976132 -0.00283958456597824 -0.0651046817169914 -0.303782644429334
0.0038024322262156 0.0180134765219605 -0.00957044044544417 0.19775350916126
0.0121929556779429 0.0174575564167443 -0.221880209888227 0.0796473631713704
0.00392402678773398 0.0136989419375559 -0.34803032267223 -0.288987144628872
0.0065217514223759 -0.0124906997730536 0.111950466998072 -0.639030087479083
0.00117543840346471 -0.0143143989640135 0.803467292188015 -0.188425261191479
0.00193862436716156 -0.00777607825360064 0.562370554491715 0.610822326639464
-0.00949704817016231 0.0142374367037716 -0.0361817077856222 0.583633423653855
-0.0142433386983776 0.00605318553192973 0.049925790941288 0.0209920645056242
-0.00677533788445993 0.0018771653757411 -0.111964120871755 -0.531394404142233
0.0107207074529695 0.00492082399730406 -0.866348391910939 -0.205502901127101
0.0152603593187608 0.00210350734615864 -0.574570740737976 0.744358218663738
0.0287288292534272 -0.00666975045054529 0.406126323582596 0.620688786333178
0.0267816647539107 0.00443358293357263 0.555748579931145 -0.0124434553349406
0.0100575284878526 -0.00161752860937708 0.257261569209782 -0.293718120188494
0.000588492335194203 -0.00154485813980945 -0.0627302324823899 -0.301540477917507
0.00740225702732571 0.0183854343898754 -0.0112990493718495 0.204339937269621
0.0230095966183114 0.022165470509347 -0.225288261375957 0.0928146147621317
0.0144560352069643 0.0261215617342286 -0.368746311368123 -0.26543125242905
0.00751498375302618 -0.00330548387606327 0.069109505104378 -0.643992103061705
0.00502156311298167 -0.0150018714756379 0.781866976691434 -0.244330957984835
0.0126621980443146 -0.00562403324070915 0.600925387540402 0.565756550336722
-0.00329259195074229 0.0285072648729642 -0.00878564555096609 0.579250869946111
-0.0138850904711344 0.0223079160709962 0.0508517744675213 0.0266108724457674
0.00360100260906097 0.00943560389027377 -0.0884770778180979 -0.536160742625886
0.0215242689345292 0.00174312000560268 -0.855814959751916 -0.259645822441175
0.0175842405367947 0.0030405652205632 -0.622831075472991 0.709532814834404
0.0370086797976715 0.000943140351912973 0.364459967044089 0.649263622639079
0.0411211125115015 0.00903926681158605 0.557643467925739 0.0224075740004393
0.0217849340478632 -0.000710473633588515 0.267063363150707 -0.277400017839339
0.000855922294171521 -3.0202120811982E-05 -0.0588425409247829 -0.294278598945817
-0.000979017050464382 0.0141402172948126 0.00316148595249133 0.232207749717147
-0.0134560450360977 0.00634464069731299 -0.214423774812236 0.188352206076656
-0.0425964029446403 -0.0164739328390518 -0.449572108105817 -0.0556198401632941
-0.0354574706280868 -0.0305415530523272 -0.273199375034953 -0.541091124730962
-0.00921930727325519 -0.00137615723357723 0.514154400918975 -0.565902610257221
-0.0224030590706636 0.00533046333910667 0.79081229413638 0.181410363439745
-0.0253970615162841 -0.00410180831826844 0.207879146824395 0.548367652588498
-0.0155047545775636 -0.0310387569434806 0.0578985097049478 0.0916202666222406
-0.026549714142092 -0.0276626884643788 0.112325227249771 -0.508291639823082
-0.0164092093522596 0.0192660462929516 -0.635573969500624 -0.629234432294451
0.00705673612660464 0.0142194793389151 -0.928843138347938 0.348813621861063
-0.00393391823846197 -0.0274214308911588 -0.00592687474079397 0.799935240203222
-0.0294070741133094 -0.0366962607858038 0.482974540015298 0.267361808779602
-0.0305559216810264 -0.0137141679776216 0.316101922407201 -0.174919083287517
-0.00330710414139805 -0.00928511738974018 -0.0377357030333225 -0.266220366511912
-0.0036678140990971 0.0123166944114294 -0.00198026047569999 0.221531850904162
-0.0181372767973627 0.00591308674349632 -0.219642394830287 0.16110785998209
-0.0441100922276065 -0.0218075694007415 -0.43526863430547 -0.115615847136893
-0.0297457605190104 -0.036710543830018 -0.190644344834224 -0.581850990920304
-0.00872942350237559 -0.00187365602616069 0.600671902216705 -0.498317853552861
-0.0282914868990422 0.00411665983552998 0.764776559791998 0.289031345931073
-0.0303684518826162 -0.0120465107538427 0.154922049637133 0.567956465327165
-0.0157457014720862 -0.0380402486856238 0.0572674598189216 0.0769689393868191
-0.0335043164652504 -0.0301717718162747 0.0576589976193318 -0.51930629955923
-0.0199769541392165 0.021691383682364 -0.712078463571934 -0.525950700526127
0.00656449754099588 0.0107521050119438 -0.856363866655902 0.476173786715979
-0.00696355120244798 -0.0316652255720103 0.10973503478491 0.775293598495223
-0.0342354211447793 -0.0346876956261195 0.514902982341502 0.193818887442053
-0.0333880450694265 -0.0132221646604984 0.305273998384056 -0.21069271809388
-0.00287398697855597 -0.0108312088514831 -0.0430163625182302 -0.275466249455686
-0.00342880543288145 0.01171390711122 -0.00345195879323563 0.209754701506216
-0.0193971603276361 0.00478335588360486 -0.222454609051351 0.133946662887997
-0.0404886815372397 -0.0244391070415561 -0.411005188811757 -0.177406337308867
-0.0203443853718189 -0.0412610921649711 -0.098593302725558 -0.615279027817584
-0.0097106807335044 -0.00487317011142699 0.680220270820737 -0.408021084657349
-0.0314056107236424 -0.00152267147856115 0.718134608311982 0.403468839312414
-0.0295826383797703 -0.0180587965297789 0.0957347332323405 0.581664903129797
-0.0164675407849314 -0.0400882864701887 0.0546889666599145 0.0596248415321211
-0.03620315303407 -0.02660633485601 0.000526341522631126 -0.525646269748188
-0.0187509783531698 0.0233946842039376 -0.779682429519991 -0.411342778093265
0.00610599715179394 0.00694849106619897 -0.763337717901665 0.592334912355416
-0.00765158191979589 -0.0308207497552799 0.22756369569279 0.734663288059051
-0.0312906844902083 -0.0270551175421642 0.538409817774979 0.116824848655913
-0.0298904552565454 -0.00943283899426231 0.28987313142583 -0.244361936021238
-0.00161468001298705 -0.00827619781942314 -0.0512803981904327 -0.284328943094672
-0.00282103473349855 0.0114418507866843 -0.00554377311953172 0.203048765904928
-0.0156643192153919 0.005874187175969 -0.220696746700058 0.109164972642421
-0.0317907241789228 -0.0219486224025162 -0.384315297163159 -0.230403740471502
-0.0119204771656327 -0.0392650784767268 -0.00765709082209318 -0.631227972585951
-0.00791536614825044 -0.00691576905508077 0.740548071467231 -0.313405777836693
-0.0279743560241982 -0.00614792314695881 0.65956887403353 0.50144565252772
-0.0259032378999685 -0.0183453265283832 0.0381216547564929 0.585984328687174
-0.0155247494925362 -0.0359403105733894 0.0535095051048189 0.0437544351018429
-0.0350194726198713 -0.0213816035706919 -0.0541833694504387 -0.525850425509262
-0.0143672714083979 0.0225447725300527 -0.823688868862331 -0.30501776312874
0.00732031465910135 0.00457956441849118 -0.667727439802447 0.679630332393008
-0.00311860949795298 -0.0267284358719794 0.323518897154795 0.681218357079847
-0.0219834661691898 -0.017771491846883 0.548461949468271 0.0484745260161143
-0.0227915974617746 -0.00609993323197675 0.272384976778836 -0.275055919310964
-0.00145620401199203 -0.00689644887004129 -0.058846199378826 -0.294432778321803
-0.000301595268375454 0.0126699929053553 -0.00571685945748193 0.196962794436247
-0.00852929617099623 0.00795639552845008 -0.218397644667036 0.0928574675430856
-0.0199634746740612 -0.013145513764344 -0.361011369121632 -0.26723405248802
-0.00377285256858057 -0.0330270011481162 0.064528813018524 -0.636011030423197
-0.00494071145357666 -0.0101243789975516 0.77985622601063 -0.235506844351235
-0.0206020898922033 -0.00970629227938616 0.60337998646599 0.570840224588933
-0.0206033151577422 -0.0106302166881176 -0.00376568558597832 0.584838980447416
-0.0154263258156139 -0.0253677573576509 0.0516693929471352 0.0297375584135083
-0.0295862087767152 -0.0134282637877521 -0.0962335954851865 -0.52353477497925
-0.00687933326816711 0.0176346923042297 -0.848827588979291 -0.219946573487743
0.00938653518815141 0.00355352213410108 -0.591289120878049 0.735137007033353
0.00609842083497457 -0.0201302477116641 0.392076701765203 0.631963410951433
-0.00786527719474098 -0.00929139597360354 0.550842412990136 -0.00488736739991549
-0.0136457029880776 -0.00328805323924443 0.256379596124881 -0.294056002790286
-0.000832976283705326 -0.00503511963089187 -0.0666852755923638 -0.299405360977183
0.00270143132144305 0.0143361543695624 -0.00534016488139263 0.195575591008281
0.00176750866356785 0.0124888084484638 -0.217365581236867 0.0825800296979093
-0.00772328117218865 -0.000626194947265595 -0.349087363654747 -0.284497666170277
0.00270792388834971 -0.0232130185037659 0.101427527830284 -0.635609324236723
-0.00224336302735272 -0.0129350486884554 0.792468948251126 -0.197337413890695
-0.0101244054577314 -0.00992217568798571 0.570335570287341 0.603139381135759
-0.0156452686230931 1.05274803816439E-05 -0.026068723210163 0.580122806349643
-0.0148654201507698 -0.0111043676362756 0.0516768660090727 0.0220415337760341
-0.0191823673714188 -0.00572304024253014 -0.12065075516215 -0.521799554043341
0.00190626068159201 0.0118796064088821 -0.86002595519786 -0.179859563416626
0.0126836424346029 0.0016272053772209 -0.55009418444332 0.756766841703476
0.016721162562743 -0.0146646745595472 0.42194795626136 0.607497010800922
0.010122783219561 -0.00340447473225523 0.552917805348542 -0.0290198626063824
-0.00126031998096899 -0.00261452731591694 0.248254244362318 -0.300815812860144
-0.000978352322335299 -0.00310183079668619 -0.0709622970117672 -0.300141775048632
0.00507135574990988 0.0158428090361722 -0.00510245904376386 0.198588387941106
0.012734413115853 0.0178865954418279 -0.218068110290136 0.0850038517177511
0.00460238934037014 0.0138615723905411 -0.351837220840413 -0.280110163750247
0.00628006239921704 -0.0127449030533211 0.0989921371700929 -0.63606312724033
0.00179559354804462 -0.0147437341566934 0.791699361855128 -0.203512095463059
0.00217275686182523 -0.00816482436480501 0.571495723512589 0.594077940694378
-0.00993222802024122 0.0144295814683232 -0.025201122538795 0.578353626347425
-0.0139176118550023 0.00688991529194489 0.0503510308683098 0.020572019406096
-0.00711351029439344 0.00195292325416079 -0.122410595618164 -0.52300071380604
0.0109318001860031 0.00525382177882702 -0.86554007476487 -0.186366817861894
0.0153683951978146 0.00131861348109295 -0.55366542824163 0.7519755032059
0.0284488087521689 -0.00690962608645889 0.416666240575005 0.607825399582248
0.0261923615249273 0.00266995432057849 0.551898932649123 -0.025000885058164
0.0099932072721617 -0.0012832474133482 0.249865647319604 -0.297758110583444
0.000125436519380449 -0.00209758524393298 -0.0696255671999075 -0.298996337611453
0.00839127636906827 0.018153150508931 -0.00585489099990238 0.204371564974551
0.0225054923542312 0.0210650207031414 -0.222095357480337 0.0965400568954349
0.0156410159446953 0.024593018503955 -0.371813242897892 -0.256049778392246
0.00762511512605695 -0.00319775871963042 0.0527859783013574 -0.640021120801754
0.00436753289697295 -0.0137041384182968 0.771842442796226 -0.261015892237822
0.0127272688021329 -0.00662314930978582 0.6058765647454 0.548194404318318
-0.00271242843801864 0.0286317931837527 0.00149324351392112 0.575910148422085
-0.0131483313857598 0.0212201391592389 0.0509538252900475 0.0264759474967713
0.0028603180005383 0.00883742689844335 -0.0979075161528845 -0.528650442736999
0.0210629848769576 9.78500641736213E-05 -0.855615722990746 -0.238391655120186
0.0171116886885638 0.00276773749081781 -0.604149307822661 0.719167530547561
0.0371159759616957 0.00125056798424037 0.376558666751675 0.637205776904239
0.0410103928149923 0.00771098157137528 0.553945247441284 0.00830481835456004
0.0210549508977069 9.43015598682331E-05 0.259190585036437 -0.281881750345253
0.000259665697650547 0.000526423314087589 -0.064620906567863 -0.29211156226302
-0.000737005462713641 0.0140104356105098 0.00715393231707796 0.231499016939829
-0.0133292139911956 0.00639079496857633 -0.207701896542749 0.191941433095214
-0.0420909770249614 -0.0159659028571752 -0.446170428960683 -0.04611461956626
-0.0359337381345066 -0.0298123314177611 -0.28065155972344 -0.529965758525633
-0.00836761562991912 -0.000986787221331544 0.498154516269035 -0.571151388876538
-0.0219260274191248 0.00631384314893815 0.786231129357743 0.165454811940136
-0.0259632685209959 -0.00439530727562757 0.214406828674114 0.53835722726858
-0.0170223850918574 -0.031078317393866 0.0602107986064477 0.0910230884784404
-0.0275411360076523 -0.0279405132193194 0.102256839542594 -0.5046119060896
-0.0160096070268153 0.0188610704718817 -0.639350543919924 -0.612556772055493
0.00738491751861811 0.0144831050642962 -0.911769443577379 0.364162348236505
-0.0038422082906108 -0.02680701083778 0.00942219859185401 0.79088914311606
-0.0301314601918054 -0.0359244976752655 0.484119964549489 0.254608572644329
-0.0306042576049425 -0.013326008299955 0.309836904973789 -0.179414895870081
-0.00309939169088149 -0.0110427410110641 -0.0409650222432558 -0.262111114252173
-0.00298589710246941 0.012405100710886 0.003529732887188 0.219697471336773
-0.0191422722190217 0.00554863348371063 -0.212124354449148 0.164883942958593
-0.045228402786628 -0.0205352986662646 -0.432085423161451 -0.106718496677924
-0.0313248068112755 -0.0365182815007384 -0.201044660254429 -0.573446844199048
-0.00904185573422906 -0.00285413101022405 0.584673968511327 -0.505575849743896
-0.0280427562531674 0.0041810674597603 0.76409675491592 0.270763383094966
-0.0290816380763057 -0.0104981842747647 0.161894122540125 0.558433877283723
-0.0173286827080544 -0.0380352168497613 0.0572245878815696 0.0747341430744758
-0.0333767486872397 -0.0290244915369389 0.049972050549627 -0.513312718271246
-0.0188332126940088 0.0219368090685594 -0.715591047531708 -0.507660560773237
0.00712455196828696 0.012336209679249 -0.839452616238587 0.487789757338624
-0.0080717464543055 -0.0312657127821003 0.125822717354988 0.767974791929253
-0.0343491003232409 -0.0340958456123205 0.512146474324968 0.182725691793354
-0.0335951444107743 -0.0123728166895636 0.298265737043182 -0.21517469182739
-0.00200879166889778 -0.0108531472888768 -0.0484288574539903 -0.27232463719331
-0.00215849895803924 0.0127624427943223 0.00202565330244253 0.209675690323865
-0.0198964255125287 0.00435656999888944 -0.215828149985682 0.137182364600873
-0.040001756813947 -0.0236210867387199 -0.411571794190687 -0.169092246293652
-0.0221489922318384 -0.0399356800677068 -0.110061324448912 -0.608133814967662
-0.00865716379114772 -0.0050691643947669 0.66407820438998 -0.417066466533746
-0.0317118788530852 -0.00176645570664689 0.718475086986524 0.385011912577157
-0.0289794199039436 -0.0176002517462237 0.104773956394518 0.573350490182351
-0.0163839312778938 -0.0393651595697308 0.0560385865020793 0.0587038486611911
-0.0369261109699865 -0.0260591265400725 -0.00926790252381149 -0.519686595810701
-0.018919681979466 0.0225929903299707 -0.778587656131495 -0.39279984828372
0.00600660840757203 0.00804293566051062 -0.744171669789603 0.601059874198484
-0.00829718485050907 -0.0305687631842503 0.238799329183376 0.723784959104096
-0.0327030535724247 -0.0269890414109414 0.53491817321973 0.106033886231077
-0.0302184986885273 -0.00878206423410994 0.282239418938573 -0.249305092681233
-0.00160933738893248 -0.00781855456411805 -0.0556438945469588 -0.281543606103606
-0.00224632308876644 0.0110984823050325 -0.000781068252446312 0.202443102785721
-0.0157394632611534 0.00580388913718926 -0.215087457333717 0.112582636416863
-0.0304187000733625 -0.0213640169761876 -0.385667929361422 -0.221430884109712
-0.0115569107416386 -0.0386875198625944 -0.0190925549699579 -0.623514810694637
-0.00719228743089084 -0.00670437438980709 0.726458355439217 -0.325129248742821
-0.0285958782862453 -0.00642547999097522 0.661890611233193 0.483885136145003
-0.024613464503455 -0.0178067157271209 0.0487747675705954 0.578173511913631
-0.0159255905001725 -0.0353767996785883 0.0537664120635531 0.0425265060598114
-0.0361149047903857 -0.0200929956428304 -0.061521022462063 -0.520187657398602
-0.0133330070485129 0.0219430181183474 -0.821819500886144 -0.286050115266538
0.00759536923259493 0.00489911733732966 -0.645755701998256 0.686398107068099
-0.00382991298680834 -0.0250750028661128 0.334989824558155 0.669727169182438
-0.0225353962671024 -0.0173318321642296 0.544390643543612 0.0361339320342426
-0.023678757274067 -0.0062404862098769 0.263255239946013 -0.278355551509222
-0.00129185707479345 -0.00669490826618455 -0.0653344741587989 -0.290275054523027
0.000106516693480293 0.0119661875222035 -0.000637219032640838 0.196740253764971
-0.00762018958644516 0.00799834738973045 -0.212771970198106 0.0947164206680673
-0.0189960425588603 -0.0125139804011166 -0.362082953037777 -0.257650560166433
-0.00346635941908261 -0.0324993535461128 0.0513232059540039 -0.630706126776594
-0.00462194096473106 -0.0103286459107163 0.766765845441568 -0.246960500845178
-0.0215056299749974 -0.00923957678031615 0.607517591062124 0.55387417605552
-0.020997495557838 -0.0108711063608637 0.0052252202219505 0.577389429187483
-0.0160108774377724 -0.0245184507201612 0.0530033738534572 0.0289367384120918
-0.0287808563274777 -0.0134813974526012 -0.103267076684477 -0.517232815829775
-0.00589617940719913 0.0174509018641771 -0.845490593706906 -0.200976731493399
0.00941752120146728 0.00241392638162888 -0.572189637545514 0.738515463234438
0.00544532903920893 -0.02073997401048 0.399239386714004 0.619395589000368
-0.00802635446160332 -0.00978028443664501 0.545850864818621 -0.0169774696804759
-0.0136339142282713 -0.00325926632155817 0.248755534371899 -0.296306083690819
-0.00108772155230175 -0.00359048767356258 -0.0719384703144065 -0.297416725040673
0.00300635019545779 0.014360527191827 -0.000345339952057659 0.194799897809488
0.00136208788380625 0.011685740310557 -0.211383203564317 0.0861777664258139
-0.00704419961655242 -0.000835747513221292 -0.351438321602121 -0.275445835777035
0.00134345761472132 -0.0238957274243257 0.0871089667731596 -0.63229064014525
-0.0018231183833757 -0.0134498827356053 0.782106222793735 -0.210047973969097
-0.0111160497486375 -0.00932105099275652 0.576520754454397 0.587357870689229
-0.0158611851439757 -8.58097088890647E-05 -0.0156085716948194 0.574831899548143
-0.0143700501565502 -0.0113454907951034 0.0516370244880767 0.0210225922754214
-0.0194205193515642 -0.0061568252366963 -0.127865856976516 -0.51516693038215
0.00128207174711369 0.010699151102151 -0.856261250524925 -0.159652231100336
0.011652621227503 0.000686527565647682 -0.529744771691544 0.760350098269117
0.0159163482816781 -0.0143937079135594 0.428917769469833 0.592404277150984
0.00948751085049195 -0.00373835672147773 0.545726644092975 -0.0408332481813222
-0.00194546935989567 -0.00152703824868298 0.240161254810482 -0.304210264687448
-0.000860233840960261 -0.00269160008085065 -0.0764372861971464 -0.297209575797999
0.00630187164569204 0.0164809263589855 -0.000234284323573825 0.19719576468363
0.0123608615281201 0.0158504753795323 -0.212815916659123 0.0878623140556788
0.00543362229162833 0.0136295670852006 -0.355066542087272 -0.27057720327525
0.0054965142986149 -0.0120303090507685 0.0830995786735458 -0.633235614951843
0.000969092230804788 -0.0141975764164168 0.780361982905816 -0.219371483515076
0.00213982005173048 -0.008468234766464 0.575884551856564 0.578049171669794
-0.00994392826633834 0.0148612828148071 -0.0155545773435763 0.570766734896836
-0.0147258637708306 0.00615436719674527 0.0510262634822836 0.0196396172927253
-0.00733215885182357 0.00175989829349165 -0.127885400078459 -0.516376382126744
0.0104863224782441 0.00451212408504431 -0.858928741963638 -0.16841397508679
0.0157678340885646 0.000576294877839981 -0.532832813594525 0.756467139262815
0.027954874955488 -0.00763933126613965 0.42336360673673 0.59285054084978
0.0267498839412472 0.00163961344544756 0.544904140510337 -0.0375430264177451
0.00959780677414412 -0.00143707228919375 0.240961166726894 -0.300179724779706
-0.000576278850414892 -0.00116069982980988 -0.075385077971202 -0.295317554195859
0.00856086451247631 0.0173734255813233 -0.000444713034586864 0.202183881158374
0.0228892305800619 0.0198842982804603 -0.216744041285666 0.0991189492445763
0.0153059175804288 0.0249486852685722 -0.37321152901593 -0.247479494069197
0.0074549927439157 -0.00228408846739613 0.0399645674887433 -0.635482972094303
0.00451063693403673 -0.0147483612757838 0.756296802676916 -0.273320370086689
0.0114436611234928 -0.00600332402078454 0.609732251816435 0.53129487357231
-0.00281028639035723 0.0285185957897918 0.0105587051467889 0.569707375543907
-0.0131517514348613 0.0218661112909782 0.0512369428045848 0.0250184068595906
0.00335260347300091 0.00880339252697658 -0.106885129975726 -0.522779178864031
0.0208336164049569 -0.000299331856444211 -0.850718087034423 -0.221877830709211
0.0175043114071024 0.00203679207259099 -0.584794892403408 0.723525869643677
0.0368760127703652 0.000187540789622388 0.384590982073408 0.625454117385433
0.0396591986257575 0.00699277269185377 0.54800478685168 -0.0025694626309416
0.0208909601329913 -0.000813705869309343 0.251145567017585 -0.285337113922439
0.000507287438645816 -0.000569852644286413 -0.0714434975340618 -0.28768681214809
0.0010100318718207 0.0132465763208845 0.0117523868370842 0.230126121592509
-0.0126821690209626 0.00546723993468775 -0.199948690712002 0.193441638868867
-0.0416184813447123 -0.0142556363427866 -0.442529717782727 -0.0385225924256497
-0.0358022769198241 -0.028380287781738 -0.288172883808968 -0.520121131135577
-0.00774731444866 -0.00057816661818498 0.481169348131802 -0.574533149146947
-0.0226113722558395 0.00580535901104994 0.778137565925131 0.148586767689765
-0.0247131615380805 -0.00247459219381842 0.221844103868477 0.525890495235247
-0.0172325905684969 -0.0300303663544419 0.0594820069437267 0.0880119371130613
-0.0284059769190349 -0.0273925724959312 0.0935806116695181 -0.499217944090099
-0.0156421216672187 0.0182102950716665 -0.639075190968462 -0.595232711019442
0.00681509330813437 0.0132821875248983 -0.893868024424457 0.373592839392542
-0.00384916755978684 -0.0268428113088202 0.0234395425085717 0.783155971537314
-0.0294784840863494 -0.0350069052585616 0.481895656520964 0.245694651163537
-0.0299674267016936 -0.0119575938017279 0.303427346630511 -0.184852932672804
-0.00263827911338191 -0.00943930445131033 -0.0457971139458115 -0.259397299060157
-0.000775372399639191 0.0121456285984093 0.00811479584814076 0.218914834556436
-0.0184940022511394 0.00478395138321582 -0.206822225481541 0.167597003625786
-0.0447086565846707 -0.0194720165179433 -0.428146283072588 -0.0975179398318324
-0.0321070365800036 -0.035405490320565 -0.208609156022759 -0.561979711440648
-0.00858257121604642 -0.00209601381113129 0.566926056514943 -0.509534758289979
-0.0276932019284214 0.00461639593254306 0.756682979618956 0.255380710885633
-0.0298281423576378 -0.0112799384376257 0.168908009106682 0.547099573121836
-0.0169346134336711 -0.0378019629927504 0.058062710842161 0.0737282828390743
-0.0340346920338077 -0.028980825645967 0.0405741551219946 -0.508252298217838
-0.0191115312167001 0.0221731800670825 -0.714380582318754 -0.491657711189202
0.00717391029217246 0.0105462502012556 -0.819005417927639 0.495213601482163
-0.00813249881979299 -0.030988841151605 0.137187779710303 0.755525615128188
-0.0337120663056299 -0.0333478679884548 0.509960349713749 0.172163943368082
-0.0335196776746544 -0.0111410674257899 0.291307062051474 -0.217543867389776
-0.00326684278844019 -0.0102109090698982 -0.0529154926117304 -0.269011807797958
-0.00173362033953956 0.0113491316425487 0.00545124583667632 0.208331618901726
-0.0190780868043367 0.00439765301823627 -0.209261981944794 0.139227079645948
-0.0403223567986295 -0.0222568600702869 -0.409680859888826 -0.15893517834746
-0.0222420030889215 -0.0386942536148723 -0.119696917423416 -0.597370124681004
-0.00812292703023643 -0.00368150177299591 0.650000886776545 -0.424068666088565
-0.0312702107714746 -0.000405172138456932 0.716194986518124 0.367051229876951
-0.0286343949261857 -0.016586140990687 0.111388539418218 0.563372450550217
-0.0177344451091013 -0.0398330750280504 0.0565746336784304 0.0574548017529343
-0.0368744390116195 -0.0251658347825459 -0.0167854190212813 -0.512251936117742
-0.0177123523242969 0.0232805767501363 -0.776482694070446 -0.376384942012926
0.00600756029693327 0.00635271427977301 -0.724212082062985 0.606512360392156
-0.00937130648454462 -0.0303792079447203 0.24861188166015 0.71098198328654
-0.0313792511338424 -0.0252531446427566 0.529260302424927 0.0951517092170598
-0.0310430080533533 -0.00833103174328136 0.274733242616658 -0.250733372896902
-0.0016281616511622 -0.00760651294006151 -0.0589769009834147 -0.277951911875015
-0.00139681644043741 0.0117138076919901 0.00430616096653815 0.201086357001784
-0.0149489395043791 0.00464217347182886 -0.209380483772813 0.115003632889162
-0.0303709600965605 -0.0200816700184284 -0.384317856939177 -0.213632177637441
-0.0128084767471858 -0.0384482153125387 -0.0306156412045786 -0.616504915075045
-0.00737766464143476 -0.0065634652975388 0.712920194448577 -0.332759887672018
-0.0282804713559872 -0.00629117119168047 0.662065713976453 0.464457978929505
-0.0258401082828414 -0.0175895601974943 0.0560740342044276 0.569408482327113
-0.0157193952118777 -0.0343867196162828 0.0543436620257707 0.0411733359647908
-0.0358903349330929 -0.0193416692140759 -0.0702913069321089 -0.511979211698971
-0.0121148659119359 0.0206194382289223 -0.817023374827798 -0.268430709321868
0.00775591233948961 0.00425677973517271 -0.627456134854 0.689675271543649
-0.00426712290661107 -0.0256404711126661 0.340233947173606 0.653197737011468
-0.0219222917245557 -0.0174756712869589 0.537070625968116 0.0259385128338786
-0.0236915101570148 -0.00443538562831439 0.256352321473299 -0.279999190798257
-0.001333026130014 -0.00655428129319596 -0.0686560386818992 -0.28705163937772
0.000638603189679367 0.0114869907879887 0.0036642092745278 0.195934916391596
-0.00747320866215301 0.00586851634210338 -0.207899393628743 0.0974912731669453
-0.0185366308379535 -0.0118411418755028 -0.363729781575469 -0.249691182078862
-0.0043199668713507 -0.032142142617151 0.0393987080537797 -0.623203852969357
-0.00568909880485506 -0.0103821013704097 0.753346785212943 -0.258799157514464
-0.0208857924051934 -0.00868130025446559 0.606294985546881 0.536633760136749
-0.0196927292797704 -0.0115171948347871 0.0136771337548769 0.570907069052594
-0.0152936386496385 -0.0239213060169683 0.0525433412013907 0.0272939295012536
-0.0291767733207085 -0.0120047247026179 -0.109562410939217 -0.506782767843507
-0.00588771866439685 0.0167769509752425 -0.839545635180378 -0.184434657983803
0.00896002841172605 0.00192175227824281 -0.551829992414826 0.741065800503242
0.00479697271855873 -0.0212923543984441 0.40483005320434 0.605003130592356
-0.00805802928247054 -0.00944909254724607 0.538664938981627 -0.0265663029497361
-0.014443991230841 -0.00243368288669547 0.238734782860435 -0.297681138481164
-0.000884016586997906 -0.00454690603233973 -0.0752408352166999 -0.291455107697659
0.00344254619410459 0.0127429579069881 0.00307013570898688 0.195267345432638
0.00231859193150062 0.0108532290896628 -0.207739311966053 0.0874976807611932
-0.00638666661591331 -0.000183557815952757 -0.353115326903269 -0.266375486839092
0.00176587045368167 -0.0231837005517401 0.0749434607488115 -0.626251410589191
-0.00310985404342882 -0.0127425462607108 0.767987490754644 -0.219526957101478
-0.0111936788345605 -0.00971146997835299 0.578288583052407 0.569137529543083
-0.0149819302166373 -0.00058839345662344 -0.00794240266769332 0.567917927617204
-0.0149826366405775 -0.0106377388126795 0.0511511770098538 0.0201941487742063
-0.0193467614275416 -0.00524567545044408 -0.131260311832281 -0.506349554218035
0.0018873121336172 0.0104319588930029 -0.849145128020932 -0.142599883387887
0.0114442306187017 0.00199614952213859 -0.509423013193901 0.759187320071164
0.0152006423263381 -0.0145543328347137 0.432115222735849 0.577263045980197
0.00856225162542113 -0.00441588609323505 0.538896312266668 -0.049437846521679
-0.00233934659884841 -0.00163956062269878 0.233160244113845 -0.305645423824717
-0.000698028381896514 -0.00250874468417683 -0.0812145811387631 -0.293555755100091
0.00678846960906158 0.0151044620490789 0.00359208635097293 0.196660780128365
0.0131986950476365 0.015466131809487 -0.207345203167817 0.0913811291227232
0.00435603956345789 0.0128856433338157 -0.355693185628856 -0.261966854755171
0.00468194142583069 -0.0125840138101641 0.0713806329645235 -0.62738799061629
0.000662757589003605 -0.0139881142320071 0.764535020562098 -0.229852499002478
0.000960670381633208 -0.00830722491421526 0.57652155959498 0.560568365696404
-0.00908809872088355 0.0148477464400551 -0.00656723579572137 0.564647530872847
-0.0138425604149639 0.00587095021097272 0.0508665154464828 0.0190300368152371
-0.00676249000652243 0.000731963331542828 -0.133653066846417 -0.508079426960434
0.0104128312090069 0.00351871838986588 -0.851019077658154 -0.150481981687177
0.0155439866556572 0.000595487318891116 -0.513082984355206 0.755487348649583
0.0274413505596099 -0.0083159938898146 0.430446295394899 0.578718778458927
0.02586817575991 0.00228370777544966 0.538882648277961 -0.0463367438542187
0.0101582619596 -0.00282988882995428 0.232573918841742 -0.300541361138852
-0.000550094637242305 -0.00130706055365075 -0.0798422809589502 -0.290540255824989
0.0094752328596385 0.0170820149443374 0.0029520739838514 0.202645594973995
0.0222412165558614 0.0184878406328342 -0.21087321864379 0.102868696919377
0.015441191745877 0.024187920704264 -0.372948093813412 -0.238311131281521
0.0064286064346803 -0.0027762545491106 0.0293717114048077 -0.628430797552132
0.00386325341405053 -0.0147086279345642 0.743481067790951 -0.282908359805678
0.011825679735947 -0.00641296112066506 0.610090370804003 0.513569437152388
-0.000874283042345641 0.0272464646950004 0.0191947730703879 0.559089421038258
-0.012431030418424 0.0211622554302535 0.051620474966667 0.0248706928928406
0.00416106766626411 0.00923579282026573 -0.111821245649495 -0.513678339036644
0.0196514082154719 -0.00171669961508626 -0.841784284419085 -0.204817997649909
0.0177375627594383 0.000701688740429733 -0.56665121903641 0.723553210477214
0.0354068470617995 -0.000747140338556305 0.392467133468383 0.610529826255671
0.0395068470618823 0.00615760436513703 0.540341381802707 -0.0104020439103832
0.0209998221090059 -0.00180675181109395 0.242997897547091 -0.288035174627573
0.000111173756897336 0.000824373881392584 -0.0742884620749659 -0.283994137376189
0.00059069011517521 0.0127259842545478 0.0166138265788146 0.228310206157849
-0.0126037252476821 0.00540542005906436 -0.193948756197732 0.194495325887032
-0.0414816308317612 -0.0136055311306349 -0.435607911918318 -0.0327531729908119
-0.0356645664226546 -0.0266863827705301 -0.291200594148939 -0.507705370047133
-0.00791577483261699 -0.000309224220824959 0.465106939028543 -0.573585363841811
-0.0217648020493989 0.00683172583659122 0.769524342192108 0.135707357491135
-0.0252280759187955 -0.00214831090499096 0.223509417698229 0.51588293941007
-0.0170026958466338 -0.0296884208206091 0.0609146779098627 0.0870600429483789
-0.0280865717024826 -0.026636948732512 0.0866897107648197 -0.49304567615793
-0.0157634816984876 0.0186056291841018 -0.63890540440384 -0.578369187229265
0.00807531933620726 0.0143366280368147 -0.877208139164081 0.381725170114129
-0.00430225410377684 -0.0264564562290885 0.0331978366937473 0.773326030181311
-0.0312639386257934 -0.0343899751116725 0.47930973819759 0.234459472910145
-0.0315994791576716 -0.0119130161781059 0.296366719359669 -0.18638249519733
-0.00325392644032152 -0.0101092933024603 -0.0498031543928775 -0.255553243278111
-0.000854006957045613 0.0117392712289203 0.0114175043596039 0.217261590800641
-0.0177390212947859 0.00484433830260207 -0.200680112682273 0.167992741266505
-0.0438006596177621 -0.0186276891238467 -0.425129598590755 -0.0906307665082614
-0.0317592334311966 -0.0346043654311727 -0.21476128336181 -0.551348358981551
-0.00856697553559928 -0.00173189014560788 0.551547442590131 -0.509597785582126
-0.0281762768927529 0.00458545641563588 0.748956091178681 0.240423531120971
-0.0300859561968423 -0.0101929899684783 0.173553272990002 0.53722802708638
-0.0176053148056197 -0.0370824764386394 0.0597092737774062 0.0716863670248835
-0.0332943295767289 -0.027351747637542 0.0350204184331187 -0.501760338046851
-0.0180313038735134 0.0202972236666074 -0.709581988528737 -0.475059435248645
0.00629512644169586 0.0101796944750531 -0.801687293045419 0.501388573355858
-0.00777731264790961 -0.0308210909139591 0.145377466858479 0.744728846892851
-0.0343479510741155 -0.031851100524576 0.505653206342561 0.161544503375796
-0.0343178076914842 -0.00989453409961691 0.285055963717676 -0.219326250274501
-0.0025452547756457 -0.00925100149463423 -0.0555346977306135 -0.26493797974282
-0.00185424352642843 0.0113956850506039 0.00844848446523229 0.206802980672654
-0.0185562122740288 0.00408328589453737 -0.204082504739666 0.14070656238761
-0.0393118307911052 -0.0210009436515569 -0.406837760761372 -0.152026827447067
-0.0228101037902357 -0.0377117150092114 -0.125749644381282 -0.586528279936709
-0.00820757053183186 -0.00419822166142907 0.633785856049843 -0.4267590354168
-0.030758894016189 0.000236811320078507 0.708820289261493 0.352086143400782
-0.0293753052887394 -0.0161675199351589 0.116775983783653 0.552901672062248
-0.0170929748724897 -0.0389913654278538 0.0561658153587318 0.055857453128498
-0.0365080009144449 -0.0245852703875748 -0.0227326680176107 -0.506766369187223
-0.0178858373492505 0.0221856165891702 -0.768506465871849 -0.359483589938764
0.00726038413797534 0.00638902837754748 -0.706340052280148 0.607246936894169
-0.00933417512106376 -0.029783715739212 0.25573849816983 0.698329909584563
-0.0320813291287851 -0.0252143681500747 0.523839167656554 0.0859682344605758
-0.030479479193572 -0.00690673085377183 0.267326130921479 -0.252476092912961
-0.00136605441092347 -0.00819799674826268 -0.063942363171572 -0.273419098128503
0.000352600747451415 0.0108773295131497 0.00737853279475516 0.199164997988605
-0.0147032350445253 0.00474254321220222 -0.203890567915405 0.116424109899485
-0.0308423123366595 -0.0197899680912371 -0.381856221989846 -0.204173824483608
-0.013119879383298 -0.0367124304111177 -0.037894972156746 -0.607327482500471
-0.00727757708731279 -0.00670447047901767 0.698279244830881 -0.340218495726269
-0.0281038290371319 -0.00563839046214206 0.656889386465882 0.450023564883381
-0.0262698722984445 -0.0169025872338944 0.0616544085561219 0.559915863921449
-0.0167634575423748 -0.0346586470888811 0.0544512184771783 0.0401785669758542
-0.0356322201908268 -0.018777088659117 -0.0741054255682583 -0.502688088578526
-0.0128829998217712 0.019898998253231 -0.807881856005588 -0.254326471754172
0.00703280215954511 0.00392360159393312 -0.608583694306231 0.688555197111949
-0.00506958871622894 -0.0263885066403973 0.345007060633594 0.640744330583771
-0.0225849825791159 -0.0167121429031257 0.530365714865465 0.016832273845045
-0.0236814508376803 -0.00318563159922199 0.248457813939643 -0.280476331433754
-0.000641879754865085 -0.00614681441083527 -0.0729532826724484 -0.281231795470971
0.00160814034194403 0.0107334367944352 0.00794114942006846 0.195157816829524
-0.00740559894492543 0.00675807200599407 -0.202347777032666 0.0983439595861423
-0.0186198082282985 -0.0110933463803992 -0.362501388343766 -0.241012349432413
-0.00530763239071461 -0.0313761787383609 0.0299936970950925 -0.615352079150152
-0.00558888465738399 -0.00987272344669642 0.736605473774294 -0.26542851944543
-0.020368739354572 -0.00825852352257984 0.608000429656909 0.521216155826029
-0.0199827365823046 -0.0115332339864821 0.0220006717038986 0.561882220651983
-0.0152978919417554 -0.0237952595699585 0.052866370933197 0.0266748322319159
-0.0291767547751767 -0.0121818389060105 -0.114713332181082 -0.49930473208278
-0.00678896738848386 0.0158090457492292 -0.829170631447746 -0.170494394364427
0.00886683674517013 0.00304005836940214 -0.531151689582939 0.738880566051064
0.00469083240402495 -0.0208497563679707 0.409131998568116 0.591844585839362
-0.00934546783800647 -0.00952613327440412 0.530880083931646 -0.0331280627827638
-0.0131561560882931 -0.00215690745058594 0.232373857995879 -0.29720343397707
-0.00137439587711444 -0.00332748361175431 -0.0799410825227261 -0.286847489861433
0.00365161580711887 0.0127139056129723 0.00780138748108015 0.192315088791232
0.00152829426810962 0.00973460039795017 -0.200903520225205 0.088839351051491
-0.00616849435176699 -0.000207848017698652 -0.352174903313438 -0.258049071043287
0.000647788833596766 -0.022848948738205 0.0656862920961361 -0.617519540628969
-0.00302418208134379 -0.0122223683965148 0.754202297903204 -0.228991070382873
-0.0115679077553412 -0.00965536548857873 0.576253952415943 0.553996781415993
-0.0145115838530921 0.000240438343282027 -0.00101801937722173 0.557790924868159
-0.0145928251420159 -0.00953584209470764 0.0507488848518445 0.0190359520393096
-0.0193394922565098 -0.0048752273215974 -0.136380657359766 -0.496864252125917
0.00160634452575694 0.00979700160492543 -0.838227395014276 -0.130384768083678
0.0119095407944887 0.00138022420505938 -0.491606940375577 0.757697212344744
0.0155653291894909 -0.0155206059773744 0.436324362465269 0.563272239969428
0.00844992543122765 -0.00331151063442774 0.529183833936311 -0.0577373631722375
-0.00229470926103984 -0.0023063344513046 0.223916348882984 -0.303726132022992
-0.000204979056890052 -0.00184649248368697 -0.0831345186267346 -0.288230033824759
0.00720287030272937 0.0149504136058112 0.00716546945585393 0.194422455324391
0.0122989475114912 0.0151974393880862 -0.204163723786141 0.090832931295568
0.00535623019092748 0.011973017205729 -0.355450678226539 -0.255127743384633
0.0036245441472929 -0.0118301949522673 0.0621823192413832 -0.619890090183582
0.000152197416774922 -0.0141946025087148 0.751355972323885 -0.237162424775504
0.00120976256172027 -0.00824531089385398 0.574863469635759 0.545518589050209
-0.00935515559626265 0.0143952935695486 0.00177255475178273 0.555450447581037
-0.0136274661704374 0.00577917838414065 0.0503212617464677 0.0179032252556518
-0.00725708839922182 0.00190085877911733 -0.136720127755497 -0.499164860920212
0.0104558938048645 0.00272066409633726 -0.838337380986318 -0.137961827558907
0.0145036474933025 0.000866799064130787 -0.495405118530646 0.751928590572404
0.0267680334142361 -0.00932855803149031 0.431913097348685 0.564069897646594
0.0249810261886694 0.000946743865805182 0.529914880861745 -0.0533096750262678
0.00951314761424497 -0.000993096628386464 0.225071122586438 -0.300955351983039
-0.000406413892393154 -0.000598291328950819 -0.0829088259489606 -0.286173511710057
0.00994978279059146 0.0159778196192024 0.0079133814243183 0.200674306551508
0.0220805992764578 0.0181005097195843 -0.206140312346268 0.102477759589071
0.0153394988765362 0.0229436436781511 -0.371981056185555 -0.230135690685875
0.00598188440119207 -0.00232553583157314 0.0201473697383473 -0.61909145880102
0.00241830187009036 -0.01497740089516 0.727070642982197 -0.289366968834209
0.0119632784895353 -0.00649956241569959 0.606154439891325 0.499918120872475
-0.00169233121592525 0.0274899092918615 0.025360072014131 0.551670553154282
-0.0120570131010932 0.0209241605619218 0.0523035247103912 0.0231766265399033
0.00307142232912837 0.0075533533649276 -0.115203389701359 -0.505393777744779
0.0184615684770852 -0.00190237831890384 -0.834660742983586 -0.189388387789126
0.0165493323307307 0.000385468521592685 -0.546521543012521 0.722951815446469
0.0360289921665568 -0.000761540272069308 0.394827584087134 0.5967469097106
0.0396534288291536 0.00509225947441593 0.531959484866497 -0.0189073293735035
0.0203271266613513 -0.00138464880561478 0.235617314516136 -0.285935974929285
0.000476193809524147 0.00105383268246472 -0.0783460934395864 -0.279693771764098
0.00216390855176351 0.0123771493652916 0.0196742660887592 0.226172216939465
-0.0118112182923404 0.00568122071281106 -0.187237971611183 0.19516869729951
-0.0414639473616698 -0.0131514613078528 -0.4295846181513 -0.0272494111056989
-0.0357417905194404 -0.0266150483537517 -0.294265742698831 -0.497639725536026
-0.00812002792572426 -0.001459559079276 0.451811676699132 -0.567956159162001
-0.0218184597045656 0.00742424731778002 0.759001237594047 0.124659721838795
-0.0251477875762303 -0.00163610849451284 0.226332898860589 0.506580054416056
-0.0161257879850206 -0.0286257801191017 0.0612501901494767 0.0855754271863241
-0.0277382646945877 -0.0263744629336175 0.0828871566863346 -0.486189137687855
-0.0158670621532144 0.0173322799763688 -0.635263874496838 -0.563741919296165
0.00780079298994244 0.0131803475089621 -0.860981557339903 0.383811051806418
-0.00490728312781167 -0.0258959934601115 0.038690425719176 0.763166180558879
-0.0298287183049785 -0.0344408094246103 0.474874387199817 0.224403498138202
-0.0311719387100338 -0.0114866995270114 0.289444646872842 -0.186423038157814
-0.00295718906966548 -0.00968707890146173 -0.0519280808569705 -0.252421340792634
-0.000272136514906231 0.0114340918844746 0.0156590522938821 0.214899666386023
-0.0171610290046214 0.00416685142537513 -0.194177974667852 0.168545195344106
-0.0430267805172219 -0.0185986145099971 -0.419162917123374 -0.0858051192618373
-0.0319107078360095 -0.0327390319655493 -0.217844537298419 -0.540732999875683
-0.00895981063805033 -0.00207218510852321 0.537552558914366 -0.508303161492058
-0.028139383558872 0.0042825779859518 0.739853783104528 0.229078391686279
-0.029106085110548 -0.0103597995583163 0.175701339301324 0.52751767543048
-0.0180154050130677 -0.0359014795588275 0.0593829001267127 0.070442621718273
-0.0329152871669288 -0.0274003860140409 0.0289270785175976 -0.494313600410773
-0.0183154118874157 0.0206340979425566 -0.704081855713187 -0.461001754411203
0.00701560574707321 0.00960850368729098 -0.784981531804596 0.500969116767535
-0.00824684749771963 -0.0300111645329752 0.150385773723845 0.731964598773266
-0.0342452622456072 -0.0311684153026383 0.500028791834078 0.155007274392224
-0.0340275678300413 -0.00932518752892598 0.277306245309392 -0.219238497312714
-0.00331098976428953 -0.0100988777559439 -0.057907275981866 -0.260409706627208
-0.000930029052724385 0.0108210547596855 0.0121837295254757 0.205417221783712
-0.0180604693252042 0.00380180441487382 -0.198220075959222 0.14167102443167
-0.0394426220115532 -0.0209113954883109 -0.401619750271799 -0.145598650683945
-0.0227279527752276 -0.037467957197151 -0.129819661755149 -0.575785722223953
-0.0081143858934493 -0.00476201429791053 0.618222757467877 -0.426634483861855
-0.0305529933435687 0.000376573087841888 0.702339847107955 0.338999504211776
-0.0298635849038199 -0.0154423047737898 0.119545285643661 0.543765872785034
-0.0170918283778147 -0.0375315134572792 0.0576435849494338 0.0540416105507032
-0.0370843195706373 -0.0235113764919722 -0.0268692440307203 -0.497153599104845
-0.0169230079525229 0.0212186226732436 -0.760859105033511 -0.348318652577226
0.0061043339731747 0.00616900436295752 -0.687840688961926 0.607133197803258
-0.0100066182375109 -0.02899366771132 0.258599560345117 0.684600429931406
-0.0314440615846714 -0.0244974142671607 0.518056318414292 0.081740168988067
-0.0304333970671231 -0.00638032834179759 0.259630153569648 -0.252169081085031
-0.00224440718748836 -0.00877528202077624 -0.0665758164368809 -0.270032919758525
-1.12423798704952E-05 0.0102299728764891 0.0109305363086368 0.197124654672072
-0.0143445142074478 0.00420236373630593 -0.198949461388442 0.116956213022667
-0.0312525243518488 -0.0186843051992684 -0.379243594507239 -0.197983833206565
-0.0134684139064536 -0.0367955426266866 -0.0464869439111552 -0.598846291002747
-0.00788551461082477 -0.0066928341677493 0.6830187612454 -0.341842577082601
-0.0284523445715875 -0.00502431010316618 0.651673170824916 0.435079773372019
-0.0256812485661683 -0.0160707803030148 0.0661793677195868 0.550950127040333
-0.0162787823802615 -0.0335771402095653 0.0541052354902095 0.0387327394461441
-0.0356452025229174 -0.0186222828238133 -0.0778918167970273 -0.495338056481711
-0.0126798320418578 0.0197620939247334 -0.798269262649088 -0.242563490891876
0.0072455484413796 0.00480102797769138 -0.591564928967203 0.686539028686431
-0.00507733464209461 -0.0248561875590927 0.346115375801708 0.628455303285387
-0.0228548910634795 -0.0166037023890875 0.522401618876548 0.0120755875018704
-0.0233902289634211 -0.00433109550724705 0.241552323988042 -0.278808427095861
-0.00117235834971685 -0.00603145747001268 -0.0756189133819474 -0.278341385136843
0.00157978365844984 0.0113367479931678 0.0092666926777057 0.192605683326669
-0.0084803220524345 0.00531833637611218 -0.197036384032313 0.0990804119343571
-0.0186329551581754 -0.0121989250279115 -0.359350326992762 -0.23441235925641
-0.00465246018796711 -0.0307824861085695 0.0216856504656638 -0.607479825616556
-0.0065626340184459 -0.0106180563668413 0.722661104840381 -0.271670872018003
-0.0214347715017151 -0.00851280912512316 0.601840786112856 0.505198710261918
-0.0204961996781768 -0.010711124142217 0.026717648613055 0.552246432578066
-0.0156376076048625 -0.0235386179666722 0.0531355290767321 0.0263801155138052
-0.0292279463632194 -0.0117736372749764 -0.116312379632856 -0.491362148668142
-0.00629720835106828 0.0153390253887129 -0.818110213669842 -0.161823868044521
0.00900731604397538 0.00220591600103812 -0.513907055548839 0.730816394088633
0.00403103629092348 -0.0207654072146496 0.408017567369806 0.577655016782747
-0.00815517054903963 -0.00961104987828326 0.52168344028699 -0.0402402864453023
-0.013333530435278 -0.00208730494879633 0.225512151275054 -0.29607162222766
-0.000537777297300605 -0.00437655273023677 -0.0823565629197109 -0.282071872401787
0.00471231924615876 0.0120731276862352 0.0100309453847098 0.191091919657165
0.00222038605152874 0.0102055424929431 -0.19711501685262 0.0901916378833059
-0.00677005090962092 -0.000316713152962198 -0.35028186387292 -0.251115677892586
0.000244680049147248 -0.0212374124897297 0.0568449974902036 -0.609205648066759
-0.00343021767650473 -0.0121942837909878 0.740402666783532 -0.232153910927801
-0.0109328266381111 -0.00860303806115962 0.571212856069026 0.539368914262098
-0.01496895699151 -0.000400134694786326 0.00444319839376116 0.550287629954437
-0.0143189592023551 -0.00972328476479653 0.0521121756452502 0.0192648132365266
-0.0188835945934058 -0.00619081204782603 -0.13881921216005 -0.488099227841457
0.00210272208222534 0.00989778115125552 -0.829142912376322 -0.120736744522767
0.0119656232127818 0.000630572359570041 -0.473728904031335 0.752844527084004
0.0148806051771323 -0.0153062187446455 0.43610835408353 0.552038029409417
0.0087328357154109 -0.00366308038767138 0.52071727010713 -0.0642207425499028
-0.00215726995330474 -0.000877990184796397 0.217162802753745 -0.302762822917683
-0.00124608245822765 -0.00243972229669112 -0.0855534549149346 -0.284291723306559
0.00784787760874988 0.0133891321008063 0.0098994180920941 0.193683115629685
0.0123394889132085 0.0137967508416865 -0.199271472768715 0.0916791500089309
0.00571369746559019 0.0126910805503621 -0.352503698825881 -0.246856693190306
0.00410288192953757 -0.0123842390604935 0.0547675813577949 -0.610853218480862
-0.000672040477439921 -0.0136954814029978 0.737091282719254 -0.241596339981496
0.00110920844569999 -0.0076590493642726 0.571737204209215 0.531035998379083
-0.00931894629112058 0.0137753425064545 0.00486611105138299 0.546330718241651
-0.0135422483861129 0.00611028820181002 0.0508244346268274 0.0163685808653817
-0.00697406750874792 0.00112873448295221 -0.139138772855007 -0.490371429904841
0.0106819326274979 0.00310832604615405 -0.829492594556546 -0.127523474078954
0.0147018213016924 0.00028324382899586 -0.480286892618078 0.74553036918531
0.0268144241196808 -0.00894984516531181 0.432647255652988 0.552967051766991
0.025405329923511 0.00139532375786833 0.522709201657502 -0.0579039520547846
0.00864948179190322 -0.00145244687401789 0.219213242063344 -0.300080491072378
3.3950576202796E-05 -0.000765460529882871 -0.0851304431846103 -0.281390536092917
0.00985692848997656 0.014814830098363 0.0099689647281808 0.199167663683543
0.0220097932074992 0.0162448605730569 -0.201660821731637 0.10364476259622
0.016217830501832 0.0232453859527197 -0.369687458778209 -0.221289033608978
0.00573766859076218 -0.00283923257524411 0.0120260894351908 -0.609502876288722
0.00230349062130596 -0.0151861207241927 0.714222153014304 -0.290452731970425
0.0104017920617985 -0.00632065446280486 0.605557843747659 0.486362559589134
-0.00166144781950449 0.0260706868782813 0.0279883044345182 0.542737066682845
-0.0119522508208857 0.0210457511173348 0.0510045783785441 0.0214609664926528
0.00267912816507812 0.00760651572054317 -0.117922655735024 -0.495988534592658
0.0189054019618802 -0.00319813670747289 -0.82269370098064 -0.178710415582154
0.0164862036938659 0.00128134170019906 -0.531051101482035 0.716158898152839
0.0356748875518178 -0.00248885380833328 0.396487495785444 0.585342605134711
0.0389351686966666 0.0039962694624633 0.523837517159881 -0.0258725448842886
0.0194278518449538 -0.000982302762000951 0.229623690568135 -0.284833900802707
0.000635937252597914 0.00108593822750689 -0.0794186908486917 -0.274510807965678
0.00166188572020926 0.0124158270116538 0.0220060201006185 0.223046519910823
-0.0118848227216374 0.00417444749964471 -0.182264116176597 0.19220887039772
-0.0404011429364623 -0.0134601704139162 -0.423646593152953 -0.0232829294788726
-0.0358877682065381 -0.0253748555874699 -0.294382443350671 -0.486564796174668
-0.00744249921384047 -0.0005941995370112 0.440645991524308 -0.565446323864831
-0.0222004647130915 0.00787788485816138 0.747809357814522 0.1168417705602
-0.0251751531416349 -0.00216806587026518 0.224937451628641 0.49470420123094
-0.0180017555596643 -0.0284093000735023 0.0622068001783501 0.0837721150178369
-0.0274737228797687 -0.0259703936827094 0.0771094740482982 -0.479665899726421
-0.0154399484295314 0.0170628225759445 -0.627287462283145 -0.551045612316084
0.00781898328052076 0.0129395741174857 -0.843523817030739 0.386124617739904
-0.00494633724508542 -0.0254545876067599 0.0458484540547697 0.750951929971069
-0.030276865594257 -0.0332298788538698 0.468782491867058 0.218058613271805
-0.0303769268522709 -0.0108217518569695 0.283667982492297 -0.186810683202547
-0.00318531749380293 -0.00937734961773605 -0.0533791368422809 -0.248373255504851
0.000406936631932808 0.01167195573535 0.0179141956902304 0.213208987925565
-0.0173552717314886 0.0036048890720267 -0.188775952269852 0.167189415635983
-0.0428321600556341 -0.0174551577803285 -0.412771628789652 -0.0814811575018086
-0.0311005765207591 -0.0322436614663511 -0.218513613652423 -0.530402049142949
-0.00775282557890284 -0.00195253649384838 0.524923865896278 -0.507005903886509
-0.0279135881960869 0.00517795516310642 0.729319173424148 0.218409114443878
-0.0288362946963227 -0.00992415344855079 0.175785654609191 0.516535478664341
-0.0170995078776199 -0.035410225739558 0.0599228608329701 0.0695419851657185
-0.0331741593991758 -0.0264781642042649 0.028346924026518 -0.486785103679168
-0.0178116225761851 0.0193593024839629 -0.694302571929255 -0.447329073747297
0.00647847010381301 0.00869294569422512 -0.767792596018613 0.499330012168798
-0.0086129253908191 -0.0288063152683536 0.153208288564227 0.721916426866974
-0.0335241514327742 -0.0307921964331965 0.493556075977012 0.147704636165633
-0.0326535713328115 -0.00913445518884652 0.271830382507041 -0.218081702493583
-0.00191842843114032 -0.00957014001799319 -0.0599058687652279 -0.257769607493285
2.26653233491129E-05 0.0104815918205871 0.0140166075715392 0.20396526450639
-0.0175182874200879 0.00290935594973341 -0.193474464648695 0.140465907431241
-0.0388097567849244 -0.0209780046091797 -0.397875388396912 -0.139471220997691
-0.0228120512120581 -0.0366287113614352 -0.133733762799311 -0.565625847705671
-0.00944298385502232 -0.00393796661400192 0.605890232647639 -0.425622262022117
-0.0301971050205459 0.000956726929191213 0.692651042259309 0.327481426714843
-0.0288545144741184 -0.0152257829007607 0.121756247450173 0.533848192343961
-0.016561332000735 -0.0373785102521413 0.0569654224483449 0.0535579399746743
-0.0359591030957671 -0.0232427189163418 -0.0272205696155559 -0.488853618544158
-0.0173341178042329 0.0209912189382119 -0.751877279951183 -0.336324847117023
0.00586271762190586 0.00518022392670759 -0.673318062547675 0.603483341387811
-0.00949637159842399 -0.0274019837811159 0.258483446087963 0.669984046148718
-0.0325987467495739 -0.0239707683856611 0.509372825620693 0.0749385523033443
-0.0302503715123555 -0.0051985042907005 0.254724818614116 -0.250868546389023
-0.00291946197114315 -0.00802535778748907 -0.0681051019050373 -0.266317697882757
0.000124119223771945 0.00943974803111028 0.0135205006194463 0.195815373320453
-0.0148085284084968 0.00361999309827806 -0.193489974769981 0.116763613736773
-0.0309791502859036 -0.0182256652788629 -0.375785453264244 -0.192638999366093
-0.0138166441286964 -0.0355752160334769 -0.0501370321747543 -0.589072128940116
-0.00701283669175614 -0.00737823930188978 0.670606196192017 -0.343508726851663
-0.0281111953648444 -0.00477874548091367 0.644460435468579 0.423562051975353
-0.0262752120927826 -0.0163202013396192 0.0699009420234865 0.540611677216925
-0.0165831015188573 -0.0329226500562198 0.0538424485019842 0.0380228987402299
-0.0347996537814602 -0.0183780747896075 -0.0788484844694842 -0.488616337169575
-0.0131611826302624 0.0188757362892259 -0.789124643936113 -0.231924703853896
0.00750824064492547 0.00427655027092964 -0.577668999300614 0.680199026603905
-0.00505853651870513 -0.025398348191218 0.347059987816105 0.614491074583798
-0.0218408436084403 -0.0163487163989773 0.514109952070305 0.00647602983476176
-0.0227883273704781 -0.00390964088661454 0.234858299955699 -0.277968396012713
-0.000350197032212767 -0.00632003574320442 -0.0758617695060488 -0.272417832082363
0.00324933054166491 0.0104762889676122 0.012795769311836 0.190961309739899
-0.00731890627707223 0.00627329138715233 -0.193556353149552 0.0987782541543439
-0.0184319691707073 -0.0114662909083565 -0.35618968874948 -0.227232719055354
-0.00541629532139148 -0.0303546455655382 0.0157120119772478 -0.596593595312543
-0.00562266887266682 -0.00949829607698516 0.709186656581237 -0.272033439365568
-0.0209174825468874 -0.00822148205549063 0.595735855808475 0.494116790149496
-0.0200359072736497 -0.0103107159599517 0.0271879508681397 0.543834103648999
-0.0159711735444058 -0.0222735269949962 0.0526423756627997 0.0262392946929494
-0.0295265610867056 -0.0112925630576017 -0.117172510512358 -0.481970660481241
-0.00628185163818879 0.0146820035180426 -0.806033863333655 -0.153495335670556
0.00851890531353552 0.00205601859593999 -0.498418377728713 0.724265294165055
0.00301623435522613 -0.0203038067190861 0.40536281034676 0.565349062520083
-0.00867227315580393 -0.0089159467158822 0.513690940867392 -0.0439066472418309
-0.0125316868300218 -0.00210406442829084 0.218924221569449 -0.294162805101551
-0.00039370408587363 -0.00508153967170505 -0.0839724432125403 -0.277423296463222
0.00540029873797578 0.0112614466761671 0.0129888079067519 0.189653095683794
0.00229403068600266 0.00960920152095617 -0.193026042453861 0.0917832100092031
-0.00630555255235295 0.000197101726611487 -0.347534034605272 -0.244448478976715
0.000142522528113637 -0.0210645548416408 0.052093833877856 -0.60134855947955
-0.00297994868961663 -0.0120255080130688 0.726137437825132 -0.234739477106013
-0.0116149983932573 -0.00907697957257092 0.567160148144671 0.525992069929169
-0.0149976242916409 0.000676625081523143 0.0066893899100836 0.539970639319909
-0.0152985594740344 -0.00939873242624608 0.0510609555241488 0.0179629313293195
-0.0200011716879717 -0.00488007795317303 -0.140462472437394 -0.480089841189852
0.000538804025745203 0.00914618622877727 -0.813810731166592 -0.112647735808798
0.0113279104067663 0.000711916444034065 -0.462601556441409 0.743416170971345
0.0139137651276413 -0.0145483546418343 0.433405168037047 0.538856022863593
0.00777226351245554 -0.00420748316965108 0.512603209420453 -0.0662640431622157
-0.00233514401219936 -0.00101951357920407 0.210886012834889 -0.301605515513813
-0.000934238888142109 -0.0033088792762158 -0.0866621856517081 -0.278239136296552
0.00767738502980111 0.0131985829947915 0.0134959127390901 0.190802452252684
0.0124076944686669 0.0138462840834624 -0.195120188390245 0.0915059404076797
0.00445476942940869 0.0121445722537124 -0.348116768272766 -0.24018916840455
0.00377143468559627 -0.0120220177565804 0.0472122093395261 -0.601357948504682
0.000651405965670833 -0.014679548500519 0.721593326936683 -0.242883964925838
0.000695613947578562 -0.00828025011215655 0.565491572178775 0.518752025650248
-0.00899257184135971 0.0142080560383069 0.00818489050372772 0.536721473308005
-0.0128587587686088 0.00549002913242594 0.0509408723132077 0.0168003736969247
-0.00788397771304758 0.00184954123040302 -0.13848983550225 -0.481081788883114
0.0096907238121559 0.00216932058940795 -0.815893681900753 -0.118319361663443
0.0145992181925606 3.82303399800942E-05 -0.465196901757366 0.737793993985558
0.0254875440093431 -0.00944274335007873 0.428699479476689 0.541565806308896
0.0250535192619315 -0.000742661468492251 0.513263535666626 -0.0624751285168822
0.00913183469517954 -0.00107021926146292 0.212486997720087 -0.297501501252011
0.000282641851515734 -0.00126400398291972 -0.0847758881833758 -0.276088907272415
0.0103271414973482 0.014807088287065 0.013191553953656 0.196557695617457
0.0214920684277086 0.0169061309997048 -0.197365991408139 0.102751727676365
0.0154926933743574 0.0222616870409396 -0.364745600996071 -0.216221089476017
0.00527344139312812 -0.00254739459960494 0.00732702256150525 -0.60208591870963
0.00245969897526467 -0.0154138210344511 0.699763288464516 -0.295535693549951
0.0109761452273919 -0.00628078608305989 0.596777469144902 0.474592739969124
-0.00212138079932798 0.0264885622088382 0.0320428827334556 0.533061146850397
-0.0115947415248857 0.0207311855012738 0.0512621352921786 0.0209726539993939
0.00269226425577541 0.0078621112742954 -0.117300331495575 -0.487237314877349
0.0178280778732924 -0.00318706112107618 -0.811291621306568 -0.170684911374479
0.0169937660719561 0.001496599451482 -0.516614698285655 0.710209872324536
0.0338929907428196 -0.00207720491837922 0.392856787979087 0.571161558262364
0.0384261920611625 0.00360841032121457 0.517059536520143 -0.0297293554819808
0.0189855917177815 -0.00209595380522383 0.22340190384502 -0.282992646621959
-0.000233703007622819 0.000550718257538534 -0.0809850032250899 -0.270133254289953
0.00220794579673016 0.0122398959157519 0.0236568423082782 0.221054396654821
-0.0114956723945289 0.00485051946702814 -0.176787878130276 0.190770894479133
-0.0407542121057874 -0.0133098829123386 -0.416657420372522 -0.0210289694615893
-0.0348966482256009 -0.0251670742354832 -0.291641100095755 -0.477192156996702
-0.00766936003674784 -0.000599317274294736 0.429532096772401 -0.558260913054453
-0.0215549093143271 0.00764100961793144 0.736837812906541 0.111711804506729
-0.0241052523226392 -0.00235139258334731 0.223802055891341 0.487475098179104
-0.0168914292793033 -0.0280448389755229 0.0609714006119918 0.0826748506232503
-0.0269088644867368 -0.0248819697316469 0.0751716705821605 -0.472209856245789
-0.0157817420469794 0.0165068288084429 -0.620081482609876 -0.538744794917732
0.0075763281875437 0.0124776822758903 -0.830511796549933 0.383982107921904
-0.00530649313685992 -0.0246666256013864 0.0486308989918672 0.739531489217718
-0.0301789294886006 -0.032609306211983 0.463082310985082 0.214056116984996
-0.0294404271506603 -0.00990023459467188 0.27863120744151 -0.185078597367186
-0.00317180988019494 -0.00986379257192764 -0.054603416193448 -0.245275801469927
0.000628741053415703 0.0107476392035599 0.0187380700306145 0.210908261909019
-0.0173853814959278 0.00349520450101193 -0.185245874460294 0.166529770203724
-0.0430632958993497 -0.0178088089508534 -0.408527053623344 -0.0784304697843468
-0.0310601591790083 -0.0316137165236054 -0.220729535498268 -0.519452765519531
-0.00929622855445536 -0.00160311664884408 0.514116011947018 -0.500881126408703
-0.0269799437159786 0.00541130247662504 0.718943568642867 0.211370184365283
-0.0289925555354661 -0.00928817042959556 0.174862216709913 0.507337936806374
-0.0171861259999761 -0.0341086214779262 0.0592046618425235 0.0678141617115396
-0.0329863221625538 -0.0267669622329467 0.0256437470387075 -0.478477580095173
-0.0171854610944507 0.0203311690785199 -0.686552201698181 -0.438369712579269
0.00692579280648824 0.00906795763521582 -0.751714980797648 0.497767674738376
-0.00818765467631992 -0.029620673190517 0.153651865018846 0.708661170736786
-0.0344103837418994 -0.0302486588684722 0.487434564299898 0.14389463235515
-0.0324547041689763 -0.00932795368670209 0.266397767366357 -0.217024975691571
-0.00301645980699523 -0.00993388248932126 -0.0602497427469182 -0.253730680531484
0.000697754133836733 0.00893279399564372 0.0163701095433963 0.201741836178107
-0.0173923554042856 0.00219056062618609 -0.188280435339463 0.13988736837404
-0.0389500953152183 -0.0203516791955265 -0.391744476430091 -0.137416372138585
-0.0231623996805497 -0.0357867813205441 -0.136044686989071 -0.556131661564334
-0.00842121252259899 -0.00307070009892795 0.59422368608001 -0.422590446297769
-0.030026806970467 0.000364641588346717 0.683492877887787 0.318027554433685
-0.0282323051441114 -0.014394845466098 0.122192290116463 0.524303278702874
-0.0169746024321124 -0.0365028771661913 0.0562177897471309 0.0532202285976465
-0.0364255756349478 -0.0238463148509436 -0.0277101969661033 -0.480624073596221
-0.0171153763547673 0.0209595870861875 -0.74300558165052 -0.327291005691721
0.00568385662762033 0.00641313946707336 -0.659556708850679 0.597405018955466
-0.00961009525325506 -0.0280932756213325 0.258052540841782 0.661717736571114
-0.0330413715338388 -0.024355441879364 0.501507279227209 0.0680635096156213
-0.0307304456826643 -0.00532214693973478 0.249907407666129 -0.248490922668957
-0.00195951994152197 -0.00815054506622935 -0.0680093999977166 -0.261647966948463
0.000944880059844201 0.00974544732569999 0.0157198993433401 0.193858179530861
-0.014414131515159 0.00362572824173161 -0.189241492086503 0.116204228742304
-0.0297762515608306 -0.0179775938515721 -0.371944223406863 -0.188440309561043
-0.013355092092589 -0.0349380251355016 -0.0536278598231688 -0.578516503437239
-0.00757572478535069 -0.00716783862483439 0.655239329244447 -0.341079282909879
-0.02816483078604 -0.00462706302838284 0.63517774154437 0.416914968836811
-0.0256096549609423 -0.0166784255712879 0.068801131039012 0.529951891306636
-0.0165271259058713 -0.0316081467011913 0.0543696919719807 0.0373113130791382
-0.0349333536227469 -0.0175090814225793 -0.0795892422541656 -0.478597538909941
-0.0124809592990822 0.0179124428388931 -0.775739524609138 -0.22421426258026
0.00718369455008122 0.00382658832896828 -0.564330552805945 0.672310453929163
-0.00535327667978338 -0.0242334523383447 0.344352421241327 0.604124740191784
-0.022377902830369 -0.0159611789298659 0.507044264311694 0.00419091684048231
-0.0221496203354897 -0.00324313315390877 0.23013027258163 -0.274971361159004
-0.00216477510612176 -0.00600841505992267 -0.0775925860053397 -0.268271624812854
0.00265092290341985 0.00970030238423144 0.0147696808796858 0.189036040597227
-0.00758122389239009 0.00377085797286129 -0.188316965243203 0.0976502067946349
-0.0183539883644834 -0.010862172776244 -0.354836460381688 -0.224062250081902
-0.00672448560893861 -0.0304059887807341 0.0121608033051884 -0.5894306607951
-0.00594067016804757 -0.00976814778585802 0.6959413166371 -0.272084390653801
-0.0202183315379762 -0.00691612829942282 0.588275665962302 0.483622185924384
-0.0207474931983661 -0.0102085310747044 0.0285111936396241 0.535362613330649
-0.0153701922620926 -0.023014087689002 0.0523053051011717 0.0247378586203915
-0.0284638911046039 -0.0111250289155248 -0.117772511984225 -0.474529640361534
-0.00666745398432236 0.0157809192114414 -0.793795114458176 -0.146686058842938
0.00810598985696007 0.0015556950361729 -0.48935170863259 0.717525422686151
0.0033597852705279 -0.0197736811606034 0.402243452314679 0.555165175053336
-0.00768383054069613 -0.00928477530372228 0.506245229655542 -0.0444487565552102
-0.0123953131324596 -0.00177239127170467 0.213760869396138 -0.291439749597418
-0.000851415433953273 -0.004410421936879 -0.0842577645762359 -0.273802904405993
0.00471328936878409 0.0110891670790184 0.0147310017284289 0.18671772167083
0.000703591717174142 0.00906664502330561 -0.189521632110598 0.0891953557480323
-0.00633826116686649 0.000517110198463116 -0.343694270489942 -0.239478540545192
0.000767128327555661 -0.0214410690380987 0.0478625200151962 -0.591335852548281
-0.00293841502297891 -0.0118880307743848 0.712553096265656 -0.235027899647682
-0.00993554521834031 -0.00864617403943235 0.559741851745221 0.51449859009137
-0.0151630247858662 0.000160001980222445 0.00856815921558887 0.531572446350086
-0.0141435551019946 -0.00912279370930457 0.0508078130981411 0.0169019766054305
-0.0183226491919429 -0.0051485818126893 -0.139113973943978 -0.471189604645253
0.000543722060185037 0.00865116789988044 -0.803538522816665 -0.106119694577086
0.0114382964887331 0.00107424663380798 -0.450617978715316 0.735633077732149
0.0144046043584333 -0.0141261137572281 0.427605755578255 0.528764272969118
0.00731894092759419 -0.00428925946696555 0.504243174287769 -0.0679881922119717
-0.00195762419010875 -0.000787592273662296 0.205879834339827 -0.298193526463205
-0.000938372726130792 -0.00283412589046251 -0.0887776955979504 -0.27525155707425
0.00802260452220002 0.0117398337382213 0.013979470556209 0.188775053218629
0.0112235668787006 0.0124461839006003 -0.190803523205131 0.0911836337982785
0.00447327232386841 0.011915714200134 -0.346299578575681 -0.23560722898379
0.00358774430032649 -0.0108369426999507 0.0420689740783901 -0.593305210466496
0.000194445028152423 -0.0147087105797321 0.710469282952962 -0.241306758483936
-0.000316244575657272 -0.00769204048586988 0.558748228618247 0.508105715189077
-0.00885731381868162 0.01375363428402 0.0107734470173231 0.527884708582508
-0.0132491174698848 0.00592736657539828 0.0496039162154297 0.0165819254218883
-0.00725625143221559 0.000461375897596754 -0.138817723960128 -0.473922007187739
0.0089713226609462 0.00182263669829722 -0.803689827785293 -0.112295851593
0.0149104728012735 0.000109547340683715 -0.454416394064599 0.728732010219411
0.0249491061136468 -0.00922950159633033 0.424303592441561 0.530265865335567
0.0238274358207538 -0.000395496043598563 0.504149209029046 -0.0631867090620896
0.0086500177786059 -0.000738727239068432 0.20716943123567 -0.295373784862567
0.000176539138597331 -0.00173128492011211 -0.0879474870550005 -0.272345388130042
0.0106671066298907 0.0134937872202172 0.0136415519735767 0.193859297022661
0.0212159751973225 0.01527171383846 -0.193798277330946 0.101979104072004
0.0156923329434016 0.0219278578829581 -0.361712602239959 -0.210801748710835
0.00566712078475345 -0.00249409073941201 0.00315544870811898 -0.592107150701101
0.00204726497859116 -0.0139190522071212 0.689446059022704 -0.292567441265903
0.0100810679321651 -0.0064460908885573 0.58869686620089 0.464195847135919
-0.00208439575097373 0.0254453180796157 0.0320153552217706 0.524368730444642
-0.0111687967862112 0.0196716343502999 0.0510250476169879 0.0210927209424278
0.00259785433127704 0.00718929139248554 -0.119649217790567 -0.48059220847459
0.0185956469703463 -0.00293142387343103 -0.801488277925919 -0.162934352533088
0.0168356299893866 0.000800564984051579 -0.505735377537081 0.703234993309329
0.0334395150694854 -0.00104050109313792 0.390724880550858 0.562335196708404
0.0374235657301902 0.00307250093670364 0.509510846531786 -0.0315007465647454
0.0193094286142496 -0.000474066731936013 0.217717256634256 -0.281745439992373
0.00106382344577299 0.00089831810477858 -0.081676509022609 -0.266633911667698
0.00284661796736463 0.0109064680070351 0.0255711356788193 0.21869923017396
-0.0119835018066203 0.00366701174355748 -0.172120890784292 0.189525291660206
-0.0404190654461266 -0.0123856469510574 -0.411325096410976 -0.0206541364316578
-0.0341208033750237 -0.0244170279988397 -0.290359666197763 -0.468132030757612
-0.00786665843976127 -0.000504593333339144 0.423811628605655 -0.551658479099764
-0.0213943441369313 0.00772272395987556 0.724966716438115 0.106837223271715
-0.0249199170565217 -0.00172471215836841 0.21900202169081 0.478463368072039
-0.0163038819132773 -0.0275666489199934 0.0610384899527147 0.0811277677879663
-0.0276428847179509 -0.0246344998329179 0.0732377922691015 -0.464781078320644
-0.0154683982801219 0.0161250131678031 -0.612332159972107 -0.530946319520069
0.00671559303127193 0.0119324587422219 -0.815366983522736 0.380706259502904
-0.00545303670024651 -0.0244936222407201 0.0498375034439913 0.728185072018932
-0.030492663219495 -0.0317289398597925 0.458204485358107 0.209282553819196
-0.0298294311236426 -0.010319571588736 0.274041354776967 -0.183558550425946
-0.00301446990394363 -0.00954262068039041 -0.0544022859404509 -0.242021081427536
0.00210714007442204 0.00980320003683125 0.0205573677924385 0.208281030567342
-0.0169233380418001 0.00313329167655409 -0.181048030216131 0.163450004879961
-0.0420948152745166 -0.0167534611864592 -0.404256431438974 -0.0773185609070581
-0.0306669844924909 -0.0301930722387231 -0.216621699056635 -0.513002776744341
-0.0078625923238987 -0.00165867169713981 0.506139039685848 -0.495337969644545
-0.0266268288518234 0.00568711108648762 0.707434354766597 0.207945495286559
-0.0282599990148452 -0.00985458065922897 0.173050653761399 0.498866864096574
-0.0171748477105541 -0.0342828956645647 0.0590212698671349 0.0683457564793704
-0.033126854179336 -0.0261638459180781 0.0245135550171 -0.470114277670346
-0.0178425950142997 0.018818742010797 -0.677277982559502 -0.433083372058263
0.00665372729764126 0.00917002328256681 -0.740384283380643 0.490173429629358
-0.00894874623055293 -0.0294395036628797 0.155452474611958 0.699152947359254
-0.033893876218616 -0.0302946675295714 0.479244649618506 0.139981049755918
-0.0322297895349278 -0.00781363596364855 0.26212920319444 -0.214337992314782
-0.00321892314452621 -0.00909767321871187 -0.0613040397885693 -0.250137644257999
0.000591873770318115 0.00875447795870089 0.0166762835073579 0.200308319892079
-0.0177200579141191 0.00288304585730581 -0.184919384977686 0.137458008723627
-0.0381782950022375 -0.0202540089422831 -0.386943228394155 -0.133773210503851
-0.0231762706581193 -0.0347578261179589 -0.135610212449854 -0.549282014152538
-0.00821972844779392 -0.00357172355763052 0.583271780288928 -0.418265930295558
-0.0298357696263631 0.000557462184367682 0.674087167527253 0.31228951968453
-0.0288964042620737 -0.0149207078638772 0.121345760023566 0.515345672402822
-0.0168237104870855 -0.0356799945157854 0.0565297009751409 0.0526463320984314
-0.0350768402159838 -0.0229415925700658 -0.0289568252382931 -0.473519709689362
-0.0170125840112549 0.0201319437138003 -0.730671376924163 -0.320071810895634
0.00640862044618816 0.00563842443864703 -0.647221441387772 0.590850501945151
-0.00894591188441259 -0.0280707655938122 0.257173322609816 0.651845933540439
-0.032304982168856 -0.0238061436884593 0.494306427842581 0.0675893197480345
-0.0290138945398088 -0.00498169374844685 0.24510308636931 -0.246147553159671
-0.0028308790551121 -0.00825760612462437 -0.0690028059251956 -0.258628162443664
0.00106029840194745 0.00974830427147359 0.0165268588758692 0.192258204345638
-0.0148715479017492 0.00291158244747594 -0.185168561720848 0.114869023127875
-0.0304672175463174 -0.0178291249369215 -0.367405832350783 -0.185113455791463
-0.0140810467918441 -0.033805972612044 -0.0540847999167425 -0.569616654613173
-0.00749418810511327 -0.00667786840854105 0.647373944620956 -0.33628183008692
-0.0275449515925784 -0.00404688208957656 0.627111466559146 0.405480854324993
-0.025480469710942 -0.0155449142671209 0.0686510372553244 0.524511024927653
-0.0172063651559104 -0.0318383326686919 0.0544865378811456 0.0371617807739686
-0.0348205704858005 -0.0179522736630042 -0.0771416144836567 -0.471839398716194
-0.0124780513822683 0.0181435561683187 -0.766215432605376 -0.220111627457453
0.00626815655128446 0.00453716223818748 -0.554502471427548 0.662857085085622
-0.00468233151616003 -0.0237822609154739 0.340023179825164 0.595115572368601
-0.0216936874346588 -0.0158679467870441 0.500559279486366 0.00206185264776768
-0.022333112652679 -0.00290199241075017 0.225411406458029 -0.272762932213091
-0.000790015324187937 -0.00620807144288178 -0.0768377264436874 -0.265743270373147
0.00148982635065555 0.00860815453836203 0.0150773341609702 0.187330040488049
-0.00860031072412839 0.00396483048287713 -0.185036991590479 0.0959874460077167
-0.0183143852902156 -0.0119145565293381 -0.349536074187334 -0.220058903561344
-0.0051078267204934 -0.0294457021097233 0.00985525723166618 -0.579412832598034
-0.0060693876152545 -0.00918075824721062 0.684870533792485 -0.268339403336014
-0.0204923842953643 -0.00795035717636652 0.579722631827612 0.476501774084351
-0.0203477796033209 -0.0098161800106043 0.029401939399753 0.524918796895941
-0.0157926783206566 -0.0223704042866117 0.0516934530617338 0.0248872010946506
-0.0280691805930663 -0.0113702127980212 -0.114068519951403 -0.467004700514832
-0.00586927364755222 0.014812322795106 -0.781982878197094 -0.143458849463301
0.00831813770315879 0.00120090415451019 -0.479755442380466 0.707122182063509
0.00320962190899898 -0.0194661306502068 0.397692029630911 0.546737861297964
-0.0088721525956538 -0.00887315745285528 0.497732187824032 -0.0455216531494987
-0.0131834572313699 -0.00116111999522455 0.210235171566985 -0.288023468809249
-0.00129221512987579 -0.00347647526987729 -0.084154300134673 -0.269802481186721
0.00459861099982283 0.0102831009613292 0.015645735143501 0.185759221814468
0.00132639054916921 0.00785668362209644 -0.18589220545784 0.0870176904096574
-0.00595119935548262 -0.000660235412979306 -0.338824039162847 -0.235439745224677
0.000316491805812286 -0.0215295509333818 0.0453428749936277 -0.583932088591329
-0.00389314699907945 -0.0114550549734054 0.702554759529206 -0.232723957940617
-0.0107107295424418 -0.00848984904215501 0.550516493542825 0.505410156005921
-0.0147760599340028 0.00129207539137403 0.00875664166608393 0.524153989998375
-0.0141099177998538 -0.00972935519154103 0.0504616600979745 0.0173724882482421
-0.0192604042496655 -0.00441071750715148 -0.135918203865123 -0.464892263241479
0.00147232031928932 0.00843475582414389 -0.790444072850017 -0.104072286051693
0.0114670544732797 0.0010494431111767 -0.441456197279174 0.726250512139609
0.0143039008739855 -0.0144115656974118 0.422765534685972 0.520448403474032
0.00783807493540028 -0.00460993909566643 0.496726521671182 -0.0678373032839739
-0.00223855354277995 -0.000502740540875568 0.202241176282762 -0.295197629291904
-4.93504651313012E-05 -0.00180387363322291 -0.0877520542112876 -0.271451087277969
0.00846367912812111 0.0115366858942909 0.0152674281609512 0.186863430728269
0.0113039239248247 0.0119782510542359 -0.186988126129855 0.089462501710395
0.00533384891173944 0.0109839251479153 -0.342719047576437 -0.230579475331615
0.00415998383733107 -0.0110532850077263 0.0410648621687342 -0.58308807247545
-0.000826674101209541 -0.0135662719518336 0.699559125967258 -0.240940311929677
0.000180922029119089 -0.00767955577540918 0.549469213827988 0.499631033947247
-0.0093271637909178 0.0129615153923477 0.0106288779291523 0.521498052917177
-0.0126081772655212 0.00633020222321231 0.0498610673815654 0.0157159875533289
-0.00834849901454912 0.000810159776748828 -0.135400139775658 -0.465469747177268
0.0094146868651352 0.0012784936341605 -0.793101644537912 -0.109481679894192
0.0142521014673871 0.00020893203170128 -0.445342405629031 0.72014334537126
0.0251017188164294 -0.00764375745929875 0.42127595089189 0.521261151022629
0.0233321084705534 -0.00121894222319137 0.496994579003878 -0.064304866313583
0.00864630966105483 -0.000833415129239028 0.203349939446417 -0.291219215206672
-0.000252669853022109 -0.00050884926975831 -0.0868125893209595 -0.26864403284723
0.00958160184966621 0.0127416166459884 0.0163208389836716 0.191131270891993
0.0202431531901164 0.0160311247703408 -0.188533568860144 0.100407799596987
0.0154273278793377 0.021489630833598 -0.357972418242297 -0.20640842267696
0.00582018113603903 -0.00179635305027875 0.000681807042875991 -0.583754589929814
0.00177131787636051 -0.0148619741710856 0.675489299956203 -0.288417370796021
0.0108651994113785 -0.00595346685513385 0.579111425083844 0.454548131682302
-0.00230017850976757 0.0258642168227933 0.0328302896690536 0.516339296456816
-0.0107678163979975 0.0193585796619959 0.0505937766293892 0.0206859597854893
0.00266352289582315 0.00738274361751293 -0.115784123198079 -0.470248353209061
0.017877228185019 -0.00352846805545933 -0.788419749224441 -0.159048725750489
0.0168569736657642 0.000560152064913192 -0.495878300899137 0.693502447079518
0.0343419361320209 -0.00102627078124573 0.387239979502708 0.551718937214706
0.0379444225440464 0.00308425066975092 0.499933913084502 -0.0337483591571857
0.0188404793351507 -0.000719608212384241 0.21434974531855 -0.277641788486733
0.000242404735646065 0.000885390742785905 -0.0812243928954119 -0.262726121758701
0.00286150430070794 0.0105042468864796 0.0255693517039575 0.217508072725226
-0.0118443245136882 0.00298381224176195 -0.170046969131517 0.186102621496717
-0.0392965596431563 -0.0116794750510848 -0.405851114898887 -0.019901037328755
-0.0341191897550568 -0.0229983284108626 -0.287442960874716 -0.46189739853827
-0.00742817568986353 -0.000260380460499052 0.416601133858866 -0.545529260484467
-0.0206410566969224 0.00663848230418588 0.715005951564063 0.105163047606137
-0.0245656718066829 -0.00177917123119539 0.216922334642903 0.471530483623081
-0.0165445458195229 -0.0272361924572378 0.0607393345975448 0.0800311668234097
-0.0272520076379883 -0.0245476144989229 0.0737115612753388 -0.459437579248605
-0.0156287301110832 0.0154542843617222 -0.603497311462765 -0.522726327383556
0.00740712720351338 0.0122148891180767 -0.805666480600972 0.375795859482745
-0.00555214821738622 -0.023894334930968 0.0487728028109306 0.720819597209088
-0.0306877310118953 -0.0329701969406121 0.453601077213974 0.206206893376018
-0.0295706082143891 -0.0091805501953116 0.270380038528688 -0.182901833995978
-0.00266435809627308 -0.00948717132085714 -0.054171822617943 -0.239031405859249
0.00118042925011003 0.0101923576225578 0.0209868645468808 0.207219634151812
-0.0170268443800774 0.00221815870705688 -0.176636379853182 0.161997419893964
-0.0418855033195103 -0.0176610367209406 -0.398462020491868 -0.0770885111525486
-0.0299842977623592 -0.0307338989188316 -0.215630506232118 -0.505837524613541
-0.00818170313032839 -0.00165267767323496 0.497031109741199 -0.486764426270435
-0.0265687125892329 0.00527031180421588 0.699656091783737 0.202603926482788
-0.0279701250518203 -0.00882996250278836 0.170293423567711 0.491416713253997
-0.0171982299256591 -0.0335494197224165 0.0586492942923293 0.0669207638074548
-0.0333192587903717 -0.0266972387594597 0.025196603506082 -0.465100572683117
-0.0175814003405444 0.018338607145331 -0.666254516175224 -0.425923802397818
0.00720871092415221 0.00867917178686731 -0.731541989781731 0.48472322142829
-0.00904825679314701 -0.0288749177865596 0.152239516737464 0.691567106247483
-0.0336970819584487 -0.0289640132856415 0.474561070712956 0.138646226440369
-0.0308904165197695 -0.00738813455315622 0.257548892057368 -0.212845265311349
-0.00237260445663448 -0.00957616112464325 -0.060246089109222 -0.246518645257997
0.000394800814312082 0.00892878327692111 0.0191377169401491 0.197198302577965
-0.0178483820182389 0.00201355514940876 -0.181043051047231 0.136373765179187
-0.0378714354454741 -0.0195641765246695 -0.382911268470898 -0.133552914877418
-0.022700323105866 -0.0345169274545167 -0.134517355525531 -0.539495125314103
-0.00826791020925294 -0.00333313462915596 0.576984602441745 -0.41405312806727
-0.0295373074248694 0.000654191325663528 0.66465494607285 0.307922382574864
-0.0287747958052322 -0.0145051461459801 0.115392797197677 0.508318673627455
-0.0175677686173697 -0.0351735365819835 0.0562455772362454 0.0508266373659446
-0.0355127668984038 -0.0228986160356773 -0.0270377828349856 -0.467302074811624
-0.0168256576703462 0.0189238059001144 -0.720817211227763 -0.318415885435414
0.00544556508185041 0.00670259653145989 -0.638798580058785 0.581263245611506
-0.00934611819747309 -0.0274333178771812 0.253415677688279 0.644576076423441
-0.0320295473276824 -0.0237491932562907 0.48685904266109 0.0671486455271959
-0.0282380537523233 -0.00480232695125335 0.240406042608926 -0.243493102834777
-0.00199841839486635 -0.00766152733563162 -0.0685944239263672 -0.255508319388212
0.00214217254690547 0.00854992870650494 0.0170656061961418 0.190219950273709
-0.0145083140494406 0.00226984879955916 -0.182418938967614 0.112108460855843
-0.0301042358829687 -0.0184652258517454 -0.363112422598451 -0.182403731335729
-0.0133406996008149 -0.0332875002497171 -0.0538574007566334 -0.5625052490656
-0.00770383568375041 -0.00641223922079901 0.635676495069961 -0.331809262577542
-0.0272189394990818 -0.00415329116274079 0.618514591909502 0.400944840006921
-0.0254444171100285 -0.0159225069140301 0.0673612145173488 0.516483128051819
-0.0157840992758616 -0.0308655287685794 0.054744910566383 0.037001098765234
-0.0336962835055997 -0.0185989902142949 -0.0766223210697632 -0.46480747288004
-0.0126587434587919 0.0176197494525447 -0.755651652944771 -0.218117129572636
0.00694766883172202 0.00394318285999624 -0.546063919925871 0.655956379774222
-0.00539485588359621 -0.0246221124881978 0.335638423650452 0.587740704717298
-0.0214753804771095 -0.0164370900381104 0.493258376086397 0.00182216604447028
-0.0221026929078615 -0.00228208402894338 0.222823943156992 -0.268899642250531
-0.000524789110781528 -0.00691826282676288 -0.0773352766985773 -0.262032372997243
0.00319000053907758 0.00901291511443524 0.0169827261233068 0.185719210821181
-0.00859499036581598 0.00343972722401879 -0.181507936407794 0.0950667544889791
-0.0174505497653121 -0.0113745542462368 -0.345446132286847 -0.21707278434638
-0.00521832919183648 -0.0284077384885375 0.00974551694166859 -0.570967871247278
-0.00604920394748421 -0.00894341962225916 0.675813206068966 -0.266890355879478
-0.0204419001917818 -0.00696008286282027 0.571161294219071 0.46749474495793
-0.0205970899141412 -0.00983485361900134 0.0260594185859422 0.520924183996251
-0.015565252962135 -0.0225556484002202 0.0517354009297201 0.0247192108798562
-0.027686908334672 -0.0116877745327154 -0.112389445312169 -0.460916672459862
-0.00587954455837976 0.0135160992705199 -0.771927368379253 -0.142040816343928
0.00824045702405744 0.00160388320067574 -0.475382880903258 0.697251564817379
0.002744275176291 -0.0188886584024998 0.393024756120891 0.539667864009683
-0.00887123196821827 -0.00888906295789136 0.490419022365619 -0.0451933706775196
-0.0119030296105948 -0.000784512200697296 0.207792200481561 -0.284429153665734
-0.000607401859107275 -0.00405778350635487 -0.0829844091286346 -0.267753364253162
0.00588042943740604 0.00948674749026685 0.0173795667855557 0.183611545614427
0.000908845738465372 0.00803789388037903 -0.183205152684714 0.0864311556337215
-0.00695214927572128 -0.000943056800216486 -0.336263350817626 -0.231904787761635
0.000274274296217866 -0.0205877143027445 0.0440162596499162 -0.573690830904906
-0.00402912363051495 -0.0118367603240325 0.692907474681859 -0.22937400349903
-0.0106092424548743 -0.00840788360277768 0.54240298666557 0.500560204739179
-0.0155924307755314 -0.000678930864768609 0.00605822027176616 0.516701025280042
-0.0149121032868537 -0.00884306457608245 0.050171852893679 0.0176642589122835
-0.018835449330504 -0.00511274269530263 -0.132958156231798 -0.458256572425963
0.00103152673471492 0.00808075306878247 -0.780291512933767 -0.102330031867027
0.0115474599778443 0.0013653273077894 -0.435812366298392 0.717955230192665
0.0141790762918038 -0.0149757340263342 0.417946274098026 0.513256316348534
0.00734274903798048 -0.00377121028651066 0.489039419664448 -0.0663335114072787
-0.00260825680531166 -0.00152384777805556 0.199078345470863 -0.292101557168
-0.00160790880299818 -0.00264341083958087 -0.0871646583905771 -0.268728081035688
0.0084228785534133 0.0118295081329082 0.0162921295384053 0.185609045220091
0.0103863848696699 0.0121123770951125 -0.184306868735263 0.0875991098297036
0.00527952342325013 0.0113766513072292 -0.338117453245697 -0.229078001996331
0.00341308012071515 -0.0106278626819247 0.0402571574969505 -0.576424210174348
-0.000636337519890342 -0.0135563706102875 0.689556341807833 -0.236032974664502
-0.00024727035224701 -0.00699723118713326 0.541421057402599 0.492494272176073
-0.00979439296626707 0.0125185441735322 0.00678949635277954 0.514368304350918
-0.0127798470282489 0.00586785109786229 0.0494093339551902 0.0151148565915535
-0.00731516402399632 0.000537137498796443 -0.133167495237012 -0.459363182452865
0.00849505896267952 0.00242766477826316 -0.781767303346798 -0.10817631159724
0.0142372037397828 0.000695239430128879 -0.441514499783486 0.710096069079059
0.0241706681864651 -0.0092772445813574 0.415730637936363 0.516461515366218
0.0230046906614495 -0.000199470597928689 0.49065313146324 -0.0632819906910601
0.00823068523448198 -0.000542237397269706 0.199950682048742 -0.289845058528448
-0.000868063762378627 -0.000230194248350312 -0.0864087602669778 -0.265365403264002
0.0102218273740107 0.0130119292368133 0.0161348816428994 0.190583225163888
0.0202573132163616 0.0141260428090113 -0.186514429175782 0.0986422965662694
0.0162890508489455 0.0206321001894905 -0.35356101606535 -0.204836228375232
0.00598099959801518 -0.000617465470280429 0.000933232050640509 -0.575821029791526
0.00246498493000002 -0.0138809254112707 0.66645082455827 -0.286556352391538
0.010938632268117 -0.00622077601456029 0.570519988744156 0.448393781458427
-0.00241651639870637 0.0252965913638262 0.031326143579967 0.508404206943721
-0.010493518329306 0.0200086607948332 0.0499642645972408 0.0199577270274521
0.00326070085152565 0.0072337954298857 -0.114649641104597 -0.465386008327204
0.0166781640293019 -0.0030824739330212 -0.777694319212237 -0.157251309343599
0.0160486041167503 0.00113974814988934 -0.489155443012758 0.683200093512065
0.0338621821330831 -0.00170048367285859 0.381772119724964 0.544952506386752
0.0367373705960249 0.00327249585215857 0.494398844818154 -0.0315577309254367
0.0189767696151964 -0.000665036045037425 0.210504409141607 -0.275403693897045
0.00127050199851287 0.000845500243067312 -0.0809726628857699 -0.260444764119436
0.00328388355952862 0.0107012114559405 0.0254775907763803 0.214814759402651
-0.0128634902079621 0.00294840498412536 -0.166547735020291 0.183811349581199
-0.0381208344513797 -0.0129342104999055 -0.401939889012145 -0.0204879951720875
-0.0337731626500724 -0.0229394450398725 -0.280808197135085 -0.45546667155089
-0.0081789845621869 -0.000593504470413617 0.412685509082998 -0.536656653078512
-0.0210880762515204 0.00742683002308954 0.7077087175295 0.104255487123311
-0.0244389091986341 -0.00177596441861376 0.211867547558845 0.466497858563613
-0.0162156893247685 -0.0268869222917277 0.0599445607187162 0.0792814722296911
-0.0270175664354556 -0.0243445104648979 0.0744219005534975 -0.451423798933273
-0.0152484498230805 0.0153556432600379 -0.594332409412093 -0.520851440497808
0.00727303619403141 0.0117900247713081 -0.793786466121685 0.368795028105909
-0.00466667549462797 -0.0247115115699384 0.0466207702482826 0.711565631847508
-0.0300074281985301 -0.0313410247880554 0.44571607949936 0.205636306528992
-0.0287196529355784 -0.00936415313955749 0.267493168852947 -0.179277597288385
-0.0028185918190702 -0.00886259154853028 -0.0540103528867977 -0.237394345599916
0.00144508734597699 0.00971783609999824 0.0221187234019396 0.20506415058257
-0.0168986671200788 0.00204776575484871 -0.175768688561334 0.159640499811627
-0.0408460217007919 -0.0172485176731548 -0.393548113251803 -0.0760249917698561
-0.0291960715566544 -0.0294014166008075 -0.211973522721606 -0.499369496802716
-0.00803104838918143 -0.00187598354819818 0.49285918659781 -0.480151528671606
-0.0266567265582814 0.0054529044252681 0.689467202018867 0.202237143298315
-0.0285035105361668 -0.00995190971934429 0.165053796170663 0.48619087878425
-0.0162316376661542 -0.0342568343516809 0.0567197536752345 0.0660888260157527
-0.0325928523719968 -0.0264264744395523 0.0268166689617144 -0.458819810190991
-0.0176142145779932 0.0178413327230149 -0.657114492843009 -0.423175339018183
0.00709874409661818 0.00838618748789414 -0.724183878356899 0.478074380583138
-0.00861129367769796 -0.0277128014071435 0.149222695876888 0.683511085184376
-0.0338459015734477 -0.0296131835819236 0.468520081771806 0.138373541722054
-0.0311959913168889 -0.00725773842859304 0.254423286129865 -0.209843945609137
-0.00429957415705045 -0.00920271232888205 -0.0584424676509684 -0.244754630407345
0.000307172247462955 0.00941633106607297 0.0186184273899173 0.195370931637159
-0.0181379058630027 0.000867040467292071 -0.179078737853306 0.133109136483365
-0.037994909910879 -0.0195120820840557 -0.378860028528753 -0.131371856831874
-0.0218032978150117 -0.0335911136362518 -0.13185268376028 -0.534008997415944
-0.00808396364038995 -0.00391521642140752 0.569280525730121 -0.406587048807887
-0.0292999919289126 0.00074209434800802 0.655527633298579 0.307190610230706
-0.0287757098148245 -0.0147654811372482 0.113363560848667 0.502331710792256
-0.0163685365231302 -0.0352155182675504 0.0564213446100737 0.0505068404635003
-0.0358317998541857 -0.0225910758703921 -0.0234100914443251 -0.461424712615301
-0.0167712031677148 0.0186621929221578 -0.71083974496278 -0.317806326163522
0.00580947047374032 0.0058150407637139 -0.631689607524027 0.575207617099938
-0.00814739294869437 -0.02738078919762 0.249545298895514 0.637357586445222
-0.031511886409039 -0.0236087184655838 0.482884609838664 0.0682976116261586
-0.0290262520658756 -0.00448699926772195 0.238273404705354 -0.24203022494821
-0.00142788226816714 -0.00849888083255497 -0.0673797720184975 -0.252331273743981
0.00181415888471537 0.00810406166732021 0.016744649461062 0.189464653719104
-0.0137540383293026 0.00120959630202559 -0.178823549460168 0.110807203021683
-0.029889164786803 -0.0170283959904492 -0.359350378549859 -0.180869319471795
-0.0138773163421137 -0.0333374058039185 -0.0526096679363958 -0.556076370985948
-0.00815455093799552 -0.006350311919461 0.630247429515876 -0.326982174522874
-0.0271485330967497 -0.00420260433321998 0.608569717231549 0.39770151652802
-0.025463781098742 -0.0149775164340217 0.0628271771074742 0.510112335077647
-0.0159874949031345 -0.0309399009894736 0.0521775806081149 0.0359503080995079
-0.033774249402894 -0.0175584696442723 -0.0724177086108482 -0.45986768686019
-0.0119682442406287 0.0171209816742585 -0.746061049256975 -0.217503399046732
0.00596808768927988 0.00394852180724127 -0.541883917689172 0.647204440939995
-0.00544613090131807 -0.0237455900468052 0.331311767066702 0.58119025009835
-0.0230960924878786 -0.0153306018198727 0.487679389732367 0.0026622689476854
-0.0219485641054866 -0.0023302606940081 0.219455762812 -0.264666024385186
-0.00087788707741708 -0.006404167350915 -0.0765605158145275 -0.259544683120916
0.00352521116805188 0.0086582319853603 0.0171283355567478 0.18402088772097
-0.0088841641077979 0.00404120018648266 -0.179881424621229 0.0938943718615536
-0.0178371210884604 -0.0110442160584971 -0.341396103490411 -0.215444897687697
-0.00488694316693784 -0.0283462100829032 0.0119226327874328 -0.564603659437976
-0.00560703931280066 -0.00874324559842325 0.668611776982357 -0.258646971847216
-0.0197621533277836 -0.00707159495256737 0.561112324663436 0.46303068284194
-0.0217482196591703 -0.0097400957511369 0.0261702745369131 0.512227400194677
-0.0148071733401505 -0.0216721376018469 0.052084106483649 0.0239039286327867
-0.0277430927084885 -0.0117086964614401 -0.108288855048999 -0.456366857874534
-0.00665905666502844 0.0129434645038173 -0.762950551150822 -0.141604671339288
0.00849178487255556 0.00179484442286414 -0.46870007010622 0.689528914823939
0.00291743052683039 -0.0192845527565733 0.386915396082189 0.535256062966279
-0.00855362866164568 -0.00953894795924385 0.485199606495484 -0.0444676521811325
-0.0129430975774212 -0.00145128600670144 0.205587027235003 -0.28109156361004
-0.00186406191649543 -0.00483067795305832 -0.0819486928652649 -0.264587441065186
0.00549506401981363 0.0092511807359272 0.0171605774648772 0.181876924835045
-0.000379329142977693 0.00831033483093629 -0.179644556750888 0.0841744065763072
-0.00645788910739716 -0.000158936861185588 -0.332009577632215 -0.229955093025155
-0.000600869512949545 -0.0200714640937427 0.0433127603328133 -0.568291683008596
-0.0042957886318374 -0.0108116524162264 0.68558239866734 -0.22620767658571
-0.00992047928638454 -0.00816329714432615 0.533859933017019 0.495840238364611
-0.0151266585356959 0.00194850425594135 0.00469551475584332 0.5097747081017
-0.0146631785801684 -0.010344154107439 0.0492773533253124 0.016770524229115
-0.0183226287722902 -0.0047330219344214 -0.130006705572946 -0.45298436547024
0.000294184752448254 0.00743018746425788 -0.770558856521259 -0.103042982056777
0.0103075152754604 6.18259913868018E-05 -0.430532834375679 0.706161898505945
0.0130613406964743 -0.0133266803259406 0.410533832080256 0.509702849710172
0.00785619029930141 -0.00366628446136286 0.483533661488631 -0.066979624708696
-0.00235949332933514 0.000233478671436198 0.197756183628888 -0.287895579765438
0.000521030014810616 -0.0028702909058686 -0.0856742406291435 -0.264934846821309
0.00909178872814123 0.011277219711139 0.0175201692911167 0.183532838698665
0.0107550977112161 0.0127439241643621 -0.182347635171569 0.0857682320772919
0.00470523378637215 0.0100591128900269 -0.333383508239272 -0.225212355300026
0.00283714648360475 -0.0105731212258303 0.0393329624978831 -0.568522030304109
-0.000274346472639018 -0.0133254812593755 0.681699086918136 -0.234137547070473
0.000623018433545553 -0.00728906506284046 0.532827762592221 0.488520389524675
-0.0100828533291645 0.0131818219321642 0.00700984022348678 0.506348444710158
-0.012675982703984 0.00523877584791112 0.0502897951880183 0.015256616022729
-0.00707427105057801 0.000191691467281819 -0.12819426300771 -0.455750782038187
0.00812273809382874 0.00162412473515832 -0.772039669722477 -0.109793698902218
0.0141584023572156 0.000406486973964209 -0.43617198056996 0.700743511527958
0.0237112244666525 -0.00754886723698518 0.408950237732475 0.509103285658519
0.0231877663742082 -0.00100434993006857 0.485646025146017 -0.0631047218589369
0.00951142682193556 -0.00105171049392413 0.198581520739117 -0.284674572930154
0.000155416268178058 9.15897228694219E-05 -0.0844418853938828 -0.263319055229736
0.0104288343832092 0.0122572885312658 0.0169941928718494 0.188974576950948
0.0185720179219587 0.0148264910318678 -0.184799937209883 0.0974077486858669
0.0152973377211894 0.0216404436136589 -0.349978416121018 -0.200723806881325
0.00552041163677954 -0.00190953004480924 0.00114733828921365 -0.568418926019976
0.000920358818404337 -0.0140641396004866 0.659947462750899 -0.278930601364556
0.0100107860460536 -0.0059262024315191 0.562697458032788 0.447211988032755
-0.00369007583678877 0.0251182475666942 0.0295232357192546 0.502599973210102
-0.0104480517115103 0.0196621397642262 0.0497927571461741 0.0199444528098355
0.0024418417181519 0.00726159479836001 -0.110508510617598 -0.462538485001839
0.0162960693294184 -0.00334415307337061 -0.767049129418924 -0.15694858294096
0.016787637690647 0.000203646952972614 -0.485128779139334 0.676313309288013
0.0320391044786237 -0.000452840936188786 0.376261991705547 0.539451176787404
0.0358132478485628 0.00281267190645497 0.487807940059628 -0.0308159350073413
0.0186825001328962 -0.000310960997017551 0.208494871058055 -0.272688248766614
0.000682751752334275 0.0015739327292072 -0.0801460451658904 -0.258822270101192
0.00305498159040616 0.0102410690229173 0.0263467457334051 0.213021796468471
-0.0127614841795942 0.00229006468152095 -0.164986199313981 0.181124174148273
-0.0381568835901965 -0.0126597649413308 -0.397868134902566 -0.0223603104394635
-0.0345100565475895 -0.0226663768052004 -0.278430188324296 -0.452047718999317
-0.0072453460157771 -0.000752833802860343 0.409155864784041 -0.530092075106033
-0.0212630142481063 0.00790088676940593 0.698353437374914 0.106094377778236
-0.0241963925029768 -0.00240446020401695 0.207978163538348 0.461713219209071
-0.0160503658650709 -0.0269091920445044 0.0594595472459 0.0780268060979707
-0.0266043482608249 -0.0248980872497695 0.0772148595512444 -0.447525873721851
-0.0161298743588672 0.0142246501037061 -0.586888535956918 -0.516020556259143
0.00654849777163407 0.0127221349984209 -0.787470685911816 0.361706947009342
-0.00411172602997034 -0.0237952172717776 0.0444629506242575 0.705285500996865
-0.0299215541048423 -0.0312206889216493 0.441002335985185 0.203613552625948
-0.0279373587442808 -0.00876559422465563 0.266224402899143 -0.178523658235809
-0.00327523194230457 -0.0085446090212924 -0.0520184494684245 -0.235365346257878
0.00190245894910457 0.00939494438064967 0.0225880597640181 0.204586057006641
-0.0167495299379778 0.00162819752455314 -0.172417724804257 0.157417248464088
-0.0405014290386219 -0.0174278406962953 -0.389712401455708 -0.0761465140359642
-0.028924195442717 -0.0298495725469389 -0.207543495125801 -0.495460818844952
-0.00787423865492363 -0.00142386484063942 0.490253201993035 -0.472925884213868
-0.0261674604759983 0.00563139069899864 0.679916573209264 0.202402549520241
-0.0281211925890375 -0.00959822567457727 0.159918855772647 0.480401318703664
-0.0156138266074582 -0.0325714831926866 0.0573718401711183 0.0650698390879493
-0.0326082660734449 -0.0254742583649474 0.0308966263140773 -0.452883486573845
-0.0191887654839575 0.0164082710185073 -0.64844257010404 -0.420857563334062
0.00652962144183824 0.00897707068724853 -0.714957245405577 0.468364182028706
-0.00764225994655526 -0.0266870429128979 0.144911985270528 0.67511474197071
-0.0329626702869326 -0.0300606723178327 0.461326646328721 0.13979832662716
-0.0301186131519209 -0.00799143991089987 0.253586889428406 -0.208618630367215
-0.00258502820734866 -0.00936564749486815 -0.0587580414515394 -0.243183572936156
0.00174159066932743 0.00793921707863838 0.0189984901059338 0.194687264068026
-0.0177785204772911 0.00148327211624143 -0.175808652212407 0.130976241890506
-0.0374206400493369 -0.0197077044836046 -0.375678266566667 -0.132833480430941
-0.0217297902986102 -0.0328386375589747 -0.128808411901006 -0.529609998532637
-0.00891877176210983 -0.00392735894093494 0.564382748232666 -0.400378434647681
-0.0287095341576646 0.00045061604870797 0.646502954905512 0.305095306548856
-0.0285834802776902 -0.0147747752570757 0.109324620363964 0.496657525696314
-0.016752085552166 -0.0349423319513138 0.0543154442864902 0.050953341206423
-0.034746745262556 -0.0232769334852351 -0.0203807909813234 -0.454967198092839
-0.0167537032505615 0.0183914842566689 -0.701131715133852 -0.316926461619308
0.00583382459683137 0.00624784445070857 -0.627874886599722 0.56582621902053
-0.00894874609923411 -0.026321967903013 0.244999058072968 0.629836303739434
-0.0303532272457857 -0.0231018864196205 0.475932258691096 0.068890222582092
-0.028841425178338 -0.00474481134060876 0.238092382821888 -0.237730892242821
-0.00174277307559354 -0.00786396307721803 -0.067057862571752 -0.251203775720235
0.00168383315471263 0.00797889025746435 0.018187835052006 0.187742575403957
-0.0156538607321081 0.00158895492852982 -0.177123008486639 0.108751026592439
-0.0292780923901463 -0.0179380030838664 -0.35422523316331 -0.181538749940376
-0.0128407231168465 -0.0324634739766109 -0.0497961889718517 -0.54953479946573
-0.00741824733876095 -0.00621963042968387 0.623957174635891 -0.320797037741763
-0.0268160128007066 -0.0038068223747768 0.598948364019016 0.39518063614371
-0.0259921209124594 -0.0141821445000803 0.0590698693348378 0.504181049293655
-0.0154737029485665 -0.0313094027186097 0.0526440350699083 0.0359592076437728
-0.0331617938480991 -0.0187199029090634 -0.0687921555062216 -0.453201346512683
-0.0134729989862652 0.0173067749013202 -0.734689764723493 -0.219412116416934
0.00667954573011622 0.00322078203353902 -0.538345517645187 0.638662351022293
-0.00529655501453005 -0.023219642886019 0.324921153527506 0.576704937618953
-0.0213724337692889 -0.0163852233031162 0.482089720247282 0.00424326254572807
-0.0213504882915777 -0.00199572800647324 0.218897002126663 -0.261735549348028
-0.000605624715053486 -0.00561528680627602 -0.0730250355773703 -0.256728547089079
0.00359668434047485 0.00790665237892566 0.0173977425827107 0.183218419790633
-0.00879758272623919 0.00457205564371597 -0.177505854397933 0.090756027718714
-0.0185980181589823 -0.0104860201172347 -0.33777304120782 -0.214213024919717
-0.00539538618725003 -0.0281758293989839 0.0118796171781878 -0.558910445203477
-0.00588885112983209 -0.00857150923631142 0.662200496653512 -0.254809436626366
-0.0202796902540827 -0.00690645603638154 0.553149971709592 0.463831588545197
-0.0202541037389181 -0.00933972701833898 0.0218759635707336 0.503265576508983
-0.0145164242403614 -0.0215057909556301 0.0510035251055924 0.0245592686463568
-0.0279525388990106 -0.0120972320012138 -0.10628965364247 -0.451063037129817
-0.00696261080138427 0.0133690380336471 -0.754015228647774 -0.143486455794237
0.00832703554613778 0.00216945984046677 -0.465052715454342 0.680518541386143
0.00348863578845431 -0.0180028037845947 0.38101744273245 0.528220742755847
-0.0087268610691256 -0.00895698919692331 0.48167892920508 -0.0424731362053568
-0.0121485934441954 -0.00126317059504225 0.205254011046362 -0.279687613814288
-0.000560315424237521 -0.00449127794739584 -0.081129096320125 -0.261844608682778
0.00571601498836653 0.00996051611242105 0.0167803084839731 0.180334268520119
0.000128688816002685 0.00764870527750568 -0.178149116306142 0.0820528745390063
-0.00665102192764478 -0.000398792311816809 -0.329225688267109 -0.229260230831716
-3.51339059121861E-05 -0.019933236062649 0.0448727819401521 -0.56025997872551
-0.00364372669992296 -0.0112381130226199 0.677983140510192 -0.218306985786801
-0.00995524194156791 -0.00827457778194133 0.525059837120553 0.492902209702113
-0.0151039887000254 0.00062557238176858 0.000775709423594913 0.505032075289427
-0.0140792918653299 -0.00848346214362476 0.0497794608345585 0.0173119375017973
-0.0187329160019596 -0.00545125135050473 -0.123845838177165 -0.448715447502218
-0.000463744608724588 0.00758633014374703 -0.760321507195445 -0.105980311533105
0.0107246587836616 0.000764698071379832 -0.429000405939815 0.696510902903539
0.0140832768698666 -0.0135927450582748 0.405378232188387 0.505130794026891
0.00751393299534068 -0.00502861559111774 0.478474600951328 -0.0636075032775102
-0.00191769371584541 -0.000201571649316936 0.19558202322746 -0.284839939039149
-6.36545314207809E-05 -0.00161736840369669 -0.084586572488821 -0.263404207032332
0.00798507385811456 0.0107614319177243 0.0167153125517996 0.183263794626523
0.00963095400978849 0.0125773274075516 -0.180071252463471 0.0827982876294937
0.00443480724742523 0.0105339138944804 -0.331160590109643 -0.224372227004825
0.00348016177213498 -0.0103276850225554 0.0414572891435629 -0.562231686439792
-0.000935263809298509 -0.0130023657141539 0.674641435603925 -0.226958229338173
4.33389007296614E-05 -0.00680970682513747 0.525140978809452 0.48591344779534
-0.0101753332380875 0.0135009073390736 0.00147660266159117 0.49904456437392
-0.0129063235597177 0.00532468724847703 0.0490863643090222 0.0146264230581179
-0.00755762961765837 0.000629982645971725 -0.12431805650899 -0.449637980084488
0.00803311234118373 0.00104339652004574 -0.762234466279955 -0.112539464320809
0.0154345647886595 -0.000708660679095087 -0.434574954104211 0.691057436234148
0.0244767869362842 -0.00797973103976664 0.402334607847695 0.507544753282962
0.0225580298837509 -0.000438535479556999 0.479576514308705 -0.0602610462183133
0.00786045644483995 2.66069347084515E-05 0.197927102716157 -0.281498811466228
-0.000165004869512754 -0.00113765448772767 -0.083517889543373 -0.261325833952679
0.0104215837314962 0.0120919327254636 0.0167372582539697 0.187110610348366
0.0178988147547293 0.0139821837815966 -0.182664746400963 0.0958778520651961
0.0147893892336133 0.0200782186951238 -0.345438747356956 -0.200891366784424
0.00519253503887041 -0.00104121659089695 0.00348944339868297 -0.561944354994378
0.00105656759626076 -0.0141825071566206 0.652397405863833 -0.274940774053312
0.0103138871211563 -0.00635260049094518 0.55433239304251 0.44402466340242
-0.00362677529564452 0.0253647082245728 0.0238744849638439 0.496705405314364
-0.0108918589909959 0.0192313036430152 0.0496563226355934 0.0194581713487611
0.00227936330611529 0.00658199161450873 -0.106331775320319 -0.456316077870376
0.0157260206584751 -0.00453391581505984 -0.758642226860489 -0.16065107719134
0.0160552801407569 0.000617155416124351 -0.48150530245858 0.666251881208186
0.0327053687850531 -0.00183058864494276 0.368778673766219 0.53526837443356
0.0353846870262365 0.00352720776838385 0.483439601482948 -0.0305703599850654
0.0194973476297897 -0.000305990364863746 0.2071761171411 -0.26876908218846
0.000271916989140144 0.000399307710937602 -0.0775064355278897 -0.256040957122442
0.00376365887363681 0.0102487618223591 0.0259882422711381 0.212509220552081
-0.0129767327333628 0.00139646183190071 -0.164664932990401 0.178627937134664
-0.0376039339421277 -0.0124627405947912 -0.394742161796586 -0.0238426804704342
-0.0330478387625912 -0.0222728403655586 -0.27233520692482 -0.448914289571871
-0.00717383412182376 -0.00100332308526337 0.408660364100285 -0.522483554838062
-0.0207848543449545 0.00752713689385798 0.690773892369031 0.108708559457358
-0.0244975784613243 -0.00205531817324952 0.20274694052476 0.459332520443314
-0.0154630526430112 -0.0268244774785272 0.058116511879136 0.0786125501299662
-0.0263595570461254 -0.0255645698079828 0.081042848368517 -0.442070705356545
-0.0165732350810541 0.013562879443624 -0.576340445281447 -0.514806586100656
0.00674110451666361 0.0123492247761684 -0.783662352160957 0.35561806848584
-0.00463595776160871 -0.0237695812682474 0.0403748680140292 0.699418446883712
-0.0294363198427908 -0.0320145172442656 0.436035042148357 0.206136621328823
-0.0279187688483621 -0.00860372559177234 0.263646045309246 -0.175436197712127
-0.00245438946498547 -0.00910797558939729 -0.05086696088928 -0.233899764233531
0.00179589169707276 0.00921799616095778 0.0211019481579177 0.203974234085514
-0.0170949203924176 0.00173101610662987 -0.171741007784014 0.154329247351409
-0.0408467665680021 -0.0174254111586277 -0.38597265656328 -0.0791938216275522
-0.0284220289056414 -0.028895734278807 -0.205097378053085 -0.491236727234045
-0.00818577933692649 -0.00151422671414469 0.488398139019439 -0.46647674097869
-0.0264704464433317 0.0044586195519499 0.673414034405182 0.204876516230833
-0.0290040090097707 -0.00825104601181505 0.155203628997814 0.477506057436609
-0.0162608469497909 -0.0330369169301019 0.0560294691259218 0.0649031798591927
-0.0317068917507672 -0.0265937788404054 0.0332328284242527 -0.450118189834721
-0.019275522530576 0.0160906297055332 -0.640209591065306 -0.419960275844677
0.00575822919722744 0.00881662729652553 -0.713422667170233 0.461953501365468
-0.00774962646475684 -0.0270994829631935 0.140153882138205 0.673383533061181
-0.032859960295461 -0.0300927988019953 0.457874756347101 0.140079196533824
-0.030200818533557 -0.0063725361199061 0.251716197860823 -0.205514041416853
-0.00257829985564206 -0.00961402740597051 -0.0575218794089062 -0.241158548677812
0.00234955190657772 0.00765192305502238 0.018308487658822 0.194738070754799
-0.0178939897728724 0.000661705537052182 -0.175153979124755 0.129112642456052
-0.0369421315249812 -0.0192180330946623 -0.371216766838712 -0.132751316042441
-0.0220460781178051 -0.0329901546864896 -0.126856870871824 -0.523900862703484
-0.00854386327263989 -0.00410990343085293 0.559866083656565 -0.393602924449537
-0.0285358107825052 0.000931516894619131 0.638211015647724 0.305798645960324
-0.0286445736093871 -0.0147527602541615 0.104065323654837 0.491569736909414
-0.0156796453595632 -0.0347678300122102 0.0539928327500487 0.0503844436221817
-0.0341340256454516 -0.0228160885263745 -0.0182530202649611 -0.452594971402195
-0.0163584502919155 0.0174002680393749 -0.693780924631667 -0.317112735856092
0.00609638447281848 0.00548098864794022 -0.624767552500138 0.556855345566696
-0.00894779332678602 -0.0266898571266125 0.239128150397069 0.628732555359513
-0.0307528514966552 -0.0241585476502861 0.474250921867126 0.0695994549317888
-0.0276111442671178 -0.00384220283463464 0.23511801940676 -0.234877496962305
-0.00197154328375297 -0.00827373169059047 -0.064294577182349 -0.24992882608361
0.0023998641270102 0.00685308816850036 0.01687914557426 0.18823477343698
-0.0146781770972603 0.0020506199929041 -0.175658133324061 0.106226759921694
-0.0279960137945655 -0.018125447067515 -0.352179593796118 -0.180911509179814
-0.0135890159188279 -0.0326847035375719 -0.0482250735187588 -0.544056982506364
-0.00766258044906218 -0.00683884676465973 0.620194090256191 -0.314055269940606
-0.0269783910630985 -0.00382466514977981 0.592668175990711 0.395040986789029
-0.0265976177605354 -0.0142865248380525 0.0553672006249591 0.500455406831398
-0.0152919325901742 -0.0302958688627784 0.0527356283047077 0.0361864379491012
-0.0336049886179174 -0.0174347660103681 -0.0645184076532029 -0.450821108693592
-0.0133833210305837 0.0169729558154584 -0.728184687088137 -0.220230591802827
0.0068672994059951 0.00346761566209355 -0.535980015228907 0.629958316666647
-0.00484458621688757 -0.0227794397924561 0.318742309750196 0.573966561493199
-0.0220211656802506 -0.0160080590881176 0.477929348181206 0.00768236509591766
-0.0213011851367046 -0.00216564712736614 0.218985160461886 -0.259708141263467
-0.000852720694930072 -0.00696309350128823 -0.0728262810256492 -0.255088355445691
0.00374173936378458 0.00808189967716247 0.0169068935518483 0.182347276957641
-0.00922205388064605 0.00333090534530317 -0.176619410799854 0.0887658383285288
-0.0188189502390707 -0.0120708767454426 -0.333699505773588 -0.214142101733605
-0.00481961436524663 -0.0276922055993858 0.0146592049857926 -0.553594742959268
-0.00660126011020663 -0.00944993581307528 0.656442477175312 -0.248421840003962
-0.0200387357142061 -0.00719913149040341 0.546065343536037 0.461441775634599
-0.0197773814619626 -0.00870616806392964 0.0172165249235722 0.499000497048767
-0.015191922674051 -0.0211412423007807 0.0499637967052285 0.0244785054168773
-0.0275382729831866 -0.0123413271226667 -0.101368798653324 -0.448025595155251
-0.00686926765278969 0.0123677794274851 -0.745607632619301 -0.146567290870342
0.008791935524274 0.00235590551146149 -0.467104641551495 0.670792122012021
0.00310619925783438 -0.0181254514385303 0.375685015001257 0.526803553012402
-0.00868164233576164 -0.00962580165184802 0.476943784085138 -0.0408051959773472
-0.012769936254157 -0.000368398398308953 0.203529704870737 -0.275453325235723
-0.000624109100476851 -0.00509045465725042 -0.0786703835323743 -0.260076840623192
0.00594529732148716 0.00863896021922326 0.0173616450295499 0.180483983492712
-0.000526654297679354 0.00744629827584161 -0.176813033626392 0.0813015445048823
-0.00626276754253242 -0.000440303481510839 -0.3260485156879 -0.228993612833953
0.000668511492052893 -0.0185922940183783 0.0468027005906313 -0.555873106148268
-0.00440686235057488 -0.0112052273485936 0.672061728954999 -0.214162119280074
-0.0106060095498274 -0.00819033466874848 0.517578108320017 0.491776558548776
-0.0156784217748569 0.000476846704777684 -0.00266939756686096 0.498663224303499
-0.0136798438457359 -0.00936208622146682 0.0494003190807245 0.0171959791553377
-0.0187580634306438 -0.00602331927522674 -0.119803743150917 -0.445540714258646
-0.000416395211894858 0.00719517102284959 -0.754303265676733 -0.110179605826536
0.0111094632940284 0.000273008220460957 -0.430018818981012 0.688759174943138
0.0134469560278689 -0.0139547579176749 0.399056244843639 0.503352010919378
0.00741881570047626 -0.00406526088581439 0.475320049741794 -0.0620025150069644
-0.00194313687826679 4.08562880182184E-05 0.194446134106639 -0.281344586931321
-0.000836803828244942 -0.00202796759215443 -0.081757039355999 -0.261741797428572
0.00849841473782715 0.010792562744599 0.0167680530000366 0.180901007449886
0.00911788326694157 0.0116564046276089 -0.178621222925724 0.0817490027046094
0.00413372337693956 0.0108668412731404 -0.32728168050383 -0.22338194449725
0.00342266611433021 -0.0103996067173621 0.0445203206978845 -0.557355077391031
-0.000775035358587758 -0.0130122479122923 0.671179561025719 -0.221013606464975
9.67775047300626E-06 -0.00688648725491052 0.518929028879209 0.484446618426997
-0.0103287313123745 0.0141660655885627 -0.00232401104536051 0.496887925090257
-0.0124421899804562 0.00595894137182197 0.0480994041105818 0.0144257815426762
-0.00810430427134966 0.000274437042630333 -0.120358751172567 -0.44806605609836
0.00868020693035914 0.000266183636378686 -0.755833828677724 -0.114679743044422
0.0141104234058898 -0.000442004462594214 -0.434287410887424 0.683099420794857
0.0234126947731461 -0.00786695093633697 0.39697652927634 0.503523128246615
0.0230817701220051 -0.000717302745728207 0.474692070501487 -0.0575533857748491
0.0085818383995186 -0.000113684508192685 0.196635159188227 -0.278580473944803
0.000239549300262455 -0.000180689063667874 -0.0818890340856454 -0.258844681501529
0.00932622179394034 0.0116726941873744 0.0168706194184232 0.186392792125631
0.0174718158443723 0.0141617297798485 -0.182087514240675 0.0915985364326651
0.0142634553654999 0.0202868207778166 -0.341699669305821 -0.199738140132088
0.00551771099667182 -0.00110250455643287 0.00667260124947221 -0.557729701739108
0.000920813298463213 -0.0138495193375852 0.648375751892726 -0.267269054811396
0.00999609160618605 -0.00639606516873121 0.544745051568822 0.442830777448407
-0.00389384511568473 0.0251691965893644 0.0216926585304121 0.491535633751003
-0.0115302400486753 0.0187942225136776 0.0478181996519337 0.0191972997550909
0.00214758683095181 0.00712215407330347 -0.101820888763184 -0.452053102512421
0.0166077936389251 -0.00439174755074421 -0.751084292001739 -0.161902662426881
0.0160433854360201 0.000300487013992611 -0.481734708976813 0.657973928816564
0.0317583508453844 -0.00200819189058167 0.362740701754744 0.532716552499297
0.034604100314863 0.00307221057643398 0.479630715727316 -0.0274739206699375
0.017599465631822 -3.57628310095051E-05 0.206846968733041 -0.266102366814169
0.00102397927622802 0.000250404169890745 -0.0770682794125494 -0.254829522203237
0.00365235317183678 0.00912327499958284 0.0253173988647553 0.21260577283535
-0.0132492444600424 0.000667985752455558 -0.163302509668079 0.175373548824997
-0.0386801950723353 -0.0129344875436507 -0.393180985800614 -0.026703324795572
-0.0324799807779565 -0.02258991039862 -0.268454250190568 -0.447304841558625
-0.00732050014120309 -0.00136810608209635 0.410297210338008 -0.517685474243443
-0.0200521180951035 0.00672871312855265 0.685045976756161 0.113526345493412
-0.0246058104113397 -0.00189617613302939 0.196426380372493 0.455611061650322
-0.0151473309012354 -0.0258880544430968 0.0584617658078005 0.0791874940315994
-0.0267967255346422 -0.0250152153308867 0.0846856553702012 -0.439836611992691
-0.016258068650979 0.0138373578905768 -0.568965441592588 -0.517316494664765
0.00609924144289049 0.0115621893900134 -0.779806667737751 0.347925607369847
-0.00466928725113221 -0.0235302034750163 0.0354119237118923 0.696061504242553
-0.029945574792719 -0.0318413182928602 0.433692146634516 0.207203909476768
-0.0278477206188245 -0.00837192787055722 0.263318738042319 -0.172827442331334
-0.00318390575882319 -0.00944640631323422 -0.049638381181594 -0.232946621089958
0.0024146035661343 0.00857292379051727 0.0206233060820165 0.203249988513937
-0.0169833917195008 0.000436171502140916 -0.170390124824518 0.153298675577689
-0.040075622718412 -0.0178747463634654 -0.383246001902874 -0.0807246919101981
-0.0285822824733916 -0.029226413790998 -0.201073680452244 -0.487475526424265
-0.00831014956732629 -0.00107058160034224 0.485233477326815 -0.462080498172322
-0.0267819127455054 0.00490346488174045 0.667360880881479 0.206447876749651
-0.0287393359963684 -0.00848103755723561 0.151144662767749 0.47532122902038
-0.0152603251875991 -0.0343401385155638 0.0560034677025971 0.0650319150639006
-0.0319211111365132 -0.0260544633082799 0.0372878902878805 -0.445467241053506
-0.0192070225878217 0.0149168583995247 -0.63242533271754 -0.423240354532826
0.0060741502739098 0.00963921287088435 -0.712612923075688 0.453805965205366
-0.00836374846147892 -0.0273203274820214 0.13604146668659 0.669801956538863
-0.0322269818887946 -0.0298674308349229 0.455459373208063 0.141657251565591
-0.0295313735472456 -0.00743716174661677 0.252046849396685 -0.203274256084828
-0.00265399157547601 -0.0098697216998922 -0.0547231952471682 -0.240782537636991
0.00178099508993092 0.00674302922845498 0.0188801256059561 0.194162369558666
-0.0180688746806222 0.00112959666738817 -0.173470674864932 0.126698754634883
-0.0368701441108775 -0.0192378006711814 -0.368989591482151 -0.136202397764696
-0.0216359886650532 -0.0318722457643697 -0.120332180776547 -0.52150901571483
-0.00842487032547593 -0.00353861920740796 0.560711131418028 -0.387336477223489
-0.0290673391295008 0.00126622950847259 0.632048374386775 0.308279192629832
-0.0295304104407707 -0.0152921939156502 0.0993931247496266 0.489127355938119
-0.0145962450245424 -0.0346491782311714 0.0543208105713754 0.0495300104677546
-0.0337656694009803 -0.023808312636399 -0.0130724221516513 -0.44941378879148
-0.0186792670726329 0.0169303435912862 -0.687261180097953 -0.320086688454698
0.00600592751521212 0.00564199377298446 -0.624374932942916 0.550470272125615
-0.00799631676403035 -0.0259483883647938 0.234444837305512 0.627285639170215
-0.0299696137272271 -0.0247921076036189 0.469637524190988 0.0725323101680057
-0.0270947019746223 -0.00453799144376733 0.235512095894337 -0.234066801778948
-0.00160845451865348 -0.00848253161794078 -0.0634212666866779 -0.247978111188016
0.00136978264082701 0.00690776518692066 0.01792117662501 0.1864704744944
-0.0160652224662249 0.00166322998547619 -0.175678640868834 0.103792379307297
-0.0291816743151551 -0.0179771460047856 -0.348751482894249 -0.18215180094212
-0.0124474971062873 -0.0318295595311154 -0.0443688037183542 -0.540853722163306
-0.00812624159595906 -0.00545077874779346 0.618058085476061 -0.308502823265843
-0.0261074330348513 -0.00419256793499068 0.585143567002189 0.395476054875953
-0.0249777645871196 -0.0141098282085005 0.0510939776144623 0.495755740013918
-0.0159423090188609 -0.0307972084145171 0.0518486442981502 0.0358601383315641
-0.0331420281902502 -0.0183940051966718 -0.0599327853668536 -0.44832944480329
-0.0138603013502614 0.016023438318158 -0.720961232565533 -0.224044187226323
0.00606721239354687 0.00400693652707877 -0.537403744486014 0.622589073048759
-0.00404815268947993 -0.0227224067686137 0.314795234287703 0.572463502816579
-0.0222543942466601 -0.0165756993886743 0.473921085440521 0.0113128786502794
-0.0208744881597866 -0.00218516284370915 0.217815019809348 -0.256924212945125
-0.000611358421952117 -0.00580495461849508 -0.0709841088057406 -0.255524278370829
0.00368199721638686 0.0060981974499261 0.0175572108469972 0.182514512929964
-0.00922155213549561 0.00353824577602809 -0.176177456140018 0.0860499436336244
-0.0181188311675408 -0.0113902241995655 -0.331502521879713 -0.215562638329055
-0.00534261385705157 -0.0270004787936071 0.0184264422846728 -0.549140971613019
-0.00566784385504765 -0.0087292970323345 0.654881044294397 -0.242628779245459
-0.0203874897120402 -0.00741685166999363 0.538659262415082 0.461085666944225
-0.0208181796712655 -0.00870353861526438 0.0136761994704316 0.496986614304323
-0.0139930216271139 -0.0207758587094214 0.0504678528292242 0.0250297348080579
-0.0274623284415066 -0.012752885383052 -0.0955885200099012 -0.446025442800905
-0.0071665896689113 0.0128088934184214 -0.740327704949049 -0.150800020164464
0.00865929573972289 0.00166305567636314 -0.467759107023917 0.662575820543598
0.00284479807828725 -0.0184796330550304 0.37004583436156 0.528095365192447
-0.00803904932538912 -0.00989725915058462 0.474535716816237 -0.0340133916266362
-0.0117184410450501 -0.000518367981165542 0.202631042251226 -0.274236972133177
0.000910557247542735 -0.0048570141333671 -0.0775747120475084 -0.259257727709429
0.00557777769950799 0.00804272797653762 0.0167339934854448 0.179426189440305
-0.000857992878879355 0.00757821254666333 -0.174516681531897 0.078812827646505
-0.00588050583934563 -0.000749697644584375 -0.323788148659158 -0.229830692605337
0.000296548887653656 -0.0201703950135485 0.0513293749334581 -0.552038947670196
-0.00384303350879314 -0.0118927384500745 0.669812044940175 -0.207783689849603
-0.010102030802771 -0.00880814757984922 0.50946587103786 0.49219393184671
-0.0159023223242621 0.00073895893509476 -0.00673396203212725 0.495286323891954
-0.0139470366961436 -0.00939174181602908 0.0487704809986202 0.0172732236128376
-0.0193036443787135 -0.00627455197829052 -0.116018990487421 -0.44321686711144
-0.000633076203863626 0.00672613032078333 -0.747091917981642 -0.115220476179886
0.0111043863879834 0.000746708402874284 -0.433226916971123 0.683237903836749
0.0131054041764511 -0.0131250852461296 0.395261329403464 0.500880305464703
0.00615027679375219 -0.00448284841528496 0.473160612980567 -0.0582559188732211
-0.00244145011909173 0.000318786592410786 0.195315394544282 -0.27927917764073
0.000178904954910576 -0.00197293670583282 -0.0804507176183925 -0.260399947200168
0.00787378568611007 0.0103736537752539 0.0166237040659349 0.181825173653845
0.00833172641259345 0.0109889140238307 -0.177825938476225 0.0800527562175086
0.00469871332124529 0.0111914660010299 -0.324556876295394 -0.223849855591946
0.00242898554106981 -0.00960560293099456 0.0493524324737152 -0.553037242606438
-0.00102106821917545 -0.0122804949620259 0.667065096787333 -0.215801093819584
1.23344577936738E-05 -0.00704950119411767 0.509624245480166 0.485573396711379
-0.011073844989408 0.0133127120569623 -0.00519379714169419 0.493156040681276
-0.0123556408055795 0.00560298723118704 0.0493476050959262 0.0146863447883686
-0.00801903329820743 0.00027245294219067 -0.115751091187934 -0.444427033622644
0.00724007267052101 5.50326443394672E-05 -0.750232796276514 -0.120190589816546
0.0137309186968151 -9.44279288747696E-05 -0.435481695903723 0.675790575732762
0.0242683642468847 -0.00848751260847222 0.390142302681594 0.504287843398574
0.0223028785621981 -0.00102036993877901 0.473307965870369 -0.0551553976406205
0.00877740419607979 4.48097445082717E-05 0.197156125284693 -0.277147414852278
0.000336698064583359 -0.000328570574675112 -0.0797173054742247 -0.258803441634846
0.00965038726311628 0.0123073542683037 0.0156528508833875 0.187416444981408
0.0173185066496199 0.0145130334579883 -0.18039568182661 0.0898573552685317
0.0136263332008935 0.0203757448415073 -0.339675213165731 -0.201209647932439
0.00504670396313983 -0.0011192060746625 0.0101551117448274 -0.551982648146076
0.0016786494419585 -0.0143246256515332 0.645956326569009 -0.262288023726287
0.00977503206714781 -0.00585054804512388 0.538444667557449 0.444511608935
-0.00405499561543451 0.0257576784701332 0.0176368317483671 0.487859010947946
-0.0109151582211661 0.0183392653467418 0.0485313377090629 0.0196349509996241
0.00194327271722806 0.00662778707477896 -0.096522036292982 -0.450207880446332
0.0153442815822713 -0.00307917544830527 -0.745734686569489 -0.166851561289267
0.0164896359696364 0.000918944774653231 -0.48376368753075 0.651023909092972
0.0318878671372312 -0.00110372714150299 0.357368207857843 0.532376195118428
0.0351780595861592 0.00252207258904231 0.476198274499643 -0.0234427131642378
0.0184849377891188 -0.00065275197702995 0.206803021380061 -0.263626686164015
0.00077728533504009 0.000932950691054545 -0.0761297718855196 -0.253815709005838
0.00474156933993586 0.00972562710252637 0.0240534516756391 0.212337669867682
-0.0131570833478204 0.00104786741872967 -0.163087208646875 0.174707561715289
-0.0377446857446491 -0.0130174933929381 -0.391910288714004 -0.0286344115726345
-0.0323876699115645 -0.022441260694414 -0.26519092750241 -0.447334713809219
-0.00736324193474316 -0.000509091107442307 0.41150437372737 -0.511746936278346
-0.020798073244628 0.00779065396244043 0.680036685405071 0.115606704095937
-0.0247714489851856 -0.00138868664183636 0.190753710365042 0.456052260657339
-0.0146663789040141 -0.0262976546863859 0.0579358362430002 0.0783980609959346
-0.0255203238595515 -0.0249546104297902 0.0884237523531188 -0.435471424256828
-0.0164049430262231 0.0132687533587551 -0.563439606494685 -0.517270876882746
0.00627777979664071 0.0111601948296107 -0.779671124554128 0.340115931389158
-0.00410888163816814 -0.0243315956181205 0.0307387135724268 0.695070974608571
-0.0294436649788536 -0.0328549535939592 0.4303334721971 0.208949596717207
-0.0272994849733523 -0.00914685131379653 0.262709466581569 -0.170001137636946
-0.00215499778302135 -0.00948598602640575 -0.0489139558944708 -0.233247352561706
0.00213462389154509 0.00763083085024237 0.0214626107735199 0.204024423964419
-0.0173434385027929 -0.000242329550235015 -0.170016996908336 0.150079972041744
-0.0407447898314402 -0.0181423005189711 -0.383443612226533 -0.0817903257519328
-0.028582618366244 -0.0286510457780956 -0.196170166976589 -0.486085602483659
-0.00833651797510549 -0.00179141656629437 0.487123273334559 -0.456118306943335
-0.0266176751544805 0.00425597223543763 0.662654628925344 0.209912350360673
-0.0288925313297214 -0.0096077383061913 0.145745601152453 0.47365573084992
-0.0158243321827781 -0.0327120246716957 0.0558639918443772 0.0657868702546391
-0.0311999412902445 -0.026453747234644 0.04155141580482 -0.443271830412023
-0.0188080198129461 0.0149766674924922 -0.627354259630066 -0.427396636441297
0.00549778316156891 0.00906868170297036 -0.710617026387393 0.448737645807232
-0.00721710677949028 -0.0263348254128533 0.13124377189314 0.667271249236915
-0.0322502464886547 -0.0304781919259024 0.453023633223761 0.144515900978363
-0.0297663601908782 -0.00752310479615178 0.252596003822132 -0.200768478373335
-0.00164581248296433 -0.00934986229800965 -0.0531939816231437 -0.240445932066079
0.00120630713725619 0.00738068099106325 0.0183516894641989 0.193891410083916
-0.0180663423942426 -0.000712528177834281 -0.173447966917381 0.124280829698122
-0.0362942405653885 -0.0204468767528149 -0.367374967869834 -0.137858400625822
-0.0214956283205887 -0.0325286746182945 -0.117240784050432 -0.520238805952714
-0.00868856442588741 -0.00401262929383791 0.560253168434805 -0.382172185353645
-0.0290067355200245 0.000719606895742788 0.626342564831214 0.311548601697425
-0.0292548790473828 -0.013910288545368 0.0951460592039901 0.48697498237956
-0.0147891146386148 -0.0343130203758666 0.0530245969452248 0.0499652478563343
-0.0348035960849141 -0.0234473690582214 -0.00870660687493296 -0.446859259683095
-0.018496083743631 0.01629274407097 -0.68057735028269 -0.323609933664355
0.00641634933504653 0.00554379004302998 -0.627407834787958 0.543364288695315
-0.0076173171466936 -0.0264258338686599 0.228262481141936 0.623882475845445
-0.0292369165160154 -0.0243913434247415 0.467809691718004 0.074922012866558
-0.027611103809422 -0.00422447983054073 0.235708668432294 -0.229552825715596
-0.00147028491205867 -0.0082837327977917 -0.0614352312533789 -0.247581899004848
0.00213275399080774 0.00688963868242117 0.0177616293583587 0.187193151528278
-0.0154366085636345 0.00013140198119995 -0.175303718754771 0.102233336036858
-0.0288218273830244 -0.018260193621015 -0.34906361521755 -0.184851125875814
-0.0122617120792273 -0.0325586114431413 -0.0409076748242628 -0.538229304011869
-0.00769126495530047 -0.00683146533062943 0.616370763633799 -0.302211188567683
-0.0265673119368508 -0.0042037609836407 0.577810155502462 0.398176853958516
-0.0265734034541488 -0.0141195299813022 0.046478529240542 0.493190377431617
-0.0147396673616156 -0.0312206987575432 0.0506311587642663 0.0362015387698039
-0.0332179831508488 -0.0192290503923835 -0.0556425325048087 -0.446784441130051
-0.0141096595330549 0.0153913694604108 -0.717524966163229 -0.22730304253782
0.00682070119874077 0.0028868783105957 -0.539119473447898 0.616585604912233
-0.00315107198407116 -0.0233367732416985 0.311939638945169 0.573512638339665
-0.0217805327161035 -0.0166684246570013 0.473058060863183 0.0132334731557099
-0.0206478687240247 -0.00237504467349821 0.218719679896918 -0.254387282905352
-0.000799583844147347 -0.00720917658815041 -0.0696723470731417 -0.255743599931106
0.00440301113917144 0.00614350362372409 0.016648304376691 0.182005532911274
-0.00945077295532049 0.0033728271127943 -0.175642327979262 0.0844647842677292
-0.0170938458405425 -0.0109610101427844 -0.330683661559735 -0.215810157701135
-0.00423549384547755 -0.0275981001493466 0.0217500939941958 -0.546129566757317
-0.00623237447804178 -0.00883604773996085 0.65298311870256 -0.235043086425488
-0.0198468075036956 -0.00788062296270884 0.532166222219668 0.463501235248228
-0.0213039015496963 -0.00791358148972145 0.0086179583362138 0.494547105986463
-0.0152612853298962 -0.0216768365787404 0.0503802689459118 0.0251794151478679
-0.0274201221459431 -0.011989628376731 -0.0913113919330429 -0.443949408828711
-0.00872807117567118 0.0120224646646346 -0.73498620208567 -0.155264333915049
0.00851042550507609 0.00144276022171696 -0.469377041252417 0.658206065451009
0.00281233081149924 -0.0186880552786257 0.365103735049565 0.525885626389479
-0.00923340399390851 -0.0102700826286614 0.472017339732777 -0.0337196795750939
-0.0116900162386329 -0.000144942468294543 0.203353488037569 -0.271851797612803
5.10244270164988E-05 -0.0034657704871469 -0.0762073552417249 -0.259887133628517
0.00632393844656835 0.00779307251642576 0.0158938680761117 0.180461248892162
-0.0011612396990469 0.00752037052784448 -0.17557403032687 0.0763901455417621
-0.00688230757035293 -0.00110434109203199 -0.319245583317832 -0.229134341060988
0.00108192695251862 -0.019092928680815 0.0542676452213426 -0.549749806143884
-0.00329297346116952 -0.0111999646502553 0.667752501535612 -0.202715084588015
-0.00952914408177581 -0.00921770331996735 0.503791115462761 0.493497110499961
-0.0172676034418412 0.00129057092888182 -0.0102026969521144 0.49246667730054
-0.0139531902009011 -0.00872745433540511 0.0493311623677505 0.016873818785791
-0.0191245063808731 -0.00619854600087509 -0.111248457411678 -0.443718553130529
-0.000482457230103275 0.00660024394113145 -0.743071032467679 -0.11841546143204
0.0112063729173235 0.00051595128545959 -0.433688516570773 0.676105603832726
0.0136848402704901 -0.0129426275205426 0.389878309882168 0.502694660072331
0.0065919621022948 -0.00458449286757274 0.471415403666009 -0.0565779626231598
-0.0019303951256739 -0.000353008989241727 0.196904417833813 -0.277642944283303
-0.000547732806161555 -0.00231614138486882 -0.0783629218430035 -0.260067315493747
0.00835010533275994 0.00935420375765633 0.0150555454616223 0.180877581701668
0.00804249136659632 0.0111189823612082 -0.17769626076931 0.078419351754641
0.00414115954205288 0.0110809505597278 -0.322652048738775 -0.224278104338591
0.0034619036198779 -0.00938991319576125 0.0523030789655292 -0.551469264779156
-0.00110532912847709 -0.012941717156768 0.665844516829293 -0.209361507280511
0.000199859238836475 -0.006206372181831 0.502643936867553 0.485401678192678
-0.0111531074188625 0.0144929661985586 -0.0102373542384932 0.490135049896481
-0.0133271191252756 0.00481223221473858 0.0474466829639669 0.0155419475722065
-0.00823465497838406 0.00059806832104297 -0.111356227570807 -0.444951812612416
0.00773303537173126 0.000784324627891993 -0.744512918360817 -0.123257012332404
0.0141693785921471 3.00191008368571E-05 -0.436829606391802 0.671684981968657
0.024394304469007 -0.00703190608915296 0.386578398005077 0.505219201722763
0.0224128049358892 -0.00127512771135095 0.471693223530634 -0.0518205272749845
0.0092834900316475 -0.000599023609627161 0.197707015472615 -0.274672269828259
-0.000283796147800468 -0.000731660321520484 -0.0775944256251687 -0.258840510596441
0.00926299882673889 0.0109150319425276 0.0154701365196132 0.185734347313247
0.0159088176480171 0.0147009772445297 -0.180411438300479 0.0883765709540406
0.0138051030664845 0.0201751855517299 -0.336456551362234 -0.201400739908097
0.00564701166012957 -0.00053471763650301 0.0132567217582421 -0.54933078003259
0.000771674158964977 -0.0138197063598113 0.64436594817551 -0.256445852987631
0.0106067810763374 -0.00548688251376511 0.530676805124528 0.445890825317937
-0.00586641768327245 0.0250593777729465 0.00938051202715807 0.486817179026608
-0.0117171960258624 0.0172249741777599 0.0482172709231627 0.0212253658889746
0.00182420390780751 0.00531951564867143 -0.0905613728291575 -0.448599354144264
0.015205835242376 -0.00377939287837199 -0.738933247739464 -0.170370217965207
0.0170161099051412 0.000808616105240117 -0.486134632112872 0.645096911094464
0.0318048375962829 -0.000603759687988028 0.353338771351096 0.533015892242367
0.0341364429062413 0.00255095340704243 0.475729221029394 -0.0212589085641754
0.0182689972386361 0.000422435793152119 0.206451879071453 -0.262614736044028
0.00153104761970203 0.00162774403340992 -0.0726910403622932 -0.253679910052219
0.00365630543671258 0.00909566797744118 0.0249137345138935 0.21317722222789
-0.0131583865427162 0.000922963600481367 -0.161975588034861 0.17188188569522
-0.0374110628721919 -0.0137716555600181 -0.391141754798312 -0.0313938206107288
-0.0318120598742179 -0.0222755687578518 -0.262028506621999 -0.447151015585026
-0.00699063625077813 -0.000745761426125964 0.412079430608557 -0.508585614623476
-0.0208066342422688 0.00727441251718455 0.676993015986986 0.121021559191755
-0.0249380800653568 -0.00162521998136724 0.187524764485115 0.455260357083438
-0.0150136348827153 -0.0266248268654607 0.0566366258353912 0.078850364220557
-0.0267263139031856 -0.0252610435498326 0.0919427103301872 -0.433396143701991
-0.0170378085732658 0.0131476865167815 -0.556815935996335 -0.522409563483044
0.00727411864835652 0.0121418824518985 -0.780986121914815 0.333182165297771
-0.00354996329630439 -0.0235968296962622 0.0259045401005368 0.695245091396833
-0.0291585697924657 -0.0315231029434131 0.428201679750359 0.211399065911969
-0.0265774872299609 -0.00851646223333306 0.263277975309326 -0.169692201525604
-0.0021055701435213 -0.010352165778888 -0.0474390300463031 -0.233819588997143
0.00292370298259789 0.00771283548245416 0.0199926046775378 0.202936366870247
-0.0173300528189043 -5.5456832577954E-05 -0.168701264756813 0.149049719610968
-0.0404146602086922 -0.0185457007532157 -0.381618812886538 -0.0851014155031453
-0.0280878385869647 -0.0293744927962307 -0.19421450993856 -0.485907253602859
-0.00834205290867326 -0.000862073904586249 0.488212117211302 -0.452062316965565
-0.0257356076089423 0.00417603566521778 0.658611010899367 0.215000517741771
-0.0297416192608536 -0.00977806280185622 0.140357276683449 0.472791809026967
-0.0153474114351973 -0.0325440913570919 0.0551172008839343 0.0655205006419299
-0.0318642186739001 -0.0265040056617643 0.0443960903648029 -0.440962295507439
-0.019873781923092 0.0148739780544167 -0.620886209216999 -0.429789181393453
0.00578835288727569 0.00907135570009493 -0.713000781946202 0.440691446636362
-0.00692677292188829 -0.0270479130619753 0.125666179930139 0.667472045638419
-0.033460318371493 -0.0317678424678094 0.450573995865755 0.147189524281545
-0.0294917323063227 -0.00762219885902209 0.252627582502436 -0.198927571087459
-0.00187781884936955 -0.0100926209295884 -0.0519662814693133 -0.240401574404613
0.00187957345449449 0.0076433548045925 0.017396883036998 0.194561199954845
-0.0184425406512336 -2.73503658727793E-06 -0.174086775295249 0.123283230522464
-0.0372583351372321 -0.0202426440825421 -0.366182659920025 -0.139059456914488
-0.0200906632453244 -0.0324260526873104 -0.115576105078603 -0.519595826702989
-0.00718755643210219 -0.00363382417586793 0.560707001750524 -0.378368075291318
-0.0282910180272937 0.000701024347865869 0.620940196532929 0.315457185000341
-0.0291084387447873 -0.0143331172372293 0.0905466621009253 0.485077818943557
-0.0153873550686505 -0.0349566784489012 0.0526845029769404 0.0512652680325762
-0.0344656707025648 -0.0237915216983004 -0.00512195699391285 -0.446145388112517
-0.0188342467803582 0.0164205303468575 -0.676122762756871 -0.329571067604629
0.00561737532641481 0.00573018467564334 -0.628501139590889 0.537218626960016
-0.00781380485592372 -0.0264747509841323 0.224275223268345 0.625235513662851
-0.030160228888827 -0.0251677373814429 0.466169457728133 0.0778621920150421
-0.0265941978261913 -0.00488040792646088 0.236419106339971 -0.230319042349249
-0.00135070114272359 -0.00837682327571286 -0.0608135512732582 -0.248108228174246
0.00341016058484311 0.00603596499595906 0.016328970447003 0.186842829636413
-0.0161779536404309 0.000553966412870035 -0.174552382386438 0.100191410265708
-0.0283663419873752 -0.0178527544121646 -0.345841323180989 -0.184645611533167
-0.0116783475886409 -0.0319696927629033 -0.0365848350113431 -0.536038344885493
-0.00778897336029938 -0.00580373359435695 0.617325275812936 -0.296894287160413
-0.0264329251111227 -0.00428378485260585 0.573029489124448 0.400567335211481
-0.0265102972629064 -0.0136819159737042 0.0411069622384071 0.493048352137109
-0.0141593326526592 -0.0309615908269177 0.0514196745130412 0.0366677004076206
-0.0326613951499515 -0.0188925794634859 -0.0512907551578988 -0.446314360059893
-0.0138665157180338 0.0148224986651844 -0.712710938308099 -0.233826503417797
0.00622426564108733 0.00357380396633708 -0.542287530956789 0.611447440855613
-0.00446917770125762 -0.023380778215587 0.304188579051912 0.576677776210452
-0.0220546612925107 -0.0166681301178109 0.470899911483216 0.0156405663632566
-0.0211394363072922 -0.0026375967313025 0.220740660687286 -0.254241288590044
-0.000601246035170889 -0.00665515443579237 -0.0675491625242483 -0.255814162567354
0.00397846837798619 0.00610711682697996 0.0160709129687226 0.181604922909298
-0.00960294793686117 0.00195619381187617 -0.174231218187694 0.0819935877567269
-0.0181047785882722 -0.0115158436522105 -0.327686982714429 -0.216884508762157
-0.00334735799012414 -0.0262808246748579 0.025465278217859 -0.545067063543669
-0.00673113398461814 -0.00895980447314498 0.653261482481002 -0.231898473015834
-0.0198209379178559 -0.00770827647549815 0.525735576389704 0.466401772365609
-0.0214116025163655 -0.00852960141954071 0.00510164605874061 0.492691819239828
-0.0149578264695629 -0.0209083866711897 0.0506015155378422 0.0243388740534727
-0.0275567588406396 -0.0127405255945486 -0.0863335870918127 -0.44369883120838
-0.00770638994243832 0.01153797397779 -0.734000365747221 -0.160514163455356
0.0085260702385624 0.00188432540666775 -0.473008167340234 0.655196085249882
0.00354328779528802 -0.0187552469623182 0.360162648232446 0.528827088839728
-0.00927941438232447 -0.0107891342336656 0.472055821654584 -0.0320608835017184
-0.0125494831588897 -0.00124973255690165 0.205000256261737 -0.270404923148477
0.000113668078157298 -0.00353129392156032 -0.0740943240185569 -0.259694771306443
0.00536574159469264 0.00883139684486117 0.0162296647663147 0.180305787135372
-0.001118033664459 0.00682531310362276 -0.176076558113559 0.0743428313891199
-0.00714160163649885 -0.000645838556596984 -0.318740940282643 -0.230716966489217
0.000909165811539369 -0.0198655566515423 0.0587980088086039 -0.546487816454604
-0.00395340265259267 -0.0119077724774094 0.666645620578199 -0.196322234274394
-0.00952077905256676 -0.00838384275939334 0.498078450669685 0.495961554451623
-0.0169669106136549 0.00139565765337335 -0.0152211539207719 0.490714518112956
-0.0132895765264016 -0.00949237001836918 0.049193307305436 0.0172640043851659
-0.0179303111048455 -0.00594247761298336 -0.106881259017877 -0.443810760662849
-0.000591513764771901 0.00615761977054705 -0.740495923455741 -0.124264094440667
0.0115407211819823 -0.0001073777063736 -0.438543837054556 0.673177114589352
0.0135974653725855 -0.0133233358447884 0.386015234233508 0.503216043173205
0.00632518061862747 -0.00544313965365096 0.468713558150204 -0.0531002832423131
-0.00128514187953452 -0.000348820632293799 0.197437021587867 -0.276946783814435
0.000715676197330568 -0.00291385639189413 -0.077189993194395 -0.260786652937249
0.00788818711013397 0.00878251776905026 0.015599545938411 0.181055584915435
0.00830335983994666 0.0120058205327342 -0.178430934878624 0.0753926915913647
0.00405345005084549 0.0116053251392642 -0.321452329898921 -0.225416219120747
0.00355696329107214 -0.00964474575925133 0.0556537867521695 -0.549370067217029
-0.00168146862267596 -0.0124022315536764 0.666628302157152 -0.205883985476954
0.000703781866940301 -0.00716054675719508 0.497841129117945 0.488033668831935
-0.0108304873695665 0.0136968183996882 -0.0152820157342159 0.486700668900211
-0.0135449635399242 0.00486849059054935 0.0477891269577575 0.0163024502016595
-0.00830157413057333 6.3320375851844E-05 -0.106662059864271 -0.444796857020907
0.00655693927783422 0.000862126835152426 -0.742578712328453 -0.129131407994038
0.0141252532427221 -5.63942685643325E-05 -0.443619128304025 0.666758614613688
0.0244346521950541 -0.00739612486296534 0.382971908016778 0.507937593675688
0.0211018205307732 -0.00100064595795376 0.470088476267567 -0.0496961908326151
0.00907566027080846 0.000221167208104174 0.198735576406618 -0.273528293694067
-0.000132222164397718 -0.000396628727560253 -0.0761207733525652 -0.258305706386005
0.00905516666093226 0.0111661927599013 0.0155364915284071 0.184626949422641
0.0168806210655856 0.0150153609038172 -0.180467917459664 0.0876156235703979
0.0131609377062915 0.0206395223188394 -0.335433036080405 -0.203987377345315
0.00542352918116373 -0.000620195793995425 0.018419797116762 -0.547427826994461
0.000649131104017067 -0.0139426335031764 0.64498743822811 -0.251655612701357
0.0101972715700457 -0.00611567470691773 0.52595689955655 0.449481059877875
-0.00488890626084291 0.0257476610277578 0.00677359235958324 0.485222009081339
-0.011908890061199 0.0185706498557044 0.0483741961362463 0.0200617341399687
0.00190360873508801 0.0063035842041847 -0.0869271435362353 -0.449679860191813
0.0143885118458451 -0.00437027401043815 -0.737541108535389 -0.175530524923057
0.0164960196663393 0.000493947494377711 -0.489353685711209 0.641163995328147
0.0310416367736372 -0.000301953647521416 0.350057671967528 0.534245290640384
0.0344430829080813 0.00272158848156818 0.47312223351207 -0.0188123567394445
0.0183134317896409 0.000439377163774725 0.208472417915618 -0.261208716564561
0.00148921494902837 0.00162793981656143 -0.0723107041168987 -0.254045797962867
0.00555128139069673 0.00618996908056051 0.0547324555941843 0.205113318200167
-0.0119876167313243 0.000915393842867224 -0.136027931076604 0.194484181569995
-0.0368868574148659 -0.00700011490591765 -0.394365386552746 0.024189053772633
-0.0339279676688487 -0.0132814910534664 -0.32082266517904 -0.406043526019984
-0.0131207015928026 0.00220548719209045 0.342576154977565 -0.55949809683975
-0.0227840194352778 0.0110776918292208 0.683923799036665 0.0252286474303809
-0.0259184535265339 0.000817040989499467 0.251924080943775 0.420977920206575
-0.0193655717651592 -0.0232691610261286 0.0678130813738753 0.0697662640708924
-0.028719443586082 -0.0228945330277334 0.0262320417790442 -0.438698747131208
-0.0170160008087945 0.0124119812045027 -0.623616925340052 -0.429792372910885
0.004772661535478 0.0105362007413153 -0.713064957379327 0.447523017052391
-0.0128739194892063 -0.0229846138800302 0.139763849338743 0.676300261232615
-0.037880400029168 -0.0252014137599753 0.457764215153038 0.137795226197672
-0.0278942823470803 -0.00275864804396989 0.228560179209416 -0.209181783592024
-0.00342128174152501 -0.00861736884673057 -0.0835446813762867 -0.221362898976294
0.00319541664105198 0.00531023073719995 0.0494625688536993 0.196193328699518
-0.0165562140631637 0.000355312983672633 -0.1483118794985 0.171679801587833
-0.039391950095279 -0.0110991282344701 -0.392057364306189 -0.0302392677432409
-0.0323206411684684 -0.0191436987498195 -0.258741262277578 -0.454882673212825
-0.0144969062633928 -0.000177450100441564 0.423652491086294 -0.512831834237567
-0.0295145039862262 0.00935437034647611 0.678562311401713 0.12261449996258
-0.0299524248009115 -0.00606980260083432 0.209160175323565 0.446027665011463
-0.0201530198266342 -0.0304232185186495 0.0652358796023863 0.0565809385829941
-0.0342925303465088 -0.0222707233558967 -0.0190513985921093 -0.440871129142894
-0.0187072123058835 0.0147144956522922 -0.674874156096828 -0.328933634448212
0.00335311723007764 0.00799922076208245 -0.630473104416989 0.541207090743543
-0.0159235068028674 -0.0249597224986114 0.232837644862692 0.633820917286299
-0.0400697021976679 -0.0229503163608552 0.468918843599578 0.069606539171103
-0.0299192364260477 -0.00251313699875434 0.212970585870037 -0.23621565076867
-0.0020196958662583 -0.00862907647199586 -0.0908781466417308 -0.228306102312229
0.00337863761768719 0.0044191134361509 0.0464094962904971 0.188439485095177
-0.0172777290755952 0.00108898019248096 -0.153884509364115 0.147798578070109
-0.0369346171758072 -0.0135444140164893 -0.384714244943484 -0.0860831877970245
-0.0266917029544149 -0.0251536345568198 -0.18317622354004 -0.498340690931371
-0.0158351102921091 -0.00179185654564052 0.506570300769866 -0.448911521958581
-0.0316401505569992 0.00414772830227413 0.653566469884896 0.225268366152194
-0.0311992229324561 -0.0101617059454976 0.161464927423649 0.465882248918456
-0.0196216828364599 -0.0317991041675384 0.0611747105476602 0.0423605375251618
-0.0367344400273096 -0.020275508919853 -0.0704030964663149 -0.438208848920307
-0.0182202334080404 0.015268234039241 -0.712605333347534 -0.220109678491513
0.0028223943759302 0.00505931616537528 -0.532522681699445 0.622564186383317
-0.0161787169483649 -0.0239924538814484 0.321791371114278 0.575966101807654
-0.0373582653164921 -0.0158529043016463 0.472458369549871 -0.000536935776876734
-0.027665701787914 0.000346336107208094 0.192875778032423 -0.262096356613836
-0.00185799930406009 -0.00803678465691333 -0.0983598867573708 -0.234514378484909
0.00277450214574021 0.00387723252124531 0.0432457306366394 0.182430074696204
-0.0147323312136323 0.00160834508597088 -0.158503730849604 0.124363089159224
-0.0282996718095688 -0.0123206919668876 -0.371210247659794 -0.135641772745263
-0.0177357774868937 -0.0255473657300697 -0.109998283044426 -0.526826829465921
-0.0150046594355279 -0.00452033404275029 0.572698151998346 -0.377553838193942
-0.0296102807612947 -0.00144115317043175 0.619355352704852 0.3188161712702
-0.028622648149946 -0.0117930304960742 0.112699818477508 0.480251649647571
-0.0187940240968106 -0.0281569078292988 0.0573609600682691 0.0281657412752234
-0.0356327015867082 -0.0147113789125822 -0.116511540212697 -0.430175074175743
-0.0147333410123638 0.0140448294586695 -0.734332071757857 -0.121686616139215
0.00312035737748948 0.0038573182530616 -0.436554766380728 0.681225197854989
-0.0122722573846492 -0.0189176836090577 0.392742969683882 0.513082706915669
-0.0253633839461251 -0.0102866720585065 0.46859074308422 -0.0621329910382364
-0.0209823786467486 0.00222934489193037 0.172789543114747 -0.283038708026418
-0.000427635719917067 -0.00688266358097275 -0.1068084925943 -0.238086323237947
0.00447857620863976 0.00397416664177651 0.0429074356654324 0.17580274583064
-0.0080123882210602 0.00343259852023001 -0.162298265323317 0.107245416962449
-0.0168327183943156 -0.00650101778561466 -0.356726299318707 -0.169917690459337
-0.00985186700778755 -0.0219045694796437 -0.0480062274462312 -0.543520731985422
-0.0145715664628472 -0.00928194339297942 0.616201398448904 -0.31767479938423
-0.0240227450883978 -0.00550990910158486 0.583727335262572 0.388125793099855
-0.0229029378500583 -0.00574214106841884 0.0769472366052047 0.486724015046666
-0.0177735093824732 -0.0192257543805735 0.0532288213965231 0.0175775956792915
-0.0302172002267169 -0.00976717019597083 -0.15045577451047 -0.423775316804879
-0.00944631504552865 0.0110391631095138 -0.742611883176101 -0.0477776333114646
0.00423216399391394 0.00141850542411686 -0.364295731123103 0.710839768834391
-0.00346675753018872 -0.0161304000926035 0.441237977005533 0.460157462945603
-0.0118647188422845 -0.00530769525972141 0.460034375533666 -0.1094216516934
-0.0113561182521292 0.00228165946083436 0.156320268086541 -0.297477804787312
6.30866152299364E-05 -0.00416440775861999 -0.113614613025624 -0.242659853963938
0.0070673835347742 0.00515099811526787 0.0426867268934751 0.174379284868919
0.00207928277292289 0.00651701549481625 -0.163850459425219 0.0986788492796125
-0.00494077466999477 0.00315930530146112 -0.348589652846522 -0.184329223785095
-0.00455814909695058 -0.0152465407746674 -0.0156896552319608 -0.550120435587357
-0.0120350853653635 -0.0125798626798048 0.634299110384779 -0.284493736984604
-0.0141757367382224 -0.00798573181931532 0.558528158381731 0.420403688020122
-0.0160582617394027 0.00456125964737705 0.057088725941633 0.486619159933201
-0.0151282795069594 -0.00650794049641423 0.0504906339128412 0.00981146745503646
-0.0192774408054469 -0.00518311254674366 -0.169486750942679 -0.418395647710787
-0.00203069571963231 0.00393794865583449 -0.744838739116348 -0.00994028875443181
0.00803845254613915 -0.000532115518384393 -0.325626275202825 0.725587546893711
0.00734764293376177 -0.0113796328567029 0.459512860906735 0.432263324244347
0.00419444548698962 -0.00217073563918772 0.453143824816047 -0.127974490699126
-0.00175877515031748 0.00165408046108955 0.148396039375379 -0.300953466544229
0.000903522309892089 -0.00367055059232552 -0.117642040227919 -0.241496868597934
0.00856122296908845 0.00655704409425183 0.0411472320467937 0.174885917587319
0.0114553079123489 0.0101973977863872 -0.165760201059082 0.0999736491110804
0.00845006518501795 0.0138072051134825 -0.350143245985479 -0.180160948369772
-0.000711103760621761 -0.00513409654303226 -0.0187182129962376 -0.550868158308173
-0.00932664905615391 -0.0134804567554214 0.630114562652234 -0.29131573902801
-0.00393244233342682 -0.00744852810175348 0.557668277353015 0.414942907299245
-0.00940798463784456 0.0157049564493543 0.0561669692598834 0.482882579157725
-0.0122246811153297 0.00732225313377411 0.0509822534922065 0.00789938735511402
-0.0085224532098666 0.000712137249553312 -0.169265635767626 -0.418091149637224
0.00395919492159264 -0.00245243221578745 -0.74801567463935 -0.0152458697523418
0.0103420098507938 -0.000937721330164304 -0.333034956826901 0.721172380470423
0.0185407181200405 -0.008630948999408 0.456933305130318 0.436840892980073
0.0199373589150308 -0.000157925742656818 0.455457391988284 -0.123057981299211
0.00904919732358028 -0.000538508482008104 0.150654146999717 -0.298102130025951
0.000723264474966644 -0.000891003543919241 -0.117138841605236 -0.24127651713153
0.0113885241920699 0.00767907842279355 0.0422511142285783 0.179965015495334
0.0214660526551125 0.011952963094348 -0.166851931643001 0.109956830485833
0.0184109929744677 0.0214387312044671 -0.360511464219667 -0.15651756318377
0.00246939420906479 0.00254173931877351 -0.0555400583521113 -0.545656522342741
-0.00758427060060892 -0.0139718720871726 0.603930358972103 -0.33574023593243
0.00597199658277446 -0.00728875090169614 0.580442887329291 0.370643370152413
-0.000403804408431968 0.0263031268869983 0.0785420206142122 0.476702053680574
-0.0098339569462734 0.0204563425886076 0.0508931930357564 0.0124878835285806
0.000865641128908951 0.00464683133249103 -0.151738263851571 -0.428963352937361
0.0117586618948919 -0.00855823731131203 -0.74962548336665 -0.0616981011172415
0.0123729540879814 -0.000617834279536935 -0.380972901905413 0.702464849082902
0.0274109445152966 -0.00173337165025285 0.428056158595222 0.467222956222519
0.0320191881460246 0.00151487398959547 0.464376983525482 -0.0938952823039346
0.0179686450653661 -0.00196049401259034 0.160672099396644 -0.287453893217116
0.00234386996248382 0.000891880680234944 -0.110800202340171 -0.237612774419297
0.00558080746163961 0.00681725129948161 0.0546003052826536 0.206703826012378
-0.0115533170245292 0.000734941691082822 -0.137031119688364 0.192769769394895
-0.0364574537992012 -0.00779233835194648 -0.394876231847156 0.0235549009209197
-0.0336056927812629 -0.013291579136629 -0.317949348176921 -0.407608511842543
-0.013624188509973 0.00195909709744214 0.345039845323098 -0.558531791982805
-0.0224886225937739 0.0114512834268618 0.685183146428199 0.0302630535716341
-0.0262070901742429 0.00155846948835095 0.249770513006731 0.422997031810319
-0.0190903259917609 -0.0240090421933932 0.0683530946908856 0.0701833689683421
-0.029305940635174 -0.0226347339580483 0.0312503619915844 -0.440118883585044
-0.015932647208197 0.0129907740670106 -0.622564004507585 -0.433108451700607
0.00417342427233236 0.0102303110435979 -0.716927481136964 0.442700956819691
-0.0120677937880943 -0.0239873724047908 0.13482344121619 0.677719831791192
-0.0373979720494676 -0.0257259573597129 0.456813846762591 0.140441227834343
-0.0280804687446039 -0.00332736851907475 0.230289047418029 -0.207654209235399
-0.00384886838362258 -0.00954789088670069 -0.0830972366378026 -0.222558677464566
0.0034511630339345 0.00464542737967378 0.0495104930096124 0.198376746417066
-0.0165775936018109 0.000255461739065261 -0.146986828544978 0.170255070303089
-0.0398767259927612 -0.0118319707889076 -0.394553568735746 -0.0326028817749697
-0.0315042522218896 -0.0206878411128993 -0.257039313997558 -0.455879881311957
-0.0145510337835307 0.000317908783685992 0.42973785386652 -0.512643259806644
-0.0285295877561875 0.0090193390558062 0.6782838033716 0.125981218276959
-0.030048196473462 -0.00515421159841834 0.205767290980237 0.447016996832808
-0.0193941075349374 -0.0307763072904266 0.0649979250095296 0.0570351244403163
-0.034331530659086 -0.0230987284407185 -0.0151598634311155 -0.443535741545258
-0.0196179059113827 0.014437885548374 -0.673459807043696 -0.333416233256005
0.00248257577096509 0.00686516226707526 -0.635711345441988 0.538854061497189
-0.0177591245259487 -0.0243718836098673 0.230933246905488 0.637116020727488
-0.0402878312594451 -0.0231064270127675 0.470170050721131 0.072122135749144
-0.028709162484104 -0.00285117898536421 0.21471285359167 -0.236253964484576
-0.00271548977944458 -0.00890053733279203 -0.0900205261419045 -0.22827227792274
0.00237336523102034 0.00392335798301036 0.0454085959017282 0.190181900425812
-0.0170906384703037 1.77245566928656E-05 -0.155397000358676 0.145027705668709
-0.0364437867261152 -0.0139502867314959 -0.387128355272672 -0.0880076906031328
-0.0260422101942948 -0.0252443535636852 -0.181231368106121 -0.49910880350565
-0.0154637075826041 -0.0012802497022484 0.509495215379934 -0.448580945634593
-0.0319137775759191 0.00409952208482468 0.653108127421048 0.229929884488749
-0.0308144698697699 -0.0102719030466306 0.15799825012431 0.46765513302992
-0.0197804034674295 -0.0325918645822112 0.0616986508128447 0.0428850134369754
-0.0380050631834401 -0.0199847752960382 -0.0675066988579613 -0.438820872645809
-0.018158378762009 0.0155951939399507 -0.713986650610475 -0.226656435388365
0.00218114333679806 0.00562943180826142 -0.538576386737457 0.622699801694215
-0.0164063378733366 -0.0240899356745117 0.319279455173701 0.578571774999081
-0.0364600068145577 -0.017396091300957 0.47385060927034 0.00213546614544216
-0.0275234114522785 -0.000173197561113264 0.193524332357413 -0.26282902417931
-0.00189070225626588 -0.00837696788170955 -0.098325326041753 -0.235783735274086
0.00300976536579657 0.00382463905448624 0.043100635824843 0.181282405178681
-0.0143517559239562 0.000964165339934816 -0.15941997613196 0.122806362557184
-0.0292265784308306 -0.0118460011338552 -0.371661217014574 -0.136022655731284
-0.0165879404625822 -0.0261654098597863 -0.105651940863308 -0.527663625777969
-0.0150833913979716 -0.00563258052226383 0.576036663043909 -0.375505261343525
-0.0296171040395811 -0.000977672840483432 0.618046596307883 0.322336495673319
-0.0274504608369989 -0.0101931052048509 0.109543720397618 0.480717566636004
-0.019447245136082 -0.0284793082538935 0.0565776704848753 0.0280085114340173
-0.0359657246545858 -0.0155207406158819 -0.110920363123541 -0.434038809319818
-0.0150112241481498 0.014295271393301 -0.733545651920861 -0.125949414205511
0.00296317084433053 0.00375027832985177 -0.442344206233405 0.679318202040021
-0.0123714495039517 -0.0195739678185901 0.39013832032404 0.516815411635797
-0.0268505949264069 -0.00909858439048988 0.468951634790652 -0.0614237991029193
-0.0204091938877751 0.00192381361010417 0.174058963964794 -0.284298708421769
-0.000490399777287482 -0.00646760236547489 -0.106615839200586 -0.241005702765753
0.00361203065573453 0.0038933196718193 0.0427213216197388 0.177373917209246
-0.0080853751068263 0.00303331358569233 -0.162807847037113 0.105377993586173
-0.0176637270282916 -0.00634013395859721 -0.356413791769449 -0.170093577381106
-0.00989450091550738 -0.0220788294100135 -0.0460943714394616 -0.543588517626668
-0.0141189233540086 -0.00987610749264512 0.619163653533459 -0.313040220241881
-0.0236256702644849 -0.00607243728806248 0.582490352840995 0.390662240132814
-0.0220727150375336 -0.00546961064331439 0.0716535628090866 0.486598449828158
-0.0180792440368491 -0.0203446718865344 0.0536866196548355 0.0167139535847594
-0.0294459832829773 -0.00944691102046431 -0.146658819642528 -0.425276895237195
-0.0101445938701712 0.0104016946531694 -0.742315767688154 -0.0511695287752751
0.00505043262180542 0.00272071979145953 -0.368258682264595 0.71218313084045
-0.00303995235061432 -0.016742939879143 0.439820358510837 0.463242810861159
-0.0122491212577234 -0.00459992498391551 0.461705780657927 -0.105980758597453
-0.011414103604631 0.00249174953564639 0.157472277958738 -0.297223780526487
6.76883950272867E-05 -0.00469165311177271 -0.114181381129055 -0.242904207729658
0.00662302558819016 0.00398965514037682 0.0421638052179278 0.17529216460993
0.00117619706109544 0.0069974549141734 -0.162751229050399 0.096497492353418
-0.00505635546897327 0.00365076428999574 -0.34944160374334 -0.186958387094474
-0.00421272556325914 -0.0145880965216468 -0.0134717553931875 -0.551026844152627
-0.012796904236921 -0.0129570587459526 0.637744090389022 -0.2798336193192
-0.0141950661576915 -0.00755287546157783 0.555619792020885 0.425339521105684
-0.0159466040772312 0.00476176723054599 0.0541152537883022 0.48871284373329
-0.0144477972895333 -0.00793672775305691 0.0507475408086186 0.00959171974419427
-0.0204345369792304 -0.00471851896837351 -0.163595147270663 -0.420018842760148
-0.00343856251292169 0.00403448860053124 -0.745519481947534 -0.014646618939756
0.00788261234851282 0.000325577012963928 -0.329649525749117 0.725248351676275
0.0071587189811741 -0.012305030656191 0.457383128333821 0.436712431535063
0.00343032320977185 -0.00103680461632195 0.455741160283658 -0.12661087783428
-0.00103935842833588 0.00134118273202739 0.148870927666769 -0.302199305588164
-9.41360746267695E-05 -0.00318604992547883 -0.1174362086283 -0.244399295097166
0.00905652954480377 0.00645832071512831 0.0420517330358591 0.176770015930434
0.0106852254989992 0.0102485522370006 -0.165591278874739 0.0980357522519383
0.00780210283436624 0.0135824286424422 -0.348797411725029 -0.180165576081187
0.000584096338239022 -0.00591998602671358 -0.0129071997414247 -0.551159782363215
-0.0096496652975029 -0.0149291575928955 0.634874792823473 -0.288514541019131
-0.00292190552657766 -0.00791434536317023 0.553832781626918 0.418570500442403
-0.00900993249536699 0.0153029948326908 0.0535424823416179 0.48465098197007
-0.0127008876763166 0.00713371440510494 0.0502868089556886 0.00870327469533769
-0.00831045443798776 -6.92936272759636E-05 -0.166507723044776 -0.422645996276567
0.00454842780895665 -0.00256162240038117 -0.749094607539671 -0.0210733032679745
0.010190726227519 -0.00113436792122943 -0.335404808110475 0.718580063440733
0.018971943400177 -0.00851103966720775 0.45430362446594 0.439216320904933
0.0186817399178097 -0.000263905761062291 0.457312450433826 -0.121708003310354
0.00923675954733487 -0.00160750671134417 0.150905834081061 -0.298960200416731
0.000622649764650201 -0.000940865278577695 -0.116280183759824 -0.241558254406944
0.0114058918886297 0.00920786747861297 0.041796932724285 0.179285494187589
0.0201157338751563 0.0121790636406271 -0.168161604900252 0.109795391460215
0.0185710300131332 0.0218240804930518 -0.360443992175934 -0.157481318519477
0.00379122365519338 0.00330786875667908 -0.0523915616196053 -0.546345186488328
-0.00704150462901286 -0.0148553090701122 0.606477916101223 -0.332985661830061
0.00673583046965487 -0.00841066365847008 0.578995806996854 0.375976182154971
-0.000914970282632074 0.02669914542826 0.0732062046343768 0.4789067096231
-0.0104234953346872 0.0199087690938432 0.0517061841813223 0.0125822515582764
0.00137293362476444 0.00480894167060519 -0.147989608893737 -0.431260816975218
0.011773225518471 -0.00836275443769921 -0.749427017427308 -0.0660983943419532
0.0137061949912092 -0.000690848305351394 -0.387259101256123 0.702105507911885
0.0267103512777876 -0.00205651414062321 0.427541718294568 0.471903704576079
0.0323367572141367 0.00175163472371603 0.465417029589351 -0.0906209767269712
0.0189354122013801 -0.00196968734345281 0.161652930960378 -0.288021571546158
0.00120401462208369 0.000832447704363594 -0.110542646432925 -0.237932735136817
0.00588905900498737 0.00651427479979772 0.0546064238312367 0.208452331588543
-0.0129674105629008 0.000658744322765579 -0.137865318627453 0.193575574780755
-0.0369291318251955 -0.00808328938979707 -0.397566153015104 0.0210677077302157
-0.0344279936174998 -0.0140145651696351 -0.319120651318859 -0.409660228846019
-0.0130063441949942 0.00233956621738454 0.350109240615468 -0.559150507632143
-0.0232730527868703 0.0113747241069249 0.687234751711553 0.0328066437492095
-0.0257942115504295 0.00154950056370634 0.24727233392831 0.425708576941183
-0.0189203872997668 -0.0245923678482913 0.068268779625625 0.0706539593876602
-0.0295893060495897 -0.0236148743383313 0.0347383040214309 -0.441640582548468
-0.016701895461075 0.0119672084111531 -0.622263083135846 -0.439752328070282
0.00411910380442025 0.010157191003334 -0.723359141335262 0.441271045328681
-0.013144659195046 -0.0238522078037002 0.133570231477096 0.682246032321318
-0.0381517477673218 -0.0247768510902232 0.457988284077521 0.143419918382515
-0.0272445126840324 -0.00386611986026285 0.231266463489224 -0.20899657260376
-0.00259171419368437 -0.00946281694482853 -0.0820149246665338 -0.223270958344201
0.00370580613373725 0.00512076337695421 0.0498993815577088 0.19924744611735
-0.0169017702637157 -3.45815548698845E-05 -0.148569952738719 0.169118524399006
-0.0400711948665965 -0.0117566900958022 -0.395604468266739 -0.0332797187454228
-0.0319712314975109 -0.0209864004708798 -0.253641864709372 -0.459456204333661
-0.0144666036546522 0.000919238975336686 0.43220430789602 -0.512020390357417
-0.0286994138901445 0.00911060348022247 0.679477925644029 0.129254875683061
-0.0305304544987035 -0.00507059324831223 0.203607689636611 0.447635469356894
-0.019046322524129 -0.0309917469044646 0.0647313829242017 0.0589905521807661
-0.0353367433049604 -0.0228340204575669 -0.0127181288874552 -0.444143940896297
-0.0191355403223006 0.0147660808537493 -0.67326813934829 -0.339838827999983
0.00328557143126519 0.00801181949032083 -0.640591396583524 0.536380645413259
-0.0173398198045505 -0.025289423282923 0.226897914371808 0.640414390659411
-0.0397699111777722 -0.0237291916543901 0.471904737409134 0.0744021328963236
-0.0301572685904889 -0.00237426109735678 0.216839281249556 -0.235881729650102
-0.00299995697060863 -0.010624411619247 -0.0897346441347628 -0.230526225951577
0.00257072045387161 0.00412302927838528 0.0468529286970981 0.190784349057747
-0.0176235637883332 0.000273687874658277 -0.155604387312738 0.144754045885967
-0.037179901872897 -0.0145416690732931 -0.387693854035948 -0.0896021753919086
-0.0259896443997601 -0.025078380939597 -0.179014596113078 -0.502006275711743
-0.015468617007442 -0.00278541411489096 0.512583899341922 -0.446796494374351
-0.0327533968169233 0.00416782812003983 0.653748720998338 0.233928072078969
-0.0314949069383305 -0.010046950457657 0.155653017518035 0.469510594487714
-0.0201004912609186 -0.0320135148281259 0.0610912611745349 0.0427318111182739
-0.0383828277776915 -0.0205047482886922 -0.0621893014492948 -0.442194690300993
-0.0187896944678511 0.0157390477326433 -0.712967510337994 -0.230879025457217
0.00208371220671793 0.00535274708858625 -0.541635412234845 0.620421487444597
-0.0167419015391763 -0.023588094317301 0.317229576977778 0.582402874458169
-0.0364650173785425 -0.0167341203357514 0.474255523572734 0.00361161549854844
-0.0261322365609797 0.000646443493850086 0.19629698029789 -0.26295858152918
-0.00216931831882633 -0.00880667703284163 -0.0975623217965142 -0.236815175920173
0.00311533163027703 0.00246941381387918 0.0442263782787968 0.183379731663499
-0.0153367145154104 0.00175941743861218 -0.158926795486363 0.121806893300069
-0.0287759327624789 -0.0127160644128848 -0.373205935462356 -0.13935617745605
-0.017903356465337 -0.0257678131950113 -0.103334186679436 -0.530769651095024
-0.0156477424304019 -0.00585244735981118 0.577999853944507 -0.373464568647564
-0.031105851883975 -0.00107030195289245 0.618107259341932 0.326629719685713
-0.0283558923502038 -0.0100843840691008 0.106618593243016 0.480737466993722
-0.018847255348689 -0.0281356300510491 0.0568424550727935 0.0291905543636161
-0.0360359097019643 -0.0159947033302092 -0.108642930441532 -0.436857482170208
-0.0152665569910105 0.0141794425348539 -0.73760861017561 -0.131242182564823
0.00338730782568331 0.00356671460266555 -0.44649752853446 0.681311334063083
-0.0130230522415905 -0.0200638716516585 0.38982286131779 0.521670121606946
-0.0265535996494508 -0.0105521870435386 0.471362576766425 -0.0578568940568426
-0.0200922452535513 0.00241182112761268 0.174741710146693 -0.28413773947146
-0.000771049488483145 -0.00679767297331729 -0.106181233492568 -0.241793530158673
0.00440882192628259 0.00360342534549032 0.0434759693311515 0.178422246644419
-0.00896516255247128 0.00352493977575536 -0.162685477945466 0.103626162188832
-0.018077855677156 -0.00613945231267581 -0.357919449365746 -0.173718026556658
-0.0102656941932098 -0.0216775349400752 -0.04452259050131 -0.545826737429123
-0.0144545379820004 -0.00890130892263302 0.622366488190121 -0.311544674876212
-0.0232867045715846 -0.00558915519009425 0.579804425375463 0.395445471232698
-0.0224170976002437 -0.00538881622995849 0.0692037845616711 0.487095477795446
-0.0180154386737765 -0.0186098926115578 0.0539412339446368 0.0177473212200823
-0.0296835534582581 -0.00939179655262104 -0.144015341836149 -0.428012827585496
-0.00943923299036923 0.0108096080879677 -0.744443039785344 -0.0566687204107143
0.00509230654070395 0.00119342400681917 -0.372476807345052 0.714430417400795
-0.00389948691360846 -0.0154164472636203 0.436695257861531 0.466953623545557
-0.0118177534269176 -0.00562546496100697 0.46233770138099 -0.103066571868117
-0.0114580686031448 0.00271560766512891 0.158977751427825 -0.298831064722553
-0.000288293564571084 -0.00548273123321647 -0.11308135022485 -0.245001748084602
0.00659767255322112 0.00458672650755428 0.0420579875273282 0.176215442203418
0.000422334359109479 0.00687425804801545 -0.166479783551941 0.0963385445337787
-0.00437941293664201 0.00391743136175994 -0.349519553004456 -0.188645605720103
-0.00528679983994529 -0.0150443830062962 -0.00992862392016926 -0.553709650821923
-0.0111881309568827 -0.0121044286377599 0.640698583207349 -0.279546211300945
-0.0146963928987804 -0.00812834967212881 0.555606231982033 0.428889885807486
-0.016146161827309 0.00491204754287041 0.0512625769222761 0.48948915144168
-0.0151298066337631 -0.00641715855137921 0.0516665272086923 0.0100767908135392
-0.0200758560848953 -0.00506460484845353 -0.164196045848658 -0.423380493413834
-0.00254682241699227 0.00347750863981318 -0.748754040247681 -0.016256359099571
0.00769174419442205 -2.40104528991653E-05 -0.334183406387773 0.727980013965779
0.00733987879929451 -0.0118494888800863 0.458386578685167 0.440481901168678
0.0036237685841315 -0.0027983142941045 0.458449748819084 -0.125327270820399
-0.00144658679074537 0.0011262075337189 0.151219917391495 -0.302193579600338
0.00118262391627957 -0.00249075351455691 -0.116425940710722 -0.24520993891119
0.0084795381459367 0.0063421055255635 0.0419883178730912 0.17717477475833
0.0103660198694585 0.0103371487407926 -0.167362871531926 0.0965455604147765
0.00712207214080222 0.01395868539441 -0.349307008866069 -0.182976054350807
-0.000907946352522234 -0.00522867016275372 -0.0140531337450334 -0.553632452022245
-0.0105821306021181 -0.0143197385899564 0.63842751092659 -0.285290196681029
-0.00309146843136072 -0.0081761751970813 0.553628951046648 0.423732079922499
-0.00923956512349046 0.0171649413303111 0.0496801501154067 0.486135234493016
-0.0121422872435242 0.00708919579748969 0.0495602381605587 0.00824480598364493
-0.008364193696423 -0.00041725454020013 -0.163980574830933 -0.425631603694526
0.00357554174122742 -0.00306409807639244 -0.751030155905612 -0.0244410033143915
0.0112044497477998 -0.00124105869904535 -0.340968049495833 0.721115410969044
0.0195862340201032 -0.00765805254182137 0.455449931735069 0.44368877787064
0.0187594315358547 -0.000718089997949686 0.459591821889755 -0.120516844487849
0.0102539876844122 -0.000499193025878444 0.151951125132345 -0.299014391687529
0.000628964858836401 -0.000558678631964514 -0.115472505112765 -0.244419416283981
0.0109569432990968 0.00810272513980196 0.0423675357848139 0.181208715572941
0.0197148818030788 0.0131950941895324 -0.16835708293897 0.108301699534132
0.0183731140608107 0.0218192312038426 -0.360133138340745 -0.158045439627175
0.00412880207966424 0.00381787963448562 -0.0493236638031362 -0.548571116114058
-0.00703609512928437 -0.014908816859333 0.611755809420061 -0.329556958919627
0.00669912586898988 -0.00750789781034803 0.576127044541616 0.379330050467629
-0.00109197545900997 0.0272914373371052 0.0709070159835448 0.48123801414453
-0.00953335751244462 0.0206199389885536 0.0507009305231877 0.0123786384749048
0.00163281558697761 0.00511537117059077 -0.145196717656081 -0.433599972947078
0.0108164812043958 -0.00876881205740157 -0.750530436025162 -0.0690514668397518
0.0128974676666299 -0.00162884554484759 -0.390662918447366 0.701977524382526
0.0281978781433191 -0.00215800726977373 0.426764590270755 0.476370500356497
0.0324272969620908 0.00138960439106111 0.466520957450978 -0.0902702250373684
0.0186560675100009 -0.0018406600579262 0.164942932889226 -0.28777852114338
0.00134821091639876 0.0018082734994525 -0.111191713854786 -0.240298916601901
0.00573554805411185 0.00547232410972475 0.0561384104724544 0.208795135597534
-0.0122247765389708 0.000937937231385053 -0.138944238207228 0.193266545991934
-0.0376141149809483 -0.00823766157401625 -0.399957063450919 0.0200805564120042
-0.0346677630971683 -0.0136288724485877 -0.318583220272778 -0.411291083793564
-0.0133588937057311 0.00216359035468768 0.354143118284422 -0.560511219949058
-0.0230254256535692 0.0104204909483421 0.688528752975142 0.0377502797769462
-0.0263338149778441 0.00112516902558484 0.245083956828022 0.428766816325465
-0.0186469763525629 -0.0238347218105638 0.0692014720675454 0.0704072741282225
-0.029493099559886 -0.0226861437555464 0.0364889490499781 -0.442813595809538
-0.0173925907388951 0.0115654069957013 -0.622636296561945 -0.443369541273046
0.00416612120835982 0.00976183083375334 -0.726404162111373 0.441032181453289
-0.0135991468725573 -0.0238147070427668 0.131810940097331 0.6877347778467
-0.038077875210929 -0.0259238655362988 0.459910317055529 0.145688241233533
-0.0275501233257817 -0.00337394767269308 0.23342102462594 -0.207832621651353
-0.00208851163663208 -0.0104382109655983 -0.082393090678881 -0.224232007602982
0.00391910539248947 0.00423935652431152 0.0501491276466759 0.200940726885306
-0.0165119771176301 0.000303701170428074 -0.149736582262732 0.170115002180305
-0.0404116731071703 -0.0122406836568002 -0.397621846199742 -0.035397079147947
-0.0323745898354093 -0.0208280942328895 -0.253976142740239 -0.461080268342929
-0.0147902940317416 -0.000298221112363248 0.43543828945958 -0.511786392661668
-0.0286883481590838 0.00886242472555492 0.681484516774825 0.132665566112291
-0.0313237044530644 -0.0045281402943124 0.201483569352982 0.451717402149068
-0.019990507079942 -0.0301822939080237 0.0651755679265715 0.0586816375420738
-0.035893256992264 -0.0241908025022486 -0.0098276325486108 -0.445929765869562
-0.0194994216520193 0.0133395305611491 -0.674223322624594 -0.344606824322703
0.00268169198525019 0.00742946251971697 -0.646702418397911 0.536632391262937
-0.0169642156002185 -0.0256618779879012 0.226878537838593 0.644976839227254
-0.041255738429193 -0.0233339550268669 0.475191686549373 0.076944553560735
-0.0294591448364539 -0.00170217483472383 0.217037613277485 -0.236584788759176
-0.00316157357227177 -0.0102612664749147 -0.0886953547346103 -0.232008951248831
0.00269517782621831 0.00375768225070003 0.0473174528673423 0.192748466465682
-0.0175923144685827 0.000149595832878922 -0.156913449754939 0.145096381579279
-0.037476157318762 -0.0143426024186378 -0.388546070095629 -0.0920741524747472
-0.0260753744903814 -0.0251080102527946 -0.177910195861267 -0.503762614602152
-0.0152923260679745 -0.00163140975112525 0.516201486779876 -0.446542672187862
-0.0328318621936537 0.00361410918641342 0.658242663433744 0.237705042722013
-0.0323071114603067 -0.00975076874800534 0.152284163238159 0.470701161634897
-0.0197892253250024 -0.0321636422803968 0.0616514856933187 0.0439160139871203
-0.0380832358157014 -0.0212516961255884 -0.0604368245709407 -0.444211126980451
-0.0188138889175995 0.0147044702800809 -0.716638363755933 -0.235652408430731
0.00302150515178935 0.0049202162885318 -0.546899585742316 0.621071154554776
-0.0166697858136682 -0.0244022021048385 0.318215283322681 0.587172232934233
-0.036667950356656 -0.0174319316381101 0.478203207536572 0.00615667215535218
-0.0269335428777067 0.0004432988980559 0.197388726441617 -0.263884859181551
-0.00217035671974172 -0.00880054049097419 -0.0981057457628462 -0.237581853316739
0.00293283095570444 0.00307451174447725 0.0440150428613373 0.184702056990608
-0.0149428533699032 0.00222922560860649 -0.161100546967129 0.12134793781669
-0.0284381579027322 -0.012676011371672 -0.374577643161613 -0.142202228854289
-0.0171288649855356 -0.0266228476447348 -0.102598780187661 -0.53317523970523
-0.0153038806741728 -0.00590221136092994 0.583004874195314 -0.372331969405437
-0.0309021666204679 -0.00210734233387223 0.61910542956717 0.33195613377939
-0.028774029331718 -0.00941021398784385 0.104256070431945 0.484717807985292
-0.018627429016163 -0.0286008547063283 0.0573246486605351 0.028969537311493
-0.0362227694055709 -0.0160066369017812 -0.106575248281101 -0.437858660623252
-0.0158060344268838 0.0147326473720474 -0.737919358660409 -0.134429644814565
0.00374997851505258 0.0036103037496928 -0.451697718615478 0.684272095253423
-0.0127796496065124 -0.0205120066198804 0.390613863942557 0.524137466087337
-0.0264919053677083 -0.0108256188086115 0.473350042635609 -0.0576116147407268
-0.0201274994820566 0.00231746889792111 0.176408140927057 -0.285931398727664
-0.00104844005601243 -0.00778866230456612 -0.105600353673538 -0.24397253858784
0.00428615912223961 0.00337489684247508 0.0431725142448618 0.179906102141098
-0.00856510394236608 0.00337092515650179 -0.164274708089596 0.104197298108667
-0.0171460106902634 -0.00627501664630228 -0.359990625547483 -0.175576480507562
-0.00979831489638068 -0.0223254487290183 -0.041522884847667 -0.548836279428403
-0.0150640294450807 -0.00934438234151866 0.625666591114684 -0.310093635397698
-0.024046982116945 -0.00604652419250065 0.579992188939985 0.400781757181407
-0.0236292478004962 -0.00422855708449123 0.0673160421392692 0.489608150319092
-0.0176282656389255 -0.0196262444816498 0.0535996522880254 0.0173851952826106
-0.0293596739644156 -0.00959745088949504 -0.142239860314687 -0.430112627563913
-0.00949282448758037 0.00933635712376162 -0.747844769784615 -0.0595798210857334
0.00458874155885159 0.000903996558588125 -0.377697833258014 0.715872282155786
-0.00258767006873692 -0.0160398013624666 0.438898020936433 0.472769574902723
-0.0122091512687668 -0.00552072219867099 0.464872075001991 -0.10326122826261
-0.0113834531029298 0.0020128104125447 0.161366223402611 -0.298811378706946
-0.00046131728004882 -0.00558747171248297 -0.113574549636195 -0.246521013187107
0.00612916670863757 0.00564232025567936 0.0435263097112346 0.176530134798057
0.000571514318739268 0.00710803417203852 -0.166473861045478 0.0941800846802171
-0.00425997259347923 0.00303321855186044 -0.351354784504646 -0.18984133850046
-0.00391823007154548 -0.0148076810517869 -0.00996877849425869 -0.554816692081411
-0.011487098990193 -0.0120634477408495 0.645190221340602 -0.278029925344414
-0.0138718858508861 -0.00809378025017063 0.55558469067995 0.434068828003811
-0.0167672518205544 0.005655281658698 0.0484576027122115 0.492318309300295
-0.0153403397360822 -0.00704942397553785 0.0523621438758109 0.0106760065383458
-0.0212764254861839 -0.00536237384573439 -0.1604808269471 -0.425343835202782
-0.00377667329115248 0.00375110808313936 -0.751070402689705 -0.0212444921590537
0.00839483358735185 0.000532102216252441 -0.339444946852123 0.728267461454632
0.00762900226515425 -0.0116371457032993 0.459247042286526 0.443214651729479
0.00338256177197477 -0.00212259754633934 0.460249054200373 -0.124458233241371
-0.000796005469444848 0.00142735792871081 0.152405395126029 -0.303286812588433
0.000459638289190165 -0.00320162425517316 -0.116209985012531 -0.247629834728803
0.00906147739840366 0.0066162586269475 0.0420587061223938 0.178101594595689
0.0113093139894223 0.0102468336994013 -0.168753178908658 0.0981683140268306
0.00789423393834081 0.0140428434765457 -0.350976013526158 -0.18503164672499
5.1782608020158E-05 -0.00566522218380566 -0.0100804717843523 -0.556745521306457
-0.0101814828265266 -0.0140734304551508 0.640767284643821 -0.284921920704902
-0.00335437431317399 -0.00875392671216866 0.553578131327786 0.426632338385361
-0.00914081063114548 0.0170064272708232 0.047587119856951 0.489990175206052
-0.0130205834480905 0.00694296156178176 0.0503055235529891 0.00963612463475991
-0.00861375098584144 0.000477582988525782 -0.162100852815091 -0.427508385017985
0.00385738779898627 -0.00275915418570985 -0.752735765245072 -0.0280573683897545
0.0111512208237165 -0.000993111460527053 -0.346504352268088 0.723245961860944
0.0181864044766093 -0.0067841078009884 0.456962738039838 0.446769506181631
0.0193409664504684 -0.000194330698100399 0.461705073725528 -0.119799782045584
0.00889297058909039 -0.000244155543535351 0.154919871802574 -0.301974353859681
0.00113993247630225 -0.00101114393864175 -0.11582300193876 -0.244893512640761
0.0109731757074689 0.00911649529933868 0.0429572597174903 0.181990583923171
0.0201237763276924 0.0126833970570073 -0.169708111676902 0.107108959795311
0.018317883176378 0.022791715152399 -0.362042737687768 -0.160277874981451
0.00374355289851872 0.00372490542773764 -0.0465370884051016 -0.552178405716362
-0.0073708822057748 -0.0137523201536825 0.615443264576249 -0.329397225414402
0.00801207173611315 -0.00735313847849397 0.578652132825136 0.382533527399625
-0.00145233877342807 0.0279880012956996 0.0689157690832392 0.484260637543319
-0.011149630026135 0.0200940168205001 0.0519199561365648 0.0138069048576853
0.00107454416451314 0.0052564525163539 -0.142402626593066 -0.435843535816843
0.0111141668191499 -0.00886978081847416 -0.753083795988975 -0.0750867711454517
0.0133700193752183 -0.00137411042774977 -0.395254130218288 0.702495952620175
0.0278497202905695 -0.00209462641760884 0.426357266464752 0.480849916170172
0.0318257928560739 0.00210573532892061 0.46961832899534 -0.08932041424365
0.019229652534354 -0.00261370120243007 0.165407555796616 -0.289405561098105
0.00146433428764965 0.000896373866973285 -0.110192222234005 -0.242416474466607
0.00554299165681447 0.00601037978601532 0.0565216353796398 0.210129699406175
-0.0132670972490344 -0.000424100872203939 -0.139225103034304 0.194120865252837
-0.0378156792094708 -0.00806345684382069 -0.400787119502608 0.0192622435790419
-0.0343591718614703 -0.0138999765135421 -0.316906191419747 -0.415482520936244
-0.0131377955357325 0.00199486780579908 0.354416974729752 -0.561017602922969
-0.0236305448325441 0.0102297244197754 0.692250276728958 0.037809968672834
-0.0261460899199524 0.00222768915199416 0.244631571794066 0.429617070668362
-0.0188981021715338 -0.0237930361828472 0.0697095334700464 0.0715726272060003
-0.0305007021424041 -0.0235752855974262 0.0392713198181071 -0.447553908965314
-0.0183356905301383 0.01091522998076 -0.623869902325483 -0.447692936613989
0.0048796976554527 0.0101632274615937 -0.733848650554259 0.441806611806916
-0.0137753319200119 -0.0230337705029919 0.132405265920701 0.692622705834161
-0.0390060037689643 -0.0265953376687521 0.462685025808046 0.146961839987939
-0.0279037481699552 -0.00362639100367895 0.234741694022324 -0.20933090887783
-0.00291314738953864 -0.0101753055654684 -0.0827435378726827 -0.2254175176087
0.003747621869999 0.00494271144725855 0.0525608477063561 0.201634242026562
-0.0171544814470645 0.0009401793610386 -0.150242313384629 0.169788327626607
-0.0410881929719356 -0.0127341749179176 -0.401069183939379 -0.0367882255812876
-0.0317975335942233 -0.0204562160071977 -0.254563425301145 -0.463696265421369
-0.0152530132119839 0.00112827446015761 0.438790427129366 -0.512902763789603
-0.030023116353928 0.0087567277826671 0.682934520845298 0.135070868321065
-0.0312032343937776 -0.00423400862398949 0.201115424528149 0.454422931755204
-0.0202194300841787 -0.0307164751061751 0.0659185588049787 0.0591058337292701
-0.0365578637155706 -0.0235152038980011 -0.00824847670255665 -0.448412205132512
-0.0214838639686854 0.0143420253715059 -0.676050454210236 -0.348553930157246
0.00355047146593125 0.00784011918293217 -0.652253589205454 0.53924761479864
-0.0166189354617936 -0.0268564013349716 0.227525695522075 0.651731748406689
-0.0413150804381833 -0.0235673080564446 0.476074647291476 0.0776749012929146
-0.0292204610390143 -0.00183014790489519 0.218836699439669 -0.238593811449993
-0.00406456655985846 -0.0111951571695855 -0.0889424353389605 -0.233822201604267
0.00251269667465375 0.00372463341368598 0.0478967287033845 0.193958951181386
-0.0186286024743606 6.53985352142413E-05 -0.157901418068593 0.143903065823157
-0.0380444424291317 -0.0138769537692728 -0.391912950823917 -0.0920071779929073
-0.0256040045790206 -0.0254162303158534 -0.178450939079399 -0.506496036316303
-0.0146577530115677 -0.00269617532909682 0.520778856152477 -0.447575534895421
-0.032363069052625 0.00330573386489127 0.658483519404985 0.241385718416007
-0.0321048020313837 -0.00903799560654995 0.150659658399777 0.474888982398338
-0.0199316649644089 -0.0326287638634983 0.0625336758098533 0.0430834036935778
-0.0389283564551649 -0.0208669706106574 -0.057611067196954 -0.44678429575918
-0.0198947248088409 0.0155002078362864 -0.717804694586811 -0.23996142293042
0.00279252982044696 0.00633456161141803 -0.551698617085296 0.623511947018266
-0.0171848503913502 -0.0242922486477708 0.31867208282967 0.592946392266507
-0.0381709158997342 -0.0175225234111182 0.480151998257786 0.00647157898875723
-0.0267043062860816 2.19679916269771E-05 0.198990314994684 -0.265829053556306
-0.0024729190037226 -0.0103041986254339 -0.0974457420296923 -0.240121957295848
0.00386070064637311 0.00300427108763776 0.0463245066231675 0.185567018164092
-0.015683777649228 0.00129760178699209 -0.162175459610893 0.121019196284849
-0.0294127479288273 -0.0120484053759044 -0.376746606802408 -0.142708016106311
-0.0183110021485758 -0.0273816883608373 -0.101379661328166 -0.535025427318254
-0.0151377909073286 -0.00630969719417024 0.587926204189493 -0.373167403646073
-0.0298998096183329 -0.00164001733276446 0.619293789334341 0.333847207398096
-0.0285742223810854 -0.00872356230800134 0.104294880226936 0.487186880313767
-0.0198912093238683 -0.02839695439182 0.0582266235884741 0.0294650581607029
-0.0366306926148246 -0.0154684340266496 -0.104337204295973 -0.439635593830466
-0.0164297488171096 0.0140362602287289 -0.743098477239952 -0.138079426622661
0.00334145755742838 0.00319147530429642 -0.456410297009252 0.68600913130298
-0.0131877451105944 -0.0200373096415973 0.390971536461739 0.528925280645074
-0.0263296250905621 -0.01072287144354 0.476214580758211 -0.0563314468026668
-0.0210931754967742 0.00206418978618424 0.178552230277146 -0.286931637882929
-0.00167047356654791 -0.00812953452048418 -0.106133454922274 -0.245530430504376
0.00575274612285469 0.00316569016948331 0.0439312349830156 0.180396856210823
-0.00853536621818916 0.00300357643010244 -0.165985707330581 0.103034598757821
-0.0174326714828339 -0.00573704564297794 -0.362457538344802 -0.177761599120581
-0.0101460415324085 -0.0229547668930721 -0.0408196247378851 -0.549988285973945
-0.0147570405581926 -0.00890747015321946 0.631164280165575 -0.309889984761567
-0.0245541240282374 -0.00634900161458848 0.58105973592174 0.404271260946987
-0.022568241173269 -0.00391272813842051 0.0652397886600548 0.493698696763858
-0.0180915348265988 -0.018935338916681 0.0542934660730842 0.0174138030565446
-0.030457859796718 -0.0107486135130473 -0.140328302664754 -0.433285986993073
-0.0105347039499682 0.0102122380091718 -0.750285633808996 -0.0619534517144126
0.00484084455766151 0.00163582980756623 -0.383233699379594 0.718559329216518
-0.00360926712141186 -0.0166047992621231 0.440022552834881 0.475295466897799
-0.0121010709193837 -0.00559248351578605 0.467288175131464 -0.101273422298097
-0.0118843409765486 0.00279787895937126 0.161700992430969 -0.301188508352305
-0.000911388762242759 -0.00609992268917731 -0.112483366776652 -0.248640842274745
0.00617818075592391 0.00594556488004236 0.0437968126314596 0.179089451659174
0.00033206608182495 0.00764307909400777 -0.168065726698993 0.0938557334210685
-0.00549982349119667 0.00439708371736006 -0.35309684942944 -0.191612226086832
-0.00481563663530496 -0.0150423747117392 -0.00664246921260827 -0.558560097552723
-0.0121671996548845 -0.0128070582974987 0.649291010133175 -0.277782273323862
-0.0148483993865229 -0.00793964809954944 0.555980231922072 0.437783806633476
-0.0170080152173587 0.0052871664761119 0.0444836461655293 0.494421975257194
-0.0152386686288497 -0.00640403147462164 0.0518404306172694 0.0110927050253101
-0.0213004530111138 -0.00493144819091485 -0.160274412333038 -0.429813547089929
-0.00338345120827382 0.00382691264251374 -0.754565521973569 -0.0221708679359531
0.0080080592862129 4.88956276033913E-05 -0.343574728785449 0.733224436137616
0.00718575629739131 -0.0117788637139943 0.460512013317539 0.447612096020952
0.00354853723167383 -0.00334927688638669 0.464603129697443 -0.126419541772031
-0.000571834136807404 0.00108638231067597 0.153010458810404 -0.306112292173704
-8.44104308607586E-05 -0.00350187447120755 -0.117075566830097 -0.248966310752867
0.00796510901171844 0.0057882588048371 0.0436314393567157 0.178405392661004
0.0107910526934396 0.0119335275348676 -0.170188205871414 0.0965594260240586
0.00794350149225183 0.0139272417251652 -0.352298876087092 -0.186170990507854
-0.000285202688833888 -0.00619560781562545 -0.0103710504730066 -0.559711007436939
-0.00964470417434488 -0.0133384447565512 0.645415896959074 -0.285182982996848
-0.00343236948490565 -0.00755859622174359 0.554784524081725 0.431555064715535
-0.0105984493900548 0.0180609085079316 0.0463684527609763 0.492491986714052
-0.0129595904160923 0.00590250356675682 0.0508635831730365 0.00938695011647626
-0.0101337590440106 -0.000982478310166578 -0.161330251597685 -0.431913907501248
0.00446316919446998 -0.00301016808285411 -0.758009028896557 -0.0292131327071871
0.0111814383927753 -0.00172597509257982 -0.349904156555596 0.728580783824664
0.0186444717506368 -0.00762008946967288 0.457264882876815 0.45128854442408
0.0192335980602057 -0.000545591131345085 0.464262385348076 -0.119607117699622
0.0086030718028343 -0.000914183317771025 0.155383170269365 -0.303124674396381
0.000450368186147178 -0.00125882970132707 -0.116845885358297 -0.247644459926706
0.0100196345196854 0.00912450866698111 0.043626385420345 0.18410002091472
0.0195276069373886 0.0129543480452081 -0.171094040572996 0.107160301281986
0.0190888219030355 0.0226072839684667 -0.364398147657198 -0.161522468081792
0.00319873915445758 0.00301311452700499 -0.0481059509096249 -0.555510819346438
-0.00739308006007833 -0.014997954796834 0.619924327214011 -0.330058054052436
0.00646882458384971 -0.00774234094685077 0.578707646300733 0.3883572443985
-0.0016847210251846 0.0283004285742891 0.0670790375892279 0.486972513277251
-0.0101659923129419 0.0201843067321375 0.0517546026505493 0.0132467092553301
0.000413678813108446 0.00454515272809489 -0.141587567907469 -0.439724037781057
0.0108261925422921 -0.00876519523628573 -0.75796169488848 -0.0754977947787445
0.013927057521779 -0.00209957431106827 -0.400653579863894 0.708804726154879
0.0277708726472024 -0.00241721698140526 0.428643668679426 0.486448870484531
0.0322779614476328 0.00167240095611822 0.472245109907124 -0.0895803197970572
0.0197105821571201 -0.00240772951516183 0.166939522043276 -0.293221885801661
0.00131246546142279 7.37359805586708E-05 -0.111236183243663 -0.243662225849653
0.00462111666180075 0.00563933719932023 0.0584944998555049 0.212421279566815
-0.013424898327644 -0.000184875906706966 -0.140401590854323 0.193377999764055
-0.0384273691122543 -0.00855849061422961 -0.405425796266803 0.0192749933491978
-0.0351302053568771 -0.0142460192544997 -0.3191359060926 -0.418278523375319
-0.0137375055261468 0.00221626386549345 0.359507584491728 -0.565215811482023
-0.0234644273586668 0.0106832410575788 0.695770289871668 0.038905784862719
-0.0275747641799569 0.00304499477726745 0.243438072952479 0.433363331140264
-0.018420945394384 -0.0249874442345212 0.0698942825225704 0.0723425571978524
-0.0312162154093777 -0.0232394685150019 0.0416584057470867 -0.449500566450901
-0.0187746206406655 0.0117801211015937 -0.6271552113751 -0.453893460654893
0.00438499076647659 0.0102447719687188 -0.73992036784453 0.443119113652458
-0.0136357400080536 -0.0241720941598791 0.130886841705881 0.697046373691419
-0.0389289552173078 -0.0264791218734452 0.466632331040357 0.149135257615151
-0.0274219497033171 -0.00459502506790418 0.236956212380026 -0.212027074297895
-0.00391777879924769 -0.0108409859560494 -0.0844597638321471 -0.229541874061549
0.00299300867589487 0.00430190984678641 0.0521170529550521 0.203651315378735
-0.0188616712060541 0.000593129442371117 -0.150806265139495 0.170439676075895
-0.0408148116187659 -0.0125354077911478 -0.405004645692928 -0.035657148946664
-0.0326942563108409 -0.0209470760683773 -0.256067598892451 -0.466546456787661
-0.0150075705353446 0.000719256651786102 0.442249070456248 -0.515917517410712
-0.0307493975103744 0.00944945964581991 0.688012381604575 0.135915611133426
-0.0320762540840882 -0.00423998423774863 0.200386547775502 0.457168175735131
-0.0201006923805142 -0.0312123986408617 0.0670934405122404 0.0587684872557184
-0.0364480985934163 -0.0228266899728466 -0.00547256756913804 -0.452469073498445
-0.0215776039258778 0.0152184044525552 -0.679773061012892 -0.353418785882579
0.00440254712739546 0.00808345121263365 -0.655239485681686 0.542512084431996
-0.0166666298051269 -0.0268637582413502 0.227983990531087 0.655002639998963
-0.0416817048383754 -0.0234549749729208 0.478703481775416 0.0774144625060329
-0.0299064196322821 -0.00262563428693383 0.2210195387089 -0.239285542791274
-0.00266975494313026 -0.0107037017224251 -0.0918206384538167 -0.235929406807509
0.00184706150106868 0.00367889214789992 0.0486221911156704 0.194709396060765
-0.0191150848103246 0.000389210609927648 -0.160116690959208 0.145170524638664
-0.0375129358018807 -0.0141770071773477 -0.395136551517319 -0.0937861712976467
-0.0255616604002965 -0.0254138593676816 -0.177883739011065 -0.510016710256271
-0.0156327290204647 -0.00237989601551597 0.524864800520076 -0.44990088341157
-0.032778023784036 0.00454975186691014 0.662244153711765 0.243171565229279
-0.0316332754832708 -0.0089599057142312 0.14957947746975 0.477880510423185
-0.0198197039281378 -0.0328232016779317 0.0626741959965046 0.0437313091195578
-0.0385190929934698 -0.021588402217354 -0.0583396539191707 -0.449795383822675
-0.0199977813070856 0.0157551085540633 -0.723363288830764 -0.241565107291576
0.00284350737645295 0.005405933720795 -0.559346156816461 0.627640167770176
-0.0175918451134565 -0.0243500241018508 0.320308777176454 0.596519420424788
-0.0384163944625761 -0.0179949648266061 0.483155292087916 0.00674284232523312
-0.0260439482730819 0.000750550519722985 0.200321560011842 -0.268443909150858
-0.00210972588593423 -0.0105251822112726 -0.0983190308405144 -0.242246324012893
0.00378972240628206 0.00306809309927586 0.0466832663863657 0.187455558355888
-0.0172452481084661 0.0024597198648556 -0.164052932290655 0.119832296707268
-0.0295149032966583 -0.0121629556526031 -0.380695140082825 -0.1432859168119
-0.017943135065422 -0.0264493285912459 -0.103109607203887 -0.539892198945318
-0.0158664966784712 -0.00562069571491337 0.59139878613672 -0.375614478742445
-0.032072154382422 -0.00205411557259241 0.62324943393572 0.338375785505748
-0.029411687753398 -0.00872540901954289 0.100932430869873 0.4909454431155
-0.0192428084855018 -0.0279344381058138 0.0590569469442789 0.0303241906846516
-0.0365436760808954 -0.0172601497153389 -0.103369213634288 -0.443689345108824
-0.0173544502541911 0.0139500442400159 -0.745460318185609 -0.141215294389671
0.00413543306898338 0.00387138437811959 -0.460578730764241 0.689771097693647
-0.0126166857478334 -0.0213751108181379 0.39262350115855 0.533553461627303
-0.0274975196156895 -0.0104118168886346 0.479549841817809 -0.0560249342137611
-0.020786440863163 0.000985479613939444 0.178840265345311 -0.289305709019396
-0.00211090907953218 -0.00733742647424082 -0.107565750295625 -0.248563102737332
0.00559695216750193 0.00270127024644628 0.0462124741134066 0.182529493997274
-0.00886950171777924 0.00433066807732099 -0.165822672964598 0.101533239049091
-0.0177732786113141 -0.0070608161957021 -0.364709454164554 -0.178472301451585
-0.00920835010642151 -0.0229044837695218 -0.040913309913484 -0.55430720636588
-0.0148026632557244 -0.0103393019477781 0.635985526621951 -0.31269717377472
-0.0243588285249522 -0.00581179813572337 0.584123587651901 0.408842934430184
-0.023584886070893 -0.00345166564522596 0.0630598049617318 0.496181129685717
-0.0178945384210622 -0.0193498919378353 0.0546152916408718 0.0176998844351098
-0.0312054152353475 -0.0114268325156612 -0.139896441776227 -0.43802840625942
-0.01085348830808 0.0095142904670269 -0.755254730374885 -0.0644288436845982
0.0053046596421565 0.00191839590067873 -0.387761130767069 0.721040067312772
-0.00515636226345773 -0.016135601865051 0.443849457573586 0.479183645626407
-0.012956703019502 -0.00635065492960433 0.472379516940073 -0.104629039898744
-0.0110727843294377 0.00269966534995585 0.162078904040854 -0.303559447319156
-0.000513915900154059 -0.00558927035237543 -0.114510743254656 -0.250600261451746
0.00690571474402033 0.00452984214878983 0.0444552005764704 0.17946130288992
-0.000404326037015515 0.00744052850528286 -0.168401178938807 0.0955825336885364
-0.00483819724732144 0.00509001712387251 -0.354556176409376 -0.19358430690038
-0.00461162812623447 -0.0155594405617279 -0.00675503441501327 -0.561869743912291
-0.0127138825834405 -0.0131600487215344 0.653272258723374 -0.280128675525038
-0.0141039858742885 -0.00856317379431191 0.557592266899227 0.442415369322879
-0.0165849618954112 0.00663317692563866 0.0428426248443699 0.498101247352732
-0.0149139755572513 -0.00647145993481516 0.0518878857536783 0.00999974736907874
-0.0218841855687853 -0.00436856367349449 -0.159023125914409 -0.43444850620772
-0.00429052622224729 0.00333917618379945 -0.759487252149204 -0.026427435867772
0.00770969282970163 -0.000274502608005066 -0.344836832317053 0.737918759386122
0.00835925812819065 -0.0131837900186617 0.462486634333588 0.452435072840541
0.00305000018437468 -0.00319682181377345 0.465265971764642 -0.125634186268026
-0.000958464866179213 0.00172073178011502 0.152523476223411 -0.30884596985557
-0.00110429056653532 -0.00254836881600461 -0.117494697897736 -0.250024974712499
0.00869960447518797 0.00608392757866264 0.0444498118314831 0.180881568726207
0.0108191861385028 0.0104419935745977 -0.171122920677299 0.0963034156366642
0.00699077257951489 0.014589122295547 -0.356487664822905 -0.187467287982676
-0.00019238045441603 -0.00570643744800628 -0.00760000533819298 -0.562876308683651
-0.0103564007839735 -0.0138026523896232 0.650139007816346 -0.285935899282693
-0.00251907494808785 -0.00811423662837197 0.558613299337921 0.436659237337541
-0.00988571182524632 0.0184432574170315 0.04399316629347 0.496178369206636
-0.0131440869114502 0.00805773568048875 0.0509130451699447 0.00862813048325939
-0.00966729393230504 0.000620253245336075 -0.159389030772831 -0.435069096202505
0.00278144297037602 -0.00314167830027273 -0.762082239099701 -0.0315772732842269
0.0112439777861789 -0.00190902278114368 -0.351839339629307 0.734707286146912
0.0184642883409934 -0.00751109065200431 0.462980735519436 0.453890559877052
0.0193912523833377 -0.00026263958813001 0.467405043202745 -0.120409904319641
0.00814317794349002 -0.000344225580991954 0.155533538065913 -0.306556964810231
0.000656285460550347 -0.0003085745339051 -0.116455780614176 -0.250005983176365
0.0108966169383241 0.00774717375911074 0.0446324874997445 0.184902013943528
0.0199737145427525 0.0139101627126218 -0.173698777114892 0.108034727728341
0.0188186568356792 0.0232251120871234 -0.364950076255622 -0.163816102526694
0.00333840750882223 0.00299393756203058 -0.0455284541509237 -0.55923569394324
-0.0071347516391554 -0.0146604814664845 0.62381433650273 -0.333450582420002
0.00665960260838863 -0.00745947797892412 0.582570354566354 0.39063009650542
-0.00212906662630274 0.0298559969536011 0.0645208147917639 0.487687021814764
-0.00943442678526148 0.0215166488899935 0.0515393221914743 0.0129643184442184
1.73183154768067E-05 0.00441632070081244 -0.141787447451778 -0.441933987102223
0.0112143248016889 -0.00740701232639025 -0.76358537902871 -0.0793944782524618
0.0136446602239208 -0.00166999152061854 -0.404708049675042 0.71347251775836
0.0277687428709608 -0.00235295292998346 0.431162006993206 0.489773269398064
0.0313319560143518 0.00247931506596394 0.475626227410173 -0.0897772455017926
0.0184038459909986 -0.00201765356468943 0.167802623177209 -0.293858736133691
0.00101848773361553 0.000181745468761924 -0.111652531626713 -0.245160093806253
0.00606815532844102 0.00541494606167246 0.0593590397308992 0.213638969341472
-0.0140670308624106 -0.000103718593034889 -0.140447429847883 0.19504438264359
-0.0387310393227445 -0.00833978865445182 -0.407829700892267 0.0214742437341843
-0.0350078304717243 -0.0140106995245945 -0.321866829736513 -0.418963508075445
-0.0133404209634943 0.00254019836855877 0.359866686221428 -0.568303588147381
-0.0239812886857487 0.0106168974421616 0.698960416486671 0.0389253613268675
-0.0271178723283444 0.00273014294907631 0.24499572826534 0.436906042307499
-0.0188997426922859 -0.0239515871820372 0.0702824772680185 0.0718281963585736
-0.0308298137707014 -0.0245507286124973 0.0436974080752092 -0.451889328398024
-0.0192565263350431 0.0117558995256218 -0.630371809246398 -0.457236716023346
0.00429472707013674 0.0103402195332549 -0.74477574284494 0.447339752942766
-0.0133860524340164 -0.02470234464285 0.133497635809001 0.702774809352404
-0.0395786370545051 -0.0276215079262197 0.471353654227689 0.148420218199872
-0.0268917693110376 -0.00395252768110871 0.237579589727709 -0.213671969183565
-0.00380158237460714 -0.0109896219275803 -0.0845236962832726 -0.231002253117703
0.00480838247025978 0.00425320651430453 0.0536403608600201 0.204825385754524
-0.0191690383105083 -0.000465699896698193 -0.15175145210817 0.171236600105455
-0.0418066055464015 -0.0123207577191036 -0.407582450740691 -0.0345046736119115
-0.0322812907247582 -0.0212918592263341 -0.258496316147612 -0.469118659632474
-0.015275781984393 0.000936934985851724 0.444420199892574 -0.519235459729911
-0.0298451010584229 0.00885368200509738 0.691402326320595 0.136944737739834
-0.0321523016775761 -0.00359202100150263 0.199636926320549 0.459347100987708
-0.0196263845277344 -0.0307355455399885 0.067170233820886 0.0586047484350034
-0.0366056673764293 -0.023653454759477 -0.00545124539343844 -0.454838383219031
-0.0223174546640329 0.0147037993138483 -0.684855057576901 -0.353543411857217
0.00348934925168072 0.00861692427572666 -0.65940609992424 0.546689403974151
-0.0177195544519749 -0.0265869006221335 0.2316299132147 0.660305306959235
-0.0423493365711758 -0.0240147792226414 0.484462996046374 0.0780192781350992
-0.0295060898076356 -0.000932272676605341 0.222253273666425 -0.24203705773108
-0.00414346854586141 -0.011259454993927 -0.0918056324435326 -0.238188768137625
0.00383004910653612 0.00374097539901466 0.0502566073323789 0.196354727607975
-0.0199441014105035 0.000176866018142297 -0.15984376897437 0.145562568926963
-0.0384504072485312 -0.0147196850788811 -0.397926070369846 -0.0936595164435147
-0.0255088988152986 -0.0263994554030172 -0.179199737436479 -0.513366086455802
-0.0164814489212481 -0.00277697161041928 0.528180111794282 -0.453086047696378
-0.033262202694892 0.00387242677808655 0.665648974016403 0.244925924010541
-0.032300985884388 -0.0080164754640153 0.150437119856959 0.481435579210956
-0.0207278055834583 -0.0317854740083077 0.0629790326558044 0.0443035708099438
-0.0402242797475011 -0.0215230702603952 -0.0555583883315951 -0.452864321123253
-0.020567148639785 0.0157372154823849 -0.725820576656281 -0.244457043513111
0.00254794961212152 0.00522226039404518 -0.5611292255557 0.632038447282582
-0.0178923890221019 -0.0246780685973813 0.324495801441022 0.602725502826766
-0.0390091291927691 -0.0175171823775305 0.487066794913591 0.00488386755015889
-0.0268453971395241 0.000317497580447911 0.201308676340875 -0.269875291669581
-0.00228882618316856 -0.0101751707886002 -0.100665853775671 -0.244070914097919
0.00318102922217566 0.00280239959754214 0.0480682453751325 0.188329100090749
-0.0169112558899204 0.000850913926131963 -0.164594515003304 0.120576500182222
-0.0294428878300858 -0.0126590489973011 -0.382839088205206 -0.143498816422527
-0.0174563420637701 -0.026815785902163 -0.101798801539547 -0.543426163422802
-0.0161652933908205 -0.00513287594384274 0.59314192504223 -0.377211918667584
-0.0315794581205782 -0.00210686146183113 0.626172313794733 0.340928557577161
-0.0290309415545931 -0.00781441411794622 0.102153387377112 0.491503329512317
-0.0198588396189005 -0.0286582915681503 0.0597425237798286 0.0298282784182992
-0.0378429960439716 -0.0159593613585545 -0.104967682750479 -0.447199146343808
-0.0167290258192642 0.0134771408032044 -0.749788122396099 -0.142145074232843
0.00349691582496241 0.0031159430131046 -0.46337072200782 0.696351506567823
-0.0132106614189767 -0.0211013549060761 0.396568516848143 0.53734376611512
-0.028247731957549 -0.0112260790309781 0.481462210173442 -0.0574699393514336
-0.0206703671200901 0.00192337847980632 0.180208186865665 -0.292799667274436
-0.00167519840985538 -0.00833755919337183 -0.108447762065094 -0.249408105659338
0.00467102568156216 0.00358975503666164 0.0466399177158778 0.183684158080332
-0.00950302061191466 0.00358828581071836 -0.168727486592276 0.102865682804345
-0.0178434932352323 -0.00653335361044502 -0.369366747561296 -0.178693019663665
-0.0104432054741412 -0.0239057948258157 -0.0408722817874316 -0.558531115133354
-0.0152073647201371 -0.0093680534624354 0.640686031539993 -0.313899060352741
-0.0250823577794922 -0.00654703029449477 0.587823812156269 0.41022135784013
-0.0237142673638177 -0.00246666902285901 0.0632012781896212 0.49866479708918
-0.017922657977415 -0.0195566871572353 0.0560792796021221 0.0179301931194031
-0.0310039717415954 -0.0109844842284654 -0.140584926639542 -0.44084573173873
-0.0119272138431209 0.0100661206138997 -0.76200838626266 -0.0642053563554769
0.00576553311748083 0.00152512544375012 -0.387358613931018 0.728844369754646
-0.00370788429912174 -0.0158657152748717 0.447342559982682 0.48261244293327
-0.0131407555011827 -0.00581184989982235 0.474570480725623 -0.106853161127922
-0.0103535451593531 0.00186067950140452 0.162849820240118 -0.30546137013824
-0.000972733602199213 -0.00560931304175514 -0.115102390176104 -0.253113277539205
0.00661541523649478 0.00409533462103248 0.0463185622832808 0.181011007712592
-0.000330164023317278 0.00792343882170128 -0.169373174758836 0.0943798894444522
-0.004690185543014 0.004647693591459 -0.357337651459365 -0.193702754040392
-0.00403784080004672 -0.0152938967098993 -0.007224230683454 -0.566373557625177
-0.0122367098833843 -0.0126586485808276 0.657257718992075 -0.28111907387799
-0.0144353078110646 -0.00938986043471928 0.561785611849537 0.444705576415067
-0.0160508126254795 0.00645969891241806 0.0426970633655953 0.501066903910228
-0.0148521373579423 -0.00627504045103042 0.0524557204103511 0.0107809658291196
-0.0210744418614257 -0.00594440411242581 -0.159080094379086 -0.435811517024404
-0.0043453434233061 0.00318160664255354 -0.765065067761526 -0.0260340894284469
0.00883036451906643 -0.000689426280834863 -0.348230584356508 0.743222059486537
0.007211450856259 -0.0126513708625392 0.466164362079382 0.454542989846205
0.00323110610225163 -0.00208483587331709 0.469767709155808 -0.127326070627824
-0.00101812727679747 0.0011741666803038 0.154597104808689 -0.310995879481542
-0.000268515108220137 -0.00451609813713789 -0.118925396608498 -0.25430264299763
0.00878411228383421 0.00653376542505632 0.0451905220355895 0.182483087181001
0.0101112085327444 0.0102114035714107 -0.172490151288128 0.0971567439716572
0.0079777901198563 0.0148458561101131 -0.358372242391583 -0.18716612761398
-0.000290991252235851 -0.00583812128086977 -0.00961048080104054 -0.567959179433586
-0.00999233707089854 -0.0142926736524706 0.655742289325711 -0.287243195695157
-0.00323500841158526 -0.008546202893815 0.561183453625234 0.439723443445457
-0.00908679660130629 0.0190413696842535 0.0425037298190781 0.497631998832987
-0.0121682032262177 0.00807126089053374 0.0511234248411013 0.00812811609466942
-0.0105387804106136 -5.95415977782464E-05 -0.159499240960085 -0.43953628175405
0.00284634696561364 -0.0028578864343701 -0.766278146092186 -0.0312200999382171
0.0120791832391117 -0.00108442284955186 -0.35556461864394 0.737056284610593
0.0186885200495267 -0.0082158977474024 0.464014594798196 0.456276962316285
0.0196286591677004 -0.000672681258785341 0.471481359937354 -0.121675665174486
0.0108607323830403 2.89753383500187E-05 0.154939480967444 -0.308247373343597
0.000465949103956877 -0.00102110423051147 -0.118929265533602 -0.251114398033161
0.011283548598721 0.00762444986527286 0.0453419873151026 0.186105398332445
0.0194987060198512 0.0138407371507176 -0.174870441012697 0.107866576858895
0.0177802594197683 0.0237823649777417 -0.368950686355749 -0.161436683749849
0.0036545180328628 0.00340098422788402 -0.0470717637312033 -0.561721850875496
-0.00751334566668581 -0.014176874269074 0.627459444706161 -0.334912651761498
0.00616885962039487 -0.00873292915521981 0.587093102854877 0.394236624805175
-0.000711491544877985 0.030247603846862 0.0645567042022867 0.492246003700693
-0.0109776105804691 0.0219394240569626 0.0528401009297848 0.0130837084359682
-3.37031427035325E-05 0.0051522939949236 -0.141679686227652 -0.446885500485397
0.0112309313058274 -0.00888461180122432 -0.766624187910148 -0.0795954617458828
0.014878622818562 -0.00194690742919408 -0.406130677913241 0.717963617548672
0.0282096604900546 -0.00209948342462619 0.436161952257033 0.491331295749662
0.0324256164057182 0.00267998487918993 0.478746323638062 -0.091149574917883
0.0199654713645556 -0.00208619769502342 0.167213107547806 -0.295749753278296
0.00137758659777952 0.00138549637534085 -0.111898315776479 -0.2474187275855
0.0056304294816397 0.00489263508677964 0.061039899534646 0.215265810304709
-0.0144368832608177 0.000481996707398631 -0.141341166020964 0.195456480816288
-0.0385817689903756 -0.00829666018342298 -0.411348872111566 0.0217043144022837
-0.034248226432752 -0.0141671051109543 -0.324034227507287 -0.421738363242469
-0.0142482884687838 0.00303619423918475 0.362700201928598 -0.573355094271178
-0.0239734822348174 0.0115023531822898 0.703495578815982 0.0386712989833873
-0.0279480340085913 0.0033717228393749 0.246379159601599 0.438470122414568
-0.0197840975943121 -0.0238249482969475 0.0710383650418983 0.072743288231153
-0.032216857501321 -0.0235908027179397 0.0451134758239271 -0.456427787397108
-0.0194770377654741 0.012458501243433 -0.634716383562527 -0.459185956071029
0.00469683763619724 0.00998935044527445 -0.747219700128258 0.453388315607231
-0.0134983996913026 -0.0244329330109733 0.137169935261483 0.709219691021103
-0.0395915107817832 -0.0271632994076182 0.474320049249241 0.147798663803442
-0.027536634532775 -0.00405255636068005 0.238484337708911 -0.215949448684608
-0.00417642791561798 -0.0119788280853127 -0.0855901365585349 -0.232378317998476
0.00411624939748317 0.00409397837881841 0.0567242044543467 0.207327094772318
-0.0193238556107792 0.000107861340859282 -0.152188685783551 0.172542910841578
-0.042229265091798 -0.0117353644217369 -0.409690537085027 -0.0348978936605607
-0.0331327459156027 -0.0214838179711364 -0.260428753744524 -0.470938939988464
-0.0158363244521346 -0.000188960169171012 0.446767340619503 -0.524768504210298
-0.0306485536546375 0.00885412482473058 0.695105866369419 0.136576537196691
-0.0317897617162954 -0.00326224570155681 0.201105907773196 0.461934747411222
-0.0203795170877686 -0.0312036305060335 0.0679622054378002 0.0586834830221654
-0.0377616163319629 -0.0244778295120275 -0.00414173428372119 -0.458423764093029
-0.0222046040202486 0.0148550274097823 -0.68870973724378 -0.354676400291603
0.00372825593786792 0.00809160419126315 -0.662756924154782 0.552411261657191
-0.018660485628652 -0.026638873706415 0.234507523693065 0.665416949601909
-0.0430847040497446 -0.0241534384458256 0.486453488425526 0.0778112757001071
-0.030556984838869 -0.0021580283120083 0.22272730282771 -0.244322150637919
-0.00455254164656073 -0.0126050553097395 -0.0935598257157967 -0.238828579596825
0.00366014826671212 0.00304770769843844 0.0530355734539106 0.199237737664752
-0.0192445107200081 6.9703749888655E-05 -0.161186760966184 0.145147061666872
-0.039362472800546 -0.0143269528050252 -0.401858823902611 -0.0934579568682742
-0.0260128673168626 -0.026471838969849 -0.182353821940292 -0.516492830633585
-0.0163903809373322 -0.00166810855604004 0.529719122462843 -0.455902445541675
-0.0327097619824976 0.00401619730366647 0.669578055381772 0.245778037087103
-0.0328228059317916 -0.00781357017431965 0.151083348918767 0.483084883210353
-0.0210332986574607 -0.0327116562678452 0.0635236138819203 0.0446307584889352
-0.0396592705697358 -0.0216420681521113 -0.0557336181203178 -0.456594448170432
-0.0215100909205694 0.0156575274304625 -0.730210251922379 -0.244846245418436
0.00397711834684345 0.00584159659239109 -0.563122606760574 0.637984247052497
-0.0187860790430664 -0.0249630646893438 0.327336167475173 0.604865282481937
-0.0385930040440914 -0.018442679919913 0.489625903758736 0.0047091126821974
-0.026553336090018 0.000852105898154712 0.201500865715016 -0.271426295643357
-0.00205201191058443 -0.01087739170552 -0.101701280446638 -0.246109652565404
0.003599737357952 0.00249311206699417 0.0505001796078054 0.190704491396697
-0.0160646123727026 0.00157500808938244 -0.165149221513662 0.12033513251222
-0.0309088101680042 -0.0124370182535226 -0.386742896975235 -0.143097042128723
-0.0174717134737417 -0.0268046722162509 -0.105096964285749 -0.545872122425115
-0.0169448964005972 -0.00558527107601373 0.598290552160417 -0.382285068613264
-0.031121860526553 -0.00205434101845546 0.629726082325786 0.341007095277819
-0.0299498282539364 -0.00818377710707299 0.102513494405937 0.496355661481275
-0.0204291343822395 -0.0279850134605556 0.0592587911433226 0.0299744447441207
-0.0376632467081982 -0.0164336695897028 -0.103299303481427 -0.450884144853931
-0.0177963011774477 0.0141363444895672 -0.755240761312417 -0.140639569585206
0.00387808290598713 0.00344314373934592 -0.46414307827261 0.70016120153051
-0.0130723935012175 -0.0208717877510622 0.401763914709461 0.54099647223015
-0.0291016530400495 -0.0120959476403608 0.486235883701097 -0.0600310787290151
-0.0207675730580122 0.00186958679780864 0.180146378691426 -0.295857199277583
-0.00096946514657496 -0.00783578125085829 -0.110453865884788 -0.250964059634591
0.00430411160163019 0.00282845881423961 0.0486279171849463 0.184704458623379
-0.0097662038130759 0.00382078326890383 -0.16943951133819 0.103700006873226
-0.01863048127509 -0.00602240405140756 -0.369805102708575 -0.178156488166513
-0.010554964984722 -0.0228966627456003 -0.0417693893067106 -0.562914209665473
-0.0161321196700611 -0.00951435713059243 0.642594885396762 -0.316557846175619
-0.0249433317242072 -0.00671165031183453 0.589080324453159 0.41325481668027
-0.0227154050465635 -0.00215163838523435 0.0635615334946906 0.502090913341001
-0.018411454263344 -0.0187076849313044 0.0555565426069496 0.0163918118379094
-0.0315762378722173 -0.0111029278734475 -0.140797096219856 -0.443689614914231
-0.0107199855170835 0.0102728172497038 -0.76496575950805 -0.0627958478644964
0.00555938813907141 0.00163996403474368 -0.388670979978299 0.73480145697414
-0.00421847877281913 -0.0167450216712816 0.450570564785613 0.484999112152122
-0.0139193152352268 -0.00598812825300037 0.476231376794608 -0.108215349660632
-0.0110801779100287 0.00179141692410807 0.163031866837629 -0.309214609269303
-0.000502156065076176 -0.00637839423477182 -0.117312662289213 -0.254524831667585
0.00578460026444514 0.00463341006734884 0.0480846721564283 0.182908833477397
-0.00120639690334013 0.00789648214158086 -0.170610079976142 0.0951925577537358
-0.00605483514674334 0.00420244992020709 -0.361518759422759 -0.192507110353043
-0.00414401860632515 -0.0143818033911672 -0.00696581052931018 -0.569561309777595
-0.013430317369554 -0.0121252147687522 0.661944365190149 -0.283816389208423
-0.0148254396941926 -0.00870012138387736 0.564796346449076 0.447863648849996
-0.0158083981700169 0.00729998690460221 0.0432942006582107 0.504954764386596
-0.0156467330274098 -0.00694788074232377 0.053543120896504 0.010376328782385
-0.022022989116182 -0.00563725918566483 -0.160148112150088 -0.439790517781211
-0.0045617384679696 0.00412997387762411 -0.767502212031789 -0.0257068589101303
0.00853654082713352 -0.000720843216926575 -0.34853270707135 0.749137105184554
0.00731736721509541 -0.0114636454640848 0.471949798528929 0.457407760362108
0.00281622054839322 -0.00252082555659279 0.472067417177219 -0.132175102663997
-0.00100906029735197 0.00118852749507062 0.153683859558817 -0.313377915480879
-0.000269002716223426 -0.00358682984652096 -0.121789501284757 -0.254526455756618
0.00985059698096696 0.00596339062187386 0.0474033472372932 0.183990220446183
0.010424958223563 0.0105574023474563 -0.174253929077167 0.0980490056677169
0.00791043497979058 0.0162691324440347 -0.361369298162367 -0.188871335079525
-0.000535298424771952 -0.00591420320137198 -0.0100064735919514 -0.570267920578628
-0.0105398636993895 -0.0135031772257537 0.659531551390422 -0.291310007924045
-0.00282816753660525 -0.00844612298337493 0.562503458295091 0.441119518950335
-0.00793146343591423 0.0196916506851735 0.043772437592929 0.502136252727167
-0.013395675444516 0.00877542803236604 0.0527343156170991 0.00916555594111812
-0.00987905310569382 0.000307961863221365 -0.160910614475581 -0.443503448789852
0.00367553727050952 -0.00353320047831396 -0.772793427346459 -0.029800374233369
0.0122983652334612 -0.00122927515983878 -0.356344148751341 0.7430646280532
0.0188244086841185 -0.00813290568441323 0.467217465918177 0.460681574665484
0.0198501361031831 -0.00062624487930325 0.472037895699177 -0.126957007862836
0.0099203490431191 -0.00135202288683282 0.155996737669583 -0.310267242029293
0.000850149571440099 -0.00146518485858928 -0.120054548756224 -0.25338301804924
0.0104893647423218 0.00761566851584321 0.0469035103424339 0.187722227096952
0.0195279157971799 0.0139756085375275 -0.175973490125928 0.109441635104366
0.0199134980993038 0.0237200146734907 -0.371836458976571 -0.162556908558815
0.00369434566029701 0.00326874675817215 -0.0487446423699109 -0.566225144913376
-0.00841458967755481 -0.0141704300526718 0.632177504123186 -0.337435651414192
0.00658765668852912 -0.00821288229904665 0.587890666124532 0.395940030973515
-0.00101271400087129 0.0305414775103034 0.0645391915080859 0.496250027017694
-0.0104021005717812 0.0222585236273063 0.0520465082115354 0.0129056328649177
-0.000124538566071765 0.00617763427924686 -0.14189691159139 -0.450145093351897
0.00991910230827207 -0.00957900339331837 -0.773478914806317 -0.0770645397007972
0.0151847410007317 -0.00165815893331171 -0.406972910480031 0.723593244855137
0.0293737499723665 -0.00228669056657804 0.439974738839057 0.494424588195412
0.0329273961614688 0.00197737741513743 0.480777601355227 -0.09292617502855
0.019749873087746 -0.00292699589503033 0.167927148300486 -0.299373595546799
0.000788299196448767 0.00118681873859612 -0.114853309964445 -0.250314456292132
0.00594620179304168 0.0057024055936569 0.0640459922438454 0.215847604476321
-0.0146941977071599 0.000471084264890351 -0.142125929518673 0.197399347682093
-0.0399492517037703 -0.00853595437483052 -0.415035416792293 0.0238111072780538
-0.0354285186849344 -0.0142470369202648 -0.328658213899031 -0.422431961449851
-0.0134166120365817 0.0026249564807734 0.362749213854708 -0.578716692172309
-0.0240052040568702 0.0114255550706739 0.708408666270714 0.0350518767674424
-0.027588414047678 0.00511015818571917 0.249537976877125 0.440698283989848
-0.0194516377610159 -0.0247863010060969 0.0729479352746033 0.0726530393921756
-0.0330028897428999 -0.0236336519959862 0.0447678717641062 -0.46014389235624
-0.0201030411477442 0.0112810362438298 -0.637833334262515 -0.462294903393153
0.00447396120419351 0.0108668928277221 -0.753554788831216 0.458493362078806
-0.01389684698658 -0.0244031011932421 0.140695228884971 0.712027826760046
-0.0412292275254954 -0.0272509485175918 0.478056471386832 0.149187443580965
-0.0278345123565348 -0.00337796989829358 0.238771741449701 -0.219695906119955
-0.00429548710614041 -0.0116762928526609 -0.0887444783407264 -0.233231681115286
0.00444637179152292 0.00368688461813044 0.0587230944924445 0.207251327240502
-0.0196342996609394 -0.000408967525535303 -0.152923504299304 0.172260472150679
-0.0425593340149949 -0.0117114142703632 -0.41360309764836 -0.0332785985739726
-0.0323320225074674 -0.0212796819162011 -0.261647399424905 -0.473860486082856
-0.0150299670157643 0.000871902212815117 0.446349599021718 -0.528319379825248
-0.0305412246085591 0.00864019687420488 0.700663449521388 0.136322507036562
-0.0317642954626033 -0.00251371442793744 0.202571171371157 0.464696783484643
-0.0206842630019842 -0.0313716544084186 0.0685559062059142 0.0595741999581101
-0.0374119142176024 -0.0245330432596741 -0.00489510198991402 -0.462182469465114
-0.0225550406956541 0.0145582723539555 -0.693353918504761 -0.35548974143686
0.00418157690520399 0.00847193274823361 -0.666839043688952 0.556826647257971
-0.0187180400418876 -0.0265008030024466 0.237629194953234 0.669981472211601
-0.0432372432795652 -0.0235841312944012 0.489493050006894 0.0762504415140402
-0.0299899042241317 -0.00220204242452982 0.221865091451084 -0.247861667569731
-0.00466735736508229 -0.0121081757658439 -0.0944550444412597 -0.240245257403106
0.00365495490464862 0.00237648128816824 0.0543348438804489 0.19918101355782
-0.0204042816638945 0.000467910733192305 -0.160424918764614 0.146537364859574
-0.0388678979041247 -0.0132749688682559 -0.405530374204542 -0.0909469311693969
-0.0261296653261314 -0.0258202573126268 -0.185086653912653 -0.519700298813829
-0.0174692132400875 -0.0022453018913977 0.533246852237682 -0.460515250599815
-0.0338575471984096 0.00406458117098356 0.673713282232734 0.245044433076965
-0.0328184449034637 -0.00704108029113613 0.151805913913995 0.485698574086825
-0.0208209238461788 -0.0318927841891963 0.0648096015600752 0.044491521474269
-0.0408867873733443 -0.0203397320070931 -0.0562699447055098 -0.460214041717736
-0.0221763415780619 0.0157762902476089 -0.735612413738165 -0.244426343081823
0.0039138553595343 0.00478872251199571 -0.567872845512695 0.642852589787603
-0.0175872775122378 -0.0248762340386869 0.33305763392605 0.607668793692801
-0.04015458477084 -0.0183016203571268 0.494167844118815 0.00261461529185178
-0.0276392581240745 0.000538611729292397 0.201164199143572 -0.275035125460976
-0.00368213258713393 -0.0108479793241241 -0.104059910267129 -0.247284750401295
0.0033273249576192 0.00129399197748093 0.0520662074466713 0.19197155362888
-0.0167551423713479 0.000751953246037704 -0.166528209497794 0.123615006730656
-0.0313852916662941 -0.0123504227630868 -0.39037218788334 -0.142132084383935
-0.0174254369618449 -0.0266397414581816 -0.105625907191009 -0.548995072896471
-0.0172247024208358 -0.00605476415481883 0.601681071401317 -0.38524063385009
-0.0315549364300792 -0.00220133053701095 0.634674889846517 0.342273963995415
-0.029490088052109 -0.00742691669188484 0.101254654175136 0.499454797303563
-0.0202160922734103 -0.0281110251259177 0.0607116256684848 0.0293933075189469
-0.0395922964777196 -0.0163634341949745 -0.103702206121559 -0.45331540273275
-0.0178787770470354 0.0151483133429759 -0.759454496242668 -0.139746113626921
0.00448448057174297 0.00418893840527679 -0.466072755810103 0.707551821370344
-0.0139485630504041 -0.0218219883424741 0.405329248160417 0.542019234114028
-0.0287739946277451 -0.0110536958937314 0.489060154433352 -0.0628854451774926
-0.0210746395074449 0.00132740024773805 0.179997233262756 -0.298009842191619
-0.00155185156002561 -0.00946744860669043 -0.112187648663351 -0.251411108968349
0.00490218476977326 0.00164849275157528 0.0503067929662383 0.186433240284612
-0.00927152040425332 0.00438429871960562 -0.170120880355804 0.104798844460622
-0.0184019111792515 -0.00537979836093058 -0.374828619837921 -0.177992524799582
-0.0103963092034866 -0.0234184679559024 -0.0429142262000041 -0.565960202276019
-0.0154042772566315 -0.0096965649323355 0.646416285777603 -0.321887135744074
-0.0252770849226694 -0.00652901822438356 0.595942992527891 0.414811158813065
-0.0232178366875485 -0.001972515053607 0.063736764567683 0.506361563605373
-0.0185640343858167 -0.0182383373812076 0.0561572988839041 0.0172630269353701
-0.0316027852975925 -0.0105197213534404 -0.141564809762022 -0.44746917033317
-0.0111225256729125 0.0108641359755765 -0.770934605836258 -0.0613693408611344
0.00573898447221954 0.00129560656188346 -0.388790295234501 0.741556753713462
-0.00393924879398824 -0.0172109983695625 0.45507910401678 0.486438855084603
-0.013709308168431 -0.0072582073994092 0.481272114463853 -0.110310428299008
-0.0120568838835532 0.00178404087566803 0.162132653609974 -0.311409503017303
-0.00155156601964512 -0.0061482530336895 -0.120339525398364 -0.25614470578424
0.00547887140350092 0.00414762480689362 0.0507556214243905 0.183896460769526
-0.00120542850956365 0.00779047160767897 -0.171696193402291 0.0957249810110344
-0.00538829594439286 0.0052212605210162 -0.36485710644107 -0.192948498668264
-0.00417895162518118 -0.0157283231629632 -0.00889568029655545 -0.575943102046067
-0.0136721904665476 -0.0133203572289762 0.664671391477675 -0.287546652595158
-0.015484976487613 -0.00809022113429848 0.570323610438801 0.450293028413038
-0.0159722675008653 0.00799122545897987 0.0423901948030429 0.508074643798243
-0.0154288536755042 -0.00641794974452122 0.0530966989569741 0.00899595732979362
-0.0220707418987264 -0.00443154219699612 -0.160889459865888 -0.444279310985668
-0.00438961744435993 0.00321483151699889 -0.774187698927428 -0.0220040554383145
0.00886258630011849 -0.000588934415354471 -0.349838968108192 0.754539478789344
0.00712830193158106 -0.0123699286645705 0.476214488003657 0.457847924136894
0.00268137258919151 -0.00259846327244798 0.474848621182721 -0.131882561144176
-0.000736096969674551 0.00140213809765473 0.15516549185855 -0.317280041246449
-0.000139160235136473 -0.00329136062971434 -0.123875745817614 -0.255994072371219
0.00888972937563046 0.00575699621180562 0.0491322607070961 0.184450559642096
0.00982790031937341 0.0114973439168096 -0.175727428570174 0.0982083565075771
0.00802637283794043 0.0157089651884864 -0.364552913062978 -0.18796094432449
0.00118272608636814 -0.00624230828310053 -0.0108418555147707 -0.57373026179145
-0.011103558882507 -0.0134867378738714 0.662800100580279 -0.296154700834144
-0.00385912165848883 -0.00917161917319203 0.568623928583036 0.440878383821482
-0.00822778434369252 0.0193951035768453 0.0443060548407217 0.505435018268069
-0.0126767693487109 0.00879685046651264 0.0518871803286048 0.00813563658800375
-0.0107506404292727 7.7710924960249E-05 -0.163925763917715 -0.444808894565364
0.00270559698460644 -0.00385364452980701 -0.776203225384249 -0.0264453969417329
0.0123844663509423 -0.00187584981894709 -0.355653505111302 0.750730248702177
0.0203656880633532 -0.00775597078738167 0.474094483590216 0.46201757261746
0.0197858968613043 -0.000199041666468064 0.475278824356072 -0.127888833065325
0.0104791382910665 -0.000741344848459331 0.155833142258663 -0.314909924862637
4.68838498667999E-05 -0.00166128872140991 -0.123426345081222 -0.254440197605002
0.0109494550132916 0.00788558406350161 0.0479724195181125 0.187780226665273
0.0205266105876837 0.0145008118298527 -0.177943678999057 0.109510788935977
0.0184622763884674 0.024809286516557 -0.374648515988759 -0.160261963894139
0.00363534835964038 0.00401150051468272 -0.0492619646763159 -0.570690350126905
-0.00878313774800887 -0.014784029943115 0.635019860870288 -0.34177328183189
0.00748214065926829 -0.00777882178647699 0.592771903121675 0.396233172780022
0.000296990131026522 0.0319241778750788 0.0676818392924548 0.499440762649021
-0.0100734718485822 0.0213841851396016 0.0526073936582131 0.014259111648616
0.000644853288628088 0.00541933818580347 -0.143795603205579 -0.45412939028242
0.0107081276230775 -0.00817807019883058 -0.77727051857567 -0.077909531437824
0.0134549258727059 -0.0035794682010002 -0.406659334185112 0.732422130479939
0.0281168113589627 -0.00170412005000122 0.445907911051653 0.496199903668667
0.0319962715269325 0.0022110343978254 0.486015208960465 -0.0967046987817181
0.0190937020605563 -0.00199674772437476 0.168058045524339 -0.303206198591032
0.00190547770454957 -0.000114339764465211 -0.117176893165839 -0.250858685246888
0.00563230165917488 0.00472648693833626 0.0655120598684011 0.216998857400154
-0.0155329468056339 4.78664585322718E-05 -0.141317409692629 0.197842885068153
-0.0400096767461339 -0.00821877630344419 -0.417824134629427 0.0276607164838364
-0.0343293878034333 -0.0145406590688901 -0.332133232537004 -0.424279205792285
-0.014592211985728 0.00194213502178831 0.363188205532531 -0.584251875384069
-0.0240202677645713 0.0111656578016671 0.709610081440068 0.0346566044461164
-0.0278595167277407 0.00530270200605786 0.250338348449266 0.441037401811407
-0.0200495092406305 -0.0241593516843605 0.0728168850242209 0.0724797238967315
-0.0323588055977442 -0.0225832233716963 0.042365547932516 -0.464801568198258
-0.0200923233875528 0.0125074507041062 -0.644350331977535 -0.46077152987663
0.00462883271553996 0.0105114193530557 -0.755175559573035 0.463478642838893
-0.0143326503034502 -0.0252596468529824 0.144962017881711 0.71628133883455
-0.0414864351580635 -0.0276668482639909 0.482226872741918 0.145570536508841
-0.0277133744953078 -0.00361831649838367 0.2383684347 -0.220491507947399
-0.00449079576527164 -0.0118778551419064 -0.0901766700122394 -0.235485036768583
0.0052318241796455 0.00433182093792778 0.0594254631984227 0.209428008917033
-0.0196860181383877 0.000262503701322288 -0.151746486093127 0.174060509449236
-0.0429210216890229 -0.0116474969110343 -0.416168016780182 -0.0304302233982211
-0.0327172297864009 -0.0209820109559948 -0.267047193691179 -0.474306865493885
-0.0157033806749349 0.000896844214528274 0.44679566928241 -0.532927753314519
-0.0302599239511567 0.00959666670069491 0.704456067703347 0.134028217987556
-0.0325149374990434 -0.00191665237522559 0.204328671296329 0.468172367720098
-0.0212270960077468 -0.0304902414547715 0.0692097743123855 0.0588391234042764
-0.0380388581931988 -0.0243994369538845 -0.00646045038625065 -0.465278403715816
-0.0234314942973907 0.0140430626614167 -0.698226318116758 -0.355585112953638
0.00428600594733966 0.00771840811220897 -0.669015237238385 0.565276756998791
-0.0185754827301898 -0.0269819022570698 0.242651918088983 0.672011580398339
-0.0444090872919279 -0.0241402260884954 0.49497531785797 0.0734363392830975
-0.0300388824274036 -0.00187007744955658 0.222286466727843 -0.249620025008484
-0.00416454053090326 -0.0122741799704066 -0.0970465217224263 -0.242533302314412
0.00355935113826459 0.00302535630418849 0.0569550568757134 0.200767423506055
-0.0208132196853193 0.000285370329227656 -0.161084828163444 0.147827593055685
-0.03957260808038 -0.0130317509125994 -0.409130502765749 -0.0896112327365448
-0.0262668918185427 -0.0265226198159837 -0.18862202630572 -0.521111560369545
-0.0162843834550602 -0.00176884902694875 0.533517954451191 -0.466049724889287
-0.0339822475350374 0.00430971102503231 0.677686757284684 0.242322261453603
-0.0329190451568965 -0.00569264348052635 0.153975090907348 0.488819853485831
-0.0206123281865089 -0.032687497334164 0.064804116585432 0.0434610507618604
-0.0411057489306474 -0.021253645954217 -0.0583661717616521 -0.464312164813292
-0.0216763692900184 0.0160682607692804 -0.741448924625441 -0.243551229616746
0.00355682870774216 0.004787191747299 -0.566740457749991 0.65123627639982
-0.0179700019711406 -0.0251616940277903 0.337547439316539 0.61081430772653
-0.0403497722282881 -0.0175171364063958 0.496435914377507 -0.00164055830107264
-0.0277822301572169 -0.000421192149788891 0.200015514711246 -0.278995575691613
-0.00343019443081583 -0.0110377644233497 -0.106234166613218 -0.248398511128161
0.00344864843762289 0.00271913937972333 0.0547697546233951 0.192192257115546
-0.0174277810482008 0.00149307974095596 -0.166278388329777 0.122565365898428
-0.030838822560422 -0.0114586333508365 -0.394012430353962 -0.14192868961153
-0.018249290418679 -0.0269161991543922 -0.110585683739768 -0.552254927122126
-0.0170747380995003 -0.00537714246619976 0.602607509495144 -0.390049604868389
-0.0319204630056514 -0.00160363311664035 0.639808275407475 0.341482494151455
-0.0296910842600368 -0.00675532298414761 0.10370667851785 0.502623003321126
-0.0202552292556901 -0.0278360973257675 0.0607738238573709 0.0289421777454925
-0.0391103171750032 -0.0164059207914993 -0.106906647489839 -0.455195253930553
-0.0182833872642793 0.015194319192078 -0.764837069580292 -0.138173698030187
0.00490119264115477 0.00271771879752283 -0.466959183117144 0.715838404191958
-0.0134466698180456 -0.0208315578214303 0.410989078377371 0.544251446007808
-0.0298644376570573 -0.0105457682457719 0.4899024837527 -0.0660735275340862
-0.0202412013120712 0.00204518496112072 0.178770464577719 -0.301728570671251
-0.00307011704579988 -0.00943539556087974 -0.114799712313799 -0.253832109552892
0.00488107149540129 0.00221282755354622 0.0524236011514596 0.187631404049871
-0.0106863664812312 0.00435623278831833 -0.170168350774943 0.105465715068687
-0.0187980924131067 -0.00537057211286989 -0.378744528846941 -0.177723245333087
-0.010570237442784 -0.0236193968259961 -0.0455382776495152 -0.569282660274072
-0.0153795332667955 -0.00975154793715858 0.646628159598433 -0.326614293074405
-0.0249742099375401 -0.00574763798509477 0.599767771233393 0.416217092811076
-0.0235651376254556 -0.00104804405524545 0.0651276771386823 0.509631863254635
-0.018659763644944 -0.0189199806364551 0.0568763707966397 0.016715218423487
-0.032476301280059 -0.00998499761600591 -0.143340520592101 -0.450212191950827
-0.0109329917499475 0.0112564974122677 -0.775994567109667 -0.0592160652713363
0.00677693463963627 0.0014783715446132 -0.388884002001617 0.746464304275617
-0.00501166108170861 -0.017631323121661 0.460848307308362 0.488236303746825
-0.01452894860523 -0.00530467831023957 0.482718166821291 -0.115193195758592
-0.0111509583922572 0.00199182892484159 0.161826278763934 -0.315484659645126
-0.000916600662628002 -0.00785500913110247 -0.121947368033297 -0.256737753955541
0.00763313864432312 0.0038971007926935 0.0510617882756609 0.184625860779467
-0.000802948657313562 0.00793848565030682 -0.173990225143474 0.0972577407827583
-0.00510642822464539 0.00515798092426845 -0.367195373271793 -0.193027955663733
-0.00414671777106487 -0.015166382859533 -0.012877390867317 -0.578679718929563
-0.0146970160881102 -0.0117731467754735 0.668860329606829 -0.293773169725157
-0.0148185038774366 -0.00962215818785363 0.574384027677988 0.449936338509786
-0.0156830584599107 0.00832121186205063 0.0448279267670489 0.510845121093172
-0.0159480723586865 -0.00576150102570651 0.0540940567699951 0.00977522283830994
-0.0231062406616979 -0.00516092828621994 -0.1634114847004 -0.444383621556429
-0.00489526800553391 0.00342296298463313 -0.77875203547166 -0.0202475669997039
0.00911746490958257 -0.000855464190038212 -0.348175658729312 0.761129655041842
0.00735450849614845 -0.0121692663853184 0.48098247352872 0.460003298276424
0.00322464346794495 -0.00215867942575983 0.47696255188513 -0.135696023251702
-0.000689769013038605 0.00140669686437769 0.152346169883266 -0.321655995108203
0.000140098872387344 -0.00430538061313688 -0.125678746091186 -0.258293607688269
0.0097034705923893 0.00616970297716889 0.0513577069564028 0.185710159456623
0.00958234525062986 0.0120936599755313 -0.175465064091398 0.0999531491785873
0.00787248496193538 0.0162516121435405 -0.367904297916666 -0.186937836883139
-0.000249390349497796 -0.00611560917159385 -0.0141025143919597 -0.57832488557538
-0.0103428040427558 -0.0134419955411301 0.664036873610493 -0.300356494009095
-0.00422351052165604 -0.00853650839658192 0.573606431411756 0.441870729445604
-0.00870529912038594 0.0213787136216087 0.0433856378206393 0.508773762697571
-0.0131327513782748 0.00848624469475772 0.0531656927486538 0.00848906371220469
-0.0105491828892621 0.000251539826168959 -0.165294846800327 -0.448249165911494
0.00270783751265541 -0.00332811784929818 -0.78155399928771 -0.0238344234382829
0.0125659358637437 -0.00219252662216671 -0.35304809775026 0.75752821569239
0.0190443026305314 -0.0087679392915457 0.47923768675324 0.461810024728137
0.0192199001221862 -0.00103294445613544 0.478342656224006 -0.132012330505258
0.0100548217838345 -0.0012511476265422 0.155135228400918 -0.317447510604437
0.000145402407188198 -0.00120362577533538 -0.125342813691818 -0.256180912849554
0.0110088384649948 0.00756221573305172 0.0511661753590636 0.189779255254069
0.0200587711472971 0.0144961382495452 -0.17861914789054 0.111925314746146
0.0192236254839605 0.0246510731835527 -0.377118013367989 -0.160475686704037
0.00440167307415983 0.00327250458505187 -0.0530550801945243 -0.571375811212176
-0.00917438510012284 -0.0136215907033623 0.636370986590221 -0.347211260653892
0.0062321901202042 -0.00813842785099782 0.597812088976014 0.397015394752844
0.000567455065870866 0.0317859034599521 0.0681274123738577 0.501928422326785
-0.0122614250141395 0.0223225924474721 0.0532553672243876 0.0126651788187219
-0.000803176157930349 0.00542165417447028 -0.146666180493488 -0.455707148732498
0.0107416753559657 -0.00979815622769194 -0.781005306004908 -0.0748077995185232
0.0146024616058209 -0.00231155455539678 -0.407732845811776 0.738015412397347
0.0281654508434833 -0.00142264654835061 0.450175130850263 0.497563119721239
0.0326461790132926 0.00314377430872262 0.486851988669363 -0.100340363218712
0.0202658938973003 -0.00287026702348441 0.167387692682431 -0.306132202443645
0.00118411862599426 0.00027466913776796 -0.11974747747631 -0.252282452835779
0.00575387662763391 0.00514086398904078 0.0689549259426794 0.218019370437189
-0.0162149422409482 0.000255687762913508 -0.141291248246054 0.199198933212399
-0.040137136968308 -0.00660940517093904 -0.419902017435701 0.0303008960602431
-0.0352468946038667 -0.0145268549633025 -0.335003549422566 -0.424162052582604
-0.0141239238232631 0.00319259723889707 0.361232893593083 -0.58854544520971
-0.0253771629498247 0.0117991090778756 0.714417316512743 0.0298698467783097
-0.0266807232412452 0.00626411840342979 0.251555180524991 0.442981795959981
-0.0195541180036751 -0.0231599562754364 0.07328936552105 0.0727459337895411
-0.0335029445763026 -0.023349079334514 0.0414966467721489 -0.465000960123809
-0.0208959185109801 0.0120957373954037 -0.649831624185357 -0.458873121605247
0.00510281100998121 0.0106813037221584 -0.759614713655049 0.471223778178969
-0.0146034623712987 -0.0241839266010171 0.150128315769151 0.719625749734572
-0.0416048359834081 -0.0271034865676723 0.486010474866807 0.144246923327046
-0.0276087932705284 -0.00389778190989896 0.238469152007016 -0.224550513025819
-0.00497427999728459 -0.0124186001793311 -0.0924484360291419 -0.236743026576585
0.00526260442359737 0.00404569664127495 0.0636960034336329 0.209925523356577
-0.0206818196988204 0.000662917401160814 -0.151613034436429 0.175009183112113
-0.0438289706015478 -0.0110941590562118 -0.420020226420844 -0.0284072749155736
-0.032968246562473 -0.0216863957383086 -0.271252477617089 -0.475833424304761
-0.0161134385320045 0.000992751387716481 0.448793164680329 -0.540154282524048
-0.0315587620903254 0.00972622294271612 0.706970664363041 0.129700980920069
-0.0318219578553495 -0.00104941342088217 0.206817738130186 0.467903736684865
-0.0210868880509614 -0.0304859716611918 0.0705107088120191 0.0581589530014792
-0.0385263262910045 -0.0243507004099797 -0.00759825234557003 -0.467900670485312
-0.0230419318978188 0.0151983194652241 -0.703718659443173 -0.354631727613935
0.00387526397747752 0.00777397020527068 -0.668793504467629 0.570783879921889
-0.0196100711187501 -0.0279815777176518 0.25004340626553 0.674942004569917
-0.0450983056602754 -0.0242675678066983 0.497281535503704 0.0716720245407244
-0.0300535837682721 -0.00254948566579848 0.222632981740078 -0.252229146099956
-0.00562234190811871 -0.0120243571792593 -0.0991903471516358 -0.244422094615882
0.00411591002003849 0.00225015940644306 0.0593286026419048 0.201175624380441
-0.0211089747722166 0.000722544225431287 -0.162198164009736 0.148286722635995
-0.039445857884867 -0.0128715617244195 -0.411982139640392 -0.0879727812137528
-0.0269818711034284 -0.0257148036107375 -0.193634951754751 -0.52357945610856
-0.0166128011352641 -0.00156538693384771 0.533731914713717 -0.472876487491259
-0.034434427058291 0.00407960300567765 0.682834724288563 0.241488039442503
-0.0323755257608123 -0.00519002008793062 0.155191748040368 0.491055636442911
-0.021161672510411 -0.0324138829968102 0.0649976171340812 0.043586462913401
-0.0413234321389256 -0.021081553036428 -0.0607572001659492 -0.46559140931704
-0.022360242657297 0.0159769099243165 -0.746565645754993 -0.239953683373283
0.00360471680117236 0.00495400407104845 -0.565149539366477 0.658090078456175
-0.0188787605537816 -0.0253424997422684 0.343381981136201 0.613603851302246
-0.0416152272866267 -0.0180146915462168 0.500499504951018 -0.00364090506028414
-0.0277024829794623 0.000327198010347201 0.20019222131532 -0.28177994562985
-0.00344558637137035 -0.0116767746872382 -0.108822430962303 -0.248802437853091
0.00378776768336406 0.00185468188578415 0.0567210487393007 0.193835043492598
-0.0180668378216217 0.00240811004713472 -0.166991996338122 0.124193595146608
-0.0309636566416088 -0.0118550280044171 -0.398681874431526 -0.139381511398619
-0.0183267480134549 -0.0273225566830069 -0.114242388972666 -0.555621340325223
-0.0172417959841868 -0.00511128556870478 0.605124906009841 -0.396087200194074
-0.0329498579058759 -0.00103784073300266 0.645021530812613 0.341165182483883
-0.0300702711553093 -0.00577703583122924 0.105771072850175 0.503449245482824
-0.0200322085969064 -0.0292391721825232 0.0610934310516019 0.0290068269502986
-0.0395611215003185 -0.0154947459436713 -0.107805174348782 -0.45945956163669
-0.0181765964051265 0.0144163718205384 -0.769309761651185 -0.134692224957981
0.00409275185610784 0.00292169580657794 -0.464321175068591 0.721624899935464
-0.0134336774382456 -0.0220025348650932 0.418059359912544 0.543908431139843
-0.0304477951617499 -0.0110909510282255 0.495066489314417 -0.0684154374453922
-0.0208722450397164 0.00191553735496224 0.178374345618844 -0.304961416148088
-0.00192857580794013 -0.00969636313985663 -0.117768647493991 -0.25483301294443
0.0045450861161552 0.00292945582070095 0.0548746695099078 0.188038488885659
-0.0107425972574197 0.00492265481529387 -0.171467588412689 0.106247663167639
-0.0186903186920544 -0.00492107858989521 -0.381948456915064 -0.176723868879077
-0.0108164110269925 -0.0234546527829264 -0.047968289371657 -0.572978500464491
-0.0157872859747624 -0.00894814092482946 0.649490431658528 -0.332733699294391
-0.0262311985899503 -0.00672921791262672 0.606181669808039 0.414422921136611
-0.0234951810593527 -0.00119612773493414 0.0673104273618491 0.512430302787179
-0.0188239161271512 -0.0172936617191632 0.0574184361740026 0.016440095219914
-0.0340962151388429 -0.0106369261542281 -0.14506488348927 -0.452750030457695
-0.0120393437180812 0.0109194624434075 -0.777377904447151 -0.0562350932099228
0.00659394686148653 0.000764454125262274 -0.386326194520305 0.755712484205167
-0.0044815869578301 -0.0173804162494204 0.467492449830193 0.487997359456991
-0.0151905118269492 -0.0049816470215818 0.483540486691846 -0.117709828148528
-0.011464856075198 0.0024309161574305 0.159386565704344 -0.318736889972327
-0.00205839655379311 -0.00737240271516 -0.123460571515106 -0.257933532461171
0.00676974826337209 0.00367433691134458 0.053200160034701 0.185348106150323
-0.000270733206134586 0.0078775649281011 -0.174355906133257 0.0988519280510794
-0.00476408984337665 0.00453464720446575 -0.372233470523395 -0.191938707754082
-0.00431000529439696 -0.0159631663817827 -0.014684271362462 -0.580565825290395
-0.0135190134902052 -0.0119982882205508 0.670352141252006 -0.297511359165469
-0.0159453527419019 -0.00903036596539254 0.578845856753202 0.450425284949049
-0.0156539566749125 0.00943285894327022 0.0468785305704003 0.513940630902391
-0.0162891415339347 -0.00559471470924728 0.0546604411355878 0.00841824089088935
-0.0230659962615664 -0.00501645951827876 -0.166324881133908 -0.447975387635541
-0.00542926250503865 0.0034376055669904 -0.782091011564502 -0.0177080058742917
0.00899509896898611 -0.000909403019808715 -0.346324375184774 0.768955509385018
0.00761931403978472 -0.012869747389746 0.486652052072155 0.459100577267485
0.00226925799188931 -0.00217474483903239 0.479039065617963 -0.139692758110804
-0.000898455161848133 0.000529747920397449 0.152134055769772 -0.324161440409628
-0.00107421880945388 -0.00564187972806124 -0.128625419439685 -0.259080333549983
0.00991153994568534 0.00508872081292099 0.0533445919578628 0.186457936473233
0.0109887581761345 0.0122974266087571 -0.1773234475094 0.100966414394683
0.00801923578274945 0.0166926616372279 -0.371383410243522 -0.184882432654934
0.000442558116190345 -0.00666810223012772 -0.0173484505326398 -0.582755627570837
-0.0115989490083346 -0.0138002914254062 0.667888832078947 -0.30567314086072
-0.00385118380513905 -0.00838411171641983 0.578580008248763 0.442370730629426
-0.00786805963608419 0.021561064455675 0.0470619251787691 0.509732473758736
-0.0130486855546351 0.00874100425987884 0.0529062930098922 0.00720688869318016
-0.0122853040289736 0.000567656077474748 -0.166223222054068 -0.450445813206882
0.00316779981988334 -0.00374821801153562 -0.786497871864701 -0.022151692040318
0.0128091448656777 -0.00220821254223332 -0.352568343392743 0.764493303557372
0.0184700109920392 -0.00815019503853478 0.486290390227533 0.461771332661496
0.0188111744371538 -0.000761354529322028 0.479746936649967 -0.134795832511252
0.0103046494354571 -0.00171928669712233 0.152553436923456 -0.31950264882093
5.36496285140765E-05 -0.00219179418180438 -0.127240812473627 -0.257227655076249
0.011098050033249 0.00735436738626171 0.0530512261610256 0.191140347365593
0.0203136789642834 0.0134293538966543 -0.178761678684752 0.113079289965962
0.019984448071605 0.0248531011457359 -0.382375909365281 -0.158480806988616
0.00363964065168103 0.00280809799497864 -0.0552196989798914 -0.578592964565701
-0.00907608351579744 -0.0136258386883507 0.639126800470331 -0.35320728428028
0.00644666827503656 -0.00869987679653583 0.60369608858848 0.396196211347178
0.00144118613040539 0.0322575503000862 0.0693827495611842 0.505596880679636
-0.0103688668022706 0.0228702891943916 0.0529991267135133 0.0124172654682159
-0.000335449373637623 0.00543903649923707 -0.148286379565213 -0.458964424367754
0.010118821503378 -0.00968804061372036 -0.787143114200056 -0.0699275990865897
0.0144261879735655 -0.00273716001200245 -0.405718425376592 0.745599515288385
0.0295739914723035 -0.00283874260210094 0.456289451895566 0.498964605743461
0.0331095184010844 0.00163907170612203 0.488350822971917 -0.102475195304397
0.0195242318306516 -0.00291077868061852 0.166488675031255 -0.308369611800599
0.00103894341638671 0.000604997605827893 -0.122355359702208 -0.253549279423051
0.00544525141308163 0.00471674438010622 0.0715691822549941 0.218594744723456
-0.0154834766417098 0.00152851319594003 -0.140623921474435 0.200678644550369
-0.0406278106371332 -0.00777023882688327 -0.422731724237105 0.0336085716745659
-0.0359942769489679 -0.0139456158398419 -0.340266064611907 -0.424128278081053
-0.014530914114234 0.0026750074090289 0.35850941545672 -0.594447319530233
-0.0261383723868259 0.0125028677403787 0.718276528551979 0.0263171073095791
-0.0276921360776817 0.00651390118671115 0.255870101953879 0.443689547031793
-0.0204307254551566 -0.0239683471984299 0.0751263593081375 0.0702078425239616
-0.0343441533501712 -0.0231979651688454 0.0419945071453928 -0.470146181620944
-0.021386083684757 0.0119081219165337 -0.655968549598483 -0.4596257998662
0.00522609227318449 0.0105454895118602 -0.75930212115206 0.479517772001649
-0.0151865034358773 -0.0257169574097646 0.155895537274009 0.72254305768961
-0.0433284501059864 -0.026596390764407 0.490423615264462 0.141668154435032
-0.0284943706433494 -0.00354497114667826 0.237302178660325 -0.227228135170091
-0.00511038161000901 -0.0124694725711776 -0.0957313546277937 -0.237485478797124
0.00461960061150258 0.00316141675016131 0.066223599752897 0.210221280113889
-0.0207774278684634 0.001313393662681 -0.152434387285364 0.17516951359877
-0.0437391814764631 -0.0109293311407933 -0.421651636029483 -0.0250962051819002
-0.033392911528155 -0.0218079617603927 -0.275218368214791 -0.475594352441874
-0.0160433104152965 0.000663984885103259 0.446992687318766 -0.544699028326751
-0.0314395040409689 0.0104486871877329 0.710577648526577 0.127720590787319
-0.0319520404520636 0.000141826818445167 0.210885953945564 0.469196549820674
-0.0209360975460604 -0.0302820565847344 0.0712022066690423 0.058084125926832
-0.0391848982050882 -0.0247920762289657 -0.0092792965372508 -0.470697431322145
-0.0234948787331913 0.0151556715274884 -0.709886913387177 -0.351772274559428
0.00303901268894653 0.00775838011118102 -0.669453422717217 0.58151972609889
-0.0195365515061982 -0.0271023188740893 0.254600452834592 0.676340464690047
-0.046315883625062 -0.0232708241621695 0.500104573684442 0.0677996963628924
-0.0301536243654553 -0.00187264998870083 0.220710227497588 -0.257633558456015
-0.00570041428270959 -0.0130569409823222 -0.102792022123485 -0.244066086576334
0.00479634580982268 0.00307998839681404 0.0613321078206351 0.202113145617872
-0.0217809066045213 0.000530082964735172 -0.161402504151747 0.149455175188558
-0.040920867525843 -0.01248136511479 -0.4158885274446 -0.0853208429896969
-0.0269741718747985 -0.0263195989664167 -0.195260801790857 -0.524345160549363
-0.0177131272989668 -0.00181929248857742 0.533212732003875 -0.477319423131753
-0.0347912196551065 0.00486337246426499 0.68848802039912 0.238293290184106
-0.0320354374685084 -0.00435509725610887 0.158892306876786 0.490822710358476
-0.020722252465591 -0.0311008333339252 0.0657171621239539 0.0425064839886191
-0.0422944608512175 -0.0208798919534702 -0.0618157576945525 -0.467395298705536
-0.0226741591452197 0.0167312403000251 -0.751627258881296 -0.23800727273023
0.00403697600048523 0.00469080675978726 -0.565176796968516 0.666686522843204
-0.0198040130624355 -0.0246181101779338 0.350080074291206 0.612113948265282
-0.042285436972161 -0.017639229991808 0.502336083779039 -0.00761123375159966
-0.0267618036381283 0.00119615868846736 0.19864449462398 -0.284324725492153
-0.00342124926922634 -0.0118938649534109 -0.110835828095944 -0.250117167919573
0.00365080075627223 0.00265048449755651 0.0591595047974844 0.194647585546198
-0.0183755436731231 0.00218691754469189 -0.167248986948296 0.124549816118189
-0.0313655667387893 -0.0118755221355368 -0.400558148738654 -0.138019659854191
-0.0181083140273695 -0.0287161160339408 -0.117378399519673 -0.556918272672295
-0.0172005601565061 -0.00498002083505305 0.60364670025044 -0.402612548207828
-0.0332295903195989 -0.0013379902549522 0.649906677350535 0.338300854377774
-0.0291851071408703 -0.00553939023996803 0.108789746276866 0.505362348141865
-0.0208194885171862 -0.0281214348602331 0.061516775915182 0.0279082594281449
-0.0403227613087314 -0.0151611802072843 -0.109242522105851 -0.461695444045546
-0.0191921542203221 0.0150492478536103 -0.774037675401883 -0.13008092913059
0.00363267654912747 0.00294032253000879 -0.461895031709155 0.729278826089721
-0.0143137159586759 -0.0213821591224428 0.42146389035322 0.5457333522291
-0.0316127731359831 -0.0109206706881695 0.497374694641341 -0.0736499104557834
-0.0201630258505722 0.00229586604323281 0.175859116430368 -0.3078642048154
-0.0033233302886568 -0.00939961406074926 -0.119359803973194 -0.255887402148875
0.00489253808531371 0.00216132786646356 0.0578205541391381 0.188902801896535
-0.0112314344985555 0.00464756153075221 -0.171233568489154 0.108537480458909
-0.0187363060930058 -0.00475166342044672 -0.385201928989007 -0.17329827537744
-0.0106017325666165 -0.0241449176854952 -0.0520656945721178 -0.576553583606919
-0.0169823516741208 -0.00863378579717718 0.650969124513453 -0.33905767678466
-0.0260795194398521 -0.00556582195944011 0.610692880548547 0.413036592224929
-0.0222198479941111 0.000446315776851846 0.0687756938715518 0.514611610165678
-0.0191793494503046 -0.0189385744838017 0.0575071538680289 0.0154539655706766
-0.0336415238664923 -0.00998834525594259 -0.148666217252037 -0.453913158979852
-0.0124193745443068 0.0109736316653753 -0.782205989490205 -0.0508084395481703
0.00642631843444185 0.000491474410980719 -0.383817353069562 0.761238819752665
-0.00438844727112224 -0.017320285939171 0.472355903725252 0.488214791145153
-0.0155133828347504 -0.00601120304033823 0.485368052850525 -0.123043063388272
-0.0116771244657097 0.00157634956378491 0.157966712382403 -0.320557944365624
-0.00286150070378336 -0.00697969306002961 -0.127217799958107 -0.259021036003176
0.00681358369897286 0.00303052681886089 0.0573579843907042 0.1846883051125
-0.00115937799998765 0.00787056212915497 -0.174720910933438 0.0997602175806256
-0.00482300796376999 0.00502517332337963 -0.37356657022664 -0.189723166337132
-0.00442219133088077 -0.0162568901161645 -0.0180987721187848 -0.582564570352873
-0.0141546485470307 -0.0114423101430956 0.670565858853937 -0.304034323009112
-0.015644992294324 -0.00871741909703951 0.584807058014445 0.447967221730107
-0.0143733857333757 0.0102952835316367 0.0493359763749274 0.516177544676034
-0.016940044513137 -0.00552895478730967 0.0538655347612199 0.00887710818643523
-0.0238210034190608 -0.003923014634886 -0.168700007190002 -0.450375239305059
-0.00580028667982337 0.00393686530664659 -0.784358949448165 -0.011583788269788
0.0092647476389072 -0.00160859161667426 -0.342429017298388 0.775457525032095
0.00726107906020499 -0.0128260418698554 0.491938408068281 0.458223721811381
0.00131039061873718 -0.00307219622470556 0.478771846767322 -0.143654453487206
-0.000132255982960601 0.00130197937988153 0.149130683998675 -0.325740798002023
-0.00236985447203822 -0.00507563464197337 -0.130681613749494 -0.259690800152556
0.0105511117063067 0.0058929874569294 0.0550205984155532 0.186427111224986
0.00978587893503018 0.0118225880117352 -0.178027176558629 0.103466648947719
0.00899562370323105 0.016213177420052 -0.37418625210678 -0.18230628122878
0.00120735671861009 -0.00670684305589688 -0.0215928190202256 -0.585052184565068
-0.012172474810357 -0.0143068839378092 0.667459496385521 -0.312803926376816
-0.00421288727307355 -0.00915865218569302 0.582842024486298 0.442549608401998
-0.00705368807796892 0.0221476048178709 0.0493212294823051 0.514768046046915
-0.0144102772764226 0.00891089955497721 0.053622545215782 0.00712053798838071
-0.0114580454406201 0.000426579135775007 -0.170314652662889 -0.453001722271876
0.00168620138301313 -0.00372353581428211 -0.788969543844554 -0.0176832294312053
0.0122980958521778 -0.00308692287242622 -0.34949707426847 0.770519996659546
0.0191944983439658 -0.00803556487659594 0.489978329093387 0.461567804545957
0.0188905562713456 -0.000440911420584878 0.481038733647391 -0.139740774089915
0.0105484237873456 -0.00176890474108199 0.150757396829977 -0.323259549239917
-0.000513557653974869 -0.00206236648582513 -0.130133097406748 -0.257422935510177
0.011896309075944 0.00708825031298144 0.0556129252327186 0.191184451185378
0.0185894905939354 0.0137760478506485 -0.179551564658284 0.115117391614627
0.0193933656793967 0.024911995894967 -0.385026807919644 -0.15531597006471
0.00367877184262866 0.00337445920685282 -0.0596970501381662 -0.580457322308921
-0.00915070775268401 -0.0136958257824836 0.638480063865665 -0.357397527332049
0.00668349147208355 -0.00872252220153676 0.607780627171111 0.394441779195166
0.00174303627942219 0.0334437976762378 0.0717082373511817 0.506208169356018
-0.010801684958204 0.0237801419455091 0.0538339270407106 0.0129089576417764
-0.000716411049111293 0.00505083900736165 -0.150470324329241 -0.459945245144495
0.0100594691553253 -0.00984346543857879 -0.79139447358353 -0.0677386228256648
0.0156090215798798 -0.00395381173434815 -0.402353703918681 0.752394599640577
0.0287285060584022 -0.0026089175480959 0.463406471435085 0.499513858381332
0.0330225804058975 0.0019799190815908 0.490465343465953 -0.106991241208409
0.0201023239322916 -0.00283356543430939 0.164014482729142 -0.311569895784376
0.000909921590492703 0.000895196225790911 -0.124214062043245 -0.253997630461263
0.00650947275637748 0.00403091905543377 0.0737577099922251 0.219273169704922
-0.0167035919421058 0.00017006414497226 -0.139805840595297 0.201975073961791
-0.0417376529431217 -0.00707890507132419 -0.424030687092648 0.0372080704510104
-0.0350945204256902 -0.0130999156781924 -0.343890656190632 -0.421743098737155
-0.0137712244766071 0.0033474340646186 0.356546396921473 -0.599279648371091
-0.026045148616892 0.012205830628726 0.720213962861191 0.0199712009020129
-0.0268092747739964 0.00687805519866114 0.257791756417775 0.444033506944385
-0.0209088463294672 -0.0230864491155526 0.074647949501454 0.0710314307997992
-0.0346289714461945 -0.0225492344552395 0.0383637171115177 -0.471440084011985
-0.02130992925972 0.0129255632759503 -0.660514831964943 -0.457563073455848
0.00599013505218522 0.0100051197061578 -0.758514409231978 0.487940235336798
-0.0160394076059245 -0.0243106009970947 0.163459022115837 0.725026704971331
-0.0438244257926803 -0.0260765808079376 0.492636460272222 0.138518847690248
-0.028524043318471 -0.00387647052914566 0.237136925451816 -0.229616333339519
-0.00619196322017662 -0.0130163235118314 -0.0982307982320149 -0.238160988548111
0.00440811567957944 0.0037832604857582 0.0684912553179834 0.211457973313486
-0.0207831656230946 0.000622497702803965 -0.151364403542617 0.176927485534676
-0.0443279799985849 -0.010459719600333 -0.424893529660105 -0.0217195965941204
-0.033720101283545 -0.0209963907270015 -0.277316177773084 -0.476578793668317
-0.0163200445006794 0.00133167142385163 0.445979682087463 -0.550133026733341
-0.0322247460339421 0.0100767705433736 0.71386829070114 0.123576553453569
-0.0312088304660149 0.000240753134334411 0.213011695640447 0.46889778657013
-0.0213037028622303 -0.0293561061888161 0.0723113971579592 0.0570123260929922
-0.0406300789059068 -0.0243170722367195 -0.0129976419988255 -0.471503616634952
-0.0231690373816234 0.0156301710935194 -0.715245695553236 -0.348932034489447
0.00506570171603539 0.00887086978688712 -0.669260752920534 0.586090283146688
-0.0198042945434118 -0.0273112371606091 0.262241382348394 0.679213063291982
-0.0469796269705158 -0.0237980593426497 0.50414010225399 0.0654807926901596
-0.0315434486560537 -0.0010801877196416 0.219488658834313 -0.259961430382965
-0.00532713714377256 -0.0131227313708585 -0.104510389905689 -0.24501553482266
0.00304221591806593 0.0026120857215788 0.0641981886765683 0.201511214112248
-0.0216754190297358 0.00140012572791336 -0.160934889954371 0.151695199984221
-0.0411114151722602 -0.0122057453881149 -0.418046657300299 -0.0817526616630212
-0.0271924571747566 -0.0264798779121169 -0.200824891102424 -0.525063304547163
-0.0169593319230658 -0.000711461764881738 0.53198477242337 -0.48220402311424
-0.0354188174104814 0.00521462712909985 0.690943348589736 0.235928992337054
-0.0318010296079715 -0.00398344433312157 0.160640311062365 0.492432308407749
-0.0211801627433386 -0.0314961394499695 0.0668216735076937 0.0423099165232254
-0.0435190160148204 -0.0203782764807324 -0.0639570353627162 -0.46960694805432
-0.0232999662125832 0.0174931885242708 -0.755051851832178 -0.234124602440953
0.00393280175589702 0.00533589515346666 -0.561297661754005 0.672984605942781
-0.0200853771704365 -0.0252036539930926 0.356066183647196 0.612533285044734
-0.0421192695629139 -0.0169824727163664 0.504610574021869 -0.013057619695357
-0.0269237706935971 -0.000326354085866594 0.197501687853787 -0.286421926489315
-0.00530322480380581 -0.0129283633486033 -0.113699401399487 -0.250465208681744
0.00395720929785514 0.000949587142001176 0.0622825298747391 0.193522972950808
-0.0185960252338512 0.00199875709212942 -0.167629147654127 0.126717087520247
-0.031663897082623 -0.0107367103212768 -0.403121256645089 -0.133360082048866
-0.0189881529970146 -0.027890927260142 -0.121734375538698 -0.558574889268154
-0.0183606593779205 -0.00499691444534861 0.603851407392077 -0.408847057137828
-0.0332660046983983 -0.000475952442525259 0.652848924353503 0.335927365104778
-0.028710442692149 -0.00449466013883062 0.110191690833793 0.508410890179642
-0.0210450581123372 -0.0274872995068006 0.0621517470636648 0.0270157339339723
-0.0415786493144656 -0.0147871709533213 -0.114597304103007 -0.46430436792531
-0.0183882195403183 0.015105792379762 -0.77701711232331 -0.127428692857668
0.00445300709742475 0.00251449790999779 -0.45818509499779 0.734572707929174
-0.014466299305577 -0.0214330686046221 0.428623934282516 0.543571421504594
-0.0316568725864065 -0.0109969257928565 0.497136490214561 -0.0792287104786044
-0.0211783834343715 0.00233285788917867 0.175463731660957 -0.310900875381368
-0.00360456371807591 -0.0108864168092702 -0.122670015886821 -0.255478560319906
0.00503562966782531 0.00227977539440632 0.0605420866412977 0.188399706101723
-0.0107239911880546 0.00478029237397691 -0.173108367550253 0.108635603368997
-0.0185328951258131 -0.00464740550606523 -0.38867524385094 -0.171661225249063
-0.0110848974782675 -0.023715461820437 -0.057378805786248 -0.57751878681296
-0.0165216478110451 -0.00906283723563606 0.649144382929023 -0.34400345569435
-0.0258884296616136 -0.00588715447591592 0.611937962002507 0.411971294384116
-0.0228838624538338 0.000870960885005635 0.0714293659233425 0.515004378769916
-0.0190618245841891 -0.0182709067896389 0.057522643032974 0.0154878150560508
-0.0340834873609595 -0.00906860868234567 -0.151198292776834 -0.454795501990294
-0.0121504214564522 0.0106192524803703 -0.785304386804166 -0.0469426461943839
0.00604387583516821 0.000140858014631256 -0.380896649396593 0.767722824595486
-0.00506780730692592 -0.0171428238908681 0.478273747162215 0.485255077453912
-0.0160927564605989 -0.00480459710237247 0.485810057665135 -0.126001519698367
-0.0106084921519307 0.00144655421096775 0.156257784725222 -0.325679700182921
-0.00238650647448552 -0.00832135545492132 -0.130336151130568 -0.258590833106061
0.00795253170256776 0.00279265301742113 0.0588838194459023 0.187031018392438
-0.00137875268074144 0.00870516826755095 -0.175464217223845 0.100586463429954
-0.00583631113988854 0.00578824400616693 -0.379025230437096 -0.187076209959544
-0.00425437958083492 -0.0167560292335751 -0.0224717449101771 -0.586560591832529
-0.0149972179798988 -0.0105733425217499 0.672700621734448 -0.310427560165752
-0.0163645864319014 -0.00822733448691067 0.588570805855346 0.446096704371388
-0.0141466538166587 0.0103811257080178 0.0499065471774768 0.519258891753758
-0.0165603039595598 -0.0048247782730975 0.0549035775852369 0.00900769429305456
-0.0237500901186244 -0.00430956244806916 -0.171659875230337 -0.450620254427285
-0.0053308606521368 0.0042486086436249 -0.787459509615525 -0.00672780831096657
0.00982221445876442 -0.00110498171584564 -0.338761289016443 0.782154202450537
0.00779565046912715 -0.0125438689252649 0.498357894475514 0.456267263274927
0.00152021407243141 -0.00254932278860644 0.479954781547583 -0.150200526574007
-0.000495833104338117 0.00112052269130662 0.147299131968411 -0.329572856747772
-0.000637530671312333 -0.00416259477381349 -0.133621053456817 -0.259607346164896
0.00953018701444252 0.00607987204141255 0.0584677005789833 0.187366989988352
0.0104695528775158 0.0122050627895312 -0.177375889850683 0.103994591406696
0.00848996682080033 0.0164643269115954 -0.376796591132291 -0.180658133053841
-0.000474950916466852 -0.00590999292715294 -0.0238445477675804 -0.587020227138748
-0.0107891019912108 -0.0131111997781677 0.668662102751311 -0.317488168968829
-0.00405284942973531 -0.00828416267282297 0.587347078407518 0.439638634845621
-0.0063918738579939 0.0228137145329024 0.0523159221440771 0.515991626925439
-0.0130728052362162 0.0104562181100554 0.0524869132959007 0.00700438831745337
-0.0118853067556995 -0.000141741043711402 -0.17368972815191 -0.452659524501657
0.00166008677258188 -0.00284217990707814 -0.790381839650026 -0.0115644717606345
0.0122749179173115 -0.00342257678053391 -0.345168775886904 0.779565149748765
0.0196961487226452 -0.00794140809969101 0.496734275092764 0.460051820793057
0.0183204007292802 -0.00110385039080221 0.481314099274677 -0.14481089684841
0.00959921822615407 -0.00165223591702556 0.150364964748962 -0.326258175516245
-0.00144846057976469 -0.00254971272982386 -0.13420561211649 -0.256369552800798
0.0117978463912566 0.00733336192199347 0.0579088990849855 0.192888198224867
0.0206424356689497 0.0150440035995319 -0.180234337327876 0.116427050052892
0.0210618480674219 0.024751976901554 -0.386491087513889 -0.153671406967431
0.00343613028669253 0.00281309809010906 -0.0656717242389246 -0.581635337043803
-0.00914405903572966 -0.0137679166124955 0.63790688408909 -0.363444843835785
0.00594356759442046 -0.00876266671336241 0.612523219127511 0.393368608289301
0.00337861597318133 0.0324518372533767 0.0743577985760619 0.509356816706059
-0.0102334693301385 0.0235190429476389 0.0535007159632863 0.0122285685312415
-0.00154975366177473 0.00605948089971457 -0.153238326567745 -0.461503455460345
0.00931628048032292 -0.00887878664126009 -0.794538311243898 -0.0624803309102154
0.0159668275538034 -0.00363360767574179 -0.397951716107013 0.760012836354248
0.028507595192321 -0.00353655864383417 0.468579101131583 0.496533805724213
0.032219452077681 0.00109078325335466 0.490835559349417 -0.113318999833582
0.0193679062407663 -0.00360269725172582 0.161079423870832 -0.315572208070521
0.000290752872538639 0.000639991199437634 -0.127589913336381 -0.254339833399452
0.00632624467668533 0.00440032607342748 0.0767126601924062 0.219452586527807
-0.0162923126393763 0.00120327827224817 -0.139239267927299 0.202466176917482
-0.0416167107161362 -0.00591483495528803 -0.426499683835209 0.039953060304511
-0.0364395429609614 -0.013471773876682 -0.34602973571499 -0.421032277503531
-0.0150622449619415 0.00374244968442318 0.353471832984174 -0.602284788229712
-0.0254124118681072 0.0125693088728983 0.723152040860908 0.0162767532306169
-0.0269899201276204 0.00741208259233838 0.261374414074371 0.444843122252675
-0.0210720732108427 -0.0226212622087893 0.0764835417718425 0.0703020762142228
-0.0347882965862721 -0.0227980104379242 0.0386853128064276 -0.47141357677941
-0.0220478039224796 0.0131873078250024 -0.664976976507138 -0.455002741968171
0.0056346835972161 0.0101390217040625 -0.757367562783571 0.493639356918607
-0.0160057272322952 -0.0254365379162685 0.168700103024018 0.728254192890129
-0.0452605271270238 -0.0252961562823921 0.496062667055682 0.135320012060252
-0.0282261975309119 -0.00334335857720309 0.236700971677522 -0.232658896184933
-0.00624639441429936 -0.0127967478610384 -0.100351531941066 -0.237662553514605
0.00421499021188565 0.00233770451697542 0.0708503166731102 0.212261137328319
-0.0212498050584433 0.00159207893000881 -0.151304852014673 0.178633041375277
-0.0447491925033407 -0.00990383091997673 -0.425954900252928 -0.0178710223720289
-0.0337395742425112 -0.0216160419225909 -0.28169238668615 -0.475133035582203
-0.0170339720965468 0.00220336727073606 0.442128371931272 -0.554919483082587
-0.0317874339999098 0.0104017792763629 0.715020365663671 0.117859397787773
-0.0309321767469217 0.000598056202622019 0.216485594762908 0.469515105712228
-0.0212105763073717 -0.02922260039992 0.0726202531704609 0.0563681017339312
-0.040871084678751 -0.0239194311313594 -0.0124186481545273 -0.473359381287749
-0.024161320197489 0.0159893568935928 -0.7177329842299 -0.34567013303669
0.00403978775928651 0.00790800312224035 -0.665390193266955 0.594227106450117
-0.0196753402618153 -0.0278802052775632 0.267110814487576 0.67774739487728
-0.0473401221230336 -0.0227162489175052 0.504637456009981 0.0608135617111771
-0.0310540920055275 -0.0013882562094544 0.218918046681635 -0.262388520382904
-0.00632810260683413 -0.0135718734001582 -0.107658297309384 -0.24565149286929
0.00304533104665289 0.00202728669854833 0.0671951925646682 0.201592259894365
-0.023025830035777 0.00137190414183517 -0.16146158560919 0.151360490716477
-0.0416440144124516 -0.011661159553437 -0.419898290592429 -0.0788011588269069
-0.0278106718612589 -0.0273759729249337 -0.205186233667063 -0.525673436955318
-0.0181882824092685 -0.00161861446998535 0.531084573909703 -0.487402058171561
-0.0345982121478173 0.00530346928620569 0.695054957430394 0.231056694896864
-0.0320519362045578 -0.00464161328105081 0.162993442866446 0.492652498871295
-0.0222640018939749 -0.0317891446330755 0.0669792338082812 0.0425648177427354
-0.0434657888171619 -0.0202713619417346 -0.0657833228336973 -0.471903843221813
-0.0233074433170278 0.0172034510351833 -0.759606397806881 -0.229412100319821
0.00403614955572293 0.00555967373853501 -0.558124190079413 0.678526925320415
-0.0195602668923363 -0.0254071477594814 0.360692317031393 0.614011655624066
-0.0433778098484494 -0.0173965320569739 0.505859246563549 -0.0148111579421
-0.0279847949762166 0.00145007214763474 0.19532805392981 -0.290104023444066
-0.00538513258996269 -0.012455994975315 -0.117381414208917 -0.251875049577021
0.00435171733802596 0.0016575704308144 0.0640031613014404 0.193449753468559
-0.0179843170923668 0.0023226881714959 -0.167697878951052 0.128096504188263
-0.0322400769242755 -0.010487768308394 -0.406586878861225 -0.130311679535052
-0.0194091630276467 -0.0283558023759667 -0.125825868915859 -0.559878954334622
-0.0177109356175925 -0.00469720457704913 0.602729483871481 -0.414335736402838
-0.033514060145386 -0.00110104224725069 0.657235981566095 0.331664599446984
-0.0288725160699751 -0.00326598720255557 0.113755953462784 0.509033037483485
-0.0210666909668417 -0.0274805731402416 0.0626757964956586 0.026827278492366
-0.0421927887073989 -0.0142259960797772 -0.116553653362568 -0.464066090248368
-0.0192073461812834 0.0153984160186609 -0.779713520739666 -0.121035577104758
0.00501882965777897 0.0030390623998672 -0.453357420806144 0.740624661261445
-0.0147194909924506 -0.0214233688281261 0.435796015622855 0.543143776592828
-0.0313662025484392 -0.00947459756514921 0.498469922308818 -0.0812631832348489
-0.0199116281483499 0.00302434436123255 0.171755088003365 -0.31200637525305
-0.00414804683960485 -0.010697959275751 -0.127098698996861 -0.256220226870867
0.00500289208559784 0.00101065410025551 0.0622850219367161 0.189588272172332
-0.0106594116557603 0.00403114058365897 -0.171778188772939 0.110495465149702
-0.018950008452784 -0.00403707490429828 -0.392039532559444 -0.168209113076338
-0.0111021580508278 -0.0241874864501869 -0.0609221415810832 -0.578842904964831
-0.0175858714376931 -0.00807320415291099 0.651188144430837 -0.350471565729993
-0.0270217000669856 -0.00639339277710407 0.619575803821858 0.408112697673001
-0.022468770522496 0.000788599395075765 0.0751111026076601 0.517932004477096
-0.0190352232095874 -0.0172888792156701 0.0577433884162737 0.014986145309661
-0.0356374484933798 -0.00871097687612665 -0.152716710168127 -0.455888743505419
-0.0125622419090401 0.0110473393828676 -0.788232988514681 -0.0414298335031862
0.00653604455356151 0.000360524132119355 -0.375645666204702 0.773736785441247
-0.00420268717491276 -0.0173510845084298 0.480922754624528 0.483718310940845
-0.0160876647881781 -0.00552734646070395 0.486545562838513 -0.131541015903281
-0.0125835365695841 0.00201584704420628 0.153285392716029 -0.32692146447215
-0.00393897319963779 -0.0076273033720614 -0.133218616992533 -0.259896721791396
0.00759931011695994 0.00311821912873498 0.0603969492711893 0.186278621865404
-0.000960951777771482 0.00821209438853089 -0.176361303517319 0.102164688239576
-0.00449910425907951 0.00546784607901436 -0.382040136730373 -0.183524150302357
-0.00480213280064569 -0.0162269166951964 -0.0271132710268712 -0.589604375924449
-0.015217467705678 -0.0110761414410261 0.673293164674165 -0.315305276032758
-0.0161968934628564 -0.00789114171350258 0.595048076293273 0.443944967908389
-0.0143174696233495 0.0111486823320834 0.0541960824655238 0.520454929436434
-0.0158685524672622 -0.00445078248537135 0.0542321565293273 0.00765489806378746
-0.0244832031951543 -0.0036450627607968 -0.173774509897741 -0.452540163135562
-0.00639080973131175 0.00419584849984373 -0.791448596739386 -0.00307087612847151
0.00950015471651896 -0.00179036353995225 -0.333817485632759 0.787388846129502
0.00692165626981754 -0.0130564519114966 0.504288256229501 0.455174450177249
0.00183250154329187 -0.00226560663770427 0.481123164286928 -0.153172241368603
-0.000391534749016022 0.00105122824995034 0.145444607315987 -0.331676137682071
-0.00268774027148761 -0.00423373648890575 -0.136493581536862 -0.259890532711818
0.0101871665886088 0.00550536748333381 0.059880333089171 0.187196066939722
0.0106443168870278 0.0126288493526466 -0.179056034365511 0.105470319215843
0.00941370969737242 0.0162176986509055 -0.378998303422267 -0.178864612644038
0.000158567992716834 -0.0067503604250656 -0.0291280656998798 -0.589853428820829
-0.0118361145636215 -0.0133050656100551 0.667294804310068 -0.322551492573822
-0.00381223412222008 -0.00810150311957108 0.592555824615635 0.438335797609627
-0.00590429308793755 0.0233890765847521 0.0544657935975141 0.517170304941983
-0.0137318149882703 0.00982759798790995 0.053179996822818 0.00684447163977832
-0.0120616460422971 0.00155930906877116 -0.174575292188823 -0.45587270337078
0.00220963373104046 -0.00250611439917795 -0.794711983396769 -0.00761308144029627
0.0131115919108256 -0.00388067968538165 -0.340963012439698 0.781710908053593
0.019686522200805 -0.00882248118647781 0.501881513895217 0.458195206820263
0.0194814214763059 -0.000265191510430252 0.480885268615451 -0.148287681749848
0.010072719914434 -0.00228900072161801 0.147649189455531 -0.329291068739078
-0.00196049092656645 -0.00212277332815691 -0.136298072634197 -0.258373437802893
0.0124564731295351 0.00674748194837519 0.060416640043268 0.191361852437373
0.0202823548575729 0.0146463772182761 -0.180549399798326 0.118270393569984
0.0214593204658495 0.0249367263777798 -0.390014753214486 -0.150459773867515
0.00455278758906477 0.00287613982685201 -0.0687690752547509 -0.583384856415476
-0.00963692895595134 -0.014113885479106 0.639188488269045 -0.37169094128708
0.00645601029054245 -0.00869770785686284 0.615978066119746 0.391028165701895
0.00291746283850527 0.0339890044116797 0.0765373428465993 0.511511138796873
-0.010084421142583 0.023477026997245 0.0539891497057139 0.0117158964756869
-0.00106451535233677 0.00632926110347054 -0.157568904532165 -0.462959010386976
0.00976117374631895 -0.0102040301849259 -0.794868981701765 -0.0577928832742129
0.015132426176581 -0.00379118961422521 -0.394514596383937 0.76575003490937
0.0291496443274412 -0.00308028238621511 0.474540582955904 0.495747713216047
0.0330996314444005 0.00135680004210722 0.489413694269068 -0.116958505153052
0.0198788700500313 -0.00440513334640285 0.15930810716794 -0.317440933727033
0.000617422878512525 0.0014553605278344 -0.130952873768385 -0.254676037845247
0.00696016757667525 0.00398334853088967 0.079356356301267 0.218498142029844
-0.0160238258891943 0.00149167514841081 -0.138776403576749 0.203489667043633
-0.0415431606018964 -0.0055683722832783 -0.426675053687504 0.044763560069899
-0.0358539505226419 -0.0134462907769471 -0.350486055478396 -0.418450480949809
-0.0148316485655605 0.00320488412843631 0.348106873489723 -0.606703878953243
-0.025893352724993 0.0127866478835604 0.723710957204096 0.0099476284335087
-0.0263634594756829 0.00774538758645007 0.262746737826209 0.442197388062275
-0.0211472826727867 -0.0226559160364378 0.0759713993389119 0.0693556272006373
-0.0350551046583517 -0.022462468105472 0.0354599319019674 -0.475581462570451
-0.0216699745827012 0.0128818390293813 -0.668489841897601 -0.453237890047232
0.00608270084017018 0.0107739223387456 -0.754975310621948 0.501338463489685
-0.015317090899983 -0.0239940895294457 0.174471134274232 0.728391720071356
-0.0449161880548058 -0.0250619858836545 0.497524036646098 0.130259843370078
-0.0286162506720035 -0.00382199086068924 0.235320696627481 -0.234778252169431
-0.00610113284170542 -0.0133324550557782 -0.103947576305802 -0.237853903009648
0.00543184207994705 0.00340327508271856 0.073653794176307 0.209412102364631
-0.0211342586177924 0.00248627929620398 -0.150134440698305 0.178945107555625
-0.0448147966218791 -0.00952594062712027 -0.427571800047511 -0.0147819625595621
-0.0341461775255263 -0.0211613912725677 -0.286099957007238 -0.47496257012982
-0.0163603583765435 0.00309048572223593 0.44085665091256 -0.559389129800976
-0.0331562601138564 0.0109428233731714 0.71940975961575 0.113660654958226
-0.031503250417529 0.00191037888613656 0.218403276939069 0.46941285872563
-0.0219039940709339 -0.0298435084663454 0.0722243795711176 0.0558042644505437
-0.040936217083395 -0.0223733707431354 -0.0162159853921267 -0.475115585291681
-0.0239758675661421 0.0162706337189862 -0.721285999696724 -0.343437983595186
0.00467145080222007 0.00727773962074818 -0.663461580954137 0.601255086696373
-0.0203438137974668 -0.0272680912772051 0.274931739786076 0.678964171326743
-0.048315042283739 -0.0229086014548644 0.506639967129766 0.0571177563673996
-0.0305794359099574 -0.00106036609228045 0.216652088119569 -0.26324334561646
-0.00647382522026111 -0.0142888040600056 -0.110262637091958 -0.244999313556885
0.00428757592842618 0.00158207337289257 0.0700852811296705 0.20216878002422
-0.022312573936261 0.00159000244912678 -0.160760875366942 0.153373470037056
-0.041696982890903 -0.0112223209562671 -0.422659550161062 -0.0748694308924077
-0.0274225367460025 -0.0275437207295881 -0.209976221958695 -0.525609410873348
-0.0179698271523354 -0.000967313158295112 0.526261994865132 -0.491859951080096
-0.036265597703168 0.00573420473844632 0.696257557854111 0.226856149689909
-0.0329623675888619 -0.00322706359659206 0.16670370141925 0.49438536059775
-0.0218523494323602 -0.031025582294656 0.0673554772652502 0.0411230802337676
-0.0428671021868377 -0.0198429319578487 -0.0702251312244442 -0.473710334544078
-0.0236497184161209 0.0170582614014606 -0.760581062906538 -0.224800403057467
0.00368804993844228 0.0049460766909108 -0.554896546348515 0.686548298562075
-0.0198826170839712 -0.0254923930988674 0.366558654018903 0.613399926823324
-0.0430838120696303 -0.0154205252019487 0.506713670405353 -0.019016913773827
-0.0279253571666108 0.000216583440064233 0.193081506102104 -0.293348159579953
-0.00549806074315025 -0.0130541188050975 -0.119495838189787 -0.250885205651026
0.00415244041882568 0.00113040180762649 0.0672443553949135 0.193974192236067
-0.0197508958699535 0.00273130404575495 -0.167326811926444 0.129175376608918
-0.0321487084541053 -0.00996785067833456 -0.408365637385703 -0.128298059790019
-0.0196036039998261 -0.0283205420452566 -0.130261324183391 -0.558906439183792
-0.0186358905943623 -0.00440427561856809 0.601561729909318 -0.418399290494026
-0.0337364131020722 -0.000228676947486052 0.660853339468267 0.328859674560643
-0.0288957213482852 -0.00334178131781016 0.117628032084145 0.510205687998956
-0.0212212536641316 -0.0260923421211186 0.062460704656874 0.0266038904483941
-0.0420220999829136 -0.0139320411425093 -0.118309824617691 -0.464831437794098
-0.0191557359037809 0.0162049325533842 -0.782244948914049 -0.119326109547736
0.00391735352637778 0.00228202683224725 -0.451967503112965 0.745470517730173
-0.0151957396220642 -0.0209102171365961 0.44110407213189 0.541426755143128
-0.0314860284837793 -0.010067543084118 0.499324243934086 -0.0869152422855696
-0.0212049681059037 0.00221435368353435 0.168604873790325 -0.313296444955456
-0.00523481856665923 -0.00973586524103136 -0.127875048354003 -0.256674702379148
0.00621711164628557 0.00156537719489412 0.0650588313584183 0.187956108013452
-0.0117138819119219 0.00521371136339068 -0.173459939805057 0.111489453665047
-0.0191504970654407 -0.00329765760833651 -0.393641011083441 -0.16534812102369
-0.0116861473981452 -0.0243544242906649 -0.0658311511472806 -0.57944153096289
-0.0163787600849568 -0.00807638954005117 0.649715539654436 -0.35405161263282
-0.0276174190440741 -0.00573268424669111 0.622984185801999 0.406373965482663
-0.0216029763138702 0.00175609051032223 0.0765571508990499 0.517580865733122
-0.0188206800274324 -0.017345880587521 0.058053096675819 0.0148184633481456
-0.0352551516183435 -0.00769934793266362 -0.156877272712206 -0.455977349906213
-0.0125327933736459 0.0112238643161269 -0.788931753256909 -0.0380214024819666
0.0065452210450669 0.000869556314310852 -0.370910638594058 0.778288557734424
-0.0048653155191163 -0.0175698987254571 0.488838410297909 0.482799543116428
-0.016723227661241 -0.00502240611786268 0.485317946974642 -0.134841453816162
-0.0115228243596164 0.00234352030395036 0.151192850995857 -0.327957449855906
-0.00360115319062144 -0.00743033296694204 -0.136007621166373 -0.259326862070265
0.00744088490290857 0.00254935305890895 0.0642284558298769 0.186463396793926
-0.00101639037645287 0.00926027916507515 -0.176139520451676 0.104038625996427
-0.00375256153777937 0.00552674880676191 -0.383474403910639 -0.18104403921051
-0.00474629420386577 -0.0169273941997569 -0.0307334496628489 -0.589076274766751
-0.014898310440284 -0.0112501268699549 0.670106687806694 -0.319738348193637
-0.0166018845338118 -0.00816880832576354 0.597584951329603 0.442123981251556
-0.0126804447895278 0.0108047199401522 0.0562719877577862 0.520055309899049
-0.0164742848668947 -0.00353940711583409 0.0546794524833264 0.00808603026611701
-0.0252286991537235 -0.00340758924489111 -0.177987061594349 -0.453091404378334
-0.00665773269474507 0.00487937212053533 -0.791925589675305 0.00458223122900618
0.00984087829281275 -0.00223644359900579 -0.329174102107738 0.791886462495885
0.00718654060818795 -0.0128432594146411 0.508133723243739 0.451650384451292
0.001569705601449 -0.00223618137084859 0.479054612857252 -0.157169483247288
-0.00113857502855348 0.00018850405928828 0.142833874144573 -0.333749230271376
-0.00218193441482248 -0.00319704272168367 -0.140676111485201 -0.25933806572006
0.0103202515066528 0.00559007625287355 0.0627825424177611 0.18732124293192
0.0104435375920645 0.0125421543230776 -0.17965487032955 0.10524235829368
0.00958488607198506 0.016338759105309 -0.382303074253488 -0.174952068884457
-0.00124034253759133 -0.00646976813669661 -0.0320341026572732 -0.591531313062919
-0.0123809208643888 -0.0133337816716522 0.668170122995963 -0.327042904344108
-0.00474874719931826 -0.00902398737662161 0.596482421224975 0.43569111561951
-0.00529424513160583 0.0232786200679426 0.0583565612281426 0.516892734521948
-0.0125658119660981 0.0116686913083262 0.0533702226952223 0.00684902086806273
-0.0121407725214408 0.000350974576726796 -0.177539591105328 -0.45353070221086
0.00132208244624171 -0.00369794084242658 -0.794931990262978 -0.00260687544158125
0.0123511827989969 -0.00396498612733594 -0.334529809774047 0.787932808351525
0.0201627215819228 -0.00847678281891046 0.505303520100067 0.454370596985777
0.0188074204741449 0.000166071030948036 0.482359561179029 -0.153185260495847
0.00974156039784484 -0.00193897677561127 0.143945738637329 -0.330843494375577
-0.000984063227833136 -0.000580471560999572 -0.138685017689014 -0.257711429064092
0.0125025026009396 0.0063488001121321 0.0624097942573286 0.191559387422595
0.0211763980082096 0.0148294935354013 -0.180488735788497 0.120402054260947
0.0227465406307554 0.0251821087616522 -0.391987927846013 -0.147906970255716
0.00347307411802866 0.00260390505370989 -0.0726442283607192 -0.583775989994123
-0.00948709377583014 -0.0121067407111493 0.63645073454727 -0.375381124877801
0.00619534053740517 -0.0085672610418831 0.620656532153378 0.388171569412536
0.00418323671768167 0.0335038487512606 0.0805071238336173 0.51214860418517
-0.0101009722014744 0.0241419477890376 0.0532082288183213 0.0120571411830827
-0.00204868389241165 0.00517020961664419 -0.158817033096146 -0.462917865563021
0.00930931100108629 -0.0101225433836591 -0.799645395157573 -0.0508062062477842
0.0152432373729802 -0.00423960279774234 -0.388945320466639 0.768571434438519
0.0299520406529455 -0.00321276407665056 0.479377673174051 0.492018014843629
0.0327801025017074 0.00159085686545246 0.492498278906733 -0.121540881119933
0.020519083124388 -0.00328733016250308 0.1579826251327 -0.319278607400888
-0.000363291868358431 0.000542788272518906 -0.134608540408034 -0.255320520345387
0.00664076637056577 0.00306844249772932 0.0825606085323192 0.218030912048059
-0.0164346787357751 0.00161049112368333 -0.136692401918661 0.204963757177097
-0.0425976699142678 -0.00529269891678354 -0.427720064525263 0.0482996818579404
-0.036200591859078 -0.0138282576126906 -0.353242544625907 -0.417854601855038
-0.0159864097590353 0.00331326504688072 0.346033781403757 -0.608839824164818
-0.0262887160128111 0.013347552328169 0.723158603355163 0.0050358197044005
-0.0257000690825865 0.00902542773986301 0.266474642660767 0.443312548928474
-0.0210634695685265 -0.0226264018822858 0.0771262993817481 0.0693203104548986
-0.0356952871545241 -0.0221021615761647 0.0338177283557343 -0.47570570163389
-0.0209621466956159 0.0143935063245604 -0.671755704670813 -0.44864936603327
0.00524533646434734 0.0102237899394982 -0.752025092618331 0.506789653507968
-0.0174210967618728 -0.0244437857145505 0.181190722426316 0.725658603521931
-0.0452039665475149 -0.0249231606782212 0.500443437731452 0.126605280616313
-0.0294231490449652 -0.00260833344466477 0.233261554011369 -0.236808777263436
-0.00618411724692173 -0.0136170794013128 -0.105586041265205 -0.238670535621803
0.00463248550141575 0.00238862529729045 0.0767300496697427 0.209786921162236
-0.0216897679424902 0.00194774225998811 -0.150786898684038 0.181283253375498
-0.0452232205762226 -0.0080683997151297 -0.428609357485771 -0.0114716085079576
-0.0338210525904789 -0.0213626637426936 -0.2908445505498 -0.473131887790726
-0.0165171511251486 0.00288730782429217 0.436665132177641 -0.562743230850612
-0.0329890085286685 0.0106969859817195 0.719503297644412 0.110317933834995
-0.0311869140680191 0.00230874006577686 0.220648121216069 0.469585596138056
-0.0214007751903286 -0.0287112469308367 0.0730840055548958 0.0557453385164688
-0.0407930460343321 -0.0219349954336131 -0.0175837870922067 -0.475580680640529
-0.0251965400068965 0.0162403565533477 -0.72420381271525 -0.338966493763762
0.00432622476941974 0.00862047072814434 -0.658889404417388 0.605664027238684
-0.021563485479207 -0.0271145539500307 0.28083600082807 0.678225022610635
-0.0476113672208799 -0.0224020728890905 0.508691941560256 0.0527213878838405
-0.0315538855093515 -0.00140860206811933 0.214458850501826 -0.265973421478856
-0.00774494571679396 -0.0135688792721393 -0.112473234296605 -0.245846667156803
0.00474819867044718 0.000901716892306183 0.0726938528541032 0.202433903623548
-0.0217844593275952 0.00212446020914506 -0.160120313543851 0.153659777695303
-0.0414250241697894 -0.0115046060005574 -0.424256349360422 -0.0727203433739352
-0.0289078342752933 -0.0261711699659999 -0.212356008649446 -0.523596143414683
-0.0177266416911819 -0.000161481554652922 0.52578259987565 -0.498411755163911
-0.036346108783806 0.00595932903472837 0.697934030303344 0.224026176839222
-0.0310022830915306 -0.00188006247501213 0.168752817166733 0.493104195637384
-0.0222510523736734 -0.0309860234103692 0.0685635044055571 0.0406019747543012
-0.0442083159514918 -0.0201688639829509 -0.0725032105460097 -0.472566696980023
-0.0236876532878114 0.0173831482827044 -0.76370236152458 -0.221174855576424
0.00358777038294384 0.00536967145115222 -0.552301086803766 0.690552416253793
-0.0209080132700393 -0.0254906211606869 0.372516060313069 0.610468545148145
-0.0439832817543174 -0.0159313826014438 0.507590638767283 -0.0231039865785707
-0.0281329814089979 0.00139088370879901 0.191110417203797 -0.294820309995173
-0.00641027288048715 -0.0139229376823993 -0.121567651052686 -0.251577141423274
0.00418167227586676 0.00123330460233555 0.069068545849252 0.193384830625945
-0.0191438715449106 0.00313882160790225 -0.168277376269299 0.13091560325377
-0.0317187682060997 -0.00985166468523295 -0.411017111327797 -0.124470596264468
-0.0201379361979368 -0.0282231791225975 -0.132610352551301 -0.559104828777825
-0.0186149717204835 -0.00416734630232463 0.600203359084945 -0.422152002228502
-0.0343302963130637 -0.000329397055206944 0.663680559547831 0.326793053342551
-0.0277093801825184 -0.00362280766524035 0.119321172573905 0.511121035447415
-0.0211204060682793 -0.026777730587514 0.0639867604062026 0.0266800915703428
-0.0422085822208086 -0.013561653538386 -0.119517451303816 -0.466361937315002
-0.0192238608941474 0.0164997715151631 -0.782596718242929 -0.112467598116008
0.00431597488789808 0.00171508073648403 -0.445355978167622 0.751709520647419
-0.0152708982087975 -0.0208842521583563 0.444927749156031 0.537620235559931
-0.0321595373233742 -0.00893604716944201 0.497290662843458 -0.0901485379051227
-0.0206549391170516 0.00249363020381937 0.168919682167603 -0.316908502452937
-0.00461764482180409 -0.0113169120587743 -0.130827104040055 -0.256630564028173
0.00463578496363745 0.00111017676130752 0.0673143024275702 0.187227513404354
-0.010675840180633 0.00601758514752359 -0.172718553104394 0.110787737860001
-0.0175564579870131 -0.00360687774957993 -0.394878365052945 -0.161462570365192
-0.0120114105125437 -0.0249049483401748 -0.0694429937747888 -0.579743448179261
-0.0172792041013751 -0.00742389767158171 0.64903243341256 -0.359042330241124
-0.027801876452742 -0.00545606554225832 0.626102497791139 0.401342660760229
-0.0216613387006493 0.00192009802221292 0.0795497450043276 0.51934167072184
-0.0190023044660777 -0.0176728562892165 0.0578946467205214 0.0136195571689782
-0.035344333069921 -0.00859801897757703 -0.158459000062329 -0.457632238453796
-0.0133538081322775 0.0111266775042652 -0.788382912908574 -0.0325951281032309
0.00665385494140027 -0.00013190646741333 -0.364379795543408 0.784666257533339
-0.00569179456177263 -0.0166698085210604 0.493272011484607 0.480900950336992
-0.0166949466169652 -0.00441495983242667 0.48597025523837 -0.138777059757437
-0.0113723917914095 0.00269762521836727 0.149144402361036 -0.330078210161649
-0.00353073051175218 -0.00757338873497919 -0.13977811386021 -0.259477758757018
0.00801126300491678 0.00319948295827874 0.065228450854445 0.185476670242522
-0.0014763629142788 0.00932556300579771 -0.176159282844151 0.103426245202155
-0.00416768298224026 0.0068413030105608 -0.385025997843884 -0.177382810795353
-0.0053680689861421 -0.0163076871398428 -0.0338007308923054 -0.59055305975481
-0.0146869914578067 -0.0105322928755832 0.669026802665696 -0.326197391979611
-0.0174571534427239 -0.008407469372945 0.599038737658449 0.438628310493284
-0.0126517446216623 0.0114620560825478 0.0602198619835795 0.520254743273919
-0.0163266918872109 -0.00407709875081732 0.0547408420217055 0.00706889735063218
-0.0249576795571612 -0.00259192071341343 -0.179322823127733 -0.45160665178275
-0.00644444472544916 0.00461551339119335 -0.792293914094387 0.00982612691313502
0.00953118181347477 -0.00256855403327671 -0.325052949115514 0.795968750183773
0.0068667690155837 -0.0125654156538715 0.513109346691948 0.447326501781718
0.000693430295356234 -0.00179781648653222 0.479265519733236 -0.162458385982015
-0.000432856434841592 0.000460093186450407 0.13935934895963 -0.336464572850574
-0.00356554566485223 -0.00450252802597364 -0.142858418670396 -0.258880131850748
0.0112761523931071 0.00490344078913294 0.0646301018596157 0.186457460894444
0.0107809115779867 0.0130549468165405 -0.178539437429492 0.109010656689272
0.00971760517880597 0.0173219445635787 -0.384528855893288 -0.172250827664616
-0.000996403184904548 -0.00637644276891907 -0.0385315188854902 -0.592866778667429
-0.0126256056816345 -0.0129548829539885 0.663774841904054 -0.333556150204427
-0.00467622545370085 -0.00809982605345164 0.599109068322034 0.43208738632203
-0.00531097721506868 0.0229361670709874 0.0576555132628273 0.517728420624607
-0.0123790823236382 0.0099151156874826 0.0533948243632647 0.00685419258703384
-0.0134684538148493 0.00119023672088411 -0.18107331138047 -0.454373076393685
0.00151213486294226 -0.00341444082513151 -0.795534550831699 0.00427940330229
0.0137128116393909 -0.00404860913360404 -0.331258309997007 0.79165091664682
0.0190711139229547 -0.00830634780158069 0.510751333588342 0.451325198374412
0.0186101448785322 -0.000326211592224256 0.478787242866814 -0.157042649871165
0.010208499066292 -0.00163376878571004 0.141725565415509 -0.333518463535252
-0.00227177066284383 -0.00185749871970073 -0.141630356071172 -0.257756367115641
0.0127147667970323 0.00595922183948948 0.0657139630190019 0.191524134787705
0.0203583169923374 0.0142782478745603 -0.180270925515322 0.120134653741735
0.0229029230445148 0.0243483485766457 -0.393043791159548 -0.14456996741068
0.0034029563702542 0.00281907443304406 -0.0780268624016546 -0.585575791105183
-0.00969654695050261 -0.0133543131267045 0.635263755668588 -0.379597756980031
0.00623131675067736 -0.00838948453591218 0.621299691336681 0.384383517443553
0.00430630720218681 0.0336555009007654 0.082681046673263 0.5104413192429
-0.0103606776817915 0.0254740106196538 0.0542486864653375 0.0118493871725238
-0.00219431061693638 0.00628790233682096 -0.16265258750214 -0.464191376669526
0.00959532578381602 -0.010276857901471 -0.80022618131606 -0.0480589108720824
0.0150599537849953 -0.00505102400474096 -0.385484845731915 0.774896144141845
0.0293204507451182 -0.00325495421305142 0.4830701397575 0.48981122719444
0.0330666310192653 0.000718782325109584 0.492124216459502 -0.125180772103682
0.0196645179979277 -0.0037403958755186 0.155108697645938 -0.320791816182874
-0.000832409915704276 0.00122634242195661 -0.13595449512961 -0.253854169177809
0.0059798267344239 0.00466745912512103 0.0859864887429429 0.218212956651265
-0.0169397087519976 0.00233214002669483 -0.137285547581975 0.205579210577577
-0.0430777136988968 -0.00527886254304422 -0.427862230728775 0.051534481075769
-0.0363252067835114 -0.0126640690143184 -0.356172965365985 -0.415922834185017
-0.0151585004722075 0.00395044340044406 0.343487604240291 -0.612669244418334
-0.0259041693703488 0.013745466353336 0.723976224318477 0.00106354466023971
-0.0254292305224262 0.00904759999032157 0.267635267802932 0.440593750134649
-0.0211104031918725 -0.021779604369764 0.0776511052567767 0.0685640260072491
-0.0358664356023355 -0.0209895794223785 0.0312636967641394 -0.476802861572242
-0.0220210978758153 0.0141234532578213 -0.674026396148724 -0.447105204007906
0.00668366356516465 0.0100559579854732 -0.749242967602426 0.511971330727177
-0.0171874454135381 -0.0246580424307542 0.18542038895526 0.727745757042756
-0.0454192703964132 -0.0248382784518472 0.500421665272541 0.123514584408549
-0.0288155842377869 -0.00279467154240141 0.231123770449856 -0.23893672987377
-0.00792686806485298 -0.0129160373807081 -0.107926756987076 -0.238466543583608
0.00549171899214083 0.00258875457930324 0.0786762753909355 0.209256267305325
-0.0217870238655304 0.00230378461169697 -0.149186675006251 0.181694697609319
-0.0448294382614528 -0.00814724633305361 -0.430697054339197 -0.007261113017721
-0.0343626372251322 -0.0211678488645505 -0.292483276347979 -0.469713925015137
-0.0171233890068414 0.00272732184255089 0.432909863410457 -0.565755804474978
-0.0331061429718179 0.0119026709270009 0.722127522581461 0.10532200000237
-0.0303893859753767 0.00345549384083797 0.222811755972848 0.469553525928529
-0.0219751329134784 -0.0288347290969036 0.072966834680863 0.0550711633259697
-0.0419265018817058 -0.0216872537803274 -0.0189833127334804 -0.477493025950017
-0.024423800584442 0.0167404553064909 -0.724932470972412 -0.334725973038918
0.0045589141019339 0.00677142606192084 -0.656286091841237 0.611690030222234
-0.0208175382208616 -0.0274087636745396 0.285153954542524 0.678972923156217
-0.0483541754961711 -0.0218057105950056 0.50904038197568 0.0491010407486332
-0.0310224531398964 -0.00191423815031431 0.212564725302302 -0.268996089224565
-0.00791387219132858 -0.0138328891126331 -0.115940884881385 -0.244151628740095
0.00481879883664277 0.00153091810180134 0.0752657674386975 0.20126636854818
-0.0232023893368163 0.00142693491255279 -0.159449485676062 0.153945994129001
-0.041767764534011 -0.0103452003662571 -0.425085921797382 -0.0683006865547054
-0.0281528505250108 -0.0271578678875319 -0.216637820182827 -0.52321968242694
-0.0182777307459276 -0.000980640677369492 0.523535875647376 -0.498213530137407
-0.0356218668448818 0.00715321406669683 0.700106866878622 0.220000390005303
-0.0313910628800989 -0.00223546796237451 0.171711750199026 0.49440547319628
-0.0223554696629267 -0.0297278559056259 0.0682837031160289 0.0411381279969582
-0.0435879213989977 -0.0176038686309707 -0.0735132915701521 -0.472677080058845
-0.0239200607305894 0.0177309370795054 -0.763897348058191 -0.218032495094937
0.00456897502009393 0.00480546327523854 -0.546119547883675 0.694819696672887
-0.0211883293450172 -0.0240303518104886 0.375670686774174 0.609621997124718
-0.0445495083039657 -0.0149694160138616 0.506934934083721 -0.0271214734385403
-0.0283199672827282 0.00124620218231589 0.189245582831124 -0.296033773756669
-0.007507546662207 -0.0132108752644985 -0.123918171474156 -0.250438393777254
0.00543905068821764 -0.000709685895768078 0.0717149511912388 0.192928758000862
-0.0189487911683731 0.00391703625570552 -0.167985118865808 0.130590986293541
-0.0321591479713128 -0.00908337119127923 -0.411580310223235 -0.121895772081174
-0.0205108191641458 -0.0279586805840503 -0.137760932294452 -0.558209264775119
-0.0189615943754123 -0.00360233531378113 0.597278230397974 -0.426247736872453
-0.0331064859961835 0.000353470722379023 0.664473338105782 0.322371374575339
-0.0273470491279974 -0.00311791201881294 0.119902310023736 0.509134468508765
-0.0212373486582837 -0.0257796319612 0.0635295224850429 0.0262879846818068
-0.0422429746915099 -0.0139059764596746 -0.123847229891285 -0.466308796854335
-0.0194980441095067 0.0161666319125659 -0.785575692541449 -0.109413543991776
0.00515015772914397 0.00136026426486705 -0.439669468246475 0.753296820797305
-0.0157599043227138 -0.0213842091544753 0.448453524026053 0.535379910071466
-0.0329839343998557 -0.00829487917150754 0.497030455977441 -0.0945904342029806
-0.0211104566225471 0.00277972979267214 0.165352961344587 -0.318552535124295
-0.0056690615188493 -0.0106550586243521 -0.133662871872389 -0.255421472732157
0.00523261404397568 0.000542758529891863 0.0692154735445233 0.187479713786712
-0.0112519025667554 0.00583653057048389 -0.172686877066734 0.113228543763906
-0.0191169886434372 -0.00373936144876741 -0.39791444428863 -0.158650025150903
-0.0124536453985968 -0.0244354794643349 -0.0736708761212271 -0.578509906608189
-0.0179421759105306 -0.00679090569680584 0.644594757630679 -0.362990072463574
-0.0266045606714985 -0.00542394821708368 0.62811999933051 0.399531595668949
-0.0201908085139429 0.00195383240133133 0.0816526820010077 0.517524118048132
-0.0187537450783384 -0.0170407950580621 0.0587051627584286 0.014368914709627
-0.0355373881876976 -0.00781546613912736 -0.160833044210645 -0.45731021854342
-0.0134026350786032 0.0123484427167098 -0.791935325259799 -0.0273936014279533
0.00745621269078283 -0.000504488953414337 -0.359788421771838 0.786782219240746
-0.00564483301569667 -0.0175685763009983 0.49634194220933 0.475973027636842
-0.0168684235704903 -0.0042383784950093 0.484549786812295 -0.143113964383525
-0.0119728535043343 0.00191890623859075 0.146213501396989 -0.332071362245179
-0.00580663255915861 -0.0079848602451944 -0.141288949941103 -0.258443077471092
0.00747501267170223 0.00332088097630265 0.06835079639529 0.184119293863787
-0.000490726765588621 0.00962104655501093 -0.176269440220922 0.105910067590775
-0.00454566918649455 0.00609785526041135 -0.386336671949483 -0.173389601040936
-0.00597267453519252 -0.0170449711612795 -0.0398546683369171 -0.59161393147957
-0.015764739747438 -0.0106372346084725 0.666639979528838 -0.330836980001736
-0.0166432971249192 -0.00683769913259492 0.602808421851493 0.434842763186593
-0.0128428807377903 0.0120911724643254 0.0615194904292926 0.521868843591919
-0.0162654437055889 -0.00340672715809205 0.055115667242391 0.00773249662625443
-0.0249594162175984 -0.00323525496734197 -0.183359036254685 -0.452570330053955
-0.00725134681414389 0.00397165707745724 -0.79244248161401 0.0114542538348481
0.0100036224197961 -0.00300408978662668 -0.318628221134215 0.799049654000854
0.0062373169961832 -0.0136666241520922 0.516635027245587 0.445119240645635
0.000839222488761175 -0.000867036192242397 0.478587367199591 -0.16365495561601
-0.000815678960568965 0.00019964227608306 0.137105102414576 -0.336618853927714
-0.00392548494319494 -0.00496247190236926 -0.143638158355951 -0.258103645734536
0.00985139838349857 0.00409387424084856 0.0663674937981782 0.186375414827649
0.0103497671101307 0.0134533481375865 -0.178394887978196 0.109058317657846
0.0101087587637614 0.0168351353505009 -0.38435512444403 -0.16939911503954
-0.00115993130670292 -0.00751176715312937 -0.041986379715305 -0.593033823856908
-0.0129334926738749 -0.0119224977414031 0.662528676469766 -0.338028376750422
-0.00519147407338975 -0.00815778872810361 0.602712718431316 0.429644546373174
-0.00311127629129587 0.0228804022002586 0.0627048440304591 0.519698028599255
-0.0117205875228345 0.0108549484304992 0.053396754109086 0.00655284109101489
-0.0131852598810869 0.00127823088316703 -0.183694585537749 -0.454990656227389
0.00148431328758307 -0.00372116306200361 -0.794634236397916 0.00749978096521698
0.0122054486425191 -0.00474103906112268 -0.325242482998811 0.794326817808401
0.0196302307957893 -0.00911449158539587 0.514292812077765 0.449111397374294
0.0178994949057258 -0.00152156658748564 0.479774561593938 -0.161325227976675
0.00960742619719228 -0.00171137491257137 0.139819136553771 -0.334807112068007
-0.00218332090374501 -0.00140100557785048 -0.144438993250449 -0.256367029820468
0.013054729852896 0.00576089288581223 0.0662174278711989 0.190355579818745
0.0203623104216883 0.0150797207383622 -0.180625791009502 0.122741781932291
0.0222335897418757 0.0243558968032559 -0.395540101558974 -0.140664912124455
0.00388875014751929 0.00291984677216197 -0.0824145792486408 -0.585190808070242
-0.0102914958429951 -0.0128439167537832 0.629980262902201 -0.383386335137567
0.00637474123858652 -0.00896171306325993 0.623334735576203 0.38115351603216
0.00532951918018617 0.0340247196637792 0.084501846977204 0.511680153854351
-0.00953466264240282 0.0248165109383545 0.0544944978696381 0.0111901218240872
-0.00220075605020886 0.00678636045678307 -0.16521315628894 -0.463828698178182
0.00966496786973 -0.00964986505138272 -0.799364606430262 -0.0413099376991791
0.014960295854256 -0.00556135739761455 -0.379385684381057 0.776507150168249
0.0299183230804584 -0.00372100166375496 0.48682881811866 0.486980826058925
0.0331574346171439 0.00125523519552914 0.48964263161501 -0.129193129862315
0.0200242274267656 -0.00425491807687168 0.153221933838048 -0.323240680544884
-0.000947896323894017 0.000655759523506534 -0.138780805667044 -0.253641878527998
0.00708399248454734 0.00383199180277277 0.0876150121764633 0.21670889163402
-0.0174023395572258 0.00237136548482167 -0.136121365332469 0.206336888534698
-0.042604176358942 -0.00459292708142147 -0.427638122355279 0.0554903242823724
-0.0357084856908164 -0.0133789280202452 -0.358459812536648 -0.413328159459867
-0.0143938236174278 0.00488022119575014 0.339476339732271 -0.614078781916941
-0.0259221292095838 0.0142163499787897 0.72280182612694 -0.00269278309523554
-0.0242898668973577 0.0101315308744572 0.270534788985804 0.440741448070367
-0.0198418575674136 -0.0216961478222329 0.077430329816559 0.0676463979841365
-0.0357791929193643 -0.0220287132414357 0.0293221607393414 -0.47827106522771
-0.0227897513524122 0.0140885894233173 -0.675412292191866 -0.441197640122447
0.00665035849919691 0.0107670153333281 -0.746594552935612 0.517905012307635
-0.0176312858334585 -0.0248018317240903 0.192995288476063 0.7270955713768
-0.0456939610224432 -0.0242051776404084 0.501248094712966 0.11973234168008
-0.0287812144675276 -0.00267649627718276 0.229550569879228 -0.240492946379623
-0.00897093248117142 -0.0136587673165721 -0.110079565642939 -0.238529711369919
0.00543934912858428 0.00147553468682983 0.0813714075261998 0.209342936701421
-0.0224389265630968 0.00263607967088391 -0.149237765108148 0.182042273009834
-0.0459512329605807 -0.00809670555896032 -0.431919225115315 -0.00406527141118549
-0.0355693862469329 -0.0208989332670326 -0.295811463075186 -0.469546799045215
-0.0167127918627609 0.00292521764533714 0.430399070081785 -0.569322994326657
-0.0329444552015338 0.0123099778643648 0.721135076561589 0.101602331742918
-0.0307804858567504 0.00291950796509344 0.226021943787662 0.468662419087286
-0.0217628543386415 -0.0278788951519111 0.073129379741123 0.0547459794322105
-0.0426198301742797 -0.0203900317160308 -0.0210120875441837 -0.476807104447661
-0.0236035183566404 0.0165422532844577 -0.728448287255067 -0.331408905062222
0.00500165148729565 0.00788775372788242 -0.654561199154208 0.615850047170058
-0.0224512598543036 -0.0272479047104219 0.288772296724551 0.675809117883512
-0.0485220018558626 -0.0201804443742338 0.509327574757792 0.0451553004004521
-0.031186925143109 -0.00100287572613723 0.210764861964743 -0.268181703045214
-0.00823055402911607 -0.0134805991593008 -0.117281022357751 -0.245208415363718
0.00501096077638613 0.000962980036535926 0.0770036611238163 0.201025871245363
-0.0229676255269196 0.00199458804477625 -0.158783531511959 0.155635780992158
-0.0422030148989015 -0.00955407651785547 -0.426336377857036 -0.0647827275387571
-0.0282374884531151 -0.0267050735983698 -0.217958149078137 -0.522768668936602
-0.0178639268778042 0.000299612492266467 0.519988634868422 -0.503971938051552
-0.0358125986736293 0.0067485793573479 0.699933359778238 0.215120595612006
-0.030224368211831 -0.000963108660419005 0.173108372794531 0.492458055453942
-0.021778060129182 -0.0295862165935267 0.0686581052487212 0.0394962830338938
-0.04422994810045 -0.0179359973006652 -0.0751471259157186 -0.473258825540532
-0.0229718207246755 0.0173169755664765 -0.765450113908602 -0.214035756262777
0.00385351414981419 0.00516187307107859 -0.544689571539996 0.698238116881929
-0.0213766399437274 -0.0247363794900631 0.380913878331013 0.606666918775751
-0.0444242753379382 -0.0149137281490455 0.507305798450899 -0.0291811950255062
-0.0290627816984388 0.00206363983850704 0.18671494001445 -0.296579204868981
-0.00779655414414054 -0.0125050273442649 -0.125695405667121 -0.249956619180387
0.00449499743655896 -0.000440896037647995 0.0739504756752864 0.192994446233843
-0.0187067432014522 0.00448918524185129 -0.168212609526644 0.131758744682973
-0.0326377077246573 -0.00881069131226211 -0.41322770751615 -0.118712825753457
-0.0204800602486831 -0.02787398389321 -0.140823660746515 -0.55814152933051
-0.0196476583622481 -0.00361347343529959 0.594712907550446 -0.430842564733997
-0.0340932314733421 0.000942737918082278 0.666725826557809 0.319193886793162
-0.0267241075412345 -0.00168332851229418 0.122821837229959 0.510732002630868
-0.0215114484300938 -0.0259898143315853 0.0637668920164496 0.0252859728126249
-0.0436629725155136 -0.0127618855001663 -0.123015343723809 -0.465680490139915
-0.0189905721525182 0.0158841230094334 -0.785606994749127 -0.104890059797106
0.00452739971815398 0.00189153851284455 -0.437220266583214 0.757542806251938
-0.0161590626201187 -0.0204151523075531 0.452500104936558 0.535064330167984
-0.0334619453283784 -0.00853992075997112 0.495336330962545 -0.0978616384559732
-0.0214598309883069 0.00273439565363955 0.163220728620033 -0.31855673315466
-0.00717484377377793 -0.0110002263403642 -0.134966134656505 -0.255088079649046
0.00620730437214173 -0.000299830439988864 0.0706997219672774 0.187040625304618
-0.0107766686889663 0.00658424203511985 -0.172532858333054 0.113883802746891
-0.0193244204781993 -0.0031926590249505 -0.39756636053174 -0.155138103048569
-0.0123863855047393 -0.0239297522778491 -0.0769541495498736 -0.57961510215402
-0.0176792573305704 -0.0063655599955968 0.643496340687078 -0.367834982635121
-0.0271877578732546 -0.00475749318954374 0.629484267392204 0.39561369359313
-0.0196527686450416 0.00321192004475424 0.0838623510103888 0.518045060089575
-0.0192184516681972 -0.0168031227327829 0.0579882481901604 0.0131820960318614
-0.0348861711517234 -0.00714459693397149 -0.163237618037456 -0.457455344880492
-0.0139971976901952 0.0118307699514502 -0.789187161927835 -0.024361436863591
0.00661562977933125 -0.000569763522419435 -0.355370678575751 0.788870314819901
-0.00547925577704591 -0.0169658137046 0.497668929224509 0.472326012615476
-0.0174016810344586 -0.00484133885858175 0.483013000358868 -0.144463441305296
-0.0117845853034854 0.00291955337615798 0.144518237448321 -0.333386812162525
-0.00542935808282169 -0.0078310754753462 -0.141862463392438 -0.257335781104974
0.00844476701905121 0.00220368824824618 0.0694616073083724 0.184410746099131
-0.000442578989255177 0.0110334950221649 -0.175774257777603 0.10660028380936
-0.00463718367691174 0.00720851775973841 -0.387702830136618 -0.17125664159092
-0.00628052168108756 -0.0161849023792114 -0.0406516847242701 -0.589911176197176
-0.0151641650936843 -0.0107852232998765 0.665886694114855 -0.334076268224475
-0.0171575233957871 -0.00710810507442606 0.604481056329 0.432374029322106
-0.0124419334009077 0.0115830201916474 0.0628558074032711 0.520800346540973
-0.015417228578685 -0.00344195316384644 0.0544398686221271 0.00778320045054666
-0.0253761990700926 -0.00287569913851735 -0.184965782171083 -0.452045083354088
-0.0073594370157098 0.00466177975242401 -0.792634275132581 0.0160395784124414
0.00989481704029971 -0.00360873770424245 -0.315345303159259 0.800799773781624
0.00697789301110914 -0.0129627629491839 0.52007109225638 0.442261582722656
-0.00016932364143179 -0.00154118433214042 0.476310783507395 -0.16737321311121
-0.00154960704154223 0.000847455822539131 0.134897690398606 -0.338284728378984
-0.00411283355031082 -0.00414836764626157 -0.14658928032427 -0.257787211108352
0.0106229469750509 0.0039456050485491 0.0685812963508602 0.185876436605135
0.010725682688695 0.0138956713377692 -0.178748909915681 0.111240060616974
0.0111507938172199 0.0174979059837252 -0.387283220289576 -0.165592937287855
-0.000878203532916537 -0.00628794090488187 -0.0453771668977492 -0.592906247049201
-0.0128697032100698 -0.0125085464029194 0.659283196672496 -0.342002252654042
-0.00433529512569185 -0.00832086184608547 0.60370922469504 0.425573999272246
-0.00268618780603162 0.0242962363151893 0.0647248124443179 0.519514678464874
-0.0119605738224465 0.0114393849672318 0.0530225725816532 0.00682822107261028
-0.0138896337225384 0.0015442919114364 -0.184644561497545 -0.454408909682603
8.48604161407876E-07 -0.00375163306726098 -0.794947867516022 0.0107624428578859
0.0126423161029445 -0.00502993603473407 -0.320594282654983 0.79710501548295
0.0187990679286714 -0.00956950999340636 0.518610361453913 0.446074968856991
0.0182798484993981 2.50172001654394E-05 0.47806165393522 -0.162985497275282
0.00975936152656331 -0.00206066431163121 0.137121116188216 -0.336387370225326
-0.00273172661593376 -0.000510272633854886 -0.145552394583584 -0.25545667371766
0.0134424571815646 0.00634606539827669 0.0695750480982313 0.190962506580113
0.0215742347197231 0.0146174854269097 -0.180705301221948 0.12302642293617
0.0235447447759442 0.0247532259887359 -0.393676363790666 -0.139090391693241
0.00325465580779132 0.00310705555439534 -0.0859485550852942 -0.585516671288601
-0.0103259488742151 -0.0126186904609427 0.629225031424482 -0.385475299747913
0.00652233678848007 -0.00896685555509044 0.626734982924876 0.378093751797276
0.0057211287652325 0.0336207310851815 0.0863392452740303 0.511471976470449
-0.00939276279317632 0.0252323314503158 0.0541950248447429 0.011210122138289
-0.0017989197268386 0.00645207607719391 -0.165701147228285 -0.463149395743886
0.00898190336860942 -0.00960673499008328 -0.799512469656611 -0.0379963487721615
0.014665685006912 -0.00545456998988008 -0.375082942904222 0.780186920999725
0.0282104110193137 -0.00457734637891358 0.490836349062857 0.484870902037604
0.032288923164647 0.000580806637661299 0.489001041674923 -0.132126739870679
0.0194743605908775 -0.00447214453602939 0.150813728870949 -0.323749241045477
-0.000544427518683933 0.00206227773920064 -0.141692842805531 -0.253499224583499
0.00796570464656094 0.00326926307280315 0.0879133888380542 0.216180094614694
-0.0182126073982361 0.00248748869407182 -0.136242597131149 0.206478679413984
-0.0434686167494485 -0.00398850001663485 -0.429115520318519 0.0573608235235187
-0.0363346028283697 -0.0128724300603317 -0.361014862483072 -0.410578966105821
-0.0151068427957429 0.00491583882854733 0.338399653777936 -0.615997842988901
-0.0255594552837027 0.0145700983659799 0.722599413367493 -0.00587837056331968
-0.0244321548303383 0.00922830394034822 0.269568813228176 0.439022116748027
-0.0209037612391279 -0.0212977913009561 0.0778568748024425 0.0675824654778094
-0.0363406732683206 -0.0208763833531678 0.0267523889109606 -0.477782148841098
-0.0222753049581339 0.0137378553776952 -0.679534421324922 -0.441971629985504
0.00661456160726155 0.00988988013837215 -0.744482360059335 0.521446237871128
-0.0177961425323529 -0.0239967894778619 0.197188089699394 0.727228213019659
-0.0459040881109345 -0.0233841265646576 0.502812075985834 0.118911627536489
-0.0293137472773764 -0.00278902856258205 0.228423123651725 -0.242584318209147
-0.00952584621121512 -0.0135991852863466 -0.112516916874988 -0.23689732654086
0.00601794928545474 0.00191283027116422 0.0829351561292041 0.207474010104873
-0.0222187425953647 0.00360797430569613 -0.149829613102952 0.182368857736534
-0.0466501806459236 -0.00762640593366273 -0.430409984858593 -0.00288486943451269
-0.0339529491320671 -0.0213681506782086 -0.298692538433296 -0.470028185603577
-0.0168460878926413 0.00281510522360607 0.429001700226885 -0.570273248370175
-0.0327965518465857 0.0128376035615851 0.721050167492396 0.0983470605991552
-0.0301732222699727 0.00372903694651604 0.226780271101355 0.467574913476174
-0.0227417510804946 -0.0278321449624282 0.073959886591868 0.0532750775302915
-0.0427524460338284 -0.0213248674609737 -0.0235267300544834 -0.478189857156532
-0.0248115214340559 0.0165512214647994 -0.728185952561798 -0.330712792181461
0.00494605598640673 0.0081522256053985 -0.649742800919307 0.619877745168977
-0.0225025074182127 -0.0267728439749648 0.294287285357923 0.675424558205005
-0.050130515544412 -0.0199756823996774 0.509756076695405 0.0432311355603644
-0.0312451568998936 -0.000860454164998688 0.209292775892297 -0.270883408437048
-0.00969166089166928 -0.014233338782382 -0.11890822337407 -0.243275645008147
0.00461359337420485 0.00042222178306856 0.0778364214799744 0.1995868142127
-0.0229031568070848 0.00389136179660396 -0.160432317837579 0.155903670737945
-0.0425505955643698 -0.00948860784408959 -0.4268613552885 -0.0613894442824945
-0.0300132142205233 -0.0264748999933013 -0.222022374816151 -0.522040321014124
-0.0181778933930865 -0.000563930982178348 0.518867155214235 -0.507339706047455
-0.0364154507160551 0.0066642263046236 0.702360811710823 0.211499130136063
-0.029998384435774 -0.00144884608246108 0.173934994792008 0.492211121374498
-0.021705595140008 -0.0298180700417319 0.0682071575889889 0.0396355143883704
-0.0457949886864134 -0.0185440025387614 -0.0767346100408082 -0.4750974030611
-0.0237754473827876 0.0179324336161007 -0.76613354971736 -0.212182352835332
0.00455176237937083 0.00396122046820838 -0.540142051328714 0.702656137062766
-0.0214829501637307 -0.0244122845752414 0.383520176213551 0.605714800109059
-0.0455884396645184 -0.0138304261202215 0.507065529726644 -0.0333273956707551
-0.0285796449400194 0.00164928347022551 0.185443972900528 -0.298034559923308
-0.00875607798021988 -0.013745403354313 -0.128231741496744 -0.250123043993291
0.004706700274098 0.000443595878558444 0.0752484838612623 0.192005270611226
-0.0191674266714996 0.0047683557000313 -0.167582755540632 0.132031274085537
-0.0330102175935706 -0.00809354713047629 -0.414429327094579 -0.116039341631795
-0.0207119405277986 -0.0280066152894687 -0.143911071376674 -0.557651739157235
-0.0192001987258106 -0.0040189217702522 0.593933323788912 -0.433620081119173
-0.0349223175059651 -8.6320931815557E-05 0.667144269200139 0.316490223136846
-0.0265697108606814 -0.00122556030489933 0.124677113165329 0.50773341614798
-0.0222334831726384 -0.0257784109743029 0.0633655482463694 0.0251861790960273
-0.0423837521844116 -0.0123789935081975 -0.126257704391416 -0.466243853784157
-0.0196358883452826 0.0167561793658053 -0.785584775446984 -0.102695468348589
0.00497952390108079 0.00197404514682927 -0.433806748509253 0.761324313218613
-0.0169085800784062 -0.0196651186646605 0.454378187383408 0.532935778666592
-0.0341368483333724 -0.00798681493920365 0.496987395347232 -0.100377400185946
-0.0209688043957945 0.00285261035376523 0.161875249470024 -0.319989095085178
-0.00801324163073963 -0.010484209014916 -0.137359793311115 -0.253951127022536
0.00564042182456326 0.000704473724107407 0.073980766448297 0.18632591145729
-0.0103955475254003 0.00715964206698131 -0.172226870220993 0.114294576970463
-0.0193247974230461 -0.00307556769296952 -0.399136680080908 -0.152886222237137
-0.0130543550864249 -0.0247209532127339 -0.0801700157510645 -0.579565342859529
-0.0179738167164124 -0.00635771957110298 0.641270265986314 -0.370057889195817
-0.0278815482764136 -0.0043120245901209 0.631621605392733 0.392852480647423
-0.0188684820158943 0.0037889099683861 0.0863271215167348 0.519554069949658
-0.0177759106716991 -0.015555683652913 0.0587879178731322 0.0148879010967828
-0.0359826283420238 -0.00705441390891752 -0.165185251394829 -0.456796900937305
-0.0139238901965523 0.0116914333999347 -0.791323074632681 -0.0196186705680303
0.00643067560638312 0.000206221768037815 -0.35001658797793 0.791996529348017
-0.00576086982431487 -0.0170129309199078 0.503046040764039 0.471440006945858
-0.0171351148470832 -0.00413040758672614 0.483098556319318 -0.148202055551167
-0.0118764665472472 0.000858727469910519 0.142201302404021 -0.334903039383951
-0.00614041970855086 -0.00855936368395794 -0.145679236808202 -0.257159206238145
0.00831809842494542 0.00195185803209727 0.0721705896766323 0.184249503016948
0.000750989832623979 0.010443358510301 -0.177311739224318 0.108747308093693
-0.00324817441933159 0.00692876164333575 -0.389103584653139 -0.168955813515138
-0.0064623479008162 -0.0159939855766347 -0.0454490643428285 -0.5907598380946
-0.0155683090902071 -0.0098282549167879 0.66304579769327 -0.337771056468495
-0.0167254821014452 -0.00736449634687012 0.608297534048749 0.43129582537969
-0.0113302417588603 0.0118436947619507 0.0655589529551518 0.521562645728908
-0.0158270139275791 -0.00287407472984763 0.0546074850037655 0.00680254051341156
-0.0262354107826885 -0.00216049490000637 -0.185047854406251 -0.452062464953051
-0.0068967682471011 0.0039170162360999 -0.793262389016542 0.019044811021098
0.00955809133036953 -0.00385279593598971 -0.310844498112348 0.802916995407309
0.00652089359552148 -0.0132766007000423 0.523071720126678 0.441459503851531
0.000965328219014857 -0.00136256778505402 0.474221873297374 -0.171400778007712
-0.00137071548110048 0.000882603293400261 0.132534580868398 -0.339817204992679
-0.00482624962612799 -0.00329060099905791 -0.148757572202331 -0.258057728795978
0.0113985185663751 0.00374022956339193 0.0715989986404926 0.185827171357271
0.0113083095243165 0.0136398039051854 -0.178907430724316 0.111379072498837
0.0109779069731177 0.017244312313197 -0.386044951802886 -0.162916353700427
-0.000876171837331921 -0.00736667812483126 -0.0495428801444269 -0.592486310560531
-0.0127047806338778 -0.0117060047703637 0.656950469852777 -0.343666162033403
-0.0045865044182371 -0.00873187705811597 0.606192787880066 0.422542172952214
-0.00434196854923617 0.0241800952156022 0.06504082644039 0.518648850901836
-0.0119397014118633 0.0119017485124257 0.0529826022904044 0.00562696046077433
-0.0131224509235762 0.00263049188776157 -0.186529464292896 -0.453578989630975
0.000253603556339707 -0.00462404224583252 -0.79619450591632 0.0136645091035964
0.0119945994959989 -0.00532147315777121 -0.317478299179696 0.800917035549332
0.0196708530850493 -0.00970859817119341 0.521507681467257 0.443799908690775
0.0186549434668941 0.000292532492574484 0.476883458164615 -0.167193395492791
0.0097756546420624 -0.00200717776942022 0.135281999233511 -0.336884363465444
-0.00218649724238506 -0.000530410407139805 -0.147587723890097 -0.255290240531321
0.012263505701677 0.00520027651691127 0.070066954079949 0.189638671333765
0.0213633619083521 0.0150937325862855 -0.179116045739317 0.124344198179617
0.0233278180461617 0.0253042210986918 -0.39628283258131 -0.136321431057562
0.00348360184460071 0.00280282713560349 -0.0874939449121632 -0.584242029062698
-0.0103944575464768 -0.0118975824240451 0.626659687308999 -0.390898394845685
0.0056638782788993 -0.00848123455128276 0.627562720845009 0.375324069890626
0.00691233441538397 0.0345509818666647 0.0867571549588159 0.512345902056212
-0.00890514454756127 0.024465769964241 0.0539123101977497 0.0115989360496726
-0.00226313926713397 0.00724528318043786 -0.167694401851227 -0.463145344965832
0.0084759935076582 -0.009606836129788 -0.798142274031408 -0.0349454760572504
0.0157354498702807 -0.00545808054687265 -0.371195310870105 0.783088706445498
0.0297217265190134 -0.00425594242570435 0.493983592247766 0.48151692485698
0.0323809452152736 0.00116496081861592 0.488903652562808 -0.134499168605437
0.0197115646555043 -0.0048151099486954 0.148437821582936 -0.326901458433908
-0.00115307637334245 0.00150380737809837 -0.14275052729458 -0.252062745518408
0.00705224550342629 0.00306042091042462 0.0924203148554737 0.216188389395852
-0.0178971713221822 0.00321564111037612 -0.135816496657515 0.206527197178154
-0.0421449292674487 -0.00378171743896825 -0.428994880770633 0.0615825834993813
-0.0365001011119252 -0.0123657147815651 -0.36341653340506 -0.40947219766914
-0.0149925949563817 0.00517246083315594 0.334131469144017 -0.618860256331642
-0.0258470162416596 0.0148199009082822 0.723094797537072 -0.00940332189867841
-0.0235125974638808 0.0111481987320883 0.271601765555072 0.440249247069471
-0.0201305631787212 -0.0200024282829332 0.0778993863976019 0.0663415837436191
-0.0359635808684781 -0.0208786627192222 0.0266557198967747 -0.478440448731855
-0.0227442892076617 0.0142358526920552 -0.678093235134194 -0.437884649242568
0.00649434044930409 0.0096043439927029 -0.740771248404817 0.525688656553274
-0.0179184220530761 -0.0232162883132026 0.200596743579279 0.725376949221399
-0.0469363416092082 -0.0231810193703674 0.503929673358024 0.114145275512156
-0.0290388362333273 -0.00244774180069095 0.226669236762735 -0.244256118212776
-0.00985345157710948 -0.0132354454525502 -0.114478277536422 -0.237625284979503
0.00643317759602949 0.00157178995419014 0.0850756972413767 0.207005833068678
-0.022085420578526 0.0041344716329862 -0.147864547416656 0.182372269738981
-0.0455574445913782 -0.00717505513100165 -0.432814892145925 0.00212229962594078
-0.0352043503886338 -0.0211775101688641 -0.29903577865334 -0.466414101520933
-0.0167242869751579 0.00369973681420629 0.426543865690731 -0.573078407336399
-0.0326210628009848 0.0126512323257533 0.720644481845202 0.0952633291209177
-0.0292491732788259 0.00336018058443069 0.226377598230652 0.468515670437046
-0.0223958592701272 -0.0280068654735594 0.0741328908174644 0.05436681543884
-0.0434936655602445 -0.0208988188956337 -0.0242248057517108 -0.478705136758104
-0.0251957225742378 0.0169922824776731 -0.730628705914429 -0.327123102007814
0.00513337212787669 0.00766486966672672 -0.647875675468361 0.622660773876053
-0.0231895263354455 -0.0253775600477582 0.296775259569787 0.67387081839603
-0.0502554005732357 -0.0200823541925078 0.51033799923053 0.0404817440241186
-0.0314618977355043 -0.000332364920996192 0.206888294271524 -0.272052462182171
-0.010587596584258 -0.0134257415290063 -0.121147675458353 -0.243134774295383
0.00541099831200904 -0.000200544639369879 0.0811761984014434 0.198721994705254
-0.0230094833809729 0.00442025378237295 -0.159256341383349 0.156268435700463
-0.0419732065354884 -0.0098350440421651 -0.428531500816059 -0.0591280512673738
-0.0293620925514256 -0.0252425704185265 -0.22208750866029 -0.518556866859075
-0.0177600038507912 0.00160873857406298 0.51713253148198 -0.508232449601922
-0.0366287695683998 0.00744126597587448 0.702471068296991 0.208637094271344
-0.0294294710548446 -0.000104208178121769 0.176341995806508 0.491328052623034
-0.0222904986526752 -0.0294350001993056 0.0685315915434451 0.0398565017608377
-0.0458057905481382 -0.0185084687782507 -0.0770273678227659 -0.475745756939393
-0.0238974574677571 0.0181130265103456 -0.76724004559756 -0.208080100948898
0.00487711452453314 0.00427418882694832 -0.535982637889643 0.707541945731888
-0.0210493899465062 -0.0235733577245648 0.387604491411423 0.604041725790717
-0.0449426279813201 -0.0142031857278362 0.504820820156284 -0.0346245186504886
-0.0281266656771789 0.00150933864681344 0.183403551522234 -0.301135016473757
-0.0105051750308281 -0.013049156323636 -0.130605972513893 -0.251092248502566
0.0041661485886325 0.000192120511017189 0.0775425700188037 0.191010934282531
-0.0196887725681113 0.00519227753669488 -0.167617830920131 0.132510221918046
-0.032801798361657 -0.0081488663904846 -0.414514295259492 -0.112764313852472
-0.0212231111808161 -0.0275638807559678 -0.14716317142009 -0.558411987413427
-0.0191152334218156 -0.00258955268428836 0.592246116994687 -0.435908075800566
-0.0349435228658966 0.00222767583037879 0.669093328651329 0.313014776389638
-0.0258709327434219 -0.000607118104332074 0.125521675999266 0.507443500062081
-0.0197641979817193 -0.0256349685970094 0.0626379884762021 0.0258200789144676
-0.0432089790338199 -0.0120300841090957 -0.127212235076305 -0.467568702928956
-0.0198425759474521 0.0168307808877461 -0.785700305979264 -0.0992723554678029
0.00511493639037234 0.00103004345922775 -0.429891035270015 0.763547562310336
-0.0163038925059833 -0.0202338130854445 0.459587750158042 0.529109471739563
-0.0340151917116202 -0.00730804914494938 0.493628378898772 -0.100645986557973
-0.0212862025290841 0.00324076656699663 0.158940324752705 -0.322879004489853
-0.00763210120621204 -0.0110260615193023 -0.139910660989626 -0.254069527962279
0.0058618718363119 0.000196907435469491 0.0742186314914274 0.185586811870042
-0.0110995165703458 0.00746264053625965 -0.173400614481712 0.11640863157711
-0.0189749119365981 -0.00262134541620524 -0.399488186679471 -0.149338320344511
-0.0130412614407639 -0.0244867919545734 -0.0830371820024969 -0.580174936637424
-0.018338201864032 -0.00584072974568092 0.640283495842529 -0.372673904889024
-0.0276027009212721 -0.00386604615779413 0.632474189171299 0.390705778329567
-0.0190372067715127 0.00261825223067678 0.0878235580827533 0.519586626529394
-0.0185514975650106 -0.0158185197239667 0.0593275140507666 0.013300466851627
-0.0365993281359745 -0.00662718483563958 -0.16606353079999 -0.455799018018105
-0.013272499750196 0.0116424806558473 -0.791487489138712 -0.018050668460004
0.00690306433980786 -0.000770474011502124 -0.348396894638501 0.793019725625639
-0.00720696233876943 -0.0164737507957647 0.506097700568248 0.470768255559678
-0.0171800474886842 -0.0036620265311094 0.482397161579403 -0.151453609717292
-0.0116709988905087 0.00211066144097268 0.140689394256322 -0.335418598197637
-0.00686852400645958 -0.00720205816551061 -0.147367263269256 -0.257266355128014
0.00797135793603793 0.00127492888197724 0.0739217113977061 0.183799334597277
-0.000368542841636304 0.00993994440546031 -0.177154043670864 0.109255401617195
-0.00373075965059346 0.00650343329286077 -0.388703070441417 -0.166795460677905
-0.00640396066556098 -0.0169328039510009 -0.0487415578748645 -0.591628123976122
-0.016058009280554 -0.00938416396690619 0.66166413861695 -0.340831443877274
-0.0172269725149002 -0.00763413508626697 0.609673119567636 0.428859628249264
-0.0124023028480168 0.012820014182051 0.0655078755679429 0.523492485219716
-0.0152591188325156 -0.00236385294618946 0.0556149772114464 0.00680323084033426
-0.0255900298115104 -0.00134898492837867 -0.186790435068897 -0.451543672565915
-0.00628733471332441 0.00496694103116464 -0.792548862465673 0.0229026604238498
0.00995589874506039 -0.00379913230099218 -0.307861776971697 0.805575801265151
0.00693243918925368 -0.0129246601464729 0.525697607812044 0.440033832073913
0.000924136886761779 -0.000815470485353271 0.474317472509553 -0.174895552152704
-0.00153753218629117 0.000361529528198453 0.130749492923746 -0.339773523112667
-0.00540082753655787 -0.00253170240244669 -0.152321203977367 -0.257238021693524
0.0107586180116827 0.00293895426824085 0.0726795343169996 0.185777005733449
0.0117402439049908 0.0130623144112436 -0.178625243896843 0.112601062840848
0.011306875064447 0.0171726638113724 -0.387623686246662 -0.161422539327275
-0.00193173862821174 -0.00643970486034785 -0.0516555961502871 -0.593222779670805
-0.0131467960388826 -0.0109448903028842 0.657414567248316 -0.347895527118448
-0.00561111196478451 -0.00810932376039127 0.606784287212992 0.422061563046809
-0.00314216134569411 0.0235548108241286 0.0686798638972614 0.520240785623673
-0.0119724268850718 0.011692517708621 0.0543270038015313 0.00549275498474833
-0.0135354326648328 0.00308720401886357 -0.188048653193442 -0.454012343799665
0.000380270396741987 -0.00417875610048409 -0.795981856155651 0.0168840578708129
0.0127758780617986 -0.00590957884183806 -0.311842724772889 0.800421464979167
0.0196331710050574 -0.00924710023882245 0.521543883246177 0.440677013821162
0.0181829787198394 9.7453781692446E-05 0.476606497702782 -0.168868851337242
0.00965481791326603 -0.00157330560789567 0.132608225047046 -0.338969750506122
-0.00388443912897794 -0.000288499903537576 -0.151252270226738 -0.254042941969921
0.0133168620595355 0.00443625469115684 0.0714534489289457 0.189483301417166
0.0214331316565627 0.0158054444162742 -0.179991371767171 0.125522069638309
0.0237228083133304 0.0249589554551521 -0.396450283366999 -0.133039176324738
0.00323133604663677 0.00324225795264104 -0.0911459754307465 -0.585063987378168
-0.0111424829553216 -0.0131269408125035 0.62646852204074 -0.393965685126363
0.00587965150097461 -0.00861004334100656 0.629847016667455 0.372855804090504
0.006717282685689 0.0336781582521854 0.0887848429671024 0.511793483660615
-0.00873463125556467 0.0253405827145284 0.0537176622113759 0.0107057615969906
-0.00134202967702019 0.00645988064493018 -0.169909525234304 -0.464154554522502
0.00841204752922884 -0.0104154480767741 -0.801023354599852 -0.0329002396868695
0.0149348208696279 -0.0061302539392645 -0.36751379140955 0.786347994962533
0.0285613121715909 -0.00471056598420635 0.495901955659044 0.47898257237237
0.0327001160861628 0.00165654832114499 0.488499494512092 -0.137359708825801
0.0197978048561027 -0.00464773401600491 0.146947665685391 -0.328343847184232
-0.00170381605388418 0.00189402677309323 -0.145641481272377 -0.252160792718855
0.00590029448000949 0.0038928781907339 0.0924907425705205 0.213077846548444
-0.0200647719855299 0.00173041275573362 -0.13276322068652 0.209524778847306
-0.0455437751919999 -0.00662875075909288 -0.426337564556567 0.0700145455375121
-0.0347660855114018 -0.0154944619229019 -0.364665743822386 -0.404316273184418
-0.0115230941843063 0.007965058786332 0.328917429967135 -0.624485209585716
-0.0258348091674814 0.0200063218623246 0.721594917544225 -0.0177345582596657
-0.0233690627457335 0.012588919457467 0.277228681193405 0.43103636128794
-0.0204718627343394 -0.0201301826983063 0.0791202038834868 0.0649745102515039
-0.0363980102674754 -0.0189873897701753 0.0192984679891348 -0.475908738359766
-0.0240473100210465 0.0129383952916821 -0.677241504358672 -0.428003479809626
0.00363983764489608 0.00946635483350755 -0.731306744871123 0.528264416291747
-0.0227169586996206 -0.0188887372164696 0.21170012313845 0.711712237640966
-0.0478366668203772 -0.0178651004826413 0.499999440358976 0.100780305618545
-0.0290284197372153 -0.00086337726546494 0.217727816350377 -0.244962566496534
-0.0099013242995248 -0.0132451745531394 -0.118311834014767 -0.234493325820149
0.00410536825411449 0.00276352381937531 0.087398359678718 0.204775478721012
-0.0247171821806138 0.00302510854116146 -0.144839036313253 0.185626003312937
-0.0478108618369065 -0.00989462364537436 -0.432380423605454 0.0094011083087412
-0.034291209561174 -0.02335312868319 -0.302524012896255 -0.463302034228243
-0.0141515422613974 0.00727069567307069 0.418334771803872 -0.580772726418426
-0.0337107610333645 0.0185168349046986 0.720736217256986 0.0878904644751115
-0.0300168794411354 0.00610035256454601 0.234649351796638 0.460360202534499
-0.0227716918140359 -0.026358678113796 0.0744614681014278 0.0508255309571274
-0.0429349545165676 -0.019883957206671 -0.0305233506121448 -0.475579076248318
-0.0276224762931064 0.0178584435748447 -0.72832917692227 -0.318462350430698
0.00196484283158463 0.0079067245184469 -0.633814203247752 0.624317841042672
-0.0259587699885893 -0.0209887016836453 0.307935459276076 0.658173433933218
-0.0510031955012075 -0.0149531181891143 0.503633777250967 0.0264819006736009
-0.0302865629549064 0.000767300983395081 0.199005682372129 -0.27217085053684
-0.0113711885602573 -0.0137975788072675 -0.124361884624681 -0.241501487816609
0.00243167071676515 0.00124178268213393 0.0835970016000128 0.195674833814016
-0.0247122978162284 0.00207666571128738 -0.156933949261936 0.159730904271257
-0.0440890268544017 -0.0122798275248171 -0.428305581132404 -0.0504958274145281
-0.0282042374098933 -0.0295012452021129 -0.229487544465413 -0.515961502707574
-0.0152564988084597 0.00568181242070904 0.509157306025746 -0.516742780640047
-0.0371252315367105 0.0133745070247955 0.702780782151791 0.19945319021224
-0.0302668600364364 0.00129993242196223 0.182451812193617 0.485561787216378
-0.0217683131374035 -0.0278228454242773 0.07012232904244 0.0381054231390503
-0.0453245777169873 -0.0161882474231292 -0.0839938169723268 -0.470757943798851
-0.0261688436353143 0.018507326018114 -0.76237040775369 -0.200154792565008
0.00183800408532265 0.00551137268511374 -0.524113855830489 0.704954757532743
-0.0238343425621614 -0.0185173981485198 0.395281261495143 0.588332266610868
-0.0457540339972913 -0.00780604055051893 0.499208720333479 -0.0493735694971421
-0.0283334468839536 0.00347540605604125 0.174652813929662 -0.298835387523949
-0.010445655327125 -0.0122526907370401 -0.134323328584965 -0.246201502404314
0.00337117038382051 0.00126682300695665 0.0790902958882269 0.187638379894028
-0.021270539542164 0.00445200621219926 -0.165192316015982 0.136659496109253
-0.0331300801420188 -0.0115674623550432 -0.41521631819688 -0.105207213646974
-0.018889170927515 -0.0300887011193888 -0.151015470163321 -0.55476233887403
-0.0167316554100011 0.00164088177452084 0.586456670526983 -0.444065618961818
-0.0371700754960281 0.00668025948625955 0.671167684108517 0.304575190534886
-0.0266206468910456 -0.000114062972763049 0.13579262151427 0.502823232520887
-0.0199453002856435 -0.0240123325966603 0.063469965801072 0.0236902012461911
-0.0435410930723557 -0.0109137240073588 -0.132246520446772 -0.460976593413651
-0.0221310523266515 0.0161103071317899 -0.780979253530262 -0.0914875496276444
0.00165704120899861 0.00357969468979244 -0.41696612876444 0.760372451809564
-0.018995432963534 -0.0157370762241754 0.465317050489495 0.51514904493606
-0.0326978139565707 -0.00325138547523719 0.485631203712316 -0.113371583623905
-0.0206429079474383 0.00500580969579917 0.149335214761844 -0.319438870077548
-0.00906990768106393 -0.010878086723253 -0.142385434493726 -0.251021643159132
0.00455884491662031 0.0013088935752708 0.0752377793244871 0.18320092186338
-0.0130454273431262 0.00641720508679576 -0.171647812770383 0.118331283599478
-0.0180345813319347 -0.00487863291707484 -0.401728542822248 -0.142205116982247
-0.00959038914711587 -0.0262298123596079 -0.0882243343372147 -0.577307528180372
-0.0167746616102444 -0.00169210429517559 0.636334743270675 -0.38126499736981
-0.0300655180459818 0.000462364987520239 0.634238308420222 0.381820841143468
-0.0193344518763931 0.00516593563115331 0.0960710314277155 0.514328807220056
-0.0186053106377569 -0.0144668964955971 0.0591081738287259 0.0123239558929478
-0.0364828242259819 -0.00535757584897931 -0.170686440688182 -0.451120990609917
-0.0165548148104804 0.0114892807598384 -0.785323850750458 -0.0084464349427517
0.00453542905040954 2.31076192409941E-05 -0.336280250100364 0.790627526717046
-0.00812605428039989 -0.0112357114072253 0.509932557909102 0.452970469653581
-0.0165837888849598 0.000919447615529286 0.472911328881721 -0.16193260266455
-0.0107419322979043 0.0043169506021787 0.131130031741969 -0.333449316286825
-0.00615231271298326 -0.00759261511421008 -0.150489288082926 -0.251622175447572
0.00648361074686239 0.00188950243475156 0.0756608156983432 0.18048370557701
-0.00105133810431945 0.010051462954358 -0.175288066921421 0.111211571360047
-0.00359033024156908 0.00435399987282554 -0.391780003174794 -0.161351031736443
-0.00339510788497323 -0.0181161052124181 -0.0540883098445537 -0.587595077974765
-0.0143490772919391 -0.00408599424283788 0.657673360808614 -0.349710652545389
-0.0193593326843637 -0.00234890415888797 0.611685445175251 0.421741739717491
-0.0115711749162071 0.0132412397645615 0.0757919090217971 0.517880332895236
-0.0152056879589738 -0.00182859029268891 0.0544175879199846 0.00624825425497634
-0.0257233589755245 -0.000820459294159552 -0.191961546592872 -0.444796884719926
-0.00924795249535514 0.0044239431428733 -0.786398379193431 0.030222828152715
0.00701275129876398 -0.00107386274133747 -0.293464544489486 0.802264050771049
0.00679775580195701 -0.00899778484329245 0.525841263868209 0.422713902722051
0.00160786226082687 0.00230871981537652 0.463853418490535 -0.183526750527131
-0.000895728345214553 0.00155665071907599 0.123287818924944 -0.33729994323533
-0.00471886285918789 -0.00460223181057585 -0.155187092883026 -0.252450516997187
0.0103446720952234 0.00498327582838257 0.0749107521222541 0.182776244983725
0.0110451162483277 0.012732536727119 -0.178826601515874 0.11556232727028
0.0125364840246379 0.014719813730373 -0.389875898025515 -0.155484180416021
0.00193807228727348 -0.00751715262916785 -0.0571514037715647 -0.58975617300067
-0.0112788100495523 -0.00643022983126426 0.654208366821521 -0.355458663128324
-0.00760098739999475 -0.00324861654442455 0.609793279311565 0.414223790966557
-0.00228080174958987 0.0234770049907997 0.0769407239150864 0.515286501249455
-0.0113993434964536 0.0123737294801886 0.0529300978548362 0.00542789377254945
-0.012785312922743 0.00248166745454755 -0.1933066222569 -0.447032301048426
-0.00215484951244814 -0.00447006942106544 -0.786297430110489 0.0258510395258326
0.00922724869230524 -0.00409069373054376 -0.300730541481704 0.799004370348081
0.0184897461931596 -0.00529678369487497 0.526405928855436 0.426362507901661
0.0185096762577828 0.00239467424723515 0.467373884800178 -0.178377712691127
0.0113638183185652 -0.00146776196364426 0.125230972892561 -0.335774351940807
-0.00269507016145589 0.000138593680201009 -0.152376481982891 -0.251623207336076
0.0115811208657186 0.0066020677736491 0.0739437804600939 0.186682516087219
0.022246779439601 0.015189661609223 -0.178563958995917 0.128893575486273
0.0250335663258241 0.0227841679562771 -0.396894320950416 -0.128499555885583
0.00721395868495995 0.00203931428702359 -0.0960782758572401 -0.585301675063185
-0.00842647354214797 -0.00762603577490247 0.621267822444189 -0.399856163963653
0.00360240113508291 -0.00396203751090968 0.630329236515131 0.365506820930773
0.00681087267486704 0.0339527044608124 0.099517518760681 0.507497547692959
-0.00788950370001819 0.0253586867678951 0.0537676352978038 0.0100394643084342
-0.00239282306034071 0.00761973041022221 -0.174708911790911 -0.45764756598753
0.00483541355161202 -0.0107413254364098 -0.791616543092609 -0.0241985967643368
0.0118199761643676 -0.00487215566517704 -0.354749872382012 0.782346498485531
0.0276788415662931 -0.000486047174974309 0.50177893163351 0.465756464194838
0.0342611133839626 0.00283232436138961 0.479755037267486 -0.146862593577748
0.0203145463540245 -0.00331560385139457 0.138412140273883 -0.324805555121377
-0.00174618999804525 0.00222499797983378 -0.14803790494469 -0.246299532188484
0.00597059299694558 0.00258895980393957 0.0940004278366448 0.212166310384399
-0.0191959814013201 0.00162566589417365 -0.131841000168396 0.211373833798695
-0.0457579274513031 -0.0064633446046185 -0.427919931967916 0.0721067312135326
-0.0360589668767611 -0.0154410174818718 -0.367520184422755 -0.403215230690867
-0.011260635062477 0.00852203042301604 0.326440282648629 -0.626016482129571
-0.025098998498917 0.0210818572003612 0.721708900731137 -0.0217279177483211
-0.0232017688012331 0.0120564624743241 0.278334928842663 0.430816544573569
-0.0202044229013873 -0.0195332681044195 0.0800030457381543 0.0656119641750555
-0.0373965697890288 -0.0186685218994566 0.0200428617141709 -0.477780254991269
-0.0246434804027653 0.0133895641535749 -0.681432000050969 -0.428032598714714
0.00348611271141394 0.00996412497164209 -0.730434141354631 0.533072723074723
-0.0227855374626088 -0.0192107560095298 0.216050742507012 0.713539215136288
-0.0484529322141165 -0.0163985090840681 0.501624315666636 0.0993202548473096
-0.0288775964062888 -0.00105294877851812 0.216532075288435 -0.24547909123214
-0.0101780056767216 -0.0131931533548402 -0.120257334527278 -0.235546289030096
0.00480503464308819 0.00182702336462311 0.0882927772591689 0.204756247502547
-0.0250196030005601 0.00319765177412951 -0.146734856815492 0.186199095439602
-0.0479873628905889 -0.00949224038186949 -0.43276551200676 0.0123176893813887
-0.0348660694370143 -0.0239324446562732 -0.304467445487471 -0.461537808068029
-0.0130431358241305 0.00803114269082601 0.418407029004479 -0.58482154264728
-0.0332432447117335 0.0184665266257309 0.720765171237467 0.0829416810620171
-0.0289261913557421 0.00507746802054497 0.234885044757832 0.459534235731496
-0.0216846551759483 -0.0260023253534559 0.0737335497407555 0.0515123503649507
-0.0419395347908255 -0.0184835247797554 -0.0302150738083013 -0.477123760932019
-0.0281525795280133 0.0167193196906693 -0.729249527825755 -0.317084337128314
0.00160415279388726 0.00771324881700366 -0.633340975955289 0.627116269981332
-0.0260581710983321 -0.0207215476320067 0.310597377023603 0.659289560220639
-0.0506986326443211 -0.0138259657026364 0.504922266851519 0.0249449540104197
-0.0305853901249034 0.00175890718874762 0.198177870725974 -0.274438915085954
-0.0104559896036726 -0.0137417014763631 -0.12721182784262 -0.240713268720425
0.00318699745107829 0.000519084818004815 0.0849880930866474 0.196398353074567
-0.0252799871987649 0.00400909181638782 -0.157155959311823 0.161121185725505
-0.0438662211090586 -0.012839939703238 -0.42926609198611 -0.0487137513433507
-0.0277751876607935 -0.0282994539567053 -0.230006102254997 -0.515700937496439
-0.0164340759410514 0.0054159429224139 0.507944076072166 -0.518441732750968
-0.0378473228185476 0.0141485877655103 0.704432347687887 0.19895315335672
-0.0304148972251649 0.00146766582136119 0.184710464454999 0.486536100220076
-0.0223194307505401 -0.0286444449639577 0.0709861523786055 0.0376421163645362
-0.0461350113365548 -0.0167752165987988 -0.0840422996464247 -0.472070726702728
-0.0269558377645485 0.0185930378056391 -0.764021880856569 -0.198278133446639
0.00143335585168792 0.00614299343382294 -0.523004673461118 0.707801946060842
-0.0258289774732484 -0.0183494328066494 0.398162494063897 0.587329068157329
-0.0459881390578504 -0.00759571035907248 0.499391249952182 -0.049676812358454
-0.0280117712940753 0.00269597316732018 0.173083622087831 -0.300552080325555
-0.0106187535578086 -0.0122041514289104 -0.136639114876956 -0.247796691211824
0.00280539107384312 1.56725339508579E-05 0.0814329043105922 0.187482715548804
-0.02157402209169 0.00432193428492178 -0.165792784617424 0.136915507723175
-0.0330477244844481 -0.0110244523353447 -0.417950134072202 -0.102125224393319
-0.0181736802751899 -0.0306526209075073 -0.154617253921309 -0.556077003735501
-0.0173012839680905 0.00262689488068695 0.586301763396921 -0.447737393241584
-0.0377234735099689 0.00652022444389288 0.672168578839709 0.303596264671308
-0.0256049775069864 -6.4569275819111E-05 0.134769502998443 0.503654289543432
-0.0212392707236187 -0.0229947636877844 0.0637311003980598 0.0238613102842296
-0.0435717607260173 -0.0102111872782715 -0.134094163817606 -0.462496308668953
-0.0227599563771878 0.0172357422725659 -0.78203617809326 -0.0906871649956831
0.0015223483523308 0.00287291576233745 -0.415063803419965 0.761492725400771
-0.0183766165570788 -0.0156662088031848 0.468477605850285 0.512295178363184
-0.0340748614923717 -0.0029754512600603 0.487524244961497 -0.116521017938763
-0.0205983422823127 0.00452911320290233 0.14948691832482 -0.323233892329479
-0.0092077767001362 -0.00961270733449185 -0.14496477181979 -0.25055403356324
0.00423490084919838 9.80499806321165E-05 0.0786341108134181 0.18230937041762
-0.0115506329836404 0.00664454810350459 -0.170682389546019 0.120809265962543
-0.0189943671860246 -0.00519512767319095 -0.403193352167794 -0.141411423694198
-0.0115464175502639 -0.0263994942438852 -0.0899125063720911 -0.578607975170902
-0.0158055834183986 0.000138045111280814 0.636299861949965 -0.385089813948965
-0.0301116359177117 0.000520046022862359 0.636261963869512 0.3810674123315
-0.01957972490222 0.00475767319895526 0.0979644601522888 0.515899443300309
-0.0180219044112724 -0.0147825182379046 0.0587833718307527 0.0118132579722206
-0.0363158981844252 -0.00543668356415792 -0.171735534917292 -0.453100755718419
-0.0167153815220565 0.0117585979481982 -0.784351675696806 -0.0072291228293757
0.00444965811754615 0.00105806377736036 -0.332538878870369 0.792956900064345
-0.0083045317663494 -0.0122379755110973 0.510683136692133 0.45346170133089
-0.0167987264271373 0.000672685099619749 0.471858803482159 -0.164037169531256
-0.0109701533010916 0.00394281177019713 0.13045861343494 -0.334552045331092
-0.00716518535242877 -0.00720060717735216 -0.153650351590699 -0.251887162124448
0.00657070432796973 0.00183562054140144 0.0767670690589707 0.180206404475809
-0.000638440457923423 0.0090777435259166 -0.175500035509593 0.113133096944083
-0.00232476562174137 0.00520896548229075 -0.392614340356564 -0.157716619991194
-0.00410324133069385 -0.0180556744146171 -0.0567584652744755 -0.590623173429246
-0.0147035396034257 -0.00505053922608831 0.656763673021713 -0.351121630060236
-0.0196225451686386 -0.00134140478865797 0.613769994119402 0.419405269173084
-0.0103956989038136 0.014252679656147 0.0770404022325804 0.519307662831627
-0.0153585004378296 -0.00222212874946458 0.0545205381244435 0.00608816145022566
-0.0250233225418212 -3.61248728321722E-05 -0.19192352755061 -0.446543648731067
-0.00947564512008992 0.0047053937719246 -0.787052130901804 0.0327624648108772
0.00680846400012411 -0.00169276492405408 -0.290790963241473 0.802752190547479
0.00525953393092296 -0.00891827741240101 0.531803022408853 0.420272282826416
0.00180779922610118 0.0019691770759762 0.465074772275572 -0.185920768850229
-0.000969067978000653 0.00139722711862706 0.121965693867186 -0.339342893528468
-0.00463853764391282 -0.00342107014189384 -0.156642544469569 -0.25178995457534
0.00954495629975621 0.00320845464342684 0.0754042116427951 0.181912400349097
0.0115325503913044 0.0136801656205831 -0.178156362946388 0.11625333731227
0.0126372977444971 0.0153616291736794 -0.390002101350699 -0.152890096354233
0.00213017208924233 -0.0074298226759271 -0.0588845977335089 -0.591925259715151
-0.0116030525847167 -0.0061646925270358 0.65079033538559 -0.357725864546968
-0.00766119311115606 -0.00281391134938253 0.611995176986204 0.413419964315162
-0.00211433752489153 0.0248779800169438 0.0784441975807675 0.517120039823423
-0.00991065638181984 0.01286413952333 0.0536188648929621 0.00432721047535838
-0.0131812409347572 0.00311419433122126 -0.193441672689109 -0.448631651466631
-0.00301781806278683 -0.00401944234428702 -0.789057863376544 0.0276945497501264
0.00941290755797646 -0.00523317485162515 -0.297644974999573 0.801105521285229
0.0178946148703773 -0.00513774545958675 0.529497359856159 0.423823837201405
0.0192957707170892 0.00295648285746365 0.465963572877882 -0.181276060051489
0.0110520709124988 -0.00129886881059476 0.125154230876887 -0.336718425190094
-0.00314394799757537 0.00150964427229478 -0.155845037255206 -0.250498699522672
0.011814351891124 0.00613353817867637 0.0758941443263667 0.186614899525671
0.0218178642420351 0.0161539980058271 -0.178419984302589 0.130205238437348
0.0257341135737423 0.022719438492797 -0.397872694366575 -0.125291153634007
0.00594585711297408 0.00158998000445512 -0.0987707426308609 -0.583011318446902
-0.00844592580361937 -0.00683836128414529 0.620812256212356 -0.402619943908547
0.00434607283607718 -0.00438339966699746 0.633741521781251 0.363700050061418
0.00767216516025635 0.0346234758524641 0.100446611104377 0.508234276199806
-0.00840130280814963 0.0257910020009959 0.0543147332895344 0.0095900541685627
-0.00192724064334415 0.00780555729395883 -0.175289434366332 -0.456207214466213
0.00452881719065758 -0.0115062333252052 -0.793339513600861 -0.0226802676342669
0.0115663800644599 -0.00523469842266883 -0.35300523038352 0.786499207872967
0.0277845605252168 -0.0012224947024427 0.506495884121992 0.463307698029262
0.0345989295184409 0.00248894111021645 0.479664177102664 -0.148028450821941
0.0200590348970568 -0.00398089459457388 0.137450847486108 -0.32678420024477
-0.00029064219965545 0.00204446958985996 -0.149504456844288 -0.246656355423141
0.00589679434547744 0.00289464330633842 0.0969711808872909 0.211279834561147
-0.0202273469378851 0.0032506247961648 -0.132873853697219 0.212693367858878
-0.0459929356507537 -0.00590966596884309 -0.427392934175135 0.0735719761215459
-0.0358044982484085 -0.0162929805913145 -0.370215497281118 -0.402489918442736
-0.0119783812543707 0.00917193396773291 0.325463146255112 -0.629727539710555
-0.0260537292444159 0.0213112555454899 0.721945184547539 -0.0228811174887817
-0.024367896840388 0.012159460189577 0.278355074711668 0.432597173139102
-0.0201521542578075 -0.019879496518258 0.0808457291696348 0.0637500267422839
-0.0361569446008686 -0.0196184819791718 0.0183475296918001 -0.478760927877245
-0.025561415236048 0.0128074908054376 -0.684047700105594 -0.427983707904692
0.00364941181323159 0.0101621412562951 -0.727764649758066 0.537122306113374
-0.0237162156100879 -0.0197265153069956 0.220927604198761 0.711865451358116
-0.0487308026426542 -0.0172695029031797 0.502724226172581 0.0973184001041801
-0.0287124032846177 -0.000615715169834287 0.216096059204683 -0.246946249656956
-0.0114009735494434 -0.0128791024661413 -0.121848174393998 -0.235212429517531
0.00551677529079007 0.000953857470025376 0.0905154276724127 0.202837842448644
-0.024860173728065 0.00384037423686639 -0.146331228324998 0.185898404079847
-0.0475651465038534 -0.00931189354414589 -0.433236768965613 0.0159210992759913
-0.0341472636908389 -0.0231725649134314 -0.30798410376315 -0.461181579697136
-0.0140132274347959 0.00797580049590022 0.415422876858339 -0.5859788818292
-0.0347027556104746 0.0194391938297588 0.723426232017793 0.0829021960345497
-0.0279246308121798 0.00605283841738081 0.236614046473196 0.460971464580408
-0.0220148803898253 -0.025830335358623 0.0748348854018142 0.0506437389131987
-0.0441745811683895 -0.0187981674070011 -0.0319759220659325 -0.478555455790183
-0.0271558258329975 0.0166859709068743 -0.730934581036693 -0.316198751493297
0.00148981415870598 0.00829596073286658 -0.631181964421922 0.631134770937208
-0.0268837835100123 -0.0200463407095621 0.314669324942002 0.658245380291323
-0.0511209409028731 -0.0132178077105902 0.506247360845581 0.0229783834728345
-0.0301298478481053 0.00179884668339969 0.196980347750854 -0.275837605654645
-0.0130220067788802 -0.0133630521206652 -0.12965647006759 -0.241353407335951
0.00292954140437605 0.00079688353298631 0.0858225703500354 0.19488670429199
-0.0260306459962706 0.0030515694809106 -0.157490980303027 0.161817715014567
-0.0436170383439364 -0.011976096292093 -0.431269906001511 -0.0453142827820302
-0.0273676265221542 -0.028633623344033 -0.232404235083683 -0.516783675672995
-0.0154067437175692 0.00660527454724322 0.510279042866784 -0.521694161812805
-0.0380172643806589 0.0140518518824385 0.706671137912999 0.196408186065503
-0.0291715268526946 0.002138460301607 0.187079567717825 0.487622630057139
-0.0217834309307056 -0.026408843151241 0.0703376449491616 0.037091353746992
-0.0455150714379024 -0.0157457074116784 -0.0849855246162885 -0.472580583375067
-0.0270020282171425 0.0188689097455218 -0.765519393225071 -0.195871783177519
0.0013700542009877 0.00575637754250112 -0.519748254208412 0.711012671448036
-0.0256853508389672 -0.0182750325366002 0.402413197830207 0.586786232462208
-0.0464922936167145 -0.00804347103171106 0.501222517324359 -0.0521935649762991
-0.0273207638535876 0.00348247009375171 0.17205018125509 -0.302758005382613
-0.0106327137218992 -0.0127792186109166 -0.138815567474863 -0.246370736587045
0.00291156762757171 -0.000607916252530346 0.0830115632243571 0.186898593842381
-0.0211224142703141 0.00482970754486062 -0.166141881184926 0.139026335108343
-0.033376948667916 -0.010286409210197 -0.418285475122662 -0.101342151893262
-0.0196504660543066 -0.0296232040501037 -0.156419127418497 -0.55588443985873
-0.0166604342814159 0.00325227798673223 0.58558200499823 -0.451326816291089
-0.0366095537130772 0.00645904860415916 0.673623570876021 0.300764653985237
-0.0247465421204186 0.000652119166463579 0.136354826970169 0.505969914984142
-0.0204296119393766 -0.0237414087879007 0.0640127357804997 0.0231537458667574
-0.0435546056184481 -0.0104015042877567 -0.135283594332956 -0.462893646612494
-0.0231022823327868 0.0175776454177515 -0.781991958026564 -0.0871881187156402
0.00176556618711815 0.00330781931459946 -0.410577021041156 0.766491472552617
-0.0192649002531979 -0.0149219986818973 0.469722012849937 0.51242224101142
-0.0339462265221796 -0.00296870105965001 0.486994085239659 -0.120066935990598
-0.0208289359708797 0.005377791227388 0.148526983492568 -0.322805229224172
-0.00998939771010844 -0.0104208517332803 -0.148142615266131 -0.250930651882752
0.00399050264658891 0.00016855932575965 0.0805084871456251 0.182703427006989
-0.0126163296999147 0.00605061957584645 -0.172005263142438 0.12158375315915
-0.0180556510619094 -0.00533025173926457 -0.403578733504465 -0.138614269731689
-0.0107732334801479 -0.0259732445908125 -0.0924427221277794 -0.579760673550039
-0.0172320283277732 -0.000595551939347247 0.634419096252407 -0.388001022062773
-0.0300458322045953 0.0018531614860109 0.638170420594738 0.379499558527669
-0.0173524073942555 0.00531087521380137 0.0975154240612623 0.516522268253259
-0.01905136087866 -0.0140080319948484 0.0587934672712903 0.0128524860952199
-0.0358865477163705 -0.00433966565065499 -0.171850179380286 -0.453581971139677
-0.0178838500076353 0.0129860251655061 -0.786334462757454 -0.00534743167939245
0.00377590282564598 -0.000839379191784275 -0.330044031787771 0.795459081239565
-0.00754216704356967 -0.0112914920369829 0.515242913430545 0.450353176693362
-0.0166635887033367 0.000335760718898438 0.472833793198132 -0.16756791893145
-0.0103494031117828 0.00433260403395422 0.128195183649173 -0.33672546506001
-0.00784546884845977 -0.0071335944149263 -0.155717133406457 -0.253053762603114
0.00673806687292504 0.00157283060351592 0.0783601461072976 0.180650935570056
0.000401456203746932 0.00979964762375323 -0.174851371771406 0.113514629718928
-0.00233507546329181 0.00439104691727331 -0.393632962160884 -0.156555451586401
-0.00344773426816899 -0.0180808498637185 -0.0591175556939034 -0.591653044496491
-0.0147610502298955 -0.00250490761722946 0.658747837316407 -0.35378233827618
-0.0200786157772247 -0.002433046381914 0.613772995490126 0.417128536687013
-0.0109982855790346 0.0137743178335305 0.0783678638672146 0.520875139198666
-0.0143503478961896 -0.0020821065316173 0.0540914127477617 0.00471363160754534
-0.0271152411781174 5.8031763887214E-05 -0.194270180307132 -0.446500991266356
-0.0109675219226667 0.00442453061652938 -0.787447330980858 0.0353141892254408
0.00602729395804689 -0.00149762964989066 -0.287722170938207 0.807293834663083
0.00636398484739113 -0.00916805515434553 0.533044981416891 0.420428994766782
0.00193214672375816 0.0013897203523634 0.464213339063487 -0.18787353716844
-0.000272891755327433 0.00163407330917721 0.120007895985246 -0.341288416374375
-0.00532115371882099 -0.0030705217527624 -0.158272550558369 -0.251834470409838
0.00846851515711891 0.00342670005364226 0.0774435449342971 0.181834645727642
0.0117377368522249 0.0128826959608863 -0.177738584413952 0.118420286185255
0.0127505901401461 0.0143131852341547 -0.390981571037839 -0.151691754225316
0.00106458042815784 -0.0095768808470209 -0.0613870768694272 -0.593162366579184
-0.0109497700460779 -0.00603832135351562 0.650442896700072 -0.359793817734029
-0.00687358191574329 -0.00287518991077963 0.613460127237346 0.410121751845301
-0.00120918304788991 0.024521988050599 0.0809979259296326 0.518220021549762
-0.0106298719672694 0.0125206041461892 0.0538357359965406 0.00481009945767421
-0.0130348284422688 0.00424325711790878 -0.19421218680658 -0.450058375974486
-0.00364615372146782 -0.00450981394108476 -0.788939768025487 0.0317522313381257
0.00930717155739299 -0.00412147384476308 -0.295855868671966 0.803788974069878
0.0179746173238637 -0.00618409400196097 0.532187881651281 0.42432461557759
0.0193920259618115 0.00177537605848524 0.467130540687842 -0.183794323725807
0.0102663789323742 -0.0020970389477965 0.122753911750404 -0.338211403614757
-0.00354637738445773 0.000128427682663993 -0.157914683277531 -0.250225303026432
0.0118753901253543 0.0059242865594888 0.078354940602242 0.186046259606289
0.0212396741475987 0.0153985439437233 -0.178818410356101 0.13239340787096
0.0258459859337376 0.0226292893289706 -0.398176546772523 -0.123418510185941
0.00618652441015175 0.00133546027298368 -0.101030515736935 -0.586138106272287
-0.00816666170753338 -0.00749994804380904 0.620276438263042 -0.407684844128263
0.00392017306392134 -0.00369973840150213 0.634466520961856 0.361212716213484
0.00949340643729056 0.0344246545141539 0.101334906640407 0.509061624616782
-0.00649554085013609 0.026876615130278 0.0539565770576306 0.00966829022510192
-0.00125308022495164 0.00762563691713805 -0.177534908340386 -0.458151043084537
0.0046296635617607 -0.00984701321831937 -0.795384678843031 -0.0202192947407386
0.0117917434907012 -0.00588532146016827 -0.350471760446887 0.788861175422574
0.0273077267522949 -0.000432134484663498 0.508118296987704 0.462847129762069
0.0333999931560348 0.00325619097604817 0.48028088569966 -0.152547965610271
0.0205970564318638 -0.00429882852977192 0.136578028636758 -0.328583328366795
-0.000860312147410627 0.00313107901420756 -0.152628124012249 -0.246565135806025
0.00689828015631804 0.00262719118696386 0.0992251446217175 0.210827643973497
-0.0200500760067012 0.00325142975877243 -0.131834418871438 0.213217435575808
-0.0459164719478963 -0.00576906280242865 -0.428942832257364 0.0790797617499985
-0.0361967431284836 -0.0154563943295293 -0.370525747603469 -0.40306679218094
-0.0113869871046227 0.00930366691647636 0.323468818285129 -0.63298397151483
-0.0261778061613159 0.0219864166015015 0.723353978505996 -0.0270441669052216
-0.0224764940370393 0.0124788323859655 0.282320403141683 0.43190108321634
-0.0195783468403025 -0.018915108606904 0.0802061029259926 0.0640506054425975
-0.0366987786282555 -0.0186832104774684 0.019849191709874 -0.480884271131633
-0.0249454150592595 0.014333119838661 -0.686103248511799 -0.427072471274934
0.00371290388274791 0.00944167342413122 -0.727491584883766 0.538940682930602
-0.0230712655681507 -0.0189800912690228 0.223945936530626 0.713432483817605
-0.0493242643618859 -0.0170529112711938 0.504784096310744 0.0951603731216726
-0.030235846144679 -0.000376500205198436 0.216264683212007 -0.249249586772584
-0.0130399614468412 -0.0118025293497537 -0.124513741374497 -0.234887318879026
0.00346727611706074 0.000663725782774729 0.0930461501516465 0.203680872187561
-0.0249722025947297 0.00330035642202809 -0.145629070917605 0.18868789591881
-0.048811111085616 -0.00934255760690437 -0.434161020817707 0.0177392695850205
-0.0352637934660437 -0.0228139513823493 -0.308899916271628 -0.462084554852685
-0.0132489978891014 0.00876230392044075 0.416204904019117 -0.589502571650736
-0.0341425622467412 0.0198129887487796 0.72261233801687 0.0793008032852877
-0.0282871425635175 0.00717054267924692 0.23632811052949 0.462091445348687
-0.0222526928777632 -0.0252541305888906 0.0759731840011978 0.0501915913631315
-0.0441864174761922 -0.0182717968578038 -0.0323358141191934 -0.479577021786055
-0.0276420589085981 0.0173070176750312 -0.731879691260227 -0.314330137428003
0.0027457575619523 0.00864375398776859 -0.630802055653223 0.635308972956213
-0.0268247119561135 -0.0203425350688936 0.319188210499074 0.657964188309601
-0.0513425247334645 -0.0132636097812199 0.507732910398995 0.0191890790602832
-0.0316879602325112 0.00133555698722382 0.195616317639061 -0.276818272707123
-0.0122005828379296 -0.0128838558292537 -0.131278013241639 -0.240096299235686
0.00331057553735118 -0.000434988518877246 0.0885480680659356 0.19580907498179
-0.0251645660474326 0.00396526327175512 -0.157835450424088 0.163393644038273
-0.0439085936128262 -0.0117670132777591 -0.432153543503316 -0.0419176259819099
-0.028307299570526 -0.0282644406478569 -0.236611265219164 -0.516134421237637
-0.0162541708670227 0.00685549751317734 0.508019081534271 -0.526333539436625
-0.0383204079079911 0.0142991853045013 0.707888868323095 0.193396834597871
-0.0285970635589121 0.00225045026902448 0.188239854878851 0.48646712821323
-0.0218064823511552 -0.0273235432263431 0.0696035422626982 0.0365259851510521
-0.046658593996905 -0.0150530982186207 -0.085537058385446 -0.474139749046125
-0.0264716005293149 0.0189610753165461 -0.768218895598689 -0.195396983017614
0.000950992032737307 0.0050021836807866 -0.517191193562986 0.713996461970012
-0.0255010124848136 -0.0182440145112263 0.405350186947615 0.587091945597733
-0.0462925049300479 -0.00701591723501729 0.501507014660597 -0.0554699484522707
-0.0285311394959515 0.00417396828754135 0.172727940480194 -0.304424282126588
-0.0113836666364138 -0.0119860746223512 -0.14094585052823 -0.246235179901136
0.00323089147980272 -0.00136205681124153 0.0841625304068505 0.186917665699386
-0.0209854745191201 0.00400741587483135 -0.167000976143702 0.138422513653386
-0.0333673983380368 -0.00992760302941257 -0.419414610000797 -0.0976568751525005
-0.0193079564508312 -0.0299118167674302 -0.158887979391629 -0.556447712436204
-0.0164298959027103 0.00357312028383061 0.585891913348313 -0.453041218712255
-0.0372510900162689 0.00717721912308762 0.674631944838192 0.299822661851852
-0.0248279847900183 0.000402408056677066 0.137336147794575 0.507591520246449
-0.020595796677707 -0.0227538327300249 0.0644722539366018 0.0234349167610146
-0.0434225060199692 -0.00938711036912096 -0.138259439208469 -0.464354914806927
-0.0221369516235079 0.0167348727684965 -0.783900926961254 -0.0861534692024203
0.00192568629125161 0.00270098080775841 -0.411284778881168 0.768744952021337
-0.0193535015830901 -0.014151168901711 0.473711909051484 0.511600935366852
-0.0340426128963156 -0.00186581201236707 0.486261293414641 -0.12221080277656
-0.0202671566689803 0.0054770595062613 0.146049730122575 -0.325066010139878
-0.00964256443107977 -0.00958934948741302 -0.149531927760644 -0.250136234718868
0.00517073402725499 -0.00035511712427032 0.0823007253045065 0.182134156324667
-0.0119854916438348 0.00693791567900308 -0.171849851507545 0.122299051556503
-0.0187214330146935 -0.00532746255606586 -0.406972280832739 -0.136798919150365
-0.0114957900009214 -0.0263761264977882 -0.0961516587327932 -0.579964399328951
-0.017089853735165 -6.95106962900847E-05 0.63530841248012 -0.391361214112075
-0.0313652391798452 0.00103321396448853 0.642656923917072 0.378943145777045
-0.0180882389862017 0.00419393694687477 0.101599663188869 0.517200641695591
-0.0173290860455142 -0.0136164156036036 0.0587177788446411 0.0123952442524066
-0.0363705410941115 -0.00519924481546337 -0.174885692214616 -0.456616901417204
-0.0174336112836008 0.013217043578007 -0.788479544371691 -0.00336625516441872
0.00387394068926123 0.00105866314649217 -0.326756831585565 0.80013869171031
-0.00871750647277747 -0.0119816584351873 0.518062959769097 0.450016726987328
-0.0169325749851309 0.00121811379355982 0.473976882446229 -0.170919588157235
-0.01013458747207 0.00485838225344437 0.127639936622651 -0.337561042446242
-0.00794415943607568 -0.00643616790507465 -0.157630058797328 -0.252385806385728
0.00680108739925698 0.000999137519651859 0.0814576507686268 0.179199461624384
-0.000623030333558683 0.0104577160299677 -0.175900537245777 0.116019344371857
-0.00178650655068229 0.00402740655688334 -0.393664601049819 -0.154380422154789
-0.00446755784126431 -0.0183609374258016 -0.0624757063339769 -0.592236998981082
-0.0141943080897789 -0.00316568929450671 0.657418211979384 -0.356551812185571
-0.0203312236750144 -0.00104251298080825 0.61739217009004 0.416078452350968
-0.0102026946652271 0.0135536936787156 0.0803617994108971 0.52021214718985
-0.0142506569268619 -0.00125659946595433 0.0558356205876862 0.0055412687463571
-0.0258017777360866 0.000676430223244128 -0.195027990804712 -0.449699960183276
-0.0106214337941955 0.00413497753792189 -0.78766305062907 0.0375304692882116
0.00687063220970267 -0.00341213692987453 -0.28697088060123 0.811213624635879
0.00601931996175375 -0.0095061016880349 0.534803227445106 0.419320432602412
0.00253683417880479 0.00243298261463875 0.464304132547448 -0.190262351953409
-0.000727924418736836 0.00236510941787931 0.117776995759709 -0.343800036432639
-0.00510755113860317 -0.00164910403827805 -0.162420569884448 -0.252452738056158
0.00892768998162134 0.00243828132443989 0.0793124295982422 0.182169131872801
0.0118405856964391 0.0128086546587107 -0.178650592896988 0.119458720176908
0.0129984259585862 0.0146778010201011 -0.392303862117221 -0.149125128832702
0.00159478875245452 -0.00803171235117771 -0.0642464989514196 -0.596211101994952
-0.0112031717912951 -0.00574015851599147 0.652521408198286 -0.364665768231532
-0.00744706880124577 -0.00309564194401984 0.616245403930266 0.409149547221778
-0.00100259081554453 0.0239318826666739 0.0821661386475433 0.519033647852512
-0.0107721814911162 0.0125990450670527 0.0533789601420494 0.00532950727307472
-0.0130897344302089 0.00444783201226665 -0.197191775995676 -0.450780094441169
-0.00350773318251067 -0.00361716299637774 -0.791076448629948 0.0327028197739024
0.00978507507902163 -0.00482502963780267 -0.292191941611554 0.806481844690799
0.0187096623840391 -0.00618365172242843 0.535574762893089 0.42278243718556
0.0187295165684606 0.00307786261746727 0.467531388893919 -0.18562102511375
0.0100575320626082 -0.000895847106975735 0.120278670595786 -0.341518922493905
-0.00367580522647045 0.000892840664659406 -0.160744597529784 -0.250668958003301
0.0125727552877385 0.00448254567717843 0.0785287740508045 0.186106888773624
0.0221081296665304 0.0157398809069393 -0.179557371619115 0.133443232843895
0.0260220393210645 0.0228774945561219 -0.399310872964873 -0.122515858982995
0.00677781609481699 0.00141067174871343 -0.102828558268367 -0.585585606620602
-0.00938902937310816 -0.00625513866361319 0.620955728896037 -0.410225918185757
0.00395301756438446 -0.00340499671862251 0.636177793286012 0.360884582894525
0.00820239078487748 0.0343142191655159 0.103349290269727 0.510166483476097
-0.00723559061474567 0.0263419645359018 0.0542515794378697 0.0106091753951449
-0.00121161263717929 0.00749508694273769 -0.177506638177471 -0.457438451577655
0.00414440940842154 -0.0116636418759225 -0.798391039791184 -0.0174865814232174
0.0109712594851141 -0.00517596536846158 -0.348296523042249 0.7923745014925
0.0285626217617331 -0.000891240198107227 0.511414508457324 0.459716150093418
0.033814065003153 0.00270646677125012 0.480898202168351 -0.153906022203734
0.0205122491733292 -0.0035298993611498 0.13446701280753 -0.331651417263744
-0.00087110473944987 0.00368967619441046 -0.154580950422232 -0.247451485277625
0.00630920255703323 0.00236260946600513 0.101350633492886 0.20999140562404
-0.0199305045469117 0.00372328893859343 -0.132200359244589 0.21510417642093
-0.0464943216976968 -0.00475844927147967 -0.430664361667312 0.0817963635142638
-0.03715094397188 -0.0149485819801647 -0.374119217784372 -0.403170008804167
-0.0110289129083366 0.00946912385458334 0.323130419666311 -0.635177473252143
-0.0268108673283602 0.022363197567545 0.724283570617849 -0.0282235066413152
-0.0223023072667739 0.0130759162873354 0.283757604293865 0.432723591399276
-0.0203681830165057 -0.0188920550822674 0.0803671486127771 0.0631149140224826
-0.0375196114292602 -0.0177962885633732 0.0179212769257914 -0.4841812451703
-0.0259558305360033 0.0146522145230835 -0.688736959821486 -0.425719374200427
0.00426255294913548 0.00978325970803011 -0.726243323093293 0.54365664761541
-0.0234911702185235 -0.0184382641130616 0.228091326279624 0.714909534665366
-0.050057156010701 -0.0166807132475008 0.506642677584778 0.0929746119550737
-0.0296482168778333 -0.000793660615787309 0.215296560072681 -0.250900713977657
-0.0121076992345425 -0.0116986801157522 -0.126396114282455 -0.235507766941973
0.00412120473772869 0.00063894236195254 0.0946100292098622 0.20325127292127
-0.0240349358957026 0.00457612254041022 -0.146565134329704 0.189324441185372
-0.0485647709849038 -0.00845329329429191 -0.434904698534155 0.021290166260335
-0.0349403890739615 -0.0234213442977811 -0.313219338856988 -0.460780687621871
-0.0136806776207772 0.0091350199256213 0.414871191911852 -0.590012848096118
-0.0343204949764663 0.0206658232825272 0.726252837453871 0.0771148734002522
-0.0277759253041404 0.00626658256957399 0.238739367271722 0.463427666760369
-0.0208538057828529 -0.0250114873405662 0.0764825205770625 0.0505979164026589
-0.0439538832124704 -0.0175261803387562 -0.0320820690700821 -0.481672034616737
-0.0291845069729777 0.0179515816506906 -0.737572181011763 -0.314015536661728
0.00230565695368701 0.00783198388669044 -0.630655875651713 0.639954556056401
-0.0277862437110997 -0.0206598313889066 0.323185124333243 0.660276404633728
-0.0522147857330256 -0.0130677272766912 0.50942272307053 0.018559147004814
-0.0311565239139272 0.00224690305660003 0.194126307244913 -0.280410430956662
-0.0134374508070825 -0.0128113478219282 -0.13346845314743 -0.241360339222887
0.00386938545976244 -0.00143052686653036 0.0894410060039785 0.193864210807896
-0.0244535536545688 0.00459898306483257 -0.157938186840321 0.163856941558413
-0.0436340361991448 -0.0107245820070312 -0.433945102095055 -0.0395435631656699
-0.0292431576070277 -0.0289244326260128 -0.239113021635662 -0.516175416338333
-0.0155138959304414 0.00698724011594699 0.508299116943181 -0.527928862427326
-0.0386246779592429 0.014756461180834 0.711064604993824 0.192476068798425
-0.0286302369635158 0.00203773684686187 0.190043723931105 0.48779886001999
-0.0218166079507582 -0.0269868220628902 0.0705336882794208 0.0359353441642686
-0.046903360718096 -0.0143058203180279 -0.0877850487687997 -0.476788602277575
-0.0274347960850351 0.0193308602363241 -0.770471596951531 -0.193300484890085
0.00170649326085819 0.00514244362180551 -0.516426648019053 0.719077589419433
-0.0266130949229753 -0.0175385869538996 0.409510167337715 0.585894411508778
-0.0469911481581559 -0.00706614160283292 0.501813668318839 -0.0580266411014627
-0.0284786798101508 0.00451316601570264 0.170224353063786 -0.307415348678156
-0.0126698005999329 -0.011504404870885 -0.142409333008505 -0.246580101238987
0.00346200825375905 -0.00141684368722752 0.0875852307517457 0.186543135360993
-0.0214613274251901 0.00540637489664065 -0.166685799999459 0.140928830716216
-0.0330023837243171 -0.0103454767502587 -0.421736878794091 -0.0959867378103687
-0.019314540326541 -0.0297583089813011 -0.162567053373188 -0.558063675445428
-0.0174906374972179 0.00317070080245107 0.587301840212841 -0.45716717945523
-0.0373425802615042 0.00895902594645658 0.6794705252646 0.298219860515268
-0.024307368162623 -0.000429361362399065 0.138795158693867 0.507143358023359
-0.019940293492321 -0.0227373667536624 0.0646290195776764 0.022609569994152
-0.0439158881480277 -0.00887396165781135 -0.138057888781823 -0.465670569631145
-0.0229926047565885 0.0177668855869812 -0.785740124081401 -0.0819534531215109
0.00155946801430102 0.00281412682065095 -0.407875714064693 0.773290339868954
-0.0197179307217996 -0.0146949465429906 0.477146925012678 0.51047588077803
-0.0343516835627402 -0.00202876070252576 0.487561621223144 -0.12424249438376
-0.0204622711837685 0.00501134443414812 0.145082924149949 -0.327484598541691
-0.0101463113889063 -0.00866389088799487 -0.152427853494996 -0.250012852883697
0.00432353362724135 -0.00269108114695353 0.0849322827148654 0.181145379739338
-0.0117600972742291 0.00747340852915802 -0.173055277660662 0.122725368615199
-0.0178593029658553 -0.00415110010971612 -0.407421449887454 -0.134863828800312
-0.0116733951230378 -0.0255340609646956 -0.0987963250963824 -0.582337611397007
-0.016552717939482 0.000747331739089904 0.636568106785955 -0.393837433879854
-0.0308762256921828 0.00201092632051385 0.641884442409594 0.378506547433665
-0.0178319364184561 0.00487513561577967 0.0993354411088979 0.518528027517446
-0.0171299936522534 -0.0133137740942976 0.0594033709332888 0.0113560989562019
-0.0364539631650102 -0.00300108943790722 -0.174890371196905 -0.455681823904306
-0.0171264990491809 0.0125736391318466 -0.790258431466931 0.000507491761407016
0.00389536609378124 -0.000214991813304714 -0.325541820833551 0.801246781605023
-0.00748371050846388 -0.0120205892671976 0.522565791916585 0.449551426853026
-0.0173855778096822 0.00208000998155652 0.472010228568637 -0.171658162405249
-0.0117732511151605 0.00414350736542659 0.125208050350094 -0.339851489995678
-0.00824576127192714 -0.00590358306960151 -0.160169965059279 -0.251488708843857
0.00691316977165933 0.000336425706649395 0.0826381152776791 0.179089319252116
-5.52192027783267E-05 0.0106975471150081 -0.177024074760424 0.117599194698476
-0.00185097641446682 0.00490021672139638 -0.397432236376177 -0.15150240359176
-0.00379605232840289 -0.0188766705608872 -0.0655760076982015 -0.595007977228401
-0.0146935325020084 -0.00404064792410564 0.65721063786693 -0.358673799216484
-0.0204506170647616 -0.00128000717328539 0.619794147117107 0.416798331325494
-0.00947788383731562 0.0137621317368239 0.0837391060499934 0.524114685233286
-0.0141595579685478 -0.00136213824883878 0.0552109522253854 0.00660408385049418
-0.0261456273722661 0.000898115514740951 -0.196674557929687 -0.4505821505881
-0.010425834208047 0.00440504756351252 -0.791086906516026 0.0397491970920949
0.00657152529500768 -0.00286936513676571 -0.284122797150076 0.813822680993123
0.00552073240570647 -0.00907802088226668 0.540383153344943 0.417133076718163
0.0011473061240205 0.00286570909809304 0.464324998305142 -0.193422190306371
-0.000839954557391819 0.00235709235697531 0.116820052767506 -0.34572574649158
-0.00603971740934483 -0.0014946758068279 -0.164937035515597 -0.251616828379484
0.00869831134236287 0.00202449803357867 0.081365110376543 0.18082850435453
0.012073718836987 0.0134307648965655 -0.178758344644754 0.121550837748246
0.0136794857395355 0.0151178559090587 -0.394331549781916 -0.14831608634711
0.00148620287805426 -0.00685854909148141 -0.0677399963775369 -0.596806648501829
-0.0115714969625165 -0.00597847340015232 0.651769810766854 -0.369061518887229
-0.00796209079130954 -0.00336723433738029 0.617797106606944 0.407806017895138
2.68843706309409E-05 0.0251423830268665 0.0824660826885199 0.518515619522976
-0.00924141400542464 0.0126547236223649 0.0550829974064538 0.00525866357049916
-0.013329754059094 0.00477692730040629 -0.198722443642356 -0.450876180091338
-0.00430401927838101 -0.00412357162459805 -0.794148092135182 0.0351523860376355
0.00876115389765383 -0.00537152826658453 -0.289213128667783 0.809690945359492
0.01863679254752 -0.00642596150918864 0.539000254124554 0.420286580317393
0.0206038382582314 0.0020781774819557 0.466553350537364 -0.186530529902817
0.0102838888352455 -0.00111666210692657 0.11939380978761 -0.343435132984513
-0.00321820178638326 0.000967568845664252 -0.163618854048369 -0.250719619318953
0.0120121676546905 0.00418437981276417 0.0810569806687783 0.186165710364728
0.0232658877445171 0.0157811724431648 -0.179624817267279 0.136226390287912
0.0264888648825906 0.0223563945357769 -0.400751280791745 -0.120268570445653
0.00638920116317491 0.00208287511469208 -0.106787844065368 -0.587012719156737
-0.00858278974023422 -0.00675108870473739 0.619119614103905 -0.41330490696676
0.00357498355727347 -0.00373203837229753 0.6405931922699 0.358862087821302
0.00878479284177213 0.0339099370684924 0.105676628622209 0.511762649441664
-0.00591991917097915 0.027104195177329 0.0557096251383066 0.0101425672579766
-0.00180387409234312 0.00940045875133277 -0.180035873071719 -0.459432610286296
0.00457768777517796 -0.0113984895103723 -0.799708050238339 -0.0135739373622785
0.0112938965517387 -0.0065759449378472 -0.345502962797456 0.795746711030468
0.0291669458689845 -0.000521841651299142 0.515090515363728 0.461258186242237
0.0343287363942585 0.00178659873242598 0.478665393713266 -0.156758026805578
0.0200596105730385 -0.00394561133775715 0.131948531295436 -0.333652110067994
-0.00128202361244721 0.0048974651676161 -0.157871209742414 -0.247480826231132
0.00655910236322052 0.00155936496821187 0.102837667866423 0.210240507312549
-0.0191844567233951 0.00510984490097373 -0.132270663193964 0.215441047404283
-0.046530262275597 -0.00423454111083503 -0.430392035207332 0.0846833167865157
-0.0381921845185044 -0.0150474092804754 -0.376098829487372 -0.40078047842587
-0.0118078052155611 0.0097754521973855 0.321603504823279 -0.639093368741965
-0.0267290946221393 0.0220345408268239 0.726914524680932 -0.0308818659575683
-0.0223419442607868 0.0132718901543228 0.284759339665532 0.433255016344716
-0.0195188386885826 -0.0180425319641033 0.0807239071773457 0.0633966337563216
-0.0371300023163442 -0.0183723782455273 0.015395352862554 -0.48532958037979
-0.0265939175439293 0.0139576174012935 -0.692698746706579 -0.426179374406024
0.00339575668033405 0.00988055858076594 -0.726120498201533 0.549501299448064
-0.0237596348387876 -0.0189410461188107 0.233196524532663 0.715487511577623
-0.0498742297923796 -0.0164422433709968 0.508697425611684 0.0917020199907324
-0.0290541311903339 4.60826031117856E-05 0.214825039164492 -0.25355007363297
-0.0136077736786654 -0.0119641332117235 -0.129974012862457 -0.235631779153574
0.00416376392674439 0.000527454164851848 0.0973338322532778 0.203224932518729
-0.0250724509469999 0.00502470840835497 -0.146654490515717 0.191368924265072
-0.0497410753556252 -0.0084265040512973 -0.437575753206791 0.0251909088974466
-0.0360657859291197 -0.0225951434898349 -0.315717024385933 -0.462448854517234
-0.0135405462475651 0.010106054281954 0.414204388598478 -0.596371369989178
-0.03493609941056 0.021678988207223 0.729901998125186 0.0737695645478249
-0.0270319136401561 0.00658472247792675 0.240667293284193 0.463670127509799
-0.0206326696369672 -0.025594192932783 0.0779359636350545 0.0511287907254997
-0.0439094483578385 -0.0173515683648593 -0.0363488762027626 -0.484601290306027
-0.0284148638369187 0.0174827279001561 -0.73925457348942 -0.312353998458071
0.00250287241059172 0.00844415609850011 -0.629215183366989 0.64486609557478
-0.0286629891658877 -0.0196455866965331 0.326655467940163 0.660170086775257
-0.0523532387901064 -0.0136310432356165 0.511149855940246 0.0148618970876325
-0.0326550218600225 0.00229651331823264 0.19481397690103 -0.281274127776084
-0.0136014112428911 -0.013042448680571 -0.136254586493696 -0.240638045766464
0.00283311783817405 -0.000774986174731845 0.0926278724222942 0.193731933069879
-0.0258748853706685 0.00440081837737202 -0.157752129595012 0.165317530080872
-0.0445334594048332 -0.0107993950157336 -0.434755876816523 -0.037306157033271
-0.0288796642611753 -0.0288834112771635 -0.242190771208856 -0.516955291340732
-0.0159556669136696 0.00768386853839762 0.507896842303892 -0.533848435972907
-0.0391559433765806 0.0160228309651999 0.712517609680139 0.189838080191124
-0.0288033238479917 0.00216374273884731 0.192078787204846 0.49120056169869
-0.0216566508432854 -0.0263416916057714 0.07024436940967 0.0361117775906512
-0.0464267382619115 -0.0134643636616891 -0.0900372349459599 -0.477474641305722
-0.0279203142266941 0.0199608260730662 -0.773875299617699 -0.19273296773694
0.00146028005952373 0.0045002607648897 -0.517544439014368 0.725919644686363
-0.0274654774467723 -0.0177442625179918 0.41562102456762 0.587075981342061
-0.0465645285038637 -0.00697166458767818 0.503763456596784 -0.0592102646675846
-0.0294237332816871 0.00417169016857335 0.168610664179776 -0.308269070438486
-0.0130279003149354 -0.0111431330612482 -0.146057869678637 -0.24660553889489
0.0036787267548078 -0.00156789421931756 0.0895996670252942 0.186482471020497
-0.0209309742172238 0.00489968970245331 -0.16720883638515 0.142749670759073
-0.0335646866357618 -0.00955099167193114 -0.423316439474691 -0.092997605788599
-0.0205359854914214 -0.0300561442903256 -0.164066934530849 -0.558951137586206
-0.0171879789082985 0.00423512699564002 0.584844136504594 -0.461309521874335
-0.038503228160625 0.00842113504692098 0.680644284617768 0.29531086960175
-0.0243770065395313 0.00174127685724997 0.142554847904247 0.508798138229519
-0.019241137259406 -0.0226323878223374 0.0651415676212549 0.0224185094795843
-0.0444301067723517 -0.00958129821580263 -0.138064620866946 -0.467460308679452
-0.0235294208015486 0.017575245934882 -0.790222654502983 -0.080767267026262
0.00236169777217349 0.0020886990391208 -0.405467964261696 0.777623727160767
-0.0197959067274961 -0.0145142896366943 0.48310838972716 0.510205118441337
-0.0348189446263265 -0.000168129024322301 0.48700681299792 -0.127213309633772
-0.0211754061067805 0.00579349611127401 0.142968898759696 -0.329757704388866
-0.0108028280225779 -0.00935680923255516 -0.155310096696535 -0.250155789271827
0.00387583206447805 -0.000731079045769697 0.0871128105755612 0.181909724838271
-0.0111453542228001 0.00683807077613192 -0.172818316948975 0.124534181185909
-0.0183170448265752 -0.00473119483607334 -0.409168924760696 -0.132649061143562
-0.0117260157129392 -0.0255296887373658 -0.102531736103006 -0.584417414263067
-0.0168691498118304 0.000677311326601995 0.635842820041105 -0.3974713015135
-0.0308775350825775 0.00302308048927918 0.647241469725721 0.37833702647416
-0.0165804971700898 0.00497100223564145 0.10309653135705 0.522203319686979
-0.0180327796984837 -0.0138848957258214 0.0599631105147476 0.0120212315136768
-0.0385971265974297 -0.00407654482902881 -0.178605377255346 -0.457955823494522
-0.0174470657011325 0.014047389611051 -0.792842952255336 0.0017837490717394
0.00384412519644463 -0.000244185361869816 -0.319615015118616 0.807528406063844
-0.00796387952503769 -0.0107971488374711 0.525102275226566 0.447862082062034
-0.0175433621328425 0.00208106356826014 0.472594778254164 -0.174033461313178
-0.0117538862778283 0.00516937801531718 0.124673460427117 -0.343288029660246
-0.00919851714801597 -0.0055769824822294 -0.162926475489237 -0.250741368138421
0.00666098647503243 -0.00047903706324045 0.0849835061874328 0.179998136329716
-2.39424493517762E-05 0.0109332944851888 -0.176760318953711 0.119030521719216
-0.0015971075286074 0.00481320186452043 -0.397695410171239 -0.15145639138487
-0.00424267889201816 -0.0182543525507713 -0.0675221302017564 -0.596009959854888
-0.014676334878747 -0.0031164234409928 0.657070021928504 -0.36396261550117
-0.0201085730240826 -0.000895769537901649 0.622563420539879 0.415695264983353
-0.00936472430662483 0.0135506407858652 0.0824714287486654 0.524751174335681
-0.0132222236926496 -0.000922811148293911 0.0576347896610056 0.00616045520595383
-0.0270184240347279 0.00103695731062349 -0.198814322446738 -0.450687706659329
-0.0115469420786394 0.00503535576115813 -0.79474403130104 0.0435318965989364
0.00670324576952408 -0.00400143396732557 -0.280299056646249 0.818141207149435
0.00524200935493186 -0.00896310195131029 0.5431781987486 0.416274316438787
0.00187355772583142 0.00175777151854603 0.465254911806227 -0.194537326543074
-0.000682984812786721 0.0024802526691134 0.114199932149616 -0.347628097078249
-0.00709641917662894 -0.00175094077912603 -0.166688627305586 -0.251267934902732
0.00913100972025089 0.00112188265546179 0.0843318075488313 0.181013210790653
0.0125670174818588 0.0134453356112958 -0.180286770655226 0.122467152593272
0.0134950885175019 0.0148563414938847 -0.395360611215416 -0.14626184408734
0.00190840829641635 -0.00734771813741411 -0.0704281613866287 -0.597879771536224
-0.0111790111043121 -0.00536030529608542 0.651409157249889 -0.371162562647149
-0.00737196198940933 -0.00297058952480869 0.622736935472226 0.408161576791323
-9.05958395920983E-05 0.0247171152039095 0.0871209871054325 0.522112086528672
-0.00964328126533149 0.0137626854809447 0.0541094024676955 0.00413858332938175
-0.0137329344242425 0.00419710624468632 -0.200548315464448 -0.452064715052632
-0.0025182010554886 -0.00326610220789585 -0.7955657959534 0.0387214151096123
0.00939162014302068 -0.00484954247372256 -0.286710042573632 0.813376890110249
0.0176613572610017 -0.00616885130033873 0.542939445329192 0.419471391312826
0.0201303158748362 0.00184758699485885 0.468226137394286 -0.189842718693344
0.0104693555826404 -0.000977908857634275 0.116775537024065 -0.345190126017807
-0.00454040779890789 0.00176099990984131 -0.167130140323491 -0.249416545819098
0.0119077166919826 0.00377821286165601 0.0844646990554066 0.186381511951276
0.0237600364474149 0.0150825884826385 -0.179930080388626 0.137657407656664
0.0264076397442812 0.0226566549055634 -0.401533213414433 -0.118132059438166
0.00624666734204371 0.00197754796564594 -0.111155834913343 -0.587134491699863
-0.00866996686631896 -0.00644966226610649 0.618020470115827 -0.416719947810178
0.0042559729198329 -0.00497451079145349 0.641591436786557 0.358926366642811
0.00935938477783986 0.0339269343336091 0.106868191870447 0.514077232836588
-0.00699638278123925 0.0262786275096186 0.0554808463277368 0.00969470188198811
-0.00131134171337056 0.00785480968216775 -0.181278024265127 -0.462251826282641
0.00378752248237106 -0.0112191762846135 -0.802687481733793 -0.0126455207095184
0.0103711395777468 -0.00695115641495714 -0.341686271115684 0.800934311277112
0.0282329693252526 -0.00170153932092395 0.518197485689302 0.460664265395598
0.0349386308315007 0.00281393565470065 0.480837311616177 -0.158545097254761
0.0207721103743825 -0.00426790168645943 0.131582458318222 -0.33484086467619
-0.00130834979682914 0.00421388154045897 -0.1599797272134 -0.24661762042468
0.00617767900482138 0.000430873783480473 0.105755610571628 0.211379087078678
-0.0194591389463081 0.00432807483419675 -0.132986471577527 0.217486222400987
-0.0462260949953416 -0.00405991424429363 -0.431623490276833 0.0878909367609933
-0.0368399792201971 -0.0137995417746656 -0.379480928911761 -0.402261653814559
-0.0112178434551028 0.0104673197093046 0.32030814693857 -0.644255114346501
-0.026160301736582 0.0239994044613454 0.729287729156311 -0.0345617909059971
-0.0212728326585412 0.0128231977706849 0.28760120152313 0.433598748560213
-0.0189197876144163 -0.0184590751100099 0.0820983043821832 0.0621501223522839
-0.0383801478565498 -0.0168854416574739 0.0145071169267265 -0.487584629115427
-0.0255809909440192 0.0147744918243512 -0.695623930027638 -0.42583451178119
0.00328198428487179 0.0100410261810216 -0.725500271921227 0.555672235450767
-0.0240842383574855 -0.0179724149617584 0.237151531105655 0.718613871986417
-0.0504351563942001 -0.0158996436920549 0.51122311614962 0.088363855053422
-0.0303114363203425 6.30970168789963E-05 0.214238436953167 -0.255758475953258
-0.0145766131786155 -0.0120292298899898 -0.132881455440404 -0.23522997991201
0.00445932887607864 -0.000735700530028928 0.0989390795302003 0.202644161549125
-0.0247069866455877 0.00496349865510449 -0.146694434766593 0.19232155526032
-0.0488581524418225 -0.00826735623042986 -0.437618561311004 0.0281807464337099
-0.0362918581696455 -0.0226689614304908 -0.318917308578229 -0.462247378986535
-0.0134806626641711 0.0103132836116317 0.414183187859212 -0.601206011811611
-0.03518525588458 0.022032888071986 0.730686314640398 0.0709132916171543
-0.026663859195267 0.00630931849339554 0.243373195569294 0.464128907218995
-0.021061280078679 -0.0251521301654493 0.0757935061228613 0.0500485556766545
-0.0443928578175433 -0.0174752508098371 -0.0364168452858233 -0.486288152075499
-0.0284435206690533 0.01839749924476 -0.744334809003299 -0.311025041764294
0.00214363171048904 0.00773442647993056 -0.628639601926182 0.649224781063953
-0.0287835372514588 -0.0201087863161996 0.330772246025694 0.662683468533213
-0.0526050978092006 -0.0116048257104782 0.513350197352327 0.0140735925361623
-0.0324493840050157 0.00307098533724681 0.192772238736039 -0.284135044594228
-0.0143965392205635 -0.0124333463375445 -0.139374073145799 -0.241550946832905
0.00316046072602077 -0.00166898424916194 0.0950515630086282 0.194569092790422
-0.0250150466899763 0.00479003125842629 -0.159586835182599 0.168681376890775
-0.0438880550317889 -0.0108775093187221 -0.436062989070659 -0.0340146716853181
-0.02946912518024 -0.028227688718498 -0.244215402210229 -0.51819892315637
-0.0161147550256299 0.00784041174769341 0.507194992793542 -0.537706147756293
-0.0386144929777701 0.0164566097005905 0.716458561001502 0.18871907352625
-0.0269932089856759 0.00284910383628258 0.193228186878272 0.492331174635589
-0.0203223001615832 -0.0261606035133425 0.0705435011334316 0.0356715742717368
-0.0466021516587189 -0.0129309840190802 -0.0920895569564873 -0.480436909449506
-0.0278712765602327 0.0200488846664052 -0.777973444635793 -0.189536532500908
0.000836359870209503 0.00512524293627703 -0.513379761353057 0.729261792938186
-0.0260874395208211 -0.0173478622130758 0.419136951709506 0.586859748389669
-0.0471746824835319 -0.0063963679484152 0.505537533464807 -0.0625693404062918
-0.028992614611591 0.00615616497308166 0.167361998512205 -0.310415879554182
-0.0139810768724588 -0.0100917001415165 -0.148997283929053 -0.246174451932067
0.00334550322279072 -0.00250230596088813 0.091306765695392 0.186217348382185
-0.0207815288920887 0.00538632779697761 -0.167945560015517 0.143998577621861
-0.0334793399534432 -0.0102963650577955 -0.426416634557658 -0.0902926896581054
-0.0200697110584905 -0.0294201420610586 -0.167958752852523 -0.560728937614227
-0.0163776816224632 0.00455365836821631 0.585005126307679 -0.464088108129121
-0.0377271215082131 0.00878667295776316 0.684834999622229 0.294333149543447
-0.0238025106356319 0.00150922320926918 0.142608997571487 0.511683527890311
-0.0190295854644834 -0.0218759137724065 0.0661124042768892 0.0224996484525444
-0.0444820662656768 -0.00791756267893061 -0.141603607418261 -0.469405151437492
-0.0243121469001497 0.0191045188729358 -0.792990918263422 -0.0801716085559062
0.00171701823131458 0.00193456732240195 -0.402525283241512 0.783971005070857
-0.0192846090092821 -0.0139771626197371 0.486349132973176 0.509932750672704
-0.0345893358339721 -0.0010870655084953 0.49024194855245 -0.129346395348813
-0.0217732973100286 0.00531776613419122 0.141883126163931 -0.331624523002102
-0.0117485203136784 -0.00887799508120444 -0.158038836078046 -0.251097798346024
0.00303932896707533 -0.00290217972066528 0.0906070735605427 0.182086520845506
-0.0117485588168478 0.00767576725388633 -0.172960874091741 0.126632088453205
-0.0183081993060514 -0.0041580521081239 -0.409992093881197 -0.130232052333833
-0.0121257061334105 -0.0256120404118923 -0.104927382081005 -0.586069500756927
-0.0158332547011253 0.00101538919818754 0.634846302925041 -0.402636408777151
-0.0312960554088029 0.00259571867077217 0.650483094716077 0.375845279593224
-0.0161390361650563 0.00456067767879439 0.104439938128843 0.523270587975998
-0.0161248187735782 -0.013767232157385 0.0607435337200652 0.0116034669319432
-0.0367930556050463 -0.00294572039710657 -0.179068183011741 -0.460008372214621
-0.0186825170760483 0.0125551806579408 -0.795215537932409 0.00427592010377494
0.00393940946860892 0.000301499244562815 -0.318879958750448 0.812136328576984
-0.00863383448709471 -0.0113937630596036 0.530098005152034 0.44676353468119
-0.016186789125998 0.0019015270292681 0.473442463599568 -0.177872992155619
-0.0124302874145762 0.00571071646028277 0.122100017607927 -0.34481466489667
-0.00878934851652731 -0.00503182076839928 -0.165772568089493 -0.251806515359509
0.00678791998268539 -0.000634265352188962 0.0877070093639102 0.178830911617647
0.000651313138211547 0.010818852308254 -0.177101171481024 0.122016628061096
-0.0010331514589634 0.00358803122529834 -0.400210754631988 -0.148160759379859
-0.00559082375348139 -0.0177055985097662 -0.0709966543242055 -0.599088136996014
-0.0144071560222497 -0.00268704325514592 0.659342672903088 -0.367496378089294
-0.0198250158807002 -0.000787008527941972 0.625755750782145 0.412787192086212
-0.00842504567759416 0.013249295046127 0.0860067753067368 0.526338358238877
-0.0133879613351904 -0.00115512646563941 0.057232482431595 0.00458283596061268
-0.0264666220067396 0.00235085419725603 -0.201731547869511 -0.453402748069817
-0.010412794807036 0.00609872801542526 -0.796886401387488 0.0462641004675897
0.00555967573107395 -0.00390951287016387 -0.278098362317959 0.821759312788553
0.0055500307360571 -0.00858323311137182 0.547621704349653 0.417565453745522
0.00270735398935786 0.00306545843999039 0.466030573499239 -0.198417386746193
8.92301419896518E-05 0.00251893433593855 0.112023670639259 -0.349689599955514
-0.00645587974177601 -0.000756550920250201 -0.170386884540774 -0.251950745746676
0.00954719174834193 0.00162679176937562 0.0855465811142153 0.179964919793688
0.0132989168296467 0.0137641786841561 -0.178632957106661 0.125087858895223
0.0145205105558436 0.014114314538724 -0.39799086347765 -0.143217738846124
0.00139384039765036 -0.0082038216957781 -0.0746930265402995 -0.601166781261599
-0.0121298833075451 -0.00446324423598553 0.652572687114638 -0.374108253360173
-0.0063235254576032 -0.00290389938943833 0.624592249550346 0.407141225004856
0.00029577209596988 0.0239493890582061 0.0875269865574893 0.524763091618932
-0.00962387761838512 0.0124038042085563 0.0555021138194945 0.0042855613237188
-0.0132921337011661 0.00486452396615438 -0.202575178216674 -0.454419178590072
-0.00400677558384362 -0.00409526189262058 -0.80039452109507 0.0408183081260691
0.00882340096109264 -0.00536230994561895 -0.283757471805761 0.819617178717213
0.0188333721320346 -0.00607898203796059 0.547324932873205 0.418616925883712
0.0194355935210357 0.0021254669031168 0.467056864370914 -0.193644830700716
0.0112785561390601 -0.000850682647839408 0.113761059433218 -0.347417209965485
-0.00493010811943234 0.00197154154395181 -0.17010395937725 -0.249669678273714
0.0114070395552922 0.00431806312371333 0.0865043399570964 0.185760012251945
0.0241995300676124 0.0154642903505078 -0.179338453794831 0.139568723693658
0.0283514805600214 0.0217908565705585 -0.404291749409237 -0.115956049207404
0.00631185142314236 0.00162241743420199 -0.113383785133656 -0.590022225671282
-0.00897412400898587 -0.00663257285866297 0.619703474327984 -0.41882954705074
0.00355937345077995 -0.00445215488096367 0.645583094067987 0.357936979995455
0.00904008308162811 0.0332907308042704 0.109450776134461 0.517113481474559
-0.00591256800621414 0.0266392279652266 0.0567472572879761 0.00930973905056884
-0.00168301984152589 0.0083292904411586 -0.184653682170056 -0.462611227216673
0.00347607027863232 -0.0116576756973353 -0.804227712906614 -0.00808721462089921
0.0102557739897395 -0.00721274450922104 -0.340110485604503 0.805369240733482
0.0288522882626437 -0.00175641508383661 0.524312022873025 0.45856885890604
0.0360036468058742 0.00274419336413652 0.481752946368141 -0.163076959913578
0.0206744208350513 -0.00303141132480658 0.12973087479996 -0.337241502998342
-0.00100022508055314 0.00569733643657166 -0.164040842496438 -0.246790080942695
0.00600122133699601 0.000716448738147864 0.108939537010317 0.20997957952725
-0.0206934211766068 0.00470601053018732 -0.131602907132807 0.220903310536656
-0.0471831918921349 -0.00374186920913201 -0.432850923686626 0.0920502672934372
-0.0384079858280226 -0.0129827189097466 -0.383413555886237 -0.400030443601209
-0.0110483386570532 0.0102835687846727 0.317622774212566 -0.648947250802783
-0.0263902618613375 0.0229453757286381 0.73073814847693 -0.0395847723600102
-0.0212328542576568 0.0130000862922934 0.291969666047323 0.436084016764065
-0.0196271252620204 -0.0179064572220177 0.0822080307078969 0.0614044782569557
-0.0385463947168753 -0.0171608916280569 0.0154838607435778 -0.491221714816873
-0.026568447432477 0.0147413238503448 -0.700348558780374 -0.426331922037368
0.00373173618343537 0.0099831234409048 -0.725969025010432 0.56052919588545
-0.0244475987201041 -0.0179643677090968 0.243421865223341 0.719484708281532
-0.0511231756799745 -0.0143418779988211 0.514878223270427 0.0860240163582846
-0.0308580837251679 0.000282464027766096 0.213469688482388 -0.25960660920943
-0.0147173171051598 -0.0106891721944153 -0.135760961758487 -0.236257577346254
0.00379210292568002 -0.00054188474562915 0.102230786061225 0.202937395474786
-0.0251122236978905 0.00487196346074615 -0.145423680545517 0.195724651935297
-0.0498061576856013 -0.00768356140373995 -0.43907226603025 0.0320189739216323
-0.0363934125517893 -0.0219903765570236 -0.323572784001631 -0.462708699339522
-0.0139690454292578 0.0103350536974417 0.412149355561705 -0.606791472522522
-0.0346086037019618 0.0227571824237414 0.734327273614597 0.0666474239658829
-0.0268685795176817 0.00673720475705497 0.245393250572868 0.465361941918391
-0.0206777665459442 -0.0250249916368646 0.0772078120795621 0.050092662196071
-0.04415981979425 -0.0167990934274428 -0.0391670310869672 -0.489735980561281
-0.0299062119808801 0.01872045987722 -0.749969946564947 -0.31051572385108
0.00309544681980721 0.00887170489388227 -0.626268780259602 0.657588894675393
-0.0292530036249933 -0.0206196772923704 0.336463738544235 0.662771467906644
-0.0535822088735154 -0.0114203588999141 0.516465897693145 0.0100528239847356
-0.0326418627179001 0.00357645208340506 0.192479780771891 -0.287239036133041
-0.0149315892286213 -0.0113158027287949 -0.142226903648983 -0.241602705117294
0.00319921441323841 -0.00206827238475326 0.0977423755914328 0.192384718105474
-0.0251673234332576 0.00517461918397628 -0.158025064627185 0.168590302665539
-0.0445254702849723 -0.0102144559223756 -0.438528522681775 -0.0289810263779197
-0.0296217218706388 -0.0278932320551563 -0.24913897924686 -0.518345396746983
-0.0153274905654737 0.00866690132999879 0.505571394920382 -0.542121810639259
-0.0391128257521545 0.0164831295452908 0.719250095075852 0.184778539236982
-0.0270260792909902 0.00246404118565641 0.195954135121511 0.493219129535606
-0.0209680872856592 -0.0263925089879944 0.0716815804967816 0.0359972278234508
-0.0475830310197252 -0.0133715390520954 -0.0938016600492412 -0.484064335079178
-0.0275600080740193 0.0203251157060469 -0.782069612590662 -0.188199803544668
0.0012842872766075 0.00511706357706995 -0.512766526449512 0.736226186267558
-0.027195685392662 -0.0172843830067013 0.424249438612234 0.590095666617945
-0.0477678510283847 -0.00538450607925541 0.50662710386377 -0.0657661438676209
-0.0280640018449569 0.0047737763060872 0.166257072763396 -0.31268713087816
-0.0149984324792436 -0.0111029555471738 -0.151873847906488 -0.246222575215339
0.00306776475028973 -0.00369005629664149 0.0954443302364437 0.186652642897068
-0.0213164661620406 0.00582182502159122 -0.16818773410742 0.146893894700771
-0.0334209272603508 -0.010117696635092 -0.427491949259093 -0.0869996340813016
-0.0220339282978308 -0.0298605752950922 -0.172321576531462 -0.560460721369653
-0.0165489030955951 0.00530847236414055 0.5862498885837 -0.470156905840805
-0.0377938617459073 0.00982353895288568 0.689051514667352 0.290681139057879
-0.0237583969219974 0.00156524716749544 0.146777195348707 0.513689140205625
-0.0195493030634231 -0.0228236855766192 0.0665065903830934 0.0222322921271105
-0.0449618282395751 -0.00724555185003838 -0.144275620112122 -0.47174915068928
-0.0242654040797972 0.0191103248557775 -0.798386417047419 -0.0753390585343947
0.00173046763197486 0.00217291326441981 -0.401839391467011 0.790402180779523
-0.0203808599358512 -0.0139889638231517 0.493388463769661 0.509084899549782
-0.0341323677677406 -0.000300706023026736 0.492149607935468 -0.134032670541375
-0.0209699215227918 0.00660970345040281 0.139845565488304 -0.334771928375808
-0.0124470549769729 -0.00875247017312721 -0.161420390277722 -0.250861933828173
0.00381086205567623 -0.00284944793860278 0.0917687330703365 0.18052799747976
-0.0117207207618561 0.00781679653802359 -0.172718563381711 0.129799296879396
-0.0185240846565662 -0.00504610578280601 -0.414030853274651 -0.126591112968221
-0.0123272915193605 -0.0259718074377953 -0.10829505246328 -0.58949515995813
-0.0164249881408404 0.00199819097855279 0.63642413687748 -0.407099660182351
-0.0311914658802889 0.00309657949735269 0.654279541944985 0.373826146448866
-0.0157916572365336 0.00505410826814195 0.108475998334271 0.525937328517837
-0.0165180235431407 -0.0136576899843144 0.0611952040457788 0.0107164296694257
-0.0373382352316823 -0.00197907668868731 -0.181487251073936 -0.461661408826308
-0.0182709070961673 0.0138224869911644 -0.799017881724602 0.00873857975814426
0.00342580507380092 -0.000986684166370503 -0.315157015195646 0.818848004388904
-0.00837447396347288 -0.0106646929240023 0.53520137598695 0.447461476912953
-0.0174067457280921 0.0028528159701234 0.473967238061098 -0.181299613255479
-0.0113640594434509 0.00528900034187052 0.120049445628916 -0.34596757655407
-0.00907132707450324 -0.00501410126482435 -0.169657849014007 -0.25205952689712
0.00615569170768197 -0.00150992803005337 0.0902637850419766 0.179885039694159
0.00114251790639726 0.010671704662297 -0.176662761891353 0.122473179463519
-0.00166722814238802 0.00451045132031014 -0.401902074326178 -0.146324880494235
-0.00535678502465147 -0.0180447403075469 -0.0752714755756818 -0.601276986234965
-0.0151758582664478 -0.00174318017597071 0.658359024164694 -0.373599687677927
-0.0205292235028472 -0.000899183088362863 0.630469144185406 0.412657781370144
-0.00808617220804121 0.0136837218791529 0.0890707739965338 0.529156820995617
-0.0132261812669251 -0.00163410437518178 0.0570495390603232 0.00612188092376665
-0.0260442115319698 0.00182071305543621 -0.203576769297754 -0.454558822201907
-0.0107975218538252 0.00561217656069423 -0.799413134530028 0.049635549031915
0.00540522976171827 -0.00343498621950179 -0.274449399554777 0.828256050583134
0.00412463745062298 -0.00876331925140682 0.553262795127041 0.415208410994906
0.00239812121600929 0.00340267730067763 0.466842173568826 -0.203737759031867
-0.000956861897098258 0.00199433515829984 0.110412677076086 -0.353031702689874
-0.00674877616195398 -0.00027102959734545 -0.172752281592141 -0.250031282034922
0.00857321330751957 0.000213230183594111 0.0885837930121471 0.181562795060996
0.0137864433193396 0.0134571456128012 -0.178377843646185 0.127635090083874
0.0148456963530093 0.0147807771672099 -0.398500526117365 -0.140685393412154
0.00141722370530946 -0.0069348923606716 -0.0788432953814343 -0.601919995581802
-0.0124358300669945 -0.00562799671460137 0.652557267889863 -0.377561799287115
-0.00713989385195327 -0.0034988181315265 0.62939964340142 0.406953235295663
0.000714712102578511 0.0245897156147315 0.0909930686925131 0.52775076566539
-0.00871693190690988 0.0137778079469424 0.0557600698608388 0.00491084135479804
-0.0132772850580001 0.00572256366473591 -0.205369016986874 -0.455271445323424
-0.00431197606316367 -0.00279146377140935 -0.804193881941152 0.0456450653469601
0.00834941915771561 -0.00616220674910413 -0.279961322357056 0.824573922893538
0.0191896132947037 -0.00669607944657527 0.552579607477709 0.418131718848676
0.0202036219007379 0.00151105464977493 0.468738112581996 -0.199290439034421
0.0110497585752277 -0.000525952042680928 0.113016868302994 -0.350035071326796
-0.00423893045351856 0.00267147859902979 -0.172231022326293 -0.249712487921996
0.0116424169179434 0.0031416915774509 0.0886465598498354 0.185511610175059
0.0241855960924131 0.0145660092598502 -0.179046793622902 0.14133157265486
0.0277341219794205 0.0216996132925703 -0.405273473010124 -0.113919971778983
0.00665196202851488 0.00187040887664822 -0.11859956569983 -0.592230904645858
-0.00890587301840307 -0.00640556555996488 0.619034373777981 -0.424430372966097
0.00449764092113684 -0.00424043087473816 0.649040010940372 0.354884025939536
0.010634464264685 0.0338733377729444 0.111160769427631 0.518194745284863
-0.00537248433537826 0.027121040954281 0.0559389944673419 0.00911634806742694
-0.00221698297119846 0.00821355664385212 -0.186890200783131 -0.46458840886428
0.0034056509746004 -0.0114026963766501 -0.806662928420716 -0.00449229848363489
0.0103862894707018 -0.007478689036881 -0.335576519415239 0.812636125411827
0.0287869310173147 -0.00228459496278652 0.527407576007746 0.458472738629123
0.0354921690516341 0.00179759443132922 0.481186603177863 -0.16687923049934
0.0210601082251794 -0.00420540871285797 0.126792160955988 -0.340381325285885
-0.00025432145863571 0.0055019936292061 -0.16719468636619 -0.246596490719877
0.00653459772615032 0.000790708814884483 0.111948535736408 0.209726006687044
-0.020253589508355 0.00514816446555999 -0.130644633388571 0.223124038171801
-0.0472035445459119 -0.00286252236467117 -0.433604152014693 0.0976637726317168
-0.0385828209923826 -0.0132251679564903 -0.387220924433231 -0.400388781511227
-0.0103573806661393 0.0118695483737747 0.315462929266076 -0.655110622877984
-0.0271894905236507 0.0243591029193302 0.734742399540316 -0.0444567235651252
-0.0208842652384318 0.0133253055107618 0.295221943637508 0.43646373818645
-0.0192147832468888 -0.0183157320699533 0.0834361202410219 0.0614493334399732
-0.0382462961124154 -0.0174602313728539 0.010411530654768 -0.493936805393162
-0.0271006709206268 0.015642547087803 -0.707016535294313 -0.425486522826808
0.00401669307541439 0.00984069441399302 -0.727920717764332 0.570313497912817
-0.0255463547243263 -0.0179351219522127 0.248266949256786 0.721292686940366
-0.0518175515245863 -0.0134588595324779 0.519291676259311 0.0826656852316719
-0.0316872995410063 0.00139107858284315 0.211297077656777 -0.263163708735854
-0.0157804567399386 -0.0102115696954445 -0.140539322631613 -0.23428430097733
0.00410612991036605 -0.00184408494671835 0.105178733761118 0.201965056466215
-0.0242645558461228 0.00536293905614737 -0.145197654018455 0.197899589995119
-0.0496936341045755 -0.00643272532085363 -0.442722974342261 0.0374214456576089
-0.0365139530783177 -0.0223738525603462 -0.32770129041486 -0.462209571720256
-0.0131185444610211 0.0107878774028875 0.411161254524852 -0.612093223495861
-0.0343427284203824 0.0229895897079643 0.737523164434158 0.0629107212274212
-0.0264501320893008 0.00735791418425834 0.249782280585671 0.468448593427631
-0.0193544370311212 -0.0244391426648217 0.0774695616106872 0.0496793315795047
-0.0456152841980522 -0.0149921043881255 -0.040207609496287 -0.49098716603803
-0.028765474873319 0.0199406919041393 -0.753830674722082 -0.307272554476338
0.00268599764941017 0.00885454044281895 -0.626598090190069 0.66632457025799
-0.0298288314074445 -0.0200035836129265 0.345017738320634 0.663433638135593
-0.0534348215033541 -0.0104426151825052 0.518307440778911 0.00527275787062312
-0.0324876938802176 0.00343594544694848 0.189576638819469 -0.290518036990557
-0.0156818066781968 -0.0105348095189546 -0.147096845358425 -0.24121065804418
0.00346175214299172 -0.0027618640813509 0.101326490876865 0.193281854337249
-0.0248976769816254 0.0051495633927088 -0.158984911641864 0.172303122393741
-0.0446097589133051 -0.0098369083330538 -0.440936008838574 -0.0271231911142147
-0.0308778077520606 -0.0279979915174388 -0.254032301136612 -0.520643281792779
-0.0154240629248446 0.00840091143059181 0.505936134432405 -0.549185411330796
-0.0384101830793161 0.017458900012105 0.72383018147998 0.181387127691184
-0.0268971723147491 0.00264046395584405 0.198783231561051 0.49598703335889
-0.0209642760407305 -0.025408585166217 0.0727124998313207 0.0349573809160096
-0.0473639489952907 -0.0127585644598034 -0.0964946492395389 -0.485465927877574
-0.027972848850937 0.0209999770890782 -0.787748532622395 -0.184485617877299
0.000788794746640373 0.00476413246570822 -0.509923578362874 0.744162679796255
-0.0273474377077746 -0.0168210294819438 0.430257957180822 0.586949234065228
-0.0482239364615652 -0.00553456865141722 0.510488822269355 -0.0708215109398579
-0.029026548570315 0.00670111537501482 0.162498627217162 -0.317855260213237
-0.0156806604279286 -0.0122187157340018 -0.156404653250733 -0.245899307204838
0.00269485432328023 -0.00404126388546127 0.097508145740407 0.18544032529019
-0.0205484130034696 0.00524694456636896 -0.167827060302148 0.148793771049863
-0.0343029953175062 -0.00953263161940505 -0.43085445125462 -0.0832577414998259
-0.0222397783554356 -0.0286403706563716 -0.175907213832216 -0.564286009963968
-0.0167751653679516 0.00590771026386235 0.585082786659912 -0.475150935140145
-0.0374108589925143 0.00988690421504269 0.694018472527404 0.290040861491985
-0.0234047238691723 0.00206926125094078 0.150463653140549 0.515450558511736
-0.0193957367849585 -0.0222957791836544 0.0668985055478928 0.0214658925025176
-0.0449986333531238 -0.00759897114980401 -0.147649495819198 -0.474400675741067
-0.023563129114055 0.0194082423598443 -0.801798914624685 -0.0715613445907561
0.00221838300494732 0.00232996737784021 -0.397681350017269 0.796590593582945
-0.0209128107186628 -0.0138035745154198 0.498812219427552 0.510396469626926
-0.0347959058557738 0.000623189120295645 0.492807765795815 -0.138226630994609
-0.0218212020338334 0.00686022019324992 0.136601185638051 -0.338301675842365
-0.0135270055522717 -0.00786641182153261 -0.165439421458867 -0.249742299098717
0.0041969861767872 -0.00318697434382639 0.0958629762431883 0.1811914513084
-0.0107008248623263 0.00643179918794726 -0.174473170856426 0.131744101290706
-0.0182724408311503 -0.00518807035509365 -0.415730921039315 -0.124217572692645
-0.0132585646055927 -0.025425656670481 -0.114254247895768 -0.590364496982056
-0.0168187678441006 0.00176940325787945 0.63701040551508 -0.412665326067178
-0.0309622752762334 0.00364536381798377 0.659282253949915 0.37126285260401
-0.0155491028244764 0.00599643539124523 0.111586666438422 0.527286666085465
-0.0165377815148505 -0.0124361547522328 0.0620695770149375 0.0107454017727034
-0.0380528373978377 -0.00162206219826104 -0.186478866134975 -0.463422667620032
-0.0184591246685725 0.0134487343404288 -0.804106472046407 0.0126292901808462
0.00337336477468926 -0.00156189848895784 -0.313515537919775 0.82584040085079
-0.00872404648455998 -0.0108406121249872 0.540265082454228 0.44581369008957
-0.0170228672436464 0.00337055376670085 0.475966831979134 -0.185803982060347
-0.011758592089776 0.00580661717283542 0.117216698859362 -0.349888489573339
-0.00995131978249794 -0.00449192437360455 -0.174149661444754 -0.251827142207364
0.00544032796490211 -0.000998852986999915 0.0932519645263491 0.178899711692464
0.000529407512381839 0.0104653492880371 -0.178714321987986 0.125441328555426
-0.00149185205125152 0.00384428032116549 -0.403912584616302 -0.142948545833628
-0.00555911214767929 -0.017935670525002 -0.0792622883465684 -0.603654433146383
-0.0139880337113437 -0.00279185549720588 0.658903226214615 -0.379118421923759
-0.0201483045675884 -0.000578693583225365 0.634951614132137 0.410968088059373
-0.00783928224612631 0.0129883395413324 0.0899514462278916 0.53129017850603
-0.0121537347164656 -0.00114338091711073 0.0574061161171684 0.00487288435197283
-0.0256695733680031 0.00193520052292049 -0.208392044929274 -0.456809927805836
-0.0120603267246056 0.00544358785704145 -0.804639109124052 0.0533690546472456
0.00570014501684254 -0.00431369913898542 -0.268561862334637 0.836373244669046
0.00479434196535888 -0.00873185300865709 0.559030678012444 0.412150478290397
0.00173650503526509 0.00223303882927071 0.465984328778704 -0.207169869354789
-0.000393515736130281 0.00129030801503033 0.107993704833483 -0.355148644166515
-0.00731145530937868 2.35953946808691E-05 -0.177384075888883 -0.251556403060136
0.00936378321959408 0.000225497285780116 0.0907882516640171 0.180435067989058
0.0145676542847466 0.0136803356925693 -0.179167086240033 0.129943345512732
0.0149650618288721 0.0139133192949824 -0.401709703961771 -0.13867953406796
7.63812447569148E-05 -0.00741401141177867 -0.0831330048678997 -0.603339426128293
-0.0114502101032831 -0.00401163002245981 0.654040007969652 -0.38643457489805
-0.00759563014686768 -0.00368737018594397 0.633066714891862 0.404217263195933
0.00119162020599658 0.0232596289921257 0.0944695692651419 0.528837761871083
-0.00772091539009178 0.0133341192362815 0.0563725625868723 0.00395395617118263
-0.0125210397436847 0.00635408701718514 -0.208672154561912 -0.458753333000978
-0.00445152427167712 -0.00309593751944159 -0.805447507095599 0.0493129696459564
0.00733822133071718 -0.00710240742253327 -0.278370006679129 0.832140688037432
0.0179898756317589 -0.00660321635777322 0.558373195562959 0.416974379128894
0.0200367342974245 0.00143420606344613 0.467671573112686 -0.202199684173569
0.0106541563064153 -0.00126470871942577 0.110197939971388 -0.353446545867998
-0.00297119074019799 0.00364965146973057 -0.175386445654722 -0.248307264008788
0.0104152505112515 0.00235691104170048 0.0921906328377748 0.186367834505548
0.0250973917224152 0.0155531129667148 -0.178504797018163 0.144318034613229
0.0286027625865611 0.022423405699223 -0.40775841295641 -0.110807379022308
0.00647825886748382 0.00298950096583476 -0.123706193371622 -0.595503447939759
-0.00926360698148802 -0.00590748029357758 0.620623276262988 -0.431786552492946
0.00422846606703392 -0.00472190455099968 0.655338081594687 0.35375151869892
0.0109762233955448 0.0331525240593607 0.116429402005366 0.521455490733076
-0.0057591898597255 0.0266924482483538 0.0580525004423738 0.00959134657184471
-0.00238980621098925 0.0093624179961844 -0.190872186597654 -0.466421710233997
0.00399050818584609 -0.0102309232605987 -0.813764358405094 -0.00117974580475877
0.0088426491036702 -0.00742279662952426 -0.332519898278237 0.819972432219053
0.0289317905287052 -0.00272454412112849 0.535843019656005 0.45882697389683
0.0356836075618775 0.00282604918987072 0.4814895921989 -0.170736187460638
0.0210131674590203 -0.00464368560929984 0.123247852079272 -0.342947114816612
-0.000518556941032115 0.00596303923843956 -0.170636935237031 -0.244344089661194
0.00609478630200815 -0.000590150484849492 0.115828954080019 0.209615901326039
-0.0198515003458721 0.00485703995970877 -0.130039998140564 0.225922236101106
-0.04743852466947 -0.00154000714716902 -0.434879202035185 0.101488008619751
-0.0383396601480858 -0.0133001944845413 -0.392509005674614 -0.398377989336877
-0.0107497347889791 0.0110075079605964 0.312465649523236 -0.660832713655525
-0.0258601559952171 0.0256537193569832 0.737077465140801 -0.0499400188996798
-0.019832061092529 0.0140802940446449 0.299457854660093 0.436729544616774
-0.0181885704237363 -0.0173125007082334 0.0846420230988533 0.0616694435037215
-0.0381852368800848 -0.016426086147597 0.00780723598824752 -0.498890702210685
-0.0269569763349184 0.0161071321866245 -0.715719615899479 -0.42240482349768
0.00414498873045735 0.00912426932022524 -0.727217138747263 0.57852408206758
-0.0255949276809852 -0.0174789744882385 0.256899828004293 0.723681323720126
-0.0538725758435573 -0.0133333918941667 0.52044488673517 0.0771816995254461
-0.0310614024860788 0.000455536553242908 0.209823549921727 -0.265804913141895
-0.0158802120390904 -0.0100014043286044 -0.14403310501251 -0.233840097290433
0.00438904959990608 -0.00282300441302187 0.108083093061183 0.201411659161572
-0.0262129832212914 0.00656125940354098 -0.144393327937069 0.201684987875931
-0.050395340459642 -0.0074077477178596 -0.44298062562451 0.0410314132695351
-0.0374218576353335 -0.0212839256543156 -0.332826557508329 -0.460814074576982
-0.0126179419459279 0.0100314226565953 0.407163425012763 -0.62003171544444
-0.0336269829841551 0.0236287629753901 0.73983645924137 0.0597319888790541
-0.025878315632618 0.00719443494999505 0.256347654819738 0.469512423991664
-0.0204723918046177 -0.0243348328907351 0.0795098567948089 0.0487849002792244
-0.0442775195087764 -0.0152334934904501 -0.0456312330068894 -0.495221672015644
-0.029037023379935 0.019983703433223 -0.759943922890729 -0.30662467611107
0.00261238230671285 0.00856510493645061 -0.623089219203655 0.672373258184285
-0.0299347348767283 -0.0193570088336569 0.351052162455228 0.664896395456527
-0.0550288028448952 -0.0111435445940815 0.520975624877966 0.00159403558641028
-0.03271194344723 0.00378606013420337 0.189398316529781 -0.294069881202475
-0.0156007941342702 -0.0110083352089131 -0.150645178399079 -0.240899388905645
0.002114527504168 -0.00339766310246081 0.104879251156398 0.192143701523008
-0.025249319903799 0.00575029080976079 -0.158933548895692 0.174765828752484
-0.0449150998466519 -0.00833952603855349 -0.441979953444133 -0.0227567244359835
-0.0312286722946727 -0.0278353185854519 -0.259156271117816 -0.52093343151333
-0.0150196564066721 0.00885293505464745 0.503327634499632 -0.556482835742576
-0.0383574742241588 0.0179923002324117 0.727436065024789 0.177330690075821
-0.0265524829423846 0.00287012653218786 0.204936214579032 0.498850870495136
-0.0213443129102536 -0.0262523328170446 0.0727921069947794 0.0344998484682473
-0.0475765937086393 -0.0116840771997365 -0.100937259029758 -0.488216839333549
-0.0270469733973928 0.0212012818893228 -0.793802111073141 -0.180419250969673
0.000970051340581393 0.00496159410420209 -0.506478138559718 0.751043550735905
-0.0286909854017203 -0.0167026065547775 0.437802367269952 0.588436317652923
-0.048922551430224 -0.0051566670117316 0.511376363187589 -0.0753156580386483
-0.0295030087618015 0.00627374363320284 0.162320197993712 -0.321030398957758
-0.0152542882615444 -0.0107231713775676 -0.160882306866033 -0.245085063903858
0.00138700102010786 -0.0051732442427178 0.100860373013042 0.184765403779017
-0.0203175834033331 0.00697776428755171 -0.16711413150584 0.151137000254694
-0.0347984772420201 -0.00862985478611244 -0.431914930993986 -0.0788486984066763
-0.0229328979060928 -0.0293302389800716 -0.183309057515256 -0.563759889583185
-0.0171048555287461 0.00609730417868813 0.585176296108048 -0.483610022581731
-0.0375563287208631 0.0110527139404215 0.699804368076395 0.287846785845239
-0.0235568785195525 0.00143058786966301 0.154051742112103 0.517368204110282
-0.0187592525693008 -0.0223371182909132 0.0681664049492077 0.0213473545839864
-0.0451694544461476 -0.0066055119666011 -0.150968645408326 -0.47650168414917
-0.0241079130890941 0.019640537518783 -0.805713940806026 -0.0678404602031195
0.00224792306645794 0.00222899905533415 -0.394541443840891 0.805372223897052
-0.0207413654036984 -0.0138432369165741 0.502958012782894 0.509648674628154
-0.0346858739439986 3.68278520443601E-05 0.493569412179333 -0.142934435844521
-0.0217052801603715 0.00710769351380452 0.135595736633741 -0.340924209409695
-0.0132337420536727 -0.00635797181822394 -0.169513380395348 -0.249326090112288
0.00390899128539084 -0.002897800877463 0.0983025505996059 0.179917545845812
-0.0105206180051268 0.00741590064964593 -0.174335575838571 0.134404906759555
-0.0186230866401239 -0.00399440259929424 -0.417900340998001 -0.118533693575679
-0.0134226302357635 -0.0258190238770738 -0.118314281937898 -0.591076248929964
-0.0172670155503679 0.00265787303203011 0.638384028888735 -0.421254903948923
-0.0312916530807386 0.00474615255765949 0.665589078071976 0.369723297937806
-0.0150701102210957 0.00602637851291423 0.115510382249987 0.530385447706359
-0.016308174835065 -0.0126681249915168 0.0633544880381236 0.0106289817292502
-0.0379404702555412 -0.00152177132267947 -0.189297147309415 -0.46342213649292
-0.017687294490186 0.0141270185077875 -0.808088384598906 0.0172058890300441
0.00274052800120534 -0.00123591846882402 -0.306395208038102 0.833772398880272
-0.0078519810777386 -0.0105120567325181 0.546277628266883 0.443066996734619
-0.017373686946202 0.00266044559638762 0.474252738041068 -0.191432754143318
-0.0115387976817955 0.00583949703176845 0.114021359730264 -0.353843939700985
-0.00994561000650527 -0.00433357878758853 -0.17591787455197 -0.250442364183008
0.00517370748219195 -0.00265830164793966 0.0955881906273342 0.179296197811626
0.00159922596830406 0.010745122890761 -0.178339582417641 0.127414313258379
-0.00106885747467405 0.00380621562366679 -0.40781879164789 -0.139425922857606
-0.00621548300593819 -0.0181853491225013 -0.0859998560361098 -0.605613418191497
-0.0146895050522436 -0.00195503811083432 0.659516464290879 -0.384743387075396
-0.0206521775493171 -0.00109494186570148 0.640236984796833 0.409462461765307
-0.00793236667488596 0.0134915750887357 0.0947678370249311 0.535158987433946
-0.0121021195447312 -0.00136063037135348 0.0585643763561074 0.00440501817013469
-0.0262298513896522 0.00275137387945043 -0.211852090638372 -0.457223519467269
-0.0126494879906289 0.00563739629635072 -0.807833717408936 0.0610436938650657
0.00527202409363886 -0.00402095379203131 -0.263615794338217 0.842151182784794
0.00500180985877391 -0.00897237234457052 0.565207589935413 0.409875044229829
0.00167761732786665 0.00279775135897883 0.467460037719648 -0.213122697767044
0.0005926866542362 0.00246230470274544 0.10370378740915 -0.358571946946631
-0.00672866650373975 -0.000219579789493876 -0.18122904021939 -0.24940766184615
0.00836835546305098 0.000502166928920517 0.0950753012155314 0.179667434901323
0.0130367005614679 0.0133072591647392 -0.179728038443238 0.133230864188627
0.0149260206048329 0.0144142929039821 -0.404957745550963 -0.135427299610218
0.0015169098753447 -0.00748330133477389 -0.0885739335564883 -0.607796229389129
-0.012055397197545 -0.00488054846355917 0.654739897889651 -0.3904985301209
-0.00779960589950965 -0.00420813225651825 0.638495095362531 0.402442231556335
0.00143094948549115 0.024194115935078 0.0973697646826279 0.533727722551899
-0.00830543713814158 0.0133953828425992 0.0572792388045627 0.00313912350693695
-0.0140022473672278 0.00622659237228231 -0.21217479392977 -0.458368581455418
-0.00426088434557218 -0.00358787623401443 -0.811172945187331 0.0543010911089183
0.00776419751119099 -0.00663380066429138 -0.271726178105948 0.839686153437086
0.0188142471693089 -0.00700941607371671 0.563519184119066 0.413459654794746
0.0206895303277401 0.00223345430392301 0.469558517787812 -0.206327058547212
0.0116389344923009 -0.000739444303153817 0.106398608519184 -0.35588931171615
-0.00270489897176524 0.00456446681385332 -0.180683331295471 -0.247901457474868
0.0108427893905944 0.00241479630653289 0.0940373323091605 0.185950238885283
0.0254978514948415 0.0138261458180784 -0.179394717768216 0.146972037127447
0.0301758508690276 0.0206831529738091 -0.409693668746235 -0.106856895630806
0.0062004949356366 0.00248586384729254 -0.127496764460707 -0.59569029567177
-0.00853724042916244 -0.0058157462077079 0.621997004666411 -0.438065972922104
0.00481765958167862 -0.00493947716118431 0.658942855819577 0.352464758276612
0.0116048527615743 0.0330226668449169 0.118210919859487 0.522509143306329
-0.00501737268266506 0.0261983033752561 0.0586020527008001 0.00804503222997614
-0.00166387557948346 0.0092436391278098 -0.193840473040305 -0.468122592180612
0.0025627728432795 -0.0120078534096425 -0.817167098761778 0.00702211343655143
0.0104333334570425 -0.00906711344486247 -0.329008516270764 0.826424026514857
0.0281434188195225 -0.00269090006237868 0.541981990442631 0.454887472120203
0.0358794228687832 0.00100276672253566 0.48377502020429 -0.175577076199569
0.0211898259282389 -0.00471804734275201 0.122036649175252 -0.346792763296977
-7.07701484030103E-05 0.00728510820870843 -0.175830336673656 -0.244192344042865
0.00618451603493559 -0.00149350322981136 0.119486005339154 0.208112476785897
-0.0201495228214927 0.00558411497112281 -0.127425964302931 0.228659796198894
-0.048148980547355 -0.00243320699569316 -0.435228494235143 0.107902026961044
-0.0392866201903364 -0.0124721163061607 -0.398065787683814 -0.396753479644441
-0.0100846327575167 0.0124484194969888 0.307803759024579 -0.669793242305977
-0.0259523556693466 0.0254410157477489 0.740159401599557 -0.0558462060431799
-0.0195344088340576 0.0140171166655291 0.302931395685826 0.438315947224467
-0.0181366304061468 -0.0176867260417455 0.0862014077641727 0.0603751930202943
-0.0383612340383873 -0.0150352085996122 0.00502572530650651 -0.500853865527289
-0.0274162928338699 0.0166195105010087 -0.723350548821871 -0.420835025303706
0.00414265580682535 0.010376553608603 -0.725661011047502 0.587022285741229
-0.0252394071000558 -0.0172881269261161 0.264062457271603 0.725106103597525
-0.0524618707010495 -0.0116192143443079 0.523852375793313 0.0741050150176068
-0.0315289097591845 0.00214948224538628 0.207529788064009 -0.269915400622059
-0.0164809445371337 -0.00974771665973021 -0.148089849419885 -0.23295646081189
0.00332159526929994 -0.0030634114638942 0.112011982975407 0.20069888669904
-0.0253862913293177 0.00631185268492462 -0.143935558993211 0.204641155804543
-0.0502855917502614 -0.00462944300029457 -0.444776131382306 0.0467391550672463
-0.0377301448125573 -0.019855996330573 -0.33858496859078 -0.46168308950511
-0.0123743376576512 0.0111643342883651 0.402004288558541 -0.624355048868697
-0.0346173154093955 0.0257362567135069 0.745435931762755 0.0507374695479485
-0.0259841193856267 0.00808812437849698 0.258343778928689 0.470611750065391
-0.0203934260194395 -0.0243673070124064 0.0805862244154931 0.0477676806287834
-0.0448599869903201 -0.0149336265839264 -0.0485506486223998 -0.498672895396134
-0.0292901000494132 0.0198563684108015 -0.767742354402836 -0.30190151010393
0.0023510792552831 0.0083311738148914 -0.621741478673839 0.682391598427957
-0.0301002505020187 -0.0188209055667061 0.358961285902134 0.665740605446219
-0.0542972909924694 -0.00934141578469118 0.52425150329166 -0.00400780206399615
-0.0335487194291577 0.00474014237210928 0.185016943631767 -0.298839727856612
-0.0162955391884942 -0.010368821018092 -0.155484124731963 -0.239322699786158
0.00215682964619323 -0.00425021855242403 0.107960339724345 0.19093018318886
-0.0254853488409993 0.00596426417658025 -0.157332133939774 0.178075166273138
-0.0463712940747765 -0.00885711602548341 -0.445465917545805 -0.0171355096703286
-0.0323487216604158 -0.0269443616452954 -0.264317800632408 -0.521885276461456
-0.0157640048207537 0.00969531545357315 0.499634380299879 -0.563596763849477
-0.0394195635044352 0.0191581646020397 0.732143001391598 0.172678568634692
-0.0266337689713535 0.00341948015967215 0.209240327516606 0.49841983188584
-0.0199570061669146 -0.025480629202429 0.0739107359639961 0.0338938760202672
-0.0481769218253163 -0.0111210511002047 -0.102685762866314 -0.490682469106263
-0.0266009500479638 0.0225596553403051 -0.799571961025913 -0.175494834514759
7.69904972272618E-05 0.00529103051521783 -0.504061320392128 0.759033142223212
-0.0275309651743551 -0.0173880567049573 0.445217700522078 0.587388230851517
-0.0490524938645377 -0.00378727613621201 0.512109300543722 -0.0803946735750193
-0.0293695873850525 0.00728368014140551 0.158333591526333 -0.324183396563379
-0.0169174432749252 -0.00959143757056457 -0.165815583350505 -0.243734433622794
0.00187835696468762 -0.00458755267105301 0.104104448473323 0.183504920046432
-0.0210523656697705 0.00620474488115912 -0.167158801491643 0.153583044458638
-0.0337135813564681 -0.00939523381419832 -0.435355432194047 -0.0741293758218511
-0.0230377557325957 -0.0289015947170293 -0.189541966527757 -0.56513719571264
-0.016785673434173 0.0062095077745524 0.582594127504555 -0.489193702596588
-0.038441373445988 0.012359089849641 0.703220055897504 0.283397343471206
-0.0222983423714712 0.0021177908654654 0.159288097355051 0.520037101920296
-0.0181350083167937 -0.0217958908345979 0.0678201731725691 0.0202847568698545
-0.0454037902151198 -0.00493563713309496 -0.155789330980295 -0.479496567831754
-0.0241029741237596 0.0199227030459928 -0.810535267250064 -0.0601855744260652
0.000546707387874667 0.00177958786607403 -0.388715340389396 0.813682808733876
-0.0204086652180774 -0.0135675318461636 0.511490621954106 0.506325122766378
-0.0352335390652004 0.001689352380287 0.493044147777431 -0.148064927476918
-0.0216905036877758 0.00727116984977168 0.131246090324542 -0.343378141140153
-0.0138480032746949 -0.00635815955368869 -0.174574836839078 -0.249025576307132
0.00306453010649019 -0.00360909472008937 0.10202404607277 0.179171289432631
-0.0111360667014456 0.00791270254584732 -0.173366665019483 0.136955718988912
-0.0190101263583939 -0.00438750930009345 -0.421997254144236 -0.116950643577347
-0.0142852973853542 -0.0252734171888094 -0.125387941827311 -0.59266037512487
-0.0168661932293835 0.00232165496384784 0.638004437089291 -0.427816739818182
-0.0306250955474591 0.0045916113015683 0.669159510717712 0.366003191385547
-0.0145209880375641 0.00565378618566919 0.11961567231623 0.532169595979284
-0.0154554469795245 -0.0127966531621796 0.0636370330896111 0.0101443150192516
-0.0378839144058264 -0.000141202720097448 -0.193641835896462 -0.46665516846048
-0.0178777080843815 0.0143374767491745 -0.812117539959274 0.0244198018194566
0.00352744346473461 -0.00126616676936669 -0.304068439598824 0.840501328644761
-0.00879524006697627 -0.0108878394502572 0.554073105802663 0.442355488177044
-0.0171562358806686 0.00323308678448084 0.475530741107013 -0.196647195411785
-0.0111682023031135 0.00644743939151075 0.110207672888733 -0.357627370439257
-0.0107066953980515 -0.00307923500692073 -0.182514815097766 -0.249552892463529
0.00496820040364904 -0.00206486991476897 0.100152038349266 0.177120747055134
0.000408546807147903 0.0105022458064787 -0.177315126874352 0.130888189626311
-0.000965522791648204 0.0034889032620876 -0.410182358315622 -0.136804352965533
-0.00573543457259575 -0.0173312722900077 -0.09034407760957 -0.607869621364901
-0.0148455536034415 -0.0013852668265266 0.659055493537207 -0.392223087349507
-0.0197947885406067 -0.000433305632445441 0.647424462983822 0.406768095992005
-0.00703201904150999 0.0135601221132158 0.0986466197860583 0.537144370436731
-0.0119659855645502 0.000172410672018191 0.0591318843349699 0.00415036671486537
-0.026356049377886 0.00298345441963731 -0.215426619209094 -0.459712082411486
-0.0118786008150163 0.00621476265881748 -0.8120621913248 0.0666784639040569
0.00469434027384207 -0.00430774833537452 -0.258316544418604 0.850712889861322
0.00531878808372018 -0.00906617514243115 0.572482818897479 0.407821642541058
0.00224933189413835 0.00267658709345775 0.467374977756422 -0.216869630676888
7.62402118842515E-05 0.00299980392639645 0.100486211843261 -0.36123943001165
-0.00604522536452237 0.000445568605354047 -0.186263825664777 -0.247633675156694
0.0076815798404268 -4.62782587339278E-06 0.0983200184994288 0.179268430678172
0.0146124574690345 0.0127797833878221 -0.177818409452094 0.135096771388578
0.0150485379495037 0.0131135096573261 -0.407890866905221 -0.131613529136646
0.0012759208578458 -0.00783787991741497 -0.0953145032114487 -0.61018350340249
-0.0124337738757356 -0.0047181487707644 0.653894048163405 -0.39740390919676
-0.00731724640970889 -0.00282488361937454 0.644173901019149 0.400158517465979
0.00177308986506403 0.0236703750331252 0.103742583412538 0.535331398889329
-0.00823129523173386 0.0134099902534623 0.0577348621785932 0.00403429844395482
-0.0144330955662179 0.00636756259041137 -0.217440948173151 -0.460259906526849
-0.00560192765213336 -0.00362115980987441 -0.814437337669785 0.0623883240035025
0.00750269791675176 -0.00742269823317949 -0.265393179572291 0.848274588320351
0.0199021151126836 -0.00688834386296507 0.571433148641905 0.412412968526531
0.0204487496385853 0.000732495940301532 0.469294191053241 -0.212345751212688
0.0116704084049247 -0.00129759688875579 0.101708974101096 -0.358852306776696
-0.00305177393874479 0.00362501786729254 -0.186198503588897 -0.245950740041115
0.0115413317709937 0.00146173803778945 0.0987920500173875 0.184935365736071
0.0259950241247247 0.0138053111265153 -0.178545504502989 0.149899185988643
0.0298884542539822 0.0210023437835976 -0.41168661107958 -0.10368840002993
0.00668430353853075 0.00164351289451412 -0.133885896097907 -0.598250317392051
-0.00814735989757208 -0.00645002581903491 0.617668629156507 -0.445523450325486
0.00495879722659628 -0.00529133636974517 0.663012499377095 0.348507575864652
0.0120969080067602 0.0325064174433858 0.125105142506873 0.526233815691276
-0.00410396180058452 0.0268529561798892 0.0586769683597441 0.00873774586158001
-0.00138179826903409 0.00949397224109111 -0.197828366551692 -0.469172136365074
0.00227004048666423 -0.0115850210986372 -0.821827308536556 0.0116178002491266
0.0090468178617755 -0.00825977381878052 -0.323067778825061 0.833700860983839
0.0301979418718321 -0.00303427250143937 0.547774403492559 0.453238722572294
0.0354458192741991 0.000730917483493652 0.485020701912509 -0.180811040512797
0.0210191741917391 -0.00491075727312238 0.117972558456193 -0.349766411755846
0.00105676115916234 0.00679729330845429 -0.17957692620212 -0.242625780782434
0.00550064613915112 -0.00164170035353454 0.123287279698934 0.207171664201973
-0.0199396009876421 0.00509266747538987 -0.125448949563849 0.230629382028283
-0.0490096306620351 -0.000711714777721172 -0.435273142740438 0.115496536315769
-0.0391898391285141 -0.0122216795348982 -0.403014622566414 -0.39445843630724
-0.0103451848519204 0.0121165332569635 0.302596397041166 -0.676019118182713
-0.0258211191496998 0.0266408313530525 0.741591680536914 -0.0644300248144215
-0.0190849950849758 0.0138042313984401 0.309765902973146 0.43659829170495
-0.0185651693337965 -0.0183285523636052 0.0859579259468354 0.0589211751970463
-0.0390047650395786 -0.0149504515221583 0.0012990666252341 -0.50356531255538
-0.0281701135351189 0.0172064346469425 -0.729082327750871 -0.416128226311345
0.00323110765290538 0.0097720847746829 -0.723967129929943 0.595433104870197
-0.0262183894660493 -0.016372005960573 0.273515497845594 0.726341824956535
-0.0536517214456369 -0.0120186266261041 0.527538943152913 0.0678674094404662
-0.0317657139450497 0.00240038775002777 0.205660976388169 -0.273293771977879
-0.0166868843560398 -0.00963207993179295 -0.153199876043029 -0.232498371004314
0.00263302929987737 -0.00424779222247912 0.117391562061054 0.199090264439687
-0.025030115376838 0.00635301712051003 -0.1419070519764 0.207189736991178
-0.0510765499751726 -0.00488317477979923 -0.445441634057033 0.0526837801710789
-0.038120265705396 -0.0202344906158879 -0.34284576432828 -0.460508460201905
-0.0126616894321523 0.0117491852582251 0.400194545406115 -0.633381274450049
-0.0340669627813393 0.0249466116136997 0.746263291469751 0.0453189609615808
-0.0250285469766105 0.00845838045313873 0.263816382236714 0.467931599178549
-0.0195745015368332 -0.0241759375445416 0.0799579960588696 0.0472943394179817
-0.0456887584202968 -0.0136671973420108 -0.0512930912833568 -0.50128363658651
-0.0293286289881684 0.0216392145005031 -0.774588492946458 -0.297579027398871
0.00264731849084613 0.00729942562649641 -0.617947427830229 0.691027783782567
-0.030442833976938 -0.0172536510340028 0.367531345593269 0.662446764060182
-0.0564544800790155 -0.00828207492338106 0.525082817236769 -0.0085672148224983
-0.0335032336369214 0.00537345731284919 0.182094071829271 -0.301533679297954
-0.0184185488494133 -0.00998577576978869 -0.161372683354677 -0.238799990265105
0.00246010155548796 -0.00502758459123914 0.112811807770518 0.189755599151498
-0.0251375927906409 0.00626871330404677 -0.15621688360634 0.180224413801798
-0.0461746923490445 -0.00809323114631446 -0.446877675341728 -0.0109926684398993
-0.0325654961259312 -0.0268149531749706 -0.270237713469314 -0.520624301331271
-0.0163256713133904 0.0104878681993368 0.497123451871063 -0.570418966570198
-0.0382398710820875 0.0199822978246078 0.738011533968101 0.166312209997422
-0.0266229924974798 0.00272065948155227 0.215075463788045 0.499492506891917
-0.0200812897056109 -0.0261383074749313 0.0758411029747551 0.0326886747128374
-0.0483142554164915 -0.0106535025947279 -0.109263262268847 -0.492922455401467
-0.0292986865855781 0.022846809711673 -0.804527105326801 -0.169545035027171
0.000964420479201967 0.00504195009027045 -0.498852208083848 0.767823972405094
-0.0284408140737661 -0.0164910454091116 0.452077697550943 0.586598445650957
-0.0487770810319068 -0.0027833419323661 0.51296535267308 -0.0852379174522167
-0.0296490751784341 0.00723584406023815 0.155415838087035 -0.327954417651905
-0.0168618346027146 -0.00844409420638558 -0.170146477635743 -0.243671505953093
0.00135218892207782 -0.00536960881191348 0.108205144176703 0.182125956543389
-0.0206223818474303 0.00605367540990907 -0.166648773803657 0.155570297100665
-0.034478060117728 -0.00883513075243467 -0.436404198495335 -0.0695735346052821
-0.0240744754535378 -0.0281353643575229 -0.194550938223244 -0.566286677980312
-0.0169513831348557 0.00661295261842574 0.58041999077304 -0.499202427651978
-0.0369511500105267 0.0124676720250705 0.708450687710193 0.277715634472071
-0.0224115187879658 0.00233978527988273 0.163742932807789 0.520800296705664
-0.0188457704010856 -0.0221737334971709 0.0688074463935044 0.0199227064393331
-0.0456827262431131 -0.00495756860133656 -0.15787905690901 -0.48069678324772
-0.0246921559503939 0.0211110170098574 -0.816435951828981 -0.0546953448564881
0.00161563592629419 0.00222028505145364 -0.38272360639259 0.820431007391447
-0.0215149267158736 -0.0129780720000312 0.519442973791554 0.503774367152564
-0.0359054099281098 0.00192602546765622 0.495046438338563 -0.15336033654859
-0.021819437515159 0.00832525649206368 0.126947850050957 -0.34637929956205
-0.0139277040055015 -0.00597016510114019 -0.179213011303608 -0.246346160858461
0.0028244840653038 -0.00451644601536155 0.106419071881407 0.178062939141601
-0.0102152201617969 0.00738817369991354 -0.172828973446174 0.140057382608231
-0.0181308925692297 -0.00366060548884736 -0.423576677253105 -0.11169973269301
-0.0151111244252079 -0.0249918800734435 -0.132591203089702 -0.595154348751043
-0.0164033936912458 0.00293996585490343 0.635344324427005 -0.435639560058107
-0.031113777225508 0.00506695667770113 0.67516820509803 0.361639045731479
-0.0142946684189027 0.00651101046084107 0.126338066396867 0.534693542772607
-0.0160770416337539 -0.0132125860593366 0.0631981407844477 0.00920677051726989
-0.0382809121106201 1.23855408042449E-05 -0.198081032270647 -0.46709972433948
-0.0185729594512306 0.0145720416261322 -0.815055431891369 0.0315909538970672
0.00245036128710048 -0.00118914463288827 -0.294778366850408 0.848458501579322
-0.0094577262022205 -0.0114364783930063 0.56161044282077 0.438438100187367
-0.0181586160587574 0.00376100896755534 0.475896913883478 -0.201478332733773
-0.0121242627826267 0.00664504140237509 0.106448800519547 -0.359127071244085
-0.0105758126431199 -0.00274102594183661 -0.18680647489967 -0.247196371224489
0.00485740987222257 -0.00311102177879519 0.103702358726619 0.175113535786111
0.00160742062187394 0.0108316556530398 -0.1772984440822 0.132803110029129
-0.00154941383288448 0.00376650903035378 -0.412957986023433 -0.130853439572275
-0.00623077557792588 -0.0175155287900874 -0.09638460808042 -0.608638530450963
-0.0152421965127213 -0.00154716121279334 0.657054530628158 -0.398410954612599
-0.0196851579471538 8.42117350685831E-05 0.652748342963502 0.401643506118897
-0.00690695017793425 0.0136511272289357 0.104831389986729 0.537830833943336
-0.0119160049958828 -9.66732401447871E-05 0.0593275557205157 0.00327504169174932
-0.0265990048316966 0.00295735465070602 -0.221022651900694 -0.460754396357883
-0.0122735649081778 0.0065165692475599 -0.814557338893065 0.074156544458158
0.00479048632880955 -0.0043380971141841 -0.251116957340083 0.856507207922038
0.00521062805763823 -0.00885413854270662 0.578110475812008 0.404015160482061
0.00239930712758088 0.00234351370285176 0.466185374329453 -0.22496912939207
-0.000220057081273494 0.00306568231476572 0.0961869084226718 -0.364059663527853
-0.00719097325892268 0.00168466573288563 -0.191966567482947 -0.246410037713942
0.00806060857287813 -0.00136191075655804 0.102514611054209 0.17850409247753
0.0146439779599787 0.0126919477395487 -0.178114271202031 0.138988194501919
0.0159886825259859 0.0138375124926524 -0.408601861447299 -0.128513763113071
0.000256548571736511 -0.00700822573458072 -0.101378704207794 -0.61022082679346
-0.0120573224235693 -0.00403625323345244 0.653814447918247 -0.406842918908743
-0.00758977683567493 -0.00314767242278896 0.64896844309698 0.394155337165462
0.00259481211502014 0.0241888128541961 0.107153934573651 0.536618604766396
-0.00826153908083405 0.0140687173384112 0.0582942661664163 0.00345725445247061
-0.0135687449791893 0.00719811184420511 -0.222151018287721 -0.461383516611904
-0.00544052543854482 -0.00224156703738264 -0.81742272880097 0.0697919008165111
0.00720300225821814 -0.00795489514461454 -0.259834491331099 0.853571184690003
0.0190540642908404 -0.00772602836337953 0.578068828869408 0.408529179286125
0.0214098683004674 0.000574677143399333 0.468700341792639 -0.218295767898645
0.0105726463852075 -0.00150629257734613 0.0992842865374677 -0.361108809650594
-0.00230224102652607 0.00502289439843844 -0.18870587168767 -0.243821060443403
0.0110198604285722 0.00129531948674619 0.101867149483669 0.182575552457475
0.0269157429372517 0.0138164113737156 -0.176160653201835 0.152979019790502
0.0306080623254329 0.0200963513019765 -0.413878338453743 -0.0990213849789094
0.00702543367719193 0.00139118404398737 -0.140320611793997 -0.59834292179624
-0.00858914751777476 -0.00684648712329259 0.615544627719964 -0.452091589588277
0.00417515772281491 -0.005200473526732 0.669289249067121 0.3457006198085
0.0124313467671029 0.0326047056800802 0.129390738154271 0.527672416433086
-0.00318966802718592 0.0277157271082536 0.0594502440535348 0.00834759109343572
-0.00116683983967791 0.0100450634985592 -0.201890986314033 -0.46961555654446
0.00158056882840759 -0.0118969996192196 -0.82593894231364 0.0189994540075543
0.00909856749082301 -0.00901673592657021 -0.315719575297322 0.840871869533502
0.0300767637435984 -0.00388854038362104 0.555290185337934 0.449559450996165
0.036222709497525 0.000480178415062498 0.483280668739002 -0.18714628186627
0.022291530562481 -0.00472220695151285 0.113540973068374 -0.352915260395634
0.00105400148249865 0.00676941708160296 -0.184381591418677 -0.240865570454244
0.00494414868395867 -0.0032580278886088 0.126849005261254 0.204874355784497
-0.0209565565770994 0.00585205494583147 -0.123884463561826 0.234128838632069
-0.0488724273142344 0.00104879104141908 -0.435084826623694 0.121456906142743
-0.0405145436327396 -0.0112970424079831 -0.406700801581373 -0.392335532821656
-0.00922290608974473 0.0132298950231736 0.298021345313091 -0.680896495038809
-0.0253079798745248 0.0274214988896576 0.74193513568094 -0.0717802720551543
-0.0193415637861171 0.0148339135611174 0.312860493683188 0.436362419200076
-0.0179705908454943 -0.0173453275233572 0.0869808894219643 0.0588213830898745
-0.0401785899551904 -0.0141046778045157 -0.0033039380567933 -0.507017430938687
-0.0263166684906262 0.0178875896131069 -0.736939691280437 -0.411414278099399
0.00336915748544902 0.0107136090320513 -0.718073105359643 0.605746307241094
-0.0269948920564255 -0.0156556752534581 0.282810586181367 0.726556100451161
-0.0529549321619787 -0.0116233602456068 0.530991957617692 0.0620926932329053
-0.0319507738734474 0.00280735214264319 0.202140865031934 -0.276812776169719
-0.0171267426595766 -0.00936891572016977 -0.157907648627213 -0.230495071728936
0.00182701461404 -0.00451356148963968 0.120695666235009 0.197117037409533
-0.0250844715865737 0.00636888253474124 -0.140206517043703 0.210625655932406
-0.0521021738871855 -0.00347491829573253 -0.445419618967075 0.0610649266448051
-0.0380707429223172 -0.0205533776937184 -0.35035494029833 -0.45711888258016
-0.0127157543519318 0.0131021425207244 0.39547487977435 -0.639471759280424
-0.0330176419285448 0.0255697653320473 0.749481487793257 0.0381838423673439
-0.0243553651313965 0.00698407797065213 0.270339029549316 0.46827359196475
-0.0194981908105695 -0.0250067842441468 0.0812882248942957 0.0459992636275558
-0.0458963263602405 -0.0149123835823616 -0.0571209382217389 -0.504212154793233
-0.0285471275746907 0.0213692581924379 -0.779430420121002 -0.291431953879052
0.00257892629634102 0.00834569570824312 -0.611546368283694 0.700115607916493
-0.0304971400952662 -0.0171605967050499 0.376435191795751 0.663086255102792
-0.0559514369477601 -0.007060784240219 0.527695918810648 -0.0155192696002277
-0.0336835498975645 0.00639192380861166 0.178903459190807 -0.305369488743788
-0.0192298300851709 -0.00948825224229976 -0.165203410818651 -0.236457644226054
0.00169927691372351 -0.00491403773751684 0.115964530416781 0.188280163237426
-0.0253781851921358 0.00591299944198998 -0.155707736851387 0.184165868251396
-0.0472090836296192 -0.00690106421870533 -0.446642098885348 -0.005304373047412
-0.0329345540066989 -0.0253362026117905 -0.277904377830718 -0.518676173779994
-0.0148069738092949 0.00978507016615477 0.496131705435685 -0.577750017603297
-0.038589308299296 0.0212991174145703 0.73935912694001 0.159339272141647
-0.0260800532266668 0.00426335224835334 0.219996085254301 0.499177555650947
-0.0201754107151119 -0.0256587987054797 0.0755765935051732 0.0327476831327878
-0.0477695600245717 -0.00932797521753232 -0.113161094621646 -0.494640459659099
-0.0278785481880551 0.0244294324447793 -0.809334361649566 -0.164086780249122
0.00151200071624867 0.00539763606390366 -0.490066653277718 0.777840428219863
-0.0295494664360079 -0.0146027917499052 0.461964341143821 0.581557056627701
-0.0498481135390705 -0.00163806466066535 0.514516586889442 -0.0915452331799489
-0.0298351918036308 0.00811581460425001 0.150063915372727 -0.330096494084243
-0.0172999378643658 -0.00836529358676297 -0.175448727819197 -0.239919876863946
0.000340328746770396 -0.00495501963606304 0.11281473430503 0.180447967663525
-0.0196624574012939 0.00620142968708294 -0.166308668557933 0.160323372406811
-0.0355505807264651 -0.00799027183195014 -0.437906343750731 -0.0636811337299315
-0.0241566148474096 -0.0277548695713379 -0.200856960526676 -0.564510537184745
-0.0171864729302703 0.00732126363656072 0.578424393056464 -0.506648242567388
-0.0383984072011482 0.01261015109549 0.713279998251415 0.271883218350021
-0.0213418097101816 0.0019301641979357 0.171836758692362 0.521101142200496
-0.0180776671311825 -0.0225323570417294 0.06895249271391 0.0199277229894595
-0.0452914575456944 -0.00527417596538491 -0.16555759197143 -0.48073711362431
-0.0245027251278254 0.0214213761549889 -0.818482472070661 -0.0472292224272869
0.00157174763089601 0.00168666015263338 -0.373472332936594 0.829388162021275
-0.0212386442528905 -0.0118762853487701 0.526517625733263 0.500321418378243
-0.0356230971475118 0.00262363239058905 0.493230512192405 -0.160156851137664
-0.0215282927375841 0.0084848748314652 0.122278193261169 -0.350860049957731
-0.0147503815813875 -0.00557789094731827 -0.184944524478351 -0.242884597171317
0.00252643764620866 -0.00520792116218515 0.110214843082551 0.175758654583848
-0.0109421591703541 0.00801245935676232 -0.171268950832278 0.142427774946724
-0.0186802094711439 -0.00452066921110523 -0.424949066465706 -0.106188712039682
-0.0149273736322841 -0.0247695609901518 -0.137295843010134 -0.596033227598111
-0.01637411031692 0.00320566531462817 0.632992942613469 -0.444467766103568
-0.0317189984461811 0.00553194275977772 0.679447177930303 0.35682523359853
-0.0147598486293892 0.00597823260907012 0.131157254102958 0.53521274811434
-0.0159405595762632 -0.0130874599645401 0.0646015905347576 0.00827507419896185
-0.0379625277078275 0.000469982626876488 -0.203837133479899 -0.467566586978874
-0.0178032200224456 0.0163040762314538 -0.818322840079836 0.0401146953307855
0.00212751056774315 -0.00211269415792278 -0.286276330863245 0.853944809102033
-0.00897414856462408 -0.0119477818118121 0.567321794232656 0.432223187758823
-0.0180058822490421 0.00442898251147489 0.473025522281364 -0.209625346934824
-0.0115141881039417 0.00669648170987743 0.101160711586979 -0.36146746575697
-0.0109941326007646 -0.00159610338455654 -0.191949888868515 -0.244888341310472
0.00406317482799938 -0.00353416828709833 0.107586973173137 0.174354235388205
0.0015079774711214 0.0107454029278617 -0.174805001203153 0.136634262802205
-0.000701871133380719 0.00470764500084482 -0.41546004395659 -0.125487482663796
-0.00618162840388716 -0.0171944899766761 -0.105996795491178 -0.609292549613023
-0.0155291914200296 -0.00135389273807875 0.656204057756309 -0.406787638999942
-0.0206446651017695 0.000266816183751772 0.656786000105568 0.39808842887772
-0.00626259741859182 0.0139136341019264 0.111346997153997 0.539815892567881
-0.012345149564881 0.000331836875100664 0.0606803421384476 0.00260696251234145
-0.0266365408433745 0.00451803051347663 -0.22591077451634 -0.461648250664342
-0.0124848112247348 0.00637619581445983 -0.81774696190402 0.0825048415452704
0.00546339870690768 -0.00549114093734132 -0.240690063673069 0.862825094862224
0.0053275090409523 -0.010081190692824 0.586419284646297 0.400116589258096
0.00232047614862321 0.00284876397987585 0.462970412868764 -0.229943827941602
-0.000157163241613934 0.00326923796124592 0.0907623234348794 -0.367179636717666
-0.00616701133595687 0.00144154397555042 -0.195917989572955 -0.243919157486336
0.0076038010844962 -0.00164891631784314 0.105804266606171 0.175659973005955
0.0157793021226941 0.0116610241862486 -0.176500186776808 0.140861223631738
0.016953227644149 0.0131316356166732 -0.411244454659237 -0.122257689217937
-0.000332460826744777 -0.00722790673038983 -0.107285966226554 -0.610537317398825
-0.0113251750753701 -0.00461248246681908 0.649212250444067 -0.41387970364781
-0.00732808296578259 -0.00333460104223965 0.654988527751471 0.392764552630111
0.00328948059342584 0.024813991464206 0.114722088705544 0.538876357763001
-0.00786797427535813 0.0138633942633823 0.0575564511618067 0.00152638678744742
-0.0133503695488722 0.00711420021040412 -0.226280853920525 -0.460713338618918
-0.00545620085817088 -0.00334400088842603 -0.820739098199314 0.0764293111069411
0.00643762004034616 -0.00790641067499274 -0.25023188829714 0.859230939070154
0.0197649857616353 -0.00779115612071371 0.584748683344706 0.403252954779192
0.0204049858432887 0.00107719917696981 0.467166495164427 -0.22489923035655
0.0118513669865467 -0.00266713685781254 0.0935787746457642 -0.363750514912423
-0.00227978655612899 0.00608732616369486 -0.195627882037732 -0.241432427073531
0.0109966160151836 0.00150948030555478 0.105884319813783 0.182913083305285
0.0271514630012142 0.0134024641269995 -0.174063014676391 0.15651232018381
0.0302745130340033 0.0193316780916078 -0.414903009448849 -0.0933756468953481
0.00615645490057648 0.00142149229050042 -0.147777522497304 -0.599899194303197
-0.00830676522442445 -0.00645990959344197 0.61498433508649 -0.457807347183494
0.00442024151170649 -0.00581255514497628 0.674265496278547 0.338975162055635
0.0134804786346187 0.0325371370226263 0.13534765264208 0.528588425875915
-0.00318537450442573 0.0263506141959854 0.0585743158598286 0.00749321754879768
-0.000990482884826178 0.0096280132420851 -0.208798449454438 -0.471958541392006
0.00164121591914232 -0.011977362416717 -0.828932674377201 0.0287043187792334
0.00840343389297518 -0.0102885010224022 -0.308679648334247 0.847851688064645
0.0301239943679075 -0.00458477493785199 0.563079421410055 0.445894810401751
0.036693024138062 -0.000531291986803352 0.483788659071273 -0.193388023785111
0.0220251935384871 -0.00562368904773139 0.107800574250448 -0.355034629217206
0.00124014297610892 0.00800413238095768 -0.190229260099247 -0.238210788592895
0.00512834117775589 -0.002339632862835 0.132243292934188 0.20229399558289
-0.0205205138190655 0.00576611782071014 -0.121427091977486 0.237430800482665
-0.0483138400877251 0.00102318201544582 -0.432210567871352 0.127695469148978
-0.0397752605014074 -0.0108444029277827 -0.41371616319191 -0.387136355295376
-0.00917363804234429 0.0132345816452731 0.290053116805108 -0.686878595787351
-0.0243799686270531 0.0283707270896094 0.742109120886135 -0.0794545754526873
-0.0181052229412249 0.0149768813288981 0.318575443746653 0.434049921140762
-0.0184086584695173 -0.0179864986672143 0.0872561852561057 0.0574836400180774
-0.0396184877349497 -0.0129461251656036 -0.00922273620457792 -0.510015568659311
-0.0279135229550835 0.0192340746975688 -0.742346869395962 -0.405550079686789
0.00451680676526638 0.00968513812796752 -0.712961458522513 0.616622080272846
-0.0270664222526938 -0.0151999791764987 0.294227225885559 0.722984618312504
-0.0540896868004256 -0.0104280696265673 0.531903288226774 0.0555640926894842
-0.0321871712538462 0.00358471135249594 0.197865828971465 -0.280340656232524
-0.0179336902300961 -0.00799937051566928 -0.163418510638774 -0.227062524638036
0.00130900302477902 -0.00400915457890127 0.125818008234499 0.193633331129761
-0.0242950991263224 0.00531608246244048 -0.138068098988552 0.211688683459918
-0.0522790051293522 -0.00294072891178798 -0.445822866900578 0.0667836770146493
-0.0401680744853709 -0.0194624349319847 -0.356261279319437 -0.453344270519077
-0.013275408509932 0.0131851830282951 0.38909664074344 -0.647262131261262
-0.0328579971775264 0.0272378522036559 0.751315842883069 0.0307064891697843
-0.0240642532307775 0.00928020162528779 0.276025491303314 0.468059726828925
-0.0200345119302282 -0.0236694898933659 0.0825095930473989 0.0450035034718456
-0.0453629455533792 -0.0137056572412393 -0.0631163895592531 -0.504763118543368
-0.0285381815061791 0.0225625926798341 -0.785243608448513 -0.284682220140461
0.00213298860358079 0.00795039380512596 -0.607100408682742 0.710153218308297
-0.0312039168590208 -0.0157265635941703 0.385019472951422 0.658969010533194
-0.0564771864900661 -0.00695010576369927 0.527329533817654 -0.0222688623629798
-0.0338828444069335 0.00656550889034571 0.175669806020302 -0.30874673214707
-0.0197906991970072 -0.00893131895067588 -0.170802800410741 -0.233816174154014
0.000500424979106946 -0.00625184186233485 0.120157062336861 0.186676050843016
-0.0251063350077532 0.0069726621794678 -0.153639437353286 0.185722889339108
-0.0476608769740798 -0.00648830810829953 -0.447127169019825 0.0022673781834314
-0.0338526896937362 -0.02607595791533 -0.285013929289557 -0.515570300711249
-0.0141075870793673 0.0110391817241132 0.489128793036727 -0.584353113171587
-0.0379522746769418 0.0222580478697643 0.743389481879386 0.151089795493317
-0.0256267742515869 0.0058290769366704 0.225545746142616 0.499715645333337
-0.0197605883066487 -0.0260935970785383 0.0769598145327376 0.032153940396563
-0.0478870513666364 -0.00835626641648343 -0.11792648211182 -0.49617049938342
-0.0278836632412198 0.0241346048485168 -0.813724452140015 -0.15652213349305
0.00127762669434244 0.00453855156654832 -0.482772012012273 0.783645170082895
-0.0283617802959349 -0.0140476580921063 0.47019362032139 0.577803240332151
-0.0503216556777364 -0.000833646371429846 0.514431519461416 -0.0992530400557657
-0.0294656786155237 0.0089187200889552 0.145255848538903 -0.334992307887199
-0.0188104039021275 -0.00753786747330823 -0.180550538327617 -0.238305923459091
2.27790865950988E-05 -0.00631686934869935 0.116106503147642 0.177679657952388
-0.0207755679741356 0.00644966001015474 -0.163787924333322 0.162164621893564
-0.0348163564135956 -0.00797043584483142 -0.440126572207219 -0.0576207217791681
-0.0247387940563987 -0.0280309534681511 -0.208632502473267 -0.564478973021441
-0.017817038039991 0.00828124521454369 0.572395508270527 -0.513032220939064
-0.0375344001915549 0.0140474965626967 0.715263274998382 0.265032900680272
-0.0209587142371844 0.00283635481164107 0.17670508610961 0.522466843952512
-0.0185388665879537 -0.0222256945810713 0.0696781641886254 0.0174111667392924
-0.0445469374272889 -0.00300250282273704 -0.170307348313564 -0.481980530084981
-0.0240675459247866 0.0218640485971479 -0.822405551529407 -0.0380002187923757
0.00124736972324178 0.00158300528499928 -0.365085648968514 0.835923717128962
-0.0210402316459177 -0.0128049038298928 0.534192411361432 0.49506814059277
-0.0358668804797284 0.0041585098838835 0.493022708094042 -0.168346310812343
-0.0216439098628758 0.00843622862045477 0.117405691796125 -0.352652274688876
-0.0150372213885569 -0.00476444580971784 -0.189982438109434 -0.24029228967565
0.00127802019382638 -0.00541570506848902 0.113724918036956 0.172687007996616
-0.0104337736397769 0.00746104973498535 -0.169422688941648 0.145323388136424
-0.0185251860406745 -0.00313208842810773 -0.427276161216252 -0.099308773455671
-0.0163416602938618 -0.0247074533059507 -0.1465337045566 -0.594028853307348
-0.0170434807113403 0.00318627037869648 0.628112360043876 -0.451187789796057
-0.0309497187718175 0.005534423527539 0.68463367188405 0.351624818660941
-0.0145868938971615 0.00570311504929589 0.137083429180783 0.536506241048736
-0.0153544642169548 -0.013234397568909 0.0653816215597478 0.00662606683768269
-0.0379712402276491 0.00174531663160118 -0.21051797706338 -0.468039033934654
-0.0188935258837749 0.0159674931110021 -0.818865412228608 0.0499490292969708
0.00224896600888664 -0.00156559454424298 -0.277326999794037 0.862014693391647
-0.00923765042115141 -0.0111581936229287 0.573250764352977 0.427136920349659
-0.0181293501195955 0.00394693482805394 0.471373734200847 -0.215845681679549
-0.0119077398485695 0.00722118145217894 0.0957702175128334 -0.365794016982104
-0.0112074864622407 -0.00155380968151422 -0.196838719461802 -0.241144973674578
0.00382345670346547 -0.00313460407359839 0.111900486935005 0.170965341667315
0.00254770724535431 0.00973632966602845 -0.174392543705653 0.139427933153943
0.000160015880739405 0.00414799749364816 -0.417416803644465 -0.121487618251812
-0.00652237673437703 -0.0172358862238806 -0.11161870034431 -0.608215019944439
-0.0148087573683205 -0.00074237263813518 0.652526726216444 -0.416518448343399
-0.0202237365122373 6.12540902704701E-05 0.66290604101434 0.393311330016423
-0.00594900184814396 0.0132829722437038 0.118528427958426 0.541212911779713
-0.0118752592662441 -0.000535341511044147 0.0603930823842163 0.00105795886600465
-0.0256822808092623 0.00394081609029137 -0.230094435030486 -0.458689786339449
-0.0129978631887445 0.00731574991987104 -0.8162172231672 0.0922229253369095
0.00459340564178581 -0.00568876175393615 -0.231633268374128 0.869159080536234
0.00459890564145553 -0.00983196576951705 0.591683921444048 0.393289098482923
0.00242739183846703 0.00290182942671841 0.461830326629876 -0.234593834277712
0.000133602089147783 0.00365224281877038 0.0847182128887028 -0.368294026145693
-0.00780660976947873 0.00192907327208302 -0.202416622621149 -0.239751177909673
0.00739554351900798 -0.00127917270321203 0.110890602347142 0.174877892859991
0.0164492042705992 0.0111456196833589 -0.174875299119912 0.143937127255937
0.0169636305966046 0.0123396496228108 -0.413583950774568 -0.11795528430258
0.000393956932288627 -0.00730924405336748 -0.115945097154083 -0.611805015409069
-0.0126150704917112 -0.0040481924660535 0.646518902559559 -0.422610456476132
-0.00697146248348222 -0.00319102105948472 0.660655727131586 0.387366994529273
0.00306901929082039 0.0229814611477694 0.120563870464405 0.538781348814089
-0.00762144318137443 0.0137292789465315 0.0587768337823535 0.002913933773305
-0.0127163916597805 0.00726037183614666 -0.233310913643168 -0.460653698966543
-0.00565850252436452 -0.00249606557912173 -0.821996926998718 0.0878194956381804
0.00651541263092189 -0.0088738993145347 -0.240084193041629 0.865992997080537
0.0184785574391647 -0.00864473130806255 0.592243524280295 0.396110388912062
0.0209731089668395 0.00068033537430922 0.465030429913865 -0.230602523858339
0.0122632146436064 -0.00211523149388269 0.0870287580712401 -0.366822521849024
-0.00230235527016761 0.00562672708528925 -0.198816133707859 -0.238286907600846
0.00971589173818634 0.000636580440177057 0.109795655747381 0.179793652999282
0.0278437854566248 0.0126581828449082 -0.173787389512251 0.158445538644618
0.032216044345254 0.019286805327241 -0.416820428270934 -0.0889801534082501
0.0065308007586279 0.00151027175152947 -0.156117238013593 -0.598100178542422
-0.00881727986857515 -0.00643665780954541 0.609220614496384 -0.466725974953378
0.0045119198001415 -0.00600048970551439 0.678628223349679 0.334287707988931
0.0139801187686152 0.032544340156419 0.141264502811599 0.52873661859509
-0.00340353944109389 0.0269267288511205 0.0604284355312383 0.00694336788089381
-0.00155789083925738 0.00976054796051991 -0.213924124778463 -0.46979626542868
0.00111157990180142 -0.0120658680799482 -0.831075711530418 0.0381731638269663
0.00803244255121442 -0.00929346543672565 -0.297915322931694 0.853868441018778
0.0301016839092999 -0.00483920229823238 0.570276342470658 0.438767859418864
0.0375115203327821 -0.00164069205241475 0.481717372841647 -0.198527059653801
0.0221001417692566 -0.00560205850905586 0.10267279817913 -0.356781764544518
0.00242848070707861 0.00768089032738538 -0.195394050473296 -0.23479966839098
0.00395421064145737 -0.00396497462238021 0.137070903708527 0.199650191984275
-0.0204033293244966 0.00622813116434804 -0.118581398186871 0.238836216577628
-0.0489585613337525 0.00164588831930456 -0.430010048039166 0.134597476861237
-0.0402187813207222 -0.0107010932337476 -0.418684430304495 -0.384367137580758
-0.0096489080746796 0.0135570437103458 0.282379535336152 -0.690647141428511
-0.023345891980763 0.0294362617909816 0.742477816414927 -0.0893636369163941
-0.0177885880746327 0.0156367274229025 0.326614678881541 0.431643369109025
-0.0176024782859154 -0.0171313670357623 0.0884711147292555 0.0556319050272124
-0.0387686771729992 -0.0137465140155041 -0.0139446527079372 -0.511836907189565
-0.0265830784665577 0.0188988070937612 -0.749332504908746 -0.399466866577756
0.00406998932820679 0.00949931209590808 -0.706720629645601 0.626418596852056
-0.0270322173678908 -0.0145786286441655 0.304710993651996 0.719071367220201
-0.0546048010534487 -0.00933292974164142 0.532740648628307 0.0485415855092229
-0.0322688610555789 0.00348484508279961 0.193439708963879 -0.283979368707843
-0.0197691864257226 -0.00708394339274194 -0.169634020291068 -0.223913757243299
0.00100804357971413 -0.00525666469920227 0.129776509881609 0.191642239497759
-0.0253403487988491 0.00712245825476836 -0.134336114987326 0.215400884648991
-0.0521600128550336 -0.00162411276477377 -0.442068182596206 0.0726942994411518
-0.0398649364017914 -0.0177641101667585 -0.362515808975112 -0.45010394715618
-0.0119597873585398 0.0134156433679234 0.383342048747699 -0.652930041702948
-0.0322160884258466 0.0283121835634897 0.751422296609033 0.0204495726236858
-0.0234985199268362 0.00931796589152574 0.279832641079863 0.466251291485951
-0.0192504116672 -0.0249374810727269 0.0825128815899867 0.0421980175008961
-0.0450287752520483 -0.012496347771328 -0.06691144006311 -0.506421231213446
-0.0291543363183618 0.0233562939351098 -0.789723901721161 -0.276451120861891
0.00240549664194873 0.00798383789460157 -0.597200301151956 0.716212151845332
-0.0305911622533588 -0.0150944648306943 0.397094965705918 0.656597582488221
-0.0567921259866932 -0.00507131200439567 0.527708945768208 -0.0291829240563697
-0.0338450114843179 0.00710886020576729 0.169403072787953 -0.310648195430234
-0.0198517409345952 -0.00853845974776204 -0.176048637411754 -0.229640874251091
-0.000232650964426652 -0.00632767927571001 0.125152983676979 0.183434503570026
-0.0261357210879292 0.00585044801762973 -0.149723391511839 0.189472269610362
-0.0471743419525446 -0.00583415499240085 -0.446905465822909 0.00959561573192925
-0.033855582440494 -0.0247515820602893 -0.290287839791131 -0.512124902511687
-0.0145598944084694 0.0114834490008811 0.481229682917394 -0.591990249960984
-0.0372700208563283 0.0227896714182636 0.745308172620314 0.143490181655491
-0.024928970048673 0.00508325484747961 0.232367127708505 0.497666852794103
-0.0190774853022809 -0.0258866777076959 0.076584754506377 0.0305394040103545
-0.0481691696207768 -0.00826087947098831 -0.124375617445922 -0.497248502393507
-0.0276290617032078 0.0249126594441955 -0.816785325264784 -0.147104287793509
0.00169289474797876 0.0054952534550414 -0.475764516072563 0.792224255387566
-0.0295336197301889 -0.0146179281742791 0.478919423100906 0.574455187620577
-0.0504226462601087 -0.000648046614169433 0.51278267858508 -0.106506052816332
-0.0305840777436226 0.00933615517360079 0.13936261116499 -0.335400324622418
-0.0193560181413191 -0.00718035047696465 -0.186416399391444 -0.23427522171354
-0.000152111788114992 -0.00711775399872139 0.120514254435697 0.175173070105408
-0.0199264514475333 0.00746576715403664 -0.161855127055819 0.165405028204818
-0.0353819812994406 -0.00705569766275983 -0.44047659372343 -0.0495828393088541
-0.0252483827882595 -0.0272459690779261 -0.215103060204859 -0.560750244912394
-0.0173318097665543 0.00850126293306445 0.568890429878878 -0.522021183560151
-0.0370399492589612 0.0140774027446334 0.719896816569057 0.258554799499295
-0.0201886944521081 0.00314589010336773 0.182354452314997 0.522881289657789
-0.0185608449366035 -0.0215449462516041 0.070774187570189 0.0175412146932345
-0.0450654686928469 -0.00236275448959765 -0.174957417841627 -0.481352631262963
-0.0241532407076023 0.0222000739520617 -0.825425847709296 -0.0288313251287112
0.000977693096812667 0.00187307409231323 -0.357576391966043 0.841823864352729
-0.0227078033013943 -0.011306847574563 0.542659769790509 0.488633033300207
-0.0370522377440471 0.003986770268619 0.49040610158188 -0.173070291539462
-0.021598591986397 0.00903992390427241 0.112259134567885 -0.353938830500449
-0.0160601745280748 -0.00429408761031726 -0.195046379450786 -0.23675458681761
0.00126718573102064 -0.00584272023153974 0.116881938855098 0.169803249412539
-0.00984516170485372 0.00738489508800795 -0.16808560867674 0.148260155707958
-0.0191895608439451 -0.0039072335483 -0.428817912352522 -0.093384896323784
-0.015324291823052 -0.0242326373929483 -0.154155632960178 -0.593708792925199
-0.0171183678793214 0.00380573485827098 0.624689333187943 -0.458755467179569
-0.030166065563121 0.00659389656153729 0.688467839537299 0.345248416356182
-0.0141365643078756 0.00696473696190572 0.143573539960908 0.535910803959162
-0.0143651710829876 -0.0126057977988275 0.065649280410109 0.00606862864547125
-0.037455441941159 0.00139350187376906 -0.212964018810261 -0.468356230501735
-0.0181392998646822 0.0168585055629872 -0.820616205763632 0.058322156178179
0.00194802849869261 -0.00224331887273445 -0.266883407493692 0.86572356112964
-0.0101023209743911 -0.0104260507831615 0.581722267073697 0.421865855252482
-0.0176080175470594 0.00538334392510686 0.470492388203868 -0.220779344241755
-0.0113842120211271 0.00709696719254351 0.0895343363170252 -0.366472834545029
-0.0106519759562512 -0.00188822501589042 -0.203476350849425 -0.236600747423442
0.00322646261065767 -0.00401993014838746 0.116344078166116 0.168990680711057
0.0026491454222189 0.00973862244393785 -0.171332471033809 0.142170778771911
-2.45007615919818E-05 0.00336989463174745 -0.417932670485322 -0.114418825765819
-0.00752309650266293 -0.0170258517794161 -0.121183655871236 -0.608165504993689
-0.015646749250014 -0.000669711516835357 0.647888549488695 -0.422786532922953
-0.0196681374587188 0.000163312594628613 0.668906168460905 0.38803435386734
-0.00472485767763119 0.0135774666368703 0.123738872735764 0.541878075104466
-0.0112716958253855 -0.00152305642228781 0.0612597475462121 0.00222195279742293
-0.0258027439956297 0.00636366609240233 -0.23730964473962 -0.457055125038584
-0.0124575881304904 0.00733243857425331 -0.818810631720626 0.100910842778209
0.00412568294288141 -0.0065061361310712 -0.220355662208206 0.872864179900741
0.00463517399943747 -0.00957717656303541 0.596638999879406 0.386411911948978
0.00198040311330173 0.00342865121623449 0.45858480706084 -0.242648734896779
0.000198741211369582 0.00366918254237871 0.0793416086638074 -0.370046882888019
-0.00641215494132208 0.00279716353911263 -0.206199640415514 -0.235572253802516
0.00647892250867581 -0.00169238301668053 0.113730136673368 0.171136523912819
0.0165174928370368 0.0114236971523563 -0.172067024911249 0.148518352875237
0.017721350024738 0.0120447227424405 -0.413372696779573 -0.111645568426145
0.000935308305025349 -0.00716279063374398 -0.124931198689778 -0.610122720915676
-0.0124845471462555 -0.00330703545139001 0.640461240114073 -0.429580209031125
-0.00754641297098682 -0.00381275796636977 0.665102081617322 0.37960084493379
0.00356684041489682 0.023260670906774 0.125326157324549 0.539251162851151
-0.00696238754772827 0.0138936412980392 0.0597784340894267 0.00055258125915479
-0.0125134781349939 0.0081992517267402 -0.238243740269191 -0.460256129599781
-0.00553171037344361 -0.00243760682582891 -0.822071767772632 0.0985666692260521
0.00575118796601233 -0.00889695829955329 -0.229825610873149 0.870978360559431
0.0195502271718133 -0.00889012455847775 0.596640668805019 0.391052858564333
0.0213085806443187 8.89294169694604E-06 0.460393067203591 -0.237694903318162
0.0124340119865285 -0.00174224335900277 0.0808137855011916 -0.3680992650163
-0.00237640144279947 0.00623630736788129 -0.205034261118121 -0.234318511370718
0.0105992492899102 0.000411194374231817 0.114911542058229 0.177489681956805
0.0283268358725783 0.012074031882375 -0.169899004461555 0.162510192001962
0.0324067975542986 0.0190444262777813 -0.417800861660052 -0.0830002003507478
0.00661382935202965 0.00231955014484928 -0.163335913197594 -0.596355407757498
-0.00970804005494289 -0.00581979721301151 0.605602068542778 -0.475316220136335
0.00495916255780974 -0.00640546861001003 0.684237866785229 0.327295672240706
0.0140128450206658 0.0317292734586352 0.147211482913722 0.529931281825572
-0.00389439597721835 0.0269150769039485 0.0606878889177046 0.00604794205138482
-0.00115232782709218 0.00872103442295235 -0.218816412996419 -0.471498329226984
0.0010912482030862 -0.0115749308408242 -0.83147994455807 0.046227554918059
0.0067385765767543 -0.00991397511931852 -0.289280847242092 0.858360138336097
0.0309194470069777 -0.00659207713924685 0.575615549644911 0.432285936550044
0.0363103473650935 -0.00146022467690908 0.477350527864998 -0.206194196063482
0.0214608936683795 -0.0059646358764437 0.0969304023954408 -0.358900820306877
0.00187413628844609 0.00772638204273698 -0.199095335184758 -0.230945852403679
0.00371048048907767 -0.00407936116017902 0.140995792588001 0.195713632174321
-0.0206068568756793 0.00643297567040617 -0.114454033555782 0.241204418836934
-0.0494801565132457 0.00253526775861614 -0.428101759174847 0.1405267840719
-0.0406373927465749 -0.00848516048391098 -0.422154347065668 -0.377120902193898
-0.00841588465028374 0.0140016856994727 0.273421911416083 -0.695954444832061
-0.0232104874574956 0.0294402498281434 0.74043674178139 -0.0968830546598173
-0.0173574495512659 0.0146650142484873 0.331106642669861 0.427996594684137
-0.0178518130671243 -0.0169492688531022 0.0898179001361462 0.0551214933744441
-0.0390815450475954 -0.0123743731546979 -0.0188521089914051 -0.512514832851584
-0.026806619450012 0.0197083161742844 -0.753430977105078 -0.39177864386793
0.00530249639165658 0.0100984995261665 -0.699391492192199 0.634609277633091
-0.0284316333017304 -0.0127860328037469 0.313540485518134 0.716369883766966
-0.0551651165223375 -0.00744964067585287 0.534639607157556 0.0400571304537708
-0.0329013306966637 0.00483321750268 0.189181411908972 -0.286204219877343
-0.0200866085049021 -0.00623981117806931 -0.174383891205927 -0.219335348564101
0.000368986414533741 -0.00531565341969502 0.135000618601732 0.187644446828702
-0.0247350494479543 0.00670840078355729 -0.131289938751855 0.217972638845157
-0.0517380931064643 -0.000899461925333791 -0.441271670297956 0.0803189398838206
-0.0404984720949233 -0.017412105659927 -0.365873523036058 -0.444381936743051
-0.0114592430167139 0.0135280092652614 0.372766087632738 -0.659566335033435
-0.031402097928767 0.0285591356713792 0.752000357447069 0.0135945177740683
-0.0232334581276438 0.00941733456477217 0.287076123269093 0.464548781344338
-0.0200146264175971 -0.0243655121100088 0.0831061016207803 0.0428387301946229
-0.0457456932992751 -0.0119334933635786 -0.0747171611610469 -0.508119719779449
-0.0291669368091219 0.0242941363353796 -0.794175636686921 -0.267828528735191
0.00415243533167281 0.00803335739679088 -0.589089560483758 0.725857792576912
-0.031065881016013 -0.015222031921313 0.404401049743498 0.650545605830882
-0.0576132072824353 -0.00394708331486143 0.527447975870341 -0.0385905987194542
-0.0344754504017304 0.00728787274288648 0.164883341945711 -0.313683600540891
-0.0207600998520226 -0.00588334481364709 -0.180713727187005 -0.224739501760484
-0.00229390547642289 -0.00668308856247054 0.129061849348411 0.178911171923335
-0.0255432908645519 0.00769377717860337 -0.147143156633626 0.19166110224412
-0.0472381925351138 -0.00469835523388804 -0.446638416062924 0.0165918584885757
-0.0343781637235439 -0.0234733784722076 -0.296571387332095 -0.508446989628739
-0.0147903926413769 0.0128139778153595 0.474178655360041 -0.598300329725617
-0.0368631835279884 0.023106068426652 0.746943064395188 0.134848630838432
-0.0233507085437027 0.00392627521539688 0.238145662231619 0.496712815394611
-0.019440864927465 -0.0253722732189147 0.0777752005085033 0.0292428065549788
-0.0479675760778758 -0.006571973863931 -0.130448178093352 -0.495976653023484
-0.0274498753971577 0.0250626063377948 -0.819187350194174 -0.137387239327645
0.00132649321961089 0.00447208448397659 -0.465034885060719 0.799624316965373
-0.0300660729643883 -0.0130511881300288 0.484827576292122 0.567344380463335
-0.0503992465278499 0.00156792585930861 0.512103336120336 -0.113027960395313
-0.0301620322734251 0.00986144155520596 0.134128765362314 -0.337474586902799
-0.0194337580235039 -0.00686585399147292 -0.190382513454524 -0.229263756457501
-0.000653125259630047 -0.00769963280083668 0.124643933744807 0.170362054861067
-0.0202932630547997 0.00678065320169878 -0.158157780812149 0.167678355750601
-0.0355847629553338 -0.00654783609805229 -0.440837659448073 -0.0438032586416533
-0.0263093956913825 -0.0269787514732187 -0.222279998149909 -0.558890481890844
-0.0163161583730405 0.00865321881043086 0.560695204583243 -0.529756622470194
-0.0360194412826735 0.0159919658632495 0.724154121061351 0.251829028425796
-0.0197031306987535 0.00430979354528982 0.189777119008429 0.521288360155699
-0.0169682522527222 -0.0219284590855255 0.0714392699456802 0.0156545708488023
-0.0441745605036955 -0.0016233294466254 -0.18218259300458 -0.478304829068021
-0.0238582785468905 0.0240194344114907 -0.826029342688499 -0.0230891784727031
0.00114337074070097 0.00182114110497924 -0.345080757158023 0.847857704994909
-0.0215691051981315 -0.0106041778588539 0.54801868657988 0.481822297207717
-0.0372121741072448 0.00501313600966596 0.487603324555659 -0.179644517159666
-0.0222117775760382 0.00976056652784682 0.105143027495344 -0.355441765665152
-0.0158717073707843 -0.00353615443934002 -0.199559208413515 -0.231298857650857
-0.00105620332374893 -0.00715185005484367 0.121932568910387 0.167330923008163
-0.0099227811432058 0.00711650540847354 -0.166071790097254 0.150338494103957
-0.0194817123999289 -0.00281426715619509 -0.429267277685893 -0.0865757994149981
-0.0159188462767714 -0.0242455816947283 -0.161864876455749 -0.592210292104881
-0.0167846960087322 0.00402748953311241 0.617956856641755 -0.465214905697127
-0.0307678093451444 0.00687581530176362 0.694208252681164 0.338263069705045
-0.0125041588840178 0.00632709252127623 0.15194195433256 0.535722013415245
-0.0149076659309906 -0.0122124715021357 0.0648786141817286 0.00436551687184009
-0.0365310271126234 0.00260921700252758 -0.221308935038319 -0.464320236564507
-0.0188102010677673 0.0173425829920337 -0.821436140067289 0.0666076184354165
0.00255379753392433 -0.00184671434785251 -0.254699211230276 0.869985308167106
-0.00848687701618063 -0.0103451325855578 0.586509858546656 0.413825533149901
-0.01837105889115 0.0060981944364064 0.464515936690548 -0.226509328881934
-0.0113122918034637 0.00754313432971581 0.0843202870424672 -0.367814409353305
-0.0116201661228623 -0.000763432994948942 -0.208599011830835 -0.231758562272166
0.00264169889437552 -0.00546178266011638 0.118613029710714 0.164307623238034
0.00286412143041218 0.00909623826512931 -0.168947353798613 0.144140341736716
-0.000583886028648079 0.00429716163515507 -0.418540772312175 -0.107892223820517
-0.00748133776893079 -0.0175729599463115 -0.127205291572911 -0.607086898757595
-0.0157742354121388 -0.000187966204074748 0.641640948155661 -0.430432416029301
-0.0194829800443657 0.000683802392645656 0.671760783568917 0.378859435202042
-0.0047824287689169 0.0137579250041377 0.129098908454211 0.540789884560974
-0.0112729341260442 -0.000899556925284392 0.0618861073999481 0.00119540408777019
-0.0262870578273476 0.00635740975491047 -0.24224661692313 -0.457336840016835
-0.012442292455965 0.00758838538931368 -0.817057450909991 0.110893776978236
0.00420198825308887 -0.00537019597174336 -0.208859544892135 0.877684212555691
0.00411200489830802 -0.00937238946110282 0.603439175249038 0.379053739581731
0.00243542704142744 0.00268037204823456 0.454172543148665 -0.247741307007893
0.000383282546234572 0.00329655817893313 0.0721390042265986 -0.370719367038298
-0.0063144381507266 0.00235599320331051 -0.209799598895385 -0.231755104191418
0.00723147650048967 -0.00247762213462999 0.118884176864764 0.16793091698915
0.017393127782317 0.0108630630164459 -0.169231648792762 0.149746119798697
0.0174131308633175 0.011528042534462 -0.414966087734049 -0.105739257872375
-0.000525787090934668 -0.00838954898802533 -0.131706906872996 -0.607381634859258
-0.0121391411167418 -0.00350512534666426 0.638326660776971 -0.436412233766945
-0.00727939859761152 -0.00262194804531321 0.670478409528305 0.375711137407718
0.0044585559605495 0.0237037677986891 0.133511159247776 0.539473025363906
-0.00827098564315221 0.0129937693423908 0.0598289081150524 7.73203913960576E-05
-0.0128272155985528 0.0085692743302912 -0.243246279548425 -0.459047912704013
-0.00639621653623332 -0.00211790119032471 -0.820827872182541 0.108989494040097
0.00544266302445496 -0.00896283874593877 -0.218204753172074 0.875408228926648
0.0184931028235388 -0.00892861072896696 0.601801722912662 0.381946724482144
0.0212818264427852 -0.000285409264738133 0.459247007764313 -0.243755631581426
0.0119162056579061 -0.00280786904529877 0.0750333133315412 -0.368631944446128
-0.00162146705640171 0.00625573982269422 -0.210707679656429 -0.229525543882373
0.0099701169999936 0.000124343742227239 0.118769690231913 0.173969857742867
0.0280682583939334 0.0105178062392972 -0.166591868059959 0.165617703283166
0.0322119905601843 0.0167882544825109 -0.417379584731528 -0.0774193612522112
0.00737731678019706 0.00121815397598279 -0.171328596666542 -0.595666037224804
-0.00957327548010343 -0.00582972700705664 0.59803762956924 -0.483566629324936
0.00525216238401775 -0.0071480183118609 0.689848922427655 0.32183760975526
0.0151084556270098 0.0321450446230366 0.154569622135472 0.528928553081417
-0.00214946705809836 0.0265447434039201 0.0607075691082557 0.00481074547360082
-0.00108150862700706 0.00938538043846689 -0.225742551448788 -0.469258281454681
0.00095032867649366 -0.0120425501275534 -0.83030132673249 0.0555474421964894
0.00656402120618463 -0.00963629090333217 -0.276691474027959 0.86365411199725
0.0306941199548469 -0.00794591094721325 0.5813497738889 0.425454739775046
0.0372495468841545 -0.00215372212965462 0.475723163100897 -0.211863546751885
0.0230146533972706 -0.0061072574393629 0.0905350107797057 -0.361017535208443
0.00342841850156954 0.00970856963798363 -0.205017478344801 -0.226486906204312
0.00201320293511633 -0.00419616317730438 0.145345666815938 0.191170276553429
-0.0200213271336998 0.00693456765793877 -0.11022736693712 0.243205341790491
-0.0490157436243526 0.00411970011721586 -0.422894115327728 0.147279682396927
-0.0406434439550588 -0.00810045002839004 -0.425653576011968 -0.37177601003639
-0.00789185561438989 0.0142413455616427 0.263201360767567 -0.700151322644784
-0.0220398661788896 0.0301757380647933 0.738966129180708 -0.107917811533158
-0.0171714863071225 0.0154407361894373 0.334277962154935 0.423822104529593
-0.0167202531476829 -0.0177293170623068 0.0892541199702693 0.0538162463776269
-0.0390154192263438 -0.0116019327499382 -0.0263504300911137 -0.514606048977043
-0.0259793220111955 0.0205984294671345 -0.76024503467585 -0.382412212245388
0.00460774322015483 0.00921815398998892 -0.690052364541721 0.644386908546349
-0.0273977489672102 -0.0127034500788632 0.319305355040904 0.711496834584051
-0.0552070159806485 -0.00635533914522722 0.534082900276698 0.032115618473234
-0.0327366867458809 0.00516233354717666 0.183752797563703 -0.289358026274663
-0.0212056266941697 -0.00638680366264615 -0.179432120120689 -0.215392846736326
-0.000913212334923536 -0.00494924999372843 0.138930389855178 0.183244126935557
-0.0257272280428764 0.00700901413266571 -0.128527408960296 0.219126183358033
-0.05269635754166 0.000205905177715051 -0.437991283333046 0.0890913426791733
-0.0401665570863938 -0.0164861223444747 -0.371730548868582 -0.440753038982708
-0.0115761624442272 0.0146533730993916 0.363639546966792 -0.662362758018706
-0.0311650984413421 0.0284730255904577 0.749202671652323 0.00357266765182672
-0.0231168367817749 0.0088106797309251 0.290822744323653 0.460586982722027
-0.0189445774997556 -0.023133683081336 0.0848257651793371 0.0398071113176135
-0.0456488473693198 -0.0108815760709746 -0.079447100861229 -0.507426506178928
-0.0283511392118727 0.0243633288804065 -0.799141833480284 -0.259415349224443
0.0027445310796071 0.00833812802925541 -0.579194316049711 0.732400742094674
-0.0313765565321176 -0.013085699457259 0.41100874534694 0.645545643883667
-0.0566260898997581 -0.00268151564172061 0.525581549774048 -0.0444836184145939
-0.0341574292614746 0.00871262151017513 0.157560787892742 -0.315651050030002
-0.021349885256351 -0.0065313860338104 -0.186503854002187 -0.219490739573967
-0.00237158136916057 -0.00590197379981442 0.132876036408404 0.173760586170164
-0.0259856418852692 0.00746356092934279 -0.143627706882081 0.193548428404141
-0.0473293256121756 -0.00451887410512103 -0.443239100067883 0.0233164498211328
-0.0345759681983115 -0.0240727917918196 -0.302054513202638 -0.504149324345249
-0.0140769000362478 0.0126006201226932 0.466584521557947 -0.603020145905764
-0.0361604589913019 0.0237623843854372 0.747609819344543 0.128580669717948
-0.0240240813510671 0.0052108828734236 0.244376311601078 0.494789839259838
-0.0189135871578518 -0.0256326410131124 0.0784232078965469 0.028867767362223
-0.0467922870756345 -0.00632621408241308 -0.13591009439495 -0.495780416529395
-0.0272156795240395 0.0269097366213125 -0.81879332742322 -0.129493133519457
0.000751043125939165 0.00550152766528716 -0.455192982002146 0.804912589201269
-0.0304612166668307 -0.0118105788659186 0.493987797493913 0.559780816797869
-0.0504857772769727 0.00308313272217648 0.507594963519208 -0.121008671619423
-0.029379653180076 0.0101457756257006 0.127398954119203 -0.338625094948976
-0.0202649129109405 -0.00468056172304781 -0.195171817091226 -0.224026475498249
-0.00269695833231043 -0.00737943790187169 0.128255930019559 0.166879031431282
-0.0200759095314222 0.00650928624841598 -0.155438976361089 0.169587664150336
-0.035265451598271 -0.00552288368354698 -0.438423331425771 -0.036547990962866
-0.027105159766491 -0.0256633229292876 -0.230167402466805 -0.554211445571053
-0.0172960140027204 0.00939170833187265 0.551973195748591 -0.533217255145713
-0.0357081787259165 0.015916455107138 0.723770929213538 0.241554489642029
-0.0200835191559861 0.00341141277051424 0.194402872656317 0.519924572228569
-0.0176538644810873 -0.0215963595656161 0.0714332797315731 0.0143742046632877
-0.0443801623191953 -0.00158773149883304 -0.187438724073044 -0.478917981069312
-0.0222083125186473 0.0243156113046718 -0.823779267793694 -0.0104669360040987
0.00085523542028567 0.0021307153763551 -0.334113700213143 0.852208535257314
-0.0221058880573334 -0.0104675874673704 0.554936524685577 0.474839775945322
-0.035909403146308 0.00574796184024318 0.485087085559735 -0.186290878752812
-0.0215688254891242 0.0106085785630436 0.098402614226717 -0.356211071351755
-0.0173438893515195 -0.00356552484073326 -0.204801633782607 -0.226064006646173
-0.000497472026361228 -0.0073138614549203 0.126787069457331 0.16256747251723
-0.0103197572816687 0.00738009017477415 -0.162226151185128 0.153455681690216
-0.0190539124495822 -0.00291511272586359 -0.428049389941547 -0.0797130317825222
-0.0167964228190775 -0.0231793219244546 -0.168916640870787 -0.586619707390295
-0.0171487523889293 0.00434922376947844 0.609088567123777 -0.471100570772262
-0.0294985025313833 0.00773881378183029 0.698123787802003 0.330277223366299
-0.012446835354185 0.00708665522781772 0.158344584033053 0.534446178274831
-0.014442028185645 -0.0133007407362094 0.0655128061177854 0.00420328441287629
-0.0371597329522771 0.00366702937283134 -0.226510091431242 -0.46456050648647
-0.0181236128331249 0.0174006782147883 -0.818242551750517 0.0786158925964056
0.00077244337822888 -0.00195468743041821 -0.24463348353026 0.87258326062395
-0.00970041766475986 -0.00974380523884265 0.591366003490424 0.407389189434756
-0.0165417834010919 0.00593818462417146 0.461471814019926 -0.233377961045636
-0.0100617518735433 0.00742001731398818 0.0770857047567728 -0.366703750113969
-0.0119049783803944 0.000385621328950512 -0.213477830622983 -0.225903280332604
0.00126171631830514 -0.00549431122600859 0.12320964725371 0.160678109512055
0.0024946079217151 0.00920210059832679 -0.16592612531584 0.147548324009493
0.000334781650231988 0.00375656127847149 -0.417400837732909 -0.102489982802578
-0.0081614062858386 -0.0175278078021544 -0.136216736987662 -0.603447526908086
-0.0154707399349295 0.000244157009341403 0.636098934336799 -0.438836999912486
-0.0188144199870201 0.000175949554115527 0.676739367772537 0.373288476592868
-0.00362844135964691 0.0148530314454481 0.136377550259392 0.541183952064504
-0.0105456827561161 -0.00069642629983373 0.0616731338558713 -0.000612045451263076
-0.0263127682256773 0.00571190433335151 -0.247991034627097 -0.457038289797637
-0.0135544104457218 0.00871448994903842 -0.815841936517913 0.120054686490724
0.0034783907239565 -0.00535872401237726 -0.19981658245097 0.882321702842376
0.00514271931072225 -0.00994617496609163 0.60789131279576 0.372706643071417
0.00230497891481745 0.00317708316418142 0.449842276436692 -0.254015741775298
0.00118156765233293 0.0034580510707563 0.0658293265246274 -0.371020984995482
-0.00626328823731143 0.00398621097198435 -0.216577195872629 -0.224507486381519
0.0061754434107017 -0.00140797261595806 0.122604092895088 0.164424809632938
0.0172519302306802 0.010172229329182 -0.16551353780514 0.152811620837237
0.0188008776779691 0.0107843009211599 -0.414966793869886 -0.098790739416984
0.000119525601196708 -0.00750102549997327 -0.138703626585849 -0.60639301525867
-0.0133361370292832 -0.00428353109344516 0.632345934220858 -0.443309655730176
-0.00645663345108905 -0.00349648641895578 0.673285026224706 0.366620525558411
0.00570834031253 0.0229925636369564 0.13923281747364 0.537230229291392
-0.00713016007474642 0.0139503235639557 0.0609762492458127 -0.00194629865840182
-0.0123624589270192 0.00760712372975346 -0.247789887527424 -0.456074455494492
-0.00666388091593085 -0.00181105390139562 -0.819410289791483 0.116777312650407
0.00423071409572772 -0.00971048366227192 -0.206219251481534 0.876481459496587
0.0191806411823391 -0.00940895174360085 0.607218609138896 0.375679920348237
0.0225318911914072 -0.000343350161528255 0.451947118905137 -0.249390493016808
0.0119934285211336 -0.00173051368495066 0.0681145627013494 -0.369232310433337
-0.00146386872835156 0.0065061664559744 -0.214764958696872 -0.223984381964475
0.00955727763301538 0.000268388865328847 0.122418946451559 0.170033696946406
0.0294739727610474 0.00952154914372917 -0.16418655149502 0.168742578612213
0.0338107326580057 0.0171890232518075 -0.417481617956361 -0.0706200252454486
0.00674546371629193 0.00122517069042919 -0.178920985593025 -0.59296802255373
-0.00917447861111047 -0.00640083167155279 0.591115886927827 -0.489350370508118
0.00433502038107425 -0.00780090333379618 0.689365506263028 0.315831733719575
0.0149401178516665 0.03024633571303 0.161275473472063 0.525730411793894
-0.00299024685983978 0.0263014331144992 0.0610143655246108 0.00501582277349762
-0.000708451982534283 0.00947939928432879 -0.23002775388556 -0.465924121092647
-0.000513985256191991 -0.0119131081780367 -0.82980396600397 0.0663282545252318
0.00554645680218947 -0.0102858702755311 -0.266364122720134 0.86782095518989
0.0302414695150607 -0.00736405814243452 0.586668321260003 0.416275431546758
0.0366993966392336 -0.00320755227267084 0.471356189094291 -0.220349997440881
0.0226284733361592 -0.00706768942286772 0.0832491755209045 -0.360819385042901
0.00372978079795733 0.00846627812518956 -0.209838156839349 -0.220065154901156
0.00132285732458343 -0.00456181837305817 0.149646035281973 0.186046418032395
-0.0206545036640851 0.00771120260586852 -0.105047597755964 0.242649512204125
-0.0486860293466134 0.00489493866123439 -0.419438571018186 0.154955623196748
-0.0411439835423672 -0.00703655824211568 -0.430312888683928 -0.363384470373507
-0.00823590660260468 0.0152426942151907 0.254531063237319 -0.703987001650292
-0.0221674503783897 0.03060360150048 0.735021546170059 -0.116622050534706
-0.01512287878168 0.0156137747115406 0.339805652842162 0.421042709398725
-0.0165058474281463 -0.0168282238583767 0.0906414903341829 0.0521877949009586
-0.0382548390227198 -0.0106780322211801 -0.0320264455618915 -0.515001706255917
-0.02578424650333 0.0214437093095849 -0.763439722852719 -0.374797713688645
0.00546406490681985 0.00954575658464236 -0.681960969576781 0.653040285833237
-0.0270393999315235 -0.011834472381311 0.330518898788425 0.706155565537426
-0.055641930488169 -0.00465796434374404 0.533227749649837 0.0249641595001427
-0.0318515698304163 0.00609135742102282 0.177292586240326 -0.289364856900014
-0.0207788134164521 -0.00460626278580608 -0.184643469804678 -0.208467177208188
-0.00205103180602275 -0.00700163033322731 0.142294962899841 0.178522747578319
-0.0255232556200291 0.00821990256138422 -0.123260698584088 0.219841577358271
-0.0524428287521493 0.0010784575060038 -0.434363387084399 0.094933158009242
-0.0406287948938982 -0.0148493917414307 -0.374130516272534 -0.432042887003928
-0.0103438567688552 0.0147804478463086 0.355108569854025 -0.666417822858761
-0.0289125530104845 0.0304640484575667 0.749756857154937 -0.00362059859608721
-0.0212836803452464 0.0108181737877928 0.298312080955028 0.458894112523744
-0.0187625018604147 -0.0236145207337982 0.0845576106224943 0.039372604860871
-0.0452225028376513 -0.0098673887065242 -0.0850983538030048 -0.505941417771369
-0.0280979989222962 0.0264664229623697 -0.798010764749632 -0.250961200875208
0.00199924288627839 0.00754545831074098 -0.569296700088171 0.739309191060777
-0.0318523195560709 -0.0140985340091057 0.419691167588852 0.636223494794778
-0.0579301297706512 -0.000944026586778534 0.522787206628479 -0.0512479944212313
-0.0345894669957097 0.00906502215701524 0.152150053576366 -0.316554678801323
-0.022796823156789 -0.00560766058847098 -0.191594659673523 -0.213532528178048
-0.00323624418613904 -0.00713680440921387 0.137325125753277 0.169994801954607
-0.0248874197292058 0.00792445028762902 -0.140391226373904 0.195139194470304
-0.0474316557532937 -0.00257208865819427 -0.44140332643792 0.0305265201721917
-0.0360467701022905 -0.0224527403550587 -0.308785793706837 -0.499146111728916
-0.0135889913483954 0.0128395620269668 0.458214766811816 -0.608445296136773
-0.0351116983714491 0.025020360464779 0.74748640108184 0.119409260132437
-0.0225843610689116 0.00529278926855753 0.250032161190629 0.49176427708556
-0.0187089973006706 -0.0253994838764155 0.077421118860122 0.0262019091355166
-0.0468458198929165 -0.00545739923819066 -0.14136504056839 -0.495101060994609
-0.0266137935289918 0.0271192531231187 -0.820237699853924 -0.119271376978373
0.000653422571587667 0.00545678652131613 -0.441771020366524 0.808258433780374
-0.0306495227318704 -0.0106989894817538 0.498887892289673 0.552344186136166
-0.0509808607821192 0.00433597405058108 0.505282924792842 -0.127602452628082
-0.0295409766315952 0.0106575899311923 0.121969729602269 -0.339083671662426
-0.021877145075844 -0.00504975566003439 -0.199796830315113 -0.217898545932173
-0.00364981699099728 -0.00762029948846031 0.132905328857301 0.161659416137632
-0.0208487870274264 0.00808573656965189 -0.15145217207315 0.171697296734339
-0.0355275588474967 -0.00462369036900358 -0.437463595459124 -0.028985648184223
-0.0273288266682197 -0.0256583978910346 -0.236088569901602 -0.550378437033026
-0.0160821397245405 0.00952025331566814 0.545894016854732 -0.541379641909933
-0.0345873150562534 0.016343503136182 0.725933708544928 0.234088658378632
-0.0191774603171635 0.00481780649161124 0.202303130015902 0.516797245471863
-0.0176299259133549 -0.0212262319625635 0.0717951446221748 0.0129029586781591
-0.044209456394275 -0.00188513350872051 -0.192676557789558 -0.477764671473779
-0.0226967124991289 0.0245043249685551 -0.826264798025813 -0.00118599377678809
0.000994395637675609 0.00251452100008871 -0.321815399157618 0.857295752661172
-0.0227742871541614 -0.0102717074601727 0.559754144933749 0.46855821048073
-0.0370383172946607 0.00675173501830489 0.479960577695065 -0.191906556853654
-0.0230550926480641 0.0109763469329533 0.092498873828524 -0.357094079385414
-0.0167067700272608 -0.00197178469499092 -0.209818482307505 -0.2194949365334
-0.00148605826573973 -0.00619979734042942 0.12952237306365 0.157312569379821
-0.00990750398633824 0.00733009809298296 -0.160197205795003 0.156872802183344
-0.019316809963881 -0.00292154191611301 -0.426679708822194 -0.0732376070248061
-0.0178230442347766 -0.0234498729130445 -0.175848279449372 -0.583389601380077
-0.0171916467225884 0.00612679560454596 0.604199007228042 -0.480014447879487
-0.0299132404109652 0.00763313056333346 0.698726230928405 0.323693327730655
-0.0114926349310722 0.00718629536798671 0.163555681966275 0.53196960069382
-0.014790655278639 -0.0130781691968865 0.0654779207621904 0.00301798906037085
-0.0366724624317786 0.00495513099364758 -0.231481939572262 -0.461852700757509
-0.0173744797885225 0.0181406656497155 -0.819049446461443 0.0871954890865788
0.000861641744591482 -0.00194966403962101 -0.232357618015619 0.875703386704606
-0.0102583233564483 -0.00960342580259187 0.595137037691304 0.396040022222187
-0.0176136764806354 0.00648859872545523 0.457517159001181 -0.236681027647883
-0.0108252989085356 0.00790755809773265 0.0701998762924601 -0.365941130645669
-0.012485941610261 0.000568126554113346 -0.217504836718284 -0.2194531542723
0.00167240430517865 -0.00522543651184265 0.127166630783395 0.156024207523895
0.00350134518520331 0.00836258772913471 -0.162470016444136 0.148803489329566
-7.91752524715167E-05 0.00301436608823291 -0.417760000516355 -0.0945784411189775
-0.00904100272143741 -0.0165346096049483 -0.143051509319807 -0.601036418598191
-0.0155392611403239 0.000905865419464583 0.63043348061017 -0.445554573826468
-0.0196079853490702 0.00110908186848578 0.678246900913467 0.367951818310697
-0.00306014829656854 0.0134106645911228 0.141636122053978 0.53855222870503
-0.0112221687377045 -0.000799591286553894 0.0613192620919713 -0.0019196188120829
-0.0252816557401616 0.00700239268917155 -0.251999227402997 -0.452618861603859
-0.0133403244853052 0.00726861612446667 -0.814197189486449 0.130875062153939
0.00254706350994298 -0.00585773780256857 -0.185135004705949 0.883065904527618
0.00455083906883948 -0.00939632312808972 0.611065316222865 0.362337195665407
0.00252907076949114 0.00344188945181576 0.443578643562141 -0.25975824149653
0.000528136617652573 0.00318602654305454 0.0593534214310063 -0.37059452470248
-0.00610264982675337 0.00342849218077748 -0.222638998175648 -0.218623437065964
0.00576868400995675 -0.00203080904883834 0.126867515925343 0.159118794726894
0.0166633193449416 0.00950166302900635 -0.162843784822843 0.15462168729835
0.0182747716536112 0.0109945347675773 -0.413649282383467 -0.0935499929932636
-0.00089503915515111 -0.00760827760155528 -0.147786999230169 -0.603211353131244
-0.0132109788215877 -0.00411867139032281 0.624341346684087 -0.450019906512665
-0.00636606633004346 -0.00393467700764512 0.675560384118468 0.360182117971943
0.0062996765733055 0.0223029183524469 0.145315506749615 0.536668801511948
-0.006606170485437 0.0131712352782559 0.0603262033738206 -0.00199898379916951
-0.0135778930963194 0.00901688207973794 -0.252972641326488 -0.452279342849417
-0.00699714293097842 -0.00203546971887176 -0.817587603006111 0.127149790450827
0.00358654227696821 -0.00861331630930054 -0.194568140617698 0.880147770408566
0.0177091694101141 -0.0102859236503434 0.608818611288177 0.366229039374581
0.0213741787733244 -0.000969856144456223 0.448610713309543 -0.254575691601102
0.0123364179775985 -0.00234228742302119 0.0602977573926905 -0.369467990259005
-0.000966237568577754 0.00673933345094412 -0.219260533576484 -0.217493071612845
0.0103455965830524 -0.000538836888654224 0.126888993625449 0.164379604283169
0.0290433227206197 0.00881427943704952 -0.158698411137346 0.169705170006247
0.0340973685250995 0.01624042031566 -0.414038062004242 -0.06400412557814
0.00655203061008794 0.000508967760167213 -0.185471589666906 -0.588623259688053
-0.0106681640213674 -0.00646697577274718 0.58562885505794 -0.494338824346181
0.00435555403305297 -0.00713362816202396 0.69246198535331 0.307208286319337
0.0151704121054694 0.0297825994739955 0.167643693266197 0.526103245484628
-0.00285269470257895 0.0267736212234915 0.060807666399385 0.00358186902348808
-0.00100414773558566 0.00988073501637318 -0.235403853721607 -0.464980968489208
-0.000923553620182855 -0.0128390999808851 -0.827429104883399 0.0744638519884984
0.00491425959556812 -0.0104632708498712 -0.254885811406229 0.872447981661231
0.0292722654700093 -0.00831899020343194 0.591504981996865 0.40944895211184
0.0373918658771929 -0.00396384407094995 0.46692803653713 -0.224808459546612
0.0224268572064203 -0.00821448087593782 0.0776666510901921 -0.359744127702303
0.00408328420799361 0.0091898566011738 -0.213795314152615 -0.212781192893407
0.000723348503910485 -0.00392355212841529 0.153041190064626 0.179440675474173
-0.0206632110731451 0.00742550339093215 -0.100850765916655 0.243165535774284
-0.0484660882518237 0.00727590447168175 -0.412583614191069 0.15986934897456
-0.0408790391925062 -0.00566625843276993 -0.430839734367715 -0.357903810575368
-0.00781439560589273 0.0154087685309172 0.244794842009949 -0.704901703340458
-0.0211261273018524 0.0313837621039319 0.732091909148145 -0.122996939628338
-0.0158936042194483 0.0160285805213936 0.343352855180222 0.417410706406252
-0.0163506361068953 -0.0160657953216347 0.0904359603123761 0.0510953307329273
-0.0384590132302563 -0.0106128172890617 -0.0382032769729185 -0.514469135015015
-0.0247267408980747 0.0223554662688225 -0.765714127894936 -0.365699915754108
0.00452307995153844 0.0097916330227295 -0.671609213108654 0.656718384347124
-0.0275502880351921 -0.0110189031840633 0.339560445330616 0.699223508202062
-0.0558976588034919 -0.0031158246406368 0.532010709254291 0.0174176952465196
-0.0328317029537901 0.0074161639874969 0.171772802292469 -0.291225951567796
-0.0220776376830445 -0.00403429514605415 -0.188113430399059 -0.200709314640376
-0.00301182204726349 -0.00608174066357717 0.146903487645877 0.172202560333811
-0.026327448195291 0.00847737362036222 -0.119487999485877 0.220762679820037
-0.0526067020043674 0.00244535925316189 -0.429166574579191 0.0998627979611894
-0.0407082836549051 -0.0139880437940424 -0.380124309985864 -0.427139968683066
-0.0100348442271912 0.0158535809679257 0.346837977199132 -0.670813899992188
-0.0289765643961543 0.0309335608007462 0.7474464511474 -0.0115864349547674
-0.0200254656351607 0.010611237690908 0.302489191087397 0.453452041669338
-0.018916997128438 -0.0229271230231963 0.084752832755956 0.0380249016330301
-0.0445393982284218 -0.00943024541156696 -0.0919612850008273 -0.506068651172166
-0.0270561282200392 0.0262959697257602 -0.801221553918553 -0.241360178737835
0.0027626361566146 0.00823585742777676 -0.558275078965898 0.743755098833745
-0.0322863051160776 -0.0118720688621138 0.428231481259792 0.630230948382056
-0.0576968672057984 0.000346538296553884 0.521908409295956 -0.0586127024960286
-0.0355127060577785 0.00952214774901087 0.145655380322301 -0.316387430971611
-0.0243354456132279 -0.0043544602539237 -0.196367841578326 -0.206748220378715
-0.00397864710303132 -0.00743849098336269 0.141167939262088 0.1631469613182
-0.0258585152678596 0.00831019813841209 -0.136854427704836 0.196898826550382
-0.0487434682358361 -0.00120692398863251 -0.43650763404072 0.0374520386972335
-0.0362887090597376 -0.020121357805253 -0.31087071189795 -0.492633035348885
-0.0130065075757474 0.0129835177089727 0.450455556112041 -0.614511993702113
-0.035077410589098 0.0249952683279381 0.746747796314304 0.111548973346327
-0.0212923313053228 0.00677680902890658 0.256752179320954 0.489182442162155
-0.0195016605524869 -0.0241349443463324 0.0783711582666362 0.025448296030882
-0.0465070501495584 -0.003850737571218 -0.147413957221472 -0.49262575870753
-0.0255165922183167 0.0279143872174685 -0.82079802411958 -0.111653711423894
0.000544270347423416 0.00482063427568848 -0.432218419903987 0.814590411804022
-0.0295092139442726 -0.0102409745601151 0.503186919650964 0.543406318239125
-0.0512961223380551 0.00600387839649295 0.499488310865868 -0.132447277263562
-0.0296506504108347 0.0123313463300826 0.115080375757988 -0.340265561938002
-0.0219940356518648 -0.00325817244167559 -0.205046704891152 -0.210335746822647
-0.00477126304185283 -0.00901630478790625 0.136363399704439 0.156672909240741
-0.021818599023343 0.00850262037320842 -0.148374783974683 0.17333264388668
-0.0359494393034743 -0.00374986068819823 -0.434344780881134 -0.0222055612620006
-0.0280666813844105 -0.0236876774797964 -0.241547560166577 -0.544579073939762
-0.0156236715762462 0.0104408938516105 0.538547794933193 -0.545863178546041
-0.034763954785825 0.0169530362307533 0.727189368124535 0.227226254982258
-0.0184499347308743 0.00461615868401833 0.206474330903277 0.514887681444486
-0.0169898300841306 -0.0208229932313107 0.0719116782699021 0.0123369922017251
-0.0443953211816112 0.000926328046850027 -0.196986528428907 -0.475701721651713
-0.0227591552760732 0.0247498085517913 -0.823178074260419 0.0080781799989392
0.000614324627986662 0.00237992779940388 -0.311132362121256 0.857416110872175
-0.0224653362043003 -0.00880505826877633 0.563725591667817 0.458267761801873
-0.0369494425980933 0.00722851933410784 0.474005501685422 -0.198379322550236
-0.0221290687490755 0.0111936908724428 0.0856386580856179 -0.355579173279574
-0.0174315757022175 -0.0012562966884965 -0.212861489867263 -0.210931764085092
-0.00308995529981598 -0.0068682699871575 0.134430177706545 0.152202030628398
-0.0103897363934735 0.00692688924871266 -0.156602845843169 0.15812986830989
-0.0187538994934154 -0.00286904054123017 -0.426180439945397 -0.067091491762926
-0.0177216592801846 -0.0230607467469753 -0.182815205487776 -0.579413862761866
-0.0172486983325435 0.00577290899851326 0.596526391954099 -0.484095756592104
-0.0285949632188846 0.00832759792779917 0.700115395514262 0.315898689207397
-0.0110002727124208 0.00695017051652879 0.172120096244025 0.531873917962574
-0.0148291116025224 -0.0121820882172623 0.0671291564192135 0.00305658122257615
-0.0359791570232354 0.00405916927374677 -0.235543200508023 -0.457898844286664
-0.0168736770532531 0.0189406241253311 -0.815248903294378 0.0933625432072754
0.000584976048077446 -0.00174179356208978 -0.219472188289223 0.87741033817913
-0.0101038413905414 -0.00912277662707376 0.597886143641023 0.389995502382091
-0.0179773671158249 0.0074070317552467 0.449829377159173 -0.241742623829287
-0.0107703928498669 0.00843060987592976 0.0634953381202927 -0.36497266535368
-0.0119639042308956 0.00157570782912657 -0.221698613481862 -0.212533049748161
0.000833869576887697 -0.00484085743332849 0.131812062559672 0.150665483349892
0.00299680811688312 0.00733531871414228 -0.159671616102352 0.150699899434941
-0.000377745048430391 0.00331107296209145 -0.416254018798541 -0.0884174390094482
-0.00979791759695616 -0.0164388787984779 -0.149966157789487 -0.595483809364459
-0.015459030915812 0.00125042033941213 0.622067666919926 -0.449923540853569
-0.0195340536488731 0.00144850030240456 0.681365357373211 0.358321880363619
-0.00183863597772531 0.0139634256665977 0.149757576422786 0.538120357876714
-0.0100328806575556 -6.6765886896442E-05 0.0624696159275196 -0.00256218404782248
-0.0250967950260724 0.00599376764013603 -0.256876443771663 -0.44842018884503
-0.0126237506213688 0.0091179615411491 -0.810887511217085 0.139917155536354
0.00153419419424434 -0.00545175330990095 -0.174104388921539 0.883637627192554
0.00382611404612439 -0.0101817322991774 0.611743004785784 0.356078476532241
0.00284541995630881 0.00300861356437681 0.437362793112861 -0.263540131026324
0.00115262412452498 0.0047225610622024 0.0514797843270707 -0.370224340203859
-0.00668346248584454 0.00399549585737337 -0.225265910663021 -0.211214039271943
0.00544397160884086 -0.00361850711993976 0.130322140069252 0.153384434194579
0.0171908347863943 0.0084750668429672 -0.159060094780486 0.156107775132724
0.0195343149827725 0.0100412376093171 -0.412434122556653 -0.0873205875616674
-0.00127745249082092 -0.00803055244087237 -0.155629993676463 -0.596491858245011
-0.0133184167329336 -0.00379911367266673 0.616301894160844 -0.455284182736063
-0.00696655677697325 -0.00380488675538306 0.677733682515767 0.354711303670767
0.00530160403289031 0.0218801279603104 0.151836714454373 0.534090132311911
-0.00655952086962429 0.0132239066627307 0.0606378270373394 -0.00263241659588488
-0.0137935088939633 0.00841658074380286 -0.25793228315007 -0.450121089142185
-0.00760692176150317 -0.00194778222865862 -0.813428381713044 0.135887757102707
0.0026531203338661 -0.00905210028397498 -0.181514365581225 0.879660581997038
0.0175916000286009 -0.0109875284189853 0.61201287411058 0.358008814607691
0.0221439222385695 -0.00203724550236476 0.442424886611951 -0.257657061666884
0.0129939794282699 -0.00233406002419371 0.0545461871947705 -0.366817384387747
-0.0015386798107166 0.00636595559795975 -0.223670036504118 -0.209739009045525
0.00899329087702328 -0.000741478547588653 0.130585299201939 0.1595855792025
0.0291463657009124 0.00767662001738007 -0.155745805458528 0.170751242681441
0.0352017222820236 0.0162464648235764 -0.413429762712173 -0.0578059143227483
0.00665971410391864 0.000360638823942034 -0.190803221659162 -0.58371250441769
-0.0106362556889414 -0.00696294473012842 0.576712979485797 -0.499291929094557
0.00325592986176062 -0.00783152923755416 0.694432450969218 0.299950168605127
0.0161981582710377 0.029229750950188 0.171946979146698 0.523824610872029
-0.00191564418164176 0.02603279558757 0.0616931789072192 0.00300017763871206
-0.0010222872494519 0.00996504090206518 -0.239172863084157 -0.460562116822135
-0.000869721990045098 -0.0119398700077542 -0.827824180068565 0.0840890149358168
0.0038439315195988 -0.0106257392896847 -0.242223255339355 0.87267371281171
0.0297944470305487 -0.0089827774436449 0.593595386749144 0.399635309362781
0.036918724374935 -0.00402499870826067 0.462029063149438 -0.229194990075152
0.0232015261400307 -0.0086595234972704 0.0706455593560396 -0.358967083643351
0.00475643098813881 0.0092342753264225 -0.217720908101152 -0.206988949651746
-0.00148964396588978 -0.00506679099833972 0.157286295841658 0.173088026616614
-0.0222241670954827 0.00649687427886545 -0.096409055981109 0.242648938055813
-0.0491661961593557 0.00800895522315973 -0.406644495422663 0.165103070854413
-0.0400431882567616 -0.00478200392223926 -0.433192925124001 -0.352221220757599
-0.00643090146900647 0.0154364130370317 0.235262547995197 -0.704855178211944
-0.0188500313417689 0.0318294399198923 0.726948112520543 -0.130883818778148
-0.0139552099089542 0.0155673140793669 0.348543998390792 0.413273313609157
-0.0157000316308464 -0.0169658733608379 0.0901557570368925 0.0476554901365705
-0.037673196673716 -0.00999754981430497 -0.0454856108085985 -0.513306603220531
-0.0247582928200985 0.0224519527337058 -0.767516318089424 -0.35686801274179
0.00472527829355221 0.00922014238153242 -0.660725601521475 0.661723770682466
-0.0270144922763148 -0.00946411961700107 0.348766866289994 0.691431021971284
-0.0564770196419583 -0.00128838637147843 0.527719518360626 0.00888034528076422
-0.033491079894942 0.00813879937066478 0.165353488377709 -0.291479435148288
-0.022659105199507 -0.00406439420759869 -0.191619595063604 -0.191885972963399
-0.00365856936366803 -0.00658153685206457 0.150490112839265 0.165547240650713
-0.0264599971702602 0.008839253357987 -0.114009805453227 0.221630993477277
-0.0523847420035548 0.00377393607448291 -0.423720277031736 0.107018632540133
-0.0418018470389373 -0.0128739208199976 -0.380609008601657 -0.420551780720502
-0.00989392251111766 0.0166215029416503 0.337130562353105 -0.671681932081152
-0.0272019990113991 0.0301454073110265 0.74267123222573 -0.0208421742113621
-0.0201280729615539 0.00963709454875219 0.30692907995493 0.449826235959792
-0.0181070594031319 -0.0237456864758574 0.0846359499547332 0.0359770895198279
-0.0444144367909974 -0.0085970081179859 -0.0966121342597937 -0.504360133492445
-0.0269485692493988 0.0264906808766628 -0.801986831868032 -0.234217396650366
0.00265675968978813 0.00814069661471638 -0.545011486439318 0.747826954593102
-0.0322338300858782 -0.0103293556358695 0.433483831003368 0.62215377183302
-0.0578520774174694 0.00204743224806916 0.514193556946477 -0.0640540482129227
-0.0344441474694646 0.0105341348560557 0.138420625533288 -0.316875296279146
-0.02315673999184 -0.00271873519146064 -0.200392492691481 -0.198293545069544
-0.00573929718556257 -0.00730707299964807 0.144555517422549 0.157184412339967
-0.0266750393795356 0.00803736309683542 -0.132579197183637 0.197332889968537
-0.0472730434052436 -0.000849172552887892 -0.433360677303922 0.0440770813630866
-0.0367544599914203 -0.0196238227165841 -0.315065430532801 -0.48712663259108
-0.0134206682045016 0.0141152841919668 0.441148007128796 -0.613402488228412
-0.0342339023956423 0.0264690704946949 0.742634374908724 0.101571938156381
-0.0198610348301923 0.00600055934391165 0.259965304889301 0.483179602718172
-0.0178976853465026 -0.0243642391515826 0.0779669971096268 0.0235845936667972
-0.0453217133967166 -0.00375081701909031 -0.152297918811712 -0.490363188050372
-0.0247144469617812 0.0283628611789865 -0.819501109241676 -0.103378577398253
0.00145120137452069 0.00715168842605337 -0.419855137168059 0.81633280166098
-0.0303086628351553 -0.0097302954059194 0.511026644406652 0.534927135996054
-0.0503244385065531 0.00795890682279552 0.494362227850494 -0.139952631404253
-0.0299622203246882 0.0129463558712773 0.107203141987872 -0.339550766149984
-0.0224192454553321 -0.00219421835006279 -0.209401852378948 -0.200054808546813
-0.00559400976055769 -0.0069605254294414 0.139938786357944 0.14885051223547
-0.0211040825409378 0.00699846116675915 -0.145585853166574 0.174553940376958
-0.0356100101582117 -0.00416547484028472 -0.430647129520635 -0.0150302046946551
-0.0285912218598361 -0.0235187371501582 -0.246635523422084 -0.538679760494297
-0.0155287834284017 0.0121824645122298 0.528585773661879 -0.54782056055071
-0.0331396634374708 0.0177374399422703 0.725882734372575 0.218129516970343
-0.0168375468630402 0.00464942877603041 0.213723766956392 0.512837963981655
-0.0156182448779144 -0.0208635403296431 0.0726532886651639 0.0113879853336816
-0.0441663330077808 0.000776169991512628 -0.204017158970791 -0.4716640931039
-0.0212319116512617 0.0257372233900863 -0.820298944305962 0.0172967123145825
0.00117549952146132 0.00220973909076047 -0.297907024910128 0.857867867546889
-0.0228566033936392 -0.0086295468181321 0.566992498233022 0.44853720040579
-0.0349225328360602 0.00920150409976544 0.465804631629445 -0.202197684655787
-0.0216786247747303 0.0128103815033726 0.0787394125300167 -0.354969847607263
-0.0176021721779937 -0.00112705495093016 -0.217929544496647 -0.203780858653125
-0.00453886092163913 -0.00715992484602501 0.137020169974479 0.145180772189161
-0.0103178983146252 0.00791283036170655 -0.151658112883391 0.15751516741511
-0.0187393188446499 -0.00138821278483936 -0.422018735274614 -0.0592424625908257
-0.0192354003306537 -0.0219645301418594 -0.187651627067915 -0.573071920036828
-0.0160974264323646 0.00736429088746226 0.588557409165566 -0.489137799856312
-0.027728472016244 0.00903382934440227 0.70249556425679 0.308209907744071
-0.0100286197476087 0.00630751691311699 0.176466468363001 0.526190343526456
-0.0149007450757308 -0.0118280669607697 0.0661172194664269 0.00148712232065249
-0.0357473304077599 0.00563094445323613 -0.241602268610636 -0.456265970763231
-0.0166088247453834 0.018976587944569 -0.812902726553623 0.103674956895043
-0.000989095359280186 -0.00239162048019444 -0.208404901430247 0.875538426125343
-0.00950566523739054 -0.00834742581656545 0.601223286795409 0.378336233727818
-0.0173088056018418 0.00819371524290066 0.443095942962801 -0.246347652657497
-0.0103651736534814 0.00947229352701807 0.0570394006300858 -0.364242712965579
-0.012955147747717 0.00137921246772442 -0.225392365144656 -0.204094491010286
0.000669651342843101 -0.00440742722998366 0.135318058420985 0.144491009939033
0.0032693068030118 0.00809678934427888 -0.15396243374064 0.151988728186717
0.000624699568478754 0.00376052070601485 -0.413945572696012 -0.0805307765946129
-0.0101622754865413 -0.0155436687396123 -0.15642747897301 -0.590138139268966
-0.0160860552962746 0.00218911273415856 0.615921351200492 -0.454893267087899
-0.0185181758638043 0.00124049014855135 0.683843693257176 0.353134568384634
-0.00202929733468655 0.0125476190134019 0.156483916996102 0.535571926019884
-0.0105480284866205 0.000395593060114123 0.0625808871135929 -0.00331674984239967
-0.024683944265924 0.00728306011507099 -0.26276488378226 -0.447633400343403
-0.0131811646825327 0.00866816334343595 -0.804894084837089 0.148509029661274
0.000676554202887732 -0.00597747051295207 -0.163819137019661 0.882287968300673
0.00358670219573328 -0.0100748804140912 0.613421634709711 0.347843481501393
0.00254356314669893 0.00174929488068452 0.43109701074683 -0.26641440034312
0.00149803188911364 0.00287665896464684 0.0453975887228209 -0.365886743066889
-0.00524940489542942 0.00517067248447585 -0.228275635222319 -0.202473750945096
0.00496592698798304 -0.00259506383806542 0.134256033145715 0.148059823287878
0.0176956466609288 0.00850895196422687 -0.154146873695832 0.158417827427765
0.0192190854287042 0.00906389571243558 -0.41123997658845 -0.0805319657821138
-0.00286615036752997 -0.00794891736836501 -0.160043162721216 -0.592115069953606
-0.0133039330489537 -0.00398197438451817 0.606852762931389 -0.459931710396313
-0.00704553595005301 -0.00344884799444214 0.681434054591379 0.346936608504668
0.00621126092073458 0.0222790364184747 0.158112371716585 0.53289097817106
-0.00630512102082734 0.0133250633767111 0.0598879897594461 -0.00337741708500511
-0.0125978327795989 0.00923154303072771 -0.261715259350111 -0.447369742601794
-0.00742522255420096 -0.00203045611168519 -0.808748563327532 0.142672537133104
0.00179920213340196 -0.00905998569399618 -0.170823673284058 0.87995223179994
0.0175831735272784 -0.0108684998175058 0.613849435759459 0.349895577653847
0.0219732920383603 -0.00256200080144348 0.436139969804011 -0.263225214142556
0.0128772901970534 -0.00372344095220488 0.0483669092725011 -0.363826346604276
-0.00131770635965744 0.00647009413217067 -0.226600925036459 -0.200118814437807
0.00969572385155845 -0.00047473991004157 0.134042002254351 0.153639561106757
0.029951705569778 0.00715399564931701 -0.150480587612985 0.173131571714458
0.0348556169554318 0.0145554119953243 -0.411379714748196 -0.050872537385586
0.00711979429033594 -0.000141741178819648 -0.19812249804091 -0.576426662206519
-0.0109243025924745 -0.00629884838129414 0.569472052665971 -0.503746966098255
0.00418621962871955 -0.00825186297712624 0.69540764020018 0.292250728450563
0.0152704584724832 0.0292957574326919 0.179734156631916 0.520304648802544
-0.00289671955491993 0.0255823230971674 0.0615028658291236 0.00144810509216228
-0.00110707316004004 0.0100811724358969 -0.243814787378037 -0.458078019791946
-0.00216120875324393 -0.0116553752009162 -0.823474550056077 0.0912723044316599
0.00303154917170656 -0.0108933152123123 -0.229593603145846 0.870860466697887
0.0283230565827818 -0.00984077963020372 0.596617470959941 0.392282936254925
0.0382063300628923 -0.00602484342509131 0.453872730219579 -0.23233209318278
0.0233317461102343 -0.00958256508231786 0.0635047085288834 -0.356700953118507
0.00495318458113908 0.00890029703050481 -0.220442935405208 -0.19725657287437
-0.00528062373863896 -0.00393314448465224 0.148386100481198 0.175371149578782
-0.0255954649037755 0.00426360978302154 -0.106152468819023 0.23721521484959
-0.0484602611944037 0.00206029891592012 -0.411063345278845 0.143415732336359
-0.034457766542227 -0.00815165924504113 -0.408458284983262 -0.374021634646696
-0.00121224028788474 0.0219642237147391 0.268780187489191 -0.691519989568771
-0.0215951465289329 0.0404631656439894 0.728988714056166 -0.0903123907709293
-0.0172870228167311 0.0162859770121694 0.323628054498557 0.427110729497821
-0.014987158271787 -0.0167555591720032 0.0863981933736297 0.0527885711848336
-0.0342129340062569 -0.00845473984135031 -0.0149999727573426 -0.51354873206594
-0.0204021013675832 0.0231052041961916 -0.746031069056157 -0.403683537295601
0.00872636279181711 0.00811495866294065 -0.700466193032726 0.61975940872749
-0.0255892278898519 -0.0117595966265395 0.304778536446147 0.700737404686037
-0.0569009931798845 -0.00107365283343829 0.517557176281491 0.0359650079534166
-0.0321123477707072 0.00974154876442378 0.176240636825539 -0.278159678568875
-0.0199563527838262 -0.0014765545979037 -0.184153408649494 -0.198606660479849
-0.00884656346164572 -0.00674131166618252 0.142462883223638 0.167380414422191
-0.0290697725871533 0.00443203206178675 -0.123732017613581 0.215083483134589
-0.0506706341334096 -0.0024135553267534 -0.424546467727433 0.0850535572080335
-0.0337735544873512 -0.0160785959232739 -0.353085267543688 -0.441783507511977
-0.00536259673463624 0.0239740087450785 0.368947233037615 -0.650882956676589
-0.0313379366646829 0.0389236413292863 0.740564453212454 0.0217244670873301
-0.0232549386962181 0.00985708946000428 0.281731809081344 0.463508991819727
-0.0157927383272721 -0.0239765637905542 0.0807295587963701 0.0406434322649429
-0.0400722901961205 -0.00775582663533113 -0.065468890946675 -0.508858648066375
-0.0224766912353222 0.0264513218313974 -0.785966255113852 -0.280691985635537
0.00682586754910065 0.00687476516156077 -0.591182305152226 0.712729981484369
-0.0294225917658171 -0.012543740847212 0.393958188874927 0.638417652639736
-0.0587195607327769 0.00277408550616213 0.509497989939312 -0.0388511042408743
-0.0339191726117928 0.0125404912183944 0.15155757578486 -0.304460533681962
-0.0207099333291148 -0.00143597110075194 -0.191398770083658 -0.204150242950414
-0.00838749354690808 -0.00763242835939461 0.137344625072455 0.15876811634285
-0.0293803792275214 0.00465026618555617 -0.140066722115702 0.189436809930791
-0.0461308662906745 -0.00665532705108834 -0.430188782081551 0.0206899525585169
-0.0286477794247393 -0.0211343304743225 -0.285435225079024 -0.503530391669753
-0.00871867347165499 0.0230105557188148 0.469562269753227 -0.59063293700668
-0.0385279621441783 0.0325982936394951 0.735102578545815 0.145194252563898
-0.024420921954112 0.00514961245104359 0.232918617786932 0.496554723528109
-0.0156322593503954 -0.0248191168256043 0.0755963977370652 0.0280593725914284
-0.0416349770331818 -0.00358658821466761 -0.122157418458012 -0.498954982086942
-0.0214136274322204 0.0268401026729978 -0.81254357910687 -0.152955792366651
0.00519696872610566 0.00368509561500542 -0.471348977202312 0.788165716682799
-0.0283695877220969 -0.0121943573809101 0.47492619006921 0.556352944307599
-0.0506108824049398 0.0070896980620276 0.492486940407343 -0.111735233866157
-0.0292903100524518 0.0147654619562533 0.122798536063333 -0.327251250187628
-0.0195410991686419 0.000406882853833682 -0.199417960818035 -0.208194788286069
-0.00926296592483702 -0.0076821195438307 0.132483138936102 0.151794278212043
-0.0242119773172897 0.00357284585559335 -0.151200325283081 0.166787798076304
-0.0329061753853587 -0.00894912587717666 -0.425974589580673 -0.0362392731924792
-0.0202504645030608 -0.0240276219216047 -0.212514597032373 -0.551191600443139
-0.0128883860198132 0.0199169627557884 0.554224253637286 -0.519439572290271
-0.040117542723652 0.0233024736286854 0.711194522011738 0.260272990586776
-0.0206341007603483 0.00319151920157614 0.186617175092938 0.518461942052576
-0.0147115298793482 -0.0222432139061778 0.0713006403760133 0.0152338887575998
-0.0384606532521967 0.00116993937918962 -0.174712136521721 -0.483471801547257
-0.0163274931770713 0.0239766774019757 -0.820285367292354 -0.0322757582662478
0.00264622403251315 0.000247071629048712 -0.351604467977343 0.837928700640794
-0.0211095563666465 -0.00936168792659882 0.534785205538505 0.475028988842584
-0.0373773252544066 0.011016802928346 0.46907007639282 -0.175458371823649
-0.0209321995990566 0.0132771924091293 0.0949763664592292 -0.344329090531776
-0.0159400636128923 0.00167738368798212 -0.20897872867402 -0.210815667896002
-0.00820173323479826 -0.00617808293091467 0.130383005398041 0.14625929172703
-0.0113539471711016 0.00466808434631079 -0.158958203253523 0.15031391814398
-0.0140884969272813 -0.00574277137021816 -0.416621363347289 -0.08043594486655
-0.011286879561381 -0.0217915544724634 -0.15178758759968 -0.580555779585995
-0.0155741822367311 0.0157274211188508 0.610748134961332 -0.45515748704324
-0.0352016342865061 0.0142987044664639 0.681310339508503 0.347221561032563
-0.0136652969886653 0.00522543794055431 0.148425388827558 0.534923106019422
-0.0115687171680577 -0.0125444398296334 0.0662783803955326 0.00440170726238386
-0.031082326521621 0.00547183669382375 -0.212085990352195 -0.468409690991686
-0.0127235204900066 0.0178327765950283 -0.817093064230252 0.052396260390878
0.00279543685420509 -0.00377889036135918 -0.261584517185142 0.861562227506741
-0.0105986530870278 -0.0101991775610909 0.574328278001226 0.408381627350404
-0.0177256226603682 0.0089784544610681 0.448243191052613 -0.220949784788127
-0.00901051262126182 0.0107818118796359 0.0728303970180978 -0.353664678573441
-0.00988382205907106 0.00453486756896215 -0.215811183417383 -0.210351499194171
-0.00289579488519177 -0.00494060946735088 0.127294798478075 0.146116810102191
0.00326067686543809 0.00440621228700301 -0.162207659602241 0.145092630372193
0.00523503567066589 7.46318306584851E-05 -0.408496950906865 -0.103598892724656
-0.00188365316853482 -0.0146822598906911 -0.11875445059768 -0.594461821124996
-0.0143840605396815 0.0101862218134803 0.635101544583739 -0.419511429187111
-0.0254820002027568 0.00703832109034436 0.661297442043177 0.389736695218629
-0.00608428333810281 0.0125904685764175 0.127666607776451 0.539777169419218
-0.0103027619919062 -0.000825775424150898 0.0627714667105535 0.000539837272507775
-0.0216326560990101 0.00785416457237797 -0.233201344402025 -0.460600191406217
-0.00921263901615611 0.00755484402134387 -0.813076245701755 0.0977214673773534
0.0032766420133398 -0.00782796235526482 -0.218788947496954 0.871551359911359
0.00270484134444398 -0.0102785105009689 0.588804176572251 0.375287754686288
0.00141726887936218 0.00592409632062239 0.436576806518706 -0.241166955726964
0.00304079852879755 0.00563003969323442 0.0636114512828558 -0.358047802395482
-0.00341131488798811 0.00680042773197579 -0.217797292323767 -0.209359846405741
0.00180406041867856 -0.0021701094576747 0.126650507085554 0.148892989985698
0.0172964736499693 0.00549290750104938 -0.161694359255728 0.149052792355148
0.0242881928390736 0.00762472114335451 -0.404526289969563 -0.102698915300052
0.00738956808696509 -0.00512953971371543 -0.126315485836239 -0.599476803107107
-0.0126178429532366 0.00543590395525822 0.628786182129843 -0.424095809734922
-0.0139597855950411 0.00213982385420826 0.657019850383244 0.385085136524215
0.00149709842566269 0.0208536534658944 0.131816610850366 0.537612251663993
-0.00689121223577302 0.0124530185212624 0.0617977991012557 9.98114268421932E-05
-0.00994193186884845 0.0106926965711912 -0.234173107453555 -0.461332465634489
-0.00314019976083635 -0.00251465825543692 -0.817073866736404 0.094316195706772
0.00469556669168908 -0.0109743124618601 -0.222980518663207 0.867227761665424
0.0162063287831892 -0.0121882316583809 0.588854255418458 0.378524845916805
0.0187670010388562 0.00164493985350543 0.442455811994494 -0.235552233273242
0.014801339746311 -8.40557919087404E-05 0.0655164293461395 -0.35611164633609
0.00253834534620097 0.00917477627025897 -0.214713499066306 -0.206930586951528
0.00732122252830964 0.00133517765461834 0.126875025164152 0.153656035154632
0.0300931583089562 0.00468023398122546 -0.159211089801453 0.164961647534878
0.0393756874117923 0.0118666149273016 -0.407231551410361 -0.0739805137992636
0.0145276372511393 0.00116348961300991 -0.164520416958706 -0.586974106843165
-0.0087949218568912 0.00177800036511508 0.591993947610319 -0.468306502865811
-0.0025358707324985 -0.00141804498477451 0.675850313380337 0.332302191096609
0.0097583614144378 0.029221777014162 0.150324546470724 0.527279661198199
-0.0034801182927866 0.0254243744797471 0.06119314166245 0.00492670276592919
0.000874070454175275 0.0117077566194774 -0.21472001396652 -0.470175748538597
0.00188356555792038 -0.0116438711848215 -0.826746599553487 0.0422577273550229
0.00644181238438762 -0.0134640279548237 -0.281241305357799 0.857256454310661
0.0272155222817564 -0.0105427436387371 0.569338388614273 0.419390905690025
0.0342340985254184 -0.00211733643774428 0.462499249050185 -0.206903849907172
0.0233666340224055 -0.00568766830368708 0.0820862350200634 -0.347279287405421
0.00886246990549598 0.0100174524825905 -0.210431291951367 -0.203764691078456
-0.007852750801067 -0.00428525921714424 0.151021761569435 0.165845933730744
-0.0254054546266237 0.00432192423126903 -0.100523286922904 0.23555258539048
-0.0488533718335799 0.00297838406542766 -0.403323273643817 0.145890801428314
-0.034273949242937 -0.00690487279287604 -0.40806849129525 -0.368643476009017
-0.000370590177866767 0.0226923748537346 0.259670141862682 -0.690247521254719
-0.0202313784881894 0.0395073512620611 0.725086851835147 -0.0976163178091891
-0.0165979129362307 0.0153119403214201 0.326979298557302 0.425201544454235
-0.0149270919291202 -0.0169696376192249 0.0855546482884249 0.052108522811226
-0.0331298325860646 -0.00849582142039163 -0.0200919467314224 -0.514798087996909
-0.0199223788127187 0.0231272069721191 -0.747460709822423 -0.396571318901661
0.00996819614322137 0.0092884916020561 -0.688518189315343 0.620098712668944
-0.0252715216788905 -0.0104728223483501 0.310540883327561 0.689316274927933
-0.0574152750741395 0.000200013053530505 0.513952853050916 0.0273527231901993
-0.0319785846507647 0.0105651605266092 0.169255981827981 -0.277667753352843
-0.0206644471454217 -0.000407921917329595 -0.187587360279656 -0.189305786018463
-0.0102933875760366 -0.00575227006321114 0.145054545666501 0.159394386132562
-0.0297350724721649 0.00602659818372995 -0.119576290180552 0.213745241971626
-0.0506307276560056 -0.000929154434745129 -0.417838427052015 0.0900423220398652
-0.034030220726181 -0.0148140381146886 -0.353458068230467 -0.433730172813522
-0.00467619344050603 0.0240927852250407 0.358530910237996 -0.652855599371059
-0.031618878505175 0.0390109677952204 0.739154228666543 0.0126698732198524
-0.0212573172343725 0.0100248674478866 0.286855199312581 0.460919912948791
-0.0159288072456958 -0.0236845330089001 0.0811785869588752 0.0395774575751377
-0.0403754229821207 -0.00737543281489965 -0.0720843830102436 -0.508030155275551
-0.0212453498933686 0.0274094129104968 -0.785171454004036 -0.273246577634396
0.00764523608002736 0.00747366180926657 -0.580775428957095 0.715388577718754
-0.0288769525634458 -0.0110722683169855 0.398664293379596 0.627740966268388
-0.059111182315889 0.00512738537118857 0.504018133552905 -0.0446666242748546
-0.0344297996857303 0.013896399888738 0.14492358601851 -0.302361042998461
-0.0223998717154704 -3.92851185091374E-05 -0.195560424760678 -0.193080551382518
-0.0111250187032512 -0.00725370462365872 0.140270362741141 0.150540023223243
-0.0295088197574201 0.00493946381645792 -0.134800666577957 0.189656209515959
-0.0469986552019582 -0.00524733420597786 -0.425039065852342 0.0272932875859497
-0.0287000606420487 -0.020789282099858 -0.287551669471389 -0.494284784973641
-0.00821019412724246 0.0229351735387316 0.461294981325766 -0.591713944437927
-0.0375440928721131 0.0330474492592965 0.733608971203536 0.137836662246372
-0.0233665719798945 0.00483027231352639 0.238737746679097 0.490553351275425
-0.0154885327406812 -0.0250698040460819 0.0764256050626532 0.0266937035268689
-0.0413217159517434 -0.00304887447639187 -0.127583344536248 -0.497923735328657
-0.0204012643469701 0.0277900325800772 -0.811139987958117 -0.143364456904112
0.00525009703666856 0.00456293930394533 -0.459240316226669 0.788349397032079
-0.0282479604789401 -0.00952970302262575 0.474828376271892 0.547212255425021
-0.0509553102860098 0.00942718027617927 0.485471173660743 -0.117131385751195
-0.0286096325824131 0.015858141623834 0.114753156435672 -0.324117518849648
-0.0208640945142876 0.000596410168479425 -0.204552093725156 -0.197135443775922
-0.0116219208190107 -0.00755497273365944 0.136409162674156 0.142858922750418
-0.0231164739359774 0.00397904034340277 -0.146620425496276 0.166373498880059
-0.0332220295182563 -0.0066906576503357 -0.422531260001129 -0.0303646042572671
-0.0211030105606608 -0.0227801885648714 -0.216128454179524 -0.542526797830863
-0.0127827282092054 0.0208005187713321 0.545471817075332 -0.520282884789687
-0.0394662344207461 0.0236644944267943 0.711658304242081 0.253024250165225
-0.0194993343339116 0.0027896306625494 0.191367009042013 0.516894472002542
-0.0145132647817385 -0.0213152006195541 0.0708568030518009 0.0139679710872277
-0.0380835786560902 0.0018377261404336 -0.178857757413633 -0.482254033889575
-0.0168301400796936 0.0255770809951013 -0.816647155076039 -0.027045588329105
0.00443213800103263 -0.000203476513219883 -0.339519633561638 0.837530048907152
-0.0214652931337884 -0.00923014131334778 0.536928815384566 0.464717621023064
-0.0363878758480978 0.012783554737899 0.461664343983338 -0.178742106825489
-0.0203407553062214 0.0145793870633519 0.0872204015063216 -0.341833007461874
-0.016291491089604 0.00194437971683029 -0.211738804562804 -0.199953385794179
-0.00818108726874245 -0.0059904399962913 0.134326508197292 0.137737747388621
-0.0127823744883835 0.00459241612118913 -0.153823921811681 0.150371901147338
-0.0154358957973116 -0.00466028428525932 -0.413279908047644 -0.0746035426210624
-0.0115357756111561 -0.0201252173108789 -0.157804665986679 -0.573588085304591
-0.015043245514131 0.0161643803911175 0.604494143841646 -0.45822205510123
-0.0339728328974705 0.0138908673156625 0.683080973290251 0.341045954458539
-0.0136680773489263 0.00518050250291742 0.155134122816129 0.531362923880055
-0.0125211620135558 -0.0130715562310211 0.0665622770343121 0.00472683642984844
-0.0308554079469423 0.00606543806340641 -0.215927015140665 -0.466983455982445
-0.0128105741896719 0.0175305024500043 -0.81194337489499 0.0610036076916503
0.00250550289487876 -0.00344115880277522 -0.249265146873075 0.861015812291908
-0.0106364641159316 -0.0103523785631775 0.572518952176346 0.399556956247691
-0.0179917488282356 0.0102761868247643 0.44058034229665 -0.222816449275598
-0.00942214796702457 0.011440241350697 0.0668380187284511 -0.350562123495346
-0.0100445969416761 0.00497051739417744 -0.217702579988634 -0.199503790318788
-0.00408796362822017 -0.00402286322709599 0.131813514823827 0.137915565258849
0.0025386682985635 0.00483414940067656 -0.15797597270521 0.144298120902571
0.00469581438232794 -4.32771321455649E-05 -0.404241134183167 -0.0967500841012667
-0.00162123169546884 -0.0153978324159486 -0.127193567854641 -0.589777879672832
-0.0143748257693868 0.0107137668049871 0.625964239377637 -0.421154503312499
-0.0252249918612029 0.00674522662118936 0.662830764662211 0.384765231282908
-0.00548030265173044 0.0124904130135564 0.135920645613094 0.537635112072024
-0.00991508492001824 -0.0010333886289715 0.0625949732052114 -9.16494958371715E-06
-0.0220478839219468 0.0086442543343754 -0.236651377930531 -0.457217518613849
-0.00932495228879623 0.0082502513630256 -0.810082649140888 0.105586604435432
0.00381380241663051 -0.0077164470442925 -0.205381670509779 0.869386405880538
0.0031368584778358 -0.0116085782881372 0.589183808224862 0.366505346161145
0.00170265048464551 0.00520789376205763 0.429549605022747 -0.243486929361731
0.00262985152400243 0.00593491690699117 0.0567518543127073 -0.354106329978501
-0.0034934418086165 0.00713609361127181 -0.22118023864871 -0.197546548441559
0.00235146159576026 -0.00230182163950474 0.129777649395725 0.13978142233978
0.0177571357194576 0.00559292631391663 -0.158066735474315 0.149874774803804
0.0239107174471951 0.00677352805850627 -0.40077646314862 -0.0960316372800592
0.00609824239766464 -0.00577479431333484 -0.130583037100968 -0.589801899330454
-0.0119935787953748 0.00552397657229412 0.618408845186716 -0.428699621022706
-0.0143423201654061 0.00117116270701365 0.658280563168051 0.378766824264277
0.00163457824283006 0.0213920557087469 0.136785504710921 0.535683760732297
-0.00636097342209142 0.012979000460291 0.0611904388541235 -0.00013894659834554
-0.0109088134634098 0.00975516706944995 -0.238498373595583 -0.45876982287785
-0.0041162257929765 -0.00356507069638657 -0.811195037030697 0.100146696073188
0.00430234615915347 -0.0106043559069936 -0.212017158014057 0.866513102927765
0.015908984001175 -0.0135359556351169 0.588982855311217 0.368825356278308
0.0192838305352866 0.000926461493980284 0.434953291832462 -0.239664797624656
0.0139250339213435 -0.000140287532122369 0.0587735654167117 -0.351961450543861
0.00281140688986569 0.00873168900552633 -0.219810821533664 -0.196069304923062
0.00700590621155213 0.00135296784077185 0.131908666054247 0.146279931850832
0.0303297301139106 0.00487827281121213 -0.154827942644882 0.163250045614044
0.0390826767207522 0.0114763889170009 -0.402701423912324 -0.0695347792336222
0.0139186108142357 -5.02615620734195E-05 -0.168550231434216 -0.57888381683092
-0.00916023672755706 0.0021441330556361 0.583452725714913 -0.471489551715264
-0.00308396599221925 -0.00210870939414664 0.675401224119618 0.325244386229064
0.00947175312026623 0.0278376221157566 0.158773781048431 0.523771639232389
-0.004940082639125 0.024805425857712 0.0623158579513132 0.00474271490869832
0.000303263096229783 0.010905154172015 -0.21838330910537 -0.467481184513373
0.00185866609082626 -0.0115791406624218 -0.820543212466889 0.0506166679802139
0.00422160382278879 -0.0134674135367973 -0.27242826014264 0.856187947000268
0.0269610783227687 -0.0130644108718576 0.572258908749307 0.40964704805636
0.0349527753543888 -0.00357731640103497 0.45308547168517 -0.210893248268898
0.0232110150540709 -0.00670518327695756 0.0757849520944227 -0.343099458010516
0.00833875746734572 0.009889091208422 -0.212276086189713 -0.1927953240787
-0.00825369795721297 -0.00433623102409821 0.154985945256119 0.156129871462404
-0.0254118365857469 0.00548423164555526 -0.0957654181290399 0.232181845027409
-0.0481780200732846 0.00510580028668326 -0.395886233084695 0.151896266678172
-0.0331984066941204 -0.00556124446222665 -0.405299338398026 -0.362368404166887
0.000592779602585997 0.0237150300731897 0.253610731533607 -0.690056628676093
-0.0190408935581703 0.0396212465370217 0.71886137720909 -0.101434218974288
-0.0152824232808848 0.0152543345125446 0.331941592566074 0.418726046173968
-0.0131663379098004 -0.0176240394194488 0.0856039365464125 0.0507428169342096
-0.0339665137362404 -0.00791463608296635 -0.0273662008680475 -0.513736459073121
-0.0189906882640358 0.0237484940515208 -0.749827804419576 -0.390291573315146
0.0102502682413345 0.00924446814594632 -0.679923429518324 0.624051892248481
-0.0244515932971078 -0.0084808266734939 0.315040674126319 0.67961988887115
-0.0562088396873406 0.00264179227661713 0.506984755536456 0.0229393346653444
-0.0319462424620703 0.0116384018420272 0.162350950579967 -0.27558181159417
-0.0215482621812624 0.000825912639252077 -0.190113960303572 -0.177131051911889
-0.010821071319404 -0.00582094584675746 0.147932844134036 0.147843785583852
-0.0303050552453987 0.00602887675564686 -0.114429552509085 0.211240319538256
-0.0510256475621435 0.00165759641825687 -0.410215716561044 0.0944711424577235
-0.033036844423101 -0.0136573599774319 -0.353470456411872 -0.427692918923429
-0.0032821457638557 0.0255769046713587 0.354499675310689 -0.651630593735246
-0.0292738157735327 0.0388346128348228 0.734206888654309 0.00932735666163778
-0.0208461195942751 0.00998881177749955 0.291646746520247 0.453914175073939
-0.015421930991763 -0.0232494368849019 0.0810229596152244 0.0381576324814072
-0.0381303320595807 -0.00724345620577839 -0.0791084269689759 -0.507514810194925
-0.0206253534169772 0.0279361794286362 -0.785253235500806 -0.267144030894472
0.00784513802013655 0.00751125636685229 -0.569622611133673 0.713165813513355
-0.0282827368698229 -0.00950240987250636 0.401001109000375 0.615815991802826
-0.057246559195314 0.00688937704751916 0.498635724786267 -0.050652086768336
-0.034344629829283 0.0152302508573673 0.13765091524303 -0.299579367914195
-0.0232944402432349 0.00121676496223721 -0.19626913148135 -0.182179863608179
-0.0124709750918467 -0.00591125923567028 0.142632380451304 0.140110468473403
-0.0301194331543254 0.00624369898645685 -0.130534606991317 0.187202033735682
-0.0452842542385412 -0.00280009636837889 -0.419025273644526 0.0331905982428164
-0.0284773671154097 -0.0192914915242788 -0.287336513694846 -0.489289491826071
-0.00777471771325329 0.0245228301506201 0.452787468791657 -0.591655013414783
-0.0353903034407719 0.0337563203158692 0.72985463817634 0.132224028045816
-0.0214170519445731 0.0053367283646464 0.243126056881376 0.489106969807413
-0.0155459818886233 -0.0252350025206697 0.0773179143222682 0.0247221791430178
-0.039828628137871 -0.0025379755185333 -0.132977346567397 -0.494915275373978
-0.018567359861495 0.0288232671553705 -0.809754501314789 -0.137326671721916
0.00513220521164213 0.0035463732759115 -0.447520945979675 0.786868015073027
-0.0274038608729192 -0.0082084400650483 0.478392825438359 0.537627323960478
-0.0501760321405393 0.0113195561030834 0.478346328650815 -0.12065449743447
-0.0287724750038666 0.0172743673643653 0.108078305691524 -0.320180413022124
-0.0221319809477149 0.00269882828615665 -0.207230699728359 -0.18639394521243
-0.0128498248794652 -0.0070392181285841 0.138067487926217 0.1328903151548
-0.0238791131979314 0.00490682095592229 -0.143086751448001 0.166223324816813
-0.0339367828179128 -0.0064758183780111 -0.416616055503366 -0.0244675958931585
-0.0218432632944068 -0.0214319261603836 -0.217965284278048 -0.536284206108287
-0.0131273686505293 0.0218735208759293 0.538141314751389 -0.521280905627037
-0.0377077064081178 0.024673627096508 0.710556428035574 0.247459174945324
-0.0174032991595693 0.00290082692512739 0.197439145105737 0.514617917789962
-0.0145297361591758 -0.0214531834715024 0.0706645808741392 0.0124053722048894
-0.0364766982809796 0.00276055679918057 -0.182491014154855 -0.479606912467084
-0.015791658018067 0.0255983401490469 -0.812871525596173 -0.0197563510609635
0.00396934021190569 0.000515063430307153 -0.328472588353248 0.835774025745463
-0.0202234952482627 -0.00825444759044408 0.535883861513056 0.458311363598454
-0.0354727392886594 0.0125379345620297 0.452295179878458 -0.181050497585863
-0.0198616007775122 0.0156462618598658 0.0808054200857568 -0.335858797828356
-0.0168356179972313 0.00364415847052338 -0.214880775495448 -0.188607678751011
-0.0100717646489624 -0.00539728790340853 0.136377743791014 0.127654191339416
-0.0126209073885962 0.00500423359754549 -0.149033545179509 0.150362086961405
-0.0146171313163215 -0.00485705958463416 -0.409320267092349 -0.0665538895993611
-0.011904628505922 -0.0198734924387313 -0.160089558094664 -0.566692563945634
-0.0144885264702007 0.0172993701864239 0.594631503037008 -0.45822620127097
-0.0337067352319419 0.0146054756023314 0.682447123159059 0.335474250611234
-0.0129389458385714 0.00407211638534364 0.160965557918919 0.528463184089611
-0.0118537975262784 -0.0123082847334989 0.0670284791723414 0.00320958726520339
-0.0306244511674178 0.00621110587073896 -0.219334950645899 -0.464269936255599
-0.0122339394253679 0.0196248231953982 -0.806609889841519 0.0696805569005645
0.00351590075741521 -0.00379245704387272 -0.239868924553588 0.857933374770008
-0.0105519257989893 -0.0101366490803979 0.571302443693268 0.39162508036806
-0.0175191597576423 0.0109373996348054 0.433093346475642 -0.223763028750399
-0.00872482672434611 0.0121346227306729 0.0586041697676593 -0.345361510482769
-0.0100921572800351 0.00523211019709531 -0.220008604219909 -0.186255452168321
-0.00412233293848947 -0.00352829607430632 0.134908288862305 0.127784611909474
0.00238550412758701 0.00517592834410878 -0.153566791414067 0.143793348087898
0.00452117704930862 -3.76756072728119E-05 -0.400550093965523 -0.0892390382760129
-0.00311202794791464 -0.0140843189692788 -0.129596646744829 -0.581959423510099
-0.0145459593490854 0.0111987370029478 0.618242800373679 -0.422865316829952
-0.0246259659052791 0.00657503808196753 0.662976325896848 0.377986586159832
-0.00599335055571268 0.0113134479732297 0.14258968073129 0.53568711151379
-0.00948893731466287 0.000158617122948256 0.063545175871826 -0.00121078053147885
-0.0203676639656407 0.00889111756402404 -0.240366257265395 -0.454893359887798
-0.0077317931049751 0.00845298662325542 -0.801946804504746 0.111175522495849
0.00306385180428233 -0.00823207388480194 -0.195133606584338 0.867139505632935
0.00162107201471805 -0.0112788253498382 0.589526510046402 0.358917407843701
0.00208208115064758 0.00503222791289397 0.421854835883848 -0.243927449278022
0.00348893424145422 0.00581772480036809 0.0490370243423915 -0.348892624592443
-0.00294237242149137 0.0067576455828877 -0.223529042021244 -0.185762935518997
0.00168102037239304 -0.000782319474508122 0.133346428024358 0.128692343163481
0.0179575910812339 0.00442081470129842 -0.152727846153612 0.149699704897172
0.0231569385567257 0.0055013646959895 -0.396790245225109 -0.0881895244152736
0.00563901905364533 -0.00680249986725362 -0.135512650425916 -0.585067859782879
-0.0124033788888859 0.00534703437233651 0.612264557111985 -0.428392157259206
-0.0142455234241022 0.00155933482988129 0.658863160383303 0.372892431997288
0.00198926978538374 0.0200555809447282 0.143651413088189 0.531411207033203
-0.00737263094087205 0.0130840511940407 0.0628451857759773 -0.00134526140934122
-0.00993156542524137 0.0105674466079036 -0.242309812217332 -0.455180038592566
-0.00395933344646068 -0.00176218049920965 -0.807040957433473 0.109904001488893
0.00230028556648426 -0.0106834067857878 -0.201423684392321 0.864813991495458
0.0150856883265497 -0.0136968062027064 0.586515768137653 0.361884134136614
0.0182528092354295 -0.000938298104200978 0.429175101784776 -0.240888241200021
0.0148456628657935 -0.00206636509138363 0.0525057455583185 -0.346746369922341
0.00352413329574345 0.00801594987767926 -0.221083431349601 -0.184593594980609
0.00881276682238534 0.000682142173748349 0.133672847701485 0.136385502607259
0.0294496550490941 0.0033460678471232 -0.149181010878157 0.162671853808048
0.0389004237855764 0.0101884428343826 -0.398900047293623 -0.0618742180904278
0.013743951504127 0.000677801303973404 -0.172881479499841 -0.57365624899815
-0.00962561788615692 0.00309360101251911 0.575921906718795 -0.47207013171401
-0.00308937321985863 -0.00316912518988875 0.676147284580153 0.32231049791637
0.0105959227821645 0.0286902584707517 0.165609882239814 0.522309570416172
-0.00434268419861745 0.0259886740035253 0.0621992017049441 0.00323585896060381
0.00108231066121557 0.0113350017473102 -0.223560466560403 -0.465993485549349
0.000528871899804667 -0.0121654174657378 -0.816643778528987 0.0573177350789209
0.00351706060483047 -0.0136736292251395 -0.261204864802225 0.853932010509831
0.0257120777170683 -0.012769134142882 0.569232102897137 0.401415703334773
0.0339030498530558 -0.00410042443629991 0.444617017373034 -0.21246583639469
0.0247776104787648 -0.00677781038722622 0.0682317478423845 -0.339516110320388
0.0101295193720524 0.0087941100635647 -0.214597349007001 -0.181546856174097
-0.0106550277864875 -0.00270568911891778 0.157070924002943 0.144325884725271
-0.0268013295937854 0.00693087680457276 -0.0896830752837072 0.228705330414011
-0.0475152679905157 0.00799086200344357 -0.385839545993242 0.153326570134215
-0.0333593052109295 -0.00391880702962706 -0.404948220462089 -0.357337231574143
0.00158642187599391 0.0249221574998089 0.244658269476634 -0.687539021850924
-0.0177366544923547 0.0399494422416423 0.715308420978513 -0.108165453699641
-0.0147188520963629 0.0151510865488114 0.333606508675739 0.415866581582889
-0.013504609251198 -0.0183986216721981 0.0854608866870072 0.0494134565969058
-0.0323006557286487 -0.00720909684472565 -0.0343726119032363 -0.51190554945158
-0.0176563551238008 0.0238059494513909 -0.751502567949455 -0.383189076689919
0.0103942193033903 0.00931653563927573 -0.670699155498166 0.623921754790593
-0.0237282779473419 -0.00711816952440387 0.318644707634948 0.671737786197808
-0.055537461154467 0.0045366328077436 0.501014031232474 0.0150374066599085
-0.0330098784103354 0.0129930177214772 0.154576418319137 -0.273561140251372
-0.0230332409658927 0.00301268591534083 -0.193049919445605 -0.162546705789667
-0.0132016958791862 -0.00474882140507455 0.150829862845654 0.136386636486785
-0.0311852715103749 0.00840374767054305 -0.108836236987238 0.208057334229494
-0.0515326740525142 0.00293431537431737 -0.403842429001804 0.0983304388193528
-0.0327867962958222 -0.0111128693089137 -0.353813951627886 -0.421805061394261
-0.0018823196589912 0.0249779641365875 0.344317434535065 -0.649263347717596
-0.0271226621492355 0.0405923342155248 0.731116572814789 0.00487451314258265
-0.019927732796048 0.0103036948697137 0.296147800829046 0.452010300079261
-0.0143581980066536 -0.0232785343487615 0.0808706100881215 0.036402495512475
-0.0372937641312333 -0.00678782476954977 -0.0841756351913178 -0.505629887231924
-0.0193251592482616 0.0283019201867018 -0.786120782220574 -0.260225167721404
0.00854181028564426 0.00772495957083264 -0.562625268414058 0.713841238362287
-0.0280248893487582 -0.00831674780606076 0.402785285923286 0.607509396925908
-0.0567398236021616 0.00981838002250757 0.490890635592151 -0.0552013378416685
-0.0340018750778881 0.0161912184699795 0.130609907590324 -0.295447621277359
-0.0247364314474879 0.00259299782644799 -0.199586181529187 -0.168091511479444
-0.0155666063780929 -0.00447702997878828 0.145841380915979 0.127407633128579
-0.030504275340787 0.00770174835807744 -0.127236534116104 0.184709731017032
-0.0449467273964394 -0.00134094087271402 -0.411925234374497 0.0386521582649621
-0.0284270811763584 -0.0165191737919928 -0.289768955280145 -0.480905380729275
-0.00724717154497458 0.0260814162913737 0.443867629513469 -0.590798010921342
-0.0338011390496258 0.0336402688684513 0.728366378706119 0.127127318633339
-0.0194504503293711 0.00471036123877424 0.247970741592577 0.484483929033551
-0.0140423767562668 -0.0253933519462102 0.0768274927279533 0.0232127506284121
-0.038170873172965 -0.00214386689317413 -0.139575810718474 -0.493964475142499
-0.0177067668718354 0.0273764115785495 -0.806742282375049 -0.13073698270759
0.0056899348586635 0.00485105682465429 -0.437965723924456 0.785024248608043
-0.0263836493607001 -0.00729267498055986 0.478446384648274 0.528088236674659
-0.0493151162954105 0.0134411380766259 0.469717566021215 -0.124626183945994
-0.0282633281409422 0.0187901123792313 0.10069543648402 -0.316487348736961
-0.0220968402921628 0.0047309010661705 -0.207617675672355 -0.170363480196234
-0.015850865064462 -0.00603569968876266 0.141347849265566 0.121066814825415
-0.0237502678522867 0.00628530162756468 -0.137624317155143 0.163529452937079
-0.03377793939459 -0.00486209583120731 -0.410688925453947 -0.0180454099235278
-0.0224021285981168 -0.019346747010901 -0.220404686129712 -0.527735677076211
-0.0115079087632245 0.0223799241980971 0.528988505836681 -0.520240029415557
-0.0367694427525167 0.0243853144857036 0.708959607550955 0.242165167431837
-0.0172662308396728 0.00247818875063155 0.202371655558133 0.510112365723732
-0.0133254615983137 -0.0214161941722398 0.0714467145116251 0.0114696283051312
-0.0358773924269866 0.00412155266503396 -0.187898469432315 -0.476417542156827
-0.0150590079435983 0.0264582777032164 -0.809125871732366 -0.0134761870803786
0.00490151921414349 0.00159208663309328 -0.317724786602179 0.832411914597827
-0.0212674698260411 -0.00719798733737856 0.534552995789253 0.448633140753793
-0.0347034083778647 0.0148035485395049 0.446412224693547 -0.183506886099169
-0.0208489029415019 0.0163778763545043 0.073458363330256 -0.330532839033519
-0.0172971571043717 0.00546330750032247 -0.21416359751742 -0.171964613197611
-0.0104892615118972 -0.00560610808717921 0.137737339812936 0.116180257227153
-0.0124871915073166 0.00500686553247679 -0.145061155322019 0.149387807849907
-0.0152632300682983 -0.00324459234056256 -0.402198838253563 -0.0605026876059262
-0.0126854482756794 -0.01892202466202 -0.164207120845842 -0.557996054461853
-0.0141586384519714 0.017486799504056 0.586218289671782 -0.458112481212854
-0.0338066383093489 0.0150837321362928 0.685253915986271 0.329300546160424
-0.0111831092340822 0.00558993875363358 0.168447928488227 0.526140144740999
-0.0108197458184417 -0.011925111857957 0.0661917290527178 0.00155278897759582
-0.0293441737098999 0.00652452493891339 -0.22459415129498 -0.460456137268954
-0.0110225810615921 0.0198027726212369 -0.802187926822509 0.0735422367204519
0.00209059629605355 -0.00218282501940811 -0.229499398891168 0.85594371433258
-0.0113307950191689 -0.00854590098059196 0.572235485626397 0.385137427488063
-0.0167677066925348 0.0113283123305607 0.425856911065123 -0.224604829259628
-0.00849323833167466 0.0117557286291971 0.0527819601042853 -0.338694406697837
-0.011042071739514 0.00698202986457605 -0.221454260026932 -0.173626387903599
-0.00512783603703374 -0.00319092361039482 0.137131296652436 0.11648421229623
0.00175837364757345 0.00510908292034752 -0.147751920194087 0.143418213890217
0.00441668746653918 -0.00135434133987207 -0.39555251183875 -0.0828055431090636
-0.0040541310341926 -0.013394615121341 -0.133721122233206 -0.57297962417368
-0.0154997498465046 0.0110346359657747 0.609989720350448 -0.422388291652626
-0.0250898060861788 0.0080576279421564 0.663651078665584 0.374395006952453
-0.0056052042599815 0.0114721287591021 0.149292043875163 0.533664528894715
-0.00943653238311711 0.000520176542656779 0.0634636196193423 -0.00315392293288127
-0.0197218161734144 0.00864936404784378 -0.245891186423759 -0.451198925586183
-0.00753582392537815 0.00897414643588025 -0.798950590955813 0.11770337333648
0.00226035345364449 -0.00790755104384974 -0.183681215092358 0.862848191069657
0.00187851965841787 -0.0117794102801146 0.585913038321595 0.35253191922936
0.00131742687103021 0.00667320482859794 0.415070830508684 -0.24613225857397
0.00209391836456459 0.00634567820882511 0.0431346211073629 -0.341031243448293
-0.0036000848023581 0.00792418141470152 -0.223524718529528 -0.171473852158676
0.0020985474374297 -0.000424878645006449 0.135238807133583 0.117981315283003
0.0175876981882527 0.0042386333958087 -0.147397838483057 0.14634388361517
0.0238946521512613 0.00355138817392245 -0.391049458576136 -0.0835577121545232
0.00486226787221434 -0.00735250701513086 -0.138443216024717 -0.576815500015077
-0.0140765569749447 0.00671768393881689 0.603640181739852 -0.426812444866748
-0.0144939204874508 0.00099019089922659 0.65961381750665 0.368494634986925
0.00220965781940674 0.0186707567017123 0.152227014595419 0.531581140653994
-0.00671520152020444 0.0132291824999664 0.0618049344924419 -0.00175879662170002
-0.0104802271001994 0.00972133477276279 -0.245102828097359 -0.450796878975195
-0.00384257400207601 -0.00160923879122457 -0.801714823142436 0.115228419950386
0.00171786026796515 -0.0107908908475069 -0.192593144487532 0.859605240379205
0.0144992435823971 -0.0141203383055976 0.587227916726544 0.354078914055238
0.0196698721855269 -0.00031011854182948 0.418351063572387 -0.240597673335996
0.0147394454242175 -0.00216061707840225 0.046374952348033 -0.33927933385973
0.00370767350471509 0.00865306157287068 -0.222464387343648 -0.169234778693009
0.00757643786649711 4.18964124035168E-05 0.13601241185905 0.123516693518805
0.0309285489161549 0.00140789572111629 -0.14397138592845 0.160978703267899
0.0403959042049365 0.00746255675126256 -0.393569271249751 -0.0567120941317895
0.0127035589532237 -0.000821252453106873 -0.175501020769716 -0.563989986076061
-0.00975673499123759 0.00206835049447998 0.565404250574113 -0.471584980464163
-0.00353913573439214 -0.00306735130427317 0.676099596280962 0.31646828302487
0.0104700349274477 0.027058294774507 0.171654149454913 0.517489262261738
-0.00363739550450491 0.0260486495985467 0.0634352566191282 0.0032642198701091
-0.000684453923664076 0.0114485331749455 -0.226190159781453 -0.461772859347676
0.000734914432941616 -0.0110791896290466 -0.813179356859123 0.0643190671958499
0.00275973363476364 -0.0135773172733431 -0.252506811809154 0.849771603850479
0.0247430175957576 -0.0127288982187711 0.566509687075588 0.394055953020244
0.0331249622835744 -0.00543602331385656 0.435922198082156 -0.21464411597167
0.0244932192541096 -0.0082245101739322 0.0602087325007115 -0.33270029935949
0.011228497710814 0.00903428805497683 -0.215676785024436 -0.166986044036653
-0.01204218511303 -0.00284587416951268 0.156135386365151 0.130030191976433
-0.026369331571474 0.00800380416670096 -0.084889852000671 0.223476896013953
-0.0472209124843911 0.00988065227051244 -0.376596983387834 0.153815089688235
-0.0317235427584992 -0.00264991076208568 -0.401169059033302 -0.351932444760164
0.00390146304711513 0.024252107737407 0.236493661464909 -0.684528528092538
-0.0160126143472035 0.0393644694398201 0.710839138786833 -0.110719906893542
-0.0130476911373528 0.0139163341230848 0.336621969159906 0.411937149792037
-0.0123504790342558 -0.0176239828839409 0.0853397335891543 0.0465091397387385
-0.0318878598737987 -0.0078278012403601 -0.0400985711471255 -0.51111863844168
-0.0166741581989442 0.0237557295785487 -0.750160872720436 -0.379434738763122
0.0107004094700479 0.01019732038065 -0.661326836806423 0.622567812896324
-0.0236424666927501 -0.00577175134179646 0.318825168464685 0.661264840466768
-0.0544767974444446 0.00744743897653328 0.493364608435435 0.0100441393346856
-0.0325058742559852 0.0143793919869065 0.147044005763743 -0.268196442017027
-0.0244509126745297 0.00416348762504181 -0.192623854588323 -0.146454692590957
-0.0164388238917286 -0.00252237607378471 0.149539937185368 0.121100924517682
-0.030697375029331 0.00916169852310751 -0.103890201466407 0.203666006232196
-0.0494911790693463 0.00614946895457467 -0.394152846415894 0.101913530802918
-0.0325898288003661 -0.00946170899499742 -0.348410798052436 -0.413704562432249
-0.0012952822802899 0.0272396185390321 0.335579951039022 -0.648605718915543
-0.0259183643810104 0.0391438228005825 0.725666385486683 -0.00027996656684809
-0.0174636134467165 0.00931342548810498 0.300284759925513 0.448031285289182
-0.0138039099410102 -0.0241221282642132 0.0816071937393463 0.034378878215615
-0.0367932313682899 -0.00553913941733664 -0.0897690174301227 -0.504513040520422
-0.0173519063428909 0.028000479260747 -0.785444876511094 -0.254043397489313
0.00893076251449094 0.00785232009545814 -0.548213780590059 0.7110605951525
-0.0274238017120547 -0.00587279277574214 0.40162417862782 0.598728169465315
-0.0557493355974422 0.0110648251086838 0.482363188276422 -0.0586476243385094
-0.0332229723140357 0.0182824188057189 0.122978788574462 -0.289971175004005
-0.0268637072456328 0.0045153615531018 -0.199293946442298 -0.151488371714663
-0.0170925806032369 -0.00326401328190484 0.144441934230064 0.113897876491349
-0.0303709250859315 0.00956066073720416 -0.11973455043516 0.180963131123904
-0.0452897446806807 0.000306944543317149 -0.402058349902743 0.0430601353948773
-0.0283050797654354 -0.0145635907403869 -0.286437250725866 -0.47337756593365
-0.00547284612966066 0.0264847772631906 0.436588652193279 -0.589667479666511
-0.0322801057155753 0.0337127516415026 0.727733391945032 0.121302994584298
-0.0191033131587317 0.00504260515310439 0.255201821709546 0.481774651391719
-0.0136268019179225 -0.0250194481542135 0.0758422809420508 0.0219089321767628
-0.0361841277510628 -0.00170631996741285 -0.141832206700325 -0.490838062792211
-0.0163316311654124 0.0282844371962779 -0.80798910513652 -0.124345962635497
0.00670259924907605 0.00489906498257558 -0.425901715841864 0.780448411007575
-0.0250115890066954 -0.0065787162234351 0.475821126669944 0.520044750876524
-0.0488279711628277 0.0156797989377084 0.462151226739173 -0.125273142891657
-0.0284975957795269 0.019325701921987 0.0942704899274366 -0.309277585661953
-0.0240959011060687 0.0059521167397214 -0.207041767667228 -0.154577851392076
-0.0152647613747545 -0.00381385889972216 0.141778237318879 0.106231741365124
-0.0239936805692225 0.00799096438362473 -0.132148938538037 0.160822656690284
-0.032888478821609 -0.00387035527754549 -0.401845307609262 -0.0125108837478744
-0.022258738259017 -0.0178096404777616 -0.219649506372015 -0.520520594388435
-0.0101053392394914 0.0241114071641109 0.521561806817229 -0.519531206979218
-0.0357989772229609 0.0250205773408644 0.708041176287984 0.237045601136098
-0.0155179244715981 0.00257757836725265 0.209728371696284 0.507003525450036
-0.0131103005346382 -0.0212647195950754 0.071689676098083 0.0095244931521835
-0.0348815531428845 0.0032027864497397 -0.191919150100622 -0.473410987341983
-0.013647671972529 0.0267956018348341 -0.807144059938527 -0.00723471805088419
0.00454154469648218 0.00215896888087141 -0.309782023150952 0.82826281872933
-0.0201820638786164 -0.00519053536120226 0.533876968838319 0.443041211519909
-0.0336271772211182 0.0160413525441636 0.437268110781849 -0.184868010668505
-0.0200233514291114 0.018322449573688 0.0671108415645868 -0.323346167636629
-0.0184553259935888 0.00759436836914877 -0.215036830249572 -0.156894768238862
-0.0121242067162817 -0.00435604063871952 0.138763175952649 0.102969953345645
-0.0130326358976933 0.00585360620545967 -0.140423825898283 0.145975852937167
-0.016041515205837 -0.00396682003622139 -0.394876446711808 -0.0543474812757744
-0.0124498024037994 -0.0175844725423582 -0.164068526029656 -0.551872041371776
-0.0134089744007267 0.0186742880269251 0.578088162268391 -0.456464834291479
-0.0316446371964947 0.0160657153214091 0.684426771501764 0.32434843495121
-0.0111409901271996 0.00572711434725374 0.175637270246084 0.522597242950554
-0.010957927396828 -0.0118626353018771 0.067595997240576 0.000231022309214947
-0.0282777845588521 0.0065993802789345 -0.227972480526526 -0.45796959590077
-0.0105512563521305 0.0204531019431624 -0.797800194443286 0.0801192903706618
0.00293294905989668 -0.00240085163148813 -0.221023736456682 0.851495365180998
-0.0109406066862028 -0.00811975133971883 0.568080689167366 0.378626142722963
-0.0164558654586245 0.0116328266360303 0.417181113844121 -0.224452634552165
-0.00783417090974614 0.012875655358268 0.046058475170356 -0.329628762939788
-0.0110819134060433 0.00669584726084472 -0.220341913066315 -0.156598845861757
-0.00613122793679827 -0.00283583102997649 0.137332391840935 0.102465993115304
0.00152623250733204 0.00437430075122637 -0.14280839085204 0.140484827926743
0.00498497670400194 -0.00169177312256008 -0.389418351754788 -0.0762794699180292
-0.00486844712349994 -0.0134131389908807 -0.135628860360836 -0.565030329096637
-0.0144955300530995 0.0132612079028094 0.604597039538701 -0.420195909954665
-0.0247993801829447 0.00752433766808889 0.665920971765472 0.368215841531733
-0.00441484364514961 0.0117797574621953 0.156948009077356 0.531267340577316
-0.0084710417695919 0.000158327498711975 0.0648537066115277 -0.00423450239393638
-0.0195380738741378 0.00967177000922923 -0.247961828353935 -0.446653962091052
-0.00804126750420472 0.0108272772399119 -0.792860132377819 0.122289503157909
0.00201473647327228 -0.00602570337638319 -0.175152961980436 0.858422197302583
0.000580086802840589 -0.0120644014563391 0.582128237296729 0.345888486413045
0.00140789390846551 0.00533738178486283 0.404622132557003 -0.244330965666529
0.00333138639827202 0.00537661550520871 0.0373402890887518 -0.33330685189372
-0.00324426638425161 0.00813720898623915 -0.222502318866023 -0.154980180488865
0.00172204767892394 -0.0023683407423284 0.136880820270519 0.104470638044261
0.0180821601461934 0.00206804691532962 -0.144260289280375 0.144762383661996
0.0227655448708589 0.00299086756062379 -0.38598658239164 -0.0760525687624145
0.00388443360167136 -0.00779377587515663 -0.140475080683155 -0.567946044195435
-0.0134384199090006 0.00651059840821737 0.598129561392449 -0.425704870808444
-0.0149520459225763 0.00100334211321791 0.661394441055312 0.366112529651726
0.00245105082530691 0.0195364347581164 0.160563704577983 0.527930382356508
-0.00721289032216515 0.0142856185000907 0.0640919161804166 -0.00362733666225608
-0.0104192247510653 0.0108516997644468 -0.248240622209803 -0.448725484513514
-0.00420970741146416 -0.000454300409450078 -0.796081818017489 0.117994906632318
0.00133105861121864 -0.00965047047546111 -0.184322522300051 0.857180474987129
0.0137393809605904 -0.0149595238928 0.58177895797953 0.346280619987121
0.0182510530919805 -0.00212225486082033 0.409857350339542 -0.240535518101198
0.0138546161491107 -0.00261265338025959 0.041207992485823 -0.330616140213949
0.00443532594091619 0.00782703192905062 -0.219523819643429 -0.153022896067248
0.00730040976291741 2.74859420546295E-06 0.137071040190834 0.110266020426378
0.0307199996438975 0.00059287730705891 -0.139283164607384 0.157616646916496
0.0396797140393179 0.00456089746801035 -0.387649354643568 -0.0514527131351303
0.0110004854546208 -0.00144564673641239 -0.177610511672918 -0.553716778591252
-0.0114467319708733 0.00260050460366413 0.558304398767306 -0.469220084983378
-0.00529769611642129 -0.00274193258540044 0.677690722436714 0.313447498416493
0.00880102115050875 0.0283072249008463 0.180278456878507 0.517723164077251
-0.00488462098214817 0.0262756330534022 0.0643188726485088 0.00227754033131745
-0.00127137011354045 0.0125393116883217 -0.231025749496599 -0.458015048154372
-0.000844508660774923 -0.010892781986547 -0.808793144902336 0.0693878371024276
0.000716355465926475 -0.0135920005088705 -0.241298505888637 0.847452078105554
0.0231436664517027 -0.0145671230565103 0.563955080776372 0.388247900207407
0.0338264237085005 -0.00704973102837454 0.428264941989202 -0.214109445224615
0.0240558926701129 -0.00985446844414182 0.0554684739348084 -0.324412150783474
0.011849394939024 0.00723515486762488 -0.213958657840272 -0.15057205083725
-0.0147356034388409 -0.000159440395537876 0.154118245048559 0.1123797723523
-0.0273211507178636 0.0100507995366549 -0.0812147769557074 0.216202936514511
-0.0458188749817189 0.0129026992593404 -0.366365183471063 0.15300688764155
-0.0297703027115577 -0.000404940409424201 -0.395009491229154 -0.347988756223518
0.00487692785768652 0.0251055432705147 0.230247942395932 -0.683265479962177
-0.0144244095726582 0.037902862438897 0.706714751530077 -0.113945123724696
-0.0115278119358122 0.0139779936975961 0.344910608939283 0.406490625646157
-0.0122289825087783 -0.0183163570231299 0.0850353514575503 0.0456366759135458
-0.0307135786164177 -0.0072497589705484 -0.0467187494188894 -0.511064861920966
-0.015318328013858 0.0234268662421263 -0.754413740915693 -0.372188698534205
0.0118138152213026 0.0103938779447575 -0.650904110638257 0.620583608995729
-0.0222765268594342 -0.00435196726119745 0.318488195206687 0.649694487469391
-0.0540088549005506 0.0109105197417962 0.483710745074618 0.00534007126824251
-0.0327682077128019 0.0168020820323695 0.139913797517574 -0.26147737796957
-0.0263641927719091 0.00686930162149582 -0.19074473474753 -0.127781474060637
-0.0188701573909881 -0.0005191310106075 0.148973273383616 0.105192518935518
-0.0320109525760417 0.0111081331483567 -0.100390190897119 0.195923621866415
-0.048900662929167 0.00937674303275849 -0.382767725268395 0.101477359634543
-0.0312684766051792 -0.00682739354951341 -0.344476952254027 -0.410200021847547
0.00176871263875188 0.0273120521023011 0.331219018883365 -0.646287995599532
-0.0234248331629427 0.0390332666061206 0.723892899507097 -0.00600861973900314
-0.0158455903516904 0.00836197102025925 0.30570295043007 0.44317921510373
-0.0127400951934193 -0.0238380803308687 0.0813378382065371 0.0330178893043644
-0.0340543798072951 -0.00627613903536531 -0.0977715833299607 -0.502451810992773
-0.0158445945134352 0.0284186098318953 -0.785571987995148 -0.249120921737634
0.0101432625700063 0.00917020555632431 -0.542669789579365 0.706378985259356
-0.0254789568874492 -0.00304569571461115 0.399425739620136 0.589025854365277
-0.0545830982083574 0.0147423892342199 0.470679239246608 -0.0618456138078261
-0.0332762658008904 0.0207977426511498 0.114816193166403 -0.282060613680692
-0.0275605030068784 0.00753923108247622 -0.197041123941629 -0.131175024486434
-0.0194388016492132 -0.00150064758312468 0.144056630172441 0.0969908932770495
-0.0306584915517984 0.0107193471388384 -0.115840433121656 0.174026260743257
-0.0453193811727318 0.00243146635138535 -0.392123503645989 0.0465480017827067
-0.0274568534571468 -0.0121457431989471 -0.282873543238232 -0.466692066199161
-0.0034040675896047 0.0274765183390405 0.434021151759608 -0.587238402033748
-0.030815172091188 0.0336880117765365 0.72660210486034 0.119524229922926
-0.0169352254857193 0.00369592235804665 0.261773948550866 0.477498714243164
-0.0122839549068548 -0.0257305155117837 0.0777219215171354 0.019969186467439
-0.035024652925269 -0.00114449806107017 -0.150395261627133 -0.48993687173032
-0.0142817336525719 0.0289629951691992 -0.803433327361929 -0.119855597167019
0.00821818807052285 0.00672779312403519 -0.418659393733985 0.777998254673616
-0.0248436777782614 -0.00376982596197802 0.474527406850396 0.51403224611221
-0.0465198243864051 0.0181166120959261 0.451975391504978 -0.126153772116818
-0.028379654156363 0.0213328896427433 0.0869798260101086 -0.299247224884955
-0.0256343521710715 0.00860148988886961 -0.20458260582831 -0.13402217447502
-0.0184137464912607 -0.00272515045023509 0.140198797457496 0.0905516741592377
-0.0251139705017857 0.00826517227331401 -0.128012467654965 0.156016803590823
-0.0320620155123338 -0.00049775377804295 -0.393475591699162 -0.00819955002682633
-0.0217895717288235 -0.0158232094463362 -0.217071682080299 -0.510804952781916
-0.00879523924319267 0.0242325056008278 0.515640706215608 -0.515881821693018
-0.0325978723951315 0.0257557889780529 0.710684664750653 0.232573390743682
-0.0150141045834759 0.0025257516106089 0.217742694049119 0.503562131498505
-0.0103769811519818 -0.0207385459564137 0.0722435407484097 0.00745000760697142
-0.0336041454129391 0.00321392267665894 -0.198373386819687 -0.472361617571864
-0.0117347271164778 0.0274347992384455 -0.803117579914997 -0.0022028027405491
0.00582788584676792 0.0027046802356928 -0.300078225404808 0.824910724571964
-0.0198064510651202 -0.00428532282651133 0.529928897701378 0.436596392473141
-0.0332346963088846 0.0176682466942868 0.427181103893847 -0.182803449589969
-0.0192580924439681 0.0189959698801911 0.0613537167611227 -0.311520788296872
-0.0209077238237816 0.00933208882089962 -0.211636897793199 -0.135754153146273
-0.0134260453779035 -0.00124623876376077 0.137640180725881 0.0856447215316849
-0.0129317331012351 0.00617241986649777 -0.13657001284456 0.141677352829081
-0.0153347922948082 -0.00339842298696819 -0.387052937966182 -0.048708345666352
-0.0136810446157901 -0.0153822315426438 -0.161542975929328 -0.541586974905323
-0.0125713234480481 0.0202918932280026 0.572500149828375 -0.454733008112176
-0.0306977719369763 0.0156563517962899 0.685581295942871 0.322206156457544
-0.00937666741185475 0.00439357826912084 0.185143295505773 0.520103131559117
-0.0100930892006001 -0.0127892209050943 0.0680829382535505 -0.00149776416260733
-0.0262575505240538 0.00695887930269466 -0.232939962357517 -0.45559974667984
-0.0098960378531962 0.0198793305415778 -0.794933819295369 0.0852772946787588
0.00374677484047723 -0.00179647728932505 -0.213008237959057 0.849500611855101
-0.0108364877864008 -0.00630955765992804 0.564091007790908 0.371502500846352
-0.0151822013694215 0.0128300493414367 0.407166140012743 -0.219989940649595
-0.00772148878385146 0.0132313584453334 0.0428926157314264 -0.319512010681989
-0.0111195689074888 0.00822224563076749 -0.216466130808144 -0.136575089261001
-0.0061677835025629 -0.0012467221191664 0.135833597643531 0.0844193264231695
0.00188488096428784 0.00329258012204 -0.138258933631956 0.136767620857123
0.00492661818287429 -0.00126340668861705 -0.38047991603492 -0.0695315764562717
-0.00562207042097913 -0.0121038775869473 -0.136150134518586 -0.555610474025096
-0.0143297385775102 0.0136009441157835 0.597689943532961 -0.417900624031786
-0.0245972838509558 0.00739789333555679 0.668095013546283 0.365815153887395
-0.00351096804557448 0.0115311407838753 0.165292425401004 0.526686406794649
-0.00798305874842919 -5.89084346993346E-05 0.0657476376632683 -0.00652479367054183
-0.0192130668988528 0.00950842716663857 -0.251565899959658 -0.443694053727494
-0.00674257629815634 0.0111270918188001 -0.788088093480158 0.128089990221991
0.00133145110702979 -0.00573855285906059 -0.167983179640536 0.854458985436156
0.000239557541691411 -0.0106914349922673 0.577154393986925 0.340396459751661
0.00149374042637252 0.00497603961995086 0.39680115984858 -0.239907066218697
0.00379141358161727 0.00567958336026128 0.0333286075530101 -0.322216391539462
-0.00473814629398292 0.00851093693978543 -0.218328725687649 -0.134730993543654
0.000906726669704408 -0.000668590279768497 0.136110483677005 0.086775335971814
0.0178261604198297 0.00149039666956091 -0.137795121071044 0.140091627996793
0.0237674032308669 0.00165400493704739 -0.377591581427952 -0.07069727578147
0.00234009084161293 -0.00684534586945803 -0.140363154357866 -0.559361892996642
-0.0132958237849453 0.00757002817954871 0.590290106513546 -0.42223231822487
-0.0151712704766495 0.00166357480984777 0.665099023403985 0.361176630279348
0.0018114151739355 0.0197474793507061 0.168360975704557 0.524977183963349
-0.00664175039334319 0.0140733843775578 0.0654562155341398 -0.00565007084366384
-0.0100480408967113 0.0117901088666303 -0.252653773435987 -0.446090997002504
-0.00520022831626544 -0.00018988634600272 -0.792208926380026 0.123881635444915
-0.000352310893636481 -0.00858079151654098 -0.175292472494692 0.852266298729683
0.0108533769969119 -0.014709118595309 0.577921527393363 0.340417585207594
0.0178834653001121 -0.00309950222037676 0.401222510205303 -0.236834315345617
0.0144021741506458 -0.00367494492804647 0.0351693199283393 -0.320688947395088
0.00485681844449511 0.00651765166938752 -0.215879688215876 -0.131909575388791
0.00913184993306747 -0.00092309773216677 0.135778381969195 0.0912182907925199
0.0307931512876537 -0.00234718689854663 -0.134211014336775 0.15244664371363
0.0402414435024552 0.00373385754851764 -0.377321082833149 -0.0468298508751558
0.0106787264517234 -0.00224812513958919 -0.17563816557149 -0.54681870810293
-0.0123933364943179 0.00264694981281894 0.554065596060955 -0.464734469250041
-0.00548020673933837 -0.00302913438821294 0.681911924564338 0.309429576943735
0.00893077823048419 0.0272497684359841 0.188832886873035 0.513597306496484
-0.00497251191415812 0.027164796587303 0.0661996030388001 0.000784776302539136
-0.00174602963650027 0.013046876706295 -0.234367623153086 -0.456601600624092
-0.00156611526253127 -0.00933968742981891 -0.806153121306949 0.0759560759863089
-0.00172710141007504 -0.0113254373612213 -0.235048246653306 0.842534893792178
0.0206556404309432 -0.0154173112860416 0.559968971804663 0.382241353133944
0.0318960043443777 -0.00969825042744575 0.417576242550432 -0.212977864687173
0.0234632811931789 -0.0116774125217497 0.0507426883031072 -0.314600932242329
0.0136099119659117 0.00649458332768272 -0.209930063825764 -0.130274295182726
-0.017473520990608 0.00368835757831285 0.147587964322285 0.0916306725340287
-0.0273249038535606 0.0135521441153163 -0.0787576727414329 0.205019313165182
-0.0435056064227221 0.0156656830486828 -0.354958043800903 0.150843602295525
-0.0270320614050256 0.0019611622149861 -0.389231423571906 -0.345418222221947
0.00852262478453271 0.0238423808999145 0.223264672935617 -0.679915537490607
-0.0124615990838707 0.0381231284140153 0.703466343784046 -0.11720810733065
-0.0107084917292919 0.0116388682202256 0.349827971528779 0.401608608809143
-0.0104027105517265 -0.019019580422452 0.0836583672172823 0.0449184956365871
-0.0295457858512373 -0.00774537759882703 -0.0574832718152367 -0.508277239472873
-0.0131731654056629 0.0227510182947103 -0.757626153353847 -0.366701781037652
0.0132328898221791 0.0104163350042558 -0.645090032780013 0.61651384834871
-0.0188817852570083 -0.00165769141178526 0.314387729583502 0.640375576811631
-0.050635632823747 0.0145183488509026 0.472746289358763 0.00313449191034431
-0.0317584184010512 0.0195851614563946 0.131824152782053 -0.252958855037799
-0.0270497207013828 0.0106860549128685 -0.183258810577637 -0.102012255284683
-0.0204664336075196 0.00338312240520569 0.142283675777063 0.0842817381436239
-0.0322783765533119 0.0150986829514226 -0.0962331722168353 0.187619364473674
-0.0461980501824468 0.0128437880934453 -0.371068738066535 0.102263103007499
-0.0279475342507785 -0.00370514929739223 -0.339017544027685 -0.404452353109918
0.00400123171355684 0.0280906814519174 0.32446330672108 -0.641714793698161
-0.020980761293328 0.0387333954613764 0.724829139862878 -0.0103287243230741
-0.0143591544311248 0.00831974936539329 0.312822364101347 0.437101722318381
-0.0118987550292388 -0.0245797847653965 0.0809403804548865 0.0321831104201767
-0.0331214585963067 -0.00712878462463576 -0.106179780538712 -0.499460870729534
-0.0144439585655909 0.0275614044601909 -0.788164397426129 -0.244972972923574
0.0120630046999826 0.00927056256093609 -0.536064879897926 0.704080205453406
-0.0229580381034835 -0.00245350770288537 0.395300931026914 0.582301444111994
-0.0518035322666098 0.0183117133348672 0.460763906352171 -0.0602881750329132
-0.0326714426579373 0.0242307841653978 0.108236176378142 -0.270220963595202
-0.0286015539229887 0.0122926492088986 -0.187855430112 -0.10791320041665
-0.0217568773482348 0.00228660289399601 0.137302456431089 0.0751361631009802
-0.0303614419161292 0.0131573867370269 -0.113052271014859 0.16810008723056
-0.0429826722053737 0.00726440599183981 -0.379294230684386 0.0470822859408418
-0.0270202901405749 -0.00981516738074994 -0.277093217123702 -0.461526872962129
-0.00132937244210318 0.0284119121227984 0.424710143648119 -0.583821352802708
-0.0283890157830613 0.0341184631679685 0.726264819892238 0.111784560956755
-0.0141467386018592 0.00330162536317799 0.271914968463022 0.471998453222484
-0.0109130590279539 -0.0264379104499928 0.0768984608217456 0.0175581012235549
-0.032776002680242 -0.00290148884119486 -0.158098468848678 -0.48668186838353
-0.0119109038962975 0.0296685032282175 -0.803238136014705 -0.114110663087077
0.0105422789201882 0.00620957177010359 -0.411229357711379 0.77396527139228
-0.0227306535632873 -0.00170209378231479 0.467067983763107 0.506076242375731
-0.0442814248312964 0.0207243485216963 0.442380047232995 -0.122005426478719
-0.0277316926429931 0.0254962423155836 0.081929879147479 -0.286416320049929
-0.0262687899432285 0.0117672930059545 -0.195675244159211 -0.110653306761283
-0.0192686226064787 0.000290908824102598 0.132380111584823 0.0690334401099132
-0.0259004164231256 0.0113254212759556 -0.125502102647061 0.149939400561917
-0.0324052977320034 0.000812070470508632 -0.379924450589975 -0.00425010904639723
-0.0221666747871886 -0.0146000270707215 -0.213514747948686 -0.504672954440539
-0.00753356395503802 0.0262483807703158 0.512622824812241 -0.513338508858989
-0.0317616239715594 0.0258653987451129 0.713098185354107 0.227729256514923
-0.0130997824029606 0.00114579038354923 0.228648805974333 0.498338419966956
-0.0108875607400294 -0.0219900977648088 0.0728224825976163 0.00580013865485207
-0.0320403504005946 0.00340996293987892 -0.2038572480859 -0.468636968395515
-0.00971863270408156 0.0270643448496268 -0.802648321651693 0.00299769242485302
0.00763454293006612 0.00339263677965159 -0.293708121784226 0.819590549161231
-0.0182519475969358 -0.0029668402076071 0.52508041315564 0.430907119890394
-0.0298653910724676 0.0194823453060389 0.418227948010892 -0.176216545776291
-0.0181062243732007 0.0217610576732076 0.0568103625412154 -0.298658344062752
-0.0202346637429919 0.0110304657630348 -0.201106260550121 -0.112077578648916
-0.0145410938500485 -0.000224396867107532 0.131682503084045 0.0642231943954501
-0.0138674136809322 0.006970888960068 -0.131542611717744 0.13683644043505
-0.01421301077585 -0.00263629844204481 -0.376585176265842 -0.0430926824948933
-0.0150318112563513 -0.0137404372555023 -0.160059731801386 -0.531940368550587
-0.0120588341771447 0.0217136127095545 0.567925034622421 -0.451960335569573
-0.0299771387452588 0.0149216658547816 0.691972366955393 0.317736558259112
-0.00777468783863215 0.0051805081345583 0.194562166473556 0.515074297969766
-0.0102450716484682 -0.0134553316573301 0.0688831545871479 -0.00449645266657196
-0.0262120727923692 0.00701909378774946 -0.239547919923171 -0.451468579953516
-0.00796633773094609 0.020137329245689 -0.791577762829539 0.0894227235338667
0.00410594766286674 -0.000780282444379637 -0.204583405520267 0.840553810421987
-0.0108894435977634 -0.00520317011392979 0.559643263508476 0.367426798108623
-0.0141160214753003 0.013879229612474 0.398234019335198 -0.214790350662751
-0.00658082219105447 0.0138358622034596 0.0384195879306806 -0.304286195386911
-0.0122604503136156 0.0104561949869707 -0.207174587301608 -0.112396795491288
-0.00604016604161353 0.000353204958165431 0.130434858719879 0.063984804768464
0.00268165352311544 0.00389619105660185 -0.133492197981028 0.129659641955137
0.00420914096130638 -0.00215931981949252 -0.37053594563593 -0.0634101064959798
-0.00658283509736702 -0.0108862371331527 -0.132992951292083 -0.547093468324189
-0.0139325640902675 0.0148715007118378 0.593343235068203 -0.414994209833452
-0.0236098362987369 0.00709419473544576 0.675653515014462 0.36331646109467
-0.00283936876483052 0.0108702935668354 0.17818711112644 0.520862680737793
-0.00827129264152758 0.000913925814702121 0.0674182324101516 -0.00878179558761139
-0.0180716314958437 0.0101618477121098 -0.258596904357052 -0.44132301167925
-0.00550816908111409 0.0121298144503526 -0.782942616461208 0.132567866302749
0.00166665395998603 -0.00433470792512651 -0.158538121612638 0.848368581328638
-0.000746512679698087 -0.0106000200842408 0.573969783007196 0.337827103794671
0.00180198388866853 0.0047932860831365 0.388330276454928 -0.233511380893996
0.00327681528447364 0.00509291108094685 0.028875574700811 -0.308095783494474
-0.0025192011666845 0.00873100130160008 -0.207667162486937 -0.111655338813653
0.00298304355238743 -0.00145781779856778 0.129331125271778 0.0666050006864078
0.0181262983240959 0.000776172740379462 -0.135105000249347 0.134432823506372
0.0234551051870421 -0.000992605784530269 -0.367106452954416 -0.0648960272803103
0.000620871879704464 -0.00745362020770848 -0.135971039811785 -0.548280557476972
-0.0133951239500054 0.00852430626120654 0.586354700829702 -0.416489884435415
-0.0158554485059506 0.00228927095392543 0.67165804963535 0.356736047437757
0.00211842124146444 0.020901092219077 0.179847681809278 0.519731762065434
-0.00659083400498726 0.0143727786442238 0.0667405220939553 -0.0082255898226989
-0.0110223995869027 0.012075340087036 -0.256527599579793 -0.443570780682478
-0.00496624709155684 0.000270922501200529 -0.788182093515976 0.130377715163277
-0.000980299607320094 -0.00755946312010135 -0.165980723476134 0.846859710475252
0.00783715585515434 -0.0143683386269877 0.575005270900798 0.33787829082741
0.0171192073259797 -0.00467150880161774 0.390614381784107 -0.232201970442057
0.0134990712572731 -0.00463121132342737 0.032916432163131 -0.305462455101006
0.00572730396017637 0.00645764110535745 -0.206009485987709 -0.110401853700011
0.0105416691886204 -0.00192461982588713 0.130215588743859 0.0706881909753481
0.0305595722337833 -0.00375817907011258 -0.129415121889003 0.148009295207873
0.0378790888825024 9.15285458538166E-05 -0.367178574852015 -0.0420810598367263
0.00817109636537188 -0.00421274365203845 -0.172138747260174 -0.536540267297971
-0.0134560093251219 0.00255612141068974 0.548911884283187 -0.460979394153392
-0.00789519805435894 -0.0033775627638299 0.685209446826399 0.305319049084142
0.0088170618727821 0.0279180230598349 0.198494892578926 0.506398434279194
-0.0059538699920279 0.0281888409063402 0.0672555958930585 -0.00193146563300764
-0.00269247491792803 0.0152931324280563 -0.239367480637979 -0.455284610227059
-0.00246084681167865 -0.00848883917180826 -0.801559595606379 0.078725516281455
-0.00352039443806719 -0.0115059841352867 -0.226414550355295 0.838322335523112
0.0169602739302019 -0.0160675354439885 0.553881210273758 0.376500914778119
0.0306770370296882 -0.011393321593437 0.408555126481396 -0.206792579567923
0.0228441182332926 -0.0131421431512832 0.0473973296069203 -0.300639009101105
0.0127230248198473 0.00430778546415787 -0.199781584514305 -0.106835064070569
-0.0178955474821657 0.00759563174599192 0.133143835767563 0.0674913858417161
-0.0269542590062952 0.0152269600968544 -0.0812576248461217 0.192046790497754
-0.0399029539446629 0.0196391591332332 -0.343292360268131 0.142621254439455
-0.0239183240820014 0.00321923894501783 -0.381717275993527 -0.346315554753822
0.0109689824050657 0.0237030691016492 0.217242279194111 -0.676316216823349
-0.0100656216943728 0.0359335672248852 0.700485183227643 -0.123347350396409
-0.00832261604843733 0.0102889188728833 0.355572155480863 0.393564157589224
-0.0100287225522619 -0.0203273369701322 0.0835520474351636 0.0417681228508601
-0.0275249306965414 -0.00861282602275557 -0.0680254847039584 -0.504330576147881
-0.0110843457017774 0.0224065228767281 -0.761671299705472 -0.357907345236749
0.015808852657768 0.00991966364358213 -0.639036426945971 0.611102635717783
-0.0156097010588256 -0.000345696007140715 0.307505292285018 0.629342749169471
-0.0459449503093805 0.0177431894604049 0.45687836623284 0.00231657659574749
-0.0313115135896265 0.0228687425977216 0.125971555784326 -0.238241101138644
-0.0286257945947526 0.0159070856218276 -0.164877829088217 -0.0768994236709405
-0.0215870433506755 0.00714175674332779 0.127188233242431 0.0593689765522906
-0.0316651011292787 0.0186328463036353 -0.0952928994356969 0.176280940939976
-0.0437282485623959 0.016934709595307 -0.358279027870665 0.0961591722009211
-0.0250365743646314 -0.00146319431195248 -0.330260611755279 -0.402146720677483
0.00776847032762924 0.0270583229359224 0.318573660197112 -0.638128518092743
-0.0176166424487863 0.0368668690692575 0.721435193129443 -0.0140906883608431
-0.0136230232062834 0.00568496213687547 0.322184243543196 0.429851526681089
-0.011139118788285 -0.0267291497364221 0.0803468177670708 0.0294169287336337
-0.0309538617001942 -0.00771791359282863 -0.116235447633941 -0.496921695306958
-0.0111082802721648 0.026609631919228 -0.790396572052636 -0.234985294797049
0.0150498049526629 0.00845767928006349 -0.527931831678643 0.697097180063842
-0.0196433276494845 0.00115191150010759 0.388514334220836 0.573239573973107
-0.0477444559323828 0.0222248197322757 0.446216709350461 -0.0575101589761578
-0.0310587874903921 0.0276888141233398 0.104312609235959 -0.255794358587628
-0.0294500456442554 0.0173065978427604 -0.171697160424365 -0.0813944465113795
-0.0238761771488473 0.00685514600274506 0.123342137904368 0.0514289610730624
-0.0305994918958331 0.0181834925330368 -0.111659791026438 0.156587613533451
-0.041401194858753 0.0115095184076179 -0.364362737720078 0.0462872760676698
-0.0229452244412673 -0.00641000522547246 -0.269472777696766 -0.456288043865481
0.00205485794822022 0.0286285038713433 0.42067341223624 -0.57992774362132
-0.0251841472957746 0.0319826209758925 0.727214777257652 0.105949850761878
-0.0128358243699225 0.00121669210389152 0.28109782150241 0.461992562829837
-0.00981166544205439 -0.0286158210913823 0.0765582001324508 0.0150516961749512
-0.0315959313813752 -0.00331461273802807 -0.167319253463581 -0.482611291161225
-0.00921978644795733 0.027678804598791 -0.803551380122076 -0.108397814013037
0.0119300076596109 0.00640284907920331 -0.403921614125971 0.768592932104333
-0.0191313614503096 -0.000337820037066741 0.460987952665925 0.500405609148826
-0.0402123791597102 0.0239881053016298 0.429116415924249 -0.116645617739351
-0.0243589910087208 0.0270520372439696 0.0806294730884853 -0.270413455180156
-0.0264426215829217 0.0172558649765294 -0.177974414499034 -0.0850840101701423
-0.0197394463978334 0.005424304167597 0.118161342835639 0.0451170300290638
-0.0247404097867408 0.0131427830045791 -0.122867508410884 0.14054167800268
-0.0300368833898954 0.00295939100772698 -0.366081817655131 -0.00231407054617672
-0.0202107465670959 -0.0104643068237632 -0.202995664948362 -0.496605412754061
-0.00426384281070391 0.0274095740137429 0.506470031889826 -0.508167700407756
-0.0282342221825842 0.0252314922134837 0.717989506341839 0.221353267956976
-0.00996045689254126 0.000302047708054996 0.239782735626845 0.488059869855566
-0.0088006454932412 -0.0236197469801687 0.0729814939997523 0.00156314564590754
-0.0292849279233456 0.00122092242340031 -0.211573178967612 -0.46441134767661
-0.00732483740078241 0.0253786385495909 -0.799674174241928 0.00824949423305208
0.00957550031770897 0.00379101987849984 -0.285566406667618 0.812094325077576
-0.0152754679016845 -0.0025424123640728 0.518597399926958 0.428481031325616
-0.0278531544097846 0.0214989288135693 0.408930873633348 -0.168585658570432
-0.0164653564799539 0.0234507615277517 0.0563091315710942 -0.280944513940889
-0.0209367208882167 0.0152503095690371 -0.183026387577096 -0.0865249055235125
-0.0136886072104048 0.00408366193010657 0.11681209328538 0.0405884697788371
-0.0123340224824672 0.00830520453494684 -0.12887098253407 0.127639810979684
-0.0152744716161403 -0.000598452180402088 -0.361363179266919 -0.0416145837723687
-0.0146078748002176 -0.0112814060937813 -0.149939316640732 -0.522133753626833
-0.00901757982529787 0.0227537287584015 0.564071247282017 -0.445326534196453
-0.0276314774182992 0.0153906924424769 0.697416596356297 0.30929916598766
-0.00620990490773112 0.00387315434526851 0.207995774612963 0.50554022636016
-0.00781625667402522 -0.0137036873311003 0.0702604342767525 -0.00728318500952786
-0.0245124389833841 0.00737304541991852 -0.243969512142452 -0.448381171060469
-0.00513583711761503 0.0201726228278242 -0.789419549537391 0.0949515520557358
0.00543665376629138 -0.000100380619602308 -0.198141407237172 0.835388221810294
-0.00859088621976931 -0.00453928057597494 0.554451688439479 0.366047325699464
-0.0138053057003515 0.0145725323561908 0.388895460209957 -0.204465149180153
-0.00633872636241726 0.0154267784839523 0.0388804245802084 -0.287735256642974
-0.0123582004386943 0.0132876223973375 -0.187486617184774 -0.0858998350709259
-0.00485778768586427 0.000638675223006867 0.115651929487433 0.0389554624257278
0.000747929745864391 0.00319392970260351 -0.131270736566766 0.122702677654209
0.00305940405024599 -0.00204125544599786 -0.356969215218656 -0.0607869054977818
-0.0077595311016391 -0.00935579625137766 -0.124985615099926 -0.536219505905486
-0.0133124340454668 0.0166066525986693 0.589626558691769 -0.407805831293758
-0.0225257482308956 0.00799650099274777 0.682090448999899 0.356102655157061
-0.00159621511199037 0.0117685890683976 0.19117558847204 0.513302539748721
-0.00658794503476746 -0.000182552768582211 0.0681507481056901 -0.0123373300701436
-0.0173166722124968 0.0102531531779668 -0.265100066112301 -0.437580469381242
-0.00559228321056949 0.0122046024722529 -0.780062211813546 0.136572983012392
0.00191636012494116 -0.00330548836904523 -0.152328199182664 0.842099770788953
-0.00139822663470964 -0.00901023415799041 0.566557901904875 0.336238013414011
0.00205293645956449 0.00398945082816256 0.37871247276094 -0.223409606977456
0.00387967295479514 0.0049780922165494 0.0315561630925163 -0.289735327728869
-0.0030323948141282 0.00807848354640577 -0.188439406527833 -0.0850617022702631
0.00283479507943764 -0.00147358742749107 0.116201715598179 0.0415362227329428
0.0171683593891461 -0.00062181239113658 -0.131424179515557 0.125507806073607
0.0206921089042668 -0.00270408713959624 -0.353224448901925 -0.061267524467501
-0.000963048093362609 -0.00659544176273566 -0.130381849068428 -0.537984089771656
-0.0139600973457113 0.0104689064582895 0.584442106984579 -0.413052500642456
-0.0154151221226348 0.00297322777407211 0.678756429487792 0.34999005765294
0.00323808818924634 0.0201265441623723 0.19321068633079 0.512039687946982
-0.00658037724793092 0.0157922712160331 0.0675338931067914 -0.0114109247703913
-0.0088983934757212 0.0135443344294171 -0.264261089757013 -0.439377482336133
-0.00505151584192172 0.00163111382895957 -0.782528581720284 0.135979792001033
-0.00200006240174381 -0.00614342129598169 -0.159870818057679 0.841243975406152
0.00722061515934782 -0.013527855545608 0.565127716675024 0.337688979333661
0.0159332366995426 -0.00564691417967917 0.382909283900493 -0.220609003291324
0.012813902661984 -0.00616324933236196 0.0340213582100767 -0.288977359896303
0.00602957566452788 0.00538837566250099 -0.185962806552133 -0.0830264499451063
0.0124697560768726 -0.00436689037283571 0.116114264526593 0.0476766727601238
0.0299158521836673 -0.0071454130517877 -0.127306146442639 0.136617396213576
0.0359066274212345 -0.0028833460737786 -0.35400647195875 -0.0398974953422386
0.00557699921828338 -0.00400876496463818 -0.166185087103622 -0.528781239234236
-0.0148596644260316 0.00427608696159002 0.547011085669917 -0.454406463631099
-0.0100592594639639 -0.00207862831773134 0.691627694053399 0.298169107519712
0.00717681916046177 0.0293883324505149 0.211061227493269 0.500200134650272
-0.00580926842803638 0.0297453435239185 0.0682887893978454 -0.00533715688490022
-0.00273465706859473 0.0157654597345567 -0.247318486682112 -0.448332646325679
-0.00428546288358445 -0.00655900050452864 -0.797002888486099 0.084027510001359
-0.00478672507699434 -0.00826534969274438 -0.216702871622775 0.831117441012999
0.0143672856668179 -0.0156301435185274 0.546574113269383 0.373506890370877
0.0265904416154318 -0.0132532578814044 0.39831083321515 -0.19902030627388
0.0218036138700758 -0.0161601867529126 0.048666440544342 -0.283964802710861
0.0145284720172589 0.0023741942880571 -0.18063043461809 -0.0812497349905685
-0.017884170677912 0.0138672385435979 0.105616359250638 0.0435746723673046
-0.0245724323311391 0.0196044153540512 -0.0872161278070703 0.176268839860947
-0.0348209140948262 0.0216945709617114 -0.333621207159541 0.130269473061954
-0.0183445509162531 0.00328156262813466 -0.374422481125159 -0.350840579499229
0.0141020630164616 0.0223817929440294 0.213387200038424 -0.671946978638442
-0.00880743469731799 0.0328580276889448 0.695751106805288 -0.128691002025196
-0.00744575725228008 0.00846858096918706 0.363360950474422 0.381489777552119
-0.0107912987125335 -0.022479800854959 0.0827496698056812 0.0393734800705014
-0.0264200855344625 -0.0105390991951028 -0.0822023934828548 -0.495816198677956
-0.0101351866780793 0.019909738780141 -0.769198380612163 -0.347510444570323
0.0178152195580932 0.00794435804624403 -0.635836882829364 0.604970228164867
-0.0107273883973076 -5.85539587768854E-05 0.295924245632567 0.623649528438381
-0.0410562352088 0.0216680276663081 0.439060605323422 0.00960172093773389
-0.0289751113692831 0.0271764482756527 0.125624053194637 -0.220080577280307
-0.0281344409101544 0.022503049344263 -0.134731976834041 -0.0506556130999686
-0.0214140800473683 0.0147173657608412 0.0996391323129541 0.0362593033262321
-0.0280371077046624 0.024088180550692 -0.101438898279297 0.160488149287127
-0.038463405174669 0.0201807496435059 -0.344575755464883 0.0873443077264511
-0.0201029471264223 -0.000232237399573331 -0.320986332436309 -0.40547240621179
0.0116005470522119 0.0247141802106654 0.314550661000166 -0.63533080461692
-0.0150176029116743 0.0333187259659439 0.719712178301064 -0.0226203336213079
-0.0113121173312232 0.00233367026579778 0.329537395377441 0.415588313186643
-0.00995346244255401 -0.0296419439925073 0.079803566933173 0.0259860060935081
-0.0292736906381443 -0.00989466997144882 -0.128052661269895 -0.488186159758686
-0.00871833152367039 0.0229128086316627 -0.793594249267317 -0.22611572518874
0.0178484372915437 0.00747348636258192 -0.525112078279624 0.690771359382976
-0.0140285765505526 0.000163566758883906 0.379157379960435 0.567445581856486
-0.0419082669985997 0.025309545125428 0.431574495025986 -0.0451742110548497
-0.0271928746644084 0.0311099313555603 0.105885142486692 -0.236590725025339
-0.029045450946415 0.0248604529006452 -0.139976559917306 -0.0555863112404413
-0.0231037578341041 0.0139560360017717 0.0954242994730628 0.0282101097175288
-0.0274823207590001 0.0217847212557808 -0.114559858143895 0.144506332812295
-0.0356463582017067 0.0136601648197539 -0.349691580464677 0.0385247346417608
-0.018861893100025 -0.00414402915532093 -0.256473852384602 -0.456453372934719
0.00654924360991603 0.0285351909031464 0.419489964099282 -0.57710246039621
-0.0208536679479095 0.0293473977687299 0.730155031742262 0.0966044893057682
-0.0112395236145458 -0.00098564446928185 0.290575394162 0.449824206067837
-0.00976804815246055 -0.030167027318466 0.0763962740201044 0.0117515465037069
-0.0294076424350908 -0.00608298120206374 -0.178371652259308 -0.474326382562967
-0.00637054868145534 0.0245088526043112 -0.804459863498524 -0.0972903913010047
0.0168060083209696 0.00529981606436371 -0.400217008432184 0.76101976691894
-0.0142747277783681 0.000943671576482273 0.45403710523843 0.499133669934542
-0.0351397710198143 0.0257478687899722 0.417428327376122 -0.104284126087471
-0.0214066119791809 0.0305062777134212 0.0843714935144129 -0.250552458275171
-0.0244223770614322 0.0235856988865472 -0.145556036803641 -0.0588624754456115
-0.0198058298718364 0.0113079166041923 0.091128394997848 0.0203542278112017
-0.0230375975310714 0.0164784060336323 -0.124444042787957 0.128725081847042
-0.0282344080251012 0.00705567888822573 -0.34820800799959 -0.00668776849670387
-0.0169388963060089 -0.00770120088385334 -0.192261512556178 -0.494209184711887
-0.000708082100228038 0.0278129965527401 0.507475783638818 -0.503768215561613
-0.0264603121666811 0.0236978169223845 0.720895398754843 0.211286059871175
-0.00858963819867883 -0.00193695254526453 0.25114903504104 0.474900055972324
-0.00901760076275238 -0.0250902468178468 0.0725298948543275 -0.00169900493542579
-0.0281802823170147 0.000367494333095215 -0.221741989763223 -0.457538858369423
-0.00463326147141873 0.0239699020210422 -0.798744429657623 0.0164070807374395
0.0126362908569993 0.00280855148387374 -0.280282459810076 0.805260591750242
-0.0119646475788859 -9.50405931401006E-05 0.512586978336459 0.42624118865791
-0.0234339742275722 0.0217665852915967 0.39912659261812 -0.153720610306653
-0.0140919814986389 0.025635683461859 0.0631703504703924 -0.260228417835219
-0.0199061751601236 0.0211156128433257 -0.150184663122789 -0.0603986999336453
-0.0137970430901989 0.00667575318687346 0.0899645937880998 0.0158358104708063
-0.0129571510347716 0.00982707600236711 -0.129720656500249 0.117316619185075
-0.0132719776664651 0.000154246222970462 -0.343139375412404 -0.0424180607080253
-0.0118039020684577 -0.00703341821241362 -0.141156038359092 -0.51831001101862
-0.00778944957159797 0.023629355072854 0.564649744230568 -0.44070702518321
-0.0265383986876727 0.0148248232646998 0.704317623520977 0.29934949036165
-0.00547775668889756 0.00251944517882177 0.221236241416066 0.49071907207732
-0.0072248070608375 -0.0137877630601571 0.0688981349010426 -0.012074687457489
-0.0224222397673926 0.00628837103938871 -0.254281123964769 -0.44064630957996
-0.00348448948334602 0.0189736343860298 -0.782330619318292 0.0996881833577963
0.00743828764677291 -0.000885644087171049 -0.191442632004019 0.8253362730025
-0.00767417418740043 -0.0034899533454322 0.546912869653322 0.368067309131664
-0.0114222926827754 0.0134561201594419 0.385261544382364 -0.190149648308173
-0.00489234883265671 0.016804936175075 0.0478456458435712 -0.266497001760092
-0.0115495013347541 0.0159682936451018 -0.152284956538727 -0.0628741888376975
-0.00573044500816584 0.00175997019810646 0.0887729790164367 0.0144323093263644
0.00194263804104188 0.00328668125818539 -0.132845493279169 0.11124816477415
0.00234751244528289 -0.00159132664316259 -0.337891563433771 -0.0612068125975935
-0.00801305015273658 -0.00634119874798728 -0.112312432098171 -0.529502840292993
-0.0111032308696421 0.0172769383497633 0.591356877020121 -0.405119515068135
-0.0217515828190539 0.00814171682821484 0.689237004742667 0.345194631719368
-0.0011473081000994 0.0109154746916085 0.204014013017236 0.500195693784205
-0.00722178517634028 0.000114380524849079 0.0678578884613524 -0.0175603605608754
-0.016870570822312 0.0106192614129563 -0.271094736367827 -0.431976343093343
-0.00355973815130541 0.011273486877574 -0.774843449106872 0.141731899558951
0.0033491039400131 -0.00137265671172888 -0.146917206150506 0.834337123399145
-0.00298989948898486 -0.0076438276573079 0.559573758631875 0.337027000438969
0.00159513146828899 0.00402619582119451 0.374272504965273 -0.209373618986054
0.00370373445819331 0.00582341523630662 0.0402062831328234 -0.269176724045388
-0.00333308319610174 0.0101742396594393 -0.152853413686244 -0.061329363218276
0.00416599959499188 -0.00351464747853698 0.0887595577443215 0.0174882724928524
0.0169857392193685 -0.00328045486422627 -0.133065391556177 0.114490413379389
0.0195128988573389 -0.00319300881782116 -0.335775333720892 -0.0629911874017811
-0.00424771932781145 -0.00527367742062504 -0.118278583965826 -0.529871881354848
-0.0147092882259661 0.0110416392087967 0.585026627483924 -0.405050042757581
-0.0154000215151055 0.00291622230113174 0.687011314371065 0.340496027012916
0.00319048698809295 0.0206351359936736 0.206963255341925 0.497278056851798
-0.00512971259655372 0.0165224670872732 0.0689399356930988 -0.0166391721703597
-0.0075959921338546 0.0148779889492866 -0.271442366214126 -0.43104500888154
-0.00440203606465583 0.00370290493433442 -0.779490741237666 0.140995743025478
-0.00217366226465995 -0.00354068720143725 -0.152402520608272 0.832138925994281
0.00437107590586266 -0.0115616183294214 0.55974774615326 0.33916358867204
0.0122694433464551 -0.00673469271478628 0.378795250511712 -0.205727595937234
0.011952047382194 -0.00674051231184414 0.0442146178713848 -0.268986818976319
0.00542180561901826 0.00452871742283035 -0.150780599319127 -0.0608854872398812
0.012676184345541 -0.00573235168846521 0.0890761434070732 0.0220602546833318
0.0274997608372077 -0.0105030066071315 -0.127764917299877 0.124109270929556
0.0322228473131536 -0.00637143061799412 -0.336969680000305 -0.043609982416199
0.00144486639528294 -0.00358204017516214 -0.153945922606661 -0.520464149552285
-0.0170139312226518 0.00599950829701722 0.546544198471243 -0.448242541696687
-0.00946640655985467 0.000594475871995359 0.699662690350602 0.290259072858579
0.00730621126128785 0.0293756921369474 0.226015101628483 0.484748119686867
-0.00446840711954261 0.0321511690669115 0.0683413408370147 -0.0107338062957937
-0.00363463842888066 0.0186884940004893 -0.255492621956 -0.441810377242108
-0.00363497690377739 -0.00418569991613201 -0.793307067446342 0.091295728134898
-0.00587331322735946 -0.00503701522973829 -0.212770835838176 0.823922549427273
0.010358785150934 -0.0129573262216667 0.536972379289344 0.37554473779064
0.0234359687381626 -0.0153590647313109 0.390595189867434 -0.184140314458136
0.0180649431816458 -0.0182834348337812 0.0573112947655908 -0.264148036671671
0.0121752008468436 -0.00214280663565737 -0.146127772966389 -0.0585842033145547
-0.0159720404040762 0.0199942297072208 0.0623018766645983 0.0298606711079231
-0.0189766015107496 0.0241163632445371 -0.103666236180686 0.163057138595877
-0.0264860467016743 0.0239447806817142 -0.328418359547858 0.111275902088856
-0.0125679877057672 0.00116559175912507 -0.368720340880168 -0.359713765752372
0.0165841996557992 0.0179623815883854 0.207784841296882 -0.666965755628323
-0.00694083952384104 0.0283864236349158 0.690840583245092 -0.135456662140021
-0.00770295587826693 0.00508891767851669 0.365443198527905 0.365036604635018
-0.0110783591624976 -0.0235710856580144 0.0802029234244378 0.0383552689572493
-0.0260792556978087 -0.0135075580820296 -0.0948730423002138 -0.481670463129474
-0.00862222675755236 0.0163204981749642 -0.773113881139575 -0.332653595999186
0.0203632113995888 0.00412971500551339 -0.63741682277229 0.599716883665863
-0.00465472516875551 -0.000660570767142977 0.27891397648141 0.622289572040077
-0.0329657020552994 0.0215697908213258 0.425089719570701 0.02732375364007
-0.0226278335568581 0.0304610777314921 0.133598631352456 -0.200054740203007
-0.0232762795866927 0.0287617788353393 -0.0858440404642405 -0.0364259943234232
-0.0189757875005748 0.0220108234207202 0.0566871563742413 0.022115657737167
-0.0223944299206852 0.0266652128701296 -0.115326859376411 0.148303275525307
-0.0302886208024675 0.0213371839970205 -0.335949296532253 0.069655200579121
-0.0133892445441377 -0.000941679683882085 -0.312337732657711 -0.413816902034128
0.0157956886747645 0.0225861092506084 0.311108435001747 -0.630047149613691
-0.0141449094144903 0.0284090708039066 0.717746877883128 -0.0308382022264694
-0.0102550169269579 -0.0012806233055998 0.334023022271117 0.397704285812787
-0.0103000974480089 -0.0311286652595555 0.0758703929265461 0.0232059248432518
-0.0291118031429436 -0.0138025116171866 -0.138728916862234 -0.473097792874342
-0.00723304366997052 0.0190978312069862 -0.794306237060398 -0.212377695579736
0.0213878534404365 0.00240948139894504 -0.52565752246072 0.684988793724968
-0.00812588815892177 -0.00191431007525446 0.365723755990715 0.57052929833173
-0.0325647914573253 0.0243257342839723 0.423506472009491 -0.0294070379574566
-0.0209591620460082 0.0342469605123304 0.11765300665547 -0.21559438841477
-0.023099301350358 0.0305011968612098 -0.0909625279898604 -0.0406507148702837
-0.0197643390774666 0.0202901531473737 0.0513683753600099 0.0134237068502209
-0.0237211430859306 0.0232746233096068 -0.126205373194968 0.132471797429542
-0.0288211838936452 0.0153929221946246 -0.336319895363039 0.0232455616111673
-0.0137369372841393 -0.0031851381799171 -0.246643406130175 -0.463690957072356
0.010118840215711 0.0260385375262838 0.418937606086964 -0.571314600930523
-0.0191837306473508 0.0255926141089035 0.730750477584595 0.0862190423707715
-0.0103841109218526 -0.00445044909002137 0.297029276421913 0.42921684159373
-0.00974609656500453 -0.0323580971091416 0.0719933897473303 0.0079051463099055
-0.0288108036510411 -0.00947667042700168 -0.18832971084268 -0.461307876473529
-0.00410775668177187 0.0201486733284265 -0.802177978095613 -0.0895492367456148
0.0182707930052917 0.00142699257839661 -0.40001252717947 0.751016008202997
-0.00791492872373183 -0.00123678005474921 0.44522049738227 0.501860661737927
-0.027304727814636 0.0248674729273126 0.414119418380589 -0.0852165389196012
-0.0159595446334246 0.0325541607386689 0.0993977514712748 -0.231145714290057
-0.0208781862361579 0.0294292660918551 -0.0947336876416965 -0.0449389912982354
-0.0180811093260673 0.0163322210395776 0.0492880895426532 0.00628040113013886
-0.0179259125671644 0.0191777394313154 -0.133852416593895 0.117846584877749
-0.0231064485863163 0.00864587798283541 -0.332436522430183 -0.0202113587418174
-0.0116376151795817 -0.00512976943458274 -0.178617895995194 -0.498619385299343
0.0043928078879357 0.0256026282057228 0.508576040755042 -0.498578028683921
-0.0232940023323642 0.0204483458560203 0.723606892190054 0.196752760720008
-0.00738877380007322 -0.00448313637476739 0.260046250588429 0.453334240922089
-0.00881125696171561 -0.0272776646840194 0.069081124996333 -0.00647194825167651
-0.0265731923295017 -0.0026858676649841 -0.230571085160039 -0.444738705936093
-0.00301711821017611 0.019783511638658 -0.792710599469358 0.0241572536791914
0.0163959410152253 -0.000697505018055232 -0.277700728450649 0.795104618228411
-0.00848334658076187 -0.00172578325820138 0.50373547856418 0.433045308866036
-0.0186835105060674 0.0215029283338925 0.399341898569062 -0.134131751671605
-0.0096293893374125 0.0275867988056857 0.0824739856557166 -0.241446558498087
-0.0157527286236749 0.0246285471004403 -0.0991658191984365 -0.0490643897854881
-0.0117439598528005 0.00991527249313209 0.0468606986470759 0.00200813255576324
-0.0113445419629513 0.0109832935505391 -0.137317546450014 0.103669796248879
-0.0115628387139359 0.00250296041738955 -0.322117014171358 -0.054472329743127
-0.0101245385118973 -0.00514737062671216 -0.122139817972917 -0.518121932255507
-0.0047256935836346 0.0229164554807306 0.568951629196502 -0.436958064289139
-0.0231169381908153 0.0135105032248546 0.707863201704076 0.282940700829904
-0.0034200519049651 0.00157789270635257 0.231200851293189 0.469303577366381
-0.00667283704781476 -0.015849306203812 0.0662645772408536 -0.0174129803387641
-0.020844052489876 0.00276971012520205 -0.26101461298991 -0.430537364445742
-0.000870351150813565 0.0162726094642516 -0.776850325926497 0.105689249424049
0.00996687068768659 -0.000757247871613205 -0.185559224539123 0.815564593762464
-0.00490957636594382 -0.00323319114322232 0.541450171725829 0.372462717369521
-0.00872325568256633 0.0131431680911682 0.385627130039227 -0.171206641509831
-0.0028194269464334 0.0165217604696751 0.0689514725345657 -0.248319387233649
-0.00988719260093549 0.0191881318814289 -0.101869868025773 -0.0504113664431928
-0.00373194488417341 0.0040720229661954 0.0456699773570147 -0.000195629233660573
0.001057795676584 0.00343117783172616 -0.138974018292339 0.0998536053587118
0.00133930547475317 -0.00269834055896749 -0.317449101887421 -0.0711056715708787
-0.00905636990116276 -0.00392387432289104 -0.0961713002755232 -0.529074922380857
-0.0100802144816826 0.019557966990168 0.596853439638053 -0.400751234168901
-0.0203685052999685 0.00894421502237859 0.696819186941544 0.329005442518559
-0.000294492434781679 0.0102252864375642 0.215612985004463 0.476840680327945
-0.00509485303570138 -0.000281451512455516 0.0638579925026779 -0.0233860636893536
-0.0146158648500899 0.010743732101836 -0.277826123600778 -0.420199451230351
-0.00310601327095995 0.0114946953368083 -0.768015980863865 0.145952908670427
0.00363994596917129 -0.000595249341371562 -0.141540654509718 0.823788144926801
-0.00169090210974625 -0.00488482560237531 0.55750375522615 0.343524809272467
0.00116583884209188 0.00362523318209502 0.376855570890001 -0.189947324524464
0.00427271652545669 0.00358005761858262 0.0628933616060533 -0.250278661328192
-0.00245714613171359 0.0109202702881325 -0.102255691922975 -0.0514504542931423
0.00456074981767006 -0.00341159413597152 0.0448413093035669 0.00202697449182467
0.0138509187817529 -0.00595093975340091 -0.14064120434501 0.10216208807268
0.0151073639932433 -0.00464759689161406 -0.316608583500786 -0.0727170904081161
-0.00638273254269032 -0.00195122395267103 -0.101410193439342 -0.529064762643987
-0.0137968680344112 0.0136576375128752 0.589925932503588 -0.402307296047747
-0.016249241896042 0.00396751865337658 0.695226817575835 0.325526905329994
0.00359994343889735 0.0218932137419274 0.217845000206606 0.473116977936076
-0.00385585208571747 0.0181961787656782 0.0646190498645184 -0.0227590361869026
-0.00699172904405334 0.016337648833689 -0.276913925046515 -0.422162427455259
-0.00187812135158296 0.00531780685331121 -0.769589196477851 0.14397584095832
-0.00150069756771851 -0.0014660222653365 -0.149628203939334 0.821725248835027
0.00187773042869392 -0.00772569577164708 0.555719281612731 0.345333140604576
0.00958521457298457 -0.00607024722152035 0.379078830168265 -0.187089678847919
0.00966203638794971 -0.00832079030889309 0.0652773102332497 -0.251492612048033
0.00502711384374066 0.00258296163453868 -0.0996174874675881 -0.0506017006518207
0.0123597240237938 -0.00959722639943095 0.0451278832496746 0.00733923217356116
0.0229220588632029 -0.0128640723134543 -0.136904602523051 0.111708028109826
0.0256845313462821 -0.00863550007026138 -0.320659085702967 -0.0555745690378194
-0.0030114310949719 -0.00115298707058648 -0.138647823167354 -0.521148508986286
-0.0165927332013884 0.00984448865236306 0.553016242918644 -0.445041814937945
-0.0106336104695048 0.00281820892189015 0.706233644818475 0.273312337384868
0.00766992936064356 0.0326920447512805 0.2357845793069 0.462641092493965
-0.00257187176930118 0.0337816923304431 0.0665561204364726 -0.0165375223986556
-0.000255949846701648 0.0218975038029869 -0.261885376853639 -0.430789351359252
-0.00316549166313863 -0.000109818479808826 -0.786251995870002 0.0973094289232222
-0.00611395355588846 -0.00137117334747065 -0.20922290908253 0.813553099068217
0.00636849741113783 -0.00890994590928033 0.533871839485115 0.383291665028125
0.0177696230007896 -0.0147477504456223 0.391044958501556 -0.167374553612252
0.0140965749607392 -0.0191422054743451 0.0760119061633139 -0.246607912125197
0.00967190349418598 -0.00406387794154684 -0.095294177782928 -0.0478940787926196
-0.00839290472227151 0.0258662470564031 0.0105788060006024 0.0414657285335901
-0.011747255767526 0.0240057116392454 -0.128413305137853 0.159533767466428
-0.0175294888645286 0.0205060704285087 -0.335950813882938 0.0913899019607297
-0.00742499524735849 -0.00376872257011777 -0.368552849618242 -0.372466964618349
0.0171544350382623 0.0119809471383233 0.206013096349006 -0.661280589909837
-0.00918569168381923 0.0235842042921055 0.683676324768705 -0.141845214418923
-0.00905448384166633 0.00135807381067302 0.362895369151077 0.346227960965323
-0.0122500204514189 -0.0251160121662756 0.0765374476165277 0.0373560739718547
-0.0275780064936159 -0.01471918191828 -0.0987637953913946 -0.458142226799301
-0.0100188241394719 0.0122428922145893 -0.768376651230159 -0.314162846449321
0.0201893085992121 -0.000773339845442751 -0.6444070215509 0.597619293799715
0.000285740839031694 -0.00703880804692008 0.264121679745158 0.631745071924237
-0.0230686833017135 0.0174433298194067 0.420562651219501 0.0484141656654219
-0.0146592972983909 0.0307762240015772 0.155298634424201 -0.184045399280045
-0.014966872892173 0.0347179342734285 -0.0281033606162503 -0.0481732590633436
-0.0102416254267446 0.0276323120353345 0.00403309070347535 0.0320979763701517
-0.0167820912454864 0.0270375706617363 -0.13795514473828 0.142303763101306
-0.0205378651236899 0.0184172821958662 -0.336184291159348 0.0456483093992462
-0.00614138745629165 -0.00576110151103053 -0.309305745225215 -0.427955909530315
0.0171016615146756 0.0160439146357863 0.312582435662764 -0.627852825319766
-0.0147820843378471 0.0229413659013302 0.711506814570907 -0.0428820824562985
-0.0112593933697145 -0.00452116803256501 0.3299594590498 0.376948450929825
-0.012467435146098 -0.0338041135243786 0.0714669800101802 0.0222039575078141
-0.0297872324984106 -0.0164443401380963 -0.14300329187987 -0.453047368008529
-0.0077364024007492 0.0141279215400619 -0.790491946655136 -0.198223448042451
0.0217784353771006 -0.00251561624330058 -0.529453151747848 0.680716263252574
-0.00163793853322833 -0.00713258666373137 0.3529533355217 0.582274037728109
-0.023173621784658 0.0199627001793171 0.423159208392136 -0.00503122489321659
-0.0138319800868871 0.0331918396881419 0.142427193043878 -0.201536496917009
-0.0148926325922717 0.0366858963279621 -0.0320133368396812 -0.0539850791544416
-0.0119410812687967 0.0265674481016163 6.50514947891412E-05 0.0238303464351781
-0.0161674362975641 0.0246614629073792 -0.144912560699705 0.125512271150388
-0.0202452908485202 0.014154420817391 -0.333011463355162 -0.00220535744955105
-0.00634913759778487 -0.00623944024285788 -0.237114412567144 -0.477086538526754
0.0128849562140205 0.0200896055848472 0.419767412625494 -0.570115948291638
-0.0197568121178644 0.0199144189037822 0.72486494957315 0.0699116217281212
-0.0114672652972539 -0.00775315344994055 0.293538976901715 0.406304487505105
-0.0121339741871632 -0.0345809983362998 0.0685346919120357 0.00513091319574176
-0.0295408088215955 -0.013345973773877 -0.191781058991268 -0.441667050261672
-0.00554870394042852 0.0149479978005318 -0.795397817592503 -0.0778765064337762
0.0210738482326728 -0.00413443617885293 -0.402827694076457 0.746141313586035
-0.00396455831018954 -0.00629767732795204 0.437812806908954 0.514119867158902
-0.0190776092420346 0.0213131887586681 0.420788739514986 -0.0649464439977548
-0.0089615412559861 0.0323796045225404 0.127440226531578 -0.218805275358712
-0.0126303992800385 0.0339323190418261 -0.0355854472720719 -0.0596130622910433
-0.01150146695022 0.0204176423424766 -0.00436803898306412 0.016282520057362
-0.0127984075331196 0.019831002444812 -0.14855424580209 0.110368438255664
-0.0154441322173213 0.00862657249215266 -0.322557287402153 -0.0440776360266842
-0.00619294045802516 -0.00521750099660146 -0.165662477730928 -0.510661797543362
0.00758440845003669 0.0223983020911562 0.512761692423187 -0.500727108333764
-0.0226877642771322 0.0149448780458247 0.719471906454239 0.177082348232587
-0.00807226360348557 -0.00792677468606036 0.257853982439955 0.427413436995351
-0.00937530041366168 -0.0291850189210164 0.0640595056285643 -0.00998889983874741
-0.0269595570392908 -0.00496645426464266 -0.231282872572868 -0.427445588472492
-0.00215949123433197 0.0139023033939824 -0.78549980273267 0.0299460169770526
0.0171460711578899 -0.00440833293914369 -0.278913376710126 0.787371635319463
-0.00426564940015784 -0.00429110257265921 0.50199445657634 0.44112420982077
-0.0139261803971325 0.0179334717901753 0.410460207758423 -0.114308717745161
-0.00460897172593908 0.0249981037654001 0.112801536789504 -0.232533753772471
-0.00916793099884176 0.0283982175990797 -0.0420482297613275 -0.0643346899578553
-0.00653401172464783 0.0122909985328739 -0.00581852056297903 0.0124148282396296
-0.00846769621776646 0.0112382347191897 -0.152530767048396 0.0985436760761738
-0.00791838967942136 0.00227849887169229 -0.311252252921149 -0.073289567140822
-0.00608012649388956 -0.00351291316568975 -0.108734132357283 -0.531400962645312
0.0001467256648558 0.0224770517173022 0.575954937357671 -0.43723115404881
-0.022383281183377 0.00938982842456927 0.706929623394507 0.263101780099228
-0.00273985675088188 -0.00193947426300701 0.229460106194071 0.442019838025321
-0.00698395872929227 -0.017096579608761 0.0602887558515944 -0.0222293771954438
-0.0203463746991008 0.000923727636198424 -0.262203745847443 -0.414889736263397
-0.000452269072278891 0.0130234086738023 -0.769514953002236 0.109258444727295
0.0126662097984455 -0.0044692350969194 -0.188472348109087 0.809102141279015
-0.00275651945279391 -0.00289844584042966 0.54370494318369 0.380286720827946
-0.00627083033684534 0.0104172061850262 0.399684513711223 -0.153303571152593
0.00029695848337929 0.0147314138885886 0.101191566994734 -0.242093344009507
-0.00543422248908545 0.0211819170086112 -0.0431467361922418 -0.06721726886824
-0.00189927793467489 0.00372134153177293 -0.00639551894722598 0.00882301014157772
0.0013061825878754 0.00212513055445097 -0.153365945274644 0.0927696113502437
0.00197191126788565 -0.000868728899343529 -0.304055947307322 -0.0914472522242255
-0.00561839209377066 -0.000318042539366046 -0.0796101339767129 -0.539274437697156
-0.00641565332009081 0.0202852264097957 0.602982268209666 -0.399406863747866
-0.0186592100379547 0.00694060846905549 0.696186170440546 0.306624412407815
0.00105211431007336 0.00948759682303066 0.215056610589763 0.446345248646266
-0.00351702459219221 -0.000903785208365704 0.0578315037630197 -0.0289099103098608
-0.0128759121915026 0.00945540937930264 -0.280208511338106 -0.404108142094468
0.000213846476515076 0.0101832772225764 -0.75897062621954 0.149243749236207
0.00806042430230938 -0.001837968930618 -0.141250080833858 0.813113599578641
-0.00150339687016179 -0.00251947726176576 0.556256757206524 0.352699096446606
-0.000471067516644332 0.00353748485311172 0.391423786120243 -0.173691424966682
0.00425038991540501 0.00464615177006869 0.0953920824146189 -0.246714241605512
-0.000985811231654382 0.0111384485119188 -0.0440704860756042 -0.0689047979585298
0.00493647029788155 -0.00678831589215964 -0.0066520984333573 0.011006039047511
0.00923714912041876 -0.005928722244865 -0.153278948562126 0.0948856152939013
0.0104596334833686 -0.00399801758265914 -0.302728711702391 -0.0924774062401521
-0.00645222317465148 0.00184243085752812 -0.0861207265338291 -0.539413664483819
-0.0122956715859867 0.0154635298723823 0.59987407326285 -0.403481172512131
-0.0158495536811957 0.00566254626106005 0.695221835619797 0.301665286071421
0.00620650872042754 0.021810679790939 0.217247886820633 0.445190472717054
-0.000893389296075466 0.0189354303282421 0.05955927291442 -0.0291770528318547
-0.00486844757280571 0.0171612214951987 -0.279468082879484 -0.407891205206532
-0.000484706917183357 0.00704798823732952 -0.762292041678481 0.146545195321279
0.00179076328974305 0.00127924102071632 -0.149792784095169 0.811848526495655
0.00167766378262738 -0.0021882370211757 0.556261592639083 0.354331911527172
0.00617151259731425 -0.00471371116368887 0.39409880235601 -0.16918228785954
0.00644945921462361 -0.00770224237826066 0.0964398482957417 -0.246079647424737
0.00203544879529463 0.00206140942533029 -0.0417523507334786 -0.0684741298652236
0.00942397573116832 -0.0143667640148741 -0.00808663064209085 0.0166532764831283
0.0170595043921103 -0.0141667642155508 -0.153216536399451 0.103950704976544
0.01961955281236 -0.00640872241079126 -0.310953641725783 -0.0754165456091914
-0.00594279114953701 0.00533294381040661 -0.124731944888285 -0.531038370979227
-0.0163745753172152 0.012536730620498 0.559615714891138 -0.445525625116747
-0.0104207438345642 0.00602228615637079 0.703926966044277 0.252167004445971
0.00976575886407029 0.0353523989711302 0.234951874495033 0.435850700513532
0.00104751527159952 0.0352409990316239 0.0609157875650447 -0.0226844170290551
0.00200021711221657 0.0243480692337169 -0.264360416277066 -0.415809914657913
0.000454268535064993 0.0027096465900177 -0.778977979662585 0.0992730732623916
-0.00240698317904878 0.00293140008478698 -0.208826442123548 0.808174307607257
0.00462163141752857 -0.00131979713295471 0.531007187440724 0.39376579720456
0.0108829632406451 -0.0106733150665046 0.401147591502183 -0.14759147284164
0.00908238159524116 -0.018696374781413 0.105683207014179 -0.240525050854148
0.0047376863521901 -0.00567303785753754 -0.0362376080188005 -0.0668387321871282
